<?xml version="1.0"?>
<opencv_storage>
<filter_type>2</filter_type>
<only_luma>0</only_luma>
<r1>1</r1>
<r2>5</r2>
<L2_diff>1.</L2_diff>
<test_img type_id="opencv-matrix">
  <rows>128</rows>
  <cols>256</cols>
  <dt>"3u"</dt>
  <data>
    186 67 170 147 162 123 16 94 248 251 131 248 231 1 216 92 190 204 2
    90 88 184 19 102 75 59 0 146 219 178 97 109 137 13 117 199 250 60
    151 133 217 215 109 167 115 240 181 220 102 187 192 49 21 171 32 62
    11 213 217 177 61 155 217 129 46 183 2 50 249 230 46 35 51 84 237
    194 230 40 128 167 94 184 114 184 162 46 87 163 134 70 43 53 15 122
    85 153 32 168 202 208 217 182 127 123 255 20 146 56 78 188 86 94 57
    11 67 88 125 221 119 182 102 203 175 106 164 176 145 181 252 9 209
    46 16 240 28 240 218 169 77 83 23 109 53 47 201 4 183 242 241 92 62
    85 253 57 13 181 63 160 221 223 239 67 179 154 185 53 45 119 1 156
    21 42 81 201 252 207 228 138 120 13 155 251 55 252 123 225 177 160
    230 14 255 170 93 163 39 103 253 197 109 77 206 131 37 175 209 83 55
    164 215 206 217 145 190 123 166 187 211 108 140 199 175 151 118 255
    4 12 221 116 30 40 254 216 108 62 38 36 148 37 162 2 167 179 87 145
    217 84 141 152 83 46 173 67 61 152 9 0 16 16 227 134 123 30 14 136
    109 31 105 241 229 190 4 237 167 160 118 212 81 36 179 99 48 69 1 98
    183 126 76 57 103 55 16 168 197 73 248 119 96 99 174 86 187 61 52
    188 6 33 253 58 180 209 163 216 35 160 254 4 165 33 145 204 44 7 33
    66 43 139 67 133 87 111 42 123 101 108 90 104 230 229 189 7 158 92
    30 134 157 153 100 221 54 86 7 245 84 134 154 198 102 130 67 224 250
    104 193 133 119 181 37 228 176 151 163 240 54 2 154 91 106 8 131 231
    159 50 73 210 44 186 16 227 32 68 101 147 145 118 93 139 155 77 30
    203 213 5 124 111 138 63 124 221 177 153 126 114 187 168 183 143 165
    230 120 192 179 82 227 107 165 59 142 156 62 18 217 12 198 61 155
    151 204 115 35 5 171 87 98 155 146 43 207 89 242 231 140 95 100 148
    216 20 63 161 28 83 148 162 49 28 48 230 211 254 126 158 114 39 166
    74 227 229 126 234 217 53 28 255 32 4 185 59 14 8 21 221 46 192 75
    138 78 105 252 99 94 231 226 132 124 171 109 81 59 94 250 107 236
    230 179 177 228 144 29 96 162 28 158 100 39 53 82 108 25 62 239 67
    155 141 141 21 95 15 80 216 16 206 89 78 231 90 229 209 15 72 240 87
    75 198 123 106 228 75 64 208 168 104 58 244 120 232 10 108 239 138
    176 210 6 44 54 162 200 59 237 186 140 82 231 30 21 120 173 79 172
    142 89 53 144 221 67 193 132 79 129 5 68 192 178 101 164 112 104 79
    255 42 158 120 129 33 144 202 71 73 76 82 17 26 56 76 68 223 66 222
    51 61 153 166 185 237 187 19 174 135 90 204 249 135 246 4 129 231
    167 252 90 252 164 194 217 224 47 167 217 185 249 85 195 244 38 133
    96 46 137 187 246 164 9 75 217 231 144 71 176 229 124 100 211 33 106
    133 93 203 152 93 34 194 223 99 38 237 241 127 65 116 92 27 80 185
    162 226 21 132 61 253 16 9 108 99 177 214 59 90 191 28 85 88 20 76
    242 207 191 7 119 65 61 97 76 80 130 232 20 242 35 59 151 0 105 10
    36 226 214 169 216 13 205 76 25 75 55 153 144 67 212 91 66 212 110
    97 203 46 180 47 134 210 146 21 93 104 98 108 14 158 2 38 204 193
    197 93 111 104 187 153 5 205 244 16 246 142 39 54 7 17 208 248 115
    26 243 91 115 173 77 118 132 133 147 25 18 206 153 58 63 65 238 3
    157 107 222 153 126 179 192 157 111 78 40 128 172 186 50 6 52 150
    198 232 192 167 166 64 239 209 91 35 223 20 72 84 92 194 13 120 40
    222 17 73 174 51 223 163 173 181 97 70 38 205 142 117 194 202 131 97
    240 99 76 14 245 136 65 144 183 163 174 20 195 94 14 118 50 106 64
    121 246 162 94 170 63 236 213 32 136 116 110 211 134 131 176 134 26
    80 195 128 250 135 157 248 62 21 32 197 25 249 207 86 183 73 195 21
    59 158 90 31 50 146 90 114 171 152 200 6 214 37 217 127 63 62 91 158
    3 208 29 78 35 227 231 70 112 161 66 139 233 208 90 180 196 75 184
    210 41 100 160 180 224 122 109 63 34 135 19 189 216 48 229 94 77 44
    89 83 113 8 150 152 133 13 194 215 83 22 129 56 145 97 83 216 235
    237 118 99 232 130 66 231 75 172 196 24 149 109 6 245 182 143 80 118
    164 58 19 155 189 44 139 252 27 152 161 96 89 189 172 207 251 72 148
    24 23 174 43 53 154 110 134 47 252 90 123 115 117 1 27 233 190 101
    101 176 169 84 28 22 93 145 125 10 45 144 114 235 137 70 122 157 77
    4 22 104 91 100 46 212 104 54 243 121 201 210 227 194 151 197 34 197
    143 18 235 202 211 133 183 173 147 203 158 221 193 153 143 58 146 89
    121 119 166 146 24 76 87 16 97 212 243 237 79 108 95 226 227 232 204
    212 218 95 114 161 225 62 138 30 65 62 165 181 74 14 36 103 35 59 74
    221 252 79 102 51 3 72 136 56 171 208 192 187 217 76 33 31 182 50
    125 239 203 84 122 174 132 102 195 141 232 194 244 221 78 186 127
    147 247 130 119 104 161 228 33 94 253 213 169 105 32 87 238 234 57
    120 87 48 44 205 192 104 106 188 148 243 223 16 87 124 19 76 2 162
    158 115 194 208 28 245 74 123 183 119 11 10 191 150 86 9 37 89 108 4
    103 252 221 227 193 191 234 168 214 152 201 102 62 247 113 138 220
    97 255 198 183 149 54 68 201 74 9 167 182 107 229 127 119 243 97 43
    239 114 73 65 21 140 51 239 126 233 169 87 218 2 230 143 113 185 190
    202 115 101 131 83 131 102 69 55 11 162 147 114 51 128 188 79 161 30
    153 102 184 207 196 7 60 2 202 43 3 224 13 137 239 114 95 235 200 74
    229 112 180 2 87 32 149 203 55 97 93 223 239 240 49 208 232 154 138
    29 78 179 77 106 167 193 55 0 121 189 63 105 34 67 192 155 72 148
    230 74 107 116 26 237 140 216 4 21 125 239 78 130 253 151 215 185
    185 130 210 159 107 133 132 190 116 24 22 201 25 94 157 131 230 137
    175 34 202 94 106 124 25 118 40 36 29 34 13 208 124 178 231 212 156
    41 87 193 99 32 88 110 109 220 208 255 2 117 58 5 252 4 24 131 155
    146 243 199 130 101 122 188 102 181 236 94 92 197 68 106 77 26 179
    204 60 189 42 186 23 201 29 69 195 63 30 177 126 222 217 121 168 147
    80 128 220 247 192 184 27 151 245 114 34 7 213 129 160 206 236 148
    208 118 110 188 47 92 221 97 5 114 150 91 214 15 26 8 70 204 158 243
    159 77 72 10 110 173 54 107 68 231 62 157 153 216 151 169 84 128 212
    118 23 151 14 107 124 20 228 188 56 101 41 39 61 85 182 105 199 183
    18 220 29 242 72 62 234 75 6 39 189 139 150 144 146 79 70 127 15 54
    168 186 54 138 150 168 22 116 159 213 5 159 4 135 138 130 15 217 208
    95 250 204 96 243 129 187 124 239 150 63 35 160 218 159 29 193 190
    88 233 33 72 117 117 50 84 224 139 34 83 135 209 54 89 113 113 2 88
    102 83 73 27 136 220 143 23 181 255 212 173 58 47 153 133 166 168 22
    237 158 66 130 216 217 91 164 47 213 77 75 16 46 110 168 111 8 20 79
    60 178 176 20 10 39 71 109 139 176 102 40 9 163 117 206 71 85 9 141
    137 222 5 171 211 162 196 247 110 253 106 216 71 71 133 178 87 121
    27 168 80 179 133 2 121 46 69 17 81 193 229 23 228 43 106 228 247 96
    103 191 169 183 209 118 7 18 106 98 198 254 14 136 96 165 69 255 227
    204 60 30 249 118 3 253 223 83 190 213 179 132 25 149 198 181 162
    144 64 79 246 174 151 72 70 35 250 41 164 93 8 36 96 203 154 184 118
    24 67 66 36 65 34 145 64 223 164 18 47 151 67 250 229 106 192 184
    219 45 229 185 240 161 188 7 30 47 82 78 119 24 81 135 209 251 220
    62 44 186 170 221 94 238 115 92 204 240 203 1 48 127 241 43 8 139 44
    234 244 90 22 129 198 11 45 85 74 166 55 242 85 215 73 234 208 42
    245 245 138 167 131 87 91 81 103 46 30 148 193 70 93 247 56 80 34
    173 98 102 4 246 247 1 198 25 24 198 216 70 139 56 249 177 22 129
    130 43 210 12 4 236 52 233 252 138 193 148 186 228 119 222 22 49 41
    24 3 168 188 27 40 156 130 98 123 50 59 164 85 117 161 66 84 119 219
    225 117 14 1 176 142 87 113 10 232 239 231 3 209 121 14 173 41 61
    229 209 31 30 131 70 20 54 240 178 130 83 152 213 206 139 193 106 17
    148 114 203 8 74 113 145 168 91 79 59 110 79 237 220 144 52 146 188
    113 86 182 45 69 103 56 193 254 172 114 202 152 119 65 159 17 172
    135 252 62 38 117 191 50 110 129 54 231 136 162 118 183 143 254 42
    171 54 153 230 146 194 107 175 232 252 189 153 240 108 109 33 157 47
    141 131 135 219 250 172 9 33 124 18 173 158 148 58 118 237 170 121
    144 99 90 211 204 73 116 172 110 171 60 75 32 151 247 205 92 174 242
    68 156 61 71 91 103 231 219 169 141 124 240 191 130 123 249 98 45
    152 160 103 24 138 44 146 248 232 137 143 250 88 66 19 237 75 183 9
    60 169 133 157 195 201 218 166 101 199 79 72 204 28 226 56 190 52 75
    166 248 170 64 214 159 157 238 84 164 87 43 58 175 8 78 204 232 103
    225 11 184 245 50 186 234 14 209 190 193 139 20 93 66 222 97 170 8
    40 71 125 160 167 115 168 2 96 51 8 25 70 250 99 205 52 253 48 47
    140 181 204 64 19 96 107 45 16 117 220 151 177 6 221 170 82 225 10
    215 46 240 109 36 243 244 6 108 81 16 32 188 246 114 64 164 22 68
    241 167 162 69 114 141 162 173 29 109 161 39 86 241 3 148 31 225 19
    41 61 64 255 72 65 135 168 158 211 196 171 230 31 213 154 225 101
    212 199 10 203 53 146 170 9 220 236 35 111 243 246 131 175 201 240
    58 125 118 111 21 83 211 23 107 192 163 221 227 131 62 21 81 115 60
    53 137 166 125 98 137 58 166 87 181 96 90 52 152 130 119 120 30 102
    88 130 179 49 37 237 25 19 31 199 5 42 183 156 97 251 185 228 51 147
    81 72 198 70 118 222 99 68 216 238 153 158 251 138 218 2 109 227 217
    149 200 116 13 176 185 22 56 35 200 14 58 139 65 250 90 105 2 161 86
    97 169 72 78 67 142 55 35 223 61 150 18 211 49 211 55 88 177 119 151
    70 96 12 79 151 73 210 243 202 212 124 137 66 132 80 159 161 169 219
    93 221 85 74 238 84 219 130 162 241 16 173 52 247 221 53 61 8 228
    206 83 71 87 151 97 4 11 104 234 180 192 241 88 254 247 145 166 130
    34 93 98 175 69 128 235 61 250 104 219 144 240 64 188 195 27 197 255
    121 4 250 170 20 63 76 167 202 188 23 145 124 199 224 160 181 170 35
    250 224 64 245 134 172 165 91 7 35 254 216 162 67 17 129 192 54 30
    31 52 18 195 220 139 203 161 8 122 87 81 125 27 121 102 25 76 0 1 14
    86 246 124 186 79 81 227 152 159 245 154 32 18 39 109 65 102 173 107
    241 1 41 207 205 234 19 78 32 120 234 233 210 177 51 171 197 55 76
    195 234 212 10 82 123 0 187 55 121 100 81 20 198 172 218 108 245 50
    201 57 223 135 106 92 242 195 158 126 12 83 38 90 89 10 90 226 60 69
    215 196 24 46 114 245 35 93 18 21 20 143 92 174 174 84 77 69 163 111
    171 172 62 120 47 175 143 129 13 130 135 185 179 97 108 189 26 64
    250 118 158 116 166 26 227 139 219 159 29 26 97 148 133 128 11 121
    203 66 196 53 24 58 213 140 190 253 214 181 168 210 217 72 162 126
    166 92 49 166 252 97 104 172 10 64 37 248 179 45 222 50 51 137 8 128
    159 233 68 170 193 149 82 79 177 103 191 128 0 37 14 86 93 191 181
    108 64 115 112 11 171 60 33 181 109 68 239 142 72 223 70 59 72 191
    112 246 125 166 147 70 70 22 228 218 169 115 48 81 254 7 121 235 77
    148 14 87 162 31 54 5 68 144 162 47 163 167 237 31 143 220 106 126
    210 12 159 49 19 137 112 132 128 17 51 5 185 254 176 194 194 64 253
    249 55 57 121 80 236 189 208 84 157 11 183 180 77 99 134 30 56 186
    215 224 68 173 210 102 33 185 0 219 196 139 115 192 231 46 43 77 80
    192 75 196 11 100 217 20 81 38 61 231 165 148 91 168 18 28 231 74 96
    118 146 72 204 46 194 227 195 146 66 104 218 166 52 180 105 33 85 11
    106 137 213 252 215 162 142 0 226 248 161 126 230 111 187 197 240
    148 254 9 103 43 89 190 211 160 78 107 223 100 198 77 96 235 177 5
    98 197 4 63 214 96 40 215 32 196 204 102 60 109 92 72 129 74 78 247
    153 64 201 131 24 197 79 7 8 147 9 99 181 236 74 136 45 10 12 69 60
    33 165 247 224 66 6 25 100 134 96 203 234 46 158 80 196 48 32 83 57
    231 134 224 140 215 82 96 135 215 197 81 189 186 180 227 127 74 21
    37 111 124 180 232 23 152 114 46 227 76 156 184 96 77 190 168 30 70
    0 237 62 122 36 82 27 179 199 91 60 29 93 91 129 135 181 62 159 1
    214 79 106 239 236 139 67 110 88 0 254 100 69 200 162 236 155 147
    254 5 32 220 34 178 251 155 67 161 139 9 121 169 144 141 1 11 57 111
    149 2 2 158 140 133 153 89 152 109 81 245 193 248 218 161 167 250 34
    30 3 148 89 200 52 74 179 233 248 100 199 219 27 103 125 173 247 12
    138 162 131 119 109 221 136 79 89 234 177 146 111 218 154 185 229 34
    23 250 119 228 188 217 230 71 136 1 9 168 223 23 35 114 107 128 109
    146 25 167 243 193 250 135 72 178 163 13 5 102 235 249 119 224 26
    204 24 182 125 213 247 247 40 202 149 217 77 218 84 221 227 73 174
    153 219 172 223 84 123 86 129 23 36 165 17 178 27 125 52 98 68 131
    192 192 195 150 63 135 186 133 176 156 74 62 137 254 127 218 154 160
    141 160 160 236 107 148 205 18 202 95 56 80 138 171 48 68 24 139 253
    176 121 191 185 179 87 183 181 220 33 64 177 249 1 244 222 226 98
    116 114 11 217 154 152 37 210 173 88 218 79 37 210 45 197 250 207
    152 72 231 3 33 12 50 127 11 66 141 74 180 207 27 238 157 6 0 212 78
    223 23 234 122 103 16 178 136 79 175 214 123 174 190 45 13 95 96 111
    41 202 20 199 124 176 21 181 210 71 170 197 145 221 180 94 158 161
    28 99 247 19 87 35 155 147 4 160 127 208 172 162 252 79 206 33 74 69
    193 135 58 143 86 233 120 222 175 137 3 186 180 69 47 228 63 209 122
    109 230 212 126 41 70 89 13 74 63 179 130 254 224 161 188 232 5 149
    229 214 121 30 132 147 186 153 28 99 95 115 99 130 4 126 253 89 215
    24 15 237 172 247 94 213 53 131 178 136 236 115 170 208 36 147 31
    189 97 118 87 121 69 141 118 97 216 249 232 184 44 69 99 108 160 50
    196 248 159 219 184 117 199 186 131 27 146 123 129 53 181 182 116 29
    88 209 164 203 141 145 157 146 167 77 158 216 6 144 124 32 57 240 24
    132 249 35 103 67 175 144 80 23 37 239 134 117 116 120 119 142 224
    97 195 58 245 117 194 122 52 46 125 151 166 177 152 137 168 233 106
    135 120 22 79 104 190 98 160 243 1 199 91 76 107 219 9 87 24 196 157
    39 153 10 78 101 24 58 55 29 154 60 196 109 48 168 84 99 87 106 154
    236 151 103 227 200 115 157 138 117 135 169 104 28 100 55 218 135
    226 66 26 79 191 11 63 40 82 89 183 44 171 61 233 56 161 58 103 108
    114 152 131 196 151 226 68 238 253 98 10 188 134 111 0 184 111 204
    119 83 171 228 123 32 128 200 74 109 148 101 117 167 179 181 69 186
    18 131 109 253 241 187 6 166 98 97 1 197 201 85 212 194 191 50 249
    76 50 201 74 162 56 170 172 128 73 240 186 141 6 191 247 42 217 248
    118 216 31 72 243 21 78 168 238 137 71 218 227 190 233 85 138 151
    123 117 19 0 180 176 105 43 169 97 213 109 150 78 202 185 120 252
    182 143 123 65 122 118 4 250 186 184 131 21 221 95 205 95 84 36 88
    238 192 148 16 19 152 118 140 170 127 50 62 125 101 99 152 12 160 52
    178 51 234 172 230 238 249 174 152 249 109 191 146 250 230 87 159 47
    124 149 205 223 162 242 136 86 81 179 18 214 101 108 236 132 20 106
    153 243 101 211 213 211 180 64 46 193 101 187 139 136 191 4 29 16 55
    57 98 145 31 155 31 22 14 51 213 215 40 129 248 22 253 125 203 89 12
    48 53 99 86 226 175 59 96 48 196 188 99 46 224 95 10 229 27 122 151
    186 24 249 226 240 177 244 10 113 70 136 52 64 54 255 152 153 228
    163 56 135 55 210 165 249 43 213 110 103 183 104 111 246 242 214 46
    39 167 237 122 233 112 241 204 18 46 164 88 202 102 101 129 56 33 97
    150 199 57 230 89 9 139 34 29 195 51 130 197 20 28 88 210 96 222 191
    82 3 64 23 244 198 5 165 127 230 193 26 246 146 253 104 249 86 57
    190 29 86 246 159 23 58 134 132 212 104 124 68 220 236 20 118 66 207
    247 96 222 32 148 2 244 53 41 231 210 154 5 161 10 107 238 222 12 89
    80 140 21 73 181 239 36 142 147 84 142 114 10 33 72 70 171 103 36
    228 160 116 191 108 230 47 48 218 39 55 118 43 50 241 31 152 74 10
    249 64 67 161 111 164 2 142 55 110 99 45 9 76 192 42 39 3 37 163 11
    20 184 103 181 73 218 113 234 225 38 189 79 249 223 35 176 202 6 158
    100 214 191 80 17 193 64 147 206 243 173 20 252 96 145 50 215 224 64
    68 177 72 110 143 25 10 42 201 200 118 129 155 85 30 0 80 105 250
    114 145 119 79 191 202 204 133 136 74 120 166 226 6 189 158 9 107 23
    144 243 21 116 88 177 49 141 179 247 191 16 166 255 65 202 42 76 137
    54 202 59 73 108 144 246 147 40 118 19 147 100 148 199 168 15 189
    105 185 192 81 154 212 103 201 176 205 114 214 77 141 165 167 124
    156 3 192 84 244 189 42 13 18 199 91 124 85 103 196 211 221 155 36
    120 255 64 114 26 114 93 219 178 196 247 103 90 92 69 141 67 46 100
    166 206 227 72 17 228 207 253 29 56 47 46 109 165 206 237 27 203 167
    174 42 114 89 192 67 127 88 140 164 40 175 168 196 125 3 188 100 41
    149 40 87 57 195 10 232 110 144 118 209 214 15 146 4 126 25 157 170
    250 89 111 197 32 161 29 192 51 109 204 92 179 66 16 176 253 215 119
    86 157 159 51 163 81 117 58 10 162 83 216 246 82 20 148 219 244 48
    49 55 156 23 212 110 250 145 83 126 181 73 182 200 236 28 171 75 34
    175 148 161 187 125 71 34 17 70 31 178 82 14 190 228 175 171 222 17
    250 34 249 116 204 46 28 199 106 8 213 66 113 236 189 129 217 219
    120 108 118 158 244 201 75 195 15 53 197 156 111 166 75 183 235 73
    168 127 241 111 188 155 211 53 192 116 79 207 68 34 179 194 131 240
    3 249 184 204 52 21 126 160 252 209 113 101 129 137 76 99 184 163 72
    171 165 72 185 178 48 109 8 1 254 146 173 88 44 99 34 212 35 255 131
    243 248 86 37 14 140 120 67 145 98 134 108 28 105 122 48 163 253 142
    162 18 136 203 39 126 12 163 205 57 61 204 95 2 78 23 202 182 101
    119 103 153 248 193 82 236 41 179 8 205 77 138 225 19 9 96 17 103
    135 165 79 44 117 6 75 112 171 160 48 128 215 227 1 111 155 228 102
    231 47 48 55 170 36 8 192 65 133 217 145 90 199 61 78 144 109 22 191
    56 48 142 229 197 148 72 203 53 148 115 85 179 238 255 158 18 172 56
    168 112 252 94 223 24 186 5 184 71 224 179 75 168 84 174 48 99 70 77
    48 157 248 206 46 6 63 180 83 31 224 71 121 1 21 71 9 196 221 192
    114 22 158 134 141 141 239 21 61 137 86 111 243 114 188 195 207 220
    148 163 139 179 244 145 66 123 211 202 50 136 180 135 223 191 181
    214 148 57 198 111 115 183 163 97 76 88 7 26 192 157 209 148 234 248
    174 203 30 33 254 32 43 213 161 140 17 80 85 81 103 76 218 223 12
    154 74 14 207 143 131 202 53 122 141 195 27 221 53 137 234 141 226
    127 173 48 95 189 119 241 32 68 126 142 150 210 78 19 15 214 155 233
    117 77 72 172 170 20 27 251 31 64 243 180 10 231 109 230 96 88 146
    187 195 25 248 138 208 161 136 84 231 131 220 252 27 199 113 183 237
    115 74 71 29 211 243 100 87 61 111 141 249 61 95 77 62 127 29 220
    212 94 165 172 246 195 192 61 247 188 68 38 209 238 109 24 242 55 49
    218 79 81 205 218 206 110 125 80 254 17 159 79 70 95 187 107 29 155
    153 58 56 119 151 93 237 160 160 10 60 216 150 21 226 227 149 142
    199 198 136 162 149 59 116 123 237 177 220 100 88 197 119 34 35 131
    117 220 90 56 87 93 195 110 33 68 201 87 164 27 189 106 230 54 144
    79 152 183 248 154 100 92 70 248 236 152 93 27 23 224 160 118 170 24
    36 97 54 237 209 245 119 43 108 215 53 243 177 39 36 32 242 96 42
    101 61 91 222 193 221 65 21 126 190 114 175 46 61 197 63 115 199 209
    12 249 32 119 91 135 250 28 6 235 11 239 57 96 238 180 81 137 91 14
    11 106 16 232 137 160 71 56 230 156 161 0 232 101 42 41 19 107 197
    213 210 203 182 155 55 90 240 45 212 110 207 208 153 135 174 50 44
    30 101 218 163 209 151 224 248 65 229 206 6 43 74 19 155 82 164 158
    115 203 54 77 84 227 244 71 187 144 6 32 162 5 6 214 138 40 86 34 33
    199 139 34 13 130 226 129 45 18 215 101 188 179 116 181 71 74 22 246
    207 87 7 251 187 1 210 183 75 167 81 237 103 127 152 94 255 171 180
    179 130 124 14 155 175 168 248 234 1 177 95 248 140 94 74 32 149 8
    198 218 53 255 8 181 193 122 60 135 6 249 225 136 91 31 191 87 93 56
    185 186 253 10 2 56 78 239 168 123 221 91 166 211 223 83 83 197 134
    20 207 103 85 52 90 191 83 58 88 249 42 36 252 246 187 119 159 222
    56 106 192 96 140 105 65 108 39 159 165 125 192 120 151 80 12 134
    180 234 230 145 254 229 17 164 144 9 162 139 79 6 145 151 63 88 243
    157 230 212 28 153 119 28 58 239 57 249 9 175 167 78 199 38 34 168 9
    100 147 101 94 26 179 240 38 81 211 153 57 248 101 108 91 138 43 142
    13 56 183 1 66 153 229 216 161 109 36 236 43 172 196 20 53 29 214
    201 75 78 215 75 0 118 222 233 44 247 221 125 65 22 223 23 79 51 95
    32 200 148 38 84 120 101 167 177 222 148 233 54 229 209 153 216 227
    162 200 166 218 202 187 234 54 228 41 136 166 215 205 225 141 234 83
    210 110 2 166 214 138 1 116 138 164 101 60 38 3 14 73 67 61 175 22
    97 247 221 233 9 142 52 232 25 247 250 243 87 186 175 125 237 116
    237 237 165 147 178 247 51 134 102 208 204 74 166 40 213 187 182 183
    110 222 156 144 77 189 93 79 10 242 12 20 141 200 135 87 237 221 0
    244 209 136 15 104 196 108 144 34 72 220 216 60 24 235 228 84 62 157
    196 45 89 231 17 231 229 65 115 70 221 176 105 66 23 121 58 90 240
    116 44 120 250 93 132 129 123 44 146 4 135 154 198 76 27 251 43 161
    84 168 235 139 183 146 67 2 88 112 24 35 19 113 64 186 42 33 244 143
    24 21 79 150 214 63 191 112 104 20 148 244 150 52 154 4 177 18 114
    254 150 180 180 35 122 146 140 254 254 204 200 172 228 112 119 224
    193 227 251 68 35 210 20 249 174 215 149 169 218 142 158 39 241 8
    137 217 38 246 137 79 7 237 224 171 116 79 77 28 0 107 247 148 242
    20 125 240 160 249 254 235 92 88 19 42 120 120 106 227 83 69 20 29
    33 66 142 77 176 46 115 101 243 230 18 202 80 178 58 212 175 63 228
    34 33 147 105 163 167 67 250 132 65 246 127 6 29 32 45 208 178 10
    159 154 180 131 6 103 90 28 108 234 144 187 61 133 99 202 180 159 79
    252 229 94 109 23 222 223 254 92 149 89 225 112 100 14 75 76 209 125
    145 217 23 87 193 123 194 28 223 35 104 22 150 42 181 29 232 26 48
    25 101 161 47 18 152 51 142 201 11 113 140 225 97 85 92 92 31 191 54
    38 97 197 61 20 50 184 171 93 50 98 223 232 227 183 214 112 15 8 47
    124 57 16 17 251 166 252 99 22 136 194 236 122 86 153 168 17 162 11
    64 103 50 206 253 170 237 255 20 103 159 220 237 94 48 249 178 104
    221 58 57 124 149 17 234 245 252 129 18 68 158 44 121 220 252 160
    225 197 46 184 225 143 213 142 64 140 245 61 179 123 22 111 66 69
    217 29 236 131 60 151 84 74 103 131 123 117 27 81 17 193 50 90 156
    204 122 112 131 210 199 179 17 178 134 111 83 159 164 106 10 108 158
    221 129 248 215 153 109 240 48 126 170 219 229 50 107 250 33 26 61
    112 219 162 114 92 84 9 49 154 6 203 215 1 254 238 240 225 107 17 33
    226 103 104 117 107 133 239 150 238 205 34 117 226 125 238 216 52 9
    52 16 153 56 192 55 248 204 194 184 99 238 247 115 217 14 103 174 75
    101 160 250 37 251 3 16 2 143 107 195 141 46 135 107 30 238 123 68
    35 124 148 171 9 102 212 214 135 203 90 2 129 28 205 226 118 138 16
    44 113 230 41 93 171 162 74 48 70 36 63 202 94 191 140 61 152 18 194
    193 198 24 221 173 119 133 213 239 82 120 214 185 212 164 168 39 133
    52 182 104 184 173 157 120 106 97 41 22 230 105 86 252 28 168 107 59
    146 150 205 103 11 89 207 70 12 153 230 233 38 5 208 222 252 51 73
    29 58 44 11 55 249 82 54 167 157 252 220 98 146 156 27 55 14 35 109
    44 87 45 180 86 103 36 16 172 212 68 34 8 22 234 250 136 30 221 160
    85 175 58 2 141 194 1 226 170 135 42 253 250 180 31 68 154 162 63
    155 127 125 83 34 52 26 152 33 111 131 40 22 38 186 77 137 90 179
    220 32 24 27 70 122 182 71 253 237 233 95 252 170 249 36 18 128 230
    143 23 252 208 218 92 171 218 58 228 231 163 252 126 163 66 107 164
    115 211 54 176 13 90 167 38 4 74 112 166 136 33 122 41 10 229 154
    123 250 101 78 240 149 82 226 116 223 75 121 170 161 100 77 182 151
    232 222 109 245 151 152 180 65 212 143 56 43 248 210 183 148 169 164
    181 58 192 176 147 87 110 168 77 65 192 224 41 237 10 110 32 4 45
    117 67 94 55 206 8 98 177 5 103 3 165 121 217 54 161 52 113 9 223
    147 149 70 53 5 16 15 112 20 33 173 48 92 93 36 203 19 255 93 72 185
    214 250 31 118 232 137 150 185 161 85 218 153 187 100 59 48 131 219
    124 97 250 182 198 51 220 235 148 116 201 157 96 130 23 7 79 114 248
    12 235 139 58 70 19 61 206 133 221 214 115 175 81 200 193 32 179 207
    27 166 105 44 57 227 106 105 83 67 36 194 115 96 26 251 190 112 228
    226 126 155 199 246 35 72 245 4 153 211 101 164 36 71 68 28 13 13
    117 131 42 174 58 80 242 252 116 223 167 45 190 245 205 6 223 1 28
    160 23 133 75 154 139 222 86 223 163 207 72 83 189 153 212 66 172 64
    8 18 212 139 119 176 240 231 102 250 133 96 230 210 21 229 223 223
    156 119 4 217 186 84 234 156 50 77 35 156 104 54 179 199 240 51 11
    214 113 230 60 187 75 141 221 218 152 225 81 93 3 106 21 232 234 186
    16 178 229 0 148 253 6 228 39 225 160 100 29 28 19 51 198 20 86 199
    110 138 166 49 185 177 104 186 134 29 126 233 72 141 21 173 200 89
    158 127 242 149 247 184 197 113 247 202 113 70 130 41 12 107 245 146
    212 77 48 198 59 41 170 129 67 75 76 236 153 204 79 167 20 148 8 220
    90 64 196 92 52 28 18 96 143 76 94 108 136 159 164 111 156 2 174 113
    88 141 117 236 196 69 37 41 254 242 247 245 153 3 16 131 141 105 48
    89 164 157 128 69 20 144 213 117 9 43 97 73 18 58 235 50 178 135 59
    246 203 158 251 169 75 88 248 156 114 76 35 51 213 133 54 126 217
    116 228 124 95 141 231 173 114 128 52 162 171 122 106 88 201 241 248
    22 25 56 110 185 91 182 109 250 194 0 4 242 30 88 9 19 134 216 130 5
    68 11 72 252 190 219 63 98 170 81 223 160 62 31 106 205 186 94 124
    108 30 76 117 156 132 235 153 173 74 158 75 187 22 229 184 219 69 22
    218 123 33 19 46 85 115 114 107 74 81 171 91 90 69 136 238 227 44 47
    158 222 156 95 71 247 216 108 7 194 74 39 84 108 58 99 216 221 242
    166 37 93 168 169 182 143 152 34 106 27 216 171 74 108 173 217 28
    192 128 142 228 59 76 149 212 133 111 119 210 7 15 171 128 32 28 79
    116 175 11 157 139 140 145 129 8 115 136 47 105 171 109 44 130 65
    129 58 79 19 117 127 253 1 55 194 181 228 198 236 171 78 23 135 202
    129 5 52 26 55 30 77 59 108 85 164 244 104 126 137 250 230 237 20
    190 52 120 94 211 47 37 76 119 78 123 227 150 246 72 115 57 107 183
    147 170 117 115 190 204 153 23 75 13 232 72 65 92 140 154 186 151
    218 67 248 24 219 75 184 113 11 88 164 161 67 99 115 159 227 4 33
    204 28 61 170 116 237 190 30 84 125 234 125 50 244 28 239 200 54 249
    139 2 189 2 251 161 61 109 216 44 121 33 201 9 42 222 16 202 89 48
    102 208 5 174 137 138 206 83 254 28 28 158 97 50 22 144 246 220 138
    45 159 241 34 183 15 186 24 85 27 68 51 230 78 32 129 14 179 22 246
    226 173 202 129 20 29 106 28 83 90 44 43 133 117 164 148 80 174 119
    85 243 222 233 148 224 200 8 219 229 231 141 243 113 92 250 33 54 22
    132 73 108 179 252 219 174 239 31 96 232 236 20 124 77 182 189 90
    170 228 46 214 9 237 22 206 69 51 121 199 178 236 99 231 158 226 172
    31 149 12 168 205 40 112 208 148 171 145 201 140 51 151 152 132 46
    194 129 86 31 7 16 105 185 99 229 105 183 250 238 0 45 1 4 214 207
    48 151 203 1 212 65 198 75 139 58 29 54 78 221 119 196 227 133 239
    65 195 199 131 205 198 147 83 78 49 228 109 86 241 56 141 203 244 71
    168 95 50 97 213 170 20 215 252 232 138 37 162 212 27 118 190 209
    150 200 243 223 74 73 102 126 216 24 184 16 131 227 134 176 245 7
    180 4 118 112 149 198 113 152 237 141 246 151 156 41 171 97 13 110
    135 242 185 82 194 228 254 5 75 148 98 90 150 53 120 211 190 250 250
    150 186 21 152 134 89 76 134 45 6 15 49 59 220 71 89 247 30 17 209
    56 115 1 7 72 130 33 59 128 18 52 27 85 83 7 250 148 78 207 141 10
    79 93 94 101 229 47 114 252 198 241 162 8 230 35 100 158 165 86 197
    151 36 108 106 2 160 229 2 80 35 138 161 195 123 140 238 80 16 252
    158 27 100 93 77 195 172 44 238 62 202 144 75 236 32 22 174 2 135
    243 94 196 150 7 181 28 29 233 87 13 36 205 142 22 8 103 181 131 233
    10 198 124 130 224 3 93 168 202 245 202 254 171 131 244 64 79 250
    160 30 242 72 132 211 103 247 161 236 18 5 118 88 200 167 119 173
    254 33 143 108 4 108 117 173 79 78 157 13 187 79 19 211 37 49 207
    138 24 51 227 72 61 93 37 15 254 96 53 91 77 246 201 49 100 177 136
    153 121 148 212 147 156 7 98 82 111 42 132 175 180 242 198 64 145
    149 32 60 206 175 156 120 56 252 27 92 184 41 95 50 12 180 115 162
    202 85 242 54 162 199 226 70 85 208 53 190 242 64 83 31 27 90 95 143
    148 94 151 236 0 205 240 248 103 58 28 49 48 7 112 238 102 89 151 23
    195 128 205 42 153 230 175 211 216 218 52 108 3 230 32 147 254 35
    231 99 195 238 32 196 4 100 124 112 112 235 181 186 101 221 203 130
    7 44 126 251 133 78 131 186 49 0 26 47 116 87 3 30 87 32 44 138 141
    147 190 208 38 64 49 72 21 130 129 65 4 202 137 69 99 30 3 215 97 44
    171 64 45 129 56 109 229 72 242 190 62 48 236 89 137 218 77 130 0
    151 119 9 71 149 108 69 38 124 159 65 173 236 233 221 169 229 223 55
    77 227 87 216 53 100 119 46 152 30 64 207 95 36 205 216 78 151 110
    145 164 124 67 17 119 111 57 223 174 6 96 181 69 118 158 69 248 60
    202 162 49 9 5 22 186 136 171 39 238 153 179 205 79 12 149 21 252
    243 126 210 204 183 65 145 1 45 248 189 118 198 51 253 198 215 6 201
    177 217 248 94 103 91 103 191 229 253 211 20 250 254 109 216 244 41
    159 1 87 37 93 34 215 177 15 215 201 213 158 165 50 137 228 9 57 147
    228 151 52 163 123 208 170 134 8 18 212 101 106 158 208 175 49 214
    61 154 188 242 203 200 187 71 172 40 84 105 52 200 231 144 228 137
    105 86 244 249 18 140 132 194 62 6 41 182 253 201 230 80 128 147 8
    231 197 222 83 242 19 102 241 112 241 149 145 53 103 224 128 48 213
    229 27 241 48 53 108 75 171 93 106 75 4 74 153 18 64 39 186 97 31 99
    60 137 218 100 22 130 126 185 154 68 118 224 238 183 236 70 179 95
    156 253 222 215 241 154 250 144 125 185 89 254 190 65 150 236 152
    241 178 141 34 92 63 86 59 47 225 4 133 101 55 97 65 193 226 16 33
    108 220 62 215 213 235 86 182 152 198 189 238 85 228 111 135 198 191
    25 0 222 253 58 123 212 188 53 42 104 5 203 189 139 240 139 42 14
    210 189 89 121 184 89 84 166 27 165 242 231 19 202 67 80 35 188 100
    93 221 109 35 29 208 119 210 82 140 167 255 184 95 21 140 67 130 11
    131 205 99 39 16 187 197 168 131 238 50 190 73 81 32 94 7 215 25 158
    99 184 41 57 179 170 156 63 0 118 157 179 135 33 120 48 211 135 14
    16 10 72 5 67 194 187 24 35 152 17 79 85 126 30 85 159 109 163 217 7
    99 114 8 227 200 136 138 56 137 21 175 13 212 6 182 121 134 64 49 65
    187 208 224 190 39 83 189 42 231 97 63 218 180 37 161 18 232 133 207
    134 116 172 12 75 122 3 118 40 252 44 193 139 232 141 49 131 63 1
    110 125 226 230 128 70 162 10 146 213 254 100 13 164 201 135 48 80
    116 161 244 167 10 9 77 147 250 202 213 23 120 181 53 78 40 130 235
    210 213 242 55 100 247 58 11 116 111 214 53 12 30 234 223 9 225 236
    129 179 131 160 160 142 3 62 168 198 82 129 153 135 137 239 211 172
    222 158 30 228 189 41 220 144 19 222 118 7 103 44 172 221 76 145 123
    250 28 191 173 202 42 5 123 54 243 241 173 109 217 22 254 180 26 122
    133 150 179 201 87 107 92 173 113 193 31 249 54 182 247 189 179 114
    2 80 247 181 183 108 82 207 234 167 192 178 243 59 23 72 186 53 59
    163 243 98 197 244 66 157 16 69 181 125 16 176 57 26 198 203 45 163
    163 232 191 36 44 228 207 108 136 240 210 143 156 83 62 140 169 141
    160 211 49 254 163 119 136 208 251 234 52 59 247 20 237 140 55 67
    145 218 82 118 220 17 160 44 127 86 10 157 235 155 97 158 69 222 57
    142 9 36 200 19 241 41 227 75 59 159 149 173 50 228 135 69 47 45 48
    133 62 205 88 191 147 164 64 228 115 174 229 139 35 109 19 125 3 241
    60 177 46 193 66 106 59 117 49 219 121 96 212 24 68 191 239 227 252
    167 36 168 80 181 113 18 239 41 76 115 26 201 228 224 252 61 233 95
    248 49 46 45 62 143 42 138 173 130 32 87 115 114 92 64 203 2 169 42
    116 27 13 157 85 57 11 127 230 177 210 89 112 57 211 15 81 232 32 71
    233 240 103 52 198 1 138 132 248 78 159 254 164 128 81 189 158 210
    51 105 24 41 241 194 109 35 60 163 213 109 233 174 151 86 77 24 106
    56 72 28 118 34 74 178 249 241 175 136 84 181 157 210 223 219 128
    187 170 193 45 24 229 144 87 178 44 136 65 108 161 82 253 97 55 199
    114 129 114 184 20 31 197 136 184 139 128 75 184 112 246 207 98 200
    182 179 32 245 105 190 225 132 20 107 255 254 52 130 42 247 69 197
    21 122 234 196 204 131 214 128 31 242 128 203 134 40 60 235 64 181
    86 2 146 90 87 30 137 147 162 179 83 225 138 7 172 223 46 138 25 169
    248 56 167 229 65 190 146 140 186 109 0 230 18 46 138 223 22 32 174
    208 250 248 100 139 111 194 28 190 79 218 205 116 18 3 67 37 10 108
    128 1 70 59 100 35 149 42 133 140 153 37 168 241 92 111 6 120 227
    167 75 159 196 75 34 40 139 125 88 244 203 209 33 120 219 236 90 251
    151 115 137 225 248 58 249 164 191 53 71 113 191 64 140 216 224 108
    94 23 196 93 232 10 105 184 59 83 87 157 16 125 241 64 158 160 79
    204 225 101 21 156 6 184 186 47 149 226 74 195 130 44 128 223 143
    233 150 237 182 238 35 127 109 187 230 209 138 195 155 160 242 127
    53 29 90 63 222 92 238 86 167 118 74 187 199 167 48 108 128 5 96 210
    93 163 74 29 251 116 251 25 196 49 60 80 234 197 6 162 52 103 49 165
    28 210 193 241 35 204 231 218 35 34 12 64 220 159 144 84 110 239 183
    240 119 239 217 86 253 41 213 203 25 28 12 39 248 188 38 29 255 175
    124 5 214 59 244 226 169 62 170 95 121 153 141 146 86 102 109 213
    148 183 32 178 105 59 168 248 232 185 30 201 55 134 80 46 158 19 157
    5 238 87 132 7 33 8 48 178 242 37 110 136 21 184 82 96 120 204 226
    233 163 96 222 198 190 110 249 86 180 120 44 237 88 127 13 223 17
    208 107 107 165 1 40 104 26 234 248 49 192 190 167 103 224 53 7 13
    236 229 193 242 57 117 51 185 152 145 198 30 208 44 15 198 241 43
    244 63 47 168 230 244 60 31 162 237 199 130 169 183 221 245 154 151
    24 194 158 36 232 132 46 106 84 198 209 187 143 150 135 11 1 232 215
    45 185 167 148 100 217 154 166 21 116 225 83 251 234 108 1 50 108 60
    122 242 109 227 53 109 174 125 3 150 161 113 118 29 240 57 169 116 0
    29 166 222 231 244 212 131 34 243 199 101 253 150 10 146 0 164 195
    111 96 211 174 239 2 149 147 105 153 77 78 182 126 79 25 30 229 211
    133 71 212 206 182 166 40 107 167 192 105 7 125 5 165 200 104 214
    132 32 157 35 68 234 28 216 154 123 254 72 175 231 52 176 113 84 131
    42 12 225 118 93 10 47 218 202 209 2 207 234 231 134 81 40 138 72
    230 248 189 41 27 120 158 111 19 129 194 131 70 139 109 245 157 143
    34 137 246 54 133 22 76 183 250 192 181 45 56 80 255 113 140 46 26
    90 29 133 5 40 135 22 52 228 17 88 199 136 151 250 81 112 48 42 232
    142 67 112 29 172 232 150 161 46 166 191 170 217 123 196 218 175 177
    140 223 205 32 107 58 64 53 25 57 62 19 250 77 77 73 214 196 91 53
    72 124 115 154 185 207 8 59 204 198 249 162 53 207 21 187 44 234 16
    178 50 157 119 117 220 243 112 164 194 144 196 175 59 209 220 16 234
    238 128 93 179 234 93 15 88 114 39 112 220 72 81 21 118 232 63 191
    113 188 26 201 83 83 47 195 45 12 131 153 163 13 45 1 206 135 2 80
    205 231 115 23 37 152 52 174 153 87 189 132 180 172 218 215 215 165
    88 96 7 233 210 244 5 139 129 158 143 77 118 69 119 18 131 174 197
    139 231 151 90 212 205 96 171 5 157 102 128 183 71 38 213 48 197 198
    139 59 32 135 41 83 62 206 126 201 183 218 156 10 27 12 35 241 164
    126 252 37 12 7 8 21 253 236 211 109 210 20 149 189 109 133 14 9 118
    186 212 29 242 57 61 170 250 80 72 35 212 78 191 26 45 219 87 239
    140 234 51 245 2 173 71 232 239 137 249 38 15 200 47 11 215 47 105
    147 75 18 94 136 48 30 39 108 129 163 64 204 192 242 96 151 210 236
    250 234 202 220 219 129 248 1 140 2 237 32 48 120 155 51 104 3 75 87
    184 189 226 51 184 217 39 251 217 41 89 63 93 88 158 108 160 122 172
    142 215 244 220 220 213 31 148 38 85 90 176 205 137 114 38 244 213
    57 248 22 50 84 60 100 244 199 126 125 184 110 134 228 164 95 11 227
    40 249 100 139 218 111 79 107 170 1 46 39 16 85 86 211 183 199 50 57
    143 136 48 26 176 253 92 37 62 121 114 115 133 12 217 209 123 103 0
    127 136 213 203 136 203 197 41 243 223 144 187 128 173 146 7 43 17
    54 109 201 68 173 21 10 214 188 233 13 115 161 153 193 84 168 58 42
    100 211 203 221 191 53 69 139 54 86 146 77 23 200 101 173 112 174 60
    243 87 169 137 13 108 69 37 164 98 48 2 150 193 137 22 44 252 71 29
    224 229 3 192 21 151 145 176 193 87 123 115 10 211 120 113 111 49
    199 55 106 0 64 86 161 201 213 30 207 126 149 203 244 190 184 158
    237 12 135 200 29 110 131 111 120 255 78 34 217 81 140 110 173 35
    206 18 89 154 159 62 11 205 15 113 117 98 88 225 213 100 245 251 161
    186 132 192 214 169 78 179 77 164 26 67 68 204 103 161 87 179 218
    215 68 43 211 8 185 76 8 89 134 75 20 210 11 219 79 202 220 124 64
    36 183 104 33 249 0 79 253 214 11 35 8 190 121 63 14 170 50 53 40
    182 189 82 90 214 72 96 173 114 31 46 150 200 132 36 137 186 101 160
    121 241 60 94 133 125 20 128 148 181 116 4 249 227 102 218 19 93 199
    168 103 188 62 212 140 29 83 86 137 159 241 54 212 26 143 228 140
    181 106 116 25 117 119 251 38 113 254 126 155 26 230 247 106 234 145
    218 114 113 212 71 3 254 44 37 23 172 97 138 109 104 19 243 138 29
    40 209 94 130 170 143 20 24 8 125 158 109 221 219 220 46 43 187 86
    219 39 128 203 0 11 107 205 224 247 197 229 56 222 233 79 238 2 171
    94 11 128 224 106 250 92 203 132 103 66 16 78 132 80 111 246 175 69
    171 168 145 64 173 111 147 71 251 91 34 34 247 53 23 175 106 93 169
    129 222 122 157 230 2 212 8 179 20 183 116 100 154 196 228 42 246 44
    71 24 246 32 77 3 19 98 215 120 238 182 55 145 15 194 171 65 177 79
    68 211 149 54 186 255 144 61 235 147 67 206 106 94 96 123 221 55 97
    202 139 141 109 207 196 146 121 185 252 4 227 9 179 88 171 59 132 15
    162 221 85 107 173 63 250 239 30 38 15 210 72 240 108 106 188 234
    151 246 25 194 45 173 41 122 32 97 229 213 136 202 219 108 154 173
    203 166 108 54 141 154 12 129 226 75 188 191 147 134 117 104 197 253
    188 199 102 208 75 148 155 32 88 247 248 96 0 124 167 79 102 10 136
    195 36 211 173 235 154 95 233 0 132 9 135 228 142 185 82 94 104 144
    138 196 171 90 81 232 181 145 233 63 206 5 76 231 104 252 226 170
    224 254 92 50 62 201 8 77 180 101 67 47 243 42 246 154 227 164 219
    103 1 18 122 17 2 150 176 174 82 55 89 8 144 49 117 138 103 30 71
    117 113 213 37 223 189 248 141 201 203 181 163 237 207 11 27 192 108
    242 1 77 163 0 177 197 124 3 243 134 128 130 15 251 99 110 111 110
    60 201 220 109 110 91 77 189 20 51 252 201 160 138 24 21 241 158 207
    49 233 103 87 230 112 161 61 71 169 83 196 183 185 247 177 173 174
    233 122 124 198 212 108 31 133 198 248 245 66 102 177 161 70 108 61
    244 2 49 75 93 147 170 57 165 209 115 220 125 133 31 14 196 86 100
    133 50 56 103 75 78 195 107 162 15 117 13 238 36 252 252 116 55 192
    23 59 238 210 61 133 54 235 219 206 53 244 11 212 20 77 139 33 86
    212 203 83 74 206 196 202 43 226 238 204 102 83 1 120 40 221 33 80
    28 27 16 219 172 136 181 226 177 178 179 37 179 108 134 68 233 226
    229 245 254 40 133 83 114 106 3 215 63 236 87 171 154 35 205 173 206
    139 213 183 66 227 163 99 176 202 203 212 233 106 71 225 238 100 211
    64 153 242 80 137 219 123 126 213 157 242 227 104 215 149 100 219 27
    203 127 5 216 35 238 154 198 23 167 60 0 143 175 60 158 121 249 174
    98 243 129 136 187 104 253 20 224 24 203 67 177 72 8 100 56 211 187
    185 88 179 251 224 250 250 204 137 30 135 239 115 16 147 158 254 81
    174 109 102 41 204 137 191 23 114 192 30 177 68 9 181 178 45 78 37
    209 108 21 15 27 12 135 67 148 103 58 14 222 211 61 67 228 58 199
    202 97 4 223 150 81 229 233 243 168 175 13 116 163 207 85 186 205 35
    77 232 92 241 255 3 34 65 62 137 174 160 221 106 79 219 179 129 161
    71 232 134 47 105 43 47 149 181 194 142 166 114 60 21 138 165 252
    197 140 166 112 241 154 107 64 91 125 171 39 15 72 10 30 147 145 109
    144 179 238 225 91 219 115 61 168 241 214 50 90 220 200 143 47 58
    130 230 91 162 149 194 37 196 141 115 213 27 48 48 238 103 29 30 190
    162 163 222 253 198 73 52 241 66 254 122 146 59 213 69 181 142 144
    192 69 110 24 39 4 182 79 175 30 1 102 125 240 69 205 88 19 105 186
    9 94 76 180 17 26 84 36 79 55 99 130 23 46 239 189 86 24 68 8 90 241
    106 173 12 63 173 190 175 164 68 62 81 39 86 194 175 198 226 73 79 4
    54 191 244 179 221 58 249 15 184 107 100 68 186 194 89 83 202 192
    231 85 222 61 37 109 180 12 81 71 91 53 55 11 102 115 87 88 153 54 5
    134 119 228 162 61 172 45 246 105 250 92 96 112 150 8 255 31 31 133
    43 186 171 44 214 3 96 33 65 84 55 220 203 180 26 212 92 177 118 152
    94 229 139 110 175 11 37 129 59 7 59 50 180 246 218 54 255 221 246
    24 16 253 112 80 24 104 108 181 4 185 102 46 221 182 121 161 25 156
    218 165 140 168 164 67 167 145 229 12 127 136 252 41 140 8 105 248
    22 131 147 53 23 227 193 166 235 238 1 221 102 84 2 119 106 86 37
    248 132 23 94 137 15 148 226 90 171 191 1 169 8 158 103 114 206 206
    4 210 230 114 204 243 194 23 174 120 133 96 37 191 190 188 138 249
    18 99 134 162 59 5 250 20 59 115 233 144 4 184 138 136 76 197 22 176
    50 74 76 97 208 228 187 170 107 95 93 130 34 103 113 252 45 233 24
    135 61 224 4 216 171 238 236 28 175 169 28 247 139 254 218 34 119
    166 211 72 158 77 186 18 178 51 204 55 61 249 238 96 77 246 214 215
    196 231 151 34 170 137 25 211 238 215 157 209 156 123 242 186 55 248
    238 105 229 40 37 160 50 227 88 239 171 220 238 173 63 31 217 8 79
    12 188 176 54 143 32 56 175 104 83 2 77 52 60 218 216 50 200 71 89
    224 67 208 197 229 235 21 79 123 130 66 54 82 123 4 104 247 100 169
    201 117 143 80 232 21 226 248 163 127 132 153 131 170 254 126 196
    176 254 228 164 218 176 75 235 100 225 229 203 227 15 236 24 172 150
    243 217 216 65 71 131 170 11 193 246 192 187 48 89 197 177 10 120 20
    108 34 193 17 10 120 72 142 34 13 238 224 126 24 184 141 63 253 201
    171 82 176 193 182 180 207 132 133 54 156 7 194 169 180 120 200 222
    211 82 108 243 178 51 57 8 6 17 21 134 147 111 219 106 74 208 234
    103 82 202 141 55 249 209 186 159 28 156 165 150 70 117 159 19 1 99
    228 172 123 150 123 123 206 128 242 117 3 255 184 29 53 64 245 207
    35 148 70 57 96 102 81 174 201 173 239 178 127 137 18 211 134 250
    170 245 167 211 55 251 86 80 91 51 84 174 104 90 115 120 250 123 28
    249 85 24 98 230 206 24 186 53 228 180 246 154 133 210 204 13 25 6
    106 252 169 190 8 162 64 3 111 78 11 120 120 104 62 232 228 41 199
    158 81 197 76 73 48 73 53 46 71 241 70 51 170 241 91 197 172 154 155
    158 207 126 154 206 148 4 210 39 148 60 190 14 79 234 228 147 74 165
    74 141 109 116 118 79 106 255 124 177 210 101 204 29 16 58 39 96 24
    216 209 211 9 136 233 55 72 135 89 126 179 52 192 207 245 75 118 76
    76 90 191 142 63 115 62 182 64 149 239 51 5 52 141 25 214 235 57 114
    99 22 232 78 199 141 218 174 26 222 218 81 203 191 101 88 159 74 122
    247 63 220 123 176 150 182 127 246 251 211 166 238 122 26 76 24 130
    235 168 252 219 54 58 46 5 9 100 238 140 32 116 60 13 89 191 206 1
    249 187 207 97 172 94 214 163 199 172 41 152 160 241 74 251 192 92
    76 214 60 178 200 173 229 51 87 51 60 10 90 0 241 202 6 172 159 112
    101 194 8 16 118 56 150 31 74 75 74 152 198 231 219 3 223 77 160 158
    218 68 255 101 197 173 75 70 10 34 54 80 112 55 232 101 180 199 218
    58 79 154 228 207 40 24 30 65 188 88 245 169 88 114 79 186 135 66
    202 8 173 230 132 107 98 7 127 253 152 142 50 48 108 45 88 188 114
    115 83 113 5 167 153 66 106 92 183 101 133 241 145 144 50 175 119
    192 197 91 236 230 84 94 215 148 176 81 126 144 215 190 43 169 133
    191 137 81 73 46 57 18 213 171 42 62 72 253 52 161 211 119 5 27 4
    135 205 172 9 207 109 111 148 117 35 36 123 203 84 219 106 208 80
    186 251 149 135 86 173 88 189 149 229 35 44 209 96 119 42 124 79 87
    73 113 56 216 121 70 165 51 3 195 40 80 11 173 211 252 99 89 160 71
    104 112 93 171 212 174 43 131 119 195 169 16 131 115 180 46 179 193
    29 1 95 42 105 205 28 127 244 39 125 136 201 75 166 107 41 187 159
    102 151 235 24 247 56 191 193 239 36 115 233 136 22 122 0 191 210 84
    105 133 124 71 208 250 140 209 170 144 2 51 97 218 21 17 77 40 164 5
    141 192 131 71 33 121 199 190 233 213 26 164 87 240 28 223 183 169
    158 244 106 173 56 206 60 10 147 67 18 146 113 237 242 215 225 213
    196 213 35 44 46 228 180 223 199 88 110 147 226 13 140 232 6 88 108
    40 30 4 65 213 191 186 182 179 243 241 39 123 230 240 50 227 217 139
    45 35 72 252 148 123 28 136 54 105 247 18 127 73 161 35 28 92 94 244
    196 126 191 246 165 170 180 176 214 20 238 138 127 88 96 155 124 156
    246 169 101 223 85 59 252 197 106 253 88 17 74 67 141 228 255 191
    146 222 84 141 93 151 128 71 208 22 127 102 17 155 79 137 177 32 167
    42 217 215 225 84 199 208 14 39 75 234 153 188 240 45 243 89 48 105
    55 19 6 134 225 231 52 254 191 35 19 238 117 116 21 126 4 73 136 32
    9 103 207 75 54 150 181 93 75 113 252 114 99 139 0 2 59 193 202 238
    62 99 27 116 228 101 68 132 181 110 198 1 200 84 94 229 148 83 105
    15 221 172 71 37 124 17 251 221 93 77 60 85 60 44 107 159 27 116 182
    1 245 69 67 245 156 167 162 41 78 198 101 212 142 202 59 45 223 2
    148 26 39 121 162 47 3 200 145 99 229 41 249 146 26 19 216 160 199
    145 191 73 174 204 205 58 178 32 135 24 162 10 192 235 190 10 68 31
    48 79 46 34 32 80 144 89 149 212 164 39 155 231 42 74 229 123 212
    202 144 83 125 181 104 4 86 99 18 189 166 170 146 69 99 125 235 245
    49 126 132 179 121 230 129 180 8 153 15 231 98 155 204 38 79 74 67
    177 250 69 110 233 227 125 201 215 26 84 199 30 10 247 245 252 211
    60 115 153 244 226 63 228 46 219 28 110 175 193 139 211 222 117 52
    236 137 57 103 98 212 136 12 137 126 177 255 158 148 188 136 90 42
    172 223 204 0 217 113 230 22 227 8 53 64 186 11 148 50 196 169 90
    139 4 95 121 89 215 151 154 55 238 206 110 241 242 166 215 250 150
    59 169 161 180 91 208 175 242 41 170 255 149 154 233 55 62 207 126
    224 75 56 147 21 193 162 172 34 167 244 25 56 23 247 88 89 255 148
    23 50 202 189 239 28 106 199 11 109 49 50 185 175 46 82 114 183 250
    234 247 211 123 7 248 220 116 131 102 89 78 252 169 178 53 119 25
    181 113 16 100 71 58 218 176 175 112 145 205 106 70 210 52 160 137
    223 44 166 8 141 68 46 50 56 84 103 89 101 49 12 158 140 57 33 58
    119 85 68 129 16 240 95 2 63 197 223 66 141 152 211 186 135 210 206
    131 104 172 226 109 231 242 239 160 86 158 182 13 252 189 151 11 123
    46 182 16 174 64 154 190 31 113 16 164 145 8 217 91 197 245 145 183
    240 198 74 74 103 111 237 248 227 4 191 5 134 160 154 37 52 144 170
    154 35 217 176 1 224 139 121 98 71 212 154 71 73 225 26 17 77 192
    146 126 124 144 162 173 55 26 123 207 76 197 219 25 238 185 200 246
    132 155 99 174 37 174 211 105 21 201 211 90 143 62 211 173 164 102
    182 192 62 29 189 219 76 137 212 180 217 93 47 128 191 64 230 82 160
    4 87 187 181 163 243 107 113 19 9 199 186 54 93 242 85 36 150 236 10
    154 219 129 17 234 7 125 44 156 239 129 202 189 211 68 107 211 96
    117 198 205 157 249 200 120 74 172 143 189 228 242 147 130 129 199
    163 174 68 86 235 183 203 145 163 245 145 184 19 21 48 144 7 78 98
    168 128 94 126 21 49 23 68 154 224 152 135 157 167 193 34 204 239
    130 26 115 119 193 112 70 140 194 31 175 227 105 60 228 230 12 254
    231 186 124 214 40 9 91 90 77 196 238 140 61 2 207 21 213 224 160 21
    223 23 204 208 121 96 14 18 219 249 30 4 138 217 60 218 167 228 117
    75 171 127 193 106 101 2 48 92 139 9 46 1 59 118 23 52 86 83 77 93
    210 35 237 144 15 159 69 249 182 160 117 226 196 211 65 36 232 23 77
    184 112 102 130 200 206 161 253 170 242 244 156 231 197 50 57 28 56
    145 242 111 94 186 200 69 91 86 154 179 126 76 125 95 11 179 165 192
    79 70 4 175 215 132 156 13 70 207 28 178 53 42 181 248 220 39 41 46
    73 184 86 152 116 186 97 187 85 223 49 243 125 170 240 204 152 135
    236 11 157 247 208 84 80 122 30 51 61 39 109 180 38 78 5 52 41 42
    190 207 189 133 68 242 100 249 91 193 14 200 147 73 150 52 22 141
    127 113 119 161 243 253 159 254 77 149 213 84 231 165 241 53 11 186
    181 124 124 249 15 203 10 160 141 26 146 223 203 165 222 247 25 224
    145 22 71 124 224 153 128 55 48 70 43 61 16 161 119 27 239 139 54
    180 110 149 178 52 0 215 150 35 25 115 35 213 37 26 143 182 32 114
    125 142 108 170 240 218 198 58 15 186 194 56 92 67 63 16 184 231 51
    4 76 132 172 146 216 225 173 164 204 203 132 15 66 19 229 92 177 195
    175 243 225 2 47 120 229 187 160 121 205 50 215 114 164 22 114 67 2
    55 239 162 46 37 131 154 253 82 210 20 244 98 103 64 190 33 139 77
    164 229 177 113 85 96 79 235 140 31 134 94 92 136 19 215 187 61 204
    254 106 231 110 25 200 250 253 123 33 224 200 159 180 66 225 132 104
    96 214 178 134 27 27 222 146 218 25 108 247 64 216 73 147 222 46 49
    119 82 176 129 212 210 193 3 188 36 9 218 188 213 120 59 136 229 18
    154 29 88 164 201 191 28 10 203 70 31 13 182 159 92 185 118 43 229
    185 213 244 139 152 189 248 212 97 6 41 243 16 118 118 181 249 191 4
    96 117 123 171 188 220 113 88 198 98 93 149 207 161 86 103 138 210
    189 116 113 26 1 220 64 135 72 112 128 147 58 141 80 83 182 228 17
    232 250 250 185 229 131 71 227 185 229 128 138 135 18 204 222 31 24
    171 124 147 202 176 216 114 96 80 144 9 198 158 182 101 208 241 136
    132 58 251 174 135 127 185 200 123 228 119 103 167 228 244 140 102
    71 108 167 74 96 161 84 122 186 26 187 128 192 63 11 157 61 223 44
    169 170 23 98 150 101 6 223 245 48 146 222 214 19 53 119 223 67 61
    56 28 211 29 19 174 89 59 146 11 107 91 94 124 35 122 151 139 67 130
    93 119 56 78 225 80 146 218 148 61 55 74 179 128 88 158 244 35 63
    197 63 181 247 241 35 115 139 160 133 233 57 91 42 102 251 224 104
    236 32 47 241 179 120 90 197 202 79 36 184 111 190 92 78 207 34 38 5
    182 168 225 87 53 49 215 140 10 201 178 129 129 15 196 230 248 205
    43 28 60 6 44 218 142 219 54 80 211 40 143 196 120 50 23 204 130 187
    143 91 163 154 7 4 208 252 255 103 92 173 220 201 188 22 39 104 176
    90 85 171 208 66 183 233 68 40 84 151 230 69 59 32 64 172 177 196 69
    225 142 231 97 78 106 83 196 82 225 128 5 171 238 186 175 206 170 4
    145 62 240 86 187 36 202 47 172 3 109 144 137 81 89 130 156 136 201
    246 125 119 126 208 75 89 57 124 120 161 104 115 93 7 134 109 116 48
    226 115 5 182 83 182 161 219 67 146 194 20 3 170 161 201 185 110 238
    55 183 103 47 159 186 166 59 145 253 199 241 143 68 102 225 251 149
    40 172 151 206 237 86 201 104 73 34 36 185 38 144 63 194 55 44 29 40
    150 171 35 191 100 231 143 243 218 151 16 181 81 243 52 248 103 188
    173 52 203 241 174 84 149 76 97 82 223 14 52 91 183 121 140 178 166
    137 8 225 10 222 142 116 230 135 32 252 86 132 116 32 143 94 98 41 5
    232 18 149 4 138 211 59 64 42 46 140 104 36 232 243 149 18 173 138
    148 160 34 48 7 130 89 176 250 63 46 119 251 141 20 36 70 237 12 232
    75 47 122 103 190 212 138 119 87 198 203 42 232 123 254 4 233 143
    115 3 178 126 89 250 35 151 164 4 251 31 66 225 133 233 56 106 152
    99 178 82 67 254 51 210 125 105 197 170 127 55 26 221 205 206 86 28
    195 127 56 0 73 131 21 80 156 37 202 121 141 119 125 157 206 46 239
    37 171 8 220 167 143 145 208 148 18 181 103 117 157 238 207 64 125
    146 226 51 73 139 28 9 152 2 66 150 107 202 210 81 17 112 141 192 73
    106 100 147 183 19 182 49 217 79 179 11 158 187 125 219 45 9 178 121
    94 233 107 73 117 18 155 141 155 175 47 170 225 22 60 255 123 61 153
    115 128 96 137 7 255 87 72 155 43 0 235 193 205 42 104 189 6 159 29
    139 156 87 205 141 66 228 49 41 216 121 248 140 199 210 237 252 126
    206 121 9 126 207 227 79 155 45 86 97 8 50 158 207 91 162 226 183 70
    49 93 185 238 19 61 234 173 254 105 240 183 4 89 137 246 41 120 36
    57 4 166 13 143 165 130 33 208 249 141 40 160 14 214 151 226 6 184
    118 106 161 180 2 7 248 175 209 36 13 35 18 28 211 165 42 120 133
    152 240 129 210 117 163 243 111 16 162 167 245 62 67 184 58 182 210
    172 23 81 168 247 37 251 46 168 60 127 56 83 69 84 68 44 14 80 240
    12 32 178 183 222 242 86 123 159 97 21 248 154 18 82 123 211 107 222
    66 44 218 229 8 200 144 5 206 44 223 13 157 12 35 117 211 215 85 97
    103 252 84 246 226 243 169 192 142 63 113 35 44 190 198 28 223 237
    128 138 251 47 207 242 141 34 186 24 234 181 201 246 252 9 203 49 48
    91 31 251 199 37 150 16 251 252 246 189 197 130 85 105 11 153 154
    237 232 38 19 201 74 214 75 124 22 84 7 94 52 9 192 251 171 217 9 24
    64 0 197 236 23 65 218 149 56 232 244 115 238 67 119 52 100 168 241
    227 92 199 11 223 96 233 60 81 18 225 139 1 53 224 181 73 33 37 90
    189 195 167 122 164 6 45 70 196 146 160 32 82 134 80 161 133 151 232
    14 139 77 215 69 57 204 15 201 89 227 88 180 253 98 68 89 198 120 25
    18 255 163 253 109 59 45 162 215 37 136 1 216 152 32 235 49 198 5
    169 247 124 239 247 117 216 94 249 124 24 162 248 90 137 34 126 81
    195 183 54 134 164 245 54 215 208 65 166 126 224 137 212 192 107 110
    143 34 167 85 160 96 41 111 255 196 106 114 193 234 230 176 235 145
    64 98 221 20 84 11 229 40 4 143 59 106 81 37 70 104 119 200 30 65
    103 159 32 117 254 0 106 114 175 222 156 54 38 101 66 144 241 34 5
    57 141 154 233 211 174 168 226 117 253 166 102 34 174 32 42 173 35
    135 118 202 98 128 108 144 61 222 85 230 84 36 92 137 209 30 174 47
    45 77 90 197 232 230 174 101 102 21 153 238 14 229 245 251 65 189 0
    197 109 32 139 122 255 233 213 232 5 224 110 230 153 144 250 187 110
    72 208 234 195 165 128 209 226 204 209 133 31 231 51 131 24 101 205
    156 94 255 64 46 209 32 123 113 113 134 201 196 104 84 183 154 7 120
    57 53 4 78 106 53 43 114 235 120 21 76 186 186 36 31 32 221 50 217
    58 78 147 176 6 138 230 31 149 34 22 217 155 52 215 3 253 48 104 76
    75 47 0 113 150 180 216 17 112 56 203 174 141 222 161 223 208 94 150
    91 19 83 150 104 8 241 124 106 63 8 123 240 231 22 195 111 83 245
    133 35 174 88 232 100 42 82 163 80 196 133 87 153 164 52 148 239 218
    59 52 21 172 137 40 218 194 190 182 200 82 195 51 56 160 18 95 122
    243 169 202 87 70 3 27 127 54 68 174 92 26 48 187 151 214 179 47 177
    185 176 53 131 187 135 201 68 123 30 158 173 128 5 240 216 155 225
    92 78 97 253 98 122 133 202 182 174 93 139 222 168 102 191 229 181
    23 83 217 129 58 191 171 136 122 149 217 126 40 61 220 150 253 12 27
    88 177 14 162 195 61 11 2 187 46 118 37 178 137 176 212 204 250 70
    11 23 95 54 10 177 41 126 38 93 71 131 15 246 128 240 44 13 48 217
    222 2 5 216 72 74 140 247 101 22 103 197 51 34 152 222 109 205 36 25
    242 171 142 52 63 46 1 19 122 101 102 207 53 254 177 238 207 249 107
    216 127 87 59 31 68 184 70 141 27 183 10 53 159 21 223 247 192 216
    163 129 61 52 214 180 214 116 75 87 164 155 39 87 239 54 191 58 148
    133 11 159 200 60 127 35 149 66 236 230 191 69 17 64 113 164 148 64
    5 184 85 47 16 28 94 95 77 11 94 180 63 0 121 38 85 35 59 18 57 15
    73 243 197 234 44 236 112 199 241 34 60 24 40 87 146 6 151 33 196 35
    227 25 47 209 130 167 101 204 172 61 151 63 22 3 75 140 109 227 51
    205 251 112 216 44 72 142 231 48 225 46 70 100 135 69 170 191 192
    189 255 154 232 17 123 96 201 139 33 27 208 77 100 132 75 177 129
    182 54 225 119 18 99 130 11 130 176 21 37 152 84 66 65 157 71 172
    104 167 237 87 173 202 173 240 111 209 1 106 143 15 197 211 239 234
    179 61 213 240 13 35 16 90 238 154 236 227 17 6 16 111 40 117 45 92
    90 17 160 46 220 87 127 135 213 30 78 118 49 125 201 70 199 207 16
    105 6 203 159 201 77 141 29 216 3 5 68 0 227 126 231 69 145 179 59
    99 153 168 62 227 3 41 135 49 200 186 61 16 248 214 227 104 27 32
    208 107 244 98 231 38 144 138 230 34 123 227 192 67 70 110 158 130
    201 3 195 147 51 179 53 85 209 58 60 41 242 61 41 43 53 144 27 121
    237 196 189 98 152 8 85 194 156 103 205 54 135 222 237 238 101 116
    182 18 126 51 176 174 210 31 243 196 7 103 225 164 32 6 91 125 81
    204 175 58 255 133 95 128 220 174 54 47 147 59 98 162 220 214 213
    147 77 215 12 22 249 242 17 247 253 174 82 176 67 61 192 244 179 15
    172 141 86 171 46 69 185 182 160 195 117 5 142 61 209 150 39 193 55
    138 254 171 184 216 59 46 68 203 54 47 56 169 80 27 218 9 40 85 221
    151 130 134 249 68 203 139 5 206 83 197 30 131 188 48 184 196 205
    225 116 135 167 61 25 102 112 194 71 55 208 163 144 165 136 10 203
    108 167 30 6 189 200 105 176 124 36 53 81 151 137 197 126 189 91 213
    202 84 109 65 149 33 171 50 46 12 201 3 12 152 4 166 53 72 154 81
    185 223 251 151 183 242 3 237 169 226 110 95 102 184 105 1 198 178
    21 126 239 81 20 33 164 221 143 82 148 244 196 103 215 153 194 24
    243 165 161 193 254 26 77 106 96 210 185 104 0 92 82 32 12 138 89 38
    94 210 45 216 70 206 118 36 112 11 69 195 140 225 10 200 21 48 117
    228 99 18 83 45 172 24 66 49 131 45 103 90 87 170 162 185 218 162 77
    179 97 54 172 254 6 62 128 147 210 161 110 101 234 73 157 144 95 171
    172 188 248 156 161 229 48 7 2 16 141 67 89 140 42 24 213 71 88 105
    26 97 20 94 21 116 230 9 77 177 74 198 1 104 8 229 228 231 20 131 86
    21 179 3 221 204 133 117 206 222 108 219 230 21 19 131 130 153 152
    136 179 54 108 143 26 3 228 213 31 133 149 6 20 9 93 174 22 145 115
    108 1 122 30 155 253 245 200 63 150 97 169 108 75 75 31 81 48 240 42
    222 230 88 10 51 47 6 211 134 64 20 178 30 149 90 71 143 35 70 64
    241 27 224 47 253 38 50 32 160 82 185 133 209 168 201 88 140 15 69
    249 252 22 67 59 86 249 62 252 16 170 131 26 65 75 116 66 243 48 90
    40 185 255 177 40 116 229 128 186 207 85 199 32 62 115 196 184 73
    179 72 188 81 75 79 2 149 80 189 120 49 40 119 28 71 208 86 2 12 19
    3 207 129 16 181 152 85 196 241 204 242 193 94 189 111 30 255 251
    205 204 175 61 196 209 225 87 48 146 254 125 168 203 130 45 147 188
    99 180 212 48 33 154 75 45 71 238 7 23 55 56 218 142 215 217 33 44
    211 108 0 63 174 145 210 250 178 253 121 225 239 214 231 205 91 212
    163 250 124 16 150 87 217 93 205 149 67 165 166 234 6 104 44 193 31
    236 251 4 166 15 27 125 39 23 203 8 190 45 205 213 59 47 253 12 211
    93 0 2 85 192 209 195 19 60 110 114 112 96 26 8 249 51 218 46 199
    225 193 64 242 194 74 7 241 14 169 218 124 3 195 23 132 1 133 39 184
    232 78 81 173 225 174 92 20 75 134 176 76 8 20 8 11 133 223 101 134
    219 184 216 137 39 225 44 90 68 245 23 151 180 174 246 189 251 13 3
    194 63 159 129 19 209 148 73 216 225 9 198 17 189 59 170 127 145 172
    127 174 209 86 52 156 68 27 68 214 18 190 105 226 197 106 215 194
    113 218 189 228 61 41 164 81 55 194 47 200 21 26 173 172 42 249 35
    53 80 108 139 165 234 44 141 189 108 77 0 94 206 124 87 47 126 27
    136 80 172 70 221 201 0 18 101 199 3 12 169 17 146 233 87 174 198
    184 208 202 22 31 102 149 176 35 25 15 236 210 18 105 173 233 201
    216 73 170 183 12 201 41 55 248 239 111 28 20 107 178 233 204 101
    224 245 4 147 244 241 30 142 210 4 100 254 49 145 68 199 157 128 146
    118 193 128 84 201 15 243 145 165 0 2 159 4 112 118 138 202 59 31 65
    31 121 82 140 3 26 215 117 9 209 69 160 19 52 13 222 110 179 191 155
    230 81 70 199 61 107 13 137 31 62 63 200 108 89 6 30 111 27 151 4 37
    149 241 2 252 167 171 26 235 198 137 230 121 139 0 255 133 203 74
    150 25 13 163 176 176 217 83 247 6 66 15 212 112 94 113 46 34 74 38
    51 175 94 145 41 221 33 246 221 54 232 103 112 91 90 99 223 145 54
    56 247 17 196 154 35 1 231 200 229 215 39 244 158 133 56 174 149 95
    134 136 147 63 211 210 57 79 103 127 93 252 35 113 24 115 110 4 11
    167 113 227 210 223 10 158 252 94 55 194 125 212 42 25 170 94 241
    170 196 41 71 25 229 148 238 78 179 146 196 237 123 159 0 29 72 25
    137 173 175 157 249 224 51 158 19 80 55 108 168 231 54 84 157 101 3
    177 164 185 186 165 41 203 24 234 130 183 85 19 143 108 80 227 239
    93 16 77 60 74 54 217 47 10 83 42 37 243 97 160 31 187 0 252 232 229
    139 208 2 206 214 135 233 251 199 204 22 172 75 144 86 171 127 86
    132 252 85 198 5 2 96 88 182 107 23 172 226 122 14 239 131 127 149
    196 53 220 52 175 113 153 229 144 136 72 4 88 133 186 49 62 145 169
    39 189 167 69 30 41 187 143 164 243 35 112 231 214 92 169 72 82 83
    156 94 238 6 248 93 22 45 175 54 247 207 208 164 151 226 100 219 131
    87 141 64 85 34 90 116 219 30 80 112 2 6 201 143 35 111 148 50 73 56
    210 45 157 191 253 216 30 50 21 7 49 27 3 177 108 76 144 77 206 150
    107 239 153 140 110 237 43 43 131 192 242 50 164 108 8 80 90 114 27
    48 204 63 13 32 29 226 10 226 152 209 21 230 28 123 130 28 134 190
    182 221 163 185 112 35 175 55 78 104 32 212 5 177 203 66 72 196 88
    151 69 96 221 139 61 233 158 46 60 202 11 76 112 151 164 153 156 122
    76 181 190 155 200 137 41 138 161 9 39 181 112 22 217 8 101 220 98 1
    136 41 135 102 175 84 39 64 255 78 198 121 127 175 66 41 103 59 208
    20 105 248 118 229 241 47 188 230 28 36 183 236 29 173 193 244 195 1
    50 13 173 180 247 30 225 171 234 27 194 91 9 58 163 219 169 130 3 13
    247 247 61 146 32 212 183 7 75 231 230 37 167 8 104 97 19 254 66 23
    105 44 1 30 185 255 157 92 37 25 176 251 227 72 133 80 239 139 82
    124 230 242 60 13 245 46 121 37 0 231 5 71 207 178 230 11 204 86 249
    123 145 183 12 76 18 125 99 0 22 255 109 254 167 242 187 144 35 158
    0 204 175 159 36 148 27 6 19 141 19 215 103 22 235 27 181 230 193 28
    110 169 104 85 163 30 145 45 77 197 115 171 7 90 245 201 58 212 97
    91 254 104 2 149 242 185 209 255 103 20 39 220 189 36 214 123 240
    228 145 158 147 222 97 236 198 35 215 220 227 78 48 86 232 246 104
    52 184 128 65 122 124 216 112 59 245 34 50 211 14 38 105 207 116 195
    17 126 132 182 244 13 166 153 224 114 235 183 147 5 190 22 32 178 26
    217 54 12 219 185 58 250 24 28 232 108 62 58 125 32 229 18 72 129
    193 167 251 137 152 5 145 115 195 244 9 191 111 19 25 228 206 161 16
    165 74 193 27 32 152 38 28 222 112 32 145 110 158 216 40 196 22 136
    119 63 166 246 237 63 74 87 19 70 32 98 183 160 174 75 240 155 41
    177 82 208 97 44 12 6 92 239 133 159 236 55 77 20 198 178 105 165
    196 98 173 56 217 1 155 18 193 253 33 143 172 81 255 56 72 19 175 58
    209 12 73 181 161 117 38 45 209 130 104 61 13 95 227 165 182 48 99
    160 82 160 93 141 218 198 93 58 143 198 75 52 226 90 137 246 15 78
    215 63 207 244 91 110 100 255 28 228 99 14 134 68 170 107 94 212 20
    200 155 64 122 154 81 47 237 31 154 218 75 171 147 197 91 33 115 118
    70 120 98 67 53 161 114 146 227 222 52 82 231 204 34 248 194 232 41
    171 163 68 3 13 99 178 195 55 51 164 156 182 137 134 62 188 157 50
    68 13 174 223 106 39 191 96 92 135 179 239 63 0 209 151 129 164 52
    193 114 95 163 179 78 210 193 224 173 211 54 238 36 150 134 11 31
    226 45 57 62 14 11 179 227 35 165 13 167 58 208 207 53 59 37 233 135
    252 233 52 254 221 26 93 157 172 183 235 209 137 217 41 199 129 206
    9 3 33 207 30 116 238 26 95 103 117 176 77 114 14 222 78 171 212 166
    61 213 20 82 55 64 17 119 155 72 163 183 146 248 15 203 68 210 193
    105 243 66 136 121 205 137 145 185 106 193 70 127 62 124 152 82 114
    227 174 80 75 36 240 129 133 210 28 214 184 119 69 167 14 197 235
    235 85 211 16 21 131 241 19 147 35 156 215 224 35 95 10 13 172 203
    215 176 123 191 42 40 162 226 121 12 227 219 56 124 61 138 55 232
    114 212 25 34 225 175 103 235 37 89 129 172 106 134 232 110 18 67
    110 172 12 77 57 189 73 41 50 202 204 52 98 228 136 156 135 72 252
    100 196 105 235 186 18 85 66 160 105 159 45 254 214 197 172 32 90
    158 102 13 85 116 20 125 41 37 179 209 184 23 192 206 102 141 78 62
    57 64 87 52 165 19 177 11 98 15 224 207 245 239 39 137 8 166 58 252
    169 58 120 169 117 234 143 57 141 214 107 150 83 148 179 48 210 154
    170 211 237 72 113 247 28 47 53 209 89 174 34 101 36 141 141 71 248
    18 11 135 239 125 47 191 174 130 83 222 114 189 3 109 157 111 14 155
    193 176 19 157 52 235 250 205 224 67 224 238 10 91 224 138 192 211
    18 47 163 64 139 193 88 116 50 103 51 102 77 40 11 37 43 116 19 169
    204 37 48 131 180 19 168 79 64 129 178 212 196 88 243 114 21 219 82
    31 44 226 152 245 118 223 163 30 90 71 4 206 45 238 158 144 162 220
    42 25 32 10 27 87 70 134 64 114 229 19 36 154 26 34 64 37 205 128
    144 107 61 169 6 132 85 210 6 226 252 58 141 18 186 84 134 214 87
    166 198 111 135 100 134 55 140 64 189 21 105 154 166 193 157 91 36
    203 162 163 69 94 158 143 219 150 77 132 106 144 136 255 143 142 144
    133 244 111 195 179 226 215 126 8 237 171 96 33 230 89 211 159 61 95
    253 9 81 161 185 130 165 141 65 25 250 137 181 136 227 211 118 200
    24 199 3 90 0 207 112 251 160 8 191 186 209 192 255 62 200 168 20
    254 234 75 99 112 7 98 53 31 188 142 179 49 133 184 189 191 226 228
    177 76 115 155 3 200 172 222 237 40 148 59 176 196 222 33 9 7 218
    153 209 242 75 231 39 158 126 54 237 26 255 171 182 219 139 204 131
    175 1 28 132 166 135 158 111 30 86 156 92 199 45 8 193 128 32 205 25
    10 125 68 16 87 219 130 173 173 150 30 180 146 132 75 50 226 222 207
    233 76 183 179 127 127 209 86 27 42 4 127 182 136 71 107 16 53 159
    74 44 31 181 114 44 241 81 26 222 76 135 32 168 192 42 172 232 158
    15 139 211 248 27 251 211 225 23 203 82 177 177 25 108 15 163 144
    171 222 211 57 180 154 185 49 65 56 115 98 82 115 120 103 36 54 243
    207 203 87 162 196 174 8 231 130 223 149 225 230 158 81 150 170 50
    254 52 209 2 32 25 78 79 41 185 95 126 215 97 86 138 56 253 170 165
    191 123 136 175 240 92 215 191 192 31 162 208 192 159 228 98 223 52
    70 97 254 68 247 93 13 5 45 180 140 8 8 164 37 179 202 236 41 180 93
    48 164 227 10 20 182 16 184 18 18 140 224 105 110 97 133 243 53 23
    161 8 126 233 116 156 99 10 61 225 92 176 123 117 209 94 23 205 231
    112 240 75 249 41 200 74 167 169 247 41 96 162 229 58 73 200 21 57
    115 24 98 226 246 169 241 106 4 219 59 161 167 177 185 159 205 109
    103 41 154 1 215 213 219 16 17 61 191 149 113 25 158 93 145 8 9 24
    112 191 33 93 50 126 56 100 190 4 160 155 89 52 7 146 168 3 87 46
    139 63 195 169 80 1 88 155 104 43 65 145 23 162 144 229 46 83 217
    158 58 254 150 38 201 57 134 64 57 209 121 131 51 57 68 50 133 133
    212 83 216 47 105 90 132 9 15 141 94 180 108 226 41 228 234 221 174
    35 17 59 125 46 124 30 133 98 222 248 149 33 20 237 68 253 197 152
    221 100 79 162 208 8 164 137 43 226 101 24 214 115 127 48 249 5 25
    24 18 1 152 125 248 53 38 123 184 93 47 152 132 83 203 10 123 224 76
    14 237 250 140 186 44 120 188 52 171 121 144 217 225 132 234 42 97 8
    229 220 213 167 172 100 66 127 69 203 118 168 13 229 211 241 78 196
    106 253 164 251 200 249 228 109 68 62 200 3 128 194 51 51 16 5 104
    229 151 52 156 32 39 5 15 198 135 174 204 183 149 157 197 208 95 146
    143 101 197 150 10 85 30 78 175 191 188 247 231 227 81 171 2 109 106
    42 75 200 239 57 34 110 105 25 201 21 66 6 82 2 29 250 253 94 71 5 8
    149 82 57 241 92 242 158 73 6 78 126 6 159 147 249 99 100 56 67 206
    2 104 253 46 12 7 161 37 197 9 137 71 181 224 25 46 239 61 210 184
    57 84 175 120 119 196 171 41 20 109 0 36 128 182 135 242 179 244 73
    1 4 78 193 49 233 142 244 198 127 69 104 108 143 1 34 114 131 55 63
    239 38 8 218 202 96 126 5 247 199 129 107 164 30 131 230 166 246 148
    136 157 237 149 83 147 31 212 84 42 5 186 214 63 241 219 154 80 41
    157 81 223 246 248 55 252 86 55 143 236 228 23 189 130 71 107 33 226
    8 52 11 111 242 125 207 20 148 218 11 232 231 238 151 228 117 154 48
    35 214 16 24 100 145 54 61 206 158 77 61 1 227 127 73 179 160 121
    100 207 150 56 49 145 165 231 212 186 140 125 76 8 141 142 42 34 43
    64 137 127 119 210 227 162 237 199 63 6 59 127 22 82 25 31 169 101
    134 0 99 142 79 217 160 44 11 52 214 126 204 40 122 108 43 102 191
    159 59 210 194 119 47 0 87 132 198 145 43 216 133 80 34 123 196 79
    213 142 190 164 209 10 115 236 41 164 221 122 222 66 133 134 200 153
    215 197 109 193 142 53 213 142 13 62 142 129 30 93 66 121 105 29 158
    222 141 17 250 65 9 130 33 10 108 38 202 82 91 60 40 135 141 225 150
    41 43 200 225 149 103 233 35 62 124 201 90 26 213 255 60 21 12 215
    74 210 136 100 162 200 105 23 157 236 19 132 150 59 159 70 20 87 65
    208 3 225 161 121 31 208 6 108 22 14 84 144 242 103 230 84 159 207
    181 251 116 211 217 150 201 146 234 126 170 213 172 21 171 193 73
    111 150 126 224 68 174 245 141 100 82 107 42 28 11 83 217 187 187
    144 159 148 232 3 98 255 9 64 142 39 15 43 47 0 239 20 139 134 186
    251 133 185 210 207 210 180 207 15 48 223 63 170 71 105 243 213 145
    153 201 210 83 218 106 68 44 30 111 237 252 165 46 142 70 95 69 119
    5 48 168 72 181 139 7 254 22 96 82 215 85 120 32 48 251 175 133 53
    253 79 183 111 248 185 65 60 130 106 217 53 185 6 27 143 190 194 102
    30 243 178 218 116 51 10 7 179 96 235 21 19 160 119 28 211 12 130 65
    196 8 146 133 109 88 218 248 92 38 19 5 68 55 138 28 127 67 109 15
    142 182 76 155 202 182 127 71 179 6 252 112 41 233 209 51 211 22 5
    186 210 171 51 116 136 233 135 242 111 139 197 177 216 22 36 26 232
    207 201 133 48 70 186 72 181 239 247 39 11 210 115 13 32 139 55 208
    111 87 228 230 85 180 245 40 139 74 39 55 113 213 73 129 162 193 183
    206 73 192 76 55 161 240 199 169 217 180 28 89 121 182 25 243 118
    203 194 230 193 174 17 166 219 78 138 44 115 5 213 106 39 179 235
    119 142 229 174 27 128 232 214 57 34 222 166 176 211 86 224 64 215
    97 145 187 209 91 86 39 74 177 51 181 79 241 239 136 168 235 216 189
    91 134 189 144 173 150 218 226 141 58 189 157 8 190 183 51 161 227
    152 48 156 245 197 52 9 17 59 94 107 252 72 162 172 202 44 178 254
    81 211 101 55 240 63 157 250 148 171 166 11 96 83 79 117 126 186 67
    210 152 231 135 206 157 128 44 170 214 136 99 98 190 89 125 247 138
    196 196 169 236 193 165 183 184 126 44 68 228 39 28 0 254 182 190
    215 137 173 212 70 6 239 87 65 23 58 8 118 95 135 207 157 172 56 75
    54 252 216 54 97 67 62 184 188 237 139 8 56 237 84 198 60 152 31 64
    199 135 50 16 214 190 162 156 152 44 135 100 117 247 210 4 238 192
    54 101 206 36 255 47 148 52 11 140 203 87 188 76 205 118 17 160 24
    96 124 32 64 150 37 223 196 38 211 89 202 249 220 108 41 171 11 53
    21 145 77 214 6 58 190 157 199 202 40 161 211 55 243 89 18 51 75 83
    112 216 87 174 148 61 119 220 133 232 244 233 124 158 1 192 225 83
    189 35 1 102 101 243 183 161 79 237 20 149 181 16 218 117 202 213 22
    244 85 230 143 28 123 109 79 183 103 140 72 245 17 217 57 249 157 51
    62 236 18 123 180 5 105 133 41 163 243 17 150 0 19 76 211 127 74 216
    234 213 9 105 251 146 111 14 24 88 211 111 94 98 58 21 73 159 228 25
    186 68 20 108 218 128 64 66 229 187 205 214 70 202 76 73 125 118 191
    246 23 130 36 54 67 141 171 118 147 51 82 218 183 111 104 221 205
    210 6 163 151 129 240 80 221 110 194 245 172 211 87 121 11 254 238
    89 12 78 244 145 46 123 227 89 254 104 96 233 2 245 10 164 205 134
    250 194 133 198 112 227 222 41 251 238 187 13 48 177 33 87 243 241
    247 150 36 163 139 15 56 223 204 51 156 127 46 126 203 155 201 162
    207 224 112 204 154 114 37 28 172 0 238 190 216 201 45 101 134 65 38
    78 47 202 236 42 246 123 201 212 90 254 248 53 130 157 148 252 163 0
    12 62 62 146 194 21 0 174 148 97 249 172 50 54 161 62 198 222 75 56
    36 244 146 105 171 229 154 31 51 154 83 182 212 160 24 237 197 102
    34 110 73 195 123 163 124 116 30 113 187 224 72 155 104 155 119 35
    200 86 242 56 133 98 163 46 239 37 111 79 7 188 13 33 27 101 0 245
    95 225 207 226 137 150 60 172 150 103 61 200 60 101 100 6 70 57 3
    223 252 37 179 227 101 71 246 125 236 198 227 111 185 206 12 131 70
    251 120 150 217 189 52 207 226 202 203 255 226 184 247 115 124 97
    215 187 199 116 21 47 227 173 31 94 126 5 1 206 149 239 113 54 23
    250 136 69 25 133 133 184 220 199 68 20 199 235 12 102 40 209 79 221
    161 108 206 30 44 160 77 146 172 223 172 228 150 173 115 2 142 225
    79 186 32 101 171 63 126 215 88 92 179 242 141 76 87 162 0 94 16 116
    115 112 106 156 124 117 126 202 124 98 145 113 30 114 164 201 75 5
    17 12 246 113 180 198 152 15 92 242 157 101 184 232 168 224 39 107
    106 0 116 134 12 44 176 78 111 7 64 45 206 93 255 47 131 143 211 114
    103 137 139 180 137 148 72 11 166 169 17 119 155 237 22 22 208 208
    99 207 126 70 66 172 1 135 247 141 72 132 42 29 112 244 51 108 69 69
    103 21 36 131 186 18 53 99 157 22 66 177 183 147 42 132 229 115 182
    238 167 14 119 191 12 3 230 207 9 129 200 43 87 210 140 130 175 240
    181 196 195 210 216 76 168 154 183 94 212 21 216 205 238 39 231 181
    65 230 166 170 123 26 244 135 245 137 135 7 229 69 198 132 220 116
    110 239 118 152 102 116 161 224 47 246 68 63 60 210 74 27 73 227 87
    26 125 89 194 197 226 127 129 25 219 162 230 59 46 210 157 220 126
    66 218 41 185 214 46 77 140 187 250 88 222 243 158 130 124 78 111
    252 189 88 225 214 119 227 107 109 52 106 214 17 70 222 89 138 73
    226 253 188 209 98 141 126 249 109 112 31 54 228 234 119 122 127 52
    29 11 103 168 116 36 94 116 206 205 159 239 140 183 94 207 223 115
    128 110 15 222 203 82 51 70 175 171 80 118 213 123 175 221 67 167
    228 201 135 85 19 56 176 11 213 66 47 34 136 150 113 114 233 184 68
    82 40 180 130 114 111 115 101 106 84 104 246 194 60 47 209 91 122 7
    67 248 134 218 145 254 4 195 236 224 59 126 130 45 131 205 139 80 32
    95 78 221 231 119 212 170 20 188 30 247 80 53 131 216 126 251 16 193
    159 68 226 225 183 108 185 249 178 36 93 90 132 187 203 246 150 250
    149 202 33 69 0 212 84 234 80 34 86 100 8 122 142 15 146 37 6 222 0
    206 200 202 205 249 206 28 113 198 199 0 126 23 74 179 160 94 190
    128 154 189 67 157 87 66 182 172 150 204 175 110 204 83 97 159 63
    224 190 135 64 223 59 240 58 254 14 254 54 216 33 98 95 194 150 103
    118 106 152 149 21 125 157 176 86 179 193 126 158 143 89 249 156 190
    214 66 187 70 74 162 170 169 22 225 57 130 181 156 63 209 191 110
    233 44 225 159 220 26 230 131 94 218 141 122 89 116 6 242 87 186 253
    67 85 26 20 213 149 136 209 45 182 48 76 149 183 157 8 197 216 180
    35 176 146 186 141 48 212 243 107 185 175 212 195 141 88 121 197 215
    131 149 196 113 190 58 249 251 167 97 136 44 63 58 136 63 219 200
    136 178 21 61 133 178 33 57 31 141 81 69 140 74 202 56 17 56 103 174
    162 203 247 53 132 199 106 165 73 65 37 239 103 46 19 41 245 242 241
    32 35 253 135 36 5 248 195 87 59 73 65 208 208 236 253 169 66 128
    162 103 63 157 8 9 204 150 37 206 234 92 191 91 58 148 229 235 221
    81 136 2 253 121 31 243 183 74 31 203 32 97 233 159 234 198 133 43
    136 241 205 173 197 102 31 201 153 189 253 202 18 203 234 177 90 247
    249 237 218 249 24 178 184 36 4 49 72 226 88 122 94 213 58 198 22 22
    150 135 186 114 11 214 13 97 17 185 70 232 248 60 161 205 60 80 38
    133 164 115 177 170 19 6 33 33 122 193 214 156 152 238 91 26 229 250
    90 36 232 241 126 74 146 78 219 107 28 244 30 20 232 133 23 93 242
    234 78 131 250 153 196 65 151 168 20 45 228 184 240 196 192 145 186
    84 11 232 224 18 82 9 100 203 165 160 255 110 199 90 242 86 64 160
    46 169 184 81 219 103 91 104 130 223 223 114 142 100 94 102 155 41
    234 62 77 91 166 203 71 196 195 150 242 180 129 115 26 162 203 53
    234 163 12 94 26 124 162 202 77 111 240 213 156 180 225 22 219 70
    131 143 235 198 156 13 166 91 12 80 9 6 250 82 37 130 240 111 236 37
    75 145 202 116 58 30 85 116 13 196 138 135 190 242 62 61 239 242 134
    12 174 15 109 57 50 188 74 227 50 143 176 191 151 155 252 77 59 250
    20 8 95 157 187 117 105 53 103 241 69 152 177 166 58 99 229 107 249
    159 64 41 12 122 75 153 78 58 26 254 40 132 107 143 206 244 142 106
    5 229 6 204 193 192 101 62 8 93 220 246 57 192 15 190 21 39 93 249
    113 247 57 114 172 89 147 47 227 116 135 247 103 224 125 231 90 28
    20 170 113 44 97 118 161 7 184 64 14 2 142 253 67 204 139 34 166 61
    209 139 34 150 93 126 162 85 170 138 176 241 44 199 101 217 255 169
    50 104 16 174 73 90 23 222 43 192 149 77 208 191 28 187 40 54 185
    108 216 195 119 168 139 134 0 193 205 190 159 37 37 7 162 134 39 168
    174 169 103 243 0 216 140 141 14 33 17 19 57 50 41 154 215 81 140
    154 212 107 136 78 227 101 17 82 72 94 25 54 140 179 192 47 250 31
    224 102 153 110 243 237 232 20 177 66 43 71 215 225 80 120 47 127
    107 27 18 74 159 237 249 199 226 166 156 64 229 140 49 222 41 209
    110 154 63 11 197 235 26 101 78 203 157 68 48 56 6 174 52 156 82 202
    81 83 47 83 23 180 50 74 113 95 243 107 15 235 44 146 179 122 7 222
    79 185 138 184 176 2 212 212 237 63 150 41 96 59 76 220 190 75 228
    218 237 212 151 95 128 84 220 69 159 142 123 23 82 205 218 23 220 61
    230 153 146 93 48 125 212 68 62 164 67 134 158 72 41 37 223 181 198
    219 152 137 2 92 13 19 214 132 6 3 39 155 195 182 251 52 44 194 243
    225 54 145 209 179 157 164 189 248 242 175 19 87 211 195 146 177 57
    225 211 158 191 252 152 117 60 82 189 150 86 189 255 232 238 97 140
    122 203 77 222 158 194 225 143 112 28 137 185 34 193 112 80 102 117
    96 234 243 45 70 119 162 62 151 102 66 157 168 76 42 150 32 58 35
    111 4 206 88 214 33 61 229 181 165 64 146 148 115 114 180 205 150
    105 174 243 184 223 8 11 172 49 114 23 231 200 178 247 80 156 66 32
    147 146 239 236 11 23 128 128 11 232 97 199 253 56 224 229 231 71
    103 144 88 70 154 237 96 150 234 12 201 72 89 33 66 7 160 130 246
    142 163 214 142 22 226 159 84 99 163 154 160 249 129 166 130 50 241
    200 78 99 105 31 19 117 146 190 8 203 33 107 127 23 155 176 105 75
    73 24 91 134 31 61 11 117 34 228 253 127 150 237 1 181 220 239 251
    20 66 34 68 22 16 31 128 170 49 235 139 111 127 120 208 117 100 252
    41 84 133 168 25 245 151 135 132 33 74 60 115 35 212 168 135 153 194
    253 34 132 233 94 31 169 169 109 103 80 178 231 9 124 191 253 194
    111 87 21 8 184 112 12 91 69 60 50 99 45 162 138 82 226 246 101 183
    252 199 29 154 14 116 92 146 60 245 98 45 38 150 101 18 248 169 101
    240 66 131 146 218 65 169 215 88 80 205 211 81 137 224 130 119 7 50
    2 145 60 10 12 15 115 162 207 111 49 53 211 26 164 219 77 181 74 64
    90 56 248 113 105 76 251 189 222 69 185 142 9 17 30 51 217 247 96 19
    40 98 155 169 6 10 170 177 45 60 119 158 12 120 73 96 106 19 234 240
    196 195 27 195 69 219 164 82 169 116 106 134 144 20 230 92 182 13
    225 104 67 77 136 42 220 234 100 176 112 211 38 0 249 2 230 56 44 15
    143 31 55 133 117 33 67 224 62 240 136 205 29 236 251 4 22 253 152
    152 133 173 24 189 14 52 198 13 224 44 176 70 73 204 183 252 6 98
    177 53 35 199 96 150 193 114 120 106 114 27 103 132 116 52 241 163
    183 147 165 119 191 204 154 245 152 227 64 84 102 114 31 147 8 163
    69 49 203 90 103 72 17 182 226 251 16 189 168 15 62 145 230 216 41
    254 157 128 245 217 225 53 110 41 32 234 222 74 153 139 76 231 155
    27 59 126 156 113 108 157 56 72 248 165 214 130 16 30 162 124 217
    178 197 244 182 208 37 184 183 169 86 107 227 160 159 115 34 154 103
    39 52 112 36 233 22 157 210 85 184 171 120 167 102 37 160 10 211 69
    56 255 254 24 110 92 38 233 246 93 141 88 202 177 124 114 247 239 52
    120 220 9 172 239 151 130 61 230 130 128 122 27 205 227 189 225 71
    167 155 2 133 215 37 25 144 73 21 130 115 114 26 3 82 198 188 105
    201 216 65 99 86 65 104 207 249 44 193 47 235 102 87 164 195 220 90
    98 104 101 70 214 86 142 239 171 209 17 90 130 134 41 146 109 23 249
    37 84 124 89 185 247 12 18 246 209 155 61 196 93 83 183 60 170 126
    149 158 1 82 137 24 227 173 26 208 152 174 241 60 119 249 42 217 215
    251 136 1 169 98 62 29 225 74 171 69 8 157 96 120 245 106 7 185 10
    83 173 55 106 28 197 6 200 203 195 97 119 238 60 118 17 56 176 132
    106 17 104 11 40 61 142 42 117 127 28 131 72 142 118 3 6 121 131 62
    150 193 197 228 163 105 31 154 19 98 9 240 111 197 108 33 133 41 175
    101 41 180 10 230 68 194 200 144 209 54 199 216 199 76 208 3 197 158
    3 51 208 30 184 82 143 199 195 181 191 241 57 196 72 249 3 73 46 77
    143 58 132 187 145 137 216 177 122 249 45 184 32 187 193 58 128 211
    104 246 175 252 92 111 218 27 93 245 69 12 12 14 132 29 33 0 114 89
    208 0 63 177 232 13 179 83 237 46 88 91 45 171 20 33 66 34 168 89 74
    19 35 4 36 115 251 127 83 108 56 119 45 156 160 6 181 174 90 217 116
    13 19 236 46 13 68 25 218 54 0 1 207 160 94 231 169 201 203 189 46
    49 230 113 188 31 97 218 179 36 200 116 31 209 211 57 51 246 4 28 20
    219 7 58 89 9 31 179 23 195 0 189 227 238 212 165 43 167 215 59 169
    127 118 40 197 18 158 196 46 187 38 109 242 234 225 156 139 79 21 42
    83 144 238 181 211 204 93 114 38 193 56 62 61 109 42 40 137 62 64 48
    40 120 91 253 158 88 172 197 25 232 145 51 183 163 75 134 218 71 79
    67 175 163 194 170 254 137 61 2 116 116 221 141 57 148 103 57 108
    126 246 135 130 66 195 150 207 83 47 56 229 207 101 57 133 112 54
    213 218 171 7 34 103 140 41 149 143 44 68 91 136 57 187 253 144 123
    136 145 152 182 153 85 136 42 38 134 37 92 106 138 240 24 251 144 93
    24 189 237 172 16 73 13 213 55 43 103 152 159 148 224 146 109 249 41
    197 83 211 89 119 123 213 217 142 206 121 18 247 186 209 11 224 101
    50 238 14 181 243 232 202 73 247 93 99 197 205 7 144 210 218 183 128
    47 251 38 246 220 247 11 134 192 120 40 235 107 192 131 15 24 84 237
    116 197 10 190 89 205 119 116 239 237 71 90 207 157 148 222 54 64 82
    224 171 121 44 135 233 26 102 237 53 182 208 156 28 79 222 235 163
    239 59 95 247 40 218 171 100 195 127 205 195 50 207 11 217 11 253
    195 54 7 82 177 174 212 85 122 146 247 94 139 48 146 2 255 255 199
    152 245 222 14 90 228 8 64 15 102 57 97 195 65 127 226 57 168 171
    132 224 249 108 10 74 135 170 139 207 13 77 108 37 95 186 124 175
    124 51 157 32 250 62 189 134 242 128 229 65 41 81 11 2 126 172 209
    101 31 239 226 148 77 169 179 214 26 25 209 175 77 62 121 232 205 78
    69 143 35 95 16 68 49 222 249 217 112 87 191 140 113 194 57 86 169
    129 190 142 138 185 201 51 27 131 3 236 121 206 179 49 232 178 131
    102 144 51 159 230 2 171 1 39 110 200 83 16 119 164 173 18 192 166
    128 178 200 154 223 212 17 56 232 77 254 22 93 235 134 96 149 53 121
    12 96 81 186 65 80 208 119 177 60 216 169 71 74 169 29 126 4 106 60
    4 145 229 253 86 44 158 124 144 63 178 56 183 65 211 194 134 13 174
    249 65 62 238 240 17 1 127 199 208 17 49 141 152 144 114 33 229 236
    182 250 39 20 140 205 6 40 252 227 192 122 32 220 135 197 17 59 88
    228 195 103 5 203 228 121 193 83 77 112 173 187 27 85 95 243 34 65
    70 47 100 78 77 231 149 127 201 70 69 196 44 78 68 20 70 199 13 208
    29 11 123 98 15 131 254 11 188 128 208 12 149 66 211 251 204 97 24
    80 226 184 44 52 143 18 136 18 226 68 71 164 118 127 2 240 110 84
    187 164 62 175 199 32 12 22 146 80 15 16 249 208 16 230 194 68 82 50
    42 247 164 130 247 13 41 154 58 57 122 28 138 155 171 59 237 229 109
    196 64 167 101 147 71 98 225 248 214 68 55 104 81 105 201 163 197
    200 150 17 167 178 214 222 238 252 160 139 105 21 195 92 196 248 35
    149 75 120 203 46 121 122 140 86 112 70 1 62 19 149 199 19 72 194 63
    72 255 172 133 29 208 6 240 185 8 131 211 95 234 198 53 61 52 228
    136 48 165 70 192 153 251 50 128 198 10 101 150 157 31 40 230 158 18
    69 243 182 175 247 186 66 101 81 144 22 184 226 173 209 72 104 161
    144 91 73 174 70 65 59 210 234 214 202 169 74 88 124 114 178 155 220
    157 96 185 166 170 241 42 232 91 12 165 119 14 195 193 147 108 140
    119 184 6 139 213 45 14 61 118 24 131 4 31 113 211 111 234 133 2 6 6
    63 233 70 233 182 201 80 253 195 183 41 249 232 146 83 244 190 144
    201 181 212 150 136 168 111 39 30 150 68 132 44 102 91 216 49 51 44
    17 23 16 99 166 3 152 103 29 116 67 235 39 170 33 86 160 83 218 237
    177 20 196 160 172 167 222 145 55 211 195 76 207 85 81 138 151 29
    190 203 141 151 40 145 200 17 119 7 199 77 130 3 49 49 97 122 175
    248 71 244 192 216 184 145 161 236 44 113 34 168 49 140 103 66 19
    108 92 62 186 82 121 110 213 34 250 3 15 158 201 56 109 71 140 161
    246 81 254 241 210 58 211 229 207 204 87 126 247 149 112 177 139 183
    177 34 16 237 49 148 151 51 53 17 44 120 229 200 114 130 243 217 15
    57 211 251 51 229 91 235 172 166 249 126 109 83 196 9 73 179 226 232
    195 215 159 164 47 30 129 33 226 246 235 210 206 107 204 79 226 176
    231 15 114 25 116 253 250 119 218 142 10 152 59 189 166 209 28 21
    166 248 141 23 216 13 7 232 93 112 160 137 139 163 155 11 3 165 253
    16 88 65 183 79 73 130 143 96 23 150 65 90 201 176 230 120 79 133 93
    128 228 44 227 249 185 78 210 5 76 145 129 24 62 62 153 119 139 254
    19 104 181 195 102 140 216 199 42 32 163 167 66 195 240 253 188 175
    183 166 254 174 166 225 222 73 92 8 132 21 159 28 170 92 32 215 180
    143 176 132 253 214 96 4 226 34 219 31 160 168 233 134 75 163 154 63
    251 36 121 163 168 16 123 187 113 116 29 98 94 227 202 14 175 15 33
    109 192 127 196 126 12 74 39 203 160 71 13 117 63 9 152 26 103 146
    134 149 175 107 2 203 160 69 205 118 180 52 46 237 245 240 175 237
    193 165 88 221 56 104 140 150 54 105 54 234 222 73 23 247 152 112 58
    201 210 235 214 90 131 220 103 229 154 248 168 164 242 174 24 3 147
    225 216 199 126 86 226 155 34 177 23 185 32 238 244 130 73 117 4 35
    122 131 124 43 8 78 176 134 37 136 51 143 136 197 96 97 73 176 128
    33 179 249 151 139 102 240 9 53 73 160 210 106 180 64 156 253 119
    161 2 9 230 125 194 88 138 164 159 130 142 47 230 90 196 196 254 83
    138 251 108 114 51 204 241 133 194 155 236 212 184 131 27 152 174 60
    197 13 5 250 125 226 216 46 49 253 68 123 211 139 24 115 48 106 126
    69 230 252 108 171 217 126 12 40 157 230 45 123 150 190 114 143 55
    107 140 168 131 34 150 24 191 197 228 14 91 30 65 215 46 176 30 70
    129 13 99 87 101 129 213 70 54 181 249 89 104 85 207 65 223 188 248
    219 238 195 115 139 148 31 44 212 7 37 150 6 207 110 167 4 117 118
    184 193 235 57 82 106 70 206 75 152 54 28 15 62 131 33 121 25 45 249
    27 58 227 201 58 25 159 40 149 135 4 70 33 26 171 89 214 129 206 85
    120 201 228 208 123 147 150 202 24 176 192 98 62 49 252 185 163 4
    234 88 22 148 102 233 151 243 54 123 77 182 234 87 45 164 25 32 35
    246 209 127 36 240 32 202 248 89 246 22 161 96 116 82 245 95 205 15
    184 166 97 79 205 137 228 51 66 234 164 54 100 235 152 177 145 40
    154 21 10 198 156 149 252 74 30 250 39 77 71 161 98 95 195 150 131
    161 7 119 237 144 49 211 166 45 187 32 201 73 157 130 205 11 226 237
    185 115 128 179 81 242 249 72 84 172 120 74 197 107 203 162 37 188
    81 172 227 7 236 25 234 240 59 202 229 249 58 39 82 118 104 114 251
    45 15 146 101 99 22 123 187 207 205 82 185 152 192 145 38 100 104 74
    56 70 127 73 175 243 15 231 157 176 50 249 132 71 251 196 34 166 155
    73 168 214 181 162 73 93 214 135 127 81 50 127 163 152 117 7 233 60
    20 184 203 64 235 192 33 56 181 207 150 159 251 180 48 58 224 191
    106 104 147 182 236 204 73 63 72 71 65 194 250 202 52 93 9 242 115
    238 9 40 186 201 155 104 51 88 178 80 57 253 16 161 199 175 222 179
    147 41 214 202 106 188 10 16 152 11 16 154 80 155 18 99 232 177 223
    94 110 57 180 30 102 250 81 243 217 107 233 193 91 203 45 134 127 70
    221 226 36 116 70 82 236 253 132 198 230 206 64 156 128 4 167 165
    213 37 73 194 222 169 138 40 125 116 36 207 64 66 140 26 117 241 183
    93 138 32 25 169 211 9 104 95 94 49 196 108 180 176 103 177 55 129
    39 77 123 177 20 11 142 223 135 143 220 111 115 197 32 157 23 141
    105 59 8 15 183 188 244 164 139 214 38 222 74 17 167 198 59 236 216
    38 6 20 252 114 127 221 188 220 224 111 202 162 51 157 89 3 44 72
    180 126 91 122 7 17 219 253 222 77 132 17 74 248 20 9 170 210 8 82
    216 136 116 46 109 188 45 30 122 232 134 1 60 10 118 190 88 172 208
    188 21 70 38 117 46 195 220 174 110 127 6 62 91 173 43 133 153 157
    73 37 47 156 156 110 13 211 61 254 36 96 126 202 111 133 132 71 234
    179 116 45 176 155 18 36 121 116 83 151 21 77 15 52 188 114 81 214
    236 229 76 109 83 55 211 6 49 209 15 98 33 109 49 236 197 160 88 137
    244 211 39 241 57 129 193 224 167 98 105 139 72 139 80 28 65 229 234
    206 62 33 73 106 94 16 159 117 254 38 190 153 109 247 18 165 78 24
    86 217 69 92 8 244 130 129 190 35 239 218 40 205 130 97 189 91 152
    117 11 136 127 141 74 72 85 109 207 5 182 67 103 247 81 105 164 152
    226 187 254 221 94 206 62 239 65 39 170 82 121 192 210 144 156 157
    154 14 114 130 209 210 214 148 216 217 216 187 29 1 52 159 53 216
    193 104 138 189 155 53 19 127 237 12 109 117 20 59 207 3 146 194 187
    165 104 194 51 107 224 189 130 108 75 186 157 238 6 206 226 58 214
    63 102 109 139 140 114 15 194 98 30 143 229 172 25 164 118 47 1 70
    232 253 145 206 106 30 223 6 245 193 224 129 154 43 190 23 120 38 34
    225 233 3 196 206 222 21 211 105 177 202 214 253 252 14 244 186 67
    248 126 117 134 84 191 102 113 55 19 16 34 168 162 143 252 79 84 227
    81 183 134 214 88 115 136 235 44 41 159 106 41 33 94 93 232 188 251
    84 121 103 133 67 143 191 105 59 199 188 224 36 91 124 94 208 1 229
    239 147 95 117 60 170 212 89 150 129 185 54 221 84 98 107 254 9 29
    104 224 118 163 57 219 45 113 29 62 28 241 147 22 3 38 37 202 213
    141 200 155 125 243 31 168 232 181 60 135 217 103 216 233 245 69 40
    28 230 5 175 30 144 41 6 65 72 118 129 196 191 136 146 216 237 70 42
    142 148 0 107 197 229 105 175 37 55 60 153 245 123 226 89 24 221 171
    134 136 148 72 185 228 59 86 30 87 179 79 217 96 179 75 215 43 38
    174 166 95 195 235 184 7 89 198 35 26 94 56 126 234 188 174 53 1 187
    221 83 210 66 72 55 96 99 171 77 167 178 91 250 4 211 21 72 166 156
    55 2 43 78 129 58 250 26 3 49 242 123 207 41 80 146 30 255 110 1 2
    116 66 97 24 48 87 253 76 158 57 17 7 196 214 126 120 114 159 24 131
    86 6 134 198 153 209 249 243 230 88 250 176 230 214 88 87 47 175 203
    34 173 181 248 25 14 239 73 161 204 30 247 97 37 167 43 53 255 125
    114 78 50 253 130 148 137 144 104 128 83 75 181 77 172 33 40 147 94
    179 69 121 25 172 235 115 178 215 13 235 36 238 25 83 154 213 230
    164 63 152 26 199 253 194 83 47 242 132 3 19 70 164 255 111 191 154
    45 140 215 74 60 166 195 244 35 10 69 138 63 18 149 109 196 49 119
    249 105 73 102 96 40 182 34 13 38 139 31 225 146 2 34 25 92 220 142
    14 46 91 207 67 15 90 204 228 45 252 65 234 206 222 10 48 54 75 114
    92 55 63 109 208 230 89 229 147 190 229 112 50 44 65 110 202 148 107
    64 102 93 94 215 133 67 96 242 55 208 114 248 4 172 147 139 61 2 51
    181 93 75 56 250 116 48 241 222 50 62 89 58 128 158 8 97 202 151 182
    89 25 108 163 134 170 253 85 158 170 77 218 15 204 72 240 112 16 36
    29 239 248 85 138 105 77 179 141 238 42 237 42 60 128 216 14 232 152
    112 38 80 26 5 123 213 143 86 230 168 100 183 173 80 202 203 25 250
    131 87 195 227 164 254 60 212 95 0 21 72 132 100 39 221 146 42 203
    193 84 11 201 227 126 186 212 138 127 44 83 130 176 78 86 195 222
    250 125 93 182 160 253 232 79 218 129 102 84 120 223 91 98 92 86 98
    239 189 78 66 33 219 179 175 81 5 48 144 174 69 63 165 140 59 15 46
    121 173 81 152 251 186 183 158 226 53 246 255 149 202 251 2 163 109
    14 168 189 250 247 10 41 121 33 195 198 136 227 36 214 167 186 164
    32 223 161 95 129 179 57 222 6 100 39 128 77 38 49 130 46 42 244 152
    93 73 107 213 193 60 197 141 148 201 166 138 6 73 94 111 51 20 218
    30 6 109 224 86 104 123 82 241 132 246 200 197 93 85 174 229 107 244
    128 61 163 174 157 242 173 2 115 146 154 213 94 94 146 147 56 171
    122 118 184 173 227 2 21 29 63 156 66 137 174 5 187 182 167 6 109
    241 190 67 32 180 25 133 84 41 59 185 152 244 8 42 50 131 247 63 95
    139 120 25 119 204 3 47 47 23 52 0 9 103 40 145 181 4 214 94 252 66
    124 133 195 225 188 60 187 168 29 99 254 236 83 64 6 194 140 186 92
    33 99 134 93 110 80 160 86 149 6 33 23 180 161 129 247 123 165 82 14
    28 229 128 86 73 99 106 201 252 100 102 125 33 85 98 60 213 84 124
    199 89 229 162 82 110 55 103 163 137 248 171 208 170 35 0 40 118 102
    252 222 171 172 79 255 81 153 51 199 209 182 209 230 116 70 126 84
    139 236 141 184 114 62 41 72 238 181 199 69 220 247 179 144 251 129
    176 162 48 81 64 78 44 2 124 6 121 200 100 170 219 92 135 53 124 36
    83 23 210 195 199 94 8 46 212 171 215 225 247 51 175 15 142 102 186
    74 19 136 24 221 223 189 184 76 27 42 236 8 36 13 141 124 196 109 26
    142 72 145 126 33 161 78 165 75 35 61 247 83 124 203 68 33 102 52 81
    108 233 95 204 119 192 86 115 114 14 74 121 224 63 97 206 228 228 61
    217 143 108 44 104 154 74 146 81 107 76 123 179 2 72 205 118 227 120
    103 93 27 202 219 196 195 179 246 238 167 24 10 161 212 180 192 242
    243 179 202 125 2 203 181 233 244 55 21 206 89 134 37 73 162 63 42
    110 3 153 14 132 199 87 79 200 175 57 19 100 228 99 94 212 60 122
    120 162 128 0 174 242 235 117 10 130 95 35 44 184 212 115 226 125
    169 222 103 17 62 153 211 214 107 229 169 15 209 132 2 62 73 122 21
    156 32 205 57 115 98 215 208 236 88 214 77 100 26 91 59 234 159 218
    54 23 177 134 244 214 47 153 181 169 167 68 88 230 68 53 170 115 0
    236 89 50 61 191 240 65 158 163 50 6 49 11 20 103 71 250 45 6 109 44
    3 201 107 245 30 161 195 207 95 20 82 105 81 126 239 175 216 217 68
    113 207 156 178 147 227 235 101 100 223 153 74 218 38 216 167 167 91
    117 45 74 30 227 33 38 191 224 119 212 146 233 147 36 32 83 17 90 19
    248 42 208 96 31 161 139 46 133 234 69 221 166 98 74 106 124 145 122
    216 214 3 163 47 54 63 112 250 95 17 80 61 117 42 20 157 211 166 116
    245 26 139 81 193 75 69 102 111 139 146 182 87 211 34 9 44 18 139
    206 143 185 37 251 81 106 182 96 95 53 183 231 3 124 245 110 141 220
    251 145 252 109 109 100 246 226 98 252 240 223 142 165 56 217 252 72
    87 139 52 247 74 27 32 211 113 203 188 0 111 6 151 95 43 65 107 65
    15 38 171 22 108 99 136 55 250 15 86 23 33 46 234 133 249 182 188 68
    17 105 13 247 112 147 105 174 9 60 70 92 164 73 78 235 140 47 96 208
    27 26 199 141 103 60 149 231 41 45 5 241 111 136 83 32 155 242 15
    150 74 88 239 2 229 171 56 168 131 221 227 164 170 221 237 157 25
    249 190 4 90 239 22 40 170 85 53 139 170 59 236 251 155 53 33 24 116
    67 119 22 249 163 176 16 29 204 95 158 232 112 255 158 164 37 80 33
    41 184 58 9 174 240 231 59 57 220 231 220 163 43 87 239 58 13 156
    138 150 167 147 28 180 12 231 75 198 56 242 236 67 105 191 255 228
    87 113 184 237 91 135 130 167 182 4 92 99 42 126 164 146 74 234 230
    115 83 110 9 186 224 205 217 232 235 221 166 177 78 51 248 158 211
    206 0 14 135 123 24 196 64 72 135 92 14 216 33 116 161 209 11 181
    217 253 195 163 129 28 202 144 139 106 120 107 204 143 132 48 101
    197 52 148 164 51 77 205 244 65 16 5 252 142 69 222 178 10 240 233
    147 172 219 224 174 13 89 127 8 79 163 49 192 251 102 198 116 148
    195 183 131 140 253 120 40 30 174 245 227 58 162 143 250 151 54 173
    78 87 182 2 185 89 12 83 186 92 86 84 90 20 138 3 58 37 50 13 85 134
    15 69 212 246 68 39 244 195 73 149 207 139 201 26 211 239 165 125
    165 216 32 155 56 34 131 101 41 57 145 239 75 66 78 176 185 152 118
    7 235 249 47 160 52 97 151 255 234 11 163 109 113 228 105 236 127
    184 154 73 201 112 230 9 35 63 117 65 43 177 53 97 5 87 171 16 166
    106 215 137 102 121 172 207 163 0 116 5 195 144 70 236 228 202 3 18
    235 245 214 222 162 158 204 19 172 67 76 185 105 73 173 21 29 60 175
    88 72 205 63 51 123 148 152 71 51 221 88 177 20 231 253 103 140 194
    45 42 11 117 81 61 122 153 13 132 235 68 94 155 75 113 56 164 0 57
    35 94 45 145 170 242 16 129 42 30 31 141 211 203 95 37 184 165 86
    155 173 175 254 191 183 42 24 104 74 180 173 238 125 216 168 242 159
    43 135 12 94 216 150 114 11 218 216 42 125 70 158 72 14 199 192 165
    224 127 95 217 38 106 10 133 246 45 153 251 121 245 78 49 73 18 197
    10 42 165 140 9 5 70 37 35 129 72 6 230 163 135 28 92 36 96 189 201
    118 31 194 255 101 69 107 225 36 39 229 45 62 47 138 197 125 45 110
    4 20 229 54 209 173 131 243 42 32 7 227 163 91 49 38 29 187 161 229
    212 203 217 204 47 123 46 162 37 179 170 238 246 125 82 225 127 131
    233 234 117 244 185 185 78 45 100 143 123 16 187 193 210 194 255 169
    39 2 224 169 247 6 8 56 149 220 133 238 56 227 136 236 24 69 76 63
    65 40 250 29 188 68 183 6 128 38 19 74 73 53 166 204 132 52 229 97
    218 200 50 9 172 110 60 252 89 80 104 30 37 142 165 121 184 113 7
    183 177 25 131 185 184 251 25 110 28 237 136 63 240 133 179 83 90
    108 123 101 212 172 9 221 225 109 203 170 28 104 39 48 174 65 80 131
    251 243 12 19 252 219 246 114 194 79 52 74 234 191 28 33 253 9 226
    155 175 71 16 46 114 12 150 219 185 191 101 71 41 195 148 94 255 185
    155 61 57 105 123 202 145 68 72 251 77 113 95 223 110 110 42 16 247
    158 10 160 83 214 89 210 196 98 3 183 197 196 138 111 3 119 119 251
    10 220 151 163 94 117 86 232 127 142 137 19 211 246 8 240 178 85 172
    16 34 77 113 187 53 61 202 30 49 15 97 135 228 21 149 37 226 146 173
    229 67 222 164 82 123 156 154 117 171 219 246 92 209 155 183 65 175
    18 3 189 100 140 35 243 226 238 147 98 165 94 141 180 104 57 82 59
    100 30 23 173 180 51 202 71 32 226 9 193 223 221 82 72 226 70 28 60
    36 90 68 240 73 184 173 26 243 34 2 52 24 60 69 247 112 147 72 171
    74 94 50 122 217 4 189 202 125 40 40 228 135 59 150 68 166 237 91 18
    169 255 218 210 140 241 208 161 155 240 126 253 19 210 16 249 35 75
    100 76 96 111 28 28 199 140 226 202 138 246 133 17 3 180 70 158 179
    78 27 204 2 251 8 232 0 146 214 4 37 219 217 249 143 238 13 205 39
    136 70 149 99 171 217 43 224 68 230 137 80 10 71 141 221 142 44 141
    195 216 95 136 153 255 116 45 80 197 79 168 29 62 48 167 6 152 65 52
    246 99 244 67 62 133 106 70 177 194 215 13 115 174 143 204 236 201
    61 184 86 72 90 47 117 143 83 147 47 9 116 229 94 246 131 47 229 50
    17 115 121 38 201 177 199 114 24 219 83 83 183 182 54 73 69 198 162
    148 125 143 2 171 132 111 124 163 243 57 77 121 101 67 195 227 4 138
    44 76 157 126 246 230 68 171 24 227 83 247 229 78 22 227 69 37 147
    177 120 250 89 183 180 180 26 133 192 59 5 17 160 105 162 229 1 73
    18 214 43 111 223 60 185 176 227 155 117 248 202 20 29 32 249 97 210
    62 115 62 134 67 123 70 157 144 118 22 38 58 138 173 114 99 5 113
    240 216 1 17 196 125 160 177 217 181 161 228 134 122 74 28 166 223
    249 188 116 22 137 248 202 151 214 86 136 99 205 92 196 222 48 160
    134 114 72 52 10 77 111 169 100 1 77 129 122 128 117 176 22 208 174
    160 129 40 212 17 207 154 131 73 111 10 61 118 34 7 6 154 51 214 4
    125 249 16 239 116 202 152 105 227 103 162 80 115 1 200 211 75 211
    221 175 124 115 51 28 42 231 185 53 23 25 87 172 95 69 221 18 32 127
    248 15 53 94 9 20 142 220 83 254 221 144 241 71 83 86 120 239 220 76
    70 208 122 243 211 68 26 93 109 140 172 15 107 35 39 216 190 204 193
    2 253 232 28 82 253 93 42 212 120 217 227 52 63 122 69 192 171 246
    199 177 150 173 187 92 207 133 197 231 79 13 84 64 253 206 159 179
    89 71 238 23 209 126 252 137 46 137 139 205 43 235 160 213 110 226
    33 226 93 43 30 8 208 121 30 155 179 110 91 90 130 122 218 31 199 1
    134 41 139 144 200 200 49 128 52 202 249 247 98 250 15 232 30 16 9
    189 113 43 1 204 100 251 246 75 52 35 77 254 188 142 22 23 208 248
    241 214 226 185 63 202 145 74 109 10 171 204 233 65 217 148 121 13
    201 139 161 164 46 79 230 18 169 36 149 121 76 148 235 60 57 197 39
    16 111 12 237 254 110 240 12 72 77 177 194 131 252 19 253 239 125
    119 102 201 94 153 177 230 143 121 174 66 30 56 185 101 171 83 251
    185 250 3 230 22 159 91 101 183 135 144 185 6 237 115 52 17 138 156
    185 26 66 142 110 25 62 130 125 203 71 118 48 178 142 12 111 92 254
    120 238 225 44 107 63 60 6 42 215 187 249 80 142 237 14 104 77 44
    235 42 18 188 44 131 25 194 134 78 237 16 174 169 213 77 209 255 50
    13 60 19 213 244 210 160 83 223 253 135 142 1 169 118 251 149 5 116
    207 7 14 53 164 126 4 100 243 24 245 226 249 16 3 147 4 151 11 47 59
    209 101 234 167 221 7 91 244 233 107 208 105 168 2 43 239 84 46 169
    199 247 45 31 232 104 165 100 121 17 92 149 255 162 186 86 84 39 234
    69 171 76 33 170 115 69 212 79 199 145 109 89 45 14 10 211 138 62
    171 141 62 206 123 162 245 0 59 148 178 243 135 205 191 55 25 147
    131 162 218 6 61 220 68 70 70 177 132 177 56 26 27 244 64 46 31 100
    2 65 145 70 75 79 101 62 244 73 130 13 107 215 61 185 28 91 39 223
    169 41 75 47 226 92 8 187 251 140 185 131 51 252 231 117 49 241 224
    73 240 76 116 37 248 5 0 39 85 20 169 100 50 88 52 208 51 128 17 230
    220 253 181 127 26 234 133 214 35 32 1 115 26 163 28 142 235 253 28
    99 54 186 247 195 146 200 22 248 223 205 106 10 154 199 61 88 197
    101 154 175 102 219 111 202 129 17 154 162 109 14 215 249 9 59 123
    175 232 251 33 180 120 99 1 150 198 208 186 206 120 54 57 20 228 178
    76 90 148 151 229 41 228 208 146 113 117 31 65 167 0 211 162 59 53
    190 37 219 158 109 231 136 129 53 211 182 38 18 114 121 6 72 29 212
    223 181 61 155 192 58 80 133 239 195 164 71 146 207 76 197 199 236
    172 51 23 120 158 176 211 230 102 54 232 220 122 204 11 129 19 210
    198 242 168 239 209 246 236 12 166 121 138 66 232 180 214 242 186
    104 247 9 78 37 108 242 62 196 130 18 246 110 86 145 16 187 198 202
    157 54 250 219 180 147 42 168 158 61 101 151 204 100 189 237 37 100
    100 136 173 143 75 138 63 138 89 23 191 52 146 29 117 114 193 203 22
    173 73 100 44 31 208 22 84 112 67 13 134 35 222 179 199 210 64 137
    112 236 111 195 158 84 119 31 96 57 201 0 68 194 47 22 16 4 125 5 40
    27 232 36 99 255 187 167 146 64 66 38 68 163 36 20 81 84 103 39 203
    10 8 104 173 142 156 7 75 6 191 240 158 204 187 130 106 194 205 15
    41 227 20 55 177 248 19 233 108 9 237 180 57 49 128 143 175 100 132
    50 150 83 84 6 134 9 133 238 104 115 254 241 77 170 117 232 12 217
    17 1 87 170 1 221 120 218 98 123 157 70 49 230 214 201 132 252 242
    95 32 18 91 127 203 59 124 4 44 153 110 18 244 117 187 211 67 172
    219 60 238 170 1 110 200 151 192 204 94 32 29 255 81 227 86 8 99 150
    159 77 177 101 215 177 231 61 146 8 89 115 244 147 192 183 94 243
    163 223 123 234 214 201 111 237 53 180 119 96 248 158 167 166 11 247
    153 17 40 141 221 79 150 126 39 90 6 91 219 143 118 117 171 0 109 87
    169 24 129 213 229 143 242 97 52 27 132 177 4 104 117 118 178 138
    239 44 113 82 171 104 28 26 245 68 157 187 15 109 108 143 172 222 8
    157 138 195 221 135 10 123 133 120 245 37 2 207 61 97 237 14 197 185
    160 48 23 25 19 172 58 158 67 191 215 183 247 101 81 48 39 7 172 111
    7 46 240 156 189 206 49 139 203 178 151 67 81 52 1 125 218 15 194
    242 218 10 148 23 140 213 8 243 137 188 62 45 108 20 192 16 207 138
    218 193 158 178 102 215 107 202 243 225 210 27 3 100 181 106 171 63
    123 240 124 194 254 200 227 125 224 68 187 68 57 39 39 136 160 2 96
    151 142 158 43 52 72 153 193 15 85 1 38 39 141 95 50 245 75 197 148
    80 192 56 86 209 106 138 180 202 82 194 169 71 37 100 134 121 50 107
    147 122 14 206 92 19 24 160 158 97 226 59 202 224 184 147 86 8 239
    127 197 66 249 91 23 8 25 191 129 116 244 195 247 0 169 141 123 228
    199 38 35 74 206 188 231 173 242 114 167 183 170 161 47 80 65 191 78
    184 229 154 202 253 231 135 229 236 31 193 121 52 1 140 202 150 100
    204 47 215 183 53 190 162 42 116 232 58 115 87 39 22 6 170 199 58 52
    143 130 63 158 174 70 207 153 32 194 180 184 60 215 40 121 88 116
    181 81 223 35 58 180 175 167 65 177 158 44 63 203 89 86 126 21 225
    80 82 239 216 225 180 34 162 90 162 10 15 3 234 146 116 213 83 143
    235 69 213 122 11 80 48 174 43 103 169 78 128 151 2 74 17 1 120 121
    179 115 13 42 141 18 28 47 44 178 191 3 211 213 230 237 120 149 68
    154 172 197 181 123 20 224 119 251 222 53 57 43 137 89 141 21 87 154
    198 107 66 241 192 91 170 7 151 234 86 172 172 125 181 98 10 76 35
    63 253 24 247 227 168 164 205 241 197 56 29 27 93 125 14 23 80 226
    57 141 14 134 211 46 171 177 127 183 183 147 47 27 174 173 245 201
    31 229 241 77 14 242 134 197 49 129 232 83 8 162 165 51 38 112 119 3
    50 82 120 238 84 28 39 134 198 50 103 157 180 168 123 223 130 37 1
    10 103 222 65 217 131 27 161 130 212 86 217 231 30 203 233 87 120
    125 228 197 1 144 58 141 96 92 31 82 78 111 134 154 6 58 32 74 237
    20 5 9 20 11 127 87 203 82 234 174 198 121 249 207 70 163 46 11 143
    159 221 64 144 123 101 20 213 69 22 50 227 117 18 45 96 94 190 1 239
    218 67 21 73 212 210 124 222 133 234 114 127 58 155 169 209 11 96
    132 166 168 57 85 200 154 176 113 90 89 158 230 231 135 34 218 197
    36 99 249 61 21 26 205 226 54 20 93 44 152 133 172 223 150 39 212
    191 68 17 105 112 110 254 136 223 94 24 210 79 88 93 135 69 161 248
    113 150 237 82 165 94 94 141 189 51 79 119 252 136 179 166 157 18
    179 58 131 164 123 217 237 24 156 236 49 65 245 40 4 77 75 218 131
    73 109 161 181 135 158 100 162 35 193 150 188 135 195 170 183 111
    149 98 211 213 170 15 98 32 227 19 19 138 180 147 179 177 104 12 83
    162 23 171 244 238 39 57 202 243 236 128 81 122 171 145 134 146 244
    15 73 187 115 160 40 109 98 228 140 147 126 52 203 205 236 204 83 41
    178 20 41 219 21 15 125 34 196 197 104 152 99 54 64 37 51 165 178 39
    229 154 137 214 77 128 32 181 236 54 224 159 149 190 183 199 14 220
    148 181 168 118 7 34 160 197 154 218 51 64 216 39 26 75 207 55 216
    88 45 42 204 162 103 130 131 159 27 5 200 147 117 137 29 36 234 249
    104 144 139 207 90 144 60 80 13 9 153 13 76 235 123 214 168 51 185
    225 250 35 99 68 245 16 96 135 104 170 88 55 129 117 59 166 90 19 46
    149 74 82 161 57 177 103 255 35 161 12 133 97 133 23 156 121 230 99
    125 29 59 44 15 128 89 81 208 5 154 0 174 130 86 211 144 192 81 111
    69 88 9 167 109 228 109 32 177 124 110 52 203 206 138 13 51 153 49
    244 184 135 221 224 70 248 55 7 186 13 123 176 89 121 227 18 85 16
    218 116 42 141 17 84 85 240 236 240 234 19 163 216 122 117 73 7 1
    100 102 156 190 66 252 79 1 0 22 194 184 145 171 92 177 55 139 208
    39 199 101 130 106 93 209 8 145 134 214 122 24 86 167 96 157 225 218
    99 28 145 41 135 39 67 118 145 158 112 65 60 155 21 12 253 145 25
    103 66 119 111 251 46 123 177 154 8 215 181 129 43 187 60 164 236 54
    30 28 6 233 194 139 193 167 120 25 81 157 156 111 57 169 150 52 89 2
    150 154 213 123 170 11 81 206 222 201 152 109 188 85 188 227 231 51
    14 94 136 50 80 149 122 157 89 99 56 254 54 11 60 0 149 228 125 67
    141 198 53 235 9 244 7 178 237 88 252 177 128 233 53 177 27 39 128
    232 21 19 158 23 49 149 46 249 112 194 121 5 197 187 37 152 36 212
    224 155 116 111 56 177 173 156 2 36 46 147 30 61 39 252 89 33 70 175
    228 42 14 89 72 47 55 13 78 119 132 148 139 142 82 0 16 108 147 60
    40 119 204 120 246 239 166 23 24 126 255 77 162 200 149 56 136 78
    241 189 109 198 34 7 52 179 27 223 147 144 25 238 121 146 111 4 49
    60 171 124 252 123 83 99 134 12 30 70 81 199 79 161 209 148 31 240
    74 221 164 75 186 79 20 196 122 124 192 155 219 68 210 21 197 106
    197 219 150 116 164 33 230 57 138 191 106 218 3 32 89 219 112 231
    102 165 46 1 202 138 81 122 15 5 183 40 109 71 105 155 243 82 10 28
    184 174 252 126 239 236 232 7 232 232 174 180 249 107 170 203 76 177
    230 85 77 215 198 152 197 240 70 196 78 11 131 198 175 237 4 133 214
    15 173 224 74 22 138 106 190 197 24 150 55 90 130 146 224 244 16 47
    232 190 142 54 171 65 35 62 219 124 194 21 227 27 8 46 26 172 16 201
    213 7 62 4 239 156 216 47 213 178 20 206 42 12 200 150 180 203 177
    182 97 178 59 248 143 244 88 87 30 38 245 119 198 228 102 67 102 178
    138 253 1 200 222 130 21 87 40 106 8 191 83 4 172 235 14 184 16 236
    62 153 207 111 43 156 139 81 123 134 218 175 255 65 227 239 12 110
    174 49 35 126 242 2 32 190 10 7 67 114 173 58 43 134 71 107 193 108
    41 191 158 188 51 160 173 238 55 120 49 3 105 67 104 6 249 243 19
    228 42 106 158 232 34 49 192 6 40 33 115 127 18 159 181 111 118 67
    161 170 159 223 192 93 67 178 154 245 252 238 97 140 159 118 109 57
    36 193 104 84 122 186 84 110 78 216 76 121 59 3 214 170 176 107 193
    216 195 228 44 234 101 100 102 136 52 116 195 92 66 157 163 178 35
    251 102 61 22 20 252 155 63 66 146 16 77 198 24 34 151 80 172 94 74
    252 30 148 254 215 202 230 65 91 152 60 253 89 10 150 57 244 57 85
    255 194 59 161 201 121 36 192 214 77 86 233 166 181 117 175 102 172
    247 197 206 167 151 106 153 43 124 107 25 46 186 145 90 95 123 169
    94 249 39 137 249 146 122 227 51 184 231 49 139 252 108 40 53 116
    133 184 46 160 101 233 153 4 43 25 117 150 112 218 89 7 200 137 114
    220 97 151 26 151 188 247 56 62 255 141 210 31 12 193 58 225 39 9
    195 197 33 32 42 9 170 236 246 69 174 16 228 47 230 120 6 0 204 118
    12 64 177 206 167 46 216 116 39 75 4 54 32 96 34 125 2 170 197 10 18
    179 77 28 54 28 41 179 167 67 64 66 72 105 129 140 204 157 187 113
    42 54 206 252 173 69 160 17 200 252 237 93 147 216 92 186 135 29 164
    62 7 115 197 170 128 178 169 90 23 9 194 189 168 23 172 79 136 217
    57 244 103 136 28 127 122 172 10 70 27 8 103 250 221 112 185 10 183
    175 24 243 69 239 89 155 10 35 194 126 107 211 61 237 240 23 109 87
    47 98 163 228 178 87 178 35 187 38 102 63 246 111 154 205 203 41 89
    220 240 167 250 206 13 79 121 174 245 47 56 143 129 86 57 33 188 40
    82 69 28 17 114 193 151 64 47 68 98 81 146 216 104 188 108 68 178
    180 111 148 138 234 194 95 97 141 55 22 4 146 147 121 98 145 194 181
    161 163 213 132 84 37 128 187 195 203 236 241 218 239 219 200 199
    248 151 7 247 120 228 212 253 88 218 191 167 92 166 187 176 58 120
    249 43 251 171 228 162 174 88 218 112 178 156 154 217 65 108 224 183
    146 6 164 103 241 167 47 59 62 82 158 238 189 2 164 18 85 167 94 211
    140 232 102 116 163 65 95 255 1 29 24 80 221 7 11 135 167 246 134
    223 25 87 181 234 156 41 173 203 230 189 216 44 181 139 3 227 185
    134 50 34 68 115 189 27 214 54 223 183 96 76 125 106 240 223 91 27
    102 79 132 156 30 83 129 188 51 199 90 124 68 118 237 26 21 166 85
    85 63 81 218 197 113 163 51 129 100 145 228 116 239 93 13 26 168 118
    4 71 238 0 171 140 209 251 121 175 145 38 253 255 132 51 166 133 218
    174 34 4 8 60 57 76 214 15 110 166 22 178 0 144 172 75 179 169 31
    205 60 194 75 182 227 64 192 30 52 217 61 29 26 116 7 1 247 190 241
    202 90 116 19 178 132 202 179 17 142 229 129 155 212 111 245 109 202
    177 205 177 42 14 33 89 72 22 134 28 39 206 0 138 36 24 3 83 180 208
    35 199 75 80 231 173 247 36 167 106 163 27 63 215 146 113 176 236 71
    84 120 174 201 72 73 196 155 87 169 76 138 245 250 240 151 253 14
    222 192 21 127 18 196 154 245 15 41 137 157 162 37 24 195 206 255 32
    193 236 90 24 143 222 154 120 189 27 237 254 193 16 116 7 99 28 183
    59 140 173 184 16 34 24 176 161 94 35 203 90 240 91 137 123 193 172
    6 106 51 10 92 172 2 215 231 164 74 3 214 153 8 44 193 228 174 58
    184 206 125 91 137 48 11 146 247 103 164 10 236 148 8 106 131 252 82
    198 132 23 244 73 237 118 110 178 184 18 88 212 156 20 253 226 13 8
    41 189 146 183 7 177 200 55 167 58 9 213 253 26 60 81 100 149 161
    245 69 217 119 7 54 134 224 225 249 19 52 5 98 130 18 85 2 187 78
    134 218 18 98 249 3 145 2 1 255 148 191 145 119 43 214 123 133 102
    203 48 235 147 104 27 110 200 111 193 238 118 134 198 206 222 100 81
    40 201 79 85 184 50 174 191 178 141 109 232 28 150 193 122 62 95 228
    154 249 160 12 85 30 43 57 160 32 148 195 92 19 55 43 81 66 239 157
    49 248 212 165 35 136 130 251 94 58 43 87 251 91 73 128 182 30 188
    128 230 105 106 34 214 50 140 219 115 90 44 191 45 47 233 29 66 140
    207 69 61 78 152 142 87 254 233 20 215 110 47 184 119 85 232 44 244
    233 4 157 224 176 66 39 89 44 101 114 109 122 19 224 95 69 220 112
    203 204 25 139 1 214 154 228 152 46 241 247 204 51 135 137 98 243
    242 247 124 111 23 254 85 15 252 124 100 22 23 112 37 173 94 42 47
    49 117 37 67 78 64 148 152 197 150 247 238 128 120 106 155 112 58
    253 205 112 56 195 113 255 213 195 27 177 66 122 241 40 165 12 179
    173 38 95 49 35 255 223 131 90 231 231 167 210 125 142 220 90 91 185
    193 204 5 152 192 7 166 61 25 208 38 25 50 231 236 167 212 49 91 154
    132 2 216 145 150 181 147 79 225 120 85 200 214 135 159 229 255 119
    177 41 166 179 194 176 137 117 92 97 175 244 47 223 30 233 249 96 91
    109 185 181 104 147 247 61 240 154 125 224 19 12 250 52 153 21 206
    254 180 92 109 98 63 247 129 74 67 86 164 107 242 161 132 44 27 196
    190 186 205 156 26 167 45 114 55 181 219 4 112 216 234 118 224 207
    37 63 57 178 78 178 87 69 66 183 102 189 184 206 93 107 69 162 141
    79 148 123 97 16 157 247 41 109 45 225 234 149 49 226 47 28 219 113
    199 81 94 129 12 155 176 221 243 25 67 58 236 246 110 219 105 87 102
    24 130 217 109 151 98 244 14 244 39 91 13 248 94 143 9 254 58 79 125
    231 201 175 38 38 0 79 111 78 147 2 229 177 2 51 45 217 192 170 125
    32 15 123 202 181 127 100 178 87 85 52 95 221 129 114 234 4 207 102
    218 215 156 103 255 189 241 101 192 161 37 166 125 255 32 60 30 234
    247 180 15 154 233 216 104 203 225 240 182 44 107 91 235 130 218 62
    61 116 165 45 77 96 96 180 253 31 56 200 172 29 189 44 251 158 88
    145 102 143 24 102 9 227 117 35 208 107 159 243 203 161 126 85 219
    149 183 180 136 99 236 112 22 194 219 155 135 41 165 94 172 79 223
    40 54 16 164 139 15 248 153 91 176 0 12 58 131 237 223 236 49 240 31
    109 192 233 228 22 68 87 104 91 75 34 194 91 130 14 241 25 147 160
    255 22 40 17 106 198 236 120 236 211 179 222 123 220 81 122 132 135
    176 177 55 238 102 229 157 149 252 87 252 18 209 229 251 171 216 245
    142 58 153 190 150 249 249 154 8 100 6 46 147 137 47 57 7 207 221 13
    95 1 231 67 56 26 97 104 162 71 143 150 1 92 98 64 241 15 171 187
    168 12 151 30 181 165 31 47 87 95 134 81 242 177 57 18 108 229 173
    143 218 33 196 3 38 170 186 14 1 71 24 118 129 163 239 127 124 8 219
    82 181 28 106 163 63 210 34 36 155 213 162 68 72 247 38 131 94 62
    109 14 142 2 179 183 110 106 234 165 228 152 133 149 227 80 88 162
    180 99 150 223 238 65 40 107 101 170 116 99 46 63 56 47 14 231 100
    21 221 158 135 117 147 183 221 78 124 128 204 217 193 73 171 162 152
    142 233 137 121 144 106 170 178 215 139 41 17 177 239 221 27 64 79
    144 111 25 191 14 198 108 142 208 27 153 167 220 41 9 164 14 137 53
    3 209 66 155 189 90 23 115 95 206 18 138 227 235 134 235 213 103 63
    219 40 115 113 223 147 173 106 133 170 219 36 111 169 179 153 216
    120 153 217 64 91 238 107 133 222 91 172 2 194 8 70 239 6 0 117 136
    133 105 21 77 206 175 178 158 92 92 105 107 70 149 93 101 177 144
    196 26 197 219 124 133 152 209 77 135 53 250 241 182 156 40 118 39
    207 160 29 12 198 145 141 47 127 247 96 86 106 179 221 253 46 83 228
    209 96 171 149 125 185 250 71 193 170 108 20 200 4 147 21 224 219
    157 179 232 250 61 65 103 235 184 177 149 57 223 105 33 4 255 165
    247 98 88 125 160 136 122 87 94 223 139 230 6 113 206 117 60 82 208
    239 55 147 241 188 219 53 116 56 184 154 123 69 205 193 175 13 49
    203 163 13 53 138 78 102 127 242 200 198 193 0 23 146 208 141 115
    130 9 111 53 188 163 15 190 141 229 2 24 129 180 227 220 107 176 186
    42 137 141 12 198 187 241 95 77 32 245 76 133 249 13 181 149 179 101
    4 7 1 169 185 249 91 252 168 35 148 189 191 242 162 44 206 203 20 63
    148 136 155 100 189 85 124 77 228 5 22 175 138 9 99 249 64 109 77
    189 152 181 219 42 17 193 200 75 60 146 63 189 25 41 74 96 128 183
    117 125 81 90 111 242 111 244 222 179 6 96 165 217 124 152 126 148
    196 1 124 59 251 69 194 38 12 169 26 63 17 11 244 37 103 117 48 74
    124 59 114 116 52 151 236 196 209 130 110 54 13 228 76 69 126 120 45
    93 148 20 149 51 191 40 143 117 10 166 95 53 147 37 104 17 200 48
    136 207 147 115 72 152 205 174 242 153 183 255 50 13 197 249 51 8 20
    157 230 199 181 64 161 13 84 109 182 234 236 87 75 12 212 138 160
    196 193 112 13 90 155 64 76 45 111 200 110 167 54 215 20 105 81 17
    177 18 111 53 114 85 235 44 145 65 27 110 187 188 169 157 32 91 104
    209 217 103 20 143 115 235 108 12 121 221 90 127 110 9 6 226 122 119
    115 135 212 168 234 99 216 249 249 21 101 91 110 164 0 60 210 132 79
    247 221 224 85 195 140 132 133 53 3 225 88 181 22 140 32 240 222 251
    182 112 74 173 9 31 135 143 231 182 137 223 222 233 35 83 59 191 62
    153 222 169 139 200 167 55 98 74 10 182 237 31 65 139 70 241 189 195
    144 16 253 208 212 206 138 88 117 247 60 52 90 78 187 49 116 220 107
    11 197 60 61 249 56 224 114 66 141 115 171 100 179 199 132 132 18 11
    22 117 27 214 19 195 128 38 194 148 196 133 36 27 73 240 164 138 237
    183 166 39 67 243 104 103 42 189 28 140 34 232 227 55 220 191 232
    233 46 50 160 178 110 36 207 185 112 97 119 145 135 203 22 8 83 211
    225 140 38 112 208 70 72 186 122 81 38 148 56 129 171 140 221 129 29
    110 113 131 43 76 21 175 30 9 85 249 239 240 2 152 142 243 226 215
    124 234 103 70 41 109 154 149 146 56 156 105 85 80 251 118 109 127
    54 89 245 12 156 246 240 34 233 217 188 105 210 179 222 163 175 93
    116 157 61 167 191 91 177 214 219 139 150 55 36 33 13 199 114 210 23
    24 204 79 100 34 6 13 88 125 135 133 77 24 13 194 111 11 88 90 150
    139 174 231 235 26 217 119 253 98 99 204 193 179 164 83 247 139 164
    240 173 64 115 19 241 106 113 192 245 215 244 60 136 180 252 72 92
    238 67 252 232 196 63 47 73 174 91 171 148 131 195 239 121 158 28 97
    17 193 174 252 204 226 215 204 195 155 95 226 180 90 153 212 8 211
    225 41 44 138 143 116 239 140 123 217 155 216 44 238 32 241 142 238
    68 54 171 214 183 245 189 186 231 97 165 81 14 107 65 186 173 6 147
    202 159 167 131 182 59 160 136 23 179 206 206 8 242 122 226 174 254
    233 124 36 107 18 119 10 184 36 125 200 97 136 132 141 184 182 52 18
    172 185 59 217 190 87 30 248 7 141 135 231 187 11 41 228 219 106 173
    180 74 31 62 112 252 146 241 122 222 42 35 242 19 254 205 34 154 75
    200 222 79 174 181 21 206 142 251 96 5 159 204 219 246 218 195 15 13
    86 2 99 237 6 219 153 127 179 145 98 24 103 142 251 208 220 235 227
    92 77 187 232 186 134 228 140 87 68 124 26 170 149 81 185 172 135
    149 104 122 188 87 160 117 75 193 40 200 227 2 221 63 150 240 181 86
    193 82 253 129 237 151 122 180 14 46 235 238 183 169 116 220 18 99
    232 173 29 111 153 80 148 189 189 148 93 60 78 133 134 246 133 249
    137 63 208 137 172 5 99 55 214 153 7 0 167 104 41 82 111 10 55 194
    177 202 44 72 180 198 6 58 86 162 100 111 248 135 36 192 207 73 15
    196 33 230 103 254 103 27 76 118 244 139 158 138 147 216 19 254 247
    56 32 212 162 225 116 2 131 51 100 144 106 130 116 251 143 232 22 53
    225 131 220 165 66 128 119 97 197 57 89 38 16 87 210 110 98 133 2
    190 206 80 67 148 100 79 212 253 28 178 96 254 115 79 176 63 63 60
    150 151 117 73 110 30 141 48 129 213 149 204 7 245 62 161 32 22 84
    128 127 39 20 150 188 227 193 228 160 72 113 167 21 47 183 22 214 41
    231 74 215 121 230 3 203 99 170 212 48 164 252 109 193 178 102 181
    82 153 74 45 211 26 75 121 167 32 39 246 234 165 223 5 162 211 46 43
    95 7 60 214 245 20 115 151 93 195 163 187 217 148 178 103 161 214
    229 171 141 82 40 199 126 248 227 238 221 206 34 118 226 138 102 251
    127 203 227 9 0 166 162 138 6 156 35 52 181 78 164 138 39 122 245
    221 215 90 222 247 3 117 246 37 188 130 250 110 10 247 107 167 159
    173 212 49 223 80 238 149 134 196 200 35 59 125 53 200 240 15 189
    157 79 211 193 116 20 4 177 165 91 146 162 191 43 107 4 40 156 193 7
    7 124 20 95 50 8 2 248 237 10 193 73 165 116 150 193 18 163 28 147
    159 4 86 31 38 214 238 54 65 38 226 35 6 155 228 114 212 87 39 254
    42 83 22 145 187 136 211 106 127 53 218 84 206 147 14 77 102 214 180
    231 145 5 205 217 129 217 136 130 38 237 104 87 95 218 189 168 22
    143 1 29 105 204 112 230 82 72 108 193 34 222 214 137 222 157 58 208
    17 77 163 60 149 237 73 190 32 29 60 16 56 63 3 197 122 97 25 210 6
    234 193 241 49 18 74 162 224 95 108 216 99 79 207 146 37 246 7 43 43
    27 248 187 189 14 130 203 122 143 145 173 200 42 138 86 199 0 121
    191 179 67 235 146 153 127 24 131 76 113 108 197 83 2 225 166 16 32
    143 66 208 188 192 248 40 242 70 120 36 60 123 107 253 199 144 252
    13 166 123 146 150 78 41 244 210 33 247 183 245 0 46 113 83 190 218
    124 71 31 83 36 73 128 227 131 169 194 175 142 227 1 161 170 230 116
    63 215 114 188 191 44 151 55 38 134 244 99 139 38 176 128 59 228 235
    170 199 61 201 181 12 54 120 142 43 183 212 170 189 131 225 52 68
    154 236 111 60 226 233 232 80 246 236 196 244 205 14 84 166 184 59
    208 42 144 26 205 198 73 13 61 72 248 170 68 44 136 157 225 225 246
    58 33 194 32 238 173 28 167 239 1 184 27 138 169 205 225 69 28 112
    222 231 238 65 179 14 89 131 234 143 38 216 28 233 29 245 159 207
    207 115 58 68 59 241 88 22 71 194 113 12 0 190 183 39 4 181 184 105
    205 115 183 33 185 233 234 192 153 189 200 62 215 233 227 176 195 74
    32 29 172 235 177 153 92 55 169 138 37 40 179 47 93 35 23 101 17 183
    184 223 185 43 57 19 149 150 157 175 175 165 178 70 111 75 106 209
    40 113 50 166 208 182 165 99 117 152 105 251 159 216 193 83 45 53
    247 134 184 1 132 222 192 31 251 236 188 119 29 7 150 85 134 41 220
    168 40 249 160 23 76 75 59 225 24 32 13 249 155 190 61 206 186 196
    198 240 230 126 156 167 161 19 70 5 149 34 124 189 31 42 1 72 145
    206 181 96 157 25 126 169 102 201 63 38 103 112 214 45 160 124 72 78
    165 212 217 238 76 184 66 10 251 192 50 22 188 199 84 46 95 43 88
    245 253 8 134 143 131 90 227 172 86 148 76 102 225 27 44 21 234 157
    19 26 50 162 243 59 217 33 213 2 193 26 244 78 224 218 31 12 73 51
    147 244 106 24 78 221 170 26 191 119 33 60 55 171 122 228 166 68 217
    1 238 72 114 170 252 210 7 95 143 156 50 110 171 134 221 75 111 180
    172 216 169 92 104 121 185 238 156 113 165 7 181 141 72 68 206 178
    151 248 152 215 251 50 169 182 174 161 41 22 126 190 25 2 95 252 43
    16 102 14 187 201 140 159 168 162 126 136 92 55 233 175 35 55 133 83
    114 44 185 235 246 141 119 130 110 110 177 120 184 249 56 144 134
    174 29 212 247 138 123 18 22 57 11 200 9 255 217 149 206 216 87 101
    188 107 72 106 51 27 8 46 77 66 115 111 41 158 186 2 80 73 158 86 83
    67 222 37 186 131 35 188 213 196 210 212 116 12 54 81 107 57 218 81
    247 22 208 174 164 22 43 139 126 45 81 53 77 180 185 66 175 169 161
    150 4 186 180 241 152 184 12 142 32 235 172 15 42 14 78 226 9 49 16
    66 213 11 67 124 94 224 172 73 181 213 38 123 121 15 38 11 245 130
    171 165 61 126 114 105 140 177 244 46 188 25 237 45 186 97 3 31 80
    207 59 238 160 253 68 18 248 181 43 182 111 95 211 30 218 26 34 167
    233 192 65 161 42 16 149 141 23 128 200 115 4 92 82 102 97 11 16 206
    200 19 31 105 129 174 231 133 133 214 55 35 17 105 184 28 217 125 43
    229 192 151 158 17 199 13 92 59 161 126 251 39 65 21 250 44 146 128
    193 209 60 227 210 69 170 120 72 31 176 10 10 229 180 110 44 20 119
    95 242 116 162 201 59 38 179 71 149 157 212 104 175 20 113 182 95
    105 35 224 40 147 109 26 18 5 98 56 116 218 216 228 96 79 44 38 71
    247 247 6 88 126 205 241 180 232 76 72 139 164 197 31 195 150 171 24
    243 161 205 114 80 162 98 92 8 233 162 161 145 159 9 195 9 38 130
    176 193 148 35 11 180 59 147 112 52 43 240 113 167 77 13 195 143 125
    34 22 140 99 61 95 40 236 207 170 243 190 165 78 133 38 194 54 101
    250 121 215 57 123 141 66 45 96 40 172 178 178 97 218 169 142 171 96
    62 165 58 198 62 144 49 132 159 129 51 164 73 76 117 195 159 195 70
    28 153 40 21 98 215 78 153 84 225 1 128 165 159 140 34 184 143 247
    88 209 141 8 246 187 55 226 159 250 178 253 135 72 104 176 66 62 92
    207 192 168 252 178 188 139 117 3 63 62 118 200 24 134 140 235 227
    179 164 141 123 68 71 75 103 222 227 11 7 51 65 98 103 100 136 111
    131 62 200 246 24 217 99 202 63 218 17 33 165 186 220 179 15 149 121
    73 77 253 127 200 193 165 39 137 253 190 146 53 71 171 218 116 162
    146 51 67 70 37 231 8 122 32 214 249 51 147 148 199 205 196 140 212
    98 80 151 133 90 9 58 66 79 213 147 6 13 129 237 179 19 233 194 64
    209 21 231 89 250 135 178 245 140 29 67 161 47 21 194 20 94 243 183
    56 253 3 144 98 219 61 110 213 253 6 179 184 129 193 236 17 83 156
    238 139 230 255 148 175 71 190 19 204 69 181 23 225 214 107 231 47
    226 171 174 17 200 41 93 168 38 145 41 180 5 78 95 72 189 219 212
    104 107 235 251 218 253 188 222 246 168 125 102 54 248 199 85 94 176
    121 119 134 51 70 132 66 77 128 66 241 76 102 170 143 246 139 223 56
    58 63 182 248 222 138 254 39 254 104 117 45 145 209 122 59 219 65
    155 8 207 248 26 247 107 78 143 224 114 193 224 20 145 18 103 160
    116 179 34 62 240 111 216 253 204 47 15 230 224 72 112 53 204 37 201
    80 224 95 127 18 31 60 132 225 151 79 251 215 237 113 113 88 196 9
    65 198 40 250 80 130 186 85 255 119 243 253 68 53 205 245 16 30 156
    231 210 4 5 64 90 252 85 241 48 96 45 54 222 95 207 191 251 247 87
    140 234 35 27 105 81 221 160 168 76 73 186 32 158 212 231 233 26 236
    57 100 12 199 201 125 57 88 0 239 95 27 35 224 185 81 25 1 25 62 120
    3 206 228 237 35 35 242 213 72 119 89 115 54 12 207 4 79 151 244 2
    187 58 44 125 56 74 83 157 100 101 30 88 43 70 145 158 121 162 215
    161 204 34 204 131 11 56 147 228 93 213 239 206 149 131 107 76 153
    86 108 18 121 160 122 111 104 147 125 142 211 95 155 147 18 70 58 97
    224 195 240 146 150 205 143 107 182 169 134 70 70 244 251 80 145 135
    236 202 163 128 225 136 105 113 114 226 43 98 231 63 81 102 44 166
    238 75 52 141 161 41 30 158 88 131 211 150 92 136 10 220 60 39 11
    236 41 108 192 37 173 84 84 30 128 247 56 95 132 95 217 197 199 138
    64 136 87 242 4 247 111 95 114 255 226 155 58 41 65 137 230 138 237
    123 15 123 177 55 140 105 99 24 232 252 40 53 54 241 37 2 196 44 154
    161 127 213 166 213 201 210 10 12 100 124 149 14 110 255 58 233 58
    241 75 103 118 193 177 214 243 85 247 112 182 176 228 110 242 220
    154 255 210 55 149 26 62 180 245 226 129 39 86 103 235 166 121 231
    161 114 87 54 123 231 212 254 101 199 204 157 44 50 20 60 84 109 10
    186 25 50 158 206 109 202 28 128 168 120 151 84 80 75 39 207 3 144
    96 164 227 36 21 229 188 120 90 187 232 159 162 2 198 255 246 205
    175 193 215 84 21 133 31 186 95 87 35 224 101 197 8 169 255 128 226
    67 190 0 103 169 100 189 229 243 130 204 24 127 114 54 143 190 216
    180 243 36 38 132 102 42 243 24 75 198 36 194 127 126 197 90 55 192
    38 209 105 147 103 21 195 176 181 173 49 244 50 137 17 131 238 72
    216 6 59 84 82 234 212 83 242 230 202 8 72 160 21 102 224 215 18 148
    214 72 86 149 105 133 202 255 171 97 40 109 184 120 121 138 249 4
    144 193 35 115 27 57 131 122 233 209 129 45 29 195 99 210 9 222 157
    20 80 228 67 3 13 229 159 37 168 141 48 71 92 183 129 79 80 103 166
    201 111 82 61 116 98 71 34 214 191 223 199 144 228 212 252 218 220
    246 181 36 198 223 17 130 221 173 143 3 34 199 93 19 127 255 125 250
    112 188 194 125 205 193 242 10 35 163 212 17 23 202 159 5 42 50 88
    24 234 99 162 28 220 220 44 73 109 28 18 203 144 215 123 205 46 239
    142 60 153 251 168 215 73 117 70 35 155 233 51 6 170 14 184 24 31 36
    182 118 70 211 174 22 122 42 224 191 60 209 51 233 227 11 197 125
    137 48 76 212 4 232 107 229 14 252 202 119 160 153 82 163 186 45 45
    149 154 44 153 91 37 0 202 138 201 97 224 195 101 154 161 187 172
    245 209 103 166 31 124 11 81 137 157 113 208 198 83 170 223 242 132
    232 210 14 42 241 40 40 136 166 146 126 141 180 138 138 228 252 173
    142 140 185 12 126 121 68 16 172 95 1 32 143 157 39 3 253 181 180
    222 124 27 194 121 198 59 176 141 60 24 204 171 111 245 129 67 129
    196 230 121 231 44 55 150 86 211 147 127 141 40 85 10 250 231 107
    100 1 204 119 247 43 193 50 140 135 128 61 60 35 28 72 20 82 33 186
    188 13 228 0 17 155 250 111 112 199 205 235 150 154 80 203 238 199
    129 92 140 70 29 86 225 134 149 5 167 246 224 135 37 116 175 206 81
    108 163 221 209 179 161 195 15 11 55 188 67 82 211 161 177 12 18 232
    55 187 24 64 171 135 241 76 238 65 35 178 238 165 14 172 194 200 13
    117 126 168 195 229 21 165 81 156 22 1 1 133 90 89 117 193 69 51 67
    158 250 68 8 93 51 169 253 151 215 96 27 110 137 75 209 147 128 183
    223 111 222 5 139 154 198 129 209 186 107 149 245 166 187 110 222
    160 21 228 110 87 17 88 179 97 188 22 8 165 151 133 29 170 194 79 2
    216 18 220 163 138 27 72 103 50 54 83 1 86 225 170 101 218 255 67
    211 49 3 214 21 61 66 133 171 151 232 1 182 55 11 130 4 91 159 114
    50 43 131 222 175 199 72 235 11 164 231 217 207 108 90 2 80 168 219
    49 179 177 163 210 99 77 131 219 201 10 174 25 15 180 76 131 205 203
    56 187 28 14 206 133 239 193 242 55 123 191 12 212 16 18 18 180 75
    191 65 197 138 145 158 139 51 150 184 6 6 198 60 139 196 137 242 130
    80 135 1 55 239 154 14 9 20 148 164 222 248 232 101 49 198 145 1 196
    157 56 16 59 237 145 223 80 12 148 142 95 36 8 51 60 226 5 170 83
    144 248 232 161 136 210 202 103 20 153 208 169 205 229 234 189 85 97
    42 12 57 65 97 225 167 168 216 186 213 48 86 57 79 110 219 163 201
    141 69 39 27 106 232 169 184 176 214 238 231 71 197 188 116 66 247
    11 197 79 245 135 141 203 131 178 192 201 103 36 48 2 111 226 242 52
    76 243 125 66 149 76 14 1 60 23 82 3 118 57 251 184 154 57 75 216 17
    251 125 154 168 207 240 211 142 96 222 215 248 114 126 142 119 70
    195 211 69 141 87 243 240 206 97 198 235 246 225 235 120 101 133 197
    193 173 184 106 21 143 113 16 226 10 109 132 191 231 7 5 18 87 89
    209 25 68 120 156 77 182 49 100 28 38 31 48 178 72 1 207 39 196 161
    23 89 62 130 81 116 106 4 52 132 95 237 158 126 239 34 149 90 99 26
    240 209 116 56 201 203 102 165 209 214 8 76 222 192 62 89 94 198 102
    145 123 253 102 164 132 8 81 86 170 219 93 77 58 50 39 100 24 121 64
    233 252 199 95 121 66 122 72 1 216 35 13 144 53 118 198 200 193 130
    50 146 145 183 186 38 83 96 188 234 1 85 151 70 134 81 168 14 35 22
    136 206 111 22 180 26 44 198 77 133 26 212 101 199 180 176 170 14
    181 135 168 50 239 72 212 242 223 20 112 64 141 212 205 242 61 93
    108 58 225 191 192 37 99 243 193 108 202 221 171 50 122 153 168 31
    134 55 25 150 167 40 34 54 150 195 180 173 151 36 27 87 15 243 208
    215 105 40 81 233 122 10 235 250 38 251 129 88 141 84 223 74 10 170
    242 6 58 102 77 238 101 57 145 156 55 73 207 37 16 149 197 135 49 46
    247 9 120 199 60 84 31 31 181 43 254 240 108 194 141 236 87 66 255
    113 38 35 109 171 172 147 192 203 242 116 49 12 187 41 75 151 124
    224 234 114 76 255 54 67 179 90 4 200 217 175 121 122 203 135 30 24
    157 4 110 73 135 113 27 188 57 103 103 245 187 60 101 232 176 159
    110 66 136 234 190 13 240 94 11 22 225 223 140 44 22 59 212 93 165
    81 193 194 54 212 183 168 31 172 100 244 77 146 187 129 19 136 216
    32 211 126 143 103 15 115 109 71 211 242 226 90 70 204 245 191 251
    104 245 250 114 208 25 109 163 27 8 238 220 34 234 141 115 59 151
    177 201 192 208 254 93 189 98 132 89 175 18 4 113 179 209 65 117 209
    87 79 121 223 12 51 242 61 164 124 220 29 110 66 62 55 219 31 38 66
    154 237 69 136 217 37 169 70 149 225 202 56 115 202 89 205 236 251
    43 48 226 239 89 74 87 78 156 214 174 61 233 171 46 66 229 119 117
    228 146 215 124 243 36 63 182 36 42 158 130 63 221 15 52 190 145 88
    36 205 109 16 204 13 94 204 19 222 36 112 81 189 44 120 194 51 164
    122 123 36 181 107 205 109 97 219 152 183 41 69 40 168 197 24 114
    147 169 204 148 117 184 99 135 199 143 80 39 99 179 2 94 48 18 247
    234 176 42 169 14 51 66 71 227 166 209 38 48 20 177 214 40 16 46 123
    193 205 20 42 47 204 83 194 143 185 155 239 48 216 121 131 168 49
    135 221 216 127 82 103 132 88 163 125 72 2 74 32 94 72 83 171 150
    222 174 228 189 205 245 75 133 39 111 157 98 232 3 254 95 163 205 39
    17 205 233 70 240 166 55 69 1 99 143 19 60 78 65 207 27 2 138 205 24
    27 212 219 117 237 251 78 16 110 162 31 56 25 112 239 5 212 150 71
    216 24 77 13 166 87 50 248 171 153 156 152 255 90 78 239 104 169 254
    166 20 255 28 90 44 192 162 131 211 236 226 86 99 27 6 86 192 179
    114 178 208 124 169 227 133 157 30 84 229 37 156 152 159 134 174 213
    99 205 254 147 230 73 244 147 234 80 60 207 22 241 180 148 67 171
    172 53 59 181 170 124 121 117 82 216 136 159 81 240 24 69 31 200 139
    142 227 18 124 42 72 59 62 188 20 224 69 235 89 98 217 113 197 52
    147 211 131 6 10 116 81 232 80 184 213 215 117 145 152 209 56 105 77
    37 188 118 190 84 194 145 203 115 66 54 61 96 173 133 231 40 158 64
    163 252 120 10 234 30 51 133 181 127 177 78 33 125 7 254 33 22 29
    225 160 199 38 107 240 150 98 41 195 206 48 203 28 62 252 193 3 217
    204 77 105 7 198 77 216 154 226 116 112 173 78 217 93 141 13 138 21
    131 207 86 131 141 214 195 193 181 19 105 65 193 15 52 60 232 206 13
    148 109 36 7 5 96 156 194 19 190 101 147 136 114 223 5 131 32 108 34
    85 217 186 22 190 161 164 26 189 110 199 168 228 127 246 41 143 40
    221 243 96 18 53 185 207 120 72 52 154 10 23 8 29 31 153 56 52 193
    254 52 192 1 89 185 220 59 203 74 230 136 246 18 237 177 179 221 226
    32 138 154 47 168 183 82 121 210 163 194 218 105 200 72 7 86 40 82
    76 61 37 9 5 52 136 199 71 78 137 37 225 221 152 93 239 252 139 124
    28 146 220 33 194 252 200 44 129 245 44 190 175 69 223 94 78 10 39
    115 52 90 180 13 44 247 99 74 202 199 155 17 184 46 50 17 226 64 98
    228 22 206 56 227 63 74 204 188 254 141 137 138 42 109 223 83 165 16
    159 193 161 171 150 85 119 0 163 140 27 49 212 63 7 23 77 83 194 248
    136 193 21 12 18 0 99 52 56 8 11 213 226 218 48 15 237 98 195 24 52
    155 241 133 135 149 68 84 231 68 157 230 91 84 90 226 57 241 44 144
    191 4 145 115 252 72 80 87 215 103 113 251 163 152 42 216 37 30 162
    86 109 70 183 40 224 103 58 184 212 79 15 128 142 76 74 164 49 114
    162 9 236 16 225 99 140 174 193 195 227 184 95 129 91 27 238 55 70 6
    187 164 120 212 49 84 133 172 98 184 220 74 242 250 86 63 91 191 151
    150 145 156 190 13 165 123 181 209 88 178 214 178 2 188 94 242 223
    98 82 252 236 226 92 255 228 106 36 82 100 143 127 112 51 228 178 50
    209 16 225 38 223 85 228 90 110 64 181 41 215 194 52 124 142 171 195
    164 85 123 96 91 105 10 40 51 173 26 10 28 125 102 228 90 15 19 130
    76 62 80 72 219 126 16 78 161 73 184 19 113 114 254 107 185 148 32
    83 125 150 9 19 35 93 241 228 224 44 133 46 242 226 176 58 179 251
    86 41 21 242 178 210 13 20 221 129 147 85 232 228 208 131 70 191 194
    86 228 139 160 21 178 199 156 143 89 133 32 231 18 17 1 47 78 92 51
    195 8 113 122 241 227 152 192 22 236 41 173 208 135 29 30 37 59 200
    44 239 174 0 178 59 82 235 247 205 195 31 193 126 71 210 139 35 28
    37 43 120 246 135 101 197 170 254 156 51 181 236 222 213 97 28 215
    90 179 136 164 127 145 113 110 1 247 129 177 170 102 241 93 149 155
    25 166 7 209 238 96 142 206 244 253 80 86 98 90 184 88 44 67 249 67
    248 50 147 138 102 51 104 99 50 93 109 42 217 136 3 179 22 183 154
    106 142 104 218 10 59 70 73 149 138 212 16 166 54 158 147 141 101
    124 70 126 80 250 0 47 213 67 250 202 60 155 1 237 43 248 176 249 38
    144 75 209 12 151 45 161 174 144 26 132 179 3 27 54 204 207 163 96
    34 147 109 23 85 132 66 205 226 253 104 189 205 147 241 49 19 169
    183 14 179 88 170 205 172 64 71 51 34 253 142 224 90 194 145 126 205
    132 194 45 32 2 36 196 121 58 122 72 135 134 93 115 10 209 46 214 92
    51 0 10 124 248 52 11 133 84 96 60 73 211 11 76 203 192 174 124 241
    81 21 215 108 144 188 192 14 81 93 110 109 249 85 163 113 159 169 5
    101 168 123 36 87 92 76 141 19 20 123 49 167 23 68 105 103 253 226
    59 107 194 73 169 177 178 120 221 230 204 137 105 122 182 252 124 1
    239 205 26 92 124 235 241 45 146 236 88 198 35 112 113 247 41 44 192
    201 225 189 159 184 234 140 174 114 211 117 238 11 20 177 3 133 57
    157 29 159 35 178 248 20 134 148 131 87 31 189 227 190 84 131 134
    110 99 128 210 192 244 249 105 219 78 202 212 43 40 15 131 46 223 13
    84 37 164 66 161 149 248 177 160 159 209 32 59 254 223 77 58 242 104
    130 205 42 144 197 241 231 23 23 202 214 132 113 103 98 91 112 181
    120 13 40 91 15 180 63 77 194 52 53 215 146 236 33 50 42 136 110 140
    144 214 236 157 16 235 215 151 221 232 106 96 59 84 220 21 129 140
    50 79 81 59 65 69 91 56 56 76 221 187 138 1 141 35 94 83 61 178 158
    2 62 100 251 190 40 71 98 107 108 18 102 47 226 71 210 227 33 211
    151 6 208 32 159 194 146 110 124 189 241 31 71 232 117 232 47 160
    225 189 205 54 191 128 44 2 62 198 172 55 240 94 199 216 122 174 141
    164 170 207 62 42 50 218 42 91 238 42 83 109 125 205 211 231 59 1
    132 10 47 115 40 124 24 196 121 59 162 233 110 100 69 118 57 121 45
    158 90 73 95 67 86 227 159 81 239 32 168 136 126 208 69 77 18 149
    225 231 193 140 210 181 44 21 3 3 60 213 115 213 199 67 172 190 109
    171 230 85 20 241 6 16 218 225 184 86 248 209 192 182 135 175 219
    244 213 27 231 48 40 232 166 103 82 136 144 169 71 100 14 229 0 96
    62 157 77 104 174 193 49 54 148 222 206 250 158 140 33 39 188 25 201
    30 247 229 4 148 250 240 194 170 3 125 221 27 154 44 83 15 105 195
    106 8 181 155 112 123 231 150 81 16 85 225 23 147 230 192 208 214 14
    9 254 245 229 47 46 116 103 111 57 246 188 177 85 119 168 64 29 153
    0 15 54 104 18 214 99 63 219 126 43 153 7 15 31 107 32 91 71 65 229
    139 199 249 9 80 141 113 157 195 230 113 96 94 105 90 27 145 176 239
    99 146 84 218 158 102 181 18 68 25 95 6 243 165 92 48 214 40 198 252
    161 20 24 13 104 159 168 211 10 4 134 129 50 201 129 94 245 23 200
    82 251 207 4 54 72 135 169 159 96 42 10 11 75 139 60 101 193 6 101
    88 139 158 57 137 8 180 124 166 43 236 135 77 47 226 170 255 17 226
    228 142 190 64 121 42 9 30 25 22 88 162 255 216 67 45 218 158 191 13
    241 113 117 23 199 175 74 229 33 104 157 247 168 244 226 1 249 82
    240 188 82 221 148 246 209 243 204 209 153 157 215 219 199 209 119
    196 143 118 246 63 78 167 47 67 77 76 200 7 206 142 110 99 68 53 201
    95 172 25 157 233 228 39 71 47 209 195 218 240 156 28 141 216 206 2
    135 27 69 24 12 92 74 61 136 49 253 132 126 189 242 71 170 86 187
    225 200 24 112 141 51 176 19 148 78 56 157 179 223 25 180 203 111 7
    24 175 135 32 170 67 33 28 61 226 216 108 0 158 64 0 167 58 45 75
    150 136 202 164 228 197 139 248 209 232 229 245 108 221 119 56 121 6
    87 155 147 37 112 191 134 21 185 22 76 180 43 76 41 92 43 245 124
    167 73 8 165 52 232 19 8 69 18 104 40 171 174 241 49 159 198 64 53
    56 190 230 58 37 6 255 203 74 170 143 43 134 213 126 160 105 31 191
    215 65 113 22 101 120 33 226 72 9 124 85 42 159 111 50 59 201 36 81
    122 76 175 67 39 229 33 192 239 156 44 11 0 247 143 145 85 162 250
    47 88 184 163 164 240 233 221 138 241 81 218 239 96 195 47 245 166
    164 162 9 94 155 163 136 238 93 243 240 238 8 231 184 102 207 179 61
    7 37 162 127 80 159 53 209 70 215 40 25 52 58 242 91 93 45 42 15 51
    41 61 130 47 242 147 87 47 34 76 66 190 132 175 78 236 212 60 238
    114 25 25 39 220 255 229 213 140 17 252 137 175 153 129 159 64 9 94
    57 252 39 173 124 36 81 223 3 253 180 220 211 241 52 161 70 6 137
    134 102 133 84 54 213 181 115 245 94 206 240 161 65 72 93 58 95 86
    158 183 62 238 143 233 24 35 18 44 132 234 172 129 171 176 170 176
    150 166 209 136 92 157 215 101 128 179 151 186 231 154 153 131 111
    139 177 38 29 195 201 131 223 105 254 109 93 118 142 68 92 73 227
    104 215 109 94 110 250 150 201 137 28 98 207 25 69 17 140 255 194
    166 40 87 164 128 160 17 174 104 229 158 188 58 91 80 174 148 160
    153 60 95 131 142 84 134 179 131 1 73 212 138 77 195 123 243 174 110
    239 141 166 203 21 220 138 62 24 126 47 107 131 54 44 18 109 86 252
    136 250 219 185 221 149 164 176 96 113 0 58 198 187 199 1 30 178 99
    141 235 125 226 250 246 98 123 145 100 136 234 3 109 141 151 215 158
    217 59 113 225 204 112 0 37 8 208 116 218 2 207 220 202 222 28 3 6 9
    30 163 95 105 40 8 243 86 226 134 172 137 45 162 213 142 37 246 163
    56 99 63 53 148 149 159 225 25 171 34 234 112 208 118 187 61 3 219
    243 18 60 155 210 20 219 49 103 168 210 209 101 253 11 19 26 252 200
    96 208 59 54 206 64 113 74 157 145 197 107 149 140 218 210 50 49 20
    26 128 47 150 43 184 95 6 146 6 46 208 35 6 115 2 153 232 90 200 45
    74 135 115 248 249 84 112 137 86 12 116 225 126 151 190 141 167 227
    169 112 6 53 57 113 43 222 119 213 237 194 249 115 145 62 119 125
    213 48 0 82 209 220 249 28 62 240 26 225 9 151 80 129 205 54 15 245
    47 130 162 229 132 188 135 152 20 78 232 190 209 11 26 118 212 153
    37 201 212 119 167 19 96 229 27 40 167 47 122 224 28 102 49 174 43
    196 252 2 38 71 60 117 226 20 30 57 241 162 141 98 37 217 61 104 71
    103 16 165 174 55 35 98 190 57 203 87 255 37 49 170 224 181 128 94
    127 123 134 222 99 6 232 122 176 233 174 217 182 101 179 158 193 179
    56 190 158 190 30 42 219 147 66 58 20 174 132 185 240 116 235 253
    111 217 97 244 204 99 116 99 60 23 83 1 37 125 112 103 234 4 46 48
    19 69 151 247 119 142 4 194 147 110 166 158 240 158 148 233 212 136
    45 208 49 36 95 172 54 5 165 176 69 239 230 246 177 161 211 88 15
    158 199 129 172 252 191 7 44 230 99 216 189 233 65 98 169 147 80 195
    69 78 31 56 34 41 223 36 146 250 105 3 188 144 185 91 124 222 203 25
    53 31 119 18 193 153 199 232 58 157 168 40 100 146 100 142 114 205
    147 130 27 204 91 203 248 237 200 82 174 123 27 133 206 68 0 36 31
    239 99 130 220 128 234 192 71 53 147 141 243 122 230 20 27 112 163
    37 248 69 166 127 18 74 21 230 201 137 176 94 220 180 194 119 39 156
    130 247 250 116 56 215 239 15 251 38 209 7 125 225 119 255 35 179 57
    244 36 236 223 207 161 131 193 160 148 204 169 67 29 127 14 163 72
    109 121 155 154 135 215 74 234 250 133 107 128 158 109 187 164 27 88
    32 113 26 62 185 99 24 211 89 110 68 172 192 159 243 93 227 111 152
    217 237 109 49 63 88 127 197 13 139 137 229 189 185 220 183 189 108
    140 54 197 176 87 252 178 161 41 82 103 149 169 126 179 87 108 99
    118 75 6 64 178 39 225 49 96 86 9 120 233 247 194 190 131 142 58 8
    16 86 159 170 71 80 108 254 93 50 52 2 125 219 30 185 95 6 252 71
    141 183 51 147 141 171 129 201 255 198 217 98 5 230 158 216 207 93
    63 188 211 72 193 75 139 112 47 191 218 38 11 116 46 30 129 81 19
    129 144 139 73 167 69 208 114 79 183 124 58 60 231 137 151 62 137 74
    128 254 115 49 63 218 186 179 175 128 40 53 199 55 179 158 248 136
    23 55 57 43 208 207 5 44 76 175 177 197 191 196 31 94 125 161 9 41
    183 186 220 132 214 141 168 239 245 6 240 67 44 165 194 112 208 208
    47 53 169 19 39 226 59 157 75 180 117 207 148 253 63 62 171 136 41
    190 42 223 235 3 212 71 65 178 9 67 77 70 246 121 3 132 195 38 3 24
    178 250 29 26 146 160 53 214 11 62 114 40 13 171 226 126 96 101 108
    116 83 22 27 229 42 206 3 196 145 67 97 107 40 239 176 165 127 159
    94 232 73 198 77 148 140 45 4 68 19 252 10 171 53 21 139 160 36 81
    138 68 74 148 82 158 13 96 63 143 188 250 88 239 104 92 157 33 117
    74 147 144 210 235 239 102 131 232 113 210 111 167 108 201 7 236 97
    107 36 15 38 177 179 246 84 165 143 151 142 26 115 119 178 162 174
    217 55 70 96 247 243 22 138 71 233 98 244 47 255 116 130 182 121 206
    152 149 199 109 147 168 70 81 64 246 148 206 163 241 156 149 128 238
    3 177 151 230 247 177 101 10 172 132 48 175 44 202 156 235 245 74 5
    225 41 231 246 132 147 186 85 34 226 62 157 81 244 103 95 138 184
    245 29 145 231 112 168 127 148 178 207 61 255 254 98 138 252 21 44
    181 197 122 111 47 239 139 255 180 14 162 233 10 5 31 194 231 231 45
    100 164 129 144 64 30 195 72 144 77 51 74 25 193 254 153 114 72 187
    141 201 214 183 207 244 164 37 82 53 84 188 133 234 151 159 110 205
    251 64 158 63 28 163 74 156 154 66 147 121 220 40 247 221 99 111 125
    228 37 8 149 151 158 183 165 68 98 46 91 151 12 63 47 201 101 233
    243 215 123 194 187 205 122 236 57 123 248 63 61 96 180 7 168 231 78
    19 42 170 123 14 242 27 178 6 86 16 93 130 218 24 156 112 173 181
    197 143 208 25 193 205 102 147 33 28 29 55 240 242 18 220 28 38 50
    107 62 42 255 234 39 192 130 184 39 247 228 186 59 22 11 38 99 197
    200 27 218 39 110 90 228 60 78 59 155 167 103 198 61 247 132 118 4
    202 54 189 62 152 45 158 207 217 101 14 253 228 137 174 133 4 42 165
    124 105 95 81 118 172 50 201 194 242 158 132 245 105 239 22 43 180
    57 103 30 71 192 109 216 214 126 153 28 94 159 149 87 19 201 101 95
    65 235 153 132 73 141 126 237 238 176 33 53 49 90 156 27 42 68 145
    104 44 53 37 212 244 181 62 200 69 10 149 7 222 106 244 15 60 73 220
    136 49 203 41 190 4 45 252 148 218 224 165 3 211 69 142 96 77 236 5
    101 4 190 49 89 157 184 95 189 245 50 67 71 60 91 67 95 209 130 200
    157 250 197 59 186 225 185 108 229 86 74 24 109 242 75 86 33 167 24
    22 55 59 102 210 171 239 218 176 153 159 88 2 117 73 85 135 230 140
    206 178 125 148 100 220 98 130 129 209 177 255 80 32 38 198 195 197
    159 231 246 33 219 40 31 151 215 226 216 74 28 156 166 121 45 145 89
    2 14 153 174 130 35 190 187 220 41 118 51 107 101 0 216 184 141 120
    102 25 143 65 145 148 106 107 217 188 223 176 47 36 86 136 69 33 113
    190 177 48 121 188 169 25 204 102 131 109 64 177 249 28 202 21 63
    186 66 8 179 212 67 19 9 56 247 195 140 38 57 215 103 169 159 92 178
    26 205 165 48 124 245 38 91 41 53 37 89 68 62 126 4 205 216 48 136
    34 40 142 44 16 194 129 11 186 131 66 14 166 160 120 237 250 111 132
    83 243 181 71 31 224 14 244 115 195 107 190 176 242 194 138 104 22
    111 193 211 78 40 78 31 48 143 45 187 68 159 82 201 254 255 15 152
    110 29 91 243 14 215 119 31 161 86 71 251 74 136 108 207 148 68 211
    64 197 105 86 69 52 8 159 62 150 79 107 154 43 175 155 170 237 169
    37 56 69 90 243 208 77 153 215 138 46 64 71 233 20 137 143 140 189
    223 192 253 225 174 223 47 44 133 206 86 180 195 209 213 114 208 89
    86 98 97 132 166 69 23 175 237 8 17 75 50 230 58 249 213 106 107 226
    60 80 156 246 222 117 118 207 70 242 251 234 85 169 240 212 239 189
    171 74 252 181 119 105 255 108 122 155 133 244 245 171 16 21 171 112
    143 219 132 229 174 130 139 85 252 237 95 226 222 20 192 244 103 166
    185 229 50 3 74 109 184 48 51 252 199 209 25 77 35 48 171 91 198 132
    174 211 245 74 200 151 9 39 96 250 250 158 64 221 27 8 82 228 144 36
    137 161 255 29 87 181 160 163 102 204 231 143 130 161 223 254 206
    196 187 170 37 26 75 62 93 129 182 102 139 50 115 193 102 246 218
    150 35 145 136 192 80 173 92 135 210 173 8 2 71 76 128 41 22 89 244
    203 97 141 167 218 32 63 222 222 9 76 0 4 108 239 191 139 128 101
    139 62 61 1 183 219 54 42 74 253 88 56 146 27 147 203 198 178 250 70
    103 120 16 77 94 249 97 15 46 33 32 54 111 206 82 83 83 132 222 208
    214 29 23 127 29 52 166 89 229 28 6 45 4 229 179 106 18 144 60 36 29
    72 251 33 160 172 250 122 24 118 224 90 111 47 153 33 35 186 196 25
    4 134 220 236 219 189 105 124 73 99 34 135 238 89 89 51 57 83 225
    195 51 145 206 174 216 45 184 151 144 183 151 88 15 217 121 97 6 49
    77 54 53 105 249 55 145 212 32 20 158 218 114 121 246 109 110 25 165
    195 37 136 252 185 102 2 87 3 250 58 200 226 203 25 100 1 19 163 193
    160 231 8 167 180 216 17 180 59 15 198 69 75 73 195 231 107 3 23 136
    231 20 76 151 166 35 223 197 253 192 17 46 226 137 119 0 251 99 72
    74 250 227 182 168 44 27 221 227 217 6 148 91 94 205 203 150 42 115
    81 167 21 131 72 162 41 147 241 157 55 8 206 35 68 185 235 249 43
    254 78 134 218 203 79 242 36 12 215 47 69 178 237 207 227 209 152
    240 128 188 161 215 4 123 6 69 254 108 233 42 101 218 181 23 148 88
    7 1 71 188 244 36 202 46 215 52 207 46 12 159 207 107 194 44 246 113
    117 153 54 3 154 240 199 199 91 164 222 136 33 197 97 206 64 9 230
    222 95 237 113 185 132 12 198 151 228 209 227 44 125 207 90 245 165
    66 20 7 184 34 24 73 122 228 131 2 158 149 105 203 240 86 78 171 254
    219 254 166 178 32 168 238 101 91 244 116 83 152 44 78 42 186 124
    162 108 18 2 97 31 140 89 93 25 125 98 40 223 106 230 5 195 210 94
    210 34 82 235 174 57 78 82 200 96 96 29 201 72 57 76 177 54 86 223 2
    244 253 71 174 31 89 218 135 94 93 160 94 77 41 62 68 136 44 28 210
    5 115 247 17 142 190 31 87 210 133 76 52 82 195 231 85 232 107 123
    175 140 185 242 54 68 101 122 124 249 67 63 116 200 233 190 108 52
    140 207 204 143 117 147 141 184 170 5 203 34 187 207 235 166 55 185
    77 31 255 70 16 198 160 110 51 167 168 1 59 101 19 66 109 144 8 40
    169 241 21 67 28 1 185 114 142 189 153 173 136 242 128 225 240 252
    163 196 77 114 245 178 121 203 108 96 24 212 64 207 33 214 246 249
    227 62 140 171 193 65 14 68 88 139 213 248 249 34 225 25 137 36 229
    215 166 234 227 218 202 204 218 16 251 27 183 47 144 75 22 200 64
    215 204 182 152 76 5 22 152 121 127 179 246 29 195 144 55 61 207 121
    50 134 174 203 97 128 35 95 138 7 107 199 77 156 80 21 205 241 235
    209 130 23 216 159 153 189 22 84 197 125 221 143 127 242 79 99 247
    198 169 12 170 84 170 197 17 168 130 41 18 23 246 185 187 182 55 180
    40 230 48 106 4 14 133 33 61 194 147 125 172 95 103 17 213 124 35 77
    45 179 244 221 67 225 185 71 72 184 24 222 135 223 128 155 205 224
    17 139 109 104 224 217 60 252 212 28 6 102 232 131 40 198 247 13 159
    1 17 97 142 10 247 217 218 213 205 147 220 242 192 3 154 144 236 54
    57 13 179 106 198 84 101 23 227 193 239 45 251 80 229 56 104 222 150
    41 245 36 171 170 62 164 153 114 94 114 70 5 238 8 62 23 120 240 143
    173 152 166 175 245 117 180 255 109 60 74 208 221 165 13 71 6 111 11
    193 195 120 194 93 171 0 124 57 205 195 26 96 105 73 245 25 141 50 1
    5 8 141 119 202 131 0 8 158 125 160 21 17 125 125 234 55 74 108 4
    232 203 218 123 82 175 200 101 127 47 236 162 145 149 140 206 212 15
    1 84 174 239 160 190 228 122 65 140 115 20 12 164 235 110 176 12 110
    136 178 76 20 238 27 57 142 250 116 73 39 230 201 139 116 149 184 60
    66 230 27 112 71 94 66 0 19 237 60 21 130 247 252 35 244 56 47 41
    123 142 208 101 136 19 116 1 14 155 73 227 152 71 177 17 49 41 108
    250 190 173 94 72 211 12 124 53 219 188 232 229 50 124 226 209 32
    148 32 168 128 137 245 105 143 15 77 145 53 2 248 60 82 54 124 186
    246 47 41 91 242 130 136 79 82 44 237 231 107 97 181 108 53 95 254
    229 35 216 54 138 45 89 94 147 28 61 70 78 183 26 44 241 234 60 254
    160 45 80 241 50 159 176 159 62 250 197 17 228 100 158 129 237 77
    140 22 31 60 162 102 244 214 20 169 103 85 131 83 205 56 119 125 95
    103 14 229 157 86 149 118 111 196 21 169 223 161 31 88 199 131 173
    46 119 145 42 120 17 90 119 105 140 21 52 93 229 183 23 28 178 70
    199 184 206 135 43 57 15 197 24 192 250 210 77 83 20 123 110 47 140
    143 157 142 61 133 29 162 100 190 252 43 247 216 80 205 78 187 128
    32 143 163 193 124 75 114 134 169 75 242 226 222 82 176 105 101 1
    164 161 129 24 74 83 73 191 220 132 12 27 84 170 128 113 137 246 203
    149 238 91 22 140 70 79 65 223 125 131 71 212 31 6 230 62 81 17 213
    192 9 105 242 229 41 189 75 6 249 3 47 173 13 97 193 42 237 62 57
    150 104 8 91 63 58 51 19 17 83 78 69 32 51 252 250 206 104 180 45
    189 56 168 219 254 100 88 221 67 134 5 148 215 151 68 180 23 20 217
    198 157 195 183 159 242 226 73 74 248 4 22 94 119 18 218 241 71 94
    46 246 228 71 69 114 228 218 87 193 207 33 0 180 142 90 130 170 248
    37 155 153 117 227 30 61 246 118 234 59 53 214 248 212 49 214 179
    213 14 28 112 225 250 163 231 111 192 130 152 88 167 119 73 10 255
    239 38 96 239 180 15 242 156 5 164 243 226 178 178 94 227 155 9 176
    198 111 90 56 56 213 48 41 135 140 202 109 200 51 108 35 69 197 239
    34 49 251 251 156 138 176 235 254 121 61 171 212 95 163 112 215 174
    170 47 4 34 107 154 250 6 140 227 210 248 110 135 116 236 228 188 72
    34 67 252 74 185 197 183 55 90 54 226 103 215 192 8 80 233 138 144
    164 8 212 80 136 30 38 180 34 53 37 89 251 193 15 145 236 194 216
    253 34 16 152 226 181 158 180 134 201 156 180 94 42 47 199 91 157
    128 49 68 89 108 78 230 162 125 254 118 176 141 185 202 63 153 190
    126 208 76 204 43 134 118 199 153 222 53 19 74 18 67 86 57 70 136
    145 210 30 40 54 18 119 74 52 99 227 230 200 197 133 56 111 19 73
    122 248 187 234 144 206 81 121 104 249 35 153 61 64 24 123 24 222 77
    171 194 237 51 45 43 41 213 241 70 188 169 214 161 205 44 22 128 224
    13 148 207 41 93 123 67 201 81 58 198 145 36 207 101 239 20 36 77 32
    31 12 9 65 165 48 254 44 147 147 105 30 212 255 255 232 253 200 152
    140 219 97 230 3 66 86 19 4 149 10 35 209 183 198 20 175 238 66 127
    217 166 33 52 104 201 165 207 37 152 130 188 176 69 103 240 85 249
    24 177 64 46 112 48 180 153 192 83 47 72 59 35 137 80 3 234 127 71
    39 24 84 15 93 165 142 29 168 175 69 42 76 86 168 176 163 188 164 5
    189 56 206 236 217 74 251 19 206 64 204 126 33 149 28 135 99 218 221
    122 164 245 128 193 25 92 137 56 138 27 199 241 73 130 54 31 17 18
    239 254 94 208 198 113 162 54 177 162 33 142 63 179 196 69 85 36 85
    121 93 30 243 54 185 172 200 48 187 106 114 113 227 247 17 73 79 102
    112 36 235 11 65 224 12 65 81 164 199 184 190 82 91 147 56 221 129
    50 212 64 76 113 22 212 50 111 66 183 72 239 144 116 200 236 159 238
    97 220 17 161 216 33 49 78 164 9 91 62 137 193 119 47 56 44 180 191
    130 38 243 121 107 201 71 239 128 254 72 203 92 59 206 180 192 241
    199 81 181 63 225 177 28 110 72 99 15 98 203 200 125 97 213 136 156
    228 130 181 252 217 153 156 190 182 86 18 11 111 172 224 229 34 43
    131 223 152 103 22 225 121 61 22 12 174 161 176 69 128 36 247 108 14
    75 217 19 226 190 159 64 177 69 236 73 37 237 103 31 180 195 142 230
    125 181 2 223 204 209 160 99 187 237 223 46 171 16 80 119 57 81 28
    143 60 82 62 51 93 72 199 1 118 218 88 59 113 169 183 194 223 22 15
    6 99 68 34 120 21 19 6 180 250 206 71 224 100 57 241 85 219 2 183
    125 196 196 124 222 24 231 27 183 85 68 29 232 230 232 12 61 47 222
    65 98 65 122 67 192 0 13 49 8 108 123 98 55 14 34 25 71 198 220 77
    166 106 37 23 5 132 15 186 172 17 86 176 105 78 243 217 159 181 169
    73 94 64 88 15 226 130 231 232 214 205 39 213 58 190 171 145 238 50
    63 234 51 121 254 60 130 174 131 233 182 182 196 40 233 231 146 211
    73 211 75 5 133 47 205 11 151 14 66 94 254 168 211 36 199 40 136 76
    210 182 197 153 210 52 81 47 117 226 100 69 8 122 49 250 93 198 98
    243 209 151 18 144 204 180 226 145 91 163 175 8 239 80 229 43 44 227
    126 224 137 232 51 137 128 146 93 58 32 123 219 9 200 72 169 200 234
    63 137 0 240 170 63 70 71 149 44 239 54 92 16 94 57 229 132 233 249
    34 20 128 213 56 9 128 181 207 244 97 238 190 150 113 168 233 72 167
    145 65 179 105 174 176 66 176 82 4 64 30 247 32 70 27 75 80 155 177
    172 212 5 133 111 66 7 22 67 27 73 13 73 118 63 125 100 246 17 80
    145 201 12 15 193 44 199 232 198 127 45 40 41 38 165 77 32 95 66 41
    230 77 140 251 110 128 55 57 155 194 213 209 68 122 60 32 247 27 220
    103 115 46 117 118 238 59 142 44 246 58 44 129 232 65 70 36 10 32
    150 11 144 41 228 55 23 157 168 48 239 230 49 66 214 214 65 110 247
    225 129 51 161 109 41 140 21 31 149 163 113 44 238 148 130 102 237
    242 92 226 83 6 78 141 6 112 109 131 59 69 25 95 155 20 186 45 34
    198 153 85 198 121 86 174 162 125 52 91 6 127 143 96 37 183 165 174
    43 98 10 48 115 62 79 94 188 221 33 73 212 123 202 0 183 188 226 117
    62 126 163 3 165 191 199 241 98 148 12 182 45 17 115 88 8 86 191 118
    125 211 123 227 64 92 137 92 220 162 98 76 145 107 181 174 66 190
    112 54 5 247 163 37 81 72 244 183 96 79 241 15 23 108 33 44 89 213
    57 151 124 14 118 41 67 253 95 137 190 111 98 224 137 216 7 234 162
    91 89 8 146 198 188 65 178 217 48 232 52 126 165 56 198 218 57 134
    163 118 133 123 120 243 93 12 64 203 34 115 68 196 179 4 169 45 78
    80 203 115 220 87 120 165 56 36 27 48 239 159 78 42 183 224 98 33
    205 48 211 72 243 60 242 62 234 249 115 209 38 130 205 117 41 254
    209 181 213 9 209 5 143 52 179 132 206 76 40 249 102 32 167 72 179
    113 197 50 0 192 113 210 104 75 39 254 151 119 92 58 242 15 122 182
    164 60 21 234 124 56 151 216 96 177 66 218 122 45 219 201 115 155
    210 217 148 218 98 97 121 187 9 6 123 254 23 185 38 110 121 80 134
    18 46 185 245 26 250 185 126 72 15 170 137 229 251 40 34 220 58 221
    137 235 137 171 173 250 183 142 61 199 11 168 183 240 234 200 18 49
    66 220 113 57 211 121 116 154 220 225 74 174 7 251 47 15 239 53 176
    93 52 198 72 170 227 192 35 77 170 251 250 219 36 79 196 144 19 159
    115 193 186 148 23 95 170 165 205 90 80 154 37 228 89 171 226 69 124
    7 66 163 168 34 194 36 57 182 164 104 204 84 147 252 131 173 57 187
    60 180 132 46 16 122 52 83 226 7 77 66 46 37 92 146 10 72 151 80 181
    47 40 159 68 94 182 37 86 81 166 172 38 113 175 136 0 252 97 127 171
    165 211 102 51 16 241 197 89 217 241 188 18 115 89 93 224 135 165
    181 90 179 168 230 39 37 62 67 6 19 17 117 137 234 180 236 69 171 0
    23 0 63 199 11 252 205 115 26 119 111 158 173 237 27 59 221 101 55
    203 159 34 67 191 36 211 51 193 118 144 1 38 167 81 81 175 143 178
    180 80 134 118 79 43 232 123 45 181 49 67 201 18 60 127 152 65 60
    204 36 11 130 39 203 76 76 57 3 68 242 114 116 235 16 10 130 54 186
    176 59 73 27 78 78 212 71 115 236 58 216 98 42 178 25 11 45 38 23 71
    249 136 129 194 232 171 62 227 225 20 163 231 169 206 45 21 148 196
    235 254 115 136 48 247 145 82 42 96 109 133 248 216 221 44 98 96 253
    177 248 175 203 195 69 79 163 165 10 149 225 183 116 232 135 105 145
    0 16 245 32 227 220 196 139 109 250 238 250 194 64 138 248 17 50 133
    255 147 0 195 56 225 43 204 36 76 176 91 96 245 45 37 95 51 57 245
    28 121 136 131 206 176 218 197 216 88 41 223 20 217 253 145 92 134
    48 131 215 227 16 162 65 137 229 181 29 253 50 59 245 128 102 26 58
    214 146 249 161 162 116 138 130 168 21 115 229 32 68 205 10 82 86
    189 111 229 155 110 78 100 188 81 120 126 154 182 215 22 188 143 148
    234 41 242 205 50 40 81 66 212 126 186 21 218 250 207 206 174 38 218
    130 0 125 217 86 200 157 185 193 7 180 180 65 192 133 66 68 203 204
    73 142 71 217 58 105 96 171 198 168 110 226 179 254 128 162 83 112
    41 45 153 175 16 116 118 90 1 151 186 17 160 111 167 82 80 98 70 132
    113 114 155 100 38 27 104 45 135 65 122 232 194 220 94 112 21 165 65
    56 128 74 138 250 215 238 67 208 135 122 225 105 241 94 95 14 145
    142 108 173 171 151 254 92 153 40 218 185 137 106 13 48 69 128 169
    180 203 150 205 50 204 84 126 240 76 242 49 239 62 201 144 210 250
    114 176 181 208 145 17 157 57 14 115 0 147 130 85 211 2 133 114 221
    95 34 86 104 107 218 198 182 10 48 190 215 161 163 181 45 25 81 52
    21 225 29 226 104 110 28 82 241 118 171 250 34 184 160 38 186 131
    238 220 36 86 125 158 47 13 79 146 114 90 113 169 72 109 86 180 225
    224 170 192 177 44 227 153 91 112 140 15 75 194 142 78 90 126 63 206
    66 125 171 48 102 254 97 195 92 144 129 33 191 134 254 205 40 240
    139 203 109 109 240 178 24 100 234 66 87 105 74 209 239 100 241 104
    170 70 59 157 109 86 62 138 33 226 38 247 214 54 37 213 155 195 253
    117 204 104 100 216 143 8 18 37 137 124 11 225 108 126 69 189 192
    141 105 219 76 249 186 253 38 182 46 6 43 196 169 231 6 19 18 168
    172 226 47 237 158 126 214 211 78 42 59 88 115 15 74 26 44 61 186 53
    21 169 64 230 178 114 46 40 190 247 64 17 131 25 17 251 199 221 128
    171 211 89 60 216 39 105 84 242 12 50 63 150 220 94 196 42 194 52 49
    166 88 232 137 154 243 236 13 109 77 23 214 242 43 46 19 5 227 245
    170 141 71 58 141 21 219 109 231 29 27 34 81 240 255 95 0 109 240
    118 238 247 162 207 18 22 39 41 82 28 215 96 32 223 112 136 22 117
    122 65 147 53 201 142 163 200 63 58 6 38 168 195 213 4 60 15 59 230
    92 20 167 185 244 151 76 223 50 31 213 208 101 11 59 137 104 172 19
    162 185 33 28 163 202 12 214 97 150 65 48 13 199 39 9 0 74 134 128
    41 177 189 50 15 177 11 227 249 64 151 252 147 214 227 109 161 76
    255 145 190 46 202 172 247 197 78 14 137 230 249 172 13 215 128 231
    65 89 34 10 36 194 88 125 63 74 59 233 222 72 21 209 107 226 207 70
    230 156 195 83 226 254 149 156 94 152 69 26 21 98 158 23 184 224 194
    192 81 55 179 136 100 0 64 117 124 38 210 209 85 125 78 129 126 77
    235 98 174 206 142 123 11 206 63 218 152 61 178 7 174 9 212 118 79
    62 79 157 157 209 220 26 219 158 222 183 90 119 18 160 83 168 83 166
    86 50 3 73 92 115 11 107 100 66 128 102 228 220 24 57 113 110 230
    119 156 60 227 168 45 157 249 247 187 126 97 33 239 122 77 74 4 241
    192 198 15 107 199 216 113 27 158 55 18 162 207 91 183 58 38 106 197
    240 67 2 13 232 45 220 89 120 237 15 193 27 59 32 187 182 251 249 52
    178 197 90 181 208 216 44 122 36 191 165 168 191 21 186 15 170 9 57
    153 150 72 13 43 137 9 22 147 152 225 2 127 128 92 100 102 100 90 91
    14 212 199 108 101 226 215 158 162 107 83 169 58 82 200 230 146 97
    24 140 241 121 104 57 35 69 102 167 107 169 3 58 22 133 82 170 84
    158 92 217 104 200 174 74 84 151 179 102 85 53 161 92 217 92 110 209
    166 166 113 71 157 121 211 91 47 65 53 169 55 83 230 31 221 1 204
    183 69 144 2 191 207 117 26 127 96 110 194 113 144 138 40 71 105 159
    235 124 215 185 177 55 36 152 219 100 185 211 71 99 172 132 3 92 233
    220 11 155 23 237 117 19 207 9 78 148 81 126 167 253 62 148 35 204
    36 213 242 60 192 66 186 99 82 49 113 149 73 197 97 144 77 152 254
    72 12 49 205 237 231 68 184 156 8 175 74 5 11 63 140 129 107 96 178
    124 226 21 54 186 95 238 28 252 66 141 67 111 40 126 252 31 20 99 99
    28 130 32 35 108 128 218 118 218 248 214 128 173 32 137 11 149 85
    129 154 175 169 0 128 88 218 137 33 129 229 154 22 118 179 18 92 206
    75 23 100 31 138 52 124 26 188 39 146 205 13 35 6 142 127 226 86 235
    95 18 246 25 143 229 78 158 252 19 57 209 227 220 124 227 55 131 12
    59 223 174 93 148 192 207 108 80 92 219 182 232 190 120 154 55 245
    244 38 145 17 186 118 146 181 133 136 113 52 128 156 8 21 124 149 54
    221 181 87 218 189 229 18 129 158 24 211 206 81 84 208 82 250 83 61
    205 193 72 179 230 98 181 168 254 174 201 144 163 141 168 106 138
    204 223 168 88 13 59 146 254 43 226 184 244 91 40 33 86 213 119 155
    51 230 127 90 76 76 84 164 118 174 66 195 215 204 118 72 92 23 29 52
    78 133 20 111 255 116 21 215 31 145 141 241 10 179 217 189 68 208
    112 68 32 86 200 37 64 249 95 103 218 234 134 162 150 12 252 229 115
    113 59 123 176 5 132 255 21 98 43 103 172 29 146 65 84 63 142 98 90
    190 77 17 0 114 94 37 59 13 142 26 113 20 108 134 118 175 175 165 3
    121 27 106 110 27 71 21 87 127 89 11 180 197 200 192 206 215 153 62
    144 83 27 87 196 124 134 69 8 182 52 162 44 180 215 135 201 71 57 77
    8 34 49 17 212 8 239 22 254 46 152 242 43 78 221 10 130 45 180 209
    120 33 42 12 62 47 121 12 236 165 14 22 162 59 233 7 52 161 109 51
    66 79 23 123 158 142 172 117 79 187 35 244 60 43 98 109 11 245 16
    237 202 2 52 49 42 90 181 78 46 85 0 69 57 74 153 165 133 89 161 126
    227 110 60 216 73 199 230 125 205 25 188 190 145 6 221 156 189 199
    208 104 211 217 5 173 171 80 8 110 19 202 98 173 129 138 97 135 48
    238 64 184 110 225 189 239 77 222 86 136 223 196 202 32 49 215 36
    177 56 232 131 183 64 71 132 63 236 193 109 221 94 182 243 174 53
    161 230 220 102 53 12 127 95 166 112 121 153 133 81 195 218 149 67
    182 144 126 164 15 241 59 141 143 142 196 44 129 232 244 232 213 119
    163 42 244 252 11 153 88 40 175 102 165 29 131 129 92 19 196 74 175
    107 96 32 197 87 250 221 68 9 153 12 43 36 141 171 49 106 76 227 13
    78 119 174 31 98 117 157 174 152 87 98 168 244 249 114 19 188 21 124
    191 78 192 96 3 184 75 7 41 154 173 31 82 9 144 14 134 24 33 31 88
    235 223 234 97 254 153 13 192 134 5 139 23 16 196 199 148 76 90 100
    231 159 231 96 85 98 200 57 126 149 230 167 217 254 219 204 255 210
    93 166 61 179 171 131 61 173 92 96 55 75 79 212 15 217 41 29 26 170
    37 19 224 117 238 120 54 117 151 5 197 105 205 103 174 108 212 98
    248 58 206 181 123 119 186 253 4 9 15 69 244 92 26 145 175 167 253
    95 130 177 135 48 21 180 5 91 243 159 23 155 144 72 216 78 100 207
    87 170 238 209 178 210 183 123 236 64 10 1 111 131 142 19 40 64 184
    193 134 224 208 110 172 12 209 231 128 204 218 15 104 103 237 111 39
    37 59 112 108 59 208 154 47 44 134 63 138 245 4 92 202 170 181 221
    147 96 22 251 172 129 100 121 236 109 226 24 138 251 37 172 58 181
    217 24 228 237 203 153 169 133 43 98 190 54 30 220 152 21 78 48 144
    101 66 123 115 66 38 43 232 232 4 181 139 144 50 51 76 250 157 119
    63 212 80 46 23 80 188 200 82 203 230 212 202 200 122 205 5 66 156
    106 108 86 31 118 224 233 154 7 226 93 42 53 118 5 244 135 141 13 61
    137 114 29 41 106 179 92 33 64 181 245 37 7 229 202 59 3 21 7 22 13
    87 31 231 32 190 114 63 181 99 1 132 10 194 174 208 100 122 85 172
    159 107 164 146 124 43 73 123 76 62 100 126 204 59 67 32 227 161 132
    20 211 58 239 245 165 118 234 20 115 23 34 118 57 180 251 13 9 92 28
    231 75 96 121 106 122 118 140 83 29 193 147 84 204 132 155 96 33 40
    166 138 149 232 207 225 57 0 47 84 17 96 236 151 4 180 51 198 42 47
    241 124 111 63 50 50 184 252 247 1 109 34 96 156 222 56 205 91 45
    236 71 153 222 42 61 221 119 39 61 125 210 152 121 95 240 110 249 69
    72 149 74 91 189 163 55 41 172 87 136 220 250 11 135 178 145 213 72
    43 146 114 61 143 68 54 156 39 47 105 185 186 44 108 229 143 123 23
    177 75 186 93 206 235 224 227 122 142 143 212 182 15 181 238 178 178
    15 84 21 83 0 172 81 99 211 243 69 27 100 213 66 231 224 134 48 95
    99 230 111 141 76 221 34 195 105 117 204 185 142 72 117 173 124 210
    193 64 26 190 176 16 173 71 157 55 223 13 159 74 94 234 98 20 31 17
    254 17 124 135 241 70 234 211 202 181 70 81 65 165 69 191 126 55 112
    89 38 185 84 85 118 200 253 207 213 170 56 60 112 101 99 112 29 21
    18 133 87 40 254 231 200 175 250 15 49 222 244 116 20 112 11 121 137
    73 32 141 146 231 202 69 124 186 66 39 29 21 235 158 102 103 142 142
    197 145 193 127 15 33 167 26 221 62 228 210 25 109 117 43 162 66 111
    249 186 196 31 69 178 40 249 135 24 81 78 97 72 125 46 207 74 179 87
    5 218 244 224 183 218 38 78 164 54 71 9 22 140 14 133 232 67 39 165
    211 104 234 153 149 159 197 125 154 12 91 137 231 162 74 87 199 232
    244 169 185 247 52 191 192 142 52 199 125 123 236 245 44 103 237 75
    176 7 122 184 159 37 174 19 15 218 94 26 129 229 206 250 211 68 39
    91 133 209 73 10 205 58 8 179 32 162 124 71 128 2 13 145 99 9 76 149
    155 43 159 0 159 69 0 8 222 142 170 149 71 173 77 14 13 131 166 150
    5 240 64 45 105 235 172 92 28 234 131 80 142 111 114 63 244 255 161
    13 79 237 225 200 46 34 66 51 1 187 235 79 66 115 122 119 171 45 25
    160 177 30 150 86 74 174 138 16 17 75 254 46 9 243 47 46 213 244 164
    13 110 210 84 24 90 240 253 38 168 99 156 39 251 132 205 114 40 146
    162 254 96 179 10 248 219 171 85 239 235 47 59 222 87 1 195 236 92
    15 12 29 123 182 164 153 228 145 112 223 168 122 234 158 10 35 156
    170 102 188 54 245 91 78 138 145 103 254 226 137 70 202 186 27 101 3
    117 110 152 2 161 89 193 150 207 18 90 178 209 107 236 135 141 116
    80 106 185 196 184 14 17 126 234 15 104 35 95 218 13 181 111 216 179
    85 86 161 156 96 114 1 200 175 171 204 28 95 78 103 208 138 52 166
    132 92 25 221 220 182 108 183 255 136 129 43 211 178 169 59 171 215
    229 136 194 184 81 48 8 204 34 106 26 50 22 191 75 0 144 247 218 212
    126 207 3 107 251 168 206 149 39 219 246 234 9 240 66 236 78 45 129
    203 117 71 222 130 251 144 115 197 92 119 65 188 223 21 212 234 72
    32 45 81 11 181 174 52 55 36 67 35 233 249 63 188 89 164 109 145 172
    117 55 33 16 216 97 225 30 148 134 112 193 250 121 206 174 170 89 87
    157 63 141 111 87 177 117 15 241 6 195 118 40 80 154 75 58 240 8 142
    36 6 214 152 70 253 83 169 123 36 169 208 87 72 47 86 23 254 146 134
    245 246 60 61 245 28 173 152 129 25 163 156 194 99 8 4 6 181 138 123
    128 132 207 215 75 163 165 193 217 217 89 71 89 214 240 24 60 128
    100 89 233 178 119 34 165 150 227 184 142 47 45 72 5 7 100 66 79 218
    215 30 48 107 173 47 106 126 242 235 25 188 173 248 101 90 123 77 33
    120 199 194 49 35 129 146 187 201 151 135 219 146 7 90 203 11 120 65
    228 151 130 225 51 156 111 208 132 44 255 0 149 132 202 86 33 63 209
    174 36 232 222 148 176 251 220 174 54 178 163 74 247 55 43 13 116
    196 126 144 122 169 61 112 45 98 23 172 137 195 203 241 202 225 43
    188 1 52 55 125 95 133 252 183 30 110 62 43 179 22 210 176 195 75
    248 78 183 172 115 83 51 155 236 19 16 130 188 49 233 105 235 108
    187 44 185 67 250 22 44 213 222 187 205 121 64 175 9 108 64 15 4 142
    116 122 146 71 63 189 86 125 211 96 123 80 105 113 187 144 102 124
    16 19 249 185 51 24 172 63 180 1 249 26 118 40 109 98 249 29 27 110
    221 148 95 193 240 207 117 169 235 104 152 149 44 17 176 230 189 95
    105 132 152 131 90 115 216 201 59 165 210 169 104 239 96 173 171 174
    164 145 137 201 48 172 111 115 202 117 50 85 215 123 44 244 226 245
    39 210 53 142 11 9 105 204 71 245 53 6 119 103 167 6 242 222 219 195
    116 29 208 1 100 129 254 234 91 201 88 83 114 203 155 48 157 174 163
    247 93 127 177 56 224 210 54 59 192 217 202 159 47 135 205 127 133
    136 211 224 45 132 184 130 12 40 106 111 127 82 89 97 252 194 175 25
    104 180 175 115 37 229 33 182 53 30 58 229 219 155 156 229 205 214
    145 233 93 60 223 216 249 111 114 162 11 160 90 50 234 150 170 171
    247 165 112 177 61 196 213 68 136 81 81 106 168 232 236 172 176 40
    171 199 118 249 107 40 101 160 89 203 210 238 148 18 80 183 11 77 83
    250 13 57 132 77 125 239 43 190 174 250 66 190 47 187 202 78 198 123
    95 203 113 79 186 112 127 168 5 62 98 24 243 136 114 176 47 136 225
    98 244 35 37 203 55 187 73 229 181 220 206 151 73 209 81 116 77 100
    78 251 227 193 152 217 140 134 129 37 19 66 141 29 121 177 29 151
    238 226 57 100 254 21 33 72 200 250 126 119 42 13 27 131 16 91 92
    246 193 105 229 190 203 60 65 26 177 99 33 152 5 11 224 244 215 96
    196 86 242 153 125 95 42 83 34 244 160 207 111 83 182 175 198 132 11
    57 105 228 233 213 161 207 159 243 224 235 151 49 121 250 133 168
    206 7 247 112 220 124 200 16 167 60 205 119 80 84 216 209 188 183
    234 142 113 104 250 124 118 140 145 110 195 165 60 245 72 67 174 38
    50 242 90 35 252 48 7 189 135 57 134 122 160 57 4 89 106 126 163 193
    113 16 174 236 6 172 189 206 144 68 236 119 239 76 169 53 76 2 121
    124 236 198 90 13 97 21 65 173 0 152 161 55 193 226 25 186 20 208 36
    67 209 4 75 37 199 76 86 96 84 221 50 244 42 150 171 106 11 217 233
    22 102 94 55 205 168 88 253 142 7 226 134 231 211 94 15 39 249 75
    182 22 124 210 167 114 23 102 126 99 118 217 66 155 27 54 58 31 61
    194 102 202 52 77 108 168 202 201 39 154 126 158 159 100 214 161 5
    79 28 160 11 201 212 26 228 44 7 19 106 180 196 138 193 179 253 165
    104 147 124 83 218 217 109 23 70 43 37 131 224 250 33 12 142 231 164
    217 163 225 178 221 119 125 105 24 7 27 233 190 57 0 244 32 162 36
    198 164 87 157 186 35 101 138 84 48 30 24 83 158 190 104 210 127 124
    68 3 205 139 28 20 188 228 203 213 148 69 48 177 65 105 137 229 95
    226 227 165 75 136 104 55 125 42 29 106 20 252 15 47 44 28 238 212
    15 65 169 34 218 187 241 39 155 48 89 151 250 232 40 172 90 168 251
    163 226 163 7 255 74 50 79 206 50 33 15 183 250 111 203 99 120 9 74
    2 215 144 219 173 173 23 184 162 93 148 131 160 211 99 49 96 115 181
    28 112 145 57 223 231 225 228 97 113 50 157 142 117 163 98 157 75 58
    39 103 113 206 78 74 63 166 132 235 237 67 174 185 17 32 201 216 48
    159 127 79 78 76 148 244 108 118 150 139 65 157 108 85 75 154 105
    137 12 103 22 40 23 254 237 187 191 114 23 87 226 110 136 115 116 2
    72 212 56 187 87 142 105 74 118 157 33 191 68 119 103 207 105 216 61
    16 88 165 17 80 151 108 9 244 100 142 42 124 213 201 251 37 198 57
    182 86 235 38 5 8 138 102 43 222 118 89 22 106 147 46 243 244 243
    149 143 225 56 16 238 146 13 61 21 230 166 106 30 96 222 231 101 114
    169 44 125 93 143 37 175 51 211 45 55 225 185 219 235 3 84 88 27 130
    179 100 179 200 159 220 42 229 142 150 190 156 123 15 215 78 51 157
    167 206 106 185 87 72 160 199 156 217 114 145 217 135 156 135 210
    127 24 8 203 107 146 50 235 115 54 208 51 198 211 144 61 197 96 134
    137 79 130 218 58 27 223 186 235 213 104 75 194 163 221 126 201 166
    218 48 30 95 135 181 116 59 212 24 56 69 220 188 158 27 59 240 127
    84 3 209 51 40 4 48 136 69 241 146 219 57 88 22 35 17 53 241 197 52
    251 38 172 96 154 105 190 76 139 99 235 44 72 27 81 58 141 16 255 70
    117 47 157 76 215 197 33 18 178 29 8 7 240 51 48 58 220 113 217 56
    72 161 23 173 158 222 35 142 49 140 57 237 100 94 91 7 168 216 184
    159 86 196 123 209 134 139 207 71 240 9 46 2 102 10 87 27 201 253
    162 27 236 187 124 99 224 88 108 25 252 144 51 36 113 95 192 65 144
    88 86 14 221 201 209 126 57 140 140 232 120 39 185 164 21 175 136
    225 89 29 243 184 250 209 115 137 148 49 153 184 224 103 222 140 229
    203 253 197 206 219 184 111 160 35 234 65 231 2 163 79 168 150 65
    229 76 125 100 114 192 150 101 168 222 207 113 101 220 20 195 212 56
    68 51 101 183 252 123 159 1 93 190 8 18 159 77 107 8 193 116 211 6
    102 59 18 198 196 77 103 62 80 138 106 38 7 222 217 121 88 26 89 148
    72 74 124 114 167 203 39 33 93 74 109 4 139 161 16 245 19 9 159 110
    35 126 10 100 24 235 18 85 107 102 146 31 127 197 39 8 108 120 204
    115 124 4 11 227 158 225 248 203 16 206 5 169 90 216 165 212 245 186
    50 131 62 93 200 230 199 63 94 1 178 177 28 218 118 107 248 201 49
    162 206 138 74 243 180 122 145 170 247 218 90 106 79 61 106 26 183
    75 111 35 232 47 71 112 130 46 195 150 113 218 122 45 212 164 71 21
    186 178 208 165 206 149 173 111 178 191 51 140 0 35 65 134 174 54 9
    148 172 196 131 223 58 199 21 70 177 52 234 56 100 245 11 127 155 60
    42 17 223 89 110 142 117 234 150 115 228 146 121 117 229 186 192 16
    157 184 19 120 25 200 11 232 32 82 111 137 196 115 0 130 200 48 75
    35 94 224 21 180 22 178 250 231 68 63 181 212 158 17 60 185 91 10 79
    171 17 167 28 170 108 22 8 245 237 132 134 124 196 89 152 30 182 115
    167 140 102 17 191 39 180 43 176 17 73 65 159 25 99 211 149 112 55
    42 207 92 91 240 32 214 86 64 161 194 38 179 252 234 202 24 61 138
    138 18 142 180 236 129 187 196 254 173 187 122 10 98 230 255 157 230
    99 94 206 68 223 34 143 128 142 142 173 63 74 250 132 188 86 75 242
    79 124 179 146 99 98 123 46 56 84 125 52 217 251 81 171 54 42 230
    202 138 95 188 72 108 79 5 168 69 93 8 16 242 18 79 75 18 102 132
    174 166 50 26 220 118 165 177 170 70 249 102 59 200 42 44 242 158
    122 23 11 45 164 14 171 157 78 228 97 245 82 213 51 201 101 162 166
    196 50 111 70 177 92 204 192 181 59 176 27 191 10 122 0 99 221 198
    254 126 71 53 63 229 64 204 177 197 91 185 252 156 169 159 167 98 24
    74 29 72 7 253 94 0 41 210 54 18 62 45 221 89 141 92 14 79 136 168
    49 90 23 170 62 64 71 250 88 57 211 216 8 68 200 118 187 15 92 102
    115 89 226 19 253 126 254 29 239 255 151 2 151 100 208 130 62 55 183
    190 194 103 161 116 247 201 28 43 2 166 28 62 127 210 157 117 220
    119 13 178 218 197 18 59 212 42 142 30 109 120 146 79 142 37 191 24
    10 250 24 254 98 239 32 230 128 92 97 137 10 0 60 167 28 52 10 244
    152 101 156 15 88 15 116 68 99 1 67 164 198 184 229 213 29 95 113 25
    107 111 196 195 143 162 139 68 95 185 183 1 19 57 182 6 51 252 135
    48 185 195 230 250 200 240 74 156 70 109 144 10 231 162 175 143 131
    57 243 113 189 161 80 29 10 63 181 167 66 179 88 244 33 162 168 136
    78 134 90 88 123 156 48 151 95 64 92 180 193 199 124 42 97 119 132
    185 114 147 105 251 120 27 25 19 198 1 239 106 234 176 68 237 11 107
    97 118 131 186 253 49 151 161 18 84 93 226 218 185 72 172 128 6 223
    162 152 221 202 220 33 210 246 121 77 42 33 187 127 188 223 153 127
    240 89 169 40 90 252 49 50 13 202 30 188 177 197 54 195 1 148 146
    163 142 144 130 52 72 15 145 76 76 237 54 204 23 37 221 135 77 30
    172 2 237 213 35 59 1 105 11 107 250 216 165 160 181 182 182 102 59
    147 30 150 1 1 65 119 69 55 191 148 205 87 119 167 39 199 78 117 189
    240 21 121 21 219 56 255 71 234 135 172 189 225 223 179 137 75 220
    231 184 90 245 60 71 133 201 183 159 113 255 235 4 168 68 177 100 1
    126 151 38 33 248 136 115 145 196 217 168 113 12 62 23 193 244 199
    18 219 15 127 89 34 171 51 195 148 21 90 255 204 118 147 60 213 6
    134 56 34 126 9 75 204 232 83 203 134 194 69 151 17 13 25 87 205 30
    232 88 135 80 227 189 161 59 117 66 180 209 101 75 92 211 208 141
    248 35 166 184 178 185 243 25 31 194 49 26 32 27 207 42 175 31 219
    137 164 37 100 157 91 77 130 137 142 51 6 141 192 52 120 173 135 60
    25 199 17 249 212 222 137 12 228 148 65 246 141 167 104 139 39 148
    97 173 135 197 227 70 227 97 163 230 179 208 215 116 65 194 215 169
    8 186 217 73 77 110 29 66 97 75 94 251 118 86 209 13 22 153 104 9
    124 180 25 219 134 169 112 19 43 152 102 176 39 135 73 190 109 109
    203 147 230 197 156 175 59 87 147 143 138 148 77 224 179 116 169 140
    194 121 79 0 193 196 85 46 44 100 60 94 91 125 219 124 234 236 211
    30 230 74 143 159 147 206 14 2 75 61 94 167 125 64 214 186 51 152 94
    192 121 124 72 170 223 236 73 67 3 224 126 47 208 47 147 53 188 249
    123 117 156 79 163 81 252 160 123 129 189 41 68 235 218 139 224 103
    190 13 165 99 90 67 64 143 255 0 85 150 113 96 95 144 117 9 156 75
    83 194 139 131 14 146 90 179 21 21 7 9 253 23 133 77 139 223 125 135
    105 157 190 238 13 62 140 2 70 57 48 26 89 204 186 150 245 153 158
    187 208 10 49 119 227 245 56 126 134 105 194 211 73 96 199 182 216
    194 85 117 126 139 25 164 45 79 187 31 170 223 35 96 183 202 128 122
    216 62 176 31 232 21 35 147 147 40 170 147 133 218 49 133 129 95 96
    169 135 228 154 220 9 111 229 45 52 126 10 102 209 170 132 166 123
    237 159 179 90 152 212 23 109 41 142 129 99 159 129 234 26 79 178
    232 11 200 91 150 247 107 77 34 51 225 93 179 232 3 146 68 184 58 62
    137 111 225 233 98 161 255 183 214 128 79 149 203 253 4 75 18 104 22
    138 209 111 76 100 235 22 145 252 29 168 159 166 192 223 77 172 29
    234 101 138 183 118 189 45 146 103 141 19 8 96 220 139 2 172 172 36
    115 156 97 1 207 240 45 217 51 92 51 12 154 154 208 65 178 94 170
    133 133 234 230 24 146 188 15 86 91 177 157 98 102 172 152 246 193
    92 93 73 134 56 36 179 115 163 100 1 120 77 40 72 86 69 106 185 61
    224 25 253 111 53 138 223 218 191 208 209 198 9 196 43 35 33 160 136
    3 148 31 125 123 229 178 242 94 26 86 196 230 199 10 112 173 199 183
    75 105 227 158 47 15 70 106 70 106 64 29 205 103 229 107 33 250 234
    45 11 124 168 152 85 26 201 121 2 235 253 237 49 237 99 185 35 32
    121 160 118 127 140 160 162 175 110 228 126 94 204 126 174 52 12 43
    176 185 160 104 145 204 36 154 148 172 176 117 165 202 137 89 164 4
    123 241 68 66 201 92 217 217 99 141 25 95 134 81 74 31 73 78 160 50
    57 8 216 18 26 50 189 182 111 245 111 228 32 11 207 215 241 212 200
    25 163 134 198 92 14 60 240 136 185 13 5 242 128 182 210 133 43 115
    255 138 27 100 222 184 67 60 213 138 216 122 100 82 1 71 55 21 166
    230 194 245 20 2 60 160 67 122 99 72 100 126 9 230 213 230 13 233 23
    139 76 128 26 128 111 1 60 250 180 255 238 254 83 41 209 240 99 50
    202 213 138 129 69 195 172 61 22 226 220 155 103 249 71 177 179 37
    192 129 230 80 12 187 253 95 48 72 166 213 167 243 78 71 8 22 150
    222 94 24 128 45 16 208 103 55 92 172 147 47 35 153 202 183 22 91
    226 76 44 215 180 246 104 189 168 112 117 228 170 243 43 136 16 153
    82 213 44 118 103 245 218 119 110 28 102 250 72 113 71 72 91 48 34 7
    216 47 133 212 116 73 199 219 223 95 210 232 240 117 75 232 24 222
    99 169 161 147 244 5 142 183 134 193 14 126 247 105 99 195 134 42
    227 233 241 42 196 0 0 219 97 208 44 200 65 225 146 58 225 233 244
    63 208 240 46 245 181 240 42 188 195 148 16 119 43 105 162 74 240 71
    14 182 25 112 208 30 157 245 47 78 242 220 95 65 113 9 144 187 86 31
    123 17 132 117 249 7 148 61 160 164 25 71 58 245 192 112 144 116 151
    212 75 22 197 124 94 60 238 9 11 136 198 232 97 209 179 10 126 167
    151 85 39 30 21 80 55 94 21 210 137 60 118 61 40 16 119 137 21 220
    87 95 244 24 3 186 62 14 70 87 82 151 225 197 1 25 36 250 179 230 54
    154 223 35 250 97 96 2 17 1 247 204 55 147 140 68 67 14 183 83 89
    159 160 188 186 180 250 59 35 76 95 172 89 59 241 116 95 188 109 85
    208 190 233 154 170 89 243 57 242 10 61 182 159 27 94 19 87 211 52
    171 207 220 251 122 14 62 49 185 4 72 160 147 9 235 173 12 173 124
    14 223 39 101 166 163 41 76 132 66 219 139 103 215 160 201 134 72
    141 101 126 100 16 7 61 170 252 202 128 222 144 167 160 56 11 24 71
    235 51 217 177 120 205 85 165 61 226 205 32 131 124 223 75 165 24
    238 15 107 15 3 229 207 148 220 163 95 136 46 185 140 83 213 112 172
    85 171 202 206 117 145 79 157 109 119 174 214 156 217 94 111 199 255
    109 133 3 105 46 230 151 220 140 49 26 247 45 217 140 111 205 113 46
    205 55 202 113 255 51 247 37 206 183 220 86 241 184 54 176 101 192
    50 91 191 55 30 12 158 201 45 65 77 64 100 250 206 200 239 54 225
    159 134 205 149 38 187 156 88 111 51 29 130 125 181 70 230 59 239
    225 150 156 173 41 43 211 87 120 57 98 23 114 247 193 159 88 178 255
    171 176 117 136 88 29 244 241 87 250 221 215 129 209 132 20 179 143
    72 130 147 149 90 255 53 62 229 182 13 232 172 106 242 116 12 109 19
    18 182 178 73 31 134 168 78 21 154 139 143 167 223 123 39 174 25 160
    207 56 18 75 14 202 223 24 28 140 31 22 136 65 109 195 93 49 136 216
    155 31 206 27 42 186 100 141 190 20 58 21 66 224 40 254 45 206 37
    241 100 252 190 85 61 221 132 27 16 123 232 81 75 133 75 254 11 181
    97 232 133 115 33 9 136 35 14 114 253 165 157 115 232 66 54 219 99
    174 51 51 216 240 100 163 231 174 227 33 101 104 211 208 134 24 89
    147 46 73 113 217 124 113 238 110 189 248 146 107 235 67 4 196 238
    139 148 21 250 43 145 7 59 165 32 135 143 199 7 192 246 45 180 169
    35 3 145 168 227 57 14 252 206 67 68 35 36 129 1 251 137 212 14 45
    239 227 227 119 80 218 142 155 102 235 243 255 207 139 130 168 45 47
    79 249 132 111 209 51 204 215 140 71 151 10 104 48 75 247 179 72 133
    112 15 34 45 44 89 28 189 132 171 47 23 174 8 15 36 168 140 63 2 159
    244 47 42 251 41 200 110 231 155 187 97 207 194 228 239 24 155 252
    173 195 89 97 207 87 181 56 103 139 98 218 167 254 24 241 78 17 83
    92 43 192 237 118 155 119 182 226 188 97 218 117 211 107 112 23 67
    140 76 199 206 25 115 230 221 44 111 46 29 200 140 208 235 58 13 27
    94 51 94 30 121 223 232 107 107 76 190 153 185 173 245 119 145 191
    100 63 212 66 7 129 46 228 197 232 61 175 105 211 47 199 161 58 102
    175 236 51 113 137 8 194 170 54 165 94 244 48 150 118 195 193 159
    126 225 214 39 196 204 133 208 101 211 71 78 233 144 158 125 218 186
    123 231 132 81 142 137 44 105 10 57 238 13 76 72 208 202 61 113 78
    240 35 1 138 115 87 18 121 250 41 169 69 214 16 197 29 155 138 108
    23 97 162 218 68 214 205 235 65 27 166 62 254 253 175 64 113 147 91
    100 206 247 33 85 62 232 43 99 199 8 87 100 238 99 239 228 9 164 167
    240 143 43 36 93 114 200 208 201 150 4 12 190 127 106 220 70 227 248
    86 247 177 148 57 184 29 193 40 118 159 39 14 177 8 198 149 158 173
    97 24 69 208 19 21 92 123 240 172 98 207 45 81 107 201 206 131 195
    185 5 166 159 160 221 209 206 106 229 23 98 128 120 75 0 20 165 43
    57 52 94 192 28 207 57 46 74 207 200 251 163 41 11 94 1 138 207 24
    130 224 234 131 113 61 12 68 190 76 248 122 72 46 31 8 214 163 20
    251 2 96 180 115 2 176 36 202 61 9 49 198 31 139 133 214 231 255 213
    10 168 208 49 192 83 29 125 233 253 22 7 219 105 193 216 238 218 66
    127 76 161 9 22 191 247 220 98 157 83 208 101 195 133 250 149 70 169
    59 243 253 130 116 156 166 250 85 107 149 152 219 135 82 115 86 135
    158 150 229 12 134 62 86 238 162 222 7 233 83 232 99 198 2 127 37
    217 123 164 116 237 20 21 1 215 177 89 97 71 200 60 138 202 70 179
    87 89 254 35 99 26 190 182 239 160 229 48 97 31 59 138 31 76 187 35
    163 118 109 29 7 246 234 183 134 165 148 124 140 113 36 152 153 108
    152 19 206 98 35 59 88 9 74 242 189 81 130 222 99 255 41 55 53 154
    137 254 39 221 139 168 63 12 106 215 84 17 211 27 149 59 130 42 81
    79 199 34 97 28 157 149 33 80 181 175 83 35 70 60 119 161 54 62 115
    50 79 205 108 197 59 180 2 9 90 36 197 167 68 19 165 245 74 146 82
    175 54 18 55 102 250 254 126 191 129 76 53 234 98 81 28 72 171 179
    207 158 99 111 154 171 121 43 121 88 7 151 186 225 111 229 53 66 228
    137 10 71 13 42 13 233 42 120 221 103 199 100 115 216 222 40 44 14
    112 212 14 146 81 230 9 70 30 218 5 68 211 13 225 236 76 166 6 90 99
    143 250 136 111 158 230 199 229 194 108 8 133 20 210 243 6 175 10
    177 35 11 4 219 11 40 194 111 242 246 40 202 67 254 6 95 35 149 32
    169 43 170 181 44 155 183 125 44 233 43 106 221 30 160 156 102 127
    136 33 226 81 149 218 207 33 162 127 184 37 80 93 56 76 196 167 141
    97 105 211 142 10 58 63 198 194 77 224 180 15 102 209 161 23 222 188
    161 231 125 215 231 57 67 203 196 235 212 200 238 117 213 217 202
    163 67 103 241 61 238 2 175 182 180 89 155 85 157 227 52 144 98 76
    189 132 34 211 227 171 67 165 162 55 184 161 111 76 214 207 33 106
    17 242 122 248 98 16 132 177 183 42 145 234 50 84 93 196 206 85 249
    206 140 12 9 238 6 108 93 75 181 62 186 94 222 155 38 201 230 209 70
    145 77 90 153 74 251 225 188 149 226 236 224 241 40 181 54 59 249 84
    151 183 152 69 120 12 134 143 12 18 20 7 16 190 228 165 201 206 60
    61 114 122 173 36 111 240 144 82 214 116 134 29 228 44 42 135 154
    125 191 159 44 201 5 231 82 239 194 255 227 221 94 149 161 159 100 0
    97 98 33 191 88 238 153 142 230 1 47 186 238 114 116 69 188 42 28 76
    54 97 62 197 226 207 31 90 169 201 133 170 175 93 50 22 23 42 159
    147 163 211 173 10 108 11 230 47 39 64 86 79 187 77 57 52 95 141 64
    201 81 180 54 216 220 187 245 52 99 242 13 70 210 235 255 226 140 71
    206 146 184 16 78 153 15 254 39 25 78 79 42 21 190 59 233 92 217 9
    127 171 177 64 69 210 16 130 149 8 176 107 250 116 253 58 16 114 22
    180 36 201 32 130 25 29 143 209 62 201 46 103 231 93 31 129 105 223
    113 116 190 176 229 197 236 134 255 141 134 12 36 241 194 2 237 202
    223 194 231 28 56 179 18 131 48 85 217 208 205 117 89 42 209 33 6
    160 175 75 209 146 3 50 176 111 190 56 85 69 113 9 86 29 46 203 13
    121 119 86 225 188 180 187 233 137 82 1 45 15 235 86 47 72 104 161 2
    59 215 65 29 17 61 224 188 176 252 237 179 73 238 123 118 210 163
    111 152 97 1 74 84 240 117 29 204 136 251 142 53 200 127 66 207 100
    28 43 54 62 133 65 111 126 91 223 189 42 82 0 203 178 215 62 174 42
    214 134 101 121 161 100 41 169 220 154 223 206 181 28 205 109 39 245
    67 205 74 140 136 211 132 193 216 14 129 67 234 179 152 46 102 66
    150 23 226 129 213 91 65 224 14 37 111 120 90 180 148 55 92 87 125
    180 104 207 55 91 93 111 1 159 149 247 118 156 254 18 212 3 54 232
    126 108 156 88 194 201 64 152 117 97 57 237 222 131 93 92 251 83 82
    47 77 207 7 220 238 88 79 103 42 143 109 0 74 72 41 178 181 174 49
    103 47 237 207 65 60 31 123 69 191 37 121 99 230 208 181 81 217 24
    243 25 52 65 190 170 247 148 155 195 176 236 10 101 38 118 244 168
    142 233 146 104 135 177 215 147 36 91 181 13 170 10 142 136 222 61
    205 160 201 174 254 116 129 51 240 102 77 151 127 255 214 222 67 138
    45 84 64 196 211 172 55 96 139 66 62 248 199 28 173 43 153 220 150
    116 91 77 53 145 125 58 115 235 29 55 177 203 61 75 177 9 49 164 142
    82 47 132 134 76 240 246 254 97 35 184 185 252 62 253 26 73 72 92 81
    162 17 178 121 138 225 137 51 96 208 147 252 28 153 245 128 12 139
    159 198 32 237 2 202 14 96 76 33 35 5 120 205 25 248 147 188 250 128
    31 164 123 193 127 60 0 72 60 41 72 142 221 222 89 2 98 78 14 83 193
    154 68 3 32 27 144 6 81 180 41 172 113 152 168 184 246 174 75 12 56
    4 57 209 16 47 144 142 175 16 168 51 17 78 84 48 44 58 194 93 202
    236 198 229 80 189 248 55 93 239 110 86 230 35 16 125 155 55 238 25
    48 183 58 115 102 233 23 227 121 249 8 206 146 238 209 253 76 125 47
    7 242 128 37 17 78 104 218 94 211 208 176 118 187 210 145 43 9 58 78
    143 61 205 246 3 76 223 252 189 16 47 199 205 172 9 39 222 240 205
    35 143 76 174 134 117 169 83 44 188 16 50 164 62 97 173 47 122 238
    219 134 21 67 18 96 36 49 153 45 14 82 2 91 126 80 124 97 49 167 62
    25 51 12 178 50 37 37 180 86 177 203 170 58 198 99 20 68 202 115 255
    33 231 63 124 142 54 183 97 64 183 175 32 62 151 60 178 213 51 207
    204 179 57 101 231 110 234 236 144 160 13 95 105 186 205 228 198 159
    35 115 119 195 199 69 190 172 84 204 239 5 137 144 145 71 155 102 13
    102 149 175 191 216 255 186 4 137 21 72 112 13 38 114 76 140 37 65
    131 255 29 166 121 37 101 31 231 114 78 105 93 148 202 160 253 212
    74 160 171 56 121 81 113 134 43 69 170 142 129 101 90 155 36 32 224
    131 22 55 177 50 44 111 133 225 78 150 48 150 212 35 233 15 244 163
    198 138 197 142 163 5 25 142 167 249 183 15 30 194 159 132 97 77 239
    218 118 35 192 155 41 13 144 65 127 17 215 208 134 148 255 233 231
    173 233 33 85 168 35 40 107 56 75 65 142 16 3 85 249 152 200 99 104
    73 181 168 57 31 211 227 56 168 242 21 136 41 61 53 124 185 51 201
    185 161 228 213 123 201 27 141 125 226 175 206 127 11 14 117 158 32
    173 165 13 247 196 244 206 106 23 192 139 64 69 85 250 133 37 97 83
    29 125 201 217 165 219 62 160 125 129 49 74 33 248 41 156 158 200
    169 164 74 67 136 29 186 126 59 184 105 50 190 176 200 211 106 71
    213 161 174 163 103 221 19 94 25 47 120 62 191 11 74 21 213 55 4 160
    40 142 209 11 152 186 44 215 203 0 198 234 241 36 168 104 189 150
    211 143 10 200 142 7 34 69 222 248 45 10 29 168 181 190 121 214 29
    52 18 95 209 75 251 123 233 245 194 130 91 218 71 53 89 247 113 65
    78 225 172 235 7 147 138 81 66 72 136 161 169 199 148 10 162 44 65
    106 117 36 239 80 244 29 69 92 3 61 208 98 215 88 241 168 250 207
    131 115 149 112 237 126 109 80 127 68 220 189 251 198 86 202 209 59
    56 78 144 83 249 193 172 203 87 91 18 9 159 0 245 251 185 138 188
    206 152 177 221 76 181 142 56 121 105 94 122 92 42 25 174 88 254 170
    139 5 116 133 21 181 178 191 95 162 150 2 71 171 242 17 37 183 178
    124 8 254 80 247 244 5 75 184 60 74 27 253 223 105 64 136 67 123 199
    70 191 220 18 170 88 66 190 143 185 1 171 105 238 131 67 114 238 4
    178 0 237 237 59 20 29 147 89 29 51 7 38 41 232 11 72 154 80 54 106
    185 19 14 115 196 58 179 105 189 55 136 54 80 17 227 4 190 19 34 248
    246 109 118 207 29 225 78 55 17 27 116 241 141 189 209 171 182 49 86
    250 211 13 255 78 118 159 253 121 85 129 55 179 104 211 101 25 89
    159 29 211 41 147 79 59 239 146 212 210 109 240 116 91 122 173 208
    90 215 226 242 120 241 165 47 26 54 225 63 94 189 32 108 12 198 150
    202 206 221 72 254 98 141 197 6 3 249 23 91 82 241 137 10 147 234 57
    237 139 64 95 214 179 30 238 165 229 198 26 87 123 23 57 45 198 253
    11 28 7 253 47 43 235 38 165 102 209 148 54 70 56 11 167 84 243 90
    187 46 56 79 97 99 123 210 136 111 241 169 97 153 35 0 0 121 95 33
    103 63 168 0 166 15 205 153 144 245 140 249 191 3 13 198 149 90 244
    170 70 206 75 143 194 44 188 34 128 176 91 159 27 74 5 64 65 158 10
    139 102 75 177 177 178 26 4 102 95 161 153 64 13 71 182 16 163 160
    112 119 133 7 215 184 188 104 220 133 14 223 158 16 10 203 183 12 1
    210 70 74 226 201 142 252 110 72 75 252 183 58 238 79 115 118 179
    239 236 172 160 159 221 57 171 117 115 231 62 192 53 134 94 165 36
    71 15 29 169 55 84 13 134 134 149 157 9 246 195 242 110 246 211 32
    202 28 16 97 124 181 78 235 63 175 229 200 173 184 109 184 198 93 23
    112 254 48 191 0 226 135 158 130 161 27 21 202 120 66 203 81 212 124
    35 44 87 5 38 218 34 41 195 252 64 154 112 59 42 108 232 200 199 68
    226 66 123 140 59 149 254 207 199 214 102 253 117 121 190 23 251 91
    238 199 135 15 173 222 98 58 221 251 155 247 68 138 127 74 212 29 76
    18 112 38 236 37 21 21 101 213 215 26 11 26 65 244 167 1 90 226 68
    49 28 195 250 117 98 97 234 232 49 215 86 22 11 21 136 195 233 187
    210 46 159 176 217 6 58 33 87 32 151 79 43 89 10 235 253 56 166 21
    190 73 183 34 234 190 109 135 29 27 94 136 123 31 160 255 252 185
    239 83 164 33 48 217 12 193 164 145 237 149 167 91 42 45 21 110 149
    12 130 163 95 226 92 137 41 13 27 165 230 92 112 99 68 169 5 163 198
    97 215 118 44 61 9 109 107 123 22 246 229 37 172 191 62 192 94 41
    167 182 43 91 21 192 142 90 203 139 111 179 44 173 48 140 3 69 179
    56 24 185 95 246 216 55 53 168 158 114 190 19 114 200 194 83 255 76
    83 112 123 14 2 230 89 164 223 236 254 199 60 70 208 87 236 108 0 36
    125 7 95 85 111 245 71 40 1 182 211 167 24 46 246 86 72 187 23 212
    177 45 102 161 60 189 227 85 50 139 90 187 140 169 245 89 20 222 75
    147 74 171 0 118 175 70 80 68 151 77 247 21 143 27 18 33 28 100 219
    176 10 120 62 163 200 225 210 110 161 25 18 208 201 254 180 210 161
    188 213 110 44 36 62 44 239 237 184 180 201 223 244 211 198 94 210
    115 202 249 33 209 72 89 243 231 16 7 141 174 189 163 26 121 118 83
    35 21 164 175 33 204 33 189 24 46 180 83 45 167 44 66 35 53 163 231
    232 64 181 101 81 183 229 170 255 65 109 122 50 11 68 244 35 238 2
    131 117 60 176 175 172 226 25 188 160 153 93 110 251 134 216 6 93 87
    115 203 84 213 208 43 2 238 157 29 22 58 49 232 192 26 133 211 182
    121 244 50 157 116 133 153 235 184 91 151 98 102 204 32 25 59 120 8
    39 28 130 182 163 192 199 47 68 203 100 30 235 147 156 62 168 211
    159 43 157 108 39 150 98 151 123 25 215 46 24 141 83 3 174 196 39
    151 84 188 168 66 20 203 171 38 138 162 206 140 92 183 99 62 97 200
    252 199 24 99 188 21 162 141 132 24 25 16 229 23 74 199 25 202 25 57
    117 175 145 233 202 56 181 51 20 77 63 166 102 27 88 131 140 0 90 99
    130 9 140 241 49 111 123 62 9 195 28 236 158 37 90 76 137 229 233 14
    133 46 168 135 227 135 192 175 205 155 123 46 6 101 245 55 146 133
    52 239 155 66 230 44 235 166 219 64 190 148 128 97 69 34 50 114 39
    186 189 126 61 50 188 88 113 187 177 46 186 78 73 125 167 190 92 251
    76 17 241 219 187 38 143 166 122 210 222 98 244 81 163 165 132 230
    254 139 210 71 53 70 104 157 74 253 233 93 118 128 241 197 230 148
    56 104 113 186 87 40 232 153 102 63 224 180 189 238 159 200 246 112
    123 55 221 39 152 198 232 87 140 182 244 185 38 138 218 199 125 51
    163 213 208 139 217 250 209 229 235 164 49 169 198 164 104 235 44
    254 154 170 43 155 116 171 14 21 149 71 229 166 172 215 185 57 14 97
    213 116 140 136 74 191 51 29 119 247 158 110 254 11 131 22 146 21
    137 253 71 212 116 191 125 83 252 144 221 191 242 136 191 236 138
    214 12 47 201 234 1 47 13 253 245 64 157 104 64 182 241 47 154 28 30
    152 154 179 160 254 251 103 36 14 218 218 81 87 174 159 49 42 188
    113 47 7 146 170 4 231 86 221 10 69 31 160 52 142 4 221 142 154 61
    95 239 22 114 250 17 149 127 112 217 238 172 213 206 178 157 165 167
    21 53 212 159 52 37 142 89 131 182 185 154 201 170 234 5 57 159 183
    80 183 15 131 150 207 64 129 4 203 208 1 54 68 253 35 222 67 82 116
    0 196 253 65 254 38 130 99 199 236 169 32 19 238 171 106 147 89 34
    198 244 80 153 224 105 219 121 28 38 80 63 205 11 237 110 37 15 171
    189 32 1 54 141 101 24 88 101 245 74 170 104 23 28 53 30 234 224 23
    79 28 53 202 121 116 158 6 115 220 23 47 226 57 231 191 122 111 179
    70 252 12 60 128 89 75 241 209 113 73 209 194 2 78 248 225 25 206 70
    185 19 55 191 105 129 247 27 189 92 250 24 123 104 70 209 235 94 165
    93 175 156 239 106 183 47 212 72 70 60 121 84 90 3 229 26 108 76 78
    242 58 68 69 71 79 241 84 119 205 185 48 178 216 94 236 146 92 143
    220 105 124 138 43 100 245 61 109 91 50 38 168 201 58 75 77 22 170
    49 239 57 43 21 3 194 17 133 17 219 252 203 118 72 209 162 249 236
    11 54 107 155 69 224 151 98 144 201 90 53 104 26 138 171 79 105 240
    142 4 237 230 166 163 24 70 145 96 8 58 98 18 84 1 228 25 201 62 235
    244 67 121 10 207 21 47 75 208 248 94 21 237 98 6 148 239 207 141 69
    2 99 79 210 82 62 84 123 4 32 131 247 249 241 20 153 196 14 176 200
    114 145 68 3 186 3 151 162 78 79 72 222 184 208 90 87 206 101 24 253
    99 63 186 68 105 16 149 44 239 176 167 103 42 200 5 36 106 45 124
    251 104 73 110 216 232 166 40 223 12 171 26 21 128 245 138 179 110
    38 85 63 200 28 93 26 128 163 102 28 255 157 77 35 153 63 109 106
    203 149 191 104 153 138 146 26 195 29 141 110 58 29 199 56 152 166
    142 4 56 61 118 206 113 94 126 31 177 13 122 151 176 51 41 19 199
    211 204 121 102 227 115 240 171 233 173 113 132 15 105 196 77 71 211
    108 225 248 60 215 245 90 135 157 242 168 121 10 211 80 102 17 231
    52 86 149 59 211 139 9 139 142 123 38 42 36 106 14 6 225 200 87 247
    128 82 91 9 229 1 211 235 246 106 103 40 155 29 160 25 194 73 7 132
    147 92 102 41 17 55 1 228 141 35 172 141 92 140 69 79 53 230 4 50
    212 125 33 37 218 7 165 238 4 64 35 103 179 2 137 49 150 3 118 97 91
    36 242 211 198 17 108 100 138 81 89 180 14 28 93 184 74 177 209 91
    79 100 190 177 246 87 181 34 103 5 0 30 75 80 24 108 198 150 140 39
    82 199 88 61 42 124 20 94 80 73 164 18 217 240 175 40 36 24 126 48
    196 97 147 160 213 198 210 98 108 172 65 65 241 40 167 96 219 147
    243 53 191 85 80 54 131 137 158 134 247 77 71 133 245 122 67 194 53
    160 184 202 242 57 151 210 132 230 115 44 251 177 94 245 214 77 103
    84 2 74 189 164 143 163 90 27 153 218 187 134 80 73 13 7 63 37 54
    119 123 111 220 209 84 228 151 124 183 233 104 247 236 228 85 129 42
    26 225 42 150 127 170 87 49 173 126 59 99 151 254 187 214 165 139 47
    102 107 141 178 102 178 67 22 232 159 225 112 41 15 86 217 180 248
    198 165 250 129 0 211 204 142 144 61 164 52 175 223 34 195 66 142
    250 226 88 46 69 114 185 196 98 187 91 138 69 148 238 172 83 153 206
    223 126 7 124 110 226 147 199 8 91 175 189 69 84 142 33 108 209 17
    167 221 34 205 180 135 116 228 178 122 64 137 122 21 79 203 152 119
    131 132 220 103 241 119 18 78 60 58 33 146 73 179 74 79 250 154 235
    96 130 187 140 134 176 214 252 32 54 25 176 232 18 249 231 212 123
    230 115 163 140 2 99 227 129 253 206 10 216 1 94 175 36 205 5 243 43
    109 121 194 219 175 52 255 110 88 139 131 91 57 48 81 104 254 4 151
    231 249 230 126 34 83 245 33 92 147 40 19 164 102 36 245 142 123 13
    220 198 179 248 180 225 35 90 34 42 39 66 175 223 153 96 226 187 186
    27 195 184 62 214 79 100 199 26 101 71 199 46 141 163 55 104 207 140
    123 155 137 65 186 232 122 118 180 182 11 41 246 37 77 235 93 32 9
    214 108 58 239 214 159 226 17 185 213 79 228 194 220 163 172 152 132
    233 61 234 114 55 66 3 136 58 59 180 149 213 147 28 211 247 207 223
    150 145 153 171 180 148 63 20 64 173 176 255 9 32 73 6 150 50 104 24
    83 97 164 8 85 226 38 91 102 24 88 172 19 163 94 246 187 187 143 105
    227 84 36 255 241 122 121 54 76 95 3 204 10 73 131 142 119 128 171
    197 217 129 220 122 155 19 234 254 164 190 2 237 159 191 98 19 68 81
    236 7 24 239 48 165 226 131 246 126 102 219 111 79 136 67 111 165 29
    67 246 40 240 149 34 18 216 96 30 163 55 79 97 69 140 46 38 188 255
    103 57 117 61 64 170 29 156 188 45 88 179 248 225 200 19 20 144 45
    255 199 221 154 126 72 241 60 41 193 164 45 201 59 82 251 45 249 14
    57 36 7 187 226 142 213 65 8 53 148 247 193 89 27 9 43 5 91 237 226
    148 247 110 15 41 8 142 173 185 126 194 125 58 15 110 48 140 148 105
    221 10 142 252 215 239 132 246 149 166 194 76 65 243 190 139 132 54
    246 108 221 194 178 74 49 147 99 130 148 94 78 147 82 173 127 52 26
    224 9 19 167 126 91 25 107 207 28 101 51 101 66 227 34 159 84 63 160
    244 150 40 189 22 73 103 55 68 133 36 31 80 71 108 56 67 208 177 62
    45 233 175 149 134 74 234 22 83 53 26 56 246 210 74 241 107 167 114
    205 79 38 138 34 249 252 224 130 51 143 99 185 15 174 187 226 136
    243 27 129 214 15 155 100 28 108 11 152 132 45 180 119 133 137 144 1
    241 253 162 24 208 134 101 246 197 179 45 168 154 145 184 66 123 40
    128 163 23 120 161 81 232 56 245 21 184 147 214 192 40 236 20 51 19
    80 252 174 110 100 8 183 168 55 236 85 187 151 149 216 152 90 220 33
    136 221 18 231 103 25 182 183 171 80 92 129 45 45 8 245 171 160 78
    239 64 255 229 224 20 37 129 115 170 173 100 206 7 60 239 219 34 176
    108 113 113 62 0 148 172 131 244 35 135 138 81 141 234 100 216 15 20
    107 26 92 237 120 186 153 31 198 175 209 184 111 47 137 127 184 172
    61 240 61 97 40 121 211 158 40 72 65 235 107 122 80 139 41 167 242
    60 230 215 78 154 55 138 70 177 102 65 96 21 211 58 15 163 142 111
    255 56 93 102 47 164 157 135 152 62 123 149 64 133 239 170 76 92 151
    169 33 91 17 37 144 241 126 50 133 29 194 38 252 16 178 225 52 195
    31 33 159 30 99 216 242 167 246 121 57 191 248 188 207 168 246 80
    168 104 27 87 31 14 102 208 10 169 139 113 207 239 95 133 36 212 136
    73 238 43 148 95 238 131 167 175 75 102 209 8 235 197 135 209 56 166
    57 22 101 143 127 28 194 2 216 168 232 194 225 218 54 102 4 54 42
    199 61 27 164 168 38 220 22 154 128 7 234 124 130 23 247 207 67 214
    221 223 167 36 174 244 74 89 41 141 234 99 160 23 110 103 96 194 179
    206 190 250 28 209 237 151 76 237 50 112 217 169 201 172 76 171 195
    45 252 57 37 228 165 154 69 224 10 103 93 113 25 218 111 113 164 189
    203 1 26 70 168 213 144 156 210 221 154 184 101 243 85 184 93 77 90
    225 227 228 21 142 56 1 195 26 72 24 167 139 86 84 150 230 7 1 19
    189 45 121 119 164 148 92 243 193 51 80 55 120 154 162 205 246 212
    65 99 210 227 223 213 28 118 199 208 162 74 193 74 155 124 188 195
    216 145 47 164 66 74 57 177 23 41 105 233 127 225 131 217 242 150
    243 231 130 25 95 171 253 173 127 144 76 50 183 148 216 210 110 52
    200 15 60 155 160 77 131 31 96 135 14 179 116 106 26 12 134 109 97
    240 139 175 223 224 128 131 238 13 27 3 188 254 136 18 179 161 35
    135 166 215 242 83 46 153 199 149 242 207 194 157 233 39 211 173 134
    115 1 150 28 238 68 82 102 173 32 41 114 93 54 10 99 147 50 3 185 60
    61 230 176 179 128 217 215 105 24 220 74 208 181 48 149 230 74 254
    48 210 255 43 16 76 174 214 57 225 211 44 220 216 148 37 68 232 73
    177 232 222 226 174 216 235 19 216 222 211 186 24 165 237 101 60 61
    52 120 50 13 84 122 162 56 65 108 31 147 240 201 1 185 229 145 228
    171 150 204 27 142 242 252 205 156 119 149 57 2 12 60 100 3 76 82 63
    78 30 140 74 111 192 202 91 41 171 109 231 252 165 92 239 219 123 62
    7 194 140 88 253 190 216 168 190 149 116 216 26 27 244 23 131 166 80
    3 183 146 2 75 150 115 22 83 164 150 58 248 12 161 121 157 218 38
    178 98 99 164 86 24 136 186 6 49 77 215 119 67 85 216 110 190 124 31
    85 36 94 183 174 238 45 249 25 55 187 125 231 3 104 8 30 251 87 197
    205 65 21 160 70 241 23 2 165 185 179 34 226 197 114 101 83 212 70
    29 111 178 173 147 200 194 126 126 140 201 179 52 76 34 21 74 218
    242 229 84 154 155 98 121 182 106 64 173 19 34 72 182 255 250 172
    118 62 110 86 5 15 62 89 70 184 70 90 21 124 202 95 170 212 154 68
    188 236 3 241 1 238 126 147 149 41 246 76 176 186 100 86 131 225 18
    16 47 113 246 168 42 222 140 89 77 127 153 249 138 99 3 95 13 194
    160 38 136 106 168 98 206 13 180 24 221 200 188 237 223 218 100 233
    186 137 255 233 105 205 87 237 240 30 158 97 204 216 91 249 158 181
    74 155 68 234 215 168 16 70 90 53 7 230 73 96 1 91 77 238 80 95 213
    243 131 154 247 229 75 198 28 151 132 142 68 91 204 231 207 152 54
    245 119 98 242 180 252 120 158 62 227 202 117 80 76 188 165 196 161
    199 4 11 145 78 179 30 127 128 193 98 19 112 70 117 12 162 136 46
    191 62 174 154 18 51 51 19 54 14 45 36 157 202 41 184 251 59 180 114
    158 126 151 203 2 13 255 49 201 115 233 126 144 182 215 163 87 102
    136 186 186 46 50 31 36 20 176 4 24 12 199 57 152 125 231 121 253
    209 11 169 174 123 36 104 136 109 0 209 101 0 213 109 4 61 0 101 115
    120 24 88 188 106 199 85 34 100 194 49 253 123 221 5 250 81 29 173
    167 229 14 124 32 210 92 143 99 187 15 173 187 5 119 104 169 161 180
    84 220 214 118 15 109 110 3 226 161 107 168 251 139 192 253 69 129
    190 157 219 23 123 115 178 59 229 188 8 2 212 151 162 3 54 226 53
    196 156 33 102 127 103 108 165 156 1 141 69 8 94 239 100 123 150 32
    170 218 82 157 209 33 60 207 63 93 107 188 49 146 183 164 144 82 122
    149 38 136 223 149 102 134 175 46 223 89 68 40 43 89 147 84 36 76
    222 9 197 148 0 73 251 201 154 145 79 152 183 175 45 129 181 109 120
    208 131 134 240 139 175 50 207 71 122 80 118 119 163 211 102 175 169
    127 209 14 202 98 59 101 218 152 154 249 254 222 246 184 155 129 110
    148 100 245 241 72 21 16 229 62 79 53 18 158 94 28 194 26 243 60 248
    192 24 6 4 11 186 199 139 119 108 91 39 27 90 89 101 219 69 37 254
    10 19 165 18 143 165 184 230 222 76 130 195 193 219 46 225 181 219
    229 180 155 186 217 56 115 178 59 47 216 113 197 119 70 129 178 122
    242 12 86 231 21 102 231 102 9 192 3 217 0 161 105 75 234 167 212 60
    72 13 245 232 88 111 106 29 188 116 198 215 200 167 175 35 55 148 52
    46 185 15 131 7 160 136 136 61 164 9 212 218 42 77 10 7 210 217 199
    195 55 113 140 0 22 198 167 55 80 111 26 30 215 152 188 128 98 45
    147 248 27 64 65 56 104 18 8 78 253 19 148 169 227 194 113 50 71 214
    29 121 21 134 107 249 153 64 171 31 211 156 48 134 56 119 46 41 253
    161 211 172 190 96 27 181 74 17 213 47 106 168 215 228 212 210 5 167
    9 205 215 230 164 124 230 71 115 129 106 93 199 157 62 95 135 109 5
    230 96 186 38 46 46 158 68 132 188 233 236 93 163 14 44 111 112 95
    147 62 104 63 8 216 254 244 29 56 244 70 233 242 243 11 4 192 156
    146 34 85 244 132 163 160 1 32 104 237 57 210 118 254 179 232 46 190
    85 109 161 52 223 172 237 115 183 103 13 55 245 197 21 148 164 24 21
    121 211 36 80 99 38 116 182 204 77 118 179 83 160 214 56 39 103 214
    194 165 26 251 231 131 203 167 78 121 78 115 212 154 226 230 183 154
    182 144 58 129 228 127 18 53 129 230 154 16 5 244 102 114 10 163 184
    61 97 76 169 14 13 165 223 10 214 28 251 45 127 59 43 91 123 22 138
    32 90 230 195 180 221 161 111 209 237 82 162 246 143 228 211 51 73
    140 5 174 119 208 176 97 61 160 143 111 164 83 82 204 36 115 26 179
    189 195 141 53 186 180 108 219 126 149 215 121 164 52 5 208 107 126
    18 110 239 221 169 1 241 67 4 82 12 180 207 122 47 143 76 163 167
    100 5 56 64 29 150 113 2 253 63 230 76 52 251 94 229 110 4 57 45 195
    132 111 86 112 7 138 64 223 9 166 142 218 81 196 124 32 172 76 170
    32 45 108 34 192 148 177 237 39 97 23 178 72 195 147 150 149 55 181
    129 158 56 66 189 203 251 36 125 75 90 77 135 95 88 192 140 144 160
    69 44 6 37 189 51 11 46 29 66 220 24 211 12 245 175 28 161 144 75
    229 20 121 82 217 49 113 81 108 149 19 193 223 108 26 210 250 68 62
    251 5 255 94 218 138 109 50 210 77 190 12 47 219 27 223 252 63 198 1
    89 46 219 115 240 184 27 235 8 14 3 91 64 182 128 212 14 93 131 69
    253 90 161 200 64 221 40 252 248 97 118 220 162 193 16 181 169 123
    48 250 91 64 227 91 19 159 197 105 144 118 4 117 72 244 7 96 10 175
    248 34 38 48 253 169 200 37 198 88 135 47 105 201 251 255 203 91 167
    213 10 100 57 72 41 206 146 33 149 99 150 207 167 10 156 62 80 22
    157 250 17 122 42 196 228 146 18 140 129 161 221 107 26 223 176 42
    191 46 47 145 162 154 82 157 100 88 174 161 230 25 41 246 17 227 1
    79 26 54 198 24 5 143 173 107 248 171 87 117 155 107 96 119 159 33
    80 8 94 196 5 18 46 181 91 90 107 234 113 54 57 192 14 222 106 99
    188 27 229 37 57 238 88 104 35 174 95 116 102 83 225 179 63 53 1 241
    75 68 147 178 12 132 83 77 245 173 114 29 246 151 7 242 190 116 40
    54 35 82 47 120 95 88 190 81 108 202 136 9 76 79 120 5 107 93 80 234
    184 238 230 229 28 90 214 43 33 253 12 199 75 40 7 58 90 114 87 92
    195 146 14 249 163 184 219 188 123 8 157 162 207 131 210 9 220 150
    211 96 228 86 69 229 148 132 80 101 184 90 42 247 162 201 67 254 65
    193 43 164 236 79 1 211 183 108 60 170 135 136 13 218 82 58 161 198
    39 23 123 185 139 91 249 19 233 127 54 25 225 156 77 85 222 45 133 4
    192 243 74 90 117 232 210 131 20 75 124 154 224 159 164 115 214 135
    48 28 126 45 59 12 93 127 63 186 255 75 123 80 6 54 145 67 86 205 21
    53 146 174 241 154 134 139 91 29 197 195 194 72 191 200 67 75 49 102
    215 220 47 62 250 211 71 244 138 185 155 232 236 174 173 148 70 141
    18 135 116 168 194 151 54 219 70 140 234 152 254 182 53 215 177 116
    168 218 170 84 245 175 188 97 50 25 208 192 168 79 244 3 199 106 170
    183 152 200 193 38 95 47 167 195 184 233 207 33 234 176 131 59 206
    48 239 154 221 225 159 89 183 93 56 152 249 129 99 109 70 170 9 137
    116 52 135 56 225 51 0 76 191 3 66 255 43 6 187 189 78 6 205 224 115
    145 160 230 6 111 208 39 225 79 50 43 11 233 213 235 231 202 18 27
    170 224 189 238 77 109 99 213 189 26 157 46 75 74 234 14 136 164 138
    77 182 174 249 240 157 183 76 146 14 111 81 147 231 75 113 177 164
    169 123 195 119 189 220 192 12 159 189 139 243 114 227 72 76 194 165
    7 128 94 255 29 250 169 111 54 195 34 181 112 210 107 75 30 15 206
    157 191 81 106 235 221 191 203 14 17 63 212 146 102 21 54 220 29 64
    223 38 94 163 49 143 195 161 241 51 126 69 215 186 48 98 169 232 116
    52 149 246 88 155 70 127 94 178 154 176 199 59 147 41 246 225 24 185
    214 226 53 238 253 141 251 250 12 146 254 5 7 47 194 50 186 164 78
    116 63 12 197 223 99 211 184 109 203 214 82 137 165 28 168 84 10 46
    106 187 67 124 129 184 218 7 87 122 36 188 0 65 195 223 71 118 53
    245 92 162 73 253 50 109 22 97 90 166 6 188 97 17 227 104 82 48 203
    221 127 138 131 247 148 71 7 126 20 191 103 170 172 116 20 167 72
    197 125 107 131 188 241 196 197 122 209 225 255 236 30 162 207 183
    151 128 2 85 41 19 59 233 173 19 62 182 22 166 198 113 180 65 32 36
    213 201 75 220 226 114 118 16 59 218 75 126 30 42 215 48 28 0 140 5
    190 93 195 177 32 35 5 166 233 5 10 202 159 107 2 146 145 109 195
    235 1 218 70 197 124 153 241 157 203 110 156 62 46 253 18 118 217
    185 175 15 25 207 162 248 84 224 207 234 41 136 166 21 236 177 243
    92 124 231 101 93 35 23 39 128 212 72 168 19 229 109 46 161 132 190
    186 54 102 96 193 1 40 1 10 72 156 216 5 160 140 81 62 55 168 156
    153 142 69 35 127 124 109 46 222 23 225 244 46 88 173 185 12 237 167
    122 99 205 60 101 73 91 27 98 243 195 129 250 156 107 200 247 196 68
    193 189 22 254 167 227 115 165 62 107 14 12 126 102 188 32 7 175 177
    119 151 41 24 94 125 201 65 253 133 234 126 94 142 8 248 73 136 152
    147 213 65 38 243 252 64 127 101 26 66 231 54 142 11 107 106 188 253
    213 42 13 170 241 101 140 148 240 10 30 76 39 8 132 88 246 89 184
    151 62 120 93 1 163 212 136 109 98 58 3 111 222 218 9 78 249 3 79 52
    95 81 147 23 62 106 83 37 160 173 118 3 36 181 89 230 38 211 197 39
    40 226 27 180 47 203 245 95 119 184 101 4 25 25 166 140 105 71 156
    35 180 32 243 166 114 25 249 25 142 242 132 173 140 34 32 139 74 63
    85 165 23 171 237 54 39 25 111 17 2 232 237 210 135 199 105 87 46
    179 14 1 241 231 243 182 5 195 142 5 177 34 163 244 31 123 188 171
    155 104 213 218 39 36 120 160 10 107 122 60 16 43 63 87 216 111 180
    41 116 178 15 131 107 244 156 163 159 149 19 100 234 228 105 244 159
    47 75 230 150 115 126 191 151 97 223 2 20 31 82 133 104 15 239 255
    244 98 44 126 77 47 59 202 155 221 231 127 174 1 2 31 6 165 148 114
    90 99 43 128 74 14 96 219 102 241 198 103 86 63 245 9 83 39 223 133
    206 174 1 166 217 209 45 57 117 217 82 113 66 73 146 138 120 180 45
    97 68 123 123 168 84 115 118 233 67 84 71 82 208 193 64 83 36 123
    116 205 78 20 195 144 125 171 230 110 145 221 119 97 119 166 151 147
    127 198 25 7 165 82 37 175 212 195 232 123 73 40 214 21 200 249 16
    198 253 248 166 154 169 13 36 187 187 239 63 235 207 241 178 198 18
    175 145 228 221 89 129 138 131 179 214 129 151 70 91 181 222 74 238
    134 174 26 194 152 43 150 144 171 100 91 111 206 86 202 171 36 42 39
    78 193 30 70 24 61 33 234 229 210 211 140 227 247 57 12 201 138 141
    86 253 85 133 9 166 191 167 132 72 53 192 16 19 71 120 89 36 121 26
    248 120 83 128 244 138 190 105 232 108 170 223 121 190 104 152 179
    182 107 102 65 145 180 153 169 132 138 239 55 133 90 223 108 249 223
    179 245 128 95 126 232 75 82 161 98 126 53 9 7 129 132 178 111 217
    185 200 0 252 197 109 8 150 213 160 161 238 199 247 106 81 173 76 96
    53 158 174 240 24 205 109 146 73 12 231 208 53 86 188 206 166 106 80
    66 84 0 182 135 11 210 54 100 10 96 173 249 33 138 141 128 150 239
    46 170 61 80 15 143 223 84 171 254 142 207 30 170 116 14 95 42 0 101
    209 253 201 133 83 232 107 167 152 250 56 91 84 143 228 38 92 222
    124 230 188 79 57 73 167 218 216 164 51 198 33 43 244 91 95 141 137
    89 40 145 151 220 1 144 185 10 77 118 24 108 84 209 13 110 185 31
    252 240 253 106 93 91 228 238 248 7 228 159 208 150 173 139 210 210
    86 206 15 50 12 124 3 245 157 49 155 66 243 177 122 217 132 194 255
    100 224 90 151 107 52 243 30 123 240 223 99 105 58 7 245 208 142 143
    214 72 176 161 120 128 237 68 47 60 72 4 104 172 128 180 204 253 113
    1 124 38 215 231 82 62 52 220 31 250 35 117 162 228 75 232 206 111
    215 17 21 18 156 247 13 243 142 227 57 6 227 131 230 28 248 142 232
    168 92 245 109 19 172 70 157 109 253 155 164 49 117 111 79 126 102
    91 35 157 95 62 80 152 191 85 3 245 142 169 254 145 57 111 14 103
    163 61 45 192 137 241 166 119 139 211 255 30 203 94 9 80 208 182 10
    218 57 121 234 115 81 37 129 20 38 161 208 213 89 45 180 148 166 61
    209 172 73 248 16 55 237 107 58 48 68 241 189 214 62 66 57 70 248
    189 89 16 31 47 25 156 167 208 176 134 194 199 16 92 85 119 66 177
    149 149 240 175 91 190 205 188 188 65 168 155 109 85 88 42 145 7 65
    5 139 109 54 216 203 84 202 32 23 20 81 222 133 206 100 99 158 23 30
    96 128 74 147 164 120 92 69 22 199 116 151 82 10 58 165 102 190 78
    115 48 5 8 64 80 153 242 208 229 140 139 115 1 209 233 201 147 89 64
    38 223 217 32 152 31 143 130 112 54 18 153 182 106 238 105 140 24
    206 125 128 75 184 174 38 37 12 167 175 105 241 76 107 238 90 137
    189 156 178 38 222 79 76 197 112 149 6 21 219 237 238 99 20 145 153
    18 170 155 238 145 44 50 100 10 178 66 168 173 60 20 63 190 139 254
    115 150 40 233 168 192 231 50 129 139 255 167 103 115 10 225 12 127
    75 166 230 114 66 111 250 190 227 194 120 15 42 75 36 229 36 255 210
    58 205 200 248 108 220 22 221 178 128 246 73 166 192 152 41 112 213
    10 51 176 237 220 93 14 123 91 74 125 124 160 123 95 60 71 231 161
    45 100 240 199 81 116 52 162 184 64 217 120 136 169 22 135 58 154 26
    248 86 219 243 161 76 7 26 220 30 3 151 178 204 111 236 9 63 197 218
    162 202 146 243 146 208 27 234 92 31 223 150 16 183 128 232 72 216
    15 251 199 141 112 202 83 2 168 14 156 89 50 74 93 55 57 154 137 70
    123 38 187 89 92 214 220 197 164 120 45 89 246 15 169 97 44 227 202
    197 145 217 78 22 48 24 180 31 174 106 213 107 208 197 39 174 181
    156 206 197 221 196 24 50 209 73 77 211 90 27 148 247 202 16 106 170
    158 141 109 110 120 148 46 61 144 173 217 155 150 189 99 182 220 224
    65 65 93 165 137 45 237 102 126 11 242 74 57 109 183 207 235 88 27
    110 125 122 182 51 90 225 7 62 23 48 192 79 37 196 234 201 46 230
    118 23 180 52 200 222 91 169 64 143 17 235 114 71 16 222 125 23 69
    225 3 3 226 59 7 253 45 62 251 93 112 125 76 175 204 223 49 39 33 35
    176 46 136 39 152 179 192 84 249 130 184 109 235 18 82 105 234 135
    192 148 105 99 204 204 178 213 131 201 201 228 48 168 70 71 67 67
    121 221 131 162 90 70 205 81 100 137 247 177 57 39 188 172 23 113 31
    14 7 91 32 122 8 56 226 132 180 221 230 172 100 82 233 120 99 90 64
    194 225 200 20 21 87 76 60 0 70 251 186 121 158 91 238 182 179 245
    170 100 45 6 35 156 204 47 115 35 250 88 152 232 33 133 66 56 246 35
    193 136 183 232 139 104 108 211 27 66 138 114 206 100 161 42 109 230
    13 226 31 15 209 170 79 4 218 32 69 138 68 213 59 108 252 212 160 63
    11 137 158 161 244 42 153 62 213 162 93 60 216 156 191 56 148 80 213
    100 213 14 242 217 226 144 99 127 21 132 225 229 246 70 150 133 255
    74 197 250 94 51 1 22 229 147 56 250 132 242 24 250 39 73 227 235 91
    8 74 215 157 27 67 37 189 209 180 28 17 133 209 229 115 12 170 83
    223 213 157 94 253 10 226 182 132 153 23 183 46 78 30 160 40 10 73
    120 180 222 228 204 97 217 0 38 32 116 168 13 192 36 55 102 188 65
    220 105 15 0 105 0 109 99 120 145 80 219 95 77 89 38 79 29 118 239
    218 179 147 235 157 11 46 173 218 149 94 106 25 165 58 116 147 21
    112 120 20 72 155 52 220 243 166 172 252 14 251 164 246 133 10 0 189
    109 189 249 195 148 99 28 41 145 149 20 53 6 153 49 119 186 97 16
    130 211 78 202 26 68 192 111 148 43 109 110 78 221 231 13 218 232
    234 166 88 118 91 232 101 141 219 115 254 183 110 243 192 202 85 27
    43 180 17 16 201 139 116 146 246 81 168 248 93 128 212 215 167 155
    244 59 172 246 35 215 230 245 67 222 7 169 249 26 52 46 96 210 167
    115 148 66 87 93 160 12 187 150 85 3 20 175 229 134 39 80 213 144
    215 30 189 42 147 219 171 57 178 55 63 81 69 199 188 251 163 211 51
    7 66 131 24 68 37 164 241 103 250 83 14 1 118 201 90 212 229 164 132
    76 155 135 58 131 11 175 18 148 248 72 98 61 37 133 173 44 18 236
    229 176 172 87 7 135 110 122 15 252 70 222 245 8 170 40 55 230 241
    187 103 13 114 250 72 59 61 174 193 168 229 197 114 176 176 179 3
    118 24 245 12 110 148 169 162 82 251 168 18 168 21 181 250 213 34
    227 248 218 59 224 108 114 78 231 211 189 85 1 226 71 252 52 87 153
    144 67 158 38 189 198 113 107 185 187 66 88 82 179 235 19 161 55 82
    212 183 179 169 210 105 2 14 43 119 66 154 53 23 217 195 140 252 21
    62 37 206 228 113 136 8 248 189 98 200 230 158 160 11 215 108 164 62
    92 224 178 36 187 35 35 47 223 21 204 132 53 206 4 180 219 35 192
    123 37 82 213 204 87 75 53 6 184 245 65 115 177 235 230 192 198 23
    126 190 132 247 231 152 234 8 253 47 42 107 112 102 170 93 210 13 79
    10 235 4 241 42 3 53 37 202 206 89 85 102 195 68 200 110 54 30 163
    253 221 128 197 39 43 82 228 178 130 4 216 79 19 238 165 97 41 175
    166 71 217 158 7 116 231 86 156 15 172 214 19 173 107 56 66 242 251
    167 146 68 123 195 97 206 40 65 46 100 214 210 250 93 159 155 36 63
    139 210 223 78 160 19 154 88 207 255 119 44 75 62 121 246 122 178
    103 171 77 162 26 215 189 3 248 226 98 76 60 155 75 88 27 250 210 77
    52 81 58 171 89 239 241 228 188 168 244 69 83 91 22 221 250 255 115
    109 69 20 112 39 145 243 85 33 36 238 121 25 105 190 10 193 169 120
    153 94 99 70 113 48 32 34 190 72 14 112 121 243 137 254 15 227 251
    217 223 85 43 76 255 148 41 185 72 70 220 76 5 184 14 239 57 139 128
    115 154 238 180 155 53 0 62 101 251 85 137 234 110 142 143 248 31 56
    49 186 174 203 73 23 80 7 6 215 156 122 85 30 217 50 168 90 7 57 13
    111 255 82 52 156 108 41 149 54 238 191 229 57 64 141 178 28 95 44
    126 38 151 140 75 91 211 165 206 206 89 222 167 141 251 127 253 43
    82 195 135 240 150 207 172 145 138 49 48 212 96 200 67 91 177 45 134
    228 4 127 248 223 217 19 106 216 83 225 104 109 77 63 133 130 110
    241 186 54 232 94 78 231 32 20 238 167 246 90 66 117 170 231 38 147
    116 27 167 239 117 14 99 172 1 9 166 217 29 98 97 140 235 200 240 52
    129 211 16 209 106 132 136 228 14 59 92 201 213 142 127 126 33 40
    230 134 253 56 76 153 150 110 23 24 34 32 64 28 140 17 169 214 78
    241 60 209 178 134 13 128 170 241 82 156 255 253 180 211 246 151 163
    100 29 211 253 180 138 220 72 168 100 176 154 101 151 208 13 182 39
    142 228 115 109 24 10 94 13 55 12 159 9 62 40 111 56 30 2 126 49 88
    87 217 117 165 196 234 149 35 56 26 84 164 71 185 182 199 113 219
    156 118 34 188 118 133 103 210 199 208 33 31 241 126 16 64 9 160 59
    181 43 147 142 123 128 3 207 133 117 89 193 156 172 106 178 194 155
    205 142 18 160 5 9 113 193 7 230 91 240 170 23 218 12 22 53 150 67
    110 10 70 39 214 49 97 1 229 71 209 93 173 221 171 35 52 136 253 91
    224 193 246 170 173 149 241 41 113 32 174 35 24 99 212 87 5 172 31
    86 112 38 41 31 34 210 140 106 191 239 88 99 231 7 132 181 153 101
    102 64 89 252 245 5 4 107 140 236 117 128 162 198 79 221 51 116 94
    205 171 87 201 99 242 231 255 196 137 103 3 142 61 182 235 206 118
    43 104 183 54 233 145 61 206 81 7 59 179 116 82 16 225 124 164 223
    114 207 234 27 110 233 81 59 217 10 157 27 184 97 65 236 6 242 102
    234 99 156 49 60 89 41 21 209 121 255 22 249 224 10 57 129 68 1 27
    186 57 154 150 99 25 79 5 2 249 79 133 49 113 15 95 101 218 181 131
    45 22 153 107 9 13 90 244 34 239 28 180 166 58 237 239 242 28 117 10
    121 240 251 42 163 58 193 139 244 8 5 175 244 128 58 228 39 156 235
    79 36 94 129 79 149 162 209 122 157 251 211 133 189 9 82 175 19 247
    65 146 49 226 207 24 22 231 122 12 190 16 164 74 92 72 190 151 16
    211 111 186 65 87 19 139 167 9 73 15 158 33 140 134 105 244 45 215
    52 56 160 141 92 26 116 131 67 227 180 46 149 207 233 27 145 135 94
    29 25 201 222 163 238 94 26 96 85 37 56 127 244 171 189 147 187 247
    81 75 184 81 74 82 125 103 211 153 44 193 214 162 130 114 22 40 16
    28 15 251 150 244 64 53 228 92 126 167 112 233 155 88 66 81 89 86 95
    173 20 47 209 106 247 219 107 175 15 53 165 97 22 204 197 244 177
    179 192 245 254 176 239 188 127 171 160 159 129 203 16 82 121 2 229
    90 193 122 66 64 117 202 180 189 181 119 118 188 21 201 108 178 218
    103 239 148 29 237 46 210 70 71 23 94 77 91 132 211 47 49 171 221
    175 176 98 76 95 78 52 0 183 81 205 215 5 175 218 56 95 27 185 133
    19 188 83 202 139 32 90 123 130 61 131 26 130 135 133 84 56 69 82 83
    5 165 185 172 187 181 24 79 173 6 194 45 126 175 111 91 215 223 155
    47 68 185 58 218 71 83 215 225 32 162 181 49 74 57 171 239 225 30 66
    141 37 111 78 144 72 174 93 90 59 99 37 120 72 217 43 18 160 76 247
    87 144 216 73 255 190 127 95 168 39 55 114 249 234 112 169 231 46 80
    195 254 129 109 154 167 87 116 44 38 84 74 170 58 178 231 21 245 143
    97 38 185 63 4 21 139 12 142 130 86 144 252 218 249 212 114 141 109
    129 122 100 143 121 211 71 253 154 229 105 121 139 209 111 88 228
    150 88 97 162 73 174 103 247 114 140 224 251 133 69 13 157 245 11 98
    44 242 244 10 136 86 32 191 111 250 209 14 16 92 180 170 164 222 244
    160 4 28 143 75 95 182 125 172 77 53 22 141 89 90 178 118 41 101 159
    152 240 249 137 170 165 199 27 155 129 127 69 108 74 47 46 10 103
    153 75 254 35 22 127 189 245 153 187 221 154 203 234 40 29 38 211
    135 252 74 205 150 70 144 190 95 61 236 178 82 22 34 52 4 190 165
    211 86 230 126 50 27 57 111 216 245 27 10 222 254 44 97 160 101 193
    4 210 126 118 90 22 178 246 5 224 167 164 29 74 165 66 43 130 236
    122 240 86 201 52 60 195 191 72 137 242 241 94 210 60 129 244 110
    123 81 75 157 25 22 81 230 76 113 101 155 111 101 210 173 45 163 115
    60 12 163 64 125 100 0 39 222 56 81 190 52 28 158 12 189 4 111 172
    127 145 234 249 148 10 229 246 36 196 206 36 138 153 52 122 135 200
    21 186 60 65 32 73 245 237 179 54 255 100 65 230 236 104 105 96 59
    186 13 217 48 20 145 35 163 100 196 200 99 81 49 153 92 110 115 192
    215 152 97 5 44 151 115 147 226 204 5 79 196 227 15 63 35 225 144
    213 82 86 125 235 148 80 142 40 91 28 128 183 84 53 177 255 68 28 41
    182 217 97 56 208 115 171 22 237 182 88 103 106 129 131 10 42 148
    124 49 113 7 178 76 192 237 160 84 49 254 217 86 148 187 240 9 71 63
    150 89 148 153 115 254 182 247 51 39 199 12 92 221 179 129 134 81
    169 69 30 93 228 144 196 131 221 54 30 12 89 168 143 64 192 67 94
    197 234 12 189 20 84 47 91 136 87 156 165 176 112 217 144 55 237 250
    154 221 11 137 76 37 99 157 150 70 229 207 71 200 201 16 2 222 103
    139 64 20 175 63 16 174 154 180 247 92 12 115 53 183 90 30 175 29 0
    34 99 59 252 82 206 34 39 111 193 235 39 235 227 71 3 8 14 126 211
    17 25 128 57 25 9 248 56 8 91 30 210 52 10 154 80 250 240 131 102
    190 70 7 211 255 112 207 234 236 83 49 8 148 164 40 144 100 122 153
    65 29 133 186 116 217 86 131 202 125 231 79 188 175 194 200 21 156
    80 206 164 135 91 191 68 229 116 232 157 77 134 78 239 139 80 20 245
    112 57 53 208 55 235 130 71 113 146 131 96 42 244 236 109 57 35 155
    17 154 47 78 252 32 16 111 15 55 56 29 122 19 225 97 62 162 174 244
    139 151 188 115 61 111 115 84 97 74 197 216 161 39 60 91 194 155 128
    94 18 249 120 10 206 173 29 72 40 61 57 171 35 119 169 229 240 8 88
    97 88 50 170 106 108 98 43 254 35 230 196 244 184 124 198 53 73 97
    159 186 83 161 245 201 232 1 97 177 237 192 118 109 154 21 148 241
    124 139 47 159 172 172 147 248 33 188 60 138 19 184 75 24 108 154
    222 117 147 42 141 104 184 87 116 1 159 57 34 72 98 206 40 69 250
    249 120 123 127 25 252 146 170 224 177 1 63 34 51 99 137 112 99 29
    125 121 80 100 190 177 98 36 186 55 160 197 209 185 221 183 8 58 152
    223 5 175 167 84 97 154 73 234 91 242 137 229 220 248 178 255 32 69
    245 111 77 196 36 52 166 197 221 148 223 113 131 58 90 99 104 188
    208 130 99 150 243 82 93 195 227 217 91 28 198 19 41 229 99 88 122
    159 201 69 139 17 73 119 138 10 133 39 132 25 232 185 101 182 189 82
    180 15 20 8 109 126 99 160 136 134 111 122 82 242 97 96 88 136 113
    45 148 27 72 217 98 140 248 180 89 9 209 126 167 95 44 255 21 57 204
    237 31 133 170 159 196 232 93 223 90 157 191 205 136 59 22 229 128
    125 224 185 197 169 243 211 110 80 230 213 185 53 180 148 147 184
    195 191 170 116 102 146 205 98 233 118 225 163 189 92 241 242 118
    181 184 93 214 177 3 251 221 216 118 170 238 170 78 8 149 14 12 5
    252 116 213 210 227 243 124 183 74 77 130 54 229 29 31 236 249 115
    253 169 177 110 255 78 103 101 47 56 174 205 4 143 214 18 160 191 21
    152 225 166 177 148 157 65 83 31 11 50 116 57 154 158 249 68 81 138
    178 169 236 159 72 113 205 125 81 34 162 152 34 214 135 13 134 95
    126 69 87 126 249 244 235 53 103 176 190 86 69 168 77 135 18 119 52
    230 43 88 187 136 0 230 58 4 107 84 214 15 32 200 115 243 230 190 37
    152 136 216 250 64 102 74 139 40 159 114 83 209 63 241 7 215 4 117
    24 170 2 14 182 150 67 33 247 81 76 228 38 111 184 2 254 127 236 117
    10 146 225 162 52 225 25 171 8 194 216 26 11 28 100 5 33 251 126 149
    45 227 108 188 31 78 38 137 251 45 14 36 249 237 25 226 181 64 72
    199 117 160 164 217 34 218 133 192 124 10 1 186 149 179 77 26 50 179
    133 81 57 31 85 134 67 248 122 96 200 84 144 213 231 171 51 35 76
    191 112 64 214 162 56 244 90 76 86 18 175 31 223 253 34 14 209 153
    37 182 46 59 24 8 135 160 200 128 179 244 252 238 178 6 114 69 183
    82 153 204 144 168 90 47 164 118 145 170 85 155 215 42 10 23 208 68
    129 62 11 174 48 244 21 194 134 22 224 82 72 6 166 252 215 177 255
    174 21 124 171 184 187 0 141 18 40 50 227 73 38 158 26 233 145 67 51
    105 154 55 220 233 201 111 4 145 98 86 165 126 81 122 155 161 136
    161 30 125 151 137 216 216 83 108 40 211 182 202 44 196 176 190 177
    251 43 122 59 189 134 233 56 17 111 106 2 174 59 123 69 133 83 14
    161 55 72 247 125 228 216 76 54 116 99 35 145 144 162 11 105 212 65
    128 168 68 214 128 39 46 163 6 156 91 193 253 135 161 206 97 198 169
    212 56 232 151 136 108 218 189 72 105 71 235 39 144 83 47 29 38 195
    79 168 95 100 60 94 129 154 196 103 152 194 142 110 36 137 220 14
    211 243 183 232 30 114 208 177 173 226 83 149 102 183 240 82 254 216
    59 215 234 110 48 84 89 24 22 209 106 34 210 61 14 131 91 160 132
    104 166 179 172 124 231 146 108 19 203 62 204 38 122 242 13 175 222
    30 246 60 186 233 239 225 82 149 165 138 19 231 124 125 201 28 93 0
    254 236 235 76 221 198 185 160 9 213 35 114 230 145 219 17 87 158 72
    194 174 245 203 252 56 87 50 130 47 62 158 57 23 156 12 198 95 142
    99 134 165 141 96 145 220 15 121 58 209 58 250 173 241 224 167 186
    71 121 144 178 54 11 5 46 60 126 250 126 64 106 254 49 143 1 233 247
    119 52 96 229 104 45 188 75 78 252 238 133 165 17 139 151 126 45 189
    100 222 191 241 236 69 142 246 103 186 26 102 41 253 144 233 66 235
    170 153 222 0 100 209 23 131 227 181 91 189 74 108 232 6 236 147 202
    52 255 233 228 116 137 18 97 232 151 104 7 87 165 14 61 42 67 27 12
    10 44 149 118 217 254 14 228 185 190 136 23 8 253 198 209 213 70 106
    65 146 217 98 57 201 28 93 178 38 211 225 254 73 79 202 188 149 52
    177 206 116 104 255 153 11 201 89 166 13 170 75 239 184 214 58 174
    31 24 170 142 27 18 142 250 121 64 138 225 41 251 19 79 87 113 181
    50 57 2 3 159 75 117 45 85 87 223 201 7 43 127 67 240 187 22 243 119
    15 21 75 90 214 208 21 187 43 2 214 202 188 43 51 149 149 244 222 69
    129 176 164 12 225 17 49 218 50 98 118 234 194 187 124 94 140 24 150
    245 156 84 111 169 210 216 155 140 30 124 235 50 248 61 238 49 148
    15 174 198 194 0 170 120 94 222 86 85 237 154 135 43 18 253 73 47 0
    254 101 87 170 78 17 139 157 66 175 128 102 132 25 209 110 67 22 235
    187 170 200 189 14 195 217 19 192 107 107 69 187 84 93 216 250 224
    191 208 133 116 213 186 31 142 142 39 231 149 85 99 23 21 133 204
    155 57 87 77 92 193 39 220 201 199 247 249 31 143 228 77 112 130 77
    161 104 28 145 43 231 90 170 43 28 63 231 230 248 34 172 68 16 119
    48 251 110 153 119 157 190 173 168 172 105 29 60 100 185 233 253 197
    74 186 7 11 101 229 140 179 149 60 196 214 46 240 223 53 222 115 54
    48 77 168 207 184 78 10 230 183 176 126 97 241 157 101 113 129 61
    230 110 236 206 124 231 93 218 131 70 92 184 245 115 221 248 233 80
    144 240 54 107 152 199 19 113 251 88 85 215 198 179 42 230 62 151
    186 95 34 62 59 13 205 9 138 4 230 83 118 157 52 18 18 99 88 112 116
    166 193 114 118 101 138 117 73 156 246 211 172 130 4 70 208 1 149 16
    234 54 155 123 251 23 247 29 5 249 142 64 212 115 44 13 174 255 77
    212 10 154 132 253 104 3 22 149 0 149 156 226 101 15 79 163 126 117
    165 113 121 87 69 5 60 163 132 50 48 15 47 149 49 40 131 116 236 11
    100 50 130 163 148 168 190 14 229 110 158 201 225 61 186 85 53 213
    22 85 4 121 132 74 61 118 120 30 12 254 179 63 114 206 198 90 128 74
    110 233 9 123 165 114 249 237 158 90 255 72 176 55 171 221 190 175
    82 90 67 24 232 167 41 83 134 136 46 133 81 25 60 236 101 94 56 172
    167 117 164 126 120 109 6 239 33 92 236 125 100 197 196 222 10 137
    189 185 56 0 226 206 114 68 207 124 82 236 60 24 206 162 250 146 90
    11 243 98 198 113 143 100 211 246 71 150 170 25 180 58 154 171 134
    131 233 67 114 219 93 201 155 176 112 220 164 159 28 146 130 104 250
    197 77 67 224 199 119 2 184 112 93 220 63 53 234 189 231 134 239 245
    183 131 137 239 237 217 212 41 95 177 50 20 101 57 132 59 16 105 205
    128 202 30 78 12 13 52 146 113 82 201 248 108 139 84 226 224 215 12
    106 47 0 150 23 40 226 85 232 199 116 135 200 225 62 185 157 213 87
    97 0 216 79 34 55 161 11 190 82 105 155 1 196 37 69 61 142 57 25 79
    218 81 154 205 20 134 8 87 152 96 123 216 152 92 250 132 160 133 235
    222 2 143 51 45 187 183 250 173 5 162 178 75 49 57 147 105 30 250 84
    227 166 34 206 193 165 40 192 124 184 19 196 195 29 248 137 12 58 84
    80 189 110 123 36 108 230 13 207 252 95 155 238 150 239 252 239 100
    247 211 93 25 202 71 77 26 35 25 23 93 27 229 189 194 26 209 238 238
    8 103 111 18 23 162 220 207 66 182 214 174 80 217 173 112 43 184 15
    70 148 35 175 56 43 51 246 86 45 84 244 17 143 186 127 211 52 186
    188 42 4 125 69 167 133 215 124 53 30 150 40 226 95 166 227 188 158
    141 235 62 114 240 4 46 245 63 63 142 133 108 31 70 192 42 221 250
    125 185 107 29 199 244 247 127 92 41 217 4 64 22 54 245 226 49 43
    253 142 117 97 188 114 9 183 127 51 131 136 63 153 201 119 115 64 5
    231 231 242 150 198 32 28 180 144 138 224 92 250 241 114 190 48 167
    167 250 65 154 178 253 187 163 176 219 215 140 64 77 122 41 239 192
    250 117 81 182 113 191 107 147 73 60 217 178 220 119 184 27 166 125
    33 184 184 171 161 251 98 230 142 142 81 210 205 106 171 69 140 136
    101 175 18 201 200 155 211 154 29 81 182 186 5 183 195 112 224 238
    181 174 215 121 245 100 44 105 9 205 56 237 196 137 182 206 9 241
    173 87 181 233 172 130 77 87 179 41 133 13 111 142 9 6 188 214 225
    144 3 216 251 252 196 64 155 227 196 240 170 179 169 245 187 28 108
    9 41 170 147 85 176 145 204 19 42 254 160 143 199 63 29 46 46 249 14
    34 159 70 252 45 119 47 82 229 239 166 113 224 66 88 48 51 25 165
    232 51 46 160 185 9 18 70 218 87 82 238 123 143 201 57 96 243 187
    146 181 51 31 135 220 108 12 248 163 3 193 235 216 161 152 151 171
    53 82 235 173 159 13 108 5 12 13 69 10 91 43 244 245 40 82 168 229
    205 29 178 246 222 93 162 80 209 38 128 9 65 153 164 65 91 159 231
    239 235 31 185 144 94 233 11 170 36 164 47 74 51 250 23 60 110 4 47
    225 211 209 228 219 56 25 95 249 214 193 123 206 171 51 71 226 204
    41 19 135 22 135 138 116 83 203 12 49 73 24 145 191 242 183 150 121
    204 195 87 119 76 167 65 223 106 127 177 91 189 217 201 28 249 63
    132 53 121 118 25 78 243 201 123 121 190 221 119 4 134 35 255 158 70
    111 3 115 114 243 146 158 151 102 120 206 63 6 79 193 90 94 57 118
    205 232 84 241 68 56 112 152 113 129 230 252 131 54 177 235 20 182
    123 4 99 225 184 23 112 11 24 208 100 188 237 212 104 217 138 71 115
    189 146 140 244 24 172 137 142 75 188 250 85 172 5 74 219 24 237 201
    137 124 140 33 230 135 44 197 46 168 109 78 176 81 216 42 33 231 103
    58 60 245 27 121 106 230 84 61 114 16 243 19 74 41 98 126 91 163 91
    210 154 245 179 125 51 2 229 237 214 68 62 71 226 51 104 4 103 99
    214 113 162 192 111 30 57 79 211 245 88 152 86 131 74 142 85 74 153
    149 240 48 162 76 252 67 100 211 208 52 137 45 113 249 245 34 246
    162 9 132 80 113 214 110 114 100 236 36 225 49 157 111 142 27 155
    136 187 232 228 21 5 126 110 83 117 8 131 237 30 70 22 177 127 22
    176 191 225 106 142 210 19 60 38 76 202 203 148 191 245 248 44 39
    186 13 27 66 171 187 32 194 53 9 10 85 8 162 62 140 154 51 138 165
    167 248 63 84 145 42 72 161 226 145 169 120 56 241 13 189 236 57 158
    216 120 216 252 62 139 199 45 149 186 22 62 136 141 26 166 173 131
    114 146 169 229 10 162 0 134 215 85 219 233 95 74 158 222 81 7 25 33
    75 19 158 21 252 50 48 129 204 238 147 112 51 230 154 124 73 230 202
    64 47 35 199 219 236 38 200 7 86 30 18 190 85 68 38 61 179 39 39 17
    68 252 58 56 99 84 58 7 133 165 205 185 24 50 200 99 198 118 70 153
    34 219 43 168 7 236 116 249 105 13 165 118 9 42 96 109 221 100 71
    249 85 165 62 173 10 55 8 248 255 153 16 193 66 0 122 212 138 107 83
    54 222 93 217 86 102 200 26 210 2 90 221 5 23 66 176 182 214 92 202
    221 111 94 160 197 224 145 44 89 40 157 235 93 89 221 75 140 10 146
    138 221 196 205 101 102 241 237 157 184 107 120 202 178 249 201 213
    69 97 152 28 1 21 221 162 213 231 187 26 21 237 87 185 254 8 54 8
    240 165 211 49 144 172 118 41 189 204 31 171 204 81 35 158 86 67 40
    61 121 66 32 113 135 137 12 180 95 215 152 239 174 224 59 46 191 116
    99 185 190 224 222 163 183 129 38 170 29 83 156 92 25 229 97 67 203
    252 96 112 7 230 216 4 131 121 32 226 53 186 50 56 66 56 80 214 49
    199 160 99 17 130 49 94 190 19 7 174 12 136 2 208 169 230 107 222
    126 82 183 175 250 140 193 246 198 73 255 8 103 13 131 250 204 228
    95 148 30 208 90 194 210 93 75 141 91 249 95 237 167 237 150 113 138
    157 21 248 180 219 224 239 241 142 157 181 100 2 91 148 107 94 52 36
    74 247 192 30 65 249 124 129 124 108 23 208 40 82 243 127 237 228
    232 217 58 254 6 254 167 238 43 52 206 147 112 128 61 234 215 175
    246 153 148 151 177 218 102 65 71 123 35 49 63 27 244 1 161 247 57
    102 131 229 138 83 210 23 141 192 11 98 106 179 184 113 127 169 194
    20 56 210 174 67 83 150 9 80 25 22 145 125 237 162 250 248 242 168
    226 208 74 163 46 197 38 75 189 102 111 162 4 69 120 22 241 97 227
    220 144 25 219 55 235 167 20 138 121 133 189 146 230 52 178 156 178
    241 80 108 173 182 98 11 186 69 28 148 238 25 226 27 26 29 14 8 145
    33 62 58 114 13 231 15 203 56 194 240 247 125 237 52 155 52 62 26 2
    44 62 98 128 64 99 191 240 146 150 26 84 23 92 167 248 216 18 94 178
    8 247 61 45 186 10 227 242 84 148 169 73 131 93 48 65 11 213 184 114
    36 146 135 74 169 23 235 156 95 17 50 222 49 4 56 241 6 162 85 109
    103 164 100 252 91 72 225 110 59 2 237 94 189 153 41 125 152 51 164
    67 136 22 37 144 223 74 57 134 110 200 217 102 219 26 63 162 27 47
    123 229 94 150 1 247 102 97 224 50 155 242 14 122 80 98 226 153 12
    123 233 182 244 219 225 236 244 108 77 203 214 17 234 247 157 204
    217 172 237 216 173 93 243 234 158 133 170 194 181 65 13 98 202 244
    61 53 190 204 224 86 104 173 88 250 86 71 93 211 5 240 40 37 8 2 157
    254 72 8 236 13 236 79 11 147 183 125 237 118 62 12 133 67 170 248
    131 157 93 16 161 83 241 115 64 69 66 119 194 242 140 196 28 60 198
    80 254 98 122 122 48 34 230 215 70 201 202 206 3 85 88 169 2 34 152
    98 176 154 205 161 103 229 197 197 18 9 178 26 39 255 172 79 116 33
    234 175 27 124 228 82 35 169 38 246 228 2 234 104 128 175 16 29 251
    7 194 44 44 189 158 3 132 116 150 224 225 69 238 132 147 26 125 90
    129 160 62 93 148 193 2 172 193 141 207 38 75 111 57 73 89 7 96 67
    193 121 128 18 91 26 239 151 71 67 222 28 237 85 129 254 76 121 153
    206 127 112 103 220 42 87 36 28 89 109 49 32 192 220 104 155 12 186
    238 17 64 249 237 4 108 49 211 160 38 116 184 194 141 165 109 241
    192 229 57 211 94 61 215 175 192 64 232 17 243 212 224 29 78 184 76
    254 58 145 112 162 18 100 110 196 240 35 246 10 123 203 14 180 111
    173 42 7 194 157 168 173 222 77 73 199 45 61 2 4 85 38 18 109 176
    135 86 18 172 243 238 123 142 102 173 232 90 23 143 106 142 79 102
    80 156 6 10 64 114 155 77 111 25 186 76 75 185 173 12 13 134 77 57
    171 178 92 217 201 101 93 46 215 83 65 133 237 96 216 142 27 184 122
    53 119 158 39 141 228 85 249 80 199 219 241 33 171 34 239 7 62 48
    191 26 237 124 19 242 99 94 85 110 86 202 241 95 126 46 217 198 142
    136 130 159 246 224 173 161 187 222 1 214 147 126 2 170 196 151 191
    248 169 60 69 173 2 236 247 33 235 247 119 224 247 37 85 245 46 205
    118 252 113 9 54 202 23 171 99 139 147 254 205 35 241 219 214 164
    148 54 122 66 127 83 38 74 161 58 129 140 75 10 63 36 227 98 38 132
    96 177 192 98 30 246 228 134 161 86 68 209 63 218 153 102 41 232 215
    9 150 95 204 30 181 86 104 28 225 254 3 66 116 20 164 236 247 223
    225 90 100 208 177 49 159 33 70 53 19 93 15 178 46 29 238 104 161
    230 146 153 192 236 76 238 124 213 187 230 81 209 126 55 120 152 148
    16 37 245 28 24 34 241 29 96 68 151 43 180 206 2 36 92 4 157 230 117
    98 97 16 167 77 77 191 53 3 8 82 84 224 26 41 25 82 5 228 207 22 248
    138 36 142 145 96 82 56 70 113 21 212 88 62 124 122 127 192 71 58 82
    82 70 228 227 221 70 7 60 25 205 16 142 164 151 85 247 48 204 27 126
    135 178 180 92 182 85 156 177 100 188 240 38 32 117 25 135 16 206
    236 23 159 89 226 59 94 81 212 12 93 162 246 235 171 42 192 177 243
    37 232 78 227 160 233 70 74 128 185 234 173 131 213 110 127 222 115
    201 242 22 77 226 114 156 202 127 52 233 234 35 228 35 20 127 135 9
    155 152 41 142 49 134 6 99 252 175 16 108 194 42 192 123 250 157 147
    4 91 167 98 204 177 221 103 126 99 73 139 231 24 18 195 90 227 64 14
    144 132 196 134 91 65 51 112 121 125 91 244 15 33 173 114 48 58 50 6
    224 242 122 235 224 77 220 137 100 20 50 163 230 5 35 40 51 25 129
    254 218 146 66 160 40 31 214 75 54 220 169 202 83 177 159 101 199
    193 195 137 44 100 26 240 233 173 48 98 135 234 83 22 184 214 105 49
    173 93 26 9 238 83 191 98 14 29 84 25 36 89 185 154 13 41 34 161 85
    127 114 201 213 213 226 111 201 133 81 210 28 104 226 206 32 242 241
    45 221 99 148 186 130 32 91 132 133 126 13 14 82 109 136 63 135 136
    105 162 84 111 192 198 88 72 188 145 137 125 184 79 39 94 202 159 97
    57 56 193 158 92 53 252 88 7 39 19 222 117 151 218 205 1 180 64 8 51
    38 1 100 125 240 94 48 220 155 114 66 165 29 204 148 88 114 122 35
    244 19 243 176 41 139 169 85 53 150 30 140 191 209 100 239 181 97
    238 132 176 193 200 172 159 121 246 13 25 129 87 122 219 240 8 169
    123 41 6 244 186 179 119 235 95 87 150 212 96 106 96 222 162 143 173
    244 35 185 213 205 226 124 211 21 105 73 198 22 147 193 35 112 119
    35 132 86 91 207 231 233 230 184 136 75 102 166 68 6 250 24 97 215
    72 182 13 82 58 91 154 238 248 151 38 246 91 116 175 23 129 18 241
    127 26 114 73 214 195 186 117 134 33 234 155 117 53 64 36 252 192 42
    86 117 43 120 167 97 178 217 96 64 92 193 120 89 58 229 143 37 234
    132 77 13 38 98 112 9 120 235 152 216 19 208 183 212 71 63 92 211
    224 170 210 22 134 255 100 54 114 137 222 246 227 195 165 43 74 37
    124 219 86 119 206 156 242 135 55 123 137 188 90 198 98 166 167 107
    138 105 91 172 123 142 189 38 57 93 233 176 228 232 194 118 22 37 87
    223 98 46 83 80 155 110 225 128 137 187 157 228 214 154 96 73 76 55
    2 130 33 78 84 114 179 38 179 193 168 182 225 53 20 158 161 211 31
    233 157 63 255 15 44 193 69 247 89 203 196 219 112 41 3 227 210 253
    210 158 243 101 55 143 192 173 103 29 78 42 95 139 66 137 201 84 230
    149 88 126 90 8 64 55 105 59 102 164 83 163 98 129 142 56 220 107 25
    183 226 88 176 221 104 213 110 92 85 72 109 148 24 244 202 141 83
    130 240 142 129 113 202 48 165 161 40 163 25 82 4 229 176 162 73 168
    18 79 47 116 137 13 12 94 139 27 22 211 228 202 235 149 177 199 121
    165 126 203 235 188 92 159 96 85 216 1 62 194 160 88 21 152 113 128
    215 189 92 13 96 104 128 223 166 90 246 31 170 120 67 124 115 6 33
    115 16 219 149 187 138 62 38 32 15 110 139 213 5 28 224 255 189 249
    229 53 172 78 51 144 26 185 5 170 164 177 9 36 233 0 79 100 133 116
    185 140 83 91 78 29 52 43 68 220 31 246 149 21 14 46 67 69 60 213
    207 169 73 195 130 222 67 62 67 174 16 29 247 225 232 156 208 179
    115 48 11 235 102 251 215 132 155 77 175 72 37 25 211 99 227 28 143
    215 203 33 109 40 135 214 81 146 130 81 149 23 166 247 59 55 81 92
    213 49 51 179 135 218 53 193 121 181 155 156 109 228 101 241 247 177
    1 60 103 243 194 253 15 215 71 54 136 228 189 81 85 142 230 210 16
    161 59 20 215 12 17 201 238 107 41 247 183 142 231 142 133 171 242
    119 185 214 29 32 131 183 11 79 230 175 206 206 57 189 89 104 128
    222 64 89 196 246 68 185 178 96 232 216 167 75 239 69 77 92 10 126
    62 132 221 128 38 99 70 200 246 17 104 190 118 156 194 44 73 181 201
    139 162 236 90 247 170 232 123 134 243 40 132 13 105 232 53 161 134
    15 238 27 4 145 155 101 150 191 57 204 239 90 202 39 40 125 237 125
    217 61 27 118 226 148 127 16 36 217 180 1 107 21 229 96 179 213 55
    79 154 124 213 12 109 32 62 54 120 105 60 196 95 36 71 112 171 69
    132 159 220 145 17 156 89 105 235 131 123 50 46 237 212 65 133 53 80
    9 213 24 102 165 130 89 10 111 63 161 102 238 173 46 140 34 116 45
    72 139 157 253 113 11 208 7 59 144 75 1 157 237 210 243 243 132 5
    171 234 223 222 220 117 238 185 65 201 40 116 85 11 184 130 67 150
    33 218 117 112 171 227 202 47 129 9 27 112 3 164 210 82 89 132 26 99
    62 39 111 58 128 188 224 92 250 2 215 37 157 129 35 230 145 112 215
    218 255 217 204 231 177 5 70 200 48 132 70 166 26 38 229 141 193 6
    83 90 189 5 243 205 77 28 208 223 12 78 188 143 176 182 134 29 111
    53 155 64 228 211 172 86 220 205 115 124 237 1 83 194 84 186 254 58
    193 74 30 199 142 238 203 20 116 225 64 179 221 95 111 7 91 114 162
    185 181 100 44 102 165 67 60 253 117 193 50 19 231 226 39 74 91 30
    197 3 223 96 190 72 22 234 110 89 178 23 208 148 158 90 210 228 232
    19 115 54 36 239 45 37 20 58 239 37 35 181 199 205 45 193 63 229 253
    93 209 133 103 9 24 73 95 40 176 192 3 179 192 228 31 132 88 37 141
    119 1 26 188 49 52 189 148 129 193 9 1 181 144 49 247 84 91 114 200
    75 70 42 215 24 42 171 119 174 39 133 74 255 72 105 47 0 233 91 216
    247 213 171 131 176 124 12 90 98 0 180 7 136 78 158 72 246 241 125
    41 189 236 114 117 212 158 201 138 87 154 92 76 147 91 76 149 151 10
    159 151 41 191 62 225 168 239 126 102 85 227 103 172 97 25 72 150 72
    213 175 158 72 59 204 0 24 202 128 243 239 56 221 77 3 181 154 14
    215 209 73 37 122 212 26 251 163 57 102 205 243 115 229 152 243 99
    200 108 112 4 140 83 154 140 60 106 24 96 167 171 37 255 159 187 34
    236 122 124 118 211 109 40 198 203 208 223 65 239 227 153 234 43 118
    218 140 31 106 79 156 241 164 91 127 60 71 64 17 245 76 83 171 18 75
    9 65 9 3 246 177 134 180 16 205 144 66 3 98 244 62 41 191 188 62 12
    168 111 113 96 150 35 212 232 64 43 124 145 65 153 26 58 72 111 97
    202 77 88 231 240 21 186 98 247 126 39 152 228 49 42 30 125 14 153
    57 69 64 152 54 174 186 162 227 165 151 79 136 103 189 25 33 65 22
    200 39 42 35 132 128 212 76 172 156 149 208 60 133 67 122 162 253 49
    151 81 61 119 14 171 149 235 206 5 18 49 187 54 24 197 89 16 183 223
    180 80 128 133 120 127 117 235 24 191 223 194 110 223 223 78 224 69
    49 241 206 194 142 248 44 186 126 85 187 33 206 186 236 145 5 203
    228 232 223 83 47 239 202 210 0 51 83 108 51 199 97 193 200 236 114
    52 170 50 205 62 153 10 78 41 218 234 178 219 247 78 131 233 47 253
    17 108 255 233 90 154 238 204 151 54 18 86 110 106 181 229 246 166
    199 53 58 71 168 148 243 240 138 205 106 54 144 6 70 156 20 226 122
    129 212 24 177 46 161 14 64 73 253 244 14 97 40 154 158 60 32 3 198
    193 18 39 154 36 109 74 119 212 52 117 194 122 175 219 191 4 186 8
    143 112 35 79 87 16 145 15 199 53 35 79 83 113 61 200 158 58 100 45
    139 126 164 199 113 8 150 97 184 208 135 34 11 209 238 218 104 138
    92 35 11 48 9 207 247 136 239 64 140 8 224 240 57 154 122 5 212 189
    9 182 250 134 70 253 123 118 0 67 232 58 182 17 225 14 247 169 141
    131 243 224 121 22 231 145 31 70 162 170 76 184 145 66 217 10 34 148
    161 253 122 23 124 211 39 109 230 44 160 236 227 78 18 118 83 160
    139 232 217 84 96 99 30 19 123 29 134 70 243 227 114 26 87 67 212 59
    187 31 100 96 236 255 55 173 227 31 181 100 150 43 62 99 73 28 219
    86 197 34 179 46 159 79 38 212 11 179 179 231 16 228 176 16 240 140
    186 143 77 208 9 1 14 57 67 60 40 104 36 245 176 148 251 67 147 214
    91 247 255 199 170 165 32 164 162 179 30 64 89 238 176 36 220 88 42
    249 58 9 189 61 42 130 216 234 252 189 255 218 19 196 53 57 116 251
    247 131 216 238 243 134 29 197 5 34 193 163 116 172 19 12 95 61 205
    131 74 47 215 178 215 236 182 6 91 35 18 63 156 113 73 92 53 244 90
    84 232 8 135 66 168 16 157 20 41 232 110 165 93 47 49 72 213 55 140
    55 61 19 126 192 119 238 61 80 200 33 150 199 28 135 245 56 251 246
    69 78 39 172 63 68 73 247 143 187 178 120 102 213 128 117 93 208 179
    50 135 1 111 85 254 3 81 157 197 18 16 216 92 90 235 182 82 45 76 87
    109 197 15 39 175 70 113 34 22 99 180 57 137 164 45 215 14 114 21
    124 107 93 13 150 244 134 78 37 95 187 207 250 52 94 33 106 179 33
    191 142 134 36 119 151 36 192 45 85 181 89 212 192 107 233 32 101
    241 244 223 129 195 176 216 207 67 110 192 208 151 153 50 102 213
    127 246 109 26 176 149 207 14 245 250 239 74 101 80 20 228 27 60 104
    173 44 241 33 229 175 89 147 181 120 203 178 139 20 15 71 156 240 30
    255 50 238 141 137 91 200 91 72 116 146 217 77 53 105 217 222 155
    167 182 79 177 72 50 255 18 249 238 18 58 151 141 218 176 135 165
    196 197 164 47 106 245 170 192 181 255 222 230 108 78 249 65 34 6
    134 201 45 61 243 101 165 134 167 117 3 243 20 191 76 19 160 184 119
    192 182 54 42 83 227 39 60 20 111 212 72 23 156 130 239 245 209 191
    213 149 199 60 115 30 43 128 70 15 179 207 109 44 106 106 121 199
    143 135 16 202 185 155 177 238 202 171 161 80 205 252 236 137 105
    188 168 37 175 178 10 85 116 113 26 27 42 182 235 230 138 175 69 203
    52 191 126 166 224 106 206 183 149 207 248 239 67 53 231 183 200 113
    210 132 117 78 198 4 249 16 174 7 98 63 69 7 20 231 199 160 9 165 36
    219 154 100 97 172 177 62 29 44 8 238 26 149 79 165 217 187 253 3
    118 72 67 90 147 65 143 180 106 240 168 86 198 222 191 64 189 99 104
    177 118 228 242 46 142 156 233 248 206 244 35 85 127 43 37 251 231
    185 22 62 120 201 42 178 101 170 82 146 147 71 192 34 196 244 65 74
    194 59 42 166 167 163 130 191 23 8 159 175 173 47 182 91 173 79 110
    7 67 55 161 127 211 197 92 221 211 26 209 24 91 84 32 174 154 51 88
    80 14 1 39 203 83 203 73 37 117 32 240 52 33 60 226 102 78 215 139
    121 198 54 176 195 191 70 168 138 152 201 178 172 135 1 207 69 97 58
    94 151 56 157 210 243 125 143 151 124 89 89 156 206 251 148 97 54
    197 129 140 118 19 64 227 243 229 81 74 8 76 75 110 252 205 97 43
    179 192 114 192 100 61 31 227 70 227 48 170 195 114 69 40 170 100 30
    57 125 236 0 153 250 41 164 215 72 25 138 1 78 66 0 65 31 235 86 134
    167 132 251 255 168 58 126 51 0 77 48 251 207 10 153 162 190 117 174
    173 118 152 199 231 204 153 55 187 116 165 156 42 163 138 50 11 176
    192 5 43 243 82 233 221 55 112 182 225 198 161 63 27 170 131 166 38
    144 70 174 24 27 83 3 95 217 160 216 178 143 242 51 236 232 234 115
    131 166 78 118 167 249 82 40 1 210 155 84 233 244 165 93 159 146 148
    37 138 44 114 100 136 87 22 222 106 125 152 252 90 134 231 58 67 82
    24 11 138 255 94 54 92 168 64 122 143 165 255 138 228 172 192 7 251
    255 72 195 181 163 33 10 145 118 137 198 116 205 186 153 7 54 210
    238 192 216 230 71 247 125 173 83 65 224 255 233 162 175 219 144 18
    84 72 169 244 238 60 66 68 173 253 248 195 126 225 151 57 195 68 46
    72 185 125 60 194 38 38 129 105 79 225 128 0 165 150 234 60 160 171
    131 4 124 235 245 143 65 211 144 209 224 68 243 177 30 129 123 197
    155 95 179 252 238 55 160 171 210 143 129 242 54 137 201 14 36 205
    98 131 166 213 99 193 91 201 199 12 234 167 153 51 81 194 234 126
    155 139 73 58 44 62 20 182 156 31 47 22 191 65 5 175 67 147 37 42 80
    23 160 252 86 175 211 44 19 191 54 8 10 251 44 23 37 190 67 204 172
    12 194 230 157 54 227 146 112 248 102 3 7 128 25 38 155 77 135 166
    24 28 99 58 215 175 32 103 152 123 206 113 57 207 69 90 205 88 64 43
    220 185 215 92 48 98 98 20 239 94 168 219 141 125 223 169 227 237
    252 98 55 165 119 197 36 66 23 76 76 78 213 221 52 210 25 86 50 227
    53 75 65 139 195 115 254 102 107 170 187 88 202 9 113 6 127 69 245
    101 193 237 244 253 170 198 224 128 125 168 181 127 132 149 253 72
    126 125 13 18 105 92 216 36 250 192 136 163 201 240 56 23 184 27 99
    133 114 38 100 178 76 160 46 26 224 215 128 205 164 181 7 20 191 55
    47 30 19 120 212 67 11 65 174 226 71 107 113 41 93 149 52 133 129
    239 227 139 53 42 113 6 78 152 112 70 71 86 189 92 71 88 138 31 212
    73 242 150 12 179 197 65 3 186 74 72 171 59 95 167 60 192 250 250 85
    105 52 215 90 11 20 228 182 78 2 117 71 89 125 2 221 38 92 196 238 7
    110 249 150 61 89 141 30 196 23 114 123 182 56 130 200 247 176 131
    237 52 59 205 203 195 206 7 44 83 196 225 76 128 59 221 50 126 146
    180 121 175 92 9 228 69 92 75 84 2 210 188 217 159 218 210 118 92
    220 13 215 62 223 159 144 129 95 96 74 154 77 176 49 7 93 235 175 15
    112 19 193 175 190 96 213 223 194 208 239 203 103 79 229 221 44 192
    197 112 235 155 11 163 164 118 240 79 99 172 189 205 231 194 244 4
    76 162 74 95 239 17 48 43 203 5 9 149 215 253 109 142 227 179 228
    105 242 161 122 75 248 175 168 16 244 68 221 185 245 151 130 60 186
    14 101 79 6 0 24 57 22 225 105 161 224 175 245 43 78 8 67 159 229 97
    167 234 25 193 48 111 201 118 71 211 238 33 4 67 178 232 187 237 196
    133 30 233 75 236 176 154 55 134 206 38 114 53 131 71 80 218 122 69
    219 71 66 184 40 183 165 238 196 116 211 237 50 252 17 148 30 236 40
    36 51 233 224 247 202 109 149 151 12 170 96 90 63 147 123 245 242 34
    234 252 122 114 67 100 22 24 47 81 38 157 203 0 209 142 205 144 209
    217 118 196 31 82 186 65 122 250 45 155 154 188 107 235 3 227 133 12
    107 176 12 238 228 18 50 83 7 37 54 10 22 67 213 139 1 28 151 203
    155 179 147 199 34 193 203 10 226 49 140 112 63 104 218 221 211 29
    125 61 207 70 123 95 143 63 196 151 117 217 6 91 39 111 83 163 22
    153 28 32 66 193 28 235 87 186 61 236 166 254 223 32 151 111 42 72
    111 227 217 24 205 201 194 1 146 100 50 191 208 134 127 38 236 220
    181 56 25 248 242 174 176 148 148 72 178 144 68 12 164 101 210 80 51
    218 199 116 128 20 29 66 190 210 206 80 4 64 114 80 121 106 144 66
    251 140 154 44 62 245 223 156 73 82 25 82 60 63 230 143 13 136 211
    168 25 6 158 4 38 161 101 166 17 56 30 74 41 107 103 122 7 171 113
    37 228 225 255 192 12 98 197 25 240 36 188 210 231 217 175 173 162
    73 86 254 228 226 35 5 223 153 227 192 85 73 66 120 4 252 233 115 9
    98 51 93 235 174 137 203 218 144 59 64 152 189 93 38 198 203 172 230
    80 215 123 240 75 220 122 165 7 32 166 193 240 243 16 25 52 57 216
    204 55 249 171 42 6 49 69 143 126 102 132 100 222 59 191 244 110 87
    186 176 10 208 126 248 81 69 62 77 12 105 36 145 212 49 231 132 40
    37 34 26 73 117 123 135 160 235 124 183 170 57 193 249 161 113 157
    13 84 186 231 75 96 168 251 219 165 251 44 163 152 230 255 95 235
    196 207 83 175 62 49 26 40 39 129 87 138 48 110 217 245 11 228 17
    212 203 171 255 232 75 14 7 182 106 239 51 229 37 64 55 85 213 224
    84 49 7 199 80 191 13 236 174 168 53 223 214 164 13 112 84 114 100
    96 173 233 119 139 134 52 25 73 19 146 132 222 27 146 58 151 70 172
    54 131 50 252 161 12 16 164 102 34 177 165 164 245 106 223 108 164
    52 11 241 31 223 186 253 55 62 245 7 115 142 56 180 50 150 80 103
    151 157 76 72 52 51 72 232 133 59 135 62 110 55 71 28 110 49 236 21
    118 118 213 7 26 128 114 103 86 202 1 16 168 178 203 208 53 165 233
    180 12 251 135 54 1 150 200 206 205 122 248 188 175 151 42 18 15 27
    163 193 10 158 36 230 167 254 199 118 172 252 143 77 150 138 217 247
    19 29 56 133 107 152 116 103 178 173 3 205 83 48 113 1 187 79 87 231
    136 112 169 149 137 218 240 176 247 183 195 30 21 216 39 29 27 200
    30 47 120 19 129 65 88 167 203 177 103 212 216 97 10 113 94 102 95
    144 191 101 16 55 246 0 254 27 132 176 58 20 109 240 46 232 134 104
    64 15 134 221 16 235 62 165 23 23 29 249 7 170 247 145 45 54 184 11
    229 149 196 44 76 197 93 140 224 159 19 24 67 119 213 103 164 138 75
    244 164 87 157 36 209 131 75 165 244 118 221 180 194 22 253 251 73
    61 209 240 171 50 50 20 182 111 41 61 93 96 49 75 182 3 100 18 180
    250 11 232 90 216 140 214 26 81 86 40 70 202 47 234 38 148 110 95
    204 195 14 166 159 74 10 94 196 210 106 173 220 72 27 47 39 89 140
    26 12 169 60 54 165 199 112 231 30 205 207 213 222 44 65 33 61 218
    221 106 193 124 82 229 229 227 151 238 209 38 204 218 159 143 201
    107 180 11 183 92 120 4 127 18 241 220 32 139 40 117 248 13 131 84
    197 188 41 29 45 113 16 230 46 122 195 230 124 116 77 28 151 2 93
    185 193 137 61 60 166 4 236 184 98 232 72 174 244 103 39 212 5 52
    203 36 173 171 3 120 101 146 201 22 151 12 185 42 36 205 90 178 171
    199 42 154 193 13 236 8 36 202 136 146 70 180 6 71 233 232 76 25 223
    72 74 9 15 219 126 38 14 159 94 9 223 12 251 206 180 185 191 103 91
    81 80 14 199 202 153 48 228 58 71 28 255 125 203 51 123 138 217 220
    250 238 139 47 229 112 145 206 73 77 205 30 237 74 47 30 146 23 4
    158 154 171 121 27 253 88 62 36 178 252 192 159 134 20 54 162 84 34
    241 183 58 97 170 223 6 95 230 111 226 119 29 129 222 245 163 77 3
    249 82 127 176 242 144 138 200 114 75 44 50 142 236 109 218 242 124
    95 2 44 10 107 8 46 129 62 220 63 157 225 40 49 151 179 104 150 138
    47 95 7 83 229 234 13 147 23 111 64 23 197 32 189 0 43 164 22 42 65
    113 171 117 110 234 77 229 185 234 224 201 55 248 113 183 253 214
    189 94 92 17 181 207 60 159 76 228 19 67 193 165 46 185 140 253 118
    73 42 22 186 155 248 145 106 119 51 112 167 163 211 233 71 157 116
    117 219 133 152 14 15 249 131 24 113 230 80 223 166 158 219 71 7 15
    86 112 208 215 147 107 82 13 91 105 70 23 53 115 206 69 119 248 58
    89 17 2 94 251 101 224 46 125 84 34 56 9 162 59 136 93 247 163 48
    252 32 15 203 165 160 135 53 174 4 240 175 130 29 234 155 190 129 40
    126 241 242 180 44 225 42 170 116 247 12 244 13 51 195 118 214 2 58
    53 205 95 49 249 159 101 10 51 147 253 122 255 126 118 137 139 173
    194 241 204 92 57 157 135 248 196 179 29 106 125 187 234 175 101 182
    86 72 102 35 94 193 1 190 157 193 78 226 101 6 215 193 113 163 46 0
    133 98 206 119 20 130 17 149 92 106 22 111 150 154 51 223 99 68 111
    115 172 54 153 30 3 6 101 246 159 101 174 49 56 85 44 91 198 59 165
    29 121 109 181 236 195 122 242 173 228 146 121 148 205 225 87 127
    171 162 46 175 81 38 76 12 0 96 154 125 158 144 20 71 193 102 105
    219 50 44 71 219 81 127 241 59 84 138 61 93 62 174 178 21 165 124 9
    62 156 37 56 177 45 89 73 64 146 40 71 22 4 5 189 13 151 49 233 211
    150 68 123 133 248 155 220 242 163 174 103 240 181 180 52 74 198 5
    156 1 122 58 3 234 96 2 83 249 185 73 182 79 106 146 238 233 66 10
    83 107 161 246 76 167 47 234 19 94 108 78 36 44 98 106 141 11 208 39
    150 108 116 217 166 166 15 180 116 85 199 187 124 241 252 129 84 252
    223 40 194 144 13 46 245 200 227 194 245 35 144 172 179 18 209 105
    15 81 201 165 23 181 131 53 27 11 154 127 154 183 217 165 12 141 36
    135 19 33 193 96 169 130 15 134 154 130 140 121 70 224 228 235 219
    11 196 48 104 73 227 175 169 20 38 196 177 229 160 219 47 225 224
    137 234 56 105 33 249 180 104 54 175 145 192 127 248 69 176 12 162
    210 219 157 102 200 54 255 51 80 209 225 88 30 58 224 1 231 163 206
    124 59 107 31 233 56 23 62 70 253 184 63 154 213 155 103 141 226 97
    78 222 254 154 167 142 10 66 145 111 250 34 2 3 167 99 82 41 25 74
    197 202 198 155 149 211 131 252 112 9 179 216 122 233 18 123 206 101
    48 150 127 111 77 170 153 138 9 163 238 195 196 7 253 77 32 203 30
    109 55 190 65 116 184 140 122 120 157 32 57 107 57 138 79 219 92 85
    144 247 234 68 245 114 33 78 226 236 226 225 166 102 218 27 51 248
    31 122 245 227 202 185 32 220 204 159 228 134 43 87 100 119 239 233
    4 22 170 84 64 80 254 66 113 158 209 8 169 215 59 31 23 8 225 47 161
    234 221 72 7 72 116 142 95 139 199 80 55 26 54 49 134 154 30 226 251
    115 166 177 130 59 101 221 32 214 58 13 119 160 171 205 174 143 223
    57 13 23 143 106 27 213 210 251 210 196 159 95 245 126 59 89 142 40
    113 113 179 58 148 18 4 58 140 84 176 2 234 192 75 242 122 131 193
    238 7 178 98 159 162 62 243 227 190 43 38 237 37 69 54 183 246 180
    238 230 212 35 130 223 172 207 12 32 237 10 225 200 254 108 107 71
    154 59 166 250 171 162 178 51 76 149 6 189 132 19 212 125 137 253
    157 82 33 125 243 233 190 40 35 96 18 224 192 83 5 148 215 205 33 77
    28 255 94 149 169 163 13 197 231 194 66 136 41 243 233 161 143 196
    101 223 92 181 48 153 123 144 79 108 192 83 205 74 243 106 176 88 24
    149 150 178 69 248 114 124 71 122 169 240 185 108 15 73 127 143 140
    180 89 192 21 8 238 205 55 247 29 40 58 130 0 14 167 122 142 33 57
    85 172 109 23 181 65 63 76 18 156 36 11 108 55 39 186 187 39 89 190
    169 243 97 141 172 95 58 206 145 38 181 85 127 49 168 36 16 194 19 3
    38 200 77 40 137 106 198 187 250 120 191 39 114 29 224 68 38 145 189
    49 207 135 173 11 152 80 121 180 185 237 162 23 250 9 213 85 77 194
    159 120 78 0 144 58 66 207 232 17 248 158 70 229 176 21 162 180 244
    23 93 113 80 10 28 98 25 152 179 36 211 16 32 232 251 82 70 39 204
    216 179 47 220 53 39 138 84 56 194 30 142 224 2 18 208 115 185 193
    86 53 175 90 35 247 125 120 61 96 11 125 105 54 132 132 130 182 77
    227 151 75 28 73 196 233 234 138 34 113 181 243 87 137 234 253 238
    31 3 159 76 93 68 205 48 111 166 164 126 245 92 111 75 81 61 102 182
    206 71 202 129 44 173 61 56 70 224 16 200 110 129 39 143 29 123 172
    10 160 189 77 13 24 4 24 74 234 11 84 125 174 145 83 76 130 110 244
    47 77 114 74 210 196 232 143 232 15 20 203 176 119 148 230 201 116
    83 37 139 54 124 16 140 249 88 230 64 77 107 129 66 255 47 111 228
    124 84 38 4 20 135 51 196 170 43 50 57 21 242 240 207 152 87 169 111
    50 27 138 113 175 24 127 101 24 139 173 38 101 248 229 124 93 117
    103 238 45 66 110 197 37 62 40 34 18 111 41 200 6 190 31 190 119 113
    77 9 26 71 142 60 152 40 121 27 66 49 143 101 89 159 134 129 185 129
    68 240 213 24 249 130 205 50 190 207 9 1 136 66 190 54 97 244 162
    215 61 237 211 193 166 28 36 210 115 156 76 197 110 153 146 9 11 154
    116 34 217 168 29 10 187 0 69 196 22 149 206 185 122 198 118 228 234
    16 153 151 8 201 166 212 4 196 59 154 56 110 85 14 117 12 78 142 234
    10 143 52 120 195 99 72 204 160 252 245 226 189 115 198 239 116 27
    28 140 65 141 198 97 66 147 62 221 27 213 114 99 180 42 22 187 54 37
    29 61 93 83 167 159 34 83 117 254 7 6 235 79 32 155 252 60 217 230
    58 140 131 191 29 132 127 236 113 59 236 225 70 28 92 44 220 246 214
    250 208 239 4 249 54 41 93 26 252 238 87 116 229 144 111 150 28 54
    145 246 29 69 94 204 173 163 165 121 250 56 133 116 39 125 185 189
    149 225 59 42 28 26 57 98 180 80 44 161 96 102 124 10 49 246 93 82
    195 172 26 166 26 148 182 137 52 207 224 63 183 44 64 82 234 29 199
    142 18 50 177 240 235 41 43 58 105 197 33 217 214 136 232 15 234 148
    56 91 21 132 207 214 75 174 207 213 14 8 71 7 57 220 171 27 84 66
    246 251 158 106 198 224 129 55 50 196 29 237 35 144 42 180 125 182
    243 197 177 79 144 170 66 172 248 76 72 73 248 37 170 170 101 147
    108 86 160 231 151 32 50 129 176 88 85 156 196 19 58 237 14 245 190
    14 196 252 182 48 193 79 110 205 72 21 227 118 178 103 7 58 115 79
    123 137 56 30 29 60 176 85 236 208 146 128 249 94 179 41 254 16 177
    18 52 251 110 155 76 21 103 65 196 56 177 223 245 17 136 93 183 132
    120 226 55 238 195 191 253 102 236 5 16 39 72 209 221 49 155 54 50
    33 173 78 148 127 219 214 251 106 160 88 137 21 194 203 193 43 145
    94 254 208 172 87 159 112 200 27 31 3 136 173 99 42 23 72 127 171
    239 196 157 26 216 226 112 178 87 210 25 205 247 102 204 183 30 87
    122 159 84 135 21 189 123 198 126 254 90 254 85 175 115 145 168 217
    228 223 40 142 128 28 91 40 244 104 239 92 45 183 30 146 77 127 59
    156 140 175 50 150 224 81 210 226 100 29 167 233 187 186 116 184 76
    91 94 87 244 181 144 177 255 129 201 97 137 216 21 113 181 220 33 62
    247 199 224 155 212 132 37 190 158 134 41 151 165 201 243 223 142 87
    177 16 135 244 230 48 50 177 254 62 152 26 51 47 165 38 198 163 11
    131 15 143 253 225 205 28 255 29 109 254 178 93 140 168 75 51 62 83
    115 184 42 57 178 139 5 222 68 213 122 217 62 249 77 50 100 142 149
    87 3 58 76 93 191 254 20 163 131 194 207 144 41 250 183 100 48 192
    113 233 117 60 63 73 15 155 4 108 14 65 221 247 174 41 254 57 41 161
    57 80 247 186 230 4 254 131 229 3 185 29 69 121 21 3 128 3 138 57
    245 51 60 126 47 185 136 143 210 252 238 15 199 19 249 61 172 49 205
    115 38 24 166 245 230 23 121 5 74 155 200 170 246 88 104 44 124 59
    161 240 226 91 225 174 57 195 75 113 91 73 17 166 39 129 77 207 22
    254 155 67 64 216 202 151 49 14 221 216 12 152 96 126 132 108 210 39
    30 39 56 253 124 214 81 114 133 109 53 251 88 76 7 180 222 248 16
    216 19 56 29 254 153 122 6 64 205 46 188 91 36 60 252 181 139 73 237
    172 43 10 100 246 56 183 28 32 251 187 175 161 202 45 120 208 203 46
    231 47 132 95 61 60 234 152 69 166 20 214 218 244 94 176 126 225 164
    221 185 49 174 164 255 23 126 23 182 19 167 61 122 31 184 69 212 135
    44 24 15 236 11 59 123 37 227 161 67 51 229 196 116 11 64 118 197 24
    105 83 77 121 213 73 35 251 20 51 250 109 38 25 251 242 22 74 136 3
    5 209 2 79 224 0 153 120 127 243 14 101 30 181 242 35 214 46 231 71
    116 156 170 47 157 187 112 253 31 32 209 240 192 52 252 44 64 135 6
    47 19 127 238 208 144 71 188 63 64 66 18 52 210 131 227 163 5 241 9
    118 74 85 192 59 126 206 43 214 254 232 131 105 153 203 114 88 249 8
    49 146 110 192 110 111 157 193 147 167 234 40 87 217 229 184 80 150
    29 8 197 65 69 243 187 108 125 88 45 228 222 203 49 187 212 61 175
    170 116 253 115 188 150 201 155 156 216 232 179 255 166 82 24 181 64
    6 185 153 157 101 1 200 49 253 13 9 19 183 119 76 248 74 238 198 21
    190 123 233 12 166 106 217 100 208 190 27 32 246 123 219 210 181 205
    47 14 191 221 110 206 254 88 216 151 226 55 142 87 7 196 7 175 72
    209 188 49 87 225 193 224 217 173 91 174 112 46 42 30 207 28 63 20
    32 130 204 238 133 156 209 131 247 202 3 122 220 37 64 246 90 113
    155 84 63 89 217 110 66 98 141 178 104 93 65 48 31 11 106 147 116
    177 221 183 110 5 200 132 229 10 72 34 205 161 36 58 142 224 177 250
    204 145 250 93 56 8 16 250 145 52 227 151 80 147 96 38 186 103 183
    44 151 10 68 136 209 141 70 177 226 4 44 24 41 213 33 199 132 207 72
    33 5 60 174 39 6 14 134 171 155 123 157 244 252 26 109 174 250 162
    235 178 61 238 229 17 122 120 160 4 18 16 61 36 178 48 132 112 145
    221 240 18 230 165 226 78 59 116 250 112 80 116 191 83 17 21 180 220
    219 154 147 59 170 215 144 130 8 233 170 25 101 215 95 176 175 101
    201 230 81 42 74 31 133 57 254 168 140 70 63 8 34 5 21 107 111 176
    43 139 232 177 23 176 147 115 198 25 12 235 97 68 62 116 171 26 173
    78 56 70 225 172 15 147 7 179 238 149 128 76 227 143 46 218 90 234
    130 34 198 22 119 169 85 212 166 56 64 126 225 247 43 83 81 43 96
    179 75 52 24 164 244 159 145 249 161 175 183 108 162 253 185 106 188
    107 164 220 28 132 216 62 73 231 101 168 110 147 84 220 148 182 175
    203 168 218 140 12 123 42 236 74 38 201 23 234 189 227 184 240 169
    253 206 237 218 250 51 100 49 130 75 214 124 51 134 117 116 44 121
    24 231 179 111 147 96 206 131 26 143 231 141 90 53 153 254 7 89 95
    12 41 165 195 2 26 189 153 45 59 168 54 248 248 156 238 143 35 114
    192 183 214 201 215 35 97 146 85 135 74 38 148 129 28 133 10 250 198
    161 110 53 2 254 19 113 178 25 81 204 176 52 144 136 197 70 115 87
    15 118 199 197 88 189 240 198 104 160 18 119 179 245 68 213 9 89 58
    82 218 145 188 54 241 226 39 116 74 75 181 124 126 245 11 163 184
    210 87 241 7 88 79 29 100 251 229 47 13 157 59 169 43 209 181 22 247
    115 174 248 207 206 119 21 145 180 191 137 205 129 209 128 102 43
    104 28 32 255 222 95 235 73 203 223 76 136 83 145 47 16 177 254 167
    182 170 124 79 79 97 149 70 229 205 252 77 72 202 76 151 168 245 145
    110 244 106 195 138 53 80 67 27 117 76 64 180 98 49 79 43 116 191 25
    23 158 199 150 131 234 143 94 185 136 195 137 105 183 188 56 248 77
    187 146 194 209 132 209 248 255 85 169 162 115 141 232 249 103 81
    210 134 247 44 98 92 109 103 191 110 184 44 226 189 84 191 205 142
    185 20 213 82 117 7 88 127 33 120 112 130 113 67 117 154 238 149 245
    240 62 189 236 109 83 241 89 100 92 21 220 233 85 100 207 1 166 230
    152 49 108 144 198 165 121 207 71 158 162 77 146 219 57 112 23 204
    98 134 67 180 69 99 162 239 60 156 132 29 47 244 189 234 62 125 10
    93 137 2 188 118 66 71 67 10 61 215 144 87 241 182 219 136 114 87
    141 34 178 60 27 124 209 175 216 226 173 206 60 221 42 15 218 120
    106 133 65 78 64 95 110 95 37 82 200 37 205 17 61 93 128 99 91 96 88
    162 246 241 152 195 130 101 131 66 202 213 13 18 76 58 109 155 119
    138 5 90 34 186 196 154 168 19 84 53 43 163 79 197 11 168 129 132
    110 210 23 19 67 44 223 206 184 113 214 65 5 5 62 133 155 44 112 132
    186 193 251 48 82 245 243 162 200 79 20 180 139 36 226 227 98 114
    204 175 11 222 81 225 144 131 63 109 12 237 74 143 209 122 125 242
    173 175 200 59 110 93 127 176 0 104 38 238 34 38 223 106 170 207 196
    177 216 125 119 64 210 31 224 158 118 44 65 100 14 212 215 249 113
    168 25 90 157 57 58 79 124 33 144 57 163 72 236 166 139 192 64 229
    133 129 16 171 89 252 197 166 49 159 27 12 159 66 108 110 233 216
    220 166 0 204 237 112 9 59 253 52 48 29 114 172 226 35 241 191 230
    11 35 44 89 138 179 190 180 179 55 80 4 199 228 254 252 36 172 149
    141 163 55 156 155 189 66 7 160 237 143 128 42 156 238 47 255 154
    183 192 130 176 88 227 248 192 152 72 118 167 21 130 58 33 11 65 38
    234 179 179 147 186 0 71 95 236 157 14 27 66 207 28 143 161 122 193
    198 134 101 97 70 138 110 199 246 240 118 191 235 2 195 215 244 159
    62 241 210 242 147 50 231 24 77 76 60 39 137 229 245 80 73 19 34 156
    12 62 67 12 241 187 250 247 208 183 172 106 213 234 124 162 42 71
    142 49 189 68 251 197 130 224 246 25 25 123 113 108 69 17 94 187 211
    36 126 51 156 142 201 248 187 217 88 20 79 174 241 213 192 120 5 83
    155 17 160 226 127 124 182 142 21 40 74 172 140 206 244 39 86 236 45
    228 146 33 36 3 39 194 151 168 39 114 167 216 45 77 197 186 94 70
    184 0 64 123 168 96 76 66 177 67 57 33 255 127 67 210 123 80 27 249
    193 41 91 13 154 104 196 246 17 67 249 146 204 144 38 11 37 105 58
    42 134 137 220 255 205 59 185 24 126 156 236 224 1 104 190 244 226
    91 4 156 32 11 167 65 178 169 254 125 61 139 10 218 48 238 114 110
    182 17 218 179 222 194 66 114 19 64 1 251 39 209 77 229 2 157 236 64
    143 17 208 123 9 72 17 102 119 132 207 149 44 53 152 94 18 56 156
    213 68 6 242 89 15 197 192 85 4 59 166 67 172 212 116 166 248 155
    188 230 220 100 33 55 95 221 50 227 247 98 111 67 132 234 185 52 136
    207 212 204 166 220 42 82 37 177 123 172 137 24 31 82 33 121 173 164
    123 243 95 155 140 231 221 223 16 156 85 193 39 175 184 105 147 186
    6 43 198 57 28 1 200 255 228 38 40 244 39 199 192 122 138 54 232 15
    65 165 40 255 172 124 234 97 134 240 33 199 153 158 68 71 96 140 196
    82 218 186 178 14 229 128 38 45 161 96 245 69 25 132 91 139 9 220
    166 211 193 60 246 48 165 15 218 219 215 21 167 203 69 174 19 15 195
    199 160 179 30 3 36 81 192 244 46 155 198 201 106 194 109 93 105 242
    56 100 153 137 104 170 153 134 34 139 237 227 76 198 249 115 100 177
    43 105 88 73 97 249 185 67 206 15 179 46 154 54 122 199 117 183 18
    219 182 50 232 10 50 189 232 215 113 94 35 122 128 80 21 250 114 38
    231 72 111 40 118 21 172 123 67 74 69 32 154 35 215 180 126 15 93 85
    81 134 255 225 25 220 162 125 105 195 200 32 2 30 21 52 121 141 182
    165 36 172 31 77 126 134 92 32 81 194 107 127 190 143 171 15 123 8
    156 224 86 250 214 106 222 206 45 20 109 165 6 225 189 252 159 189
    84 30 182 107 219 155 101 49 109 224 149 36 92 149 94 102 11 170 146
    152 0 223 118 145 217 145 213 27 10 202 52 87 2 140 165 85 136 249
    170 22 210 235 178 124 200 170 216 158 137 56 166 62 146 106 27 246
    157 41 247 29 85 214 9 5 14 26 63 52 141 53 223 111 125 175 202 168
    248 32 7 174 223 86 189 142 187 160 160 221 71 92 222 6 193 139 194
    150 80 53 205 130 182 208 131 168 220 183 125 186 106 174 144 233 87
    197 7 100 84 88 133 164 17 59 10 124 178 203 246 109 174 106 128 197
    103 196 185 155 97 207 19 201 4 34 218 27 185 218 165 115 163 76 153
    206 207 85 226 142 251 16 79 138 233 94 251 218 132 167 251 92 174
    83 114 225 251 94 208 134 57 90 66 59 173 206 61 232 106 237 96 167
    106 165 228 3 191 203 75 154 123 73 136 134 135 17 162 200 11 59 202
    29 234 61 255 80 162 50 99 232 116 242 221 36 230 247 83 49 191 196
    127 91 92 27 234 158 8 20 24 242 232 3 194 12 14 36 242 39 4 239 55
    175 32 89 86 82 89 109 160 52 236 185 76 137 253 248 1 157 254 227
    196 200 91 235 158 191 140 213 78 199 182 225 238 44 126 235 173 191
    192 119 113 238 150 223 221 99 10 180 68 241 58 145 156 93 237 101
    131 11 178 124 166 75 124 217 177 129 225 118 237 198 107 15 99 81
    190 71 17 177 57 101 25 160 123 148 222 223 13 156 162 31 188 45 253
    246 198 217 132 14 230 127 164 72 68 60 145 203 36 255 39 25 73 253
    125 226 152 25 59 183 239 233 62 107 144 47 108 80 57 12 14 151 10
    61 74 221 32 67 114 162 67 181 226 227 156 231 247 179 165 108 160
    226 115 197 103 39 230 181 121 134 12 86 233 11 169 52 191 2 254 103
    249 197 13 51 33 217 55 167 55 58 199 185 237 12 252 138 142 40 82
    97 222 21 157 164 212 100 153 253 206 219 200 9 150 164 118 172 3
    113 175 120 122 54 137 238 28 38 123 110 235 77 192 88 38 148 156 21
    161 192 210 0 180 210 77 253 210 53 158 56 120 108 78 9 171 237 113
    217 168 176 119 187 246 19 50 168 186 71 1 223 255 227 169 174 9 250
    207 129 155 19 104 105 174 83 172 214 46 123 32 149 82 178 101 19 57
    17 185 248 129 9 186 208 125 32 225 88 160 131 134 105 131 29 184
    222 142 64 44 120 156 241 156 25 4 100 125 187 191 213 101 102 190
    27 116 185 42 145 81 108 214 79 127 227 247 182 140 125 85 84 165
    125 197 145 188 106 73 35 93 172 118 186 249 44 122 210 11 47 66 118
    126 144 150 62 137 196 113 189 152 3 219 183 158 10 15 187 174 53
    221 126 39 70 157 251 11 136 228 44 112 58 61 56 199 25 22 237 53 52
    87 37 52 166 139 69 132 83 188 35 112 208 147 234 115 190 152 65 139
    48 100 203 229 220 128 138 80 155 11 56 106 34 131 236 35 117 221 81
    122 181 233 119 106 19 184 56 218 216 16 82 145 36 43 125 162 36 23
    90 203 221 80 229 247 228 63 207 32 149 50 77 247 105 126 15 110 198
    143 36 14 151 114 123 77 166 202 2 77 217 226 118 16 70 141 115 244
    30 214 86 224 9 111 160 6 241 124 247 49 7 36 184 230 139 61 77 15
    232 171 193 36 157 12 250 113 140 237 236 124 81 224 24 5 237 138
    203 246 168 112 241 39 183 168 169 86 40 37 164 242 72 188 169 45 19
    75 116 109 148 4 136 77 121 44 165 139 161 126 156 201 11 204 30 14
    157 191 82 24 216 135 169 64 214 5 230 219 177 58 156 137 63 6 153
    137 1 7 87 164 251 248 200 73 150 202 68 167 16 226 126 149 133 19
    133 172 65 33 114 106 241 17 156 25 230 209 144 164 174 173 67 255
    112 29 54 18 10 59 152 89 70 27 230 167 13 203 164 104 131 114 249 3
    221 175 189 26 126 248 168 201 80 208 162 137 115 178 40 222 156 63
    94 66 238 62 26 169 202 59 74 14 188 191 182 78 16 165 104 28 203 41
    48 255 147 139 140 164 206 36 26 128 130 255 131 91 186 76 46 236
    173 117 255 139 218 212 22 181 139 194 156 0 79 79 43 221 93 169 101
    112 175 76 211 80 105 252 247 178 168 44 132 8 90 67 83 221 153 150
    180 163 86 131 145 89 7 222 98 6 248 133 77 62 148 127 15 168 190
    190 199 144 216 141 75 138 99 108 91 83 96 244 244 182 127 224 135
    84 195 123 203 209 61 206 196 145 132 183 229 113 199 246 199 223 38
    86 170 3 86 47 83 224 39 7 70 232 162 125 161 139 90 232 255 163 252
    229 102 68 92 244 1 207 45 190 139 92 12 251 208 213 229 188 241 236
    75 84 48 225 20 38 182 200 116 204 33 225 229 255 144 80 109 10 75
    228 2 250 233 102 247 194 177 212 61 72 236 179 73 72 110 20 151 128
    179 162 248 79 182 198 96 53 218 207 246 6 124 100 110 66 162 179
    112 42 138 14 40 163 144 159 77 74 176 31 100 78 77 229 135 92 172
    35 243 124 24 120 89 169 171 115 2 126 142 64 33 162 244 2 103 30
    250 212 110 189 189 81 178 249 67 142 200 163 73 10 121 209 99 121
    126 220 168 38 96 24 150 152 221 59 103 38 55 253 136 211 103 173 12
    251 223 176 7 247 240 150 6 34 47 83 61 117 216 59 32 109 120 78 63
    38 208 183 43 243 132 106 17 73 15 197 41 153 84 118 98 112 183 126
    205 138 125 238 11 200 232 24 14 189 109 200 67 121 255 114 79 149
    184 203 235 88 232 12 16 156 216 170 240 144 68 101 246 157 118 73
    18 205 117 79 87 18 147 215 202 39 77 100 64 134 40 13 215 146 131
    154 132 101 152 98 144 187 135 58 158 15 226 206 235 177 130 161 250
    12 92 19 198 201 193 88 115 107 25 243 252 96 234 130 61 15 106 170
    170 167 255 2 111 59 234 147 214 167 91 135 205 217 149 232 133 23
    202 189 12 28 67 20 106 129 118 253 170 19 105 87 59 18 85 137 8 247
    167 60 10 41 60 99 129 52 128 40 254 201 73 109 1 88 199 186 40 94
    11 109 34 130 210 72 135 62 168 160 81 156 151 200 75 50 25 3 71 130
    104 168 229 184 240 216 5 185 145 140 123 19 216 10 74 77 142 119 34
    165 44 115 121 14 232 202 62 32 32 226 12 72 190 5 24 145 134 5 201
    180 215 59 170 133 41 252 2 191 45 183 86 229 171 190 134 227 50 94
    121 113 217 226 27 217 127 115 65 189 147 101 2 251 244 20 19 218
    161 166 77 97 167 64 144 161 179 108 23 40 161 55 172 100 222 13 189
    87 228 39 1 101 207 153 169 106 23 48 254 132 231 123 158 3 158 88
    235 52 155 253 218 246 74 241 22 25 247 79 204 218 192 20 5 157 228
    41 165 8 2 156 6 253 166 2 119 205 33 90 227 120 162 114 25 146 92
    78 107 39 110 119 207 255 221 234 149 83 90 246 33 26 70 91 204 72
    219 1 217 62 110 194 174 67 208 235 7 224 171 180 82 154 190 84 109
    250 128 30 115 144 226 156 162 182 212 67 82 37 246 91 175 112 0 169
    36 77 214 97 15 53 242 49 232 179 139 147 100 192 142 0 167 14 170 1
    64 149 242 55 48 188 142 187 205 196 106 140 0 174 154 130 64 255
    126 69 168 231 17 35 250 64 5 81 40 63 221 129 37 22 122 59 81 169
    94 82 172 239 200 47 232 249 188 125 46 248 116 108 11 176 203 149
    153 76 234 2 153 146 175 91 248 151 7 201 97 161 1 201 166 242 72
    237 252 5 117 196 169 27 0 109 52 114 204 145 6 170 165 166 150 30
    21 200 207 243 42 116 82 147 237 111 232 214 20 97 140 250 141 233
    88 39 8 174 115 240 171 196 241 218 195 105 192 3 88 247 183 81 179
    5 34 120 126 229 211 247 74 101 135 158 60 54 254 26 31 189 101 111
    193 83 234 94 226 12 16 84 90 104 68 245 119 62 177 56 118 117 52 87
    173 246 124 32 50 243 105 57 62 240 254 159 77 55 204 61 97 134 118
    50 135 229 100 20 37 125 220 69 133 253 227 182 183 59 108 207 155
    64 181 160 201 172 89 54 56 220 160 166 171 150 238 93 17 27 64 77
    174 5 62 75 174 189 89 45 172 105 164 0 26 207 151 104 24 148 10 243
    99 7 4 173 246 255 14 246 177 223 226 94 195 164 136 228 220 31 14
    149 63 72 160 29 120 198 62 132 149 196 118 165 178 219 145 157 162
    113 234 176 3 103 196 18 87 27 206 156 201 159 59 233 184 118 164
    205 226 77 201 251 222 174 3 145 18 10 144 35 30 212 146 142 34 59
    162 191 27 0 212 64 103 14 204 108 97 210 192 187 12 89 67 14 93 103
    22 218 253 198 144 196 230 80 90 142 110 7 7 244 247 145 66 46 252
    115 120 173 135 237 110 51 99 32 161 204 43 191 14 96 223 218 132
    238 178 219 219 243 244 45 166 244 207 133 200 109 38 215 194 56 239
    137 159 189 171 158 110 203 236 212 164 37 219 29 33 2 244 219 60
    137 109 143 140 104 104 177 220 217 11 52 52 169 227 6 35 22 152 133
    249 166 203 105 72 58 90 180 157 154 95 110 146 209 13 28 183 151
    139 222 108 7 93 102 164 99 227 68 24 200 9 105 19 112 120 163 160
    53 148 88 180 30 108 151 185 81 74 254 40 248 222 147 102 31 28 201
    119 73 188 212 202 237 17 63 179 123 169 104 42 10 171 183 172 189
    112 231 182 24 48 163 35 223 167 62 71 64 181 205 125 27 43 247 86
    239 141 246 56 145 242 170 92 224 128 103 27 168 53 222 41 124 30 89
    160 180 198 98 131 135 104 125 54 232 130 243 160 68 208 17 161 170
    47 12 235 24 190 239 235 11 182 182 217 220 8 9 131 36 85 10 190 232
    113 65 190 155 59 252 61 29 199 138 130 238 176 170 24 216 182 63
    146 99 35 70 177 65 154 155 55 170 0 162 242 225 70 88 48 43 204 131
    91 198 23 145 160 92 214 84 100 115 68 142 54 217 44 159 199 231 255
    221 208 222 244 14 134 4 50 116 34 235 46 221 248 142 206 6 151 181
    223 106 222 70 185 174 252 204 233 97 176 53 218 120 223 229 139 48
    45 136 110 14 168 68 33 153 68 77 48 140 152 117 254 159 233 224 195
    95 138 3 30 42 135 249 93 44 98 117 59 108 217 129 219 54 178 99 37
    157 252 245 3 199 107 49 175 143 114 108 70 239 7 158 19 64 59 89
    161 170 3 44 119 107 71 111 224 170 80 220 123 10 68 70 109 172 159
    160 87 51 225 80 223 26 210 197 40 122 232 237 212 194 254 193 223
    182 43 82 51 55 109 226 178 146 216 97 231 110 144 248 73 178 66 2
    255 168 141 106 247 98 213 146 114 0 184 75 165 45 205 55 116 151
    178 227 212 91 52 209 10 246 135 65 44 0 202 42 226 245 84 180 66 73
    132 130 115 87 156 231 130 91 202 237 223 166 225 224 39 171 208 11
    183 12 2 233 224 86 125 89 183 178 145 58 199 84 158 59 107 234 188
    108 86 174 45 224 2 1 208 12 240 146 101 249 127 58 71 187 201 140
    128 59 129 154 137 28 21 48 146 139 102 94 37 69 137 79 105 185 191
    104 163 133 40 226 176 236 243 177 205 143 174 226 44 66 113 4 175
    213 168 189 136 215 154 213 61 136 200 187 236 205 170 80 51 18 123
    55 185 223 158 243 155 62 13 113 34 158 29 6 250 37 78 249 156 94 49
    132 144 117 169 155 146 214 181 139 132 140 245 155 210 72 229 8 24
    140 8 247 89 19 11 183 221 158 94 89 235 184 4 247 240 228 48 11 228
    31 84 179 179 232 61 18 248 53 91 1 105 129 39 237 90 91 190 28 90
    93 226 77 251 249 246 217 19 104 157 254 3 164 111 169 46 25 110 6
    182 224 169 58 22 105 143 159 12 181 138 22 75 38 29 78 45 116 67
    125 63 133 98 117 17 238 89 251 103 97 151 24 6 254 170 52 93 251 60
    154 44 121 140 194 231 3 190 243 62 189 111 123 67 204 42 151 51 179
    217 24 227 156 241 60 168 246 17 109 149 193 135 227 98 151 153 200
    203 169 76 73 253 152 35 182 152 59 229 230 94 177 7 70 37 133 237
    75 66 77 200 177 99 112 146 164 200 188 241 75 101 84 65 72 179 87
    176 252 199 211 235 83 227 160 30 85 136 78 168 252 163 104 244 90
    156 186 33 175 204 232 18 71 205 5 204 170 174 107 149 220 179 110
    236 27 107 234 255 1 105 126 15 127 242 244 68 202 225 159 47 196 77
    36 52 41 131 232 68 11 15 117 205 94 38 235 233 137 31 100 91 227
    238 167 167 106 189 109 136 192 150 51 180 200 58 220 154 67 60 76
    29 172 244 240 242 49 46 197 158 57 85 53 54 237 179 7 137 234 196
    197 104 90 147 87 61 123 23 39 28 214 130 92 98 158 181 44 60 189 43
    63 197 155 2 63 56 72 20 227 27 155 154 249 219 95 222 185 109 3 178
    242 192 187 87 118 133 32 161 172 116 255 91 89 121 172 84 246 104
    199 111 94 72 7 242 171 8 204 144 54 115 26 68 189 228 73 26 218 130
    229 62 118 130 181 179 47 164 146 222 105 236 13 5 90 2 164 82 236
    162 93 112 212 249 224 161 160 70 137 155 67 169 6 40 254 4 8 74 5
    201 144 111 165 226 105 241 249 139 147 107 190 28 70 215 243 43 238
    16 224 233 218 205 125 174 137 81 246 50 61 62 19 177 180 66 64 246
    144 179 80 238 83 237 210 35 65 142 138 174 55 230 40 131 148 180
    106 137 156 98 156 241 115 147 227 211 250 141 129 228 150 39 246
    244 175 163 108 174 136 47 39 145 25 226 133 238 210 102 147 128 118
    252 127 171 60 32 90 31 195 233 14 201 39 157 95 44 111 115 19 237
    70 12 191 227 16 24 85 130 164 152 106 72 21 23 240 251 240 55 178
    252 73 247 246 2 170 27 73 39 32 206 67 80 61 250 84 59 206 236 239
    40 85 237 45 114 155 180 48 32 114 194 156 32 219 213 150 78 30 251
    28 79 222 253 213 116 174 110 226 39 152 216 195 93 80 121 126 26
    108 158 119 167 29 9 53 131 212 234 32 155 236 5 129 115 211 203 214
    19 107 38 37 216 43 224 224 254 168 228 167 143 172 219 124 134 32
    80 118 196 208 194 229 167 222 78 3 153 229 21 19 93 92 129 242 211
    130 42 101 95 18 87 233 12 176 252 184 247 164 45 199 242 142 191 2
    142 180 118 142 59 56 18 122 139 72 32 89 157 118 229 239 213 176
    229 186 129 248 103 229 45 98 37 0 214 194 245 21 186 158 192 40 253
    165 249 105 209 3 185 199 102 15 231 40 123 187 193 79 105 219 0 124
    65 154 16 49 71 178 139 188 70 167 115 58 195 158 68 179 189 31 191
    188 108 49 23 222 5 149 160 37 180 54 127 237 120 160 232 115 222
    183 250 32 56 23 238 254 196 156 10 31 94 177 123 188 41 63 168 6
    201 209 220 76 5 144 172 196 128 130 51 254 18 119 178 181 37 116
    243 208 2 185 185 108 88 149 234 83 111 180 1 105 53 1 137 3 233 49
    176 40 91 167 243 189 1 126 22 36 157 97 13 206 178 64 231 121 134
    88 171 84 251 124 29 161 124 231 91 238 129 116 220 141 31 125 141
    86 54 145 27 117 160 13 116 156 3 28 189 201 103 107 172 103 191 45
    63 180 12 90 178 39 17 254 135 253 37 27 62 163 31 227 225 224 242
    113 149 174 17 140 135 241 94 12 241 115 41 243 139 196 194 147 5
    204 158 9 178 43 158 101 102 194 53 93 141 109 235 119 31 247 165
    162 171 103 247 213 216 58 143 209 135 123 254 29 154 172 37 143 234
    64 52 240 255 247 138 203 162 101 4 170 133 164 184 15 131 55 111
    254 4 152 75 147 188 57 116 60 51 169 247 50 234 228 71 10 184 249
    87 107 158 26 66 245 67 242 217 41 142 35 133 95 17 205 122 176 211
    54 233 173 101 102 95 140 187 11 211 19 73 243 235 246 210 23 125
    142 122 219 56 45 193 55 75 126 165 23 217 225 211 222 178 234 242
    135 23 112 34 74 163 66 47 152 28 91 158 226 47 79 250 95 211 249 85
    187 174 155 247 208 114 11 92 128 12 37 183 167 222 9 232 154 132 47
    38 233 191 11 145 7 23 11 77 49 231 182 75 194 204 81 88 217 244 138
    178 34 152 41 133 203 233 245 86 16 231 26 49 70 249 171 3 50 7 246
    253 45 32 66 73 134 225 94 232 5 212 239 91 235 170 236 60 42 167 83
    248 7 33 84 27 223 133 150 115 252 187 7 206 74 60 26 221 156 122 87
    22 127 71 161 214 233 46 222 118 22 82 74 164 248 98 84 31 15 115
    234 21 90 205 185 124 39 96 18 136 111 183 114 86 166 149 175 237
    220 147 105 39 187 205 238 199 198 99 32 24 39 80 116 151 124 144
    136 126 181 198 151 2 154 98 4 133 222 20 183 90 187 217 215 11 172
    164 158 4 89 252 176 185 212 26 226 8 35 119 114 119 112 109 197 48
    43 13 109 35 39 122 58 163 210 68 121 247 19 247 80 142 255 192 93 4
    77 211 14 126 188 239 121 68 117 164 250 109 80 192 149 76 172 125
    142 37 129 117 194 105 97 208 51 92 100 56 9 74 50 230 47 143 126
    151 253 123 27 128 89 204 48 208 234 190 15 255 167 197 234 130 6
    182 10 75 35 72 61 45 95 79 172 104 45 104 172 117 140 80 153 229 87
    113 179 38 252 113 229 242 198 82 150 138 151 56 38 166 178 139 237
    0 118 117 57 88 194 146 155 227 163 67 32 113 225 190 62 79 5 188 86
    187 53 175 44 70 9 192 53 49 59 165 160 243 154 134 105 165 222 194
    82 129 8 166 160 179 125 198 219 61 193 50 75 7 216 215 11 15 239
    157 41 144 43 203 27 46 177 147 8 192 105 143 184 206 148 16 186 47
    27 220 143 14 95 27 170 180 249 198 186 169 255 150 182 186 88 122
    222 188 226 236 183 122 43 241 142 222 230 156 110 113 229 167 106
    121 12 92 114 148 86 159 193 194 26 6 76 146 94 22 150 138 228 24
    131 147 32 219 62 252 177 117 29 165 63 101 212 58 155 189 17 2 43
    172 53 251 134 13 68 154 106 139 119 111 172 143 67 42 82 137 158 46
    93 253 117 133 182 252 174 118 57 154 197 80 5 249 121 49 122 22 159
    136 41 120 232 195 97 126 31 92 50 41 243 150 198 67 17 219 225 39
    253 75 114 137 29 123 201 131 12 200 230 249 77 69 32 93 71 238 87
    182 225 21 92 230 205 50 64 167 252 129 252 83 144 34 85 173 46 115
    146 4 74 174 170 96 72 110 182 96 14 111 59 149 177 109 127 18 220
    66 171 7 96 183 159 45 162 24 55 180 237 161 201 132 102 249 147 73
    216 101 24 202 236 19 216 235 17 184 50 17 98 124 12 242 71 38 98
    229 251 250 211 8 201 191 139 28 147 195 166 27 248 239 0 55 227 173
    174 235 216 26 69 170 14 40 200 31 111 21 222 181 177 136 25 234 176
    246 198 208 37 102 126 49 41 189 255 149 207 242 57 55 77 108 143
    107 219 209 252 30 97 118 58 48 75 186 251 181 167 219 25 36 89 21
    134 239 152 61 103 209 71 99 135 107 221 50 55 144 186 59 124 255
    234 113 146 116 106 141 27 224 162 63 228 86 206 80 182 27 123 115
    83 93 172 142 15 153 59 10 156 21 144 47 255 112 76 15 193 98 143 45
    188 85 31 143 236 60 211 26 91 112 173 229 239 219 161 243 183 231
    233 162 76 242 8 12 9 202 187 204 239 4 90 26 122 59 198 92 229 59
    82 53 61 232 177 209 69 135 122 112 149 60 108 180 136 137 101 149
    112 126 148 97 101 155 33 107 186 36 227 162 133 114 188 213 176 72
    85 222 225 97 4 221 53 129 254 57 122 131 70 170 1 58 220 174 162 31
    102 226 93 134 167 184 255 51 239 3 203 167 68 47 177 194 87 92 165
    68 29 27 96 95 215 118 241 234 54 129 201 113 141 5 245 94 75 32 194
    218 87 36 156 148 22 74 178 61 252 117 35 119 92 14 219 194 181 253
    71 111 70 93 108 180 72 2 113 36 164 149 249 30 135 196 80 145 164
    86 106 44 227 7 239 154 39 27 82 129 237 16 140 218 204 223 190 243
    98 111 34 221 231 130 230 57 244 142 233 60 121 150 153 121 65 3 9
    160 38 41 134 247 196 168 177 24 76 165 119 3 189 17 63 205 76 140
    50 225 19 202 246 69 56 248 214 40 192 192 3 84 170 36 138 82 203
    156 225 172 96 228 113 142 12 106 9 119 216 98 118 141 138 252 111
    85 2 242 44 4 87 222 175 92 133 231 79 165 185 204 225 186 222 181
    169 110 126 215 146 122 175 243 99 22 39 204 17 126 218 109 244 233
    112 13 238 92 117 142 237 97 32 111 71 114 154 24 154 206 117 3 64
    86 65 209 249 25 3 174 80 106 92 102 95 46 39 15 12 108 26 147 229
    145 118 60 7 71 14 133 46 81 97 53 152 188 138 195 46 164 133 39 74
    5 167 238 30 19 27 13 186 61 66 167 133 208 240 147 0 42 248 178 128
    143 101 219 255 211 130 214 217 154 153 1 9 210 76 154 200 226 253
    37 226 211 118 207 179 8 10 72 194 11 253 6 89 10 8 60 216 176 254
    62 170 23 181 243 1 255 37 77 208 31 172 90 92 151 6 186 217 175 91
    136 178 59 97 251 159 192 234 16 57 115 142 212 37 38 142 7 91 109
    135 77 106 10 77 127 102 202 77 79 72 129 219 72 182 227 48 153 142
    246 104 132 112 214 241 148 72 40 86 29 176 147 24 177 115 143 213
    96 32 188 217 191 60 150 8 92 101 129 61 189 52 56 139 54 187 190
    122 228 29 36 119 177 128 27 81 218 246 238 100 85 172 24 153 80 23
    103 168 95 168 48 67 209 225 177 139 62 107 221 138 0 20 216 8 27
    170 213 90 7 154 89 58 201 51 223 245 176 0 203 154 23 50 239 38 105
    214 122 55 142 87 79 77 243 17 180 5 191 173 190 249 94 129 44 78
    136 246 20 28 214 177 110 235 53 247 253 47 172 174 221 40 69 64 19
    30 70 17 55 111 94 215 56 209 251 165 124 163 95 107 182 98 110 42
    144 121 101 91 213 224 142 99 106 22 147 41 160 238 10 22 63 251 101
    248 216 57 6 22 7 23 165 177 93 23 111 80 75 203 134 158 5 123 86 79
    163 146 232 66 133 47 215 216 94 41 101 122 141 30 91 247 212 6 195
    121 255 196 75 43 174 99 248 246 8 78 14 246 140 235 49 8 199 31 25
    38 107 150 48 214 226 6 88 249 93 197 107 57 110 176 54 135 59 13 30
    161 253 202 237 214 109 198 73 3 147 123 220 229 101 245 195 18 216
    38 79 158 166 135 119 172 214 94 126 193 232 245 132 187 228 167 4
    190 101 247 14 32 64 72 96 124 64 2 138 254 77 232 158 86 160 146
    210 143 233 253 76 118 155 160 1 37 191 23 9 52 196 135 109 144 7
    203 121 123 160 129 12 55 173 127 186 90 181 162 157 227 192 124 154
    148 249 48 64 28 23 169 211 194 17 174 182 118 238 168 143 83 207 0
    161 103 107 241 146 91 173 112 236 220 56 84 47 188 255 178 110 119
    0 13 201 68 218 81 178 22 51 77 248 111 243 26 29 227 179 74 240 150
    32 146 143 120 37 61 92 195 250 161 67 166 71 188 63 112 168 127 0
    199 17 126 148 142 113 65 182 61 63 105 127 1 150 80 6 127 192 244
    198 141 67 97 217 48 136 141 19 90 238 205 85 216 16 84 232 54 238
    40 78 255 38 77 178 10 36 164 185 34 42 182 245 116 197 203 13 61
    226 34 61 39 63 62 179 237 122 188 160 25 35 10 177 161 109 253 76
    71 51 152 161 33 8 232 220 239 136 7 241 198 64 72 101 126 20 84 144
    163 153 110 164 191 57 206 116 33 250 215 45 44 60 142 71 235 241 27
    104 40 214 221 85 19 175 72 253 4 90 124 209 162 48 68 66 46 226 122
    168 84 23 217 147 208 39 141 123 89 232 119 69 149 212 63 243 74 73
    188 27 165 139 202 138 131 136 106 16 240 146 199 221 48 210 153 144
    34 6 43 51 191 52 164 161 201 69 111 5 229 141 139 191 9 62 243 59
    66 134 115 30 187 64 207 17 148 76 173 11 98 105 19 195 45 202 243
    10 24 104 243 202 7 59 74 247 135 16 65 113 101 254 244 94 201 17
    161 84 83 70 183 12 218 213 216 103 170 90 38 198 88 14 25 247 93
    207 84 223 74 133 1 149 12 72 98 190 157 210 37 93 197 74 46 233 18
    207 135 155 189 161 238 223 147 123 51 132 201 75 32 189 97 76 59
    191 82 156 31 226 197 156 78 176 100 235 115 145 85 173 34 251 39
    244 89 197 33 101 15 80 77 184 52 175 189 182 234 123 174 174 63 86
    135 44 6 4 137 254 81 156 144 230 64 48 220 212 184 208 151 54 120
    82 87 67 94 55 198 38 27 200 150 28 121 225 132 249 190 191 226 242
    20 122 186 94 77 78 242 38 208 240 141 114 173 56 160 70 75 252 213
    177 150 143 222 181 186 242 149 126 127 12 220 138 250 52 111 27 191
    77 2 212 195 108 195 112 133 98 69 116 227 232 246 53 182 101 141 78
    33 233 249 75 2 76 54 64 209 167 174 111 0 225 107 234 194 163 134
    171 201 248 166 228 252 89 135 24 104 86 212 111 9 202 22 151 147
    195 173 147 134 249 27 19 152 119 197 87 241 72 230 139 210 19 160
    69 169 182 66 120 34 206 89 110 57 155 53 41 182 109 40 45 158 205
    193 221 223 122 194 113 99 177 8 195 197 200 157 248 33 189 105 184
    204 143 122 140 142 154 109 152 92 119 56 120 67 41 209 155 167 253
    49 125 64 178 61 4 247 35 127 93 39 190 197 247 210 211 133 20 239
    101 23 15 106 34 13 85 124 189 138 157 81 35 176 226 209 29 62 186
    108 192 54 246 113 146 187 121 141 108 134 187 161 158 249 19 20 29
    144 7 157 162 42 162 177 140 133 246 172 102 112 251 64 241 122 29
    231 81 172 4 102 238 214 222 138 217 56 82 113 65 102 67 245 175 215
    15 53 94 31 238 188 11 16 5 115 130 87 81 197 93 19 140 18 195 96 48
    128 6 123 72 129 120 187 48 167 184 244 76 64 121 82 13 97 157 124
    139 179 218 132 99 21 6 20 5 226 179 206 40 157 20 46 193 12 222 250
    175 131 201 243 227 11 34 87 88 212 49 83 11 226 54 91 150 244 240
    98 162 80 93 229 216 184 163 51 64 241 115 240 214 144 166 203 160
    69 90 60 87 97 79 44 106 215 173 228 29 71 38 7 17 6 227 138 190 169
    84 53 230 108 99 47 228 107 80 29 52 112 237 217 174 168 227 110 60
    219 69 69 174 196 206 55 44 204 33 94 186 29 57 212 202 35 200 60
    217 100 42 18 235 202 255 94 86 95 233 74 163 77 69 79 35 178 124 49
    77 66 62 51 105 107 2 45 122 205 41 10 212 177 195 124 142 241 112
    186 62 210 193 112 90 196 237 221 130 40 182 141 170 36 251 185 137
    186 62 162 160 156 166 236 41 239 200 213 227 50 233 134 182 92 246
    176 253 81 23 211 201 133 123 52 175 208 185 66 37 124 235 140 38
    176 4 56 56 152 78 178 168 3 10 72 89 102 14 3 91 244 230 93 110 113
    224 72 46 245 194 121 28 215 107 83 178 62 93 124 39 105 150 25 82
    80 188 75 252 228 104 21 76 148 27 42 229 25 228 130 175 182 28 179
    177 49 195 21 64 142 22 182 24 202 190 236 188 28 22 180 170 69 209
    173 151 121 149 59 34 234 146 254 244 217 109 138 253 58 125 221 157
    214 51 55 201 65 112 243 223 47 210 9 63 34 171 102 93 192 244 175
    164 175 101 88 16 244 225 138 0 30 222 179 197 115 244 212 1 107 56
    222 188 27 86 155 220 118 216 40 192 153 49 69 184 17 65 224 27 8
    198 203 253 81 250 138 78 87 89 70 216 123 55 223 55 86 111 43 34
    168 174 24 14 84 84 252 244 1 46 207 84 155 73 178 166 107 133 208
    12 218 148 184 66 10 76 217 218 211 43 14 60 12 1 166 216 165 71 20
    197 32 17 49 214 228 124 134 77 112 158 93 117 116 251 170 146 118
    111 71 141 6 241 40 113 115 235 72 234 214 89 239 32 9 235 241 39 7
    176 126 204 243 212 122 59 79 167 64 105 159 206 88 11 236 64 145 16
    161 164 220 118 86 130 248 131 32 135 137 24 186 18 122 229 129 247
    147 15 0 162 196 147 54 135 111 189 154 61 58 173 188 232 177 90 95
    27 51 102 11 157 232 221 15 52 161 80 209 31 79 172 118 50 4 239 144
    235 206 87 3 35 101 211 54 185 96 57 179 111 175 86 107 126 189 87
    25 188 174 205 5 80 205 114 253 66 166 50 88 199 252 73 216 108 188
    36 98 251 90 158 218 89 130 79 178 41 12 106 214 109 129 216 197 22
    8 65 182 16 141 239 81 249 210 148 190 8 227 33 114 12 83 230 231
    230 248 189 159 213 54 39 166 254 25 15 25 249 94 69 232 81 214 3
    150 25 105 51 111 148 162 70 224 68 236 226 225 77 124 115 114 32
    101 147 43 94 138 185 5 197 85 37 65 157 177 168 244 156 243 21 216
    82 216 180 238 51 238 112 192 104 83 142 30 16 135 5 61 70 232 3 96
    139 155 96 119 141 99 61 82 38 144 91 127 217 40 108 251 236 191 236
    102 173 203 90 98 196 177 177 15 93 13 76 83 165 131 62 27 85 64 187
    203 198 176 135 166 244 81 243 16 154 62 187 238 216 233 219 100 133
    43 174 175 223 37 43 39 179 241 145 59 116 41 52 205 163 156 97 253
    191 126 125 224 64 29 161 123 5 13 12 47 3 230 127 31 207 150 197
    234 51 231 133 88 138 76 218 110 145 254 237 155 107 241 235 169 175
    249 29 138 131 18 146 155 207 158 9 141 39 72 151 110 77 36 45 229
    235 33 254 90 30 174 28 180 198 31 19 98 38 49 107 138 234 108 166
    35 175 220 110 196 24 89 79 133 0 204 241 207 105 216 155 86 174 201
    67 106 78 150 114 227 55 4 216 38 243 193 41 60 196 110 26 200 24
    121 113 102 41 42 54 177 120 203 217 89 107 180 145 186 166 169 236
    7 77 43 159 25 170 178 152 213 171 66 189 37 249 139 98 137 125 115
    218 72 226 85 46 92 167 106 73 222 201 117 153 115 60 126 144 104
    240 107 83 151 173 229 117 161 101 40 190 150 236 211 121 210 119 21
    248 174 91 254 96 34 24 200 55 68 132 146 205 219 29 179 83 70 178
    200 209 30 71 44 207 108 191 11 147 41 111 246 205 210 252 75 250 55
    209 36 153 154 7 153 239 0 112 82 45 184 242 223 30 131 184 215 246
    78 118 245 126 96 226 230 126 226 49 77 111 11 112 251 228 207 248
    201 212 23 12 25 12 246 182 168 56 43 138 157 215 92 127 28 56 161
    142 23 127 100 85 28 91 11 76 251 226 95 59 72 195 8 180 68 16 40
    116 164 255 43 151 246 250 147 37 147 253 246 86 209 105 83 221 61
    195 241 189 11 211 148 228 140 188 83 203 249 70 76 55 167 135 223
    28 114 119 233 241 11 114 93 173 47 199 11 140 98 104 43 59 222 15
    252 64 94 44 254 52 55 92 60 151 46 57 241 108 126 241 130 191 211
    209 39 6 129 16 86 104 125 161 117 105 106 219 251 214 84 161 10 225
    253 0 243 202 217 229 92 23 193 142 184 99 27 254 144 116 88 217 70
    177 97 216 130 128 92 126 145 130 33 23 207 18 5 241 196 249 215 159
    94 37 251 4 160 157 101 46 47 144 33 235 125 188 160 90 201 111 241
    17 18 64 2 164 90 204 177 140 150 147 41 90 3 218 11 196 52 71 241
    35 254 233 221 89 47 1 133 28 229 115 93 182 219 254 122 188 96 85
    25 126 212 71 103 114 2 142 67 240 86 179 252 211 129 50 96 92 249
    38 154 2 17 225 242 223 92 88 59 138 9 197 75 17 9 229 106 181 145
    28 188 146 8 170 0 170 12 77 10 12 31 99 1 175 11 210 176 215 127 34
    140 208 102 41 58 173 146 116 157 12 36 64 36 42 247 21 80 95 2 238
    69 138 240 64 177 80 166 84 47 180 59 50 175 74 170 62 132 222 79
    103 168 57 108 203 191 44 13 33 166 210 21 51 221 94 55 54 213 245
    197 41 210 9 203 59 59 182 234 221 234 110 36 170 74 38 25 143 33
    137 253 17 239 233 209 1 137 161 237 106 86 24 59 141 177 227 146 19
    172 143 77 155 4 70 230 29 130 223 167 233 36 124 250 25 163 64 59
    49 83 166 157 191 124 47 165 249 229 249 36 43 46 40 134 69 173 220
    239 53 152 179 179 7 157 132 46 114 81 227 52 53 65 138 161 95 90
    242 93 102 51 113 70 133 126 128 88 25 123 252 100 103 222 112 110
    122 29 177 219 184 4 112 239 82 81 133 234 249 176 5 19 12 109 91
    154 172 31 36 235 146 138 171 40 63 23 61 91 167 133 81 24 96 147
    113 126 178 224 162 56 151 242 172 105 145 174 166 52 30 154 45 88
    172 33 210 68 91 215 16 50 131 53 18 226 65 118 49 35 82 95 226 109
    141 16 3 221 17 174 198 230 244 16 148 253 85 162 44 150 73 112 86
    97 50 10 100 38 169 146 139 128 243 128 252 243 165 12 47 206 229 83
    238 32 139 119 12 185 24 117 219 63 103 192 52 33 44 194 188 17 240
    236 125 57 203 81 207 209 177 236 111 95 87 124 235 133 41 143 61
    138 209 187 184 169 123 6 86 72 224 205 183 124 47 234 16 228 194 67
    187 21 215 134 107 190 136 52 84 145 17 246 185 163 128 190 136 226
    123 161 71 59 165 111 48 197 113 61 40 250 198 216 91 171 240 245
    185 81 70 211 154 199 94 181 58 201 170 216 31 4 164 231 0 63 188 87
    249 180 87 155 7 115 196 18 70 161 132 97 198 83 249 171 85 121 109
    239 93 186 225 138 190 148 243 148 62 89 120 53 22 80 233 55 158 118
    89 162 205 153 119 103 190 38 8 90 225 120 100 168 40 236 88 125 137
    184 239 201 129 94 254 50 237 206 12 90 35 200 75 46 209 14 75 157
    155 71 253 117 187 101 66 238 166 222 94 159 141 53 180 107 52 237
    41 25 150 114 15 112 37 54 59 245 154 34 6 18 234 252 82 181 37 199
    28 44 7 97 19 100 88 76 199 58 235 144 2 201 236 41 249 98 1 41 242
    236 66 223 137 86 144 129 188 121 81 189 210 93 42 122 109 174 51
    102 214 65 195 245 151 179 219 2 207 106 131 123 61 196 38 121 250
    37 48 148 72 183 146 102 200 86 7 41 40 67 136 239 79 92 236 123 88
    120 166 102 249 99 222 184 253 225 42 111 251 225 153 85 75 246 248
    10 214 228 111 76 120 152 43 237 122 175 81 47 244 253 15 181 239 32
    196 78 86 9 203 62 1 32 22 225 87 224 96 110 237 146 56 30 34 146 99
    58 71 37 19 205 110 212 65 151 117 41 168 251 20 23 18 251 175 218
    150 207 199 232 254 190 15 151 64 228 182 239 215 82 166 213 67 233
    229 61 117 12 219 114 18 201 48 215 28 117 120 160 35 242 142 156
    139 107 114 127 191 50 21 241 27 63 11 158 179 34 69 31 10 155 109
    128 30 164 5 93 6 254 155 192 153 189 2 135 247 97 219 240 58 110 41
    38 87 230 20 189 36 58 79 148 215 65 203 84 153 48 33 246 149 247
    247 242 73 99 198 150 184 124 184 174 134 140 237 174 13 75 7 193
    198 101 35 22 234 103 166 36 3 83 189 32 234 174 198 247 208 214 188
    94 83 167 232 7 120 7 23 57 25 10 253 64 247 129 77 80 216 209 23
    159 123 178 27 159 128 1 166 155 70 201 218 63 66 74 139 9 28 47 82
    177 0 248 146 118 118 53 153 43 231 116 174 222 98 29 38 225 40 48
    232 139 131 5 222 181 9 115 182 193 176 22 48 215 40 169 207 209 160
    241 10 178 101 111 179 113 152 24 152 195 255 184 29 49 227 156 32
    182 102 222 111 109 116 210 22 197 217 140 242 26 56 84 119 122 192
    150 36 2 213 15 188 203 49 247 246 238 89 60 221 233 43 49 156 170
    16 199 122 181 179 132 40 180 66 72 239 116 205 52 60 129 34 25 157
    92 75 116 139 251 196 170 175 97 243 216 15 154 242 207 11 80 32 53
    212 227 146 182 84 87 136 148 197 102 208 21 80 14 102 36 105 201 92
    254 41 90 166 61 245 62 29 156 180 159 144 122 157 213 23 252 218
    130 7 49 217 236 0 42 15 150 147 176 130 245 55 151 20 143 89 146
    228 249 99 130 44 238 145 174 217 116 19 252 167 19 162 1 8 157 120
    80 223 164 253 47 166 114 148 223 48 70 134 89 248 120 2 11 93 224
    184 190 176 217 140 75 130 227 241 54 219 80 175 230 188 200 74 18
    16 128 131 8 146 42 86 69 107 159 3 250 114 63 92 81 129 250 162 217
    174 46 226 115 199 226 192 222 125 159 148 82 56 149 64 227 55 233
    22 35 132 54 253 195 76 15 124 0 235 208 132 32 184 87 72 180 215 76
    144 250 236 221 21 119 27 196 186 75 127 197 65 13 51 130 162 223
    161 206 26 20 238 34 112 209 216 89 244 199 229 135 138 117 121 23
    56 53 241 3 7 54 140 222 182 118 234 1 13 244 169 29 244 43 19 139
    65 16 143 38 164 199 187 83 71 92 74 10 200 180 66 247 124 253 182
    187 12 179 118 138 176 98 220 181 27 49 91 164 64 227 140 157 25 170
    131 47 192 206 218 114 17 164 211 41 60 100 70 194 140 128 214 194
    13 117 239 142 52 164 193 82 167 227 119 113 68 142 17 234 152 23
    120 63 162 170 51 221 75 94 107 202 133 130 158 32 71 170 175 77 216
    189 208 198 173 91 15 193 244 237 107 99 208 85 127 73 171 246 193
    27 149 81 82 187 64 149 89 173 66 181 157 218 70 79 153 186 183 19
    222 185 221 66 72 251 74 60 78 3 170 49 65 220 148 74 203 188 37 215
    201 141 195 101 68 25 145 6 130 236 218 216 205 179 95 76 229 19 2
    168 58 245 48 101 12 159 240 14 59 86 252 200 96 252 53 222 35 51 59
    109 28 218 46 126 118 190 253 66 64 180 247 103 95 49 24 119 130 95
    60 149 239 237 197 17 116 40 71 227 157 149 52 203 194 196 241 11 19
    247 83 23 121 43 22 163 196 155 19 243 81 189 98 231 237 230 183 51
    122 158 48 112 190 84 92 145 80 170 237 185 45 7 203 34 43 245 19
    240 14 129 233 55 216 59 72 183 142 235 86 72 52 121 42 170 154 245
    121 140 183 109 167 236 111 252 57 206 97 148 176 7 100 139 33 218
    20 21 72 179 117 16 106 68 23 28 39 195 105 174 100 51 112 160 118
    82 255 123 19 162 53 61 65 237 242 16 110 132 151 49 122 62 163 191
    135 174 166 93 28 158 15 147 107 170 117 44 22 148 112 100 28 74 49
    98 29 167 223 163 11 206 183 123 194 138 122 229 71 35 41 232 33 94
    64 79 104 198 42 0 193 242 215 108 86 153 248 120 199 101 184 82 76
    183 215 211 242 170 58 190 16 177 97 109 67 10 178 216 129 8 123 41
    161 89 249 20 219 56 63 110 220 169 176 251 225 65 163 126 48 12 75
    55 222 140 66 41 87 191 83 73 52 206 175 198 94 115 131 37 144 93
    141 129 64 249 132 101 12 131 246 55 238 182 180 198 144 217 163 112
    47 116 169 142 128 85 88 167 114 82 91 71 195 80 200 118 145 179 61
    40 39 142 184 138 59 95 205 180 25 172 227 153 184 28 237 79 121 240
    224 183 210 173 16 223 167 112 220 18 81 95 149 85 216 68 235 26 165
    29 246 140 115 140 201 236 79 73 46 178 90 75 55 84 220 180 59 20
    200 143 20 213 138 207 62 124 44 39 77 182 76 40 121 177 110 216 204
    4 208 78 222 230 15 38 1 231 245 207 84 61 24 46 9 151 255 109 144
    70 78 51 101 72 115 142 106 107 27 0 193 35 213 68 99 159 192 225
    149 8 70 179 247 116 163 101 142 82 63 237 103 167 231 4 94 117 50
    167 192 144 63 2 77 47 216 236 191 194 221 24 29 139 166 149 253 162
    141 172 135 153 241 72 200 35 92 127 56 218 99 112 204 249 146 112
    108 53 136 194 238 27 185 120 212 63 62 121 153 177 90 89 9 110 114
    242 73 195 226 219 103 190 114 250 20 100 176 160 93 208 96 113 41
    197 17 217 36 107 249 4 194 17 136 182 173 146 191 19 16 165 200 60
    129 28 194 41 214 108 75 233 229 100 49 137 50 85 136 4 238 123 157
    210 34 19 11 53 159 155 111 204 254 109 27 173 60 67 92 70 159 67 60
    193 69 238 220 202 202 55 35 147 145 141 97 141 77 39 236 28 219 210
    120 65 239 220 51 112 170 80 197 150 215 234 138 40 110 204 91 243
    171 35 7 8 118 181 36 110 7 160 110 127 181 202 188 86 159 162 225
    27 154 53 241 185 222 34 22 7 229 236 74 47 234 2 196 253 93 230 58
    76 222 174 90 128 211 157 184 119 158 100 163 205 208 133 69 127 93
    222 15 17 157 131 234 25 14 116 61 64 201 140 219 126 65 171 199 119
    8 237 9 125 177 112 44 66 91 109 32 114 67 230 30 81 176 147 105 31
    238 217 54 53 129 155 115 154 62 70 0 46 69 245 52 214 155 235 129
    57 144 124 13 112 23 167 230 246 60 59 242 170 126 24 143 253 13 172
    214 250 139 39 0 182 250 94 191 129 134 154 55 83 137 95 185 21 237
    46 153 20 213 113 133 68 114 80 160 183 19 120 223 169 42 207 231
    180 173 225 59 6 124 19 157 55 158 68 59 220 55 184 169 174 104 105
    247 231 220 255 100 23 86 48 249 240 33 200 70 19 170 165 244 65 101
    142 38 183 39 244 98 51 208 81 124 213 225 55 131 62 59 125 32 183
    234 77 214 237 76 90 171 184 51 106 243 57 21 152 52 163 6 56 59 180
    165 222 183 40 5 128 169 3 227 35 216 49 4 76 188 72 101 62 18 110
    16 235 58 212 36 76 225 214 186 133 232 239 154 157 241 51 154 94
    237 88 64 45 32 239 246 124 189 65 224 100 38 209 223 104 98 23 204
    80 24 154 212 43 19 5 39 104 76 91 170 250 199 139 169 40 30 132 185
    72 10 20 39 80 43 96 66 35 184 22 23 172 83 19 41 160 130 212 97 244
    222 5 78 56 41 93 238 205 69 5 7 21 70 203 252 116 180 4 26 63 108
    167 147 128 151 34 72 48 43 159 9 16 159 174 84 91 250 153 132 97 26
    88 208 131 138 25 44 245 1 214 97 26 124 44 147 109 114 0 13 94 40
    207 253 169 148 113 18 225 176 163 232 228 132 13 245 138 138 159 66
    67 141 102 2 222 122 186 172 175 151 194 43 148 5 211 121 139 204 65
    71 229 85 3 175 219 76 205 96 75 66 89 232 91 114 115 238 161 168
    112 35 188 186 118 82 36 233 123 89 109 119 211 249 57 3 11 220 156
    226 246 207 14 85 12 83 74 102 124 75 116 31 41 59 113 74 132 157
    228 23 34 83 132 67 109 200 218 75 122 227 89 190 29 203 15 167 67
    92 227 110 231 45 13 128 65 214 164 152 202 250 118 227 17 101 93
    225 229 26 126 31 7 227 56 80 140 137 71 231 111 124 59 122 207 42
    93 77 73 57 229 104 42 225 23 218 32 18 16 64 161 55 0 1 151 221 67
    6 59 130 121 78 24 51 180 72 92 107 205 165 144 87 175 188 83 41 238
    218 55 75 174 241 125 34 187 118 36 96 197 128 206 92 226 87 147 97
    76 220 90 181 29 229 16 110 17 23 67 255 91 24 117 122 42 87 235 46
    110 103 252 113 206 46 109 65 117 59 152 74 24 138 45 2 220 158 108
    54 108 240 237 91 230 219 159 154 3 205 7 35 78 81 68 84 32 146 70
    106 109 33 219 184 76 35 94 47 203 210 73 68 158 169 74 237 246 38
    157 52 26 189 217 160 202 181 13 105 229 250 134 112 18 167 134 148
    130 28 107 218 134 155 58 120 182 189 54 70 182 86 225 93 135 47 54
    186 12 155 193 15 227 75 12 249 207 52 248 31 250 176 144 180 96 245
    157 222 168 150 200 217 68 255 80 191 57 131 205 80 119 1 83 222 155
    44 115 187 233 36 124 214 45 137 60 230 11 34 122 145 74 60 232 209
    53 79 171 21 214 138 234 185 162 128 135 134 120 235 48 244 177 46
    245 41 137 32 253 86 40 41 223 43 7 213 212 56 9 20 246 229 21 132
    175 2 193 155 25 179 186 106 85 53 190 64 15 63 120 245 27 143 142
    98 179 76 151 72 215 185 49 0 5 243 28 135 138 165 135 31 54 85 76
    160 14 109 204 46 229 79 12 228 1 78 29 90 177 211 178 225 142 107
    203 224 242 60 89 85 173 176 152 33 200 98 160 193 138 112 67 198
    118 20 225 240 238 218 0 141 179 71 218 48 216 195 9 232 131 188 165
    120 3 240 159 251 51 247 203 27 54 159 30 40 137 147 2 2 165 87 198
    64 200 57 50 167 150 200 86 43 225 229 1 144 59 203 94 16 46 64 118
    3 87 46 162 72 3 222 5 65 5 238 65 160 222 3 232 107 122 141 152 143
    91 48 85 4 181 107 171 182 142 205 23 75 190 60 129 250 118 128 29
    15 44 224 201 223 70 24 16 169 40 255 64 118 114 227 255 239 97 55
    174 48 243 253 210 199 217 183 116 124 184 249 212 55 42 204 219 183
    145 92 4 83 171 36 241 223 139 87 47 255 238 58 18 83 123 99 135 83
    133 174 149 146 51 23 17 184 154 237 85 120 232 247 161 73 241 112
    251 185 235 191 53 11 108 2 128 208 180 180 98 233 138 77 56 236 7
    206 118 167 162 201 26 221 241 20 72 48 225 182 161 56 127 240 58
    232 212 48 122 75 156 125 6 121 171 75 105 143 200 86 209 14 131 63
    6 47 112 155 105 216 161 20 102 57 149 245 113 149 34 81 192 231 24
    184 44 229 133 41 148 173 52 31 207 1 223 214 70 225 156 186 126 28
    214 5 246 5 90 207 41 59 5 183 191 183 62 60 222 108 253 140 107 199
    13 152 142 149 181 136 243 192 82 129 243 68 56 118 207 218 17 62
    119 97 229 39 7 126 32 196 147 184 106 44 180 24 233 147 73 245 6
    139 94 63 134 195 202 253 178 188 245 126 115 121 123 211 226 181 52
    201 175 123 23 190 217 99 237 60 158 162 159 177 228 130 22 252 113
    233 217 79 72 11 13 67 123 40 6 126 226 98 47 173 80 110 234 214 148
    8 114 91 124 227 153 248 152 243 44 173 92 238 111 73 163 80 31 152
    60 205 187 20 5 57 252 164 65 58 61 240 172 154 231 253 41 91 39 21
    171 166 24 41 221 0 3 228 14 142 176 135 85 84 98 246 225 204 243 66
    1 71 12 56 107 235 27 162 171 88 208 238 83 199 181 253 205 217 48
    146 254 179 156 193 127 199 255 18 204 166 36 132 135 229 143 20 0
    102 191 55 185 121 220 95 181 132 69 100 85 128 137 42 200 14 39 36
    110 168 181 16 55 232 91 13 124 117 33 142 150 226 53 148 228 118
    120 61 3 183 131 174 184 58 68 238 104 66 226 13 235 231 41 9 145
    144 158 88 49 150 171 220 68 94 199 189 192 215 246 107 78 206 91
    125 146 21 66 36 167 71 106 49 182 96 30 149 203 90 75 223 200 102
    157 109 179 165 165 10 181 81 229 18 122 75 108 233 169 245 195 212
    172 168 153 38 62 159 225 222 146 156 21 91 184 85 116 186 108 254
    76 246 5 146 200 86 231 53 96 170 106 58 155 60 243 169 244 26 187
    254 217 32 149 245 46 136 242 135 84 98 154 27 125 240 142 222 207
    32 29 90 86 233 149 59 45 231 163 96 191 105 168 222 34 180 48 63 91
    119 216 105 126 174 72 157 196 115 247 167 110 172 48 55 156 76 246
    69 203 107 79 58 66 163 150 112 27 71 206 252 214 6 97 186 207 115
    63 193 177 183 240 210 123 241 100 188 154 108 38 199 173 59 22 68
    120 196 163 74 80 122 238 26 162 216 174 40 237 205 150 142 227 38
    77 80 162 179 47 253 13 74 17 201 55 210 7 81 238 3 29 247 55 213
    204 181 178 228 158 0 64 55 191 224 100 253 47 83 111 117 106 228
    205 153 142 214 86 249 254 213 116 68 155 114 157 134 153 141 255
    195 211 142 238 14 34 70 138 34 45 176 94 19 23 202 101 116 93 80
    146 255 124 136 141 224 147 78 168 47 171 160 227 138 168 64 82 212
    245 101 62 74 151 251 12 69 192 13 245 49 35 118 25 93 82 234 188
    166 238 148 116 6 75 39 104 46 101 19 251 112 152 52 42 77 57 10 244
    244 106 111 87 248 221 104 31 140 41 193 252 117 33 134 138 35 67 18
    209 97 101 158 46 53 238 0 201 76 202 103 90 185 246 231 214 184 28
    171 96 109 52 120 20 151 230 136 37 48 235 135 131 120 170 120 56
    220 77 183 145 71 255 43 20 175 21 55 245 196 35 42 211 21 70 128 38
    137 247 12 128 181 114 72 204 153 190 231 13 246 96 130 15 170 221
    156 64 168 139 185 123 230 98 65 243 205 48 97 104 4 194 1 48 188 31
    77 146 77 136 26 168 84 10 145 132 227 54 88 210 218 66 22 63 198
    116 88 130 98 81 132 22 38 11 40 130 153 227 15 54 252 19 129 250 39
    3 54 243 143 70 216 228 6 154 197 100 89 132 172 239 77 247 138 63
    102 232 109 149 87 225 226 149 100 235 81 229 6 197 47 2 38 40 233
    185 244 20 27 33 186 20 125 0 10 44 199 205 112 225 190 150 169 4
    191 118 74 199 8 242 90 218 197 7 96 196 5 168 250 99 84 38 109 198
    106 143 181 37 230 118 14 107 48 208 182 253 8 55 71 191 35 42 16 68
    53 136 6 233 51 84 249 191 179 9 210 237 48 172 42 9 248 165 175 162
    139 255 246 104 96 45 112 199 179 42 87 188 182 241 93 188 202 230
    145 50 11 200 82 152 122 238 86 10 220 103 90 121 3 233 220 108 237
    227 39 100 120 132 151 111 14 6 205 46 86 16 2 151 201 25 242 52 155
    32 84 84 25 220 97 53 228 164 221 161 220 161 76 177 127 50 177 33
    55 57 162 248 181 129 171 239 155 199 129 228 163 58 209 76 20 161
    140 29 204 188 50 216 13 209 217 67 136 224 51 190 175 44 31 193 179
    197 1 217 170 246 216 243 141 211 34 164 50 90 85 117 247 60 175 216
    108 163 252 245 59 144 196 248 245 25 131 80 233 198 175 132 169 208
    51 34 227 164 249 241 253 227 139 155 170 128 138 74 28 205 214 105
    169 120 226 21 28 93 187 63 47 71 112 17 205 62 72 100 88 209 119
    248 217 6 138 48 228 199 98 30 74 182 86 163 153 244 142 147 25 43
    56 20 51 96 26 229 99 230 99 78 47 144 134 42 240 254 152 2 159 168
    221 170 214 238 131 238 92 32 223 18 182 181 41 4 172 78 253 100 160
    6 175 231 222 135 180 191 203 20 229 173 37 172 216 225 61 3 197 122
    216 137 247 186 142 43 47 171 85 182 239 234 89 19 203 189 254 144
    35 209 17 157 3 99 202 242 222 45 63 158 83 210 70 226 114 179 251
    253 44 187 180 182 194 12 144 173 16 216 121 65 149 38 143 1 115 96
    172 129 179 77 216 223 3 91 75 105 56 175 241 103 163 146 22 75 205
    161 127 12 171 14 210 138 171 112 20 248 73 101 17 129 1 106 97 90
    96 86 52 191 97 63 183 78 81 8 244 58 29 169 3 125 13 211 216 59 154
    197 131 49 252 35 127 239 218 197 233 176 81 128 137 25 207 155 123
    227 28 170 201 168 117 139 37 110 75 217 221 31 226 34 247 149 65
    145 169 18 43 91 55 150 88 20 25 112 126 165 43 231 43 62 106 31 45
    148 241 36 73 228 70 11 36 83 215 228 93 163 91 150 178 154 141 121
    239 225 246 149 18 135 180 236 89 137 35 78 84 71 241 181 80 11 116
    163 253 42 7 60 163 104 171 104 0 238 123 66 11 68 97 125 54 110 74
    42 120 117 102 88 34 146 248 100 138 0 80 78 49 49 53 51 108 195 25
    113 198 155 208 74 37 158 202 43 162 25 186 28 86 199 131 128 26 113
    65 117 69 244 80 101 187 167 79 170 15 97 62 70 145 237 208 237 55
    45 213 72 182 81 246 151 141 31 163 227 18 2 162 232 122 164 196 150
    31 110 18 6 218 39 35 17 21 56 82 72 181 156 175 212 156 172 34 103
    103 219 189 216 172 135 159 13 215 103 52 15 93 30 83 191 1 175 158
    61 237 29 167 136 175 205 45 40 210 112 233 242 70 240 99 30 116 191
    154 178 166 173 25 109 34 29 52 106 20 45 119 210 234 70 255 45 144
    211 18 116 241 163 151 141 231 148 48 109 240 27 162 3 211 0 21 159
    155 146 150 245 144 103 252 168 183 104 127 32 248 55 96 59 15 145
    242 172 116 97 215 3 169 121 91 116 128 181 239 151 98 4 227 189 109
    232 3 205 213 43 255 7 195 161 36 230 248 231 186 230 113 112 54 128
    101 73 41 19 224 104 46 27 109 118 19 228 202 119 189 70 164 31 155
    16 115 184 64 145 190 16 67 144 58 203 180 77 205 14 210 178 112 61
    187 191 150 123 10 50 162 178 10 118 254 43 228 213 69 137 230 237
    54 12 124 225 220 152 141 255 47 13 113 86 162 35 229 214 93 246 107
    10 174 198 195 177 16 56 104 38 12 13 18 198 73 159 242 178 143 251
    28 124 213 121 34 44 43 240 59 218 67 86 153 161 117 97 118 146 100
    156 207 112 29 186 57 156 95 138 194 191 167 191 251 101 162 2 0 3
    103 226 199 23 189 109 158 188 25 231 50 211 62 224 106 189 136 87
    244 198 33 115 139 69 48 58 5 179 161 37 245 24 52 31 89 175 120 254
    139 118 175 25 114 78 171 166 105 125 253 152 187 185 220 55 94 5
    211 251 135 56 159 9 212 49 128 152 243 142 199 52 79 129 194 101 25
    254 57 191 122 55 92 8 45 224 131 141 110 144 6 82 171 249 104 98
    242 140 70 217 57 39 63 68 48 184 91 200 209 213 205 97 174 163 115
    68 109 77 122 155 195 38 236 70 223 230 248 32 209 150 168 168 212 0
    81 126 31 25 53 122 209 183 232 255 216 179 29 41 201 93 6 146 75 89
    218 30 216 208 30 212 156 218 10 247 14 62 13 147 146 133 133 162
    248 234 101 217 209 172 122 152 250 34 223 55 93 164 160 216 11 98
    231 86 255 87 186 122 129 184 85 223 159 0 117 182 114 218 130 103
    112 36 147 136 62 33 199 24 197 162 84 188 125 149 194 20 65 205 204
    167 70 204 128 80 228 255 248 171 163 223 219 41 18 146 243 65 168 8
    6 80 134 152 225 150 16 112 95 201 69 120 80 108 166 178 232 141 180
    242 15 184 67 167 99 255 222 119 141 71 9 79 43 8 249 84 219 129 28
    151 160 13 160 92 134 112 110 112 168 51 160 244 62 208 154 101 135
    224 13 19 107 28 31 136 122 166 3 18 157 134 139 201 70 248 156 30
    115 214 207 146 123 126 9 104 127 51 235 146 19 21 62 203 89 102 184
    24 205 225 197 115 26 219 120 77 63 250 29 79 110 102 147 151 181 43
    41 254 54 7 10 134 233 250 238 41 106 207 175 7 63 253 211 45 162
    121 44 39 143 28 21 198 132 51 12 156 166 142 247 29 196 57 2 106 93
    75 184 52 39 80 7 95 72 205 0 63 6 122 73 102 172 118 161 125 149
    168 183 144 31 187 220 251 181 12 243 211 26 176 47 178 35 222 228
    186 163 135 63 14 49 83 72 30 118 69 223 37 183 232 252 87 9 136 162
    239 18 150 126 190 49 156 201 171 37 217 15 78 213 162 72 28 200 105
    236 231 95 216 201 95 23 164 214 244 61 143 99 152 227 189 183 185
    22 98 63 134 225 82 234 232 88 228 193 150 128 159 101 50 64 228 87
    23 134 151 82 67 3 170 111 194 70 123 33 199 34 52 193 156 7 237 44
    92 248 241 37 174 6 180 120 159 90 59 175 174 80 138 150 252 83 89
    115 72 0 247 105 200 243 84 234 221 98 145 38 92 165 136 10 18 110
    83 56 153 62 120 7 238 97 45 161 107 51 117 137 146 66 23 157 137
    162 224 120 87 194 173 231 230 199 145 207 164 114 67 94 61 133 156
    163 130 121 15 41 248 40 62 12 24 170 30 1 169 44 193 14 92 21 126
    254 26 52 34 35 49 63 171 146 102 64 65 27 22 44 200 131 217 48 182
    210 109 95 51 109 239 140 16 2 172 188 219 27 31 110 224 32 215 14
    255 79 7 72 126 209 93 106 21 212 136 83 1 161 172 29 124 233 65 211
    199 167 40 112 233 171 77 249 8 250 157 57 106 213 149 145 135 162
    87 14 55 193 172 199 182 67 233 125 12 211 182 219 46 9 207 82 62
    169 4 244 77 168 48 92 131 73 144 90 205 126 179 174 196 110 68 201
    95 122 229 112 94 57 25 16 95 218 199 253 184 176 62 8 25 129 42 68
    203 123 187 30 211 100 65 21 50 197 69 116 241 166 230 145 153 25
    161 227 232 188 83 67 146 134 39 29 93 130 205 59 1 145 153 24 10
    242 79 58 44 46 10 138 109 180 160 137 229 61 188 10 135 188 26 208
    182 150 149 175 213 178 183 229 16 191 4 8 243 124 197 137 219 111
    156 240 127 125 220 25 232 35 185 26 232 31 74 83 191 239 61 159 213
    168 231 132 108 101 45 70 52 14 116 98 155 4 224 220 118 237 37 236
    166 157 137 122 56 145 48 130 47 252 169 81 214 79 250 2 23 197 129
    47 254 209 213 213 42 232 34 246 106 101 215 190 221 182 102 84 184
    134 45 214 68 210 0 178 58 165 197 179 7 193 128 250 134 58 186 138
    212 220 204 153 122 94 25 122 156 105 177 153 25 67 144 48 104 54
    198 255 90 31 120 247 243 96 254 253 42 103 52 127 109 151 148 69 79
    84 138 133 68 5 236 64 9 147 124 124 167 241 229 47 200 134 63 132 8
    58 69 213 173 165 91 162 133 62 9 245 15 220 181 253 57 6 131 218 81
    72 148 234 249 46 150 153 7 220 200 190 40 210 151 163 244 127 13 75
    198 240 177 162 12 163 145 132 115 172 118 221 146 30 46 228 165 116
    79 140 176 138 22 159 182 49 227 23 143 141 40 241 229 214 174 143
    91 243 36 222 89 166 71 142 67 183 114 67 114 181 207 138 80 1 190
    23 184 147 57 193 103 223 173 129 12 46 232 203 217 252 148 51 28 53
    188 216 169 1 205 163 55 105 105 160 148 137 46 211 181 113 255 21
    129 207 71 197 145 230 32 152 173 126 112 159 18 100 122 19 202 83
    133 194 125 199 53 138 30 117 163 30 34 127 21 209 221 12 21 210 248
    143 239 101 155 240 200 25 235 167 227 119 177 123 170 204 253 129
    79 73 216 191 26 120 75 51 123 198 211 168 146 33 10 176 105 187 5
    34 57 84 63 13 91 79 16 21 219 235 144 221 151 235 48 250 195 217 8
    202 173 65 41 194 14 17 128 15 113 31 83 160 115 212 62 172 110 254
    97 82 53 254 81 241 137 193 112 89 39 185 249 91 93 177 175 217 9
    150 135 137 160 113 160 69 44 183 242 63 55 215 169 83 17 164 104
    111 81 59 217 250 244 152 100 75 128 227 96 208 25 130 95 225 211 52
    67 195 248 252 134 224 241 61 123 55 144 251 205 99 109 164 145 44
    67 213 225 127 253 93 0 227 135 243 161 183 60 72 218 95 41 98 76
    193 97 226 251 83 118 54 179 25 101 145 138 87 192 182 106 186 81 77
    251 218 149 225 107 240 72 26 120 204 232 232 182 143 47 203 149 48
    20 228 90 231 70 201 201 223 142 68 75 255 196 123 104 92 92 194 189
    80 245 68 211 215 202 66 130 192 46 213 234 213 8 249 156 236 97 72
    216 202 53 254 193 61 228 44 161 26 206 37 167 134 128 223 170 221
    217 126 46 64 205 74 58 195 42 34 228 105 250 98 198 49 249 196 59
    156 176 127 13 25 216 162 184 182 38 44 163 245 93 135 252 16 151 37
    76 168 192 180 36 158 195 191 200 125 239 157 87 62 44 55 74 49 102
    124 132 16 196 103 46 126 41 73 49 89 92 233 170 190 26 134 13 111
    232 18 174 122 68 14 229 238 69 221 41 195 78 96 216 3 54 206 36 212
    36 129 51 152 77 38 136 82 172 218 171 120 66 99 163 236 100 195 6
    64 210 45 232 248 236 103 142 119 10 225 50 226 93 55 105 8 172 108
    193 151 128 197 16 33 150 43 177 244 27 37 193 60 139 28 210 71 106
    5 94 248 72 136 127 90 72 191 63 21 60 69 240 165 142 236 135 164
    241 0 166 101 174 166 180 125 227 200 231 188 109 195 128 213 253 25
    157 137 125 117 124 109 246 49 129 239 105 195 19 87 244 178 110 194
    99 14 4 38 177 58 161 60 143 21 107 198 147 88 129 58 190 44 228 66
    178 3 181 37 84 150 43 19 255 12 19 30 188 23 29 216 65 136 190 197
    76 39 179 185 91 119 167 148 142 99 43 205 229 215 74 107 113 211
    185 226 125 7 225 160 41 202 78 26 122 149 90 147 45 220 224 219 220
    61 229 225 74 197 60 168 160 85 239 42 107 191 250 240 163 87 201 78
    189 9 141 83 80 7 48 152 151 138 105 34 174 4 117 31 88 60 146 83
    240 137 53 9 39 143 137 211 227 209 66 129 60 159 197 63 32 41 105
    183 208 55 186 49 205 231 11 58 133 56 2 58 58 145 120 25 2 158 101
    196 74 13 68 227 242 52 117 229 255 217 253 157 222 124 123 227 115
    196 243 7 219 25 99 49 239 209 121 205 224 219 166 132 152 26 237
    152 83 79 150 246 132 193 68 68 100 70 32 176 181 238 74 209 87 50
    147 232 14 6 149 120 132 213 35 70 89 156 98 121 70 155 59 214 108
    184 79 231 48 194 193 175 164 166 200 245 52 39 19 191 238 224 11
    211 233 176 78 122 147 199 123 67 207 40 203 124 254 67 25 69 187
    151 205 188 31 212 187 163 214 48 21 251 107 42 39 244 215 187 190
    186 150 224 194 124 4 203 119 134 243 39 40 227 170 224 54 38 27 170
    35 141 253 181 224 119 13 114 72 255 124 218 97 26 236 224 97 187 42
    97 119 63 29 65 72 244 49 31 175 215 71 166 216 55 136 1 100 123 81
    92 31 213 254 92 131 27 134 2 69 161 75 253 83 134 191 174 19 84 122
    80 156 112 108 53 200 40 55 42 66 55 243 247 253 145 12 112 49 141
    166 50 201 98 210 6 55 122 0 217 66 139 110 11 11 40 216 57 247 188
    184 103 3 160 43 127 196 14 231 131 154 31 74 127 54 73 236 25 54 17
    68 51 54 224 189 248 93 70 32 212 203 62 145 30 27 191 157 70 117 46
    90 16 216 92 194 142 246 145 130 230 156 120 133 69 206 154 198 2
    162 57 188 213 62 252 50 69 67 24 15 94 76 98 144 166 147 36 145 131
    240 99 130 78 109 230 98 21 137 232 237 173 48 43 172 210 250 201
    230 152 122 133 240 233 97 212 78 196 202 188 239 69 251 118 114 85
    192 70 18 78 253 14 47 218 31 118 154 204 184 54 235 166 201 150 9
    249 82 208 3 229 251 204 98 17 40 121 250 90 46 56 87 12 1 40 173
    241 179 127 114 67 219 203 67 169 137 70 200 104 1 83 244 66 50 151
    127 228 100 130 175 42 45 242 119 94 200 116 206 109 124 126 13 250
    67 22 112 167 53 196 244 55 0 52 217 26 246 0 219 13 211 59 128 226
    109 134 129 158 101 182 130 208 94 232 51 6 52 175 55 90 80 198 189
    146 117 247 70 196 40 23 143 232 175 184 184 156 116 23 56 107 137
    135 200 158 91 41 239 58 162 98 180 185 12 200 52 114 65 47 117 110
    130 100 152 169 109 18 237 165 189 126 171 238 196 201 31 142 249
    232 241 70 255 96 164 105 162 81 123 221 157 60 178 196 63 99 208
    117 36 156 195 99 106 17 33 74 35 223 218 8 14 164 86 22 0 12 220 88
    228 238 229 154 15 173 164 248 133 169 65 26 145 38 247 235 52 177
    182 218 128 226 71 18 62 124 253 20 156 254 238 141 244 8 139 212
    232 96 147 47 46 210 110 65 90 141 16 225 182 226 232 105 48 0 207
    39 202 102 172 141 106 133 204 86 244 75 13 138 176 242 27 238 34
    155 32 219 109 61 136 47 88 101 100 21 221 189 220 7 203 111 45 146
    57 169 150 122 66 221 26 120 4 121 187 238 147 9 147 239 120 242 31
    227 213 163 221 13 242 244 173 198 19 77 133 205 180 18 90 180 3 93
    88 162 45 181 12 254 106 71 16 162 17 255 177 217 141 111 238 48 161
    56 65 253 246 146 132 52 127 195 34 194 70 47 36 94 200 169 45 218
    239 86 243 17 117 20 131 142 158 57 59 180 97 159 172 185 232 188 5
    226 198 76 108 253 151 23 211 87 248 250 70 28 120 243 5 230 56 174
    86 143 128 46 153 29 144 199 118 97 210 52 244 118 119 121 40 228
    239 202 48 48 60 14 115 22 151 245 126 46 176 1 221 183 5 162 175
    189 89 227 10 190 10 105 48 133 214 146 66 46 143 94 52 129 29 241
    169 70 156 91 79 102 213 8 113 159 45 237 117 216 208 165 3 160 167
    192 91 201 245 66 90 37 175 26 249 242 93 104 86 16 201 133 60 192
    138 181 104 158 66 176 171 197 127 17 185 7 112 16 239 244 219 38
    191 151 17 115 231 126 14 210 223 210 18 66 123 135 219 148 72 116
    79 117 172 233 35 61 78 169 218 217 232 180 127 135 43 142 76 198
    200 114 242 129 24 23 95 149 18 59 144 8 68 95 193 166 176 220 110
    165 67 77 177 198 177 73 183 223 67 73 228 249 169 185 173 211 110
    162 127 206 205 151 35 195 169 251 201 30 234 251 7 180 142 160 44
    235 51 127 91 51 127 39 94 253 146 2 2 65 40 130 178 88 179 152 48
    134 83 20 3 91 11 50 136 169 22 186 162 155 113 177 33 194 86 146 28
    214 80 186 241 77 174 232 206 175 238 217 119 0 164 134 3 58 52 231
    4 164 198 235 167 203 95 36 132 89 59 66 24 90 177 148 226 177 230
    16 71 249 155 38 105 221 90 4 233 233 115 169 163 88 140 190 12 191
    49 20 152 62 142 99 18 107 192 160 220 151 228 218 220 55 174 14 166
    232 207 165 39 177 45 0 55 120 174 174 20 70 3 41 193 189 138 38 26
    96 17 251 228 193 157 130 105 190 183 166 74 54 80 164 17 5 2 30 145
    41 143 74 174 21 115 22 36 73 0 144 106 211 236 177 198 46 188 203
    168 224 179 186 1 126 208 169 44 203 42 242 202 249 189 70 239 74
    144 78 113 232 7 28 233 3 49 31 18 220 242 245 158 195 68 61 72 233
    183 30 242 189 135 182 150 198 25 236 227 117 184 16 239 209 155 204
    103 118 77 130 230 17 147 189 41 243 159 253 121 196 52 10 198 55
    195 85 1 101 209 107 74 175 166 86 251 2 16 20 41 29 147 49 49 121
    145 204 139 121 174 186 198 20 102 27 164 160 198 45 65 95 207 28
    192 156 82 231 244 101 8 171 52 166 30 69 9 22 31 122 165 37 250 49
    176 161 91 66 61 21 226 129 61 158 103 19 216 242 51 91 189 51 234
    188 180 4 28 31 224 115 103 76 61 255 36 160 167 178 64 194 216 13 2
    246 148 216 245 203 223 152 86 165 238 223 41 95 171 157 34 53 188
    106 176 71 41 144 245 157 38 36 243 153 174 27 1 89 54 8 219 220 161
    80 84 0 151 72 67 68 227 253 45 213 39 201 9 194 68 71 126 116 0 155
    99 136 47 59 204 110 69 192 176 235 39 122 174 35 119 112 52 154 186
    69 109 101 199 162 138 38 116 73 177 87 64 147 64 149 54 246 64 95
    100 3 198 79 67 82 6 195 126 179 231 131 158 38 151 186 27 187 161
    206 217 96 66 134 122 138 210 191 221 34 254 175 206 72 207 141 115
    71 156 216 229 46 141 108 108 107 14 11 100 156 242 122 204 124 73 7
    190 60 143 129 57 216 232 125 113 84 96 226 228 189 82 210 254 245
    75 173 156 17 143 138 35 131 214 218 61 144 17 53 224 55 176 72 86
    246 19 240 249 150 177 78 40 249 103 8 248 185 145 230 229 249 202
    104 42 149 130 205 56 166 189 81 85 137 193 119 164 50 218 248 103
    138 152 228 13 60 37 180 144 191 140 172 168 216 180 126 136 129 132
    155 185 56 155 108 124 161 85 9 3 134 160 193 61 169 226 143 158 166
    19 192 145 208 156 182 56 209 185 76 122 245 7 73 220 198 170 209
    156 163 136 146 225 18 81 191 154 102 239 254 69 121 115 179 162 118
    154 81 167 148 203 187 8 59 171 188 18 30 152 147 5 187 244 36 221
    37 61 131 85 45 65 83 210 95 66 116 94 181 15 139 207 133 159 164
    115 237 196 27 17 12 117 180 230 177 89 219 74 247 228 135 42 123
    126 58 32 131 175 181 82 130 41 118 182 208 97 221 73 1 232 152 194
    218 51 145 19 47 164 19 154 95 25 205 159 52 232 156 106 232 111 175
    247 222 125 155 54 20 13 145 61 28 102 153 76 71 148 18 205 19 210
    209 193 75 84 249 151 15 141 190 125 102 122 14 108 45 245 239 58
    179 194 11 112 92 225 244 119 115 132 2 101 123 147 241 95 208 198
    176 0 145 252 3 46 9 93 46 247 206 94 160 95 54 124 81 149 106 197
    60 150 74 157 153 52 55 213 185 108 173 111 65 16 27 54 192 109 162
    248 214 38 129 189 215 48 213 40 31 23 228 14 202 135 19 170 46 18
    109 91 242 135 137 110 71 50 40 190 20 6 173 139 242 254 109 245 245
    190 227 212 145 136 8 168 16 192 69 191 8 144 225 216 137 166 245
    158 76 179 6 187 64 186 114 63 51 211 158 99 52 211 244 238 65 227
    163 189 214 90 0 150 54 7 180 97 58 166 145 23 91 132 253 181 140 75
    86 247 123 191 132 240 234 226 89 242 91 130 21 171 66 94 168 39 88
    103 44 113 135 254 207 108 25 48 134 136 213 251 130 177 193 1 80
    108 105 140 111 62 101 106 135 66 147 188 213 58 224 222 246 4 203
    244 2 188 131 115 141 103 185 150 192 202 0 26 193 25 217 201 53 217
    38 63 137 70 75 13 196 1 44 242 167 20 135 214 192 251 50 102 191 15
    161 121 110 44 125 84 62 107 22 170 244 88 137 22 190 170 191 231 29
    200 32 87 93 23 137 76 69 53 196 45 173 133 118 232 90 136 71 148 29
    130 24 51 108 58 82 82 119 225 11 41 84 222 196 70 129 215 36 36 63
    139 38 238 71 113 232 164 73 48 76 228 151 32 135 155 191 0 109 127
    117 78 94 239 106 117 98 244 245 52 117 28 24 181 85 189 24 242 225
    118 182 165 244 144 60 45 182 208 41 221 240 104 0 168 106 46 32 226
    229 204 52 6 80 186 238 200 3 231 20 139 23 52 189 8 165 157 16 35
    218 107 177 119 227 75 74 38 81 67 46 67 199 104 231 177 92 128 173
    66 223 209 146 22 142 6 111 151 185 253 180 28 124 129 144 88 73 116
    18 113 29 177 137 57 18 2 168 154 109 173 150 45 113 250 191 232 35
    189 93 155 69 136 30 167 25 73 136 77 40 123 205 146 233 128 174 140
    197 140 93 250 242 144 254 249 180 221 85 68 208 199 207 193 120 88
    215 218 94 35 25 149 9 137 1 36 124 26 218 1 232 99 49 50 28 94 116
    103 115 199 128 132 82 156 200 219 95 97 245 146 139 77 191 117 0
    226 44 224 192 78 85 45 54 80 108 253 238 225 127 2 179 138 175 172
    77 37 248 45 97 12 134 47 199 196 120 226 35 69 223 239 84 78 175
    125 1 59 107 67 176 163 33 17 130 7 78 183 142 101 142 47 240 219
    136 44 51 32 148 120 247 150 249 125 241 196 215 84 210 223 14 43
    234 252 22 70 73 113 11 184 162 71 48 122 23 26 237 180 114 240 127
    236 18 248 123 2 158 38 139 107 246 81 169 150 222 195 34 65 7 214
    213 210 198 223 1 161 67 171 201 177 38 72 186 152 206 230 238 62
    223 244 98 201 113 210 119 170 229 165 40 4 64 83 103 50 211 104 3
    110 209 68 121 2 29 14 119 208 153 219 164 194 152 178 42 104 140
    168 227 132 74 225 137 186 155 221 149 61 103 91 150 194 105 213 73
    65 238 199 242 19 120 138 174 173 213 242 61 175 155 242 42 144 87
    210 147 195 196 41 84 101 119 14 84 102 6 53 108 186 133 40 112 96
    80 0 143 169 74 123 233 221 251 242 110 161 141 176 66 1 168 224 31
    126 127 169 176 75 60 216 1 127 77 136 219 76 19 86 101 132 139 105
    115 61 249 211 234 41 38 152 3 17 215 129 250 119 66 233 103 220 108
    5 218 150 7 55 236 255 138 106 131 61 215 186 119 25 192 251 125 202
    209 96 57 174 99 202 121 14 47 234 85 9 121 228 133 206 88 66 106 83
    158 119 187 181 221 93 90 105 244 188 113 241 117 94 185 176 4 231
    177 23 167 231 164 30 69 215 25 217 139 110 244 104 82 220 7 79 13
    25 119 46 116 48 45 238 21 162 27 65 6 52 228 92 62 62 165 189 234
    122 220 10 121 84 162 87 67 95 81 63 77 150 124 159 208 39 87 59 23
    45 165 236 223 199 23 185 151 167 148 138 252 206 67 32 101 220 23
    18 162 88 78 35 181 180 191 126 223 177 38 9 252 72 22 155 56 14 252
    203 95 51 132 199 110 110 55 93 201 82 106 146 137 190 6 72 92 173
    164 149 179 183 245 150 90 251 204 25 89 10 191 228 102 201 98 173
    132 5 170 55 167 228 100 208 62 1 113 107 97 93 60 14 95 60 135 65
    137 25 208 204 119 54 67 186 213 116 149 186 175 42 15 227 251 83 25
    122 187 66 107 63 34 177 106 255 231 173 136 1 177 185 30 118 157
    125 14 171 71 162 82 189 52 48 85 183 209 235 90 15 193 244 245 244
    77 20 165 241 104 126 202 203 215 232 182 10 136 221 183 129 9 24
    182 122 100 168 105 86 122 9 218 3 84 77 0 81 156 174 82 179 106 127
    177 97 4 120 47 46 17 96 252 240 122 191 250 75 43 209 141 40 71 134
    176 216 254 32 159 181 70 45 156 162 31 247 244 99 106 51 115 25 127
    15 102 67 247 158 233 10 218 73 190 109 58 54 57 71 24 16 230 218 26
    248 46 0 233 209 114 62 21 218 45 56 150 85 218 44 37 174 4 198 112
    186 32 106 214 40 246 238 21 86 252 74 104 30 10 242 144 108 118 226
    53 169 193 198 255 230 165 127 111 117 77 198 83 214 137 157 201 155
    253 91 89 90 98 82 101 104 227 13 140 208 255 84 240 6 144 63 62 243
    203 181 45 190 237 34 236 107 50 99 121 113 167 176 15 162 100 44 16
    21 153 187 143 125 28 97 61 244 198 243 153 198 103 7 219 5 231 111
    90 73 93 86 85 46 172 28 192 111 79 199 217 131 95 29 100 95 101 129
    129 51 241 183 116 36 144 152 242 125 165 190 67 235 170 116 28 160
    4 31 223 205 89 25 34 110 129 220 172 185 152 205 145 192 236 62 169
    116 197 166 194 216 111 138 180 17 168 146 25 238 243 250 57 25 249
    128 0 121 221 190 162 249 130 94 228 53 155 111 137 143 169 224 238
    148 18 208 253 190 191 96 59 210 97 208 241 188 117 58 196 240 11
    146 73 188 127 171 136 80 100 180 127 242 213 14 116 110 81 181 215
    27 212 47 150 3 202 182 136 120 146 163 55 67 14 35 62 74 180 83 156
    95 1 117 196 113 150 18 226 138 145 56 65 43 9 174 200 211 239 43 77
    151 64 253 48 230 150 221 81 213 78 30 6 181 98 121 3 68 186 99 188
    126 6 8 167 202 60 132 0 199 159 91 112 104 110 215 236 220 28 169
    232 49 140 147 156 128 220 166 6 179 209 31 165 61 181 214 202 61 97
    156 70 69 156 107 6 179 195 22 111 88 180 216 187 153 162 150 49 176
    246 146 34 166 231 137 148 1 45 89 21 218 132 44 237 81 43 119 113
    147 222 84 139 238 20 152 223 180 146 183 201 60 8 6 50 174 78 203
    51 157 151 178 194 108 106 120 69 94 36 61 213 71 160 243 63 140 191
    192 190 111 120 18 255 32 150 150 255 37 74 41 33 210 94 61 82 6 32
    231 215 2 99 163 209 129 0 135 126 68 24 129 9 82 91 219 158 40 177
    71 251 119 57 51 125 32 239 45 19 247 86 141 213 6 42 137 193 225
    194 43 145 33 108 30 65 3 83 230 111 140 255 251 5 220 244 161 159
    124 63 246 69 170 218 123 80 207 40 20 206 136 142 142 185 136 183
    254 251 66 207 84 247 140 197 17 91 207 65 98 155 17 99 138 35 182
    26 148 87 227 73 94 183 18 213 11 12 109 7 27 157 62 227 110 14 12
    240 208 6 124 3 241 209 113 47 227 105 82 4 157 238 9 47 170 241 125
    130 112 115 211 35 247 35 1 147 96 163 122 115 190 2 38 179 140 251
    72 223 201 37 78 39 226 49 167 158 223 200 141 55 143 86 242 16 145
    202 0 108 182 242 123 232 82 95 57 119 198 18 186 158 82 103 222 10
    151 78 190 229 237 155 134 59 27 253 170 55 68 120 237 247 119 108
    128 51 131 177 170 150 185 193 126 174 124 198 127 76 55 181 121 8
    121 18 141 144 130 132 166 255 156 231 233 121 88 253 0 79 138 181
    227 134 160 250 171 253 86 168 209 154 157 63 113 211 179 163 202 99
    74 174 79 193 243 112 126 82 187 112 224 13 194 162 96 140 99 62 234
    229 160 24 196 91 72 176 130 89 110 107 251 131 220 128 60 185 153
    90 82 248 92 47 136 195 178 177 19 6 255 30 231 194 77 104 169 172
    80 2 231 65 168 228 9 162 38 2 16 109 30 124 240 103 99 246 136 20
    128 157 201 179 86 107 50 212 27 72 252 49 138 164 39 56 171 145 156
    228 142 32 252 49 163 119 18 229 74 85 146 160 244 142 11 104 74 118
    125 178 121 50 192 174 63 128 227 119 67 213 113 234 57 81 170 5 138
    138 111 46 47 45 99 192 117 126 241 177 45 230 176 136 137 102 141
    169 192 51 113 198 57 60 26 232 253 49 198 0 122 173 104 243 68 38
    243 222 163 119 17 244 135 118 66 123 229 48 85 100 208 95 30 53 70
    141 184 71 148 42 148 243 205 112 57 240 243 135 132 223 215 104 128
    193 48 249 55 37 231 154 1 168 153 210 231 57 110 140 17 152 196 240
    54 17 217 218 243 158 230 243 64 167 127 16 153 22 238 23 205 204
    176 217 191 217 194 245 150 139 235 100 213 18 106 160 142 71 181
    165 244 47 65 91 146 224 211 147 129 250 138 194 236 135 102 133 92
    97 76 172 28 189 162 219 221 222 117 212 218 52 41 167 158 41 185
    118 47 9 79 46 167 78 85 157 201 175 192 114 232 49 138 146 43 191
    17 162 186 65 78 115 135 209 104 190 208 192 40 193 144 168 252 249
    43 148 205 47 222 19 84 111 76 158 244 254 249 150 110 143 233 74 55
    181 16 174 142 40 233 107 141 200 135 149 236 243 51 181 196 91 112
    99 216 147 211 122 117 198 5 161 97 96 223 43 195 189 3 101 238 20
    16 42 33 126 63 245 203 174 42 77 159 144 10 31 231 151 76 54 188 47
    175 5 91 54 57 12 28 111 41 40 143 158 84 27 245 147 194 126 146 68
    157 14 246 5 131 46 101 86 34 82 245 224 181 196 125 34 10 9 172 150
    63 153 31 117 216 80 28 28 252 76 26 163 1 218 18 184 48 196 115 183
    235 16 180 105 179 28 78 71 220 244 177 1 130 16 31 13 204 187 59
    136 174 145 226 79 33 148 29 171 20 209 6 217 194 236 249 150 195
    156 132 146 228 7 50 16 23 58 50 90 31 164 202 149 189 99 122 250 49
    98 30 82 143 94 28 138 245 194 127 122 150 10 155 9 143 133 218 182
    182 23 177 21 3 71 49 44 16 221 40 63 164 128 224 86 13 172 31 252
    252 190 55 92 218 5 138 61 238 94 186 193 189 177 60 204 40 140 122
    4 179 79 226 148 169 41 14 95 26 22 161 185 162 44 106 136 50 104 72
    3 25 10 182 185 1 5 90 94 119 234 200 102 39 191 76 13 223 162 48
    105 236 61 169 20 170 216 163 132 69 70 15 161 57 255 95 214 94 176
    168 34 123 81 207 221 149 191 124 45 150 221 184 89 193 198 239 2
    104 180 186 15 192 70 128 249 76 199 223 210 153 56 118 100 179 96
    165 150 200 102 83 108 120 222 78 25 177 182 176 229 161 65 167 213
    158 227 68 4 146 236 199 177 208 126 93 238 71 22 71 217 217 235 2
    37 157 203 107 168 166 169 122 155 107 243 145 181 221 54 240 174
    155 244 14 3 0 133 246 234 211 112 7 65 167 255 177 122 208 224 249
    145 15 9 222 159 87 94 108 108 170 2 39 63 166 172 135 78 25 94 40
    19 0 57 69 8 129 19 83 49 126 193 141 218 87 250 51 57 72 221 47 13
    65 1 162 114 201 209 152 116 72 64 185 110 194 68 225 249 70 150 128
    39 116 10 173 2 10 158 167 30 35 86 184 155 147 222 217 150 203 172
    195 234 134 170 180 151 155 43 162 117 103 58 116 197 175 87 139 66
    104 150 228 87 11 143 55 217 100 12 109 41 48 195 76 137 190 21 119
    189 132 175 245 98 211 45 175 169 5 230 115 110 88 163 65 58 134 9
    127 134 42 52 29 194 41 166 18 233 107 179 79 169 232 41 216 32 254
    124 237 148 108 166 248 154 93 53 17 91 0 77 121 6 42 58 211 116 151
    160 91 70 108 56 33 109 143 39 236 226 163 12 138 222 152 125 113
    244 63 134 53 112 161 19 141 19 237 169 136 139 142 204 85 201 198
    216 181 121 231 1 230 255 220 180 151 167 10 83 40 209 197 146 170
    133 251 196 185 240 173 25 210 97 110 121 37 229 184 9 90 66 178 147
    195 235 50 66 231 224 95 195 143 214 194 22 164 240 59 79 4 53 213
    116 174 77 166 60 211 203 166 205 226 174 19 85 228 187 112 176 21
    165 172 236 215 119 217 165 95 173 65 63 125 63 209 49 121 27 212
    210 255 232 254 109 86 101 66 11 93 101 156 200 127 8 29 102 65 160
    53 25 108 206 21 132 106 5 180 28 148 8 76 66 111 18 139 150 1 184
    42 251 92 147 14 39 136 232 193 128 196 119 215 35 116 52 211 143
    114 132 214 182 226 121 31 173 169 62 72 143 102 41 134 84 230 134
    75 186 206 28 175 208 99 21 84 58 154 110 72 193 254 197 15 48 171
    252 30 127 246 45 156 247 47 108 175 44 151 2 94 173 41 128 42 55 81
    220 109 129 31 195 235 111 192 21 206 21 216 52 62 83 169 163 42 165
    78 159 68 64 252 150 165 112 236 189 49 246 208 253 179 164 153 127
    28 239 223 76 211 154 215 13 187 157 196 183 180 197 30 61 80 78 40
    3 223 240 208 182 183 121 64 67 163 51 231 124 42 42 84 40 226 202
    12 169 253 215 174 145 249 134 140 49 91 4 60 68 16 196 120 74 3 226
    164 158 149 107 204 196 184 213 24 41 218 67 189 204 145 48 34 59 46
    4 87 186 35 183 173 190 235 31 235 78 29 160 67 62 115 201 57 97 85
    69 215 92 79 162 107 166 37 108 113 243 141 2 189 117 94 200 35 214
    53 111 48 5 212 134 152 116 241 116 77 29 172 101 159 201 103 199 73
    70 191 245 219 228 251 86 202 198 138 55 61 113 91 198 153 52 60 72
    235 235 177 4 230 77 16 250 33 131 234 18 130 152 123 157 36 25 36
    125 125 161 180 129 137 154 158 58 109 30 115 221 172 128 238 120 50
    229 37 22 22 72 176 209 201 132 167 127 48 156 178 245 31 142 250 22
    135 103 162 186 129 170 226 112 128 22 133 179 161 233 221 113 74
    196 184 104 226 116 193 247 247 226 236 150 86 36 16 148 235 135 51
    218 162 124 252 29 25 119 133 63 116 87 128 188 83 76 250 33 121 21
    131 6 105 133 38 148 174 106 64 66 213 116 65 224 38 190 102 107 136
    15 93 98 91 83 66 207 142 244 154 201 205 9 142 84 0 254 123 196 116
    79 50 107 165 187 197 80 69 107 216 12 99 109 62 190 3 101 143 114
    12 176 226 105 239 203 250 46 162 54 40 241 200 95 31 136 238 192 86
    175 120 172 145 244 197 153 242 62 62 222 149 227 113 67 25 215 163
    222 145 25 35 119 126 235 214 212 107 109 0 229 139 142 14 128 33
    112 247 59 129 243 83 20 194 243 87 97 255 231 39 209 103 251 108 24
    130 25 166 138 229 228 7 245 43 189 161 82 41 86 170 233 161 93 49
    60 19 202 88 86 226 247 168 18 216 121 207 86 96 153 121 238 109 154
    222 105 6 8 126 184 147 126 42 34 232 144 176 5 92 1 41 11 160 22 73
    198 249 62 205 158 87 167 237 10 90 85 102 101 87 18 192 196 126 154
    85 36 19 140 227 89 136 190 247 133 200 186 254 4 48 208 79 237 112
    179 72 227 129 102 235 140 177 152 251 151 170 89 22 208 70 156 195
    25 154 89 22 182 131 238 103 23 221 182 27 102 83 22 226 227 182 25
    232 158 137 213 199 119 219 131 49 212 239 22 249 126 89 212 46 68
    30 117 250 186 201 108 147 77 72 232 155 61 126 241 220 231 37 115
    197 57 119 65 48 172 35 41 130 255 70 134 148 255 119 172 185 62 40
    236 18 242 153 24 188 224 15 102 65 181 166 166 164 222 146 240 126
    225 204 125 210 97 128 156 189 168 131 191 73 205 171 155 207 54 199
    123 118 43 224 123 158 247 161 1 94 156 23 43 11 197 27 93 100 126
    199 175 165 144 145 88 252 61 175 219 14 210 183 16 182 199 227 211
    78 102 33 227 139 73 137 84 161 56 67 2 7 103 31 79 141 105 252 96
    167 169 26 69 106 191 203 232 201 104 20 241 124 216 135 178 165 223
    81 210 170 89 106 111 208 162 157 7 68 105 89 63 31 1 82 220 178 85
    178 221 116 45 143 252 52 74 179 162 2 63 104 72 8 53 180 51 5 21
    187 200 235 33 206 102 61 36 167 126 190 38 63 252 168 68 6 90 57 73
    191 138 28 68 29 249 199 38 235 117 85 129 185 207 96 236 134 120 14
    128 189 215 94 247 62 62 211 2 118 137 117 30 253 87 135 203 193 174
    28 39 211 248 143 93 186 201 179 30 241 114 137 233 245 117 230 37
    24 85 96 220 150 63 84 50 66 97 127 87 98 102 162 189 62 246 230 172
    239 223 101 115 157 186 15 51 201 68 82 136 66 76 203 250 50 244 221
    162 226 234 155 173 6 235 121 111 80 136 122 207 239 248 73 245 207
    57 43 196 87 180 216 16 239 34 216 221 227 228 26 113 185 9 142 228
    86 251 131 229 39 68 38 9 72 110 3 148 203 124 95 8 223 89 122 46 88
    83 136 79 151 82 72 195 244 96 12 129 227 143 100 205 195 89 147 183
    55 49 161 237 99 100 225 180 37 51 108 189 36 113 131 91 221 15 111
    215 253 19 154 181 237 141 235 129 204 108 131 96 177 128 101 124
    254 176 225 157 178 69 102 137 9 74 218 26 50 120 156 236 200 37 240
    222 75 252 167 133 225 179 197 197 63 222 67 236 226 137 226 242 60
    8 230 219 162 31 119 158 253 44 254 207 38 60 65 47 22 199 218 121
    119 46 198 217 126 242 40 83 245 27 144 165 188 24 96 188 241 68 34
    92 231 160 250 255 227 160 52 166 115 63 93 80 155 22 167 217 143 14
    88 36 207 160 82 105 236 162 153 79 21 193 55 164 65 53 52 35 215
    227 223 66 117 86 231 173 66 19 29 33 139 113 118 223 13 142 218 65
    26 166 93 125 228 146 38 109 93 172 253 173 167 23 76 210 61 85 240
    230 97 180 74 212 218 143 125 106 198 219 11 28 49 41 114 251 150
    253 164 174 34 196 65 76 41 227 35 71 75 82 73 145 88 153 33 53 105
    6 40 155 122 143 103 9 218 249 2 128 162 183 129 220 160 102 21 100
    96 37 186 70 40 25 103 83 241 74 47 86 108 167 3 226 204 117 10 101
    127 254 85 118 190 52 3 236 232 36 8 243 64 180 140 94 72 219 159 98
    163 32 115 190 74 151 222 69 133 54 24 115 145 127 131 98 247 2 195
    255 179 106 20 202 205 162 32 108 148 115 164 68 92 35 101 129 150
    68 212 64 16 180 52 77 99 232 126 116 36 137 14 4 213 16 110 216 82
    29 41 133 83 18 0 147 72 157 164 48 116 116 133 146 58 236 246 140
    155 56 91 223 51 67 75 159 176 5 18 30 32 163 175 165 212 166 250
    166 161 172 37 131 48 43 198 198 30 56 110 6 174 252 36 128 20 186 0
    22 213 77 171 37 120 144 139 76 209 83 97 232 19 65 224 25 203 182
    241 8 44 76 46 144 190 93 196 240 98 176 126 5 29 162 192 118 79 163
    174 36 123 242 146 35 46 77 90 47 160 247 48 118 143 192 247 171 63
    134 242 228 128 50 167 115 79 27 147 120 230 57 230 73 74 146 232
    111 58 169 135 71 131 13 137 131 29 82 46 164 214 194 64 32 211 228
    191 47 104 66 48 234 110 136 118 21 27 155 142 179 178 164 2 146 197
    224 183 95 98 173 44 143 219 128 187 214 231 116 227 78 18 182 43
    104 115 244 11 132 238 40 81 189 34 234 157 234 49 203 169 129 92
    245 199 22 99 193 18 55 149 48 249 252 21 83 152 193 19 104 143 55
    157 233 65 97 190 133 110 21 149 162 27 236 223 88 103 88 91 241 61
    55 73 160 224 255 71 45 75 60 82 48 12 82 229 90 207 121 127 59 43
    120 43 121 18 140 114 255 176 139 146 164 149 188 196 241 224 179
    222 230 99 26 213 82 63 57 197 235 131 141 171 233 82 160 75 24 234
    5 186 248 118 0 179 227 87 114 103 124 253 229 120 37 61 215 143 97
    111 101 52 164 253 99 50 138 145 41 33 53 101 187 16 31 238 168 127
    216 248 137 2 20 131 146 109 201 36 204 148 71 59 235 241 54 97 224
    89 4 118 61 111 82 199 45 95 177 148 235 84 24 44 143 215 207 63 230
    53 110 157 164 50 161 22 166 37 231 39 248 109 98 28 123 1 25 163
    138 1 88 171 19 9 39 105 46 98 221 125 224 121 231 166 9 4 90 129
    244 52 36 53 163 168 95 249 34 219 152 87 182 31 231 87 231 99 6 67
    161 230 248 201 146 14 135 31 132 41 178 63 181 79 18 153 198 121
    217 66 173 247 191 18 28 207 173 196 134 135 244 15 188 48 169 24
    252 113 49 146 59 234 240 25 116 16 71 136 196 79 215 83 206 127 164
    143 190 255 216 142 73 100 109 10 69 188 138 166 205 151 81 95 247
    215 214 219 169 153 32 118 189 235 119 150 247 32 233 206 190 60 141
    51 199 236 104 109 82 203 160 24 187 99 47 8 95 20 82 112 39 120 102
    52 233 25 252 114 253 91 5 71 130 32 140 3 253 81 232 136 59 171 123
    121 222 118 84 98 252 96 180 71 211 105 235 235 83 58 148 249 246
    216 139 185 37 0 237 250 211 187 88 9 201 168 90 66 67 153 87 241 27
    39 134 45 116 150 10 90 11 248 73 47 159 126 213 125 0 205 74 217
    226 252 56 87 229 138 89 112 178 201 37 95 2 71 58 212 148 182 126
    153 4 95 199 27 153 4 93 6 214 93 0 173 42 28 35 84 144 136 92 35 26
    222 115 151 195 32 27 180 226 111 149 17 236 164 95 161 47 212 164
    145 146 19 140 202 42 247 51 227 110 191 92 64 109 157 11 234 110 22
    146 54 53 158 104 152 221 181 58 229 154 167 205 21 84 188 8 175 177
    119 252 4 57 237 112 106 61 31 3 114 41 144 110 216 189 189 183 214
    250 50 241 12 221 213 223 83 98 175 98 156 138 91 33 176 20 68 80
    150 207 81 46 181 241 56 38 57 41 40 132 46 72 154 51 190 60 106 129
    71 22 112 88 212 73 246 141 169 89 26 171 167 153 244 49 16 122 254
    200 255 71 134 253 151 183 191 87 198 108 126 253 183 69 210 180 180
    187 6 199 69 106 126 161 48 163 3 242 105 99 170 33 183 239 159 78
    105 136 161 82 26 87 37 72 226 102 171 49 79 116 15 193 38 112 48
    220 166 217 211 121 60 36 209 228 117 3 22 82 170 164 224 199 42 211
    227 51 197 154 184 138 103 200 220 239 13 216 253 95 199 189 67 150
    174 12 24 234 114 157 96 178 56 127 184 102 128 99 41 152 99 141 52
    211 79 148 165 217 178 140 18 93 148 160 254 177 167 133 184 170 155
    139 152 95 253 107 164 226 166 129 37 120 62 169 59 198 187 171 139
    251 161 231 29 2 88 230 74 146 2 134 182 159 64 202 78 75 7 4 235
    201 186 214 124 212 30 252 125 95 30 0 219 92 92 76 149 197 134 181
    11 185 99 119 59 253 48 28 76 224 34 249 63 151 36 38 183 190 3 214
    110 28 236 42 197 68 210 90 243 58 233 202 254 117 199 96 237 4 178
    200 23 9 8 219 31 102 27 241 187 254 150 1 66 130 59 54 32 72 123 33
    16 69 44 240 201 154 215 31 145 33 165 87 254 34 254 33 252 67 245
    156 111 184 217 246 70 152 89 90 124 14 253 101 93 175 55 152 183
    183 157 94 94 215 39 194 16 251 185 105 46 170 145 18 176 200 88 230
    196 156 101 74 9 247 50 135 2 253 225 200 61 129 68 244 208 77 119
    177 175 82 207 164 60 108 59 42 58 21 195 3 21 72 14 41 217 218 63
    57 180 119 87 41 231 81 133 125 129 128 209 141 192 35 88 160 105
    183 10 175 117 219 172 113 155 138 39 77 44 245 133 0 147 0 177 19
    108 197 209 196 243 210 54 24 131 41 97 54 86 99 145 233 133 186 253
    79 145 101 68 224 190 165 51 250 104 189 88 114 34 154 238 23 229
    114 45 130 61 30 197 222 59 8 164 245 74 65 34 14 68 229 255 123 206
    239 24 39 24 162 166 55 131 115 3 231 174 96 2 231 235 155 81 44 204
    120 84 49 63 164 49 29 91 211 203 249 45 196 102 220 78 95 47 43 167
    3 161 219 55 79 173 176 71 186 234 135 132 95 1 96 246 210 70 45 159
    121 252 191 134 15 238 68 118 140 115 29 231 206 182 249 236 164 143
    66 64 162 158 78 95 185 60 153 88 31 173 106 62 6 35 169 169 88 124
    39 180 160 191 206 204 31 56 65 203 246 45 124 199 169 111 67 53 221
    104 217 28 2 20 21 78 84 80 7 44 15 96 189 252 60 138 238 113 200
    163 160 204 130 9 80 154 112 238 57 8 252 94 172 124 69 82 117 15 93
    192 70 137 47 246 7 55 181 82 51 221 207 144 229 100 106 50 105 185
    244 85 136 102 253 136 104 245 94 167 191 52 12 236 81 91 46 150 150
    41 245 160 213 185 52 54 54 252 108 49 21 60 165 169 23 73 201 215
    101 211 75 46 197 189 209 208 14 132 244 252 201 118 143 74 209 224
    76 77 100 12 174 211 133 197 40 203 236 43 250 244 50 200 215 132
    216 42 182 68 224 34 169 109 171 121 217 136 131 226 247 117 114 18
    57 163 135 39 208 222 85 116 235 83 10 60 43 38 128 22 191 253 145
    182 173 125 167 38 34 114 194 126 64 111 149 81 245 217 135 213 174
    57 0 43 252 4 51 85 106 131 162 146 124 165 223 236 223 40 113 37
    180 36 206 53 246 239 217 94 182 135 6 142 230 75 129 36 2 103 186
    116 140 23 2 18 74 138 213 95 47 129 126 28 110 209 101 184 153 83
    171 201 65 186 124 159 181 81 117 8 231 129 97 193 82 39 24 11 219
    150 218 158 226 186 135 15 56 202 59 160 164 227 96 116 2 233 142
    132 121 141 9 42 232 149 103 223 186 60 224 149 104 247 167 140 15
    57 43 167 3 147 215 89 180 42 30 152 66 92 28 213 56 4 138 130 253
    15 118 145 112 125 164 220 49 154 141 38 70 244 45 132 223 85 223 1
    204 214 252 26 216 25 246 82 47 41 239 31 136 188 72 183 107 141 47
    142 160 191 156 24 246 161 123 70 88 103 222 211 7 74 168 59 22 131
    96 54 18 110 186 62 123 56 2 71 149 232 6 237 141 112 189 199 56 78
    121 64 30 176 117 175 190 245 155 3 225 135 7 168 161 76 182 229 199
    39 81 239 189 253 71 44 122 224 132 3 109 167 246 30 200 73 158 103
    175 214 245 72 90 15 44 173 55 160 142 11 220 22 254 248 95 0 29 200
    182 141 27 25 7 144 184 148 13 62 250 128 253 17 48 61 122 230 42
    253 177 230 41 158 176 180 232 148 220 223 166 95 131 32 161 12 14
    70 220 18 149 94 99 197 48 96 106 212 81 117 147 90 180 141 11 181 3
    108 97 33 71 102 224 38 77 24 41 96 90 189 166 94 95 210 34 84 204
    235 224 233 226 170 195 22 23 224 35 111 103 214 203 186 239 122 255
    22 120 242 121 48 141 17 93 15 42 90 33 176 125 186 103 182 147 139
    186 228 127 243 81 133 146 249 107 184 86 156 241 81 13 161 229 30
    31 171 233 139 177 198 228 22 82 56 2 67 216 52 63 220 119 86 10 142
    154 41 180 240 70 93 195 9 127 216 87 156 45 63 224 108 151 174 223
    180 104 105 254 57 56 208 176 6 89 156 114 89 74 120 84 137 41 126
    196 168 12 158 185 221 85 244 250 153 227 33 56 96 229 88 122 75 208
    59 209 88 141 252 174 227 77 20 84 165 208 118 223 108 114 119 47 9
    171 48 173 245 160 73 147 61 16 92 214 105 5 183 159 107 20 243 224
    64 6 154 19 33 45 82 184 213 150 202 32 146 130 102 201 93 240 57 52
    68 135 103 116 249 163 187 241 70 208 229 4 72 214 40 12 8 15 238
    196 166 64 223 63 209 25 138 76 114 236 191 117 188 240 246 211 2
    149 126 6 35 77 155 157 98 200 206 32 191 50 133 24 42 74 165 28 17
    63 64 18 69 65 220 167 169 253 133 181 249 50 178 175 169 8 250 57
    207 211 20 121 112 230 226 168 136 120 244 2 186 237 102 181 86 199
    151 151 42 172 22 172 191 137 205 30 103 209 45 69 247 192 252 217
    139 146 93 74 230 78 235 162 191 22 107 223 212 11 248 98 27 130 22
    236 216 82 207 121 90 7 59 119 235 24 107 241 244 142 69 22 109 120
    39 61 123 193 136 247 214 128 188 142 54 144 227 109 136 120 92 163
    136 246 64 248 8 65 194 219 43 9 113 102 129 149 165 117 95 152 94
    199 206 58 21 88 17 247 152 112 239 153 30 40 227 128 186 61 11 102
    229 79 17 51 253 213 225 148 76 157 91 25 114 45 124 81 49 228 17
    236 5 86 5 19 253 19 160 182 227 127 176 31 71 19 79 144 92 10 191
    220 142 81 12 185 255 211 6 118 151 165 114 39 157 179 32 91 6 144
    160 166 137 48 208 51 218 173 50 212 208 155 26 14 28 41 65 125 11
    180 2 99 191 108 230 89 217 62 18 202 79 219 152 249 162 211 44 33
    247 203 127 152 137 32 211 250 99 208 108 191 97 15 110 178 128 236
    190 2 4 138 113 209 80 147 116 240 203 138 79 5 91 101 233 176 164
    133 219 73 121 140 43 54 202 58 108 6 166 3 52 119 142 198 133 129
    255 146 140 171 87 5 177 194 195 130 190 78 173 54 203 146 200 23 4
    171 148 123 236 107 253 94 73 26 141 93 132 71 193 196 137 178 104
    66 81 233 164 123 148 78 0 190 57 173 184 184 238 38 122 51 5 52 134
    23 227 11 130 168 99 21 90 203 147 211 142 150 77 187 196 91 94 188
    16 236 9 4 159 117 71 77 231 177 82 165 115 164 208 74 37 241 92 28
    12 96 138 133 236 115 1 25 251 232 117 50 35 196 184 39 155 234 156
    94 230 238 132 107 122 183 237 145 130 191 134 96 199 44 211 127 205
    36 36 211 206 240 11 92 71 93 8 214 154 117 33 174 61 63 60 174 233
    150 173 107 153 129 112 218 140 14 149 143 54 201 185 72 111 177 151
    15 30 216 97 190 108 219 230 148 80 67 17 112 28 20 201 174 232 21
    50 22 166 165 3 10 159 174 147 118 116 82 35 201 233 129 204 161 124
    51 157 219 158 36 119 199 178 50 169 197 234 159 113 210 92 151 138
    243 227 171 168 71 211 15 23 40 254 91 111 14 112 22 79 123 123 164
    83 122 181 35 184 57 82 181 42 15 113 120 240 98 114 136 124 6 150
    222 160 205 50 243 144 91 185 151 106 178 235 143 40 24 107 240 21
    97 238 11 151 48 41 204 58 45 33 48 117 166 9 205 43 206 54 59 162
    204 71 173 115 101 58 14 112 229 216 42 136 94 143 145 136 3 45 78
    124 169 190 161 150 137 80 46 139 34 29 189 116 151 157 252 83 211
    168 44 122 145 181 102 80 120 174 98 121 246 160 210 100 223 18 185
    198 123 252 44 100 131 236 94 90 137 72 141 186 203 37 235 213 35 10
    169 244 155 178 147 35 33 65 60 139 109 50 41 223 11 248 243 45 193
    27 144 175 166 113 107 143 193 181 62 153 144 85 79 122 107 185 58
    152 233 194 239 103 18 77 179 10 189 249 6 142 79 49 189 214 174 102
    160 193 51 192 7 61 217 143 241 209 48 40 166 119 229 32 110 29 15
    111 103 33 241 28 56 71 97 205 21 51 48 135 53 53 247 156 184 189 94
    174 75 234 143 251 126 28 198 116 162 139 181 51 221 239 49 248 149
    130 61 83 127 141 63 117 206 214 44 83 31 167 54 117 132 140 12 48
    218 128 250 160 81 100 219 61 234 198 102 6 63 29 130 222 237 167 26
    67 177 90 19 177 29 110 117 113 66 28 5 181 11 123 100 94 24 213 192
    42 98 81 97 74 66 120 217 170 36 234 94 150 133 11 202 184 141 16
    229 153 225 168 61 246 187 158 82 147 88 56 106 219 137 191 116 82
    246 176 29 14 203 143 23 53 33 97 44 72 237 134 230 13 50 201 126
    195 197 245 138 171 111 3 135 129 253 38 68 76 140 58 155 131 132 85
    29 126 253 89 82 176 188 255 146 115 0 33 227 22 162 79 181 73 12
    117 240 157 191 27 22 222 32 255 192 174 125 191 111 22 36 14 164
    248 23 73 126 152 41 62 248 0 124 97 179 161 135 124 41 206 105 226
    205 34 181 175 91 50 138 237 210 35 167 239 228 77 104 38 117 120
    179 201 142 112 225 246 146 48 32 147 21 67 96 133 183 90 138 216
    108 151 219 18 236 83 178 93 63 241 200 248 228 189 129 46 80 218
    220 137 1 171 214 49 55 39 115 137 235 25 135 5 175 122 107 4 85 183
    17 123 84 63 203 34 219 151 113 98 98 34 204 110 250 168 217 10 45
    120 208 201 55 164 54 182 242 155 224 180 122 186 84 110 23 215 216
    214 21 178 76 225 171 86 95 113 60 153 204 34 161 158 244 190 140 71
    68 50 55 49 246 82 182 200 237 7 120 67 37 73 182 91 196 38 240 44
    219 155 138 99 152 141 40 44 139 60 70 225 169 86 47 175 176 143 103
    12 65 233 205 14 6 165 69 160 153 232 94 172 252 103 186 128 55 35
    169 123 143 25 151 172 42 197 228 118 91 14 226 249 218 207 17 82
    186 73 10 97 194 98 69 105 19 224 190 141 55 98 222 76 8 29 168 253
    236 177 77 27 217 225 228 123 134 196 40 65 72 231 181 244 111 129
    115 209 211 202 46 41 23 71 76 209 213 50 17 155 238 18 181 90 196
    213 85 96 166 5 55 200 246 107 154 170 20 58 121 5 96 215 141 104
    247 84 195 245 165 34 169 185 231 61 238 245 9 146 33 117 24 224 123
    37 253 142 253 53 246 181 207 150 106 62 96 131 224 253 57 248 185
    78 247 24 121 66 87 37 131 38 26 224 110 241 92 100 189 202 97 176
    248 229 14 19 101 76 150 4 197 49 192 4 119 221 174 158 255 8 94 159
    237 167 200 111 197 196 164 124 0 239 104 71 100 209 100 168 227 47
    197 61 172 4 97 255 136 4 211 128 131 253 27 120 71 226 74 76 184 38
    96 220 86 26 254 219 201 255 249 124 2 91 122 15 191 117 168 186 185
    211 32 129 246 57 177 196 192 43 24 73 92 89 217 182 52 149 145 150
    211 196 126 247 220 153 0 27 55 45 170 54 204 77 218 116 204 82 211
    246 67 138 202 206 82 37 56 69 254 148 85 210 172 147 151 77 125 69
    82 105 67 27 23 107 237 192 16 34 201 22 111 73 13 73 166 72 84 174
    39 254 19 95 22 211 182 110 198 169 98 165 12 186 152 160 51 112 62
    95 241 210 28 126 82 130 94 208 111 243 143 172 116 149 35 163 139
    224 17 241 21 100 240 220 2 10 8 123 171 191 236 38 244 221 193 93
    136 4 51 199 79 203 33 187 24 61 141 178 155 189 131 150 19 98 194
    81 19 18 39 122 56 155 121 11 146 208 2 99 112 65 211 195 108 28 34
    83 92 4 204 204 175 96 233 104 127 205 42 115 165 51 33 13 156 206
    141 87 96 208 143 71 172 81 186 5 169 190 149 69 202 183 185 73 93
    151 132 225 231 11 24 181 136 21 20 240 210 145 48 225 226 206 198
    207 42 74 194 179 94 46 23 226 224 227 72 243 215 246 86 160 54 163
    174 215 171 52 182 11 54 197 183 90 129 255 22 128 104 91 108 22 204
    200 98 130 220 65 117 107 222 161 160 94 231 95 181 30 249 30 200 20
    38 208 217 40 199 214 129 241 210 119 183 111 167 120 96 39 249 176
    219 189 149 105 123 75 199 148 109 184 161 3 252 66 188 57 182 162
    203 174 170 105 167 38 1 108 189 154 142 91 229 253 167 78 93 75 227
    181 93 32 47 241 241 116 159 100 172 35 164 193 45 76 28 211 159 85
    106 67 165 132 28 168 164 177 99 86 246 156 248 39 168 59 185 248 67
    10 105 238 55 87 192 78 45 119 247 26 13 227 49 249 74 78 26 153 135
    180 41 13 211 166 33 110 124 198 132 211 87 147 65 255 47 102 16 172
    118 229 63 181 52 22 32 57 43 193 101 42 48 103 167 106 115 170 94
    245 233 181 86 243 114 172 3 116 41 19 219 191 114 227 142 22 39 180
    163 70 193 32 137 68 173 254 4 1 192 169 183 127 215 248 14 203 115
    105 147 185 204 95 191 97 50 99 174 186 171 206 67 243 233 92 174
    242 28 168 250 105 230 101 6 125 135 253 6 166 238 67 199 213 218
    146 159 81 17 3 250 8 199 125 73 145 190 74 48 221 143 144 111 82
    115 127 241 78 226 240 245 142 68 78 238 53 216 1 241 240 196 208
    148 133 247 21 109 238 49 158 19 177 71 215 52 206 91 183 128 235
    226 153 74 9 62 106 105 233 115 178 120 32 168 91 94 38 180 131 246
    106 227 169 16 113 128 183 239 250 107 206 119 23 5 205 44 167 186
    208 5 62 148 224 212 219 105 255 186 201 24 61 23 154 110 197 15 14
    209 234 117 97 191 193 123 183 169 203 69 0 72 44 237 59 209 207 119
    21 157 138 151 2 63 131 250 253 9 240 142 35 103 109 233 106 126 97
    65 73 182 35 240 154 252 64 4 76 122 253 142 81 45 6 89 86 14 92 7
    57 216 161 16 158 125 26 178 230 233 159 61 25 216 2 76 195 72 151
    179 17 212 190 158 220 225 204 85 105 18 109 228 132 12 108 173 52
    194 13 97 215 78 155 239 119 149 148 120 241 163 61 36 109 102 11
    134 68 215 5 149 139 240 49 112 15 181 176 28 79 8 105 248 18 42 148
    1 180 220 95 23 221 39 236 173 18 173 177 28 185 143 244 132 183 98
    124 119 0 119 255 216 119 187 221 1 192 141 222 14 102 13 146 137
    211 63 104 5 99 164 21 41 114 9 6 91 236 151 200 206 17 150 238 1 52
    246 14 134 223 85 119 254 195 71 191 194 158 211 248 27 28 228 73 50
    40 183 29 232 46 168 153 146 87 158 114 250 218 251 71 233 1 49 184
    16 253 203 155 203 39 98 114 143 63 66 119 139 49 71 226 113 101 203
    171 120 168 104 168 122 144 92 105 225 232 209 74 75 222 204 198 34
    144 250 162 0 120 172 108 88 198 47 23 45 196 155 218 161 22 130 188
    61 44 113 9 64 4 87 212 220 227 242 6 70 218 167 52 240 157 238 133
    129 160 133 19 148 122 233 105 181 78 224 10 64 122 114 72 40 132 11
    58 49 120 167 68 59 44 94 182 131 199 224 215 177 214 4 14 7 11 29
    138 223 75 183 44 249 136 79 219 162 72 183 107 112 214 200 186 132
    234 201 164 148 4 49 209 105 210 231 64 136 27 31 122 79 81 69 146
    168 25 4 134 250 86 68 112 122 59 201 233 70 129 192 51 82 243 113
    250 213 132 233 92 248 245 196 234 200 189 241 120 100 177 182 141
    10 188 160 44 6 73 225 102 56 239 202 23 44 184 251 234 155 177 244
    143 83 234 64 1 54 241 44 197 146 128 138 194 183 215 67 252 12 138
    193 49 188 55 134 87 245 176 79 90 116 90 182 145 130 244 57 48 244
    142 28 245 81 7 54 91 129 247 143 167 182 122 136 113 34 34 16 92
    183 206 74 154 205 68 44 117 93 163 103 206 130 62 188 225 177 56
    172 183 32 235 27 13 157 224 0 222 218 199 62 110 54 238 170 203 209
    77 254 104 202 225 245 213 122 74 114 24 201 67 197 122 150 38 23
    147 145 3 203 248 165 15 161 33 29 177 52 60 240 124 76 137 54 165
    191 106 21 110 206 197 84 130 81 101 64 136 18 173 3 31 106 215 160
    45 181 165 191 204 252 148 91 104 191 160 193 14 180 179 237 112 29
    220 98 253 103 12 161 209 157 211 37 67 226 230 58 55 30 176 81 242
    179 55 61 171 116 136 246 100 206 228 255 226 247 109 20 20 25 235
    59 227 77 157 225 50 106 59 242 102 188 121 221 50 87 156 210 27 131
    230 107 123 42 149 147 73 64 40 120 207 201 130 91 193 173 156 205
    161 200 140 178 183 202 23 138 59 72 128 112 247 224 95 117 183 111
    159 187 22 20 73 52 232 51 250 68 188 124 164 44 227 9 209 111 116
    146 36 183 207 197 10 35 209 141 116 112 0 122 207 247 146 133 85 93
    210 7 59 247 193 121 132 51 74 203 127 28 96 166 198 113 41 123 92
    81 174 71 169 102 88 211 12 252 64 178 112 116 232 139 128 243 134
    48 34 216 155 137 52 87 24 244 255 143 233 77 221 65 68 194 192 151
    19 149 66 103 21 123 21 115 146 255 188 211 191 191 190 32 121 223
    238 16 24 107 72 96 195 16 146 111 111 15 139 61 175 167 232 238 209
    45 174 85 74 39 161 90 74 26 201 138 172 51 30 177 94 183 18 119 175
    160 135 191 37 145 248 116 149 202 172 251 218 75 48 75 168 249 235
    107 5 32 5 242 223 129 119 145 159 51 118 206 182 75 197 15 21 248
    251 163 210 216 61 77 251 96 246 89 244 228 204 27 235 65 212 97 40
    212 146 227 128 154 125 0 180 31 214 121 206 165 101 190 150 189 238
    146 40 7 48 193 210 104 248 47 178 170 65 231 48 7 230 13 221 183
    212 164 149 237 70 24 14 201 39 208 141 253 74 166 153 131 136 70
    101 33 34 200 80 19 128 88 77 79 59 255 121 220 192 89 227 14 19 136
    163 108 102 152 31 111 20 184 158 73 47 12 17 90 180 163 85 235 223
    209 73 80 107 171 33 65 185 119 203 181 197 246 238 182 20 242 136
    209 107 251 71 201 117 191 143 5 184 75 162 7 49 191 75 247 40 136
    91 128 154 27 34 132 156 16 103 28 42 188 248 173 21 120 92 22 159
    217 235 47 243 26 47 192 228 94 136 241 244 24 127 32 118 63 225 217
    162 72 228 171 135 164 39 162 81 88 21 150 10 84 42 239 67 253 38
    166 249 6 224 180 243 121 216 67 91 140 208 119 55 47 156 72 203 207
    20 151 50 231 137 4 211 239 154 105 232 174 31 124 96 203 96 75 2
    127 107 229 20 43 231 2 8 92 21 91 15 90 53 58 60 144 237 241 60 239
    68 41 33 151 147 47 251 169 89 64 240 118 36 91 1 65 226 172 126 209
    154 143 117 230 183 192 44 201 90 63 202 190 13 114 161 52 119 166
    159 223 58 244 238 235 84 0 232 194 245 102 166 174 99 199 156 151
    32 133 244 47 165 254 237 196 35 130 225 107 207 239 182 25 100 151
    112 180 48 44 125 209 12 10 196 165 32 42 164 45 92 250 82 67 118
    177 245 160 156 158 140 138 190 100 78 143 72 241 33 75 36 178 81
    187 145 93 204 232 207 64 127 84 22 52 185 223 166 189 186 207 18
    106 111 169 191 113 61 8 48 49 178 191 96 12 201 8 106 178 39 221 1
    231 38 158 52 160 142 224 147 54 175 83 234 191 225 182 129 114 197
    173 67 86 21 252 92 149 48 228 239 127 191 137 68 253 12 81 3 208
    194 233 5 240 98 223 21 234 152 200 28 108 73 196 25 219 22 141 183
    244 29 59 156 103 168 238 103 8 93 75 43 101 169 172 223 93 103 23
    52 194 166 172 118 160 27 125 147 50 152 6 100 144 255 112 232 98
    211 173 140 35 45 14 142 89 134 10 148 166 146 5 172 127 198 86 86
    243 219 55 118 139 1 196 20 253 50 25 24 166 218 25 104 103 29 201
    198 121 205 133 243 155 222 58 203 63 142 173 144 57 69 94 147 182
    179 198 3 98 55 244 21 73 125 188 225 24 37 17 88 6 57 210 77 118
    246 35 132 177 46 56 84 165 212 242 121 22 101 254 41 204 228 178
    171 191 171 100 250 142 99 218 168 146 83 201 15 56 25 218 29 205
    149 92 6 169 205 241 159 247 167 188 28 68 238 53 77 235 122 217 125
    36 11 188 55 177 51 141 253 139 111 28 233 88 174 83 43 174 27 102
    23 13 42 135 240 128 97 110 178 13 206 194 143 40 48 133 237 187 169
    19 238 159 200 192 186 149 82 28 39 222 216 206 218 198 113 129 30
    97 147 246 227 170 56 20 157 73 69 153 115 126 107 17 39 124 7 91 55
    97 203 217 122 219 88 181 64 180 145 120 37 198 0 26 145 13 174 96
    222 202 241 253 12 84 72 199 190 9 137 6 190 68 32 119 29 137 240 34
    193 83 19 172 20 148 133 232 62 217 68 53 180 112 112 28 10 230 237
    231 62 210 74 119 139 20 100 70 171 147 189 157 113 71 218 188 37 51
    237 111 111 134 72 63 143 173 172 142 38 2 108 213 79 99 193 252 80
    232 91 112 181 240 55 143 54 65 197 59 120 21 24 133 135 34 188 69
    125 215 252 66 156 71 152 200 252 166 253 185 75 42 5 86 19 111 95
    32 68 253 197 60 69 168 205 67 72 27 5 170 170 237 55 86 26 18 205
    208 95 74 4 110 126 1 201 20 151 46 31 100 218 21 141 203 14 40 179
    116 47 14 82 8 225 46 108 133 241 100 203 149 17 251 171 82 117 130
    64 143 25 107 238 77 167 208 203 92 25 255 81 222 42 14 254 189 244
    70 83 175 71 74 250 155 213 113 253 155 55 232 151 13 37 125 137 75
    12 185 13 208 194 195 76 226 181 122 50 109 39 48 106 47 17 231 65
    246 201 53 24 158 47 166 2 109 16 68 62 79 113 103 102 214 84 174
    167 51 163 149 139 243 127 28 134 107 126 192 174 7 34 202 138 184
    200 60 104 151 45 221 191 161 222 130 236 28 187 225 84 121 122 106
    173 97 69 156 161 186 79 248 113 117 114 5 230 1 125 201 8 64 128
    131 221 149 32 1 26 31 34 30 167 29 218 55 181 65 78 185 20 177 43
    58 98 88 205 210 161 20 186 141 255 48 73 87 146 226 254 86 243 211
    37 126 93 182 154 115 18 248 199 203 42 39 71 55 2 243 222 197 234
    225 199 229 248 74 163 78 161 93 57 202 134 148 83 100 74 68 199 94
    40 24 177 162 108 235 2 229 36 206 127 64 202 129 165 106 255 247
    233 10 175 10 55 95 226 115 238 52 143 210 19 25 2 162 184 49 163
    131 172 62 252 89 249 166 17 156 84 117 204 146 194 207 95 164 89
    142 46 24 234 126 42 210 167 61 148 66 196 164 26 215 124 83 142 97
    60 73 243 85 253 24 49 245 243 199 48 34 164 14 204 189 87 183 37
    239 57 123 213 11 164 155 236 119 229 61 68 104 88 226 63 254 135
    204 202 251 160 9 202 86 181 14 40 216 177 200 244 57 165 157 87 154
    135 115 49 197 67 208 127 159 254 198 61 144 214 79 139 41 36 112
    218 0 27 140 11 35 199 188 26 121 230 49 1 113 75 200 97 109 72 247
    80 118 58 80 148 243 132 75 211 63 156 252 36 150 241 176 106 179 81
    30 128 217 62 74 165 166 119 216 86 150 184 220 252 163 108 34 77 84
    182 172 236 214 13 186 146 14 55 202 75 129 34 235 211 117 229 196
    244 216 119 184 81 224 143 16 51 221 46 168 29 216 251 152 4 179 163
    72 174 100 245 166 155 202 199 8 146 235 51 65 139 98 146 17 164 11
    67 115 177 9 133 60 72 81 70 26 91 226 149 51 196 168 67 240 199 92
    42 39 222 157 126 111 33 193 155 97 132 146 2 247 87 211 229 241 135
    141 165 141 39 70 254 20 44 70 4 188 96 72 125 248 132 165 212 173
    60 104 195 146 69 81 70 188 138 127 121 242 67 22 154 62 225 132 63
    86 127 249 241 214 175 191 211 186 61 204 230 179 119 245 45 88 231
    188 117 150 62 17 2 3 155 246 232 202 110 82 135 223 6 175 255 173
    222 152 232 103 119 153 144 89 46 18 11 220 179 193 162 64 117 255
    177 95 71 230 54 7 19 149 119 83 32 36 254 159 98 76 182 188 67 178
    236 53 124 51 171 33 166 157 103 133 132 138 131 4 253 221 141 131
    48 15 7 190 187 41 136 227 69 214 191 176 168 76 250 134 186 145 41
    90 88 133 164 40 185 213 20 158 157 85 103 51 118 98 19 187 221 79
    184 138 41 175 225 38 255 152 41 37 59 217 63 94 34 205 14 33 242 89
    171 202 155 159 22 225 195 90 72 190 226 154 47 130 45 168 228 68
    226 82 73 151 172 52 87 220 149 16 207 125 141 78 214 63 52 87 114
    197 144 238 227 1 161 169 16 45 57 42 180 236 22 254 23 179 172 147
    37 3 15 223 146 76 28 178 189 57 243 6 111 220 14 79 209 225 225 163
    243 157 63 24 62 139 73 114 121 12 126 83 238 210 89 186 179 15 157
    205 135 254 246 190 174 54 176 44 9 252 7 162 250 24 84 84 147 130
    151 195 66 76 93 23 7 181 11 112 38 242 215 82 21 61 21 147 152 55
    244 165 61 242 18 106 139 186 91 206 204 168 202 127 23 113 129 79
    188 71 95 194 131 150 211 132 65 248 49 178 206 178 193 217 199 45
    53 167 231 78 234 247 37 85 168 32 117 1 4 28 30 118 46 120 104 8 11
    230 106 80 209 134 255 199 111 143 136 148 50 151 15 51 250 79 107
    59 212 140 40 226 39 40 214 197 108 238 204 16 92 135 161 244 127
    141 150 133 123 177 19 56 157 108 55 37 156 235 46 236 89 112 109
    158 164 189 167 69 120 19 225 187 161 233 101 175 57 243 35 112 126
    179 147 5 199 84 239 254 41 188 131 45 65 46 55 182 217 212 44 251
    91 206 41 112 245 223 101 112 41 196 165 171 29 10 107 58 93 178 173
    232 95 23 76 120 67 136 5 202 134 187 13 237 193 134 239 75 75 230
    214 159 204 215 139 247 201 20 30 22 23 79 186 68 255 153 248 143 4
    34 170 243 55 91 101 26 61 251 13 225 231 32 80 56 235 226 240 234
    143 79 154 11 150 240 207 32 102 196 83 66 235 174 36 65 183 72 58
    175 212 70 154 206 219 153 130 51 17 80 215 81 200 249 129 212 6 243
    64 24 105 88 17 125 230 251 57 41 79</data></test_img>
<my_img type_id="opencv-matrix">
  <rows>128</rows>
  <cols>256</cols>
  <dt>"3u"</dt>
  <data>
    232 50 154 160 178 101 0 86 255 255 158 255 255 0 255 74 234 240 0
    86 69 217 0 60 41 34 0 173 255 189 90 123 148 0 113 238 255 34 175
    141 255 255 122 193 108 255 239 255 102 221 255 4 0 202 0 31 0 254
    255 197 37 188 255 99 0 225 0 12 255 255 0 0 15 66 255 194 255 0 112
    181 76 217 79 226 170 10 59 171 142 21 14 18 0 122 59 156 0 213 250
    255 255 238 135 130 255 0 166 6 61 242 42 75 46 0 45 60 129 255 108
    211 84 246 196 95 196 220 146 201 255 0 250 0 0 255 0 255 255 193 51
    50 0 85 5 12 255 0 229 255 255 82 18 77 255 30 0 231 47 184 255 255
    255 52 221 170 208 20 2 111 0 172 0 0 71 225 255 242 255 145 116 0
    159 255 0 255 117 255 216 179 255 0 255 193 63 212 0 81 255 231 94
    48 252 129 0 206 255 41 6 189 243 239 255 171 237 121 204 213 255 91
    139 245 208 133 117 255 0 0 255 110 0 0 255 253 95 15 0 4 154 0 184
    0 186 222 43 160 255 61 146 173 58 0 204 41 30 184 0 0 0 0 255 140
    125 0 0 156 108 0 97 255 255 237 0 255 223 180 110 255 55 0 202 72 0
    42 0 59 226 113 38 9 94 2 0 220 251 38 255 140 91 93 192 52 222 24 4
    222 0 0 255 30 216 255 184 255 0 166 255 0 190 0 133 255 0 0 0 27 3
    143 46 146 58 105 0 112 77 89 73 92 255 255 221 0 164 84 0 134 190
    155 75 255 24 54 0 255 77 132 163 240 87 124 41 255 255 106 217 130
    118 208 0 255 200 166 191 255 17 0 170 74 82 0 144 255 194 31 37 255
    0 203 0 255 0 57 106 152 163 93 67 141 168 57 0 255 255 0 128 107
    133 7 131 255 194 187 141 101 219 192 211 145 194 255 122 244 207 66
    255 81 182 25 131 181 13 0 255 0 205 32 186 167 251 115 0 0 217 74
    65 182 150 0 255 76 255 255 140 92 104 168 255 0 12 188 0 32 146 186
    6 0 26 255 255 255 111 195 121 0 186 34 255 255 129 255 255 20 0 255
    0 0 216 31 0 0 0 255 0 224 45 139 40 86 255 88 70 255 255 126 128
    201 70 49 17 62 255 79 255 255 197 209 255 148 0 72 168 0 159 45 0 6
    15 118 0 22 255 25 163 133 159 0 80 0 52 255 0 249 81 48 255 63 255
    249 0 58 255 62 37 238 129 88 255 37 38 245 206 106 34 255 112 255 0
    95 255 129 188 255 0 5 14 177 252 15 255 227 153 16 255 0 0 126 194
    21 178 174 73 16 149 255 35 231 125 31 127 0 29 225 205 98 176 104
    81 62 255 0 153 129 121 0 154 227 47 37 23 52 0 0 26 49 0 255 17 255
    8 13 177 188 212 255 229 0 205 153 52 246 255 139 255 0 113 255 164
    255 84 255 205 230 255 255 26 190 255 231 255 64 243 255 0 143 80 21
    160 228 255 219 0 45 255 255 152 40 220 255 123 114 255 9 99 129 67
    243 176 69 0 222 255 95 0 255 255 113 29 111 74 0 61 209 168 255 0
    121 13 255 0 0 110 82 185 255 6 70 231 0 46 79 0 31 255 255 209 0
    133 9 11 84 45 64 155 255 0 255 0 6 157 0 100 0 0 255 255 213 255 0
    255 30 0 58 0 172 146 2 255 81 17 255 96 45 252 27 201 36 145 244
    156 0 84 89 46 92 0 151 0 2 225 239 255 58 112 109 206 170 0 248 255
    0 255 154 6 23 0 0 232 255 126 0 255 82 107 205 51 121 136 139 157 0
    0 250 158 16 25 52 255 0 182 106 255 177 113 212 233 174 86 69 11
    120 178 218 6 0 11 160 209 255 227 197 187 21 255 254 71 0 255 0 20
    53 69 222 0 117 0 255 0 43 211 10 255 185 195 215 87 40 0 255 148
    129 251 251 137 88 255 83 54 0 255 155 20 164 221 178 191 0 245 82 0
    117 11 102 30 106 255 178 84 189 34 255 249 0 137 96 102 255 122 142
    189 137 0 49 222 125 255 136 184 255 34 0 0 246 0 255 247 65 221 52
    247 0 27 170 72 0 11 170 61 103 180 175 226 0 252 0 255 127 23 31 65
    154 0 255 0 48 0 255 255 29 104 179 38 142 255 248 55 201 245 33 201
    255 3 78 174 199 255 108 96 22 0 143 0 229 255 0 255 63 43 0 52 71
    94 0 156 185 111 0 246 255 41 0 138 19 151 81 60 255 255 255 130 80
    255 136 37 255 52 201 231 0 185 106 0 255 218 162 62 117 200 13 0
    182 232 2 152 255 0 156 185 97 76 235 199 255 255 62 165 0 0 193 0
    20 165 99 134 4 255 65 114 109 124 0 0 255 227 80 98 206 195 49 0 0
    72 154 129 0 0 159 106 255 150 48 124 175 42 0 0 68 65 73 3 255 80 7
    255 132 255 255 255 244 172 233 0 234 148 0 255 247 255 138 217 205
    154 243 178 255 237 173 147 29 151 65 109 113 183 158 0 59 64 0 85
    248 255 255 47 103 82 255 255 255 240 255 255 82 117 164 255 28 137
    0 43 18 188 213 31 0 0 91 0 40 44 255 255 50 110 12 0 56 125 12 190
    253 228 216 255 49 0 0 218 4 111 255 235 55 119 203 129 84 234 147
    255 241 255 255 53 212 133 151 255 128 131 69 193 255 0 79 255 250
    197 105 0 72 255 255 16 120 71 0 13 245 237 105 105 235 174 255 255
    0 48 124 0 38 0 189 166 100 246 252 0 255 38 115 225 110 0 0 228 157
    67 0 0 74 85 0 102 255 255 255 229 227 255 196 251 180 232 92 23 255
    101 142 255 89 255 227 205 174 4 23 239 29 0 187 223 92 255 127 118
    255 74 0 255 97 43 11 0 141 0 255 115 255 204 64 255 0 255 154 108
    228 207 252 106 81 146 57 128 81 49 17 0 178 150 106 5 128 227 48
    173 0 173 93 201 255 212 0 37 0 228 0 0 255 0 141 255 100 72 255 254
    51 255 107 221 0 68 0 134 233 17 71 82 255 255 255 5 255 255 168 144
    0 54 198 43 78 197 228 20 0 110 215 28 78 0 38 218 171 41 153 255 33
    86 113 0 255 146 255 0 0 132 255 34 135 255 167 255 212 224 122 238
    170 97 123 125 223 123 0 0 243 0 84 171 131 255 150 201 0 255 62 87
    137 0 113 0 0 0 0 0 255 141 217 255 255 175 0 74 241 67 0 102 106
    120 255 255 255 0 115 31 0 255 0 0 145 178 149 255 255 146 96 115
    230 86 197 255 68 76 235 29 87 41 0 208 221 21 219 0 217 0 241 0 21
    228 17 0 199 140 255 251 114 208 145 67 130 255 255 231 231 0 169
    255 93 0 0 255 125 173 255 255 175 254 118 121 218 1 76 255 80 0 101
    178 66 244 0 0 0 47 255 155 255 202 50 63 0 111 212 0 96 49 255 17
    183 149 255 188 162 68 141 242 108 0 165 0 121 124 0 255 215 0 100 3
    1 35 56 225 85 251 214 0 255 0 255 42 2 255 49 0 0 219 143 167 143
    162 52 32 132 0 7 195 213 6 144 165 190 0 118 162 238 0 166 0 129
    145 124 0 255 255 72 255 231 83 255 128 198 125 255 162 36 0 183 255
    173 0 238 230 62 255 0 38 111 109 27 44 255 148 0 61 143 255 3 62 99
    111 0 52 90 64 51 0 142 255 159 0 215 255 242 197 20 0 164 115 170
    187 0 255 188 28 106 255 253 55 193 0 247 48 34 0 11 93 176 115 0 0
    55 7 211 187 0 0 1 57 85 138 189 99 0 0 176 94 249 41 48 0 137 149
    255 0 194 255 173 240 255 102 255 79 255 27 30 134 190 73 111 0 185
    49 196 139 0 110 0 22 0 42 235 255 0 255 0 78 255 255 73 94 229 180
    210 254 110 0 0 99 49 229 255 0 133 100 191 30 255 255 239 41 0 255
    113 0 255 255 59 238 255 206 143 0 176 249 203 183 173 32 53 255 195
    153 75 47 0 255 0 181 77 0 8 92 255 164 224 134 0 37 45 0 18 0 150
    24 255 186 0 14 184 6 255 255 98 243 221 255 0 255 237 255 186 222 0
    0 13 33 43 125 0 65 139 240 255 255 22 7 231 190 255 70 255 131 81
    242 255 235 0 0 130 255 0 0 167 4 255 255 69 0 139 234 0 0 57 44 176
    5 255 86 244 30 255 255 0 255 255 131 191 134 58 72 50 90 0 0 166
    229 36 70 255 24 36 0 204 65 73 0 255 255 0 237 0 0 219 255 37 151
    24 255 207 0 135 142 3 255 0 0 255 14 255 255 160 253 175 235 255
    103 255 0 1 6 0 0 192 223 0 0 172 118 61 120 10 12 175 48 108 172 25
    68 93 255 255 109 0 0 190 128 65 99 0 255 255 255 0 250 129 0 208 4
    16 255 255 0 0 135 36 0 8 255 209 136 78 165 255 255 143 238 102 0
    154 104 236 0 52 108 151 187 59 59 37 99 55 255 255 145 12 154 232
    115 50 196 5 31 83 24 236 255 219 115 239 192 103 30 185 0 181 138
    255 21 0 123 227 2 104 145 14 255 147 177 120 199 146 255 0 196 15
    158 255 143 238 104 214 255 255 219 183 255 105 90 0 171 6 152 138
    149 255 255 216 0 0 132 0 187 173 160 33 123 255 187 128 155 85 68
    239 255 43 110 190 103 188 17 55 0 142 255 243 74 202 255 30 159 32
    28 74 98 255 255 202 154 118 255 220 118 120 255 84 0 157 165 89 0
    165 0 139 255 255 135 147 255 70 19 0 255 37 209 0 18 216 135 160
    230 251 255 198 87 240 57 50 232 0 255 8 221 32 4 183 255 182 31 255
    161 178 255 41 175 71 0 8 197 0 34 255 255 76 255 0 207 255 0 222
    255 0 249 217 232 129 0 85 22 255 74 180 0 0 40 127 183 179 124 201
    0 73 20 0 0 35 255 72 251 27 255 39 16 151 205 245 18 0 86 82 10 0
    116 255 164 217 0 255 190 45 255 0 255 0 255 96 0 255 255 0 91 71 0
    0 219 255 83 22 185 0 32 255 196 187 29 119 147 164 204 0 92 210 0
    63 255 0 154 0 255 0 0 24 22 255 54 44 145 197 180 255 234 216 255 0
    255 176 255 105 255 246 0 246 13 179 196 0 255 255 0 124 255 255 124
    211 255 255 6 130 99 99 0 40 255 0 88 241 189 255 255 161 28 0 72
    109 8 22 135 170 122 92 144 27 195 62 199 89 63 28 172 123 119 120 0
    77 63 114 218 0 0 255 0 0 0 238 0 0 226 164 85 255 220 255 0 170 55
    21 229 29 99 255 72 26 255 255 168 177 255 151 255 0 90 255 255 144
    250 133 0 215 213 0 9 0 244 0 26 138 24 255 61 95 0 166 58 90 203 41
    53 24 157 7 0 255 27 155 0 255 10 254 18 51 223 106 156 38 65 0 51
    151 45 243 255 246 255 110 151 34 115 67 167 180 196 255 57 255 52
    42 255 45 255 131 187 255 0 212 4 255 255 19 43 0 255 248 51 54 62
    162 66 0 0 90 255 208 228 255 76 255 255 149 194 137 0 85 58 195 32
    121 255 30 255 98 255 169 255 21 229 245 0 223 255 120 0 255 193 0
    38 51 190 243 228 0 167 136 227 255 169 213 199 0 255 255 20 255 133
    194 162 95 0 0 255 246 179 43 0 120 225 0 0 0 14 0 226 255 141 255
    194 0 108 68 60 134 0 128 83 0 52 0 0 0 68 255 120 252 74 63 255 162
    168 255 159 0 0 0 96 35 83 190 88 255 0 7 255 241 255 0 67 0 117 255
    255 255 223 0 200 249 0 59 238 255 255 0 79 135 0 199 6 102 91 64 0
    239 209 255 104 255 28 229 14 255 159 90 67 255 225 183 138 0 52 0
    66 45 0 53 255 26 4 255 238 0 0 122 255 0 64 0 0 0 140 54 194 197 66
    51 35 190 100 199 190 37 119 0 189 159 118 0 121 141 215 207 61 95
    215 0 41 255 111 168 123 202 0 255 146 255 177 0 0 81 153 136 138 0
    131 254 34 236 15 0 6 255 142 203 255 255 223 197 255 255 47 185 123
    174 75 1 186 255 65 88 199 0 33 0 255 202 0 255 5 12 129 0 143 174
    255 38 186 235 157 62 52 214 90 229 125 0 0 0 43 57 231 218 93 33
    110 99 0 192 24 0 212 90 43 255 145 35 255 46 18 39 236 102 255 131
    197 167 45 50 0 255 255 175 122 13 53 255 0 124 255 55 159 0 65 168
    0 28 0 14 167 175 0 183 184 255 0 144 255 81 137 255 0 177 13 0 144
    86 117 116 0 3 0 224 255 196 251 245 25 255 255 0 27 109 53 255 230
    237 67 184 0 210 199 16 80 135 0 18 223 253 255 36 199 255 66 0 230
    0 255 250 139 112 223 255 0 0 36 53 223 47 227 0 93 255 0 60 0 19
    255 169 155 83 185 0 0 255 36 71 124 148 35 248 0 233 255 234 175 30
    88 255 172 0 218 84 0 58 0 93 162 246 255 255 192 157 0 255 255 181
    140 255 110 231 241 255 164 255 0 85 0 78 230 239 175 53 94 255 82
    228 57 68 255 196 0 78 239 0 27 255 77 0 255 0 228 248 89 12 96 71
    46 120 40 45 255 182 26 255 137 0 228 55 0 0 160 0 71 227 255 27 141
    4 0 0 46 23 0 197 255 255 39 0 0 87 154 63 252 255 0 186 59 238 0 0
    73 0 255 132 255 144 255 57 77 156 255 233 53 231 209 204 255 113 43
    0 0 99 112 197 255 0 150 111 0 255 42 163 209 85 42 214 189 0 35 0
    255 16 104 0 62 0 191 243 54 34 0 71 87 124 134 199 46 165 0 255 52
    106 255 255 141 47 117 70 0 255 89 31 255 202 255 170 159 255 0 0
    255 0 206 255 164 31 181 154 0 116 194 154 135 0 0 15 76 162 0 0 191
    156 126 173 68 162 103 63 255 223 255 255 179 203 255 0 0 0 145 60
    235 31 34 214 255 255 78 242 255 0 112 122 195 255 0 154 194 121 112
    105 255 136 47 58 255 223 141 101 255 147 200 255 0 0 255 111 255
    227 252 255 43 136 0 0 186 255 0 0 116 117 111 102 172 0 189 255 231
    255 150 32 209 193 0 0 97 255 255 121 255 0 234 0 213 123 252 255
    255 0 243 154 255 54 255 59 255 255 35 195 154 255 200 255 79 110 54
    134 0 0 191 0 214 0 116 29 70 51 140 252 233 234 171 32 152 229 136
    208 169 58 24 135 255 117 255 171 178 155 172 189 255 90 177 240 0
    250 71 4 53 128 186 3 36 0 155 255 200 130 229 223 221 71 217 217
    255 0 14 219 255 0 255 255 255 69 122 114 0 253 173 164 0 254 203 49
    255 37 0 255 0 241 255 236 174 58 255 0 0 0 0 120 0 32 155 26 217
    255 0 255 196 0 0 250 68 255 0 255 143 86 0 210 145 45 218 255 118
    205 227 7 0 80 89 106 0 240 0 223 137 211 0 226 255 35 203 238 160
    255 213 59 172 180 0 76 255 0 59 0 168 168 0 180 140 255 215 179 255
    61 253 0 33 37 222 131 17 143 77 255 97 255 205 136 0 222 222 30 0
    255 28 255 134 95 255 255 115 0 43 61 0 45 21 210 146 255 255 184
    226 255 0 142 255 255 110 0 147 158 208 180 0 83 74 96 86 133 0 117
    255 62 255 0 0 255 196 255 65 255 7 122 209 141 255 115 194 255 0
    153 0 229 68 100 62 107 50 158 113 78 255 255 255 213 0 30 60 99 182
    5 255 255 174 255 239 108 236 227 133 0 156 116 133 26 194 218 124 0
    75 255 179 255 160 150 173 170 172 41 188 255 0 164 125 0 37 255 0
    136 255 0 104 28 196 146 48 0 0 255 118 116 104 115 120 144 255 89
    221 26 255 112 223 128 3 8 120 145 192 212 166 144 208 255 92 154
    101 0 73 94 229 78 172 255 0 234 85 46 107 248 0 68 0 240 161 0 198
    0 34 98 0 25 18 0 176 24 229 99 0 189 48 81 65 88 171 255 166 81 255
    238 112 172 159 103 126 190 76 0 80 4 253 137 255 45 0 57 209 0 24 0
    39 72 199 0 192 30 255 3 169 33 75 78 109 155 136 237 175 255 47 255
    255 68 0 213 140 93 0 205 101 241 111 66 185 255 128 0 138 249 21 84
    162 84 124 192 201 208 37 220 0 146 108 255 255 210 0 199 90 65 0
    238 227 55 255 240 242 7 255 63 0 237 37 196 2 208 219 105 49 255
    209 171 0 228 255 0 252 255 108 255 0 37 255 0 51 179 255 158 41 255
    255 229 255 64 145 165 115 108 0 0 219 197 85 0 180 84 255 94 163 62
    242 236 107 255 218 153 131 18 121 103 0 255 214 233 151 0 255 65
    231 68 72 0 47 255 242 170 0 0 169 120 149 202 135 22 21 134 71 85
    156 0 177 6 209 18 255 202 255 255 255 197 168 255 95 230 160 255
    255 39 184 0 96 160 250 255 195 255 131 49 62 188 0 255 84 81 255
    120 0 80 169 255 101 255 255 249 223 31 2 248 78 216 138 132 239 0 0
    0 7 3 73 160 0 165 0 0 0 5 242 255 0 150 255 0 255 120 234 70 0 0 0
    83 42 255 222 20 86 19 232 225 83 0 255 83 0 255 0 113 175 228 0 255
    255 255 213 255 0 102 35 127 21 24 29 255 167 167 255 168 14 129 24
    252 206 255 0 255 120 84 227 101 106 255 255 255 22 11 170 255 129
    255 97 255 255 0 3 174 52 238 73 70 142 1 0 81 141 229 7 255 67 0
    156 0 0 226 0 120 226 0 0 65 245 82 255 222 67 0 28 0 255 247 0 196
    127 255 215 0 255 159 255 97 255 56 15 231 0 44 255 187 0 16 141 109
    255 78 117 24 255 255 0 117 18 255 255 74 255 0 143 0 255 9 0 255
    255 161 0 196 0 78 255 255 0 71 59 142 0 36 210 255 0 149 163 46 156
    104 0 0 43 16 183 84 0 255 185 93 225 108 255 0 5 255 0 19 113 0 14
    255 0 170 43 0 255 11 37 186 98 175 0 153 10 75 97 0 0 43 212 0 0 0
    0 173 0 0 213 76 215 38 255 107 255 255 0 228 65 255 255 0 210 242 0
    179 73 255 236 56 0 243 34 168 255 255 193 0 255 101 152 28 255 255
    35 48 217 40 101 158 0 0 0 245 234 114 146 174 56 0 0 66 95 255 98
    158 123 48 227 246 250 151 139 50 105 194 255 0 236 170 0 93 0 149
    255 0 105 75 221 20 159 209 255 224 0 197 255 19 238 0 47 145 0 255
    10 44 96 139 255 150 0 117 0 164 84 155 243 208 0 222 103 205 218 53
    157 255 96 247 213 255 94 255 63 132 198 184 120 159 0 223 47 255
    220 0 0 0 233 69 109 68 112 233 255 255 186 0 122 255 18 100 0 98 77
    255 217 238 255 103 79 61 29 156 11 0 86 166 244 255 46 0 255 255
    255 0 4 12 0 89 175 242 255 0 245 194 184 0 107 69 217 16 127 67 150
    188 0 215 206 224 125 0 230 88 5 149 0 77 5 222 0 255 105 166 94 255
    255 0 147 0 126 0 169 198 255 73 102 226 0 178 0 246 0 85 254 50 215
    55 0 205 255 252 116 80 163 165 1 158 55 106 6 0 196 50 249 255 51 0
    172 255 255 32 5 27 181 0 252 118 255 161 70 141 218 62 203 239 255
    0 203 68 0 203 172 172 229 127 38 0 0 20 0 213 49 0 239 255 191 203
    255 0 255 0 255 116 243 4 0 242 76 0 255 33 108 255 220 130 255 255
    121 94 125 172 255 227 36 230 0 5 237 160 106 188 34 221 255 42 197
    137 255 108 227 179 250 12 239 119 37 255 39 0 212 219 132 255 0 255
    208 252 11 0 146 158 255 255 98 97 137 145 37 80 222 195 47 203 186
    48 211 200 0 114 0 0 255 140 206 56 5 86 0 250 8 255 115 255 255 50
    0 0 136 114 12 133 102 137 77 0 110 108 0 191 255 142 193 0 147 255
    0 117 0 173 247 12 20 235 84 0 34 0 241 204 93 124 100 173 255 207
    75 255 0 219 0 251 58 134 255 0 0 84 0 96 126 193 45 0 132 0 47 101
    186 186 0 127 255 255 0 98 191 255 93 255 9 0 5 184 0 0 229 25 129
    255 158 72 247 12 46 148 95 0 223 27 0 146 255 243 155 33 245 6 145
    118 71 199 255 255 149 0 206 7 173 116 255 90 255 0 217 0 217 54 255
    213 61 189 62 189 0 75 37 51 18 169 255 253 3 0 36 211 47 0 255 37
    109 0 0 47 0 241 255 207 136 0 185 162 139 149 255 0 23 161 53 111
    255 104 216 255 255 255 176 192 147 207 255 164 33 133 253 255 13
    153 224 162 255 238 206 255 156 32 235 90 112 216 182 74 47 79 0 0
    223 177 252 172 255 255 191 239 0 0 255 0 0 255 174 135 0 61 69 49
    87 55 255 255 0 167 57 0 232 146 120 229 6 111 151 237 0 255 8 139
    255 139 255 129 201 25 75 213 110 255 0 50 137 141 156 220 48 0 0
    255 163 255 125 68 29 192 201 0 0 255 0 4 255 199 0 255 105 255 64
    52 150 201 223 0 255 146 246 184 122 64 255 135 255 255 0 243 107
    194 255 99 51 61 0 255 255 83 60 31 108 155 255 23 72 48 19 138 0
    255 255 68 204 200 255 246 220 11 255 216 24 0 241 255 96 0 255 18 0
    255 55 39 243 255 238 117 116 58 255 0 160 57 32 60 222 90 0 186 158
    14 14 119 176 69 255 181 194 0 13 255 148 0 255 255 158 154 251 235
    138 179 149 28 104 120 255 215 255 84 66 241 116 0 0 158 97 255 67
    23 66 82 224 130 0 28 255 70 185 0 229 107 255 23 163 75 168 213 255
    163 85 107 46 255 255 156 84 0 0 255 161 95 206 0 0 80 8 255 255 255
    121 0 107 255 0 255 209 0 0 0 255 73 1 100 19 70 255 222 255 52 0
    137 213 95 201 0 19 227 36 100 244 255 0 255 0 111 80 136 255 0 0
    255 0 255 18 77 255 201 52 141 76 0 0 78 0 255 120 195 30 19 255 163
    173 0 255 81 0 1 0 115 239 255 255 244 223 186 11 71 255 10 255 128
    255 255 162 142 196 0 0 0 77 255 185 255 173 255 255 12 255 255 0 0
    50 0 177 51 181 166 106 246 24 47 47 255 255 20 225 165 0 0 190 0 0
    248 125 0 81 0 0 225 155 0 0 134 255 135 4 0 255 81 228 195 104 220
    38 58 0 255 255 83 0 255 234 0 255 215 40 174 65 255 92 141 180 75
    255 193 197 228 130 121 0 160 196 170 255 255 0 207 79 255 138 76 36
    0 174 0 229 255 13 255 0 223 231 109 44 158 0 255 255 129 99 0 225
    81 77 20 219 217 255 0 0 26 65 255 176 132 255 87 203 255 255 66 55
    244 144 0 255 102 47 3 71 240 60 11 71 255 1 0 255 255 215 121 179
    255 14 90 229 62 157 86 42 104 0 192 195 105 236 128 156 65 0 139
    210 255 255 152 255 255 0 200 158 0 181 141 51 0 151 162 38 70 255
    183 255 255 0 158 121 0 29 255 0 255 0 207 178 32 255 0 0 203 0 87
    174 82 73 0 209 255 0 51 255 170 8 255 103 93 70 144 0 149 0 0 200 0
    24 167 255 255 185 124 1 255 0 184 232 0 12 0 255 255 21 46 255 35 0
    126 255 255 1 255 255 134 22 0 255 0 38 36 71 0 244 153 0 70 124 88
    200 202 255 176 255 20 255 255 151 255 255 180 255 190 255 241 223
    255 8 255 0 147 193 253 255 255 164 255 50 255 107 0 188 255 130 0
    120 144 185 97 15 0 0 0 31 25 15 212 0 76 255 255 255 0 143 14 255 0
    255 255 255 55 222 203 122 255 109 255 255 181 149 204 255 19 133 85
    249 224 55 187 0 255 225 192 233 85 255 180 137 59 224 78 45 0 255 0
    0 143 241 149 54 255 255 0 255 255 132 0 102 228 80 151 0 31 255 255
    33 0 255 255 79 23 186 236 3 71 255 0 255 255 42 119 47 255 206 87
    33 0 104 22 76 255 105 7 115 255 68 127 138 123 0 150 0 124 150 240
    33 0 255 0 179 64 177 255 119 211 161 23 0 65 97 0 0 0 90 14 220 0 0
    255 158 0 0 48 162 237 31 225 99 117 0 141 255 148 2 183 0 197 0 100
    255 154 198 205 0 146 153 152 255 255 250 242 187 255 115 123 255
    229 255 255 42 0 251 0 255 205 255 156 196 255 142 177 0 255 0 142
    255 0 255 142 51 0 255 255 174 96 47 37 0 0 79 255 143 255 0 126 255
    171 255 255 255 67 62 0 0 121 111 72 255 68 40 0 0 0 30 146 53 209 0
    111 71 255 255 0 255 50 206 24 255 201 22 255 0 0 147 85 187 194 31
    255 135 17 255 130 0 0 0 4 253 209 0 175 184 198 137 0 87 82 0 92
    255 162 220 43 148 90 255 223 184 63 255 255 80 126 0 255 255 255 95
    166 88 255 101 80 0 43 56 240 126 156 255 0 71 216 135 230 0 255 0
    86 0 150 3 204 0 255 0 1 0 76 179 0 0 182 9 144 255 0 112 157 255 84
    57 93 62 0 237 10 0 77 216 22 0 0 209 183 56 22 81 255 255 255 210
    255 101 0 0 0 111 6 0 0 255 179 255 99 0 149 239 255 131 64 162 179
    0 174 0 28 89 0 255 255 189 255 255 0 97 172 244 255 82 0 255 201 70
    255 13 11 134 165 0 255 255 255 110 0 50 167 0 121 248 255 199 255
    255 7 209 255 152 248 152 37 150 255 38 211 126 0 105 27 55 255 0
    255 140 14 171 68 40 87 116 105 107 0 51 0 227 8 65 174 250 129 91
    126 245 238 208 0 209 146 96 64 157 180 81 0 108 169 255 121 255 255
    157 90 255 13 136 206 254 255 0 95 255 0 0 39 127 255 166 101 83 57
    0 0 166 0 250 255 0 255 255 255 255 108 0 0 255 93 76 115 101 144
    255 163 255 251 0 122 255 121 255 255 3 0 3 0 159 5 224 11 255 252
    234 231 88 255 255 103 255 0 81 203 40 92 185 255 0 255 0 0 0 140 97
    223 157 0 141 87 0 255 118 30 0 109 162 195 0 99 255 248 144 255 74
    0 153 0 255 255 113 163 0 0 109 255 0 65 194 191 34 0 57 0 30 245 80
    224 152 44 160 0 241 227 240 0 255 226 123 113 255 255 34 120 255
    199 255 194 180 7 147 4 213 87 202 203 167 111 92 80 0 0 255 83 54
    255 0 186 108 27 138 148 241 100 0 70 255 45 0 164 255 255 0 0 255
    255 255 10 36 0 19 0 0 12 255 68 12 218 195 255 255 101 150 174 0 11
    0 0 81 0 77 1 208 68 93 0 0 194 244 25 0 0 0 255 255 144 0 255 162
    50 210 20 0 155 229 0 255 193 168 0 255 255 213 0 59 177 156 28 166
    122 124 40 0 11 0 144 0 83 118 0 0 0 226 38 137 69 191 255 0 0 0 22
    119 222 44 255 255 255 82 255 201 255 0 0 131 255 151 0 255 255 255
    76 205 255 8 255 255 191 255 122 198 46 102 169 114 228 6 197 0 52
    183 0 0 46 87 169 124 0 113 0 0 255 161 98 255 85 39 255 158 45 255
    117 255 38 135 190 187 100 38 216 166 255 255 95 255 162 163 202 36
    255 142 27 9 255 255 218 169 194 185 224 18 216 205 149 70 103 190
    28 28 240 255 0 255 0 89 0 0 3 124 43 73 11 249 0 90 192 0 83 0 180
    121 255 21 173 23 98 0 255 151 149 21 0 0 0 0 102 0 0 212 0 60 63 0
    250 0 255 81 31 213 255 255 0 117 255 147 164 222 187 73 255 178 209
    62 27 10 125 255 135 68 255 225 233 24 255 255 160 112 237 164 70
    127 0 0 24 105 255 0 255 146 1 37 0 19 251 129 255 255 110 212 55
    241 222 0 214 242 0 192 92 0 23 255 82 75 68 26 0 222 98 68 0 255
    216 87 255 255 130 166 216 255 0 14 255 0 161 250 79 186 0 31 25 0 0
    0 94 115 0 212 29 69 255 255 100 255 185 8 230 255 255 0 255 0 0 190
    0 143 34 163 149 255 67 255 196 254 33 63 240 173 241 29 198 31 0 0
    255 148 106 210 255 255 100 255 143 83 255 255 0 255 255 255 167 132
    0 255 224 63 255 181 16 52 0 190 84 15 208 223 255 12 0 255 99 255
    26 223 54 138 255 255 164 255 63 54 0 103 0 255 255 199 0 224 255 0
    172 255 0 255 5 255 184 77 0 0 0 0 241 0 72 254 91 141 205 20 225
    211 86 225 143 0 125 255 32 145 0 193 231 72 178 135 255 166 255 239
    249 109 255 243 87 31 128 8 0 89 255 165 255 68 11 235 19 0 200 128
    35 30 56 255 157 237 60 178 0 169 0 255 80 18 224 71 2 0 0 63 137 40
    70 103 137 162 179 87 174 0 187 118 80 139 81 255 202 23 13 0 255
    255 255 255 191 0 0 150 124 88 19 54 190 172 130 39 0 152 244 107 0
    0 84 40 0 20 255 0 205 148 23 255 241 159 255 220 42 61 255 163 100
    58 0 12 255 130 5 127 255 103 255 120 86 145 255 200 104 130 5 179
    186 107 101 86 227 255 255 0 0 16 98 217 72 208 85 255 255 0 0 255 0
    58 0 0 139 255 112 0 58 0 59 255 194 255 21 74 202 43 251 180 25 0
    92 254 212 76 113 89 0 36 106 162 116 255 166 189 37 164 49 220 0
    255 216 255 49 0 255 116 0 0 0 62 97 94 121 38 62 185 76 69 37 148
    255 255 8 4 174 255 185 83 49 255 255 101 0 220 49 0 66 106 28 91
    255 255 255 210 10 86 199 188 200 154 177 0 103 0 255 207 37 94 203
    255 0 249 130 153 255 19 57 189 245 150 99 108 255 0 0 203 133 0 0
    56 95 207 0 165 150 125 147 144 0 113 155 0 77 203 90 0 117 38 119 4
    55 0 96 121 255 0 36 255 214 255 240 255 205 56 0 154 248 120 0 20 0
    14 0 42 24 100 50 194 255 101 144 157 255 255 255 0 246 17 105 88
    248 0 0 53 111 54 123 255 176 255 43 115 25 88 205 146 190 117 133
    218 255 171 0 50 0 255 24 20 81 147 179 220 175 255 28 255 0 255 41
    220 114 0 67 186 174 47 67 98 172 255 0 0 240 0 9 185 92 255 219 0
    70 121 255 113 0 255 0 255 250 0 255 141 0 220 0 255 191 4 103 255 0
    113 0 245 0 0 255 0 236 68 1 102 249 0 189 132 145 238 45 255 0 0
    168 60 0 0 140 255 255 151 0 179 255 0 197 0 190 0 53 0 33 0 255 44
    0 132 0 206 0 255 255 178 254 116 0 0 82 0 53 51 0 9 117 111 187 144
    40 200 116 69 255 255 255 144 255 252 0 255 255 255 144 255 99 63
    255 0 6 0 125 47 93 205 255 255 201 255 0 84 255 255 0 132 65 208
    237 68 219 255 18 255 0 255 0 243 63 0 122 227 204 255 97 255 171
    255 195 0 162 0 179 246 0 97 248 169 202 157 248 154 0 170 173 118 6
    226 124 52 0 0 0 86 191 100 255 79 216 255 255 0 20 0 0 255 238 0
    179 237 0 249 29 222 45 132 20 0 0 35 255 102 229 255 151 255 15 239
    230 133 251 227 163 61 34 0 255 83 49 255 18 137 240 255 15 191 88 0
    50 255 188 0 255 255 255 149 0 188 253 0 120 232 254 165 247 255 255
    50 45 69 119 251 0 216 0 140 255 130 212 255 0 226 0 125 109 158 255
    97 171 255 141 255 161 178 0 200 79 0 105 140 255 228 47 227 255 255
    0 46 169 56 69 157 10 121 255 228 255 255 179 238 0 166 143 51 44
    123 0 0 0 0 24 255 42 65 255 0 0 252 7 114 0 0 49 116 0 3 122 0 6 0
    55 55 0 255 169 57 255 155 0 34 72 62 64 255 13 110 255 232 255 175
    0 255 0 96 182 209 65 242 174 0 108 101 0 176 255 0 73 0 144 181 228
    121 142 255 67 0 255 177 0 71 71 44 238 185 0 255 33 242 153 32 255
    0 0 213 0 129 255 75 246 158 0 226 0 0 255 50 0 0 236 156 0 0 95 217
    124 255 0 236 108 135 255 0 77 201 245 255 251 255 194 138 255 25 43
    255 153 0 255 27 131 255 76 255 178 255 0 0 101 45 236 167 111 224
    255 0 167 80 0 107 89 180 63 48 170 0 226 48 0 255 0 9 247 132 0 4
    255 35 27 82 0 0 255 82 12 80 49 255 238 1 100 200 136 170 101 168
    251 153 170 0 79 68 94 0 136 190 206 255 230 11 147 164 0 18 246 185
    185 110 10 255 0 52 215 0 87 11 0 240 104 176 238 70 255 28 166 240
    255 37 66 255 0 204 255 34 51 0 0 53 74 140 154 74 170 255 0 247 255
    255 81 8 0 0 0 0 89 255 77 74 171 0 217 122 241 0 179 255 198 242
    255 255 8 91 0 255 0 149 255 0 255 90 250 255 0 253 0 85 130 89 94
    255 224 212 104 255 255 131 0 6 129 255 125 59 138 210 5 0 0 0 96 59
    0 0 67 0 2 149 154 157 241 255 0 27 12 46 0 143 128 46 0 235 148 42
    79 0 0 255 88 0 179 27 0 116 17 112 255 49 255 233 26 14 255 59 138
    255 49 129 0 170 125 0 44 151 102 22 0 114 171 27 211 255 255 255
    210 255 255 26 72 255 58 255 26 86 121 0 174 0 12 255 83 0 246 255
    66 173 121 146 187 129 36 0 131 95 0 255 212 0 83 206 35 112 173 49
    255 19 234 191 0 0 0 0 208 142 194 0 255 178 183 255 52 0 159 0 255
    255 149 255 255 225 13 164 0 0 255 219 110 232 23 255 254 255 0 252
    219 255 255 75 101 81 86 228 255 255 255 0 255 255 85 255 255 0 167
    0 57 0 62 0 255 197 0 255 232 251 180 184 0 146 255 0 18 141 255 159
    19 186 120 239 185 138 0 0 255 83 84 180 238 184 9 255 23 156 218
    255 243 246 211 38 212 0 65 93 0 243 255 132 255 156 95 62 255 255 0
    146 120 239 18 0 21 190 255 250 255 56 148 150 0 255 224 255 62 255
    0 97 255 88 255 165 161 9 84 255 111 0 255 255 0 255 1 5 97 26 192
    63 94 58 0 44 171 0 24 0 207 85 0 104 16 124 255 93 0 142 139 211
    176 56 109 255 255 213 255 47 219 87 183 255 255 255 255 172 255 143
    117 212 58 255 211 10 171 255 157 255 223 151 0 74 30 59 5 10 255 0
    123 80 16 79 17 227 255 0 0 114 255 11 253 250 255 75 206 172 240
    226 255 60 255 116 110 243 215 0 0 255 255 18 114 255 224 0 0 105 0
    241 218 133 255 141 0 0 254 220 51 111 212 62 57 205 0 178 255 255 0
    241 31 29 0 228 79 61 255 97 0 0 233 112 252 58 169 198 255 220 77 0
    143 49 127 0 124 243 85 0 0 231 243 187 124 255 16 213 67 36 0 69 0
    255 0 170 62 220 0 0 201 176 167 39 0 130 167 210 136 0 112 0 241
    125 0 0 0 41 0 33 235 221 0 0 166 0 56 41 120 0 34 173 95 171 255 0
    88 107 0 255 235 143 136 15 154 0 190 0 255 0 207 117 121 39 5 39
    224 255 255 238 0 62 221 0 255 101 18 255 206 1 182 0 255 134 253
    144 111 209 0 50 126 0 103 0 255 14 246 154 255 140 0 145 14 0 104
    116 255 255 110 44 195 0 148 251 255 84 0 184 223 135 0 55 102 174
    255 183 0 0 54 169 255 230 255 0 102 225 21 39 12 135 255 255 255
    255 27 104 255 27 0 103 77 255 15 0 0 255 255 0 255 255 138 218 139
    161 171 148 0 21 187 207 47 145 163 142 156 255 252 201 255 175 0
    255 221 0 255 142 0 255 87 0 100 0 212 255 44 157 133 255 0 232 191
    255 8 0 147 14 255 255 192 118 255 0 255 216 0 116 141 161 203 245
    68 97 78 191 102 231 0 255 32 195 255 211 206 100 0 44 255 209 205
    105 71 253 255 189 214 213 255 12 0 50 197 3 5 186 255 65 232 255 29
    192 0 26 227 105 0 212 25 0 237 249 0 183 194 255 225 0 0 255 251 96
    131 255 253 150 170 52 30 154 186 139 188 255 0 255 188 118 152 255
    255 255 13 29 255 0 255 163 18 44 155 255 39 108 255 0 170 0 124 64
    0 174 255 164 84 197 35 255 7 143 0 0 247 0 255 0 255 56 13 171 163
    216 6 255 147 28 9 3 0 133 28 246 76 221 169 177 39 255 127 211 255
    142 0 95 0 113 0 255 19 211 7 220 50 95 13 114 10 255 117 79 255 0
    48 233 255 255 255 201 12 192 50 213 94 0 255 0 46 125 0 255 255 255
    255 51 255 75 255 7 4 4 12 161 0 132 205 130 0 65 100 121 67 44 238
    0 204 0 111 0 0 176 63 21 0 136 255 206 255 85 104 11 255 0 48 255 0
    35 255 255 78 13 250 0 140 140 255 46 183 255 180 116 58 224 163 250
    21 89 0 0 255 220 96 0 20 190 255 106 255 201 150 81 40 0 89 0 29 0
    110 0 46 208 255 255 187 145 88 223 169 252 255 255 136 208 191 248
    3 0 255 134 51 206 0 135 25 77 178 45 255 82 26 238 106 128 85 224 0
    0 247 134 202 141 135 47 216 109 255 250 79 242 219 211 0 255 98 197
    255 141 0 99 255 255 9 131 0 255 28 236 0 115 255 226 237 120 255
    132 0 255 142 235 151 0 36 255 14 191 58 0 141 61 72 0 151 170 163
    207 60 255 165 0 189 255 0 144 0 190 255 0 195 255 27 226 148 143
    217 80 0 255 0 0 132 255 0 0 214 249 255 255 96 143 123 216 0 218 60
    255 249 106 0 0 29 0 0 84 130 0 27 34 67 0 174 0 132 152 158 0 192
    255 64 107 0 103 255 171 23 174 225 37 0 0 142 124 57 255 237 255 0
    123 255 255 64 255 178 106 138 255 255 21 255 202 221 2 31 98 225 26
    140 253 255 95 57 0 229 62 255 0 97 221 12 71 67 165 0 118 255 26
    166 185 69 227 255 74 0 184 0 214 224 0 156 255 30 240 144 0 134 255
    140 255 168 255 216 255 0 126 101 198 255 255 136 243 173 163 255
    106 0 0 63 10 255 77 255 71 189 117 47 220 232 183 17 102 128 0 70
    255 73 198 37 2 255 111 255 0 226 20 16 56 255 234 0 183 10 69 15
    184 0 245 225 255 0 238 255 251 0 0 0 11 252 165 153 75 89 255 231
    255 119 255 255 57 255 0 255 255 0 0 0 0 255 232 0 0 255 198 112 0
    255 11 255 255 194 36 214 68 122 170 134 154 70 76 107 255 163 222 0
    198 99 21 201 255 255 229 0 253 2 127 67 0 182 0 169 0 255 64 119 0
    0 0 24 187 255 0 105 138 0 213 48 70 123 232 255 255 182 88 255 225
    225 101 255 55 196 108 0 255 58 114 0 255 0 240 101 68 180 0 6 85 0
    255 255 22 228 228 188 92 255 38 0 0 255 255 224 255 34 111 10 242
    157 141 238 0 252 6 0 241 255 0 255 44 7 185 255 255 19 0 186 255
    223 124 208 201 255 255 147 169 0 230 167 0 255 123 0 96 55 240 251
    211 159 172 144 0 0 255 255 8 215 219 153 72 255 169 184 0 137 255
    61 255 255 97 0 2 99 9 116 255 94 255 15 96 197 128 0 172 171 98 109
    0 255 0 183 103 0 0 188 255 255 255 255 148 0 255 249 54 255 158 0
    152 0 170 248 96 95 255 208 255 0 174 162 75 169 48 24 204 116 60 0
    0 255 255 136 25 255 255 204 196 0 106 177 216 85 0 120 0 165 245 72
    255 134 0 179 0 25 255 0 255 168 119 255 37 217 255 2 198 90 66 145
    0 0 255 110 67 0 8 255 252 255 0 255 255 255 149 55 10 153 38 255
    255 238 1 0 119 162 103 0 133 228 146 58 157 103 255 172 169 0 143
    255 15 138 0 61 231 255 239 226 18 15 65 255 97 143 26 0 77 0 136 0
    0 134 0 12 255 0 85 245 145 178 255 79 119 6 0 255 129 35 131 0 205
    255 162 184 13 187 243 203 255 125 241 255 210 231 151 255 244 0 92
    16 19 8 0 12 18 0 255 54 60 67 255 246 74 24 50 129 112 161 214 251
    0 33 255 235 255 181 6 255 0 203 1 255 0 192 32 161 117 109 255 255
    103 191 237 153 242 212 8 255 255 0 255 255 111 73 206 255 71 0 60
    114 0 100 255 49 50 0 109 255 5 223 116 213 0 240 57 49 0 230 20 0
    110 161 170 0 2 0 238 137 0 49 245 255 85 0 0 166 0 190 168 61 215
    148 219 196 255 255 255 187 77 68 0 255 232 255 0 147 129 181 136 53
    110 29 116 0 124 191 231 134 255 172 54 255 235 55 196 0 169 79 104
    208 43 0 255 0 230 228 143 26 0 153 0 39 44 255 124 239 216 255 170
    0 0 0 0 255 179 126 255 0 0 0 0 0 255 255 252 88 255 0 149 226 87
    129 0 0 108 208 246 0 255 16 9 179 255 60 15 0 255 31 225 0 25 255
    74 255 164 255 9 255 0 200 50 255 255 128 255 0 0 236 0 0 255 0 85
    163 27 0 54 124 0 0 0 88 123 163 20 228 210 255 85 159 255 255 255
    255 242 255 255 118 255 0 139 0 255 0 0 115 173 0 90 0 50 83 204 231
    255 15 213 255 0 255 255 0 57 31 73 49 149 101 167 127 192 159 255
    255 255 255 255 0 154 0 71 65 188 255 151 106 0 255 237 3 255 0 0 61
    13 69 255 233 112 119 229 84 130 255 193 57 0 255 0 255 81 136 255
    94 56 82 174 0 0 0 0 48 50 253 213 230 9 23 137 137 24 0 203 255 68
    0 41 109 105 127 154 0 255 254 110 106 0 128 138 247 237 140 255 239
    0 255 255 151 226 117 195 151 0 0 0 12 108 225 23 209 0 0 255 216
    255 0 135 188 178 227 70 200 20 19 86 255 255 255 225 11 34 145 18
    42 143 67 0 230 88 188 101 226 30 255 64 193 142 0 105 30 0 171 76 7
    0 160 224 136 0 0 255 36 0 255 255 0 240 0 161 166 189 238 60 127
    105 0 254 110 116 101 0 244 9 89 0 15 58 176 227 252 0 255 124 169
    252 255 231 208 177 255 0 129 246 0 91 143 102 103 255 23 0 255 51
    132 104 187 0 240 0 65 172 164 34 0 247 0 98 114 83 70 255 255 110
    255 255 193 225 147 247 255 178 65 205 41 175 0 18 44 236 94 186 69
    199 255 255 25 0 254 0 203 37 0 49 138 52 0 248 0 254 46 246 255 111
    45 0 204 100 0 255 0 41 255 244 0 0 0 223 107 25 0 178 27 12 0 209
    239 42 69 255 30 64 198 98 0 0 155 241 129 0 142 222 92 178 108 255
    26 64 138 122 0 113 166 200 98 0 255 255 83 255 0 73 226 190 109 216
    21 255 126 0 58 69 136 173 255 16 255 0 127 255 138 200 97 109 0 108
    107 255 0 97 255 115 172 0 255 255 74 255 157 255 96 106 255 8 0 255
    0 0 0 177 86 117 102 89 0 255 149 0 0 255 68 120 192 147 0 0 0 123
    183 84 255 255 255 4 0 214 72 255 0 110 255 0 0 109 237 255 255 246
    255 22 255 255 44 255 0 187 77 0 151 255 107 255 81 255 141 97 43 0
    58 138 39 90 255 210 50 217 199 143 19 195 127 157 49 255 66 0 0 255
    8 0 204 102 86 191 138 255 111 206 255 0 255 0 182 0 214 107 86 174
    232 255 0 255 15 28 0 255 0 37 0 0 102 255 108 255 216 33 167 0 229
    197 17 217 49 38 255 175 18 228 255 170 36 255 151 30 255 90 81 78
    128 255 5 76 255 146 155 90 253 233 168 98 238 255 0 255 0 184 57
    178 21 133 0 182 255 53 112 210 6 255 255 0 0 0 247 38 255 101 93
    231 255 171 255 0 226 0 187 0 127 0 82 255 255 138 255 255 101 171
    199 255 178 84 14 154 155 0 127 255 36 210 219 162 157 116 90 230
    255 216 240 84 255 38 151 190 0 74 255 255 87 0 113 186 51 86 0 132
    229 0 255 189 255 172 66 255 0 136 0 136 255 141 204 52 73 94 135
    131 220 198 74 53 255 197 145 255 26 255 0 65 255 64 255 255 182 255
    255 71 14 39 244 0 50 182 78 35 0 255 25 255 181 255 163 254 107 0 0
    141 0 0 175 180 195 50 19 45 0 151 2 104 128 86 0 35 104 97 255 0
    250 251 255 154 239 255 211 181 255 255 0 0 226 68 255 0 52 191 0
    206 240 126 0 255 133 130 129 0 255 80 101 110 103 25 229 255 96 95
    63 38 222 0 0 255 214 152 158 0 0 255 172 247 3 255 66 65 255 91 172
    20 38 203 52 227 216 218 255 222 192 203 255 113 123 241 246 97 0
    124 221 255 255 28 103 216 152 46 96 14 255 0 0 55 64 146 189 29 188
    255 127 255 103 154 0 0 246 48 54 134 0 0 90 42 44 223 85 173 0 97 0
    255 0 255 255 95 8 231 0 0 255 241 12 135 25 255 255 234 13 255 0
    255 0 44 164 0 53 255 242 65 66 248 228 255 0 255 255 227 86 71 0 99
    0 255 0 45 0 0 0 255 203 142 222 255 211 212 209 0 203 92 131 23 255
    255 255 255 255 0 141 72 113 94 0 255 33 255 64 190 177 0 250 206
    255 162 255 219 29 255 183 84 209 241 250 247 255 118 46 255 255 78
    255 41 165 255 54 135 255 123 139 255 176 255 255 98 255 161 89 255
    0 249 129 0 255 0 255 180 230 0 190 34 0 151 206 29 183 142 255 199
    103 255 116 159 198 95 255 0 255 0 220 23 193 28 0 88 5 236 229 207
    59 226 255 255 255 255 241 159 0 127 255 87 0 152 185 255 60 186 123
    87 0 246 125 212 0 125 219 0 214 38 0 220 198 8 65 0 250 108 0 0 0 0
    130 34 153 94 15 0 255 255 3 43 255 17 224 238 73 0 255 156 52 255
    255 255 177 209 0 106 178 255 56 199 255 0 52 255 54 255 255 0 0 52
    23 114 192 190 255 102 51 255 214 134 174 53 255 111 0 101 0 0 158
    215 224 150 180 109 33 0 136 186 255 235 157 201 106 255 176 96 17
    62 121 174 0 0 29 0 0 146 141 105 156 206 255 255 62 255 115 21 184
    255 255 3 82 255 240 137 7 23 126 255 65 175 157 226 0 238 129 95
    255 0 0 0 255 98 0 0 235 188 174 255 255 237 38 15 255 22 255 120
    162 37 251 41 199 143 150 210 19 113 0 0 0 191 28 190 0 0 91 122 255
    46 249 79 0 99 217 0 55 38 213 0 0 57 0 52 9 75 152 0 7 255 211 66 0
    39 0 62 255 93 206 0 42 217 216 207 189 17 34 56 0 65 241 196 225
    255 37 55 0 17 238 255 206 255 22 255 0 222 111 85 35 233 246 62 78
    254 224 255 67 255 46 0 98 211 0 50 40 63 12 26 0 85 95 54 46 179 11
    0 135 104 255 176 39 223 6 255 100 255 97 84 123 163 0 255 0 0 154 0
    228 195 0 255 0 71 0 19 60 0 255 255 185 0 255 71 189 109 168 79 255
    123 97 210 0 0 110 9 0 19 0 197 255 255 18 255 255 255 0 0 255 83 42
    0 80 93 198 0 217 103 1 255 208 111 200 0 187 255 182 139 187 192 49
    192 170 255 0 127 142 255 0 135 0 94 255 0 139 160 17 0 255 250 182
    255 255 0 255 101 55 0 106 86 57 0 255 126 0 78 151 0 147 255 57 187
    222 0 182 0 184 81 98 253 246 0 255 255 85 242 255 223 0 193 105 127
    79 0 227 227 211 140 255 0 74 141 180 13 0 255 0 0 123 255 151 0 234
    145 128 56 223 0 205 0 45 66 57 255 255 215 206 124 75 68 149 0 72
    122 255 0 255 0 121 31 255 0 255 200 255 255 0 209 193 0 255 127 255
    255 0 138 202 234 44 157 42 215 0 195 0 234 14 0 255 255 73 58 255
    255 255 243 255 166 0 205 149 0 255 255 255 172 255 184 109 255 228
    0 255 255 80 255 0 0 173 0 255 40 255 197 255 255 207 26 0 255 0 40
    0 217 189 0 160 0 10 196 69 49 0 48 26 0 255 255 0 232 39 57 255 46
    255 224 255 255 0 55 133 104 37 0 38 116 0 90 255 90 184 248 125 137
    48 255 0 255 255 169 137 146 167 128 198 255 118 253 209 255 255 178
    255 204 47 255 87 255 255 238 255 0 255 0 187 152 255 255 251 49 35
    142 202 0 218 255 230 210 12 77 237 193 0 116 0 88 0 223 0 0 102 34
    134 0 0 255 255 127 0 205 148 9 255 255 193 69 217 244 200 204 248
    127 122 2 181 0 238 204 231 122 236 255 255 61 98 255 195 4 9 0 0 0
    0 148 152 96 255 105 42 255 255 101 55 242 167 7 255 254 218 170 0
    168 165 160 31 95 187 0 0 102 255 197 121 187 137 128 255 136 255
    116 0 255 208 0 18 17 255 247 0 170 29 9 74 75 65 200 247 205 255
    208 136 150 0 255 134 255 223 255 201 252 6 255 68 27 65 0 34 195 78
    78 84 106 255 107 0 255 62 0 69 255 237 0 214 8 255 226 255 189 138
    255 229 0 0 0 98 255 178 235 0 177 27 0 111 53 0 102 127 105 13 255
    255 0 255 194 58 245 56 37 5 45 16 0 30 255 47 2 202 255 57 236 213
    164 169 192 249 122 167 255 155 0 248 0 153 24 221 0 52 255 255 155
    30 192 53 115 107 106 119 56 96 255 129 205 249 82 254 0 0 6 0 80 0
    255 255 255 0 137 255 0 36 157 76 128 208 19 223 255 255 38 110 54
    52 46 222 145 12 107 32 212 26 149 255 10 0 11 148 0 246 255 5 118
    90 0 255 49 241 145 251 194 0 255 255 38 242 228 82 51 181 30 111
    255 23 254 122 193 166 202 138 255 255 255 183 255 125 0 51 0 140
    255 190 255 255 12 25 0 0 0 63 255 127 0 121 26 0 65 220 254 0 255
    249 248 81 210 87 255 180 237 201 0 185 186 255 38 255 248 52 55 255
    23 209 255 202 255 3 39 15 20 0 68 0 255 246 0 198 198 97 75 236 0 0
    120 8 159 0 43 43 29 162 225 255 255 0 255 49 187 181 255 42 255 81
    247 205 28 43 0 0 25 54 109 18 255 97 214 242 255 28 70 168 255 243
    0 0 0 27 215 57 255 191 72 129 45 221 137 22 255 0 197 255 131 98 99
    0 131 255 150 145 7 10 112 0 62 209 108 87 52 107 0 183 158 20 86 61
    213 87 123 255 144 147 7 195 111 220 240 47 255 255 48 69 255 155
    212 60 127 158 255 218 0 197 139 218 134 52 43 8 11 0 249 180 0 29
    57 255 6 171 255 99 0 0 0 118 244 198 0 255 100 93 186 100 0 0 134
    235 60 255 91 255 59 216 255 166 127 90 207 63 216 164 255 0 0 245
    67 116 0 119 47 48 54 96 25 255 104 34 191 0 0 232 0 50 0 194 254
    255 83 61 190 39 90 90 75 185 245 186 0 144 105 233 193 0 135 106
    199 2 195 216 0 0 78 0 86 255 0 135 255 3 124 128 237 59 169 100 0
    214 187 89 171 255 0 255 25 228 225 255 0 114 255 146 0 120 0 236
    243 51 98 145 127 31 255 255 143 254 185 163 0 0 84 243 0 0 29 0 182
    0 134 220 118 25 0 127 250 204 255 255 0 185 71 255 0 255 223 175
    184 255 102 208 14 239 19 0 152 30 0 158 110 255 255 255 255 255 227
    255 0 0 2 255 195 255 243 58 106 160 255 0 152 255 0 60 86 0 0 0 31
    245 200 220 213 196 255 255 0 122 255 255 5 255 255 162 8 0 46 255
    145 116 0 129 0 102 255 0 128 37 173 0 0 66 90 255 238 138 235 255
    185 198 204 207 255 0 255 140 114 67 77 165 110 161 255 171 88 255
    48 29 255 212 74 255 51 0 60 18 150 255 255 228 154 255 66 158 71
    160 125 30 255 0 119 82 0 170 43 140 193 0 195 0 237 255 255 57 248
    241 0 6 32 255 164 225 255 0 255 62 0 86 7 0 0 123 255 255 4 255 242
    0 0 255 107 100 0 129 0 24 148 0 0 81 254 41 18 175 209 83 55 103
    255 85 66 155 0 0 46 231 215 255 31 78 0 99 255 106 22 121 215 102
    232 0 245 74 69 255 163 62 92 0 255 204 40 0 133 0 255 255 84 35 32
    51 10 0 86 177 0 103 211 0 255 28 38 255 177 191 186 0 66 224 85 255
    135 253 5 0 255 0 149 0 0 110 169 0 0 236 130 77 255 0 255 169 0 0
    255 179 223 161 238 62 200 253 225 31 219 0 147 0 190 0 220 255 226
    0 47 0 13 49 0 0 0 63 171 66 165 255 202 0 167 255 0 36 255 116 245
    250 171 55 128 221 69 0 78 81 0 227 176 187 150 48 94 115 255 255 0
    135 147 216 136 255 142 209 0 168 0 255 73 161 245 0 58 52 39 206
    255 32 90 255 255 105 255 255 0 58 244 0 0 255 255 255 253 45 128
    157 255 255 24 255 6 255 0 117 217 218 151 255 255 117 10 255 148 16
    81 76 255 131 0 158 112 196 255 175 148 219 149 71 0 184 255 234 0
    255 99 255 0 255 0 0 33 207 0 148 2 235 181 56 148 0 89 109 48 255
    157 154 22 255 250 116 255 255 185 255 255 157 7 186 200 207 69 255
    205 255 0 199 255 150 168 255 43 14 253 131 255 29 39 159 0 236 196
    211 0 195 255 0 11 0 255 76 60 255 183 0 13 254 231 255 0 100 246 0
    102 4 0 206 196 0 53 106 228 255 255 255 255 127 0 255 255 107 136
    88 74 46 255 187 215 25 118 0 220 107 0 101 32 10 255 211 206 118
    167 255 102 52 255 19 171 150 255 20 173 0 152 39 0 18 24 47 89 67
    82 10 0 158 137 20 0 16 120 45 41 135 0 255 96 0 30 229 255 21 154
    174 255 215 133 255 241 131 76 202 255 82 255 255 255 178 64 175 196
    0 255 229 158 0 112 12 190 0 208 16 158 223 0 103 0 179 156 0 255 86
    233 255 153 219 255 219 51 62 81 96 255 255 255 0 235 0 114 150 163
    2 4 158 191 172 0 255 214 0 255 149 128 80 45 255 161 46 42 255 0 0
    33 227 168 106 133 162 181 194 20 0 133 252 14 250 255 0 255 221 242
    255 128 173 97 197 0 205 250 89 0 251 255 76 150 23 247 199 186 83
    210 242 15 0 227 255 42 153 255 201 255 73 6 144 232 22 255 55 165 0
    53 233 219 191 255 101 113 0 0 236 206 6 77 255 55 0 172 255 0 161
    255 122 0 255 0 126 6 173 255 125 233 241 255 27 94 249 73 109 249
    248 174 255 236 115 21 185 160 214 255 255 172 136 139 236 167 197
    36 58 255 204 253 163 187 255 140 204 0 0 0 152 0 34 76 191 111 74
    124 0 4 0 18 154 255 147 135 177 184 247 0 226 255 125 0 98 105 230
    85 39 159 229 0 212 255 103 19 255 255 0 255 255 205 100 255 0 0 94
    79 30 245 255 133 26 0 248 0 244 255 184 0 255 0 254 239 114 91 0 0
    255 255 0 0 151 255 22 255 185 255 112 51 207 129 231 90 88 0 0 61
    115 0 0 0 0 102 0 0 67 50 26 72 255 0 255 144 0 183 41 255 207 179
    97 255 235 249 34 0 255 0 49 204 90 87 114 250 253 173 255 198 255
    255 182 255 216 0 10 0 23 139 255 108 72 202 231 27 75 73 160 205
    111 45 120 76 0 195 167 217 59 52 0 201 255 118 183 0 49 253 0 207
    28 0 218 255 255 0 4 23 37 215 64 161 135 208 87 228 72 255 16 255
    104 196 255 239 180 151 255 0 164 255 255 53 48 132 0 0 26 0 102 210
    0 57 0 16 7 0 224 255 227 136 62 255 98 255 69 241 0 230 161 14 173
    13 0 158 122 100 111 192 255 255 179 255 49 168 255 54 255 173 255
    30 0 230 223 103 127 255 0 246 0 161 154 0 164 255 248 184 255 255 0
    255 152 0 55 125 255 168 120 23 8 29 0 30 0 180 119 0 255 171 22 228
    101 169 230 14 0 255 156 0 0 118 0 255 0 0 170 198 0 108 131 155 113
    207 255 255 251 24 0 216 214 0 64 36 31 0 196 255 4 0 55 123 192 148
    255 255 199 190 250 228 125 0 18 0 255 65 203 241 181 255 255 0 4
    124 255 226 181 138 252 5 253 107 176 0 99 50 0 6 255 179 0 10 144
    158 255 69 255 0 255 99 74 42 230 0 150 61 191 255 198 100 85 89 42
    255 154 0 148 87 68 137 0 255 212 6 255 255 76 255 117 0 255 255 255
    120 0 255 245 175 208 25 255 141 80 69 243 199 139 0 0 255 147 255 0
    94 255 29 255 44 156 255 0 0 119 66 192 122 255 255 225 0 223 0 0
    255 208 255 115 15 160 255 0 181 0 49 187 239 235 0 0 255 25 0 0 226
    169 54 242 137 8 255 231 255 255 159 192 230 255 255 78 0 1 255 0
    103 124 213 255 224 0 87 125 103 188 230 255 103 70 245 76 78 165
    255 175 74 103 163 251 226 110 116 0 0 255 27 137 50 114 133 144 25
    162 72 53 235 255 0 255 255 255 218 255 145 41 255 224 255 120 151
    154 0 242 255 0 0 206 115 176 227 222 255 90 73 71 159 0 225 174 230
    79 254 255 149 132 14 255 195 120 117 222 237 104 255 119 88 190 255
    255 149 80 37 97 175 22 82 179 49 143 213 0 214 119 226 22 0 168 47
    255 0 207 200 0 90 176 77 0 255 255 15 143 255 255 0 3 122 255 9 34
    35 0 255 0 0 199 63 17 158 0 108 83 72 122 0 108 158 151 24 133 87
    113 20 61 255 67 155 255 156 38 0 51 219 125 76 175 255 0 32 250 37
    196 255 255 0 114 148 166 144 255 14 65 0 89 255 255 99 255 0 0 255
    203 122 71 240 251 52 0 211 109 235 60 72 245 0 0 0 190 200 255 51
    35 3 245 147 0 243 197 128 132 0 245 255 255 255 0 0 36 0 0 255 147
    254 19 56 255 0 142 240 100 10 0 240 135 212 158 75 179 169 0 0 243
    255 255 113 76 222 255 224 235 0 0 86 190 60 64 194 255 26 203 255
    28 0 50 151 255 17 13 0 30 185 198 244 26 255 146 255 87 54 83 64
    231 37 255 127 0 205 255 206 179 255 187 0 154 24 255 68 221 0 242 6
    177 0 100 139 144 68 56 138 176 128 235 255 115 129 137 241 46 42 13
    124 110 173 99 91 62 0 143 102 119 6 255 107 0 235 52 210 178 255 30
    149 240 0 0 195 186 242 222 107 255 3 220 90 9 167 206 184 22 174
    255 230 255 150 36 91 255 255 173 0 194 159 234 255 64 239 79 54 0 0
    210 0 140 10 211 2 0 0 0 163 200 0 233 96 255 151 255 255 150 0 196
    41 255 10 255 91 220 211 18 248 255 184 70 157 55 62 49 255 0 11 84
    227 115 144 199 207 142 0 255 0 255 165 99 255 138 0 255 64 149 104
    0 155 62 88 0 0 255 0 160 0 135 255 4 27 0 0 160 81 0 255 255 159 0
    216 155 147 157 0 6 0 132 64 193 255 28 15 103 255 150 0 0 70 255 0
    255 57 0 155 83 233 255 152 140 60 246 251 0 255 138 255 0 255 156
    115 0 195 118 65 255 0 178 180 0 255 0 39 255 126 255 43 82 173 65
    213 47 31 255 1 255 130 86 242 176 146 8 0 255 232 255 73 0 235 134
    3 0 46 131 0 65 180 0 255 135 168 141 150 200 246 10 255 3 206 0 255
    209 154 146 255 167 0 217 91 111 172 255 251 34 144 162 255 0 36 146
    0 0 161 0 31 178 95 240 245 42 0 110 132 224 43 94 84 163 198 0 207
    0 248 61 202 0 171 211 129 255 0 0 227 115 65 255 94 43 120 0 170
    160 174 195 0 190 255 0 31 255 107 19 157 125 119 82 131 0 255 64 36
    195 3 0 255 225 255 0 92 240 0 176 0 149 167 60 255 149 22 255 0 0
    255 124 255 144 246 255 255 255 126 255 125 0 128 255 255 42 170 6
    55 87 0 4 191 253 69 171 255 210 42 0 62 219 255 0 25 255 198 255 85
    255 223 0 59 153 255 0 104 0 0 0 175 0 152 184 127 0 255 255 152 0
    186 0 255 170 255 0 237 121 74 175 225 0 0 255 207 246 0 0 10 0 0
    255 186 0 132 130 164 255 148 255 107 173 255 92 0 174 170 255 6 33
    235 12 188 252 197 0 50 196 255 0 255 12 195 28 135 21 48 28 48 33 1
    0 49 255 0 0 224 223 255 255 72 122 181 89 0 255 174 0 71 113 255 86
    255 51 0 255 255 0 255 144 0 240 0 255 0 176 0 0 103 250 255 55 82
    89 255 49 255 255 255 178 215 146 9 95 0 0 228 229 0 255 255 115 150
    255 16 235 255 142 0 212 0 255 212 255 255 255 0 250 7 10 61 0 255
    231 0 196 0 255 255 255 213 254 133 57 106 0 165 180 255 255 0 0 230
    47 251 32 125 0 48 0 87 25 0 230 255 194 255 0 0 36 0 248 255 0 40
    255 160 23 255 255 112 255 41 114 10 82 205 255 255 85 252 0 255 73
    255 33 57 0 255 152 0 11 255 212 34 0 0 77 222 238 181 116 170 0 9
    38 237 140 180 0 53 135 51 197 134 162 255 0 128 52 255 16 31 255 0
    252 79 255 69 193 255 85 47 50 226 126 0 0 255 157 255 117 23 0 186
    254 0 142 0 255 158 0 255 4 228 0 198 255 108 255 255 115 255 65 255
    126 0 208 255 61 159 0 122 59 210 201 25 130 179 255 0 255 255 28
    190 129 255 130 255 232 92 104 149 0 192 62 176 75 5 106 255 226 86
    105 236 255 255 210 255 148 23 85 255 0 50 0 255 0 0 149 24 97 29 0
    44 63 92 243 0 29 95 170 0 119 255 0 105 103 199 255 169 10 0 81 32
    140 255 0 0 22 160 176 255 255 208 208 255 118 255 197 93 0 217 0 0
    210 0 123 116 253 88 127 109 164 28 255 61 255 67 0 87 146 253 0 216
    10 0 55 61 247 255 255 185 90 105 0 174 255 0 255 255 255 20 232 0
    220 93 0 141 105 255 255 255 255 0 255 104 255 164 144 255 217 101
    48 245 255 220 186 135 255 255 241 255 144 0 255 10 122 0 77 255 162
    76 255 35 0 255 0 123 115 87 156 232 239 104 61 228 177 0 115 22 22
    0 45 105 14 0 96 255 136 0 45 223 211 0 0 0 255 0 248 24 53 161 207
    0 139 255 0 175 0 0 255 162 17 255 0 255 4 86 42 52 26 0 105 154 206
    254 0 97 16 251 191 155 255 175 255 251 77 176 55 0 46 161 82 0 255
    111 90 14 0 116 255 255 0 237 106 64 255 133 0 201 70 255 77 0 72
    177 53 238 137 52 180 177 9 154 255 255 0 0 0 198 145 0 255 255 229
    215 244 65 244 7 26 202 0 99 150 255 194 252 72 53 0 0 126 20 15 209
    87 0 5 230 158 241 218 0 198 223 205 9 130 224 135 228 41 110 0 173
    208 123 0 255 255 163 255 101 46 78 255 78 129 139 233 217 200 60
    137 255 180 97 224 255 206 0 59 255 122 12 237 200 142 125 167 255
    121 4 33 255 170 255 0 0 87 202 0 184 244 30 0 0 215 8 91 0 212 144
    210 255 252 255 52 0 0 88 0 0 208 0 120 0 60 55 126 0 255 117 255 0
    0 5 255 255 0 0 255 41 29 139 255 79 0 94 247 16 0 175 255 83 255 0
    0 255 188 146 11 36 9 0 0 124 77 89 241 7 255 209 255 255 255 97 255
    127 63 27 0 47 197 29 149 0 212 0 6 191 0 255 255 239 255 194 138 39
    14 255 204 255 127 55 69 184 177 0 77 255 20 213 7 153 131 0 187 235
    14 122 0 172 39 255 255 209 50 0 13 89 172 157 43 0 203 56 0 0 0 58
    56 51 0 79 215 27 0 123 0 62 0 10 0 22 0 51 255 233 255 22 255 111
    243 255 0 29 0 0 55 126 0 155 0 212 0 255 0 0 255 131 181 103 253
    196 21 164 16 0 0 38 133 82 255 0 255 255 89 255 0 35 152 255 0 255
    0 26 77 127 34 172 227 216 223 255 164 255 0 106 74 231 152 0 0 237
    32 88 143 32 224 130 206 32 255 109 0 81 119 0 125 195 0 0 178 82 33
    20 205 46 185 104 194 255 77 221 251 201 255 102 255 0 89 159 0 231
    255 255 255 227 32 255 255 0 2 0 59 255 175 255 255 0 0 0 92 0 124 0
    70 71 0 170 0 255 79 121 144 252 0 49 112 11 125 247 26 255 242 0
    103 0 247 182 222 62 158 0 255 0 0 45 0 255 112 255 39 159 220 18 89
    180 188 16 255 0 0 136 4 236 212 29 0 255 255 255 91 0 5 243 96 255
    61 255 0 122 144 255 0 117 255 221 31 34 120 152 122 227 0 234 145
    11 200 2 48 245 21 5 0 255 14 0 0 17 125 0 112 255 228 240 71 161 0
    44 238 162 65 253 34 129 255 255 255 79 120 219 0 120 5 191 203 255
    0 255 237 0 83 255 174 0 0 74 108 49 255 195 15 255 126 72 135 255
    196 0 0 167 28 76 184 255 255 255 151 53 255 0 0 255 255 0 255 255
    190 54 205 50 12 233 255 199 0 206 137 66 200 12 47 227 190 173 252
    105 0 168 18 255 161 0 244 15 143 255 189 209 255 36 6 30 255 8 3 12
    195 36 0 255 0 0 65 255 173 132 151 255 23 242 149 0 254 54 250 0
    121 225 0 216 239 243 255 110 151 189 14 0 85 93 214 45 12 255 197
    137 202 130 0 236 104 170 0 0 215 235 77 204 135 0 16 48 161 136 243
    142 228 62 255 238 48 96 39 154 0 199 3 0 0 246 0 0 168 0 197 9 27
    189 64 211 255 255 155 226 255 0 255 198 255 117 89 105 224 98 0 255
    211 0 129 255 65 0 0 176 255 143 63 167 255 242 93 255 171 229 0 255
    194 173 234 255 0 79 104 79 253 205 98 0 63 66 0 0 126 67 0 80 255 0
    255 33 236 109 0 105 0 25 231 144 255 0 251 0 0 111 255 81 0 56 5
    196 0 36 4 123 0 100 54 67 208 178 220 255 167 55 206 77 8 189 255 0
    6 129 144 248 184 106 82 255 57 166 179 96 213 210 229 255 176 187
    255 24 0 0 0 137 26 65 153 2 0 255 28 69 82 0 80 0 61 0 98 255 0 46
    197 44 215 0 91 0 255 255 255 0 139 80 0 219 0 255 245 126 136 249
    255 95 255 255 0 0 138 134 158 160 143 221 2 87 158 0 0 255 255 0
    129 163 0 0 0 70 192 0 155 124 81 0 122 0 176 255 255 255 33 159 100
    199 82 42 58 0 54 28 255 12 255 255 52 0 15 0 0 255 146 21 0 210 0
    153 83 33 159 0 16 29 255 0 255 4 255 0 0 0 178 60 211 144 255 195
    236 63 160 0 26 255 255 0 58 34 61 255 21 255 0 187 146 0 30 52 100
    26 255 6 82 0 212 255 215 0 105 255 131 230 255 56 253 0 20 112 237
    215 50 231 45 216 45 34 58 0 172 59 221 110 7 0 124 0 21 255 59 0 0
    0 0 241 123 0 211 169 65 238 255 255 255 238 83 217 101 0 255 255
    247 254 215 37 236 248 255 67 12 165 255 123 203 255 139 8 168 237
    76 212 255 6 0 175 66 0 42 255 0 0 27 22 255 137 254 255 0 0 247 91
    0 36 191 154 243 255 223 255 120 255 255 248 255 255 65 255 169 255
    129 0 185 62 255 80 247 167 17 173 191 255 0 89 0 227 0 255 255 0
    199 0 0 145 0 0 230 0 205 1 229 253 18 13 255 0 231 61 0 0 49 237
    255 221 0 23 101 125 87 85 0 0 255 22 255 0 255 255 214 43 255 241
    55 0 255 0 194 255 128 0 216 0 124 0 142 0 217 255 61 71 208 255 196
    74 0 59 149 189 51 0 0 0 0 128 255 99 142 255 221 255 136 0 255 5 54
    36 255 0 176 232 217 255 224 255 0 0 254 11 187 143 0 255 174 18 255
    255 0 238 0 238 19 210 139 166 209 123 209 255 64 9 167 40 0 22 255
    0 218 95 255 242 105 255 223 99 255 215 255 25 0 209 41 4 236 0 220
    0 0 214 177 0 255 0 0 56 95 129 180 255 0 135 220 86 45 0 50 241 110
    46 6 121 0 126 57 193 25 255 232 0 0 71 225 0 0 189 0 138 255 73 212
    230 207 246 240 0 0 93 147 199 0 0 0 255 233 0 98 182 255 228 255 44
    193 204 0 254 0 9 255 255 107 0 0 100 201 255 240 97 255 255 0 167
    255 255 0 145 255 0 82 255 13 136 34 234 166 141 180 101 243 128 68
    255 0 255 156 185 0 0 185 0 96 118 132 243 18 0 36 0 108 57 162 0 0
    255 101 0 255 22 169 0 10 0 255 114 213 235 171 255 72 40 241 27 79
    0 146 0 23 25 236 75 47 0 0 83 0 169 0 0 166 255 0 255 191 193 0 255
    237 140 255 134 142 0 255 145 235 43 153 0 0 201 200 203 255 61 255
    0 27 0 255 106 71 108 0 0 40 0 8 183 78 167 0 255 0 255 255 8 255 83
    113 73 58 84 255 159 11 42 255 0 232 165 1 0 255 236 255 255 0 255
    181 144 26 200 177 71 141 150 142 28 255 250 6 63 105 119 72 255 0
    100 0 106 96 0 0 193 99 255 255 255 0 182 255 65 8 242 120 239 0 0
    200 65 255 184 231 0 30 0 255 157 255 47 225 174 241 255 129 162 0 0
    40 0 135 203 209 188 255 255 14 175 0 67 22 88 192 255 26 62 176 86
    0 193 189 198 229 180 0 252 0 255 138 213 56 0 171 90 48 255 255 80
    0 55 38 33 19 255 0 0 72 0 0 255 82 175 0 221 0 255 255 255 158 255
    0 249 255 128 255 255 240 255 0 189 43 142 67 202 139 47 131 255 44
    231 0 0 70 42 221 91 0 200 255 118 0 255 138 119 163 234 9 255 0 205
    107 157 255 150 157 52 0 80 123 215 1 36 175 195 2 217 199 36 0 0
    243 158 190 255 0 108 255 255 69 199 57 53 76 166 90 255 0 255 91 0
    9 215 10 255 255 255 188 193 255 98 255 141 55 144 22 61 0 55 107
    255 0 47 111 0 0 238 156 0 119 165 21 38 11 255 2 191 255 255 255 0
    10 0 0 23 0 0 215 83 34 158 47 251 178 90 255 174 142 106 255 0 3
    151 227 255 7 196 104 0 45 69 110 0 0 255 15 0 0 0 255 0 255 187 255
    0 255 0 115 155 0 142 238 221 255 190 231 116 0 222 5 45 101 0 255 0
    185 255 31 31 220 67 163 43 98 255 147 29 255 188 0 12 241 0 48 111
    167 183 175 169 130 56 230 240 187 255 137 0 137 176 0 0 207 83 0
    255 0 77 255 70 0 144 0 119 68 178 65 0 31 255 54 242 120 124 207 30
    0 82 2 255 0 107 255 97 255 255 1 217 255 0 0 217 255 0 186 229 255
    233 0 17 0 174 197 255 0 255 200 255 0 228 61 0 24 177 255 180 139 0
    0 255 255 6 155 12 255 221 0 39 255 255 0 192 0 97 74 0 255 5 0 110
    0 0 0 200 255 170 76 0 0 191 255 255 48 134 66 255 153 70 138 255
    255 20 0 255 0 108 0 0 255 0 44 255 207 255 0 255 71 255 120 165 239
    0 47 0 115 75 0 0 255 97 255 214 255 248 165 1 177 0 240 207 163 0
    168 0 0 0 147 0 255 91 0 255 0 216 255 232 0 101 222 74 65 195 0 171
    4 22 252 96 186 0 73 255 242 13 255 82 65 255 100 0 144 255 209 233
    255 93 0 0 255 208 0 255 115 255 255 149 189 157 255 87 255 239 0
    255 255 255 49 0 79 255 255 86 20 227 132 23 113 150 255 82 33 255 0
    8 243 0 0 78 239 109 228 0 147 131 209 255 0 194 174 255 97 255 219
    167 0 223 0 0 229 0 255 24 0 255 207 12 255 0 0 255 90 11 2 106 0
    255 0 43 150 222 195 255 144 188 0 139 104 229 255 0 231 112 0 0 255
    248 185 0 207 42 217 0 0 191 0 0 255 106 0 166 98 171 255 0 242 0
    142 125 35 193 255 255 12 49 73 0 51 0 92 211 173 209 65 255 179 7
    222 63 244 81 0 0 0 54 255 125 173 255 34 52 0 227 201 71 190 226 62
    193 19 255 0 172 0 230 255 0 177 196 50 255 12 34 0 194 23 249 0 34
    209 173 120 0 13 255 129 85 33 0 92 255 182 207 9 90 167 53 191 77
    139 255 230 95 17 158 255 52 0 255 67 128 255 0 56 255 16 244 255 78
    104 85 255 0 255 94 0 145 28 199 91 82 255 0 243 164 37 128 177 46 7
    255 0 152 255 46 196 161 237 69 0 108 96 20 99 80 22 27 172 110 139
    255 255 12 44 255 255 0 255 237 255 0 208 176 35 0 0 71 202 226 21
    15 192 180 204 153 154 29 206 174 0 34 0 196 255 112 0 249 96 73 124
    211 255 29 0 255 160 122 187 16 231 97 78 187 201 61 254 235 255 212
    254 29 255 0 160 148 0 0 255 0 7 25 0 0 203 255 0 194 0 184 18 255
    252 27 32 0 255 151 255 255 13 255 255 0 81 176 202 223 255 255 148
    255 0 234 124 240 0 0 0 255 0 89 255 0 67 92 122 184 33 105 0 255 50
    180 255 184 16 255 0 42 5 30 0 123 194 44 198 209 154 255 0 255 44
    255 238 109 255 39 151 132 253 139 173 223 103 243 41 138 33 138 181
    65 108 255 204 74 47 1 255 134 140 255 0 255 212 109 62 202 0 241
    255 255 80 255 0 0 129 255 0 157 5 182 254 255 0 79 0 0 211 240 255
    200 121 234 0 6 179 255 135 0 255 255 8 114 33 139 8 255 124 255 0 0
    255 201 101 255 0 69 129 188 100 124 255 106 0 42 102 200 0 27 25
    211 51 0 8 252 247 2 79 255 143 172 147 54 255 72 251 100 255 236 0
    63 45 176 87 189 17 255 255 255 189 0 88 160 82 0 51 100 0 109 0 0
    194 240 223 0 243 255 75 145 46 11 13 20 44 12 183 0 201 0 74 0 255
    255 255 255 0 151 0 173 10 255 195 16 124 182 102 255 165 2 147 255
    82 159 67 155 204 9 242 170 187 255 255 39 102 255 0 0 5 247 63 192
    0 95 0 141 131 16 255 0 0 138 255 102 0 242 208 126 54 253 102 227 0
    98 167 85 0 166 223 207 0 185 21 255 255 247 255 31 255 255 0 84 255
    140 229 255 0 9 186 49 130 224 75 108 8 114 19 58 52 0 0 0 0 107 0
    211 237 0 0 130 213 0 187 57 44 147 195 255 241 67 255 113 0 255 62
    0 6 255 181 255 124 255 203 0 68 44 0 255 9 255 199 145 181 255 0 0
    0 0 0 60 37 134 32 116 255 0 0 174 0 0 21 0 255 108 157 101 35 198 0
    121 68 255 0 255 255 23 147 0 232 57 133 255 48 212 247 80 149 103
    120 20 133 10 229 0 77 180 183 209 181 70 0 255 183 168 46 93 153
    138 255 153 58 138 92 175 137 255 158 145 147 150 255 106 234 218
    255 255 118 0 255 197 63 0 255 52 240 174 0 95 255 0 83 181 207 133
    170 152 28 0 255 160 202 140 255 248 110 242 0 223 0 62 0 252 91 255
    182 0 226 209 255 224 255 31 246 197 0 255 255 28 82 94 0 99 0 0 230
    140 188 16 135 220 238 229 255 255 204 27 118 193 0 241 214 255 255
    0 173 43 198 222 255 0 0 0 255 154 255 255 53 255 0 181 121 12 255 0
    255 199 218 255 149 253 140 225 0 0 148 179 126 158 112 0 73 179 67
    255 5 0 239 113 0 252 0 0 127 30 0 64 255 140 184 204 159 0 211 137
    139 47 3 255 255 255 255 50 211 219 131 117 247 49 0 8 0 121 196 134
    38 103 0 12 181 41 3 0 211 106 0 255 45 0 255 51 142 0 186 238 0 201
    255 162 0 154 255 255 0 255 255 255 0 255 56 183 208 0 88 0 173 165
    175 255 255 7 229 164 207 1 16 20 95 77 50 98 116 89 0 13 255 254
    239 85 170 254 188 0 255 135 255 158 255 255 178 48 176 184 5 255 1
    251 0 0 0 42 52 0 216 79 126 255 86 68 147 18 255 177 187 231 112
    141 220 255 76 255 225 237 0 169 255 220 183 255 90 255 29 46 93 255
    25 255 89 0 0 5 205 127 0 0 201 0 197 248 255 0 215 89 0 182 255 0 0
    201 0 213 0 0 150 255 102 112 89 144 255 3 0 198 0 141 255 101 176
    104 0 45 255 67 206 109 106 255 75 0 255 255 99 255 41 255 0 243 38
    185 199 255 0 78 187 255 1 24 238 0 12 101 0 86 255 255 189 255 85 0
    255 3 163 186 206 225 161 243 102 74 3 169 0 252 255 255 0 0 33 231
    161 113 0 192 69 155 0 0 0 103 232 0 76 27 138 14 81 230 0 179 172
    69 17 0 166 188 0 67 27 141 33 235 194 66 0 66 162 80 0 43 155 0 179
    149 255 3 45 255 186 0 255 181 0 255 25 137 29 14 255 125 128 6 16
    48 6 135 144 255 63 255 9 102 77 136 0 0 145 87 205 96 255 9 255 255
    255 211 0 0 18 110 0 113 0 140 71 253 255 174 0 0 255 40 255 241 169
    255 97 53 195 255 0 204 143 0 255 69 0 255 116 126 5 255 0 0 0 0 0
    157 125 255 2 0 134 212 63 4 167 126 65 246 0 125 255 45 0 255 255
    141 230 2 118 224 0 204 119 158 255 255 149 255 0 83 0 255 255 255
    182 210 86 33 129 43 227 125 194 0 255 255 255 55 238 118 255 188
    255 238 255 255 98 22 38 239 0 125 215 0 11 0 0 76 255 148 0 179 0 0
    0 0 239 126 179 253 228 161 161 241 253 71 160 156 83 235 133 0 57 0
    42 196 222 244 255 255 255 59 206 0 84 97 0 33 241 255 3 0 123 74 0
    240 0 37 0 61 0 0 255 255 68 41 0 0 156 50 18 255 79 255 182 46 0 52
    134 0 167 156 255 81 77 22 33 248 0 90 255 2 0 0 161 0 230 0 148 36
    204 255 0 15 255 18 249 228 27 77 215 124 118 214 191 0 0 98 0 0 140
    223 151 255 204 255 35 0 0 52 237 13 255 163 255 255 122 58 80 105
    139 0 0 108 127 1 22 255 0 0 255 242 86 120 0 255 226 117 107 173 0
    134 255 200 255 160 153 173 255 158 65 138 0 251 53 0 0 216 255 19
    255 255 161 54 4 179 39 255 255 255 18 255 74 19 147 255 255 0 218
    124 35 92 0 252 0 33 0 95 255 104 252 0 148 255 0 255 255 255 170
    255 124 176 0 0 250 0 0 70 150 14 16 255 162 38 24 0 255 121 29 212
    195 93 86 255 160 19 13 139 189 255 242 215 162 119 48 0 136 142 0 0
    0 27 138 118 117 255 255 196 255 239 39 0 23 117 0 55 0 0 178 74 160
    0 94 176 33 255 170 4 0 2 255 115 249 0 119 115 0 95 234 182 15 248
    225 112 13 0 74 125 228 150 2 255 132 64 0 129 236 46 255 162 215
    183 255 0 118 255 0 187 255 112 255 40 134 139 237 174 255 240 99
    225 165 8 255 146 0 26 151 106 0 91 23 132 100 0 181 255 153 0 255
    29 0 144 0 0 92 0 251 49 55 26 3 138 116 255 168 0 0 239 255 159 73
    255 0 20 100 237 74 0 251 255 14 0 0 255 27 255 156 71 194 241 99 0
    170 255 0 140 155 12 183 41 0 51 41 249 0 255 180 102 0 235 0 89 0 0
    60 144 255 84 255 70 176 255 214 255 88 253 255 150 247 163 255 123
    192 255 202 0 185 235 35 94 170 135 255 41 202 255 157 92 45 101 0 0
    0 63 254 227 236 161 184 167 255 0 88 255 0 24 133 0 0 0 0 0 255 0
    160 142 229 255 143 223 255 255 254 206 253 0 0 255 0 203 45 95 255
    255 167 183 255 253 64 255 98 47 14 0 128 255 255 188 3 155 49 49 25
    123 0 0 200 25 190 146 0 255 0 81 41 248 60 116 0 11 255 206 125 17
    255 42 212 87 255 226 19 38 137 83 243 0 216 0 0 148 203 236 79 0
    255 197 255 110 5 0 0 219 73 255 0 0 193 100 0 255 0 132 28 228 0
    157 162 91 74 255 255 73 6 0 0 42 18 135 0 105 57 103 0 164 217 53
    174 241 225 125 31 215 0 255 113 0 255 240 0 253 0 0 203 246 210 1
    115 174 255 141 255 115 159 246 202 255 0 0 0 255 241 236 144 10 50
    238 35 207 255 255 0 0 255 95 0 0 155 14 243 102 77 255 255 67 213
    255 0 138 37 0 6 100 255 52 128 181 242 215 248 52 245 55 8 197 255
    242 181 255 202 0 74 121 202 0 255 138 247 237 255 240 196 0 196 255
    38 162 0 92 0 255 105 0 206 255 134 143 255 223 0 116 255 255 23 0
    255 172 199 255 62 255 40 255 97 149 232 255 49 68 0 46 205 12 205
    65 255 255 150 204 255 255 232 57 148 233 159 198 151 255 255 131 16
    232 177 0 214 213 0 166 255 180 5 168 255 223 0 0 0 27 47 104 255 27
    174 200 235 6 211 255 41 255 89 6 255 26 170 255 149 199 176 0 64 33
    47 100 111 239 33 255 190 255 144 241 176 125 0 188 255 139 82 82
    229 56 135 255 127 251 248 189 255 237 194 250 228 132 0 30 255 4 0
    0 255 222 224 255 149 192 255 39 0 255 76 8 0 13 0 117 64 149 255
    168 197 10 54 9 255 255 4 90 57 34 212 214 255 147 0 32 255 59 233
    22 187 0 28 255 130 10 0 255 225 192 176 176 4 152 91 104 255 253 0
    255 239 0 113 255 0 255 0 163 32 0 158 250 53 234 38 255 124 0 181 0
    54 117 0 33 150 0 255 221 0 255 69 255 255 255 101 0 191 0 2 0 133
    48 245 0 25 226 172 234 254 4 196 248 7 255 49 0 4 46 42 100 250 46
    197 165 18 118 255 139 255 255 255 119 178 0 208 255 51 217 0 0 71
    83 255 219 168 68 255 0 165 217 0 255 100 237 255 0 255 61 255 163 0
    127 75 42 211 78 125 57 255 0 255 25 255 179 0 26 255 0 112 228 0 79
    135 0 180 255 0 162 0 0 44 255 129 50 255 255 255 0 101 255 137 104
    0 0 65 255 100 60 97 20 0 56 180 255 0 225 44 0 98 255 132 12 41 255
    205 254 255 37 252 53 44 139 95 212 255 0 131 0 19 31 144 199 93 162
    27 44 255 230 108 103 255 247 248 0 183 168 120 255 46 255 101 222
    255 199 255 75 125 0 255 255 61 0 47 255 160 0 142 255 59 255 92 87
    255 0 255 0 195 255 124 255 236 142 239 98 255 255 0 255 255 210 0 5
    210 0 61 255 255 255 163 0 171 143 0 8 255 228 0 189 124 0 124 243
    159 242 170 255 255 100 247 155 110 0 0 206 0 255 227 255 247 8 71
    135 21 0 44 0 239 255 0 255 104 245 255 47 255 255 8 146 181 146 255
    184 0 0 41 10 147 229 0 0 211 140 74 255 191 16 19 173 17 226 255 56
    20 0 255 166 69 201 255 149 0 18 163 57 217 255 196 0 255 241 95 0
    115 62 207 132 178 113 126 0 90 224 255 38 192 95 159 125 0 235 55
    255 30 115 83 177 0 255 0 114 75 0 223 0 0 0 85 0 255 90 255 255 255
    150 183 42 180 161 84 14 231 29 72 55 0 31 13 0 255 255 0 216 255 89
    50 255 122 255 255 255 111 208 253 0 143 32 255 122 131 255 229 3
    255 255 230 233 255 255 207 255 113 126 94 255 219 227 122 0 0 255
    205 0 75 146 0 0 255 163 255 122 16 0 255 143 37 0 144 160 206 255
    255 44 0 254 255 0 91 2 255 56 255 194 97 255 0 0 187 49 135 218 255
    194 255 175 186 119 0 150 255 39 218 0 102 187 12 137 255 66 88 222
    255 155 53 77 163 0 71 0 108 112 97 95 176 120 109 136 248 122 78
    165 115 0 116 160 231 48 0 0 0 255 87 205 242 172 0 75 255 175 88
    213 255 190 255 0 106 103 0 105 153 0 0 204 50 103 0 34 3 236 71 255
    20 125 161 255 117 81 167 164 193 141 179 43 0 203 180 0 104 172 255
    0 0 255 253 68 249 144 18 35 210 0 133 255 140 41 145 0 0 101 255 10
    100 38 38 91 0 0 119 194 0 0 78 169 0 17 213 216 155 0 143 255 103
    203 255 180 0 113 224 0 0 255 244 0 120 244 0 62 255 148 128 204 255
    222 232 236 255 255 41 204 189 197 96 255 0 255 243 255 0 255 216 15
    255 184 193 105 0 255 114 255 147 115 0 255 31 242 135 255 117 96
    255 117 164 90 95 192 255 1 255 42 15 25 255 56 0 51 255 65 0 143 74
    246 241 255 135 131 0 255 166 255 31 15 255 164 255 137 38 255 0 214
    255 0 48 144 230 255 71 255 255 184 144 131 53 88 255 241 56 255 255
    104 255 99 109 1 79 251 0 53 255 64 170 29 255 255 220 255 95 156
    125 255 95 102 0 9 255 255 112 122 122 25 0 0 75 176 94 0 62 117 242
    237 185 255 146 237 83 251 255 92 122 116 0 255 255 44 1 55 197 187
    51 119 255 136 207 255 39 177 255 234 132 52 0 34 190 0 255 35 2 3
    125 159 107 93 255 217 18 59 0 190 124 101 105 95 95 87 55 95 255
    224 35 9 255 43 130 0 32 255 136 244 157 255 0 219 255 255 20 118
    146 0 125 236 141 70 0 96 57 255 255 102 255 192 0 227 0 255 64 0
    150 242 132 255 0 238 183 30 255 255 219 97 215 255 200 0 75 89 139
    217 255 255 151 255 161 242 0 41 0 255 64 255 60 0 66 90 0 111 161 0
    159 0 0 255 0 255 253 255 249 255 255 0 102 244 228 0 139 0 34 215
    162 62 235 120 166 219 30 184 77 31 212 183 165 239 205 110 247 55
    88 168 23 255 233 121 55 255 40 255 29 255 0 255 11 255 0 75 78 229
    160 75 117 65 178 183 0 124 189 213 61 216 236 127 198 179 65 255
    185 221 255 35 236 45 45 183 209 198 0 255 33 122 209 181 30 255 218
    95 255 0 255 186 255 0 255 135 72 255 139 109 80 107 0 255 56 203
    255 20 77 0 0 255 150 127 255 0 221 0 35 171 203 181 0 240 255 206 0
    195 163 201 137 3 255 255 90 225 196 255 231 140 80 119 226 255 123
    157 241 102 218 5 255 255 182 77 134 0 11 16 145 29 251 241 131 198
    0 27 132 206 0 1 4 160 48 40 155 34 235 18 0 36 111 201 195 253 255
    25 156 223 102 210 50 38 0 255 96 0 0 9 255 255 255 0 0 255 126 0 0
    255 215 55 32 52 40 255 242 255 255 189 45 130 166 80 32 170 0 0 254
    171 0 252 255 70 219 74 38 159 255 255 255 45 149 0 255 122 0 255
    218 34 0 255 0 62 255 186 255 246 150 6 147 255 237 177 251 87 0 247
    162 188 255 241 0 249 255 201 79 255 255 255 255 255 0 195 215 0 0 9
    46 255 80 122 87 255 25 243 0 0 165 133 240 97 0 254 0 79 0 238 55
    255 255 31 187 255 21 58 9 142 196 110 207 192 0 0 0 0 99 237 255
    149 171 255 65 0 255 255 85 1 255 255 122 39 165 56 255 88 0 255 0 0
    255 141 0 70 255 255 53 148 255 177 233 20 154 203 0 2 255 230 255
    234 238 151 231 75 0 255 255 0 45 0 79 245 178 182 255 118 240 66
    255 69 20 195 3 186 203 53 255 91 75 96 128 255 255 115 154 98 72 90
    167 0 255 41 49 63 189 252 26 247 255 149 255 215 142 116 0 187 255
    0 255 173 0 78 0 119 174 230 45 94 255 255 152 212 255 0 255 41 135
    159 255 234 167 0 173 53 0 61 0 0 255 69 0 128 255 96 255 0 40 150
    228 92 20 0 48 90 0 216 136 121 222 255 30 29 255 255 120 0 200 0
    109 12 7 215 43 255 6 151 198 229 165 150 255 56 0 255 0 0 79 163
    197 105 90 0 100 255 6 189 194 176 13 86 255 87 255 162 29 0 0 114
    41 147 45 15 0 255 0 131 100 153 255 255 158 89 0 255 0 232 228 220
    96 33 0 63 255 255 21 230 0 219 0 0 83 255 87 255 12 109 198 71 149
    0 255 113 139 255 93 255 129 255 66 0 0 188 87 0 91 120 165 0 206 18
    0 0 144 255 10 241 158 0 204 30 250 147 0 173 63 123 175 51 198 135
    205 255 3 242 106 255 255 178 11 77 0 184 36 61 0 255 0 239 153 50
    255 216 0 225 0 28 218 82 255 232 95 200 142 135 0 230 234 226 174 0
    0 0 178 148 0 179 210 181 104 255 0 255 154 137 0 0 0 0 25 17 0 158
    255 57 141 191 255 101 152 39 255 94 0 52 55 48 0 12 119 209 203 0
    255 0 255 112 144 112 255 255 255 0 195 33 0 31 255 255 35 127 0 108
    100 0 0 50 182 255 255 254 255 186 174 29 255 138 0 255 0 233 102
    171 39 0 234 255 0 79 37 251 164 18 35 24 0 206 12 162 62 235 42 64
    13 61 0 216 0 52 126 73 255 93 0 255 2 141 222 124 0 255 60 218 148
    215 209 0 255 252 255 13 158 0 70 18 40 255 219 46 255 255 255 255
    168 85 130 57 255 35 153 156 122 0 40 255 255 0 255 35 255 167 145
    87 0 127 250 22 10 193 6 141 175 40 2 0 255 220 224 255 183 146 0 97
    0 0 255 119 0 0 0 176 228 201 255 9 9 230 255 255 0 165 255 204 182
    202 231 255 255 203 0 50 255 202 166 206 26 255 255 176 222 255 158
    105 26 50 225 167 75 227 255 255 255 99 155 129 245 48 255 178 223
    255 152 112 0 155 209 0 223 99 60 97 110 66 255 255 7 21 107 175 5
    155 80 16 170 195 31 0 162 0 11 0 99 0 240 54 253 0 14 255 218 178
    30 169 167 104 105 209 253 184 95 199 255 223 255 0 0 197 14 120 0
    255 255 210 255 80 177 53 0 160 153 255 255 0 0 140 121 0 255 70 249
    255 20 255 255 255 38 82 156 66 35 167 255 65 168 255 0 255 61 52 0
    28 0 176 135 255 146 195 255 147 0 255 182 63 84 180 183 174 255 144
    196 125 16 255 222 48 86 88 0 0 76 160 223 0 249 0 97 124 0 150 198
    84 40 37 0 50 113 0 11 0 113 0 255 255 101 157 255 0 216 255 255 255
    0 27 0 24 0 0 0 128 202 15 255 181 107 141 123 253 101 95 255 0 62
    163 188 0 255 162 147 134 0 41 22 106 0 254 189 143 162 233 255 0
    134 255 60 0 186 189 106 79 47 221 255 0 144 234 255 227 90 96 0 0
    228 113 0 72 29 19 4 84 3 186 147 50 255 255 90 225 255 238 0 165 0
    104 64 130 14 255 90 0 0 166 79 0 255 190 104 255 13 135 161 255 40
    194 255 69 57 242 255 60 142 255 132 104 0 16 0 150 18 0 0 0 101 175
    244 99 10 20 255 0 188 255 32 209 53 44 53 10 255 115 94 59 255 230
    255 39 226 148 0 0 0 0 239 255 72 0 0 73 166 189 0 0 189 191 0 16
    100 172 0 103 45 69 96 0 255 255 227 251 0 244 42 255 195 54 198 115
    84 135 150 0 255 77 202 0 255 88 19 55 132 0 255 255 87 207 82 252 0
    0 255 0 255 20 0 0 138 0 0 131 110 0 48 255 0 255 139 215 0 255 255
    0 0 255 167 145 129 207 0 221 0 0 229 0 255 0 208 40 22 250 207 255
    0 82 215 0 0 254 59 176 239 110 111 110 95 0 73 137 109 23 255 172
    209 165 199 128 230 243 171 255 163 255 29 61 103 102 0 151 0 176 33
    0 255 51 82 63 0 210 255 255 0 222 192 0 39 137 255 255 0 255 188
    124 255 250 255 23 93 5 0 255 255 28 178 139 36 255 164 0 32 115 171
    95 80 183 13 33 255 198 255 139 0 0 184 129 251 215 240 255 212 255
    0 225 215 178 71 106 255 176 174 103 0 161 71 0 2 95 0 255 0 184 255
    43 220 196 103 195 84 0 186 0 255 56 13 255 255 0 105 84 0 255 255
    81 165 68 255 214 116 126 255 255 13 130 255 0 192 255 170 131 5 255
    102 124 133 0 255 255 217 255 31 192 176 0 142 255 0 0 157 33 0 140
    89 101 0 0 55 238 210 76 253 255 24 94 63 32 82 234 255 0 212 1 255
    90 53 176 220 255 77 77 93 78 23 255 60 145 255 194 242 0 72 137 130
    0 171 100 0 255 0 71 124 64 235 255 0 0 255 255 169 21 249 84 44 232
    26 181 114 155 178 0 54 154 0 255 197 0 255 153 195 255 4 114 255 0
    255 255 255 143 0 183 87 8 0 255 38 166 35 0 191 63 101 255 90 0 223
    0 46 195 13 80 0 235 0 235 244 225 79 101 255 26 120 0 22 193 125 89
    0 100 0 0 20 149 0 115 130 0 150 31 135 107 0 0 113 116 17 174 220
    230 255 196 84 0 148 0 75 0 255 92 221 102 0 141 0 216 78 0 200 0
    255 31 225 250 171 255 25 243 255 217 55 254 0 236 188 0 9 239 0 212
    51 147 242 225 212 231 255 36 233 34 255 0 24 1 27 138 8 134 231 164
    135 255 200 110 255 0 218 0 217 233 0 130 255 97 255 215 255 79 106
    255 0 80 255 41 0 0 0 136 0 0 0 102 59 255 0 28 243 255 0 220 64 255
    4 58 87 7 190 0 0 28 0 186 53 34 0 0 0 0 104 255 116 49 98 5 115 0
    174 181 0 238 193 74 255 112 0 0 255 0 0 22 0 255 3 0 0 255 174 80
    255 193 244 238 220 12 1 255 109 237 0 77 255 186 0 251 102 0 255
    249 0 13 255 0 0 0 252 0 0 62 0 0 192 0 225 0 222 255 255 255 194 0
    198 250 4 191 139 112 0 231 0 178 228 0 237 2 114 255 255 255 168
    147 61 0 0 76 157 255 219 249 246 79 104 0 235 11 3 34 80 0 0 141 3
    31 4 0 117 59 255 181 57 208 236 0 255 143 0 217 173 35 135 255 49
    64 33 217 192 218 206 255 138 27 0 116 98 255 145 15 169 86 40 95
    128 255 141 143 34 232 156 248 54 6 14 255 242 75 17 137 106 15 253
    255 202 0 0 114 128 0 172 151 0 29 73 147 18 223 255 170 137 151 151
    172 198 172 67 135 0 0 137 0 92 82 152 255 0 255 167 68 0 214 255
    179 0 25 0 250 0 0 103 171 178 159 255 161 88 255 0 233 64 255 69
    109 118 255 255 146 255 117 0 255 218 249 0 255 78 0 255 0 203 255
    255 245 44 255 69 70 252 248 0 160 250 253 227 126 23 255 0 255 255
    255 0 132 242 97 0 255 103 215 127 0 0 58 255 88 227 0 222 71 254
    106 111 255 255 35 63 239 156 158 255 37 29 42 255 196 98 1 125 255
    0 78 255 21 194 255 177 0 54 255 255 161 255 24 85 255 0 255 197 96
    248 117 255 234 10 255 0 255 0 255 238 2 0 54 199 207 255 67 128 169
    255 74 139 14 166 0 255 255 226 167 255 255 0 74 255 0 22 0 84 18 71
    239 13 131 255 17 187 217 123 255 255 95 0 59 141 187 136 252 0 41
    105 0 67 199 101 199 120 9 167 0 255 36 221 146 255 134 255 36 0 57
    0 0 107 203 252 83 0 255 255 158 66 198 213 255 0 0 248 203 33 33
    119 255 243 60 39 153 0 55 0 45 0 255 255 255 108 84 235 141 109 243
    20 59 202 126 234 166 149 211 250 12 0 155 0 255 126 255 217 14 255
    198 145 98 146 12 185 255 0 207 0 0 110 218 71 0 100 198 186 0 229
    180 119 212 251 175 255 255 0 12 255 43 255 0 73 255 124 81 157 9
    125 0 66 58 227 25 61 248 110 211 10 255 193 15 50 176 0 101 0 78 20
    0 151 255 255 55 9 182 120 152 24 211 35 216 39 242 252 134 0 216
    255 40 23 255 255 0 0 142 242 248 0 16 161 158 165 100 0 255 255 204
    255 0 0 146 232 0 0 255 255 223 130 0 255 123 240 0 5 73 255 219 104
    0 255 255 85 234 60 53 78 201 219 0 57 68 255 0 16 49 0 84 44 37 255
    155 112 248 32 38 226 0 38 53 0 30 240 0 244 0 0 127 88 0 133 255 0
    213 143 252 0 174 47 254 255 232 97 0 38 255 208 0 17 152 0 136 0
    255 12 24 190 89 117 0 255 97 57 216 180 27 181 240 0 0 0 153 52 0 0
    255 254 0 255 239 34 60 10 0 255 183 116 255 0 0 168 2 0 132 0 124
    180 199 9 255 255 90 255 22 178 83 152 45 76 255 255 255 29 26 97 51
    98 240 170 221 243 167 0 197 209 255 255 255 255 170 159 92 0 243 60
    240 255 0 171 60 119 246 3 131 134 164 46 100 53 0 23 0 147 249 0 38
    251 40 39 255 207 120 0 255 0 255 229 0 145 255 63 255 243 4 20 14
    255 125 0 202 34 225 168 255 24 121 255 0 76 162 182 0 0 255 163 0
    36 255 218 202 255 208 51 79 53 164 0 216 255 200 240 54 100 181 154
    80 20 199 56 28 16 255 255 249 246 185 50 75 112 90 213 161 255 179
    77 211 185 195 255 0 255 68 0 195 114 0 230 232 154 108 144 130 229
    0 149 250 1 0 37 113 0 132 0 0 102 255 79 255 148 0 0 0 25 255 42
    255 223 245 66 255 244 213 0 255 255 147 59 255 239 143 255 213 255
    171 131 186 98 0 0 156 33 130 16 78 54 255 10 4 8 0 0 0 84 185 0 174
    92 0 117 38 255 0 195 1 58 183 54 255 255 211 0 239 183 202 198 255
    173 6 255 235 42 255 81 34 143 180 0 216 255 142 169 0 156 234 0 126
    0 237 48 118 0 18 14 88 114 214 255 42 255 246 255 230 165 194 255
    14 112 0 180 11 137 84 8 0 89 65 3 207 60 115 114 249 0 255 0 0 174
    244 13 95 40 135 189 255 75 255 255 255 24 255 255 250 243 70 125
    255 166 93 215 145 221 220 0 0 255 0 162 160 0 7 0 4 107 255 245 117
    122 255 255 0 11 255 255 4 255 82 255 194 184 255 120 87 68 233 0 33
    212 255 255 222 255 189 182 0 0 118 0 255 255 255 255 231 134 243 33
    255 187 255 0 109 0 107 255 255 123 255 143 0 179 21 222 177 255 0 0
    204 255 150 0 255 0 0 255 88 93 199 141 157 182 180 0 0 195 255 0 52
    43 206 41 35 130 126 64 0 177 42 67 253 209 255 116 50 152 50 135
    255 0 255 255 216 58 255 0 33 159 117 0 21 29 170 97 133 255 0 80
    213 224 87 134 255 237 0 0 193 187 34 236 255 255 219 217 217 202
    255 206 189 255 246 42 73 0 150 0 152 0 202 83 0 255 208 168 213 122
    255 255 74 0 255 0 255 0 181 194 255 141 29 188 173 14 255 8 113 202
    186 0 123 217 92 116 0 94 77 255 237 0 208 0 0 94 242 119 229 135 0
    44 0 249 154 49 0 103 17 0 146 0 96 122 141 161 188 114 0 217 180 37
    229 100 209 24 0 255 255 255 204 255 236 187 69 255 18 94 154 157 22
    95 16 255 255 44 0 255 157 102 23 254 255 255 255 75 134 255 87 255
    164 255 193 176 255 196 0 0 153 255 255 241 132 64 255 169 0 196 0
    234 0 255 255 125 64 120 0 5 114 116 122 12 0 39 197 127 0 146 0 151
    147 224 95 79 24 214 123 0 220 255 166 158 83 255 0 4 36 184 224 72
    218 26 171 255 90 178 0 0 255 108 229 65 155 202 167 147 146 19 255
    78 219 238 255 52 147 255 105 114 17 252 255 130 242 168 255 255 211
    154 0 176 202 17 232 0 0 255 132 255 255 8 24 255 43 100 255 152 0
    103 0 87 130 29 255 255 99 189 255 124 0 0 167 255 0 126 170 207 99
    166 10 105 142 184 137 0 159 0 231 224 255 0 82 0 31 255 0 205 0 37
    118 0 94 59 70 125 255 51 10 209 255 52 85 64 255 26 255 234 255 255
    255 240 113 133 160 0 0 255 0 0 173 0 235 103 189 0 129 128 202 212
    255 11 61 102 32 245 34 153 6 0 0 3 127 0 110 0 2 255 0 18 255 255
    27 0 188 1 149 132 0 58 0 0 197 71 255 124 255 88 129 250 255 246
    136 169 164 244 0 202 231 92 25 2 255 215 168 0 255 65 0 166 110 255
    151 255 18 119 65 211 255 50 8 180 0 0 0 255 255 116 0 255 0 232 255
    55 255 0 183 84 95 60 255 87 245 0 211 196 62 59 255 141 255 26 28
    255 194 7 79 255 151 200 162 0 170 0 0 234 158 160 255 42 0 255 0 37
    51 183 83 84 246 168 138 192 0 126 255 140 7 255 177 0 221 0 248 48
    158 141 237 0 255 255 220 105 143 226 58 255 255 46 59 203 129 42
    237 77 251 189 0 249 44 203 255 0 255 0 255 255 24 255 255 255 20 0
    85 117 67 101 255 0 0 176 87 83 0 127 235 254 253 82 218 162 228 151
    0 86 93 43 17 35 123 42 203 255 0 255 173 191 17 255 142 32 255 227
    0 181 192 64 197 255 218 192 49 93 255 121 131 61 9 122 169 163 107
    0 255 39 0 228 247 31 255 240 0 15 213 252 140 170 255 208 4 21 255
    226 97 103 164 215 255 246 50 23 48 25 32 223 255 242 13 78 0 255
    103 255 0 0 223 233 156 87 16 53 192 47 16 255 0 176 253 201 255 208
    164 0 255 240 74 232 0 0 163 0 0 166 43 167 0 84 255 199 255 92 98
    13 217 0 92 255 53 255 255 92 255 220 63 234 10 153 129 33 255 255 0
    96 17 47 255 255 154 245 255 255 14 159 155 0 173 197 254 0 53 232
    255 197 135 0 130 107 0 255 32 39 147 0 121 255 221 66 156 0 0 199
    255 0 90 92 73 13 253 100 202 202 105 208 0 126 0 25 120 196 0 0 151
    255 133 134 255 95 104 234 0 157 0 135 85 19 0 0 226 220 255 181 149
    255 0 255 45 0 205 234 9 255 255 0 0 0 255 104 132 255 214 255 255
    107 254 186 3 169 62 0 0 35 218 109 68 144 0 0 255 255 255 48 138 0
    35 255 0 0 200 255 0 51 255 147 110 0 103 225 0 0 131 255 142 0 30 0
    110 215 67 200 255 220 0 24 0 120 0 245 255 195 106 134 0 29 65 200
    4 125 173 176 36 0 4 155 179 99 0 255 13 255 0 64 114 245 95 122 151
    46 255 221 109 0 185 171 0 0 116 96 30 160 0 50 0 6 225 111 59 255
    255 255 42 121 68 4 255 0 4 255 0 76 0 107 0 255 250 173 84 142 255
    255 0 255 25 133 224 255 205 71 88 133 22 142 74 0 34 255 255 255 30
    0 36 95 55 0 193 111 255 0 233 172 95 255 0 188 55 0 77 255 41 73 0
    255 132 131 248 0 255 255 0 237 144 80 220 81 161 101 0 121 98 146
    38 31 62 78 241 0 220 23 55 255 47 88 204 167 255 232 255 255 78 255
    28 255 33 0 208 50 122 243 255 149 157 191 176 0 125 132 255 255 255
    180 255 255 255 231 0 0 31 167 4 255 245 93 141 227 176 20 0 147 255
    0 94 112 0 28 255 0 162 232 222 193 84 235 22 93 255 218 145 95 51
    222 156 255 0 253 255 13 255 31 110 94 138 151 92 0 238 92 0 152 255
    204 0 159 124 0 0 46 255 255 139 255 91 0 255 0 255 241 255 126 173
    12 219 0 128 0 0 255 255 0 240 244 255 0 255 105 206 239 255 255 255
    0 255 212 21 255 115 109 141 67 215 70 96 5 0 0 0 199 177 156 255 66
    81 255 68 207 148 255 86 102 151 255 0 0 179 73 0 0 84 83 255 225
    255 66 105 101 142 27 142 230 87 34 232 216 255 0 73 117 66 249 0
    255 255 162 79 127 27 186 255 68 159 140 207 15 255 62 72 106 255 0
    0 106 255 123 189 37 255 0 117 0 19 0 255 154 0 0 2 0 225 252 151
    244 176 127 255 0 188 255 187 38 144 255 94 255 255 255 36 0 0 255 0
    196 0 143 0 0 21 43 109 134 243 243 168 160 255 255 31 0 155 158 0
    98 248 255 88 186 0 22 26 159 255 121 255 78 0 255 187 140 149 161
    35 209 255 12 78 0 64 200 35 255 74 196 40 255 2 0 224 189 73 238
    255 235 0 63 243 0 0 89 33 122 255 226 205 34 0 225 255 52 255 56 40
    25 90 88 183 55 195 186 75 255 0 255 0 33 188 179 0 0 0 54 99 11 255
    0 0 10 255 122 246 4 75 156 0 255 110 0 0 96 16 78 0 10 74 255 50
    171 34 0 0 238 255 125 119 105 183 0 125 63 0 140 236 172 255 255
    255 255 71 255 212 255 255 68 59 0 204 250 0 216 206 255 0 0 255 34
    160 235 0 255 68 0 197 0 0 255 106 98 53 15 255 133 149 151 155 73
    133 68 50 215 41 193 0 0 153 59 192 47 119 0 206 255 106 210 255 0
    255 0 255 0 44 188 255 255 175 45 174 0 240 255 218 70 0 255 122 0 0
    48 182 255 98 223 174 7 139 255 50 10 182 244 255 0 0 33 148 23 0
    164 92 239 8 113 255 102 46 97 89 0 216 0 0 0 143 0 255 167 0 0 0 55
    255 155 0 8 62 255 20 0 62 228 255 1 255 35 255 252 255 0 0 12 24 95
    60 5 29 99 240 255 66 255 174 228 255 121 10 2 33 97 217 154 86 36
    92 68 75 255 131 22 101 255 21 243 117 255 0 192 159 144 24 0 2 198
    60 41 22 255 128 1 255 255 14 15 95 16 105 184 0 83 238 158 198 79 0
    90 205 140 184 255 64 191 176 48 255 0 255 31 255 94 0 0 0 255 255
    57 152 99 56 210 148 255 0 255 13 0 139 255 0 255 176 100 0 67 0 0
    116 255 158 69 255 206 83 219 202 49 244 253 0 255 140 58 236 255
    183 255 8 255 77 0 0 48 129 79 0 255 149 0 233 233 59 0 255 255 116
    219 255 133 142 0 50 133 200 52 57 238 255 255 139 80 230 174 255
    255 39 255 125 83 61 120 255 55 80 82 47 71 255 218 49 55 0 255 191
    183 60 0 4 142 204 44 39 179 150 30 0 5 118 210 56 163 255 242 207
    188 255 34 255 255 156 246 255 0 175 104 0 193 214 255 255 0 0 124 0
    240 226 127 255 0 255 174 212 185 0 255 170 65 138 194 18 255 0 80 0
    122 45 0 1 124 0 0 255 158 80 44 100 255 228 3 239 157 159 249 194
    149 0 39 82 106 0 0 255 0 0 105 255 71 102 121 75 255 134 255 249
    226 97 59 200 255 84 255 152 24 201 209 161 255 211 0 118 157 173
    253 68 82 155 172 17 194 129 125 222 183 255 0 0 0 6 158 23 135 204
    0 220 223 187 0 104 255 199 19 0 216 0 128 64 0 36 198 154 255 0 0
    18 134 255 13 80 130 125 0 106 250 0 0 16 0 0 0 0 84 0 157 213 0 255
    80 255 44 116 145 225 255 223 15 232 203 0 84 255 255 76 33 0 239
    134 214 89 0 82 143 67 104 69 178 56 161 0 0 0 206 176 138 255 122
    190 58 0 0 255 113 59 54 94 96 241 255 98 77 125 0 49 84 11 254 49
    132 244 62 255 177 55 109 12 88 187 138 255 187 247 203 0 0 0 110
    101 255 255 215 211 50 255 58 158 17 249 255 212 243 255 120 45 136
    61 142 255 142 200 95 38 0 21 255 204 239 48 255 255 217 158 255 129
    215 166 9 50 19 54 0 0 118 0 125 252 89 201 255 89 148 0 102 0 45 0
    255 208 239 82 0 8 255 192 252 255 255 10 208 0 149 74 210 28 0 150
    0 255 255 213 211 54 0 0 255 0 0 0 149 102 221 109 0 144 38 148 133
    0 170 56 186 50 0 24 255 71 132 255 36 0 91 24 49 94 255 80 235 134
    230 51 111 109 0 46 117 255 40 73 244 255 255 7 254 169 81 0 95 176
    27 160 45 101 49 104 200 0 37 250 119 255 109 89 92 0 247 255 242
    249 230 255 255 195 0 0 198 255 214 255 255 255 200 241 120 0 254
    211 255 255 19 0 255 52 144 0 44 191 20 0 77 0 170 0 147 255 58 59
    232 206 24 0 83 255 69 71 255 20 103 106 196 134 0 197 255 255 105 0
    138 86 0 0 224 255 108 255 128 185 255 90 0 58 166 255 255 94 255
    204 0 255 132 0 14 50 98 0 163 0 245 19 102 97 249 255 255 64 255 32
    77 0 49 0 255 173 255 20 0 217 119 255 255 0 164 208 200 205 28 56
    255 30 0 203 114 0 255 82 14 31 238 255 30 186 180 0 0 0 0 0 86 40
    255 0 0 108 0 0 245 90 255 0 199 228 236 72 0 65 87 48 130 255 193
    255 255 13 100 245 165 209 138 255 255 87 102 255 159 52 255 0 255
    193 149 77 96 0 55 0 255 0 0 238 255 110 255 155 255 155 0 0 56 0 58
    0 255 0 237 81 0 176 152 0 150 255 31 255 212 91 28 99 128 140 120
    255 251 0 199 0 2 25 78 255 78 0 58 11 110 0 0 182 254 195 118 255 0
    128 57 224 47 48 97 109 138 164 212 58 255 0 0 2 0 153 255 159 232 0
    255 45 81 222 67 80 11 223 255 0 119 255 99 153 255 255 148 255 94
    104 88 255 255 86 255 255 255 178 187 14 255 255 27 85 153 8 255 39
    0 0 251 96 252 233 0 119 0 150 71 0 31 97 30 0 2 200 0 87 97 137 12
    255 0 57 0 0 5 255 145 255 211 229 30 0 96 0 255 103 145 85 205 0 37
    29 67 193 44 53 255 146 8 87 255 0 0 253 164 86 31 176 255 0 0 0 255
    100 142 69 0 177 255 0 153 36 62 255 0 255 180 9 199 121 255 255 188
    202 255 255 173 0 255 223 0 75 255 0 0 197 63 0 141 193 28 255 255
    160 25 0 0 107 34 118 0 255 188 204 0 0 255 64 175 255 108 255 169
    184 0 43 0 0 214 26 0 201 255 255 19 34 255 255 255 187 10 71 255 21
    0 181 144 150 181 145 0 207 0 255 52 224 21 255 255 24 113 230 255
    255 77 105 229 255 73 162 122 171 207 0 74 82 0 120 190 162 50 255
    255 103 69 101 0 209 255 238 255 255 255 255 187 210 68 9 255 165
    255 254 0 0 138 130 0 222 44 36 136 68 0 255 0 94 186 250 0 210 255
    255 227 206 124 0 246 163 157 102 121 98 249 136 140 6 94 239 0 151
    198 21 40 252 255 28 0 0 255 156 23 255 228 0 255 255 161 217 255
    255 200 0 63 121 0 40 187 0 220 255 99 242 122 179 229 231 132 128
    255 116 0 0 198 255 255 26 191 150 255 164 9 199 52 66 204 0 213 62
    0 55 214 68 63 70 83 0 140 0 8 0 0 0 54 156 0 37 255 255 29 0 255
    237 36 154 247 143 216 0 255 255 177 125 189 252 0 169 13 0 138 86 0
    14 145 255 44 37 66 194 219 164 126 0 255 255 6 166 27 78 147 255
    255 0 200 95 89 255 88 255 134 224 192 36 245 97 255 0 0 28 96 17 0
    216 10 94 0 48 195 0 195 87 255 142 92 132 191 255 169 0 122 0 223
    150 24 255 255 249 0 0 255 255 255 255 183 185 241 0 195 19 51 224
    82 48 202 0 0 24 193 54 18 255 27 3 125 167 184 25 18 255 63 190 0
    255 255 98 149 224 0 0 0 107 41 21 116 177 0 134 255 31 84 176 64 99
    16 191 0 4 0 62 14 147 192 255 0 135 16 0 0 136 250 248 96 0 212 191
    52 187 210 204 255 225 217 0 0 99 41 178 226 255 129 255 199 255 173
    0 145 0 58 255 180 98 0 255 255 0 123 46 186 61 0 250 235 182 255
    123 83 255 0 110 0 138 255 0 175 255 122 255 63 16 61 0 237 0 0 184
    134 0 0 39 0 0 142 32 0 255 182 147 0 69 0 63 208 248 119 0 238 255
    86 28 92 255 0 0 255 0 24 23 142 222 126 0 106 0 0 255 11 255 209
    141 255 0 0 0 255 186 61 22 0 0 221 181 255 255 255 255 244 18 118 0
    183 0 219 195 255 255 122 57 255 115 127 255 255 118 255 222 219 44
    0 86 151 125 0 244 241 248 232 255 188 0 0 253 193 255 0 0 13 139
    255 129 255 26 255 137 255 0 37 52 41 28 0 255 0 211 53 213 0 130 0
    0 42 31 4 189 244 138 16 255 82 255 237 1 0 186 93 29 255 54 42 72 0
    0 148 193 113 214 97 0 216 193 0 139 219 225 255 0 112 0 255 145 22
    255 144 208 62 74 119 111 91 255 200 0 255 255 105 255 196 0 111 0 0
    205 38 57 125 255 255 0 0 255 255 255 112 224 70 13 17 255 219 0 0
    255 0 255 178 199 47 0 8 106 0 168 255 206 251 88 46 0 253 150 83
    255 204 178 33 31 101 111 249 164 34 37 255 64 107 76 255 106 101 0
    0 255 156 0 176 70 255 76 249 249 77 0 231 229 236 155 106 0 105 115
    255 0 255 190 181 91 132 77 255 125 157 153 0 255 255 0 255 218 53
    200 0 0 58 86 224 0 16 236 0 0 0 54 123 255 0 172 0 255 147 199 255
    28 255 170 54 120 171 163 108 187 255 255 69 254 181 203 22 212 0 0
    239 97 176 1 255 255 255 168 79 205 68 157 218 99 8 54 13 71 0 0 196
    225 0 255 27 0 255 0 222 255 255 67 50 255 26 0 24 0 79 17 255 48
    232 202 0 255 0 0 20 0 13 33 255 116 152 39 193 55 81 0 125 255 0
    226 232 120 4 0 255 136 17 172 35 175 255 62 0 195 255 255 255 166
    255 255 163 167 255 134 255 0 255 0 255 0 29 85 40 70 89 0 0 239 148
    255 228 157 255 131 0 0 204 36 175 217 49 0 247 0 255 0 255 0 144
    255 0 0 255 255 255 150 255 0 240 0 143 36 162 83 188 255 8 255 24
    255 164 40 0 31 150 255 158 4 151 225 255 90 147 174 255 114 0 72
    214 43 181 0 24 24 179 0 178 32 8 255 63 255 36 7 155 95 16 198 235
    255 0 96 211 155 242 255 238 16 219 63 33 80 0 96 150 53 159 14 0
    119 255 79 255 144 6 255 8 0 118 133 0 227 226 255 91 0 255 63 54
    202 200 21 23 20 235 167 142 143 146 0 199 128 77 117 189 255 16 45
    134 108 32 234 255 0 168 0 49 182 105 255 255 32 200 0 255 67 255
    255 44 0 255 40 0 169 202 117 255 58 209 222 212 0 124 234 24 0 0
    200 77 179 255 0 64 0 255 0 110 255 22 228 210 255 186 82 255 231 0
    0 0 255 74 245 29 98 30 141 28 118 33 168 153 110 0 0 28 143 189 103
    94 0 105 255 255 0 0 255 127 168 215 255 217 168 255 153 114 53 0
    195 255 255 230 121 0 148 255 241 165 255 77 147 93 250 65 246 255 0
    186 137 97 46 4 0 36 89 187 86 0 74 115 119 123 107 201 0 255 199
    192 109 2 255 0 255 176 132 54 104 0 2 95 0 0 0 171 0 255 0 136 255
    0 255 109 248 161 110 255 86 173 74 116 0 251 255 52 255 255 210 133
    114 17 0 0 255 205 0 0 0 70 204 77 49 255 0 0 128 255 0 15 75 0 0
    162 255 66 255 255 155 255 45 71 65 106 255 255 47 52 255 118 255
    255 30 0 83 82 137 182 0 92 0 0 255 206 254 246 0 255 255 0 68 255
    70 6 255 115 255 255 0 39 107 48 247 192 255 255 216 170 218 237 89
    255 153 221 255 44 0 61 26 255 251 174 218 56 35 255 0 255 118 255
    154 0 138 148 224 0 255 193 242 104 255 0 255 81 0 0 0 242 113 0 180
    189 96 68 67 134 119 255 0 248 0 143 0 132 156 232 250 1 148 26 247
    255 255 95 255 0 255 0 0 0 210 98 0 0 254 81 255 255 44 20 0 46 255
    206 158 0 0 253 255 255 255 255 230 24 244 141 47 102 0 181 255 255
    15 255 169 115 0 237 149 187 206 0 65 255 0 196 0 165 122 45 174 255
    21 19 243 0 0 110 0 255 255 94 255 0 39 50 193 224 137 255 0 255 255
    109 126 89 226 62 161 187 255 159 113 192 39 0 19 217 94 189 78 255
    222 255 0 255 0 173 89 91 225 141 166 227 0 255 108 1 0 140 173 223
    0 43 170 102 0 35 130 112 236 42 112 5 188 161 0 102 79 255 114 255
    255 0 86 20 21 0 0 255 216 255 67 165 255 0 98 50 0 255 0 0 232 0
    134 0 228 135 38 255 0 213 205 255 58 243 255 0 0 44 0 253 255 242
    191 66 255 255 125 155 0 186 99 255 177 0 100 255 0 0 18 178 115 0
    111 255 0 255 255 255 0 0 169 0 163 0 0 35 241 93 255 184 255 0 68
    255 255 89 255 98 190 0 0 255 60 10 214 246 255 6 0 255 88 165 80
    128 0 83 183 255 192 227 78 48 3 255 21 208 48 0 219 110 32 255 43
    239 149 98 61 0 0 0 242 128 9 203 153 29 254 118 170 255 0 17 162
    216 255 122 242 234 16 0 154 132 170 255 0 34 255 21 33 33 188 132
    201 16 0 0 255 47 5 0 111 0 12 160 33 24 70 104 24 255 51 137 0 117
    254 15 212 0 66 0 255 183 0 59 0 255 78 0 220 255 129 232 142 10 255
    255 127 4 255 255 36 255 54 106 0 255 0 0 7 52 0 175 74 20 58 3 246
    10 134 0 255 255 255 219 133 0 255 130 255 0 0 0 86 0 183 0 151 255
    255 0 88 28 215 255 230 174 245 0 255 255 245 94 0 188 240 19 77 251
    89 193 218 104 255 107 255 142 0 167 192 97 0 255 255 0 28 132 184
    255 255 0 217 104 65 0 146 235 255 210 234 127 10 18 0 255 214 41 79
    153 178 255 4 255 255 160 102 116 0 29 204 0 236 183 11 21 223 0 255
    174 89 255 133 119 0 248 220 0 0 117 115 0 46 0 255 255 203 15 188
    236 25 70 130 255 229 193 36 170 255 42 252 244 255 209 7 0 125 157
    184 252 255 92 13 255 255 103 236 0 134 0 236 251 255 183 255 255
    255 255 0 184 124 140 37 255 216 255 255 212 89 255 0 54 0 91 255 10
    227 144 0 255 94 59 156 0 222 245 249 184 26 255 255 207 173 0 198
    186 26 94 172 255 86 231 255 0 94 110 131 196 153 42 149 34 141 71 0
    218 0 167 0 96 112 211 242 0 202 36 86 0 0 251 0 37 98 38 0 137 0
    255 206 243 255 30 165 106 255 106 230 188 52 105 0 80 12 243 0 36
    245 0 0 0 0 109 0 0 0 255 0 86 255 219 191 170 32 44 0 32 183 0 0 63
    60 82 2 255 0 0 110 190 137 176 0 47 0 236 255 160 255 240 144 92
    222 255 0 0 255 0 0 211 255 0 255 118 0 255 206 34 0 122 164 182 95
    144 3 155 67 44 0 142 0 127 255 90 122 255 255 59 198 131 255 0 255
    0 0 63 170 0 255 117 255 80 91 179 24 0 255 255 231 146 255 255 76 0
    0 61 125 221 10 124 0 0 180 95 0 255 109 221 255 34 202 255 19 255
    191 0 114 250 152 232 232 94 0 0 255 47 255 71 0 91 168 184 79 215
    111 255 214 255 28 148 0 70 119 255 148 246 242 83 255 184 255 134
    255 255 242 102 255 12 218 118 78 255 162 185 203 0 255 167 0 0 165
    255 37 171 123 0 69 0 73 255 146 98 119 211 0 100 62 190 0 120 255
    255 148 255 91 19 0 131 206 0 99 113 121 191 135 255 0 105 60 186 86
    0 0 255 31 157 220 0 87 95 155 209 255 0 179 152 210 255 141 0 123
    155 99 255 0 0 255 19 76 255 0 232 218 179 0 0 0 0 184 20 191 54 228
    255 230 255 81 54 4 0 0 176 96 0 5 255 160 214 255 21 153 255 200
    149 28 61 3 0 124 255 0 236 255 255 0 169 0 144 255 0 255 140 222 18
    7 96 0 245 0 255 144 255 236 195 213 102 255 114 239 255 255 255 0 0
    86 196 81 202 19 119 255 126 234 255 255 255 131 255 25 196 32 12 0
    0 154 180 0 111 168 156 177 0 25 42 162 202 0 60 0 0 0 152 93 3 255
    58 246 155 59 246 9 64 255 105 144 215 249 74 239 198 35 0 95 134
    119 31 89 176 130 0 255 100 0 0 191 164 80 255 29 253 255 217 170 68
    0 255 139 234 24 255 61 0 0 0 228 107 122 255 225 255 0 201 148 92
    255 249 0 0 59 242 210 255 201 255 123 183 207 191 177 0 59 26 225
    69 222 255 182 253 255 255 148 255 255 0 219 138 10 0 144 254 154
    103 253 11 255 227 9 225 199 0 110 255 18 88 49 1 0 0 197 226 9 13
    153 133 19 172 204 32 255 163 0 234 219 210 28 255 0 118 57 101 205
    47 255 0 20 209 194 192 44 187 184 0 23 255 69 61 142 0 255 73 63
    255 255 255 207 0 185 59 181 0 0 0 255 150 95 255 53 156 255 17 255
    124 0 50 0 211 0 82 203 56 126 159 0 40 0 0 112 118 205 112 0 0 132
    0 0 0 0 197 230 0 255 250 255 255 109 167 22 154 202 221 204 124 0
    255 107 255 255 18 28 0 132 65 138 0 60 169 234 95 35 255 221 71 201
    0 164 255 56 201 192 114 220 74 0 65 0 17 255 0 255 255 199 192 255
    255 240 30 0 0 72 127 0 0 48 255 11 158 0 142 255 0 206 222 129 207
    200 145 10 0 211 196 255 242 0 255 255 37 0 255 137 226 0 137 255 48
    0 196 182 9 0 90 104 0 3 61 111 255 69 0 0 131 222 0 88 173 228 188
    111 255 133 0 0 0 78 255 14 255 139 0 177 146 255 65 255 255 0 252
    255 68 121 128 255 237 0 154 25 147 83 72 0 39 62 103 131 162 0 28 0
    40 255 0 0 0 0 0 119 64 237 59 255 212 239 126 255 255 21 191 5 0
    144 183 255 28 165 130 86 0 255 49 0 8 255 101 0 22 72 87 233 0 255
    255 25 0 48 255 251 133 255 157 255 123 146 33 162 193 255 0 100 129
    192 194 13 71 236 177 191 107 86 75 164 255 255 133 0 255 251 0 80
    255 17 0 0 247 255 4 0 87 2 163 147 210 255 181 0 245 229 33 0 106
    124 84 255 143 255 90 0 254 35 65 68 146 36 169 255 108 163 255 55
    175 90 65 138 211 0 47 110 255 142 185 196 158 0 206 3 103 202 113
    255 255 0 175 255 0 4 255 0 0 57 32 247 127 39 101 167 213 153 164
    83 193 0 220 181 223 130 239 205 214 114 185 94 255 255 187 0 75 0
    255 0 0 162 224 159 211 205 118 0 79 193 0 185 255 255 0 30 255 255
    255 149 57 121 194 160 124 160 255 0 32 208 89 168 0 99 92 255 125
    170 134 2 244 244 255 255 58 0 223 0 0 255 0 0 138 0 227 236 89 169
    81 9 37 0 14 188 218 0 255 158 140 255 36 142 0 208 255 7 255 175
    165 223 221 228 0 255 162 199 187 108 0 0 166 230 155 255 0 23 255 0
    0 56 244 0 255 82 1 2 238 181 90 140 131 181 0 0 255 135 92 163 0 0
    255 255 95 157 165 255 68 140 29 42 0 0 168 0 42 255 121 255 199 25
    212 255 255 0 74 34 255 0 74 148 83 190 76 17 150 95 16 178 75 0 0
    170 45 63 172 29 208 82 255 0 178 0 142 79 142 0 172 134 255 77 124
    0 18 0 0 118 49 45 240 0 166 0 200 129 57 255 171 212 57 105 39 65 0
    165 95 255 104 0 218 131 110 26 231 238 149 0 26 191 4 255 230 148
    255 255 35 255 13 0 223 0 114 207 72 122 255 0 59 0 255 90 0 147 0
    73 72 255 255 255 255 0 190 255 115 92 40 0 0 96 93 165 236 30 255
    56 0 0 0 234 212 136 199 80 206 0 139 255 0 249 94 124 100 52 252 0
    143 128 255 107 0 64 191 82 189 255 255 93 0 152 0 133 0 44 96 147
    179 105 28 27 192 0 0 255 149 0 91 38 102 87 255 0 124 240 162 0 255
    225 122 0 242 15 187 255 10 0 0 0 255 215 135 241 200 119 0 47 161
    159 92 11 194 158 0 61 0 165 160 243 121 200 0 55 255 255 235 173
    107 241 75 222 255 255 2 0 80 131 6 49 149 128 162 71 88 13 255 21 0
    27 0 151 255 137 7 148 225 3 255 0 255 0 203 255 50 255 207 125 255
    6 223 0 0 128 255 0 0 177 0 0 168 0 255 118 229 134 0 241 216 0 154
    0 247 255 161 114 113 35 193 183 172 0 0 2 131 0 17 0 255 82 0 40
    203 255 0 0 68 32 0 3 0 40 117 142 162 142 159 45 0 0 86 146 29 0
    118 255 110 255 255 171 0 0 132 255 42 181 246 163 39 159 58 255 216
    86 243 0 0 24 220 0 255 172 153 0 255 122 144 99 0 7 32 175 101 255
    134 64 75 139 0 0 37 43 229 51 175 249 172 0 255 39 255 180 30 233
    46 0 231 106 121 226 195 255 34 255 0 239 99 229 255 164 140 182 0
    255 0 133 231 75 255 0 0 81 255 108 255 95 188 8 0 238 127 51 126 0
    0 219 0 96 49 89 168 255 61 0 0 216 223 255 131 255 255 255 0 255
    255 190 205 255 102 203 254 50 202 255 64 67 255 237 173 239 255 32
    216 50 0 135 223 201 255 0 143 255 0 195 255 57 0 154 94 225 241 0
    153 48 80 138 160 255 255 0 8 255 227 143 7 203 25 0 46 255 137 227
    0 255 0 0 8 0 200 0 224 255 0 19 0 255 166 254 18 255 208 0 255 0 0
    242 162 220 254 194 219 111 194 40 255 136 255 78 60 0 0 255 101 240
    255 105 57 83 203 145 255 0 235 255 122 0 62 12 80 0 232 66 0 198
    255 0 216 0 255 13 161 255 96 0 166 129 39 114 130 253 203 255 35
    255 255 0 94 191 9 0 97 255 0 0 237 0 0 34 91 190 2 0 157 17 78 241
    105 0 244 179 215 15 188 195 255 23 129 1 0 84 29 90 0 255 255 0 255
    16 106 165 255 0 0 242 0 0 0 90 132 0 170 217 95 111 37 171 193 173
    255 210 75 45 212 169 255 255 255 82 149 176 92 95 31 0 241 92 61
    122 219 63 93 74 255 36 126 23 0 255 210 206 100 251 255 223 255 12
    255 83 93 99 142 2 88 250 60 36 179 186 214 0 255 84 27 0 0 255 148
    20 43 150 0 44 226 0 0 161 36 190 82 45 255 0 168 255 255 247 255 40
    83 173 20 255 70 0 157 13 255 18 46 255 229 16 197 255 122 0 230 255
    35 61 255 172 202 116 204 77 201 255 235 255 197 161 104 168 6 115
    89 0 0 212 149 68 81 130 192 75 255 0 139 255 139 124 255 6 220 255
    7 153 255 90 3 19 92 132 214 0 188 83 255 170 0 0 0 97 139 98 255 56
    0 254 136 88 255 61 180 0 141 216 255 23 20 255 126 255 0 0 232 30
    255 0 0 239 217 0 0 4 0 178 255 255 47 214 0 255 0 255 133 0 0 243
    104 0 43 209 255 188 3 255 99 0 55 0 0 0 56 0 124 0 212 248 0 0 207
    39 0 13 0 0 195 187 29 33 46 46 101 123 146 225 165 226 123 0 12 253
    255 175 39 187 0 240 255 255 84 153 255 48 224 126 0 189 14 0 99 229
    202 119 217 197 57 0 0 220 203 187 0 200 67 135 255 20 255 92 135 0
    116 116 171 0 43 0 0 71 255 255 109 222 0 214 202 0 255 40 255 72
    158 0 0 226 129 87 255 36 255 255 0 96 77 3 77 166 255 203 55 198 0
    216 0 80 28 255 93 153 254 252 5 65 255 255 182 255 255 0 47 111 190
    255 0 18 151 135 69 0 0 222 0 48 37 0 0 102 226 172 14 1 37 71 54
    147 255 75 220 103 23 212 220 99 170 140 255 231 73 74 149 16 0 0
    145 159 115 81 177 238 217 183 166 255 143 50 0 140 226 231 255 255
    255 255 255 255 252 213 255 171 0 255 129 255 255 255 71 255 254 204
    70 176 224 204 3 116 255 0 255 224 255 208 218 69 255 105 195 171
    172 255 35 106 255 214 165 0 183 78 255 184 0 30 32 60 157 255 221 0
    191 0 77 184 72 255 167 255 104 114 214 13 77 255 0 0 0 35 255 0 0
    152 199 255 111 255 0 44 224 255 162 5 213 238 255 226 255 5 232 147
    0 255 215 128 9 0 46 106 229 0 255 28 255 216 88 77 131 91 255 255
    56 0 81 42 131 175 0 45 129 206 21 246 81 128 34 91 255 0 0 192 51
    60 26 49 255 232 101 195 20 144 81 164 255 111 255 80 0 0 185 122 0
    41 255 0 196 153 255 255 102 209 177 0 255 255 130 23 209 126 255
    200 0 0 0 8 6 50 255 0 101 189 0 216 0 160 194 39 234 199 0 251 24
    250 47 208 255 45 244 0 1 255 21 0 0 107 0 0 255 228 255 246 72 145
    0 192 129 223 215 0 149 255 116 165 246 112 255 114 252 200 238 207
    0 0 0 71 20 0 147 0 0 252 0 137 6 0 0 49 184 241 0 251 60 62 255 193
    255 0 199 111 170 0 29 255 160 87 193 255 38 51 119 201 223 44 48
    235 155 39 193 39 147 255 255 255 171 255 0 255 220 0 132 0 216 176
    255 0 8 129 161 188 0 0 230 246 255 0 228 255 70 0 155 255 156 121
    237 0 255 255 230 0 107 0 81 0 224 30 136 184 223 0 0 0 192 191 83 0
    247 72 255 84 158 128 229 196 0 93 0 0 75 193 0 255 255 179 43 0 255
    164 0 0 224 255 191 28 233 252 110 60 151 14 0 160 255 92 184 0 255
    170 0 96 141 255 59 251 147 0 255 47 255 140 81 232 229 0 79 255 182
    0 255 255 0 0 0 220 156 196 0 207 235 0 193 27 0 248 255 0 16 73 101
    149 175 255 33 255 99 0 24 150 255 255 255 0 11 0 86 119 0 66 0 212
    44 130 255 0 89 255 0 158 0 0 255 151 220 169 114 0 255 139 124 91
    255 0 255 166 85 0 112 246 97 238 255 124 157 238 244 255 90 65 0
    244 45 55 231 1 201 239 203 148 107 255 0 154 233 116 44 82 255 170
    255 174 0 53 0 0 23 173 0 141 236 68 0 0 0 48 20 255 184 0 255 255
    179 0 142 116 255 61 22 0 65 255 59 37 136 214 0 209 135 255 102 81
    0 255 6 141 255 100 64 2 227 9 0 255 0 28 124 255 41 0 56 175 139 64
    255 255 0 255 98 2 221 102 64 255 0 255 255 0 171 255 216 27 0 76 0
    69 103 81 123 0 255 89 36 255 90 255 237 0 153 0 255 171 255 166 4
    255 255 235 6 144 143 80 255 255 255 120 103 0 255 57 0 255 112 77 0
    0 116 0 196 73 0 0 1 108 0 51 31 16 166 170 247 174 255 255 146 98
    90 177 101 11 255 232 91 27 244 119 255 255 222 0 219 29 110 255 2
    185 0 193 192 0 87 5 0 255 255 130 72 255 255 183 255 118 158 255 65
    63 206 233 242 0 157 238 0 188 23 0 245 0 0 6 255 255 194 255 0 68
    173 129 0 255 155 157 224 146 65 255 98 67 252 255 156 180 255 255
    105 203 0 177 208 224 212 137 107 69 73 191 255 6 255 0 255 255 77
    60 89 210 208 73 178 255 24 255 168 112 255 0 0 255 1 158 0 240 255
    194 80 106 81 32 255 119 47 36 57 185 77 255 173 138 8 0 237 216 217
    255 167 0 188 0 100 9 220 255 0 119 255 255 117 255 255 0 28 26 211
    38 189 74 39 36 228 85 219 211 253 76 100 33 172 147 49 163 125 81 0
    180 255 0 104 14 255 255 157 0 255 17 0 255 101 228 36 81 142 0 179
    188 255 255 0 64 23 255 255 96 255 92 67 80 0 133 250 112 157 90 255
    0 255 22 50 0 255 71 153 0 255 36 54 133 255 242 186 0 6 0 47 96 43
    163 0 255 204 0 14 11 255 224 174 127 0 0 137 240 205 134 77 210 60
    62 33 88 255 120 101 255 0 255 98 255 255 153 86 255 216 255 79 220
    189 0 181 103 255 0 13 0 255 255 206 0 165 255 255 99 249 255 255
    195 0 94 79 255 130 255 29 19 125 185 0 62 84 72 233 255 0 33 244
    199 0 222 1 255 180 55 164 89 136 0 84 0 255 113 0 255 110 162 255
    251 166 114 71 255 149 206 214 137 88 255 103 0 234 253 167 124 3
    189 71 169 44 255 0 10 0 187 143 0 255 160 51 195 0 0 24 146 255 255
    255 4 255 0 116 204 255 255 0 33 71 75 72 36 0 232 71 116 0 255 0
    139 176 255 0 0 0 86 236 255 125 255 251 215 255 112 255 47 110 125
    130 212 202 14 255 79 255 186 155 255 91 255 0 255 255 255 201 255
    255 162 33 181 229 158 255 255 185 0 94 0 0 150 136 25 32 0 255 255
    0 97 0 255 49 15 0 82 117 176 37 154 183 0 79 78 22 255 0 192 226
    203 0 164 0 189 189 0 0 54 85 145 36 255 217 14 0 96 255 175 157 255
    0 240 0 0 199 208 0 0 44 0 113 133 184 255 152 127 0 255 48 217 0 77
    182 23 255 0 0 170 255 192 19 49 255 0 140 82 19 101 0 137 0 190 230
    112 91 255 206 255 184 173 159 255 55 51 187 208 93 175 255 255 30 0
    101 83 175 115 63 1 28 24 0 0 255 90 0 255 175 133 123 165 227 255
    57 126 126 236 255 212 59 193 199 160 137 255 141 115 151 101 188
    199 255 152 12 0 190 255 255 0 25 50 161 82 0 244 0 250 89 144 255 0
    151 182 255 0 0 198 0 145 9 0 255 28 144 227 56 0 103 77 243 0 150
    255 255 153 255 255 91 23 255 0 106 109 255 150 183 92 131 198 255 0
    103 205 208 165 255 121 153 255 29 69 255 102 142 255 82 187 0 237 0
    23 255 0 0 123 132 114 98 0 41 255 199 208 183 73 71 96 90 25 171 63
    90 210 162 234 0 242 255 113 132 180 242 57 152 6 255 255 198 172 11
    114 0 255 181 0 0 219 156 145 5 118 255 82 65 110 183 255 255 9 52
    255 255 54 191 168 105 221 255 39 228 210 75 0 243 0 166 0 255 255
    168 213 255 255 27 27 105 255 213 211 160 15 255 88 0 0 255 182 255
    83 73 120 157 130 130 70 85 255 140 255 0 97 255 104 23 62 255 255 7
    168 255 223 255 16 104 18 206 181 110 23 242 231 200 0 6 248 168 0 2
    139 37 89 118 255 233 226 234 0 0 154 247 138 104 140 0 104 6 220
    177 0 230 142 255 0 0 145 199 255 255 97 210 234 0 147 149 0 231 217
    255 79 38 0 255 26 134 255 0 200 163 184 82 0 0 0 183 206 255 71 255
    204 0 169 215 201 255 194 0 244 234 0 14 157 145 146 70 221 63 101
    48 255 0 0 197 139 0 80 255 23 100 66 229 157 204 255 0 0 223 226 45
    31 138 16 223 0 0 50 78 124 194 108 143 62 62 112 255 99 255 255 207
    0 85 183 255 118 165 129 167 226 0 132 10 255 42 235 0 0 198 0 50 0
    0 255 0 84 124 8 40 121 3 100 127 11 176 255 212 247 128 102 23 0
    255 54 25 113 111 0 72 169 0 152 27 219 0 156 116 0 210 57 9 152 0
    91 0 234 10 151 253 150 114 31 171 255 202 255 160 225 255 20 0 231
    255 5 0 0 178 255 234 216 41 179 0 66 108 205 255 255 68 62 0 255
    131 168 223 232 116 0 52 180 17 50 5 105 227 97 175 4 255 0 81 38 0
    199 0 71 24 91 65 255 0 150 45 0 88 219 214 193 183 0 69 95 250 255
    87 0 150 100 255 98 0 134 255 69 137 108 0 0 255 112 119 110 141 251
    198 255 111 255 255 255 0 82 63 101 175 0 19 253 113 64 255 255 255
    55 213 141 115 146 8 0 255 62 187 0 152 0 255 255 255 238 113 34 208
    0 0 151 134 255 210 155 255 255 255 0 55 21 241 25 177 255 183 152
    239 177 18 77 41 0 209 255 0 47 140 48 255 216 246 141 0 255 255 245
    255 162 63 103 255 2 3 71 47 206 6 107 255 90 0 235 17 19 255 13 255
    110 15 167 105 199 80 212 245 128 128 0 0 0 115 0 255 0 243 148 0
    252 155 250 139 0 13 48 255 200 144 255 226 200 0 44 255 102 78 2
    225 0 143 0 255 255 19 255 230 255 255 0 8 175 208 96 0 255 212 108
    70 131 158 120 231 0 0 58 255 255 152 0 90 255 38 42 227 108 48 0
    173 19 136 211 156 255 133 0 98 104 125 0 52 0 201 0 0 64 255 255
    255 0 196 155 255 255 255 133 255 89 47 0 104 184 151 151 39 162 83
    75 40 255 106 88 141 0 72 255 0 178 255 255 0 255 255 231 100 255
    226 255 176 212 86 103 185 14 190 232 62 221 255 255 133 160 10 0 0
    0 233 96 247 0 0 255 32 60 0 0 0 66 128 125 121 48 0 0 243 87 0 71
    69 166 150 193 255 255 0 255 128 255 88 75 255 204 198 192 41 255
    149 172 255 195 41 102 0 255 92 104 237 255 255 255 28 154 215 255
    23 63 255 23 255 255 235 35 0 41 195 55 197 176 126 239 255 113 170
    0 63 0 230 197 255 255 255 255 255 249 161 87 255 201 68 184 254 0
    253 255 0 0 147 171 103 255 155 121 255 173 242 0 255 0 255 159 255
    53 1 214 255 202 255 236 222 255 81 177 68 0 94 25 216 195 0 167 237
    170 184 133 221 7 177 133 0 206 239 228 0 255 139 255 186 255 255
    101 0 100 0 102 0 208 0 124 245 65 152 140 135 206 217 14 0 215 219
    14 248 220 55 0 255 0 134 117 255 210 0 0 255 255 80 189 204 44 0 27
    113 255 145 255 111 255 0 0 255 0 255 238 0 194 40 239 255 44 221
    205 0 240 144 255 80 0 202 255 255 255 255 233 0 0 67 0 79 255 0 255
    182 131 213 148 73 0 105 154 255 255 255 255 255 76 46 225 255 214
    152 255 136 50 37 108 0 193 155 50 220 190 136 157 85 114 228 53 163
    99 42 226 0 249 255 0 255 24 149 255 184 68 238 57 255 119 255 159
    106 208 0 10 255 255 219 190 121 255 0 66 255 176 0 113 171 53 157
    237 213 148 76 20 46 137 141 255 121 255 150 29 253 144 185 0 85 19
    255 159 0 0 192 69 0 37 110 0 12 235 201 234 0 40 218 233 0 19 68
    170 74 91 255 150 0 223 255 25 0 243 0 255 88 255 92 0 64 107 255
    140 162 159 172 255 0 255 255 15 0 255 166 255 105 0 143 0 75 137 95
    123 112 255 145 255 0 14 255 128 255 189 41 154 108 76 229 17 80 0 0
    59 245 86 84 139 0 223 255 50 29 156 86 42 255 255 0 213 88 255 105
    39 221 25 11 6 161 176 98 61 99 0 155 0 138 255 175 255 0 255 5 168
    0 0 46 110 123 0 0 169 215 255 231 255 183 38 104 181 0 0 207 0 246
    0 255 49 243 113 255 0 233 86 184 255 0 192 255 93 247 209 75 210 63
    176 37 0 250 0 50 93 189 0 0 255 255 179 255 0 185 255 0 0 88 0 9
    253 255 0 109 168 70 225 173 224 251 132 212 84 166 255 255 185 156
    46 0 245 115 255 255 255 255 242 0 97 255 139 88 255 140 244 255 0 0
    179 184 132 0 198 0 2 224 41 189 154 0 124 255 255 255 72 255 255 0
    113 255 0 216 127 255 101 0 255 95 206 176 205 255 0 255 75 255 164
    147 230 244 0 37 133 0 233 255 0 235 187 36 255 220 105 0 0 203 178
    80 140 167 227 0 105 0 0 159 226 0 0 117 0 67 0 0 0 255 255 0 248 60
    205 107 153 245 0 195 0 158 182 0 77 0 0 255 255 26 21 2 255 0 0 181
    255 104 255 71 0 255 0 65 0 160 215 125 255 98 145 12 255 70 251 152
    0 57 87 255 212 255 164 0 255 255 119 255 157 147 0 255 112 60 85
    255 237 180 0 161 0 0 89 237 108 255 55 35 105 249 0 255 255 139 255
    192 20 255 0 38 183 15 145 255 49 221 0 0 16 0 30 0 0 238 117 56 0
    255 0 255 223 255 15 0 47 184 255 74 109 255 101 50 255 155 0 255 0
    0 0 0 255 219 236 0 125 253 107 153 144 214 241 0 133 57 237 0 103
    236 203 23 255 163 165 125 0 121 46 100 90 231 55 0 255 191 0 0 177
    27 255 215 242 255 0 255 38 115 0 8 129 96 255 237 166 255 0 180 122
    139 160 48 0 255 248 0 255 215 255 0 1 116 40 218 255 124 36 0 53 0
    32 119 255 133 197 255 193 143 255 0 158 200 255 107 27 255 100 224
    221 0 167 25 0 127 255 76 135 0 200 130 13 255 255 198 248 29 232
    209 0 8 102 152 0 220 255 186 211 125 255 7 24 161 255 102 28 255
    255 255 49 255 255 222 255 247 0 53 205 200 13 255 0 154 0 221 241
    21 0 26 29 255 191 22 4 150 166 255 255 255 14 0 234 0 255 216 0 189
    255 0 228 0 132 181 225 255 38 0 111 255 255 255 31 204 0 65 120 255
    128 0 255 0 255 0 255 173 233 255 100 19 41 5 255 61 0 39 236 115 0
    0 216 205 0 0 215 219 89 246 112 209 0 211 255 255 237 172 246 255
    25 255 255 255 203 228 63 0 0 194 255 196 183 85 0 183 148 0 0 207 0
    73 0 0 96 0 208 217 255 204 0 14 0 149 161 157 200 198 177 196 28
    110 23 88 238 0 114 0 181 248 213 190 81 125 158 95 255 164 255 231
    42 3 6 255 133 215 0 108 255 233 0 255 255 216 128 0 0 175 51 138 0
    255 209 0 255 185 0 56 29 6 255 0 0 0 255 169 206 40 245 239 225 230
    255 255 120 171 194 172 0 39 0 165 0 108 232 0 4 0 47 142 254 192 72
    174 0 116 190 86 245 20 0 106 93 251 0 170 130 44 64 188 255 255 255
    54 225 39 0 255 240 3 0 228 238 38 8 98 1 53 255 255 0 134 149 141
    67 255 212 61 169 43 76 255 0 6 0 255 168 0 0 2 192 255 12 255 0 255
    0 215 0 255 59 255 255 0 0 58 0 149 255 85 0 42 255 200 0 232 104 0
    22 16 211 103 255 189 39 255 0 255 55 110 193 255 255 0 83 141 154 4
    96 201 131 255 49 103 219 207 255 180 73 109 105 214 255 167 101 200
    0 201 145 39 34 255 198 167 255 177 255 255 11 206 203 192 189 0 0
    115 216 0 0 81 255 0 0 102 0 211 255 166 178 204 202 133 141 79 0
    255 210 0 17 134 48 82 0 224 255 255 160 113 134 96 82 205 99 204
    255 2 147 130 201 0 253 255 130 120 0 0 4 0 252 0 255 255 159 255
    255 55 85 230 103 21 95 0 0 0 0 39 18 99 101 0 174 229 0 62 47 151
    64 66 24 255 0 222 127 0 238 251 247 244 255 125 0 5 64 81 10 255 56
    255 0 239 203 180 0 1 143 124 0 53 28 57 206 204 36 198 181 181 158
    0 232 208 255 172 209 0 163 0 255 194 0 7 0 35 255 0 14 0 26 254 0
    32 126 89 255 193 42 219 255 0 124 103 0 0 0 255 120 195 197 7 132
    107 108 154 201 255 23 226 0 255 0 209 86 0 0 56 255 15 255 190 255
    31 0 255 204 0 234 103 86 251 0 255 0 0 200 255 217 30 203 5 0 189
    149 0 134 245 103 0 75 54 91 77 0 0 230 234 0 0 114 132 202 255 120
    134 255 5 0 0 83 214 0 255 131 15 255 214 180 169 0 254 0 60 34 164
    112 255 0 25 0 255 0 171 127 226 255 24 255 253 31 200 118 30 0 212
    0 0 255 197 101 0 0 130 75 255 113 194 251 18 0 217 41 150 175 255
    106 207 0 108 217 70 87 0 255 0 151 107 0 0 0 81 5 87 255 255 255 92
    56 2 0 28 255 255 0 72 139 245 255 202 255 59 40 149 171 237 0 215
    159 185 0 255 179 241 103 43 165 74 70 0 255 192 158 163 173 0 237 0
    0 137 183 230 158 0 0 200 10 135 105 2 0 255 81 190 54 0 228 115 107
    0 0 138 70 10 76 0 255 246 197 255 218 179 51 128 0 229 0 86 255 106
    255 7 114 140 9 0 69 0 195 214 191 87 255 198 131 202 83 32 193 24
    227 11 147 8 115 176 121 0 167 53 44 105 215 166 224 31 0 159 0 0 76
    255 50 152 65 255 0 122 178 182 133 0 215 142 255 43 255 145 0 255
    209 4 255 191 255 210 255 133 18 93 177 35 31 63 255 222 199 255 216
    219 153 115 0 31 16 98 236 0 144 147 255 255 209 193 153 131 37 28
    52 89 255 255 0 0 6 17 71 93 79 139 103 149 11 252 255 0 255 88 221
    28 255 0 0 199 209 255 199 0 164 114 25 55 255 126 227 222 187 0 137
    255 220 155 14 46 182 255 110 176 167 6 42 35 0 255 0 122 0 244 255
    4 162 168 236 251 231 140 255 95 56 156 134 67 0 17 24 32 255 146 0
    0 134 255 197 0 255 231 19 247 0 255 79 255 151 204 255 156 0 37 182
    0 0 242 0 65 255 201 17 255 0 132 83 255 33 88 255 255 0 217 235 121
    226 255 0 64 188 255 150 255 255 162 204 54 234 0 231 38 214 0 255
    255 93 255 3 255 208 190 0 239 0 74 171 0 159 0 204 0 46 81 35 219
    255 255 87 104 255 255 255 255 221 255 255 179 140 89 4 255 236 54
    95 202 106 120 138 15 42 126 20 59 125 17 255 39 109 212 154 255 131
    255 29 33 29 225 255 255 155 255 0 255 88 119 9 138 255 106 21 255
    32 184 0 255 255 0 255 107 51 168 255 108 228 255 0 167 0 89 174 94
    220 0 37 255 83 255 255 253 5 0 255 255 35 89 25 243 0 243 66 255 76
    130 0 0 14 115 255 165 74 255 255 255 105 109 58 243 0 39 240 0 255
    56 143 221 74 255 124 255 255 32 17 250 255 0 0 168 255 255 0 0 38
    59 255 51 255 2 77 0 0 255 69 255 224 255 255 52 132 255 0 0 89 25
    255 164 183 30 44 232 0 173 227 255 255 0 255 13 78 0 239 238 116 37
    49 0 255 78 0 0 255 209 56 0 0 0 15 123 0 242 255 255 0 0 255 248 18
    116 69 109 0 0 255 0 44 169 255 0 213 19 0 122 1 61 45 165 79 85 0
    76 0 36 162 174 117 190 255 192 242 0 251 134 0 28 158 255 74 255
    255 250 168 135 101 41 173 64 94 0 109 175 128 94 91 170 115 152 255
    65 161 170 0 35 28 89 255 241 255 150 175 255 149 98 208 203 139 44
    42 255 255 69 144 166 255 253 182 154 255 144 97 102 96 255 4 73 255
    41 69 98 5 194 255 39 8 155 174 0 0 194 72 125 255 169 96 131 0 255
    12 0 0 255 0 95 244 0 196 68 74 0 106 255 13 88 154 63 255 228 236
    156 43 129 88 255 0 255 104 74 134 255 255 182 24 3 58 124 255 154
    255 137 0 124 198 17 131 97 100 0 255 255 0 19 13 255 0 0 232 1 164
    183 129 255 185 255 253 255 0 0 69 117 153 0 116 255 19 255 31 255
    57 94 112 240 210 255 255 57 255 114 209 212 255 107 255 255 164 255
    232 16 168 0 32 211 255 255 132 0 67 82 255 202 96 255 177 102 81 12
    135 255 255 255 97 248 232 167 0 0 0 13 55 86 0 222 0 0 182 231 98
    248 0 134 195 108 179 49 61 47 0 248 0 142 62 170 255 0 0 255 206
    107 59 222 255 166 195 0 246 255 255 250 205 223 255 40 0 121 0 200
    80 58 0 255 77 243 0 199 255 107 255 15 218 0 82 183 77 220 255 255
    135 238 0 117 98 0 148 212 255 195 255 0 0 135 68 0 255 0 37 244 0
    228 138 126 242 49 21 232 0 244 78 159 94 0 239 205 201 198 0 255 11
    129 0 132 255 28 255 0 7 58 34 255 255 56 255 255 243 0 36 180 0 66
    255 254 0 174 255 36 55 170 97 139 232 255 195 94 0 109 219 116 127
    155 255 0 160 234 0 111 0 38 147 118 255 238 138 0 0 231 71 250 0
    255 193 0 55 255 37 0 0 255 168 0 193 152 7 47 77 207 123 54 70 75
    182 246 113 44 20 103 72 37 0 252 223 255 243 167 255 255 255 255
    255 255 212 0 231 255 0 131 255 184 157 0 0 231 77 0 127 255 107 255
    105 218 227 122 241 223 255 0 0 179 255 0 0 243 169 0 0 28 61 0 255
    104 188 0 255 255 0 32 110 0 0 248 149 255 127 255 1 255 153 6 175
    255 179 255 47 116 27 0 155 255 0 0 184 0 212 0 0 0 215 120 37 255
    212 0 128 0 255 218 26 255 0 255 255 0 237 129 139 0 38 255 0 255
    107 255 0 255 239 108 183 158 55 188 211 0 0 165 165 0 151 81 0 0
    255 125 222 99 255 235 89 181 203 233 201 255 255 87 189 0 113 0 60
    150 167 96 255 255 67 205 255 255 128 255 255 0 0 255 0 0 138 189
    139 126 163 216 145 158 255 255 193 162 158 223 0 117 126 29 0 189
    79 0 0 143 157 0 0 255 220 193 255 146 0 236 122 229 7 185 149 25 0
    244 188 97 255 136 36 136 236 255 104 255 0 17 173 61 255 146 119
    166 0 65 0 255 255 86 103 0 255 118 255 14 239 21 146 170 129 10 27
    0 0 42 0 62 0 223 194 0 255 0 0 166 255 99 101 240 237 255 163 174
    60 251 255 213 125 69 134 28 0 47 255 123 156 0 177 255 255 145 0
    113 206 226 62 105 186 255 255 191 186 248 0 0 32 225 35 64 255 177
    226 0 0 255 5 236 0 44 216 144 255 39 255 53 0 205 255 177 0 192 233
    219 0 108 138 182 242 255 0 185 56 171 0 0 0 120 55 74 99 231 46 25
    33 168 255 29 0 86 11 173 255 155 255 79 0 110 132 45 246 158 129
    222 255 99 255 0 149 186 239 122 245 245 102 158 255 187 211 113 255
    165 0 255 91 71 0 63 209 69 228 0 0 191 158 124 0 181 244 40 0 255 0
    255 183 143 0 42 90 0 17 72 0 70 255 211 92 255 255 28 255 9 0 255 0
    28 32 145 198 174 255 0 225 17 0 152 0 67 176 104 15 0 151 255 206
    235 59 255 0 206 255 255 251 98 87 0 46 187 255 5 212 209 162 255 90
    64 157 255 247 0 191 0 0 213 71 149 246 236 7 222 0 0 243 131 255
    225 255 24 114 217 0 255 0 0 0 201 54 219 52 246 151 172 184 152 14
    155 212 0 0 229 26 160 226 156 255 120 52 153 0 12 255 150 0 0 0 168
    184 255 255 255 85 3 255 156 0 224 177 0 0 33 255 151 255 59 0 168
    143 71 0 0 0 13 254 0 190 66 160 255 255 193 147 248 234 83 0 170
    255 197 247 255 255 227 54 80 0 0 23 26 84 255 199 200 255 220 245
    12 54 20 52 105 255 170 226 161 31 0 0 87 255 197 220 193 255 255
    255 35 242 236 94 34 255 0 218 47 255 127 128 255 135 204 216 245 85
    0 24 0 86 255 255 5 43 255 112 33 159 37 0 0 0 0 44 0 112 28 255 213
    162 3 58 252 0 255 123 166 204 250 255 255 157 87 255 255 255 122
    126 161 124 20 245 252 43 153 65 255 255 252 84 247 255 255 255 255
    124 71 133 238 233 175 219 110 0 148 91 0 255 0 93 123 215 255 0 0 0
    54 64 248 0 40 139 161 34 214 4 78 0 0 0 2 217 42 0 255 0 236 185 0
    90 40 130 47 90 112 0 19 130 86 255 166 127 255 0 154 78 86 0 255
    255 106 19 235 255 107 180 249 255 0 42 255 218 13 69 84 223 77 152
    127 255 86 179 145 0 57 59 197 255 82 48 26 1 0 78 0 132 40 255 255
    235 63 124 27 98 47 0 255 0 0 161 3 111 235 249 215 128 15 180 154
    195 232 0 57 63 211 255 0 88 163 49 133 56 198 0 0 0 135 237 88 0
    226 0 0 222 47 129 0 250 95 229 213 202 193 0 211 129 188 5 255 59
    245 255 255 0 114 37 152 249 247 255 9 72 94 14 255 212 229 0 95 255
    220 88 236 255 191 0 128 154 198 0 150 11 0 156 191 0 0 16 163 220
    195 185 158 0 0 67 0 255 239 255 95 0 53 255 122 0 255 255 0 255 144
    76 144 66 255 43 0 189 255 0 27 97 43 255 90 4 157 183 2 26 255 0 0
    162 212 142 5 3 255 0 114 236 7 57 0 0 210 0 255 255 94 249 150 255
    77 35 255 92 0 0 96 186 214 174 236 255 255 113 2 0 213 0 54 167 124
    255 255 109 47 255 12 20 216 63 0 245 255 205 120 114 245 143 0 0
    172 0 98 27 135 101 0 223 20 105 95 255 222 29 80 255 207 167 108 39
    120 255 237 0 255 84 0 0 255 255 123 6 0 29 252 60 182 51 237 228 7
    246 219 185 0 202 79 255 40 143 216 134 0 136 255 0 251 131 153 74 0
    128 103 35 249 255 255 82 41 255 255 208 255 97 255 255 110 255 0
    106 182 0 0 255 255 0 255 163 102 26 173 203 247 219 255 255 81 222
    102 128 61 200 0 0 128 200 255 27 120 255 85 41 101 255 0 7 255 25
    188 131 255 0 95 46 3 0 255 0 0 34 172 255 9 138 255 0 192 42 140
    255 233 5 113 255 54 238 255 255 9 9 255 255 55 58 70 37 167 255 188
    17 255 198 0 22 255 110 118 255 161 253 135 255 0 17 213 0 0 163 117
    24 255 0 23 223 151 73 0 255 95 0 255 0 98 255 0 255 1 101 72 228 0
    105 250 0 178 143 119 4 217 96 244 110 86 255 162 218 0 55 0 192 252
    0 119 165 201 240 155 121 238 94 144 251 129 57 0 86 207 0 70 23 0
    255 255 207 0 212 0 0 27 50 255 185 255 0 28 0 178 246 0 0 6 131 216
    249 0 0 16 243 61 220 164 198 197 255 1 255 119 124 217 5 140 255
    255 122 77 98 131 77 170 123 43 0 34 0 60 12 59 193 164 255 198 255
    227 247 255 51 148 0 101 172 68 255 0 255 75 170 252 0 0 255 255 38
    255 185 22 41 0 78 134 0 27 48 12 251 0 0 140 245 0 0 255 255 100
    255 255 69 0 107 189 0 21 0 98 255 0 255 165 45 255 0 53 0 194 70 0
    255 191 172 184 163 255 57 47 255 92 173 255 179 0 255 0 51 0 222
    177 119 255 255 255 56 61 0 0 45 226 192 104 202 255 108 178 255 118
    177 0 68 255 0 180 163 180 138 189 255 70 255 255 159 255 51 255 164
    255 58 4 255 0 255 229 154 21 197 190 12 20 201 176 129 126 119 59
    255 151 168 48 255 0 41 0 238 144 152 255 0 119 0 40 16 17 222 0 255
    38 255 68 69 255 87 240 14 137 255 138 0 0 121 49 255 53 214 255 255
    124 162 172 255 25 95 70 0 211 115 222 68 247 167 240 115 44 19 39
    88 181 148 255 9 187 27 171 255 96 0 255 0 14 155 209 112 216 53 0
    121 0 255 0 0 0 255 176 243 1 114 255 159 91 0 228 241 0 255 0 26
    255 244 0 255 248 43 82 0 240 55 255 170 255 105 103 205 46 255 77
    139 0 168 0 130 254 42 141 151 255 233 220 208 0 88 26 226 0 19 22
    255 253 0 175 98 0 0 0 81 163 240 0 235 112 145 148 112 255 0 133 0
    101 0 49 255 214 0 220 187 162 0 220 112 222 197 255 108 255 0 158 0
    255 255 86 0 8 211 237 104 37 2 167 0 0 0 0 0 163 16 0 231 255 0 243
    0 53 223 255 15 240 53 255 144 255 0 255 212 203 255 255 0 160 180 6
    196 216 62 106 255 192 244 255 100 240 33 0 61 0 47 33 29 0 0 0 8
    129 237 35 48 150 0 255 255 164 70 255 255 135 119 0 167 255 0 242
    255 233 15 133 255 0 225 213 30 255 77 55 0 0 111 0 51 232 0 0 255
    78 50 255 239 176 0 211 0 0 0 255 21 82 255 0 240 22 255 32 38 255
    206 255 157 137 170 0 91 255 53 196 0 171 235 169 208 156 52 125 0
    173 144 0 0 248 23 0 0 57 51 225 255 137 232 0 0 0 0 74 0 15 0 0 255
    255 255 25 0 255 67 235 0 3 180 255 117 152 161 31 60 255 27 162 255
    74 64 50 255 12 255 0 157 233 0 150 95 255 50 50 85 255 69 100 255
    176 158 0 255 0 0 172 64 102 47 227 0 255 114 13 219 252 58 0 120
    146 39 41 190 0 103 178 0 255 0 255 101 136 216 223 237 255 228 75
    154 66 0 255 7 28 0 217 187 115 255 8 75 139 194 93 224 255 40 255
    255 51 21 79 221 169 155 140 171 234 0 175 125 206 248 73 179 255
    199 0 219 70 255 255 81 73 255 255 255 74 255 255 83 0 50 85 142 125
    113 5 255 204 12 255 0 255 2 255 70 255 69 90 37 211 0 255 225 11
    156 156 186 243 186 74 135 71 71 101 0 0 7 193 0 0 1 123 78 255 91 0
    0 144 41 18 67 41 255 145 0 57 171 45 226 0 105 103 255 85 217 168 0
    59 120 153 0 0 0 76 255 255 255 0 151 4 255 255 208 19 212 255 68 3
    0 255 203 255 0 0 255 126 191 91 255 255 255 128 53 245 216 64 255
    146 182 0 199 225 174 151 89 135 0 255 0 0 0 0 35 62 0 223 0 122 118
    255 255 170 242 0 255 8 167 239 128 0 0 0 19 229 0 255 204 0 221 29
    45 255 255 255 235 0 255 114 25 252 148 0 0 0 0 107 255 142 99 249
    186 255 183 14 216 255 255 255 90 0 255 65 203 130 177 133 141 106
    113 0 255 114 200 220 89 255 66 171 169 0 208 0 248 255 73 176 255
    255 255 57 89 89 52 223 65 0 35 255 34 255 9 147 151 59 14 76 69 0
    62 93 0 255 128 0 208 0 206 151 85 150 76 255 0 13 43 36 148 138 251
    0 184 20 155 156 131 91 115 33 127 50 255 0 12 255 12 255 230 32 170
    0 255 0 255 219 255 0 141 47 236 0 160 3 166 194 157 0 124 210 0 0
    21 236 243 175 88 0 159 106 0 70 122 35 241 255 255 96 233 249 154
    255 1 0 194 197 0 208 65 203 242 183 30 50 18 0 255 150 255 76 242
    170 131 251 119 224 10 0 0 0 231 121 14 133 45 132 123 82 108 0 255
    10 255 79 7 0 0 113 255 13 0 149 58 73 11 49 255 0 54 251 239 204
    116 255 66 0 255 93 143 226 228 0 62 87 100 98 255 60 188 113 174
    192 0 85 192 97 0 76 70 41 149 0 0 109 0 187 0 35 94 70 255 255 20
    116 224 48 188 209 228 125 255 255 246 151 107 112 203 255 135 0 255
    255 0 77 117 255 255 2 186 255 78 247 0 103 110 255 0 0 238 242 255
    233 199 222 255 153 208 114 245 99 255 0 0 198 0 128 0 159 0 177 0
    207 255 0 150 153 131 61 0 226 255 208 41 128 126 100 82 122 255 243
    255 255 86 255 49 245 249 0 0 0 112 2 255 0 53 2 200 30 189 169 255
    214 173 183 255 0 9 255 255 38 28 255 80 125 255 0 169 219 255 255 0
    0 254 255 130 111 95 81 67 96 198 105 0 0 83 0 200 11 32 245 0 29
    255 151 255 0 2 5 129 109 153 161 253 255 163 0 255 255 160 255 255
    98 91 17 53 255 0 129 151 1 43 52 12 36 32 69 32 20 57 255 225 124 0
    151 0 87 63 8 208 175 0 47 73 255 205 0 48 81 95 87 0 84 0 255 29
    255 255 0 255 160 0 255 0 169 255 166 113 126 226 255 0 55 255 104
    255 4 203 255 239 253 18 232 127 0 0 11 243 187 20 255 78 234 255
    114 212 165 175 191 244 7 1 1 255 0 72 255 0 74 96 140 250 242 255
    19 0 150 0 0 115 0 120 0 233 126 12 193 255 100 83 46 104 18 116 0
    162 50 34 87 25 45 255 172 44 255 0 194 125 124 236 29 55 0 153 255
    255 231 153 253 194 0 0 0 0 18 255 115 255 251 40 206 241 93 193 255
    41 0 255 0 0 255 255 214 73 255 255 240 214 152 208 255 255 249 0
    255 0 0 255 173 95 65 136 143 188 53 86 0 255 0 60 25 160 62 72 200
    245 10 27 177 255 241 255 179 153 0 0 223 0 254 0 255 255 0 162 255
    255 228 216 0 135 255 0 158 0 70 0 82 254 104 0 229 175 119 128 255
    173 63 0 66 255 0 161 255 225 255 255 0 0 255 255 255 15 0 121 86 93
    3 255 225 193 76 100 180 15 0 166 0 0 6 89 0 255 94 37 255 116 4 152
    0 0 0 91 0 67 32 43 255 143 225 255 0 55 143 102 176 229 255 114 63
    70 82 65 0 159 201 255 90 155 62 255 169 74 207 0 27 0 75 0 255 172
    68 17 255 0 227 255 176 0 0 0 76 154 174 246 0 0 141 109 0 252 114
    81 255 0 255 46 255 253 0 12 52 141 168 152 78 0 0 0 41 144 14 79
    246 0 72 77 147 171 15 131 0 214 126 168 0 255 144 38 4 255 184 255
    0 255 255 154 234 20 127 0 0 0 0 0 75 166 255 255 46 23 255 177 210
    0 255 105 99 0 255 184 43 255 0 85 177 255 170 255 255 0 255 55 255
    228 43 255 154 255 255 255 255 243 182 169 255 255 227 254 118 250
    141 112 255 21 41 189 0 37 32 45 245 0 249 146 80 97 47 3 225 72 188
    0 162 255 255 1 46 9 250 230 255 255 175 0 139 255 239 0 141 0 18 0
    0 88 33 26 135 4 255 143 133 227 255 49 201 86 217 255 248 0 106 139
    8 196 0 157 57 0 180 209 255 0 192 243 103 0 0 224 134 0 193 36 0 0
    28 255 252 90 0 192 20 0 194 17 2 54 175 145 239 205 255 255 164 255
    255 255 255 255 97 255 121 20 128 0 55 181 150 0 107 234 153 0 219 0
    32 204 0 52 2 81 0 255 113 194 43 0 185 4 255 0 0 26 0 82 0 187 203
    255 15 178 240 30 16 4 223 255 15 0 0 255 249 33 201 162 0 144 255
    124 171 100 0 237 255 24 99 0 93 115 0 255 42 0 123 51 1 167 109 14
    19 251 0 46 128 43 210 21 0 255 0 231 255 164 11 0 0 255 131 169 41
    179 255 0 69 209 184 166 255 255 255 144 255 55 255 255 72 240 11
    255 183 178 183 0 80 161 166 145 255 85 255 255 255 0 255 218 86 245
    199 26 0 0 178 117 42 178 9 255 29 255 0 0 18 12 255 73 58 0 5 0 0 0
    30 135 8 255 148 62 5 0 63 12 215 149 219 51 255 255 3 255 100 0 0 0
    255 255 255 255 156 0 255 137 198 168 121 199 3 0 73 5 255 0 182 146
    0 66 255 0 255 220 255 255 255 5 184 43 0 131 125 74 134 68 18 255
    210 114 255 88 244 255 192 32 53 74 15 72 58 183 212 43 255 142 255
    0 0 0 0 136 255 201 130 186 213 196 221 163 198 255 138 90 176 255
    96 130 216 177 233 255 179 175 144 99 134 213 0 0 238 251 148 255
    110 255 119 68 110 144 34 68 48 255 94 255 117 84 100 255 169 230
    160 0 68 251 0 37 0 142 255 232 194 0 83 200 134 186 0 198 102 255
    184 219 16 78 63 210 164 180 186 27 74 138 151 46 121 213 131 0 40
    255 128 53 238 123 255 198 90 255 138 183 255 0 255 140 0 0 126 0 88
    126 11 0 0 83 58 255 143 255 255 225 255 167 190 199 84 117 0 21 215
    212 228 0 0 211 71 158 255 123 255 255 255 77 116 168 78 118 255 0
    100 148 162 253 164 255 27 104 255 244 93 0 0 0 232 107 255 0 255
    255 235 255 0 0 0 0 0 169 53 90 0 0 255 55 255 143 203 136 2 199 253
    141 0 255 198 0 92 25 11 160 159 191 255 0 210 0 255 112 255 119 226
    29 0 255 255 0 34 190 252 0 255 0 95 201 255 252 76 255 0 0 0 255
    238 56 255 15 7 243 20 90 41 155 132 229 104 169 155 255 255 0 19 0
    0 128 0 154 2 215 82 0 172 0 0 249 0 0 99 0 156 255 60 247 0 40 151
    84 255 255 54 109 145 67 0 114 255 114 181 234 160 190 255 190 108 0
    12 5 97 0 255 130 255 255 218 255 105 155 43 99 111 250 5 0 59 236
    255 255 0 30 255 0 255 0 150 54 105 255 0 0 255 0 121 187 255 134
    206 140 182 0 40 255 208 248 0 0 100 255 164 0 238 254 104 196 0 76
    255 0 0 209 0 117 255 0 90 0 192 0 224 255 0 0 66 23 101 255 0 0 17
    255 183 139 85 0 255 31 80 46 79 0 170 215 18 0 106 215 14 231 56
    255 0 0 195 255 195 134 87 124 125 120 255 81 0 255 114 203 255 193
    255 212 96 210 177 240 207 21 236 172 237 0 0 255 149 22 35 0 204
    118 218 255 106 255 255 110 255 96 255 255 81 117 83 28 0 51 0 0 135
    86 83 255 0 0 18 0 36 159 255 117 165 0 235 155 114 179 183 255 165
    165 255 254 127 10 252 0 0 74 205 4 0 208 211 27 255 255 255 204 188
    255 68 0 177 255 118 194 255 224 0 17 255 89 255 228 255 52 94 222
    158 47 235 35 48 0 27 0 3 255 0 149 255 80 0 226 159 233 80 122 255
    249 0 14 0 105 0 244 146 248 255 19 191 216 0 75 177 86 160 108 234
    156 121 0 255 88 240 255 255 247 63 220 128 0 141 255 26 0 0 0 255
    87 124 255 123 255 239 46 23 160 150 255 111 255 0 0 107 166 0 255
    25 184 125 0 60 0 255 246 138 232 91 255 207 229 117 3 174 129 255
    255 121 22 255 255 0 255 0 255 0 115 255 98 255 0 200 30 255 0 255
    255 255 168 135 244 173 140 235 199 20 0 118 0 163 27 85 121 157 153
    165 255 41 255 255 127 110 134 187 102 206 188 0 53 0 111 0 19 222
    86 0 255 65 109 47 196 234 177 255 71 255 113 159 255 255 120 6 38
    49 117 225 0 146 146 255 226 235 255 212 234 105 135 0 229 198 62
    255 199 184 0 61 93 162 180 116 221 52 81 81 100 54 0 26 190 0 255 5
    70 76 0 132 255 255 221 220 132 142 21 0 0 43 172 190 48 60 100 255
    65 0 35 0 114 255 0 223 92 0 255 40 152 231 6 184 155 203 134 246
    255 238 255 94 0 255 175 255 255 94 28 221 253 26 233 48 137 108 10
    230 255 0 0 113 0 0 128 60 0 125 177 144 48 205 34 255 115 37 220
    132 18 27 255 132 164 43 161 44 128 255 117 16 42 255 232 205 182
    151 0 9 255 33 191 181 255 139 0 17 30 0 252 251 0 4 61 207 200 234
    241 236 0 75 121 176 0 0 223 204 255 145 255 161 194 255 255 0 255
    27 0 180 227 91 242 255 0 0 194 0 0 255 23 158 40 213 122 248 180
    255 38 31 202 141 0 237 0 255 255 0 255 47 19 211 0 30 37 23 255 115
    0 135 224 0 0 0 180 255 0 0 154 160 0 252 0 13 110 0 0 186 255 121
    70 79 87 107 55 0 0 255 1 255 0 213 151 7 87 99 0 255 212 178 117
    179 78 255 30 246 31 134 160 0 0 34 0 255 0 175 12 0 150 178 0 62
    156 37 35 176 45 172 0 77 36 145 230 255 66 255 84 65 165 0 102 44
    166 158 255 255 255 83 127 255 126 255 94 193 102 220 0 255 71 74 0
    0 2 199 203 255 67 201 146 163 139 0 126 111 201 192 210 255 33 39
    67 255 255 0 134 35 255 83 255 6 255 104 128 218 110 255 166 156 251
    94 152 184 51 53 25 255 165 255 197 255 202 159 131 255 0 203 155
    255 255 212 94 0 210 123 0 199 0 241 164 255 255 39 0 255 0 255 255
    127 165 235 38 0 255 38 167 45 255 102 74 151 216 255 0 153 255 114
    183 124 173 214 253 9 255 255 69 137 255 0 0 212 217 109 108 9 255
    145 255 215 0 179 255 0 0 0 234 255 255 1 82 182 119 163 24 0 236 30
    162 58 6 57 0 223 255 184 109 43 229 137 244 255 209 255 255 165 0
    57 2 51 194 130 255 156 178 100 244 255 10 169 23 0 178 39 170 170
    31 154 122 255 0 255 255 87 95 126 255 0 0 174 185 172 214 189 36 98
    6 75 157 0 27 8 244 91 255 255 255 129 241 223 255 129 255 9 127 255
    27 21 93 231 0 180 255 52 0 4 198 118 0 255 0 202 0 52 0 54 128 255
    0 185 127 203 218 234 157 255 0 220 252 91 151 0 0 0 1 255 255 0 255
    0 0 0 94 47 0 255 255 0 238 153 225 13 255 255 216 21 0 0 0 75 237
    227 0 255 0 88 93 255 23 64 28 175 195 100 246 40 255 139 116 0 223
    14 219 33 182 27 167 255 255 84 0 255 255 134 211 157 0 0 176 125 78
    81 54 119 203 4 252 228 255 192 151 255 74 255 0 0 215 1 98 0 45 244
    104 255 255 123 186 0 77 152 169 52 0 246 101 72 52 255 153 133 47
    170 152 255 255 207 0 28 14 54 160 0 0 53 136 80 6 16 0 255 255 197
    33 225 28 0 153 0 255 98 255 0 8 37 255 139 0 234 0 210 0 0 255 143
    255 255 179 0 245 35 149 60 39 255 0 65 0 208 8 69 179 218 87 225
    255 2 22 39 16 48 23 92 255 130 255 163 255 236 29 236 255 223 106
    255 73 54 0 105 255 34 50 0 179 0 0 20 12 103 255 199 255 255 204
    170 167 43 0 109 31 67 132 255 137 232 211 132 165 86 255 75 127 154
    243 199 255 47 0 0 239 216 234 158 255 255 0 255 8 0 173 255 255 255
    40 0 190 198 108 0 154 68 0 0 153 208 133 0 238 225 255 2 115 15 114
    94 0 255 211 143 123 97 0 154 25 147 151 93 115 255 226 255 200 7 0
    52 124 39 0 95 231 203 3 133 221 184 0 246 85 140 97 26 225 255 0
    255 0 40 232 29 0 208 255 33 0 0 30 255 232 149 0 41 255 84 195 188
    87 229 0 255 206 0 137 255 0 75 3 0 0 61 30 19 141 0 247 255 0 162 0
    0 160 0 0 234 127 0 198 123 34 0 198 188 91 255 255 104 137 57 255
    197 25 0 255 0 255 114 232 104 228 200 255 228 140 112 0 104 228 255
    53 0 60 0 0 148 0 202 41 192 70 233 255 255 0 161 100 0 50 255 0 252
    110 0 189 42 27 255 46 147 94 248 152 31 255 26 222 96 40 30 3 0 178
    23 159 33 104 183 0 209 169 191 255 204 0 16 44 53 255 255 54 178
    255 151 0 24 30 255 0 148 152 148 243 255 231 255 251 217 255 4 0
    142 240 55 220 226 255 255 103 255 61 52 78 67 121 198 47 0 192 255
    0 0 44 0 255 2 255 255 96 97 255 22 44 165 255 255 93 132 255 30 255
    255 255 79 193 255 247 255 243 210 43 255 213 116 101 255 108 129
    186 156 255 255 220 0 0 205 90 167 255 103 255 189 123 148 52 255
    255 69 255 255 0 225 255 84 181 208 255 0 0 56 90 224 13 18 255 237
    234 0 44 0 0 185 80 235 139 189 255 255 29 226 160 0 0 84 255 255
    162 30 255 0 0 54 255 152 0 140 192 255 0 54 237 179 185 93 249 255
    148 130 179 255 255 239 238 218 187 0 0 41 20 59 128 200 62 148 5
    119 234 64 255 255 159 1 160 135 221 67 196 80 144 255 199 0 0 35 47
    126 0 0 76 255 249 91 152 189 255 0 25 255 251 0 59 0 0 106 255 232
    160 128 89 137 23 30 0 213 255 0 0 55 255 68 0 153 0 148 231 236 212
    255 35 82 114 0 35 65 255 78 0 6 0 0 12 99 255 60 68 79 137 255 255
    255 0 0 125 0 18 182 52 255 0 0 21 0 255 211 79 0 167 28 0 0 36 255
    0 177 217 255 126 0 130 255 71 107 0 175 0 0 223 232 0 0 145 255 255
    255 225 108 130 55 95 0 126 255 59 58 14 3 52 255 236 2 181 240 195
    252 4 232 155 156 226 161 73 0 255 108 78 0 12 39 0 0 96 255 12 156
    255 7 0 193 255 99 112 255 101 114 0 196 241 0 156 255 224 80 0 70 0
    255 24 225 255 248 0 93 0 0 192 225 173 255 0 189 224 255 0 206 13 0
    241 19 50 36 235 255 91 0 0 150 255 0 51 163 184 0 255 242 255 244 0
    17 255 134 101 0 255 85 23 67 255 255 216 209 3 0 255 255 255 0 182
    87 63 235 245 149 2 94 55 181 0 124 52 170 0 170 255 187 12 0 254 0
    25 209 255 255 0 255 52 123 255 228 32 255 0 0 255 0 27 204 255 242
    255 252 180 255 130 207 176 255 0 120 0 19 255 98 255 6 88 255 217 0
    141 62 0 0 16 228 255 0 244 0 255 3 240 13 0 190 240 99 226 3 255
    104 117 166 14 0 181 255 231 231 79 186 255 143 1 237 66 251 20 0
    255 255 67 255 90 216 136 0 242 164 255 251 255 0 126 255 48 255 194
    24 0 0 215 0 0 42 100 255 113 0 180 160 80 247 255 74 56 211 255 255
    255 212 222 0 199 255 69 96 255 98 70 169 10 56 0 227 129 163 96 0 0
    86 0 142 74 73 0 144 72 0 255 91 255 0 243 252 68 255 0 52 255 198
    36 49 46 255 86 71 0 250 56 13 47 216 6 78 255 0 255 255 36 222 0 78
    255 153 74 80 185 88 55 4 25 25 146 0 0 255 0 116 255 0 171 234 0 75
    255 127 51 27 61 237 255 63 255 106 124 226 152 219 255 18 29 83 112
    117 255 34 32 116 241 255 211 108 12 132 255 226 133 115 163 132 218
    164 0 255 0 197 255 255 194 18 233 49 0 255 16 0 249 187 101 0 207
    187 0 35 88 0 23 94 148 0 0 187 255 0 39 0 0 229 107 144 218 167 190
    151 255 139 255 255 255 198 241 43 124 255 194 117 241 101 74 0 254
    40 243 0 255 255 255 255 47 157 197 225 26 0 32 71 147 255 255 255 0
    255 0 129 0 255 255 183 255 255 255 227 255 255 0 255 0 193 0 153 37
    0 255 30 255 253 196 178 45 0 0 168 118 118 208 255 0 239 158 0 6
    249 114 3 154 185 236 68 120 0 61 123 0 82 227 31 167 53 0 241 255
    255 255 146 0 255 167 148 231 0 59 246 112 255 159 135 255 69 109
    255 253 189 0 199 33 198 234 0 207 125 0 0 0 255 212 220 210 25 211
    0 255 9 83 0 0 139 0 24 237 143 119 187 83 97 0 239 110 0 37 0 201
    255 255 36 255 229 27 46 209 0 251 139 255 152 170 255 255 0 137 105
    91 255 255 20 255 255 0 0 94 255 129 0 241 255 0 168 0 0 79 136 0
    255 251 255 255 250 171 255 255 240 0 164 141 255 12 5 0 207 71 216
    71 86 0 255 240 255 13 255 59 255 22 87 255 164 0 255 0 217 202 24
    198 173 116 68 111 44 0 255 0 18 0 110 255 161 203 186 199 223 255
    114 199 255 115 18 47 250 255 177 0 23 0 102 0 239 240 116 240 80
    192 0 124 5 255 239 0 84 92 32 255 0 157 3 0 0 0 160 114 249 143 0 0
    169 114 169 0 0 120 110 255 0 65 115 0 255 244 255 143 53 210 248 93
    126 13 255 177 165 183 155 253 255 0 0 61 196 255 182 231 255 128 25
    158 122 0 0 199 255 97 211 0 113 132 198 38 0 255 0 13 155 255 117
    50 0 255 255 132 121 164 225 10 30 255 0 96 12 73 35 0 0 255 31 0
    138 255 255 0 255 38 0 0 140 162 240 86 143 0 103 0 0 196 37 255 173
    32 213 0 26 3 97 255 209 209 75 41 255 0 127 13 255 215 255 255 19
    115 255 242 0 159 0 189 144 146 255 86 156 0 39 159 2 0 255 25 58 35
    109 215 255 13 5 74 255 138 124 65 66 0 255 255 84 65 213 111 3 84
    255 255 0 255 19 145 13 58 72 161 0 16 31 49 220 0 0 255 255 9 255
    193 0 58 255 2 172 196 181 17 255 224 0 255 89 161 117 255 32 138 0
    0 25 176 79 255 255 0 212 83 64 114 54 248 0 112 127 72 74 0 255 181
    60 155 111 105 220 0 195 255 181 0 55 247 118 194 0 92 140 0 113 0
    75 109 77 154 0 15 69 255 238 0 0 214 36 238 221 245 131 0 13 0 227
    0 220 255 248 53 59 0 100 91 0 158 135 167 141 14 134 0 194 79 222
    255 0 255 255 41 254 42 219 136 0 158 174 219 113 53 100 135 199 53
    255 255 255 63 191 116 92 0 182 187 124 0 52 63 52 222 255 152 0 0
    55 194 135 102 166 255 241 156 255 78 0 166 43 56 30 255 135 143 29
    255 0 0 255 34 49 0 255 222 0 97 255 255 0 241 73 0 255 0 0 217 0 78
    239 0 255 32 25 172 83 0 78 25 7 10 0 0 59 51 53 0 28 255 255 254
    102 221 9 244 36 185 255 255 94 83 255 50 153 0 163 255 148 32 223 0
    0 255 236 182 254 222 160 255 255 25 45 255 0 0 79 102 0 255 255 39
    78 0 255 255 34 51 113 255 255 59 227 255 0 0 206 145 81 127 202 255
    0 168 181 105 255 0 39 255 118 255 27 39 255 255 255 0 255 215 243 0
    0 105 255 255 164 255 107 232 150 161 46 201 126 34 0 255 255 0 68
    255 214 0 255 189 0 195 255 255 210 219 78 255 158 0 201 223 93 89 0
    0 255 0 0 130 139 238 98 230 18 99 0 14 239 255 0 0 255 255 164 151
    197 255 255 125 24 208 255 79 184 93 254 191 187 3 0 0 87 169 255 0
    172 255 242 255 99 162 112 255 255 204 38 0 28 255 29 194 228 193 0
    65 36 255 72 242 229 0 54 255 131 149 189 0 248 57 144 0 0 216 0 18
    9 51 255 231 0 173 255 222 255 255 0 0 172 255 222 177 212 164 221
    163 210 72 0 8 235 42 172 133 0 41 79 89 49 255 167 119 255 104 204
    167 209 250 21 166 228 121 244 40 248 0 130 138 241 160 255 15 0 44
    0 29 75 24 41 140 153 247 0 0 23 0 110 37 8 85 255 255 239 230 117 4
    99 0 42 115 255 233 255 154 255 58 98 92 255 0 146 29 13 0 127 0 255
    50 202 242 255 6 9 0 0 255 255 43 243 210 255 183 255 0 0 139 255 0
    155 255 0 70 131 23 242 51 14 255 155 0 246 97 255 0 0 64 0 0 0 0 39
    179 11 255 0 152 178 86 0 255 255 255 255 255 255 179 161 255 85 255
    0 21 74 0 0 185 0 0 251 216 243 0 218 255 23 114 255 192 0 15 95 242
    181 255 0 172 138 206 227 32 105 255 61 255 0 208 21 0 110 6 220 163
    217 72 17 40 13 0 161 58 0 255 129 31 0 0 61 0 63 190 147 0 195 195
    35 1 54 67 182 217 175 231 177 0 234 18 228 255 255 50 255 0 249 35
    237 131 0 167 0 148 86 255 255 125 195 255 127 246 0 73 151 11 143 0
    242 255 31 142 24 0 0 0 255 255 79 255 255 112 188 10 207 166 0 173
    36 212 235 22 73 0 50 106 73 0 255 14 214 195 247 7 211 112 106 97
    255 255 0 53 54 82 106 0 255 0 33 255 0 19 65 196 248 201 226 62 81
    161 6 255 133 0 255 27 31 95 0 255 0 89 43 218 35 255 153 104 255
    255 178 255 88 255 0 186 255 0 4 62 180 0 72 27 133 214 102 7 23 0
    204 231 121 0 255 108 86 252 34 255 126 255 21 241 75 12 253 222 221
    255 244 59 223 16 255 214 0 88 36 70 0 84 244 234 124 74 255 154 158
    255 144 205 255 255 159 184 215 201 49 0 0 112 191 255 255 0 3 159
    255 169 105 0 255 110 13 0 0 198 175 210 41 118 0 255 111 0 63 255 0
    255 230 164 33 188 26 255 39 0 255 73 0 212 224 145 255 147 213 0
    255 238 255 187 93 220 255 255 0 211 0 45 112 0 54 0 147 26 60 13 17
    64 31 240 0 112 255 62 32 126 211 226 235 255 0 0 0 90 22 0 122 0 0
    0 221 255 246 45 255 98 21 255 75 255 0 232 132 228 249 134 255 0
    255 0 211 85 33 5 255 255 255 0 30 18 255 29 96 40 110 38 242 0 0 23
    0 105 109 77 13 0 0 0 50 255 255 57 208 112 0 0 0 140 0 210 194 0 77
    236 107 61 255 255 172 204 197 51 75 30 79 0 255 136 255 255 255 255
    2 255 17 218 190 141 255 0 9 255 0 105 255 3 134 195 134 255 190 211
    240 0 255 255 168 255 25 255 44 0 141 7 244 0 163 0 46 97 255 206
    255 0 255 9 131 59 255 222 241 165 253 19 51 0 93 255 84 31 0 121 0
    255 87 232 73 255 245 138 0 157 250 211 255 168 79 191 198 0 255 36
    255 0 0 255 120 255 140 255 20 138 132 135 56 24 0 99 255 0 235 50
    172 237 255 41 136 0 255 179 14 28 40 151 0 255 7 71 0 67 8 255 122
    255 255 0 0 132 255 1 0 135 206 247 255 79 255 235 173 118 180 255
    21 178 168 18 203 81 192 204 9 199 56 0 0 0 255 0 16 0 26 61 162 184
    216 253 0 134 100 23 0 0 35 0 11 0 39 111 37 96 88 255 0 51 163 242
    0 0 235 1 246 255 236 135 0 2 7 0 170 44 0 84 47 0 255 46 138 255 97
    131 25 16 181 220 255 255 17 126 24 0 255 0 255 84 117 13 103 117
    255 39 154 1 255 23 0 141 255 21 47 4 0 0 153 0 140 0 255 10 0 195
    184 0 255 255 4 18 255 255 14 87 255 255 134 0 190 82 0 149 0 0 151
    181 99 0 255 159 141 92 255 255 75 255 49 0 49 149 0 90 107 123 23
    58 0 63 166 0 217 4 0 250 175 56 243 135 71 208 181 122 16 72 0 118
    174 70 0 220 184 192 0 89 0 0 119 34 51 84 215 255 0 54 255 138 254
    0 224 221 255 123 22 134 184 0 198 233 238 255 77 167 0 214 4 0 115
    78 0 67 231 123 121 255 128 255 41 82 141 62 255 183 84 54 155 103
    219 199 22 220 108 13 0 255 182 0 61 50 255 219 78 59 255 0 0 104 0
    0 52 255 4 155 128 0 118 0 42 255 83 138 238 113 83 255 157 255 0
    255 182 58 79 0 152 233 229 26 217 255 1 255 7 133 196 21 228 255 40
    143 199 138 144 124 109 255 79 0 42 236 0 118 30 237 203 0 194 11 56
    70 255 109 255 80 106 197 26 0 0 4 255 174 57 0 206 255 70 0 255 5
    242 42 255 27 255 36 255 255 105 255 1 138 244 116 0 255 255 211 255
    0 252 0 152 5 197 146 251 52 2 255 79 0 192 44 199 94 237 19 0 215
    102 249 92 46 0 255 158 115 64 22 255 0 105 230 188 27 0 255 124 5
    173 254 81 207 24 255 139 0 255 246 115 160 255 255 150 255 99 69
    112 222 0 0 123 255 0 203 0 86 104 43 146 0 0 214 255 0 255 213 118
    38 0 198 128 255 255 0 0 255 24 255 137 255 150 176 218 255 214 141
    39 243 0 190 220 255 255 248 0 1 25 255 97 18 255 119 128 171 255
    255 56 211 0 255 0 0 255 8 196 67 5 248 40 203 255 232 0 66 198 255
    255 255 0 43 246 132 0 181 108 224 217 151 0 84 191 170 238 66 74
    165 0 255 50 186 255 12 125 0 26 186 175 0 234 0 18 237 179 94 255
    69 165 255 147 227 32 236 25 198 151 15 0 124 14 64 255 0 68 56 22 0
    70 164 0 49 166 66 205 8 2 196 39 64 227 0 68 50 194 205 0 107 229
    137 0 255 75 142 215 185 255 90 11 0 255 239 72 255 255 249 0 130 90
    69 255 143 211 247 83 218 216 255 0 0 22 28 0 0 0 123 137 255 230
    255 42 210 0 0 0 20 234 0 255 252 113 0 137 117 158 204 255 0 18 255
    86 10 244 185 0 31 225 0 255 5 221 99 151 0 0 196 43 34 209 157 223
    215 37 165 116 46 4 255 116 0 231 0 41 255 0 37 140 164 48 7 241 0 0
    141 0 224 47 37 16 0 37 255 94 92 255 0 0 126 2 200 181 30 38 0 62
    37 248 53 111 255 22 255 70 0 214 0 0 0 0 0 26 255 130 132 240 255
    206 22 255 255 0 183 255 178 245 0 0 157 236 255 255 108 155 0 255
    152 33 0 88 86 129 255 246 255 6 79 73 255 205 255 203 246 245 32 28
    183 192 0 159 255 218 104 255 131 82 170 0 0 255 0 255 255 235 150
    105 255 255 255 232 22 153 255 0 0 118 255 138 0 248 26 255 15 230 0
    53 208 80 74 255 11 0 103 0 0 255 0 89 153 148 254 201 255 219 255
    77 1 255 0 255 255 158 60 149 16 117 255 255 0 192 51 131 255 210 0
    255 0 5 255 124 93 0 25 255 157 255 191 195 109 152 146 193 0 124
    255 0 36 255 0 70 79 244 107 255 181 97 57 97 209 53 130 140 156 220
    255 0 236 154 159 255 0 255 252 0 1 59 24 240 116 225 0 255 255 233
    252 198 0 255 128 0 126 255 59 248 182 218 249 0 220 213 28 227 144
    39 36 252 251 35 144 60 255 28 97 82 198 255 196 114 255 217 255 146
    177 53 102 0 0 170 195 0 111 137 68 0 184 213 0 188 106 186 71 47 88
    43 125 104 110 168 64 0 0 78 0 149 22 134 255 229 255 96 111 0 192
    19 15 131 36 148 255 255 255 45 255 132 128 255 99 255 73 77 0 160
    148 88 209 191 177 255 74 169 5 251 221 126 90 0 0 30 131 200 208
    252 182 254 15 255 57 126 255 52 255 14 255 49 255 160 255 255 113
    210 221 249 154 0 174 17 0 97 0 158 118 58 240 0 139 103 255 67 0 66
    97 84 255 228 217 0 9 232 252 175 187 206 0 0 63 2 0 255 0 255 101
    107 0 60 255 99 206 255 0 244 188 4 232 124 255 255 0 53 129 187 0 0
    53 151 113 62 90 200 34 87 64 226 255 255 189 239 219 1 255 160 55
    92 162 0 48 244 162 41 71 142 6 255 26 121 222 6 87 255 87 243 80
    157 138 0 233 121 255 255 0 255 158 246 115 86 255 214 0 83 255 41
    51 102 46 255 255 80 255 82 202 43 22 173 102 52 26 138 0 255 0 255
    255 19 0 255 183 225 255 122 255 84 73 255 152 0 0 0 141 99 0 255 71
    119 47 218 231 147 102 255 52 255 239 255 0 211 5 0 0 213 183 255 0
    0 0 173 195 255 13 255 193 118 255 255 54 0 22 63 85 0 43 0 0 20 213
    10 0 212 42 255 207 118 31 0 222 255 14 0 136 0 0 255 244 255 147
    195 255 69 19 255 2 71 50 255 0 8 28 155 255 67 221 0 227 0 0 194 57
    255 145 167 255 255 0 113 57 0 253 255 0 20 0 0 255 255 182 165 44
    32 153 0 255 92 255 0 0 11 53 255 255 80 0 133 255 121 255 255 185
    255 0 0 4 0 48 0 255 86 0 255 101 138 0 114 113 11 160 21 243 142
    185 247 32 28 0 1 195 218 255 0 21 0 17 255 82 0 200 235 255 161 45
    255 25 0 255 255 94 0 34 149 92 194 0 168 236 0 0 188 255 0 255 98
    168 33 13 0 231 0 0 0 34 143 132 0 197 227 6 0 219 0 255 255 26 169
    255 146 255 255 82 192 47 255 160 235 8 251 189 255 236 62 0 141 255
    255 191 0 255 136 255 33 67 0 0 0 225 75 128 32 57 26 255 255 37 0
    255 74 255 255 39 255 181 228 56 255 255 167 182 60 169 26 0 0 83
    165 0 214 255 240 233 58 25 201 134 89 0 11 117 125 0 255 247 47 119
    41 138 122 36 255 73 203 251 150 118 0 238 21 255 156 15 195 0 203 0
    255 102 54 23 59 178 148 247 255 0 255 193 255 205 77 107 0 187 52
    187 73 177 56 0 0 27 73 88 0 100 86 25 136 82 255 255 0 18 101 80
    255 119 161 15 255 193 5 178 255 255 216 133 84 0 255 110 48 43 0
    255 233 233 0 109 253 247 123 0 182 28 0 194 253 34 231 28 0 97 250
    255 39 0 0 255 0 250 75 129 255 0 241 0 8 0 219 214 255 255 6 229
    251 72 216 246 255 6 124 1 219 177 187 219 0 231 0 194 0 6 170 165
    34 0 12 149 0 0 167 161 255 0 143 136 79 105 90 93 79 78 0 255 238
    104 96 255 252 172 185 98 63 183 24 52 238 255 153 79 0 141 255 97
    88 21 3 35 84 187 92 182 0 8 0 130 44 193 77 174 75 255 93 244 210
    49 73 164 207 115 48 19 178 76 255 73 107 255 198 193 103 54 180 109
    255 65 4 29 0 192 13 59 255 0 255 0 243 225 38 171 0 210 249 112 0
    126 88 97 229 117 161 135 0 46 80 171 255 114 255 236 212 31 0 170
    255 76 218 255 34 79 195 146 0 71 255 255 0 174 0 255 103 0 253 0 47
    155 50 121 193 255 36 153 6 243 0 255 255 15 231 30 207 85 52 0 128
    162 30 229 94 153 48 171 255 50 0 16 238 255 255 42 237 162 0 208 35
    0 0 10 129 124 88 81 198 114 255 0 19 214 71 255 0 255 28 135 41 98
    0 124 255 0 0 86 70 0 124 0 0 90 136 255 117 255 255 255 140 199 0
    153 0 165 87 134 169 209 197 0 127 71 255 153 0 143 255 161 0 113
    199 0 67 241 40 0 69 0 142 0 121 0 203 0 144 236 0 0 0 149 134 255
    68 255 77 0 255 0 155 255 47 182 255 0 35 255 255 255 119 255 25 140
    0 28 255 196 85 161 241 255 103 57 77 255 198 255 233 117 185 9 255
    255 0 173 0 217 108 137 219 133 153 91 3 125 163 0 0 120 161 0 255
    227 70 255 237 255 0 157 183 0 255 247 49 82 234 57 255 53 34 255
    220 52 207 255 87 209 199 255 222 242 151 176 139 173 116 143 241
    255 176 51 0 13 155 255 4 255 224 255 77 3 0 51 250 112 170 12 255
    137 65 51 42 51 175 115 213 50 251 254 248 122 47 71 0 0 1 37 136 0
    98 255 112 0 255 0 148 155 255 0 215 255 219 24 255 116 29 0 50 239
    0 19 255 70 96 255 255 140 187 190 0 255 255 105 119 18 117 210 0
    137 255 0 84 2 88 202 0 160 34 77 26 144 86 60 235 72 0 0 117 85 0
    36 0 160 0 93 0 113 141 114 193 215 182 0 123 0 96 85 0 38 0 58 128
    69 0 226 252 250 242 235 255 174 19 163 71 0 61 244 120 138 29 0 224
    17 191 6 227 255 126 255 54 17 42 0 3 0 0 255 0 255 0 255 7 175 255
    0 67 255 0 134 4 215 254 103 0 6 0 25 3 124 0 255 196 0 0 180 12 255
    0 12 177 104 1 25 64 0 120 174 147 188 119 63 232 0 255 18 0 95 107
    0 255 0 255 255 0 25 10 0 60 212 58 7 61 0 36 21 57 166 180 160 81
    202 136 255 104 25 255 49 253 255 132 255 0 226 229 120 0 255 176
    231 250 255 115 255 255 0 190 200 53 0 91 0 237 78 208 144 134 83
    117 7 255 27 217 105 255 232 255 45 255 65 127 255 225 250 0 0 255 0
    198 24 255 122 194 34 40 133 32 255 228 106 255 66 209 255 193 42
    179 255 255 84 8 0 111 56 179 103 98 176 146 52 221 255 179 27 216
    148 114 174 0 255 8 126 142 126 240 0 115 255 255 255 255 115 189 0
    255 255 0 177 68 0 176 95 199 0 140 136 49 0 238 41 211 89 83 0 227
    52 255 255 17 0 148 0 3 0 147 203 0 77 66 255 0 34 122 191 0 88 100
    177 194 157 81 81 190 255 255 94 0 235 0 117 219 49 229 73 0 204 54
    0 0 166 198 0 51 0 143 0 146 0 0 0 72 255 255 255 86 255 177 0 229
    138 0 146 0 0 232 242 149 47 70 95 255 189 255 77 53 80 232 29 126
    155 255 185 255 255 255 243 255 248 75 200 17 208 199 127 36 196 61
    90 30 31 65 255 0 255 0 0 0 180 0 0 255 106 255 133 12 109 164 0 239
    83 243 95 192 112 247 83 255 28 254 217 127 127 214 255 0 0 0 27 255
    66 0 164 200 211 255 63 129 206 128 3 0 213 0 71 255 171 0 178 164
    35 255 41 83 255 60 199 255 255 212 255 203 115 255 38 0 0 84 118
    147 0 0 25 211 241 128 255 250 104 201 0 255 255 115 247 255 0 94 78
    255 96 0 0 17 106 87 7 247 156 0 0 141 12 129 255 0 69 243 197 194
    255 161 69 0 255 185 123 99 125 255 89 255 0 133 255 0 206 4 214 255
    0 255 255 250 169 184 140 2 66 225 4 0 255 173 0 56 26 164 93 37 124
    102 38 0 2 255 255 0 218 155 148 16 3 68 255 177 128 37 255 47 0 0
    53 228 231 61 255 255 255 247 226 125 255 0 22 179 75 90 67 0 122
    255 255 168 0 255 66 0 24 120 0 255 147 158 0 13 147 108 0 0 97 208
    62 0 26 218 255 0 0 255 243 6 0 0 0 0 0 57 0 255 0 231 109 7 219 60
    0 141 0 224 208 249 74 127 71 184 178 94 169 167 120 0 43 130 34 35
    86 109 250 19 37 0 255 182 123 0 255 33 255 255 189 106 255 0 100 0
    0 105 3 195 255 0 0 83 0 255 34 80 127 94 109 101 136 58 0 233 159
    54 246 116 164 73 0 2 191 158 171 255 255 255 16 0 14 56 0 67 255
    177 0 217 13 230 0 2 255 113 91 33 17 29 215 255 255 0 97 0 62 177
    255 12 255 95 0 255 36 157 255 0 14 255 120 0 34 133 248 181 119 76
    255 86 255 64 43 158 44 64 222 191 11 9 209 68 133 255 255 0 145 205
    154 255 43 10 175 101 34 156 32 24 174 5 8 88 232 243 0 103 255 154
    130 0 208 68 221 75 255 255 255 255 131 148 147 255 210 0 217 255
    216 211 0 69 0 35 0 200 50 64 255 255 48 0 99 255 28 255 255 129 17
    82 91 255 110 146 55 255 0 229 117 94 255 228 160 48 128 219 108 255
    248 27 0 226 210 0 195 43 166 18 255 0 185 57 74 255 63 0 0 0 255 0
    115 159 255 44 255 255 239 197 52 55 25 182 28 226 125 14 107 57 0
    221 58 74 126 255 255 255 255 203 38 37 115 88 78 110 0 0 0 151 74 4
    255 255 237 210 255 0 1 255 255 97 0 120 0 80 152 50 0 151 161 255
    255 37 119 227 15 0 0 0 255 181 72 97 162 156 232 167 229 129 0 0
    180 0 255 16 255 255 0 102 101 0 179 22 111 255 214 241 0 44 209 0
    255 148 0 59 60 53 33 115 0 226 35 206 60 0 255 255 255 215 255 15
    35 185 12 40 0 0 142 0 123 255 36 0 209 255 82 255 183 149 182 227
    112 155 0 59 129 255 165 30 72 250 255 255 179 215 255 13 221 220
    136 8 240 121 114 255 255 1 96 255 44 193 0 122 205 164 0 199 0 0
    255 74 0 133 255 255 255 255 65 0 77 129 250 22 0 255 9 0 212 0 186
    110 29 132 0 0 168 85 0 33 164 151 0 167 0 179 32 0 0 255 157 188
    173 50 202 58 0 0 118 196 156 0 255 58 6 103 255 206 73 0 255 119 51
    144 102 114 26 255 255 190 0 67 255 255 241 3 0 36 0 0 212 255 46 42
    120 114 128 193 5 0 185 203 0 164 79 30 200 150 0 0 55 255 0 0 255 2
    12 255 255 195 0 101 255 68 0 83 255 255 0 185 100 163 0 255 133 250
    112 0 157 180 255 83 212 0 255 255 208 64 255 255 1 22 255 68 0 228
    255 70 0 0 0 113 219 180 160 255 165 97 255 207 110 255 187 0 0 175
    183 70 224 13 255 80 48 169 162 106 255 255 142 32 251 217 0 76 0 98
    114 159 0 194 62 218 156 249 0 58 214 244 90 255 140 148 115 49 87
    210 220 196 0 0 121 255 0 83 0 62 255 0 205 99 253 203 67 66 170 155
    79 112 0 250 188 199 240 0 71 53 82 243 130 1 193 139 66 0 255 255
    217 102 220 255 135 141 6 247 220 201 26 197 255 255 140 237 225 69
    1 0 243 0 99 0 3 0 236 52 0 166 255 255 255 132 255 0 84 255 196 251
    167 12 255 255 255 0 255 49 255 44 0 131 232 113 50 255 143 255 151
    112 249 72 123 30 226 255 0 255 255 38 0 5 71 0 208 197 0 31 0 44 0
    255 255 23 234 87 201 96 150 184 98 15 0 0 255 61 255 0 152 151 101
    234 255 115 249 202 212 80 49 175 20 145 109 70 194 111 0 255 0 235
    104 0 58 171 53 8 255 0 149 0 0 255 173 33 255 63 201 120 0 197 239
    43 35 3 57 0 255 159 125 255 255 17 31 255 0 192 169 134 0 173 151
    217 82 0 0 0 212 139 112 133 136 255 255 61 213 213 210 255 255 64
    48 73 255 255 0 29 156 84 65 255 219 125 12 183 169 255 207 154 13 0
    41 0 0 91 40 37 255 255 0 0 106 198 0 98 107 255 255 0 222 212 255
    97 70 117 67 0 98 230 234 0 0 132 159 241 249 173 150 255 170 0 69
    252 0 118 51 255 158 148 255 12 194 103 255 142 0 255 0 163 150 255
    54 0 54 255 203 0 255 255 173 201 255 255 203 21 215 175 43 255 4 0
    0 114 251 125 151 131 177 30 89 7 74 0 209 153 224 255 255 255 255 0
    231 0 0 9 128 81 137 255 212 0 104 29 0 202 0 255 211 221 52 255 52
    219 189 102 63 0 175 255 0 0 153 212 10 255 107 255 114 226 19 201
    21 255 0 0 255 255 228 255 118 48 219 0 86 34 0 0 140 109 124 154 41
    31 223 65 119 255 95 132 67 118 123 218 164 92 140 0 0 255 227 0 0
    201 35 203 0 255 0 117 12 76 72 255 0 0 89 255 151 68 239 255 255
    109 212 255 86 162 167 5 0 185 255 214 85 112 143 151 141 71 106 255
    243 19 181 249 194 79 255 70 197 209 195 189 137 148 235 0 202 118
    89 248 104 0 66 255 130 6 255 255 255 0 233 29 137 0 0 96 223 23 255
    12 0 104 84 199 0 255 255 247 245 124 0 255 0 88 133 255 255 82 249
    76 60 111 234 176 3 183 201 174 255 69 126 189 0 255 249 11 30 224
    255 223 183 0 137 245 125 130 132 255 255 0 123 225 133 0 0 96 76
    127 73 57 85 255 222 212 0 85 217 226 100 0 255 0 200 34 0 25 255
    255 169 180 255 255 255 145 255 87 15 255 255 255 101 109 178 0 188
    68 9 255 148 206 201 255 206 123 218 37 243 252 25 148 69 66 113 194
    255 255 196 222 27 216 229 109 255 95 0 93 185 78 238 251 255 177 0
    74 227 0 45 46 255 0 0 136 53 132 255 10 211 213 255 32 228 7 214
    255 36 254 129 61 251 119 32 222 105 130 188 0 29 89 0 255 159 112
    200 12 158 255 64 255 0 0 237 17 225 54 255 225 255 255 161 42 255
    36 111 47 79 39 255 255 229 180 255 154 143 127 0 0 25 142 0 118 202
    0 160 255 255 18 68 255 0 0 48 255 255 121 120 0 0 0 121 0 72 60 255
    243 93 255 227 243 31 46 0 195 76 0 158 0 0 255 255 248 76 253 61
    255 160 113 60 0 54 0 255 170 237 116 64 219 187 231 134 0 10 82 255
    255 245 185 255 185 255 255 255 170 18 115 255 117 177 255 0 255 96
    255 123 245 0 171 28 227 118 53 56 255 255 205 227 255 159 118 95
    255 122 124 154 156 91 236 191 29 255 44 41 212 0 16 255 56 0 255 16
    0 249 140 23 133 126 177 5 0 93 98 132 173 231 118 0 198 255 0 193
    234 250 141 58 255 109 255 49 171 19 44 0 116 115 255 243 76 0 91 0
    18 193 0 171 200 6 250 255 0 217 0 255 0 40 255 0 45 0 249 43 61 97
    69 255 10 255 0 157 218 98 0 255 255 0 83 79 13 239 192 63 255 164 0
    255 130 255 254 72 0 4 255 37 221 0 125 255 180 103 0 84 138 79 108
    255 28 165 0 9 16 0 29 235 91 240 13 60 95 175 248 246 0 177 113 186
    174 76 255 180 0 63 0 170 0 240 253 0 255 0 0 0 90 215 227 147 234
    221 255 193 96 169 136 53 255 255 96 0 44 4 0 125 255 255 4 0 169
    255 173 255 211 255 217 255 117 119 112 0 0 0 255 233 0 0 255 0 181
    0 249 191 39 182 219 0 88 132 44 11 0 0 59 159 229 82 250 122 123 24
    0 255 133 0 0 240 255 233 255 177 37 12 206 6 108 155 255 87 255 255
    210 59 129 108 7 129 0 0 108 0 255 0 26 0 0 255 255 0 40 194 0 255
    209 255 0 170 13 61 154 255 255 0 211 66 185 255 165 255 196 0 255
    57 0 54 241 12 0 0 232 255 106 253 80 105 0 29 0 255 151 255 226 214
    0 209 184 69 152 127 188 255 85 12 76 106 212 0 103 154 1 255 255
    255 255 90 114 13 183 153 115 189 82 170 50 17 2 66 107 248 54 53 36
    197 132 255 255 36 195 221 0 0 248 255 0 175 142 63 58 54 159 255
    107 112 188 150 36 186 112 63 48 176 110 150 0 88 0 0 0 255 255 218
    243 123 0 70 255 90 132 111 118 0 36 255 22 219 63 153 101 35 131
    168 0 218 33 123 99 240 92 255 31 0 71 173 0 35 173 87 0 255 78 141
    0 119 255 246 255 0 252 27 191 59 255 0 0 0 129 90 3 255 113 76 0
    115 169 0 255 255 255 168 151 255 31 0 255 161 0 12 0 255 184 115 1
    88 255 255 97 114 183 0 131 85 141 5 183 0 255 2 19 255 198 255 255
    0 51 66 0 113 206 74 207 223 167 255 0 255 134 150 222 167 106 0 255
    50 0 180 164 253 89 221 72 22 189 249 149 255 124 151 255 149 159
    142 255 133 0 0 222 83 151 0 255 117 13 255 12 240 255 148 27 253 82
    118 153 59 124 255 15 0 255 224 255 255 102 48 241 185 255 140 251
    177 255 8 0 86 134 206 103 18 255 0 42 38 255 225 192 0 41 255 119
    61 0 252 7 0 0 22 146 31 255 170 255 15 53 0 0 0 0 255 227 14 255 0
    191 103 150 106 215 42 146 88 255 0 40 0 51 21 145 0 255 48 122 0
    179 46 255 253 0 0 211 0 0 0 255 3 0 38 255 101 254 4 40 198 0 181
    179 255 0 140 10 131 11 255 74 76 90 0 195 255 213 169 72 238 122
    255 150 154 245 43 255 0 0 0 81 0 60 0 242 255 172 0 255 235 111 98
    255 74 104 0 255 153 0 7 116 73 217 23 146 73 54 0 255 232 255 145
    28 143 142 255 119 0 223 179 0 183 123 255 64 0 255 198 255 255 107
    152 149 0 165 216 255 87 255 169 255 248 255 246 239 255 198 120 172
    0 255 24 255 0 188 42 202 149 14 255 49 118 82 99 239 175 75 202 255
    248 104 84 255 0 236 255 6 39 8 89 207 255 128 197 0 66 242 0 0 177
    55 89 0 239 105 246 0 98 39 0 242 236 43 102 34 43 139 95 0 0 255
    252 111 74 0 69 155 28 50 129 92 183 247 0 0 81 36 99 0 143 176 0
    255 0 0 186 93 0 132 0 92 0 255 0 60 111 86 160 0 109 254 0 0 113
    117 238 109 146 0 0 255 163 255 255 251 0 230 0 192 62 255 199 247
    255 226 3 126 45 83 230 255 235 22 89 0 186 199 0 255 114 95 255 255
    16 180 255 155 31 255 207 106 168 189 255 255 75 97 53 16 101 0 212
    46 92 0 255 7 19 121 128 0 243 158 102 255 132 0 255 200 31 0 208
    208 250 188 248 169 214 105 212 212 8 142 0 0 21 123 191 0 0 162 203
    228 143 255 12 248 0 35 223 4 255 29 90 255 0 139 154 10 2 0 255 72
    85 171 104 255 149 113 255 164 121 114 255 215 222 0 177 195 0 116 0
    240 0 255 0 61 83 134 250 102 0 121 238 0 45 0 78 255 0 224 0 201
    255 255 53 36 206 255 169 0 31 219 60 0 46 191 0 192 0 187 87 0 0
    255 255 131 136 135 233 61 170 0 205 106 156 154 88 0 220 0 188 0
    220 0 36 37 180 0 83 255 143 120 17 0 255 76 80 255 0 255 76 4 189
    228 0 218 255 255 247 0 12 151 141 0 154 220 255 141 221 237 255 199
    209 124 0 82 255 255 173 255 77 89 249 30 255 0 160 131 150 158 207
    22 47 255 129 219 84 34 255 63 120 218 161 83 92 129 0 15 90 114 8
    255 255 41 208 28 14 255 245 151 86 228 44 108 61 0 204 39 84 0 0
    255 0 60 69 0 102 132 187 189 19 0 255 118 180 222 195 36 255 90 21
    255 0 0 255 159 104 0 0 0 178 0 203 176 64 255 78 255 70 240 3 244
    96 164 195 223 4 93 43 208 78 242 229 220 32 199 0 230 0 121 0 72
    255 233 255 130 64 0 32 255 1 255 231 233 98 224 255 178 194 167 204
    69 0 46 0 30 0 255 71 0 0 253 11 0 27 13 255 65 139 78 0 55 123 171
    8 61 0 198 16 8 29 255 59 5 251 255 0 24 239 89 212 0 65 93 86 76
    255 0 255 133 255 0 255 255 172 0 137 74 246 126 25 29 205 220 233
    83 192 107 255 227 0 0 0 179 0 23 131 252 166 94 255 124 0 189 255
    231 0 13 255 0 148 0 72 133 143 48 158 0 217 0 0 255 0 255 85 255 0
    255 143 63 76 149 0 0 14 189 0 10 0 255 158 85 186 0 70 0 106 35 59
    0 47 187 246 220 255 255 0 80 111 0 84 103 248 240 145 202 153 50 62
    207 215 0 0 19 218 0 0 255 127 16 239 244 255 255 241 255 33 174 51
    101 169 0 255 194 186 150 130 30 255 102 211 177 56 0 0 11 206 165
    38 218 76 255 0 176 184 135 54 121 65 64 105 166 12 155 87 36 90 212
    247 242 118 6 98 125 130 214 104 161 97 255 100 0 0 0 230 0 255 101
    255 216 32 255 0 107 108 106 123 236 255 2 157 188 0 64 63 255 255
    216 38 202 138 0 255 187 159 255 243 255 0 253 255 93 39 0 0 226 113
    216 255 153 123 255 62 191 0 52 255 0 0 0 238 0 205 205 222 19 219 0
    154 160 176 147 140 131 10 33 0 151 41 39 255 16 249 0 0 255 137 37
    0 204 0 255 255 0 11 0 105 0 87 255 255 187 190 239 205 219 86 20
    159 0 177 0 0 20 116 30 17 239 159 244 79 123 188 0 243 52 97 247
    255 0 110 0 255 23 255 41 255 153 198 244 255 255 236 145 51 255 255
    208 81 255 27 63 151 249 232 179 92 255 255 0 196 37 208 84 0 136
    173 1 0 255 143 114 161 245 254 170 104 0 21 0 216 255 244 0 254 0
    104 65 0 177 0 251 152 0 72 255 237 123 163 18 255 0 120 23 0 126 0
    47 255 255 78 238 154 239 26 175 0 0 0 71 250 0 255 75 129 47 255
    223 172 24 116 16 205 250 79 49 70 255 253 141 255 1 197 227 196 212
    255 0 0 243 0 0 0 0 244 0 193 0 255 144 165 0 60 180 71 41 117 142
    151 23 0 161 220 6 110 190 151 13 0 254 0 255 255 255 145 0 255 145
    35 255 140 191 108 133 0 162 79 200 126 227 255 43 255 86 190 255
    212 249 254 136 34 227 255 200 0 235 255 25 49 95 0 32 82 34 77 255
    98 69 243 0 0 168 87 0 119 218 0 255 144 185 110 0 0 171 82 198 0
    147 32 227 82 91 255 153 255 239 175 193 19 47 152 145 137 157 52
    255 213 111 199 152 239 109 56 0 235 231 58 8 1 84 21 67 91 129 255
    133 255 255 246 0 255 62 156 179 157 255 0 0 37 11 70 175 124 20 255
    210 2 173 85 228 122 123 43 182 255 255 54 38 0 255 113 0 255 0 163
    19 226 255 115 112 169 64 183 57 255 183 112 141 236 0 41 255 255
    155 255 95 238 0 188 105 62 39 19 152 255 0 61 186 103 78 86 155 112
    0 184 50 71 238 155 153 0 169 62 191 0 0 0 0 255 0 150 69 159 255
    129 147 105 177 223 255 0 22 151 0 22 0 0 0 67 247 216 158 255 174
    169 223 244 0 8 109 255 255 10 145 138 88 233 255 57 94 242 217 255
    233 62 123 110 155 0 176 19 64 224 0 200 255 0 102 197 255 130 107
    255 39 197 0 255 0 0 180 139 0 204 145 145 255 0 139 132 79 110 197
    142 255 184 255 0 93 255 0 1 144 0 87 249 191 144 179 124 255 177
    212 61 166 251 0 95 0 128 124 73 154 115 255 0 38 227 255 0 237 80
    152 255 80 35 0 15 255 44 208 255 0 160 14 208 13 15 155 84 255 255
    86 176 255 211 255 132 58 153 235 255 0 44 0 77 0 136 252 94 43 81
    255 0 136 255 0 179 186 168 234 255 71 177 0 255 90 145 225 111 230
    5 136 96 153 0 0 76 255 149 0 215 202 0 93 186 87 0 255 255 0 255 23
    78 28 0 162 170 249 31 214 90 194 146 132 255 255 0 166 235 0 55 77
    200 163 80 98 210 167 255 233 93 71 42 170 5 0 214 93 190 88 0 119
    52 0 34 71 34 98 225 28 255 0 255 110 2 159 255 255 233 255 255 244
    0 239 1 0 0 177 129 0 169 0 123 130 255 202 255 99 0 71 224 255 251
    0 110 212 240 238 55 98 255 160 12 0 52 96 31 97 25 0 249 93 255 104
    0 255 255 0 0 128 190 154 48 0 255 123 0 255 255 255 10 255 90 212 0
    0 98 167 115 115 150 155 184 195 95 255 139 76 238 116 193 6 0 0 194
    209 169 67 159 248 0 158 180 187 211 116 187 236 141 69 187 0 106
    255 27 41 255 75 255 255 89 154 0 65 133 55 32 0 36 53 179 13 0 0
    255 0 0 16 229 214 102 255 104 255 0 0 255 255 255 255 255 0 187 145
    225 84 0 41 255 133 212 0 0 255 119 209 255 138 5 93 255 140 0 92
    255 217 32 40 255 142 255 118 69 73 0 45 30 0 185 255 216 255 0 0 36
    184 27 116 97 40 102 121 0 255 255 255 0 255 0 144 46 131 0 104 110
    0 22 255 202 255 255 255 73 1 237 255 82 0 232 255 139 127 37 231
    205 17 0 255 255 157 78 255 40 197 204 0 225 126 255 52 0 233 255 72
    2 48 192 241 197 255 54 43 0 0 170 255 64 0 141 0 0 255 90 5 66 191
    158 2 0 159 232 216 0 66 255 37 0 255 211 255 77 211 206 94 121 255
    208 255 1 147 0 162 59 252 4 134 92 255 255 110 118 0 97 255 36 105
    21 57 56 0 0 0 255 0 146 255 106 52 219 255 255 64 249 255 255 115
    46 255 0 255 78 199 183 155 255 0 154 224 128 242 0 128 255 96 94
    250 161 0 255 255 255 0 255 0 0 255 68 253 3 228 31 255 161 24 255
    255 255 39 255 255 0 255 225 255 0 224 231 145 0 109 0 89 170 39 255
    24 0 208 0 100 255 0 172 255 8 53 255 255 75 28 110 0 157 224 56 0
    129 0 119 110 255 0 161 15 186 187 0 38 25 255 229 108 164 126 149
    255 31 0 241 124 56 9 255 0 0 158 237 255 71 251 220 0 137 203 156
    40 0 0 0 33 19 77 0 241 144 27 97 23 0 0 115 125 0 255 58 79 255 0 0
    236 20 0 39 68 77 146 255 249 0 0 0 255 221 255 17 193 255 0 255 87
    75 0 0 0 255 255 13 176 152 46 27 0 215 61 66 191 203 232 215 208
    255 15 0 61 56 218 77 10 255 101 56 230 103 56 255 223 255 179 194
    74 255 13 255 0 7 212 144 0 86 0 50 255 0 209 255 255 255 125 0 30
    23 200 0 41 179 178 0 255 209 0 191 115 0 255 0 96 181 199 4 33 149
    26 255 158 108 255 186 255 133 50 156 81 137 83 0 0 27 186 255 245
    137 255 168 182 185 7 0 0 36 255 8 255 219 128 246 68 196 15 255 251
    0 131 141 255 39 166 0 255 0 86 0 0 255 251 148 255 173 73 143 15
    243 150 36 253 116 184 71 205 246 240 115 137 54 176 91 112 200 255
    178 255 80 103 245 255 95 125 0 93 5 255 156 255 167 0 0 255 0 255
    144 103 255 90 4 255 0 238 113 255 14 255 0 239 236 255 58 255 210
    30 209 85 241 8 61 229 20 0 0 176 240 0 39 58 40 82 255 255 255 255
    39 255 182 121 250 167 0 231 167 54 108 4 0 119 118 224 41 255 38
    255 255 159 172 213 0 0 255 65 102 20 98 0 93 255 215 174 83 220 255
    196 194 122 152 71 0 255 255 63 255 255 255 135 255 143 0 205 155 50
    136 161 173 70 255 22 20 255 211 0 255 197 94 255 115 0 109 0 0 211
    196 33 0 140 199 40 0 179 157 149 184 255 129 2 204 0 156 247 0 0 63
    0 238 255 0 0 155 0 0 157 4 78 249 68 7 152 255 160 0 254 0 6 210 67
    131 215 0 16 0 31 255 0 255 7 244 0 255 85 255 240 59 29 255 126 0 0
    120 255 39 41 131 50 255 0 215 88 255 143 112 0 0 140 0 0 101 255
    197 174 114 255 42 31 255 83 197 19 7 255 255 80 208 255 207 255 0
    93 98 241 255 126 0 84 157 7 51 108 255 111 107 255 125 233 255 156
    82 255 40 0 238 255 152 162 0 255 1 159 0 35 186 0 127 151 250 0 218
    255 0 210 200 0 0 153 192 255 25 0 255 245 19 33 0 8 131 0 255 138
    255 0 12 255 255 255 129 62 255 170 176 111 255 255 255 255 133 135
    196 0 0 33 255 145 103 255 35 248 251 140 38 166 0 80 11 55 255 202
    40 141 99 0 0 0 7 69 0 234 125 193 6 0 196 0 0 0 171 149 20 0 163
    255 0 0 255 9 233 108 255 163 230 99 254 223 255 255 0 175 255 187
    226 75 88 241 44 217 21 88 141 71 255 192 255 0 255 61 0 69 67 0 226
    255 118 177 122 228 255 229 102 255 97 255 101 97 0 32 143 41 236
    255 0 123 255 255 0 96 15 0 240 134 244 255 11 0 0 69 4 63 0 120 255
    255 93 88 40 239 154 221 213 255 129 152 231 93 28 255 17 0 140 4
    255 255 255 38 223 123 255 0 255 178 11 106 201 255 0 115 147 0 223
    186 20 181 75 255 8 167 114 227 241 172 120 255 255 0 243 249 132
    243 80 255 39 35 255 139 165 121 255 215 128 255 138 56 136 139 0 93
    0 8 255 0 50 30 246 242 27 99 67 255 0 0 149 108 60 0 123 255 0 187
    41 250 0 244 0 161 160 96 0 67 193 255 22 255 252 255 36 0 205 23
    255 255 214 23 111 164 73 70 252 255 0 69 33 255 0 67 234 0 70 99
    255 79 255 255 0 187 191 255 147 0 0 73 120 234 253 255 157 0 0 250
    122 115 255 46 255 255 76 255 230 148 17 218 0 240 0 117 192 0 0 202
    0 232 172 163 218 93 0 34 255 0 0 79 106 255 190 69 255 0 41 106 249
    237 127 248 225 0 200 179 180 255 255 235 77 255 0 68 115 96 50 0 0
    197 0 8 24 82 207 0 255 24 5 80 239 248 255 179 0 0 63 0 155 247 0
    155 255 255 147 92 34 0 33 231 40 255 126 38 15 0 0 255 182 0 255 0
    66 231 121 0 193 0 229 35 0 0 219 0 147 143 255 255 255 255 0 191
    255 0 239 77 0 123 255 255 0 0 255 107 221 253 255 255 26 138 54 175
    0 0 226 255 255 101 154 72 255 85 231 143 255 166 42 194 15 255 255
    126 128 176 181 255 45 102 168 172 255 132 45 120 53 151 170 169 255
    0 150 43 56 255 182 255 0 255 55 255 71 223 0 107 0 255 113 174 112
    255 0 0 0 255 202 62 92 37 245 34 137 255 35 236 70 61 255 0 82 0
    239 232 255 197 255 4 82 0 12 145 0 38 220 0 168 89 101 0 0 255 255
    224 140 207 161 118 155 113 0 158 168 105 162 0 254 65 0 27 78 0 36
    255 238 64 146 255 73 255 0 14 36 162 157 255 0 255 146 179 24 0 81
    255 48 0 255 0 153 16 140 8 48 55 227 0 88 0 166 170 0 55 217 202 53
    0 30 22 102 166 0 28 117 11 58 251 106 227 20 199 0 0 75 0 224 191
    52 0 188 255 51 156 51 198 1 0 31 77 255 255 120 237 143 47 0 255 74
    52 0 43 181 200 238 173 93 99 181 192 122 0 128 56 0 165 221 255 111
    255 18 17 255 142 0 34 0 0 0 255 0 107 255 89 238 90 104 255 255 0
    11 0 110 255 0 158 58 255 0 31 0 255 0 37 255 0 255 255 62 211 0 79
    83 156 255 136 112 194 255 230 255 231 101 0 147 0 255 255 0 204 0
    213 0 0 0 255 0 2 226 98 255 255 0 255 27 255 0 60 0 147 0 190 0 200
    215 0 160 230 130 0 255 0 98 255 0 169 166 75 133 126 0 255 77 157
    255 255 0 195 129 203 0 61 76 2 56 226 196 160 73 90 255 131 0 25 23
    246 233 31 255 209 0 88 245 178 0 255 222 191 255 119 255 255 11 36
    240 225 255 252 251 255 122 255 255 238 193 33 95 255 29 255 0 195
    225 202 65 167 73 166 255 0 161 86 40 226 138 0 254 255 191 34 200
    198 6 224 194 111 38 255 231 0 107 0 255 102 255 87 0 131 207 213 0
    155 255 10 72 62 228 255 53 255 253 161 0 0 255 0 105 78 30 213 42
    226 79 255 178 10 255 255 242 39 155 52 84 172 34 255 255 220 165
    255 255 255 255 0 220 4 14 255 51 155 228 158 42 125 0 139 146 0 0 0
    0 0 240 255 197 241 255 32 28 98 123 208 0 103 255 159 58 255 121
    132 0 255 0 0 129 179 101 230 157 7 236 0 255 63 255 232 255 255 255
    73 154 182 146 78 0 59 81 0 217 61 255 157 139 255 0 0 226 255 90
    105 40 214 0 0 51 17 72 21 234 255 243 0 80 203 247 132 192 211 64
    13 0 0 0 169 151 181 255 203 0 103 0 255 0 0 36 56 44 197 40 24 14
    77 155 20 244 63 218 16 255 255 201 255 7 82 255 0 43 255 255 255
    255 156 50 255 142 209 0 65 162 0 255 0 0 53 52 8 0 209 23 255 80
    255 0 128 205 207 24 43 255 0 124 168 0 213 97 255 100 255 16 0 103
    0 204 0 232 0 115 0 0 147 238 9 249 17 82 255 71 0 124 88 255 101
    118 228 192 255 241 255 138 255 154 149 0 0 255 232 0 255 249 255
    229 255 0 8 204 0 129 8 77 249 249 255 117 86 16 243 0 0 173 190 49
    248 170 0 10 219 110 208 7 60 22 101 0 65 0 0 244 0 122 132 78 255
    244 216 235 255 160 45 0 0 0 255 56 0 48 87 189 0 36 255 17 0 0 20
    255 200 205 255 255 209 44 255 119 92 255 197 97 164 95 0 25 59 255
    98 0 255 134 255 158 19 251 127 33 239 88 0 0 12 10 126 20 105 136
    65 255 221 0 59 0 235 203 255 34 206 0 255 130 83 115 182 108 0 208
    255 168 255 250 219 0 255 94 0 255 32 240 43 139 152 255 133 238 255
    0 127 32 255 216 158 1 85 52 151 0 255 138 255 69 18 255 0 0 103 122
    73 197 161 14 58 68 120 195 86 255 9 69 79 89 0 175 145 255 129 184
    255 0 255 0 12 255 122 95 179 69 233 246 29 175 125 88 1 255 255 126
    82 84 255 57 63 5 48 250 0 249 255 61 58 91 0 150 93 0 45 37 0 203
    198 210 20 98 0 255 236 29 46 0 115 42 216 3 131 76 255 255 203 77
    255 0 255 0 0 30 209 187 255 175 188 240 212 255 0 90 0 112 255 194
    155 255 159 99 155 200 255 154 0 74 194 0 192 0 142 147 255 23 255
    189 251 202 255 116 120 8 255 103 44 170 138 255 255 255 38 143 12
    62 22 226 255 191 16 82 166 43 27 255 227 0 210 0 179 255 151 118 83
    41 9 162 125 28 99 255 0 21 220 246 12 57 226 0 0 191 155 54 0 144
    155 49 255 255 255 79 0 225 224 255 24 255 0 37 63 63 48 179 0 207
    119 144 255 143 15 74 255 140 255 0 167 255 127 0 148 215 227 0 255
    0 241 0 54 29 0 0 0 129 255 0 255 165 211 255 130 0 202 113 223 126
    27 0 37 20 0 48 153 255 255 68 0 88 51 0 50 219 166 13 0 0 0 159 0
    48 209 0 189 108 175 182 229 255 193 53 0 8 0 0 247 0 0 155 163 180
    0 195 4 0 47 46 16 0 23 245 78 247 255 239 255 47 222 255 18 75 255
    79 68 255 0 0 131 156 10 255 0 6 221 28 103 89 255 0 255 135 255 0
    255 157 255 255 255 42 140 20 0 255 109 0 0 48 91 255 66 255 255 209
    124 230 240 147 0 0 23 38 166 21 244 255 0 63 255 255 220 0 22 235
    236 198 0 2 255 255 239 0 165 53 197 139 113 192 55 0 228 0 0 198 24
    75 203 6 112 255 255 135 0 43 0 72 0 0 172 0 0 60 0 56 131 50 134 99
    3 200 18 0 2 0 198 0 0 0 208 72 198 254 204 8 237 90 0 41 243 110
    255 0 255 16 110 158 0 214 84 22 210 191 0 24 163 2 209 254 0 245
    234 191 17 101 255 94 255 255 134 189 0 80 102 205 251 255 220 177 0
    105 110 234 247 30 234 200 52 254 255 0 137 165 138 12 158 88 0 102
    172 199 253 255 255 220 0 152 0 18 91 0 0 91 51 127 0 30 132 255 0
    195 116 0 100 0 255 93 31 116 70 155 241 202 255 255 54 173 200 7
    116 51 90 138 0 46 180 153 113 71 71 159 0 0 255 138 0 0 215 5 0 99
    125 255 52 170 0 173 249 0 255 0 255 203 229 155 232 149 181 0 0 152
    168 255 210 0 0 229 161 137 89 50 255 255 125 0 221 176 0 0 157 29
    115 0 255 255 129 169 255 255 255 210 255 0 79 193 0 0 93 12 34 10
    144 0 0 65 255 157 235 101 88 45 219 180 29 0 252 255 5 187 255 0
    146 0 25 6 127 225 0 248 222 187 255 255 128 253 0 155 158 255 204
    255 121 0 0 104 179 0 200 197 0 255 226 255 255 95 0 217 148 36 34
    71 255 123 0 64 55 0 117 235 255 191 255 47 163 106 124 15 30 0 255
    0 189 183 252 192 193 44 39 141 0 223 123 6 224 94 8 230 207 242 255
    100 33 255 173 191 205 75 255 0 78 0 6 99 24 225 0 45 0 253 27 0 184
    0 141 255 0 172 221 0 255 250 0 229 255 255 0 197 96 210 169 255 172
    0 235 146 0 0 44 255 255 4 0 0 189 215 201 123 255 0 13 0 66 252 48
    255 140 255 255 236 133 67 255 58 0 75 255 106 39 59 255 198 255 0
    167 139 51 54 48 142 187 188 242 169 0 186 21 10 95 105 0 255 49 255
    0 24 79 0 31 252 74 255 76 255 201 255 255 127 129 169 108 255 131
    93 61 160 45 255 232 255 249 64 246 247 25 14 71 160 52 255 246 183
    255 60 56 0 0 167 0 255 255 223 167 239 255 167 202 255 42 215 144
    19 136 85 65 126 80 0 0 203 56 255 200 134 0 113 146 0 218 216 233
    72 179 171 0 28 202 255 0 0 217 210 113 0 255 40 255 255 0 47 226 30
    36 0 255 255 89 37 150 40 129 245 38 241 255 0 208 60 39 235 133 225
    0 193 95 255 157 36 123 255 0 208 0 255 255 27 0 0 170 48 0 17 0 0 0
    255 0 42 172 62 6 82 223 0 0 113 240 21 202 101 217 17 138 18 50 0
    255 0 225 0 0 255 255 109 132 251 0 255 48 12 0 0 110 255 131 239
    255 183 235 25 64 255 255 0 255 64 116 181 255 114 66 139 14 211 95
    255 100 0 84 168 0 255 0 169 76 19 255 162 255 255 98 255 128 74 122
    204 255 75 255 255 255 119 255 182 2 0 12 255 0 66 224 0 96 0 224
    160 224 255 255 32 255 89 116 247 0 0 255 0 64 53 255 136 0 172 255
    10 255 159 22 88 255 215 0 255 201 255 241 0 83 115 0 26 0 233 255 0
    0 0 255 0 0 255 0 194 96 251 155 0 46 25 0 202 60 255 65 224 11 22
    49 74 84 118 255 145 103 255 186 80 176 0 0 0 115 75 0 88 17 187 0
    206 0 240 181 161 255 140 255 228 0 0 248 161 55 255 193 40 255 42
    162 245 0 244 0 127 211 66 178 0 58 0 16 44 171 0 157 95 52 216 195
    215 0 0 83 72 170 156 42 0 45 228 0 177 192 89 124 141 0 255 228 218
    93 255 152 0 255 171 0 0 235 206 0 0 255 26 22 255 246 146 255 115
    46 40 255 195 0 255 47 100 119 211 255 255 207 179 187 255 6 207 109
    91 255 27 225 16 131 75 177 0 47 0 0 177 5 45 0 129 117 160 184 0
    255 235 255 113 255 255 0 237 0 0 65 125 219 44 255 35 193 255 239
    206 226 95 215 223 80 0 109 255 8 230 0 255 136 162 134 176 0 0 248
    107 33 243 51 254 119 0 0 69 0 0 255 0 0 239 255 9 184 102 8 0 108
    255 240 236 30 255 29 111 163 5 159 255 249 246 255 90 255 112 111
    218 0 255 71 255 243 136 0 191 255 93 22 255 255 154 255 42 144 107
    50 237 0 26 0 92 0 255 6 0 0 87 251 251 0 0 0 21 255 179 0 70 255 38
    3 0 249 255 111 102 67 255 255 0 249 59 0 0 0 144 242 255 238 255 20
    172 206 255 0 23 0 62 0 154 58 1 63 0 255 255 15 199 0 230 43 211 0
    255 218 89 155 0 0 92 126 129 0 183 255 255 202 255 65 181 0 0 250 0
    225 188 169 255 158 198 74 0 10 0 84 168 0 116 219 84 255 65 144 8 0
    0 174 255 62 100 95 35 202 0 196 244 77 255 94 10 28 0 104 83 118 0
    255 255 0 201 226 32 223 80 0 194 207 0 70 0 220 150 60 254 132 100
    206 0 181 5 161 0 6 226 1 0 227 78 255 255 22 19 195 151 98 243 0
    110 254 208 76 255 53 50 105 100 0 0 255 74 185 255 255 255 255 34
    59 242 68 255 87 0 0 117 0 70 73 98 255 31 10 0 199 255 176 0 20 255
    51 58 226 0 255 203 0 99 186 23 211 255 51 0 151 55 204 151 183 255
    64 0 255 52 149 52 198 0 105 208 42 46 53 165 40 255 0 156 0 0 0 0
    81 255 187 0 118 40 199 238 255 248 77 182 0 0 251 250 255 228 255
    183 223 254 101 0 0 37 0 255 255 219 226 255 255 255 255 248 75 255
    105 239 255 0 254 54 58 255 255 0 0 157 187 202 195 0 100 102 65 0 0
    177 207 0 248 0 225 0 0 212 30 0 189 0 38 0 1 191 255 255 40 232 100
    69 222 255 212 255 15 124 114 2 0 39 255 0 255 0 134 124 14 240 207
    214 255 0 246 184 160 90 102 255 137 255 0 76 78 100 255 58 255 255
    0 0 255 157 0 0 25 0 255 216 0 143 255 209 115 255 7 185 106 142 170
    255 227 86 161 83 79 226 0 0 12 107 0 0 0 128 222 180 239 241 6 32
    255 77 0 255 163 179 41 198 255 185 0 172 114 0 156 94 170 115 0 255
    3 0 159 57 0 215 230 0 167 57 232 186 36 0 255 191 0 142 183 247 141
    73 205 92 27 76 239 255 239 0 88 218 0 160 143 117 0 0 0 255 0 36
    237 0 249 0 12 130 203 140 255 242 10 216 20 0 51 24 196 111 0 64
    140 145 0 57 75 152 0 130 255 0 108 140 27 0 242 0 255 202 0 84 68
    145 255 255 0 158 9 195 134 255 146 224 220 251 175 131 10 0 92 255
    14 163 140 1 255 169 36 255 1 255 190 255 32 229 170 125 67 46 0 0
    112 0 202 224 126 27 12 230 63 101 227 207 0 237 47 58 153 204 224
    77 255 55 0 255 255 218 0 160 210 123 255 255 87 255 54 204 210 139
    255 255 129 255 34 1 38 97 173 30 255 255 85 134 137 255 235 255 173
    13 92 86 221 66 0 255 170 89 33 255 210 212 255 170 228 255 104 113
    0 255 0 145 227 255 67 141 211 255 211 0 127 255 236 119 13 186 255
    246 145 255 255 250 255 255 178 7 187 247 165 88 255 0 255 167 207 0
    163 110 187 0 0 154 20 255 180 188 255 207 28 0 69 255 107 146 144
    39 231 12 0 114 255 170 105 255 0 139 0 148 0 126 255 34 255 124 238
    122 74 255 150 255 233 255 162 229 255 143 255 0 1 243 255 0 7 0 255
    255 23 184 97 20 204 255 0 164 0 0 160 166 216 169 255 255 94 0 0
    255 255 65 63 187 173 0 0 232 97 0 0 170 187 0 255 60 255 0 12 0 151
    15 151 0 255 142 165 42 88 255 0 95 255 0 182 136 108 255 255 201
    255 251 224 179 173 204 0 0 255 161 0 0 147 52 115 221 225 190 249
    202 255 0 24 193 199 55 209 0 132 160 253 30 132 0 247 246 0 12 19
    255 0 255 41 66 118 0 249 255 21 255 0 138 82 218 255 200 0 0 255
    191 84 157 69 0 237 255 62 179 255 111 253 103 0 0 47 40 242 0 255
    110 6 0 194 211 0 0 16 171 83 0 72 92 255 38 191 85 0 0 14 0 255 255
    0 59 0 13 253 109 115 181 0 108 255 0 0 255 27 255 232 119 120 211
    35 255 0 23 131 58 40 255 255 92 31 255 235 0 54 255 255 0 252 46
    222 0 5 239 65 132 255 0 231 88 255 0 123 96 25 239 255 76 191 80
    203 187 255 92 211 0 255 47 24 28 96 65 67 0 255 0 106 50 56 255 22
    52 51 35 53 255 71 112 255 230 12 209 255 75 255 163 76 164 255 77
    106 158 0 74 255 11 93 67 6 0 181 238 2 49 48 0 185 0 255 17 0 0 0
    226 0 135 0 255 255 244 125 56 255 167 255 255 0 13 80 166 20 255
    166 71 148 237 63 3 97 0 137 192 31 82 255 161 0 255 255 192 196 0
    45 161 56 0 22 71 0 45 0 255 0 255 42 255 255 29 129 0 244 0 0 50
    244 255 67 0 255 92 0 161 255 230 147 32 0 90 37 240 52 1 40 139 0 0
    148 255 255 255 0 176 255 0 193 255 98 149 39 0 234 0 159 180 63 57
    48 255 223 255 101 58 255 85 0 255 74 36 223 40 75 0 168 0 255 210
    205 109 0 234 0 0 102 0 108 255 99 45 114 255 255 196 0 255 0 183 0
    0 146 255 147 209 96 0 58 16 234 0 62 0 117 191 68 0 255 170 49 0
    165 41 108 102 241 176 227 108 182 166 156 0 227 0 144 108 13 0 253
    14 167 190 123 0 22 18 118 250 102 90 120 0 224 0 104 165 195 22 0 0
    246 255 255 112 111 255 101 255 204 255 202 103 129 0 74 235 31 48
    255 85 255 255 13 255 255 73 146 158 255 194 109 0 255 47 91 0 255
    16 70 162 23 255 151 0 158 150 121 0 0 0 98 0 0 255 244 68 255 120
    69 78 0 255 0 252 255 255 110 100 3 163 0 184 0 242 45 0 158 160 60
    88 0 0 12 0 255 146 0 216 151 84 150 48 42 26 255 0 0 250 138 0 0
    255 0 162 255 0 23 0 92 199 0 149 0 161 0 98 96 74 0 255 255 242 0
    110 106 138 54 73 216 0 0 84 227 32 204 255 75 65 93 239 202 255 84
    221 0 86 0 0 0 42 42 0 110 238 162 148 3 58 244 74 24 0 115 0 65 39
    31 195 0 255 255 190 0 0 0 102 1 226 74 152 174 255 229 248 78 92
    195 11 20 255 0 171 83 255 172 255 2 224 55 43 2 135 158 165 132 255
    45 36 144 255 101 15 243 5 180 210 244 255 3 171 255 116 255 98 0
    255 193 61 255 253 29 88 56 0 45 212 166 142 194 65 0 162 255 209
    130 52 35 0 0 19 0 0 128 130 96 255 255 49 255 186 112 241 255 95
    255 255 255 73 143 0 0 255 2 141 121 185 69 0 200 125 14 91 167 255
    214 243 183 132 0 86 89 133 197 89 201 18 0 255 169 255 90 0 0 46
    255 224 255 236 182 255 140 0 255 249 169 146 24 205 11 195 255 0
    255 55 159 255 255 79 8 57 103 232 230 78 238 80 152 38 156 255 193
    66 167 254 255 108 0 128 87 255 163 237 0 84 204 219 35 59 159 0 93
    255 0 199 255 0 255 225 168 117 255 212 131 21 147 125 0 78 236 160
    132 135 137 255 87 255 111 0 45 26 12 0 163 28 200 41 55 255 165 255
    70 145 226 162 163 196 255 255 0 11 0 192 255 0 255 255 255 125 255
    107 192 161 0 96 255 143 255 245 0 255 0 98 205 0 251 0 255 13 93
    123 237 255 186 25 255 95 68 143 116 72 18 1 43 82 255 0 177 255 255
    255 131 0 66 255 0 67 161 0 0 193 74 0 255 153 124 0 255 232 208 255
    217 255 0 66 0 0 0 23 195 255 168 82 255 218 220 0 242 216 19 255 53
    77 241 0 81 29 254 0 146 192 14 90 255 144 125 184 146 38 238 255
    121 125 216 221 0 0 255 0 33 255 79 0 0 255 98 11 255 241 184 255 0
    231 255 45 255 224 255 184 203 169 132 255 17 255 104 0 44 0 151 17
    16 211 159 255 157 0 253 255 255 255 168 159 157 200 212 142 19 0 16
    185 190 255 0 0 31 0 148 0 79 0 51 77 177 0 76 255 0 71 99 0 64 180
    0 186 73 255 224 222 153 99 255 80 0 255 255 130 129 18 67 60 0 255
    0 37 162 145 116 123 208 255 255 125 255 138 175 0 255 255 178 230 0
    255 159 226 70 0 45 40 255 0 0 255 14 174 255 153 255 136 97 255 107
    61 139 33 107 186 0 52 255 0 255 165 0 0 255 87 0 193 13 51 83 18
    149 5 0 234 255 80 14 132 9 28 187 0 176 229 0 65 221 255 255 255 0
    0 165 2 255 232 255 185 126 57 255 29 0 225 194 4 236 19 81 255 0
    255 0 26 6 0 224 255 142 255 46 0 27 161 255 223 62 0 0 0 0 61 255
    255 162 255 126 0 0 0 140 197 240 137 228 144 19 0 113 0 139 165 87
    255 0 149 255 255 255 133 255 175 176 251 45 25 255 221 141 131 13
    255 103 255 219 204 50 0 164 82 117 177 65 43 179 46 181 129 0 0 255
    0 0 199 118 71 0 106 247 0 93 20 92 39 255 0 198 64 29 200 255 167 8
    236 0 46 86 9 26 138 0 0 44 30 109 19 20 255 214 36 6 255 200 166
    130 47 255 0 56 15 0 3 255 255 39 255 100 175 105 240 56 0 161 0 255
    255 255 145 19 140 87 212 0 201 225 255 146 255 0 137 255 0 169 83 0
    115 0 178 134 6 216 118 140 159 158 0 255 255 176 0 255 154 80 255
    235 216 4 206 167 149 205 22 115 0 122 199 0 125 181 54 255 17 255 0
    217 157 255 225 0 255 0 8 0 43 255 197 111 93 0 220 167 4 255 71 210
    171 154 255 171 62 255 0 137 255 0 255 81 0 200 220 199 47 62 130 0
    0 0 255 201 161 58 255 7 255 255 255 0 0 128 86 189 175 84 252 0 2
    255 255 0 199 95 103 90 25 0 154 187 132 255 0 137 157 50 150 255 65
    255 0 0 117 0 64 255 104 208 178 0 244 193 249 218 105 6 150 125 213
    181 22 255 28 88 0 119 255 155 0 46 38 255 95 99 69 144 0 197 255 9
    255 255 53 171 19 139 28 185 80 31 62 0 246 15 0 188 137 93 255 1 76
    97 0 184 174 134 171 43 117 172 33 141 255 203 54 64 185 177 0 94 0
    0 151 255 127 22 138 0 221 0 255 0 195 255 2 227 0 0 176 0 81 255
    255 197 255 111 18 236 255 237 251 202 255 53 198 102 0 61 0 0 95
    255 0 197 161 110 250 255 83 136 0 255 117 51 255 0 168 100 255 137
    189 211 53 90 255 0 255 224 136 255 0 194 17 0 72 133 120 0 232 0
    255 197 255 252 255 255 30 74 0 16 0 249 21 0 204 201 0 255 0 174
    130 0 255 128 158 0 255 255 36 255 255 255 185 10 195 255 43 80 0
    165 255 64 183 0 97 99 75 228 223 241 224 255 0 255 255 164 50 255
    30 91 255 195 249 197 51 191 228 0 255 10 0 255 186 173 21 255 0 72
    94 101 0 255 92 99 171 198 237 0 0 41 180 255 157 183 255 255 185
    207 86 255 53 207 76 58 68 255 255 255 0 164 18 0 231 0 51 0 184 165
    79 55 179 255 0 0 0 234 0 106 129 191 164 55 255 224 0 60 23 123 177
    166 242 255 255 40 88 255 255 255 255 0 125 240 255 175 47 229 44
    170 133 214 236 255 162 8 189 36 38 22 196 0 0 76 255 126 255 139
    255 255 175 255 255 133 0 71 192 255 187 139 160 57 12 208 177 255
    255 107 7 244 0 7 178 178 57 126 8 94 135 0 200 100 97 0 0 159 105
    67 255 159 194 255 255 120 134 255 0 0 0 211 255 142 0 232 188 0 134
    187 255 255 62 0 186 232 176 255 243 236 174 255 0 242 196 136 97 0
    177 0 255 51 46 104 210 0 0 112 71 10 0 86 164 0 0 221 25 15 255 207
    214 137 255 255 80 0 255 40 255 227 0 171 255 50 255 0 253 255 0 0
    42 193 255 3 255 255 0 255 255 164 0 55 255 43 208 255 255 255 187
    255 255 0 255 255 255 226 0 187 255 71 29 35 9 120 11 0 57 119 181
    35 44 103 0 148 255 252 0 228 255 152 255 205 157 255 0 164 255 255
    255 175 126 164 6 0 0 1 93 0 49 59 22 47 0 165 36 102 226 229 74 0
    184 117 255 255 201 71 255 255 120 12 0 231 116 69 255 221 255 196
    224 157 102 255 0 0 255 0 118 192 52 0 209 159 0 51 173 104 0 70 200
    153 31 255 0 184 128 174 255 0 217 84 90 194 56 0 129 205 0 0 45 255
    109 27 78 255 98 226 143 0 69 0 74 226 203 255 0 255 0 33 225 102
    255 0 98 0 0 255 42 218 255 29 0 180 32 255 0 0 189 207 207 0 255
    250 111 93 55 255 32 0 107 215 206 152 255 248 136 133 151 255 199 1
    48 0 0 55 255 255 255 66 179 181 86 101 206 83 26 198 0 0 46 219 255
    255 209 122 15 102 48 0 0 34 61 39 213 29 81 0 116 250 66 196 255
    175 35 226 255 0 255 0 255 111 154 171 0 255 32 196 211 71 62 122
    255 0 0 15 95 255 173 0 255 136 53 42 121 166 255 134 88 0 79 0 216
    166 0 126 100 178 74 241 0 188 0 255 253 211 255 255 255 68 255 229
    121 255 255 88 255 58 255 255 0 189 82 254 252 65 255 174 210 60 187
    51 255 255 187 0 52 83 0 0 255 40 73 0 47 51 255 46 51 255 255 135
    170 255 255 54 245 0 152 122 137 40 64 249 255 243 175 8 255 114 68
    255 206 255 113 171 22 255 247 104 46 61 229 162 230 173 234 0 0 144
    49 212 0 124 135 226 79 0 93 25 124 0 178 152 0 232 27 208 159 0 10
    0 0 1 0 0 0 174 255 0 208 255 9 212 120 167 119 164 247 0 0 255 12
    248 115 255 150 145 218 255 191 69 92 142 212 223 9 4 0 0 0 208 0 0
    0 243 18 155 148 255 129 255 255 0 199 204 103 0 93 135 99 0 255 93
    0 255 78 0 15 0 73 88 99 0 73 213 80 242 70 0 110 230 0 255 118 255
    0 255 69 0 192 187 255 0 109 0 255 64 164 83 232 0 187 223 0 133 86
    190 198 208 74 255 255 127 0 93 115 0 255 180 100 197 255 152 230
    255 36 136 220 177 252 0 127 104 195 24 255 223 0 0 255 156 177 0 20
    255 0 254 167 0 87 125 78 90 172 169 0 156 49 0 77 255 63 106 166 0
    192 255 50 177 254 0 12 255 26 66 87 229 0 159 225 195 160 53 124
    158 0 146 255 150 93 165 210 1 255 75 30 5 0 74 148 65 0 62 255 0
    241 180 0 41 255 245 155 156 70 157 222 182 0 125 210 98 110 242 129
    148 255 158 200 10 245 43 115 58 117 130 174 253 89 196 187 121 238
    0 242 65 11 86 255 171 169 255 255 255 255 230 163 129 117 181 78
    255 255 53 0 0 255 27 38 38 0 182 83 0 223 0 255 10 255 236 0 0 0 0
    216 246 126 117 104 69 0 0 79 74 100 255 27 0 255 0 0 198 0 159 182
    214 255 255 43 133 236 232 250 1 255 208 255 255 219 197 224 255 13
    107 208 20 2 255 118 216 136 38 130 215 128 255 0 76 255 0 84 255 93
    0 227 0 254 0 195 115 49 255 186 255 36 46 0 255 255 40 119 101 0
    227 120 225 255 243 183 210 0 0 186 0 0 218 0 141 0 157 142 135 29
    184 0 253 255 0 59 0 0 250 255 240 244 15 106 171 0 0 242 191 0 61
    109 0 0 255 162 234 141 92 0 171 255 0 23 19 31 93 0 0 50 255 0 176
    200 255 248 111 17 54 234 0 117 0 144 95 255 177 41 205 0 255 154 0
    137 4 119 0 0 255 178 253 219 233 77 0 212 13 0 255 0 101 195 255
    255 255 245 0 197 0 237 255 255 184 138 255 40 102 146 97 69 244 186
    27 68 151 104 0 255 89 205 8 3 0 191 37 139 230 255 255 70 192 0 0
    105 90 71 168 15 101 40 0 255 255 255 0 37 255 34 255 255 255 0 0
    231 165 157 0 73 255 110 176 172 0 0 93 255 23 241 125 255 216 255 0
    221 69 107 167 16 255 192 255 105 228 103 0 12 255 245 0 170 204 0 0
    120 255 0 42 100 0 91 211 255 47 118 224 53 165 255 20 0 91 251 228
    191 0 255 255 129 255 194 45 109 44 114 255 172 255 255 212 167 217
    171 14 129 255 120 0 25 128 255 174 0 0 255 70 104 0 175 220 0 76 41
    193 0 0 193 253 0 247 0 255 0 122 24 0 67 109 0 130 0 68 255 229 212
    254 183 100 250 255 52 183 255 144 255 255 0 37 140 0 186 126 244
    205 88 16 178 165 76 202 65 32 239 0 105 0 199 205 226 165 11 232
    219 81 255 114 171 255 108 198 9 0 245 84 126 0 112 255 255 190 0
    255 49 0 59 0 211 250 108 10 166 50 170 170 78 0 12 18 0 172 96 0
    255 10 255 43 2 255 72 255 79 0 12 0 231 123 77 73 104 0 135 31 255
    0 174 147 255 65 233 130 0 203 30 193 0 0 119 0 236 171 206 255 0 91
    0 203 44 213 153 161 150 24 205 121 194 20 43 236 229 255 0 120 39
    68 40 133 75 58 223 165 136 189 35 11 0 0 220 0 0 30 0 40 255 0 255
    0 255 209 0 201 142 53 255 0 116 58 255 12 93 50 101 167 0 222 255
    92 0 254 255 22 28 255 0 255 71 250 164 90 15 252 27 224 0 11 255 0
    255 255 2 251 0 72 17 255 94 255 210 0 255 0 0 0 67 12 224 131 254 0
    92 131 30 255 44 202 250 25 255 0 255 255 72 103 255 184 231 0 232
    199 106 12 255 66 32 255 50 0 175 208 81 140 102 0 100 34 255 0 74 0
    179 255 0 0 11 255 192 220 0 243 53 141 18 95 249 255 255 255 66 201
    255 0 73 20 29 0 244 149 0 167 97 141 254 197 0 176 25 44 0 181 255
    0 141 0 226 255 157 0 165 146 184 255 117 0 255 194 0 234 3 3 162
    185 172 57 184 91 65 183 182 255 0 0 255 0 255 0 35 0 0 224 0 0 155
    190 88 255 195 60 121 166 95 65 102 173 0 54 0 52 234 0 0 0 214 46
    55 97 255 102 0 19 234 0 255 109 75 220 0 255 0 19 255 67 98 0 215
    88 97 109 59 255 212 32 8 0 255 42 46 185 190 0 145 42 59 255 201
    107 0 255 156 0 255 230 111 0 9 0 51 0 111 74 55 239 54 102 255 148
    0 25 56 113 0 95 76 49 255 210 255 255 255 0 72 255 0 0 255 0 239 46
    0 0 16 84 108 69 71 239 169 0 255 197 218 255 233 120 0 174 187 237
    135 255 0 255 161 244 69 255 62 12 255 147 125 55 84 231 68 0 255
    192 239 27 255 48 224 12 174 255 44 0 255 236 82 28 196 150 132 0
    255 59 2 189 234 2 0 118 232 148 74 255 0 255 142 15 0 255 192 45 75
    255 5 134 0 234 255 40 89 113 255 254 115 0 49 109 168 255 161 212
    131 253 151 0 0 123 0 0 0 92 138 26 229 255 45 135 54 0 16 137 22 45
    243 0 13 163 210 255 155 137 150 72 0 231 221 238 32 221 250 20 57 1
    77 240 255 1 16 255 255 32 255 158 214 173 255 255 199 205 166 44
    151 0 142 109 179 233 165 7 255 56 160 255 175 255 217 17 255 197
    117 199 255 211 65 255 189 201 89 12 0 243 234 184 53 255 0 246 97
    172 237 166 243 227 0 79 0 209 218 190 255 251 0 255 205 104 46 245
    12 255 154 255 255 155 56 228 69 16 169 255 122 77 95 39 204 0 142
    118 12 125 22 255 0 0 59 232 0 27 255 0 0 226 226 42 0 255 255 101
    160 183 255 0 111 255 0 255 48 5 0 0 255 252 255 255 251 0 0 210 255
    218 255 63 101 76 244 221 0 162 1 31 49 255 0 113 180 141 38 213 214
    255 255 181 219 49 157 0 88 63 153 255 37 109 195 186 193 116 237
    124 203 255 247 0 183 243 133 255 103 255 50 34 233 180 0 104 83 255
    0 255 209 82 26 216 0 220 92 231 97 22 0 0 236 161 241 60 103 255
    253 217 242 0 0 23 238 157 82 0 0 255 0 22 255 0 72 211 0 163 221
    181 255 2 123 25 255 223 2 79 198 255 118 4 179 255 53 171 32 130 73
    192 173 197 234 19 152 0 255 255 0 215 255 255 16 255 255 146 255
    255 0 155 255 0 0 4 247 0 214 191 44 126 22 0 236 255 91 255 230 116
    255 255 43 164 180 0 183 56 0 10 86 224 48 128 134 208 255 0 72 113
    0 225 0 25 235 255 59 103 12 255 86 170 52 255 10 94 0 71 63 186 0
    232 107 0 255 101 76 0 255 255 135 154 144 255 168 22 0 119 0 211 90
    166 189 125 0 180 48 234 125 95 137 216 255 243 225 135 255 255 255
    255 0 191 255 191 171 117 0 61 0 0 5 255 192 0 42 238 0 202 255 91
    203 55 0 0 255 245 47 255 255 102 129 0 6 255 40 108 0 0 255 0 0 0
    142 0 216 53 242 193 0 0 0 166 255 0 0 255 157 75 0 159 156 89 224
    255 0 255 34 242 131 178 255 165 243 107 180 12 0 255 0 115 255 196
    212 0 0 255 183 255 78 255 243 255 0 133 199 0 255 201 255 76 134
    255 58 62 0 0 0 142 255 38 201 0 255 116 0 198 129 222 227 20 83 79
    232 0 0 0 0 34 168 255 0 190 155 49 28 6 198 169 150 137 43 0 127
    108 84 0 255 0 251 255 0 62 217 208 0 255 201 96 83 247 7 94 21 68 0
    72 255 225 117 255 184 86 235 255 228 36 240 214 0 255 191 255 107
    181 21 91 0 0 116 72 234 0 0 216 194 111 180 0 0 72 109 240 45 255
    147 255 128 89 173 0 255 67 141 177 154 255 32 0 255 255 40 112 110
    0 25 255 11 140 0 110 92 217 255 255 13 0 196 255 68 148 154 255 0 0
    65 0 0 127 70 255 54 218 185 17 145 70 0 179 250 152 98 86 33 0 95
    255 255 0 71 255 0 50 13 61 39 150 0 4 89 59 0 178 187 108 0 0 216
    67 255 0 254 248 0 0 255 0 218 0 255 255 76 119 236 98 0 0 0 198 135
    75 76 172 0 215 0 255 194 98 0 255 0 147 255 140 193 157 0 0 140 51
    10 62 208 0 183 255 0 0 0 104 0 0 255 255 255 155 245 105 51 0 215 0
    0 255 255 255 227 0 227 159 0 198 0 192 255 0 138 221 205 189 74 255
    255 0 0 128 177 0 80 119 30 0 0 27 58 255 99 219 0 120 208 0 142 95
    255 169 160 190 167 0 75 255 255 63 255 192 6 55 255 162 107 132 233
    155 74 255 0 0 0 44 139 93 0 255 255 255 85 5 130 47 12 17 255 169
    255 255 128 208 0 0 0 0 177 151 103 64 82 0 109 46 0 87 255 84 255
    255 102 50 23 255 0 46 10 255 118 254 207 0 182 255 237 22 0 119 255
    30 98 42 27 145 142 116 205 0 77 36 112 113 187 81 120 107 255 52 53
    49 59 254 224 31 70 0 106 110 252 39 0 251 160 110 197 255 108 148
    255 124 74 112 182 156 131 105 254 0 0 198 53 0 205 249 228 255 138
    30 0 255 0 248 255 0 231 255 255 190 170 197 0 6 200 219 255 36 255
    255 255 203 249 0 199 167 255 255 60 155 152 137 218 252 131 166 40
    60 232 248 31 255 133 192 0 231 157 0 157 141 186 75 65 121 244 77
    236 187 0 0 0 57 207 0 40 0 17 0 255 255 255 249 143 255 255 10 0
    225 145 131 62 255 56 124 0 196 219 179 157 31 0 225 0 0 36 113 62 0
    112 0 255 114 45 146 255 159 224 93 255 109 188 255 112 238 105 164
    215 216 92 92 38 145 214 159 180 141 143 255 23 132 78 255 110 255
    255 206 255 141 80 117 255 45 61 184 84 117 1 0 0 122 136 211 112
    255 237 253 0 255 233 93 0 148 255 174 184 255 244 255 94 67 193 51
    77 5 165 219 255 0 255 105 163 44 0 255 252 15 74 242 255 185 97 59
    36 76 0 230 140 0 252 18 92 0 89 207 255 0 153 165 140 158 255 4 181
    15 58 0 147 255 38 190 255 144 239 0 187 94 0 72 0 0 72 246 255 241
    119 66 255 106 185 165 255 16 70 48 147 255 0 80 255 113 255 233 74
    39 57 200 254 255 202 13 244 0 0 255 80 69 151 162 69 0 156 172 255
    0 159 220 0 62 107 0 101 51 241 0 85 239 0 255 255 255 112 79 86 255
    255 255 0 255 174 255 167 209 154 254 255 61 250 0 0 0 105 0 255 162
    11 178 35 255 190 117 255 136 224 255 77 255 77 156 97 2 255 0 131
    255 255 94 107 26 0 255 255 152 165 255 55 207 198 116 133 255 34 0
    27 35 0 98 214 124 221 233 255 118 0 143 0 255 255 57 24 5 255 0 255
    0 102 191 255 38 255 240 83 252 0 0 0 159 255 0 255 152 255 22 0 255
    110 255 0 255 157 255 194 85 255 102 0 189 49 182 95 255 170 185 5
    111 97 49 119 96 71 0 160 76 23 61 167 216 58 0 255 161 192 255 161
    12 105 0 78 186 20 20 219 141 255 182 129 149 255 255 0 255 83 0 49
    255 207 0 255 24 105 255 109 43 0 133 0 1 193 253 255 50 12 223 156
    192 28 255 191 31 255 0 0 255 89 20 19 63 255 230 255 36 55 26 35
    255 220 66 0 0 3 0 169 189 255 211 133 228 224 0 58 56 107 17 205
    163 143 255 216 66 233 235 214 220 32 187 189 91 69 62 0 144 0 14 0
    153 98 15 255 244 63 248 0 0 0 67 255 141 250 99 83 190 0 0 72 131
    42 160 192 118 88 35 0 236 84 165 61 0 36 182 85 232 52 94 0 0 0 30
    51 168 255 255 255 143 157 109 0 255 255 240 176 79 42 0 255 255 0
    161 0 153 121 95 20 0 187 225 71 255 106 137 0 246 126 122 43 219
    205 0 0 0 187 207 93 255 52 102 255 54 142 230 193 210 0 255 59 27
    236 89 167 0 0 255 255 255 89 0 160 158 0 208 169 255 157 0 5 74 0
    208 11 188 208 33 0 33 227 135 255 96 175 16 255 203 241 255 8 136
    137 255 188 93 104 0 255 0 133 41 175 255 110 43 117 255 222 255 238
    133 0 0 26 0 255 0 255 255 21 247 255 255 80 255 0 255 207 127 255
    31 187 236 160 0 95 255 0 22 213 255 255 69 0 145 51 41 130 129 173
    125 84 20 40 255 191 0 77 255 213 60 124 4 180 221 20 255 106 130
    193 0 119 31 171 0 255 59 255 255 182 52 0 0 255 0 0 164 209 241 103
    255 0 40 247 255 191 244 160 255 156 244 0 255 81 0 255 161 0 195
    122 255 56 255 0 255 236 151 115 250 63 0 179 0 172 71 0 51 55 11 6
    160 131 36 115 0 218 69 69 255 255 239 191 132 2 57 255 0 184 86 5
    255 244 239 153 255 69 0 0 0 190 0 186 91 255 92 230 252 0 200 224
    173 255 243 255 245 0 19 250 19 39 255 76 0 157 255 253 0 93 201 173
    147 109 98 119 165 0 34 148 214 255 175 175 239 79 207 255 255 37 30
    66 199 124 0 255 84 93 0 255 49 20 125 208 236 255 78 0 117 115 117
    227 2 63 255 0 15 0 0 222 68 0 227 255 255 0 255 103 0 229 5 233 255
    77 184 43 165 0 255 117 13 0 255 130 0 43 255 0 0 255 33 0 255 0 23
    255 72 118 144 46 210 235 255 10 2 0 0 194 0 147 1 163 230 226 52
    255 136 202 105 255 0 53 95 255 151 206 151 118 73 236 239 206 254
    134 217 220 255 0 174 58 28 32 34 113 255 131 176 72 33 250 63 106
    141 255 213 6 2 235 196 0 103 0 0 0 62 0 110 0 13 255 148 222 255
    255 223 92 53 255 116 84 89 43 224 255 248 0 0 79 25 33 0 37 255 205
    123 185 97 255 203 208 255 187 93 0 0 0 169 236 0 121 0 255 69 165
    255 0 127 19 3 255 0 229 145 210 255 144 81 114 243 0 41 136 106 255
    65 176 0 91 255 0 255 0 0 246 194 43 0 255 0 29 138 38 255 20 100
    255 253 175 38 0 160 171 187 255 7 193 38 255 204 58 33 255 182 223
    30 155 53 255 90 255 0 255 255 255 153 83 151 0 133 255 255 255 46
    174 136 255 38 225 255 60 11 0 0 255 145 18 255 139 255 0 255 2 34
    255 255 75 0 44 255 155 0 38 0 210 245 219 0 0 153 235 255 119 0 196
    61 255 255 167 80 255 0 255 205 136 156 0 215 0 37 0 159 0 0 37 119
    223 255 255 251 70 255 0 0 0 108 187 0 236 0 8 99 221 19 255 104 0 0
    88 0 95 80 111 169 59 255 80 39 67 0 62 0 108 255 255 224 162 255
    186 0 18 220 255 154 87 94 0 175 7 122 173 0 111 125 0 44 168 0 255
    255 167 205 255 0 255 171 255 143 0 0 224 100 226 255 238 160 84 0 0
    150 155 0 1 0 172 2 114 221 90 0 129 255 61 250 0 33 235 94 148 0
    109 106 48 255 255 0 255 255 255 193 67 128 76 255 91 161 255 114
    255 218 104 255 221 235 67 0 6 207 0 0 248 134 89 164 255 53 204 255
    74 139 255 255 184 169 255 26 188 255 0 249 255 255 35 255 0 180 255
    0 7 0 71 255 180 111 166 42 66 87 190 0 214 159 69 0 0 195 255 141 0
    69 255 134 255 0 234 0 147 255 192 17 194 0 40 54 30 255 239 255 197
    255 18 0 25 121 0 36 0 189 255 72 255 71 0 0 118 240 50 255 255 189
    140 58 174 153 25 122 0 197 0 153 255 22 93 31 0 139 203 0 0 255 255
    201 188 61 0 117 104 110 0 255 24 255 255 0 191 0 12 255 255 226 97
    0 104 255 20 22 40 208 229 185 255 255 131 201 206 216 0 102 0 255 0
    106 162 177 194 59 255 185 0 213 0 194 255 252 0 255 255 255 28 255
    115 102 46 255 248 228 70 0 255 44 255 5 49 167 138 38 177 0 223 255
    107 94 208 215 23 68 53 202 255 0 175 19 48 255 199 200 196 248 92 0
    0 1 94 11 177 31 0 255 219 136 255 0 21 0 255 255 107 141 0 255 223
    79 255 255 170 173 0 255 107 191 28 86 255 194 0 221 0 0 7 255 0 244
    145 23 255 0 217 246 0 233 108 0 70 238 243 57 42 31 0 198 255 29
    110 213 255 255 221 249 0 132 240 123 255 255 166 255 0 255 0 0 104
    102 99 178 81 255 0 40 0 255 0 255 0 0 7 0 243 246 68 59 96 233 31
    214 111 18 0 170 255 255 116 248 16 0 72 255 204 142 0 255 68 0 255
    196 89 0 215 203 22 255 184 0 117 255 37 186 0 182 255 0 199 98 20
    27 255 255 160 179 50 118 234 84 240 0 45 2 87 255 242 255 69 166
    192 0 39 142 255 255 47 200 0 181 82 241 255 110 3 42 34 107 255 132
    199 88 216 59 178 0 255 205 0 255 255 76 46 12 176 35 54 0 255 248
    41 15 44 32 182 52 255 255 255 225 184 255 33 68 71 0 255 255 255 99
    121 75 0 102 0 149 255 57 0 0 255 121 0 112 226 0 248 193 132 174 82
    87 31 92 20 0 0 227 29 0 132 139 255 144 255 0 255 255 245 255 78 6
    48 255 163 0 227 45 11 255 33 0 210 0 255 6 148 128 112 188 255 208
    172 6 0 28 76 255 60 129 255 106 136 152 255 0 9 8 195 189 244 23 0
    71 0 0 255 162 115 73 0 255 12 163 73 0 19 0 109 255 37 15 191 87 0
    173 17 255 229 255 37 20 166 188 0 83 0 115 0 153 150 41 73 249 200
    244 246 68 255 197 158 255 117 255 0 58 248 135 255 153 245 196 161
    155 0 8 255 47 214 31 74 202 0 138 255 0 120 255 255 255 0 113 255
    38 255 94 107 42 19 136 137 91 255 206 0 255 76 35 255 0 0 255 186
    255 81 27 114 189 255 0 172 112 0 192 255 104 0 70 188 0 0 177 255 0
    87 101 140 255 233 255 0 151 255 0 255 113 127 136 255 0 40 75 240
    250 153 132 135 0 0 255 135 255 36 55 164 145 93 0 0 0 0 35 0 153 0
    192 255 60 255 40 255 217 138 0 125 207 255 56 185 255 255 216 255
    255 175 186 92 0 255 255 207 139 255 38 171 77 195 166 78 174 255 0
    227 0 138 255 112 104 0 0 75 0 18 0 167 0 0 6 94 20 0 0 125 0 61 70
    255 109 200 244 255 154 0 16 0 56 173 49 206 227 242 100 255 177 114
    0 231 114 131 109 252 225 255 0 0 255 101 0 35 0 166 9 217 0 144 160
    113 133 0 235 140 104 59 223 188 197 97 229 233 148 249 148 0 177 0
    0 126 230 0 255 81 255 197 0 255 0 0 12 140 22 94 0 38 0 246 4 87 0
    255 42 255 73 199 255 194 0 5 137 255 57 255 253 255 220 206 172 255
    0 102 0 199 0 0 92 255 60 0 196 0 41 91 0 0 0 0 254 144 90 232 255
    51 91 255 0 122 220 173 93 108 23 64 255 255 0 0 102 149 255 106 129
    182 230 39 255 0 105 77 235 198 65 239 75 255 255 255 242 133 79 0
    162 7 194 255 241 127 12 109 230 11 255 164 39 236 50 0 33 185 125
    49 0 255 123 184 255 95 244 255 0 102 255 31 20 255 0 165 0 210 84
    28 255 0 255 91 255 90 172 23 4 75 0 0 252 121 255 0 255 255 0 10
    143 11 0 0 212 3 151 162 65 0 56 0 0 255 41 126 0 88 0 78 78 255 210
    135 12 0 167 94 0 0 78 255 0 255 0 201 205 16 255 255 255 0 133 0
    100 255 255 0 203 30 219 147 255 0 0 191 255 116 20 255 0 162 255 60
    0 79 140 35 154 183 252 137 181 255 234 130 211 0 60 183 0 255 39
    158 13 255 255 0 0 255 130 0 230 0 187 40 72 39 238 183 0 255 110
    210 41 66 0 137 189 0 30 0 174 0 154 138 103 255 0 255 21 12 176 143
    73 0 120 120 29 255 210 4 182 255 255 0 148 157 82 0 0 255 255 175
    255 74 0 97 49 0 23 119 255 185 231 171 222 255 48 58 199 45 49 53
    127 81 252 184 7 232 255 176 109 116 0 0 0 0 0 255 168 255 43 33 255
    68 137 188 96 255 176 63 47 52 48 68 64 204 0 3 252 103 255 255 95
    207 0 4 188 67 0 232 231 255 196 206 240 255 255 200 255 219 129 192
    157 186 122 240 0 55 122 0 255 50 216 122 31 51 109 239 220 210 220
    97 133 255 0 251 123 217 255 92 255 167 0 255 5 255 44 23 0 64 56 63
    121 255 10 12 205 255 202 222 78 51 60 47 4 0 213 35 242 255 0 197
    255 4 73 0 223 131 0 228 48 250 136 0 68 128 144 15 142 0 104 122
    136 46 13 33 51 65 0 167 216 200 207 219 0 46 206 0 214 0 120 193 89
    90 255 255 185 0 40 230 5 255 47 46 255 255 0 177 227 0 49 19 188
    255 255 0 46 135 0 96 44 139 40 191 68 57 29 82 0 98 26 255 0 0 190
    47 255 58 156 255 45 255 230 122 68 195 0 13 104 255 255 87 182 255
    0 41 240 255 124 97 181 180 35 102 0 0 53 22 192 16 204 255 0 255
    151 76 0 215 30 0 0 141 0 134 135 70 149 255 255 255 255 119 153 88
    144 114 70 151 112 246 52 255 176 255 90 115 155 238 90 76 255 156
    52 76 185 40 196 88 255 123 139 255 255 141 50 0 168 255 0 93 9 255
    255 0 161 65 0 246 99 255 255 0 0 73 200 200 180 255 255 181 0 0 164
    57 79 225 120 206 61 11 0 146 68 65 202 118 0 103 186 141 255 255
    135 174 184 240 0 168 124 123 21 79 38 0 0 0 88 162 29 255 0 0 141
    220 255 167 232 255 165 252 255 4 0 0 251 136 255 50 251 165 33 155
    233 88 23 255 205 49 0 0 1 0 216 182 255 64 255 131 3 0 23 87 242
    255 0 0 255 255 1 105 171 90 254 0 247 118 98 73 0 211 255 0 255 194
    184 0 35 183 32 0 128 255 124 255 67 255 8 20 250 210 52 135 255 255
    81 255 34 129 255 108 119 60 43 170 0 0 55 255 44 106 103 183 102 88
    251 195 0 179 104 25 0 177 28 94 81 0 0 255 20 49 229 5 0 172 0 214
    0 114 197 124 166 255 255 163 0 255 255 0 251 255 0 145 172 8 125
    144 237 0 212 28 19 0 38 255 255 202 14 255 96 32 255 255 72 106 89
    6 213 0 255 4 0 146 0 180 70 231 244 63 44 8 156 64 106 99 211 254
    155 76 0 20 155 100 149 255 247 0 54 237 255 0 32 2 255 150 255 62
    51 130 255 141 61 148 0 72 0 110 213 63 0 207 255 44 0 0 205 255 74
    13 255 118 214 0 255 229 57 101 84 118 137 0 8 150 110 3 102 0 206
    44 208 255 177 61 15 255 255 71 144 220 255 0 35 34 145 67 166 180
    114 255 214 255 5 0 255 0 54 255 196 146 135 56 186 46 0 73 255 159
    223 120 255 1 0 0 64 183 142 23 233 46 67 224 255 0 232 0 40 0 70
    141 57 173 171 193 94 249 164 20 255 255 176 255 0 154 38 0 75 157
    151 36 255 255 26 246 255 0 0 255 95 134 28 0 218 18 0 206 188 216
    255 88 0 134 9 224 59 0 203 0 0 0 86 9 255 67 255 0 0 122 218 255 0
    255 255 22 0 0 0 129 252 0 0 125 33 0 0 255 15 0 78 0 255 19 0 182
    40 255 255 122 85 230 53 0 255 255 114 252 255 255 53 6 0 147 177 0
    145 96 122 168 40 0 136 225 117 255 59 150 222 142 255 61 224 204
    226 239 0 176 47 255 182 119 93 214 27 255 100 255 190 55 145 61 255
    150 62 0 255 117 0 8 255 2 255 155 25 100 166 134 72 0 255 255 100
    10 0 182 0 160 0 26 255 0 0 87 0 5 0 0 117 0 255 82 13 192 203 255
    138 168 247 104 35 117 113 61 94 45 225 255 171 2 32 70 232 168 132
    81 0 255 115 0 255 203 0 23 0 4 2 185 0 108 192 255 255 0 66 90 59 0
    198 98 87 73 2 255 0 255 242 255 228 113 242 15 33 74 192 212 47 202
    255 235 255 0 93 221 255 242 100 89 184 0 154 255 124 146 3 190 201
    194 181 255 0 226 28 135 0 200 55 0 89 170 255 98 143 8 152 104 203
    65 104 0 168 5 0 30 74 255 0 46 255 255 111 130 131 0 255 152 203
    255 203 0 24 0 0 81 130 96 72 0 122 103 48 86 219 208 70 0 223 6 167
    255 239 211 255 220 0 25 160 255 0 184 190 49 92 158 37 255 63 255
    160 255 255 255 196 255 0 30 255 100 44 246 0 14 198 244 255 155 255
    98 129 37 63 89 80 218 254 150 62 163 255 58 72 246 255 255 60 0 241
    0 0 255 76 73 120 191 244 38 150 0 37 120 127 0 125 10 140 0 255 219
    76 235 216 56 222 0 0 0 99 143 85 180 168 132 100 135 60 255 84 81
    76 147 95 0 161 0 24 255 74 140 255 212 76 0 255 128 178 56 0 255 0
    16 252 255 0 131 204 170 233 255 72 255 79 176 221 236 151 28 0 255
    126 134 255 231 241 196 255 255 114 68 255 255 224 5 227 161 157 225
    239 237 211 112 84 153 235 81 255 114 255 197 241 78 255 255 109 219
    237 63 255 206 0 255 255 255 118 197 255 182 54 0 152 0 0 0 255 100
    255 255 255 255 107 230 46 36 109 8 255 0 0 255 255 93 255 206 202
    113 255 49 86 93 8 18 197 255 0 152 255 0 167 236 0 182 255 188 226
    172 174 39 54 0 0 2 104 31 146 164 255 40 50 163 199 172 255 188 27
    119 232 117 51 0 162 178 0 255 142 0 145 76 108 47 73 127 255 255
    255 19 98 194 226 43 47 186 44 124 0 95 0 255 2 55 232 147 0 255 34
    0 81 43 255 0 0 250 106 255 255 223 0 186 121 255 255 13 71 38 137 0
    181 101 57 255 33 255 0 255 0 89 0 200 0 0 203 157 43 0 255 59 31
    255 0 93 217 0 255 116 255 128 0 148 255 165 9 255 0 199 0 215 255 0
    0 0 72 0 0 255 136 164 21 255 94 215 0 55 0 121 255 0 0 0 255 255 0
    255 224 24 35 228 108 174 200 255 0 255 153 198 117 0 0 216 158 205
    55 0 16 211 131 43 27 0 57 141 22 255 124 73 255 61 134 255 255 194
    11 0 54 218 84 6 255 171 13 255 67 49 65 0 216 0 255 255 0 0 255 158
    0 224 0 1 0 0 118 167 235 139 214 255 255 255 186 0 111 29 207 57
    162 255 147 196 70 0 177 106 172 199 55 172 255 0 0 0 255 33 134 39
    0 204 14 255 0 245 143 0 255 42 45 0 196 255 255 190 255 214 0 130
    197 219 220 0 156 0 0 10 255 31 0 184 0 255 145 46 17 81 188 22 255
    255 229 111 0 180 80 51 177 120 50 112 166 193 140 165 0 148 155 129
    255 252 70 112 0 248 231 238 8 252 208 218 222 255 0 135 31 216 162
    255 19 0 105 87 0 192 11 124 31 122 70 0 179 30 40 255 130 255 255
    55 8 110 94 0 147 165 169 0 101 255 25 136 182 21 255 123 0 0 185 0
    168 69 203 255 139 183 255 85 243 204 255 6 255 184 139 106 255 218
    48 97 54 255 0 168 58 1 0 0 224 49 174 88 90 17 83 147 171 242 98
    161 245 159 93 0 143 255 0 255 255 215 255 0 96 255 188 201 255 51
    174 96 227 255 46 255 255 12 255 255 92 0 65 77 0 0 255 87 0 255 22
    0 133 64 186 136 86 201 217 196 144 255 165 103 0 248 25 233 0 120
    255 0 215 255 0 255 18 223 255 255 255 77 153 191 145 0 255 104 112
    237 0 79 0 255 255 255 63 255 246 213 183 0 255 0 113 255 145 255 0
    78 186 34 231 209 255 244 255 31 70 10 128 0 10 166 0 0 167 0 229 76
    155 81 128 195 149 56 171 244 0 115 10 244 26 255 194 255 255 190
    232 40 108 164 182 0 0 0 0 22 112 255 137 33 92 255 6 151 0 255 255
    103 27 65 255 95 0 233 63 37 255 255 128 196 0 135 164 115 0 227 100
    255 221 255 255 32 159 255 81 210 0 82 0 255 155 255 63 255 191 169
    255 0 92 250 0 131 255 217 78 239 50 102 255 0 255 145 254 14 255
    255 255 114 167 0 69 255 150 92 0 68 175 0 11 0 34 0 0 0 0 162 110
    255 255 0 255 219 211 142 0 0 255 232 239 255 46 87 25 162 255 87 25
    255 0 82 224 9 242 255 255 42 39 254 231 162 8 211 255 107 78 255
    165 0 231 56 182 0 187 60 255 216 255 15 213 0 0 188 164 0 0 160 255
    126 29 173 255 0 255 0 59 75 87 223 6 23 0 0 175 45 99 6 73 51 255
    236 0 9 144 27 255 229 0 255 109 0 0 44 55 243 245 0 241 10 0 255
    234 211 0 22 183 139 255 255 40 133 211 165 0 255 0 0 255 22 90 124
    255 235 221 124 77 147 0 149 255 176 67 113 220 252 241 177 171 0
    156 255 0 255 21 255 21 146 0 197 236 228 0 191 104 64 255 62 48 255
    171 157 0 0 255 44 4 0 255 81 41 193 52 0 152 178 12 203 125 95 121
    0 243 90 28 0 255 207 181 253 229 0 244 255 0 235 97 91 39 220 53 68
    255 255 255 233 255 143 112 255 206 0 141 155 0 255 148 61 88 0 0
    125 234 180 7 71 54 68 230 0 255 241 251 255 255 0 144 255 30 108
    127 47 166 91 0 144 0 255 52 193 17 0 47 255 255 255 0 197 42 0 99 0
    255 100 172 118 177 245 193 199 195 78 0 24 93 222 255 255 230 43
    237 0 0 81 255 141 221 179 19 249 255 0 255 255 0 255 107 7 0 44 179
    240 211 47 0 255 225 195 121 65 255 180 76 116 135 25 255 106 255
    247 122 255 81 255 133 48 80 198 255 113 255 255 255 41 151 255 0 83
    163 237 0 96 255 61 44 255 248 185 0 255 23 151 228 76 0 32 13 0 252
    0 140 0 255 65 97 170 18 0 0 86 54 105 111 205 236 118 107 84 166
    110 36 173 255 255 198 146 0 51 234 0 154 0 255 27 171 115 255 0 255
    2 0 255 149 36 255 108 10 0 222 255 44 255 0 154 134 255 75 0 0 158
    0 156 162 255 84 0 65 198 112 112 212 104 106 71 33 0 25 169 121 7 6
    0 3 159 0 0 114 101 255 0 81 32 127 180 157 206 218 0 255 95 183 238
    255 29 226 60 13 255 0 72 0 112 141 20 11 118 118 0 0 255 212 29 108
    254 251 61 116 38 96 255 0 133 188 106 255 255 193 94 255 59 226 14
    221 255 212 209 74 87 40 0 255 203 0 63 145 123 0 125 74 0 21 255
    101 71 22 212 199 110 196 117 128 97 0 255 0 52 255 123 87 240 249
    255 0 140 226 214 11 0 255 242 99 41 250 129 42 255 25 0 255 167 255
    156 57 0 255 81 234 124 149 88 252 255 43 161 198 0 213 19 172 203
    128 150 255 32 124 255 64 246 179 192 120 255 190 188 0 168 143 86
    255 245 41 35 255 227 116 0 229 101 58 255 15 12 255 241 255 156 255
    255 219 146 153 255 255 255 255 6 69 206 1 0 76 3 142 28 0 101 237
    116 244 0 44 0 0 0 154 109 43 240 255 99 143 78 255 255 255 0 67 0 0
    160 0 0 255 57 255 233 126 132 234 255 23 209 170 247 50 75 0 255 45
    0 10 188 0 222 34 108 171 0 244 0 23 37 141 20 0 41 255 62 157 255 0
    143 0 59 161 68 107 255 164 82 255 135 187 145 255 255 0 154 0 2 212
    216 255 200 0 199 196 24 13 0 168 91 0 255 49 255 213 0 253 237 186
    0 239 122 213 0 254 232 0 255 141 0 37 56 46 219 97 130 0 97 255 0
    246 255 63 187 255 163 255 255 255 100 255 255 72 0 241 60 20 0 0 0
    0 85 0 255 237 225 0 255 255 255 0 79 132 0 0 183 255 237 25 215 255
    203 50 255 196 95 0 208 0 22 154 0 194 11 6 8 255 61 0 61 255 0 141
    240 133 255 3 211 250 0 0 123 39 192 132 255 126 0 0 152 0 255 92
    189 255 224 192 160 255 16 100 255 0 4 255 34 11 154 124 104 0 39
    246 0 255 255 97 229 119 0 229 255 255 135 77 2 248 0 23 0 1 255 255
    0 0 255 146 102 94 231 100 0 222 119 3 133 147 38 154 240 102 116 41
    0 255 255 255 168 236 0 0 220 146 135 255 88 255 255 101 225 0 187
    194 255 31 173 218 255 201 191 220 255 255 145 25 62 130 0 255 225
    255 119 64 227 109 225 97 147 50 22 255 192 255 130 226 0 199 126 0
    216 222 192 189 255 74 255 140 159 70 255 246 103 201 30 152 138 87
    209 0 251 255 158 255 190 0 31 226 218 0 239 234 85 255 255 204 222
    255 102 255 73 0 93 0 242 18 255 238 142 224 255 0 255 211 72 206
    255 198 121 56 76 208 8 127 0 107 145 0 0 238 253 255 162 0 255 255
    255 240 23 171 255 221 255 205 221 204 255 223 0 91 0 0 201 152 56
    199 151 255 0 4 255 170 135 248 17 0 0 0 255 0 0 173 31 255 0 101 4
    49 255 255 186 113 255 33 47 4 6 0 172 255 12 0 165 224 0 0 45 255
    64 60 255 116 146 244 22 82 255 213 146 221 14 0 135 255 84 0 255
    179 0 236 255 255 186 157 167 223 7 71 255 205 169 0 91 0 0 0 42 0
    76 1 255 255 0 68 189 255 238 0 218 255 255 80 176 46 247 0 115 0 23
    166 187 59 70 204 255 255 255 0 237 152 87 255 0 197 0 177 16 33 17
    255 0 11 114 0 0 255 250 255 255 255 47 0 73 255 255 233 133 255 206
    17 37 255 236 0 0 152 0 132 156 108 69 243 0 14 42 0 149 224 255 228
    173 144 255 228 70 123 41 200 43 255 111 141 208 74 231 255 255 0
    255 45 115 10 124 115 0 44 255 254 131 130 226 255 110 0 147 0 255
    160 38 99 0 127 106 255 164 167 176 95 100 255 45 0 66 228 67 65 37
    115 255 255 74 255 51 17 115 165 111 120 255 255 136 13 229 255 0
    226 137 0 77 253 215 0 92 0 0 250 78 213 255 239 89 255 144 25 89
    238 149 140 255 0 187 140 153 30 211 255 57 220 0 34 255 0 255 255
    125 138 162 0 255 136 0 235 0 185 99 56 194 45 255 0 0 255 81 1 40
    255 0 115 73 255 59 10 104 0 255 0 42 0 61 134 61 175 74 255 167 255
    208 126 17 0 255 255 240 45 28 36 255 0 97 0 92 79 255 108 168 233
    100 0 29 57 241 255 75 172 72 137 24 152 63 41 160 170 255 6 178 57
    255 36 66 255 246 18 135 0 99 255 255 0 255 179 0 146 36 101 255 97
    103 77 255 0 255 0 154 110 143 0 177 131 219 255 255 0 0 121 93 64
    113 0 137 255 0 51 0 217 135 0 214 245 255 79 158 255 0 33 0 38 233
    253 159 230 255 255 0 0 207 0 0 24 198 232 0 221 32 0 0 63 0 177 24
    122 189 20 143 196 184 255 28 72 153 5 46 183 255 145 197 119 30 255
    0 221 255 21 194 255 124 255 255 39 152 245 0 159 216 0 22 159 150 0
    188 217 126 123 140 198 255 0 180 0 131 255 54 255 255 99 47 179 255
    53 0 0 0 38 0 151 0 255 8 5 147 245 255 171 103 10 255 156 111 48
    255 222 35 13 0 233 255 255 0 250 0 77 0 0 232 52 32 0 15 216 0 0 0
    31 255 22 28 84 51 30 0 142 191 240 240 0 21 255 80 245 110 39 181 0
    252 3 183 0 255 108 255 98 0 190 103 0 6 78 80 255 74 50 255 60 169
    34 177 0 14 0 255 255 156 0 250 26 0 117 251 127 97 59 16 255 59 255
    48 96 251 0 255 0 50 255 0 0 38 203 207 251 69 228 255 119 66 190
    229 255 154 0 70 0 176 255 60 70 255 52 153 0 164 146 255 242 254 77
    85 255 255 172 235 112 125 250 206 255 255 255 34 68 158 0 0 0 255
    181 247 255 227 0 0 255 50 202 255 0 29 0 255 180 248 9 152 203 103
    0 216 244 0 181 255 64 0 182 73 19 0 22 123 3 0 95 135 153 0 202 96
    255 151 255 179 255 30 0 227 115 79 215 251 255 255 184 217 128 2
    177 0 54 172 63 0 255 87 35 236 255 79 103 0 255 255 0 142 106 0 255
    10 200 0 6 37 4 61 254 2 240 174 85 0 132 0 57 240 0 0 209 0 139 0
    235 203 255 90 255 138 47 213 205 255 134 219 255 214 50 255 0 78 0
    129 255 234 255 74 155 0 239 60 208 255 75 60 129 73 255 58 255 202
    255 163 98 155 176 0 255 217 255 255 255 255 147 165 208 82 0 68 147
    78 76 23 0 43 255 226 0 39 255 116 118 138 106 0 251 0 54 255 110
    255 255 255 255 45 255 0 255 185 255 0 0 255 152 104 131 21 255 255
    191 255 164 175 162 201 255 73 36 61 113 0 15 23 0 255 0 165 255 6
    96 125 255 133 59 255 0 131 212 0 86 93 209 219 111 121 184 222 0 22
    255 199 39 61 163 0 56 0 0 150 133 255 205 255 255 255 206 255 255
    45 184 11 227 7 58 231 85 110 172 0 43 107 0 255 87 255 255 149 0
    255 10 255 183 0 153 121 136 225 154 255 21 226 182 206 255 56 109
    218 207 88 0 216 43 0 163 255 0 255 0 0 0 0 0 133 0 27 22 106 0 255
    0 255 37 238 255 255 134 255 20 161 9 12 0 0 0 18 72 139 33 80 230
    255 145 151 0 82 0 56 172 255 255 0 82 212 0 255 12 0 222 0 255 255
    48 172 186 36 124 62 1 32 0 252 209 86 0 169 130 49 205 0 255 185 70
    0 1 255 0 0 13 255 0 159 68 106 73 167 100 255 68 33 255 100 21 0
    255 83 200 169 0 129 149 3 171 22 152 0 0 152 255 39 39 140 88 244
    246 92 255 0 8 177 0 0 111 255 56 162 0 255 92 74 255 4 152 255 0
    111 59 72 255 172 0 122 255 216 255 255 255 255 255 111 43 242 253 0
    255 255 170 255 255 213 255 255 206 68 255 255 163 132 199 230 193
    34 0 75 229 255 15 17 230 233 255 78 101 215 69 255 75 37 74 255 0
    255 0 0 0 0 168 255 48 0 255 0 255 72 0 178 216 107 255 112 9 0 144
    27 187 255 121 178 88 0 181 56 255 110 42 32 38 125 219 255 151 236
    0 35 240 49 255 73 117 142 0 0 255 255 31 238 246 255 0 51 78 184 0
    0 173 78 211 177 255 194 106 255 231 241 0 0 217 0 0 255 189 43 103
    0 255 200 0 129 255 63 0 203 0 255 255 0 255 102 127 209 0 0 255 0
    226 0 3 223 162 0 156 105 152 255 255 51 255 123 139 0 110 58 122
    187 18 69 155 216 0 206 229 138 255 0 57 102 0 56 60 0 82 31 233 127
    118 0 82 0 255 174 24 48 255 0 255 68 133 255 41 104 194 253 140 104
    97 255 0 65 0 0 45 98 19 0 226 255 95 168 0 210 255 0 23 255 255 0
    86 12 247 172 0 116 202 234 172 185 98 255 231 255 27 255 88 18 255
    202 223 32 255 0 255 255 255 0 61 199 38 255 2 132 122 179 0 84 98
    228 255 0 255 0 95 255 0 172 90 201 0 0 244 161 182 191 255 52 31
    231 0 7 0 0 52 0 0 86 184 136 66 0 212 255 255 118 160 96 181 255 74
    0 145 117 150 48 79 33 163 0 0 19 108 163 27 104 0 214 48 37 202 190
    0 0 145 48 0 201 223 60 255 249 92 70 13 255 56 30 134 255 75 250
    152 0 214 106 20 113 164 0 133 255 78 255 59 253 255 255 8 178 0 255
    0 6 29 210 0 255 120 0 255 88 90 79 106 45 241 255 70 127 5 247 234
    146 142 136 177 255 255 207 183 237 255 0 255 158 113 0 202 245 152
    222 255 193 14 42 212 0 255 255 0 255 255 106 255 255 0 74 255 8 228
    114 255 99 0 14 240 0 202 70 136 139 255 255 0 255 255 255 174 153
    33 104 36 129 44 0 46 162 14 114 140 47 0 27 0 255 70 0 137 70 180
    229 89 0 255 255 119 186 74 41 249 19 255 176 89 0 255 255 0 155 90
    253 0 213 81 92 0 255 255 0 39 114 0 179 255 255 255 255 67 79 255
    191 7 173 0 37 8 0 92 0 208 3 0 255 95 175 255 173 156 239 255 42
    255 133 255 238 255 61 255 119 7 105 154 157 0 0 255 0 0 0 255 0 73
    53 170 0 209 255 0 0 89 0 161 255 112 96 105 0 194 61 52 217 13 0 0
    48 56 252 0 0 0 63 0 255 254 0 255 159 0 157 157 68 46 26 52 99 0
    255 64 32 128 119 123 225 43 15 88 57 46 255 255 255 40 0 18 0 236 0
    161 196 154 83 255 3 255 0 142 161 213 229 91 227 73 202 210 72 219
    255 0 0 120 0 140 0 244 255 0 171 70 255 30 78 60 255 0 70 167 255
    255 181 28 240 208 255 0 255 54 255 157 255 44 39 136 220 255 202
    129 255 95 125 255 91 230 255 0 56 255 101 179 241 132 0 255 255 0
    255 0 0 126 133 0 175 173 0 140 17 129 0 90 255 197 0 89 229 11 208
    132 255 174 148 0 69 193 87 238 197 255 83 128 94 33 131 255 0 0 236
    59 255 33 0 161 130 220 127 69 40 0 113 107 117 78 255 0 0 191 83 0
    8 0 0 255 255 119 255 255 60 255 130 93 0 0 172 255 0 0 0 0 0 127
    255 255 158 16 174 0 0 255 56 0 255 192 236 61 212 168 78 247 232
    224 132 5 91 0 255 255 202 26 77 152 255 56 0 223 255 87 7 189 85 0
    0 255 49 235 96 0 0 54 0 0 61 224 164 0 0 0 169 54 141 107 255 255
    255 255 113 254 140 68 255 0 93 255 255 0 255 255 8 255 92 176 211
    131 0 64 133 129 126 0 0 54 105 130 13 153 144 69 185 68 95 233 245
    68 55 228 152 141 121 205 51 0 73 220 168 105 17 5 237 178 60 8 255
    53 0 0 0 255 106 163 255 255 0 231 32 0 8 0 0 79 103 255 84 9 255
    169 93 43 199 0 237 171 41 123 122 0 255 0 255 201 0 148 197 58 6
    172 0 139 229 255 82 255 216 84 255 148 206 248 255 211 178 130 255
    0 0 141 59 116 255 255 0 200 145 0 0 255 228 195 118 255 89 63 167
    255 83 98 68 255 172 138 227 255 0 229 255 248 255 132 255 0 89 31
    228 0 143 228 0 88 124 0 121 73 88 255 255 255 255 224 136 59 90 196
    11 0 255 0 78 255 21 210 0 43 33 49 156 255 255 154 0 255 56 122 186
    0 129 0 255 121 0 119 62 237 227 227 103 147 0 255 176 94 13 30 0
    255 222 0 56 108 0 112 194 59 196 255 74 28 72 218 116 64 20 255 153
    0 255 145 34 0 0 65 105 0 91 255 178 255 0 254 214 248 55 29 72 255
    255 190 255 0 138 255 69 17 133 143 255 255 255 223 197 2 45 0 114
    255 74 108 246 173 255 136 26 121 135 230 55 219 103 174 186 108 138
    77 102 181 117 151 216 0 36 75 255 216 255 255 230 111 0 0 66 255 59
    0 60 56 165 92 255 136 146 245 177 255 255 180 62 42 50 4 0 124 0 45
    71 108 211 0 197 246 175 217 255 18 0 175 186 255 0 255 162 11 255 0
    3 237 25 255 74 244 233 255 100 6 0 255 255 255 255 183 255 86 16
    156 212 187 88 0 52 0 65 148 26 147 244 57 255 169 61 128 58 0 23 15
    82 7 76 187 56 189 80 128 142 0 255 97 0 222 255 71 223 255 92 255
    101 59 68 20 102 156 0 255 231 145 50 128 255 149 119 121 255 0 194
    181 0 178 0 39 0 255 195 181 40 193 0 43 0 105 148 0 0 79 138 0 0
    255 255 242 255 165 203 239 114 186 134 245 255 220 73 188 73 45 255
    0 23 218 172 72 0 192 125 112 255 220 67 0 86 111 111 255 193 63 255
    0 187 111 20 109 112 0 0 104 0 254 162 214 143 41 0 0 0 94 130 255 0
    0 255 255 221 255 255 17 205 46 7 155 0 219 0 187 182 204 0 0 255 0
    39 100 138 106 210 180 47 73 69 0 18 9 23 255 0 255 189 0 0 25 48 27
    30 254 255 189 42 238 129 255 37 19 32 195 0 0 255 255 255 171 255
    215 103 1 0 255 76 255 255 123 195 36 200 47 0 0 255 69 255 0 145
    255 245 0 99 0 134 254 37 165 125 41 170 0 184 255 3 22 55 56 255 7
    0 215 144 255 26 233 128 218 177 160 115 255 82 255 255 210 0 17 98
    255 229 255 0 255 50 8 125 255 233 66 77 157 255 255 0 188 8 0 255 0
    0 243 255 90 0 255 212 144 255 153 136 191 255 92 203 255 0 0 143
    205 0 59 255 179 254 240 1 243 64 77 135 255 23 73 222 255 27 225
    190 70 255 255 183 53 255 22 43 46 0 127 4 126 255 109 0 89 27 218
    255 0 85 245 98 170 241 0 40 201 255 131 195 255 73 255 205 255 121
    150 255 0 137 0 104 255 0 201 150 0 255 0 0 173 164 91 175 250 36
    255 255 57 255 0 1 128 255 131 255 35 0 107 255 158 122 0 0 255 193
    0 102 0 255 67 199 255 15 70 168 110 255 0 103 0 13 3 111 100 17 245
    80 0 40 96 184 32 136 175 255 161 0 177 70 82 255 126 128 16 0 255
    244 16 150 20 46 0 255 0 85 175 108 78 0 102 52 175 88 255 202 2 151
    0 120 10 40 163 173 255 110 0 255 0 10 147 47 0 175 255 255 255 255
    165 0 196 255 255 255 255 109 255 222 29 251 0 97 67 0 219 130 44
    177 0 255 120 105 197 255 234 0 130 0 0 112 0 170 255 47 55 134 0 77
    21 0 116 12 134 237 255 94 255 0 255 0 154 146 0 255 172 117 255 255
    255 255 247 255 200 0 56 230 14 126 25 200 0 0 255 151 219 0 68 72
    212 0 255 251 41 0 246 255 0 59 236 148 195 199 131 0 91 19 182 26
    255 255 197 62 255 243 84 134 255 0 67 229 49 227 255 11 247 38 0
    244 133 255 255 0 125 255 26 205 255 57 97 0 74 119 156 216 225 79 0
    77 189 16 15 255 119 242 7 0 255 255 0 59 56 0 229 0 255 95 223 47 0
    255 85 65 190 0 255 161 171 89 251 255 255 0 104 20 0 255 0 0 0 18
    255 0 0 203 230 251 0 245 40 255 255 74 240 126 110 0 0 58 55 0 222
    220 0 223 226 255 0 142 77 0 129 119 0 0 230 6 9 223 150 120 234 0 0
    209 137 0 255 72 56 102 227 45 27 3 255 0 0 192 99 177 3 129 36 255
    36 88 0 0 255 78 255 255 255 193 123 212 116 0 78 74 0 209 0 128 64
    160 58 255 255 138 0 212 255 101 112 255 176 238 154 76 176 60 43
    155 74 45 149 170 0 181 158 0 240 31 255 203 255 145 95 77 255 82
    198 73 0 59 169 34 255 199 172 44 8 247 0 0 255 126 255 255 16 255
    54 0 221 156 0 255 255 21 1 140 255 0 255 194 12 87 248 255 94 255
    178 255 91 236 100 100 0 151 71 164 142 29 89 0 76 202 176 0 255 167
    211 0 255 120 116 101 245 98 0 243 231 244 255 36 255 255 156 255 0
    107 255 140 0 104 72 164 255 182 71 140 27 50 16 0 255 36 51 207 0
    46 0 29 0 0 255 199 144 201 0 251 146 27 0 77 255 26 0 221 239 18 0
    197 87 106 95 183 0 255 255 33 0 135 153 17 169 0 37 50 88 76 249 66
    60 255 255 0 234 98 255 136 0 188 255 4 0 0 140 0 164 42 48 33 181
    25 190 222 185 255 200 158 60 146 90 217 0 0 35 0 227 0 0 12 132 131
    255 48 197 170 166 249 35 140 35 124 171 255 2 162 45 41 118 0 197
    160 255 255 0 0 9 213 0 0 244 60 0 222 253 207 68 122 141 118 109
    124 255 0 239 255 238 94 255 255 48 255 35 2 255 255 242 161 255 0
    203 127 74 224 0 250 218 255 158 0 247 255 255 255 69 17 255 236 255
    0 0 64 72 0 246 90 227 238 255 117 20 199 9 243 22 160 0 45 4 255
    255 212 255 255 51 130 255 14 255 0 93 255 255 75 154 255 254 155 2
    0 64 94 93 224 255 255 186 237 16 19 36 175 168 255 255 146 255 77 0
    151 0 41 157 0 255 96 127 255 0 185 7 167 0 33 34 255 255 0 98 1 157
    185 17 0 0 225 250 0 0 182 0 109 44 128 255 9 136 238 124 219 255
    238 0 221 0 139 106 0 58 49 0 152 0 240 22 0 43 57 103 13 245 160 3
    107 0 153 139 177 245 100 0 181 71 208 245 147 0 0 255 255 255 99
    144 65 0 0 0 0 255 255 143 255 39 160 0 255 255 0 175 133 0 255 224
    0 202 255 132 49 255 126 112 0 46 255 20 204 0 255 0 255 218 148 143
    255 255 111 0 255 160 0 39 184 194 36 217 156 20 255 0 1 154 166 255
    102 0 138 255 0 121 255 0 187 255 255 51 0 102 51 173 126 255 255 55
    91 75 0 0 121 0 136 35 255 255 98 0 74 41 245 12 217 0 82 64 255 255
    0 219 255 0 216 86 140 10 11 78 40 0 251 84 232 0 223 6 161 68 6 248
    0 208 218 255 0 255 215 0 255 156 239 152 25 255 0 0 0 10 20 5 0 91
    0 255 207 152 255 27 171 255 60 255 255 237 188 203 0 172 171 214 0
    34 73 255 195 0 255 67 0 255 18 0 213 25 0 126 255 255 255 224 255
    255 0 246 16 5 96 255 255 138 255 255 255 125 0 248 0 0 241 176 107
    179 0 0 75 15 244 122 50 25 253 213 253 255 217 0 66 0 0 9 150 110
    28 62 18 255 66 72 255 0 136 21 179 0 173 0 4 255 70 185 77 11 29 29
    251 18 138 12 38 0 116 236 89 255 35 43 241 0 153 243 0 151 255 12
    255 255 53 43 0 201 21 18 55 255 154 230 222 118 90 255 132 111 78
    255 188 0 131 0 83 45 255 0 44 165 236 0 0 255 76 58 255 210 44 0 40
    53 86 244 0 2 202 22 97 0 0 65 215 8 144 172 3 255 0 108 0 113 101
    61 0 168 255 123 67 0 80 210 245 255 0 84 0 92 204 0 221 148 142 0
    122 175 0 245 0 67 226 56 255 245 88 255 0 89 255 255 255 145 255
    205 255 250 39 103 224 247 162 174 0 97 255 95 255 105 0 202 173 250
    0 255 255 255 42 97 50 0 255 0 21 100 189 4 255 0 255 203 74 169 222
    123 236 197 150 0 0 37 176 255 0 255 8 255 158 131 68 234 47 32 100
    130 247 42 3 95 251 255 181 197 222 55 200 42 17 255 0 255 255 0 49
    166 154 255 203 147 189 241 237 178 11 81 255 192 234 213 255 255
    255 121 46 255 49 0 0 133 246 0 31 255 97 194 135 190 110 0 255 0
    234 44 0 208 216 108 239 228 19 0 52 255 0 17 0 97 250 46 0 194 133
    255 255 255 244 255 185 252 23 110 0 0 138 31 0 223 255 116 13 109
    102 125 222 157 142 0 249 227 165 208 255 247 205 207 51 243 255 255
    147 110 231 197 0 203 220 0 50 97 110 0 0 8 222 255 255 164 199 57
    246 19 244 117 178 255 94 252 230 173 254 255 255 35 26 255 205 231
    105 253 148 110 33 237 0 255 0 193 0 52 26 26 0 0 255 251 165 0 188
    0 255 179 73 71 199 201 7 0 0 0 255 0 164 52 174 255 228 255 0 103
    35 13 69 164 21 163 213 103 255 196 69 240 255 219 26 218 83 81 216
    98 255 255 7 168 172 255 255 242 255 0 48 130 3 0 255 255 201 0 27
    114 217 0 206 90 203 54 147 161 46 215 0 234 255 25 53 238 18 0 190
    183 178 123 221 0 0 180 206 176 9 216 70 176 46 78 0 44 5 173 122
    255 255 71 255 255 0 255 0 60 73 0 199 162 19 53 53 0 0 0 255 52 247
    44 0 107 0 255 12 0 16 255 97 33 255 133 116 234 26 202 235 240 43
    183 161 157 241 197 211 134 0 254 26 76 32 83 181 25 177 255 255 126
    160 178 129 78 72 174 250 255 163 100 33 226 127 134 130 0 21 255
    255 255 62 56 0 53 44 104 255 255 95 5 202 232 112 209 104 9 0 255
    45 255 10 189 253 113 29 0 203 76 0 29 119 255 0 167 255 0 162 255
    27 0 135 0 18 13 0 27 0 255 63 122 201 142 255 255 172 4 122 9 0 47
    0 255 245 0 173 175 211 107 195 202 131 180 251 255 255 171 38 222
    115 192 172 0 189 155 0 0 208 225 0 6 255 59 255 255 23 122 203 255
    242 158 48 0 178 140 177 0 150 41 182 0 0 66 0 78 255 164 255 213
    152 255 6 255 255 255 104 136 196 45 110 187 255 62 0 0 255 165 49
    255 255 185 78 180 154 140 0 151 0 109 75 133 71 0 255 109 120 166
    255 65 119 255 5 17 64 0 0 144 255 75 0 76 176 12 111 145 195 255
    147 255 216 233 0 255 255 28 221 221 190 0 0 152 99 149 255 94 238
    225 172 0 29 255 255 212 255 255 39 255 121 209 60 21 255 255 255
    201 209 255 164 0 80 66 189 255 255 28 44 64 191 255 255 226 140 255
    162 0 242 33 0 63 208 119 22 222 0 0 138 90 49 255 140 0 183 162 255
    5 154 226 128 0 126 255 255 162 38 255 156 255 255 34 255 201 0 141
    121 233 168 74 223 255 255 16 193 210 255 157 142 255 7 143 243 0 0
    252 70 124 192 255 99 241 60 244 248 0 255 210 166 28 57 238 255 127
    171 153 46 15 0 32 0 197 166 0 0 0 232 31 0 204 11 149 0 0 58 0 181
    255 45 199 255 0 0 227 15 0 0 255 0 0 0 229 31 251 199 0 236 255 179
    16 255 162 97 255 99 0 0 128 0 0 180 36 115 202 0 0 72 21 252 202 0
    93 164 115 255 88 16 251 22 54 247 61 40 3 255 222 255 88 3 90 90 0
    255 73 183 255 139 142 255 201 255 255 255 95 10 180 97 217 0 24 0
    36 56 44 255 255 11 255 0 45 9 255 3 64 32 143 237 100 255 100 96
    205 222 69 246 0 97 0 108 32 255 89 254 255 255 255 186 250 255 127
    123 196 213 121 136 175 255 29 130 143 0 0 103 75 255 0 255 248 148
    194 252 255 21 0 220 0 67 119 101 0 84 204 35 175 13 0 255 255 132
    255 192 217 0 0 209 6 6 0 0 125 255 54 0 40 202 255 22 88 110 0 66
    179 7 153 144 255 255 147 2 2 120 0 35 174 98 42 46 66 224 76 22 73
    157 0 255 46 255 182 0 213 247 20 0 220 57 23 206 26 81 200 31 225
    255 255 73 91 0 255 69 0 0 255 199 45 0 118 16 65 103 0 252 0 61 240
    255 0 118 255 167 12 74 132 0 226 0 101 116 217 8 130 241 255 207
    119 255 17 22 255 238 230 249 0 0 49 222 255 51 131 26 255 20 127
    162 216 115 214 66 0 255 22 54 56 63 0 245 229 255 188 255 255 112
    80 255 0 255 14 255 192 133 125 79 65 43 157 42 186 20 0 66 255 194
    0 115 0 211 200 235 78 255 255 232 255 255 244 107 46 255 255 5 239
    231 100 255 187 0 192 175 108 255 52 98 223 236 255 255 255 255 0 64
    202 20 96 255 0 8 0 250 0 0 165 255 255 106 171 255 219 255 105 255
    178 108 58 255 202 186 0 255 45 255 229 255 178 133 16 220 0 74 49 0
    0 0 18 0 255 96 178 255 215 255 0 67 0 37 183 255 78 196 255 0 245 9
    100 249 105 47 255 255 0 0 53 219 255 209 255 243 129 0 255 53 255
    210 175 7 146 255 0 95 16 115 40 36 255 112 39 255 35 30 218 0 200
    182 255 236 111 255 255 11 255 0 157 0 255 0 0 10 255 255 255 236 99
    162 162 0 190 79 63 36 154 109 255 255 0 255 255 109 105 42 69 0 0 0
    50 0 161 253 0 255 157 255 166 254 255 106 236 0 52 223 15 136 255 0
    170 173 228 116 255 0 255 131 0 121 190 0 255 255 0 10 45 0 0 0 0 0
    5 254 148 0 0 180 250 172 221 158 255 0 240 244 0 255 0 143 110 32
    108 252 255 255 0 127 30 245 42 105 97 152 28 240 161 97 255 0 47 0
    97 49 180 0 152 0 0 31 238 0 255 76 218 10 255 195 255 255 0 144 101
    0 14 99 255 255 0 245 243 224 0 159 94 0 219 255 130 130 0 255 255
    213 11 0 255 255 180 200 164 174 46 200 169 27 0 184 85 245 56 18
    255 242 109 138 0 0 19 220 255 237 73 0 28 103 47 114 112 165 21 255
    169 171 8 43 255 255 178 36 49 0 55 3 30 255 155 0 136 255 201 0 0
    202 0 0 198 73 160 0 18 0 38 0 90 97 113 0 203 114 0 255 255 255 250
    0 103 239 0 255 0 211 255 255 255 212 199 190 52 67 255 255 255 0 0
    255 162 255 233 50 41 51 111 0 255 255 86 0 90 13 78 255 215 137 241
    255 152 12 29 168 218 65 0 255 233 198 255 66 255 126 255 55 254 126
    200 0 0 203 207 255 255 0 0 13 10 255 235 0 255 202 0 0 6 42 134 124
    80 119 103 255 24 230 255 83 56 225 197 0 255 130 255 58 14 19 50 0
    89 0 141 255 9 255 127 0 0 0 0 36 110 116 118 183 255 120 229 209 16
    234 255 164 99 182 0 41 211 255 50 89 200 255 255 174 255 0 190 168
    255 255 75 255 243 255 51 191 49 0 0 0 0 124 65 141 12 99 255 255 0
    255 0 255 249 194 255 255 33 0 0 214 88 255 9 255 0 27 25 53 245 255
    53 14 0 233 48 233 0 255 229 173 7 255 255 183 0 132 70 102 92 80
    211 255 109 150 138 7 0 43 0 136 143 255 0 142 23 159 48 191 36 127
    0 255 182 0 0 188 78 0 217 188 194 255 99 255 102 185 6 0 255 0 255
    213 255 23 25 255 0 95 143 23 196 0 177 52 82 173 168 44 53 22 12 48
    255 142 26 157 31 98 14 42 0 73 1 255 0 109 111 255 0 0 136 105 79
    58 238 0 0 191 178 249 255 17 194 255 201 0 255 135 12 0 162 245 255
    255 135 255 230 204 162 0 0 0 0 177 223 0 189 0 255 202 255 252 119
    198 255 141 60 176 138 255 255 0 0 22 129 88 168 113 90 215 201 0
    255 60 0 101 0 228 42 53 255 132 88 203 161 138 255 255 202 255 207
    250 0 0 251 0 0 0 240 0 0 117 0 126 43 71 196 239 224 112 237 255 74
    0 106 84 82 70 160 216 98 0 17 255 0 255 0 137 212 10 0 100 255 0
    255 137 100 33 0 145 255 0 255 22 191 0 0 0 255 0 205 255 152 11 19
    237 0 255 172 248 3 55 255 75 152 255 168 0 0 34 94 255 82 177 135
    53 255 192 76 182 0 255 126 47 195 255 110 255 207 239 0 255 255 57
    30 255 255 197 8 24 0 217 110 0 37 73 89 0 41 207 0 100 0 217 255 0
    255 72 255 157 255 0 64 84 0 34 240 0 255 0 177 98 54 255 218 0 198
    166 40 0 75 242 255 95 190 255 30 0 6 0 61 141 0 0 187 20 14 175 220
    106 255 0 255 238 255 255 6 32 0 22 255 253 84 225 131 53 255 255
    255 168 255 255 0 246 255 159 135 237 106 188 0 202 65 113 0 126 0
    255 255 0 182 0 110 255 0 133 68 244 225 0 0 0 120 0 255 11 124 216
    255 126 102 58 0 167 0 70 207 216 141 17 36 197 0 255 226 70 255 48
    205 255 82 0 255 0 0 255 0 202 197 0 130 73 161 244 0 178 0 222 0 0
    255 71 206 198 245 1 173 223 0 255 0 0 255 118 155 51 216 0 44 255
    255 42 0 255 52 26 0 0 255 112 0 0 173 57 0 255 0 255 253 209 212
    242 76 45 64 36 0 242 254 157 0 255 35 24 0 255 126 235 18 122 158
    255 255 255 255 136 0 255 107 140 255 44 68 255 0 255 46 1 0 170 0 0
    181 161 183 118 0 255 65 43 0 219 255 210 175 149 0 19 201 43 0 255
    200 9 103 197 255 0 82 255 98 255 114 0 119 255 255 198 56 0 255 48
    128 203 255 157 138 228 111 41 0 8 162 255 90 255 255 114 69 0 0 0
    93 0 0 133 13 255 10 154 255 0 5 151 210 90 157 142 0 78 0 36 255
    255 0 162 0 103 18 0 233 0 231 0 0 188 0 0 29 109 206 95 102 255 58
    255 232 255 255 241 31 255 110 211 255 252 210 82 89 0 224 248 6 172
    37 255 0 28 243 191 0 197 146 255 98 56 0 0 236 181 255 164 100 129
    6 114 203 168 255 255 49 193 105 97 255 124 173 0 0 255 139 0 113
    255 33 255 194 159 255 38 0 0 75 91 255 255 149 99 54 0 56 83 10 0 3
    104 242 23 110 255 16 57 0 0 77 255 86 255 3 129 57 0 9 0 183 17 131
    78 255 188 0 255 0 0 255 178 171 138 15 218 0 255 223 127 0 255 157
    215 138 0 121 255 255 204 0 255 13 193 115 255 0 255 0 10 225 105
    255 0 3 29 254 77 0 255 173 76 0 1 174 255 111 255 132 121 145 153
    203 228 255 255 55 33 177 130 255 243 203 0 100 151 206 255 206 87
    223 76 46 100 0 83 218 0 235 168 223 57 255 83 0 255 226 95 178 14 0
    140 69 247 118 0 142 0 155 94 88 0 105 170 157 5 255 87 44 114 107
    206 0 156 0 0 0 86 255 176 86 222 0 6 69 0 61 230 9 174 0 117 109
    213 255 231 144 255 204 255 168 124 168 235 255 83 134 201 186 0 198
    58 0 32 0 0 65 166 123 156 162 0 33 249 84 84 255 0 0 49 255 33 121
    255 19 56 140 1 75 21 196 204 0 187 137 0 32 186 0 5 210 0 55 45 19
    145 0 17 0 0 0 214 0 164 3 255 249 157 52 125 142 255 175 255 255
    189 224 111 255 216 222 1 55 245 0 169 0 107 18 0 255 71 0 61 255
    207 23 228 68 106 148 255 255 27 0 50 97 191 255 53 206 0 255 0 53
    99 41 0 3 59 99 149 0 250 11 163 114 119 255 196 194 0 224 124 36
    244 226 115 255 255 140 45 255 255 0 237 172 0 5 255 241 255 236 255
    0 162 199 195 0 250 95 0 48 246 191 0 224 144 0 0 0 178 115 175 204
    255 194 0 157 0 131 0 0 247 67 198 126 0 153 161 138 144 130 49 255
    255 255 255 0 230 12 86 51 255 208 187 0 15 238 192 255 186 255 0
    255 255 151 255 32 109 0 255 202 75 24 191 157 220 124 255 29 206 0
    181 255 252 171 101 242 15 255 9 31 255 255 58 0 26 255 0 255 179
    251 106 20 99 0 255 14 0 18 45 255 206 25 188 255 174 80 141 255 96
    59 255 255 168 189 177 0 39 153 111 255 0 0 0 198 73 34 2 0 36 253
    244 231 189 179 255 135 255 115 0 233 255 102 255 0 118 255 87 2 159
    138 96 60 173 177 156 0 199 255 227 245 0 255 38 0 254 0 109 13 222
    29 104 234 138 120 119 177 0 14 103 17 151 35 255 91 53 171 255 255
    19 255 113 0 81 255 255 255 255 169 102 255 0 20 255 0 119 255 255
    246 210 0 255 240 171 255 124 0 68 70 102 255 255 0 0 187 42 7 62
    255 35 85 181 255 0 179 255 6 0 0 0 255 0 169 255 255 45 0 57 109
    156 64 153 252 31 16 0 13 0 143 178 0 255 255 99 208 209 139 16 81
    255 0 252 5 0 114 172 199 251 201 148 255 22 0 0 141 88 0 255 255
    255 255 255 196 84 255 139 22 75 147 0 100 111 201 0 164 0 0 24 134
    50 196 0 255 224 31 255 112 134 240 255 0 217 82 174 180 5 255 255
    223 0 0 255 0 35 17 236 255 205 255 255 255 0 157 255 185 255 0 0
    255 0 255 252 255 96 95 50 175 32 175 255 199 181 202 10 42 165 0
    217 138 0 255 111 133 255 165 78 0 129 255 255 221 0 0 84 0 255 216
    58 0 142 255 244 0 56 0 255 67 150 202 200 0 239 255 232 36 152 0
    255 255 175 152 242 111 255 77 225 0 165 127 155 47 100 223 58 234
    48 255 93 205 69 0 150 172 197 36 255 99 127 49 111 185 255 220 101
    0 42 123 151 140 215 61 240 0 0 255 241 17 255 0 0 17 142 0 0 178
    113 145 0 31 57 190 100 0 225 20 11 27 0 168 0 0 82 8 0 217 237 0 76
    221 206 255 87 151 208 70 7 255 152 0 206 56 117 0 186 0 0 230 0 0 0
    242 42 0 153 101 231 224 255 123 227 4 111 0 255 38 0 161 223 0 242
    143 202 0 174 74 99 223 212 255 172 0 255 0 255 98 36 245 193 109 49
    0 152 33 35 255 255 0 255 182 33 255 216 0 180 224 255 0 73 114 52 0
    0 94 0 181 197 0 255 0 0 255 255 52 38 14 251 255 199 0 255 19 0 153
    62 0 241 0 131 255 0 0 255 111 219 231 76 0 204 68 0 255 128 107 15
    86 0 112 101 3 130 120 137 197 47 255 158 47 0 33 239 255 255 160 0
    88 208 255 56 158 255 255 255 0 0 186 44 64 36 249 1 103 206 171 129
    255 63 112 46 59 30 70 210 255 22 235 121 0 197 20 0 38 255 0 237
    101 116 0 158 0 131 218 0 191 235 45 0 0 0 0 41 255 0 56 136 195 163
    57 67 132 100 255 16 43 120 59 247 237 255 143 255 0 0 248 220 106
    153 255 221 122 64 0 150 0 122 0 154 255 73 255 54 55 100 120 46 255
    13 104 255 106 50 0 0 0 145 0 224 187 0 11 34 0 255 255 241 168 68
    191 109 3 0 134 97 183 0 127 78 0 142 196 0 103 255 255 145 75 96 89
    255 6 37 109 240 0 5 5 0 0 91 0 230 0 238 0 224 119 92 60 0 0 42 144
    18 177 2 118 0 25 5 138 81 87 182 125 123 220 137 36 255 255 0 255
    147 255 3 199 255 0 0 134 16 224 3 90 255 168 255 23 255 253 217 190
    0 0 251 99 160 52 228 80 161 155 0 0 158 99 0 255 185 0 0 206 0 16
    231 0 148 228 223 135 242 111 255 255 0 168 165 0 233 186 255 0 255
    35 157 21 86 68 0 116 0 50 147 255 0 140 22 116 225 79 53 255 193
    255 255 255 245 109 234 255 108 0 0 140 21 138 236 50 48 165 11 255
    0 253 111 62 216 5 0 218 12 0 0 39 65 37 191 178 0 49 119 255 0 0
    255 52 0 171 255 23 255 255 29 141 132 241 0 120 131 255 88 0 255
    255 14 3 78 0 255 255 255 255 251 255 0 255 18 8 72 0 255 255 50 126
    255 138 96 150 0 12 145 255 0 43 74 239 191 191 184 114 255 9 120
    107 0 123 204 213 150 255 16 0 0 0 5 75 216 60 5 188 75 93 135 0 5
    255 78 54 242 187 0 204 0 160 211 143 9 248 255 15 216 3 13 58 255 0
    228 159 0 17 192 255 255 0 4 4 94 243 0 255 255 141 255 0 255 170 0
    77 0 133 255 255 58 204 255 252 0 0 44 0 0 255 187 0 75 32 255 255
    167 107 249 255 143 20 2 232 0 255 0 147 0 212 132 198 255 255 199
    60 172 197 16 193 255 41 53 43 255 0 186 205 95 175 100 63 168 255
    159 0 0 146 188 52 49 151 232 0 25 255 0 255 228 0 244 255 210 1 223
    63 105 250 37 0 255 98 210 98 0 21 100 55 128 120 6 0 0 16 199 45
    255 255 148 153 255 70 193 1 255 0 208 0 1 255 86 159 55 0 95 34 238
    21 195 255 255 0 129 75 217 131 108 255 21 255 241 229 255 82 255 0
    0 10 27 254 255 0 172 21 9 0 192 53 157 130 255 255 255 110 193 72
    148 0 222 255 209 2 170 89 255 255 199 81 189 104 226 0 0 0 126 193
    66 0 0 51 118 186 255 247 164 0 255 255 91 221 64 255 0 254 255 88
    246 217 0 64 112 162 48 143 0 206 115 237 125 255 63 255 72 204 121
    154 194 246 255 255 0 137 122 0 61 0 255 78 255 58 0 222 0 146 50
    115 19 158 142 194 23 202 255 59 255 255 84 0 187 255 239 209 123
    235 52 72 89 68 255 225 150 216 255 127 247 84 144 255 0 104 202 255
    0 30 255 226 255 171 255 145 0 220 176 140 3 161 201 238 255 255 149
    67 213 0 128 255 255 3 4 221 255 19 176 0 0 6 173 0 241 176 0 141 0
    145 255 255 241 0 255 0 86 255 196 72 136 172 47 7 20 46 85 200 0 5
    205 140 0 255 52 246 121 255 31 255 56 16 87 140 151 57 0 37 42 57
    222 255 0 186 142 243 255 151 12 255 218 87 14 218 110 255 118 12 41
    35 0 150 0 105 0 43 255 255 208 0 255 17 0 204 9 61 255 239 255 0
    255 164 255 0 223 0 14 136 0 0 142 0 144 14 255 10 35 130 1 246 151
    154 255 255 255 0 251 0 255 38 199 12 237 129 0 0 196 255 255 0 128
    0 46 177 222 179 255 68 78 6 119 3 162 255 255 66 255 209 9 228 46
    80 50 40 0 178 0 126 53 255 0 255 176 40 35 255 248 159 4 0 255 252
    0 168 98 136 128 99 255 0 0 3 15 255 138 255 73 118 149 108 3 255 69
    53 0 210 255 255 0 255 0 18 0 255 155 119 0 22 250 0 215 87 0 26 255
    224 130 37 255 186 0 0 90 255 0 214 0 0 255 207 197 189 252 0 106
    255 227 0 255 0 120 70 22 19 255 154 31 186 0 248 255 255 62 205 146
    255 162 255 229 0 222 186 255 0 121 0 208 0 165 30 108 0 226 19 255
    137 7 0 0 255 0 18 136 0 255 207 51 9 255 251 100 0 29 106 229 0 88
    71 41 97 255 28 0 255 0 0 255 103 0 0 255 255 0 50 141 0 0 255 0 51
    255 0 175 100 112 255 0 97 0 220 255 0 255 9 255 54 105 179 195 6
    183 225 90 255 0 0 250 255 219 0 255 8 0 133 0 0 0 124 255 246 175
    21 233 46 0 39 0 0 255 125 255 178 0 255 0 118 30 49 240 2 123 255 0
    255 255 255 128 111 179 239 103 49 255 0 1 140 96 225 89 120 195 229
    157 190 255 0 81 255 255 213 54 177 0 0 244 35 30 255 220 86 135 77
    1 255 255 255 9 232 255 16 210 197 102 255 108 210 172 252 182 181
    255 255 214 255 204 41 0 214 25 0 210 165 182 78 0 234 0 255 0 0 0
    227 107 57 255 45 255 250 0 226 124 255 0 190 116 255 72 239 251 0 0
    255 121 255 255 208 244 11 0 223 255 95 248 255 85 255 166 255 0 137
    72 0 223 0 204 23 248 225 2 67 255 214 255 255 196 78 201 100 7 0 0
    249 0 5 0 0 123 255 255 142 189 255 124 255 255 0 131 255 0 27 255
    61 106 178 60 36 82 250 103 37 86 150 212 72 63 17 0 0 0 82 167 115
    200 255 236 94 0 236 122 255 0 14 0 250 172 0 24 150 255 209 255 255
    165 255 77 14 0 0 255 146 0 255 150 42 169 75 0 214 110 195 0 161 0
    30 150 250 149 31 203 255 0 11 0 0 255 0 249 136 250 39 0 0 13 197 0
    0 0 133 200 174 133 165 255 255 0 113 220 255 185 255 227 23 255 255
    0 124 121 167 0 0 0 17 0 218 0 141 109 137 255 255 0 255 201 255 50
    25 104 255 105 52 106 233 41 0 0 206 254 250 163 161 26 183 247 161
    122 0 255 173 0 92 255 71 213 205 78 241 255 42 0 38 0 120 0 255 202
    148 20 28 0 0 0 0 84 113 232 0 144 255 189 0 232 151 87 255 0 0 255
    76 26 30 122 190 0 196 47 19 25 255 202 0 177 0 212 255 137 140 42
    255 147 0 255 79 255 134 0 248 0 115 190 48 255 185 20 63 128 255
    255 0 57 54 0 51 196 47 0 0 175 255 186 158 255 182 208 203 106 170
    255 220 77 221 90 177 255 0 130 255 6 23 255 83 171 97 147 69 255
    176 207 218 240 186 255 150 0 118 0 255 16 0 251 0 255 230 255 238
    255 192 255 255 255 255 255 12 97 10 119 39 255 126 9 146 106 103 0
    124 0 255 219 96 160 74 255 139 0 154 255 160 98 0 182 255 0 59 99 0
    0 189 225 0 0 209 163 2 25 191 14 255 255 176 255 164 0 114 255 223
    255 246 255 0 96 161 69 146 33 0 179 130 0 141 0 255 237 161 113 14
    0 255 0 90 209 0 36 254 207 5 164 142 216 33 118 70 0 105 234 228 67
    232 255 251 93 198 0 108 202 255 54 243 0 76 15 63 255 157 237 39
    255 255 2 95 47 42 209 121 148 255 0 190 225 255 68 255 0 76 57 0 90
    255 255 3 0 192 12 207 0 255 222 0 255 128 202 255 244 252 121 0 157
    203 236 137 229 136 241 122 84 0 73 0 0 255 255 77 255 23 235 255 43
    124 53 149 1 0 198 255 185 219 179 112 57 44 79 181 29 255 255 255
    36 63 255 26 172 185 255 158 102 255 112 224 148 10 61 21 0 120 59
    16 212 79 0 69 0 96 236 0 0 184 249 150 140 255 136 76 235 138 228
    136 88 207 220 16 255 49 209 166 216 255 144 249 255 255 70 212 186
    108 150 255 255 89 61 255 132 255 6 78 82 111 84 224 95 233 3 255
    244 47 245 255 148 210 0 252 48 111 0 61 131 0 101 113 138 89 31 129
    163 255 157 255 255 34 225 255 103 41 255 75 65 69 0 241 255 71 92
    255 0 182 255 173 0 96 169 227 184 131 252 37 195 199 28 167 255 1
    109 0 240 79 120 27 219 43 57 192 255 0 175 156 0 15 255 232 255 46
    124 0 72 139 0 225 113 23 56 38 0 21 255 157 72 255 221 255 153 96
    65 147 0 195 35 0 119 255 194 255 255 209 247 34 255 0 0 255 99 83
    131 42 63 19 62 105 69 0 57 239 0 246 0 26 84 121 99 75 81 75 170
    255 255 167 248 152 94 140 33 228 243 0 0 48 5 106 158 96 146 0 74 0
    201 227 165 189 0 81 0 0 180 35 229 0 173 119 136 83 235 0 0 25 9
    255 231 217 105 251 33 0 0 27 127 150 0 99 138 229 229 255 34 64 255
    255 181 233 65 0 208 155 0 255 255 84 93 253 209 0 255 65 255 165
    128 40 101 0 255 39 143 255 124 130 255 208 204 232 20 109 60 142
    192 0 85 0 255 0 0 255 101 201 255 246 212 255 130 109 20 254 0 255
    160 100 0 35 83 0 253 255 255 116 194 0 56 167 13 23 48 124 0 146 16
    186 31 255 203 145 249 37 255 140 120 0 198 73 255 228 176 3 179 0 0
    169 38 101 84 255 255 255 212 0 247 255 106 0 17 255 6 4 0 90 202
    255 0 255 221 255 0 0 6 82 131 200 229 211 190 28 51 0 250 255 255
    255 0 194 151 141 186 16 158 158 210 29 0 180 255 129 139 0 165 255
    0 255 167 203 240 131 217 70 255 255 228 169 37 143 200 0 108 27 0 0
    28 0 255 218 205 154 233 0 36 66 255 172 0 0 20 230 0 149 178 117
    245 230 128 106 65 39 143 94 245 255 255 93 235 255 0 231 242 255
    200 19 255 255 255 148 0 255 0 34 54 11 10 124 255 255 37 58 0 0 155
    0 16 23 0 255 215 255 255 255 237 202 91 255 255 99 194 0 32 153 0
    208 44 255 224 118 255 255 0 0 106 87 93 18 0 70 208 235 0 120 21
    173 157 241 255 216 255 72 0 58 191 255 255 213 120 0 50 168 0 172
    255 134 104 196 154 0 0 51 202 132 254 255 0 87 255 0 255 143 0 5 0
    0 230 154 197 9 110 198 255 0 56 255 205 64 40 216 0 29 134 176 83
    36 43 214 27 14 0 255 127 48 255 121 61 0 255 236 0 83 0 165 88 223
    255 0 48 255 148 238 158 0 0 0 104 11 0 155 137 255 255 241 24 226 0
    121 166 255 255 0 97 218 255 255 50 0 172 0 0 204 32 224 195 255 117
    27 147 0 255 0 255 119 85 239 0 255 223 255 221 38 109 0 8 0 255 0
    255 48 255 0 165 255 29 151 0 255 108 0 52 0 113 110 115 255 168 0 5
    167 89 0 11 184 255 19 0 255 50 0 235 220 60 0 20 200 29 177 255 95
    161 255 159 202 255 255 75 0 14 69 255 0 255 255 51 87 39 128 255
    208 7 149 255 244 231 185 255 0 65 0 177 112 179 131 0 0 63 0 110
    200 191 127 255 91 175 154 255 255 255 0 180 84 229 0 204 229 90 164
    215 0 0 227 10 0 0 232 255 255 0 4 255 0 233 222 107 137 20 255 0 37
    180 0 255 197 111 255 75 133 255 0 240 161 170 50 40 81 142 228 45
    255 232 208 0 255 122 0 20 167 68 255 38 0 139 80 135 0 255 168 255
    238 15 255 25 180 0 255 255 255 0 205 254 32 195 0 0 233 227 185 199
    0 0 0 54 236 255 9 184 249 233 109 223 107 74 90 255 16 80 164 146
    84 177 184 142 0 151 255 255 52 246 255 119 77 199 0 88 60 42 75 255
    219 53 255 0 201 4 166 13 117 238 125 226 0 255 206 0 255 0 29 227
    255 255 114 71 0 107 123 41 0 255 88 0 255 33 80 2 112 0 183 122 18
    53 20 0 173 0 253 215 116 0 86 60 61 136 255 255 0 255 206 115 93
    242 235 0 0 0 0 15 105 144 219 183 0 193 0 38 120 124 62 0 59 237 84
    154 200 133 196 0 128 0 163 255 58 255 255 105 255 246 0 0 88 194 0
    255 229 255 152 223 62 0 229 94 255 179 85 0 90 255 155 0 77 144 79
    96 0 183 168 161 0 255 111 150 255 147 255 0 0 249 3 56 0 160 185 57
    145 255 204 0 253 255 205 132 243 212 255 190 140 18 192 28 153 110
    0 255 186 0 255 0 50 250 0 0 0 0 32 2 144 19 255 101 131 195 246 181
    255 0 0 207 255 46 223 164 225 209 170 255 33 84 255 0 231 140 238
    164 55 21 255 117 216 255 135 203 255 221 120 235 107 188 166 255 60
    237 0 81 46 50 118 170 0 2 0 132 198 239 255 99 216 98 125 230 107
    237 218 161 92 255 0 242 0 0 255 0 202 255 183 116 180 55 164 246
    242 63 251 154 255 0 58 141 255 75 255 255 121 186 255 72 187 49 98
    255 255 69 234 140 10 54 43 0 191 252 16 255 94 255 75 202 105 160
    255 0 240 243 42 191 109 46 155 149 157 0 167 255 0 14 236 0 255 12
    255 54 178 13 87 255 104 255 255 0 255 255 55 8 202 237 123 58 74 0
    255 154 0 0 0 255 255 0 248 0 0 0 255 0 0 255 8 195 0 73 78 40 62 95
    169 4 255 215 39 140 255 255 0 185 255 255 228 235 74 255 159 218
    142 240 51 225 204 255 255 0 139 255 185 230 233 106 120 255 134 255
    255 61 0 201 25 255 16 145 182 77 255 95 121 0 201 104 172 46 112
    251 184 120 255 107 255 228 104 0 82 56 203 14 0 196 16 85 0 182 136
    155 255 255 0 173 186 0 234 11 255 255 220 255 151 0 255 136 183 50
    53 21 156 249 0 255 4 0 43 255 129 255 171 0 24 203 255 255 14 118
    152 0 103 47 3 0 0 156 0 31 36 255 0 35 124 186 30 201 255 255 171
    255 255 212 195 114 188 255 102 229 85 0 255 207 105 140 0 75 255 0
    174 14 218 0 255 78 255 238 0 21 0 250 0 200 0 42 244 215 255 0 255
    159 163 0 54 89 253 0 179 190 255 100 160 255 248 248 255 0 153 182
    121 198 0 103 189 123 127 4 153 255 0 0 135 107 255 25 242 71 0 165
    178 0 176 231 249 0 209 254 46 255 244 12 180 0 110 84 26 0 199 255
    85 255 178 206 89 214 255 0 0 183 191 25 0 255 255 255 196 205 0 255
    233 116 154 0 97 89 190 47 183 254 4 130 0 164 50 195 86 0 21 0 221
    255 122 0 226 255 117 0 255 76 173 134 122 101 138 0 210 254 154 49
    3 106 148 255 155 0 0 72 120 205 223 255 80 85 224 0 92 209 0 152 47
    104 253 50 123 255 255 211 141 127 70 53 196 137 234 141 227 91 34 0
    60 189 123 206 255 9 122 255 0 7 28 120 119 136 184 22 154 235 108
    227 174 0 255 214 174 0 0 244 203 0 255 129 0 46 175 255 0 144 255 0
    105 31 21 11 229 0 0 255 4 0 72 0 0 173 141 24 114 67 233 0 117 255
    161 255 107 222 168 19 135 17 76 248 255 255 138 141 66 154 0 12 88
    0 138 255 0 117 255 61 124 200 255 115 89 0 213 1 255 255 0 69 149 0
    0 92 188 0 0 60 255 255 66 255 255 255 18 251 0 161 27 46 255 91 134
    0 109 242 155 0 0 184 114 107 50 205 255 0 47 255 255 111 0 64 148
    102 255 0 252 67 255 0 93 184 0 255 104 255 9 0 10 191 255 130 21 60
    0 255 186 231 0 163 0 255 82 148 255 255 128 52 255 0 0 255 136 241
    255 193 105 255 0 227 180 181 60 0 0 183 255 35 224 193 0 0 39 103
    115 153 0 136 43 104 0 178 122 191 123 173 255 0 255 0 0 174 244 33
    0 255 134 190 38 255 0 255 255 212 21 164 167 28 0 164 150 0 0 71
    164 255 255 236 56 179 235 29 205 0 255 135 163 139 0 132 193 24 0
    104 89 255 0 167 0 255 255 149 191 215 213 37 255 101 0 6 0 0 0 153
    61 41 0 255 194 0 249 195 81 131 118 255 0 255 192 213 0 107 255 187
    239 60 255 180 139 111 202 0 255 173 26 80 26 255 29 0 184 238 17 39
    0 213 218 213 50 0 188 79 0 254 0 0 255 133 139 128 178 255 0 0 129
    117 255 126 52 218 43 0 255 183 102 255 130 241 255 0 211 143 211
    171 0 51 35 6 243 41 207 82 128 196 56 255 56 102 255 255 206 191 0
    144 0 45 32 55 255 161 179 219 183 61 122 156 77 0 255 74 0 255 135
    32 11 167 134 0 196 226 217 244 139 255 144 58 140 65 92 53 47 78
    255 255 219 121 255 153 41 235 112 241 253 17 252 233 168 133 211
    255 100 255 255 215 255 0 49 183 0 57 0 41 255 0 0 32 255 178 124
    174 146 65 255 255 175 255 255 116 22 83 255 0 233 4 198 158 58 0
    255 248 255 255 216 255 255 40 51 0 255 0 0 213 222 110 255 0 255
    255 255 152 52 94 0 51 255 0 255 255 90 255 232 216 255 32 44 255
    205 35 52 111 0 166 139 202 180 255 69 200 255 82 15 255 255 255 0
    126 85 109 53 162 213 104 0 149 0 0 169 160 189 37 49 205 0 86 57 44
    255 143 80 213 0 255 127 0 127 69 200 210 106 0 138 158 30 0 173 255
    0 86 0 255 255 99 241 220 54 211 255 33 153 232 188 45 0 125 255 71
    107 126 255 181 0 84 0 169 171 249 35 95 0 18 255 125 247 103 191 0
    255 255 221 0 255 255 160 0 0 1 31 14 115 255 24 0 99 128 50 13 0
    255 199 0 255 149 92 0 43 0 220 0 158 51 131 78 93 217 113 245 149
    126 255 0 226 255 0 0 199 89 235 16 115 255 78 53 160 204 251 255 37
    255 0 0 166 251 178 255 154 31 84 255 161 123 47 0 243 101 33 70 0
    159 255 239 0 58 86 12 139 0 0 255 169 124 168 131 94 174 85 134 211
    143 28 177 0 255 240 255 226 121 195 255 0 76 0 241 242 204 56 112
    104 0 255 255 65 255 133 23 0 97 194 161 179 255 0 83 36 255 155 255
    182 69 149 243 255 165 255 145 0 224 221 0 0 38 0 85 123 116 255 190
    0 87 56 34 0 54 151 0 255 199 16 0 0 15 84 131 26 128 0 255 240 32
    126 0 66 245 213 0 71 0 113 0 120 240 52 136 29 195 185 47 176 166
    224 35 0 0 0 17 124 86 201 255 216 255 255 0 227 152 150 111 0 255 0
    29 69 157 113 0 187 0 107 127 0 255 237 28 0 0 255 0 19 231 0 0 161
    133 0 233 229 255 0 225 139 0 255 0 228 8 200 66 255 209 219 149 255
    22 76 122 97 255 255 0 255 137 109 29 221 186 93 0 255 255 0 0 255
    179 184 41 79 203 41 151 169 199 105 0 7 177 13 181 95 255 0 212 63
    255 0 0 90 243 165 186 115 0 0 255 125 255 117 181 0 144 72 255 0
    183 255 255 255 42 255 0 0 255 39 245 255 230 0 0 165 255 0 195 0 0
    163 0 255 187 0 127 249 0 66 255 118 176 98 0 155 64 51 104 0 122
    114 250 255 255 255 176 53 61 255 0 0 43 59 249 38 255 0 255 20 102
    245 197 54 255 255 0 255 191 218 62 168 255 78 87 255 130 0 105 166
    255 180 182 211 250 43 51 0 255 58 192 108 0 189 0 33 255 74 0 31
    255 2 255 210 154 156 69 233 130 0 191 0 190 0 28 169 255 13 5 221
    140 214 245 222 116 136 0 189 164 122 28 255 118 30 179 255 0 0 255
    24 0 62 0 16 255 125 0 0 143 0 43 197 74 61 209 255 246 7 255 255
    220 119 0 255 97 86 0 191 255 149 138 55 255 0 159 155 180 51 255
    161 0 221 84 175 0 240 187 255 31 255 255 0 93 211 187 0 0 126 23 92
    245 168 0 178 195 188 164 0 0 222 249 255 0 117 65 164 255 94 255
    255 0 89 146 255 132 255 74 0 0 199 102 255 199 243 255 255 229 84
    240 0 57 255 189 34 206 0 0 116 130 255 255 255 27 91 151 166 13 10
    255 0 0 238 65 100 220 49 255 63 255 0 0 67 57 75 17 255 102 13 212
    11 100 96 0 58 182 255 129 0 3 255 98 15 24 255 255 167 41 20 248 13
    59 152 113 0 112 255 80 0 0 120 255 34 129 255 255 212 214 12 99 247
    168 26 197 182 236 205 71 11 1 255 182 192 195 163 255 82 0 0 37 39
    174 0 30 38 191 216 63 13 180 79 208 0 0 248 149 96 0 154 0 255 90 0
    0 178 255 255 0 255 233 255 255 80 247 198 137 255 255 0 0 152 21 38
    182 0 139 235 20 147 176 236 120 194 208 255 161 171 181 103 255 209
    0 85 238 0 50 0 255 168 246 203 10 255 226 104 185 255 255 58 245
    255 255 213 0 157 0 0 163 0 0 249 164 151 0 25 165 221 0 0 247 40 77
    0 255 106 76 255 222 214 0 72 0 0 80 69 0 255 255 251 167 229 255 51
    58 152 110 0 0 255 255 163 30 12 255 106 111 204 134 255 82 0 112 0
    157 246 0 217 0 71 255 255 113 255 222 255 241 255 255 0 194 255 239
    127 239 92 0 239 212 2 255 148 182 212 195 179 107 249 255 255 171 0
    255 0 0 0 255 255 26 142 101 159 148 91 108 183 255 255 0 3 13 176
    252 0 0 0 168 137 255 191 247 93 55 25 52 205 180 165 79 79 155 255
    0 0 215 155 144 255 87 0 71 87 190 56 255 43 0 234 0 66 0 98 102 173
    187 0 143 73 184 0 101 150 222 68 41 255 2 255 255 168 76 0 0 249
    107 55 228 249 255 255 0 49 213 108 188 99 0 0 194 220 209 227 110
    255 231 0 21 193 0 255 201 45 44 28 206 239 121 0 4 255 70 255 172
    255 20 160 255 178 71 255 124 79 0 178 12 251 0 134 0 72 174 202 232
    91 134 134 106 123 11 255 128 255 189 44 254 0 171 192 2 0 255 0 214
    255 255 0 223 227 244 255 0 0 141 0 63 0 242 255 105 42 214 172 2
    255 19 0 250 145 131 255 218 206 0 255 223 9 162 98 0 40 203 32 175
    162 0 218 0 169 255 255 44 78 21 0 252 125 64 250 0 153 174 68 255
    52 77 110 46 135 16 255 4 173 244 255 255 255 245 255 255 0 139 0 9
    92 0 255 0 255 255 124 252 0 144 222 255 72 255 38 206 197 255 244
    255 83 190 13 255 110 255 255 148 7 0 159 93 0 193 37 0 170 36 62 9
    148 172 109 255 190 255 255 247 76 138 0 0 0 142 255 60 0 70 108 1
    97 255 116 255 9 217 76 0 170 255 255 0 250 109 0 215 160 98 92 57
    255 0 180 0 10 14 66 189 194 0 1 125 96 39 94 255 194 35 255 109 0
    30 37 96 167 177 184 46 18 255 51 255 0 252 250 0 119 255 255 255
    232 255 239 255 217 0 54 7 7 94 255 197 151 255 91 255 96 146 255 16
    212 38 0 255 181 148 111 255 81 255 172 113 0 205 39 189 0 253 29
    107 179 207 255 255 71 28 255 0 255 122 23 0 0 246 0 255 255 49 219
    38 19 138 119 99 45 162 255 122 71 247 255 255 195 255 255 0 204 239
    0 205 0 0 255 250 66 127 71 193 214 145 15 240 71 170 25 103 255 221
    115 60 195 0 255 0 0 255 0 255 160 54 255 138 8 37 216 212 138 140
    23 122 167 134 0 0 0 136 125 60 70 0 11 141 42 78 200 229 77 189 147
    0 255 219 255 255 202 255 143 193 255 0 30 114 0 215 254 194 227 134
    255 162 255 23 148 249 228 255 247 196 49 0 0 117 20 218 255 170 255
    173 22 0 101 0 183 0 0 255 0 39 255 166 72 3 143 155 90 187 173 161
    243 205 146 143 165 255 164 242 28 255 0 0 146 0 255 63 0 0 218 255
    167 77 69 255 231 0 255 255 255 0 0 255 0 66 206 204 255 0 0 255 0
    63 0 93 135 0 255 55 79 217 0 63 73 255 61 255 255 255 255 0 95 185
    255 0 189 103 184 0 0 119 0 207 255 208 19 0 108 157 173 0 216 139 0
    48 0 0 50 0 110 29 107 35 129 73 104 0 255 80 255 76 89 172 0 0 255
    202 0 88 255 26 168 0 122 133 219 255 0 220 255 32 229 101 111 25
    252 0 154 18 216 255 0 255 178 255 21 194 255 0 90 160 213 137 255
    88 194 168 250 251 196 66 36 255 162 0 217 167 27 255 255 64 208 0
    39 0 132 255 56 30 30 248 197 63 116 155 172 236 213 255 48 72 48 20
    22 200 67 178 255 247 254 255 55 255 171 0 49 145 37 176 255 180 78
    255 73 158 234 0 209 248 255 0 30 248 0 255 200 210 111 153 255 205
    99 255 0 84 255 255 0 94 152 0 110 255 255 43 249 255 185 4 225 50 0
    15 0 121 255 22 0 0 94 247 72 0 255 255 140 0 99 61 255 255 187 190
    108 221 93 137 224 154 9 210 247 31 253 165 37 12 36 0 171 255 255
    255 8 18 226 154 37 48 1 20 255 208 0 155 255 255 251 83 87 179 55
    27 110 0 0 0 255 146 73 100 183 220 0 26 226 0 38 243 169 0 9 37 24
    0 255 0 182 171 255 255 79 255 228 115 0 210 255 217 216 47 120 149
    0 172 195 90 255 81 53 146 203 50 255 87 245 108 88 43 0 255 192 0
    253 160 0 122 0 22 223 255 44 0 255 127 255 50 111 127 199 205 17
    180 169 255 93 255 0 0 74 0 167 50 255 182 74 118 255 255 255 174
    211 45 138 176 23 188 0 0 255 0 0 35 0 239 160 102 214 255 98 255
    255 153 161 91 236 0 23 255 255 0 255 0 255 255 255 246 133 207 153
    56 255 5 22 24 0 203 200 19 23 255 148 191 77 255 53 255 253 0 20
    129 138 190 0 255 0 116 159 203 87 137 177 70 149 255 120 163 255
    255 255 142 133 255 170 2 255 255 217 180 106 191 141 0 0 161 0 255
    142 255 255 86 170 128 96 255 131 190 22 0 77 0 221 255 0 255 0 160
    71 0 113 100 0 255 46 0 217 255 0 0 75 132 184 154 93 51 0 0 255 255
    255 11 212 255 27 255 255 0 208 0 34 0 0 237 24 48 16 255 66 7 253
    255 255 0 65 255 0 100 161 199 19 0 97 249 185 0 255 255 156 35 0
    255 0 58 255 255 255 113 205 101 255 0 167 255 220 85 56 120 127 0
    108 191 117 181 0 0 15 138 255 255 0 183 255 0 134 122 255 241 255 0
    101 0 0 255 0 255 255 255 201 255 204 141 196 255 115 142 0 50 117
    226 248 244 255 179 255 54 0 170 255 0 0 69 52 122 255 241 150 0 77
    70 0 75 255 0 210 255 189 255 195 2 254 255 143 243 0 146 213 99 136
    33 14 0 120 137 15 0 85 172 112 255 255 255 217 255 209 130 255 78
    255 0 79 0 0 245 217 255 0 226 185 215 0 255 198 255 91 255 0 199
    251 78 0 255 0 114 215 228 47 106 255 0 128 27 172 0 0 51 209 146
    218 62 183 105 6 230 170 32 223 232 0 230 212 80 0 0 255 0 150 183 0
    217 17 132 255 99 189 255 105 255 213 255 0 21 0 255 255 219 172 0 0
    73 185 98 218 0 27 198 0 221 245 255 54 0 157 199 237 134 128 27 255
    0 100 211 214 0 101 255 255 0 232 243 85 71 168 255 53 107 222 0 94
    9 0 147 0 255 0 209 4 79 193 255 218 0 133 0 0 166 77 0 255 214 32
    255 140 146 65 196 62 255 127 0 187 129 255 70 255 142 112 255 150 0
    112 158 67 0 168 0 114 187 0 89 186 0 0 222 247 80 100 199 105 233 1
    20 218 0 59 224 0 0 255 136 255 0 0 30 188 0 255 255 255 255 88 177
    202 0 131 140 255 68 0 255 113 0 255 137 234 235 169 0 255 177 0 208
    4 177 89 91 245 10 82 157 86 255 118 0 255 179 189 206 84 255 255
    255 29 164 255 141 114 255 0 148 178 0 130 255 31 0 255 255 255 144
    244 167 85 0 181 112 170 199 0 143 0 101 255 0 172 47 152 214 9 109
    22 6 208 255 0 255 255 30 0 221 255 55 77 181 0 36 255 28 255 247 0
    165 0 134 74 0 255 102 203 255 8 255 206 74 105 68 139 209 0 255 0
    31 255 255 255 247 0 122 160 125 255 0 11 234 2 43 135 184 0 255 255
    255 255 200 255 255 124 0 95 0 54 171 5 18 156 0 78 155 255 14 41
    255 94 255 255 83 239 198 185 255 252 115 0 56 133 0 0 224 187 255 0
    255 179 135 8 0 255 219 0 154 0 0 0 31 10 255 210 42 239 254 55 63
    255 255 127 198 0 176 1 117 238 255 255 53 0 255 0 4 30 255 197 0 30
    0 255 255 0 0 45 39 140 255 82 255 0 255 255 50 255 200 255 19 9 179
    55 255 0 0 72 0 255 131 168 120 255 234 0 246 47 14 0 255 178 97 70
    0 128 44 188 255 255 0 255 132 0 62 51 180 255 77 59 0 0 111 255 0
    86 255 217 131 0 86 0 124 98 205 94 62 216 157 216 255 255 176 95 9
    227 244 255 226 243 71 0 0 0 35 100 152 115 160 145 128 212 248 149
    0 165 62 0 130 255 0 206 63 212 255 255 0 183 174 171 0 52 255 186
    212 251 0 255 0 0 122 100 114 97 108 246 0 0 0 86 0 0 120 5 190 252
    44 138 255 0 255 65 154 255 230 76 0 53 255 0 128 224 255 128 44 114
    194 255 98 48 239 151 49 196 138 156 0 140 135 228 98 75 255 0 48 94
    20 0 30 1 255 0 161 143 148 255 112 0 122 69 243 0 254 255 227 0 255
    193 237 255 114 0 215 0 45 0 29 22 0 68 51 199 78 8 104 184 98 142
    60 153 255 61 120 210 0 255 97 255 255 242 68 162 143 164 21 0 199
    199 150 255 0 116 119 0 88 255 167 176 255 184 44 0 97 255 213 26 53
    0 211 64 220 0 209 13 25 0 221 7 7 30 173 168 255 159 136 102 178
    255 235 57 133 0 158 171 219 111 228 255 6 223 31 27 0 255 255 0 0
    255 173 0 144 6 248 0 0 213 146 0 241 99 150 195 253 171 0 243 0 0
    255 130 0 78 0 204 196 255 252 220 213 255 164 205 226 70 112 255
    205 255 255 202 131 13 255 132 255 255 169 99 111 255 191 80 114 0
    59 113 162 48 177 223 226 0 0 47 157 70 0 166 133 255 0 123 151 0
    255 28 255 211 103 0 191 18 98 255 6 163 236 0 0 3 175 0 255 143 0
    42 172 76 154 126 90 191 157 31 0 47 136 154 0 51 255 122 133 208
    255 192 100 35 164 238 56 0 255 106 3 122 0 167 139 3 127 255 223 77
    118 0 65 5 0 255 153 232 52 0 255 255 0 255 46 114 162 0 114 242 148
    0 231 255 255 41 42 0 71 28 255 53 221 255 0 55 255 241 0 24 208 255
    132 255 65 159 0 46 206 0 113 156 0 32 202 210 83 53 102 222 64 0
    116 14 157 199 94 141 0 255 37 195 0 77 216 161 12 188 0 14 216 255
    182 248 138 92 255 156 32 255 86 0 255 255 0 255 255 0 203 0 0 85
    109 0 255 49 0 82 255 255 255 255 0 246 225 129 0 176 237 198 0 255
    255 0 15 255 208 192 255 255 0 32 207 0 0 239 0 107 0 255 206 196
    166 0 255 201 255 244 255 0 74 132 0 0 224 255 149 240 255 11 32 36
    86 150 80 255 255 255 0 78 102 10 10 45 211 255 203 182 255 0 0 78 0
    125 255 175 19 91 255 38 70 136 83 255 3 0 142 214 4 117 255 255 102
    166 108 80 147 0 255 186 30 255 76 247 64 211 0 107 112 49 78 192
    142 0 174 11 0 177 0 155 0 255 127 40 0 238 79 143 0 212 67 0 160
    255 26 248 0 98 102 198 255 255 255 202 255 215 255 255 159 65 255 0
    0 0 249 227 235 255 0 79 0 133 31 230 82 255 11 71 4 7 255 200 255
    32 147 134 102 158 29 111 210 144 157 70 164 91 106 167 84 86 166 0
    99 217 0 255 190 126 111 191 255 196 29 72 255 255 69 0 255 2 121
    255 14 144 127 31 207 0 21 255 190 184 0 89 255 62 152 176 236 255
    11 255 0 247 194 23 10 200 239 45 59 181 18 0 0 85 89 255 110 255
    255 12 133 236 121 149 0 255 67 43 0 234 255 66 0 174 168 0 41 212
    27 255 119 0 112 94 0 255 234 213 255 52 118 26 68 88 201 43 0 109 0
    174 167 255 0 141 248 38 143 183 60 89 0 255 0 255 154 0 0 43 130
    255 0 145 255 252 255 209 255 76 94 0 255 255 134 255 2 255 152 255
    17 119 154 142 89 17 0 0 160 0 0 151 255 220 193 211 0 32 188 117 0
    228 0 18 254 42 135 26 255 0 243 255 43 21 255 254 0 246 238 0 63
    185 0 132 69 255 181 255 197 83 255 93 144 0 93 0 104 253 83 130 140
    156 255 103 61 0 255 8 0 66 255 193 67 133 255 51 192 223 255 255
    221 255 202 208 102 116 255 157 111 208 255 89 0 0 252 0 132 255 108
    255 255 106 0 255 79 115 149 255 76 0 98 36 104 167 0 156 233 97 0
    30 53 27 239 255 0 0 199 57 74 71 83 71 0 0 0 0 108 0 158 255 141
    137 32 0 38 0 127 7 44 73 11 161 229 157 242 0 187 132 0 48 0 168
    255 0 0 0 0 206 17 28 192 139 246 255 176 0 0 255 214 110 167 96 255
    255 255 128 255 255 162 174 0 0 255 27 175 235 255 255 0 255 255 98
    255 209 0 0 56 228 0 255 0 56 0 0 35 241 192 255 27 217 0 198 255 0
    255 0 39 244 0 192 68 70 186 0 220 255 197 57 145 214 17 77 255 172
    228 255 0 20 107 134 255 0 0 152 0 64 97 125 57 88 0 62 113 88 255
    44 56 56 122 255 55 205 255 16 156 148 255 90 134 129 255 255 160 41
    2 64 0 201 155 0 207 108 146 255 75 0 215 255 213 19 156 0 55 77 115
    16 221 5 31 151 0 234 221 109 255 0 0 119 182 126 0 78 255 255 255
    92 75 193 0 160 55 0 80 192 75 191 8 43 255 255 202 164 33 103 255
    144 0 0 255 0 0 212 255 69 0 173 62 8 255 4 255 255 195 0 254 189 0
    4 255 0 82 255 99 14 148 72 44 44 255 0 214 0 237 217 219 255 86 137
    0 35 140 255 0 0 255 213 101 255 8 255 255 14 213 208 255 0 37 33 0
    0 44 0 6 100 87 255 9 255 255 182 134 201 74 93 206 74 88 0 148 107
    84 63 255 255 134 69 107 0 160 0 151 255 0 0 30 255 76 255 255 10 0
    0 0 0 188 201 77 0 116 45 31 245 121 174 0 115 61 60 188 159 255 28
    138 16 255 255 68 0 65 110 132 0 69 255 252 0 230 112 255 223 28 1
    199 72 255 255 0 57 0 255 132 255 12 0 255 0 0 0 85 158 0 255 255 0
    73 255 82 231 93 20 107 190 0 118 13 0 0 163 255 251 255 255 83 234
    52 0 174 117 255 255 73 255 224 0 255 1 47 177 183 141 104 193 255
    72 126 228 255 255 131 228 255 189 0 234 82 255 0 0 27 31 56 120 31
    0 137 255 17 255 199 61 187 167 253 148 255 255 49 128 175 170 0 0
    218 0 0 0 243 140 77 187 0 243 124 113 169 130 0 14 213 121 225 78
    217 182 164 255 229 139 158 163 255 0 35 0 0 198 255 222 0 202 213
    114 255 204 139 53 244 0 183 104 64 255 166 67 218 93 255 255 24 71
    11 229 255 204 120 127 0 0 239 23 253 44 214 0 9 59 255 98 255 0 0
    255 204 29 255 157 0 155 146 118 0 21 73 227 255 188 40 194 55 226
    29 98 201 116 0 255 0 116 155 159 119 20 219 17 26 97 101 0 176 58 0
    139 210 255 251 144 56 100 255 0 143 146 0 69 255 245 46 255 0 63
    255 10 255 0 44 255 0 43 208 0 0 187 209 0 0 225 255 89 233 255 0 22
    255 0 9 0 46 0 196 255 94 215 180 0 0 0 194 178 70 255 53 36 4 140
    169 0 0 255 255 255 155 0 255 236 23 39 82 127 0 68 160 174 177 101
    202 236 11 255 127 0 255 255 0 4 39 150 18 255 255 0 97 0 241 255 66
    0 199 40 255 0 73 123 231 182 0 43 45 0 255 120 207 55 0 255 158 245
    0 149 139 57 255 122 32 164 246 20 255 28 51 228 0 193 144 234 155
    121 147 108 0 255 159 228 255 24 253 168 170 3 0 0 0 228 20 184 191
    248 52 103 0 255 145 133 229 0 20 255 15 0 139 103 0 215 34 236 0
    150 51 187 0 89 100 0 243 0 228 255 0 0 85 255 242 0 37 37 255 134 0
    45 124 81 255 255 91 246 0 178 66 54 34 214 0 255 255 255 91 197 85
    0 227 75 0 0 255 72 227 68 255 46 112 0 160 0 39 74 215 168 255 0 54
    230 49 0 255 0 252 149 168 235 177 255 255 152 117 0 117 255 45 0
    213 96 15 16 223 55 179 0 255 253 150 54 216 79 255 99 136 78 192 0
    255 0 255 55 219 0 86 0 37 40 212 0 204 227 222 255 117 196 210 27
    58 132 0 0 0 155 255 58 178 149 255 35 7 255 255 195 255 180 9 117
    65 54 22 69 1 237 1 0 243 176 0 137 255 134 255 238 227 255 255 0
    120 219 75 44 46 255 0 252 255 143 104 191 16 181 42 37 255 255 201
    172 150 255 220 218 255 148 118 130 0 255 142 255 20 111 0 226 50 0
    255 241 96 239 100 138 90 36 116 255 255 255 38 209 88 165 64 0 255
    255 56 0 57 19 37 255 185 208 108 0 255 91 255 233 192 147 197 254
    255 188 255 255 73 151 0 85 60 255 103 0 255 0 169 169 228 224 153
    135 255 0 0 176 116 230 63 255 57 255 162 255 0 197 37 200 211 27
    138 0 245 76 94 16 172 0 0 222 90 0 15 185 255 239 255 255 113 235
    92 82 189 0 241 240 238 185 255 3 234 77 210 246 146 117 143 142 174
    90 147 93 109 20 118 37 0 255 158 181 255 23 124 23 219 24 0 255 0
    125 81 0 225 237 255 251 255 139 0 255 93 0 0 75 0 0 56 116 211 138
    175 56 0 203 255 252 0 30 213 97 228 11 255 99 134 244 112 161 101
    146 240 170 172 255 0 0 0 158 0 169 181 0 190 222 140 135 255 205 89
    120 255 6 255 116 0 255 50 202 0 78 255 247 255 144 255 19 49 103 33
    78 37 255 199 255 0 23 84 0 255 198 0 0 0 116 135 67 61 248 61 0 161
    0 237 67 0 130 0 120 45 105 117 226 0 196 220 255 42 30 121 51 0 87
    166 128 151 208 255 123 64 0 0 0 0 255 193 255 4 182 0 16 233 0 255
    255 219 141 241 255 255 0 0 64 62 251 0 59 0 255 16 52 159 255 255
    86 186 67 74 255 255 213 189 0 37 255 105 255 255 160 190 234 177 41
    67 25 49 61 50 8 104 255 214 255 0 35 0 0 0 0 255 128 208 198 52 19
    255 89 73 8 255 87 51 0 8 103 255 255 195 191 255 99 25 255 46 33
    200 232 245 17 0 253 0 73 213 0 6 255 242 0 250 23 255 97 0 0 255
    230 255 105 61 95 255 13 186 51 26 63 0 196 128 0 48 48 24 0 91 86 0
    0 113 237 0 0 255 197 227 117 144 255 118 212 18 255 234 104 79 231
    255 255 121 2 198 138 197 0 255 228 121 224 43 162 177 159 181 255 1
    255 244 255 255 10 255 141 203 75 255 214 255 61 0 255 227 130 125
    25 205 239 219 42 2 124 255 136 0 204 0 8 28 181 39 182 204 0 0 40
    61 70 0 0 73 255 255 57 96 116 255 28 0 255 229 135 0 253 104 45 208
    27 80 123 0 103 147 0 45 49 223 45 255 255 91 0 47 152 0 0 255 0 255
    144 194 215 0 219 200 3 234 0 42 160 0 228 0 233 245 255 213 0 0 228
    207 43 255 214 167 113 165 24 0 255 151 255 255 255 119 138 255 34
    104 255 183 255 0 29 252 26 96 255 255 0 255 0 29 0 200 87 66 252
    255 191 188 200 90 85 0 255 255 141 0 8 255 201 240 109 255 255 0 98
    17 255 219 0 77 177 255 133 255 1 229 163 2 41 216 0 30 255 0 0 236
    230 255 55 255 161 40 70 61 20 255 108 0 255 10 40 115 0 0 199 202 0
    0 57 41 255 255 0 19 255 46 162 47 194 202 82 135 255 0 250 163 205
    43 0 62 251 255 249 1 0 40 0 0 172 250 182 26 0 251 0 0 23 255 255
    119 153 53 113 164 85 117 89 255 203 161 121 114 43 143 0 255 2 98
    109 255 40 255 248 71 255 0 0 255 255 0 0 223 127 234 255 255 141 15
    68 215 29 88 170 236 57 0 255 15 164 0 179 208 255 116 69 132 255
    131 0 145 145 0 213 0 127 255 119 255 175 0 0 163 233 153 31 130 108
    200 165 38 30 217 230 255 205 74 78 0 3 90 0 182 255 255 0 20 197 46
    251 0 52 206 103 7 0 255 156 255 245 72 0 0 88 255 0 212 88 17 206
    105 202 72 108 129 228 59 0 217 204 254 0 71 249 106 255 44 196 24
    57 255 255 20 255 100 216 0 86 255 79 176 255 70 133 50 219 1 0 108
    255 111 135 255 223 0 0 28 218 0 144 255 48 255 255 179 234 0 255 0
    100 0 49 255 255 255 255 226 179 255 6 0 178 255 0 0 0 255 75 34 255
    56 247 0 173 0 84 20 94 172 183 59 255 49 255 255 255 49 110 112 103
    0 90 172 0 81 144 203 0 224 58 0 27 166 190 192 255 188 255 0 255 62
    255 231 255 0 255 98 221 88 40 173 0 0 146 0 13 29 255 0 75 168 178
    80 107 145 74 17 65 0 144 75 121 255 0 108 255 255 228 255 79 201
    249 61 90 220 202 185 0 76 0 45 57 181 112 15 0 61 27 205 255 253
    216 132 190 255 49 255 0 172 22 203 255 255 255 255 103 144 0 203
    190 255 3 0 0 203 255 140 26 127 3 4 246 189 186 84 255 234 118 122
    255 20 0 183 104 0 0 0 4 0 255 134 0 255 184 245 255 10 255 127 62
    160 42 255 104 150 255 255 172 94 255 255 199 201 255 0 155 139 0
    154 181 244 170 0 141 0 28 149 91 51 0 0 255 255 0 255 78 0 198 0
    204 235 0 0 71 0 7 82 156 255 108 198 0 201 255 85 222 0 63 69 122 0
    250 255 231 103 255 183 66 202 232 32 95 54 167 110 255 13 0 255 0
    255 233 0 33 240 85 0 234 0 110 96 82 0 0 21 206 110 236 255 58 102
    213 166 230 192 193 255 0 50 0 185 0 182 228 155 255 211 38 219 0
    255 136 85 152 107 119 247 45 255 49 0 84 193 98 39 255 234 105 167
    115 9 141 132 77 255 96 41 169 188 255 109 156 97 2 222 161 255 247
    103 255 108 0 255 189 70 255 80 0 0 228 16 16 137 164 247 255 0 220
    68 45 211 229 255 0 45 0 230 94 230 0 167 0 89 255 235 255 255 51
    255 9 236 0 170 178 0 168 255 0 120 58 0 223 255 255 0 144 223 255
    255 49 121 255 114 89 255 255 129 255 0 46 113 0 119 255 255 255 255
    236 253 0 0 0 0 255 202 190 23 6 143 172 251 74 137 0 13 187 120 0
    129 74 62 0 83 0 41 255 255 92 18 55 231 0 193 28 0 0 92 202 255 0
    176 255 255 170 0 148 255 255 44 255 92 53 255 28 229 255 231 0 255
    161 255 155 217 70 253 255 38 53 18 180 130 255 0 120 97 255 255 0
    125 85 183 24 224 0 155 85 78 0 28 255 0 255 38 70 8 255 1 10 66 14
    166 0 5 255 86 117 255 118 231 255 247 0 0 124 0 56 80 136 170 99
    100 100 255 255 255 60 190 0 255 255 0 255 250 255 255 75 0 237 138
    223 83 0 255 150 102 73 255 37 194 86 255 151 125 80 119 151 132 0 0
    255 0 0 255 219 255 255 184 96 3 255 0 186 167 77 12 3 159 0 255 129
    234 178 70 245 97 255 0 0 18 0 174 64 253 219 128 167 154 3 59 0 255
    0 234 2 55 255 0 255 255 254 63 11 0 126 0 255 107 86 210 255 255
    124 223 83 61 0 120 252 4 99 106 0 142 28 255 75 217 255 246 132 11
    80 75 255 0 190 0 0 255 255 255 94 86 40 143 0 213 52 0 0 255 98 215
    166 0 243 167 0 197 0 195 0 29 0 0 0 88 0 198 0 246 200 255 129 0
    152 248 81 1 36 188 147 102 186 0 0 45 0 7 255 0 61 78 0 255 24 147
    255 33 226 46 200 63 0 211 16 13 198 45 197 23 131 255 49 96 198 38
    103 243 226 19 0 0 184 250 0 0 255 85 7 26 255 255 231 0 255 0 229
    22 13 215 255 255 255 96 9 191 30 0 0 159 0 144 255 0 255 255 255 0
    157 168 255 89 58 0 15 149 215 255 160 0 223 150 42 173 0 31 255 0
    143 255 182 255 0 127 255 0 171 29 4 6 62 196 168 217 134 0 198 255
    255 255 0 0 0 0 144 24 190 255 255 19 159 216 202 0 196 136 2 109 46
    255 7 17 41 133 193 73 77 255 65 87 10 94 25 130 122 112 67 0 120
    255 69 81 255 89 89 133 0 202 255 214 0 98 255 60 59 140 255 255 200
    0 0 0 89 70 145 201 0 0 255 147 137 199 0 31 0 33 70 184 138 49 0
    102 167 111 124 203 255 189 20 168 255 195 114 157 199 196 6 0 173 0
    62 207 0 251 42 73 255 0 17 148 23 0 255 38 132 0 0 56 58 255 88 149
    0 0 255 0 201 245 255 255 0 162 255 55 175 3 172 43 99 47 70 3 0 72
    0 168 149 142 132 255 132 255 255 192 0 1 255 255 46 255 0 152 117 0
    219 0 111 255 19 90 236 13 0 0 242 226 0 255 255 117 31 255 67 245
    255 197 255 108 80 59 114 255 123 0 165 17 146 255 209 207 194 113 0
    70 37 255 240 210 130 9 255 0 255 225 37 229 0 255 137 83 234 132 16
    62 143 0 255 240 183 138 240 152 255 146 184 45 18 198 92 2 224 118
    34 0 255 255 255 70 207 255 255 226 56 46 255 164 210 67 224 13 230
    212 252 0 0 176 255 0 21 237 51 255 213 80 170 0 109 218 0 34 167
    142 80 216 56 255 193 74 111 94 255 62 220 255 142 225 163 255 161
    26 54 108 4 0 57 255 0 175 113 54 186 253 175 114 86 231 0 0 63 255
    104 77 200 0 255 81 118 139 221 255 255 128 86 255 13 255 243 0 68 0
    254 41 0 255 0 26 184 152 18 255 117 225 103 45 255 184 255 68 173
    137 7 222 90 0 255 0 0 165 105 0 96 4 10 7 255 172 0 0 0 255 255 61
    228 8 241 0 0 0 72 0 69 72 36 232 29 255 138 0 255 255 0 255 70 0 0
    255 255 20 255 165 50 160 134 228 118 54 224 255 73 0 123 101 203 0
    84 255 40 243 255 165 226 255 0 255 88 136 110 14 245 0 90 255 0 0
    175 35 220 157 96 231 70 0 0 0 14 119 255 55 61 255 138 57 117 190
    72 255 79 255 214 255 255 2 105 255 255 181 56 43 255 255 0 255 255
    95 40 118 172 0 255 117 219 59 0 255 255 0 229 255 0 253 54 56 0 236
    18 0 0 0 255 73 255 94 98 255 139 12 0 0 153 75 10 71 0 0 247 97 255
    26 179 114 0 188 255 0 0 0 255 210 255 169 255 246 255 255 199 0 173
    20 255 227 255 255 65 189 255 33 255 255 10 121 0 255 117 0 255 6
    255 0 98 121 169 0 255 152 184 145 102 118 110 234 4 0 255 0 28 0
    170 203 0 47 0 0 172 100 118 0 175 0 68 0 255 156 221 164 226 0 148
    255 73 255 255 17 107 7 0 65 255 0 228 0 30 58 168 255 25 248 57 176
    13 0 255 160 255 255 255 55 85 255 170 226 134 215 213 145 142 255
    201 0 70 0 223 229 98 0 0 255 90 181 0 0 71 243 0 255 227 237 255
    255 255 239 85 54 192 255 0 113 0 0 30 0 0 255 20 255 158 66 68 255
    251 0 191 136 195 0 178 130 0 194 189 51 251 255 43 14 39 138 0 0 0
    78 203 0 255 150 97 123 5 172 0 255 103 185 255 89 0 0 255 0 15 255
    139 140 0 255 235 0 108 216 214 195 0 3 252 0 200 255 255 190 255 0
    203 84 104 203 96 162 0 153 220 255 217 0 0 255 159 0 224 85 255 100
    73 107 255 0 250 255 145 255 0 26 75 99 115 228 165 0 0 255 0 215
    255 0 255 255 255 79 19 255 255 0 0 180 189 0 224 119 191 214 131 0
    226 31 45 255 101 255 14 23 130 0 0 180 65 47 129 166 255 236 192
    211 78 255 255 0 175 255 243 0 64 0 1 251 255 163 221 66 76 146 158
    232 92 250 0 41 0 90 0 87 254 62 255 0 85 195 13 255 27 0 177 225
    191 157 119 198 255 0 255 255 141 0 0 255 255 0 8 0 145 179 194 134
    255 7 171 0 153 76 152 255 255 104 144 10 255 156 209 255 115 0 255
    198 0 180 0 0 171 115 48 255 198 255 4 203 85 140 255 0 47 151 33
    255 112 0 0 79 255 220 219 198 255 159 44 122 255 255 0 255 70 205
    255 223 230 45 0 0 135 123 0 152 3 71 21 94 178 0 255 125 5 99 64
    126 255 173 255 228 16 255 122 226 255 228 255 121 177 164 47 22 145
    33 255 0 255 0 0 150 7 255 245 24 0 126 0 255 253 129 0 221 61 41
    206 255 62 144 255 255 255 0 130 0 224 236 13 116 241 19 0 20 138
    149 255 181 244 0 0 255 0 96 253 255 71 255 251 255 133 137 119 111
    0 0 0 255 0 0 29 149 255 206 110 255 0 0 255 208 0 255 7 0 145 15 0
    147 0 174 224 227 52 30 71 37 0 241 195 25 255 126 255 218 217 0 204
    109 150 198 85 255 202 0 3 81 180 22 255 145 174 0 197 143 0 223 254
    255 107 0 166 250 0 27 79 50 219 133 109 255 245 0 103 255 136 0 197
    235 51 186 255 115 103 39 160 0 255 176 0 124 43 196 190 13 255 58
    93 105 255 125 130 189 0 34 207 186 42 255 220 247 251 216 65 0 235
    255 255 91 71 251 56 125 61 183 255 227 0 163 55 53 227 19 153 87
    203 22 202 188 255 38 56 158 233 227 0 255 224 255 33 39 255 39 19
    48 0 185 0 38 255 144 44 245 233 0 255 238 140 239 75 22 0 152 0 125
    255 255 255 249 191 68 53 255 0 0 198 12 255 9 76 0 183 255 0 38 61
    255 223 88 255 10 255 0 0 30 83 0 255 0 132 120 226 255 48 35 231
    255 61 88 0 0 106 119 71 22 181 255 255 236 0 132 0 46 255 173 186
    19 243 236 222 255 0 0 255 49 0 120 1 0 165 238 164 0 255 63 228 92
    255 255 255 236 6 121 181 0 103 228 46 78 169 55 199 255 230 5 0 255
    0 0 255 0 255 0 134 255 14 255 26 48 218 148 255 54 29 17 101 7 181
    157 255 124 135 223 100 204 255 105 255 10 255 72 157 206 0 73 138 0
    255 0 0 45 211 103 0 103 29 0 0 0 231 69 197 88 21 117 198 109 49
    255 118 0 193 34 24 23 255 255 0 105 153 169 14 109 15 188 230 131
    200 205 77 0 182 0 160 81 184 127 0 0 165 92 75 0 38 16 83 0 178 255
    177 0 255 214 131 255 149 125 255 43 0 7 255 0 66 43 52 78 233 8 0
    249 255 255 114 88 183 255 126 238 102 230 66 55 229 255 249 255 205
    20 239 0 189 90 90 33 0 205 255 110 0 131 2 174 67 255 0 255 22 25
    127 255 186 212 255 255 28 180 122 4 0 49 28 255 125 43 2 50 228 52
    40 23 238 200 250 74 109 127 0 139 64 154 124 20 255 128 90 0 138
    255 4 255 220 206 248 152 255 179 107 1 107 187 151 134 72 65 182 96
    48 81 46 234 57 251 106 157 202 18 4 0 145 216 139 19 68 253 209 0
    201 255 166 196 0 255 65 109 255 255 194 255 203 0 255 196 83 255 0
    35 76 157 62 252 47 255 0 191 0 255 159 114 152 242 255 52 47 5 188
    56 39 25 47 255 208 9 0 249 156 0 252 149 239 22 110 13 0 43 220 46
    0 128 207 92 255 255 0 255 40 255 255 0 7 0 255 255 255 62 31 0 0 0
    191 255 91 163 56 57 22 95 46 113 140 75 96 0 0 230 0 252 47 94 188
    219 255 167 0 39 202 255 102 167 91 138 48 37 255 67 196 255 0 80
    111 0 188 197 144 33 0 54 7 253 255 217 243 255 0 0 164 183 148 255
    188 161 199 146 161 255 32 246 0 59 120 13 255 87 101 255 255 155
    112 104 27 120 253 255 0 213 120 242 41 26 115 167 179 60 68 0 93
    120 255 33 233 255 255 88 214 122 255 0 91 213 149 76 241 93 102 0
    226 0 255 0 87 255 0 230 0 144 209 183 171 227 0 0 188 221 20 117 0
    230 0 251 109 35 255 255 86 0 152 3 53 144 0 255 102 171 248 0 0 0 8
    194 161 102 241 255 96 0 186 28 17 45 39 174 14 32 233 28 255 255
    228 255 16 0 159 148 130 71 157 25 0 255 0 255 255 110 23 255 255 0
    106 195 48 235 163 255 255 136 0 99 251 47 255 208 0 0 0 106 198 0
    104 0 176 95 113 224 233 218 79 183 180 255 0 183 12 255 205 255 0 0
    0 255 255 17 0 255 0 226 255 64 255 29 43 255 209 45 154 255 170 221
    127 182 91 197 255 255 140 41 141 74 255 0 0 178 120 255 0 0 116 36
    23 227 165 255 102 31 195 240 113 0 255 0 117 189 98 3 29 83 85 0 92
    37 255 0 48 211 178 75 0 255 255 11 17 125 185 107 146 39 33 0 0 28
    255 21 255 178 255 138 5 167 113 0 123 0 176 255 255 25 30 255 185
    119 0 156 255 0 197 255 255 146 0 0 215 255 40 209 134 107 173 5 52
    117 79 214 0 255 0 154 0 255 105 135 44 101 51 167 209 0 116 255 206
    0 255 255 205 188 255 22 0 132 0 157 17 180 28 12 255 30 211 201 199
    106 88 255 255 255 255 76 0 88 9 255 255 0 252 52 0 200 183 255 26
    96 173 0 223 0 255 79 5 255 62 109 255 255 13 130 32 26 115 0 225
    255 54 255 255 54 52 203 222 0 108 255 11 0 158 9 175 0 7 42 198 190
    255 209 0 0 126 179 0 255 0 255 8 0 52 209 40 90 30 0 98 0 255 23
    255 0 38 255 255 210 153 255 255 169 171 255 26 160 58 255 68 26 26
    0 255 255 128 237 27 255 92 0 255 255 82 77 0 255 48 0 174 250 0 0 0
    0 81 32 80 190 255 241 153 196 8 0 133 217 21 0 0 0 45 0 79 30 0 219
    0 0 189 44 0 0 185 147 253 94 255 255 0 56 33 0 78 255 240 35 0 0 0
    39 255 255 109 210 0 0 31 89 190 171 120 172 2 43 1 4 186 0 0 179
    196 67 84 255 162 144 93 0 61 247 121 157 0 0 255 0 252 83 0 129 0
    171 87 95 0 0 84 0 234 255 183 175 90 0 255 191 190 255 255 143 0
    255 152 137 161 34 23 146 82 0 255 116 232 200 195 170 214 0 168 0
    244 119 132 253 38 21 255 54 0 227 255 41 252 63 64 28 59 255 70 116
    111 255 171 193 119 0 223 209 115 66 0 255 114 62 108 108 255 255 19
    0 0 255 161 255 255 255 0 69 0 36 48 87 114 46 96 0 0 37 101 51 127
    162 255 0 0 65 130 24 97 247 255 37 120 255 73 217 0 222 0 199 32 66
    255 94 255 7 0 137 37 255 188 164 253 255 122 255 0 111 80 255 255 0
    136 0 0 255 26 43 160 150 51 255 125 121 16 130 251 0 92 67 49 28
    255 93 4 255 0 255 0 0 0 17 172 19 0 0 145 255 16 0 34 122 100 50 0
    20 208 30 75 94 229 203 148 55 206 216 49 0 255 255 21 39 210 255 99
    0 221 111 0 101 230 126 233 59 255 60 162 84 53 255 73 202 0 255 0
    95 0 0 31 255 65 0 128 134 0 65 255 6 96 87 255 115 224 7 98 37 92 8
    155 40 0 130 0 0 254 176 86 6 95 255 255 58 255 255 191 152 0 244 0
    0 58 35 29 50 0 151 34 100 103 0 255 216 35 13 74 0 255 252 28 35
    179 194 40 255 255 0 181 17 0 231 255 173 247 212 0 95 255 255 141
    108 0 192 128 143 144 0 94 255 125 183 32 127 220 219 9 49 208 38
    255 68 128 8 9 206 0 173 220 0 255 32 0 255 224 22 255 0 255 208 143
    221 78 255 165 255 202 139 244 255 33 255 51 238 11 112 236 35 115 0
    50 255 155 0 100 218 255 0 128 255 3 127 6 255 0 0 120 150 32 29 255
    251 2 61 202 0 242 135 255 212 179 131 134 136 107 255 0 255 207 0
    255 4 139 0 255 72 0 0 255 0 0 255 255 22 0 0 255 255 0 138 212 0
    242 177 0 205 215 99 45 0 242 29 0 37 115 255 0 156 147 74 209 47
    179 35 237 217 11 0 0 255 0 141 149 180 161 0 19 75 40 191 0 92 255
    0 255 55 0 255 0 51 0 74 203 255 226 255 150 117 239 255 255 10 67
    86 189 198 159 0 248 67 161 220 148 108 17 242 130 0 255 255 255 255
    0 154 201 43 255 0 255 238 0 255 120 215 196 109 0 255 187 255 13
    255 255 0 10 184 0 0 145 160 0 0 189 68 249 23 233 35 1 202 160 249
    66 0 255 255 0 149 23 233 68 0 2 18 109 0 53 0 181 31 0 255 0 21 0
    255 37 192 255 0 255 92 117 163 167 153 71 9 60 0 211 104 193 208
    156 251 0 58 249 18 138 255 107 130 0 0 20 255 237 255 49 0 0 185 0
    255 48 127 109 255 255 255 82 17 208 16 255 255 255 253 255 218 127
    123 223 255 253 23 16 253 255 206 156 75 0 71 201 0 255 255 165 83 0
    255 255 15 0 74 116 69 133 59 144 213 152 152 20 0 0 205 160 255 73
    123 255 255 183 58 255 120 255 210 255 238 0 0 115 0 132 255 221 217
    77 255 149 50 16 255 0 245 120 195 192 255 0 255 255 0 50 19 255 188
    193 28 136 255 23 255 255 3 119 52 175 126 0 118 185 45 88 171 240
    72 255 0 117 19 0 6 113 182 84 255 191 0 94 26 155 255 108 179 5 50
    236 255 0 226 7 255 131 0 171 205 0 0 255 0 255 255 41 255 162 248
    118 0 255 0 255 0 63 246 0 19 0 218 226 193 46 35 255 89 255 129 91
    253 0 172 167 159 207 138 255 239 61 129 255 43 12 98 255 252 0 48
    113 63 255 0 0 124 0 226 160 213 108 0 215 0 255 163 37 255 0 148 85
    27 149 231 255 255 207 235 255 124 120 115 120 255 255 205 9 234 195
    130 0 225 255 78 255 24 180 181 173 210 255 143 0 255 113 255 255 41
    44 0 0 22 99 0 0 113 255 69 0 211 54 100 255 254 150 0 110 72 116
    255 191 255 170 255 0 190 83 255 106 44 182 56 0 171 0 242 223 0 0
    17 255 176 26 31 37 255 201 170 255 255 0 83 0 0 203 191 0 0 255 0 0
    255 0 147 211 152 67 74 93 255 255 246 255 20 0 56 0 0 84 255 0 185
    202 62 255 255 80 237 222 255 240 255 22 145 255 198 160 251 117 225
    255 0 239 185 0 128 126 255 147 0 0 84 226 0 217 129 255 73 216 149
    35 104 58 134 137 0 239 0 0 0 95 189 200 0 14 255 69 0 143 108 0 140
    172 255 1 155 255 106 110 18 0 196 122 189 197 9 32 255 90 35 255 0
    255 255 0 0 139 137 174 71 13 166 192 255 30 87 252 229 247 255 255
    111 39 255 80 112 147 0 29 0 198 46 79 4 204 75 0 161 241 69 51 255
    241 89 190 122 203 179 173 0 195 52 255 0 129 51 102 255 178 255 253
    255 183 198 179 0 33 169 255 255 143 179 0 64 219 43 115 209 88 255
    44 255 0 142 249 54 255 11 46 201 83 16 164 22 255 196 255 0 206 255
    243 0 177 255 0 132 255 143 52 79 178 0 123 255 141 255 251 0 0 74
    31 255 168 25 0 255 187 65 248 67 190 255 0 215 15 8 73 105 255 81
    125 203 37 187 242 96 255 182 99 193 0 16 161 36 255 27 231 99 54 22
    3 173 158 113 0 45 244 255 255 0 91 218 244 116 28 234 227 206 255
    255 126 255 89 222 160 106 0 229 205 14 0 43 111 219 181 48 51 133
    255 0 195 255 203 7 255 255 160 148 255 0 44 77 183 194 6 255 0 39 0
    243 17 252 0 47 255 0 0 255 11 255 255 218 210 255 175 0 35 15 219
    255 70 255 17 43 103 126 87 255 250 146 172 255 59 255 255 255 105
    39 173 111 166 134 163 166 255 255 249 153 255 0 0 47 148 0 0 208 60
    0 0 249 90 101 97 58 150 255 137 160 150 255 163 49 194 7 186 187
    255 141 198 41 55 245 255 86 56 38 158 255 0 47 232 0 255 3 0 117 0
    82 57 255 222 196 255 159 110 0 53 0 85 5 95 0 255 112 164 11 2 65
    24 0 255 255 107 132 85 255 255 84 0 163 0 221 255 115 0 152 152 0
    41 0 239 69 84 188 0 20 255 0 232 35 255 115 69 225 255 255 255 232
    0 193 76 79 17 113 0 153 255 132 0 16 255 137 125 109 198 115 12 255
    39 233 159 26 255 0 0 212 0 14 255 235 0 0 255 0 28 133 0 145 255 0
    111 206 104 32 248 174 244 255 0 255 81 123 0 187 255 169 37 227 152
    222 130 255 100 38 255 245 15 78 102 0 230 0 0 241 0 46 152 61 144 0
    192 65 0 168 135 255 38 58 255 255 40 0 33 241 109 69 140 82 60 116
    0 0 0 0 141 167 255 0 14 255 0 112 255 5 0 24 255 157 38 255 255 0
    163 253 82 79 126 216 255 31 255 146 25 96 255 96 169 67 245 255 148
    83 255 49 255 0 240 0 0 6 0 255 212 255 0 0 0 196 0 117 0 0 0 233
    255 102 255 221 173 198 0 239 86 44 243 0 255 85 255 243 0 85 253 0
    186 255 70 60 0 107 236 83 160 220 0 255 119 0 110 10 227 225 255 0
    8 51 207 0 0 0 30 6 125 0 255 6 66 255 220 237 0 255 255 0 214 12 0
    255 179 209 190 141 255 255 96 90 0 97 221 204 6 61 212 200 255 84
    225 246 255 161 0 0 228 54 157 120 255 69 0 255 79 63 126 0 255 255
    86 255 255 0 90 105 138 171 109 0 0 252 2 54 0 0 181 226 0 255 20
    177 0 57 73 0 255 96 14 255 201 255 196 255 205 32 218 118 0 203 0
    23 27 179 255 231 127 208 255 156 227 149 255 180 6 245 40 0 168 135
    0 231 229 0 255 0 254 255 25 170 255 0 211 206 6 0 224 214 247 0 255
    223 255 255 255 165 255 0 203 13 64 55 111 255 10 212 255 98 186 255
    255 32 148 239 255 255 0 145 63 255 227 188 121 183 248 9 0 255 183
    255 255 255 255 150 182 179 130 138 46 0 255 255 84 193 130 255 0 0
    84 209 33 0 66 110 0 255 36 33 94 74 248 87 255 255 0 162 6 255 246
    80 0 58 209 61 190 169 255 150 160 0 0 10 0 7 79 0 255 70 255 97 38
    12 155 129 0 255 255 141 0 182 199 255 196 255 255 111 255 72 0 255
    0 205 202 0 0 194 46 255 88 170 0 177 255 244 126 189 228 241 0 255
    208 0 190 245 255 16 0 243 115 255 134 255 212 141 0 7 212 53 201
    255 255 75 0 255 217 255 148 0 255 0 182 0 86 255 255 255 0 17 172
    55 243 38 255 116 195 255 255 4 230 213 212 236 0 151 207 0 255 106
    39 148 0 150 0 121 81 186 148 209 40 255 255 0 74 54 79 8 191 255 86
    193 166 0 44 233 180 112 0 198 0 252 148 198 100 0 255 43 84 0 135 0
    86 88 72 76 68 5 225 85 27 215 74 59 0 255 17 0 199 0 116 0 235 255
    13 162 242 124 0 255 0 120 255 255 237 255 208 52 132 129 0 249 166
    121 255 0 198 243 167 115 155 0 103 18 255 255 0 255 0 255 163 4 146
    196 0 0 65 0 158 67 0 0 103 132 176 0 255 0 28 112 0 0 164 255 0 41
    255 39 0 0 54 255 255 76 192 54 163 211 178 164 126 255 255 255 162
    0 165 222 255 69 152 0 50 70 29 255 233 45 0 108 166 255 0 0 32 192
    82 194 99 0 255 124 24 0 40 70 128 19 111 39 0 103 106 95 79 0 175
    255 82 167 0 57 49 0 7 26 17 103 221 0 121 220 169 247 50 0 189 232
    0 175 0 216 0 30 249 125 100 0 116 42 106 53 255 72 84 219 179 56
    189 0 88 30 33 150 255 254 255 4 15 255 30 222 55 255 167 152 0 178
    255 0 0 198 255 109 188 233 169 0 99 0 0 255 0 0 0 0 13 45 32 223
    178 209 255 180 195 0 84 90 255 217 253 211 150 180 0 255 86 9 0 74
    0 38 237 0 207 166 22 255 0 194 146 192 255 0 11 255 92 255 255 26
    255 88 0 129 222 164 208 199 202 0 110 0 0 1 84 0 0 109 255 255 46
    255 0 163 255 0 128 255 174 167 144 255 182 0 115 255 0 166 0 239 0
    0 182 156 159 157 255 152 88 255 196 201 93 134 0 255 15 71 24 0 159
    255 187 101 70 255 0 197 104 80 118 114 214 255 153 93 0 255 226 97
    255 0 255 255 0 255 0 222 204 0 255 255 255 221 255 110 110 19 124
    81 49 0 0 255 89 0 0 98 111 0 255 230 107 222 46 193 0 142 0 113 218
    14 146 209 0 30 153 5 255 182 52 255 0 255 205 93 44 225 213 158 112
    0 17 179 198 0 125 255 0 255 255 34 143 255 255 7 0 141 255 255 160
    148 255 0 0 107 59 163 0 255 255 77 255 108 0 205 223 239 219 0 18
    89 0 0 0 0 241 58 168 255 196 159 255 0 109 255 122 0 14 22 255 36
    255 33 74 178 180 122 83 114 167 91 163 255 113 0 237 22 158 81 127
    232 229 181 243 255 69 162 0 0 0 71 255 224 0 218 86 180 207 0 255 0
    255 38 255 102 234 135 68 255 227 0 113 141 43 0 14 0 223 157 0 255
    0 23 0 67 215 106 255 157 112 204 0 105 41 194 189 83 128 255 176
    209 208 255 26 77 0 243 255 129 3 160 0 240 10 108 156 255 143 239
    18 51 120 228 81 0 255 1 211 108 6 81 0 9 255 141 138 106 169 0 58
    196 255 100 73 255 152 28 255 15 0 37 44 12 203 91 236 255 255 252
    67 210 186 95 38 116 64 109 188 223 0 255 40 255 255 255 0 255 194
    178 169 255 0 36 109 0 0 7 117 248 208 255 255 255 220 0 0 244 44 0
    144 41 62 255 0 255 244 0 244 171 248 0 255 0 3 0 133 145 113 128
    180 255 255 93 255 234 193 113 158 255 0 255 14 63 170 164 255 0 95
    255 56 255 55 228 130 140 226 49 255 174 0 108 212 108 255 135 84 96
    0 146 140 21 0 230 0 227 189 54 210 120 155 239 0 29 246 250 181 29
    255 139 45 255 255 255 201 178 255 255 0 0 169 255 23 174 0 0 52 134
    152 255 144 0 99 67 237 22 88 55 87 196 209 255 134 215 255 0 221 29
    197 91 255 255 104 145 49 0 49 0 0 255 48 255 135 0 178 163 0 168 70
    140 111 110 111 188 9 194 255 37 252 172 82 146 255 0 0 93 0 0 133
    106 182 0 0 162 142 144 237 42 255 174 0 95 247 246 139 122 122 0 92
    115 0 255 151 0 0 12 243 55 80 218 0 255 255 245 118 0 255 125 32 29
    255 0 50 122 77 165 157 198 0 0 255 1 0 0 134 255 255 255 0 100 255
    215 0 15 255 255 0 177 124 0 0 167 0 0 238 131 10 0 189 189 150 255
    0 238 27 0 114 61 43 223 7 0 72 0 65 43 252 0 28 0 117 55 80 204 141
    195 136 176 171 225 171 0 222 255 255 225 0 255 255 0 210 11 205 0
    255 255 215 197 116 45 0 0 53 42 0 94 42 255 0 214 255 255 83 0 148
    194 255 0 163 131 222 21 168 255 189 0 255 0 33 255 175 40 0 255 87
    255 255 64 255 255 73 0 201 255 255 31 164 81 164 255 215 212 214 0
    89 24 118 255 51 255 255 61 255 242 162 124 187 90 2 39 255 65 0 141
    146 69 23 0 195 98 235 55 119 0 248 0 0 237 165 0 255 0 54 255 255 0
    204 0 216 105 169 71 8 216 208 68 155 171 255 50 69 116 37 0 255 100
    254 255 66 255 255 76 172 0 65 182 138 0 0 115 60 0 156 46 97 0 255
    76 0 188 80 0 104 128 158 30 0 172 128 171 255 107 50 232 193 255
    255 242 170 255 189 106 26 84 35 137 152 191 131 114 0 0 255 0 23 0
    0 191 0 0 187 0 217 0 53 0 114 255 0 9 0 0 9 28 191 151 84 17 34 0 0
    4 232 129 255 14 216 255 113 89 7 101 255 150 0 0 190 219 255 0 0 98
    255 0 255 0 255 47 0 47 91 253 81 84 0 255 131 58 0 171 207 0 131
    255 18 245 246 194 0 107 255 180 67 255 0 255 194 9 98 255 163 135
    120 178 59 0 25 230 200 255 219 27 255 129 0 255 208 255 10 0 255 38
    14 193 0 255 58 194 18 65 154 54 146 93 255 126 210 206 249 104 51
    248 82 137 255 107 74 11 0 0 78 255 252 255 227 205 29 0 0 140 0 30
    232 129 206 0 255 60 12 0 0 235 19 102 255 203 255 146 189 0 198 255
    255 243 67 20 165 136 0 0 73 118 255 9 0 171 181 0 0 255 29 9 0 0 0
    144 101 226 170 149 255 5 214 0 134 224 0 255 215 160 163 198 255
    180 208 255 0 231 0 0 255 112 212 145 255 109 169 255 104 117 255 0
    255 0 222 0 255 0 36 58 212 255 36 201 255 196 255 121 92 96 0 39 13
    0 113 78 174 0 255 255 115 255 0 255 205 164 170 111 15 155 9 132 0
    255 204 48 255 54 255 0 0 255 130 14 255 255 255 255 0 255 0 255 101
    82 251 209 255 216 94 67 219 127 0 250 22 247 0 180 18 167 227 197 0
    225 110 255 131 7 229 132 255 255 238 146 112 83 0 106 168 87 191
    166 0 13 153 0 89 22 220 255 63 0 122 255 255 51 255 255 0 104 13
    123 95 145 162 35 51 50 140 129 32 0 255 27 0 152 120 125 181 255
    255 5 250 126 12 139 0 15 31 237 198 176 71 188 143 0 0 255 0 255
    216 255 21 0 138 255 46 31 152 255 255 0 164 166 0 255 255 219 0 255
    171 161 255 120 0 42 227 255 199 188 0 177 160 110 117 176 121 255
    163 0 11 255 191 99 49 141 205 153 0 190 215 8 255 0 152 154 0 255
    255 255 224 153 78 255 0 255 82 180 41 139 35 202 106 41 95 202 248
    143 50 0 209 0 218 155 14 246 83 255 202 136 0 10 255 230 255 255
    148 6 0 25 220 255 183 0 255 194 1 97 97 180 166 155 4 255 228 99
    255 0 144 245 46 246 150 255 0 159 210 123 99 163 0 72 105 0 241 61
    133 230 125 237 2 146 0 103 173 0 0 133 0 244 255 0 0 255 255 138
    255 105 165 255 244 0 255 186 255 125 206 155 197 255 255 137 74 62
    255 225 0 119 56 19 119 236 255 198 159 0 0 208 90 211 0 0 28 44 7 0
    63 41 0 0 255 255 163 255 189 255 0 255 247 255 0 255 200 13 0 235 0
    0 132 0 118 0 65 190 102 249 49 188 117 255 98 57 28 255 54 255 146
    223 127 70 0 215 255 78 84 215 208 255 0 156 147 134 191 98 195 47 2
    223 255 30 15 255 190 42 0 183 82 96 60 23 255 255 255 162 100 37
    124 255 72 255 0 144 73 255 255 7 64 244 255 255 139 255 255 20 132
    14 151 255 249 79 102 185 174 0 26 255 255 105 255 67 0 255 145 255
    192 223 42 44 255 77 0 75 55 232 71 255 255 60 120 21 203 0 81 154
    151 59 214 212 92 222 68 45 255 255 187 255 87 255 40 0 132 242 255
    255 207 142 1 241 145 0 0 255 72 255 42 241 255 255 160 50 48 255
    236 116 99 96 71 230 224 59 255 56 255 245 255 37 128 237 0 247 255
    254 0 255 180 255 78 22 255 241 6 255 232 22 255 0 163 0 248 0 200
    152 136 255 206 255 255 131 0 40 255 30 8 222 2 0 255 96 255 83 255
    1 255 244 8 165 202 114 0 0 255 155 206 223 0 11 168 255 74 132 255
    0 166 0 45 178 214 208 0 169 242 225 236 127 255 170 52 33 0 8 39 8
    71 127 133 0 244 96 0 132 6 28 9 89 83 255 197 222 0 151 0 103 255 0
    202 133 45 0 255 255 27 255 15 234 60 86 255 0 35 243 0 255 0 138 13
    155 43 0 141 64 212 255 204 132 38 82 180 255 80 234 0 36 255 0 255
    255 255 89 149 119 0 255 5 255 64 4 104 0 202 108 224 176 120 233 0
    0 164 0 187 255 0 0 216 48 137 0 255 56 93 0 61 255 35 132 121 70 42
    214 39 0 33 24 255 187 137 255 130 183 255 0 189 78 195 199 191 133
    255 236 255 229 102 230 120 255 255 0 172 149 125 108 123 81 255 0
    144 255 84 233 0 82 255 204 101 240 90 0 0 2 197 11 166 5 167 0 96
    241 157 80 133 34 222 8 255 36 196 0 210 0 36 190 0 0 255 0 0 0 230
    0 0 255 27 124 240 246 65 0 203 223 58 110 182 160 145 89 6 240 255
    252 34 98 104 255 199 255 120 0 255 182 0 238 46 0 105 145 60 145 0
    255 255 255 255 22 255 255 26 236 20 190 163 63 255 0 98 245 255 255
    186 79 229 58 216 0 150 44 54 0 0 153 140 144 96 0 192 0 90 0 66 25
    143 53 255 134 15 0 0 166 150 255 255 243 50 124 18 172 210 13 0 0
    90 215 231 29 236 0 230 255 0 16 135 6 0 0 2 140 119 0 0 173 76 226
    41 0 16 255 255 11 108 255 255 255 255 177 255 115 122 255 99 228
    255 0 251 0 78 0 255 255 103 249 255 255 196 150 168 0 255 162 68 55
    169 255 128 233 43 25 82 48 0 209 211 255 50 255 59 0 153 255 0 0
    162 112 131 255 0 43 80 153 84 98 38 161 25 255 97 221 55 255 6 224
    222 204 189 188 243 255 8 0 0 204 255 255 0 253 255 200 56 117 156
    249 112 44 253 5 241 125 255 41 0 39 227 161 240 238 0 255 231 181
    255 0 0 255 92 0 0 255 255 223 227 225 161 255 229 122 0 243 99 125
    255 4 0 255 178 255 32 0 0 198 0 144 255 194 255 121 0 107 53 255
    111 255 108 0 255 255 88 229 0 78 115 30 0 26 50 255 0 0 216 255 38
    198 255 16 141 0 83 120 53 79 0 255 255 75 137 0 144 0 8 186 54 255
    52 140 241 197 0 70 111 60 159 105 107 0 230 4 0 3 49 24 255 255 255
    150 0 119 0 162 189 13 240 76 251 0 19 122 0 255 31 143 86 0 0 0 255
    18 255 221 209 101 0 188 0 134 245 0 255 137 167 0 38 139 0 30 255 0
    0 0 27 28 0 255 226 255 83 65 0 243 236 23 164 0 0 231 167 38 112 0
    82 0 254 89 225 142 255 160 117 255 177 125 149 33 239 175 224 0 187
    18 220 252 17 255 0 14 27 0 0 81 56 70 153 191 160 0 163 118 255 95
    135 67 89 255 84 0 143 255 255 200 11 11 182 249 255 243 255 176 117
    121 255 255 64 255 47 223 241 240 255 41 255 114 88 74 213 33 0 46
    255 0 2 255 0 109 160 252 225 1 255 182 235 178 0 255 74 255 0 255
    255 242 90 0 0 118 255 67 0 19 53 0 0 0 209 255 213 138 117 42 255
    255 35 195 144 28 235 85 0 55 255 38 0 177 136 255 81 125 216 0 0
    255 113 66 234 111 240 94 147 121 0 255 37 0 128 196 0 231 255 0 0
    13 254 0 255 0 255 0 255 28 127 255 96 131 136 168 86 209 147 255 76
    255 37 0 15 200 6 55 59 234 234 165 124 255 36 243 1 0 165 255 217
    200 227 164 111 0 17 95 143 132 237 192 70 0 255 22 195 105 193 236
    0 244 8 105 24 0 118 101 144 82 161 202 104 0 255 183 210 127 205
    255 242 253 0 159 255 255 255 40 255 93 172 96 191 32 116 255 177 30
    212 236 29 85 246 136 0 178 247 72 92 0 0 37 0 255 255 0 0 181 53 0
    0 0 255 53 255 255 255 165 0 207 185 255 124 189 34 0 149 0 255 255
    8 200 223 255 113 255 43 0 26 115 255 0 170 255 255 142 255 0 147
    255 255 88 163 18 0 255 106 22 76 161 0 255 201 255 255 99 7 0 255 0
    236 101 197 158 90 142 251 48 255 49 0 144 222 255 0 255 0 174 0 255
    105 14 141 8 46 101 84 0 255 226 255 0 246 102 0 155 12 199 165 101
    35 251 0 125 0 108 207 255 168 0 164 255 95 255 0 255 255 151 255 0
    255 255 174 242 0 42 135 232 214 0 64 206 0 66 58 169 15 200 0 255
    109 36 0 168 0 255 206 255 156 101 255 0 172 27 24 255 255 151 139
    19 140 227 0 224 40 0 0 67 242 190 0 255 255 65 255 0 116 0 122 146
    160 20 8 203 88 186 198 204 255 216 0 255 234 39 98 255 158 0 255 58
    255 255 33 0 119 255 0 255 14 192 73 138 116 0 183 0 147 241 97 89
    239 0 255 102 117 120 0 255 255 223 4 1 8 0 102 0 156 255 114 0 207
    0 255 195 0 204 205 223 67 255 0 211 0 100 0 129 255 158 22 0 148 70
    1 125 0 255 190 28 171 87 42 83 255 0 95 186 0 255 107 255 255 186 0
    167 192 244 49 242 255 18 58 0 188 0 255 255 42 98 73 0 230 122 19
    238 135 203 114 169 49 203 194 238 121 0 221 0 105 0 255 255 255 7
    225 169 0 101 255 125 0 255 255 242 0 27 126 134 255 157 31 119 54
    110 198 255 0 28 69 189 251 255 255 210 127 130 0 159 42 237 234 93
    255 130 0 0 73 159 0 23 151 0 35 78 229 188 200 255 109 207 34 54
    217 248 215 54 231 255 44 42 255 255 189 225 205 255 110 189 135 221
    253 154 0 228 196 255 248 0 255 255 0 202 160 190 3 255 28 114 68 14
    143 0 78 255 157 0 0 32 0 128 200 68 211 159 5 128 73 0 0 85 0 1 139
    197 0 209 180 149 121 197 4 235 71 156 0 255 46 210 255 39 220 255
    255 192 255 255 101 0 198 124 0 3 0 255 0 178 255 255 177 255 100 0
    135 68 5 29 0 71 198 166 255 204 255 0 35 255 173 0 94 255 60 0 255
    255 93 186 198 49 153 213 0 218 16 0 161 28 144 84 0 96 224 187 255
    166 255 255 255 20 226 0 206 255 244 193 0 210 7 0 8 109 204 170 0
    38 0 0 230 203 136 0 0 79 0 255 255 230 185 131 99 224 203 170 61 0
    35 183 0 0 0 0 139 6 143 36 197 0 92 0 0 17 0 168 91 255 255 205 249
    3 222 255 193 255 211 219 0 124 255 168 14 255 0 255 233 255 242 52
    255 50 155 55 91 255 0 0 255 0 0 0 0 255 255 255 165 246 43 26 37
    255 196 0 255 218 138 199 169 249 0 255 255 104 217 0 255 245 168
    255 83 137 55 111 255 0 162 235 0 255 191 255 123 248 11 0 250 11
    230 68 0 96 253 112 40 228 185 49 255 0 0 0 0 0 151 16 0 133 163 254
    154 122 198 228 243 0 103 0 154 178 223 0 35 88 252 0 238 181 73 255
    255 86 0 208 3 177 0 33 0 0 0 107 178 0 255 16 185 174 70 27 16 0
    255 118 17 179 79 0 255 255 0 67 250 9 255 221 210 0 0 0 255 107 95
    35 51 255 0 198 214 203 49 231 255 0 0 255 181 255 255 255 255 168
    83 195 255 255 1 65 206 177 0 14 210 76 191 50 0 132 255 182 0 0 255
    153 185 0 0 69 13 0 255 248 164 57 54 0 156 37 46 32 255 255 0 255
    17 229 0 228 30 24 134 109 0 178 82 150 6 32 255 104 46 230 203 255
    0 118 216 0 121 119 3 161 236 39 88 104 240 181 155 0 107 68 193 52
    43 159 27 169 11 255 25 68 100 0 247 26 33 54 0 229 113 208 255 122
    181 0 154 219 0 228 180 249 255 56 32 149 95 145 237 225 255 0 255
    203 241 23 241 153 84 41 168 255 255 3 153 92 83 83 0 0 83 166 255
    132 235 148 31 0 221 24 141 140 18 255 255 115 111 68 81 255 255 241
    64 255 255 255 47 218 170 0 153 139 0 133 255 255 25 162 0 0 255 0
    216 48 62 255 0 255 255 157 211 49 0 255 67 0 255 218 156 255 255
    255 255 84 15 169 134 240 3 196 218 49 48 141 214 114 185 0 255 255
    77 130 160 255 0 6 0 193 148 217 130 195 187 255 196 116 139 127 110
    172 218 7 174 95 98 160 60 0 0 126 159 235 18 186 255 139 162 191 0
    219 159 245 175 209 22 250 225 25 115 255 0 36 255 240 189 255 188
    192 126 163 255 0 42 246 157 80 255 255 38 115 96 198 183 97 169 43
    183 148 243 236 0 16 184 216 0 0 174 163 0 231 255 0 255 0 4 137 59
    0 28 62 246 58 52 113 77 220 0 140 251 115 196 198 92 255 232 0 0 0
    100 201 255 207 80 255 49 255 255 145 0 103 121 13 0 141 205 191 65
    127 0 118 211 248 66 255 48 0 255 148 230 255 0 159 0 0 182 0 178 87
    0 255 174 8 255 174 95 255 118 198 255 255 128 174 25 0 0 152 14 0
    85 163 35 48 158 0 248 0 255 255 226 43 51 255 174 0 144 251 113 85
    133 0 96 4 255 255 28 234 230 0 98 66 255 255 106 127 139 0 106 123
    158 255 72 252 244 215 0 175 255 0 8 0 81 0 255 255 59 188 62 19 132
    53 156 90 224 38 168 37 172 183 8 14 255 213 91 192 88 42 0 0 18 249
    96 181 255 250 5 150 225 249 2 245 3 0 0 255 0 235 136 0 196 0 0 103
    67 255 133 146 109 26 11 0 206 0 0 205 138 255 255 106 255 255 234
    255 255 178 146 0 208 0 210 47 227 0 162 255 255 155 200 255 169 45
    187 0 224 6 202 118 3 11 255 174 74 9 236 255 255 32 255 187 209 251
    61 0 161 8 0 196 60 17 173 138 0 80 131 255 220 141 80 68 255 141
    234 129 255 255 255 81 255 78 137 0 192 44 69 204 0 72 87 4 104 144
    255 243 90 0 4 158 156 250 255 128 210 240 0 54 100 76 143 103 14 72
    103 131 33 160 231 255 16 255 255 255 0 241 255 0 216 126 84 162 80
    216 169 208 249 0 0 239 0 255 237 11 255 0 32 129 27 46 0 241 0 0
    255 201 0 141 255 231 255 0 94 228 0 195 116 94 17 125 51 21 107 0
    200 255 57 166 0 226 201 219 255 0 248 0 73 54 0 137 40 29 17 221 2
    193 140 112 255 65 149 47 155 0 124 0 9 98 2 68 46 111 255 0 0 56
    255 231 22 135 255 0 0 28 124 0 255 38 81 255 170 47 3 31 255 160 0
    142 174 216 0 92 124 117 45 58 255 111 100 112 255 255 16 123 0 0
    192 38 248 0 255 255 131 210 189 255 153 31 0 203 253 0 255 255 79 0
    183 86 0 0 255 255 233 15 0 62 198 255 222 0 255 0 135 0 24 226 0
    192 178 0 0 255 94 220 105 255 50 49 0 58 41 0 39 254 82 255 216 61
    149 206 34 255 255 163 0 167 0 87 185 207 255 215 0 128 141 162 52
    51 114 0 126 0 174 152 23 0 0 191 158 102 196 184 13 117 255 226 255
    0 220 69 162 40 134 0 194 0 36 143 40 0 116 243 148 255 131 197 137
    231 145 78 255 255 148 255 255 201 255 46 45 247 220 248 235 128 71
    255 255 72 0 0 149 0 144 0 3 120 0 255 0 255 93 0 2 0 78 108 95 111
    227 125 131 62 173 255 255 90 94 255 160 149 37 236 108 0 255 0 255
    241 36 59 0 6 57 82 255 255 255 141 0 215 128 193 201 29 0 255 0 61
    0 131 8 219 230 118 255 0 37 255 255 53 33 203 124 0 19 90 25 183
    179 0 0 139 0 28 212 143 71 145 0 255 250 125 0 0 0 155 117 255 157
    255 120 255 245 255 64 251 255 0 0 255 255 0 16 61 90 0 223 180 12 0
    117 0 0 255 193 98 255 131 255 0 255 109 0 178 0 135 103 255 71 206
    156 255 243 0 37 0 255 254 252 236 254 0 180 39 175 237 195 0 37 234
    175 248 255 255 33 255 255 67 242 114 255 124 200 255 184 0 0 28 67
    71 0 255 97 0 109 234 15 109 0 0 0 111 247 159 255 197 230 150 213 0
    96 155 173 255 132 26 255 162 206 163 255 152 20 100 50 157 220 79
    255 40 19 255 240 255 0 125 144 192 205 255 255 33 198 189 255 0 159
    81 255 155 239 238 0 67 87 111 0 64 93 0 17 97 225 137 0 102 81 46 0
    157 193 42 128 255 255 255 255 93 189 146 199 40 0 182 255 0 116 149
    183 190 50 15 255 0 135 58 141 255 37 0 65 81 149 142 108 122 28 255
    255 255 7 7 171 0 0 255 125 255 137 32 255 79 255 101 0 255 162 0 9
    255 255 129 102 145 25 253 222 107 0 242 255 125 246 255 87 38 195
    93 235 103 0 9 255 64 0 120 255 134 249 85 34 89 61 193 103 222 224
    255 87 75 98 255 223 91 255 140 52 241 212 0 255 212 0 197 255 179 0
    49 255 0 255 150 105 255 79 75 255 0 63 0 0 119 0 97 4 7 255 0 186 0
    53 0 0 255 78 6 51 184 220 255 129 255 0 103 61 167 56 16 68 51 25
    39 159 114 167 249 0 59 13 0 0 184 255 255 242 0 236 162 203 172 137
    255 255 22 4 92 255 0 0 183 70 47 0 215 217 222 127 255 216 1 0 255
    46 0 189 16 0 255 255 80 15 144 242 97 99 0 79 255 40 99 152 141 228
    0 34 74 201 179 160 211 207 255 155 62 255 223 0 57 0 224 255 79 245
    80 193 124 0 184 21 180 255 82 255 13 0 99 72 67 65 3 0 67 9 135 31
    146 0 255 245 106 26 30 220 255 104 160 226 204 1 0 255 255 77 0 124
    235 1 91 34 0 219 88 255 255 215 150 0 215 209 0 104 182 121 0 193
    58 177 46 228 16 0 67 205 239 255 74 0 241 255 255 255 54 0 198 255
    97 130 255 247 253 255 209 0 135 255 193 124 0 0 213 100 72 204 91
    62 110 0 255 0 55 55 0 48 165 221 64 214 119 131 204 95 0 93 1 7 0
    90 255 255 126 242 255 50 0 247 131 0 45 141 190 255 255 0 176 217
    25 0 169 190 0 255 255 76 88 11 123 0 103 0 84 39 255 206 255 0 255
    41 213 111 0 14 23 37 0 0 255 245 0 255 3 0 255 253 120 31 0 255 0
    10 174 67 255 0 0 206 0 230 119 227 0 111 255 0 255 255 0 78 255 57
    85 0 0 255 130 91 129 255 26 199 247 252 255 255 201 127 113 116 49
    250 49 255 155 182 242 178 255 63 64 77 83 50 79 82 255 0 131 255
    255 43 255 0 152 21 15 255 226 204 0 230 255 0 255 103 18 96 115 105
    191 204 0 180 80 12 0 0 177 213 149 123 0 68 16 255 236 255 169 234
    100 0 255 0 255 108 54 44 64 73 53 0 195 0 219 118 40 250 255 126 75
    0 70 54 76 138 130 7 255 211 100 0 164 156 255 113 184 216 38 255
    184 104 0 184 0 0 255 229 56 0 0 86 113 255 198 215 170 255 153 222
    255 3 185 109 210 197 219 255 98 141 215 0 198 149 0 255 255 255 15
    0 255 112 0 119 255 214 174 255 115 56 255 16 157 90 141 151 173 255
    255 157 0 254 255 197 234 65 20 255 68 243 255 229 107 7 243 255 0
    152 45 218 127 186 155 63 78 209 118 255 255 0 110 114 42 215 246 0
    250 6 160 0 246 213 146 126 160 176 6 37 0 0 23 52 201 48 182 85 0
    112 233 111 158 0 255 140 134 17 28 0 0 196 239 245 255 0 53 173 27
    255 6 255 158 255 53 246 58 0 0 205 76 104 0 40 211 64 212 116 0 0
    180 245 11 126 0 228 178 48 107 101 100 255 255 255 0 214 255 1 141
    163 182 126 255 226 0 203 255 0 196 27 200 255 248 23 81 202 38 28
    181 107 0 204 236 0 112 72 214 255 231 175 179 181 8 196 255 153 0
    206 255 124 156 0 0 71 0 255 133 0 255 74 0 116 101 137 255 65 143
    255 0 151 255 233 151 214 235 20 0 0 8 192 57 237 23 178 178 212 235
    101 90 114 25 68 0 29 255 30 185 255 28 156 214 225 215 115 136 0
    255 7 157 165 255 0 35 0 0 236 67 2 60 0 0 255 255 0 80 188 255 126
    0 157 119 12 0 115 0 64 58 255 183 0 221 46 255 130 12 0 133 0 255 0
    0 255 65 137 255 0 0 143 226 255 217 21 151 0 96 0 20 0 49 255 104
    141 255 255 0 255 255 180 173 123 41 255 55 196 255 99 41 255 0 0
    245 132 130 162 215 150 226 255 255 45 253 55 255 146 227 0 79 255
    20 77 162 0 86 125 8 226 0 166 70 255 48 72 211 0 255 0 0 111 0 0
    183 13 255 109 0 0 255 233 0 129 0 255 255 88 10 255 82 66 0 169 255
    0 0 196 255 116 137 99 115 251 0 255 0 0 159 74 170 104 104 213 0 0
    211 144 255 39 255 237 0 25 0 255 0 177 191 255 235 148 18 143 78
    255 0 155 246 0 106 221 255 124 255 56 85 11 106 246 0 211 196 55 96
    255 0 173 75 230 255 255 175 143 28 0 255 195 18 47 130 255 255 94
    120 142 10 127 199 203 163 221 240 139 200 130 235 122 53 14 218 122
    0 121 0 149 169 128 124 178 255 183 255 255 107 54 255 0 53 146 197
    255 153 190 255 191 255 75 203 255 166 184 31 110 255 196 180 251 91
    56 208 62 233 255 116 127 59 227 94 255 0 227 155 74 175 77 36 255
    255 165 0 231 73 18 186 113 69 113 95 255 144 255 128 18 209 175 63
    60 255 93 11 134 243 199 199 0 0 255 0 255 245 53 118 167 212 70 0
    255 38 182 255 0 183 0 0 0 94 0 122 255 86 77 255 154 0 132 183 246
    213 63 94 16 255 0 45 255 0 145 194 0 30 193 162 162 255 166 0 255 5
    194 106 0 255 47 66 168 162 255 152 0 111 39 109 114 206 130 0 246
    209 29 139 255 121 32 255 98 255 0 61 197 0 126 135 90 0 0 0 76 220
    94 113 255 202 8 255 195 141 139 87 136 196 225 0 116 238 29 43 0
    255 255 0 239 0 132 194 80 255 39 0 255 251 200 134 0 255 130 114 27
    128 255 6 61 68 248 64 0 20 29 151 197 42 172 2 158 255 245 97 16
    255 255 135 143 255 255 86 95 222 0 255 19 0 255 168 0 190 177 241
    255 1 95 152 0 148 204 255 15 0 255 255 255 175 255 255 13 198 112 0
    152 0 255 0 245 254 197 255 225 255 214 255 173 144 255 67 246 0 83
    172 129 46 211 174 255 0 28 73 138 255 235 160 132 255 155 224 255
    128 76 132 66 53 25 177 0 201 178 255 255 255 113 255 255 0 0 181
    170 0 208 110 2 0 48 3 182 45 60 177 234 217 224 118 255 5 136 154 0
    228 0 174 217 14 67 90 135 255 73 225 255 237 0 245 156 177 255 255
    9 171 255 10 255 0 56 97 56 176 255 255 255 182 110 139 255 34 9 199
    0 190 145 0 255 80 150 232 138 164 255 255 5 215 237 69 92 79 255
    149 255 119 117 242 0 177 78 81 255 0 247 241 0 85 255 0 0 0 0 128
    28 255 255 205 0 59 181 165 0 0 255 186 52 25 239 0 204 0 76 3 14 0
    0 108 0 0 150 184 56 0 255 158 221 139 166 36 161 0 255 0 118 0 80
    61 0 76 255 255 217 228 124 0 0 0 204 143 30 186 0 110 255 38 0 0
    255 42 0 176 0 254 0 207 8 238 114 209 255 0 193 92 190 0 47 42 255
    255 192 0 144 0 0 0 224 229 6 145 208 163 255 65 0 151 0 187 0 254 0
    255 238 255 255 175 251 175 145 180 255 0 11 0 0 4 0 69 0 176 255
    174 230 83 130 255 0 82 0 52 145 72 0 138 255 240 126 118 166 0 162
    0 148 144 255 232 202 0 210 0 0 42 0 0 0 255 0 15 199 131 255 52 0
    215 0 255 255 228 18 81 255 0 123 33 255 82 233 238 232 216 28 255 0
    139 100 0 208 46 255 152 173 0 0 74 0 0 166 221 182 0 113 148 0 93
    42 0 0 0 188 215 0 0 93 83 106 255 251 76 0 245 44 0 255 179 7 103
    255 19 197 0 184 250 166 133 38 31 0 184 16 255 75 255 84 199 186 0
    122 38 249 255 138 238 124 0 158 255 204 62 214 241 255 0 74 188 213
    0 220 42 120 255 60 231 255 255 169 5 125 71 181 93 183 164 246 97
    54 104 106 255 54 0 213 215 188 255 199 32 193 255 177 255 49 0 163
    255 227 209 255 127 62 255 51 0 53 255 248 255 0 0 187 245 93 190
    198 189 128 178 93 255 148 228 255 8 255 179 157 255 0 0 0 140 255
    255 254 104 0 44 174 255 206 121 255 255 255 167 0 0 255 179 50 89
    90 83 205 0 3 47 191 187 145 42 0 90 0 0 0 0 45 0 113 0 62 0 134 238
    136 255 77 255 19 4 31 255 0 0 18 0 186 96 241 255 149 110 50 33 212
    118 230 31 255 255 17 193 139 0 106 0 205 0 0 176 189 0 0 90 233 148
    181 255 255 184 255 208 227 255 130 185 224 169 180 11 178 121 90 33
    103 243 209 62 158 59 89 158 255 61 0 171 13 243 96 0 92 0 11 218 60
    134 217 0 126 226 127 221 255 84 255 0 216 202 0 255 103 86 74 192
    27 5 151 0 114 130 0 3 0 234 8 187 0 255 100 201 62 186 255 0 255 0
    255 117 255 182 101 192 255 162 57 9 0 52 0 56 119 0 10 29 255 108
    153 197 85 47 97 16 0 109 155 3 255 255 209 0 167 255 153 135 110
    255 27 147 17 97 180 0 154 0 255 195 137 148 158 255 60 233 238 255
    216 121 255 0 255 255 255 192 162 195 0 50 0 233 228 145 194 146 255
    230 212 255 189 0 255 72 101 122 0 255 198 0 86 36 203 158 235 255 0
    24 255 255 64 218 161 248 230 0 179 255 9 56 0 25 252 87 198 48 177
    13 250 255 177 232 255 207 0 46 255 191 97 210 0 195 190 255 255 112
    255 182 59 183 13 10 101 9 224 0 97 0 255 255 255 255 255 96 50 76
    35 0 78 90 172 223 116 0 0 74 24 182 18 0 102 246 0 140 95 0 209 0
    148 0 38 30 91 0 149 158 0 228 3 255 66 149 0 9 142 255 235 125 250
    118 255 0 103 0 247 157 103 160 255 194 255 117 0 198 172 7 34 151
    73 0 127 48 255 144 27 241 255 0 191 255 78 0 50 7 183 101 47 222
    255 242 0 0 193 255 0 130 255 0 163 255 0 80 206 0 151 0 85 203 0
    143 0 9 67 255 105 141 0 249 255 105 255 0 255 0 255 13 27 55 199
    180 0 198 54 178 32 15 255 170 192 105 255 223 3 255 255 255 226 173
    186 131 0 255 255 55 255 176 255 0 214 181 239 210 201 246 0 12 59
    29 0 0 255 255 243 215 224 132 3 43 172 10 255 105 0 0 51 0 255 233
    0 197 255 255 201 154 255 115 140 9 58 0 22 14 0 237 117 38 0 255
    179 189 158 115 255 238 221 255 0 0 255 29 211 254 155 0 0 0 0 0 47
    236 0 216 219 243 255 0 255 45 0 197 8 18 110 223 16 96 69 55 255 66
    71 170 80 197 0 97 125 255 160 0 255 103 84 253 0 255 7 95 10 0 255
    154 171 114 255 118 30 0 210 85 168 244 98 245 49 33 255 255 255 255
    255 79 235 235 148 5 12 120 69 210 181 20 26 58 255 255 216 0 255 70
    0 255 0 147 255 0 152 164 109 167 0 0 0 118 126 180 226 142 150 180
    179 15 102 0 115 255 196 117 255 108 0 255 0 0 0 33 204 248 236 137
    193 137 3 170 195 255 0 140 255 0 152 100 172 226 121 185 255 105
    125 0 143 207 164 255 255 95 42 230 199 84 255 115 233 255 255 255
    255 139 78 0 0 154 255 130 16 255 156 112 255 0 0 107 117 21 114 61
    127 231 31 51 255 0 102 0 127 0 84 146 0 149 188 93 32 22 255 115 42
    255 0 222 85 89 138 0 76 69 72 64 32 255 151 255 184 245 255 0 175
    67 0 255 89 221 116 50 7 89 156 197 237 63 42 84 255 0 86 93 10 196
    0 77 146 107 0 215 255 88 255 255 255 6 209 18 0 255 223 73 0 136
    255 227 59 204 129 188 163 255 231 185 255 28 27 255 146 255 106 24
    0 255 172 247 150 0 0 118 134 255 255 255 106 98 0 255 126 160 0 119
    0 101 255 21 131 255 74 0 218 255 82 66 255 255 0 255 118 255 86 0
    145 0 206 150 255 255 0 255 1 216 180 61 14 55 196 255 187 65 26 25
    0 255 66 53 255 255 158 0 255 103 253 76 67 170 117 255 111 169 255
    96 0 0 123 213 128 143 6 0 255 149 184 0 70 0 0 0 167 0 19 252 255
    21 253 207 58 190 255 0 80 55 69 84 74 0 229 228 111 164 70 0 0 129
    255 60 131 245 255 132 240 227 255 0 23 255 53 255 101 210 48 255
    145 89 255 171 224 158 255 183 198 71 0 255 30 180 237 0 186 66 0
    214 133 255 107 0 255 208 0 103 58 0 255 255 206 0 255 166 140 254
    222 126 251 122 7 253 255 0 255 120 61 242 3 51 0 102 255 198 249
    108 154 64 25 255 165 9 139 255 255 255 0 103 238 12 108 15 0 201 0
    0 135 255 46 130 160 255 106 174 232 12 0 255 0 255 175 0 224 255 0
    80 38 198 179 182 178 255 159 255 130 255 235 111 253 64 113 172 204
    164 134 219 31 245 183 157 255 16 227 127 103 0 255 114 158 255 209
    0 87 179 0 0 0 239 0 82 96 126 236 204 187 160 162 62 255 18 209 255
    0 253 230 0 221 237 255 255 52 94 0 255 131 32 152 48 173 15 29 0 0
    75 0 56 140 85 255 66 184 192 0 46 101 214 248 255 251 88 0 255 128
    255 141 221 194 255 66 254 194 65 87 107 251 180 161 0 41 90 43 19 0
    0 37 255 217 46 212 255 125 0 163 255 2 41 225 173 0 37 81 50 0 0
    218 18 0 0 231 245 255 0 255 105 22 0 189 123 234 0 11 255 191 32 0
    65 17 25 218 127 0 41 0 255 246 0 255 115 61 129 212 255 66 255 153
    118 0 122 230 255 80 255 34 40 255 0 110 145 95 0 255 78 136 236 235
    209 0 0 250 255 147 59 219 233 186 0 255 114 137 255 255 129 255 0 0
    57 83 255 143 14 67 1 21 89 116 59 80 92 197 238 24 255 255 195 255
    255 87 101 173 215 0 18 249 28 59 138 28 32 236 255 4 255 255 196
    255 255 190 187 0 255 96 105 65 134 133 247 255 255 59 255 255 19 0
    255 44 202 255 0 255 0 255 255 255 255 0 128 228 0 151 255 61 255
    135 255 0 26 0 0 31 96 0 160 236 132 72 0 255 57 122 6 58 76 133 45
    183 62 20 239 255 69 0 146 255 157 93 255 255 57 165 224 24 3 181
    255 77 86 255 217 0 11 91 219 0 121 136 76 255 0 91 255 255 0 172
    226 255 155 255 141 255 112 119 88 202 132 67 116 255 210 255 181
    212 37 68 151 0 41 248 0 9 102 166 255 246 0 255 255 31 255 183 123
    255 198 227 245 23 255 29 255 255 134 255 255 31 0 255 255 164 0 125
    169 255 0 255 254 0 24 30 14 0 207 255 109 121 5 238 255 116 255 0
    65 255 0 141 177 228 0 61 221 255 32 0 88 255 171 255 255 255 189 3
    192 105 18 63 59 167 0 185 255 133 0 71 0 247 191 47 101 255 173 161
    58 0 227 1 167 13 3 6 0 255 255 255 40 117 71 255 185 22 0 0 0 142
    103 115 255 0 158 255 48 0 192 84 112 255 176 0 105 90 186 255 205
    180 0 48 255 27 57 255 255 99 204 45 255 255 169 128 80 235 255 0 0
    17 0 91 255 174 255 198 221 0 222 38 28 0 255 0 25 67 58 43 150 73
    165 0 13 77 0 0 155 121 167 84 0 255 255 0 137 201 194 133 255 187
    99 0 95 68 0 210 44 0 0 83 72 255 35 4 59 92 204 0 255 255 122 0 80
    151 255 68 110 219 13 0 255 255 0 0 255 18 179 149 85 34 255 177 69
    210 0 111 240 39 156 255 18 140 15 0 116 166 135 120 91 255 0 237
    255 197 87 0 236 238 171 0 103 169 104 171 42 57 0 86 139 155 48 255
    18 0 223 18 43 87 255 132 116 0 154 0 0 255 0 96 255 70 0 0 140 47 0
    0 164 37 174 202 0 121 111 133 166 21 255 255 133 194 17 60 255 0 21
    46 159 190 0 0 0 0 169 187 200 250 181 255 173 176 203 0 127 11 0
    231 229 0 28 130 0 199 255 0 119 0 229 0 0 247 53 196 0 109 151 137
    51 255 36 73 255 0 33 255 0 238 206 255 0 0 44 0 146 203 77 229 255
    63 202 130 0 0 166 211 97 44 194 200 0 108 255 137 0 0 40 64 0 164
    255 0 107 159 216 255 210 35 136 255 255 125 9 191 99 53 0 158 128
    255 17 255 77 30 174 255 115 11 190 137 37 135 0 142 126 0 72 2 177
    255 239 32 0 248 255 224 0 115 40 0 255 79 138 118 0 0 165 153 190
    209 187 0 162 220 255 213 69 87 205 0 153 255 131 219 255 255 99 255
    57 0 222 0 81 112 255 0 139 255 0 55 223 0 255 194 255 13 250 200
    136 70 255 233 0 90 241 0 15 178 6 255 255 0 88 159 229 0 97 161 10
    162 255 26 78 240 141 82 0 181 198 0 255 255 63 101 51 81 255 29 16
    58 177 255 255 38 0 46 5 55 0 0 56 255 65 240 125 128 13 0 113 0 130
    0 147 109 255 201 146 158 200 174 221 235 255 255 214 255 255 87 0
    255 47 21 12 245 255 131 132 199 255 48 162 51 0 255 0 197 255 122 0
    211 255 58 106 108 111 255 255 121 0 44 255 141 88 105 96 6 190 255
    89 0 149 161 0 0 13 78 225 0 0 255 188 116 255 255 133 0 0 129 158
    91 225 0 255 154 42 22 255 255 8 63 255 52 0 120 29 86 62 249 0 91
    209 131 255 72 0 21 137 255 246 31 255 37 97 177 175 14 166 0 189 0
    255 0 255 101 63 0 123 0 0 187 136 0 71 180 0 0 0 101 0 70 255 130
    255 136 255 185 0 0 59 123 255 4 0 16 181 193 78 255 0 255 161 77
    230 0 255 68 255 87 0 41 192 255 255 239 166 0 124 0 122 0 197 15
    207 68 0 183 244 117 255 43 200 255 226 0 0 255 200 247 132 152 255
    0 205 0 176 0 255 93 0 170 17 255 255 0 115 0 26 128 212 54 251 52
    240 109 185 149 209 255 255 144 43 77 76 0 53 205 115 187 234 173 61
    87 255 255 249 255 213 160 0 142 218 255 111 158 255 0 255 248 217
    26 153 24 226 255 81 96 57 255 161 0 213 89 0 0 87 0 52 94 0 122 78
    4 255 0 255 118 255 78 0 51 111 0 136 0 255 61 255 147 8 207 117 110
    255 112 46 71 255 90 213 59 255 92 255 255 65 38 164 255 255 249 156
    243 0 0 255 255 255 230 67 0 250 193 78 22 42 173 49 255 0 0 137 0
    85 153 0 61 0 255 37 0 191 110 255 110 0 255 43 255 255 255 16 70
    255 148 76 98 215 227 0 81 0 26 36 240 152 218 137 165 0 82 236 0
    164 0 65 0 255 68 0 197 0 0 0 45 151 128 88 0 0 255 93 158 232 0 0
    209 255 108 162 0 255 188 78 199 1 255 184 139 170 0 166 222 0 255 7
    255 116 200 73 16 95 179 0 255 97 0 153 7 17 168 85 177 255 212 32
    255 174 190 255 0 69 223 0 198 206 104 255 0 18 255 87 83 35 0 0 92
    0 135 104 255 219 236 228 255 255 17 255 0 255 255 255 65 79 204 89
    166 157 72 0 209 0 18 49 163 252 65 6 215 255 21 0 24 4 0 133 0 33
    169 25 221 20 87 135 38 0 99 78 255 51 255 149 183 78 0 201 171 152
    255 19 0 116 255 224 255 56 135 255 179 204 212 74 230 95 124 255
    213 43 255 200 223 225 0 255 38 80 127 171 3 180 0 255 88 69 218 0
    214 255 171 56 99 133 158 62 0 61 0 27 255 71 174 0 56 111 0 232 0
    96 1 255 185 245 251 124 45 0 237 255 102 0 0 59 181 158 255 241 0
    255 255 11 231 161 216 153 94 243 255 255 0 255 255 56 250 239 22
    159 209 0 0 255 111 163 101 208 29 132 215 80 128 85 0 156 91 133 13
    255 43 165 197 247 212 139 0 94 163 164 255 209 190 157 207 203 158
    151 158 75 255 111 183 255 185 127 0 117 32 173 15 238 226 193 151
    255 179 255 0 0 71 255 34 147 0 138 212 171 22 237 47 39 0 0 255 244
    214 255 130 255 0 255 133 89 0 0 255 63 64 50 156 222 159 214 0 232
    97 110 17 255 15 0 62 255 0 255 48 176 0 0 232 221 0 255 92 0 255 0
    226 44 239 87 255 35 255 255 255 122 240 98 255 0 188 232 0 0 0 255
    0 85 0 255 216 255 156 0 46 133 13 8 0 23 122 0 0 49 0 255 246 171
    254 0 146 0 169 55 255 0 255 0 255 51 255 171 107 213 255 255 26 161
    73 52 104 0 255 81 77 211 22 192 218 200 198 75 88 255 0 231 0 255
    227 84 7 183 163 0 194 241 64 255 224 156 104 41 0 255 26 128 0 255
    255 223 34 120 31 255 234 44 118 202 201 38 241 188 11 76 26 1 5 0
    241 0 0 64 0 0 255 255 18 24 211 125 52 0 255 52 139 137 130 140 242
    156 235 0 73 180 88 211 0 210 106 255 219 100 168 143 0 56 0 255 138
    0 148 0 215 0 107 255 245 240 255 255 29 0 132 0 63 5 78 84 159 255
    150 222 255 60 151 99 40 255 227 177 6 255 110 220 71 135 0 159 255
    0 255 117 0 139 23 0 224 255 22 0 188 255 22 24 0 0 33 255 255 107
    255 255 0 3 0 179 160 0 137 104 0 255 200 90 0 255 255 155 56 0 241
    97 34 0 6 178 0 0 81 250 229 255 0 222 74 255 41 71 7 0 182 0 159
    255 28 43 207 234 34 197 255 133 130 98 0 69 255 237 32 35 171 116
    255 219 144 0 255 34 105 159 94 0 255 251 203 255 255 190 168 29 30
    191 169 51 78 228 16 180 55 0 206 88 20 0 0 191 185 62 117 0 216 176
    228 253 239 0 26 35 232 255 0 121 236 198 113 40 29 255 109 255 0 0
    0 0 46 60 42 0 0 0 78 219 255 30 151 255 123 245 190 181 238 126 0
    48 168 75 255 2 0 255 55 189 118 42 57 106 0 59 243 35 138 8 255 0 4
    227 51 13 255 251 144 255 96 102 21 86 230 255 65 144 100 255 152
    106 255 80 180 239 15 0 255 53 70 0 168 181 3 255 184 255 223 23 28
    20 255 95 7 0 24 171 185 0 53 248 255 80 255 60 0 234 201 255 250 0
    158 255 255 255 110 158 53 226 255 38 44 85 0 180 240 141 231 0 255
    255 0 255 255 12 254 255 136 255 3 212 43 255 0 195 104 194 128 255
    142 120 255 255 104 110 0 10 195 120 0 255 255 58 102 255 49 0 16 0
    0 131 0 235 255 156 227 187 124 193 0 0 118 246 109 45 118 174 58
    255 255 140 255 216 47 0 7 255 0 0 74 87 131 171 164 140 208 255 255
    255 4 109 0 195 0 255 15 255 255 255 85 216 137 0 144 255 40 115 0 0
    95 198 99 152 0 0 0 27 139 255 60 9 127 132 0 104 255 84 216 181 57
    197 240 20 231 138 168 219 66 110 0 255 118 65 235 37 0 0 0 255 168
    255 164 255 205 129 0 20 246 32 174 177 255 73 112 0 255 137 117 119
    155 0 0 255 153 85 255 225 28 255 183 86 255 199 139 0 14 0 192 0
    160 255 51 215 0 0 160 39 71 0 255 18 0 120 141 255 0 114 156 100
    123 174 255 6 159 155 0 35 255 0 126 255 66 255 0 229 255 255 0 255
    0 255 67 0 0 255 0 141 236 33 195 93 134 3 136 179 235 180 0 255 178
    110 39 57 73 255 255 0 42 212 8 0 133 83 5 0 94 201 22 129 25 0 34
    175 255 0 255 151 89 229 245 0 60 128 13 0 215 111 198 235 255 179 0
    255 128 0 191 196 55 209 255 244 0 82 255 202 255 50 0 114 255 124 0
    78 201 255 0 233 57 179 117 194 255 255 43 65 0 0 201 0 176 154 0
    255 0 255 255 89 0 0 232 200 132 0 0 0 143 184 146 0 29 255 127 255
    0 2 19 109 255 0 255 197 255 0 178 210 207 255 174 255 255 210 67
    121 0 168 0 0 36 254 0 159 61 91 245 7 107 87 245 70 112 163 56 223
    136 0 219 0 91 78 0 44 93 255 0 50 0 0 64 72 215 171 54 88 254 0 57
    238 255 255 255 255 194 227 0 0 255 0 106 83 255 246 212 255 148 255
    0 107 255 110 6 158 0 69 0 0 71 0 214 121 216 98 216 167 145 236 255
    113 255 69 128 160 255 108 222 76 167 255 61 0 168 255 0 0 225 255
    126 201 255 255 0 64 30 0 35 255 14 15 255 121 47 0 167 173 0 231
    255 37 80 243 0 123 255 56 173 12 7 255 108 169 194 255 215 70 118
    255 7 6 255 187 0 70 171 117 62 26 114 61 128 0 104 224 182 0 177
    233 255 66 255 255 143 255 0 0 74 255 57 110 53 255 7 255 79 155 255
    186 255 49 0 41 175 247 99 255 93 96 108 6 0 197 0 207 255 162 33
    150 36 0 63 255 93 0 202 207 92 0 255 255 10 0 166 0 0 5 33 231 245
    161 255 0 165 143 85 230 74 255 10 0 35 139 101 107 255 198 237 255
    33 255 255 0 37 255 0 0 0 0 255 236 178 44 255 24 255 0 134 48 95
    255 246 128 232 255 255 254 0 176 115 0 0 49 165 175 74 255 255 0
    214 17 142 0 0 38 172 0 0 22 41 0 39 39 255 184 214 255 137 234 255
    7 204 203 185 0 255 14 252 255 0 139 103 255 255 196 137 119 255 0
    229 255 93 203 71 234 170 152 2 212 0 201 235 145 245 0 93 255 0 54
    255 235 255 255 146 176 89 59 255 43 255 192 234 0 95 255 255 0 255
    98 0 135 0 255 255 58 248 110 78 0 9 109 255 0 102 255 255 155 39 0
    104 112 0 8 119 227 140 255 240 124 236 150 9 155 255 88 143 96 85
    180 124 255 33 255 0 18 223 255 0 0 114 85 113 161 167 112 81 161 69
    244 243 25 0 61 0 255 166 97 255 170 0 0 255 131 201 37 0 68 255 55
    0 9 255 244 255 174 48 189 74 0 109 2 126 39 13 255 0 255 0 69 0 0
    255 0 184 247 255 122 198 0 32 0 48 152 87 0 226 255 144 59 0 222
    255 249 0 115 166 179 91 3 173 197 0 76 0 148 165 174 152 0 252 11
    255 211 15 255 234 163 0 0 0 0 30 116 0 212 0 79 234 98 255 61 255
    37 0 246 54 255 171 255 176 255 1 0 255 236 134 168 146 0 245 255 87
    255 90 236 89 0 118 200 117 255 218 0 0 143 94 235 69 168 116 255
    230 138 55 0 75 92 255 224 186 140 255 40 118 164 0 0 243 10 79 0
    182 0 9 115 131 250 139 136 255 160 146 202 64 0 209 241 211 131 225
    61 203 21 242 146 237 0 0 189 158 119 255 85 255 78 29 0 137 77 112
    31 229 237 118 207 87 45 54 255 175 97 160 32 0 228 6 201 224 216
    255 0 109 3 0 9 119 0 255 0 117 214 77 0 85 249 149 252 158 174 50
    224 243 59 89 216 0 255 0 0 181 116 41 47 255 192 47 190 114 168 255
    47 0 255 63 0 0 79 121 120 255 110 0 0 255 255 109 15 0 219 195 0
    175 255 174 54 255 255 114 96 117 216 255 151 132 242 134 83 244 0
    254 131 250 0 0 255 252 255 0 73 35 65 0 255 171 104 0 183 32 16 28
    207 255 159 211 108 162 136 94 255 143 0 165 142 17 232 203 37 90
    201 168 0 0 255 71 214 109 255 255 155 49 44 0 101 0 0 234 178 255 0
    12 0 176 183 0 0 178 196 151 93 126 76 0 255 255 120 243 181 122 0
    168 255 170 0 110 249 185 6 196 224 255 179 84 255 85 158 146 255
    255 202 200 34 255 0 0 20 255 73 102 0 120 0 51 119 124 194 52 128
    215 0 239 5 45 213 0 0 93 117 255 76 91 142 129 0 172 255 162 240 15
    255 154 68 215 186 104 180 255 162 0 0 104 255 0 77 255 0 159 11 0
    242 8 10 0 0 122 180 0 255 4 243 21 10 193 235 39 196 90 84 23 0 103
    255 252 22 160 69 155 149 108 0 0 46 122 191 220 195 166 126 56 0
    135 0 0 224 105 145 167 255 63 249 203 5 113 151 207 83 44 127 212
    78 121 255 167 251 88 255 0 236 236 112 255 0 75 156 255 58 79 150
    28 145 211 229 0 255 255 0 0 198 255 166 193 162 0 0 17 32 130 74 25
    20 255 0 255 255 0 235 0 164 200 184 129 82 152 241 209 12 175 148
    44 63 98 87 234 12 171 255 233 255 104 0 49 211 0 222 255 0 141 55
    15 223 255 205 99 174 240 0 220 0 22 255 153 255 255 9 7 193 109 255
    0 83 0 0 117 95 0 255 0 29 39 88 252 0 25 9 150 19 11 255 178 211
    227 97 210 55 255 135 255 148 0 232 114 151 156 213 0 255 255 0 255
    163 118 43 58 135 164 29 109 246 255 6 56 0 195 21 101 146 140 0 11
    255 132 255 178 47 90 255 26 255 235 84 0 37 0 130 255 255 190 0 46
    212 56 0 206 0 102 92 97 44 0 0 204 0 115 104 74 0 255 228 0 86 72
    75 56 45 121 255 183 0 255 65 141 131 0 239 226 145 0 255 175 255
    198 20 255 229 173 33 158 75 0 106 255 127 230 97 49 255 185 0 0 227
    130 0 1 0 82 0 36 255 121 255 0 1 251 129 225 253 255 144 196 88 0
    138 113 255 0 10 61 153 0 154 150 126 64 0 107 255 58 58 213 220 255
    150 113 0 0 255 0 170 48 205 58 0 121 255 167 238 0 0 255 0 255 238
    204 105 218 123 0 0 0 183 255 0 24 124 171 0 23 255 0 118 92 204 164
    152 122 1 255 77 255 255 0 206 220 81 10 148 255 255 0 183 255 255
    43 102 0 117 122 208 251 159 105 255 255 150 0 0 157 0 26 76 120 207
    62 154 255 72 173 255 0 255 58 197 74 39 255 224 255 255 225 148 7
    46 255 255 150 0 199 255 2 25 0 92 150 255 0 148 0 194 125 81 0 58
    217 0 115 50 42 248 0 255 171 87 106 84 0 255 112 255 200 255 0 0
    122 249 235 17 200 13 208 255 170 255 207 124 211 54 89 0 255 255
    246 0 222 43 255 189 53 74 108 0 172 249 0 197 172 255 218 138 34 27
    12 0 0 255 52 206 254 255 0 107 35 0 40 197 70 221 0 255 17 255 185
    146 83 176 159 2 0 156 20 28 255 204 59 16 197 208 138 90 0 18 255
    244 0 0 184 32 163 176 255 78 195 255 83 194 120 18 0 187 115 148 0
    160 216 0 225 255 105 74 0 255 255 255 255 0 57 225 34 0 79 226 70
    47 95 0 255 212 150 8 87 255 53 0 0 199 255 255 199 74 0 255 255 255
    124 143 222 0 43 42 255 222 255 107 142 108 248 249 241 0 0 0 22 23
    255 255 5 0 176 255 0 192 52 235 255 44 93 191 0 31 246 255 91 172
    201 0 25 126 0 62 250 141 96 255 57 231 255 195 0 192 231 255 0 255
    255 0 169 0 114 0 255 126 0 255 152 255 3 255 214 228 159 103 11 90
    124 255 255 29 255 226 55 255 0 109 23 54 0 125 0 0 255 101 255 89
    93 248 255 105 209 255 255 0 0 85 40 142 0 227 1 228 0 106 255 169
    168 255 0 63 186 255 184 248 95 242 239 180 125 0 255 92 35 96 255
    79 197 255 10 229 39 195 0 79 255 137 0 255 115 143 255 0 109 33 255
    43 42 223 0 66 255 47 0 255 255 240 255 255 143 0 72 120 0 217 121
    192 215 229 255 0 154 255 3 196 233 209 0 0 44 73 59 255 209 3 161
    152 179 249 230 130 255 255 174 0 0 7 0 189 0 246 50 254 128 236 56
    255 255 24 151 242 231 62 0 16 33 255 157 63 255 200 175 179 52 127
    49 44 79 41 0 0 105 255 226 0 0 255 0 101 41 0 37 191 44 67 202 9
    255 0 79 0 253 215 90 244 205 81 179 0 218 162 165 0 93 40 56 255
    255 0 117 67 126 76 255 109 255 148 197 111 148 0 177 149 255 0 255
    0 66 255 255 0 0 0 120 185 229 255 3 255 255 222 73 174 0 1 245 54
    242 0 218 0 22 159 200 173 221 139 191 0 73 227 21 0 0 0 112 14 153
    128 0 148 255 0 92 120 19 255 236 98 0 0 72 69 0 236 255 190 80 255
    90 125 255 0 105 190 0 0 0 164 255 154 63 81 241 124 33 180 61 244 0
    183 236 157 36 244 215 207 51 80 168 127 255 255 0 0 220 152 0 0 255
    255 160 17 255 255 239 247 255 5 51 223 202 72 8 0 255 255 255 60
    255 255 255 58 193 21 179 206 255 170 8 214 0 4 245 207 63 125 255 0
    119 86 66 92 0 249 226 61 140 255 31 111 96 255 168 149 87 255 78
    204 0 255 0 215 0 0 253 255 0 241 255 133 255 243 117 201 90 174 116
    72 0 255 200 255 246 152 106 112 38 248 157 96 219 192 0 255 43 233
    27 215 197 238 209 203 104 180 8 0 91 224 160 138 70 255 255 183 62
    88 52 255 206 86 0 4 255 255 114 185 100 198 0 182 230 0 41 0 255
    165 50 101 30 198 134 0 199 190 206 82 70 255 168 255 8 201 19 218
    255 20 0 87 255 0 56 233 45 1 97 255 0 0 255 0 255 42 35 0 137 129
    210 0 0 255 186 0 86 134 243 144 250 69 156 28 255 3 67 0 203 115
    255 31 197 23 0 0 6 0 234 77 0 7 92 187 87 124 206 74 255 255 212 80
    255 117 188 0 97 0 0 255 224 91 255 150 0 0 216 185 22 221 0 136 31
    170 255 0 0 237 195 203 129 255 255 0 243 101 95 158 215 252 66 227
    90 3 77 201 205 195 255 53 255 255 69 200 255 0 191 255 90 255 94 0
    101 147 255 0 197 255 30 255 255 255 151 182 60 0 0 255 0 226 136 37
    156 220 28 2 255 154 140 85 67 99 127 255 58 255 255 255 165 35 46
    255 0 255 0 255 255 228 255 159 137 255 0 89 255 2 162 0 209 22 255
    13 240 69 216 127 255 255 159 27 0 32 72 88 255 102 199 107 0 190 84
    64 0 214 128 255 108 255 198 0 118 122 209 255 255 103 247 115 0 0
    251 0 179 209 241 0 11 155 255 255 255 108 255 219 237 0 7 0 143 82
    243 0 0 255 255 125 97 240 234 136 219 185 243 35 0 57 14 255 21 255
    255 106 0 173 142 169 0 35 128 255 255 0 255 139 0 103 85 255 88 122
    71 11 43 205 0 255 134 255 32 0 61 106 255 141 57 5 0 68 51 0 85 0
    22 255 191 0 193 132 0 216 255 255 195 37 0 255 0 44 238 29 153 221
    0 255 224 170 255 255 243 70 83 0 94 255 129 0 85 191 16 234 0 76
    255 37 166 255 134 174 171 134 255 187 30 0 104 87 0 130 31 255 0
    166 158 255 9 96 0 198 204 0 58 0 84 255 0 0 174 0 192 255 78 0 255
    0 255 193 0 197 210 0 225 145 255 147 199 94 134 114 0 106 255 255
    119 219 255 0 213 146 255 0 79 0 154 135 255 19 94 0 71 193 0 0 90 0
    0 76 255 174 240 255 0 159 255 0 0 255 0 144 255 62 122 255 244 49
    234 255 180 255 255 0 0 255 60 6 3 229 0 255 18 188 166 172 77 182
    130 255 255 255 50 255 0 1 245 0 255 248 174 254 0 74 114 140 37 23
    107 158 5 35 255 106 68 255 192 111 195 94 187 118 157 67 91 255 255
    244 51 53 255 250 238 0 156 255 176 0 124 216 86 69 238 2 0 22 235
    178 255 181 0 130 230 14 7 87 0 22 0 71 255 255 255 255 0 35 255 172
    4 255 183 255 146 118 198 145 0 164 126 255 103 220 57 255 0 20 120
    119 27 3 142 0 27 7 112 192 42 8 13 73 195 144 236 255 255 195 251 0
    0 0 0 0 122 255 24 204 22 255 138 53 255 181 32 214 95 111 255 250
    210 141 255 249 176 163 0 21 255 76 255 255 21 162 0 0 117 51 67 38
    132 198 0 0 145 255 48 39 135 109 23 236 255 42 130 230 0 58 255 102
    255 255 142 255 86 255 255 241 255 235 220 255 117 91 197 210 147 0
    204 181 0 0 24 255 72 7 255 230 0 0 206 255 255 166 213 255 137 62
    255 18 0 0 255 0 220 148 110 151 222 220 255 34 255 0 137 228 3 230
    13 143 64 255 198 52 77 118 76 214 148 137 255 16 1 255 128 0 255 46
    0 24 75 131 255 153 184 226 126 136 85 0 0 0 70 215 252 46 165 255
    38 0 109 60 174 74 252 143 16 231 255 198 9 206 208 0 255 0 0 182
    255 0 255 255 239 16 110 12 255 187 244 255 36 255 95 248 255 255
    255 117 65 80 0 229 23 227 123 149 0 0 170 147 0 239 255 184 0 188 0
    0 232 6 7 255 125 46 156 13 168 233 101 0 94 255 236 68 116 69 84 29
    127 0 188 0 0 101 255 169 10 225 186 214 249 255 167 72 90 211 170
    222 0 191 206 255 96 0 255 59 255 108 0 183 240 177 255 0 37 255 255
    6 15 0 217 43 255 222 14 26 202 96 122 255 103 252 255 255 255 255
    106 0 0 0 255 15 255 46 173 255 0 94 38 255 84 238 113 255 18 65 185
    255 0 123 255 97 117 3 150 150 48 24 0 106 243 238 137 62 236 193
    158 255 179 249 163 206 208 229 0 154 5 36 116 109 255 255 81 120
    210 102 158 213 0 0 36 3 255 0 255 31 206 136 182 3 255 0 244 91 92
    165 0 212 255 227 0 0 252 136 102 107 0 132 241 255 154 138 59 77
    246 0 31 255 215 118 144 12 29 238 127 0 79 176 236 100 0 125 92 52
    194 44 186 79 84 243 0 255 28 204 123 83 255 154 133 255 145 18 0
    255 171 121 26 83 0 255 255 148 255 58 255 35 29 224 212 159 0 147
    29 78 0 100 0 97 145 255 210 249 218 226 226 0 105 255 255 0 0 100
    22 62 225 0 150 96 99 0 140 40 211 204 255 255 255 13 207 71 33 0
    178 79 48 0 237 136 187 17 0 202 64 212 0 105 200 167 142 231 0 157
    255 113 148 239 191 255 255 41 7 49 198 255 255 99 0 0 0 255 255 125
    116 171 182 19 115 252 203 51 230 0 0 255 255 175 248 255 29 62 255
    93 255 64 255 255 232 0 255 14 254 93 0 255 172 255 111 175 126 0
    213 0 251 119 241 190 113 234 151 216 255 140 0 0 0 245 255 79 255 9
    204 196 29 255 0 0 255 0 255 219 255 186 166 255 39 0 0 235 0 232
    158 255 48 190 188 124 141 42 76 0 0 237 34 0 129 56 57 63 34 255
    125 255 242 67 255 0 0 155 172 119 87 168 0 108 0 236 171 27 14 0 0
    76 213 189 70 255 255 255 63 54 111 206 0 35 225 113 254 208 236 255
    255 202 0 255 147 255 108 255 47 242 103 228 144 0 208 35 173 0 4
    217 43 255 6 132 63 140 173 0 0 134 163 0 107 0 0 213 255 202 0 123
    87 0 180 255 255 2 255 0 0 231 255 89 133 255 255 0 131 5 108 33 255
    255 176 45 255 195 129 199 0 194 66 81 0 169 0 53 6 255 27 255 0 186
    255 0 255 233 255 116 255 48 61 158 252 107 34 17 169 30 230 227 0
    158 0 255 128 0 255 255 156 89 255 193 0 120 70 232 81 42 0 114 100
    255 0 0 255 0 0 71 0 72 0 79 0 30 40 139 255 255 19 255 40 0 0 179
    140 4 255 192 70 32 255 110 0 71 0 11 255 190 128 255 175 154 109
    255 205 229 0 237 88 17 236 217 0 100 193 0 105 178 176 255 21 255
    255 255 66 0 255 219 255 101 183 201 96 231 146 167 0 105 255 0 180
    255 255 230 0 138 255 79 248 255 211 0 85 157 95 220 0 0 123 252 0 0
    224 174 0 0 191 7 50 255 52 39 114 202 255 171 178 167 157 152 233
    85 59 140 45 255 0 51 0 190 64 226 165 77 240 255 253 7 125 65 0 0
    233 255 181 229 214 251 0 93 103 187 221 86 22 0 4 0 185 229 83 0
    250 0 100 201 0 255 0 255 0 165 29 183 135 255 154 0 211 68 255 223
    255 229 131 103 232 179 32 58 0 255 61 164 4 255 255 122 238 140 45
    255 0 58 0 239 239 255 0 255 98 255 0 255 180 226 0 74 53 210 0 255
    0 138 217 255 0 30 189 73 188 255 69 0 60 45 0 88 183 211 255 62 105
    0 17 230 178 180 117 193 0 108 151 0 159 0 78 152 255 108 255 92 249
    183 133 2 0 0 142 64 126 0 136 188 161 0 183 128 231 56 79 255 255
    20 110 147 0 232 0 255 8 0 0 172 255 0 85 101 0 239 239 126 251 149
    255 150 255 25 241 37 149 186 138 22 28 68 150 197 197 232 0 86 3
    255 0 38 122 223 255 0 0 0 52 0 6 255 40 108 255 0 147 194 1 21 64
    174 255 255 131 0 96 255 0 238 255 221 198 223 198 78 255 150 89 255
    189 155 56 246 0 0 0 255 0 222 173 68 0 196 250 255 175 255 196 216
    0 23 255 16 37 255 121 252 124 0 0 205 12 210 0 169 255 157 106 0
    255 63 194 63 3 194 0 80 0 0 0 140 255 139 96 110 220 0 240 214 151
    3 0 139 255 217 188 0 255 184 229 210 205 165 59 0 0 255 252 239 255
    234 105 127 0 73 153 255 255 201 23 0 183 36 40 180 116 131 109 0 0
    108 0 82 25 78 255 255 122 255 71 219 48 201 163 115 0 240 0 0 152 0
    188 70 255 237 255 255 0 60 48 241 219 0 130 0 228 26 0 137 0 134
    255 0 254 59 0 202 0 161 142 255 40 255 36 0 213 82 115 0 0 255 255
    255 33 255 58 106 150 0 80 17 196 149 217 183 95 40 255 232 0 25 255
    71 114 121 45 40 136 181 194 146 0 0 105 252 40 78 221 255 66 255 86
    106 199 255 24 155 9 27 232 6 133 0 0 148 135 0 219 55 104 255 255
    42 163 65 169 239 255 189 255 233 31 0 0 56 0 99 91 0 25 255 229 35
    58 202 249 28 57 0 0 195 184 255 22 69 1 0 245 255 86 47 0 100 115 0
    245 0 176 6 0 111 255 0 150 249 0 2 196 117 0 0 59 0 255 0 86 150
    255 90 234 171 0 255 192 49 104 114 26 136 0 99 255 48 198 255 244
    70 0 255 43 255 7 0 255 220 255 30 63 223 32 49 255 169 255 110 255
    186 17 255 171 0 0 122 133 42 0 216 0 234 234 236 58 255 225 122 6
    90 0 3 92 6 0 255 38 255 246 11 0 177 2 205 0 109 0 37 28 49 111 95
    104 255 72 204 185 18 189 144 148 255 115 0 147 91 125 218 187 0 0
    235 148 201 239 25 89 168 0 255 212 186 255 128 255 0 217 255 60 119
    127 90 194 75 47 177 183 236 48 255 107 122 130 0 255 0 126 243 0 46
    126 143 255 150 0 0 0 0 0 0 194 0 255 26 204 28 51 213 0 203 0 15 68
    49 240 255 169 0 212 131 255 5 22 65 158 255 255 60 255 255 0 107 74
    197 159 106 0 255 236 218 0 0 27 0 0 255 253 248 255 255 222 255 255
    35 187 32 176 70 11 242 139 163 40 93 46 16 231 80 0 0 213 166 93
    255 0 255 0 237 124 31 236 143 197 93 255 255 255 0 194 0 23 89 255
    118 255 10 159 255 0 0 0 187 213 0 179 140 187 11 255 67 255 200 0
    183 62 102 246 160 222 239 81 166 60 160 7 0 255 115 0 255 190 29
    158 33 220 186 0 255 105 62 140 80 21 18 255 58 255 0 14 255 255 229
    0 0 197 0 229 239 53 208 0 255 8 122 255 0 186 180 255 111 255 35 49
    93 57 255 16 255 142 252 255 255 179 0 228 68 194 0 0 255 195 236
    255 28 184 167 62 158 134 99 0 222 37 245 134 186 255 235 23 148 248
    51 155 2 0 113 248 0 0 146 0 0 242 217 0 120 255 0 0 102 33 232 61
    65 56 255 35 105 19 45 171 255 127 61 255 11 178 255 0 164 255 198
    81 214 43 0 112 249 15 43 205 174 104 255 64 173 229 255 255 182 122
    0 62 58 203 175 255 255 0 210 144 0 12 231 44 134 0 255 250 115 255
    231 255 255 138 195 56 255 138 0 7 255 14 198 0 255 255 156 0 213
    167 37 220 93 255 184 149 254 242 0 148 255 0 15 157 77 142 0 187 0
    27 121 177 0 126 0 17 73 8 0 74 255 144 9 250 215 26 255 243 74 0 0
    255 166 113 106 0 238 154 72 120 151 0 255 53 255 255 255 150 134
    206 156 0 26 255 0 0 38 0 207 65 47 148 255 144 177 255 200 26 87
    244 134 10 61 53 215 150 110 117 255 40 0 170 15 247 100 10 72 123
    255 255 255 201 227 249 212 33 255 255 213 114 255 19 69 255 228 116
    168 25 0 0 0 166 255 255 255 128 70 153 255 0 219 255 209 255 180
    255 99 103 152 133 49 5 0 0 255 195 251 170 14 113 255 210 61 37 255
    29 0 0 162 96 60 1 0 255 169 78 55 201 249 22 219 255 24 102 7 207 0
    179 169 57 146 145 160 123 0 255 255 127 116 3 0 0 219 221 0 141 255
    49 255 213 206 199 46 255 118 202 165 0 70 77 125 163 0 217 255 0
    180 168 65 95 0 101 101 0 234 255 28 216 162 0 213 255 0 255 170 0 0
    21 255 27 63 3 249 0 0 255 56 218 252 186 208 0 255 243 58 34 239
    255 153 5 171 11 185 255 34 255 70 31 155 205 22 62 255 161 0 255
    131 158 78 255 31 9 78 122 240 155 255 255 0 184 208 0 1 41 0 215
    255 0 255 0 167 194 143 0 0 0 251 153 55 0 206 215 6 255 0 74 255 0
    43 244 255 255 173 255 178 40 0 1 165 19 110 116 0 145 78 255 244 64
    232 196 0 200 253 148 255 255 228 198 26 208 0 0 255 0 176 255 0 59
    80 156 144 159 242 37 45 72 0 0 202 0 105 0 255 255 85 0 36 0 170
    167 34 255 187 27 255 0 99 151 218 80 255 255 192 241 135 0 97 147
    49 207 49 68 222 152 154 255 132 4 255 20 193 255 207 202 255 238 0
    9 203 255 36 255 255 0 70 203 0 94 0 0 0 0 116 0 137 94 0 0 255 101
    50 255 136 255 251 113 159 137 184 24 166 0 0 255 61 93 1 255 139 0
    255 2 0 255 238 69 255 228 0 70 121 186 255 118 134 184 115 123 203
    0 0 179 84 17 0 173 255 0 255 58 102 87 169 156 216 195 35 87 0 255
    182 158 255 82 207 12 255 0 94 113 186 151 0 244 54 255 255 0 233
    119 0 37 0 35 211 255 245 26 255 67 255 0 103 255 255 81 107 0 227
    182 168 0 0 101 12 66 183 200 255 93 0 58 96 54 141 0 235 122 221 0
    255 230 124 255 31 59 255 255 180 237 255 141 255 238 0 0 0 0 51 208
    51 255 150 255 167 0 1 205 255 4 65 105 0 19 255 0 255 255 0 66 0
    255 255 255 255 141 66 186 0 134 255 255 0 94 255 41 25 255 208 0 38
    218 20 23 195 255 40 175 249 252 149 123 19 0 71 255 56 254 255 143
    243 0 255 30 0 81 73 0 115 255 255 8 0 72</data></my_img>
<your_img type_id="opencv-matrix">
  <rows>128</rows>
  <cols>256</cols>
  <dt>"3u"</dt>
  <data>
    232 50 154 160 178 101 0 86 255 255 158 255 255 0 255 74 234 240 0
    86 69 217 0 60 41 34 0 173 255 189 90 123 148 0 113 238 255 34 175
    141 255 255 122 193 108 255 239 255 102 221 255 4 0 202 0 31 0 254
    255 197 37 188 255 99 0 225 0 12 255 255 0 0 15 66 255 194 255 0 112
    181 76 217 79 226 170 10 59 171 142 21 14 18 0 122 59 156 0 213 250
    255 255 238 135 130 255 0 166 6 61 242 42 75 46 0 45 60 129 255 108
    211 84 246 196 95 196 220 146 201 255 0 250 0 0 255 0 255 255 193 51
    50 0 85 5 12 255 0 229 255 255 82 18 77 255 30 0 231 47 184 255 255
    255 52 221 170 208 20 2 111 0 172 0 0 71 225 255 242 255 145 116 0
    159 255 0 255 117 255 216 179 255 0 255 193 63 212 0 81 255 231 94
    48 252 129 0 206 255 41 6 189 243 239 255 171 237 121 204 213 255 91
    139 245 208 133 117 255 0 0 255 110 0 0 255 253 95 15 0 4 154 0 184
    0 186 222 43 160 255 61 146 173 58 0 204 41 30 184 0 0 0 0 255 140
    125 0 0 156 108 0 97 255 255 237 0 255 223 180 110 255 55 0 202 72 0
    42 0 59 226 113 38 9 94 2 0 220 251 38 255 140 91 93 192 52 222 24 4
    222 0 0 255 30 216 255 184 255 0 166 255 0 190 0 133 255 0 0 0 27 3
    143 46 146 58 105 0 112 77 89 73 92 255 255 221 0 164 84 0 134 190
    155 75 255 24 54 0 255 77 132 163 240 87 124 41 255 255 106 217 130
    118 208 0 255 200 166 191 255 17 0 170 74 82 0 144 255 194 31 37 255
    0 203 0 255 0 57 106 152 163 93 67 141 168 57 0 255 255 0 128 107
    133 7 131 255 194 187 141 101 219 192 211 145 194 255 122 244 207 66
    255 81 182 25 131 181 13 0 255 0 205 32 186 167 251 115 0 0 217 74
    65 182 150 0 255 76 255 255 140 92 104 168 255 0 12 188 0 32 146 186
    6 0 26 255 255 255 111 195 121 0 186 34 255 255 129 255 255 20 0 255
    0 0 216 31 0 0 0 255 0 224 45 139 40 86 255 88 70 255 255 126 128
    201 70 49 17 62 255 79 255 255 197 209 255 148 0 72 168 0 159 45 0 6
    15 118 0 22 255 25 163 133 159 0 80 0 52 255 0 249 81 48 255 63 255
    249 0 58 255 62 37 238 129 88 255 37 38 245 206 106 34 255 112 255 0
    95 255 129 188 255 0 5 14 177 252 15 255 227 153 16 255 0 0 126 194
    21 178 174 73 16 149 255 35 231 125 31 127 0 29 225 205 98 176 104
    81 62 255 0 153 129 121 0 154 227 47 37 23 52 0 0 26 49 0 255 17 255
    8 13 177 188 212 255 229 0 205 153 52 246 255 139 255 0 113 255 164
    255 84 255 205 230 255 255 26 190 255 231 255 64 243 255 0 143 80 21
    160 228 255 219 0 45 255 255 152 40 220 255 123 114 255 9 99 129 67
    243 176 69 0 222 255 95 0 255 255 113 29 111 74 0 61 209 168 255 0
    121 13 255 0 0 110 82 185 255 6 70 231 0 46 79 0 31 255 255 209 0
    133 9 11 84 45 64 155 255 0 255 0 6 157 0 100 0 0 255 255 213 255 0
    255 30 0 58 0 172 146 2 255 81 17 255 96 45 252 27 201 36 145 244
    156 0 84 89 46 92 0 151 0 2 225 239 255 58 112 109 206 170 0 248 255
    0 255 154 6 23 0 0 232 255 126 0 255 82 107 205 51 121 136 139 157 0
    0 250 158 16 25 52 255 0 182 106 255 177 113 212 233 174 86 69 11
    120 178 218 6 0 11 160 209 255 227 197 187 21 255 254 71 0 255 0 20
    53 69 222 0 117 0 255 0 43 211 10 255 185 195 215 87 40 0 255 148
    129 251 251 137 88 255 83 54 0 255 155 20 164 221 178 191 0 245 82 0
    117 11 102 30 106 255 178 84 189 34 255 249 0 137 96 102 255 122 142
    189 137 0 49 222 125 255 136 184 255 34 0 0 246 0 255 247 65 221 52
    247 0 27 170 72 0 11 170 61 103 180 175 226 0 252 0 255 127 23 31 65
    154 0 255 0 48 0 255 255 29 104 179 38 142 255 248 55 201 245 33 201
    255 3 78 174 199 255 108 96 22 0 143 0 229 255 0 255 63 43 0 52 71
    94 0 156 185 111 0 246 255 41 0 138 19 151 81 60 255 255 255 130 80
    255 136 37 255 52 201 231 0 185 106 0 255 218 162 62 117 200 13 0
    182 232 2 152 255 0 156 185 97 76 235 199 255 255 62 165 0 0 193 0
    20 165 99 134 4 255 65 114 109 124 0 0 255 227 80 98 206 195 49 0 0
    72 154 129 0 0 159 106 255 150 48 124 175 42 0 0 68 65 73 3 255 80 7
    255 132 255 255 255 244 172 233 0 234 148 0 255 247 255 138 217 205
    154 243 178 255 237 173 147 29 151 65 109 113 183 158 0 59 64 0 85
    248 255 255 47 103 82 255 255 255 240 255 255 82 117 164 255 28 137
    0 43 18 188 213 31 0 0 91 0 40 44 255 255 50 110 12 0 56 125 12 190
    253 228 216 255 49 0 0 218 4 111 255 235 55 119 203 129 84 234 147
    255 241 255 255 53 212 133 151 255 128 131 69 193 255 0 79 255 250
    197 105 0 72 255 255 16 120 71 0 13 245 237 105 105 235 174 255 255
    0 48 124 0 38 0 189 166 100 246 252 0 255 38 115 225 110 0 0 228 157
    67 0 0 74 85 0 102 255 255 255 229 227 255 196 251 180 232 92 23 255
    101 142 255 89 255 227 205 174 4 23 239 29 0 187 223 92 255 127 118
    255 74 0 255 97 43 11 0 141 0 255 115 255 204 64 255 0 255 154 108
    228 207 252 106 81 146 57 128 81 49 17 0 178 150 106 5 128 227 48
    173 0 173 93 201 255 212 0 37 0 228 0 0 255 0 141 255 100 72 255 254
    51 255 107 221 0 68 0 134 233 17 71 82 255 255 255 5 255 255 168 144
    0 54 198 43 78 197 228 20 0 110 215 28 78 0 38 218 171 41 153 255 33
    86 113 0 255 146 255 0 0 132 255 34 135 255 167 255 212 224 122 238
    170 97 123 125 223 123 0 0 243 0 84 171 131 255 150 201 0 255 62 87
    137 0 113 0 0 0 0 0 255 141 217 255 255 175 0 74 241 67 0 102 106
    120 255 255 255 0 115 31 0 255 0 0 145 178 149 255 255 146 96 115
    230 86 197 255 68 76 235 29 87 41 0 208 221 21 219 0 217 0 241 0 21
    228 17 0 199 140 255 251 114 208 145 67 130 255 255 231 231 0 169
    255 93 0 0 255 125 173 255 255 175 254 118 121 218 1 76 255 80 0 101
    178 66 244 0 0 0 47 255 155 255 202 50 63 0 111 212 0 96 49 255 17
    183 149 255 188 162 68 141 242 108 0 165 0 121 124 0 255 215 0 100 3
    1 35 56 225 85 251 214 0 255 0 255 42 2 255 49 0 0 219 143 167 143
    162 52 32 132 0 7 195 213 6 144 165 190 0 118 162 238 0 166 0 129
    145 124 0 255 255 72 255 231 83 255 128 198 125 255 162 36 0 183 255
    173 0 238 230 62 255 0 38 111 109 27 44 255 148 0 61 143 255 3 62 99
    111 0 52 90 64 51 0 142 255 159 0 215 255 242 197 20 0 164 115 170
    187 0 255 188 28 106 255 253 55 193 0 247 48 34 0 11 93 176 115 0 0
    55 7 211 187 0 0 1 57 85 138 189 99 0 0 176 94 249 41 48 0 137 149
    255 0 194 255 173 240 255 102 255 79 255 27 30 134 190 73 111 0 185
    49 196 139 0 110 0 22 0 42 235 255 0 255 0 78 255 255 73 94 229 180
    210 254 110 0 0 99 49 229 255 0 133 100 191 30 255 255 239 41 0 255
    113 0 255 255 59 238 255 206 143 0 176 249 203 183 173 32 53 255 195
    153 75 47 0 255 0 181 77 0 8 92 255 164 224 134 0 37 45 0 18 0 150
    24 255 186 0 14 184 6 255 255 98 243 221 255 0 255 237 255 186 222 0
    0 13 33 43 125 0 65 139 240 255 255 22 7 231 190 255 70 255 131 81
    242 255 235 0 0 130 255 0 0 167 4 255 255 69 0 139 234 0 0 57 44 176
    5 255 86 244 30 255 255 0 255 255 131 191 134 58 72 50 90 0 0 166
    229 36 70 255 24 36 0 204 65 73 0 255 255 0 237 0 0 219 255 37 151
    24 255 207 0 135 142 3 255 0 0 255 14 255 255 160 253 175 235 255
    103 255 0 1 6 0 0 192 223 0 0 172 118 61 120 10 12 175 48 108 172 25
    68 93 255 255 109 0 0 190 128 65 99 0 255 255 255 0 250 129 0 208 4
    16 255 255 0 0 135 36 0 8 255 209 136 78 165 255 255 143 238 102 0
    154 104 236 0 52 108 151 187 59 59 37 99 55 255 255 145 12 154 232
    115 50 196 5 31 83 24 236 255 219 115 239 192 103 30 185 0 181 138
    255 21 0 123 227 2 104 145 14 255 147 177 120 199 146 255 0 196 15
    158 255 143 238 104 214 255 255 219 183 255 105 90 0 171 6 152 138
    149 255 255 216 0 0 132 0 187 173 160 33 123 255 187 128 155 85 68
    239 255 43 110 190 103 188 17 55 0 142 255 243 74 202 255 30 159 32
    28 74 98 255 255 202 154 118 255 220 118 120 255 84 0 157 165 89 0
    165 0 139 255 255 135 147 255 70 19 0 255 37 209 0 18 216 135 160
    230 251 255 198 87 240 57 50 232 0 255 8 221 32 4 183 255 182 31 255
    161 178 255 41 175 71 0 8 197 0 34 255 255 76 255 0 207 255 0 222
    255 0 249 217 232 129 0 85 22 255 74 180 0 0 40 127 183 179 124 201
    0 73 20 0 0 35 255 72 251 27 255 39 16 151 205 245 18 0 86 82 10 0
    116 255 164 217 0 255 190 45 255 0 255 0 255 96 0 255 255 0 91 71 0
    0 219 255 83 22 185 0 32 255 196 187 29 119 147 164 204 0 92 210 0
    63 255 0 154 0 255 0 0 24 22 255 54 44 145 197 180 255 234 216 255 0
    255 176 255 105 255 246 0 246 13 179 196 0 255 255 0 124 255 255 124
    211 255 255 6 130 99 99 0 40 255 0 88 241 189 255 255 161 28 0 72
    109 8 22 135 170 122 92 144 27 195 62 199 89 63 28 172 123 119 120 0
    77 63 114 218 0 0 255 0 0 0 238 0 0 226 164 85 255 220 255 0 170 55
    21 229 29 99 255 72 26 255 255 168 177 255 151 255 0 90 255 255 144
    250 133 0 215 213 0 9 0 244 0 26 138 24 255 61 95 0 166 58 90 203 41
    53 24 157 7 0 255 27 155 0 255 10 254 18 51 223 106 156 38 65 0 51
    151 45 243 255 246 255 110 151 34 115 67 167 180 196 255 57 255 52
    42 255 45 255 131 187 255 0 212 4 255 255 19 43 0 255 248 51 54 62
    162 66 0 0 90 255 208 228 255 76 255 255 149 194 137 0 85 58 195 32
    121 255 30 255 98 255 169 255 21 229 245 0 223 255 120 0 255 193 0
    38 51 190 243 228 0 167 136 227 255 169 213 199 0 255 255 20 255 133
    194 162 95 0 0 255 246 179 43 0 120 225 0 0 0 14 0 226 255 141 255
    194 0 108 68 60 134 0 128 83 0 52 0 0 0 68 255 120 252 74 63 255 162
    168 255 159 0 0 0 96 35 83 190 88 255 0 7 255 241 255 0 67 0 117 255
    255 255 223 0 200 249 0 59 238 255 255 0 79 135 0 199 6 102 91 64 0
    239 209 255 104 255 28 229 14 255 159 90 67 255 225 183 138 0 52 0
    66 45 0 53 255 26 4 255 238 0 0 122 255 0 64 0 0 0 140 54 194 197 66
    51 35 190 100 199 190 37 119 0 189 159 118 0 121 141 215 207 61 95
    215 0 41 255 111 168 123 202 0 255 146 255 177 0 0 81 153 136 138 0
    131 254 34 236 15 0 6 255 142 203 255 255 223 197 255 255 47 185 123
    174 75 1 186 255 65 88 199 0 33 0 255 202 0 255 5 12 129 0 143 174
    255 38 186 235 157 62 52 214 90 229 125 0 0 0 43 57 231 218 93 33
    110 99 0 192 24 0 212 90 43 255 145 35 255 46 18 39 236 102 255 131
    197 167 45 50 0 255 255 175 122 13 53 255 0 124 255 55 159 0 65 168
    0 28 0 14 167 175 0 183 184 255 0 144 255 81 137 255 0 177 13 0 144
    86 117 116 0 3 0 224 255 196 251 245 25 255 255 0 27 109 53 255 230
    237 67 184 0 210 199 16 80 135 0 18 223 253 255 36 199 255 66 0 230
    0 255 250 139 112 223 255 0 0 36 53 223 47 227 0 93 255 0 60 0 19
    255 169 155 83 185 0 0 255 36 71 124 148 35 248 0 233 255 234 175 30
    88 255 172 0 218 84 0 58 0 93 162 246 255 255 192 157 0 255 255 181
    140 255 110 231 241 255 164 255 0 85 0 78 230 239 175 53 94 255 82
    228 57 68 255 196 0 78 239 0 27 255 77 0 255 0 228 248 89 12 96 71
    46 120 40 45 255 182 26 255 137 0 228 55 0 0 160 0 71 227 255 27 141
    4 0 0 46 23 0 197 255 255 39 0 0 87 154 63 252 255 0 186 59 238 0 0
    73 0 255 132 255 144 255 57 77 156 255 233 53 231 209 204 255 113 43
    0 0 99 112 197 255 0 150 111 0 255 42 163 209 85 42 214 189 0 35 0
    255 16 104 0 62 0 191 243 54 34 0 71 87 124 134 199 46 165 0 255 52
    106 255 255 141 47 117 70 0 255 89 31 255 202 255 170 159 255 0 0
    255 0 206 255 164 31 181 154 0 116 194 154 135 0 0 15 76 162 0 0 191
    156 126 173 68 162 103 63 255 223 255 255 179 203 255 0 0 0 145 60
    235 31 34 214 255 255 78 242 255 0 112 122 195 255 0 154 194 121 112
    105 255 136 47 58 255 223 141 101 255 147 200 255 0 0 255 111 255
    227 252 255 43 136 0 0 186 255 0 0 116 117 111 102 172 0 189 255 231
    255 150 32 209 193 0 0 97 255 255 121 255 0 234 0 213 123 252 255
    255 0 243 154 255 54 255 59 255 255 35 195 154 255 200 255 79 110 54
    134 0 0 191 0 214 0 116 29 70 51 140 252 233 234 171 32 152 229 136
    208 169 58 24 135 255 117 255 171 178 155 172 189 255 90 177 240 0
    250 71 4 53 128 186 3 36 0 155 255 200 130 229 223 221 71 217 217
    255 0 14 219 255 0 255 255 255 69 122 114 0 253 173 164 0 254 203 49
    255 37 0 255 0 241 255 236 174 58 255 0 0 0 0 120 0 32 155 26 217
    255 0 255 196 0 0 250 68 255 0 255 143 86 0 210 145 45 218 255 118
    205 227 7 0 80 89 106 0 240 0 223 137 211 0 226 255 35 203 238 160
    255 213 59 172 180 0 76 255 0 59 0 168 168 0 180 140 255 215 179 255
    61 253 0 33 37 222 131 17 143 77 255 97 255 205 136 0 222 222 30 0
    255 28 255 134 95 255 255 115 0 43 61 0 45 21 210 146 255 255 184
    226 255 0 142 255 255 110 0 147 158 208 180 0 83 74 96 86 133 0 117
    255 62 255 0 0 255 196 255 65 255 7 122 209 141 255 115 194 255 0
    153 0 229 68 100 62 107 50 158 113 78 255 255 255 213 0 30 60 99 182
    5 255 255 174 255 239 108 236 227 133 0 156 116 133 26 194 218 124 0
    75 255 179 255 160 150 173 170 172 41 188 255 0 164 125 0 37 255 0
    136 255 0 104 28 196 146 48 0 0 255 118 116 104 115 120 144 255 89
    221 26 255 112 223 128 3 8 120 145 192 212 166 144 208 255 92 154
    101 0 73 94 229 78 172 255 0 234 85 46 107 248 0 68 0 240 161 0 198
    0 34 98 0 25 18 0 176 24 229 99 0 189 48 81 65 88 171 255 166 81 255
    238 112 172 159 103 126 190 76 0 80 4 253 137 255 45 0 57 209 0 24 0
    39 72 199 0 192 30 255 3 169 33 75 78 109 155 136 237 175 255 47 255
    255 68 0 213 140 93 0 205 101 241 111 66 185 255 128 0 138 249 21 84
    162 84 124 192 201 208 37 220 0 146 108 255 255 210 0 199 90 65 0
    238 227 55 255 240 242 7 255 63 0 237 37 196 2 208 219 105 49 255
    209 171 0 228 255 0 252 255 108 255 0 37 255 0 51 179 255 158 41 255
    255 229 255 64 145 165 115 108 0 0 219 197 85 0 180 84 255 94 163 62
    242 236 107 255 218 153 131 18 121 103 0 255 214 233 151 0 255 65
    231 68 72 0 47 255 242 170 0 0 169 120 149 202 135 22 21 134 71 85
    156 0 177 6 209 18 255 202 255 255 255 197 168 255 95 230 160 255
    255 39 184 0 96 160 250 255 195 255 131 49 62 188 0 255 84 81 255
    120 0 80 169 255 101 255 255 249 223 31 2 248 78 216 138 132 239 0 0
    0 7 3 73 160 0 165 0 0 0 5 242 255 0 150 255 0 255 120 234 70 0 0 0
    83 42 255 222 20 86 19 232 225 83 0 255 83 0 255 0 113 175 228 0 255
    255 255 213 255 0 102 35 127 21 24 29 255 167 167 255 168 14 129 24
    252 206 255 0 255 120 84 227 101 106 255 255 255 22 11 170 255 129
    255 97 255 255 0 3 174 52 238 73 70 142 1 0 81 141 229 7 255 67 0
    156 0 0 226 0 120 226 0 0 65 245 82 255 222 67 0 28 0 255 247 0 196
    127 255 215 0 255 159 255 97 255 56 15 231 0 44 255 187 0 16 141 109
    255 78 117 24 255 255 0 117 18 255 255 74 255 0 143 0 255 9 0 255
    255 161 0 196 0 78 255 255 0 71 59 142 0 36 210 255 0 149 163 46 156
    104 0 0 43 16 183 84 0 255 185 93 225 108 255 0 5 255 0 19 113 0 14
    255 0 170 43 0 255 11 37 186 98 175 0 153 10 75 97 0 0 43 212 0 0 0
    0 173 0 0 213 76 215 38 255 107 255 255 0 228 65 255 255 0 210 242 0
    179 73 255 236 56 0 243 34 168 255 255 193 0 255 101 152 28 255 255
    35 48 217 40 101 158 0 0 0 245 234 114 146 174 56 0 0 66 95 255 98
    158 123 48 227 246 250 151 139 50 105 194 255 0 236 170 0 93 0 149
    255 0 105 75 221 20 159 209 255 224 0 197 255 19 238 0 47 145 0 255
    10 44 96 139 255 150 0 117 0 164 84 155 243 208 0 222 103 205 218 53
    157 255 96 247 213 255 94 255 63 132 198 184 120 159 0 223 47 255
    220 0 0 0 233 69 109 68 112 233 255 255 186 0 122 255 18 100 0 98 77
    255 217 238 255 103 79 61 29 156 11 0 86 166 244 255 46 0 255 255
    255 0 4 12 0 89 175 242 255 0 245 194 184 0 107 69 217 16 127 67 150
    188 0 215 206 224 125 0 230 88 5 149 0 77 5 222 0 255 105 166 94 255
    255 0 147 0 126 0 169 198 255 73 102 226 0 178 0 246 0 85 254 50 215
    55 0 205 255 252 116 80 163 165 1 158 55 106 6 0 196 50 249 255 51 0
    172 255 255 32 5 27 181 0 252 118 255 161 70 141 218 62 203 239 255
    0 203 68 0 203 172 172 229 127 38 0 0 20 0 213 49 0 239 255 191 203
    255 0 255 0 255 116 243 4 0 242 76 0 255 33 108 255 220 130 255 255
    121 94 125 172 255 227 36 230 0 5 237 160 106 188 34 221 255 42 197
    137 255 108 227 179 250 12 239 119 37 255 39 0 212 219 132 255 0 255
    208 252 11 0 146 158 255 255 98 97 137 145 37 80 222 195 47 203 186
    48 211 200 0 114 0 0 255 140 206 56 5 86 0 250 8 255 115 255 255 50
    0 0 136 114 12 133 102 137 77 0 110 108 0 191 255 142 193 0 147 255
    0 117 0 173 247 12 20 235 84 0 34 0 241 204 93 124 100 173 255 207
    75 255 0 219 0 251 58 134 255 0 0 84 0 96 126 193 45 0 132 0 47 101
    186 186 0 127 255 255 0 98 191 255 93 255 9 0 5 184 0 0 229 25 129
    255 158 72 247 12 46 148 95 0 223 27 0 146 255 243 155 33 245 6 145
    118 71 199 255 255 149 0 206 7 173 116 255 90 255 0 217 0 217 54 255
    213 61 189 62 189 0 75 37 51 18 169 255 253 3 0 36 211 47 0 255 37
    109 0 0 47 0 241 255 207 136 0 185 162 139 149 255 0 23 161 53 111
    255 104 216 255 255 255 176 192 147 207 255 164 33 133 253 255 13
    153 224 162 255 238 206 255 156 32 235 90 112 216 182 74 47 79 0 0
    223 177 252 172 255 255 191 239 0 0 255 0 0 255 174 135 0 61 69 49
    87 55 255 255 0 167 57 0 232 146 120 229 6 111 151 237 0 255 8 139
    255 139 255 129 201 25 75 213 110 255 0 50 137 141 156 220 48 0 0
    255 163 255 125 68 29 192 201 0 0 255 0 4 255 199 0 255 105 255 64
    52 150 201 223 0 255 146 246 184 122 64 255 135 255 255 0 243 107
    194 255 99 51 61 0 255 255 83 60 31 108 155 255 23 72 48 19 138 0
    255 255 68 204 200 255 246 220 11 255 216 24 0 241 255 96 0 255 18 0
    255 55 39 243 255 238 117 116 58 255 0 160 57 32 60 222 90 0 186 158
    14 14 119 176 69 255 181 194 0 13 255 148 0 255 255 158 154 251 235
    138 179 149 28 104 120 255 215 255 84 66 241 116 0 0 158 97 255 67
    23 66 82 224 130 0 28 255 70 185 0 229 107 255 23 163 75 168 213 255
    163 85 107 46 255 255 156 84 0 0 255 161 95 206 0 0 80 8 255 255 255
    121 0 107 255 0 255 209 0 0 0 255 73 1 100 19 70 255 222 255 52 0
    137 213 95 201 0 19 227 36 100 244 255 0 255 0 111 80 136 255 0 0
    255 0 255 18 77 255 201 52 141 76 0 0 78 0 255 120 195 30 19 255 163
    173 0 255 81 0 1 0 115 239 255 255 244 223 186 11 71 255 10 255 128
    255 255 162 142 196 0 0 0 77 255 185 255 173 255 255 12 255 255 0 0
    50 0 177 51 181 166 106 246 24 47 47 255 255 20 225 165 0 0 190 0 0
    248 125 0 81 0 0 225 155 0 0 134 255 135 4 0 255 81 228 195 104 220
    38 58 0 255 255 83 0 255 234 0 255 215 40 174 65 255 92 141 180 75
    255 193 197 228 130 121 0 160 196 170 255 255 0 207 79 255 138 76 36
    0 174 0 229 255 13 255 0 223 231 109 44 158 0 255 255 129 99 0 225
    81 77 20 219 217 255 0 0 26 65 255 176 132 255 87 203 255 255 66 55
    244 144 0 255 102 47 3 71 240 60 11 71 255 1 0 255 255 215 121 179
    255 14 90 229 62 157 86 42 104 0 192 195 105 236 128 156 65 0 139
    210 255 255 152 255 255 0 200 158 0 181 141 51 0 151 162 38 70 255
    183 255 255 0 158 121 0 29 255 0 255 0 207 178 32 255 0 0 203 0 87
    174 82 73 0 209 255 0 51 255 170 8 255 103 93 70 144 0 149 0 0 200 0
    24 167 255 255 185 124 1 255 0 184 232 0 12 0 255 255 21 46 255 35 0
    126 255 255 1 255 255 134 22 0 255 0 38 36 71 0 244 153 0 70 124 88
    200 202 255 176 255 20 255 255 151 255 255 180 255 190 255 241 223
    255 8 255 0 147 193 253 255 255 164 255 50 255 107 0 188 255 130 0
    120 144 185 97 15 0 0 0 31 25 15 212 0 76 255 255 255 0 143 14 255 0
    255 255 255 55 222 203 122 255 109 255 255 181 149 204 255 19 133 85
    249 224 55 187 0 255 225 192 233 85 255 180 137 59 224 78 45 0 255 0
    0 143 241 149 54 255 255 0 255 255 132 0 102 228 80 151 0 31 255 255
    33 0 255 255 79 23 186 236 3 71 255 0 255 255 42 119 47 255 206 87
    33 0 104 22 76 255 105 7 115 255 68 127 138 123 0 150 0 124 150 240
    33 0 255 0 179 64 177 255 119 211 161 23 0 65 97 0 0 0 90 14 220 0 0
    255 158 0 0 48 162 237 31 225 99 117 0 141 255 148 2 183 0 197 0 100
    255 154 198 205 0 146 153 152 255 255 250 242 187 255 115 123 255
    229 255 255 42 0 251 0 255 205 255 156 196 255 142 177 0 255 0 142
    255 0 255 142 51 0 255 255 174 96 47 37 0 0 79 255 143 255 0 126 255
    171 255 255 255 67 62 0 0 121 111 72 255 68 40 0 0 0 30 146 53 209 0
    111 71 255 255 0 255 50 206 24 255 201 22 255 0 0 147 85 187 194 31
    255 135 17 255 130 0 0 0 4 253 209 0 175 184 198 137 0 87 82 0 92
    255 162 220 43 148 90 255 223 184 63 255 255 80 126 0 255 255 255 95
    166 88 255 101 80 0 43 56 240 126 156 255 0 71 216 135 230 0 255 0
    86 0 150 3 204 0 255 0 1 0 76 179 0 0 182 9 144 255 0 112 157 255 84
    57 93 62 0 237 10 0 77 216 22 0 0 209 183 56 22 81 255 255 255 210
    255 101 0 0 0 111 6 0 0 255 179 255 99 0 149 239 255 131 64 162 179
    0 174 0 28 89 0 255 255 189 255 255 0 97 172 244 255 82 0 255 201 70
    255 13 11 134 165 0 255 255 255 110 0 50 167 0 121 248 255 199 255
    255 7 209 255 152 248 152 37 150 255 38 211 126 0 105 27 55 255 0
    255 140 14 171 68 40 87 116 105 107 0 51 0 227 8 65 174 250 129 91
    126 245 238 208 0 209 146 96 64 157 180 81 0 108 169 255 121 255 255
    157 90 255 13 136 206 254 255 0 95 255 0 0 39 127 255 166 101 83 57
    0 0 166 0 250 255 0 255 255 255 255 108 0 0 255 93 76 115 101 144
    255 163 255 251 0 122 255 121 255 255 3 0 3 0 159 5 224 11 255 252
    234 231 88 255 255 103 255 0 81 203 40 92 185 255 0 255 0 0 0 140 97
    223 157 0 141 87 0 255 118 30 0 109 162 195 0 99 255 248 144 255 74
    0 153 0 255 255 113 163 0 0 109 255 0 65 194 191 34 0 57 0 30 245 80
    224 152 44 160 0 241 227 240 0 255 226 123 113 255 255 34 120 255
    199 255 194 180 7 147 4 213 87 202 203 167 111 92 80 0 0 255 83 54
    255 0 186 108 27 138 148 241 100 0 70 255 45 0 164 255 255 0 0 255
    255 255 10 36 0 19 0 0 12 255 68 12 218 195 255 255 101 150 174 0 11
    0 0 81 0 77 1 208 68 93 0 0 194 244 25 0 0 0 255 255 144 0 255 162
    50 210 20 0 155 229 0 255 193 168 0 255 255 213 0 59 177 156 28 166
    122 124 40 0 11 0 144 0 83 118 0 0 0 226 38 137 69 191 255 0 0 0 22
    119 222 44 255 255 255 82 255 201 255 0 0 131 255 151 0 255 255 255
    76 205 255 8 255 255 191 255 122 198 46 102 169 114 228 6 197 0 52
    183 0 0 46 87 169 124 0 113 0 0 255 161 98 255 85 39 255 158 45 255
    117 255 38 135 190 187 100 38 216 166 255 255 95 255 162 163 202 36
    255 142 27 9 255 255 218 169 194 185 224 18 216 205 149 70 103 190
    28 28 240 255 0 255 0 89 0 0 3 124 43 73 11 249 0 90 192 0 83 0 180
    121 255 21 173 23 98 0 255 151 149 21 0 0 0 0 102 0 0 212 0 60 63 0
    250 0 255 81 31 213 255 255 0 117 255 147 164 222 187 73 255 178 209
    62 27 10 125 255 135 68 255 225 233 24 255 255 160 112 237 164 70
    127 0 0 24 105 255 0 255 146 1 37 0 19 251 129 255 255 110 212 55
    241 222 0 214 242 0 192 92 0 23 255 82 75 68 26 0 222 98 68 0 255
    216 87 255 255 130 166 216 255 0 14 255 0 161 250 79 186 0 31 25 0 0
    0 94 115 0 212 29 69 255 255 100 255 185 8 230 255 255 0 255 0 0 190
    0 143 34 163 149 255 67 255 196 254 33 63 240 173 241 29 198 31 0 0
    255 148 106 210 255 255 100 255 143 83 255 255 0 255 255 255 167 132
    0 255 224 63 255 181 16 52 0 190 84 15 208 223 255 12 0 255 99 255
    26 223 54 138 255 255 164 255 63 54 0 103 0 255 255 199 0 224 255 0
    172 255 0 255 5 255 184 77 0 0 0 0 241 0 72 254 91 141 205 20 225
    211 86 225 143 0 125 255 32 145 0 193 231 72 178 135 255 166 255 239
    249 109 255 243 87 31 128 8 0 89 255 165 255 68 11 235 19 0 200 128
    35 30 56 255 157 237 60 178 0 169 0 255 80 18 224 71 2 0 0 63 137 40
    70 103 137 162 179 87 174 0 187 118 80 139 81 255 202 23 13 0 255
    255 255 255 191 0 0 150 124 88 19 54 190 172 130 39 0 152 244 107 0
    0 84 40 0 20 255 0 205 148 23 255 241 159 255 220 42 61 255 163 100
    58 0 12 255 130 5 127 255 103 255 120 86 145 255 200 104 130 5 179
    186 107 101 86 227 255 255 0 0 16 98 217 72 208 85 255 255 0 0 255 0
    58 0 0 139 255 112 0 58 0 59 255 194 255 21 74 202 43 251 180 25 0
    92 254 212 76 113 89 0 36 106 162 116 255 166 189 37 164 49 220 0
    255 216 255 49 0 255 116 0 0 0 62 97 94 121 38 62 185 76 69 37 148
    255 255 8 4 174 255 185 83 49 255 255 101 0 220 49 0 66 106 28 91
    255 255 255 210 10 86 199 188 200 154 177 0 103 0 255 207 37 94 203
    255 0 249 130 153 255 19 57 189 245 150 99 108 255 0 0 203 133 0 0
    56 95 207 0 165 150 125 147 144 0 113 155 0 77 203 90 0 117 38 119 4
    55 0 96 121 255 0 36 255 214 255 240 255 205 56 0 154 248 120 0 20 0
    14 0 42 24 100 50 194 255 101 144 157 255 255 255 0 246 17 105 88
    248 0 0 53 111 54 123 255 176 255 43 115 25 88 205 146 190 117 133
    218 255 171 0 50 0 255 24 20 81 147 179 220 175 255 28 255 0 255 41
    220 114 0 67 186 174 47 67 98 172 255 0 0 240 0 9 185 92 255 219 0
    70 121 255 113 0 255 0 255 250 0 255 141 0 220 0 255 191 4 103 255 0
    113 0 245 0 0 255 0 236 68 1 102 249 0 189 132 145 238 45 255 0 0
    168 60 0 0 140 255 255 151 0 179 255 0 197 0 190 0 53 0 33 0 255 44
    0 132 0 206 0 255 255 178 254 116 0 0 82 0 53 51 0 9 117 111 187 144
    40 200 116 69 255 255 255 144 255 252 0 255 255 255 144 255 99 63
    255 0 6 0 125 47 93 205 255 255 201 255 0 84 255 255 0 132 65 208
    237 68 219 255 18 255 0 255 0 243 63 0 122 227 204 255 97 255 171
    255 195 0 162 0 179 246 0 97 248 169 202 157 248 154 0 170 173 118 6
    226 124 52 0 0 0 86 191 100 255 79 216 255 255 0 20 0 0 255 238 0
    179 237 0 249 29 222 45 132 20 0 0 35 255 102 229 255 151 255 15 239
    230 133 251 227 163 61 34 0 255 83 49 255 18 137 240 255 15 191 88 0
    50 255 188 0 255 255 255 149 0 188 253 0 120 232 254 165 247 255 255
    50 45 69 119 251 0 216 0 140 255 130 212 255 0 226 0 125 109 158 255
    97 171 255 141 255 161 178 0 200 79 0 105 140 255 228 47 227 255 255
    0 46 169 56 69 157 10 121 255 228 255 255 179 238 0 166 143 51 44
    123 0 0 0 0 24 255 42 65 255 0 0 252 7 114 0 0 49 116 0 3 122 0 6 0
    55 55 0 255 169 57 255 155 0 34 72 62 64 255 13 110 255 232 255 175
    0 255 0 96 182 209 65 242 174 0 108 101 0 176 255 0 73 0 144 181 228
    121 142 255 67 0 255 177 0 71 71 44 238 185 0 255 33 242 153 32 255
    0 0 213 0 129 255 75 246 158 0 226 0 0 255 50 0 0 236 156 0 0 95 217
    124 255 0 236 108 135 255 0 77 201 245 255 251 255 194 138 255 25 43
    255 153 0 255 27 131 255 76 255 178 255 0 0 101 45 236 167 111 224
    255 0 167 80 0 107 89 180 63 48 170 0 226 48 0 255 0 9 247 132 0 4
    255 35 27 82 0 0 255 82 12 80 49 255 238 1 100 200 136 170 101 168
    251 153 170 0 79 68 94 0 136 190 206 255 230 11 147 164 0 18 246 185
    185 110 10 255 0 52 215 0 87 11 0 240 104 176 238 70 255 28 166 240
    255 37 66 255 0 204 255 34 51 0 0 53 74 140 154 74 170 255 0 247 255
    255 81 8 0 0 0 0 89 255 77 74 171 0 217 122 241 0 179 255 198 242
    255 255 8 91 0 255 0 149 255 0 255 90 250 255 0 253 0 85 130 89 94
    255 224 212 104 255 255 131 0 6 129 255 125 59 138 210 5 0 0 0 96 59
    0 0 67 0 2 149 154 157 241 255 0 27 12 46 0 143 128 46 0 235 148 42
    79 0 0 255 88 0 179 27 0 116 17 112 255 49 255 233 26 14 255 59 138
    255 49 129 0 170 125 0 44 151 102 22 0 114 171 27 211 255 255 255
    210 255 255 26 72 255 58 255 26 86 121 0 174 0 12 255 83 0 246 255
    66 173 121 146 187 129 36 0 131 95 0 255 212 0 83 206 35 112 173 49
    255 19 234 191 0 0 0 0 208 142 194 0 255 178 183 255 52 0 159 0 255
    255 149 255 255 225 13 164 0 0 255 219 110 232 23 255 254 255 0 252
    219 255 255 75 101 81 86 228 255 255 255 0 255 255 85 255 255 0 167
    0 57 0 62 0 255 197 0 255 232 251 180 184 0 146 255 0 18 141 255 159
    19 186 120 239 185 138 0 0 255 83 84 180 238 184 9 255 23 156 218
    255 243 246 211 38 212 0 65 93 0 243 255 132 255 156 95 62 255 255 0
    146 120 239 18 0 21 190 255 250 255 56 148 150 0 255 224 255 62 255
    0 97 255 88 255 165 161 9 84 255 111 0 255 255 0 255 1 5 97 26 192
    63 94 58 0 44 171 0 24 0 207 85 0 104 16 124 255 93 0 142 139 211
    176 56 109 255 255 213 255 47 219 87 183 255 255 255 255 172 255 143
    117 212 58 255 211 10 171 255 157 255 223 151 0 74 30 59 5 10 255 0
    123 80 16 79 17 227 255 0 0 114 255 11 253 250 255 75 206 172 240
    226 255 60 255 116 110 243 215 0 0 255 255 18 114 255 224 0 0 105 0
    241 218 133 255 141 0 0 254 220 51 111 212 62 57 205 0 178 255 255 0
    241 31 29 0 228 79 61 255 97 0 0 233 112 252 58 169 198 255 220 77 0
    143 49 127 0 124 243 85 0 0 231 243 187 124 255 16 213 67 36 0 69 0
    255 0 170 62 220 0 0 201 176 167 39 0 130 167 210 136 0 112 0 241
    125 0 0 0 41 0 33 235 221 0 0 166 0 56 41 120 0 34 173 95 171 255 0
    88 107 0 255 235 143 136 15 154 0 190 0 255 0 207 117 121 39 5 39
    224 255 255 238 0 62 221 0 255 101 18 255 206 1 182 0 255 134 253
    144 111 209 0 50 126 0 103 0 255 14 246 154 255 140 0 145 14 0 104
    116 255 255 110 44 195 0 148 251 255 84 0 184 223 135 0 55 102 174
    255 183 0 0 54 169 255 230 255 0 102 225 21 39 12 135 255 255 255
    255 27 104 255 27 0 103 77 255 15 0 0 255 255 0 255 255 138 218 139
    161 171 148 0 21 187 207 47 145 163 142 156 255 252 201 255 175 0
    255 221 0 255 142 0 255 87 0 100 0 212 255 44 157 133 255 0 232 191
    255 8 0 147 14 255 255 192 118 255 0 255 216 0 116 141 161 203 245
    68 97 78 191 102 231 0 255 32 195 255 211 206 100 0 44 255 209 205
    105 71 253 255 189 214 213 255 12 0 50 197 3 5 186 255 65 232 255 29
    192 0 26 227 105 0 212 25 0 237 249 0 183 194 255 225 0 0 255 251 96
    131 255 253 150 170 52 30 154 186 139 188 255 0 255 188 118 152 255
    255 255 13 29 255 0 255 163 18 44 155 255 39 108 255 0 170 0 124 64
    0 174 255 164 84 197 35 255 7 143 0 0 247 0 255 0 255 56 13 171 163
    216 6 255 147 28 9 3 0 133 28 246 76 221 169 177 39 255 127 211 255
    142 0 95 0 113 0 255 19 211 7 220 50 95 13 114 10 255 117 79 255 0
    48 233 255 255 255 201 12 192 50 213 94 0 255 0 46 125 0 255 255 255
    255 51 255 75 255 7 4 4 12 161 0 132 205 130 0 65 100 121 67 44 238
    0 204 0 111 0 0 176 63 21 0 136 255 206 255 85 104 11 255 0 48 255 0
    35 255 255 78 13 250 0 140 140 255 46 183 255 180 116 58 224 163 250
    21 89 0 0 255 220 96 0 20 190 255 106 255 201 150 81 40 0 89 0 29 0
    110 0 46 208 255 255 187 145 88 223 169 252 255 255 136 208 191 248
    3 0 255 134 51 206 0 135 25 77 178 45 255 82 26 238 106 128 85 224 0
    0 247 134 202 141 135 47 216 109 255 250 79 242 219 211 0 255 98 197
    255 141 0 99 255 255 9 131 0 255 28 236 0 115 255 226 237 120 255
    132 0 255 142 235 151 0 36 255 14 191 58 0 141 61 72 0 151 170 163
    207 60 255 165 0 189 255 0 144 0 190 255 0 195 255 27 226 148 143
    217 80 0 255 0 0 132 255 0 0 214 249 255 255 96 143 123 216 0 218 60
    255 249 106 0 0 29 0 0 84 130 0 27 34 67 0 174 0 132 152 158 0 192
    255 64 107 0 103 255 171 23 174 225 37 0 0 142 124 57 255 237 255 0
    123 255 255 64 255 178 106 138 255 255 21 255 202 221 2 31 98 225 26
    140 253 255 95 57 0 229 62 255 0 97 221 12 71 67 165 0 118 255 26
    166 185 69 227 255 74 0 184 0 214 224 0 156 255 30 240 144 0 134 255
    140 255 168 255 216 255 0 126 101 198 255 255 136 243 173 163 255
    106 0 0 63 10 255 77 255 71 189 117 47 220 232 183 17 102 128 0 70
    255 73 198 37 2 255 111 255 0 226 20 16 56 255 234 0 183 10 69 15
    184 0 245 225 255 0 238 255 251 0 0 0 11 252 165 153 75 89 255 231
    255 119 255 255 57 255 0 255 255 0 0 0 0 255 232 0 0 255 198 112 0
    255 11 255 255 194 36 214 68 122 170 134 154 70 76 107 255 163 222 0
    198 99 21 201 255 255 229 0 253 2 127 67 0 182 0 169 0 255 64 119 0
    0 0 24 187 255 0 105 138 0 213 48 70 123 232 255 255 182 88 255 225
    225 101 255 55 196 108 0 255 58 114 0 255 0 240 101 68 180 0 6 85 0
    255 255 22 228 228 188 92 255 38 0 0 255 255 224 255 34 111 10 242
    157 141 238 0 252 6 0 241 255 0 255 44 7 185 255 255 19 0 186 255
    223 124 208 201 255 255 147 169 0 230 167 0 255 123 0 96 55 240 251
    211 159 172 144 0 0 255 255 8 215 219 153 72 255 169 184 0 137 255
    61 255 255 97 0 2 99 9 116 255 94 255 15 96 197 128 0 172 171 98 109
    0 255 0 183 103 0 0 188 255 255 255 255 148 0 255 249 54 255 158 0
    152 0 170 248 96 95 255 208 255 0 174 162 75 169 48 24 204 116 60 0
    0 255 255 136 25 255 255 204 196 0 106 177 216 85 0 120 0 165 245 72
    255 134 0 179 0 25 255 0 255 168 119 255 37 217 255 2 198 90 66 145
    0 0 255 110 67 0 8 255 252 255 0 255 255 255 149 55 10 153 38 255
    255 238 1 0 119 162 103 0 133 228 146 58 157 103 255 172 169 0 143
    255 15 138 0 61 231 255 239 226 18 15 65 255 97 143 26 0 77 0 136 0
    0 134 0 12 255 0 85 245 145 178 255 79 119 6 0 255 129 35 131 0 205
    255 162 184 13 187 243 203 255 125 241 255 210 231 151 255 244 0 92
    16 19 8 0 12 18 0 255 54 60 67 255 246 74 24 50 129 112 161 214 251
    0 33 255 235 255 181 6 255 0 203 1 255 0 192 32 161 117 109 255 255
    103 191 237 153 242 212 8 255 255 0 255 255 111 73 206 255 71 0 60
    114 0 100 255 49 50 0 109 255 5 223 116 213 0 240 57 49 0 230 20 0
    110 161 170 0 2 0 238 137 0 49 245 255 85 0 0 166 0 190 168 61 215
    148 219 196 255 255 255 187 77 68 0 255 232 255 0 147 129 181 136 53
    110 29 116 0 124 191 231 134 255 172 54 255 235 55 196 0 169 79 104
    208 43 0 255 0 230 228 143 26 0 153 0 39 44 255 124 239 216 255 170
    0 0 0 0 255 179 126 255 0 0 0 0 0 255 255 252 88 255 0 149 226 87
    129 0 0 108 208 246 0 255 16 9 179 255 60 15 0 255 31 225 0 25 255
    74 255 164 255 9 255 0 200 50 255 255 128 255 0 0 236 0 0 255 0 85
    163 27 0 54 124 0 0 0 88 123 163 20 228 210 255 85 159 255 255 255
    255 242 255 255 118 255 0 139 0 255 0 0 115 173 0 90 0 50 83 204 231
    255 15 213 255 0 255 255 0 57 31 73 49 149 101 167 127 192 159 255
    255 255 255 255 0 154 0 71 65 188 255 151 106 0 255 237 3 255 0 0 61
    13 69 255 233 112 119 229 84 130 255 193 57 0 255 0 255 81 136 255
    94 56 82 174 0 0 0 0 48 50 253 213 230 9 23 137 137 24 0 203 255 68
    0 41 109 105 127 154 0 255 254 110 106 0 128 138 247 237 140 255 239
    0 255 255 151 226 117 195 151 0 0 0 12 108 225 23 209 0 0 255 216
    255 0 135 188 178 227 70 200 20 19 86 255 255 255 225 11 34 145 18
    42 143 67 0 230 88 188 101 226 30 255 64 193 142 0 105 30 0 171 76 7
    0 160 224 136 0 0 255 36 0 255 255 0 240 0 161 166 189 238 60 127
    105 0 254 110 116 101 0 244 9 89 0 15 58 176 227 252 0 255 124 169
    252 255 231 208 177 255 0 129 246 0 91 143 102 103 255 23 0 255 51
    132 104 187 0 240 0 65 172 164 34 0 247 0 98 114 83 70 255 255 110
    255 255 193 225 147 247 255 178 65 205 41 175 0 18 44 236 94 186 69
    199 255 255 25 0 254 0 203 37 0 49 138 52 0 248 0 254 46 246 255 111
    45 0 204 100 0 255 0 41 255 244 0 0 0 223 107 25 0 178 27 12 0 209
    239 42 69 255 30 64 198 98 0 0 155 241 129 0 142 222 92 178 108 255
    26 64 138 122 0 113 166 200 98 0 255 255 83 255 0 73 226 190 109 216
    21 255 126 0 58 69 136 173 255 16 255 0 127 255 138 200 97 109 0 108
    107 255 0 97 255 115 172 0 255 255 74 255 157 255 96 106 255 8 0 255
    0 0 0 177 86 117 102 89 0 255 149 0 0 255 68 120 192 147 0 0 0 123
    183 84 255 255 255 4 0 214 72 255 0 110 255 0 0 109 237 255 255 246
    255 22 255 255 44 255 0 187 77 0 151 255 107 255 81 255 141 97 43 0
    58 138 39 90 255 210 50 217 199 143 19 195 127 157 49 255 66 0 0 255
    8 0 204 102 86 191 138 255 111 206 255 0 255 0 182 0 214 107 86 174
    232 255 0 255 15 28 0 255 0 37 0 0 102 255 108 255 216 33 167 0 229
    197 17 217 49 38 255 175 18 228 255 170 36 255 151 30 255 90 81 78
    128 255 5 76 255 146 155 90 253 233 168 98 238 255 0 255 0 184 57
    178 21 133 0 182 255 53 112 210 6 255 255 0 0 0 247 38 255 101 93
    231 255 171 255 0 226 0 187 0 127 0 82 255 255 138 255 255 101 171
    199 255 178 84 14 154 155 0 127 255 36 210 219 162 157 116 90 230
    255 216 240 84 255 38 151 190 0 74 255 255 87 0 113 186 51 86 0 132
    229 0 255 189 255 172 66 255 0 136 0 136 255 141 204 52 73 94 135
    131 220 198 74 53 255 197 145 255 26 255 0 65 255 64 255 255 182 255
    255 71 14 39 244 0 50 182 78 35 0 255 25 255 181 255 163 254 107 0 0
    141 0 0 175 180 195 50 19 45 0 151 2 104 128 86 0 35 104 97 255 0
    250 251 255 154 239 255 211 181 255 255 0 0 226 68 255 0 52 191 0
    206 240 126 0 255 133 130 129 0 255 80 101 110 103 25 229 255 96 95
    63 38 222 0 0 255 214 152 158 0 0 255 172 247 3 255 66 65 255 91 172
    20 38 203 52 227 216 218 255 222 192 203 255 113 123 241 246 97 0
    124 221 255 255 28 103 216 152 46 96 14 255 0 0 55 64 146 189 29 188
    255 127 255 103 154 0 0 246 48 54 134 0 0 90 42 44 223 85 173 0 97 0
    255 0 255 255 95 8 231 0 0 255 241 12 135 25 255 255 234 13 255 0
    255 0 44 164 0 53 255 242 65 66 248 228 255 0 255 255 227 86 71 0 99
    0 255 0 45 0 0 0 255 203 142 222 255 211 212 209 0 203 92 131 23 255
    255 255 255 255 0 141 72 113 94 0 255 33 255 64 190 177 0 250 206
    255 162 255 219 29 255 183 84 209 241 250 247 255 118 46 255 255 78
    255 41 165 255 54 135 255 123 139 255 176 255 255 98 255 161 89 255
    0 249 129 0 255 0 255 180 230 0 190 34 0 151 206 29 183 142 255 199
    103 255 116 159 198 95 255 0 255 0 220 23 193 28 0 88 5 236 229 207
    59 226 255 255 255 255 241 159 0 127 255 87 0 152 185 255 60 186 123
    87 0 246 125 212 0 125 219 0 214 38 0 220 198 8 65 0 250 108 0 0 0 0
    130 34 153 94 15 0 255 255 3 43 255 17 224 238 73 0 255 156 52 255
    255 255 177 209 0 106 178 255 56 199 255 0 52 255 54 255 255 0 0 52
    23 114 192 190 255 102 51 255 214 134 174 53 255 111 0 101 0 0 158
    215 224 150 180 109 33 0 136 186 255 235 157 201 106 255 176 96 17
    62 121 174 0 0 29 0 0 146 141 105 156 206 255 255 62 255 115 21 184
    255 255 3 82 255 240 137 7 23 126 255 65 175 157 226 0 238 129 95
    255 0 0 0 255 98 0 0 235 188 174 255 255 237 38 15 255 22 255 120
    162 37 251 41 199 143 150 210 19 113 0 0 0 191 28 190 0 0 91 122 255
    46 249 79 0 99 217 0 55 38 213 0 0 57 0 52 9 75 152 0 7 255 211 66 0
    39 0 62 255 93 206 0 42 217 216 207 189 17 34 56 0 65 241 196 225
    255 37 55 0 17 238 255 206 255 22 255 0 222 111 85 35 233 246 62 78
    254 224 255 67 255 46 0 98 211 0 50 40 63 12 26 0 85 95 54 46 179 11
    0 135 104 255 176 39 223 6 255 100 255 97 84 123 163 0 255 0 0 154 0
    228 195 0 255 0 71 0 19 60 0 255 255 185 0 255 71 189 109 168 79 255
    123 97 210 0 0 110 9 0 19 0 197 255 255 18 255 255 255 0 0 255 83 42
    0 80 93 198 0 217 103 1 255 208 111 200 0 187 255 182 139 187 192 49
    192 170 255 0 127 142 255 0 135 0 94 255 0 139 160 17 0 255 250 182
    255 255 0 255 101 55 0 106 86 57 0 255 126 0 78 151 0 147 255 57 187
    222 0 182 0 184 81 98 253 246 0 255 255 85 242 255 223 0 193 105 127
    79 0 227 227 211 140 255 0 74 141 180 13 0 255 0 0 123 255 151 0 234
    145 128 56 223 0 205 0 45 66 57 255 255 215 206 124 75 68 149 0 72
    122 255 0 255 0 121 31 255 0 255 200 255 255 0 209 193 0 255 127 255
    255 0 138 202 234 44 157 42 215 0 195 0 234 14 0 255 255 73 58 255
    255 255 243 255 166 0 205 149 0 255 255 255 172 255 184 109 255 228
    0 255 255 80 255 0 0 173 0 255 40 255 197 255 255 207 26 0 255 0 40
    0 217 189 0 160 0 10 196 69 49 0 48 26 0 255 255 0 232 39 57 255 46
    255 224 255 255 0 55 133 104 37 0 38 116 0 90 255 90 184 248 125 137
    48 255 0 255 255 169 137 146 167 128 198 255 118 253 209 255 255 178
    255 204 47 255 87 255 255 238 255 0 255 0 187 152 255 255 251 49 35
    142 202 0 218 255 230 210 12 77 237 193 0 116 0 88 0 223 0 0 102 34
    134 0 0 255 255 127 0 205 148 9 255 255 193 69 217 244 200 204 248
    127 122 2 181 0 238 204 231 122 236 255 255 61 98 255 195 4 9 0 0 0
    0 148 152 96 255 105 42 255 255 101 55 242 167 7 255 254 218 170 0
    168 165 160 31 95 187 0 0 102 255 197 121 187 137 128 255 136 255
    116 0 255 208 0 18 17 255 247 0 170 29 9 74 75 65 200 247 205 255
    208 136 150 0 255 134 255 223 255 201 252 6 255 68 27 65 0 34 195 78
    78 84 106 255 107 0 255 62 0 69 255 237 0 214 8 255 226 255 189 138
    255 229 0 0 0 98 255 178 235 0 177 27 0 111 53 0 102 127 105 13 255
    255 0 255 194 58 245 56 37 5 45 16 0 30 255 47 2 202 255 57 236 213
    164 169 192 249 122 167 255 155 0 248 0 153 24 221 0 52 255 255 155
    30 192 53 115 107 106 119 56 96 255 129 205 249 82 254 0 0 6 0 80 0
    255 255 255 0 137 255 0 36 157 76 128 208 19 223 255 255 38 110 54
    52 46 222 145 12 107 32 212 26 149 255 10 0 11 148 0 246 255 5 118
    90 0 255 49 241 145 251 194 0 255 255 38 242 228 82 51 181 30 111
    255 23 254 122 193 166 202 138 255 255 255 183 255 125 0 51 0 140
    255 190 255 255 12 25 0 0 0 63 255 127 0 121 26 0 65 220 254 0 255
    249 248 81 210 87 255 180 237 201 0 185 186 255 38 255 248 52 55 255
    23 209 255 202 255 3 39 15 20 0 68 0 255 246 0 198 198 97 75 236 0 0
    120 8 159 0 43 43 29 162 225 255 255 0 255 49 187 181 255 42 255 81
    247 205 28 43 0 0 25 54 109 18 255 97 214 242 255 28 70 168 255 243
    0 0 0 27 215 57 255 191 72 129 45 221 137 22 255 0 197 255 131 98 99
    0 131 255 150 145 7 10 112 0 62 209 108 87 52 107 0 183 158 20 86 61
    213 87 123 255 144 147 7 195 111 220 240 47 255 255 48 69 255 155
    212 60 127 158 255 218 0 197 139 218 134 52 43 8 11 0 249 180 0 29
    57 255 6 171 255 99 0 0 0 118 244 198 0 255 100 93 186 100 0 0 134
    235 60 255 91 255 59 216 255 166 127 90 207 63 216 164 255 0 0 245
    67 116 0 119 47 48 54 96 25 255 104 34 191 0 0 232 0 50 0 194 254
    255 83 61 190 39 90 90 75 185 245 186 0 144 105 233 193 0 135 106
    199 2 195 216 0 0 78 0 86 255 0 135 255 3 124 128 237 59 169 100 0
    214 187 89 171 255 0 255 25 228 225 255 0 114 255 146 0 120 0 236
    243 51 98 145 127 31 255 255 143 254 185 163 0 0 84 243 0 0 29 0 182
    0 134 220 118 25 0 127 250 204 255 255 0 185 71 255 0 255 223 175
    184 255 102 208 14 239 19 0 152 30 0 158 110 255 255 255 255 255 227
    255 0 0 2 255 195 255 243 58 106 160 255 0 152 255 0 60 86 0 0 0 31
    245 200 220 213 196 255 255 0 122 255 255 5 255 255 162 8 0 46 255
    145 116 0 129 0 102 255 0 128 37 173 0 0 66 90 255 238 138 235 255
    185 198 204 207 255 0 255 140 114 67 77 165 110 161 255 171 88 255
    48 29 255 212 74 255 51 0 60 18 150 255 255 228 154 255 66 158 71
    160 125 30 255 0 119 82 0 170 43 140 193 0 195 0 237 255 255 57 248
    241 0 6 32 255 164 225 255 0 255 62 0 86 7 0 0 123 255 255 4 255 242
    0 0 255 107 100 0 129 0 24 148 0 0 81 254 41 18 175 209 83 55 103
    255 85 66 155 0 0 46 231 215 255 31 78 0 99 255 106 22 121 215 102
    232 0 245 74 69 255 163 62 92 0 255 204 40 0 133 0 255 255 84 35 32
    51 10 0 86 177 0 103 211 0 255 28 38 255 177 191 186 0 66 224 85 255
    135 253 5 0 255 0 149 0 0 110 169 0 0 236 130 77 255 0 255 169 0 0
    255 179 223 161 238 62 200 253 225 31 219 0 147 0 190 0 220 255 226
    0 47 0 13 49 0 0 0 63 171 66 165 255 202 0 167 255 0 36 255 116 245
    250 171 55 128 221 69 0 78 81 0 227 176 187 150 48 94 115 255 255 0
    135 147 216 136 255 142 209 0 168 0 255 73 161 245 0 58 52 39 206
    255 32 90 255 255 105 255 255 0 58 244 0 0 255 255 255 253 45 128
    157 255 255 24 255 6 255 0 117 217 218 151 255 255 117 10 255 148 16
    81 76 255 131 0 158 112 196 255 175 148 219 149 71 0 184 255 234 0
    255 99 255 0 255 0 0 33 207 0 148 2 235 181 56 148 0 89 109 48 255
    157 154 22 255 250 116 255 255 185 255 255 157 7 186 200 207 69 255
    205 255 0 199 255 150 168 255 43 14 253 131 255 29 39 159 0 236 196
    211 0 195 255 0 11 0 255 76 60 255 183 0 13 254 231 255 0 100 246 0
    102 4 0 206 196 0 53 106 228 255 255 255 255 127 0 255 255 107 136
    88 74 46 255 187 215 25 118 0 220 107 0 101 32 10 255 211 206 118
    167 255 102 52 255 19 171 150 255 20 173 0 152 39 0 18 24 47 89 67
    82 10 0 158 137 20 0 16 120 45 41 135 0 255 96 0 30 229 255 21 154
    174 255 215 133 255 241 131 76 202 255 82 255 255 255 178 64 175 196
    0 255 229 158 0 112 12 190 0 208 16 158 223 0 103 0 179 156 0 255 86
    233 255 153 219 255 219 51 62 81 96 255 255 255 0 235 0 114 150 163
    2 4 158 191 172 0 255 214 0 255 149 128 80 45 255 161 46 42 255 0 0
    33 227 168 106 133 162 181 194 20 0 133 252 14 250 255 0 255 221 242
    255 128 173 97 197 0 205 250 89 0 251 255 76 150 23 247 199 186 83
    210 242 15 0 227 255 42 153 255 201 255 73 6 144 232 22 255 55 165 0
    53 233 219 191 255 101 113 0 0 236 206 6 77 255 55 0 172 255 0 161
    255 122 0 255 0 126 6 173 255 125 233 241 255 27 94 249 73 109 249
    248 174 255 236 115 21 185 160 214 255 255 172 136 139 236 167 197
    36 58 255 204 253 163 187 255 140 204 0 0 0 152 0 34 76 191 111 74
    124 0 4 0 18 154 255 147 135 177 184 247 0 226 255 125 0 98 105 230
    85 39 159 229 0 212 255 103 19 255 255 0 255 255 205 100 255 0 0 94
    79 30 245 255 133 26 0 248 0 244 255 184 0 255 0 254 239 114 91 0 0
    255 255 0 0 151 255 22 255 185 255 112 51 207 129 231 90 88 0 0 61
    115 0 0 0 0 102 0 0 67 50 26 72 255 0 255 144 0 183 41 255 207 179
    97 255 235 249 34 0 255 0 49 204 90 87 114 250 253 173 255 198 255
    255 182 255 216 0 10 0 23 139 255 108 72 202 231 27 75 73 160 205
    111 45 120 76 0 195 167 217 59 52 0 201 255 118 183 0 49 253 0 207
    28 0 218 255 255 0 4 23 37 215 64 161 135 208 87 228 72 255 16 255
    104 196 255 239 180 151 255 0 164 255 255 53 48 132 0 0 26 0 102 210
    0 57 0 16 7 0 224 255 227 136 62 255 98 255 69 241 0 230 161 14 173
    13 0 158 122 100 111 192 255 255 179 255 49 168 255 54 255 173 255
    30 0 230 223 103 127 255 0 246 0 161 154 0 164 255 248 184 255 255 0
    255 152 0 55 125 255 168 120 23 8 29 0 30 0 180 119 0 255 171 22 228
    101 169 230 14 0 255 156 0 0 118 0 255 0 0 170 198 0 108 131 155 113
    207 255 255 251 24 0 216 214 0 64 36 31 0 196 255 4 0 55 123 192 148
    255 255 199 190 250 228 125 0 18 0 255 65 203 241 181 255 255 0 4
    124 255 226 181 138 252 5 253 107 176 0 99 50 0 6 255 179 0 10 144
    158 255 69 255 0 255 99 74 42 230 0 150 61 191 255 198 100 85 89 42
    255 154 0 148 87 68 137 0 255 212 6 255 255 76 255 117 0 255 255 255
    120 0 255 245 175 208 25 255 141 80 69 243 199 139 0 0 255 147 255 0
    94 255 29 255 44 156 255 0 0 119 66 192 122 255 255 225 0 223 0 0
    255 208 255 115 15 160 255 0 181 0 49 187 239 235 0 0 255 25 0 0 226
    169 54 242 137 8 255 231 255 255 159 192 230 255 255 78 0 1 255 0
    103 124 213 255 224 0 87 125 103 188 230 255 103 70 245 76 78 165
    255 175 74 103 163 251 226 110 116 0 0 255 27 137 50 114 133 144 25
    162 72 53 235 255 0 255 255 255 218 255 145 41 255 224 255 120 151
    154 0 242 255 0 0 206 115 176 227 222 255 90 73 71 159 0 225 174 230
    79 254 255 149 132 14 255 195 120 117 222 237 104 255 119 88 190 255
    255 149 80 37 97 175 22 82 179 49 143 213 0 214 119 226 22 0 168 47
    255 0 207 200 0 90 176 77 0 255 255 15 143 255 255 0 3 122 255 9 34
    35 0 255 0 0 199 63 17 158 0 108 83 72 122 0 108 158 151 24 133 87
    113 20 61 255 67 155 255 156 38 0 51 219 125 76 175 255 0 32 250 37
    196 255 255 0 114 148 166 144 255 14 65 0 89 255 255 99 255 0 0 255
    203 122 71 240 251 52 0 211 109 235 60 72 245 0 0 0 190 200 255 51
    35 3 245 147 0 243 197 128 132 0 245 255 255 255 0 0 36 0 0 255 147
    254 19 56 255 0 142 240 100 10 0 240 135 212 158 75 179 169 0 0 243
    255 255 113 76 222 255 224 235 0 0 86 190 60 64 194 255 26 203 255
    28 0 50 151 255 17 13 0 30 185 198 244 26 255 146 255 87 54 83 64
    231 37 255 127 0 205 255 206 179 255 187 0 154 24 255 68 221 0 242 6
    177 0 100 139 144 68 56 138 176 128 235 255 115 129 137 241 46 42 13
    124 110 173 99 91 62 0 143 102 119 6 255 107 0 235 52 210 178 255 30
    149 240 0 0 195 186 242 222 107 255 3 220 90 9 167 206 184 22 174
    255 230 255 150 36 91 255 255 173 0 194 159 234 255 64 239 79 54 0 0
    210 0 140 10 211 2 0 0 0 163 200 0 233 96 255 151 255 255 150 0 196
    41 255 10 255 91 220 211 18 248 255 184 70 157 55 62 49 255 0 11 84
    227 115 144 199 207 142 0 255 0 255 165 99 255 138 0 255 64 149 104
    0 155 62 88 0 0 255 0 160 0 135 255 4 27 0 0 160 81 0 255 255 159 0
    216 155 147 157 0 6 0 132 64 193 255 28 15 103 255 150 0 0 70 255 0
    255 57 0 155 83 233 255 152 140 60 246 251 0 255 138 255 0 255 156
    115 0 195 118 65 255 0 178 180 0 255 0 39 255 126 255 43 82 173 65
    213 47 31 255 1 255 130 86 242 176 146 8 0 255 232 255 73 0 235 134
    3 0 46 131 0 65 180 0 255 135 168 141 150 200 246 10 255 3 206 0 255
    209 154 146 255 167 0 217 91 111 172 255 251 34 144 162 255 0 36 146
    0 0 161 0 31 178 95 240 245 42 0 110 132 224 43 94 84 163 198 0 207
    0 248 61 202 0 171 211 129 255 0 0 227 115 65 255 94 43 120 0 170
    160 174 195 0 190 255 0 31 255 107 19 157 125 119 82 131 0 255 64 36
    195 3 0 255 225 255 0 92 240 0 176 0 149 167 60 255 149 22 255 0 0
    255 124 255 144 246 255 255 255 126 255 125 0 128 255 255 42 170 6
    55 87 0 4 191 253 69 171 255 210 42 0 62 219 255 0 25 255 198 255 85
    255 223 0 59 153 255 0 104 0 0 0 175 0 152 184 127 0 255 255 152 0
    186 0 255 170 255 0 237 121 74 175 225 0 0 255 207 246 0 0 10 0 0
    255 186 0 132 130 164 255 148 255 107 173 255 92 0 174 170 255 6 33
    235 12 188 252 197 0 50 196 255 0 255 12 195 28 135 21 48 28 48 33 1
    0 49 255 0 0 224 223 255 255 72 122 181 89 0 255 174 0 71 113 255 86
    255 51 0 255 255 0 255 144 0 240 0 255 0 176 0 0 103 250 255 55 82
    89 255 49 255 255 255 178 215 146 9 95 0 0 228 229 0 255 255 115 150
    255 16 235 255 142 0 212 0 255 212 255 255 255 0 250 7 10 61 0 255
    231 0 196 0 255 255 255 213 254 133 57 106 0 165 180 255 255 0 0 230
    47 251 32 125 0 48 0 87 25 0 230 255 194 255 0 0 36 0 248 255 0 40
    255 160 23 255 255 112 255 41 114 10 82 205 255 255 85 252 0 255 73
    255 33 57 0 255 152 0 11 255 212 34 0 0 77 222 238 181 116 170 0 9
    38 237 140 180 0 53 135 51 197 134 162 255 0 128 52 255 16 31 255 0
    252 79 255 69 193 255 85 47 50 226 126 0 0 255 157 255 117 23 0 186
    254 0 142 0 255 158 0 255 4 228 0 198 255 108 255 255 115 255 65 255
    126 0 208 255 61 159 0 122 59 210 201 25 130 179 255 0 255 255 28
    190 129 255 130 255 232 92 104 149 0 192 62 176 75 5 106 255 226 86
    105 236 255 255 210 255 148 23 85 255 0 50 0 255 0 0 149 24 97 29 0
    44 63 92 243 0 29 95 170 0 119 255 0 105 103 199 255 169 10 0 81 32
    140 255 0 0 22 160 176 255 255 208 208 255 118 255 197 93 0 217 0 0
    210 0 123 116 253 88 127 109 164 28 255 61 255 67 0 87 146 253 0 216
    10 0 55 61 247 255 255 185 90 105 0 174 255 0 255 255 255 20 232 0
    220 93 0 141 105 255 255 255 255 0 255 104 255 164 144 255 217 101
    48 245 255 220 186 135 255 255 241 255 144 0 255 10 122 0 77 255 162
    76 255 35 0 255 0 123 115 87 156 232 239 104 61 228 177 0 115 22 22
    0 45 105 14 0 96 255 136 0 45 223 211 0 0 0 255 0 248 24 53 161 207
    0 139 255 0 175 0 0 255 162 17 255 0 255 4 86 42 52 26 0 105 154 206
    254 0 97 16 251 191 155 255 175 255 251 77 176 55 0 46 161 82 0 255
    111 90 14 0 116 255 255 0 237 106 64 255 133 0 201 70 255 77 0 72
    177 53 238 137 52 180 177 9 154 255 255 0 0 0 198 145 0 255 255 229
    215 244 65 244 7 26 202 0 99 150 255 194 252 72 53 0 0 126 20 15 209
    87 0 5 230 158 241 218 0 198 223 205 9 130 224 135 228 41 110 0 173
    208 123 0 255 255 163 255 101 46 78 255 78 129 139 233 217 200 60
    137 255 180 97 224 255 206 0 59 255 122 12 237 200 142 125 167 255
    121 4 33 255 170 255 0 0 87 202 0 184 244 30 0 0 215 8 91 0 212 144
    210 255 252 255 52 0 0 88 0 0 208 0 120 0 60 55 126 0 255 117 255 0
    0 5 255 255 0 0 255 41 29 139 255 79 0 94 247 16 0 175 255 83 255 0
    0 255 188 146 11 36 9 0 0 124 77 89 241 7 255 209 255 255 255 97 255
    127 63 27 0 47 197 29 149 0 212 0 6 191 0 255 255 239 255 194 138 39
    14 255 204 255 127 55 69 184 177 0 77 255 20 213 7 153 131 0 187 235
    14 122 0 172 39 255 255 209 50 0 13 89 172 157 43 0 203 56 0 0 0 58
    56 51 0 79 215 27 0 123 0 62 0 10 0 22 0 51 255 233 255 22 255 111
    243 255 0 29 0 0 55 126 0 155 0 212 0 255 0 0 255 131 181 103 253
    196 21 164 16 0 0 38 133 82 255 0 255 255 89 255 0 35 152 255 0 255
    0 26 77 127 34 172 227 216 223 255 164 255 0 106 74 231 152 0 0 237
    32 88 143 32 224 130 206 32 255 109 0 81 119 0 125 195 0 0 178 82 33
    20 205 46 185 104 194 255 77 221 251 201 255 102 255 0 89 159 0 231
    255 255 255 227 32 255 255 0 2 0 59 255 175 255 255 0 0 0 92 0 124 0
    70 71 0 170 0 255 79 121 144 252 0 49 112 11 125 247 26 255 242 0
    103 0 247 182 222 62 158 0 255 0 0 45 0 255 112 255 39 159 220 18 89
    180 188 16 255 0 0 136 4 236 212 29 0 255 255 255 91 0 5 243 96 255
    61 255 0 122 144 255 0 117 255 221 31 34 120 152 122 227 0 234 145
    11 200 2 48 245 21 5 0 255 14 0 0 17 125 0 112 255 228 240 71 161 0
    44 238 162 65 253 34 129 255 255 255 79 120 219 0 120 5 191 203 255
    0 255 237 0 83 255 174 0 0 74 108 49 255 195 15 255 126 72 135 255
    196 0 0 167 28 76 184 255 255 255 151 53 255 0 0 255 255 0 255 255
    190 54 205 50 12 233 255 199 0 206 137 66 200 12 47 227 190 173 252
    105 0 168 18 255 161 0 244 15 143 255 189 209 255 36 6 30 255 8 3 12
    195 36 0 255 0 0 65 255 173 132 151 255 23 242 149 0 254 54 250 0
    121 225 0 216 239 243 255 110 151 189 14 0 85 93 214 45 12 255 197
    137 202 130 0 236 104 170 0 0 215 235 77 204 135 0 16 48 161 136 243
    142 228 62 255 238 48 96 39 154 0 199 3 0 0 246 0 0 168 0 197 9 27
    189 64 211 255 255 155 226 255 0 255 198 255 117 89 105 224 98 0 255
    211 0 129 255 65 0 0 176 255 143 63 167 255 242 93 255 171 229 0 255
    194 173 234 255 0 79 104 79 253 205 98 0 63 66 0 0 126 67 0 80 255 0
    255 33 236 109 0 105 0 25 231 144 255 0 251 0 0 111 255 81 0 56 5
    196 0 36 4 123 0 100 54 67 208 178 220 255 167 55 206 77 8 189 255 0
    6 129 144 248 184 106 82 255 57 166 179 96 213 210 229 255 176 187
    255 24 0 0 0 137 26 65 153 2 0 255 28 69 82 0 80 0 61 0 98 255 0 46
    197 44 215 0 91 0 255 255 255 0 139 80 0 219 0 255 245 126 136 249
    255 95 255 255 0 0 138 134 158 160 143 221 2 87 158 0 0 255 255 0
    129 163 0 0 0 70 192 0 155 124 81 0 122 0 176 255 255 255 33 159 100
    199 82 42 58 0 54 28 255 12 255 255 52 0 15 0 0 255 146 21 0 210 0
    153 83 33 159 0 16 29 255 0 255 4 255 0 0 0 178 60 211 144 255 195
    236 63 160 0 26 255 255 0 58 34 61 255 21 255 0 187 146 0 30 52 100
    26 255 6 82 0 212 255 215 0 105 255 131 230 255 56 253 0 20 112 237
    215 50 231 45 216 45 34 58 0 172 59 221 110 7 0 124 0 21 255 59 0 0
    0 0 241 123 0 211 169 65 238 255 255 255 238 83 217 101 0 255 255
    247 254 215 37 236 248 255 67 12 165 255 123 203 255 139 8 168 237
    76 212 255 6 0 175 66 0 42 255 0 0 27 22 255 137 254 255 0 0 247 91
    0 36 191 154 243 255 223 255 120 255 255 248 255 255 65 255 169 255
    129 0 185 62 255 80 247 167 17 173 191 255 0 89 0 227 0 255 255 0
    199 0 0 145 0 0 230 0 205 1 229 253 18 13 255 0 231 61 0 0 49 237
    255 221 0 23 101 125 87 85 0 0 255 22 255 0 255 255 214 43 255 241
    55 0 255 0 194 255 128 0 216 0 124 0 142 0 217 255 61 71 208 255 196
    74 0 59 149 189 51 0 0 0 0 128 255 99 142 255 221 255 136 0 255 5 54
    36 255 0 176 232 217 255 224 255 0 0 254 11 187 143 0 255 174 18 255
    255 0 238 0 238 19 210 139 166 209 123 209 255 64 9 167 40 0 22 255
    0 218 95 255 242 105 255 223 99 255 215 255 25 0 209 41 4 236 0 220
    0 0 214 177 0 255 0 0 56 95 129 180 255 0 135 220 86 45 0 50 241 110
    46 6 121 0 126 57 193 25 255 232 0 0 71 225 0 0 189 0 138 255 73 212
    230 207 246 240 0 0 93 147 199 0 0 0 255 233 0 98 182 255 228 255 44
    193 204 0 254 0 9 255 255 107 0 0 100 201 255 240 97 255 255 0 167
    255 255 0 145 255 0 82 255 13 136 34 234 166 141 180 101 243 128 68
    255 0 255 156 185 0 0 185 0 96 118 132 243 18 0 36 0 108 57 162 0 0
    255 101 0 255 22 169 0 10 0 255 114 213 235 171 255 72 40 241 27 79
    0 146 0 23 25 236 75 47 0 0 83 0 169 0 0 166 255 0 255 191 193 0 255
    237 140 255 134 142 0 255 145 235 43 153 0 0 201 200 203 255 61 255
    0 27 0 255 106 71 108 0 0 40 0 8 183 78 167 0 255 0 255 255 8 255 83
    113 73 58 84 255 159 11 42 255 0 232 165 1 0 255 236 255 255 0 255
    181 144 26 200 177 71 141 150 142 28 255 250 6 63 105 119 72 255 0
    100 0 106 96 0 0 193 99 255 255 255 0 182 255 65 8 242 120 239 0 0
    200 65 255 184 231 0 30 0 255 157 255 47 225 174 241 255 129 162 0 0
    40 0 135 203 209 188 255 255 14 175 0 67 22 88 192 255 26 62 176 86
    0 193 189 198 229 180 0 252 0 255 138 213 56 0 171 90 48 255 255 80
    0 55 38 33 19 255 0 0 72 0 0 255 82 175 0 221 0 255 255 255 158 255
    0 249 255 128 255 255 240 255 0 189 43 142 67 202 139 47 131 255 44
    231 0 0 70 42 221 91 0 200 255 118 0 255 138 119 163 234 9 255 0 205
    107 157 255 150 157 52 0 80 123 215 1 36 175 195 2 217 199 36 0 0
    243 158 190 255 0 108 255 255 69 199 57 53 76 166 90 255 0 255 91 0
    9 215 10 255 255 255 188 193 255 98 255 141 55 144 22 61 0 55 107
    255 0 47 111 0 0 238 156 0 119 165 21 38 11 255 2 191 255 255 255 0
    10 0 0 23 0 0 215 83 34 158 47 251 178 90 255 174 142 106 255 0 3
    151 227 255 7 196 104 0 45 69 110 0 0 255 15 0 0 0 255 0 255 187 255
    0 255 0 115 155 0 142 238 221 255 190 231 116 0 222 5 45 101 0 255 0
    185 255 31 31 220 67 163 43 98 255 147 29 255 188 0 12 241 0 48 111
    167 183 175 169 130 56 230 240 187 255 137 0 137 176 0 0 207 83 0
    255 0 77 255 70 0 144 0 119 68 178 65 0 31 255 54 242 120 124 207 30
    0 82 2 255 0 107 255 97 255 255 1 217 255 0 0 217 255 0 186 229 255
    233 0 17 0 174 197 255 0 255 200 255 0 228 61 0 24 177 255 180 139 0
    0 255 255 6 155 12 255 221 0 39 255 255 0 192 0 97 74 0 255 5 0 110
    0 0 0 200 255 171 76 0 0 191 255 255 48 134 66 255 153 70 138 255
    255 20 0 255 0 108 0 0 255 0 44 255 207 255 0 255 71 255 120 165 239
    0 47 0 115 75 0 0 255 97 255 214 255 248 165 1 177 0 240 207 163 0
    168 0 0 0 147 0 255 91 0 255 0 216 255 232 0 101 222 74 65 195 0 171
    4 22 252 96 186 0 73 255 242 13 255 82 65 255 100 0 144 255 209 233
    255 93 0 0 255 208 0 255 115 255 255 149 189 157 255 87 255 239 0
    255 255 255 49 0 79 255 255 86 20 227 132 23 113 150 255 82 33 255 0
    8 243 0 0 78 239 109 228 0 147 131 209 255 0 194 174 255 97 255 219
    167 0 223 0 0 229 0 255 24 0 255 207 12 255 0 0 255 90 11 2 106 0
    255 0 43 150 222 195 255 144 188 0 139 104 229 255 0 231 112 0 0 255
    248 185 0 207 42 217 0 0 191 0 0 255 106 0 166 98 171 255 0 242 0
    142 125 35 193 255 255 12 49 73 0 51 0 92 211 173 209 65 255 179 7
    222 63 244 81 0 0 0 54 255 125 173 255 34 52 0 227 201 71 190 226 62
    193 19 255 0 172 0 230 255 0 177 196 50 255 12 34 0 194 23 249 0 34
    209 173 120 0 13 255 129 85 33 0 92 255 182 207 9 90 167 53 191 77
    139 255 230 95 17 158 255 52 0 255 67 128 255 0 56 255 16 244 255 78
    104 85 255 0 255 94 0 145 28 199 91 82 255 0 243 164 37 128 177 46 7
    255 0 152 255 46 196 161 237 69 0 108 96 20 99 80 22 27 172 110 139
    255 255 12 44 255 255 0 255 237 255 0 208 176 35 0 0 71 202 226 21
    15 192 180 204 153 154 29 206 174 0 34 0 196 255 112 0 249 96 73 124
    211 255 29 0 255 160 122 187 16 231 97 78 187 201 61 254 235 255 212
    254 29 255 0 160 148 0 0 255 0 7 25 0 0 203 255 0 194 0 184 18 255
    252 27 32 0 255 151 255 255 13 255 255 0 81 176 202 223 255 255 148
    255 0 234 124 240 0 0 0 255 0 89 255 0 67 92 122 184 33 105 0 255 50
    180 255 184 16 255 0 42 5 30 0 123 194 44 198 209 154 255 0 255 44
    255 238 109 255 39 151 132 253 139 173 223 103 243 41 138 33 138 181
    65 108 255 204 74 47 1 255 134 140 255 0 255 212 109 62 202 0 241
    255 255 80 255 0 0 129 255 0 157 5 182 254 255 0 79 0 0 211 240 255
    200 121 234 0 6 179 255 135 0 255 255 8 114 33 139 8 255 124 255 0 0
    255 201 101 255 0 69 129 188 100 124 255 106 0 42 102 200 0 27 25
    211 51 0 8 252 247 2 79 255 143 172 147 54 255 72 251 100 255 236 0
    63 45 176 87 189 17 255 255 255 189 0 88 160 82 0 51 100 0 109 0 0
    194 240 223 0 243 255 75 145 46 11 13 20 44 12 183 0 201 0 74 0 255
    255 255 255 0 151 0 173 10 255 195 16 124 182 102 255 165 2 147 255
    82 159 67 155 204 9 242 170 187 255 255 39 102 255 0 0 5 247 63 192
    0 95 0 141 131 16 255 0 0 138 255 102 0 242 208 126 54 253 102 227 0
    98 167 85 0 166 223 207 0 185 21 255 255 247 255 31 255 255 0 84 255
    140 229 255 0 9 186 49 130 224 75 108 8 114 19 58 52 0 0 0 0 107 0
    211 237 0 0 130 213 0 187 57 44 147 195 255 241 67 255 113 0 255 62
    0 6 255 181 255 124 255 203 0 68 44 0 255 9 255 199 145 181 255 0 0
    0 0 0 60 37 134 32 116 255 0 0 174 0 0 21 0 255 108 157 101 35 198 0
    121 68 255 0 255 255 23 147 0 232 57 133 255 48 212 247 80 149 103
    120 20 133 10 229 0 77 180 183 209 181 70 0 255 183 168 46 93 153
    138 255 153 58 138 92 175 137 255 158 145 147 150 255 106 234 218
    255 255 118 0 255 197 63 0 255 52 240 174 0 95 255 0 83 181 207 133
    170 152 28 0 255 160 202 140 255 248 110 242 0 223 0 62 0 252 91 255
    182 0 226 209 255 224 255 31 246 197 0 255 255 28 82 94 0 99 0 0 230
    140 188 16 135 220 238 229 255 255 204 27 118 193 0 241 214 255 255
    0 173 43 198 222 255 0 0 0 255 154 255 255 53 255 0 181 121 12 255 0
    255 199 218 255 149 253 140 225 0 0 148 179 126 158 112 0 73 179 67
    255 5 0 239 113 0 252 0 0 127 30 0 64 255 140 184 204 159 0 211 137
    139 47 3 255 255 255 255 50 211 219 131 117 247 49 0 8 0 121 196 134
    38 103 0 12 181 41 3 0 211 106 0 255 45 0 255 51 142 0 186 238 0 201
    255 162 0 154 255 255 0 255 255 255 0 255 56 183 208 0 88 0 173 165
    175 255 255 7 229 164 207 1 16 20 95 77 50 98 116 89 0 13 255 254
    239 85 170 254 188 0 255 135 255 158 255 255 178 48 176 184 5 255 1
    251 0 0 0 42 52 0 216 79 126 255 86 68 147 18 255 177 187 231 112
    141 220 255 76 255 225 237 0 169 255 220 183 255 90 255 29 46 93 255
    25 255 89 0 0 5 205 127 0 0 201 0 197 248 255 0 215 89 0 182 255 0 0
    201 0 213 0 0 150 255 102 112 89 144 255 3 0 198 0 141 255 101 176
    104 0 45 255 67 206 109 106 255 75 0 255 255 99 255 41 255 0 243 38
    185 199 255 0 78 187 255 1 24 238 0 12 101 0 86 255 255 189 255 85 0
    255 3 163 186 206 225 161 243 102 74 3 169 0 252 255 255 0 0 33 231
    161 113 0 192 69 155 0 0 0 103 232 0 76 27 138 14 81 230 0 179 172
    69 17 0 166 188 0 67 27 141 33 235 194 66 0 66 162 80 0 43 155 0 179
    149 255 3 45 255 186 0 255 181 0 255 25 137 29 14 255 125 128 6 16
    48 6 135 144 255 63 255 9 102 77 136 0 0 145 87 205 96 255 9 255 255
    255 211 0 0 18 110 0 113 0 140 71 253 255 174 0 0 255 40 255 241 169
    255 97 53 195 255 0 204 143 0 255 69 0 255 116 126 5 255 0 0 0 0 0
    157 125 255 2 0 134 212 63 4 167 126 65 246 0 125 255 45 0 255 255
    141 230 2 118 224 0 204 119 158 255 255 149 255 0 83 0 255 255 255
    182 210 86 33 129 43 227 125 194 0 255 255 255 55 238 118 255 188
    255 238 255 255 98 22 38 239 0 125 215 0 11 0 0 76 255 148 0 179 0 0
    0 0 239 126 179 253 228 161 161 241 253 71 160 156 83 235 133 0 57 0
    42 196 222 244 255 255 255 59 206 0 84 97 0 33 241 255 3 0 123 74 0
    240 0 37 0 61 0 0 255 255 68 41 0 0 156 50 18 255 79 255 182 46 0 52
    134 0 167 156 255 81 77 22 33 248 0 90 255 2 0 0 161 0 230 0 148 36
    204 255 0 15 255 18 249 228 27 77 215 124 118 214 191 0 0 98 0 0 140
    223 151 255 204 255 35 0 0 52 237 13 255 163 255 255 122 58 80 105
    139 0 0 108 127 1 22 255 0 0 255 242 86 120 0 255 226 117 107 173 0
    134 255 200 255 160 153 173 255 158 65 138 0 251 53 0 0 216 255 19
    255 255 161 54 4 179 39 255 255 255 18 255 74 19 147 255 255 0 218
    124 35 92 0 252 0 33 0 95 255 104 252 0 148 255 0 255 255 255 170
    255 124 176 0 0 250 0 0 70 150 14 16 255 162 38 24 0 255 121 29 212
    195 93 86 255 160 19 13 139 189 255 242 215 162 119 48 0 136 142 0 0
    0 27 138 118 117 255 255 196 255 239 39 0 23 117 0 55 0 0 178 74 160
    0 94 176 33 255 170 4 0 2 255 115 249 0 119 115 0 95 234 182 15 248
    225 112 13 0 74 125 228 150 2 255 132 64 0 129 236 46 255 162 215
    183 255 0 118 255 0 187 255 112 255 40 134 139 237 174 255 240 99
    225 165 8 255 146 0 26 151 106 0 91 23 132 100 0 181 255 153 0 255
    29 0 144 0 0 92 0 251 49 55 26 3 138 116 255 168 0 0 239 255 159 73
    255 0 20 100 237 74 0 251 255 14 0 0 255 27 255 156 71 194 241 99 0
    170 255 0 140 155 12 183 41 0 51 41 249 0 255 180 102 0 235 0 89 0 0
    60 144 255 84 255 70 176 255 214 255 88 253 255 150 247 163 255 123
    192 255 202 0 185 235 35 94 170 135 255 41 202 255 157 92 45 101 0 0
    0 63 254 227 236 161 184 167 255 0 88 255 0 24 133 0 0 0 0 0 255 0
    160 142 229 255 143 223 255 255 254 206 253 0 0 255 0 203 45 95 255
    255 167 183 255 253 64 255 98 47 14 0 128 255 255 188 3 155 49 49 25
    123 0 0 200 25 190 146 0 255 0 81 41 248 60 116 0 11 255 206 125 17
    255 42 212 87 255 226 19 38 137 83 243 0 216 0 0 148 203 236 79 0
    255 197 255 110 5 0 0 219 73 255 0 0 193 100 0 255 0 132 28 228 0
    157 162 91 74 255 255 73 6 0 0 42 18 135 0 105 57 103 0 164 217 53
    174 241 225 125 31 215 0 255 113 0 255 240 0 253 0 0 203 246 210 1
    115 174 255 141 255 115 159 246 202 255 0 0 0 255 241 236 144 10 50
    238 35 207 255 255 0 0 255 95 0 0 155 14 243 102 77 255 255 67 213
    255 0 138 37 0 6 100 255 52 128 181 242 215 248 52 245 55 8 197 255
    242 181 255 202 0 74 121 202 0 255 138 247 237 255 240 196 0 196 255
    38 162 0 92 0 255 105 0 206 255 134 143 255 223 0 116 255 255 23 0
    255 172 199 255 62 255 40 255 97 149 232 255 49 68 0 46 205 12 205
    65 255 255 150 204 255 255 232 57 148 233 159 198 151 255 255 131 16
    232 177 0 214 213 0 166 255 180 5 168 255 223 0 0 0 27 47 104 255 27
    174 200 235 6 211 255 41 255 89 6 255 26 170 255 149 199 176 0 64 33
    47 100 111 239 33 255 190 255 144 241 176 125 0 188 255 139 82 82
    229 56 135 255 127 251 248 189 255 237 194 250 228 132 0 30 255 4 0
    0 255 222 224 255 149 192 255 39 0 255 76 8 0 13 0 117 64 149 255
    168 197 10 54 9 255 255 4 90 57 34 212 214 255 147 0 32 255 59 233
    22 187 0 28 255 130 10 0 255 225 192 176 176 4 152 91 104 255 253 0
    255 239 0 113 255 0 255 0 163 32 0 158 250 53 234 38 255 124 0 181 0
    54 117 0 33 150 0 255 221 0 255 69 255 255 255 101 0 191 0 2 0 133
    48 245 0 25 226 172 234 254 4 196 248 7 255 49 0 4 46 42 100 250 46
    197 165 18 118 255 139 255 255 255 119 178 0 208 255 51 217 0 0 71
    83 255 219 168 68 255 0 165 217 0 255 100 237 255 0 255 61 255 163 0
    127 75 42 211 78 125 57 255 0 255 25 255 179 0 26 255 0 112 228 0 79
    135 0 180 255 0 162 0 0 44 255 129 50 255 255 255 0 101 255 137 104
    0 0 65 255 100 60 97 20 0 56 180 255 0 225 44 0 98 255 132 12 41 255
    205 254 255 37 252 53 44 139 95 212 255 0 131 0 19 31 144 199 93 162
    27 44 255 230 108 103 255 247 248 0 183 168 120 255 46 255 101 222
    255 199 255 75 125 0 255 255 61 0 47 255 160 0 142 255 59 255 92 87
    255 0 255 0 195 255 124 255 236 142 239 98 255 255 0 255 255 210 0 5
    210 0 61 255 255 255 163 0 171 143 0 8 255 228 0 189 124 0 124 243
    159 242 170 255 255 100 247 155 110 0 0 206 0 255 227 255 247 8 71
    135 21 0 44 0 239 255 0 255 104 245 255 47 255 255 8 146 181 146 255
    184 0 0 41 10 147 229 0 0 211 140 74 255 191 16 19 173 17 226 255 56
    20 0 255 166 69 201 255 149 0 18 163 57 217 255 196 0 255 241 95 0
    115 62 207 132 178 113 126 0 90 224 255 38 192 95 159 125 0 235 55
    255 30 115 83 177 0 255 0 114 75 0 223 0 0 0 85 0 255 90 255 255 255
    150 183 42 180 161 84 14 231 29 72 55 0 31 13 0 255 255 0 216 255 89
    50 255 122 255 255 255 111 208 253 0 143 32 255 122 131 255 229 3
    255 255 230 233 255 255 207 255 113 126 94 255 219 227 122 0 0 255
    205 0 75 146 0 0 255 163 255 122 16 0 255 143 37 0 144 160 206 255
    255 44 0 254 255 0 91 2 255 56 255 194 97 255 0 0 187 49 135 218 255
    194 255 175 186 119 0 150 255 39 218 0 102 187 12 137 255 66 88 222
    255 155 53 77 163 0 71 0 108 112 97 95 176 120 109 136 248 122 78
    165 115 0 116 160 231 48 0 0 0 255 87 205 242 172 0 75 255 175 88
    213 255 190 255 0 106 103 0 105 153 0 0 204 50 103 0 34 3 236 71 255
    20 125 161 255 117 81 167 164 193 141 179 43 0 203 180 0 104 172 255
    0 0 255 253 68 249 144 18 35 210 0 133 255 140 41 145 0 0 101 255 10
    100 38 38 91 0 0 119 194 0 0 78 169 0 17 213 216 155 0 143 255 103
    203 255 180 0 113 224 0 0 255 244 0 120 244 0 62 255 148 128 204 255
    222 232 236 255 255 41 204 189 197 96 255 0 255 243 255 0 255 216 15
    255 184 193 105 0 255 114 255 147 115 0 255 31 242 135 255 117 96
    255 117 164 90 95 192 255 1 255 42 15 25 255 56 0 51 255 65 0 143 74
    246 241 255 135 131 0 255 166 255 31 15 255 164 255 137 38 255 0 214
    255 0 48 144 230 255 71 255 255 184 144 131 53 88 255 241 56 255 255
    104 255 99 109 1 79 251 0 53 255 64 170 29 255 255 220 255 95 156
    125 255 95 102 0 9 255 255 112 122 122 25 0 0 75 176 94 0 62 117 242
    237 185 255 146 237 83 251 255 92 122 116 0 255 255 44 1 55 197 187
    51 119 255 136 207 255 39 177 255 234 132 52 0 34 190 0 255 35 2 3
    125 159 107 93 255 217 18 59 0 190 124 101 105 95 95 87 55 95 255
    224 35 9 255 43 130 0 32 255 136 244 157 255 0 219 255 255 20 118
    146 0 125 236 141 70 0 96 57 255 255 102 255 192 0 227 0 255 64 0
    150 242 132 255 0 238 183 30 255 255 219 97 215 255 200 0 75 89 139
    217 255 255 151 255 161 242 0 41 0 255 64 255 60 0 66 90 0 111 161 0
    159 0 0 255 0 255 253 255 249 255 255 0 102 244 228 0 139 0 34 215
    162 62 235 120 166 219 30 184 77 31 212 183 165 239 205 110 247 55
    88 168 23 255 233 121 55 255 40 255 29 255 0 255 11 255 0 75 78 229
    160 75 117 65 178 183 0 124 189 213 61 216 236 127 198 179 65 255
    185 221 255 35 236 45 45 183 209 198 0 255 33 122 209 181 30 255 218
    95 255 0 255 186 255 0 255 135 72 255 139 109 80 107 0 255 56 203
    255 20 77 0 0 255 150 127 255 0 221 0 35 171 203 181 0 240 255 206 0
    195 163 201 137 3 255 255 90 225 196 255 231 140 80 119 226 255 123
    157 241 102 218 5 255 255 182 77 134 0 11 16 145 29 251 241 131 198
    0 27 132 206 0 1 4 160 48 40 155 34 235 18 0 36 111 201 195 253 255
    25 156 223 102 210 50 38 0 255 96 0 0 9 255 255 255 0 0 255 126 0 0
    255 215 55 32 52 40 255 242 255 255 189 45 130 166 80 32 170 0 0 254
    171 0 252 255 70 219 74 38 159 255 255 255 45 149 0 255 122 0 255
    218 34 0 255 0 62 255 186 255 246 150 6 147 255 237 177 251 87 0 247
    162 188 255 241 0 249 255 201 79 255 255 255 255 255 0 195 215 0 0 9
    46 255 80 122 87 255 25 243 0 0 165 133 240 97 0 254 0 79 0 238 55
    255 255 31 187 255 21 58 9 142 196 110 207 192 0 0 0 0 99 237 255
    149 171 255 65 0 255 255 85 1 255 255 122 39 165 56 255 88 0 255 0 0
    255 141 0 70 255 255 53 148 255 177 233 20 154 203 0 2 255 230 255
    234 238 151 231 75 0 255 255 0 45 0 79 245 178 182 255 118 240 66
    255 69 20 195 3 186 203 53 255 91 75 96 128 255 255 115 154 98 72 90
    167 0 255 41 49 63 189 252 26 247 255 149 255 215 142 116 0 187 255
    0 255 173 0 78 0 119 174 230 45 94 255 255 152 212 255 0 255 41 135
    159 255 234 167 0 173 53 0 61 0 0 255 69 0 128 255 96 255 0 40 150
    228 92 20 0 48 90 0 216 136 121 222 255 30 29 255 255 120 0 200 0
    109 12 7 215 43 255 6 151 198 229 165 150 255 56 0 255 0 0 79 163
    197 105 90 0 100 255 6 189 194 176 13 86 255 87 255 162 29 0 0 114
    41 147 45 15 0 255 0 131 100 153 255 255 158 89 0 255 0 232 228 220
    96 33 0 63 255 255 21 230 0 219 0 0 83 255 87 255 12 109 198 71 149
    0 255 113 139 255 93 255 129 255 66 0 0 188 87 0 91 120 165 0 206 18
    0 0 144 255 10 241 158 0 204 30 250 147 0 173 63 123 175 51 198 135
    205 255 3 242 106 255 255 178 11 77 0 184 36 61 0 255 0 239 153 50
    255 216 0 225 0 28 218 82 255 232 95 200 142 135 0 230 234 226 174 0
    0 0 178 148 0 179 210 181 104 255 0 255 154 137 0 0 0 0 25 17 0 158
    255 57 141 191 255 101 152 39 255 94 0 52 55 48 0 12 119 209 203 0
    255 0 255 112 144 112 255 255 255 0 195 33 0 31 255 255 35 127 0 108
    100 0 0 50 182 255 255 254 255 186 174 29 255 138 0 255 0 233 102
    171 39 0 234 255 0 79 37 251 164 18 35 24 0 206 12 162 62 235 42 64
    13 61 0 216 0 52 126 73 255 93 0 255 2 141 222 124 0 255 60 218 148
    215 209 0 255 252 255 13 158 0 70 18 40 255 219 46 255 255 255 255
    168 85 130 57 255 35 153 156 122 0 40 255 255 0 255 35 255 167 145
    87 0 127 250 22 10 193 6 141 175 40 2 0 255 220 224 255 183 146 0 97
    0 0 255 119 0 0 0 176 228 201 255 9 9 230 255 255 0 165 255 204 182
    202 231 255 255 203 0 50 255 202 166 206 26 255 255 176 222 255 158
    105 26 50 225 167 75 227 255 255 255 99 155 129 245 48 255 178 223
    255 152 112 0 155 209 0 223 99 60 97 110 66 255 255 7 21 107 175 5
    155 80 16 170 195 31 0 162 0 11 0 99 0 240 54 253 0 14 255 218 178
    30 169 167 104 105 209 253 184 95 199 255 223 255 0 0 197 14 120 0
    255 255 210 255 80 177 53 0 160 153 255 255 0 0 140 121 0 255 70 249
    255 20 255 255 255 38 82 156 66 35 167 255 65 168 255 0 255 61 52 0
    28 0 176 135 255 146 195 255 147 0 255 182 63 84 180 183 174 255 144
    196 125 16 255 222 48 86 88 0 0 76 160 223 0 249 0 97 124 0 150 198
    84 40 37 0 50 113 0 11 0 113 0 255 255 101 157 255 0 216 255 255 255
    0 27 0 24 0 0 0 128 202 15 255 181 107 141 123 253 101 95 255 0 62
    163 188 0 255 162 147 134 0 41 22 106 0 254 189 143 162 233 255 0
    134 255 60 0 186 189 106 79 47 221 255 0 144 234 255 227 90 96 0 0
    228 113 0 72 29 19 4 84 3 186 147 50 255 255 90 225 255 238 0 165 0
    104 64 130 14 255 90 0 0 166 79 0 255 190 104 255 13 135 161 255 40
    194 255 69 57 242 255 60 142 255 132 104 0 16 0 150 18 0 0 0 101 175
    244 99 10 20 255 0 188 255 32 209 53 44 53 10 255 115 94 59 255 230
    255 39 226 148 0 0 0 0 239 255 72 0 0 73 166 189 0 0 189 191 0 16
    100 172 0 103 45 69 96 0 255 255 227 251 0 244 42 255 195 54 198 115
    84 135 150 0 255 77 202 0 255 88 19 55 132 0 255 255 87 207 82 252 0
    0 255 0 255 20 0 0 138 0 0 131 110 0 48 255 0 255 139 215 0 255 255
    0 0 255 167 145 129 207 0 221 0 0 229 0 255 0 208 40 22 250 207 255
    0 82 215 0 0 254 59 176 239 110 111 110 95 0 73 137 109 23 255 172
    209 165 199 128 230 243 171 255 163 255 29 61 103 102 0 151 0 176 33
    0 255 51 82 63 0 210 255 255 0 222 192 0 39 137 255 255 0 255 188
    124 255 250 255 23 93 5 0 255 255 28 178 139 36 255 164 0 32 115 171
    95 80 183 13 33 255 198 255 139 0 0 184 129 251 215 240 255 212 255
    0 225 215 178 71 106 255 176 174 103 0 161 71 0 2 95 0 255 0 184 255
    43 220 196 103 195 84 0 186 0 255 56 13 255 255 0 105 84 0 255 255
    81 165 68 255 214 116 126 255 255 13 130 255 0 192 255 170 131 5 255
    102 124 133 0 255 255 217 255 31 192 176 0 142 255 0 0 157 33 0 140
    89 101 0 0 55 238 210 76 253 255 24 94 63 32 82 234 255 0 212 1 255
    90 53 176 220 255 77 77 93 78 23 255 60 145 255 194 242 0 72 137 130
    0 171 100 0 255 0 71 124 64 235 255 0 0 255 255 169 21 249 84 44 232
    26 181 114 155 178 0 54 154 0 255 197 0 255 153 195 255 4 114 255 0
    255 255 255 143 0 183 87 8 0 255 38 166 35 0 191 63 101 255 90 0 223
    0 46 195 13 80 0 235 0 235 244 225 79 101 255 26 120 0 22 193 125 89
    0 100 0 0 20 149 0 115 130 0 150 31 135 107 0 0 113 116 17 174 220
    230 255 196 84 0 148 0 75 0 255 92 221 102 0 141 0 216 78 0 200 0
    255 31 225 250 171 255 25 243 255 217 55 254 0 236 188 0 9 239 0 212
    51 147 242 225 212 231 255 36 233 34 255 0 24 1 27 138 8 134 231 164
    135 255 200 110 255 0 218 0 217 233 0 130 255 97 255 215 255 79 106
    255 0 80 255 41 0 0 0 136 0 0 0 102 59 255 0 28 243 255 0 220 64 255
    4 58 87 7 190 0 0 28 0 186 53 34 0 0 0 0 104 255 116 49 98 5 115 0
    174 181 0 238 193 74 255 112 0 0 255 0 0 22 0 255 3 0 0 255 174 80
    255 193 244 238 220 12 1 255 109 237 0 77 255 186 0 251 102 0 255
    249 0 13 255 0 0 0 252 0 0 62 0 0 192 0 225 0 222 255 255 255 194 0
    198 250 4 191 139 112 0 231 0 178 228 0 237 2 114 255 255 255 168
    147 61 0 0 76 157 255 219 249 246 79 104 0 235 11 3 34 80 0 0 141 3
    31 4 0 117 59 255 181 57 208 236 0 255 143 0 217 173 35 135 255 49
    64 33 217 192 218 206 255 138 27 0 116 98 255 145 15 169 86 40 95
    128 255 141 143 34 232 156 248 54 6 14 255 242 75 17 137 106 15 253
    255 202 0 0 114 128 0 172 151 0 29 73 147 18 223 255 170 137 151 151
    172 198 172 67 135 0 0 137 0 92 82 152 255 0 255 167 68 0 214 255
    179 0 25 0 250 0 0 103 171 178 159 255 161 88 255 0 233 64 255 69
    109 118 255 255 146 255 117 0 255 218 249 0 255 78 0 255 0 203 255
    255 245 44 255 69 70 252 248 0 160 250 253 227 126 23 255 0 255 255
    255 0 132 242 97 0 255 103 215 127 0 0 58 255 88 227 0 222 71 254
    106 111 255 255 35 63 239 156 158 255 37 29 42 255 196 98 1 125 255
    0 78 255 21 194 255 177 0 54 255 255 161 255 24 85 255 0 255 197 96
    248 117 255 234 10 255 0 255 0 255 238 2 0 54 199 207 255 67 128 169
    255 74 139 14 166 0 255 255 226 167 255 255 0 74 255 0 22 0 84 18 71
    239 13 131 255 17 187 217 123 255 255 95 0 59 141 187 136 252 0 41
    105 0 67 199 101 199 120 9 167 0 255 36 221 146 255 134 255 36 0 57
    0 0 107 203 252 83 0 255 255 158 66 198 213 255 0 0 248 203 33 33
    119 255 243 60 39 153 0 55 0 45 0 255 255 255 108 84 235 141 109 243
    20 59 202 126 234 166 149 211 250 12 0 155 0 255 126 255 217 14 255
    198 145 98 146 12 185 255 0 207 0 0 110 218 71 0 100 198 186 0 229
    180 119 212 251 175 255 255 0 12 255 43 255 0 73 255 124 81 157 9
    125 0 66 58 227 25 61 248 110 211 10 255 193 15 50 176 0 101 0 78 20
    0 151 255 255 55 9 182 120 152 24 211 35 216 39 242 252 134 0 216
    255 40 23 255 255 0 0 142 242 248 0 16 161 158 165 100 0 255 255 204
    255 0 0 146 232 0 0 255 255 223 130 0 255 123 240 0 5 73 255 219 104
    0 255 255 85 234 60 53 78 201 219 0 57 68 255 0 16 49 0 84 44 37 255
    155 112 248 32 38 226 0 38 53 0 30 240 0 244 0 0 127 88 0 133 255 0
    213 143 252 0 174 47 254 255 232 97 0 38 255 208 0 17 152 0 136 0
    255 12 24 190 89 117 0 255 97 57 216 180 27 181 240 0 0 0 153 52 0 0
    255 254 0 255 239 34 60 10 0 255 183 116 255 0 0 168 2 0 132 0 124
    180 199 9 255 255 90 255 22 178 83 152 45 76 255 255 255 29 26 97 51
    98 240 170 221 243 167 0 197 209 255 255 255 255 170 159 92 0 243 60
    240 255 0 171 60 119 246 3 131 134 164 46 100 53 0 23 0 147 249 0 38
    251 40 39 255 207 120 0 255 0 255 229 0 145 255 63 255 243 4 20 14
    255 125 0 202 34 225 168 255 24 121 255 0 76 162 182 0 0 255 163 0
    36 255 218 202 255 208 51 79 53 164 0 216 255 200 240 54 100 181 154
    80 20 199 56 28 16 255 255 249 246 185 50 75 112 90 213 161 255 179
    77 211 185 195 255 0 255 68 0 195 114 0 230 232 154 108 144 130 229
    0 149 250 1 0 37 113 0 132 0 0 102 255 79 255 148 0 0 0 25 255 42
    255 223 245 66 255 244 213 0 255 255 147 59 255 239 143 255 213 255
    171 131 186 98 0 0 156 33 130 16 78 54 255 10 4 8 0 0 0 84 185 0 174
    92 0 117 38 255 0 195 1 58 183 54 255 255 211 0 239 183 202 198 255
    173 6 255 235 42 255 81 34 143 180 0 216 255 142 169 0 156 234 0 126
    0 237 48 118 0 18 14 88 114 214 255 42 255 246 255 230 165 194 255
    14 112 0 180 11 137 84 8 0 89 65 3 207 60 115 114 249 0 255 0 0 174
    244 13 95 40 135 189 255 75 255 255 255 24 255 255 250 243 70 125
    255 166 93 215 145 221 220 0 0 255 0 162 160 0 7 0 4 107 255 245 117
    122 255 255 0 11 255 255 4 255 82 255 194 184 255 120 87 68 233 0 33
    212 255 255 222 255 189 182 0 0 118 0 255 255 255 255 231 134 243 33
    255 187 255 0 109 0 107 255 255 123 255 143 0 179 21 222 177 255 0 0
    204 255 150 0 255 0 0 255 88 93 199 141 157 182 180 0 0 195 255 0 52
    43 206 41 35 130 126 64 0 177 42 67 253 209 255 116 50 152 50 135
    255 0 255 255 216 58 255 0 33 159 117 0 21 29 170 97 133 255 0 80
    213 224 87 134 255 237 0 0 193 187 34 236 255 255 219 217 217 202
    255 206 189 255 246 42 73 0 150 0 152 0 202 83 0 255 208 168 213 122
    255 255 74 0 255 0 255 0 181 194 255 141 29 188 173 14 255 8 113 202
    186 0 123 217 92 116 0 94 77 255 237 0 208 0 0 94 242 119 229 135 0
    44 0 249 154 49 0 103 17 0 146 0 96 122 141 161 188 114 0 217 180 37
    229 100 209 24 0 255 255 255 204 255 236 187 69 255 18 94 154 157 22
    95 16 255 255 44 0 255 157 102 23 254 255 255 255 75 134 255 87 255
    164 255 193 176 255 196 0 0 153 255 255 241 132 64 255 169 0 196 0
    234 0 255 255 125 64 120 0 5 114 116 122 12 0 39 197 127 0 146 0 151
    147 224 95 79 24 214 123 0 220 255 166 158 83 255 0 4 36 184 224 72
    218 26 171 255 90 178 0 0 255 108 229 65 155 202 167 147 146 19 255
    78 219 238 255 52 147 255 105 114 17 252 255 130 242 168 255 255 211
    154 0 176 202 17 232 0 0 255 132 255 255 8 24 255 43 100 255 152 0
    103 0 87 130 29 255 255 99 189 255 124 0 0 167 255 0 126 170 207 99
    166 10 105 142 184 137 0 159 0 231 224 255 0 82 0 31 255 0 205 0 37
    118 0 94 59 70 125 255 51 10 209 255 52 85 64 255 26 255 234 255 255
    255 240 113 133 160 0 0 255 0 0 173 0 235 103 189 0 129 128 202 212
    255 11 61 102 32 245 34 153 6 0 0 3 127 0 110 0 2 255 0 18 255 255
    27 0 188 1 149 132 0 58 0 0 197 71 255 124 255 88 129 250 255 246
    136 169 164 244 0 202 231 92 25 2 255 215 168 0 255 65 0 166 110 255
    151 255 18 119 65 211 255 50 8 180 0 0 0 255 255 116 0 255 0 232 255
    55 255 0 183 84 95 60 255 87 245 0 211 196 62 59 255 141 255 26 28
    255 194 7 79 255 151 200 162 0 170 0 0 234 158 160 255 42 0 255 0 37
    51 183 83 84 246 168 138 192 0 126 255 140 7 255 177 0 221 0 248 48
    158 141 237 0 255 255 220 105 143 226 58 255 255 46 59 203 129 42
    237 77 251 189 0 249 44 203 255 0 255 0 255 255 24 255 255 255 20 0
    85 117 67 101 255 0 0 176 87 83 0 127 235 254 253 82 218 162 228 151
    0 86 93 43 17 35 123 42 203 255 0 255 173 191 17 255 142 32 255 227
    0 181 192 64 197 255 218 192 49 93 255 121 131 61 9 122 169 163 107
    0 255 39 0 228 247 31 255 240 0 15 213 252 140 170 255 208 4 21 255
    226 97 103 164 215 255 246 50 23 48 25 32 223 255 242 13 78 0 255
    103 255 0 0 223 233 156 87 16 53 192 47 16 255 0 176 253 201 255 208
    164 0 255 240 74 232 0 0 163 0 0 166 43 167 0 84 255 199 255 92 98
    13 217 0 92 255 53 255 255 92 255 220 63 234 10 153 129 33 255 255 0
    96 17 47 255 255 154 245 255 255 14 159 155 0 173 197 254 0 53 232
    255 197 135 0 130 107 0 255 32 39 147 0 121 255 221 66 156 0 0 199
    255 0 90 92 73 13 253 100 202 202 105 208 0 126 0 25 120 196 0 0 151
    255 133 134 255 95 104 234 0 157 0 135 85 19 0 0 226 220 255 181 149
    255 0 255 45 0 205 234 9 255 255 0 0 0 255 104 132 255 214 255 255
    107 254 186 3 169 62 0 0 35 218 109 68 144 0 0 255 255 255 48 138 0
    35 255 0 0 200 255 0 51 255 147 110 0 103 225 0 0 131 255 142 0 30 0
    110 215 67 200 255 220 0 24 0 120 0 245 255 195 106 134 0 29 65 200
    4 125 173 176 36 0 4 155 179 99 0 255 13 255 0 64 114 245 95 122 151
    46 255 221 109 0 185 171 0 0 116 96 30 160 0 50 0 6 225 111 59 255
    255 255 42 121 68 4 255 0 4 255 0 76 0 107 0 255 250 173 84 142 255
    255 0 255 25 133 224 255 205 71 88 133 22 142 74 0 34 255 255 255 30
    0 36 95 55 0 193 111 255 0 233 172 95 255 0 188 55 0 77 255 41 73 0
    255 132 131 248 0 255 255 0 237 144 80 220 81 161 101 0 121 98 146
    38 31 62 78 241 0 220 23 55 255 47 88 204 167 255 232 255 255 78 255
    28 255 33 0 208 50 122 243 255 149 157 191 176 0 125 132 255 255 255
    180 255 255 255 231 0 0 31 167 4 255 245 93 141 227 176 20 0 147 255
    0 94 112 0 28 255 0 162 232 222 193 84 235 22 93 255 218 145 95 51
    222 156 255 0 253 255 13 255 31 110 94 138 151 92 0 238 92 0 152 255
    204 0 159 124 0 0 46 255 255 139 255 91 0 255 0 255 241 255 126 173
    12 219 0 128 0 0 255 255 0 240 244 255 0 255 105 206 239 255 255 255
    0 255 212 21 255 115 109 141 67 215 70 96 5 0 0 0 199 177 156 255 66
    81 255 68 207 148 255 86 102 151 255 0 0 179 73 0 0 84 83 255 225
    255 66 105 101 142 27 142 230 87 34 232 216 255 0 73 117 66 249 0
    255 255 162 79 127 27 186 255 68 159 140 207 15 255 62 72 106 255 0
    0 106 255 123 189 37 255 0 117 0 19 0 255 154 0 0 2 0 225 252 151
    244 176 127 255 0 188 255 187 38 144 255 94 255 255 255 36 0 0 255 0
    196 0 143 0 0 21 43 109 134 243 243 168 160 255 255 31 0 155 158 0
    98 248 255 88 186 0 22 26 159 255 121 255 78 0 255 187 140 149 161
    35 209 255 12 78 0 64 200 35 255 74 196 40 255 2 0 224 189 73 238
    255 235 0 63 243 0 0 89 33 122 255 226 205 34 0 225 255 52 255 56 40
    25 90 88 183 55 195 186 75 255 0 255 0 33 188 179 0 0 0 54 99 11 255
    0 0 10 255 122 246 4 75 156 0 255 110 0 0 96 16 78 0 10 74 255 50
    171 34 0 0 238 255 125 119 105 183 0 125 63 0 140 236 172 255 255
    255 255 71 255 212 255 255 68 59 0 204 250 0 216 206 255 0 0 255 34
    160 235 0 255 68 0 197 0 0 255 106 98 53 15 255 133 149 151 155 73
    133 68 50 215 41 193 0 0 153 59 192 47 119 0 206 255 106 210 255 0
    255 0 255 0 44 188 255 255 175 45 174 0 240 255 218 70 0 255 122 0 0
    48 182 255 98 223 174 7 139 255 50 10 182 244 255 0 0 33 148 23 0
    164 92 239 8 113 255 102 46 97 89 0 216 0 0 0 143 0 255 167 0 0 0 55
    255 155 0 8 62 255 20 0 62 228 255 1 255 35 255 252 255 0 0 12 24 95
    60 5 29 99 240 255 66 255 174 228 255 121 10 2 33 97 217 154 86 36
    92 68 75 255 131 22 101 255 21 243 117 255 0 192 159 144 24 0 2 198
    60 41 22 255 128 1 255 255 14 15 95 16 105 184 0 83 238 158 198 79 0
    90 205 140 184 255 64 191 176 48 255 0 255 31 255 94 0 0 0 255 255
    57 152 99 56 210 148 255 0 255 13 0 139 255 0 255 176 100 0 67 0 0
    116 255 158 69 255 206 83 219 202 49 244 253 0 255 140 58 236 255
    183 255 8 255 77 0 0 48 129 79 0 255 149 0 233 233 59 0 255 255 116
    219 255 133 142 0 50 133 200 52 57 238 255 255 139 80 230 174 255
    255 39 255 125 83 61 120 255 55 80 82 47 71 255 218 49 55 0 255 191
    183 60 0 4 142 204 44 39 179 150 30 0 5 118 210 56 163 255 242 207
    188 255 34 255 255 156 246 255 0 175 104 0 193 214 255 255 0 0 124 0
    240 226 127 255 0 255 174 212 185 0 255 170 65 138 194 18 255 0 80 0
    122 45 0 1 124 0 0 255 158 80 44 100 255 228 3 239 157 159 249 194
    149 0 39 82 106 0 0 255 0 0 105 255 71 102 121 75 255 134 255 249
    226 97 59 200 255 84 255 152 24 201 209 161 255 211 0 118 157 173
    253 68 82 155 172 17 194 129 125 222 183 255 0 0 0 6 158 23 135 204
    0 220 223 187 0 104 255 199 19 0 216 0 128 64 0 36 198 154 255 0 0
    18 134 255 13 80 130 125 0 106 250 0 0 16 0 0 0 0 84 0 157 213 0 255
    80 255 44 116 145 225 255 223 15 232 203 0 84 255 255 76 33 0 239
    134 214 89 0 82 143 67 104 69 178 56 161 0 0 0 206 176 138 255 122
    190 58 0 0 255 113 59 54 94 96 241 255 98 77 125 0 49 84 11 254 49
    132 244 62 255 177 55 109 12 88 187 138 255 187 247 203 0 0 0 110
    101 255 255 215 211 50 255 58 158 17 249 255 212 243 255 120 45 136
    61 142 255 142 200 95 38 0 21 255 204 239 48 255 255 217 158 255 129
    215 166 9 50 19 54 0 0 118 0 125 252 89 201 255 89 148 0 102 0 45 0
    255 208 239 82 0 8 255 192 252 255 255 10 208 0 149 74 210 28 0 150
    0 255 255 213 211 54 0 0 255 0 0 0 149 102 221 109 0 144 38 148 133
    0 170 56 186 50 0 24 255 71 132 255 36 0 91 24 49 94 255 80 235 134
    230 51 111 109 0 46 117 255 40 73 244 255 255 7 254 169 81 0 95 176
    27 160 45 101 49 104 200 0 37 250 119 255 109 89 92 0 247 255 242
    249 230 255 255 195 0 0 198 255 214 255 255 255 200 241 120 0 254
    211 255 255 19 0 255 52 144 0 44 191 20 0 77 0 170 0 147 255 58 59
    232 206 24 0 83 255 69 71 255 20 103 106 196 134 0 197 255 255 105 0
    138 86 0 0 224 255 108 255 128 185 255 90 0 58 166 255 255 94 255
    204 0 255 132 0 14 50 98 0 163 0 245 19 102 97 249 255 255 64 255 32
    77 0 49 0 255 173 255 20 0 217 119 255 255 0 164 208 200 205 28 56
    255 30 0 203 114 0 255 82 14 31 238 255 30 186 180 0 0 0 0 0 86 40
    255 0 0 108 0 0 245 90 255 0 199 228 236 72 0 65 87 48 130 255 193
    255 255 13 100 245 165 209 138 255 255 87 102 255 159 52 255 0 255
    193 149 77 96 0 55 0 255 0 0 238 255 110 255 155 255 155 0 0 56 0 58
    0 255 0 237 81 0 176 152 0 150 255 31 255 212 91 28 99 128 140 120
    255 251 0 199 0 2 25 78 255 78 0 58 11 110 0 0 182 254 195 118 255 0
    128 57 224 47 48 97 109 138 164 212 58 255 0 0 2 0 153 255 159 232 0
    255 45 81 222 67 80 11 223 255 0 119 255 99 153 255 255 148 255 94
    104 88 255 255 86 255 255 255 178 187 14 255 255 27 85 153 8 255 39
    0 0 251 96 252 233 0 119 0 150 71 0 31 97 30 0 2 200 0 87 97 137 12
    255 0 57 0 0 5 255 145 255 211 229 30 0 96 0 255 103 145 85 205 0 37
    29 67 193 44 53 255 146 8 87 255 0 0 253 164 86 31 176 255 0 0 0 255
    100 142 69 0 177 255 0 153 36 62 255 0 255 180 9 199 121 255 255 188
    202 255 255 173 0 255 223 0 75 255 0 0 197 63 0 141 193 28 255 255
    160 25 0 0 107 34 118 0 255 188 204 0 0 255 64 175 255 108 255 169
    184 0 43 0 0 214 26 0 201 255 255 19 34 255 255 255 187 10 71 255 21
    0 181 144 150 181 145 0 207 0 255 52 224 21 255 255 24 113 230 255
    255 77 105 229 255 73 162 122 171 207 0 74 82 0 120 190 162 50 255
    255 103 69 101 0 209 255 238 255 255 255 255 187 210 68 9 255 165
    255 254 0 0 138 130 0 222 44 36 136 68 0 255 0 94 186 250 0 210 255
    255 227 206 124 0 246 163 157 102 121 98 249 136 140 6 94 239 0 151
    198 21 40 252 255 28 0 0 255 156 23 255 228 0 255 255 161 217 255
    255 200 0 63 121 0 40 187 0 220 255 99 242 122 179 229 231 132 128
    255 116 0 0 198 255 255 26 191 150 255 164 9 199 52 66 204 0 213 62
    0 55 214 68 63 70 83 0 140 0 8 0 0 0 54 156 0 37 255 255 29 0 255
    237 36 154 247 143 216 0 255 255 177 125 189 252 0 169 13 0 138 86 0
    14 145 255 44 37 66 194 219 164 126 0 255 255 6 166 27 78 147 255
    255 0 200 95 89 255 88 255 134 224 192 36 245 97 255 0 0 28 96 17 0
    216 10 94 0 48 195 0 195 87 255 142 92 132 191 255 169 0 122 0 223
    150 24 255 255 249 0 0 255 255 255 255 183 185 241 0 195 19 51 224
    82 48 202 0 0 24 193 54 18 255 27 3 125 167 184 25 18 255 63 190 0
    255 255 98 149 224 0 0 0 107 41 21 116 177 0 134 255 31 84 176 64 99
    16 191 0 4 0 62 14 147 192 255 0 135 16 0 0 136 250 248 96 0 212 191
    52 187 210 204 255 225 217 0 0 99 41 178 226 255 129 255 199 255 173
    0 145 0 58 255 180 98 0 255 255 0 123 46 186 61 0 250 235 182 255
    123 83 255 0 110 0 138 255 0 175 255 122 255 63 16 61 0 237 0 0 184
    134 0 0 39 0 0 142 32 0 255 182 147 0 69 0 63 208 248 119 0 238 255
    86 28 92 255 0 0 255 0 24 23 142 222 126 0 106 0 0 255 11 255 209
    141 255 0 0 0 255 186 61 22 0 0 221 181 255 255 255 255 244 18 118 0
    183 0 219 195 255 255 122 57 255 115 127 255 255 118 255 222 219 44
    0 86 151 125 0 244 241 248 232 255 188 0 0 253 193 255 0 0 13 139
    255 129 255 26 255 137 255 0 37 52 41 28 0 255 0 211 53 213 0 130 0
    0 42 31 4 189 244 138 16 255 82 255 237 1 0 186 93 29 255 54 42 72 0
    0 148 193 113 214 97 0 216 193 0 139 219 225 255 0 112 0 255 145 22
    255 144 208 62 74 119 111 91 255 200 0 255 255 105 255 196 0 111 0 0
    205 38 57 125 255 255 0 0 255 255 255 112 224 70 13 17 255 219 0 0
    255 0 255 178 199 47 0 8 106 0 168 255 206 251 88 46 0 253 150 83
    255 204 178 33 31 101 111 249 164 34 37 255 64 107 76 255 106 101 0
    0 255 156 0 176 70 255 76 249 249 77 0 231 229 236 155 106 0 105 115
    255 0 255 190 181 91 132 77 255 125 157 153 0 255 255 0 255 218 53
    200 0 0 58 86 224 0 16 236 0 0 0 54 123 255 0 172 0 255 147 199 255
    28 255 170 54 120 171 163 108 187 255 255 69 254 181 203 22 212 0 0
    239 97 176 1 255 255 255 168 79 205 68 157 218 99 8 54 13 71 0 0 196
    225 0 255 27 0 255 0 222 255 255 67 50 255 26 0 24 0 79 17 255 48
    232 202 0 255 0 0 20 0 13 33 255 116 152 39 193 55 81 0 125 255 0
    226 232 120 4 0 255 136 17 172 35 175 255 62 0 195 255 255 255 166
    255 255 163 167 255 134 255 0 255 0 255 0 29 85 40 70 89 0 0 239 148
    255 228 157 255 131 0 0 204 36 175 217 49 0 247 0 255 0 255 0 144
    255 0 0 255 255 255 150 255 0 240 0 143 36 162 83 188 255 8 255 24
    255 164 40 0 31 150 255 158 4 151 225 255 90 147 174 255 114 0 72
    214 43 181 0 24 24 179 0 178 32 8 255 63 255 36 7 155 95 16 198 235
    255 0 96 211 155 242 255 238 16 219 63 33 80 0 96 150 53 159 14 0
    119 255 79 255 144 6 255 8 0 118 133 0 227 226 255 91 0 255 63 54
    202 200 21 23 20 235 167 142 143 146 0 199 128 77 117 189 255 16 45
    134 108 32 234 255 0 168 0 49 182 105 255 255 32 200 0 255 67 255
    255 44 0 255 40 0 169 202 117 255 58 209 222 212 0 124 234 24 0 0
    200 77 179 255 0 64 0 255 0 110 255 22 228 210 255 186 82 255 231 0
    0 0 255 74 245 29 98 30 141 28 118 33 168 153 110 0 0 28 143 189 103
    94 0 105 255 255 0 0 255 127 168 215 255 217 168 255 153 114 53 0
    195 255 255 230 121 0 148 255 241 165 255 77 147 93 250 65 246 255 0
    186 137 97 46 4 0 36 89 187 86 0 74 115 119 123 107 201 0 255 199
    192 109 2 255 0 255 176 132 54 104 0 2 95 0 0 0 171 0 255 0 136 255
    0 255 109 248 161 110 255 86 173 74 116 0 251 255 52 255 255 210 133
    114 17 0 0 255 205 0 0 0 70 204 77 49 255 0 0 128 255 0 15 75 0 0
    162 255 66 255 255 155 255 45 71 65 106 255 255 47 52 255 118 255
    255 30 0 83 82 137 182 0 92 0 0 255 206 254 246 0 255 255 0 68 255
    70 6 255 115 255 255 0 39 107 48 247 192 255 255 216 170 218 237 89
    255 153 221 255 44 0 61 26 255 251 174 218 56 35 255 0 255 118 255
    154 0 138 148 224 0 255 193 242 104 255 0 255 81 0 0 0 242 113 0 180
    189 96 68 67 134 119 255 0 248 0 143 0 132 156 232 250 1 148 26 247
    255 255 95 255 0 255 0 0 0 210 98 0 0 254 81 255 255 44 20 0 46 255
    206 158 0 0 253 255 255 255 255 230 24 244 141 47 102 0 181 255 255
    15 255 169 115 0 237 149 187 206 0 65 255 0 196 0 165 122 45 174 255
    21 19 243 0 0 110 0 255 255 94 255 0 39 50 193 224 137 255 0 255 255
    109 126 89 226 62 161 187 255 159 113 192 39 0 19 217 94 189 78 255
    222 255 0 255 0 173 89 91 225 141 166 227 0 255 108 1 0 140 173 223
    0 43 170 102 0 35 130 112 236 42 112 5 188 161 0 102 79 255 114 255
    255 0 86 20 21 0 0 255 216 255 67 165 255 0 98 50 0 255 0 0 232 0
    134 0 228 135 38 255 0 213 205 255 58 243 255 0 0 44 0 253 255 242
    191 66 255 255 125 155 0 186 99 255 177 0 100 255 0 0 18 178 115 0
    111 255 0 255 255 255 0 0 169 0 163 0 0 35 241 93 255 184 255 0 68
    255 255 89 255 98 190 0 0 255 60 10 214 246 255 6 0 255 88 165 80
    128 0 83 183 255 192 227 78 48 3 255 21 208 48 0 219 110 32 255 43
    239 149 98 61 0 0 0 242 128 9 203 153 29 254 118 170 255 0 17 162
    216 255 122 242 234 16 0 154 132 170 255 0 34 255 21 33 33 188 132
    201 16 0 0 255 47 5 0 111 0 12 160 33 24 70 104 24 255 51 137 0 117
    254 15 212 0 66 0 255 183 0 59 0 255 78 0 220 255 129 232 142 10 255
    255 127 4 255 255 36 255 54 106 0 255 0 0 7 52 0 175 74 20 58 3 246
    10 134 0 255 255 255 219 133 0 255 130 255 0 0 0 86 0 183 0 151 255
    255 0 88 28 215 255 230 174 245 0 255 255 245 94 0 188 240 19 77 251
    89 193 218 104 255 107 255 142 0 167 192 97 0 255 255 0 28 132 184
    255 255 0 217 104 65 0 146 235 255 210 234 127 10 18 0 255 214 41 79
    153 178 255 4 255 255 160 102 116 0 29 204 0 236 183 11 21 223 0 255
    174 89 255 133 119 0 248 220 0 0 117 115 0 46 0 255 255 203 15 188
    236 25 70 130 255 229 193 36 170 255 42 252 244 255 209 7 0 125 157
    184 252 255 92 13 255 255 103 236 0 134 0 236 251 255 183 255 255
    255 255 0 184 124 140 37 255 216 255 255 212 89 255 0 54 0 91 255 10
    227 144 0 255 94 59 156 0 222 245 249 184 26 255 255 207 173 0 198
    186 26 94 172 255 86 231 255 0 94 110 131 196 153 42 149 34 141 71 0
    218 0 167 0 96 112 211 242 0 202 36 86 0 0 251 0 37 98 38 0 137 0
    255 206 243 255 30 165 106 255 106 230 188 52 105 0 80 12 243 0 36
    245 0 0 0 0 109 0 0 0 255 0 86 255 219 191 170 32 44 0 32 183 0 0 63
    60 82 2 255 0 0 110 190 137 176 0 47 0 236 255 160 255 240 144 92
    222 255 0 0 255 0 0 211 255 0 255 118 0 255 206 34 0 122 164 182 95
    144 3 155 67 44 0 142 0 127 255 90 122 255 255 59 198 131 255 0 255
    0 0 63 170 0 255 117 255 80 91 179 24 0 255 255 231 146 255 255 76 0
    0 61 125 221 10 124 0 0 180 95 0 255 109 221 255 34 202 255 19 255
    191 0 114 250 152 232 232 94 0 0 255 47 255 71 0 91 168 184 79 215
    111 255 214 255 28 148 0 70 119 255 148 246 242 83 255 184 255 134
    255 255 242 102 255 12 218 118 78 255 162 185 203 0 255 167 0 0 165
    255 37 171 123 0 69 0 73 255 146 98 119 211 0 100 62 190 0 120 255
    255 148 255 91 19 0 131 206 0 99 113 121 191 135 255 0 105 60 186 86
    0 0 255 31 157 220 0 87 95 155 209 255 0 179 152 210 255 141 0 123
    155 99 255 0 0 255 19 76 255 0 232 218 179 0 0 0 0 184 20 191 54 228
    255 230 255 81 54 4 0 0 176 96 0 5 255 160 214 255 21 153 255 200
    149 28 61 3 0 124 255 0 236 255 255 0 169 0 144 255 0 255 140 222 18
    7 96 0 245 0 255 144 255 236 195 213 102 255 114 239 255 255 255 0 0
    86 196 81 202 19 119 255 126 234 255 255 255 131 255 25 196 32 12 0
    0 154 180 0 111 168 156 177 0 25 42 162 202 0 60 0 0 0 152 93 3 255
    58 246 155 59 246 9 64 255 105 144 215 249 74 239 198 35 0 95 134
    119 31 89 176 130 0 255 100 0 0 191 164 80 255 29 253 255 217 170 68
    0 255 139 234 24 255 61 0 0 0 228 107 122 255 225 255 0 201 148 92
    255 249 0 0 59 242 210 255 201 255 123 183 207 191 177 0 59 26 225
    69 222 255 182 253 255 255 148 255 255 0 219 138 10 0 144 254 154
    103 253 11 255 227 9 225 199 0 110 255 18 88 49 1 0 0 197 226 9 13
    153 133 19 172 204 32 255 163 0 234 219 210 28 255 0 118 57 101 205
    47 255 0 20 209 194 192 44 187 184 0 23 255 69 61 142 0 255 73 63
    255 255 255 207 0 185 59 181 0 0 0 255 150 95 255 53 156 255 17 255
    124 0 50 0 211 0 82 203 56 126 159 0 40 0 0 112 118 205 112 0 0 132
    0 0 0 0 197 230 0 255 250 255 255 109 167 22 154 202 221 204 124 0
    255 107 255 255 18 28 0 132 65 138 0 60 169 234 95 35 255 221 71 201
    0 164 255 56 201 192 114 220 74 0 65 0 17 255 0 255 255 199 192 255
    255 240 30 0 0 72 127 0 0 48 255 11 158 0 142 255 0 206 222 129 207
    200 145 10 0 211 196 255 242 0 255 255 37 0 255 137 226 0 137 255 48
    0 196 182 9 0 90 104 0 3 61 111 255 69 0 0 131 222 0 88 173 228 188
    111 255 133 0 0 0 78 255 14 255 139 0 177 146 255 65 255 255 0 252
    255 68 121 128 255 237 0 154 25 147 83 72 0 39 62 103 131 162 0 28 0
    40 255 0 0 0 0 0 119 64 237 59 255 212 239 126 255 255 21 191 5 0
    144 183 255 28 165 130 86 0 255 49 0 8 255 101 0 22 72 87 233 0 255
    255 25 0 48 255 251 133 255 157 255 123 146 33 162 193 255 0 100 129
    192 194 13 71 236 177 191 107 86 75 164 255 255 133 0 255 251 0 80
    255 17 0 0 247 255 4 0 87 2 163 147 210 255 181 0 245 229 33 0 106
    124 84 255 143 255 90 0 254 35 65 68 146 36 169 255 108 163 255 55
    175 90 65 138 211 0 47 110 255 142 185 196 158 0 206 3 103 202 113
    255 255 0 175 255 0 4 255 0 0 57 32 247 127 39 101 167 213 153 164
    83 193 0 220 181 223 130 239 205 214 114 185 94 255 255 187 0 75 0
    255 0 0 162 224 159 211 205 118 0 79 193 0 185 255 255 0 30 255 255
    255 149 57 121 194 160 124 160 255 0 32 208 89 168 0 99 92 255 125
    170 134 2 244 244 255 255 58 0 223 0 0 255 0 0 138 0 227 236 89 169
    81 9 37 0 14 188 218 0 255 158 140 255 36 142 0 208 255 7 255 175
    165 223 221 228 0 255 162 199 187 108 0 0 166 230 155 255 0 23 255 0
    0 56 244 0 255 82 1 2 238 181 90 140 131 181 0 0 255 135 92 163 0 0
    255 255 95 157 165 255 68 140 29 42 0 0 168 0 42 255 121 255 199 25
    212 255 255 0 74 34 255 0 74 148 83 190 76 17 150 95 16 178 75 0 0
    170 45 63 172 29 208 82 255 0 178 0 142 79 142 0 172 134 255 77 124
    0 18 0 0 118 49 45 240 0 166 0 200 129 57 255 171 212 57 105 39 65 0
    165 95 255 104 0 218 131 110 26 231 238 149 0 26 191 4 255 230 148
    255 255 35 255 13 0 223 0 114 207 72 122 255 0 59 0 255 90 0 147 0
    73 72 255 255 255 255 0 190 255 115 92 40 0 0 96 93 165 236 30 255
    56 0 0 0 234 212 136 199 80 206 0 139 255 0 249 94 124 100 52 252 0
    143 128 255 107 0 64 191 82 189 255 255 93 0 152 0 133 0 44 96 147
    179 105 28 27 192 0 0 255 149 0 91 38 102 87 255 0 124 240 162 0 255
    225 122 0 242 15 187 255 10 0 0 0 255 215 135 241 200 119 0 47 161
    159 92 11 194 158 0 61 0 165 160 243 121 200 0 55 255 255 235 173
    107 241 75 222 255 255 2 0 80 131 6 49 149 128 162 71 88 13 255 21 0
    27 0 151 255 137 7 148 225 3 255 0 255 0 203 255 50 255 207 125 255
    6 223 0 0 128 255 0 0 177 0 0 168 0 255 118 229 134 0 241 216 0 154
    0 247 255 161 114 113 35 193 183 172 0 0 2 131 0 17 0 255 82 0 40
    203 255 0 0 68 32 0 3 0 40 117 142 162 142 159 45 0 0 86 146 29 0
    118 255 110 255 255 171 0 0 132 255 42 181 246 163 39 159 58 255 216
    86 243 0 0 24 220 0 255 172 153 0 255 122 144 99 0 7 32 175 101 255
    134 64 75 139 0 0 37 43 229 51 175 249 172 0 255 39 255 180 30 233
    46 0 231 106 121 226 195 255 34 255 0 239 99 229 255 164 140 182 0
    255 0 133 231 75 255 0 0 81 255 108 255 95 188 8 0 238 127 51 126 0
    0 219 0 96 49 89 168 255 61 0 0 216 223 255 131 255 255 255 0 255
    255 190 205 255 102 203 254 50 202 255 64 67 255 237 173 239 255 32
    216 50 0 135 223 201 255 0 143 255 0 195 255 57 0 154 94 225 241 0
    153 48 80 138 160 255 255 0 8 255 227 143 7 203 25 0 46 255 137 227
    0 255 0 0 8 0 200 0 224 255 0 19 0 255 166 254 18 255 208 0 255 0 0
    242 162 220 254 194 219 111 194 40 255 136 255 78 60 0 0 255 101 240
    255 105 57 83 203 145 255 0 235 255 122 0 62 12 80 0 232 66 0 198
    255 0 216 0 255 13 161 255 96 0 166 129 39 114 130 253 203 255 35
    255 255 0 94 191 9 0 97 255 0 0 237 0 0 34 91 190 2 0 157 17 78 241
    105 0 244 179 215 15 188 195 255 23 129 1 0 84 29 90 0 255 255 0 255
    16 106 165 255 0 0 242 0 0 0 90 132 0 170 217 95 111 37 171 193 173
    255 210 75 45 212 169 255 255 255 82 149 176 92 95 31 0 241 92 61
    122 219 63 93 74 255 36 126 23 0 255 210 206 100 251 255 223 255 12
    255 83 93 99 142 2 88 250 60 36 179 186 214 0 255 84 27 0 0 255 148
    20 43 150 0 44 226 0 0 161 36 190 82 45 255 0 168 255 255 247 255 40
    83 173 20 255 70 0 157 13 255 18 46 255 229 16 197 255 122 0 230 255
    35 61 255 172 202 116 204 77 201 255 235 255 197 161 104 168 6 115
    89 0 0 212 149 68 81 130 192 75 255 0 139 255 139 124 255 6 220 255
    7 153 255 90 3 19 92 132 214 0 188 83 255 170 0 0 0 97 139 98 255 56
    0 254 136 88 255 61 180 0 141 216 255 23 20 255 126 255 0 0 232 30
    255 0 0 239 217 0 0 4 0 178 255 255 47 214 0 255 0 255 133 0 0 243
    104 0 43 209 255 188 3 255 99 0 55 0 0 0 56 0 124 0 212 248 0 0 207
    39 0 13 0 0 195 187 29 33 46 46 101 123 146 225 165 226 123 0 12 253
    255 175 39 187 0 240 255 255 84 153 255 48 224 126 0 189 14 0 99 229
    202 119 217 197 57 0 0 220 203 187 0 200 67 135 255 20 255 92 135 0
    116 116 171 0 43 0 0 71 255 255 109 222 0 214 202 0 255 40 255 72
    158 0 0 226 129 87 255 36 255 255 0 96 77 3 77 166 255 203 55 198 0
    216 0 80 28 255 93 153 254 252 5 65 255 255 182 255 255 0 47 111 190
    255 0 18 151 135 69 0 0 222 0 48 37 0 0 102 226 172 14 1 37 71 54
    147 255 75 220 103 23 212 220 99 170 140 255 231 73 74 149 16 0 0
    145 159 115 81 177 238 217 183 166 255 143 50 0 140 226 231 255 255
    255 255 255 255 252 213 255 171 0 255 129 255 255 255 71 255 254 204
    70 176 224 204 3 116 255 0 255 224 255 208 218 69 255 105 195 171
    172 255 35 106 255 214 165 0 183 78 255 184 0 30 32 60 157 255 221 0
    191 0 77 184 72 255 167 255 104 114 214 13 77 255 0 0 0 35 255 0 0
    152 199 255 111 255 0 44 224 255 162 5 213 238 255 226 255 5 232 147
    0 255 215 128 9 0 46 106 229 0 255 28 255 216 88 77 131 91 255 255
    56 0 81 42 131 175 0 45 129 206 21 246 81 128 34 91 255 0 0 192 51
    60 26 49 255 232 101 195 20 144 81 164 255 111 255 80 0 0 185 122 0
    41 255 0 196 153 255 255 102 209 177 0 255 255 130 23 209 126 255
    200 0 0 0 8 6 50 255 0 101 189 0 216 0 160 194 39 234 199 0 251 24
    250 47 208 255 45 244 0 1 255 21 0 0 107 0 0 255 228 255 246 72 145
    0 192 129 223 215 0 149 255 116 165 246 112 255 114 252 200 238 207
    0 0 0 71 20 0 147 0 0 252 0 137 6 0 0 49 184 241 0 251 60 62 255 193
    255 0 199 111 170 0 29 255 160 87 193 255 38 51 119 201 223 44 48
    235 155 39 193 39 147 255 255 255 171 255 0 255 220 0 132 0 216 176
    255 0 8 129 161 188 0 0 230 246 255 0 228 255 70 0 155 255 156 121
    237 0 255 255 230 0 107 0 81 0 224 30 136 184 223 0 0 0 192 191 83 0
    247 72 255 84 158 128 229 196 0 93 0 0 75 193 0 255 255 179 43 0 255
    164 0 0 224 255 191 28 233 252 110 60 151 14 0 160 255 92 184 0 255
    170 0 96 141 255 59 251 147 0 255 47 255 140 81 232 229 0 79 255 182
    0 255 255 0 0 0 220 156 196 0 207 235 0 193 27 0 248 255 0 16 73 101
    149 175 255 33 255 99 0 24 150 255 255 255 0 11 0 86 119 0 66 0 212
    44 130 255 0 89 255 0 158 0 0 255 151 220 169 114 0 255 139 124 91
    255 0 255 166 85 0 112 246 97 238 255 124 157 238 244 255 90 65 0
    244 45 55 231 1 201 239 203 148 107 255 0 154 233 116 44 82 255 170
    255 174 0 53 0 0 23 173 0 141 236 68 0 0 0 48 20 255 184 0 255 255
    179 0 142 116 255 61 22 0 65 255 59 37 136 214 0 209 135 255 102 81
    0 255 6 141 255 100 64 2 227 9 0 255 0 28 124 255 41 0 56 175 139 64
    255 255 0 255 98 2 221 102 64 255 0 255 255 0 171 255 216 27 0 76 0
    69 103 81 123 0 255 89 36 255 90 255 237 0 153 0 255 171 255 166 4
    255 255 235 6 144 143 80 255 255 255 120 103 0 255 57 0 255 112 77 0
    0 116 0 196 73 0 0 1 108 0 51 31 16 166 170 247 174 255 255 146 98
    90 177 101 11 255 232 91 27 244 119 255 255 222 0 219 29 110 255 2
    185 0 193 192 0 87 5 0 255 255 130 72 255 255 183 255 118 158 255 65
    63 206 233 242 0 157 238 0 188 23 0 245 0 0 6 255 255 194 255 0 68
    173 129 0 255 155 157 224 146 65 255 98 67 252 255 156 180 255 255
    105 203 0 177 208 224 212 137 107 69 73 191 255 6 255 0 255 255 77
    60 89 210 208 73 178 255 24 255 168 112 255 0 0 255 1 158 0 240 255
    194 80 106 81 32 255 119 47 36 57 185 77 255 173 138 8 0 237 216 217
    255 167 0 188 0 100 9 220 255 0 119 255 255 117 255 255 0 28 26 211
    38 189 74 39 36 228 85 219 211 253 76 100 33 172 147 49 163 125 81 0
    180 255 0 104 14 255 255 157 0 255 17 0 255 101 228 36 81 142 0 179
    188 255 255 0 64 23 255 255 96 255 92 67 80 0 133 250 112 157 90 255
    0 255 22 50 0 255 71 153 0 255 36 54 133 255 242 186 0 6 0 47 96 43
    163 0 255 204 0 14 11 255 224 174 127 0 0 137 240 205 134 77 210 60
    62 33 88 255 120 101 255 0 255 98 255 255 153 86 255 216 255 79 220
    189 0 181 103 255 0 13 0 255 255 206 0 165 255 255 99 249 255 255
    195 0 94 79 255 130 255 29 19 125 185 0 62 84 72 233 255 0 33 244
    199 0 222 1 255 180 55 164 89 136 0 84 0 255 113 0 255 110 162 255
    251 166 114 71 255 149 206 214 137 88 255 103 0 234 253 167 124 3
    189 71 169 44 255 0 10 0 187 143 0 255 160 51 195 0 0 24 146 255 255
    255 4 255 0 116 204 255 255 0 33 71 75 72 36 0 232 71 116 0 255 0
    139 176 255 0 0 0 86 236 255 125 255 251 215 255 112 255 47 110 125
    130 212 202 14 255 79 255 186 155 255 91 255 0 255 255 255 201 255
    255 162 33 181 229 158 255 255 185 0 94 0 0 150 136 25 32 0 255 255
    0 97 0 255 49 15 0 82 117 176 37 154 183 0 79 78 22 255 0 192 226
    203 0 164 0 189 189 0 0 54 85 145 36 255 217 14 0 96 255 175 157 255
    0 240 0 0 199 208 0 0 44 0 113 133 184 255 152 127 0 255 48 217 0 77
    182 23 255 0 0 170 255 192 19 49 255 0 140 82 19 101 0 137 0 190 230
    112 91 255 206 255 184 173 159 255 55 51 187 208 93 175 255 255 30 0
    101 83 175 115 63 1 28 24 0 0 255 90 0 255 175 133 123 165 227 255
    57 126 126 236 255 212 59 193 199 160 137 255 141 115 151 101 188
    199 255 152 12 0 190 255 255 0 25 50 161 82 0 244 0 250 89 144 255 0
    151 182 255 0 0 198 0 145 9 0 255 28 144 227 56 0 103 77 243 0 150
    255 255 153 255 255 91 23 255 0 106 109 255 150 183 92 131 198 255 0
    103 205 208 165 255 121 153 255 29 69 255 102 142 255 82 187 0 237 0
    23 255 0 0 123 132 114 98 0 41 255 199 208 183 73 71 96 90 25 171 63
    90 210 162 234 0 242 255 113 132 180 242 57 152 6 255 255 198 172 11
    114 0 255 181 0 0 219 156 145 5 118 255 82 65 110 183 255 255 9 52
    255 255 54 191 168 105 221 255 39 228 210 75 0 243 0 166 0 255 255
    168 213 255 255 27 27 105 255 213 211 160 15 255 88 0 0 255 182 255
    83 73 120 157 130 130 70 85 255 140 255 0 97 255 104 23 62 255 255 7
    168 255 223 255 16 104 18 206 181 110 23 242 231 200 0 6 248 168 0 2
    139 37 89 118 255 233 226 234 0 0 154 247 138 104 140 0 104 6 220
    177 0 230 142 255 0 0 145 199 255 255 97 210 234 0 147 149 0 231 217
    255 79 38 0 255 26 134 255 0 200 163 184 82 0 0 0 183 206 255 71 255
    204 0 169 215 201 255 194 0 244 234 0 14 157 145 146 70 221 63 101
    48 255 0 0 197 139 0 80 255 23 100 66 229 157 204 255 0 0 223 226 45
    31 138 16 223 0 0 50 78 124 194 108 143 62 62 112 255 99 255 255 207
    0 85 183 255 118 165 129 167 226 0 132 10 255 42 235 0 0 198 0 50 0
    0 255 0 84 124 8 40 121 3 100 127 11 176 255 212 247 128 102 23 0
    255 54 25 113 111 0 72 169 0 152 27 219 0 156 116 0 210 57 9 152 0
    91 0 234 10 151 253 150 114 31 171 255 202 255 160 225 255 20 0 231
    255 5 0 0 178 255 234 216 41 179 0 66 108 205 255 255 68 62 0 255
    131 168 223 232 116 0 52 180 17 50 5 105 227 97 175 4 255 0 81 38 0
    199 0 71 24 91 65 255 0 150 45 0 88 219 214 193 183 0 69 95 250 255
    87 0 150 100 255 98 0 134 255 69 137 108 0 0 255 112 119 110 141 251
    198 255 111 255 255 255 0 82 63 101 175 0 19 253 113 64 255 255 255
    55 213 141 115 146 8 0 255 62 187 0 152 0 255 255 255 238 113 34 208
    0 0 151 134 255 210 155 255 255 255 0 55 21 241 25 177 255 183 152
    239 177 18 77 41 0 209 255 0 47 140 48 255 216 246 141 0 255 255 245
    255 162 63 103 255 2 3 71 47 206 6 107 255 90 0 235 17 19 255 13 255
    110 15 167 105 199 80 212 245 128 128 0 0 0 115 0 255 0 243 148 0
    252 155 250 139 0 13 48 255 200 144 255 226 200 0 44 255 102 78 2
    225 0 143 0 255 255 19 255 230 255 255 0 8 175 208 96 0 255 212 108
    70 131 158 120 231 0 0 58 255 255 152 0 90 255 38 42 227 108 48 0
    173 19 136 211 156 255 133 0 98 104 125 0 52 0 201 0 0 64 255 255
    255 0 196 155 255 255 255 133 255 89 47 0 104 184 151 151 39 162 83
    75 40 255 106 88 141 0 72 255 0 178 255 255 0 255 255 231 100 255
    226 255 176 212 86 103 185 14 190 232 62 221 255 255 133 160 10 0 0
    0 233 96 247 0 0 255 32 60 0 0 0 66 128 125 121 48 0 0 243 87 0 71
    69 166 150 193 255 255 0 255 128 255 88 75 255 204 198 192 41 255
    149 172 255 195 41 102 0 255 92 104 237 255 255 255 28 154 215 255
    23 63 255 23 255 255 235 35 0 41 195 55 197 176 126 239 255 113 170
    0 63 0 230 197 255 255 255 255 255 249 161 87 255 201 68 184 254 0
    253 255 0 0 147 171 103 255 155 121 255 173 242 0 255 0 255 159 255
    53 1 214 255 202 255 236 222 255 81 177 68 0 94 25 216 195 0 167 237
    170 184 133 221 7 177 133 0 206 239 228 0 255 139 255 186 255 255
    101 0 100 0 102 0 208 0 124 245 65 152 140 135 206 217 14 0 215 219
    14 248 220 55 0 255 0 134 117 255 210 0 0 255 255 80 189 204 44 0 27
    113 255 145 255 111 255 0 0 255 0 255 238 0 194 40 239 255 44 221
    205 0 240 144 255 80 0 202 255 255 255 255 233 0 0 67 0 79 255 0 255
    182 131 213 148 73 0 105 154 255 255 255 255 255 76 46 225 255 214
    152 255 136 50 37 108 0 193 155 50 220 190 136 157 85 114 228 53 163
    99 42 226 0 249 255 0 255 24 149 255 184 68 238 57 255 119 255 159
    106 208 0 10 255 255 219 190 121 255 0 66 255 176 0 113 171 53 157
    237 213 148 76 20 46 137 141 255 121 255 150 29 253 144 185 0 85 19
    255 159 0 0 192 69 0 37 110 0 12 235 201 234 0 40 218 233 0 19 68
    170 74 91 255 150 0 223 255 25 0 243 0 255 88 255 92 0 64 107 255
    140 162 159 172 255 0 255 255 15 0 255 166 255 105 0 143 0 75 137 95
    123 112 255 145 255 0 14 255 128 255 189 41 154 108 76 229 17 80 0 0
    59 245 86 84 139 0 223 255 50 29 156 86 42 255 255 0 213 88 255 105
    39 221 25 11 6 161 176 98 61 99 0 155 0 138 255 175 255 0 255 5 168
    0 0 46 110 123 0 0 169 215 255 231 255 183 38 104 181 0 0 207 0 246
    0 255 49 243 113 255 0 233 86 184 255 0 192 255 93 247 209 75 210 63
    176 37 0 250 0 50 93 189 0 0 255 255 179 255 0 185 255 0 0 88 0 9
    253 255 0 109 168 70 225 173 224 251 132 212 84 166 255 255 185 156
    46 0 245 115 255 255 255 255 242 0 97 255 139 88 255 140 244 255 0 0
    179 184 132 0 198 0 2 224 41 189 154 0 124 255 255 255 72 255 255 0
    113 255 0 216 127 255 101 0 255 95 206 176 205 255 0 255 75 255 164
    147 230 244 0 37 133 0 233 255 0 235 187 36 255 220 105 0 0 203 178
    80 140 167 227 0 105 0 0 159 226 0 0 117 0 67 0 0 0 255 255 0 248 60
    205 107 153 245 0 195 0 158 182 0 77 0 0 255 255 26 21 2 255 0 0 181
    255 104 255 71 0 255 0 65 0 160 215 125 255 98 145 12 255 70 251 152
    0 57 87 255 212 255 164 0 255 255 119 255 157 147 0 255 112 60 85
    255 237 180 0 161 0 0 89 237 108 255 55 35 105 249 0 255 255 139 255
    192 20 255 0 38 183 15 145 255 49 221 0 0 16 0 30 0 0 238 117 56 0
    255 0 255 223 255 15 0 47 184 255 74 109 255 101 50 255 155 0 255 0
    0 0 0 255 219 236 0 125 253 107 153 144 214 241 0 133 57 237 0 103
    236 203 23 255 163 165 125 0 121 46 100 90 231 55 0 255 191 0 0 177
    27 255 215 242 255 0 255 38 115 0 8 129 96 255 237 166 255 0 180 122
    139 160 48 0 255 248 0 255 215 255 0 1 116 40 218 255 124 36 0 53 0
    32 119 255 133 197 255 193 143 255 0 158 200 255 107 27 255 100 224
    221 0 167 25 0 127 255 76 135 0 200 130 13 255 255 198 248 29 232
    209 0 8 102 152 0 220 255 186 211 125 255 7 24 161 255 102 28 255
    255 255 49 255 255 222 255 247 0 53 205 200 13 255 0 154 0 221 241
    21 0 26 29 255 191 22 4 150 166 255 255 255 14 0 234 0 255 216 0 189
    255 0 228 0 132 181 225 255 38 0 111 255 255 255 31 204 0 65 120 255
    128 0 255 0 255 0 255 173 233 255 100 19 41 5 255 61 0 39 236 115 0
    0 216 205 0 0 215 219 89 246 112 209 0 211 255 255 237 172 246 255
    25 255 255 255 203 228 63 0 0 194 255 196 183 85 0 183 148 0 0 207 0
    73 0 0 96 0 208 217 255 204 0 14 0 149 161 157 200 198 177 196 28
    110 23 88 238 0 114 0 181 248 213 190 81 125 158 95 255 164 255 231
    42 3 6 255 133 215 0 108 255 233 0 255 255 216 128 0 0 175 51 138 0
    255 209 0 255 185 0 56 29 6 255 0 0 0 255 169 206 40 245 239 225 230
    255 255 120 171 194 172 0 39 0 165 0 108 232 0 4 0 47 142 254 192 72
    174 0 116 190 86 245 20 0 106 93 251 0 170 130 44 64 188 255 255 255
    54 225 39 0 255 240 3 0 228 238 38 8 98 1 53 255 255 0 134 149 141
    67 255 212 61 169 43 76 255 0 6 0 255 168 0 0 2 192 255 12 255 0 255
    0 215 0 255 59 255 255 0 0 58 0 149 255 85 0 42 255 200 0 232 104 0
    22 16 211 103 255 189 39 255 0 255 55 110 193 255 255 0 83 141 154 4
    96 201 131 255 49 103 219 207 255 180 73 109 105 214 255 167 101 200
    0 201 145 39 34 255 198 167 255 177 255 255 11 206 203 192 189 0 0
    115 216 0 0 81 255 0 0 102 0 211 255 166 178 204 202 133 141 79 0
    255 210 0 17 134 48 82 0 224 255 255 160 113 134 96 82 205 99 204
    255 2 147 130 201 0 253 255 130 120 0 0 4 0 252 0 255 255 159 255
    255 55 85 230 103 21 95 0 0 0 0 39 18 99 101 0 174 229 0 62 47 151
    64 66 24 255 0 222 127 0 238 251 247 244 255 125 0 5 64 81 10 255 56
    255 0 239 203 180 0 1 143 124 0 53 28 57 206 204 36 198 181 181 158
    0 232 208 255 172 209 0 163 0 255 194 0 7 0 35 255 0 14 0 26 254 0
    32 126 89 255 193 42 219 255 0 124 103 0 0 0 255 120 195 197 7 132
    107 108 154 201 255 23 226 0 255 0 209 86 0 0 56 255 15 255 190 255
    31 0 255 204 0 234 103 86 251 0 255 0 0 200 255 217 30 203 5 0 189
    149 0 134 245 103 0 75 54 91 77 0 0 230 234 0 0 114 132 202 255 120
    134 255 5 0 0 83 214 0 255 131 15 255 214 180 169 0 254 0 60 34 164
    112 255 0 25 0 255 0 171 127 226 255 24 255 253 31 200 118 30 0 212
    0 0 255 197 101 0 0 130 75 255 113 194 251 18 0 217 41 150 175 255
    106 207 0 108 217 70 87 0 255 0 151 107 0 0 0 81 5 87 255 255 255 92
    56 2 0 28 255 255 0 72 139 245 255 202 255 59 40 149 171 237 0 215
    159 185 0 255 179 241 103 43 165 74 70 0 255 192 158 163 173 0 237 0
    0 137 183 230 158 0 0 200 10 135 105 2 0 255 81 190 54 0 228 115 107
    0 0 138 70 10 76 0 255 246 197 255 218 179 51 128 0 229 0 86 255 106
    255 7 114 140 9 0 69 0 195 214 191 87 255 198 131 202 83 32 193 24
    227 11 147 8 115 176 121 0 167 53 44 105 215 166 224 31 0 159 0 0 76
    255 50 152 65 255 0 122 178 182 133 0 215 142 255 43 255 145 0 255
    209 4 255 191 255 210 255 133 18 93 177 35 31 63 255 222 199 255 216
    219 153 115 0 31 16 98 236 0 144 147 255 255 209 193 153 131 37 28
    52 89 255 255 0 0 6 17 71 93 79 139 103 149 11 252 255 0 255 88 221
    28 255 0 0 199 209 255 199 0 164 114 25 55 255 126 227 222 187 0 137
    255 220 155 14 46 182 255 110 176 167 6 42 35 0 255 0 122 0 244 255
    4 162 168 236 251 231 140 255 95 56 156 134 67 0 17 24 32 255 146 0
    0 134 255 197 0 255 231 19 247 0 255 79 255 151 204 255 156 0 37 182
    0 0 242 0 65 255 201 17 255 0 132 83 255 33 88 255 255 0 217 235 121
    226 255 0 64 188 255 150 255 255 162 204 54 234 0 231 38 214 0 255
    255 93 255 3 255 208 190 0 239 0 74 171 0 159 0 204 0 46 81 35 219
    255 255 87 104 255 255 255 255 221 255 255 179 140 89 4 255 236 54
    95 202 106 120 138 15 42 126 20 59 125 17 255 39 109 212 154 255 131
    255 29 33 29 225 255 255 155 255 0 255 88 119 9 138 255 106 21 255
    32 184 0 255 255 0 255 107 51 168 255 108 228 255 0 167 0 89 174 94
    220 0 37 255 83 255 255 253 5 0 255 255 35 89 25 243 0 243 66 255 76
    130 0 0 14 115 255 165 74 255 255 255 105 109 58 243 0 39 240 0 255
    56 143 221 74 255 124 255 255 32 17 250 255 0 0 168 255 255 0 0 38
    59 255 51 255 2 77 0 0 255 69 255 224 255 255 52 132 255 0 0 89 25
    255 164 183 30 44 232 0 173 227 255 255 0 255 13 78 0 239 238 116 37
    49 0 255 78 0 0 255 209 56 0 0 0 15 123 0 242 255 255 0 0 255 248 18
    116 69 109 0 0 255 0 44 169 255 0 213 19 0 122 1 61 45 165 79 85 0
    76 0 36 162 174 117 190 255 192 242 0 251 134 0 28 158 255 74 255
    255 250 168 135 101 41 173 64 94 0 109 175 128 94 91 170 115 152 255
    65 161 170 0 35 28 89 255 241 255 150 175 255 149 98 208 203 139 44
    42 255 255 69 144 166 255 253 182 154 255 144 97 102 96 255 4 73 255
    41 69 98 5 194 255 39 8 155 174 0 0 194 72 125 255 169 96 131 0 255
    12 0 0 255 0 95 244 0 196 68 74 0 106 255 13 88 154 63 255 228 236
    156 43 129 88 255 0 255 104 74 134 255 255 182 24 3 58 124 255 154
    255 137 0 124 198 17 131 97 100 0 255 255 0 19 13 255 0 0 232 1 164
    183 129 255 185 255 253 255 0 0 69 117 153 0 116 255 19 255 31 255
    57 94 112 240 210 255 255 57 255 114 209 212 255 107 255 255 164 255
    232 16 168 0 32 211 255 255 132 0 67 82 255 202 96 255 177 102 81 12
    135 255 255 255 97 248 232 167 0 0 0 13 55 86 0 222 0 0 182 231 98
    248 0 134 195 108 179 49 61 47 0 248 0 142 62 170 255 0 0 255 206
    107 59 222 255 166 195 0 246 255 255 250 205 223 255 40 0 121 0 200
    80 58 0 255 77 243 0 199 255 107 255 15 218 0 82 183 77 220 255 255
    135 238 0 117 98 0 148 212 255 195 255 0 0 135 68 0 255 0 37 244 0
    228 138 126 242 49 21 232 0 244 78 159 94 0 239 205 201 198 0 255 11
    129 0 132 255 28 255 0 7 58 34 255 255 56 255 255 243 0 36 180 0 66
    255 254 0 174 255 36 55 170 97 139 232 255 195 94 0 109 219 116 127
    155 255 0 160 234 0 111 0 38 147 118 255 238 138 0 0 231 71 250 0
    255 193 0 55 255 37 0 0 255 168 0 193 152 7 47 77 207 123 54 70 75
    182 246 113 44 20 103 72 37 0 252 223 255 243 167 255 255 255 255
    255 255 212 0 231 255 0 131 255 184 157 0 0 231 77 0 127 255 107 255
    105 218 227 122 241 223 255 0 0 179 255 0 0 243 169 0 0 28 61 0 255
    104 188 0 255 255 0 32 110 0 0 248 149 255 127 255 1 255 153 6 175
    255 179 255 47 116 27 0 155 255 0 0 184 0 212 0 0 0 215 120 37 255
    212 0 128 0 255 218 26 255 0 255 255 0 237 129 139 0 38 255 0 255
    107 255 0 255 239 108 183 158 55 188 211 0 0 165 165 0 151 81 0 0
    255 125 222 99 255 235 89 181 203 233 201 255 255 87 189 0 113 0 60
    150 167 96 255 255 67 205 255 255 128 255 255 0 0 255 0 0 138 189
    139 126 163 216 145 158 255 255 193 162 158 223 0 117 126 29 0 189
    79 0 0 143 157 0 0 255 220 193 255 146 0 236 122 229 7 185 149 25 0
    244 188 97 255 136 36 136 236 255 104 255 0 17 173 61 255 146 119
    166 0 65 0 255 255 86 103 0 255 118 255 14 239 21 146 170 129 10 27
    0 0 42 0 62 0 223 194 0 255 0 0 166 255 99 101 240 237 255 163 174
    60 251 255 213 125 69 134 28 0 47 255 123 156 0 177 255 255 145 0
    113 206 226 62 105 186 255 255 191 186 248 0 0 32 225 35 64 255 177
    226 0 0 255 5 236 0 44 216 144 255 39 255 53 0 205 255 177 0 192 233
    219 0 108 138 182 242 255 0 185 56 171 0 0 0 120 55 74 99 231 46 25
    33 168 255 29 0 86 11 173 255 155 255 79 0 110 132 45 246 158 129
    222 255 99 255 0 149 186 239 122 245 245 102 158 255 187 211 113 255
    165 0 255 91 71 0 63 209 69 228 0 0 191 158 124 0 181 244 40 0 255 0
    255 183 143 0 42 90 0 17 72 0 70 255 211 92 255 255 28 255 9 0 255 0
    28 32 145 198 174 255 0 225 17 0 152 0 67 176 104 15 0 151 255 206
    235 59 255 0 206 255 255 251 98 87 0 46 187 255 5 212 209 162 255 90
    64 157 255 247 0 191 0 0 213 71 149 246 236 7 222 0 0 243 131 255
    225 255 24 114 217 0 255 0 0 0 201 54 219 52 246 151 172 184 152 14
    155 212 0 0 229 26 160 226 156 255 120 52 153 0 12 255 150 0 0 0 168
    184 255 255 255 85 3 255 156 0 224 177 0 0 33 255 151 255 59 0 168
    143 71 0 0 0 13 254 0 190 66 160 255 255 193 147 248 234 83 0 170
    255 197 247 255 255 227 54 80 0 0 23 26 84 255 199 200 255 220 245
    12 54 20 52 105 255 170 226 161 31 0 0 87 255 197 220 193 255 255
    255 35 242 236 94 34 255 0 218 47 255 127 128 255 135 204 216 245 85
    0 24 0 86 255 255 5 43 255 112 33 159 37 0 0 0 0 44 0 112 28 255 213
    162 3 58 252 0 255 123 166 204 250 255 255 157 87 255 255 255 122
    126 161 124 20 245 252 43 153 65 255 255 252 84 247 255 255 255 255
    124 71 133 238 233 175 219 110 0 148 91 0 255 0 93 123 215 255 0 0 0
    54 64 248 0 40 139 161 34 214 4 78 0 0 0 2 217 42 0 255 0 236 185 0
    90 40 130 47 90 112 0 19 130 86 255 166 127 255 0 154 78 86 0 255
    255 106 19 235 255 107 180 249 255 0 42 255 218 13 69 84 223 77 152
    127 255 86 179 145 0 57 59 197 255 82 48 26 1 0 78 0 132 40 255 255
    235 63 124 27 98 47 0 255 0 0 161 3 111 235 249 215 128 15 180 154
    195 232 0 57 63 211 255 0 88 163 49 133 56 198 0 0 0 135 237 88 0
    226 0 0 222 47 129 0 250 95 229 213 202 193 0 211 129 188 5 255 59
    245 255 255 0 114 37 152 249 247 255 9 72 94 14 255 212 229 0 95 255
    220 88 236 255 191 0 128 154 198 0 150 11 0 156 191 0 0 16 163 220
    195 185 158 0 0 67 0 255 239 255 95 0 53 255 122 0 255 255 0 255 144
    76 144 66 255 43 0 189 255 0 27 97 43 255 90 4 157 183 2 26 255 0 0
    162 212 142 5 3 255 0 114 236 7 57 0 0 210 0 255 255 94 249 150 255
    77 35 255 92 0 0 96 186 214 174 236 255 255 113 2 0 213 0 54 167 124
    255 255 109 47 255 12 20 216 63 0 245 255 205 120 114 245 143 0 0
    172 0 98 27 135 101 0 223 20 105 95 255 222 29 80 255 207 167 108 39
    120 255 237 0 255 84 0 0 255 255 123 6 0 29 252 60 182 51 237 228 7
    246 219 185 0 202 79 255 40 143 216 134 0 136 255 0 251 131 153 74 0
    128 103 35 249 255 255 82 41 255 255 208 255 97 255 255 110 255 0
    106 182 0 0 255 255 0 255 163 102 26 173 203 247 219 255 255 81 222
    102 128 61 200 0 0 128 200 255 27 120 255 85 41 101 255 0 7 255 25
    188 131 255 0 95 46 3 0 255 0 0 34 172 255 9 138 255 0 192 42 140
    255 233 5 113 255 54 238 255 255 9 9 255 255 55 58 70 37 167 255 188
    17 255 198 0 22 255 110 118 255 161 253 135 255 0 17 213 0 0 163 117
    24 255 0 23 223 151 73 0 255 95 0 255 0 98 255 0 255 1 101 72 228 0
    105 250 0 178 143 119 4 217 96 244 110 86 255 162 218 0 55 0 192 252
    0 119 165 201 240 155 121 238 94 144 251 129 57 0 86 207 0 70 23 0
    255 255 207 0 212 0 0 27 50 255 185 255 0 28 0 178 246 0 0 6 131 216
    249 0 0 16 243 61 220 164 198 197 255 1 255 119 124 217 5 140 255
    255 122 77 98 131 77 170 123 43 0 34 0 60 12 59 193 164 255 198 255
    227 247 255 51 148 0 101 172 68 255 0 255 75 170 252 0 0 255 255 38
    255 185 22 41 0 78 134 0 27 48 12 251 0 0 140 245 0 0 255 255 100
    255 255 69 0 107 189 0 21 0 98 255 0 255 165 45 255 0 53 0 194 70 0
    255 191 172 184 163 255 57 47 255 92 173 255 179 0 255 0 51 0 222
    177 119 255 255 255 56 61 0 0 45 226 192 104 202 255 108 178 255 118
    177 0 68 255 0 180 163 180 138 189 255 70 255 255 159 255 51 255 164
    255 58 4 255 0 255 229 154 21 197 190 12 20 201 176 129 126 119 59
    255 151 168 48 255 0 41 0 238 144 152 255 0 119 0 40 16 17 222 0 255
    38 255 68 69 255 87 240 14 137 255 138 0 0 121 49 255 53 214 255 255
    124 162 172 255 25 95 70 0 211 115 222 68 247 167 240 115 44 19 39
    88 181 148 255 9 187 27 171 255 96 0 255 0 14 155 209 112 216 53 0
    121 0 255 0 0 0 255 176 243 1 114 255 159 91 0 228 241 0 255 0 26
    255 244 0 255 248 43 82 0 240 55 255 170 255 105 103 205 46 255 77
    139 0 168 0 130 254 42 141 151 255 233 220 208 0 88 26 226 0 19 22
    255 253 0 175 98 0 0 0 81 163 240 0 235 112 145 148 112 255 0 133 0
    101 0 49 255 214 0 220 187 162 0 220 112 222 197 255 108 255 0 158 0
    255 255 86 0 8 211 237 104 37 2 167 0 0 0 0 0 163 16 0 231 255 0 243
    0 53 223 255 15 240 53 255 144 255 0 255 212 203 255 255 0 160 180 6
    196 216 62 106 255 192 244 255 100 240 33 0 61 0 47 33 29 0 0 0 8
    129 237 35 48 150 0 255 255 164 70 255 255 135 119 0 167 255 0 242
    255 233 15 133 255 0 225 213 30 255 77 55 0 0 111 0 51 232 0 0 255
    78 50 255 239 176 0 211 0 0 0 255 21 82 255 0 240 22 255 32 38 255
    206 255 157 137 170 0 91 255 53 196 0 171 235 169 208 156 52 125 0
    173 144 0 0 248 23 0 0 57 51 225 255 137 232 0 0 0 0 74 0 15 0 0 255
    255 255 25 0 255 67 235 0 3 180 255 117 152 161 31 60 255 27 162 255
    74 64 50 255 12 255 0 157 233 0 150 95 255 50 50 85 255 69 100 255
    176 158 0 255 0 0 172 64 102 47 227 0 255 114 13 219 252 58 0 120
    146 39 41 190 0 103 178 0 255 0 255 101 136 216 223 237 255 228 75
    154 66 0 255 7 28 0 217 187 115 255 8 75 139 194 93 224 255 40 255
    255 51 21 79 221 169 155 140 171 234 0 175 125 206 248 73 179 255
    199 0 219 70 255 255 81 73 255 255 255 74 255 255 83 0 50 85 142 125
    113 5 255 204 12 255 0 255 2 255 70 255 69 90 37 211 0 255 225 11
    156 156 186 243 186 74 135 71 71 101 0 0 7 193 0 0 1 123 78 255 91 0
    0 144 41 18 67 41 255 145 0 57 171 45 226 0 105 103 255 85 217 168 0
    59 120 153 0 0 0 76 255 255 255 0 151 4 255 255 208 19 212 255 68 3
    0 255 203 255 0 0 255 126 191 91 255 255 255 128 53 245 216 64 255
    146 182 0 199 225 174 151 89 135 0 255 0 0 0 0 35 62 0 223 0 122 118
    255 255 170 242 0 255 8 167 239 128 0 0 0 19 229 0 255 204 0 221 29
    45 255 255 255 235 0 255 114 25 252 148 0 0 0 0 107 255 142 99 249
    186 255 183 14 216 255 255 255 90 0 255 65 203 130 177 133 141 106
    113 0 255 114 200 220 89 255 66 171 169 0 208 0 248 255 73 176 255
    255 255 57 89 89 52 223 65 0 35 255 34 255 9 147 151 59 14 76 69 0
    62 93 0 255 128 0 208 0 206 151 85 150 76 255 0 13 43 36 148 138 251
    0 184 20 155 156 131 91 115 33 127 50 255 0 12 255 12 255 230 32 170
    0 255 0 255 219 255 0 141 47 236 0 160 3 166 194 157 0 124 210 0 0
    21 236 243 175 88 0 159 106 0 70 122 35 241 255 255 96 233 249 154
    255 1 0 194 197 0 208 65 203 242 183 30 50 18 0 255 150 255 76 242
    170 131 251 119 224 10 0 0 0 231 121 14 133 45 132 123 82 108 0 255
    10 255 79 7 0 0 113 255 13 0 149 58 73 11 49 255 0 54 251 239 204
    116 255 66 0 255 93 143 226 228 0 62 87 100 98 255 60 188 113 174
    192 0 85 192 97 0 76 70 41 149 0 0 109 0 187 0 35 94 70 255 255 20
    116 224 48 188 209 228 125 255 255 246 151 107 112 203 255 135 0 255
    255 0 77 117 255 255 2 186 255 78 247 0 103 110 255 0 0 238 242 255
    233 199 222 255 153 208 114 245 99 255 0 0 198 0 128 0 159 0 177 0
    207 255 0 150 153 131 61 0 226 255 208 41 128 126 100 82 122 255 243
    255 255 86 255 49 245 249 0 0 0 112 2 255 0 53 2 200 30 189 169 255
    214 173 183 255 0 9 255 255 38 28 255 80 125 255 0 169 219 255 255 0
    0 254 255 130 111 95 81 67 96 198 105 0 0 83 0 200 11 32 245 0 29
    255 151 255 0 2 5 129 109 153 161 253 255 163 0 255 255 160 255 255
    98 91 17 53 255 0 129 151 1 43 52 12 36 32 69 32 20 57 255 225 124 0
    151 0 87 63 8 208 175 0 47 73 255 205 0 48 81 95 87 0 84 0 255 29
    255 255 0 255 160 0 255 0 169 255 166 113 126 226 255 0 55 255 104
    255 4 203 255 239 253 18 232 127 0 0 11 243 187 20 255 78 234 255
    114 212 165 175 191 244 7 1 1 255 0 72 255 0 74 96 140 250 242 255
    19 0 150 0 0 115 0 120 0 233 126 12 193 255 100 83 46 104 18 116 0
    162 50 34 87 25 45 255 172 44 255 0 194 125 124 236 29 55 0 153 255
    255 231 153 253 194 0 0 0 0 18 255 115 255 251 40 206 241 93 193 255
    41 0 255 0 0 255 255 214 73 255 255 240 214 152 208 255 255 249 0
    255 0 0 255 173 95 65 136 143 188 53 86 0 255 0 60 25 160 62 72 200
    245 10 27 177 255 241 255 179 153 0 0 223 0 254 0 255 255 0 162 255
    255 228 216 0 135 255 0 158 0 70 0 82 254 104 0 229 175 119 128 255
    173 63 0 66 255 0 161 255 225 255 255 0 0 255 255 255 15 0 121 86 93
    3 255 225 193 76 100 180 15 0 166 0 0 6 89 0 255 94 37 255 116 4 152
    0 0 0 91 0 67 32 43 255 143 225 255 0 55 143 102 176 229 255 114 63
    70 82 65 0 159 201 255 90 155 62 255 169 74 207 0 27 0 75 0 255 172
    68 17 255 0 227 255 176 0 0 0 76 154 174 246 0 0 141 109 0 252 114
    81 255 0 255 46 255 253 0 12 52 141 168 152 78 0 0 0 41 144 14 79
    246 0 72 77 147 171 15 131 0 214 126 168 0 255 144 38 4 255 184 255
    0 255 255 154 234 20 127 0 0 0 0 0 75 166 255 255 46 23 255 177 210
    0 255 105 99 0 255 184 43 255 0 85 177 255 170 255 255 0 255 55 255
    228 43 255 154 255 255 255 255 243 182 169 255 255 227 254 118 250
    141 112 255 21 41 189 0 37 32 45 245 0 249 146 80 97 47 3 225 72 188
    0 162 255 255 1 46 9 250 230 255 255 175 0 139 255 239 0 141 0 18 0
    0 88 33 26 135 4 255 143 133 227 255 49 201 86 217 255 248 0 106 139
    8 196 0 157 57 0 180 209 255 0 192 243 103 0 0 224 134 0 193 36 0 0
    28 255 252 90 0 192 20 0 194 17 2 54 175 145 239 205 255 255 164 255
    255 255 255 255 97 255 121 20 128 0 55 181 150 0 107 234 153 0 219 0
    32 204 0 52 2 81 0 255 113 194 43 0 185 4 255 0 0 26 0 82 0 187 203
    255 15 178 240 30 16 4 223 255 15 0 0 255 249 33 201 162 0 144 255
    124 171 100 0 237 255 24 99 0 93 115 0 255 42 0 123 51 1 167 109 14
    19 251 0 46 128 43 210 21 0 255 0 231 255 164 11 0 0 255 131 169 41
    179 255 0 69 209 184 166 255 255 255 144 255 55 255 255 72 240 11
    255 183 178 183 0 80 161 166 145 255 85 255 255 255 0 255 218 86 245
    199 26 0 0 178 117 42 178 9 255 29 255 0 0 18 12 255 73 58 0 5 0 0 0
    30 135 8 255 148 62 5 0 63 12 215 149 219 51 255 255 3 255 100 0 0 0
    255 255 255 255 156 0 255 137 198 168 121 199 3 0 73 5 255 0 182 146
    0 66 255 0 255 220 255 255 255 5 184 43 0 131 125 74 134 68 18 255
    210 114 255 88 244 255 192 32 53 74 15 72 58 183 212 43 255 142 255
    0 0 0 0 136 255 201 130 186 213 196 221 163 198 255 138 90 176 255
    96 130 216 177 233 255 179 175 144 99 134 213 0 0 238 251 148 255
    110 255 119 68 110 144 34 68 48 255 94 255 117 84 100 255 169 230
    160 0 68 251 0 37 0 142 255 232 194 0 83 200 134 186 0 198 102 255
    184 219 16 78 63 210 164 180 186 27 74 138 151 46 121 213 131 0 40
    255 128 53 238 123 255 198 90 255 138 183 255 0 255 140 0 0 126 0 88
    126 11 0 0 83 58 255 143 255 255 225 255 167 190 199 84 117 0 21 215
    212 228 0 0 211 71 158 255 123 255 255 255 77 116 168 78 118 255 0
    100 148 162 253 164 255 27 104 255 244 93 0 0 0 232 107 255 0 255
    255 235 255 0 0 0 0 0 169 53 90 0 0 255 55 255 143 203 136 2 199 253
    141 0 255 198 0 92 25 11 160 159 191 255 0 210 0 255 112 255 119 226
    29 0 255 255 0 34 190 252 0 255 0 95 201 255 252 76 255 0 0 0 255
    238 56 255 15 7 243 20 90 41 155 132 229 104 169 155 255 255 0 19 0
    0 128 0 154 2 215 82 0 172 0 0 249 0 0 99 0 156 255 60 247 0 40 151
    84 255 255 54 109 145 67 0 114 255 114 181 234 160 190 255 190 108 0
    12 5 97 0 255 130 255 255 218 255 105 155 43 99 111 250 5 0 59 236
    255 255 0 30 255 0 255 0 150 54 105 255 0 0 255 0 121 187 255 134
    206 140 182 0 40 255 208 248 0 0 100 255 164 0 238 254 104 196 0 76
    255 0 0 209 0 117 255 0 90 0 192 0 224 255 0 0 66 23 101 255 0 0 17
    255 183 139 85 0 255 31 80 46 79 0 170 215 18 0 106 215 14 231 56
    255 0 0 195 255 195 134 87 124 125 120 255 81 0 255 114 203 255 193
    255 212 96 210 177 240 207 21 236 172 237 0 0 255 149 22 35 0 204
    118 218 255 106 255 255 110 255 96 255 255 81 117 83 28 0 51 0 0 135
    86 83 255 0 0 18 0 36 159 255 117 165 0 235 155 114 179 183 255 165
    165 255 254 127 10 252 0 0 74 205 4 0 208 211 27 255 255 255 204 188
    255 68 0 177 255 118 194 255 224 0 17 255 89 255 228 255 52 94 222
    158 47 235 35 48 0 27 0 3 255 0 149 255 80 0 226 159 233 80 122 255
    249 0 14 0 105 0 244 146 248 255 19 191 216 0 75 177 86 160 108 234
    156 121 0 255 88 240 255 255 247 63 220 128 0 141 255 26 0 0 0 255
    87 124 255 123 255 239 46 23 160 150 255 111 255 0 0 107 166 0 255
    25 184 125 0 60 0 255 246 138 232 91 255 207 229 117 3 174 129 255
    255 121 22 255 255 0 255 0 255 0 115 255 98 255 0 200 30 255 0 255
    255 255 168 135 244 173 140 235 199 20 0 118 0 163 27 85 121 157 153
    165 255 41 255 255 127 110 134 187 102 206 188 0 53 0 111 0 19 222
    86 0 255 65 109 47 196 234 177 255 71 255 113 159 255 255 120 6 38
    49 117 225 0 146 146 255 226 235 255 212 234 105 135 0 229 198 62
    255 199 184 0 61 93 162 180 116 221 52 81 81 100 54 0 26 190 0 255 5
    70 76 0 132 255 255 221 220 132 142 21 0 0 43 172 190 48 60 100 255
    65 0 35 0 114 255 0 223 92 0 255 40 152 231 6 184 155 203 134 246
    255 238 255 94 0 255 175 255 255 94 28 221 253 26 233 48 137 108 10
    230 255 0 0 113 0 0 128 60 0 125 177 144 48 205 34 255 115 37 220
    132 18 27 255 132 164 43 161 44 128 255 117 16 42 255 232 205 182
    151 0 9 255 33 191 181 255 139 0 17 30 0 252 251 0 4 61 207 200 234
    241 236 0 75 121 176 0 0 223 204 255 145 255 161 194 255 255 0 255
    27 0 180 227 91 242 255 0 0 194 0 0 255 23 158 40 213 122 248 180
    255 38 31 202 141 0 237 0 255 255 0 255 47 19 211 0 30 37 23 255 115
    0 135 224 0 0 0 180 255 0 0 154 160 0 252 0 13 110 0 0 186 255 121
    70 79 87 107 55 0 0 255 1 255 0 213 151 7 87 99 0 255 212 178 117
    179 78 255 30 246 31 134 160 0 0 34 0 255 0 175 12 0 150 178 0 62
    156 37 35 176 45 172 0 77 36 145 230 255 66 255 84 65 165 0 102 44
    166 158 255 255 255 83 127 255 126 255 94 193 102 220 0 255 71 74 0
    0 2 199 203 255 67 201 146 163 139 0 126 111 201 192 210 255 33 39
    67 255 255 0 134 35 255 83 255 6 255 104 128 218 110 255 166 156 251
    94 152 184 51 53 25 255 165 255 197 255 202 159 131 255 0 203 155
    255 255 212 94 0 210 123 0 199 0 241 164 255 255 39 0 255 0 255 255
    127 165 235 38 0 255 38 167 45 255 102 74 151 216 255 0 153 255 114
    183 124 173 214 253 9 255 255 69 137 255 0 0 212 217 109 108 9 255
    145 255 215 0 179 255 0 0 0 234 255 255 1 82 182 119 163 24 0 236 30
    162 58 6 57 0 223 255 184 109 43 229 137 244 255 209 255 255 165 0
    57 2 51 194 130 255 156 178 100 244 255 10 169 23 0 178 39 170 170
    31 154 122 255 0 255 255 87 95 126 255 0 0 174 185 172 214 189 36 98
    6 75 157 0 27 8 244 91 255 255 255 129 241 223 255 129 255 9 127 255
    27 21 93 231 0 180 255 52 0 4 198 118 0 255 0 202 0 52 0 54 128 255
    0 185 127 203 218 234 157 255 0 220 252 91 151 0 0 0 1 255 255 0 255
    0 0 0 94 47 0 255 255 0 238 153 225 13 255 255 216 21 0 0 0 75 237
    227 0 255 0 88 93 255 23 64 28 175 195 100 246 40 255 139 116 0 223
    14 219 33 182 27 167 255 255 84 0 255 255 134 211 157 0 0 176 125 78
    81 54 119 203 4 252 228 255 192 151 255 74 255 0 0 215 1 98 0 45 244
    104 255 255 123 186 0 77 152 169 52 0 246 101 72 52 255 153 133 47
    170 152 255 255 207 0 28 14 54 160 0 0 53 136 80 6 16 0 255 255 197
    33 225 28 0 153 0 255 98 255 0 8 37 255 139 0 234 0 210 0 0 255 143
    255 255 179 0 245 35 149 60 39 255 0 65 0 208 8 69 179 218 87 225
    255 2 22 39 16 48 23 92 255 130 255 163 255 236 29 236 255 223 106
    255 73 54 0 105 255 34 50 0 179 0 0 20 12 103 255 199 255 255 204
    170 167 43 0 109 31 67 132 255 137 232 211 132 165 86 255 75 127 154
    243 199 255 47 0 0 239 216 234 158 255 255 0 255 8 0 173 255 255 255
    40 0 190 198 108 0 154 68 0 0 153 208 133 0 238 225 255 2 115 15 114
    94 0 255 211 143 123 97 0 154 25 147 151 93 115 255 226 255 200 7 0
    52 124 39 0 95 231 203 3 133 221 184 0 246 85 140 97 26 225 255 0
    255 0 40 232 29 0 208 255 33 0 0 30 255 232 149 0 41 255 84 195 188
    87 229 0 255 206 0 137 255 0 75 3 0 0 61 30 19 141 0 247 255 0 162 0
    0 160 0 0 234 127 0 198 123 34 0 198 188 91 255 255 104 137 57 255
    197 25 0 255 0 255 114 232 104 228 200 255 228 140 112 0 104 228 255
    53 0 60 0 0 148 0 202 41 192 70 233 255 255 0 161 100 0 50 255 0 252
    110 0 189 42 27 255 46 147 94 248 152 31 255 26 222 96 40 30 3 0 178
    23 159 33 104 183 0 209 169 191 255 204 0 16 44 53 255 255 54 178
    255 151 0 24 30 255 0 148 152 148 243 255 231 255 251 217 255 4 0
    142 240 55 220 226 255 255 103 255 61 52 78 67 121 198 47 0 192 255
    0 0 44 0 255 2 255 255 96 97 255 22 44 165 255 255 93 132 255 30 255
    255 255 79 193 255 247 255 243 210 43 255 213 116 101 255 108 129
    186 156 255 255 220 0 0 205 90 167 255 103 255 189 123 148 52 255
    255 69 255 255 0 225 255 84 181 208 255 0 0 56 90 224 13 18 255 237
    234 0 44 0 0 185 80 235 139 189 255 255 29 226 160 0 0 84 255 255
    162 30 255 0 0 54 255 152 0 140 192 255 0 54 237 179 185 93 249 255
    148 130 179 255 255 239 238 218 187 0 0 41 20 59 128 200 62 148 5
    119 234 64 255 255 159 1 160 135 221 67 196 80 144 255 199 0 0 35 47
    126 0 0 76 255 249 91 152 189 255 0 25 255 251 0 59 0 0 106 255 232
    160 128 89 137 23 30 0 213 255 0 0 55 255 68 0 153 0 148 231 236 212
    255 35 82 114 0 35 65 255 78 0 6 0 0 12 99 255 60 68 79 137 255 255
    255 0 0 125 0 18 182 52 255 0 0 21 0 255 211 79 0 167 28 0 0 36 255
    0 177 217 255 126 0 130 255 71 107 0 175 0 0 223 232 0 0 145 255 255
    255 225 108 130 55 95 0 126 255 59 58 14 3 52 255 236 2 181 240 195
    252 4 232 155 156 226 161 73 0 255 108 78 0 12 39 0 0 96 255 12 156
    255 7 0 193 255 99 112 255 101 114 0 196 241 0 156 255 224 80 0 70 0
    255 24 225 255 248 0 93 0 0 192 225 173 255 0 189 224 255 0 206 13 0
    241 19 50 36 235 255 91 0 0 150 255 0 51 163 184 0 255 242 255 244 0
    17 255 134 101 0 255 85 23 67 255 255 216 209 3 0 255 255 255 0 182
    87 63 235 245 149 2 94 55 181 0 124 52 170 0 170 255 187 12 0 254 0
    25 209 255 255 0 255 52 123 255 228 32 255 0 0 255 0 27 204 255 242
    255 252 180 255 130 207 176 255 0 120 0 19 255 98 255 6 88 255 217 0
    141 62 0 0 16 228 255 0 244 0 255 3 240 13 0 190 240 99 226 3 255
    104 117 166 14 0 181 255 231 231 79 186 255 143 1 237 66 251 20 0
    255 255 67 255 90 216 136 0 242 164 255 251 255 0 126 255 48 255 194
    24 0 0 215 0 0 42 100 255 113 0 180 160 80 247 255 74 56 211 255 255
    255 212 222 0 199 255 69 96 255 98 70 169 10 56 0 227 129 163 96 0 0
    86 0 142 74 73 0 144 72 0 255 91 255 0 243 252 68 255 0 52 255 198
    36 49 46 255 86 71 0 250 56 13 47 216 6 78 255 0 255 255 36 222 0 78
    255 153 74 80 185 88 55 4 25 25 146 0 0 255 0 116 255 0 171 234 0 75
    255 127 51 27 61 237 255 63 255 106 124 226 152 219 255 18 29 83 112
    117 255 34 32 116 241 255 211 108 12 132 255 226 133 115 163 132 218
    164 0 255 0 197 255 255 194 18 233 49 0 255 16 0 249 187 101 0 207
    187 0 35 88 0 23 94 148 0 0 187 255 0 39 0 0 229 107 144 218 167 190
    151 255 139 255 255 255 198 241 43 124 255 194 117 241 101 74 0 254
    40 243 0 255 255 255 255 47 157 197 225 26 0 32 71 147 255 255 255 0
    255 0 129 0 255 255 183 255 255 255 227 255 255 0 255 0 193 0 153 37
    0 255 30 255 253 196 178 45 0 0 168 118 118 208 255 0 239 158 0 6
    249 114 3 154 185 236 68 120 0 61 123 0 82 227 31 167 53 0 241 255
    255 255 146 0 255 167 148 231 0 59 246 112 255 159 135 255 69 109
    255 253 189 0 199 33 198 234 0 207 125 0 0 0 255 212 220 210 25 211
    0 255 9 83 0 0 139 0 24 237 143 119 187 83 97 0 239 110 0 37 0 201
    255 255 36 255 229 27 46 209 0 251 139 255 152 170 255 255 0 137 105
    91 255 255 20 255 255 0 0 94 255 129 0 241 255 0 168 0 0 79 136 0
    255 251 255 255 250 171 255 255 240 0 164 141 255 12 5 0 207 71 216
    71 86 0 255 240 255 13 255 59 255 22 87 255 164 0 255 0 217 202 24
    198 173 116 68 111 44 0 255 0 18 0 110 255 161 203 186 199 223 255
    114 199 255 115 18 47 250 255 177 0 23 0 102 0 239 240 116 240 80
    192 0 124 5 255 239 0 84 92 32 255 0 157 3 0 0 0 160 114 249 143 0 0
    169 114 169 0 0 120 110 255 0 65 115 0 255 244 255 143 53 210 248 93
    126 13 255 177 165 183 155 253 255 0 0 61 196 255 182 231 255 128 25
    158 122 0 0 199 255 97 211 0 113 132 198 38 0 255 0 13 155 255 117
    50 0 255 255 132 121 164 225 10 30 255 0 96 12 73 35 0 0 255 31 0
    138 255 255 0 255 38 0 0 140 162 240 86 143 0 103 0 0 196 37 255 173
    32 213 0 26 3 97 255 209 209 75 41 255 0 127 13 255 215 255 255 19
    115 255 242 0 159 0 189 144 146 255 86 156 0 39 159 2 0 255 25 58 35
    109 215 255 13 5 74 255 138 124 65 66 0 255 255 84 65 213 111 3 84
    255 255 0 255 19 145 13 58 72 161 0 16 31 49 220 0 0 255 255 9 255
    193 0 58 255 2 172 196 181 17 255 224 0 255 89 161 117 255 32 138 0
    0 25 176 79 255 255 0 212 83 64 114 54 248 0 112 127 72 74 0 255 181
    60 155 111 105 220 0 195 255 181 0 55 247 118 194 0 92 140 0 113 0
    75 109 77 154 0 15 69 255 238 0 0 214 36 238 221 245 131 0 13 0 227
    0 220 255 248 53 59 0 100 91 0 158 135 167 141 14 134 0 194 79 222
    255 0 255 255 41 254 42 219 136 0 158 174 219 113 53 100 135 199 53
    255 255 255 63 191 116 92 0 182 187 124 0 52 63 52 222 255 152 0 0
    55 194 135 102 166 255 241 156 255 78 0 166 43 56 30 255 135 143 29
    255 0 0 255 34 49 0 255 222 0 97 255 255 0 241 73 0 255 0 0 217 0 78
    239 0 255 32 25 172 83 0 78 25 7 10 0 0 59 51 53 0 28 255 255 254
    102 221 9 244 36 185 255 255 94 83 255 50 153 0 163 255 148 32 223 0
    0 255 236 182 254 222 160 255 255 25 45 255 0 0 79 102 0 255 255 39
    78 0 255 255 34 51 113 255 255 59 227 255 0 0 206 145 81 127 202 255
    0 168 181 105 255 0 39 255 118 255 27 39 255 255 255 0 255 215 243 0
    0 105 255 255 164 255 107 232 150 161 46 201 126 34 0 255 255 0 68
    255 214 0 255 189 0 195 255 255 210 219 78 255 158 0 201 223 93 89 0
    0 255 0 0 130 139 238 98 230 18 99 0 14 239 255 0 0 255 255 164 151
    197 255 255 125 24 208 255 79 184 93 254 191 187 3 0 0 87 169 255 0
    172 255 242 255 99 162 112 255 255 204 38 0 28 255 29 194 228 193 0
    65 36 255 72 242 229 0 54 255 131 149 189 0 248 57 144 0 0 216 0 18
    9 51 255 231 0 173 255 222 255 255 0 0 172 255 222 177 212 164 221
    163 210 72 0 8 235 42 172 133 0 41 79 89 49 255 167 119 255 104 204
    167 209 250 21 166 228 121 244 40 248 0 130 138 241 160 255 15 0 44
    0 29 75 24 41 140 153 247 0 0 23 0 110 37 8 85 255 255 239 230 117 4
    99 0 42 115 255 233 255 154 255 58 98 92 255 0 146 29 13 0 127 0 255
    50 202 242 255 6 9 0 0 255 255 43 243 210 255 183 255 0 0 139 255 0
    155 255 0 70 131 23 242 51 14 255 155 0 246 97 255 0 0 64 0 0 0 0 39
    179 11 255 0 152 178 86 0 255 255 255 255 255 255 179 161 255 85 255
    0 21 74 0 0 185 0 0 251 216 243 0 218 255 23 114 255 192 0 15 95 242
    181 255 0 172 138 206 227 32 105 255 61 255 0 208 21 0 110 6 220 163
    217 72 17 40 13 0 161 58 0 255 129 31 0 0 61 0 63 190 147 0 195 195
    35 1 54 67 182 217 175 231 177 0 234 18 228 255 255 50 255 0 249 35
    237 131 0 167 0 148 86 255 255 125 195 255 127 246 0 73 151 11 143 0
    242 255 31 142 24 0 0 0 255 255 79 255 255 112 188 10 207 166 0 173
    36 212 235 22 73 0 50 106 73 0 255 14 214 195 247 7 211 112 106 97
    255 255 0 53 54 82 106 0 255 0 33 255 0 19 65 196 248 201 226 62 81
    161 6 255 133 0 255 27 31 95 0 255 0 89 43 218 35 255 153 104 255
    255 178 255 88 255 0 186 255 0 4 62 180 0 72 27 133 214 102 7 23 0
    204 231 121 0 255 108 86 252 34 255 126 255 21 241 75 12 253 222 221
    255 244 59 223 16 255 214 0 88 36 70 0 84 244 234 124 74 255 154 158
    255 144 205 255 255 159 184 215 201 49 0 0 112 191 255 255 0 3 159
    255 169 105 0 255 110 13 0 0 198 175 210 41 118 0 255 111 0 63 255 0
    255 230 164 33 188 26 255 39 0 255 73 0 212 224 145 255 147 213 0
    255 238 255 187 93 220 255 255 0 211 0 45 112 0 54 0 147 26 60 13 17
    64 31 240 0 112 255 62 32 126 211 226 235 255 0 0 0 90 22 0 122 0 0
    0 221 255 246 45 255 98 21 255 75 255 0 232 132 228 249 134 255 0
    255 0 211 85 33 5 255 255 255 0 30 18 255 29 96 40 110 38 242 0 0 23
    0 105 109 77 13 0 0 0 50 255 255 57 208 112 0 0 0 140 0 210 194 0 77
    236 107 61 255 255 172 204 197 51 75 30 79 0 255 136 255 255 255 255
    2 255 17 218 190 141 255 0 9 255 0 105 255 3 134 195 134 255 190 211
    240 0 255 255 168 255 25 255 44 0 141 7 244 0 163 0 46 97 255 206
    255 0 255 9 131 59 255 222 241 165 253 19 51 0 93 255 84 31 0 121 0
    255 87 232 73 255 245 138 0 157 250 211 255 168 79 191 198 0 255 36
    255 0 0 255 120 255 140 255 20 138 132 135 56 24 0 99 255 0 235 50
    172 237 255 41 136 0 255 179 14 28 40 151 0 255 7 71 0 67 8 255 122
    255 255 0 0 132 255 1 0 135 206 247 255 79 255 235 173 118 180 255
    21 178 168 18 203 81 192 204 9 199 56 0 0 0 255 0 16 0 26 61 162 184
    216 253 0 134 100 23 0 0 35 0 11 0 39 111 37 96 88 255 0 51 163 242
    0 0 235 1 246 255 236 135 0 2 7 0 170 44 0 84 47 0 255 46 138 255 97
    131 25 16 181 220 255 255 17 126 24 0 255 0 255 84 117 13 103 117
    255 39 154 1 255 23 0 141 255 21 47 4 0 0 153 0 140 0 255 10 0 195
    184 0 255 255 4 18 255 255 14 87 255 255 134 0 190 82 0 149 0 0 151
    181 99 0 255 159 141 92 255 255 75 255 49 0 49 149 0 90 107 123 23
    58 0 63 166 0 217 4 0 250 175 56 243 135 71 208 181 122 16 72 0 118
    174 70 0 220 184 192 0 89 0 0 119 34 51 84 215 255 0 54 255 138 254
    0 224 221 255 123 22 134 184 0 198 233 238 255 77 167 0 214 4 0 115
    78 0 67 231 123 121 255 128 255 41 82 141 62 255 183 84 54 155 103
    219 199 22 220 108 13 0 255 182 0 61 50 255 219 78 59 255 0 0 104 0
    0 52 255 4 155 128 0 118 0 42 255 83 138 238 113 83 255 157 255 0
    255 182 58 79 0 152 233 229 26 217 255 1 255 7 133 196 21 228 255 40
    143 199 138 144 124 109 255 79 0 42 236 0 118 30 237 203 0 194 11 56
    70 255 109 255 80 106 197 26 0 0 4 255 174 57 0 206 255 70 0 255 5
    242 42 255 27 255 36 255 255 105 255 1 138 244 116 0 255 255 211 255
    0 252 0 152 5 197 146 251 52 2 255 79 0 192 44 199 94 237 19 0 215
    102 249 92 46 0 255 158 115 64 22 255 0 105 230 188 27 0 255 124 5
    173 254 81 207 24 255 139 0 255 246 115 160 255 255 150 255 99 69
    112 222 0 0 123 255 0 203 0 86 104 43 146 0 0 214 255 0 255 213 118
    38 0 198 128 255 255 0 0 255 24 255 137 255 150 176 218 255 214 141
    39 243 0 190 220 255 255 248 0 1 25 255 97 18 255 119 128 171 255
    255 56 211 0 255 0 0 255 8 196 67 5 248 40 203 255 232 0 66 198 255
    255 255 0 43 246 132 0 181 108 224 217 151 0 84 191 170 238 66 74
    165 0 255 50 186 255 12 125 0 26 186 175 0 234 0 18 237 179 94 255
    69 165 255 147 227 32 236 25 198 151 15 0 124 14 64 255 0 68 56 22 0
    70 164 0 49 166 66 205 8 2 196 39 64 227 0 68 50 194 205 0 107 229
    137 0 255 75 142 215 185 255 90 11 0 255 239 72 255 255 249 0 130 90
    69 255 143 211 247 83 218 216 255 0 0 22 28 0 0 0 123 137 255 230
    255 42 210 0 0 0 20 234 0 255 252 113 0 137 117 158 204 255 0 18 255
    86 10 244 185 0 31 225 0 255 5 221 99 151 0 0 196 43 34 209 157 223
    215 37 165 116 46 4 255 116 0 231 0 41 255 0 37 140 164 48 7 241 0 0
    141 0 224 47 37 16 0 37 255 94 92 255 0 0 126 2 200 181 30 38 0 62
    37 248 53 111 255 22 255 70 0 214 0 0 0 0 0 26 255 130 132 240 255
    206 22 255 255 0 183 255 178 245 0 0 157 236 255 255 108 155 0 255
    152 33 0 88 86 129 255 246 255 6 79 73 255 205 255 203 246 245 32 28
    183 192 0 159 255 218 104 255 131 82 170 0 0 255 0 255 255 235 150
    105 255 255 255 232 22 153 255 0 0 118 255 138 0 248 26 255 15 230 0
    53 208 80 74 255 11 0 103 0 0 255 0 89 153 148 254 201 255 219 255
    77 1 255 0 255 255 158 60 149 16 117 255 255 0 192 51 131 255 210 0
    255 0 5 255 124 93 0 25 255 157 255 191 195 109 152 146 193 0 124
    255 0 36 255 0 70 79 244 107 255 181 97 57 97 209 53 130 140 156 220
    255 0 236 154 159 255 0 255 252 0 1 59 24 240 116 225 0 255 255 233
    252 198 0 255 128 0 126 255 59 248 182 218 249 0 220 213 28 227 144
    39 36 252 251 35 144 60 255 28 97 82 198 255 196 114 255 217 255 146
    177 53 102 0 0 170 195 0 111 137 68 0 184 213 0 188 106 186 71 47 88
    43 125 104 110 168 64 0 0 78 0 149 22 134 255 229 255 96 111 0 192
    19 15 131 36 148 255 255 255 45 255 132 128 255 99 255 73 77 0 160
    148 88 209 191 177 255 74 169 5 251 221 126 90 0 0 30 131 200 208
    252 182 254 15 255 57 126 255 52 255 14 255 49 255 160 255 255 113
    210 221 249 154 0 174 17 0 97 0 158 118 58 240 0 139 103 255 67 0 66
    97 84 255 228 217 0 9 232 252 175 187 206 0 0 63 2 0 255 0 255 101
    107 0 60 255 99 206 255 0 244 188 4 232 124 255 255 0 53 129 187 0 0
    53 151 113 62 90 200 34 87 64 226 255 255 189 239 219 1 255 160 55
    92 162 0 48 244 162 41 71 142 6 255 26 121 222 6 87 255 87 243 80
    157 138 0 233 121 255 255 0 255 158 246 115 86 255 214 0 83 255 41
    51 102 46 255 255 80 255 82 202 43 22 173 102 52 26 138 0 255 0 255
    255 19 0 255 183 225 255 122 255 84 73 255 152 0 0 0 141 99 0 255 71
    119 47 218 231 147 102 255 52 255 239 255 0 211 5 0 0 213 183 255 0
    0 0 173 195 255 13 255 193 118 255 255 54 0 22 63 85 0 43 0 0 20 213
    10 0 212 42 255 207 118 31 0 222 255 14 0 136 0 0 255 244 255 147
    195 255 69 19 255 2 71 50 255 0 8 28 155 255 67 221 0 227 0 0 194 57
    255 145 167 255 255 0 113 57 0 253 255 0 20 0 0 255 255 182 165 44
    32 153 0 255 92 255 0 0 11 53 255 255 80 0 133 255 121 255 255 185
    255 0 0 4 0 48 0 255 86 0 255 101 138 0 114 113 11 160 21 243 142
    185 247 32 28 0 1 195 218 255 0 21 0 17 255 82 0 200 235 255 161 45
    255 25 0 255 255 94 0 34 149 92 194 0 168 236 0 0 188 255 0 255 98
    168 33 13 0 231 0 0 0 34 143 132 0 197 227 6 0 219 0 255 255 26 169
    255 146 255 255 82 192 47 255 160 235 8 251 189 255 236 62 0 141 255
    255 191 0 255 136 255 33 67 0 0 0 225 75 128 32 57 26 255 255 37 0
    255 74 255 255 39 255 181 228 56 255 255 167 182 60 169 26 0 0 83
    165 0 214 255 240 233 58 25 201 134 89 0 11 117 125 0 255 247 47 119
    41 138 122 36 255 73 203 251 150 118 0 238 21 255 156 15 195 0 203 0
    255 102 54 23 59 178 148 247 255 0 255 193 255 205 77 107 0 187 52
    187 73 177 56 0 0 27 73 88 0 100 86 25 136 82 255 255 0 18 101 80
    255 119 161 15 255 193 5 178 255 255 216 133 84 0 255 110 48 43 0
    255 233 233 0 109 253 247 123 0 182 28 0 194 253 34 231 28 0 97 250
    255 39 0 0 255 0 250 75 129 255 0 241 0 8 0 219 214 255 255 6 229
    251 72 216 246 255 6 124 1 219 177 187 219 0 231 0 194 0 6 170 165
    34 0 12 149 0 0 167 161 255 0 143 136 79 105 90 93 79 78 0 255 238
    104 96 255 252 172 185 98 63 183 24 52 238 255 153 79 0 141 255 97
    88 21 3 35 84 187 92 182 0 8 0 130 44 193 77 174 75 255 93 244 210
    49 73 164 207 115 48 19 178 76 255 73 107 255 198 193 103 54 180 109
    255 65 4 29 0 192 13 59 255 0 255 0 243 225 38 171 0 210 249 112 0
    126 88 97 229 117 161 135 0 46 80 171 255 114 255 236 212 31 0 170
    255 76 218 255 34 79 195 146 0 71 255 255 0 174 0 255 103 0 253 0 47
    155 50 121 193 255 36 153 6 243 0 255 255 15 231 30 207 85 52 0 128
    162 30 229 94 153 48 171 255 50 0 16 238 255 255 42 237 162 0 208 35
    0 0 10 129 124 88 81 198 114 255 0 19 214 71 255 0 255 28 135 41 98
    0 124 255 0 0 86 70 0 124 0 0 90 136 255 117 255 255 255 140 199 0
    153 0 165 87 134 169 209 197 0 127 71 255 153 0 143 255 161 0 113
    199 0 67 241 40 0 69 0 142 0 121 0 203 0 144 236 0 0 0 149 134 255
    68 255 77 0 255 0 155 255 47 182 255 0 35 255 255 255 119 255 25 140
    0 28 255 196 85 161 241 255 103 57 77 255 198 255 233 117 185 9 255
    255 0 173 0 217 108 137 219 133 153 91 3 125 163 0 0 120 161 0 255
    227 70 255 237 255 0 157 183 0 255 247 49 82 234 57 255 53 34 255
    220 52 207 255 87 209 199 255 222 242 151 176 139 173 116 143 241
    255 176 51 0 13 155 255 4 255 224 255 77 3 0 51 250 112 170 12 255
    137 65 51 42 51 175 115 213 50 251 254 248 122 47 71 0 0 1 37 136 0
    98 255 112 0 255 0 148 155 255 0 215 255 219 24 255 116 29 0 50 239
    0 19 255 70 96 255 255 140 187 190 0 255 255 105 119 18 117 210 0
    137 255 0 84 2 88 202 0 160 34 77 26 144 86 60 235 72 0 0 117 85 0
    36 0 160 0 93 0 113 141 114 193 215 182 0 123 0 96 85 0 38 0 58 128
    69 0 226 252 250 242 235 255 174 19 163 71 0 61 244 120 138 29 0 224
    17 191 6 227 255 126 255 54 17 42 0 3 0 0 255 0 255 0 255 7 175 255
    0 67 255 0 134 4 215 254 103 0 6 0 25 3 124 0 255 196 0 0 180 12 255
    0 12 177 104 1 25 64 0 120 174 147 188 119 63 232 0 255 18 0 95 107
    0 255 0 255 255 0 25 10 0 60 212 58 7 61 0 36 21 57 166 180 160 81
    202 136 255 104 25 255 49 253 255 132 255 0 226 229 120 0 255 176
    231 250 255 115 255 255 0 190 200 53 0 91 0 237 78 208 144 134 83
    117 7 255 27 217 105 255 232 255 45 255 65 127 255 225 250 0 0 255 0
    198 24 255 122 194 34 40 133 32 255 228 106 255 66 209 255 193 42
    179 255 255 84 8 0 111 56 179 103 98 176 146 52 221 255 179 27 216
    148 114 174 0 255 8 126 142 126 240 0 115 255 255 255 255 115 189 0
    255 255 0 177 68 0 176 95 199 0 140 136 49 0 238 41 211 89 83 0 227
    52 255 255 17 0 148 0 3 0 147 203 0 77 66 255 0 34 122 191 0 88 100
    177 194 157 81 81 190 255 255 94 0 235 0 117 219 49 229 73 0 204 54
    0 0 166 198 0 51 0 143 0 146 0 0 0 72 255 255 255 86 255 177 0 229
    138 0 146 0 0 232 242 149 47 70 95 255 189 255 77 53 80 232 29 126
    155 255 185 255 255 255 243 255 248 75 200 17 208 199 127 36 196 61
    90 30 31 65 255 0 255 0 0 0 180 0 0 255 106 255 133 12 109 164 0 239
    83 243 95 192 112 247 83 255 28 254 217 127 127 214 255 0 0 0 27 255
    66 0 164 200 211 255 63 129 206 128 3 0 213 0 71 255 171 0 178 164
    35 255 41 83 255 60 199 255 255 212 255 203 115 255 38 0 0 84 118
    147 0 0 25 211 241 128 255 250 104 201 0 255 255 115 247 255 0 94 78
    255 96 0 0 17 106 87 7 247 156 0 0 141 12 129 255 0 69 243 197 194
    255 161 69 0 255 185 123 99 125 255 89 255 0 133 255 0 206 4 214 255
    0 255 255 250 169 184 140 2 66 225 4 0 255 173 0 56 26 164 93 37 124
    102 38 0 2 255 255 0 218 155 148 16 3 68 255 177 128 37 255 47 0 0
    53 228 231 61 255 255 255 247 226 125 255 0 22 179 75 90 67 0 122
    255 255 168 0 255 66 0 24 120 0 255 147 158 0 13 147 108 0 0 97 208
    62 0 26 218 255 0 0 255 243 6 0 0 0 0 0 57 0 255 0 231 109 7 219 60
    0 141 0 224 208 249 74 127 71 184 178 94 169 167 120 0 43 130 34 35
    86 109 250 19 37 0 255 182 123 0 255 33 255 255 189 106 255 0 100 0
    0 105 3 195 255 0 0 83 0 255 34 80 127 94 109 101 136 58 0 233 159
    54 246 116 164 73 0 2 191 158 171 255 255 255 16 0 14 56 0 67 255
    177 0 217 13 230 0 2 255 113 91 33 17 29 215 255 255 0 97 0 62 177
    255 12 255 95 0 255 36 157 255 0 14 255 120 0 34 133 248 181 119 76
    255 86 255 64 43 158 44 64 222 191 11 9 209 68 133 255 255 0 145 205
    154 255 43 10 175 101 34 156 32 24 174 5 8 88 232 243 0 103 255 154
    130 0 208 68 221 75 255 255 255 255 131 148 147 255 210 0 217 255
    216 211 0 69 0 35 0 200 50 64 255 255 48 0 99 255 28 255 255 129 17
    82 91 255 110 146 55 255 0 229 117 94 255 228 160 48 128 219 108 255
    248 27 0 226 210 0 195 43 166 18 255 0 185 57 74 255 63 0 0 0 255 0
    115 159 255 44 255 255 239 197 52 55 25 182 28 226 125 14 107 57 0
    221 58 74 126 255 255 255 255 203 38 37 115 88 78 110 0 0 0 151 74 4
    255 255 237 210 255 0 1 255 255 97 0 120 0 80 152 50 0 151 161 255
    255 37 119 227 15 0 0 0 255 181 72 97 162 156 232 167 229 129 0 0
    180 0 255 16 255 255 0 102 101 0 179 22 111 255 214 241 0 44 209 0
    255 148 0 59 60 53 33 115 0 226 35 206 60 0 255 255 255 215 255 15
    35 185 12 40 0 0 142 0 123 255 36 0 209 255 82 255 183 149 182 227
    112 155 0 59 129 255 165 30 72 250 255 255 179 215 255 13 221 220
    136 8 240 121 114 255 255 1 96 255 44 193 0 122 205 164 0 199 0 0
    255 74 0 133 255 255 255 255 65 0 77 129 250 22 0 255 9 0 212 0 186
    110 29 132 0 0 168 85 0 33 164 151 0 167 0 179 32 0 0 255 157 188
    173 50 202 58 0 0 118 196 156 0 255 58 6 103 255 206 73 0 255 119 51
    144 102 114 26 255 255 190 0 67 255 255 241 3 0 36 0 0 212 255 46 42
    120 114 128 193 5 0 185 203 0 164 79 30 200 150 0 0 55 255 0 0 255 2
    12 255 255 195 0 101 255 68 0 83 255 255 0 185 100 163 0 255 133 250
    112 0 157 180 255 83 212 0 255 255 208 64 255 255 1 22 255 68 0 228
    255 70 0 0 0 113 219 180 160 255 165 97 255 207 110 255 187 0 0 175
    183 70 224 13 255 80 48 169 162 106 255 255 142 32 251 217 0 76 0 98
    114 159 0 194 62 218 156 249 0 58 214 244 90 255 140 148 115 49 87
    210 220 196 0 0 121 255 0 83 0 62 255 0 205 99 253 203 67 66 170 155
    79 112 0 250 188 199 240 0 71 53 82 243 130 1 193 139 66 0 255 255
    217 102 220 255 135 141 6 247 220 201 26 197 255 255 140 237 225 69
    1 0 243 0 99 0 3 0 236 52 0 166 255 255 255 132 255 0 84 255 196 251
    167 12 255 255 255 0 255 49 255 44 0 131 232 113 50 255 143 255 151
    112 249 72 123 30 226 255 0 255 255 38 0 5 71 0 208 197 0 31 0 44 0
    255 255 23 234 87 201 96 150 184 98 15 0 0 255 61 255 0 152 151 101
    234 255 115 249 202 212 80 49 175 20 145 109 70 194 111 0 255 0 235
    104 0 58 171 53 8 255 0 149 0 0 255 173 33 255 63 201 120 0 197 239
    43 35 3 57 0 255 159 125 255 255 17 31 255 0 192 169 134 0 173 151
    217 82 0 0 0 212 139 112 133 136 255 255 61 213 213 210 255 255 64
    48 73 255 255 0 29 156 84 65 255 219 125 12 183 169 255 207 154 13 0
    41 0 0 91 40 37 255 255 0 0 106 198 0 98 107 255 255 0 222 212 255
    97 70 117 67 0 98 230 234 0 0 132 159 241 249 173 150 255 170 0 69
    252 0 118 51 255 158 148 255 12 194 103 255 142 0 255 0 163 150 255
    54 0 54 255 203 0 255 255 173 201 255 255 203 21 215 175 43 255 4 0
    0 114 251 125 151 131 177 30 89 7 74 0 209 153 224 255 255 255 255 0
    231 0 0 9 128 81 137 255 212 0 104 29 0 202 0 255 211 221 52 255 52
    219 189 102 63 0 175 255 0 0 153 212 10 255 107 255 114 226 19 201
    21 255 0 0 255 255 228 255 118 48 219 0 86 34 0 0 140 109 124 154 41
    31 223 65 119 255 95 132 67 118 123 218 164 92 140 0 0 255 227 0 0
    201 35 203 0 255 0 117 12 76 72 255 0 0 89 255 151 68 239 255 255
    109 212 255 86 162 167 5 0 185 255 214 85 112 143 151 141 71 106 255
    243 19 181 249 194 79 255 70 197 209 195 189 137 148 235 0 202 118
    89 248 104 0 66 255 130 6 255 255 255 0 233 29 137 0 0 96 223 23 255
    12 0 104 84 199 0 255 255 247 245 124 0 255 0 88 133 255 255 82 249
    76 60 111 234 176 3 183 201 174 255 69 126 189 0 255 249 11 30 224
    255 223 183 0 137 245 125 130 132 255 255 0 123 225 133 0 0 96 76
    127 73 57 85 255 222 212 0 85 217 226 100 0 255 0 200 34 0 25 255
    255 169 180 255 255 255 145 255 87 15 255 255 255 101 109 178 0 188
    68 9 255 148 206 201 255 206 123 218 37 243 252 25 148 69 66 113 194
    255 255 196 222 27 216 229 109 255 95 0 93 185 78 238 251 255 177 0
    74 227 0 45 46 255 0 0 136 53 132 255 10 211 213 255 32 228 7 214
    255 36 254 129 61 251 119 32 222 105 130 188 0 29 89 0 255 159 112
    200 12 158 255 64 255 0 0 237 17 225 54 255 225 255 255 161 42 255
    36 111 47 79 39 255 255 229 180 255 154 143 127 0 0 25 142 0 118 202
    0 160 255 255 18 68 255 0 0 48 255 255 121 120 0 0 0 121 0 72 60 255
    243 93 255 227 243 31 46 0 195 76 0 158 0 0 255 255 248 76 253 61
    255 160 113 60 0 54 0 255 170 237 116 64 219 187 231 134 0 10 82 255
    255 245 185 255 185 255 255 255 170 18 115 255 117 177 255 0 255 96
    255 123 245 0 171 28 227 118 53 56 255 255 205 227 255 159 118 95
    255 122 124 154 156 91 236 191 29 255 44 41 212 0 16 255 56 0 255 16
    0 249 140 23 133 126 177 5 0 93 98 132 173 231 118 0 198 255 0 193
    234 250 141 58 255 109 255 49 171 19 44 0 116 115 255 243 76 0 91 0
    18 193 0 171 200 6 250 255 0 217 0 255 0 40 255 0 45 0 249 43 61 97
    69 255 10 255 0 157 218 98 0 255 255 0 83 79 13 239 192 63 255 164 0
    255 130 255 254 72 0 4 255 37 221 0 125 255 180 103 0 84 138 79 108
    255 28 165 0 9 16 0 29 235 91 240 13 60 95 175 248 246 0 177 113 186
    174 76 255 180 0 63 0 170 0 240 253 0 255 0 0 0 90 215 227 147 234
    221 255 193 96 169 136 53 255 255 96 0 44 4 0 125 255 255 4 0 169
    255 173 255 211 255 217 255 117 119 112 0 0 0 255 233 0 0 255 0 181
    0 249 191 39 182 219 0 88 132 44 11 0 0 59 159 229 82 250 122 123 24
    0 255 133 0 0 240 255 233 255 177 37 12 206 6 108 155 255 87 255 255
    210 59 129 108 7 129 0 0 108 0 255 0 26 0 0 255 255 0 40 194 0 255
    209 255 0 170 13 61 154 255 255 0 211 66 185 255 165 255 196 0 255
    57 0 54 241 12 0 0 232 255 106 253 80 105 0 29 0 255 151 255 226 214
    0 209 184 69 152 127 188 255 85 12 76 106 212 0 103 154 1 255 255
    255 255 90 114 13 183 153 115 189 82 170 50 17 2 66 107 248 54 53 36
    197 132 255 255 36 195 221 0 0 248 255 0 175 142 63 58 54 159 255
    107 112 188 150 36 186 112 63 48 176 110 150 0 88 0 0 0 255 255 218
    243 123 0 70 255 90 132 111 118 0 36 255 22 219 63 153 101 35 131
    168 0 218 33 123 99 240 92 255 31 0 71 173 0 35 173 87 0 255 78 141
    0 119 255 246 255 0 252 27 191 59 255 0 0 0 129 90 3 255 113 76 0
    115 169 0 255 255 255 168 151 255 31 0 255 161 0 12 0 255 184 115 1
    88 255 255 97 114 183 0 131 85 141 5 183 0 255 2 19 255 198 255 255
    0 51 66 0 113 206 74 207 223 167 255 0 255 134 150 222 167 106 0 255
    50 0 180 164 253 89 221 72 22 189 249 149 255 124 151 255 149 159
    142 255 133 0 0 222 83 151 0 255 117 13 255 12 240 255 148 27 253 82
    118 153 59 124 255 15 0 255 224 255 255 102 48 241 185 255 140 251
    177 255 8 0 86 134 206 103 18 255 0 42 38 255 225 192 0 41 255 119
    61 0 252 7 0 0 22 146 31 255 170 255 15 53 0 0 0 0 255 227 14 255 0
    191 103 150 106 215 42 146 88 255 0 40 0 51 21 145 0 255 48 122 0
    179 46 255 253 0 0 211 0 0 0 255 3 0 38 255 101 254 4 40 198 0 181
    179 255 0 140 10 131 11 255 74 76 90 0 195 255 213 169 72 238 122
    255 150 154 245 43 255 0 0 0 81 0 60 0 242 255 172 0 255 235 111 98
    255 74 104 0 255 153 0 7 116 73 217 23 146 73 54 0 255 232 255 145
    28 143 142 255 119 0 223 179 0 183 123 255 64 0 255 198 255 255 107
    152 149 0 165 216 255 87 255 169 255 248 255 246 239 255 198 120 172
    0 255 24 255 0 188 42 202 149 14 255 49 118 82 99 239 175 75 202 255
    248 104 84 255 0 236 255 6 39 8 89 207 255 128 197 0 66 242 0 0 177
    55 89 0 239 105 246 0 98 39 0 242 236 43 102 34 43 139 95 0 0 255
    252 111 74 0 69 155 28 50 129 92 183 247 0 0 81 36 99 0 143 176 0
    255 0 0 186 93 0 132 0 92 0 255 0 60 111 86 160 0 109 254 0 0 113
    117 238 109 146 0 0 255 163 255 255 251 0 230 0 192 62 255 199 247
    255 226 3 126 45 83 230 255 235 22 89 0 186 199 0 255 114 95 255 255
    16 180 255 155 31 255 207 106 168 189 255 255 75 97 53 16 101 0 212
    46 92 0 255 7 19 121 128 0 243 158 102 255 132 0 255 200 31 0 208
    208 250 188 248 169 214 105 212 212 8 142 0 0 21 123 191 0 0 162 203
    228 143 255 12 248 0 35 223 4 255 29 90 255 0 139 154 10 2 0 255 72
    85 171 104 255 149 113 255 164 121 114 255 215 222 0 177 195 0 116 0
    240 0 255 0 61 83 134 250 102 0 121 238 0 45 0 78 255 0 224 0 201
    255 255 53 36 206 255 169 0 31 219 60 0 46 191 0 192 0 187 87 0 0
    255 255 131 136 135 233 61 170 0 205 106 156 154 88 0 220 0 188 0
    220 0 36 37 180 0 83 255 143 120 17 0 255 76 80 255 0 255 76 4 189
    228 0 218 255 255 247 0 12 151 141 0 154 220 255 141 221 237 255 199
    209 124 0 82 255 255 173 255 77 89 249 30 255 0 160 131 150 158 207
    22 47 255 129 219 84 34 255 63 120 218 161 83 92 129 0 15 90 114 8
    255 255 41 208 28 14 255 245 151 86 228 44 108 61 0 204 39 84 0 0
    255 0 60 69 0 102 132 187 189 19 0 255 118 180 222 195 36 255 90 21
    255 0 0 255 159 104 0 0 0 178 0 203 176 64 255 78 255 70 240 3 244
    96 164 195 223 4 93 43 208 78 242 229 220 32 199 0 230 0 121 0 72
    255 233 255 130 64 0 32 255 1 255 231 233 98 224 255 178 194 167 204
    69 0 46 0 30 0 255 71 0 0 253 11 0 27 13 255 65 139 78 0 55 123 171
    8 61 0 198 16 8 29 255 59 5 251 255 0 24 239 89 212 0 65 93 86 76
    255 0 255 133 255 0 255 255 172 0 137 74 246 126 25 29 205 220 233
    83 192 107 255 227 0 0 0 179 0 23 131 252 166 94 255 124 0 189 255
    231 0 13 255 0 148 0 72 133 143 48 158 0 217 0 0 255 0 255 85 255 0
    255 143 63 76 149 0 0 14 189 0 10 0 255 158 85 186 0 70 0 106 35 59
    0 47 187 246 220 255 255 0 80 111 0 84 103 248 240 145 202 153 50 62
    207 215 0 0 19 218 0 0 255 127 16 239 244 255 255 241 255 33 174 51
    101 169 0 255 194 186 150 130 30 255 102 211 177 56 0 0 11 206 165
    38 218 76 255 0 176 184 135 54 121 65 64 105 166 12 155 87 36 90 212
    247 242 118 6 98 125 130 214 104 161 97 255 100 0 0 0 230 0 255 101
    255 216 32 255 0 107 108 106 123 236 255 2 157 188 0 64 63 255 255
    216 38 202 138 0 255 187 159 255 243 255 0 253 255 93 39 0 0 226 113
    216 255 153 123 255 62 191 0 52 255 0 0 0 238 0 205 205 222 19 219 0
    154 160 176 147 140 131 10 33 0 151 41 39 255 16 249 0 0 255 137 37
    0 204 0 255 255 0 11 0 105 0 87 255 255 187 190 239 205 219 86 20
    159 0 177 0 0 20 116 30 17 239 159 244 79 123 188 0 243 52 97 247
    255 0 110 0 255 23 255 41 255 153 198 244 255 255 236 145 51 255 255
    208 81 255 27 63 151 249 232 179 92 255 255 0 196 37 208 84 0 136
    173 1 0 255 143 114 161 245 254 170 104 0 21 0 216 255 244 0 254 0
    104 65 0 177 0 251 152 0 72 255 237 123 163 18 255 0 120 23 0 126 0
    47 255 255 78 238 154 239 26 175 0 0 0 71 250 0 255 75 129 47 255
    223 172 24 116 16 205 250 79 49 70 255 253 141 255 1 197 227 196 212
    255 0 0 243 0 0 0 0 244 0 193 0 255 144 165 0 60 180 71 41 117 142
    151 23 0 161 220 6 110 190 151 13 0 254 0 255 255 255 145 0 255 145
    35 255 140 191 108 133 0 162 79 200 126 227 255 43 255 86 190 255
    212 249 254 136 34 227 255 200 0 235 255 25 49 95 0 32 82 34 77 255
    98 69 243 0 0 168 87 0 119 218 0 255 144 185 110 0 0 171 82 198 0
    147 32 227 82 91 255 153 255 239 175 193 19 47 152 145 137 157 52
    255 213 111 199 152 239 109 56 0 235 231 58 8 1 84 21 67 91 129 255
    133 255 255 246 0 255 62 156 179 157 255 0 0 37 11 70 175 124 20 255
    210 2 173 85 228 122 123 43 182 255 255 54 38 0 255 113 0 255 0 163
    19 226 255 115 112 169 64 183 57 255 183 112 141 236 0 41 255 255
    155 255 95 238 0 188 105 62 39 19 152 255 0 61 186 103 78 86 155 112
    0 184 50 71 238 155 153 0 169 62 191 0 0 0 0 255 0 150 69 159 255
    129 147 105 177 223 255 0 22 151 0 22 0 0 0 67 247 216 158 255 174
    169 223 244 0 8 109 255 255 10 145 138 88 233 255 57 94 242 217 255
    233 62 123 110 155 0 176 19 64 224 0 200 255 0 102 197 255 130 107
    255 39 197 0 255 0 0 180 139 0 204 145 145 255 0 139 132 79 110 197
    142 255 184 255 0 93 255 0 1 144 0 87 249 191 144 179 124 255 177
    212 61 166 251 0 95 0 128 124 73 154 115 255 0 38 227 255 0 237 80
    152 255 80 35 0 15 255 44 208 255 0 160 14 208 13 15 155 84 255 255
    86 176 255 211 255 132 58 153 235 255 0 44 0 77 0 136 252 94 43 81
    255 0 136 255 0 179 186 168 234 255 71 177 0 255 90 145 225 111 230
    5 136 96 153 0 0 76 255 149 0 215 202 0 93 186 87 0 255 255 0 255 23
    78 28 0 162 170 249 31 214 90 194 146 132 255 255 0 166 235 0 55 77
    200 163 80 98 210 167 255 233 93 71 42 170 5 0 214 93 190 88 0 119
    52 0 34 71 34 98 225 28 255 0 255 110 2 159 255 255 233 255 255 244
    0 239 1 0 0 177 129 0 169 0 123 130 255 202 255 99 0 71 224 255 251
    0 110 212 240 238 55 98 255 160 12 0 52 96 31 97 25 0 249 93 255 104
    0 255 255 0 0 128 190 154 48 0 255 123 0 255 255 255 10 255 90 212 0
    0 98 167 115 115 150 155 184 195 95 255 139 76 238 116 193 6 0 0 194
    209 169 67 159 248 0 158 180 187 211 116 187 236 141 69 187 0 106
    255 27 41 255 75 255 255 89 154 0 65 133 55 32 0 36 53 179 13 0 0
    255 0 0 16 229 214 102 255 104 255 0 0 255 255 255 255 255 0 187 145
    225 84 0 41 255 133 212 0 0 255 119 209 255 138 5 93 255 140 0 92
    255 217 32 40 255 142 255 118 69 73 0 45 30 0 185 255 216 255 0 0 36
    184 27 116 97 40 102 121 0 255 255 255 0 255 0 144 46 131 0 104 110
    0 22 255 202 255 255 255 73 1 237 255 82 0 232 255 139 127 37 231
    205 17 0 255 255 157 78 255 40 197 204 0 225 126 255 52 0 233 255 72
    2 48 192 241 197 255 54 43 0 0 170 255 64 0 141 0 0 255 90 5 66 191
    158 2 0 159 232 216 0 66 255 37 0 255 211 255 77 211 206 94 121 255
    208 255 1 147 0 162 59 252 4 134 92 255 255 110 118 0 97 255 36 105
    21 57 56 0 0 0 255 0 146 255 106 52 219 255 255 64 249 255 255 115
    46 255 0 255 78 199 183 155 255 0 154 224 128 242 0 128 255 96 94
    250 161 0 255 255 255 0 255 0 0 255 68 253 3 228 31 255 161 24 255
    255 255 39 255 255 0 255 225 255 0 224 231 145 0 109 0 89 170 39 255
    24 0 208 0 100 255 0 172 255 8 53 255 255 75 28 110 0 157 224 56 0
    129 0 119 110 255 0 161 15 186 187 0 38 25 255 229 108 164 126 149
    255 31 0 241 124 56 9 255 0 0 158 237 255 71 251 220 0 137 203 156
    40 0 0 0 33 19 77 0 241 144 27 97 23 0 0 115 125 0 255 58 79 255 0 0
    236 20 0 39 68 77 146 255 249 0 0 0 255 221 255 17 193 255 0 255 87
    75 0 0 0 255 255 13 176 152 46 27 0 215 61 66 191 203 232 215 208
    255 15 0 61 56 218 77 10 255 101 56 230 103 56 255 223 255 179 194
    74 255 13 255 0 7 212 144 0 86 0 50 255 0 209 255 255 255 125 0 30
    23 200 0 41 179 178 0 255 209 0 191 115 0 255 0 96 181 199 4 33 149
    26 255 158 108 255 186 255 133 50 156 81 137 83 0 0 27 186 255 245
    137 255 168 182 185 7 0 0 36 255 8 255 219 128 246 68 196 15 255 251
    0 131 141 255 39 166 0 255 0 86 0 0 255 251 148 255 173 73 143 15
    243 150 36 253 116 184 71 205 246 240 115 137 54 176 91 112 200 255
    178 255 80 103 245 255 95 125 0 93 5 255 156 255 167 0 0 255 0 255
    144 103 255 90 4 255 0 238 113 255 14 255 0 239 236 255 58 255 210
    30 209 85 241 8 61 229 20 0 0 176 240 0 39 58 40 82 255 255 255 255
    39 255 182 121 250 167 0 231 167 54 108 4 0 119 118 224 41 255 38
    255 255 159 172 213 0 0 255 65 102 20 98 0 93 255 215 174 83 220 255
    196 194 122 152 71 0 255 255 63 255 255 255 135 255 143 0 205 155 50
    136 161 173 70 255 22 20 255 211 0 255 197 94 255 115 0 109 0 0 211
    196 33 0 140 199 40 0 179 157 149 184 255 129 2 204 0 156 247 0 0 63
    0 238 255 0 0 155 0 0 157 4 78 249 68 7 152 255 160 0 254 0 6 210 67
    131 215 0 16 0 31 255 0 255 7 244 0 255 85 255 240 59 29 255 126 0 0
    120 255 39 41 131 50 255 0 215 88 255 143 112 0 0 140 0 0 101 255
    197 174 114 255 42 31 255 83 197 19 7 255 255 80 208 255 207 255 0
    93 98 241 255 126 0 84 157 7 51 108 255 111 107 255 125 233 255 156
    82 255 40 0 238 255 152 162 0 255 1 159 0 35 186 0 127 151 250 0 218
    255 0 210 200 0 0 153 192 255 25 0 255 245 19 33 0 8 131 0 255 138
    255 0 12 255 255 255 129 62 255 170 176 111 255 255 255 255 133 135
    196 0 0 33 255 145 103 255 35 248 251 140 38 166 0 80 11 55 255 202
    40 141 99 0 0 0 7 69 0 234 125 193 6 0 196 0 0 0 171 149 20 0 163
    255 0 0 255 9 233 108 255 163 230 99 254 223 255 255 0 175 255 187
    226 75 88 241 44 217 21 88 141 71 255 192 255 0 255 61 0 69 67 0 226
    255 118 177 122 228 255 229 102 255 97 255 101 97 0 32 143 41 236
    255 0 123 255 255 0 96 15 0 240 134 244 255 11 0 0 69 4 63 0 120 255
    255 93 88 40 239 154 221 213 255 129 152 231 93 28 255 17 0 140 4
    255 255 255 38 223 123 255 0 255 178 11 106 201 255 0 115 147 0 223
    186 20 181 75 255 8 167 114 227 241 172 120 255 255 0 243 249 132
    243 80 255 39 35 255 139 165 121 255 215 128 255 138 56 136 139 0 93
    0 8 255 0 50 30 246 242 27 99 67 255 0 0 149 108 60 0 123 255 0 187
    41 250 0 244 0 161 160 96 0 67 193 255 22 255 252 255 36 0 205 23
    255 255 214 23 111 164 73 70 252 255 0 69 33 255 0 67 234 0 70 99
    255 79 255 255 0 187 191 255 147 0 0 73 120 234 253 255 157 0 0 250
    122 115 255 46 255 255 76 255 230 148 17 218 0 240 0 117 192 0 0 202
    0 232 172 163 218 93 0 34 255 0 0 79 106 255 190 69 255 0 41 106 249
    237 127 248 225 0 200 179 180 255 255 235 77 255 0 68 115 96 50 0 0
    197 0 8 24 82 207 0 255 24 5 80 239 248 255 179 0 0 63 0 155 247 0
    155 255 255 147 92 34 0 33 231 40 255 126 38 15 0 0 255 182 0 255 0
    66 231 121 0 193 0 229 35 0 0 219 0 147 143 255 255 255 255 0 191
    255 0 239 77 0 123 255 255 0 0 255 107 221 253 255 255 26 138 54 175
    0 0 226 255 255 101 154 72 255 85 231 143 255 166 42 194 15 255 255
    126 128 176 181 255 45 102 168 172 255 132 45 120 53 151 170 169 255
    0 150 43 56 255 182 255 0 255 55 255 71 223 0 107 0 255 113 174 112
    255 0 0 0 255 202 62 92 37 245 34 137 255 35 236 70 61 255 0 82 0
    239 232 255 197 255 4 82 0 12 145 0 38 220 0 168 89 101 0 0 255 255
    224 140 207 161 118 155 113 0 158 168 105 162 0 254 65 0 27 78 0 36
    255 238 64 146 255 73 255 0 14 36 162 157 255 0 255 146 179 24 0 81
    255 48 0 255 0 153 16 140 8 48 55 227 0 88 0 166 170 0 55 217 202 53
    0 30 22 102 166 0 28 117 11 58 251 106 227 20 199 0 0 75 0 224 191
    52 0 188 255 51 156 51 198 1 0 31 77 255 255 120 237 143 47 0 255 74
    52 0 43 181 200 238 173 93 99 181 192 122 0 128 56 0 165 221 255 111
    255 18 17 255 142 0 34 0 0 0 255 0 107 255 89 238 90 104 255 255 0
    11 0 110 255 0 158 58 255 0 31 0 255 0 37 255 0 255 255 62 211 0 79
    83 156 255 136 112 194 255 230 255 231 101 0 147 0 255 255 0 204 0
    213 0 0 0 255 0 2 226 98 255 255 0 255 27 255 0 60 0 147 0 190 0 200
    215 0 160 230 130 0 255 0 98 255 0 169 166 75 133 126 0 255 77 157
    255 255 0 195 129 203 0 61 76 2 56 226 196 160 73 90 255 131 0 25 23
    246 233 31 255 209 0 88 245 178 0 255 222 191 255 119 255 255 11 36
    240 225 255 252 251 255 122 255 255 238 193 33 95 255 29 255 0 195
    225 202 65 167 73 166 255 0 161 86 40 226 138 0 254 255 191 34 200
    198 6 224 194 111 38 255 231 0 107 0 255 102 255 87 0 131 207 213 0
    155 255 10 72 62 228 255 53 255 253 161 0 0 255 0 105 78 30 213 42
    226 79 255 178 10 255 255 242 39 155 52 84 172 34 255 255 220 165
    255 255 255 255 0 220 4 14 255 51 155 228 158 42 125 0 139 146 0 0 0
    0 0 240 255 197 241 255 32 28 98 123 208 0 103 255 159 58 255 121
    132 0 255 0 0 129 179 101 230 157 7 236 0 255 63 255 232 255 255 255
    73 154 182 146 78 0 59 81 0 217 61 255 157 139 255 0 0 226 255 90
    105 40 214 0 0 51 17 72 21 234 255 243 0 80 203 247 132 192 211 64
    13 0 0 0 169 151 181 255 203 0 103 0 255 0 0 36 56 44 197 40 24 14
    77 155 20 244 63 218 16 255 255 201 255 7 82 255 0 43 255 255 255
    255 156 50 255 142 209 0 65 162 0 255 0 0 53 52 8 0 209 23 255 80
    255 0 128 205 207 24 43 255 0 124 168 0 213 97 255 100 255 16 0 103
    0 204 0 232 0 115 0 0 147 238 9 249 17 82 255 71 0 124 88 255 101
    118 228 192 255 241 255 138 255 154 149 0 0 255 232 0 255 249 255
    229 255 0 8 204 0 129 8 77 249 249 255 117 86 16 243 0 0 173 190 49
    248 170 0 10 219 110 208 7 60 22 101 0 65 0 0 244 0 122 132 78 255
    244 216 235 255 160 45 0 0 0 255 56 0 48 87 189 0 36 255 17 0 0 20
    255 200 205 255 255 209 44 255 119 92 255 197 97 164 95 0 25 59 255
    98 0 255 134 255 158 19 251 127 33 239 88 0 0 12 10 126 20 105 136
    65 255 221 0 59 0 235 203 255 34 206 0 255 130 83 115 182 108 0 208
    255 168 255 250 219 0 255 94 0 255 32 240 43 139 152 255 133 238 255
    0 127 32 255 216 158 1 85 52 151 0 255 138 255 69 18 255 0 0 103 122
    73 197 161 14 58 68 120 195 86 255 9 69 79 89 0 175 145 255 129 184
    255 0 255 0 12 255 122 95 179 69 233 246 29 175 125 88 1 255 255 126
    82 84 255 57 63 5 48 250 0 249 255 61 58 91 0 150 93 0 45 37 0 203
    198 210 20 98 0 255 236 29 46 0 115 42 216 3 131 76 255 255 203 77
    255 0 255 0 0 30 209 187 255 175 188 240 212 255 0 90 0 112 255 194
    155 255 159 99 155 200 255 154 0 74 194 0 192 0 142 147 255 23 255
    189 251 202 255 116 120 8 255 103 44 170 138 255 255 255 38 143 12
    62 22 226 255 191 16 82 166 43 27 255 227 0 210 0 179 255 151 118 83
    41 9 162 125 28 99 255 0 21 220 246 12 57 226 0 0 191 155 54 0 144
    155 49 255 255 255 79 0 225 224 255 24 255 0 37 63 63 48 179 0 207
    119 144 255 143 15 74 255 140 255 0 167 255 127 0 148 215 227 0 255
    0 241 0 54 29 0 0 0 129 255 0 255 165 211 255 130 0 202 113 223 126
    27 0 37 20 0 48 153 255 255 68 0 88 51 0 50 219 166 13 0 0 0 159 0
    48 209 0 189 108 175 182 229 255 193 53 0 8 0 0 247 0 0 155 163 180
    0 195 4 0 47 46 16 0 23 245 78 247 255 239 255 47 222 255 18 75 255
    79 68 255 0 0 131 156 10 255 0 6 221 28 103 89 255 0 255 135 255 0
    255 157 255 255 255 42 140 20 0 255 109 0 0 48 91 255 66 255 255 209
    124 230 240 147 0 0 23 38 166 21 244 255 0 63 255 255 220 0 22 235
    236 198 0 2 255 255 239 0 165 53 197 139 113 192 55 0 228 0 0 198 24
    75 203 6 112 255 255 135 0 43 0 72 0 0 172 0 0 60 0 56 131 50 134 99
    3 200 18 0 2 0 198 0 0 0 208 72 198 254 204 8 237 90 0 41 243 110
    255 0 255 16 110 158 0 214 84 22 210 191 0 24 163 2 209 254 0 245
    234 191 17 101 255 94 255 255 134 189 0 80 102 205 251 255 220 177 0
    105 110 234 247 30 234 200 52 254 255 0 137 165 138 12 158 88 0 102
    172 199 253 255 255 220 0 152 0 18 91 0 0 91 51 127 0 30 132 255 0
    195 116 0 100 0 255 93 31 116 70 155 241 202 255 255 54 173 200 7
    116 51 90 138 0 46 180 153 113 71 71 159 0 0 255 138 0 0 215 5 0 99
    125 255 52 170 0 173 249 0 255 0 255 203 229 155 232 149 181 0 0 152
    168 255 210 0 0 229 161 137 89 50 255 255 125 0 221 176 0 0 157 29
    115 0 255 255 129 169 255 255 255 210 255 0 79 193 0 0 93 12 34 10
    144 0 0 65 255 157 235 101 88 45 219 180 29 0 252 255 5 187 255 0
    146 0 25 6 127 225 0 248 222 187 255 255 128 253 0 155 158 255 204
    255 121 0 0 104 179 0 200 197 0 255 226 255 255 95 0 217 148 36 34
    71 255 123 0 64 55 0 117 235 255 191 255 47 163 106 124 15 30 0 255
    0 189 183 252 192 193 44 39 141 0 223 123 6 224 94 8 230 207 242 255
    100 33 255 173 191 205 75 255 0 78 0 6 99 24 225 0 45 0 253 27 0 184
    0 141 255 0 172 221 0 255 250 0 229 255 255 0 197 96 210 169 255 172
    0 235 146 0 0 44 255 255 4 0 0 189 215 201 123 255 0 13 0 66 252 48
    255 140 255 255 236 133 67 255 58 0 75 255 106 39 59 255 198 255 0
    167 139 51 54 48 142 187 188 242 169 0 186 21 10 95 105 0 255 49 255
    0 24 79 0 31 252 74 255 76 255 201 255 255 127 129 169 108 255 131
    93 61 160 45 255 232 255 249 64 246 247 25 14 71 160 52 255 246 183
    255 60 56 0 0 167 0 255 255 223 167 239 255 167 202 255 42 215 144
    19 136 85 65 126 80 0 0 203 56 255 200 134 0 113 146 0 218 216 233
    72 179 171 0 28 202 255 0 0 217 210 113 0 255 40 255 255 0 47 226 30
    36 0 255 255 89 37 150 40 129 245 38 241 255 0 208 60 39 235 133 225
    0 193 95 255 157 36 123 255 0 208 0 255 255 27 0 0 170 48 0 17 0 0 0
    255 0 42 172 62 6 82 223 0 0 113 240 21 202 101 217 17 138 18 50 0
    255 0 225 0 0 255 255 109 132 251 0 255 48 12 0 0 110 255 131 239
    255 183 235 25 64 255 255 0 255 64 116 181 255 114 66 139 14 211 95
    255 100 0 84 168 0 255 0 169 76 19 255 162 255 255 98 255 128 74 122
    204 255 75 255 255 255 119 255 182 2 0 12 255 0 66 224 0 96 0 224
    160 224 255 255 32 255 89 116 247 0 0 255 0 64 53 255 136 0 172 255
    10 255 159 22 88 255 215 0 255 201 255 241 0 83 115 0 26 0 233 255 0
    0 0 255 0 0 255 0 194 96 251 155 0 46 25 0 202 60 255 65 224 11 22
    49 74 84 118 255 145 103 255 186 80 176 0 0 0 115 75 0 88 17 187 0
    206 0 240 181 161 255 140 255 228 0 0 248 161 55 255 193 40 255 42
    162 245 0 244 0 127 211 66 178 0 58 0 16 44 171 0 157 95 52 216 195
    215 0 0 83 72 170 156 42 0 45 228 0 177 192 89 124 141 0 255 228 218
    93 255 152 0 255 171 0 0 235 206 0 0 255 26 22 255 246 146 255 115
    46 40 255 195 0 255 47 100 119 211 255 255 207 179 187 255 6 207 109
    91 255 27 225 16 131 75 177 0 47 0 0 177 5 45 0 129 117 160 184 0
    255 235 255 113 255 255 0 237 0 0 65 125 219 44 255 35 193 255 239
    206 226 95 215 223 80 0 109 255 8 230 0 255 136 162 134 176 0 0 248
    107 33 243 51 254 119 0 0 69 0 0 255 0 0 239 255 9 184 102 8 0 108
    255 240 236 30 255 29 111 163 5 159 255 249 246 255 90 255 112 111
    218 0 255 71 255 243 136 0 191 255 93 22 255 255 154 255 42 144 107
    50 237 0 26 0 92 0 255 6 0 0 87 251 251 0 0 0 21 255 179 0 70 255 38
    3 0 249 255 111 102 67 255 255 0 249 59 0 0 0 144 242 255 238 255 20
    172 206 255 0 23 0 62 0 154 58 1 63 0 255 255 15 199 0 230 43 211 0
    255 218 89 155 0 0 92 126 129 0 183 255 255 202 255 65 181 0 0 250 0
    225 188 169 255 158 198 74 0 10 0 84 168 0 116 219 84 255 65 144 8 0
    0 174 255 62 100 95 35 202 0 196 244 77 255 94 10 28 0 104 83 118 0
    255 255 0 201 226 32 223 80 0 194 207 0 70 0 220 150 60 254 132 100
    206 0 181 5 161 0 6 226 1 0 227 78 255 255 22 19 195 151 98 243 0
    110 254 208 76 255 53 50 105 100 0 0 255 74 185 255 255 255 255 34
    59 242 68 255 87 0 0 117 0 70 73 98 255 31 10 0 199 255 176 0 20 255
    51 58 226 0 255 203 0 99 186 23 211 255 51 0 151 55 204 151 183 255
    64 0 255 52 149 52 198 0 105 208 42 46 53 165 40 255 0 156 0 0 0 0
    81 255 187 0 118 40 199 238 255 248 77 182 0 0 251 250 255 228 255
    183 223 254 101 0 0 37 0 255 255 219 226 255 255 255 255 248 75 255
    105 239 255 0 254 54 58 255 255 0 0 157 187 202 195 0 100 102 65 0 0
    177 207 0 248 0 225 0 0 212 30 0 189 0 38 0 1 191 255 255 40 232 100
    69 222 255 212 255 15 124 114 2 0 39 255 0 255 0 134 124 14 240 207
    214 255 0 246 184 160 90 102 255 137 255 0 76 78 100 255 58 255 255
    0 0 255 157 0 0 25 0 255 216 0 143 255 209 115 255 7 185 106 142 170
    255 227 86 161 83 79 226 0 0 12 107 0 0 0 128 222 180 239 241 6 32
    255 77 0 255 163 179 41 198 255 185 0 172 114 0 156 94 170 115 0 255
    3 0 159 57 0 215 230 0 167 57 232 186 36 0 255 191 0 142 183 247 141
    73 205 92 27 76 239 255 239 0 88 218 0 160 143 117 0 0 0 255 0 36
    237 0 249 0 12 130 203 140 255 242 10 216 20 0 51 24 196 111 0 64
    140 145 0 57 75 152 0 130 255 0 108 140 27 0 242 0 255 202 0 84 68
    145 255 255 0 158 9 195 134 255 146 224 220 251 175 131 10 0 92 255
    14 163 140 1 255 169 36 255 1 255 190 255 32 229 170 125 67 46 0 0
    112 0 202 224 126 27 12 230 63 101 227 207 0 237 47 58 153 204 224
    77 255 55 0 255 255 218 0 160 210 123 255 255 87 255 54 204 210 139
    255 255 129 255 34 1 38 97 173 30 255 255 85 134 137 255 235 255 173
    13 92 86 221 66 0 255 170 89 33 255 210 212 255 170 228 255 104 113
    0 255 0 145 227 255 67 141 211 255 211 0 127 255 236 119 13 186 255
    246 145 255 255 250 255 255 178 7 187 247 165 88 255 0 255 167 207 0
    163 110 187 0 0 154 20 255 180 188 255 207 28 0 69 255 107 146 144
    39 231 12 0 114 255 170 105 255 0 139 0 148 0 126 255 34 255 124 238
    122 74 255 150 255 233 255 162 229 255 143 255 0 1 243 255 0 7 0 255
    255 23 184 97 20 204 255 0 164 0 0 160 166 216 169 255 255 94 0 0
    255 255 65 63 187 173 0 0 232 97 0 0 170 187 0 255 60 255 0 12 0 151
    15 151 0 255 142 165 42 88 255 0 95 255 0 182 136 108 255 255 201
    255 251 224 179 173 204 0 0 255 161 0 0 147 52 115 221 225 190 249
    202 255 0 24 193 199 55 209 0 132 160 253 30 132 0 247 246 0 12 19
    255 0 255 41 66 118 0 249 255 21 255 0 138 82 218 255 200 0 0 255
    191 84 157 69 0 237 255 62 179 255 111 253 103 0 0 47 40 242 0 255
    110 6 0 194 211 0 0 16 171 83 0 72 92 255 38 191 85 0 0 14 0 255 255
    0 59 0 13 253 109 115 181 0 108 255 0 0 255 27 255 232 119 120 211
    35 255 0 23 131 58 40 255 255 92 31 255 235 0 54 255 255 0 252 46
    222 0 5 239 65 132 255 0 231 88 255 0 123 96 25 239 255 76 191 80
    203 187 255 92 211 0 255 47 24 28 96 65 67 0 255 0 106 50 56 255 22
    52 51 35 53 255 71 112 255 230 12 209 255 75 255 163 76 164 255 77
    106 158 0 74 255 11 93 67 6 0 181 238 2 49 48 0 185 0 255 17 0 0 0
    226 0 135 0 255 255 244 125 56 255 167 255 255 0 13 80 166 20 255
    166 71 148 237 63 3 97 0 137 192 31 82 255 161 0 255 255 192 196 0
    45 161 56 0 22 71 0 45 0 255 0 255 42 255 255 29 129 0 244 0 0 50
    244 255 67 0 255 92 0 161 255 230 147 32 0 90 37 240 52 1 40 139 0 0
    148 255 255 255 0 176 255 0 193 255 98 149 39 0 234 0 159 180 63 57
    48 255 223 255 101 58 255 85 0 255 74 36 223 40 75 0 168 0 255 210
    205 109 0 234 0 0 102 0 108 255 99 45 114 255 255 196 0 255 0 183 0
    0 146 255 147 209 96 0 58 16 234 0 62 0 117 191 68 0 255 170 49 0
    165 41 108 102 241 176 227 108 182 166 156 0 227 0 144 108 13 0 253
    14 167 190 123 0 22 18 118 250 102 90 120 0 224 0 104 165 195 22 0 0
    246 255 255 112 111 255 101 255 204 255 202 103 129 0 74 235 31 48
    255 85 255 255 13 255 255 73 146 158 255 194 109 0 255 47 91 0 255
    16 70 162 23 255 151 0 158 150 121 0 0 0 98 0 0 255 244 68 255 120
    69 78 0 255 0 252 255 255 110 100 3 163 0 184 0 242 45 0 158 160 60
    88 0 0 12 0 255 146 0 216 151 84 150 48 42 26 255 0 0 250 138 0 0
    255 0 162 255 0 23 0 92 199 0 149 0 161 0 98 96 74 0 255 255 242 0
    110 106 138 54 73 216 0 0 84 227 32 204 255 75 65 93 239 202 255 84
    221 0 86 0 0 0 42 42 0 110 238 162 148 3 58 244 74 24 0 115 0 65 39
    31 195 0 255 255 190 0 0 0 102 1 226 74 152 174 255 229 248 78 92
    195 11 20 255 0 171 83 255 172 255 2 224 55 43 2 135 158 165 132 255
    45 36 144 255 101 15 243 5 180 210 244 255 3 171 255 116 255 98 0
    255 193 61 255 253 29 88 56 0 45 212 166 142 194 65 0 162 255 209
    130 52 35 0 0 19 0 0 128 130 96 255 255 49 255 186 112 241 255 95
    255 255 255 73 143 0 0 255 2 141 121 185 69 0 200 125 14 91 167 255
    214 243 183 132 0 86 89 133 197 89 201 18 0 255 169 255 90 0 0 46
    255 224 255 236 182 255 140 0 255 249 169 146 24 205 11 195 255 0
    255 55 159 255 255 79 8 57 103 232 230 78 238 80 152 38 156 255 193
    66 167 254 255 108 0 128 87 255 163 237 0 84 204 219 35 59 159 0 93
    255 0 199 255 0 255 225 168 117 255 212 131 21 147 125 0 78 236 160
    132 135 137 255 87 255 111 0 45 26 12 0 163 28 200 41 55 255 165 255
    70 145 226 162 163 196 255 255 0 11 0 192 255 0 255 255 255 125 255
    107 192 161 0 96 255 143 255 245 0 255 0 98 205 0 251 0 255 13 93
    123 237 255 186 25 255 95 68 143 116 72 18 1 43 82 255 0 177 255 255
    255 131 0 66 255 0 67 161 0 0 193 74 0 255 153 124 0 255 232 208 255
    217 255 0 66 0 0 0 23 195 255 168 82 255 218 220 0 242 216 19 255 53
    77 241 0 81 29 254 0 146 192 14 90 255 144 125 184 146 38 238 255
    121 125 216 221 0 0 255 0 33 255 79 0 0 255 98 11 255 241 184 255 0
    231 255 45 255 224 255 184 203 169 132 255 17 255 104 0 44 0 151 17
    16 211 159 255 157 0 253 255 255 255 168 159 157 200 212 142 19 0 16
    185 190 255 0 0 31 0 148 0 79 0 51 77 177 0 76 255 0 71 99 0 64 180
    0 186 73 255 224 222 153 99 255 80 0 255 255 130 129 18 67 60 0 255
    0 37 162 145 116 123 208 255 255 125 255 138 175 0 255 255 178 230 0
    255 159 226 70 0 45 40 255 0 0 255 14 174 255 153 255 136 97 255 107
    61 139 33 107 186 0 52 255 0 255 165 0 0 255 87 0 193 13 51 83 18
    149 5 0 234 255 80 14 132 9 28 187 0 176 229 0 65 221 255 255 255 0
    0 165 2 255 232 255 185 126 57 255 29 0 225 194 4 236 19 81 255 0
    255 0 26 6 0 224 255 142 255 46 0 27 161 255 223 62 0 0 0 0 61 255
    255 162 255 126 0 0 0 140 197 240 137 228 144 19 0 113 0 139 165 87
    255 0 149 255 255 255 133 255 175 176 251 45 25 255 221 141 131 13
    255 103 255 219 204 50 0 164 82 117 177 65 43 179 46 181 129 0 0 255
    0 0 199 118 71 0 106 247 0 93 20 92 39 255 0 198 64 29 200 255 167 8
    236 0 46 86 9 26 138 0 0 44 30 109 19 20 255 214 36 6 255 200 166
    130 47 255 0 56 15 0 3 255 255 39 255 100 175 105 240 56 0 161 0 255
    255 255 145 19 140 87 212 0 201 225 255 146 255 0 137 255 0 169 83 0
    115 0 178 134 6 216 118 140 159 158 0 255 255 176 0 255 154 80 255
    235 216 4 206 167 149 205 22 115 0 122 199 0 125 181 54 255 17 255 0
    217 157 255 225 0 255 0 8 0 43 255 197 111 93 0 220 167 4 255 71 210
    171 154 255 171 62 255 0 137 255 0 255 81 0 200 220 199 47 62 130 0
    0 0 255 201 161 58 255 7 255 255 255 0 0 128 86 189 175 84 252 0 2
    255 255 0 199 95 103 90 25 0 154 187 132 255 0 137 157 50 150 255 65
    255 0 0 117 0 64 255 104 208 178 0 244 193 249 218 105 6 150 125 213
    181 22 255 28 88 0 119 255 155 0 46 38 255 95 99 69 144 0 197 255 9
    255 255 53 171 19 139 28 185 80 31 62 0 246 15 0 188 137 93 255 1 76
    97 0 184 174 134 171 43 117 172 33 141 255 203 54 64 185 177 0 94 0
    0 151 255 127 22 138 0 221 0 255 0 195 255 2 227 0 0 176 0 81 255
    255 197 255 111 18 236 255 237 251 202 255 53 198 102 0 61 0 0 95
    255 0 197 161 110 250 255 83 136 0 255 117 51 255 0 168 100 255 137
    189 211 53 90 255 0 255 224 136 255 0 194 17 0 72 133 120 0 232 0
    255 197 255 252 255 255 30 74 0 16 0 249 21 0 204 201 0 255 0 174
    130 0 255 128 158 0 255 255 36 255 255 255 185 10 195 255 43 80 0
    165 255 64 183 0 97 99 75 228 223 241 224 255 0 255 255 164 50 255
    30 91 255 195 249 197 51 191 228 0 255 10 0 255 186 173 21 255 0 72
    94 101 0 255 92 99 171 198 237 0 0 41 180 255 157 183 255 255 185
    207 86 255 53 207 76 58 68 255 255 255 0 164 18 0 231 0 51 0 184 165
    79 55 179 255 0 0 0 234 0 106 129 191 164 55 255 224 0 60 23 123 177
    166 242 255 255 40 88 255 255 255 255 0 125 240 255 175 47 229 44
    170 133 214 236 255 162 8 189 36 38 22 196 0 0 76 255 126 255 139
    255 255 175 255 255 133 0 71 192 255 187 139 160 57 12 208 177 255
    255 107 7 244 0 7 178 178 57 126 8 94 135 0 200 100 97 0 0 159 105
    67 255 159 194 255 255 120 134 255 0 0 0 211 255 142 0 232 188 0 134
    187 255 255 62 0 186 232 176 255 243 236 174 255 0 242 196 136 97 0
    177 0 255 51 46 104 210 0 0 112 71 10 0 86 164 0 0 221 25 15 255 207
    214 137 255 255 80 0 255 40 255 227 0 171 255 50 255 0 253 255 0 0
    42 193 255 3 255 255 0 255 255 164 0 55 255 43 208 255 255 255 187
    255 255 0 255 255 255 226 0 187 255 71 29 35 9 120 11 0 57 119 181
    35 44 103 0 148 255 252 0 228 255 152 255 205 157 255 0 164 255 255
    255 175 126 164 6 0 0 1 93 0 49 59 22 47 0 165 36 102 226 229 74 0
    184 117 255 255 201 71 255 255 120 12 0 231 116 69 255 221 255 196
    224 157 102 255 0 0 255 0 118 192 52 0 209 159 0 51 173 104 0 70 200
    153 31 255 0 184 128 174 255 0 217 84 90 194 56 0 129 205 0 0 45 255
    109 27 78 255 98 226 143 0 69 0 74 226 203 255 0 255 0 33 225 102
    255 0 98 0 0 255 42 218 255 29 0 180 32 255 0 0 189 207 207 0 255
    250 111 93 55 255 32 0 107 215 206 152 255 248 136 133 151 255 199 1
    48 0 0 55 255 255 255 66 179 181 86 101 206 83 26 198 0 0 46 219 255
    255 209 122 15 102 48 0 0 34 61 39 213 29 81 0 116 250 66 196 255
    175 35 226 255 0 255 0 255 111 154 171 0 255 32 196 211 71 62 122
    255 0 0 15 95 255 173 0 255 136 53 42 121 166 255 134 88 0 79 0 216
    166 0 126 100 178 74 241 0 188 0 255 253 211 255 255 255 68 255 229
    121 255 255 88 255 58 255 255 0 189 82 254 252 65 255 174 210 60 187
    51 255 255 187 0 52 83 0 0 255 40 73 0 47 51 255 46 51 255 255 135
    170 255 255 54 245 0 152 122 137 40 64 249 255 243 175 8 255 114 68
    255 206 255 113 171 22 255 247 104 46 61 229 162 230 173 234 0 0 144
    49 212 0 124 135 226 79 0 93 25 124 0 178 152 0 232 27 208 159 0 10
    0 0 1 0 0 0 174 255 0 208 255 9 212 120 167 119 164 247 0 0 255 12
    248 115 255 150 145 218 255 191 69 92 142 212 223 9 4 0 0 0 208 0 0
    0 243 18 155 148 255 129 255 255 0 199 204 103 0 93 135 99 0 255 93
    0 255 78 0 15 0 73 88 99 0 73 213 80 242 70 0 110 230 0 255 118 255
    0 255 69 0 192 187 255 0 109 0 255 64 164 83 232 0 187 223 0 133 86
    190 198 208 74 255 255 127 0 93 115 0 255 180 100 197 255 152 230
    255 36 136 220 177 252 0 127 104 195 24 255 223 0 0 255 156 177 0 20
    255 0 254 167 0 87 125 78 90 172 169 0 156 49 0 77 255 63 106 166 0
    192 255 50 177 254 0 12 255 26 66 87 229 0 159 225 195 160 53 124
    158 0 146 255 150 93 165 210 1 255 75 30 5 0 74 148 65 0 62 255 0
    241 180 0 41 255 245 155 156 70 157 222 182 0 125 210 98 110 242 129
    148 255 158 200 10 245 43 115 58 117 130 174 253 89 196 187 121 238
    0 242 65 11 86 255 171 169 255 255 255 255 230 163 129 117 181 78
    255 255 53 0 0 255 27 38 38 0 182 83 0 223 0 255 10 255 236 0 0 0 0
    216 246 126 117 104 69 0 0 79 74 100 255 27 0 255 0 0 198 0 159 182
    214 255 255 43 133 236 232 250 1 255 208 255 255 219 197 224 255 13
    107 208 20 2 255 118 216 136 38 130 215 128 255 0 76 255 0 84 255 93
    0 227 0 254 0 195 115 49 255 186 255 36 46 0 255 255 40 119 101 0
    227 120 225 255 243 183 210 0 0 186 0 0 218 0 141 0 157 142 135 29
    184 0 253 255 0 59 0 0 250 255 240 244 15 106 171 0 0 242 191 0 61
    109 0 0 255 162 234 141 92 0 171 255 0 23 19 31 93 0 0 50 255 0 176
    200 255 248 111 17 54 234 0 117 0 144 95 255 177 41 205 0 255 154 0
    137 4 119 0 0 255 178 253 219 233 77 0 212 13 0 255 0 101 195 255
    255 255 245 0 197 0 237 255 255 184 138 255 40 102 146 97 69 244 186
    27 68 151 104 0 255 89 205 8 3 0 191 37 139 230 255 255 70 192 0 0
    105 90 71 168 15 101 40 0 255 255 255 0 37 255 34 255 255 255 0 0
    231 165 157 0 73 255 110 176 172 0 0 93 255 23 241 125 255 216 255 0
    221 69 107 167 16 255 192 255 105 228 103 0 12 255 245 0 170 204 0 0
    120 255 0 42 100 0 91 211 255 47 118 224 53 165 255 20 0 91 251 228
    191 0 255 255 129 255 194 45 109 44 114 255 172 255 255 212 167 217
    171 14 129 255 120 0 25 128 255 174 0 0 255 70 104 0 175 220 0 76 41
    193 0 0 193 253 0 247 0 255 0 122 24 0 67 109 0 130 0 68 255 229 212
    254 183 100 250 255 52 183 255 144 255 255 0 37 140 0 186 126 244
    205 88 16 178 165 76 202 65 32 239 0 105 0 199 205 226 165 11 232
    219 81 255 114 171 255 108 198 9 0 245 84 126 0 112 255 255 190 0
    255 49 0 59 0 211 250 108 10 166 50 170 170 78 0 12 18 0 172 96 0
    255 10 255 43 2 255 72 255 79 0 12 0 231 123 77 73 104 0 135 31 255
    0 174 147 255 65 233 130 0 203 30 193 0 0 119 0 236 171 206 255 0 91
    0 203 44 213 153 161 150 24 205 121 194 20 43 236 229 255 0 120 39
    68 40 133 75 58 223 165 136 189 35 11 0 0 220 0 0 30 0 40 255 0 255
    0 255 209 0 201 142 53 255 0 116 58 255 12 93 50 101 167 0 222 255
    92 0 254 255 22 28 255 0 255 71 250 164 90 15 252 27 224 0 11 255 0
    255 255 2 251 0 72 17 255 94 255 210 0 255 0 0 0 67 12 224 131 254 0
    92 131 30 255 44 202 250 25 255 0 255 255 72 103 255 184 231 0 232
    199 106 12 255 66 32 255 50 0 175 208 81 140 102 0 100 34 255 0 74 0
    179 255 0 0 11 255 192 220 0 243 53 141 18 95 249 255 255 255 66 201
    255 0 73 20 29 0 244 149 0 167 97 141 254 197 0 176 25 44 0 181 255
    0 141 0 226 255 157 0 165 146 184 255 117 0 255 194 0 234 3 3 162
    185 172 57 184 91 65 183 182 255 0 0 255 0 255 0 35 0 0 224 0 0 155
    190 88 255 195 60 121 166 95 65 102 173 0 54 0 52 234 0 0 0 214 46
    55 97 255 102 0 19 234 0 255 109 75 220 0 255 0 19 255 67 98 0 215
    88 97 109 59 255 212 32 8 0 255 42 46 185 190 0 145 42 59 255 201
    107 0 255 156 0 255 230 111 0 9 0 51 0 111 74 55 239 54 102 255 148
    0 25 56 113 0 95 76 49 255 210 255 255 255 0 72 255 0 0 255 0 239 46
    0 0 16 84 108 69 71 239 169 0 255 197 218 255 233 120 0 174 187 237
    135 255 0 255 161 244 69 255 62 12 255 147 125 55 84 231 68 0 255
    192 239 27 255 48 224 12 174 255 44 0 255 236 82 28 196 150 132 0
    255 59 2 189 234 2 0 118 232 148 74 255 0 255 142 15 0 255 192 45 75
    255 5 134 0 234 255 40 89 113 255 254 115 0 49 109 168 255 161 212
    131 253 151 0 0 123 0 0 0 92 138 26 229 255 45 135 54 0 16 137 22 45
    243 0 13 163 210 255 155 137 150 72 0 231 221 238 32 221 250 20 57 1
    77 240 255 1 16 255 255 32 255 158 214 173 255 255 199 205 166 44
    151 0 142 109 179 233 165 7 255 56 160 255 175 255 217 17 255 197
    117 199 255 211 65 255 189 201 89 12 0 243 234 184 53 255 0 246 97
    172 237 166 243 227 0 79 0 209 218 190 255 251 0 255 205 104 46 245
    12 255 154 255 255 155 56 228 69 16 169 255 122 77 95 39 204 0 142
    118 12 125 22 255 0 0 59 232 0 27 255 0 0 226 226 42 0 255 255 101
    160 183 255 0 111 255 0 255 48 5 0 0 255 252 255 255 251 0 0 210 255
    218 255 63 101 76 244 221 0 162 1 31 49 255 0 113 180 141 38 213 214
    255 255 181 219 49 157 0 88 63 153 255 37 109 195 186 193 116 237
    124 203 255 247 0 183 243 133 255 103 255 50 34 233 180 0 104 83 255
    0 255 209 82 26 216 0 220 92 231 97 22 0 0 236 161 241 60 103 255
    253 217 242 0 0 23 238 157 82 0 0 255 0 22 255 0 72 211 0 163 221
    181 255 2 123 25 255 223 2 79 198 255 118 4 179 255 53 171 32 130 73
    192 173 197 234 19 152 0 255 255 0 215 255 255 16 255 255 146 255
    255 0 155 255 0 0 4 247 0 214 191 44 126 22 0 236 255 91 255 230 116
    255 255 43 164 180 0 183 56 0 10 86 224 48 128 134 208 255 0 72 113
    0 225 0 25 235 255 59 103 12 255 86 170 52 255 10 94 0 71 63 186 0
    232 107 0 255 101 76 0 255 255 135 154 144 255 168 22 0 119 0 211 90
    166 189 125 0 180 48 234 125 95 137 216 255 243 225 135 255 255 255
    255 0 191 255 191 171 117 0 61 0 0 5 255 192 0 42 238 0 202 255 91
    203 55 0 0 255 245 47 255 255 102 129 0 6 255 40 108 0 0 255 0 0 0
    142 0 216 53 242 193 0 0 0 166 255 0 0 255 157 75 0 159 156 89 224
    255 0 255 34 242 131 178 255 165 243 107 180 12 0 255 0 115 255 196
    212 0 0 255 183 255 78 255 243 255 0 133 199 0 255 201 255 76 134
    255 58 62 0 0 0 142 255 38 201 0 255 116 0 198 129 222 227 20 83 79
    232 0 0 0 0 34 168 255 0 190 155 49 28 6 198 169 150 137 43 0 127
    108 84 0 255 0 251 255 0 62 217 208 0 255 201 96 83 247 7 94 21 68 0
    72 255 225 117 255 184 86 235 255 228 36 240 214 0 255 191 255 107
    181 21 91 0 0 116 72 234 0 0 216 194 111 180 0 0 72 109 240 45 255
    147 255 128 89 173 0 255 67 141 177 154 255 32 0 255 255 40 112 110
    0 25 255 11 140 0 110 92 217 255 255 13 0 196 255 68 148 154 255 0 0
    65 0 0 127 70 255 54 218 185 17 145 70 0 179 250 152 98 86 33 0 95
    255 255 0 71 255 0 50 13 61 39 150 0 4 89 59 0 178 187 108 0 0 216
    67 255 0 254 248 0 0 255 0 218 0 255 255 76 119 236 98 0 0 0 198 135
    75 76 172 0 215 0 255 194 98 0 255 0 147 255 140 193 157 0 0 140 51
    10 62 208 0 183 255 0 0 0 104 0 0 255 255 255 155 245 105 51 0 215 0
    0 255 255 255 227 0 227 159 0 198 0 192 255 0 138 221 205 189 74 255
    255 0 0 128 177 0 80 119 30 0 0 27 58 255 99 219 0 120 208 0 142 95
    255 169 160 190 167 0 75 255 255 63 255 192 6 55 255 162 107 132 233
    155 74 255 0 0 0 44 139 93 0 255 255 255 85 5 130 47 12 17 255 169
    255 255 128 208 0 0 0 0 177 151 103 64 82 0 109 46 0 87 255 84 255
    255 102 50 23 255 0 46 10 255 118 254 207 0 182 255 237 22 0 119 255
    30 98 42 27 145 142 116 205 0 77 36 112 113 187 81 120 107 255 52 53
    49 59 254 224 31 70 0 106 110 252 39 0 251 160 110 197 255 108 148
    255 124 74 112 182 156 131 105 254 0 0 198 53 0 205 249 228 255 138
    30 0 255 0 248 255 0 231 255 255 190 170 197 0 6 200 219 255 36 255
    255 255 203 249 0 199 167 255 255 60 155 152 137 218 252 131 166 40
    60 232 248 31 255 133 192 0 231 157 0 157 141 186 75 65 121 244 77
    236 187 0 0 0 57 207 0 40 0 17 0 255 255 255 249 143 255 255 10 0
    225 145 131 62 255 56 124 0 196 219 179 157 31 0 225 0 0 36 113 62 0
    112 0 255 114 45 146 255 159 224 93 255 109 188 255 112 238 105 164
    215 216 92 92 38 145 214 159 180 141 143 255 23 132 78 255 110 255
    255 206 255 141 80 117 255 45 61 184 84 117 1 0 0 122 136 211 112
    255 237 253 0 255 233 93 0 148 255 174 184 255 244 255 94 67 193 51
    77 5 165 219 255 0 255 105 163 44 0 255 252 15 74 242 255 185 97 59
    36 76 0 230 140 0 252 18 92 0 89 207 255 0 153 165 140 158 255 4 181
    15 58 0 147 255 38 190 255 144 239 0 187 94 0 72 0 0 72 246 255 241
    119 66 255 106 185 165 255 16 70 48 147 255 0 80 255 113 255 233 74
    39 57 200 254 255 202 13 244 0 0 255 80 69 151 162 69 0 156 172 255
    0 159 220 0 62 107 0 101 51 241 0 85 239 0 255 255 255 112 79 86 255
    255 255 0 255 174 255 167 209 154 254 255 61 250 0 0 0 105 0 255 162
    11 178 35 255 190 117 255 136 224 255 77 255 77 156 97 2 255 0 131
    255 255 94 107 26 0 255 255 152 165 255 55 207 198 116 133 255 34 0
    27 35 0 98 214 124 221 233 255 118 0 143 0 255 255 57 24 5 255 0 255
    0 102 191 255 38 255 240 83 252 0 0 0 159 255 0 255 152 255 22 0 255
    110 255 0 255 157 255 194 85 255 102 0 189 49 182 95 255 170 185 5
    111 97 49 119 96 71 0 160 76 23 61 167 216 58 0 255 161 192 255 161
    12 105 0 78 186 20 20 219 141 255 182 129 149 255 255 0 255 83 0 49
    255 207 0 255 24 105 255 109 43 0 133 0 1 193 253 255 50 12 223 156
    192 28 255 191 31 255 0 0 255 89 20 19 63 255 230 255 36 55 26 35
    255 220 66 0 0 3 0 169 189 255 211 133 228 224 0 58 56 107 17 205
    163 143 255 216 66 233 235 214 220 32 187 189 91 69 62 0 144 0 14 0
    153 98 15 255 244 63 248 0 0 0 67 255 141 250 99 83 190 0 0 72 131
    42 160 192 118 88 35 0 236 84 165 61 0 36 182 85 232 52 94 0 0 0 30
    51 168 255 255 255 143 157 109 0 255 255 240 176 79 42 0 255 255 0
    161 0 153 121 95 20 0 187 225 71 255 106 137 0 246 126 122 43 219
    205 0 0 0 187 207 93 255 52 102 255 54 142 230 193 210 0 255 59 27
    236 89 167 0 0 255 255 255 89 0 160 158 0 208 169 255 157 0 5 74 0
    208 11 188 208 33 0 33 227 135 255 96 175 16 255 203 241 255 8 136
    137 255 188 93 104 0 255 0 133 41 175 255 110 43 117 255 222 255 238
    133 0 0 26 0 255 0 255 255 21 247 255 255 80 255 0 255 207 127 255
    31 187 236 160 0 95 255 0 22 213 255 255 69 0 145 51 41 130 129 173
    125 84 20 40 255 191 0 77 255 213 60 124 4 180 221 20 255 106 130
    193 0 119 31 171 0 255 59 255 255 182 52 0 0 255 0 0 164 209 241 103
    255 0 40 247 255 191 244 160 255 156 244 0 255 81 0 255 161 0 195
    122 255 56 255 0 255 236 151 115 250 63 0 179 0 172 71 0 51 55 11 6
    160 131 36 115 0 218 69 69 255 255 239 191 132 2 57 255 0 184 86 5
    255 244 239 153 255 69 0 0 0 190 0 186 91 255 92 230 252 0 200 224
    173 255 243 255 245 0 19 250 19 39 255 76 0 157 255 253 0 93 201 173
    147 109 98 119 165 0 34 148 214 255 175 175 239 79 207 255 255 37 30
    66 199 124 0 255 84 93 0 255 49 20 125 208 236 255 78 0 117 115 117
    227 2 63 255 0 15 0 0 222 68 0 227 255 255 0 255 103 0 229 5 233 255
    77 184 43 165 0 255 117 13 0 255 130 0 43 255 0 0 255 33 0 255 0 23
    255 72 118 144 46 210 235 255 10 2 0 0 194 0 147 1 163 230 226 52
    255 136 202 105 255 0 53 95 255 151 206 151 118 73 236 239 206 254
    134 217 220 255 0 174 58 28 32 34 113 255 131 176 72 33 250 63 106
    141 255 213 6 2 235 196 0 103 0 0 0 62 0 110 0 13 255 148 222 255
    255 223 92 53 255 116 84 89 43 224 255 248 0 0 79 25 33 0 37 255 205
    123 185 97 255 203 208 255 187 93 0 0 0 169 236 0 121 0 255 69 165
    255 0 127 19 3 255 0 229 145 210 255 144 81 114 243 0 41 136 106 255
    65 176 0 91 255 0 255 0 0 246 194 43 0 255 0 29 138 38 255 20 100
    255 253 175 38 0 160 171 187 255 7 193 38 255 204 58 33 255 182 223
    30 155 53 255 90 255 0 255 255 255 153 83 151 0 133 255 255 255 46
    174 136 255 38 225 255 60 11 0 0 255 145 18 255 139 255 0 255 2 34
    255 255 75 0 44 255 155 0 38 0 210 245 219 0 0 153 235 255 119 0 196
    61 255 255 167 80 255 0 255 205 136 156 0 215 0 37 0 159 0 0 37 119
    223 255 255 251 70 255 0 0 0 108 187 0 236 0 8 99 221 19 255 104 0 0
    88 0 95 80 111 169 59 255 80 39 67 0 62 0 108 255 255 224 162 255
    186 0 18 220 255 154 87 94 0 175 7 122 173 0 111 125 0 44 168 0 255
    255 167 205 255 0 255 171 255 143 0 0 224 100 226 255 238 160 84 0 0
    150 155 0 1 0 172 2 114 221 90 0 129 255 61 250 0 33 235 94 148 0
    109 106 48 255 255 0 255 255 255 193 67 128 76 255 91 161 255 114
    255 218 104 255 221 235 67 0 6 207 0 0 248 134 89 164 255 53 204 255
    74 139 255 255 184 169 255 26 188 255 0 249 255 255 35 255 0 180 255
    0 7 0 71 255 180 111 166 42 66 87 190 0 214 159 69 0 0 195 255 141 0
    69 255 134 255 0 234 0 147 255 192 17 194 0 40 54 30 255 239 255 197
    255 18 0 25 121 0 36 0 189 255 72 255 71 0 0 118 240 50 255 255 189
    140 58 174 153 25 122 0 197 0 153 255 22 93 31 0 139 203 0 0 255 255
    201 188 61 0 117 104 110 0 255 24 255 255 0 191 0 12 255 255 226 97
    0 104 255 20 22 40 208 229 185 255 255 131 201 206 216 0 102 0 255 0
    106 162 177 194 59 255 185 0 213 0 194 255 252 0 255 255 255 28 255
    115 102 46 255 248 228 70 0 255 44 255 5 49 167 138 38 177 0 223 255
    107 94 208 215 23 68 53 202 255 0 175 19 48 255 199 200 196 248 92 0
    0 1 94 11 177 31 0 255 219 136 255 0 21 0 255 255 107 141 0 255 223
    79 255 255 170 173 0 255 107 191 28 86 255 194 0 221 0 0 7 255 0 244
    145 23 255 0 217 246 0 233 108 0 70 238 243 57 42 31 0 198 255 29
    110 213 255 255 221 249 0 132 240 123 255 255 166 255 0 255 0 0 104
    102 99 178 81 255 0 40 0 255 0 255 0 0 7 0 243 246 68 59 96 233 31
    214 111 18 0 170 255 255 116 248 16 0 72 255 204 142 0 255 68 0 255
    196 89 0 215 203 22 255 184 0 117 255 37 186 0 182 255 0 199 98 20
    27 255 255 160 179 50 118 234 84 240 0 45 2 87 255 242 255 69 166
    192 0 39 142 255 255 47 200 0 181 82 241 255 110 3 42 34 107 255 132
    199 88 216 59 178 0 255 205 0 255 255 76 46 12 176 35 54 0 255 248
    41 15 44 32 182 52 255 255 255 225 184 255 33 68 71 0 255 255 255 99
    121 75 0 102 0 149 255 57 0 0 255 121 0 112 226 0 248 193 132 174 82
    87 31 92 20 0 0 227 29 0 132 139 255 144 255 0 255 255 245 255 78 6
    48 255 163 0 227 45 11 255 33 0 210 0 255 6 148 128 112 188 255 208
    172 6 0 28 76 255 60 129 255 106 136 152 255 0 9 8 195 189 244 23 0
    71 0 0 255 162 115 73 0 255 12 163 73 0 19 0 109 255 37 15 191 87 0
    173 17 255 229 255 37 20 166 188 0 83 0 115 0 153 150 41 73 249 200
    244 246 68 255 197 158 255 117 255 0 58 248 135 255 153 245 196 161
    155 0 8 255 47 214 31 74 202 0 138 255 0 120 255 255 255 0 113 255
    38 255 94 107 42 19 136 137 91 255 206 0 255 76 35 255 0 0 255 186
    255 81 27 114 189 255 0 172 112 0 192 255 104 0 70 188 0 0 177 255 0
    87 101 140 255 233 255 0 151 255 0 255 113 127 136 255 0 40 75 240
    250 153 132 135 0 0 255 135 255 36 55 164 145 93 0 0 0 0 35 0 153 0
    192 255 60 255 40 255 217 138 0 125 207 255 56 185 255 255 216 255
    255 175 186 92 0 255 255 207 139 255 38 171 77 195 166 78 174 255 0
    227 0 138 255 112 104 0 0 75 0 18 0 167 0 0 6 94 20 0 0 125 0 61 70
    255 109 200 244 255 154 0 16 0 56 173 49 206 227 242 100 255 177 114
    0 231 114 131 109 252 225 255 0 0 255 101 0 35 0 166 9 217 0 144 160
    113 133 0 235 140 104 59 223 188 197 97 229 233 148 249 148 0 177 0
    0 126 230 0 255 81 255 197 0 255 0 0 12 140 22 94 0 38 0 246 4 87 0
    255 42 255 73 199 255 194 0 5 137 255 57 255 253 255 220 206 172 255
    0 102 0 199 0 0 92 255 60 0 196 0 41 91 0 0 0 0 254 144 90 232 255
    51 91 255 0 122 220 173 93 108 23 64 255 255 0 0 102 149 255 106 129
    182 230 39 255 0 105 77 235 198 65 239 75 255 255 255 242 133 79 0
    162 7 194 255 241 127 12 109 230 11 255 164 39 236 50 0 33 185 125
    49 0 255 123 184 255 95 244 255 0 102 255 31 20 255 0 165 0 210 84
    28 255 0 255 91 255 90 172 23 4 75 0 0 252 121 255 0 255 255 0 10
    143 11 0 0 212 3 151 162 65 0 56 0 0 255 41 126 0 88 0 78 78 255 210
    135 12 0 167 94 0 0 78 255 0 255 0 201 205 16 255 255 255 0 133 0
    100 255 255 0 203 30 219 147 255 0 0 191 255 116 20 255 0 162 255 60
    0 79 140 35 154 183 252 137 181 255 234 130 211 0 60 183 0 255 39
    158 13 255 255 0 0 255 130 0 230 0 187 40 72 39 238 183 0 255 110
    210 41 66 0 137 189 0 30 0 174 0 154 138 103 255 0 255 21 12 176 143
    73 0 120 120 29 255 210 4 182 255 255 0 148 157 82 0 0 255 255 175
    255 74 0 97 49 0 23 119 255 185 231 171 222 255 48 58 199 45 49 53
    127 81 252 184 7 232 255 176 109 116 0 0 0 0 0 255 168 255 43 33 255
    68 137 188 96 255 176 63 47 52 48 68 64 204 0 3 252 103 255 255 95
    207 0 4 188 67 0 232 231 255 196 206 240 255 255 200 255 219 129 192
    157 186 122 240 0 55 122 0 255 50 216 122 31 51 109 239 220 210 220
    97 133 255 0 251 123 217 255 92 255 167 0 255 5 255 44 23 0 64 56 63
    121 255 10 12 205 255 202 222 78 51 60 47 4 0 213 35 242 255 0 197
    255 4 73 0 223 131 0 228 48 250 136 0 68 128 144 15 142 0 104 122
    136 46 13 33 51 65 0 167 216 200 207 219 0 46 206 0 214 0 120 193 89
    90 255 255 185 0 40 230 5 255 47 46 255 255 0 177 227 0 49 19 188
    255 255 0 46 135 0 96 44 139 40 191 68 57 29 82 0 98 26 255 0 0 190
    47 255 58 156 255 45 255 230 122 68 195 0 13 104 255 255 87 182 255
    0 41 240 255 124 97 181 180 35 102 0 0 53 22 192 16 204 255 0 255
    151 76 0 215 30 0 0 141 0 134 135 70 149 255 255 255 255 119 153 88
    144 114 70 151 112 246 52 255 176 255 90 115 155 238 90 76 255 156
    52 76 185 40 196 88 255 123 139 255 255 141 50 0 168 255 0 93 9 255
    255 0 161 65 0 246 99 255 255 0 0 73 200 200 180 255 255 181 0 0 164
    57 79 225 120 206 61 11 0 146 68 65 202 118 0 103 186 141 255 255
    135 174 184 240 0 168 124 123 21 79 38 0 0 0 88 162 29 255 0 0 141
    220 255 167 232 255 165 252 255 4 0 0 251 136 255 50 251 165 33 155
    233 88 23 255 205 49 0 0 1 0 216 182 255 64 255 131 3 0 23 87 242
    255 0 0 255 255 1 105 171 90 254 0 247 118 98 73 0 211 255 0 255 194
    184 0 35 183 32 0 128 255 124 255 67 255 8 20 250 210 52 135 255 255
    81 255 34 129 255 108 119 60 43 170 0 0 55 255 44 106 103 183 102 88
    251 195 0 179 104 25 0 177 28 94 81 0 0 255 20 49 229 5 0 172 0 214
    0 114 197 124 166 255 255 163 0 255 255 0 251 255 0 145 172 8 125
    144 237 0 212 28 19 0 38 255 255 202 14 255 96 32 255 255 72 106 89
    6 213 0 255 4 0 146 0 180 70 231 244 63 44 8 156 64 106 99 211 254
    155 76 0 20 155 100 149 255 247 0 54 237 255 0 32 2 255 150 255 62
    51 130 255 141 61 148 0 72 0 110 213 63 0 207 255 44 0 0 205 255 74
    13 255 118 214 0 255 229 57 101 84 118 137 0 8 150 110 3 102 0 206
    44 208 255 177 61 15 255 255 71 144 220 255 0 35 34 145 67 166 180
    114 255 214 255 5 0 255 0 54 255 196 146 135 56 186 46 0 73 255 159
    223 120 255 1 0 0 64 183 142 23 233 46 67 224 255 0 232 0 40 0 70
    141 57 173 171 193 94 249 164 20 255 255 176 255 0 154 38 0 75 157
    151 36 255 255 26 246 255 0 0 255 95 134 28 0 218 18 0 206 188 216
    255 88 0 134 9 224 59 0 203 0 0 0 86 9 255 67 255 0 0 122 218 255 0
    255 255 22 0 0 0 129 252 0 0 125 33 0 0 255 15 0 78 0 255 19 0 182
    40 255 255 122 85 230 53 0 255 255 114 252 255 255 53 6 0 147 177 0
    145 96 122 168 40 0 136 225 117 255 59 150 222 142 255 61 224 204
    226 239 0 176 47 255 182 119 93 214 27 255 100 255 190 55 145 61 255
    150 62 0 255 117 0 8 255 2 255 155 25 100 166 134 72 0 255 255 100
    10 0 182 0 160 0 26 255 0 0 87 0 5 0 0 117 0 255 82 13 192 203 255
    138 168 247 104 35 117 113 61 94 45 225 255 171 2 32 70 232 168 132
    81 0 255 115 0 255 203 0 23 0 4 2 185 0 108 192 255 255 0 66 90 59 0
    198 98 87 73 2 255 0 255 242 255 228 113 242 15 33 74 192 212 47 202
    255 235 255 0 93 221 255 242 100 89 184 0 154 255 124 146 3 190 201
    194 181 255 0 226 28 135 0 200 55 0 89 170 255 98 143 8 152 104 203
    65 104 0 168 5 0 30 74 255 0 46 255 255 111 130 131 0 255 152 203
    255 203 0 24 0 0 81 130 96 72 0 122 103 48 86 219 208 70 0 223 6 167
    255 239 211 255 220 0 25 160 255 0 184 190 49 92 158 37 255 63 255
    160 255 255 255 196 255 0 30 255 100 44 246 0 14 198 244 255 155 255
    98 129 37 63 89 80 218 254 150 62 163 255 58 72 246 255 255 60 0 241
    0 0 255 76 73 120 191 244 38 150 0 37 120 127 0 125 10 140 0 255 219
    76 235 216 56 222 0 0 0 99 143 85 180 168 132 100 135 60 255 84 81
    76 147 95 0 161 0 24 255 74 140 255 212 76 0 255 128 178 56 0 255 0
    16 252 255 0 131 204 170 233 255 72 255 79 176 221 236 151 28 0 255
    126 134 255 231 241 196 255 255 114 68 255 255 224 5 227 161 157 225
    239 237 211 112 84 153 235 81 255 114 255 197 241 78 255 255 109 219
    237 63 255 206 0 255 255 255 118 197 255 182 54 0 152 0 0 0 255 100
    255 255 255 255 107 230 46 36 109 8 255 0 0 255 255 93 255 206 202
    113 255 49 86 93 8 18 197 255 0 152 255 0 167 236 0 182 255 188 226
    172 174 39 54 0 0 2 104 31 146 164 255 40 50 163 199 172 255 188 27
    119 232 117 51 0 162 178 0 255 142 0 145 76 108 47 73 127 255 255
    255 19 98 194 226 43 47 186 44 124 0 95 0 255 2 55 232 147 0 255 34
    0 81 43 255 0 0 250 106 255 255 223 0 186 121 255 255 13 71 38 137 0
    181 101 57 255 33 255 0 255 0 89 0 200 0 0 203 157 43 0 255 59 31
    255 0 93 217 0 255 116 255 128 0 148 255 165 9 255 0 199 0 215 255 0
    0 0 72 0 0 255 136 164 21 255 94 215 0 55 0 121 255 0 0 0 255 255 0
    255 224 24 35 228 108 174 200 255 0 255 153 198 117 0 0 216 158 205
    55 0 16 211 131 43 27 0 57 141 22 255 124 73 255 61 134 255 255 194
    11 0 54 218 84 6 255 171 13 255 67 49 65 0 216 0 255 255 0 0 255 158
    0 224 0 1 0 0 118 167 235 139 214 255 255 255 186 0 111 29 207 57
    162 255 147 196 70 0 177 106 172 199 55 172 255 0 0 0 255 33 134 39
    0 204 14 255 0 245 143 0 255 42 45 0 196 255 255 190 255 214 0 130
    197 219 220 0 156 0 0 10 255 31 0 184 0 255 145 46 17 81 188 22 255
    255 229 111 0 180 80 51 177 120 50 112 166 193 140 165 0 148 155 129
    255 252 70 112 0 248 231 238 8 252 208 218 222 255 0 135 31 216 162
    255 19 0 105 87 0 192 11 124 31 122 70 0 179 30 40 255 130 255 255
    55 8 110 94 0 147 165 169 0 101 255 25 136 182 21 255 123 0 0 185 0
    168 69 203 255 139 183 255 85 243 204 255 6 255 184 139 106 255 218
    48 97 54 255 0 168 58 1 0 0 224 49 174 88 90 17 83 147 171 242 98
    161 245 159 93 0 143 255 0 255 255 215 255 0 96 255 188 201 255 51
    174 96 227 255 46 255 255 12 255 255 92 0 65 77 0 0 255 87 0 255 22
    0 133 64 186 136 86 201 217 196 144 255 165 103 0 248 25 233 0 120
    255 0 215 255 0 255 18 223 255 255 255 77 153 191 145 0 255 104 112
    237 0 79 0 255 255 255 63 255 246 213 183 0 255 0 113 255 145 255 0
    78 186 34 231 209 255 244 255 31 70 10 128 0 10 166 0 0 167 0 229 76
    155 81 128 195 149 56 171 244 0 115 10 244 26 255 194 255 255 190
    232 40 108 164 182 0 0 0 0 22 112 255 137 33 92 255 6 151 0 255 255
    103 27 65 255 95 0 233 63 37 255 255 128 196 0 135 164 115 0 227 100
    255 221 255 255 32 159 255 81 210 0 82 0 255 155 255 63 255 191 169
    255 0 92 250 0 131 255 217 78 239 50 102 255 0 255 145 254 14 255
    255 255 114 167 0 69 255 150 92 0 68 175 0 11 0 34 0 0 0 0 162 110
    255 255 0 255 219 211 142 0 0 255 232 239 255 46 87 25 162 255 87 25
    255 0 82 224 9 242 255 255 42 39 254 231 162 8 211 255 107 78 255
    165 0 231 56 182 0 187 60 255 216 255 15 213 0 0 188 164 0 0 160 255
    126 29 173 255 0 255 0 59 75 87 223 6 23 0 0 175 45 99 6 73 51 255
    236 0 9 144 27 255 229 0 255 109 0 0 44 55 243 245 0 241 10 0 255
    234 211 0 22 183 139 255 255 40 133 211 165 0 255 0 0 255 22 90 124
    255 235 221 124 77 147 0 149 255 176 67 113 220 252 241 177 171 0
    156 255 0 255 21 255 21 146 0 197 236 228 0 191 104 64 255 62 48 255
    171 157 0 0 255 44 4 0 255 81 41 193 52 0 152 178 12 203 125 95 121
    0 243 90 28 0 255 207 181 253 229 0 244 255 0 235 97 91 39 220 53 68
    255 255 255 233 255 143 112 255 206 0 141 155 0 255 148 61 88 0 0
    125 234 180 7 71 54 68 230 0 255 241 251 255 255 0 144 255 30 108
    127 47 166 91 0 144 0 255 52 193 17 0 47 255 255 255 0 197 42 0 99 0
    255 100 172 118 177 245 193 199 195 78 0 24 93 222 255 255 230 43
    237 0 0 81 255 141 221 179 19 249 255 0 255 255 0 255 107 7 0 44 179
    240 211 47 0 255 225 195 121 65 255 180 76 116 135 25 255 106 255
    247 122 255 81 255 133 48 80 198 255 113 255 255 255 41 151 255 0 83
    163 237 0 96 255 61 44 255 248 185 0 255 23 151 228 76 0 32 13 0 252
    0 140 0 255 65 97 170 18 0 0 86 54 105 111 205 236 118 107 84 166
    110 36 173 255 255 198 146 0 51 234 0 154 0 255 27 171 115 255 0 255
    2 0 255 149 36 255 108 10 0 222 255 44 255 0 154 134 255 75 0 0 158
    0 156 162 255 84 0 65 198 112 112 212 104 106 71 33 0 25 169 121 7 6
    0 3 159 0 0 114 101 255 0 81 32 127 180 157 206 218 0 255 95 183 238
    255 29 226 60 13 255 0 72 0 112 141 20 11 118 118 0 0 255 212 29 108
    254 251 61 116 38 96 255 0 133 188 106 255 255 193 94 255 59 226 14
    221 255 212 209 74 87 40 0 255 203 0 63 145 123 0 125 74 0 21 255
    101 71 22 212 199 110 196 117 128 97 0 255 0 52 255 123 87 240 249
    255 0 140 226 214 11 0 255 242 99 41 250 129 42 255 25 0 255 167 255
    156 57 0 255 81 234 124 149 88 252 255 43 161 198 0 213 19 172 203
    128 150 255 32 124 255 64 246 179 192 120 255 190 188 0 168 143 86
    255 245 41 35 255 227 116 0 229 101 58 255 15 12 255 241 255 156 255
    255 219 146 153 255 255 255 255 6 69 206 1 0 76 3 142 28 0 101 237
    116 244 0 44 0 0 0 154 109 43 240 255 99 143 78 255 255 255 0 67 0 0
    160 0 0 255 57 255 233 126 132 234 255 23 209 170 247 50 75 0 255 45
    0 10 188 0 222 34 108 171 0 244 0 23 37 141 20 0 41 255 62 157 255 0
    143 0 59 161 68 107 255 164 82 255 135 187 145 255 255 0 154 0 2 212
    216 255 200 0 199 196 24 13 0 168 91 0 255 49 255 213 0 253 237 186
    0 239 122 213 0 254 232 0 255 141 0 37 56 46 219 97 130 0 97 255 0
    246 255 63 187 255 163 255 255 255 100 255 255 72 0 241 60 20 0 0 0
    0 85 0 255 237 225 0 255 255 255 0 79 132 0 0 183 255 237 25 215 255
    203 50 255 196 95 0 208 0 22 154 0 194 11 6 8 255 61 0 61 255 0 141
    240 133 255 3 211 250 0 0 123 39 192 132 255 126 0 0 152 0 255 92
    189 255 224 192 160 255 16 100 255 0 4 255 34 11 154 124 104 0 39
    246 0 255 255 97 229 119 0 229 255 255 135 77 2 248 0 23 0 1 255 255
    0 0 255 146 102 94 231 100 0 222 119 3 133 147 38 154 240 102 116 41
    0 255 255 255 168 236 0 0 220 146 135 255 88 255 255 101 225 0 187
    194 255 31 173 218 255 201 191 220 255 255 145 25 62 130 0 255 225
    255 119 64 227 109 225 97 147 50 22 255 192 255 130 226 0 199 126 0
    216 222 192 189 255 74 255 140 159 70 255 246 103 201 30 152 138 87
    209 0 251 255 158 255 190 0 31 226 218 0 239 234 85 255 255 204 222
    255 102 255 73 0 93 0 242 18 255 238 142 224 255 0 255 211 72 206
    255 198 121 56 76 208 8 127 0 107 145 0 0 238 253 255 162 0 255 255
    255 240 23 171 255 221 255 205 221 204 255 223 0 91 0 0 201 152 56
    199 151 255 0 4 255 170 135 248 17 0 0 0 255 0 0 173 31 255 0 101 4
    49 255 255 186 113 255 33 47 4 6 0 172 255 12 0 165 224 0 0 45 255
    64 60 255 116 146 244 22 82 255 213 146 221 14 0 135 255 84 0 255
    179 0 236 255 255 186 157 167 223 7 71 255 205 169 0 91 0 0 0 42 0
    76 1 255 255 0 68 189 255 238 0 218 255 255 80 176 46 247 0 115 0 23
    166 187 59 70 204 255 255 255 0 237 152 87 255 0 197 0 177 16 33 17
    255 0 11 114 0 0 255 250 255 255 255 47 0 73 255 255 233 133 255 206
    17 37 255 236 0 0 152 0 132 156 108 69 243 0 14 42 0 149 224 255 228
    173 144 255 228 70 123 41 200 43 255 111 141 208 74 231 255 255 0
    255 45 115 10 124 115 0 44 255 254 131 130 226 255 110 0 147 0 255
    160 38 99 0 127 106 255 164 167 176 95 100 255 45 0 66 228 67 65 37
    115 255 255 74 255 51 17 115 165 111 120 255 255 136 13 229 255 0
    226 137 0 77 253 215 0 92 0 0 250 78 213 255 239 89 255 144 25 89
    238 149 140 255 0 187 140 153 30 211 255 57 220 0 34 255 0 255 255
    125 138 162 0 255 136 0 235 0 185 99 56 194 45 255 0 0 255 81 1 40
    255 0 115 73 255 59 10 104 0 255 0 42 0 61 134 61 175 74 255 167 255
    208 126 17 0 255 255 240 45 28 36 255 0 97 0 92 79 255 108 168 233
    100 0 29 57 241 255 75 172 72 137 24 152 63 41 160 170 255 6 178 57
    255 36 66 255 246 18 135 0 99 255 255 0 255 179 0 146 36 101 255 97
    103 77 255 0 255 0 154 110 143 0 177 131 219 255 255 0 0 121 93 64
    113 0 137 255 0 51 0 217 135 0 214 245 255 79 158 255 0 33 0 38 233
    253 159 230 255 255 0 0 207 0 0 24 198 232 0 221 32 0 0 63 0 177 24
    122 189 20 143 196 184 255 28 72 153 5 46 183 255 145 197 119 30 255
    0 221 255 21 194 255 124 255 255 39 152 245 0 159 216 0 22 159 150 0
    188 217 126 123 140 198 255 0 180 0 131 255 54 255 255 99 47 179 255
    53 0 0 0 38 0 151 0 255 8 5 147 245 255 171 103 10 255 156 111 48
    255 222 35 13 0 233 255 255 0 250 0 77 0 0 232 52 32 0 15 216 0 0 0
    31 255 22 28 84 51 30 0 142 191 240 240 0 21 255 80 245 110 39 181 0
    252 3 183 0 255 108 255 98 0 190 103 0 6 78 80 255 74 50 255 60 169
    34 177 0 14 0 255 255 156 0 250 26 0 117 251 127 97 59 16 255 59 255
    48 96 251 0 255 0 50 255 0 0 38 203 207 251 69 228 255 119 66 190
    229 255 154 0 70 0 176 255 60 70 255 52 153 0 164 146 255 242 254 77
    85 255 255 172 235 112 125 250 206 255 255 255 34 68 158 0 0 0 255
    181 247 255 227 0 0 255 50 202 255 0 29 0 255 180 248 9 152 203 103
    0 216 244 0 181 255 64 0 182 73 19 0 22 123 3 0 95 135 153 0 202 96
    255 151 255 179 255 30 0 227 115 79 215 251 255 255 184 217 128 2
    177 0 54 172 63 0 255 87 35 236 255 79 103 0 255 255 0 142 106 0 255
    10 200 0 6 37 4 61 254 2 240 174 85 0 132 0 57 240 0 0 209 0 139 0
    235 203 255 90 255 138 47 213 205 255 134 219 255 214 50 255 0 78 0
    129 255 234 255 74 155 0 239 60 208 255 75 60 129 73 255 58 255 202
    255 163 98 155 176 0 255 217 255 255 255 255 147 165 208 82 0 68 147
    78 76 23 0 43 255 226 0 39 255 116 118 138 106 0 251 0 54 255 110
    255 255 255 255 45 255 0 255 185 255 0 0 255 152 104 131 21 255 255
    191 255 164 175 162 201 255 73 36 61 113 0 15 23 0 255 0 165 255 6
    96 125 255 133 59 255 0 131 212 0 86 93 209 219 111 121 184 222 0 22
    255 199 39 61 163 0 56 0 0 150 133 255 205 255 255 255 206 255 255
    45 184 11 227 7 58 231 85 110 172 0 43 107 0 255 87 255 255 149 0
    255 10 255 183 0 153 121 136 225 154 255 21 226 182 206 255 56 109
    218 207 88 0 216 43 0 163 255 0 255 0 0 0 0 0 133 0 27 22 106 0 255
    0 255 37 238 255 255 134 255 20 161 9 12 0 0 0 18 72 139 33 80 230
    255 145 151 0 82 0 56 172 255 255 0 82 212 0 255 12 0 222 0 255 255
    48 172 186 36 124 62 1 32 0 252 209 86 0 169 130 49 205 0 255 185 70
    0 1 255 0 0 13 255 0 159 68 106 73 167 100 255 68 33 255 100 21 0
    255 83 200 169 0 129 149 3 171 22 152 0 0 152 255 39 39 140 88 244
    246 92 255 0 8 177 0 0 111 255 56 162 0 255 92 74 255 4 152 255 0
    111 59 72 255 172 0 122 255 216 255 255 255 255 255 111 43 242 253 0
    255 255 170 255 255 213 255 255 206 68 255 255 163 132 199 230 193
    34 0 75 229 255 15 17 230 233 255 78 101 215 69 255 75 37 74 255 0
    255 0 0 0 0 168 255 48 0 255 0 255 72 0 178 216 107 255 112 9 0 144
    27 187 255 121 178 88 0 181 56 255 110 42 32 38 125 219 255 151 236
    0 35 240 49 255 73 117 142 0 0 255 255 31 238 246 255 0 51 78 184 0
    0 173 78 211 177 255 194 106 255 231 241 0 0 217 0 0 255 189 43 103
    0 255 200 0 129 255 63 0 203 0 255 255 0 255 102 127 209 0 0 255 0
    226 0 3 223 162 0 156 105 152 255 255 51 255 123 139 0 110 58 122
    187 18 69 155 216 0 206 229 138 255 0 57 102 0 56 60 0 82 31 233 127
    118 0 82 0 255 174 24 48 255 0 255 68 133 255 41 104 194 253 140 104
    97 255 0 65 0 0 45 98 19 0 226 255 95 168 0 210 255 0 23 255 255 0
    86 12 247 172 0 116 202 234 172 185 98 255 231 255 27 255 88 18 255
    202 223 32 255 0 255 255 255 0 61 199 38 255 2 132 122 179 0 84 98
    228 255 0 255 0 95 255 0 172 90 201 0 0 244 161 182 191 255 52 31
    231 0 7 0 0 52 0 0 86 184 136 66 0 212 255 255 118 160 96 181 255 74
    0 145 117 150 48 79 33 163 0 0 19 108 163 27 104 0 214 48 37 202 190
    0 0 145 48 0 201 223 60 255 249 92 70 13 255 56 30 134 255 75 250
    152 0 214 106 20 113 164 0 133 255 78 255 59 253 255 255 8 178 0 255
    0 6 29 210 0 255 120 0 255 88 90 79 106 45 241 255 70 127 5 247 234
    146 142 136 177 255 255 207 183 237 255 0 255 158 113 0 202 245 152
    222 255 193 14 42 212 0 255 255 0 255 255 106 255 255 0 74 255 8 228
    114 255 99 0 14 240 0 202 70 136 139 255 255 0 255 255 255 174 153
    33 104 36 129 44 0 46 162 14 114 140 47 0 27 0 255 70 0 137 70 180
    229 89 0 255 255 119 186 74 41 249 19 255 176 89 0 255 255 0 155 90
    253 0 213 81 92 0 255 255 0 39 114 0 179 255 255 255 255 67 79 255
    191 7 173 0 37 8 0 92 0 208 3 0 255 95 175 255 173 156 239 255 42
    255 133 255 238 255 61 255 119 7 105 154 157 0 0 255 0 0 0 255 0 73
    53 170 0 209 255 0 0 89 0 161 255 112 96 105 0 194 61 52 217 13 0 0
    48 56 252 0 0 0 63 0 255 254 0 255 159 0 157 157 68 46 26 52 99 0
    255 64 32 128 119 123 225 43 15 88 57 46 255 255 255 40 0 18 0 236 0
    161 196 154 83 255 3 255 0 142 161 213 229 91 227 73 202 210 72 219
    255 0 0 120 0 140 0 244 255 0 171 70 255 30 78 60 255 0 70 167 255
    255 181 28 240 208 255 0 255 54 255 157 255 44 39 136 220 255 202
    129 255 95 125 255 91 230 255 0 56 255 101 179 241 132 0 255 255 0
    255 0 0 126 133 0 175 173 0 140 17 129 0 90 255 197 0 89 229 11 208
    132 255 174 148 0 69 193 87 238 197 255 83 128 94 33 131 255 0 0 236
    59 255 33 0 161 130 220 127 69 40 0 113 107 117 78 255 0 0 191 83 0
    8 0 0 255 255 119 255 255 60 255 130 93 0 0 172 255 0 0 0 0 0 127
    255 255 158 16 174 0 0 255 56 0 255 192 236 61 212 168 78 247 232
    224 132 5 91 0 255 255 202 26 77 152 255 56 0 223 255 87 7 189 85 0
    0 255 49 235 96 0 0 54 0 0 61 224 164 0 0 0 169 54 141 107 255 255
    255 255 113 254 140 68 255 0 93 255 255 0 255 255 8 255 92 176 211
    131 0 64 133 129 126 0 0 54 105 130 13 153 144 69 185 68 95 233 245
    68 55 228 152 141 121 205 51 0 73 220 168 105 17 5 237 178 60 8 255
    53 0 0 0 255 106 163 255 255 0 231 32 0 8 0 0 79 103 255 84 9 255
    169 93 43 199 0 237 171 41 123 122 0 255 0 255 201 0 148 197 58 6
    172 0 139 229 255 82 255 216 84 255 148 206 248 255 211 178 130 255
    0 0 141 59 116 255 255 0 200 145 0 0 255 228 195 118 255 89 63 167
    255 83 98 68 255 172 138 227 255 0 229 255 248 255 132 255 0 89 31
    228 0 143 228 0 88 124 0 121 73 88 255 255 255 255 224 136 59 90 196
    11 0 255 0 78 255 21 210 0 43 33 49 156 255 255 154 0 255 56 122 186
    0 129 0 255 121 0 119 62 237 227 227 103 147 0 255 176 94 13 30 0
    255 222 0 56 108 0 112 194 59 196 255 74 28 72 218 116 64 20 255 153
    0 255 145 34 0 0 65 105 0 91 255 178 255 0 254 214 248 55 29 72 255
    255 190 255 0 138 255 69 17 133 143 255 255 255 223 197 2 45 0 114
    255 74 108 246 173 255 136 26 121 135 230 55 219 103 174 186 108 138
    77 102 181 117 151 216 0 36 75 255 216 255 255 230 111 0 0 66 255 59
    0 60 56 165 92 255 136 146 245 177 255 255 180 62 42 50 4 0 124 0 45
    71 108 211 0 197 246 175 217 255 18 0 175 186 255 0 255 162 11 255 0
    3 237 25 255 74 244 233 255 100 6 0 255 255 255 255 183 255 86 16
    156 212 187 88 0 52 0 65 148 26 147 244 57 255 169 61 128 58 0 23 15
    82 7 76 187 56 189 80 128 142 0 255 97 0 222 255 71 223 255 92 255
    101 59 68 20 102 156 0 255 231 145 50 128 255 149 119 121 255 0 194
    181 0 178 0 39 0 255 195 181 40 193 0 43 0 105 148 0 0 79 138 0 0
    255 255 242 255 165 203 239 114 186 134 245 255 220 73 188 73 45 255
    0 23 218 172 72 0 192 125 112 255 220 67 0 86 111 111 255 193 63 255
    0 187 111 20 109 112 0 0 104 0 254 162 214 143 41 0 0 0 94 130 255 0
    0 255 255 221 255 255 17 205 46 7 155 0 219 0 187 182 204 0 0 255 0
    39 100 138 106 210 180 47 73 69 0 18 9 23 255 0 255 189 0 0 25 48 27
    30 254 255 189 42 238 129 255 37 19 32 195 0 0 255 255 255 171 255
    215 103 1 0 255 76 255 255 123 195 36 200 47 0 0 255 69 255 0 145
    255 245 0 99 0 134 254 37 165 125 41 170 0 184 255 3 22 55 56 255 7
    0 215 144 255 26 233 128 218 177 160 115 255 82 255 255 210 0 17 98
    255 229 255 0 255 50 8 125 255 233 66 77 157 255 255 0 188 8 0 255 0
    0 243 255 90 0 255 212 144 255 153 136 191 255 92 203 255 0 0 143
    205 0 59 255 179 254 240 1 243 64 77 135 255 23 73 222 255 27 225
    190 70 255 255 183 53 255 22 43 46 0 127 4 126 255 109 0 89 27 218
    255 0 85 245 98 170 241 0 40 201 255 131 195 255 73 255 205 255 121
    150 255 0 137 0 104 255 0 201 150 0 255 0 0 173 164 91 175 250 36
    255 255 57 255 0 1 128 255 131 255 35 0 107 255 158 122 0 0 255 193
    0 102 0 255 67 199 255 15 70 168 110 255 0 103 0 13 3 111 100 17 245
    80 0 40 96 184 32 136 175 255 161 0 177 70 82 255 126 128 16 0 255
    244 16 150 20 46 0 255 0 85 175 108 78 0 102 52 175 88 255 202 2 151
    0 120 10 40 163 173 255 110 0 255 0 10 147 47 0 175 255 255 255 255
    165 0 196 255 255 255 255 109 255 222 29 251 0 97 67 0 219 130 44
    177 0 255 120 105 197 255 234 0 130 0 0 112 0 170 255 47 55 134 0 77
    21 0 116 12 134 237 255 94 255 0 255 0 154 146 0 255 172 117 255 255
    255 255 247 255 200 0 56 230 14 126 25 200 0 0 255 151 219 0 68 72
    212 0 255 251 41 0 246 255 0 59 236 148 195 199 131 0 91 19 182 26
    255 255 197 62 255 243 84 134 255 0 67 229 49 227 255 11 247 38 0
    244 133 255 255 0 125 255 26 205 255 57 97 0 74 119 156 216 225 79 0
    77 189 16 15 255 119 242 7 0 255 255 0 59 56 0 229 0 255 95 223 47 0
    255 85 65 190 0 255 161 171 89 251 255 255 0 104 20 0 255 0 0 0 18
    255 0 0 203 230 251 0 245 40 255 255 74 240 126 110 0 0 58 55 0 222
    220 0 223 226 255 0 142 77 0 129 119 0 0 230 6 9 223 150 120 234 0 0
    209 137 0 255 72 56 102 227 45 27 3 255 0 0 192 99 177 3 129 36 255
    36 88 0 0 255 78 255 255 255 193 123 212 116 0 78 74 0 209 0 128 64
    160 58 255 255 138 0 212 255 101 112 255 176 238 154 76 176 60 43
    155 74 45 149 170 0 181 158 0 240 31 255 203 255 145 95 77 255 82
    198 73 0 59 169 34 255 199 172 44 8 247 0 0 255 126 255 255 16 255
    54 0 221 156 0 255 255 21 1 140 255 0 255 194 12 87 248 255 94 255
    178 255 91 236 100 100 0 151 71 164 142 29 89 0 76 202 176 0 255 167
    211 0 255 120 116 101 245 98 0 243 231 244 255 36 255 255 156 255 0
    107 255 140 0 104 72 164 255 182 71 140 27 50 16 0 255 36 51 207 0
    46 0 29 0 0 255 199 144 201 0 251 146 27 0 77 255 26 0 221 239 18 0
    197 87 106 95 183 0 255 255 33 0 135 153 17 169 0 37 50 88 76 249 66
    60 255 255 0 234 98 255 136 0 188 255 4 0 0 140 0 164 42 48 33 181
    25 190 222 185 255 200 158 60 146 90 217 0 0 35 0 227 0 0 12 132 131
    255 48 197 170 166 249 35 140 35 124 171 255 2 162 45 41 118 0 197
    160 255 255 0 0 9 213 0 0 244 60 0 222 253 207 68 122 141 118 109
    124 255 0 239 255 238 94 255 255 48 255 35 2 255 255 242 161 255 0
    203 127 74 224 0 250 218 255 158 0 247 255 255 255 69 17 255 236 255
    0 0 64 72 0 246 90 227 238 255 117 20 199 9 243 22 160 0 45 4 255
    255 212 255 255 51 130 255 14 255 0 93 255 255 75 154 255 254 155 2
    0 64 94 93 224 255 255 186 237 16 19 36 175 168 255 255 146 255 77 0
    151 0 41 157 0 255 96 127 255 0 185 7 167 0 33 34 255 255 0 98 1 157
    185 17 0 0 225 250 0 0 182 0 109 44 128 255 9 136 238 124 219 255
    238 0 221 0 139 106 0 58 49 0 152 0 240 22 0 43 57 103 13 245 160 3
    107 0 153 139 177 245 100 0 181 71 208 245 147 0 0 255 255 255 99
    144 65 0 0 0 0 255 255 143 255 39 160 0 255 255 0 175 133 0 255 224
    0 202 255 132 49 255 126 112 0 46 255 20 204 0 255 0 255 218 148 143
    255 255 111 0 255 160 0 39 184 194 36 217 156 20 255 0 1 154 166 255
    102 0 138 255 0 121 255 0 187 255 255 51 0 102 51 173 126 255 255 55
    91 75 0 0 121 0 136 35 255 255 98 0 74 41 245 12 217 0 82 64 255 255
    0 219 255 0 216 86 140 10 11 78 40 0 251 84 232 0 223 6 161 68 6 248
    0 208 218 255 0 255 215 0 255 156 239 152 25 255 0 0 0 10 20 5 0 91
    0 255 207 152 255 27 171 255 60 255 255 237 188 203 0 172 171 214 0
    34 73 255 195 0 255 67 0 255 18 0 213 25 0 126 255 255 255 224 255
    255 0 246 16 5 96 255 255 138 255 255 255 125 0 248 0 0 241 176 107
    179 0 0 75 15 244 122 50 25 253 213 253 255 217 0 66 0 0 9 150 110
    28 62 18 255 66 72 255 0 136 21 179 0 173 0 4 255 70 185 77 11 29 29
    251 18 138 12 38 0 116 236 89 255 35 43 241 0 153 243 0 151 255 12
    255 255 53 43 0 201 21 18 55 255 154 230 222 118 90 255 132 111 78
    255 188 0 131 0 83 45 255 0 44 165 236 0 0 255 76 58 255 210 44 0 40
    53 86 244 0 2 202 22 97 0 0 65 215 8 144 172 3 255 0 108 0 113 101
    61 0 168 255 123 67 0 80 210 245 255 0 84 0 92 204 0 221 148 142 0
    122 175 0 245 0 67 226 56 255 245 88 255 0 89 255 255 255 145 255
    205 255 250 39 103 224 247 162 174 0 97 255 95 255 105 0 202 173 250
    0 255 255 255 42 97 50 0 255 0 21 100 189 4 255 0 255 203 74 169 222
    123 236 197 150 0 0 37 176 255 0 255 8 255 158 131 68 234 47 32 100
    130 247 42 3 95 251 255 181 197 222 55 200 42 17 255 0 255 255 0 49
    166 154 255 203 147 189 241 237 178 11 81 255 192 234 213 255 255
    255 121 46 255 49 0 0 133 246 0 31 255 97 194 135 190 110 0 255 0
    234 44 0 208 216 108 239 228 19 0 52 255 0 17 0 97 250 46 0 194 133
    255 255 255 244 255 185 252 23 110 0 0 138 31 0 223 255 116 13 109
    102 125 222 157 142 0 249 227 165 208 255 247 205 207 51 243 255 255
    147 110 231 197 0 203 220 0 50 97 110 0 0 8 222 255 255 164 199 57
    246 19 244 117 178 255 94 252 230 173 254 255 255 35 26 255 205 231
    105 253 148 110 33 237 0 255 0 193 0 52 26 26 0 0 255 251 165 0 188
    0 255 179 73 71 199 201 7 0 0 0 255 0 164 52 174 255 228 255 0 103
    35 13 69 164 21 163 213 103 255 196 69 240 255 219 26 218 83 81 216
    98 255 255 7 168 172 255 255 242 255 0 48 130 3 0 255 255 201 0 27
    114 217 0 206 90 203 54 147 161 46 215 0 234 255 25 53 238 18 0 190
    183 178 123 221 0 0 180 206 176 9 216 70 176 46 78 0 44 5 173 122
    255 255 71 255 255 0 255 0 60 73 0 199 162 19 53 53 0 0 0 255 52 247
    44 0 107 0 255 12 0 16 255 97 33 255 133 116 234 26 202 235 240 43
    183 161 157 241 197 211 134 0 254 26 76 32 83 181 25 177 255 255 126
    160 178 129 78 72 174 250 255 163 100 33 226 127 134 130 0 21 255
    255 255 62 56 0 53 44 104 255 255 95 5 202 232 112 209 104 9 0 255
    45 255 10 189 253 113 29 0 203 76 0 29 119 255 0 167 255 0 162 255
    27 0 135 0 18 13 0 27 0 255 63 122 201 142 255 255 172 4 122 9 0 47
    0 255 245 0 173 175 211 107 195 202 131 180 251 255 255 171 38 222
    115 192 172 0 189 155 0 0 208 225 0 6 255 59 255 255 23 122 203 255
    242 158 48 0 178 140 177 0 150 41 182 0 0 66 0 78 255 164 255 213
    152 255 6 255 255 255 104 136 196 45 110 187 255 62 0 0 255 165 49
    255 255 185 78 180 154 140 0 151 0 109 75 133 71 0 255 109 120 166
    255 65 119 255 5 17 64 0 0 144 255 75 0 76 176 12 111 145 195 255
    147 255 216 233 0 255 255 28 221 221 190 0 0 152 99 149 255 94 238
    225 172 0 29 255 255 212 255 255 39 255 121 209 60 21 255 255 255
    201 209 255 164 0 80 66 189 255 255 28 44 64 191 255 255 226 140 255
    162 0 242 33 0 63 208 119 22 222 0 0 138 90 49 255 140 0 183 162 255
    5 154 226 128 0 126 255 255 162 38 255 156 255 255 34 255 201 0 141
    121 233 168 74 223 255 255 16 193 210 255 157 142 255 7 143 243 0 0
    252 70 124 192 255 99 241 60 244 248 0 255 210 166 28 57 238 255 127
    171 153 46 15 0 32 0 197 166 0 0 0 232 31 0 204 11 149 0 0 58 0 181
    255 45 199 255 0 0 227 15 0 0 255 0 0 0 229 31 251 199 0 236 255 179
    16 255 162 97 255 99 0 0 128 0 0 180 36 115 202 0 0 72 21 252 202 0
    93 164 115 255 88 16 251 22 54 247 61 40 3 255 222 255 88 3 90 90 0
    255 73 183 255 139 142 255 201 255 255 255 95 10 180 97 217 0 24 0
    36 56 44 255 255 11 255 0 45 9 255 3 64 32 143 237 100 255 100 96
    205 222 69 246 0 97 0 108 32 255 89 254 255 255 255 186 250 255 127
    123 196 213 121 136 175 255 29 130 143 0 0 103 75 255 0 255 248 148
    194 252 255 21 0 220 0 67 119 101 0 84 204 35 175 13 0 255 255 132
    255 192 217 0 0 209 6 6 0 0 125 255 54 0 40 202 255 22 88 110 0 66
    179 7 153 144 255 255 147 2 2 120 0 35 174 98 42 46 66 224 76 22 73
    157 0 255 46 255 182 0 213 247 20 0 220 57 23 206 26 81 200 31 225
    255 255 73 91 0 255 69 0 0 255 199 45 0 118 16 65 103 0 252 0 61 240
    255 0 118 255 167 12 74 132 0 226 0 101 116 217 8 130 241 255 207
    119 255 17 22 255 238 230 249 0 0 49 222 255 51 131 26 255 20 127
    162 216 115 214 66 0 255 22 54 56 63 0 245 229 255 188 255 255 112
    80 255 0 255 14 255 192 133 125 79 65 43 157 42 186 20 0 66 255 194
    0 115 0 211 200 235 78 255 255 232 255 255 244 107 46 255 255 5 239
    231 100 255 187 0 192 175 108 255 52 98 223 236 255 255 255 255 0 64
    202 20 96 255 0 8 0 250 0 0 165 255 255 106 171 255 219 255 105 255
    178 108 58 255 202 186 0 255 45 255 229 255 178 133 16 220 0 74 49 0
    0 0 18 0 255 96 178 255 215 255 0 67 0 37 183 255 78 196 255 0 245 9
    100 249 105 47 255 255 0 0 53 219 255 209 255 243 129 0 255 53 255
    210 175 7 146 255 0 95 16 115 40 36 255 112 39 255 35 30 218 0 200
    182 255 236 111 255 255 11 255 0 157 0 255 0 0 10 255 255 255 236 99
    162 162 0 190 79 63 36 154 109 255 255 0 255 255 109 105 42 69 0 0 0
    50 0 161 253 0 255 157 255 166 254 255 106 236 0 52 223 15 136 255 0
    170 173 228 116 255 0 255 131 0 121 190 0 255 255 0 10 45 0 0 0 0 0
    5 254 148 0 0 180 250 172 221 158 255 0 240 244 0 255 0 143 110 32
    108 252 255 255 0 127 30 245 42 105 97 152 28 240 161 97 255 0 47 0
    97 49 180 0 152 0 0 31 238 0 255 76 218 10 255 195 255 255 0 144 101
    0 14 99 255 255 0 245 243 224 0 159 94 0 219 255 130 130 0 255 255
    213 11 0 255 255 180 200 164 174 46 200 169 27 0 184 85 245 56 18
    255 242 109 138 0 0 19 220 255 237 73 0 28 103 47 114 112 165 21 255
    169 171 8 43 255 255 178 36 49 0 55 3 30 255 155 0 136 255 201 0 0
    202 0 0 198 73 160 0 18 0 38 0 90 97 113 0 203 114 0 255 255 255 250
    0 103 239 0 255 0 211 255 255 255 212 199 190 52 67 255 255 255 0 0
    255 162 255 233 50 41 51 111 0 255 255 86 0 90 13 78 255 215 137 241
    255 152 12 29 168 218 65 0 255 233 198 255 66 255 126 255 55 254 126
    200 0 0 203 207 255 255 0 0 13 10 255 235 0 255 202 0 0 6 42 134 124
    80 119 103 255 24 230 255 83 56 225 197 0 255 130 255 58 14 19 50 0
    89 0 141 255 9 255 127 0 0 0 0 36 110 116 118 183 255 120 229 209 16
    234 255 164 99 182 0 41 211 255 50 89 200 255 255 174 255 0 190 168
    255 255 75 255 243 255 51 191 49 0 0 0 0 124 65 141 12 99 255 255 0
    255 0 255 249 194 255 255 33 0 0 214 88 255 9 255 0 27 25 53 245 255
    53 14 0 233 48 233 0 255 229 173 7 255 255 183 0 132 70 102 92 80
    211 255 109 150 138 7 0 43 0 136 143 255 0 142 23 159 48 191 36 127
    0 255 182 0 0 188 78 0 217 188 194 255 99 255 102 185 6 0 255 0 255
    213 255 23 25 255 0 95 143 23 196 0 177 52 82 173 168 44 53 22 12 48
    255 142 26 157 31 98 14 42 0 73 1 255 0 109 111 255 0 0 136 105 79
    58 238 0 0 191 178 249 255 17 194 255 201 0 255 135 12 0 162 245 255
    255 135 255 230 204 162 0 0 0 0 177 223 0 189 0 255 202 255 252 119
    198 255 141 60 176 138 255 255 0 0 22 129 88 168 113 90 215 201 0
    255 60 0 101 0 228 42 53 255 132 88 203 161 138 255 255 202 255 207
    250 0 0 251 0 0 0 240 0 0 117 0 126 43 71 196 239 224 112 237 255 74
    0 106 84 82 70 160 216 98 0 17 255 0 255 0 137 212 10 0 100 255 0
    255 137 100 33 0 145 255 0 255 22 191 0 0 0 255 0 205 255 152 11 19
    237 0 255 172 248 3 55 255 75 152 255 168 0 0 34 94 255 82 177 135
    53 255 192 76 182 0 255 126 47 195 255 110 255 207 239 0 255 255 57
    30 255 255 197 8 24 0 217 110 0 37 73 89 0 41 207 0 100 0 217 255 0
    255 72 255 157 255 0 64 84 0 34 240 0 255 0 177 98 54 255 218 0 198
    166 40 0 75 242 255 95 190 255 30 0 6 0 61 141 0 0 187 20 14 175 220
    106 255 0 255 238 255 255 6 32 0 22 255 253 84 225 131 53 255 255
    255 168 255 255 0 246 255 159 135 237 106 188 0 202 65 113 0 126 0
    255 255 0 182 0 110 255 0 133 68 244 225 0 0 0 120 0 255 11 124 216
    255 126 102 58 0 167 0 70 207 216 141 17 36 197 0 255 226 70 255 48
    205 255 82 0 255 0 0 255 0 202 197 0 130 73 161 244 0 178 0 222 0 0
    255 71 206 198 245 1 173 223 0 255 0 0 255 118 155 51 216 0 44 255
    255 42 0 255 52 26 0 0 255 112 0 0 173 57 0 255 0 255 253 209 212
    242 76 45 64 36 0 242 254 157 0 255 35 24 0 255 126 235 18 122 158
    255 255 255 255 136 0 255 107 140 255 44 68 255 0 255 46 1 0 170 0 0
    181 161 183 118 0 255 65 43 0 219 255 210 175 149 0 19 201 43 0 255
    200 9 103 197 255 0 82 255 98 255 114 0 119 255 255 198 56 0 255 48
    128 203 255 157 138 228 111 41 0 8 162 255 90 255 255 114 69 0 0 0
    93 0 0 133 13 255 10 154 255 0 5 151 210 90 157 142 0 78 0 36 255
    255 0 162 0 103 18 0 233 0 231 0 0 188 0 0 29 109 206 95 102 255 58
    255 232 255 255 241 31 255 110 211 255 252 210 82 89 0 224 248 6 172
    37 255 0 28 243 191 0 197 146 255 98 56 0 0 236 181 255 164 100 129
    6 114 203 168 255 255 49 193 105 97 255 124 173 0 0 255 139 0 113
    255 33 255 194 159 255 38 0 0 75 91 255 255 149 99 54 0 56 83 10 0 3
    104 242 23 110 255 16 57 0 0 77 255 86 255 3 129 57 0 9 0 183 17 131
    78 255 188 0 255 0 0 255 178 171 138 15 218 0 255 223 127 0 255 157
    215 138 0 121 255 255 204 0 255 13 193 115 255 0 255 0 10 225 105
    255 0 3 29 254 77 0 255 173 76 0 1 174 255 111 255 132 121 145 153
    203 228 255 255 55 33 177 130 255 243 203 0 100 151 206 255 206 87
    223 76 46 100 0 83 218 0 235 168 223 57 255 83 0 255 226 95 178 14 0
    140 69 247 118 0 142 0 155 94 88 0 105 170 157 5 255 87 44 114 107
    206 0 156 0 0 0 86 255 176 86 222 0 6 69 0 61 230 9 174 0 117 109
    213 255 231 144 255 204 255 168 124 168 235 255 83 134 201 186 0 198
    58 0 32 0 0 65 166 123 156 162 0 33 249 84 84 255 0 0 49 255 33 121
    255 19 56 140 1 75 21 196 204 0 187 137 0 32 186 0 5 210 0 55 45 19
    145 0 17 0 0 0 214 0 164 3 255 249 157 52 125 142 255 175 255 255
    189 224 111 255 216 222 1 55 245 0 169 0 107 18 0 255 71 0 61 255
    207 23 228 68 106 148 255 255 27 0 50 97 191 255 53 206 0 255 0 53
    99 41 0 3 59 99 149 0 250 11 163 114 119 255 196 194 0 224 124 36
    244 226 115 255 255 140 45 255 255 0 237 172 0 5 255 241 255 236 255
    0 162 199 195 0 250 95 0 48 246 191 0 224 144 0 0 0 178 115 175 204
    255 194 0 157 0 131 0 0 247 67 198 126 0 153 161 138 144 130 49 255
    255 255 255 0 230 12 86 51 255 208 187 0 15 238 192 255 186 255 0
    255 255 151 255 32 109 0 255 202 75 24 191 157 220 124 255 29 206 0
    181 255 252 171 101 242 15 255 9 31 255 255 58 0 26 255 0 255 179
    251 106 20 99 0 255 14 0 18 45 255 206 25 188 255 174 80 141 255 96
    59 255 255 168 189 177 0 39 153 111 255 0 0 0 198 73 34 2 0 36 253
    244 231 189 179 255 135 255 115 0 233 255 102 255 0 118 255 87 2 159
    138 96 60 173 177 156 0 199 255 227 245 0 255 38 0 254 0 109 13 222
    29 104 234 138 120 119 177 0 14 103 17 151 35 255 91 53 171 255 255
    19 255 113 0 81 255 255 255 255 169 102 255 0 20 255 0 119 255 255
    246 210 0 255 240 171 255 124 0 68 70 102 255 255 0 0 187 42 7 62
    255 35 85 181 255 0 179 255 6 0 0 0 255 0 169 255 255 45 0 57 109
    156 64 153 252 31 16 0 13 0 143 178 0 255 255 99 208 209 139 16 81
    255 0 252 5 0 114 172 199 251 201 148 255 22 0 0 141 88 0 255 255
    255 255 255 196 84 255 139 22 75 147 0 100 111 201 0 164 0 0 24 134
    50 196 0 255 224 31 255 112 134 240 255 0 217 82 174 180 5 255 255
    223 0 0 255 0 35 17 236 255 205 255 255 255 0 157 255 185 255 0 0
    255 0 255 252 255 96 95 50 175 32 175 255 199 181 202 10 42 165 0
    217 138 0 255 111 133 255 165 78 0 129 255 255 221 0 0 84 0 255 216
    58 0 142 255 244 0 56 0 255 67 150 202 200 0 239 255 232 36 152 0
    255 255 175 152 242 111 255 77 225 0 165 127 155 47 100 223 58 234
    48 255 93 205 69 0 150 172 197 36 255 99 127 49 111 185 255 220 101
    0 42 123 151 140 215 61 240 0 0 255 241 17 255 0 0 17 142 0 0 178
    113 145 0 31 57 190 100 0 225 20 11 27 0 168 0 0 82 8 0 217 237 0 76
    221 206 255 87 151 208 70 7 255 152 0 206 56 117 0 186 0 0 230 0 0 0
    242 42 0 153 101 231 224 255 123 227 4 111 0 255 38 0 161 223 0 242
    143 202 0 174 74 99 223 212 255 172 0 255 0 255 98 36 245 193 109 49
    0 152 33 35 255 255 0 255 182 33 255 216 0 180 224 255 0 73 114 52 0
    0 94 0 181 197 0 255 0 0 255 255 52 38 14 251 255 199 0 255 19 0 153
    62 0 241 0 131 255 0 0 255 111 219 231 76 0 204 68 0 255 128 107 15
    86 0 112 101 3 130 120 137 197 47 255 158 47 0 33 239 255 255 160 0
    88 208 255 56 158 255 255 255 0 0 186 44 64 36 249 1 103 206 171 129
    255 63 112 46 59 30 70 210 255 22 235 121 0 197 20 0 38 255 0 237
    101 116 0 158 0 131 218 0 191 235 45 0 0 0 0 41 255 0 56 136 195 163
    57 67 132 100 255 16 43 120 59 247 237 255 143 255 0 0 248 220 106
    153 255 221 122 64 0 150 0 122 0 154 255 73 255 54 55 100 120 46 255
    13 104 255 106 50 0 0 0 145 0 224 187 0 11 34 0 255 255 241 168 68
    191 109 3 0 134 97 183 0 127 78 0 142 196 0 103 255 255 145 75 96 89
    255 6 37 109 240 0 5 5 0 0 91 0 230 0 238 0 224 119 92 60 0 0 42 144
    18 177 2 118 0 25 5 138 81 87 182 125 123 220 137 36 255 255 0 255
    147 255 3 199 255 0 0 134 16 224 3 90 255 168 255 23 255 253 217 190
    0 0 251 99 160 52 228 80 161 155 0 0 158 99 0 255 185 0 0 206 0 16
    231 0 148 228 223 135 242 111 255 255 0 168 165 0 233 186 255 0 255
    35 157 21 86 68 0 116 0 50 147 255 0 140 22 116 225 79 53 255 193
    255 255 255 245 109 234 255 108 0 0 140 21 138 236 50 48 165 11 255
    0 253 111 62 216 5 0 218 12 0 0 39 65 37 191 178 0 49 119 255 0 0
    255 52 0 171 255 23 255 255 29 141 132 241 0 120 131 255 88 0 255
    255 14 3 78 0 255 255 255 255 251 255 0 255 18 8 72 0 255 255 50 126
    255 138 96 150 0 12 145 255 0 43 74 239 191 191 184 114 255 9 120
    107 0 123 204 213 150 255 16 0 0 0 5 75 216 60 5 188 75 93 135 0 5
    255 78 54 242 187 0 204 0 160 211 143 9 248 255 15 216 3 13 58 255 0
    228 159 0 17 192 255 255 0 4 4 94 243 0 255 255 141 255 0 255 170 0
    77 0 133 255 255 58 204 255 252 0 0 44 0 0 255 187 0 75 32 255 255
    167 107 249 255 143 20 2 232 0 255 0 147 0 212 132 198 255 255 199
    60 172 197 16 193 255 41 53 43 255 0 186 205 95 175 100 63 168 255
    159 0 0 146 188 52 49 151 232 0 25 255 0 255 228 0 244 255 210 1 223
    63 105 250 37 0 255 98 210 98 0 21 100 55 128 120 6 0 0 16 199 45
    255 255 148 153 255 70 193 1 255 0 208 0 1 255 86 159 55 0 95 34 238
    21 195 255 255 0 129 75 217 131 108 255 21 255 241 229 255 82 255 0
    0 10 27 254 255 0 172 21 9 0 192 53 157 130 255 255 255 110 193 72
    148 0 222 255 209 2 170 89 255 255 199 81 189 104 226 0 0 0 126 193
    66 0 0 51 118 186 255 247 164 0 255 255 91 221 64 255 0 254 255 88
    246 217 0 64 112 162 48 143 0 206 115 237 125 255 63 255 72 204 121
    154 194 246 255 255 0 137 122 0 61 0 255 78 255 58 0 222 0 146 50
    115 19 158 142 194 23 202 255 59 255 255 84 0 187 255 239 209 123
    235 52 72 89 68 255 225 150 216 255 127 247 84 144 255 0 104 202 255
    0 30 255 226 255 171 255 145 0 220 176 140 3 161 201 238 255 255 149
    67 213 0 128 255 255 3 4 221 255 19 176 0 0 6 173 0 241 176 0 141 0
    145 255 255 241 0 255 0 86 255 196 72 136 172 47 7 20 46 85 200 0 5
    205 140 0 255 52 246 121 255 31 255 56 16 87 140 151 57 0 37 42 57
    222 255 0 186 142 243 255 151 12 255 218 87 14 218 110 255 118 12 41
    35 0 150 0 105 0 43 255 255 208 0 255 17 0 204 9 61 255 239 255 0
    255 164 255 0 223 0 14 136 0 0 142 0 144 14 255 10 35 130 1 246 151
    154 255 255 255 0 251 0 255 38 199 12 237 129 0 0 196 255 255 0 128
    0 46 177 222 179 255 68 78 6 119 3 162 255 255 66 255 209 9 228 46
    80 50 40 0 178 0 126 53 255 0 255 176 40 35 255 248 159 4 0 255 252
    0 168 98 136 128 99 255 0 0 3 15 255 138 255 73 118 149 108 3 255 69
    53 0 210 255 255 0 255 0 18 0 255 155 119 0 22 250 0 215 87 0 26 255
    224 130 37 255 186 0 0 90 255 0 214 0 0 255 207 197 189 252 0 106
    255 227 0 255 0 120 70 22 19 255 154 31 186 0 248 255 255 62 205 146
    255 162 255 229 0 222 186 255 0 121 0 208 0 165 30 108 0 226 19 255
    137 7 0 0 255 0 18 136 0 255 207 51 9 255 251 100 0 29 106 229 0 88
    71 41 97 255 28 0 255 0 0 255 103 0 0 255 255 0 50 141 0 0 255 0 51
    255 0 175 100 112 255 0 97 0 220 255 0 255 9 255 54 105 179 195 6
    183 225 90 255 0 0 250 255 219 0 255 8 0 133 0 0 0 124 255 246 175
    21 233 46 0 39 0 0 255 125 255 178 0 255 0 118 30 49 240 2 123 255 0
    255 255 255 128 111 179 239 103 49 255 0 1 140 96 225 89 120 195 229
    157 190 255 0 81 255 255 213 54 177 0 0 244 35 30 255 220 86 135 77
    1 255 255 255 9 232 255 16 210 197 102 255 108 210 172 252 182 181
    255 255 214 255 204 41 0 214 25 0 210 165 182 78 0 234 0 255 0 0 0
    227 107 57 255 45 255 250 0 226 124 255 0 190 116 255 72 239 251 0 0
    255 121 255 255 208 244 11 0 223 255 95 248 255 85 255 166 255 0 137
    72 0 223 0 204 23 248 225 2 67 255 214 255 255 196 78 201 100 7 0 0
    249 0 5 0 0 123 255 255 142 189 255 124 255 255 0 131 255 0 27 255
    61 106 178 60 36 82 250 103 37 86 150 212 72 63 17 0 0 0 82 167 115
    200 255 236 94 0 236 122 255 0 14 0 250 172 0 24 150 255 209 255 255
    165 255 77 14 0 0 255 146 0 255 150 42 169 75 0 214 110 195 0 161 0
    30 150 250 149 31 203 255 0 11 0 0 255 0 249 136 250 39 0 0 13 197 0
    0 0 133 200 174 133 165 255 255 0 113 220 255 185 255 227 23 255 255
    0 124 121 167 0 0 0 17 0 218 0 141 109 137 255 255 0 255 201 255 50
    25 104 255 105 52 106 233 41 0 0 206 254 250 163 161 26 183 247 161
    122 0 255 173 0 92 255 71 213 205 78 241 255 42 0 38 0 120 0 255 202
    148 20 28 0 0 0 0 84 113 232 0 144 255 189 0 232 151 87 255 0 0 255
    76 26 30 122 190 0 196 47 19 25 255 202 0 177 0 212 255 137 140 42
    255 147 0 255 79 255 134 0 248 0 115 190 48 255 185 20 63 128 255
    255 0 57 54 0 51 196 47 0 0 175 255 186 158 255 182 208 203 106 170
    255 220 77 221 90 177 255 0 130 255 6 23 255 83 171 97 147 69 255
    176 207 218 240 186 255 150 0 118 0 255 16 0 251 0 255 230 255 238
    255 192 255 255 255 255 255 12 97 10 119 39 255 126 9 146 106 103 0
    124 0 255 219 96 160 74 255 139 0 154 255 160 98 0 182 255 0 59 99 0
    0 189 225 0 0 209 163 2 25 191 14 255 255 176 255 164 0 114 255 223
    255 246 255 0 96 161 69 146 33 0 179 130 0 141 0 255 237 161 113 14
    0 255 0 90 209 0 36 254 207 5 164 142 216 33 118 70 0 105 234 228 67
    232 255 251 93 198 0 108 202 255 54 243 0 76 15 63 255 157 237 39
    255 255 2 95 47 42 209 121 148 255 0 190 225 255 68 255 0 76 57 0 90
    255 255 3 0 192 12 207 0 255 222 0 255 128 202 255 244 252 121 0 157
    203 236 137 229 136 241 122 84 0 73 0 0 255 255 77 255 23 235 255 43
    124 53 149 1 0 198 255 185 219 179 112 57 44 79 181 29 255 255 255
    36 63 255 26 172 185 255 158 102 255 112 224 148 10 61 21 0 120 59
    16 212 79 0 69 0 96 236 0 0 184 249 150 140 255 136 76 235 138 228
    136 88 207 220 16 255 49 209 166 216 255 144 249 255 255 70 212 186
    108 150 255 255 89 61 255 132 255 6 78 82 111 84 224 95 233 3 255
    244 47 245 255 148 210 0 252 48 111 0 61 131 0 101 113 138 89 31 129
    163 255 157 255 255 34 225 255 103 41 255 75 65 69 0 241 255 71 92
    255 0 182 255 173 0 96 169 227 184 131 252 37 195 199 28 167 255 1
    109 0 240 79 120 27 219 43 57 192 255 0 175 156 0 15 255 232 255 46
    124 0 72 139 0 225 113 23 56 38 0 21 255 157 72 255 221 255 153 96
    65 147 0 195 35 0 119 255 194 255 255 209 247 34 255 0 0 255 99 83
    131 42 63 19 62 105 69 0 57 239 0 246 0 26 84 121 99 75 81 75 170
    255 255 167 248 152 94 140 33 228 243 0 0 48 5 106 158 96 146 0 74 0
    201 227 165 189 0 81 0 0 180 35 229 0 173 119 136 83 235 0 0 25 9
    255 231 217 105 251 33 0 0 27 127 150 0 99 138 229 229 255 34 64 255
    255 181 233 65 0 208 155 0 255 255 84 93 253 209 0 255 65 255 165
    128 40 101 0 255 39 143 255 124 130 255 208 204 232 20 109 60 142
    192 0 85 0 255 0 0 255 101 201 255 246 212 255 130 109 20 254 0 255
    160 100 0 35 83 0 253 255 255 116 194 0 56 167 13 23 48 124 0 146 16
    186 31 255 203 145 249 37 255 140 120 0 198 73 255 228 176 3 179 0 0
    169 38 101 84 255 255 255 212 0 247 255 106 0 17 255 6 4 0 90 202
    255 0 255 221 255 0 0 6 82 131 200 229 211 190 28 51 0 250 255 255
    255 0 194 151 141 186 16 158 158 210 29 0 180 255 129 139 0 165 255
    0 255 167 203 240 131 217 70 255 255 228 169 37 143 200 0 108 27 0 0
    28 0 255 218 205 154 233 0 36 66 255 172 0 0 20 230 0 149 178 117
    245 230 128 106 65 39 143 94 245 255 255 93 235 255 0 231 242 255
    200 19 255 255 255 148 0 255 0 34 54 11 10 124 255 255 37 58 0 0 155
    0 16 23 0 255 215 255 255 255 237 202 91 255 255 99 194 0 32 153 0
    208 44 255 224 118 255 255 0 0 106 87 93 18 0 70 208 235 0 120 21
    173 157 241 255 216 255 72 0 58 191 255 255 213 120 0 50 168 0 172
    255 134 104 196 154 0 0 51 202 132 254 255 0 87 255 0 255 143 0 5 0
    0 230 154 197 9 110 198 255 0 56 255 205 64 40 216 0 29 134 176 83
    36 43 214 27 14 0 255 127 48 255 121 61 0 255 236 0 83 0 165 88 223
    255 0 48 255 148 238 158 0 0 0 104 11 0 155 137 255 255 241 24 226 0
    121 166 255 255 0 97 218 255 255 50 0 172 0 0 204 32 224 195 255 117
    27 147 0 255 0 255 119 85 239 0 255 223 255 221 38 109 0 8 0 255 0
    255 48 255 0 165 255 29 151 0 255 108 0 52 0 113 110 115 255 168 0 5
    167 89 0 11 184 255 19 0 255 50 0 235 220 60 0 20 200 29 177 255 95
    161 255 159 202 255 255 75 0 14 69 255 0 255 255 51 87 39 128 255
    208 7 149 255 244 231 185 255 0 65 0 177 112 179 131 0 0 63 0 110
    200 191 127 255 91 175 154 255 255 255 0 180 84 229 0 204 229 90 164
    215 0 0 227 10 0 0 232 255 255 0 4 255 0 233 222 107 137 20 255 0 37
    180 0 255 197 111 255 75 133 255 0 240 161 170 50 40 81 142 228 45
    255 232 208 0 255 122 0 20 167 68 255 38 0 139 80 135 0 255 168 255
    238 15 255 25 180 0 255 255 255 0 205 254 32 195 0 0 233 227 185 199
    0 0 0 54 236 255 9 184 249 233 109 223 107 74 90 255 16 80 164 146
    84 177 184 142 0 151 255 255 52 246 255 119 77 199 0 88 60 42 75 255
    219 53 255 0 201 4 166 13 117 238 125 226 0 255 206 0 255 0 29 227
    255 255 114 71 0 107 123 41 0 255 88 0 255 33 80 2 112 0 183 122 18
    53 20 0 173 0 253 215 116 0 86 60 61 136 255 255 0 255 206 115 93
    242 235 0 0 0 0 15 105 144 219 183 0 193 0 38 120 124 62 0 59 237 84
    154 200 133 196 0 128 0 163 255 58 255 255 105 255 246 0 0 88 194 0
    255 229 255 152 223 62 0 229 94 255 179 85 0 90 255 155 0 77 144 79
    96 0 183 168 161 0 255 111 150 255 147 255 0 0 249 3 56 0 160 185 57
    145 255 204 0 253 255 205 132 243 212 255 190 140 18 192 28 153 110
    0 255 186 0 255 0 50 250 0 0 0 0 32 2 144 19 255 101 131 195 246 181
    255 0 0 207 255 46 223 164 225 209 170 255 33 84 255 0 231 140 238
    164 55 21 255 117 216 255 135 203 255 221 120 235 107 188 166 255 60
    237 0 81 46 50 118 170 0 2 0 132 198 239 255 99 216 98 125 230 107
    237 218 161 92 255 0 242 0 0 255 0 202 255 183 116 180 55 164 246
    242 63 251 154 255 0 58 141 255 75 255 255 121 186 255 72 187 49 98
    255 255 69 234 140 10 54 43 0 191 252 16 255 94 255 75 202 105 160
    255 0 240 243 42 191 109 46 155 149 157 0 167 255 0 14 236 0 255 12
    255 54 178 13 87 255 104 255 255 0 255 255 55 8 202 237 123 58 74 0
    255 154 0 0 0 255 255 0 248 0 0 0 255 0 0 255 8 195 0 73 78 40 62 95
    169 4 255 215 39 140 255 255 0 185 255 255 228 235 74 255 159 218
    142 240 51 225 204 255 255 0 139 255 185 230 233 106 120 255 134 255
    255 61 0 201 25 255 16 145 182 77 255 95 121 0 201 104 172 46 112
    251 184 120 255 107 255 228 104 0 82 56 203 14 0 196 16 85 0 182 136
    155 255 255 0 173 186 0 234 11 255 255 220 255 151 0 255 136 183 50
    53 21 156 249 0 255 4 0 43 255 129 255 171 0 24 203 255 255 14 118
    152 0 103 47 3 0 0 156 0 31 36 255 0 35 124 186 30 201 255 255 171
    255 255 212 195 114 188 255 102 229 85 0 255 207 105 140 0 75 255 0
    174 14 218 0 255 78 255 238 0 21 0 250 0 200 0 42 244 215 255 0 255
    159 163 0 54 89 253 0 179 190 255 100 160 255 248 248 255 0 153 182
    121 198 0 103 189 123 127 4 153 255 0 0 135 107 255 25 242 71 0 165
    178 0 176 231 249 0 209 254 46 255 244 12 180 0 110 84 26 0 199 255
    85 255 178 206 89 214 255 0 0 183 191 25 0 255 255 255 196 205 0 255
    233 116 154 0 97 89 190 47 183 254 4 130 0 164 50 195 86 0 21 0 221
    255 122 0 226 255 117 0 255 76 173 134 122 101 138 0 210 254 154 49
    3 106 148 255 155 0 0 72 120 205 223 255 80 85 224 0 92 209 0 152 47
    104 253 50 123 255 255 211 141 127 70 53 196 137 234 141 227 91 34 0
    60 189 123 206 255 9 122 255 0 7 28 120 119 136 184 22 154 235 108
    227 174 0 255 214 174 0 0 244 203 0 255 129 0 46 175 255 0 144 255 0
    105 31 21 11 229 0 0 255 4 0 72 0 0 173 141 24 114 67 233 0 117 255
    161 255 107 222 168 19 135 17 76 248 255 255 138 141 66 154 0 12 88
    0 138 255 0 117 255 61 124 200 255 115 89 0 213 1 255 255 0 69 149 0
    0 92 188 0 0 60 255 255 66 255 255 255 18 251 0 161 27 46 255 91 134
    0 109 242 155 0 0 184 114 107 50 205 255 0 47 255 255 111 0 64 148
    102 255 0 252 67 255 0 93 184 0 255 104 255 9 0 10 191 255 130 21 60
    0 255 186 231 0 163 0 255 82 148 255 255 128 52 255 0 0 255 136 241
    255 193 105 255 0 227 180 181 60 0 0 183 255 35 224 193 0 0 39 103
    115 153 0 136 43 104 0 178 122 191 123 173 255 0 255 0 0 174 244 33
    0 255 134 190 38 255 0 255 255 212 21 164 167 28 0 164 150 0 0 71
    164 255 255 236 56 179 235 29 205 0 255 135 163 139 0 132 193 24 0
    104 89 255 0 167 0 255 255 149 191 215 213 37 255 101 0 6 0 0 0 153
    61 41 0 255 194 0 249 195 81 131 118 255 0 255 192 213 0 107 255 187
    239 60 255 180 139 111 202 0 255 173 26 80 26 255 29 0 184 238 17 39
    0 213 218 213 50 0 188 79 0 254 0 0 255 133 139 128 178 255 0 0 129
    117 255 126 52 218 43 0 255 183 102 255 130 241 255 0 211 143 211
    171 0 51 35 6 243 41 207 82 128 196 56 255 56 102 255 255 206 191 0
    144 0 45 32 55 255 161 179 219 183 61 122 156 77 0 255 74 0 255 135
    32 11 167 134 0 196 226 217 244 139 255 144 58 140 65 92 53 47 78
    255 255 219 121 255 153 41 235 112 241 253 17 252 233 168 133 211
    255 100 255 255 215 255 0 49 183 0 57 0 41 255 0 0 32 255 178 124
    174 146 65 255 255 175 255 255 116 22 83 255 0 233 4 198 158 58 0
    255 248 255 255 216 255 255 40 51 0 255 0 0 213 222 110 255 0 255
    255 255 152 52 94 0 51 255 0 255 255 90 255 232 216 255 32 44 255
    205 35 52 111 0 166 139 202 180 255 69 200 255 82 15 255 255 255 0
    126 85 109 53 162 213 104 0 149 0 0 169 160 189 37 49 205 0 86 57 44
    255 143 80 213 0 255 127 0 127 69 200 210 106 0 138 158 30 0 173 255
    0 86 0 255 255 99 241 220 54 211 255 33 153 232 188 45 0 125 255 71
    107 126 255 181 0 84 0 169 171 249 35 95 0 18 255 125 247 103 191 0
    255 255 221 0 255 255 160 0 0 1 31 14 115 255 24 0 99 128 50 13 0
    255 199 0 255 149 92 0 43 0 220 0 158 51 131 78 93 217 113 245 149
    126 255 0 226 255 0 0 199 89 235 16 115 255 78 53 160 204 251 255 37
    255 0 0 166 251 178 255 154 31 84 255 161 123 47 0 243 101 33 70 0
    159 255 239 0 58 86 12 139 0 0 255 169 124 168 131 94 174 85 134 211
    143 28 177 0 255 240 255 226 121 195 255 0 76 0 241 242 204 56 112
    104 0 255 255 65 255 133 23 0 97 194 161 179 255 0 83 36 255 155 255
    182 69 149 243 255 165 255 145 0 224 221 0 0 38 0 85 123 116 255 190
    0 87 56 34 0 54 151 0 255 199 16 0 0 15 84 131 26 128 0 255 240 32
    126 0 66 245 213 0 71 0 113 0 120 240 52 136 29 195 185 47 176 166
    224 35 0 0 0 17 124 86 201 255 216 255 255 0 227 152 150 111 0 255 0
    29 69 157 113 0 187 0 107 127 0 255 237 28 0 0 255 0 19 231 0 0 161
    133 0 233 229 255 0 225 139 0 255 0 228 8 200 66 255 209 219 149 255
    22 76 122 97 255 255 0 255 137 109 29 221 186 93 0 255 255 0 0 255
    179 184 41 79 203 41 151 169 199 105 0 7 177 13 181 95 255 0 212 63
    255 0 0 90 243 165 186 115 0 0 255 125 255 117 181 0 144 72 255 0
    183 255 255 255 42 255 0 0 255 39 245 255 230 0 0 165 255 0 195 0 0
    163 0 255 187 0 127 249 0 66 255 118 176 98 0 155 64 51 104 0 122
    114 250 255 255 255 176 53 61 255 0 0 43 59 249 38 255 0 255 20 102
    245 197 54 255 255 0 255 191 218 62 168 255 78 87 255 130 0 105 166
    255 180 182 211 250 43 51 0 255 58 192 108 0 189 0 33 255 74 0 31
    255 2 255 210 154 156 69 233 130 0 191 0 190 0 28 169 255 13 5 221
    140 214 245 222 116 136 0 189 164 122 28 255 118 30 179 255 0 0 255
    24 0 62 0 16 255 125 0 0 143 0 43 197 74 61 209 255 246 7 255 255
    220 119 0 255 97 86 0 191 255 149 138 55 255 0 159 155 180 51 255
    161 0 221 84 175 0 240 187 255 31 255 255 0 93 211 187 0 0 126 23 92
    245 168 0 178 195 188 164 0 0 222 249 255 0 117 65 164 255 94 255
    255 0 89 146 255 132 255 74 0 0 199 102 255 199 243 255 255 229 84
    240 0 57 255 189 34 206 0 0 116 130 255 255 255 27 91 151 166 13 10
    255 0 0 238 65 100 220 49 255 63 255 0 0 67 57 75 17 255 102 13 212
    11 100 96 0 58 182 255 129 0 3 255 98 15 24 255 255 167 41 20 248 13
    59 152 113 0 112 255 80 0 0 120 255 34 129 255 255 212 214 12 99 247
    168 26 197 182 236 205 71 11 1 255 182 192 195 163 255 82 0 0 37 39
    174 0 30 38 191 216 63 13 180 79 208 0 0 248 149 96 0 154 0 255 90 0
    0 178 255 255 0 255 233 255 255 80 247 198 137 255 255 0 0 152 21 38
    182 0 139 235 20 147 176 236 120 194 208 255 161 171 181 103 255 209
    0 85 238 0 50 0 255 168 246 203 10 255 226 104 185 255 255 58 245
    255 255 213 0 157 0 0 163 0 0 249 164 151 0 25 165 221 0 0 247 40 77
    0 255 106 76 255 222 214 0 72 0 0 80 69 0 255 255 251 167 229 255 51
    58 152 110 0 0 255 255 163 30 12 255 106 111 204 134 255 82 0 112 0
    157 246 0 217 0 71 255 255 113 255 222 255 241 255 255 0 194 255 239
    127 239 92 0 239 212 2 255 148 182 212 195 179 107 249 255 255 171 0
    255 0 0 0 255 255 26 142 101 159 148 91 108 183 255 255 0 3 13 176
    252 0 0 0 168 137 255 191 247 93 55 25 52 205 180 165 79 79 155 255
    0 0 215 155 144 255 87 0 71 87 190 56 255 43 0 234 0 66 0 98 102 173
    187 0 143 73 184 0 101 150 222 68 41 255 2 255 255 168 76 0 0 249
    107 55 228 249 255 255 0 49 213 108 188 99 0 0 194 220 209 227 110
    255 231 0 21 193 0 255 201 45 44 28 206 239 121 0 4 255 70 255 172
    255 20 160 255 178 71 255 124 79 0 178 12 251 0 134 0 72 174 202 232
    91 134 134 106 123 11 255 128 255 189 44 254 0 171 192 2 0 255 0 214
    255 255 0 223 227 244 255 0 0 141 0 63 0 242 255 105 42 214 172 2
    255 19 0 250 145 131 255 218 206 0 255 223 9 162 98 0 40 203 32 175
    162 0 218 0 169 255 255 44 78 21 0 252 125 64 250 0 153 174 68 255
    52 77 110 46 135 16 255 4 173 244 255 255 255 245 255 255 0 139 0 9
    92 0 255 0 255 255 124 252 0 144 222 255 72 255 38 206 197 255 244
    255 83 190 13 255 110 255 255 148 7 0 159 93 0 193 37 0 170 36 62 9
    148 172 109 255 190 255 255 247 76 138 0 0 0 142 255 60 0 70 108 1
    97 255 116 255 9 217 76 0 170 255 255 0 250 109 0 215 160 98 92 57
    255 0 180 0 10 14 66 189 194 0 1 125 96 39 94 255 194 35 255 109 0
    30 37 96 167 177 184 46 18 255 51 255 0 252 250 0 119 255 255 255
    232 255 239 255 217 0 54 7 7 94 255 197 151 255 91 255 96 146 255 16
    212 38 0 255 181 148 111 255 81 255 172 113 0 205 39 189 0 253 29
    107 179 207 255 255 71 28 255 0 255 122 23 0 0 246 0 255 255 49 219
    38 19 138 119 99 45 162 255 122 71 247 255 255 195 255 255 0 204 239
    0 205 0 0 255 250 66 127 71 193 214 145 15 240 71 170 25 103 255 221
    115 60 195 0 255 0 0 255 0 255 160 54 255 138 8 37 216 212 138 140
    23 122 167 134 0 0 0 136 125 60 70 0 11 141 42 78 200 229 77 189 147
    0 255 219 255 255 202 255 143 193 255 0 30 114 0 215 254 194 227 134
    255 162 255 23 148 249 228 255 247 196 49 0 0 117 20 218 255 170 255
    173 22 0 101 0 183 0 0 255 0 39 255 166 72 3 143 155 90 187 173 161
    243 205 146 143 165 255 164 242 28 255 0 0 146 0 255 63 0 0 218 255
    167 77 69 255 231 0 255 255 255 0 0 255 0 66 206 204 255 0 0 255 0
    63 0 93 135 0 255 55 79 217 0 63 73 255 61 255 255 255 255 0 95 185
    255 0 189 103 184 0 0 119 0 207 255 208 19 0 108 157 173 0 216 139 0
    48 0 0 50 0 110 29 107 35 129 73 104 0 255 80 255 76 89 172 0 0 255
    202 0 88 255 26 168 0 122 133 219 255 0 220 255 32 229 101 111 25
    252 0 154 18 216 255 0 255 178 255 21 194 255 0 90 160 213 137 255
    88 194 168 250 251 196 66 36 255 162 0 217 167 27 255 255 64 208 0
    39 0 132 255 56 30 30 248 197 63 116 155 172 236 213 255 48 72 48 20
    22 200 67 178 255 247 254 255 55 255 171 0 49 145 37 176 255 180 78
    255 73 158 234 0 209 248 255 0 30 248 0 255 200 210 111 153 255 205
    99 255 0 84 255 255 0 94 152 0 110 255 255 43 249 255 185 4 225 50 0
    15 0 121 255 22 0 0 94 247 72 0 255 255 140 0 99 61 255 255 187 190
    108 221 93 137 224 154 9 210 247 31 253 165 37 12 36 0 171 255 255
    255 8 18 226 154 37 48 1 20 255 208 0 155 255 255 251 83 87 179 55
    27 110 0 0 0 255 146 73 100 183 220 0 26 226 0 38 243 169 0 9 37 24
    0 255 0 182 171 255 255 79 255 228 115 0 210 255 217 216 47 120 149
    0 172 195 90 255 81 53 146 203 50 255 87 245 108 88 43 0 255 192 0
    253 160 0 122 0 22 223 255 44 0 255 127 255 50 111 127 199 205 17
    180 169 255 93 255 0 0 74 0 167 50 255 182 74 118 255 255 255 174
    211 45 138 176 23 188 0 0 255 0 0 35 0 239 160 102 214 255 98 255
    255 153 161 91 236 0 23 255 255 0 255 0 255 255 255 246 133 207 153
    56 255 5 22 24 0 203 200 19 23 255 148 191 77 255 53 255 253 0 20
    129 138 190 0 255 0 116 159 203 87 137 177 70 149 255 120 163 255
    255 255 142 133 255 170 2 255 255 217 180 106 191 141 0 0 161 0 255
    142 255 255 86 170 128 96 255 131 190 22 0 77 0 221 255 0 255 0 160
    71 0 113 100 0 255 46 0 217 255 0 0 75 132 184 154 93 51 0 0 255 255
    255 11 212 255 27 255 255 0 208 0 34 0 0 237 24 48 16 255 66 7 253
    255 255 0 65 255 0 100 161 199 19 0 97 249 185 0 255 255 156 35 0
    255 0 58 255 255 255 113 205 101 255 0 167 255 220 85 56 120 127 0
    108 191 117 181 0 0 15 138 255 255 0 183 255 0 134 122 255 241 255 0
    101 0 0 255 0 255 255 255 201 255 204 141 196 255 115 142 0 50 117
    226 248 244 255 179 255 54 0 170 255 0 0 69 52 122 255 241 150 0 77
    70 0 75 255 0 210 255 189 255 195 2 254 255 143 243 0 146 213 99 136
    33 14 0 120 137 15 0 85 172 112 255 255 255 217 255 209 130 255 78
    255 0 79 0 0 245 217 255 0 226 185 215 0 255 198 255 91 255 0 199
    251 78 0 255 0 114 215 228 47 106 255 0 128 27 172 0 0 51 209 146
    218 62 183 105 6 230 170 32 223 232 0 230 212 80 0 0 255 0 150 183 0
    217 17 132 255 99 189 255 105 255 213 255 0 21 0 255 255 219 172 0 0
    73 185 98 218 0 27 198 0 221 245 255 54 0 157 199 237 134 128 27 255
    0 100 211 214 0 101 255 255 0 232 243 85 71 168 255 53 107 222 0 94
    9 0 147 0 255 0 209 4 79 193 255 218 0 133 0 0 166 77 0 255 214 32
    255 140 146 65 196 62 255 127 0 187 129 255 70 255 142 112 255 150 0
    112 158 67 0 168 0 114 187 0 89 186 0 0 222 247 80 100 199 105 233 1
    20 218 0 59 224 0 0 255 136 255 0 0 30 188 0 255 255 255 255 88 177
    202 0 131 140 255 68 0 255 113 0 255 137 234 235 169 0 255 177 0 208
    4 177 89 91 245 10 82 157 86 255 118 0 255 179 189 206 84 255 255
    255 29 164 255 141 114 255 0 148 178 0 130 255 31 0 255 255 255 144
    244 167 85 0 181 112 170 199 0 143 0 101 255 0 172 47 152 214 9 109
    22 6 208 255 0 255 255 30 0 221 255 55 77 181 0 36 255 28 255 247 0
    165 0 134 74 0 255 102 203 255 8 255 206 74 105 68 139 209 0 255 0
    31 255 255 255 247 0 122 160 125 255 0 11 234 2 43 135 184 0 255 255
    255 255 200 255 255 124 0 95 0 54 171 5 18 156 0 78 155 255 14 41
    255 94 255 255 83 239 198 185 255 252 115 0 56 133 0 0 224 187 255 0
    255 179 135 8 0 255 219 0 154 0 0 0 31 10 255 210 42 239 254 55 63
    255 255 127 198 0 176 1 117 238 255 255 53 0 255 0 4 30 255 197 0 30
    0 255 255 0 0 45 39 140 255 82 255 0 255 255 50 255 200 255 19 9 179
    55 255 0 0 72 0 255 131 168 120 255 234 0 246 47 14 0 255 178 97 70
    0 128 44 188 255 255 0 255 132 0 62 51 180 255 77 59 0 0 111 255 0
    86 255 217 131 0 86 0 124 98 205 94 62 216 157 216 255 255 176 95 9
    227 244 255 226 243 71 0 0 0 35 100 152 115 160 145 128 212 248 149
    0 165 62 0 130 255 0 206 63 212 255 255 0 183 174 171 0 52 255 186
    212 251 0 255 0 0 122 100 114 97 108 246 0 0 0 86 0 0 120 5 190 252
    44 138 255 0 255 65 154 255 230 76 0 53 255 0 128 224 255 128 44 114
    194 255 98 48 239 151 49 196 138 156 0 140 135 228 98 75 255 0 48 94
    20 0 30 1 255 0 161 143 148 255 112 0 122 69 243 0 254 255 227 0 255
    193 237 255 114 0 215 0 45 0 29 22 0 68 51 199 78 8 104 184 98 142
    60 153 255 61 120 210 0 255 97 255 255 242 68 162 143 164 21 0 199
    199 150 255 0 116 119 0 88 255 167 176 255 184 44 0 97 255 213 26 53
    0 211 64 220 0 209 13 25 0 221 7 7 30 173 168 255 159 136 102 178
    255 235 57 133 0 158 171 219 111 228 255 6 223 31 27 0 255 255 0 0
    255 173 0 144 6 248 0 0 213 146 0 241 99 150 195 253 171 0 243 0 0
    255 130 0 78 0 204 196 255 252 220 213 255 164 205 226 70 112 255
    205 255 255 202 131 13 255 132 255 255 169 99 111 255 191 80 114 0
    59 113 162 48 177 223 226 0 0 47 157 70 0 166 133 255 0 123 151 0
    255 28 255 211 103 0 191 18 98 255 6 163 236 0 0 3 175 0 255 143 0
    42 172 76 154 126 90 191 157 31 0 47 136 154 0 51 255 122 133 208
    255 192 100 35 164 238 56 0 255 106 3 122 0 167 139 3 127 255 223 77
    118 0 65 5 0 255 153 232 52 0 255 255 0 255 46 114 162 0 114 242 148
    0 231 255 255 41 42 0 71 28 255 53 221 255 0 55 255 241 0 24 208 255
    132 255 65 159 0 46 206 0 113 156 0 32 202 210 83 53 102 222 64 0
    116 14 157 199 94 141 0 255 37 195 0 77 216 161 12 188 0 14 216 255
    182 248 138 92 255 156 32 255 86 0 255 255 0 255 255 0 203 0 0 85
    109 0 255 49 0 82 255 255 255 255 0 246 225 129 0 176 237 198 0 255
    255 0 15 255 208 192 255 255 0 32 207 0 0 239 0 107 0 255 206 196
    166 0 255 201 255 244 255 0 74 132 0 0 224 255 149 240 255 11 32 36
    86 150 80 255 255 255 0 78 102 10 10 45 211 255 203 182 255 0 0 78 0
    125 255 175 19 91 255 38 70 136 83 255 3 0 142 214 4 117 255 255 102
    166 108 80 147 0 255 186 30 255 76 247 64 211 0 107 112 49 78 192
    142 0 174 11 0 177 0 155 0 255 127 40 0 238 79 143 0 212 67 0 160
    255 26 248 0 98 102 198 255 255 255 202 255 215 255 255 159 65 255 0
    0 0 249 227 235 255 0 79 0 133 31 230 82 255 11 71 4 7 255 200 255
    32 147 134 102 158 29 111 210 144 157 70 164 91 106 167 84 86 166 0
    99 217 0 255 190 126 111 191 255 196 29 72 255 255 69 0 255 2 121
    255 14 144 127 31 207 0 21 255 190 184 0 89 255 62 152 176 236 255
    11 255 0 247 194 23 10 200 239 45 59 181 18 0 0 85 89 255 110 255
    255 12 133 236 121 149 0 255 67 43 0 234 255 66 0 174 168 0 41 212
    27 255 119 0 112 94 0 255 234 213 255 52 118 26 68 88 201 43 0 109 0
    174 167 255 0 141 248 38 143 183 60 89 0 255 0 255 154 0 0 43 130
    255 0 145 255 252 255 209 255 76 94 0 255 255 134 255 2 255 152 255
    17 119 154 142 89 17 0 0 160 0 0 151 255 220 193 211 0 32 188 117 0
    228 0 18 254 42 135 26 255 0 243 255 43 21 255 254 0 246 238 0 63
    185 0 132 69 255 181 255 197 83 255 93 144 0 93 0 104 253 83 130 140
    156 255 103 61 0 255 8 0 66 255 193 67 133 255 51 192 223 255 255
    221 255 202 208 102 116 255 157 111 208 255 89 0 0 252 0 132 255 108
    255 255 106 0 255 79 115 149 255 76 0 98 36 104 167 0 156 233 97 0
    30 53 27 239 255 0 0 199 57 74 71 83 71 0 0 0 0 108 0 158 255 141
    137 32 0 38 0 127 7 44 73 11 161 229 157 242 0 187 132 0 48 0 168
    255 0 0 0 0 206 17 28 192 139 246 255 176 0 0 255 214 110 167 96 255
    255 255 128 255 255 162 174 0 0 255 27 175 235 255 255 0 255 255 98
    255 209 0 0 56 228 0 255 0 56 0 0 35 241 192 255 27 217 0 198 255 0
    255 0 39 244 0 192 68 70 186 0 220 255 197 57 145 214 17 77 255 172
    228 255 0 20 107 134 255 0 0 152 0 64 97 125 57 88 0 62 113 88 255
    44 56 56 122 255 55 205 255 16 156 148 255 90 134 129 255 255 160 41
    2 64 0 201 155 0 207 108 146 255 75 0 215 255 213 19 156 0 55 77 115
    16 221 5 31 151 0 234 221 109 255 0 0 119 182 126 0 78 255 255 255
    92 75 193 0 160 55 0 80 192 75 191 8 43 255 255 202 164 33 103 255
    144 0 0 255 0 0 212 255 69 0 173 62 8 255 4 255 255 195 0 254 189 0
    4 255 0 82 255 99 14 148 72 44 44 255 0 214 0 237 217 219 255 86 137
    0 35 140 255 0 0 255 213 101 255 8 255 255 14 213 208 255 0 37 33 0
    0 44 0 6 100 87 255 9 255 255 182 134 201 74 93 206 74 88 0 148 107
    84 63 255 255 134 69 107 0 160 0 151 255 0 0 30 255 76 255 255 10 0
    0 0 0 188 201 77 0 116 45 31 245 121 174 0 115 61 60 188 159 255 28
    138 16 255 255 68 0 65 110 132 0 69 255 252 0 230 112 255 223 28 1
    199 72 255 255 0 57 0 255 132 255 12 0 255 0 0 0 85 158 0 255 255 0
    73 255 82 231 93 20 107 190 0 118 13 0 0 163 255 251 255 255 83 234
    52 0 174 117 255 255 73 255 224 0 255 1 47 177 183 141 104 193 255
    72 126 228 255 255 131 228 255 189 0 234 82 255 0 0 27 31 56 120 31
    0 137 255 17 255 199 61 187 167 253 148 255 255 49 128 175 170 0 0
    218 0 0 0 243 140 77 187 0 243 124 113 169 130 0 14 213 121 225 78
    217 182 164 255 229 139 158 163 255 0 35 0 0 198 255 222 0 202 213
    114 255 204 139 53 244 0 183 104 64 255 166 67 218 93 255 255 24 71
    11 229 255 204 120 127 0 0 239 23 253 44 214 0 9 59 255 98 255 0 0
    255 204 29 255 157 0 155 146 118 0 21 73 227 255 188 40 194 55 226
    29 98 201 116 0 255 0 116 155 159 119 20 219 17 26 97 101 0 176 58 0
    139 210 255 251 144 56 100 255 0 143 146 0 69 255 245 46 255 0 63
    255 10 255 0 44 255 0 43 208 0 0 187 209 0 0 225 255 89 233 255 0 22
    255 0 9 0 46 0 196 255 94 215 180 0 0 0 194 178 70 255 53 36 4 140
    169 0 0 255 255 255 155 0 255 236 23 39 82 127 0 68 160 174 177 101
    202 236 11 255 127 0 255 255 0 4 39 150 18 255 255 0 97 0 241 255 66
    0 199 40 255 0 73 123 231 182 0 43 45 0 255 120 207 55 0 255 158 245
    0 149 139 57 255 122 32 164 246 20 255 28 51 228 0 193 144 234 155
    121 147 108 0 255 159 228 255 24 253 168 170 3 0 0 0 228 20 184 191
    248 52 103 0 255 145 133 229 0 20 255 15 0 139 103 0 215 34 236 0
    150 51 187 0 89 100 0 243 0 228 255 0 0 85 255 242 0 37 37 255 134 0
    45 124 81 255 255 91 246 0 178 66 54 34 214 0 255 255 255 91 197 85
    0 227 75 0 0 255 72 227 68 255 46 112 0 160 0 39 74 215 168 255 0 54
    230 49 0 255 0 252 149 168 235 177 255 255 152 117 0 117 255 45 0
    213 96 15 16 223 55 179 0 255 253 150 54 216 79 255 99 136 78 192 0
    255 0 255 55 219 0 86 0 37 40 212 0 204 227 222 255 117 196 210 27
    58 132 0 0 0 155 255 58 178 149 255 35 7 255 255 195 255 180 9 117
    65 54 22 69 1 237 1 0 243 176 0 137 255 134 255 238 227 255 255 0
    120 219 75 44 46 255 0 252 255 143 104 191 16 181 42 37 255 255 201
    172 150 255 220 218 255 148 118 130 0 255 142 255 20 111 0 226 50 0
    255 241 96 239 100 138 90 36 116 255 255 255 38 209 88 165 64 0 255
    255 56 0 57 19 37 255 185 208 108 0 255 91 255 233 192 147 197 254
    255 188 255 255 73 151 0 85 60 255 103 0 255 0 169 169 228 224 153
    135 255 0 0 176 116 230 63 255 57 255 162 255 0 197 37 200 211 27
    138 0 245 76 94 16 172 0 0 222 90 0 15 185 255 239 255 255 113 235
    92 82 189 0 241 240 238 185 255 3 234 77 210 246 146 117 143 142 174
    90 147 93 109 20 118 37 0 255 158 181 255 23 124 23 219 24 0 255 0
    125 81 0 225 237 255 251 255 139 0 255 93 0 0 75 0 0 56 116 211 138
    175 56 0 203 255 252 0 30 213 97 228 11 255 99 134 244 112 161 101
    146 240 170 172 255 0 0 0 158 0 169 181 0 190 222 140 135 255 205 89
    120 255 6 255 116 0 255 50 202 0 78 255 247 255 144 255 19 49 103 33
    78 37 255 199 255 0 23 84 0 255 198 0 0 0 116 135 67 61 248 61 0 161
    0 237 67 0 130 0 120 45 105 117 226 0 196 220 255 42 30 121 51 0 87
    166 128 151 208 255 123 64 0 0 0 0 255 193 255 4 182 0 16 233 0 255
    255 219 141 241 255 255 0 0 64 62 251 0 59 0 255 16 52 159 255 255
    86 186 67 74 255 255 213 189 0 37 255 105 255 255 160 190 234 177 41
    67 25 49 61 50 8 104 255 214 255 0 35 0 0 0 0 255 128 208 198 52 19
    255 89 73 8 255 87 51 0 8 103 255 255 195 191 255 99 25 255 46 33
    200 232 245 17 0 253 0 73 213 0 6 255 242 0 250 23 255 97 0 0 255
    230 255 105 61 95 255 13 186 51 26 63 0 196 128 0 48 48 24 0 91 86 0
    0 113 237 0 0 255 197 227 117 144 255 118 212 18 255 234 104 79 231
    255 255 121 2 198 138 197 0 255 228 121 224 43 162 177 159 181 255 1
    255 244 255 255 10 255 141 203 75 255 214 255 61 0 255 227 130 125
    25 205 239 219 42 2 124 255 136 0 204 0 8 28 181 39 182 204 0 0 40
    61 70 0 0 73 255 255 57 96 116 255 28 0 255 229 135 0 253 104 45 208
    27 80 123 0 103 147 0 45 49 223 45 255 255 91 0 47 152 0 0 255 0 255
    144 194 215 0 219 200 3 234 0 42 160 0 228 0 233 245 255 213 0 0 228
    207 43 255 214 167 113 165 24 0 255 151 255 255 255 119 138 255 34
    104 255 183 255 0 29 252 26 96 255 255 0 255 0 29 0 200 87 66 252
    255 191 188 200 90 85 0 255 255 141 0 8 255 201 240 109 255 255 0 98
    17 255 219 0 77 177 255 133 255 1 229 163 2 41 216 0 30 255 0 0 236
    230 255 55 255 161 40 70 61 20 255 108 0 255 10 40 115 0 0 199 202 0
    0 57 41 255 255 0 19 255 46 162 47 194 202 82 135 255 0 250 163 205
    43 0 62 251 255 249 1 0 40 0 0 172 250 182 26 0 251 0 0 23 255 255
    119 153 53 113 164 85 117 89 255 203 161 121 114 43 143 0 255 2 98
    109 255 40 255 248 71 255 0 0 255 255 0 0 223 127 234 255 255 141 15
    68 215 29 88 170 236 57 0 255 15 164 0 179 208 255 116 69 132 255
    131 0 145 145 0 213 0 127 255 119 255 175 0 0 163 233 153 31 130 108
    200 165 38 30 217 230 255 205 74 78 0 3 90 0 182 255 255 0 20 197 46
    251 0 52 206 103 7 0 255 156 255 245 72 0 0 88 255 0 212 88 17 206
    105 202 72 108 129 228 59 0 217 204 254 0 71 249 106 255 44 196 24
    57 255 255 20 255 100 216 0 86 255 79 176 255 70 133 50 219 1 0 108
    255 111 135 255 223 0 0 28 218 0 144 255 48 255 255 179 234 0 255 0
    100 0 49 255 255 255 255 226 179 255 6 0 178 255 0 0 0 255 75 34 255
    56 247 0 173 0 84 20 94 172 183 59 255 49 255 255 255 49 110 112 103
    0 90 172 0 81 144 203 0 224 58 0 27 166 190 192 255 188 255 0 255 62
    255 231 255 0 255 98 221 88 40 173 0 0 146 0 13 29 255 0 75 168 178
    80 107 145 74 17 65 0 144 75 121 255 0 108 255 255 228 255 79 201
    249 61 90 220 202 185 0 76 0 45 57 181 112 15 0 61 27 205 255 253
    216 132 190 255 49 255 0 172 22 203 255 255 255 255 103 144 0 203
    190 255 3 0 0 203 255 140 26 127 3 4 246 189 186 84 255 234 118 122
    255 20 0 183 104 0 0 0 4 0 255 134 0 255 184 245 255 10 255 127 62
    160 42 255 104 150 255 255 172 94 255 255 199 201 255 0 155 139 0
    154 181 244 170 0 141 0 28 149 91 51 0 0 255 255 0 255 78 0 198 0
    204 235 0 0 71 0 7 82 156 255 108 198 0 201 255 85 222 0 63 69 122 0
    250 255 231 103 255 183 66 202 232 32 95 54 167 110 255 13 0 255 0
    255 233 0 33 240 85 0 234 0 110 96 82 0 0 21 206 110 236 255 58 102
    213 166 230 192 193 255 0 50 0 185 0 182 228 155 255 211 38 219 0
    255 136 85 152 107 119 247 45 255 49 0 84 193 98 39 255 234 105 167
    115 9 141 132 77 255 96 41 169 188 255 109 156 97 2 222 161 255 247
    103 255 108 0 255 189 70 255 80 0 0 228 16 16 137 164 247 255 0 220
    68 45 211 229 255 0 45 0 230 94 230 0 167 0 89 255 235 255 255 51
    255 9 236 0 170 178 0 168 255 0 120 58 0 223 255 255 0 144 223 255
    255 49 121 255 114 89 255 255 129 255 0 46 113 0 119 255 255 255 255
    236 253 0 0 0 0 255 202 190 23 6 143 172 251 74 137 0 13 187 120 0
    129 74 62 0 83 0 41 255 255 92 18 55 231 0 193 28 0 0 92 202 255 0
    176 255 255 170 0 148 255 255 44 255 92 53 255 28 229 255 231 0 255
    161 255 155 217 70 253 255 38 53 18 180 130 255 0 120 97 255 255 0
    125 85 183 24 224 0 155 85 78 0 28 255 0 255 38 70 8 255 1 10 66 14
    166 0 5 255 86 117 255 118 231 255 247 0 0 124 0 56 80 136 170 99
    100 100 255 255 255 60 190 0 255 255 0 255 250 255 255 75 0 237 138
    223 83 0 255 150 102 73 255 37 194 86 255 151 125 80 119 151 132 0 0
    255 0 0 255 219 255 255 184 96 3 255 0 186 167 77 12 3 159 0 255 129
    234 178 70 245 97 255 0 0 18 0 174 64 253 219 128 167 154 3 59 0 255
    0 234 2 55 255 0 255 255 254 63 11 0 126 0 255 107 86 210 255 255
    124 223 83 61 0 120 252 4 99 106 0 142 28 255 75 217 255 246 132 11
    80 75 255 0 190 0 0 255 255 255 94 86 40 143 0 213 52 0 0 255 98 215
    166 0 243 167 0 197 0 195 0 29 0 0 0 88 0 198 0 246 200 255 129 0
    152 248 81 1 36 188 147 102 186 0 0 45 0 7 255 0 61 78 0 255 24 147
    255 33 226 46 200 63 0 211 16 13 198 45 197 23 131 255 49 96 198 38
    103 243 226 19 0 0 184 250 0 0 255 85 7 26 255 255 231 0 255 0 229
    22 13 215 255 255 255 96 9 191 30 0 0 159 0 144 255 0 255 255 255 0
    157 168 255 89 58 0 15 149 215 255 160 0 223 150 42 173 0 31 255 0
    143 255 182 255 0 127 255 0 171 29 4 6 62 196 168 217 134 0 198 255
    255 255 0 0 0 0 144 24 190 255 255 19 159 216 202 0 196 136 2 109 46
    255 7 17 41 133 193 73 77 255 65 87 10 94 25 130 122 112 67 0 120
    255 69 81 255 89 89 133 0 202 255 214 0 98 255 60 59 140 255 255 200
    0 0 0 89 70 145 201 0 0 255 147 137 199 0 31 0 33 70 184 138 49 0
    102 167 111 124 203 255 189 20 168 255 195 114 157 199 196 6 0 173 0
    62 207 0 251 42 73 255 0 17 148 23 0 255 38 132 0 0 56 58 255 88 149
    0 0 255 0 201 245 255 255 0 162 255 55 175 3 172 43 99 47 70 3 0 72
    0 168 149 142 132 255 132 255 255 192 0 1 255 255 46 255 0 152 117 0
    219 0 111 255 19 90 236 13 0 0 242 226 0 255 255 117 31 255 67 245
    255 197 255 108 80 59 114 255 123 0 165 17 146 255 209 207 194 113 0
    70 37 255 240 210 130 9 255 0 255 225 37 229 0 255 137 83 234 132 16
    62 143 0 255 240 183 138 240 152 255 146 184 45 18 198 92 2 224 118
    34 0 255 255 255 70 207 255 255 226 56 46 255 164 210 67 224 13 230
    212 252 0 0 176 255 0 21 237 51 255 213 80 170 0 109 218 0 34 167
    142 80 216 56 255 193 74 111 94 255 62 220 255 142 225 163 255 161
    26 54 108 4 0 57 255 0 175 113 54 186 253 175 114 86 231 0 0 63 255
    104 77 200 0 255 81 118 139 221 255 255 128 86 255 13 255 243 0 68 0
    254 41 0 255 0 26 184 152 18 255 117 225 103 45 255 184 255 68 173
    137 7 222 90 0 255 0 0 165 105 0 96 4 10 7 255 172 0 0 0 255 255 61
    228 8 241 0 0 0 72 0 69 72 36 232 29 255 138 0 255 255 0 255 70 0 0
    255 255 20 255 165 50 160 134 228 118 54 224 255 73 0 123 101 203 0
    84 255 40 243 255 165 226 255 0 255 88 136 110 14 245 0 90 255 0 0
    175 35 220 157 96 231 70 0 0 0 14 119 255 55 61 255 138 57 117 190
    72 255 79 255 214 255 255 2 105 255 255 181 56 43 255 255 0 255 255
    95 40 118 172 0 255 117 219 59 0 255 255 0 229 255 0 253 54 56 0 236
    18 0 0 0 255 73 255 94 98 255 139 12 0 0 153 75 10 71 0 0 247 97 255
    26 179 114 0 188 255 0 0 0 255 210 255 169 255 246 255 255 199 0 173
    20 255 227 255 255 65 189 255 33 255 255 10 121 0 255 117 0 255 6
    255 0 98 121 169 0 255 152 184 145 102 118 110 234 4 0 255 0 28 0
    170 203 0 47 0 0 172 100 118 0 175 0 68 0 255 156 221 164 226 0 148
    255 73 255 255 17 107 7 0 65 255 0 228 0 30 58 168 255 25 248 57 176
    13 0 255 160 255 255 255 55 85 255 170 226 134 215 213 145 142 255
    201 0 70 0 223 229 98 0 0 255 90 181 0 0 71 243 0 255 227 237 255
    255 255 239 85 54 192 255 0 113 0 0 30 0 0 255 20 255 158 66 68 255
    251 0 191 136 195 0 178 130 0 194 189 51 251 255 43 14 39 138 0 0 0
    78 203 0 255 150 97 123 5 172 0 255 103 185 255 89 0 0 255 0 15 255
    139 140 0 255 235 0 108 216 214 195 0 3 252 0 200 255 255 190 255 0
    203 84 104 203 96 162 0 153 220 255 217 0 0 255 159 0 224 85 255 100
    73 107 255 0 250 255 145 255 0 26 75 99 115 228 165 0 0 255 0 215
    255 0 255 255 255 79 19 255 255 0 0 180 189 0 224 119 191 214 131 0
    226 31 45 255 101 255 14 23 130 0 0 180 65 47 129 166 255 236 192
    211 78 255 255 0 175 255 243 0 64 0 1 251 255 163 221 66 76 146 158
    232 92 250 0 41 0 90 0 87 254 62 255 0 85 195 13 255 27 0 177 225
    191 157 119 198 255 0 255 255 141 0 0 255 255 0 8 0 145 179 194 134
    255 7 171 0 153 76 152 255 255 104 144 10 255 156 209 255 115 0 255
    198 0 180 0 0 171 115 48 255 198 255 4 203 85 140 255 0 47 151 33
    255 112 0 0 79 255 220 219 198 255 159 44 122 255 255 0 255 70 205
    255 223 230 45 0 0 135 123 0 152 3 71 21 94 178 0 255 125 5 99 64
    126 255 173 255 228 16 255 122 226 255 228 255 121 177 164 47 22 145
    33 255 0 255 0 0 150 7 255 245 24 0 126 0 255 253 129 0 221 61 41
    206 255 62 144 255 255 255 0 130 0 224 236 13 116 241 19 0 20 138
    149 255 181 244 0 0 255 0 96 253 255 71 255 251 255 133 137 119 111
    0 0 0 255 0 0 29 149 255 206 110 255 0 0 255 208 0 255 7 0 145 15 0
    147 0 174 224 227 52 30 71 37 0 241 195 25 255 126 255 218 217 0 204
    109 150 198 85 255 202 0 3 81 180 22 255 145 174 0 197 143 0 223 254
    255 107 0 166 250 0 27 79 50 219 133 109 255 245 0 103 255 136 0 197
    235 51 186 255 115 103 39 160 0 255 176 0 124 43 196 190 13 255 58
    93 105 255 125 130 189 0 34 207 186 42 255 220 247 251 216 65 0 235
    255 255 91 71 251 56 125 61 183 255 227 0 163 55 53 227 19 153 87
    203 22 202 188 255 38 56 158 233 227 0 255 224 255 33 39 255 39 19
    48 0 185 0 38 255 144 44 245 233 0 255 238 140 239 75 22 0 152 0 125
    255 255 255 249 191 68 53 255 0 0 198 12 255 9 76 0 183 255 0 38 61
    255 223 88 255 10 255 0 0 30 83 0 255 0 132 120 226 255 48 35 231
    255 61 88 0 0 106 119 71 22 181 255 255 236 0 132 0 46 255 173 186
    19 243 236 222 255 0 0 255 49 0 120 1 0 165 238 164 0 255 63 228 92
    255 255 255 236 6 121 181 0 103 228 46 78 169 55 199 255 230 5 0 255
    0 0 255 0 255 0 134 255 14 255 26 48 218 148 255 54 29 17 101 7 181
    157 255 124 135 223 100 204 255 105 255 10 255 72 157 206 0 73 138 0
    255 0 0 45 211 103 0 103 29 0 0 0 231 69 197 88 21 117 198 109 49
    255 118 0 193 34 24 23 255 255 0 105 153 169 14 109 15 188 230 131
    200 205 77 0 182 0 160 81 184 127 0 0 165 92 75 0 38 16 83 0 178 255
    177 0 255 214 131 255 149 125 255 43 0 7 255 0 66 43 52 78 233 8 0
    249 255 255 114 88 183 255 126 238 102 230 66 55 229 255 249 255 205
    20 239 0 189 90 90 33 0 205 255 110 0 131 2 174 67 255 0 255 22 25
    127 255 186 212 255 255 28 180 122 4 0 49 28 255 125 43 2 50 228 52
    40 23 238 200 250 74 109 127 0 139 64 154 124 20 255 128 90 0 138
    255 4 255 220 206 248 152 255 179 107 1 107 187 151 134 72 65 182 96
    48 81 46 234 57 251 106 157 202 18 4 0 145 216 139 19 68 253 209 0
    201 255 166 196 0 255 65 109 255 255 194 255 203 0 255 196 83 255 0
    35 76 157 62 252 47 255 0 191 0 255 159 114 152 242 255 52 47 5 188
    56 39 25 47 255 208 9 0 249 156 0 252 149 239 22 110 13 0 43 220 46
    0 128 207 92 255 255 0 255 40 255 255 0 7 0 255 255 255 62 31 0 0 0
    191 255 91 163 56 57 22 95 46 113 140 75 96 0 0 230 0 252 47 94 188
    219 255 167 0 39 202 255 102 167 91 138 48 37 255 67 196 255 0 80
    111 0 188 197 144 33 0 54 7 253 255 217 243 255 0 0 164 183 148 255
    188 161 199 146 161 255 32 246 0 59 120 13 255 87 101 255 255 155
    112 104 27 120 253 255 0 213 120 242 41 26 115 167 179 60 68 0 93
    120 255 33 233 255 255 88 214 122 255 0 91 213 149 76 241 93 102 0
    226 0 255 0 87 255 0 230 0 144 209 183 171 227 0 0 188 221 20 117 0
    230 0 251 109 35 255 255 86 0 152 3 53 144 0 255 102 171 248 0 0 0 8
    194 161 102 241 255 96 0 186 28 17 45 39 174 14 32 233 28 255 255
    228 255 16 0 159 148 130 71 157 25 0 255 0 255 255 110 23 255 255 0
    106 195 48 235 163 255 255 136 0 99 251 47 255 208 0 0 0 106 198 0
    104 0 176 95 113 224 233 218 79 183 180 255 0 183 12 255 205 255 0 0
    0 255 255 17 0 255 0 226 255 64 255 29 43 255 209 45 154 255 170 221
    127 182 91 197 255 255 140 41 141 74 255 0 0 178 120 255 0 0 116 36
    23 227 165 255 102 31 195 240 113 0 255 0 117 189 98 3 29 83 85 0 92
    37 255 0 48 211 178 75 0 255 255 11 17 125 185 107 146 39 33 0 0 28
    255 21 255 178 255 138 5 167 113 0 123 0 176 255 255 25 30 255 185
    119 0 156 255 0 197 255 255 146 0 0 215 255 40 209 134 107 173 5 52
    117 79 214 0 255 0 154 0 255 105 135 44 101 51 167 209 0 116 255 206
    0 255 255 205 188 255 22 0 132 0 157 17 180 28 12 255 30 211 201 199
    106 88 255 255 255 255 76 0 88 9 255 255 0 252 52 0 200 183 255 26
    96 173 0 223 0 255 79 5 255 62 109 255 255 13 130 32 26 115 0 225
    255 54 255 255 54 52 203 222 0 108 255 11 0 158 9 175 0 7 42 198 190
    255 209 0 0 126 179 0 255 0 255 8 0 52 209 40 90 30 0 98 0 255 23
    255 0 38 255 255 210 153 255 255 169 171 255 26 160 58 255 68 26 26
    0 255 255 128 237 27 255 92 0 255 255 82 77 0 255 48 0 174 250 0 0 0
    0 81 32 80 190 255 241 153 196 8 0 133 217 21 0 0 0 45 0 79 30 0 219
    0 0 189 44 0 0 185 147 253 94 255 255 0 56 33 0 78 255 240 35 0 0 0
    39 255 255 109 210 0 0 31 89 190 171 120 172 2 43 1 4 186 0 0 179
    196 67 84 255 162 144 93 0 61 247 121 157 0 0 255 0 252 83 0 129 0
    171 87 95 0 0 84 0 234 255 183 175 90 0 255 191 190 255 255 143 0
    255 152 137 161 34 23 146 82 0 255 116 232 200 195 170 214 0 168 0
    244 119 132 253 38 21 255 54 0 227 255 41 252 63 64 28 59 255 70 116
    111 255 171 193 119 0 223 209 115 66 0 255 114 62 108 108 255 255 19
    0 0 255 161 255 255 255 0 69 0 36 48 87 114 46 96 0 0 37 101 51 127
    162 255 0 0 65 130 24 97 247 255 37 120 255 73 217 0 222 0 199 32 66
    255 94 255 7 0 137 37 255 188 164 253 255 122 255 0 111 80 255 255 0
    136 0 0 255 26 43 160 150 51 255 125 121 16 130 251 0 92 67 49 28
    255 93 4 255 0 255 0 0 0 17 172 19 0 0 145 255 16 0 34 122 100 50 0
    20 208 30 75 94 229 203 148 55 206 216 49 0 255 255 21 39 210 255 99
    0 221 111 0 101 230 126 233 59 255 60 162 84 53 255 73 202 0 255 0
    95 0 0 31 255 65 0 128 134 0 65 255 6 96 87 255 115 224 7 98 37 92 8
    155 40 0 130 0 0 254 176 86 6 95 255 255 58 255 255 191 152 0 244 0
    0 58 35 29 50 0 151 34 100 103 0 255 216 35 13 74 0 255 252 28 35
    179 194 40 255 255 0 181 17 0 231 255 173 247 212 0 95 255 255 141
    108 0 192 128 143 144 0 94 255 125 183 32 127 220 219 9 49 208 38
    255 68 128 8 9 206 0 173 220 0 255 32 0 255 224 22 255 0 255 208 143
    221 78 255 165 255 202 139 244 255 33 255 51 238 11 112 236 35 115 0
    50 255 155 0 100 218 255 0 128 255 3 127 6 255 0 0 120 150 32 29 255
    251 2 61 202 0 242 135 255 212 179 131 134 136 107 255 0 255 207 0
    255 4 139 0 255 72 0 0 255 0 0 255 255 22 0 0 255 255 0 138 212 0
    242 177 0 205 215 99 45 0 242 29 0 37 115 255 0 156 147 74 209 47
    179 35 237 217 11 0 0 255 0 141 149 180 161 0 19 75 40 191 0 92 255
    0 255 55 0 255 0 51 0 74 203 255 226 255 150 117 239 255 255 10 67
    86 189 198 159 0 248 67 161 220 148 108 17 242 130 0 255 255 255 255
    0 154 201 43 255 0 255 238 0 255 120 215 196 109 0 255 187 255 13
    255 255 0 10 184 0 0 145 160 0 0 189 68 249 23 233 35 1 202 160 249
    66 0 255 255 0 149 23 233 68 0 2 18 109 0 53 0 181 31 0 255 0 21 0
    255 37 192 255 0 255 92 117 163 167 153 71 9 60 0 211 104 193 208
    156 251 0 58 249 18 138 255 107 130 0 0 20 255 237 255 49 0 0 185 0
    255 48 127 109 255 255 255 82 17 208 16 255 255 255 253 255 218 127
    123 223 255 253 23 16 253 255 206 156 75 0 71 201 0 255 255 165 83 0
    255 255 15 0 74 116 69 133 59 144 213 152 152 20 0 0 205 160 255 73
    123 255 255 183 58 255 120 255 210 255 238 0 0 115 0 132 255 221 217
    77 255 149 50 16 255 0 245 120 195 192 255 0 255 255 0 50 19 255 188
    193 28 136 255 23 255 255 3 119 52 175 126 0 118 185 45 88 171 240
    72 255 0 117 19 0 6 113 182 84 255 191 0 94 26 155 255 108 179 5 50
    236 255 0 226 7 255 131 0 171 205 0 0 255 0 255 255 41 255 162 248
    118 0 255 0 255 0 63 246 0 19 0 218 226 193 46 35 255 89 255 129 91
    253 0 172 167 159 207 138 255 239 61 129 255 43 12 98 255 252 0 48
    113 63 255 0 0 124 0 226 160 213 108 0 215 0 255 163 37 255 0 148 85
    27 149 231 255 255 207 235 255 124 120 115 120 255 255 205 9 234 195
    130 0 225 255 78 255 24 180 181 173 210 255 143 0 255 113 255 255 41
    44 0 0 22 99 0 0 113 255 69 0 211 54 100 255 254 150 0 110 72 116
    255 191 255 170 255 0 190 83 255 106 44 182 56 0 171 0 242 223 0 0
    17 255 176 26 31 37 255 201 170 255 255 0 83 0 0 203 191 0 0 255 0 0
    255 0 147 211 152 67 74 93 255 255 246 255 20 0 56 0 0 84 255 0 185
    202 62 255 255 80 237 222 255 240 255 22 145 255 198 160 251 117 225
    255 0 239 185 0 128 126 255 147 0 0 84 226 0 217 129 255 73 216 149
    35 104 58 134 137 0 239 0 0 0 95 189 200 0 14 255 69 0 143 108 0 140
    172 255 1 155 255 106 110 18 0 196 122 189 197 9 32 255 90 35 255 0
    255 255 0 0 139 137 174 71 13 166 192 255 30 87 252 229 247 255 255
    111 39 255 80 112 147 0 29 0 198 46 79 4 204 75 0 161 241 69 51 255
    241 89 190 122 203 179 173 0 195 52 255 0 129 51 102 255 178 255 253
    255 183 198 179 0 33 169 255 255 143 179 0 64 219 43 115 209 88 255
    44 255 0 142 249 54 255 11 46 201 83 16 164 22 255 196 255 0 206 255
    243 0 177 255 0 132 255 143 52 79 178 0 123 255 141 255 251 0 0 74
    31 255 168 25 0 255 187 65 248 67 190 255 0 215 15 8 73 105 255 81
    125 203 37 187 242 96 255 182 99 193 0 16 161 36 255 27 231 99 54 22
    3 173 158 113 0 45 244 255 255 0 91 218 244 116 28 234 227 206 255
    255 126 255 89 222 160 106 0 229 205 14 0 43 111 219 181 48 51 133
    255 0 195 255 203 7 255 255 160 148 255 0 44 77 183 194 6 255 0 39 0
    243 17 252 0 47 255 0 0 255 11 255 255 218 210 255 175 0 35 15 219
    255 70 255 17 43 103 126 87 255 250 146 172 255 59 255 255 255 105
    39 173 111 166 134 163 166 255 255 249 153 255 0 0 47 148 0 0 208 60
    0 0 249 90 101 97 58 150 255 137 160 150 255 163 49 194 7 186 187
    255 141 198 41 55 245 255 86 56 38 158 255 0 47 232 0 255 3 0 117 0
    82 57 255 222 196 255 159 110 0 53 0 85 5 95 0 255 112 164 11 2 65
    24 0 255 255 107 132 85 255 255 84 0 163 0 221 255 115 0 152 152 0
    41 0 239 69 84 188 0 20 255 0 232 35 255 115 69 225 255 255 255 232
    0 193 76 79 17 113 0 153 255 132 0 16 255 137 125 109 198 115 12 255
    39 233 159 26 255 0 0 212 0 14 255 235 0 0 255 0 28 133 0 145 255 0
    111 206 104 32 248 174 244 255 0 255 81 123 0 187 255 169 37 227 152
    222 130 255 100 38 255 245 15 78 102 0 230 0 0 241 0 46 152 61 144 0
    192 65 0 168 135 255 38 58 255 255 40 0 33 241 109 69 140 82 60 116
    0 0 0 0 141 167 255 0 14 255 0 112 255 5 0 24 255 157 38 255 255 0
    163 253 82 79 126 216 255 31 255 146 25 96 255 96 169 67 245 255 148
    83 255 49 255 0 240 0 0 6 0 255 212 255 0 0 0 196 0 117 0 0 0 233
    255 102 255 221 173 198 0 239 86 44 243 0 255 85 255 243 0 85 253 0
    186 255 70 60 0 107 236 83 160 220 0 255 119 0 110 10 227 225 255 0
    8 51 207 0 0 0 30 6 125 0 255 6 66 255 220 237 0 255 255 0 214 12 0
    255 179 209 190 141 255 255 96 90 0 97 221 204 6 61 212 200 255 84
    225 246 255 161 0 0 228 54 157 120 255 69 0 255 79 63 126 0 255 255
    86 255 255 0 90 105 138 171 109 0 0 252 2 54 0 0 181 226 0 255 20
    177 0 57 73 0 255 96 14 255 201 255 196 255 205 32 218 118 0 203 0
    23 27 179 255 231 127 208 255 156 227 149 255 180 6 245 40 0 168 135
    0 231 229 0 255 0 254 255 25 170 255 0 211 206 6 0 224 214 247 0 255
    223 255 255 255 165 255 0 203 13 64 55 111 255 10 212 255 98 186 255
    255 32 148 239 255 255 0 145 63 255 227 188 121 183 248 9 0 255 183
    255 255 255 255 150 182 179 130 138 46 0 255 255 84 193 130 255 0 0
    84 209 33 0 66 110 0 255 36 33 94 74 248 87 255 255 0 162 6 255 246
    80 0 58 209 61 190 169 255 150 160 0 0 10 0 7 79 0 255 70 255 97 38
    12 155 129 0 255 255 141 0 182 199 255 196 255 255 111 255 72 0 255
    0 205 202 0 0 194 46 255 88 170 0 177 255 244 126 189 228 241 0 255
    208 0 190 245 255 16 0 243 115 255 134 255 212 141 0 7 212 53 201
    255 255 75 0 255 217 255 148 0 255 0 182 0 86 255 255 255 0 17 172
    55 243 38 255 116 195 255 255 4 230 213 212 236 0 151 207 0 255 106
    39 148 0 150 0 121 81 186 148 209 40 255 255 0 74 54 79 8 191 255 86
    193 166 0 44 233 180 112 0 198 0 252 148 198 100 0 255 43 84 0 135 0
    86 88 72 76 68 5 225 85 27 215 74 59 0 255 17 0 199 0 116 0 235 255
    13 162 242 124 0 255 0 120 255 255 237 255 208 52 132 129 0 249 166
    121 255 0 198 243 167 115 155 0 103 18 255 255 0 255 0 255 163 4 146
    196 0 0 65 0 158 67 0 0 103 132 176 0 255 0 28 112 0 0 164 255 0 41
    255 39 0 0 54 255 255 76 192 54 163 211 178 164 126 255 255 255 162
    0 165 222 255 69 152 0 50 70 29 255 233 45 0 108 166 255 0 0 32 192
    82 194 99 0 255 124 24 0 40 70 128 19 111 39 0 103 106 95 79 0 175
    255 82 167 0 57 49 0 7 26 17 103 221 0 121 220 169 247 50 0 189 232
    0 175 0 216 0 30 249 125 100 0 116 42 106 53 255 72 84 219 179 56
    189 0 88 30 33 150 255 254 255 4 15 255 30 222 55 255 167 152 0 178
    255 0 0 198 255 109 188 233 169 0 99 0 0 255 0 0 0 0 13 45 32 223
    178 209 255 180 195 0 84 90 255 217 253 211 150 180 0 255 86 9 0 74
    0 38 237 0 207 166 22 255 0 194 146 192 255 0 11 255 92 255 255 26
    255 88 0 129 222 164 208 199 202 0 110 0 0 1 84 0 0 109 255 255 46
    255 0 163 255 0 128 255 174 167 144 255 182 0 115 255 0 166 0 239 0
    0 182 156 159 157 255 152 88 255 196 201 93 134 0 255 15 71 24 0 159
    255 187 101 70 255 0 197 104 80 118 114 214 255 153 93 0 255 226 97
    255 0 255 255 0 255 0 222 204 0 255 255 255 221 255 110 110 19 124
    81 49 0 0 255 89 0 0 98 111 0 255 230 107 222 46 193 0 142 0 113 218
    14 146 209 0 30 153 5 255 182 52 255 0 255 205 93 44 225 213 158 112
    0 17 179 198 0 125 255 0 255 255 34 143 255 255 7 0 141 255 255 160
    148 255 0 0 107 59 163 0 255 255 77 255 108 0 205 223 239 219 0 18
    89 0 0 0 0 241 58 168 255 196 159 255 0 109 255 122 0 14 22 255 36
    255 33 74 178 180 122 83 114 167 91 163 255 113 0 237 22 158 81 127
    232 229 181 243 255 69 162 0 0 0 71 255 224 0 218 86 180 207 0 255 0
    255 38 255 102 234 135 68 255 227 0 113 141 43 0 14 0 223 157 0 255
    0 23 0 67 215 106 255 157 112 204 0 105 41 194 189 83 128 255 176
    209 208 255 26 77 0 243 255 129 3 160 0 240 10 108 156 255 143 239
    18 51 120 228 81 0 255 1 211 108 6 81 0 9 255 141 138 106 169 0 58
    196 255 100 73 255 152 28 255 15 0 37 44 12 203 91 236 255 255 252
    67 210 186 95 38 116 64 109 188 223 0 255 40 255 255 255 0 255 194
    178 169 255 0 36 109 0 0 7 117 248 208 255 255 255 220 0 0 244 44 0
    144 41 62 255 0 255 244 0 244 171 248 0 255 0 3 0 133 145 113 128
    180 255 255 93 255 234 193 113 158 255 0 255 14 63 170 164 255 0 95
    255 56 255 55 228 130 140 226 49 255 174 0 108 212 108 255 135 84 96
    0 146 140 21 0 230 0 227 189 54 210 120 155 239 0 29 246 250 181 29
    255 139 45 255 255 255 201 178 255 255 0 0 169 255 23 174 0 0 52 134
    152 255 144 0 99 67 237 22 88 55 87 196 209 255 134 215 255 0 221 29
    197 91 255 255 104 145 49 0 49 0 0 255 48 255 135 0 178 163 0 168 70
    140 111 110 111 188 9 194 255 37 252 172 82 146 255 0 0 93 0 0 133
    106 182 0 0 162 142 144 237 42 255 174 0 95 247 246 139 122 122 0 92
    115 0 255 151 0 0 12 243 55 80 218 0 255 255 245 118 0 255 125 32 29
    255 0 50 122 77 165 157 198 0 0 255 1 0 0 134 255 255 255 0 100 255
    215 0 15 255 255 0 177 124 0 0 167 0 0 238 131 10 0 189 189 150 255
    0 238 27 0 114 61 43 223 7 0 72 0 65 43 252 0 28 0 117 55 80 204 141
    195 136 176 171 225 171 0 222 255 255 225 0 255 255 0 210 11 205 0
    255 255 215 197 116 45 0 0 53 42 0 94 42 255 0 214 255 255 83 0 148
    194 255 0 163 131 222 21 168 255 189 0 255 0 33 255 175 40 0 255 87
    255 255 64 255 255 73 0 201 255 255 31 164 81 164 255 215 212 214 0
    89 24 118 255 51 255 255 61 255 242 162 124 187 90 2 39 255 65 0 141
    146 69 23 0 195 98 235 55 119 0 248 0 0 237 165 0 255 0 54 255 255 0
    204 0 216 105 169 71 8 216 208 68 155 171 255 50 69 116 37 0 255 100
    254 255 66 255 255 76 172 0 65 182 138 0 0 115 60 0 156 46 97 0 255
    76 0 188 80 0 104 128 158 30 0 172 128 171 255 107 50 232 193 255
    255 242 170 255 189 106 26 84 35 137 152 191 131 114 0 0 255 0 23 0
    0 191 0 0 187 0 217 0 53 0 114 255 0 9 0 0 9 28 191 151 84 17 34 0 0
    4 232 129 255 14 216 255 113 89 7 101 255 150 0 0 190 219 255 0 0 98
    255 0 255 0 255 47 0 47 91 253 81 84 0 255 131 58 0 171 207 0 131
    255 18 245 246 194 0 107 255 180 67 255 0 255 194 9 98 255 163 135
    120 178 59 0 25 230 200 255 219 27 255 129 0 255 208 255 10 0 255 38
    14 193 0 255 58 194 18 65 154 54 146 93 255 126 210 206 249 104 51
    248 82 137 255 107 74 11 0 0 78 255 252 255 227 205 29 0 0 140 0 30
    232 129 206 0 255 60 12 0 0 235 19 102 255 203 255 146 189 0 198 255
    255 243 67 20 165 136 0 0 73 118 255 9 0 171 181 0 0 255 29 9 0 0 0
    144 101 226 170 149 255 5 214 0 134 224 0 255 215 160 163 198 255
    180 208 255 0 231 0 0 255 112 212 145 255 109 169 255 104 117 255 0
    255 0 222 0 255 0 36 58 212 255 36 201 255 196 255 121 92 96 0 39 13
    0 113 78 174 0 255 255 115 255 0 255 205 164 170 111 15 155 9 132 0
    255 204 48 255 54 255 0 0 255 130 14 255 255 255 255 0 255 0 255 101
    82 251 209 255 216 94 67 219 127 0 250 22 247 0 180 18 167 227 197 0
    225 110 255 131 7 229 132 255 255 238 146 112 83 0 106 168 87 191
    166 0 13 153 0 89 22 220 255 63 0 122 255 255 51 255 255 0 104 13
    123 95 145 162 35 51 50 140 129 32 0 255 27 0 152 120 125 181 255
    255 5 250 126 12 139 0 15 31 237 198 176 71 188 143 0 0 255 0 255
    216 255 21 0 138 255 46 31 152 255 255 0 164 166 0 255 255 219 0 255
    171 161 255 120 0 42 227 255 199 188 0 177 160 110 117 176 121 255
    163 0 11 255 191 99 49 141 205 153 0 190 215 8 255 0 152 154 0 255
    255 255 224 153 78 255 0 255 82 180 41 139 35 202 106 41 95 202 248
    143 50 0 209 0 218 155 14 246 83 255 202 136 0 10 255 230 255 255
    148 6 0 25 220 255 183 0 255 194 1 97 97 180 166 155 4 255 228 99
    255 0 144 245 46 246 150 255 0 159 210 123 99 163 0 72 105 0 241 61
    133 230 125 237 2 146 0 103 173 0 0 133 0 244 255 0 0 255 255 138
    255 105 165 255 244 0 255 186 255 125 206 155 197 255 255 137 74 62
    255 225 0 119 56 19 119 236 255 198 159 0 0 208 90 211 0 0 28 44 7 0
    63 41 0 0 255 255 163 255 189 255 0 255 247 255 0 255 200 13 0 235 0
    0 132 0 118 0 65 190 102 249 49 188 117 255 98 57 28 255 54 255 146
    223 127 70 0 215 255 78 84 215 208 255 0 156 147 134 191 98 195 47 2
    223 255 30 15 255 190 42 0 183 82 96 60 23 255 255 255 162 100 37
    124 255 72 255 0 144 73 255 255 7 64 244 255 255 139 255 255 20 132
    14 151 255 249 79 102 185 174 0 26 255 255 105 255 67 0 255 145 255
    192 223 42 44 255 77 0 75 55 232 71 255 255 60 120 21 203 0 81 154
    151 59 214 212 92 222 68 45 255 255 187 255 87 255 40 0 132 242 255
    255 207 142 1 241 145 0 0 255 72 255 42 241 255 255 160 50 48 255
    236 116 99 96 71 230 224 59 255 56 255 245 255 37 128 237 0 247 255
    254 0 255 180 255 78 22 255 241 6 255 232 22 255 0 163 0 248 0 200
    152 136 255 206 255 255 131 0 40 255 30 8 222 2 0 255 96 255 83 255
    1 255 244 8 165 202 114 0 0 255 155 206 223 0 11 168 255 74 132 255
    0 166 0 45 178 214 208 0 169 242 225 236 127 255 170 52 33 0 8 39 8
    71 127 133 0 244 96 0 132 6 28 9 89 83 255 197 222 0 151 0 103 255 0
    202 133 45 0 255 255 27 255 15 234 60 86 255 0 35 243 0 255 0 138 13
    155 43 0 141 64 212 255 204 132 38 82 180 255 80 234 0 36 255 0 255
    255 255 89 149 119 0 255 5 255 64 4 104 0 202 108 224 176 120 233 0
    0 164 0 187 255 0 0 216 48 137 0 255 56 93 0 61 255 35 132 121 70 42
    214 39 0 33 24 255 187 137 255 130 183 255 0 189 78 195 199 191 133
    255 236 255 229 102 230 120 255 255 0 172 149 125 108 123 81 255 0
    144 255 84 233 0 82 255 204 101 240 90 0 0 2 197 11 166 5 167 0 96
    241 157 80 133 34 222 8 255 36 196 0 210 0 36 190 0 0 255 0 0 0 230
    0 0 255 27 124 240 246 65 0 203 223 58 110 182 160 145 89 6 240 255
    252 34 98 104 255 199 255 120 0 255 182 0 238 46 0 105 145 60 145 0
    255 255 255 255 22 255 255 26 236 20 190 163 63 255 0 98 245 255 255
    186 79 229 58 216 0 150 44 54 0 0 153 140 144 96 0 192 0 90 0 66 25
    143 53 255 134 15 0 0 166 150 255 255 243 50 124 18 172 210 13 0 0
    90 215 231 29 236 0 230 255 0 16 135 6 0 0 2 140 119 0 0 173 76 226
    41 0 16 255 255 11 108 255 255 255 255 177 255 115 122 255 99 228
    255 0 251 0 78 0 255 255 103 249 255 255 196 150 168 0 255 162 68 55
    169 255 128 233 43 25 82 48 0 209 211 255 50 255 59 0 153 255 0 0
    162 112 131 255 0 43 80 153 84 98 38 161 25 255 97 221 55 255 6 224
    222 204 189 188 243 255 8 0 0 204 255 255 0 253 255 200 56 117 156
    249 112 44 253 5 241 125 255 41 0 39 227 161 240 238 0 255 231 181
    255 0 0 255 92 0 0 255 255 223 227 225 161 255 229 122 0 243 99 125
    255 4 0 255 178 255 32 0 0 198 0 144 255 194 255 121 0 107 53 255
    111 255 108 0 255 255 88 229 0 78 115 30 0 26 50 255 0 0 216 255 38
    198 255 16 141 0 83 120 53 79 0 255 255 75 137 0 144 0 8 186 54 255
    52 140 241 197 0 70 111 60 159 105 107 0 230 4 0 3 49 24 255 255 255
    150 0 119 0 162 189 13 240 76 251 0 19 122 0 255 31 143 86 0 0 0 255
    18 255 221 209 101 0 188 0 134 245 0 255 137 167 0 38 139 0 30 255 0
    0 0 27 28 0 255 226 255 83 65 0 243 236 23 164 0 0 231 167 38 112 0
    82 0 254 89 225 142 255 160 117 255 177 125 149 33 239 175 224 0 187
    18 220 252 17 255 0 14 27 0 0 81 56 70 153 191 160 0 163 118 255 95
    135 67 89 255 84 0 143 255 255 200 11 11 182 249 255 243 255 176 117
    121 255 255 64 255 47 223 241 240 255 41 255 114 88 74 213 33 0 46
    255 0 2 255 0 109 160 252 225 1 255 182 235 178 0 255 74 255 0 255
    255 242 90 0 0 118 255 67 0 19 53 0 0 0 209 255 213 138 117 42 255
    255 35 195 144 28 235 85 0 55 255 38 0 177 136 255 81 125 216 0 0
    255 113 66 234 111 240 94 147 121 0 255 37 0 128 196 0 231 255 0 0
    13 254 0 255 0 255 0 255 28 127 255 96 131 136 168 86 209 147 255 76
    255 37 0 15 200 6 55 59 234 234 165 124 255 36 243 1 0 165 255 217
    200 227 164 111 0 17 95 143 132 237 192 70 0 255 22 195 105 193 236
    0 244 8 105 24 0 118 101 144 82 161 202 104 0 255 183 210 127 205
    255 242 253 0 159 255 255 255 40 255 93 172 96 191 32 116 255 177 30
    212 236 29 85 246 136 0 178 247 72 92 0 0 37 0 255 255 0 0 181 53 0
    0 0 255 53 255 255 255 165 0 207 185 255 124 189 34 0 149 0 255 255
    8 200 223 255 113 255 43 0 26 115 255 0 170 255 255 142 255 0 147
    255 255 88 163 18 0 255 106 22 76 161 0 255 201 255 255 99 7 0 255 0
    236 101 197 158 90 142 251 48 255 49 0 144 222 255 0 255 0 174 0 255
    105 14 141 8 46 101 84 0 255 226 255 0 246 102 0 155 12 199 165 101
    35 251 0 125 0 108 207 255 168 0 164 255 95 255 0 255 255 151 255 0
    255 255 174 242 0 42 135 232 214 0 64 206 0 66 58 169 15 200 0 255
    109 36 0 168 0 255 206 255 156 101 255 0 172 27 24 255 255 151 139
    19 140 227 0 224 40 0 0 67 242 190 0 255 255 65 255 0 116 0 122 146
    160 20 8 203 88 186 198 204 255 216 0 255 234 39 98 255 158 0 255 58
    255 255 33 0 119 255 0 255 14 192 73 138 116 0 183 0 147 241 97 89
    239 0 255 102 117 120 0 255 255 223 4 1 8 0 102 0 156 255 114 0 207
    0 255 195 0 204 205 223 67 255 0 211 0 100 0 129 255 158 22 0 148 70
    1 125 0 255 190 28 171 87 42 83 255 0 95 186 0 255 107 255 255 186 0
    167 192 244 49 242 255 18 58 0 188 0 255 255 42 98 73 0 230 122 19
    238 135 203 114 169 49 203 194 238 121 0 221 0 105 0 255 255 255 7
    225 169 0 101 255 125 0 255 255 242 0 27 126 134 255 157 31 119 54
    110 198 255 0 28 69 189 251 255 255 210 127 130 0 159 42 237 234 93
    255 130 0 0 73 159 0 23 151 0 35 78 229 188 200 255 109 207 34 54
    217 248 215 54 231 255 44 42 255 255 189 225 205 255 110 189 135 221
    253 154 0 228 196 255 248 0 255 255 0 202 160 190 3 255 28 114 68 14
    143 0 78 255 157 0 0 32 0 128 200 68 211 159 5 128 73 0 0 85 0 1 139
    197 0 209 180 149 121 197 4 235 71 156 0 255 46 210 255 39 220 255
    255 192 255 255 101 0 198 124 0 3 0 255 0 178 255 255 177 255 100 0
    135 68 5 29 0 71 198 166 255 204 255 0 35 255 173 0 94 255 60 0 255
    255 93 186 198 49 153 213 0 218 16 0 161 28 144 84 0 96 224 187 255
    166 255 255 255 20 226 0 206 255 244 193 0 210 7 0 8 109 204 170 0
    38 0 0 230 203 136 0 0 79 0 255 255 230 185 131 99 224 203 170 61 0
    35 183 0 0 0 0 139 6 143 36 197 0 92 0 0 17 0 168 91 255 255 205 249
    3 222 255 193 255 211 219 0 124 255 168 14 255 0 255 233 255 242 52
    255 50 155 55 91 255 0 0 255 0 0 0 0 255 255 255 165 246 43 26 37
    255 196 0 255 218 138 199 169 249 0 255 255 104 217 0 255 245 168
    255 83 137 55 111 255 0 162 235 0 255 191 255 123 248 11 0 250 11
    230 68 0 96 253 112 40 228 185 49 255 0 0 0 0 0 151 16 0 133 163 254
    154 122 198 228 243 0 103 0 154 178 223 0 35 88 252 0 238 181 73 255
    255 86 0 208 3 177 0 33 0 0 0 107 178 0 255 16 185 174 70 27 16 0
    255 118 17 179 79 0 255 255 0 67 250 9 255 221 210 0 0 0 255 107 95
    35 51 255 0 198 214 203 49 231 255 0 0 255 181 255 255 255 255 168
    83 195 255 255 1 65 206 177 0 14 210 76 191 50 0 132 255 182 0 0 255
    153 185 0 0 69 13 0 255 248 164 57 54 0 156 37 46 32 255 255 0 255
    17 229 0 228 30 24 134 109 0 178 82 150 6 32 255 104 46 230 203 255
    0 118 216 0 121 119 3 161 236 39 88 104 240 181 155 0 107 68 193 52
    43 159 27 169 11 255 25 68 100 0 247 26 33 54 0 229 113 208 255 122
    181 0 154 219 0 228 180 249 255 56 32 149 95 145 237 225 255 0 255
    203 241 23 241 153 84 41 168 255 255 3 153 92 83 83 0 0 83 166 255
    132 235 148 31 0 221 24 141 140 18 255 255 115 111 68 81 255 255 241
    64 255 255 255 47 218 170 0 153 139 0 133 255 255 25 162 0 0 255 0
    216 48 62 255 0 255 255 157 211 49 0 255 67 0 255 218 156 255 255
    255 255 84 15 169 134 240 3 196 218 49 48 141 214 114 185 0 255 255
    77 130 160 255 0 6 0 193 148 217 130 195 187 255 196 116 139 127 110
    172 218 7 174 95 98 160 60 0 0 126 159 235 18 186 255 139 162 191 0
    219 159 245 175 209 22 250 225 25 115 255 0 36 255 240 189 255 188
    192 126 163 255 0 42 246 157 80 255 255 38 115 96 198 183 97 169 43
    183 148 243 236 0 16 184 216 0 0 174 163 0 231 255 0 255 0 4 137 59
    0 28 62 246 58 52 113 77 220 0 140 251 115 196 198 92 255 232 0 0 0
    100 201 255 207 80 255 49 255 255 145 0 103 121 13 0 141 205 191 65
    127 0 118 211 248 66 255 48 0 255 148 230 255 0 159 0 0 182 0 178 87
    0 255 174 8 255 174 95 255 118 198 255 255 128 174 25 0 0 152 14 0
    85 163 35 48 158 0 248 0 255 255 226 43 51 255 174 0 144 251 113 85
    133 0 96 4 255 255 28 234 230 0 98 66 255 255 106 127 139 0 106 123
    158 255 72 252 244 215 0 175 255 0 8 0 81 0 255 255 59 188 62 19 132
    53 156 90 224 38 168 37 172 183 8 14 255 213 91 192 88 42 0 0 18 249
    96 181 255 250 5 150 225 249 2 245 3 0 0 255 0 235 136 0 196 0 0 103
    67 255 133 146 109 26 11 0 206 0 0 205 138 255 255 106 255 255 234
    255 255 178 146 0 208 0 210 47 227 0 162 255 255 155 200 255 169 45
    187 0 224 6 202 118 3 11 255 174 74 9 236 255 255 32 255 187 209 251
    61 0 161 8 0 196 60 17 173 138 0 80 131 255 220 141 80 68 255 141
    234 129 255 255 255 81 255 78 137 0 192 44 69 204 0 72 87 4 104 144
    255 243 90 0 4 158 156 250 255 128 210 240 0 54 100 76 143 103 14 72
    103 131 33 160 231 255 16 255 255 255 0 241 255 0 216 126 84 162 80
    216 169 208 249 0 0 239 0 255 237 11 255 0 32 129 27 46 0 241 0 0
    255 201 0 141 255 231 255 0 94 228 0 195 116 94 17 125 51 21 107 0
    200 255 57 166 0 226 201 219 255 0 248 0 73 54 0 137 40 29 17 221 2
    193 140 112 255 65 149 47 155 0 124 0 9 98 2 68 46 111 255 0 0 56
    255 231 22 135 255 0 0 28 124 0 255 38 81 255 170 47 3 31 255 160 0
    142 174 216 0 92 124 117 45 58 255 111 100 112 255 255 16 123 0 0
    192 38 248 0 255 255 131 210 189 255 153 31 0 203 253 0 255 255 79 0
    183 86 0 0 255 255 233 15 0 62 198 255 222 0 255 0 135 0 24 226 0
    192 178 0 0 255 94 220 105 255 50 49 0 58 41 0 39 254 82 255 216 61
    149 206 34 255 255 163 0 167 0 87 185 207 255 215 0 128 141 162 52
    51 114 0 126 0 174 152 23 0 0 191 158 102 196 184 13 117 255 226 255
    0 220 69 162 40 134 0 194 0 36 143 40 0 116 243 148 255 131 197 137
    231 145 78 255 255 148 255 255 201 255 46 45 247 220 248 235 128 71
    255 255 72 0 0 149 0 144 0 3 120 0 255 0 255 93 0 2 0 78 108 95 111
    227 125 131 62 173 255 255 90 94 255 160 149 37 236 108 0 255 0 255
    241 36 59 0 6 57 82 255 255 255 141 0 215 128 193 201 29 0 255 0 61
    0 131 8 219 230 118 255 0 37 255 255 53 33 203 124 0 19 90 25 183
    179 0 0 139 0 28 212 143 71 145 0 255 250 125 0 0 0 155 117 255 157
    255 120 255 245 255 64 251 255 0 0 255 255 0 16 61 90 0 223 180 12 0
    117 0 0 255 193 98 255 131 255 0 255 109 0 178 0 135 103 255 71 206
    156 255 243 0 37 0 255 254 252 236 254 0 180 39 175 237 195 0 37 234
    175 248 255 255 33 255 255 67 242 114 255 124 200 255 184 0 0 28 67
    71 0 255 97 0 109 234 15 109 0 0 0 111 247 159 255 197 230 150 213 0
    96 155 173 255 132 26 255 162 206 163 255 152 20 100 50 157 220 79
    255 40 19 255 240 255 0 125 144 192 205 255 255 33 198 189 255 0 159
    81 255 155 239 238 0 67 87 111 0 64 93 0 17 97 225 137 0 102 81 46 0
    157 193 42 128 255 255 255 255 93 189 146 199 40 0 182 255 0 116 149
    183 190 50 15 255 0 135 58 141 255 37 0 65 81 149 142 108 122 28 255
    255 255 7 7 171 0 0 255 125 255 137 32 255 79 255 101 0 255 162 0 9
    255 255 129 102 145 25 253 222 107 0 242 255 125 246 255 87 38 195
    93 235 103 0 9 255 64 0 120 255 134 249 85 34 89 61 193 103 222 224
    255 87 75 98 255 223 91 255 140 52 241 212 0 255 212 0 197 255 179 0
    49 255 0 255 150 105 255 79 75 255 0 63 0 0 119 0 97 4 7 255 0 186 0
    53 0 0 255 78 6 51 184 220 255 129 255 0 103 61 167 56 16 68 51 25
    39 159 114 167 249 0 59 13 0 0 184 255 255 242 0 236 162 203 172 137
    255 255 22 4 92 255 0 0 183 70 47 0 215 217 222 127 255 216 1 0 255
    46 0 189 16 0 255 255 80 15 144 242 97 99 0 79 255 40 99 152 141 228
    0 34 74 201 179 160 211 207 255 155 62 255 223 0 57 0 224 255 79 245
    80 193 124 0 184 21 180 255 82 255 13 0 99 72 67 65 3 0 67 9 135 31
    146 0 255 245 106 26 30 220 255 104 160 226 204 1 0 255 255 77 0 124
    235 1 91 34 0 219 88 255 255 215 150 0 215 209 0 104 182 121 0 193
    58 177 46 228 16 0 67 205 239 255 74 0 241 255 255 255 54 0 198 255
    97 130 255 247 253 255 209 0 135 255 193 124 0 0 213 100 72 204 91
    62 110 0 255 0 55 55 0 48 165 221 64 214 119 131 204 95 0 93 1 7 0
    90 255 255 126 242 255 50 0 247 131 0 45 141 190 255 255 0 176 217
    25 0 169 190 0 255 255 76 88 11 123 0 103 0 84 39 255 206 255 0 255
    41 213 111 0 14 23 37 0 0 255 245 0 255 3 0 255 253 120 31 0 255 0
    10 174 67 255 0 0 206 0 230 119 227 0 111 255 0 255 255 0 78 255 57
    85 0 0 255 130 91 129 255 26 199 247 252 255 255 201 127 113 116 49
    250 49 255 155 182 242 178 255 63 64 77 83 50 79 82 255 0 131 255
    255 43 255 0 152 21 15 255 226 204 0 230 255 0 255 103 18 96 115 105
    191 204 0 180 80 12 0 0 177 213 149 123 0 68 16 255 236 255 169 234
    100 0 255 0 255 108 54 44 64 73 53 0 195 0 219 118 40 250 255 126 75
    0 70 54 76 138 130 7 255 211 100 0 164 156 255 113 184 216 38 255
    184 104 0 184 0 0 255 229 56 0 0 86 113 255 198 215 170 255 153 222
    255 3 185 109 210 197 219 255 98 141 215 0 198 149 0 255 255 255 15
    0 255 112 0 119 255 214 174 255 115 56 255 16 157 90 141 151 173 255
    255 157 0 254 255 197 234 65 20 255 68 243 255 229 107 7 243 255 0
    152 45 218 127 186 155 63 78 209 118 255 255 0 110 114 42 215 246 0
    250 6 160 0 246 213 146 126 160 176 6 37 0 0 23 52 201 48 182 85 0
    112 233 111 158 0 255 140 134 17 28 0 0 196 239 245 255 0 53 173 27
    255 6 255 158 255 53 246 58 0 0 205 76 104 0 40 211 64 212 116 0 0
    180 245 11 126 0 228 178 48 107 101 100 255 255 255 0 214 255 1 141
    163 182 126 255 226 0 203 255 0 196 27 200 255 248 23 81 202 38 28
    181 107 0 204 236 0 112 72 214 255 231 175 179 181 8 196 255 153 0
    206 255 124 156 0 0 71 0 255 133 0 255 74 0 116 101 137 255 65 143
    255 0 151 255 233 151 214 235 20 0 0 8 192 57 237 23 178 178 212 235
    101 90 114 25 68 0 29 255 30 185 255 28 156 214 225 215 115 136 0
    255 7 157 165 255 0 35 0 0 236 67 2 60 0 0 255 255 0 80 188 255 126
    0 157 119 12 0 115 0 64 58 255 183 0 221 46 255 130 12 0 133 0 255 0
    0 255 65 137 255 0 0 143 226 255 217 21 151 0 96 0 20 0 49 255 104
    141 255 255 0 255 255 180 173 123 41 255 55 196 255 99 41 255 0 0
    245 132 130 162 215 150 226 255 255 45 253 55 255 146 227 0 79 255
    20 77 162 0 86 125 8 226 0 166 70 255 48 72 211 0 255 0 0 111 0 0
    183 13 255 109 0 0 255 233 0 129 0 255 255 88 10 255 82 66 0 169 255
    0 0 196 255 116 137 99 115 251 0 255 0 0 159 74 170 104 104 213 0 0
    211 144 255 39 255 237 0 25 0 255 0 177 191 255 235 148 18 143 78
    255 0 155 246 0 106 221 255 124 255 56 85 11 106 246 0 211 196 55 96
    255 0 173 75 230 255 255 175 143 28 0 255 195 18 47 130 255 255 94
    120 142 10 127 199 203 163 221 240 139 200 130 235 122 53 14 218 122
    0 121 0 149 169 128 124 178 255 183 255 255 107 54 255 0 53 146 197
    255 153 190 255 191 255 75 203 255 166 184 31 110 255 196 180 251 91
    56 208 62 233 255 116 127 59 227 94 255 0 227 155 74 175 77 36 255
    255 165 0 231 73 18 186 113 69 113 95 255 144 255 128 18 209 175 63
    60 255 93 11 134 243 199 199 0 0 255 0 255 245 53 118 167 212 70 0
    255 38 182 255 0 183 0 0 0 94 0 122 255 86 77 255 154 0 132 183 246
    213 63 94 16 255 0 45 255 0 145 194 0 30 193 162 162 255 166 0 255 5
    194 106 0 255 47 66 168 162 255 152 0 111 39 109 114 206 130 0 246
    209 29 139 255 121 32 255 98 255 0 61 197 0 126 135 90 0 0 0 76 220
    94 113 255 202 8 255 195 141 139 87 136 196 225 0 116 238 29 43 0
    255 255 0 239 0 132 194 80 255 39 0 255 251 200 134 0 255 130 114 27
    128 255 6 61 68 248 64 0 20 29 151 197 42 172 2 158 255 245 97 16
    255 255 135 143 255 255 86 95 222 0 255 19 0 255 168 0 190 177 241
    255 1 95 152 0 148 204 255 15 0 255 255 255 175 255 255 13 198 112 0
    152 0 255 0 245 254 197 255 225 255 214 255 173 144 255 67 246 0 83
    172 129 46 211 174 255 0 28 73 138 255 235 160 132 255 155 224 255
    128 76 132 66 53 25 177 0 201 178 255 255 255 113 255 255 0 0 181
    170 0 208 110 2 0 48 3 182 45 60 177 234 217 224 118 255 5 136 154 0
    228 0 174 217 14 67 90 135 255 73 225 255 237 0 245 156 177 255 255
    9 171 255 10 255 0 56 97 56 176 255 255 255 182 110 139 255 34 9 199
    0 190 145 0 255 80 150 232 138 164 255 255 5 215 237 69 92 79 255
    149 255 119 117 242 0 177 78 81 255 0 247 241 0 85 255 0 0 0 0 128
    28 255 255 205 0 59 181 165 0 0 255 186 52 25 239 0 204 0 76 3 14 0
    0 108 0 0 150 184 56 0 255 158 221 139 166 36 161 0 255 0 118 0 80
    61 0 76 255 255 217 228 124 0 0 0 204 143 30 186 0 110 255 38 0 0
    255 42 0 176 0 254 0 207 8 238 114 209 255 0 193 92 190 0 47 42 255
    255 192 0 144 0 0 0 224 229 6 145 208 163 255 65 0 151 0 187 0 254 0
    255 238 255 255 175 251 175 145 180 255 0 11 0 0 4 0 69 0 176 255
    174 230 83 130 255 0 82 0 52 145 72 0 138 255 240 126 118 166 0 162
    0 148 144 255 232 202 0 210 0 0 42 0 0 0 255 0 15 199 131 255 52 0
    215 0 255 255 228 18 81 255 0 123 33 255 82 233 238 232 216 28 255 0
    139 100 0 208 46 255 152 173 0 0 74 0 0 166 221 182 0 113 148 0 93
    42 0 0 0 188 215 0 0 93 83 106 255 251 76 0 245 44 0 255 179 7 103
    255 19 197 0 184 250 166 133 38 31 0 184 16 255 75 255 84 199 186 0
    122 38 249 255 138 238 124 0 158 255 204 62 214 241 255 0 74 188 213
    0 220 42 120 255 60 231 255 255 169 5 125 71 181 93 183 164 246 97
    54 104 106 255 54 0 213 215 188 255 199 32 193 255 177 255 49 0 163
    255 227 209 255 127 62 255 51 0 53 255 248 255 0 0 187 245 93 190
    198 189 128 178 93 255 148 228 255 8 255 179 157 255 0 0 0 140 255
    255 254 104 0 44 174 255 206 121 255 255 255 167 0 0 255 179 50 89
    90 83 205 0 3 47 191 187 145 42 0 90 0 0 0 0 45 0 113 0 62 0 134 238
    136 255 77 255 19 4 31 255 0 0 18 0 186 96 241 255 149 110 50 33 212
    118 230 31 255 255 17 193 139 0 106 0 205 0 0 176 189 0 0 90 233 148
    181 255 255 184 255 208 227 255 130 185 224 169 180 11 178 121 90 33
    103 243 209 62 158 59 89 158 255 61 0 171 13 243 96 0 92 0 11 218 60
    134 217 0 126 226 127 221 255 84 255 0 216 202 0 255 103 86 74 192
    27 5 151 0 114 130 0 3 0 234 8 187 0 255 100 201 62 186 255 0 255 0
    255 117 255 182 101 192 255 162 57 9 0 52 0 56 119 0 10 29 255 108
    153 197 85 47 97 16 0 109 155 3 255 255 209 0 167 255 153 135 110
    255 27 147 17 97 180 0 154 0 255 195 137 148 158 255 60 233 238 255
    216 121 255 0 255 255 255 192 162 195 0 50 0 233 228 145 194 146 255
    230 212 255 189 0 255 72 101 122 0 255 198 0 86 36 203 158 235 255 0
    24 255 255 64 218 161 248 230 0 179 255 9 56 0 25 252 87 198 48 177
    13 250 255 177 232 255 207 0 46 255 191 97 210 0 195 190 255 255 112
    255 182 59 183 13 10 101 9 224 0 97 0 255 255 255 255 255 96 50 76
    35 0 78 90 172 223 116 0 0 74 24 182 18 0 102 246 0 140 95 0 209 0
    148 0 38 30 91 0 149 158 0 228 3 255 66 149 0 9 142 255 235 125 250
    118 255 0 103 0 247 157 103 160 255 194 255 117 0 198 172 7 34 151
    73 0 127 48 255 144 27 241 255 0 191 255 78 0 50 7 183 101 47 222
    255 242 0 0 193 255 0 130 255 0 163 255 0 80 206 0 151 0 85 203 0
    143 0 9 67 255 105 141 0 249 255 105 255 0 255 0 255 13 27 55 199
    180 0 198 54 178 32 15 255 170 192 105 255 223 3 255 255 255 226 173
    186 131 0 255 255 55 255 176 255 0 214 181 239 210 201 246 0 12 59
    29 0 0 255 255 243 215 224 132 3 43 172 10 255 105 0 0 51 0 255 233
    0 197 255 255 201 154 255 115 140 9 58 0 22 14 0 237 117 38 0 255
    179 189 158 115 255 238 221 255 0 0 255 29 211 254 155 0 0 0 0 0 47
    236 0 216 219 243 255 0 255 45 0 197 8 18 110 223 16 96 69 55 255 66
    71 170 80 197 0 97 125 255 160 0 255 103 84 253 0 255 7 95 10 0 255
    154 171 114 255 118 30 0 210 85 168 244 98 245 49 33 255 255 255 255
    255 79 235 235 148 5 12 120 69 210 181 20 26 58 255 255 216 0 255 70
    0 255 0 147 255 0 152 164 109 167 0 0 0 118 126 180 226 142 150 180
    179 15 102 0 115 255 196 117 255 108 0 255 0 0 0 33 204 248 236 137
    193 137 3 170 195 255 0 140 255 0 152 100 172 226 121 185 255 105
    125 0 143 207 164 255 255 95 42 230 199 84 255 115 233 255 255 255
    255 139 78 0 0 154 255 130 16 255 156 112 255 0 0 107 117 21 114 61
    127 231 31 51 255 0 102 0 127 0 84 146 0 149 188 93 32 22 255 115 42
    255 0 222 85 89 138 0 76 69 72 64 32 255 151 255 184 245 255 0 175
    67 0 255 89 221 116 50 7 89 156 197 237 63 42 84 255 0 86 93 10 196
    0 77 146 107 0 215 255 88 255 255 255 6 209 18 0 255 223 73 0 136
    255 227 59 204 129 188 163 255 231 185 255 28 27 255 146 255 106 24
    0 255 172 247 150 0 0 118 134 255 255 255 106 98 0 255 126 160 0 119
    0 101 255 21 131 255 74 0 218 255 82 66 255 255 0 255 118 255 86 0
    145 0 206 150 255 255 0 255 1 216 180 61 14 55 196 255 187 65 26 25
    0 255 66 53 255 255 158 0 255 103 253 76 67 170 117 255 111 169 255
    96 0 0 123 213 128 143 6 0 255 149 184 0 70 0 0 0 167 0 19 252 255
    21 253 207 58 190 255 0 80 55 69 84 74 0 229 228 111 164 70 0 0 129
    255 60 131 245 255 132 240 227 255 0 23 255 53 255 101 210 48 255
    145 89 255 171 224 158 255 183 198 71 0 255 30 180 237 0 186 66 0
    214 133 255 107 0 255 208 0 103 58 0 255 255 206 0 255 166 140 254
    222 126 251 122 7 253 255 0 255 120 61 242 3 51 0 102 255 198 249
    108 154 64 25 255 165 9 139 255 255 255 0 103 238 12 108 15 0 201 0
    0 135 255 46 130 160 255 106 174 232 12 0 255 0 255 175 0 224 255 0
    80 38 198 179 182 178 255 159 255 130 255 235 111 253 64 113 172 204
    164 134 219 31 245 183 157 255 16 227 127 103 0 255 114 158 255 209
    0 87 179 0 0 0 239 0 82 96 126 236 204 187 160 162 62 255 18 209 255
    0 253 230 0 221 237 255 255 52 94 0 255 131 32 152 48 173 15 29 0 0
    75 0 56 140 85 255 66 184 192 0 46 101 214 248 255 251 88 0 255 128
    255 141 221 194 255 66 254 194 65 87 107 251 180 161 0 41 90 43 19 0
    0 37 255 217 46 212 255 125 0 163 255 2 41 225 173 0 37 81 50 0 0
    218 18 0 0 231 245 255 0 255 105 22 0 189 123 234 0 11 255 191 32 0
    65 17 25 218 127 0 41 0 255 246 0 255 115 61 129 212 255 66 255 153
    118 0 122 230 255 80 255 34 40 255 0 110 145 95 0 255 78 136 236 235
    209 0 0 250 255 147 59 219 233 186 0 255 114 137 255 255 129 255 0 0
    57 83 255 143 14 67 1 21 89 116 59 80 92 197 238 24 255 255 195 255
    255 87 101 173 215 0 18 249 28 59 138 28 32 236 255 4 255 255 196
    255 255 190 187 0 255 96 105 65 134 133 247 255 255 59 255 255 19 0
    255 44 202 255 0 255 0 255 255 255 255 0 128 228 0 151 255 61 255
    135 255 0 26 0 0 31 96 0 160 236 132 72 0 255 57 122 6 58 76 133 45
    183 62 20 239 255 69 0 146 255 157 93 255 255 57 165 224 24 3 181
    255 77 86 255 217 0 11 91 219 0 121 136 76 255 0 91 255 255 0 172
    226 255 155 255 141 255 112 119 88 202 132 67 116 255 210 255 181
    212 37 68 151 0 41 248 0 9 102 166 255 246 0 255 255 31 255 183 123
    255 198 227 245 23 255 29 255 255 134 255 255 31 0 255 255 164 0 125
    169 255 0 255 254 0 24 30 14 0 207 255 109 121 5 238 255 116 255 0
    65 255 0 141 177 228 0 61 221 255 32 0 88 255 171 255 255 255 189 3
    192 105 18 63 59 167 0 185 255 133 0 71 0 247 191 47 101 255 173 161
    58 0 227 1 167 13 3 6 0 255 255 255 40 117 71 255 185 22 0 0 0 142
    103 115 255 0 158 255 48 0 192 84 112 255 176 0 105 90 186 255 205
    180 0 48 255 27 57 255 255 99 204 45 255 255 169 128 80 235 255 0 0
    17 0 91 255 174 255 198 221 0 222 38 28 0 255 0 25 67 58 43 150 73
    165 0 13 77 0 0 155 121 167 84 0 255 255 0 137 201 194 133 255 187
    99 0 95 68 0 210 44 0 0 83 72 255 35 4 59 92 204 0 255 255 122 0 80
    151 255 68 110 219 13 0 255 255 0 0 255 18 179 149 85 34 255 177 69
    210 0 111 240 39 156 255 18 140 15 0 116 166 135 120 91 255 0 237
    255 197 87 0 236 238 171 0 103 169 104 171 42 57 0 86 139 155 48 255
    18 0 223 18 43 87 255 132 116 0 154 0 0 255 0 96 255 70 0 0 140 47 0
    0 164 37 174 202 0 121 111 133 166 21 255 255 133 194 17 60 255 0 21
    46 159 190 0 0 0 0 169 187 200 250 181 255 173 176 203 0 127 11 0
    231 229 0 28 130 0 199 255 0 119 0 229 0 0 247 53 196 0 109 151 137
    51 255 36 73 255 0 33 255 0 238 206 255 0 0 44 0 146 203 77 229 255
    63 202 130 0 0 166 211 97 44 194 200 0 108 255 137 0 0 40 64 0 164
    255 0 107 159 216 255 210 35 136 255 255 125 9 191 99 53 0 158 128
    255 17 255 77 30 174 255 115 11 190 137 37 135 0 142 126 0 72 2 177
    255 239 32 0 248 255 224 0 115 40 0 255 79 138 118 0 0 165 153 190
    209 187 0 162 220 255 213 69 87 205 0 153 255 131 219 255 255 99 255
    57 0 222 0 81 112 255 0 139 255 0 55 223 0 255 194 255 13 250 200
    136 70 255 233 0 90 241 0 15 178 6 255 255 0 88 159 229 0 97 161 10
    162 255 26 78 240 141 82 0 181 198 0 255 255 63 101 51 81 255 29 16
    58 177 255 255 38 0 46 5 55 0 0 56 255 65 240 125 128 13 0 113 0 130
    0 147 109 255 201 146 158 200 174 221 235 255 255 214 255 255 87 0
    255 47 21 12 245 255 131 132 199 255 48 162 51 0 255 0 197 255 122 0
    211 255 58 106 108 111 255 255 121 0 44 255 141 88 105 96 6 190 255
    89 0 149 161 0 0 13 78 225 0 0 255 188 116 255 255 133 0 0 129 158
    91 225 0 255 154 42 22 255 255 8 63 255 52 0 120 29 86 62 249 0 91
    209 131 255 72 0 21 137 255 246 31 255 37 97 177 175 14 166 0 189 0
    255 0 255 101 63 0 123 0 0 187 136 0 71 180 0 0 0 101 0 70 255 130
    255 136 255 185 0 0 59 123 255 4 0 16 181 193 78 255 0 255 161 77
    230 0 255 68 255 87 0 41 192 255 255 239 166 0 124 0 122 0 197 15
    207 68 0 183 244 117 255 43 200 255 226 0 0 255 200 247 132 152 255
    0 205 0 176 0 255 93 0 170 17 255 255 0 115 0 26 128 212 54 251 52
    240 109 185 149 209 255 255 144 43 77 76 0 53 205 115 187 234 173 61
    87 255 255 249 255 213 160 0 142 218 255 111 158 255 0 255 248 217
    26 153 24 226 255 81 96 57 255 161 0 213 89 0 0 87 0 52 94 0 122 78
    4 255 0 255 118 255 78 0 51 111 0 136 0 255 61 255 147 8 207 117 110
    255 112 46 71 255 90 213 59 255 92 255 255 65 38 164 255 255 249 156
    243 0 0 255 255 255 230 67 0 250 193 78 22 42 173 49 255 0 0 137 0
    85 153 0 61 0 255 37 0 191 110 255 110 0 255 43 255 255 255 16 70
    255 148 76 98 215 227 0 81 0 26 36 240 152 218 137 165 0 82 236 0
    164 0 65 0 255 68 0 197 0 0 0 45 151 128 88 0 0 255 93 158 232 0 0
    209 255 108 162 0 255 188 78 199 1 255 184 139 170 0 166 222 0 255 7
    255 116 200 73 16 95 179 0 255 97 0 153 7 17 168 85 177 255 212 32
    255 174 190 255 0 69 223 0 198 206 104 255 0 18 255 87 83 35 0 0 92
    0 135 104 255 219 236 228 255 255 17 255 0 255 255 255 65 79 204 89
    166 157 72 0 209 0 18 49 163 252 65 6 215 255 21 0 24 4 0 133 0 33
    169 25 221 20 87 135 38 0 99 78 255 51 255 149 183 78 0 201 171 152
    255 19 0 116 255 224 255 56 135 255 179 204 212 74 230 95 124 255
    213 43 255 200 223 225 0 255 38 80 127 171 3 180 0 255 88 69 218 0
    214 255 171 56 99 133 158 62 0 61 0 27 255 71 174 0 56 111 0 232 0
    96 1 255 185 245 251 124 45 0 237 255 102 0 0 59 181 158 255 241 0
    255 255 11 231 161 216 153 94 243 255 255 0 255 255 56 250 239 22
    159 209 0 0 255 111 163 101 208 29 132 215 80 128 85 0 156 91 133 13
    255 43 165 197 247 212 139 0 94 163 164 255 209 190 157 207 203 158
    151 158 75 255 111 183 255 185 127 0 117 32 173 15 238 226 193 151
    255 179 255 0 0 71 255 34 147 0 138 212 171 22 237 47 39 0 0 255 244
    214 255 130 255 0 255 133 89 0 0 255 63 64 50 156 222 159 214 0 232
    97 110 17 255 15 0 62 255 0 255 48 176 0 0 232 221 0 255 92 0 255 0
    226 44 239 87 255 35 255 255 255 122 240 98 255 0 188 232 0 0 0 255
    0 85 0 255 216 255 156 0 46 133 13 8 0 23 122 0 0 49 0 255 246 171
    254 0 146 0 169 55 255 0 255 0 255 51 255 171 107 213 255 255 26 161
    73 52 104 0 255 81 77 211 22 192 218 200 198 75 88 255 0 231 0 255
    227 84 7 183 163 0 194 241 64 255 224 156 104 41 0 255 26 128 0 255
    255 223 34 120 31 255 234 44 118 202 201 38 241 188 11 76 26 1 5 0
    241 0 0 64 0 0 255 255 18 24 211 125 52 0 255 52 139 137 130 140 242
    156 235 0 73 180 88 211 0 210 106 255 219 100 168 143 0 56 0 255 138
    0 148 0 215 0 107 255 245 240 255 255 29 0 132 0 63 5 78 84 159 255
    150 222 255 60 151 99 40 255 227 177 6 255 110 220 71 135 0 159 255
    0 255 117 0 139 23 0 224 255 22 0 188 255 22 24 0 0 33 255 255 107
    255 255 0 3 0 179 160 0 137 104 0 255 200 90 0 255 255 155 56 0 241
    97 34 0 6 178 0 0 81 250 229 255 0 222 74 255 41 71 7 0 182 0 159
    255 28 43 207 234 34 197 255 133 130 98 0 69 255 237 32 35 171 116
    255 219 144 0 255 34 105 159 94 0 255 251 203 255 255 190 168 29 30
    191 169 51 78 228 16 180 55 0 206 88 20 0 0 191 185 62 117 0 216 176
    228 253 239 0 26 35 232 255 0 121 236 198 113 40 29 255 109 255 0 0
    0 0 46 60 42 0 0 0 78 219 255 30 151 255 123 245 190 181 238 126 0
    48 168 75 255 2 0 255 55 189 118 42 57 106 0 59 243 35 138 8 255 0 4
    227 51 13 255 251 144 255 96 102 21 86 230 255 65 144 100 255 152
    106 255 80 180 239 15 0 255 53 70 0 168 181 3 255 184 255 223 23 28
    20 255 95 7 0 24 171 185 0 53 248 255 80 255 60 0 234 201 255 250 0
    158 255 255 255 110 158 53 226 255 38 44 85 0 180 240 141 231 0 255
    255 0 255 255 12 254 255 136 255 3 212 43 255 0 195 104 194 128 255
    142 120 255 255 104 110 0 10 195 120 0 255 255 58 102 255 49 0 16 0
    0 131 0 235 255 156 227 187 124 193 0 0 118 246 109 45 118 174 58
    255 255 140 255 216 47 0 7 255 0 0 74 87 131 171 164 140 208 255 255
    255 4 109 0 195 0 255 15 255 255 255 85 216 137 0 144 255 40 115 0 0
    95 198 99 152 0 0 0 27 139 255 60 9 127 132 0 104 255 84 216 181 57
    197 240 20 231 138 168 219 66 110 0 255 118 65 235 37 0 0 0 255 168
    255 164 255 205 129 0 20 246 32 174 177 255 73 112 0 255 137 117 119
    155 0 0 255 153 85 255 225 28 255 183 86 255 199 139 0 14 0 192 0
    160 255 51 215 0 0 160 39 71 0 255 18 0 120 141 255 0 114 156 100
    123 174 255 6 159 155 0 35 255 0 126 255 66 255 0 229 255 255 0 255
    0 255 67 0 0 255 0 141 236 33 195 93 134 3 136 179 235 180 0 255 178
    110 39 57 73 255 255 0 42 212 8 0 133 83 5 0 94 201 22 129 25 0 34
    175 255 0 255 151 89 229 245 0 60 128 13 0 215 111 198 235 255 179 0
    255 128 0 191 196 55 209 255 244 0 82 255 202 255 50 0 114 255 124 0
    78 201 255 0 233 57 179 117 194 255 255 43 65 0 0 201 0 176 154 0
    255 0 255 255 89 0 0 232 200 132 0 0 0 143 184 146 0 29 255 127 255
    0 2 19 109 255 0 255 197 255 0 178 210 207 255 174 255 255 210 67
    121 0 168 0 0 36 254 0 159 61 91 245 7 107 87 245 70 112 163 56 223
    136 0 219 0 91 78 0 44 93 255 0 50 0 0 64 72 215 171 54 88 254 0 57
    238 255 255 255 255 194 227 0 0 255 0 106 83 255 246 212 255 148 255
    0 107 255 110 6 158 0 69 0 0 71 0 214 121 216 98 216 167 145 236 255
    113 255 69 128 160 255 108 222 76 167 255 61 0 168 255 0 0 225 255
    126 201 255 255 0 64 30 0 35 255 14 15 255 121 47 0 167 173 0 231
    255 37 80 243 0 123 255 56 173 12 7 255 108 169 194 255 215 70 118
    255 7 6 255 187 0 70 171 117 62 26 114 61 128 0 104 224 182 0 177
    233 255 66 255 255 143 255 0 0 74 255 57 110 53 255 7 255 79 155 255
    186 255 49 0 41 175 247 99 255 93 96 108 6 0 197 0 207 255 162 33
    150 36 0 63 255 93 0 202 207 92 0 255 255 10 0 166 0 0 5 33 231 245
    161 255 0 165 143 85 230 74 255 10 0 35 139 101 107 255 198 237 255
    33 255 255 0 37 255 0 0 0 0 255 236 178 44 255 24 255 0 134 48 95
    255 246 128 232 255 255 254 0 176 115 0 0 49 165 175 74 255 255 0
    214 17 142 0 0 38 172 0 0 22 41 0 39 39 255 184 214 255 137 234 255
    7 204 203 185 0 255 14 252 255 0 139 103 255 255 196 137 119 255 0
    229 255 93 203 71 234 170 152 2 212 0 201 235 145 245 0 93 255 0 54
    255 235 255 255 146 176 89 59 255 43 255 192 234 0 95 255 255 0 255
    98 0 135 0 255 255 58 248 110 78 0 9 109 255 0 102 255 255 155 39 0
    104 112 0 8 119 227 140 255 240 124 236 150 9 155 255 88 143 96 85
    180 124 255 33 255 0 18 223 255 0 0 114 85 113 161 167 112 81 161 69
    244 243 25 0 61 0 255 166 97 255 170 0 0 255 131 201 37 0 68 255 55
    0 9 255 244 255 174 48 189 74 0 109 2 126 39 13 255 0 255 0 69 0 0
    255 0 184 247 255 122 198 0 32 0 48 152 87 0 226 255 144 59 0 222
    255 249 0 115 166 179 91 3 173 197 0 76 0 148 165 174 152 0 252 11
    255 211 15 255 234 163 0 0 0 0 30 116 0 212 0 79 234 98 255 61 255
    37 0 246 54 255 171 255 176 255 1 0 255 236 134 168 146 0 245 255 87
    255 90 236 89 0 118 200 117 255 218 0 0 143 94 235 69 168 116 255
    230 138 55 0 75 92 255 224 186 140 255 40 118 164 0 0 243 10 79 0
    182 0 9 115 131 250 139 136 255 160 146 202 64 0 209 241 211 131 225
    61 203 21 242 146 237 0 0 189 158 119 255 85 255 78 29 0 137 77 112
    31 229 237 118 207 87 45 54 255 175 97 160 32 0 228 6 201 224 216
    255 0 109 3 0 9 119 0 255 0 117 214 77 0 85 249 149 252 158 174 50
    224 243 59 89 216 0 255 0 0 181 116 41 47 255 192 47 190 114 168 255
    47 0 255 63 0 0 79 121 120 255 110 0 0 255 255 109 15 0 219 195 0
    175 255 174 54 255 255 114 96 117 216 255 151 132 242 134 83 244 0
    254 131 250 0 0 255 252 255 0 73 35 65 0 255 171 104 0 183 32 16 28
    207 255 159 211 108 162 136 94 255 143 0 165 142 17 232 203 37 90
    201 168 0 0 255 71 214 109 255 255 155 49 44 0 101 0 0 234 178 255 0
    12 0 176 183 0 0 178 196 151 93 126 76 0 255 255 120 243 181 122 0
    168 255 170 0 110 249 185 6 196 224 255 179 84 255 85 158 146 255
    255 202 200 34 255 0 0 20 255 73 102 0 120 0 51 119 124 194 52 128
    215 0 239 5 45 213 0 0 93 117 255 76 91 142 129 0 172 255 162 240 15
    255 154 68 215 186 104 180 255 162 0 0 104 255 0 77 255 0 159 11 0
    242 8 10 0 0 122 180 0 255 4 243 21 10 193 235 39 196 90 84 23 0 103
    255 252 22 160 69 155 149 108 0 0 46 122 191 220 195 166 126 56 0
    135 0 0 224 105 145 167 255 63 249 203 5 113 151 207 83 44 127 212
    78 121 255 167 251 88 255 0 236 236 112 255 0 75 156 255 58 79 150
    28 145 211 229 0 255 255 0 0 198 255 166 193 162 0 0 17 32 130 74 25
    20 255 0 255 255 0 235 0 164 200 184 129 82 152 241 209 12 175 148
    44 63 98 87 234 12 171 255 233 255 104 0 49 211 0 222 255 0 141 55
    15 223 255 205 99 174 240 0 220 0 22 255 153 255 255 9 7 193 109 255
    0 83 0 0 117 95 0 255 0 29 39 88 252 0 25 9 150 19 11 255 178 211
    227 97 210 55 255 135 255 148 0 232 114 151 156 213 0 255 255 0 255
    163 118 43 58 135 164 29 109 246 255 6 56 0 195 21 101 146 140 0 11
    255 132 255 178 47 90 255 26 255 235 84 0 37 0 130 255 255 190 0 46
    212 56 0 206 0 102 92 97 44 0 0 204 0 115 104 74 0 255 228 0 86 72
    75 56 45 121 255 183 0 255 65 141 131 0 239 226 145 0 255 175 255
    198 20 255 229 173 33 158 75 0 106 255 127 230 97 49 255 185 0 0 227
    130 0 1 0 82 0 36 255 121 255 0 1 251 129 225 253 255 144 196 88 0
    138 113 255 0 10 61 153 0 154 150 126 64 0 107 255 58 58 213 220 255
    150 113 0 0 255 0 170 48 205 58 0 121 255 167 238 0 0 255 0 255 238
    204 105 218 123 0 0 0 183 255 0 24 124 171 0 23 255 0 118 92 204 164
    152 122 1 255 77 255 255 0 206 220 81 10 148 255 255 0 183 255 255
    43 102 0 117 122 208 251 159 105 255 255 150 0 0 157 0 26 76 120 207
    62 154 255 72 173 255 0 255 58 197 74 39 255 224 255 255 225 148 7
    46 255 255 150 0 199 255 2 25 0 92 150 255 0 148 0 194 125 81 0 58
    217 0 115 50 42 248 0 255 171 87 106 84 0 255 112 255 200 255 0 0
    122 249 235 17 200 13 208 255 170 255 207 124 211 54 89 0 255 255
    246 0 222 43 255 189 53 74 108 0 172 249 0 197 172 255 218 138 34 27
    12 0 0 255 52 206 254 255 0 107 35 0 40 197 70 221 0 255 17 255 185
    146 83 176 159 2 0 156 20 28 255 204 59 16 197 208 138 90 0 18 255
    244 0 0 184 32 163 176 255 78 195 255 83 194 120 18 0 187 115 148 0
    160 216 0 225 255 105 74 0 255 255 255 255 0 57 225 34 0 79 226 70
    47 95 0 255 212 150 8 87 255 53 0 0 199 255 255 199 74 0 255 255 255
    124 143 222 0 43 42 255 222 255 107 142 108 248 249 241 0 0 0 22 23
    255 255 5 0 176 255 0 192 52 235 255 44 93 191 0 31 246 255 91 172
    201 0 25 126 0 62 250 141 96 255 57 231 255 195 0 192 231 255 0 255
    255 0 169 0 114 0 255 126 0 255 152 255 3 255 214 228 159 103 11 90
    124 255 255 29 255 226 55 255 0 109 23 54 0 125 0 0 255 101 255 89
    93 248 255 105 209 255 255 0 0 85 40 142 0 227 1 228 0 106 255 169
    168 255 0 63 186 255 184 248 95 242 239 180 125 0 255 92 35 96 255
    79 197 255 10 229 39 195 0 79 255 137 0 255 115 143 255 0 109 33 255
    43 42 223 0 66 255 47 0 255 255 240 255 255 143 0 72 120 0 217 121
    192 215 229 255 0 154 255 3 196 233 209 0 0 44 73 59 255 209 3 161
    152 179 249 230 130 255 255 174 0 0 7 0 189 0 246 50 254 128 236 56
    255 255 24 151 242 231 62 0 16 33 255 157 63 255 200 175 179 52 127
    49 44 79 41 0 0 105 255 226 0 0 255 0 101 41 0 37 191 44 67 202 9
    255 0 79 0 253 215 90 244 205 81 179 0 218 162 165 0 93 40 56 255
    255 0 117 67 126 76 255 109 255 148 197 111 148 0 177 149 255 0 255
    0 66 255 255 0 0 0 120 185 229 255 3 255 255 222 73 174 0 1 245 54
    242 0 218 0 22 159 200 173 221 139 191 0 73 227 21 0 0 0 112 14 153
    128 0 148 255 0 92 120 19 255 236 98 0 0 72 69 0 236 255 190 80 255
    90 125 255 0 105 190 0 0 0 164 255 154 63 81 241 124 33 180 61 244 0
    183 236 157 36 244 215 207 51 80 168 127 255 255 0 0 220 152 0 0 255
    255 160 17 255 255 239 247 255 5 51 223 202 72 8 0 255 255 255 60
    255 255 255 58 193 21 179 206 255 170 8 214 0 4 245 207 63 125 255 0
    119 86 66 92 0 249 226 61 140 255 31 111 96 255 168 149 87 255 78
    204 0 255 0 215 0 0 253 255 0 241 255 133 255 243 117 201 90 174 116
    72 0 255 200 255 246 152 106 112 38 248 157 96 219 192 0 255 43 233
    27 215 197 238 209 203 104 180 8 0 91 224 160 138 70 255 255 183 62
    88 52 255 206 86 0 4 255 255 114 185 100 198 0 182 230 0 41 0 255
    165 50 101 30 198 134 0 199 190 206 82 70 255 168 255 8 201 19 218
    255 20 0 87 255 0 56 233 45 1 97 255 0 0 255 0 255 42 35 0 137 129
    210 0 0 255 186 0 86 134 243 144 250 69 156 28 255 3 67 0 203 115
    255 31 197 23 0 0 6 0 234 77 0 7 92 187 87 124 206 74 255 255 212 80
    255 117 188 0 97 0 0 255 224 91 255 150 0 0 216 185 22 221 0 136 31
    170 255 0 0 237 195 203 129 255 255 0 243 101 95 158 215 252 66 227
    90 3 77 201 205 195 255 53 255 255 69 200 255 0 191 255 90 255 94 0
    101 147 255 0 197 255 30 255 255 255 151 182 60 0 0 255 0 226 136 37
    156 220 28 2 255 154 140 85 67 99 127 255 58 255 255 255 165 35 46
    255 0 255 0 255 255 228 255 159 137 255 0 89 255 2 162 0 209 22 255
    13 240 69 216 127 255 255 159 27 0 32 72 88 255 102 199 107 0 190 84
    64 0 214 128 255 108 255 198 0 118 122 209 255 255 103 247 115 0 0
    251 0 179 209 241 0 11 155 255 255 255 108 255 219 237 0 7 0 143 82
    243 0 0 255 255 125 97 240 234 136 219 185 243 35 0 57 14 255 21 255
    255 106 0 173 142 169 0 35 128 255 255 0 255 139 0 103 85 255 88 122
    71 11 43 205 0 255 134 255 32 0 61 106 255 141 57 5 0 68 51 0 85 0
    22 255 191 0 193 132 0 216 255 255 195 37 0 255 0 44 238 29 153 221
    0 255 224 170 255 255 243 70 83 0 94 255 129 0 85 191 16 234 0 76
    255 37 166 255 134 174 171 134 255 187 30 0 104 87 0 130 31 255 0
    166 158 255 9 96 0 198 204 0 58 0 84 255 0 0 174 0 192 255 78 0 255
    0 255 193 0 197 210 0 225 145 255 147 199 94 134 114 0 106 255 255
    119 219 255 0 213 146 255 0 79 0 154 135 255 19 94 0 71 193 0 0 90 0
    0 76 255 174 240 255 0 159 255 0 0 255 0 144 255 62 122 255 244 49
    234 255 180 255 255 0 0 255 60 6 3 229 0 255 18 188 166 172 77 182
    130 255 255 255 50 255 0 1 245 0 255 248 174 254 0 74 114 140 37 23
    107 158 5 35 255 106 68 255 192 111 195 94 187 118 157 67 91 255 255
    244 51 53 255 250 238 0 156 255 176 0 124 216 86 69 238 2 0 22 235
    178 255 181 0 130 230 14 7 87 0 22 0 71 255 255 255 255 0 35 255 172
    4 255 183 255 146 118 198 145 0 164 126 255 103 220 57 255 0 20 120
    119 27 3 142 0 27 7 112 192 42 8 13 73 195 144 236 255 255 195 251 0
    0 0 0 0 122 255 24 204 22 255 138 53 255 181 32 214 95 111 255 250
    210 141 255 249 176 163 0 21 255 76 255 255 21 162 0 0 117 51 67 38
    132 198 0 0 145 255 48 39 135 109 23 236 255 42 130 230 0 58 255 102
    255 255 142 255 86 255 255 241 255 235 220 255 117 91 197 210 147 0
    204 181 0 0 24 255 72 7 255 230 0 0 206 255 255 166 213 255 137 62
    255 18 0 0 255 0 220 148 110 151 222 220 255 34 255 0 137 228 3 230
    13 143 64 255 198 52 77 118 76 214 148 137 255 16 1 255 128 0 255 46
    0 24 75 131 255 153 184 226 126 136 85 0 0 0 70 215 252 46 165 255
    38 0 109 60 174 74 252 143 16 231 255 198 9 206 208 0 255 0 0 182
    255 0 255 255 239 16 110 12 255 187 244 255 36 255 95 248 255 255
    255 117 65 80 0 229 23 227 123 149 0 0 170 147 0 239 255 184 0 188 0
    0 232 6 7 255 125 46 156 13 168 233 101 0 94 255 236 68 116 69 84 29
    127 0 188 0 0 101 255 169 10 225 186 214 249 255 167 72 90 211 170
    222 0 191 206 255 96 0 255 59 255 108 0 183 240 177 255 0 37 255 255
    6 15 0 217 43 255 222 14 26 202 96 122 255 103 252 255 255 255 255
    106 0 0 0 255 15 255 46 173 255 0 94 38 255 84 238 113 255 18 65 185
    255 0 123 255 97 117 3 150 150 48 24 0 106 243 238 137 62 236 193
    158 255 179 249 163 206 208 229 0 154 5 36 116 109 255 255 81 120
    210 102 158 213 0 0 36 3 255 0 255 31 206 136 182 3 255 0 244 91 92
    165 0 212 255 227 0 0 252 136 102 107 0 132 241 255 154 138 59 77
    246 0 31 255 215 118 144 12 29 238 127 0 79 176 236 100 0 125 92 52
    194 44 186 79 84 243 0 255 28 204 123 83 255 154 133 255 145 18 0
    255 171 121 26 83 0 255 255 148 255 58 255 35 29 224 212 159 0 147
    29 78 0 100 0 97 145 255 210 249 218 226 226 0 105 255 255 0 0 100
    22 62 225 0 150 96 99 0 140 40 211 204 255 255 255 13 207 71 33 0
    178 79 48 0 237 136 187 17 0 202 64 212 0 105 200 167 142 231 0 157
    255 113 148 239 191 255 255 41 7 49 198 255 255 99 0 0 0 255 255 125
    116 171 182 19 115 252 203 51 230 0 0 255 255 175 248 255 29 62 255
    93 255 64 255 255 232 0 255 14 254 93 0 255 172 255 111 175 126 0
    213 0 251 119 241 190 113 234 151 216 255 140 0 0 0 245 255 79 255 9
    204 196 29 255 0 0 255 0 255 219 255 186 166 255 39 0 0 235 0 232
    158 255 48 190 188 124 141 42 76 0 0 237 34 0 129 56 57 63 34 255
    125 255 242 67 255 0 0 155 172 119 87 168 0 108 0 236 171 27 14 0 0
    76 213 189 70 255 255 255 63 54 111 206 0 35 225 113 254 208 236 255
    255 202 0 255 147 255 108 255 47 242 103 228 144 0 208 35 173 0 4
    217 43 255 6 132 63 140 173 0 0 134 163 0 107 0 0 213 255 202 0 123
    87 0 180 255 255 2 255 0 0 231 255 89 133 255 255 0 131 5 108 33 255
    255 176 45 255 195 129 199 0 194 66 81 0 169 0 53 6 255 27 255 0 186
    255 0 255 233 255 116 255 48 61 158 252 107 34 17 169 30 230 227 0
    158 0 255 128 0 255 255 156 89 255 193 0 120 70 232 81 42 0 114 100
    255 0 0 255 0 0 71 0 72 0 79 0 30 40 139 255 255 19 255 40 0 0 179
    140 4 255 192 70 32 255 110 0 71 0 11 255 190 128 255 175 154 109
    255 205 229 0 237 88 17 236 217 0 100 193 0 105 178 176 255 21 255
    255 255 66 0 255 219 255 101 183 201 96 231 146 167 0 105 255 0 180
    255 255 230 0 138 255 79 248 255 211 0 85 157 95 220 0 0 123 252 0 0
    224 174 0 0 191 7 50 255 52 39 114 202 255 171 178 167 157 152 233
    85 59 140 45 255 0 51 0 190 64 226 165 77 240 255 253 7 125 65 0 0
    233 255 181 229 214 251 0 93 103 187 221 86 22 0 4 0 185 229 83 0
    250 0 100 201 0 255 0 255 0 165 29 183 135 255 154 0 211 68 255 223
    255 229 131 103 232 179 32 58 0 255 61 164 4 255 255 122 238 140 45
    255 0 58 0 239 239 255 0 255 98 255 0 255 180 226 0 74 53 210 0 255
    0 138 217 255 0 30 189 73 188 255 69 0 60 45 0 88 183 211 255 62 105
    0 17 230 178 180 117 193 0 108 151 0 159 0 78 152 255 108 255 92 249
    183 133 2 0 0 142 64 126 0 136 188 161 0 183 128 231 56 79 255 255
    20 110 147 0 232 0 255 8 0 0 172 255 0 85 101 0 239 239 126 251 149
    255 150 255 25 241 37 149 186 138 22 28 68 150 197 197 232 0 86 3
    255 0 38 122 223 255 0 0 0 52 0 6 255 40 108 255 0 147 194 1 21 64
    174 255 255 131 0 96 255 0 238 255 221 198 223 198 78 255 150 89 255
    189 155 56 246 0 0 0 255 0 222 173 68 0 196 250 255 175 255 196 216
    0 23 255 16 37 255 121 252 124 0 0 205 12 210 0 169 255 157 106 0
    255 63 194 63 3 194 0 80 0 0 0 140 255 139 96 110 220 0 240 214 151
    3 0 139 255 217 188 0 255 184 229 210 205 165 59 0 0 255 252 239 255
    234 105 127 0 73 153 255 255 201 23 0 183 36 40 180 116 131 109 0 0
    108 0 82 25 78 255 255 122 255 71 219 48 201 163 115 0 240 0 0 152 0
    188 70 255 237 255 255 0 60 48 241 219 0 130 0 228 26 0 137 0 134
    255 0 254 59 0 202 0 161 142 255 40 255 36 0 213 82 115 0 0 255 255
    255 33 255 58 106 150 0 80 17 196 149 217 183 95 40 255 232 0 25 255
    71 114 121 45 40 136 181 194 146 0 0 105 252 40 78 221 255 66 255 86
    106 199 255 24 155 9 27 232 6 133 0 0 148 135 0 219 55 104 255 255
    42 163 65 169 239 255 189 255 233 31 0 0 56 0 99 91 0 25 255 229 35
    58 202 249 28 57 0 0 195 184 255 22 69 1 0 245 255 86 47 0 100 115 0
    245 0 176 6 0 111 255 0 150 249 0 2 196 117 0 0 59 0 255 0 86 150
    255 90 234 171 0 255 192 49 104 114 26 136 0 99 255 48 198 255 244
    70 0 255 43 255 7 0 255 220 255 30 63 223 32 49 255 169 255 110 255
    186 17 255 171 0 0 122 133 42 0 216 0 234 234 236 58 255 225 122 6
    90 0 3 92 6 0 255 38 255 246 11 0 177 2 205 0 109 0 37 28 49 111 95
    104 255 72 204 185 18 189 144 148 255 115 0 147 91 125 218 187 0 0
    235 148 201 239 25 89 168 0 255 212 186 255 128 255 0 217 255 60 119
    127 90 194 75 47 177 183 236 48 255 107 122 130 0 255 0 126 243 0 46
    126 143 255 150 0 0 0 0 0 0 194 0 255 26 204 28 51 213 0 203 0 15 68
    49 240 255 169 0 212 131 255 5 22 65 158 255 255 60 255 255 0 107 74
    197 159 106 0 255 236 218 0 0 27 0 0 255 253 248 255 255 222 255 255
    35 187 32 176 70 11 242 139 163 40 93 46 16 231 80 0 0 213 166 93
    255 0 255 0 237 124 31 236 143 197 93 255 255 255 0 194 0 23 89 255
    118 255 10 159 255 0 0 0 187 213 0 179 140 187 11 255 67 255 200 0
    183 62 102 246 160 222 239 81 166 60 160 7 0 255 115 0 255 190 29
    158 33 220 186 0 255 105 62 140 80 21 18 255 58 255 0 14 255 255 229
    0 0 197 0 229 239 53 208 0 255 8 122 255 0 186 180 255 111 255 35 49
    93 57 255 16 255 142 252 255 255 179 0 228 68 194 0 0 255 195 236
    255 28 184 167 62 158 134 99 0 222 37 245 134 186 255 235 23 148 248
    51 155 2 0 113 248 0 0 146 0 0 242 217 0 120 255 0 0 102 33 232 61
    65 56 255 35 105 19 45 171 255 127 61 255 11 178 255 0 164 255 198
    81 214 43 0 112 249 15 43 205 174 104 255 64 173 229 255 255 182 122
    0 62 58 203 175 255 255 0 210 144 0 12 231 44 134 0 255 250 115 255
    231 255 255 138 195 56 255 138 0 7 255 14 198 0 255 255 156 0 213
    167 37 220 93 255 184 149 254 242 0 148 255 0 15 157 77 142 0 187 0
    27 121 177 0 126 0 17 73 8 0 74 255 144 9 250 215 26 255 243 74 0 0
    255 166 113 106 0 238 154 72 120 151 0 255 53 255 255 255 150 134
    206 156 0 26 255 0 0 38 0 207 65 47 148 255 144 177 255 200 26 87
    244 134 10 61 53 215 150 110 117 255 40 0 170 15 247 100 10 72 123
    255 255 255 201 227 249 212 33 255 255 213 114 255 19 69 255 228 116
    168 25 0 0 0 166 255 255 255 128 70 153 255 0 219 255 209 255 180
    255 99 103 152 133 49 5 0 0 255 195 251 170 14 113 255 210 61 37 255
    29 0 0 162 96 60 1 0 255 169 78 55 201 249 22 219 255 24 102 7 207 0
    179 169 57 146 145 160 123 0 255 255 127 116 3 0 0 219 221 0 141 255
    49 255 213 206 199 46 255 118 202 165 0 70 77 125 163 0 217 255 0
    180 168 65 95 0 101 101 0 234 255 28 216 162 0 213 255 0 255 170 0 0
    21 255 27 63 3 249 0 0 255 56 218 252 186 208 0 255 243 58 34 239
    255 153 5 171 11 185 255 34 255 70 31 155 205 22 62 255 161 0 255
    131 158 78 255 31 9 78 122 240 155 255 255 0 184 208 0 1 41 0 215
    255 0 255 0 167 194 143 0 0 0 251 153 55 0 206 215 6 255 0 74 255 0
    43 244 255 255 173 255 178 40 0 1 165 19 110 116 0 145 78 255 244 64
    232 196 0 200 253 148 255 255 228 198 26 208 0 0 255 0 176 255 0 59
    80 156 144 159 242 37 45 72 0 0 202 0 105 0 255 255 85 0 36 0 170
    167 34 255 187 27 255 0 99 151 218 80 255 255 192 241 135 0 97 147
    49 207 49 68 222 152 154 255 132 4 255 20 193 255 207 202 255 238 0
    9 203 255 36 255 255 0 70 203 0 94 0 0 0 0 116 0 137 94 0 0 255 101
    50 255 136 255 251 113 159 137 184 24 166 0 0 255 61 93 1 255 139 0
    255 2 0 255 238 69 255 228 0 70 121 186 255 118 134 184 115 123 203
    0 0 179 84 17 0 173 255 0 255 58 102 87 169 156 216 195 35 87 0 255
    182 158 255 82 207 12 255 0 94 113 186 151 0 244 54 255 255 0 233
    119 0 37 0 35 211 255 245 26 255 67 255 0 103 255 255 81 107 0 227
    182 168 0 0 101 12 66 183 200 255 93 0 58 96 54 141 0 235 122 221 0
    255 230 124 255 31 59 255 255 180 237 255 141 255 238 0 0 0 0 51 208
    51 255 150 255 167 0 1 205 255 4 65 105 0 19 255 0 255 255 0 66 0
    255 255 255 255 141 66 186 0 134 255 255 0 94 255 41 25 255 208 0 38
    218 20 23 195 255 40 175 249 252 149 123 19 0 71 255 56 254 255 143
    243 0 255 30 0 81 73 0 115 255 255 8 0 72</data></your_img>
</opencv_storage>
