<?xml version="1.0"?>
<opencv_storage>
<filter_type>0</filter_type>
<only_luma>0</only_luma>
<r1>1</r1>
<r2>2</r2>
<L2_diff>1.1904549550486990e+03</L2_diff>
<test_img type_id="opencv-matrix">
  <rows>128</rows>
  <cols>256</cols>
  <dt>u</dt>
  <data>
    89 164 122 198 188 125 219 230 133 145 238 183 84 233 48 249 31 65
    45 36 177 157 57 234 34 104 223 215 226 6 127 71 52 139 147 93 159
    78 185 157 147 169 131 142 135 10 216 55 22 116 238 163 212 40 198
    181 215 43 171 198 10 213 209 182 216 51 178 39 48 25 115 42 80 2
    139 4 70 10 45 42 241 66 93 108 196 227 188 102 97 223 198 101 171
    169 166 54 101 157 230 97 120 49 186 202 202 252 222 183 16 144 196
    20 135 92 161 121 62 98 114 200 210 63 170 195 18 37 99 98 32 201 96
    124 160 163 215 39 7 211 175 175 68 183 213 184 83 73 82 130 226 195
    59 16 136 8 20 98 16 216 74 125 195 81 134 225 209 33 90 65 173 27
    186 13 252 122 235 40 196 242 21 27 148 136 167 81 215 137 12 17 135
    11 227 6 125 6 21 193 150 63 197 99 4 171 113 222 229 3 79 252 165
    231 167 14 71 224 105 79 44 129 141 19 196 74 81 51 46 164 72 202 21
    169 105 39 1 47 215 30 23 87 12 27 82 100 186 168 18 72 124 230 8 31
    198 224 226 197 54 168 155 182 63 61 80 201 94 195 102 176 162 143
    234 136 32 125 162 2 23 101 97 64 31 232 28 89 4 89 244 14 157 23 94
    50 73 13 242 80 94 95 102 242 108 155 129 229 147 7 206 224 254 134
    181 152 239 192 204 76 221 160 130 197 163 30 44 52 195 174 54 75 87
    229 76 50 65 51 10 181 24 22 254 201 35 218 238 133 114 55 45 244 94
    205 35 157 250 162 187 130 82 163 66 143 215 59 183 125 112 130 33
    82 19 11 57 62 32 148 212 238 22 212 204 57 17 221 7 225 228 242 7
    236 14 255 144 203 30 133 160 63 178 171 136 39 8 205 61 84 146 74 2
    140 32 26 140 118 56 72 56 197 214 141 221 240 120 167 106 13 205 55
    8 37 175 25 92 0 62 207 129 159 27 98 210 126 121 133 122 55 155 55
    41 24 249 138 14 239 21 162 4 121 131 187 216 167 24 112 146 225 220
    45 189 233 125 149 1 142 75 82 75 237 19 234 237 215 205 54 153 89
    219 92 4 166 3 238 219 132 95 202 92 89 207 152 25 182 138 9 177 124
    44 160 38 15 197 166 49 11 59 222 154 148 105 94 93 149 253 29 26
    117 27 114 184 182 214 49 136 37 251 160 113 103 31 150 219 229 36
    139 146 67 205 254 73 76 2 237 102 38 164 154 37 219 49 174 222 45
    194 113 161 18 224 139 133 68 228 25 128 208 200 133 146 48 21 75
    221 5 70 6 243 207 50 37 213 123 73 181 170 164 63 117 210 63 204 22
    191 99 9 119 95 69 13 242 179 4 40 36 27 50 39 94 114 30 157 117 16
    143 68 164 73 27 254 20 222 98 188 36 195 19 149 194 247 198 19 41
    194 227 48 60 22 64 144 102 209 70 51 26 109 186 71 35 158 152 32
    176 18 73 99 61 182 0 92 225 20 203 47 26 76 152 219 181 152 31 146
    58 223 198 174 130 240 16 105 227 153 37 113 173 56 186 34 221 142
    124 87 205 11 45 248 231 16 156 241 141 20 36 172 195 87 89 62 1 106
    88 36 43 132 39 231 48 113 123 161 16 128 143 70 33 194 168 224 246
    212 53 12 30 144 218 221 115 103 126 195 184 45 97 57 37 205 84 16
    218 171 100 250 111 54 224 64 118 147 239 29 159 169 85 170 154 157
    25 171 80 223 5 53 77 215 49 114 77 1 147 131 6 99 238 85 147 45 172
    57 149 215 218 200 167 30 131 23 238 131 216 181 91 9 217 243 254 84
    212 154 188 45 34 16 214 133 109 208 81 23 88 206 103 241 129 31 31
    177 223 115 61 151 106 197 216 227 6 175 142 146 249 145 174 166 24
    130 170 183 203 191 130 2 250 166 86 54 183 124 234 235 64 10 30 19
    75 185 168 199 166 19 62 96 192 217 124 43 12 185 169 238 246 149 80
    73 249 128 29 38 51 141 102 34 241 65 31 77 191 163 99 237 222 162 1
    109 169 132 225 238 244 28 104 82 246 27 245 226 41 125 214 40 208
    99 244 235 245 59 239 241 176 67 162 245 110 94 111 107 213 61 34
    255 197 70 217 44 186 74 190 0 166 112 152 93 254 31 23 37 198 83
    139 174 196 109 136 68 160 70 69 252 172 196 217 72 200 197 133 10
    30 18 147 215 195 129 86 219 194 84 152 173 110 114 42 81 14 144 81
    247 63 66 12 134 196 51 110 63 182 226 139 55 235 179 111 156 184 44
    163 115 126 217 165 119 35 238 186 213 42 33 8 154 6 140 188 209 244
    205 91 246 184 253 169 250 155 0 240 38 168 181 211 150 71 53 159 93
    52 250 141 176 11 76 227 26 15 123 51 253 151 117 93 183 188 141 209
    123 51 46 19 147 197 48 60 104 18 22 80 192 22 241 43 191 89 32 218
    212 205 149 80 146 95 36 239 36 69 116 171 117 18 10 117 127 14 150
    0 154 106 55 24 55 59 219 204 108 67 123 186 201 128 30 242 165 88
    75 95 98 197 157 111 29 50 5 63 91 166 244 81 195 83 101 37 176 250
    207 121 108 70 165 133 97 40 100 141 99 74 255 170 85 58 54 39 93
    205 105 217 168 58 118 48 168 150 121 159 59 99 89 66 223 247 7 87
    130 241 98 195 213 249 165 152 56 92 252 182 29 216 83 67 94 112 110
    6 183 162 48 238 171 180 24 118 109 71 228 47 13 30 226 196 104 52
    24 78 253 16 186 205 210 73 212 143 10 73 4 25 203 252 88 215 107
    185 115 201 72 38 98 185 218 83 181 33 122 144 237 246 169 212 220
    98 142 241 231 63 40 194 73 147 95 146 199 12 239 96 155 73 49 182
    195 101 136 208 137 62 88 136 45 49 144 89 206 145 240 120 210 56 84
    138 113 109 56 218 179 208 121 69 83 18 33 106 71 6 45 29 185 4 147
    71 173 145 99 36 52 189 52 164 188 247 79 226 35 33 109 122 152 85
    38 231 66 40 185 161 91 119 49 164 176 68 79 175 50 82 49 135 211
    190 4 175 79 78 1 141 211 138 126 122 250 50 74 211 200 150 235 36
    51 110 159 52 83 101 50 96 151 136 155 201 172 94 87 72 80 206 218
    76 84 140 43 42 186 246 42 176 61 50 194 143 32 203 219 214 83 8 107
    236 59 140 45 229 44 133 201 32 113 22 112 122 180 234 168 62 185
    173 99 94 104 123 93 113 103 249 127 14 112 52 186 164 22 237 44 231
    53 241 151 175 61 174 110 50 97 17 254 104 85 230 107 202 76 254 4
    15 248 248 135 125 20 48 48 16 255 106 32 243 168 123 24 117 64 103
    226 36 159 126 18 217 56 229 149 246 97 70 199 20 34 135 253 24 151
    158 173 74 222 97 129 118 236 91 243 23 183 137 12 190 90 213 1 137
    137 87 5 121 126 25 162 146 219 220 141 53 223 168 9 4 76 134 126
    175 128 254 126 121 33 119 15 39 24 134 156 64 67 44 193 115 9 69
    206 68 141 249 55 154 196 34 29 240 216 144 93 169 46 222 170 154
    170 11 39 0 196 5 219 63 160 226 42 125 112 183 156 124 229 3 0 151
    109 98 179 45 116 102 82 139 181 244 179 17 128 224 78 96 50 252 144
    148 27 114 227 188 134 35 185 34 211 80 29 57 167 180 255 254 33 46
    85 77 224 106 144 63 82 119 22 237 222 3 215 253 131 120 111 250 251
    131 89 106 223 55 40 91 190 120 47 76 182 185 179 116 60 125 129 93
    161 25 108 29 167 219 109 149 86 43 221 68 254 95 119 195 249 72 18
    191 183 47 194 115 67 168 91 93 106 67 100 216 209 136 154 219 220
    224 55 76 32 241 59 225 82 204 95 155 174 135 89 176 107 221 116 13
    225 108 136 136 65 207 218 231 104 51 23 42 99 155 54 229 169 64 103
    96 63 137 230 49 207 158 17 70 21 241 110 90 28 245 173 95 238 68 43
    204 146 241 178 152 29 94 83 211 68 13 221 83 26 231 108 179 182 253
    88 128 52 56 95 219 94 75 182 21 108 219 32 201 126 79 197 68 98 118
    126 96 0 178 134 1 35 91 171 81 139 245 7 204 123 145 171 112 145
    122 21 123 105 247 45 44 190 141 171 146 129 123 29 47 80 56 227 40
    65 93 7 1 212 5 255 245 212 153 98 11 219 244 14 189 63 152 53 160
    124 156 206 50 129 167 117 32 35 42 99 38 38 50 66 63 143 57 142 94
    238 86 89 161 163 160 94 42 253 206 100 76 46 22 85 41 174 58 77 212
    54 62 156 81 24 178 82 9 59 206 37 187 202 74 202 223 97 0 4 198 154
    232 47 49 250 139 189 160 235 188 193 102 157 174 84 177 148 169 29
    33 98 205 30 139 56 219 219 243 141 129 13 70 83 244 204 91 44 18
    217 164 92 1 91 212 100 188 147 146 198 197 40 230 77 181 240 203
    173 88 167 34 136 12 43 66 207 199 153 50 107 241 97 102 42 80 150
    34 58 155 125 72 76 172 191 236 76 192 29 172 164 52 207 18 155 234
    182 88 82 126 65 42 208 207 157 214 246 118 177 54 203 204 151 42 2
    247 30 161 78 6 135 39 74 77 38 124 133 58 237 132 134 144 4 166 187
    49 242 33 170 201 179 2 142 166 195 19 51 66 158 254 34 189 127 235
    232 228 103 11 213 183 10 153 14 6 253 191 122 237 19 251 44 28 208
    222 208 150 83 177 213 26 215 181 152 77 39 232 55 56 72 77 206 5 56
    241 45 253 17 95 125 74 153 123 91 55 191 228 65 117 32 33 184 152
    109 137 149 196 190 181 231 127 104 29 185 34 162 129 58 106 206 163
    244 190 31 11 156 87 250 178 50 66 214 135 172 193 212 145 32 71 66
    198 165 94 98 110 92 205 77 61 50 58 35 144 194 40 162 62 99 110 156
    171 125 50 230 129 181 88 177 67 227 160 189 228 162 162 33 6 89 87
    227 18 174 238 129 100 171 134 131 139 194 37 195 125 97 117 65 35
    12 73 198 5 238 162 34 164 23 236 135 124 194 79 111 110 235 165 177
    101 144 137 6 148 107 86 129 12 82 189 88 253 150 127 252 73 29 176
    202 52 127 5 232 40 224 192 162 232 255 14 189 165 220 119 135 48
    197 242 128 136 236 234 117 248 241 40 231 66 35 141 27 126 205 140
    37 121 77 177 167 249 132 19 139 73 197 19 143 71 72 229 7 29 220 31
    22 162 226 40 122 246 215 143 96 123 108 34 82 198 15 52 189 18 223
    129 135 254 244 61 145 104 41 19 128 214 209 50 231 188 58 254 30
    147 121 27 251 50 142 81 224 162 174 251 174 239 4 194 237 37 195
    252 185 244 193 0 200 188 217 111 234 204 118 200 224 31 239 79 13
    152 47 51 41 105 95 184 106 190 30 228 210 130 182 11 125 150 156
    136 16 237 110 16 204 247 107 229 71 25 47 98 39 216 143 235 150 118
    4 45 202 80 96 223 73 190 94 182 60 71 221 39 142 236 205 121 111 99
    32 82 76 117 38 50 10 175 52 162 227 96 215 169 39 197 9 74 24 124
    235 156 250 236 227 67 164 234 60 229 85 51 80 99 78 166 50 189 239
    241 202 215 26 202 197 178 209 251 137 54 202 136 144 155 229 162 36
    135 54 117 162 247 54 106 3 43 113 186 161 99 202 240 239 242 217
    221 208 153 198 45 239 131 143 200 237 78 213 129 250 108 170 86 243
    185 57 202 136 203 1 184 228 137 89 124 181 219 93 253 203 27 194 19
    228 63 251 74 63 154 202 195 49 90 199 69 242 56 150 57 226 53 28 15
    62 74 102 234 104 242 157 26 215 209 206 105 102 241 242 34 25 110
    140 239 35 249 26 28 66 159 78 167 113 213 39 45 197 160 37 204 189
    59 233 26 94 108 176 208 90 49 7 54 166 80 226 3 248 176 69 137 3 6
    245 32 208 229 191 242 255 240 131 223 186 8 129 3 173 110 239 55 83
    24 32 159 5 217 83 59 56 231 188 152 3 155 27 101 176 8 224 65 244
    45 120 59 145 127 100 187 195 52 156 69 109 58 54 186 190 254 9 123
    104 17 60 33 232 11 252 6 145 154 197 140 237 2 243 114 21 13 117 80
    238 130 68 104 231 119 230 167 15 52 84 94 106 172 237 57 202 167
    132 166 209 66 244 0 199 44 74 10 252 145 28 228 116 143 144 12 60
    159 223 239 192 147 67 53 151 12 163 123 69 138 12 119 217 166 213
    214 145 15 183 190 253 217 46 91 204 234 84 36 244 6 190 2 242 227
    99 209 3 66 68 90 135 90 251 221 241 55 149 70 217 216 7 138 179 107
    3 71 101 53 175 135 152 10 54 79 70 134 48 93 241 71 220 143 124 23
    26 85 103 227 30 221 30 16 5 166 157 231 60 79 57 198 147 94 63 104
    75 36 114 2 122 159 10 56 246 150 123 189 101 50 23 223 232 171 254
    165 230 36 219 222 105 51 102 249 254 22 210 122 93 226 115 181 32
    190 13 43 66 254 228 120 205 109 67 243 113 86 199 166 125 161 235
    67 52 13 37 62 189 181 54 163 85 120 49 150 252 251 167 146 178 104
    171 101 36 249 51 4 89 225 211 213 63 156 102 251 161 171 73 203 42
    158 168 150 175 31 56 121 215 144 155 86 205 47 140 237 28 75 101 45
    205 98 63 116 67 129 39 34 231 37 191 196 46 138 23 216 171 19 119
    219 239 52 227 239 153 48 251 159 250 145 225 121 142 85 236 181 160
    244 115 148 172 108 235 135 171 217 129 72 122 90 34 201 163 117 170
    222 72 182 78 60 222 58 53 63 246 85 245 212 48 181 168 230 233 9
    251 37 98 10 167 152 231 230 124 50 63 248 12 117 107 143 248 230 36
    135 2 138 222 46 50 96 155 77 140 72 6 104 235 181 2 68 64 212 41
    134 182 129 106 232 236 48 54 2 1 231 125 150 160 116 164 100 61 169
    213 204 197 111 102 192 120 64 86 65 156 204 103 192 13 14 238 97
    180 197 130 170 29 50 211 161 206 19 29 17 45 26 106 246 184 212 239
    193 252 67 221 218 247 118 3 181 162 181 41 204 117 235 68 109 199
    102 133 251 27 203 227 230 193 226 253 51 175 86 0 220 25 227 4 201
    37 87 129 174 107 56 202 226 241 22 69 67 147 38 205 81 255 240 86
    175 118 5 172 30 78 124 230 10 138 66 3 212 191 242 99 165 190 255
    95 175 42 62 202 153 221 23 87 222 31 102 38 234 199 102 58 0 190 37
    15 142 115 149 42 194 189 40 132 198 194 2 183 183 94 80 118 81 117
    69 252 120 15 191 128 7 195 155 237 22 75 19 200 12 43 158 247 92
    141 203 208 4 163 96 185 248 205 69 101 28 120 44 151 252 55 72 43
    161 38 21 24 11 115 91 194 95 51 31 4 219 117 239 162 152 138 210 36
    19 132 58 213 16 150 190 1 119 136 47 2 154 105 155 86 194 68 237
    170 161 181 149 158 106 136 117 103 74 158 54 90 254 70 226 173 155
    63 72 44 201 175 46 35 98 141 53 147 56 92 0 83 72 150 53 226 89 157
    106 155 195 124 70 25 106 12 179 113 33 5 100 133 93 145 68 141 210
    144 33 104 141 69 252 168 89 139 109 67 80 23 240 37 42 170 119 210
    252 222 154 52 144 51 100 190 27 194 77 147 82 60 95 120 94 222 17
    95 29 26 141 221 186 21 240 25 0 84 101 59 43 73 152 70 248 90 108
    137 91 119 230 44 131 217 208 237 212 137 13 169 101 147 157 8 52
    202 241 7 239 202 202 251 203 141 235 194 214 215 40 54 26 165 190
    19 29 123 54 133 161 153 5 189 127 6 110 212 75 152 92 49 124 35 247
    172 67 67 194 95 186 199 208 250 71 162 6 61 172 39 181 157 43 154
    236 213 180 49 96 12 95 186 184 25 83 69 171 98 51 33 222 166 120 94
    191 94 18 154 90 214 248 211 109 31 43 8 40 237 54 32 200 135 159
    164 137 213 50 105 214 160 234 168 110 85 10 160 50 255 79 121 44
    241 79 133 143 248 218 142 120 118 36 119 162 136 76 179 41 207 58
    157 42 124 94 67 161 254 130 2 228 107 137 164 201 232 162 1 216 176
    103 177 172 169 46 206 47 133 204 38 117 162 255 177 239 83 58 72
    125 108 41 61 126 247 95 121 224 170 198 13 21 82 170 224 147 50 236
    60 23 115 210 108 151 74 119 120 72 32 49 227 8 127 240 5 146 230
    204 27 64 235 219 134 11 82 70 80 159 229 244 175 13 117 86 108 75
    105 120 187 131 178 239 221 71 179 109 233 142 158 77 72 135 45 167
    78 243 20 121 251 42 56 231 129 5 0 242 243 195 23 169 116 145 45 87
    160 110 140 214 25 237 45 62 181 24 176 145 30 217 69 115 206 191 89
    143 42 93 40 130 255 81 243 217 128 37 47 80 162 165 49 107 72 165
    157 99 245 239 189 175 5 129 27 23 99 125 158 204 144 140 115 34 66
    97 187 229 131 202 148 112 83 250 35 141 153 228 206 220 239 229 0
    165 33 130 228 190 24 146 96 113 22 159 73 179 4 89 193 93 192 188
    209 228 150 36 90 218 217 70 121 146 148 19 71 26 238 192 206 66 236
    239 188 180 216 120 6 12 72 9 104 165 32 116 8 198 213 166 130 53
    131 28 19 196 151 151 230 44 20 97 237 65 193 7 71 207 129 57 51 177
    56 68 252 162 14 210 217 161 197 91 60 110 104 219 70 176 119 142 27
    115 213 223 100 41 166 79 138 125 41 71 50 246 93 181 79 196 48 183
    224 38 35 139 204 190 44 74 28 217 168 78 163 5 96 52 173 77 82 197
    28 237 157 113 239 173 25 188 219 87 66 11 37 147 221 149 61 29 149
    163 111 125 120 233 164 200 40 188 229 202 241 65 38 149 185 145 14
    22 58 58 21 36 142 71 2 56 35 53 178 96 234 175 111 227 225 241 190
    107 174 248 234 103 203 168 166 24 222 116 131 0 190 248 221 197 47
    171 30 217 250 227 214 191 37 14 160 181 102 137 219 10 88 214 239
    162 197 196 113 39 102 142 5 108 221 252 162 95 189 120 74 127 116
    97 218 240 17 84 51 179 254 12 66 235 82 212 226 171 15 62 72 3 152
    134 49 133 27 214 146 189 40 195 86 138 116 71 137 115 118 244 176
    21 80 199 134 48 227 132 16 166 228 142 244 170 243 223 244 235 61
    247 191 20 226 228 238 224 156 113 149 131 162 227 72 222 18 229 87
    83 40 143 0 230 89 216 11 127 71 92 17 224 109 254 8 112 156 99 217
    232 32 172 11 58 84 89 177 5 92 167 110 98 250 84 52 248 52 145 225
    103 65 239 114 86 232 184 190 16 146 176 225 253 62 68 68 38 60 36
    130 182 15 58 248 164 82 85 210 242 91 92 93 226 233 174 57 192 31
    110 190 111 56 196 14 222 246 119 153 88 61 27 66 124 164 67 11 141
    34 223 115 219 49 179 244 195 125 137 184 174 129 72 41 220 61 192
    211 9 245 154 30 130 183 93 241 110 34 76 226 130 111 106 59 184 106
    183 183 100 37 85 216 128 78 140 38 223 157 30 231 51 223 129 229
    224 83 15 102 186 138 183 108 199 119 143 240 100 92 82 140 80 212
    212 218 47 195 45 34 141 41 10 109 20 242 78 35 184 8 92 69 202 183
    124 212 209 160 234 181 27 138 215 176 247 44 225 23 230 221 116 7
    51 170 34 255 153 110 244 176 23 62 97 215 167 237 16 64 238 101 133
    33 122 72 83 201 78 138 207 56 164 24 4 215 113 129 35 35 122 246
    193 61 127 231 253 101 92 89 149 104 204 74 239 87 192 99 228 102
    222 187 4 57 81 235 62 190 98 56 175 91 224 40 64 224 246 170 88 250
    192 125 147 77 203 11 104 246 15 14 207 182 241 39 41 35 183 155 162
    71 147 109 179 106 82 100 6 51 202 222 177 254 99 165 75 113 0 31 66
    64 171 139 111 35 216 140 195 202 230 221 159 150 254 65 72 229 128
    248 233 197 106 250 19 60 6 112 160 34 252 236 82 1 63 181 122 178
    245 26 172 16 102 221 131 220 231 242 9 248 67 42 2 238 86 157 113
    97 234 110 63 173 56 4 115 166 69 43 232 236 123 2 49 41 131 60 224
    57 133 179 87 238 99 1 180 119 145 80 14 112 158 61 122 169 24 31 38
    139 71 225 195 184 28 164 45 183 4 191 78 4 61 148 143 50 122 187 31
    23 68 29 203 176 7 232 104 158 1 80 253 78 235 92 177 77 149 118 74
    114 138 79 198 20 207 232 75 50 251 102 21 57 122 20 52 50 225 216
    84 139 221 93 61 201 132 211 49 80 11 150 95 23 160 61 59 195 43 171
    47 202 124 11 245 217 157 164 151 254 226 127 147 4 29 86 183 151 23
    154 9 33 34 22 191 199 191 126 109 53 52 99 254 104 111 73 232 119
    169 58 154 131 75 93 147 100 160 164 232 7 206 247 167 43 215 172
    193 60 175 108 166 64 113 150 131 100 171 206 209 140 176 144 171
    136 50 213 133 83 55 181 130 112 238 173 182 34 139 80 18 203 79 119
    187 159 46 60 211 101 79 76 189 164 195 96 22 86 220 92 8 92 37 179
    219 33 17 50 54 144 96 191 126 130 97 207 109 193 220 181 230 132 89
    116 13 6 217 94 76 203 215 39 239 14 186 5 205 236 126 136 122 48
    137 78 53 212 125 193 45 34 46 21 40 139 185 103 56 215 113 225 200
    125 10 112 138 92 227 253 43 227 70 186 128 159 102 54 149 134 211
    196 163 195 186 40 242 83 238 156 178 224 210 139 163 89 29 87 8 114
    131 63 19 141 173 116 33 236 153 9 206 0 152 107 100 47 65 200 183
    106 209 249 146 171 172 11 69 228 70 214 234 195 88 217 158 224 154
    135 229 174 143 90 31 1 26 128 9 166 229 181 101 224 157 250 173 85
    48 153 243 62 159 77 167 47 234 23 186 238 241 76 80 11 188 151 178
    205 5 57 228 155 183 26 170 0 221 128 46 65 162 115 174 86 211 90
    155 125 186 155 44 18 20 157 138 242 166 149 180 45 153 96 249 45 19
    51 18 102 122 79 184 44 54 48 240 39 195 99 174 202 225 224 27 247
    194 235 247 130 228 108 57 226 250 6 119 54 232 152 62 235 47 124
    124 251 96 234 146 242 251 36 223 235 219 229 3 175 140 62 170 245
    207 177 1 29 158 191 254 1 17 105 16 236 193 245 99 230 175 149 90
    255 164 103 231 62 127 115 25 75 166 95 233 119 176 46 200 145 91
    168 119 141 114 202 138 240 185 240 242 220 143 245 93 243 13 243 20
    164 171 205 1 215 197 21 205 252 143 4 104 51 243 191 41 216 101 247
    130 109 204 176 66 120 59 201 95 9 132 15 179 138 76 196 145 100 185
    221 206 193 43 81 224 187 92 48 172 115 29 75 65 216 27 153 231 182
    141 56 155 92 150 98 255 216 171 40 209 41 252 217 103 1 229 241 235
    36 56 246 122 16 223 252 154 45 223 80 180 10 119 213 107 65 130 176
    109 28 184 212 249 38 44 196 222 215 89 90 48 161 218 51 16 68 77 21
    164 123 143 40 153 96 111 116 193 251 176 195 146 50 173 115 218 87
    4 31 226 41 247 34 1 236 139 79 247 179 226 101 124 203 95 133 100
    191 191 215 52 249 114 15 25 5 224 149 170 18 219 4 177 153 242 193
    201 225 45 180 121 151 165 204 116 197 139 53 50 169 208 226 89 155
    207 212 123 201 8 232 184 63 229 1 78 156 226 137 237 210 84 14 202
    143 234 98 165 116 96 179 187 22 103 59 112 15 200 157 191 125 243
    13 177 166 37 72 13 76 5 236 42 86 199 217 237 45 81 97 10 122 112
    234 130 95 107 190 174 3 118 74 106 153 129 188 142 191 174 52 253
    158 165 13 215 97 77 0 117 202 0 89 131 49 105 243 223 101 205 157
    187 100 86 158 151 77 95 35 0 83 110 54 78 83 181 89 169 197 70 229
    161 242 200 6 228 17 162 133 8 56 240 50 58 96 155 238 94 131 243
    119 112 21 212 38 249 192 116 195 181 230 29 164 92 130 119 213 241
    69 222 97 178 143 10 69 70 2 177 243 63 124 248 154 128 8 146 173
    120 236 196 238 2 23 252 148 254 143 198 207 227 243 107 247 155 29
    225 31 156 240 80 174 130 179 131 145 134 219 151 99 215 2 233 0 247
    6 176 128 24 191 60 25 202 34 248 61 186 146 84 185 1 99 233 121 177
    18 94 13 109 117 174 110 176 46 3 85 98 76 210 245 186 3 79 252 29
    171 173 114 205 234 194 204 225 21 18 48 112 100 25 0 159 168 2 57
    204 178 137 200 7 145 2 237 243 107 95 123 80 92 27 151 234 135 23
    43 195 184 152 125 191 23 49 129 159 214 229 97 71 107 98 11 32 139
    188 14 205 248 20 197 226 75 198 175 66 122 210 232 228 235 49 46 55
    239 13 235 211 105 98 229 88 110 161 91 235 121 18 72 65 183 142 247
    19 10 84 51 42 75 234 83 241 76 84 67 90 244 186 243 216 175 60 101
    116 220 224 222 251 83 193 172 238 93 237 45 17 197 176 235 215 151
    213 180 253 173 134 52 129 84 42 187 14 170 3 165 60 104 217 251 211
    174 149 80 40 102 154 106 240 106 134 17 148 245 10 227 60 98 208
    251 199 223 15 149 164 235 81 196 196 233 59 199 11 230 89 25 183
    156 97 199 239 65 9 123 79 238 4 230 214 74 26 137 108 105 175 31 59
    77 38 41 220 155 155 179 193 117 101 212 78 116 42 41 67 150 203 3
    170 25 120 235 198 232 33 169 63 80 104 181 189 57 159 216 249 80
    249 6 167 87 100 167 5 66 173 184 143 42 218 240 160 136 65 123 89
    50 84 177 165 99 47 144 139 44 243 254 103 26 192 41 167 144 74 42
    136 171 111 6 40 0 45 143 180 63 231 206 165 36 206 26 29 126 119
    105 188 122 145 143 185 94 175 152 120 185 58 219 173 88 156 190 178
    137 144 39 20 223 137 124 13 68 241 154 185 21 181 42 120 123 64 217
    209 58 54 56 177 97 248 238 252 183 140 28 15 110 101 215 127 125
    230 92 223 155 169 126 243 157 222 71 60 208 103 167 242 202 10 84
    126 136 203 120 178 82 61 102 0 38 81 244 193 52 2 170 215 205 230
    94 210 106 99 139 32 121 230 249 31 238 226 57 243 111 233 152 106
    132 88 108 50 43 8 81 238 153 100 205 128 7 155 173 86 27 161 91 241
    126 96 148 254 234 5 43 12 160 127 108 56 71 141 196 157 240 13 128
    239 164 212 113 103 20 21 73 44 208 113 61 242 169 165 139 230 177
    84 3 106 245 31 1 157 115 120 127 45 120 36 28 183 88 149 218 110
    136 119 131 142 171 118 83 254 246 104 110 156 128 15 17 234 95 204
    218 37 123 52 240 77 72 243 167 38 235 87 240 95 37 150 180 33 225
    194 65 79 185 233 252 148 220 0 166 169 228 2 111 185 57 27 19 103
    22 144 30 9 208 42 72 86 194 249 103 89 49 14 15 110 11 94 213 107
    118 195 34 241 240 170 141 175 146 223 136 31 21 231 248 72 74 141
    213 111 60 84 244 175 9 16 85 163 39 94 93 155 46 155 10 191 23 197
    103 231 191 43 48 173 116 101 51 17 197 94 187 139 72 239 32 38 202
    77 10 100 141 128 43 222 26 77 31 28 53 56 225 52 89 250 216 113 207
    120 120 98 13 40 196 32 73 174 214 245 153 45 134 91 193 202 235 213
    36 52 222 192 156 89 37 251 231 215 135 41 48 34 48 5 136 199 47 227
    72 77 135 57 194 102 50 51 0 91 60 239 193 14 50 70 26 235 37 155
    201 28 222 8 246 0 185 161 150 137 188 113 226 165 79 35 132 175 43
    95 30 206 78 208 197 137 117 194 90 124 89 150 35 173 77 1 6 55 102
    44 149 10 3 159 116 12 239 128 12 170 229 133 62 201 182 1 122 122
    16 217 93 118 177 47 80 76 21 137 234 164 71 13 88 130 23 4 248 208
    219 160 83 219 101 251 1 113 53 51 214 184 209 101 204 109 254 18 8
    143 86 42 164 220 20 38 166 96 142 227 24 156 183 176 163 166 27 111
    35 44 0 158 150 142 110 109 201 221 150 7 135 151 62 90 49 40 160
    212 5 128 94 241 205 187 157 32 170 236 75 255 2 222 243 98 204 53
    112 182 86 189 88 194 171 135 195 129 32 132 165 118 0 22 69 166 161
    148 66 19 238 41 239 172 30 242 205 50 141 145 193 237 101 77 208
    191 144 120 122 214 18 175 217 162 157 140 158 224 78 105 32 103 47
    125 0 228 185 255 255 210 211 117 132 65 155 113 70 252 36 236 92
    117 101 218 113 118 251 170 145 176 55 94 112 233 241 200 148 181
    166 180 50 111 3 89 198 232 158 74 189 7 69 205 219 207 143 254 115
    130 242 164 186 234 18 179 34 223 60 227 167 135 175 241 147 29 197
    88 219 227 173 75 15 135 226 196 100 69 40 89 169 148 240 192 58 64
    239 54 33 198 141 100 164 224 140 176 34 112 62 234 235 183 95 127
    204 140 216 203 249 167 160 118 71 28 47 23 238 145 72 80 65 30 82
    195 211 127 193 26 83 129 82 122 11 58 155 4 87 188 213 156 156 132
    15 110 210 101 93 167 17 121 110 145 9 57 157 76 22 189 112 25 114
    44 60 186 55 86 67 4 16 11 26 105 94 232 93 106 117 174 148 29 240
    94 54 85 106 225 149 84 117 145 190 191 140 17 131 165 117 234 75
    210 219 91 237 61 186 228 157 196 159 35 114 115 182 133 6 49 95 195
    179 23 209 211 126 189 214 28 73 34 20 171 109 189 249 187 156 106
    187 199 200 248 56 90 124 19 86 73 199 62 231 105 52 244 101 18 186
    227 233 4 12 38 209 240 137 236 153 75 216 117 185 81 182 247 72 115
    135 245 174 77 205 7 205 85 249 78 206 114 239 62 20 63 7 44 70 191
    160 168 168 118 43 205 167 20 115 105 139 75 137 67 142 76 10 97 165
    161 113 110 175 32 168 63 31 97 95 127 224 106 164 8 150 188 100 180
    51 203 40 194 67 234 167 116 159 167 235 200 155 150 71 180 41 221 4
    181 221 123 160 199 28 214 23 31 208 22 52 1 113 30 50 108 204 165
    180 146 166 181 75 109 80 158 81 158 3 135 21 159 209 179 80 69 205
    23 100 61 226 140 199 209 68 17 109 52 103 58 25 37 224 192 193 142
    227 200 65 28 160 173 141 109 251 97 116 231 64 69 113 187 154 130
    102 11 127 204 44 32 31 59 36 251 201 169 27 134 51 165 189 99 42 46
    228 205 239 117 210 181 221 15 77 211 4 253 216 189 60 103 53 69 77
    115 223 154 239 38 97 177 240 194 217 50 160 118 246 87 92 14 48 34
    50 174 94 233 234 40 133 42 122 152 233 203 159 169 88 44 76 230 236
    144 68 66 5 190 31 68 26 48 55 203 67 141 55 144 106 53 89 142 116
    154 19 112 77 143 20 226 209 29 218 16 131 226 183 171 51 251 91 136
    28 49 206 197 213 157 42 49 42 67 239 85 13 83 85 73 179 85 251 55
    209 98 31 40 178 6 41 180 237 111 231 35 138 96 90 185 170 59 164
    197 28 133 16 78 198 16 171 17 244 142 152 20 183 9 108 108 37 10
    252 195 99 54 3 224 138 25 146 6 137 241 197 147 151 147 57 129 196
    129 200 121 204 163 143 152 35 175 64 231 106 77 207 161 48 240 94
    26 125 213 80 247 33 46 13 167 173 27 77 225 81 29 72 168 29 244 144
    255 98 71 99 216 219 99 109 81 219 88 158 8 183 75 103 231 135 66
    181 238 144 43 109 115 8 23 7 218 9 85 21 29 194 167 91 219 117 113
    102 88 129 200 98 42 93 217 221 128 148 165 182 146 205 134 141 249
    30 207 96 205 34 150 65 112 65 166 37 105 141 246 157 249 130 170 45
    129 94 196 197 140 17 63 16 219 6 123 183 92 20 27 166 126 252 126
    202 146 243 175 216 229 33 92 167 9 253 47 44 156 14 60 232 32 84 60
    47 7 88 247 193 228 72 59 218 23 169 180 255 135 247 186 146 119 52
    54 179 56 134 250 181 175 200 65 243 234 68 182 140 218 36 63 141
    146 40 209 185 150 48 194 25 134 137 122 19 15 177 236 230 128 63 76
    187 28 116 247 77 214 154 21 38 231 212 253 141 18 2 7 7 90 25 50
    120 247 82 185 133 9 14 170 11 17 172 245 229 159 236 161 216 82 170
    244 54 23 222 172 239 94 50 151 91 22 33 239 105 76 243 93 106 218
    199 47 99 123 118 242 31 139 10 190 179 60 246 175 226 220 109 41 78
    35 246 16 24 59 163 65 70 60 149 139 139 206 3 15 140 244 149 18 78
    25 113 148 11 6 108 101 52 207 53 113 181 246 96 251 214 202 132 205
    120 219 14 144 96 130 71 105 192 71 136 101 33 101 105 185 157 223
    205 61 197 117 243 218 229 134 119 195 167 228 130 186 61 180 46 178
    66 157 102 45 157 7 218 196 75 169 31 37 30 147 13 194 84 54 206 60
    55 206 233 153 13 38 97 176 92 31 246 255 153 150 107 176 243 219 77
    191 29 121 250 200 97 189 68 86 131 81 175 73 223 203 67 248 83 73
    210 101 121 28 190 176 231 212 243 8 197 148 24 125 106 108 167 225
    180 3 220 102 143 209 36 62 29 24 106 40 63 54 222 222 144 68 90 44
    21 209 152 219 157 183 0 164 62 77 158 203 236 75 89 221 199 0 97 66
    239 76 181 234 164 214 4 255 90 142 39 107 77 50 10 171 26 152 181 0
    109 57 44 133 146 125 114 8 189 46 26 115 121 235 204 63 250 218 117
    87 254 139 173 79 229 133 60 18 25 164 195 54 163 57 240 119 171 95
    228 225 8 72 78 203 149 19 239 139 133 143 186 218 35 75 55 98 239
    91 239 113 187 230 245 138 89 107 86 228 69 60 139 128 75 75 38 104
    80 168 184 140 200 101 252 56 192 12 230 41 67 94 109 244 202 211
    215 26 175 220 17 63 130 6 35 80 169 114 9 116 135 155 2 109 145 42
    254 194 37 65 200 67 171 91 53 180 75 125 88 37 149 53 30 218 108
    175 200 223 241 227 196 248 81 237 39 69 174 237 128 244 71 96 213
    185 88 168 35 45 29 84 91 239 116 56 1 162 23 206 136 249 144 61 205
    67 123 104 61 157 47 67 210 3 255 56 61 31 69 122 228 247 15 129 123
    23 42 143 207 232 37 75 148 94 72 246 183 66 178 138 220 118 159 252
    192 192 212 111 159 207 18 9 144 100 153 45 230 21 30 98 203 176 118
    215 129 217 27 218 223 182 226 153 167 93 245 139 2 249 31 196 85
    218 193 197 74 239 27 130 157 185 155 53 40 62 171 148 112 7 142 71
    63 78 39 157 77 186 175 229 71 11 65 247 91 1 27 61 37 122 189 65 12
    95 255 249 219 47 111 201 49 218 43 191 145 15 124 90 202 127 238
    136 130 178 48 15 139 50 182 207 56 170 153 185 88 61 8 154 245 62
    174 64 158 83 208 84 17 47 20 195 191 58 107 204 126 3 21 174 78 91
    104 159 243 48 100 70 76 115 57 141 71 98 203 255 61 235 94 37 154
    36 189 30 185 48 174 174 31 74 251 130 219 225 127 58 224 97 63 249
    166 209 45 142 83 128 106 159 159 179 21 240 104 38 7 156 75 48 138
    248 66 115 213 71 134 111 42 152 54 190 107 226 117 25 157 53 243
    173 86 80 143 59 114 19 131 125 151 109 115 10 141 187 194 197 31 67
    248 209 84 57 14 130 162 55 2 220 174 205 149 146 90 242 142 171 88
    176 153 93 196 224 55 99 134 163 26 7 29 232 119 2 218 216 120 181
    214 139 159 98 97 57 243 246 172 187 50 43 179 157 91 13 0 58 129 84
    124 83 110 153 134 83 14 166 158 243 158 249 218 156 84 221 53 57
    172 25 121 128 133 221 118 2 146 54 159 232 129 90 164 136 20 66 190
    4 197 93 105 234 93 85 117 215 22 106 203 199 201 170 81 180 250 237
    113 33 19 189 220 204 66 98 217 109 82 237 99 64 99 197 97 106 70
    190 244 176 43 143 135 153 178 33 215 250 103 125 30 78 167 63 71
    111 188 242 63 164 151 194 138 109 84 157 27 187 81 45 209 126 194
    44 18 45 5 208 188 56 119 211 193 112 149 61 167 229 255 182 91 146
    159 163 205 30 175 247 92 148 222 48 90 89 228 142 236 4 3 64 65 13
    170 11 209 109 214 176 93 189 150 94 51 224 124 90 33 238 218 195 56
    113 130 58 134 169 149 149 167 75 30 121 115 143 151 105 24 106 37
    231 13 101 202 65 235 115 84 45 86 196 193 220 249 246 157 91 4 80 7
    128 187 98 14 190 38 245 233 236 50 68 152 151 172 78 93 236 231 161
    102 224 164 146 172 249 82 35 106 77 83 23 25 37 136 255 126 151 111
    17 57 206 190 37 50 133 35 76 74 186 205 17 31 40 31 19 50 67 160
    196 226 224 23 180 110 31 48 75 180 125 190 134 105 193 66 134 226
    15 232 226 144 238 4 246 231 255 235 149 134 5 153 207 56 200 120 6
    131 30 61 69 79 118 179 199 120 134 88 28 185 245 164 112 63 235 123
    253 173 63 141 44 55 51 134 150 213 34 201 212 49 2 182 148 122 146
    91 2 55 11 116 77 127 0 177 243 88 186 119 106 193 30 181 125 183 47
    181 228 37 56 119 128 189 167 65 166 208 241 132 190 25 167 29 126
    168 40 174 116 135 130 42 36 169 233 129 50 129 158 24 146 232 111
    251 100 49 29 221 5 69 172 232 197 168 17 96 248 69 16 215 178 136
    226 134 241 48 17 196 197 246 180 84 49 6 28 155 71 121 176 53 173
    191 173 142 114 164 140 187 24 40 128 41 106 136 73 2 148 191 244
    240 233 132 73 151 36 15 69 174 201 49 30 176 239 185 227 47 34 140
    102 228 5 23 1 47 140 186 168 161 57 31 196 70 2 191 134 31 248 191
    62 141 21 191 74 101 224 88 243 195 113 150 57 4 53 214 64 171 158
    178 130 214 228 74 33 151 24 211 98 229 38 51 244 242 11 58 28 50 18
    63 218 187 68 45 240 226 35 1 201 120 31 113 248 126 130 9 53 93 237
    194 221 232 148 185 192 197 71 249 135 46 125 220 242 70 214 50 163
    56 44 149 127 106 10 247 107 12 128 123 124 31 178 253 42 207 104 34
    32 181 142 129 12 129 220 243 44 2 27 172 87 24 51 64 188 95 182 48
    86 214 170 91 212 93 246 227 108 216 248 253 239 84 13 231 125 178
    118 147 213 111 122 142 126 61 114 86 131 4 106 74 63 233 243 63 182
    154 100 137 213 140 144 230 27 90 194 109 66 21 170 166 41 207 138
    222 135 251 61 180 55 155 183 136 205 1 132 129 115 17 225 169 212
    26 111 221 75 33 159 60 238 195 70 152 42 220 227 82 198 25 11 205
    41 215 129 197 160 200 51 95 13 102 130 221 112 192 19 38 6 0 142
    210 64 226 244 25 237 72 253 48 191 40 151 128 100 244 43 185 83 126
    136 188 115 118 44 88 102 2 171 232 201 113 54 245 69 115 55 60 49
    165 130 239 134 7 112 58 19 251 132 45 54 39 162 158 172 130 237 9
    251 251 247 158 175 116 135 80 120 212 162 96 55 222 37 150 111 158
    168 215 3 250 197 184 135 172 72 7 174 124 245 83 163 93 176 124 11
    76 161 87 200 243 83 164 19 210 191 245 35 146 194 129 40 235 8 29
    56 70 246 177 108 58 182 212 178 176 220 116 176 240 6 163 146 49
    252 57 166 124 10 12 1 188 177 59 8 223 145 88 70 196 205 187 245
    250 13 92 1 99 1 209 53 151 218 97 46 127 187 179 238 190 183 194 45
    163 223 228 69 254 187 233 90 239 152 29 136 37 87 70 70 139 22 140
    192 89 45 139 42 72 147 151 151 116 245 217 177 40 210 251 150 202
    220 106 108 221 19 174 39 196 155 0 67 23 88 249 53 222 131 112 191
    64 235 92 181 255 86 255 162 228 238 61 61 21 57 249 159 46 131 93
    64 81 245 212 32 41 111 137 184 92 161 72 142 126 182 211 45 41 114
    211 44 57 194 239 129 50 145 248 250 96 114 42 151 172 136 226 106
    115 103 158 156 254 110 36 165 182 203 186 130 125 134 1 106 198 235
    153 106 104 129 182 236 150 199 35 211 182 55 10 105 243 127 122 224
    157 224 236 110 19 190 110 40 140 182 18 2 128 144 252 4 64 201 65
    111 145 132 251 84 219 135 169 25 193 178 118 121 204 52 37 180 86 4
    220 128 91 19 32 46 193 254 22 157 7 21 164 221 127 179 152 169 117
    245 143 184 166 193 204 69 26 235 181 19 2 225 27 110 58 173 181 119
    179 119 34 43 212 137 197 84 105 112 4 41 8 90 176 5 44 17 115 123
    137 239 122 49 16 96 220 155 18 73 173 163 75 229 152 106 175 91 210
    254 212 196 27 205 115 141 122 135 91 175 175 173 40 79 114 140 222
    194 88 148 210 249 166 171 55 176 170 193 169 105 205 222 61 202 70
    152 125 166 10 8 35 32 58 19 99 25 28 19 190 88 236 214 82 229 214
    196 123 216 171 122 255 240 147 108 109 224 175 65 35 31 198 208 121
    101 23 151 106 97 98 238 167 223 29 151 84 166 235 45 195 86 189 205
    129 116 119 176 71 205 249 129 78 228 188 165 171 66 231 194 116 194
    157 188 110 191 232 87 120 140 24 212 108 34 15 238 100 104 39 13 20
    91 94 56 179 185 149 135 64 215 95 132 178 198 54 184 70 56 38 55
    248 241 29 75 242 9 65 133 74 149 200 134 21 115 255 195 243 77 90
    158 171 3 137 112 174 246 104 138 155 133 113 177 103 29 119 100 10
    228 112 173 14 11 123 158 87 39 183 182 179 158 117 135 221 23 51
    238 185 225 247 138 18 214 124 245 35 222 217 130 113 238 20 222 217
    120 185 105 137 231 188 167 248 224 39 180 94 58 63 181 31 223 223
    163 111 213 106 154 250 182 240 5 144 142 109 31 108 235 155 51 114
    224 47 254 218 173 196 79 17 106 13 28 89 0 20 40 98 95 5 182 151
    236 19 192 10 233 240 102 205 212 64 243 224 117 25 237 246 67 151 9
    204 40 166 206 190 101 197 7 200 149 52 134 246 88 187 55 146 199
    102 87 141 140 42 236 242 57 120 49 115 139 172 4 91 163 240 209 234
    225 127 162 212 106 135 225 121 71 90 117 203 156 164 40 202 36 210
    238 4 22 143 125 231 29 173 111 36 52 238 236 46 81 159 128 151 98
    177 18 131 110 241 91 131 114 136 33 41 201 2 131 22 51 130 139 26
    164 76 46 133 35 35 140 241 135 188 210 175 63 35 152 116 251 108
    147 194 127 147 188 7 24 223 87 75 58 152 29 27 41 40 92 112 216 206
    131 187 125 181 64 224 62 140 79 64 236 170 15 179 137 237 38 252 15
    198 187 193 212 174 34 105 80 176 0 167 179 116 217 19 147 204 158
    160 253 105 189 130 72 150 103 36 175 148 169 181 255 216 125 239 2
    90 191 36 235 128 3 110 175 98 117 44 38 42 127 93 44 17 187 46 4 7
    113 95 232 156 109 55 153 249 154 71 102 212 250 148 159 154 121 44
    86 104 36 105 72 38 16 88 134 164 28 65 93 178 29 65 65 205 41 67
    212 11 38 132 100 146 92 106 218 247 251 90 67 0 123 148 238 138 159
    174 67 99 131 213 6 149 87 37 85 74 147 159 176 221 160 248 221 235
    17 149 43 20 102 213 65 176 236 254 193 191 86 164 40 138 62 23 65
    152 19 119 195 108 46 193 0 32 85 159 134 14 8 192 211 77 106 155
    150 253 99 119 138 96 152 163 217 144 5 55 202 178 70 201 222 29 248
    24 36 88 14 26 16 233 183 57 159 163 132 84 148 85 142 28 161 255 8
    234 68 52 133 155 13 1 25 54 23 158 100 57 0 176 47 139 29 143 148
    104 55 119 65 96 207 188 155 23 237 173 97 130 160 41 75 90 56 105
    215 84 241 239 113 26 46 66 210 238 130 76 197 150 83 21 224 219 62
    101 161 120 74 116 238 239 91 97 121 89 183 103 115 117 243 143 106
    92 206 121 134 24 122 137 171 217 88 229 171 243 10 16 36 130 36 90
    93 150 43 154 144 134 38 81 169 87 123 68 214 49 0 249 32 38 90 163
    232 180 153 145 97 144 118 4 51 27 135 19 196 191 172 32 207 1 20 57
    3 144 27 17 224 76 219 227 169 144 2 177 49 223 150 22 43 251 233 74
    196 48 194 246 137 235 82 229 216 102 83 164 189 168 144 25 29 42
    196 46 23 84 224 61 16 203 74 82 59 194 99 216 67 60 84 76 11 124
    235 28 18 154 228 170 2 68 252 138 180 51 93 78 196 108 181 186 255
    188 95 100 53 251 162 49 142 232 227 130 55 45 234 58 41 59 24 196
    211 156 11 136 97 192 46 140 52 246 4 98 35 186 35 62 5 226 10 84 89
    194 81 49 160 92 192 232 185 232 136 118 87 157 147 242 102 197 247
    2 149 56 89 62 45 152 233 55 166 55 130 204 5 130 173 16 69 204 154
    93 206 224 49 178 61 149 89 125 96 220 5 9 222 141 161 83 24 78 142
    192 123 139 195 86 249 140 146 56 138 183 167 31 233 131 89 42 109
    146 139 146 117 19 248 124 118 128 29 129 219 234 13 218 54 106 119
    87 105 129 122 223 56 0 125 0 41 173 117 130 196 213 31 240 213 114
    167 170 35 39 56 239 215 136 109 62 174 30 21 169 120 14 12 31 5 76
    143 83 49 69 85 89 38 41 45 71 15 7 168 133 25 115 1 189 223 8 84
    254 176 201 223 92 139 82 173 68 210 196 245 7 100 207 253 124 35
    213 113 250 23 176 176 162 71 15 133 63 201 128 87 24 249 99 72 113
    112 254 94 85 221 109 133 157 134 235 222 52 113 72 132 164 228 146
    66 20 73 203 12 47 96 174 185 155 8 251 239 250 45 86 110 185 21 98
    12 170 50 193 101 157 206 251 227 31 36 12 156 137 201 38 147 180 64
    125 167 190 37 232 213 185 194 214 29 173 1 166 42 203 103 164 251
    231 239 223 196 98 71 100 16 131 95 141 171 74 152 151 216 147 255
    97 230 95 81 223 4 140 229 249 122 36 167 181 147 218 252 215 125 72
    187 26 106 154 142 56 204 18 75 37 136 198 63 244 108 79 230 243 187
    32 36 176 72 25 154 252 142 113 82 25 176 45 8 86 248 251 218 92 62
    249 115 229 84 216 55 144 11 25 4 182 137 10 103 15 10 110 81 115
    234 204 33 210 100 239 249 212 7 204 183 142 22 137 84 115 245 64 32
    201 203 187 130 24 155 226 184 37 163 130 196 252 251 149 227 16 130
    225 197 177 234 188 78 247 18 150 27 246 196 85 92 150 10 207 169
    126 95 162 247 210 18 242 171 121 143 140 86 14 123 125 234 156 209
    220 219 230 34 119 148 114 170 244 26 5 235 126 157 244 206 54 4 95
    100 242 66 81 204 191 25 243 178 91 46 150 36 142 208 183 191 145
    155 65 153 27 177 81 214 50 221 240 72 139 46 21 174 53 248 195 96
    184 208 126 166 77 29 201 134 211 255 150 121 68 203 117 4 176 159
    217 21 129 132 228 211 190 75 26 79 255 70 141 195 105 114 111 19 77
    91 17 121 202 30 200 147 114 28 214 226 179 167 185 168 255 91 31
    236 98 214 43 169 4 30 181 38 20 19 183 116 104 133 252 146 192 174
    58 107 191 25 168 113 173 68 130 56 10 147 111 130 215 204 122 84
    195 135 104 249 245 151 126 205 77 179 219 170 223 76 36 34 148 97
    181 247 100 170 89 86 231 95 54 203 144 82 203 172 135 231 93 247 36
    1 253 99 130 47 15 215 33 252 234 71 64 146 89 131 103 233 139 8 144
    62 114 40 121 201 97 176 24 90 187 168 106 52 27 34 206 80 10 20 183
    158 107 89 184 236 12 135 5 205 10 30 242 230 229 40 89 130 250 227
    154 90 193 59 35 57 144 116 215 223 73 133 86 119 100 149 243 124
    125 223 158 43 228 250 143 181 98 174 14 142 141 37 49 196 3 100 229
    10 126 65 160 101 122 52 41 42 247 163 121 17 240 71 212 131 233 201
    30 131 8 72 118 239 55 51 152 17 174 37 127 86 173 143 107 115 3 27
    55 98 109 254 66 35 252 202 18 221 114 3 113 29 63 42 46 250 0 201
    49 42 19 133 71 80 10 57 217 27 247 65 218 30 35 109 211 58 235 223
    254 240 177 2 109 246 202 34 142 211 169 24 174 105 33 101 19 11 233
    136 119 48 33 252 177 146 22 105 147 194 169 91 16 86 245 234 91 179
    176 20 52 11 128 83 70 217 49 253 102 70 43 196 176 45 139 126 158
    87 165 64 164 175 239 145 252 118 85 188 112 110 226 93 137 13 191
    159 98 28 116 135 194 164 137 184 13 123 47 111 98 222 150 71 188 28
    212 57 154 180 21 193 108 105 170 201 55 184 61 20 60 124 190 9 211
    219 224 209 61 33 43 178 222 175 18 181 106 158 37 81 42 30 104 19
    194 244 193 112 238 64 202 167 194 99 236 188 42 102 67 235 139 3
    174 204 1 112 131 181 123 4 45 58 225 3 199 160 183 45 15 99 21 41
    55 225 42 245 68 245 36 5 60 31 197 167 8 128 136 157 252 152 128
    213 105 171 246 112 141 190 204 131 248 230 237 61 169 232 115 2 220
    62 37 33 117 109 72 77 116 207 23 111 74 67 165 68 179 209 106 66
    104 130 226 44 49 61 71 113 90 226 7 172 38 181 214 22 66 1 157 247
    189 57 2 185 8 193 10 84 95 153 113 101 223 244 159 252 125 248 49
    103 51 142 200 142 240 60 114 237 185 213 140 125 60 90 239 20 159
    63 194 47 161 7 159 192 51 144 24 13 10 28 16 162 50 0 162 50 199 19
    221 185 107 52 91 152 166 157 102 123 167 110 145 176 61 222 59 158
    173 224 131 201 0 219 13 91 18 53 165 146 127 0 180 117 195 124 174
    234 238 205 48 179 228 57 176 0 189 20 37 250 25 202 165 79 247 107
    90 32 12 17 78 98 212 233 247 248 9 22 156 227 51 39 67 86 207 209
    12 65 246 168 58 253 46 66 64 183 225 230 251 208 156 167 50 15 154
    166 215 88 188 229 124 28 46 150 35 105 28 180 105 127 3 95 160 179
    231 209 76 206 6 94 53 226 75 126 249 52 170 165 102 37 226 6 72 208
    11 94 92 195 102 70 168 240 102 12 88 90 179 136 180 90 160 58 147
    191 50 132 193 48 24 144 194 111 125 115 130 128 151 1 229 103 153
    166 86 199 17 64 54 232 127 96 97 10 55 239 141 184 156 132 167 73
    41 180 46 30 202 105 2 147 151 247 251 130 217 205 78 83 3 124 26 26
    40 249 131 0 81 82 170 56 54 132 235 206 176 19 145 57 247 56 63 123
    178 138 27 200 96 4 8 129 78 134 173 249 45 32 9 246 41 149 253 152
    52 113 67 102 32 18 145 227 19 189 183 214 10 158 165 61 216 51 67
    217 37 67 156 183 66 212 219 202 29 168 246 205 86 248 127 170 154
    231 236 90 12 202 13 255 79 140 204 252 226 138 5 1 229 146 175 65
    64 235 2 118 108 74 137 225 125 184 40 74 5 100 103 254 161 166 220
    168 12 236 96 221 133 109 197 123 93 107 120 209 51 16 34 188 172
    224 69 181 148 223 96 187 194 139 115 221 128 185 1 96 128 131 12
    232 69 20 241 160 240 13 66 58 155 192 25 92 90 225 32 85 18 92 228
    8 10 125 129 19 57 45 127 84 197 20 102 231 125 30 112 202 165 183
    82 189 228 184 41 48 106 103 212 27 40 96 20 140 200 225 207 222 43
    150 125 240 195 12 160 106 10 30 98 4 101 125 78 153 227 23 170 15
    248 182 104 193 191 181 17 99 78 75 136 53 205 202 181 68 54 125 227
    176 228 229 57 69 159 84 206 54 243 5 11 13 115 168 173 217 3 246
    223 145 64 230 181 148 96 211 90 94 26 107 31 100 164 150 138 246
    160 136 30 141 171 131 122 224 37 203 161 189 254 130 170 169 230 8
    183 149 124 124 184 70 110 51 11 111 167 199 249 39 16 186 190 125
    249 83 27 28 143 121 193 6 137 123 3 163 86 232 44 220 244 17 216 18
    215 20 240 235 65 241 158 138 22 143 75 29 82 101 31 106 191 30 255
    196 101 193 196 90 186 137 92 209 39 100 171 99 183 122 11 101 233
    70 151 62 230 3 168 127 31 37 94 248 184 207 115 194 103 248 250 176
    251 223 198 157 173 195 198 4 185 69 2 102 141 0 54 66 19 2 241 149
    46 35 25 58 32 196 78 199 254 197 34 187 104 157 180 76 211 99 253 9
    219 117 207 164 123 61 67 221 202 192 125 142 153 146 189 42 209 255
    236 208 94 12 17 102 165 40 46 122 28 47 26 219 24 163 156 221 200
    68 144 114 24 165 90 200 101 219 98 49 179 12 217 192 247 182 84 48
    249 174 219 175 133 41 100 73 204 106 59 84 60 68 254 115 3 73 196
    24 171 13 31 48 76 242 152 0 120 218 10 155 72 65 5 69 27 76 132 33
    75 152 44 158 46 106 152 175 127 77 184 23 68 69 179 247 67 107 134
    3 170 25 107 92 255 213 92 11 239 155 193 99 227 67 179 183 42 178
    218 125 151 89 234 183 1 235 0 158 167 33 130 6 138 232 105 61 137
    32 86 75 114 14 55 53 80 189 216 165 65 216 247 149 111 157 33 133
    216 78 240 10 187 35 34 132 14 56 199 90 174 100 9 114 63 177 38 197
    108 159 36 191 184 74 215 59 151 225 240 244 106 150 214 190 184 222
    40 18 139 253 16 76 70 191 135 169 246 213 66 74 230 248 73 91 112
    205 193 132 4 154 26 137 58 46 82 236 14 244 79 24 251 18 29 99 81
    72 210 8 13 219 57 78 186 122 185 246 248 35 86 13 173 21 143 222
    246 127 122 1 236 217 160 19 231 208 17 59 80 45 93 118 188 151 33
    136 246 51 9 57 137 105 0 103 5 36 218 22 98 62 144 89 63 81 9 168
    10 115 35 136 102 254 71 169 210 110 79 99 220 50 203 242 235 154 12
    21 99 229 172 101 49 171 60 69 4 78 58 38 183 130 146 96 221 210 96
    6 174 139 92 11 94 31 163 49 40 11 167 216 75 56 209 190 169 171 125
    177 114 253 235 55 88 173 102 237 172 67 238 25 194 104 4 85 206 90
    146 215 129 136 248 63 108 96 73 253 94 35 196 221 32 136 22 61 148
    156 114 112 213 77 176 218 182 72 114 165 128 42 112 177 146 214 192
    100 32 112 129 108 141 131 254 68 246 236 187 127 96 8 108 141 248
    33 243 216 25 232 205 164 166 252 84 57 195 87 176 183 119 93 105 23
    33 252 171 163 210 122 11 2 25 37 87 205 147 190 226 19 145 142 218
    139 199 57 163 156 198 145 79 197 121 44 26 194 220 119 85 157 54 45
    14 142 32 103 229 16 127 79 120 74 219 162 20 24 252 10 229 111 1
    214 143 221 85 86 33 86 192 113 117 175 169 80 89 151 148 185 106
    175 116 123 31 190 112 129 159 5 70 241 54 250 142 104 33 59 154 45
    82 120 103 87 21 29 249 165 168 34 231 166 64 191 184 207 134 117
    198 65 86 209 155 214 127 250 252 183 32 252 29 130 91 218 246 107
    133 252 167 16 63 43 164 2 224 233 202 83 17 116 14 79 149 109 227 6
    103 122 151 212 208 163 71 208 57 56 125 117 33 54 162 219 6 70 82
    11 144 148 192 34 23 255 99 239 167 6 234 53 221 252 243 238 135 103
    252 54 185 199 213 235 232 121 111 118 100 249 72 97 66 187 192 183
    197 158 134 25 159 151 83 171 6 37 200 117 248 42 192 146 96 163 94
    81 113 1 207 137 116 149 91 145 47 91 142 197 100 115 88 74 180 0 67
    33 89 187 71 10 132 225 104 151 71 228 194 226 160 119 48 194 21 127
    108 160 195 30 220 147 126 112 12 252 24 249 96 246 124 120 112 161
    86 155 107 130 55 65 253 219 145 90 30 91 70 108 56 227 49 68 169
    127 152 136 97 142 11 180 213 160 215 6 192 109 161 66 5 31 162 16 5
    7 44 19 148 97 203 104 213 113 177 52 113 202 253 110 190 141 27 248
    238 90 71 182 96 183 29 152 235 139 117 64 253 203 10 164 75 164 19
    31 170 127 213 132 168 115 174 249 42 52 178 238 53 26 151 181 206
    65 140 57 224 147 182 238 71 134 63 138 79 174 93 178 73 33 146 37
    198 114 130 144 122 235 163 74 246 135 159 253 241 184 186 167 129
    196 16 180 11 251 10 123 149 227 212 43 83 157 79 219 15 85 225 164
    110 141 14 224 240 45 56 95 166 46 75 25 167 4 42 183 0 220 16 109
    181 166 90 157 138 216 80 252 18 155 114 177 252 207 140 206 236 137
    5 129 68 53 237 135 140 176 182 131 8 125 172 97 66 146 200 137 240
    132 90 63 186 108 158 55 214 141 113 159 49 139 226 145 242 222 89
    162 124 225 191 243 191 5 165 244 107 83 10 190 1 20 59 135 234 57
    147 189 96 120 222 202 109 100 179 76 27 211 100 114 42 119 153 219
    55 229 87 95 80 68 143 60 178 92 40 113 209 61 244 129 172 91 156
    163 252 225 231 136 109 67 31 97 54 82 225 150 178 109 16 241 106
    194 45 198 182 48 210 225 97 175 3 40 18 230 209 248 253 108 103 25
    174 11 188 216 169 58 81 184 10 123 158 150 132 0 248 213 159 227
    109 214 133 156 239 186 180 24 142 35 243 251 172 128 38 70 120 119
    233 223 244 189 224 242 88 100 106 94 186 206 35 178 47 115 172 57
    213 120 151 126 168 110 253 209 222 95 203 171 122 26 72 207 38 197
    171 85 18 146 78 227 27 72 16 249 213 167 150 201 137 94 186 185 1
    137 9 19 87 69 180 209 213 77 186 82 252 248 37 146 25 37 2 27 17 23
    78 201 148 61 88 79 57 34 228 131 75 130 29 81 64 193 228 204 93 248
    19 85 104 1 103 9 127 175 169 158 79 21 222 18 61 13 55 255 250 235
    147 174 223 107 11 64 66 250 84 40 171 56 114 52 162 166 145 249 159
    203 218 55 8 86 110 225 6 62 182 155 241 114 47 125 151 202 155 149
    91 69 252 179 8 222 37 97 55 184 216 130 37 52 114 231 219 176 157
    96 183 138 226 79 170 223 55 131 173 184 250 195 242 187 7 39 225 86
    149 242 221 143 166 185 101 210 195 20 33 154 229 220 85 160 212 101
    152 65 111 215 251 137 221 55 19 148 177 200 139 148 12 146 56 71
    194 138 176 201 137 225 92 129 63 193 36 245 218 235 29 222 155 210
    190 103 213 38 111 172 113 111 97 3 25 109 236 91 57 40 219 25 169
    105 72 58 129 49 90 25 196 102 238 61 158 118 223 223 90 5 138 166 7
    237 179 59 219 232 232 167 141 223 239 80 93 119 88 43 139 11 253
    173 154 163 150 80 200 41 197 130 141 220 57 177 24 134 15 170 102
    116 58 145 128 35 79 97 85 121 38 177 213 94 180 94 221 53 236 205
    135 192 71 25 64 139 42 173 115 245 198 148 218 38 234 55 209 102 23
    12 15 133 84 129 160 169 44 15 252 102 33 25 8 128 220 108 5 173 118
    224 154 65 87 127 172 169 87 230 2 52 218 194 34 195 126 154 203 102
    187 192 238 146 216 137 143 11 191 150 141 176 203 170 10 211 28 14
    161 185 210 247 73 238 82 224 105 10 172 33 35 229 29 250 209 124 11
    193 66 151 177 29 2 92 223 186 205 194 151 94 103 137 236 159 174
    163 115 172 252 108 183 231 149 111 142 149 47 12 21 155 216 170 32
    75 107 254 226 114 202 144 112 210 170 30 130 129 5 24 216 104 7 254
    139 232 72 238 24 234 81 89 88 14 180 237 238 15 218 8 119 242 192
    14 44 238 43 45 204 227 244 11 252 135 170 6 106 246 219 215 107 120
    111 217 136 158 147 181 133 156 100 196 89 131 68 161 216 164 209 20
    239 69 122 80 173 103 211 63 187 84 247 168 117 58 87 127 227 247
    167 19 59 128 197 29 99 105 226 83 54 26 213 201 95 3 24 96 161 73
    87 170 164 49 176 220 29 25 159 126 246 134 17 149 20 226 51 155 130
    116 238 179 231 131 221 112 47 10 254 254 203 28 224 170 246 221 29
    13 196 56 62 165 27 50 86 105 73 151 160 143 91 185 227 15 51 145 63
    0 191 239 151 202 220 222 228 179 157 34 185 69 243 83 179 156 143
    221 225 204 170 122 166 255 31 18 116 4 235 69 20 133 6 40 251 234
    112 121 208 120 221 139 136 157 82 205 246 237 62 4 252 76 32 39 128
    121 42 27 170 57 22 137 78 222 88 238 105 82 146 119 138 238 141 40
    127 10 180 80 170 15 172 139 86 192 223 215 233 9 186 34 2 180 198
    70 230 160 138 249 165 63 223 8 249 96 236 33 194 140 157 218 208
    233 57 44 213 83 221 253 48 179 94 166 196 212 251 173 234 10 175 12
    139 245 91 56 253 14 14 229 47 119 66 97 110 42 95 59 190 170 130
    126 234 9 119 199 165 201 191 110 131 100 128 183 129 205 132 225
    255 186 89 103 249 104 67 164 242 232 185 237 72 169 48 145 51 107
    156 204 33 0 233 209 202 245 175 20 145 105 48 211 20 200 117 127
    170 189 176 240 195 207 175 152 247 86 154 230 65 10 130 244 251 38
    169 52 86 27 142 37 32 59 90 169 59 166 174 51 78 167 217 67 15 176
    131 192 121 84 183 143 43 85 74 63 59 36 201 96 151 233 194 224 240
    86 246 73 150 174 66 230 81 200 193 86 201 194 65 247 41 140 125 18
    36 66 247 107 61 181 6 15 19 239 14 73 200 231 72 237 90 244 139 135
    203 186 53 163 135 241 187 74 152 26 60 112 21 101 130 180 203 21 48
    31 199 94 78 132 201 246 237 178 35 13 127 247 57 225 42 158 248 51
    205 87 158 163 133 108 252 5 133 148 56 5 195 64 46 128 112 11 231
    193 21 78 79 185 198 1 126 51 150 89 8 177 130 83 209 178 104 117 34
    24 168 221 190 150 30 252 235 22 49 173 71 213 24 0 16 58 222 135 99
    137 42 9 94 147 232 9 200 149 24 177 164 244 181 18 18 165 206 216
    183 79 123 131 202 192 235 138 84 169 249 57 207 225 158 98 254 21
    177 157 237 107 144 125 38 119 158 129 40 89 97 244 33 143 209 95 41
    43 163 230 230 70 18 208 45 228 98 84 112 138 242 18 104 106 103 108
    49 7 40 60 98 65 134 122 235 31 251 245 245 133 204 178 116 41 158
    81 207 225 35 155 190 76 208 88 6 166 3 143 51 150 242 0 14 137 203
    194 30 2 81 157 100 23 67 203 193 3 212 28 89 27 86 199 113 3 204 36
    55 155 104 103 237 20 84 28 95 105 250 193 162 82 97 124 19 126 186
    128 221 89 84 13 119 131 67 214 158 43 176 41 9 67 104 93 23 22 163
    87 162 227 38 144 196 58 102 245 131 117 189 0 37 12 13 13 51 129 7
    100 4 164 118 15 221 253 11 26 180 36 6 72 253 27 253 177 208 183
    208 22 99 227 5 4 33 3 167 98 147 149 193 49 10 233 62 101 46 211 73
    130 52 13 13 142 47 103 193 182 203 5 198 100 48 87 39 74 53 193 201
    114 231 131 140 173 64 91 168 203 0 105 232 44 159 159 44 62 128 253
    37 43 171 6 79 255 76 224 150 254 165 236 233 20 92 64 35 83 129 226
    47 236 57 120 212 196 207 155 218 141 253 179 154 179 128 197 119
    196 235 141 184 70 254 24 113 117 47 128 43 206 80 211 184 101 197
    97 141 187 62 61 116 74 125 197 90 180 159 24 225 31 164 10 86 17
    253 202 191 144 18 106 16 240 139 190 116 208 25 138 63 191 241 197
    46 9 211 214 35 90 16 147 78 176 109 248 73 78 69 161 192 15 218 6
    202 239 62 21 119 109 139 228 166 134 170 37 66 29 53 59 143 48 40
    34 232 79 244 148 53 59 169 215 58 94 254 88 180 115 199 9 88 149 33
    179 100 129 52 6 38 157 103 241 39 60 48 2 167 148 214 60 132 168 22
    187 129 145 136 165 62 216 197 195 7 182 33 16 48 244 70 252 192 192
    168 242 29 251 4 33 69 150 192 6 247 141 162 176 58 78 149 1 34 178
    164 232 119 35 57 143 191 142 212 148 74 65 101 183 16 239 188 163
    190 6 156 124 219 79 61 140 177 208 1 120 158 184 83 191 55 201 235
    204 158 155 23 182 103 86 179 96 9 42 88 221 153 204 175 43 7 96 72
    25 165 148 12 142 16 253 24 239 172 110 134 81 134 63 60 240 18 184
    243 111 2 0 24 69 176 152 254 87 133 98 78 59 207 181 56 13 195 197
    249 241 208 88 11 171 201 201 159 87 219 244 154 61 66 191 155 19
    192 92 7 60 178 155 107 23 215 233 109 130 197 82 88 132 188 48 107
    8 119 240 162 102 127 86 206 130 183 192 74 156 83 147 83 55 204 247
    56 188 169 59 232 50 126 122 65 233 144 23 77 213 164 203 192 83 186
    223 123 160 100 45 89 188 54 47 69 127 229 192 228 94 242 160 77 247
    83 249 216 21 240 69 34 118 194 37 162 169 119 243 59 2 194 156 70
    28 14 199 73 239 184 152 185 136 192 215 161 218 4 84 151 189 147
    191 101 78 185 223 21 174 47 67 236 212 76 24 151 104 146 240 121
    237 227 32 38 120 205 255 90 86 188 244 111 144 244 204 5 158 12 150
    152 198 148 63 45 234 133 181 91 107 133 87 152 15 38 71 162 79 203
    234 83 63 153 153 65 170 149 36 6 71 161 193 39 36 184 92 237 172
    137 62 120 192 124 47 73 200 122 243 96 170 67 46 48 3 67 211 122
    177 134 160 19 87 200 5 237 250 214 36 39 247 93 241 195 30 146 130
    140 103 166 255 190 17 157 240 150 172 169 137 202 124 156 176 25
    115 147 85 180 125 175 147 237 140 191 68 91 187 132 152 208 24 179
    207 75 193 173 142 101 123 103 199 40 136 249 142 182 104 156 24 188
    155 9 18 204 102 187 246 45 174 196 25 234 215 95 117 63 215 208 145
    159 174 184 231 137 186 69 7 157 141 71 192 208 152 63 39 79 85 57
    246 245 53 187 118 148 92 61 151 15 156 193 62 226 201 67 213 239 97
    49 103 25 186 108 145 237 83 111 34 143 68 38 50 156 90 151 74 84 91
    249 14 42 37 16 38 70 247 219 158 111 203 90 20 121 76 149 26 6 199
    235 227 87 79 110 249 102 150 107 18 126 241 87 24 58 242 177 133 69
    29 129 237 221 80 253 194 165 130 221 120 143 151 221 29 108 188 169
    37 33 48 9 56 42 102 157 178 52 2 85 227 214 230 44 89 93 106 34 212
    206 178 214 51 160 131 240 107 92 215 240 208 13 183 0 213 61 58 161
    7 76 76 98 225 4 115 114 63 116 18 126 197 170 41 34 160 242 102 203
    39 45 90 152 151 240 210 124 198 223 45 132 2 145 25 66 73 155 190
    151 49 110 143 210 245 121 108 218 19 152 224 162 22 117 17 224 119
    252 81 63 15 70 103 112 214 163 56 87 33 9 60 94 176 149 147 113 243
    102 88 52 195 22 52 103 91 230 149 225 89 52 105 4 204 136 2 208 71
    62 123 105 100 217 20 173 96 172 199 152 112 233 236 66 156 177 62
    194 110 88 108 235 238 210 220 39 181 135 15 81 45 23 73 16 104 108
    127 129 205 74 73 211 123 180 208 22 12 239 26 249 127 207 146 175
    137 253 202 171 107 148 242 252 53 92 203 133 104 186 238 220 50 162
    191 20 194 164 193 27 229 61 36 136 242 112 159 131 0 209 122 140
    147 54 66 234 200 189 23 32 155 231 179 198 42 239 219 155 39 17 26
    112 163 103 99 13 197 23 200 204 188 185 120 31 214 128 99 134 45
    137 228 221 11 110 94 232 103 227 31 44 196 186 221 173 223 232 232
    138 120 47 162 126 87 73 237 31 74 251 214 209 175 53 191 251 91 254
    199 80 3 178 177 51 255 219 218 193 35 38 130 147 88 11 110 30 123
    20 98 88 166 129 135 177 167 40 253 99 38 102 220 67 218 176 108 54
    247 134 23 32 199 143 172 13 186 79 111 141 78 153 54 110 100 1 196
    62 127 232 173 226 211 157 210 151 247 92 0 124 28 199 249 183 55
    169 228 95 174 103 79 203 24 153 1 23 147 134 83 54 89 89 202 8 107
    70 10 2 239 84 125 18 223 51 137 161 252 65 58 60 90 241 115 219 19
    149 106 56 252 211 75 88 81 244 169 71 88 48 173 115 171 78 156 233
    226 158 200 6 226 222 110 197 190 34 184 102 1 32 215 148 192 115
    162 61 7 7 177 71 59 158 31 1 106 62 119 163 164 86 248 140 116 204
    20 92 30 84 32 221 250 213 119 64 194 27 98 139 77 41 211 101 247
    241 84 236 4 191 106 75 229 208 50 1 113 205 65 60 192 63 253 212 6
    104 58 44 183 116 134 136 104 220 79 128 9 227 86 103 42 124 213 182
    241 217 230 85 248 203 231 108 221 199 67 170 103 202 238 141 49 143
    14 32 171 3 163 32 98 80 244 254 31 10 101 72 215 48 185 99 20 220
    59 22 64 109 18 238 8 131 71 101 201 2 76 130 146 49 185 69 132 75
    175 120 186 170 37 58 64 76 76 127 168 157 154 118 116 143 203 116
    50 157 252 104 52 152 56 91 25 197 172 173 164 199 148 170 13 152
    202 220 132 85 84 161 187 81 244 171 81 39 157 20 254 30 6 96 169
    200 184 226 71 230 133 199 89 153 156 226 179 134 205 31 194 76 235
    34 244 255 116 78 78 243 117 206 37 112 249 105 12 19 109 211 126 68
    88 39 3 107 247 99 106 151 240 249 94 88 250 33 66 195 116 229 240
    21 67 60 9 153 172 16 110 94 147 1 122 143 131 234 30 240 44 138 68
    127 104 209 201 3 6 79 223 245 58 219 110 60 229 51 207 76 252 240
    30 249 210 156 230 106 166 254 232 84 132 4 24 78 9 246 129 165 217
    177 42 73 214 190 87 251 118 176 215 77 80 195 111 36 69 202 17 129
    129 224 58 174 76 217 6 72 90 14 245 56 147 213 29 252 252 176 42
    145 159 177 155 208 85 186 171 166 105 161 249 232 90 138 162 181
    114 185 235 17 193 195 28 159 34 20 179 140 153 50 113 62 252 118 20
    107 224 56 97 189 122 47 193 101 14 28 147 69 115 218 182 117 202
    190 99 189 13 219 137 14 39 27 243 24 72 74 177 129 152 110 144 192
    179 246 148 85 44 117 1 204 122 23 48 81 143 5 207 129 147 53 40 86
    75 162 87 255 14 161 48 201 30 211 60 212 255 197 127 151 143 210 31
    228 115 209 197 35 143 247 61 182 3 119 9 172 177 246 218 67 24 218
    86 40 15 185 112 87 216 39 199 59 72 240 34 189 140 246 248 1 3 115
    238 94 254 82 113 35 191 248 21 14 118 35 109 109 112 202 172 146
    235 10 182 72 143 3 102 35 24 204 15 132 47 216 198 224 135 159 255
    232 152 185 222 216 135 91 210 104 200 62 35 146 205 136 133 239 9
    243 71 207 103 164 71 91 93 71 186 75 216 193 70 255 181 79 81 147 7
    221 22 32 127 150 242 211 31 22 12 72 179 86 47 196 69 40 75 252 59
    177 187 106 107 4 11 123 91 206 248 54 38 100 59 197 227 63 181 86
    206 166 232 218 22 60 95 118 101 112 166 97 99 4 156 33 125 223 216
    0 136 136 64 31 132 59 156 135 100 160 232 90 121 221 57 95 134 79
    215 41 222 143 123 164 226 105 171 213 61 246 194 64 206 43 13 109
    160 71 243 240 29 111 83 136 155 228 4 241 248 115 240 60 153 218
    253 17 19 188 50 30 241 17 214 142 199 134 228 92 24 248 135 126 174
    91 61 46 141 235 94 35 80 158 86 211 91 213 151 88 255 195 197 163
    74 75 47 122 202 177 252 229 188 33 210 155 189 195 138 165 15 226
    186 251 102 12 241 228 91 77 107 250 117 106 130 86 204 91 228 77
    170 60 131 229 230 158 244 160 215 29 43 172 205 35 55 162 34 19 103
    183 86 122 24 73 55 77 71 111 247 24 16 123 12 31 250 224 57 235 16
    63 229 61 209 246 97 251 158 223 186 37 163 251 109 201 149 61 79 96
    150 114 232 170 71 24 179 113 26 232 150 26 153 197 78 34 64 169 237
    191 148 42 193 47 123 167 140 37 17 16 215 105 13 194 53 222 241 39
    250 55 153 219 1 17 228 241 237 218 173 161 112 9 88 239 203 34 111
    212 85 105 217 102 144 63 37 42 246 64 53 149 168 48 156 225 82 103
    243 128 15 235 107 226 119 181 218 113 132 183 145 210 210 71 141 11
    79 81 42 255 230 115 189 234 225 165 66 188 129 37 193 206 248 135
    90 174 138 133 164 80 216 116 26 252 125 113 147 99 30 211 224 226
    236 86 94 51 215 162 98 93 178 157 140 87 27 172 214 101 76 16 124
    214 236 52 155 96 132 160 152 65 255 151 51 84 102 166 40 237 128
    198 176 16 244 90 37 195 202 75 221 227 176 149 230 142 233 181 43
    244 36 249 247 119 218 116 171 177 79 204 222 164 55 159 113 21 176
    37 108 221 95 234 231 83 127 124 202 130 139 107 172 102 119 127 92
    78 252 115 193 222 103 254 105 122 43 85 225 0 148 242 6 65 21 56 91
    77 175 36 122 176 138 161 9 251 66 179 240 163 143 3 103 125 231 53
    145 195 86 72 248 80 249 45 123 8 59 169 98 206 111 219 10 13 103 45
    188 5 82 90 231 255 182 244 180 38 139 109 165 254 0 235 144 174 88
    125 121 168 75 138 39 82 111 208 218 211 210 182 34 8 239 200 44 249
    34 235 40 16 103 106 134 51 34 161 106 5 107 106 207 59 157 44 215
    105 104 51 75 165 46 226 11 87 13 103 138 216 56 30 222 67 218 135
    32 14 182 151 68 2 48 82 214 80 154 200 42 198 166 7 137 37 3 2 84
    231 197 71 50 17 208 165 133 127 174 225 52 9 167 38 210 100 186 153
    46 137 110 123 207 199 194 120 239 127 131 54 142 4 136 116 239 250
    225 10 78 217 175 138 246 67 167 128 13 123 215 69 72 186 245 107 17
    41 21 26 93 245 148 47 183 129 226 9 233 235 47 93 84 50 7 252 169
    242 199 189 161 53 163 32 255 11 197 70 181 69 189 18 144 33 133 177
    251 254 201 63 194 243 104 47 251 5 247 154 29 182 180 99 171 0 229
    70 38 232 248 134 234 41 153 189 129 173 169 38 176 252 83 131 172
    225 205 112 252 53 254 174 197 240 53 251 64 47 100 110 53 13 138
    162 53 102 151 191 184 120 25 37 149 250 191 251 99 69 12 58 66 79
    205 242 70 225 51 139 249 225 209 171 149 216 217 59 219 242 140 224
    34 9 91 109 39 166 52 131 21 215 243 145 127 3 26 197 203 155 39 52
    249 151 226 24 148 131 121 106 101 12 47 0 130 159 188 127 188 32 57
    32 180 86 6 4 69 81 82 113 206 254 134 30 224 107 101 24 160 44 104
    214 38 233 91 188 76 207 4 231 82 42 182 60 149 57 175 139 35 96 167
    246 79 160 200 116 213 7 117 16 45 243 67 157 131 89 186 235 65 236
    162 205 79 66 80 10 156 227 160 17 19 134 178 21 167 207 151 90 188
    2 95 54 234 78 226 1 53 20 171 231 240 252 93 136 173 201 51 76 174
    152 211 190 101 74 6 181 192 50 235 96 39 38 155 234 16 107 101 179
    135 194 205 246 90 121 115 139 21 252 234 22 192 92 15 173 102 48
    241 156 145 17 15 200 159 69 65 7 86 87 154 114 173 178 0 255 174
    198 212 58 183 221 62 1 191 31 72 109 51 80 78 2 198 200 152 238 151
    217 146 162 77 251 105 223 213 27 236 195 72 114 13 0 174 140 109
    209 214 210 141 186 159 249 210 31 137 210 206 255 103 119 18 160
    215 49 78 135 139 157 118 173 77 41 249 149 237 63 221 160 155 168
    30 189 170 177 137 128 176 53 80 101 154 96 218 44 246 29 8 140 73
    246 239 118 12 99 95 77 32 108 81 92 156 41 230 254 151 176 254 173
    118 96 148 254 172 54 221 8 44 109 251 239 141 198 118 33 252 69 214
    154 94 137 230 98 26 162 104 120 22 53 20 159 58 194 126 220 53 251
    152 56 186 179 251 94 43 42 254 173 122 161 236 122 122 202 111 229
    252 194 228 172 68 45 216 50 188 124 87 65 17 150 57 102 79 94 212
    232 46 85 86 89 127 127 105 72 74 217 79 95 97 60 148 9 208 210 111
    227 205 165 94 139 189 101 208 77 55 67 37 74 25 12 113 108 242 152
    37 110 242 236 83 84 124 137 70 234 169 129 54 181 200 194 10 172
    241 159 176 64 81 120 228 79 154 37 30 204 180 34 23 96 216 181 142
    99 237 214 59 113 14 243 81 109 74 234 113 196 207 57 70 124 22 78
    137 131 57 92 124 60 141 58 26 222 218 67 5 13 158 91 120 69 61 1
    164 234 161 111 67 64 160 153 245 234 217 29 178 52 164 47 191 100
    139 225 89 171 155 184 162 254 245 166 13 28 247 243 80 197 154 56
    127 112 157 11 25 117 204 68 50 163 175 213 82 208 253 32 49 232 222
    244 243 17 141 128 4 63 181 83 255 127 23 59 255 235 87 62 154 58
    193 196 100 116 144 65 89 32 15 176 37 219 148 39 158 29 101 141 106
    67 171 32 107 151 245 81 70 75 41 56 145 56 109 207 121 49 73 241
    166 228 233 232 197 198 99 139 222 51 27 172 182 12 236 152 162 216
    209 89 229 165 33 125 51 145 236 232 100 249 72 50 230 66 198 80 255
    179 250 74 207 181 123 131 41 150 202 136 10 31 147 219 162 52 220
    80 141 152 191 9 249 212 150 234 110 162 251 40 125 22 51 86 5 35 50
    232 230 34 82 63 20 95 120 132 77 178 203 188 252 38 81 31 190 13 87
    10 71 98 215 161 130 48 235 158 230 228 224 165 86 19 3 50 160 243
    157 215 22 193 65 166 40 116 189 145 30 223 98 236 180 239 218 253
    245 72 198 215 223 139 107 94 170 55 105 140 35 123 8 235 129 10 185
    51 88 181 243 5 42 46 118 141 152 156 147 76 120 105 232 101 87 124
    167 90 49 226 219 147 168 123 7 73 0 108 214 124 227 140 245 166 142
    235 254 135 13 85 230 14 13 250 246 177 89 158 254 165 87 237 168
    207 173 173 194 193 151 192 182 249 4 125 171 214 79 77 46 74 115
    218 80 44 123 58 223 113 120 38 148 125 84 91 158 88 151 170 243 6
    161 104 149 25 52 31 169 133 14 103 71 198 26 95 179 201 33 9 117
    150 152 211 208 29 203 173 74 208 214 249 254 141 174 111 57 188 130
    209 242 37 57 180 5 152 160 181 190 219 14 35 123 155 113 241 230
    182 212 234 248 237 197 43 18 106 130 244 225 175 253 176 59 195 102
    50 152 6 170 148 219 17 121 159 76 233 176 41 194 70 122 175 64 126
    79 166 6 150 215 248 113 94 48 116 19 218 134 229 22 126 242 160 26
    231 56 70 27 217 16 107 27 111 91 140 241 156 1 191 217 168 43 181
    206 94 160 116 116 133 78 39 246 78 81 143 108 4 94 239 42 49 240
    246 170 130 217 57 234 172 82 39 162 72 200 247 101 80 233 23 117
    147 86 186 31 243 98 123 116 126 53 167 36 53 48 46 195 56 112 8 213
    195 28 199 48 211 116 120 178 250 32 28 229 160 217 112 206 193 90
    29 33 1 159 237 186 254 59 33 107 192 12 70 146 62 120 205 88 154
    192 160 34 108 29 198 112 194 55 70 4 119 12 104 104 153 150 80 174
    12 179 72 166 161 221 17 245 246 132 70 159 133 80 92 116 250 84 237
    129 129 61 126 101 8 96 116 97 58 69 18 148 163 0 67 113 54 108 144
    245 8 16 156 208 175 110 100 32 123 214 21 170 71 66 122 38 186 80
    208 132 114 12 113 242 77 67 19 49 174 243 211 112 185 158 236 22 26
    2 144 27 225 9 17 143 237 186 149 174 94 226 49 220 37 121 235 82 52
    227 173 202 107 161 220 195 124 82 234 30 74 104 127 253 108 88 127
    164 172 105 145 4 92 189 99 170 132 249 49 248 15 155 40 242 159 185
    235 202 26 9 242 182 90 3 38 241 172 180 85 211 157 27 100 102 3 38
    41 103 30 250 85 151 8 199 128 42 82 161 184 195 38 74 254 87 235
    233 192 147 162 37 40 238 146 150 68 150 45 52 200 201 163 23 202 78
    63 222 209 183 147 84 13 93 206 249 167 180 66 96 24 104 206 189 154
    205 145 119 21 138 41 143 35 94 35 111 190 230 57 162 81 69 6 255
    180 74 76 135 99 191 119 131 91 43 65 246 74 113 49 37 51 38 192 18
    77 82 229 252 141 199 234 122 130 24 71 65 186 27 113 122 194 12 55
    200 164 105 143 166 197 115 247 152 196 224 110 162 226 43 210 253
    178 190 79 139 98 188 204 155 22 1 15 22 4 119 128 213 111 49 107 68
    216 43 168 161 45 7 7 166 40 160 226 44 122 164 161 47 14 67 120 52
    23 107 67 205 192 146 150 236 62 30 238 92 44 155 173 29 146 195 187
    117 59 161 172 227 132 41 200 238 233 70 35 176 245 231 176 152 23
    152 181 120 55 5 163 58 224 71 249 90 155 224 132 221 57 187 105 208
    54 238 94 41 34 56 56 13 119 140 99 42 250 61 80 13 189 8 187 38 82
    118 27 35 174 28 145 177 194 180 159 206 196 160 18 237 1 244 127
    175 21 170 127 64 150 44 29 193 255 100 215 90 11 163 125 118 108
    199 193 86 237 154 43 122 179 232 17 175 18 206 53 230 68 181 253
    156 151 128 251 153 172 17 243 203 193 249 249 133 97 93 158 27 23
    127 22 199 4 29 120 35 213 196 244 154 182 51 126 160 249 227 250
    178 248 49 223 241 133 57 162 252 26 202 219 132 102 168 31 17 67
    215 75 171 43 58 77 247 37 201 51 37 122 54 186 194 195 175 112 90
    141 226 48 2 128 239 235 173 89 193 117 251 214 152 237 209 237 16
    229 245 1 119 99 190 240 211 153 22 204 150 167 191 226 101 251 29
    77 47 176 32 45 151 50 194 149 20 54 18 218 132 14 197 207 100 64 67
    152 216 135 157 118 70 176 126 207 253 238 93 189 25 72 144 106 224
    94 77 163 84 125 44 13 105 196 59 142 143 163 231 197 151 206 106
    161 234 221 34 123 2 153 75 52 71 4 6 86 214 206 18 184 67 247 205 0
    213 93 167 34 219 195 5 132 12 15 119 223 178 128 114 153 72 136 190
    58 8 22 170 216 243 19 25 162 131 43 153 42 84 202 60 32 156 81 153
    24 136 99 51 149 158 25 210 9 246 211 173 144 238 96 210 98 98 11
    146 46 188 157 13 105 84 224 244 124 20 115 220 142 180 100 53 0 9
    122 220 90 33 6 57 144 235 21 212 129 242 175 114 175 27 16 249 110
    154 157 188 111 216 119 211 178 194 153 29 238 230 42 197 51 88 65
    204 138 140 104 27 240 187 118 140 219 56 245 65 46 183 171 22 190
    213 211 46 232 201 172 127 95 106 85 108 57 229 168 244 52 145 82
    233 78 250 108 20 77 179 129 252 54 105 41 209 105 41 116 88 35 33
    56 20 75 67 101 228 170 3 11 96 28 137 41 119 131 162 171 242 67 192
    87 52 44 199 150 30 210 195 127 87 23 128 15 146 228 85 166 213 80
    181 117 60 236 14 149 207 57 217 76 71 172 83 84 247 166 226 30 194
    250 250 139 13 9 120 74 89 45 33 174 152 233 242 74 102 41 22 67 14
    241 167 121 15 233 71 214 128 184 153 134 95 109 165 235 89 65 169
    162 78 147 75 0 240 40 217 170 202 178 169 58 22 199 39 64 133 52
    216 106 171 231 178 203 25 21 69 55 61 62 138 14 53 161 19 166 2 81
    64 38 84 19 97 222 98 4 8 129 121 44 197 255 221 62 205 228 48 67
    189 215 205 171 15 133 35 193 180 242 34 53 101 82 207 108 57 74 88
    191 41 186 177 131 66 9 147 33 156 170 69 227 60 191 165 14 177 111
    149 183 161 1 203 248 73 140 52 74 164 249 134 103 243 115 33 213
    153 228 86 152 253 70 32 214 168 130 179 252 29 92 134 1 166 72 14
    189 96 146 251 154 200 125 99 20 124 87 9 144 17 205 123 248 111 76
    255 15 152 94 206 162 0 194 143 193 104 207 131 131 67 131 166 162
    220 74 73 116 168 149 173 12 28 156 195 164 178 57 50 172 16 98 218
    104 127 79 95 213 68 189 101 47 172 218 207 116 114 90 249 143 162
    230 11 49 3 222 34 194 114 129 132 203 54 253 139 56 219 135 8 190
    46 157 153 134 6 63 98 160 97 236 53 23 18 162 234 129 242 70 199 56
    118 211 193 171 88 0 114 59 112 87 204 100 195 226 0 52 155 46 118
    119 17 127 54 49 29 155 75 48 174 64 204 147 90 4 165 108 158 112
    153 224 7 67 200 76 6 149 67 146 40 40 52 160 37 185 62 157 41 188
    129 105 59 231 103 233 84 167 79 194 39 120 212 212 102 13 202 144 2
    127 143 181 204 82 158 83 144 23 120 46 38 176 83 223 215 107 205
    108 9 186 51 91 120 176 175 122 236 253 19 194 223 194 6 228 179 69
    180 62 168 244 42 150 181 176 112 172 191 177 230 182 23 172 248 200
    159 99 73 87 223 10 104 25 13 95 202 67 121 210 127 253 213 216 230
    154 190 111 28 253 55 212 74 8 82 199 248 185 105 10 5 254 92 16 103
    219 49 255 81 138 2 22 181 54 253 80 53 11 239 249 182 73 64 157 124
    184 43 103 233 95 14 15 127 192 9 220 60 73 173 211 89 254 58 67 246
    162 213 13 138 75 25 212 47 180 147 101 75 60 177 195 33 153 50 16 6
    229 20 152 76 75 145 65 208 58 249 122 49 185 63 104 204 18 106 57
    99 43 181 232 100 244 228 243 140 88 185 247 236 201 113 177 115 11
    213 48 194 22 31 49 254 99 28 170 159 105 235 122 224 60 33 130 143
    126 41 98 21 170 241 12 157 68 146 136 97 182 111 237 22 38 51 216
    227 1 99 207 254 240 28 148 89 231 240 33 93 42 104 51 43 102 64 240
    61 66 117 72 39 13 47 123 149 33 201 76 204 3 247 218 180 229 199
    237 53 24 69 83 200 247 174 44 124 147 159 115 58 71 29 209 36 110
    21 165 131 93 18 130 245 242 51 186 0 60 105 253 47 198 224 16 230
    155 185 216 210 246 129 124 192 82 94 31 195 54 172 137 33 177 79
    122 251 153 60 173 84 145 74 183 98 195 198 202 224 38 46 128 100
    231 152 48 132 40 93 85 191 201 234 99 169 32 249 179 122 210 215
    129 87 78 95 51 165 238 86 234 170 45 27 138 225 195 204 183 37 48
    11 16 180 16 101 87 162 18 67 11 49 236 112 59 212 240 186 160 224
    128 63 112 61 142 78 68 73 117 239 145 103 211 233 36 8 51 192 57
    239 190 1 8 106 96 185 185 162 110 96 99 51 138 132 10 89 37 138 117
    11 225 240 118 20 250 31 72 22 78 56 141 229 100 192 23 21 3 213 137
    25 129 182 243 180 49 221 155 75 178 125 40 209 215 117 80 124 12
    195 114 11 134 252 105 236 219 177 223 56 187 217 170 140 168 155 11
    133 244 99 102 70 167 115 183 210 201 184 65 175 142 215 211 64 137
    101 135 186 98 56 34 153 172 115 35 188 1 26 241 186 155 84 41 159
    231 25 194 226 187 202 201 173 228 106 49 187 50 221 230 66 22 51 99
    121 215 183 235 61 67 123 236 142 173 104 112 130 168 120 10 118 24
    224 230 152 17 104 13 26 186 40 57 220 117 245 4 4 74 188 118 168
    116 197 143 137 84 79 226 147 42 236 149 182 101 82 237 121 67 185
    11 90 3 62 211 2 80 60 74 79 71 162 166 40 37 88 160 11 99 62 224 38
    55 239 133 138 207 121 249 128 96 219 30 140 11 79 188 225 192 237
    129 71 191 218 42 103 108 251 156 188 150 165 251 246 6 65 174 189
    32 204 238 139 130 31 20 196 186 124 168 169 153 216 186 104 232 219
    59 131 100 63 8 138 113 161 180 141 65 44 38 28 54 240 3 66 68 55
    162 162 222 157 117 207 12 111 252 29 156 73 239 135 101 44 72 51
    187 66 169 50 234 137 42 53 10 101 181 88 8 48 45 94 39 169 84 15
    156 200 164 26 186 249 69 81 119 234 234 250 59 23 242 239 83 109 71
    209 39 78 44 4 250 37 126 26 255 29 47 94 11 141 226 105 133 186 110
    120 140 104 221 171 0 80 81 37 66 43 198 61 135 57 230 197 216 185
    93 239 98 210 151 84 137 46 134 162 64 210 251 186 122 49 127 11 194
    92 114 181 66 182 58 31 199 91 248 102 222 38 115 141 137 118 3 19
    17 48 219 129 180 131 197 52 198 62 222 184 88 110 219 160 118 106
    43 63 189 49 228 96 164 187 234 154 59 206 12 63 200 160 255 232 36
    164 133 131 54 170 127 248 228 143 163 198 90 255 29 61 3 106 177
    196 132 126 238 132 156 143 118 45 199 228 118 152 169 1 45 48 121
    89 214 253 12 209 119 58 25 79 160 166 153 78 179 104 132 203 161
    159 238 159 9 41 7 141 151 217 115 179 249 191 150 44 116 116 108 46
    219 124 14 245 4 33 195 59 123 140 2 185 238 225 165 42 151 36 212
    173 23 21 244 70 205 69 234 74 245 6 102 144 211 132 157 111 244 96
    120 234 38 97 122 94 190 41 18 160 52 14 58 248 221 228 199 159 182
    27 105 230 212 172 141 98 34 156 249 106 192 229 16 113 145 133 126
    229 34 168 235 168 164 27 35 234 161 158 57 10 74 113 67 147 179 100
    146 112 79 244 131 193 55 201 60 171 41 224 96 186 188 229 156 70
    114 172 248 204 240 76 238 80 237 120 227 134 191 68 116 229 197 79
    239 98 173 191 46 193 52 184 118 195 245 108 0 252 218 104 253 231
    170 53 119 1 85 197 53 238 54 109 192 2 170 56 9 157 220 12 199 87
    130 101 43 74 123 205 15 238 131 255 69 106 42 229 162 232 130 81 96
    145 43 221 221 205 150 146 192 121 92 163 193 100 24 169 113 155 211
    107 113 69 41 104 202 26 214 254 157 239 112 109 93 150 212 249 228
    87 119 123 138 104 6 109 172 162 93 158 191 18 158 119 92 132 255 11
    239 127 205 110 21 237 243 219 49 229 211 7 182 170 66 244 80 67 0
    173 103 161 151 217 58 58 115 75 31 121 75 217 42 7 149 204 157 112
    164 229 229 35 255 36 90 31 228 168 100 91 15 220 193 13 84 138 253
    137 126 24 105 232 180 119 101 85 137 164 236 73 83 217 101 239 120
    35 34 232 230 187 186 39 142 213 169 178 230 253 176 236 199 160 244
    169 221 77 58 124 87 146 149 76 61 154 79 153 150 121 8 29 46 213
    238 57 231 131 62 194 186 50 122 57 148 145 134 232 59 136 182 138
    104 19 209 145 159 38 199 153 224 164 62 28 171 17 116 124 191 127
    214 219 73 28 120 122 113 144 198 190 193 5 47 184 35 117 142 124
    197 68 21 99 107 183 176 85 94 174 63 219 255 146 37 125 95 85 173
    116 199 117 133 26 70 93 224 218 239 145 199 46 150 172 75 71 114
    170 249 2 218 180 219 81 58 248 13 222 51 60 49 169 206 150 21 182
    240 36 237 198 57 65 46 194 84 148 245 126 249 42 237 138 249 79 70
    107 120 146 171 206 247 205 230 31 184 242 220 64 220 32 182 20 50
    119 220 178 158 142 24 24 24 137 112 70 119 100 175 89 103 103 75
    154 53 253 63 193 125 163 21 137 176 144 58 200 157 158 124 24 45 57
    2 9 143 108 4 248 1 237 20 174 62 87 57 32 133 194 11 160 74 143 169
    162 36 60 114 123 224 206 80 74 226 239 253 135 224 115 94 196 61
    211 127 58 218 246 29 138 62 67 2 36 94 212 72 106 77 193 5 199 199
    50 254 144 114 203 136 255 75 48 173 239 138 174 177 216 133 78 209
    185 215 72 103 48 221 195 77 190 87 40 27 252 230 172 156 71 72 110
    14 180 146 169 95 198 191 165 216 151 5 33 238 72 211 178 140 123 12
    84 76 237 32 209 62 144 66 62 80 74 111 134 84 189 37 80 171 250 185
    51 99 83 1 151 123 132 210 8 85 106 40 22 226 37 44 10 91 132 122
    208 13 166 58 74 136 210 222 211 83 3 146 73 255 139 222 93 148 191
    237 125 124 141 210 188 169 250 145 56 136 223 84 200 243 191 21 159
    109 75 37 7 28 143 183 117 27 81 85 244 103 148 126 25 30 199 157 44
    244 80 69 235 131 106 83 118 158 57 213 227 169 117 60 12 9 237 98
    101 243 86 156 80 176 78 217 203 196 140 102 43 58 73 90 164 169 97
    52 181 87 84 199 181 0 141 135 232 21 158 24 228 187 47 192 142 192
    129 44 170 67 216 151 84 26 156 18 204 157 50 134 23 227 63 88 35 7
    28 212 57 142 11 31 25 69 42 180 156 63 161 185 34 95 255 17 115 9
    36 131 118 176 208 219 93 232 153 134 250 162 234 226 209 120 61 104
    148 8 154 231 71 238 214 126 151 84 154 94 178 81 230 244 122 245 33
    137 85 135 195 3 138 2 223 237 17 209 77 220 7 174 189 132 48 112 16
    251 127 144 143 198 209 216 51 209 75 137 218 204 170 100 244 191
    173 26 246 62 175 58 165 132 154 248 68 74 216 44 92 113 250 124 30
    164 191 236 248 146 135 72 110 235 189 147 25 8 222 253 241 140 57
    141 29 168 61 227 120 128 129 184 162 107 161 3 9 254 182 176 192
    173 31 235 254 16 11 221 0 204 131 12 180 107 99 127 239 151 247 89
    108 55 198 170 36 16 255 237 241 219 170 109 229 207 211 218 125 90
    95 225 16 64 174 222 241 221 16 52 130 207 187 124 97 156 16 180 73
    114 243 97 24 95 72 127 117 22 126 251 190 191 212 239 128 98 24 216
    228 212 28 5 239 157 29 111 166 202 1 54 194 80 10 232 58 73 191 17
    207 188 19 193 247 32 240 60 28 188 36 94 179 227 41 136 175 3 9 81
    104 29 226 154 51 42 97 201 11 197 219 209 33 241 197 24 115 11 155
    158 98 207 206 120 111 120 50 69 223 227 2 217 146 42 55 247 30 168
    252 185 161 210 254 87 73 77 98 125 167 229 5 252 23 212 185 229 83
    75 84 68 80 241 157 20 71 241 111 7 100 254 36 209 17 229 164 251 30
    37 5 59 4 26 246 113 55 41 228 31 1 130 229 85 116 100 105 49 47 99
    206 27 52 98 230 6 170 196 188 2 36 81 244 55 112 163 111 133 192 59
    99 81 237 197 160 195 12 171 17 109 117 130 126 141 209 118 243 79
    107 14 26 133 33 152 116 200 41 231 147 212 56 120 165 221 195 68
    224 73 141 70 70 72 229 213 93 60 140 227 210 102 32 225 57 108 93
    237 231 102 214 26 176 160 49 247 181 175 106 254 148 36 94 183 174
    2 245 232 87 255 61 196 106 167 122 164 174 46 235 124 204 168 142
    128 101 63 48 212 79 145 235 224 118 129 153 250 93 150 53 45 199
    152 35 137 30 8 73 172 253 91 92 141 95 215 130 159 62 160 219 101
    249 123 124 3 107 30 219 99 67 6 9 203 163 38 24 63 52 143 226 252
    208 184 53 89 113 192 251 50 48 89 146 131 251 141 117 96 31 247 218
    210 0 104 73 32 220 100 142 10 231 31 4 140 219 34 149 188 164 183
    249 77 213 195 0 102 216 61 203 28 205 241 236 147 19 190 34 158 134
    240 251 90 25 7 46 150 47 138 236 249 35 89 224 87 34 12 52 251 227
    183 78 50 157 150 165 132 28 80 34 145 17 55 215 71 221 230 159 154
    188 194 147 14 42 128 73 88 75 0 232 39 85 20 63 87 35 76 241 76 87
    56 22 75 78 167 173 246 36 209 125 207 166 101 220 9 84 109 250 58
    207 180 75 119 113 81 3 48 91 194 29 31 216 226 70 228 20 237 210
    133 75 48 53 97 72 92 251 105 75 11 125 44 48 49 123 238 204 162 201
    186 50 164 75 221 140 85 227 114 195 141 2 235 226 159 81 101 181 78
    135 178 62 59 132 101 9 147 116 107 143 117 18 145 73 110 147 172
    103 87 13 42 233 204 4 191 83 114 140 159 212 130 91 207 82 168 14
    170 175 71 236 244 75 200 236 193 70 94 171 4 17 39 110 51 249 68 31
    181 147 110 11 142 83 78 5 70 33 103 170 1 144 68 143 147 28 219 41
    140 219 182 89 68 88 22 8 13 26 189 228 164 177 128 25 172 48 229 56
    89 103 213 141 10 146 96 239 229 108 63 220 203 162 18 174 61 215 55
    143 5 39 59 233 219 3 131 249 36 229 171 102 234 146 36 178 37 45
    100 85 176 156 57 180 76 95 246 179 169 140 242 16 45 21 249 121 69
    101 109 245 177 35 178 30 228 150 80 69 51 61 96 255 208 88 49 236
    228 94 26 162 119 42 224 166 199 92 168 141 163 15 64 227 123 210 7
    241 162 29 87 65 104 16 118 98 125 110 233 137 236 104 22 81 14 166
    67 205 19 176 239 233 170 149 45 88 180 181 88 122 90 179 137 130
    180 10 135 35 43 191 75 29 7 183 235 69 113 125 30 210 199 66 80 154
    22 33 176 19 1 195 186 235 13 129 11 119 147 92 37 88 166 21 224 135
    118 15 116 112 75 246 79 232 249 230 223 176 224 76 159 111 9 84 152
    141 54 185 231 66 201 190 69 167 47 59 217 109 137 120 37 7 165 84
    80 145 51 47 104 113 250 93 201 74 1 92 180 137 145 146 100 5 116
    158 211 41 91 208 81 220 80 177 185 213 86 172 40 33 132 204 166 142
    242 165 62 104 208 249 129 29 162 178 245 201 188 216 40 234 253 49
    133 43 125 87 221 125 237 144 113 77 45 231 219 173 16 160 41 156
    244 132 14 191 64 139 118 195 201 143 128 120 139 149 162 68 251 249
    61 120 61 84 107 153 82 177 97 199 147 153 87 57 179 218 84 18 131
    211 139 249 244 169 69 217 98 62 123 146 172 158 191 126 39 96 56 72
    110 218 228 139 66 145 131 142 159 137 54 169 113 155 173 35 159 128
    202 228 82 135 96 17 39 210 36 157 24 27 40 241 96 235 85 113 42 226
    219 125 167 95 74 185 108 126 10 204 222 161 142 119 170 220 169 127
    206 35 190 30 2 58 196 150 115 217 102 26 78 100 156 75 58 65 178
    199 44 52 200 66 8 47 121 64 246 105 166 245 239 161 137 149 249 201
    6 97 83 138 168 231 28 26 151 10 50 123 136 70 136 38 140 84 136 199
    61 0 215 23 8 19 254 251 173 5 95 159 53 167 215 234 156 138 172 170
    0 206 118 132 197 116 207 117 190 162 49 233 44 250 223 220 206 156
    116 81 249 116 19 68 216 255 66 127 225 58 186 89 92 186 210 118 45
    124 243 117 31 209 212 94 15 61 49 242 59 213 47 107 69 208 180 59
    129 178 134 194 101 206 239 207 70 198 172 59 36 157 74 138 23 54
    105 7 254 135 202 23 21 76 50 207 155 47 160 179 75 212 187 158 246
    243 19 107 231 236 150 217 178 109 49 90 198 52 40 229 15 217 42 164
    66 248 133 204 233 96 173 115 178 80 235 232 65 151 96 213 187 173
    32 195 39 130 101 250 91 35 29 150 126 232 4 240 107 52 173 30 121
    156 30 165 0 75 59 33 255 119 112 79 17 248 198 72 82 227 235 154
    163 92 224 237 145 135 238 88 166 158 25 115 236 124 113 152 190 118
    111 165 88 205 219 109 231 254 19 180 139 108 188 177 244 243 42 220
    208 110 107 75 52 228 188 24 0 198 143 213 32 217 44 195 16 4 176 53
    131 30 166 103 36 169 150 232 241 30 170 61 84 243 118 41 251 15 55
    28 216 48 79 164 98 196 127 107 51 248 98 127 69 207 164 36 199 50
    26 128 77 172 42 141 52 155 120 127 16 119 107 185 249 60 202 21 64
    177 143 252 196 252 9 35 112 104 73 68 66 190 203 99 60 250 254 180
    103 16 69 194 53 76 231 204 29 123 239 72 39 212 204 160 241 108 94
    194 141 178 14 255 122 26 206 234 7 155 165 139 124 144 214 81 207
    154 48 98 133 56 17 146 29 10 122 125 162 117 117 59 180 137 159 27
    230 127 112 67 85 85 62 136 255 226 191 6 173 153 38 225 126 119 14
    41 102 137 29 133 48 254 51 103 191 16 58 178 109 112 211 245 184
    236 99 78 61 26 28 36 160 211 69 32 142 78 245 122 58 158 51 175 77
    178 182 101 198 32 239 194 198 5 96 90 191 183 189 162 166 112 28 81
    35 174 86 81 224 248 254 195 62 117 52 208 23 23 181 19 240 42 144
    141 239 204 104 108 45 37 112 67 5 57 245 39 230 127 65 134 7 101 94
    3 60 89 171 201 191 247 59 61 24 120 183 88 100 58 229 115 184 167
    44 193 0 120 69 199 51 199 113 233 110 36 68 77 150 252 49 200 208 4
    121 234 145 158 232 102 210 143 118 91 224 168 184 164 163 185 86
    192 34 246 5 68 235 102 76 51 104 132 148 202 105 27 88 224 74 182
    83 17 236 163 134 114 30 14 136 146 105 241 54 79 243 30 112 6 135 5
    247 238 86 162 64 7 244 17 50 114 130 120 250 164 248 194 29 85 229
    3 147 176 19 158 36 224 1 170 118 228 230 255 250 119 68 119 233 103
    191 209 82 6 168 244 29 81 149 82 66 188 149 243 218 249 249 255 249
    110 62 68 82 44 219 78 122 210 14 113 37 64 119 110 187 42 52 125
    135 220 179 39 242 91 241 161 182 63 10 225 58 201 221 91 146 240
    250 234 195 117 217 53 85 74 227 249 192 197 194 127 30 9 167 236 26
    71 83 161 130 62 162 22 222 85 241 142 233 251 54 49 250 33 133 112
    96 117 150 157 245 138 1 167 69 243 231 65 77 8 17 158 65 31 188 165
    236 254 181 123 233 128 124 51 181 20 5 18 131 42 173 77 102 180 234
    111 213 122 91 163 35 64 5 193 18 28 8 225 205 239 198 0 66 56 44
    108 37 162 122 28 173 67 127 177 8 102 85 129 220 80 226 155 125 253
    170 31 56 21 162 109 22 249 6 142 183 102 83 69 29 180 189 14 252 53
    109 158 183 252 115 227 156 170 236 207 115 172 45 158 116 246 102
    121 7 230 67 47 85 127 14 244 39 83 143 255 220 205 4 148 74 62 194
    100 196 90 108 161 200 118 70 205 219 235 112 220 97 254 146 65 89
    108 192 207 115 73 232 168 46 49 61 178 118 143 133 238 68 166 147
    66 200 60 25 101 250 60 69 171 248 138 216 10 15 209 80 67 179 109
    54 231 114 119 224 188 145 186 57 228 176 148 62 86 29 78 146 134
    241 62 177 122 39 182 17 206 149 72 181 248 92 163 165 206 189 40
    118 101 89 79 69 143 70 27 175 135 22 193 139 21 222 71 30 59 116 97
    128 217 121 163 147 185 223 102 173 157 52 59 100 68 93 114 130 249
    28 119 135 176 131 161 50 170 35 233 219 140 35 213 103 120 213 198
    175 191 238 137 239 49 85 44 38 209 53 5 250 95 83 119 163 218 242
    186 6 228 220 97 33 200 146 225 104 204 37 42 84 64 220 43 233 12 6
    65 151 214 25 241 12 189 53 191 252 192 245 79 47 101 170 128 52 0
    228 167 195 11 141 164 224 80 218 104 132 42 127 12 204 41 146 102
    73 207 49 125 254 81 137 69 108 174 251 136 88 211 74 126 87 5 37
    166 105 156 99 225 169 183 84 42 214 213 124 47 130 169 72 58 83 150
    110 53 226 202 101 121 87 175 221 44 245 41 153 95 88 64 2 206 194
    151 84 93 42 36 129 108 149 182 222 30 157 185 49 5 195 92 75 82 173
    125 215 28 1 50 101 75 250 60 129 118 71 195 67 22 127 160 141 92
    109 138 113 255 101 173 138 229 207 18 9 20 255 246 40 82 43 3 77
    241 210 199 124 244 147 94 210 84 157 245 12 70 87 27 97 155 160 156
    180 229 190 137 172 243 119 179 131 18 210 130 32 6 163 125 126 131
    120 244 148 230 101 13 103 133 163 249 168 19 81 166 157 245 48 98
    121 8 208 239 179 221 101 126 44 203 80 52 118 238 31 100 142 43 60
    116 38 87 59 120 116 43 22 88 19 208 206 137 95 195 163 78 126 215
    246 8 234 66 62 51 29 116 150 68 26 193 155 185 15 85 171 115 202
    247 67 241 52 106 91 208 36 215 101 234 101 121 21 38 28 127 240 101
    183 6 95 137 232 64 50 111 25 83 94 5 62 33 205 198 54 251 84 91 180
    163 137 81 164 241 139 107 105 99 87 248 60 176 252 21 59 60 156 3
    186 103 60 159 117 58 191 78 134 121 72 92 100 81 42 166 43 233 57
    28 58 224 37 42 82 71 214 196 12 160 0 180 113 54 191 7 65 0 226 203
    85 77 111 108 15 80 225 108 216 153 154 7 145 197 69 155 176 113 47
    42 130 138 179 15 54 23 122 58 140 155 66 149 159 248 233 182 8 175
    39 104 130 225 148 238 179 80 4 185 100 173 200 16 186 111 234 129
    30 219 105 123 92 112 60 60 169 18 33 248 160 140 130 5 118 216 120
    63 26 236 207 208 1 16 96 24 183 35 173 204 185 66 63 29 158 142 71
    5 178 50 49 38 196 113 115 115 166 91 198 43 197 50 255 56 59 42 136
    107 87 205 112 159 107 51 128 18 140 36 214 54 253 87 228 164 51 78
    98 179 55 208 135 76 127 13 80 182 179 40 208 184 76 129 182 212 31
    219 12 8 173 4 36 12 80 136 152 45 55 41 34 220 96 239 5 104 63 19
    229 25 16 159 196 194 169 186 61 99 110 89 14 36 182 103 115 231 57
    67 94 164 163 198 37 131 71 207 203 36 61 159 196 138 147 92 244 224
    19 77 22 0 151 200 126 218 22 219 196 53 233 252 180 72 151 0 91 254
    146 192 114 212 18 31 137 119 176 241 208 149 247 239 218 21 42 103
    106 108 113 199 148 138 123 105 225 232 61 33 64 232 34 235 50 7 42
    247 128 167 190 1 240 244 102 244 60 130 127 37 132 139 28 224 53 78
    234 36 244 177 195 125 61 111 78 230 150 167 12 70 6 144 140 14 205
    140 151 114 192 140 237 97 135 239 20 195 248 239 161 208 90 221 84
    209 141 252 96 114 208 111 37 131 231 20 206 12 75 227 39 158 217
    177 84 62 171 170 218 197 237 70 17 47 243 62 74 81 170 210 175 246
    87 6 0 120 47 77 20 121 105 237 146 143 182 134 205 7 206 135 35 203
    37 1 43 176 86 18 55 104 53 65 61 220 180 50 182 19 123 118 151 234
    99 148 30 32 173 229 109 100 118 115 213 168 1 121 106 63 189 178
    235 9 88 235 85 219 110 3 165 255 72 55 137 9 166 40 92 194 127 18
    107 21 54 61 16 144 170 77 93 93 171 45 55 19 0 107 111 86 65 100 93
    222 13 100 59 197 163 119 215 186 54 20 14 184 81 171 214 160 106 58
    13 160 40 15 41 10 84 129 131 92 0 212 172 181 112 149 114 116 145
    143 0 211 174 132 37 179 165 66 53 133 133 29 46 185 102 42 31 174
    146 160 73 205 207 9 192 26 46 151 78 8 233 90 203 149 28 217 126
    157 40 102 16 84 9 87 183 28 224 148 141 122 75 41 19 73 104 30 4
    140 13 16 96 146 37 80 239 240 67 190 99 20 93 213 153 2 99 249 45
    69 109 178 31 197 237 201 37 185 43 14 11 225 57 162 8 233 188 207
    83 111 199 225 217 227 182 136 192 236 153 54 33 134 100 112 165 162
    221 114 154 95 38 126 143 112 193 234 114 27 155 175 235 173 95 236
    224 105 29 91 58 250 110 226 82 66 187 223 133 224 183 197 21 2 178
    198 17 74 168 52 92 28 20 150 34 193 116 241 207 85 38 158 84 75 196
    144 7 185 212 19 144 240 247 230 228 17 98 174 82 64 213 227 34 104
    124 75 67 55 110 124 81 71 93 70 246 176 209 79 224 212 101 86 170
    215 211 113 89 53 75 117 146 232 217 113 69 114 31 213 171 111 205
    225 145 185 245 53 194 63 2 32 178 235 207 243 167 37 29 126 88 216
    57 43 225 241 223 6 85 51 147 135 105 134 47 57 129 6 37 236 17 87
    41 84 111 80 118 16 107 244 167 10 150 158 96 60 24 140 89 26 180 77
    33 157 250 234 50 157 6 7 193 112 55 216 43 48 20 161 51 193 170 109
    241 181 34 225 6 225 94 224 33 123 133 127 111 10 135 184 205 55 73
    3 189 247 211 119 187 130 200 185 210 111 155 148 17 211 38 147 188
    49 110 188 76 177 127 229 42 185 250 80 156 0 73 63 129 74 1 73 20
    48 250 228 132 240 20 46 227 129 91 212 217 141 90 186 250 175 184
    58 144 107 128 234 69 88 254 3 57 154 115 248 224 115 14 153 184 168
    109 6 55 165 59 2 18 140 253 29 76 196 170 35 169 27 94 122 150 178
    140 213 39 115 34 122 197 193 142 5 251 93 109 106 205 104 198 193
    35 172 238 21 176 114 105 40 219 47 13 42 62 184 26 212 75 92 84 46
    12 3 32 155 144 244 78 253 119 169 134 179 255 216 183 8 186 254 240
    140 25 36 38 156 147 112 70 124 130 219 225 203 140 219 54 188 147
    255 52 254 190 147 152 112 102 136 92 201 56 118 166 116 255 197 67
    9 149 125 22 197 228 121 24 174 88 133 82 226 229 14 69 122 253 30
    72 217 156 57 161 143 236 62 171 21 70 121 97 185 55 17 242 172 86
    69 106 150 132 74 214 0 172 38 136 175 247 211 105 167 134 40 27 147
    99 96 13 171 184 200 207 9 8 79 228 7 177 230 246 213 182 150 17 28
    33 111 62 28 123 23 193 171 192 245 71 108 54 111 166 47 200 191 204
    80 241 221 150 118 217 57 98 94 125 177 155 147 156 204 1 27 117 178
    185 201 173 165 63 14 97 55 191 76 119 220 146 152 11 224 179 148 44
    14 84 189 142 164 202 147 53 166 23 234 135 228 142 24 172 1 47 32
    198 22 160 144 95 247 254 24 31 76 63 8 69 38 199 168 52 138 142 230
    104 57 122 39 57 162 36 143 49 143 121 12 118 121 253 190 17 58 2
    188 152 175 238 175 121 89 243 89 163 19 125 134 187 209 209 179 35
    250 188 113 191 23 26 171 74 6 128 20 131 129 144 49 166 209 216 172
    175 165 117 49 41 253 88 99 50 246 109 128 137 194 37 241 153 231
    245 25 5 129 170 60 30 159 245 255 150 3 87 111 121 120 232 41 177
    92 106 211 11 167 50 212 48 42 76 113 66 210 223 144 6 147 41 83 13
    195 113 222 87 131 183 151 104 15 20 87 40 42 117 70 29 28 42 132 16
    67 250 185 90 83 207 140 5 141 211 20 113 39 147 180 37 86 1 55 186
    240 147 100 84 63 252 198 205 45 140 169 106 179 152 115 154 199 216
    12 32 231 166 20 239 150 59 71 77 31 138 148 114 93 134 200 59 82
    123 202 121 216 150 192 18 218 187 29 11 76 219 163 107 145 131 176
    52 19 154 214 146 5 105 188 63 19 74 152 152 129 139 19 187 79 166
    110 190 106 77 125 101 40 92 149 225 168 149 187 98 222 92 76 213 3
    166 69 39 101 111 127 9 27 155 254 14 1 78 200 104 193 203 198 198
    239 149 170 38 140 21 56 169 168 207 120 95 180 79 118 241 221 101
    82 137 96 216 37 78 214 102 241 116 133 201 164 214 119 30 128 253
    118 254 54 10 186 116 106 143 67 75 250 184 96 125 113 253 209 75
    235 87 154 123 182 131 98 24 21 167 110 62 24 31 192 200 46 38 250
    70 221 26 135 58 164 107 225 129 82 0 140 213 51 66 184 125 95 207
    109 172 211 119 198 189 221 89 57 182 249 58 104 57 101 70 220 248
    239 254 89 74 4 101 62 235 9 22 150 85 147 8 184 106 35 197 172 45
    64 241 21 108 170 218 49 64 145 77 40 178 153 75 129 88 246 70 179
    244 231 18 207 255 141 85 137 110 191 207 53 11 231 99 162 210 219
    35 178 111 201 143 249 7 164 147 33 89 51 237 127 180 195 149 181
    163 183 225 7 16 65 8 98 31 88 16 144 50 179 104 9 20 215 100 240
    200 228 40 186 252 125 103 12 144 21 77 87 241 219 208 18 12 21 46
    110 55 116 35 0 129 187 180 3 103 151 115 38 148 191 1 66 198 55 221
    235 74 201 241 140 156 47 56 32 32 81 172 92 170 243 56 88 125 35 40
    121 20 190 154 106 233 10 246 157 144 213 139 32 219 126 170 0 115
    43 44 117 153 128 121 194 68 254 192 228 95 22 48 193 6 55 188 139
    123 227 113 84 125 98 49 2 244 108 170 213 241 255 246 114 144 51 33
    70 213 114 40 52 147 98 105 140 30 204 253 25 236 110 100 253 120
    230 25 194 227 113 99 134 154 98 3 96 207 4 123 5 150 74 182 221 233
    115 49 216 253 31 24 167 251 134 56 164 96 21 54 72 245 97 64 158
    134 216 182 205 50 213 79 113 75 187 90 251 242 182 79 21 119 221 40
    18 190 43 49 96 12 69 52 171 40 202 249 225 140 100 204 146 52 1 116
    0 136 130 37 27 52 47 218 112 55 3 230 224 58 180 50 60 254 250 9 90
    73 14 86 111 74 192 41 52 251 15 43 157 138 13 55 20 70 135 193 177
    56 177 179 246 160 18 181 169 152 195 225 43 51 219 110 12 3 220 51
    223 142 57 231 222 203 170 173 178 211 93 241 171 144 190 231 58 112
    135 235 247 205 176 66 210 22 189 214 11 229 143 209 37 141 35 171
    209 27 75 206 219 185 20 17 204 202 159 91 186 30 111 248 126 157
    216 197 37 10 73 66 222 137 188 236 30 104 151 102 183 238 32 36 247
    43 31 144 252 21 10 236 220 49 171 51 177 61 0 131 86 127 135 14 221
    230 187 28 245 87 24 192 147 83 31 4 66 66 255 249 216 122 213 188
    40 131 109 92 41 40 245 179 94 102 211 201 135 103 124 146 140 4 213
    218 12 27 149 57 245 61 113 5 191 222 131 208 116 157 146 2 112 99
    93 182 252 221 40 56 181 191 76 113 231 250 34 215 117 137 28 227
    120 197 175 228 188 255 254 156 95 152 226 171 242 151 101 119 83
    152 246 110 162 7 191 10 130 79 226 135 164 25 0 95 177 78 12 115
    136 36 152 114 21 110 26 125 252 46 229 249 99 222 115 141 118 222
    55 234 73 152 107 89 185 75 47 47 212 223 94 83 136 58 49 149 191
    110 223 85 255 209 59 156 116 135 146 69 33 201 39 175 124 203 235
    244 61 208 68 158 74 203 187 15 202 104 163 141 33 8 224 66 208 115
    93 193 1 141 121 242 9 78 8 225 171 81 217 215 97 21 95 20 229 81 42
    157 240 233 110 148 237 220 68 91 155 123 99 184 85 20 86 152 225
    177 242 72 155 17 93 6 83 205 83 1 170 218 69 107 175 203 105 181 91
    221 253 15 24 63 213 29 10 163 36 120 136 52 223 200 192 226 1 76 8
    19 205 66 217 123 11 163 57 246 133 194 27 40 150 213 206 242 166 44
    124 127 59 110 108 184 112 251 1 231 49 215 182 221 90 121 110 171
    193 145 100 79 156 204 7 123 194 103 207 153 79 24 70 39 38 130 187
    188 122 104 23 224 1 164 91 107 181 244 141 207 9 234 211 249 164
    136 68 207 238 232 35 12 185 217 10 8 106 215 235 90 215 232 102 124
    75 57 36 149 242 188 169 15 146 252 224 192 147 163 148 49 104 243
    70 207 73 255 146 95 77 66 110 232 119 111 147 253 238 188 138 131
    170 8 243 206 179 13 61 99 66 112 106 12 69 160 11 150 113 33 116
    176 149 107 199 17 16 4 44 77 205 239 119 154 161 100 180 80 223 160
    95 59 208 66 22 58 121 99 120 11 103 160 70 236 115 144 66 215 171 9
    226 255 70 74 100 66 185 77 0 112 140 44 250 22 43 232 15 168 74 190
    68 152 188 18 117 175 131 187 189 112 245 215 78 126 136 230 54 87
    202 64 63 153 120 109 207 104 78 231 146 20 177 24 5 127 26 210 65
    142 84 166 100 98 13 248 223 156 121 149 73 192 213 113 148 144 159
    182 179 35 244 57 249 105 124 143 208 74 81 60 234 105 111 63 245 80
    99 139 34 140 254 91 31 89 171 251 50 215 254 103 210 12 135 246 159
    86 194 215 61 190 71 221 152 181 155 29 127 42 75 38 168 242 85 42
    11 191 172 128 8 118 99 169 173 233 70 93 28 83 248 206 1 222 46 12
    188 222 161 252 168 210 137 115 232 143 44 92 193 118 134 111 147 68
    14 230 5 103 102 53 36 190 40 193 17 198 195 43 158 155 188 92 41
    172 222 21 166 65 75 103 134 227 98 48 80 48 254 83 152 154 56 39
    202 220 217 8 194 73 163 196 129 38 58 243 191 67 151 45 44 17 249
    230 54 131 104 93 101 123 23 139 234 64 18 20 69 55 72 8 215 126 163
    197 234 27 97 121 182 231 211 153 2 144 96 192 53 197 31 209 196 96
    25 15 109 34 112 226 22 210 40 85 104 105 213 251 147 247 69 97 205
    157 219 36 179 78 97 42 43 45 7 51 67 39 109 179 225 7 107 251 25
    125 151 204 55 126 64 136 197 156 66 97 141 133 213 127 102 91 0 101
    93 132 108 223 86 125 65 190 186 153 217 194 104 124 55 128 235 31
    210 145 245 159 183 243 157 168 186 202 145 136 120 157 96 110 203
    155 162 49 245 131 151 60 183 183 95 247 181 186 147 102 77 68 102
    93 236 244 211 252 175 7 165 24 20 233 167 41 96 208 131 99 251 61
    192 76 155 210 191 32 26 104 130 188 234 14 130 185 2 21 60 157 77
    133 218 47 250 30 130 94 49 110 253 0 130 181 55 253 147 30 82 11 64
    181 193 22 182 47 99 114 43 137 46 247 143 101 94 127 140 141 217
    240 92 167 51 123 111 129 239 2 216 134 50 150 231 139 31 218 49 239
    212 127 152 220 100 127 131 84 157 0 237 54 154 13 22 93 47 72 72
    232 115 104 146 172 18 23 169 89 175 108 77 169 124 237 16 44 175 39
    49 122 29 137 16 63 242 113 76 40 192 171 194 218 73 254 89 63 198
    234 243 102 187 155 122 45 153 47 222 15 156 16 215 165 5 38 154 235
    94 211 197 164 150 70 17 233 13 53 171 23 79 139 105 170 197 181 99
    96 141 185 235 139 109 60 34 63 39 132 54 179 233 10 14 160 223 183
    228 195 168 167 32 253 194 151 106 68 246 66 14 35 84 243 85 239 56
    124 31 250 167 8 35 172 96 90 92 33 90 55 27 233 179 177 247 144 126
    63 126 120 28 14 18 196 73 132 229 177 209 111 56 185 159 149 99 184
    20 222 125 68 146 137 134 19 81 186 205 87 25 197 244 97 17 104 20
    138 188 3 55 188 153 206 193 49 243 34 162 170 148 104 230 143 141
    163 84 123 49 193 203 239 229 6 83 164 3 151 204 249 205 45 122 145
    74 29 43 190 156 36 75 140 166 156 228 100 184 216 103 62 60 18 252
    143 253 247 45 244 72 95 149 251 212 142 47 183 173 143 58 6 179 241
    15 137 0 240 46 110 24 194 142 9 158 157 99 3 8 236 254 138 212 167
    125 220 113 233 196 104 57 36 151 254 93 40 137 236 105 255 187 69
    120 5 84 229 92 2 141 79 74 217 113 54 168 103 212 157 36 202 133
    197 39 170 78 172 176 62 3 142 187 97 197 97 198 112 60 229 207 101
    130 67 229 86 179 132 200 253 109 5 119 217 86 116 171 105 10 243
    186 50 43 159 56 45 194 131 138 174 51 56 245 234 62 82 30 232 28
    236 22 252 7 230 46 210 44 81 247 176 106 169 178 243 26 4 48 169 98
    162 45 76 19 166 194 41 193 231 95 120 123 152 92 243 124 60 149 115
    127 70 186 40 0 15 224 113 228 31 12 241 161 171 87 66 108 101 42
    157 186 21 202 94 193 195 121 251 253 133 223 105 198 76 171 152 129
    82 198 80 162 219 113 179 79 90 148 85 76 207 43 38 19 101 145 101
    28 48 117 158 21 181 144 219 145 244 129 11 165 45 65 49 206 85 246
    63 92 90 67 160 21 149 61 233 238 223 162 144 28 50 181 48 17 98 154
    250 164 255 94 71 90 4 242 66 41 173 126 188 70 166 235 239 148 244
    132 242 171 122 218 92 41 197 58 225 32 51 172 29 217 18 200 47 221
    209 71 53 157 80 175 198 185 161 83 177 84 228 0 10 35 84 246 248
    166 41 121 162 237 24 29 53 72 59 167 171 171 127 174 234 171 159
    185 95 24 133 167 92 85 1 191 196 83 38 190 146 167 88 118 217 55
    150 77 106 73 161 136 58 152 3 194 239 115 198 34 192 121 138 230 26
    222 118 166 58 246 125 48 21 107 214 4 29 86 250 252 129 126 232 254
    239 250 16 237 184 146 181 19 45 9 0 62 52 138 188 92 234 228 186 39
    77 11 87 51 34 28 63 49 143 72 127 98 108 119 250 164 240 31 15 177
    135 140 252 191 111 48 33 51 230 2 132 2 219 222 117 222 210 231 30
    72 42 137 66 25 186 101 234 110 74 157 195 75 8 76 60 108 35 83 50
    75 188 254 175 44 92 6 146 231 247 98 35 96 85 47 255 243 24 206 106
    146 252 244 98 234 109 190 154 100 158 125 204 29 167 211 1 154 17
    84 234 179 187 194 48 99 4 122 178 125 45 28 84 53 131 134 37 157
    190 153 111 220 194 190 245 66 67 43 223 93 204 62 222 198 29 200 50
    38 153 146 90 57 29 140 236 180 160 161 45 86 49 36 27 121 15 232
    174 237 45 37 180 5 144 37 249 135 46 21 58 109 26 165 162 4 22 209
    132 79 159 98 244 64 54 178 236 165 235 172 112 110 67 4 1 186 150
    147 69 8 51 208 19 145 74 78 220 0 150 202 198 187 64 142 219 97 82
    97 109 114 230 111 251 134 115 156 168 74 254 149 72 138 220 233 190
    186 66 197 33 83 92 106 239 126 41 8 189 40 170 137 184 230 211 84
    201 24 71 207 83 251 21 187 240 28 122 217 162 143 113 12 141 103
    189 130 106 170 53 122 165 129 221 165 5 31 231 89 120 204 24 255
    101 141 192 118 209 196 109 181 120 115 253 227 142 45 5 70 252 172
    217 95 87 144 80 226 160 227 82 41 118 217 25 139 130 168 55 106 235
    86 56 155 54 126 165 76 58 211 20 244 233 250 24 12 72 132 9 134 182
    52 250 67 116 217 236 52 120 146 207 206 27 174 154 216 9 137 144 16
    226 79 230 205 143 163 145 196 78 201 203 143 98 201 158 69 160 201
    163 42 90 208 65 227 164 43 164 243 92 39 6 123 136 123 93 235 141
    215 48 246 61 201 51 9 119 185 151 239 231 181 219 253 184 190 28 86
    176 78 84 160 6 78 138 14 61 189 134 172 161 144 142 144 132 40 108
    254 70 136 142 40 8 43 54 4 25 229 13 155 159 34 96 11 142 177 161
    194 37 204 244 110 138 29 90 210 83 36 128 113 106 230 117 33 199 59
    220 184 242 202 35 2 20 163 178 1 6 79 10 170 213 225 21 229 49 72
    127 249 179 176 24 18 199 52 74 23 8 107 212 113 182 237 61 197 27
    162 132 229 226 154 200 13 78 196 234 9 203 148 165 25 182 51 149 88
    236 40 124 75 77 86 167 254 104 30 15 199 93 145 226 209 210 147 251
    111 251 112 51 70 62 236 15 5 177 107 80 210 166 85 65 78 247 133
    120 2 250 107 47 64 41 68 135 157 180 89 249 50 75 40 124 119 234
    193 81 114 244 237 162 241 187 41 74 208 102 157 95 40 63 3 176 227
    23 29 201 241 113 235 142 133 161 151 231 207 55 181 209 120 119 46
    106 123 141 231 143 14 102 254 138 67 89 101 8 221 66 192 235 75 86
    229 35 57 0 102 224 38 28 232 158 157 43 232 142 0 159 170 203 172
    130 187 155 136 86 175 38 76 47 204 243 233 172 123 229 124 7 116
    252 145 224 121 145 35 194 24 129 49 53 186 217 5 250 22 144 200 255
    242 181 107 69 90 82 41 140 36 142 237 43 148 53 6 248 239 85 251
    208 184 53 97 250 35 123 129 162 50 131 22 148 250 33 129 212 177
    123 79 89 210 254 144 240 36 71 126 244 3 187 149 173 179 85 255 137
    42 154 126 73 227 201 183 250 205 131 98 188 207 140 100 111 229 161
    0 34 50 223 1 174 25 22 170 3 250 109 20 60 115 167 103 131 77 174
    93 15 146 137 112 208 142 100 109 3 39 121 59 137 47 163 24 248 237
    36 182 109 99 100 77 88 233 210 152 103 143 46 128 26 152 209 169
    252 214 180 202 120 241 228 134 225 55 108 63 62 98 4 143 185 90 236
    194 206 190 135 26 131 89 206 201 161 58 164 183 219 107 103 216 208
    120 185 215 200 237 0 52 244 184 102 121 59 92 3 142 185 253 10 41
    88 223 201 12 209 144 182 239 39 54 248 30 123 105 176 54 85 207 251
    150 19 105 247 217 249 198 98 7 187 182 114 127 58 249 83 126 210
    217 133 105 46 89 165 103 147 17 152 230 236 96 107 240 224 118 93
    68 21 210 226 250 110 204 144 209 177 96 18 1 171 99 227 52 74 23
    140 48 221 231 249 176 115 65 228 228 19 242 36 101 223 153 177 21
    114 21 103 207 157 88 105 195 131 100 36 15 125 6 6 12 18 153 48 140
    31 193 46 108 177 82 21 101 92 194 70 108 14 219 150 238 34 84 12
    138 247 166 191 180 152 42 181 17 199 220 58 43 121 120 210 161 208
    57 130 190 59 168 141 36 16 183 217 124 154 158 174 194 60 147 31
    211 71 82 185 141 219 136 66 8 179 168 217 108 36 80 205 96 130 220
    108 48 177 192 99 143 14 109 238 63 61 208 250 164 112 135 85 5 168
    109 67 189 225 109 142 57 213 124 245 13 22 122 24 195 154 140 30
    127 201 16 167 78 194 116 192 2 98 231 174 128 93 15 25 142 156 221
    151 154 30 114 209 247 9 117 155 104 82 80 220 169 79 89 73 111 212
    134 143 221 231 220 213 34 173 220 122 12 222 83 126 8 132 61 26 239
    198 238 136 136 73 133 70 196 175 229 169 249 62 144 219 64 84 4 184
    242 36 106 109 84 201 110 140 134 68 245 169 221 151 60 178 32 21 75
    129 60 8 209 245 78 70 126 20 145 70 176 109 199 59 187 93 243 55
    197 249 189 191 8 142 191 122 53 40 80 77 75 7 193 184 132 21 202
    155 51 161 219 26 215 92 138 166 0 48 67 62 107 38 175 219 77 98 104
    169 81 176 18 154 159 71 32 191 57 138 126 48 127 9 195 201 196 19
    146 219 232 119 60 146 27 72 191 47 172 11 207 74 30 25 59 171 95
    174 242 17 213 50 86 36 233 229 216 172 157 150 245 16 27 132 22 115
    246 182 14 239 166 150 120 205 213 134 163 115 110 85 50 15 230 236
    53 21 3 185 14 218 22 225 109 186 18 142 52 78 236 29 53 124 10 182
    143 173 128 48 235 79 221 150 191 170 106 252 181 72 127 187 98 171
    103 189 32 83 67 80 17 243 81 88 208 41 55 187 238 83 40 197 206 28
    38 57 142 172 130 94 241 185 50 120 76 116 216 229 21 214 176 98 172
    21 192 35 208 27 234 2 57 117 193 32 233 34 190 43 241 253 7 172 242
    36 62 240 250 93 23 153 203 9 191 61 243 109 169 239 225 159 208 148
    183 187 192 182 242 13 119 182 111 23 209 186 188 90 124 37 199 15
    95 183 199 82 35 187 100 175 46 209 48 20 187 248 51 95 198 82 209
    66 80 185 59 26 173 128 122 122 32 72 143 132 111 49 34 205 192 123
    80 111 42 0 44 180 101 199 15 52 163 21 76 187 142 14 240 42 177 144
    147 93 180 73 234 245 183 156 177 19 88 191 11 60 150 113 53 77 88
    177 39 45 127 217 168 76 0 62 191 4 233 249 200 176 16 79 112 221
    147 190 84 181 164 235 234 255 8 159 128 101 105 64 169 143 22 219
    201 4 125 153 85 5 167 17 27 50 88 132 39 146 149 212 247 255 75 101
    73 13 227 108 182 116 51 110 251 219 133 166 42 203 238 250 28 22
    182 118 193 39 227 145 178 250 219 190 206 206 208 53 226 26 232 7
    97 14 68 211 2 226 193 27 125 215 85 107 72 116 93 158 55 31 108 25
    16 60 102 94 79 146 207 153 243 173 171 44 209 239 237 238 53 145
    201 0 98 212 195 246 104 168 169 147 119 155 163 129 172 2 253 110
    190 54 245 243 54 51 34 80 222 214 255 49 180 55 109 34 125 2 151
    218 10 196 1 198 135 240 79 45 58 87 95 104 123 127 171 197 37 192
    122 247 158 229 227 3 68 67 145 202 176 169 49 136 39 146 78 141 210
    159 65 43 203 142 19 95 164 93 227 60 85 145 166 149 139 226 171 153
    27 5 166 114 69 52 31 173 218 241 150 248 206 216 243 113 169 233 31
    156 186 236 178 23 225 191 180 39 82 181 157 186 237 185 246 124 235
    230 211 89 92 219 150 105 50 171 120 233 110 79 157 192 41 89 85 90
    200 108 175 236 35 164 188 242 124 126 249 160 47 190 143 241 11 41
    212 247 127 235 28 102 208 52 199 24 227 204 105 227 163 231 65 56
    222 226 202 116 14 125 216 32 112 195 132 200 129 205 45 229 157 45
    116 247 38 157 13 200 255 166 157 128 242 219 124 224 201 191 53 27
    128 195 107 157 140 241 178 9 72 243 129 62 154 25 72 90 219 235 58
    34 7 27 244 169 128 81 231 153 1 62 220 42 118 1 18 168 117 169 222
    92 112 236 0 107 67 63 23 147 74 197 159 157 205 67 98 189 110 187
    91 70 110 242 200 160 170 75 230 122 38 45 2 199 1 253 18 1 78 167
    207 94 60 92 12 191 51 114 219 108 76 118 140 89 184 141 127 247 255
    239 231 117 100 214 160 84 25 238 34 150 253 187 168 129 56 50 36 62
    253 46 89 134 123 32 45 161 63 127 223 103 99 245 188 113 83 26 94
    52 119 87 147 192 145 144 165 129 40 36 205 221 131 95 143 34 112 10
    220 11 143 43 181 193 111 26 157 236 14 110 132 196 91 126 160 110
    202 19 24 98 152 194 148 30 252 254 151 59 204 24 55 25 114 220 187
    62 202 80 24 226 242 203 188 10 44 23 12 234 232 121 172 47 8 37 239
    50 77 110 220 131 112 94 155 83 125 49 5 151 243 124 45 127 35 71 88
    73 207 222 229 229 25 111 53 132 85 158 35 66 63 142 190 42 51 205
    23 166 57 236 72 194 32 116 74 197 51 169 23 208 35 79 57 18 156 18
    63 11 234 21 185 154 10 60 50 190 6 211 173 231 87 82 79 188 60 158
    3 116 124 218 180 181 232 183 146 94 134 24 38 33 23 84 168 59 219
    74 230 134 133 116 176 33 147 123 127 149 20 245 156 21 180 210 204
    203 112 62 189 122 190 162 186 157 247 141 1 234 65 236 178 142 251
    207 68 195 234 218 67 30 26 14 64 185 127 213 179 199 13 96 123 158
    217 112 209 227 51 22 232 123 254 228 30 83 123 175 108 20 103 238
    250 123 171 125 38 105 89 211 104 11 95 255 177 156 170 22 39 224
    116 220 19 187 211 214 240 118 18 141 210 195 25 60 140 173 54 121
    195 194 251 112 23 0 175 17 62 196 23 25 107 141 57 152 216 35 154
    193 125 96 167 209 112 94 90 125 38 15 235 96 181 222 242 179 22 104
    35 120 254 104 140 254 242 95 24 153 50 98 115 107 33 177 62 0 98 16
    68 56 242 84 89 125 215 197 116 255 42 115 136 148 221 29 236 144 62
    152 49 250 134 139 154 7 184 67 150 40 84 102 182 163 144 25 186 164
    250 235 88 208 14 248 253 104 163 213 84 182 202 104 219 206 68 138
    157 24 50 120 243 145 49 190 42 247 187 96 207 2 178 179 53 52 201
    114 30 122 88 42 172 181 95 107 45 207 98 179 216 204 44 52 219 171
    19 180 53 185 183 73 16 96 119 136 199 44 60 234 1 36 249 188 216 21
    11 114 189 135 73 21 101 94 119 50 198 63 170 73 20 50 250 105 245
    219 126 223 167 244 19 170 74 95 55 50 156 200 38 40 118 61 46 64 7
    140 140 250 5 221 153 159 93 194 172 235 91 33 145 139 137 53 128
    213 96 57 196 87 195 110 131 61 114 143 16 186 229 62 211 164 247 32
    92 40 85 67 247 56 139 190 192 233 139 214 169 110 226 187 123 87 71
    171 107 220 20 173 191 130 122 96 22 9 49 2 255 110 102 246 173 254
    205 151 209 23 12 203 78 230 82 131 166 38 101 50 205 135 24 232 214
    12 203 193 190 125 160 113 205 19 148 62 71 169 19 155 155 3 99 86
    224 134 201 75 8 52 237 105 227 30 217 181 160 2 2 250 244 86 207
    224 74 155 53 175 32 53 92 84 170 195 236 176 111 153 142 161 153 23
    202 106 54 60 86 246 4 116 127 129 2 157 180 180 239 112 215 248 203
    140 35 11 160 83 25 110 180 86 129 183 222 202 164 80 125 130 120
    143 42 12 34 184 54 252 126 149 130 79 87 6 127 105 30 21 237 98 99
    154 28 53 241 123 29 105 144 230 228 173 157 72 121 243 24 91 21 9
    83 158 17 52 67 56 38 64 121 17 59 60 116 98 12 245 75 215 130 49 40
    22 116 25 124 88 245 70 185 43 0 166 198 127 64 204 90 212 161 206
    48 40 168 223 91 17 76 240 101 38 246 19 114 191 86 44 243 246 213
    231 116 162 167 37 28 227 187 135 75 107 146 30 177 209 74 100 183
    13 56 10 128 158 200 28 9 134 138 192 103 49 95 231 114 161 225 132
    64 230 170 125 214 57 83 42 23 177 36 220 200 234 158 207 144 145
    178 237 128 187 9 115 235 170 227 76 185 119 96 51 148 207 39 73 97
    132 18 232 250 92 186 12 89 182 205 131 86 59 204 215 159 126 230
    210 112 183 92 98 91 253 162 35 34 67 31 77 170 125 27 178 52 8 75
    126 112 41 157 4 166 227 49 34 23 123 79 123 240 127 134 65 226 86
    94 6 56 80 113 76 9 194 103 210 133 194 110 26 26 165 80 96 241 88 7
    222 118 165 99 60 122 48 57 196 241 142 144 32 93 197 131 144 72 199
    239 99 88 16 74 248 41 179 199 253 183 20 242 227 9 224 152 220 46
    48 222 115 204 99 140 180 38 185 163 247 143 162 109 12 12 147 122
    91 189 171 168 213 99 49 57 71 104 132 226 196 137 110 182 228 136
    124 130 38 198 209 130 58 99 181 77 117 234 150 72 102 93 182 136 86
    68 188 239 155 113 132 209 85 31 186 108 7 71 122 18 127 181 102 174
    2 60 95 76 166 204 137 45 154 91 111 136 204 230 212 75 229 144 19
    60 67 62 176 179 10 44 181 161 152 208 208 149 191 122 10 205 226 10
    41 222 164 190 66 241 255 162 31 222 104 96 250 247 175 161 13 212
    200 241 151 208 214 127 73 246 173 152 63 155 248 12 238 193 78 118
    228 169 56 106 237 101 191 49 225 211 56 10 225 5 197 172 252 210 64
    101 221 86 173 185 38 186 239 35 32 221 193 111 123 37 207 227 246
    129 58 207 7 74 254 224 190 150 60 233 194 106 153 141 193 163 49
    244 127 183 18 138 73 213 190 190 163 225 202 250 190 242 67 105 246
    152 123 35 55 255 152 137 121 194 157 195 217 172 147 63 96 239 180
    22 35 71 234 1 147 55 75 44 13 115 118 232 253 90 69 246 107 179 148
    206 171 141 86 81 2 222 146 243 22 111 245 48 78 111 40 102 1 102 75
    196 86 214 179 72 172 70 109 48 190 126 109 113 131 71 2 54 186 156
    249 236 255 161 129 191 229 109 67 104 223 217 49 195 26 227 47 242
    220 140 96 203 20 240 60 253 174 0 93 175 87 13 73 129 202 174 121
    135 207 185 109 138 197 187 116 156 65 23 228 212 178 222 157 206
    249 53 137 43 64 127 222 11 102 108 222 252 154 41 56 109 151 67 100
    94 71 124 32 202 113 208 85 46 0 92 198 134 249 50 66 202 206 208 68
    198 247 7 68 18 146 150 201 3 59 197 190 170 62 191 234 38 126 136
    245 18 4 27 31 126 36 40 8 141 6 218 0 229 176 168 149 70 228 45 118
    131 118 108 235 69 2 232 168 70 35 55 157 96 7 208 152 80 193 14 212
    149 218 52 164 195 245 229 202 231 222 62 221 49 13 66 92 235 38 73
    179 232 58 52 224 32 71 197 225 232 67 128 118 220 98 76 140 202 137
    68 236 188 60 185 220 25 249 25 57 203 127 137 161 186 203 30 206
    101 22 104 229 160 205 117 89 80 139 244 133 237 166 221 236 56 62
    111 38 21 118 225 250 87 4 233 137 85 89 121 204 57 62 240 195 188
    168 193 221 140 139 22 242 97 27 87 251 46 93 158 32 255 11 69 246
    210 146 184 109 23 208 122 42 1 255 83 15 73 215 85 247 124 206 111
    157 54 107 148 67 145 93 55 84 50 62 144 115 205 64 168 91 119 40 37
    160 74 74 68 54 49 43 231 26 175 58 106 192 249 146 255 171 40 150
    175 171 97 130 143 246 226 54 98 213 214 157 197 177 64 231 87 84
    208 61 0 223 105 228 227 213 80 250 81 66 59 114 26 52 161 29 10 200
    157 240 255 46 183 113 170 224 105 202 62 34 32 66 110 0 10 68 246
    14 192 113 207 64 206 247 217 205 93 90 227 31 249 158 84 71 142 165
    251 248 248 4 248 157 82 136 21 128 43 107 236 233 151 99 119 20 102
    60 45 165 195 135 18 179 41 111 99 26 246 124 156 60 250 223 144 12
    200 8 147 13 78 37 139 89 253 107 56 26 232 6 15 218 180 35 199 224
    199 141 86 199 84 17 39 200 12 94 51 82 78 184 107 154 153 122 99
    235 197 139 177 163 2 76 186 47 129 69 230 43 252 228 230 4 212 87
    40 32 212 78 119 221 187 27 128 175 181 208 129 55 92 181 130 189 51
    42 181 234 42 235 183 188 232 11 16 242 38 21 84 14 158 0 140 2 230
    32 124 130 5 125 164 4 24 96 137 229 83 136 239 1 241 86 22 136 45
    31 174 211 32 245 229 98 50 11 236 234 69 8 194 6 132 215 144 17 137
    27 10 163 146 184 202 214 240 212 83 67 42 179 248 195 154 31 160
    221 153 61 105 73 189 145 127 200 91 233 10 103 179 136 125 150 155
    165 189 220 152 72 135 113 112 254 209 179 234 106 64 199 223 159
    210 95 57 57 38 83 2 12 146 177 22 220 120 159 33 142 112 29 240 225
    31 58 39 247 58 208 187 3 216 194 205 36 211 2 42 57 223 38 89 184
    230 155 211 125 230 11 236 159 196 143 112 191 36 174 78 222 113 43
    235 144 123 169 94 155 212 227 9 23 223 14 84 193 196 26 65 214 138
    36 154 189 59 234 224 129 253 60 191 145 100 68 67 62 112 177 4 180
    69 211 189 63 99 14 170 106 233 133 97 158 39 125 94 250 133 169 69
    128 141 149 203 117 128 157 223 54 141 10 95 211 88 39 180 104 210
    249 224 125 41 107 156 59 174 39 181 98 42 33 12 119 217 120 90 144
    165 221 28 9 161 218 109 116 163 5 76 214 61 129 42 129 117 88 117
    49 52 220 214 233 188 162 78 250 1 27 7 63 225 152 177 197 21 121
    140 59 28 217 47 138 0 35 119 174 143 239 48 6 79 69 237 79 153 50
    132 125 110 202 227 255 103 151 247 240 46 199 181 43 160 22 30 127
    218 173 175 85 4 184 2 189 245 35 88 235 160 149 237 47 211 96 188
    118 52 104 52 231 31 18 72 196 128 182 167 231 58 12 247 143 245 188
    74 60 233 25 228 165 223 114 188 3 32 198 135 243 90 153 107 202 19
    160 207 93 24 245 250 133 102 56 118 52 3 240 115 247 36 13 245 171
    46 5 121 135 92 246 204 148 206 251 73 87 183 230 65 29 16 17 122 4
    171 240 172 48 251 227 63 174 87 143 161 245 99 72 32 74 132 113 207
    7 232 27 94 158 26 180 34 58 122 120 249 204 69 230 187 137 25 27 35
    85 148 219 144 79 156 230 141 220 61 94 69 171 8 89 10 163 240 45
    227 173 63 0 206 17 37 130 68 28 69 93 96 137 145 177 57 137 225 96
    210 91 24 170 31 70 22 119 246 112 143 50 24 156 78 2 59 219 94 88
    194 26 62 64 125 215 53 98 241 211 126 6 106 244 117 76 47 3 131 118
    56 128 15 230 92 237 228 59 160 212 119 71 180 200 92 175 38 59 215
    196 151 79 175 244 81 191 170 247 18 55 221 46 225 216 136 78 182 99
    8 130 69 75 213 120 169 242 131 16 194 97 194 144 132 193 39 226 178
    193 63 65 179 233 129 42 146 69 198 16 132 142 204 12 214 215 218
    157 182 133 23 70 32 178 125 166 176 121 163 54 199 206 52 110 7 238
    251 153 56 115 123 55 89 87 123 24 241 40 77 148 219 88 229 68 148
    161 6 248 244 200 249 166 165 11 8 227 48 150 87 82 248 111 120 104
    152 132 226 197 118 128 214 154 92 22 253 172 187 150 82 216 44 55
    73 75 193 189 203 70 34 158 215 129 174 58 152 147 72 156 94 33 57
    247 249 168 209 157 193 115 140 251 226 87 201 49 217 45 102 83 109
    22 103 118 21 170 101 235 184 242 186 40 11 105 183 194 84 140 253
    49 130 219 169 166 194 217 253 87 129 88 124 195 129 12 40 206 1 61
    182 83 196 156 222 129 253 48 187 238 198 144 116 91 158 173 196 254
    125 115 100 37 10 119 102 201 117 22 194 157 5 65 92 218 191 142 245
    165 161 224 139 110 54 3 227 73 233 226 152 50 170 46 182 240 168 51
    16 56 186 19 96 212 252 70 133 180 194 226 157 253 251 176 167 99
    115 186 178 105 196 225 5 234 39 238 68 64 56 7 83 113 186 160 35
    206 136 179 54 0 137 41 238 223 209 165 73 202 164 119 149 129 109
    135 160 242 19 83 32 248 78 46 88 246 121 185 40 159 151 117 250 194
    44 217 193 75 180 104 117 187 110 63 214 39 37 44 192 74 8 115 80 24
    74 67 21 103 136 51 164 150 156 186 197 52 180 252 91 37 227 24 202
    203 195 30 156 73 77 218 153 127 181 197 194 19 199 91 88 147 225 30
    20 94 114 76 251 148 183 219 169 155 175 175 27 175 181 161 9 231
    210 125 66 141 156 169 249 129 255 87 183 6 255 23 252 87 237 211
    100 227 148 238 137 244 222 136 148 215 88 94 127 136 252 252 42 223
    100 133 228 61 231 200 135 86 110 226 220 88 208 89 44 129 55 238
    210 34 11 134 40 83 149 115 229 177 209 251 247 200 108 253 2 221
    241 168 148 138 40 107 196 200 108 251 86 114 9 148 228 92 143 214
    68 155 47 30 239 94 179 124 37 186 206 62 204 56 23 134 120 237 250
    14 77 97 50 210 154 95 18 74 254 35 107 130 183 197 112 186 214 147
    94 83 199 241 82 59 133 170 142 253 199 34 198 27 43 78 10 2 225 128
    37 16 215 136 167 211 185 209 7 19 231 112 46 102 123 7 199 150 35
    38 6 62 237 42 208 169 182 164 51 135 158 134 44 190 192 221 201 89
    113 34 78 221 166 213 63 37 178 7 146 94 12 51 155 163 114 132 118
    244 100 30 142 8 245 51 249 146 76 146 106 70 125 233 246 37 20 35
    252 201 108 179 38 140 100 11 88 252 119 79 92 29 250 229 82 163 211
    91 43 85 158 238 129 183 191 131 211 133 151 81 42 44 91 159 35 245
    24 89 61 228 234 247 120 190 217 30 131 200 26 121 40 18 190 116 64
    28 186 189 7 228 38 199 215 226 103 111 235 253 207 98 153 5 47 220
    95 88 121 193 227 66 207 24 49 219 112 56 81 112 74 90 29 4 2 163 48
    216 92 152 107 82 29 45 104 68 25 158 147 119 200 179 100 36 143 250
    161 207 156 167 180 20 3 52 156 212 245 83 8 127 166 253 65 254 3
    160 180 42 114 75 59 196 112 150 245 194 248 55 159 218 73 71 243
    223 213 99 9 235 227 101 143 146 210 14 201 12 230 254 98 228 196
    215 112 203 78 173 141 108 140 159 7 3 57 128 183 93 214 47 184 104
    253 152 60 194 16 45 87 41 228 190 31 167 2 81 66 208 120 18 121 73
    14 240 90 70 169 69 20 213 192 151 139 74 104 147 3 12 68 170 6 41
    252 98 125 0 77 239 249 37 242 182 186 159 121 66 108 12 179 209 154
    136 214 93 61 68 116 58 209 81 240 124 127 32 37 164 178 32 109 69
    19 185 226 4 34 124 109 21 78 216 98 174 136 251 123 233 165 90 176
    96 245 68 246 2 49 57 87 8 120 125 116 156 200 222 176 81 142 162
    255 193 127 213 2 80 102 34 13 135 118 88 129 239 105 64 67 248 73
    186 160 46 217 32 7 123 137 115 153 10 134 220 176 95 6 183 113 65
    105 127 125 191 181 242 121 85 119 119 219 75 218 252 241 214 154
    146 113 173 172 237 118 198 202 196 19 132 47 40 10 172 112 153 148
    145 92 190 136 16 33 4 197 12 192 124 114 188 236 36 89 98 38 71 148
    189 61 47 7 113 36 5 102 161 170 17 112 83 43 58 142 62 167 32 139
    187 19 33 210 46 43 219 137 88 140 88 32 138 247 17 209 167 211 193
    215 161 5 66 11 128 172 153 36 15 252 32 90 172 148 242 249 226 151
    178 32 64 56 181 154 61 14 74 23 83 2 111 187 69 178 62 81 199 152
    32 216 85 199 28 188 245 191 181 177 136 179 10 134 192 173 164 250
    233 151 219 189 234 161 183 99 204 142 123 41 152 13 243 139 186 71
    98 54 100 215 15 128 158 194 66 55 70 194 239 106 20 4 79 186 91 163
    72 158 7 64 18 86 163 196 175 142 47 181 124 43 201 219 222 149 227
    228 85 2 156 186 16 28</data></test_img>
<my_img type_id="opencv-matrix">
  <rows>128</rows>
  <cols>256</cols>
  <dt>u</dt>
  <data>
    0 255 23 255 255 0 255 255 108 76 255 255 0 255 0 255 0 142 37 0 255
    255 0 255 0 0 255 255 255 0 255 0 0 255 210 0 255 0 255 245 242 220
    109 164 203 0 255 0 0 0 255 12 255 0 255 59 255 0 247 255 0 255 250
    255 255 0 255 0 0 0 255 0 108 0 255 0 181 0 0 0 255 0 252 0 255 255
    255 56 0 255 255 0 255 255 255 0 0 255 255 0 255 0 255 255 212 255
    255 255 0 255 255 0 255 0 255 95 0 57 217 254 255 0 255 255 0 0 44
    85 0 255 124 0 202 26 255 0 0 255 245 255 0 255 255 255 82 0 29 178
    255 255 0 0 255 0 0 255 0 255 0 61 255 0 170 255 255 0 36 0 255 0
    255 0 255 0 255 0 255 255 0 0 122 48 255 0 255 224 0 0 255 0 255 0
    255 0 0 255 255 0 255 8 0 255 25 255 255 0 0 255 0 255 255 0 16 255
    132 36 0 29 255 0 255 0 0 0 0 255 0 255 0 255 242 0 0 0 255 0 0 115
    0 0 211 0 255 255 0 0 52 255 0 0 255 255 255 255 0 255 128 255 0 0 0
    255 0 255 0 255 226 22 255 0 0 133 255 0 0 189 30 0 0 255 0 80 0 0
    255 0 255 0 255 0 153 0 255 0 0 0 0 255 0 222 0 255 89 0 255 255 255
    0 255 232 255 255 255 0 255 118 137 255 255 0 0 0 255 255 0 2 0 255
    0 0 12 0 0 255 0 0 255 255 0 255 255 0 185 0 0 255 0 255 0 255 255
    255 255 174 0 255 0 255 255 0 255 0 15 158 0 187 0 0 0 31 0 255 255
    255 0 255 255 0 0 255 0 255 255 255 0 255 0 255 0 255 0 255 255 0
    255 255 244 0 0 255 0 67 255 31 0 255 0 0 255 183 23 124 0 255 255 0
    255 255 0 255 0 0 255 0 0 0 255 0 30 0 0 255 27 211 0 5 255 39 92
    136 196 0 255 0 0 0 255 255 0 255 0 255 0 255 88 255 255 255 0 125
    32 255 255 0 255 255 0 255 0 255 0 148 0 255 0 255 255 255 255 0 255
    0 255 0 0 255 0 255 255 202 0 255 0 0 255 255 0 255 63 0 255 103 0
    255 0 0 255 201 0 0 0 255 156 255 49 131 0 193 255 0 0 255 0 139 255
    229 255 0 255 0 255 188 160 135 0 119 255 255 0 255 250 0 255 255 0
    39 0 255 0 0 255 220 0 255 0 255 255 0 255 0 255 0 255 123 254 0 255
    0 0 255 255 128 242 0 0 42 255 0 0 0 255 255 0 0 255 30 0 255 255
    255 0 120 255 0 255 0 255 0 0 255 188 0 0 255 255 0 0 0 0 0 0 0 181
    0 255 255 0 255 0 255 98 0 255 0 255 0 255 0 255 0 255 255 255 255 0
    0 255 255 0 0 0 0 255 0 255 0 0 0 64 255 0 0 229 255 0 255 0 0 188 0
    255 0 78 255 0 255 0 0 0 23 255 154 86 0 255 0 255 255 243 70 255 0
    46 255 154 0 223 255 0 255 0 255 155 99 0 255 0 0 255 255 0 255 255
    167 0 0 255 255 79 15 19 0 0 0 0 0 255 0 255 0 195 78 255 0 255 180
    0 0 255 0 255 255 255 0 0 0 238 255 255 78 23 103 255 255 0 55 5 0
    255 0 0 255 255 0 255 131 0 255 0 56 225 255 0 255 255 40 255 38 207
    0 255 0 255 0 0 0 255 0 212 65 0 237 35 0 0 255 0 205 0 255 0 112
    255 255 255 255 0 255 0 255 0 255 255 0 0 255 255 255 0 255 204 255
    0 0 0 255 58 135 255 16 0 0 255 0 255 147 0 0 255 255 29 0 176 88
    255 255 255 0 255 255 0 255 193 139 255 0 255 249 215 255 255 255 0
    255 255 91 0 255 135 255 255 12 0 0 0 54 255 176 255 255 0 0 45 255
    255 101 0 0 255 255 255 255 226 79 0 255 0 0 0 0 255 255 0 255 0 0
    33 255 216 0 255 255 255 0 167 255 0 255 255 255 0 195 0 255 0 255
    255 0 160 255 0 255 0 255 255 255 0 255 255 255 0 255 255 0 0 29 0
    255 0 0 255 255 0 255 0 255 0 255 0 255 45 255 0 255 0 0 0 255 0 179
    255 255 0 255 0 255 0 0 255 255 255 255 0 255 235 205 0 0 0 255 255
    255 255 24 255 247 0 42 255 25 255 0 133 0 255 0 255 0 0 0 255 255 0
    153 0 255 255 98 0 255 68 46 255 255 0 255 44 0 255 255 0 0 255 255
    255 0 0 0 255 0 255 255 255 255 255 0 255 185 255 191 255 167 0 255
    0 255 255 255 197 0 0 255 103 0 255 23 255 0 0 255 0 0 121 0 255 102
    14 0 255 255 240 255 170 0 0 0 255 255 0 12 92 0 0 70 255 0 255 0
    255 0 0 255 255 255 109 0 255 0 0 255 0 34 0 255 209 0 0 240 255 0
    255 0 255 16 0 0 0 0 255 255 15 0 126 255 255 191 0 255 255 0 0 42 0
    255 120 106 0 0 0 0 0 170 255 0 255 26 58 0 255 255 255 209 78 0 255
    101 0 0 74 255 64 0 255 145 0 0 101 0 0 255 0 255 227 0 179 0 255
    191 12 198 0 8 117 0 255 255 0 0 0 255 0 255 255 255 255 255 0 0 255
    171 0 255 0 0 181 140 223 0 255 221 0 255 255 255 0 64 178 0 255 0 0
    0 255 255 0 0 0 0 255 0 255 255 255 0 255 243 0 120 0 0 255 255 0
    255 0 255 0 255 0 0 89 255 255 0 255 0 126 91 255 255 195 255 255 0
    73 255 255 0 0 255 0 191 66 173 255 0 255 0 242 0 0 255 255 0 76 255
    52 0 24 255 0 0 210 0 255 0 255 0 255 0 173 255 113 31 0 255 255 255
    42 0 69 0 0 255 26 0 109 0 255 0 255 0 255 216 38 0 0 255 0 255 255
    255 0 255 0 0 67 255 255 0 0 255 0 0 255 255 0 234 0 239 255 0 0 255
    0 0 0 207 255 255 0 255 4 0 0 255 255 101 72 0 255 0 0 255 255 76
    255 0 0 74 255 0 65 0 0 0 255 233 255 255 184 0 96 80 35 255 255 0 0
    255 0 0 255 255 0 255 0 0 255 255 0 255 255 255 0 0 145 255 0 241 0
    255 0 255 255 0 245 0 140 231 255 255 255 0 255 255 0 100 0 255 0 0
    0 255 224 0 213 0 255 248 0 255 0 255 0 255 210 231 0 255 78 0 88 0
    255 0 11 255 0 255 0 255 0 0 255 255 200 255 0 0 0 0 255 57 0 255
    223 11 0 193 0 31 255 0 255 255 0 255 0 255 60 255 0 0 255 0 0 45
    255 0 255 192 255 0 255 0 88 0 255 0 255 0 255 186 0 255 0 255 0 190
    194 255 0 255 255 0 255 0 255 255 208 0 255 255 0 0 103 255 0 255 0
    255 0 125 0 255 0 0 0 255 255 0 48 0 255 255 0 21 255 0 178 255 0
    255 255 0 0 255 255 144 32 255 0 255 255 222 255 0 0 0 255 0 255 0
    255 255 0 200 121 255 255 73 255 0 0 237 0 0 255 0 164 0 106 108 248
    255 255 0 196 255 0 161 0 255 77 255 0 224 255 255 209 0 255 0 255 0
    0 0 255 255 255 255 0 0 53 0 255 0 255 0 102 255 0 255 255 0 255 255
    42 50 0 255 255 87 0 66 255 0 0 0 255 255 0 0 255 255 255 0 0 71 179
    94 255 0 185 0 172 255 0 255 0 0 255 0 255 0 183 255 255 0 0 255 255
    0 255 0 0 255 137 0 234 0 0 255 255 125 88 255 255 255 0 0 0 255 0
    255 0 255 72 255 255 0 0 255 0 255 131 0 255 61 255 170 0 255 255
    255 67 0 0 0 97 255 0 255 255 0 81 0 0 150 255 0 255 239 0 116 0 255
    0 220 0 255 214 0 255 0 0 255 0 255 255 149 0 27 0 255 0 0 255 5 0
    255 0 255 181 255 0 255 0 0 153 255 0 0 255 0 38 255 0 255 130 0 255
    0 110 31 81 255 0 255 103 0 23 114 255 0 194 255 0 255 0 169 255 0
    62 117 0 167 95 255 0 0 255 96 255 179 136 255 0 0 0 0 255 0 0 184 0
    0 255 0 255 255 255 255 75 0 255 255 0 255 0 147 0 255 51 152 255 0
    255 255 51 0 9 0 156 0 0 0 0 0 235 0 255 0 255 0 0 255 255 255 21 0
    255 255 0 8 0 0 255 0 255 0 0 255 0 0 255 0 0 255 0 0 0 255 0 255
    255 0 255 255 0 0 0 255 230 255 0 0 255 191 255 255 255 183 255 0
    255 255 0 255 0 255 0 0 0 255 0 190 0 255 255 255 177 236 0 143 0
    255 255 0 0 0 255 153 0 0 0 255 0 255 255 125 255 255 0 255 0 255
    255 255 255 0 255 0 215 0 0 0 255 255 121 0 0 255 113 181 0 0 255 0
    0 255 207 0 0 255 65 255 0 255 0 255 255 0 255 0 255 255 253 0 0 255
    0 0 255 255 51 255 255 0 255 0 255 255 171 0 0 255 0 255 6 0 255 0 0
    77 0 109 255 0 255 19 154 255 0 255 255 0 255 0 255 255 255 0 255
    255 255 0 0 0 177 255 0 255 108 255 255 255 23 0 255 255 0 255 0 0
    255 255 0 255 0 255 0 0 255 255 255 255 0 255 255 0 255 255 169 162
    0 255 0 0 0 0 255 0 0 255 0 255 0 136 137 0 177 77 0 0 255 255 0 255
    0 0 255 217 0 255 30 255 255 238 255 163 234 0 255 0 255 193 0 0 255
    159 255 255 0 0 255 0 255 141 0 0 255 0 255 174 255 255 0 0 0 255
    188 0 0 19 44 255 0 0 0 0 0 252 255 0 255 0 0 68 164 236 42 0 255 0
    255 0 255 0 255 129 255 255 255 234 0 0 0 0 255 0 255 255 79 0 255
    194 0 0 255 0 255 0 83 6 0 0 0 0 255 0 255 168 0 255 0 255 122 55
    255 0 114 0 255 160 255 0 231 139 0 255 223 0 255 0 0 255 0 255 255
    18 255 0 0 255 255 0 175 0 255 0 255 187 6 255 255 0 255 174 255 0
    138 0 199 255 0 176 255 255 0 255 255 0 255 0 0 255 0 235 255 162 0
    114 0 255 0 255 30 0 255 0 255 0 181 0 0 255 0 0 255 0 0 255 255 0
    138 255 255 141 0 0 47 0 0 255 0 0 255 0 255 40 0 255 255 0 255 0 3
    0 173 255 255 0 255 255 0 255 0 255 82 0 255 0 255 0 255 255 157 255
    148 255 0 255 255 0 255 255 50 255 255 0 255 158 255 0 255 255 0 255
    255 0 255 0 0 255 0 32 0 255 0 255 0 255 0 255 255 0 255 0 255 255
    255 190 0 255 244 0 255 255 0 255 0 0 0 255 0 255 0 255 199 139 0 0
    255 0 18 255 0 255 0 255 0 0 255 0 219 255 255 228 0 217 0 60 0 255
    0 40 0 255 0 255 255 0 255 255 0 255 0 0 0 94 255 109 255 255 255 0
    87 255 0 255 0 0 29 198 0 255 0 255 255 255 255 255 0 255 255 255
    255 255 85 0 255 0 93 118 255 255 0 255 0 234 255 255 0 101 0 0 0
    255 255 0 255 255 255 255 255 255 238 0 255 0 255 253 5 255 255 0
    255 0 255 0 255 0 255 255 0 255 0 255 0 255 255 11 150 86 178 255 0
    255 255 0 255 0 255 0 255 0 0 255 255 255 0 0 255 0 255 0 255 0 255
    0 0 0 0 47 101 255 0 255 255 0 255 255 255 105 0 255 255 0 0 255 84
    255 0 255 0 0 0 255 0 255 104 255 0 0 255 255 0 255 255 0 255 0 60 0
    136 255 0 0 0 0 255 0 255 0 255 255 0 171 0 0 255 0 255 255 147 255
    255 255 54 255 255 0 255 0 255 0 255 0 252 0 0 255 0 255 0 0 0 255
    255 228 0 255 0 0 255 0 255 0 255 0 255 0 255 0 0 255 255 0 255 0
    154 0 0 255 255 255 0 255 4 0 0 0 255 0 255 0 255 255 255 51 255 0
    255 2 0 0 34 0 255 0 21 0 255 0 255 255 0 0 0 0 0 211 255 0 255 113
    0 255 255 0 255 0 255 0 0 0 255 82 0 255 0 142 185 0 0 255 255 255
    255 120 0 0 255 0 255 84 0 255 0 202 255 255 255 255 90 0 255 93 255
    255 0 0 236 255 0 0 255 0 255 0 255 255 0 255 0 34 0 18 4 0 255 255
    255 0 255 0 255 255 0 255 255 62 0 0 0 0 255 255 255 0 0 63 0 255 0
    0 255 0 255 255 211 0 0 89 0 255 0 255 0 0 0 230 87 255 0 60 0 255
    151 90 0 0 0 0 255 0 71 255 0 0 255 183 181 255 0 0 0 255 255 255
    255 155 255 0 255 255 0 0 0 255 255 0 255 140 107 255 0 255 0 255 0
    0 0 255 255 59 255 0 0 255 0 0 255 40 0 171 255 0 51 0 0 0 255 255 0
    255 0 133 0 176 255 255 141 132 255 0 255 105 0 255 0 0 0 255 255
    255 0 255 0 255 53 255 0 255 0 255 232 107 255 0 0 0 255 52 255 0
    255 0 0 255 0 18 209 0 255 0 0 255 0 255 0 0 255 0 255 255 0 255 0
    255 255 0 148 255 255 0 255 255 123 0 255 58 255 0 255 0 132 40 255
    255 64 255 0 255 255 0 255 0 112 255 155 0 17 51 0 255 245 0 155 255
    0 255 0 0 255 0 0 0 255 0 255 255 0 255 61 255 255 0 255 0 255 0 255
    117 255 255 0 0 0 255 0 255 0 254 255 255 0 255 0 255 255 0 0 0 255
    0 255 0 0 47 255 255 0 33 0 255 0 255 255 169 31 255 255 0 0 0 0 255
    174 179 255 0 255 0 0 255 255 255 255 25 64 255 137 0 0 0 255 255 0
    255 0 0 255 0 255 255 0 255 0 0 255 245 255 0 0 0 0 0 0 255 174 163
    255 255 255 0 255 255 255 0 0 255 163 255 0 255 0 255 0 0 255 0 0
    255 0 255 255 255 250 255 255 0 255 171 0 255 0 255 0 255 0 0 255
    255 172 0 255 255 255 0 8 0 255 0 255 0 255 255 0 255 0 0 255 0 0 48
    255 0 255 0 0 255 131 255 0 255 255 255 0 255 0 0 255 81 255 0 108
    255 0 206 0 255 255 83 0 0 255 0 0 255 87 255 0 255 255 0 202 255
    255 0 255 255 0 0 181 0 0 0 255 117 0 255 239 0 255 0 255 0 65 0 255
    0 0 255 255 0 95 255 255 0 255 0 255 255 255 0 170 0 255 0 143 255 0
    109 0 255 0 0 9 0 255 0 255 167 0 0 0 255 0 255 0 180 99 255 0 0 255
    0 255 0 136 255 0 244 255 0 0 255 33 255 0 255 0 255 255 255 241 63
    255 92 214 93 76 0 255 0 0 255 0 255 176 255 85 0 0 255 255 0 0 52
    255 0 237 0 30 0 72 0 255 0 255 0 255 0 209 249 165 0 0 255 0 255
    115 0 0 186 14 0 237 0 228 255 255 0 158 116 0 255 210 0 185 249 0 0
    0 255 0 0 255 0 255 255 255 253 0 255 0 11 255 0 255 0 114 0 0 58 76
    7 255 0 200 0 0 218 255 255 0 255 0 0 25 175 0 0 0 255 0 255 0 133
    123 41 0 255 0 52 255 255 255 255 131 0 255 0 210 255 0 0 255 255 0
    255 255 157 255 255 65 255 179 255 255 0 72 0 255 255 0 0 255 0 255
    255 203 0 255 155 0 90 255 0 149 138 0 121 0 255 255 0 0 255 0 255
    255 255 255 0 255 0 0 255 0 255 255 0 255 255 255 255 0 121 0 151
    255 255 0 88 0 255 0 0 0 255 255 171 0 255 0 0 255 0 255 255 255 152
    0 0 0 0 255 0 0 255 239 98 255 0 255 0 0 255 107 255 214 203 2 0 255
    0 255 0 198 31 255 0 100 0 255 255 68 0 76 0 0 255 255 0 255 0 255 0
    255 0 255 0 0 92 255 186 0 255 107 17 156 255 255 255 0 255 177 41
    255 255 255 0 255 0 137 255 0 211 31 255 253 255 0 0 0 175 201 0 29
    3 255 0 22 255 255 255 0 0 15 255 255 130 0 255 0 0 225 255 63 152 0
    163 191 0 0 0 255 0 131 255 0 255 255 255 0 0 255 255 255 0 36 17 0
    255 255 255 255 0 26 0 255 0 86 221 255 178 255 255 255 0 255 0 255
    48 255 0 0 95 0 255 0 255 0 0 255 0 0 255 77 0 0 255 255 255 0 255 0
    255 0 0 255 0 4 255 0 255 0 0 255 0 255 255 0 255 0 36 255 255 0 255
    0 157 0 255 255 0 255 255 255 0 0 0 248 193 0 37 0 255 111 0 255 255
    251 255 0 218 0 0 0 0 135 255 225 203 255 0 0 0 255 255 0 255 254
    151 0 255 0 157 255 255 255 255 255 255 0 255 0 68 255 255 0 255 0
    255 0 255 0 255 0 0 255 0 255 130 255 255 202 0 0 255 255 0 0 255
    255 0 0 0 255 241 255 0 255 255 159 255 255 0 0 0 99 0 0 255 0 255 0
    255 255 213 28 0 255 0 0 255 226 0 255 0 0 0 255 0 255 0 0 255 104 0
    0 255 0 0 255 177 0 255 255 101 255 0 0 255 46 255 0 255 64 173 0 39
    255 255 102 0 255 0 211 107 0 2 0 255 0 255 0 255 0 255 255 0 0 255
    255 255 0 116 0 255 255 0 249 0 207 0 255 0 0 255 0 255 27 0 255 255
    0 255 255 0 0 0 0 16 255 255 0 0 255 255 43 193 6 255 255 255 0 205
    255 200 255 0 0 96 255 255 0 0 0 0 0 0 255 0 0 147 0 0 255 0 255 200
    0 255 255 255 200 0 255 255 255 0 255 97 255 0 255 49 255 0 255 255
    255 255 0 255 0 255 255 255 255 255 0 0 255 255 0 0 255 0 92 255 255
    251 255 255 32 0 0 251 0 233 255 255 242 0 255 125 0 255 31 0 255
    255 0 32 0 168 255 0 0 255 0 255 255 255 0 0 23 0 255 85 0 180 0 255
    127 255 0 255 0 107 111 0 233 79 0 255 255 0 0 255 255 0 255 92 0
    255 255 0 255 105 255 255 255 255 0 255 255 0 255 255 255 255 0 0
    255 164 90 255 0 255 0 255 0 40 0 255 0 255 0 255 0 124 0 255 0 255
    0 255 0 136 255 0 255 255 0 255 0 0 0 0 255 0 44 255 181 0 255 0 0
    255 0 162 255 0 0 255 160 0 255 155 255 0 255 147 255 255 0 65 0 0 0
    0 150 255 0 0 255 255 34 15 255 255 0 0 84 255 255 255 0 255 0 0 255
    0 0 255 0 255 255 0 255 91 0 0 8 255 255 0 0 208 0 255 0 255 0 255
    255 212 82 59 255 255 120 1 0 255 0 255 255 0 255 255 0 255 255 0
    255 0 0 0 255 150 141 0 0 255 0 226 230 133 0 7 255 215 0 112 0 255
    255 0 255 0 255 0 255 255 59 0 37 255 158 255 0 255 134 104 255 0 0
    0 241 0 255 255 255 0 255 0 0 255 0 0 255 0 255 0 0 255 0 96 0 255
    103 109 255 255 195 255 255 0 255 255 255 255 0 255 0 255 255 0 0 0
    255 0 255 11 0 255 255 0 52 0 255 137 255 0 0 255 0 255 0 207 0 0
    255 0 12 255 0 255 0 0 255 158 100 0 0 0 255 255 0 55 255 255 0 0 59
    176 76 255 0 255 0 255 0 255 16 255 255 0 0 0 255 0 255 80 0 255 0
    255 0 0 255 255 255 0 255 255 101 219 0 255 0 0 255 0 0 255 194 255
    0 0 0 255 90 234 0 255 0 255 0 0 144 0 0 255 255 202 255 0 255 0 159
    0 0 20 0 172 149 107 0 255 0 255 255 255 255 127 0 255 0 0 255 0 255
    255 255 0 255 0 123 0 138 255 0 255 255 0 0 0 255 18 135 255 0 255 0
    2 255 33 255 253 255 0 255 0 0 0 255 0 255 142 0 255 180 0 255 0 0
    94 255 0 0 255 255 140 0 64 0 255 0 255 0 160 255 0 255 20 0 255 0
    189 0 0 161 255 0 59 255 0 0 0 119 0 255 255 255 0 255 0 255 0 255 0
    0 0 255 255 0 115 255 0 0 0 0 255 255 0 255 0 255 0 0 255 0 255 0
    255 0 150 255 0 255 115 0 255 0 255 255 0 0 255 0 0 0 255 0 24 0 255
    255 0 0 255 0 0 255 0 255 0 0 0 255 64 0 255 0 26 255 0 255 0 255
    128 0 255 255 229 128 0 255 255 96 255 0 0 121 253 224 0 255 0 9 0 0
    255 255 255 38 76 0 0 107 255 64 0 0 255 0 255 0 255 90 0 28 240 0
    147 255 255 0 255 255 200 0 255 255 255 0 255 0 247 0 185 255 208 0
    255 255 255 220 255 103 158 166 0 255 120 0 0 255 255 0 255 71 255 0
    137 0 0 255 0 102 255 255 0 0 255 0 43 0 255 0 255 0 0 0 255 84 0
    146 0 174 255 0 0 0 0 147 0 255 136 255 0 255 0 255 255 108 255 0 0
    191 0 0 255 0 0 255 255 0 255 0 255 0 255 255 23 255 0 0 255 152 0
    255 0 255 0 0 0 0 0 0 255 33 0 255 0 255 255 60 0 108 255 0 255 255
    0 255 0 255 0 129 126 0 255 76 255 224 255 255 255 0 255 0 255 1 255
    255 255 92 255 68 0 151 0 135 255 0 0 255 188 61 0 255 255 0 255 0
    255 156 0 0 0 255 255 0 255 255 58 255 255 0 0 255 0 255 255 255 0
    255 79 255 27 0 255 255 211 0 0 0 0 255 0 255 255 152 0 255 0 255
    105 0 0 97 255 0 255 0 255 0 255 0 237 255 255 0 82 0 255 255 255
    255 0 0 255 243 255 0 255 0 255 255 0 0 255 65 255 0 255 0 255 134
    255 255 0 0 0 255 0 255 0 193 255 0 255 0 255 0 0 0 0 67 163 0 255 0
    0 0 255 0 255 0 255 255 255 255 0 255 31 255 255 0 255 0 0 255 255 0
    227 0 255 202 0 255 0 255 6 255 0 255 143 255 255 0 255 255 255 255
    0 255 217 0 255 255 255 255 0 0 255 255 255 0 0 213 0 255 255 255 0
    255 176 255 0 255 47 0 255 0 29 255 0 0 255 0 255 62 255 0 255 136 0
    220 4 255 100 255 198 255 148 255 255 255 30 255 0 255 0 255 0 255
    130 255 0 255 255 0 255 255 192 0 101 0 255 255 0 255 0 255 0 79 255
    211 0 150 0 255 0 0 255 0 255 244 0 255 255 0 255 255 255 255 0 40
    255 255 3 0 255 85 0 75 0 255 0 125 255 255 55 0 255 0 255 0 255 255
    255 0 255 0 255 255 0 0 255 255 255 0 0 255 247 0 255 255 131 0 255
    0 255 0 255 255 0 24 73 255 111 0 198 255 255 0 0 255 255 255 0 0 0
    255 255 0 0 0 0 0 255 65 224 0 255 122 0 130 255 255 143 255 200 0
    255 0 255 0 0 0 255 0 255 0 0 255 51 0 255 186 255 79 96 255 0 255 0
    255 255 255 0 255 0 0 0 0 255 114 255 0 255 0 255 170 255 255 255
    255 0 255 0 255 159 255 88 255 225 0 0 102 255 255 0 216 255 255 0
    255 0 255 255 0 255 0 0 53 255 0 255 255 36 0 255 171 255 0 255 0 0
    216 255 0 236 0 201 0 255 166 251 106 255 0 255 255 0 118 0 136 0
    255 0 0 255 255 255 0 129 0 0 173 0 255 13 0 0 192 255 0 255 0 228
    127 120 229 119 255 255 0 255 10 255 0 255 21 27 0 255 255 0 0 255 0
    0 255 255 0 255 109 255 142 0 255 251 0 101 0 0 30 168 0 0 0 255 0
    84 255 0 255 0 255 255 0 255 0 255 107 0 0 255 0 0 2 157 255 0 0 255
    13 197 0 255 0 255 255 0 186 34 255 0 255 4 255 0 255 255 0 255 0
    255 255 0 0 112 0 255 255 0 58 255 33 65 0 255 207 0 255 255 255 0 0
    255 158 255 39 255 255 255 255 0 255 255 0 255 0 102 255 0 255 43
    255 0 255 29 255 255 57 255 0 255 0 255 0 255 149 0 255 0 0 255 0
    255 0 255 244 0 255 0 0 255 11 255 0 111 0 56 227 255 0 255 0 0 125
    0 0 255 255 255 0 0 255 0 255 223 0 255 255 255 252 255 0 0 0 124 63
    0 0 255 255 0 0 255 255 0 255 0 255 0 255 255 0 0 255 0 237 0 172
    255 255 0 0 255 255 45 99 255 0 0 255 87 255 255 0 0 196 192 0 0 204
    255 0 255 255 0 255 255 0 255 255 0 16 255 255 255 255 0 0 0 255 0
    255 255 0 0 255 0 85 255 0 255 158 0 39 0 255 140 255 0 0 153 0 0 0
    255 0 255 0 22 0 0 255 126 255 255 255 0 108 0 255 255 255 255 0 255
    80 255 0 255 0 0 255 205 255 255 219 255 214 255 177 60 0 158 0 0
    255 0 255 0 255 0 0 255 255 206 169 229 0 0 54 255 0 255 44 255 0 62
    255 0 255 0 213 255 255 255 255 0 255 67 255 0 255 177 255 0 255 0
    255 0 0 255 255 0 255 255 0 0 152 0 255 0 255 255 0 0 255 124 0 255
    0 0 0 0 0 255 221 124 255 255 40 0 255 0 154 0 0 0 255 255 0 255 0
    107 255 255 255 0 255 0 44 47 255 255 0 244 255 255 0 255 0 255 0 0
    255 0 26 255 112 255 0 255 255 181 0 0 17 0 19 25 255 255 0 0 255
    255 0 255 255 0 0 255 0 255 106 180 0 39 255 255 0 11 0 0 255 255 0
    255 255 255 0 255 0 0 255 255 74 255 52 137 75 255 0 255 255 0 255 0
    255 178 0 255 255 255 255 115 0 0 255 0 25 0 0 255 54 255 0 255 0 61
    255 0 255 255 0 0 0 255 0 255 255 255 149 255 0 0 255 0 255 236 0
    255 0 255 235 241 119 255 0 255 0 0 255 0 255 255 255 0 31 131 215
    255 0 255 0 0 188 0 0 0 255 255 0 0 255 255 255 255 0 255 0 163 243
    0 0 255 255 0 255 255 0 255 0 255 255 0 133 0 161 0 3 0 94 255 46 0
    255 141 0 255 238 0 0 255 0 255 58 34 134 255 255 0 0 0 255 43 255 0
    0 255 255 102 255 0 80 255 0 255 0 55 0 0 84 0 255 0 0 255 255 255
    181 255 219 0 0 0 255 0 0 255 147 143 255 0 255 0 0 255 0 255 255 0
    103 255 0 217 255 62 0 255 255 0 0 255 255 0 0 255 0 255 255 0 255 0
    255 0 0 255 243 0 255 0 255 105 0 241 255 0 255 255 0 0 255 255 255
    114 255 0 255 183 255 0 72 255 0 0 0 255 0 255 0 0 255 0 0 0 255 255
    0 88 0 0 0 225 0 57 255 0 44 255 0 255 255 190 0 255 109 255 174 0 0
    255 255 0 0 153 255 28 0 0 255 255 0 0 129 255 0 52 0 255 0 255 0
    255 0 255 0 255 255 0 0 255 164 105 0 0 255 0 255 47 0 255 0 0 255 0
    0 117 239 111 0 255 0 173 0 0 0 0 255 0 0 255 255 0 255 17 0 2 0 0
    255 0 0 248 255 255 255 0 255 0 255 97 255 255 0 0 255 255 233 0 0
    255 255 255 219 0 21 0 7 0 72 255 0 255 0 0 255 0 255 0 0 0 0 119 0
    255 255 0 0 30 0 255 0 255 255 0 255 0 255 0 255 101 46 0 255 0 255
    255 88 0 182 255 0 25 0 255 0 255 255 199 32 255 0 255 155 255 0 255
    0 0 0 42 214 0 255 0 0 255 34 0 255 49 0 255 255 0 0 255 255 0 255
    223 0 255 0 0 255 0 0 24 0 186 255 154 0 0 15 255 0 0 255 255 255
    255 0 255 0 255 0 252 0 0 255 255 255 0 255 81 255 0 0 255 70 0 255
    255 0 0 255 0 255 255 0 179 255 255 255 255 0 194 0 66 0 255 255 69
    210 0 255 255 255 0 255 230 0 76 1 0 183 255 0 255 0 255 255 255 216
    0 255 255 0 255 0 255 255 0 255 0 198 255 0 255 0 255 98 205 255 17
    0 166 255 255 0 0 0 255 255 225 36 0 255 0 255 255 0 255 255 0 255
    255 255 255 29 0 255 255 164 0 0 255 0 255 255 248 255 255 144 255 0
    179 0 0 0 255 0 255 63 255 255 255 255 152 47 0 255 15 0 255 0 255 0
    255 0 255 109 106 255 10 158 255 0 219 0 255 255 255 103 255 230 255
    0 200 0 186 255 255 255 0 255 0 0 255 255 255 0 255 0 57 255 188 202
    255 0 255 0 255 0 255 255 206 255 255 255 0 255 0 255 255 255 55 0
    96 255 255 107 1 0 0 255 53 255 255 0 0 255 0 0 255 255 0 226 255
    234 255 0 255 0 255 255 154 49 187 255 211 255 255 255 255 231 87 0
    0 0 0 255 230 0 0 0 0 21 255 255 0 255 0 0 250 0 255 0 0 255 0 0 255
    255 59 255 255 0 53 255 106 6 255 0 59 67 255 0 0 255 7 0 255 170 0
    250 0 0 255 0 130 0 0 0 0 0 243 0 255 34 248 114 255 255 0 255 0 0 0
    12 255 77 0 239 117 255 198 10 0 59 255 0 255 0 255 255 0 255 0 255
    255 255 255 255 0 197 103 255 255 0 0 0 255 222 0 255 255 0 255 255
    0 114 0 0 255 0 255 255 255 210 25 255 242 255 255 0 0 255 0 104 0
    255 0 255 78 0 255 212 0 255 255 255 0 0 0 255 255 0 255 255 0 255 0
    255 0 255 255 0 24 0 255 185 0 255 0 255 0 255 0 255 0 255 0 0 0 0 0
    0 255 241 255 126 255 0 255 255 0 128 0 149 0 92 0 255 0 0 125 255
    124 0 0 255 0 255 0 0 145 0 169 255 0 255 0 255 255 0 255 0 255 0
    255 0 255 62 53 255 255 255 255 140 131 0 255 0 255 0 255 255 116
    255 255 0 255 0 0 255 0 0 0 85 0 0 5 255 255 255 186 201 255 0 233 0
    255 0 255 0 255 0 255 255 230 37 0 255 0 88 0 255 0 255 255 0 0 255
    0 51 0 0 0 255 206 255 46 255 255 0 0 255 255 128 53 255 0 57 255 0
    0 98 255 255 255 255 0 255 255 0 0 0 25 0 255 254 255 0 255 0 255
    255 0 0 0 255 150 255 0 255 144 255 0 0 255 0 255 255 255 0 0 0 0 0
    128 255 27 255 0 123 253 255 69 255 0 255 0 255 0 0 0 102 0 6 255 0
    255 255 0 255 0 63 80 255 249 165 255 0 0 0 255 255 255 0 96 0 255 0
    109 0 0 0 255 0 255 0 255 108 0 0 202 0 255 0 255 0 191 0 255 255 0
    255 0 156 255 134 255 0 255 0 255 0 0 255 255 255 255 0 0 0 0 255 0
    0 0 0 0 255 0 255 0 255 61 0 0 255 0 0 255 255 0 255 0 255 0 61 255
    255 0 255 255 0 255 0 0 255 0 255 0 255 70 255 0 255 0 131 219 0 0
    255 255 3 0 0 255 201 0 255 0 108 255 255 150 216 255 0 255 255 97
    255 149 255 121 91 255 0 255 0 255 0 0 255 255 0 255 170 0 255 255 0
    255 0 0 0 255 255 0 0 255 0 0 71 255 0 255 48 255 0 0 0 255 255 10 0
    0 255 17 255 0 255 0 0 255 154 0 255 255 255 0 52 82 0 0 0 255 0 158
    0 0 255 155 0 255 155 107 66 0 32 255 173 0 0 255 255 0 32 253 181
    211 255 0 89 255 0 255 0 255 0 255 0 135 0 255 0 152 155 255 0 255 0
    255 0 219 0 255 255 255 0 54 0 255 0 133 255 11 0 0 255 22 255 0 255
    85 255 117 255 255 0 0 255 0 255 0 0 255 0 0 255 0 193 0 0 0 0 255
    178 255 0 0 255 0 255 232 255 0 255 255 0 169 0 0 255 0 255 255 255
    250 255 0 255 255 0 255 115 255 0 9 228 255 0 255 255 255 0 255 0
    255 130 255 0 0 255 255 255 0 0 0 255 0 9 255 0 255 255 0 0 255 255
    255 179 0 0 0 0 187 0 0 61 255 0 255 255 0 0 255 0 0 255 255 255 49
    255 195 255 0 255 255 0 0 255 137 255 0 0 255 0 0 0 255 0 0 255 0 0
    255 255 0 93 73 0 255 0 255 0 255 255 0 255 132 255 255 33 0 88 0
    255 0 0 0 255 0 46 0 255 238 12 255 0 0 145 255 19 0 100 0 123 255 0
    0 159 151 0 255 0 184 255 255 0 255 255 255 0 255 0 255 0 255 48 170
    0 0 255 0 164 110 0 105 129 255 26 255 255 0 255 0 255 255 255 0 234
    255 171 255 0 255 0 255 0 255 0 255 114 0 255 0 255 255 0 255 0 0 0
    255 0 255 0 0 255 0 0 255 255 255 0 0 0 255 0 0 255 255 56 93 141
    255 255 255 0 255 0 114 255 255 0 255 0 0 255 31 255 0 255 255 0 255
    0 0 255 0 0 0 255 242 255 255 255 0 255 255 0 222 74 0 95 255 255 0
    255 0 192 255 0 116 0 0 206 0 0 0 255 255 193 0 42 0 0 255 11 255 0
    255 0 255 0 39 191 198 255 0 0 255 255 0 0 0 255 0 255 255 120 255 0
    255 0 138 0 16 0 0 0 255 0 255 255 0 104 0 0 252 85 135 155 0 255 0
    0 178 0 255 255 0 255 255 176 0 255 0 255 0 255 97 0 0 0 255 255 0
    255 0 255 0 255 0 255 255 0 0 0 255 255 0 255 180 121 201 255 255 0
    210 0 7 255 0 255 0 255 255 255 255 114 181 0 255 0 22 241 242 0 0 0
    242 0 135 255 7 255 0 255 0 255 0 255 0 0 5 0 255 255 255 255 0 255
    255 0 0 221 0 0 0 255 238 0 182 0 255 0 155 233 0 255 255 0 0 255 0
    255 16 0 255 0 206 0 0 255 0 0 255 11 255 255 255 255 255 195 255 0
    255 0 0 255 255 0 255 0 94 255 255 0 255 0 0 0 0 0 255 99 0 0 255 0
    255 14 255 165 0 255 0 70 24 0 255 0 0 255 0 255 0 0 0 0 44 255 255
    0 255 255 0 0 153 255 255 0 0 209 0 0 255 255 0 255 44 255 72 228
    255 255 255 255 0 255 255 0 0 255 0 249 0 255 0 0 123 255 110 0 255
    74 255 0 255 255 255 255 238 255 0 255 151 0 255 0 255 0 255 255 255
    0 255 0 158 205 255 255 0 0 0 255 204 158 0 255 102 0 119 0 202 0
    255 46 255 0 0 0 255 0 0 0 0 0 255 255 0 0 48 255 255 255 0 55 255 0
    255 0 255 255 0 146 0 255 0 255 60 68 255 0 0 255 0 255 255 0 255 0
    255 0 0 0 255 255 0 255 0 255 0 255 42 0 31 0 255 255 0 10 255 20 0
    0 255 0 75 176 167 255 0 0 0 0 255 0 255 94 0 255 255 0 255 0 0 255
    0 255 0 255 0 255 255 0 0 255 85 255 255 89 0 255 0 0 255 56 255 0
    255 112 169 70 255 87 255 0 255 0 0 0 255 0 0 169 255 0 0 255 0 57 0
    0 255 0 255 0 255 151 0 255 0 255 253 39 0 255 0 255 0 255 45 255 74
    193 0 226 255 255 255 0 0 255 255 0 0 0 136 255 0 0 255 216 255 173
    69 0 255 0 255 0 255 161 0 255 255 0 0 18 242 0 0 0 255 30 0 255 255
    0 255 255 254 255 176 164 0 255 255 198 255 0 0 255 255 12 0 0 0 255
    0 3 25 255 232 255 52 0 255 28 255 0 255 255 168 0 255 0 0 255 0 91
    104 99 255 159 0 255 0 238 255 102 0 255 21 0 0 255 0 255 157 18 255
    53 0 0 255 0 180 255 255 255 255 0 169 255 255 164 0 0 255 255 255 0
    0 255 0 0 255 5 63 40 255 0 6 0 255 255 196 0 255 189 150 255 0 255
    255 0 255 0 32 255 30 0 0 255 255 0 255 78 255 185 24 0 255 0 255 0
    0 255 29 255 0 0 0 0 255 255 0 242 255 255 55 250 0 182 255 255 255
    0 255 255 144 255 0 250 255 0 222 255 0 0 0 255 8 255 0 0 0 0 0 255
    0 255 0 255 255 0 255 255 0 0 255 192 161 0 255 255 255 0 178 255 0
    181 255 255 228 255 0 0 114 83 255 200 151 0 255 0 255 0 75 255 0
    255 0 0 0 0 255 169 255 255 255 255 95 0 133 0 196 255 0 0 255 0 255
    255 255 0 0 255 255 255 0 0 255 255 252 68 255 255 160 155 255 0 0
    107 0 0 0 0 0 190 255 0 29 20 0 0 255 255 0 0 255 0 55 0 255 255 0 0
    0 0 0 0 0 150 255 255 255 0 255 197 0 31 72 255 12 255 179 20 255 0
    255 255 0 255 255 14 255 0 255 255 255 255 135 125 0 216 255 0 255
    80 0 255 0 0 0 0 0 255 255 0 62 109 0 255 255 137 119 0 255 0 255
    255 0 255 0 0 0 165 193 255 0 255 255 0 0 255 63 0 255 90 0 0 0 255
    13 255 0 255 255 0 255 26 0 255 0 255 0 255 0 255 255 0 0 118 193
    225 255 0 255 255 255 0 255 0 255 0 207 255 0 255 0 100 228 0 0 255
    255 3 0 125 177 0 182 255 0 255 0 0 0 255 0 0 255 255 255 234 0 0
    255 0 0 255 167 0 255 151 255 0 0 255 80 255 163 109 0 0 0 255 0 61
    255 0 255 255 255 88 0 255 46 255 0 0 255 0 123 102 2 0 255 255 255
    255 255 0 0 205 0 0 59 255 255 0 0 198 255 255 255 0 0 255 0 255 0 0
    0 0 255 255 174 223 0 0 255 0 0 255 97 0 255 255 0 255 0 255 0 0 255
    0 255 255 73 255 0 0 0 255 0 255 233 255 18 255 255 0 0 255 0 255 0
    255 0 0 255 255 0 61 0 0 0 0 255 237 0 0 255 255 0 0 255 0 0 0 255
    76 197 0 0 0 255 255 255 255 0 255 255 255 0 255 150 0 207 255 255 0
    255 0 255 0 0 255 95 0 0 255 0 0 6 13 255 0 255 255 0 255 0 0 0 255
    182 255 0 182 255 255 0 0 0 255 227 0 0 0 255 0 255 0 0 255 234 0
    255 0 255 255 49 255 255 255 255 0 0 255 3 255 0 17 255 0 0 243 215
    0 74 0 255 0 149 0 0 255 255 0 255 255 72 173 255 180 182 255 0 0
    255 97 129 0 255 255 0 255 0 255 8 255 0 255 0 120 226 50 255 0 255
    176 255 0 255 162 255 0 171 255 40 0 255 0 255 255 0 255 0 255 255 0
    255 0 0 255 0 255 70 255 171 255 0 127 0 46 0 255 42 255 0 13 0 0
    138 255 0 255 255 0 255 0 255 0 255 0 255 127 0 255 0 255 0 154 195
    255 0 189 0 0 180 0 255 255 255 0 0 255 0 168 0 0 0 255 0 255 255 0
    207 0 0 255 77 0 0 0 186 255 255 0 255 0 255 255 255 195 133 0 244 0
    170 255 255 90 0 255 0 255 5 157 255 255 0 255 255 255 0 255 0 0 255
    0 255 0 255 0 255 130 0 0 255 0 255 255 0 255 0 255 255 255 0 252
    255 240 0 255 0 0 0 0 255 255 12 0 217 255 255 109 255 0 255 255 0
    255 255 0 255 0 255 255 0 0 0 255 255 12 0 255 95 0 0 255 255 255
    255 255 0 43 0 233 0 255 0 255 255 0 0 208 255 103 255 255 255 255 0
    255 255 255 0 255 251 255 0 255 53 0 227 0 87 0 0 255 0 81 255 78 0
    255 0 0 148 203 255 0 255 255 255 0 255 255 49 255 255 0 0 255 0 255
    0 255 188 0 92 0 25 255 0 255 189 255 255 0 255 0 255 255 0 255 0
    255 255 0 60 0 0 255 232 0 241 0 68 0 255 255 0 0 255 255 255 9 255
    0 210 0 106 255 0 0 0 255 0 0 255 255 51 0 255 255 255 0 91 0 255
    255 10 255 0 193 5 68 0 255 12 0 255 255 255 255 203 76 255 0 0 255
    255 255 16 0 123 255 255 255 255 0 255 255 0 0 0 255 0 6 255 43 255
    255 0 0 255 186 0 8 255 0 0 94 163 255 0 0 255 0 76 255 77 255 0 255
    0 255 0 255 255 30 160 255 0 0 255 0 0 255 133 0 0 0 0 255 255 0 255
    0 0 255 255 78 255 52 255 0 255 0 255 56 255 255 0 0 255 241 0 0 255
    0 54 0 255 255 104 255 0 0 0 255 11 255 0 0 15 0 0 0 29 255 0 5 0
    163 129 141 255 2 0 0 0 255 145 0 0 195 255 0 255 88 103 255 0 255
    255 255 255 0 255 0 208 68 255 0 255 255 255 0 196 192 255 255 255 0
    109 255 255 174 255 0 212 0 255 140 0 255 255 0 255 0 255 0 255 0 0
    0 0 0 0 39 0 0 0 255 0 255 255 0 255 203 255 0 255 255 36 255 255 96
    0 0 255 255 2 0 0 255 255 164 87 0 233 0 0 0 255 36 255 0 255 0 255
    255 0 255 0 251 255 72 151 0 202 0 255 255 42 0 255 148 249 255 0
    255 231 0 255 208 255 0 255 255 0 117 255 0 255 0 0 0 255 13 51 0 0
    0 91 158 0 255 255 255 255 0 255 0 23 162 255 0 255 0 0 0 0 255 255
    0 0 255 0 0 255 17 246 255 251 0 109 255 255 255 0 6 255 255 0 246 0
    121 255 0 187 194 255 0 255 154 0 255 255 0 255 0 255 0 0 84 172 0 0
    255 255 255 169 0 153 255 0 0 255 255 255 255 248 0 255 29 255 0 255
    255 98 0 255 0 255 255 0 255 0 5 255 255 167 255 255 0 255 78 0 0
    255 0 255 255 255 70 255 0 72 255 255 255 0 255 0 64 0 44 255 30 0
    12 255 0 255 255 151 255 0 0 239 0 0 255 0 0 0 45 44 0 255 62 255 0
    255 0 255 255 0 255 255 0 255 255 34 0 255 255 0 255 0 255 0 255 255
    255 24 255 0 255 255 0 27 255 0 255 0 255 255 0 0 64 101 0 255 255 0
    84 0 203 255 255 0 0 255 255 184 255 255 0 147 255 0 177 255 202 0 0
    228 255 132 255 0 255 0 255 255 0 0 255 114 255 0 255 75 0 0 255 255
    0 0 255 0 255 0 255 0 255 0 255 0 141 47 255 0 0 255 0 255 0 0 133
    255 0 255 0 0 255 0 0 150 255 0 255 255 255 0 0 255 0 255 112 255
    255 255 197 255 0 0 255 0 70 0 255 0 0 6 0 85 0 255 255 0 255 0 255
    0 255 0 255 0 0 255 255 0 255 0 255 0 255 0 255 176 241 255 255 0 82
    0 255 0 216 255 32 255 0 213 255 50 132 255 0 255 255 0 255 84 0 210
    233 188 172 255 255 0 255 0 0 255 0 255 134 0 35 255 119 226 0 0 0
    244 33 0 0 255 0 0 0 255 0 255 255 89 0 226 255 255 0 0 255 255 0
    167 149 231 0 58 255 0 255 82 63 0 1 151 255 0 52 0 255 0 77 0 255 0
    0 255 0 0 154 103 255 0 0 255 255 255 0 0 0 65 141 255 0 255 209 0
    16 0 255 0 255 5 0 0 11 255 255 164 255 72 255 255 255 0 255 0 0 214
    255 0 123 255 255 211 255 0 255 0 255 0 0 0 255 0 110 255 0 0 255 0
    0 0 255 255 0 0 255 255 0 134 232 128 255 0 80 167 0 255 250 255 255
    0 0 255 181 0 255 255 0 255 0 0 248 0 0 0 255 255 0 255 255 255 0
    255 16 255 0 255 255 0 255 0 0 121 255 0 0 0 0 0 255 0 0 0 255 0 255
    0 255 255 138 0 255 0 41 255 168 255 0 255 255 49 0 255 0 0 31 0 0
    255 0 255 255 166 0 118 0 255 255 0 0 255 255 22 0 255 255 0 80 118
    206 0 8 255 255 0 137 0 0 255 25 143 45 255 72 9 0 255 0 255 0 255
    173 91 255 0 255 255 255 0 0 0 255 0 56 42 255 0 255 204 255 0 61
    255 0 197 0 255 0 0 255 0 0 91 42 255 231 172 255 0 255 255 0 68 0
    255 0 255 255 255 0 255 0 0 0 0 255 0 0 255 0 255 255 255 255 0 255
    0 255 203 0 0 255 255 0 255 0 255 255 0 255 0 255 255 0 0 255 255
    255 255 0 0 0 255 0 0 0 255 0 0 255 0 233 0 255 0 255 0 0 0 9 0 101
    255 0 0 255 255 255 0 0 255 0 255 0 255 49 255 0 255 255 255 224 0
    120 0 255 121 0 255 255 255 87 0 0 255 0 33 0 0 255 255 106 0 255 0
    255 0 255 0 255 0 38 0 255 0 0 0 255 0 51 0 255 0 0 255 0 255 255
    225 255 66 135 0 255 117 255 0 255 255 0 255 0 127 0 0 227 255 0 255
    0 0 255 0 226 255 0 0 255 191 28 255 255 0 255 0 255 0 129 0 255 0 0
    255 28 247 136 0 37 221 255 0 0 255 0 255 0 255 0 177 195 255 0 255
    0 0 0 160 255 0 255 255 0 255 0 0 255 0 11 255 255 0 255 0 0 255 170
    255 106 85 255 0 0 255 0 0 255 10 52 255 255 0 255 248 0 255 195 0 0
    0 255 255 61 0 0 255 0 0 255 236 0 0 0 0 4 221 61 0 0 0 116 0 0 0 53
    0 0 247 57 0 158 0 255 255 0 0 255 255 205 255 0 156 0 248 0 255 80
    255 0 0 255 255 28 0 255 0 255 0 255 137 255 0 0 255 0 255 35 39 0
    255 0 0 39 0 255 0 0 255 0 64 248 194 255 255 0 255 0 0 231 255 235
    35 0 0 255 0 0 0 255 255 255 0 255 255 255 0 0 0 255 0 255 0 255 0
    255 35 98 203 255 255 0 11 0 255 0 255 0 255 255 0 91 255 255 0 255
    255 255 255 255 0 255 0 255 0 255 0 93 255 255 255 255 255 0 0 199 0
    255 24 183 255 0 255 21 255 30 255 0 255 0 0 255 0 255 255 255 2 0
    255 186 249 255 255 255 133 0 255 0 199 255 104 0 255 0 255 0 190
    255 0 255 0 0 255 255 255 0 0 255 0 0 125 255 7 54 12 0 255 0 0 0
    255 255 255 16 0 255 0 255 0 255 0 255 0 0 0 255 168 0 255 0 0 255 0
    0 255 255 0 255 0 255 255 255 0 255 255 232 0 255 0 21 255 0 0 255
    255 255 255 0 255 255 255 0 255 184 255 255 255 72 255 0 255 255 255
    255 255 255 0 255 0 255 0 255 255 0 0 255 0 255 143 55 68 255 255
    255 0 255 255 0 142 255 184 0 247 0 255 88 255 255 255 255 0 107 182
    0 182 255 0 0 255 0 122 255 255 0 0 121 0 255 0 0 255 255 0 255 255
    0 0 255 0 255 255 66 255 211 255 0 255 0 255 0 255 0 255 255 0 255 0
    0 255 0 255 255 0 255 255 0 255 52 0 255 75 255 255 227 0 0 255 1 0
    255 144 255 0 194 80 255 255 255 0 0 0 255 0 255 255 0 35 189 0 0
    255 0 255 255 0 255 141 110 0 255 255 101 0 255 168 255 0 0 255 0
    255 0 255 0 0 255 0 0 0 255 32 80 74 255 0 255 255 0 0 255 0 255 0
    255 0 37 0 0 205 0 117 255 255 18 0 255 5 0 255 255 232 206 255 0
    255 255 34 255 0 0 0 196 0 93 255 0 255 0 0 255 76 0 255 255 0 255
    255 64 255 0 255 0 0 255 0 252 0 0 255 0 255 255 0 0 255 0 161 0 255
    232 0 255 0 255 0 83 255 10 255 0 0 235 255 0 0 0 0 255 0 0 0 255
    247 23 0 255 255 0 255 0 255 0 0 255 255 255 0 0 0 255 255 17 0 255
    0 0 0 255 0 255 255 0 93 0 78 0 187 255 100 119 255 55 0 255 255 0
    255 0 255 0 255 255 0 0 255 0 0 255 0 252 0 255 10 255 0 0 0 255 104
    152 0 255 0 255 0 255 255 0 255 0 0 0 255 0 0 255 0 255 0 255 0 255
    160 128 255 0 0 0 0 0 255 0 0 255 255 0 255 25 0 178 0 0 0 0 255 0
    255 0 0 0 199 0 183 0 38 255 0 255 0 255 0 0 0 255 0 255 247 255 255
    235 0 0 255 255 0 255 255 255 0 255 146 0 255 0 0 255 0 167 0 0 255
    56 255 0 186 51 255 231 150 0 0 255 255 8 255 255 0 0 0 255 133 0
    255 0 255 0 0 0 255 255 0 139 6 252 0 255 0 255 199 255 0 255 0 0
    255 0 0 255 0 255 0 255 255 3 0 197 118 255 255 0 255 0 255 0 0 76
    255 0 0 255 0 255 0 255 242 0 255 0 106 183 255 0 255 0 0 54 182 255
    0 255 255 255 255 0 0 0 255 255 255 0 255 0 255 0 23 36 0 255 0 255
    255 155 8 255 0 255 45 255 0 255 255 0 255 0 255 118 0 255 255 0 204
    234 255 82 0 35 0 255 0 255 0 255 0 0 191 0 0 0 255 0 255 0 255 0 0
    0 0 255 255 0 255 255 160 255 147 0 255 0 255 255 0 0 255 255 0 255
    255 255 0 255 255 0 0 255 0 0 0 145 98 0 0 142 255 0 255 0 0 255 0
    255 255 183 0 83 221 255 0 22 0 0 0 0 255 0 255 0 255 255 0 95 0 255
    255 243 0 0 255 0 255 0 174 0 210 31 0 255 255 59 255 0 255 0 148 0
    255 255 0 255 0 109 255 0 255 180 254 0 0 255 0 255 0 255 0 255 0
    255 255 0 255 0 0 0 0 0 255 0 0 255 0 255 0 255 255 236 0 0 244 255
    233 0 198 221 123 208 255 0 255 0 255 255 255 0 255 0 255 0 206 0 0
    255 240 219 0 255 0 255 0 255 255 255 255 0 145 255 0 255 0 255 0 0
    255 0 255 255 0 255 0 119 0 0 0 175 2 255 255 255 255 0 0 250 255 0
    0 0 0 255 255 0 0 255 255 0 255 0 185 0 194 255 255 255 255 55 239 0
    0 159 134 255 0 255 255 223 0 0 255 0 118 0 255 0 255 0 241 235 255
    255 255 0 255 0 87 0 255 0 0 255 0 255 183 143 0 255 0 0 255 0 219 0
    255 0 0 255 255 0 0 10 0 255 0 255 0 255 0 37 255 0 89 255 0 0 215
    255 0 239 61 210 42 255 0 255 0 255 255 0 255 0 0 0 255 0 103 0 0 0
    255 107 255 183 0 255 0 0 255 0 0 255 118 0 255 118 255 255 0 255
    255 35 181 0 255 0 0 0 255 236 0 83 0 255 0 28 0 255 255 255 0 255 0
    255 0 0 155 255 255 0 255 0 0 0 255 0 255 255 255 0 0 0 255 0 220
    255 104 0 255 0 192 0 0 76 255 0 255 237 255 0 255 255 0 255 0 0 255
    0 0 255 255 0 255 255 255 0 225 255 255 0 255 49 255 156 255 255 0 0
    255 0 255 0 192 255 255 255 161 0 0 255 163 255 0 0 255 0 255 0 0 41
    255 103 255 0 137 0 22 0 255 255 255 255 255 0 255 0 255 0 0 255 198
    0 151 58 255 0 0 0 255 39 255 0 255 77 255 0 255 239 0 0 255 0 255 0
    255 182 255 0 255 0 0 255 126 255 0 0 0 248 255 0 81 95 255 0 0 0 0
    255 0 0 164 219 0 0 0 181 0 255 0 0 255 139 0 93 255 136 255 0 255
    255 255 0 0 10 0 255 0 0 255 0 255 255 255 255 255 0 255 79 255 255
    0 255 36 0 0 226 0 255 217 0 28 255 0 255 0 255 255 0 255 178 255 0
    255 0 0 255 0 255 255 255 0 0 0 255 211 255 255 0 0 255 0 255 0 255
    0 0 0 237 228 158 255 0 255 255 77 0 255 255 255 0 255 0 198 0 188 0
    0 255 255 134 255 213 255 0 232 255 255 67 255 0 255 26 255 255 88
    255 251 255 0 255 200 89 0 255 0 192 0 0 133 255 255 255 0 0 255 249
    0 255 0 0 0 255 68 255 0 255 0 0 255 0 255 0 255 255 0 255 0 255 0
    255 255 0 255 159 255 0 255 0 0 0 79 0 180 255 0 255 255 0 255 255 0
    255 207 2 255 0 0 255 0 255 21 0 0 255 0 211 0 255 0 255 0 0 0 0 255
    109 255 50 255 0 255 255 116 255 255 255 24 139 206 255 0 255 0 0 44
    255 0 0 0 0 0 255 255 0 0 0 0 0 255 0 255 255 255 0 255 85 255 255 0
    255 0 255 0 255 17 255 13 17 50 0 255 255 255 66 21 3 77 255 0 255
    255 255 255 0 0 0 129 255 0 0 196 0 0 0 255 0 255 227 255 255 0 255
    255 0 255 0 255 0 255 0 0 255 0 255 135 255 255 138 0 255 73 255 255
    34 0 126 0 255 92 0 0 0 0 255 228 0 0 255 0 255 0 23 51 0 255 255 0
    196 255 0 255 0 0 0 159 0 0 255 0 70 255 0 255 0 171 174 134 148 0
    255 0 0 0 255 255 0 0 164 0 255 0 146 0 255 255 0 0 255 115 255 0
    255 0 255 255 0 255 255 154 255 0 255 255 0 255 0 255 255 0 255 0
    167 255 115 0 255 0 103 0 55 0 0 0 0 255 255 132 0 255 255 149 195
    255 0 255 255 0 255 0 255 0 0 255 0 0 255 0 246 147 0 73 0 255 0 255
    0 255 0 255 227 0 255 0 122 255 255 255 72 141 255 141 114 255 0 0
    255 255 0 0 0 255 0 255 255 255 0 0 255 255 0 12 0 255 255 200 0 255
    0 255 0 0 18 255 0 255 35 0 255 0 0 182 3 0 255 0 0 255 0 114 255
    112 121 255 255 0 172 0 255 0 255 255 255 8 176 0 255 255 239 0 255
    255 0 0 15 0 225 0 255 255 0 177 255 0 0 0 181 216 0 255 0 0 255 0
    202 0 255 160 0 156 0 255 0 182 0 255 0 255 0 255 255 155 0 0 255 0
    255 255 255 255 0 0 213 255 243 42 0 255 0 0 0 70 0 0 255 101 255 0
    255 255 242 0 255 255 29 0 126 0 255 0 0 0 248 255 0 0 255 255 255
    255 65 255 0 255 255 0 0 255 0 255 109 0 255 0 255 0 0 110 255 0 25
    255 9 0 255 0 0 156 0 255 0 0 255 255 0 255 0 0 255 189 131 0 255 0
    255 255 255 25 119 255 255 0 119 255 74 255 151 85 0 96 255 0 156
    101 255 0 255 255 255 71 240 0 145 168 255 0 255 255 0 255 255 252
    239 255 0 0 255 0 255 255 64 0 98 0 0 255 66 125 255 0 0 0 0 0 0 255
    50 239 255 0 255 0 255 0 255 0 255 208 255 82 0 255 253 0 0 255 255
    25 0 255 24 0 0 255 0 9 255 0 255 0 85 0 255 210 0 0 255 0 255 73 0
    255 33 255 0 255 0 0 255 122 131 255 206 0 0 255 0 255 0 255 89 221
    0 255 0 82 255 0 0 255 0 255 123 57 0 0 255 0 0 255 0 46 0 0 255 163
    255 0 255 255 0 255 252 255 101 0 255 0 0 255 79 255 0 255 255 255 0
    255 0 154 0 255 255 0 183 255 255 0 105 0 255 0 255 255 255 0 0 255
    0 0 255 84 255 0 65 54 140 255 255 153 0 255 0 0 255 5 0 0 255 255 0
    164 158 0 255 0 255 0 0 255 0 255 255 0 255 0 255 255 255 255 11 40
    255 0 255 161 255 255 255 0 103 77 21 255 0 0 0 255 255 255 255 64
    53 0 255 142 0 255 0 0 255 0 255 0 255 154 0 255 77 0 57 0 255 0 0
    255 0 255 0 62 0 255 0 116 12 0 255 0 87 0 0 255 0 0 160 255 0 255 0
    255 255 255 119 0 0 255 0 255 227 255 255 0 255 142 0 214 0 255 0
    255 0 255 0 132 54 251 0 255 87 255 0 0 255 255 244 23 0 242 0 212 0
    255 0 0 255 174 133 228 0 255 0 255 221 137 255 0 255 0 255 0 0 0
    255 0 0 0 61 0 255 0 255 0 255 0 255 0 98 255 255 0 255 129 0 255
    255 0 0 255 0 255 0 221 255 240 219 0 255 255 0 255 0 255 0 0 255 0
    255 0 255 0 133 255 0 0 255 255 0 0 249 170 255 0 255 0 255 0 190
    255 0 187 0 196 0 255 0 255 0 0 255 0 255 102 162 232 66 255 189 0
    255 55 82 255 255 110 249 255 139 255 0 255 0 255 0 255 155 255 255
    0 117 255 0 255 0 0 255 136 0 157 0 255 255 0 0 0 255 0 0 0 255 0 0
    255 0 255 0 190 255 255 10 255 167 255 0 255 0 255 0 255 255 255 53
    255 255 192 0 255 0 0 255 8 178 255 255 255 0 255 255 71 0 169 255
    75 255 167 147 0 255 0 255 0 255 130 0 255 0 255 255 0 255 255 0 255
    15 255 254 255 255 0 255 255 0 38 0 255 0 0 0 255 255 0 122 255 112
    0 255 228 0 0 255 0 0 255 81 51 0 173 255 255 0 255 0 166 93 0 255 0
    255 0 0 110 255 0 255 0 255 0 255 43 255 255 255 147 143 47 0 248 0
    0 255 188 255 159 0 255 0 255 0 255 222 0 255 255 0 255 0 4 0 255
    255 255 255 39 255 0 255 0 255 255 255 0 0 255 0 106 255 95 255 0
    255 255 122 255 0 255 0 58 255 40 255 0 255 0 255 255 219 77 0 16
    174 182 255 255 255 148 255 255 0 143 88 0 255 255 0 255 0 255 255 0
    255 31 229 0 218 0 255 255 255 0 255 109 48 0 0 255 0 255 255 0 0
    255 0 255 0 231 0 255 255 80 213 255 15 0 255 255 0 255 0 0 234 0
    255 255 255 0 255 0 255 255 0 255 0 0 0 0 0 0 0 255 218 0 61 42 0 0
    255 0 0 255 0 36 0 255 255 255 0 255 0 88 18 0 255 0 255 255 255 255
    0 0 255 0 140 0 0 255 255 255 104 231 255 34 0 0 0 255 0 0 255 0 166
    0 255 50 117 255 0 200 255 0 0 0 35 255 0 0 221 149 255 0 0 255 15
    255 174 223 0 0 255 213 0 255 0 89 0 183 255 0 0 0 102 255 255 255
    255 0 255 0 255 0 255 255 0 185 217 255 255 166 255 255 0 0 255 0
    255 255 255 19 150 255 0 255 255 0 0 79 255 255 0 129 255 0 255 0 41
    255 255 0 255 0 0 255 161 255 47 163 0 255 0 0 255 173 167 255 120
    255 0 45 0 255 0 255 255 255 0 255 0 255 255 62 255 0 54 255 52 255
    207 0 0 16 255 0 0 0 255 0 255 184 0 0 255 0 222 0 255 0 255 0 255 0
    255 255 0 0 208 255 0 255 255 0 255 255 255 196 22 255 255 0 0 124
    64 0 255 0 255 233 197 183 143 0 255 0 255 47 149 255 0 255 0 255 0
    255 0 137 0 255 255 0 77 211 118 255 0 255 255 0 255 0 255 0 255 255
    33 255 43 0 76 255 0 255 0 255 255 0 255 0 255 0 255 15 0 0 0 238 0
    159 251 255 0 0 255 0 0 0 0 133 255 57 0 255 36 255 170 29 21 175
    255 255 0 255 0 0 255 255 0 255 132 255 255 0 255 255 255 0 255 0
    255 0 255 94 58 132 255 255 0 255 0 0 255 255 255 255 0 255 0 255 0
    0 255 0 0 255 0 255 199 84 0 255 0 255 255 0 0 0 255 255 255 255 220
    0 57 0 255 4 255 255 0 164 255 0 255 255 47 34 185 255 0 0 0 255 255
    195 0 0 0 255 255 0 255 26 0 255 255 0 255 190 0 0 255 88 0 255 0
    255 0 255 0 255 0 0 251 0 255 255 255 0 255 0 140 255 255 0 0 255 0
    0 255 255 255 0 255 172 255 0 192 255 255 255 44 255 0 255 0 255 48
    255 0 198 0 255 0 133 0 83 255 226 255 0 255 0 191 0 255 0 255 0 255
    0 255 255 39 0 0 0 255 255 255 0 0 109 255 0 148 0 255 1 0 0 255 255
    38 0 0 155 255 0 87 255 255 0 228 255 0 0 228 0 255 50 0 255 0 255 0
    255 207 0 255 143 255 3 255 227 0 0 255 255 255 0 255 81 255 255 0 0
    255 0 0 255 0 0 146 154 0 255 255 206 0 255 255 0 0 255 0 0 255 255
    72 255 212 255 255 172 255 0 255 0 255 0 217 118 57 255 255 255 208
    106 255 255 0 0 255 0 255 61 0 215 0 0 255 255 51 0 255 0 255 170
    146 152 0 255 255 255 0 0 255 0 0 0 255 242 0 0 255 0 0 255 0 255 0
    255 0 0 177 0 46 255 117 0 255 0 255 0 255 0 255 195 0 255 255 255
    255 0 255 0 0 255 255 0 255 255 39 255 255 0 255 0 255 0 255 0 255
    60 253 255 255 255 0 0 255 0 255 255 0 255 0 77 220 255 255 0 255 0
    255 0 123 255 0 0 255 0 0 255 0 130 0 180 206 0 6 0 255 200 197 0
    255 0 117 255 255 255 222 0 53 142 0 255 0 255 0 255 255 255 0 36
    255 0 0 255 255 255 52 255 0 255 0 255 0 180 212 255 0 0 255 255 255
    255 255 0 255 193 0 255 0 255 76 91 255 151 255 255 255 255 28 186
    255 0 255 255 0 0 226 255 255 0 255 0 0 0 255 0 0 0 0 255 0 255 249
    0 0 255 255 0 0 255 52 255 237 0 255 195 0 15 0 0 0 0 255 0 255 255
    241 255 255 0 255 0 82 255 0 255 0 255 255 0 255 255 0 255 0 175 193
    0 0 0 255 181 0 255 0 0 0 255 0 0 255 255 0 255 0 255 11 181 255 255
    0 208 0 255 255 0 255 0 26 255 0 211 164 255 255 0 128 0 255 0 0 0
    255 255 255 255 0 0 221 255 0 255 0 255 255 0 255 0 233 79 160 0 255
    0 255 255 0 0 255 0 0 139 75 0 255 255 0 255 0 255 255 0 237 0 255
    20 0 255 255 0 255 255 0 64 0 0 255 255 255 215 0 255 255 0 0 255 0
    255 0 0 0 0 255 11 0 255 0 0 140 255 255 0 255 246 0 255 6 255 255 0
    0 147 255 255 255 0 198 0 255 94 255 0 0 90 255 0 255 255 255 0 255
    0 255 0 255 0 228 102 0 137 168 102 0 129 0 255 0 31 255 9 0 0 255
    255 255 0 0 255 0 255 0 0 63 0 255 0 0 140 6 0 3 0 0 0 0 0 224 9 255
    0 255 255 255 147 255 255 49 0 255 0 255 255 0 243 255 0 255 0 0 255
    0 255 0 175 255 0 0 218 255 255 0 0 0 204 0 0 0 255 255 0 255 0 91 0
    0 255 100 0 255 0 0 248 0 22 255 0 59 0 228 0 255 255 255 0 33 255 0
    46 255 0 255 0 121 0 0 195 0 255 199 0 255 0 0 17 200 97 0 0 255 0
    190 255 0 255 255 0 0 255 0 0 255 0 116 0 0 0 0 197 0 115 0 255 199
    0 255 255 0 0 255 0 0 0 255 0 255 109 255 255 255 0 0 255 0 0 0 0
    255 97 213 255 255 0 0 255 0 255 0 255 0 255 0 0 0 255 0 0 255 23
    255 0 255 75 0 11 0 199 0 255 255 0 255 27 196 255 0 0 255 255 0 0
    255 0 255 166 0 34 128 255 0 0 255 0 0 255 0 255 30 255 179 255 255
    0 157 0 0 0 58 255 0 255 0 143 255 255 255 0 255 0 255 255 255 255
    207 255 0 255 255 156 255 0 255 0 199 36 0 255 0 255 0 255 158 18
    255 0 117 255 0 33 186 0 102 255 0 255 201 0 255 0 255 0 21 0 255
    255 236 197 0 141 0 255 0 255 0 255 0 255 0 255 255 255 0 0 255 255
    0 13 0 255 0 255 0 255 0 0 0 255 255 0 255 0 255 255 0 0 117 228 226
    255 200 28 250 0 0 0 0 0 255 0 0 0 255 0 255 190 0 0 122 255 0 0 255
    0 255 0 255 0 0 255 0 255 0 255 0 0 0 255 0 255 0 0 0 0 255 0 255 0
    59 255 0 255 108 232 158 255 0 255 255 255 0 255 0 0 0 255 0 255 255
    255 0 255 0 255 0 0 0 227 255 0 255 255 255 255 0 0 255 0 0 255 255
    255 22 0 56 98 255 27 255 243 0 0 165 255 0 255 244 255 255 0 255
    143 255 0 0 190 133 255 0 247 193 255 0 255 0 255 255 255 38 255 0
    255 19 0 255 0 0 8 0 255 137 255 255 0 0 0 0 0 255 255 0 255 0 255 0
    255 255 0 255 0 114 0 0 255 0 255 255 0 0 0 0 0 255 4 255 0 130 0 0
    0 255 255 0 0 255 198 255 255 255 0 0 255 255 255 255 0 255 255 103
    0 0 255 255 0 255 78 0 81 255 255 29 0 255 255 63 115 255 0 47 58
    255 0 255 0 128 255 39 0 255 70 255 0 255 255 0 255 0 255 0 0 255
    255 0 255 171 0 255 0 72 0 0 255 255 0 0 255 167 255 255 0 255 255
    100 255 95 0 0 255 0 0 0 97 255 255 255 0 255 255 0 255 0 255 255 0
    255 0 0 0 255 0 255 255 34 255 0 0 255 255 0 0 0 255 0 255 148 209
    255 79 255 255 166 255 0 0 174 249 255 255 82 12 255 255 0 255 0 0
    255 255 5 0 255 40 210 255 0 255 255 0 0 0 255 255 0 122 255 255 0
    53 255 255 0 255 0 255 57 255 184 28 0 255 65 255 0 100 255 88 255 0
    0 0 255 0 255 255 0 0 255 255 0 255 255 0 0 0 169 255 0 0 255 0 255
    175 202 0 245 255 228 0 0 255 0 255 0 255 0 0 175 0 0 255 82 255 35
    255 0 94 255 0 255 255 255 0 0 255 0 255 255 0 255 14 0 77 207 255
    255 0 255 255 127 255 190 68 255 0 62 255 0 124 116 0 255 0 222 57
    255 194 255 0 0 255 66 255 255 0 255 255 0 255 228 170 122 221 0 255
    0 112 255 0 255 86 255 0 255 255 0 0 255 0 179 255 0 255 255 0 255
    255 0 109 0 255 255 199 27 255 216 255 31 255 0 0 255 28 0 255 255
    255 0 0 60 21 0 255 255 0 255 27 255 109 0 255 0 255 255 0 255 255 0
    255 255 103 0 249 0 255 0 255 255 0 70 0 255 11 0 0 255 0 255 0 34 0
    255 0 0 0 0 0 0 255 255 255 0 255 60 0 244 0 255 0 0 255 255 255 0 0
    15 255 0 255 81 0 196 255 0 0 0 255 255 9 0 0 0 255 255 0 255 255
    255 80 255 0 189 94 255 0 255 229 255 0 0 0 0 0 0 197 255 255 0 0 0
    255 255 255 0 52 0 202 0 255 255 178 255 0 255 0 255 0 0 255 255 255
    0 255 0 255 0 0 255 0 148 0 0 255 0 255 245 0 199 0 230 255 255 0 0
    255 255 0 255 0 46 0 255 0 255 255 0 255 255 0 255 0 255 0 0 0 255
    252 255 0 0 163 255 255 93 63 255 0 194 255 255 0 230 0 255 0 255 0
    0 0 23 113 2 255 238 0 0 0 0 0 0 191 255 255 0 255 0 0 0 255 0 0 255
    0 255 109 255 0 0 255 0 255 106 0 255 0 0 0 7 0 255 0 255 0 255 255
    255 0 255 255 0 93 255 0 255 139 0 17 255 255 198 255 0 255 120 0
    196 0 0 1 0 246 35 24 131 255 0 0 255 0 255 255 0 0 255 0 255 0 255
    96 255 206 255 255 247 0 192 255 255 0 155 255 255 104 255 255 255 0
    255 255 0 255 226 255 0 255 0 0 75 255 0 255 165 0 255 0 255 255 0 0
    255 255 255 0 0 132 255 255 255 0 255 255 189 0 0 0 149 255 0 163 0
    255 0 255 251 255 255 255 0 255 169 0 233 0 140 255 255 0 4 0 255 0
    255 0 0 255 90 255 122 255 255 255 0 87 0 255 0 0 0 255 0 0 255 255
    255 255 0 255 255 0 255 255 0 0 255 255 0 255 255 255 255 0 0 255
    255 179 0 255 0 255 0 101 0 214 119 248 255 255 0 255 69 0 22 255 0
    255 255 130 0 255 203 0 0 255 35 255 0 255 0 115 176 0 224 0 229 255
    0 255 0 102 255 179 255 255 156 255 34 255 0 0 255 0 255 255 255 0
    255 255 0 255 0 0 255 0 255 0 0 205 104 41 0 160 0 255 0 255 0 0 0
    255 0 119 0 255 0 2 255 255 0 0 0 0 255 0 255 0 255 0 0 255 255 0 0
    0 255 255 43 214 0 255 3 255 0 156 255 255 96 255 0 255 255 0 207
    255 0 255 90 0 0 255 146 255 0 245 0 0 0 255 0 0 255 0 0 255 0 75
    255 176 0 255 230 0 255 0 55 0 186 0 255 255 255 0 0 255 0 48 130 0
    0 255 0 255 255 0 255 0 255 36 0 255 255 0 0 154 255 0 0 255 0 255
    255 0 194 0 0 255 99 250 106 102 255 0 107 0 255 0 0 0 66 255 255
    255 255 255 0 255 52 255 0 255 255 0 255 0 255 255 201 0 235 0 0 255
    0 255 0 125 0 255 255 0 0 53 0 255 0 255 77 0 255 0 0 0 255 0 255 0
    255 0 89 255 0 0 204 191 0 255 0 255 0 255 0 240 255 0 0 0 0 141 140
    220 255 255 255 0 255 255 112 0 201 255 0 0 255 0 66 0 255 255 186
    236 255 39 255 0 255 255 255 120 0 0 255 255 0 255 255 0 0 255 0 255
    0 0 71 255 255 156 255 0 255 82 255 0 222 255 255 99 167 255 0 255 0
    255 0 255 255 12 0 0 255 0 255 0 85 255 23 0 0 24 255 71 0 92 0 0 48
    255 0 0 255 255 255 0 0 255 0 0 255 0 255 255 0 0 87 0 255 255 0 76
    0 243 0 255 255 0 255 0 255 0 255 0 255 18 255 255 0 0 0 255 255 0
    255 19 0 255 0 255 0 255 255 0 255 255 65 255 0 250 255 255 0 255 0
    0 75 0 255 0 196 255 255 0 0 255 255 0 255 0 114 255 0 0 255 0 0 0
    255 0 207 34 255 0 255 0 255 0 0 92 0 255 0 129 255 0 255 255 255 0
    255 255 255 228 255 0 255 255 255 0 253 255 255 0 255 255 255 0 210
    255 0 255 255 0 255 0 0 255 148 255 0 255 0 255 21 0 25 255 0 0 255
    177 0 255 154 0 0 255 0 0 255 255 0 255 255 0 255 0 255 90 0 0 0 255
    0 0 0 255 0 240 39 255 255 246 255 255 0 0 252 0 255 82 0 0 45 255 0
    255 176 228 0 0 92 0 255 0 255 0 255 0 255 0 255 0 255 255 142 122
    220 152 255 0 255 0 255 255 0 0 255 0 255 0 255 0 255 149 255 255 0
    0 255 0 0 0 255 138 0 255 0 255 0 0 255 0 255 0 255 255 0 0 0 255 0
    255 0 154 0 255 255 0 0 244 0 148 11 0 255 255 57 255 0 255 0 255 0
    255 0 0 255 0 255 0 255 255 255 39 255 255 255 255 255 255 255 82 0
    255 0 255 0 0 0 255 0 0 255 0 255 0 255 0 255 0 152 215 0 255 0 255
    255 0 255 178 0 66 164 0 255 0 0 255 152 255 255 0 0 0 0 255 0 0 255
    0 0 60 255 0 255 255 0 225 0 0 222 0 255 255 0 0 209 0 250 255 0 255
    0 255 222 255 255 0 11 24 1 76 3 169 101 57 0 255 0 89 255 255 0 223
    255 0 0 236 0 255 184 0 177 255 0 53 255 0 70 255 0 255 0 255 81 0
    255 255 0 255 255 0 255 255 0 255 0 0 160 255 0 255 255 0 198 0 76
    94 255 0 255 255 0 255 0 240 255 255 0 0 255 0 0 255 0 255 160 255 0
    255 0 0 255 113 33 255 0 0 0 93 255 0 0 0 206 0 255 0 255 105 0 255
    125 255 255 27 0 0 0 255 0 255 255 255 0 255 141 255 255 0 255 0 255
    24 255 0 0 255 255 0 0 0 255 8 52 49 0 255 0 255 0 255 0 232 255 255
    244 255 11 255 0 0 255 255 0 0 255 0 0 39 255 0 169 0 76 0 0 0 0 255
    0 0 233 0 0 255 255 0 255 0 0 255 0 255 255 0 255 61 255 255 0 255
    255 0 255 172 0 2 177 251 0 255 255 0 0 255 209 0 255 236 0 255 255
    0 0 0 127 255 255 255 0 255 0 166 255 255 0 0 0 255 0 0 255 0 255
    255 0 255 0 99 255 0 0 255 255 255 255 255 255 73 0 0 255 255 0 180
    255 0 0 255 0 255 0 0 0 255 0 0 255 255 0 255 255 0 25 255 188 0 255
    0 255 0 255 255 0 184 255 106 255 255 0 255 0 21 149 0 255 255 0 255
    255 255 255 0 255 212 0 255 255 255 26 16 255 62 128 255 0 255 221 0
    255 0 4 220 255 0 255 255 255 255 0 67 0 255 255 0 0 255 66 255 5 0
    255 255 0 0 0 57 255 255 0 255 0 177 187 145 0 255 244 0 0 11 255 0
    255 0 255 255 0 255 67 0 255 255 0 255 255 255 87 255 0 255 255 0
    255 0 255 255 0 255 0 255 255 0 255 255 224 0 255 93 0 255 0 0 255 0
    255 255 0 34 238 255 114 255 28 255 0 79 239 37 0 255 6 255 255 0
    255 104 157 0 27 255 0 212 255 0 3 0 0 0 0 255 0 111 224 0 255 0 255
    0 255 255 146 255 0 0 124 255 0 209 255 0 0 255 0 255 0 255 0 0 255
    0 255 0 255 0 0 239 0 255 0 0 0 255 255 184 255 255 0 255 0 151 255
    0 255 0 194 0 228 0 187 0 255 0 0 13 255 255 255 255 255 0 0 255 255
    0 255 0 255 0 0 121 32 255 0 0 255 0 0 116 89 255 0 255 0 255 0 198
    0 0 255 0 255 0 169 0 255 50 255 0 0 255 0 255 197 0 0 255 255 0 0 0
    87 255 0 138 255 0 255 255 0 255 0 0 0 79 255 255 0 0 0 255 134 114
    6 115 255 0 0 255 0 255 4 255 255 0 199 196 0 255 255 255 0 255 0 78
    0 255 0 255 35 255 255 255 0 93 255 240 82 255 0 255 172 0 255 255 0
    0 255 255 197 0 0 0 0 0 255 122 0 255 0 255 0 255 255 0 28 5 0 0 255
    0 255 255 255 255 0 255 0 255 0 255 0 255 0 255 0 255 0 201 255 255
    255 255 0 255 255 0 0 255 0 255 84 0 255 255 0 255 0 255 0 0 255 255
    18 255 0 255 255 0 193 255 0 255 255 0 220 73 255 255 0 255 0 255
    255 228 255 0 255 0 0 0 190 0 0 255 227 0 73 115 206 255 255 0 0 96
    255 255 255 0 0 0 0 0 0 255 255 0 255 0 0 255 255 255 212 22 255 255
    0 255 255 5 255 0 0 0 84 0 255 0 222 0 255 255 0 255 0 0 255 255 255
    0 0 255 179 255 0 132 255 203 124 99 0 0 0 255 213 255 0 255 0 127 0
    255 0 0 0 0 11 0 0 255 255 56 0 255 154 105 0 255 0 0 255 0 255 0
    255 0 255 0 255 0 0 255 0 255 0 255 200 0 98 255 255 0 255 255 0 255
    0 224 0 0 255 0 255 159 0 158 255 0 255 153 255 0 0 77 0 52 255 103
    0 0 211 255 0 173 255 204 0 255 0 147 0 255 0 255 0 181 0 255 255
    255 255 0 255 255 255 0 51 255 80 255 255 0 3 0 228 255 0 255 0 0 0
    132 255 0 255 0 255 96 255 255 255 0 215 145 255 0 255 255 0 255 0 0
    255 0 0 255 59 255 0 0 255 114 0 0 0 217 0 93 30 185 255 0 255 108
    255 255 0 244 255 0 0 255 0 0 197 0 0 0 0 255 176 156 255 29 255 181
    255 0 255 0 255 255 0 255 255 0 255 0 0 255 100 0 255 255 255 177
    255 233 255 255 0 213 255 255 255 0 96 0 162 255 0 0 255 20 239 0
    255 0 0 255 0 255 0 255 39 181 255 0 255 110 255 255 0 255 0 80 107
    167 0 255 0 255 0 0 255 0 255 255 131 0 197 62 0 0 151 0 174 255 0
    255 255 75 255 255 253 92 0 1 255 241 0 255 0 0 10 255 255 86 255
    179 0 255 0 255 12 0 255 255 145 0 255 0 255 0 95 0 255 0 255 0 255
    0 255 191 0 255 8 255 0 0 0 255 26 0 0 255 0 108 255 0 255 255 91
    255 255 0 0 255 0 255 49 0 0 0 255 0 175 0 0 255 255 0 223 0 0 0 71
    0 0 0 255 0 42 33 0 255 0 255 255 102 255 255 255 0 255 255 0 255 0
    0 127 0 0 0 0 130 0 255 255 0 110 255 255 0 156 157 167 0 255 255
    255 0 255 255 255 0 231 255 121 255 18 54 173 255 0 255 0 0 255 255
    0 0 135 255 168 138 0 255 255 0 255 0 255 0 145 0 255 0 229 255 0 0
    250 0 0 255 15 0 16 52 0 255 0 0 255 255 0 0 0 255 0 129 0 0 0 255
    255 255 0 0 0 255 190 255 255 255 0 255 0 255 0 255 0 146 255 0 255
    0 255 64 255 255 255 0 0 255 255 0 255 255 0 255 67 255 0 0 172 255
    0 0 215 172 255 0 255 255 0 0 255 255 255 255 0 150 255 0 0 255 0
    255 11 0 0 255 255 0 0 255 0 255 255 0 20 255 0 115 0 0 255 0 255
    165 0 255 0 161 211 134 0 255 0 181 74 255 0 0 0 0 0 255 0 0 255 84
    0 0 255 81 255 255 255 255 255 0 22 255 0 0 255 255 0 255 109 12 255
    255 0 255 255 0 203 0 127 255 255 0 255 10 0 255 0 255 0 255 255 255
    0 255 239 0 249 0 255 255 21 0 0 255 255 255 0 255 0 12 175 255 0
    255 255 127 255 0 193 255 0 255 0 0 0 0 0 0 255 255 0 80 0 0 0 167
    119 0 190 255 232 255 0 236 0 255 0 236 0 0 0 255 195 255 0 255 0
    255 255 255 190 96 0 0 0 255 255 36 255 0 255 0 255 0 111 255 255 0
    255 0 255 220 255 255 255 255 0 255 255 255 106 0 0 255 0 35 255 0
    255 0 255 133 0 255 0 0 255 255 0 0 0 208 145 174 255 248 0 255 0
    255 0 0 66 181 12 0 255 255 0 255 44 0 91 0 94 255 0 255 83 255 215
    42 255 255 2 0 0 255 0 0 255 255 52 0 255 255 164 17 255 69 255 110
    166 255 255 0 232 255 255 0 194 211 255 0 74 0 25 182 255 19 0 255 0
    255 171 112 0 255 91 0 129 195 0 255 235 255 0 255 43 255 0 0 0 255
    146 0 255 0 255 0 0 255 255 0 0 179 179 177 255 255 0 255 255 0 255
    255 255 255 13 255 59 0 255 0 255 255 0 0 255 0 255 157 255 220 255
    0 0 0 255 0 255 255 163 255 255 255 255 255 0 0 137 136 255 255 92
    255 255 0 255 0 0 255 0 255 140 255 0 183 255 0 255 255 0 255 0 0
    255 0 255 1 255 0 255 255 255 0 13 0 255 0 255 0 255 0 255 255 255 0
    255 0 170 0 255 0 224 0 113 0 114 255 255 0 252 255 255 0 255 255 0
    255 103 0 169 161 0 255 0 0 246 72 0 0 255 0 0 255 255 255 87 255 0
    255 255 90 0 255 0 255 255 0 0 255 0 0 255 0 255 0 255 0 45 0 222 0
    255 0 17 0 0 255 0 255 0 255 255 0 255 0 255 153 174 202 255 0 0 255
    43 255 0 255 255 72 0 0 0 255 255 0 255 0 0 0 255 0 0 255 0 25 255 0
    178 255 255 0 163 0 255 0 255 0 163 0 255 0 109 101 238 142 0 255 0
    255 0 255 222 255 0 255 255 71 0 255 255 0 0 0 255 0 255 0 75 0 169
    76 0 168 66 89 0 0 0 252 255 0 0 48 0 0 172 255 0 0 255 255 255 0
    136 0 74 255 0 255 0 0 255 0 255 0 255 0 0 0 154 255 0 79 0 0 255
    255 255 0 255 0 255 0 0 0 255 0 255 0 0 247 255 255 189 255 0 255 0
    255 0 0 255 6 0 255 162 255 67 180 255 255 41 0 255 0 0 0 0 255 0 99
    43 255 124 0 232 0 9 255 0 255 0 255 0 255 0 255 0 255 201 255 255
    255 0 0 255 255 17 0 0 255 158 255 0 255 255 0 158 133 0 0 0 156 0
    255 0 255 0 255 152 0 0 147 255 255 0 0 255 0 255 255 78 180 255 0 0
    255 70 255 0 255 0 0 255 255 255 0 255 0 0 255 255 158 255 0 0 0 240
    255 56 255 0 121 0 95 244 255 155 248 0 79 0 255 0 255 0 240 0 0 255
    255 0 255 0 0 0 255 255 0 0 220 0 255 0 75 0 0 0 255 0 255 0 0 84 0
    255 0 79 0 255 255 107 231 255 0 255 0 28 0 255 0 119 134 255 0 0
    255 228 0 82 255 255 0 255 254 255 255 0 205 255 0 255 255 217 255 0
    255 0 255 255 196 0 0 0 0 0 44 0 255 0 0 128 0 255 0 255 255 0 0 0
    255 0 251 255 0 140 255 255 0 0 20 255 0 0 233 0 255 221 150 207 255
    0 0 255 43 0 162 206 0 168 255 255 0 0 130 255 255 0 0 255 255 255 0
    0 255 255 255 210 248 0 255 255 154 0 0 255 0 255 0 255 0 255 255
    119 255 0 255 0 255 0 255 0 0 33 0 0 0 173 61 92 0 255 0 221 0 255 0
    255 0 16 198 0 0 255 0 255 255 255 201 255 255 255 255 0 255 0 255 0
    255 0 255 255 0 255 0 0 255 255 0 255 0 0 195 0 34 11 255 255 0 255
    191 0 219 255 255 0 255 0 255 0 255 0 255 255 0 162 0 255 193 255 0
    255 170 255 255 255 143 94 0 255 0 0 254 0 255 0 0 255 0 255 255 255
    0 255 0 224 79 255 251 255 232 255 0 255 255 242 0 255 255 0 255 255
    255 0 255 0 0 0 255 0 255 0 0 0 255 0 255 0 0 93 0 255 255 255 255
    67 0 135 255 0 0 151 255 255 146 0 255 0 255 255 0 255 180 255 0 255
    255 0 255 55 255 255 255 255 0 255 255 255 255 255 0 255 0 236 0 255
    0 0 255 0 255 255 0 0 0 255 162 0 255 255 0 0 0 255 255 137 150 73 0
    255 0 255 255 255 0 255 0 0 218 46 255 0 0 255 8 213 0 0 20 255 0 13
    0 126 255 255 80 255 0 255 255 255 0 122 0 255 0 0 53 0 0 0 255 255
    0 255 0 255 255 0 255 0 255 0 255 255 0 255 0 0 255 255 255 161 11
    255 0 221 255 0 0 0 255 255 255 0 0 255 74 0 255 0 0 255 0 0 255 0
    255 0 255 255 0 120 255 0 255 0 255 255 255 182 255 0 255 0 219 0
    255 0 255 255 0 255 0 255 255 221 0 0 255 0 255 0 0 0 0 0 255 0 0 0
    0 223 255 0 255 0 255 255 0 255 0 0 255 0 151 29 255 0 255 0 255 222
    235 181 0 255 255 0 255 0 194 0 255 246 92 0 0 255 166 117 255 255 0
    255 0 0 255 255 0 255 255 255 0 255 255 254 40 46 9 27 255 0 255 173
    255 0 152 0 255 0 255 66 0 0 255 0 255 0 255 0 255 255 0 255 0 0 0 0
    0 0 0 0 255 255 0 0 246 0 255 0 255 213 189 252 255 0 255 0 0 0 255
    255 0 255 255 191 0 0 255 0 235 255 0 167 255 0 255 0 0 255 0 255
    255 0 255 0 19 255 72 0 255 150 255 0 255 255 255 16 0 0 147 0 212 0
    0 255 166 255 255 0 222 0 0 59 0 255 241 55 0 255 0 255 0 255 116
    118 0 80 174 255 26 0 255 255 0 255 0 0 255 0 255 249 255 255 255 0
    0 255 0 0 255 0 255 36 161 255 255 255 0 0 0 0 0 0 255 0 0 255 0 255
    0 184 0 0 138 0 0 255 0 0 0 255 157 0 255 255 255 0 255 255 0 0 255
    255 207 255 0 255 0 255 255 255 0 0 133 14 255 49 0 181 0 255 0 255
    255 14 0 0 239 0 255 255 0 255 0 255 234 0 255 0 255 173 168 0 255
    255 0 255 0 0 189 255 249 0 255 5 0 255 77 255 0 193 255 0 0 255 124
    0 255 255 0 115 255 0 255 0 0 255 0 5 255 14 255 28 0 0 73 83 0 255
    0 255 0 255 44 0 255 0 255 0 255 255 0 255 205 255 4 255 8 149 68
    255 255 255 255 0 3 197 174 0 255 0 0 255 255 219 255 0 0 255 0 114
    255 0 255 0 0 255 0 255 0 0 255 255 255 0 137 0 255 172 195 255 0 0
    0 255 0 255 0 174 101 255 0 255 255 0 255 222 0 255 0 255 114 220 0
    15 116 255 4 255 0 0 0 255 255 0 255 0 255 0 0 255 255 255 0 0 186 0
    132 0 255 0 255 255 0 43 255 0 0 183 0 255 0 0 0 255 0 0 255 0 255
    84 80 0 255 26 255 182 211 255 0 0 255 0 0 255 16 255 0 0 0 255 0
    255 0 255 0 255 142 62 0 255 0 255 0 255 0 255 0 0 255 255 153 0 255
    255 0 125 224 255 255 0 214 2 255 0 255 0 0 255 0 255 255 23 255 46
    0 255 0 0 114 255 255 114 255 255 0 255 255 255 0 255 255 0 255 0
    255 255 0 255 231 219 132 146 229 220 255 255 0 255 255 133 199 9 0
    0 255 0 156 0 0 51 255 0 153 255 0 255 255 255 255 185 255 67 0 255
    0 255 0 0 46 255 255 255 26 0 0 255 97 0 0 255 0 255 0 255 0 0 255 0
    255 0 14 0 255 255 250 0 0 207 0 255 0 44 255 0 0 0 173 255 0 255 0
    0 255 255 0 255 0 0 255 0 255 0 141 0 0 255 0 255 255 0 119 0 255
    255 0 255 0 0 0 255 0 255 137 0 255 0 255 0 255 241 0 255 0 0 255 0
    255 0 110 0 255 255 0 255 255 255 165 0 255 255 255 255 44 255 161 0
    255 0 255 0 0 0 255 91 0 255 255 0 255 0 255 0 0 255 180 121 0 255 0
    255 255 0 255 0 255 255 0 255 0 255 0 0 0 255 255 0 33 255 255 255 0
    255 0 255 255 0 217 0 228 0 0 8 0 255 0 0 130 0 0 0 0 157 255 0 255
    0 255 0 255 255 145 255 255 255 0 0 0 0 255 255 255 0 152 174 211 0
    0 0 0 255 0 249 0 249 255 66 0 219 255 255 0 255 0 0 0 255 0 255 255
    0 255 10 255 255 222 255 0 0 255 20 30 0 255 0 255 255 0 255 0 66
    255 127 0 255 0 255 0 255 0 255 255 150 255 0 0 146 0 255 255 0 255
    0 63 114 255 255 255 0 255 0 255 255 0 255 255 97 135 160 19 0 255
    255 0 255 255 0 0 202 255 244 255 255 0 0 0 0 255 0 150 0 255 0 11 0
    0 255 0 0 255 255 254 22 255 23 0 84 0 255 0 0 0 88 255 129 14 255
    255 0 0 0 255 0 255 255 0 0 255 0 255 255 180 174 102 255 0 255 170
    0 157 0 255 155 0 255 255 80 0 255 0 0 0 79 0 255 255 45 255 0 0 0
    255 38 0 232 255 255 255 0 255 180 0 255 229 0 255 255 0 0 255 0 255
    183 0 186 255 0 255 255 192 255 0 255 255 217 27 186 255 0 71 255 0
    66 0 255 12 255 255 255 255 0 255 4 255 255 0 252 157 218 255 204 0
    0 250 255 0 0 255 0 0 255 255 255 75 0 255 255 0 255 255 225 255 255
    181 255 39 0 255 0 255 255 0 0 70 59 0 255 204 255 0 0 158 255 243
    227 0 196 0 255 55 0 255 0 255 255 219 0 255 0 0 255 0 0 255 0 255 0
    0 0 255 0 255 0 255 0 65 0 0 255 83 0 255 156 255 0 0 255 73 0 255 0
    91 0 0 255 0 106 0 0 0 0 194 255 0 0 0 255 0 0 0 255 0 0 255 121 64
    255 0 255 62 0 255 0 255 0 0 255 255 255 255 208 0 255 255 0 105 0
    255 0 157 255 152 255 255 0 0 255 255 0 255 255 120 137 0 0 255 255
    0 255 244 183 255 255 0 255 255 0 143 46 67 0 255 20 255 255 247 89
    0 0 4 0 255 0 99 0 0 255 179 255 255 0 255 0 0 255 0 255 0 255 241 0
    0 0 0 255 0 255 0 255 173 0 0 0 0 255 30 0 0 0 255 0 255 79 0 255
    255 150 0 255 255 0 50 7 255 255 255 0 0 255 255 0 170 0 255 0 10 0
    0 255 0 255 0 255 0 0 199 0 178 255 0 145 255 135 49 255 0 255 255 0
    123 168 0 0 0 255 0 255 0 255 142 255 255 0 255 0 255 117 0 255 0
    123 255 0 255 255 255 81 0 148 0 255 0 0 255 0 255 0 0 255 0 255 0
    255 0 138 255 240 158 0 0 0 0 255 189 255 89 255 0 255 0 255 255 0
    162 255 255 255 0 0 0 255 0 255 0 255 255 255 182 0 255 0 0 255 179
    255 255 0 255 74 255 0 255 14 255 255 57 100 255 0 255 0 0 0 129 255
    255 129 0 255 19 255 255 173 0 255 255 0 148 255 0 22 0 255 0 255
    255 0 255 0 0 0 41 255 219 255 0 255 0 32 255 255 81 255 255 0 9 0
    204 6 255 0 75 255 206 255 0 201 211 83 0 255 2 0 255 0 0 255 0 255
    255 0 255 255 255 255 0 255 0 255 255 0 0 255 0 255 0 255 0 255 0 83
    255 255 74 208 0 255 0 67 255 0 99 158 0 255 0 0 255 0 0 0 255 255
    255 186 92 255 0 48 255 255 222 255 60 0 71 255 0 255 255 0 148 205
    137 0 255 0 255 255 243 255 0 0 255 100 255 0 0 76 150 0 232 255 0
    255 226 0 255 0 255 0 255 0 255 0 255 0 255 255 255 249 0 118 255
    255 255 255 0 255 0 255 0 255 50 255 0 27 255 255 0 255 0 255 255 0
    255 0 255 0 255 255 10 0 255 255 25 255 255 255 0 219 0 0 255 0 255
    0 36 255 0 255 0 0 231 255 0 255 0 139 151 0 0 0 255 0 255 80 255 0
    41 0 255 114 255 54 0 125 255 0 255 202 255 18 10 255 0 89 221 255 0
    0 255 60 156 255 0 212 0 0 196 255 0 255 255 77 255 83 144 0 230 198
    255 255 0 17 221 255 190 0 55 255 255 0 197 255 0 255 0 0 90 255 0
    255 30 255 0 0 255 255 255 0 255 255 0 255 255 0 255 0 0 0 255 0 255
    201 255 0 0 79 0 0 255 0 255 0 0 255 255 101 145 229 255 255 0 255 0
    255 0 255 143 64 55 0 255 255 0 98 62 255 52 205 0 82 255 255 240
    129 0 0 13 255 0 0 255 0 255 0 0 0 255 255 152 255 0 48 255 255 240
    255 255 255 255 255 0 255 106 255 0 49 42 0 255 212 16 0 255 0 134
    222 255 0 0 0 255 255 0 255 83 0 255 255 0 255 0 129 19 60 255 0 227
    255 0 0 0 255 206 255 0 255 28 255 255 0 0 255 0 0 64 255 6 255 255
    0 0 192 59 42 217 255 70 255 0 0 255 0 255 255 206 255 0 0 0 162 255
    255 0 0 255 0 255 255 255 0 255 0 48 255 28 255 26 255 0 56 0 255
    255 255 0 255 0 255 255 0 0 64 55 255 0 255 244 255 0 0 255 0 255 0
    0 0 255 255 228 0 255 255 0 255 255 0 0 0 255 0 143 255 0 255 0 255
    0 255 0 0 160 255 86 228 255 255 255 255 0 255 255 255 0 255 0 255 0
    0 97 255 218 14 82 0 0 0 255 162 0 255 0 255 14 167 84 0 255 0 255 0
    255 52 255 0 255 255 105 0 255 226 124 194 0 0 0 0 0 208 125 0 255 0
    255 0 255 0 0 0 0 255 255 0 255 0 255 255 217 0 0 129 142 255 255 0
    0 255 255 255 0 255 165 0 255 0 255 111 0 255 255 0 255 0 0 0 0 6
    255 0 176 0 255 0 255 255 0 255 123 28 255 0 255 0 0 255 255 127 194
    249 255 0 0 255 93 255 0 189 0 255 255 0 255 0 0 0 255 255 255 193 0
    17 255 0 255 0 255 0 255 201 255 255 221 0 0 255 0 255 255 135 198 0
    0 0 255 0 255 0 190 0 0 22 0 0 234 50 255 0 0 196 255 255 0 50 28 0
    255 251 110 255 0 14 255 0 0 255 0 0 0 17 119 0 255 0 255 0 0 68 255
    255 255 0 0 255 0 255 17 255 0 255 186 255 43 255 193 255 229 210
    255 6 0 0 255 0 255 255 255 0 255 54 0 0 0 0 127 255 49 0 78 0 255 0
    255 194 0 0 255 139 0 255 0 0 255 0 171 51 135 170 0 255 255 255 91
    0 0 0 255 0 0 255 0 255 0 255 0 255 106 255 185 107 0 26 0 15 255
    255 0 0 255 0 0 255 255 0 255 0 255 0 255 0 255 255 0 255 238 255
    183 0 255 0 255 255 0 0 255 0 255 224 0 255 0 255 0 0 0 0 0 255 0
    255 0 55 0 70 0 255 65 0 255 255 0 0 255 0 118 0 0 183 0 255 255 255
    0 255 157 0 255 70 255 255 255 88 0 0 255 0 169 255 0 255 255 0 221
    0 255 0 255 0 255 255 0 255 0 108 0 0 255 0 255 0 255 255 0 255 0
    255 0 255 255 177 0 251 0 255 26 101 233 255 255 255 0 255 0 255 255
    255 238 0 255 255 255 0 255 0 255 0 255 56 234 255 0 0 255 0 119 0
    255 249 0 255 255 255 255 222 203 0 0 255 244 255 0 0 255 255 255 0
    0 255 0 255 0 255 0 39 114 255 119 0 255 0 0 255 255 204 255 255 0
    255 255 0 0 255 0 255 115 0 255 151 30 196 255 16 255 0 86 0 255 255
    0 0 255 255 255 255 255 0 255 255 164 255 0 121 0 255 0 0 176 255
    255 255 0 69 60 255 255 91 0 255 0 255 0 0 255 0 0 113 0 255 128 0 0
    255 255 255 255 255 171 0 0 255 255 255 0 0 255 243 0 23 255 255 0 0
    255 15 0 255 0 0 255 0 255 255 0 255 255 0 255 0 0 255 0 125 255 255
    0 255 255 0 0 217 255 0 255 255 0 0 156 255 0 255 255 255 0 255 255
    0 81 0 255 216 0 255 202 0 0 117 0 0 255 255 0 255 244 0 0 255 0 255
    255 255 252 255 255 0 0 0 2 0 199 255 0 255 0 255 130 255 0 0 55 0 0
    255 255 0 0 255 125 0 0 255 0 255 0 255 84 255 0 0 0 60 0 0 255 152
    0 0 255 0 0 255 255 0 65 15 194 0 0 23 255 0 0 24 255 0 255 255 255
    0 0 0 255 0 159 255 0 215 255 0 48 0 255 255 255 255 0 255 0 128 204
    204 152 19 255 0 255 0 255 0 0 255 0 255 113 255 0 255 74 255 0 56
    240 255 255 0 255 0 255 0 0 0 255 255 0 0 167 255 255 0 0 255 0 189
    0 255 255 0 255 0 255 255 0 255 105 204 0 255 255 0 46 219 255 0 255
    255 0 255 0 255 0 255 174 255 255 0 255 0 255 184 92 105 93 0 0 255
    0 78 255 255 136 255 0 255 0 255 0 0 255 255 0 255 0 0 0 255 255 0 0
    123 18 255 15 255 0 255 255 0 255 0 79 0 255 0 255 202 204 0 0 255
    99 0 0 16 0 126 255 255 255 255 0 0 54 255 255 0 0 25 255 0 255 0
    196 72 0 255 255 255 0 208 75 0 255 0 255 0 255 0 0 95 255 0 255 255
    248 164 255 0 255 255 0 0 255 0 255 0 255 255 255 178 0 255 0 255
    122 255 255 0 0 0 0 255 0 0 255 255 0 91 255 114 0 0 0 255 255 255 0
    0 255 159 248 198 0 47 0 255 0 0 255 0 255 255 0 50 255 255 255 0 0
    255 0 78 115 0 255 0 179 0 0 0 0 0 255 0 244 0 0 0 0 255 102 255 0
    255 0 255 255 0 255 0 157 0 255 0 255 255 0 162 90 0 0 0 0 255 0 0
    255 255 0 255 0 255 255 0 0 0 0 0 0 0 255 0 0 0 226 0 0 0 244 255
    248 155 255 255 0 255 0 255 95 26 255 0 255 173 0 255 255 145 4 78
    255 0 0 255 0 0 239 89 0 255 190 0 255 55 0 255 0 85 188 255 0 90 0
    0 255 255 0 255 4 180 243 255 255 104 0 255 0 255 0 255 255 0 255
    255 0 255 255 255 0 162 255 0 0 0 255 0 255 0 0 255 255 48 0 255 0 0
    0 78 0 20 255 0 255 0 255 255 0 255 0 255 255 170 0 0 178 0 0 0 0
    255 255 163 197 255 0 255 0 255 0 0 0 255 32 0 195 0 255 255 0 0 255
    255 255 0 255 0 255 0 255 0 0 0 255 255 0 255 255 0 255 255 0 255
    255 0 255 0 0 230 0 249 171 0 255 0 0 255 195 255 177 255 0 0 0 255
    0 0 0 0 255 255 0 255 0 255 189 0 0 0 0 95 255 255 36 0 255 255 23 0
    255 255 0 255 255 255 0 212 62 255 0 0 255 0 255 0 255 255 0 59 0
    222 0 94 0 216 0 255 196 255 0 0 183 0 255 0 255 0 255 255 255 255
    229 0 37 255 255 0 0 0 255 255 4 255 0 255 0 0 255 0 0 0 255 255 0
    148 255 0 255 255 0 0 255 0 0 255 0 0 255 244 255 0 255 0 239 255
    220 0 57 255 0 255 70 56 0 206 73 0 255 0 255 255 255 255 198 255 0
    255 237 0 0 255 255 0 255 255 0 255 255 0 255 0 0 255 0 9 105 0 0
    255 0 79 255 0 0 136 42 255 0 255 0 0 64 255 239 165 255 56 0 255 86
    255 0 0 255 0 255 0 255 104 255 0 255 0 0 255 255 70 16 255 255 0 39
    255 255 93 0 255 255 255 222 255 255 0 255 255 0 255 0 245 0 255 0
    255 96 160 0 0 255 255 191 0 255 0 48 255 114 0 255 0 229 197 255
    255 255 23 113 48 255 255 0 255 255 0 252 0 0 0 255 0 255 0 255 255
    255 0 0 255 255 0 0 149 255 0 255 255 242 0 255 0 0 255 0 195 129
    255 142 0 228 0 0 0 255 255 109 0 255 117 20 255 67 0 255 0 210 255
    0 255 113 255 255 0 147 0 0 0 255 0 255 0 0 0 255 0 255 0 86 0 255
    255 0 237 0 0 255 0 179 0 255 255 194 150 113 230 255 255 73 255 0
    255 0 0 0 255 111 0 255 99 0 23 124 198 0 130 0 255 255 0 0 255 0 0
    0 249 0 255 17 204 255 255 255 255 49 255 255 0 0 0 14 232 255 0 0
    255 0 0 242 255 0 255 0 106 48 26 255 0 0 255 0 0 0 255 255 255 0 67
    255 0 226 255 255 253 1 204 255 0 255 87 217 255 0 255 0 255 255 0
    255 0 255 255 255 255 119 156 0 255 39 0 0 255 255 0 0 255 0 255 0
    11 255 255 18 0 113 255 34 0 255 255 0 0 0 0 255 0 255 0 128 0 255
    157 0 255 255 49 255 0 255 255 255 0 255 255 0 0 255 0 220 0 0 98 0
    255 0 255 0 0 87 0 255 255 0 255 255 0 255 255 55 255 255 0 73 255
    255 0 255 250 173 0 0 255 0 0 255 0 255 0 255 0 255 3 255 255 0 255
    87 255 0 255 255 0 201 0 255 227 255 0 255 0 229 0 255 0 0 0 255 0
    255 0 255 0 0 255 0 241 255 0 255 0 0 40 0 255 0 138 0 0 255 255 0 0
    255 255 156 255 0 255 255 45 61 255 0 255 255 0 198 255 0 33 204 255
    22 105 201 0 255 255 0 255 255 0 255 0 0 255 255 255 255 0 255 255
    114 0 72 0 255 255 0 0 255 0 255 0 255 0 255 0 0 255 0 255 0 255 102
    0 255 0 255 255 0 255 0 55 255 22 0 255 0 0 0 255 0 20 255 0 255 68
    0 0 255 0 64 0 255 227 0 255 0 0 255 0 255 0 214 0 168 9 87 0 70 110
    255 255 0 255 0 0 255 72 255 146 255 0 0 255 0 0 66 0 255 255 1 0
    255 255 255 199 0 32 255 0 0 255 255 0 134 255 0 0 255 255 154 255 0
    0 255 133 255 0 255 45 0 255 255 0 255 255 223 64 89 255 0 255 255 0
    0 0 0 0 255 0 0 55 80 131 0 255 0 255 0 255 0 255 102 251 0 0 0 0 0
    255 212 255 0 255 238 0 255 0 255 0 0 140 255 0 255 0 255 0 18 255 0
    0 255 37 71 255 255 107 255 0 17 65 0 16 0 225 255 0 0 229 0 255 25
    0 255 0 255 0 255 255 0 255 0 255 255 255 0 124 0 255 255 246 156
    249 209 0 169 0 255 0 0 255 255 255 255 0 241 0 255 0 0 255 0 255 0
    255 0 255 255 0 206 0 0 255 0 0 0 255 0 255 0 0 255 0 155 42 0 171 0
    255 255 255 255 0 0 0 252 255 0 227 0 255 0 255 255 0 255 0 63 0 255
    0 255 12 255 21 0 111 0 201 255 0 255 255 0 255 255 179 77 255 0 255
    182 205 0 255 229 255 255 252 255 0 255 0 255 0 0 255 70 0 0 84 217
    11 255 0 0 0 255 0 255 0 0 255 48 75 135 0 0 150 63 0 255 0 0 255 0
    208 0 255 0 255 255 0 193 0 0 255 0 0 134 81 0 255 0 255 255 0 0 255
    0 172 255 0 255 0 255 0 255 55 255 255 255 255 58 0 116 255 0 255
    255 0 0 255 255 0 34 205 2 0 255 204 255 255 255 255 255 255 95 0 33
    245 0 255 0 129 255 0 146 0 0 149 0 255 0 0 194 96 255 255 0 255 0
    255 12 255 0 0 255 0 255 255 0 181 255 255 255 255 0 255 0 58 0 255
    255 243 255 255 236 0 0 217 255 0 0 0 255 16 0 255 0 255 0 255 0 255
    255 0 0 255 0 255 57 147 72 255 255 255 255 0 255 0 255 255 0 77 0 0
    255 0 0 255 204 255 255 195 0 255 0 255 0 255 0 0 0 255 0 255 0 141
    255 255 0 255 99 0 255 0 0 0 255 0 0 0 255 255 255 255 0 124 0 0 255
    0 255 37 0 255 0 32 255 0 0 37 0 255 0 255 89 0 255 255 0 0 0 255
    176 0 255 0 255 255 12 0 51 0 255 255 0 255 0 25 255 255 255 0 255
    251 255 255 255 0 255 0 255 0 255 0 44 0 255 0 48 102 255 0 255 0 0
    122 255 255 255 0 255 0 0 255 0 255 0 0 153 255 182 0 255 255 255 0
    255 0 255 165 0 1 0 255 255 43 0 255 255 0 0 0 255 58 255 0 255 0
    255 197 0 255 0 0 0 255 0 0 158 255 88 255 0 0 255 0 0 255 0 0 255
    116 171 255 255 23 255 0 255 255 27 0 127 0 0 70 104 255 0 255 0 0
    255 0 255 244 0 125 255 0 197 92 255 255 0 65 0 61 0 0 255 53 0 255
    86 0 255 208 0 255 0 0 0 71 138 0 255 0 255 170 255 255 0 255 204 0
    0 122 0 0 76 123 255 0 170 68 255 84 255 0 255 0 255 255 42 0 255 0
    35 255 255 255 255 255 0 255 0 59 12 0 255 0 0 255 0 0 184 255 255
    255 255 0 255 255 9 0 255 0 255 0 255 0 0 208 0 255 0 255 0 0 0 194
    255 0 255 0 255 0 255 255 67 255 0 0 49 255 182 0 0 255 42 255 0 255
    226 255 0 255 0 230 0 97 0 255 0 255 0 0 255 0 119 255 0 255 0 168
    255 255 0 0 255 0 0 98 0 0 255 102 84 15 255 42 255 0 0 255 255 100
    0 180 255 0 0 0 255 13 0 255 255 0 101 0 181 255 0 255 0 255 0 0 0 0
    255 167 113 118 130 20 0 255 65 131 255 255 0 197 255 0 0 255 0 0 22
    255 0 255 0 0 131 220 0 255 0 112 168 0 255 0 0 50 255 254 1 136 182
    0 255 0 255 100 255 255 0 0 0 255 255 0 0 0 0 0 255 255 228 0 255 32
    0 255 0 104 255 0 0 164 0 141 255 254 245 255 255 255 54 98 255 13
    255 224 0 255 128 0 0 255 0 150 255 0 255 31 255 0 0 91 219 240 255
    255 0 14 255 65 255 0 113 255 0 255 255 234 255 0 255 0 255 0 0 3
    255 0 171 255 0 0 114 0 255 0 255 194 0 0 127 0 255 255 0 0 255 255
    0 136 255 255 0 255 0 29 0 0 255 125 0 0 255 64 255 0 0 255 5 255
    255 0 255 0 172 0 255 0 255 0 255 0 77 0 26 0 184 255 0 255 0 4 122
    255 0 0 255 0 105 255 0 41 0 255 255 0 255 0 0 232 164 255 0 255 255
    57 250 221 0 0 255 0 251 255 0 111 0 255 0 255 22 0 231 255 0 255 0
    128 94 0 14 75 142 0 255 0 255 0 0 0 255 0 0 119 0 255 255 0 255 0
    255 160 0 255 0 0 0 255 255 0 79 0 90 0 45 255 0 255 132 255 0 255
    255 0 255 255 223 0 0 255 115 255 0 0 0 255 0 255 90 0 255 26 255
    255 255 0 255 0 0 203 255 84 255 255 0 0 255 0 255 255 0 255 0 255 0
    0 255 0 152 108 58 0 0 255 0 0 255 156 0 245 0 142 255 0 0 0 255 197
    255 0 0 245 0 255 0 255 255 255 0 0 0 233 255 0 0 255 0 0 0 255 165
    0 0 255 0 255 0 255 0 255 0 59 0 255 0 0 255 0 255 82 0 255 0 255 0
    255 0 255 0 255 255 0 0 17 255 0 255 0 60 130 0 20 255 255 0 255 255
    11 162 241 255 0 255 0 0 255 0 96 0 94 255 255 0 0 0 0 255 0 255 0
    255 0 0 255 0 0 255 255 255 141 255 0 195 230 217 0 0 255 41 0 255 0
    0 0 255 218 255 0 255 0 255 255 0 0 217 255 0 255 0 255 255 0 98 0 0
    255 255 71 255 0 255 255 0 255 255 255 0 255 0 75 255 110 255 109
    255 0 0 236 91 255 255 255 0 255 255 255 0 0 134 0 248 140 255 44
    187 241 0 255 255 0 0 0 255 0 255 0 0 0 255 111 211 255 0 255 255 0
    255 0 231 255 0 255 255 0 255 0 0 255 0 255 116 255 72 0 255 0 255
    101 255 0 112 0 255 255 0 255 248 76 0 255 0 255 0 141 255 0 255 255
    255 144 255 0 255 0 255 0 255 0 0 255 233 0 0 255 0 255 0 0 255 0
    255 255 155 0 0 255 255 255 152 255 37 0 0 255 0 0 0 223 255 99 255
    0 0 0 255 0 28 0 255 0 255 28 9 255 0 255 0 255 255 0 255 0 0 0 255
    0 0 0 110 0 0 0 255 255 0 255 0 230 82 132 255 0 255 0 0 255 255 0 0
    255 78 255 255 0 255 255 0 255 255 255 0 0 255 0 255 225 0 255 255 0
    0 255 0 255 0 0 255 252 0 255 0 81 129 0 255 255 0 14 0 255 0 0 0 0
    180 202 0 0 189 0 255 0 177 0 255 224 0 255 255 0 0 0 255 0 255 255
    198 114 86 0 255 0 0 0 0 161 50 200 0 0 255 224 255 0 255 44 29 111
    255 0 255 255 255 0 255 255 0 0 193 255 0 0 255 0 0 0 255 165 255 0
    255 255 0 255 0 0 255 0 0 255 0 255 36 0 255 123 255 0 203 0 0 0 117
    255 0 255 5 70 160 0 0 0 0 255 0 0 255 0 0 45 255 0 0 255 255 0 255
    0 0 0 255 255 0 0 255 0 0 0 255 0 255 255 255 0 255 0 0 0 255 0 255
    0 255 255 255 0 35 255 255 255 255 247 62 255 255 218 0 0 255 0 0
    255 255 255 0 255 0 0 255 255 0 255 255 105 0 255 141 255 158 0 255
    255 255 0 79 0 255 0 255 61 0 255 255 54 255 255 255 0 0 255 255 0
    137 255 0 59 0 0 255 0 255 0 255 255 0 0 255 0 0 255 203 0 255 255 0
    117 255 255 255 255 0 154 255 0 0 255 255 0 255 56 97 100 0 182 227
    77 0 195 0 255 235 255 0 255 255 0 0 255 255 255 0 34 0 0 48 105 255
    255 0 0 133 0 255 255 0 255 255 231 227 255 0 255 0 0 0 255 255 255
    255 255 0 0 237 0 255 0 0 255 255 255 0 88 0 149 83 189 255 0 0 255
    0 0 255 0 70 0 106 255 0 163 0 175 255 182 0 255 122 0 114 0 255 0 0
    255 143 0 255 255 255 0 255 0 0 255 141 0 255 0 16 0 255 0 255 255 0
    255 255 0 255 0 255 0 255 0 255 255 74 197 0 35 255 255 0 0 0 255
    255 255 0 255 0 255 255 255 0 255 255 0 255 0 153 255 0 231 255 0
    255 55 255 0 235 255 0 255 0 0 0 109 47 0 14 0 0 255 255 0 255 0 0
    255 35 0 255 255 107 0 255 255 152 255 0 255 0 0 255 0 0 255 0 55
    255 31 255 255 0 0 255 255 158 215 0 0 255 0 0 0 230 255 0 0 255 255
    0 255 0 33 149 255 255 39 255 0 255 0 136 255 255 255 0 255 29 80 0
    255 0 255 255 0 255 255 0 255 0 84 0 255 0 0 0 0 255 0 255 0 142 0 0
    0 0 0 253 33 255 0 255 0 229 45 255 255 255 255 0 255 255 255 255 0
    0 0 255 96 0 0 63 0 255 255 255 235 255 0 255 35 255 0 255 255 73
    255 0 52 212 0 255 0 233 255 48 255 255 0 0 255 255 0 255 255 0 0
    255 0 255 0 255 255 0 52 0 255 0 0 255 255 0 255 34 255 0 255 0 162
    86 0 255 0 0 255 255 0 26 236 209 255 0 255 0 255 0 255 251 255 255
    0 186 255 0 0 245 214 104 0 255 255 255 255 0 0 18 255 0 255 240 255
    255 255 255 0 0 0 255 0 0 255 0 255 208 202 255 0 215 0 0 255 0 255
    216 255 0 255 255 200 12 255 0 204 0 255 255 78 0 176 255 0 0 135
    241 255 255 255 255 0 0 59 0 255 0 103 255 76 155 0 255 164 255 0 0
    28 255 0 232 255 255 0 255 0 255 0 255 255 0 255 0 0 0 255 0 255 243
    0 255 255 0 0 105 0 0 221 0 255 255 0 255 45 255 0 0 255 0 0 255 0
    239 0 134 63 0 243 0 255 255 0 56 0 255 240 121 255 186 25 0 255 0
    255 0 224 166 255 191 255 157 0 255 242 0 255 0 0 255 0 0 120 0 255
    148 255 0 255 255 255 95 224 218 21 0 0 255 0 0 0 255 0 0 42 255 0
    255 24 255 255 0 0 160 255 0 0 73 255 255 255 0 241 0 39 0 255 0 255
    0 0 255 0 255 0 255 0 0 0 0 0 255 255 127 0 255 0 91 0 255 0 255 0
    148 143 57 14 0 0 221 0 0 24 195 0 0 0 255 0 0 255 255 0 0 255 255 0
    255 255 0 104 0 245 255 0 255 0 0 255 255 61 0 5 0 255 255 255 0 169
    255 0 255 163 0 57 255 255 0 0 255 203 0 255 83 0 0 0 0 255 206 0
    127 190 255 0 0 0 255 0 255 178 255 0 255 255 0 0 0 255 255 114 255
    93 255 0 0 255 255 255 0 0 255 24 0 0 220 234 178 201 0 255 0 255 0
    255 17 0 255 122 0 169 255 255 255 101 255 0 255 0 0 255 0 255 0 0
    251 0 255 0 0 255 255 0 0 0 255 14 255 255 255 255 255 45 255 0 255
    0 0 255 255 255 0 0 255 0 85 255 255 0 0 205 76 255 0 0 255 0 255
    127 0 255 164 255 134 0 0 255 0 255 0 0 255 138 167 188 0 0 255 255
    0 174 40 255 255 0 255 0 101 0 255 0 27 0 0 255 20 0 0 0 255 255 0 0
    255 0 255 0 255 0 255 0 255 0 10 0 201 255 0 0 255 142 0 255 28 255
    255 0 255 153 255 0 0 255 255 0 0 0 125 0 255 255 255 255 0 161 0
    255 0 255 0 0 255 0 255 0 255 11 0 255 255 0 0 255 0 0 255 255 0 0
    183 123 0 255 255 0 146 0 255 0 255 255 255 0 255 255 96 0 165 18
    255 255 0 0 255 33 243 255 255 0 255 62 255 0 255 0 255 255 0 0 0
    255 46 255 255 162 255 227 143 255 0 0 255 0 218 0 217 0 255 0 255
    87 0 0 255 0 255 255 255 0 255 255 0 1 0 255 0 0 26 255 255 255 0 0
    0 0 187 0 171 0 0 98 255 255 0 125 255 0 0 233 255 0 0 255 0 255 255
    0 247 255 255 255 0 0 0 0 0 255 0 255 255 0 0 255 0 0 173 0 255 255
    0 255 0 255 48 92 255 116 0 255 131 255 0 255 0 0 225 215 51 0 255 0
    255 189 255 0 0 0 255 0 0 255 97 125 255 19 0 255 203 0 0 255 0 255
    255 255 255 255 0 255 33 0 0 255 255 82 0 255 0 0 99 0 255 255 0 255
    0 0 255 0 255 0 255 255 0 0 98 255 114 0 21 255 0 255 0 255 0 255
    255 255 0 0 255 255 0 0 224 255 0 0 255 122 0 0 0 255 127 0 255 20
    255 255 255 0 255 0 122 0 255 0 255 255 244 0 0 34 255 0 0 255 0 0
    48 0 0 0 255 0 244 255 255 113 0 255 207 0 0 237 0 255 246 0 0 0 0
    255 0 13 0 255 255 0 255 0 0 255 255 0 142 0 0 15 96 0 255 0 0 255 0
    0 255 255 0 179 0 0 139 255 255 0 255 223 255 226 0 255 71 0 255 255
    0 0 255 173 0 0 255 0 255 215 0 255 255 255 255 255 255 255 0 255
    255 152 255 255 0 211 0 255 255 255 255 0 255 0 255 255 0 255 222
    255 0 255 0 224 255 0 0 255 255 255 0 0 255 255 202 0 255 0 199 255
    0 176 255 255 0 0 77 0 255 0 255 255 0 169 255 49 255 255 0 0 255 0
    0 255 255 0 0 255 255 0 255 0 255 0 0 255 160 7 255 0 255 255 199 0
    255 0 0 255 255 5 0 0 0 0 255 255 255 0 255 240 0 230 62 0 0 0 255
    255 0 0 255 255 129 0 161 212 255 0 255 255 0 0 255 0 255 0 191 0
    255 255 38 255 41 149 243 0 88 41 84 255 255 255 0 0 255 255 0 0 255
    255 0 255 29 255 0 255 0 241 255 255 225 255 255 255 81 42 255 106
    255 255 0 142 0 255 255 0 233 0 255 0 255 0 255 112 255 0 0 73 255
    134 0 0 193 0 255 4 0 255 0 54 255 0 255 255 0 255 121 255 6 255 0
    255 0 76 41 0 255 0 0 0 255 255 0 0 255 0 0 214 255 0 255 0 255 255
    0 255 130 186 158 0 0 255 0 255 0 255 255 255 0 255 0 255 0 255 255
    0 255 0 172 212 0 0 255 0 255 58 0 255 0 255 0 255 0 0 0 255 255 0
    255 255 0 0 174 0 255 0 0 255 255 255 0 70 255 255 0 0 255 52 0 255
    67 0 54 196 255 169 255 0 255 0 155 0 0 255 0 0 255 255 0 38 106 255
    53 242 0 255 255 0 0 0 255 0 0 255 0 248 187 0 255 255 66 255 0 30 0
    0 255 0 255 177 0 255 0 255 0 255 0 0 255 255 255 255 218 0 121 245
    0 119 0 255 0 255 0 255 0 255 255 255 0 97 0 255 255 255 0 0 231 255
    0 171 255 0 255 190 54 0 0 0 0 255 255 255 167 224 0 255 0 255 56 0
    255 255 126 255 0 255 211 255 111 199 0 255 255 255 0 0 255 255 0 0
    0 255 255 0 255 255 0 221 0 0 0 255 255 255 255 0 255 255 255 255
    126 255 255 0 162 255 0 255 0 255 123 0 0 0 93 255 0 34 132 255 255
    255 52 45 255 0 255 255 255 0 0 156 14 200 13 0 0 255 0 255 160 0
    126 255 255 0 255 0 0 0 0 0 225 255 87 151 255 0 255 0 255 255 0 0
    255 0 0 84 152 180 67 0 88 237 0 255 0 176 0 255 255 0 255 255 0 0
    210 0 255 0 0 243 255 0 255 0 0 255 0 255 0 255 0 255 255 0 160 255
    138 255 216 0 255 255 0 255 134 255 0 0 255 3 0 255 160 0 255 25 0
    255 255 0 255 0 0 255 0 255 0 242 10 255 0 192 0 255 255 119 255 255
    0 255 255 20 180 165 255 219 255 0 255 0 255 0 167 42 255 0 0 0 255
    0 145 0 255 0 0 109 0 45 255 0 0 0 222 255 0 255 255 0 255 0 78 255
    255 0 255 255 0 255 0 255 186 255 255 0 166 0 0 0 255 255 120 0 0
    255 255 8 0 177 0 255 60 255 0 21 0 0 255 255 0 255 0 0 255 255 223
    255 83 255 68 0 255 255 0 136 255 20 150 0 134 164 0 255 0 0 60 0 0
    255 0 255 0 255 255 0 255 220 255 28 0 118 255 0 255 0 0 0 0 255 0 0
    10 0 255 0 223 255 0 0 255 255 255 0 255 0 255 255 83 0 0 255 255 0
    255 0 0 0 255 255 0 255 113 67 62 255 0 46 255 0 0 0 230 53 7 0 255
    133 255 255 255 0 206 138 255 255 255 255 0 230 58 255 0 255 0 255
    255 0 0 0 173 0 168 255 0 255 0 0 75 0 255 255 0 255 0 9 255 233 255
    0 255 0 75 0 0 0 0 0 32 0 190 219 255 0 28 255 0 255 144 255 0 203 0
    113 255 190 0 0 255 153 255 9 30 65 0 84 0 255 68 255 0 147 0 255
    240 160 255 255 0 205 0 139 255 0 255 175 255 19 255 255 73 255 255
    255 186 255 18 255 86 72 255 126 255 0 255 0 175 0 255 247 0 255 152
    255 255 82 126 0 124 0 255 255 223 255 255 0 255 0 0 255 255 0 0 255
    194 0 255 0 255 0 214 255 255 0 0 61 255 250 255 0 75 255 0 0 0 232
    0 206 255 0 255 0 185 69 0 0 255 0 255 255 0 255 147 0 104 0 5 255
    255 0 255 0 0 228 0 255 0 255 102 57 0 255 255 105 255 255 0 255 0
    189 0 150 255 0 255 222 0 2 255 181 0 255 0 255 255 91 255 255 0 194
    235 81 255 0 255 0 255 0 0 193 0 0 0 255 0 38 255 255 0 0 255 0 251
    0 0 227 0 255 0 0 255 0 0 125 0 255 0 0 255 0 9 0 255 255 255 255 0
    255 0 0 255 255 255 0 255 255 0 0 255 0 255 0 255 0 255 255 0 0 255
    255 0 255 255 255 251 32 0 255 0 0 255 0 0 255 0 212 255 230 45 99
    108 176 255 138 34 0 0 0 0 255 0 255 255 0 0 29 255 165 255 255 47
    248 0 255 255 99 228 0 255 0 0 0 0 255 0 255 0 189 0 255 254 0 0 255
    74 0 36 0 155 33 0 255 140 255 255 0 233 0 143 108 0 0 0 255 0 150
    255 133 255 0 0 255 72 255 0 255 0 255 78 0 255 240 155 0 0 255 255
    0 0 255 255 0 0 44 0 255 255 0 0 255 140 255 255 0 255 0 194 255 223
    0 255 144 0 255 0 94 0 255 255 255 255 0 153 255 0 255 255 255 255 0
    232 148 21 0 0 255 255 0 0 233 71 83 255 0 255 255 105 0 0 0 255 0
    255 255 0 255 0 0 255 255 255 74 0 220 255 255 0 0 249 255 0 255 0
    255 0 221 0 255 255 0 255 182 18 0 0 255 255 0 255 165 129 255 0 255
    255 205 0 0 195 255 71 0 236 255 0 255 255 0 251 0 0 255 156 0 255
    33 0 255 0 0 255 0 255 255 0 255 0 255 0 255 0 255 255 0 0 126 255 0
    255 0 255 140 0 255 255 0 228 0 255 0 255 23 255 255 133 0 155 255 0
    23 255 226 0 255 255 0 0 255 0 0 255 98 0 255 0 0 255 255 0 0 0 255
    0 255 0 255 0 255 0 255 0 0 255 164 0 255 74 255 0 0 0 255 58 255 0
    209 0 196 255 0 218 255 0 242 206 255 0 255 255 0 255 24 149 0 255 0
    0 0 255 0 255 0 0 255 128 255 0 0 191 255 0 141 255 0 255 0 210 255
    0 255 255 21 255 59 255 0 255 68 117 0 255 0 192 255 0 255 0 20 255
    3 0 255 0 0 0 0 250 234 0 0 145 254 0 255 19 255 93 255 73 0 255 0 0
    0 255 0 255 0 0 37 0 255 0 255 0 255 255 255 36 255 0 0 255 0 0 20
    111 255 146 255 0 0 255 0 255 0 0 255 112 255 0 255 255 255 0 255 0
    255 255 0 255 0 0 255 0 255 0 0 255 0 255 0 255 0 255 255 0 0 255 0
    255 255 255 255 0 255 0 255 0 0 0 0 255 255 255 0 99 255 255 0 0 0 0
    0 255 255 255 0 254 255 255 53 255 115 0 141 247 0 100 0 255 255 47
    0 255 137 255 0 77 255 0 255 0 89 0 255 255 0 255 0 255 255 0 255 0
    255 0 123 255 0 255 0 255 0 255 81 0 0 123 255 0 0 0 255 255 0 28
    255 255 255 255 0 255 253 255 255 0 0 0 0 0 0 255 255 0 255 255 255
    0 194 0 0 14 0 0 16 0 255 0 254 0 94 107 255 0 255 0 0 255 0 0 255
    255 19 0 0 0 255 0 255 0 255 255 0 255 237 255 0 0 0 152 0 0 255 0
    255 0 0 255 255 0 0 7 0 70 0 213 0 0 255 255 255 0 254 0 210 255 255
    32 0 90 0 0 255 255 0 255 0 57 255 255 0 255 49 255 208 69 155 175
    255 0 126 255 0 255 0 0 255 119 255 255 0 152 0 248 162 229 0 0 192
    0 255 255 0 231 249 251 0 255 163 255 255 0 0 0 255 0 255 0 255 255
    0 255 0 0 255 147 93 0 0 0 255 218 255 197 0 0 0 0 0 255 0 255 0 255
    0 0 255 0 255 0 255 181 0 0 130 255 0 255 255 0 0 255 84 0 242 0 255
    0 0 255 255 51 255 255 255 137 0 0 0 255 255 194 0 0 0 255 0 255 0 0
    255 0 246 255 255 255 0 102 255 114 0 31 74 0 255 0 255 79 7 67 243
    0 255 255 0 231 255 255 255 255 0 255 0 0 11 0 255 41 0 0 255 0 255
    255 255 255 255 0 255 0 0 255 0 255 0 255 255 0 199 255 161 237 67 0
    255 0 255 227 0 255 0 255 255 31 255 255 0 0 255 0 197 255 0 255 0
    255 255 0 255 255 0 236 64 0 255 255 121 0 0 0 255 45 255 9 0 255 0
    255 121 255 42 0 35 255 0 255 0 255 0 170 255 0 0 255 0 226 255 60 0
    255 0 255 255 255 0 0 0 108 0 48 255 0 255 0 0 255 255 0 255 246 255
    255 0 255 0 255 0 198 255 0 255 0 255 255 208 255 26 255 0 255 255
    138 0 255 183 0 183 255 255 0 0 255 0 255 255 0 255 255 42 0 0 255
    255 227 0 255 0 255 0 255 0 255 0 0 215 255 113 255 255 31 255 255
    211 255 0 113 255 0 0 255 0 14 255 0 0 255 35 211 133 217 118 255 38
    0 63 255 0 117 82 0 0 21 12 0 0 255 0 255 255 0 255 0 255 255 218
    255 0 255 255 0 105 0 62 255 0 0 255 134 0 255 0 0 255 0 255 255 255
    255 0 0 0 255 255 0 0 0 0 255 255 255 0 255 0 55 86 255 108 255 0 0
    255 0 0 0 0 64 255 0 227 255 0 255 0 255 7 255 255 0 255 0 6 255 255
    0 255 177 255 0 255 0 255 0 255 0 107 0 0 0 255 255 120 0 0 255 0 68
    255 255 255 120 255 0 255 166 0 143 0 255 0 0 255 35 0 255 255 0 0 0
    255 0 255 0 255 0 0 0 0 0 214 113 255 0 255 0 2 0 255 0 255 255 70
    90 255 255 87 255 255 0 0 255 0 255 0 0 0 0 255 255 0 0 255 255 0
    255 13 131 95 47 255 255 0 255 255 0 255 0 155 83 68 255 255 0 0 255
    5 54 0 56 0 255 0 255 255 0 0 255 0 73 0 0 255 0 0 255 106 121 0 255
    255 0 255 121 255 161 2 220 150 60 0 255 0 104 0 255 255 255 255 119
    255 140 0 36 255 0 255 0 255 0 255 0 238 0 0 255 255 0 255 0 255 255
    255 255 255 78 0 242 43 0 255 0 27 255 0 255 0 0 255 255 0 255 255
    255 0 192 255 0 231 120 255 0 255 0 95 255 0 255 255 255 175 170 132
    255 255 0 255 0 126 0 255 0 255 35 255 255 0 255 175 0 255 142 0 255
    255 213 255 241 100 0 255 255 80 3 0 255 255 0 0 0 255 0 255 0 0 255
    0 255 0 0 0 125 255 18 244 0 255 0 0 255 255 0 255 175 0 92 0 0 190
    0 149 0 255 0 255 255 0 255 0 0 136 0 0 255 255 226 0 255 0 255 0
    210 255 156 255 255 255 255 0 255 255 0 255 0 156 0 0 107 0 255 255
    0 255 92 255 255 255 0 237 0 255 255 255 0 211 255 255 0 0 255 255 0
    255 255 231 255 0 0 255 255 0 77 0 235 0 255 255 255 0 0 0 255 255 0
    255 94 255 255 0 0 255 0 221 0 255 0 0 255 255 255 0 0 255 193 255
    173 7 0 255 255 0 95 0 255 0 0 255 255 86 206 0 26 206 0 255 0 175
    255 255 0 0 255 255 0 0 0 0 255 255 255 22 255 0 255 255 54 0 0 255
    0 255 0 156 0 255 0 255 255 255 36 236 0 255 255 0 255 0 0 255 128
    255 0 142 0 157 255 144 0 90 255 57 32 0 0 255 0 0 0 0 255 0 255 0
    255 0 16 232 132 0 139 0 255 0 183 0 255 68 255 0 90 0 122 255 60
    255 255 149 0 255 0 255 255 0 0 255 192 255 195 255 0 255 255 0 255
    255 0 0 255 255 0 255 172 255 255 0 255 0 255 0 0 255 0 255 255 0 0
    255 151 255 249 0 0 255 0 20 255 38 0 255 255 0 255 0 0 255 0 0 255
    255 255 0 242 0 0 255 51 0 255 255 0 255 0 255 54 255 0 0 255 0 255
    150 105 0 187 255 0 255 0 255 9 255 0 0 255 219 125 31 0 0 255 0 255
    255 255 0 92 255 255 0 255 255 0 13 0 255 255 0 0 0 17 255 121 58
    255 255 255 255 0 255 255 104 0 255 0 253 0 255 0 0 255 147 255 176
    231 0 150 0 255 139 255 112 255 0 160 255 0 213 0 255 255 0 177 142
    0 255 0 110 0 0 255 138 255 255 0 255 0 0 0 184 0 0 255 255 0 0 255
    0 255 0 255 0 255 0 255 0 255 0 255 255 229 255 0 227 255 48 0 0 16
    0 190 0 255 255 194 0 255 255 0 255 255 0 255 52 255 255 0 2 5 0 200
    0 255 255 0 89 137 255 0 255 0 255 209 0 0 255 0 255 159 0 232 0 255
    217 255 0 255 255 255 54 0 255 0 0 255 0 255 0 255 29 0 0 0 255 0
    254 255 0 255 0 0 0 255 255 255 195 234 0 255 0 0 255 0 0 255 255 0
    255 255 195 0 255 255 0 255 121 33 13 0 0 255 255 0 0 0 255 0 255 0
    255 0 255 0 255 0 0 255 0 0 228 0 255 96 255 164 0 255 0 255 58 255
    255 0 255 255 0 33 255 0 255 0 255 0 17 0 238 0 255 0 0 255 0 0 222
    255 0 0 255 255 0 0 0 240 255 202 0 255 255 0 255 0 0 255 255 0 255
    141 0 255 0 255 0 255 0 255 0 0 0 255 0 255 0 255 0 255 255 0 255
    255 0 0 255 255 106 0 245 255 0 255 0 255 0 255 255 255 80 233 131
    179 255 255 255 255 0 174 255 255 0 255 90 255 0 255 0 255 0 6 255
    255 0 0 255 0 255 0 255 0 0 255 255 0 37 255 0 255 0 25 255 0 0 255
    183 0 142 0 0 89 238 140 0 0 255 255 235 14 226 0 0 0 255 0 255 0 0
    255 0 85 255 255 0 255 0 255 10 166 0 255 0 255 255 255 245 255 0 0
    255 0 0 255 251 0 16 0 255 0 0 97 255 253 0 0 0 255 0 255 255 255
    255 0 0 0 255 10 255 0 255 255 255 255 255 0 241 255 0 6 0 255 193 0
    255 255 0 215 229 206 0 255 0 0 0 227 246 0 255 166 255 255 255 0 0
    36 0 255 46 255 0 0 0 255 255 0 255 0 255 255 255 0 0 255 0 255 0
    255 0 255 255 255 136 255 255 255 0 255 0 255 0 55 0 7 255 0 255 255
    0 37 255 0 255 0 0 0 255 0 0 255 0 0 0 82 26 127 203 255 48 255 255
    215 0 255 255 254 255 0 255 255 0 0 255 105 255 0 78 255 168 0 255
    255 0 255 0 255 0 255 0 255 255 0 0 0 0 255 192 255 0 255 0 34 0 255
    0 255 255 0 255 0 255 0 255 0 0 0 175 177 0 134 145 255 255 0 255 0
    255 82 255 255 0 0 0 27 255 255 255 0 255 0 255 0 139 255 211 0 0
    255 255 0 181 255 0 255 0 17 255 255 255 213 255 152 255 0 0 255 201
    20 0 0 255 255 255 0 255 255 255 255 0 225 255 0 186 230 255 255 0
    255 255 255 0 0 255 149 166 255 255 255 0 255 255 255 0 0 255 33 0 0
    255 156 255 0 0 219 255 0 0 0 0 255 0 255 255 0 255 242 255 0 34 255
    59 0 255 0 255 0 0 255 255 0 255 0 95 255 0 255 0 255 255 0 255 172
    255 0 0 255 255 255 103 0 52 255 0 255 255 0 255 5 255 0 255 255 0 8
    255 0 255 0 255 255 70 93 146 255 255 0 255 255 255 0 0 255 255 0
    255 126 255 255 0 1 255 190 0 255 0 74 123 255 255 0 0 0 0 255 130
    141 0 255 255 0 0 255 0 255 0 0 255 26 76 255 0 0 255 0 227 0 46 0
    255 0 255 20 252 255 0 0 255 0 255 0 36 0 255 216 232 255 0 255 255
    0 0 0 255 0 255 0 0 0 148 255 1 0 160 0 255 0 0 255 0 0 0 255 0 255
    0 0 255 255 255 255 0 0 255 255 0 0 255 0 164 255 243 250 151 0 0 0
    0 255 0 8 255 241 0 0 255 0 0 255 0 0 255 255 75 118 0 255 0 143 0
    129 255 13 172 255 103 0 0 255 255 0 0 168 0 255 0 255 0 255 0 255
    255 45 0 82 255 0 62 120 255 0 143 255 0 255 0 0 0 255 255 143 0 255
    255 232 0 255 0 0 0 200 255 255 0 255 0 0 255 255 216 255 0 141 0 0
    255 255 0 255 0 0 0 255 0 0 0 255 0 110 0 255 63 203 0 0 255 255 82
    0 255 0 0 122 0 255 255 255 255 0 255 0 123 48 255 0 0 0 255 255 0 0
    255 0 255 0 255 0 255 0 115 0 255 0 255 0 255 0 0 0 0 255 0 12 0 255
    0 255 255 0 189 0 255 0 255 143 255 79 0 0 255 0 255 0 106 116 255
    78 255 255 179 255 41 255 0 15 0 0 0 255 0 255 0 255 66 86 0 255 0
    255 0 0 255 0 255 165 0 255 255 255 255 255 0 255 42 255 246 255 144
    255 230 0 255 0 255 174 123 255 255 0 255 255 255 0 0 0 0 0 255 0
    255 255 255 0 11 255 250 255 0 255 255 0 0 255 3 255 255 0 0 229 255
    147 0 101 255 255 0 255 138 0 146 0 255 76 0 0 255 131 154 255 0 0
    255 0 255 0 255 255 255 255 134 0 255 255 255 0 25 39 255 0 140 255
    55 255 0 0 0 255 0 0 255 0 0 238 223 0 120 255 0 168 255 163 120 255
    255 0 133 15 31 0 0 255 0 255 255 255 225 0 223 0 157 255 0 9 255
    255 27 0 255 0 255 90 84 0 255 0 0 114 0 0 0 255 0 0 42 255 255 0
    255 0 190 9 86 255 0 255 206 0 255 0 255 86 255 255 0 255 0 255 0
    181 0 255 78 255 0 255 184 255 255 0 255 0 255 255 0 255 255 0 255
    255 28 255 255 0 195 255 0 54 0 255 42 0 255 0 255 255 0 255 0 255
    255 0 0 255 72 0 126 0 0 255 255 24 232 0 255 0 255 255 255 0 0 255
    255 0 255 0 255 255 0 0 79 0 243 255 0 0 255 0 0 255 248 255 0 0 40
    255 200 87 0 255 0 252 0 255 0 255 0 0 0 255 0 255 255 65 255 156
    255 0 255 17 35 0 0 255 255 0 0 255 31 0 74 0 255 255 255 0 255 213
    255 0 255 20 255 0 0 255 85 255 0 194 255 14 0 255 0 255 11 255 0 7
    119 0 255 255 0 255 207 255 0 0 0 218 0 255 0 218 255 255 255 0 255
    255 145 255 255 79 17 65 255 0 255 0 255 255 71 116 0 0 0 3 0 255 0
    0 255 244 255 255 68 255 0 0 255 0 255 0 142 229 0 149 0 255 236 0
    255 255 0 255 255 255 47 255 0 255 0 255 0 0 255 0 255 216 0 201 0
    255 0 255 0 0 0 255 0 255 0 255 95 255 0 0 255 255 0 255 255 0 255 0
    255 0 0 85 0 246 208 255 255 55 255 0 179 255 0 255 0 0 0 0 255 0
    246 7 255 0 255 255 255 255 0 255 255 255 156 0 0 255 25 0 128 255 0
    105 255 255 255 248 0 221 238 160 255 0 0 0 255 0 255 0 121 255 0
    225 0 102 196 0 0 255 0 3 255 0 0 255 255 0 0 160 255 255 146 255 0
    0 255 0 217 0 0 12 255 0 0 64 0 0 44 255 0 0 0 0 0 0 255 0 255 255 0
    0 0 255 0 252 0 255 0 255 0 0 255 255 0 0 255 0 255 138 255 0 0 255
    255 0 0 0 255 63 0 255 0 52 255 0 0 255 255 255 255 0 255 255 0 0
    255 255 255 0 152 255 0 255 255 0 0 255 0 0 0 16 63 255 0 0 255 197
    255 192 0 0 255 12 189 255 210 0 255 91 0 255 0 0 0 0 255 0 255 255
    255 30 248 124 241 120 255 19 255 0 21 255 143 255 0 255 0 0 0 195
    255 0 37 0 255 0 255 255 0 255 0 34 255 255 174 0 0 255 255 168 0
    255 255 0 255 14 108 0 255 68 0 0 0 0 0 255 215 0 255 0 0 0 55 46 0
    255 0 230 255 0 17 0 255 21 0 255 0 255 0 255 0 255 0 0 0 7 97 0 255
    0 255 88 255 0 0 0 255 0 0 255 0 0 255 0 255 0 0 255 0 0 255 255 20
    255 0 0 255 12 255 0 255 255 0 255 0 0 255 0 255 255 255 255 0 255
    255 0 255 0 255 0 0 255 0 255 0 255 255 0 255 144 255 0 255 222 0 0
    255 202 44 255 255 255 255 0 0 0 0 205 136 255 255 207 0 201 255 30
    180 255 0 255 255 163 0 0 255 0 0 255 175 0 55 0 255 119 0 0 255 255
    255 0 0 255 45 0 255 0 0 0 185 0 255 255 0 255 0 0 30 0 255 255 20 0
    255 0 118 122 255 255 255 0 255 251 0 0 0 0 255 255 0 0 255 120 37
    255 255 68 255 0 0 255 255 0 0 255 88 255 0 255 255 178 0 255 0 0
    255 255 154 248 0 255 255 255 0 255 255 2 0 255 255 255 0 255 255 0
    255 255 0 25 255 165 0 113 255 0 255 0 255 255 0 0 255 0 255 179 255
    255 0 0 255 0 255 255 0 255 255 0 0 255 255 58 255 0 255 255 255 237
    0 255 0 0 255 255 255 255 0 255 255 37 255 108 255 231 0 255 0 255 0
    255 0 255 255 255 197 255 255 255 255 255 0 62 255 95 143 0 0 255 54
    0 34 255 224 255 255 255 120 0 0 255 255 0 0 0 255 0 255 0 0 0 0 172
    0 255 255 0 0 255 0 255 151 255 255 64 0 42 0 255 0 255 0 68 255 0 0
    90 0 23 0 33 0 255 0 255 255 0 255 0 36 0 255 0 0 49 208 70 0 0 255
    128 255 255 255 186 144 108 255 108 0 0 255 255 0 255 0 255 0 255
    255 92 37 255 0 255 0 255 255 0 6 255 38 0 154 165 255 255 46 93 255
    255 0 88 255 255 0 250 0 0 255 255 255 255 236 255 255 0 255 0 0 82
    255 0 37 0 255 255 255 0 0 231 255 0 0 0 17 178 0 255 0 255 0 0 0 0
    255 0 255 0 0 255 241 255 0 255 255 0 76 0 255 222 255 0 0 255 255
    255 0 235 255 0 106 38 255 0 0 0 0 255 0 41 0 255 0 255 0 255 149
    222 255 0 255 0 0 255 229 0 255 0 0 255 255 0 0 0 255 0 0 255 61 0
    255 0 255 39 255 0 187 255 255 255 255 255 255 0 255 0 0 0 0 255 0 0
    255 255 0 0 255 0 0 255 255 255 0 53 77 255 36 0 176 255 91 0 255
    255 0 255 255 0 255 0 0 255 7 255 208 255 255 0 255 33 0 128 255 42
    255 5 0 0 78 255 0 255 231 255 255 0 45 158 0 0 197 255 255 0 0 255
    255 0 66 58 255 0 0 255 217 255 242 255 255 46 194 0 255 70 0 0 255
    0 0 255 0 255 0 0 255 255 102 255 47 0 255 49 26 0 255 0 0 0 255 0
    255 0 255 28 255 0 150 255 0 255 0 0 193 0 0 255 0 255 0 255 0 255 0
    0 255 0 39 0 0 0 0 255 0 255 0 9 255 255 97 255 175 0 197 255 255 0
    47 189 255 255 0 0 255 255 230 255 255 0 255 0 0 255 0 0 255 0 255
    255 255 0 255 0 0 0 174 0 0 255 0 0 255 63 255 255 0 255 0 255 255 0
    255 0 0 0 95 255 0 0 66 255 0 255 0 255 0 255 255 255 255 0 0 255 0
    255 208 0 0 217 255 255 255 255 0 255 255 0 255 0 255 0 0 255 255 17
    0 17 0 0 0 0 221 255 255 0 255 0 155 172 0 255 16 255 0 255 255 76 0
    255 0 255 0 36 0 255 0 255 0 0 0 255 0 0 255 255 0 255 255 236 148 0
    255 0 0 0 255 0 205 0 0 0 255 0 255 239 113 0 255 255 0 255 255 0 0
    255 0 255 0 255 0 255 255 255 0 255 40 0 0 255 0 0 255 255 0 35 96
    158 255 255 0 0 255 19 255 0 0 255 255 0 255 206 159 255 0 0 255 0 0
    102 0 255 0 255 0 255 0 255 145 0 121 255 0 0 163 160 255 0 32 255 0
    255 0 0 255 0 0 235 255 0 255 255 0 0 0 255 255 7 0 255 0 145 255
    239 0 255 0 0 255 106 255 255 255 255 255 0 0 0 255 255 209 83 0 255
    255 238 0 144 0 255 221 72 255 0 255 0 0 255 0 13 255 255 132 255
    255 70 0 255 22 0 255 255 255 255 0 0 255 255 0 255 0 0 0 0 255 0 0
    50 255 0 255 0 255 0 153 0 0 255 255 0 0 0 255 0 255 255 0 255 141
    255 0 255 0 0 0 255 0 62 255 255 0 255 0 255 0 255 132 255 237 0 255
    0 255 0 255 0 0 255 151 0 255 0 217 255 255 0 0 255 0 0 255 255 0 0
    255 255 0 152 255 0 255 255 59 255 0 255 255 0 0 27 0 255 255 0 255
    0 255 255 0 242 0 255 0 255 73 0 255 0 110 0 255 0 255 0 141 137 255
    255 0 128 255 255 0 255 0 0 255 8 0 255 86 255 255 255 124 0 190 255
    0 255 0 255 88 0 0 0 40 255 0 0 255 255 255 0 0 255 255 29 152 255 0
    0 255 0 255 0 255 142 138 255 0 0 255 255 255 180 255 0 255 0 0 0 49
    255 29 255 255 0 116 255 0 0 255 0 255 0 0 74 193 66 255 0 0 95 0
    255 0 255 0 164 0 0 255 255 255 0 164 255 255 0 255 255 0 255 0 0
    167 255 152 255 0 0 255 0 255 255 0 0 255 188 0 255 0 255 0 255 0 0
    195 0 255 0 0 0 255 0 255 151 255 0 0 255 78 255 255 68 0 255 0 255
    111 255 76 255 0 0 255 188 255 0 207 0 255 0 255 255 111 0 255 255
    216 21 0 174 0 0 255 0 255 0 0 255 205 0 0 188 255 35 255 255 0 255
    255 0 0 255 255 0 0 0 0 255 0 174 255 255 0 255 255 0 255 0 215 219
    255 46 0 0 0 17 96 255 0 255 0 44 255 0 255 0 0 255 0 255 255 0 255
    189 210 0 0 0 0 171 255 127 0 121 255 84 255 0 169 0 255 0 100 0 255
    255 0 255 255 43 0 255 0 0 156 0 0 53 0 0 219 43 255 0 218 255 0 255
    0 0 255 0 0 0 45 255 79 196 0 0 255 0 0 0 255 0 0 255 0 0 0 33 255 0
    0 255 255 215 0 100 255 147 167 0 0 255 186 0 154 0 255 0 255 255 0
    255 255 255 18 255 255 0 255 0 0 255 255 61 0 231 255 0 255 116 255
    0 0 255 0 255 255 146 0 255 9 0 255 0 0 255 0 130 255 197 0 255 0
    255 121 167 255 0 255 151 255 0 0 255 255 182 0 255 0 255 0 192 0
    255 0 255 210 255 254 224 188 0 0 0 255 29 255 255 0 255 0 255 255 0
    108 0 255 255 188 0 0 255 0 0 55 255 0 255 0 0 255 255 0 255 0 204
    255 0 255 255 255 255 255 255 0 0 255 0 255 0 0 255 48 22 0 255 216
    255 255 0 101 255 194 0 0 255 0 255 180 0 255 0 0 0 0 255 255 255 0
    0 255 255 153 255 0 255 112 0 255 0 0 0 255 255 0 255 15 255 90 233
    255 255 0 255 0 255 0 58 0 124 0 1 59 0 255 0 255 55 255 255 0 0 195
    255 255 0 139 255 0 61 255 255 107 255 255 255 0 14 0 0 255 255 0 0
    255 0 0 255 0 255 74 255 0 255 0 255 255 255 203 0 0 255 196 181 255
    95 0 105 0 0 255 0 255 205 0 255 255 0 0 35 255 255 0 255 90 45 255
    133 0 0 0 255 0 255 255 255 0 255 0 255 255 255 0 0 0 255 0 154 255
    255 0 36 255 255 255 0 255 255 202 255 0 0 255 216 0 255 255 0 255 0
    255 0 0 28 0 0 69 255 255 0 255 156 255 0 0 255 0 255 255 255 255 0
    255 255 106 84 142 212 234 255 255 0 48 0 255 0 0 0 255 0 255 0 202
    177 0 255 255 0 255 255 0 255 110 0 255 145 0 255 0 0 0 255 2 0 145
    5 0 0 0 0 215 255 0 255 250 215 255 254 0 227 255 0 0 255 0 255 255
    255 0 255 75 0 255 125 0 255 254 255 0 255 0 0 154 255 0 0 0 103 0
    255 157 255 255 241 37 255 255 0 255 109 255 0 255 255 190 0 73 209
    108 255 3 255 0 255 0 255 0 255 0 255 255 0 255 51 255 0 255 255 177
    20 255 40 0 114 53 255 255 0 255 0 0 255 0 255 255 218 0 14 255 255
    0 255 66 0 255 0 255 255 0 0 255 0 0 255 49 255 193 255 255 255 239
    0 255 0 255 255 255 255 143 0 158 255 255 0 255 0 7 0 154 255 0 68
    255 0 255 0 0 255 0 255 51 0 255 255 0 255 0 0 255 99 255 255 0 66 0
    0 255 84 68 0 0 255 0 0 0 208 255 53 183 255 221 0 0 255 255 0 0 138
    255 133 255 255 0 255 0 0 0 0 0 255 219 0 0 255 0 96 255 218 255 0 0
    255 2 0 12 255 0 255 255 0 0 0 0 255 0 255 62 255 255 0 255 255 34 0
    255 187 255 255 0 133 0 0 255 78 255 25 0 255 0 255 156 0 0 255 255
    177 86 0 255 0 0 255 0 255 0 255 141 0 255 0 0 0 255 255 0 0 0 255
    255 0 255 0 255 118 0 0 255 67 0 108 0 255 255 0 255 255 32 0 0 200
    255 0 169 255 0 255 52 255 0 0 0 0 255 0 255 0 223 0 255 255 255 0
    255 255 0 46 255 0 119 0 0 255 2 0 0 255 255 0 255 0 255 255 255 69
    0 255 255 255 23 214 0 0 255 0 0 0 255 255 0 255 0 0 255 0 0 121 144
    3 73 0 0 0 255 0 255 0 255 0 0 0 0 12 0 0 255 246 0 255 197 0 0 255
    255 255 255 168 235 255 0 0 0 255 255 255 52 0 255 216 255 0 255 0
    255 255 0 244 0 0 255 0 107 255 220 255 0 255 255 0 0 255 255 255 0
    0 255 255 0 207 255 255 0 255 0 255 255 0 255 201 255 0 255 0 255
    167 240 0 255 0 0 0 103 255 0 255 0 255 0 255 255 0 255 0 0 2 0 255
    255 0 255 0 231 0 255 38 0 255 21 0 255 94 0 255 0 0 255 255 191 240
    0 0 255 0 0 0 255 0 0 255 0 193 0 0 255 255 0 255 219 255 255 0 0 52
    0 255 255 177 119 255 0 0 0 255 0 255 0 255 0 226 0 0 255 255 0 255
    68 0 255 255 0 0 235 3 0 0 255 0 255 62 255 0 255 95 0 255 0 255 0
    255 0 0 0 197 0 178 76 63 61 255 255 255 116 172 91 255 255 64 255 0
    47 187 0 0 255 127 0 31 255 0 0 0 255 0 255 127 0 255 0 0 25 255 70
    255 0 74 255 255 110 0 255 48 0 83 162 91 255 255 255 221 0 227 0
    255 0 255 255 255 255 255 224 23 255 90 255 0 255 255 255 0 255 0 0
    0 255 53 255 255 255 0 255 187 0 71 0 255 0 255 0 153 255 255 0 96
    117 0 0 255 255 0 0 0 255 0 0 69 255 177 0 64 145 0 0 255 0 255 0
    145 255 0 0 255 0 0 255 0 0 255 0 0 206 255 0 255 96 255 255 255 255
    0 46 0 255 212 240 0 0 255 0 100 255 44 255 255 255 255 255 0 135 0
    255 255 0 0 126 0 0 0 206 255 0 255 0 0 255 255 0 255 0 255 0 255
    255 255 255 235 11 255 0 255 255 249 133 255 255 111 255 178 255 217
    255 0 255 58 183 0 255 0 255 0 255 0 117 0 36 255 0 255 255 255 0 11
    0 255 255 0 0 0 9 255 64 255 0 255 0 112 0 96 255 255 255 255 0 255
    142 0 255 255 255 0 255 255 0 0 210 255 0 0</data></my_img>
<your_img type_id="opencv-matrix">
  <rows>128</rows>
  <cols>256</cols>
  <dt>u</dt>
  <data>
    0 245 122 255 255 0 255 255 86 2 255 255 0 255 0 255 0 245 78 0 255
    255 0 255 0 85 255 255 255 0 244 130 0 255 255 133 140 0 255 255 205
    83 128 134 255 0 255 23 0 0 255 97 255 0 255 108 255 0 172 255 0 255
    255 255 255 0 255 0 68 0 255 0 204 0 255 0 255 0 125 0 255 0 221 0
    169 255 255 115 70 255 255 0 255 194 107 0 0 194 255 0 255 0 249 255
    190 255 255 255 0 255 255 0 255 40 255 86 0 0 228 252 255 0 255 255
    0 0 0 0 0 255 127 0 225 34 255 0 0 255 133 255 0 255 255 214 36 32 0
    194 255 255 20 0 255 0 0 255 0 255 0 74 255 0 124 255 255 0 0 0 255
    0 255 0 255 123 255 0 255 255 0 0 157 113 255 0 255 255 0 0 255 0
    255 0 255 0 0 255 255 0 255 0 0 255 124 255 255 0 0 255 0 255 255 0
    115 255 72 82 0 0 255 0 255 0 0 20 0 255 0 255 0 255 255 0 0 0 255 0
    0 222 0 0 233 0 255 255 0 0 230 255 0 0 255 255 255 255 0 255 168
    255 0 0 0 255 0 255 0 255 226 22 255 0 0 133 255 0 0 189 30 0 0 255
    0 80 0 0 255 0 255 0 255 0 153 0 255 0 0 0 0 255 0 222 0 255 89 0
    255 255 255 0 255 232 255 255 255 0 255 118 137 255 255 0 0 0 255
    255 0 2 0 255 0 0 12 0 0 255 0 0 255 255 0 255 255 0 185 0 0 255 0
    255 0 255 255 255 255 174 0 255 0 255 255 0 255 0 15 158 0 187 0 0 0
    31 0 255 255 255 0 255 255 0 0 255 0 255 255 255 0 255 0 255 0 255 0
    255 255 0 255 255 244 0 0 255 0 67 255 31 0 255 0 0 255 183 23 124 0
    255 255 0 255 255 0 255 0 0 255 0 0 0 255 0 30 0 0 255 27 211 0 5
    255 39 92 136 196 0 255 0 0 0 255 255 0 255 0 255 0 255 88 255 255
    255 0 125 32 255 255 0 255 255 0 255 0 255 0 148 0 255 0 255 255 255
    255 0 255 0 255 0 0 255 0 255 255 202 0 255 0 0 255 255 0 255 63 0
    255 103 0 255 0 0 255 201 0 0 0 255 162 255 49 131 0 193 255 0 0 255
    0 139 255 229 255 0 255 0 255 188 160 135 0 119 255 255 0 255 250 0
    255 255 0 39 0 255 0 0 255 220 0 255 0 255 255 0 255 0 255 0 255 123
    254 0 255 0 0 255 255 128 242 0 0 42 255 0 0 0 255 255 0 0 255 30 0
    255 255 255 0 120 255 0 255 0 255 0 0 255 188 0 0 255 255 0 0 0 0 0
    0 0 181 0 255 255 0 255 0 255 98 0 255 0 255 0 255 0 255 0 255 255
    255 255 0 0 255 255 0 0 0 0 255 0 255 0 0 0 64 255 0 0 229 255 0 255
    0 0 188 0 255 0 78 255 0 255 0 0 0 23 255 154 86 0 255 0 255 255 243
    70 255 0 46 255 154 0 223 255 0 255 0 255 155 99 0 255 0 0 255 255 0
    255 255 167 0 0 255 255 79 15 19 0 0 0 0 0 255 0 255 0 195 78 255 0
    255 180 0 0 255 0 255 255 255 0 0 0 238 255 255 78 23 103 255 255 0
    55 5 0 255 0 0 255 255 0 255 131 0 255 0 56 225 255 0 255 255 40 255
    22 255 0 255 0 255 0 0 0 255 0 212 65 0 237 35 0 0 255 0 205 0 255 0
    112 255 255 255 255 0 255 0 255 0 255 255 0 0 255 255 255 0 255 204
    255 0 0 0 255 58 135 255 16 0 0 255 0 255 147 0 0 255 255 29 0 176
    88 255 255 255 0 255 255 0 255 193 139 255 0 255 249 215 255 255 255
    0 255 255 91 0 255 135 255 255 12 0 0 0 54 255 176 255 255 0 0 45
    255 255 101 0 0 255 255 255 255 226 79 0 255 0 0 0 0 255 255 0 255 0
    0 33 255 216 0 255 255 255 0 167 255 0 255 255 255 0 195 0 255 0 255
    255 0 160 255 0 255 0 255 255 255 0 255 255 255 0 255 255 0 0 29 0
    255 0 0 255 255 0 255 0 255 0 255 0 255 45 255 0 255 0 0 0 255 0 179
    255 255 0 255 0 255 0 0 255 255 255 255 0 255 235 205 0 0 0 255 255
    255 255 24 255 247 0 42 255 25 255 0 133 0 255 0 255 0 0 0 255 255 0
    153 0 255 255 98 0 255 68 46 255 255 0 255 44 0 255 255 0 0 255 227
    255 0 0 0 255 0 255 255 255 255 255 0 255 185 255 191 255 167 0 255
    0 255 255 255 197 0 0 255 103 0 255 23 255 0 0 255 0 0 121 0 255 102
    14 0 255 255 240 255 170 0 0 0 255 255 0 12 92 0 0 70 255 0 255 0
    255 0 0 255 255 255 109 0 255 0 0 255 0 34 0 255 209 0 0 240 255 0
    255 0 255 16 0 0 0 0 255 255 15 0 126 255 255 191 0 255 255 0 0 42 0
    255 120 106 0 0 0 0 0 170 255 0 255 26 58 0 255 255 255 209 78 0 255
    101 0 0 74 255 64 0 255 145 0 0 101 0 0 255 0 255 227 0 179 0 255
    191 12 198 0 8 117 0 255 255 0 0 0 255 0 255 255 255 255 255 0 0 255
    171 0 255 0 0 181 140 223 0 255 221 0 255 255 255 0 64 178 0 255 0 0
    0 255 255 0 0 0 0 255 0 255 255 255 0 255 243 0 120 0 0 255 255 0
    255 0 255 0 255 0 0 89 255 255 0 255 0 126 91 255 255 195 255 255 0
    73 255 255 0 0 255 0 191 66 173 255 0 255 0 242 0 0 255 255 0 76 255
    52 0 24 255 0 0 210 0 255 0 255 0 255 0 173 255 113 31 0 255 255 255
    42 0 69 0 0 255 26 0 109 0 255 0 255 0 255 216 38 0 0 255 0 255 255
    255 0 255 0 0 67 255 255 0 0 255 0 0 255 255 0 234 0 239 255 0 0 255
    0 0 0 207 255 255 0 255 4 0 0 255 255 101 72 0 255 0 0 255 255 76
    255 0 0 74 255 0 65 0 0 0 255 233 255 255 184 0 96 80 35 255 255 0 0
    255 0 0 255 255 0 255 0 0 255 255 0 255 255 255 0 0 145 255 0 241 0
    255 0 255 255 0 245 0 140 231 255 255 255 0 255 255 0 100 0 255 0 0
    0 255 224 0 213 0 255 248 0 255 0 255 0 255 210 231 0 255 78 0 88 0
    255 0 11 255 0 255 0 255 0 0 255 255 200 255 0 0 0 0 255 57 0 255
    223 11 0 193 0 31 255 0 255 255 0 255 0 255 60 255 0 0 255 0 0 45
    255 0 255 192 255 0 255 0 88 0 255 0 255 0 255 186 0 255 0 255 0 190
    194 255 0 255 255 0 255 0 255 255 208 0 255 255 0 0 103 255 0 255 0
    255 0 125 0 255 0 0 0 255 255 0 48 0 255 255 0 21 255 0 178 255 0
    255 255 0 0 255 255 144 32 255 0 255 255 222 255 0 0 0 255 0 255 0
    255 255 0 200 121 255 255 73 255 0 0 237 0 0 255 0 164 0 106 108 248
    255 255 0 196 255 0 161 0 255 77 255 0 224 255 255 209 0 255 0 255 0
    0 0 255 255 255 255 0 0 53 0 255 0 255 0 102 255 0 255 255 0 255 255
    42 50 0 255 255 87 0 66 255 0 0 0 255 255 0 0 255 255 255 0 0 71 179
    94 255 0 185 0 172 255 0 255 0 0 255 0 255 0 183 255 255 0 0 255 255
    0 255 0 0 255 137 0 234 0 0 255 255 125 88 255 255 255 0 0 0 255 0
    255 0 255 72 255 255 0 0 255 0 255 131 0 255 61 255 170 0 255 255
    255 67 0 0 0 97 255 0 255 255 0 81 0 0 150 255 0 255 239 0 116 0 255
    0 220 0 255 214 0 255 0 0 255 0 255 255 149 0 27 0 255 0 0 255 5 0
    255 0 255 181 255 0 255 0 0 153 255 0 0 255 0 38 255 0 255 130 0 255
    0 110 31 81 255 0 255 103 0 23 114 255 0 194 255 0 255 0 169 255 0
    62 117 0 167 95 255 0 0 255 96 255 179 136 255 0 0 0 0 255 0 0 184 0
    0 255 0 255 255 255 255 75 0 255 255 0 255 0 147 0 255 51 152 255 0
    255 255 51 0 9 0 156 0 0 0 0 0 235 0 255 0 255 0 0 255 255 255 21 0
    255 255 0 8 0 0 255 0 255 0 0 255 0 0 255 0 0 255 0 0 0 255 0 255
    255 0 255 255 0 0 0 255 230 255 0 0 255 191 255 255 255 183 255 0
    255 255 0 255 0 255 0 0 0 255 0 190 0 255 255 255 177 236 0 143 0
    255 255 0 0 0 255 153 0 0 0 255 0 255 255 125 255 255 0 255 0 255
    255 255 255 0 255 0 215 0 0 0 255 255 121 0 0 255 113 181 0 0 255 0
    0 255 207 0 0 255 65 255 0 255 0 255 255 0 255 0 255 255 253 0 0 255
    0 0 255 255 51 255 255 0 255 0 255 255 171 0 0 255 0 255 6 0 255 0 0
    77 0 109 255 0 255 19 154 255 0 255 255 0 255 0 255 255 255 0 255
    255 255 0 0 0 177 255 0 255 108 255 255 255 23 0 255 255 0 255 0 0
    255 255 0 255 0 255 0 0 255 255 255 255 0 255 255 0 255 255 169 162
    0 255 0 0 0 0 255 0 0 255 0 255 0 136 137 0 177 77 0 0 255 255 0 255
    0 0 255 217 0 255 30 255 255 238 255 163 234 0 255 0 255 193 0 0 255
    159 255 255 0 0 255 0 255 141 0 0 255 0 255 174 255 255 0 0 0 255
    188 0 0 19 44 255 0 0 0 0 0 252 255 0 255 0 0 68 164 236 42 0 255 0
    255 0 255 0 255 129 255 255 255 234 0 0 0 0 255 0 255 255 79 0 255
    194 0 0 255 0 255 0 83 6 0 0 0 0 255 0 255 168 0 255 0 255 122 55
    255 0 114 0 255 160 255 0 231 139 0 255 223 0 255 0 0 255 0 255 255
    18 255 0 0 255 255 0 175 0 255 0 255 187 6 255 255 0 255 174 255 0
    138 0 199 255 0 176 255 255 0 255 255 0 255 0 0 255 0 235 255 162 0
    114 0 255 0 255 30 0 255 0 255 0 181 0 0 255 0 0 255 0 0 255 255 0
    138 255 255 141 0 0 47 0 0 255 0 0 255 0 255 40 0 255 255 0 255 0 3
    0 173 255 255 0 255 255 0 255 0 255 82 0 255 0 255 0 255 255 157 255
    148 255 0 255 255 0 255 255 50 255 255 0 255 158 255 0 255 255 0 255
    255 0 255 0 0 255 0 32 0 255 0 255 0 255 0 255 255 0 255 0 255 255
    255 190 0 255 244 0 255 255 0 255 0 0 0 255 0 255 0 255 199 139 0 0
    255 0 18 255 0 255 0 255 0 0 255 0 219 255 255 228 0 217 0 60 0 255
    0 40 0 255 0 255 255 0 255 255 0 255 0 0 0 94 255 109 255 255 255 0
    87 255 0 255 0 0 29 198 0 255 0 255 255 255 255 255 0 255 255 255
    255 255 85 0 255 0 93 118 255 255 0 255 0 234 255 255 0 101 0 0 0
    255 255 0 255 255 255 255 255 255 238 0 255 0 255 253 5 255 255 0
    255 0 255 0 255 0 255 255 0 255 0 255 0 255 255 11 150 86 178 255 0
    255 255 0 255 0 255 0 255 0 0 255 255 255 0 0 255 0 255 0 255 0 255
    0 0 0 0 47 101 255 0 255 255 0 255 255 255 105 0 255 255 0 0 255 84
    255 0 255 0 0 0 255 0 255 104 255 0 0 255 255 0 255 255 0 255 0 60 0
    136 255 0 0 0 0 255 0 255 0 255 255 0 171 0 0 255 0 255 255 147 255
    255 255 54 255 255 0 255 0 255 0 255 0 252 0 0 255 0 255 0 0 0 255
    255 228 0 255 0 0 255 0 255 0 255 0 255 0 255 0 0 255 255 0 255 0
    154 0 0 255 255 255 0 255 4 0 0 0 255 0 255 0 255 255 255 51 255 0
    255 2 0 0 34 0 255 0 21 0 255 0 255 255 0 0 0 0 0 211 255 0 255 113
    0 255 255 0 255 0 255 0 0 0 255 82 0 255 0 142 185 0 0 255 255 255
    255 120 0 0 255 0 255 84 0 255 0 202 255 255 255 255 90 0 255 93 255
    255 0 0 236 255 0 0 255 0 255 0 255 255 0 255 0 34 0 18 4 0 255 255
    255 0 255 0 255 255 0 255 255 62 0 0 0 0 255 255 255 0 0 63 0 255 0
    0 255 0 255 255 211 0 0 89 0 255 0 255 0 0 0 230 87 255 0 60 0 255
    151 90 0 0 0 0 255 0 71 255 0 0 255 183 181 255 0 0 0 255 255 255
    255 155 255 0 255 255 0 0 0 255 255 0 255 140 107 255 0 255 0 255 0
    0 0 255 255 59 255 0 0 255 0 0 255 40 0 171 255 0 51 0 0 0 255 255 0
    255 0 133 0 176 255 255 141 132 255 0 255 105 0 255 0 0 0 255 255
    255 0 255 0 255 53 255 0 255 0 255 232 107 255 0 0 0 255 52 255 0
    255 0 0 255 0 18 209 0 255 0 0 255 0 255 0 0 255 0 255 255 0 255 0
    255 255 0 148 255 255 0 255 255 123 0 255 58 255 0 255 0 132 40 255
    255 64 255 0 255 255 0 255 0 112 255 155 0 17 51 0 255 245 0 155 255
    0 255 0 0 255 0 0 0 255 0 255 255 0 255 61 255 255 0 255 0 255 0 255
    117 255 255 0 0 0 255 0 255 0 254 255 255 0 255 0 255 255 0 0 0 255
    0 255 0 0 47 255 255 0 33 0 255 0 255 255 169 31 255 255 0 0 0 0 255
    174 179 255 0 255 0 0 255 255 255 255 25 64 255 137 0 0 0 255 255 0
    255 0 0 255 0 255 255 0 255 0 0 255 245 255 0 0 0 0 0 0 255 174 163
    255 255 255 0 255 255 255 0 0 255 163 255 0 255 0 255 0 0 255 0 0
    255 0 255 255 255 250 255 255 0 255 171 0 255 0 255 0 255 0 0 255
    255 172 0 255 255 255 0 8 0 255 0 255 0 255 255 0 255 0 0 255 0 0 48
    255 0 255 0 0 255 131 255 0 255 255 255 0 255 0 0 255 81 255 0 108
    255 0 206 0 255 255 83 0 0 255 0 0 255 87 255 0 255 255 0 202 255
    255 0 255 255 0 0 181 0 0 0 255 117 0 255 239 0 255 0 255 0 65 0 255
    0 0 255 255 0 95 255 255 0 255 0 255 255 255 0 170 0 255 0 143 255 0
    109 0 255 0 0 9 0 255 0 255 167 0 0 0 255 0 255 0 180 99 255 0 0 255
    0 255 0 136 255 0 244 255 0 0 255 33 255 0 255 0 255 255 255 241 63
    255 92 214 93 76 0 255 0 0 255 0 255 176 255 85 0 0 255 255 0 0 52
    255 0 237 0 30 0 72 0 255 0 255 0 255 0 209 249 165 0 0 255 0 255
    115 0 0 186 14 0 237 0 228 255 255 0 158 116 0 255 210 0 185 249 0 0
    0 255 0 0 255 0 255 255 255 253 0 255 0 11 255 0 255 0 114 0 0 58 76
    7 255 0 200 0 0 218 255 255 0 255 0 0 25 175 0 0 0 255 0 255 0 133
    123 41 0 255 0 52 255 255 255 255 131 0 255 0 210 255 0 0 255 255 0
    255 255 157 255 255 65 255 179 255 255 0 72 0 255 255 0 0 255 0 255
    255 203 0 255 155 0 90 255 0 149 138 0 121 0 255 255 0 0 255 0 255
    255 255 255 0 255 0 0 255 0 255 255 0 255 255 255 255 0 121 0 151
    255 255 0 88 0 255 0 0 0 255 255 171 0 255 0 0 255 0 255 255 255 152
    0 0 0 0 255 0 0 255 239 98 255 0 255 0 0 255 107 255 214 203 2 0 255
    0 255 0 198 0 255 0 100 0 255 255 68 0 76 0 0 255 255 0 255 0 255 0
    255 0 255 0 0 92 255 186 0 255 107 17 156 255 255 255 0 255 177 41
    255 255 255 0 255 0 137 255 0 211 31 255 253 255 0 0 0 175 201 0 29
    3 255 0 22 255 255 255 0 0 15 255 255 130 0 255 0 0 225 255 63 152 0
    163 191 0 0 0 255 0 131 255 0 255 255 255 0 0 255 255 255 0 36 17 0
    255 255 255 255 0 26 0 255 0 86 221 255 178 255 255 255 0 255 0 255
    48 255 0 0 95 0 255 0 255 0 0 255 0 0 255 77 0 0 255 255 255 0 255 0
    255 0 0 255 0 4 255 0 255 0 0 255 0 255 255 0 255 0 36 255 255 0 255
    0 157 0 255 255 0 255 255 255 0 0 0 248 193 0 37 0 255 111 0 255 255
    251 255 0 218 0 0 0 0 135 255 225 203 255 0 0 0 255 255 0 255 254
    151 0 255 0 157 255 255 255 255 255 255 0 255 0 68 255 255 0 255 0
    255 0 255 0 255 0 0 255 0 255 130 255 255 202 0 0 255 255 0 0 255
    255 0 0 0 255 241 255 0 255 255 159 255 255 0 0 0 99 0 0 255 0 255 0
    255 255 213 28 0 255 0 0 255 226 0 255 0 0 0 255 0 255 0 0 255 104 0
    0 255 0 0 255 177 0 255 255 101 255 0 0 255 46 255 0 255 64 173 0 39
    255 255 102 0 255 0 211 107 0 2 0 255 0 255 0 255 0 255 255 0 0 255
    255 255 0 116 0 255 255 0 249 0 207 0 255 0 0 255 0 255 27 0 255 255
    0 255 255 0 0 0 0 16 255 255 0 0 255 255 43 193 6 255 255 255 0 205
    255 200 255 0 0 96 255 255 0 0 0 0 0 0 255 0 0 147 0 0 255 0 255 200
    0 255 255 255 200 0 255 255 255 0 255 97 255 0 255 49 255 0 255 255
    255 255 0 255 0 255 255 255 255 255 0 0 255 255 0 0 255 0 92 255 255
    251 255 255 32 0 0 251 0 233 255 255 242 0 255 125 0 255 31 0 255
    255 0 32 0 168 255 0 0 255 0 255 255 255 0 0 23 0 255 85 0 180 0 255
    127 255 0 255 0 107 111 0 233 79 0 255 255 0 0 255 255 0 255 92 0
    255 255 0 255 105 255 255 255 255 0 255 255 0 255 255 255 255 0 0
    255 164 90 255 0 255 0 255 0 40 0 255 0 255 0 255 0 124 0 255 0 255
    0 255 0 136 255 0 255 255 0 255 0 0 0 0 255 0 44 255 181 0 255 0 0
    255 0 162 255 0 0 255 160 0 255 155 255 0 255 147 255 255 0 65 0 0 0
    0 150 255 0 0 255 255 34 15 255 255 0 0 84 255 255 255 0 255 0 0 255
    0 0 255 0 255 255 0 255 91 0 0 8 255 255 0 0 208 0 255 0 255 0 255
    255 212 82 59 255 255 120 1 0 255 0 255 255 0 255 255 0 255 255 0
    255 0 0 0 255 150 141 0 0 255 0 226 230 133 0 7 255 215 0 112 0 255
    255 0 255 0 255 0 255 255 59 0 37 255 158 255 0 255 134 104 255 0 0
    0 241 0 255 255 255 0 255 0 0 255 0 0 255 0 255 0 0 255 0 96 0 255
    103 109 255 255 195 255 255 0 255 255 255 255 0 255 0 255 255 0 0 0
    255 0 255 11 0 255 255 0 52 0 255 137 255 0 0 255 0 255 0 207 0 0
    255 0 12 255 0 255 0 0 255 158 100 0 0 0 255 255 0 55 255 255 0 0 59
    176 76 255 0 255 0 255 0 255 16 255 255 0 0 0 255 0 255 80 0 255 0
    255 0 0 255 255 255 0 255 255 101 219 0 255 0 0 255 0 0 255 194 255
    0 0 0 255 90 234 0 255 0 255 0 0 144 0 0 255 255 202 255 0 255 0 159
    0 0 20 0 172 149 107 0 255 0 255 255 255 255 127 0 255 0 0 255 0 255
    255 255 0 255 0 123 0 138 255 0 255 255 0 0 0 255 18 135 255 0 255 0
    2 255 33 255 253 255 0 255 0 0 0 255 0 255 142 0 255 180 0 255 0 0
    94 255 0 0 255 255 140 0 64 0 255 0 255 0 160 255 0 255 20 0 255 0
    189 0 0 161 255 0 59 255 0 0 0 119 0 255 255 255 0 255 0 255 0 255 0
    0 0 255 255 0 115 255 0 0 0 0 255 255 0 255 0 255 0 0 255 0 255 0
    255 0 150 255 0 255 115 0 255 0 255 255 0 0 255 0 0 0 255 0 24 0 255
    255 0 0 255 0 0 255 0 255 0 0 0 255 64 0 255 0 26 255 0 255 0 255
    128 0 255 255 229 128 0 255 255 96 255 0 0 121 253 224 0 255 0 9 0 0
    255 255 255 38 76 0 0 107 255 64 0 0 255 0 255 0 255 90 0 28 240 0
    147 255 255 0 255 255 200 0 255 255 255 0 255 0 247 0 185 255 208 0
    255 255 255 220 255 103 158 166 0 255 120 0 0 255 255 0 255 71 255 0
    137 0 0 255 0 102 255 255 0 0 255 0 43 0 255 0 255 0 0 0 255 84 0
    146 0 174 255 0 0 0 0 147 0 255 136 255 0 255 0 255 255 108 255 0 0
    191 0 0 255 0 0 255 255 0 255 0 255 0 255 255 23 255 0 0 255 152 0
    255 0 255 0 0 0 0 0 0 255 33 0 255 0 255 255 60 0 108 255 0 255 255
    0 255 0 255 0 129 126 0 255 76 255 224 255 255 255 0 255 0 255 1 255
    255 255 92 255 68 0 151 0 135 255 0 0 255 188 61 0 255 255 0 255 0
    255 156 0 0 0 255 255 0 255 255 58 255 255 0 0 255 0 255 255 255 0
    255 79 255 27 0 255 255 211 0 0 0 0 255 0 255 255 152 0 255 0 255
    105 0 0 97 255 0 255 0 255 0 255 0 237 255 255 0 82 0 255 255 255
    255 0 0 255 243 255 0 255 0 255 255 0 0 255 65 255 0 255 0 255 134
    255 255 0 0 0 255 0 255 0 193 255 0 255 0 255 0 0 0 0 67 163 0 255 0
    0 0 255 0 255 0 255 255 255 255 0 255 31 255 255 0 255 0 0 255 255 0
    227 0 255 202 0 255 0 255 6 255 0 255 143 255 255 0 255 255 255 255
    0 255 217 0 255 255 255 255 0 0 255 255 255 0 0 213 0 255 255 255 0
    255 176 255 0 255 47 0 255 0 29 255 0 0 255 0 255 62 255 0 255 136 0
    220 4 255 100 255 198 255 148 255 255 255 30 255 0 255 0 255 0 255
    130 255 0 255 255 0 255 255 192 0 101 0 255 255 0 255 0 255 0 79 255
    211 0 150 0 255 0 0 255 0 255 244 0 255 255 0 255 255 255 255 0 40
    255 255 3 0 255 85 0 75 0 255 0 125 255 255 55 0 255 0 255 0 255 255
    255 0 255 0 255 255 0 0 255 255 255 0 0 255 247 0 255 255 131 0 255
    0 255 0 255 255 0 24 73 255 111 0 198 255 255 0 0 255 255 255 0 0 0
    255 255 0 0 0 0 0 255 65 224 0 255 122 0 130 255 255 143 255 200 0
    255 0 255 0 0 0 255 0 255 0 0 255 51 0 255 186 255 79 96 255 0 255 0
    255 255 255 0 255 0 0 0 0 255 114 255 0 255 0 255 170 255 255 255
    255 0 255 0 255 159 255 88 255 225 0 0 102 255 255 0 216 255 255 0
    255 0 255 255 0 255 0 0 53 255 0 255 255 36 0 255 171 255 0 255 0 0
    216 255 0 236 0 201 0 255 166 251 106 255 0 255 255 0 118 0 136 0
    255 0 0 255 255 255 0 129 0 0 173 0 255 13 0 0 192 255 0 255 0 228
    127 120 229 119 255 255 0 255 10 255 0 255 21 27 0 255 255 0 0 255 0
    0 255 255 0 255 109 255 142 0 255 251 0 101 0 0 30 168 0 0 0 255 0
    84 255 0 255 0 255 255 0 255 0 255 107 0 0 255 0 0 2 157 255 0 0 255
    13 197 0 255 0 255 255 0 186 34 255 0 255 4 255 0 255 255 0 255 0
    255 255 0 0 112 0 255 255 0 58 255 33 65 0 255 207 0 255 255 255 0 0
    255 158 255 39 255 255 255 255 0 255 255 0 255 0 102 255 0 255 43
    255 0 255 29 255 255 57 255 0 255 0 255 0 255 149 0 255 0 0 255 0
    255 0 255 244 0 255 0 0 255 11 255 0 111 0 56 227 255 0 255 0 0 125
    0 0 255 255 255 0 0 255 0 255 223 0 255 255 255 252 255 0 0 0 124 63
    0 0 255 255 0 0 255 255 0 255 0 255 0 255 255 0 0 255 0 237 0 172
    255 255 0 0 255 255 45 99 255 0 0 255 87 255 255 0 0 196 192 0 0 204
    255 0 255 255 0 255 255 0 255 255 0 16 255 255 255 255 0 0 0 255 0
    255 255 0 0 255 0 85 255 0 255 158 0 39 0 255 140 255 0 0 153 0 0 0
    255 0 255 0 22 0 0 255 126 255 255 255 0 108 0 255 255 255 255 0 255
    80 255 0 255 0 0 255 205 255 255 219 255 214 255 177 60 0 237 99 0
    255 0 255 0 255 0 0 255 255 206 169 229 0 0 54 255 0 255 44 255 0 62
    255 0 255 0 213 255 255 255 255 0 255 67 255 0 255 177 255 0 255 0
    255 0 0 255 255 0 255 255 0 0 152 0 255 0 255 255 0 0 255 124 0 255
    0 0 0 0 0 255 221 124 255 255 40 0 255 0 154 0 0 0 255 255 0 255 0
    107 255 255 255 0 255 0 44 47 255 255 0 244 255 255 0 255 0 255 0 0
    255 0 26 255 112 255 0 255 255 181 0 0 17 0 19 25 255 255 0 0 255
    255 0 255 255 0 0 255 0 255 106 180 0 39 255 255 0 11 0 0 255 255 0
    255 255 255 0 255 0 0 255 255 74 255 52 137 75 255 0 255 255 0 255 0
    255 178 0 255 255 255 255 115 0 0 255 0 25 0 0 255 54 255 0 255 0 61
    255 0 255 255 0 0 0 255 0 255 255 255 149 255 0 0 255 0 255 236 0
    255 0 255 235 241 119 255 0 255 0 0 255 0 255 255 255 0 31 131 215
    255 0 255 0 0 188 0 0 0 255 255 0 0 255 255 255 255 0 255 95 163 243
    0 0 255 255 0 255 255 0 255 0 255 255 0 133 0 161 0 3 0 94 255 46 0
    255 141 0 255 238 0 0 255 0 255 58 34 134 255 255 0 0 0 255 43 255 0
    0 255 255 102 255 0 80 255 0 255 0 55 0 0 84 0 255 0 0 255 255 255
    181 255 219 0 0 0 255 0 0 255 147 143 255 0 255 0 0 255 0 255 255 0
    103 255 0 217 255 62 0 255 255 0 0 255 255 0 0 255 0 255 255 0 255 0
    255 0 0 255 243 0 255 0 255 105 0 241 255 0 255 255 0 0 255 255 255
    114 255 0 255 183 255 0 72 255 0 0 0 255 0 255 0 0 255 0 0 0 255 255
    0 88 0 0 0 225 0 57 255 0 44 255 0 255 255 190 0 255 109 255 174 0 0
    255 255 0 0 153 255 28 0 0 255 255 0 0 129 255 0 52 0 255 0 255 0
    255 0 255 0 255 255 0 0 255 164 105 0 0 255 0 255 47 0 255 0 0 255 0
    0 117 239 111 0 255 0 173 0 0 0 0 255 0 0 255 255 0 255 17 0 2 0 0
    255 0 0 248 255 255 255 0 255 0 255 97 255 255 0 0 255 255 233 0 0
    255 255 255 219 0 21 0 7 0 72 255 0 255 0 0 255 0 255 0 0 0 0 119 0
    255 255 0 0 30 0 255 0 255 255 0 255 0 255 0 255 101 46 0 255 0 255
    255 88 0 182 255 0 25 0 255 0 255 255 199 32 255 0 255 155 255 0 255
    0 0 0 42 214 0 255 0 0 255 34 0 255 49 0 255 255 0 0 255 255 0 255
    223 0 255 0 0 255 0 0 24 0 186 255 154 0 0 15 255 0 0 255 255 255
    255 0 255 0 255 0 252 0 0 255 255 255 0 255 81 255 0 0 255 70 0 255
    255 0 0 255 0 255 255 0 179 255 255 255 255 0 194 0 66 0 255 255 69
    210 0 255 255 255 0 255 230 0 76 1 0 183 255 0 255 0 255 255 255 216
    0 255 255 0 255 0 255 255 0 255 0 198 255 0 255 0 255 98 205 255 17
    0 166 255 255 0 0 0 255 255 225 36 0 255 0 255 255 0 255 255 0 255
    255 255 255 29 0 255 255 164 0 0 255 0 255 255 248 255 255 144 255 0
    179 0 101 0 255 0 255 63 255 255 255 255 152 47 0 255 15 0 255 0 255
    0 255 0 255 109 106 255 10 158 255 0 219 0 255 255 255 103 255 230
    255 0 200 0 186 255 255 255 0 255 0 0 255 255 255 0 255 0 57 255 188
    202 255 0 255 0 255 0 255 255 206 255 255 255 0 255 0 255 255 255 55
    0 96 255 255 107 1 0 0 255 53 255 255 0 0 255 0 0 255 255 0 226 255
    234 255 0 255 0 255 255 154 49 187 255 211 255 255 255 255 231 87 0
    0 0 0 255 230 0 0 0 0 21 255 255 0 255 0 0 250 0 255 0 0 255 0 0 255
    255 59 255 255 0 53 255 106 6 255 0 59 67 255 0 0 255 7 0 255 170 0
    250 0 0 255 0 130 0 0 0 0 0 243 0 255 34 248 114 255 255 0 255 0 0 0
    12 255 77 0 239 117 255 198 10 0 59 255 0 255 0 255 255 0 255 0 255
    255 255 255 255 0 197 103 255 255 0 0 0 255 222 0 255 255 0 255 255
    0 114 0 0 255 0 255 255 255 210 25 255 242 255 255 0 0 255 0 104 0
    255 0 255 0 0 255 212 0 255 255 255 0 0 0 255 255 0 255 255 0 255 0
    255 0 255 255 0 24 0 255 185 0 255 0 255 0 255 0 255 0 255 0 0 0 0 0
    0 255 241 255 126 255 0 255 255 0 128 0 149 0 92 0 255 0 0 125 255
    124 0 0 255 0 255 0 0 145 0 169 255 0 255 0 255 255 0 255 0 255 0
    255 0 255 62 53 255 255 255 255 140 131 0 255 0 255 0 255 255 116
    255 255 0 255 0 0 255 0 0 0 85 0 0 5 255 255 255 186 201 255 0 233 0
    255 0 255 0 255 0 255 255 230 37 0 255 0 88 0 255 0 255 255 0 0 255
    0 51 0 0 0 255 206 255 46 255 255 0 0 255 255 128 53 255 0 57 255 0
    0 98 255 255 255 255 0 255 255 0 0 0 25 0 255 254 255 0 255 0 255
    255 0 0 0 255 150 255 0 255 144 255 0 0 255 0 255 255 255 0 0 0 0 0
    128 255 27 255 0 123 253 255 69 255 0 255 0 255 0 0 0 102 0 6 255 0
    255 255 0 255 0 63 80 255 249 165 255 0 0 0 255 255 255 0 80 0 255 0
    109 0 0 0 255 0 255 0 255 108 0 0 202 0 255 0 255 0 191 0 255 255 0
    255 0 156 255 134 255 0 255 0 255 0 0 255 255 255 255 0 0 0 0 255 0
    0 0 0 0 255 0 255 0 255 61 0 0 255 0 0 255 255 0 255 0 255 0 61 255
    255 0 255 255 0 255 0 0 255 0 255 0 255 70 255 0 255 0 131 219 0 0
    255 255 3 0 0 255 201 0 255 0 108 255 255 150 216 255 0 255 255 97
    255 149 255 121 91 255 0 255 0 255 0 0 255 255 0 255 170 0 255 255 0
    255 0 0 0 255 255 0 0 255 0 0 71 255 0 255 48 255 0 0 0 255 255 10 0
    0 255 17 255 0 255 0 0 255 154 0 255 255 255 0 52 82 0 0 0 255 0 158
    0 0 255 155 0 255 155 107 66 0 32 255 173 0 0 255 255 0 32 253 181
    211 255 0 89 255 0 255 0 255 0 255 0 135 0 255 0 152 155 255 0 255 0
    255 0 219 0 255 255 255 0 54 0 255 0 133 255 11 0 0 255 22 255 0 255
    85 255 117 255 255 0 0 255 0 255 0 0 255 0 0 255 0 193 0 0 0 0 255
    178 255 0 0 255 0 255 232 255 0 255 255 0 169 0 0 255 0 255 255 255
    250 255 0 255 255 0 255 115 255 0 9 228 255 0 255 255 255 0 255 0
    255 130 255 0 0 255 255 255 0 0 0 255 0 9 255 0 255 255 0 0 255 255
    255 179 0 0 0 0 187 0 0 61 255 0 255 255 0 0 255 0 0 255 255 255 49
    255 195 255 0 255 255 0 0 255 137 255 0 0 255 0 0 0 255 0 0 255 0 0
    255 255 0 93 73 0 255 0 255 0 255 255 0 255 132 255 255 33 0 88 0
    255 0 0 0 255 0 46 0 255 238 12 255 0 0 145 255 19 0 100 0 123 255 0
    0 159 151 0 255 0 184 255 255 0 255 255 255 0 255 0 255 0 255 48 170
    0 0 255 0 164 110 0 105 129 255 26 255 255 0 255 0 255 255 255 0 234
    255 171 255 0 255 0 255 0 255 0 255 114 0 255 0 255 255 0 255 0 0 0
    255 0 255 0 0 255 0 0 255 255 255 0 0 0 255 0 0 255 255 56 93 141
    255 255 255 0 255 0 114 255 255 0 255 0 0 255 31 255 0 255 255 0 255
    0 0 255 0 0 0 255 242 255 255 255 0 255 255 0 222 74 0 95 255 255 0
    255 0 192 255 0 116 0 0 206 0 0 0 255 255 193 0 42 0 0 255 11 255 0
    255 0 255 0 39 191 198 255 0 0 255 255 0 0 0 255 0 255 255 120 255 0
    255 0 138 0 16 0 0 0 255 0 255 255 0 104 0 0 252 85 135 155 0 255 0
    0 178 0 255 255 0 255 255 176 0 255 0 255 0 255 97 0 0 0 255 255 0
    255 0 255 0 255 0 255 255 0 0 0 255 255 0 255 180 121 201 255 255 0
    210 0 7 255 0 255 0 255 255 255 255 114 181 0 255 0 22 241 242 0 0 0
    242 0 135 255 7 255 0 255 0 255 0 255 0 0 5 0 255 255 255 255 0 255
    255 0 0 221 0 0 0 255 238 0 182 0 255 0 155 233 0 255 255 0 0 255 0
    255 16 0 255 0 206 0 0 255 0 0 255 11 255 255 255 255 255 195 255 0
    255 0 0 255 255 0 255 0 94 255 255 0 255 0 0 0 0 0 255 99 0 0 255 0
    255 14 255 165 0 255 0 70 24 0 255 0 0 255 0 255 0 0 0 0 44 255 255
    0 255 255 0 0 153 255 255 0 0 209 0 0 255 255 0 255 44 255 72 228
    255 255 255 255 0 255 255 0 0 255 0 249 0 255 0 0 123 255 110 0 255
    74 255 0 255 255 255 255 238 255 0 255 151 0 255 0 255 0 255 255 255
    0 255 0 158 205 255 255 0 0 0 255 204 158 0 255 102 0 119 0 202 0
    255 46 255 0 0 0 255 0 0 0 0 0 255 255 0 0 48 255 255 255 0 55 255 0
    255 0 255 255 0 146 0 255 0 255 60 68 255 0 0 255 0 255 255 0 255 0
    255 0 0 0 255 255 0 255 0 255 0 255 42 0 31 0 255 255 0 10 255 20 0
    0 255 0 75 176 167 255 0 0 0 0 255 0 255 94 0 255 255 0 255 0 0 255
    0 255 0 255 0 255 255 0 0 255 85 255 255 89 0 255 0 0 255 56 255 0
    255 112 169 70 255 87 255 0 255 0 0 0 255 0 0 169 255 0 0 255 0 57 0
    0 255 0 255 0 255 255 0 255 0 255 253 39 0 255 0 255 0 255 45 255 74
    193 0 226 255 255 255 0 0 255 255 0 0 0 136 255 0 0 255 216 255 173
    69 0 255 0 255 0 255 161 0 255 255 0 0 18 242 0 0 0 255 30 0 255 255
    0 255 255 254 255 176 164 0 255 255 198 255 0 0 255 255 12 0 0 0 255
    0 3 25 255 232 255 52 0 255 28 255 0 255 255 168 0 255 0 0 255 0 91
    104 99 255 159 0 255 0 238 255 102 0 255 21 0 0 255 0 255 157 18 255
    53 0 0 255 0 180 255 255 255 255 0 169 255 255 164 0 0 255 255 255 0
    0 255 0 0 255 5 63 40 255 0 6 0 255 255 196 0 255 189 150 255 0 255
    255 0 255 0 32 255 30 0 0 255 255 0 255 78 255 185 24 0 255 0 255 0
    0 255 29 255 0 0 0 0 255 255 0 242 255 255 55 250 0 182 255 255 255
    0 255 255 144 255 0 250 255 0 222 255 0 0 0 255 8 255 0 0 0 0 0 255
    0 255 0 255 255 0 255 255 0 0 255 192 161 0 255 255 255 0 178 255 0
    181 255 209 228 255 0 0 114 83 255 200 151 0 255 0 255 0 75 255 0
    255 0 0 0 0 255 169 255 255 255 255 95 0 133 0 196 255 0 0 255 0 255
    255 255 0 0 255 255 255 0 0 255 255 252 68 255 255 160 155 255 0 0
    107 0 0 0 0 0 190 255 0 29 20 0 0 255 255 0 0 255 0 55 0 255 255 0 0
    0 0 0 0 0 150 255 255 255 0 255 197 0 31 72 255 12 255 179 20 255 0
    255 255 0 255 255 14 255 0 255 255 255 255 135 125 0 216 255 0 255
    80 0 255 0 0 0 0 0 255 255 0 62 109 0 255 255 137 119 0 255 0 255
    255 0 255 0 0 0 165 193 255 0 255 255 0 0 255 63 0 255 90 0 0 0 255
    13 255 0 255 255 0 255 26 0 255 0 255 0 255 0 255 255 0 0 118 193
    225 255 0 255 255 255 0 255 0 255 0 207 255 0 255 0 100 228 0 0 255
    255 3 0 125 177 0 182 255 0 255 0 0 0 255 0 0 255 255 255 234 0 0
    255 0 0 255 167 0 255 151 255 0 0 255 80 255 163 109 0 0 0 255 0 44
    255 0 255 255 255 88 0 255 46 255 0 0 255 0 123 102 2 0 255 255 255
    255 255 0 0 205 0 0 59 255 255 0 0 198 255 255 255 0 0 255 0 255 0 0
    0 0 255 255 174 223 0 0 255 0 0 255 97 0 255 255 0 255 0 255 0 0 255
    0 255 255 73 255 0 0 0 255 0 255 233 255 18 255 255 0 0 255 0 255 0
    255 0 0 255 255 0 61 0 0 0 0 255 237 0 0 255 255 0 0 255 0 0 0 255
    76 197 0 0 0 255 255 255 255 0 255 255 255 0 255 150 0 207 255 255 0
    255 0 255 0 0 255 95 0 0 255 0 0 6 13 255 0 255 255 0 255 0 0 0 255
    182 255 0 182 255 255 0 0 0 255 227 0 0 0 255 0 255 0 0 255 234 0
    255 0 255 255 49 255 255 255 255 0 0 255 3 255 0 17 255 0 0 243 215
    0 74 0 255 0 149 0 0 255 255 0 255 255 72 173 255 180 182 255 0 0
    255 97 129 0 255 255 0 255 0 255 8 255 0 255 0 120 226 50 255 0 255
    176 255 0 255 162 255 0 171 255 40 0 255 0 255 255 0 255 0 255 255 0
    255 0 0 255 0 255 70 255 171 255 0 127 0 46 0 255 42 255 0 13 0 0
    138 255 0 255 255 0 255 0 255 0 255 0 255 127 0 255 0 255 0 154 195
    255 0 189 0 0 180 0 255 255 255 0 0 255 0 168 0 0 0 255 0 255 255 0
    207 0 0 255 77 0 0 0 186 255 255 0 255 0 255 255 255 195 133 0 244 0
    170 255 255 90 0 255 0 255 5 157 255 255 0 255 255 255 0 255 0 0 255
    0 255 0 255 0 255 130 0 0 255 0 255 255 0 255 0 255 255 255 0 252
    255 240 0 255 0 0 0 0 255 255 12 0 217 255 255 109 255 0 255 255 0
    255 255 0 255 0 255 255 0 0 0 255 255 12 0 255 95 0 0 255 255 255
    255 255 0 43 0 233 0 255 0 255 255 0 0 208 255 103 255 255 255 255 0
    255 255 255 0 255 251 255 0 255 53 0 227 0 87 0 0 255 0 81 255 78 0
    255 0 0 148 203 255 0 255 255 255 0 255 255 49 255 255 0 0 255 0 255
    0 255 188 0 92 0 25 255 0 255 27 90 255 0 255 0 255 255 0 255 0 255
    255 0 60 0 0 255 232 0 241 0 68 0 255 255 0 0 255 255 255 9 255 0
    210 0 106 255 0 0 0 255 0 0 255 255 51 0 255 255 255 0 91 0 255 255
    10 255 0 193 5 68 0 255 12 0 255 255 255 255 203 76 255 0 0 255 255
    255 16 0 123 255 255 255 255 0 255 255 0 0 0 255 0 6 255 43 255 255
    0 0 255 186 0 8 255 0 0 94 163 255 0 0 255 0 76 255 77 255 0 255 0
    255 0 255 255 30 160 255 0 0 255 0 0 255 133 0 0 0 0 255 255 0 255 0
    0 255 255 78 255 52 255 0 255 0 255 56 255 255 0 0 255 241 0 0 255 0
    54 0 255 255 104 255 0 0 0 255 11 255 0 0 15 0 0 0 29 255 0 5 0 163
    129 141 255 2 0 0 0 255 145 0 0 195 255 0 255 88 103 255 0 255 255
    255 255 0 255 0 208 68 255 0 255 255 255 0 196 192 255 255 255 0 109
    255 255 174 255 0 212 0 255 140 0 255 255 0 255 0 255 0 255 0 0 0 0
    0 0 39 0 0 0 255 0 255 255 0 255 203 255 0 255 255 36 255 255 96 0 0
    255 255 2 0 0 255 255 164 87 0 233 0 0 0 255 36 255 0 255 0 255 255
    0 255 0 251 255 72 151 0 202 0 255 255 42 0 255 148 249 255 0 255
    231 0 255 208 255 0 255 255 0 117 255 0 255 0 0 0 255 13 51 0 0 0 91
    158 0 255 255 255 255 0 255 0 23 162 255 0 255 0 0 0 0 255 255 0 0
    255 0 0 255 17 246 255 251 0 109 255 255 255 0 6 255 255 0 246 0 121
    255 0 187 194 255 0 255 154 0 255 255 0 255 0 255 0 0 84 172 0 0 255
    255 255 169 0 153 255 0 0 255 255 255 255 248 0 255 29 255 0 255 255
    98 0 255 0 255 255 0 255 0 5 255 255 167 255 255 0 255 78 0 0 255 0
    255 255 255 70 255 0 72 255 255 255 0 255 0 64 0 44 255 30 0 12 255
    0 255 255 151 255 0 0 239 0 0 255 0 0 0 45 44 0 255 62 255 0 255 0
    255 255 0 255 255 0 255 255 34 0 255 255 0 255 0 255 0 255 255 255 0
    255 0 255 255 0 27 255 0 255 0 255 255 0 0 64 101 0 255 255 0 84 0
    203 255 255 0 0 255 255 184 255 255 0 147 255 0 177 255 202 0 0 228
    255 132 255 0 255 0 255 255 0 0 255 114 255 0 255 75 0 0 255 255 0 0
    255 0 255 0 255 0 255 0 255 0 141 47 255 0 0 255 0 255 0 0 133 255 0
    255 0 0 255 0 0 150 255 0 255 255 255 0 0 255 0 255 112 255 255 255
    197 255 0 0 255 0 70 0 255 0 0 6 0 85 0 255 255 0 255 0 255 0 255 0
    255 0 0 255 255 0 255 0 255 0 255 0 255 176 241 255 255 0 82 0 255 0
    216 255 32 255 0 213 255 50 132 255 0 255 255 0 255 84 0 210 233 188
    172 255 255 0 255 0 0 255 0 255 134 0 35 255 119 226 0 0 0 244 33 0
    0 255 0 0 0 255 0 255 255 89 0 226 255 255 0 0 255 255 0 167 149 231
    0 58 255 0 255 82 63 0 1 151 255 0 52 0 255 0 77 0 255 0 0 255 0 0
    154 103 255 0 0 255 255 255 0 0 0 65 141 255 0 255 209 0 16 0 255 0
    255 5 0 0 11 255 255 164 255 72 255 255 255 0 255 0 0 214 255 0 123
    255 255 211 255 0 255 0 255 0 0 0 255 0 110 255 0 0 255 0 0 0 255
    255 0 0 255 255 0 134 232 128 255 0 80 167 0 255 250 255 255 0 0 255
    181 0 255 255 0 255 0 0 248 0 0 0 255 255 0 255 255 255 0 255 16 255
    0 255 255 0 255 0 0 121 255 0 0 0 0 0 255 0 0 0 255 0 255 0 255 255
    138 0 255 0 41 255 168 255 0 255 255 49 0 255 0 0 31 0 0 255 0 255
    255 166 0 118 0 255 255 0 0 255 255 22 0 255 255 0 80 118 206 0 8
    255 255 0 137 0 0 255 25 143 45 255 72 9 0 255 0 255 0 255 173 91
    255 0 255 255 255 0 0 0 255 0 56 42 255 0 255 204 255 0 61 255 0 197
    0 255 0 0 255 0 0 91 42 255 231 172 255 0 255 255 0 68 0 255 0 255
    255 255 0 255 0 0 0 0 255 0 0 255 0 255 255 255 255 0 255 0 255 203
    0 0 255 255 0 255 0 255 255 0 255 0 255 255 0 0 255 255 255 255 0 0
    0 255 0 0 0 255 0 0 255 0 233 0 255 0 255 0 0 0 9 0 101 255 0 0 255
    255 255 0 0 255 0 255 0 255 49 255 0 255 255 255 224 0 120 0 255 121
    0 255 255 255 87 0 0 255 0 33 0 0 255 255 106 0 255 0 255 0 255 0
    255 0 38 0 255 0 0 0 255 0 51 0 255 0 0 255 0 255 255 225 255 66 135
    0 255 117 255 0 255 255 0 255 0 127 0 0 227 255 0 255 0 0 255 0 226
    255 0 0 255 191 28 255 255 0 255 0 255 0 129 0 255 0 0 255 28 247
    136 0 37 221 255 0 0 255 0 255 0 255 0 177 195 255 0 255 0 0 0 160
    255 0 255 255 0 255 0 0 255 0 11 255 255 0 255 0 0 255 170 255 106
    85 255 0 0 255 0 0 255 10 52 255 255 0 255 248 0 255 195 0 0 0 255
    255 61 0 0 255 0 0 255 236 0 0 0 0 4 221 61 0 0 0 116 0 0 0 53 0 0
    247 57 0 158 0 255 255 0 0 255 255 205 255 0 156 0 255 0 255 80 255
    0 0 255 255 28 0 255 0 255 0 255 137 255 0 0 255 0 255 35 39 0 255 0
    0 39 0 255 0 0 255 0 64 248 194 255 255 0 255 0 0 231 255 235 35 0 0
    255 0 0 0 255 255 255 0 255 255 255 0 0 0 255 0 255 0 255 0 255 35
    98 203 255 255 0 11 0 255 0 255 0 255 255 0 91 255 255 0 255 255 255
    255 255 0 255 0 255 0 255 0 93 255 255 255 255 255 0 0 199 0 255 24
    183 255 0 255 21 255 30 255 0 255 0 0 255 0 255 255 255 2 0 255 186
    249 255 255 255 133 0 255 0 199 255 104 0 255 0 255 0 190 255 0 255
    0 0 255 255 255 0 0 255 0 0 125 255 7 54 12 0 255 0 0 0 255 255 255
    16 0 255 0 255 0 255 0 255 0 0 0 255 168 0 255 0 0 255 0 0 255 255 0
    255 0 255 255 255 0 255 255 232 0 255 0 21 255 0 0 255 255 255 255 0
    255 255 255 0 255 184 255 255 255 72 255 0 255 255 255 255 255 255 0
    255 0 255 0 255 255 0 0 255 0 255 143 55 10 159 255 255 0 255 255 0
    142 255 184 0 247 0 255 88 255 255 255 255 0 107 182 0 182 255 0 0
    255 0 122 255 255 0 0 121 0 255 0 0 255 255 0 255 255 0 0 255 0 255
    255 66 255 211 255 0 255 0 255 0 255 0 255 255 0 255 0 0 255 0 255
    255 0 255 255 0 255 52 0 255 75 255 255 227 0 0 255 1 0 255 144 255
    0 194 80 255 255 255 0 0 0 255 0 255 255 0 35 189 0 0 255 0 255 255
    0 255 141 110 0 255 255 101 0 255 168 255 0 0 255 0 255 0 255 0 0
    255 0 0 0 255 32 80 74 255 0 255 255 0 0 255 0 255 0 255 0 37 0 0
    205 0 117 255 255 18 0 255 5 0 255 255 232 206 255 0 255 255 34 255
    0 0 0 196 0 93 255 0 255 0 0 255 76 0 255 255 0 255 255 64 255 0 255
    0 0 255 0 252 0 0 255 0 255 255 0 0 255 0 161 0 255 232 0 255 0 255
    0 83 255 10 255 0 0 235 255 0 0 0 0 255 0 0 0 255 247 23 0 255 255 0
    255 0 255 0 0 255 255 255 0 0 0 255 255 17 0 255 0 0 0 255 0 255 255
    0 93 0 78 0 187 255 100 119 255 55 0 255 255 0 255 0 255 0 255 255 0
    0 255 0 0 255 0 252 0 255 10 255 0 0 0 255 104 152 0 255 0 255 0 255
    255 0 255 0 0 0 255 0 0 255 0 255 0 255 0 255 160 128 255 0 0 0 0 0
    255 0 0 255 255 0 255 25 0 178 0 0 0 0 255 0 255 0 0 0 199 0 183 0
    38 255 0 255 0 255 0 0 0 255 0 255 247 255 255 235 0 0 255 255 0 255
    255 255 0 255 146 0 255 0 0 255 0 167 0 0 255 56 255 0 186 51 255
    231 150 0 0 255 255 8 255 255 0 0 0 255 133 0 255 0 255 0 0 0 255
    255 0 139 6 252 0 255 0 255 199 255 0 255 0 0 255 0 0 255 0 255 0
    255 255 3 0 197 118 255 255 0 255 0 255 0 0 76 255 0 0 255 0 255 0
    255 242 0 255 0 106 183 255 0 255 0 0 54 182 255 0 255 255 255 255 0
    0 0 255 255 255 0 255 0 255 0 23 36 0 255 0 255 255 155 0 255 0 255
    45 255 0 255 255 0 255 0 255 118 0 255 255 0 204 234 255 82 0 35 0
    255 0 255 0 255 0 0 191 0 0 0 255 0 255 0 255 0 0 0 0 255 255 0 255
    255 160 255 147 0 255 0 255 255 0 0 255 255 0 255 255 255 0 255 255
    0 0 255 0 0 0 145 98 0 0 142 255 0 255 0 0 255 0 255 255 183 0 83
    221 255 0 22 0 0 0 0 255 0 255 0 255 255 0 95 0 255 255 243 0 0 255
    0 255 0 174 0 210 31 0 255 255 59 255 0 255 0 148 0 255 255 0 255 0
    109 255 0 255 180 254 0 0 255 0 255 0 255 0 255 0 255 255 0 255 0 0
    0 0 0 255 0 0 255 0 255 0 255 255 236 0 0 244 255 233 0 198 221 123
    208 255 0 255 0 255 255 255 0 255 0 255 0 206 0 0 255 240 219 0 255
    0 255 0 255 255 255 255 0 145 255 0 255 0 255 0 0 255 0 255 255 0
    255 0 119 0 0 0 175 2 255 255 255 255 0 0 250 255 0 0 0 0 255 255 0
    0 255 255 0 255 0 185 0 194 255 255 255 255 55 239 0 0 159 134 255 0
    255 255 223 0 0 255 0 118 0 255 0 255 0 241 235 255 255 255 0 255 0
    87 0 255 0 0 255 0 255 183 143 0 255 0 0 255 0 219 0 255 0 0 255 255
    0 0 10 0 255 0 255 0 255 0 37 255 0 89 255 0 0 215 255 0 239 61 210
    42 255 0 255 0 255 255 0 255 0 0 0 255 0 103 0 0 0 255 107 255 183 0
    255 0 0 255 0 0 255 118 0 255 118 255 255 0 255 255 35 181 0 255 0 0
    0 255 236 0 83 0 255 0 28 0 255 255 255 0 255 0 255 0 0 155 255 255
    0 255 0 0 0 255 0 255 255 255 0 0 0 255 0 220 255 104 0 255 0 192 0
    0 76 255 0 255 237 255 0 255 255 0 255 0 0 255 0 0 255 255 0 255 255
    255 0 225 255 255 0 255 49 255 156 255 255 0 0 255 0 255 0 192 255
    255 255 161 0 0 255 163 255 0 0 255 0 255 0 0 41 255 103 255 0 137 0
    22 0 255 255 255 255 255 0 255 0 255 0 0 255 198 0 151 58 255 0 0 0
    255 39 255 0 255 77 255 0 255 239 0 0 255 0 255 0 255 182 255 0 255
    0 0 255 126 255 0 0 0 248 255 0 81 95 255 0 0 0 0 255 0 0 164 219 0
    0 0 181 0 255 0 0 255 139 0 93 255 136 255 0 255 255 255 0 0 10 0
    255 0 0 255 0 255 255 255 255 255 0 255 79 255 255 0 255 36 0 0 226
    0 255 217 0 28 255 0 255 0 255 255 0 255 178 255 0 255 0 0 255 0 255
    255 255 0 0 0 255 211 255 255 0 0 255 0 255 0 255 0 0 0 237 228 158
    255 0 255 255 77 0 255 255 255 0 255 0 198 0 188 0 0 255 255 134 255
    213 255 0 232 255 255 67 255 0 255 26 255 255 88 255 251 255 0 255
    200 89 0 255 0 192 0 0 133 255 255 255 0 0 255 249 0 255 0 0 0 255
    68 255 0 255 0 0 255 0 255 0 255 255 0 255 0 255 0 255 255 0 255 159
    255 0 255 0 0 0 79 0 180 255 0 255 255 0 255 255 0 255 207 2 255 0 0
    255 0 255 21 0 0 255 0 211 0 255 0 255 0 0 0 0 255 109 221 78 255 0
    255 255 116 255 255 255 24 139 206 255 0 255 0 0 44 255 0 0 0 0 0
    255 255 0 0 0 0 0 255 0 255 255 255 0 255 85 255 255 0 255 0 255 0
    255 17 255 13 17 50 0 255 255 255 66 21 3 77 255 0 255 255 255 255 0
    0 0 129 255 0 0 196 0 0 0 255 0 255 227 255 255 0 255 255 0 255 0
    255 0 255 0 0 255 0 255 135 255 255 138 0 255 73 255 255 34 0 126 0
    255 92 0 0 0 0 255 228 0 0 255 0 255 0 23 51 0 255 255 0 196 255 0
    255 0 0 0 159 0 0 255 0 70 255 0 255 0 171 174 134 148 0 255 0 0 0
    255 255 0 0 164 0 255 0 146 0 255 255 0 0 255 115 255 0 255 0 255
    255 0 255 255 154 255 0 255 255 0 255 0 255 255 0 255 0 167 255 115
    0 255 0 103 0 55 0 0 0 0 255 255 132 0 255 255 149 195 255 0 255 255
    0 255 0 255 0 0 255 0 0 255 0 246 147 0 73 0 255 0 255 0 255 0 255
    227 0 255 0 122 255 255 255 72 141 255 141 114 255 38 0 255 255 0 0
    0 255 0 255 255 255 0 0 255 255 0 12 0 255 255 200 0 255 0 255 0 0
    18 255 0 255 35 0 255 0 0 182 3 0 255 0 0 255 0 114 255 112 121 255
    255 0 172 0 255 0 255 255 255 8 176 0 255 255 239 0 255 255 0 0 15 0
    225 0 255 255 0 177 255 0 0 0 181 216 0 255 0 0 255 0 202 0 255 160
    0 156 0 255 0 182 0 255 0 255 0 255 255 155 0 0 255 0 255 255 255
    255 0 0 213 255 243 42 0 255 0 0 0 70 0 0 255 101 255 0 255 255 242
    0 255 255 29 0 126 0 255 0 0 0 248 255 0 0 255 255 255 255 65 255 0
    255 255 0 0 255 0 255 109 0 255 0 255 0 0 110 255 0 25 255 9 0 255 0
    0 156 0 255 0 0 255 255 0 255 0 0 255 189 131 0 255 0 255 255 255 25
    119 255 255 0 119 255 74 255 151 85 0 96 255 0 156 101 255 0 255 255
    255 71 240 0 145 168 255 0 255 255 0 255 255 252 239 255 0 0 255 0
    255 255 64 0 98 0 0 255 66 125 255 0 0 0 0 0 0 255 50 239 255 0 255
    0 255 0 255 0 255 208 255 82 0 255 253 0 0 255 255 25 0 255 24 0 0
    255 0 9 255 0 255 0 85 0 255 210 0 0 255 0 255 73 0 255 33 255 0 255
    0 0 255 122 131 255 206 0 0 255 0 255 0 255 89 221 0 255 0 82 255 0
    0 255 0 255 123 57 0 0 255 0 0 255 0 46 0 0 255 163 255 0 255 255 0
    255 252 255 101 0 255 0 0 255 79 255 0 255 255 255 0 255 0 154 0 255
    255 0 183 255 255 0 105 0 255 0 255 255 255 0 0 255 0 0 255 84 255 0
    65 54 140 255 255 153 0 255 0 0 255 5 0 0 255 255 0 164 158 0 255 0
    255 0 0 255 0 255 255 0 255 0 255 255 255 255 11 40 255 0 255 161
    255 255 255 0 103 77 21 255 0 0 0 255 255 255 255 64 53 0 255 142 0
    255 0 0 255 0 255 0 255 154 0 255 77 0 57 0 255 0 0 255 0 255 0 62 0
    255 0 116 12 0 255 0 87 0 0 255 0 0 160 255 0 255 0 255 255 255 119
    0 0 255 0 255 227 255 255 0 255 142 0 214 0 255 0 255 0 255 0 132 54
    251 0 255 87 255 0 0 255 255 244 23 0 242 0 212 0 255 0 0 255 174
    133 228 0 255 0 255 221 137 255 0 255 0 255 0 0 0 255 0 0 0 61 0 255
    0 255 0 255 0 255 0 98 255 255 0 255 129 0 255 255 0 0 255 0 255 0
    221 255 240 219 0 255 255 0 255 0 255 0 0 255 0 255 0 255 0 133 255
    0 0 255 255 0 0 249 170 255 0 255 0 255 0 190 255 0 187 0 196 0 255
    0 255 0 0 255 0 255 102 162 232 66 255 189 0 255 55 82 255 255 110
    249 255 139 255 0 255 0 255 0 255 155 255 255 0 117 255 0 255 0 0
    255 136 0 157 0 255 255 0 0 0 255 0 0 0 255 0 0 255 0 255 0 190 255
    255 10 255 167 255 0 255 0 255 0 255 255 255 53 255 255 192 0 255 0
    0 255 8 178 255 255 255 0 255 255 71 0 169 255 75 255 167 147 0 255
    0 255 0 255 130 0 255 0 255 255 0 255 255 0 255 15 255 254 255 255 0
    255 255 0 0 0 255 0 0 0 255 255 0 122 255 112 0 255 228 0 0 255 0 0
    255 81 51 0 173 255 255 0 255 0 166 93 0 255 0 255 0 0 110 255 0 255
    0 255 0 255 43 255 255 255 147 143 47 0 248 0 0 255 188 255 159 0
    255 0 255 0 255 222 0 255 255 0 255 0 4 0 255 255 255 255 39 255 0
    255 0 255 255 255 0 0 255 0 106 255 95 255 0 255 255 122 255 0 255 0
    58 255 40 255 0 255 0 255 255 219 77 0 16 174 182 255 255 255 148
    255 255 0 143 88 0 255 255 0 255 0 255 255 0 255 31 229 0 218 0 255
    255 255 0 255 109 48 0 0 255 0 255 255 0 0 255 0 255 0 231 0 255 255
    80 213 255 15 0 255 255 0 255 0 0 234 0 255 255 255 0 255 0 255 255
    0 255 0 0 0 0 0 0 0 255 218 0 61 42 0 0 255 0 0 255 0 36 0 255 255
    255 0 255 0 88 18 0 255 0 255 255 255 255 0 0 255 0 140 0 0 255 255
    255 104 231 255 34 0 0 0 255 0 0 255 0 166 0 255 50 117 255 0 200
    255 0 0 0 35 255 0 0 221 149 255 0 0 255 15 255 174 223 0 0 255 213
    0 255 0 89 0 183 255 0 0 0 102 255 255 255 255 0 255 0 255 0 255 255
    0 185 217 255 255 166 255 255 0 0 255 0 255 255 255 19 150 255 0 255
    255 0 0 79 255 255 0 129 255 0 255 0 41 255 255 0 255 0 0 255 161
    255 47 163 0 255 0 0 255 173 167 255 120 255 0 45 0 255 0 255 255
    255 0 255 0 255 255 62 255 0 54 255 52 255 207 0 0 16 255 0 0 0 255
    0 255 184 0 0 255 0 222 0 255 0 255 0 255 0 255 255 0 0 208 255 0
    255 255 0 255 255 255 196 22 255 255 0 0 124 64 0 255 0 255 233 197
    183 143 0 255 0 255 47 149 255 0 255 0 255 0 255 0 137 0 255 255 0
    77 211 118 255 0 255 255 0 255 0 255 0 255 255 33 255 43 0 76 255 0
    255 0 255 255 0 255 0 255 0 255 15 0 0 0 238 0 159 251 255 0 0 255 0
    0 0 0 133 255 57 0 255 36 255 170 29 21 175 255 255 0 255 0 0 255
    255 0 255 157 255 255 0 255 255 255 0 255 0 255 0 255 94 58 132 255
    255 0 255 0 0 255 255 255 255 0 255 0 255 0 0 255 0 0 255 0 255 199
    84 0 255 0 255 255 0 0 0 255 255 255 255 220 0 57 0 255 4 255 255 0
    164 255 0 255 255 47 34 185 255 0 0 0 255 255 195 0 0 0 255 255 0
    255 26 0 255 255 0 255 190 0 0 255 88 0 255 0 255 0 255 0 255 0 0
    251 0 255 255 255 0 255 0 140 255 255 0 0 255 0 0 255 255 255 0 255
    172 255 0 192 255 255 255 44 255 0 255 0 255 48 255 0 198 0 255 0
    133 0 83 255 226 255 0 255 0 191 0 255 0 255 0 255 0 255 255 39 0 0
    0 255 255 255 0 0 109 255 0 148 0 255 1 0 0 255 255 38 0 0 155 255 0
    87 255 255 0 228 255 0 0 228 0 255 50 0 255 0 255 0 255 207 0 255
    143 255 3 255 227 0 0 255 255 255 0 255 81 255 255 0 0 255 0 0 255 0
    0 146 154 0 255 255 206 0 255 255 0 0 255 0 0 255 255 72 255 212 255
    255 70 255 0 255 0 255 0 217 118 57 255 255 255 208 106 255 255 0 0
    255 0 255 61 0 215 0 0 255 255 51 0 255 0 255 170 146 152 0 255 255
    255 0 0 255 0 0 0 255 242 0 0 255 0 0 255 0 255 0 255 0 0 177 0 46
    255 117 0 255 0 255 0 255 0 255 195 0 255 255 255 255 0 255 0 0 255
    255 0 255 255 39 255 255 0 255 0 255 0 255 0 255 60 253 255 255 255
    0 0 255 0 255 255 0 255 0 77 220 255 255 0 255 0 255 0 123 255 0 0
    255 0 0 255 0 130 0 180 206 0 6 0 255 200 197 0 255 0 117 255 255
    255 222 0 53 142 0 255 0 255 0 255 255 255 0 36 255 0 0 255 255 255
    52 255 0 255 0 255 0 180 212 255 0 0 255 255 255 255 255 0 255 193 0
    255 0 255 76 91 255 151 255 255 255 255 28 186 255 0 255 255 0 0 226
    255 255 0 255 0 0 0 255 0 0 0 0 255 0 255 249 0 0 255 255 0 0 255 52
    255 237 0 255 195 0 15 0 0 0 0 255 0 255 255 241 255 255 0 255 0 82
    255 0 255 0 255 255 0 255 255 0 255 0 175 193 0 0 0 255 181 0 255 0
    0 0 255 0 0 255 255 0 255 0 255 11 181 255 255 0 208 0 255 255 0 255
    0 26 255 0 211 164 255 255 0 128 0 255 0 0 0 255 255 255 255 0 0 221
    255 0 255 0 255 255 0 255 0 233 79 160 0 255 0 255 255 0 0 255 0 0
    139 75 0 255 255 0 255 0 255 255 0 237 0 255 20 0 255 255 0 255 255
    0 64 0 0 255 255 255 215 0 255 255 0 0 255 0 255 0 0 0 0 255 11 0
    255 0 0 140 255 255 0 255 246 0 255 6 255 255 0 0 147 255 255 255 0
    198 0 255 94 255 0 0 90 255 0 255 255 255 0 255 0 255 0 255 0 228
    102 0 137 168 102 0 129 0 255 0 31 255 9 0 0 255 255 255 0 0 255 0
    255 0 0 63 0 255 0 0 140 6 0 3 0 0 0 0 0 224 9 255 0 255 255 255 147
    255 255 49 0 255 0 255 255 0 243 255 0 255 0 0 255 0 255 0 175 255 0
    0 218 255 255 0 0 0 204 0 0 0 255 255 0 255 0 91 0 0 255 100 0 255 0
    0 248 0 22 255 0 59 0 228 0 255 255 255 0 33 255 0 46 255 0 255 0
    121 0 0 195 0 255 199 0 255 0 0 17 200 97 0 0 255 0 190 255 0 255
    255 0 0 255 0 0 255 0 116 0 0 0 0 197 0 115 0 255 199 0 255 255 0 0
    255 0 0 0 255 0 255 109 255 255 255 0 0 255 0 0 0 0 255 97 213 255
    255 0 0 255 0 255 0 255 0 255 0 0 0 255 0 0 255 23 255 0 255 75 0 11
    0 199 0 255 255 0 255 27 196 255 0 0 255 255 0 0 255 0 255 166 0 34
    128 255 0 0 255 0 0 255 0 255 30 255 179 255 255 0 157 0 0 0 58 255
    0 255 0 143 255 255 255 0 255 0 255 255 255 255 207 255 0 255 255
    156 255 0 255 0 199 36 0 255 0 255 0 255 158 18 255 0 117 255 0 33
    186 0 102 255 0 255 201 0 255 0 255 0 21 0 255 255 236 197 0 141 0
    255 0 255 0 255 0 255 0 255 255 255 0 0 255 255 0 13 0 255 0 255 0
    255 0 0 0 255 255 0 255 0 255 255 0 0 117 228 226 255 200 28 250 0 0
    0 0 0 255 0 0 0 255 0 255 190 0 0 122 255 0 0 255 0 255 0 255 0 0
    255 0 255 0 255 0 0 0 255 0 255 0 0 0 0 255 0 255 0 59 255 0 255 108
    232 158 255 0 255 255 255 0 255 0 0 0 255 0 255 255 255 0 255 0 255
    0 0 0 227 255 0 255 255 255 255 0 0 255 0 0 255 255 255 22 0 56 98
    255 27 255 243 0 0 165 255 0 255 244 255 255 0 255 143 255 0 0 190
    133 255 0 247 193 255 0 255 0 255 255 255 38 255 0 255 19 0 255 0 0
    8 0 255 137 255 255 0 0 0 0 0 255 255 0 255 0 255 0 255 255 0 255 0
    114 0 0 255 0 255 255 0 0 0 0 0 255 4 255 0 130 0 0 0 255 255 0 0
    255 198 255 255 255 0 0 255 255 255 255 0 255 255 103 0 0 255 255 0
    255 78 0 81 255 255 29 0 255 255 63 115 255 0 47 58 255 0 255 0 128
    255 39 0 255 70 255 0 255 255 0 255 0 255 0 0 255 255 0 255 255 0
    255 0 72 0 0 255 255 0 0 255 167 255 255 0 255 255 100 255 95 0 0
    255 0 0 0 97 255 255 255 0 255 255 0 255 0 255 255 0 255 0 0 0 255 0
    255 255 34 255 0 0 255 255 0 0 0 255 0 255 148 209 255 79 255 255
    166 255 0 0 174 249 255 255 82 12 255 255 0 255 0 0 255 255 5 0 255
    40 210 255 0 255 255 0 0 0 255 255 0 122 255 255 0 53 255 255 0 255
    0 255 57 255 184 28 0 255 65 255 0 100 255 88 255 0 0 0 255 0 255
    255 0 0 255 255 0 255 255 0 0 0 169 255 0 0 255 0 255 175 202 0 245
    255 228 0 0 255 0 255 0 255 0 0 175 0 0 255 82 255 35 255 0 94 255 0
    255 255 255 0 0 255 0 255 255 0 255 14 0 77 207 255 255 0 255 255
    127 255 190 68 255 0 62 255 0 124 116 0 255 0 222 57 255 194 255 0 0
    255 66 255 255 0 255 255 0 255 228 170 122 221 0 255 0 112 255 0 255
    86 255 0 255 255 0 0 255 0 179 255 0 255 255 0 255 255 0 109 0 255
    255 199 27 255 216 255 31 255 0 0 255 28 0 255 255 255 0 0 60 21 0
    255 255 0 255 27 255 109 0 255 0 255 255 0 255 255 0 255 255 103 0
    249 0 255 0 255 255 0 70 0 255 11 0 0 255 0 255 0 34 0 255 0 0 0 0 0
    0 255 255 255 0 255 60 0 244 0 255 0 0 255 255 255 0 0 15 255 0 255
    81 0 196 255 0 0 0 255 255 9 0 0 0 255 255 0 255 255 255 80 255 0
    189 94 255 0 255 229 255 0 0 0 0 0 0 197 255 255 0 0 0 255 255 255 0
    52 0 202 0 255 255 178 255 0 255 0 255 0 0 255 255 255 0 255 0 255 0
    0 255 0 148 0 0 255 0 255 245 0 199 0 230 255 255 0 0 255 255 0 255
    0 46 0 255 0 255 255 0 255 255 0 255 0 255 0 0 0 255 252 255 0 0 163
    255 255 93 63 255 0 194 255 255 0 230 0 255 0 255 0 0 0 23 113 2 255
    238 0 0 0 0 0 0 191 255 255 0 255 0 0 0 255 0 0 255 0 255 109 255 0
    0 255 0 255 106 0 255 0 0 74 109 0 255 0 255 0 255 255 255 0 255 255
    0 93 255 0 255 139 0 17 255 255 198 255 0 255 120 0 196 0 0 1 0 246
    35 24 131 255 0 0 255 0 255 255 0 0 255 0 255 0 255 96 255 206 255
    255 247 0 192 255 255 0 155 255 255 104 255 255 255 0 255 255 0 255
    226 255 0 255 0 0 75 255 0 255 165 0 255 0 255 255 0 0 255 255 255 0
    0 132 255 255 255 0 255 255 189 0 0 0 149 255 0 163 0 255 0 255 251
    255 255 255 0 255 169 0 233 0 140 255 255 0 4 0 255 0 255 0 0 255 90
    255 122 255 255 255 0 87 0 255 0 0 0 255 0 0 255 255 255 255 0 255
    255 0 255 255 0 0 255 255 0 255 255 255 255 0 0 255 255 179 0 255 0
    255 0 101 0 214 119 248 255 255 0 255 69 0 22 255 0 255 255 130 0
    255 203 0 0 255 35 255 0 255 0 115 176 0 224 0 229 255 0 255 0 102
    255 179 255 255 156 255 34 255 0 0 255 0 255 255 255 0 255 255 0 255
    0 0 255 0 255 0 0 205 104 41 0 160 0 255 0 255 0 0 0 255 0 119 0 255
    0 2 255 255 0 0 0 0 255 0 255 0 255 0 0 255 255 0 0 0 255 255 43 214
    0 255 3 255 0 156 255 255 96 255 0 255 255 0 207 255 0 255 90 0 0
    255 146 255 0 245 0 0 0 255 0 0 255 0 0 255 0 75 255 176 0 255 230 0
    255 0 55 0 186 0 255 255 255 0 0 255 0 48 130 0 0 255 0 255 255 0
    255 0 255 36 0 255 255 0 0 154 255 0 0 255 0 255 255 0 194 0 0 255
    99 250 106 102 255 0 107 0 255 0 0 0 66 255 255 255 255 255 0 255 52
    255 0 255 255 0 255 0 255 255 201 0 235 0 0 255 0 255 0 125 0 255
    255 0 0 53 0 255 0 255 77 0 255 0 0 0 255 0 255 0 255 0 89 255 0 0
    204 191 0 255 0 255 0 255 0 240 255 0 0 0 0 141 140 220 255 255 255
    0 255 255 112 0 201 255 0 0 255 0 66 0 255 255 186 236 255 39 255 0
    255 255 255 120 0 0 255 255 0 255 255 0 0 255 0 255 0 0 71 255 255
    156 255 0 255 0 255 0 222 255 255 99 167 255 0 255 0 255 0 255 255
    12 0 0 255 0 255 0 85 255 23 0 0 24 255 71 0 92 0 0 48 255 0 0 255
    255 255 0 0 255 0 0 255 0 255 255 0 0 87 0 255 255 0 76 0 243 0 255
    255 0 255 0 255 0 255 0 255 18 255 255 0 0 0 255 255 0 255 19 0 255
    0 255 0 255 255 0 255 255 65 255 0 250 255 255 0 255 0 0 75 0 255 0
    196 255 255 0 0 255 255 0 255 0 114 255 0 0 255 0 0 0 255 0 207 34
    255 0 255 0 255 0 0 92 0 255 0 129 255 0 255 255 255 0 255 255 255
    228 255 0 255 255 255 0 253 255 255 0 255 255 255 0 210 255 0 255
    255 0 255 0 0 255 148 255 0 255 0 255 21 0 25 255 0 0 255 177 0 255
    154 0 0 255 0 0 255 255 0 255 255 0 255 0 255 90 0 0 0 255 0 0 0 255
    0 240 39 255 255 246 255 255 0 0 252 0 255 82 0 0 45 255 0 255 176
    228 0 0 92 0 255 0 255 0 255 0 255 0 255 0 255 255 142 122 220 200
    255 0 255 0 255 255 0 0 255 0 255 0 255 0 255 149 255 255 0 0 255 0
    0 0 255 138 0 255 0 255 0 0 255 0 255 0 255 255 0 0 0 255 0 255 0
    154 0 255 255 0 0 244 0 148 11 0 255 255 57 255 0 255 0 255 0 255 0
    0 255 0 255 0 255 255 255 39 255 255 255 255 255 255 255 82 0 255 0
    255 0 0 0 255 0 0 255 0 255 0 255 0 255 0 152 215 0 255 0 255 255 0
    255 178 0 66 164 0 255 0 0 255 152 255 255 0 0 0 0 255 0 0 255 0 0
    60 255 0 255 255 0 225 0 0 222 0 255 255 0 0 209 0 250 255 0 255 0
    255 222 255 255 0 11 24 1 76 3 169 101 57 0 255 0 89 255 255 0 223
    255 0 0 236 0 255 184 0 177 255 0 53 255 0 70 255 0 255 0 255 81 0
    255 255 0 255 255 0 255 255 0 255 0 0 160 255 0 255 255 0 198 0 76
    94 255 0 255 255 0 255 0 240 255 255 0 0 255 0 0 255 0 255 160 255 0
    255 0 0 255 113 33 255 0 0 0 93 255 0 0 0 255 0 255 0 255 105 0 255
    125 255 255 27 0 0 0 255 0 255 255 255 0 255 141 255 255 0 255 0 255
    24 255 0 0 255 255 0 0 0 255 8 52 49 0 255 0 255 0 255 0 232 255 255
    244 255 11 255 0 0 255 255 0 0 255 0 0 39 255 0 169 0 76 0 0 0 0 255
    0 0 233 0 0 255 255 0 255 0 0 255 0 255 255 0 255 61 255 255 0 255
    255 0 255 172 0 2 177 251 0 255 255 0 0 255 209 0 255 236 0 255 255
    0 0 0 127 255 255 255 0 255 0 166 255 255 0 0 0 255 0 0 255 0 255
    255 0 255 0 99 255 0 0 255 255 255 255 255 255 73 0 0 255 255 0 180
    255 0 0 255 0 255 0 0 0 255 0 0 255 255 0 255 255 0 25 255 188 0 255
    0 255 0 255 255 0 184 255 106 255 255 0 255 0 21 149 0 255 255 0 255
    255 255 255 0 255 212 0 255 255 255 26 16 255 62 128 255 0 255 221 0
    255 0 4 220 255 0 255 255 255 255 0 67 0 255 255 0 0 255 66 255 5 0
    255 255 0 0 0 57 255 255 0 255 0 177 187 145 0 255 244 0 0 11 255 0
    255 0 255 255 0 255 67 0 255 255 0 255 255 255 87 255 0 255 255 0
    255 0 255 255 0 255 0 255 255 0 255 255 224 0 255 93 0 255 0 0 255 0
    255 255 0 34 238 255 114 255 28 255 0 79 239 37 0 255 6 255 255 0
    255 104 157 0 27 255 0 212 255 0 3 0 0 0 0 255 0 111 224 0 255 0 255
    0 255 255 146 255 0 0 124 255 0 209 255 0 0 255 0 255 0 255 0 0 255
    0 255 0 255 0 0 239 0 255 0 0 0 255 255 184 255 255 0 255 0 151 255
    0 255 0 194 0 228 0 187 0 255 0 0 13 255 255 255 255 255 0 0 255 255
    0 255 0 255 0 0 121 32 255 0 0 255 0 0 116 89 255 0 255 0 255 0 198
    0 0 255 0 255 0 169 0 255 50 255 0 0 255 0 255 197 0 0 255 255 0 0 0
    87 255 0 138 255 0 255 255 0 255 0 0 0 79 255 255 0 0 0 255 134 114
    6 115 255 0 0 255 0 255 4 255 255 0 199 196 0 255 255 255 0 255 0 3
    0 255 0 255 35 255 255 255 0 93 255 240 82 255 0 255 172 0 255 255 0
    0 255 255 197 0 0 0 0 0 255 122 0 255 0 255 0 255 255 0 28 5 0 0 255
    0 255 255 255 255 0 255 0 255 0 255 0 255 0 255 0 255 0 201 255 255
    255 255 0 255 255 0 0 255 0 255 84 0 255 255 0 255 0 255 0 0 255 255
    18 255 0 255 255 0 193 255 0 255 255 0 220 73 255 255 0 255 0 255
    255 228 255 0 255 0 0 0 190 0 0 255 227 0 73 115 206 255 255 0 0 96
    255 255 255 0 0 0 0 0 0 255 255 0 255 0 0 255 255 255 212 22 255 255
    0 255 255 5 255 0 0 0 84 0 255 0 222 0 255 255 0 255 0 0 255 255 255
    0 0 255 179 255 0 132 255 203 124 99 0 0 0 255 213 255 0 255 0 127 0
    255 0 0 0 0 11 0 0 255 255 56 0 255 154 105 0 255 0 0 255 0 255 0
    255 0 255 0 255 0 0 255 0 255 0 255 200 0 98 255 255 0 255 255 0 255
    0 224 0 0 255 0 255 159 0 158 255 0 255 0 255 0 0 77 0 52 255 103 0
    0 211 255 0 173 255 204 0 255 0 147 0 255 0 255 0 181 0 255 255 255
    255 0 255 255 255 0 51 255 80 255 255 0 3 0 228 255 0 255 0 0 0 132
    255 0 255 0 255 96 255 255 255 0 215 145 255 0 255 255 0 255 0 0 255
    0 0 255 59 255 0 0 255 114 0 0 0 217 0 93 30 185 255 0 255 108 255
    255 0 244 255 0 0 255 0 0 197 0 0 0 0 255 176 156 255 29 255 181 255
    0 255 0 255 255 0 255 255 0 255 0 0 255 100 0 255 255 255 177 255
    233 255 255 0 213 255 255 255 0 96 0 162 255 0 0 255 20 239 0 255 0
    0 255 0 255 0 255 39 181 255 0 255 110 255 255 0 255 0 80 107 167 0
    255 0 255 0 0 255 0 255 255 131 0 197 62 0 0 151 0 174 255 0 255 255
    75 255 255 253 92 0 1 255 241 0 255 0 0 10 255 255 86 255 179 0 255
    0 255 12 0 255 255 145 0 255 0 255 0 95 0 255 0 255 0 255 0 255 191
    0 255 8 255 0 0 0 255 26 0 0 255 0 108 255 0 255 255 91 255 255 0 0
    255 0 255 49 0 0 0 255 0 175 0 0 255 255 0 223 0 0 0 71 0 0 0 255 0
    42 33 0 255 0 255 255 102 255 255 255 0 255 255 0 255 0 0 127 0 0 0
    0 130 0 255 255 0 110 255 255 0 156 157 167 0 255 255 255 0 255 255
    255 0 231 255 121 255 18 54 173 255 0 255 0 0 255 255 0 0 135 255
    168 138 0 255 255 0 255 0 255 0 145 0 255 0 229 255 0 0 250 0 0 255
    15 0 16 52 0 255 0 0 255 255 0 0 0 255 0 129 0 0 0 255 255 255 0 0 0
    255 190 255 255 255 0 255 0 255 0 255 0 146 255 0 255 0 255 64 255
    255 255 0 0 255 255 0 255 255 0 255 67 255 0 0 172 255 0 0 215 172
    255 0 255 255 0 0 255 255 255 255 0 150 255 0 0 255 0 255 11 0 0 255
    255 0 0 255 0 255 255 0 20 255 0 115 0 0 255 0 255 165 0 255 0 161
    211 134 0 255 0 181 74 255 0 0 0 0 0 255 0 0 255 84 0 0 255 81 255
    255 255 252 255 0 22 255 0 0 255 255 0 255 109 12 255 255 0 255 255
    0 203 0 127 255 255 0 255 10 0 255 0 255 0 255 255 255 0 255 239 0
    249 0 255 255 21 0 0 255 255 255 0 255 0 12 175 255 0 255 255 127
    255 0 193 255 0 255 0 0 0 0 0 0 255 255 0 80 0 0 0 167 119 0 190 255
    232 255 0 236 0 255 0 236 0 0 0 255 195 255 0 255 0 255 255 255 190
    96 0 0 0 255 255 36 255 0 255 0 255 0 111 255 255 0 255 0 255 220
    255 255 255 255 0 255 255 255 106 0 0 255 0 35 255 0 255 0 255 133 0
    255 0 0 255 255 0 0 0 208 145 174 255 248 0 255 0 255 0 0 66 181 12
    0 255 255 0 255 44 0 91 0 94 255 0 255 83 255 215 42 255 255 2 0 0
    255 0 0 255 255 52 0 255 255 164 17 255 69 255 110 166 255 255 0 232
    255 255 0 194 211 255 0 74 0 25 182 255 19 0 255 0 255 171 112 0 255
    91 0 129 195 0 255 235 255 0 255 43 255 0 0 0 255 146 0 255 0 255 0
    0 255 255 0 0 179 179 177 255 255 0 255 255 0 255 255 255 255 13 255
    59 0 255 0 255 255 0 0 255 0 255 157 255 220 255 0 0 0 255 0 255 255
    163 255 255 255 255 255 0 0 137 136 255 255 92 255 255 0 255 0 0 255
    0 255 140 255 0 183 255 0 255 255 0 255 0 0 255 0 255 1 255 0 255
    255 255 0 13 0 255 0 255 0 255 0 255 255 255 0 255 0 170 0 255 0 224
    0 113 0 114 255 255 0 252 255 255 0 255 255 0 255 103 0 169 161 0
    255 0 0 246 72 0 0 255 0 0 255 255 255 87 255 0 255 255 90 0 255 0
    255 255 0 0 255 0 0 255 0 255 0 255 0 45 0 222 0 255 0 17 0 0 255 0
    255 0 255 255 0 255 0 255 153 174 202 255 0 0 255 43 255 0 255 255
    72 0 0 0 255 255 0 255 0 0 0 255 0 0 255 0 25 255 0 178 255 255 0
    163 0 255 0 255 0 163 0 255 0 109 101 238 142 0 255 0 255 0 255 222
    255 0 255 255 71 0 255 255 0 0 0 255 0 255 0 75 0 169 76 0 168 66 89
    0 0 0 252 255 0 0 48 0 0 172 255 0 0 255 255 255 0 136 0 74 255 0
    255 0 0 255 0 255 0 255 0 0 0 154 255 0 79 0 0 255 255 255 0 255 0
    255 0 0 0 255 0 255 0 0 247 255 255 189 255 0 255 0 255 0 0 255 6 0
    255 162 255 67 180 255 255 41 0 255 0 0 0 0 255 0 99 43 255 124 0
    232 0 9 255 0 255 0 255 0 255 0 255 0 255 201 255 255 255 0 0 255
    255 17 0 0 255 158 255 0 255 255 0 158 133 0 0 0 156 0 255 0 255 0
    255 152 0 0 147 255 255 0 0 255 0 255 255 78 180 255 0 0 255 70 255
    0 255 0 0 255 255 255 0 255 0 0 255 255 158 255 0 0 0 240 255 56 255
    0 121 0 95 244 255 155 248 0 79 0 255 0 255 0 240 0 0 255 255 0 255
    0 0 0 255 255 0 0 220 0 255 0 75 0 0 0 255 0 255 0 0 84 0 255 0 79 0
    255 255 107 231 255 0 255 0 28 0 255 0 119 134 255 0 0 255 228 0 82
    255 255 0 255 254 255 255 0 205 255 0 255 255 255 255 0 255 0 255
    255 196 0 0 0 0 0 44 0 255 0 0 128 0 255 0 255 255 0 0 0 255 0 251
    255 0 140 255 255 0 0 20 255 0 0 233 0 255 221 150 207 255 0 0 255
    43 0 162 206 0 168 255 255 0 0 130 255 255 0 0 255 255 255 0 0 255
    255 255 210 248 0 255 255 154 0 0 255 0 255 0 255 0 255 255 119 255
    0 255 0 255 0 255 0 0 33 0 0 0 173 61 92 0 255 0 221 0 255 0 255 0
    16 198 0 0 255 0 255 255 255 201 255 255 255 255 0 255 0 255 0 255 0
    255 255 0 255 0 0 255 255 0 255 0 0 195 0 34 11 255 255 0 255 191 0
    219 255 255 0 255 0 255 0 255 0 255 255 0 162 0 255 193 255 0 255
    170 255 255 255 143 94 0 255 0 0 254 0 255 0 0 255 0 255 255 255 0
    255 0 224 79 255 251 255 232 255 0 255 255 242 0 255 255 0 255 255
    255 0 255 0 0 0 255 0 255 0 0 0 255 0 255 0 0 93 0 255 255 255 255
    67 0 135 255 0 0 151 255 255 146 0 255 0 255 255 0 255 180 255 0 255
    255 0 255 55 255 255 255 255 0 255 255 255 255 255 0 255 0 236 0 255
    0 0 255 0 255 255 0 0 0 255 162 0 255 255 0 0 0 255 255 137 150 73 0
    255 0 255 255 255 0 255 0 0 218 46 255 0 0 255 8 213 0 0 20 255 0 13
    0 126 255 255 80 255 0 255 255 255 0 122 0 255 0 0 53 0 0 0 255 255
    0 255 0 255 255 0 255 0 255 0 255 255 0 255 0 0 255 255 255 161 11
    255 0 221 255 0 0 0 255 255 255 0 0 255 74 0 255 0 0 255 0 0 255 0
    255 0 255 255 0 120 255 0 255 0 255 255 255 182 255 0 255 0 219 0
    255 0 255 255 0 255 0 255 255 221 0 0 255 0 255 0 0 0 0 0 255 0 0 0
    0 223 255 0 255 0 255 255 0 255 0 0 255 0 151 29 255 0 255 0 255 222
    235 181 0 255 255 0 255 0 194 0 255 246 92 0 0 255 166 117 255 255 0
    255 0 0 255 255 0 255 255 255 0 255 255 254 40 46 9 27 255 0 255 173
    255 0 152 0 255 0 255 66 0 0 255 0 255 0 255 0 255 255 0 255 0 0 0 0
    0 0 0 0 255 255 0 0 246 0 255 0 255 213 189 252 255 0 255 0 0 0 255
    255 0 255 255 191 0 0 255 0 235 255 0 167 255 0 255 0 0 255 0 255
    255 0 255 0 19 255 72 0 255 150 255 0 255 255 255 16 0 0 147 0 212 0
    0 255 166 255 255 0 222 0 0 59 0 255 241 55 0 255 0 255 0 255 116
    118 0 80 174 255 26 0 255 255 0 255 0 0 255 0 255 249 255 255 255 0
    0 255 0 0 255 0 255 36 161 255 255 255 0 0 0 0 0 0 255 0 0 255 0 255
    0 184 0 0 138 0 0 255 0 0 0 255 157 0 255 255 255 0 255 255 0 0 255
    255 207 255 0 255 0 255 255 255 0 0 133 14 255 49 0 181 0 255 0 255
    255 14 0 0 239 0 255 255 0 255 0 255 234 0 255 0 255 173 168 0 255
    255 0 255 0 0 189 255 249 0 255 5 0 255 77 255 0 193 255 0 0 255 124
    0 255 255 0 115 255 0 255 0 0 255 0 5 255 14 255 28 0 0 73 83 0 255
    0 255 0 255 44 0 255 0 255 0 255 255 0 255 205 255 4 255 8 149 68
    255 255 255 255 0 3 197 174 0 255 0 0 255 255 219 255 0 0 255 0 114
    255 0 255 0 0 255 0 255 0 0 255 255 255 0 137 0 255 172 195 255 0 0
    0 255 0 255 0 174 101 255 0 255 255 0 255 222 0 255 0 255 114 220 0
    15 116 255 4 255 0 0 0 255 255 0 255 0 255 0 0 255 255 255 0 0 186 0
    132 0 255 0 255 255 0 43 255 0 0 183 0 255 0 0 0 255 0 0 255 0 255
    84 80 0 255 26 255 182 211 255 0 0 255 0 0 255 16 255 0 0 0 255 0
    255 0 255 0 255 142 62 0 255 0 255 0 255 0 255 0 0 255 255 153 0 255
    255 0 125 224 255 255 0 214 2 255 0 255 0 0 255 0 255 255 23 255 46
    0 255 0 0 114 255 255 114 255 255 0 255 255 255 0 255 255 0 255 0
    255 255 0 255 231 219 132 146 229 220 255 255 0 255 255 133 199 9 0
    0 255 0 156 0 0 51 255 0 153 255 0 255 255 255 255 185 255 67 0 255
    0 255 0 0 46 255 255 255 26 0 0 255 97 0 0 255 0 255 0 255 0 0 255 0
    255 0 14 0 255 255 250 0 0 207 0 255 0 44 255 0 0 0 173 255 0 255 0
    0 255 255 0 255 0 0 255 0 255 0 141 0 0 255 0 255 255 0 119 0 255
    255 0 255 0 0 0 255 0 255 137 0 255 0 255 0 255 241 0 255 0 0 255 0
    255 0 110 0 255 255 0 255 255 255 165 0 255 255 255 255 44 255 161 0
    255 0 255 0 0 0 255 91 0 255 255 0 255 0 255 0 0 255 180 121 0 255 0
    255 255 0 255 0 255 255 0 255 0 255 0 0 0 255 255 0 33 255 255 255 0
    255 0 255 255 0 217 0 228 0 0 8 0 255 0 0 130 0 0 0 0 157 255 0 255
    0 255 0 255 255 145 255 255 255 0 0 0 0 255 255 255 0 152 174 211 0
    0 0 0 255 0 249 0 249 255 66 0 219 255 255 0 255 0 0 0 255 0 255 255
    0 255 10 255 255 222 255 0 0 255 20 30 0 255 0 255 255 0 255 0 66
    255 127 0 255 0 255 0 255 0 242 255 150 255 0 0 146 0 255 255 0 255
    0 63 114 255 255 255 0 255 0 255 255 0 255 255 97 135 160 19 0 255
    255 0 255 255 0 0 202 255 244 255 255 0 0 0 0 255 0 150 0 255 0 11 0
    0 255 0 0 255 255 254 22 255 23 0 84 0 255 0 0 0 88 255 129 14 255
    255 0 0 0 255 0 255 255 0 0 255 0 255 255 180 174 102 255 0 255 170
    0 157 0 255 155 0 255 255 80 0 255 0 0 0 79 0 255 255 45 255 0 0 0
    255 38 0 232 255 255 255 0 255 180 0 255 229 0 255 255 0 0 255 0 255
    183 0 186 255 0 255 255 192 255 0 255 255 217 27 186 255 0 71 255 0
    66 0 255 12 255 255 255 255 0 255 4 255 255 0 252 157 218 255 204 0
    0 250 255 0 0 255 0 0 255 255 255 75 0 255 255 0 255 255 225 255 255
    181 255 39 0 255 0 255 255 0 0 70 59 0 255 204 255 0 0 158 255 243
    227 0 196 0 255 55 0 255 0 255 255 219 0 255 0 0 255 0 0 255 0 255 0
    0 0 255 0 255 0 255 0 117 0 0 255 83 0 255 156 255 0 0 255 73 0 255
    0 91 0 0 255 0 106 0 0 0 0 194 255 0 0 0 255 0 0 0 255 0 0 255 121
    64 255 0 255 62 0 255 0 255 0 0 255 255 255 255 208 0 255 255 0 105
    0 255 0 157 255 152 255 255 0 0 255 255 0 255 255 120 137 0 0 255
    255 0 255 244 183 255 255 0 255 255 0 143 46 67 0 255 20 255 255 247
    89 0 0 4 0 255 0 99 0 0 255 179 255 255 0 255 0 0 255 0 255 0 255
    241 0 0 0 0 255 0 255 0 255 173 0 0 0 0 255 30 0 0 0 255 0 255 79 0
    255 255 150 0 255 255 0 50 7 255 255 255 0 0 255 255 0 170 0 255 0
    10 0 0 255 0 255 0 255 0 0 199 0 178 255 0 145 255 135 49 255 0 255
    255 0 123 168 0 0 0 255 0 255 0 255 142 255 255 0 255 0 255 117 0
    255 0 123 255 0 255 255 255 81 0 148 0 255 0 0 255 0 255 0 0 255 0
    255 0 255 0 138 255 240 158 0 0 0 0 255 189 255 89 255 0 255 0 255
    230 0 162 255 255 255 0 0 0 255 0 255 0 255 255 255 182 0 255 0 0
    255 179 255 255 0 255 74 255 0 255 14 255 255 57 100 255 0 255 0 0 0
    129 255 255 129 0 255 19 255 255 173 0 255 255 0 148 255 0 22 0 255
    0 255 255 0 255 0 0 0 41 255 219 255 0 255 0 32 255 255 81 255 255 0
    9 0 204 6 255 0 75 255 206 255 0 201 211 83 0 255 2 0 255 0 0 255 0
    255 255 0 255 255 255 255 0 255 0 255 255 0 0 255 0 255 0 255 0 255
    0 83 255 255 74 208 0 255 0 67 255 0 99 158 0 255 0 0 255 0 0 0 255
    255 255 186 92 255 0 48 255 255 222 255 60 0 71 255 0 255 255 0 148
    205 137 0 255 0 255 255 243 255 0 0 255 100 255 0 0 76 150 0 232 255
    0 255 226 0 255 0 255 0 255 0 255 0 255 0 255 255 255 249 0 118 255
    255 255 255 0 255 0 255 0 255 50 255 0 27 255 255 0 255 0 255 255 0
    255 0 255 0 255 255 10 0 255 255 25 255 255 255 0 219 0 0 255 0 255
    0 70 255 0 255 0 0 231 255 0 255 0 139 151 0 0 0 255 0 255 80 255 0
    41 0 255 114 255 54 0 125 255 0 255 202 255 18 10 255 0 89 221 255 0
    0 255 60 156 255 0 212 0 0 196 255 0 255 255 77 255 83 144 0 230 198
    255 255 0 17 221 255 190 0 55 255 255 0 197 255 0 255 0 0 90 255 0
    255 30 255 0 0 255 255 255 0 255 255 0 255 255 0 255 0 0 0 255 0 255
    201 255 0 0 79 0 0 255 0 255 0 0 255 255 101 145 229 255 255 0 255 0
    255 0 255 143 64 55 0 255 255 0 98 62 255 52 205 0 82 255 255 240
    129 0 0 13 255 0 0 255 0 255 0 0 0 255 255 152 255 0 48 255 255 240
    255 255 255 255 255 0 255 106 255 0 49 42 0 255 212 16 0 255 0 134
    222 255 0 0 0 255 255 0 255 83 0 255 255 0 255 0 129 19 60 255 0 227
    255 0 0 0 255 206 255 0 255 28 255 255 0 0 255 0 0 64 255 6 255 255
    0 0 192 59 42 217 255 70 255 0 0 255 0 255 255 206 255 0 0 0 162 255
    255 0 0 255 0 255 255 255 0 255 0 48 255 28 255 26 255 0 56 0 255
    255 255 0 255 0 255 255 0 0 64 55 255 0 255 244 255 0 0 255 0 255 0
    0 0 255 255 228 0 255 255 0 255 255 0 0 0 255 0 143 255 0 255 0 255
    0 255 0 0 160 255 86 228 255 255 255 255 0 255 255 255 0 255 0 255 0
    0 97 255 218 14 82 0 0 0 255 162 0 255 0 255 14 167 84 0 255 0 255 0
    255 52 255 0 255 255 105 0 255 226 124 194 0 0 0 0 0 208 125 0 255 0
    255 0 255 0 0 0 0 255 255 0 255 0 255 255 217 0 0 129 142 255 255 0
    0 255 255 255 0 255 165 0 255 0 255 111 0 255 255 0 255 0 0 0 0 6
    255 0 176 0 255 0 255 255 0 255 123 28 255 0 255 0 0 255 255 127 194
    249 255 0 0 255 93 255 0 189 0 255 255 0 255 0 0 0 255 255 255 193 0
    17 255 0 255 0 255 0 255 201 255 255 221 0 0 255 0 255 255 135 198 0
    0 0 255 0 255 0 190 0 0 22 0 0 234 50 255 0 0 121 255 255 0 50 28 0
    255 251 110 255 0 14 255 0 0 255 0 0 0 17 119 0 255 0 255 0 0 68 255
    255 255 0 0 255 0 255 17 255 0 255 186 255 43 255 193 255 229 210
    255 6 0 0 255 0 255 255 255 0 255 54 0 0 0 0 127 255 49 0 78 0 255 0
    255 194 0 0 255 139 0 255 0 0 255 0 171 51 135 170 0 255 255 255 91
    0 0 0 255 0 0 255 0 255 0 255 0 255 106 255 185 107 0 26 0 15 255
    255 0 0 255 0 0 255 255 0 255 0 255 0 255 0 255 255 0 255 238 255
    183 0 255 0 255 255 0 0 255 0 255 224 0 255 0 255 0 0 0 0 0 255 0
    255 0 55 0 70 0 255 65 0 255 255 0 0 255 0 118 0 0 183 0 255 255 255
    0 255 157 0 255 70 255 255 255 88 0 0 255 0 169 255 0 255 255 0 221
    0 255 0 255 0 255 255 0 255 0 108 0 0 255 0 255 0 255 255 0 255 0
    255 0 255 255 177 0 251 0 255 26 101 233 255 255 255 0 255 0 255 255
    255 238 0 255 255 255 0 255 0 255 0 255 56 234 255 0 0 255 0 119 0
    255 249 0 255 255 255 255 222 203 0 0 255 244 255 0 0 255 255 255 0
    0 255 0 255 0 255 0 39 114 255 119 0 255 0 0 255 255 204 255 255 0
    255 255 0 0 255 0 255 115 0 255 151 30 196 255 16 255 0 86 0 255 255
    0 0 255 255 255 255 255 0 255 255 164 255 0 121 0 255 0 0 176 255
    255 255 0 69 60 255 255 91 0 255 0 255 0 0 255 0 0 113 0 255 128 0 0
    255 255 255 255 255 171 0 0 255 255 255 0 0 255 243 0 23 255 255 0 0
    255 15 0 255 0 0 255 0 255 255 0 255 255 0 255 0 0 255 0 125 255 255
    0 255 255 0 0 217 255 0 255 255 0 0 156 255 0 255 255 255 0 255 255
    0 81 0 255 216 0 255 202 0 0 117 0 0 255 255 0 255 244 0 0 255 0 255
    255 255 252 255 255 0 0 0 2 0 199 255 0 255 0 255 130 255 0 0 55 0 0
    255 255 0 0 255 125 0 0 255 0 255 0 255 84 255 0 0 0 60 0 0 255 152
    0 0 255 0 0 255 255 0 65 15 194 0 0 23 255 0 0 24 255 0 255 255 255
    0 0 0 255 0 159 255 0 215 255 0 48 0 255 255 255 255 0 255 0 128 204
    204 152 19 255 0 255 0 255 0 0 255 0 255 113 255 0 255 74 255 0 56
    240 255 255 0 255 0 255 0 0 0 255 255 0 0 167 255 255 0 0 255 0 189
    0 255 255 0 255 0 255 255 0 255 105 204 0 255 255 0 46 219 255 0 255
    255 0 255 0 255 0 255 174 255 255 0 255 0 255 184 92 105 93 0 0 255
    0 78 255 255 136 255 0 255 0 255 0 0 255 255 0 255 0 0 0 255 255 0 0
    123 18 255 15 255 0 255 255 0 255 0 79 0 255 0 255 202 204 0 0 255
    99 0 0 16 0 126 255 255 255 255 0 0 54 255 255 0 0 25 255 0 255 0
    196 72 0 255 255 255 0 208 75 0 255 0 255 0 255 0 0 95 255 0 255 255
    248 164 255 0 255 255 0 0 255 0 255 0 255 255 255 178 0 255 0 255
    122 255 255 0 0 0 0 255 0 0 255 255 0 91 255 114 0 0 0 255 255 255 0
    0 255 89 248 198 0 47 0 255 0 0 255 0 255 255 0 50 255 255 255 0 0
    255 0 78 115 0 255 0 179 0 0 0 0 0 255 0 244 0 0 0 0 255 102 255 0
    255 0 255 255 0 255 0 157 0 255 0 255 255 0 162 90 0 0 0 0 255 0 0
    255 255 0 255 0 255 255 0 0 0 0 0 0 0 255 0 0 0 226 0 0 0 244 255
    248 155 255 255 0 255 0 255 95 26 255 0 255 173 0 255 255 145 4 78
    255 0 0 255 0 0 239 89 0 255 190 0 255 55 0 255 0 85 188 255 0 90 0
    0 255 255 0 255 4 180 243 255 255 104 0 255 0 255 0 255 255 0 255
    255 0 255 255 255 0 162 255 0 0 0 255 0 255 0 0 255 255 48 0 255 0 0
    0 78 0 20 255 0 255 0 255 255 0 255 0 255 255 170 0 0 178 0 0 0 0
    255 255 163 197 255 0 255 0 255 0 0 0 255 32 0 195 0 255 255 0 0 255
    255 255 0 255 0 255 0 255 0 0 0 255 255 0 255 255 0 255 255 0 255
    255 0 255 0 0 230 0 249 171 0 255 0 0 255 195 255 177 255 0 0 0 255
    0 0 0 0 255 255 0 255 0 255 189 0 0 0 0 95 255 255 36 0 255 255 23 0
    255 255 0 255 255 255 0 212 62 255 0 0 255 0 255 0 255 255 0 59 0
    222 0 94 0 216 0 255 196 255 0 0 183 0 255 0 255 0 255 255 255 255
    229 0 37 255 255 0 0 0 255 255 4 255 0 255 0 0 255 0 0 0 255 255 0
    148 255 0 255 255 0 0 255 0 0 255 0 0 255 244 255 0 255 0 239 255
    220 0 57 255 0 255 70 56 0 206 73 0 255 0 255 255 255 255 198 255 0
    255 237 0 0 255 255 0 255 255 0 255 255 0 255 0 0 255 0 9 105 0 0
    255 0 79 255 0 0 136 42 255 0 255 0 0 64 255 239 165 255 56 0 255 86
    255 0 0 255 0 255 0 255 104 255 0 255 0 0 255 255 70 16 255 255 0 39
    255 255 93 0 255 255 255 222 255 255 0 255 255 0 255 0 245 0 255 0
    255 96 160 0 0 255 255 191 0 255 0 48 255 114 0 255 0 229 197 255
    255 255 23 113 48 255 255 0 255 255 0 252 0 0 0 255 0 255 0 255 255
    255 0 0 255 255 0 0 149 255 0 255 255 242 0 255 0 0 255 0 195 129
    255 142 0 228 0 0 0 255 255 109 0 255 117 20 255 67 0 255 0 210 255
    0 255 113 255 255 0 147 0 0 0 255 0 255 0 0 0 255 0 255 0 86 0 255
    255 0 237 0 0 255 0 179 0 255 255 194 150 113 230 255 255 73 255 0
    255 0 0 0 255 111 0 255 99 0 23 124 198 0 130 0 255 255 0 0 255 0 0
    0 249 0 255 17 204 255 255 255 255 49 255 255 0 0 0 14 232 255 0 0
    255 0 0 242 255 0 255 0 106 48 26 255 0 0 255 0 0 0 255 255 255 0 67
    255 0 226 255 255 253 1 204 255 0 255 87 217 255 0 255 0 255 255 0
    255 0 255 255 255 255 119 156 0 255 39 0 0 255 255 0 0 255 0 255 0
    11 255 255 18 0 113 255 34 0 255 255 0 0 0 0 255 0 255 0 128 0 255
    157 0 255 255 49 255 0 255 255 255 0 255 255 0 0 255 0 220 0 0 98 0
    255 0 255 0 0 87 0 255 255 0 255 255 0 255 255 55 255 255 0 73 255
    255 0 255 250 173 0 0 255 0 0 255 0 255 0 255 0 255 3 255 255 0 255
    87 255 0 255 255 0 201 0 255 227 255 0 255 0 229 0 255 0 0 0 255 0
    255 0 255 0 0 255 0 241 255 0 255 0 0 40 0 255 0 138 0 0 255 255 0 0
    255 255 156 255 0 255 255 45 61 255 0 255 255 0 198 255 0 33 204 255
    22 105 201 0 255 255 0 255 255 0 255 0 0 255 255 255 255 0 255 255
    114 0 72 0 255 255 0 0 255 0 255 0 255 0 255 0 0 255 0 255 0 255 102
    0 255 0 255 255 0 255 0 55 255 22 0 255 0 0 0 255 0 20 255 0 255 68
    0 0 255 0 64 0 255 227 0 255 0 0 255 0 255 0 214 0 168 9 87 0 70 110
    255 255 0 255 0 0 255 72 255 146 255 0 0 255 0 0 66 0 255 255 1 0
    255 255 255 199 0 32 255 0 0 255 255 0 134 255 0 0 255 255 154 255 0
    0 255 133 255 0 255 45 0 255 255 0 255 255 223 64 89 255 0 255 255 0
    0 168 0 0 255 0 0 55 80 131 0 255 0 255 0 255 0 255 102 251 0 0 0 0
    0 255 212 255 0 255 238 0 255 0 255 0 0 140 255 0 255 0 255 0 18 255
    0 0 255 37 71 255 255 107 255 0 17 65 0 16 0 225 255 0 0 229 0 255
    25 0 255 0 255 0 255 255 0 255 0 255 255 255 0 124 0 255 255 246 156
    249 209 0 169 0 255 0 0 255 255 255 255 0 241 0 255 0 0 255 0 255 0
    255 0 255 255 0 206 0 0 255 0 0 0 255 0 255 0 0 255 0 155 42 0 171 0
    255 255 255 255 0 0 0 252 255 0 227 0 255 0 255 255 0 255 0 63 0 255
    0 255 12 255 21 0 111 0 201 255 0 255 255 0 255 255 179 77 255 0 255
    182 205 0 255 229 255 255 252 255 0 255 0 255 0 0 255 70 0 0 84 217
    11 255 0 0 0 255 0 255 0 0 255 48 75 135 0 0 150 63 0 255 0 0 255 0
    208 0 255 0 255 255 0 193 0 0 255 0 0 134 81 0 255 0 255 255 0 0 255
    0 172 255 0 255 0 255 0 255 55 255 255 255 255 58 0 116 255 0 255
    255 0 0 255 255 0 34 205 2 0 255 204 255 255 255 255 255 255 95 0 33
    245 0 255 0 129 255 0 146 0 0 149 0 255 0 0 194 96 255 255 0 255 0
    255 12 255 0 0 255 0 255 255 0 181 255 255 255 255 0 255 0 58 0 255
    255 243 255 255 236 0 0 217 255 0 0 0 255 16 0 255 0 255 0 255 0 255
    255 0 0 255 0 255 57 147 72 255 255 255 255 0 255 0 255 255 0 77 0 0
    255 0 0 255 204 255 255 195 0 255 0 255 0 255 0 0 0 255 0 255 0 141
    255 255 0 255 99 0 255 0 0 0 255 0 0 0 255 255 255 255 0 124 0 0 255
    0 255 37 0 255 0 32 255 0 0 37 0 255 0 255 89 0 255 255 0 0 0 255
    176 0 255 0 255 255 12 0 51 0 255 255 0 255 0 25 255 255 255 0 255
    251 255 255 255 0 255 0 255 0 255 0 44 0 255 0 48 102 255 0 255 0 0
    122 255 255 255 0 255 0 0 255 0 255 0 0 153 255 182 0 255 255 255 0
    255 0 255 165 0 1 39 228 255 43 0 255 255 0 0 0 255 58 255 0 255 0
    255 197 0 255 0 0 0 255 0 0 158 255 88 255 0 0 255 0 0 255 0 0 255
    116 171 255 255 23 255 0 255 255 27 0 127 0 0 70 104 255 0 255 0 0
    255 0 255 244 0 125 255 0 197 92 255 255 0 65 0 61 0 0 255 53 0 255
    86 0 255 208 0 255 0 0 0 71 138 0 255 0 255 170 255 255 0 255 204 0
    0 122 0 0 76 123 255 0 170 68 255 84 255 0 255 0 255 255 42 0 255 0
    35 255 255 255 255 255 0 255 0 59 12 0 255 0 0 255 0 0 184 255 255
    255 255 0 255 255 9 0 255 0 255 0 255 0 0 208 0 255 0 255 0 0 0 194
    255 0 255 0 255 0 255 255 67 255 0 0 49 255 182 0 0 255 42 255 0 255
    226 255 0 255 0 230 0 97 0 255 0 255 0 0 255 0 119 255 0 255 0 168
    255 255 0 0 255 0 0 98 0 0 255 102 84 15 255 42 255 0 0 255 255 100
    0 180 255 0 0 0 255 13 0 255 255 0 101 0 181 255 0 255 0 255 0 83 0
    0 255 167 113 118 130 20 0 255 65 131 255 255 0 197 255 0 0 255 0 0
    22 255 0 255 0 0 131 220 0 255 0 112 168 0 255 0 0 50 255 254 1 136
    182 0 255 0 255 100 255 255 0 0 0 255 255 0 0 0 0 0 255 255 228 0
    255 32 0 255 0 104 255 0 0 164 0 141 255 254 245 255 255 255 54 98
    255 13 255 224 0 255 128 0 0 255 0 150 255 0 255 31 255 0 0 91 219
    240 255 255 0 14 255 65 255 0 113 255 0 255 255 234 255 0 255 0 255
    0 0 3 255 0 171 255 0 0 114 0 255 0 255 194 0 0 127 0 255 255 0 0
    255 255 0 136 255 255 0 255 0 29 0 0 255 125 0 0 255 64 255 0 0 255
    5 255 255 0 255 0 172 0 255 0 255 0 255 0 77 0 26 0 184 255 0 255 0
    4 122 255 0 0 255 0 105 255 0 41 0 255 255 0 255 0 0 232 164 255 0
    255 255 57 250 221 0 0 255 0 251 255 0 111 0 255 0 255 22 0 231 255
    0 255 0 128 94 0 14 75 142 0 255 0 255 0 0 0 255 0 0 119 0 255 255 0
    255 0 255 160 0 255 0 0 0 255 255 0 79 0 90 0 45 255 0 255 132 255 0
    255 255 0 255 255 223 0 0 255 115 255 0 0 0 255 0 255 90 0 255 26
    255 255 255 0 255 0 0 203 255 84 255 255 0 0 255 0 255 255 0 255 0
    255 0 0 255 0 152 108 58 0 0 255 0 0 255 156 0 245 0 142 255 0 0 0
    255 197 255 0 0 245 0 255 0 255 255 255 0 0 0 233 255 0 0 255 0 0 0
    255 165 0 0 255 0 255 0 255 0 255 0 59 0 255 0 0 255 0 255 82 0 255
    0 255 0 255 0 255 0 255 255 0 0 17 255 0 255 0 60 130 0 20 255 255 0
    255 255 11 162 241 255 0 255 0 0 255 0 96 0 94 255 255 0 0 0 0 255 0
    255 0 255 0 0 255 0 0 255 255 255 141 255 0 195 230 217 0 0 255 41 0
    255 0 0 0 255 218 255 0 255 0 255 255 0 0 217 255 0 255 0 255 255 0
    98 0 0 255 255 71 255 0 255 255 0 255 255 255 0 255 0 75 255 110 255
    109 255 0 0 255 91 255 255 255 0 255 255 255 0 0 134 0 248 140 255
    44 187 241 0 255 255 0 0 0 255 0 255 0 0 0 255 111 211 255 0 255 255
    0 255 0 231 255 0 255 255 0 255 0 0 255 0 255 116 255 72 0 255 0 255
    101 255 0 112 0 255 255 0 255 248 76 0 255 0 255 0 141 255 0 255 255
    255 144 255 0 255 0 255 0 255 0 0 255 233 0 0 255 0 255 0 0 255 0
    255 255 155 0 0 255 255 255 152 255 37 0 0 255 0 0 0 223 255 99 255
    0 0 0 255 0 28 0 255 0 255 28 9 255 0 255 0 255 255 0 255 0 0 0 255
    0 0 0 110 0 0 0 255 255 0 255 0 230 82 132 255 0 255 0 0 255 255 0 0
    255 78 255 255 0 255 255 0 255 255 255 0 0 255 0 255 225 0 255 255 0
    0 255 0 255 0 0 255 252 0 255 0 81 129 0 255 255 0 14 0 255 0 0 0 0
    180 202 0 0 189 0 255 0 177 0 255 224 0 255 255 0 0 0 255 0 255 255
    198 114 86 0 255 0 0 0 0 161 50 200 0 0 255 224 255 0 255 44 29 111
    255 0 255 255 255 0 255 255 0 0 193 255 0 0 255 0 0 0 255 165 255 0
    255 255 0 255 0 0 255 0 0 255 0 255 36 0 255 123 255 0 203 0 0 0 117
    255 0 255 5 70 160 0 0 0 0 255 0 0 255 0 0 45 255 0 0 255 255 0 255
    0 0 0 255 255 0 0 255 0 0 0 255 0 255 255 255 0 255 0 0 0 255 0 255
    0 255 255 255 0 35 255 255 255 255 247 62 255 255 218 0 0 255 0 0
    255 255 255 0 255 0 0 255 255 0 255 255 105 0 255 141 255 158 0 255
    255 255 0 79 0 255 0 255 61 0 255 255 54 255 255 255 0 0 255 255 0
    137 255 0 59 0 0 255 0 255 0 255 255 0 0 255 0 0 255 203 0 255 255 0
    117 255 255 255 255 0 154 255 0 0 255 255 0 255 56 97 100 0 182 227
    77 0 195 0 255 235 255 0 255 255 0 0 255 255 255 0 34 0 0 48 105 255
    255 0 0 133 0 255 255 0 255 255 231 227 255 0 255 0 0 0 255 255 255
    255 255 0 0 237 0 255 0 0 255 255 255 0 88 0 149 83 189 255 0 0 255
    0 0 255 0 70 0 106 255 0 163 0 175 255 182 0 255 122 0 114 0 255 0 0
    255 143 0 255 255 255 0 255 0 0 255 141 0 255 0 16 0 255 0 255 255 0
    255 255 0 255 0 255 0 255 0 255 255 74 197 0 35 255 255 0 0 0 255
    255 255 0 255 0 255 255 255 0 255 255 0 255 0 153 255 0 231 255 0
    255 55 255 0 235 255 0 255 0 0 0 109 47 0 14 0 0 255 255 0 255 0 0
    255 35 0 255 255 107 0 255 255 152 255 0 255 0 0 255 0 0 255 0 55
    255 31 255 255 0 0 255 255 158 215 0 0 255 0 0 0 230 255 0 0 255 255
    0 255 0 33 149 255 255 39 255 0 255 0 136 255 255 255 0 255 29 80 0
    255 0 255 255 0 255 255 0 255 0 84 0 255 0 0 0 0 255 0 255 0 142 0 0
    0 0 0 253 33 255 0 255 0 229 45 255 255 255 255 0 255 255 255 255 0
    0 0 255 96 0 0 63 0 255 255 255 235 255 0 255 35 255 0 255 255 73
    255 0 52 212 0 255 0 233 255 48 255 255 0 0 255 255 0 255 255 0 0
    255 0 255 0 255 255 0 52 0 255 0 0 255 255 0 255 34 255 0 255 0 162
    86 0 255 0 0 255 255 0 26 236 209 255 0 255 0 255 0 255 251 255 255
    0 186 255 0 0 245 214 104 0 255 255 255 255 0 0 18 255 0 255 240 255
    255 255 255 0 0 0 255 0 0 255 0 255 208 202 255 0 215 0 0 255 0 255
    216 255 0 255 255 200 12 255 0 204 0 255 255 78 0 176 255 0 0 135
    241 255 255 255 255 0 0 59 0 255 0 103 255 76 155 0 255 164 255 0 0
    28 255 0 232 255 255 0 255 0 255 0 255 255 0 255 0 0 0 255 0 255 243
    0 255 255 0 0 105 0 0 221 0 255 255 0 255 45 255 0 0 255 0 0 255 0
    239 0 134 63 0 243 0 255 255 0 56 0 255 240 121 255 186 25 0 255 0
    255 0 224 166 255 191 255 157 0 255 242 0 255 0 0 255 0 0 120 0 255
    148 255 0 255 255 255 95 224 218 21 0 0 255 0 0 0 255 0 0 42 255 0
    255 24 255 255 0 0 160 255 0 0 73 255 255 255 0 241 0 39 0 255 0 255
    0 0 255 0 255 0 255 0 0 0 0 0 255 255 127 0 255 0 91 0 255 0 255 0
    148 143 57 14 0 0 221 0 0 24 195 0 0 0 255 0 0 255 255 0 0 255 255 0
    255 255 0 104 0 245 255 0 255 0 0 255 255 61 0 5 0 255 255 255 0 169
    255 0 255 163 0 57 255 255 0 0 255 203 0 255 83 0 0 0 0 255 206 0
    127 190 255 0 0 0 255 0 255 178 255 0 255 255 0 0 0 255 255 114 255
    93 255 0 0 255 255 255 0 0 255 24 0 0 220 234 178 201 0 255 0 255 0
    255 17 0 255 122 0 169 255 255 255 101 255 0 255 0 0 255 0 255 0 0
    251 0 255 0 0 255 255 0 0 0 255 14 255 255 255 255 255 45 255 0 255
    0 0 255 255 255 0 0 255 0 85 255 255 0 0 205 76 255 0 0 255 0 255
    127 0 255 164 255 134 0 0 255 0 255 0 0 255 138 167 188 0 0 255 255
    0 174 40 255 255 0 255 0 101 0 255 0 27 0 0 255 20 0 0 0 255 255 0 0
    255 0 255 0 255 0 255 0 255 0 10 0 201 255 0 0 255 142 0 255 28 255
    255 0 255 153 255 0 0 255 255 0 0 0 125 0 255 255 255 255 0 161 0
    255 0 255 0 0 255 0 255 0 255 11 0 255 255 0 0 255 0 0 255 255 0 0
    183 123 0 255 255 0 146 0 255 0 255 255 255 0 255 255 96 0 165 18
    255 255 0 0 255 33 243 255 255 0 255 62 255 0 255 0 255 255 0 0 0
    255 46 255 255 162 255 227 143 255 0 0 255 0 218 0 217 0 255 0 255
    87 0 0 255 0 255 255 255 0 255 255 0 1 0 255 0 0 26 255 255 255 0 0
    0 0 187 0 171 0 0 98 255 255 0 125 255 0 0 233 255 0 0 255 0 255 255
    0 247 255 255 255 0 0 0 0 0 255 0 255 255 0 0 255 0 0 173 0 255 255
    0 255 0 255 48 92 255 116 0 255 131 255 0 255 0 0 225 215 51 0 255 0
    255 189 255 0 0 0 255 0 0 255 97 125 255 19 0 255 203 0 0 255 0 255
    255 255 255 255 0 255 33 0 0 255 89 61 0 255 0 0 99 0 255 255 0 255
    0 0 255 0 255 0 255 255 0 0 98 255 114 0 21 255 0 255 0 255 0 255
    255 255 0 0 255 255 0 0 224 255 0 0 255 122 0 0 0 255 127 0 255 20
    255 255 255 0 255 0 122 0 255 0 255 255 244 0 0 34 255 0 0 255 0 0
    48 0 0 0 255 0 244 255 255 113 0 255 207 0 0 237 0 255 246 0 0 0 0
    255 0 13 0 255 255 0 255 0 0 255 255 0 142 0 0 15 96 0 255 0 0 255 0
    0 255 255 0 179 0 0 139 255 255 0 255 223 255 226 0 255 71 0 255 255
    0 0 255 173 0 0 255 0 255 215 0 255 255 255 255 255 255 255 0 255
    255 152 255 255 0 211 0 255 255 255 255 0 255 0 255 255 0 255 222
    255 0 255 0 224 255 0 0 255 255 255 0 0 255 255 202 0 255 0 199 255
    0 176 255 255 0 0 77 0 255 0 255 255 0 169 255 49 255 255 0 0 255 0
    0 255 255 0 0 255 255 0 255 0 255 0 0 255 160 7 255 0 255 255 199 0
    255 0 0 255 255 5 0 0 0 0 255 255 255 0 255 240 0 230 62 0 0 0 255
    255 0 0 255 255 129 0 161 212 255 0 255 255 0 0 255 0 255 0 191 0
    255 255 38 255 41 149 243 0 88 41 84 255 255 255 0 0 255 255 0 0 255
    255 0 255 29 255 0 255 0 241 255 255 225 255 255 255 81 42 255 106
    255 255 0 142 0 255 255 0 233 0 255 0 255 0 255 112 255 0 0 73 255
    134 0 0 193 0 255 4 0 255 0 54 255 0 255 255 0 255 121 255 6 255 0
    255 0 76 41 0 255 0 0 0 255 255 0 0 255 0 0 214 255 0 255 0 255 255
    0 255 130 186 158 0 0 255 0 255 0 255 255 255 0 255 0 255 0 255 255
    0 255 0 172 212 0 0 255 0 255 58 0 255 0 255 0 255 0 0 0 255 255 0
    255 255 0 0 174 0 255 0 0 255 255 255 0 70 255 255 0 0 255 52 0 255
    67 0 54 196 255 169 255 0 255 0 155 0 0 255 0 0 255 255 0 38 106 255
    53 242 0 255 255 0 0 0 255 0 0 255 0 248 187 0 255 255 66 255 0 30 0
    0 255 0 255 177 0 255 0 255 0 255 0 0 255 255 255 255 218 0 121 245
    0 119 0 255 0 255 0 255 0 255 255 255 0 97 0 255 255 255 0 0 231 255
    0 171 255 0 255 190 54 0 0 0 0 255 255 255 167 224 0 255 0 255 56 0
    255 255 126 255 0 255 211 255 111 199 0 255 255 255 0 0 255 255 0 0
    0 255 255 0 255 255 0 221 0 0 0 255 255 255 255 0 255 255 255 255
    126 255 255 0 162 255 0 255 0 255 123 0 0 0 93 255 0 34 132 255 255
    255 52 45 255 0 255 255 255 0 0 156 14 200 13 0 0 255 0 255 160 0
    126 255 255 0 255 0 0 0 0 0 225 255 87 151 255 0 255 0 255 255 0 0
    255 0 0 84 152 180 67 0 88 237 0 255 0 176 0 255 255 0 255 255 0 0
    210 0 255 0 0 243 255 0 255 0 0 255 0 255 0 255 0 255 255 0 160 255
    138 255 216 0 255 255 0 255 134 255 0 0 255 3 0 255 160 0 255 25 0
    255 255 0 255 0 0 255 0 255 0 242 10 255 0 192 0 255 255 119 255 255
    0 255 255 0 180 165 255 219 255 0 255 0 255 0 167 42 255 0 0 0 255 0
    145 0 255 0 0 109 0 45 255 0 0 0 222 255 0 255 255 0 255 0 78 255
    255 0 255 255 0 255 0 255 186 255 255 0 166 0 0 0 255 255 120 0 0
    255 255 8 0 177 0 255 60 255 0 21 0 0 255 255 0 255 0 0 255 255 223
    255 83 255 68 0 255 255 0 136 255 20 150 0 134 164 0 255 0 0 60 0 0
    255 0 255 0 255 255 0 255 220 255 28 0 118 255 0 255 0 0 0 0 255 0 0
    10 0 255 0 223 255 0 0 255 255 255 0 255 0 255 255 83 0 0 255 255 0
    255 0 0 0 255 255 0 255 113 67 62 255 0 46 255 0 0 0 230 53 7 0 255
    133 255 255 255 0 206 138 255 255 255 255 0 230 58 255 0 255 0 255
    255 0 0 0 173 0 168 255 0 255 0 0 75 0 255 255 0 255 0 9 255 233 255
    0 255 0 75 0 0 0 0 0 32 0 190 219 255 0 28 255 0 255 144 255 0 203 0
    113 255 190 0 0 255 153 255 9 30 65 0 84 0 255 49 255 0 147 0 255
    240 160 255 255 0 205 0 139 255 0 255 175 255 19 255 255 73 255 255
    255 186 255 18 255 86 72 255 126 255 0 255 0 175 0 255 247 0 255 152
    255 255 82 126 0 124 0 255 255 223 255 255 0 255 0 0 255 255 0 0 255
    194 0 255 0 255 0 214 255 255 0 0 61 255 250 255 0 75 255 0 0 0 232
    0 206 255 0 255 0 185 69 0 0 255 0 255 255 0 255 147 0 104 0 5 255
    255 0 255 0 0 228 0 255 0 255 102 57 0 255 255 105 255 255 0 255 0
    189 0 150 255 0 255 222 0 2 255 181 0 255 0 255 255 91 255 255 0 194
    235 81 255 0 255 0 255 0 0 193 0 0 0 255 0 38 255 255 0 0 255 0 251
    0 0 227 0 255 0 0 255 0 0 125 0 255 0 0 255 0 9 0 255 255 255 255 0
    255 0 0 255 255 255 0 255 255 0 0 255 0 255 0 255 0 255 255 0 0 255
    255 0 255 255 255 251 32 0 255 0 0 255 0 0 255 0 212 255 230 45 99
    108 176 255 138 34 0 0 0 0 255 0 255 255 0 0 0 255 165 255 255 47
    248 0 255 255 99 228 0 255 0 0 0 0 255 0 255 0 189 0 255 254 0 0 255
    74 0 36 0 155 33 0 255 140 255 255 0 233 0 143 108 0 0 0 255 0 150
    255 133 255 0 0 255 72 255 0 255 0 255 78 0 255 240 155 0 0 255 255
    0 0 255 255 0 0 44 0 255 255 0 0 255 140 255 255 0 255 0 194 255 223
    0 255 144 0 255 0 94 0 255 255 255 255 0 153 255 0 255 255 255 255 0
    232 148 21 0 0 255 255 0 0 233 71 83 255 0 255 255 105 0 0 0 255 0
    255 255 0 255 0 0 255 255 255 74 0 220 255 255 0 0 249 255 0 255 0
    255 0 221 0 255 255 0 255 182 18 0 0 255 255 0 255 165 129 255 0 255
    255 205 0 0 195 255 71 0 236 255 0 255 255 0 251 0 0 255 156 0 255
    33 0 255 0 0 255 0 255 255 0 255 0 255 0 255 0 255 255 0 0 126 255 0
    255 0 255 140 0 255 255 0 228 0 255 0 255 23 255 255 133 0 155 255 0
    23 255 226 0 255 255 0 0 255 0 0 255 81 0 255 0 0 255 255 0 0 0 255
    0 255 0 255 0 255 0 255 0 0 255 164 0 255 74 255 0 0 0 255 58 255 0
    209 0 196 255 0 218 255 0 242 206 255 0 255 255 0 255 24 149 0 255 0
    0 0 255 0 255 0 0 255 128 255 0 0 191 255 0 141 255 0 255 0 210 255
    0 255 255 21 255 59 255 0 255 68 117 0 255 0 192 255 0 255 0 20 255
    3 0 255 0 0 0 0 250 234 0 0 145 254 0 255 19 255 93 255 73 0 255 0 0
    0 255 0 255 0 0 37 0 255 0 255 0 255 255 255 36 255 0 0 255 0 0 20
    111 255 146 255 0 0 255 0 255 0 0 255 112 255 0 255 255 255 0 255 0
    255 255 0 255 0 0 255 0 255 0 0 255 0 255 0 255 0 255 255 0 0 255 0
    255 255 255 255 0 255 0 255 0 0 0 0 255 255 255 0 99 255 255 0 0 0 0
    0 255 255 255 0 254 255 255 53 255 115 0 141 247 0 100 0 255 255 47
    0 255 137 255 0 77 255 0 255 0 89 0 255 255 0 255 0 255 255 0 255 0
    255 0 0 255 0 255 0 255 0 255 81 0 0 123 255 0 0 0 255 255 0 28 255
    255 255 255 0 255 253 255 255 0 0 0 0 0 0 255 255 0 255 255 255 0
    194 0 0 14 0 0 16 0 255 0 254 0 94 107 255 0 255 0 0 255 0 0 255 255
    19 0 0 0 255 0 255 0 255 255 0 255 237 255 0 0 0 152 0 0 255 0 255 0
    0 255 255 0 0 7 0 70 0 213 0 0 255 255 255 0 254 0 210 255 255 32 0
    90 0 0 255 255 0 255 0 57 255 255 0 255 49 255 208 69 155 175 255 0
    126 255 0 255 0 0 255 119 255 255 0 152 0 248 162 229 0 0 192 0 255
    255 0 231 249 251 0 255 163 255 255 0 0 0 255 0 255 0 255 255 0 255
    0 0 255 147 93 0 0 0 255 218 255 197 0 0 0 0 0 255 0 255 0 255 0 0
    255 0 255 0 255 181 0 0 130 255 0 255 255 0 0 255 84 0 242 0 255 0 0
    255 255 51 255 255 255 137 0 0 0 255 255 194 0 0 0 255 0 255 0 0 255
    0 246 255 255 255 0 102 255 114 0 87 73 0 255 0 255 79 7 67 243 0
    255 255 0 231 255 255 255 255 0 255 0 0 11 0 255 41 0 0 255 0 255
    255 255 255 255 0 255 0 0 255 0 255 0 255 255 0 199 255 161 237 67 0
    255 0 255 227 0 255 0 255 255 31 255 255 0 0 255 0 197 255 0 255 0
    255 255 0 255 255 0 236 64 0 255 255 121 0 0 0 255 45 255 9 0 255 0
    255 121 255 42 0 35 255 0 255 0 255 0 170 255 0 0 255 0 226 255 60 0
    255 0 255 255 255 0 0 0 108 0 48 255 0 255 0 0 255 255 0 255 246 255
    255 0 255 0 255 0 198 255 0 255 0 255 255 208 255 26 255 0 255 255
    138 0 255 183 0 183 255 255 0 0 255 0 255 255 0 255 255 42 0 0 255
    255 227 0 255 0 255 0 255 0 255 0 0 215 255 113 255 255 31 255 255
    211 255 0 113 255 0 0 255 0 14 255 0 0 255 35 211 133 217 118 255 38
    0 63 255 0 117 82 0 0 21 12 0 0 255 0 255 255 0 255 0 255 255 218
    255 0 255 255 0 105 0 62 255 0 0 255 115 0 255 0 0 255 0 255 255 255
    255 0 0 0 255 255 0 0 0 0 255 255 255 0 255 0 55 86 255 108 255 0 0
    255 0 0 0 0 64 255 0 227 255 0 255 0 255 7 255 255 0 255 0 6 255 255
    0 255 177 255 0 255 0 255 0 255 0 107 0 0 0 255 255 120 0 0 255 0 68
    255 255 255 120 255 0 255 166 0 143 0 255 0 0 255 35 0 255 255 0 0 0
    255 0 255 0 255 0 0 0 0 0 214 113 255 0 255 0 2 0 255 0 255 255 70
    90 255 255 87 255 255 0 0 255 0 255 0 0 0 0 255 255 0 0 255 255 0
    255 13 131 95 47 255 255 0 255 255 0 255 0 155 83 68 255 255 0 0 255
    5 54 0 56 0 255 0 255 255 0 0 255 0 73 0 0 255 0 0 255 106 121 0 255
    255 0 255 121 255 161 2 220 150 60 0 255 0 104 0 255 255 255 255 119
    255 140 0 36 255 0 255 0 255 0 255 0 238 0 0 255 255 0 255 0 255 255
    255 255 255 78 0 242 43 0 255 0 27 255 0 255 0 0 255 255 0 255 255
    255 0 245 255 0 231 120 255 0 255 0 95 255 0 255 255 255 175 170 132
    255 255 0 255 0 126 0 255 0 255 35 255 255 0 255 175 0 255 142 0 255
    255 213 255 241 100 0 255 255 80 3 0 255 255 0 0 0 255 0 255 0 0 255
    0 255 0 0 0 125 255 18 244 0 255 0 0 255 255 0 255 175 0 92 0 0 190
    0 149 0 255 0 255 255 0 255 0 0 136 0 0 255 255 226 0 255 0 255 0
    210 255 156 255 255 255 255 0 255 255 0 255 0 156 0 0 107 0 255 255
    0 255 92 255 255 255 0 237 0 255 255 255 0 211 255 255 0 0 255 255 0
    255 255 231 255 0 0 255 255 0 77 0 235 0 255 255 255 0 0 0 255 255 0
    255 94 255 255 0 0 255 0 221 0 255 0 0 255 255 255 0 0 255 193 255
    173 7 0 255 255 0 95 0 255 0 0 255 255 86 206 0 26 206 0 255 0 175
    255 255 0 0 255 255 0 0 0 0 255 255 255 22 255 0 255 255 54 0 0 255
    0 255 0 156 0 255 0 255 255 255 36 236 0 255 255 0 255 0 0 255 128
    255 0 201 0 157 255 144 0 90 255 57 32 0 0 255 0 0 0 0 255 0 255 0
    255 0 16 232 132 0 139 0 255 0 183 0 255 68 255 0 90 0 122 255 60
    255 255 149 0 255 0 255 255 0 0 255 192 255 195 255 0 255 255 0 255
    255 0 0 255 255 0 255 172 255 255 0 255 0 255 0 0 255 0 255 255 0 0
    255 151 255 249 0 0 255 0 20 255 38 0 255 255 0 255 0 0 255 0 0 255
    255 255 0 242 0 0 255 51 0 255 255 0 255 0 255 54 255 0 0 255 0 255
    150 105 0 187 255 0 255 0 255 9 255 0 0 255 219 125 31 0 0 255 0 255
    255 255 0 92 255 255 0 255 255 0 13 0 255 255 0 0 0 17 255 121 58
    255 255 255 255 0 255 255 104 0 255 0 253 0 255 0 0 255 147 255 176
    231 0 150 0 255 139 255 112 255 0 160 255 0 213 0 255 255 0 177 142
    0 255 0 110 0 0 255 138 255 255 0 255 0 0 0 184 0 0 255 255 0 0 255
    0 255 0 255 0 255 0 255 0 255 0 255 255 229 255 0 227 255 48 0 0 90
    55 190 0 255 255 194 0 255 255 0 255 255 0 255 52 255 255 0 2 5 0
    200 0 255 255 0 89 137 255 0 255 0 255 209 0 0 255 0 255 159 0 232 0
    255 217 255 0 255 255 255 54 0 255 0 0 255 0 255 0 255 29 0 0 0 255
    0 254 255 0 255 0 0 0 255 255 255 195 234 0 255 0 0 255 0 0 255 255
    0 255 255 195 0 255 255 0 255 121 33 13 0 0 255 255 0 0 0 255 0 255
    0 255 0 255 0 255 0 0 255 0 0 228 0 255 96 255 164 0 255 0 255 58
    255 255 0 255 255 0 33 255 0 255 0 255 0 17 0 238 0 255 0 0 255 0 0
    222 255 0 0 255 255 0 0 0 240 255 202 0 255 255 0 255 0 0 255 255 0
    255 141 0 255 0 255 0 255 0 255 0 0 0 255 0 255 0 255 0 255 255 0
    255 255 0 0 255 255 106 0 245 255 0 255 0 255 0 255 255 255 80 233
    131 179 255 255 255 255 0 174 255 255 0 255 90 255 0 255 0 255 0 6
    255 255 0 0 255 0 255 0 255 0 0 255 255 0 37 255 0 255 0 25 255 0 0
    255 183 0 142 0 0 89 238 140 0 0 255 255 235 14 226 0 0 0 255 0 255
    0 0 255 0 85 255 255 0 255 0 255 10 166 0 255 0 255 255 255 245 255
    0 0 255 0 0 255 251 0 16 0 255 0 0 97 255 253 0 0 0 255 0 255 255
    255 255 0 0 0 255 10 255 0 255 255 255 255 255 0 241 255 0 6 0 255
    193 0 255 255 0 215 229 206 0 255 0 0 0 227 246 0 255 166 255 255
    255 0 0 36 0 255 46 255 0 0 0 255 255 0 255 0 255 255 255 0 0 255 0
    255 0 255 0 255 255 255 136 255 255 255 0 255 0 255 0 55 0 7 255 0
    255 255 0 37 255 0 255 0 0 0 255 0 0 255 0 0 0 82 26 127 203 255 48
    255 255 215 0 255 255 254 255 0 255 255 0 0 255 105 255 0 78 255 168
    0 255 255 0 255 0 255 0 255 0 255 255 0 0 0 0 255 192 255 0 255 0 34
    0 255 0 255 255 0 255 0 255 0 255 0 0 0 175 177 0 134 145 255 255 0
    255 0 255 82 255 255 0 0 0 27 255 167 255 0 255 0 255 0 139 255 211
    0 0 255 255 0 181 255 0 255 0 17 255 255 255 213 255 152 255 0 0 255
    201 20 0 0 255 255 255 0 255 255 255 255 0 225 255 0 186 230 255 255
    0 255 255 255 0 0 255 149 166 255 255 255 0 255 255 255 0 0 255 33 0
    0 255 156 255 0 0 219 255 0 0 0 0 255 0 255 255 0 255 242 255 0 34
    255 59 0 255 0 255 0 0 255 255 0 255 0 95 255 0 255 0 255 255 0 255
    172 255 0 0 255 255 255 103 0 52 255 0 255 255 0 255 5 255 0 255 255
    0 8 255 0 255 0 255 255 70 93 146 255 255 0 255 255 255 0 0 255 255
    0 255 126 255 255 0 1 255 190 0 255 0 74 123 255 255 0 0 0 0 255 130
    141 0 255 255 0 0 255 0 255 0 0 255 26 76 255 0 0 255 0 227 0 46 0
    255 0 255 20 252 255 0 0 255 0 255 0 36 0 255 216 232 255 0 255 255
    0 0 0 255 0 255 0 0 0 148 255 1 0 160 0 255 0 0 255 0 0 0 255 0 255
    0 0 255 255 255 255 0 0 255 255 0 0 255 0 164 255 243 250 151 0 0 0
    0 255 0 8 255 241 0 0 255 0 0 255 0 0 255 255 75 118 0 255 0 143 0
    129 255 13 172 255 103 0 0 255 255 0 0 168 0 255 0 255 0 255 0 255
    255 45 0 82 255 0 62 120 255 0 143 255 0 255 0 0 0 255 255 143 0 255
    255 232 0 255 0 0 0 200 255 255 0 255 0 0 255 255 216 255 0 141 0 0
    255 255 0 255 0 0 0 255 0 0 0 255 0 110 0 255 63 203 0 0 255 255 82
    0 255 0 0 122 0 255 255 255 255 0 255 0 123 48 255 0 0 0 255 255 0 0
    255 0 255 0 255 0 255 0 115 0 255 0 255 0 255 0 0 0 0 255 0 12 0 255
    0 255 255 0 189 0 255 0 255 143 255 79 0 0 255 0 255 0 106 116 255
    78 255 255 179 255 41 255 0 15 0 0 0 255 0 255 0 255 66 86 0 255 0
    255 0 0 255 0 255 165 0 255 255 255 255 255 0 255 42 255 246 255 144
    255 230 0 255 0 255 174 123 255 255 0 255 255 255 0 0 0 0 0 255 0
    249 255 255 0 11 255 250 255 0 255 255 0 0 255 3 255 255 0 0 229 255
    147 0 101 255 255 0 255 138 0 146 0 255 76 0 0 255 131 154 255 0 0
    255 0 255 0 255 255 255 255 134 0 255 255 255 0 25 39 255 0 140 255
    55 255 0 0 0 255 0 0 255 0 0 238 223 0 120 255 0 168 255 163 120 255
    255 0 133 15 31 0 0 255 0 255 255 255 225 0 223 0 157 255 0 9 255
    255 27 0 255 0 255 90 84 0 255 0 0 114 0 0 0 255 0 0 42 255 255 0
    255 0 190 9 86 255 0 255 206 0 255 0 255 86 255 255 0 255 0 255 0
    181 0 255 78 255 0 255 184 255 255 0 255 0 255 255 0 255 255 0 255
    255 28 255 255 0 195 255 0 54 0 255 42 0 255 0 255 255 0 255 0 255
    255 0 0 255 72 0 126 0 0 255 255 24 232 0 255 0 255 255 255 0 0 255
    255 0 255 0 255 255 0 0 79 0 243 255 0 0 255 0 0 255 248 255 0 0 40
    255 200 87 0 255 0 252 0 255 0 255 0 0 0 255 0 255 255 65 255 146
    255 0 255 17 35 0 0 255 255 0 0 255 31 0 74 0 255 255 255 0 255 213
    255 0 255 20 255 0 0 255 85 255 0 194 255 14 0 255 0 255 11 255 0 7
    119 0 255 255 0 255 207 255 0 0 0 218 0 255 0 218 255 255 255 0 255
    255 145 255 255 79 17 65 255 0 255 0 255 255 71 116 0 0 0 3 0 255 0
    0 255 244 255 255 68 255 0 0 255 0 255 0 142 229 0 149 0 255 236 0
    255 255 0 255 255 255 47 255 0 255 0 255 0 0 255 0 255 216 0 201 0
    255 0 255 0 0 0 255 0 255 0 255 95 255 0 0 255 255 0 255 255 0 255 0
    255 0 0 85 0 246 208 255 255 55 255 0 179 255 0 255 0 0 0 0 255 0
    246 7 255 0 255 255 255 255 0 255 255 255 156 0 0 255 25 0 128 255 0
    105 255 255 255 248 0 221 238 160 255 0 0 0 255 0 255 0 121 255 0
    225 0 102 196 0 0 255 0 3 255 0 0 255 255 0 0 160 255 255 146 255 0
    0 255 0 217 0 0 12 255 0 0 64 0 0 44 255 0 0 0 104 51 0 255 0 255
    255 0 0 0 255 0 252 0 255 0 255 0 0 255 255 0 0 255 0 255 138 255 0
    0 255 255 0 0 0 255 63 0 255 0 52 255 0 0 255 255 255 255 0 255 255
    0 0 255 255 255 0 152 255 0 255 255 0 0 255 0 0 0 16 63 255 0 0 255
    197 255 192 0 0 255 12 189 255 210 0 255 91 0 255 0 0 0 0 255 0 255
    255 255 30 248 124 241 120 255 19 255 0 21 255 143 255 0 255 0 0 0
    195 255 0 37 0 255 0 255 255 0 255 0 34 255 255 174 0 0 255 255 168
    0 255 255 0 255 14 108 0 255 68 0 0 0 0 0 255 215 0 255 0 0 0 55 46
    0 255 0 230 255 0 17 0 255 21 0 255 0 255 0 255 0 255 0 0 0 7 97 0
    255 0 255 88 255 0 0 0 255 0 0 255 0 0 255 0 255 0 0 255 0 0 255 255
    20 255 0 0 255 12 255 0 255 255 0 255 0 0 255 0 255 255 255 255 0
    255 255 0 255 0 255 0 0 255 0 255 0 255 255 0 255 144 255 0 255 222
    0 0 255 202 44 255 255 255 255 0 0 0 0 205 136 255 255 207 0 201 255
    30 180 255 0 255 255 163 0 0 255 0 0 255 175 0 55 0 255 119 0 0 255
    255 255 0 0 255 45 0 255 0 0 0 185 0 255 255 0 255 0 0 30 0 255 255
    20 0 255 0 118 122 255 255 255 0 255 251 0 0 0 0 255 255 0 0 255 120
    37 255 255 68 255 0 0 255 255 0 0 255 88 255 0 255 255 178 0 255 0 0
    255 255 154 248 0 255 255 255 0 255 255 2 0 255 255 255 0 255 255 0
    255 255 0 25 255 165 0 113 255 0 255 0 255 255 0 0 255 0 255 179 255
    255 0 0 255 0 255 255 0 255 255 0 0 255 255 58 255 0 255 255 255 237
    0 255 0 0 255 255 255 255 0 255 255 37 255 108 255 231 0 255 0 255 0
    255 0 255 255 255 197 255 255 255 255 255 0 62 255 95 143 0 0 255 54
    0 34 255 224 255 255 255 120 0 0 255 255 0 0 0 255 0 255 0 0 0 0 172
    0 255 255 0 0 255 0 255 151 255 255 64 0 42 0 255 0 255 0 68 255 0 0
    90 0 154 0 33 0 255 0 255 255 0 255 0 36 0 255 0 0 49 208 70 0 0 255
    128 255 255 255 186 144 108 255 108 0 0 255 255 0 255 0 255 0 255
    255 92 37 255 0 255 0 255 255 0 6 255 38 0 154 165 255 255 46 93 255
    255 0 88 255 255 0 250 0 0 255 255 255 255 236 255 255 0 255 0 0 82
    255 0 37 0 255 255 255 0 0 231 255 0 0 0 17 178 0 255 0 255 0 0 0 0
    255 0 255 0 0 255 241 255 0 255 255 0 76 0 255 222 255 0 0 255 255
    255 0 235 255 0 106 38 255 0 0 0 0 255 0 41 0 255 0 255 0 255 149
    222 255 0 255 0 0 255 229 0 255 0 0 255 255 0 0 0 255 0 0 255 61 0
    255 0 255 39 255 0 187 255 255 255 255 255 255 0 255 0 0 0 0 255 0 0
    255 255 0 0 255 0 0 255 255 255 0 53 77 255 36 0 176 255 91 0 255
    255 0 255 255 0 255 0 0 255 7 255 208 255 255 0 255 33 0 128 255 42
    255 5 0 0 78 255 0 255 231 255 255 0 45 158 0 0 197 255 255 0 0 255
    255 0 66 58 255 0 0 255 217 255 242 255 255 46 194 0 255 70 0 0 255
    0 0 255 0 255 0 0 255 255 102 255 47 0 255 49 26 0 255 0 0 0 255 0
    255 0 255 28 255 0 150 255 0 255 0 0 193 0 0 255 0 255 0 255 0 255 0
    0 255 0 39 0 0 0 0 255 0 255 0 9 255 255 97 255 175 0 197 255 255 0
    47 189 255 255 0 0 255 255 230 255 255 0 255 0 0 255 0 0 255 0 255
    255 255 0 255 0 0 0 174 0 0 255 0 0 255 63 255 255 0 255 0 255 255 0
    255 0 0 0 95 255 0 0 66 255 0 255 0 255 0 255 255 255 255 0 0 255 0
    255 208 0 0 217 255 255 255 255 0 255 255 0 255 0 255 0 0 255 255 17
    0 17 0 0 0 0 221 255 255 0 255 0 155 172 0 255 16 255 0 255 255 76 0
    255 0 255 0 36 0 255 0 255 0 0 0 255 0 0 255 255 0 255 255 236 148 0
    255 0 0 0 255 0 205 0 0 0 255 0 255 239 113 0 255 255 0 255 255 0 0
    255 0 255 0 255 0 255 255 255 0 255 40 0 0 255 0 0 255 255 0 35 96
    158 255 255 0 0 255 19 255 0 0 255 255 0 255 206 159 255 0 0 255 0 0
    102 0 255 0 255 0 255 0 255 145 0 121 255 0 0 163 160 255 0 32 255 0
    255 0 0 255 0 0 235 255 0 255 255 0 0 0 255 255 7 0 255 0 145 255
    239 0 255 0 0 255 106 255 255 255 255 255 0 0 0 255 255 209 83 0 255
    255 238 0 144 0 255 221 72 255 0 255 0 0 255 0 13 255 255 132 255
    255 70 0 255 22 0 255 255 255 255 0 0 255 255 0 255 0 0 0 0 255 0 0
    50 255 0 255 0 255 0 153 0 0 255 255 0 0 0 255 0 255 255 0 255 141
    255 0 255 0 0 0 255 0 62 255 255 0 255 0 255 0 255 132 255 237 0 255
    0 255 0 255 0 0 255 151 0 255 0 217 255 255 0 0 255 0 0 255 255 0 0
    255 255 0 152 255 0 255 255 59 255 0 255 255 0 0 27 0 255 255 0 255
    0 255 255 0 242 0 255 0 255 73 0 255 0 110 0 255 0 255 0 141 137 255
    255 0 128 255 255 0 255 0 0 255 8 0 255 86 255 255 255 124 0 190 255
    0 255 0 255 88 0 0 0 40 255 0 0 255 255 255 0 0 255 255 29 152 255 0
    0 255 0 255 0 255 142 138 255 0 0 255 255 255 180 255 0 255 0 0 0 49
    255 29 255 255 0 116 255 0 0 255 0 255 0 0 74 193 66 255 0 0 95 0
    255 0 255 0 164 0 0 255 255 255 0 164 255 255 0 255 255 0 255 0 0
    167 255 152 255 0 0 255 0 255 255 0 0 255 188 0 255 0 255 0 255 0 0
    195 0 255 0 0 0 255 0 255 151 255 0 0 255 78 255 255 68 0 255 0 255
    111 255 76 255 0 0 255 188 255 0 207 0 255 0 255 255 111 0 255 255
    216 21 0 174 0 0 255 0 255 0 0 255 205 0 0 188 255 35 255 255 0 255
    255 0 0 255 255 0 0 0 0 255 0 174 255 255 0 255 255 0 255 0 215 219
    255 46 0 0 0 17 96 255 0 255 0 44 255 0 255 0 0 255 0 255 255 0 255
    189 210 0 0 0 0 171 255 127 0 121 255 84 255 0 169 0 255 0 100 0 255
    255 0 255 255 43 0 255 0 0 156 0 0 53 0 0 219 43 255 0 218 255 0 255
    0 0 255 0 0 0 45 255 79 196 0 0 255 0 0 0 255 0 0 255 0 0 0 33 255 0
    0 255 255 215 0 100 255 147 167 0 0 255 186 0 154 0 255 0 255 255 0
    255 255 255 18 255 255 0 255 0 0 255 255 61 0 231 255 0 255 116 255
    0 0 255 0 255 255 146 0 255 9 0 255 0 0 255 0 130 255 197 0 255 0
    255 121 167 255 0 255 151 255 0 0 255 255 182 0 255 0 255 0 192 0
    255 0 255 210 255 254 224 188 0 0 0 255 29 255 255 0 255 0 255 255 0
    108 0 255 255 188 0 0 255 0 0 55 255 0 255 0 0 255 255 0 255 0 204
    255 0 255 255 255 255 255 255 0 0 255 0 255 0 0 255 48 22 0 255 216
    255 255 0 101 255 194 0 0 255 0 255 180 0 255 0 0 0 0 255 255 255 0
    0 255 255 153 255 0 255 112 0 255 0 0 0 255 255 0 255 15 255 90 233
    255 255 0 255 0 255 0 58 0 124 0 150 255 0 255 0 255 55 255 255 0 0
    195 255 255 0 139 255 0 61 255 255 107 255 255 255 0 14 0 0 255 255
    0 0 255 0 0 255 0 255 74 255 0 255 0 255 255 255 203 0 0 255 196 181
    255 95 0 105 0 0 255 0 255 205 0 255 255 0 0 35 255 255 0 255 90 45
    255 133 0 0 0 255 0 255 255 255 0 255 0 255 255 255 0 0 0 255 0 154
    255 255 0 36 255 255 255 0 255 255 202 255 0 0 255 216 0 255 255 0
    255 0 255 0 0 28 0 0 69 255 255 0 255 156 255 0 0 255 0 255 255 255
    255 0 255 255 106 84 142 212 234 255 255 0 48 0 255 0 0 0 255 0 255
    0 202 177 0 255 255 0 255 255 0 255 110 0 255 145 0 255 0 0 0 255 2
    0 145 5 0 0 0 0 215 255 0 255 250 215 255 254 0 227 255 0 0 255 0
    255 255 255 0 255 75 0 255 125 0 255 254 255 0 255 0 0 154 255 0 0 0
    103 0 255 157 255 255 241 37 255 255 0 255 109 255 0 255 255 190 0
    73 209 108 255 3 255 0 255 0 255 0 255 0 255 255 0 255 51 255 0 255
    255 177 20 255 40 0 114 53 255 255 0 255 0 0 255 0 255 255 218 0 14
    255 255 0 255 66 0 255 0 255 255 0 0 255 0 0 255 49 255 193 255 255
    255 239 0 255 0 255 255 255 255 143 0 158 255 255 0 255 0 7 0 154
    255 0 68 255 0 255 0 0 255 0 255 51 0 255 255 0 255 0 0 255 99 255
    255 0 66 0 0 255 84 68 0 0 255 0 0 0 208 255 53 183 255 221 0 0 255
    255 0 0 138 255 133 255 255 0 255 0 0 0 0 0 255 219 0 0 255 0 96 255
    218 255 0 0 255 2 0 12 255 0 255 255 0 0 0 0 255 0 255 62 255 255 0
    255 255 34 0 255 187 255 255 0 133 0 0 255 78 255 25 0 255 0 255 156
    0 0 255 255 177 86 0 255 0 0 255 0 255 0 255 141 0 255 0 0 0 255 255
    0 0 0 255 255 0 255 0 255 118 0 0 255 67 0 108 0 255 255 0 255 255
    32 0 0 200 255 0 169 255 0 255 52 255 0 0 0 0 255 0 255 0 223 0 255
    255 255 0 255 255 0 46 255 0 119 0 0 255 2 0 0 255 255 0 255 0 255
    255 255 69 0 255 255 255 23 214 0 0 255 0 0 0 255 255 0 255 0 0 255
    0 0 121 144 3 73 0 0 0 255 0 255 0 255 0 0 0 0 12 0 0 255 246 0 255
    197 0 0 255 255 255 255 168 235 255 0 0 0 255 255 255 52 0 255 216
    255 0 255 0 255 255 0 244 0 0 255 0 107 255 220 255 0 255 255 0 0
    255 255 255 0 0 255 255 0 207 255 255 0 255 0 255 255 0 255 201 255
    0 255 0 255 167 240 0 255 0 0 0 103 255 0 255 0 255 0 255 255 0 255
    0 0 2 0 255 255 0 255 0 231 0 255 38 0 255 21 0 255 94 0 255 0 0 255
    255 191 240 0 0 255 0 0 0 255 0 0 255 0 193 0 0 255 255 0 255 219
    255 255 0 0 52 0 255 255 177 119 255 0 0 0 255 0 255 0 255 0 226 0 0
    255 255 0 255 68 0 255 255 0 0 235 3 0 0 255 0 255 62 255 0 255 95 0
    255 0 255 0 255 0 0 0 197 0 178 76 63 61 255 255 191 61 205 13 255
    255 149 255 0 64 255 0 0 166 255 0 242 255 0 0 0 255 0 191 154 0 255
    0 0 31 255 109 255 0 0 255 151 245 0 255 93 0 171 181 159 255 255
    255 255 0 255 0 255 0 255 255 255 255 202 255 196 255 156 255 0 255
    255 255 0 94 0 0 0 255 0 255 255 255 0 255 0 0 129 0 255 0 255 0 252
    255 255 0 83 213 0 0 255 255 0 0 0 255 0 0 198 255 186 0 34 62 56 0
    136 0 255 0 56 255 0 0 255 0 0 255 0 0 255 0 0 65 255 0 255 97 255
    255 255 255 0 128 0 255 211 255 0 0 255 0 214 255 152 255 255 255
    255 255 0 70 0 255 255 101 0 187 0 0 0 226 255 0 255 0 0 255 251 0
    255 0 255 0 255 255 255 255 64 128 255 0 255 175 11 255 255 255 0
    255 250 255 172 255 0 255 75 160 0 255 0 255 34 255 0 203 0 0 255 0
    255 140 255 17 0 0 255 255 0 0 0 0 255 64 255 0 255 0 23 0 3 67 255
    255 136 0 244 255 0 255 255 255 122 255 255 0 0 255 255 0 0</data></your_img>
</opencv_storage>
