<?xml version="1.0"?>
<opencv_storage>
<filter_type>2</filter_type>
<only_luma>0</only_luma>
<r1>1</r1>
<r2>5</r2>
<L2_diff>1.</L2_diff>
<test_img type_id="opencv-matrix">
  <rows>128</rows>
  <cols>256</cols>
  <dt>"3u"</dt>
  <data>
    160 141 8 197 33 14 171 251 209 98 85 44 80 181 7 126 5 183 24 49
    127 193 47 214 86 197 142 171 108 67 193 153 229 47 144 156 78 185
    155 22 128 217 194 220 149 115 37 150 225 142 231 248 16 13 69 248
    81 166 13 15 221 47 137 52 240 72 218 8 212 145 189 104 21 86 142
    178 67 16 150 241 29 165 201 13 72 219 34 41 186 42 64 218 47 141
    177 50 116 228 189 190 156 86 120 172 238 229 140 111 138 77 61 165
    247 130 131 90 199 239 205 135 7 35 132 19 199 51 31 199 198 209 35
    113 155 75 87 118 220 155 129 146 26 9 60 198 148 62 85 241 16 236
    46 235 151 190 21 215 30 135 198 226 94 51 246 194 40 213 133 99 87
    147 143 150 85 177 129 82 163 42 144 238 254 196 61 200 255 166 112
    39 120 142 233 253 114 222 254 178 45 231 65 178 57 168 159 156 92
    152 45 39 114 250 56 96 110 189 31 3 42 246 223 240 43 97 79 76 116
    7 215 40 185 241 211 63 42 104 227 80 169 111 101 170 196 11 44 99
    182 182 189 82 183 190 6 64 217 125 73 163 169 56 7 59 198 49 32 97
    61 32 121 135 25 22 101 135 109 106 4 141 236 194 114 131 246 18 176
    164 137 152 55 0 196 73 147 99 49 151 185 224 36 50 86 154 124 80
    137 109 87 208 170 229 137 237 222 254 17 154 254 53 62 169 220 234
    56 154 175 108 78 153 7 63 182 45 44 26 225 34 80 232 17 167 94 183
    12 65 196 58 141 71 151 132 142 254 67 27 99 61 158 17 192 77 185
    255 185 241 163 217 20 209 99 147 127 156 185 2 24 107 243 252 70
    243 120 161 62 4 82 184 84 75 175 162 226 132 99 193 225 175 166 75
    212 44 110 102 244 241 43 77 179 231 168 80 14 244 21 48 199 139 230
    75 53 151 169 123 148 137 190 65 215 132 252 243 0 50 230 103 57 254
    236 78 131 179 89 232 64 205 178 37 94 50 108 2 25 222 100 137 85
    194 84 66 116 50 157 14 80 93 133 103 87 124 39 35 170 84 108 234
    105 1 230 180 120 166 177 247 164 132 68 71 56 8 134 188 30 0 78 189
    13 33 74 93 14 193 114 193 230 221 12 92 22 174 129 185 154 144 16
    230 87 195 90 222 144 73 152 2 57 139 116 112 249 166 239 243 200
    143 66 241 234 133 248 56 38 241 8 228 106 250 51 189 44 230 21 171
    76 53 43 35 135 12 232 120 37 67 60 117 118 170 171 181 215 178 89
    48 16 106 190 142 168 50 71 255 100 193 34 67 67 104 77 127 126 70
    239 185 57 253 15 176 85 197 225 76 174 169 199 226 68 171 202 174
    231 143 203 21 112 145 242 109 79 151 106 121 53 172 188 37 219 139
    191 158 105 70 14 254 35 57 145 23 97 128 190 2 0 12 208 109 79 178
    109 181 100 64 43 86 212 96 34 128 164 0 133 212 61 122 14 65 244
    212 238 30 175 207 208 152 224 208 136 122 115 232 110 173 234 110
    89 189 183 53 39 159 220 99 244 152 218 94 163 201 146 162 8 42 206
    0 171 48 237 119 114 243 242 11 94 17 252 56 236 88 72 22 31 10 141
    146 199 252 168 223 251 191 112 161 204 166 77 40 40 155 74 227 217
    187 215 208 19 207 225 228 155 35 24 108 199 193 206 87 7 173 206 67
    217 128 219 68 49 245 142 194 100 56 60 244 226 137 111 81 196 152
    34 28 48 251 161 65 68 219 143 160 63 8 203 252 100 205 82 15 169
    249 104 255 225 29 25 202 74 29 149 229 52 34 87 75 236 190 14 77
    242 201 139 155 217 214 213 143 176 62 173 254 71 72 205 106 170 43
    104 23 128 194 91 9 254 206 255 205 139 133 159 2 154 202 215 23 169
    167 56 112 51 219 194 92 197 244 192 192 226 122 160 148 1 218 82
    198 19 43 234 247 12 102 204 255 188 220 206 182 119 172 194 141 30
    107 219 60 0 122 216 48 80 101 166 224 123 179 187 189 207 101 219
    44 142 215 222 230 133 251 129 249 43 77 244 160 219 87 235 90 180
    164 36 243 59 139 150 235 241 244 5 195 124 240 183 143 12 104 209
    202 78 123 188 173 215 15 235 89 115 95 177 64 121 46 86 91 223 116
    217 203 70 232 35 50 85 71 33 151 146 219 108 220 118 178 165 192 98
    163 70 171 5 128 223 225 30 198 142 64 148 200 155 104 210 93 173 79
    82 177 44 20 149 80 195 114 103 15 6 68 141 15 212 1 61 217 245 193
    87 246 101 54 99 117 190 49 166 29 243 13 74 48 169 185 125 93 161
    184 32 221 65 107 245 12 0 199 125 157 80 187 111 208 201 24 54 139
    114 140 73 247 162 114 60 161 39 155 91 194 212 159 135 151 82 24
    192 207 9 145 7 102 143 173 14 28 109 172 210 102 220 13 241 158 65
    43 160 90 199 179 27 178 39 149 117 9 104 216 149 0 39 236 78 3 69
    157 146 140 43 26 188 191 127 125 93 220 199 182 93 103 156 58 2 224
    54 255 96 141 25 122 255 255 199 104 114 153 247 237 52 198 172 164
    173 162 244 76 255 103 186 220 135 184 224 159 73 166 103 45 197 2
    91 26 220 241 34 236 222 55 152 123 237 90 43 102 168 68 8 50 216
    242 74 47 87 106 131 8 101 29 135 200 152 159 193 49 62 143 36 27
    238 118 84 179 143 210 46 154 246 192 88 40 195 52 36 72 0 113 238
    220 238 89 248 235 234 62 74 202 171 247 163 173 41 209 109 144 15
    221 165 245 28 149 182 55 25 40 229 136 234 231 162 67 87 113 98 235
    82 162 172 177 74 179 243 249 92 218 91 125 244 20 14 58 44 51 67
    184 241 7 138 159 207 59 116 187 120 155 81 32 193 126 158 10 189
    165 11 254 73 188 91 89 143 197 182 251 34 3 98 0 19 168 127 148 12
    245 7 240 39 166 7 242 187 182 233 253 200 202 131 87 149 139 2 0
    143 106 156 2 112 238 132 88 27 205 126 13 0 38 193 135 31 170 83
    102 19 92 84 195 185 84 206 180 192 240 195 169 77 78 86 86 34 176
    57 65 211 3 117 119 77 200 57 131 185 137 129 207 65 100 25 207 29
    236 250 85 160 80 19 97 0 101 175 109 106 177 11 86 149 254 131 165
    219 50 183 212 178 135 56 116 153 71 195 9 79 129 171 45 72 50 157
    127 244 66 151 18 76 219 152 142 63 24 130 88 176 178 61 78 159 252
    166 185 196 127 55 83 77 134 215 187 162 100 0 165 36 225 243 2 212
    243 116 85 140 127 229 244 132 148 156 167 240 207 131 115 161 31 41
    203 219 202 121 7 234 193 27 61 134 231 232 142 143 226 221 171 122
    41 14 89 87 78 71 0 133 121 217 123 190 83 125 176 147 23 35 128 253
    224 206 115 238 89 155 121 248 163 183 245 21 235 137 173 235 11 190
    61 255 235 37 39 42 58 95 137 189 241 130 87 79 204 82 41 90 13 140
    198 205 196 218 139 56 205 162 215 200 59 31 170 27 201 169 0 121
    173 4 250 150 54 176 124 201 147 90 181 86 21 17 172 250 189 241 147
    53 65 74 219 214 220 159 59 164 157 245 163 192 53 188 72 23 227 97
    121 109 26 214 9 77 17 29 189 26 77 80 132 23 13 189 25 139 245 105
    30 152 220 66 88 166 147 209 244 200 150 185 23 35 225 46 123 74 254
    131 87 47 119 40 50 133 94 26 205 4 191 243 128 143 86 68 245 129
    189 97 84 153 56 176 160 66 245 63 228 240 154 104 141 3 87 103 120
    170 232 140 133 242 192 18 28 49 178 104 198 78 7 72 170 49 0 60 158
    152 229 153 139 27 14 166 81 91 165 245 143 172 187 28 199 13 118
    160 62 107 198 51 230 66 21 209 188 152 130 220 69 9 47 159 27 41 60
    94 50 7 65 210 9 59 2 237 170 215 4 42 19 3 66 44 30 144 48 148 132
    35 238 67 13 44 57 236 204 67 87 7 26 106 230 60 3 142 140 207 42 0
    52 140 25 205 177 25 45 197 94 252 36 182 241 184 96 85 119 90 60
    105 165 100 107 81 166 67 197 184 233 8 172 69 170 77 174 220 144
    175 61 23 34 11 189 77 148 24 152 232 41 148 64 159 211 147 117 65
    71 93 29 106 61 54 43 124 6 110 147 103 115 57 49 107 110 47 225 40
    137 158 39 82 136 113 54 107 109 192 42 62 30 245 223 80 40 252 52
    99 108 77 218 121 234 174 63 60 2 250 224 44 130 38 99 114 0 214 70
    101 245 187 114 114 127 201 171 210 142 120 222 182 134 52 140 52
    133 171 24 180 233 247 250 211 1 72 168 190 249 207 57 4 168 165 216
    164 230 125 247 192 141 142 207 170 8 162 14 88 146 201 214 94 87 80
    169 36 56 87 15 82 222 41 169 253 175 170 1 1 41 7 30 46 193 255 1
    230 180 34 51 215 68 218 193 247 29 165 101 12 35 206 54 117 34 32
    126 116 219 132 98 157 202 232 21 138 186 158 53 112 152 139 39 228
    79 246 190 59 81 249 101 49 227 217 68 106 153 80 183 125 28 84 8 66
    236 211 166 25 76 246 148 139 100 224 38 247 82 139 195 54 118 2 93
    107 227 184 186 73 173 177 196 230 87 252 118 173 52 48 108 11 225
    53 224 45 136 192 10 197 110 173 212 40 176 132 133 212 5 99 111 62
    208 196 245 135 158 125 113 134 234 194 188 161 198 86 181 122 149
    222 52 179 251 94 205 7 198 93 77 239 78 30 148 47 130 140 193 16 76
    8 7 51 51 93 111 113 128 207 108 8 148 147 254 230 213 126 155 50 77
    36 138 138 185 92 117 141 252 74 80 121 71 26 83 231 27 78 133 225
    116 70 96 157 64 151 62 242 84 228 75 124 237 4 216 175 55 36 51 175
    28 126 14 123 139 173 30 60 198 10 217 10 170 152 171 12 176 166 24
    39 230 241 5 161 167 244 74 20 159 196 200 96 132 206 175 234 123
    146 17 56 237 181 46 20 46 170 223 109 87 175 112 78 207 95 42 125 6
    97 182 174 230 38 127 132 115 103 8 101 186 127 30 144 163 19 85 109
    93 8 201 116 228 199 254 222 169 165 156 191 55 220 3 101 80 17 168
    163 125 93 231 135 84 84 167 128 93 144 155 96 71 143 140 10 73 173
    13 45 83 199 189 115 232 73 156 138 163 28 4 59 13 225 194 95 24 106
    18 78 246 236 131 228 31 143 9 222 163 246 241 124 69 232 65 229 130
    24 138 235 0 216 45 113 218 137 186 50 214 31 255 168 111 69 34 154
    87 162 98 136 186 89 130 73 146 193 209 16 37 128 67 32 24 174 155
    206 43 118 153 125 147 55 160 197 147 200 184 60 119 211 153 88 236
    82 244 127 53 118 155 217 7 124 232 137 59 9 201 107 6 139 172 231
    89 49 128 53 63 220 166 231 131 102 19 3 42 171 70 162 234 123 69
    125 32 249 148 143 219 111 131 0 27 238 132 19 246 50 106 236 137
    187 82 59 81 185 185 19 39 102 97 228 98 224 8 149 28 145 179 70 79
    255 138 154 52 252 41 107 91 225 212 114 171 51 199 212 206 206 50
    39 113 103 253 112 109 170 184 123 138 69 131 53 205 156 244 31 98
    210 136 58 74 255 206 7 4 161 200 22 110 76 169 1 120 134 85 254 8
    20 124 91 5 180 49 51 136 209 128 182 190 154 44 116 182 128 81 159
    240 98 103 43 194 20 219 32 169 188 106 55 86 24 148 182 212 84 25
    234 239 248 3 226 80 167 63 11 179 72 12 150 24 131 141 243 111 116
    162 81 98 222 221 30 48 45 242 250 217 231 173 49 239 183 51 107 245
    97 36 44 245 55 141 166 127 27 65 102 91 59 240 153 198 230 227 16
    233 108 38 251 72 82 86 65 240 119 116 226 155 76 90 38 132 213 228
    72 110 92 47 232 167 225 89 248 139 196 6 167 59 255 78 27 254 178
    70 55 47 130 248 182 4 112 56 7 55 248 239 61 89 109 230 156 243 126
    64 154 212 1 144 53 208 186 21 49 15 129 56 255 229 11 104 76 157
    244 130 245 210 251 112 208 97 179 141 44 48 149 231 112 194 177 193
    89 198 68 137 133 84 31 185 96 89 192 130 245 205 55 48 19 129 233
    252 166 99 120 136 213 234 87 46 72 246 0 118 223 27 240 131 47 122
    119 88 248 56 109 194 174 199 29 112 21 10 190 85 247 31 54 23 91 25
    104 79 210 92 198 215 26 88 83 184 58 22 247 29 112 173 67 20 79 223
    85 66 153 218 205 92 26 82 142 127 88 169 179 195 88 26 219 135 106
    144 45 131 36 135 116 124 69 210 224 141 112 153 195 139 74 59 31
    230 189 6 228 223 136 150 45 141 147 207 146 201 104 19 22 172 67 28
    110 140 109 2 152 148 16 176 224 79 223 29 229 102 120 217 214 78
    209 85 205 82 54 213 23 135 207 161 247 150 195 232 48 134 183 198
    78 234 150 35 22 79 102 186 192 155 129 193 103 153 76 183 170 75 79
    12 4 74 241 37 188 77 248 237 26 226 209 183 125 90 204 19 176 182
    253 219 124 17 18 62 94 228 79 172 18 37 194 31 66 120 113 136 142
    41 250 220 193 62 25 174 217 37 9 208 214 245 56 219 194 187 177 48
    144 209 224 155 24 28 123 73 149 196 188 59 195 193 81 85 159 163 10
    196 11 53 142 100 102 44 225 95 69 215 147 241 54 248 250 202 126
    157 87 75 171 67 43 106 246 77 0 121 226 96 167 190 61 112 245 105
    48 84 226 125 0 219 245 15 245 250 93 18 104 172 125 57 105 139 252
    23 74 8 94 216 95 136 89 162 150 187 109 96 208 68 45 75 41 78 19 62
    125 96 248 32 94 46 249 105 6 121 167 166 184 150 233 110 129 195 76
    163 113 70 231 144 224 63 112 133 247 11 186 227 198 196 19 147 54
    224 108 125 128 53 223 12 134 30 137 118 249 110 158 7 230 207 83
    139 109 111 169 219 47 50 164 165 117 170 101 174 173 251 78 12 97
    103 26 55 205 28 209 209 248 159 48 244 56 175 65 193 152 17 231 62
    157 243 163 32 97 167 63 246 195 245 188 132 178 165 51 148 228 58
    158 122 120 51 199 232 29 16 31 130 18 117 79 9 77 216 252 212 147
    129 128 245 231 150 215 98 39 129 177 20 2 116 83 100 226 98 174 193
    143 242 244 167 57 171 96 62 119 156 227 207 113 57 44 42 110 234 87
    36 37 251 14 213 62 73 14 231 212 26 191 113 36 21 18 51 111 11 11
    127 6 137 177 197 45 212 152 100 172 160 205 150 203 192 11 245 134
    147 53 202 178 164 190 169 72 61 7 23 243 243 77 44 141 55 132 103
    40 47 79 155 246 6 142 111 221 145 98 229 124 95 210 125 38 248 24
    195 111 87 77 162 90 214 86 9 11 74 210 127 17 149 156 58 152 195
    229 122 142 159 219 66 30 41 103 214 167 133 37 180 176 211 40 8 72
    73 118 98 23 71 151 103 23 164 138 178 18 129 252 164 219 132 87 248
    143 88 174 5 232 8 18 233 245 94 192 10 206 162 138 104 138 11 127
    93 171 1 195 180 75 107 2 229 119 221 84 160 200 183 81 187 69 111
    245 128 80 147 62 227 53 99 39 81 24 66 79 5 35 29 66 174 244 196
    156 120 113 63 81 215 116 233 121 94 73 0 99 122 144 188 142 54 157
    67 157 178 9 36 213 187 167 118 174 6 142 52 241 107 3 162 43 4 38
    226 196 56 201 212 138 214 88 212 57 94 189 240 19 93 199 216 194 10
    232 201 172 64 46 7 92 211 239 120 104 107 181 162 159 176 125 39
    219 108 31 67 222 123 131 222 211 192 194 86 174 153 224 103 23 113
    40 160 60 157 180 102 208 45 239 72 161 160 215 129 191 76 227 59 94
    230 120 166 32 96 4 61 147 120 166 92 140 231 121 78 22 101 154 42
    136 251 162 219 183 137 107 107 230 107 122 201 107 239 70 252 199
    54 17 160 196 71 119 32 227 232 221 137 78 121 19 139 154 3 143 230
    32 255 189 233 33 249 136 67 161 109 122 197 120 245 73 67 107 126
    216 162 54 160 237 26 219 48 113 77 168 119 82 20 181 120 239 44 37
    162 72 125 178 193 56 230 95 201 106 133 99 151 172 247 215 174 6 22
    89 127 245 176 5 82 25 126 112 199 137 106 217 218 89 128 206 81 219
    61 211 175 92 105 101 63 134 222 216 105 201 115 250 208 189 141 170
    161 8 255 162 9 36 79 187 136 79 77 32 42 191 225 48 54 154 103 16
    196 179 95 39 228 62 102 185 214 22 155 72 44 155 86 114 25 76 160
    11 217 217 183 210 36 152 26 52 54 37 18 111 51 0 234 5 122 207 121
    153 213 111 192 94 170 190 2 145 254 18 143 177 103 136 15 141 83
    186 226 137 199 89 32 220 106 63 170 129 60 80 184 7 215 94 187 240
    120 80 100 131 206 171 2 228 133 22 167 71 128 91 18 170 168 174 21
    136 132 175 167 19 87 154 223 50 77 252 227 203 59 216 193 1 181 155
    109 44 238 76 190 202 76 58 214 44 195 56 56 86 41 67 157 39 200 74
    208 239 230 107 176 56 119 82 197 182 134 47 219 60 100 22 39 87 110
    243 206 34 83 126 206 48 118 34 25 99 175 26 173 145 190 154 62 27
    59 73 79 248 40 18 91 164 20 120 54 204 94 88 221 150 104 34 251 18
    130 88 1 166 142 183 173 203 215 125 177 127 196 199 4 166 165 41
    128 218 95 44 181 209 32 187 127 8 244 30 150 146 136 105 31 206 243
    112 167 121 51 218 230 124 175 147 235 183 89 2 128 162 172 67 41 88
    93 103 176 75 116 206 61 10 92 142 50 197 196 140 153 115 76 25 229
    40 217 192 136 123 47 132 250 138 26 104 67 214 124 56 15 197 44 131
    186 107 108 173 238 252 222 229 110 228 67 173 33 102 248 171 82 108
    86 137 205 40 53 136 88 153 123 8 190 62 222 161 172 195 237 205 208
    137 64 98 221 36 178 253 8 193 224 86 3 7 105 134 10 173 204 211 7
    167 182 52 55 244 213 97 77 206 115 36 24 84 32 241 100 199 9 1 157
    123 236 173 26 70 175 195 63 243 2 134 54 29 114 2 84 16 255 59 156
    70 82 98 228 8 23 99 152 145 202 54 142 81 231 207 141 147 58 7 132
    159 90 160 79 208 184 119 244 46 183 140 33 224 116 184 75 209 208
    15 46 19 108 59 15 191 75 117 192 172 40 166 155 107 99 45 179 176
    196 124 67 173 20 0 120 29 74 4 168 155 230 84 2 233 180 145 119 76
    255 64 68 87 31 235 180 30 188 230 62 99 133 149 186 57 152 200 20
    109 9 170 197 33 254 67 120 188 90 187 63 203 228 75 218 151 184 51
    20 172 45 64 83 22 104 22 3 27 92 69 7 153 130 247 240 21 67 224 131
    120 46 138 164 226 32 200 12 130 73 181 139 33 47 229 163 41 209 198
    32 17 161 172 250 229 149 255 199 112 183 99 85 220 152 86 76 224
    202 112 137 173 87 3 52 57 160 227 3 28 107 81 6 213 124 67 59 144
    175 116 128 23 153 91 18 99 184 1 149 209 196 137 214 219 18 108 32
    32 3 115 171 168 56 4 17 57 13 173 163 188 220 102 218 15 127 93 96
    59 125 68 140 175 36 18 78 70 48 251 39 241 220 105 176 118 17 168
    210 242 140 109 128 58 17 158 77 116 7 166 18 38 127 46 112 199 30
    108 137 202 250 225 245 122 174 200 235 116 203 197 223 41 153 152
    145 242 219 70 245 181 14 145 25 121 242 190 252 144 30 204 179 74
    113 82 240 74 77 152 132 231 1 24 178 173 199 25 254 104 14 128 77
    38 172 146 206 240 169 206 66 40 176 43 162 229 24 117 149 22 2 209
    180 157 8 81 72 139 76 121 15 178 38 172 71 241 175 127 100 254 150
    214 87 171 180 188 4 191 209 127 156 193 9 180 53 187 151 15 175 214
    243 97 145 233 187 139 138 171 85 114 246 180 37 7 27 129 221 35 104
    200 39 4 133 130 109 192 188 25 131 216 45 113 240 87 183 111 48 175
    251 213 103 174 185 185 117 114 140 146 18 149 164 64 216 32 158 217
    92 66 184 58 132 61 135 212 129 125 127 214 34 109 90 87 69 7 27 253
    119 50 142 77 67 216 203 173 129 80 74 10 242 137 80 148 182 131 6
    93 241 69 205 112 154 70 149 210 237 25 107 241 219 106 189 158 109
    101 185 209 205 234 56 11 7 251 216 158 22 110 40 183 228 86 154 203
    92 21 90 151 133 87 219 230 156 152 233 203 43 240 101 219 229 203
    45 134 147 153 191 205 114 111 42 215 250 254 83 117 106 6 15 209 54
    170 237 175 230 217 31 198 109 65 182 40 214 158 94 132 88 154 67 81
    206 127 88 13 165 68 97 17 51 135 228 20 39 137 157 239 209 255 12
    229 127 194 58 78 153 4 225 138 31 164 20 23 197 197 147 212 178 158
    29 13 38 211 120 67 150 226 113 47 63 157 106 57 89 148 124 97 66
    182 208 237 169 119 105 41 136 26 153 120 54 14 222 90 37 158 103
    176 3 26 109 17 17 60 31 217 116 237 135 224 103 39 59 248 95 165
    160 230 121 247 81 205 176 48 83 182 56 53 126 141 93 120 24 95 253
    246 152 109 76 189 247 171 72 27 221 37 177 124 170 25 104 228 39 59
    190 167 94 203 100 82 176 29 97 241 145 68 124 26 181 153 31 89 83
    241 230 248 102 52 50 42 229 216 176 182 99 29 15 232 46 253 121 189
    195 199 6 83 54 78 62 166 107 16 123 118 152 138 178 139 247 191 222
    78 229 145 48 70 62 147 39 146 221 40 207 147 142 150 2 151 76 20
    154 18 225 20 2 129 145 178 144 5 80 2 126 19 224 148 230 148 138 86
    155 178 246 253 226 152 197 194 208 61 187 139 54 128 71 81 33 225
    41 56 137 242 162 17 123 238 85 82 175 26 244 91 221 89 195 102 33
    56 240 29 45 165 220 60 213 250 153 15 46 253 115 117 184 181 227 94
    112 179 88 46 42 105 111 33 59 193 76 34 137 146 170 219 179 141 78
    116 232 99 238 7 170 132 211 70 41 212 23 238 146 150 191 182 53 97
    134 159 201 36 25 40 207 216 93 170 108 206 85 252 65 237 246 27 64
    2 22 229 237 248 152 30 123 107 182 18 112 136 161 255 160 254 199
    153 18 154 139 250 21 205 150 181 92 104 83 44 162 180 88 123 26 123
    43 174 141 86 80 145 216 39 52 76 70 229 131 192 166 107 240 12 136
    215 142 131 197 31 242 55 138 96 204 250 101 140 135 125 202 161 165
    170 210 212 121 178 183 59 56 139 89 81 101 214 6 139 82 82 235 252
    93 249 5 27 36 76 208 200 231 95 165 28 188 150 32 55 8 228 155 21
    175 56 179 52 119 66 241 237 13 73 132 110 82 132 90 242 228 17 52
    120 223 97 3 236 241 67 108 25 94 145 173 241 248 52 200 126 185 245
    177 147 220 123 114 194 146 226 187 8 24 93 114 238 11 24 216 187 1
    6 172 97 47 121 113 127 198 189 147 149 92 119 120 249 169 102 141
    101 100 214 186 147 114 44 75 11 71 102 111 114 179 18 84 139 194 52
    137 101 73 7 157 121 2 147 96 95 212 191 11 166 92 166 77 249 142
    146 6 118 68 151 161 185 233 203 254 73 57 147 40 7 25 243 76 179 90
    62 28 213 81 46 60 117 247 66 218 134 175 118 228 224 151 36 168 98
    26 213 245 3 3 178 20 58 151 62 58 0 233 68 246 111 40 71 212 73 61
    139 57 169 30 244 178 128 176 200 224 2 50 33 129 106 205 26 250 182
    37 202 220 117 191 204 86 69 57 239 221 35 195 164 114 148 219 185
    246 184 207 196 91 24 105 141 255 26 197 15 33 126 5 13 13 138 103
    179 21 247 65 170 113 127 68 253 224 188 222 219 12 18 119 42 82 144
    203 154 107 54 31 226 248 8 180 137 145 123 206 80 239 103 17 104 30
    134 12 54 103 120 167 106 241 12 221 139 135 89 95 1 82 122 50 69
    238 50 201 196 252 15 58 218 211 182 74 200 113 5 42 241 102 226 199
    60 230 181 82 29 4 189 29 240 17 81 173 97 252 0 38 43 210 147 153
    30 52 124 175 144 221 80 91 146 29 115 135 146 144 105 222 20 42 79
    10 220 182 246 150 212 118 125 120 139 2 107 106 9 59 54 71 82 205
    91 103 74 230 56 198 95 35 184 127 126 82 120 175 234 244 117 59 141
    17 16 144 205 52 198 250 178 147 79 148 230 181 53 77 7 221 220 236
    147 125 178 33 218 92 102 140 33 48 59 60 191 145 49 150 244 206 181
    41 7 167 211 207 163 175 7 3 170 100 222 1 219 222 99 140 134 77 202
    28 4 92 255 199 46 64 118 49 39 50 179 198 239 215 244 94 228 167
    145 209 21 111 206 16 99 116 105 246 200 249 201 4 216 69 167 114
    249 27 88 159 232 209 183 213 125 186 247 113 38 158 205 12 52 20 15
    46 203 66 157 6 8 32 152 87 71 84 182 232 32 207 32 116 203 183 235
    19 150 56 218 66 160 128 163 80 162 218 84 73 94 140 237 185 185 49
    206 2 153 165 27 2 250 20 126 193 206 205 154 172 64 193 246 140 191
    0 128 36 239 214 252 172 174 220 52 25 41 174 249 243 37 28 163 194
    254 177 242 95 161 98 144 52 145 251 113 126 20 202 100 152 116 91
    159 131 14 206 234 57 72 110 240 213 158 245 235 113 241 149 139 4
    128 217 55 245 93 88 51 184 242 60 219 209 244 80 79 29 183 222 243
    232 110 144 28 156 48 28 240 33 56 253 121 53 183 142 97 245 41 195
    228 234 203 190 114 81 42 187 0 14 57 225 185 226 35 4 247 111 2 232
    184 174 49 219 2 202 197 230 93 17 229 251 72 100 85 170 117 10 26
    15 162 141 7 57 182 37 148 255 60 75 118 21 54 241 81 49 105 55 149
    94 5 93 236 240 47 138 39 233 82 52 45 217 0 202 69 41 213 116 113
    34 39 195 13 121 243 36 1 253 195 184 133 72 147 97 1 225 178 40 74
    4 222 121 161 38 2 132 58 6 210 236 73 113 229 176 48 193 98 34 134
    46 235 62 254 209 127 204 53 215 184 101 18 93 203 136 7 217 1 183
    103 16 96 146 134 147 232 96 101 227 13 102 150 62 79 135 12 45 45 8
    243 171 89 3 106 122 186 143 20 121 245 141 221 179 181 48 66 113
    179 16 98 8 73 10 43 50 104 181 192 226 6 108 236 246 30 95 95 84
    136 125 86 149 146 199 53 62 95 5 6 88 89 115 4 91 55 141 10 55 51
    162 209 155 175 232 214 175 214 109 139 92 176 199 25 139 101 217 72
    101 141 247 168 255 56 217 63 58 126 33 50 164 154 79 103 83 82 226
    240 155 2 73 253 177 239 151 214 101 65 205 141 143 239 65 170 79
    156 234 43 65 176 39 22 177 44 75 185 255 32 67 220 112 155 209 106
    19 244 115 209 59 99 45 230 81 226 198 233 131 32 110 20 192 123 207
    45 1 212 5 143 180 2 226 39 45 198 220 138 109 247 2 81 75 19 72 82
    178 176 74 204 54 239 215 24 179 42 86 110 123 58 5 164 15 165 21
    101 251 236 107 23 36 82 167 130 154 123 223 252 79 211 31 103 167
    234 157 211 245 28 3 65 159 65 210 3 47 42 195 226 160 116 53 66 223
    164 117 209 118 219 111 136 179 99 174 158 238 219 218 64 8 220 11
    117 82 196 105 77 143 217 187 30 192 109 187 53 97 32 209 180 5 167
    170 19 251 209 211 100 54 117 81 194 169 160 146 161 95 168 225 1
    242 93 252 106 211 83 145 86 191 215 195 5 236 130 8 106 166 135 161
    76 110 254 112 14 27 239 47 186 237 209 252 220 183 99 238 92 58 77
    52 122 124 101 76 139 206 215 63 140 13 152 185 93 138 138 64 250
    159 199 241 222 30 198 113 80 79 196 162 205 34 91 185 31 29 78 66
    16 79 175 178 182 93 168 251 248 29 225 253 67 126 115 141 69 201 4
    33 41 116 43 13 137 52 186 191 171 99 19 50 146 225 77 93 103 116
    195 230 206 237 121 97 48 112 50 235 247 50 177 43 188 155 125 242
    58 68 196 169 219 209 120 109 161 14 101 113 172 251 97 126 161 82
    113 209 26 180 142 201 250 186 184 92 86 34 128 6 212 131 92 235 151
    223 17 208 109 7 143 60 194 70 13 227 102 87 89 149 163 240 144 144
    205 246 168 99 185 31 174 28 116 36 61 220 53 17 216 179 162 238 180
    254 191 208 157 67 180 92 227 9 65 219 152 193 31 104 88 163 32 18
    21 245 17 44 27 205 57 100 242 194 244 16 38 3 178 27 34 33 247 146
    230 191 176 129 193 60 59 3 29 89 17 114 209 225 104 51 228 177 120
    10 94 116 120 238 193 105 254 162 43 129 148 166 204 126 100 255 23
    244 178 76 69 5 180 132 223 61 109 59 117 232 193 83 98 222 227 8 37
    44 61 115 101 251 47 230 88 172 178 177 214 61 128 146 9 67 231 132
    126 155 60 101 49 190 98 57 161 40 163 21 10 183 90 32 70 111 197 40
    229 78 88 67 26 0 218 49 59 72 66 184 86 43 98 243 237 200 111 37
    143 221 103 167 58 132 59 231 57 170 17 105 109 154 198 235 40 80 48
    2 65 96 93 35 238 61 253 39 52 172 180 110 209 16 58 25 71 235 142
    119 29 37 129 183 123 184 120 202 136 81 70 216 17 220 21 57 160 215
    221 32 232 155 200 90 66 219 23 94 26 232 255 35 178 135 101 8 181
    245 39 143 194 7 68 227 210 123 56 147 98 57 39 93 163 79 154 108
    166 53 69 198 159 171 157 239 235 84 236 89 241 68 67 94 161 26 204
    120 25 207 76 135 188 100 97 161 55 140 58 101 35 14 138 254 197 222
    162 25 215 166 210 157 53 202 132 16 152 138 120 179 229 236 186 11
    78 6 78 145 20 102 14 2 78 73 221 177 70 124 46 34 4 86 148 97 54
    103 48 89 177 198 183 72 81 47 16 157 1 54 97 200 159 16 60 70 249
    236 54 218 200 32 44 145 81 221 57 97 242 169 142 168 181 90 33 98 6
    123 96 9 72 188 250 34 93 252 106 115 68 98 148 54 29 91 116 2 246 8
    216 208 117 207 210 58 54 88 198 2 185 29 49 14 145 137 161 23 9 139
    244 196 131 64 115 73 47 217 173 247 28 127 146 41 24 137 242 158 54
    217 181 37 25 174 134 42 190 248 78 243 172 49 70 123 64 52 56 187
    150 80 177 95 189 245 141 41 28 40 226 115 42 53 136 35 252 25 151
    69 157 55 108 206 105 127 218 244 119 135 209 234 147 155 75 191 98
    12 0 75 40 254 104 168 150 3 246 194 16 143 56 150 17 96 135 47 75
    80 75 227 178 13 138 153 52 156 231 13 173 247 35 130 117 100 62 151
    180 60 71 152 55 223 55 98 102 180 180 59 249 239 42 203 14 130 167
    10 48 101 76 136 54 109 66 79 170 231 73 125 115 196 43 121 147 195
    121 226 179 227 16 238 9 39 98 33 50 80 0 125 215 209 179 77 134 152
    76 248 212 55 77 246 242 216 142 137 212 217 223 95 210 239 139 208
    103 44 220 20 120 196 89 117 245 137 62 250 99 39 226 178 183 94 24
    254 42 217 20 158 178 63 136 84 159 169 13 180 38 9 59 105 211 222
    203 175 88 140 26 89 123 138 112 51 197 193 159 26 114 131 137 139
    200 147 19 132 249 225 113 96 206 201 48 35 76 192 42 213 22 225 220
    240 34 127 204 86 236 186 22 156 73 42 108 215 233 140 231 245 6 188
    198 92 220 221 104 126 139 61 0 145 17 12 153 9 113 46 112 140 123
    39 117 205 187 142 76 188 222 65 113 5 162 54 32 255 29 217 135 211
    175 18 206 73 111 98 119 129 180 173 157 66 219 26 45 49 104 252 163
    97 52 243 75 72 174 165 127 202 15 61 252 225 215 251 133 178 13 75
    173 230 132 192 24 54 27 23 156 250 32 156 34 51 0 189 159 192 140
    146 234 0 101 78 20 43 255 150 218 172 145 217 117 163 155 33 11 160
    16 229 21 154 214 139 146 246 67 149 226 156 138 194 42 83 114 80
    255 240 156 62 201 178 23 200 41 65 63 239 10 231 202 81 164 104 188
    28 206 82 128 235 230 136 152 223 227 234 222 29 136 23 59 238 70
    220 215 207 60 232 219 132 68 218 182 75 39 193 30 195 66 131 234 29
    192 193 95 214 241 104 237 50 156 36 12 232 226 91 104 22 14 53 63
    169 233 33 41 194 135 145 46 50 93 208 153 76 125 164 34 9 57 189 1
    158 162 65 33 170 49 5 197 49 128 126 189 134 197 160 21 221 0 102
    40 235 153 173 105 191 181 79 243 44 78 225 124 136 136 205 202 205
    28 101 58 80 186 50 213 128 160 88 132 116 179 197 191 7 127 1 252
    246 172 222 48 136 188 127 218 147 198 193 67 89 115 107 175 191 107
    105 68 131 153 229 166 232 184 233 64 217 176 146 206 60 81 120 200
    174 161 50 66 169 204 184 70 77 202 37 144 28 55 61 228 35 72 96 210
    30 43 153 249 35 166 11 116 101 53 91 198 167 41 153 113 111 174 137
    115 84 62 79 165 216 231 232 64 70 73 55 137 195 161 170 212 74 67
    69 135 221 51 42 31 51 21 68 232 173 38 161 36 232 224 14 190 92 176
    43 106 169 240 217 73 71 94 32 131 30 142 207 230 50 250 154 208 0
    84 239 246 56 17 31 169 254 81 28 11 174 102 82 68 127 124 133 104
    36 184 221 161 76 79 22 167 138 91 52 232 87 237 110 42 204 33 179
    31 156 45 107 157 46 126 244 16 66 134 81 108 139 209 201 204 117
    188 41 174 117 211 227 112 202 15 91 142 123 100 216 198 149 244 159
    223 87 10 83 225 55 96 129 150 198 67 76 185 2 209 220 202 48 179
    161 100 45 181 36 212 18 11 40 11 83 123 254 226 35 120 224 19 72
    246 245 233 32 215 215 176 224 251 95 52 176 88 196 209 195 122 17
    166 1 91 143 40 132 254 19 4 74 232 5 142 243 17 58 179 235 143 187
    209 50 34 157 122 172 77 12 52 244 33 191 254 240 125 29 203 219 247
    242 203 101 60 51 217 192 74 252 198 165 149 162 142 238 84 201 222
    117 45 152 144 149 57 91 223 63 24 183 16 27 253 159 77 18 215 251
    104 77 146 182 38 243 116 118 28 33 254 49 65 191 125 243 126 44 89
    93 88 146 208 16 154 63 235 238 158 65 253 53 28 184 213 41 224 186
    202 235 226 82 225 193 249 105 31 240 122 184 126 143 14 70 42 27
    246 112 86 193 99 57 241 49 94 35 118 255 243 200 218 158 168 133
    200 163 136 120 232 47 129 28 252 205 140 17 19 181 208 15 187 43
    223 92 51 32 252 232 52 44 233 72 104 197 237 39 122 222 236 29 247
    24 8 220 10 95 198 67 177 231 84 69 6 116 50 73 103 69 140 255 39
    139 165 93 36 174 175 171 46 72 224 186 38 79 123 2 231 84 254 199 1
    184 5 218 63 122 144 188 120 169 215 45 159 173 88 220 49 139 48 213
    45 218 116 168 6 189 190 220 133 157 97 90 167 5 133 185 28 191 31
    52 20 24 240 43 230 85 40 16 101 197 0 89 86 216 227 65 53 126 8 147
    53 119 19 174 78 201 123 144 170 252 174 70 4 78 125 216 85 157 151
    65 125 2 158 19 253 141 128 211 196 80 55 22 171 219 185 207 33 204
    213 201 49 56 217 141 93 60 255 154 103 224 192 62 71 60 247 161 232
    50 75 202 245 81 199 223 167 226 240 25 140 239 40 147 91 71 216 64
    159 18 36 114 166 202 158 68 143 81 27 52 135 78 87 118 42 164 135
    176 251 136 224 226 131 135 178 58 217 165 159 114 102 225 177 120
    72 74 94 56 163 243 42 39 87 218 171 55 37 123 138 203 202 98 31 221
    2 135 132 139 13 52 78 179 227 253 172 45 232 219 173 191 66 52 56
    195 141 115 133 226 125 211 231 57 77 248 67 233 87 101 199 80 233
    52 151 94 153 86 10 55 10 116 69 9 31 11 108 172 77 0 36 82 19 38
    172 115 172 12 199 45 184 107 44 242 40 135 16 146 137 190 152 6 221
    153 1 125 91 20 89 124 93 125 247 241 97 242 157 147 192 165 105 97
    73 73 159 2 28 143 253 210 77 96 174 166 171 106 154 9 95 126 255
    160 195 164 138 66 51 56 62 71 120 180 61 85 1 95 209 31 8 251 210
    225 46 155 36 15 69 229 35 128 8 12 22 124 144 58 189 145 182 14 206
    64 203 91 218 179 246 192 211 245 217 188 214 248 159 76 52 99 70 31
    27 238 54 133 148 172 50 81 128 44 82 30 18 111 168 56 196 105 93 60
    160 32 186 153 13 151 204 61 100 77 173 225 126 49 60 253 217 108 87
    68 53 47 122 113 121 244 87 231 109 206 203 220 60 180 243 181 229
    89 24 171 234 53 131 193 105 141 121 231 124 39 237 76 77 144 131
    111 98 52 125 161 35 2 103 250 102 229 15 169 71 50 65 247 82 174
    103 170 156 230 104 6 105 248 233 86 205 132 66 192 219 164 175 214
    244 44 242 195 132 109 19 143 28 115 155 171 82 146 56 208 92 130 98
    27 210 7 209 40 84 186 108 229 22 94 142 100 225 81 214 81 224 6 235
    147 121 199 82 171 115 228 150 146 98 2 173 90 252 118 242 134 207
    39 110 201 58 232 127 78 222 22 104 161 125 23 170 139 24 15 2 184
    149 58 66 122 35 119 88 216 183 158 178 89 8 61 47 189 186 185 101
    196 52 202 6 159 248 46 181 183 196 177 123 167 209 191 244 177 156
    157 149 232 254 165 192 135 104 61 196 152 204 219 165 59 218 104
    210 195 86 216 65 60 121 7 74 28 210 202 253 4 155 218 117 204 236
    147 32 137 24 215 210 193 78 50 76 207 74 95 148 61 147 123 224 180
    100 168 114 237 214 128 155 157 145 168 209 53 184 83 229 186 231
    219 205 10 222 91 42 163 139 138 74 119 249 153 235 218 111 14 180
    57 44 239 56 204 86 19 128 178 19 188 174 88 13 247 83 103 4 233 3
    60 32 147 114 119 42 197 113 104 147 131 219 188 38 16 234 114 8 190
    224 129 4 184 171 239 205 156 204 107 65 25 126 109 128 8 57 162 219
    25 49 230 149 30 31 29 2 97 238 233 161 235 142 62 110 81 44 142 240
    169 244 135 43 150 52 201 29 45 140 82 100 189 43 100 11 78 155 159
    107 122 23 137 192 33 93 210 232 65 225 14 16 154 95 117 170 27 174
    6 211 127 39 136 121 233 96 123 243 227 225 124 64 79 107 52 59 153
    176 133 196 188 129 148 71 90 241 206 5 112 210 250 27 92 114 95 102
    1 245 185 72 235 196 135 103 109 185 207 240 124 142 10 91 194 96
    140 189 110 146 237 200 232 46 201 9 30 115 239 60 233 106 190 104
    31 86 54 253 41 193 160 134 93 188 156 163 103 99 103 246 94 16 124
    120 189 40 64 181 98 179 155 119 52 240 84 167 102 241 253 82 82 151
    163 76 169 45 145 63 26 152 60 223 145 96 58 3 74 210 200 199 14 47
    130 234 249 67 118 103 19 33 151 156 185 211 178 127 10 254 60 15
    233 165 234 222 27 114 113 14 196 104 94 132 180 93 113 100 247 128
    82 179 46 64 72 79 105 159 218 18 187 116 232 135 212 85 134 40 38
    46 103 139 94 171 134 171 179 132 216 138 129 86 40 222 151 101 106
    15 147 114 8 223 78 54 195 163 103 177 25 169 7 108 194 153 224 175
    18 51 188 233 248 21 21 149 231 244 1 133 44 61 51 145 232 59 119
    171 27 166 184 217 196 228 93 152 62 133 127 66 24 222 132 87 32 245
    119 245 245 85 57 162 133 23 207 239 86 16 58 179 226 228 75 178 72
    247 228 65 51 44 48 102 99 147 108 39 19 3 178 23 127 105 12 20 234
    140 131 170 38 252 168 249 85 52 208 156 195 111 99 207 56 77 40 143
    41 90 83 55 182 221 8 216 94 125 134 243 54 84 92 65 223 193 156 55
    77 112 91 200 233 202 224 160 232 56 225 160 49 139 231 190 181 103
    240 84 192 159 41 224 253 105 5 125 155 206 213 0 111 54 161 48 109
    98 121 44 122 54 201 173 49 233 19 93 112 3 138 217 48 200 138 145
    84 242 153 241 172 110 136 136 212 203 189 222 228 235 206 38 63 103
    105 78 235 117 46 105 121 2 73 12 22 241 148 240 249 177 96 175 1 26
    45 44 25 128 33 51 92 77 214 220 182 182 130 219 57 206 179 60 82 20
    170 180 183 184 139 127 149 123 30 112 126 98 85 104 133 221 39 210
    252 162 32 97 142 121 28 114 12 84 64 80 97 195 159 192 22 85 125
    169 248 75 1 18 136 65 209 202 49 222 113 202 91 144 27 220 37 68
    156 180 58 44 1 239 156 66 144 139 177 62 141 169 240 52 168 171 118
    177 133 236 178 4 89 147 70 25 117 171 50 199 117 146 150 2 52 96
    122 120 248 95 74 23 156 9 225 254 96 133 123 143 41 219 198 161 75
    179 221 75 212 180 84 23 226 154 250 212 224 72 237 95 220 250 26 64
    179 127 58 41 116 56 226 78 150 241 49 253 188 32 201 68 160 14 79
    155 18 82 210 127 105 53 253 140 209 22 86 198 195 235 86 168 163 32
    227 221 71 50 217 19 33 100 145 195 32 255 196 140 176 156 224 52
    248 224 47 133 54 97 45 136 91 10 207 155 148 70 138 95 11 36 53 138
    203 69 94 214 100 238 166 47 167 99 50 197 251 252 207 172 8 151 243
    87 110 69 120 53 149 1 232 148 93 111 49 121 222 240 71 234 155 40
    29 197 188 58 44 3 30 13 218 141 47 191 12 43 21 1 142 186 210 43
    225 249 94 174 83 196 53 43 37 243 137 220 149 151 108 206 162 201
    99 138 194 213 233 85 2 79 189 217 240 168 192 107 189 183 16 157 36
    150 181 81 72 223 82 213 143 181 137 99 208 126 165 41 105 113 55
    182 202 171 63 88 229 167 84 185 45 166 42 121 240 202 184 106 187
    14 66 136 170 85 201 13 226 209 245 174 178 13 193 137 117 212 77
    130 164 172 147 86 202 211 63 88 249 226 15 68 191 215 63 54 149 136
    238 48 134 60 105 81 46 97 241 196 210 176 70 211 240 183 204 73 206
    202 17 158 43 46 98 206 173 206 141 165 125 48 44 139 12 154 199 45
    41 237 71 10 171 209 1 121 27 139 52 185 110 153 213 102 163 74 88
    164 90 86 37 58 33 103 94 197 160 91 19 201 190 198 244 162 189 199
    41 194 50 94 104 155 217 144 23 201 137 41 10 108 69 57 45 218 59
    132 169 91 82 208 216 168 123 195 24 126 75 12 145 103 46 178 39 76
    120 232 52 33 136 204 88 129 98 15 60 154 220 140 215 118 242 243
    152 95 239 90 28 206 72 210 202 73 159 143 212 152 98 218 135 211
    101 48 20 15 198 238 123 243 107 48 135 17 48 158 114 117 213 11 118
    104 53 243 126 110 255 55 90 0 143 36 21 34 44 55 127 9 134 23 47
    230 169 84 31 215 7 71 196 241 57 25 119 108 223 8 225 162 107 209
    71 3 43 228 17 182 127 237 178 217 214 205 164 221 176 9 207 46 150
    249 19 158 78 234 154 207 231 206 37 215 114 228 167 130 110 232 150
    128 120 157 140 163 189 150 157 65 207 177 142 80 72 232 231 221 88
    25 185 145 97 160 223 153 69 44 240 122 160 38 178 0 206 125 124 228
    147 85 226 151 165 93 173 202 206 85 224 108 215 37 46 116 218 231
    236 99 122 213 57 52 85 195 188 129 144 117 121 173 127 68 116 171
    218 103 129 52 209 114 32 125 238 171 4 92 235 43 148 191 124 231
    213 152 248 248 42 130 181 177 50 205 49 204 120 48 238 215 185 26
    151 127 86 204 39 8 204 54 119 202 222 154 245 38 108 133 115 113
    195 141 119 182 48 243 126 149 56 15 194 248 218 63 55 83 65 99 185
    117 48 36 81 0 50 184 34 62 26 55 51 159 9 58 246 1 237 199 167 230
    213 122 24 178 133 209 139 222 29 110 235 215 156 17 185 131 61 141
    207 253 242 1 121 135 140 146 40 247 139 162 20 140 0 155 139 11 189
    186 59 29 93 124 65 85 139 236 226 118 1 139 56 151 7 22 127 102 90
    201 216 236 200 41 224 54 218 161 206 194 99 95 134 190 224 107 104
    134 239 47 173 230 137 188 116 210 166 60 224 90 71 195 37 205 222
    208 150 204 129 99 59 142 165 136 240 192 123 229 196 144 4 82 205
    40 238 86 27 154 16 113 210 179 47 63 82 80 185 8 151 180 192 114
    176 33 252 194 163 121 119 88 124 81 230 60 79 200 207 245 67 147 19
    3 230 208 145 196 167 212 16 77 211 209 155 96 53 46 227 93 15 44
    120 154 148 217 119 60 204 101 9 55 163 241 146 176 150 52 171 77
    107 34 42 42 78 207 154 92 18 133 76 57 116 15 174 93 113 199 226 93
    118 78 163 69 243 162 205 217 161 200 96 205 3 61 50 158 192 39 116
    78 44 164 144 93 42 97 11 234 121 83 22 127 51 7 227 62 133 25 113
    233 94 239 255 55 138 17 18 4 238 218 192 92 79 26 183 168 132 95
    182 193 249 238 38 29 21 68 15 245 47 183 92 175 90 204 170 62 163 6
    230 163 156 69 111 34 138 119 151 64 136 91 127 85 97 229 121 28 225
    4 63 254 3 87 85 148 182 143 68 20 203 101 226 139 221 234 209 204
    19 153 15 154 42 102 25 231 95 125 59 67 87 118 73 100 129 139 61
    252 142 85 89 85 116 159 113 83 65 76 227 114 101 217 71 112 51 49
    36 243 182 12 223 110 190 36 50 243 133 113 112 106 55 169 218 87
    249 41 187 81 116 131 3 116 223 139 198 236 205 212 57 236 248 142
    155 115 118 1 120 0 31 3 102 137 87 123 70 158 174 78 25 152 220 212
    183 64 227 145 33 180 90 152 89 18 203 224 61 186 171 159 25 64 186
    108 110 17 13 223 74 146 193 7 73 56 164 177 53 223 170 11 188 73 76
    123 36 1 19 162 79 102 155 77 146 22 62 115 21 26 87 204 140 210 104
    221 57 87 31 102 166 209 175 161 52 8 211 25 243 201 0 160 93 177
    248 193 93 70 89 25 179 169 174 168 239 156 20 102 249 134 226 191
    82 207 79 235 240 196 139 61 229 21 222 79 240 13 46 120 35 71 179
    188 178 175 170 145 253 24 103 22 115 60 53 138 189 65 123 90 131
    115 197 254 35 251 92 252 108 181 107 125 6 106 170 199 4 220 193 20
    13 171 66 142 99 166 20 27 4 152 119 111 231 49 180 253 215 188 70
    20 61 231 184 220 147 43 82 52 166 83 70 201 41 5 175 167 207 5 26
    252 7 89 207 129 214 208 183 230 218 236 123 75 82 193 208 56 91 1
    75 63 48 139 241 46 34 85 115 60 197 23 81 7 240 206 117 145 48 68
    201 177 156 94 25 156 118 5 95 253 229 18 60 228 164 21 181 153 203
    249 31 25 237 190 219 14 214 78 27 60 37 101 160 173 202 152 197 197
    132 117 226 21 80 7 143 249 42 6 83 113 120 213 246 174 239 59 158
    128 145 53 215 40 109 77 135 245 233 197 167 183 100 180 133 104 249
    184 175 192 210 236 7 158 47 103 108 175 88 3 243 75 241 156 141 174
    215 141 46 246 208 23 217 119 59 108 154 237 42 7 160 62 106 243 195
    174 177 8 154 110 142 227 104 40 170 104 75 31 136 114 113 251 94
    222 137 191 209 50 87 137 157 203 58 201 244 37 219 81 26 160 107
    108 98 224 228 192 91 197 247 156 224 98 114 103 164 97 11 52 93 169
    224 186 40 126 160 38 56 79 30 20 216 202 14 102 108 204 175 243 216
    89 119 210 2 175 222 168 233 87 246 131 198 19 183 105 147 169 125
    27 218 0 45 53 90 225 100 251 252 94 205 173 60 35 141 169 36 145
    113 168 222 76 215 187 100 148 28 55 7 141 67 79 98 140 87 234 188
    114 176 203 139 5 198 112 206 86 155 198 199 207 176 46 238 187 210
    221 40 58 193 37 76 208 252 25 120 16 190 207 190 101 134 4 133 3
    206 9 150 227 134 199 194 230 179 80 112 29 126 52 107 185 33 223 10
    203 65 62 163 183 236 95 87 92 191 159 169 82 157 156 243 132 156
    159 224 89 51 123 208 72 170 100 126 136 119 171 79 242 19 245 16 69
    51 25 22 228 77 60 34 83 25 4 201 200 251 147 52 31 236 75 193 226
    150 228 63 9 180 86 178 126 199 46 195 169 171 235 139 226 180 115
    78 65 106 197 202 152 205 223 173 230 67 73 244 127 117 84 14 71 42
    225 23 238 121 131 63 231 215 3 252 17 220 20 124 67 75 124 126 242
    199 197 231 226 31 66 169 221 161 72 216 70 193 243 26 23 137 57 131
    140 15 15 127 51 250 77 188 234 139 144 248 143 31 241 112 221 27
    218 229 61 27 52 180 249 219 120 219 167 251 207 88 70 214 93 113 17
    234 224 152 49 177 107 115 41 156 9 207 105 220 199 99 216 201 166
    238 191 188 124 31 95 231 74 218 112 105 80 149 102 11 41 52 175 194
    231 23 41 245 252 50 124 222 245 244 81 82 154 184 248 96 86 139 212
    230 234 168 98 46 187 37 154 24 43 218 156 48 175 146 239 254 151
    100 74 107 149 136 46 246 21 151 88 249 211 14 200 116 223 188 68
    237 124 86 217 205 133 171 136 101 26 166 3 167 23 21 60 98 82 155
    30 45 109 78 179 161 182 9 233 184 196 128 115 168 243 93 218 130
    212 62 3 185 168 97 124 208 205 188 96 186 225 196 105 137 154 144
    95 101 239 176 205 53 40 4 148 26 103 55 104 65 194 247 157 95 51
    219 38 251 223 253 142 140 201 251 47 63 92 228 2 61 196 160 86 16
    50 252 243 206 85 39 53 0 190 2 228 94 176 32 237 158 90 184 59 208
    5 19 227 98 11 23 98 253 254 157 87 136 105 41 189 28 120 220 116
    179 121 98 57 209 125 72 31 127 88 145 231 201 138 125 46 240 74 152
    29 181 222 18 43 152 142 26 62 254 75 91 51 159 76 164 52 46 183 193
    77 107 83 246 202 99 141 157 170 209 176 2 16 234 154 93 75 74 29
    173 3 40 26 98 69 246 26 91 217 238 102 206 238 236 34 54 221 29 182
    69 179 222 139 204 181 155 60 142 93 57 122 110 107 35 198 84 146
    133 230 185 146 157 203 9 192 246 22 11 12 145 17 19 115 76 124 230
    180 50 54 93 217 18 135 83 255 60 91 181 198 135 231 185 112 42 36
    182 206 75 169 191 134 194 63 221 123 225 140 181 137 236 132 14 178
    166 110 150 109 182 171 46 44 184 244 72 194 28 222 156 113 72 73 80
    159 138 205 93 124 198 158 153 1 13 112 186 211 190 158 93 139 195
    182 30 148 91 192 2 19 120 34 134 220 16 32 137 74 87 252 137 42 11
    204 169 175 76 110 127 142 97 175 173 71 33 24 169 162 169 181 144
    236 132 137 58 62 70 46 90 174 111 254 252 30 207 101 170 218 209
    201 4 36 82 236 181 56 212 127 154 76 237 65 162 201 191 221 112 187
    67 163 177 85 186 9 84 214 75 157 234 198 243 160 73 173 144 203 207
    2 181 223 80 184 127 187 240 225 226 107 230 202 30 196 111 96 227
    184 88 21 172 40 88 234 235 86 51 246 239 179 178 103 108 38 32 231
    160 15 64 239 204 219 11 215 110 198 171 155 87 6 13 184 32 216 83
    168 205 1 53 226 34 64 114 2 162 3 253 218 133 19 135 61 179 134 233
    29 243 146 237 67 6 89 234 53 86 196 237 181 33 77 169 227 98 40 251
    0 74 219 79 231 51 188 21 147 145 181 124 191 60 164 102 106 2 216
    249 29 155 253 246 73 101 78 239 21 6 181 62 209 142 166 51 222 75
    250 71 255 244 213 136 230 122 167 174 234 229 92 42 252 246 125 130
    211 149 135 224 253 201 179 249 65 172 32 239 16 221 6 72 13 175 148
    70 56 89 140 51 170 167 53 195 141 4 194 132 168 4 86 171 20 250 61
    91 191 65 51 25 71 16 233 92 212 252 78 164 89 165 32 233 104 20 116
    67 120 93 22 46 31 54 246 244 23 46 222 78 176 221 180 141 183 124
    150 213 61 241 142 12 222 174 1 10 105 68 128 47 202 98 2 13 27 255
    17 156 96 240 157 10 177 151 24 61 193 1 122 188 45 168 47 45 102
    213 189 227 29 35 220 206 175 224 40 207 14 238 37 130 106 155 223
    174 113 8 33 187 167 242 240 74 58 101 207 79 160 91 49 180 58 33 33
    250 226 40 39 161 240 5 131 98 247 225 191 22 194 170 49 91 129 54
    199 208 246 181 9 236 52 236 189 219 3 48 115 109 177 110 228 95 30
    118 108 53 184 64 73 134 249 251 249 243 102 89 180 240 253 132 78
    226 254 88 44 240 161 205 27 90 85 185 32 193 58 91 63 126 147 131
    78 205 141 159 140 165 184 167 251 123 104 237 129 80 112 251 180 8
    124 239 239 2 85 202 241 254 128 240 116 156 36 65 76 124 179 125
    191 215 243 199 172 74 219 181 22 42 171 170 133 158 185 55 30 179
    200 117 250 54 135 145 62 107 72 35 66 48 174 99 241 76 236 51 152
    161 244 48 183 221 205 186 213 137 74 240 9 113 199 46 47 154 187
    102 133 253 225 54 121 131 56 41 44 114 12 63 240 109 112 39 111 198
    27 208 195 91 98 98 50 110 31 40 30 73 141 166 46 215 21 90 213 77
    229 28 1 224 212 164 12 110 53 247 160 249 111 166 165 152 1 44 56
    117 24 96 123 173 189 121 142 212 243 81 98 28 185 211 115 130 203
    22 116 81 2 231 206 213 61 109 229 117 206 59 141 29 242 114 170 127
    148 54 82 189 120 25 138 122 9 236 92 109 107 211 243 121 4 188 170
    39 39 75 159 46 7 61 89 217 80 243 4 250 74 181 189 225 139 102 45
    110 19 111 138 155 225 242 224 196 162 30 234 2 37 131 198 223 221
    244 102 163 26 191 25 102 200 183 194 199 199 190 231 119 3 129 131
    202 90 100 10 224 52 67 190 107 123 70 121 140 106 80 190 75 156 102
    214 144 34 117 229 59 135 73 20 99 99 50 136 209 107 112 63 137 146
    151 120 2 82 210 88 253 171 92 97 115 76 134 101 148 87 134 125 43
    229 252 42 37 206 206 1 82 255 150 200 127 121 145 129 16 206 111 2
    65 63 163 8 159 133 50 3 1 254 38 156 39 11 25 171 152 244 79 124 25
    246 8 222 178 132 56 100 119 173 163 180 225 92 242 179 255 237 236
    67 51 65 139 143 35 157 18 43 85 30 78 0 203 192 119 49 168 201 26
    169 2 77 52 126 16 176 217 175 236 250 232 91 98 126 189 186 205 74
    133 246 81 2 171 226 205 148 144 245 7 225 113 147 2 93 82 227 36 60
    168 29 185 88 32 193 93 84 220 55 66 106 101 249 35 243 118 66 191 7
    33 72 253 218 189 199 107 64 79 123 82 70 8 187 209 195 69 183 174
    204 64 129 145 63 58 188 230 85 225 122 184 85 38 155 101 57 22 178
    113 218 94 27 98 219 174 166 96 34 84 41 203 33 215 61 237 143 129
    189 220 254 2 193 56 120 149 66 126 11 71 248 237 117 203 80 237 142
    162 100 212 87 75 222 173 207 170 48 98 11 31 128 225 221 236 238 5
    122 171 253 221 82 206 255 45 161 122 58 198 233 64 239 173 250 95 3
    195 209 69 112 99 107 27 237 176 234 213 159 98 128 90 31 170 184 75
    92 106 100 156 35 96 31 135 158 74 172 145 77 222 127 65 13 112 44
    220 171 126 200 51 88 164 103 56 134 128 121 44 197 53 31 97 79 0
    159 27 110 216 243 138 105 221 19 168 136 226 251 250 183 77 230 88
    176 246 119 228 59 209 154 220 49 198 7 0 14 75 238 21 121 226 206
    10 144 234 180 118 29 242 177 221 207 83 212 153 49 154 160 29 223
    192 33 67 18 177 131 72 211 50 38 7 62 29 100 61 211 228 104 102 245
    184 11 132 173 241 149 240 231 100 240 243 31 26 143 4 127 74 223
    230 63 200 52 192 229 169 226 26 73 235 75 22 159 168 253 243 115 36
    222 60 169 10 173 149 33 11 127 86 27 228 135 200 144 215 10 1 160
    103 174 138 38 175 69 94 113 212 73 18 182 216 67 95 40 230 250 171
    13 198 7 127 192 103 221 243 107 73 52 41 133 29 63 122 33 113 145
    114 182 151 24 254 209 146 132 132 125 76 202 1 2 146 191 184 167
    229 44 45 150 225 208 31 221 127 30 5 226 176 224 172 46 31 195 33
    84 123 164 170 145 175 135 32 162 134 90 16 99 104 3 215 229 27 185
    95 23 48 224 216 130 204 214 165 189 36 199 161 133 172 80 24 98 38
    122 15 56 146 79 81 107 136 113 61 222 236 94 215 137 77 134 181 127
    75 203 164 90 29 107 90 112 178 124 253 38 112 30 225 25 164 184 239
    52 78 32 57 47 100 195 64 166 135 86 126 173 208 125 214 86 41 179
    117 117 221 36 46 62 154 2 89 226 35 193 173 83 92 90 149 193 212 38
    144 255 118 30 138 100 146 191 9 30 26 164 227 231 158 88 225 198
    224 129 210 169 255 62 110 193 72 13 26 94 206 14 114 128 187 199 32
    176 104 106 24 90 194 189 125 144 134 101 103 63 232 95 100 206 99
    84 150 120 83 236 2 77 164 209 221 40 220 130 198 34 21 50 33 156
    229 254 141 188 8 85 224 112 34 169 117 141 148 6 212 3 80 128 108
    172 40 76 66 201 69 63 22 165 166 54 123 58 31 194 226 209 25 106 68
    234 8 116 98 187 144 232 219 149 193 139 172 86 238 60 154 10 174 8
    53 242 225 171 135 181 243 18 3 190 158 23 72 94 204 12 23 40 17 147
    122 156 62 147 184 83 152 55 38 138 100 125 149 108 157 204 231 78
    103 105 29 149 208 10 198 55 41 70 180 125 100 66 89 210 222 7 171
    108 85 182 85 46 19 150 39 149 101 183 48 166 198 128 81 223 174 241
    221 95 0 251 129 117 214 140 27 253 246 69 39 245 190 57 146 64 181
    122 135 69 250 110 231 228 224 121 231 51 197 67 69 103 207 236 185
    137 188 248 236 122 202 162 68 77 186 122 140 198 192 88 166 195 198
    247 154 144 87 215 82 27 131 252 37 237 175 138 222 26 141 156 91
    171 5 226 223 87 177 240 140 32 247 126 91 207 24 19 6 34 172 1 155
    105 224 227 5 60 95 214 226 25 35 174 88 191 224 126 133 160 75 222
    244 215 203 193 165 25 22 195 202 68 80 14 166 132 160 244 106 174
    76 36 201 224 191 155 187 200 22 118 138 154 145 145 36 183 236 40
    68 44 23 163 41 122 113 65 72 117 234 214 102 143 177 236 113 100
    230 211 153 61 45 117 245 59 185 64 182 237 87 180 209 35 234 26 219
    14 80 144 73 194 221 130 198 27 180 242 38 227 103 70 156 36 155 142
    243 212 225 247 78 229 66 94 209 69 220 123 60 178 113 7 27 57 62
    183 148 168 96 117 78 120 21 133 142 144 97 29 221 79 182 132 12 96
    226 139 11 222 161 197 77 221 139 37 104 42 164 91 101 170 208 100
    225 112 196 193 54 135 113 77 53 144 52 215 7 165 7 220 42 92 135
    194 132 186 161 37 3 161 145 134 42 113 47 63 133 15 114 220 241 164
    117 159 205 184 117 158 112 242 36 100 173 15 108 246 116 26 248 62
    165 151 109 57 126 172 151 6 4 218 83 164 34 161 246 101 189 92 170
    146 159 225 231 233 183 167 169 235 70 223 87 65 34 127 135 47 136
    107 48 186 52 211 8 100 38 94 94 96 246 176 115 158 82 83 241 39 104
    70 123 109 159 164 94 45 28 115 167 84 106 62 241 175 156 155 188
    136 254 172 140 93 252 141 127 53 62 113 159 214 14 55 40 45 133 42
    110 61 230 59 68 123 13 56 0 253 3 215 106 210 89 106 102 80 120 44
    19 239 5 68 113 64 124 92 203 206 139 63 183 217 18 114 120 114 150
    216 94 98 75 126 97 145 37 45 127 125 7 132 130 150 219 35 147 25
    206 203 117 115 227 127 233 224 245 123 103 230 239 122 95 184 6 135
    131 200 39 190 158 111 69 147 198 21 40 219 237 38 134 202 0 69 35
    203 19 205 115 82 219 210 125 165 158 134 78 123 109 58 125 0 179 9
    226 226 153 9 27 18 198 177 110 154 177 48 91 120 30 211 180 0 89
    253 204 109 197 169 145 33 13 150 76 174 206 79 197 18 176 33 73 230
    1 44 102 35 195 248 144 144 22 223 45 248 115 117 170 49 233 242 10
    28 12 6 222 3 85 109 40 59 80 47 135 53 224 152 161 188 143 207 118
    175 109 169 4 32 116 80 173 1 51 114 122 98 59 127 31 183 42 202 114
    44 126 254 147 66 55 224 78 177 221 225 226 35 217 153 136 125 0 155
    8 242 56 120 2 103 25 158 18 187 230 189 232 5 25 184 137 125 129
    202 116 181 215 75 91 136 132 45 196 67 217 7 250 26 17 13 235 38 60
    251 147 52 231 91 113 97 42 76 205 61 68 41 77 155 223 23 163 43 194
    95 20 69 185 144 226 62 187 9 85 43 151 192 21 94 4 7 130 237 122 48
    3 133 114 216 53 114 169 144 216 125 184 114 190 106 79 152 30 199
    98 109 12 7 241 28 254 176 42 29 67 205 175 96 222 129 4 75 48 44
    202 15 209 58 139 117 213 226 237 111 9 55 106 250 240 203 47 139
    181 173 160 142 63 140 247 83 118 208 183 24 225 96 66 251 136 252
    101 99 180 249 194 43 58 198 221 79 20 228 7 5 74 67 225 13 187 34
    233 235 75 85 4 33 55 153 96 129 158 160 147 133 108 253 56 99 211
    192 86 105 40 232 25 230 118 169 200 73 232 82 139 94 40 158 37 1
    190 6 40 159 86 119 10 108 80 26 15 141 27 219 56 188 213 142 98 243
    99 162 6 212 166 94 111 163 117 209 104 92 230 200 95 167 113 55 165
    46 92 25 2 118 2 44 195 246 208 190 145 84 65 16 246 14 250 230 230
    7 219 199 95 176 49 36 150 76 84 210 243 24 236 28 205 176 161 198
    120 16 47 128 153 222 90 67 27 50 150 65 30 27 52 99 12 103 129 2
    241 180 14 128 14 63 73 178 254 212 222 218 1 166 119 224 227 238 91
    176 248 154 129 252 246 175 10 10 82 21 221 24 47 98 204 48 132 87
    161 187 114 139 243 81 135 74 113 217 0 88 240 188 51 7 71 206 124
    158 83 107 26 7 26 112 166 233 60 201 35 75 75 39 143 78 193 207 27
    10 58 226 26 139 72 182 156 186 102 115 57 7 85 249 238 106 12 14
    174 82 48 44 225 6 78 96 223 8 238 195 213 4 255 72 75 171 62 191
    156 209 238 202 113 148 59 183 193 25 84 247 228 186 108 47 61 47
    120 180 138 130 246 108 140 148 19 21 192 186 83 253 96 187 45 80 70
    72 135 227 135 12 54 27 155 22 209 176 5 236 112 150 244 124 96 36
    43 226 5 110 140 241 140 6 149 132 15 63 10 246 229 117 11 32 190 2
    252 120 218 158 188 10 255 153 196 25 108 3 102 1 193 188 223 17 128
    46 150 165 212 124 174 14 89 89 213 197 6 148 6 127 212 196 209 126
    113 127 169 94 199 74 177 142 145 132 156 173 240 85 111 241 123 200
    255 202 220 8 234 64 75 122 143 29 57 147 77 163 113 27 168 240 77
    91 88 64 17 201 19 168 192 244 27 105 45 152 250 200 103 116 163 51
    222 231 163 106 164 10 199 222 158 6 169 146 166 87 19 161 59 173
    184 181 74 52 236 233 117 143 224 185 218 151 225 162 170 205 110
    221 71 166 165 106 242 30 249 195 143 172 171 115 176 230 170 165 10
    6 94 69 223 194 157 55 124 199 251 3 125 88 109 243 162 177 29 174
    34 202 198 219 20 236 36 205 139 243 199 152 149 212 33 169 17 117
    90 237 92 204 255 43 23 246 211 244 216 52 198 138 183 141 191 64
    207 173 228 73 144 112 224 222 221 233 99 251 34 54 219 242 186 76
    164 120 156 107 93 61 136 145 164 150 74 249 174 82 167 20 136 128
    18 94 148 210 236 73 62 173 84 6 77 120 63 248 31 19 23 119 105 176
    167 64 97 86 24 245 247 87 236 116 35 56 181 210 251 162 200 121 77
    41 246 104 99 233 161 131 16 220 185 126 125 58 242 250 213 13 187
    113 173 180 107 122 49 84 240 235 207 227 183 206 17 48 4 173 149
    199 100 117 90 80 144 172 20 164 178 244 229 172 176 12 135 245 103
    35 40 24 138 214 178 227 233 156 86 161 9 221 52 254 23 248 53 25 98
    189 55 39 52 210 250 185 98 7 234 131 35 56 118 29 38 27 220 22 92
    147 4 158 231 56 249 106 9 29 210 240 49 137 98 238 234 123 125 143
    133 208 146 55 162 171 63 166 246 86 158 128 221 95 145 153 154 114
    220 99 18 227 190 31 156 29 137 193 83 68 251 29 139 132 86 75 14
    197 234 201 98 148 224 4 158 31 19 66 19 27 150 214 163 74 21 192
    141 127 229 210 93 178 65 179 68 122 240 49 247 25 61 151 152 220
    163 101 163 9 198 114 183 81 35 187 159 58 80 203 118 84 103 34 205
    254 228 43 146 217 74 179 224 170 142 24 78 52 164 220 49 127 166
    165 90 159 181 118 203 86 128 231 236 59 166 35 114 65 60 237 52 130
    73 63 10 79 18 55 26 214 28 156 101 202 185 85 217 141 196 112 111
    171 16 222 191 244 157 68 141 142 41 222 6 27 253 174 129 164 63 5
    53 214 137 238 32 209 90 179 247 34 156 126 250 69 84 228 11 5 167
    101 75 160 152 82 63 60 251 188 66 6 182 181 225 241 7 175 242 201
    109 23 114 130 171 43 44 87 235 168 48 98 20 218 150 53 98 180 93
    216 242 89 128 56 247 114 42 60 59 87 177 141 102 62 134 247 242 195
    224 73 179 147 35 103 182 6 51 210 217 165 100 76 219 223 77 188 139
    218 149 1 78 91 45 42 65 75 208 57 120 117 34 117 55 24 94 71 190
    153 41 220 165 78 11 219 203 177 244 245 164 163 174 121 4 195 248
    93 189 121 29 51 225 25 222 205 192 59 159 118 223 183 53 178 172 12
    29 119 2 45 45 78 150 42 43 253 210 202 224 171 6 163 101 244 136 3
    42 111 206 180 120 34 209 243 32 129 92 209 111 99 219 166 48 67 92
    39 191 8 52 226 123 84 150 74 152 72 42 218 161 183 117 69 108 106
    202 56 244 40 255 146 105 28 236 21 112 76 152 110 124 117 84 156 40
    119 126 57 164 166 117 209 52 174 38 200 115 192 202 208 52 5 188 22
    36 109 159 11 132 245 86 237 157 245 24 61 50 81 191 121 172 208 108
    100 143 38 86 113 94 22 218 36 19 191 52 198 86 53 93 181 31 132 162
    81 252 89 241 68 106 158 103 155 97 15 64 19 224 248 4 222 220 43 59
    234 206 148 181 202 183 203 120 53 106 211 26 252 231 130 190 35 247
    218 97 5 45 123 242 90 11 88 102 64 157 29 242 194 134 246 254 222
    236 68 80 135 14 43 28 194 107 92 105 37 235 86 107 87 29 155 234 28
    146 231 14 116 228 240 26 213 206 193 220 86 124 25 235 211 134 80
    201 235 195 48 123 126 99 184 77 97 91 37 91 158 243 8 194 38 96 212
    102 194 42 253 90 197 228 225 78 159 231 1 237 240 230 68 83 235 92
    228 32 19 224 110 111 174 120 142 231 67 1 29 211 43 80 167 142 183
    33 215 117 45 126 207 234 243 234 62 129 161 76 209 126 98 53 195 53
    162 36 93 37 226 127 206 162 177 224 94 196 154 149 8 190 1 239 130
    125 153 23 17 11 75 2 40 139 71 100 163 43 173 150 147 224 254 224
    236 175 23 153 139 194 55 233 233 52 19 201 131 239 180 231 228 104
    234 161 26 236 132 138 245 115 232 183 152 87 138 123 160 237 5 212
    242 195 76 133 35 123 238 90 167 183 207 125 174 76 105 144 128 169
    150 69 17 227 248 61 222 160 50 72 222 150 234 72 231 170 38 8 30 82
    40 99 103 73 158 196 219 79 18 29 175 213 39 197 243 245 114 85 147
    252 150 121 91 61 156 6 111 246 33 101 200 139 90 73 7 191 225 105
    89 12 140 129 13 207 210 224 13 242 199 191 88 178 221 69 221 58 66
    84 254 212 124 191 215 145 117 141 137 47 151 227 75 194 45 79 60
    104 20 31 118 53 167 46 162 47 98 18 81 11 93 134 149 111 197 141
    169 98 211 51 34 148 122 78 250 139 178 14 204 83 187 141 50 197 45
    72 16 155 202 5 217 116 207 130 203 48 79 85 201 197 196 29 157 75
    93 249 173 169 99 162 112 167 229 45 26 156 193 236 126 254 213 229
    98 217 94 82 243 154 195 51 75 78 61 132 51 95 83 254 21 147 219 130
    244 154 63 135 174 134 89 226 226 167 141 174 230 186 145 181 3 178
    214 234 72 63 9 154 243 114 71 206 170 143 106 247 98 165 150 178
    242 217 225 206 213 65 215 43 19 246 230 72 116 88 95 75 245 27 44
    60 226 221 234 234 11 178 242 197 15 231 215 242 95 243 110 31 162
    135 81 250 143 54 252 189 226 100 225 220 64 182 170 70 39 233 22
    119 110 16 47 240 223 220 190 163 33 238 168 128 148 129 152 139 209
    205 64 46 59 43 237 131 136 188 90 215 152 97 218 37 57 209 130 3 41
    37 193 147 214 231 104 87 13 130 178 232 187 96 58 13 63 164 91 239
    167 155 109 74 202 180 174 73 115 202 159 230 33 223 72 79 245 96
    229 7 86 194 161 132 202 3 75 231 69 207 184 42 79 184 164 221 227
    92 148 104 179 221 130 16 243 128 79 157 219 223 200 23 230 103 219
    115 123 125 106 216 69 180 77 28 48 121 151 46 150 148 10 212 143 22
    248 109 42 239 57 31 24 38 186 149 247 159 48 148 73 44 189 206 29
    194 46 105 146 63 130 214 243 72 153 58 30 29 3 189 60 190 150 9 113
    115 130 83 131 157 216 159 92 221 151 255 84 166 46 235 250 98 171
    128 93 248 141 189 121 142 64 2 154 211 53 13 204 234 3 154 80 122
    247 252 33 165 1 197 140 151 89 229 15 111 153 69 45 184 9 201 8 120
    43 203 230 249 8 204 144 31 156 133 220 34 153 162 72 196 42 200 44
    31 248 6 213 57 174 71 71 185 88 199 103 57 25 191 119 98 215 225
    101 158 22 90 182 209 254 241 249 202 51 66 55 255 117 179 35 206 9
    251 18 85 189 233 238 240 40 172 187 189 0 76 99 4 94 193 65 254 110
    47 188 6 43 12 82 60 140 19 6 195 200 82 190 161 177 192 200 199 133
    102 195 240 143 98 190 204 34 15 55 82 223 222 233 240 186 163 237
    10 238 137 253 183 158 88 105 200 93 188 175 34 241 255 239 133 143
    7 76 161 104 66 247 153 127 103 88 86 181 207 8 165 126 33 241 163
    39 111 106 149 188 156 183 192 5 238 240 203 198 210 145 73 130 179
    178 184 157 196 187 182 118 62 28 238 251 55 127 153 98 146 73 7 193
    221 114 71 70 96 206 199 119 204 205 99 0 104 38 215 85 36 128 58
    194 196 155 240 241 84 165 55 113 254 239 100 235 148 138 12 200 46
    183 196 8 135 160 213 208 136 55 38 23 48 108 242 227 8 139 145 221
    246 207 118 196 213 28 118 243 7 62 178 94 118 213 194 152 51 23 7
    132 212 50 239 151 148 135 51 210 170 223 50 116 252 113 39 189 254
    245 80 66 59 226 57 55 49 129 147 159 175 190 85 191 6 136 230 177
    21 19 160 28 39 62 80 188 122 171 134 146 147 61 53 231 176 254 39
    188 19 214 146 222 27 11 168 71 175 59 86 132 172 138 0 2 245 60 78
    138 209 37 221 2 250 86 208 238 238 5 19 128 55 59 48 73 32 185 131
    217 204 115 149 69 224 224 191 117 161 107 15 104 233 128 7 238 107
    216 100 9 255 9 201 46 18 6 149 25 246 137 247 188 15 57 94 120 66
    159 174 109 156 211 95 102 200 234 83 172 255 177 144 25 186 135 89
    113 51 188 140 188 92 223 190 240 125 83 80 6 96 30 164 220 215 176
    231 149 146 172 78 23 8 197 26 207 222 198 207 196 65 213 124 211
    119 123 49 187 199 35 12 234 250 163 206 33 246 203 247 168 101 167
    224 15 226 124 55 45 108 215 121 244 88 33 126 122 177 230 140 241
    165 250 14 161 13 232 90 134 81 123 171 182 80 121 155 198 117 7 208
    237 48 84 101 171 76 67 240 255 197 158 81 191 8 131 65 236 57 167
    185 72 176 137 12 231 178 76 146 136 207 47 59 25 58 118 45 176 232
    161 60 215 240 180 234 29 106 233 235 198 194 227 147 62 182 182 126
    96 91 72 20 73 18 170 189 6 16 89 121 45 170 18 168 37 96 73 183 235
    73 55 91 194 33 234 155 163 183 101 57 2 161 75 68 55 208 94 177 40
    148 252 95 57 6 1 79 12 189 141 152 80 148 53 56 42 208 17 126 64 50
    10 241 80 47 213 51 145 88 13 134 4 228 183 219 25 147 86 49 32 246
    123 168 37 19 190 70 145 220 80 118 91 87 189 232 230 59 78 106 63
    86 131 215 222 215 18 222 235 224 213 246 218 231 131 51 137 172 210
    51 90 66 159 222 141 81 72 255 26 30 241 113 148 127 2 66 93 3 89
    191 96 220 172 17 241 87 39 127 72 120 254 91 225 35 122 213 134 181
    57 184 163 23 113 206 177 122 81 56 131 234 96 39 209 178 83 217 110
    114 10 123 51 231 121 100 5 87 9 214 10 78 174 156 203 245 0 59 11
    194 251 105 155 95 204 33 254 206 223 112 233 170 18 23 95 139 158
    83 205 250 215 254 99 94 246 27 147 77 157 119 161 120 111 27 109
    250 157 73 42 183 113 75 153 170 255 246 150 172 197 1 154 149 229
    59 139 85 112 34 7 86 194 184 28 107 250 115 188 5 66 142 154 60 135
    16 219 26 145 149 240 215 249 200 246 217 93 173 9 114 98 199 171
    199 70 76 132 170 104 230 131 41 123 154 51 186 136 168 72 143 179
    69 11 160 146 207 99 182 234 29 76 217 89 131 254 169 65 23 91 110
    47 178 100 223 121 180 107 119 140 180 103 203 2 26 33 143 50 158 22
    128 171 5 41 169 13 250 21 2 138 107 203 89 216 95 132 85 106 146
    119 181 166 31 78 95 244 50 29 57 74 161 79 204 136 88 20 95 51 200
    159 228 140 203 105 193 46 125 0 13 217 14 78 204 229 48 205 22 148
    172 101 228 119 102 62 44 55 18 212 56 227 98 196 41 176 41 226 8 41
    72 197 185 20 248 80 15 27 138 42 10 60 17 145 12 137 154 244 254
    155 169 55 89 151 167 36 223 107 244 234 192 225 175 106 12 7 67 161
    185 183 192 251 239 148 123 103 36 70 94 248 34 1 4 176 144 4 207
    148 206 83 249 40 252 84 37 197 61 116 18 85 43 28 220 231 189 171
    145 22 138 112 116 115 88 120 234 1 200 30 80 13 215 41 28 214 21
    177 25 226 29 86 71 128 122 115 122 189 95 143 219 216 4 225 35 105
    250 186 177 13 66 198 186 221 191 213 124 171 68 13 142 114 202 53
    181 50 5 50 173 106 132 253 130 125 129 37 22 58 109 83 211 129 131
    63 171 35 43 2 98 165 38 113 214 175 175 2 220 20 64 15 54 193 80
    165 252 72 243 154 216 119 13 217 245 66 73 4 245 38 135 36 32 77
    203 163 97 92 16 35 231 159 17 5 28 28 96 71 76 65 110 4 119 184 121
    198 192 33 172 132 240 160 125 206 194 179 220 65 74 224 29 225 211
    125 251 122 247 49 181 72 3 142 113 244 61 62 153 151 120 141 27 133
    88 236 82 126 195 233 94 235 218 38 152 207 99 12 220 150 67 145 14
    187 34 28 134 42 1 173 224 23 192 151 41 134 160 190 182 194 101 213
    84 178 234 163 130 222 188 59 2 234 94 176 57 172 159 88 131 99 229
    122 138 44 159 61 202 193 147 19 13 37 46 132 45 118 80 203 36 115
    24 60 89 181 127 200 73 17 76 75 135 68 12 23 223 55 56 147 8 3 8 92
    58 32 55 191 199 60 34 65 137 20 61 63 219 19 52 28 242 75 238 133
    106 252 148 158 43 221 100 31 57 221 212 234 115 43 86 69 9 135 48 5
    122 102 145 46 136 122 93 121 98 196 169 248 124 45 98 23 18 195 18
    36 250 122 70 50 80 151 208 206 13 147 26 172 111 13 168 144 234 206
    247 32 122 49 143 70 244 86 184 158 255 241 75 135 247 241 55 215 29
    11 190 97 145 34 143 244 3 187 108 64 113 174 117 107 68 204 86 89
    46 227 82 155 154 222 11 238 149 1 17 114 123 31 200 170 167 131 223
    101 87 225 89 62 91 51 218 80 24 181 61 146 170 193 192 178 214 75
    18 109 144 182 11 253 202 140 67 65 135 158 45 247 137 255 152 86
    199 91 52 23 123 51 124 217 147 11 136 112 81 120 221 21 101 174 60
    1 119 213 222 91 1 115 189 148 54 127 53 177 175 53 207 202 203 121
    195 119 100 54 92 171 85 209 97 17 0 207 220 3 151 38 136 140 67 196
    37 239 223 68 35 175 167 186 203 93 174 103 18 212 10 237 150 213
    103 119 172 136 110 151 97 2 74 95 250 45 135 120 38 196 252 216 235
    39 245 195 89 8 67 195 74 194 197 144 95 187 244 187 89 195 14 138
    222 171 73 27 246 12 218 111 203 195 135 76 107 21 113 193 223 175
    62 129 32 142 236 85 14 168 104 77 176 106 216 189 97 200 22 40 217
    255 88 96 182 232 177 131 35 140 41 228 137 247 34 223 154 100 15
    189 191 155 200 32 218 171 103 239 114 121 242 11 17 138 165 119 156
    210 160 46 223 139 36 108 91 11 157 252 226 208 201 245 52 62 62 242
    36 232 160 37 180 68 211 157 19 125 155 74 89 250 41 212 197 76 180
    161 161 97 243 148 151 199 176 139 255 216 176 200 220 238 9 49 249
    107 131 108 138 70 184 9 80 78 170 25 146 235 12 172 104 0 108 57 3
    90 207 130 78 133 84 146 225 161 229 67 87 114 215 208 255 96 226 38
    139 211 159 193 38 243 246 59 168 247 201 57 22 185 39 73 214 179
    148 76 189 96 245 87 210 226 196 132 85 143 97 234 222 19 232 0 54
    44 170 159 210 168 233 61 174 49 236 93 204 234 75 8 143 33 12 114
    240 53 176 247 253 232 101 6 83 249 135 7 130 37 92 170 252 83 102
    124 195 46 177 222 73 43 160 26 233 180 232 49 193 237 53 72 95 183
    241 87 62 6 194 87 146 40 136 100 115 188 9 86 50 161 11 74 50 94
    135 210 158 157 210 120 47 134 55 209 26 94 202 167 156 82 147 243
    248 36 205 147 52 97 138 96 131 60 30 36 176 251 111 68 233 32 11
    142 245 209 221 237 36 230 228 159 106 178 118 45 72 76 197 224 115
    17 3 198 230 240 33 121 64 91 26 180 22 48 136 36 108 131 250 235
    115 224 156 51 192 90 15 56 131 140 254 167 127 231 225 178 183 88
    130 252 53 95 230 15 200 2 185 112 228 143 240 113 189 238 117 49 15
    172 238 208 5 4 132 133 113 9 140 228 115 4 103 97 133 229 171 2 139
    80 168 70 29 22 133 86 234 160 103 166 201 32 195 48 158 154 33 200
    209 62 70 28 165 98 138 244 134 182 147 75 117 143 119 187 251 168
    58 126 186 232 50 17 61 26 43 76 5 49 133 66 176 118 64 77 224 50 60
    232 122 48 16 42 182 228 154 230 84 106 19 170 45 202 43 145 87 56
    229 152 50 54 237 79 24 94 203 53 189 139 190 116 101 225 40 239 95
    92 211 231 165 42 70 118 162 161 164 248 170 56 127 138 238 1 213 46
    21 167 240 195 58 152 152 91 39 6 28 251 251 211 228 73 207 171 48
    167 88 188 240 113 137 239 5 200 34 195 17 53 57 12 125 168 42 222
    25 94 112 199 165 173 94 118 106 212 218 145 116 81 144 187 150 37
    31 28 217 185 140 106 111 80 10 165 58 199 37 42 147 17 214 24 89
    145 52 165 202 159 63 221 139 48 49 226 122 17 115 76 104 133 158
    212 227 212 130 122 95 80 123 123 138 244 19 201 94 244 12 232 69 4
    33 9 100 219 241 229 179 124 192 105 1 84 198 136 32 83 7 21 90 158
    240 160 251 74 45 147 175 241 153 123 143 111 67 237 107 101 211 204
    163 106 227 67 226 180 219 133 93 149 251 230 183 200 71 172 30 134
    114 10 239 9 201 106 125 88 164 238 74 254 243 38 98 217 126 12 74
    103 233 31 136 161 99 169 40 234 197 196 24 19 99 61 156 122 249 103
    185 75 20 18 160 237 109 205 152 75 24 21 170 23 204 217 3 109 106 6
    135 15 65 247 141 128 253 113 55 204 20 167 43 13 220 137 69 169 74
    3 241 154 10 6 11 101 213 242 121 248 249 141 18 90 28 128 219 202
    11 28 90 205 8 56 201 49 26 108 161 19 20 137 201 43 211 83 215 212
    146 243 54 201 61 70 170 75 182 99 242 241 84 247 48 83 33 222 217
    87 32 121 52 162 10 235 244 196 101 11 55 141 28 137 103 50 80 121
    229 104 238 116 113 98 223 225 240 116 254 88 25 182 65 3 80 82 112
    232 246 157 16 73 234 170 172 88 134 91 71 67 155 159 37 229 78 246
    147 48 147 248 110 41 143 236 190 75 187 77 79 178 194 16 161 52 97
    167 108 20 6 29 225 44 6 197 76 215 28 53 48 145 37 149 23 83 238
    200 126 118 187 78 205 251 255 141 100 54 44 102 197 240 17 227 203
    183 94 74 112 73 237 71 130 90 89 109 113 125 59 79 99 60 174 218
    174 228 90 253 198 40 221 182 167 242 208 121 50 150 108 192 146 200
    193 94 95 34 169 42 93 69 42 236 14 22 187 229 130 179 75 53 93 104
    36 87 200 146 89 118 150 236 251 118 226 83 3 14 13 48 153 67 239 67
    173 147 225 91 230 70 95 4 27 254 214 159 224 191 140 23 169 248 210
    44 59 64 212 86 116 205 29 155 148 0 93 217 40 137 178 143 26 190
    163 251 106 4 168 170 243 24 96 94 36 248 176 10 189 19 64 39 117
    242 3 78 165 130 197 187 122 13 127 1 148 137 72 104 175 15 233 92
    79 97 92 139 148 34 199 255 178 149 182 105 105 237 219 251 243 238
    192 110 11 185 249 25 62 207 107 51 48 108 205 220 16 246 137 98 104
    121 153 23 131 2 24 70 161 71 8 163 191 172 157 110 246 255 15 117
    142 68 106 123 188 19 32 203 167 250 211 201 30 190 72 24 62 91 118
    177 229 5 183 79 30 99 223 219 195 131 189 187 172 103 143 201 162
    164 19 46 8 233 193 156 118 162 87 98 185 164 76 158 57 57 150 243
    231 184 135 130 170 101 221 202 170 131 96 190 24 152 62 158 228 219
    199 201 223 148 103 194 250 160 42 21 176 114 245 217 128 20 199 60
    212 11 144 59 166 90 79 140 111 7 196 131 246 212 232 216 7 251 195
    187 203 198 203 128 252 157 223 31 103 236 189 54 111 150 24 170 68
    88 137 233 62 174 45 122 20 169 227 67 23 216 173 35 252 176 217 86
    196 156 143 100 72 80 176 63 237 0 43 143 15 67 31 73 116 135 173
    133 122 138 157 80 104 203 91 216 43 190 3 16 6 142 19 89 148 117
    177 221 163 211 51 239 181 27 246 54 100 131 212 99 148 212 4 128
    252 32 160 239 126 30 43 3 253 95 218 69 67 37 252 231 94 54 124 233
    145 46 248 121 59 9 205 141 174 205 95 184 14 16 156 247 180 128 138
    60 201 33 151 233 10 55 36 213 174 67 173 114 125 202 114 130 116
    126 193 216 104 77 129 72 10 92 197 116 64 173 18 127 104 159 182 67
    168 0 153 186 32 173 60 160 186 143 36 9 232 255 42 169 213 101 154
    255 65 228 223 188 18 234 223 17 255 195 217 11 189 156 99 2 110 27
    130 83 147 179 19 230 163 148 94 133 48 229 101 36 190 41 193 59 155
    212 189 129 37 43 185 46 81 4 214 98 155 113 69 85 36 46 162 172 138
    28 186 3 202 86 172 123 200 185 158 137 37 45 49 178 185 233 239 115
    0 111 20 184 80 117 38 217 230 228 15 108 27 233 80 85 133 179 189
    141 239 243 75 62 196 210 144 231 194 8 207 7 252 255 196 86 77 243
    70 185 10 156 243 120 58 146 252 184 44 22 250 135 25 93 142 206 155
    62 147 196 48 114 104 247 207 86 172 102 32 226 40 125 123 149 123
    188 88 0 70 146 148 111 76 213 238 159 102 71 184 37 68 52 0 186 196
    50 136 57 76 8 142 253 236 230 63 183 77 169 192 72 86 171 165 76
    238 154 113 208 179 143 63 14 174 128 60 178 41 107 195 164 26 201 0
    198 169 4 249 86 55 83 32 80 152 74 81 184 129 217 32 140 157 197
    224 94 35 244 184 226 211 79 65 186 250 6 52 113 58 87 222 38 160 68
    119 149 129 146 67 255 177 40 251 176 57 180 163 125 237 54 189 116
    190 126 202 81 92 162 226 50 218 86 152 5 67 217 135 226 104 92 61
    199 154 133 101 220 183 140 188 176 211 47 138 144 86 226 51 238 157
    193 225 237 81 133 81 61 81 34 90 25 26 210 47 254 63 219 25 105 26
    49 202 13 112 11 52 102 9 12 100 124 199 172 226 157 45 109 68 153 0
    90 18 130 230 192 37 232 2 119 206 113 13 122 178 100 163 252 186 3
    124 188 195 234 11 98 171 99 4 213 248 215 223 146 187 86 220 129
    111 235 151 86 210 186 57 24 43 31 39 3 62 197 167 171 118 92 37 51
    98 70 182 41 98 129 13 146 1 220 32 221 52 58 61 2 204 247 32 77 74
    112 125 96 229 9 84 228 236 90 8 16 210 195 250 184 139 236 191 227
    103 185 142 175 132 100 121 82 207 180 86 113 62 34 58 76 196 95 173
    96 160 186 245 141 23 15 229 221 21 175 26 200 167 205 23 104 30 3
    154 107 135 142 139 252 210 157 34 25 83 26 246 153 96 226 151 42 97
    128 102 177 242 53 211 74 173 234 177 252 241 52 214 77 77 49 49 85
    32 125 106 95 19 3 9 6 20 65 190 62 80 128 95 112 67 203 225 162 229
    48 226 8 112 137 12 80 216 0 209 84 162 135 69 230 100 107 72 133
    127 61 68 99 98 172 242 239 153 81 133 244 133 219 24 81 167 180 181
    146 173 204 178 139 61 64 250 30 182 230 24 107 233 126 180 216 191
    11 33 63 248 165 38 253 159 8 241 42 113 242 92 0 179 77 214 64 223
    99 210 239 205 204 151 149 80 121 35 115 194 197 12 35 96 159 94 89
    8 103 241 111 145 233 231 43 49 198 158 197 61 58 123 135 232 155
    251 30 57 187 151 36 43 198 102 132 140 107 183 122 245 175 153 81
    95 177 87 187 143 193 134 56 121 51 250 49 69 88 69 207 119 227 73
    171 105 103 33 79 233 162 60 211 29 108 113 207 152 123 55 119 215
    217 135 144 232 235 16 134 113 83 35 34 251 139 118 129 138 53 163
    162 65 91 149 210 125 20 213 6 131 248 54 154 12 123 29 95 103 226
    59 155 71 201 121 20 229 196 153 204 211 76 92 213 250 56 165 29 115
    38 233 17 210 95 6 216 193 64 90 253 129 212 139 133 255 89 17 132
    231 167 188 141 146 102 55 24 159 82 52 150 148 97 155 142 206 236
    225 157 252 191 98 234 237 232 55 80 57 115 223 142 171 145 26 223
    144 169 255 8 152 74 88 75 154 152 109 186 39 180 65 177 115 115 157
    39 195 133 252 236 136 249 254 226 184 166 188 134 125 225 62 91 242
    67 19 250 171 191 16 185 253 50 92 122 72 225 10 199 60 66 235 162
    68 157 149 133 191 175 97 69 80 190 82 70 67 47 204 87 141 83 239 49
    130 85 127 253 59 211 116 80 140 48 151 107 250 33 39 140 160 28 134
    144 4 155 151 21 206 78 0 11 226 244 30 150 128 252 49 20 237 133
    172 211 251 78 112 157 228 177 246 249 247 230 53 106 101 107 154 15
    13 197 105 0 150 46 170 16 241 100 250 61 223 33 73 160 24 122 239
    36 194 149 232 244 20 3 143 113 216 207 48 205 140 79 143 184 54 87
    202 155 215 209 227 206 243 238 7 178 225 59 36 4 26 30 149 141 139
    91 225 206 15 216 180 243 195 199 236 240 182 191 208 247 27 232 181
    207 5 24 210 172 44 134 37 138 141 147 196 52 43 217 102 130 105 156
    192 42 62 163 77 220 226 135 224 6 78 119 145 79 154 10 175 79 44
    151 254 230 228 56 129 155 95 57 40 204 201 170 238 68 80 235 206
    130 250 103 157 204 64 149 186 34 32 187 44 4 49 9 170 164 208 172
    77 239 147 174 186 9 218 42 9 217 87 60 3 203 33 159 85 34 21 97 222
    89 85 92 177 223 220 40 179 187 58 225 219 164 142 67 250 203 160 97
    182 143 50 163 13 241 2 250 78 213 201 111 3 64 2 108 173 221 251 43
    28 124 224 172 215 143 78 102 193 9 63 182 204 116 240 64 112 165
    125 149 210 203 107 227 57 232 172 187 48 218 30 109 0 15 99 25 46
    126 124 103 135 247 152 229 46 26 70 54 15 217 211 26 51 161 137 32
    200 227 71 172 110 160 170 117 77 27 215 70 240 69 3 182 42 120 238
    90 157 44 159 184 104 253 72 47 225 7 121 226 136 188 255 188 88 72
    251 72 34 102 185 203 124 163 224 0 58 99 17 9 68 36 45 176 145 205
    80 44 16 117 45 180 204 2 245 23 68 166 147 174 238 19 8 205 61 20
    226 66 0 249 125 228 30 77 18 44 202 57 126 180 39 4 186 240 101 55
    127 211 224 7 175 216 139 138 25 228 246 96 231 91 91 36 68 27 252
    131 60 222 97 95 220 202 132 227 222 109 69 166 228 30 118 78 193
    206 231 217 227 145 151 77 130 0 130 71 186 86 130 108 106 246 190
    113 54 192 15 8 211 140 137 115 113 90 147 204 98 23 148 35 218 54
    83 32 97 184 156 67 233 84 164 182 113 252 40 142 197 250 36 176 85
    226 193 70 128 38 212 115 89 89 74 79 203 27 174 126 117 63 101 19
    90 194 33 90 105 72 111 170 142 116 151 146 4 121 53 48 14 75 6 198
    151 21 119 98 196 93 48 62 249 51 222 116 134 147 92 189 122 199 248
    193 184 138 130 199 178 155 31 102 166 199 183 184 154 230 68 158 29
    86 228 118 183 131 213 212 194 141 154 7 16 26 253 177 238 207 70
    198 176 108 88 137 113 0 18 143 154 98 222 165 57 69 116 121 165 64
    47 151 27 11 58 100 204 21 208 210 201 201 243 18 188 100 115 49 39
    128 27 139 163 30 47 147 25 81 178 241 49 237 52 34 222 205 58 143
    182 162 182 48 109 43 189 109 173 214 62 232 213 183 118 54 154 238
    91 128 100 94 147 173 85 51 87 92 46 158 126 246 181 78 251 110 212
    195 211 42 80 145 203 141 132 93 93 175 225 3 204 97 52 8 229 77 213
    72 192 96 179 122 143 7 146 253 192 143 225 59 220 29 139 231 135
    149 48 139 3 38 122 174 199 44 47 215 40 61 83 28 205 214 105 233
    178 81 30 156 99 90 237 63 223 215 250 6 107 111 38 173 188 118 176
    186 185 114 251 136 231 50 192 191 9 212 223 164 37 111 230 159 185
    78 248 45 120 113 186 4 216 196 69 162 18 2 151 7 88 207 124 65 139
    76 19 33 88 222 16 127 34 154 95 148 8 249 236 29 143 44 105 104 187
    4 141 92 191 61 155 221 141 205 177 68 67 209 7 118 20 87 85 76 23
    239 98 60 202 206 1 7 56 253 78 199 171 8 150 236 135 86 145 206 31
    131 200 62 184 13 123 19 217 123 70 54 150 201 240 37 46 154 232 185
    4 120 210 220 174 153 229 33 74 220 90 85 99 10 210 127 167 216 90 1
    186 43 97 196 7 251 202 51 133 69 41 210 94 156 115 81 123 122 234
    58 64 132 199 149 166 167 209 198 165 28 30 123 94 66 168 25 119 153
    194 238 70 94 29 186 169 99 92 139 41 200 55 31 205 174 208 75 184
    223 120 100 54 212 9 67 116 37 43 86 119 113 185 229 226 149 247 55
    66 200 4 160 92 13 37 136 173 90 109 170 125 12 239 94 146 246 49
    247 91 45 75 116 89 146 148 222 232 193 18 211 130 85 167 207 51 12
    71 154 88 184 104 178 109 66 164 170 162 94 239 205 30 185 73 124
    109 182 140 195 209 120 100 3 44 71 181 237 204 247 184 138 125 10
    196 116 32 73 255 146 212 14 91 231 208 68 2 213 103 159 60 130 167
    255 234 88 64 139 111 138 101 220 46 38 218 0 41 56 84 48 155 151
    236 255 225 106 225 35 228 192 174 208 205 246 82 54 156 225 126 83
    158 246 69 46 66 83 244 238 155 2 219 107 72 230 108 156 246 181 157
    13 3 120 193 52 121 0 233 94 2 76 56 89 152 246 30 66 241 10 127 212
    128 254 158 215 18 33 49 88 204 170 58 214 55 254 16 12 237 19 64
    178 97 225 59 73 210 134 56 32 156 158 10 3 20 67 99 129 57 101 176
    85 177 49 136 46 137 125 48 130 2 88 71 160 253 107 143 240 180 219
    12 35 2 178 9 178 164 220 178 148 29 132 81 211 108 119 155 242 4
    185 192 105 247 115 82 252 57 239 102 246 121 189 61 122 34 236 102
    110 94 115 62 160 119 230 62 72 198 50 66 192 109 96 1 177 29 167
    154 127 93 231 114 174 243 106 150 195 100 168 51 50 51 101 105 254
    65 38 124 50 240 185 88 84 133 216 99 14 202 186 39 159 200 179 115
    74 29 67 153 63 147 91 70 165 20 165 2 217 191 67 34 32 253 205 250
    7 97 9 225 53 38 210 6 112 203 63 34 191 135 87 153 125 114 33 104
    64 147 10 218 237 175 21 61 221 193 164 124 8 44 7 158 226 72 37 1
    99 82 128 239 23 232 88 42 242 146 34 87 142 240 203 136 30 97 111
    77 82 213 241 147 167 29 54 135 237 165 36 217 156 9 10 152 220 248
    16 34 50 43 122 214 100 230 208 209 202 32 217 93 170 184 85 47 38
    137 154 124 201 208 83 95 243 113 79 181 66 57 105 157 169 157 80
    142 221 108 90 217 67 13 6 226 107 216 159 41 246 168 114 54 181 227
    184 132 8 115 159 69 192 143 98 241 28 146 52 47 254 200 133 43 171
    177 60 36 39 115 93 110 152 89 235 180 47 35 69 204 138 87 80 151
    132 87 9 252 69 195 108 113 72 196 37 88 161 245 22 136 213 68 252
    241 146 255 219 206 21 191 3 104 147 237 205 169 4 131 245 136 173
    51 231 13 22 172 102 200 50 166 116 63 117 233 118 175 212 20 65 224
    150 112 235 23 208 250 28 218 99 61 130 10 91 195 178 157 36 152 29
    144 168 22 198 252 252 52 152 89 85 2 146 123 197 152 103 140 177 49
    111 116 185 131 69 199 198 60 23 190 138 160 95 239 134 55 29 63 230
    229 182 37 98 219 218 212 36 253 19 5 36 136 241 231 133 220 221 220
    64 118 152 106 45 252 156 15 19 88 24 96 182 187 211 78 153 23 214
    212 108 185 148 110 27 28 124 229 16 255 151 115 45 52 12 111 250 78
    210 237 70 21 247 169 1 134 185 35 54 17 34 187 103 32 235 42 122
    111 135 17 160 240 10 216 90 209 218 243 228 18 40 172 232 68 115
    171 212 219 47 162 187 176 79 247 201 189 192 189 89 148 53 79 45
    234 94 66 77 17 39 210 230 213 134 107 169 46 96 151 153 108 169 183
    105 17 15 66 172 34 231 192 112 135 112 95 121 71 101 206 140 58 236
    101 123 165 119 38 23 29 198 9 137 118 243 148 17 244 138 229 8 216
    111 204 192 250 120 5 102 3 49 123 202 33 163 111 231 107 156 234 23
    57 241 105 176 191 170 164 136 119 216 137 188 114 212 226 189 4 155
    230 145 63 92 19 159 212 125 106 252 243 10 64 252 63 16 79 173 107
    127 124 84 109 220 135 29 5 74 77 218 151 192 130 150 20 216 111 242
    194 27 206 215 56 124 159 210 74 156 81 138 246 95 21 233 156 48 157
    210 125 165 90 252 35 59 137 135 159 36 142 199 181 107 70 82 187 80
    117 13 207 15 155 58 95 166 41 186 219 246 44 147 255 198 163 191 27
    99 211 97 71 108 16 215 166 176 217 140 159 65 56 201 103 208 73 84
    73 75 243 170 132 140 81 84 25 142 200 238 202 24 180 100 72 127 226
    69 28 56 113 198 44 190 199 187 181 66 155 193 26 153 127 19 192 97
    85 180 195 129 75 49 23 216 253 165 66 176 241 75 154 107 207 95 160
    178 65 233 153 131 237 214 109 181 3 188 88 140 140 213 216 168 189
    49 154 40 241 229 128 48 65 156 163 243 199 30 217 100 170 251 157
    46 232 224 31 235 198 23 133 201 107 153 31 229 237 51 80 88 77 6
    185 180 55 150 64 23 180 32 102 209 113 54 123 47 61 156 187 41 209
    207 205 231 213 5 79 106 248 95 139 94 234 135 173 220 252 58 155 56
    151 129 226 183 36 218 3 42 212 102 175 98 207 34 136 134 11 196 106
    95 179 26 38 109 25 82 100 86 114 208 169 1 25 206 18 204 87 163 51
    48 162 197 124 26 236 83 233 10 161 249 84 9 59 192 14 171 167 244
    123 226 141 200 109 107 164 133 43 117 69 152 234 147 51 206 166 66
    118 170 62 210 51 99 10 246 226 92 50 62 172 2 24 162 40 207 156 34
    197 244 67 86 92 57 91 220 207 2 10 116 90 24 26 118 152 47 28 83
    164 41 112 142 154 238 111 96 16 205 170 127 160 130 109 94 84 13
    248 170 78 121 21 158 37 137 188 138 103 156 205 133 244 239 101 137
    105 12 147 184 204 220 158 94 150 171 199 202 117 9 211 8 98 65 85
    101 87 20 74 253 235 30 111 54 27 145 191 82 106 60 7 99 222 107 249
    136 74 152 30 202 194 27 32 105 213 202 186 14 201 109 24 120 3 159
    40 238 241 197 70 129 151 64 145 128 22 125 44 220 234 240 50 99 114
    132 63 98 193 43 243 206 124 52 48 59 35 209 96 199 249 14 171 211
    73 9 23 20 88 183 182 127 224 123 45 24 189 23 167 128 239 16 170
    171 57 208 195 168 229 110 170 109 36 95 141 247 52 230 132 11 195
    89 17 207 202 131 140 214 57 88 246 159 123 188 209 65 200 46 120
    211 123 166 212 63 131 219 5 168 108 11 65 255 80 125 120 50 243 11
    97 223 17 169 39 203 138 128 186 49 136 28 245 39 249 177 76 79 37
    151 216 236 104 37 234 89 106 37 225 233 201 139 138 112 252 53 187
    250 229 164 86 7 81 113 165 42 18 129 85 7 177 213 9 183 212 113 177
    9 135 71 158 20 247 76 119 111 222 246 51 202 182 170 56 59 71 117
    25 81 2 153 63 225 84 126 202 74 77 205 220 139 40 123 126 64 229
    207 9 5 85 45 173 61 21 101 25 230 54 27 15 67 77 133 136 87 8 57
    220 221 232 63 130 242 86 125 9 41 37 97 43 89 20 117 41 42 16 105
    73 52 143 228 81 242 168 74 123 28 225 55 3 213 121 175 185 100 15
    130 115 243 61 180 44 25 253 206 137 164 59 119 26 217 100 183 55
    214 234 58 60 190 99 207 115 184 92 214 143 167 92 208 5 191 122 140
    238 190 242 152 231 48 29 238 229 69 55 252 159 134 114 44 26 190 61
    36 208 110 109 110 128 141 117 138 0 98 229 27 147 253 31 112 236
    223 137 170 30 196 201 34 1 14 123 91 36 2 52 181 165 221 109 240
    107 183 83 244 243 129 174 159 78 165 204 8 169 54 246 84 130 235
    224 188 125 7 62 147 116 74 61 100 4 81 132 223 37 232 175 23 247
    230 127 197 254 208 17 99 141 50 139 0 175 74 193 66 70 147 6 69 122
    154 43 140 194 172 102 205 47 184 124 182 237 177 216 254 250 155
    142 211 13 204 138 243 141 136 174 204 143 159 125 156 2 75 73 68 28
    38 29 0 55 58 252 9 73 207 2 138 46 37 235 62 176 34 183 160 26 203
    228 95 221 49 186 0 194 5 239 117 0 157 7 224 120 226 95 199 83 25
    26 179 93 87 147 123 225 1 27 20 126 107 252 32 43 17 239 126 177
    255 139 106 124 118 255 44 56 150 162 60 63 37 220 161 116 86 78 226
    104 148 255 101 165 240 107 243 146 14 203 179 144 222 139 126 69
    156 81 252 174 158 80 50 226 5 3 182 219 47 205 218 105 142 234 132
    155 30 64 126 41 70 96 235 223 248 104 227 110 129 120 165 52 152 90
    87 23 196 167 231 111 242 192 203 52 71 63 165 51 66 99 152 121 134
    69 169 61 239 68 99 64 51 94 37 162 28 131 224 157 70 76 153 254 19
    163 206 104 219 67 179 129 239 120 197 164 93 237 17 150 33 86 41
    237 180 166 145 251 100 227 110 115 146 241 211 45 240 230 144 19 73
    128 120 78 205 117 65 7 76 11 168 122 1 11 172 53 202 250 41 197 167
    222 97 139 21 196 55 157 134 26 86 213 188 206 13 145 195 3 161 208
    104 217 100 204 11 90 235 6 240 19 237 223 51 77 190 220 71 218 251
    119 203 254 199 106 201 37 167 83 54 100 39 84 54 111 179 207 112 57
    233 128 159 207 75 166 31 116 99 109 86 36 174 248 165 27 24 186 181
    41 99 46 200 14 1 121 145 120 245 178 14 197 60 132 253 56 144 102
    229 173 42 102 83 118 186 133 187 92 138 62 142 175 246 110 160 75
    30 188 244 71 104 24 7 25 94 19 22 192 190 45 193 246 237 53 67 100
    147 255 21 181 80 196 24 67 47 193 44 178 17 84 22 152 193 84 88 104
    80 60 52 163 86 179 60 80 200 70 38 172 134 199 228 255 210 81 2 9
    203 101 142 202 64 245 158 184 132 110 57 206 73 17 127 9 213 154
    151 67 3 222 108 192 145 111 100 106 249 138 89 166 175 92 176 242
    219 58 28 167 162 238 24 1 242 177 44 251 48 246 45 84 110 171 97 25
    172 154 207 212 165 117 221 97 180 54 30 17 93 132 136 143 175 164 1
    34 48 230 0 145 249 144 215 73 10 187 95 177 115 73 35 242 221 255
    21 66 38 153 255 16 86 90 165 66 51 155 10 40 251 120 156 132 65 251
    126 197 140 94 183 31 135 191 177 202 67 46 253 176 81 25 211 225
    194 103 153 211 107 126 216 234 79 82 222 118 176 164 176 75 80 77
    43 191 107 210 172 6 177 225 213 65 223 86 170 81 116 33 248 184 51
    103 94 25 6 238 131 0 66 90 71 134 212 251 110 253 57 49 27 173 139
    59 226 145 199 72 239 38 146 21 238 76 40 192 83 248 207 170 6 107
    235 87 16 68 179 69 65 173 132 161 142 211 196 124 134 179 18 58 227
    102 31 247 217 76 49 62 123 135 175 143 114 4 212 57 124 225 99 83
    179 120 177 183 69 88 134 59 93 138 126 138 60 65 15 183 26 161 227
    192 201 115 27 23 144 135 92 118 125 76 226 90 197 69 245 109 165
    163 44 129 239 8 67 215 211 0 39 141 172 222 130 5 186 242 109 200
    81 142 71 74 231 5 32 211 61 70 105 37 169 161 4 90 7 235 144 243
    216 169 144 132 3 221 173 23 139 194 140 245 123 165 230 165 231 48
    99 124 71 194 130 169 174 239 84 64 195 75 52 140 153 148 182 126
    123 89 53 224 182 79 213 11 170 177 93 187 239 65 173 1 254 40 198
    136 21 22 186 33 54 209 155 147 88 173 252 242 143 76 179 172 179 60
    110 96 25 13 77 101 55 217 188 143 253 122 37 196 100 46 172 15 41
    92 123 59 251 34 191 124 116 170 113 199 183 145 223 138 104 245 133
    199 248 197 101 68 149 208 11 193 28 76 30 11 192 11 181 188 253 207
    165 81 211 19 42 78 32 56 105 235 12 175 124 254 206 178 204 192 195
    114 158 56 205 238 132 93 21 31 229 162 13 69 211 80 6 5 30 16 100
    50 248 151 101 182 107 65 162 64 247 131 215 183 245 220 233 134 146
    173 38 32 129 51 100 224 36 84 193 71 197 214 139 255 139 160 148 7
    196 196 231 231 177 87 187 3 73 210 171 133 90 219 157 38 58 236 195
    58 141 36 186 135 77 78 23 25 188 196 193 94 164 45 63 69 86 97 93
    154 233 104 154 171 24 227 161 137 245 57 117 196 167 234 191 34 134
    244 216 216 58 229 181 125 110 64 78 172 194 100 242 226 233 109 67
    253 41 105 141 152 167 254 223 51 56 75 66 173 19 111 195 92 244 206
    70 153 30 189 204 6 98 137 38 160 13 74 88 238 9 232 149 224 6 23
    238 119 204 12 119 22 68 188 25 84 193 162 17 243 64 148 102 29 140
    207 203 56 181 230 47 217 66 131 181 87 227 212 179 174 160 168 68
    255 83 238 173 174 64 32 236 27 195 193 213 0 198 163 88 100 94 64
    85 81 246 148 169 109 105 173 163 36 145 208 162 137 28 219 58 70
    117 49 100 18 125 149 239 62 145 203 195 15 202 180 21 35 97 194 194
    0 216 209 171 72 247 150 193 45 85 220 50 92 233 88 123 2 188 173
    242 190 202 152 86 50 202 117 88 119 177 18 136 188 246 108 213 129
    36 228 213 114 183 188 87 182 57 200 204 53 46 2 71 122 249 147 27
    138 158 35 39 40 189 103 28 14 14 0 173 79 126 109 232 164 95 83 177
    162 199 253 117 26 31 240 124 131 85 57 7 173 141 179 224 128 196 97
    179 93 193 52 6 116 165 172 0 61 247 74 232 105 170 52 1 238 102 14
    243 207 96 27 246 95 247 36 122 114 220 35 232 114 192 38 22 165 210
    25 135 252 15 142 7 135 139 193 205 164 38 17 8 206 95 127 28 211 4
    139 138 108 60 219 223 179 26 219 139 21 20 3 5 183 202 172 51 77
    233 9 7 231 19 171 79 50 116 13 250 39 85 5 78 35 91 55 203 91 148
    173 249 21 238 155 80 218 101 114 84 184 76 172 24 174 226 145 11 17
    43 27 79 163 114 30 181 96 107 88 68 94 169 60 249 228 139 70 50 85
    29 167 125 167 206 138 73 173 168 72 170 144 43 245 33 202 240 252 0
    145 112 163 237 142 192 142 169 192 155 109 173 196 155 47 34 156 1
    130 156 239 249 61 10 112 226 168 255 182 187 168 143 240 159 227 86
    83 23 29 211 208 8 215 248 141 60 183 88 60 210 147 195 107 228 222
    0 227 237 6 215 86 56 249 135 180 105 51 174 139 214 9 151 224 18
    124 209 113 74 188 97 71 172 23 55 10 203 203 218 108 95 93 56 182
    23 76 63 86 184 150 66 139 216 183 205 219 181 179 84 41 213 186 126
    197 63 245 178 51 12 157 217 91 24 241 81 54 42 65 105 189 97 158 82
    8 25 144 5 240 245 100 42 61 100 130 190 225 206 250 201 175 148 233
    123 29 119 141 14 152 212 226 38 198 187 151 220 140 70 250 118 14
    130 108 65 131 104 90 137 31 15 161 51 216 43 246 146 178 13 203 44
    221 60 139 163 51 164 204 121 125 132 162 84 111 235 116 80 108 132
    0 38 50 32 212 51 17 129 228 143 27 242 71 106 253 227 157 65 63 194
    168 57 145 39 216 152 173 97 87 252 105 246 249 219 218 92 152 146
    216 140 210 132 153 238 0 20 159 88 194 148 82 206 99 226 110 224 30
    55 81 12 154 190 129 93 42 186 158 247 99 91 52 233 18 239 222 176
    87 195 187 70 74 9 205 101 179 99 103 130 213 243 92 103 204 87 204
    211 11 246 94 235 181 67 243 236 218 233 120 58 165 197 148 173 94
    36 141 4 232 223 8 110 202 82 113 153 141 49 219 75 246 60 56 25 231
    163 222 85 173 117 98 170 140 113 50 156 157 37 143 210 249 185 61
    134 218 93 202 229 205 1 6 7 161 73 54 129 59 178 6 40 251 92 1 169
    153 24 152 81 197 75 254 234 133 176 214 81 23 221 65 101 102 198 23
    109 140 18 242 121 185 232 222 250 241 85 124 244 198 157 172 51 45
    184 144 86 19 157 15 118 68 29 249 9 87 204 68 64 234 108 202 184
    227 78 239 59 175 184 233 231 86 143 188 166 130 178 217 229 216 50
    55 170 221 82 221 160 83 82 35 1 56 141 162 250 18 172 216 168 121
    54 123 30 17 161 99 26 141 198 235 199 68 85 72 139 94 137 102 7 246
    70 83 86 200 17 105 97 114 22 233 227 56 222 76 95 119 146 186 63
    182 205 160 83 145 240 107 161 223 244 6 9 198 86 97 242 40 239 214
    79 89 31 196 194 241 160 27 176 101 180 126 96 202 121 87 172 41 131
    204 149 201 100 236 150 50 225 239 102 39 130 29 55 138 9 231 195 15
    249 30 62 121 218 47 248 168 182 95 107 0 234 99 217 11 115 132 31
    207 93 45 62 83 212 141 181 86 188 94 213 48 247 192 81 48 211 217
    244 116 253 68 149 115 103 177 47 193 78 252 229 221 97 14 22 254
    167 208 120 205 46 3 230 214 39 212 200 119 89 103 224 37 196 170
    202 93 167 60 235 20 29 130 177 217 223 92 172 87 169 186 160 202
    232 84 18 15 214 233 34 23 245 97 18 82 164 31 84 218 147 201 119 8
    144 70 134 126 168 149 46 196 233 56 187 231 29 6 90 125 73 236 162
    111 108 181 66 181 103 83 153 146 81 152 92 3 105 27 157 114 191 53
    214 181 4 138 76 162 73 122 173 119 46 87 106 48 65 226 61 124 229
    250 219 157 108 18 116 75 123 173 80 151 104 120 173 62 132 139 170
    124 189 16 225 68 189 211 170 105 162 114 220 166 94 199 70 81 135 3
    206 77 70 9 115 170 243 69 193 136 186 89 176 89 128 135 249 124 5
    215 158 16 56 2 199 78 2 188 135 229 173 105 228 245 23 91 241 103
    157 156 194 6 253 97 153 141 28 223 179 20 140 49 130 239 225 115
    198 153 124 247 48 37 111 242 64 0 135 10 172 117 54 153 66 128 43
    171 63 58 29 151 163 41 40 56 115 100 82 115 112 53 210 180 147 197
    68 113 50 250 156 187 25 199 7 121 145 248 97 169 71 73 0 154 54 43
    19 149 191 250 21 196 182 35 100 118 74 159 168 49 239 41 52 124 91
    182 57 16 17 154 156 116 205 132 157 143 233 11 10 62 20 186 154 128
    203 24 22 67 6 53 30 105 165 104 55 231 233 47 44 116 144 231 206 2
    220 77 185 12 237 64 54 116 53 218 227 35 71 90 5 0 31 154 101 52
    254 50 56 76 128 158 59 133 183 1 9 142 233 148 63 61 238 208 36 226
    229 245 50 72 229 210 187 189 161 10 67 16 56 156 86 221 70 187 88
    229 3 24 192 2 27 216 237 19 168 167 44 27 40 221 63 106 123 24 55
    32 223 178 235 37 115 147 127 205 114 244 19 51 49 27 164 21 101 253
    131 169 11 75 253 242 247 5 1 54 176 75 195 44 205 97 148 154 181 95
    121 64 34 193 49 240 219 60 133 85 210 189 141 232 8 224 141 95 13
    189 168 92 108 131 143 90 188 78 220 90 3 59 35 151 194 98 11 77 227
    110 240 57 38 57 217 186 125 49 31 102 253 248 78 8 3 18 170 158 249
    108 103 86 105 151 81 2 141 27 94 243 41 56 71 72 154 121 150 211
    233 49 228 215 202 55 188 123 236 208 253 218 116 102 198 55 28 248
    70 82 192 135 178 13 39 173 129 75 68 48 232 138 133 128 176 65 213
    199 6 210 172 109 169 152 58 95 6 229 68 21 99 156 20 2 235 102 69
    134 142 97 92 19 70 52 124 143 119 102 17 99 93 223 186 163 129 19
    162 25 193 56 100 17 61 54 55 120 193 26 2 142 45 239 127 94 34 242
    69 40 19 241 95 129 26 127 180 10 56 255 14 45 225 33 114 168 39 5
    160 49 153 142 47 130 140 11 199 249 173 229 239 176 143 139 250 190
    147 246 134 229 123 123 255 247 175 247 147 230 70 65 30 167 76 14
    63 250 77 163 192 239 48 52 75 151 60 149 108 62 241 88 110 218 219
    81 140 204 96 223 216 97 183 110 213 111 197 106 18 206 189 206 239
    182 18 8 169 162 197 226 140 214 10 17 106 33 192 35 63 4 10 172 241
    129 52 206 140 147 112 117 12 212 222 214 139 15 139 209 208 109 3
    66 121 83 252 56 126 184 237 208 237 123 230 197 80 132 218 190 118
    99 76 197 102 118 143 194 119 236 208 198 236 104 143 197 160 252 12
    96 158 150 39 177 66 89 209 184 196 57 186 192 37 159 17 86 204 166
    58 234 198 201 117 212 94 68 126 52 83 188 135 146 219 197 117 42 22
    50 26 155 241 17 251 252 98 174 117 114 222 146 120 202 217 238 33
    45 194 47 111 166 198 239 81 92 192 219 11 190 169 17 56 112 237 150
    230 217 148 166 132 216 9 20 83 243 34 97 43 26 82 172 148 143 26
    242 0 12 22 23 75 37 70 76 234 136 1 7 10 174 142 137 29 227 33 24
    16 94 174 141 81 170 134 180 2 250 114 12 14 178 185 24 219 213 160
    52 79 15 219 33 51 253 243 136 212 53 212 140 152 92 21 181 202 216
    156 231 231 29 70 109 62 203 191 102 236 229 79 173 15 125 192 67 9
    0 163 12 22 187 75 131 229 217 249 208 157 241 178 191 141 240 181 8
    198 189 185 55 234 100 209 141 64 43 212 63 168 103 73 185 94 92 49
    32 214 242 116 215 113 8 92 214 203 171 153 83 176 114 67 112 118 28
    94 130 190 225 149 58 151 190 84 92 35 139 252 200 147 237 209 2 112
    139 38 237 71 211 185 254 21 197 103 124 198 232 114 204 83 254 222
    253 29 249 190 235 154 212 29 108 140 60 227 40 153 44 150 104 95 43
    106 130 85 207 183 64 235 28 190 120 78 25 51 65 143 56 16 142 230
    39 236 132 186 100 4 176 117 84 192 50 219 17 64 191 246 7 132 253
    169 221 59 245 226 176 124 245 43 6 179 52 178 114 3 101 96 203 101
    36 202 107 52 56 11 244 188 209 126 124 247 48 251 145 52 29 66 165
    194 188 59 35 19 93 83 126 239 147 23 158 227 61 114 181 36 48 144 0
    172 102 15 49 15 89 46 196 209 88 132 56 190 196 48 117 230 93 141
    33 235 223 19 88 234 225 188 3 7 97 189 206 14 103 68 252 32 23 115
    3 132 1 241 73 56 116 212 89 146 250 185 204 83 78 52 92 244 3 73 73
    244 3 215 203 174 100 10 189 102 253 211 131 54 56 177 4 195 21 201
    92 128 26 207 170 118 79 208 162 84 169 138 110 131 54 116 154 11
    125 13 183 151 246 93 97 44 107 179 204 101 86 179 191 29 238 197
    184 32 183 216 45 30 6 86 93 165 34 145 167 166 155 46 101 151 93 91
    186 76 65 10 79 55 152 17 116 130 184 187 96 197 67 59 40 15 163 206
    96 99 139 213 128 34 225 123 48 193 182 51 161 225 201 52 108 236
    232 210 230 164 75 82 239 64 217 168 137 158 55 111 11 114 238 57
    186 32 249 157 214 139 86 249 124 173 79 136 18 79 129 230 28 253 61
    108 177 14 184 124 63 224 100 139 61 79 27 37 96 236 228 33 151 0
    246 41 86 148 221 83 180 193 223 240 180 152 69 77 239 250 165 204
    74 200 69 194 0 232 215 83 93 196 138 153 244 141 140 101 79 90 83
    54 123 98 24 127 210 156 252 253 198 109 112 31 21 119 221 126 255
    120 91 94 231 75 36 89 65 70 30 86 125 29 202 170 181 36 146 130 115
    132 16 164 136 141 200 74 41 191 33 174 255 31 218 229 209 171 129
    229 195 193 213 187 196 108 211 117 163 161 179 183 89 87 229 197 86
    85 199 212 250 195 218 117 207 31 49 109 95 103 114 17 220 102 181
    206 163 62 236 186 159 101 3 196 88 154 210 183 141 226 165 153 249
    233 11 50 119 45 56 241 154 186 151 206 52 254 230 196 17 46 118 188
    242 230 141 157 19 194 41 4 89 104 36 19 96 250 182 189 51 234 40
    220 247 26 176 46 198 184 149 173 66 243 77 36 148 12 176 5 171 58
    94 233 99 96 247 171 44 30 154 228 128 107 70 59 153 154 128 222 97
    26 241 233 72 56 65 174 53 137 227 131 15 47 248 233 134 184 122 186
    106 99 3 218 62 239 126 175 232 149 37 181 246 254 182 234 41 91 242
    173 111 207 106 143 150 225 98 37 149 205 22 18 40 179 80 154 84 9
    210 36 102 60 32 235 244 100 108 119 240 191 83 177 13 227 93 128
    169 239 160 118 83 116 9 14 234 235 208 175 150 87 151 117 213 90 48
    167 232 165 118 95 163 112 3 211 56 3 97 143 201 92 112 245 80 214
    197 34 158 238 76 9 238 175 226 7 253 189 122 221 38 209 44 255 108
    156 193 107 149 121 20 43 177 156 250 69 103 18 184 215 144 168 131
    47 53 1 244 145 38 218 29 226 42 188 105 109 204 127 128 3 155 103
    190 81 214 86 11 126 53 216 244 76 191 34 114 184 240 119 134 55 123
    188 142 226 145 241 147 204 7 226 147 250 216 130 74 40 189 242 167
    201 16 187 3 207 31 32 249 211 111 29 135 87 197 230 135 63 83 195
    232 0 211 28 169 195 24 112 143 139 44 239 151 127 154 222 150 192
    119 7 155 81 238 38 252 252 64 243 155 216 35 42 60 151 50 228 78 69
    23 251 73 98 49 74 220 200 99 218 170 34 169 244 68 214 159 2 132 24
    23 114 20 127 105 78 90 82 210 240 235 162 63 126 226 158 217 51 41
    131 252 178 34 163 244 213 198 117 147 185 191 35 130 225 163 15 222
    170 68 142 131 40 143 72 149 253 116 156 94 45 170 96 166 50 11 104
    182 247 156 9 47 171 155 190 39 78 43 87 104 34 89 227 39 25 233 229
    190 180 228 244 25 71 137 108 25 164 124 248 160 240 186 235 6 140
    177 168 139 65 39 106 9 21 172 192 147 157 2 95 2 106 13 163 33 249
    36 241 93 220 5 157 94 25 45 163 87 230 248 182 51 188 113 252 44
    128 52 66 177 181 62 3 158 204 120 207 223 165 224 63 237 28 253 1
    242 57 87 234 136 139 76 151 146 145 169 124 63 195 144 71 113 32
    141 84 223 236 67 154 148 36 32 240 165 169 106 197 176 7 59 118 216
    146 7 150 39 186 227 159 175 214 247 120 18 67 209 137 120 160 216
    181 122 133 177 35 226 70 234 196 161 250 202 206 202 195 154 23 38
    2 7 6 140 115 79 96 155 239 21 146 205 29 14 173 10 221 47 179 175 6
    160 63 18 172 169 57 45 118 76 228 131 170 173 97 189 235 88 181 24
    185 222 242 89 142 10 27 143 224 224 78 140 254 9 241 221 118 197
    216 239 120 206 22 242 29 219 217 62 108 207 35 163 106 122 35 33 2
    220 2 114 56 241 209 195 33 20 211 225 100 106 10 29 184 57 37 19 14
    177 55 181 7 34 168 210 155 219 45 23 229 142 35 163 241 77 123 56
    181 21 119 40 198 71 92 136 185 193 83 164 56 69 242 55 11 48 93 200
    192 174 45 142 125 246 232 251 107 109 14 57 193 181 125 88 42 215 5
    252 226 86 149 19 53 218 112 202 145 138 211 170 36 240 215 208 202
    135 208 72 119 82 227 97 175 72 170 149 137 248 191 124 146 181 117
    143 250 105 183 183 33 95 201 234 42 166 237 30 48 242 141 148 76
    231 1 234 253 183 71 252 243 207 34 217 251 9 56 123 212 241 96 235
    105 58 247 9 75 21 86 251 54 206 183 10 40 144 240 130 182 208 97
    105 158 0 76 29 52 250 71 38 171 195 198 99 150 250 162 183 237 13
    241 142 42 141 51 133 193 171 141 27 131 68 158 154 7 103 162 29 105
    86 216 174 87 165 113 150 253 248 86 117 58 233 213 39 70 217 155 78
    186 165 247 197 131 216 195 197 50 11 151 102 104 119 79 92 197 155
    91 220 163 27 208 143 16 108 157 163 64 159 85 232 57 252 86 255 116
    94 67 200 16 10 80 118 47 110 39 79 14 80 114 111 157 86 160 31 239
    110 119 18 240 234 12 220 96 67 84 250 167 193 91 199 96 194 81 168
    15 248 78 200 32 95 237 147 124 48 45 190 164 109 122 133 18 146 245
    34 176 81 242 56 87 206 68 171 50 141 29 147 9 234 36 2 83 173 210
    58 225 40 195 214 76 68 216 28 175 75 210 1 98 72 133 169 154 230 20
    236 132 167 71 226 7 75 255 138 187 20 35 66 151 219 49 239 51 85 41
    50 135 147 16 57 100 110 144 234 250 43 71 70 255 100 197 42 69 232
    171 40 169 146 254 59 167 176 176 193 117 244 125 96 30 236 18 183
    81 188 0 1 99 87 81 212 222 168 78 42 124 209 229 126 41 208 135 171
    48 11 243 165 80 10 248 95 250 224 73 86 237 132 121 219 196 199 38
    51 62 170 212 220 71 220 0 5 119 194 213 90 49 176 176 94 12 103 46
    51 69 71 112 73 190 23 143 221 129 91 190 44 248 240 106 176 125 206
    200 247 227 175 136 233 46 138 128 28 45 109 61 70 72 63 85 17 222
    54 162 59 169 222 254 176 190 246 122 55 82 216 157 44 246 4 205 170
    70 73 187 168 18 214 129 130 14 137 232 16 95 220 21 95 64 205 217
    126 38 125 214 13 255 252 34 148 86 181 96 169 94 234 183 131 171 33
    51 166 241 57 212 180 233 37 44 126 107 244 19 188 149 239 251 88 70
    225 138 235 65 247 14 127 19 168 155 117 28 223 246 9 185 116 220 85
    249 185 240 150 69 98 220 76 126 25 246 211 23 64 3 20 41 74 29 229
    59 219 81 82 254 123 172 216 75 192 5 14 82 66 40 146 84 88 255 22
    251 31 137 79 28 96 203 63 151 29 33 56 188 93 194 205 223 87 137
    155 243 232 192 159 151 162 63 42 217 46 112 40 254 218 222 222 142
    120 29 255 194 178 214 111 81 185 165 74 113 62 134 128 154 42 150
    13 68 23 223 194 35 11 159 137 50 87 26 68 32 228 129 67 141 170 53
    68 150 188 54 61 173 64 32 138 154 156 52 156 11 30 117 178 132 18
    96 231 31 106 115 76 78 126 139 164 213 213 159 78 170 153 234 120
    139 13 171 63 206 125 97 21 229 12 229 76 21 205 5 174 109 16 69 37
    175 128 160 117 42 214 61 1 79 56 163 204 65 246 203 129 108 139 162
    74 48 240 181 51 209 227 45 69 160 199 120 45 1 66 96 223 189 58 160
    85 110 241 24 180 194 100 113 251 70 183 199 22 135 86 187 253 200
    179 23 133 230 172 183 81 121 157 179 22 10 29 239 160 237 159 11
    173 126 99 175 208 168 184 35 46 216 194 131 153 247 43 101 83 56
    228 154 16 241 58 245 70 11 170 200 164 84 8 29 207 36 1 210 93 191
    95 88 209 139 70 118 77 236 244 28 147 162 151 10 35 163 12 148 70
    109 119 195 40 61 183 21 111 243 50 64 20 83 129 187 251 59 91 102
    167 30 91 232 174 129 196 6 207 40 247 156 79 128 82 180 36 109 37
    42 149 193 99 137 17 224 75 22 230 251 6 88 89 207 232 6 71 20 139
    225 155 126 114 100 46 119 74 94 124 59 185 192 26 195 48 72 201 214
    163 155 201 59 238 73 117 82 209 9 184 143 140 63 97 251 222 126 49
    60 107 66 101 186 141 211 87 171 225 9 177 4 162 231 66 178 72 93
    155 203 162 112 185 106 179 248 27 79 8 2 208 235 186 219 151 51 167
    104 89 229 183 142 23 68 67 191 140 10 4 16 251 18 41 34 55 176 62
    27 220 102 65 21 69 146 228 169 168 4 22 243 60 165 192 140 81 45
    234 180 25 146 24 200 127 7 12 45 244 192 168 11 47 180 240 190 204
    148 244 117 160 41 117 40 57 165 110 148 9 4 122 158 16 148 122 166
    223 105 169 113 184 87 224 171 106 216 47 189 210 85 81 125 210 193
    128 159 215 154 47 162 142 107 82 188 2 100 8 224 105 39 29 66 185
    190 119 31 41 155 18 241 1 182 85 162 49 54 192 40 33 75 241 87 219
    253 29 92 189 34 132 40 83 79 111 172 22 60 189 220 206 97 65 142 57
    118 32 79 26 57 246 126 37 83 212 183 121 133 171 19 165 54 91 220
    145 249 95 63 76 191 160 79 224 135 106 55 111 95 12 26 159 147 113
    7 201 176 233 171 176 129 45 87 39 21 243 17 22 148 207 5 30 57 50
    83 246 92 17 208 124 4 216 88 171 119 116 6 143 17 16 188 172 105
    222 111 112 198 63 185 194 57 70 168 45 238 117 149 24 103 247 73
    132 143 95 192 135 163 113 241 62 205 114 33 55 221 62 48 44 104 249
    10 40 238 163 82 26 26 253 5 11 88 132 9 82 94 187 229 190 245 51 30
    200 120 152 174 89 224 43 95 141 30 175 198 118 202 164 244 42 98
    112 44 250 74 236 247 182 123 215 222 206 130 118 187 34 179 0 192
    188 94 116 128 85 159 162 47 110 162 115 202 25 56 152 87 28 2 29 20
    202 15 200 250 218 208 34 208 16 94 246 32 11 32 197 255 239 85 195
    227 214 19 180 21 204 40 60 139 230 78 96 115 45 200 228 129 135 22
    78 215 191 225 241 108 204 163 137 50 86 150 145 140 118 251 254 74
    117 76 142 67 240 208 164 28 153 141 207 7 7 117 75 190 139 71 128
    57 253 195 106 214 1 1 252 52 33 242 102 141 199 119 40 23 96 96 254
    88 180 211 73 167 108 87 89 229 49 31 25 72 82 129 129 139 127 243
    41 17 21 160 86 96 172 67 26 17 99 238 241 119 129 70 150 225 234
    181 49 179 178 8 162 136 190 179 67 65 149 76 104 139 219 91 165 55
    88 214 15 105 165 95 32 112 162 230 188 173 84 200 42 245 104 83 74
    116 130 160 126 125 41 87 199 191 206 0 71 57 188 74 192 46 194 150
    56 236 98 197 150 83 48 235 103 250 136 129 225 169 153 83 49 107
    174 244 164 178 100 44 213 243 165 112 86 112 62 24 254 77 72 122
    126 195 0 22 148 175 55 202 221 71 213 25 169 73 154 8 180 62 39 242
    175 167 107 121 235 51 240 22 24 67 9 174 56 71 117 58 203 128 171
    18 103 159 38 160 56 211 154 69 18 250 207 109 90 243 193 245 111
    250 81 24 228 114 174 190 25 25 240 38 250 219 36 125 59 130 202 156
    228 152 37 30 144 37 191 207 167 10 170 228 82 156 80 225 213 41 133
    191 195 226 73 120 2 177 73 181 121 12 120 136 121 142 22 187 38 114
    23 212 111 84 213 246 189 115 248 64 44 100 85 33 31 180 231 216 41
    0 169 143 7 8 23 140 153 79 9 174 158 70 165 188 231 248 105 98 23
    224 44 147 45 173 129 231 211 20 212 245 123 91 194 6 71 118 159 6
    216 8 255 214 210 254 245 121 181 118 81 219 166 35 230 22 97 207 77
    79 210 58 80 71 238 133 118 6 157 166 37 225 139 164 206 121 52 103
    61 172 105 124 57 181 211 152 56 76 6 33 249 144 179 79 228 59 97
    147 95 51 91 70 173 110 185 63 48 255 215 75 97 242 186 8 128 1 116
    138 48 211 19 172 112 121 132 98 106 222 144 29 128 104 74 249 141
    62 125 87 127 199 133 200 58 230 119 6 7 172 112 57 81 46 236 244
    195 129 197 252 92 236 99 5 179 187 16 26 165 176 132 27 123 95 96
    205 58 167 164 12 239 44 136 73 192 209 197 43 253 145 101 27 178 4
    34 137 249 50 132 53 179 49 34 127 156 123 128 7 215 194 126 1 171
    20 124 86 52 27 95 28 12 202 177 176 200 9 164 143 223 119 148 223
    32 102 83 57 105 141 111 120 189 29 121 148 107 35 136 129 60 219 82
    164 69 185 100 7 11 224 232 76 143 105 157 225 176 16 190 124 40 18
    249 213 195 48 143 94 72 149 238 200 223 205 118 245 198 40 251 252
    95 8 86 201 228 3 76 47 21 133 210 214 152 171 184 19 199 157 75 122
    21 231 16 180 150 174 200 62 139 201 225 4 61 149 217 255 20 92 245
    249 225 118 55 167 19 61 230 38 64 222 112 160 96 27 212 193 230 66
    20 241 176 7 57 67 240 174 74 252 221 137 209 138 22 171 137 110 176
    141 145 127 66 85 251 14 3 114 188 46 92 205 183 184 127 186 142 34
    153 49 19 44 36 238 23 179 58 187 160 229 35 69 160 17 35 205 72 117
    155 44 225 48 18 64 236 144 61 180 213 105 168 97 152 198 180 3 177
    222 247 139 57 49 244 155 27 191 84 99 43 21 23 110 25 38 254 119
    193 198 145 251 105 81 105 137 216 75 99 205 98 139 157 219 50 100
    87 133 183 63 110 238 78 239 72 106 37 90 204 182 87 205 3 153 188
    228 58 244 102 53 103 79 141 14 158 228 91 189 127 135 254 79 78 80
    56 166 229 174 5 230 231 25 102 178 215 205 232 122 163 68 154 113
    158 173 222 91 148 117 226 235 80 75 211 114 4 171 206 31 138 89 138
    143 58 243 213 243 149 127 226 217 110 62 78 196 237 88 142 173 240
    135 162 12 179 254 71 245 145 192 156 142 3 19 33 250 106 17 173 175
    119 165 34 182 19 164 251 45 7 107 147 149 240 12 118 37 52 42 185
    93 28 101 173 43 206 92 166 31 145 20 112 35 193 224 180 96 193 196
    215 35 50 126 202 152 134 42 198 231 109 122 83 139 227 75 47 83 234
    29 42 166 122 19 119 36 101 226 86 21 58 73 41 33 57 190 229 140 39
    174 184 129 217 85 202 168 210 76 76 173 118 4 12 66 218 161 72 75
    89 159 31 76 69 165 195 235 75 159 90 172 100 34 57 135 52 123 70 94
    185 192 82 37 102 177 181 118 125 200 254 130 96 148 92 135 90 45
    166 25 104 199 112 32 209 87 252 204 164 138 181 203 225 12 216 238
    149 210 84 202 222 72 7 199 211 247 76 90 160 157 197 112 53 244 157
    245 7 102 2 140 190 134 115 55 5 187 37 152 156 226 204 156 106 103
    145 211 192 86 207 57 81 226 14 151 152 86 24 10 73 252 83 240 162
    41 153 181 95 36 0 107 254 127 140 231 150 219 64 88 2 7 231 193 232
    186 206 233 184 214 122 143 149 180 215 21 146 51 16 153 45 217 175
    116 235 122 91 46 253 236 23 137 104 50 204 50 146 79 1 160 112 246
    2 248 174 211 35 150 54 214 148 80 20 34 137 77 26 52 153 32 198 34
    184 210 133 106 250 238 183 38 11 8 108 11 47 87 149 1 162 16 49 216
    38 93 192 116 79 101 136 129 213 196 41 182 36 68 199 138 215 38 164
    208 35 16 235 254 27 217 91 135 40 194 99 91 219 139 21 49 141 108
    113 43 73 203 180 13 187 206 196 92 8 238 241 208 231 4 110 102 253
    160 168 83 86 18 111 148 46 12 184 228 81 158 40 59 190 111 137 80
    173 214 180 20 253 94 193 120 93 221 160 11 245 214 223 176 26 220
    112 194 196 74 113 67 225 49 32 117 49 105 81 134 120 63 127 135 151
    2 76 225 30 81 134 160 140 48 121 23 54 231 159 246 11 33 182 197 45
    132 193 224 20 245 120 124 103 109 95 45 94 26 22 218 177 15 49 202
    68 121 6 7 40 160 243 66 90 188 27 5 134 192 254 183 128 121 85 234
    97 152 63 206 47 74 133 1 230 191 118 44 62 241 236 179 191 114 236
    65 21 111 23 247 172 215 247 164 176 210 5 237 159 60 253 123 114 47
    79 159 120 246 186 109 197 48 162 24 237 96 21 242 242 168 135 67 68
    214 240 7 214 206 124 78 69 29 58 147 37 43 174 145 15 191 92 16 155
    15 120 155 76 115 188 143 199 178 105 20 116 23 159 254 161 57 160
    177 170 173 19 4 159 185 2 222 222 207 248 115 13 149 6 207 250 153
    142 88 223 84 101 120 59 160 136 36 10 13 146 78 95 199 162 149 174
    119 7 48 227 180 127 88 58 250 96 114 42 213 165 18 42 214 41 112 43
    224 223 5 215 175 200 13 238 88 114 185 92 87 203 246 160 174 50 154
    102 202 52 136 72 161 246 240 146 2 206 190 220 37 163 26 154 95 46
    76 38 239 130 185 251 210 21 108 17 86 243 172 226 12 93 235 255 116
    242 240 101 154 180 227 43 161 68 125 202 67 102 157 96 68 101 138
    123 214 167 253 129 80 249 70 65 110 151 237 87 138 95 54 100 147 9
    76 121 114 181 6 73 94 222 27 255 89 158 7 206 114 196 209 37 112 39
    2 41 240 109 146 200 249 88 16 44 220 72 210 234 219 171 66 183 187
    66 171 71 25 227 57 77 127 49 188 199 21 63 162 21 91 90 150 54 247
    64 48 192 76 58 186 164 33 0 228 38 83 246 208 80 134 57 143 35 141
    130 47 13 61 46 134 190 165 175 235 218 247 212 125 124 128 93 89 11
    113 224 222 123 96 217 80 198 242 50 247 249 167 0 57 22 107 249 248
    204 112 216 15 105 145 182 165 197 226 145 163 153 239 145 21 216 90
    160 20 207 203 119 129 136 118 112 38 82 85 63 103 148 130 236 26
    247 64 71 106 196 215 204 19 62 145 188 93 132 254 253 118 135 223
    186 188 96 117 90 225 75 121 144 98 21 44 137 20 3 53 39 106 134 51
    175 86 78 25 175 8 157 87 225 43 25 234 189 139 72 250 166 229 100
    51 138 106 78 77 148 255 15 114 50 83 217 52 156 83 147 115 158 54
    186 99 35 147 90 217 175 94 194 2 193 239 11 238 42 251 90 229 238
    142 219 138 188 140 212 239 143 71 165 217 3 99 227 119 81 8 247 182
    108 157 14 166 218 135 115 50 220 226 185 229 38 90 14 1 224 44 139
    117 6 139 240 117 110 174 158 25 205 148 23 77 243 39 194 112 69 119
    151 4 205 89 93 96 154 167 70 147 67 101 235 223 88 199 168 41 24 77
    122 13 181 28 229 51 17 239 169 22 239 182 152 25 133 206 128 177
    229 199 114 130 97 25 69 49 39 255 225 90 45 48 224 180 182 184 151
    142 237 144 139 178 179 153 24 191 207 163 150 226 247 152 123 172
    18 136 126 81 9 184 64 177 214 108 240 68 37 152 7 112 184 59 23 220
    201 149 235 243 145 149 4 12 29 137 60 113 206 252 45 183 148 56 16
    37 223 89 145 182 218 163 64 161 250 183 147 127 202 105 207 46 212
    240 111 62 235 233 17 140 47 235 137 219 10 102 187 217 25 210 33
    155 46 84 220 226 171 64 234 238 55 69 59 90 224 15 76 170 76 1 188
    80 243 74 176 114 64 5 246 207 220 34 155 253 173 67 88 100 210 160
    30 67 79 216 95 220 98 74 236 176 56 56 208 93 216 144 56 241 111 33
    90 140 229 193 174 2 209 50 68 199 11 197 89 36 136 91 165 9 91 34
    147 188 166 28 200 233 237 138 156 24 180 210 221 42 170 149 79 199
    238 23 100 62 250 107 2 90 184 79 224 114 53 231 39 113 241 69 105
    135 254 154 50 28 249 202 187 99 61 58 115 203 207 123 191 79 146
    227 150 239 158 152 41 116 116 143 220 38 143 133 72 238 222 206 91
    230 22 48 73 96 250 92 64 21 157 13 93 39 68 220 36 12 249 202 134
    245 224 239 207 238 137 94 26 180 75 62 226 30 174 147 8 94 197 224
    54 3 64 142 187 220 254 67 52 44 71 59 228 145 155 89 45 127 22 170
    10 68 7 147 238 110 254 160 225 208 251 25 39 132 26 97 230 159 239
    114 25 236 245 175 80 124 132 187 112 153 145 81 244 20 109 118 144
    108 130 166 149 236 90 155 129 112 45 109 181 212 173 20 123 91 118
    34 165 168 82 221 134 150 120 22 147 147 132 52 239 254 54 33 62 210
    122 8 198 176 145 193 233 142 0 64 23 193 85 86 62 211 190 147 251
    173 31 241 144 78 143 51 64 38 61 46 211 214 237 15 60 173 33 12 38
    82 133 80 73 136 23 199 100 165 171 112 191 57 86 28 132 76 246 30
    72 149 44 69 135 241 54 140 159 245 217 52 245 6 153 92 154 64 54 13
    61 64 203 238 109 237 154 225 227 115 65 167 72 66 2 32 229 64 161
    209 24 53 202 123 150 121 158 36 243 75 42 107 114 135 85 199 229
    226 177 9 83 162 88 155 147 42 16 188 231 214 233 17 1 244 116 130
    180 226 139 104 169 16 240 214 23 104 202 114 69 190 63 120 193 158
    93 115 18 93 39 52 43 219 212 9 181 60 58 125 147 1 212 187 84 85
    128 151 165 180 210 161 77 179 155 173 119 248 74 83 212 139 166 84
    168 178 133 208 193 63 190 226 47 71 202 224 35 103 223 233 18 46 53
    171 19 23 29 234 178 40 194 32 10 147 38 180 69 208 152 243 83 203
    47 100 218 100 36 195 2 90 57 21 213 140 244 239 16 227 171 177 162
    96 38 179 85 238 6 59 176 183 20 169 77 145 101 139 119 99 17 183 85
    208 154 41 200 46 14 205 212 114 53 234 107 251 130 58 47 248 202 90
    69 63 54 222 50 67 156 106 144 136 224 104 108 204 102 112 88 60 89
    121 65 206 121 198 231 175 48 11 152 88 61 22 168 45 234 175 22 176
    182 128 198 205 59 253 18 117 116 245 187 43 209 212 86 158 31 13
    137 197 0 211 153 147 220 235 40 237 245 218 20 209 225 169 194 91
    237 158 107 110 60 41 248 251 129 105 123 128 137 205 180 161 163 96
    218 5 137 0 211 250 249 0 215 68 53 216 71 62 143 69 55 7 208 9 165
    138 231 38 109 46 200 15 154 231 82 50 92 111 1 69 212 179 143 248
    53 124 62 44 206 26 141 190 222 50 122 86 21 183 219 239 160 16 105
    16 122 195 128 69 20 169 143 221 185 73 81 117 23 116 16 56 182 57
    246 216 79 117 23 108 134 98 29 132 120 40 11 254 121 42 187 242 245
    41 221 126 175 205 137 18 254 95 3 165 67 16 189 129 71 172 45 183
    63 119 176 124 118 159 36 47 204 175 12 8 179 232 101 73 136 152 211
    250 54 115 229 48 252 120 9 66 215 144 150 83 123 84 215 170 130 108
    104 53 1 106 179 193 132 233 9 53 240 239 2 251 141 235 101 176 199
    185 46 209 74 160 178 104 74 240 5 24 163 248 228 115 231 114 129 66
    19 85 185 39 164 138 78 209 204 54 144 177 148 241 254 155 13 88 253
    46 161 17 107 169 29 3 48 130 26 2 129 39 55 226 126 161 55 221 71
    122 255 208 126 230 65 172 27 249 98 202 52 170 226 74 2 192 186 155
    183 101 168 198 92 55 246 200 109 16 79 145 58 19 36 166 218 192 6
    233 75 236 153 253 145 121 209 30 145 186 204 142 232 235 182 63 109
    159 241 146 117 92 179 63 83 80 12 129 152 195 189 55 181 77 153 111
    209 170 162 82 88 164 16 16 235 126 254 17 179 239 110 18 137 149
    135 21 254 218 182 220 122 117 55 95 77 143 166 25 77 173 52 162 190
    64 230 11 6 51 21 30 57 81 147 201 130 51 93 42 0 233 5 19 58 225
    106 135 204 169 254 78 217 151 33 126 51 29 10 206 40 163 140 7 13
    168 59 93 25 180 214 176 134 148 152 212 244 102 219 87 54 213 150
    203 212 130 212 101 182 159 125 128 139 180 52 154 198 81 175 250 67
    1 188 28 247 222 105 254 65 121 2 36 4 110 177 34 42 40 97 14 78 73
    78 214 109 181 139 77 114 36 66 28 152 13 238 97 116 98 93 150 43
    145 59 246 53 255 219 154 159 35 27 53 127 88 34 244 177 2 81 212
    139 70 129 173 29 143 108 151 105 0 249 221 10 72 144 91 241 220 52
    161 34 70 155 237 189 3 225 34 118 125 40 75 26 39 246 233 152 106 4
    109 232 85 173 85 151 88 205 174 236 252 133 165 51 91 161 207 5 18
    162 252 148 92 223 155 220 104 238 148 141 38 40 137 97 222 152 135
    20 14 216 160 74 243 75 48 237 63 60 109 82 175 59 19 56 249 60 212
    40 249 48 134 27 210 235 12 101 81 60 18 133 227 55 246 241 68 149
    34 213 255 143 113 57 136 131 142 111 251 247 154 206 116 111 230
    154 212 126 255 191 227 134 104 122 227 26 75 8 159 103 229 90 243
    88 52 212 126 48 99 44 18 224 105 228 67 203 66 157 27 249 50 196 62
    209 119 110 49 28 29 243 215 121 56 148 237 76 252 208 136 17 169
    209 198 112 130 109 112 172 190 20 24 135 227 229 239 104 39 139 35
    221 220 230 142 206 178 72 113 27 174 65 165 253 183 100 73 165 146
    153 208 221 71 124 191 48 178 80 28 41 85 143 99 9 94 20 26 164 168
    235 33 155 50 18 239 138 156 81 29 98 78 132 210 231 71 7 186 245
    111 20 91 253 59 200 15 156 136 154 64 151 140 143 22 67 150 200 132
    222 109 79 186 248 86 252 152 191 97 48 235 255 3 12 144 140 223 213
    45 7 46 241 174 51 11 100 98 157 30 111 91 171 48 58 139 14 81 215
    235 224 108 54 132 128 220 13 230 4 147 133 28 46 174 36 178 32 14
    197 173 238 145 200 36 180 169 88 34 254 165 14 232 109 27 148 197
    113 223 62 55 223 211 68 173 4 26 19 196 96 36 208 250 130 153 245
    251 146 2 43 124 85 223 238 129 111 1 6 58 190 143 26 247 188 70 166
    148 186 97 188 147 56 162 18 108 96 17 157 153 171 180 79 192 131
    109 168 8 40 197 167 14 116 122 9 193 123 204 123 197 113 136 95 204
    95 219 206 184 119 117 122 1 146 194 180 77 53 15 171 67 27 113 245
    44 16 84 151 235 253 95 244 20 180 133 98 238 68 194 43 197 166 90
    188 53 187 242 118 206 67 146 164 40 233 249 176 233 4 92 79 241 55
    115 72 133 45 102 236 197 196 148 17 101 99 160 97 251 105 155 53 85
    193 126 205 249 64 158 43 182 129 219 227 223 142 210 47 138 226 79
    89 30 9 16 0 216 117 36 217 61 175 54 213 133 133 123 132 231 106
    242 115 6 249 32 222 79 153 128 246 96 123 39 118 72 143 234 45 195
    241 221 245 232 115 173 2 2 34 29 99 22 204 96 116 81 62 59 228 183
    88 51 18 101 35 171 139 145 176 224 66 26 88 46 244 59 185 33 149
    134 104 65 136 172 127 145 183 201 154 131 255 91 46 121 97 190 194
    212 51 221 156 230 168 179 137 81 172 12 212 69 50 153 148 200 109 8
    17 180 213 25 65 12 87 119 144 9 48 104 22 240 188 243 64 56 172 96
    224 84 150 36 7 183 144 209 165 140 162 28 113 98 144 58 191 26 73
    237 3 72 254 95 209 139 158 156 164 99 200 171 118 175 152 49 233 37
    112 32 216 199 121 223 79 3 167 96 28 253 243 141 203 112 7 174 23
    108 133 160 83 106 110 104 228 63 132 245 123 125 64 186 58 96 101
    46 193 199 14 151 168 34 80 235 38 11 92 8 209 6 114 94 218 83 161
    246 183 109 246 51 127 104 64 139 255 201 145 74 234 96 153 143 141
    249 93 190 177 106 32 84 113 202 175 68 76 215 138 69 235 26 254 70
    210 166 154 149 71 120 19 105 81 4 210 148 32 95 179 245 176 100 251
    239 57 153 84 205 122 252 76 146 117 214 199 149 180 109 103 206 233
    146 1 0 175 37 94 67 140 172 82 216 52 196 188 195 56 109 209 31 113
    65 2 26 18 4 15 149 183 190 207 42 116 172 114 202 249 114 59 59 85
    0 97 149 63 36 70 255 113 188 29 157 140 55 99 114 32 5 43 186 187 3
    118 154 225 59 154 115 52 236 85 115 184 95 153 172 198 176 33 76
    251 202 198 248 204 123 219 253 197 231 228 211 217 183 56 164 80 81
    49 157 184 184 78 88 233 17 57 50 150 238 32 126 175 12 43 225 221
    77 246 146 160 246 119 25 39 129 242 162 209 165 182 206 255 146 180
    153 132 122 27 211 118 210 252 122 187 190 4 123 253 35 58 51 106 77
    190 230 33 6 34 138 98 125 147 231 148 245 80 102 34 12 30 254 189
    98 115 219 215 249 159 140 89 5 149 244 72 108 40 64 74 255 88 118
    143 162 160 203 149 43 24 15 156 91 237 198 26 15 186 73 34 215 104
    125 69 13 39 154 108 209 63 181 82 242 138 129 232 224 19 141 31 47
    119 201 143 4 80 31 130 210 113 149 77 196 53 183 195 182 225 106
    229 255 36 10 229 173 103 237 223 180 125 11 136 134 243 128 234 120
    38 29 73 15 229 242 187 80 23 169 115 131 176 144 219 15 0 79 80 34
    86 183 16 230 237 182 253 2 252 244 18 183 166 140 101 232 77 98 189
    119 41 137 184 148 195 83 116 25 113 70 36 16 9 114 38 143 195 18
    120 77 238 212 191 134 254 219 135 180 137 5 143 77 191 130 129 26 7
    186 213 158 15 0 183 132 216 45 227 25 224 118 116 230 21 194 191
    100 204 150 48 18 40 126 29 158 164 248 107 114 12 219 14 227 45 32
    51 148 117 69 178 238 168 46 84 67 17 152 36 82 161 188 181 129 99
    107 82 12 130 167 228 45 41 182 166 108 230 215 140 111 131 200 244
    45 22 142 131 33 32 146 16 163 60 211 135 221 16 226 226 231 99 115
    11 197 105 0 76 78 239 128 11 4 187 121 13 42 155 55 139 251 144 148
    221 169 17 164 120 86 213 178 16 133 103 163 20 86 219 86 97 215 59
    100 194 233 185 91 187 241 153 82 255 146 118 192 250 240 84 228 206
    157 170 252 187 166 205 28 235 172 139 204 116 253 22 83 141 183 207
    168 216 138 94 0 174 250 61 162 182 194 138 143 249 51 214 28 9 74
    240 131 146 5 50 32 154 32 251 232 45 66 137 140 70 244 243 84 254
    96 128 30 119 97 105 23 1 191 171 12 115 187 133 249 177 79 77 12
    243 229 92 103 123 229 72 1 107 30 24 67 237 128 72 24 158 170 19
    144 78 4 46 96 233 14 95 184 206 20 22 183 54 55 100 18 17 46 233 38
    240 199 177 3 60 39 15 191 54 224 28 30 195 160 101 142 148 30 84
    114 158 35 158 111 186 74 179 198 222 174 233 24 15 146 17 49 35 14
    5 72 43 66 220 86 123 241 156 200 182 225 3 113 71 233 195 136 28 80
    238 184 52 156 205 189 212 221 144 113 162 212 171 36 208 105 239
    147 150 28 5 11 132 175 159 80 95 149 72 3 59 59 41 75 36 66 56 160
    2 15 133 115 251 135 220 52 200 225 253 103 68 228 181 193 23 233
    244 89 188 43 54 154 57 241 134 51 150 32 32 93 176 195 188 150 96
    227 170 229 23 50 103 149 19 68 198 56 119 248 159 157 90 218 172
    169 144 85 49 254 85 126 253 52 177 137 43 127 47 133 228 91 35 11
    81 192 45 26 50 217 228 141 165 159 159 7 17 224 44 178 141 217 250
    243 139 157 104 88 78 84 207 66 158 177 160 110 182 110 162 125 133
    197 57 179 6 157 51 69 35 204 3 204 245 164 207 215 48 98 8 113 69
    253 98 35 156 175 102 67 128 216 160 209 119 31 222 236 16 249 104
    248 104 191 12 253 71 229 255 155 60 107 133 55 201 234 184 222 12
    230 82 235 150 233 33 85 41 181 196 32 44 221 98 249 77 84 255 38 20
    152 91 140 95 174 32 218 224 8 50 162 26 164 8 178 173 24 123 123
    188 81 145 196 80 184 74 149 29 150 127 84 213 109 241 61 213 46 67
    122 25 108 56 220 45 63 184 180 143 14 65 73 12 27 156 209 236 219
    139 29 238 251 217 199 50 175 41 199 248 213 123 53 184 245 190 163
    163 246 160 42 192 52 145 34 137 204 168 165 143 50 237 238 91 209
    166 169 87 80 144 184 230 100 161 182 187 99 230 227 108 200 175 99
    179 54 243 174 250 84 95 34 75 238 194 248 2 45 142 135 34 247 173
    59 93 25 47 224 241 66 104 136 78 243 169 112 84 114 51 20 101 124
    37 159 45 194 3 63 15 181 163 229 255 29 54 155 125 60 39 70 79 143
    50 123 123 135 221 109 189 87 200 236 166 83 206 211 99 44 223 91
    159 87 163 134 173 219 123 94 237 14 237 192 26 158 250 213 115 166
    105 26 29 190 75 17 154 135 58 242 132 130 101 184 162 210 208 94 22
    223 74 238 251 254 141 213 136 143 255 15 228 162 11 86 9 18 18 226
    77 195 85 77 99 227 12 179 23 102 203 34 159 179 182 25 161 41 120 6
    53 63 89 8 121 249 62 195 38 16 207 159 49 173 4 216 87 224 47 241
    230 108 131 62 104 76 187 202 22 0 20 36 103 39 210 62 253 173 199
    86 19 199 67 194 1 13 118 134 186 167 68 207 239 34 181 158 231 158
    100 41 216 79 33 4 39 96 121 25 171 33 135 100 141 85 21 57 69 171
    25 130 232 44 146 55 161 141 84 254 67 41 149 170 5 104 230 94 223
    187 223 229 229 71 76 32 240 6 13 43 75 250 146 12 131 15 189 190
    159 195 208 85 142 130 229 250 161 128 157 146 79 191 208 53 46 232
    192 254 81 104 212 116 30 91 156 207 179 219 4 129 15 174 134 45 136
    64 96 183 176 219 84 48 5 75 104 246 153 9 47 114 165 150 37 42 127
    136 14 136 116 75 122 183 249 146 112 235 230 239 110 208 39 171 4
    201 221 216 22 89 91 59 19 138 187 179 125 238 244 39 84 214 216 190
    13 7 198 148 85 158 186 113 113 187 180 123 185 247 163 192 37 239
    176 149 78 49 78 178 44 143 121 119 181 129 217 53 232 103 14 239 19
    210 14 111 110 179 79 20 108 103 68 193 131 11 241 39 233 58 133 63
    7 207 14 95 180 150 245 104 2 97 89 229 29 119 71 187 213 61 101 58
    193 99 228 179 242 17 159 22 228 20 39 239 48 176 166 142 64 133 94
    204 100 193 77 222 81 101 157 254 166 166 213 14 224 57 140 253 130
    136 94 110 190 58 88 92 161 173 242 169 162 97 203 136 0 163 94 154
    142 67 98 66 119 116 154 93 245 50 187 148 158 138 20 113 37 177 132
    25 137 32 115 45 125 29 138 30 81 70 162 32 137 110 20 235 7 149 231
    32 84 135 92 48 96 67 135 121 84 94 220 209 218 75 155 119 81 182
    141 96 35 129 245 92 55 197 197 159 161 210 171 227 210 163 184 191
    157 111 5 130 114 106 237 119 56 180 147 159 33 99 138 104 246 59
    155 145 36 108 42 47 7 149 136 73 185 77 109 83 168 25 41 39 8 132
    197 205 110 195 183 207 106 119 93 157 12 28 88 39 9 63 215 187 109
    10 150 141 251 169 113 61 208 231 212 224 137 209 187 229 75 22 27
    190 4 181 233 233 247 237 118 168 4 35 73 77 33 215 190 110 28 39
    183 84 79 167 143 78 210 125 231 165 7 190 143 179 80 119 180 198 14
    79 0 24 107 135 183 211 32 233 36 81 130 178 198 157 101 24 121 45
    208 144 4 13 39 170 118 149 248 95 168 110 140 158 168 222 175 216
    168 247 16 159 95 171 231 74 88 65 243 82 114 143 16 237 181 225 156
    183 210 141 215 160 128 49 255 172 169 19 149 60 73 45 198 58 6 107
    247 6 157 9 134 83 101 128 88 149 142 154 245 208 124 170 33 78 218
    71 100 241 47 18 30 96 130 205 218 77 72 59 56 136 221 102 86 179
    153 175 162 87 69 34 210 114 191 82 108 91 203 23 148 74 30 2 153 10
    133 157 127 115 0 112 232 130 175 153 100 0 47 68 95 196 160 100 9
    211 183 183 20 98 150 76 137 34 225 90 1 250 33 31 15 193 97 49 47
    247 91 228 5 194 162 8 162 37 16 188 174 237 108 210 251 199 91 28
    70 129 190 196 6 14 41 23 119 34 74 202 76 223 247 107 220 4 231 106
    175 32 190 62 193 56 204 244 67 147 67 182 143 29 118 83 100 12 251
    110 230 62 36 169 180 21 246 85 82 115 82 225 11 229 90 212 155 221
    84 82 119 59 21 136 17 241 242 192 36 65 220 203 95 151 194 198 227
    127 52 18 75 129 28 37 201 107 57 4 122 190 96 193 242 74 143 11 153
    29 168 122 81 0 224 89 169 145 191 37 206 76 142 118 231 151 143 68
    80 121 42 210 36 194 190 63 176 176 48 181 142 139 91 33 203 101 49
    76 143 108 153 233 212 66 13 254 147 16 15 194 8 63 136 218 39 51
    217 56 169 45 199 105 154 160 39 84 48 249 32 185 196 133 18 32 203
    205 53 233 123 109 190 86 161 181 49 3 198 79 235 87 40 162 221 227
    195 135 119 153 103 215 31 102 85 10 182 172 86 104 14 107 252 114
    142 101 226 104 220 225 144 163 68 49 218 133 100 19 236 57 29 242
    32 182 108 182 56 192 85 231 243 165 93 113 78 206 246 195 183 3 141
    220 142 135 2 22 45 109 86 152 55 145 3 235 29 99 142 39 156 187 236
    251 116 99 140 213 255 116 201 111 121 15 243 231 228 60 168 129 114
    114 39 221 1 164 149 252 44 196 248 230 36 47 88 21 7 242 130 73 231
    223 33 239 38 34 11 154 61 14 226 113 205 18 186 12 126 51 108 27
    218 37 125 178 162 100 196 249 216 2 138 21 227 189 217 27 236 59
    176 2 136 112 36 188 197 97 4 229 118 227 231 65 1 120 36 104 245 8
    253 235 22 54 161 3 27 46 120 0 136 80 176 2 188 71 244 219 201 249
    39 217 141 152 234 246 86 251 111 83 103 122 44 170 88 193 84 17 204
    206 193 237 213 93 141 209 84 168 200 48 11 229 207 24 193 170 181
    146 47 217 175 17 184 249 176 58 180 164 234 128 52 5 18 232 52 139
    134 45 74 119 237 81 120 227 195 63 98 159 152 200 16 174 140 66 49
    130 68 25 232 203 157 61 210 78 157 116 104 105 14 117 63 154 0 71
    104 85 176 112 27 184 92 161 200 91 189 12 105 180 149 172 139 63
    207 204 207 254 59 24 226 124 110 41 209 101 186 27 93 24 68 217 221
    90 219 3 12 199 199 65 248 222 120 115 32 112 196 159 171 112 226 60
    116 99 109 239 245 46 82 188 118 213 214 241 46 55 153 21 5 242 40
    39 183 41 94 217 212 194 209 153 245 162 126 69 113 103 107 183 84
    160 101 227 225 53 130 181 23 223 205 136 92 177 252 211 77 209 194
    74 6 61 17 42 221 241 62 108 68 7 44 88 84 92 59 139 68 147 50 211
    146 7 173 115 133 11 107 136 221 37 138 215 233 107 182 197 42 133
    53 92 144 30 166 129 121 143 41 173 95 109 155 218 235 37 170 63 245
    14 33 26 207 236 26 18 210 203 232 6 62 189 38 246 213 153 167 65
    105 219 38 131 198 203 223 28 151 165 115 33 141 208 182 43 83 253
    237 114 45 235 19 112 50 153 63 252 10 94 183 2 10 156 153 205 171
    69 112 136 47 145 200 83 190 100 218 156 215 116 126 193 107 29 35
    23 89 241 182 28 146 151 209 145 163 183 147 152 49 91 77 188 49 100
    77 194 36 109 109 91 175 68 194 91 222 0 224 125 132 205 178 42 210
    62 2 190 209 115 119 89 21 146 36 97 7 179 216 145 95 46 159 180 229
    150 245 155 186 162 246 104 62 114 13 217 32 91 191 64 52 180 17 199
    115 142 246 150 111 122 15 118 106 240 168 212 59 156 36 240 13 60
    150 242 197 76 41 219 177 201 5 48 61 154 78 12 199 28 76 28 76 70 2
    115 134 224 106 103 99 69 129 223 175 35 136 24 86 164 235 195 236
    162 181 160 52 107 42 251 188 12 193 148 206 123 74 173 113 89 187
    42 185 65 194 65 131 47 248 62 8 252 18 73 199 245 60 53 223 10 67
    50 104 230 83 204 137 156 182 17 65 247 133 83 250 21 6 244 146 255
    64 204 229 194 239 94 140 182 40 2 2 12 179 188 198 55 57 131 110
    236 131 129 45 178 231 81 95 59 159 187 6 203 251 219 133 246 195
    115 242 116 10 166 72 168 114 47 234 168 73 252 188 233 203 198 181
    168 68 57 152 89 62 103 109 249 5 169 86 220 161 71 218 128 153 145
    131 224 239 55 12 48 159 168 163 191 254 206 82 124 176 78 160 155
    224 35 144 104 163 219 138 62 12 36 223 126 156 13 66 251 2 113 67
    80 185 99 122 234 90 165 180 141 244 226 134 41 255 79 127 140 21
    177 238 152 0 41 55 188 116 179 79 90 164 232 146 153 206 20 164 71
    252 209 18 132 24 89 109 130 22 178 180 14 138 176 209 21 18 244 174
    33 197 8 207 142 57 90 159 197 235 125 160 78 65 26 111 135 112 27
    188 251 139 140 218 87 177 205 52 37 215 244 91 75 13 19 68 46 123
    131 77 179 233 26 2 171 234 164 179 131 227 80 53 137 202 149 240 73
    116 151 22 255 115 38 179 160 117 5 136 100 20 205 12 211 111 104 55
    107 206 169 134 165 85 133 151 76 255 132 233 94 12 143 148 16 127
    243 28 73 131 165 160 17 106 70 107 186 213 187 153 217 13 202 213
    57 125 186 178 19 156 13 242 23 92 225 53 23 156 204 29 107 166 67
    48 70 121 58 197 69 75 54 40 223 26 119 174 140 215 234 171 78 36 42
    221 41 167 151 21 181 248 31 47 175 248 232 213 222 7 9 92 172 208
    117 229 43 52 224 217 152 157 6 148 241 20 227 50 251 19 210 252 169
    110 12 98 119 202 8 140 216 63 1 89 234 54 176 115 187 226 3 52 160
    134 9 237 249 198 63 69 49 252 146 115 40 187 122 38 194 201 22 54
    250 83 248 168 192 109 38 177 85 241 11 110 162 99 127 82 162 91 22
    92 29 16 45 11 8 78 109 69 86 144 64 250 181 249 211 214 153 66 16
    28 41 80 93 206 250 175 242 178 56 12 44 30 159 139 193 37 144 21
    241 211 30 96 206 117 98 98 35 238 78 214 200 148 49 199 215 174 130
    33 204 83 202 232 120 15 2 182 183 167 85 216 14 98 188 209 203 201
    129 142 108 208 114 222 199 236 218 139 255 130 205 4 83 113 15 118
    148 205 130 229 9 117 132 246 124 152 53 62 49 68 161 189 228 239 13
    66 4 185 79 153 137 161 179 121 132 123 222 69 239 5 245 127 198 124
    111 2 73 126 106 54 27 197 82 29 167 199 222 5 47 211 113 104 88 178
    95 159 112 32 165 196 90 191 26 160 167 239 225 158 107 127 219 241
    105 146 64 242 31 217 131 25 169 1 169 93 66 119 147 61 3 25 242 18
    195 61 148 168 193 11 9 23 18 114 222 229 58 226 145 153 113 173 93
    37 227 210 117 107 102 6 65 181 217 113 82 5 205 60 106 3 166 214 69
    203 217 87 230 152 62 86 125 168 93 89 198 234 53 152 148 153 72 185
    95 39 64 15 10 124 200 211 56 163 12 19 159 176 195 217 207 88 140
    192 151 3 240 1 247 43 164 201 241 58 20 121 106 120 109 74 16 70 87
    5 3 103 157 251 136 13 231 249 46 232 184 37 115 145 170 160 132 159
    202 148 49 76 227 232 223 14 176 199 142 173 87 117 137 177 32 133
    117 232 111 178 27 246 39 77 210 165 105 221 77 129 192 10 78 255 45
    30 216 73 38 102 194 114 121 85 14 228 235 222 172 35 189 240 240
    159 174 203 157 229 46 66 217 72 199 23 16 149 137 100 112 244 3 104
    136 9 189 160 83 141 103 223 46 140 254 144 158 229 28 2 182 144 105
    96 123 141 236 133 69 59 183 12 200 81 237 74 62 49 114 160 9 91 107
    228 58 99 51 43 63 221 39 8 243 123 131 96 202 115 199 142 169 233
    222 65 24 14 29 138 163 22 94 153 154 67 121 96 111 81 128 17 254
    119 95 62 41 142 156 3 120 86 170 159 84 87 32 167 188 113 137 129
    143 219 174 245 180 207 32 106 149 125 201 241 147 240 3 4 135 78
    212 52 219 21 199 73 80 76 90 155 213 12 69 140 146 208 185 69 101
    59 222 224 179 166 30 115 55 179 197 161 184 119 50 152 10 105 108
    201 171 139 231 231 10 123 118 100 101 103 141 150 42 192 200 59 217
    2 124 132 43 79 82 71 54 169 226 65 167 227 189 115 183 93 113 2 50
    11 241 183 149 51 107 154 37 177 44 57 138 80 25 138 30 247 137 232
    217 248 64 214 201 222 171 213 205 108 25 43 203 238 183 177 67 34
    72 168 247 111 228 122 178 112 49 157 46 247 124 229 243 66 57 71
    124 120 119 173 89 196 215 5 181 198 121 221 164 58 207 2 142 133
    230 100 113 148 82 135 143 204 72 154 16 204 93 144 101 226 32 55
    145 131 175 249 103 184 224 174 68 227 143 215 65 44 211 135 130 161
    100 165 119 201 23 147 220 83 130 110 134 209 76 9 77 159 42 221 124
    184 60 244 55 54 179 98 77 175 87 181 209 172 224 25 185 107 228 148
    242 207 51 250 159 219 96 252 52 54 120 87 68 140 48 147 151 227 177
    63 172 194 218 32 158 56 236 167 78 95 221 7 254 77 137 145 197 172
    168 17 88 251 2 213 38 160 24 165 29 149 206 0 54 198 247 85 183 243
    102 69 102 155 171 27 69 111 51 195 44 32 218 216 175 110 20 27 148
    0 244 140 131 193 111 124 65 127 31 36 166 46 27 89 125 121 251 107
    60 123 249 203 178 94 225 78 165 185 6 192 41 235 38 238 99 26 195
    171 100 252 32 118 239 16 16 2 169 74 139 112 194 88 231 92 185 75
    61 77 22 159 75 237 46 58 202 68 83 19 212 171 252 202 227 37 59 96
    9 77 170 161 215 157 249 54 123 81 120 106 105 45 202 26 214 76 139
    135 120 64 204 124 215 110 225 125 102 62 153 32 138 112 73 46 42 74
    246 182 164 190 133 129 165 195 186 67 39 22 41 90 56 165 114 230
    163 60 149 150 202 134 220 75 158 61 121 172 94 237 2 35 237 199 74
    161 121 247 130 37 53 215 0 216 141 16 173 53 195 120 82 130 2 19
    246 207 199 173 212 100 51 159 37 133 176 240 92 183 222 224 34 87
    166 18 196 252 158 73 56 110 71 130 169 53 150 93 91 232 138 41 182
    244 109 8 118 203 0 139 254 47 237 38 255 73 32 165 226 234 96 83 87
    189 92 26 13 147 27 22 244 35 181 104 83 243 118 114 40 2 181 39 215
    32 191 67 101 156 148 18 1 25 214 200 78 238 75 213 167 155 18 170
    150 8 219 187 6 123 182 28 34 212 88 125 134 82 183 127 23 34 154
    122 94 113 182 140 15 116 253 121 191 234 236 103 118 197 85 241 135
    151 135 229 9 249 36 99 80 101 139 11 214 66 116 42 71 68 63 108 142
    67 132 112 35 165 52 36 228 249 163 190 216 229 66 94 160 144 133 22
    216 171 237 122 32 54 188 86 197 43 93 245 0 179 39 143 65 1 181 236
    25 23 95 16 80 135 86 54 61 101 69 114 200 210 144 131 44 25 51 51
    116 223 35 20 77 196 2 56 25 47 128 60 126 14 176 244 127 115 40 128
    253 195 198 7 79 106 24 251 223 46 12 249 216 228 248 244 49 240 225
    84 162 26 83 50 117 149 185 234 74 13 164 64 40 10 96 208 209 203 52
    198 64 107 97 147 159 41 60 147 26 251 125 217 26 154 51 193 106 248
    233 111 223 133 164 103 61 214 153 18 168 0 96 109 41 161 98 97 45
    60 84 189 212 105 18 190 141 153 105 174 24 109 133 192 39 7 112 224
    134 73 110 92 144 202 91 4 193 83 253 93 12 233 1 60 79 109 75 106
    137 135 217 250 237 169 179 101 35 34 79 208 139 25 135 110 144 253
    92 75 97 214 78 57 120 161 239 188 240 70 232 64 221 129 200 8 161
    160 97 46 214 243 17 25 240 87 163 106 181 216 194 145 182 26 94 31
    99 70 36 14 10 247 106 237 249 40 227 44 56 77 57 205 38 217 104 153
    201 128 110 145 94 81 89 104 228 150 29 65 21 110 206 99 120 53 242
    104 190 47 116 141 109 247 134 170 211 101 243 223 31 140 44 252 100
    180 185 112 44 80 41 113 201 245 193 45 119 95 211 109 48 250 212
    250 220 75 98 165 106 120 141 55 206 222 141 211 1 44 69 187 163 236
    28 170 120 168 90 174 220 32 47 57 144 91 195 84 46 20 238 27 94 209
    158 2 158 21 99 54 24 115 167 213 77 59 178 225 94 54 7 189 76 5 77
    120 139 99 16 0 8 199 194 163 246 32 24 189 181 168 7 195 24 200 115
    40 182 206 238 149 24 163 72 139 246 30 53 124 94 50 167 218 202 136
    150 32 108 146 133 170 99 98 5 25 142 191 250 210 221 206 20 2 136
    178 201 237 163 61 104 251 242 182 155 27 21 247 45 181 13 117 73 27
    70 253 6 143 195 225 231 136 7 106 12 7 3 98 248 119 157 194 45 203
    158 164 5 19 146 43 202 68 237 86 31 26 213 238 222 98 89 135 209 74
    245 38 78 218 50 198 246 246 97 215 72 30 17 35 126 66 245 1 10 151
    78 123 235 216 214 18 139 4 175 83 187 186 17 204 38 225 18 65 177
    49 12 214 217 202 90 5 109 167 245 68 47 249 91 130 41 246 100 198
    16 217 163 149 177 152 170 224 104 49 97 92 226 10 92 244 89 218 0
    27 53 158 85 67 65 48 193 30 236 162 127 2 104 101 228 74 69 114 39
    247 28 243 85 40 30 188 238 179 113 51 146 220 3 137 229 246 67 194
    148 222 90 254 215 222 109 246 201 219 7 51 27 197 187 197 166 99
    176 49 35 243 5 61 137 54 14 157 246 251 136 0 179 161 160 232 255
    95 96 104 34 147 57 226 108 26 187 164 113 150 122 198 201 158 132
    70 140 213 132 150 54 107 155 177 231 5 200 78 216 25 44 86 220 209
    68 84 210 85 140 0 11 25 17 43 81 81 151 29 75 186 13 81 100 50 187
    22 29 2 2 221 207 69 19 28 33 114 1 25 134 215 137 178 211 212 244
    57 6 167 236 102 21 96 131 172 174 157 67 236 242 110 186 101 64 236
    217 180 55 198 69 221 156 231 73 95 228 193 106 67 85 239 169 222
    129 85 124 233 218 251 150 14 71 103 91 2 143 94 33 177 10 32 89 162
    187 77 25 13 22 228 127 50 117 44 81 236 137 97 32 25 210 240 219 30
    98 53 196 14 48 177 89 165 150 55 40 78 141 2 83 57 126 240 183 219
    255 186 200 45 53 131 249 75 86 106 237 67 67 240 59 60 86 28 157
    210 42 88 171 127 60 9 92 110 80 42 188 200 106 19 107 240 24 189
    110 6 28 237 126 197 5 246 199 76 137 103 178 118 153 191 45 30 26
    223 162 176 143 143 77 23 34 109 6 111 129 81 107 180 75 201 30 255
    24 129 117 191 55 81 208 231 50 174 189 155 148 88 223 158 119 2 109
    87 227 209 142 15 232 59 99 186 142 68 57 53 28 224 111 93 49 61 138
    100 179 218 186 68 48 148 107 141 80 98 248 90 222 2 140 214 59 28
    109 163 138 173 191 126 209 79 9 23 125 3 147 23 105 51 49 208 199
    222 128 158 58 223 11 108 30 61 196 136 37 62 117 190 219 180 87 111
    75 126 243 166 203 120 199 215 201 113 91 149 112 215 72 188 228 75
    142 155 97 82 153 94 130 24 144 209 54 47 213 60 99 53 23 139 154
    244 231 174 65 8 110 113 63 121 24 165 107 199 87 54 136 193 249 108
    32 165 195 108 91 194 12 245 190 62 134 231 165 246 228 99 214 209
    113 221 74 127 32 255 217 174 113 98 125 102 220 5 85 217 119 38 29
    83 84 179 12 23 224 78 29 162 132 183 31 42 127 191 229 143 216 191
    33 201 40 57 52 234 135 50 7 236 26 195 39 27 13 23 72 136 206 43 67
    146 215 244 105 140 243 254 144 140 20 88 56 62 212 113 126 205 139
    107 119 140 81 84 187 145 20 22 18 227 241 39 124 57 26 129 204 106
    129 155 14 111 192 132 4 161 180 21 117 32 10 180 103 223 201 92 156
    242 54 34 24 88 86 196 185 108 134 30 198 12 55 229 243 217 106 80
    23 146 136 95 114 6 121 21 140 75 234 6 206 166 164 44 145 221 86 14
    12 74 13 81 9 60 3 53 182 196 39 31 147 83 210 132 37 90 236 157 141
    120 255 25 25 78 112 171 176 164 243 169 126 189 195 137 44 61 189
    106 194 35 120 141 180 44 197 32 248 196 120 113 50 186 178 251 98
    179 83 163 144 94 213 200 48 232 184 191 176 15 148 101 124 70 20 80
    199 74 17 211 6 89 56 107 150 207 199 127 115 64 248 16 51 50 213
    106 22 97 191 113 73 73 8 16 2 168 238 3 81 85 85 202 44 212 18 98
    165 17 210 183 144 5 189 249 135 236 57 107 204 101 33 134 216 135
    218 60 42 103 75 19 144 10 48 56 150 236 27 242 166 179 251 0 55 54
    239 80 130 119 204 75 199 183 173 175 48 251 84 86 160 41 161 55 231
    51 124 17 136 66 183 122 236 215 79 218 62 180 216 75 251 143 3 39
    180 239 34 199 123 21 49 205 167 142 153 49 204 130 61 252 36 10 73
    164 214 92 60 253 183 209 59 4 233 35 10 38 160 129 186 250 63 46
    173 246 238 237 73 248 38 46 173 86 59 152 187 119 42 254 196 43 154
    140 109 148 166 184 254 29 19 73 36 126 233 99 112 118 159 100 176
    223 122 159 200 49 49 173 114 207 10 101 202 186 165 69 155 231 102
    217 188 200 68 180 36 16 102 253 137 210 229 229 35 210 213 88 211
    78 42 166 205 207 52 254 16 134 1 183 70 135 89 49 201 36 128 88 6
    30 141 248 164 139 107 209 96 32 150 243 131 109 22 85 170 175 172
    198 43 102 6 200 54 26 0 215 11 162 101 245 6 235 212 60 42 184 165
    75 65 195 4 72 255 8 12 246 37 105 138 200 79 255 196 2 152 67 86
    105 210 242 153 94 170 88 190 210 91 196 75 181 210 112 166 168 53
    232 157 215 146 144 141 157 238 119 116 187 36 224 71 9 198 235 31
    231 38 181 38 62 41 236 10 170 169 247 28 240 218 182 99 228 117 246
    24 148 155 5 141 76 64 3 111 159 64 114 147 63 166 59 76 57 12 27
    140 115 46 188 114 49 46 122 159 156 118 244 191 155 207 116 244 97
    103 34 178 58 61 63 153 204 65 41 95 34 171 221 17 10 93 124 213 163
    170 159 21 178 9 92 76 235 62 30 123 195 103 100 239 164 63 109 22
    64 115 97 145 183 163 223 207 5 145 15 186 64 184 127 155 205 24 107
    131 23 122 3 214 31 244 114 135 35 226 14 170 141 68 254 119 8 187
    12 32 184 110 39 104 232 191 183 239 81 52 124 203 8 187 121 59 73
    27 96 242 1 243 241 74 228 254 180 46 219 18 109 180 23 85 189 51
    207 142 236 36 33 219 148 203 34 161 123 141 0 14 237 178 66 88 223
    164 179 235 154 37 62 158 33 106 110 140 59 75 237 222 158 125 15
    173 177 21 62 146 95 39 49 47 149 161 86 32 81 60 77 13 135 156 162
    210 219 111 1 119 178 190 118 175 181 36 151 151 233 232 202 105 129
    40 86 54 137 59 93 199 208 57 18 107 223 96 149 182 160 48 1 45 126
    177 71 224 187 244 22 102 169 220 11 25 213 125 98 249 177 250 54 60
    136 103 124 184 255 206 193 197 62 229 69 88 39 166 104 180 244 35
    138 133 10 208 74 139 225 225 84 195 160 204 28 138 135 118 12 161 6
    239 121 149 110 155 216 60 176 190 150 133 75 106 242 43 112 68 147
    200 1 181 101 75 45 201 183 140 78 117 42 245 154 161 172 245 243
    179 224 61 147 17 103 239 78 137 0 45 14 167 119 57 27 154 92 92 145
    154 149 183 121 176 221 225 77 18 181 229 231 45 32 243 46 106 155
    227 62 79 55 155 150 252 198 224 73 227 225 202 121 136 167 200 253
    47 214 50 243 177 195 122 92 1 143 221 162 155 204 225 141 31 229 5
    253 225 207 12 30 23 126 159 54 16 172 202 60 40 241 92 205 164 71
    175 74 89 27 14 252 232 199 115 136 138 154 88 1 86 90 129 141 101
    244 116 25 9 244 39 191 189 157 213 201 147 73 57 33 53 163 150 186
    76 152 66 45 85 120 35 85 194 74 186 43 209 98 125 104 89 251 242
    133 124 147 235 170 244 68 165 180 129 150 233 245 101 153 63 161 94
    58 32 107 79 43 84 175 1 253 91 254 137 56 179 103 126 72 60 244 234
    218 244 37 177 234 165 168 238 55 155 30 187 182 205 47 135 102 102
    169 105 85 58 105 41 22 107 12 105 73 226 119 186 73 28 6 115 181
    164 246 61 122 212 105 29 255 193 105 201 56 255 109 166 17 243 22
    220 93 214 119 99 230 16 228 232 159 83 128 164 206 91 81 139 71 76
    229 174 161 191 6 150 70 47 151 66 20 154 229 20 140 179 12 39 82
    193 165 83 95 60 72 135 36 98 169 108 1 59 157 73 214 175 147 148
    177 43 209 199 20 4 180 122 227 0 76 139 151 151 41 108 90 111 124
    108 115 58 245 91 245 41 175 160 30 184 136 8 23 69 190 47 54 39 22
    195 85 143 157 84 59 60 174 151 171 193 171 154 150 10 198 90 149 27
    187 162 238 6 171 48 5 221 187 236 211 76 60 81 44 53 142 179 105
    159 184 6 19 14 209 73 53 106 205 159 181 113 184 112 85 0 175 169
    121 121 48 40 195 21 49 18 198 43 75 27 239 85 59 202 204 92 213 160
    14 18 136 5 45 163 180 115 224 246 152 37 11 233 197 208 199 217 226
    39 120 34 228 96 243 206 248 227 130 13 130 211 252 71 93 174 195
    159 153 134 196 48 219 140 78 218 45 167 185 232 255 20 172 114 163
    232 69 27 108 56 2 177 87 114 238 98 21 23 151 42 139 131 238 125
    115 206 177 88 87 199 51 234 119 164 135 216 27 152 75 142 136 102
    100 51 82 16 7 91 31 86 154 239 249 187 59 157 213 121 166 160 243
    237 129 147 163 81 174 148 236 157 136 198 185 30 170 163 164 63 147
    182 90 60 110 59 10 4 215 174 250 135 13 227 59 148 46 106 52 239
    214 167 44 222 169 81 70 120 35 209 92 140 80 155 191 52 223 172 88
    105 187 171 88 46 90 3 13 235 161 79 229 102 172 45 78 39 26 236 210
    5 181 190 14 60 244 55 132 88 36 179 22 246 100 236 219 175 61 212
    64 230 139 121 39 14 18 81 8 66 164 223 212 60 137 144 49 220 236
    232 136 73 159 230 6 153 255 85 228 181 70 140 82 46 155 201 20 193
    46 65 215 134 234 71 43 216 108 55 216 19 43 98 20 121 66 214 149
    128 137 158 93 23 137 42 95 86 3 31 138 115 40 243 225 202 75 97 190
    84 149 237 65 77 182 80 76 165 97 136 230 111 181 178 232 173 54 3
    65 135 199 126 182 47 54 97 73 238 75 73 4 26 89 244 9 69 154 142 3
    255 226 220 33 225 129 157 166 38 116 150 122 134 18 183 255 52 166
    42 159 245 68 181 244 167 42 99 147 155 113 195 79 205 240 162 94 5
    197 72 221 46 233 8 121 45 47 109 245 171 216 243 120 51 34 100 238
    177 59 250 80 234 207 150 254 224 19 104 109 198 137 193 96 238 221
    168 193 211 39 209 105 183 177 74 245 35 136 74 226 206 242 8 0 210
    97 97 162 163 181 88 131 234 172 72 168 191 180 169 106 246 254 183
    241 188 231 193 14 34 218 218 161 64 43 149 161 74 135 65 65 3 107
    199 123 141 250 48 113 35 38 137 21 239 127 123 153 93 158 255 217
    86 203 242 3 5 207 173 57 117 52 232 69 53 244 20 0 20 75 23 208 139
    252 241 252 101 181 28 14 2 51 105 24 85 18 3 46 17 139 204 238 250
    95 146 75 53 181 236 68 79 22 166 116 140 204 100 17 21 233 155 16
    131 46 67 182 181 160 244 131 44 124 253 86 168 133 181 27 228 74
    122 64 199 206 183 56 93 120 164 53 32 198 219 160 20 186 24 60 8
    189 213 175 233 79 178 5 218 210 183 58 4 177 228 122 95 20 80 230 4
    130 142 121 179 58 43 154 11 171 80 13 148 252 128 12 124 139 12 244
    27 116 18 226 174 142 236 158 71 183 118 56 178 33 25 154 144 35 146
    174 17 148 84 43 158 39 8 248 48 80 138 209 55 2 191 216 239 58 12
    244 87 111 68 30 235 68 204 64 152 92 208 65 10 84 48 110 212 75 171
    156 55 12 10 209 95 123 147 238 227 12 143 137 250 59 201 172 172
    169 248 9 49 223 53 150 86 7 37 34 242 236 27 87 226 42 99 20 241
    177 139 247 63 68 89 7 253 166 110 146 207 168 73 186 188 24 25 100
    19 39 117 136 155 248 109 9 136 238 231 191 220 199 234 172 253 21
    178 149 44 245 102 224 194 45 211 27 62 29 75 205 124 150 123 110 20
    110 157 11 185 29 199 55 26 23 16 194 99 169 12 227 72 138 140 23
    221 186 219 232 74 190 17 61 19 146 76 165 20 93 96 167 21 122 249
    181 117 175 110 155 162 214 110 22 173 190 236 21 164 71 80 3 222
    254 117 195 28 102 4 16 167 133 23 82 185 7 60 9 64 245 118 1 84 197
    49 115 181 203 88 176 11 177 126 35 217 218 32 70 230 252 188 167 53
    4 202 243 119 70 56 169 193 214 35 235 30 113 10 129 1 246 141 222
    29 16 15 151 124 121 197 160 154 177 177 61 128 154 108 161 166 243
    80 143 85 228 197 73 185 178 236 124 170 127 109 229 91 246 159 226
    239 178 100 93 9 126 181 3 156 20 156 107 74 223 13 198 229 47 116
    37 75 232 120 198 105 232 84 121 172 244 126 61 180 94 144 203 23
    134 49 178 236 100 217 41 63 78 101 215 235 97 77 9 62 45 152 219
    236 2 184 168 115 44 87 237 225 62 129 247 31 175 227 253 175 81 65
    8 190 76 104 45 211 203 131 22 210 215 237 149 205 228 67 120 158
    191 248 107 15 35 83 22 52 225 50 151 23 249 133 118 20 90 215 151
    233 98 26 52 27 48 221 223 134 200 105 121 224 91 189 168 3 193 201
    227 0 193 197 66 93 94 150 117 94 187 0 80 149 116 165 6 119 177 203
    148 224 225 80 144 92 158 236 16 38 218 17 207 172 161 210 141 141
    101 224 48 213 168 67 207 212 115 191 86 172 95 110 23 155 51 194 24
    247 174 104 3 3 158 139 12 178 150 154 73 61 21 73 58 227 102 116 35
    250 8 184 216 204 146 144 42 204 145 198 36 58 46 158 228 153 180
    253 205 33 17 25 176 95 54 122 137 154 191 241 181 243 120 192 116
    253 240 134 218 150 158 241 143 17 9 151 58 114 163 44 241 18 75 210
    144 84 218 139 206 201 151 0 206 174 72 122 33 175 181 119 211 74
    134 119 236 42 49 224 254 161 128 105 86 178 148 164 195 245 62 136
    165 207 21 174 187 165 224 177 45 6 179 108 105 80 242 67 50 23 207
    71 197 206 64 75 233 168 155 0 121 30 183 202 230 237 77 116 254 211
    56 206 143 204 125 180 184 103 48 90 36 196 78 179 176 206 62 243
    163 214 146 213 40 126 187 198 65 135 15 224 199 66 159 195 78 22 75
    75 157 193 115 197 89 169 11 129 234 15 82 49 254 92 21 193 157 145
    33 240 44 232 126 5 242 15 110 246 186 130 89 146 34 173 202 159 158
    220 39 184 151 160 181 145 173 225 239 109 102 191 131 190 44 135
    223 184 67 25 148 70 25 55 81 218 51 196 18 251 208 30 221 148 242
    252 53 92 80 137 214 186 32 111 150 231 89 207 231 70 191 151 183
    137 207 233 157 5 141 35 19 225 11 73 164 142 167 96 161 150 230 211
    25 102 155 218 159 129 48 200 239 56 35 86 75 53 86 73 20 137 246 76
    255 194 173 187 51 30 149 214 67 180 12 153 150 138 199 248 211 159
    183 225 217 190 38 130 210 37 154 27 250 114 137 237 4 86 31 5 67
    224 208 66 164 75 87 128 233 68 208 131 131 36 148 218 31 124 247 55
    154 120 65 76 209 223 93 96 156 223 153 231 76 221 82 18 15 114 27
    185 115 17 164 131 90 147 245 253 185 24 97 214 168 74 38 48 89 7
    153 159 218 184 105 159 9 74 7 101 30 67 183 78 198 76 119 232 78
    152 104 56 183 62 155 147 66 131 13 187 164 151 170 84 65 192 13 46
    46 223 251 183 62 59 32 64 202 216 214 78 6 176 31 114 159 217 60 36
    175 241 84 247 166 9 253 167 52 26 79 138 164 219 235 115 196 224
    161 48 83 196 227 32 163 160 103 69 85 26 45 89 74 121 42 3 0 33 64
    108 45 56 86 41 99 134 35 201 127 75 206 186 180 71 142 114 53 131
    187 57 222 209 49 214 66 255 184 143 3 203 227 184 135 228 131 185
    135 150 10 249 227 202 190 89 165 161 70 17 171 44 231 243 86 147 35
    164 225 90 12 170 199 170 42 96 164 179 148 181 141 149 228 11 97 98
    139 242 133 189 228 153 162 235 39 223 193 140 200 169 247 15 41 164
    11 119 52 37 131 84 251 80 191 255 208 51 131 97 153 31 90 196 47
    166 243 226 150 151 193 66 157 40 45 243 115 95 215 77 7 41 112 37
    220 57 116 2 109 67 92 140 220 252 225 91 235 22 221 221 76 115 110
    207 105 2 192 167 58 15 108 231 192 145 13 102 96 237 142 250 196
    207 247 220 184 105 59 107 239 16 195 68 220 49 248 57 155 5 204 230
    220 243 126 171 133 101 54 206 6 217 106 145 191 141 139 0 66 234 72
    116 115 0 54 84 92 235 88 33 230 239 202 13 198 182 163 254 105 184
    45 26 247 116 222 196 173 220 23 226 249 197 192 180 217 31 157 103
    162 170 34 141 239 46 175 61 197 201 171 197 35 12 9 227 148 95 88 2
    154 242 254 5 68 57 243 185 188 255 49 80 157 91 111 59 53 150 46 84
    56 245 149 214 187 53 26 74 200 209 232 56 252 70 76 234 97 220 161
    117 248 6 159 71 134 27 2 181 212 175 39 190 125 182 62 27 141 255
    45 10 69 2 190 197 132 218 38 165 157 157 66 224 70 103 87 7 148 42
    12 42 46 99 123 58 78 220 68 33 30 200 202 237 104 93 244 36 211 48
    218 148 42 98 42 193 56 78 76 88 114 153 83 48 43 221 72 192 153 56
    210 244 141 147 54 188 201 143 76 74 10 210 146 83 69 163 120 179
    162 252 223 0 158 210 89 113 95 136 176 15 180 37 238 230 167 251
    100 212 254 75 76 239 187 156 214 107 71 154 16 215 36 23 91 250 38
    41 235 99 45 137 57 187 38 80 67 75 247 235 135 55 250 148 84 94 74
    236 73 116 133 36 243 82 138 247 51 16 151 103 27 86 245 203 0 204
    250 148 178 35 120 200 239 19 197 19 10 58 159 46 218 242 75 113 246
    149 189 236 100 158 205 53 109 35 119 94 30 13 90 71 91 235 147 66 7
    74 97 38 111 97 182 95 215 123 86 236 178 92 254 203 163 193 196 122
    175 133 127 55 87 231 203 96 194 245 167 14 81 31 53 79 63 227 84
    222 131 80 130 196 42 23 16 162 187 11 123 175 103 125 132 24 143 97
    47 128 41 136 139 246 92 208 127 77 56 239 73 202 121 2 85 232 236
    153 55 139 107 40 18 83 214 74 172 101 31 215 227 164 113 121 80 232
    172 253 207 44 12 232 212 29 189 74 118 102 29 166 246 88 73 171 94
    56 228 227 43 5 242 189 157 88 6 206 47 170 88 31 243 251 160 180 78
    120 235 214 158 138 19 79 208 215 169 162 208 96 246 241 235 7 253
    171 53 199 105 23 141 252 253 214 148 169 253 115 30 36 100 140 192
    119 189 153 114 179 25 71 145 181 137 229 85 171 57 164 231 205 3 24
    187 231 223 123 0 0 171 179 131 148 205 157 181 154 237 204 149 68
    173 231 114 56 174 13 42 130 89 29 126 125 111 136 102 155 90 128
    198 77 10 160 59 42 172 172 25 19 197 122 15 244 173 148 21 166 235
    34 149 240 198 69 55 243 86 87 42 197 166 111 113 205 202 100 167
    237 114 208 114 73 59 60 155 231 232 148 25 86 55 68 69 135 2 9 29
    119 138 184 72 140 88 50 172 39 97 46 227 79 73 246 38 130 152 182
    50 200 119 226 53 28 120 144 26 182 64 60 203 75 113 237 147 18 31
    160 232 30 211 37 167 172 144 21 14 55 50 52 192 14 156 166 98 101
    170 175 250 74 139 70 224 44 78 237 244 200 240 207 12 179 72 247
    216 97 173 63 115 2 144 205 149 76 159 248 40 5 216 72 36 141 94 88
    191 189 197 230 165 192 204 139 52 9 227 196 33 112 202 168 63 213
    80 48 53 153 206 75 61 192 54 22 249 2 1 187 6 243 1 187 181 24 224
    98 84 39 50 168 158 152 184 100 175 75 55 148 20 102 42 182 12 253
    199 145 68 180 69 159 105 44 137 247 129 77 210 247 149 23 249 252
    136 162 213 75 84 227 250 72 166 25 236 122 175 80 195 129 87 252 24
    116 212 215 205 17 205 93 66 58 163 194 148 175 27 91 176 105 37 150
    7 146 254 47 244 212 188 155 54 45 81 18 33 36 247 34 39 89 130 222
    222 163 18 244 50 159 128 249 182 11 147 6 131 56 2 67 50 242 141 80
    43 138 125 85 103 123 8 218 215 111 77 69 98 183 157 72 11 61 102 40
    253 103 185 17 207 242 228 58 79 137 248 48 111 74 92 146 118 186 49
    113 13 144 4 104 44 219 217 76 162 192 246 52 255 63 134 32 202 68
    27 43 130 233 234 247 26 124 69 24 243 219 131 124 53 227 139 123
    196 240 29 167 252 78 81 179 27 236 202 164 244 212 195 217 243 15
    218 164 59 58 168 236 50 40 120 105 82 121 8 208 132 247 179 24 65
    111 247 34 43 241 163 126 224 104 40 124 184 229 16 196 195 4 45 114
    43 131 183 176 139 162 49 61 7 163 94 233 160 79 206 216 193 114 135
    187 83 170 103 188 75 102 49 123 85 19 165 117 60 252 77 0 54 26 112
    208 197 135 25 66 80 178 27 128 130 0 211 88 50 216 168 157 188 46
    164 110 84 34 163 9 196 69 156 180 201 241 169 145 196 72 191 80 16
    87 25 118 110 227 229 164 144 54 134 82 81 90 175 173 250 77 188 154
    155 154 117 230 204 182 147 69 216 5 37 83 203 21 85 132 222 206 85
    104 235 31 79 187 16 22 113 210 123 20 134 151 108 6 127 195 173 108
    245 137 223 155 195 96 195 61 148 86 49 71 127 46 185 198 132 90 129
    30 167 46 63 30 217 68 48 254 235 77 62 223 23 159 227 155 21 190
    142 100 68 167 107 215 212 2 35 119 39 185 135 20 249 186 7 22 112
    41 203 40 238 223 226 240 55 179 150 248 26 179 81 73 228 151 233
    169 226 103 18 129 49 210 70 78 4 243 69 33 126 7 154 83 110 5 48
    221 205 170 29 109 168 60 38 51 139 24 27 224 99 107 91 31 3 56 200
    194 199 172 160 216 169 229 242 162 84 158 245 90 149 82 130 126 214
    79 230 89 96 115 54 4 141 1 140 244 78 97 218 175 156 37 127 193 34
    229 109 198 233 46 232 78 227 135 248 226 250 142 163 159 96 58 77
    184 69 97 5 9 142 238 173 182 235 122 99 164 197 23 70 125 218 47
    210 80 66 24 216 224 237 25 112 144 236 173 195 209 205 107 11 215
    205 253 254 187 114 128 23 210 206 172 242 13 139 51 187 70 244 79
    250 140 229 88 85 160 138 109 198 133 138 6 141 54 24 249 184 120 21
    35 92 1 91 147 102 30 190 138 180 71 45 203 241 240 85 254 159 200
    221 179 43 142 2 41 51 146 20 234 54 16 169 163 92 103 39 246 56 235
    218 8 63 247 254 18 162 74 170 64 241 67 205 193 163 213 78 98 173
    55 190 138 39 202 221 165 242 154 250 77 10 145 27 40 86 157 62 231
    42 10 89 110 238 141 252 206 191 41 84 169 47 104 39 64 128 180 152
    142 114 156 122 73 15 112 159 195 190 38 130 175 229 225 133 134 104
    236 34 33 228 117 212 60 87 208 33 141 108 170 73 95 248 31 56 79
    199 28 253 70 52 17 207 209 169 143 96 38 101 131 95 181 186 60 157
    88 58 189 71 22 19 22 47 180 84 57 168 43 246 243 35 237 111 112 159
    174 67 221 251 147 85 63 58 51 231 250 47 4 136 62 109 112 205 141
    250 202 246 123 24 189 42 245 67 113 233 91 43 113 38 147 105 244
    249 119 31 212 208 197 233 31 41 44 132 162 28 243 70 43 70 155 69
    178 115 149 245 17 3 226 143 136 72 88 45 146 0 126 14 61 60 11 11
    141 152 204 191 230 26 101 202 81 176 241 41 104 69 211 186 147 115
    92 253 63 74 166 52 50 143 102 160 44 15 190 205 187 173 169 128 95
    42 88 85 140 160 249 95 59 244 12 190 101 242 138 14 66 34 81 132 56
    17 195 247 135 176 94 26 208 107 114 207 164 232 235 123 67 184 180
    251 252 83 249 112 51 33 81 148 107 135 28 44 176 252 163 76 38 126
    54 67 72 118 149 216 110 229 121 95 116 235 148 182 186 200 0 103
    165 62 123 154 241 132 135 88 50 9 209 162 87 230 223 59 189 117 30
    130 202 106 75 40 201 3 34 51 116 234 84 244 89 161 29 166 6 123 99
    204 25 246 5 44 182 66 193 148 4 170 211 113 228 61 64 148 188 210
    238 43 119 224 217 158 145 6 52 38 48 187 75 76 210 187 52 250 177
    205 91 29 164 133 81 175 159 216 177 63 144 85 219 68 227 22 220 78
    95 53 21 254 141 143 81 151 186 151 201 85 242 85 15 105 61 122 148
    242 15 60 246 119 100 12 197 35 25 102 109 250 79 103 152 145 204
    146 48 135 226 80 14 94 75 22 141 144 50 8 204 180 49 32 158 247 2
    161 1 230 249 142 240 28 23 104 1 111 205 42 8 227 34 204 246 146
    162 63 27 55 173 155 13 216 109 6 191 208 0 21 72 5 255 143 92 10 23
    96 45 176 46 226 163 101 53 52 8 61 214 118 29 34 145 117 244 131 60
    168 199 56 114 68 149 116 136 60 106 198 116 109 20 236 19 46 20 47
    35 100 54 72 47 167 29 149 42 71 103 61 150 171 125 26 249 246 184
    103 32 62 179 173 38 171 123 200 250 7 207 62 144 111 27 109 154 40
    143 16 14 188 254 153 132 139 45 110 153 102 140 181 247 147 167 69
    212 67 154 232 207 56 249 18 191 78 52 131 43 18 230 213 152 127 211
    243 232 155 110 198 12 18 38 145 126 161 215 53 238 218 162 216 163
    208 206 21 88 151 243 230 227 177 216 204 198 229 19 92 164 48 1 109
    133 101 129 233 199 138 191 102 77 140 142 231 86 65 105 174 240 60
    22 201 12 88 160 156 197 105 67 46 12 110 230 87 108 179 95 109 138
    196 240 100 18 214 110 133 103 143 109 147 77 216 121 180 237 221 81
    141 155 11 91 18 222 177 58 121 108 139 130 86 223 22 39 66 95 4 36
    176 20 40 160 42 6 206 123 129 247 18 82 156 203 65 227 72 250 73
    221 43 161 197 116 245 97 55 37 132 240 146 195 20 79 83 171 154 152
    104 124 104 164 34 179 196 197 42 19 193 111 24 131 17 47 65 29 168
    139 14 230 132 208 73 215 7 63 24 4 187 251 207 164 234 166 118 253
    242 77 151 44 105 85 101 213 25 143 17 110 54 67 28 85 164 197 30
    134 102 152 134 249 232 106 90 159 91 17 240 49 6 235 2 210 114 110
    231 43 25 58 117 160 233 1 198 72 79 121 105 54 210 32 11 147 186 36
    146 196 175 141 70 250 109 117 59 52 180 14 65 121 161 183 44 22 116
    123 246 198 1 126 107 238 67 90 28 157 96 154 179 31 244 133 177 71
    140 110 134 233 168 47 250 53 56 93 116 141 74 56 209 214 64 146 82
    96 160 85 216 127 132 15 88 23 206 225 229 36 200 146 162 143 104
    233 28 126 213 100 69 215 86 139 106 225 102 58 246 108 101 193 228
    131 69 32 62 119 94 53 201 247 90 37 67 35 152 137 127 169 74 239
    202 47 37 124 10 144 176 149 222 65 114 187 146 136 185 88 38 229
    194 248 197 89 158 160 226 22 156 99 231 118 81 110 36 218 154 59 82
    173 62 48 178 64 116 112 242 6 38 228 61 82 198 48 188 33 205 203
    176 56 159 230 225 117 21 206 28 247 110 51 77 76 161 163 154 253
    161 85 238 59 249 52 248 130 133 22 147 149 67 49 48 155 127 92 119
    75 149 214 44 125 255 81 149 170 76 63 174 23 37 193 103 40 207 132
    208 42 92 193 160 173 33 188 54 210 86 213 97 77 104 170 85 119 191
    207 224 196 202 131 216 60 163 204 12 249 220 215 192 44 86 147 168
    131 63 233 31 19 157 97 159 4 88 45 40 1 3 89 62 2 97 216 183 3 59
    235 231 119 154 6 39 110 91 44 64 169 43 1 223 234 235 191 222 255
    14 145 130 233 70 57 195 215 186 156 112 183 68 153 2 74 43 204 253
    46 110 114 56 42 185 130 24 97 78 201 250 209 71 208 254 167 189 136
    151 239 218 224 55 87 247 53 31 114 248 90 115 107 204 243 97 224 13
    197 129 172 153 44 15 220 139 86 198 79 129 82 209 154 141 0 48 146
    215 169 234 150 77 122 132 70 173 64 196 63 31 58 162 41 213 42 71
    240 167 130 34 243 124 31 249 175 248 208 49 2 148 250 110 177 84
    211 201 229 251 46 87 20 25 81 44 25 209 84 248 95 95 77 88 56 30 24
    208 200 167 9 122 135 201 69 84 103 166 57 30 8 206 171 134 101 121
    170 68 235 148 13 214 76 216 137 45 99 255 77 192 242 18 85 154 115
    128 175 193 125 30 125 9 113 129 66 22 106 80 170 242 131 18 108 231
    207 117 239 54 38 166 68 38 204 195 142 243 159 132 155 173 63 71
    172 131 96 202 34 253 27 135 238 164 153 25 174 12 95 20 74 247 66
    85 114 102 54 217 122 18 122 126 110 98 146 180 43 245 127 237 234
    185 126 111 5 133 189 179 159 128 49 80 64 157 25 164 79 180 83 81
    54 10 146 18 217 129 206 85 126 16 177 116 186 171 130 122 246 15
    114 53 134 173 247 230 113 84 149 133 210 31 69 23 112 49 57 106 55
    248 122 5 54 172 85 137 243 23 140 53 137 232 181 22 191 9 172 97 72
    23 132 220 96 153 152 139 31 174 188 11 91 47 180 213 53 187 32 226
    246 70 243 182 129 154 195 219 110 229 139 233 33 104 94 20 85 46
    141 200 79 46 26 65 77 201 217 90 128 31 111 38 193 52 31 146 69 221
    98 223 2 189 27 207 47 62 74 29 228 193 89 121 192 235 255 38 94 117
    23 248 31 132 65 219 169 77 220 98 139 37 216 183 32 30 9 10 240 118
    40 7 176 198 94 188 210 203 202 110 225 160 22 16 3 48 232 91 195
    240 249 41 211 128 251 204 58 39 70 137 66 92 245 27 244 19 159 35
    27 193 22 77 80 233 192 159 158 46 52 13 121 92 221 213 214 57 253
    251 39 106 79 32 92 239 27 213 121 220 160 71 237 59 250 73 36 144
    187 69 169 72 170 226 95 41 246 145 178 112 203 247 20 217 223 19
    227 166 231 19 241 19 185 105 203 81 141 39 178 43 161 97 69 61 90
    123 117 98 223 1 219 13 54 128 162 25 46 124 167 194 232 104 190 151
    226 67 220 221 5 21 159 16 255 17 183 6 232 138 251 148 37 40 38 14
    141 114 151 152 67 120 162 93 228 26 80 145 158 204 111 128 39 173
    74 56 243 243 5 245 99 200 245 134 115 140 15 120 81 122 24 47 128
    228 157 84 189 204 179 198 85 255 195 23 200 57 0 168 152 91 158 181
    246 44 237 194 147 68 79 102 20 142 208 171 77 104 57 23 113 110 35
    5 146 96 108 163 102 212 125 132 110 50 161 137 72 54 89 48 149 51
    168 4 17 8 18 115 212 252 133 240 12 210 195 61 108 51 18 94 202 196
    17 58 148 186 186 156 66 29 46 216 233 93 87 2 110 249 179 134 174
    127 212 208 213 250 30 212 24 188 34 33 159 41 179 17 204 247 90 96
    58 132 191 157 251 147 83 81 15 112 59 171 249 71 54 23 40 21 71 122
    160 160 79 79 139 73 45 226 80 103 83 103 4 217 57 18 190 103 93 193
    241 20 51 86 181 97 233 8 143 81 221 124 36 108 64 54 48 119 71 254
    122 15 78 155 48 250 162 54 42 105 136 209 65 195 80 182 12 203 216
    42 8 244 188 203 241 64 69 255 35 59 178 249 20 36 252 26 137 161
    219 194 203 59 238 30 218 218 87 114 9 77 181 154 56 233 247 67 73
    181 173 193 22 78 196 84 40 203 23 125 80 144 137 39 47 153 44 59
    202 54 227 239 39 29 40 162 82 187 15 182 13 10 123 88 72 189 112
    203 15 87 31 54 103 202 220 245 3 128 186 200 165 237 241 77 3 119
    155 176 7 122 107 130 38 207 94 35 155 50 162 84 191 133 89 198 36
    44 75 162 189 123 53 230 110 238 212 213 100 170 212 206 3 141 42
    240 137 230 127 58 88 172 193 27 225 38 153 221 37 6 78 134 135 200
    106 157 99 225 45 21 79 131 247 137 234 94 109 8 162 35 90 49 116 20
    87 134 83 51 183 132 117 185 179 147 184 211 58 194 56 27 175 63 233
    204 126 227 51 131 74 79 183 3 206 119 67 187 104 216 67 119 44 102
    134 156 51 67 62 79 154 77 193 181 24 134 77 112 0 201 10 78 110 194
    13 28 221 231 121 31 58 204 4 162 15 76 246 191 74 137 214 155 115
    28 213 64 148 0 191 241 222 194 249 17 195 90 44 57 209 92 64 178 31
    147 72 97 237 56 54 199 71 69 203 184 85 4 98 105 243 182 158 33 149
    42 241 132 30 93 40 104 52 201 226 40 120 220 119 149 59 215 30 218
    52 89 230 34 131 122 206 152 185 60 134 1 215 198 110 182 217 84 156
    47 241 183 58 27 129 158 231 175 55 180 126 133 192 62 193 130 233
    127 132 201 8 175 198 205 203 47 213 117 255 203 79 62 80 72 6 249
    125 126 82 176 210 6 98 244 65 13 33 61 209 32 101 83 202 66 90 36
    213 87 239 195 76 62 252 78 194 51 166 84 144 246 215 141 106 73 79
    142 5 50 31 131 226 238 202 224 176 106 19 123 51 123 80 236 189 209
    175 139 246 194 165 13 27 169 221 116 255 1 239 27 139 92 48 124 253
    210 248 22 123 174 0 156 82 30 12 138 192 46 168 145 67 255 195 193
    165 223 26 164 237 100 10 107 4 67 229 64 230 188 167 247 110 125 34
    22 98 65 20 146 100 88 168 166 190 234 5 203 244 254 96 174 240 81
    78 53 178 39 232 177 58 117 234 34 174 245 72 190 145 169 137 205 60
    126 40 47 2 99 122 120 148 139 74 132 108 20 36 45 246 136 43 222
    188 156 250 179 176 2 28 124 4 131 249 133 171 135 191 79 214 80 242
    187 198 52 185 142 99 233 159 181 201 40 68 209 144 53 6 250 222 159
    82 164 209 4 35 185 241 189 2 13 83 98 102 123 245 208 16 17 194 165
    107 103 191 3 153 118 138 230 183 38 143 248 77 128 40 192 231 2 46
    71 160 66 27 204 236 172 58 46 111 247 42 115 46 225 130 182 160 185
    49 40 54 27 22 44 185 17 167 110 21 145 168 173 233 8 41 112 81 192
    201 209 73 92 243 111 248 57 152 181 74 165 244 230 195 129 200 174
    76 170 246 20 164 143 175 103 50 46 24 63 108 227 168 3 85 178 78 73
    157 90 129 138 158 164 209 26 95 35 11 56 39 218 127 85 54 69 77 118
    252 156 251 43 173 187 69 58 198 223 134 48 64 75 10 40 63 93 79 63
    98 228 125 75 47 97 191 3 69 159 212 227 99 59 131 45 160 254 98 233
    175 56 216 59 40 148 192 81 215 137 177 26 242 84 109 54 1 129 143
    217 74 209 132 234 88 174 78 138 154 147 145 223 200 201 200 16 31
    156 228 142 152 193 53 129 184 48 240 68 243 32 205 78 120 3 104 46
    147 197 89 112 167 209 22 79 123 142 3 183 30 210 51 11 225 145 34
    241 109 175 255 178 95 51 124 140 212 194 172 222 246 178 126 92 3
    159 160 206 115 3 51 147 0 95 255 131 216 147 116 217 97 97 226 181
    212 23 62 104 178 65 48 3 166 93 46 201 60 100 248 168 78 217 81 54
    166 30 72 116 40 34 50 254 252 117 197 233 156 145 218 157 109 48
    238 136 45 222 237 145 67 187 17 122 216 202 27 43 112 219 14 16 102
    123 206 9 111 162 117 121 124 186 60 199 35 69 201 190 12 102 106
    246 201 216 148 59 58 73 17 228 245 60 11 7 255 87 119 212 129 174
    70 42 218 236 5 180 81 127 120 245 183 156 114 171 27 103 39 204 104
    243 79 100 160 114 209 66 137 164 40 50 202 218 185 35 177 116 56
    253 108 31 150 8 50 214 56 9 125 205 175 133 240 181 9 232 108 84
    112 153 161 236 159 182 20 81 43 195 6 12 16 101 242 19 3 170 38 239
    99 143 86 29 154 142 26 184 147 62 136 218 165 154 57 186 35 242 146
    71 103 232 147 210 114 252 103 171 117 95 241 68 8 39 90 133 220 132
    112 176 46 159 58 187 116 178 67 99 153 250 194 14 235 29 112 62 164
    150 24 223 34 97 31 104 159 0 127 227 80 177 76 148 254 57 220 114
    241 129 88 140 58 15 102 151 57 132 62 217 170 144 106 254 41 191
    155 66 102 141 207 142 69 87 123 180 0 133 8 156 184 94 200 205 126
    190 11 173 154 58 175 5 101 17 54 64 10 230 52 144 99 33 193 161 134
    138 168 172 175 96 252 111 78 122 190 243 36 41 135 68 16 104 105
    222 65 40 192 209 85 228 190 56 193 224 18 94 171 100 45 120 115 164
    2 9 174 160 137 180 62 91 18 106 203 145 84 113 224 62 128 17 165 17
    89 46 176 17 225 129 209 131 227 35 239 42 62 201 232 100 166 34 207
    182 195 11 50 247 225 203 195 128 34 170 146 211 214 90 193 70 31
    198 130 1 43 143 247 175 96 72 21 129 113 88 21 192 180 187 4 123 70
    46 86 238 84 236 199 77 134 55 254 201 120 236 205 248 46 238 229
    143 207 47 174 168 20 75 198 202 56 45 70 24 43 186 164 59 38 229
    140 152 114 254 78 224 33 74 120 241 0 185 0 3 214 139 186 214 235
    169 240 67 160 102 43 2 95 217 163 97 166 207 241 181 40 54 72 231
    158 227 10 186 226 54 156 110 253 39 90 225 73 31 130 5 246 150 172
    206 18 115 0 77 96 211 92 184 32 226 169 104 48 200 188 33 60 223 24
    124 201 40 200 167 61 37 101 47 16 126 16 220 237 212 74 173 147 111
    253 136 121 155 68 225 46 77 108 84 114 11 216 150 137 90 201 3 247
    40 222 149 95 30 250 36 12 64 57 62 192 153 208 24 181 31 50 182 243
    117 211 189 7 64 90 80 4 16 22 76 123 127 245 159 47 194 240 0 162
    49 46 17 15 14 199 176 174 90 144 240 202 111 243 196 84 228 186 241
    174 255 65 7 129 46 175 52 200 111 156 62 91 118 165 102 144 221 87
    132 182 12 23 144 146 196 240 123 111 37 20 79 247 81 196 23 119 209
    213 153 143 69 176 157 163 62 39 143 35 74 200 175 22 229 236 3 250
    2 184 30 131 66 171 75 43 32 112 147 136 135 199 250 27 4 166 158
    121 253 230 131 240 205 170 173 205 73 72 132 187 160 56 137 196 96
    170 120 99 105 96 207 56 85 229 174 60 187 202 134 0 253 176 135 108
    167 118 132 93 92 138 102 69 81 118 214 228 72 119 93 185 189 236
    103 91 167 199 223 208 205 176 175 245 76 176 59 111 136 79 117 94
    211 16 172 204 179 73 192 112 209 119 137 21 129 179 121 98 70 103
    205 34 173 98 174 100 209 91 75 97 159 70 132 99 88 87 244 209 231
    57 123 208 254 72 166 159 255 18 102 91 92 249 230 90 122 213 185
    181 87 200 252 7 62 126 251 86 205 196 165 208 216 34 97 156 154 36
    193 73 45 206 61 92 72 211 189 29 113 207 73 170 80 15 193 211 32 52
    72 216 132 222 49 0 25 61 55 191 227 105 32 22 160 199 128 22 94 141
    15 228 116 51 59 220 137 103 233 101 248 231 110 70 219 79 229 92
    209 176 8 98 229 224 59 134 77 9 187 245 138 98 5 82 127 64 145 39
    123 40 104 238 86 168 92 220 112 196 17 21 130 79 233 94 231 206 72
    132 46 239 189 97 84 107 131 49 139 224 23 234 230 24 253 122 243 2
    31 130 123 186 106 172 162 28 188 140 243 217 123 225 248 144 101 71
    138 97 183 216 114 63 20 88 234 223 136 36 170 169 239 123 96 3 61
    26 10 30 127 235 211 164 124 137 187 125 230 110 216 4 248 21 222
    119 66 162 230 61 227 175 60 238 194 104 71 51 18 229 16 61 154 200
    102 236 181 224 180 196 39 225 191 43 211 206 233 216 129 100 119 92
    219 5 159 78 19 122 9 132 247 162 126 145 82 194 202 138 135 1 86
    164 29 14 195 92 91 198 146 62 30 222 201 134 168 245 215 74 144 127
    124 39 181 105 53 221 143 130 204 205 182 234 45 160 137 160 234 221
    255 100 74 60 19 205 233 217 55 91 148 7 168 72 235 56 95 103 251
    222 4 205 94 158 110 80 51 5 130 187 192 0 163 152 19 170 188 228
    162 177 212 187 2 254 64 238 24 60 20 240 166 157 9 37 144 102 0 175
    11 46 8 223 150 197 136 134 195 223 241 237 188 245 109 80 177 136
    84 42 38 58 183 193 21 87 11 181 47 253 34 247 7 225 103 181 196 149
    116 90 102 50 158 9 194 192 124 28 14 48 124 196 0 51 129 50 33 243
    77 59 8 237 41 116 248 140 199 14 146 202 252 32 24 89 121 100 38
    210 22 39 135 86 241 66 152 95 4 43 13 227 117 102 213 200 82 57 237
    201 172 104 93 238 191 105 68 149 17 129 183 62 177 217 2 54 95 64
    172 125 50 99 96 153 82 50 76 151 91 7 89 199 150 193 110 193 4 45
    106 24 201 126 29 179 9 150 82 106 186 67 39 105 18 232 153 140 168
    25 40 245 166 225 44 174 13 143 153 110 137 56 107 41 131 85 4 34 76
    32 164 28 9 70 151 74 28 78 251 121 6 229 62 148 240 235 201 191 18
    170 242 179 40 180 168 227 167 36 154 230 164 208 14 72 16 255 61
    163 69 88 223 228 50 156 35 127 249 120 10 123 254 254 193 83 75 204
    2 147 25 168 202 18 115 88 162 63 123 231 17 131 15 163 49 104 242
    247 201 107 241 39 94 42 4 27 245 197 105 78 23 52 45 33 9 208 155
    44 198 156 236 9 223 174 218 115 167 190 171 50 145 144 225 136 58
    165 137 208 199 74 72 190 99 219 239 92 183 0 24 1 170 43 95 34 170
    248 127 149 168 41 84 87 201 149 182 134 180 188 52 200 47 55 247
    137 19 254 180 220 106 236 201 17 52 54 108 124 162 62 60 125 154
    187 24 3 248 64 219 131 182 43 185 48 4 36 202 20 236 102 14 232 229
    65 154 170 248 138 228 65 125 3 35 13 63 49 96 65 138 117 11 244 15
    85 66 211 175 166 212 74 75 193 177 130 176 22 183 90 111 130 249
    236 119 217 120 184 22 231 230 162 163 72 175 137 20 229 4 144 141
    148 55 202 89 187 249 22 76 166 51 144 207 128 79 62 175 210 177 244
    74 90 233 240 106 255 134 124 61 174 191 134 55 2 163 213 62 105 109
    184 85 230 101 73 141 134 208 255 29 172 13 158 195 73 76 225 221
    171 194 245 6 222 237 31 183 110 242 157 32 111 72 146 69 174 215
    171 196 225 166 103 10 27 179 171 69 65 109 180 100 65 253 218 211
    189 192 36 163 147 56 236 233 158 14 124 111 156 110 56 224 234 110
    122 89 237 2 177 172 116 135 35 218 188 99 199 159 179 7 40 216 126
    62 136 212 219 119 27 64 217 251 105 149 38 61 26 67 89 192 233 49
    34 247 124 39 128 155 56 208 112 105 35 113 128 211 162 89 161 20 93
    242 237 255 39 217 233 212 225 113 227 240 19 184 194 42 59 133 15
    151 23 62 29 2 58 194 76 134 110 222 110 236 76 215 166 235 51 191
    192 58 202 42 137 47 72 15 151 87 105 23 160 135 247 139 21 5 50 168
    69 197 208 9 0 126 134 37 72 153 127 133 125 105 94 44 108 32 179
    205 207 122 35 20 40 79 74 10 15 235 226 113 137 132 111 158 247 46
    195 20 200 157 53 187 96 187 118 180 56 189 67 201 190 192 153 142
    67 118 120 73 88 201 53 1 19 201 221 236 127 155 69 234 247 176 204
    67 13 223 100 134 140 210 36 0 94 92 163 49 194 170 95 232 118 61
    166 56 121 63 163 209 24 88 162 95 180 198 154 61 83 82 236 229 168
    129 59 69 108 230 196 62 65 142 131 48 128 251 3 252 243 199 245 117
    156 10 28 57 235 12 250 65 116 176 249 83 27 83 132 227 237 93 98
    252 89 216 29 120 81 167 121 166 145 131 222 165 24 73 176 1 83 196
    231 26 23 246 9 104 136 177 78 220 105 240 21 223 174 199 77 234 102
    148 104 199 54 155 200 115 193 161 132 93 16 246 129 40 37 113 219
    63 121 168 182 50 11 197 252 137 53 117 245 122 139 28 196 111 243
    25 36 90 165 164 160 178 87 136 246 205 137 210 251 228 200 7 178
    163 84 76 59 198 246 118 62 116 214 78 54 9 243 33 255 131 203 48
    212 157 171 64 29 99 58 75 72 90 117 63 77 143 42 29 230 197 144 178
    144 32 18 150 12 108 229 15 137 148 57 32 162 248 209 219 219 30 120
    8 34 188 174 93 15 246 40 128 21 226 74 73 218 93 205 73 81 169 9
    221 44 41 91 201 162 182 167 182 140 243 77 163 85 90 206 198 158 89
    69 194 96 187 8 71 203 186 208 255 20 217 58 155 18 195 60 150 137 6
    197 101 103 76 160 16 55 11 254 24 59 9 46 107 126 255 31 131 168
    215 254 214 172 219 217 68 135 53 70 112 85 101 110 192 227 164 74
    234 165 209 37 59 49 82 90 66 51 113 186 112 131 18 244 4 70 233 62
    120 166 218 178 67 120 116 255 226 181 251 50 211 149 129 255 28 235
    93 144 249 207 63 233 116 37 49 188 242 228 34 213 163 188 242 79 52
    251 57 33 113 222 187 55 228 200 99 42 49 209 189 196 123 72 122 51
    73 255 219 9 20 105 51 51 11 103 32 39 175 194 120 68 197 91 3 247
    128 181 127 162 74 1 54 86 4 159 101 223 12 108 12 92 243 158 218
    117 213 1 18 5 179 105 29 103 41 13 254 214 32 101 24 254 177 171
    106 15 48 180 133 137 107 193 170 250 215 130 40 154 197 189 42 30
    15 3 7 214 157 203 102 120 159 116 240 119 87 112 96 220 243 171 237
    72 80 174 72 81 104 12 168 244 66 61 199 167 154 74 246 138 77 6 17
    219 166 6 206 207 135 48 231 17 208 36 136 157 245 69 26 110 174 95
    34 158 161 189 238 254 157 31 160 132 55 90 84 241 125 192 83 8 103
    84 126 23 85 83 255 90 67 83 230 59 98 10 237 38 88 67 122 232 227
    238 56 85 34 31 232 235 187 158 29 231 218 203 82 152 253 47 213 50
    172 163 219 232 86 5 127 33 14 230 254 239 239 190 217 64 199 61 227
    42 107 94 160 200 138 211 178 232 240 169 77 192 86 78 119 191 127
    43 153 239 72 204 185 13 87 136 81 81 85 92 161 151 236 152 200 178
    9 26 23 100 7 24 142 165 231 206 159 125 81 15 165 8 136 215 31 226
    29 14 114 248 62 154 83 60 72 2 24 166 38 220 9 80 220 173 239 142
    65 61 90 124 63 28 209 86 30 173 46 182 149 111 87 41 127 78 230 235
    145 30 178 200 165 201 55 155 137 238 97 221 121 198 77 135 142 59
    63 67 78 22 167 207 81 241 142 8 58 8 52 65 136 88 201 233 79 154
    204 199 216 132 208 81 147 102 108 136 103 29 106 53 217 197 39 168
    189 171 67 15 228 246 161 194 214 38 183 237 176 94 147 184 137 12
    52 231 193 239 148 169 240 171 59 17 230 204 84 52 231 5 221 35 162
    171 130 78 80 89 31 233 236 115 149 1 165 226 206 228 35 214 222 145
    92 249 1 88 80 79 154 62 58 189 186 120 75 207 115 236 231 229 55 38
    209 12 59 93 109 240 193 62 70 213 200 144 167 209 103 219 145 45
    161 164 50 193 92 70 116 201 72 57 189 1 135 154 157 218 1 252 210
    77 25 10 240 113 35 185 230 70 77 132 181 228 145 3 245 140 251 175
    106 120 23 51 174 245 56 15 254 69 153 214 212 232 82 0 212 178 140
    143 93 94 35 103 8 127 246 144 85 219 188 99 32 32 176 204 202 71
    229 99 139 57 235 178 12 218 132 38 82 85 247 215 8 72 48 170 98 252
    34 157 85 171 30 92 56 93 192 143 90 209 172 139 198 237 65 138 28
    220 178 192 38 135 17 131 72 245 41 179 194 219 79 213 213 157 149
    233 99 183 38 250 244 57 78 170 126 17 23 125 52 92 210 209 12 8 249
    21 188 177 66 144 237 85 233 95 169 86 143 68 95 136 181 132 118 230
    176 60 188 90 195 79 158 165 214 88 1 146 169 153 172 6 123 208 86
    24 185 145 193 2 249 92 11 35 153 32 89 223 101 32 185 144 221 247
    50 232 144 82 146 107 30 200 63 124 200 205 147 60 113 239 14 99 147
    60 187 68 179 53 249 199 87 185 51 17 29 210 5 83 17 202 76 92 195
    169 213 207 249 72 125 199 43 151 238 52 98 76 207 242 119 31 21 150
    152 48 188 249 174 77 22 79 205 119 231 86 89 37 131 72 30 161 189
    73 174 229 105 51 19 57 73 83 50 229 118 55 124 216 88 77 152 82 125
    253 113 58 63 60 86 39 177 157 216 246 183 227 37 214 183 161 242 69
    236 208 182 115 167 203 215 133 172 74 126 4 229 159 237 133 26 67
    212 85 52 9 131 165 122 89 180 26 246 152 43 159 1 111 74 34 135 94
    110 3 101 127 87 253 1 206 221 240 254 236 62 207 66 255 47 186 212
    196 204 95 104 69 214 114 50 5 180 138 89 140 180 47 121 163 187 247
    147 229 149 222 31 238 10 129 157 157 252 189 109 105 151 123 157 8
    190 163 87 85 61 145 219 157 151 75 131 60 180 35 153 158 251 45 196
    206 111 124 2 4 39 8 10 14 60 205 7 59 36 106 13 2 252 61 172 124
    195 96 235 171 53 85 69 170 239 61 55 109 209 43 10 12 3 24 175 17
    186 238 137 67 117 65 161 251 232 37 230 229 129 184 192 3 88 249
    143 235 14 102 88 129 169 51 203 206 67 9 239 148 172 83 240 57 35
    58 127 251 251 247 63 117 187 70 12 116 164 20 141 73 216 218 98 211
    155 246 248 222 42 174 56 162 18 112 31 166 34 106 78 71 231 225 144
    203 185 198 3 160 122 16 237 154 29 26 211 147 95 64 183 132 38 92
    199 123 73 174 120 236 17 209 27 252 175 51 110 107 192 16 213 4 65
    67 58 29 18 94 247 53 128 80 208 119 226 164 25 65 110 79 145 109
    134 154 151 212 84 193 231 47 136 138 164 64 43 97 236 45 98 212 19
    5 230 142 142 62 147 254 90 146 117 98 215 50 52 123 52 104 22 42
    203 64 113 203 172 41 64 129 16 59 59 131 202 167 109 142 116 139 35
    114 42 205 250 111 164 243 39 249 51 161 186 112 62 106 202 152 32
    214 144 225 24 169 128 24 72 12 15 110 196 7 209 251 213 237 32 224
    180 130 222 80 63 28 224 152 32 12 154 237 232 206 211 106 164 221
    201 166 77 184 140 103 237 212 116 11 126 238 164 3 97 15 202 184
    211 202 62 32 91 5 2 144 248 54 208 0 22 171 17 224 170 25 14 1 106
    87 152 88 226 83 221 147 70 49 157 72 171 4 207 31 49 146 99 97 176
    21 84 224 173 123 108 124 63 188 44 177 27 158 180 12 249 210 166 20
    66 167 179 129 0 200 247 183 107 247 203 183 20 162 96 76 197 42 155
    79 10 97 37 198 206 175 164 16 233 205 66 234 97 207 183 112 85 85
    106 96 16 46 96 168 194 222 0 249 2 151 50 117 108 43 84 47 77 125
    78 39 25 238 93 127 226 188 3 67 224 78 81 247 147 235 201 196 215
    13 254 22 112 5 4 148 51 85 30 67 131 152 55 73 22 159 121 13 157
    181 175 76 100 247 204 200 192 138 166 39 73 243 33 220 151 227 210
    119 25 174 224 91 182 111 115 254 154 39 152 187 21 239 230 16 53 79
    143 219 13 126 169 229 114 37 122 246 32 156 3 99 241 212 103 158
    219 135 186 150 173 206 83 54 150 255 239 142 184 161 207 207 37 93
    138 0 155 139 12 21 141 145 37 48 251 147 221 230 173 41 87 118 245
    88 248 13 46 246 38 69 127 115 151 247 201 125 228 244 203 170 32
    138 194 41 194 164 131 128 107 66 24 146 231 82 150 147 219 62 115
    162 245 80 210 24 172 198 88 47 130 42 178 202 180 168 77 101 121
    252 32 166 118 248 239 250 148 109 152 176 157 30 23 35 31 77 160
    155 34 22 190 54 178 214 67 159 90 236 144 239 207 48 167 91 102 171
    168 175 223 204 217 109 56 34 244 161 193 47 19 211 108 27 195 255
    220 175 124 157 31 73 9 190 48 161 252 162 132 232 75 243 136 56 107
    146 94 148 114 196 120 69 248 28 158 194 151 59 199 99 42 21 182 160
    0 200 99 247 124 255 21 20 220 217 18 58 72 223 154 95 248 52 110
    139 23 174 135 182 70 251 125 64 100 133 82 148 72 229 244 166 185
    119 200 246 51 205 142 122 200 11 203 217 40 125 141 36 52 252 247
    132 61 20 118 172 44 138 100 250 26 129 109 241 123 126 105 175 57
    94 107 216 148 90 194 11 54 95 232 26 61 203 150 179 54 77 151 138
    149 114 53 235 120 252 117 236 214 72 220 34 117 115 188 174 212 201
    155 151 27 178 192 223 145 219 16 210 48 186 58 19 0 46 208 147 67
    115 145 172 152 175 20 210 39 70 118 82 255 224 16 205 238 101 99 64
    192 37 186 96 158 245 142 76 249 249 63 38 120 129 175 66 100 233
    139 187 81 82 255 254 63 132 155 34 177 2 255 8 177 199 30 59 194
    132 181 219 121 170 128 156 1 179 200 223 101 198 18 248 82 165 81
    119 254 199 220 75 85 173 45 19 191 78 76 179 9 240 8 255 199 44 66
    227 44 131 47 60 78 132 201 125 25 67 152 49 103 167 6 7 175 39 112
    3 93 105 155 212 1 149 9 113 155 103 105 144 126 66 241 123 25 49 47
    29 183 254 43 41 158 169 142 178 174 138 249 26 77 31 89 236 51 108
    177 24 175 206 131 129 223 189 22 133 122 105 201 61 202 72 189 243
    138 96 43 142 200 219 88 178 3 39 140 180 229 236 62 111 20 74 129
    129 204 33 127 21 167 134 210 111 222 82 61 200 47 185 130 106 172
    101 118 147 126 127 142 152 154 234 223 15 157 137 240 209 220 39 96
    178 35 211 157 225 167 25 103 99 48 87 212 179 142 117 55 121 214
    188 244 90 201 223 203 112 52 21 44 98 162 94 25 231 178 91 167 111
    71 55 231 245 252 99 39 212 109 60 173 46 228 51 176 21 35 148 82
    207 99 99 40 122 231 127 107 138 129 179 247 178 243 79 17 115 149
    94 241 242 12 148 65 227 123 103 90 55 73 104 49 155 195 150 230 194
    215 150 202 97 153 173 39 78 203 107 42 181 26 129 22 246 247 12 226
    245 117 194 67 109 227 181 19 154 50 150 237 184 157 114 20 22 166
    36 22 197 23 231 76 45 25 44 38 104 76 27 160 18 96 57 130 97 205 20
    246 91 92 99 169 214 225 158 219 208 198 118 141 248 127 174 183 63
    255 131 239 111 220 124 241 192 182 179 103 51 36 30 112 97 233 73
    190 166 150 187 215 96 204 246 147 81 64 128 85 34 143 76 203 70 39
    159 8 227 27 198 33 107 48 191 187 3 141 70 248 180 94 22 77 13 33
    141 72 149 19 63 110 163 17 15 35 131 32 110 220 121 53 28 61 154 37
    80 130 103 123 212 193 150 143 188 98 175 115 196 40 138 79 57 240
    147 225 125 246 213 168 70 35 48 242 126 135 120 53 163 158 247 5
    250 59 252 35 177 97 91 235 2 135 205 45 66 217 245 82 171 116 71
    228 190 100 112 59 88 40 121 129 176 52 161 80 221 140 137 114 138
    25 108 187 3 250 32 136 248 13 117 54 171 26 3 153 22 13 83 154 167
    233 24 66 88 96 20 21 126 75 206 233 108 162 179 161 146 217 33 68
    209 4 50 88 160 172 81 179 88 233 216 103 36 171 65 75 4 116 79 184
    57 84 238 162 121 240 162 44 1 105 34 197 93 99 123 252 22 254 75
    223 41 123 122 232 214 146 9 82 193 181 66 60 226 82 241 40 162 46
    136 124 217 99 236 24 88 148 2 167 251 255 74 95 194 234 164 130 226
    113 96 243 96 245 28 67 247 102 167 32 115 54 57 227 17 219 65 238
    101 209 208 3 141 7 8 46 58 15 162 94 93 51 33 122 224 101 208 179
    237 1 24 38 205 34 96 133 133 83 154 176 42 218 100 123 218 254 229
    221 107 131 216 251 131 67 202 103 37 103 119 191 199 250 77 70 39
    213 170 31 219 91 224 205 86 157 227 175 52 186 138 180 131 111 201
    144 125 28 78 150 127 113 59 187 238 110 56 213 79 81 60 185 237 48
    1 233 136 220 234 229 37 14 224 181 213 79 72 242 134 147 123 27 26
    160 204 229 249 211 244 204 21 180 167 240 182 20 28 177 240 61 67
    25 223 73 99 103 9 133 210 189 88 118 36 173 143 152 235 244 48 116
    74 104 102 250 39 227 54 45 161 41 103 159 88 65 152 129 210 253 114
    224 28 182 255 160 29 234 244 247 196 241 92 183 167 229 206 106 140
    254 204 44 47 246 120 178 53 121 240 8 96 154 96 49 207 83 196 79
    131 34 231 97 123 243 246 232 254 58 3 12 178 114 91 46 140 107 97
    226 4 105 205 200 229 19 37 219 234 11 56 102 82 35 228 29 22 178
    223 232 200 223 1 219 121 115 167 251 180 88 89 13 119 154 31 59 188
    233 50 224 161 22 250 80 252 250 140 67 164 148 27 91 96 135 108 239
    199 176 144 251 64 72 41 249 175 7 64 110 98 169 39 111 175 215 20
    184 176 11 20 72 42 74 31 164 200 103 34 185 218 88 217 114 37 242 6
    75 113 194 99 124 186 153 167 10 78 96 100 184 86 237 176 82 177 108
    170 17 94 145 111 32 190 128 214 80 64 158 96 250 71 191 28 101 184
    133 92 222 174 67 168 1 34 159 49 50 242 199 115 65 62 229 18 42 239
    76 30 173 87 39 141 26 92 102 3 62 183 228 26 39 35 90 171 186 174
    202 21 203 128 108 17 130 71 34 19 74 126 225 154 0 127 105 23 193
    193 108 141 151 51 96 82 19 201 2 239 67 203 108 157 143 186 29 14
    45 246 39 22 68 80 134 140 139 161 129 36 155 249 2 128 147 79 48
    223 205 136 248 223 84 175 125 247 158 142 146 164 179 181 193 51
    228 11 121 173 159 27 160 149 161 200 72 63 86 64 37 135 29 243 221
    17 233 66 224 246 38 40 77 159 0 165 74 176 131 162 51 246 136 248
    13 39 180 72 223 197 88 167 1 126 94 222 80 190 241 214 121 248 92
    15 190 232 238 187 244 111 254 32 128 181 133 82 214 62 232 184 4 45
    15 32 184 19 75 198 239 144 237 0 161 234 110 219 132 204 150 45 34
    11 27 249 54 105 153 140 245 222 135 247 164 226 41 245 152 48 173
    92 167 245 179 187 19 231 254 130 159 47 3 173 121 184 178 60 148
    236 222 193 244 163 122 155 148 185 61 245 241 201 94 21 67 155 235
    149 216 23 117 42 212 211 84 160 159 52 147 187 82 107 180 215 249
    243 159 193 139 3 12 127 13 202 206 222 12 4 157 120 75 75 182 229
    39 235 167 28 50 190 217 147 43 136 38 85 183 126 30 244 124 33 205
    29 140 63 52 200 235 184 247 102 13 74 41 190 114 101 76 154 235 33
    172 177 243 106 76 24 115 229 111 230 78 123 247 60 3 112 1 222 15
    97 59 238 86 244 211 134 42 80 243 147 170 22 150 204 106 248 238
    219 46 192 224 153 88 65 177 157 116 105 17 159 118 189 236 222 151
    73 206 204 241 206 217 2 181 213 114 131 64 13 112 125 164 15 184
    253 88 164 60 74 11 149 157 1 73 52 125 158 164 84 164 51 47 67 51
    223 64 200 160 205 140 127 233 85 149 203 76 114 21 12 181 238 40 74
    192 22 44 220 130 39 175 135 37 11 158 135 81 5 42 132 82 55 36 180
    211 77 38 152 112 83 52 255 14 90 106 208 252 207 230 245 227 53 145
    246 73 96 212 226 46 183 152 86 24 217 21 241 122 37 176 222 184 128
    46 36 255 246 209 42 26 69 143 210 135 194 61 252 238 187 11 48 136
    170 78 46 217 132 20 33 244 199 123 80 19 61 73 184 11 147 51 67 234
    147 74 28 72 223 221 73 103 209 42 126 129 61 161 20 63 2 45 190 180
    194 34 127 219 231 93 107 234 230 130 52 102 17 29 152 54 240 226
    121 247 22 142 134 91 113 105 153 211 149 212 84 91 149 239 97 213
    248 197 181 219 111 89 156 167 218 233 16 98 122 103 71 190 105 227
    236 17 136 198 141 182 217 69 42 162 81 49 23 200 248 90 42 1 149
    120 229 209 210 166 100 246 176 255 169 213 147 144 195 113 240 21
    235 221 146 74 12 233 169 15 114 124 7 148 23 109 169 204 144 15 3
    52 46 26 10 82 192 167 70 80 22 231 111 13 208 219 254 72 186 193 45
    14 43 119 67 99 25 31 13 1 109 209 242 92 5 78 81 171 202 57 182 135
    194 142 78 84 233 187 158 65 89 108 246 58 247 171 15 187 16 143 19
    49 113 70 108 229 206 140 222 210 176 220 80 98 161 125 76 184 4 217
    135 9 252 193 238 226 50 254 153 24 109 192 174 93 237 240 235 71
    235 140 142 74 119 194 163 165 22 44 47 56 161 226 237 57 88 185 9
    54 240 16 227 243 57 70 226 53 222 36 134 8 60 214 97 140 94 162 179
    50 153 59 18 0 24 18 148 33 48 171 193 70 213 1 36 106 49 148 37 34
    157 230 194 52 39 149 139 104 78 200 228 191 85 24 249 56 232 247 35
    157 250 209 157 5 146 162 69 181 33 23 247 121 11 2 128 170 212 230
    196 200 185 57 119 208 248 65 50 111 153 153 168 13 70 99 119 44 79
    169 134 51 215 212 75 116 125 171 37 185 185 75 83 137 65 214 154 33
    134 51 17 104 230 38 41 86 100 229 42 15 13 213 139 213 39 169 194
    127 241 6 178 124 157 174 214 96 233 223 119 87 142 205 132 246 204
    186 113 119 39 225 239 44 175 160 221 41 95 118 112 150 28 110 37
    176 164 83 209 37 111 144 177 141 130 183 199 107 131 138 41 20 189
    59 241 64 151 168 150 178 66 193 55 65 17 62 86 72 214 40 204 42 178
    207 147 66 80 83 102 121 118 222 118 145 119 130 111 43 176 73 39
    194 130 184 118 147 62 157 65 192 110 164 160 51 39 33 94 229 82 200
    40 127 56 132 169 87 123 208 215 63 134 162 84 191 2 12 11 65 95 155
    26 110 58 157 147 26 237 155 156 107 46 83 131 213 5 102 248 144 178
    1 111 123 0 111 96 39 183 111 99 157 165 77 78 134 7 36 80 19 185 57
    6 231 82 55 210 237 7 27 208 130 155 75 236 235 15 227 118 218 64
    255 235 207 61 252 134 7 45 140 116 115 63 130 34 179 154 241 45 221
    252 198 213 186 197 127 204 230 90 136 14 24 233 98 65 45 20 1 121
    52 51 83 243 167 29 48 29 189 150 102 191 62 209 29 115 190 236 241
    78 0 29 100 102 108 11 174 38 144 140 21 164 124 92 37 251 203 17
    219 195 225 147 239 90 182 129 215 77 130 14 141 245 226 226 152 241
    151 181 113 67 201 106 27 126 216 193 59 200 107 227 189 92 35 187
    221 111 74 195 191 15 113 135 144 129 189 234 140 207 72 90 111 244
    48 70 63 93 78 179 117 207 176 141 142 169 205 252 217 231 242 59 38
    206 178 130 15 232 48 6 220 113 21 74 213 111 3 91 143 219 163 7 251
    189 193 146 200 29 55 152 79 136 51 229 99 245 197 136 69 139 64 15
    12 195 253 48 44 144 21 187 18 156 238 239 13 69 134 51 63 73 208
    110 85 14 238 32 104 165 55 163 69 115 170 121 197 129 125 127 97
    128 140 193 182 173 162 240 238 51 2 27 182 62 22 41 105 167 25 14
    57 222 108 139 44 17 228 129 186 172 148 166 71 199 85 48 35 132 108
    131 58 195 210 180 210 184 114 76 39 97 251 244 96 241 30 195 129
    188 189 234 249 137 68 164 217 156 241 251 142 29 202 183 108 131
    149 33 178 52 119 203 14 13 104 148 165 200 220 148 29 49 188 250
    110 224 213 80 49 179 91 156 61 40 83 113 8 182 113 44 154 210 178
    175 137 241 108 51 90 39 193 246 53 157 199 102 48 218 234 44 15 233
    7 41 33 138 175 183 226 250 46 45 231 187 152 78 28 95 75 84 30 247
    212 68 120 36 2 62 31 47 119 188 14 66 163 80 112 30 32 209 189 159
    200 226 173 57 234 163 157 169 241 160 16 213 158 50 173 120 155 241
    213 4 103 11 245 254 153 187 4 84 246 2 159 118 4 163 94 124 12 84
    192 229 203 101 146 33 145 175 213 128 75 17 123 120 112 150 226 178
    6 62 108 151 240 138 40 135 174 151 54 57 169 244 172 191 28 247 112
    132 211 125 188 133 171 189 96 253 178 64 229 37 135 209 123 116 7
    221 213 235 201 33 130 136 215 159 78 149 247 64 43 95 155 49 98 71
    116 88 115 124 94 29 123 225 228 13 251 45 227 207 240 7 230 127 64
    173 181 49 72 7 223 81 151 111 115 45 131 21 55 120 54 149 200 94 3
    215 102 194 178 87 209 138 195 5 105 34 204 206 238 206 181 58 223
    20 59 223 161 183 48 245 104 241 1 108 205 141 202 14 35 113 239 206
    78 215 15 124 161 197 190 77 195 11 206 226 24 238 249 162 200 88
    174 184 6 73 103 218 152 204 214 244 151 232 180 14 175 48 153 251
    94 121 35 163 222 202 110 249 23 137 156 49 49 87 171 111 112 72 148
    188 53 199 167 117 177 158 128 143 180 80 11 80 239 228 26 72 69 38
    5 100 253 21 231 110 235 115 200 148 65 187 8 239 185 122 7 84 65
    251 18 128 199 0 99 118 101 22 86 94 221 39 174 199 2 199 21 105 206
    179 239 49 218 205 126 219 2 236 161 165 158 46 239 239 187 203 222
    7 39 100 45 171 195 198 187 178 8 136 46 17 57 146 182 145 27 22 94
    144 2 64 43 44 128 42 238 175 189 254 17 154 58 83 84 109 20 67 40
    34 117 29 116 51 173 219 215 162 198 181 218 175 170 26 122 156 151
    51 114 63 81 113 79 54 203 23 98 112 68 215 167 10 83 143 132 153 53
    238 92 250 237 58 169 67 192 248 128 33 105 169 24 168 199 117 206
    163 253 17 151 164 41 28 247 253 225 14 61 193 34 221 200 192 135
    200 29 76 131 92 225 89 40 249 160 159 106 198 164 228 225 53 12 198
    2 91 103 141 230 49 198 147 74 8 195 11 45 136 85 43 86 146 123 235
    23 144 154 121 44 138 197 39 100 65 230 8 195 112 117 130 18 20 208
    51 80 209 211 92 210 132 38 191 3 149 144 214 55 160 95 152 24 184
    75 116 161 214 208 244 65 203 141 141 145 1 138 71 58 140 242 141
    108 80 89 79 171 5 209 151 68 133 98 29 82 149 86 126 235 66 205 182
    4 167 61 31 56 46 63 187 62 236 106 125 47 198 94 40 136 141 135 1
    63 238 164 54 133 93 144 149 185 100 134 188 54 93 195 232 177 101
    200 155 87 80 109 245 127 125 208 128 164 174 236 128 32 29 14 232
    142 184 181 45 3 65 113 235 79 15 161 18 6 41 247 51 233 143 15 151
    197 7 254 63 97 247 228 16 151 28 137 75 110 129 244 90 245 31 236
    206 80 97 19 243 62 184 187 56 129 34 142 34 172 34 168 253 125 30
    208 55 251 55 168 56 39 176 28 105 18 244 199 139 19 80 142 175 120
    202 191 136 51 166 143 64 61 223 10 230 183 116 95 119 21 210 249
    115 144 91 237 162 125 254 148 160 7 144 253 58 154 110 11 50 196 30
    82 1 250 118 222 113 74 53 129 243 242 103 73 182 20 28 192 114 17
    20 13 192 137 224 186 102 79 249 20 252 59 145 50 7 94 220 60 148
    112 186 181 165 46 66 130 177 61 116 177 200 57 69 7 214 37 89 178
    47 25 212 23 109 174 137 91 18 86 195 109 249 93 28 203 164 95 42
    170 0 238 245 54 234 122 168 119 125 37 255 248 181 165 66 43 130 75
    175 135 191 127 253 197 61 68 226 191 30 219 59 162 50 222 135 50
    184 43 220 63 109 255 201 214 127 59 107 51 54 78 188 246 7 141 192
    54 214 186 11 6 141 37 120 69 187 218 198 8 32 116 189 125 122 185
    177 201 135 23 160 234 184 60 41 105 38 182 228 34 36 204 179 216
    165 25 170 61 74 165 78 42 116 32 0 170 96 202 32 54 253 62 5 62 242
    119 80 64 194 181 57 210 117 0 167 112 46 57 90 60 236 178 50 79 42
    154 198 149 22 253 130 148 6 224 164 158 26 189 144 118 253 113 5
    238 144 221 135 255 121 141 61 115 169 53 175 78 99 157 239 48 105
    166 227 130 120 89 138 1 143 216 117 83 231 42 9 170 26 214 186 215
    157 102 97 51 252 34 82 214 25 230 147 16 255 74 190 127 174 236 67
    33 179 130 224 219 220 93 159 27 134 174 225 195 17 221 17 203 13 87
    82 116 160 3 0 44 217 149 147 14 4 174 200 231 71 237 64 106 104 134
    136 79 3 173 240 33 177 222 43 47 225 180 77 53 145 65 25 203 162 28
    183 129 162 133 10 162 80 96 190 182 220 3 129 147 114 231 225 107 2
    162 107 135 159 168 246 32 9 224 74 183 40 88 190 23 239 212 28 173
    196 4 80 239 0 199 18 255 228 139 193 26 254 251 29 41 109 49 19 97
    169 79 143 32 195 24 33 98 167 69 110 193 158 169 127 126 158 114 9
    217 216 146 62 225 195 40 218 52 106 100 178 56 196 87 35 205 196 20
    137 94 189 163 139 119 207 176 245 106 82 213 214 175 84 138 201 73
    213 139 141 231 120 88 147 209 144 81 10 17 172 129 156 5 222 203 28
    88 250 209 9 213 111 152 141 80 150 36 98 193 138 141 2 33 205 218
    82 135 134 120 79 228 240 76 234 162 4 86 93 69 97 57 224 118 236 88
    21 181 249 99 147 73 46 183 75 97 98 242 118 0 143 206 216 248 216
    182 253 237 42 82 22 154 72 42 196 117 132 69 39 51 244 244 25 157
    84 163 100 6 191 232 27 85 237 7 77 115 134 18 238 40 122 183 63 121
    34 29 40 223 168 8 199 203 253 107 221 167 22 84 71 160 232 219 127
    124 21 24 142 200 124 192 194 134 187 200 10 213 214 48 191 142 228
    220 155 166 126 92 11 143 185 149 200 111 247 208 249 138 77 173 192
    42 176 247 66 243 183 250 43 4 176 171 154 18 50 104 203 78 137 217
    149 227 212 9 26 100 241 226 174 162 18 19 249 174 135 104 74 231
    188 231 57 250 101 27 110 50 127 46 102 21 28 21 33 4 144 240 24 91
    208 39 114 235 140 181 97 252 55 30 203 214 181 152 228 156 109 234
    208 68 38 156 200 91 159 56 78 170 91 196 21 55 139 206 83 177 81
    140 197 7 123 230 222 94 92 222 164 207 109 176 17 19 147 44 25 98
    99 114 227 3 50 110 156 137 62 241 204 112 232 3 0 157 215 86 253 70
    237 108 162 253 49 232 161 99 136 43 33 19 164 207 54 106 36 103 89
    100 35 89 60 39 28 121 192 23 122 188 74 112 165 225 220 242 221 211
    98 180 138 218 175 106 190 78 68 83 175 83 85 131 36 188 129 145 72
    115 10 135 75 14 207 252 108 31 6 162 211 44 31 3 224 101 152 58 14
    148 128 78 105 87 139 2 139 4 54 131 98 140 138 204 72 51 14 141 9
    182 115 37 25 70 234 66 74 198 186 210 86 226 19 51 241 54 209 126
    85 65 66 11 24 128 191 246 227 65 215 130 139 248 6 105 218 99 121
    29 164 246 217 64 106 243 213 129 205 181 118 165 178 202 75 50 77
    185 154 56 123 228 108 110 74 101 197 5 192 103 44 152 111 245 179
    171 164 53 211 206 226 93 219 123 201 226 13 127 180 196 208 84 77
    52 186 79 193 16 178 232 223 106 62 88 201 135 75 204 226 89 127 168
    254 169 117 169 134 245 60 168 110 91 162 5 61 210 233 180 23 123
    233 87 25 3 209 251 176 189 195 250 187 77 129 160 64 17 77 130 184
    109 19 191 70 93 211 184 186 216 215 114 37 235 62 46 243 7 221 72
    170 175 90 220 236 196 247 222 245 94 151 114 147 176 36 146 81 194
    3 49 202 164 241 53 6 85 104 251 53 23 190 60 150 59 168 188 161 102
    73 199 102 245 30 28 146 123 118 7 239 61 157 16 23 121 37 66 5 17
    16 56 80 71 149 175 65 43 118 217 73 234 154 120 247 179 126 209 101
    124 72 53 132 136 241 92 30 203 97 181 209 136 225 77 44 209 10 22
    229 244 169 112 197 15 19 82 89 87 147 186 50 158 6 75 3 115 170 144
    6 164 160 15 145 171 119 117 36 68 220 157 129 153 185 111 84 90 112
    123 227 121 85 76 199 243 9 104 107 47 168 249 9 162 32 131 67 142
    63 72 90 140 36 208 236 190 233 67 180 170 225 113 201 136 251 91
    208 226 158 173 31 191 77 228 52 93 240 180 163 152 158 50 208 166
    203 118 155 32 189 35 187 234 86 42 67 141 216 82 200 28 162 207 0
    196 4 243 26 29 84 91 21 251 152 93 12 7 206 75 144 74 125 89 123
    245 172 21 126 176 188 163 174 138 166 241 141 10 188 39 84 28 117
    96 39 152 187 141 26 92 77 172 105 122 122 9 6 254 11 59 161 61 95
    78 43 232 110 64 36 94 178 126 138 254 182 54 128 121 103 182 201 17
    150 63 150 212 21 78 159 111 163 92 188 84 102 158 137 71 221 22 231
    32 160 99 160 164 255 199 18 25 162 144 120 29 102 179 210 102 43
    140 73 146 26 174 94 178 127 83 72 43 238 66 86 234 186 111 203 181
    253 225 42 88 132 194 158 108 191 4 104 183 253 189 59 0 9 113 235
    167 50 212 89 37 92 73 181 125 183 182 79 86 118 167 181 235 159 196
    151 78 85 130 170 18 142 114 49 98 253 48 71 200 3 248 52 224 147
    103 238 240 199 184 245 89 254 200 169 180 51 101 26 149 97 227 232
    6 2 226 124 210 86 236 120 25 120 150 101 7 65 188 99 243 42 188 221
    102 183 121 200 174 204 204 175 250 213 96 194 118 247 135 141 238
    60 138 14 62 46 199 30 24 77 5 186 168 222 197 167 132 220 144 82
    117 227 28 6 202 232 242 10 183 181 38 93 173 229 111 166 91 112 24
    62 251 48 50 80 176 7 227 252 179 215 235 94 37 51 232 91 43 72 0 45
    237 37 160 161 166 140 226 87 42 218 210 20 166 254 41 16 199 143 41
    110 13 66 223 153 163 37 74 157 211 226 198 145 205 59 240 109 22 97
    82 15 114 63 201 19 181 41 79 181 182 123 243 96 35 204 245 99 164
    99 44 120 83 46 143 162 47 170 119 251 214 199 176 32 246 192 179 21
    91 5 226 72 30 233 86 207 45 182 154 106 49 13 161 52 183 188 211
    116 236 48 82 94 87 57 127 147 130 220 4 182 255 167 124 192 49 244
    24 202 206 232 31 214 239 248 242 82 143 20 55 206 160 5 187 66 128
    131 211 24 75 86 83 97 250 108 40 4 134 196 159 43 93 176 63 174 53
    110 225 24 2 165 112 70 242 195 212 243 70 206 242 186 63 158 237
    178 94 13 69 144 172 94 130 94 122 212 238 147 32 45 43 249 23 34
    119 24 163 191 30 164 45 253 37 118 119 183 157 211 248 61 247 34 26
    131 220 71 108 89 158 170 74 172 7 206 126 254 150 191 108 29 29 89
    10 161 225 84 137 109 247 57 185 218 12 242 167 34 211 176 55 82 119
    200 22 205 117 40 109 191 184 173 148 196 77 22 230 230 240 90 48
    211 238 110 6 180 255 129 131 46 168 127 188 96 219 222 45 4 9 245
    172 68 38 134 200 154 254 125 168 173 27 187 232 152 194 249 125 213
    68 25 135 9 53 47 207 132 123 147 161 78 231 235 102 130 20 139 88 7
    23 41 158 159 67 24 218 209 24 153 44 5 77 128 89 43 76 70 20 126 14
    147 183 218 105 4 191 195 90 197 25 38 135 7 75 243 138 230 2 76 69
    76 39 111 39 75 184 112 21 156 165 94 150 169 77 236 111 128 79 171
    39 176 60 120 201 101 54 242 243 68 140 184 48 86 210 190 150 130 81
    52 241 30 164 188 56 83 107 30 136 155 21 35 29 44 245 221 177 142
    203 144 218 125 237 204 220 68 1 142 61 148 138 226 87 197 116 141
    192 177 247 98 35 87 214 238 206 101 167 241 155 107 53 178 93 37 46
    44 248 76 243 136 85 142 36 204 189 9 49 0 62 110 39 60 0 214 157
    202 197 115 65 216 60 199 73 220 68 240 102 28 12 179 73 193 140 99
    157 216 213 72 136 46 75 82 246 155 7 196 6 111 243 154 8 145 3 18
    185 243 115 28 147 250 198 55 100 2 113 78 50 86 9 113 109 154 17
    249 201 55 216 143 36 162 2 160 151 63 233 114 255 228 48 55 250 247
    166 226 253 101 118 216 226 177 29 75 131 164 121 243 207 115 115 58
    150 179 86 226 19 87 110 25 158 200 36 91 133 32 144 80 219 231 81
    19 178 81 225 242 49 40 239 60 120 239 119 37 14 136 233 65 139 49
    132 18 52 62 114 241 184 47 69 93 248 121 146 78 7 202 93 85 224 243
    180 102 146 37 73 84 57 168 233 166 59 88 241 208 88 242 236 254 35
    9 63 69 19 142 208 51 230 27 234 78 253 230 199 125 13 50 236 116 34
    200 192 75 45 187 172 36 99 58 170 44 228 250 39 253 163 240 1 35 50
    217 188 51 24 94 159 18 214 182 176 245 239 229 84 80 255 110 77 4
    175 21 154 195 21 154 164 28 107 215 220 198 9 88 10 243 81 25 129
    161 5 131 114 218 249 26 252 131 88 94 99 85 172 159 2 187 154 40
    251 143 177 252 193 163 194 71 122 157 119 76 17 168 46 117 61 243
    38 189 3 78 59 217 132 198 165 61 94 10 98 17 162 157 192 112 57 22
    53 176 244 108 8 135 75 172 97 99 203 84 216 56 83 11 146 199 157 47
    162 174 64 120 233 27 26 206 183 161 195 48 89 105 19 107 38 32 176
    4 190 68 127 108 185 241 219 115 29 36 207 178 64 98 139 130 163 135
    149 219 90 175 255 46 170 225 225 226 158 227 128 157 37 254 243 238
    154 24 167 172 181 12 168 130 210 29 114 55 107 134 94 145 154 232
    197 45 188 52 140 77 23 210 133 134 125 32 85 72 98 142 25 88 60 214
    81 147 166 36 62 149 40 98 79 64 25 117 160 174 123 17 17 39 74 238
    8 63 36 34 152 100 213 131 33 71 192 206 65 232 250 103 192 171 26 0
    121 197 138 250 182 94 170 68 125 141 6 35 33 234 81 19 133 237 211
    38 164 217 152 215 173 215 37 29 159 200 134 66 189 51 62 60 164 39
    118 124 36 37 185 105 9 167 37 55 204 138 205 240 98 113 98 226 7 18
    82 170 236 212 109 119 198 66 223 206 60 38 21 30 2 52 252 171 246
    189 160 25 152 117 14 224 111 112 76 161 126 205 13 233 14 190 109
    175 45 234 57 130 192 76 3 95 254 152 87 94 216 236 58 162 180 0 137
    4 189 227 60 82 137 212 91 234 197 161 61 0 219 125 181 98 136 95
    227 43 22 150 3 71 87 129 39 147 38 193 213 103 111 242 23 159 57 46
    178 15 135 112 35 183 249 25 88 100 79 252 90 75 192 153 223 33 120
    14 132 234 195 248 33 43 220 31 238 213 161 233 150 146 132 10 81 92
    86 243 221 246 52 33 117 5 228 139 154 253 2 117 137 254 189 218 8
    203 9 210 70 62 252 136 23 255 214 212 76 35 139 8 87 191 46 66 36 6
    132 16 224 213 145 86 148 247 139 121 90 158 148 129 211 173 14 39
    90 114 96 224 161 41 3 138 155 224 108 173 142 243 22 213 5 216 51
    91 58 94 110 108 148 234 118 163 44 42 238 226 120 86 244 150 242
    177 146 198 192 157 123 73 207 176 164 63 194 231 1 127 3 97 40 233
    60 62 254 251 118 123 220 124 245 37 194 202 189 188 162 40 96 191
    121 212 92 80 203 161 38 69 179 166 246 106 253 71 53 65 116 20 232
    93 156 107 193 18 90 156 159 126 158 238 8 104 231 101 76 200 161
    185 31 159 76 30 225 228 42 181 132 174 240 18 135 70 14 83 229 207
    107 249 233 18 129 193 134 11 144 202 46 57 180 255 198 184 230 21
    104 177 39 85 81 21 253 42 189 177 163 150 242 217 83 47 51 250 48
    235 18 114 29 73 32 25 195 164 74 252 28 88 252 68 174 12 121 11 242
    82 89 52 247 238 62 123 60 89 107 112 2 44 251 116 111 82 86 229 9
    111 1 154 45 58 154 123 66 50 240 246 181 127 235 78 103 209 150 220
    58 177 191 141 148 19 53 78 124 204 133 79 33 185 168 151 19 77 107
    0 72 92 189 117 12 128 53 74 4 61 188 43 20 34 229 172 34 64 118 74
    158 111 114 3 54 116 185 51 188 34 209 169 146 134 6 97 132 93 230
    130 170 11 188 116 145 198 160 85 103 231 243 75 20 211 101 87 92 17
    46 102 242 137 231 136 35 231 7 169 242 195 16 247 180 191 229 110
    144 131 253 170 200 218 193 3 206 209 53 90 39 150 147 139 234 107
    232 153 235 61 191 170 118 144 126 26 183 209 108 125 126 33 20 249
    98 130 95 75 151 42 206 216 223 62 198 62 149 25 45 113 205 54 50
    189 172 33 90 81 169 178 54 240 111 255 106 197 228 94 55 100 17 106
    104 77 253 43 118 90 71 224 243 113 119 24 116 20 5 114 200 109 97
    235 252 200 11 18 60 248 115 189 238 200 202 135 155 36 233 115 37
    113 22 94 32 73 35 123 200 68 197 206 249 179 238 129 230 159 181
    173 88 155 135 173 61 15 122 91 97 133 242 70 251 157 161 178 37 191
    249 199 94 146 0 244 171 134 173 151 3 92 141 192 246 105 237 79 7
    228 130 13 70 102 134 88 19 54 33 119 36 148 186 139 13 97 245 100
    254 41 208 215 98 147 199 181 58 192 47 78 124 73 192 179 16 113 67
    227 172 99 154 246 196 3 73 90 157 145 173 127 174 125 71 97 248 244
    6 108 171 209 94 208 127 206 159 120 6 161 105 38 70 74 216 62 149
    207 165 85 80 210 92 34 41 253 178 209 122 44 78 143 48 60 160 193
    164 32 80 98 14 222 223 119 236 13 102 214 205 92 177 88 142 218 43
    76 105 59 47 158 22 69 134 18 60 33 197 143 123 41 72 57 34 193 139
    13 111 200 15 66 17 127 148 151 70 47 47 86 4 78 87 162 232 164 35
    129 238 238 174 198 200 224 7 67 49 201 30 124 139 9 17 253 237 174
    236 242 153 166 158 158 170 28 216 175 113 212 45 201 101 229 69 255
    219 58 98 15 190 232 8 50 145 137 7 204 174 119 178 101 218 200 236
    198 184 56 48 87 254 2 0 4 120 165 54 74 35 223 136 4 211 144 55 53
    216 248 127 161 255 65 254 124 0 39 209 23 221 200 117 226 25 211
    194 2 41 23 0 122 30 46 186 58 212 178 203 42 127 223 59 13 227 197
    133 221 59 203 114 10 161 50 105 207 118 8 113 64 201 58 219 104 204
    123 64 78 111 17 71 123 104 115 183 106 34 25 239 186 143 69 233 74
    24 238 121 126 182 28 99 56 179 240 104 99 3 154 233 81 148 115 210
    184 40 85 197 187 210 110 181 13 232 50 181 30 96 221 38 154 137 233
    135 165 2 236 209 204 205 164 122 211 138 202 150 157 10 116 64 205
    173 127 171 200 112 38 175 243 230 163 220 248 153 92 232 29 85 38
    221 249 199 223 97 44 255 205 161 97 1 119 198 71 48 245 177 45 197
    44 47 183 177 164 242 110 195 240 92 220 204 88 80 32 85 245 94 165
    158 74 214 5 47 244 120 38 30 193 97 236 95 216 48 197 76 107 47 196
    227 185 68 199 97 143 173 193 223 7 85 177 64 163 14 131 168 104 106
    160 4 176 15 107 202 57 57 12 176 20 29 236 171 85 77 27 57 28 50
    155 208 210 95 181 214 164 243 27 86 239 206 224 209 142 232 31 235
    136 191 165 28 107 52 4 254 153 22 140 54 16 5 48 12 25 154 170 255
    105 57 58 38 71 108 61 211 130 142 208 147 207 165 23 60 167 42 83
    99 56 9 29 140 102 45 204 152 68 10 129 113 255 83 234 80 147 1 117
    233 21 243 209 119 117 197 194 235 20 4 244 235 53 244 166 218 91
    217 207 112 207 142 153 66 114 234 143 22 91 126 236 235 209 33 96 2
    11 170 11 244 196 156 57 142 171 165 195 54 192 160 181 195 83 159
    157 166 97 187 250 209 98 200 178 224 74 157 54 246 240 151 16 252
    113 158 57 22 53 96 195 144 87 147 110 80 175 131 22 254 230 218 221
    223 100 56 80 47 44 58 163 120 101 183 148 244 35 56 146 127 64 91
    53 45 57 141 212 86 63 113 200 187 43 50 84 20 93 67 94 17 210 49 85
    225 96 198 29 131 39 51 3 79 193 99 166 48 115 50 49 16 230 173 232
    169 58 104 164 73 185 250 195 239 37 215 141 90 82 239 89 22 145 227
    13 84 73 159 231 53 62 184 30 234 149 231 250 161 112 101 14 148 34
    114 109 109 107 54 90 47 4 160 3 51 101 234 236 211 150 91 57 158 56
    146 20 4 62 28 144 242 182 4 196 59 198 59 124 135 169 152 166 21
    127 55 132 18 58 8 224 159 186 107 41 42 56 193 21 248 13 197 60 16
    5 58 89 41 84 23 230 77 113 18 199 75 198 155 65 63 232 68 3 71 150
    161 53 252 227 17 92 240 44 227 242 65 178 152 63 242 80 109 74 82
    107 204 199 80 59 215 252 177 193 199 246 40 32 115 251 213 87 21
    241 21 151 13 149 110 100 232 131 171 136 134 221 49 66 26 120 31
    183 127 113 67 81 230 95 91 233 248 37 15 44 91 176 152 14 29 170 72
    87 51 100 234 133 112 164 24 69 239 245 249 179 110 3 177 2 176 98
    16 174 95 212 148 231 129 52 144 142 254 116 64 26 110 203 131 88
    167 109 88 38 70 117 202 203 142 207 171 18 210 156 138 149 199 102
    216 139 168 71 47 202 124 8 131 24 30 38 250 155 31 25 170 93 10 236
    61 62 211 15 253 129 57 157 73 122 31 134 193 165 242 209 163 208 34
    78 225 59 191 143 180 108 196 145 182 180 102 83 38 210 9 80 23 13
    225 196 220 188 32 135 211 56 95 73 137 253 167 151 56 76 121 71 208
    236 14 72 119 228 168 162 156 62 28 114 233 169 112 135 218 91 26
    211 61 146 137 190 133 27 166 134 111 245 160 213 247 196 22 8 172 9
    1 175 67 244 243 69 242 201 46 193 46 32 80 10 175 52 58 154 184 232
    182 17 55 210 250 135 118 15 206 99 150 227 237 55 41 59 0 225 65
    120 54 94 244 196 208 40 226 37 186 135 203 58 30 180 242 188 125 93
    136 217 50 229 119 12 61 65 145 132 191 95 1 140 177 36 163 24 44
    225 226 20 242 244 168 175 128 29 34 255 211 210 148 21 236 13 173
    166 110 83 38 145 218 182 117 55 237 131 182 108 210 146 64 25 251
    172 102 240 178 161 41 235 204 36 21 109 214 226 76 2 106 28 43 95
    179 39 253 19 242 25 148 55 242 202 193 87 137 191 128 246 152 237
    233 154 137 210 118 43 6 46 255 195 63 253 99 164 171 253 103 47 56
    155 167 197 220 50 83 42 173 95 186 55 225 183 229 140 230 138 126
    197 40 204 227 45 171 238 52 160 69 126 242 74 233 143 163 58 25 51
    15 246 83 162 94 129 173 22 129 239 89 127 214 240 222 191 199 210 0
    198 45 172 147 110 193 243 110 36 117 152 82 180 27 181 78 252 213
    45 158 179 191 225 252 195 71 100 92 183 133 225 233 23 4 38 227 106
    112 134 191 86 116 20 175 113 118 173 106 226 125 42 135 135 197 103
    8 249 141 188 92 223 114 178 186 134 89 51 244 168 106 165 242 102
    88 219 94 228 57 39 4 57 105 3 208 145 46 225 146 233 179 51 137 116
    165 93 231 159 97 60 221 12 79 153 236 125 0 12 114 185 117 218 52
    199 1 46 43 7 191 181 229 5 110 145 54 217 44 54 41 246 16 199 5 85
    123 214 217 249 246 151 43 67 168 246 74 35 126 119 203 18 249 192
    99 5 212 151 6 145 219 226 94 249 93 217 246 247 57 31 104 173 122
    203 159 225 185 238 27 135 245 136 186 230 250 155 143 181 156 155
    49 19 200 123 145 10 50 253 97 245 193 199 75 68 222 31 168 7 66 107
    192 122 201 122 169 145 153 83 154 161 252 174 66 86 84 206 255 244
    148 128 26 249 101 187 194 236 102 187 125 117 11 9 19 10 95 128 225
    20 14 176 153 174 122 234 199 56 176 116 210 20 49 89 184 161 205
    119 241 26 88 150 8 31 88 127 66 226 51 2 152 66 65 64 191 48 216
    100 228 229 155 208 88 142 228 68 55 69 236 37 242 113 86 109 82 80
    197 82 41 170 249 39 254 36 233 4 172 110 175 171 212 233 189 109 22
    148 128 76 147 113 31 226 112 201 130 163 158 161 216 228 194 153
    103 43 254 141 42 103 42 226 43 168 148 216 141 70 189 216 203 235
    101 112 181 189 76 79 16 249 229 58 248 228 34 84 89 56 14 154 109
    65 214 235 241 160 226 88 195 112 24 21 177 94 190 68 84 12 18 40
    117 104 206 54 117 187 27 42 195 24 132 13 85 171 142 197 11 225 218
    114 242 43 220 234 195 199 134 1 60 168 64 35 160 184 212 233 198
    115 68 247 102 16 236 81 166 159 113 70 41 103 120 26 122 102 255
    247 146 96 76 246 197 14 191 76 85 188 126 75 87 81 31 241 61 74 76
    29 44 136 133 236 191 126 29 32 190 188 135 199 228 95 49 235 88 209
    155 130 121 70 197 4 104 213 99 136 186 216 165 56 86 225 82 99 11
    192 121 233 139 163 11 127 194 229 79 64 7 187 233 94 101 86 139 37
    94 92 191 208 46 61 188 23 33 63 194 33 17 118 35 8 175 184 246 174
    22 66 4 66 45 108 205 118 94 25 243 139 251 194 164 59 89 214 81 183
    252 43 212 0 142 215 20 186 177 20 236 240 217 133 58 249 211 128 19
    112 187 8 48 249 67 77 244 9 77 41 141 186 212 133 22 172 51 39 181
    114 194 174 169 61 131 190 47 104 7 192 146 142 227 65 191 192 42
    211 17 39 27 127 154 205 31 89 184 92 232 11 172 167 163 186 84 29
    28 131 49 98 25 75 248 123 41 225 225 250 51 94 196 113 24 152 238
    235 136 159 93 152 165 97 155 15 251 11 48 38 173 236 105 60 246 37
    69 78 84 48 129 174 90 189 78 87 163 143 171 78 245 138 6 1 96 218
    146 104 95 63 206 158 219 94 89 252 35 133 16 133 225 203 115 54 80
    237 197 141 50 222 254 47 104 220 170 23 155 157 11 44 199 122 127
    62 90 233 36 231 1 228 111 39 155 72 239 195 186 239 207 92 74 157
    154 246 52 46 20 44 220 193 150 52 96 29 190 90 255 86 104 126 79
    167 119 18 242 118 101 45 32 184 108 202 2 26 89 111 132 59 83 233
    91 66 186 62 246 47 151 217 255 249 209 81 207 183 162 198 153 231
    184 194 238 7 15 20 127 176 12 217 26 137 116 237 22 114 114 23 57
    167 68 118 252 63 29 161 125 190 150 236 101 2 141 30 28 196 182 13
    240 167 126 183 163 210 64 7 55 101 10 202 246 208 29 33 98 100 111
    83 105 231 102 26 10 55 66 207 27 62 239 8 218 84 253 23 4 153 5 2
    251 224 163 221 50 199 34 144 250 192 159 96 15 153 41 199 58 119 52
    110 212 178 143 224 84 21 207 36 195 32 197 254 123 106 13 75 158
    198 6 114 170 112 188 76 213 240 86 183 134 84 92 175 221 189 14 221
    20 191 111 209 220 54 139 161 58 85 227 144 43 159 195 88 62 243 70
    126 25 247 43 161 238 81 225 205 216 188 88 131 232 41 76 243 168
    215 164 132 7 107 28 172 19 108 217 85 1 183 220 22 117 107 227 147
    4 236 102 153 111 178 175 79 167 149 240 20 115 93 164 196 198 95 42
    186 201 58 27 201 21 44 202 70 70 4 33 231 148 158 208 237 118 164 6
    62 148 10 131 173 188 112 199 170 247 3 233 82 3 43 7 65 97 26 13 30
    97 150 164 242 49 133 152 55 248 172 209 81 195 46 6 79 111 158 167
    51 187 171 195 168 5 50 42 224 0 59 224 221 144 175 243 191 205 180
    1 72 81 240 146 73 152 49 111 148 94 72 70 136 129 166 205 239 41 56
    81 91 73 166 133 108 147 4 11 233 180 94 156 78 85 175 3 27 246 170
    24 69 210 17 208 185 159 233 179 206 144 48 176 224 48 14 139 37 53
    111 157 21 144 216 154 148 118 3 50 144 0 146 111 179 114 219 165
    161 196 43 102 147 153 52 231 134 139 178 245 102 121 28 171 36 253
    106 80 56 195 220 85 220 214 225 82 66 152 80 230 93 198 164 226 17
    209 95 91 16 124 142 102 23 123 22 124 211 32 151 128 6 98 218 107
    249 100 156 22 40 128 5 215 157 148 139 230 210 22 18 119 183 103
    198 146 198 211 91 183 209 99 138 40 219 20 63 212 254 155 188 32
    195 251 4 121 209 16 74 164 26 70 47 32 24 57 171 153 239 70 226 163
    59 30 26 122 28 200 38 22 12 46 50 178 112 126 51 104 69 252 68 70
    43 57 71 190 58 23 157 247 201 114 232 11 207 180 12 67 25 63 232
    154 51 11 165 221 51 129 139 59 53 137 229 80 154 190 207 66 184 100
    43 89 206 226 182 141 203 163 4 250 122 41 231 15 79 51 138 91 79
    110 26 61 55 104 230 161 39 19 23 150 209 31 231 228 118 149 79 48
    222 12 235 159 189 105 163 142 143 133 220 124 107 36 198 24 36 89
    60 175 8 125 182 22 80 212 96 164 242 163 153 179 141 126 91 214 159
    199 95 44 65 255 238 189 169 225 18 204 44 186 198 62 237 27 123 132
    206 205 206 124 166 196 212 143 9 31 61 148 220 108 20 84 13 63 201
    168 133 24 250 216 25 36 168 181 56 21 22 11 209 89 1 34 114 120 248
    118 243 132 80 241 88 84 186 35 104 20 143 95 115 94 184 248 112 110
    177 6 120 209 99 127 238 33 237 102 17 155 124 30 182 214 211 101
    202 7 169 42 107 218 17 6 212 56 221 181 157 0 173 9 252 19 253 54
    194 57 3 25 126 16 135 149 88 176 234 73 128 201 4 220 47 7 74 80 86
    146 151 229 153 145 136 54 221 137 238 220 99 167 230 26 153 156 88
    47 78 100 194 249 223 165 125 91 88 224 32 246 113 43 107 34 15 48
    120 225 92 5 89 198 244 11 213 120 94 45 85 45 110 110 45 101 191
    151 130 110 195 218 230 147 131 212 196 54 19 57 136 5 62 209 45 142
    96 124 84 217 187 146 229 78 170 180 122 243 206 187 0 105 117 40
    117 22 80 137 214 225 214 91 242 41 140 24 165 33 79 69 18 252 130
    134 149 160 60 164 73 23 147 250 0 219 157 1 27 159 109 64 175 250 5
    58 223 157 184 11 123 144 104 244 181 245 151 189 82 104 129 232 250
    240 109 244 159 6 121 111 71 198 113 190 25 12 177 111 188 131 108
    191 216 4 194 104 209 61 60 74 34 34 71 70 194 56 85 223 86 141 43
    218 183 162 23 78 49 86 114 87 147 140 149 155 53 193 45 62 63 113
    107 154 242 129 202 183 87 251 117 126 57 38 113 101 172 36 220 210
    214 173 122 103 163 5 40 96 255 184 51 235 120 107 143 28 160 242
    197 42 181 92 161 9 96 248 44 25 255 135 197 136 97 185 121 83 15
    250 241 112 108 40 203 95 181 185 171 78 73 199 245 227 115 218 235
    2 58 140 12 90 16 29 211 19 101 198 190 104 185 59 65 156 228 159
    190 164 68 77 233 247 50 198 123 107 33 121 48 55 86 3 22 22 252 2
    213 183 9 93 232 127 200 252 136 42 156 253 91 20 37 121 78 17 165
    50 195 193 207 23 153 109 37 14 6 156 150 78 23 45 106 147 131 4 116
    126 245 49 119 97 106 102 228 4 148 152 32 199 24 171 113 83 206 216
    155 83 13 233 138 196 60 207 211 168 85 136 197 95 133 48 18 170 238
    102 19 211 146 202 13 73 218 110 125 70 106 21 66 1 171 203 77 212
    44 106 26 41 77 24 203 96 68 126 35 13 160 241 207 141 99 243 173
    119 250 89 204 72 168 87 91 167 46 98 103 117 240 140 157 236 89 138
    145 204 82 9 138 111 48 184 140 62 7 25 179 28 137 126 13 143 198
    135 1 198 250 93 3 24 71 220 1 78 239 68 4 217 93 60 73 235 107 49
    137 72 181 131 246 152 197 1 114 86 33 240 242 82 129 253 76 148 138
    172 57 60 75 105 191 93 146 230 13 123 20 28 140 183 44 196 148 26
    105 219 125 42 10 224 97 37 91 16 33 75 36 231 66 11 116 149 182 90
    69 76 101 89 129 0 102 159 112 44 157 26 162 84 117 220 90 206 252
    217 170 29 155 21 24 200 192 164 53 183 196 143 23 52 87 190 105 24
    160 205 169 42 28 100 51 7 150 204 251 19 70 145 217 215 159 159 72
    53 254 239 1 76 11 38 16 11 206 111 193 251 39 106 55 194 213 244
    241 223 238 180 226 165 169 243 142 22 217 145 67 121 110 175 81 16
    33 224 177 107 167 176 145 46 22 119 137 210 220 211 254 45 61 167
    47 103 33 96 38 226 242 58 219 176 131 15 55 125 152 111 227 147 245
    123 222 234 220 136 84 159 75 28 32 156 245 115 40 189 72 10 29 129
    72 69 66 69 223 166 77 159 238 26 155 156 177 194 133 228 194 22 240
    160 131 19 134 137 131 219 21 138 56 44 87 75 164 191 48 79 216 2
    111 68 185 121 98 218 198 200 206 11 96 226 55 122 181 54 205 35 104
    136 59 7 106 54 99 194 187 148 4 17 163 94 55 238 41 98 96 250 16 80
    209 212 77 174 222 104 106 13 109 129 94 52 58 157 147 22 42 23 160
    11 4 189 112 214 125 229 193 104 178 157 7 117 132 197 171 40 19 30
    16 241 23 255 95 156 66 41 210 51 210 217 11 251 240 36 161 160 109
    229 21 34 216 254 42 118 69 35 113 86 223 248 160 25 42 247 59 219
    67 47 29 93 161 33 128 74 72 231 236 14 191 115 168 37 151 148 209
    47 13 182 83 232 135 2 62 6 30 237 233 129 76 123 69 250 128 253 19
    27 94 174 1 31 166 59 227 239 207 212 220 218 152 228 124 194 29 213
    235 58 144 175 92 199 233 152 22 143 29 59 174 110 47 216 142 226
    204 207 19 62 51 124 8 181 48 35 28 143 81 251 17 81 139 213 153 250
    174 150 105 203 121 64 58 95 97 247 60 26 109 47 67 207 15 144 59
    113 63 213 182 57 124 110 234 229 191 173 93 44 34 175 206 158 221
    185 48 86 152 69 42 165 84 11 141 128 0 198 185 90 107 51 124 153
    207 209 11 174 215 145 96 29 229 98 219 82 92 63 168 94 113 25 16
    203 209 30 17 63 85 231 238 231 201 27 222 245 121 174 203 238 108
    167 160 46 192 191 41 174 68 235 63 80 17 14 26 73 91 234 117 42 224
    175 132 93 58 61 127 104 122 132 155 229 209 125 169 75 154 63 93
    205 226 247 129 53 215 67 179 17 57 243 8 50 233 150 153 142 72 15
    56 3 249 137 25 219 146 201 192 158 105 83 224 160 60 239 205 225
    151 178 84 17 178 199 127 132 131 250 211 60 71 10 226 104 40 70 67
    13 185 39 79 242 224 140 215 254 63 82 64 116 116 156 230 12 3 17
    202 0 109 108 184 80 197 85 185 192 88 46 42 117 178 26 29 70 143
    192 225 113 188 96 119 239 127 96 197 225 177 210 126 213 80 202 236
    142 10 144 52 64 243 69 208 130 206 133 63 132 172 11 198 183 35 65
    210 195 130 112 57 151 174 214 162 124 110 195 216 206 143 200 249 8
    71 87 23 158 2 17 215 126 136 49 198 216 201 71 93 136 121 53 20 155
    251 2 123 196 147 40 28 185 234 63 127 65 254 25 199 226 126 187 217
    143 213 20 238 225 48 187 68 233 13 117 249 28 2 241 105 226 18 6
    238 43 216 227 161 141 228 228 48 160 67 3 225 231 92 17 225 99 214
    166 0 55 53 10 16 38 34 37 244 192 227 143 44 44 146 178 91 1 39 139
    103 16 155 175 197 182 175 43 175 5 80 37 10 240 192 127 6 1 2 129
    173 230 213 92 39 204 60 50 140 66 242 216 163 19 94 90 98 53 194
    120 247 126 250 60 224 132 197 60 252 148 91 176 175 170 35 83 238
    186 123 62 151 122 80 43 156 132 77 128 106 50 180 233 81 211 9 101
    195 2 170 26 215 13 173 193 58 252 224 70 48 226 105 196 2 231 38 13
    62 1 208 22 224 247 157 191 247 117 70 169 200 154 248 229 235 143
    239 154 70 71 218 163 13 75 143 192 169 252 181 158 17 184 34 52 158
    92 160 212 51 67 133 95 112 88 238 3 58 132 179 243 29 119 59 175
    175 29 216 43 168 212 233 201 119 126 59 144 81 122 80 207 30 115 62
    86 173 100 96 178 3 176 231 240 96 149 212 231 122 14 78 240 122 22
    123 51 248 44 141 61 172 166 219 130 214 7 13 238 128 64 25 19 229
    149 69 73 9 155 143 147 8 23 213 114 238 165 74 222 121 98 2 98 215
    254 130 11 77 173 158 121 147 76 84 102 186 171 4 79 200 163 152 186
    228 212 36 172 82 143 210 240 26 157 194 49 216 204 72 247 198 98
    120 169 194 46 108 59 117 111 99 62 123 29 103 227 98 126 50 104 189
    8 123 127 142 37 189 50 156 34 122 106 167 122 191 57 77 14 67 172
    74 33 25 254 227 135 28 45 155 90 238 26 44 74 61 218 145 124 5 53 8
    90 179 36 218 13 53 230 17 174 170 62 51 197 102 161 222 73 152 56
    113 66 169 244 88 214 254 11 28 244 192 241 24 53 118 78 110 35 125
    2 46 221 190 17 225 69 185 129 228 8 215 242 97 31 190 50 69 46 235
    29 132 60 68 138 110 166 144 171 52 97 41 175 59 132 95 202 107 112
    62 52 20 105 125 70 68 67 30 175 149 222 72 61 46 254 103 91 17 124
    27 34 219 203 223 78 180 185 139 20 27 50 14 54 74 216 127 42 214 51
    68 56 203 39 150 205 178 15 198 194 253 208 248 71 47 26 173 75 95
    15 63 37 244 196 43 241 89 93 10 85 89 46 70 111 92 83 8 111 208 95
    27 158 226 188 250 66 141 113 198 153 27 115 80 138 98 65 107 148
    165 162 183 211 153 208 153 183 163 162 162 2 85 219 102 159 235 164
    79 85 163 110 75 250 188 162 146 103 235 27 164 223 252 170 121 30
    204 124 194 74 88 45 157 149 30 185 211 81 169 36 83 66 178 39 93
    203 150 90 28 109 234 36 66 154 22 107 64 202 147 246 237 15 149 246
    243 127 106 185 0 110 142 65 229 96 231 105 236 141 111 141 255 45 4
    158 158 127 219 172 228 66 10 180 109 57 0 254 60 234 160 106 76 118
    241 31 189 76 72 196 195 233 252 185 175 46 155 63 125 143 137 56
    232 6 78 13 203 63 163 91 248 224 231 29 29 136 243 204 180 145 73
    227 28 248 66 86 72 17 220 79 6 193 165 141 7 211 9 64 219 152 18
    141 46 9 213 183 7 24 254 235 182 138 52 223 55 99 84 97 207 79 165
    250 159 4 165 66 45 224 106 137 161 133 145 182 236 10 61 200 29 223
    185 110 52 165 218 246 192 10 153 165 217 154 195 59 159 58 130 238
    122 17 215 92 224 19 120 48 135 188 135 146 212 229 110 147 2 189
    121 34 14 24 79 111 242 210 68 140 72 2 194 221 94 86 51 136 107 148
    148 84 45 162 155 117 211 157 227 154 38 167 229 195 80 20 41 255 90
    182 28 24 5 231 56 19 63 190 44 139 179 173 118 169 37 208 209 49
    124 94 32 203 100 60 161 4 253 174 60 10 220 4 203 10 2 151 224 74
    236 4 33 235 190 145 225 18 72 96 240 201 209 204 166 92 183 176 250
    194 117 227 54 31 32 172 72 83 38 239 139 213 85 15 16 112 12 232
    141 131 161 2 231 43 231 104 59 42 104 23 79 99 165 36 176 34 1 115
    245 181 78 27 242 109 65 16 169 228 27 137 128 178 222 49 108 113 47
    132 61 72 167 60 19 26 170 110 91 112 56 40 125 196 92 159 45 166 95
    179 150 56 156 22 199 74 215 54 201 208 57 171 125 7 165 90 157 9 37
    242 17 104 179 149 197 121 63 57 148 206 55 41 132 248 0 159 245 5
    153 198 18 74 195 88 247 68 73 104 206 96 100 255 59 63 46 147 151
    195 111 81 122 71 227 95 65 104 131 185 207 32 110 13 49 145 211 107
    255 161 126 71 101 152 232 17 180 99 52 68 213 67 68 231 47 169 116
    186 209 45 208 112 232 203 23 93 83 74 70 50 166 26 48 50 60 199 201
    31 106 3 93 158 26 120 221 205 122 16 16 8 67 88 167 140 167 234 249
    221 159 176 255 96 233 116 172 1 168 99 89 157 232 87 255 254 121
    181 165 175 96 98 180 201 73 253 10 131 148 208 240 46 142 121 144
    41 8 147 29 38 180 22 74 4 126 149 238 236 206 102 76 99 62 121 49
    47 60 80 94 64 59 243 61 9 37 159 107 147 229 211 208 107 162 152
    105 132 180 155 145 234 27 198 153 170 121 81 186 237 124 47 255 64
    152 42 96 239 226 191 169 132 93 83 148 228 158 131 144 102 221 135
    21 54 98 42 58 91 171 205 57 161 88 25 87 68 71 240 51 115 51 36 177
    193 28 250 46 210 176 41 70 201 11 62 254 140 243 123 207 131 182 5
    144 212 61 62 113 55 152 44 161 44 141 244 181 129 163 68 168 96 60
    26 3 35 164 43 195 131 33 205 207 94 146 120 86 3 62 244 223 9 204
    28 178 44 131 106 223 95 35 111 127 110 159 12 138 55 252 202 141 28
    136 222 232 60 229 183 79 14 101 106 166 183 63 252 96 156 136 231
    237 106 11 80 241 127 164 83 199 19 213 35 143 204 13 196 11 149 149
    0 215 252 77 242 210 18 77 33 19 126 239 23 212 46 20 28 157 191 71
    228 83 180 196 4 215 43 54 231 87 152 154 17 166 82 146 30 236 139
    153 255 30 13 213 137 100 38 163 8 95 177 124 70 101 219 55 176 186
    224 59 150 185 115 230 46 202 68 247 55 219 170 115 154 178 195 193
    45 176 198 211 230 215 220 202 123 75 21 19 202 175 2 123 163 86 77
    221 233 122 236 62 174 159 181 182 104 50 175 120 34 96 27 80 247
    129 164 196 129 243 38 222 128 116 31 97 109 202 52 120 111 148 89
    227 238 160 200 9 24 102 27 255 255 12 242 248 76 212 157 134 112
    207 95 27 246 164 16 46 188 43 135 63 17 241 32 209 223 170 76 241
    65 155 191 242 74 56 131 171 92 138 128 231 197 145 124 147 237 184
    53 135 48 18 245 183 141 203 136 114 155 112 37 194 56 56 56 93 153
    49 252 51 87 166 20 86 159 83 244 194 188 18 124 9 231 101 104 211
    96 219 135 134 242 44 198 148 116 67 34 117 102 80 61 93 20 200 44
    101 212 8 118 60 69 195 78 240 175 160 51 249 90 193 64 175 75 19 27
    154 250 225 235 142 189 228 144 47 164 236 56 209 14 207 56 122 190
    115 159 13 70 75 68 52 95 218 54 215 168 94 167 150 222 23 47 120
    216 57 203 105 165 43 2 170 108 149 40 119 206 204 206 99 227 123
    134 73 199 172 207 166 84 49 51 104 77 230 129 3 181 42 33 9 128 95
    193 12 17 159 214 208 179 70 115 209 178 155 104 91 216 115 53 146
    96 7 175 124 177 101 24 237 94 218 190 169 234 56 243 34 83 162 179
    194 193 182 27 143 82 1 15 253 110 11 13 254 43 46 101 77 64 249 190
    33 18 171 166 205 55 1 210 38 115 178 161 22 95 127 69 226 33 246 75
    45 82 186 176 138 220 202 15 57 61 140 178 232 221 126 141 245 115 1
    160 129 54 103 58 162 10 4 47 32 131 197 44 188 13 228 147 76 170
    230 164 156 150 251 188 161 127 94 125 56 196 237 136 150 232 133 79
    111 85 223 245 95 173 49 212 142 190 202 32 210 5 83 242 98 247 248
    144 165 253 126 173 116 204 60 179 159 211 58 220 148 8 19 36 120 22
    11 23 164 167 162 26 209 106 227 40 230 41 116 102 63 4 254 51 70
    110 107 186 121 84 124 249 28 83 19 138 11 75 183 99 30 24 200 108
    142 204 56 1 61 174 193 83 255 184 36 38 210 52 243 144 54 75 152 75
    53 168 140 65 154 228 182 19 243 165 2 49 150 131 50 66 60 217 76 0
    220 3 248 144 17 192 156 166 133 60 41 105 75 231 79 108 100 6 0 27
    138 37 29 236 8 139 204 133 50 57 176 47 190 217 13 8 166 129 191
    127 242 171 71 204 153 116 186 238 55 188 30 30 89 92 5 145 7 66 8
    204 40 99 53 190 126 220 32 0 181 39 2 194 207 105 27 135 35 79 16
    47 227 162 222 9 193 153 48 167 241 195 108 43 1 85 117 20 109 211
    207 57 101 36 139 84 70 32 109 33 241 14 244 148 119 198 8 121 207
    21 210 206 85 95 243 173 41 83 217 127 37 241 107 225 243 234 141 56
    224 136 204 43 42 117 227 180 132 206 0 183 157 64 202 215 49 85 252
    84 196 163 29 39 42 175 34 125 183 123 92 62 201 47 214 102 150 161
    200 143 165 70 246 171 251 135 249 186 96 137 219 18 58 133 163 38
    172 250 119 202 248 72 108 196 97 30 209 133 30 60 67 73 214 170 5
    58 125 180 254 22 57 63 198 32 167 243 132 207 60 68 76 99 98 12 94
    19 30 218 222 124 206 6 56 223 127 188 154 24 179 5 167 16 51 112
    163 36 15 8 121 183 172 132 16 160 74 96 50 156 104 3 162 146 43 212
    180 143 148 44 227 247 106 188 227 108 34 206 57 81 7 200 238 154
    157 161 43 181 156 181 20 103 124 140 29 138 193 6 245 232 86 185
    156 2 84 140 220 131 104 112 22 92 75 234 206 47 249 177 113 140 29
    136 231 166 219 114 2 46 247 204 65 204 81 74 60 82 240 139 25 15 6
    12 236 183 237 70 253 75 38 162 255 168 236 52 187 118 151 210 188
    82 44 96 28 207 52 46 92 171 78 175 26 223 201 189 51 99 143 60 58
    39 142 90 21 221 184 148 214 227 178 100 144 145 250 14 83 155 42 48
    183 156 174 11 189 23 43 3 177 16 180 196 189 161 30 232 246 140 0
    142 162 201 41 164 245 55 45 171 178 15 228 232 131 163 198 61 140
    165 17 66 168 85 17 1 215 196 54 211 14 228 52 40 109 173 133 130
    194 30 26 56 250 10 58 75 178 77 112 124 249 185 47 34 198 41 187 63
    222 230 87 23 219 246 37 6 223 68 122 234 146 58 64 114 57 65 119 10
    250 25 179 58 89 208 182 44 109 152 137 40 98 71 129 17 9 5 21 86 23
    64 245 131 64 19 128 96 254 194 40 137 108 207 21 137 54 81 166 250
    115 32 32 237 16 236 41 7 181 62 207 251 216 212 213 200 154 246 0
    31 136 16 14 56 113 217 121 144 147 178 3 245 68 163 122 230 89 236
    65 105 253 133 96 220 202 255 234 102 180 46 131 94 122 146 72 174
    219 98 39 119 189 2 171 7 241 218 203 166 30 81 96 186 247 141 66 47
    10 133 4 130 149 61 234 110 29 153 182 232 88 148 9 230 187 86 16 84
    94 241 68 249 60 108 175 45 146 240 49 84 103 28 55 106 240 42 33
    141 139 45 246 206 201 155 74 175 159 139 81 138 78 159 74 254 226
    161 216 20 230 249 69 84 48 187 48 190 201 135 211 40 195 85 171 64
    3 202 111 243 97 11 240 154 45 135 182 146 204 150 185 195 153 238 9
    181 116 189 27 151 40 181 115 80 98 213 243 202 236 62 45 250 116 48
    252 37 105 135 188 65 205 155 103 169 3 71 126 222 21 64 104 140 196
    11 199 193 182 3 183 216 117 85 72 51 12 138 209 43 230 205 64 137
    60 212 63 18 219 65 110 69 237 157 93 200 12 211 97 192 3 48 176 170
    18 112 190 64 156 72 186 214 147 174 135 170 255 75 54 80 114 63 161
    130 120 6 172 208 94 54 109 3 1 203 198 153 233 246 214 210 44 104
    87 110 98 137 251 43 242 66 18 40 118 196 206 180 117 235 242 213
    185 132 171 69 225 7 6 190 135 186 54 237 231 98 195 213 246 242 193
    237 52 213 92 52 29 50 110 176 199 17 153 33 178 22 234 84 216 83 78
    254 225 154 251 109 172 232 178 164 58 148 242 235 105 81 200 80 173
    52 243 68 45 5 200 155 80 72 192 144 161 26 58 230 169 106 142 136
    196 208 167 63 221 186 241 38 205 24 210 82 150 16 3 84 161 177 194
    44 157 248 98 10 113 30 13 32 162 86 42 83 114 173 26 0 249 119 209
    193 91 217 244 81 79 152 246 68 157 253 114 97 12 150 20 11 40 7 72
    80 70 111 43 139 115 18 206 187 209 186 112 128 104 65 51 196 121
    200 112 209 155 219 247 23 12 163 217 199 123 161 244 69 126 167 206
    242 128 205 176 242 12 216 84 88 243 114 40 249 215 134 125 103 26
    74 146 254 146 45 32 85 250 253 171 98 196 217 1 97 50 90 52 88 230
    171 76 177 94 55 155 6 169 176 137 164 254 65 177 228 153 238 129
    104 1 213 195 33 151 116 156 213 128 5 26 243 22 44 201 184 164 161
    15 25 29 96 171 96 68 81 77 228 86 109 236 14 112 245 17 25 65 162
    166 225 108 20 144 63 181 220 235 180 231 238 190 45 223 243 34 226
    213 14 234 145 168 205 149 16 252 223 56 126 91 110 240 59 94 218
    220 28 240 163 84 144 111 80 193 82 209 204 238 220 172 150 55 42 96
    113 2 176 186 219 128 225 202 117 117 145 180 98 134 162 82 69 197
    136 197 216 75 190 79 159 230 120 94 94 151 93 136 99 199 239 48 75
    129 18 33 7 117 162 27 224 100 101 156 202 201 228 63 18 243 87 233
    53 234 210 159 118 159 33 172 60 194 0 227 176 251 211 188 12 214 13
    167 131 29 97 228 130 148 112 71 236 179 72 173 110 11 198 14 135 82
    67 50 205 241 23 37 248 98 162 255 44 39 158 135 116 39 12 177 222
    48 202 54 97 95 29 23 22 173 8 233 109 114 26 116 57 186 21 102 129
    175 122 224 72 17 103 194 222 243 27 78 253 91 140 172 58 218 15 12
    173 166 155 37 188 193 206 81 170 94 187 24 218 253 23 184 230 219
    188 56 7 92 137 224 186 78 178 136 22 171 235 180 228 197 86 35 163
    0 120 50 26 223 80 147 176 132 198 79 230 16 60 153 62 172 215 124
    219 213 226 79 202 227 132 25 203 138 117 111 45 251 247 183 66 174
    250 233 26 29 210 153 10 249 192 127 205 58 120 44 46 38 197 199 141
    195 232 43 76 158 34 52 174 239 217 43 214 24 148 188 37 182 147 58
    232 149 46 203 135 44 176 208 144 98 90 202 218 224 115 103 135 192
    90 36 164 153 138 17 81 87 113 27 230 88 35 237 20 3 249 185 87 208
    203 151 156 15 72 1 207 247 112 117 112 219 109 203 172 102 153 96 9
    82 75 194 240 53 142 253 140 254 226 104 208 161 162 27 41 161 211
    176 18 139 122 59 81 49 120 11 15 177 96 194 96 254 15 34 69 220 28
    218 60 55 82 220 54 83 216 241 22 85 145 186 69 71 132 168 17 116
    160 211 116 250 191 252 84 123 30 237 239 220 166 187 12 76 182 168
    41 185 115 35 104 118 209 15 162 186 241 164 179 197 210 217 23 246
    175 179 143 160 237 187 206 134 207 245 197 169 43 78 117 184 52 126
    6 27 253 89 186 178 50 86 140 99 34 124 111 124 225 152 66 214 158
    203 194 47 142 159 1 46 56 174 6 111 244 108 7 56 231 147 34 171 19
    45 186 114 189 250 84 160 64 166 12 92 88 68 3 2 56 191 121 194 250
    201 111 254 52 170 149 204 164 13 50 24 70 153 250 78 161 137 192
    158 255 245 243 203 22 13 92 123 28 219 216 184 38 27 184 152 160
    154 74 91 241 20 46 12 227 228 187 67 53 98 135 150 63 32 254 0 39
    12 223 217 175 252 248 138 201 145 200 65 174 10 113 65 214 75 40
    182 215 110 6 236 64 157 170 244 197 144 26 33 173 179 194 246 89
    218 195 222 234 169 71 84 12 5 29 90 81 33 196 237 14 13 221 36 19
    204 177 153 13 151 73 135 107 57 135 23 246 104 2 131 157 14 10 72
    23 15 185 227 102 16 149 186 62 191 23 165 45 13 19 119 189 204 1
    123 231 6 58 110 101 205 16 177 142 150 212 56 41 234 44 183 193 4
    130 21 77 176 10 244 238 241 102 186 33 69 205 29 28 88 161 59 28
    129 42 165 57 240 77 3 169 127 34 59 199 169 130 204 207 166 19 78
    213 200 136 1 246 149 35 5 108 225 104 47 61 81 213 135 233 26 188
    16 217 112 208 64 80 178 105 49 209 224 159 110 8 60 137 33 63 182
    209 82 93 187 177 87 213 242 152 172 126 191 86 83 148 28 210 164
    225 5 127 106 242 152 111 82 156 251 84 219 157 173 243 201 165 33
    252 197 187 48 77 32 139 126 222 2 34 121 40 19 200 33 147 40 136
    157 155 158 241 83 208 11 174 128 182 192 244 14 43 97 168 117 99 59
    61 86 244 218 208 3 127 149 129 128 242 57 212 247 225 51 222 239 7
    255 111 249 3 82 83 129 61 159 151 78 95 140 236 121 177 144 29 29
    72 114 230 27 134 40 38 49 115 142 49 145 39 44 252 123 227 195 81
    143 170 109 184 99 245 168 83 194 181 122 187 62 132 243 194 58 112
    182 26 186 253 216 35 56 49 70 11 65 170 81 21 219 147 245 82 213
    219 86 213 21 103 69 174 177 29 159 42 71 254 63 162 47 22 163 154
    175 53 218 182 73 13 78 219 76 106 119 110 228 116 35 28 2 198 209
    222 237 210 139 153 231 71 109 106 44 157 209 121 113 95 0 135 99
    167 220 213 165 156 160 75 164 163 215 68 241 33 103 131 164 120 56
    25 129 148 164 226 144 163 15 28 172 161 20 193 224 237 221 9 37 182
    4 123 82 220 75 85 104 87 163 202 42 62 125 170 232 20 197 216 16 20
    52 57 62 145 239 161 206 67 65 254 90 125 127 8 161 225 40 162 99
    175 182 171 61 228 146 9 174 255 134 23 194 242 64 165 151 28 249 86
    252 88 50 173 126 202 187 150 133 75 154 15 228 160 33 71 19 203 197
    79 102 120 233 65 64 131 35 155 23 95 207 87 206 108 249 228 43 140
    170 18 13 110 125 179 125 42 194 67 205 243 212 246 42 173 193 215
    184 107 57 144 19 105 103 106 6 202 52 245 163 188 216 236 238 65 79
    83 2 57 214 150 175 104 177 4 35 164 191 167 65 249 31 251 154 15 78
    30 129 81 128 89 23 50 170 66 15 82 120 94 201 99 197 50 129 148 95
    243 236 122 36 45 194 235 10 171 26 192 29 8 68 125 182 238 55 5 45
    161 194 93 203 44 17 53 61 4 223 191 136 136 210 19 136 123 141 68
    15 72 253 157 152 166 237 164 50 198 81 49 162 35 20 99 137 120 66
    141 40 187 0 251 86 38 59 110 244 156 179 224 223 21 167 167 228 186
    194 109 19 217 144 24 46 166 183 55 61 175 148 191 30 36 158 105 164
    124 78 245 44 164 11 226 174 51 166 73 40 142 127 73 6 68 56 54 198
    190 64 181 116 244 155 21 102 2 240 95 138 248 91 12 229 86 179 67
    34 28 243 69 213 190 100 221 118 168 251 45 236 160 180 185 35 187
    244 129 142 207 159 97 87 72 121 191 144 117 202 213 160 46 124 205
    172 195 146 85 242 86 254 167 60 89 24 20 40 173 33 236 198 203 155
    175 30 159 152 246 219 57 43 138 169 220 21 113 190 15 195 106 81 69
    32 248 184 110 135 26 70 46 0 217 150 165 218 216 174 97 235 232 233
    156 19 140 196 238 166 69 175 206 236 112 43 182 201 165 222 28 106
    101 237 111 181 202 146 238 9 155 52 189 37 208 146 130 200 63 207
    168 25 100 153 174 19 38 141 161 2 170 57 85 51 39 38 4 218 55 216
    74 124 121 183 124 29 177 61 33 57 193 250 78 217 149 199 243 236 62
    188 25 208 110 41 214 93 128 157 65 8 37 91 247 207 93 122 5 22 66
    221 22 249 252 236 13 11 46 137 192 52 21 96 156 225 128 116 150 121
    216 102 53 117 93 104 235 63 192 203 25 193 67 22 9 231 13 149 180
    167 177 219 238 136 161 126 121 227 223 129 31 133 73 85 235 60 236
    11 59 153 82 203 17 156 144 203 23 8 90 133 110 180 180 17 226 210
    55 11 241 19 133 237 200 213 24 41 197 108 48 120 207 170 73 48 223
    100 108 101 254 127 242 234 141 88 212 230 18 21 18 105 12 166 31
    152 251 168 74 17 78 254 140 221 207 180 208 99 218 142 219 121 167
    200 66 99 22 74 120 83 20 173 4 179 114 177 250 21 136 223 16 151
    105 160 226 68 62 159 55 25 62 204 207 1 34 21 208 217 6 186 108 31
    46 25 225 176 236 225 82 214 111 243 52 81 131 203 91 230 100 3 70
    203 196 196 9 153 208 163 211 210 90 49 53 121 219 245 192 111 89
    214 11 27 95 100 160 6 189 210 175 30 167 87 77 44 209 238 197 27 64
    12 123 9 79 218 57 19 231 160 81 106 47 108 231 43 238 205 138 196 9
    37 52 195 10 15 42 94 159 77 54 18 144 148 148 51 59 155 90 154 190
    150 27 159 208 91 207 160 128 37 21 43 48 169 196 178 19 83 179 85
    51 95 41 57 194 97 22 100 25 19 218 198 232 224 28 102 41 0 7 2 24
    31 114 238 153 199 90 91 110 143 156 234 87 180 61 234 163 114 17
    144 225 73 70 97 224 120 100 173 64 134 31 190 103 66 10 80 100 10
    203 239 185 213 44 159 7 246 117 71 239 41 212 86 90 8 158 143 241
    41 192 75 245 125 77 155 204 148 124 169 36 58 54 161 200 216 208 23
    218 66 138 103 34 34 255 61 44 15 240 208 142 30 49 151 39 102 74
    198 180 23 181 99 42 178 240 60 112 18 235 94 200 75 248 225 62 136
    68 155 92 201 191 3 132 71 145 148 223 143 115 121 56 98 25 111 253
    131 135 9 67 24 85 198 132 127 111 145 84 146 122 206 132 57 20 103
    245 40 190 168 37 118 132 241 51 236 153 55 123 18 28 37 4 43 110 56
    83 156 232 104 219 230 175 36 211 6 198 210 93 90 224 9 133 133 252
    70 197 111 206 42 166 193 154 31 32 88 75 182 40 144 139 16 0 58 209
    136 102 144 165 151 151 166 21 209 50 215 123 100 142 124 29 1 95
    161 180 10 16 226 235 4 140 167 244 149 107 106 147 88 182 172 168
    225 191 222 15 50 150 215 150 203 235 50 185 215 233 103 46 1 119
    253 134 25 49 43 185 220 141 186 191 108 79 217 94 187 16 180 163
    107 249 127 169 8 24 136 196 1 250 241 156 216 167 245 241 229 92
    218 153 155 19 113 19 79 87 86 13 110 81 110 0 73 170 205 84 13 220
    68 121 228 219 56 111 241 126 246 199 116 199 225 67 135 244 103 46
    82 74 172 58 160 207 166 210 88 107 20 14 31 251 60 233 172 16 199
    147 59 254 185 93 158 46 103 222 125 79 212 122 122 120 118 102 138
    249 89 30 230 64 86 119 156 40 128 234 91 5 211 74 40 158 27 228 161
    153 164 139 140 127 169 191 212 39 208 147 180 50 144 44 7 215 223
    234 30 213 213 154 110 237 233 35 72 77 44 114 73 95 41 127 202 35
    37 145 147 20 80 2 181 145 2 20 155 214 59 252 148 196 224 9 253 85
    209 3 117 99 69 101 221 222 170 159 60 119 115 163 16 237 55 28 201
    198 76 48 48 169 179 82 7 130 24 7 98 79 41 217 145 127 79 245 190
    216 180 2 121 178 133 95 64 161 164 149 64 56 43 142 30 124 77 173
    77 133 69 225 92 245 68 189 253 73 171 107 197 101 26 119 46 193 70
    40 246 101 73 125 191 161 228 213 196 78 250 20 93 82 227 175 167
    220 245 56 77 248 151 13 79 194 36 55 73 186 51 197 119 197 127 122
    34 172 222 209 117 251 107 18 81 191 196 127 119 247 119 178 213 235
    145 7 159 253 97 200 131 161 96 50 115 131 201 191 58 177 219 93 101
    14 95 39 3 176 38 10 176 222 126 186 213 192 58 176 107 252 33 28
    160 202 42 175 7 174 175 92 221 84 191 212 80 235 142 161 186 40 147
    203 230 249 239 174 105 172 6 184 237 33 106 148 30 2 11 123 147 63
    141 53 27 118 152 59 31 38 52 182 51 238 50 236 62 169 87 163 23 105
    45 227 158 93 120 50 11 0 22 123 69 91 134 44 197 9 226 119 103 191
    67 131 126 247 67 170 204 134 169 102 83 40 16 3 68 82 52 22 226 235
    143 59 253 203 253 13 219 250 209 54 10 210 172 73 74 16 153 75 102
    234 238 30 174 153 99 98 162 102 35 220 199 129 89 219 19 212 32 188
    90 167 173 120 211 185 20 244 201 246 158 36 102 226 204 71 89 90 43
    180 255 52 41 135 219 74 146 248 83 0 160 95 237 96 216 9 242 29 253
    222 104 207 145 112 161 189 187 107 166 203 114 223 17 179 143 117
    165 26 186 139 195 42 46 70 73 247 210 141 202 253 227 246 59 133 74
    126 201 4 94 161 30 97 116 9 96 110 247 242 33 133 36 96 26 210 163
    135 43 114 71 232 1 96 14 248 21 221 45 185 84 26 0 169 98 203 109
    50 190 201 240 14 251 52 21 154 71 25 147 120 237 35 105 46 152 105
    63 93 146 64 185 147 173 128 143 23 13 248 48 60 152 145 226 3 147
    207 237 19 12 104 129 63 202 4 146 212 25 100 217 224 201 170 124
    130 79 172 107 232 178 92 209 37 75 80 54 146 226 82 77 70 139 116
    121 137 243 158 49 241 119 225 132 167 39 158 142 156 116 119 198
    154 104 115 79 41 129 80 106 19 96 58 23 207 105 52 239 130 124 110
    69 5 36 107 236 221 144 172 163 91 116 104 196 174 111 48 122 53 121
    92 75 116 104 4 87 221 46 49 120 146 28 208 171 180 251 168 29 101
    151 216 121 216 4 160 187 138 182 111 29 13 249 219 171 57 68 166
    198 29 92 143 183 254 17 254 31 116 66 100 176 221 129 47 131 236 86
    131 55 120 42 9 121 177 11 37 47 35 193 229 248 12 164 254 47 103 64
    179 73 46 234 203 2 208 213 80 112 64 6 190 198 249 28 129 54 111
    184 63 41 68 180 251 96 247 71 71 133 190 46 114 33 62 91 137 136
    190 111 87 24 112 182 43 215 69 139 215 20 73 213 45 26 225 135 114
    8 209 51 199 32 64 228 113 145 102 194 64 5 102 98 217 115 71 83 189
    163 105 252 105 83 183 106 95 179 6 68 235 195 125 211 233 221 121 6
    171 249 0 131 39 139 243 157 79 230 245 223 238 150 71 166 145 154
    233 187 211 162 211 208 42 202 97 48 64 222 214 239 33 37 2 87 66
    192 35 62 189 167 92 213 120 169 65 198 135 157 136 230 78 15 187 34
    118 48 249 229 232 86 49 184 77 117 163 72 154 195 79 53 251 135 24
    135 140 217 2 150 128 218 178 162 124 240 115 220 121 229 208 94 132
    168 116 3 141 121 39 244 205 36 153 82 238 104 108 6 152 242 122 223
    192 222 64 64 58 100 163 66 225 24 185 226 223 196 215 199 19 97 76
    150 224 165 253 117 188 79 237 22 27 193 201 220 145 142 111 105 205
    194 70 166 93 16 202 202 22 83 89 208 228 182 174 53 252 111 179 85
    201 95 99 160 166 133 126 79 200 101 2 88 45 146 194 118 255 57 140
    200 101 198 210 208 57 79 73 24 21 8 7 206 1 120 30 49 78 230 161
    251 205 214 54 221 78 208 171 65 55 51 250 171 162 249 203 155 12 93
    36 253 197 115 111 16 184 156 20 9 33 81 161 52 178 37 154 104 155
    157 112 156 249 83 237 255 164 103 185 64 44 192 219 147 202 40 126
    235 86 52 203 69 7 212 179 100 252 31 108 179 117 216 66 51 148 223
    25 37 194 106 154 11 228 113 9 133 209 21 198 203 73 196 157 231 145
    63 163 218 63 190 62 169 205 19 139 141 58 189 168 107 111 153 76
    192 211 10 11 213 32 215 4 100 224 57 217 134 10 87 251 228 21 24
    180 194 148 62 144 99 194 90 16 47 56 245 6 208 87 187 133 151 37 54
    207 206 118 126 18 244 16 132 54 231 28 178 209 9 230 216 43 79 239
    253 182 70 224 108 240 217 35 169 49 141 82 4 77 19 231 242 198 146
    161 53 69 77 88 110 101 129 81 133 56 250 20 213 44 102 165 196 183
    22 110 56 233 147 207 100 8 129 94 139 175 47 81 224 2 153 211 243 8
    241 115 203 241 221 38 198 40 144 242 160 203 208 55 17 139 126 244
    231 24 8 100 121 110 226 223 139 184 88 24 202 192 36 46 236 159 79
    61 225 138 199 87 7 193 83 249 224 73 195 190 208 97 25 25 142 173
    253 22 67 127 79 94 18 83 26 189 9 146 9 206 118 130 112 31 38 4 175
    239 184 162 71 255 0 104 110 224 6 171 20 6 252 134 14 251 246 64
    174 202 19 232 235 141 248 103 46 15 121 164 172 233 189 238 216 164
    154 133 232 15 117 190 128 59 96 225 230 98 245 97 128 214 251 185
    24 218 71 208 169 209 103 140 36 185 178 188 98 126 151 116 43 178
    228 228 128 55 122 83 111 228 178 12 122 234 151 189 255 200 242 23
    216 147 209 9 43 111 189 39 71 110 126 220 117 30 152 147 209 130 84
    68 53 216 114 146 8 187 102 241 174 234 82 125 168 191 231 48 205
    207 10 236 160 2 168 81 137 229 216 179 213 236 34 107 163 69 197
    255 215 29 164 186 91 191 226 89 15 222 61 39 138 100 37 250 234 241
    90 207 131 26 67 112 19 36 48 141 95 143 94 215 32 239 109 212 187
    165 125 121 50 227 3 21 110 3 33 34 123 164 16 150 116 108 159 15 6
    96 60 229 147 97 30 206 78 232 99 22 203 180 207 5 58 229 178 200
    197 9 139 164 109 144 79 52 153 58 88 146 181 124 124 172 42 147 139
    119 209 75 246 51 84 153 76 219 113 240 88 126 164 152 236 204 26
    212 38 107 100 72 168 92 100 165 21 203 75 25 68 59 12 63 213 76 169
    191 34 213 225 114 146 240 119 239 50 20 13 208 42 156 215 127 234
    134 230 71 242 73 188 84 179 153 58 8 191 156 242 136 246 202 19 207
    36 0 154 133 2 96 188 119 205 202 136 152 178 85 84 208 23 120 39
    219 68 222 169 114 126 122 215 146 104 118 252 180 144 242 163 37
    123 140 38 192 178 50 154 72 222 188 195 27 210 149 184 152 20 143
    192 194 109 244 222 60 153 118 233 20 47 220 169 188 69 31 161 218
    201 43 81 26 97 169 147 189 93 71 169 66 102 189 238 112 145 86 80
    105 150 178 207 97 60 227 54 205 77 129 162 168 10 208 76 159 226 44
    113 115 230 1 223 220 250 61 254 149 239 211 154 116 249 35 70 175
    64 143 0 124 107 177 34 250 16 142 139 249 206 71 227 31 143 107 95
    54 40 52 31 166 229 229 245 88 107 230 244 157 210 158 69 147 204
    197 253 203 239 134 107 247 82 12 3 194 26 159 253 41 195 66 248 203
    104 28 57 120 190 85 154 75 130 235 134 65 95 180 166 234 105 182 47
    77 164 83 202 246 184 5 117 162 123 125 97 49 255 14 36 72 158 222
    216 171 123 151 102 179 81 32 128 196 144 100 103 83 124 100 234 59
    250 176 104 39 249 126 39 254 46 110 35 209 216 72 197 130 206 123
    214 94 194 255 194 44 253 70 59 101 244 153 111 156 13 221 27 234
    162 130 120 129 230 181 28 162 72 218 157 128 207 82 128 38 39 13
    179 134 56 113 3 171 26 227 81 162 180 154 65 187 252 43 23 191 77
    23 132 21 64 115 108 249 231 138 107 32 219 147 162 195 32 173 220
    45 46 19 40 122 144 172 198 185 83 127 99 132 45 137 179 23 207 237
    131 53 84 34 11 65 212 225 70 223 112 178 88 84 248 59 140 218 2 15
    126 24 60 83 38 42 98 163 51 43 51 216 48 246 176 227 245 71 149 59
    180 93 191 248 135 163 201 97 96 146 141 195 159 100 150 199 129 252
    139 125 190 220 103 231 14 204 236 16 122 76 1 228 68 193 15 123 69
    143 48 51 105 3 158 88 166 116 248 81 245 196 153 35 110 109 244 250
    182 151 117 244 91 60 104 159 10 255 220 120 47 71 77 61 13 249 80
    201 51 204 30 75 18 253 240 67 42 72 142 217 100 87 175 57 255 201
    56 68 23 166 6 150 243 73 78 216 17 115 240 229 64 120 212 146 26 81
    135 93 154 104 110 175 17 227 91 213 9 215 179 225 122 185 75 207
    168 135 147 17 20 244 149 168 78 138 54 21 159 147 74 40 211 87 179
    218 48 64 247 17 179 245 94 113 249 202 50 23 250 72 177 37 223 122
    42 68 158 29 155 128 7 74 127 158 228 181 8 231 67 213 124 161 89
    226 223 216 69 45 199 149 248 9 147 174 129 85 223 243 107 229 210
    144 82 20 199 64 98 171 64 129 145 125 188 106 156 161 241 235 106
    171 212 245 113 48 123 156 234 123 189 18 237 106 166 200 46 8 89 44
    246 1 137 127 154 112 167 237 248 65 168 106 235 136 146 158 194 162
    238 157 160 153 198 11 192 40 177 170 193 38 89 64 166 9 125 36 221
    222 221 53 222 85 159 251 2 123 76 216 209 60 13 48 213 216 55 64 22
    144 12 254 128 35 230 203 245 245 146 169 123 201 223 25 217 202 93
    239 190 10 154 219 157 6 12 195 104 147 157 210 227 235 228 237 237
    204 67 147 37 84 233 229 160 189 144 82 34 63 79 188 151 70 241 201
    105 140 125 143 253 211 222 49 81 70 23 237 168 72 101 57 34 15 79
    240 216 17 247 214 133 81 189 126 115 49 27 226 22 48 99 103 238 182
    36 102 74 223 0 41 168 50 165 246 243 241 37 228 163 135 6 120 92
    149 15 93 9 117 102 255 225 48 184 120 48 106 34 233 66 9 73 129 28
    243 191 100 14 23 198 155 70 54 204 78 21 169 63 207 35 17 116 247 2
    49 191 117 250 101 223 120 217 8 222 215 1 156 181 38 196 6 0 236
    116 148 99 234 100 30 179 119 232 92 166 47 229 129 152 67 83 152
    192 155 194 134 103 182 203 109 239 217 133 63 166 120 203 210 31 78
    14 170 182 88 207 58 26 208 25 69 188 156 233 77 7 241 2 88 190 185
    153 247 176 95 240 57 111 7 207 52 155 108 118 180 162 209 250 237
    127 62 187 128 214 117 130 192 201 160 41 197 150 15 243 208 36 195
    160 13 41 191 57 100 123 111 124 15 250 173 110 178 96 219 36 213
    142 24 238 61 153 90 110 232 81 178 13 129 2 191 209 145 31 117 178
    61 72 220 75 212 15 155 178 210 200 233 127 203 126 171 240 126 155
    186 16 17 135 207 14 178 196 190 154 153 58 175 183 86 148 55 42 80
    73 210 167 214 24 49 148 14 255 236 213 5 162 10 230 93 210 191 159
    52 113 206 39 213 233 140 58 49 90 243 209 196 122 56 50 36 83 130
    175 170 81 205 199 39 164 161 167 118 222 36 254 67 107 16 225 133
    190 14 104 56 130 59 89 164 202 94 48 185 20 245 160 147 40 5 145
    102 181 38 169 170 111 100 148 86 124 248 113 169 39 218 4 76 216
    247 118 244 96 188 93 22 180 67 50 104 62 153 33 161 176 116 223 116
    239 16 107 206 149 127 225 155 110 111 251 208 177 240 36 249 150 44
    188 130 130 57 27 27 41 47 18 44 128 200 82 1 113 184 10 101 232 178
    5 25 120 28 124 87 22 60 167 195 211 191 4 191 76 139 5 167 222 186
    5 76 153 224 21 222 211 80 21 234 31 240 95 134 81 250 58 92 97 80
    88 253 122 159 215 37 97 177 202 65 253 177 20 184 13 113 179 86 62
    18 111 228 164 253 185 193 201 125 58 167 73 202 64 143 204 51 227
    200 76 38 6 160 199 186 142 112 76 213 244 241 148 220 230 172 69
    241 94 155 22 145 168 168 16 159 197 97 233 117 184 134 167 93 244
    179 67 75 128 222 25 35 28 106 138 106 150 185 94 15 239 185 178 158
    97 66 155 169 74 138 127 146 5 108 36 104 58 251 124 34 42 80 76 22
    30 253 194 237 60 240 129 33 133 90 78 180 221 36 74 151 92 116 98
    110 21 105 49 184 122 239 198 236 251 1 5 0 92 125 86 122 193 84 132
    51 152 6 19 122 138 253 167 49 176 237 242 114 11 98 223 157 241 225
    208 197 113 132 239 44 59 53 53 49 240 13 194 236 18 22 192 104 142
    111 14 36 186 74 58 103 214 194 233 73 8 102 62 240 46 214 137 167
    240 22 128 7 154 184 102 155 169 181 146 112 213 112 68 37 246 198
    227 117 45 111 132 27 42 152 143 176 148 75 121 170 213 2 154 53 87
    50 215 86 200 20 67 124 34 33 22 253 10 50 139 1 217 236 171 217 206
    101 53 128 3 23 59 25 124 136 69 228 112 198 122 157 4 242 116 212
    136 238 218 141 189 206 73 118 56 97 231 171 100 62 31 209 136 210
    167 33 89 221 58 145 192 249 111 65 154 253 9 223 213 35 209 107 190
    172 186 24 81 134 103 35 4 137 230 8 115 244 78 58 103 142 140 104
    210 81 115 124 49 117 53 109 180 14 38 184 247 2 95 81 128 25 55 161
    188 175 107 48 250 220 195 132 62 159 149 174 14 208 109 111 45 183
    125 62 114 135 224 38 5 163 205 90 180 112 1 46 177 180 253 206 63
    75 245 78 5 85 232 70 1 111 192 174 2 90 115 204 147 250 67 88 108 1
    254 148 215 135 164 91 237 104 89 123 204 212 66 40 87 92 184 224
    145 246 92 59 109 242 148 68 247 96 245 193 175 148 95 223 49 56 98
    139 228 11 60 146 112 76 55 67 63 173 22 224 31 88 145 113 81 226
    175 53 61 22 116 181 174 35 53 192 27 18 167 22 15 56 143 213 1 115
    238 35 54 128 32 178 26 201 251 134 33 128 188 254 74 27 238 219 244
    93 22 10 167 38 134 95 243 65 17 241 231 40 156 22 108 86 136 8 6 5
    64 9 207 180 49 51 73 108 198 72 12 74 60 35 91 198 131 208 193 17
    107 53 203 157 190 158 37 158 57 155 161 115 115 181 185 7 95 191
    218 157 46 8 108 234 22 27 199 27 16 68 253 242 156 155 22 202 92
    236 20 250 22 192 212 234 187 51 132 250 152 149 232 175 129 185 69
    212 64 1 202 138 125 231 247 166 128 112 141 250 219 100 113 205 71
    176 74 205 221 15 200 215 52 69 105 146 29 13 235 166 185 245 93 75
    90 45 22 154 215 66 163 58 103 100 142 189 163 110 153 46 2 60 181 1
    12 75 247 8 221 144 74 21 169 232 3 114 134 243 92 5 178 89 88 84
    209 182 36 254 109 112 91 231 183 9 82 159 18 4 89 127 241 10 250
    112 136 100 204 192 39 185 226 125 205 14 4 172 223 169 103 0 153
    101 109 151 53 169 155 113 255 147 102 49 36 82 41 123 34 188 36 17
    184 5 253 147 29 54 0 90 49 22 148 145 53 78 179 57 85 14 118 188
    136 107 6 27 41 211 14 119 207 3 137 43 91 10 56 155 206 27 206 154
    235 120 4 191 186 153 226 48 104 144 78 72 170 123 233 173 215 149
    229 122 240 62 120 102 148 28 70 245 252 53 148 125 172 54 135 143
    19 83 135 115 130 30 69 61 142 42 133 1 209 180 4 211 191 68 4 9 108
    91 98 192 91 180 132 181 192 39 226 173 26 78 122 184 115 63 255 145
    159 28 179 33 250 6 197 53 156 207 152 83 36 159 201 199 121 223 87
    33 206 79 94 65 16 42 147 90 111 97 87 140 87 185 61 32 150 72 150
    141 18 159 30 242 199 209 112 107 20 196 74 38 86 74 219 113 134 18
    156 0 67 44 165 46 53 252 165 127 164 232 74 195 246 233 8 53 248 49
    190 37 13 160 54 198 82 224 211 253 96 120 106 62 103 238 121 50 253
    189 212 207 94 225 253 109 123 181 189 201 41 214 133 122 37 244 196
    186 64 214 6 218 189 248 250 25 40 182 82 113 17 212 181 22 83 11 48
    74 55 79 180 193 164 70 39 90 117 209 12 180 140 204 183 56 49 33 85
    240 62 88 56 41 129 102 163 22 87 174 189 108 171 90 49 223 81 89
    133 47 126 227 29 184 166 143 59 250 115 89 69 171 30 160 65 224 39
    114 243 64 140 164 183 103 24 125 62 111 169 192 76 240 51 246 247
    158 124 49 120 1 224 117 128 113 214 7 39 32 19 157 72 5 97 65 111
    120 222 183 159 206 250 161 195 154 33 229 43 136 57 141 133 60 174
    204 231 127 227 165 183 204 173 125 56 59 219 104 230 116 30 45 223
    218 173 132 232 118 16 123 53 163 97 176 236 74 79 159 151 115 48
    158 160 43 61 63 90 175 8 118 76 146 159 140 164 190 248 70 206 69
    42 74 103 239 41 65 190 127 124 189 223 57 54 75 104 6 32 230 145
    159 65 252 199 79 28 215 24 27 140 184 105 7 116 31 58 81 50 87 43
    203 38 41 124 230 56 152 33 186 198 243 118 216 121 185 35 247 230
    222 206 38 17 116 137 30 134 31 18 135 80 197 124 248 96 165 216 134
    188 251 0 176 9 205 106 215 141 5 90 143 194 139 65 48 146 47 92 27
    229 195 184 11 77 74 220 16 201 146 167 197 144 11 32 110 135 106
    212 201 247 173 129 113 52 17 216 112 99 131 245 0 93 172 48 166 180
    198 95 212 71 172 9 61 0 142 106 27 228 7 68 116 76 126 103 197 85 4
    85 225 130 45 87 214 95 52 129 19 45 79 135 117 214 125 228 17 212
    218 56 201 86 80 94 36 48 76 11 189 251 232 251 35 135 235 6 8 228
    90 120 222 225 105 190 129 134 211 124 146 220 171 119 90 230 252 83
    201 236 39 105 188 197 9 219 60 36 22 133 11 82 12 162 120 220 248
    113 228 19 167 207 210 64 217 236 236 3 153 113 28 135 63 25 128 119
    199 91 74 246 252 57 64 50 86 188 199 32 200 70 135 95 25 184 169 86
    203 143 156 231 145 254 183 246 24 9 234 200 71 248 207 198 232 159
    112 213 173 169 31 191 245 123 103 222 173 149 155 71 90 17 52 60
    130 239 84 55 254 249 79 29 65 249 246 221 189 155 117 153 127 99
    147 188 37 238 76 118 15 22 18 137 253 122 165 193 187 26 53 112 23
    158 54 99 70 76 189 155 181 134 83 63 204 51 236 219 133 130 222 139
    149 206 40 79 34 225 200 149 31 19 10 45 177 108 170 245 87 155 236
    227 172 163 243 215 156 142 41 108 40 101 147 85 202 117 155 101 68
    178 81 22 85 5 101 152 193 191 145 194 133 185 31 179 25 13 100 128
    206 67 211 211 7 7 172 181 230 23 146 239 105 131 184 60 228 149 46
    177 28 207 198 237 79 235 144 239 163 54 173 189 171 224 81 167 158
    171 24 221 179 141 119 27 219 102 235 107 224 83 128 210 18 171 57
    230 249 20 247 160 182 251 74 23 130 110 38 198 99 255 208 210 9 142
    112 144 192 177 248 163 173 254 196 222 151 95 195 197 71 32 200 237
    247 243 139 39 41 204 45 227 175 51 46 178 198 79 40 240 27 144 239
    22 43 150 157 17 29 64 13 84 52 190 135 88 235 47 41 116 24 44 210
    63 111 170 207 79 119 253 57 36 189 219 246 204 54 210 66 199 6 253
    242 113 105 70 11 65 26 247 1 97 42 188 27 203 8 132 65 5 0 105 139
    141 16 223 37 77 105 0 240 150 92 105 47 210 114 145 154 43 129 189
    40 129 217 210 231 145 13 154 62 242 67 192 180 186 250 11 207 84
    188 122 75 57 182 18 235 19 192 107 196 209 46 30 232 190 171 48 121
    1 230 41 195 71 135 89 219 103 167 137 0 248 105 43 16 242 135 58
    192 12 245 23 25 240 130 15 231 94 89 163 215 185 20 35 134 109 253
    4 241 220 63 25 208 146 21 139 165 74 74 128 201 15 63 123 20 21 112
    74 70 42 247 71 137 187 105 228 248 144 39 244 191 141 34 161 24 47
    238 126 25 126 173 132 82 195 199 1 99 67 45 84 239 224 234 73 82
    231 154 236 129 150 93 202 201 105 11 0 250 161 14 239 18 19 199 11
    180 18 102 123 14 28 240 80 134 242 85 243 208 240 155 139 92 91 95
    113 69 200 19 113 135 244 35 160 230 235 215 139 172 164 141 111 124
    191 38 208 98 69 65 201 100 175 88 231 11 150 15 34 171 79 174 208
    12 198 186 243 70 233 50 231 217 119 198 220 111 42 179 246 177 131
    208 187 142 62 220 200 25 220 221 175 207 47 211 177 173 13 193 227
    248 13 216 47 143 221 186 248 204 26 145 55 209 140 110 114 85 167
    23 142 54 214 132 167 1 89 27 123 14 7 46 228 32 170 89 122 176 27
    112 47 22 77 11 252 159 222 170 173 45 138 78 162 169 84 252 247 148
    239 147 111 213 112 83 215 252 183 130 54 253 201 19 230 96 220 1
    166 78 223 7 79 56 203 214 70 7 202 101 100 104 56 133 13 171 227
    247 14 87 109 235 46 191 195 103 31 121 50 65 188 10 16 76 83 41 68
    48 4 22 212 27 163 99 150 148 167 70 129 126 138 210 142 170 151 38
    162 223 253 125 207 221 176 55 243 217 205 42 113 157 33 136 197 221
    131 177 39 30 103 221 125 245 108 102 32 165 166 123 130 189 144 76
    228 186 214 1 188 165 4 69 243 166 82 105 228 21 133 212 185 44 232
    109 103 214 249 27 2 87 153 171 22 33 66 117 69 214 49 66 99 38 127
    224 80 116 93 139 116 62 4 143 32 87 2 128 32 77 88 227 192 89 72
    126 230 150 62 220 151 50 220 59 177 137 230 14 70 247 219 80 159
    192 228 241 43 32 247 166 40 98 62 148 35 12 38 116 41 38 140 180
    168 246 243 204 222 19 87 124 243 182 118 66 70 67 195 103 229 40 82
    47 80 2 0 236 68 86 120 120 51 28 166 61 201 58 196 114 230 53 165
    201 159 144 48 71 24 29 126 242 136 23 30 236 88 186 228 81 253 236
    158 167 96 244 135 187 74 34 252 172 163 24 44 25 143 21 28 169 11
    24 9 102 166 69 89 183 125 253 55 6 66 31 198 16 85 134 25 237 216
    51 33 153 148 253 107 186 107 56 50 103 136 91 227 178 64 95 209 147
    84 4 60 220 68 21 8 208 210 204 214 49 71 141 2 165 86 103 137 43
    176 159 129 52 164 48 89 36 81 229 145 244 75 175 143 3 154 190 5
    109 146 19 73 150 240 200 18 204 117 170 60 193 205 161 249 18 212
    54 40 108 205 167 88 183 220 145 175 190 230 14 51 15 68 211 68 138
    137 198 220 240 113 165 50 227 66 173 85 142 54 156 232 32 27 58 207
    136 92 51 31 16 207 53 99 250 193 94 66 251 242 113 137 183 201 139
    163 192 17 201 227 149 219 143 164 159 98 23 78 0 115 194 4 130 123
    203 250 45 166 81 214 129 29 186 98 8 52 65 223 228 222 95 221 186
    82 139 75 110 217 224 54 244 180 49 116 187 214 46 224 201 160 144
    79 33 229 175 44 109 133 193 108 205 211 80 175 246 243 249 59 130
    95 167 4 34 255 159 147 215 104 203 97 11 202 141 31 227 105 54 208
    178 23 137 66 121 7 59 172 41 94 126 221 255 92 116 16 248 129 12
    102 200 200 188 30 71 146 50 193 161 170 210 255 46 193 46 39 233
    194 237 174 233 182 255 156 27 229 177 106 235 252 111 24 47 131 122
    144 221 214 199 237 194 80 99 22 230 165 110 254 82 46 202 115 148
    181 183 130 53 220 25 166 193 110 248 132 125 36 26 31 194 91 214
    230 100 162 194 140 218 212 219 122 48 6 12 234 180 47 208 71 136 18
    214 80 139 199 162 134 86 242 30 71 208 192 165 52 5 143 49 96 36 33
    135 41 94 11 60 70 25 252 36 251 239 18 50 163 209 45 162 225 247
    135 189 228 60 207 145 211 50 139 106 164 114 105 117 30 33 33 219
    154 30 87 7 7 26 161 134 51 240 50 198 239 129 251 119 62 236 21 53
    156 143 210 52 227 81 161 40 62 11 14 59 43 193 141 184 223 102 22
    114 32 71 128 42 143 26 6 52 128 33 234 158 91 154 12 49 27 98 174
    136 170 160 245 66 121 203 26 89 185 69 113 99 104 73 82 103 244 112
    160 12 222 17 48 26 119 26 170 30 235 26 143 223 138 79 145 120 44
    118 47 3 46 65 76 164 48 26 152 133 88 35 52 155 236 214 232 173 85
    153 202 240 27 124 197 125 156 45 218 228 148 144 131 35 50 232 100
    22 34 167 122 156 195 249 129 178 63 187 100 51 119 202 243 191 183
    60 241 19 139 215 19 5 85 207 172 165 249 114 197 175 51 55 28 93
    247 173 114 52 23 180 212 215 240 2 121 124 174 108 56 179 148 149
    193 153 73 29 159 187 225 250 154 94 231 104 98 12 206 253 255 126
    174 250 218 6 205 132 120 175 101 76 41 195 35 62 43 231 10 75 149
    176 169 237 122 169 90 253 136 8 146 192 210 124 39 206 232 60 59 53
    117 101 223 129 191 198 95 250 247 50 139 64 158 73 185 31 198 236
    53 189 48 238 251 147 230 189 62 10 251 15 254 196 44 2 207 18 239
    255 199 177 169 158 215 223 136 82 196 144 173 31 30 124 8 44 98 111
    110 186 48 95 52 129 20 109 116 238 222 184 241 11 63 231 204 103
    169 133 132 71 52 199 28 12 204 250 78 69 183 144 5 164 91 24 109
    183 146 37 33 32 28 8 160 115 20 54 111 165 192 129 77 151 66 4 225
    112 226 60 102 252 255 181 157 190 191 66 13 54 84 115 45 107 30 56
    118 185 139 92 162 61 163 208 46 84 210 187 100 224 104 190 225 178
    157 205 164 190 89 186 13 141 250 141 95 158 61 115 241 204 181 223
    149 110 106 98 165 115 134 104 215 204 3 193 244 70 162 24 148 154
    254 72 252 147 8 210 124 244 92 87 146 209 93 114 57 84 91 23 149
    137 17 156 236 64 53 43 50 111 155 121 171 247 70 211 178 125 142
    195 21 207 219 233 79 171 120 47 68 22 46 24 173 209 45 77 6 186 229
    4 126 21 59 234 143 83 96 94 144 204 103 235 202 92 30 137 173 149
    14 131 43 29 254 180 248 88 224 171 128 94 182 77 229 21 215 119 112
    83 149 98 225 155 223 21 130 43 252 7 148 2 225 142 19 154 243 162
    227 184 83 111 30 88 166 191 244 182 233 251 249 26 198 88 240 33
    187 227 154 8 149 115 12 144 225 80 50 67 141 230 76 128 61 234 5 86
    74 1 62 223 139 178 140 7 78 18 59 37 143 12 231 100 66 60 45 14 164
    176 40 50 102 167 1 24 134 210 138 198 24 151 23 39 219 211 201 213
    219 127 157 215 42 36 206 194 173 158 117 187 227 8 112 48 14 126
    117 5 120 221 192 106 212 58 1 135 151 141 125 1 108 139 188 63 220
    53 78 88 183 157 212 80 188 143 246 206 185 77 221 60 55 174 236 22
    116 136 44 207 106 38 73 91 112 238 178 199 232 23 72 133 87 112 206
    121 221 223 41 6 100 91 182 20 119 85 13 184 18 37 241 188 251 229
    169 228 40 113 144 26 162 24 252 91 198 29 0 47 57 186 113 94 72 17
    16 229 189 19 157 133 178 36 104 200 108 133 161 19 238 124 210 114
    229 64 36 68 49 111 54 238 16 73 67 114 229 193 209 221 125 155 85
    198 39 138 86 13 244 132 187 132 211 176 184 216 137 7 60 80 242 218
    33 190 145 40 90 36 168 136 68 117 29 166 30 154 192 33 74 74 151
    107 166 117 148 206 78 254 122 167 121 17 171 8 38 24 160 165 221
    129 89 43 128 163 182 252 154 84 230 230 30 93 172 14 37 139 8 21
    192 90 122 68 137 71 133 103 222 66 253 42 210 53 197 135 240 77 226
    105 146 133 179 216 220 32 70 153 1 238 185 35 110 146 46 107 113 57
    41 238 49 153 145 65 216 214 239 239 10 53 49 126 94 177 144 155 252
    49 191 56 118 24 171 43 10 220 53 107 22 6 1 5 193 119 197 206 159
    139 95 230 207 111 93 31 252 4 58 71 74 238 159 176 141 196 173 88
    10 223 197 75 223 223 111 100 202 110 77 153 39 177 249 67 55 249
    132 44 131 185 5 8 126 191 95 65 38 189 148 204 216 6 180 30 109 139
    56 135 18 154 185 43 0 61 99 89 217 2 222 11 147 76 219 147 186 217
    220 224 157 125 250 132 102 63 13 236 195 130 22 67 158 204 86 78 88
    131 117 76 84 165 1 77 5 183 208 254 141 190 213 215 192 65 214 138
    51 83 88 71 33 233 206 89 58 25 139 34 198 24 141 224 196 215 80 96
    64 131 149 217 174 10 191 251 234 107 104 186 229 28 133 220 77 0
    126 192 18 88 212 191 121 32 114 115 132 68 208 148 93 222 16 135
    213 65 216 45 36 186 76 122 35 11 76 78 227 148 124 147 169 167 59
    200 141 28 199 109 19 3 176 170 223 137 49 80 10 102 166 229 43 179
    47 108 83 176 109 74 104 251 206 136 170 186 19 74 14 108 117 170
    228 22 167 128 109 6 201 203 83 32 235 92 199 143 185 176 230 91 237
    45 78 14 201 174 65 9 30 214 126 140 61 227 29 84 96 32 76 100 201
    43 176 164 192 5 138 111 252 234 144 197 136 245 181 34 13 126 28
    165 147 209 183 54 190 132 131 212 218 72 74 25 177 45 205 162 142
    117 196 131 73 149 243 58 15 2 253 116 245 114 137 172 22 78 144 248
    204 110 143 178 74 143 176 70 155 96 172 170 170 66 201 134 173 152
    251 213 3 54 38 85 185 252 158 28 230 131 10 86 2 52 198 206 186 75
    200 201 107 229 65 212 50 199 35 149 193 154 144 236 3 69 157 199 36
    132 248 102 49 221 60 71 236 213 211 156 9 57 41 150 100 193 245 39
    102 87 156 162 69 212 193 72 191 177 83 127 242 151 144 99 128 32
    111 30 77 127 245 137 157 240 71 93 62 25 71 75 79 192 64 16 41 148
    86 209 31 101 135 230 8 165 5 19 200 200 142 41 112 93 227 18 25 147
    224 80 193 89 32 127 152 185 229 214 7 217 109 163 189 240 84 222
    227 95 104 125 0 222 158 155 24 214 170 159 77 20 72 212 57 154 114
    92 194 116 255 231 243 126 133 223 56 217 20 226 127 207 89 114 253
    100 61 38 61 26 154 157 30 143 66 114 124 128 40 21 19 190 149 170
    93 63 140 213 156 189 73 233 155 121 173 57 36 228 43 78 56 43 187
    67 62 56 156 53 142 67 202 170 55 42 245 71 113 38 14 240 123 133 1
    13 102 237 187 2 180 105 220 16 81 120 111 75 84 185 42 50 116 99 41
    192 253 141 69 141 193 15 59 46 221 156 227 6 81 65 197 41 206 20
    148 123 6 233 7 239 163 121 188 5 136 162 78 219 192 242 244 190 37
    54 92 193 196 255 209 26 156 254 217 206 236 89 96 68 139 45 52 120
    181 205 41 255 136 87 74 142 152 176 168 144 20 238 68 34 86 69 246
    129 56 58 212 209 61 175 156 86 48 252 95 253 180 165 19 232 251 205
    216 198 243 155 241 85 82 84 95 84 253 87 218 172 171 132 162 65 134
    161 90 95 37 210 160 149 29 237 30 245 44 82 35 140 221 224 174 232
    37 42 18 174 86 251 191 235 0 198 168 70 239 22 198 165 5 81 241 133
    75 11 190 246 159 98 34 19 97 138 225 71 50 247 191 31 82 72 26 5 51
    93 246 183 126 22 42 210 1 210 189 199 126 102 172 167 90 19 18 67
    26 23 239 49 41 19 182 137 35 150 8 106 3 226 140 214 178 143 119
    202 147 13 25 194 179 85 189 200 102 230 206 74 67 145 241 52 173
    138 164 108 105 114 248 203 247 95 36 85 137 116 28 16 54 218 116 90
    61 246 220 203 134 206 149 114 6 108 98 209 128 9 54 18 224 15 84
    189 76 26 53 225 71 187 138 37 114 250 179 214 139 143 87 51 103 224
    86 169 126 34 79 105 52 42 166 232 169 126 186 129 98 225 117 245
    157 125 174 17 114 152 14 27 237 116 185 184 255 14 6 104 86 153 235
    211 159 223 137 212 184 238 126 124 250 171 168 192 109 48 88 188
    231 37 210 179 129 225 90 29 11 205 224 111 156 146 63 136 85 136 15
    137 180 132 94 197 243 198 55 208 170 45 79 209 167 29 128 130 57 69
    138 131 248 43 191 91 170 36 15 21 199 22 147 188 42 187 242 182 219
    188 15 122 98 131 243 45 225 127 205 178 197 73 105 17 83 106 130 18
    91 143 133 203 207 182 255 26 145 248 251 59 35 49 213 134 97 103 28
    240 4 119 181 72 48 42 240 22 246 1 4 238 116 140 178 186 127 41 165
    46 50 238 203 164 216 48 158 136 33 205 7 104 100 217 59 12 203 122
    229 99 253 78 69 145 245 247 98 99 89 139 235 17 126 88 94 173 208
    205 74 42 36 205 209 98 143 223 101 131 45 191 115 115 60 24 242 104
    178 221 140 63 156 2 207 89 29 161 28 146 89 73 166 220 32 50 115
    191 151 14 186 50 224 246 184 135 76 18 3 199 39 229 130 154 255 72
    80 149 241 134 243 117 167 55 204 6 208 224 249 41 237 188 122 31
    199 126 226 240 45 155 95 25 129 134 104 168 182 10 115 42 73 194
    187 187 246 198 152 162 168 71 127 107 207 7 179 107 106 70 50 77
    110 216 183 225 191 207 206 7 178 247 77 75 32 203 53 132 134 124
    141 61 102 136 221 19 64 20 49 15 215 17 195 161 248 37 41 124 142
    106 47 248 125 174 103 73 203 138 245 239 225 138 103 107 129 184
    208 74 157 254 102 107 46 98 172 15 90 254 43 104 29 158 109 236 169
    205 148 6 56 31 52 7 151 168 69 101 193 65 16 177 46 195 195 188 255
    0 38 88 63 9 172 33 226 93 71 124 38 16 93 159 19 60 191 120 241 78
    234 118 99 112 20 156 2 27 240 3 94 70 171 46 115 173 218 115 221
    185 44 92 76 65 91 43 177 23 231 6 103 131 202 25 132 139 196 119 68
    17 32 254 131 7 206 231 12 241 158 114 33 11 42 196 67 141 55 16 163
    186 130 135 41 40 31 191 0 159 62 161 131 183 68 94 241 106 64 239
    146 73 152 85 214 27 128 192 31 207 48 180 45 217 77 165 33 201 213
    72 202 246 140 156 134 229 72 83 145 27 101 85 45 100 14 1 98 104 47
    45 211 45 92 186 130 128 16 200 64 188 12 119 116 160 13 169 23 241
    146 47 24 95 145 239 15 32 126 104 42 51 84 47 42 76 189 21 61 129
    20 170 41 103 223 141 165 220 163 175 63 250 232 232 124 94 179 121
    182 2 235 96 222 98 8 28 161 96 45 25 250 25 242 98 72 227 112 42
    214 193 248 94 189 50 127 21 31 146 50 248 251 61 245 82 211 238 255
    109 188 11 186 195 62 85 189 5 76 0 107 57 93 61 144 87 119 60 238
    156 119 203 226 192 144 157 1 48 43 79 122 129 74 44 135 173 198 228
    44 33 10 108 57 109 230 202 167 223 8 139 137 200 176 115 253 213
    254 122 106 26 40 140 189 89 35 163 16 38 130 192 95 80 240 85 23
    160 134 212 37 59 42 94 226 168 183 54 243 56 106 4 119 170 8 225
    170 172 211 99 248 153 24 202 171 178 86 237 19 251 137 48 252 232
    79 89 207 61 78 9 2 254 129 179 207 203 210 195 151 99 16 137 249
    250 52 57 68 233 80 57 245 229 147 6 162 77 148 154 10 150 15 117
    229 171 253 203 107 91 65 168 12 52 13 198 53 166 193 233 92 209 239
    3 179 59 166 109 90 218 114 174 173 133 103 145 10 149 122 221 158
    250 226 248 103 123 112 19 245 41 208 89 82 42 128 192 210 66 165 70
    55 165 165 71 226 79 103 16 93 186 5 118 202 99 22 216 127 201 159
    202 189 45 246 36 76 215 77 195 41 112 216 122 226 0 79 143 70 134
    43 197 121 85 210 238 203 29 63 171 227 143 136 253 131 243 230 173
    51 62 73 230 2 242 25 177 115 51 104 81 215 119 1 55 97 237 64 204
    134 211 139 174 49 142 78 136 196 45 96 211 120 111 222 26 120 69 77
    141 207 65 120 217 16 119 28 67 27 47 250 64 94 121 182 74 3 140 52
    169 128 230 98 147 7 78 149 94 238 14 167 249 56 174 150 243 88 29
    34 219 136 118 140 37 234 135 74 137 16 44 120 118 191 26 206 246
    141 168 71 104 159 226 2 203 121 148 0 62 132 167 20 44 31 129 50 11
    161 244 71 241 34 132 228 118 93 194 93 98 223 94 1 122 33 33 2 12
    188 151 83 224 155 170 218 153 103 33 50 144 162 16 107 154 207 144
    79 3 74 169 202 166 9 33 206 63 192 101 200 175 234 181 76 165 8 66
    100 62 95 234 182 213 125 119 169 7 160 31 213 36 173 45 92 171 23
    69 142 80 32 82 27 25 92 90 209 15 151 202 27 9 19 9 238 76 93 225
    80 187 195 105 204 112 79 70 132 25 125 64 46 105 107 81 64 14 186
    104 83 133 123 219 89 122 93 244 241 51 180 218 123 74 102 104 21 51
    38 243 137 15 167 148 78 204 8 224 184 202 178 142 242 17 233 179 11
    211 249 141 198 212 138 110 151 13 28 184 244 201 180 21 212 2 190
    136 208 155 188 249 134 116 105 14 54 236 84 199 133 214 237 31 10
    112 70 157 23 142 128 195 157 159 36 50 14 229 95 60 150 65 101 144
    182 106 199 122 109 101 222 8 54 179 203 94 135 134 38 237 175 68
    173 104 99 102 93 109 139 14 29 228 233 225 4 204 151 143 25 9 226
    63 135 161 190 232 109 78 21 150 177 132 174 224 50 111 58 245 94 96
    119 212 165 113 221 43 97 128 60 247 89 233 106 200 97 92 17 193 177
    80 159 183 95 57 53 215 32 200 180 213 47 10 5 83 224 158 239 9 250
    68 110 119 125 247 35 130 11 103 176 113 98 88 165 42 12 100 0 186
    71 73 3 211 191 192 78 8 229 210 61 11 68 37 98 31 134 109 225 68
    161 242 145 192 131 45 242 230 148 129 9 131 209 22 219 238 186 94
    226 162 177 3 223 78 104 56 166 81 9 255 97 102 125 175 216 175 172
    122 95 85 20 195 4 189 37 253 85 238 185 156 167 107 212 250 204 182
    1 208 146 235 49 89 175 211 175 252 214 99 74 212 116 142 54 230 175
    13 161 83 84 16 228 81 135 217 253 26 230 234 171 216 160 184 84 171
    240 71 49 182 93 30 243 6 240 0 205 139 79 23 44 127 135 172 190 208
    231 37 182 156 215 54 11 118 146 139 133 81 66 1 151 15 49 33 174
    143 83 100 208 165 213 71 177 180 241 28 234 67 137 207 221 118 71
    179 126 120 101 197 4 14 107 88 57 69 1 237 91 89 150 86 158 152 166
    96 239 39 102 119 244 192 81 182 140 108 164 12 12 185 166 27 251 72
    73 196 203 70 171 58 154 221 93 89 114 169 39 188 205 195 202 41 182
    239 139 137 220 133 123 243 118 237 28 222 225 219 27 137 225 158
    224 12 179 39 139 244 42 144 83 151 243 58 125 81 67 178 59 25 18 94
    199 39 217 182 16 86 15 12 87 49 33 198 54 106 123 11 186 62 80 96
    249 199 76 118 128 176 1 28 99 17 138 161 26 137 163 254 84 41 116
    186 219 146 30 183 80 32 176 250 194 40 163 12 54 79 249 129 163 42
    234 87 189 102 201 225 83 184 92 106 175 79 71 162 94 242 206 117 50
    21 79 244 64 208 212 57 3 253 129 187 155 134 189 251 176 141 110 30
    79 136 138 67 84 130 19 103 141 128 84 70 113 248 170 11 244 173 195
    114 204 171 70 98 10 149 176 129 59 124 75 23 81 216 69 82 26 171
    231 3 151 197 101 89 45 130 85 197 205 54 114 190 128 29 118 111 224
    115 51 3 133 44 8 246 89 207 94 149 204 90 95 173 245 68 227 46 18
    190 245 176 147 41 0 86 207 89 220 186 172 2 173 120 61 90 82 156 60
    153 37 182 129 172 20 21 53 38 229 237 109 60 54 188 178 103 0 177
    167 7 111 189 142 25 9 172 146 96 225 206 65 165 231 23 152 38 145
    239 72 157 46 84 154 235 172 173 108 194 101 36 52 225 39 231 128
    127 189 98 104 89 93 100 106 188 144 37 142 162 237 223 57 199 132
    90 208 122 103 250 209 70 128 221 122 214 166 26 162 171 70 94 121
    147 216 73 220 91 176 129 83 194 41 71 206 165 247 165 27 55 127 227
    212 152 221 109 252 133 137 213 239 143 189 9 151 37 244 114 193 233
    173 121 130 191 40 240 102 92 163 170 114 254 25 77 47 136 240 195
    142 196 100 2 121 31 230 188 221 59 66 88 213 129 77 154 194 117 61
    161 31 234 79 145 203 152 165 214 158 222 108 59 252 93 95 21 74 78
    182 49 173 90 85 122 178 92 46 226 32 111 23 122 246 161 24 9 68 100
    135 131 35 84 158 20 180 140 225 36 123 151 131 190 226 29 193 231
    169 55 118 191 188 254 119 125 110 149 32 216 36 176 204 218 204 225
    141 190 160 45 61 85 161 73 49 240 133 130 173 218 147 192 230 131
    124 154 183 3 56 48 86 202 119 83 102 93 217 223 196 206 166 234 58
    223 199 71 103 216 243 27 60 175 42 179 206 49 78 220 159 82 192 87
    239 3 58 0 168 158 178 70 189 108 229 161 99 225 20 43 77 110 85 190
    40 251 183 95 19 43 186 42 92 246 108 8 171 33 154 97 106 22 75 100
    114 89 85 135 114 39 60 31 119 209 228 35 192 53 132 214 157 231 1
    223 186 244 76 90 99 141 172 139 210 183 88 58 172 34 173 202 51 67
    20 64 153 65 222 12 219 57 215 14 199 114 39 65 135 157 74 226 96
    181 60 125 67 134 147 220 183 249 157 22 219 13 172 139 24 223 231
    164 188 65 174 202 83 186 103 59 56 95 19 118 51 146 247 2 175 111
    66 176 138 155 186 154 31 114 82 215 172 136 6 255 221 9 61 144 78
    83 227 185 109 67 41 200 209 8 197 170 19 180 163 67 215 138 78 81
    77 231 66 65 75 8 219 62 183 76 129 26 103 132 180 111 106 211 77
    163 11 201 52 157 145 239 223 77 60 126 133 169 169 90 80 187 83 49
    45 16 80 63 232 92 74 50 238 149 82 147 14 99 139 87 28 196 14 210
    57 50 51 162 27 82 37 130 15 104 36 126 169 62 143 163 43 78 189 102
    233 242 207 187 41 108 7 164 193 8 85 83 155 200 67 226 179 201 45
    228 139 202 64 133 95 133 85 160 108 181 131 177 127 102 92 191 205
    169 163 34 19 206 18 192 234 133 177 6 182 127 144 72 30 1 80 123
    134 152 78 94 182 208 155 228 177 6 10 56 228 66 57 12 138 95 142 43
    3 153 82 1 143 216 95 184 167 26 247 24 59 32 217 146 152 163 172
    226 103 223 208 174 175 237 181 56 75 151 156 65 230 50 19 57 120
    224 168 61 205 231 71 108 224 50 177 232 228 20 185 139 210 67 16
    238 11 193 8 63 60 127 142 233 229 66 169 231 160 11 82 178 85 169
    184 110 195 30 137 109 240 234 155 51 76 242 57 11 231 173 182 75 90
    10 31 57 59 237 200 65 18 76 128 6 107 222 166 70 246 246 42 181 121
    237 59 12 162 140 162 255 220 57 119 112 187 26 17 213 53 181 21 25
    155 230 148 119 249 200 46 51 54 21 22 168 30 181 252 212 46 176 74
    81 216 55 232 200 241 49 167 243 98 219 249 177 158 196 253 108 11
    230 106 132 133 16 137 49 150 108 225 89 194 75 191 232 4 158 171
    253 170 170 126 235 23 121 197 212 130 164 144 166 76 175 150 171 95
    154 230 94 255 58 122 142 249 207 94 190 20 27 146 10 61 199 180 172
    169 135 95 210 234 139 66 235 117 151 75 215 129 225 115 38 169 59
    65 152 116 119 127 184 72 107 93 217 71 51 196 119 201 199 191 198
    37 66 91 68 19 228 250 213 185 150 246 44 179 118 242 60 22 224 6
    239 24 61 113 175 47 131 190 213 195 112 222 128 71 76 142 133 156
    213 126 73 173 151 118 30 87 229 33 64 78 8 247 114 95 52 63 223 6
    144 149 132 228 115 128 30 136 106 131 195 254 190 96 138 26 104 189
    159 98 27 62 209 22 2 9 121 159 144 122 212 70 213 54 199 51 191 227
    22 43 163 145 46 207 76 145 9 3 171 122 44 252 247 240 51 232 252
    117 137 177 229 223 46 34 194 109 238 19 61 47 166 15 25 89 25 172
    176 3 198 186 1 96 92 238 153 53 25 86 238 196 129 108 188 120 73
    198 8 0 12 104 17 94 187 54 231 162 198 155 111 194 173 250 75 133
    90 245 7 156 160 255 153 62 66 52 141 127 85 64 172 159 10 194 54
    130 224 217 121 78 148 108 105 76 50 243 160 37 165 226 188 73 53
    230 30 176 164 186 199 26 41 65 32 194 236 132 132 233 97 197 231
    112 131 107 179 119 12 88 79 218 21 136 45 245 25 91 69 216 221 10
    216 213 159 160 191 124 162 0 25 89 90 51 15 183 192 23 0 49 207 58
    244 124 19 146 189 132 40 151 189 82 20 227 108 0 226 193 57 178 197
    143 67 243 174 225 139 135 208 201 116 105 158 100 60 246 55 72 106
    50 191 144 100 14 21 246 203 75 92 184 65 203 128 34 1 35 104 215
    252 16 79 102 183 85 142 177 164 11 244 189 41 186 146 53 109 148 3
    22 112 91 80 145 143 205 104 214 40 40 177 146 112 167 53 175 160
    203 168 218 113 48 158 151 207 64 194 80 154 94 158 84 217 109 251
    82 213 148 194 11 183 77 11 254 195 55 239 190 247 112 63 143 104
    243 25 239 135 167 165 145 246 23 87 170 4 156 113 24 180 48 240 205
    150 159 55 98 210 234 128 182 125 150 196 148 178 75 157 167 172 18
    124 1 155 32 239 228 64 199 136 154 128 223 37 213 120 255 67 143
    252 217 172 209 125 80 254 88 182 217 37 133 25 74 194 16 182 50 131
    191 48 187 198 18 97 100 173 224 76 154 171 146 205 5 243 137 117 15
    106 242 93 111 175 39 126 21 225 207 85 88 152 170 244 215 156 114
    152 158 29 76 21 76 9 36 50 162 195 91 227 153 157 186 163 9 132 92
    109 75 246 168 225 234 83 90 214 158 83 100 127 159 242 255 57 49
    179 124 119 97 66 120 173 75 126 27 10 241 99 150 107 112 61 162 118
    211 10 253 102 149 144 9 102 108 231 210 255 28 86 66 132 40 217 219
    26 122 246 169 194 161 111 6 71 51 121 207 112 50 71 102 36 17 10 58
    92 227 15 164 33 149 119 217 236 153 142 7 64 248 13 197 161 118 160
    56 116 56 218 44 218 136 208 159 66 40 54 236 76 175 230 158 174 48
    144 19 221 2 94 171 216 26 35 236 164 21 22 78 104 190 147 175 172
    98 184 229 117 248 242 217 104 116 33 213 222 27 68 124 33 31 191
    235 31 186 32 56 155 199 125 147 33 87 173 228 171 136 156 239 54 3
    205 12 187 250 228 202 210 226 86 98 241 33 138 119 147 11 49 72 221
    182 124 126 216 254 250 137 54 159 43 230 35 107 93 224 98 248 228 8
    105 167 175 206 131 41 17 244 123 159 99 19 171 218 130 156 50 251
    142 66 138 170 205 189 172 5 125 219 248 248 117 169 221 23 195 151
    106 164 144 251 251 252 123 124 0 92 100 45 192 135 54 178 226 3 229
    160 179 128 225 106 92 242 166 17 30 247 135 108 223 90 96 195 141
    96 7 179 214 4 201 240 248 107 254 82 255 122 55 93 71 112 247 181
    164 171 243 143 119 227 181 168 149 154 242 187 53 163 134 47 61 110
    172 36 3 24 119 132 136 56 61 47 33 249 44 175 101 127 7 177 32 250
    72 172 255 61 31 45 226 99 4 201 8 189 43 61 236 128 181 85 198 209
    87 31 116 209 100 242 124 224 224 126 86 104 42 53 66 153 52 242 168
    201 249 235 44 101 234 92 127 96 240 176 154 245 15 0 27 211 20 121
    239 41 40 228 207 55 4 193 220 161 239 76 95 71 68 93 64 184 64 239
    134 47 249 17 55 157 24 123 119 66 185 93 161 240 151 104 135 86 127
    98 61 173 21 144 166 26 94 28 99 233 141 106 209 150 171 125 103 147
    201 64 249 238 22 4 50 242 105 77 175 6 18 13 124 189 108 243 207 13
    183 93 149 52 124 77 129 54 187 178 133 134 70 14 55 78 211 116 88
    46 225 220 103 120 169 206 201 94 184 219 38 199 185 181 175 124 176
    152 201 131 102 30 37 168 127 143 26 183 152 79 214 103 83 245 29
    119 67 1 41 105 187 121 22 162 77 213 242 136 44 4 26 245 24 85 66
    206 52 127 21 212 150 104 215 14 110 110 111 188 94 52 133 63 249 0
    81 168 208 25 106 153 30 152 136 131 164 80 80 10 70 119 59 174 156
    22 173 1 174 245 217 89 242 250 247 211 218 200 106 182 166 221 10
    215 233 119 226 166 177 143 22 36 96 198 214 152 119 170 185 251 206
    149 171 113 67 181 110 45 242 91 35 136 223 172 140 58 39 244 61 199
    67 101 54 212 119 55 251 231 59 109 85 242 155 227 13 107 166 151
    179 163 208 20 83 98 144 195 57 54 70 40 171 116 97 7 18 173 15 127
    144 245 32 21 77 237 230 251 46 53 58 55 247 242 110 69 220 18 162
    230 33 125 24 183 171 195 29 66 195 212 118 152 19 237 5 109 21 122
    111 224 31 160 116 173 189 206 190 41 79 24 30 12 121 174 127 200 94
    195 252 104 174 81 252 191 225 86 18 35 73 96 219 137 25 113 199 196
    146 189 92 99 122 204 174 148 173 156 71 74 98 44 36 79 248 101 185
    56 52 135 115 142 98 10 154 26 89 126 73 164 188 42 110 64 99 63 104
    98 78 112 109 232 45 232 83 249 103 10 135 204 13 66 108 127 242 17
    78 119 97 182 27 48 139 206 44 230 138 148 123 252 141 145 111 196
    127 114 46 48 107 78 213 203 43 94 182 150 255 106 200 3 96 199 27
    150 48 1 123 175 237 175 163 200 145 34 235 176 255 172 204 147 194
    246 53 51 184 137 153 23 84 126 50 162 156 0 98 106 166 109 189 241
    89 194 208 229 214 95 162 171 235 163 236 67 98 20 231 207 35 194
    228 177 105 116 59 226 74 207 175 222 209 83 159 62 101 141 3 0 149
    111 102 64 173 108 213 238 249 83 99 114 237 118 59 171 78 216 143
    250 34 158 130 219 53 183 152 227 84 138 184 53 102 47 20 190 48 95
    80 233 75 230 21 215 47 161 158 21 137 241 170 51 231 112 195 93 17
    35 63 1 105 126 34 235 23 4 72 91 208 176 17 152 32 182 197 35 185
    71 126 64 40 188 226 91 18 31 1 146 83 147 151 145 26 23 231 132 93
    216 138 251 76 49 220 92 14 27 75 125 107 198 227 130 88 233 117 40
    89 54 109 89 51 201 107 121 29 134 73 175 139 239 157 214 66 189 253
    186 136 14 118 193 113 69 7 63 100 174 140 144 90 34 170 20 0 57 64
    202 36 41 151 215 172 210 204 164 46 144 220 238 12 166 128 75 213
    240 209 23 13 26 248 3 178 82 16 50 200 101 69 18 79 135 214 137 213
    150 221 62 133 55 17 34 43 213 213 187 225 17 104 70 150 94 127 19 8
    244 189 223 212 215 170 19 254 212 70 44 169 235 182 172 127 36 206
    93 23 130 231 12 71 231 249 174 195 245 47 57 220 109 148 212 154
    253 224 20 54 227 230 57 60 227 107 219 172 22 1 143 74 63 234 10
    115 141 130 209 172 160 175 237 237 35 125 41 22 12 152 89 131 123
    66 190 231 246 122 200 164 125 161 165 106 23 170 121 173 92 102 155
    94 108 100 132 195 57 168 83 136 187 71 242 8 154 234 107 94 151 164
    131 96 65 191 131 210 184 8 178 146 84 64 191 197 75 202 69 114 209
    36 44 164 133 42 53 114 61 130 115 243 215 117 163 193 45 237 241
    250 14 247 4 14 239 144 134 199 81 94 183 21 224 197 13 50 166 94 62
    15 238 160 109 2 60 133 222 182 41 54 86 30 46 209 187 67 56 253 247
    110 65 68 19 15 206 132 192 57 190 63 49 2 204 196 85 25 176 212 200
    56 110 187 249 209 186 121 95 174 135 154 49 172 39 233 2 97 12 225
    218 185 149 69 155 71 154 101 222 3 87 172 80 158 13 200 245 22 144
    49 175 94 203 104 182 59 176 194 108 173 98 41 193 120 74 209 214 49
    60 61 140 7 117 228 109 88 163 31 193 139 240 159 164 43 158 192 221
    193 130 233 90 245 63 56 215 224 247 97 150 208 22 131 147 139 120
    245 35 220 250 116 54 177 148 151 92 202 16 202 128 15 139 226 87
    103 223 52 72 125 200 7 92 64 69 158 79 62 200 244 180 66 214 118 95
    207 212 55 9 212 31 254 54 191 152 88 170 27 161 220 190 187 189 192
    57 131 184 0 93 178 226 159 113 219 106 231 216 120 227 112 217 17
    47 62 51 238 156 171 236 5 25 167 252 3 195 239 98 57 54 133 112 109
    237 35 217 25 86 40 211 212 153 150 19 79 90 78 9 192 210 107 126
    222 176 252 136 71 132 126 35 76 86 104 42 251 28 146 0 125 198 206
    249 34 200 38 170 36 34 133 199 168 244 66 51 151 230 12 156 56 245
    139 78 30 95 103 97 143 89 95 140 218 14 1 76 12 3 142 192 133 154
    97 26 151 184 5 96 209 176 89 197 138 12 110 189 26 156 123 122 136
    170 73 232 87 84 17 190 152 209 244 10 113 209 85 167 242 194 199
    198 52 197 3 16 243 140 247 189 168 24 130 78 133 200 44 234 120 188
    39 244 142 34 13 108 93 54 149 74 37 145 132 127 175 254 188 23 103
    159 152 180 113 6 249 44 67 133 39 204 138 126 45 33 50 37 165 125
    146 19 80 125 252 81 119 151 253 65 230 213 68 131 167 78 0 115 118
    215 209 62 95 210 19 96 98 203 108 117 172 213 47 3 243 84 178 70
    126 107 181 12 116 48 56 112 58 166 205 117 114 36 105 166 171 230
    125 3 62 51 147 224 55 207 53 98 229 145 139 197 236 179 118 207 83
    106 219 168 4 157 75 206 123 12 103 116 85 98 43 104 206 92 132 212
    72 28 197 72 130 203 111 149 35 49 160 93 215 193 200 43 165 21 129
    175 146 250 121 28 86 193 200 12 35 7 99 34 3 118 163 89 180 55 27
    203 66 85 211 225 208 130 108 60 24 49 0 223 190 71 126 88 77 174
    174 218 210 212 253 234 165 228 244 250 254 210 119 130 199 216 35
    95 35 207 184 51 0 233 49 187 39 241 53 38 242 51 125 48 33 85 150
    173 46 98 239 4 107 61 248 37 29 231 144 69 105 32 254 221 144 120
    194 231 113 140 237 68 187 246 35 119 124 37 174 178 206 193 88 32
    88 46 97 133 139 213 189 145 215 67 139 209 94 200 233 145 187 249
    242 69 101 173 148 220 186 136 140 228 42 235 9 242 25 41 75 183 223
    207 176 121 239 141 234 2 78 99 223 189 101 253 38 209 147 96 126 43
    187 45 71 137 202 76 169 118 209 15 36 54 32 213 6 223 100 10 16 2
    86 235 134 143 44 128 113 4 110 67 2 199 29 58 139 210 0 244 7 55 4
    138 214 17 200 68 26 182 54 72 36 4 168 61 56 247 12 141 102 88 174
    216 60 98 224 252 182 150 163 197 83 65 174 87 247 15 38 11 189 169
    120 178 135 90 173 138 114 211 17 49 119 158 255 206 219 160 34 103
    14 220 46 242 204 23 99 176 95 46 32 156 100 56 157 167 38 181 244
    176 166 148 128 146 167 224 244 130 217 49 155 111 9 132 187 91 3
    158 211 187 169 179 16 80 107 226 219 58 80 58 31 3 90 205 136 69
    230 217 238 90 124 51 160 158 228 221 220 73 147 79 94 97 161 53 66
    139 65 212 93 148 169 12 201 207 182 123 54 67 61 110 64 61 164 81
    86 201 192 49 179 113 185 170 186 190 130 245 24 77 49 236 220 189
    184 113 202 188 209 160 71 158 48 248 126 164 135 214 60 180 151 81
    19 196 108 37 63 44 223 125 167 185 159 72 1 51 49 141 75 24 81 86
    18 147 239 230 150 163 93 160 162 170 198 235 227 187 31 147 70 246
    101 14 123 220 29 248 11 133 169 181 91 208 97 253 112 136 243 215
    81 35 140 166 209 24 122 173 76 202 77 51 44 135 50 39 176 91 211 39
    108 76 9 129 118 93 29 56 218 61 117 89 254 15 144 116 77 148 17 154
    12 254 4 89 17 190 203 34 113 224 247 186 36 117 7 255 42 236 193 65
    159 214 139 85 41 4 91 132 6 171 53 111 222 241 14 128 149 211 151
    201 89 18 154 124 205 33 129 242 231 180 100 203 93 138 230 27 91 74
    162 40 32 87 139 232 240 14 106 144 8 246 123 182 193 52 255 232 252
    247 210 111 229 15 25 253 92 62 235 193 19 246 96 250 17 222 171 249
    198 44 146 72 192 162 220 35 237 46 46 13 24 27 13 167 220 87 173
    143 177 145 164 182 205 170 92 96 148 1 168 234 84 237 9 68 240 156
    99 42 14 104 159 142 126 121 4 140 33 54 120 179 65 225 134 81 254
    211 104 109 223 91 164 90 52 120 236 39 140 120 106 78 142 208 241
    173 221 158 21 126 121 255 87 34 186 239 70 240 178 11 142 33 154
    129 224 119 73 136 83 182 7 186 45 35 101 10 65 79 6 121 135 200 248
    173 108 30 217 151 2 10 135 170 186 24 227 219 42 240 145 84 141 17
    36 93 205 135 231 209 235 149 84 26 236 0 169 21 117 195 145 39 111
    247 19 113 221 152 39 182 254 198 179 145 57 118 31 240 156 229 67
    105 67 59 176 232 124 16 94 33 165 239 52 190 121 142 180 216 126
    188 95 74 55 169 200 50 22 10 239 201 208 221 229 80 216 171 195 231
    47 245 179 145 32 178 40 8 110 190 163 113 7 108 5 56 3 177 232 20
    199 50 155 123 155 137 242 51 66 69 178 79 171 12 93 59 122 14 230
    96 231 149 44 186 38 12 134 141 179 117 210 223 128 184 6 10 104 2
    40 62 85 78 207 71 139 20 149 212 28 42 156 240 236 135 107 21 136
    111 42 104 189 108 7 194 43 61 221 178 233 64 8 253 0 65 54 114 206
    47 160 101 142 94 49 173 152 243 252 18 177 1 112 106 126 67 0 110
    77 57 85 121 3 130 27 207 138 215 191 22 60 183 164 151 41 215 30
    237 79 96 141 110 217 230 37 31 87 68 92 82 105 190 165 29 224 209
    208 36 120 186 49 244 162 25 73 12 174 73 111 235 95 6 147 249 142
    23 228 24 117 15 251 123 39 250 182 44 63 196 181 81 32 92 219 250
    180 74 78 156 79 37 129 23 50 142 124 42 249 209 243 88 145 173 51
    209 125 20 21 173 173 0 96 215 193 52 109 244 36 7 4 140 243 131 205
    149 146 178 161 188 15 159 145 217 88 93 207 51 137 158 213 66 219
    226 155 38 144 11 134 7 177 182 149 159 3 78 90 150 174 193 47 129
    195 144 98 79 250 80 24 61 249 251 196 52 203 209 168 178 235 151
    218 191 20 152 94 191 248 240 120 149 84 87 132 226 79 17 143 117
    227 132 97 145 83 174 15 114 56 96 110 96 13 217 232 207 48 79 190
    138 225 180 123 202 3 203 177 193 31 17 139 244 145 218 130 79 21
    226 116 228 133 103 68 104 92 70 249 181 13 105 178 87 106 172 65
    142 190 70 94 103 165 21 191 129 43 148 173 134 222 167 122 255 7
    233 240 75 235 227 253 57 152 247 135 123 166 196 179 206 151 46 182
    68 156 139 188 170 165 72 96 83 37 147 6 220 197 249 29 130 251 201
    154 209 124 54 26 103 178 238 221 125 19 21 195 79 74 85 128 160 44
    175 141 224 4 236 190 231 152 159 119 177 56 90 134 152 228 1 3 10
    97 42 221 120 60 143 155 175 149 250 111 217 204 150 60 121 102 25
    189 185 226 38 224 231 211 24 134 243 199 32 158 195 9 113 249 143
    179 132 93 93 149 179 162 107 130 89 2 4 187 9 19 112 37 247 105 78
    234 39 128 33 250 30 17 173 238 85 168 81 121 213 51 167 253 108 138
    163 32 182 244 119 43 21 116 194 190 56 160 206 185 75 134 203 144
    224 108 133 197 243 228 217 167 55 20 100 81 129 180 7 198 189 10
    199 105 193 1 121 151 217 183 121 131 142 212 35 62 120 175 9 167
    117 91 6 240 143 143 99 81 156 127 90 115 40 234 50 87 21 217 62 232
    236 131 33 121 213 206 157 169 59 233 7 91 33 205 128 207 101 250
    192 181 163 254 113 250 190 238 73 32 12 63 213 157 112 184 249 228
    253 45 178 0 153 63 12 54 166 111 102 184 4 206 112 79 221 124 224
    255 180 74 122 238 58 91 23 86 254 130 184 239 90 73 219 87 144 197
    138 97 164 151 116 237 174 238 36 237 65 91 212 190 152 50 139 230
    109 186 117 66 184 93 20 120 121 82 196 33 252 121 200 53 30 196 195
    230 124 202 6 64 73 166 220 244 115 40 250 198 156 111 41 205 210 75
    31 98 229 28 44 207 15 77 103 122 149 215 108 2 64 108 252 11 18 5
    211 187 83 169 65 172 191 164 155 232 75 143 213 128 210 249 198 107
    107 193 254 143 219 96 152 206 84 236 239 136 137 124 198 114 81 45
    107 32 15 204 241 196 103 160 124 18 103 26 58 235 60 44 193 1 57
    118 133 172 76 59 169 171 21 183 138 5 83 184 217 232 226 12 150 20
    14 121 66 210 235 153 209 89 39 89 111 229 246 218 133 21 36 203 85
    155 229 114 19 14 5 154 45 199 187 70 57 55 202 146 193 159 223 2
    151 30 91 110 206 239 85 94 204 160 205 233 236 199 229 52 12 43 23
    163 40 5 205 191 15 127 255 105 61 222 204 120 91 7 191 33 0 219 215
    157 49 248 216 169 65 214 147 175 20 192 84 94 166 237 197 196 233
    239 245 225 40 241 137 112 235 22 156 177 73 69 236 5 46 32 56 11 91
    102 179 165 225 86 221 60 51 58 76 243 44 125 14 241 251 253 186 94
    228 181 12 150 158 225 206 197 142 97 184 226 141 30 177 122 26 122
    73 66 171 201 118 180 177 153 253 133 84 54 230 71 107 117 155 22 72
    201 136 211 144 231 210 135 29 159 90 39 233 95 235 88 197 98 201
    247 238 19 197 11 103 67 66 20 99 76 106 212 78 122 179 47 98 131
    124 188 239 181 11 247 44 211 104 50 109 199 38 9 34 249 87 55 155
    182 5 119 118 0 167 41 246 167 40 22 69 202 120 100 252 116 104 87
    99 234 195 26 184 70 107 186 209 86 198 133 49 76 135 119 149 48 136
    183 43 47 175 150 67 217 163 151 184 106 7 59 166 153 227 66 136 255
    102 122 12 160 44 128 183 250 72 189 195 135 34 21 176 71 100 54 18
    140 114 32 223 11 209 173 37 180 25 181 162 229 83 217 59 92 144 17
    125 129 146 48 142 152 151 148 213 211 246 183 230 75 18 173 28 147
    15 6 21 39 56 62 131 60 90 33 222 211 127 59 103 205 230 21 191 107
    126 170 183 21 217 45 153 77 62 3 45 218 141 181 132 21 34 63 169 66
    49 129 66 156 131 117 66 86 23 94 206 124 119 79 193 113 222 241 151
    130 60 188 105 224 145 22 84 153 219 243 79 97 110 164 1 120 219 130
    22 184 173 27 192 181 72 95 75 126 55 172 193 247 220 72 43 183 240
    227 66 227 121 0 114 8 237 225 202 156 10 2 207 206 215 79 97 234 83
    2 34 128 54 126 239 5 78 124 180 180 140 127 18 8 55 182 187 42 99
    78 41 106 29 198 186 122 78 65 254 69 106 10 101 40 14 10 239 42 33
    177 215 78 119 225 173 54 211 76 185 113 155 149 229 158 19 116 63
    101 165 162 32 17 174 179 245 138 4 42 131 74 114 158 27 96 67 202
    169 37 23 93 137 45 50 87 140 59 142 22 170 170 151 126 14 200 161
    94 45 128 227 136 252 144 75 210 245 102 199 194 250 10 211 50 239
    129 228 57 146 136 70 84 53 127 163 213 85 169 88 138 112 197 8 132
    194 43 106 41 22 236 216 225 102 214 88 71 115 226 125 146 168 11
    250 206 150 165 172 244 194 244 102 43 35 107 174 155 155 52 242 247
    254 130 234 10 106 95 195 90 250 154 51 79 100 121 124 184 97 4 56
    100 100 242 166 82 181 56 13 178 242 103 35 174 134 138 203 47 4 166
    92 36 239 11 39 41 8 166 55 80 103 152 65 107 152 142 162 37 55 116
    232 20 218 154 13 188 100 184 86 251 4 158 169 81 93 246 113 127 12
    32 205 20 124 217 241 33 107 80 61 148 132 55 190 19 128 81 34 110
    59 216 128 180 79 199 248 169 25 217 69 28 10 61 169 103 213 234 23
    80 52 41 176 231 101 184 71 254 216 72 163 196 24 209 72 247 195 81
    75 69 196 95 88 204 53 169 234 220 165 80 205 34 149 252 9 73 240 0
    124 89 199 155 24 117 209 83 243 139 110 238 230 26 133 58 2 32 106
    24 137 117 195 7 236 108 122 160 47 203 130 18 145 114 222 113 217
    214 160 52 66 0 49 199 167 96 74 238 228 37 138 100 8 181 59 116 234
    227 205 79 45 4 123 244 23 200 225 11 205 106 239 57 2 30 160 197
    223 57 136 46 164 139 56 133 255 93 177 124 177 12 56 33 221 164 146
    9 147 109 21 224 62 143 171 114 137 208 166 252 179 183 18 218 206
    142 210 83 251 94 157 59 101 130 238 8 192 93 104 190 248 45 62 231
    218 243 224 92 208 82 250 177 166 151 14 253 42 176 167 85 11 235
    103 49 127 23 185 240 88 239 122 251 224 74 115 109 41 233 114 61
    219 192 225 89 123 194 225 169 246 29 117 76 75 18 112 155 91 27 13
    220 253 80 55 36 190 47 33 170 129 229 162 109 70 32 215 94 146 72
    109 17 154 46 59 153 244 142 33 152 133 55 59 14 204 199 9 138 213
    149 166 5 175 224 185 97 43 59 178 139 228 52 49 248 33 125 243 36
    168 197 178 78 0 184 152 189 235 219 111 11 93 92 26 51 162 196 185
    184 225 5 74 223 177 251 90 186 54 71 249 183 108 242 70 33 186 70
    128 183 114 169 103 126 135 104 147 219 214 2 251 144 216 9 126 147
    12 251 121 185 21 17 212 97 204 225 234 20 142 95 144 54 47 94 210
    30 11 58 30 121 93 242 56 122 40 180 73 254 166 239 233 251 134 235
    64 15 109 5 225 109 77 8 129 76 38 76 192 240 224 156 127 156 251
    166 60 251 186 246 120 28 39 136 138 191 83 162 69 115 85 17 169 130
    78 140 1 136 254 199 55 127 215 54 234 85 22 211 161 48 221 235 173
    16 195 124 141 59 93 230 239 182 90 198 23 238 125 64 46 48 0 216 99
    162 127 44 39 75 155 200 118 174 224 85 61 143 208 63 233 27 212 208
    224 9 77 3 199 50 117 36 148 99 99 9 235 175 42 210 188 91 162 179
    147 173 226 76 16 100 89 119 78 186 174 165 39 151 205 231 26 71 191
    42 184 100 38 52 174 249 46 21 254 37 200 50 142 118 143 224 64 3
    164 46 136 117 44 230 222 158 226 8 133 30 32 4 79 93 103 248 38 85
    144 47 106 169 204 97 141 53 184 134 212 25 113 164 156 205 55 103
    145 164 139 245 131 30 223 243 230 237 220 39 205 196 183 70 68 220
    99 1 228 111 100 5 103 160 166 119 56 187 29 99 223 3 95 37 190 187
    51 144 3 28 159 11 131 19 159 84 232 111 68 147 217 37 26 212 179 40
    222 124 38 169 37 4 229 111 82 163 174 112 222 167 170 253 117 125
    124 180 83 71 40 95 62 44 154 239 62 73 170 74 235 132 148 195 237
    133 112 185 60 48 43 13 133 2 238 233 165 161 197 177 245 157 174
    225 147 99 150 59 12 199 103 64 255 219 195 123 62 176 239 253 159
    62 203 131 44 2 136 38 100 160 200 194 99 60 214 175 249 58 248 56
    250 172 74 158 6 4 148 8 108 3 80 250 220 105 88 56 112 180 67 132
    124 246 159 119 121 235 87 209 39 147 70 204 67 214 67 15 146 58 22
    61 223 62 64 228 141 90 240 126 135 209 113 166 65 170 202 87 236 66
    40 77 254 242 169 2 131 211 239 250 94 56 252 131 172 4 31 148 117
    183 85 14 9 35 185 194 183 111 229 152 251 178 6 54 165 46 131 123
    98 127 40 21 21 138 187 61 96 252 104 87 141 242 47 91 166 89 34 184
    136 185 73 178 217 181 167 148 84 150 42 79 59 162 159 126 11 3 67
    15 221 94 74 101 250 221 198 54 39 122 91 62 178 17 135 220 236 149
    100 224 234 146 213 4 242 59 87 121 53 6 213 174 141 74 110 138 149
    24 96 169 189 179 42 178 95 36 239 112 69 164 142 140 121 187 151 89
    88 26 129 16 14 60 196 164 57 234 86 186 112 23 199 95 194 144 25
    181 85 67 153 226 232 27 143 184 172 99 54 7 96 190 247 42 124 9 235
    92 220 246 7 37 146 107 5 193 34 140 166 175 139 170 61 108 32 64
    230 93 132 107 161 230 68 141 108 31 195 75 64 184 87 79 69 187 229
    166 120 159 80 151 53 131 49 55 240 48 115 130 5 91 2 101 107 97 5
    152 3 122 42 8 161 199 255 64 26 59 187 148 127 62 153 49 213 194
    162 44 196 183 55 42 185 179 194 118 75 254 146 138 229 245 179 241
    19 224 218 234 191 72 67 72 66 228 129 170 145 131 169 70 184 67 135
    206 178 131 70 143 190 39 195 126 201 208 175 206 107 84 255 164 171
    44 97 102 33 20 39 218 21 9 182 241 85 89 86 62 110 142 58 18 53 48
    227 52 131 158 60 51 48 9 49 143 44 85 247 130 21 77 72 228 221 41
    205 175 106 170 245 119 51 238 15 251 242 183 157 114 66 94 79 32
    239 95 240 133 174 15 163 115 180 237 34 129 22 126 184 220 176 62
    155 204 208 227 167 202 55 100 65 46 144 1 93 206 178 140 135 22 49
    135 159 36 74 31 107 242 72 115 2 108 69 37 121 52 196 65 221 82 224
    183 49 15 248 170 135 98 238 130 46 178 109 250 144 26 122 28 30 0
    83 81 249 241 72 121 186 73 144 5 141 129 136 206 151 190 134 90 229
    55 104 156 195 176 211 90 236 0 73 105 177 221 92 138 129 230 3 190
    47 29 54 38 156 36 58 218 119 164 223 73 217 205 61 244 107 231 14
    153 75 196 64 70 0 2 82 85 71 55 26 206 230 47 156 229 184 62 22 192
    219 195 15 169 26 116 133 200 9 185 115 215 62 164 189 46 130 216 27
    118 241 4 34 199 179 156 20 17 49 155 142 92 102 58 135 246 201 240
    247 174 12 181 84 160 112 58 242 220 163 90 25 203 17 241 104 201 72
    215 116 3 24 201 216 207 149 46 126 180 99 234 41 113 224 94 171 230
    232 244 62 15 99 106 242 213 131 52 194 63 155 134 153 59 99 31 6 57
    27 255 136 115 7 117 242 164 209 153 124 57 4 142 188 96 18 9 4 189
    27 238 230 250 245 115 9 147 34 29 207 58 224 217 78 14 178 86 125
    228 245 38 26 57 204 67 243 35 61 3 76 1 214 71 24 121 180 133 166
    29 114 86 239 74 110 31 150 78 238 45 193 180 23 185 21 238 220 5 94
    55 91 77 244 253 202 1 139 204 50 188 24 214 7 255 101 116 129 164
    241 87 59 241 172 198 40 27 216 126 173 66 114 182 82 68 211 203 127
    62 198 154 254 175 209 228 33 121 216 252 232 72 79 60 128 225 146
    170 121 12 237 47 81 206 68 122 32 228 225 206 90 55 124 10 36 6 6
    10 168 23 163 37 223 53 149 38 83 168 9 164 19 198 79 30 165 14 118
    206 176 42 70 72 253 55 197 190 119 229 179 221 57 70 11 180 144 244
    156 187 21 190 188 100 243 12 251 193 14 68 77 163 235 78 227 77 77
    63 150 164 136 189 211 255 72 77 163 228 128 84 16 210 130 156 135
    46 58 56 132 130 66 133 77 110 20 34 94 131 160 121 189 182 64 88 51
    215 166 255 22 172 222 52 76 40 146 206 238 196 67 85 56 120 176 88
    161 29 217 221 125 85 144 57 216 240 150 9 12 4 3 124 164 101 239
    170 11 5 70 157 240 176 38 196 86 127 130 67 45 72 183 126 89 91 156
    112 134 234 54 11 198 85 4 161 200 229 240 237 67 99 161 92 142 18
    234 67 67 235 22 167 120 172 56 115 225 183 120 190 100 160 237 199
    111 11 159 197 138 19 211 83 16 35 102 37 238 202 197 103 222 43 10
    48 21 223 159 15 104 149 68 220 143 204 51 180 106 69 235 198 197
    128 221 52 204 98 211 2 174 107 238 254 158 249 131 59 201 241 199
    209 44 195 125 246 79 71 165 182 120 51 128 16 27 193 142 212 217 67
    230 63 233 125 193 67 56 234 141 107 254 6 155 58 91 156 144 110 39
    254 86 25 91 122 127 96 250 132 67 110 0 67 41 178 24 84 114 210 236
    166 168 13 61 166 74 65 225 216 117 121 118 247 40 232 179 137 30
    149 158 197 159 206 198 83 38 30 111 200 252 53 151 89 240 213 41 37
    140 214 78 30 101 64 138 60 234 115 140 162 247 240 154 27 100 62
    166 49 39 11 0 144 21 220 14 91 88 106 127 90 135 32 15 147 169 81
    38 185 186 156 69 108 111 4 165 155 47 88 120 237 244 4 77 163 114
    239 63 168 98 124 129 71 158 90 110 13 51 201 147 213 33 208 39 119
    50 241 69 12 122 212 219 197 98 70 174 67 79 153 2 12 88 32 118 253
    61 201 108 214 215 164 222 5 20 16 73 253 136 128 175 128 219 27 165
    60 12 169 231 183 140 53 47 58 100 48 87 7 233 179 38 2 71 106 139
    18 107 162 26 149 158 95 42 210 192 142 26 193 221 233 74 189 42 36
    2 190 221 24 247 141 180 142 232 8 218 181 59 80 112 231 241 50 71
    16 81 76 56 13 86 79 110 153 66 43 249 137 240 16 125 233 250 4 75
    173 72 216 203 19 36 224 93 60 193 13 103 197 33 16 97 37 88 26 147
    174 105 88 214 148 92 202 176 215 146 251 33 72 177 245 179 31 229
    211 140 9 131 5 139 241 189 170 15 127 97 62 97 12 53 150 1 228 56
    162 50 224 76 252 151 95 81 207 157 18 247 83 248 154 134 73 2 26
    164 161 198 100 66 100 217 128 9 209 58 24 211 37 76 87 152 13 6 170
    23 178 141 232 85 208 240 161 175 219 102 242 146 164 19 116 157 141
    102 252 77 4 248 230 20 202 14 139 87 21 159 33 154 60 185 228 216
    91 44 204 55 51 52 217 7 204 94 84 196 6 244 196 71 201 50 236 147
    124 72 237 155 101 58 66 96 226 208 58 45 240 140 9 56 180 126 204
    60 152 175 159 57 135 204 129 178 248 40 68 128 211 114 163 96 84
    223 24 34 33 122 184 166 243 17 159 1 180 170 160 8 50 199 40 220 50
    230 75 220 33 88 200 224 50 71 167 191 152 219 88 252 56 221 165 60
    106 220 131 40 187 76 73 188 244 21 216 228 190 216 143 254 102 240
    27 215 214 55 3 37 88 68 250 142 164 251 192 147 132 25 220 190 150
    148 58 73 149 74 190 29 185 3 78 187 72 167 141 104 44 85 147 125 21
    117 232 220 43 132 76 40 198 174 230 46 50 128 103 4 46 110 103 92
    41 115 61 77 138 110 161 48 245 86 234 130 50 146 59 170 130 122 30
    153 57 235 162 127 165 171 214 172 202 241 35 86 222 81 57 28 20 51
    16 206 29 63 173 93 82 101 34 16 57 178 139 168 22 82 13 191 24 199
    30 196 166 68 94 136 206 64 67 59 130 72 159 89 86 238 184 26 121 16
    119 221 118 52 182 17 140 220 51 55 252 166 241 45 158 226 143 172
    46 110 177 99 128 53 50 215 248 40 211 93 32 110 205 120 52 120 120
    158 1 186 33 49 113 152 42 78 234 125 17 178 138 7 195 176 144 178
    43 139 79 93 155 114 170 252 140 148 155 127 48 160 253 73 112 34
    105 96 153 173 188 173 130 171 165 14 230 197 67 113 146 203 251 51
    234 28 83 94 109 107 108 211 54 56 18 147 167 117 194 188 92 62 207
    221 115 34 229 254 183 129 170 74 134 236 8 6 191 185 50 253 31 66
    171 69 151 103 107 54 14 153 249 178 98 234 39 243 195 42 223 58 146
    244 8 244 211 200 242 215 200 138 183 19 168 110 119 120 206 250 235
    242 61 253 184 124 103 60 188 190 32 72 1 93 225 197 198 153 245 2
    217 228 172 127 8 132 134 101 243 90 23 182 199 249 85 81 19 109 128
    93 87 9 191 223 215 146 39 141 5 89 54 21 204 178 168 33 202 198 129
    66 163 164 75 133 156 167 58 34 197 40 194 229 190 18 6 17 150 48 11
    143 25 1 166 63 35 248 197 182 232 205 6 233 223 204 57 217 2 136 85
    43 208 221 19 0 179 176 195 239 202 99 26 239 251 244 213 178 121
    103 186 19 229 98 126 55 177 226 170 76 74 123 182 139 54 246 92 88
    129 223 157 213 158 141 8 180 47 119 33 16 201 177 139 29 202 22 81
    181 237 166 87 217 111 159 32 191 179 225 1 172 106 247 190 30 204
    17 6 71 139 50 35 62 164 49 0 103 18 216 209 108 176 23 17 103 239
    55 170 96 93 176 10 74 27 176 62 227 46 2 255 228 189 222 124 133
    216 135 150 71 151 219 3 50 61 134 166 9 105 244 237 23 220 220 2
    220 46 38 222 68 147 135 28 100 11 103 128 249 132 180 166 203 26 68
    192 170 180 162 186 189 97 128 22 166 189 78 97 120 139 22 210 110
    58 181 221 59 174 120 123 72 21 155 93 17 40 189 21 169 141 214 174
    96 132 213 118 108 111 179 115 250 98 233 103 160 5 29 76 197 234
    114 249 187 80 145 23 134 143 207 21 83 9 113 87 204 239 152 233 165
    105 180 60 194 238 7 222 206 39 64 170 49 225 230 168 33 13 66 106
    155 194 144 136 35 215 24 196 89 253 53 162 222 238 36 134 37 166
    191 251 213 202 236 47 213 73 59 168 161 131 194 49 125 126 66 42
    133 9 135 198 113 175 170 82 172 134 214 161 170 152 243 92 130 153
    83 180 225 68 194 112 214 86 118 34 133 68 54 56 198 72 196 4 55 231
    11 7 204 161 9 20 157 124 251 249 254 223 20 219 61 128 91 195 69 17
    160 127 6 95 90 184 187 178 131 212 235 125 13 18 244 255 33 95 210
    229 220 75 84 174 111 190 161 18 4 49 84 85 167 195 75 230 188 233
    118 140 159 64 159 253 63 253 140 245 95 84 227 109 189 106 0 238
    147 177 93 60 83 30 77 153 174 254 179 232 117 231 255 131 157 70
    244 77 103 16 125 123 180 106 43 77 121 130 1 232 162 14 32 68 218
    32 194 121 240 130 255 91 20 35 192 150 25 105 52 140 144 59 7 102
    148 128 182 120 188 134 54 178 132 167 142 201 11 138 167 208 203
    191 22 85 157 246 89 196 115 116 8 145 128 202 17 190 0 131 37 176
    21 106 112 88 27 56 101 11 180 110 14 227 179 207 184 28 161 137 197
    248 23 201 105 14 21 182 203 46 61 72 132 208 2 88 126 89 72 253 169
    189 201 74 23 145 109 74 55 132 146 140 118 1 144 64 34 111 139 106
    41 251 101 157 203 31 133 132 59 131 21 188 34 184 157 158 132 192
    31 39 183 161 252 168 153 136 97 134 47 21 40 113 40 195 162 44 186
    240 102 228 165 15 44 84 88 178 220 226 0 134 222 170 217 52 129 144
    40 220 148 123 118 4 237 222 84 157 220 62 45 112 78 181 200 17 122
    218 237 234 173 141 12 46 212 6 171 0 112 208 37 101 86 77 75 95 184
    244 24 146 129 66 77 49 198 213 39 177 63 228 183 182 128 248 99 172
    19 121 176 61 198 155 143 130 82 227 101 4 246 9 173 114 154 80 106
    45 157 186 108 88 243 61 23 177 61 158 105 228 160 34 15 121 231 25
    218 247 32 251 198 163 231 214 27 22 162 10 220 234 235 129 3 232
    125 69 245 239 93 230 51 76 37 252 176 189 221 77 108 9 215 237 172
    57 33 176 199 249 144 114 246 130 6 117 149 15 137 16 145 131 135 69
    227 21 228 7 146 34 169 17 23 185 142 18 216 88 240 208 11 220 229
    74 122 107 100 106 122 153 35 233 193 204 239 59 45 217 31 81 81 8
    109 192 198 150 19 129 17 187 101 67 124 209 170 247 44 96 142 170
    130 147 191 243 68 49 233 125 0 42 67 5 212 184 246 253 136 146 99
    54 85 54 76 103 210 235 165 109 142 212 134 79 64 26 189 136 92 21
    104 59 118 118 144 120 230 204 25 68 240 191 194 84 145 42 239 157
    82 99 174 236 101 99 141 41 165 123 84 128 155 229 3 29 70 135 136
    201 89 80 2 226 22 184 126 122 180 230 183 66 241 181 123 86 250 250
    50 183 236 189 111 38 198 110 138 197 23 170 62 120 179 142 113 209
    181 70 70 19 73 160 187 119 26 88 248 120 201 231 70 22 30 82 45 130
    200 3 131 247 224 160 8 130 105 29 177 241 97 79 58 98 95 9 56 206
    246 233 113 111 66 158 112 19 97 167 233 157 86 246 147 194 25 85 86
    90 78 130 30 208 174 65 97 230 13 241 213 31 51 180 45 196 122 230
    228 53 122 8 85 70 57 154 226 27 147 219 184 40 179 217 89 160 243
    227 60 37 137 159 211 28 146 107 201 21 124 207 89 195 12 148 99 161
    37 204 135 156 207 181 219 82 212 118 159 17 137 252 179 73 135 176
    126 106 185 182 232 167 157 199 140 36 96 135 39 185 233 215 246 248
    154 173 6 189 62 28 184 209 95 90 172 30 132 141 109 234 252 34 60
    87 151 254 56 73 87 50 111 42 99 244 57 155 106 15 73 175 52 44 109
    43 194 3 34 213 17 175 162 129 33 35 235 85 19 213 153 100 225 187
    102 150 251 72 152 48 72 174 201 121 202 53 30 147 121 192 202 208
    47 1 203 180 247 85 108 46 179 77 148 212 228 179 232 91 234 128 232
    135 60 183 165 251 6 64 228 165 225 170 45 69 42 225 26 3 47 104 139
    224 199 13 80 221 224 36 44 160 107 106 184 61 188 245 2 46 179 60
    67 198 147 218 196 67 203 156 166 184 86 28 209 36 177 125 89 74 18
    13 93 13 65 147 55 113 69 87 18 44 211 246 59 144 89 235 116 35 37
    106 89 72 238 127 7 129 30 146 126 66 222 133 244 13 25 41 111 93 60
    156 235 5 169 32 254 69 58 88 227 201 133 100 37 248 183 150 214 127
    187 82 85 74 148 21 80 230 174 35 250 238 130 74 186 72 168 173 210
    15 186 58 65 218 118 60 96 115 253 57 211 189 198 230 209 230 84 54
    63 131 204 25 251 48 239 161 66 125 18 34 138 58 111 219 119 0 252
    206 159 31 25 196 193 25 14 249 56 137 42 59 246 87 5 185 230 108 35
    122 23 48 132 200 93 85 220 135 83 1 243 95 185 60 45 248 110 21 210
    182 68 166 57 41 217 147 145 99 175 191 61 242 104 216 40 108 171
    120 200 241 56 49 118 187 245 166 228 78 221 46 147 165 42 86 195 79
    81 48 217 44 145 49 115 103 69 132 215 108 21 15 222 97 26 113 56 42
    35 211 62 222 40 234 168 0 139 129 130 144 24 157 10 167 116 160 52
    22 244 196 162 182 131 136 26 2 161 229 43 137 225 116 45 210 28 17
    93 10 210 146 244 134 177 171 15 118 139 128 111 231 73 48 194 229
    90 112 166 140 248 51 230 144 231 255 130 65 20 55 112 134 69 3 34
    211 173 206 240 142 250 51 165 246 139 98 176 10 220 182 97 120 154
    189 9 168 199 109 86 162 219 73 192 50 250 127 99 74 69 134 29 66
    240 188 49 43 75 42 47 43 234 136 138 39 109 57 210 169 72 100 150
    206 224 118 13 77 213 28 244 64 155 158 210 171 48 180 177 152 212
    46 14 46 165 197 231 194 30 172 192 230 20 29 121 174 53 168 169 14
    140 152 232 148 216 21 192 252 16 149 129 88 215 172 189 181 239 87
    252 153 195 155 234 117 122 20 182 39 4 116 102 163 42 77 92 148 117
    247 59 201 111 16 179 218 171 124 206 32 71 158 111 76 14 204 218 1
    235 112 6 193 107 181 140 123 212 127 42 70 117 225 18 194 164 240
    231 125 60 0 198 247 64 20 175 232 79 180 176 183 207 208 181 75 80
    223 235 225 113 138 173 200 50 140 52 88 106 158 44 119 3 237 159
    234 170 38 53 178 95 70 98 155 49 26 62 25 99 166 74 129 74 50 26
    222 119 233 14 92 189 130 135 240 214 111 162 106 106 245 128 186
    182 87 111 164 190 234 233 21 105 57 33 197 141 225 150 122 144 85
    250 251 175 140 46 172 208 18 163 213 123 230 204 48 208 113 146 212
    181 118 62 161 154 34 6 209 196 87 225 217 141 236 171 235 71 4 45
    83 107 135 107 98 149 223 142 185 139 228 38 61 249 8 12 8 92 118
    132 160 92 218 99 199 243 44 164 223 189 212 242 114 218 209 34 177
    214 52 161 166 192 105 42 214 210 206 98 108 241 103 51 151 5 209
    157 62 9 86 217 84 231 58 178 125 174 47 222 110 89 239 211 6 61 118
    64 196 12 54 224 207 204 202 235 126 237 124 107 118 217 97 233 2
    196 48 49 29 2 131 214 12 184 197 215 190 219 221 158 218 6 164 245
    115 213 194 128 135 136 168 61 209 42 119 115 193 7 112 213 3 249
    214 249 197 67 104 227 124 242 8 172 34 189 40 215 254 204 236 74
    105 249 172 211 243 76 180 138 145 245 221 73 62 173 210 37 132 14
    29 237 118 18 233 22 142 54 55 200 167 129 106 63 107 181 140 28 135
    88 123 18 178 11 246 24 56 92 220 130 185 203 65 94 107 96 199 249
    49 57 207 153 4 45 124 162 16 35 101 231 167 21 3 229 230 178 250 31
    82 160 167 231 148 193 188 226 246 138 75 190 79 143 25 4 235 114
    100 144 227 36 44 112 198 73 223 251 186 253 192 148 32 132 173 6 24
    84 255 112 56 80 224 31 52 30 36 105 71 124 204 0 153 85 122 223 0
    206 78 83 124 228 115 69 8 217 47 51 12 10 30 237 75 15 166 43 202
    105 203 61 118 237 228 246 14 68 188 40 113 250 136 164 111 243 130
    167 80 223 31 63 252 254 186 225 113 235 35 63 199 240 39 159 32 203
    223 239 231 104 129 129 173 159 20 156 85 146 182 115 119 54 254 17
    27 170 124 34 87 207 190 164 53 13 125 169 159 166 202 50 90 27 214
    7 116 196 87 55 192 227 139 218 210 223 116 228 207 149 186 119 15
    177 179 24 244 29 73 3 214 184 112 62 164 159 187 215 92 81 249 97
    225 238 10 53 222 32 47 109 76 220 158 215 165 175 250 27 95 244 105
    236 98 16 39 124 25 184 59 210 126 113 18 77 76 17 124 238 69 4 250
    119 63 23 169 43 139 46 113 77 116 48 247 17 111 146 9 227 14 143
    189 52 152 125 85 254 147 97 117 90 216 115 32 79 217 42 241 189 76
    159 31 191 79 70 187 61 33 65 72 100 95 3 254 22 98 178 217 94 128
    162 230 208 19 58 84 179 189 196 255 16 192 197 123 195 156 245 10
    59 192 58 93 218 249 199 221 67 16 125 6 173 47 186 93 205 134 147 3
    70 30 59 80 3 14 182 69 8 216 17 201 168 40 207 238 5 161 35 245 243
    9 120 186 22 147 13 125 46 182 165 89 2 5 131 116 7 179 122 186 113
    121 187 3 48 123 237 180 26 234 88 188 202 14 218 57 109 119 151 160
    161 98 6 13 99 156 189 211 6 206 224 9 80 123 66 163 219 250 140 248
    136 81 186 188 46 229 76 46 166 247 246 56 87 211 42 170 31 65 13
    183 81 39 88 250 84 6 23 181 234 29 200 219 255 205 147 181 55 241
    80 207 84 214 14 187 21 154 44 243 120 212 227 183 2 32 104 191 30
    68 66 65 219 134 236 185 25 80 145 82 193 247 24 14 215 135 89 117 2
    33 156 248 26 218 38 152 152 97 87 197 166 231 26 88 225 193 217 105
    232 118 74 92 108 134 161 208 112 1 94 171 15 129 26 177 105 87 208
    27 43 140 133 142 100 210 249 119 178 141 239 124 170 23 77 72 50
    171 38 159 210 155 33 3 35 42 149 129 205 131 197 8 171 3 203 62 93
    201 239 141 112 12 4 41 94 60 43 68 150 201 240 116 90 165 97 221 76
    123 78 187 212 157 32 121 129 142 29 69 211 10 120 160 78 196 210 5
    40 219 243 54 219 166 196 39 34 13 100 7 192 3 235 76 180 38 12 215
    65 214 83 74 56 134 169 213 34 133 98 119 187 122 228 69 182 28 45
    230 69 38 110 20 169 223 73 135 176 219 199 176 16 181 68 69 6 165
    17 1 89 122 39 141 25 142 203 28 211 105 239 144 34 14 32 161 250
    102 190 241 69 53 98 60 214 18 215 52 127 149 231 105 148 99 90 183
    145 177 40 102 79 249 189 150 164 1 87 160 254 216 145 194 244 176
    154 18 233 188 50 53 203 242 106 250 0 80 157 191 103 188 234 244 94
    8 48 55 181 184 190 199 89 104 240 144 159 182 87 73 137 103 186 78
    58 40 40 163 229 18 190 73 235 152 77 127 202 62 130 140 96 67 135
    122 253 184 55 53 216 112 203 181 242 24 89 255 42 168 248 177 133
    89 178 38 39 226 229 7 28 70 143 202 206 56 66 186 150 213 172 49 63
    159 225 91 32 81 18 64 151 221 15 230 200 168 154 45 99 69 160 191
    20 29 174 158 147 148 202 201 38 157 107 203 86 12 2 208 199 91 70 9
    180 7 236 185 216 93 125 216 233 226 162 252 158 5 99 61 209 171 232
    23 186 169 126 229 56 225 138 254 144 251 216 49 118 20 8 59 255 249
    154 247 155 210 186 97 43 156 254 252 125 233 176 205 180 193 76 246
    86 125 170 32 48 127 34 76 228 199 5 61 16 64 119 249 76 102 139 91
    227 173 158 58 177 73 20 179 24 144 177 170 153 231 56 185 77 126
    246 25 8 179 8 183 95 78 184 107 25 140 96 126 238 91 143 96 171 115
    69 224 95 111 41 27 159 230 139 95 207 92 30 185 228 220 171 180 231
    12 194 116 52 16 158 62 117 163 117 96 100 66 82 17 134 28 9 17 127
    233 40 22 109 71 171 62 25 16 160 240 144 189 102 183 179 187 24 245
    222 126 115 110 106 116 225 48 51 198 4 218 41 250 200 186 32 60 25
    32 81 171 61 132 10 105 184 195 176 116 133 255 187 186 113 140 11
    42 117 139 166 216 187 74 0 177 52 56 5 101 250 105 96 215 148 227
    59 89 127 218 159 215 176 194 134 97 77 234 245 38 130 160 188 62
    166 107 54 251 170 170 113 102 129 84 225 152 250 170 145 67 58 128
    149 208 227 72 57 246 146 27 142 103 171 255 232 39 109 108 121 161
    183 252 50 177 137 64 87 185 69 197 233 64 100 206 32 8 168 69 167
    234 184 123 178 198 156 34 165 94 190 200 231 243 52 186 56 252 230
    80 138 233 232 130 223 73 211 166 234 43 165 238 61 51 203 82 230
    176 46 108 169 52 31 241 80 110 20 147 26 46 247 52 208 16 130 191
    27 170 33 158 112 129 115 240 160 34 121 3 24 169 170 105 163 24 85
    0 14 125 110 74 124 209 113 249 249 153 38 184 45 85 56 45 170 184
    201 205 131 185 250 89 68 71 84 208 226 63 215 123 52 31 192 134 205
    131 117 21 166 232 173 210 99 112 108 161 140 80 92 154 123 78 190
    201 69 72 189 135 155 209 244 228 41 27 101 223 123 198 144 24 109
    148 79 203 171 72 39 238 180 102 223 205 59 165 174 252 108 170 224
    1 6 45 74 122 89 48 155 92 168 113 63 54 107 173 147 185 226 11 197
    229 246 223 221 189 129 169 160 132 15 118 176 182 164 228 217 118
    225 136 114 189 227 222 7 204 242 90 19 125 63 72 85 246 183 231 15
    227 108 110 35 66 116 181 217 241 207 165 91 235 2 81 43 227 80 255
    189 99 38 31 34 144 42 171 115 174 249 171 208 230 127 66 26 234 53
    3 210 145 133 6 128 238 102 62 168 211 19 246 20 103 123 90 231 229
    58 238 65 67 204 200 234 206 255 65 63 44 80 223 101 63 191 229 238
    126 100 57 169 39 95 198 128 120 76 62 149 129 115 105 122 48 180 65
    133 20 17 196 235 15 12 104 29 152 150 11 199 154 189 156 173 194
    120 92 255 254 145 104 12 117 189 173 225 137 5 225 4 244 98 125 37
    41 108 241 178 210 212 179 212 159 181 135 87 237 117 237 110 119
    102 21 28 62 135 80 74 209 241 239 126 191 174 98 2 225 144 135 197
    72 220 1 198 241 175 134 41 224 230 158 57 104 103 226 172 30 118 77
    185 242 89 188 250 161 5 99 232 199 7 207 172 128 186 106 99 87 34
    94 181 204 254 197 152 145 241 88 141 84 37 185 105 223 26 104 211
    86 211 219 143 204 181 123 192 116 145 215 68 143 11 223 243 45 161
    33 107 49 40 52 95 199 159 134 167 96 76 87 17 122 1 6 222 242 25
    165 156 65 100 86 161 232 199 10 242 220 42 70 46 140 32 43 136 41
    216 152 206 108 203 178 155 42 239 145 177 241 87 130 129 183 249
    153 63 134 220 52 65 165 88 255 79 80 160 23 199 201 95 46 43 254
    167 97 170 213 103 41 253 2 56 105 113 204 193 120 189 8 246 173 66
    199 133 196 228 185 55 11 228 176 190 90 11 216 215 188 211 228 174
    3 182 100 95 54 64 168 8 32 147 50 225 53 66 36 152 42 214 112 116
    144 103 25 39 234 223 100 199 216 135 8 189 81 238 96 30 255 179 48
    129 112 17 185 82 182 41 208 20 141 199 68 52 50 34 189 107 106 62
    154 102 126 84 185 28 10 219 106 9 247 18 50 100 200 27 53 67 69 191
    50 33 174 62 26 23 108 30 71 42 86 25 134 90 176 156 50 26 113 129
    170 255 203 69 238 88 50 182 45 107 156 76 201 121 79 36 208 252 244
    33 182 75 188 235 114 20 90 25 86 170 19 48 37 116 99 207 229 204
    134 43 43 66 247 225 47 148 9 141 52 114 94 17 130 197 106 55 173
    200 98 16 207 229 198 7 36 200 120 94 253 88 132 142 10 183 116 25
    78 132 1 103 240 179 26 212 196 208 147 200 153 86 108 13 50 105 224
    181 179 184 196 67 125 222 135 69 113 98 211 92 73 98 143 84 38 213
    150 2 179 220 171 4 154 154 159 95 235 61 115 181 56 151 1 233 186
    33 71 222 75 123 139 143 26 196 33 99 81 97 192 235 204 97 54 102
    203 115 194 155 153 4 115 210 67 74 247 163 203 87 241 3 42 24 86 94
    156 246 221 160 47 185 232 74 153 68 68 163 160 216 124 41 171 229
    88 212 79 81 154 1 155 108 212 21 108 19 255 227 38 183 56 9 71 104
    124 10 186 193 153 255 244 156 221 88 237 186 66 36 58 165 100 39
    205 129 67 114 20 154 123 65 88 113 35 21 116 105 95 236 59 140 141
    137 99 64 126 172 196 251 148 213 213 165 175 113 131 15 134 84 250
    146 183 76 124 56 127 170 21 254 184 44 207 129 252 205 14 104 95 87
    33 25 41 66 96 205 43 246 205 87 234 88 251 23 70 59 239 9 1 209 191
    100 45 196 50 142 105 213 158 112 167 84 119 153 236 164 180 46 247
    78 187 121 241 42 238 20 26 121 67 107 83 177 41 90 169 242 164 24
    135 140 78 135 122 151 136 30 148 177 37 254 243 13 45 178 30 246
    103 47 181 250 102 92 108 61 125 167 46 206 211 16 235 163 190 128
    141 162 252 207 6 112 70 232 87 239 60 123 30 190 150 112 181 146 76
    2 231 162 114 147 225 113 141 248 218 5 235 245 205 25 30 16 168 218
    18 37 52 169 68 92 214 41 221 79 222 192 244 154 134 105 57 136 65
    106 74 228 152 162 23 84 129 191 149 141 231 21 51 219 43 80 156 6
    70 134 64 236 108 97 21 16 147 147 47 100 155 78 179 24 124 232 178
    47 173 218 92 123 117 146 5 81 253 118 70 44 123 242 152 169 139 67
    243 196 149 141 74 176 80 148 81 166 213 154 46 182 107 161 101 55
    32 241 99 137 17 247 190 144 0 16 107 75 87 118 187 213 108 168 161
    136 174 222 72 188 153 108 70 106 121 159 251 10 97 143 85 154 115
    151 79 105 39 125 163 39 146 38 129 192 131 41 84 139 189 15 65 215
    54 188 63 16 165 143 76 186 191 47 231 35 136 6 40 75 90 179 95 232
    196 49 32 178 218 252 18 105 144 121 231 136 230 216 97 173 173 142
    15 82 9 50 125 149 37 211 7 153 143 218 6 96 67 79 96 76 47 108 5 1
    223 156 173 148 62 223 80 150 162 178 236 181 166 48 245 27 43 113
    168 98 247 127 9 155 230 31 80 224 68 200 104 255 14 72 203 129 39
    250 236 241 145 235 116 237 233 191 242 216 242 169 77 50 10 27 176
    20 154 157 147 113 141 111 172 146 115 2 182 227 188 238 150 216 154
    187 76 145 58 186 121 134 26 4 242 228 103 111 215 61 33 83 219 202
    39 6 206 102 130 5 189 192 131 135 50 79 137 202 132 158 180 115 6
    104 62 5 3 2 88 48 71 254 9 88 21 158 19 216 171 198 112 155 62 101
    217 12 198 171 162 35 73 16 248 110 19 71 130 32 127 233 219 247 115
    125 170 87 179 200 211 146 101 238 242 195 75 228 234 170 119 199
    238 23 189 174 125 74 163 40 52 179 100 210 25 92 112 202 193 233 45
    10 187 189 254 105 254 185 54 138 107 132 91 204 76 202 36 36 213
    140 138 210 85 118 87 241 76 216 66 131 127 83 254 190 187 161 195
    227 171 77 106 59 158 19 35 16 144 143 116 79 129 69 40 18 138 49 63
    168 168 207 49 245 49 245 190 84 51 126 27 229 77 160 155 93 170 102
    48 192 114 177 51 136 44 126 16 37 9 191 87 4 251 24 31 80 90 5 201
    59 41 44 210 225 98 31 90 233 177 164 193 123 198 247 24 154 208 123
    135 238 234 157 202 67 181 248 223 116 36 200 53 252 172 166 177 56
    106 147 75 131 66 227 5 137 199 31 173 253 99 212 229 250 101 27 120
    208 82 230 112 32 244 173 208 213 253 142 237 91 121 134 45 141 70
    241 179 199 211 141 118 28 133 231 14 6 199 95 114 237 17 163 90 225
    116 137 10 90 254 212 164 165 130 12 161 8 16 117 191 66 183 233 13
    253 125 230 175 80 158 122 40 243 246 69 32 178 109 73 166 227 227
    99 114 137 254 36 183 244 3 133 64 18 179 94 0 59 202 241 98 58 140
    135 75 245 163 190 112 254 41 99 27 74 119 243 61 146 31 105 184 37
    228 81 76 62 184 91 86 30 103 25 137 163 221 254 241 141 63 186 251
    143 212 55 2 96 92 173 120 68 94 69 127 126 205 235 83 141 119 26
    149 19 105 88 100 193 2 90 240 232 60 98 57 222 206 142 225 13 79
    219 57 81 79 16 249 25 52 89 62 47 44 78 234 97 193 42 6 122 207 136
    56 3 59 149 98 166 255 53 52 132 40 108 5 78 222 1 21 3 248 126 213
    15 220 250 117 176 66 159 29 112 230 186 26 162 238 179 164 230 165
    25 200 40 132 121 255 0 6 189 0 197 53 113 146 80 149 105 148 186
    179 143 109 80 251 206 212 252 23 52 30 146 152 176 40 114 93 30 251
    116 227 213 35 174 86 96 106 165 192 218 112 71 0 206 168 228 83 16
    137 45 207 225 211 18 64 237 178 242 173 240 190 33 133 187 116 230
    101 22 136 67 125 20 79 126 50 178 66 232 32 46 78 162 37 76 254 205
    41 53 224 149 164 73 41 36 17 156 201 241 39 159 122 108 222 121 102
    133 255 66 245 77 217 136 154 234 229 41 245 29 79 253 161 5 153 93
    199 216 105 37 25 215 179 224 128 223 163 158 144 22 59 108 216 153
    78 187 181 148 172 59 234 83 109 184 194 187 44 12 32 239 240 157
    220 16 145 60 164 63 124 86 223 111 142 49 102 99 146 232 149 149 80
    40 29 221 48 198 120 230 165 76 151 209 83 222 165 70 208 63 32 209
    167 27 162 28 47 175 234 47 153 38 63 97 250 227 130 30 82 215 25
    120 18 122 11 58 30 128 140 163 181 24 180 136 8 145 186 7 117 19
    232 104 249 167 224 1 70 167 189 231 120 180 36 97 15 144 122 135 8
    10 100 10 114 195 33 211 207 52 8 225 105 25 108 74 87 68 27 137 105
    118 18 72 15 152 78 85 185 120 116 243 224 132 124 205 140 237 116
    205 85 237 37 27 181 73 106 65 211 86 134 62 28 39 47 106 116 250
    124 94 26 157 64 111 244 168 77 138 170 25 77 207 238 56 227 112 85
    72 124 163 16 197 54 5 136 195 209 255 182 148 85 0 31 190 182 252
    119 103 157 92 145 170 129 48 119 39 133 213 143 47 201 2 49 5 127
    244 147 189 186 109 158 215 223 124 59 153 106 251 148 145 8 98 185
    112 219 75 75 133 193 39 123 147 31 35 240 164 22 47 155 138 202 209
    160 243 81 247 135 140 58 26 35 83 175 247 15 255 11 241 23 240 250
    74 50 148 14 64 78 201 228 84 251 2 25 35 247 214 56 65 69 214 43
    216 41 68 205 55 152 130 23 223 18 141 240 103 79 124 183 21 41 45
    121 82 149 191 88 255 75 234 50 25 39 91 170 244 198 52 240 190 157
    62 198 19 62 35 192 169 132 76 145 190 64 51 92 251 27 178 247 206
    163 244 241 207 239 202 222 149 82 60 165 69 155 1 75 120 25 82 59
    133 135 82 222 5 243 226 4 205 108 170 114 45 152 235 197 117 214 81
    81 138 220 217 177 191 101 157 119 135 237 246 72 218 148 183 7 158
    101 35 100 137 211 11 179 62 84 22 185 134 14 85 86 242 216 101 90
    219 213 37 18 194 23 188 119 21 25 224 68 114 246 186 82 140 220 115
    225 58 92 126 211 167 24 128 221 201 82 185 214 243 230 130 252 94
    177 114 138 79 157 17 110 179 21 56 225 77 99 94 166 246 192 111 226
    102 77 219 125 5 204 45 113 214 131 246 168 15 76 7 30 86 107 60 226
    116 244 38 11 232 244 252 227 199 200 127 202 122 77 177 97 15 35 71
    103 18 31 195 18 33 169 55 170 170 9 229 213 8 48 149 163 202 207
    201 118 108 67 148 32 35 81 162 70 198 102 236 134 155 81 51 16 254
    140 139 58 224 117 49 19 84 234 105 27 18 78 10 37 97 73 169 155 60
    94 82 148 15 163 95 141 135 176 80 186 119 193 187 61 153 224 27 158
    124 29 118 174 115 66 218 120 158 176 179 139 3 93 101 238 123 117
    35 214 21 97 67 12 52 73 255 148 104 71 248 250 113 53 100 180 200
    114 194 94 9 146 33 148 15 5 228 200 160 50 51 93 252 124 194 168
    139 2 83 10 169 12 21 109 125 210 81 70 135 246 34 178 134 131 29 50
    148 239 187 57 217 151 2 117 39 53 54 97 136 164 188 16 193 154 187
    54 212 146 230 205 138 3 9 237 7 219 88 21 160 175 192 198 143 25
    133 148 8 45 2 217 73 145 125 182 247 190 125 251 229 206 130 107 47
    186 89 127 13 202 83 110 57 96 26 131 68 74 65 163 21 54 35 70 254
    231 196 160 29 196 237 216 135 111 42 99 178 156 94 85 206 158 66 76
    40 169 126 181 77 127 40 189 67 100 194 168 22 229 72 16 30 143 128
    39 87 215 138 154 246 96 106 39 45 176 13 112 30 25 246 196 143 150
    94 136 174 91 27 60 176 68 149 145 173 33 254 10 91 222 178 35 249
    201 7 124 246 76 78 234 43 101 162 39 39 115 66 202 212 182 40 222
    111 148 153 142 107 44 38 221 240 51 72 135 91 148 107 83 250 109 39
    10 60 217 124 54 132 102 127 8 104 125 241 232 3 164 195 33 39 48
    178 32 159 217 235 241 91 180 52 94 2 158 203 132 55 84 231 27 180
    177 233 14 87 143 52 43 212 83 91 160 202 223 13 192 156 9 76 60 155
    178 80 250 103 130 214 82 191 20 228 2 161 253 67 196 162 214 41 91
    177 126 211 61 104 128 55 50 195 109 95 2 25 230 219 26 182 176 6
    241 133 246 110 231 70 57 32 96 101 27 15 0 141 37 65 203 201 164
    210 247 228 154 132 46 66 165 129 7 67 245 82 54 133 241 218 126 57
    175 92 28 40 102 108 197 23 69 22 161 234 124 177 239 223 212 8 10
    34 216 250 33 155 161 122 127 79 172 97 117 35 165 130 198 189 171
    103 68 79 131 121 223 111 12 77 211 230 117 215 124 189 130 131 211
    235 213 68 220 6 2 91 83 160 159 105 152 219 233 15 102 38 227 191
    108 111 65 169 141 174 76 176 8 165 83 187 124 122 4 178 198 38 182
    169 93 128 118 25 174 117 186 37 42 253 77 51 32 27 223 75 139 176
    212 28 247 145 92 196 43 103 206 199 212 244 244 105 82 249 44 64
    168 252 25 24 253 75 76 41 93 243 255 0 0 156 11 41 34 75 192 124 48
    126 188 209 62 170 242 28 50 41 245 185 203 49 226 193 28 254 95 169
    1 227 235 33 92 47 126 5 174 87 199 235 218 80 215 117 186 244 246
    216 43 65 85 214 120 34 130 219 184 105 201 113 135 180 228 110 71
    141 79 106 216 253 191 226 1 214 233 57 236 225 5 47 125 245 213 141
    98 69 167 247 43 0 6 233 222 255 8 15 119 91 230 250 141 8 60 187
    222 36 167 45 43 207 251 67 49 242 205 216 224 46 176 112 238 165 95
    228 169 25 192 187 60 144 121 133 29 108 91 142 106 64 243 30 115 82
    139 91 187 1 164 68 225 4 222 8 98 20 126 162 159 248 133 23 217 146
    20 143 102 67 206 253 168 111 248 158 206 253 88 121 219 156 122 199
    70 19 4 109 9 255 70 37 52 98 84 206 253 243 55 96 155 52 226 80 106
    6 161 26 16 104 74 226 196 214 232 210 82 76 210 221 39 122 110 2 8
    129 65 128 199 194 200 218 130 199 130 98 209 185 105 73 188 42 243
    82 198 248 122 50 17 101 44 224 116 38 244 116 23 224 86 172 123 32
    32 51 242 170 52 57 155 11 76 77 192 148 19 168 92 222 126 9 138 217
    146 234 178 30 8 54 149 96 118 33 118 163 9 103 64 251 19 107 22 106
    156 33 154 133 98 160 72 159 1 143 136 56 232 196 87 200 19 179 125
    48 154 249 28 189 48 21 148 99 248 72 45 150 46 222 148 246 186 133
    175 2 137 108 117 3 35 236 224 251 190 94 18 218 249 111 93 244 101
    117 178 71 244 170 48 121 234 171 149 69 157 92 111 13 110 142 71
    189 158 79 249 186 252 101 245 22 170 64 90 186 182 174 161 222 14
    200 96 60 184 251 122 108 43 178 250 56 196 150 120 22 255 167 128
    180 98 143 137 67 17 212 249 189 140 215 113 242 226 158 122 226 115
    235 243 56 53 137 128 194 57 65 90 161 6 69 99 54 14 103 131 236 226
    18 44 47 128 254 253 93 100 209 149 180 82 46 94 63 253 197 229 118
    203 227 197 143 70 111 19 79 187 184 111 88 122 240 128 147 110 179
    208 83 14 251 165 66 40 39 75 116 103 75 141 62 113 96 204 220 110
    213 190 25 113 137 44 186 25 80 170 226 27 10 81 90 65 243 132 94 55
    130 215 71 22 142 247 212 213 158 178 154 71 32 86 91 115 15 85 47
    75 32 43 76 36 99 135 111 197 110 89 70 52 72 246 219 144 252 142 62
    71 154 254 57 214 125 190 181 232 173 1 68 40 13 167 138 194 114 103
    67 19 171 157 87 115 239 90 40 235 66 106 104 35 148 254 114 189 29
    25 179 7 89 129 142 141 220 224 244 183 187 246 238 225 145 186 39
    207 230 204 121 177 164 186 122 14 138 166 110 129 1 90 186 146 173
    36 216 103 147 49 124 209 163 226 229 53 0 18 225 122 251 191 4 121
    43 7 91 110 166 121 67 100 134 116 139 45 122 144 182 147 150 50 49
    73 229 106 163 52 96 132 13 174 226 163 99 205 186 253 170 123 2 57
    190 92 205 68 228 158 237 52 232 91 142 50 241 155 133 152 10 184
    219 169 88 65 30 41 131 126 210 71 198 23 66 103 225 50 38 135 8 152
    171 238 73 128 133 91 178 145 59 101 126 132 57 161 227 172 168 151
    191 45 167 55 33 155 74 176 71 142 254 23 158 240 99 215 238 10 27
    110 81 157 184 211 1 238 192 67 200 243 33 153 18 139 133 28 119 51
    236 255 69 118 18 101 176 125 156 1 25 226 10 101 223 127 147 5 131
    203 18 36 115 225 20 176 57 107 72 250 227 14 18 14 100 126 7 13 56
    150 108 112 131 2 192 166 219 201 186 183 192 223 243 223 24 111 120
    209 90 83 190 49 209 152 241 9 255 124 52 21 78 1 201 244 65 80 29
    66 248 154 140 144 58 186 144 168 234 180 29 30 97 128 43 131 3 195
    107 159 239 101 143 75 115 70 110 160 195 217 31 241 17 120 4 215
    190 210 156 14 6 71 227 244 163 162 253 205 215 50 99 253 16 216 50
    213 81 119 49 159 120 7 192 252 9 9 75 211 160 113 188 43 55 82 146
    88 133 221 116 185 29 196 217 33 61 2 83 152 14 5 242 210 18 190 144
    55 197 18 37 40 242 228 17 148 74 98 184 162 94 116 2 25 56 207 5 62
    51 82 101 2 41 235 112 37 24 202 195 186 5 214 3 35 105 53 65 18 237
    19 255 236 27 31 178 119 209 113 115 68 113 118 7 64 145 28 72 67 3
    70 163 65 145 105 111 24 16 159 130 188 195 97 63 157 200 113 18 85
    244 31 109 205 53 138 41 201 90 121 81 14 116 152 84 225 174 73 177
    118 122 233 190 190 177 111 222 95 223 252 104 113 190 86 188 167 26
    167 162 57 74 145 7 25 25 34 149 144 69 135 111 6 93 61 218 15 157
    255 97 60 107 11 176 80 72 182 45 237 105 124 61 219 177 121 89 147
    99 13 183 154 200 248 147 151 175 179 60 180 230 146 233 214 184 29
    80 94 31 206 78 11 53 1 224 7 133 175 57 158 137 62 127 142 203 123
    77 123 244 227 9 113 58 219 39 46 67 144 57 200 168 149 72 170 241
    39 55 15 35 61 9 222 133 31 95 65 152 151 242 199 44 10 230 109 161
    238 163 35 70 165 224 229 9 41 122 121 173 160 197 172 146 153 58
    197 213 176 37 64 209 225 135 176 144 10 70 186 30 114 113 33 181 8
    148 7 123 132 31 40 154 6 21 139 162 71 46 135 180 64 63 69 29 113
    224 249 43 14 204 191 41 123 87 126 191 213 31 133 46 62 108 159 51
    5 176 116 139 66 8 235 237 195 106 217 174 128 45 123 253 147 49 118
    101 51 224 196 60 92 26 85 121 191 96 22 126 225 32 243 224 204 49
    218 88 174 16 31 149 28 81 165 215 150 3 82 1 140 177 158 199 163
    218 151 125 165 188 43 25 54 98 14 164 92 82 61 140 190 89 249 52
    142 28 50 45 88 180 80 239 234 207 96 92 75 13 215 206 233 46 148
    133 236 123 216 145 207 187 253 10 214 55 233 218 254 118 6 214 24 2
    15 9 155 158 216 187 72 235 185 84 113 101 32 146 224 191 118 253
    134 175 170 152 101 121 79 240 13 244 242 106 163 13 26 178 245 104
    29 179 24 47 189 55 38 246 50 219 58 98 149 222 16 233 167 167 168
    30 120 46 135 87 120 50 131 127 213 1 13 184 212 28 73 127 118 72
    167 105 198 206 6 114 249 220 104 47 212 192 102 111 127 215 186 24
    38 168 234 180 203 99 134 25 144 133 106 43 37 206 164 154 145 248
    168 131 192 186 94 182 209 213 215 54 242 25 102 99 236 68 194 101
    239 122 181 16 72 159 31 1 8 3 193 72 213 31 197 251 230 155 250 132
    188 86 211 61 126 203 3 30 224 183 205 3 110 234 95 17 134 237 41 10
    170 81 81 241 253 16 115 178 93 8 86 168 114 242 134 172 218 148 82
    170 87 145 189 15 209 126 47 158 180 81 152 72 197 250 60 210 106
    131 60 160 106 65 36 124 85 216 46 67 164 46 202 202 127 66 113 183
    90 201 10 33 199 207 82 229 69 180 153 5 20 187 19 188 105 84 120
    105 243 149 144 219 174 131 182 50 150 221 201 92 246 7 171 185 216
    249 70 4 18 243 151 13 221 69 131 144 194 194 182 191 120 149 85 148
    129 195 149 166 73 41 11 17 141 44 232 125 216 76 134 83 113 160 54
    214 56 192 251 194 238 31 173 86 230 114 194 126 14 156 174 144 191
    68 137 159 149 134 64 208 235 91 240 39 1 139 182 147 176 141 220
    176 154 2 246 32 250 27 5 236 148 65 129 100 115 47 180 81 183 109
    38 86 17 215 49 209 188 136 215 42 227 31 108 151 242 111 246 164
    136 50 79 78 58 38 18 127 1 9 180 223 178 200 251 6 135 121 46 81 93
    153 206 219 52 20 253 159 123 119 165 76 142 4 21 38 171 93 218 150
    255 147 195 48 205 73 233 143 96 179 99 199 84 195 112 8 186 17 247
    34 130 243 118 126 148 202 182 239 224 177 137 194 184 1 191 135 167
    200 13 148 182 17 222 201 41 22 226 254 129 213 62 83 193 91 238 6
    11 180 3 80 168 233 50 140 216 126 72 184 143 133 254 58 154 96 124
    212 220 128 82 149 253 54 63 97 202 226 203 111 87 75 174 20 135 200
    195 116 39 2 121 123 35 190 98 95 0 195 187 19 102 228 61 187 187 37
    251 87 60 28 254 181 189 99 237 200 173 55 214 250 136 204 80 178 2
    55 246 62 23 89 76 211 35 124 38 57 53 170 5 95 233 147 129 89 37
    230 190 21 64 253 91 126 216 245 93 234 75 137 110 184 226 107 35 72
    99 92 145 179 1 18 185 36 200 94 145 21 2 109 41 70 4 51 46 155 24
    11 142 159 195 228 57 187 12 117 112 130 195 167 42 185 37 52 5 106
    25 132 8 136 202 30 97 188 149 64 83 178 109 223 145 28 77 175 217
    199 103 3 243 212 187 84 244 171 202 197 212 4 161 29 66 124 33 189
    88 179 85 247 56 78 195 231 180 249 128 4 137 243 164 193 188 141
    180 5 199 251 232 200 184 29 249 181 40 196 84 197 15 133 121 51 209
    249 63 7 227 12 117 42 109 15 115 7 249 168 116 86 222 51 103 82 133
    76 143 72 184 205 211 60 167 250 120 111 120 158 189 213 103 101 81
    89 229 104 2 131 196 159 160 11 141 207 85 66 79 30 151 125 238 73
    100 150 111 107 221 227 209 131 89 17 227 228 222 16 79 189 232 39
    51 13 26 191 25 150 95 88 27 22 63 76 45 201 90 78 50 65 91 143 127
    59 16 171 9 86 233 44 42 236 123 135 201 161 14 49 140 165 251 158
    199 237 223 19 149 100 215 69 247 102 64 50 29 127 216 192 43 3 123
    210 180 59 158 245 205 57 172 166 207 163 181 220 242 143 2 87 59
    210 88 22 12 14 170 113 162 196 178 94 194 54 29 151 178 202 227 248
    166 120 160 180 49 53 33 143 42 53 21 173 183 237 132 70 213 116 255
    152 154 43 246 32 65 157 189 251 28 235 45 244 124 8 185 59 96 58
    207 6 157 113 53 255 80 151 67 183 18 208 82 0 211 241 215 95 81 89
    49 44 167 189 87 159 74 189 184 198 218 118 37 20 60 30 199 118 127
    170 197 72 52 20 23 185 255 103 20 199 209 220 64 254 243 130 105
    148 188 224 29 50 150 113 66 129 80 204 8 51 133 74 99 170 8 129 234
    109 219 130 65 33 202 49 165 104 165 194 170 9 209 90 6 142 125 48
    45 220 94 142 0 164 242 52 184 141 245 204 66 220 5 75 151 193 102
    29 190 53 202 23 160 102 243 134 71 170 163 190 76 81 148 239 244 81
    205 17 122 144 21 140 147 34 0 159 52 198 100 181 18 90 145 207 176
    4 215 155 52 115 206 173 199 126 136 241 108 241 223 219 17 59 232
    36 184 68 80 22 215 243 199 54 91 244 167 214 44 1 147 213 208 234
    45 235 16 231 228 9 99 237 74 41 223 193 175 243 23 159 194 98 61
    182 23 122 155 179 46 65 171 40 210 108 111 104 89 86 4 25 130 82 5
    133 121 228 93 151 109 207 202 43 66 177 190 90 96 195 180 3 129 245
    60 121 58 130 169 181 0 151 210 87 39 23 200 183 155 189 135 94 211
    176 252 178 230 104 216 253 182 39 48 233 49 111 47 199 115 174 9
    215 241 142 75 60 253 103 16 9 72 7 150 156 24 68 47 182 125 13 238
    254 246 195 241 30 227 133 249 52 45 227 100 137 92 30 61 21 167 132
    0 149 49 59 3 135 49 168 144 31 73 20 173 139 153 249 45 56 66 44
    107 37 109 179 5 243 251 63 184 150 11 67 95 246 16 175 130 48 85 80
    167 242 215 158 143 122 69 132 64 158 85 84 128 253 142 217 0 58 230
    127 239 167 100 32 170 175 183 136 161 34 91 106 143 105 38 104 181
    11 166 213 19 116 141 45 154 163 68 67 230 65 5 203 99 171 133 63
    139 87 188 6 239 100 4 138 25 126 141 124 59 6 72 91 120 248 133 148
    195 124 94 90 192 215 243 61 148 150 215 39 196 173 38 152 255 76
    148 176 173 195 221 205 40 239 35 56 88 158 93 121 175 237 252 95 57
    180 141 11 221 223 86 47 145 88 142 172 57 106 102 59 208 208 111
    240 54 132 232 190 238 230 167 34 117 148 143 102 3 72 107 138 242
    117 59 233 42 101 183 23 196 139 202 80 248 202 49 216 47 14 208 52
    91 127 211 92 238 203 30 29 162 224 166 37 187 119 126 85 141 250
    197 2 178 255 58 63 120 77 174 168 95 62 157 140 233 203 54 82 159
    55 177 213 10 26 73 233 142 121 155 73 4 62 63 92 167 207 208 121
    218 204 2 190 49 193 26 145 144 65 18 191 128 24 55 181 237 115 105
    35 169 108 0 249 142 134 247 123 63 60 28 47 176 51 30 22 106 25 42
    241 51 184 1 186 69 106 182 148 134 142 147 13 156 236 16 11 187 224
    183 97 247 58 215 109 105 38 193 175 175 206 192 37 147 97 245 24 6
    202 26 110 205 26 218 72 232 137 26 204 226 110 27 51 235 249 125
    154 31 223 245 26 23 255 84 169 252 184 197 164 99 242 122 48 122 24
    175 158 151 62 87 78 23 193 166 21 80 90 208 109 152 94 191 171 47
    130 243 168 3 45 248 252 133 166 172 122 190 254 45 87 176 14 7 105
    180 199 206 70 161 64 115 166 8 163 199 54 174 83 57 216 14 133 138
    250 94 175 252 122 150 109 198 176 131 135 78 99 128 243 33 44 6 173
    74 39 142 229 25 249 189 243 212 242 129 96 165 219 131 20 1 44 72
    14 53 236 249 87 252 44 0 157 53 27 187 186 110 154 30 73 241 16 16
    247 214 156 100 199 78 159 211 138 226 57 108 200 241 10 218 99 169
    24 105 36 126 69 15 59 195 68 201 131 139 131 182 8 143 128 0 115 78
    74 96 227 51 7 54 103 163 149 239 246 145 198 108 107 30 18 46 136
    221 72 92 16 53 169 57 222 178 142 152 6 9 75 113 166 175 213 13 134
    204 252 164 85 62 92 103 126 14 158 4 255 62 4 83 175 85 194 111 6
    177 75 115 77 43 68 147 187 87 41 205 0 63 94 78 137 79 254 201 229
    202 102 211 185 220 181 140 221 22 253 41 167 96 144 196 51 239 212
    60 51 154 251 188 167 22 0 68 239 255 30 195 156 88 241 97 37 34 76
    212 146 178 66 90 166 193 117 129 207 184 221 103 191 102 156 77 62
    99 145 57 121 149 147 64 235 186 43 209 72 36 114 251 146 106 11 111
    56 117 107 94 51 202 253 194 133 25 56 73 248 145 224 106 139 21 65
    120 115 156 184 58 231 104 160 12 188 207 159 88 84 87 22 143 35 168
    65 110 210 44 244 133 230 221 119 139 81 83 254 186 149 59 85 40 119
    160 94 64 243 215 37 8 34 4 54 191 254 252 249 87 49 200 135 40 143
    186 23 41 158 41 145 96 163 227 126 94 196 118 190 13 247 193 60 167
    228 2 127 24 118 141 92 75 37 68 29 244 106 74 174 192 204 177 100
    218 126 99 189 148 111 60 169 108 223 149 136 168 241 241 138 186
    106 178 186 170 226 192 68 43 170 17 116 84 40 192 40 98 233 83 164
    243 65 42 101 206 134 78 141 121 234 254 1 80 3 112 29 199 130 71
    202 239 221 226 161 225 116 168 248 63 112 34 52 88 130 98 243 210
    100 119 32 224 215 88 156 93 194 143 182 28 86 71 62 100 169 2 7 250
    208 156 25 59 40 67 73 64 165 137 252 87 103 19 10 15 142 5 145 95
    164 157 87 205 114 187 106 239 43 40 169 138 40 54 71 239 196 225 7
    125 55 217 225 69 44 89 154 71 195 151 27 82 176 151 48 103 115 12
    126 246 81 149 26 60 155 76 190 198 128 145 124 151 238 190 91 166
    131 174 227 25 5 140 240 138 77 97 225 217 153 2 29 188 254 141 18
    64 91 116 143 101 119 147 32 122 246 229 17 83 187 233 152 136 159
    90 239 117 29 252 251 4 116 35 215 57 181 150 126 147 188 158 219 93
    142 14 66 88 174 122 43 126 76 237 139 212 83 5 73 234 201 124 114
    233 158 90 98 181 140 90 37 94 162 222 209 183 169 215 116 108 10
    155 206 232 6 248 168 62 87 205 191 133 127 222 18 115 212 186 187
    21 253 13 88 60 123 161 47 7 95 30 24 211 165 216 8 27 120 231 110
    111 51 182 151 142 161 222 254 231 75 60 242 235 19 181 52 68 12 130
    143 232 62 171 253 119 177 69 232 222 167 159 240 154 111 6 101 5 41
    165 255 250 200 130 45 13 212 65 248 255 70 232 26 161 160 5 82 164
    55 13 251 33 91 238 203 145 73 31 125 128 89 28 85 96 73 141 201 91
    135 13 228 97 65 183 94 121 163 117 125 206 40 112 51 230 72 132 118
    4 47 215 187 46 225 127 114 248 141 140 157 153 175 116 33 13 51 229
    117 71 88 86 134 62 34 79 151 41 57 220 130 201 54 134 162 12 157
    202 242 114 9 52 186 98 218 45 20 211 241 236 231 228 117 68 175 53
    190 70 22 239 164 82 11 161 234 109 155 201 74 161 84 84 158 104 100
    42 224 13 10 157 53 239 253 152 189 118 192 251 203 155 78 40 184 95
    103 236 13 7 108 43 34 251 99 178 139 92 127 137 85 101 245 186 130
    65 6 1 247 217 221 57 12 89 188 250 154 93 220 99 162 193 216 74 223
    106 13 183 151 237 79 244 140 255 171 229 210 11 233 236 242 41 18
    152 233 165 56 159 10 214 45 64 168 135 108 50 6 144 71 81 222 145
    221 75 64 0 132 234 175 48 146 142 74 133 4 129 48 191 47 209 6 91
    185 172 32 237 196 110 222 247 194 125 180 187 132 202 201 244 5 73
    180 5 191 225 226 174 198 190 178 45 235 29 19 85 169 133 118 232 51
    41 104 217 147 181 249 50 102 173 248 120 15 191 77 146 144 31 236
    201 114 118 189 5 66 116 17 216 43 7 115 194 48 81 95 81 91 80 126
    65 37 209 79 165 182 15 157 226 80 64 78 101 171 182 93 103 111 39
    159 69 89 216 4 229 199 73 69 139 39 61 75 10 238 19 61 219 9 65 165
    176 129 121 107 92 13 118 58 182 107 163 193 184 109 132 205 169 179
    168 57 254 140 243 51 203 112 117 49 141 182 138 245 207 172 172 240
    15 250 158 42 154 112 253 31 224 131 172 81 148 55 226 122 150 192
    243 164 233 26 19 225 120 34 115 37 137 253 157 146 145 177 63 20
    225 93 4 37 81 101 123 72 129 173 212 23 153 38 112 30 158 155 17 94
    240 92 68 245 218 202 228 190 66 47 223 248 63 71 89 82 115 250 224
    63 88 34 204 217 35 35 219 100 34 151 246 15 81 80 63 127 111 76 242
    191 243 192 187 5 109 195 226 114 154 23 209 227 149 153 153 48 71
    150 250 76 41 41 129 220 161 71 179 179 65 200 38 200 146 33 54 191
    173 230 29 220 147 178 94 63 186 74 98 72 21 71 246 167 103 10 120
    233 120 104 239 132 161 149 174 158 215 242 54 2 181 12 216 250 179
    69 11 212 131 90 177 38 115 158 202 20 203 13 3 183 85 122 146 117
    60 236 106 97 99 113 79 220 184 106 200 129 208 213 4 236 10 20 234
    178 5 198 57 6 111 187 143 214 203 193 115 165 226 112 124 99 16 234
    146 90 24 132 170 212 225 48 123 89 254 195 79 240 53 97 48 222 137
    17 143 144 99 140 139 217 253 40 73 119 99 126 237 244 186 161 48
    223 231 246 185 112 3 90 6 181 174 189 27 3 152 172 204 198 184 42
    41 167 170 83 48 247 211 71 45 65 209 108 44 19 27 20 116 108 210 2
    140 77 52 160 104 183 56 52 9 184 22 119 48 139 233 164 210 126 62
    246 80 62 21 15 161 226 102 146 184 109 232 77 177 92 194 187 139
    134 139 18 178 201 194 40 206 120 101 16 37 45 231 83 202 110 126
    177 249 43 219 24 214 112 246 112 131 164 7 228 198 203 178 174 52
    101 163 202 6 135 185 11 226 14 113 3 212 156 40 128 218 124 190 177
    4 66 166 1 192 171 94 39 2 110 247 107 253 135 224 15 107 151 190 36
    244 212 156 205 77 105 40 154 114 187 162 239 12 186 99 113 208 227
    44 80 197 5 255 123 116 191 107 8 218 23 9 245 194 179 100 45 184
    134 206 209 172 54 119 163 56 172 148 92 187 88 180 92 140 187 39
    181 172 33 110 146 68 45 82 232 7 3 114 108 58 245 161 187 54 79 152
    232 30 85 210 128 96 17 17 67 207 117 238 251 16 203 217 213 230 129
    70 1 9 245 246 231 9 172 219 150 62 224 67 199 129 229 234 217 17
    242 231 141 28 139 44 27 148 24 9 47 5 19 162 225 112 34 135 49 250
    136 245 5 140 52 29 69 229 135 177 146 198 69 221 238 210 153 154
    112 169 184 213 97 58 56 139 15 154 228 83 215 194 51 167 91 252 161
    24 187 151 115 127 43 68 25 69 108 212 133 98 53 166 245 195 231 7
    116 69 77 34 118 13 23 184 45 130 104 220 176 102 3 90 249 227 227
    111 222 199 160 41 228 33 181 121 51 143 168 44 124 236 136 9 84 138
    159 208 194 228 164 76 142 43 244 200 99 85 166 216 228 234 191 119
    96 32 136 101 220 245 149 7 189 177 136 77 102 47 241 192 205 234 9
    148 236 222 188 185 101 60 56 87 61 96 133 144 121 108 4 85 177 5 11
    126 250 1 162 96 193 164 215 147 181 241 86 12 241 242 198 125 189
    248 254 38 90 174 161 232 80 70 180 218 208 233 129 241 55 93 195
    138 15 144 104 27 167 11 12 4 107 30 167 145 255 60 140 121 231 244
    15 147 166 217 11 109 142 145 23 198 127 20 230 165 103 203 66 72
    175 190 125 30 71 185 202 140 61 15 156 99 58 111 135 158 248 158 43
    129 25 146 240 226 175 157 78 143 94 20 47 50 56 202 208 200 235 150
    205 202 38 195 245 251 189 178 20 125 100 138 197 236 139 25 35 12
    182 190 14 227 48 215 226 220 24 121 18 171 174 116 167 182 214 25
    96 209 68 55 136 180 86 101 118 255 67 224 10 179 193 158 93 67 189
    180 42 141 71 134 102 219 252 6 76 148 9 95 113 222 51 144 51 51 4
    67 9 173 89 203 233 230 158 45 120 89 9 140 35 34 188 134 132 153
    245 218 166 168 25 178 90 236 102 6 29 254 70 20 232 110 99 230 140
    216 135 146 130 248 233 11 251 220 83 152 188 78 14 247 252 188 252
    66 56 222 139 236 97 195 35 133 255 53 53 250 139 85 210 44 162 152
    34 191 77 120 181 131 84 81 232 62 112 18 235 47 172 170 224 13 248
    197 146 59 175 184 199 27 201 211 14 135 169 92 226 243 170 199 59
    25 119 55 226 217 140 88 10 5 42 178 98 112 235 120 250 27 139 10 92
    203 8 189 2 229 217 254 96 11 224 58 210 193 232 180 35 103 209 111
    102 215 27 82 177 103 235 55 51 205 121 132 2 162 227 100 23 230 127
    71 229 97 120 138 251 252 63 43 214 218 96 95 234 0 4 131 223 248
    149 240 68 71 7 43 188 239 224 209 210 197 124 120 255 207 147 223
    235 113 205 145 140 225 183 174 203 19 63 158 70 172 128 195 167 22
    84 52 183 134 185 168 8 115 31 248 191 23 76 141 161 177 196 194 175
    230 3 228 171 117 76 116 84 246 174 150 21 249 138 251 205 167 10
    200 210 190 174 198 198 132 72 126 118 60 146 55 240 131 151 100 111
    100 228 179 90 137 159 250 156 247 240 39 96 155 151 193 96 133 93
    148 121 35 150 132 89 131 59 192 21 211 151 145 20 158 35 107 245 9
    161 201 236 42 84 90 128 223 124 7 62 34 103 237 144 35 202 172 5
    197 76 18 62 60 250 98 66 59 19 152 207 194 227 69 15 242 164 219
    101 52 132 187 1 72 70 5 225 179 172 200 225 109 203 225 46 76 104
    66 169 190 207 23 195 72 213 40 168 102 140 250 85 181 31 64 64 1 62
    175 199 100 214 95 10 90 65 230 219 206 196 121 241 23 220 204 89
    241 62 240 22 201 89 29 26 211 167 147 69 140 13 235 159 77 240 87
    94 216 119 99 7 95 195 223 218 37 143 214 56 116 221 22 24 255 111
    50 223 112 26 101 232 161 120 44 7 177 117 93 3 127 231 173 187 70
    135 213 152 102 75 224 91 181 22 58 70 219 234 175 124 4 135 176 30
    52 29 1 10 37 220 228 127 225 118 225 142 218 7 44 123 113 104 245
    127 130 238 57 138 39 3 147 235 79 141 153 34 117 209 134 238 163
    191 156 121 188 47 166 86 158 135 37 252 213 216 209 32 124 161 250
    23 62 173 148 217 208 122 80 200 126 169 99 112 138 193 158 50 95 77
    254 28 219 22 82 189 78 30 14 8 162 191 13 131 71 206 82 144 128 72
    144 179 11 73 32 51 164 87 87 203 228 199 61 91 248 240 1 75 214 194
    197 147 75 210 120 203 131 99 204 163 74 249 3 155 246 233 155 63 15
    129 109 65 55 162 143 111 111 227 82 90 253 147 176 129 141 72 250
    52 128 136 75 204 95 105 156 251 145 156 88 13 148 3 175 189 109 133
    149 101 45 224 51 240 28 41 77 151 245 41 187 230 235 152 140 162 38
    76 52 226 28 31 120 58 63 183 247 95 200 93 190 228 107 190 251 190
    95 223 158 50 5 161 42 36 69 170 64 143 42 150 108 124 236 56 144 9
    141 125 97 64 216 131 85 190 246 16 234 113 3 196 207 44 57 198 30
    172 148 39 87 203 248 53 10 106 37 203 123 100 68 100 84 9 203 4 63
    238 112 193 81 140 178 232 151 26 193 222 203 4 163 21 100 234 47
    145 10 28 27 215 106 84 39 6 50 208 219 185 202 23 95 246 147 2 219
    164 129 18 163 27 54 152 34 74 220 165 77 38 62 109 52 191 6 243 177
    213 239 241 210 129 59 45 215 134 209 20 79 66 26 122 84 70 76 218
    55 231 64 43 129 62 44 204 188 233 150 153 197 63 138 199 175 230
    122 96 213 5 147 90 94 140 249 137 139 176 254 215 51 144 57 142 66
    145 4 135 118 45 131 67 176 67 172 96 81 128 175 206 135 39 40 91
    187 241 128 97 191 58 239 169 23 55 158 2 109 224 238 196 147 214
    123 231 32 103 246 227 38 176 218 114 56 185 18 21 22 47 132 84 13
    180 56 102 89 10 0 37 103 16 8 157 95 172 226 53 86 42 43 207 249
    215 121 184 130 215 115 122 168 103 191 64 56 143 166 69 194 180 117
    223 65 175 200 238 16 87 77 225 43 32 46 138 56 152 77 169 41 128
    172 218 168 243 144 38 197 189 72 26 85 145 27 217 58 134 175 89 213
    34 146 108 63 250 144 2 44 151 57 49 209 0 7 8 212 213 193 224 230
    27 56 196 200 118 136 228 143 236 194 108 167 83 230 61 189 156 233
    68 13 171 70 239 127 21 239 159 160 168 239 238 201 172 9 30 160 207
    92 15 164 203 107 179 83 23 56 190 117 220 159 242 143 75 192 157 92
    49 51 146 37 218 179 96 108 159 67 105 56 43 165 124 254 234 5 7 169
    70 124 237 108 150 148 120 33 214 216 182 58 237 83 30 206 7 154 230
    63 200 35 44 36 128 245 190 71 133 206 249 51 198 65 237 146 98 2
    213 175 198 54 214 82 125 153 200 8 182 93 72 25 145 140 95 97 9 238
    74 233 181 115 158 193 92 222 180 138 150 180 115 241 113 159 198
    116 62 205 93 254 240 82 136 57 178 231 31 215 27 50 113 106 150 146
    13 60 112 191 89 98 244 206 85 99 31 189 205 189 62 25 33 237 177 68
    94 14 65 233 192 73 216 32 171 232 104 245 15 225 1 50 190 252 198
    134 66 141 195 170 136 46 52 129 88 34 24 19 88 234 43 69 9 75 131
    173 240 20 112 255 128 200 203 161 176 40 179 111 219 32 241 197 70
    49 86 165 123 153 152 122 183 255 233 90 209 241 242 183 165 119 153
    117 168 97 63 237 187 146 159 1 75 49 15 240 249 234 175 11 23 161
    206 112 88 128 92 72 252 37 75 220 239 118 207 105 218 106 137 255
    185 168 241 1 107 135 3 61 219 65 185 188 54 202 195 155 130 250 36
    151 106 76 92 97 101 57 207 143 90 210 142 23 192 96 135 166 138 56
    204 193 219 244 73 199 143 20 103 136 23 24 108 137 244 119 120 229
    162 201 102 247 244 11 97 215 223 168 94 50 128 45 189 250 96 115 84
    87 99 251 175 105 53 138 35 73 204 139 93 91 230 227 215 12 200 23
    196 59 176 152 135 209 74 202 156 236 60 194 191 35 112 68 209 95
    144 154 222 37 126 45 210 118 22 135 136 82 159 208 53 7 155 85 241
    198 48 52 171 89 41 167 153 206 251 112 176 175 123 124 178 214 165
    219 191 221 5 117 60 145 251 69 225 136 60 84 120 100 136 158 198
    212 101 59 246 67 184 121 198 36 158 70 2 167 40 61 241 251 36 106
    222 144 125 38 232 158 125 45 50 25 199 91 104 71 240 99 249 155 151
    126 178 230 109 142 86 16 18 193 254 160 77 102 227 209 5 110 131
    132 118 126 113 183 205 180 224 253 106 181 8 153 207 159 197 163 46
    159 220 66 155 1 79 73 108 73 176 56 148 82 242 203 73 153 140 13 3
    41 210 162 116 82 242 174 248 252 201 211 225 218 101 141 127 173 94
    140 197 146 41 92 96 100 251 43 210 35 162 252 82 9 132 253 138 179
    236 166 254 15 122 227 174 124 84 184 85 187 236 250 53 173 91 126
    226 185 238 78 18 194 91 144 16 90 155 158 15 87 210 123 109 248 96
    188 67 72 193 14 6 81 168 185 131 97 177 38 219 126 233 182 164 16
    152 246 133 143 27 26 36 105 111 198 83 49 48 175 72 22 207 198 59
    199 78 191 196 112 110 224 15 227 171 211 213 58 217 255 121 152 234
    159 41 138 1 174 233 28 167 183 164 207 200 74 151 229 151 63 103
    106 102 74 108 226 41 184 72 63 236 4 183 125 1 147 127 195 123 142
    252 151 62 32 208 144 103 136 61 183 128 163 237 217 44 222 179 87
    231 221 25 28 115 246 183 210 178 29 11 137 126 98 15 50 114 70 151
    185 5 35 192 182 119 205 63 155 143 109 115 70 101 212 157 120 190
    158 121 32 175 112 220 226 28 240 190 126 69 238 49 221 83 88 251
    232 237 175 229 71 208 179 65 103 229 197 2 119 65 129 31 168 249 86
    158 250 188 214 32 72 134 137 158 111 63 221 75 153 226 57 68 58 35
    28 82 108 198 39 52 9 27 125 47 138 251 33 206 189 37 157 246 43 134
    34 145 82 43 246 160 211 200 73 34 16 198 142 79 153 228 91 177 195
    27 203 61 77 110 165 94 203 37 253 164 28 173 61 168 213 173 60 198
    73 145 40 248 224 197 247 154 124 25 248 129 119 89 86 1 173 10 74
    60 50 77 228 54 215 1 138 24 154 249 61 69 65 19 164 96 97 18 255 49
    53 27 168 115 253 9 157 193 90 184 105 72 190 19 82 0 12 152 209 242
    234 43 64 149 244 95 138 15 156 58 74 172 29 132 6 11 213 241 141 53
    45 220 44 226 174 197 231 41 162 120 165 85 21 68 158 30 138 73 187
    210 35 36 104 143 57 143 1 121 88 8 138 86 98 212 157 133 92 87 85
    201 223 248 83 255 59 124 163 124 216 60 139 201 61 37 253 105 144
    213 189 14 1 130 56 114 89 4 6 85 131 156 148 94 180 167 4 233 208
    139 12 232 225 26 181 180 24 172 220 142 117 49 80 52 221 83 150 28
    133 97 107 46 126 243 91 74 199 193 198 159 13 4 200 218 244 74 132
    23 82 57 91 186 120 238 182 48 195 60 156 73 128 15 212 86 202 175
    40 126 175 234 122 240 243 126 246 176 32 141 184 203 91 127 67 186
    128 100 213 165 12 239 82 112 128 195 114 138 113 74 130 83 156 16
    241 245 148 223 53 92 88 101 123 195 246 2 22 229 199 48 27 62 176
    232 11 152 217 222 252 138 165 206 230 218 84 67 80 8 245 232 29 35
    196 168 156 164 71 15 172 141 128 147 186 60 244 5 54 92 213 95 89
    144 14 72 99 122 57 141 42 4 208 10 252 13 5 29 65 49 27 178 142 36
    63 172 219 200 66 97 37 91 53 221 22 166 192 234 221 116 173 177 194
    200 255 194 55 229 170 140 5 76 242 2 186 73 128 230 173 67 39 245
    236 229 204 225 73 252 185 49 95 125 193 134 31 31 164 41 106 3 192
    75 202 109 73 230 193 44 126 98 15 138 11 127 25 208 10 78 182 110
    63 36 143 129 194 204 120 201 10 197 71 103 108 121 213 186 184 155
    6 192 161 77 239 85 15 62 51 179 237 83 6 242 80 241 204 211 158 107
    181 84 82 73 249 208 224 76 106 94 249 221 166 129 227 81 49 204 32
    189 46 153 182 25 217 95 23 152 193 235 80 226 251 37 80 178 169 250
    12 82 27 241 241 77 210 191 230 104 120 98 117 69 226 195 235 252
    250 246 238 117 101 89 161 241 163 63 23 32 40 168 241 185 89 129
    110 248 200 157 141 49 109 18 173 56 34 85 195 117 178 43 225 61 14
    238 177 33 59 43 118 129 190 55 135 173 119 47 35 87 15 213 73 161
    240 200 119 37 88 31 218 88 18 147 161 237 30 3 199 187 87 22 204 6
    11 206 28 174 237 177 26 84 79 158 3 166 143 107 92 177 16 29 98 76
    47 197 255 63 176 214 225 193 153 18 56 124 138 174 11 17 68 67 95
    75 54 118 255 70 224 114 18 65 154 43 30 55 4 62 10 252 36 216 208
    38 131 177 2 77 235 133 161 201 153 201 155 62 119 113 57 73 130 223
    30 132 118 200 163 81 216 21 20 172 134 67 142 108 233 133 131 86
    134 8 136 83 204 252 122 27 5 59 197 201 253 47 189 163 124 188 188
    94 198 97 136 209 109 175 187 40 154 1 47 187 232 133 218 57 153 213
    237 45 220 135 165 197 208 40 175 119 240 83 121 180 82 105 82 148
    50 12 35 180 165 95 56 151 147 25 122 197 198 230 121 52 245 195 58
    139 111 124 65 238 126 48 2 80 194 13 227 222 12 126 132 35 231 181
    2 29 123 149 189 220 233 54 157 253 246 144 197 197 156 228 63 19
    169 158 19 152 61 55 97 93 191 104 164 129 6 65 124 206 82 59 49 108
    168 134 70 21 1 182 22 103 19 22 38 166 135 188 170 114 79 155 234
    79 26 105 220 8 32 57 38 240 188 82 13 65 255 108 168 22 143 226 144
    30 100 236 111 152 221 212 9 103 39 243 232 225 4 158 165 235 111 83
    161 222 86 249 100 10 5 104 107 248 156 99 187 184 102 199 32 67 17
    130 161 225 222 7 227 0 182 124 87 175 242 104 75 176 161 218 29 250
    183 129 74 193 14 176 166 131 83 84 122 57 192 119 122 53 136 170 20
    35 38 35 21 72 88 198 201 149 147 26 36 55 126 113 29 161 226 201
    132 225 89 179 28 100 250 230 17 56 78 75 160 133 231 84 243 131 30
    5 196 111 90 51 249 253 243 96 31 138 210 14 205 193 72 99 92 122
    156 91 167 108 89 180 2 25 114 126 29 9 130 214 91 105 91 123 95 100
    184 16 255 193 4 41 11 246 44 71 103 161 99 135 250 80 173 150 5 226
    229 137 150 248 186 82 189 143 18 140 56 81 12 110 49 126 128 212 51
    15 152 238 18 105 111 19 40 115 200 10 74 181 13 26 243 141 79 169
    145 63 17 209 65 140 31 151 63 23 52 97 144 64 19 68 146 189 106 220
    82 95 108 60 100 106 4 0 76 198 132 254 32 107 151 182 125 52 7 4
    145 73 103 165 216 236 18 254 28 204 225 103 125 11 6 178 95 64 45
    155 51 48 172 27 134 221 100 134 2 34 107 176 126 23 39 35 124 28
    178 0 211 163 147 44 240 182 184 143 168 5 64 188 215 183 102 204
    118 245 144 241 15 87 214 252 129 113 251 162 241 144 164 118 78 205
    213 7 220 251 253 133 33 250 14 151 158 193 94 185 156 147 241 42
    178 201 170 64 4 96 30 207 152 194 2 150 142 23 157 217 198 166 168
    45 103 38 213 174 193 4 205 169 213 153 225 183 18 9 97 69 99 101 10
    154 96 109 65 40 31 156 218 95 216 111 148 227 143 105 40 110 130
    146 71 77 231 107 68 27 119 4 48 39 145 58 84 149 247 148 159 111
    226 232 110 148 152 186 64 92 67 68 8 94 0 32 171 236 138 138 62 167
    16 40 123 101 238 191 107 149 173 248 104 175 3 255 188 205 183 62
    214 115 76 64 42 223 67 34 140 241 163 111 158 207 126 245 180 172
    98 53 88 253 255 12 175 188 101 77 74 65 157 97 168 227 167 172 70
    95 153 208 99 47 125 95 156 93 220 127 192 230 203 188 225 102 112
    127 140 78 160 114 25 167 171 232 221 223 161 62 196 27 232 28 152
    52 198 213 35 217 132 77 204 245 18 142 1 98 43 74 201 194 156 76 42
    187 214 140 142 98 101 148 49 168 151 90 192 122 237 155 206 100 216
    122 186 68 86 113 179 169 216 90 166 124 11 239 88 115 153 156 127
    218 15 0 13 20 58 135 26 47 72 69 12 164 144 233 170 33 58 81 132 2
    158 130 128 146 101 2 219 162 200 235 102 11 9 11 88 163 129 112 250
    231 150 4 111 47 58 61 250 26 98 29 185 66 41 37 223 118 111 40 225
    13 61 28 5 140 85 64 151 138 26 1 124 156 45 240 15 13 226 168 82
    247 121 171 210 44 91 206 38 147 219 111 45 221 240 22 159 115 124
    125 160 5 243 153 110 186 186 218 28 94 191 199 69 142 221 235 60 22
    90 129 241 26 155 97 43 141 56 98 182 145 8 121 200 45 184 149 231
    102 124 140 159 216 175 68 221 63 0 143 85 81 179 192 146 178 11 198
    44 221 78 95 53 6 125 6 157 188 191 213 108 206 91 8 209 127 68 16
    247 210 164 20 159 37 149 206 33 190 133 29 92 211 50 106 30 181 253
    13 133 53 81 178 128 196 42 112 209 255 19 244 113 5 234 29 150 184
    189 102 76 85 183 59 57 244 122 60 20 249 46 117 7 141 186 164 118
    188 46 130 222 128 124 121 28 101 146 41 147 120 132 180 205 171 74
    132 64 4 219 153 125 2 60 65 108 180 67 11 163 25 65 229 43 106 126
    99 58 155 227 108 184 151 172 9 180 137 73 31 245 34 226 240 148 188
    58 189 230 79 59 205 85 210 80 37 184 92 110 152 70 80 162 215 175
    220 108 86 248 237 195 33 180 15 133 58 216 99 79 28 9 211 157 217
    144 164 113 75 24 228 138 183 131 246 178 140 69 73 139 248 250 192
    49 251 45 177 28 172 33 184 76 247 147 93 57 67 172 14 106 46 127 78
    85 81 59 106 243 176 206 190 250 166 81 189 222 173 80 249 196 158
    155 129 102 227 121 34 59 45 124 191 238 50 75 235 192 188 227 23 96
    187 78 88 228 250 83 25 247 27 12 107 42 61 162 31 32 222 33 31 171
    13 198 24 62 46 75 178 252 199 25 147 30 62 65 187 41 109 153 115 71
    176 225 35 1 153 142 71 59 226 199 178 77 131 52 98 134 207 36 186
    89 29 230 194 150 80 191 191 82 86 140 91 137 229 251 64 238 144 24
    129 202 208 151 4 72 9 146 114 55 106 119 0 103 66 96 13 125 57 61
    223 18 38 91 176 211 8 49 202 200 232 68 27 167 0 0 132 138 29 203
    51 23 53 82 7 138 143 160 158 226 108 215 83 195 120 246 234 140 148
    158 111 3 228 240 193 59 84 144 44 129 125 204 44 102 164 123 218 56
    15 243 201 102 32 7 181 172 45 190 96 229 6 247 223 107 4 124 47 76
    80 17 104 36 109 122 83 183 185 195 187 77 75 115 83 186 209 166 174
    223 121 81 115 129 217 141 178 196 221 57 195 89 22 103 33 21 176
    226 160 195 34 130 192 57 53 135 234 103 219 145 126 151 116 81 3 79
    150 42 21 93 39 115 212 233 255 33 177 195 66 166 145 109 208 17 254
    50 108 92 64 139 186 33 72 228 130 19 171 211 209 111 150 7 14 85
    207 66 212 89 203 79 140 227 163 125 103 200 58 54 102 137 250 108
    146 47 156 249 159 2 27 181 76 179 63 36 57 103 38 124 159 194 152
    117 176 8 192 16 129 129 53 0 50 32 41 154 168 122 144 73 131 197
    233 67 245 141 22 217 182 146 237 188 42 183 81 126 83 83 145 3 170
    202 209 186 129 83 221 0 70 164 216 217 110 28 14 136 7 118 221 39
    237 172 243 138 133 209 95 246 112 21 62 156 62 250 48 210 234 148
    116 99 239 204 141 25 196 254 12 45 248 113 11 116 30 26 61 109 74
    113 102 211 125 72 244 218 160 193 85 193 76 77 237 49 114 91 88 25
    13 232 72 74 165 246 92 228 236 118 167 177 97 131 14 117 240 220
    132 40 130 124 52 71 124 225 123 207 236 60 154 229 105 7 221 4 232
    41 253 19 133 174 231 195 211 115 167 29 29 18 59 145 5 124 52 46
    119 246 18 4 150 238 36 154 221 180 146 88 124 121 137 97 109 192
    193 84 131 255 99 142 0 83 37 87 57 95 162 205 136 127 179 206 18
    202 52 103 100 236 19 101 149 153 226 23 213 242 237 21 28 74 200 17
    97 170 163 152 192 153 101 56 226 153 177 232 152 204 192 202 189
    112 180 245 120 120 197 251 93 192 24 7 87 30 100 60 151 144 239 217
    74 252 254 63 59 131 18 181 56 206 12 237 236 122 158 229 218 42 173
    7 111 92 166 222 111 49 1 87 245 37 99 102 106 237 54 91 236 170 84
    78 5 189 239 213 234 187 166 185 4 13 58 121 14 140 80 247 87 35 79
    76 148 74 254 127 4 181 49 91 128 167 11 177 223 198 41 253 86 34 26
    176 61 193 245 180 53 15 28 108 194 248 127 216 10 177 198 130 160
    92 161 5 64 91 80 233 30 7 163 170 155 126 192 104 22 18 24 126 104
    161 237 100 74 16 146 201 199 114 22 112 123 217 179 217 226 143 23
    40 255 38 74 217 168 227 155 241 166 127 46 83</data></test_img>
<my_img type_id="opencv-matrix">
  <rows>128</rows>
  <cols>256</cols>
  <dt>"3u"</dt>
  <data>
    198 119 0 255 0 0 201 255 255 87 59 13 70 199 0 119 0 221 0 0 124
    225 0 255 78 243 152 192 81 35 225 145 255 11 142 170 19 203 202 0
    111 255 216 255 179 95 0 187 255 131 255 255 0 0 20 255 48 174 0 0
    255 0 132 9 255 31 255 0 255 144 209 104 0 33 154 202 37 0 169 255 0
    176 245 0 37 255 0 0 253 0 27 255 0 137 207 13 96 255 199 198 187 83
    96 175 255 255 127 107 157 41 8 188 255 128 131 74 255 255 225 144 0
    0 123 0 255 26 0 255 242 245 0 96 168 34 56 102 255 165 97 173 0 0 0
    217 152 5 82 255 0 255 0 255 158 202 0 255 0 143 251 255 66 8 255
    248 0 255 132 70 75 175 141 161 79 210 138 51 204 0 165 255 255 247
    19 238 255 165 120 0 125 159 255 255 96 255 255 191 0 255 32 209 21
    193 178 168 70 175 0 0 105 255 2 84 111 238 0 0 17 255 255 255 23 90
    76 62 115 0 255 12 213 255 255 47 41 113 255 67 192 111 106 187 250
    0 2 110 235 231 231 77 219 244 0 30 255 116 40 193 218 6 0 16 248 16
    0 92 32 0 109 145 0 0 91 109 96 95 0 177 255 244 122 144 255 0 188
    188 140 170 0 0 238 26 142 93 0 159 205 255 0 9 81 162 107 45 154
    108 67 253 186 255 150 255 255 255 0 181 255 9 43 206 255 255 39 162
    215 117 51 186 0 18 207 32 0 0 255 0 73 255 0 216 86 209 0 44 254 16
    148 41 177 151 148 255 27 0 82 27 164 0 234 42 197 255 209 255 187
    255 0 255 98 160 140 143 207 0 0 93 255 255 21 255 104 153 35 0 44
    192 57 35 188 191 255 131 87 234 255 200 187 6 255 0 88 101 255 255
    8 46 190 255 209 19 0 255 0 0 223 118 255 65 3 156 186 121 149 137
    229 24 255 141 255 255 0 4 255 82 0 255 255 43 152 213 78 255 7 255
    235 0 75 0 119 0 0 255 64 119 88 247 56 28 123 0 181 0 31 78 135 96
    56 135 0 0 202 56 68 255 103 0 255 220 124 181 202 255 191 142 50 41
    34 0 99 224 0 0 46 232 0 0 59 54 0 255 100 220 255 255 0 77 0 183
    129 195 173 165 0 255 71 233 91 255 147 48 162 0 3 132 116 99 255
    175 255 255 225 172 25 255 255 122 255 16 12 255 0 255 87 255 24 215
    11 255 0 200 39 24 0 0 126 0 255 123 0 50 34 119 103 191 202 202 248
    180 60 13 0 67 223 145 198 12 18 255 86 196 0 26 35 84 38 127 119 36
    255 193 17 255 0 207 81 224 255 72 212 202 250 255 30 225 239 210
    255 143 255 0 91 158 255 90 40 183 86 115 16 198 210 0 255 152 226
    184 113 51 0 255 0 3 153 0 77 125 232 0 0 0 255 106 64 220 101 211
    95 33 14 61 240 84 0 124 210 0 131 255 27 123 0 38 255 255 255 0 213
    255 241 178 255 254 134 122 107 255 110 196 255 98 64 230 220 14 0
    187 252 65 255 162 255 88 173 244 126 172 0 3 238 0 195 0 255 111 61
    255 255 0 90 0 255 25 255 57 36 0 0 0 125 154 255 255 193 255 255
    244 97 162 249 191 53 0 0 178 63 255 255 212 255 251 0 246 255 255
    165 0 0 90 241 213 239 83 0 186 240 22 255 142 255 34 19 255 146 215
    96 33 24 255 255 140 117 38 240 168 0 0 22 255 191 30 29 255 151 177
    37 0 244 255 75 254 61 0 196 255 84 255 255 0 0 240 43 0 162 255 0 0
    53 28 255 212 0 63 255 240 149 166 255 255 247 153 233 14 183 255 8
    46 244 81 187 0 93 0 113 214 72 0 255 250 255 239 144 154 171 0 178
    238 254 0 184 201 20 105 7 255 235 71 249 255 235 238 255 126 180
    153 0 249 43 235 0 0 255 255 0 87 255 255 205 255 255 208 113 197
    238 142 0 93 255 33 0 133 255 0 54 82 193 255 108 228 224 229 241 88
    255 4 146 248 255 255 126 255 114 255 0 43 255 168 255 69 255 79 196
    191 0 255 9 144 146 255 255 255 0 236 130 255 200 144 0 88 247 255
    43 124 228 204 255 0 255 72 110 91 206 38 92 0 69 63 255 95 255 247
    34 255 0 0 58 29 0 155 150 255 88 255 117 196 198 232 79 172 55 202
    0 125 255 255 0 235 164 47 164 255 187 92 255 82 217 61 83 207 3 0
    172 52 244 104 100 0 0 42 154 0 255 0 18 255 255 242 71 255 91 24 78
    119 239 7 182 0 255 0 44 11 197 222 131 83 188 212 0 255 33 83 255 0
    0 230 109 191 54 227 119 240 255 0 9 151 119 145 37 255 179 93 27
    180 0 173 82 242 255 157 138 166 48 0 226 239 0 163 0 85 143 197 0 0
    97 202 255 89 255 0 255 183 38 0 186 84 227 212 0 200 0 175 110 0
    111 255 172 0 0 255 51 0 47 170 159 147 17 0 223 224 142 144 77 255
    239 201 75 65 179 12 0 255 11 255 78 144 0 136 255 255 245 88 115
    157 255 255 20 250 190 191 183 175 255 34 255 82 215 255 127 225 255
    161 37 194 73 0 235 0 86 0 253 255 0 255 255 16 152 117 255 47 0 93
    165 28 0 7 255 255 31 6 69 81 117 0 94 0 151 254 164 190 221 0 29
    149 0 0 255 115 60 211 166 255 0 171 255 220 57 0 239 0 0 63 0 100
    255 255 255 80 255 255 255 16 50 251 186 255 194 197 0 239 106 151 0
    255 195 255 0 172 227 1 0 15 255 139 255 255 189 28 66 114 90 255 55
    190 190 203 57 200 255 255 66 255 91 124 255 0 0 11 0 19 27 224 255
    0 149 191 255 18 121 221 105 166 52 0 223 118 161 0 231 191 0 255 27
    210 82 74 158 215 220 255 0 0 69 0 0 185 117 176 0 255 0 255 0 181 0
    255 235 221 255 255 250 244 131 63 156 147 0 0 132 86 158 0 112 255
    136 72 0 255 122 0 0 0 223 119 0 193 47 91 0 67 54 235 202 63 255
    208 235 255 227 202 63 43 52 66 0 204 28 16 255 0 107 117 53 233 14
    154 220 136 134 241 26 79 0 251 0 255 255 62 177 69 0 77 0 88 198 85
    122 201 0 73 184 255 135 199 255 25 223 245 219 146 22 123 163 38
    237 0 48 138 183 0 37 17 176 122 255 20 178 0 35 255 162 150 15 0
    128 57 189 209 29 45 170 255 194 196 226 127 23 52 49 127 255 211
    167 96 0 180 0 255 255 0 254 255 126 56 123 143 255 255 145 160 177
    196 255 245 131 88 174 0 0 249 255 251 120 0 255 233 0 16 146 255
    255 146 151 255 255 184 119 4 0 63 49 45 38 0 132 112 255 110 241 63
    114 194 141 0 0 127 255 255 243 119 255 69 174 131 255 180 214 255 0
    255 134 204 255 0 233 18 255 255 0 3 0 36 87 135 219 255 135 63 56
    244 41 0 78 0 146 244 238 233 255 154 23 244 179 248 246 13 0 199 0
    223 188 0 125 199 0 255 170 13 204 108 255 140 57 230 41 0 0 199 255
    211 255 150 24 28 49 255 248 255 192 22 190 186 255 184 230 0 236 43
    0 255 81 110 97 0 255 0 55 0 0 227 0 44 52 125 0 0 226 0 111 255 83
    0 152 251 18 72 196 150 255 255 235 159 223 0 0 255 12 119 47 255
    140 51 1 110 0 4 142 66 0 246 0 211 255 108 162 68 45 255 108 224 81
    55 165 0 201 172 22 255 38 255 255 162 77 142 0 59 84 110 192 255
    150 136 255 233 0 0 19 190 83 241 51 0 55 193 0 0 46 175 172 255 173
    149 0 0 197 53 59 191 255 147 198 226 0 224 0 91 170 13 96 233 0 255
    32 0 255 232 144 136 255 47 0 12 182 0 0 16 83 28 0 29 255 0 30 0
    255 203 255 0 0 0 0 24 9 0 152 6 170 125 0 255 41 0 17 24 255 241 25
    93 0 0 86 255 39 0 154 157 248 0 0 24 157 0 244 217 0 23 243 85 255
    0 222 255 229 64 72 138 56 14 103 182 80 93 51 183 52 224 227 255 0
    199 38 192 49 208 255 142 202 23 0 0 0 215 42 165 0 160 255 0 166 31
    167 255 148 120 46 41 67 0 90 15 13 0 121 0 98 166 92 109 13 16 104
    87 10 255 0 149 182 4 67 144 106 24 95 103 232 8 30 0 255 255 51 7
    255 1 87 96 52 255 96 255 200 31 25 0 255 255 0 139 3 74 99 0 255 35
    69 255 221 120 99 125 244 187 255 150 121 255 200 145 2 141 0 137
    190 0 219 255 255 255 255 0 39 182 211 255 239 16 0 177 186 247 187
    255 116 255 236 149 144 255 184 0 186 0 59 151 237 255 80 70 49 190
    0 0 74 0 61 255 0 186 255 202 192 0 0 0 0 0 6 237 255 0 255 223 0 23
    255 35 255 236 255 0 174 102 0 0 246 6 107 0 0 133 90 255 155 98 175
    250 255 0 141 219 169 16 120 170 156 7 255 53 255 235 10 62 255 85 0
    255 255 36 89 181 50 205 117 0 71 0 23 255 244 204 0 51 255 171 145
    80 255 0 255 66 131 213 4 107 0 58 89 255 205 221 39 198 198 240 255
    60 255 107 188 2 0 87 0 255 0 255 0 148 243 0 233 99 187 255 0 219
    136 135 255 0 84 116 11 251 240 255 141 177 142 88 147 255 237 222
    180 243 80 198 102 172 255 2 227 255 74 255 0 240 72 35 255 45 0 163
    8 130 128 219 0 31 0 0 0 5 74 92 101 124 246 91 0 157 148 255 255
    250 143 160 8 63 0 141 151 222 84 117 160 255 50 50 128 63 0 49 255
    0 37 163 255 118 41 88 174 35 165 28 255 68 255 50 143 255 0 255 199
    17 0 0 184 0 130 0 122 139 210 0 16 241 0 255 0 183 157 178 0 190
    191 0 0 255 255 0 179 179 255 43 0 182 230 236 72 149 245 179 255
    118 151 0 4 255 207 0 0 17 186 255 98 55 207 107 35 252 80 0 124 0
    70 211 205 255 0 119 140 103 75 0 87 222 115 0 159 179 0 53 97 56 0
    242 116 255 239 255 255 195 193 163 230 12 254 0 78 43 0 188 188 128
    74 255 150 35 66 192 113 79 158 164 90 42 149 148 0 34 190 0 15 63
    240 220 103 255 53 167 143 193 0 0 33 0 255 216 58 0 112 0 47 255
    255 136 255 0 155 0 255 188 255 255 133 32 255 22 255 140 0 146 255
    0 255 3 114 255 135 225 6 255 0 255 205 108 38 0 165 45 179 93 124
    216 62 116 44 141 227 251 0 0 143 34 0 0 194 159 249 0 114 164 125
    137 25 193 225 153 231 221 20 104 255 161 65 255 43 255 124 4 105
    156 255 0 121 255 151 26 0 240 85 0 146 197 255 76 3 149 26 33 255
    188 255 138 90 0 0 0 188 28 173 255 97 46 117 0 255 141 147 255 88
    145 0 0 255 129 0 255 3 78 255 132 202 57 17 38 209 215 0 0 71 76
    255 85 255 0 150 0 163 215 33 62 255 149 168 19 255 0 85 60 255 255
    96 212 20 241 254 241 243 1 0 99 77 255 88 99 200 215 105 137 51 143
    19 241 183 255 0 77 255 150 27 29 255 255 0 0 208 225 0 110 75 199 0
    122 149 63 255 0 0 138 68 0 222 17 7 175 255 134 214 239 192 17 117
    216 122 57 188 255 93 79 16 247 0 255 0 182 233 88 33 73 0 145 213
    255 84 0 255 255 255 0 255 61 171 15 0 208 12 0 163 0 124 155 255
    115 93 197 67 78 255 255 0 21 18 255 255 251 255 211 0 255 234 2 103
    255 96 0 13 255 13 134 201 121 0 26 100 61 33 255 162 254 255 255 0
    255 105 0 255 46 62 67 40 255 113 113 255 179 54 83 0 134 255 255 29
    108 87 0 255 194 255 80 255 147 225 0 175 29 255 52 0 255 202 42 9 8
    136 255 206 0 100 20 0 0 255 255 11 80 117 255 173 255 133 17 176
    255 0 149 0 233 196 0 14 0 148 13 255 255 0 90 48 172 255 136 255
    244 255 114 246 73 199 153 0 0 154 255 99 225 222 223 68 240 51 143
    143 66 0 221 91 58 231 129 255 254 21 24 0 145 255 255 188 100 131
    127 255 255 63 8 46 255 0 106 255 0 255 124 4 132 108 57 255 5 115
    231 199 239 0 123 0 0 221 47 255 0 19 0 70 0 75 55 255 51 251 255 0
    84 79 209 15 0 255 0 99 192 34 0 35 255 63 42 168 255 240 60 0 69
    156 125 75 202 215 252 72 0 255 130 82 148 1 125 0 134 93 123 17 255
    255 136 98 155 221 143 36 20 0 255 219 0 255 255 130 175 0 164 165
    230 166 230 96 0 0 188 24 0 96 138 102 0 161 175 0 216 255 61 255 0
    255 86 107 255 255 68 255 62 246 37 0 255 0 138 255 177 255 175 227
    255 12 137 234 246 42 255 171 0 0 60 99 207 224 175 125 226 105 173
    51 217 191 26 53 0 0 52 255 0 219 49 255 255 0 255 255 216 109 81
    254 0 220 225 255 255 120 0 0 22 71 255 46 206 0 0 236 0 21 113 112
    140 166 0 255 255 228 49 0 212 255 0 0 251 255 255 27 255 246 216
    201 22 155 252 255 182 0 0 121 36 154 232 212 26 241 221 53 57 189
    170 0 240 0 0 142 87 83 0 255 72 19 255 156 255 33 255 255 239 122
    185 60 35 193 42 0 90 255 32 0 125 255 63 200 245 8 102 255 97 0 42
    255 128 0 255 255 0 255 255 59 0 74 207 109 12 101 156 255 0 55 0 66
    255 62 138 64 174 160 227 103 78 243 44 0 32 0 47 0 36 118 54 255 0
    74 0 255 100 0 117 185 179 211 178 255 103 127 249 30 192 98 21 255
    147 255 45 93 137 255 0 216 255 238 229 0 161 11 255 98 138 128 7
    255 0 129 0 138 104 255 95 187 0 255 243 68 149 108 117 178 255 0 17
    190 185 96 184 106 187 200 255 45 0 73 82 0 15 255 0 249 245 255 176
    0 255 19 197 53 221 160 0 255 25 167 255 177 0 88 185 40 255 235 255
    223 130 216 206 0 153 255 16 172 119 109 0 243 255 0 0 0 108 0 114
    60 0 59 255 255 255 181 161 149 255 255 148 255 88 0 133 198 0 0 112
    42 61 255 82 202 245 143 255 255 172 8 199 69 16 121 164 255 250 101
    22 12 0 97 255 60 0 0 255 0 252 53 41 0 255 255 0 225 115 0 0 0 0 90
    0 0 122 0 149 200 236 2 255 168 86 194 173 243 148 255 237 0 255 147
    142 5 248 205 169 222 196 49 30 0 0 255 255 54 6 170 22 121 86 0 10
    40 179 255 0 173 111 255 179 98 255 142 75 255 134 8 255 0 230 123
    63 66 192 60 255 66 0 0 48 255 130 0 177 169 35 161 250 255 138 154
    192 255 34 0 3 91 255 180 137 5 216 216 236 3 0 40 30 95 81 0 22 171
    68 0 176 149 218 0 126 255 173 255 146 59 255 145 74 209 0 255 0 0
    255 255 81 236 0 255 177 130 105 135 0 121 83 182 0 237 213 51 95 0
    255 115 255 74 180 249 210 47 230 52 83 255 140 60 171 32 255 20 79
    0 59 0 21 41 0 0 0 30 208 255 232 178 111 127 2 60 255 99 255 119 77
    43 0 74 107 163 217 150 32 158 20 170 189 0 0 247 223 183 121 201 0
    148 1 255 90 0 178 4 0 0 255 231 0 255 255 131 255 59 248 19 58 215
    255 0 60 251 255 223 0 255 230 163 18 0 0 66 255 255 121 106 114 220
    185 174 225 110 0 255 102 0 49 255 124 142 255 255 247 248 77 214
    177 255 79 0 115 0 183 7 168 209 88 248 13 255 41 182 187 248 131
    233 35 255 35 86 255 94 181 0 64 0 25 169 120 198 72 144 255 103 57
    0 71 190 8 124 255 181 252 225 152 96 89 255 84 116 254 90 255 44
    255 255 27 0 175 219 36 125 0 255 255 255 156 53 107 0 148 163 0 161
    255 0 255 231 255 0 255 146 21 182 84 122 237 78 255 37 27 106 115
    255 192 10 178 255 0 255 11 107 67 167 108 56 0 204 108 255 6 0 179
    39 127 217 214 29 255 79 242 97 132 96 160 197 255 250 194 0 0 72
    119 255 192 0 63 0 125 112 238 151 102 255 255 78 144 255 62 255 25
    255 206 69 109 98 29 144 255 255 111 255 107 255 251 215 136 215 176
    0 255 185 0 0 50 221 121 36 48 0 0 219 255 9 26 187 85 0 240 215 79
    0 255 31 81 233 255 0 167 54 0 160 56 115 0 55 180 0 255 255 213 255
    0 180 0 0 18 0 0 93 0 0 255 0 118 250 116 176 253 110 235 75 185 235
    0 154 255 0 162 194 85 132 0 149 65 202 255 161 241 56 0 255 80 21
    193 130 18 42 207 0 255 75 208 255 113 72 89 126 251 193 0 255 145 0
    188 41 134 69 0 200 198 192 0 153 135 201 196 0 60 147 255 11 38 255
    255 240 7 255 216 0 220 172 89 0 255 60 222 255 35 26 255 0 224 23 9
    58 0 33 155 12 238 54 253 255 255 90 206 36 108 58 229 231 125 7 255
    0 80 0 0 78 94 255 236 0 67 137 239 0 101 0 0 68 199 0 208 157 222
    173 5 0 19 21 41 255 0 0 71 179 0 114 14 255 76 61 255 161 92 0 255
    0 130 71 0 186 146 218 212 250 255 133 198 129 227 249 0 191 200 0
    129 255 93 0 210 255 0 230 136 0 255 0 142 139 143 94 0 255 255 97
    216 123 0 255 255 112 204 170 255 211 70 0 121 197 197 17 0 62 62 85
    213 29 108 249 26 0 86 150 13 246 233 153 167 117 40 0 255 0 252 229
    136 136 0 126 255 136 0 97 25 255 123 0 0 242 0 125 224 96 113 200
    255 255 255 255 110 255 38 206 0 76 255 191 71 98 66 152 245 0 31
    142 45 167 116 0 224 25 255 188 211 237 255 251 244 140 24 78 255 0
    197 255 0 211 255 45 0 0 99 143 0 185 248 250 0 184 232 11 16 255
    250 83 49 255 107 0 0 64 0 255 65 254 0 0 203 106 255 225 0 48 238
    231 38 255 0 131 25 0 101 0 58 0 255 15 183 53 54 85 255 0 0 101 156
    163 246 11 179 62 255 252 135 166 33 0 133 157 70 178 66 255 214 113
    255 0 221 150 0 255 117 214 48 250 255 0 0 0 91 4 0 225 35 112 223
    188 0 196 157 86 85 13 212 196 228 124 38 203 0 0 109 0 34 0 187 161
    255 72 0 255 225 156 121 40 255 30 43 57 0 255 209 0 229 255 26 79
    136 164 223 0 168 240 0 100 0 193 230 0 255 39 113 220 67 227 14 233
    255 29 255 171 199 7 0 196 0 46 47 0 101 0 0 0 53 25 0 153 142 255
    255 0 25 255 127 123 3 143 197 255 0 225 0 137 36 228 157 0 15 255
    178 0 235 229 0 0 168 208 255 255 144 255 238 104 207 80 42 255 173
    66 49 255 252 111 144 208 69 0 11 32 165 255 0 0 121 57 0 255 136 41
    22 169 205 112 131 0 166 62 0 83 211 0 172 252 243 148 255 255 0 94
    0 0 0 109 181 186 27 0 0 17 0 200 178 222 255 102 255 0 134 72 73 25
    121 48 144 195 0 0 42 33 21 255 0 255 255 66 232 122 0 191 255 255
    145 89 140 13 0 161 35 114 0 193 0 0 125 0 100 230 0 121 154 233 255
    255 255 125 194 248 255 108 221 236 255 0 186 183 133 255 255 22 255
    215 0 172 0 120 255 218 255 164 0 253 184 47 116 64 255 43 59 167
    129 255 0 0 212 191 247 0 255 101 0 136 55 0 204 160 242 255 192 255
    37 0 218 0 182 255 0 108 183 0 0 255 208 174 0 64 52 150 52 107 0
    191 0 197 38 255 210 125 96 255 164 255 64 196 209 214 0 225 242 103
    162 233 0 209 5 221 177 0 213 255 255 87 159 255 232 154 152 208 65
    110 255 199 0 0 0 122 255 0 87 247 0 0 147 120 102 235 230 0 142 255
    0 116 255 57 224 99 10 199 255 255 109 204 228 215 120 102 143 155 0
    162 166 35 255 0 179 255 67 32 195 10 145 17 144 255 136 114 136 255
    0 104 57 52 47 0 0 255 106 0 175 58 36 255 241 208 134 67 51 0 255
    135 42 161 228 131 0 81 255 46 231 105 180 52 148 255 255 0 106 255
    247 100 230 181 104 102 221 248 234 255 28 0 0 255 255 177 0 100 5
    217 255 65 172 246 95 0 79 183 144 59 255 255 172 162 255 236 0 255
    100 255 255 233 11 133 168 150 207 235 114 113 2 255 255 255 74 105
    106 0 0 255 20 185 255 203 255 255 0 248 101 29 223 0 255 176 70 134
    55 179 21 72 236 126 77 0 193 16 72 0 1 127 255 0 0 162 179 255 255
    255 0 255 118 223 21 46 172 0 255 128 0 174 0 0 228 234 174 242 198
    180 0 0 0 240 96 31 157 255 107 0 28 174 90 9 70 150 136 75 33 213
    246 255 188 110 108 0 139 0 154 112 12 0 255 79 0 174 100 212 0 0
    104 0 0 6 0 255 124 255 154 255 90 0 23 255 72 171 177 255 115 255
    54 255 199 0 63 213 23 10 121 143 77 132 0 86 255 255 156 121 53 237
    255 195 44 0 255 0 198 132 185 0 87 255 0 13 227 185 76 230 74 71
    200 0 80 255 136 35 122 0 200 152 0 74 46 255 255 255 88 22 31 3 255
    255 194 203 83 0 0 255 0 255 136 217 242 236 0 76 18 49 13 183 98 0
    125 123 165 152 225 180 255 253 255 53 255 159 0 37 39 151 0 157 255
    0 255 175 147 164 0 176 34 0 172 0 255 0 0 144 139 188 144 0 42 0
    114 0 255 173 255 165 152 75 180 217 255 255 255 187 244 240 255 20
    213 144 0 111 32 54 0 255 0 9 151 255 176 0 118 255 59 57 204 0 255
    88 255 76 225 95 0 5 255 0 0 197 255 13 255 255 168 0 0 255 98 85
    221 227 255 66 103 215 69 0 0 104 103 0 21 239 22 0 152 152 204 255
    209 147 52 121 255 90 255 0 197 115 251 46 0 255 0 255 165 162 220
    212 30 70 132 176 220 0 0 0 255 255 70 193 115 251 86 255 25 255 255
    0 42 0 0 255 255 255 173 0 126 98 201 0 105 146 190 255 179 255 247
    173 0 157 144 255 0 244 163 197 80 91 51 0 186 207 66 124 0 120 0
    207 164 77 59 144 255 0 13 62 46 255 121 249 196 89 255 0 153 255
    136 141 240 0 255 10 165 83 247 255 73 159 145 118 238 182 200 203
    255 255 115 201 216 37 27 144 84 50 81 254 0 142 73 53 255 255 81
    255 0 0 0 38 245 241 255 97 194 0 225 150 0 17 0 255 154 0 197 17
    212 21 117 34 255 255 0 39 131 103 66 126 65 255 255 0 15 109 255 83
    0 255 255 14 94 0 84 137 185 255 255 15 255 114 214 255 190 158 255
    118 116 249 159 255 217 0 0 70 104 255 0 0 255 227 0 0 187 70 0 121
    117 117 250 233 160 155 85 121 127 255 194 97 170 99 90 255 223 162
    122 5 43 0 40 81 88 125 220 0 65 149 235 12 132 93 42 0 171 121 0
    176 83 68 255 221 0 188 73 181 41 255 155 136 0 121 37 166 193 216
    255 253 255 29 16 163 1 0 0 255 41 197 95 33 0 252 56 14 23 116 255
    38 255 147 213 128 255 255 158 0 205 98 0 254 255 0 0 220 0 10 171
    19 27 0 255 46 255 109 0 44 246 38 12 148 9 179 0 255 207 134 220
    244 255 0 0 0 132 79 252 0 255 232 0 254 255 107 220 245 74 29 19
    255 255 0 238 187 102 165 255 229 255 220 248 238 76 0 93 150 255 0
    239 0 0 126 0 0 0 128 80 213 0 255 34 181 102 124 43 255 255 210 255
    255 0 0 108 0 43 163 243 180 102 12 0 255 255 0 228 148 171 126 249
    99 255 63 0 67 0 123 0 10 69 122 168 91 255 0 255 144 133 72 73 0 39
    118 0 47 255 18 236 226 255 0 10 255 255 196 55 248 107 0 5 255 79
    255 255 16 255 216 70 0 0 225 0 255 0 65 203 57 255 0 0 0 248 140
    181 0 3 135 194 144 255 56 60 176 0 106 141 132 146 94 255 0 2 49 0
    255 192 255 177 255 115 136 104 125 0 78 87 0 0 18 24 34 243 73 72
    54 255 11 239 74 0 223 123 136 65 114 213 255 255 120 25 155 0 0 158
    255 0 245 255 222 153 67 168 255 196 10 48 0 255 255 255 166 124 219
    0 255 68 77 145 0 0 11 19 225 154 3 163 255 245 209 0 0 195 253 236
    184 218 0 0 194 72 255 0 255 255 82 159 137 60 236 0 0 67 255 237 0
    11 115 2 0 0 217 227 255 255 255 77 255 183 137 255 0 83 251 0 101
    131 99 255 227 255 239 0 255 50 174 106 255 0 74 182 255 246 229 255
    140 216 255 115 0 190 238 0 7 0 0 6 238 23 173 0 0 0 149 75 55 56
    222 255 0 255 0 120 246 216 255 0 167 10 255 33 158 134 177 61 176
    255 61 65 77 161 255 199 217 14 245 0 155 203 0 0 255 0 123 246 253
    242 170 228 21 238 255 144 225 0 136 0 255 250 255 182 194 255 7 0 4
    186 255 255 0 0 187 246 255 199 255 84 158 93 159 10 154 255 103 141
    0 232 87 158 97 52 199 132 0 255 255 3 54 107 255 255 162 255 255
    111 255 165 149 0 136 255 0 255 82 53 3 220 255 19 255 255 255 54 39
    0 217 252 255 255 99 165 0 176 7 0 255 0 25 255 105 10 211 155 97
    255 0 245 255 255 255 218 134 53 0 209 0 0 29 255 231 255 0 0 255 95
    0 255 212 193 13 255 0 222 234 255 68 0 255 255 57 97 53 189 106 0 0
    0 172 153 0 30 229 0 166 255 22 63 140 0 12 255 42 6 103 2 172 82 0
    80 255 255 6 161 0 255 66 1 0 255 0 254 53 0 255 97 106 0 0 246 0
    118 255 0 0 255 221 216 123 34 175 74 0 255 194 0 66 0 255 127 160 0
    0 133 24 0 255 255 36 94 255 211 0 224 74 0 132 8 255 22 255 255 125
    255 13 255 230 86 0 61 255 126 0 255 0 211 86 0 88 154 140 145 255
    80 82 255 0 80 157 18 49 132 0 10 0 0 255 185 55 0 84 102 204 147 0
    137 255 138 255 212 224 7 31 115 199 0 64 0 36 0 0 18 104 215 242
    255 0 91 255 255 0 88 86 46 140 132 84 172 168 247 2 23 76 0 0 65 72
    109 0 78 20 159 0 15 13 181 249 178 203 255 255 202 255 99 140 62
    208 232 0 138 89 255 33 67 166 255 187 255 22 255 41 12 133 0 0 175
    151 35 107 62 57 255 255 169 0 66 255 203 255 180 255 99 24 255 145
    147 255 28 204 65 166 255 0 33 200 0 0 194 3 32 204 255 0 36 255 102
    139 255 98 0 255 90 239 26 65 7 255 61 255 253 255 136 0 92 0 233 91
    255 5 0 255 0 144 212 0 255 2 11 237 255 145 99 255 0 41 56 0 41 55
    207 204 57 255 0 255 255 0 222 0 57 85 112 24 0 176 0 192 0 89 255
    255 95 0 0 60 183 125 193 132 255 255 51 252 0 78 201 255 180 255
    255 0 0 53 168 28 252 0 41 0 214 255 172 106 0 17 255 166 93 248 98
    255 97 133 211 75 210 169 255 255 255 9 0 255 0 92 51 218 113 30 157
    255 199 0 240 91 223 24 63 0 253 204 0 210 198 0 255 249 255 75 8
    136 52 237 189 175 176 179 83 199 255 0 255 84 255 88 251 72 151 63
    226 255 221 0 255 141 0 83 179 145 168 25 107 255 79 0 0 255 9 201
    255 255 255 255 215 73 255 66 3 48 0 108 124 81 54 145 252 255 37
    139 0 162 199 74 146 140 41 255 188 236 255 255 0 240 102 66 56 234
    202 254 0 66 222 0 0 54 32 0 60 197 220 210 72 201 255 255 0 255 255
    32 112 97 146 32 221 0 0 0 121 3 0 151 18 213 238 196 82 0 9 152 255
    48 86 101 133 246 255 255 255 123 73 6 107 0 255 255 0 217 5 207 161
    117 255 22 51 247 187 255 255 110 104 164 0 86 88 192 255 74 130 195
    54 108 242 0 215 163 237 255 215 214 70 61 0 128 0 254 149 77 255
    170 255 0 251 116 0 156 18 238 42 0 255 87 58 89 158 184 255 172 184
    253 255 179 100 227 0 206 0 108 0 7 255 16 0 255 212 188 255 210 255
    216 255 192 31 217 62 255 0 38 255 153 223 0 79 53 170 0 0 0 255 0 0
    0 242 11 69 255 220 255 0 0 0 193 0 0 0 255 154 255 251 188 124 227
    26 18 0 0 60 0 109 246 255 99 12 255 206 106 0 87 106 100 255 227 85
    255 191 0 129 156 186 254 131 99 255 0 255 210 47 38 0 214 128 251
    38 101 19 96 255 225 42 73 255 255 0 0 0 23 96 91 255 0 255 86 189
    195 217 255 12 137 163 0 38 255 127 132 171 25 100 3 228 90 10 173 0
    195 0 0 218 48 0 53 115 233 0 255 49 61 44 0 0 244 7 13 27 31 221 41
    0 90 255 255 242 106 4 159 255 85 183 39 137 35 255 35 205 0 113 118
    183 235 255 0 74 16 0 19 86 84 0 255 16 255 17 0 222 197 103 255 0
    10 0 22 255 144 104 0 0 135 203 124 218 114 254 154 34 44 249 0 255
    0 18 179 255 255 0 255 169 255 53 30 255 0 69 0 255 255 0 204 152 88
    0 214 255 0 153 239 0 27 255 255 101 20 173 87 23 0 84 182 56 172 99
    202 20 33 251 180 200 168 255 255 56 255 79 255 44 25 81 191 0 239
    118 0 246 43 129 218 79 82 175 8 122 2 76 0 0 129 255 233 255 205 0
    255 179 253 176 12 255 143 0 183 150 116 213 255 255 221 0 56 0 44
    160 0 86 0 0 50 54 255 199 50 131 9 0 0 62 165 83 18 100 9 78 204
    240 221 42 73 3 0 179 0 8 76 234 187 0 13 25 255 255 0 255 230 0 0
    138 41 255 14 87 255 191 151 185 217 59 0 80 0 105 82 0 39 232 255 0
    71 255 89 122 43 74 165 9 0 82 105 0 255 0 255 255 106 255 255 31 14
    69 232 0 207 0 1 0 137 123 170 0 0 153 255 217 143 29 127 42 3 254
    199 255 0 129 166 0 0 137 255 186 0 255 233 0 0 212 134 0 246 255 38
    255 210 0 42 105 29 0 0 228 154 38 212 86 210 255 153 1 0 0 255 108
    0 28 139 0 255 0 156 47 187 4 102 255 90 127 255 255 121 160 255 255
    167 166 58 219 81 0 0 47 0 255 104 197 178 0 255 230 0 154 1 178 0
    75 178 0 53 38 28 255 192 0 152 164 3 157 255 0 192 255 0 136 117 76
    8 142 203 5 35 145 15 255 0 82 100 194 212 16 255 255 0 236 0 120
    185 0 2 66 57 146 3 115 33 40 195 255 47 123 108 230 5 108 172 237
    123 255 211 255 0 255 0 0 78 0 0 49 0 120 255 246 192 43 153 150 29
    255 253 5 56 255 255 255 143 146 255 255 255 97 249 255 135 251 79 0
    255 0 110 246 68 108 255 136 10 255 85 0 255 201 212 87 0 255 9 255
    0 177 217 9 158 49 182 189 0 213 0 0 18 92 255 255 249 193 77 160 0
    45 132 156 95 0 247 222 173 0 104 146 133 133 255 161 0 144 255 255
    116 90 255 250 29 0 49 226 0 255 0 255 255 255 3 141 255 65 255 214
    0 177 39 0 106 249 255 145 255 255 0 219 245 59 255 255 84 126 142
    18 0 150 0 0 167 0 107 0 94 146 109 2 97 244 219 165 38 241 255 14
    96 0 184 2 0 255 0 255 148 255 198 0 255 38 96 95 111 131 220 209
    183 33 255 0 8 23 75 255 190 89 24 255 45 24 208 171 107 248 0 28
    255 255 255 255 144 217 0 46 184 255 125 208 0 12 0 0 169 255 0 167
    0 10 0 222 176 216 127 158 255 0 74 73 0 0 255 166 255 191 158 255
    104 160 174 0 0 175 0 255 0 155 255 131 157 255 28 161 255 167 147
    231 1 64 111 50 255 255 168 24 244 206 0 231 3 9 24 255 0 255 243 54
    190 89 213 0 248 67 110 255 255 144 178 255 255 255 255 0 142 0 10
    255 38 253 255 242 17 255 255 142 23 255 223 27 0 255 0 217 43 127
    255 0 223 243 90 255 255 104 255 14 182 0 0 255 255 48 86 0 0 20 28
    180 255 0 4 237 138 135 0 14 71 250 168 30 129 192 0 0 11 226 0 177
    176 22 0 197 13 0 237 14 137 144 224 149 243 185 0 255 0 95 13 255
    174 202 90 244 218 35 255 3 61 255 129 146 164 246 250 253 0 97 9 62
    233 8 255 134 181 83 147 115 196 250 207 0 143 0 255 255 169 255 16
    150 238 126 255 152 247 224 20 84 96 79 212 232 88 95 48 124 176 255
    187 255 220 255 44 255 198 155 255 20 46 123 232 187 181 26 41 194
    244 224 49 50 241 0 161 0 0 35 255 0 36 94 248 0 0 156 255 0 182 0
    110 88 17 63 240 189 0 169 112 94 196 134 93 59 29 60 199 255 255
    255 24 43 53 6 133 252 175 192 255 61 46 35 145 255 0 0 0 0 0 29 255
    186 0 185 0 255 255 0 229 81 211 5 94 202 255 255 47 47 78 0 149 0
    156 255 255 8 255 184 253 0 55 255 255 16 0 0 192 255 45 0 0 177 64
    41 31 116 101 133 93 0 215 255 172 47 46 0 175 140 66 17 255 65 255
    91 0 255 0 220 0 164 0 98 161 0 128 255 0 36 138 66 109 155 255 246
    231 127 247 0 215 112 244 255 108 248 0 68 152 106 102 255 241 163
    255 175 255 80 0 70 255 13 73 139 152 240 35 56 227 0 255 255 234 25
    201 197 85 4 210 0 255 0 0 0 0 49 108 255 255 0 118 255 0 53 255 255
    255 0 255 255 198 255 255 71 32 213 63 240 255 230 125 0 187 0 78
    161 0 130 255 0 0 38 255 0 140 255 0 23 201 255 155 218 255 22 0 177
    118 173 46 0 3 255 0 211 255 255 125 0 251 255 255 255 248 84 15 0
    255 222 30 255 232 172 159 179 153 255 49 218 255 105 0 168 152 140
    25 54 255 30 0 213 0 0 255 185 45 0 255 255 80 65 176 200 0 255 101
    121 0 0 255 0 23 239 125 255 115 5 63 78 50 140 237 0 163 19 255 255
    164 43 255 17 0 200 254 0 255 220 233 255 255 65 255 213 255 85 0
    255 112 199 114 140 0 30 0 0 255 98 70 245 84 12 255 9 72 0 123 255
    255 247 255 193 196 145 234 202 128 121 255 4 133 0 255 250 131 0 0
    217 245 0 230 0 255 86 2 0 255 255 0 0 255 41 88 239 255 3 124 255
    255 0 255 0 0 255 0 87 255 30 214 255 66 53 0 119 7 41 89 34 141 255
    0 151 200 79 0 191 186 180 0 33 255 226 0 56 116 0 255 56 255 232 0
    214 0 255 17 109 150 218 113 193 255 0 181 204 57 255 6 141 30 251 0
    255 115 178 0 211 231 255 130 177 86 71 190 0 139 218 0 217 0 29 0 0
    255 0 255 67 0 0 83 223 0 88 63 252 255 19 20 128 0 145 14 113 0 181
    54 244 125 147 203 255 184 35 0 58 113 250 55 173 149 28 123 0 173 0
    255 159 116 255 238 70 28 0 202 254 206 251 0 247 255 249 7 20 255
    144 60 15 255 155 68 255 216 28 35 31 255 169 255 13 49 254 255 58
    250 255 173 255 255 0 167 255 0 157 79 32 255 19 169 0 0 106 179 255
    160 40 156 41 0 0 131 39 64 112 3 184 123 213 255 140 255 255 107
    140 210 16 254 187 173 107 71 255 201 111 47 46 88 0 164 255 0 0 81
    255 198 18 0 127 152 235 255 92 0 255 0 118 130 167 0 18 72 202 255
    255 214 17 255 255 181 242 54 21 14 242 143 114 148 255 122 255 255
    9 55 255 28 255 56 101 241 43 255 6 166 82 168 55 0 25 0 100 32 0 0
    0 93 201 51 0 0 60 0 0 202 112 192 0 240 3 227 112 0 255 0 155 0 145
    160 213 177 0 255 177 0 124 77 0 68 120 94 109 255 255 78 255 186
    152 223 182 99 75 40 27 171 0 0 147 255 252 40 96 191 178 197 94 153
    0 81 134 255 179 232 182 154 31 0 9 27 26 113 200 19 73 0 68 255 0 0
    255 255 255 0 178 13 0 38 255 0 119 0 0 0 128 143 21 223 151 215 0
    244 36 236 71 255 212 255 239 255 255 255 218 255 255 188 47 0 69 29
    0 0 255 12 129 168 198 7 49 137 2 42 0 0 103 179 4 239 106 73 33 171
    0 218 175 0 155 255 26 90 55 203 255 141 17 22 255 255 90 71 41 22 0
    122 110 123 255 79 255 119 243 243 255 30 226 255 192 255 71 0 193
    255 0 141 230 74 143 110 255 130 0 255 53 52 149 127 96 77 8 128 172
    0 0 76 255 79 255 0 194 44 0 57 255 58 206 88 186 168 255 106 0 91
    255 255 40 255 154 33 245 255 186 194 255 255 0 255 229 128 109 0
    166 0 96 173 187 75 152 14 255 68 135 81 0 255 0 255 6 72 213 81 255
    0 58 163 79 255 51 255 56 255 0 255 160 119 239 58 214 94 255 155
    158 81 0 201 76 255 115 255 136 248 0 102 251 20 255 135 46 255 0
    101 183 117 0 192 143 0 0 0 218 151 13 38 122 0 125 89 255 210 175
    192 58 0 15 0 225 207 216 113 239 0 239 0 158 255 4 209 202 230 196
    89 202 254 210 255 196 174 176 152 255 255 173 222 140 86 25 211 162
    228 255 187 33 255 100 255 218 58 255 16 24 116 0 66 0 228 254 255 0
    180 255 111 241 255 145 0 153 0 255 249 223 51 0 39 242 39 66 154 37
    151 112 255 198 93 206 99 255 255 104 177 178 130 188 245 0 207 49
    255 215 255 255 238 0 255 74 0 185 132 141 40 124 255 154 255 255 98
    0 214 14 0 255 5 253 70 0 134 201 0 217 215 62 0 255 80 70 0 255 0
    18 0 148 116 115 0 231 108 91 176 118 254 228 0 0 255 103 0 217 255
    126 0 234 211 255 255 173 248 100 34 0 117 97 119 0 24 195 255 0 0
    255 156 0 0 0 0 80 255 255 179 255 152 14 108 52 0 138 255 194 255
    122 11 144 0 245 0 0 156 50 66 237 0 73 0 56 174 178 108 122 0 148
    232 0 64 255 255 24 255 0 0 173 66 109 192 0 196 0 255 123 0 147 111
    255 95 133 255 255 255 133 52 39 110 7 9 158 207 143 233 227 121 180
    46 44 255 255 0 107 250 255 0 82 102 82 74 0 255 220 35 255 222 138
    96 110 215 255 255 119 156 0 84 225 66 155 249 100 167 255 239 255 0
    247 0 0 100 255 19 255 88 216 93 0 56 9 255 0 214 198 138 63 214 158
    176 94 91 71 255 77 0 117 106 204 0 25 210 72 193 171 111 12 255 65
    210 78 255 255 58 48 195 191 38 208 0 145 27 0 164 19 255 132 66 20
    0 49 249 222 242 0 7 136 255 255 28 110 96 0 0 170 162 202 255 214
    122 0 255 36 0 255 187 255 255 0 116 96 0 238 92 88 135 224 98 106
    97 255 120 51 217 6 39 55 67 79 185 255 0 225 118 255 144 255 61 131
    0 0 0 94 139 78 192 142 211 220 113 255 144 113 91 0 255 168 83 96 0
    174 95 0 255 47 8 246 173 88 199 0 201 0 96 234 152 255 210 0 27 217
    255 255 0 0 161 255 255 0 161 13 24 13 143 255 13 107 201 0 185 224
    255 243 255 94 177 25 131 129 23 0 255 129 61 0 255 102 255 255 63
    29 187 141 0 239 255 45 0 12 200 255 255 60 232 48 255 255 15 13 0 0
    77 80 153 81 0 0 0 197 0 135 115 0 0 255 144 132 206 8 255 197 255
    60 17 255 169 244 105 83 255 3 43 0 137 0 67 65 9 208 255 0 255 81
    122 150 255 1 55 88 23 255 214 181 11 64 112 80 252 255 254 255 187
    255 8 255 200 7 152 255 233 204 92 255 50 244 197 0 255 255 86 0 139
    161 253 255 0 120 19 171 7 78 82 105 0 137 6 248 199 9 255 0 71 116
    0 140 255 9 241 136 149 75 255 160 255 201 97 150 129 255 255 210
    255 255 255 237 0 39 86 94 37 255 115 0 80 121 0 36 0 0 255 169 255
    255 204 88 182 0 0 0 0 0 110 0 17 62 50 255 248 224 229 137 255 17
    241 195 28 61 0 194 191 214 213 147 139 166 125 0 94 138 74 57 92
    141 255 0 255 255 194 0 71 163 104 0 114 0 55 22 60 81 235 170 224 0
    72 119 168 255 42 0 0 130 7 246 234 0 255 96 253 66 141 0 255 0 23
    173 203 33 0 0 255 159 30 168 158 224 39 131 199 255 14 186 203 122
    203 129 255 219 0 82 145 31 0 98 187 20 228 118 160 156 0 0 71 101
    89 255 64 15 0 166 0 255 255 57 134 118 138 0 247 232 178 31 218 255
    22 242 198 43 0 255 176 255 254 255 73 255 81 255 255 0 30 196 122 0
    0 113 17 255 56 164 255 0 255 229 0 244 25 178 0 44 162 0 44 251 134
    75 9 255 123 255 0 47 248 238 255 64 208 164 0 255 255 20 3 252 0 0
    68 151 237 0 255 221 139 206 165 255 2 255 255 5 143 19 89 0 143 66
    0 255 179 151 43 148 60 0 0 1 128 242 27 81 255 90 255 182 0 204 78
    11 228 255 255 254 212 0 161 255 59 90 45 123 2 158 0 255 153 69 123
    4 99 255 255 41 255 190 0 0 237 198 15 0 0 0 0 255 152 0 229 0 0 0 0
    143 210 248 9 255 255 85 196 50 211 0 0 0 255 149 255 154 161 108
    229 194 238 78 165 244 251 255 61 0 54 220 255 255 209 240 93 231
    222 0 176 0 155 223 47 46 255 52 255 152 216 150 78 244 137 178 0
    107 115 14 216 249 199 50 82 255 188 50 219 6 189 0 117 255 242 222
    94 231 0 23 158 175 54 238 0 255 254 255 218 206 0 222 139 100 255
    43 131 185 190 156 67 247 255 23 56 255 255 0 29 225 255 24 20 176
    143 255 0 122 4 70 52 5 68 255 221 255 198 27 255 255 220 245 40 251
    243 0 172 12 0 81 242 190 249 138 167 127 0 0 143 0 155 239 0 0 255
    33 0 202 241 0 113 0 130 0 230 107 158 255 85 190 54 48 181 76 61 0
    14 0 71 58 221 179 77 0 236 234 237 255 180 225 240 0 210 17 68 86
    167 255 153 0 245 144 0 0 99 52 6 2 255 10 138 215 65 83 255 255 201
    121 247 0 130 54 0 161 73 0 208 0 31 117 255 13 0 160 246 48 119 77
    0 9 169 255 143 255 110 255 255 168 65 255 65 0 255 32 255 255 38
    177 149 255 170 92 255 140 255 88 5 0 0 239 255 102 255 92 8 155 0 0
    168 103 102 255 0 116 97 14 255 111 110 255 23 83 0 159 0 0 0 0 2
    114 0 143 0 0 255 181 44 0 255 0 44 224 255 6 0 111 112 255 0 255
    182 82 255 39 0 4 255 0 218 143 255 213 255 255 255 186 255 203 0
    255 0 165 255 0 183 55 255 178 250 255 255 0 255 115 255 213 133 99
    255 168 126 129 186 156 179 227 169 171 35 240 201 147 57 48 255 255
    255 63 0 222 160 65 181 255 169 37 1 255 124 190 0 209 0 248 122 119
    255 159 62 255 170 192 81 190 249 249 62 255 99 247 0 13 97 255 255
    255 81 128 255 11 6 61 240 230 121 159 103 122 207 130 33 125 185
    255 91 126 21 255 117 0 123 255 204 0 66 255 0 140 234 118 255 255
    159 255 255 0 119 221 204 5 234 11 253 110 0 255 239 217 0 164 138
    51 238 0 0 229 10 103 240 255 182 255 9 102 138 95 96 212 143 110
    211 0 255 117 155 43 0 235 255 253 32 9 68 31 62 206 99 0 0 69 0 0
    205 0 23 0 9 17 180 0 27 255 0 255 255 186 255 255 111 0 212 127 246
    147 255 0 114 255 255 185 0 211 142 15 163 249 255 255 0 122 133 142
    149 0 255 130 193 0 142 0 169 148 0 219 221 28 0 69 145 17 61 162
    255 255 122 0 157 26 146 0 0 129 79 77 255 249 255 240 0 255 21 254
    182 243 223 72 97 124 222 255 89 95 123 255 0 182 255 132 206 113
    247 177 1 255 43 22 232 0 250 255 236 161 232 122 57 10 141 159 135
    255 216 137 255 223 164 0 53 238 0 255 61 0 163 0 91 253 207 0 35 49
    56 217 0 163 207 219 102 204 0 255 230 175 131 108 67 140 36 255 18
    34 252 250 255 38 164 0 0 255 249 150 220 189 247 0 31 255 232 150
    97 8 0 255 65 0 0 115 164 152 255 112 26 227 101 0 6 199 255 145 224
    180 0 196 31 82 0 0 0 43 250 179 72 0 146 40 0 108 0 210 95 96 240
    255 68 115 71 170 42 255 180 250 255 182 237 74 247 0 21 0 168 212 0
    119 52 0 182 144 58 5 65 0 255 121 60 0 131 0 0 255 0 147 0 109 255
    71 255 255 6 139 0 0 0 255 255 226 85 48 0 211 186 132 93 221 227
    255 255 0 0 0 21 0 255 5 216 88 208 81 245 192 23 191 0 255 176 151
    49 99 0 139 125 168 29 140 70 132 62 80 255 106 0 255 0 16 255 0 71
    67 147 197 149 18 0 255 80 255 163 255 255 255 244 0 175 0 153 1 88
    0 255 66 101 29 27 67 106 30 80 140 142 17 255 151 63 62 43 125 179
    89 58 32 51 255 81 92 255 38 94 13 0 0 255 205 0 255 105 233 0 0 255
    131 91 118 90 8 198 254 55 255 0 203 64 108 145 0 106 255 150 228
    255 255 255 30 255 255 153 167 109 106 0 96 0 0 0 76 139 52 126 42
    167 195 54 0 171 255 255 208 37 255 151 0 206 56 164 56 0 255 255 19
    222 199 185 0 21 210 83 88 0 0 255 26 150 236 0 34 16 185 193 6 255
    196 0 227 35 51 120 0 0 0 192 50 90 175 54 154 0 23 115 0 0 68 255
    137 246 97 255 3 53 0 73 177 238 197 188 8 0 255 0 255 228 0 192 61
    197 255 228 80 49 61 0 208 194 192 195 255 191 0 92 255 122 255 228
    74 255 54 255 255 225 144 37 255 0 255 41 255 0 0 140 0 45 212 226
    232 215 209 169 255 0 87 0 91 32 1 139 210 45 126 66 144 102 236 255
    0 255 81 255 89 201 116 119 0 82 200 245 0 255 232 0 0 207 37 141 83
    184 0 0 0 163 110 89 255 17 227 255 254 224 57 0 38 255 224 255 152
    6 59 17 189 42 30 255 0 0 206 182 249 0 0 255 0 55 255 130 255 255
    226 255 255 255 125 38 63 216 237 21 72 0 45 24 0 139 255 0 0 72 106
    2 231 0 58 0 255 244 105 153 0 41 237 181 168 78 0 165 119 0 77 255
    255 0 19 255 175 0 202 176 236 255 0 0 255 241 255 0 255 57 0 29 0
    82 193 187 247 177 238 255 131 99 255 0 40 0 131 255 0 0 53 100 107
    252 255 211 255 14 160 127 129 6 255 0 108 50 126 255 255 224 198
    216 74 213 146 75 255 224 201 225 255 255 0 180 0 79 93 212 56 0 255
    54 255 167 149 213 255 154 0 255 252 0 255 126 20 88 155 255 0 0 199
    40 81 255 243 207 200 0 183 95 154 255 85 0 203 86 32 0 142 106 109
    255 73 255 140 231 255 0 66 146 164 252 13 255 255 0 255 57 0 173
    106 103 76 255 255 229 88 240 255 180 255 99 124 84 187 88 0 18 95
    195 255 240 0 130 181 0 5 52 0 0 255 234 0 103 110 235 210 255 255
    63 122 249 0 192 255 211 255 60 255 128 237 0 213 101 133 198 112 0
    255 0 0 3 61 255 55 255 255 64 255 195 12 0 128 179 0 154 108 175
    255 36 254 214 64 137 0 3 0 143 37 29 83 150 52 255 214 97 202 237
    136 0 241 109 240 75 171 242 249 255 209 8 255 220 251 255 0 26 224
    0 35 254 255 0 102 0 225 241 223 96 132 0 110 0 251 0 172 255 128
    249 246 255 196 48 100 0 131 0 110 220 0 255 0 243 48 29 196 214 255
    83 79 84 217 182 179 67 178 184 255 142 153 195 255 57 3 119 254 34
    186 94 151 124 110 193 59 255 0 255 0 38 16 0 0 255 23 13 0 63 0 0
    235 235 255 167 9 0 255 31 222 255 154 255 26 0 212 57 203 128 250 0
    237 203 192 255 156 255 213 81 34 19 95 229 254 156 237 255 192 255
    42 35 255 117 106 68 0 30 0 255 0 255 131 134 23 255 253 0 255 0 255
    0 115 50 50 118 131 255 251 227 255 255 0 37 196 255 172 54 255 26
    234 255 0 0 131 15 119 145 0 0 113 0 255 40 232 255 155 156 255 164
    0 255 97 255 0 255 255 28 0 11 186 255 255 106 255 194 255 255 53 40
    255 70 86 0 255 255 160 5 201 95 98 0 181 0 253 91 253 253 84 255
    255 177 255 215 231 105 0 87 255 36 255 102 71 45 161 74 0 0 6 185
    218 255 0 0 255 255 12 133 255 255 255 78 68 169 211 255 77 58 153
    255 255 255 196 90 0 208 0 167 0 0 255 169 23 210 167 255 255 164 91
    37 73 167 114 0 255 0 147 64 255 255 0 239 108 255 211 34 255 132 72
    255 245 138 201 153 87 0 192 0 188 0 0 33 89 36 166 0 0 108 68 195
    195 228 0 255 230 224 145 107 198 255 77 255 134 255 13 0 215 179 73
    120 255 255 206 70 230 255 230 87 137 184 154 80 111 255 196 233 0 0
    0 146 0 85 24 99 28 219 255 184 71 5 255 0 255 255 255 164 149 234
    255 9 27 74 255 0 8 233 170 62 0 26 255 255 255 81 11 12 0 220 0 255
    85 208 0 255 183 60 232 9 255 0 0 255 66 0 0 91 255 255 175 72 148
    94 0 234 0 108 255 100 207 141 81 25 236 119 32 0 146 73 147 255 242
    150 139 4 255 39 161 0 216 255 0 0 165 156 0 28 255 41 67 9 179 37
    182 4 0 220 229 48 99 69 255 229 88 161 172 193 244 197 0 0 255 164
    67 47 41 0 173 0 6 0 63 44 255 0 75 255 255 93 255 255 255 0 0 255 0
    203 36 214 255 151 254 194 166 31 144 66 1 98 106 73 0 242 68 144
    148 255 224 156 199 255 0 217 255 0 0 0 154 0 0 123 54 113 255 196
    22 13 68 253 0 118 47 255 3 60 231 236 146 255 216 97 0 0 198 232 30
    191 229 135 233 34 255 111 255 150 193 138 255 131 0 217 186 100 168
    87 197 202 0 0 222 255 49 228 0 255 185 90 47 52 59 172 137 255 82
    124 247 175 168 0 0 126 220 245 229 196 79 153 255 210 0 167 60 217
    0 0 121 0 116 255 0 0 161 43 52 255 142 1 0 244 198 183 43 104 126
    160 80 190 197 39 0 0 183 182 209 218 149 255 138 139 32 25 43 10 69
    201 116 255 255 0 255 91 199 255 254 255 0 0 64 255 210 28 253 135
    169 57 255 43 177 249 228 255 98 230 25 171 212 39 213 0 63 255 62
    161 255 223 255 183 38 206 141 217 255 0 187 255 57 213 124 236 255
    255 255 82 255 232 0 236 78 66 255 204 66 0 201 0 45 255 255 67 0
    255 255 192 197 81 98 0 0 255 181 0 26 255 244 255 0 255 99 237 193
    149 79 0 0 216 0 255 47 183 255 0 5 255 0 26 82 0 187 0 255 255 113
    0 146 29 197 131 255 0 255 172 255 34 0 73 255 17 64 228 255 232 0
    71 193 255 67 0 255 0 62 255 56 255 6 233 0 144 162 202 136 231 14
    178 95 90 0 255 255 0 161 255 255 32 86 56 255 0 0 227 18 253 141
    179 11 255 50 255 37 255 255 253 154 255 142 185 202 255 255 68 5
    255 255 130 139 255 170 136 255 255 237 208 255 44 197 0 255 0 255 0
    21 0 187 150 32 10 58 154 0 200 186 0 251 157 0 220 124 192 0 69 190
    0 255 28 63 239 28 0 0 18 0 255 60 255 255 44 188 79 190 0 255 94 0
    107 30 116 66 0 20 0 13 255 255 0 11 255 60 200 255 211 150 221 134
    163 255 29 255 160 0 255 185 0 0 93 23 134 0 241 76 0 0 0 255 0 182
    94 255 186 0 199 170 0 18 229 0 113 233 0 198 7 2 82 251 198 255 0 0
    255 251 206 255 8 253 0 255 0 129 104 166 255 193 110 0 0 229 178
    255 255 48 21 93 243 40 172 66 9 191 10 0 0 255 255 0 0 195 255 0
    145 84 255 255 226 0 241 191 0 76 137 8 236 235 255 204 0 255 32 255
    214 255 0 0 117 89 189 90 255 75 0 114 87 0 218 37 55 134 255 255
    255 255 117 79 222 255 255 149 47 255 255 80 11 255 176 246 0 74 85
    209 0 243 25 72 47 116 172 135 54 255 149 170 162 196 220 196 255
    107 74 255 130 50 94 255 219 0 105 255 255 0 60 255 255 255 135 255
    117 176 0 25 46 119 204 118 237 255 255 243 195 42 255 209 0 13 181
    177 136 183 216 16 0 216 229 98 255 31 148 152 16 101 33 0 31 16 208
    106 255 57 255 10 173 190 255 10 230 255 255 236 255 149 48 255 0 80
    245 0 0 157 232 96 133 255 255 1 118 136 5 0 0 113 0 24 255 94 103 0
    112 246 0 255 248 58 97 94 0 92 0 0 0 29 144 187 0 255 0 69 255 29
    255 1 0 255 243 185 0 110 26 255 175 255 107 168 189 168 0 0 17 90 0
    83 111 201 229 126 160 255 255 61 99 0 206 255 80 136 250 0 116 63 0
    255 249 255 22 123 255 92 248 26 144 0 255 98 186 144 150 10 43 197
    112 0 135 119 0 255 92 102 81 255 255 121 0 227 203 0 0 46 172 0 0
    31 67 255 67 255 0 255 58 194 232 255 160 81 0 100 0 82 146 185 255
    255 255 242 179 0 255 0 0 121 239 255 255 255 76 185 0 227 0 71 230
    201 236 234 246 228 255 104 0 137 129 224 69 84 0 255 4 27 229 94
    118 32 118 145 81 53 242 41 166 91 255 164 0 113 255 19 147 53 0 73
    82 14 142 237 108 90 41 150 137 161 132 0 69 255 46 255 200 67 86
    113 35 119 94 169 65 135 140 0 255 255 0 0 249 244 0 75 255 166 239
    129 141 165 131 0 245 97 0 21 26 192 0 175 143 13 0 0 255 0 172 0 0
    0 195 177 255 70 121 0 255 0 255 202 127 30 87 114 201 164 203 255
    61 255 220 255 255 255 35 12 41 135 142 0 164 0 0 49 0 36 0 235 218
    96 9 192 228 0 181 0 25 0 119 0 195 255 181 255 255 255 66 91 119
    227 221 240 44 142 255 53 0 193 255 238 165 168 255 0 255 115 152 0
    71 42 255 0 10 198 0 200 72 0 235 74 69 255 7 34 89 86 255 0 255 106
    8 248 0 0 30 255 255 213 239 108 25 48 119 65 27 0 209 255 242 42
    226 223 251 7 130 180 24 22 231 255 66 255 117 220 78 0 170 71 5 0
    205 96 255 71 0 74 255 191 182 81 0 44 0 246 0 255 27 255 151 138
    227 255 255 0 251 13 102 158 33 129 0 41 255 255 115 249 49 255 161
    162 79 255 61 42 255 179 251 177 0 85 0 0 130 255 255 255 255 0 123
    197 255 255 48 255 255 0 181 127 5 247 255 37 255 205 255 88 0 244
    250 35 79 95 102 0 255 220 255 255 169 68 133 58 0 179 215 32 60 96
    61 174 0 77 0 129 172 35 210 154 46 255 117 30 0 113 0 254 195 131
    252 16 86 183 86 24 130 128 117 0 234 9 0 89 36 0 173 0 104 255 255
    138 95 255 0 204 140 255 255 255 217 51 255 66 204 255 123 255 29
    255 186 255 0 235 0 0 0 39 255 0 115 255 255 0 158 255 201 129 0 255
    199 255 255 58 255 159 0 177 183 0 255 222 0 40 0 202 123 25 253 0 0
    0 3 0 83 0 244 255 88 83 255 207 0 153 198 255 163 255 255 84 255
    255 0 0 162 0 108 46 255 255 16 255 4 218 255 187 255 0 41 255 42 0
    186 187 255 255 109 0 255 38 182 0 197 145 0 0 134 59 0 255 159 247
    154 255 0 0 184 91 199 148 0 223 37 70 108 255 46 0 208 255 29 77 0
    255 255 192 0 240 0 129 232 81 255 255 94 31 0 0 136 0 16 119 0 101
    152 107 211 172 0 255 248 154 139 133 122 27 255 0 0 152 239 197 163
    255 0 0 156 255 246 0 255 126 0 0 255 204 255 204 0 0 234 0 66 119
    191 209 162 212 162 0 187 145 66 0 91 96 0 255 255 0 221 87 0 2 255
    255 120 246 255 189 223 0 255 180 119 200 49 0 72 0 110 0 17 159 52
    36 100 156 97 22 255 255 59 255 144 53 128 203 127 29 236 183 58 0
    103 58 109 206 129 255 0 104 0 255 0 173 216 255 0 64 0 22 7 84 209
    11 176 140 67 127 193 255 125 254 74 0 223 104 104 255 0 15 16 173 0
    54 255 0 217 198 63 92 56 159 233 255 0 147 255 88 0 136 70 154 207
    0 0 0 185 255 255 182 68 255 243 255 130 255 195 255 20 98 223 39 0
    0 84 240 0 117 127 238 246 0 202 110 95 0 82 235 225 116 136 139 86
    78 20 255 67 92 255 70 64 156 106 40 255 0 54 185 255 255 0 255 132
    213 0 0 10 0 171 255 255 164 228 0 61 255 99 0 191 94 153 150 0 255
    0 59 143 83 186 0 37 23 246 26 24 0 191 177 0 124 24 0 218 255 249 0
    77 53 255 0 109 87 210 163 255 255 174 226 154 210 60 255 29 162 0
    198 0 2 255 255 195 138 204 255 0 0 226 169 0 50 66 236 0 0 0 0 169
    105 173 26 156 218 66 163 6 0 136 79 146 155 96 182 255 255 58 94
    102 0 166 255 0 226 37 0 39 196 127 86 40 71 247 255 0 188 106 56
    198 66 2 0 156 0 135 84 206 2 181 239 121 70 255 193 255 255 52 0
    255 120 99 255 146 0 255 255 17 0 255 201 9 159 16 214 119 120 38
    255 88 255 255 255 116 255 7 229 16 24 101 252 255 215 165 216 255
    255 119 254 182 36 59 233 120 145 245 222 67 200 235 241 255 174 160
    68 253 67 0 126 255 0 255 207 120 255 0 143 188 70 200 0 255 255 61
    209 255 145 0 255 129 64 249 0 0 0 0 190 0 172 88 255 255 0 33 82
    254 255 0 0 208 48 224 255 123 141 179 34 255 255 255 234 226 189 0
    0 222 235 24 64 0 201 128 175 255 71 211 64 0 253 255 225 147 214
    240 0 99 151 143 164 146 0 206 255 0 18 0 0 174 0 102 108 0 42 98
    255 255 100 155 196 255 99 90 255 255 162 32 0 107 255 4 222 33 198
    255 57 222 255 0 255 0 255 0 34 179 10 239 255 134 255 0 197 255 0
    255 88 35 156 0 179 140 255 255 255 255 50 255 37 82 255 31 255 115
    28 196 93 0 0 21 37 205 160 200 74 100 67 114 0 148 142 159 85 0 255
    55 207 144 0 86 255 138 0 255 191 246 41 255 157 0 84 0 177 67 82
    212 252 83 255 111 242 247 17 145 127 40 12 144 5 255 0 186 0 255 0
    67 162 224 128 198 196 0 0 174 152 119 0 100 0 10 135 0 107 255 255
    193 122 183 255 225 105 174 89 255 0 71 194 0 103 255 105 0 255 19
    177 160 118 25 116 204 170 0 0 254 31 188 0 179 255 84 223 63 194
    156 176 255 255 255 215 180 205 255 26 255 73 32 0 136 126 0 153 72
    0 238 0 253 0 72 0 70 78 82 255 196 109 206 53 61 255 0 93 40 139 89
    178 192 79 0 0 103 194 51 81 20 255 194 183 179 229 138 255 200 157
    85 255 148 120 2 23 92 165 253 0 15 0 0 139 0 94 21 255 8 35 116 0 0
    0 255 0 244 98 254 78 83 91 44 109 0 0 255 0 33 109 15 129 67 250
    255 142 23 236 255 0 125 130 110 181 255 80 91 36 130 72 149 0 0 115
    114 0 140 129 167 249 0 161 0 251 255 97 116 255 124 255 255 255 117
    92 255 255 99 74 226 0 131 147 240 0 217 194 100 25 164 250 0 0 255
    255 0 133 254 0 28 0 233 0 247 118 38 255 255 134 189 181 135 57 123
    98 25 117 0 210 0 255 255 155 0 0 0 237 199 90 159 221 6 67 126 0
    245 210 0 68 255 242 88 229 193 148 0 0 175 31 201 240 40 228 0 204
    0 29 255 0 0 80 0 240 255 146 142 0 255 0 255 112 98 198 0 255 255 0
    0 0 0 255 0 55 101 0 24 60 0 153 9 255 183 180 232 163 250 111 205
    99 200 0 0 110 43 182 0 14 89 108 71 8 134 0 195 0 248 100 0 120 255
    168 17 15 255 34 189 255 255 255 0 255 161 148 115 0 182 0 255 23 88
    0 105 0 176 0 209 255 222 255 0 0 221 130 134 116 244 114 206 255 42
    70 143 133 0 232 51 245 0 255 0 0 0 255 0 20 255 164 16 255 64 95 79
    0 40 235 9 28 0 36 177 255 0 184 0 244 78 0 48 221 141 255 25 210 0
    67 0 154 244 0 86 0 0 124 255 107 4 0 139 92 255 7 116 212 150 255
    146 226 118 234 85 77 177 0 235 83 84 0 0 255 0 255 204 0 0 25 249
    202 52 255 119 0 61 0 0 233 0 255 33 146 126 255 255 255 118 0 21 91
    255 255 249 5 145 213 188 179 147 15 148 255 47 90 249 217 0 255 68
    31 255 134 255 96 74 211 255 233 0 0 237 255 47 0 255 0 0 50 27 255
    0 224 0 255 255 42 74 0 0 22 157 93 147 169 185 164 134 89 255 21 76
    255 218 62 87 8 255 0 255 117 176 252 50 255 59 149 78 0 181 0 0 240
    0 0 171 53 110 0 74 60 0 0 156 0 255 18 216 255 132 84 255 79 184 0
    255 186 57 100 183 112 253 95 76 255 225 62 191 109 0 173 0 70 0 0
    126 0 0 237 255 238 245 149 62 24 0 255 0 255 255 255 0 255 242 50
    197 0 0 157 40 23 255 255 0 255 0 246 217 164 223 113 0 0 121 159
    255 48 32 0 0 168 0 0 0 0 76 0 88 128 0 255 192 0 113 0 41 27 196
    255 244 255 255 0 199 113 255 255 255 69 200 255 149 139 255 255 204
    0 0 58 0 252 0 0 84 247 0 129 77 162 235 119 140 255 69 140 47 110
    255 0 75 255 213 23 0 47 255 128 162 56 91 0 0 0 89 184 255 0 246 3
    30 32 0 159 37 222 255 0 0 31 255 0 150 52 211 179 217 94 114 34 0
    52 255 255 99 0 0 206 54 0 6 255 0 16 93 255 0 255 254 245 0 255 26
    33 206 33 241 174 247 255 237 112 171 20 215 244 0 58 255 255 208
    102 12 21 0 113 196 139 129 255 97 150 139 0 0 228 221 52 255 79 208
    0 51 39 21 116 255 140 0 8 0 166 0 242 207 0 255 98 164 255 117 100
    0 0 255 0 107 151 255 157 0 155 134 0 28 0 255 255 111 0 0 222 0 255
    113 255 206 225 0 255 156 237 0 76 0 97 0 229 224 255 0 133 9 168
    179 255 131 199 0 65 62 255 239 0 178 0 120 255 212 255 129 108 121
    194 67 225 52 192 167 146 161 158 194 255 54 104 255 127 241 255 255
    255 0 255 23 46 109 158 0 8 155 62 193 99 0 190 255 55 70 77 28 0
    244 0 174 230 255 0 110 0 144 255 232 89 121 185 0 255 255 154 99
    197 0 230 255 183 0 183 158 182 59 0 197 16 191 218 216 49 18 255
    255 97 165 255 214 255 156 255 171 186 249 97 255 29 203 181 105 255
    0 255 246 135 205 201 119 204 255 186 177 0 0 86 20 255 245 189 13
    118 247 255 0 147 73 94 255 168 204 0 193 0 225 238 255 0 255 0 255
    152 255 244 158 159 255 0 181 0 89 70 255 70 227 255 0 0 255 250 255
    255 20 219 152 194 150 217 23 239 183 255 47 162 89 255 255 255 255
    84 255 0 19 255 255 229 51 205 129 158 91 96 21 133 174 181 174 42
    255 197 56 188 0 146 124 0 77 139 255 255 37 24 204 40 0 49 108 10
    255 0 0 0 108 101 189 191 25 82 66 0 255 255 67 255 130 3 19 204 255
    255 187 248 125 58 9 255 78 78 255 179 151 0 255 230 128 133 18 255
    255 255 0 238 108 180 190 98 106 13 55 255 255 252 255 231 241 0 12
    0 178 159 235 80 122 67 24 160 200 0 184 221 255 255 198 196 0 144
    255 75 0 0 0 154 255 203 255 255 167 86 172 0 255 23 255 0 255 22 0
    71 218 27 0 16 255 255 216 93 0 255 138 0 31 114 0 0 0 255 0 79 170
    0 181 255 17 255 85 0 0 255 255 13 157 88 255 255 115 144 159 140
    255 169 10 162 190 23 191 255 65 151 132 255 68 154 171 167 88 255
    93 0 255 227 0 160 0 119 224 33 46 255 0 138 135 60 38 0 238 255 241
    76 179 255 0 173 0 0 27 0 0 169 255 182 54 0 239 146 110 255 255 75
    215 38 218 26 138 255 0 255 0 19 172 147 255 164 108 187 0 246 108
    211 61 0 206 179 16 42 251 111 60 98 3 247 255 255 0 161 255 36 215
    255 191 142 0 62 8 181 255 1 126 175 195 58 160 204 111 252 66 125
    255 255 16 194 0 106 30 14 255 0 110 33 14 0 24 0 0 0 255 0 159 83
    236 213 45 255 140 239 79 100 212 0 255 218 255 174 24 150 132 0 255
    0 0 255 179 122 178 26 0 0 251 143 255 0 255 53 195 255 0 168 145
    255 28 58 255 0 0 199 88 41 162 146 67 10 17 255 210 17 0 210 195
    255 255 0 210 255 219 106 0 104 126 182 0 0 37 255 174 6 83 0 255
    176 2 92 233 70 255 255 68 151 22 255 102 0 23 11 65 197 160 109 19
    142 255 255 238 255 44 200 158 0 84 223 0 0 255 255 191 90 59 255
    255 77 240 145 255 156 0 60 75 0 2 31 61 255 24 127 111 0 117 25 0
    77 34 233 160 0 255 201 43 0 255 255 193 255 255 197 183 207 120 0
    234 255 62 223 128 0 25 255 0 255 253 237 37 173 133 255 207 14 217
    186 0 0 95 0 4 0 51 173 0 0 255 254 242 255 206 0 185 65 255 135 0 0
    103 234 202 108 0 255 255 0 131 80 255 99 84 255 197 2 20 74 0 212 0
    8 255 123 51 163 42 165 24 0 255 181 219 113 39 98 91 251 16 255 4
    255 168 100 0 255 0 93 67 158 86 135 104 55 171 0 104 148 7 192 188
    107 251 10 194 6 254 106 223 242 255 21 0 230 0 0 100 179 0 137 255
    76 255 177 255 0 16 12 52 223 120 194 255 119 92 154 0 70 103 91 0
    255 0 0 222 26 234 65 14 79 214 0 131 178 61 255 58 255 34 98 206 73
    151 77 0 30 0 255 255 0 255 255 0 24 255 248 140 212 252 206 238 110
    13 98 252 0 255 255 133 237 0 255 255 75 0 1 107 255 54 0 54 87 32
    164 0 255 234 125 255 255 255 255 14 62 132 0 0 0 227 92 91 105 0
    255 50 93 67 0 177 255 0 165 255 0 94 255 255 0 255 236 224 255 60
    116 0 255 255 128 64 233 255 228 8 137 122 70 216 37 77 56 0 60 169
    255 0 238 0 66 255 97 231 0 255 63 217 255 255 36 171 255 0 255 255
    255 23 58 255 60 255 0 0 255 93 102 217 124 147 255 53 0 0 255 0 50
    204 147 215 0 255 128 3 124 255 255 255 255 35 135 193 56 244 141 79
    10 228 0 161 0 73 0 255 116 246 203 199 255 84 219 178 159 0 236 0
    255 127 114 159 0 0 0 42 0 0 148 30 83 186 0 191 165 163 255 255 255
    255 193 0 179 154 236 3 255 255 0 0 252 128 255 212 255 255 82 255
    204 0 255 141 143 255 135 255 207 176 63 126 118 180 255 0 254 255
    228 59 139 0 121 255 65 181 200 246 123 193 56 109 157 122 198 170
    23 0 255 255 18 255 194 4 51 255 164 255 32 255 199 0 0 0 51 0 82
    103 49 163 229 255 55 0 0 201 255 0 240 255 255 106 60 174 255 163
    128 77 20 194 0 88 255 0 83 249 140 70 46 0 217 255 95 73 0 156 120
    0 248 255 255 0 255 250 229 42 222 255 4 255 23 6 64 255 253 107 239
    255 153 96 151 153 10 186 255 39 240 0 51 16 79 0 0 114 22 204 14
    180 3 75 0 58 0 75 143 157 94 241 157 190 80 255 16 0 167 107 60 255
    154 203 0 231 70 220 155 1 249 3 38 0 165 247 0 255 118 242 151 251
    21 55 69 249 234 233 0 194 55 52 255 197 190 89 186 104 174 255 0 0
    183 240 255 120 255 255 255 69 255 76 61 255 161 241 9 45 42 6 106
    10 55 48 255 0 151 255 115 255 162 24 140 186 132 61 255 255 171 155
    214 255 205 147 221 0 206 251 255 47 26 0 177 255 83 35 233 207 152
    101 255 92 177 176 239 255 255 255 255 255 42 255 0 0 255 255 46 96
    83 79 12 255 0 0 19 255 255 255 255 0 183 255 223 0 255 255 255 71
    255 100 0 182 135 57 255 152 16 255 235 255 81 255 255 33 233 199 47
    0 255 0 109 92 0 25 255 255 255 229 207 4 255 193 133 168 150 179
    143 255 253 18 12 33 11 255 124 153 240 78 255 178 90 255 0 6 255
    124 0 0 6 233 161 255 255 103 74 0 132 207 255 225 85 35 0 35 184 53
    255 195 175 107 68 245 214 210 42 125 242 170 255 0 255 32 49 255 76
    255 0 60 243 169 133 249 0 44 255 37 251 224 0 57 225 187 251 255 90
    143 109 219 255 135 0 255 127 40 184 255 255 223 0 255 89 255 111
    108 130 101 245 30 218 51 0 7 104 166 0 148 177 0 255 147 0 255 110
    0 255 17 0 0 0 230 155 255 175 1 161 50 8 217 251 0 248 0 91 164 44
    131 255 255 33 167 23 0 0 0 217 15 221 164 0 104 102 134 54 139 168
    255 164 87 255 166 255 58 197 0 255 255 74 211 127 76 255 151 221
    124 141 28 0 164 255 12 0 243 255 0 174 84 113 255 255 0 189 0 229
    147 179 86 255 0 85 161 42 4 198 0 235 0 127 5 227 255 255 0 255 138
    0 161 138 255 0 180 190 32 232 0 246 0 0 255 0 255 5 198 36 33 210
    57 241 97 8 0 235 117 61 250 255 86 178 0 65 204 244 255 255 255 247
    14 33 22 255 108 198 0 244 0 255 0 54 244 255 255 255 0 209 218 208
    0 26 94 0 72 238 28 255 105 0 219 0 0 0 43 14 129 0 0 231 244 47 220
    200 208 223 234 241 136 92 232 255 152 66 220 242 0 0 20 51 255 255
    255 255 220 176 255 0 255 144 255 190 160 69 68 238 56 235 196 0 255
    255 255 138 144 0 37 176 74 38 255 169 124 86 67 68 194 252 0 199
    132 0 255 184 0 91 115 176 215 172 227 228 0 255 255 238 238 248 181
    33 125 207 196 209 194 234 218 222 106 31 0 255 255 29 110 184 76
    158 48 0 209 255 107 19 46 84 243 241 121 223 255 79 0 92 0 249 43 0
    132 0 221 239 161 255 255 55 196 13 100 255 255 99 255 170 156 0 234
    8 194 233 0 146 170 255 255 114 35 0 0 21 81 255 255 0 143 171 254
    255 245 120 231 255 0 93 255 0 0 205 74 100 255 238 161 5 0 0 134
    255 0 255 177 150 140 12 255 185 255 15 95 255 99 0 220 255 255 57
    47 23 255 0 0 0 120 174 168 209 231 72 218 0 154 255 207 0 0 174 0 0
    11 57 222 119 189 146 158 151 30 19 255 203 255 0 236 0 242 163 255
    0 0 186 43 200 4 59 142 167 160 0 0 255 30 29 159 254 0 255 0 255 66
    241 255 255 0 0 127 4 5 16 46 0 241 142 255 255 125 174 42 255 255
    222 114 193 102 0 85 255 115 0 255 74 255 90 0 255 0 233 14 0 0 159
    0 255 143 255 219 0 26 91 111 15 198 204 97 181 252 83 86 237 255 65
    199 255 218 152 0 226 135 72 106 9 211 142 226 75 255 225 255 118 44
    58 0 79 0 186 255 255 217 255 173 149 189 57 0 0 233 0 241 255 230
    255 242 47 255 121 235 116 105 0 203 234 0 0 255 255 182 252 0 255
    231 255 196 75 208 255 0 255 119 7 0 93 255 111 255 80 0 122 116 218
    255 157 255 179 255 0 164 0 255 59 143 76 94 198 226 38 127 158 228
    103 0 255 255 0 43 86 189 33 22 255 255 234 171 63 220 0 115 34 255
    14 177 227 29 218 160 0 255 203 45 161 134 255 1 8 0 25 96 0 205 255
    210 48 255 255 200 255 0 106 255 255 237 244 255 169 32 214 202 116
    86 69 44 0 53 0 187 221 0 0 71 115 1 191 0 189 0 88 56 224 255 46 15
    83 240 0 255 168 169 202 88 30 0 177 49 19 7 242 75 204 0 146 255 76
    6 0 0 51 0 210 165 157 65 157 13 0 2 242 0 116 30 6 0 255 43 5 255
    11 175 48 0 144 0 255 219 255 0 158 80 10 0 255 112 195 0 0 238 22
    154 255 45 113 81 70 222 255 255 4 50 87 28 75 115 255 255 255 0 255
    255 255 255 255 255 255 139 11 150 196 255 8 86 36 172 255 158 55 38
    255 0 0 255 99 160 144 0 31 84 0 63 230 60 255 201 0 255 57 0 128 44
    113 255 77 255 0 116 255 122 224 16 198 194 0 103 240 196 108 60 20
    130 255 89 0 255 209 57 255 103 103 0 141 17 255 125 87 0 83 0 249 0
    57 202 183 231 255 0 32 0 238 255 80 176 78 233 0 255 255 255 103
    255 213 0 0 78 129 167 54 255 255 255 255 61 76 255 0 147 52 165 99
    178 108 102 0 95 255 161 22 0 217 102 47 167 203 255 255 152 197 243
    0 179 161 255 23 126 53 89 0 0 54 211 235 0 104 255 99 224 0 53 162
    141 47 130 0 255 0 156 166 255 255 255 245 255 255 70 201 0 77 92
    224 187 234 22 53 148 185 76 255 135 0 135 161 0 216 142 196 48 128
    212 36 0 172 157 227 79 227 255 0 60 255 61 121 255 165 31 0 67 86 0
    196 83 255 109 189 108 104 162 200 83 220 0 0 0 132 3 179 0 115 199
    0 0 200 0 255 0 0 136 94 243 51 255 90 127 73 98 157 97 212 181 0 43
    66 255 0 0 32 47 164 43 227 146 57 0 72 6 230 186 255 142 246 109
    210 0 127 0 0 255 0 36 255 255 10 255 0 170 204 57 255 99 81 16 0 1
    0 254 9 255 90 239 0 178 0 255 0 0 46 236 210 0 255 59 0 0 125 0 0 0
    0 154 0 165 163 255 255 166 193 39 53 140 180 0 255 104 255 255 229
    255 173 91 0 0 14 184 213 207 245 255 255 148 104 89 0 15 66 255 0 0
    0 207 151 0 253 171 251 71 255 0 255 70 0 234 9 90 0 42 0 0 255 255
    217 193 164 0 135 124 143 126 66 128 255 0 244 0 49 0 255 0 0 255 0
    200 0 255 0 52 35 131 104 109 141 222 78 147 255 255 0 255 0 88 255
    205 210 0 54 237 212 255 236 252 117 201 53 0 156 109 246 0 208 12 0
    12 206 102 129 255 132 139 139 0 0 22 106 72 255 138 140 23 177 0 0
    0 61 189 0 125 255 192 218 0 255 0 23 0 13 239 45 201 255 44 255 171
    255 135 0 255 255 22 49 0 255 0 127 3 0 50 246 189 67 75 0 0 255 162
    0 0 0 0 56 38 41 39 86 0 103 199 83 235 220 0 211 129 255 191 134
    255 232 203 255 28 45 255 0 255 253 129 255 121 255 10 211 37 0 146
    85 255 5 10 185 137 106 126 0 123 76 255 57 124 242 255 77 255 255 0
    158 255 74 0 255 156 11 146 0 215 0 0 125 5 0 190 255 0 210 175 0
    121 182 223 200 227 101 255 56 193 255 177 117 255 226 11 0 255 80
    196 13 190 175 64 128 88 255 133 129 0 185 20 230 225 155 0 0 0 0
    122 17 97 30 245 0 80 0 27 59 217 127 223 55 0 43 27 124 39 0 0 255
    8 8 166 0 0 0 65 9 0 2 226 234 32 0 28 146 0 10 20 255 0 2 0 255 33
    255 146 94 255 152 182 0 255 87 0 33 255 255 255 101 1 67 16 0 148 0
    0 121 88 157 0 137 105 64 120 97 248 193 255 133 0 70 0 0 232 0 0
    255 121 49 15 69 161 247 255 0 162 0 181 111 0 188 168 255 238 255 0
    121 25 139 35 255 73 211 185 255 255 49 143 255 255 22 255 0 0 210
    68 169 0 150 255 0 215 133 13 110 215 107 98 47 249 55 60 15 255 63
    159 176 255 0 255 170 0 0 115 116 0 243 211 187 129 255 89 59 255 78
    39 75 18 255 39 0 210 12 159 199 241 225 213 252 58 0 89 157 200 0
    255 241 131 52 39 142 167 2 255 140 255 173 62 252 72 0 0 134 0 130
    255 157 0 154 91 55 125 255 0 79 194 39 0 103 255 255 55 0 99 216
    155 0 131 8 193 199 17 244 255 250 98 210 119 63 2 75 180 55 247 98
    0 0 255 255 0 165 0 142 138 30 247 0 255 255 21 0 199 177 214 243 58
    204 101 0 255 0 255 155 254 94 122 211 131 94 163 61 0 44 83 255 0
    136 142 0 231 255 255 255 0 255 221 53 0 15 229 36 225 255 167 82
    236 255 199 72 240 0 136 255 195 41 0 255 0 255 104 239 219 108 51
    96 0 112 222 255 198 11 138 0 117 255 66 0 187 99 40 187 94 255 203
    76 244 0 0 239 255 74 59 222 255 207 125 0 151 0 255 144 255 0 255
    173 72 0 227 224 175 238 0 255 194 104 255 93 113 255 0 0 173 180
    130 169 250 181 0 255 149 0 88 72 0 169 255 255 232 248 255 19 28 38
    255 0 255 174 0 202 25 255 159 0 140 175 39 68 255 0 255 227 45 222
    183 175 80 255 172 154 252 215 150 255 255 198 244 255 255 0 16 255
    99 117 97 138 44 200 0 50 50 199 0 163 255 0 184 94 0 78 10 0 67 225
    145 41 143 84 160 252 176 255 19 71 107 239 247 255 69 255 0 120 237
    161 205 0 255 255 14 206 255 241 7 0 218 0 22 255 218 144 41 217 86
    255 56 255 255 237 143 76 157 81 255 255 0 255 0 3 0 176 175 234 194
    255 25 196 10 255 89 252 255 57 0 150 0 0 101 255 19 218 255 255 255
    85 0 49 255 129 0 140 11 56 193 255 67 98 151 243 5 194 255 21 4 191
    0 255 204 255 12 244 255 16 57 74 201 255 67 33 0 242 63 161 0 144
    91 117 221 0 67 16 172 0 39 3 70 140 251 182 177 255 107 13 134 0
    251 0 76 237 183 185 70 177 255 255 0 251 167 11 90 141 74 140 18 0
    0 204 255 86 50 255 0 0 137 255 250 255 255 1 255 255 184 97 201 115
    0 52 57 220 255 114 0 0 231 255 255 0 118 45 61 0 219 0 0 139 0 97
    130 255 255 112 255 155 0 225 58 0 35 118 141 255 183 142 255 255
    192 212 61 123 255 0 65 255 0 227 0 204 112 255 155 255 102 211 255
    114 5 0 191 255 255 0 0 133 141 84 0 135 255 98 0 94 78 127 255 204
    0 142 66 182 20 0 0 126 57 255 184 74 201 233 0 225 6 179 174 0 249
    249 17 36 0 189 78 142 255 144 226 175 43 122 162 121 214 255 194 18
    137 212 255 3 0 9 0 0 33 0 13 123 41 205 114 34 49 255 0 21 255 117
    6 0 0 224 255 173 255 69 95 0 188 0 245 6 152 69 8 255 166 3 17 255
    52 0 72 254 6 226 139 233 112 88 255 0 255 83 62 249 255 197 5 30
    125 187 171 180 255 178 26 129 147 255 0 255 18 0 189 255 248 35 161
    177 65 0 0 0 255 255 255 255 56 255 194 8 202 67 235 255 101 158 255
    0 236 0 229 0 5 38 0 115 185 0 255 0 74 104 229 201 196 80 136 96
    255 255 156 108 57 149 197 166 0 0 0 250 213 142 85 110 58 0 182 15
    239 0 0 168 0 255 0 61 170 9 198 254 165 15 255 156 0 19 255 114 0
    116 55 95 140 182 255 255 255 141 117 85 51 115 113 152 255 0 249 79
    255 0 255 36 0 0 0 94 255 255 255 209 123 237 114 0 67 243 118 0 61
    0 0 73 176 255 190 255 60 21 158 211 255 167 129 159 97 34 255 89
    107 253 232 193 91 255 55 255 199 255 136 66 177 255 255 219 233 42
    195 0 131 108 0 255 0 223 86 115 61 202 255 34 255 255 0 80 255 101
    0 38 80 255 0 135 173 91 179 0 255 220 229 0 0 89 22 157 113 255 81
    216 60 0 0 179 255 100 255 163 41 0 0 213 0 240 255 0 95 90 0 113 0
    11 255 150 124 255 102 7 239 0 192 0 0 255 139 26 199 47 0 255 163 0
    0 0 83 252 255 130 255 255 145 0 85 0 109 255 233 0 0 86 239 0 13
    237 3 0 89 153 0 0 151 234 0 255 73 255 251 155 255 0 245 20 45 188
    42 220 86 255 255 64 255 18 64 0 255 255 63 0 135 20 169 0 255 255
    227 93 0 33 139 0 150 88 0 54 108 255 93 255 110 111 102 255 255 255
    108 255 51 0 229 14 0 71 46 100 255 255 191 0 46 255 188 189 78 134
    69 49 14 169 166 0 255 40 255 174 0 162 255 92 2 146 255 226 42 233
    51 49 202 221 0 189 2 71 195 82 0 0 0 255 8 0 231 55 255 0 35 6 126
    0 164 0 53 255 207 110 112 216 49 251 255 255 133 60 16 0 64 224 255
    0 255 246 206 79 46 95 34 255 26 133 80 68 84 99 120 22 40 100 13
    204 255 188 255 68 255 242 0 255 205 188 255 245 133 6 155 112 208
    149 227 228 99 84 0 196 0 66 37 0 255 0 0 231 255 148 212 36 9 69 95
    0 65 231 175 67 128 188 255 255 115 255 53 0 0 0 0 154 26 255 51 212
    171 255 77 255 42 71 0 0 255 255 175 255 245 158 0 200 255 249 7 25
    35 255 63 109 244 0 174 174 0 70 255 0 127 200 156 0 237 176 255 106
    0 199 183 255 0 95 91 0 255 200 0 225 0 25 0 95 255 0 65 200 133 223
    211 122 0 137 0 145 145 32 101 192 0 255 76 54 73 53 147 176 0 245
    255 194 172 242 111 101 255 255 255 255 255 217 92 0 204 255 0 18
    252 102 8 0 98 250 246 0 255 131 79 103 114 157 0 128 0 0 20 173 43
    0 177 233 191 189 85 255 255 0 117 148 27 74 113 226 0 0 255 189 255
    255 234 0 232 38 0 40 75 100 198 255 0 237 61 0 100 255 255 244 127
    230 226 201 93 170 229 179 187 0 7 0 255 237 165 103 193 76 65 218
    181 36 185 29 15 171 255 255 222 155 143 207 91 255 255 187 154 99
    232 0 163 30 181 255 255 249 249 255 178 112 222 255 185 0 0 214 100
    255 255 112 0 250 26 255 0 155 39 183 71 36 170 94 0 232 131 255 255
    255 255 0 255 235 201 248 237 251 119 255 173 255 0 81 255 209 6 115
    149 0 180 33 67 146 255 37 202 8 120 0 183 255 16 0 255 205 0 255
    225 255 67 253 190 124 97 40 54 213 31 255 0 0 142 0 30 0 49 101 132
    217 138 114 165 176 53 92 241 74 255 0 219 0 0 0 154 0 54 177 105
    202 255 174 255 21 255 202 0 255 8 99 139 245 76 170 255 0 145 255 0
    175 255 121 0 0 0 255 54 255 58 35 0 255 255 78 21 118 255 154 0 255
    127 12 0 241 150 198 234 72 227 0 0 171 255 209 131 132 26 248 0 141
    255 0 24 0 255 191 16 201 100 120 247 112 156 121 114 246 255 78 53
    140 47 0 72 230 92 29 220 0 139 98 182 207 25 217 0 168 232 0 198 27
    171 215 161 0 0 255 255 0 204 255 64 187 255 19 255 255 229 0 255
    255 0 255 238 255 0 236 174 70 0 102 0 128 50 151 225 0 255 190 151
    77 129 0 255 90 0 224 0 225 25 158 255 208 131 0 0 211 0 52 0 255 83
    167 108 31 51 0 0 167 205 131 0 221 0 236 73 182 141 237 196 174 130
    0 0 16 203 217 255 255 112 0 100 0 195 45 110 0 255 255 255 0 103 0
    255 39 36 149 210 220 154 255 255 50 42 230 253 144 255 231 0 255 0
    255 255 222 67 51 255 34 208 0 160 255 108 31 140 255 209 0 0 255
    143 0 84 131 241 172 0 165 234 13 105 90 255 238 56 200 82 0 255 0
    129 127 144 114 215 76 0 29 135 167 117 23 255 255 161 97 46 216 0
    35 2 0 214 231 15 144 25 61 0 150 255 255 255 29 215 65 187 228 54
    58 180 217 42 255 179 106 238 198 147 13 0 202 111 6 221 0 76 235
    173 0 246 0 242 201 0 255 58 11 60 0 46 169 33 71 226 128 255 0 147
    181 249 255 79 13 255 193 255 255 53 42 215 255 0 0 106 6 58 253 0
    183 25 111 154 109 154 1 255 214 0 255 209 14 214 174 117 255 15 234
    114 226 120 239 72 60 198 255 0 255 46 159 0 25 255 139 255 100 66
    18 225 184 123 78 255 201 127 216 197 249 15 144 147 84 255 22 255
    176 229 255 255 50 144 54 20 69 0 63 0 0 248 6 255 33 255 0 97 0 0
    247 0 110 0 0 84 0 0 95 129 252 190 255 173 11 103 33 155 0 65 0 138
    255 215 0 255 0 107 255 107 0 126 221 79 183 255 223 0 136 227 225
    255 0 83 200 74 0 255 255 255 255 181 215 64 255 139 112 255 157 61
    246 225 25 0 5 0 0 0 33 244 188 188 108 87 0 0 85 14 207 0 76 113 0
    140 0 255 0 255 14 12 30 0 243 255 0 68 48 103 108 62 255 0 56 255
    255 81 0 0 255 225 255 223 136 255 240 255 78 229 148 192 139 88 119
    63 249 205 51 105 25 0 7 33 230 67 200 82 173 221 255 153 0 0 255
    248 0 207 0 225 187 222 0 88 0 0 174 101 140 168 141 255 255 164 0 0
    67 0 255 161 75 255 161 3 88 122 88 208 255 23 255 55 213 255 173
    255 255 9 255 49 40 4 4 50 0 132 80 68 0 0 0 0 0 29 219 22 60 135 82
    116 25 255 255 178 255 15 255 0 107 165 0 61 255 0 255 50 203 159 19
    255 88 96 63 143 130 11 47 80 91 188 255 255 183 65 146 255 130 255
    0 59 208 200 211 166 187 242 200 139 18 34 255 0 212 255 0 79 255
    114 189 255 224 0 0 23 255 195 0 255 172 0 255 0 91 255 66 0 200 48
    255 33 255 96 255 255 255 255 154 162 60 110 4 96 231 234 0 0 84 167
    45 79 0 94 255 99 145 255 255 0 23 243 172 252 18 33 132 133 255 175
    255 0 25 218 156 0 0 241 76 135 138 102 229 102 255 210 164 71 86
    203 64 231 142 237 145 32 135 0 255 0 57 71 44 247 123 255 62 201 94
    88 0 57 255 171 33 255 0 87 106 250 170 122 15 114 255 255 146 160
    255 255 0 135 99 44 0 0 255 134 108 153 152 10 185 173 28 69 161 255
    124 0 255 0 128 255 9 161 0 114 0 67 99 255 22 183 35 244 133 0 255
    230 155 255 253 52 66 255 255 15 169 0 124 0 255 0 246 75 0 250 218
    33 55 255 124 254 143 121 255 70 0 145 255 196 213 142 161 88 12 0
    175 66 0 155 166 75 164 159 249 255 255 175 255 238 91 255 255 255
    10 61 18 95 255 140 198 146 0 255 139 193 255 0 165 44 66 47 174 152
    110 200 0 211 28 205 111 94 182 0 222 128 255 255 149 255 255 255
    221 186 233 132 124 255 6 65 255 36 0 255 187 242 0 196 255 4 72 128
    42 255 0 236 23 28 255 172 27 188 162 112 237 197 90 46 38 231 52 32
    7 7 243 56 143 50 255 9 129 48 125 255 0 252 108 57 150 0 158 93 255
    0 0 151 171 0 127 149 0 183 136 0 252 48 0 0 255 255 0 158 152 255 0
    0 255 133 192 254 255 58 101 176 255 209 255 255 255 255 17 93 85 94
    164 0 0 237 82 0 157 7 189 0 255 93 255 23 255 0 40 190 0 112 255 0
    233 160 255 255 0 0 135 102 255 237 6 255 143 45 166 205 3 68 237
    182 255 255 255 255 255 255 0 231 255 6 0 0 0 0 155 130 159 54 255
    255 0 254 219 255 237 232 255 255 229 224 235 255 0 255 222 240 0 0
    250 170 0 138 0 138 155 136 255 16 0 255 89 131 100 169 237 0 37 190
    34 255 255 137 255 0 29 109 144 35 151 0 187 39 0 167 255 255 255 17
    124 159 66 34 0 252 254 188 255 54 58 255 250 126 255 98 184 255 24
    181 218 0 0 215 0 0 27 0 204 185 255 213 48 255 158 208 232 0 255 0
    0 255 64 25 0 243 0 168 67 0 0 81 255 71 64 81 209 255 255 0 227 237
    29 255 255 202 159 51 255 240 168 68 207 144 10 188 0 255 0 255 59
    242 251 101 0 29 0 105 191 255 255 11 0 132 255 188 255 167 41 104
    219 0 27 214 231 114 255 29 114 187 109 168 241 244 111 255 27 255
    215 221 1 251 0 87 0 0 92 0 0 113 132 96 132 255 166 255 0 0 37 3 0
    255 249 0 0 184 149 0 240 255 39 204 104 172 182 96 46 0 255 28 255
    35 0 229 0 99 255 51 184 5 172 225 65 255 34 8 255 0 112 255 130 215
    255 231 74 54 255 33 0 87 210 255 119 187 255 0 12 81 0 0 48 0 0 198
    160 222 63 1 0 134 0 201 253 0 255 0 38 198 148 218 255 0 0 245 12 0
    255 39 0 255 120 255 0 51 0 0 254 0 131 227 0 0 225 255 81 13 128
    255 255 0 209 255 135 165 0 255 255 70 255 62 65 0 29 0 255 136 9
    255 80 82 255 254 121 255 255 105 15 182 255 0 105 50 217 251 255
    255 255 156 140 45 123 0 116 44 202 41 133 96 91 255 221 99 10 243 0
    0 255 143 120 109 106 61 155 246 63 0 169 0 255 32 35 0 84 202 161
    44 255 75 180 201 107 255 0 150 239 255 4 216 70 255 241 34 138 0
    251 117 50 73 49 65 248 0 208 112 111 35 78 0 53 229 0 55 90 43 100
    181 170 115 152 154 0 94 14 0 0 53 0 225 163 0 116 85 237 78 0 41
    255 16 255 114 137 155 77 227 125 254 255 235 231 151 126 250 208
    166 0 89 197 235 213 212 186 255 31 191 0 54 255 111 237 144 255 255
    216 142 176 0 0 0 255 203 255 253 54 243 215 97 61 144 98 0 0 157
    184 81 255 195 12 40 112 101 191 35 0 168 0 0 10 91 255 0 255 255
    237 224 255 0 217 69 100 0 0 138 0 132 202 0 0 173 0 44 205 255 10
    255 20 0 255 248 22 164 215 185 204 3 109 0 211 94 199 255 36 255
    255 216 121 14 178 255 54 121 84 56 162 199 65 0 61 86 0 183 124 255
    222 55 255 93 255 235 249 10 44 157 236 135 133 68 60 206 255 0 243
    94 0 0 255 45 255 52 226 86 203 130 155 0 149 255 231 160 255 41 255
    0 164 255 129 162 0 142 0 0 106 182 245 0 1 255 0 21 69 0 253 255 84
    255 223 32 0 175 67 59 255 23 255 255 255 0 96 116 0 208 208 102 205
    221 223 105 255 134 255 0 235 244 0 255 255 182 0 121 255 175 213 55
    255 21 105 111 232 0 247 240 31 184 0 0 171 0 50 250 128 23 153 75 0
    0 64 254 0 127 0 163 85 155 0 255 255 0 172 0 88 95 217 0 151 56 218
    31 166 255 158 245 204 23 40 250 0 102 0 59 82 22 0 255 68 13 243
    220 0 0 17 255 50 242 226 0 177 255 128 67 165 255 0 111 228 20 204
    0 136 0 248 138 16 19 167 238 255 0 7 146 255 214 0 129 255 255 203
    162 255 0 39 255 52 65 69 0 255 118 193 255 52 0 232 0 74 250 0 255
    241 14 142 41 2 255 58 169 112 38 129 100 255 19 29 129 225 150 178
    213 254 222 191 0 0 118 62 27 206 0 127 174 232 255 57 88 0 214 202
    64 89 154 0 245 11 0 255 210 255 49 235 255 127 97 21 255 0 32 128 0
    0 55 117 123 214 255 255 171 255 24 31 244 0 167 89 0 0 145 213 75
    100 209 127 0 255 88 155 255 0 255 78 0 58 95 78 143 157 255 255 242
    0 255 129 53 182 242 0 0 31 171 70 221 102 215 97 29 196 200 195 75
    255 255 0 205 51 116 103 228 141 227 255 101 70 0 0 42 209 255 230
    255 221 154 122 0 231 102 0 48 255 137 255 0 70 255 246 34 0 255 71
    170 18 116 191 255 255 70 35 146 100 139 77 255 1 0 255 0 0 6 60 2
    165 174 255 255 255 104 255 0 255 229 205 255 248 255 58 25 164 255
    124 42 177 255 27 15 44 58 255 255 180 0 255 86 42 255 99 172 255
    197 166 0 0 116 219 3 114 0 255 68 0 56 1 62 160 255 0 43 255 0 152
    255 144 255 168 255 0 0 19 52 254 194 31 255 21 255 0 0 255 0 42 206
    82 255 11 33 255 132 25 0 148 169 0 0 0 32 72 128 9 90 208 63 199 4
    143 0 137 113 0 132 0 74 30 166 255 107 170 255 208 255 0 0 0 179 0
    185 185 255 202 164 0 125 54 248 92 87 160 255 0 214 236 82 255 117
    70 255 20 255 90 255 131 209 30 119 0 255 92 93 78 97 43 162 119 255
    12 39 255 0 39 222 94 79 0 202 0 196 171 120 80 255 100 196 255 107
    172 229 83 179 14 6 16 78 88 255 25 0 134 0 255 209 62 65 135 255 80
    0 237 217 0 167 244 205 100 51 0 23 167 19 141 58 46 179 0 203 0 255
    233 24 0 0 255 240 255 0 86 0 255 13 0 255 0 87 255 20 0 237 138 52
    156 123 104 0 71 42 150 0 255 255 183 0 38 255 228 164 139 0 10 0
    174 255 21 0 0 97 53 125 255 0 255 77 0 255 150 0 67 150 255 241 134
    0 89 91 49 66 255 255 150 193 0 15 124 255 183 0 255 182 0 0 171 255
    255 0 0 4 0 127 252 82 255 237 249 253 0 255 84 181 214 64 0 0 145
    172 131 243 255 76 86 255 111 35 205 46 9 80 160 194 170 58 144 255
    88 60 255 24 0 0 255 91 255 174 0 255 183 114 19 213 255 209 144 0
    120 169 17 225 131 71 255 0 156 14 0 255 249 127 0 184 199 0 0 0 108
    69 94 167 74 255 223 8 0 42 255 126 67 66 152 125 65 0 255 46 221
    107 95 32 226 5 58 173 255 0 153 255 28 255 255 168 255 255 247 0
    212 0 81 161 255 233 212 0 139 255 127 181 0 255 0 0 193 80 236 0
    189 114 30 105 255 114 190 255 0 30 255 167 113 255 0 255 255 0 255
    66 24 129 0 93 228 195 182 0 157 0 152 190 0 229 255 255 0 161 79 62
    0 168 113 240 183 77 147 225 6 109 116 215 134 28 242 225 17 0 226
    150 173 69 255 138 6 0 22 255 255 208 0 105 255 251 255 0 255 0 0 0
    134 255 255 154 255 255 255 24 115 178 102 0 255 184 0 0 68 0 77 194
    234 239 54 176 0 240 255 94 203 147 80 0 0 134 250 0 255 146 103 0 4
    0 93 255 46 244 255 35 0 255 215 0 131 207 0 11 0 0 220 89 0 255 0
    111 104 155 0 191 255 0 255 79 250 255 255 255 0 0 198 255 15 132
    197 255 255 5 188 227 205 53 255 255 226 248 221 71 154 21 52 0 255
    72 7 69 0 0 255 255 255 131 114 212 7 80 166 179 92 195 212 87 0 0
    43 199 0 255 241 98 166 116 85 125 41 98 255 147 13 255 95 118 185
    112 0 0 0 236 0 138 105 255 152 0 255 152 255 0 255 117 251 231 255
    121 0 101 0 0 118 229 0 203 105 255 92 169 255 0 27 255 90 197 223
    209 179 141 116 255 147 233 96 255 255 218 0 169 255 133 32 80 0 184
    255 121 83 255 255 0 28 255 30 0 53 189 94 127 126 65 92 255 127 0 0
    41 55 255 165 223 149 153 0 255 83 255 243 0 255 255 6 113 185 245
    40 200 62 139 255 70 0 255 168 0 185 255 121 180 55 255 0 24 132 138
    173 0 142 236 192 96 43 54 210 46 99 0 247 0 174 19 79 211 5 216 255
    255 16 167 255 230 195 230 0 86 243 85 51 100 0 255 186 213 255 139
    210 61 2 255 84 229 47 60 57 49 255 190 127 162 41 57 0 149 227 255
    253 0 203 103 30 114 255 27 0 21 105 227 0 230 232 224 213 24 181
    246 0 170 140 0 241 90 48 218 212 114 48 12 0 255 255 183 35 213 255
    36 152 102 245 71 167 221 31 255 177 113 255 255 85 213 0 224 64 134
    159 251 255 180 229 19 164 1 255 255 123 25 30 183 170 255 234 0 255
    88 196 255 188 9 255 255 0 255 255 0 128 243 95 170 0 255 255 0 45
    71 58 0 208 210 3 161 26 0 214 0 73 255 98 23 120 5 20 167 235 3 255
    255 240 255 255 0 47 102 255 66 137 102 255 148 201 255 255 23 176
    14 166 125 255 221 0 255 0 0 255 86 206 91 255 0 145 138 0 254 93 77
    213 0 0 101 0 53 86 53 91 241 187 0 0 255 0 226 78 191 5 0 166 246
    123 0 255 65 255 0 180 255 46 0 2 228 0 170 206 255 127 255 156 253
    102 85 179 124 17 116 25 163 255 145 5 255 182 46 131 188 22 248 20
    90 0 255 255 63 13 13 202 0 0 174 0 238 169 0 250 255 30 73 94 28 39
    255 250 0 0 109 51 0 0 98 170 2 0 66 171 0 118 149 161 255 97 68 0
    241 181 112 177 120 90 78 49 0 255 172 47 118 0 175 0 143 223 144 91
    170 255 129 255 255 70 141 75 0 153 194 250 255 178 82 163 206 243
    253 102 0 255 0 70 20 45 90 54 0 52 255 255 0 92 25 0 142 218 62 81
    29 0 60 255 92 255 136 50 173 0 238 217 0 0 91 249 239 207 0 237 87
    0 109 0 172 0 255 255 224 52 139 167 11 139 140 0 118 0 255 255 255
    10 86 111 123 17 82 232 1 255 251 119 3 11 25 0 255 59 239 255 0 195
    255 38 0 0 0 51 237 204 112 255 122 0 0 227 0 186 129 255 0 195 205
    19 253 228 192 255 112 202 99 0 82 140 255 8 255 139 0 244 70 0 240
    241 132 151 255 42 64 255 173 91 222 255 23 225 16 120 255 141 174
    255 25 130 249 0 197 96 0 40 255 47 117 124 0 255 0 82 255 0 193 0
    254 143 128 235 22 134 0 255 0 255 209 37 58 0 147 255 255 88 0 255
    47 99 0 254 255 218 148 156 118 255 26 216 255 255 185 58 0 44 90
    178 0 0 143 65 0 203 255 0 221 251 110 220 0 133 44 156 0 255 39 101
    96 255 255 7 232 217 195 28 29 39 97 0 48 0 164 32 255 56 127 255 42
    50 245 255 146 0 132 132 18 255 255 0 0 77 0 182 29 0 90 0 255 25 0
    0 30 48 126 130 84 0 23 255 255 255 32 149 255 55 126 0 0 0 81 3 62
    0 101 0 4 0 91 46 12 154 255 48 255 203 30 132 0 255 14 0 255 104
    189 213 85 0 144 118 255 25 221 13 0 255 243 125 190 37 117 0 255 79
    206 7 255 255 9 21 228 100 242 105 211 70 255 153 153 58 255 0 216
    126 149 255 221 255 172 255 6 0 255 255 35 12 255 180 135 112 0 0
    220 18 0 250 103 97 99 113 157 101 148 0 70 255 0 152 255 0 110 255
    255 141 201 0 216 222 0 0 0 109 62 0 0 1 202 168 255 98 255 101 205
    58 255 255 124 197 184 39 190 235 0 201 6 255 62 133 255 255 225 141
    0 38 160 97 54 39 78 0 50 134 255 0 255 218 0 255 255 139 228 255
    255 0 93 145 0 146 0 200 43 238 29 28 154 0 24 101 169 1 147 255 180
    88 255 4 215 135 211 255 210 255 255 255 179 164 255 0 241 154 255
    148 152 215 247 166 170 124 174 0 43 34 14 0 0 0 0 8 12 255 0 25 255
    0 147 0 0 255 18 205 0 218 202 0 252 255 80 255 12 203 0 234 0 255
    100 0 170 0 255 123 255 69 245 83 0 0 213 66 60 169 114 255 0 0 0
    108 93 255 0 0 0 255 115 204 255 146 115 120 92 255 0 0 187 173 8 26
    0 255 165 115 62 54 255 75 161 255 87 203 255 92 255 170 0 248 197
    125 255 154 105 44 170 54 255 214 181 59 5 255 0 0 224 255 5 254 255
    83 146 255 141 183 0 31 130 0 36 72 255 255 255 111 255 104 130 122
    174 3 154 66 72 0 228 189 255 110 255 238 245 6 31 16 178 7 6 99 159
    111 130 51 192 23 255 21 77 24 0 52 0 178 0 131 255 155 48 32 155
    255 0 172 255 103 255 45 214 131 255 118 233 189 90 255 0 149 0 61 0
    255 217 183 175 255 80 255 111 104 161 255 255 0 255 255 142 0 48
    147 104 31 247 108 25 0 47 0 173 115 0 0 190 18 243 255 12 225 184
    255 85 131 0 233 0 161 140 0 49 255 212 244 0 157 246 0 182 245 85
    255 62 255 0 56 255 0 255 0 255 255 0 57 220 255 37 255 255 131 243
    255 237 105 249 10 165 56 33 63 0 74 3 111 219 238 104 36 255 138
    187 241 37 201 0 101 89 95 75 0 190 255 184 0 0 210 199 0 79 2 237 0
    0 126 134 107 255 197 0 255 10 129 255 6 167 84 255 190 0 98 65 116
    222 124 216 69 154 38 144 208 255 104 194 62 0 228 255 19 94 0 0 0
    59 0 0 216 220 5 226 255 255 17 48 91 155 255 0 196 39 240 0 13 15
    220 0 193 0 61 0 158 222 64 54 77 63 10 11 171 61 206 28 45 240 37 0
    194 159 231 255 255 245 42 0 0 235 82 140 232 27 255 166 220 150 87
    19 255 13 0 145 0 252 152 160 40 0 255 81 236 162 102 94 92 255 138
    76 196 203 82 202 255 255 32 0 201 171 255 0 0 255 209 0 255 0 255 0
    52 81 176 82 0 187 180 244 255 192 120 255 80 213 0 0 0 69 141 128
    133 214 181 0 0 17 255 0 168 255 137 255 46 0 203 61 204 99 36 0 255
    255 255 0 66 0 152 255 0 66 65 179 18 0 180 0 0 255 113 178 145 36
    255 121 242 147 82 221 0 150 225 189 255 30 10 255 207 51 0 255 255
    227 80 168 255 109 131 255 255 57 60 255 136 184 202 220 33 66 52 0
    224 97 250 211 0 211 255 255 31 255 75 192 63 129 0 255 224 0 96 75
    0 0 255 124 0 56 79 47 130 255 255 112 255 33 4 0 205 156 11 255 169
    229 27 255 0 148 0 255 43 0 232 52 255 255 193 0 82 255 54 0 21 209
    13 10 207 133 188 145 255 236 119 135 210 0 15 255 79 0 255 255 38
    10 22 107 133 182 150 103 0 255 4 113 255 76 61 219 110 202 221 28
    68 142 18 74 138 106 117 36 28 0 217 0 175 255 212 223 101 0 0 155
    121 64 117 105 42 255 62 232 35 255 96 182 201 0 128 255 0 30 255
    255 0 2 153 184 255 140 0 242 255 87 245 63 142 63 44 255 0 0 255 21
    43 93 0 192 158 0 74 0 255 151 255 255 196 171 135 0 255 198 0 163
    230 131 255 131 177 255 179 255 5 83 124 44 234 119 205 197 255 74 9
    231 45 0 151 167 160 225 131 119 72 13 255 208 57 255 0 205 212 53
    245 255 36 207 0 255 0 229 150 0 0 220 0 1 255 176 160 78 206 255
    255 150 56 205 202 189 20 89 63 0 0 44 99 23 255 229 158 255 127 0
    237 80 0 196 0 0 73 103 31 255 0 236 123 106 212 102 251 222 141 255
    153 79 255 137 226 255 238 88 28 167 254 0 231 0 35 0 0 226 0 202
    235 255 255 178 55 255 0 0 54 0 2 80 255 0 202 136 255 255 209 255
    227 218 111 184 32 246 255 141 87 0 0 255 180 0 31 252 46 0 0 0 0 91
    12 255 159 83 221 98 26 191 33 255 131 255 234 255 255 255 156 158
    197 0 0 137 1 66 255 0 53 243 37 239 255 160 255 141 180 152 0 240
    243 255 255 201 58 233 0 28 255 182 121 71 255 177 0 27 255 247 21
    146 5 215 131 32 76 0 0 214 246 229 86 193 8 14 49 53 73 79 164 255
    87 174 206 0 255 173 136 255 26 129 253 191 255 229 0 151 255 255
    255 26 255 220 109 107 38 37 208 225 76 255 255 255 105 30 255 0 102
    161 174 183 255 255 0 23 36 29 202 0 109 237 45 255 255 30 165 0 208
    225 0 72 131 0 160 0 41 65 255 0 255 178 255 0 0 255 94 239 0 97 0
    49 217 0 72 235 190 0 255 19 174 79 0 158 236 248 8 219 255 0 255 37
    141 218 57 255 255 220 195 193 196 33 255 61 255 208 210 25 0 255 0
    239 238 255 0 227 179 58 85 68 39 75 55 255 158 189 108 104 200 193
    0 147 255 192 136 0 255 0 26 99 0 75 0 122 158 255 26 158 245 224 0
    229 218 0 0 57 242 225 0 255 255 185 48 255 162 227 0 68 255 1 67
    255 56 104 0 223 211 255 209 245 187 49 0 255 108 37 134 206 0 136
    217 255 97 255 131 0 255 252 115 223 194 72 225 0 239 242 0 23 0 34
    104 255 161 0 154 186 0 0 0 222 67 0 0 0 0 194 52 125 101 255 188 74
    61 216 169 231 255 116 0 0 255 99 117 55 0 0 191 137 203 255 116 238
    79 192 62 223 3 0 108 178 203 0 23 255 49 255 90 191 18 0 255 93 0
    255 255 72 0 255 83 255 0 117 107 255 0 255 93 235 0 0 184 255 0 149
    255 0 148 0 138 156 221 255 174 0 0 0 253 68 105 0 253 0 136 167 108
    17 255 255 216 0 255 149 0 0 0 0 217 231 202 15 52 255 0 0 255 0 198
    58 8 115 0 255 0 57 0 49 0 64 27 255 75 157 208 255 0 255 172 64 255
    92 117 56 203 58 218 0 205 255 138 0 0 2 0 43 199 96 0 213 87 106 65
    31 88 199 7 255 255 135 40 14 54 0 186 114 197 255 145 40 195 202 21
    196 142 0 255 0 229 255 255 0 169 111 165 255 146 224 144 197 220
    164 114 210 220 170 0 0 172 0 119 165 255 255 19 0 121 255 181 255
    202 245 201 138 255 180 255 61 68 0 0 255 247 0 255 255 138 36 221
    71 13 249 141 222 89 255 255 0 255 255 0 255 53 13 255 125 218 80 4
    205 139 255 0 168 255 0 118 255 116 37 233 82 47 193 0 15 0 253 242
    255 97 86 76 9 208 0 37 39 59 208 165 25 157 255 239 253 255 212 211
    47 1 255 208 131 241 12 255 194 0 0 157 255 63 0 255 48 0 0 33 79
    200 74 152 48 0 0 140 0 255 255 89 0 19 86 132 237 255 255 255 255
    210 172 255 118 0 133 146 0 170 255 255 0 238 228 157 255 155 47 255
    103 0 154 98 19 126 91 72 148 0 0 164 13 251 0 255 166 194 0 255 6
    255 21 139 192 0 181 251 117 118 153 189 67 96 255 115 44 102 133 0
    0 0 0 255 0 0 142 255 145 0 255 52 87 255 255 191 30 24 234 162 12
    145 0 255 170 216 71 73 255 81 255 255 255 255 70 182 161 255 154
    255 127 163 255 0 0 182 49 230 160 58 255 94 255 97 255 0 17 70 0
    184 202 115 80 0 222 172 255 102 72 29 255 0 255 255 218 59 236 211
    52 48 0 247 84 197 96 83 136 255 255 72 89 250 51 255 255 0 255 67
    255 225 28 255 255 255 255 121 18 187 237 138 184 77 0 142 0 255 255
    0 101 241 64 102 167 154 17 251 55 255 22 8 0 255 195 255 68 196 108
    75 195 149 105 0 165 179 0 153 255 255 221 25 156 255 73 229 255 247
    0 0 0 174 40 11 120 26 217 0 0 255 59 0 206 143 0 167 64 243 50 255
    255 133 201 255 55 0 255 31 68 82 241 0 80 153 0 255 120 236 255 255
    255 255 62 137 255 216 171 198 0 6 196 153 52 0 169 0 83 22 0 255 0
    57 251 28 43 255 106 253 211 255 58 255 32 216 205 255 255 59 163
    236 191 151 210 255 255 255 19 14 214 255 56 255 181 57 53 0 0 22
    144 194 255 0 207 255 201 113 6 141 0 0 182 83 0 152 232 255 243 41
    73 37 143 66 145 73 0 255 46 42 61 244 0 74 90 105 0 255 255 8 255
    35 80 113 147 218 17 211 244 165 54 176 255 90 182 255 255 0 0 255
    46 64 255 0 255 255 64 85 0 229 222 255 195 0 215 95 206 112 86 249
    100 64 203 0 137 253 154 245 87 255 178 2 255 255 73 0 146 0 0 164 0
    255 232 0 255 0 28 135 254 0 255 184 201 85 93 0 255 72 255 0 106
    133 0 246 62 0 17 45 255 156 198 71 220 72 255 3 255 235 40 0 255
    255 255 116 255 29 166 93 83 194 0 223 43 255 255 255 82 0 0 255 186
    242 111 251 6 0 255 255 0 255 254 93 56 100 255 0 232 185 234 79 191
    11 255 0 0 152 201 255 255 89 208 68 188 242 171 250 255 68 0 0 246
    255 0 0 255 86 0 60 195 0 42 255 161 245 118 0 167 34 131 116 176
    177 8 244 255 7 231 255 0 0 74 123 34 255 200 108 106 214 43 204 89
    59 167 149 47 159 82 0 105 0 171 112 234 14 254 223 0 157 62 182 28
    131 212 110 8 64 84 6 22 255 25 124 255 255 255 168 107 0 105 26 124
    206 50 173 75 119 197 19 126 160 195 129 219 0 255 37 210 255 179 98
    175 108 255 190 56 243 34 41 131 0 240 32 26 0 106 193 255 35 234
    147 203 62 195 75 124 156 255 121 0 252 164 0 11 0 247 44 0 244 140
    255 196 92 255 255 0 68 255 93 154 187 227 0 255 77 169 151 0 255
    193 0 143 4 122 255 255 99 250 158 114 255 4 0 102 255 27 0 149 0
    190 109 15 174 25 127 4 195 37 24 0 146 193 0 5 30 106 77 55 117 98
    10 255 202 156 238 53 110 17 255 171 213 0 228 0 110 158 255 86 179
    40 42 0 137 6 0 0 167 212 255 0 225 193 0 79 107 44 176 160 9 255 0
    7 128 57 221 0 0 0 161 168 112 255 151 178 143 255 0 0 26 0 215 153
    134 255 0 0 22 0 19 0 79 193 91 9 255 255 0 21 110 151 255 248 0 255
    61 212 0 255 40 20 112 0 255 255 0 38 75 0 0 0 190 86 4 255 20 9 45
    139 174 10 128 212 0 0 143 255 166 18 17 255 247 0 255 255 255 19 50
    255 255 210 222 183 0 21 0 9 166 58 255 26 209 68 255 0 0 236 0 0
    255 255 0 188 182 0 0 0 255 7 70 107 0 4 0 255 196 255 0 130 168 133
    243 102 255 0 0 24 0 186 0 93 255 132 187 0 46 255 255 255 0 0 28
    186 31 209 4 247 76 167 162 203 80 122 25 0 234 0 255 255 8 142 44
    255 197 134 255 0 255 166 60 0 218 179 74 91 147 154 67 216 52 255
    62 0 15 0 156 213 92 0 57 255 101 255 31 0 26 255 219 112 14 0 84
    255 255 34 0 0 0 175 156 255 102 93 68 75 163 46 0 158 0 52 255 0 17
    51 26 163 113 156 255 255 10 255 255 244 18 224 134 255 255 255 255
    113 91 238 7 0 255 30 55 231 133 224 0 0 195 113 40 18 23 255 132
    152 135 196 38 252 241 0 248 190 97 178 155 38 54 0 255 21 0 92 173
    0 0 255 92 29 132 149 89 48 0 39 0 108 153 94 95 0 85 74 255 210 181
    145 0 191 0 209 5 75 0 32 17 12 111 225 0 0 154 0 255 152 70 0 255
    57 0 0 255 75 122 0 124 204 0 10 255 0 0 255 0 103 199 0 0 171 0 156
    151 0 147 145 0 249 255 186 255 255 209 155 128 255 216 147 255 126
    255 134 113 255 255 208 255 160 255 51 20 0 194 52 0 38 255 52 176
    233 255 4 27 56 171 19 163 100 18 255 63 94 255 255 53 152 247 78
    255 247 90 219 93 255 85 229 113 0 244 225 235 255 216 0 0 202 187
    240 255 151 255 0 0 102 0 225 0 11 0 0 181 255 126 8 248 141 150 101
    110 0 247 255 255 151 0 155 241 237 83 0 41 97 29 255 21 121 226 255
    248 255 113 255 241 33 124 255 218 114 79 47 220 73 115 153 241 117
    255 243 217 255 97 149 231 186 255 0 69 180 149 0 181 33 55 254 229
    255 8 221 218 0 182 0 45 255 168 13 255 249 243 127 251 68 18 143 12
    44 233 135 162 255 223 117 0 0 15 0 171 255 0 255 255 79 212 124 109
    255 167 136 241 255 255 0 0 237 0 101 190 244 255 57 80 242 255 0
    225 184 0 20 99 255 156 255 255 163 189 159 255 0 0 57 255 0 70 5 0
    72 183 179 154 0 255 0 0 0 0 42 0 45 36 255 130 0 0 0 190 154 134 0
    255 0 0 0 60 212 139 59 188 150 204 0 255 103 0 0 210 213 0 255 255
    174 0 39 0 255 0 0 255 255 143 255 8 255 136 158 74 0 218 244 255
    172 255 255 0 41 97 9 244 241 77 255 255 58 204 0 121 216 25 0 0 183
    0 0 222 64 116 255 255 255 245 166 255 205 225 132 255 215 0 234 220
    220 1 255 94 232 161 20 4 255 7 184 94 49 224 65 86 6 0 255 255 104
    255 111 0 85 255 241 201 181 56 224 101 29 107 116 0 85 137 209 255
    158 36 156 227 53 59 0 150 255 249 159 255 243 0 93 138 0 255 14 255
    228 255 0 241 96 121 240 255 134 251 66 255 255 255 0 255 237 255
    169 246 0 93 151 10 255 1 170 0 158 83 54 0 99 135 57 255 216 39 255
    0 211 125 29 0 11 14 150 27 0 165 255 0 255 152 226 88 0 210 112 55
    221 14 255 0 24 245 255 0 137 255 188 255 37 255 255 192 138 255 0 0
    213 7 200 109 0 89 63 243 106 0 237 89 22 14 0 255 211 255 132 121
    255 5 255 167 22 0 30 173 219 216 23 0 0 78 47 118 255 144 0 180 255
    15 101 208 0 0 138 0 178 87 0 0 0 73 0 225 255 67 151 28 236 248 11
    121 255 101 144 0 255 255 0 80 255 255 215 0 0 70 235 244 0 84 25
    255 0 0 110 0 123 0 255 45 14 128 255 66 149 255 218 240 49 66 0 47
    255 0 29 54 255 0 255 232 185 83 0 229 72 255 255 132 24 17 200 0
    222 0 238 85 128 0 255 189 127 50 255 178 45 183 146 100 141 2 106
    155 0 128 0 192 150 255 73 83 19 83 187 245 89 49 225 227 0 255 240
    232 0 219 254 0 0 0 64 75 200 0 163 205 188 167 6 83 175 69 70 210
    31 25 0 40 13 161 0 115 134 215 235 77 238 27 37 0 0 185 247 67 104
    125 255 132 0 255 132 0 235 237 0 161 255 234 1 118 255 255 255 255
    195 44 46 255 19 255 199 142 163 6 115 0 103 255 0 209 0 255 158 255
    158 62 255 120 199 48 149 0 38 129 255 0 255 32 110 223 0 234 126 38
    255 96 138 23 60 0 0 91 255 255 0 175 0 255 0 50 177 255 72 217 248
    255 255 211 184 52 57 255 255 187 251 45 245 44 233 0 255 255 33 67
    238 142 153 255 136 144 73 38 67 52 0 114 71 0 124 255 161 255 255
    235 97 110 0 0 125 255 115 255 134 75 74 255 37 0 72 25 28 0 69 130
    0 239 191 210 0 160 129 84 152 0 173 134 141 229 40 5 238 0 207 255
    0 255 255 255 214 133 255 235 222 243 237 237 88 255 107 176 186 217
    215 75 63 255 217 54 64 242 255 255 226 255 105 255 0 0 85 44 78 94
    0 255 78 194 255 183 13 255 214 168 78 0 235 57 146 242 214 142 255
    190 149 255 255 0 7 125 0 9 255 163 220 174 255 19 255 255 232 0 6
    126 237 255 255 159 176 0 221 0 0 65 87 0 0 91 255 220 209 22 255 0
    255 255 0 235 0 255 238 151 217 32 255 31 0 160 0 212 0 193 24 63
    255 85 80 255 195 5 0 167 255 100 90 50 17 158 176 136 255 92 0 255
    255 45 15 30 209 0 140 255 133 0 12 255 255 140 210 127 217 106 76 0
    255 26 255 130 216 255 156 19 222 255 255 224 255 0 70 255 205 98
    248 101 146 161 255 91 0 176 235 0 0 0 208 31 161 67 0 249 0 102 25
    0 255 255 84 107 116 255 226 40 198 0 255 69 116 208 255 182 102 57
    113 0 0 255 255 240 205 183 70 163 114 253 60 1 192 255 191 116 81
    191 114 0 248 24 0 80 149 234 60 117 255 48 255 247 0 196 255 37 0
    255 188 255 0 255 216 100 255 0 255 0 255 108 168 242 85 150 129 0
    14 205 170 255 60 98 0 230 255 152 198 148 3 16 0 255 149 0 255 0
    255 0 227 101 100 245 126 128 0 170 104 210 47 255 63 0 128 17 255
    255 47 239 0 108 201 255 109 136 6 140 222 133 255 154 255 183 241 0
    255 157 255 255 136 59 0 231 255 207 240 0 229 0 253 0 0 255 255 82
    0 161 62 222 255 142 54 57 248 255 0 255 0 196 241 0 93 172 141 0
    255 185 131 169 255 162 237 125 0 178 62 255 0 255 255 19 255 185
    255 0 0 42 166 0 255 58 38 0 255 44 83 0 47 255 241 82 255 214 0 200
    255 27 255 189 0 132 0 0 99 0 136 81 51 84 74 255 255 255 184 40 146
    255 166 255 17 0 130 255 223 0 192 255 255 247 116 156 222 230 0 137
    255 175 0 255 183 38 152 129 8 161 32 169 255 96 184 74 5 197 69 163
    30 0 89 206 255 186 0 3 181 154 232 0 34 0 64 88 0 51 255 0 0 255
    255 216 204 255 255 0 36 146 105 0 158 151 255 171 255 210 255 0 157
    208 182 141 22 0 80 0 0 216 224 152 174 0 68 0 88 0 190 0 255 0 255
    84 255 0 158 89 0 10 196 52 255 255 207 28 210 111 255 0 120 28 19
    190 191 31 0 175 255 97 255 255 190 255 59 255 0 255 0 255 25 43 255
    146 147 50 164 160 147 197 116 29 231 153 28 102 0 149 45 255 255 28
    161 169 0 0 255 198 201 82 255 200 0 40 111 244 157 0 170 2 199 255
    185 182 255 255 106 0 47 245 127 108 184 255 220 103 148 201 0 255
    39 255 242 175 255 249 255 236 228 174 0 0 0 0 0 146 102 46 91 175
    255 0 160 255 0 0 213 0 255 0 223 229 0 194 48 0 200 200 9 0 122 50
    255 137 207 230 77 228 255 90 210 0 230 255 255 74 171 0 0 165 255
    255 47 168 255 0 255 255 118 224 255 255 110 238 0 255 0 255 255 0
    100 251 0 162 86 84 0 0 0 253 0 96 36 255 255 243 0 0 255 255 64 109
    0 0 221 13 0 0 0 200 0 201 0 0 203 255 154 255 15 0 255 159 0 171
    255 53 106 22 220 0 101 0 225 40 83 133 199 239 44 203 27 6 255 8 0
    10 67 234 210 200 5 155 126 255 255 255 91 99 0 10 220 192 120 64 2
    255 0 255 255 40 172 0 0 255 94 249 163 134 255 200 0 255 255 241
    240 128 234 35 107 50 255 71 197 42 186 161 136 255 221 109 156 212
    119 150 255 81 228 230 0 78 252 255 0 192 255 0 14 255 141 139 63
    255 0 255 255 207 29 255 255 255 0 251 255 0 30 121 255 255 57 255
    107 2 255 0 50 0 71 255 0 255 209 0 0 147 255 131 200 255 85 85 159
    0 48 0 0 255 32 0 206 231 242 83 164 255 181 223 255 0 255 133 0 167
    0 140 231 188 161 0 141 43 169 161 0 88 190 0 107 58 255 206 61 198
    124 165 255 255 81 112 26 255 255 0 49 255 172 59 233 193 255 248
    137 255 219 229 21 0 156 80 90 118 47 73 218 160 77 255 181 0 252
    148 0 86 158 179 17 162 81 255 30 255 53 255 117 50 22 242 0 0 61 92
    0 79 0 60 0 47 115 106 163 80 172 0 255 99 121 0 255 255 0 255 83 38
    62 255 210 215 67 252 87 206 58 192 0 255 28 240 0 77 255 135 126 0
    10 226 182 97 128 148 0 165 255 0 209 60 255 14 48 255 34 195 31 145
    0 146 0 255 0 0 72 201 255 20 255 0 230 255 39 53 255 0 190 50 243 0
    85 29 136 197 166 255 0 255 125 192 35 255 0 26 255 134 207 0 0 30
    157 255 0 255 15 48 0 2 127 137 0 13 96 104 156 255 255 0 47 49 255
    87 239 1 24 255 200 0 203 162 255 9 196 237 188 237 111 255 144 73 0
    255 0 205 62 219 0 0 96 70 63 249 255 204 66 25 124 255 255 124 9
    253 143 187 0 0 255 172 60 0 255 77 255 255 42 62 255 151 126 255
    250 237 0 10 51 198 255 255 41 255 0 0 113 205 255 73 4 213 197 74 0
    113 0 3 39 37 96 42 220 0 137 255 127 68 234 0 255 255 88 209 142
    254 233 255 255 201 154 255 0 152 129 0 0 91 4 51 41 24 67 0 255 17
    183 30 185 255 255 202 246 255 113 12 55 255 172 0 255 0 251 184 43
    40 230 195 0 255 147 118 0 152 255 0 69 255 0 62 20 255 255 105 4
    142 255 0 255 255 0 155 63 211 88 185 86 255 201 138 216 0 6 197 255
    8 255 199 255 0 9 126 107 255 0 223 149 255 255 62 51 255 155 255 34
    255 0 122 0 169 180 100 0 255 255 0 232 118 255 83 255 222 255 184
    25 109 255 53 135 0 255 255 0 24 0 0 0 40 0 255 22 255 62 43 255 120
    192 255 32 236 0 0 60 26 0 186 52 65 255 0 255 0 133 66 0 63 223 16
    156 0 0 10 204 76 215 239 255 72 144 173 255 255 218 160 157 187 0 0
    255 4 91 0 255 255 255 255 170 133 0 255 227 189 255 107 53 211 193
    49 107 33 135 139 168 0 163 0 39 0 255 242 0 0 191 132 0 69 0 22 0
    255 135 35 157 201 18 24 169 223 4 6 207 18 0 138 170 155 0 184 0 0
    106 194 136 0 82 255 0 76 93 50 42 122 139 178 232 255 184 51 192
    167 255 115 136 0 181 30 223 130 69 0 255 0 255 59 0 246 0 213 97 0
    47 0 208 124 179 117 0 255 23 0 66 1 203 255 29 255 254 126 108 154
    189 36 13 255 212 9 255 255 5 46 169 238 108 0 0 41 61 255 223 2 185
    47 92 255 0 209 233 79 101 255 17 209 232 0 150 53 206 255 225 221 0
    134 255 200 203 60 121 172 193 0 0 0 255 153 255 187 0 202 122 83
    205 244 174 222 0 0 254 214 122 150 255 0 88 56 1 255 155 0 255 6
    255 40 0 193 236 178 56 0 0 255 0 0 255 50 239 78 58 255 126 33 121
    48 255 255 0 163 191 156 0 0 173 0 145 32 94 119 213 1 27 219 0 97
    255 0 45 0 64 149 207 255 18 61 89 202 0 66 255 182 132 226 0 239 0
    255 162 35 136 64 203 0 98 0 0 162 224 82 140 0 255 58 0 255 255 0
    86 60 244 255 0 53 0 148 255 167 120 100 85 0 103 28 80 135 19 230
    211 0 244 5 30 236 255 183 178 231 27 255 55 106 62 255 0 202 153
    140 30 74 255 247 121 16 19 102 25 82 216 149 255 46 195 255 0 228 0
    172 255 22 209 62 68 190 241 170 107 230 79 202 255 0 49 0 0 255 255
    209 255 174 4 217 102 53 255 213 148 0 53 34 222 145 0 0 0 255 0 0 0
    15 202 27 0 255 68 24 0 48 148 255 187 207 0 0 255 16 177 236 149 70
    0 255 210 0 178 0 252 112 0 0 0 255 216 190 0 11 219 255 229 246 173
    255 123 179 0 114 3 1 176 96 158 0 0 115 167 0 175 111 193 255 95
    197 114 209 56 255 177 84 255 0 221 255 61 41 119 252 228 122 165
    255 164 0 165 157 88 52 210 0 77 0 255 90 1 0 17 214 225 113 0 6 167
    0 255 0 200 61 184 0 0 231 0 0 53 255 52 255 255 0 70 236 0 131 0 61
    46 96 201 0 34 243 255 246 84 40 155 13 102 0 72 0 0 255 135 0 79
    255 223 114 149 191 0 187 16 78 255 154 255 87 29 38 222 193 44 255
    162 91 9 99 85 0 0 166 160 124 0 250 208 255 200 211 129 0 83 0 0
    255 0 0 164 227 0 0 18 2 49 255 68 0 255 133 0 255 85 187 99 111 0
    148 0 0 214 193 82 255 115 101 249 23 208 230 6 51 192 0 255 102 153
    0 80 255 39 130 151 91 228 122 194 117 255 31 230 129 0 3 255 17 0 0
    72 255 0 0 255 203 57 0 0 255 0 0 66 117 0 59 60 233 255 220 255 23
    0 255 120 148 205 68 255 0 89 148 0 210 219 117 245 188 255 0 76 121
    0 255 48 255 255 224 131 255 255 255 102 112 217 0 205 0 225 203 78
    111 134 55 173 180 12 102 172 112 255 0 20 174 57 0 0 0 0 243 0 251
    255 255 251 0 255 0 64 255 0 0 0 237 255 255 80 234 255 255 0 198 0
    229 0 13 138 255 51 76 120 5 237 255 117 126 0 57 255 212 255 255 92
    242 190 133 0 52 153 152 133 90 255 255 36 99 60 143 34 255 255 185
    0 162 157 247 0 0 122 28 224 138 30 145 15 255 246 80 255 0 0 255 9
    0 255 79 152 247 116 0 0 83 69 255 65 223 255 45 193 96 51 71 255 0
    0 0 30 53 122 154 138 124 255 0 0 0 169 63 59 185 30 0 0 75 255 255
    121 145 45 170 255 255 202 0 227 205 0 178 134 236 209 23 40 150 63
    89 152 255 78 193 8 71 255 0 102 187 74 1 122 193 255 236 205 73 251
    0 255 96 48 74 122 136 165 134 126 0 74 245 220 253 0 43 36 219 32
    250 0 223 157 16 255 86 247 174 44 19 255 84 255 145 115 255 180 154
    50 11 89 187 255 151 219 112 0 255 255 174 99 67 111 8 0 255 33 42
    112 100 245 0 0 170 181 0 253 255 32 251 0 181 25 156 0 209 33 0 255
    193 183 87 122 255 0 255 0 0 48 0 190 8 44 116 25 245 128 202 0 79
    168 0 182 0 239 181 27 0 255 253 96 81 255 229 255 96 255 46 0 255
    95 169 238 0 0 255 0 255 255 0 139 33 142 235 170 255 173 0 0 154 0
    228 237 187 0 201 255 56 172 57 255 255 0 148 235 219 255 43 115 0
    198 28 210 129 0 104 147 108 136 0 233 0 94 0 255 113 57 255 255 234
    115 255 33 0 83 63 0 0 201 255 255 0 0 183 141 0 0 0 139 160 47 0
    194 178 26 194 206 255 255 106 80 0 255 0 174 0 192 118 255 255 0
    255 255 119 72 223 0 20 98 172 0 255 0 255 255 238 255 255 132 219
    127 62 255 189 0 255 0 66 252 42 63 255 24 68 29 255 147 105 0 184
    200 0 255 141 191 255 116 19 78 29 188 84 124 22 202 255 149 18 60 0
    0 255 151 217 74 255 8 59 166 59 5 76 34 194 91 234 33 1 255 255 65
    79 255 217 0 148 0 109 134 0 255 0 195 114 117 152 72 102 255 145 0
    128 105 40 255 132 30 127 65 133 240 141 255 22 255 126 0 0 178 96
    18 57 0 255 255 239 131 231 255 77 255 88 0 209 217 0 0 192 203 120
    0 130 74 68 255 12 205 186 0 255 8 145 41 220 255 224 13 255 152 77
    0 198 0 0 136 255 0 136 23 215 10 0 134 159 131 136 0 255 229 123 0
    188 0 118 71 3 0 79 0 0 255 188 203 246 0 210 162 255 131 172 255 0
    83 50 22 94 145 89 111 231 0 98 164 87 0 153 126 23 255 56 174 43
    207 84 0 0 255 255 37 168 124 180 255 208 0 219 146 0 0 255 248 213
    10 147 81 50 142 255 244 255 255 104 255 251 0 255 255 80 0 79 238
    255 0 42 15 0 141 254 255 169 192 214 0 226 167 39 111 0 255 0 199
    154 193 243 32 143 220 255 0 8 187 249 255 0 78 255 255 255 119 27
    179 0 18 255 0 11 255 115 174 73 0 255 206 255 24 0 255 185 0 33 35
    255 221 32 255 255 130 250 156 0 188 147 97 186 153 168 122 32 58
    255 0 0 98 233 0 66 255 225 211 124 216 141 0 160 0 0 0 0 255 0 200
    12 222 179 255 0 24 188 0 0 250 44 128 162 0 255 3 0 26 255 164 30
    222 255 103 202 94 159 255 212 0 211 255 255 144 28 27 255 159 0 243
    62 59 0 0 0 83 0 0 255 115 224 239 159 255 91 64 81 130 255 28 73
    255 74 132 168 255 0 74 63 131 217 6 106 255 51 255 45 76 0 56 243
    195 67 251 0 175 243 255 5 255 76 11 97 43 166 0 175 255 77 233 137
    143 255 47 57 73 13 187 255 212 0 255 255 0 91 217 255 244 255 140
    176 47 171 103 173 192 255 80 172 116 255 255 49 63 255 111 0 194
    255 0 142 68 148 137 34 255 255 255 185 114 255 255 112 32 47 237
    255 65 146 208 255 137 189 0 203 255 46 255 174 237 172 156 0 0 0
    255 88 0 214 192 127 200 0 232 0 185 255 8 0 108 153 155 255 0 116 0
    0 0 218 74 0 93 191 1 246 72 193 0 152 0 104 0 216 255 202 79 231
    234 243 0 0 115 243 165 131 0 236 255 101 133 39 143 255 16 0 71 255
    0 0 174 104 0 123 0 79 255 53 0 0 13 0 0 5 228 255 133 0 199 206 115
    255 52 242 205 244 55 53 201 101 0 0 16 255 153 37 61 59 176 0 53 45
    182 249 255 64 193 86 187 81 0 15 128 0 108 29 76 218 206 40 0 90
    198 200 130 127 226 255 133 79 171 62 123 68 5 191 0 89 242 92 0 255
    68 255 253 179 160 208 242 255 0 255 255 159 255 58 229 255 41 0 240
    255 255 49 86 186 170 225 108 15 255 175 255 0 110 0 140 212 130 116
    3 0 229 0 170 189 255 255 173 106 105 144 255 232 50 255 11 64 255 0
    150 162 56 0 0 40 255 51 255 180 0 169 198 73 0 0 110 255 105 156
    255 142 255 17 69 0 0 255 227 255 225 255 255 217 255 118 155 159
    192 253 0 167 4 0 167 0 255 197 109 255 121 92 0 255 255 0 145 101 6
    246 0 166 41 0 180 107 255 0 255 208 255 0 175 23 253 165 56 0 0 135
    46 0 9 176 0 234 0 211 255 148 110 255 255 218 0 0 0 85 0 0 61 161 0
    185 0 0 255 0 73 219 121 77 74 141 122 255 235 0 227 0 40 238 147
    255 0 192 255 0 0 255 255 0 255 88 146 0 231 91 66 255 155 0 12 141
    92 97 0 45 240 198 0 222 249 238 77 0 255 255 249 255 0 108 96 255
    157 180 80 62 0 109 173 0 0 222 255 45 171 10 17 228 95 163 69 184
    255 221 0 255 65 229 123 54 255 210 0 255 255 255 202 0 255 90 245
    238 46 112 32 255 0 0 123 0 92 45 130 130 31 125 149 183 0 55 255 0
    62 145 182 144 0 136 0 3 255 172 255 0 0 224 221 0 142 250 255 0 255
    116 128 85 92 85 0 69 0 0 255 224 0 6 250 37 117 0 0 0 180 255 17 79
    235 0 0 122 225 255 191 152 129 52 255 80 152 26 249 0 55 144 0 255
    221 105 3 28 255 255 208 228 122 255 11 0 92 0 255 197 244 255 188
    194 255 0 255 168 10 255 101 118 0 40 199 106 255 224 94 242 34 182
    0 255 78 0 255 255 188 150 43 50 255 255 0 255 255 138 36 25 0 11
    143 0 0 203 159 0 224 77 0 165 0 105 153 48 123 211 171 237 192 89 0
    102 0 173 255 189 15 170 207 186 180 0 0 160 196 0 255 255 238 255
    106 0 177 0 255 255 158 161 60 255 60 87 122 20 178 137 0 0 0 162 47
    90 255 186 161 209 118 0 0 255 206 141 60 17 255 83 104 0 250 191 0
    0 255 2 97 0 255 255 0 255 192 232 0 255 69 117 217 61 77 239 255
    186 181 10 179 72 234 14 144 52 167 255 255 172 0 253 249 255 4 190
    0 152 79 0 46 0 255 129 212 255 255 0 106 0 63 255 193 255 0 74 255
    255 104 255 255 98 181 219 255 0 203 27 112 253 19 92 177 60 32 92
    125 119 255 167 255 129 37 255 40 34 112 158 255 76 149 79 7 80 154
    0 38 132 116 207 0 47 85 255 0 255 88 183 0 255 122 221 249 0 112 0
    0 0 255 123 132 244 255 70 0 18 255 40 255 255 255 204 19 233 247 21
    203 58 0 255 17 42 141 0 213 247 0 26 187 0 75 80 172 22 255 27 6
    238 41 10 209 199 0 0 255 0 40 255 246 59 129 30 157 0 126 127 0 0
    17 0 127 238 196 204 255 255 255 255 128 104 124 72 49 0 112 255 255
    114 76 255 54 229 255 18 255 255 173 0 25 0 76 255 255 240 105 255 0
    90 161 221 172 233 255 156 179 168 255 160 0 255 67 195 0 251 255
    117 141 150 115 96 6 74 71 37 102 151 153 255 0 255 38 31 100 217
    255 251 0 19 152 217 75 135 255 255 121 151 255 217 228 83 105 76
    255 34 98 161 86 0 0 136 0 0 9 0 87 123 0 197 56 26 0 194 0 153 58
    255 0 0 255 222 147 32 255 180 255 94 4 148 103 51 54 151 255 0 114
    10 60 255 6 162 66 146 128 166 13 232 84 0 173 62 255 200 73 249 0
    231 255 0 255 0 255 64 255 255 154 255 166 222 145 248 255 162 18
    163 255 0 71 255 113 44 0 255 185 91 172 0 199 255 122 124 10 255
    255 201 255 0 80 0 0 255 0 135 109 0 152 255 110 119 199 181 0 243
    190 0 44 255 0 212 108 41 118 155 0 247 80 73 83 160 196 23 169 37
    92 255 255 64 244 189 0 0 49 112 0 209 0 255 11 0 255 196 0 255 205
    171 0 140 255 120 200 255 243 102 127 84 0 38 8 0 255 255 68 15 17
    255 207 209 233 160 154 255 159 149 187 231 168 0 237 255 185 172
    255 255 163 127 211 0 132 127 45 0 209 30 225 255 87 255 36 0 170 0
    84 230 14 0 255 255 157 255 255 153 165 0 0 0 139 15 92 255 255 0
    226 167 27 0 0 255 73 142 207 255 183 30 199 255 205 171 136 229 103
    255 0 255 255 99 31 255 255 0 151 7 255 153 255 0 78 248 255 0 254 0
    177 2 60 255 255 213 43 255 255 11 57 18 72 255 0 47 194 45 0 216 79
    255 38 199 120 32 0 255 255 255 0 169 255 193 43 80 72 254 163 0 43
    58 255 86 255 87 58 255 206 14 15 251 82 255 164 20 255 92 0 67 162
    255 222 200 0 241 8 30 233 0 243 47 0 138 41 186 0 50 0 136 232 209
    0 247 255 255 130 163 0 191 255 255 0 201 183 34 231 255 0 76 33 255
    86 0 57 214 52 255 102 26 255 0 98 255 36 100 121 255 179 2 4 255
    224 212 89 25 29 107 247 255 116 224 64 152 255 163 255 167 180 4
    100 100 147 255 0 165 123 48 255 255 252 85 255 0 0 15 72 255 47 23
    0 156 0 70 0 2 255 0 0 255 231 137 255 255 255 255 255 132 97 0 198
    49 21 255 0 204 159 0 81 226 255 1 0 57 162 224 255 255 43 18 7 43
    14 255 155 168 66 0 125 0 182 0 29 0 163 255 97 255 185 255 255 255
    0 10 136 0 83 255 153 255 98 0 255 255 202 67 118 135 226 93 170 148
    41 255 0 96 128 167 96 147 205 170 255 81 165 131 112 0 108 214 255
    208 0 127 84 117 0 185 197 45 255 137 158 118 0 168 155 138 16 255
    255 10 0 22 255 101 0 255 199 149 230 255 130 0 16 0 229 46 60 36
    241 238 144 255 207 0 255 152 40 155 8 14 7 30 0 255 255 255 0 30
    206 0 0 0 43 135 32 53 145 0 238 87 183 182 99 217 30 70 0 131 60
    255 0 36 155 4 33 143 255 25 141 199 255 251 28 255 0 169 89 159 28
    17 0 21 29 243 255 111 255 172 255 255 112 40 191 30 37 0 0 255 18
    162 255 0 23 247 121 159 126 174 0 255 43 0 91 94 143 65 228 255 255
    207 0 67 179 53 155 154 10 0 207 255 255 255 0 0 255 109 130 207 255
    152 102 203 0 255 253 0 91 244 93 36 233 30 99 230 164 86 95 0 84 0
    2 0 255 253 0 226 27 11 121 171 0 255 234 69 75 143 180 194 203 255
    205 50 198 173 203 115 255 44 64 255 154 186 55 198 205 128 249 233
    18 228 255 0 40 255 255 0 81 255 255 0 0 12 190 0 0 0 255 199 0 239
    0 0 150 0 207 26 249 176 255 62 236 0 71 251 60 0 226 0 75 11 0 255
    117 255 255 0 255 196 194 190 77 0 200 66 255 0 0 226 206 0 187 68
    142 79 137 102 78 0 211 56 243 163 0 243 6 0 255 238 108 27 255 97
    255 130 21 4 255 233 39 31 41 0 255 4 17 159 82 160 132 255 91 75
    255 79 80 62 10 60 123 40 255 114 223 255 202 4 0 177 46 12 0 181 2
    255 192 0 219 213 126 250 225 25 255 0 115 132 255 233 0 255 255 63
    172 0 0 137 219 0 255 188 152 255 255 4 255 255 255 0 255 255 191
    251 59 255 178 81 116 33 0 255 255 124 108 139 129 144 255 210 180
    191 69 255 0 130 0 255 255 255 0 255 43 15 255 20 18 155 38 0 0 254
    0 161 147 255 0 96 13 241 0 160 255 43 17 73 97 0 34 255 224 148 255
    23 128 18 0 243 0 140 229 255 0 137 83 0 230 255 255 176 0 97 0 109
    229 136 47 0 215 141 255 233 26 52 117 0 105 0 18 194 6 255 255 48
    113 0 102 143 56 0 141 113 0 0 255 119 0 219 255 255 0 255 128 194
    255 131 0 255 80 0 197 55 0 240 134 36 213 0 207 28 115 214 113 119
    189 0 0 243 208 0 0 213 255 81 33 156 176 251 255 20 133 255 0 255
    122 0 47 249 162 163 75 137 74 255 198 138 104 109 5 0 103 217 219
    135 255 0 3 255 255 0 255 173 255 99 187 252 208 0 255 29 177 208 69
    49 255 0 0 190 255 255 105 255 115 132 24 0 59 216 0 183 139 27 255
    233 0 177 200 139 255 255 180 0 56 255 3 170 0 94 197 0 0 0 126 0 0
    159 0 0 255 120 178 24 255 44 119 255 253 135 255 48 198 0 255 90
    251 0 203 255 16 0 239 206 159 229 65 192 254 56 33 255 230 94 0 28
    146 30 0 0 176 255 208 0 255 42 255 145 255 157 106 255 0 151 230
    252 150 255 255 196 16 106 171 255 160 120 67 208 17 65 78 0 127 154
    233 235 29 225 73 168 104 255 188 182 64 73 185 0 0 255 132 255 0
    198 255 89 0 163 163 151 0 255 255 205 253 112 126 1 80 54 122 179 0
    38 208 4 167 221 21 255 0 0 3 0 0 13 43 165 244 136 19 87 0 0 255 0
    0 10 255 102 151 255 214 255 52 255 149 0 132 2 0 0 251 0 170 160 0
    0 173 21 77 0 194 255 202 136 172 169 255 255 87 255 67 8 255 144
    253 248 127 255 83 214 179 130 124 142 214 19 177 255 60 186 255 39
    0 255 0 255 255 104 255 27 117 0 0 0 89 194 0 0 0 86 0 51 56 53 255
    93 203 145 45 96 0 29 0 159 0 255 98 101 82 85 164 0 149 50 255 24
    255 255 158 197 0 0 19 141 63 0 255 205 0 78 255 149 29 135 198 0
    141 97 176 99 0 255 255 0 46 174 57 255 255 5 190 0 32 169 255 227 0
    255 0 99 116 0 43 0 0 255 255 164 97 0 115 255 50 200 59 164 90 238
    198 255 255 124 199 15 52 163 252 0 0 188 255 140 91 255 180 255 77
    255 164 132 0 5 152 78 255 159 147 0 0 255 173 51 255 54 0 255 30 30
    94 62 218 14 0 11 255 16 244 0 255 13 142 0 237 255 0 79 60 19 0 131
    255 0 255 255 51 166 0 255 255 147 99 11 167 138 139 114 255 255 167
    255 113 101 255 167 255 129 255 227 255 158 77 97 255 0 29 0 162 75
    255 51 255 80 0 255 127 0 94 0 0 255 85 255 44 241 52 155 0 255 11
    214 30 249 115 83 19 0 0 255 255 127 19 172 255 43 255 255 132 0 201
    250 220 113 141 90 99 186 211 0 0 125 255 255 255 89 0 151 0 255 255
    255 150 251 210 36 86 0 202 21 184 255 208 83 60 207 170 157 255 255
    35 139 232 0 205 62 0 4 58 138 87 0 80 0 0 154 178 255 0 181 16 0
    255 138 161 35 0 82 44 125 254 255 43 0 210 255 111 0 84 255 8 239 0
    161 138 174 27 139 139 134 0 38 179 221 126 255 113 42 236 255 62
    255 166 223 81 0 255 255 0 0 161 132 255 255 3 0 10 255 187 8 0 88
    77 167 0 107 45 190 3 4 149 0 59 255 255 255 96 43 129 143 255 0 255
    0 144 150 0 19 189 0 220 0 0 249 202 255 164 249 0 212 192 60 0 255
    197 0 255 106 0 176 237 108 255 18 24 255 235 20 191 0 0 0 229 86 0
    252 255 136 158 255 255 146 0 0 137 52 255 255 125 110 0 0 17 224
    153 0 255 232 45 182 158 231 60 232 172 3 180 0 97 83 0 168 157 208
    213 54 227 139 88 196 0 0 249 178 0 118 131 0 237 125 228 124 239
    113 138 92 255 84 255 254 218 116 126 130 0 151 232 214 45 10 0 200
    38 0 100 255 0 0 80 159 255 255 90 255 0 216 129 75 255 35 238 0 233
    194 63 226 15 226 255 119 255 38 158 192 0 255 255 191 255 0 70 42
    255 9 91 47 139 2 115 255 224 236 149 0 94 75 165 106 255 84 176 13
    71 239 102 255 255 32 198 5 227 138 255 255 255 161 255 11 149 255
    44 50 0 0 0 0 255 108 0 255 31 189 27 255 114 145 131 119 255 92 255
    106 0 255 0 255 51 160 145 255 86 117 0 107 32 141 255 0 228 255 255
    255 255 105 191 0 0 0 0 70 0 236 87 94 60 39 19 255 207 59 9 0 79 0
    187 157 161 207 255 45 0 63 4 255 22 215 0 157 155 96 23 161 214 123
    151 228 234 169 131 255 67 9 119 82 221 212 255 26 255 179 255 169
    199 158 56 191 0 255 33 7 155 138 243 91 0 0 214 253 0 36 0 54 113
    143 0 0 114 0 255 236 255 42 29 214 73 255 54 149 0 0 215 157 255
    190 149 185 0 93 77 127 18 231 0 21 255 0 40 255 73 252 138 168 174
    181 86 240 191 118 199 164 10 255 0 113 0 255 243 108 255 46 0 208
    63 0 255 255 159 255 117 0 225 0 102 130 176 64 107 109 87 255 20
    140 255 114 131 41 222 22 87 81 0 239 224 0 164 204 0 60 255 0 0 49
    0 248 0 108 97 255 76 189 255 203 105 255 0 127 108 22 152 255 246
    163 45 255 85 173 153 152 255 79 204 208 105 0 53 95 237 211 35 43
    255 121 38 255 0 255 30 255 184 156 159 37 110 0 95 49 0 255 153 0
    86 201 255 211 61 255 255 13 176 84 247 106 255 51 148 115 255 217
    149 230 111 91 253 255 157 0 0 202 0 74 25 153 184 53 255 12 228 229
    241 29 114 255 0 107 24 0 0 0 0 0 178 202 216 232 6 107 194 96 246
    255 102 12 26 70 0 68 146 28 0 35 255 99 224 0 180 139 0 83 107 0 0
    0 241 224 0 127 180 255 27 173 120 5 255 60 110 217 83 162 198 241
    196 0 59 255 237 226 255 251 150 255 255 239 255 255 255 255 204 3
    164 53 43 6 165 220 212 34 62 255 0 21 7 154 255 0 117 205 0 0 255
    255 44 255 177 169 255 121 0 0 146 255 169 255 204 205 255 255 145
    210 160 109 141 0 247 119 245 255 106 233 243 0 124 255 0 4 11 88 43
    209 255 0 0 0 137 81 123 168 255 169 255 62 92 0 0 0 255 232 77 114
    255 255 255 183 152 77 0 176 255 29 96 0 23 39 255 56 119 153 160
    184 246 154 0 0 0 175 46 255 226 0 0 221 32 0 255 82 100 38 0 0 149
    89 249 27 207 61 255 155 112 255 255 0 154 0 0 96 234 152 0 47 0 126
    252 125 138 42 244 5 226 255 208 255 102 255 255 0 0 255 210 67 255
    255 207 134 0 149 136 255 134 255 144 0 0 52 0 255 255 216 68 0 219
    96 133 205 157 255 0 0 48 56 0 65 224 0 255 255 216 255 0 255 255 0
    222 188 144 97 255 56 75 214 122 0 138 227 154 231 75 120 0 114 47 0
    0 0 96 0 155 227 0 134 43 255 255 223 137 255 255 126 219 143 0 168
    48 213 140 122 0 0 214 251 171 0 0 217 144 255 18 255 0 255 109 103
    255 0 227 226 75 226 158 0 0 0 139 0 167 190 255 95 120 0 255 0 255
    9 0 18 162 138 27 207 255 186 0 75 21 0 181 0 54 185 220 222 126 86
    95 47 0 121 188 255 16 0 228 199 77 255 255 157 120 127 234 255 0 0
    138 147 0 0 165 0 175 13 255 135 255 0 255 255 255 93 117 0 227 91 0
    41 51 255 135 0 0 220 111 0 0 180 19 148 255 152 164 255 196 0 197
    114 52 255 212 0 134 100 165 0 52 255 64 76 255 30 77 225 255 219 54
    228 255 155 62 255 168 117 218 255 255 77 255 255 175 195 255 222
    171 249 0 255 196 140 243 103 255 0 49 160 212 227 175 249 132 76 0
    206 255 5 188 226 241 148 164 255 0 248 0 0 57 255 142 141 0 0 0 159
    0 255 255 5 42 157 168 31 255 255 62 255 96 141 0 98 83 83 0 0 203
    184 0 100 226 135 255 189 85 60 0 255 255 67 108 115 255 37 0 89 9 0
    27 255 126 51 0 168 196 0 156 65 0 0 81 255 0 92 242 233 0 0 211 10
    3 77 0 0 3 255 0 255 255 204 0 20 0 0 210 0 255 0 0 235 165 69 157
    162 0 68 93 167 0 156 109 215 55 200 248 255 195 255 0 0 159 0 12 0
    0 0 21 3 41 255 75 132 255 181 246 218 255 0 120 46 255 238 157 0 54
    255 228 14 182 255 214 255 255 154 119 203 249 201 0 255 100 255 164
    160 0 0 0 131 185 183 56 79 173 35 0 25 11 0 42 0 16 6 172 0 0 142
    111 255 142 255 27 244 255 255 94 34 255 214 220 0 255 255 44 215 0
    7 169 11 255 139 0 170 0 0 77 208 218 230 177 79 255 197 255 0 7 86
    156 0 15 251 10 105 255 172 177 63 255 199 170 156 69 0 255 56 116
    255 11 205 140 0 121 0 133 255 58 1 0 52 244 0 0 24 255 255 152 204
    170 183 0 0 255 0 205 166 255 255 255 129 177 91 59 55 63 252 31 160
    204 174 99 223 105 187 125 135 255 19 202 0 175 16 21 0 243 0 245
    255 194 255 251 23 76 0 102 17 255 85 0 166 190 73 34 130 255 178
    251 118 0 255 255 0 255 89 255 81 213 0 255 42 255 255 149 22 91 139
    8 225 255 228 255 0 255 70 255 159 255 0 54 0 196 222 0 3 255 99 255
    39 65 255 0 0 160 37 151 92 193 0 255 255 0 12 168 0 175 0 210 195 0
    120 125 219 58 153 233 48 212 41 148 0 150 123 61 255 115 255 24 250
    4 30 126 0 110 16 255 14 22 222 215 137 0 41 49 0 0 188 253 255 255
    153 0 255 255 255 240 1 216 0 232 255 255 130 9 227 255 229 177 172
    255 162 0 236 9 148 0 134 247 177 189 161 0 255 255 61 246 192 190
    55 59 150 216 255 77 197 222 212 76 255 255 89 245 199 83 203 18 255
    203 255 56 70 6 36 255 240 255 0 2 159 134 0 255 198 27 72 0 13 255
    255 32 99 151 73 255 200 110 54 96 24 0 103 133 0 170 3 227 0 30 0
    211 192 255 255 0 20 164 107 28 0 41 70 142 5 119 114 132 255 102
    225 81 226 255 200 66 236 255 84 0 255 80 181 72 193 144 193 255 100
    88 255 0 255 255 0 187 255 246 112 198 94 0 0 222 36 0 170 132 30
    255 140 133 94 217 185 255 255 71 0 255 51 255 255 255 164 255 154
    164 255 0 255 177 0 57 0 0 0 255 45 237 62 47 90 255 0 207 0 90 254
    0 178 224 210 0 187 0 121 0 12 22 76 0 109 255 3 246 1 0 255 167 9
    198 0 254 69 255 8 255 255 98 140 27 105 55 207 237 0 0 0 0 61 0 255
    19 255 191 243 74 0 240 22 230 0 0 129 139 209 185 31 250 255 0 205
    177 255 182 83 0 255 38 0 0 0 77 124 0 202 0 123 84 137 58 0 18 41
    203 0 139 255 0 162 29 176 145 65 255 28 0 153 203 0 80 255 72 255
    231 255 255 255 56 31 0 255 0 0 1 27 255 153 0 148 0 222 226 158 229
    241 82 133 128 255 255 170 120 190 161 30 213 255 13 1 255 227 255
    54 76 255 100 0 65 171 235 216 255 0 122 0 192 129 0 159 33 80 213
    197 255 62 6 0 50 86 255 179 0 12 115 165 150 0 0 116 137 0 130 126
    30 113 217 255 143 128 255 255 255 97 254 7 196 0 244 255 253 0 72
    89 32 0 150 238 225 130 255 255 0 84 255 255 244 0 0 239 162 42 179
    216 91 107 218 230 129 227 255 199 233 0 255 203 149 47 3 49 196 6
    147 111 124 205 116 255 2 255 92 0 255 0 251 0 109 104 199 56 0 96
    92 29 243 119 0 255 0 255 19 123 45 0 253 0 88 224 162 255 87 0 81
    74 255 0 114 46 220 255 17 98 34 238 90 255 211 255 0 191 0 255 0 4
    255 11 199 183 151 48 143 83 251 95 239 55 255 57 79 174 255 182 186
    255 0 255 18 138 255 134 136 79 91 223 8 82 66 164 203 255 197 180
    86 243 137 0 179 65 163 139 36 77 24 102 106 148 75 255 13 229 159
    166 162 0 114 0 200 121 0 134 0 96 0 104 0 138 0 31 35 189 0 126 106
    0 255 0 154 255 0 57 141 85 0 64 41 131 129 66 77 255 255 255 46 190
    131 59 220 163 86 0 126 255 82 9 255 239 178 193 255 187 255 255 182
    227 207 180 101 0 137 110 80 255 118 19 216 151 185 0 90 151 94 255
    30 170 156 0 98 0 9 0 159 147 29 204 58 84 64 189 0 0 0 0 128 220
    244 125 219 221 253 76 104 77 153 0 0 35 0 0 5 244 231 85 0 173 121
    255 196 103 35 255 255 253 255 147 255 211 255 44 0 0 229 0 223 255
    255 255 255 97 200 0 0 50 41 0 255 219 99 0 2 224 56 43 196 153 46
    245 126 255 182 0 222 151 214 59 103 214 229 0 60 0 0 92 129 239 254
    0 255 1 49 139 201 222 183 95 0 133 0 245 166 0 0 1 191 87 168 255
    80 206 108 150 169 192 255 218 246 182 255 0 173 82 192 255 34 68 38
    255 40 98 165 0 255 219 255 177 216 248 153 255 182 127 10 255 197
    180 0 168 19 12 0 233 33 0 84 255 0 172 0 127 61 71 133 68 170 152
    158 255 250 127 197 0 56 255 20 90 255 0 0 0 79 135 230 255 65 40 12
    16 137 255 98 53 220 177 213 176 84 44 0 255 103 230 84 95 83 245 0
    140 54 0 0 182 0 146 171 132 118 0 117 255 113 192 154 67 0 0 17 78
    215 180 89 0 254 221 215 0 93 170 33 145 0 255 70 0 255 0 0 0 219
    110 0 28 255 64 255 0 236 182 0 182 0 0 217 199 255 94 255 255 235
    72 0 31 129 225 230 0 0 0 0 112 0 48 255 44 255 255 101 255 0 255 95
    185 0 205 33 222 17 249 255 27 173 37 222 148 0 98 72 86 0 255 115
    255 41 0 216 206 0 255 72 71 102 58 255 0 255 71 254 177 255 68 42
    120 19 0 151 0 255 255 234 1 40 255 247 82 188 238 233 255 119 10 0
    41 128 0 0 251 103 0 0 121 225 52 236 255 40 157 0 173 0 177 133 39
    0 255 61 182 168 236 0 255 52 140 120 255 154 154 38 51 124 0 242 0
    225 226 19 204 226 15 202 164 163 58 0 255 76 0 59 145 91 151 255
    255 40 0 255 169 0 0 224 0 0 136 244 0 0 255 21 195 0 236 81 156 190
    0 50 7 255 0 202 237 126 0 0 239 245 0 255 122 97 230 53 181 225 0 0
    239 37 255 64 3 198 255 255 234 155 129 176 92 255 0 79 80 0 209 200
    61 105 0 109 255 122 170 80 255 111 255 255 159 189 35 13 239 117 88
    0 255 23 0 255 0 202 101 217 18 229 79 255 255 197 96 131 62 251 255
    236 233 0 178 255 143 165 0 0 2 90 79 162 10 155 0 255 0 84 168 0
    185 211 255 255 115 92 149 255 255 113 237 103 110 0 255 255 255 23
    194 146 110 92 13 255 0 180 172 255 0 240 255 255 0 5 70 0 0 255 147
    50 255 255 0 255 24 0 0 176 22 0 255 109 241 0 234 0 112 9 81 0 255
    0 103 217 197 85 232 255 255 0 153 0 255 208 255 0 255 20 196 0 138
    121 0 222 246 85 0 255 106 255 255 40 0 127 0 102 255 0 255 255 0 19
    175 0 0 3 96 0 125 44 192 0 219 42 255 255 231 255 0 255 141 152 255
    255 61 255 100 45 95 108 4 188 71 217 67 0 255 254 218 255 255 82
    154 255 59 170 247 0 0 255 255 0 229 193 214 154 0 255 197 0 224 255
    203 29 219 173 255 120 9 0 0 255 0 130 162 10 40 114 255 49 118 255
    233 23 76 181 169 235 0 203 167 20 11 127 38 0 255 245 173 22 255 55
    161 94 86 91 0 114 23 170 0 37 84 47 222 100 0 232 69 179 255 67 218
    0 84 216 157 203 148 50 255 246 255 255 18 0 255 131 83 0 255 70 204
    0 45 0 38 252 246 76 255 0 0 229 241 31 255 255 128 96 0 107 225 165
    192 94 255 20 102 96 85 255 255 0 64 242 90 255 255 255 24 11 179 0
    0 255 0 0 213 15 87 255 255 239 255 177 255 177 131 35 109 88 95 212
    70 184 97 255 255 4 147 211 0 255 241 140 83 218 255 255 48 255 220
    26 0 43 0 4 255 255 26 115 52 0 0 54 66 62 13 151 43 148 14 248 159
    0 186 116 133 0 76 155 249 0 146 255 255 76 212 234 0 125 5 59 137 0
    192 130 111 151 0 189 89 91 161 255 255 0 194 24 255 0 0 0 236 255 0
    0 255 229 255 0 36 228 0 255 255 156 194 22 91 255 0 138 237 241 255
    0 175 187 103 0 128 255 232 0 65 255 255 92 9 255 0 115 10 157 36
    255 0 76 220 0 0 181 163 254 210 46 114 146 5 160 244 50 243 97 255
    186 255 118 120 238 95 0 4 0 57 255 198 0 166 176 255 158 178 209
    174 165 0 68 52 211 1 86 59 226 0 115 93 70 191 52 233 80 255 0 255
    141 121 249 191 0 255 24 0 216 255 109 107 68 0 140 0 78 0 203 255
    148 68 0 178 211 255 160 255 205 213 172 255 87 21 110 0 255 0 54
    229 20 10 199 0 251 102 159 255 155 111 117 0 114 102 255 205 255 33
    168 0 255 0 18 179 255 244 55 10 255 206 251 0 22 27 178 41 0 234 0
    23 0 50 53 0 115 133 255 109 100 96 48 128 255 212 0 141 0 62 190
    255 233 255 200 211 175 29 98 0 255 228 0 249 153 255 109 35 223 95
    62 225 0 215 41 230 22 136 0 255 13 0 255 0 36 229 255 22 0 255 0 36
    8 96 255 60 249 149 182 214 0 46 255 122 53 255 0 0 255 152 255 17
    255 255 209 255 80 132 210 0 0 0 0 207 204 233 11 36 143 83 255 130
    129 3 208 255 52 81 9 168 223 0 252 255 255 143 255 243 99 255 115 0
    179 30 187 114 0 255 193 58 255 235 255 255 247 213 217 29 24 174 56
    28 94 112 255 0 210 79 255 201 22 255 142 176 168 136 255 255 21 0 2
    184 183 177 231 255 255 46 121 185 50 160 167 255 0 164 112 166 255
    142 40 0 1 255 121 190 0 36 255 0 110 34 44 230 87 118 255 63 196
    217 153 255 255 141 0 255 54 124 147 0 191 255 150 0 0 18 203 110
    199 63 63 184 255 140 171 255 0 177 47 255 255 0 156 0 64 103 127 0
    216 213 0 153 218 255 0 0 255 196 0 234 0 255 150 31 83 189 232 255
    121 188 53 37 0 104 135 95 0 231 255 144 164 255 50 200 253 24 0 255
    255 61 34 0 0 26 0 124 146 44 215 255 0 0 212 255 186 188 123 255 70
    12 155 255 152 255 44 115 158 0 255 104 0 203 164 117 0 152 71 0 242
    0 254 95 80 20 94 248 182 126 201 62 144 169 42 255 131 255 87 0 160
    159 0 129 255 0 41 136 186 180 0 97 37 82 222 255 211 180 255 0 250
    255 29 123 215 215 0 167 0 255 0 77 255 3 0 164 255 0 84 204 20 0 43
    125 0 236 32 51 1 0 255 0 120 207 144 255 255 195 35 0 0 255 0 179
    168 0 206 255 0 14 217 255 255 255 255 0 0 72 198 255 97 255 17 8
    255 255 160 191 0 176 255 0 255 12 255 0 255 255 202 112 0 78 131
    225 0 162 255 33 0 60 255 30 192 120 231 255 0 13 177 144 0 255 255
    247 30 29 15 255 159 96 0 224 118 0 216 239 0 12 255 54 255 178 253
    109 0 202 50 255 0 102 184 85 125 54 178 79 0 74 0 0 7 0 0 53 89 18
    66 153 42 255 212 255 255 255 166 23 0 0 0 46 71 243 255 206 255 209
    25 0 0 0 161 135 222 8 173 0 255 255 0 88 255 119 79 78 15 255 53
    255 255 163 10 237 254 207 103 0 255 56 223 255 118 0 0 216 210 171
    62 255 0 69 223 246 241 235 141 139 103 249 111 255 245 255 249 159
    255 138 235 0 48 106 0 95 157 253 149 255 0 105 133 255 115 154 15
    27 5 28 198 201 255 255 0 29 0 216 47 158 156 166 220 143 115 125
    255 40 255 0 255 125 238 111 106 0 39 112 100 1 0 245 68 0 206 246
    255 0 12 255 109 91 68 207 71 184 111 0 194 238 81 226 0 188 190 255
    255 179 104 132 255 255 100 165 29 255 0 255 133 0 203 0 202 71 24
    129 143 38 0 0 255 0 235 37 153 191 203 0 0 0 0 85 255 255 1 255 158
    147 99 204 68 0 255 246 95 98 98 0 24 220 255 114 53 0 251 24 76 0
    189 240 37 255 255 60 255 166 33 46 111 203 68 54 255 255 15 163 181
    152 30 220 83 0 41 0 0 121 235 243 3 189 0 0 190 197 245 255 255 78
    148 242 154 0 255 0 255 1 180 255 255 23 0 123 94 112 104 50 0 37 62
    0 0 84 178 255 145 0 255 255 5 255 231 0 102 158 214 184 130 185 249
    176 3 43 255 255 255 0 209 242 133 205 62 109 147 200 0 131 105 255
    113 191 0 255 0 54 255 174 81 255 49 128 239 0 63 255 0 0 255 50 0
    74 226 90 106 67 0 255 255 255 213 5 232 255 255 182 197 248 164 255
    16 34 255 41 247 0 0 161 146 78 108 255 0 99 131 0 226 164 62 154 98
    255 9 147 255 148 170 255 0 0 214 140 88 95 124 161 255 140 40 34
    213 0 246 59 255 54 24 5 102 180 0 62 114 255 26 87 8 2 29 255 0 0
    255 128 133 64 232 119 235 161 204 255 255 31 0 0 0 139 161 0 67 159
    172 20 113 87 85 57 137 0 255 117 66 36 0 134 172 0 126 76 189 179
    62 76 0 186 232 96 142 143 143 255 204 255 191 252 0 97 173 113 244
    255 157 255 0 0 134 52 255 6 255 0 225 47 46 69 59 165 255 0 43 166
    156 239 221 61 83 38 255 255 202 196 0 137 20 198 241 196 225 112 10
    175 0 105 107 243 208 142 255 255 0 124 107 82 78 88 151 159 0 241
    239 29 255 0 141 138 0 46 58 34 11 203 255 34 213 255 218 108 208 85
    100 0 0 0 255 198 169 23 99 173 0 195 1 0 151 40 0 134 0 255 124 255
    255 255 40 246 255 255 182 251 251 85 0 0 241 255 194 203 27 3 48
    209 255 100 255 101 211 99 0 188 0 255 124 255 255 25 18 46 118 110
    121 202 69 239 255 0 215 240 113 255 163 18 255 0 147 136 255 87 100
    166 76 134 146 249 50 153 0 244 55 159 76 255 0 2 157 114 196 255 97
    240 255 196 22 255 129 255 41 0 255 146 134 188 88 178 122 255 0 165
    255 53 137 103 126 255 38 0 60 174 0 255 133 207 15 255 24 0 220 64
    58 202 81 221 253 205 255 0 237 108 255 168 255 254 20 255 193 255
    68 255 34 0 121 72 15 146 3 159 169 255 198 29 201 240 255 0 167 25
    255 195 45 82 255 0 255 64 134 157 233 201 179 0 81 255 0 255 0 177
    0 183 0 156 251 0 14 241 255 62 218 255 94 35 85 170 194 0 39 112 0
    229 11 0 255 255 188 98 0 0 162 0 255 157 130 230 95 128 45 133 0 0
    181 10 0 87 124 114 255 117 21 143 255 255 212 112 255 51 183 210 0
    224 0 255 0 255 108 0 236 190 78 255 0 107 255 0 0 0 191 42 126 100
    230 74 255 68 207 30 25 52 0 159 45 255 0 11 242 36 49 0 255 204 255
    236 255 0 13 84 0 38 182 177 251 174 255 6 122 59 99 85 77 14 226 0
    255 55 130 156 109 27 255 122 255 116 255 124 100 26 177 0 118 112
    45 0 0 72 255 212 191 253 163 140 190 244 223 38 0 0 0 64 20 181 104
    255 195 38 152 179 235 146 255 42 169 24 127 183 71 255 0 0 255 233
    61 185 118 255 153 0 21 255 0 255 155 0 226 21 235 95 63 150 0 0 255
    241 230 191 255 98 0 191 0 123 200 255 71 208 255 255 0 74 204 0 231
    255 176 43 13 96 37 116 172 7 164 61 83 255 133 0 221 255 110 0 113
    255 0 137 255 6 255 0 255 45 0 202 255 255 85 49 72 225 64 0 0 166 0
    0 255 0 229 113 67 255 116 113 3 0 210 0 255 0 235 61 85 175 163 0 0
    0 255 229 66 255 51 255 189 166 0 210 158 0 255 217 0 115 211 0 0
    255 71 116 133 55 206 122 0 0 179 120 75 100 218 144 0 117 255 120
    218 255 255 95 103 255 61 255 153 167 136 255 0 255 0 81 45 93 130 0
    255 24 105 0 21 51 15 61 158 33 113 103 0 180 17 0 255 255 190 221
    255 255 29 88 182 159 141 0 255 202 255 123 0 20 210 67 233 0 87 255
    0 206 0 155 46 0 201 255 0 0 102 0 53 134 56 5 17 93 52 104 239 255
    151 123 2 0 11 0 115 255 0 0 62 222 0 18 0 4 136 10 134 0 193 255
    121 125 0 130 255 218 246 0 60 103 0 255 255 0 0 255 254 248 255 255
    0 255 255 50 188 0 49 14 102 160 226 255 45 0 188 20 0 0 94 254 255
    249 25 241 21 109 72 145 193 0 14 158 0 255 123 255 0 171 8 223 94
    255 255 120 255 146 183 90 11 255 169 0 202 0 86 104 0 170 83 81 10
    12 53 215 255 99 0 225 151 151 105 204 0 98 111 228 0 0 119 255 127
    46 121 75 142 255 79 0 243 62 255 85 0 255 0 12 48 88 46 91 150 144
    255 255 255 180 231 100 0 0 42 232 149 0 155 102 160 255 87 56 84
    255 50 11 114 185 255 227 255 51 255 40 255 129 235 0 171 192 71 0
    250 255 0 0 255 59 182 95 217 255 201 160 220 0 57 0 72 24 0 0 0 255
    91 255 255 0 255 0 31 35 4 255 0 255 95 167 255 129 97 160 68 44 73
    80 255 164 0 32 0 99 241 85 109 24 255 67 229 5 113 164 86 255 140
    207 255 90 255 255 0 166 0 255 90 193 220 98 0 62 0 101 240 255 219
    7 92 96 255 90 26 255 255 255 255 48 98 197 81 124 161 18 255 255
    146 255 0 0 41 200 186 255 0 206 117 197 52 195 255 0 5 21 129 74
    222 70 0 0 255 0 73 255 183 0 168 0 90 20 0 127 177 255 66 4 206 255
    57 10 0 216 47 0 52 105 136 75 0 0 0 244 212 169 255 0 0 210 205 177
    0 222 0 241 106 0 217 241 255 177 0 214 42 128 255 0 6 127 79 24 204
    255 248 157 174 0 90 162 132 182 77 84 0 0 161 216 255 255 255 255 0
    0 139 197 240 255 200 39 100 255 255 203 199 0 0 255 0 194 0 117 61
    0 24 255 0 150 248 255 255 136 0 90 0 0 0 89 255 101 184 242 6 255
    181 184 0 0 148 0 234 12 255 74 0 0 255 255 255 84 65 124 242 28 255
    0 46 255 0 228 255 255 85 255 37 0 0 0 116 15 255 0 0 162 41 120 255
    255 255 0 147 0 197 36 220 212 0 238 0 255 0 15 205 1 0 254 255 248
    75 0 118 172 255 34 7 255 82 111 1 255 90 238 0 255 189 168 218 168
    196 255 97 0 80 67 255 0 74 255 61 255 0 0 23 159 64 15 21 17 226 0
    255 190 106 0 91 82 255 42 49 122 0 255 0 255 77 0 0 218 255 223 119
    8 174 255 0 131 255 255 52 226 172 255 66 255 255 255 111 255 225
    255 0 6 0 221 214 220 206 81 218 0 0 255 0 5 151 35 0 162 255 255
    131 0 233 180 170 255 255 89 65 84 0 140 0 255 112 0 226 181 106 185
    117 237 243 175 131 47 155 253 128 174 32 112 169 202 255 0 239 46
    255 0 3 76 255 246 47 88 255 70 155 0 0 0 0 0 60 50 168 0 32 229 0
    49 74 13 214 0 0 0 0 255 226 11 0 0 0 103 0 0 135 255 150 216 252
    255 255 11 0 182 255 95 0 71 159 186 184 193 35 255 255 101 224 113
    17 255 255 189 23 255 40 255 189 255 64 76 255 236 102 15 81 255 171
    255 132 64 130 255 246 255 164 0 51 90 57 0 155 62 0 193 0 8 78 168
    225 40 0 0 0 255 135 5 105 18 53 255 145 95 0 0 255 255 255 0 85 19
    234 0 0 225 63 188 174 29 0 46 146 0 49 21 133 255 217 255 255 228
    255 13 0 155 255 40 79 92 255 41 31 255 16 34 77 0 179 243 0 64 179
    127 14 0 55 104 51 0 220 251 83 0 110 255 0 210 117 0 0 255 145 252
    0 255 251 51 163 88 212 139 153 231 12 0 0 255 180 197 159 151 43 0
    0 98 0 103 108 45 91 192 51 233 0 255 0 121 119 220 19 54 255 255 8
    194 223 173 162 70 255 180 103 0 95 69 255 255 139 0 255 29 74 218
    148 25 17 13 0 255 93 86 9 36 164 79 209 255 231 37 21 163 95 165 61
    91 255 73 255 0 131 255 19 0 101 197 149 207 242 123 250 63 0 0 120
    0 137 0 106 18 15 255 238 255 144 160 28 255 0 97 0 17 222 126 0 16
    120 206 255 206 67 97 57 114 255 176 242 117 242 252 242 108 65 151
    106 252 29 214 255 37 149 183 66 57 171 73 142 0 148 251 6 0 245 24
    71 8 0 158 169 255 255 212 30 0 100 88 22 115 0 177 79 238 76 23 136
    217 255 95 0 170 230 98 65 227 0 255 229 22 155 255 186 255 255 99
    255 239 109 255 30 127 0 255 255 214 119 90 93 98 255 0 67 255 107
    10 0 45 56 208 0 0 255 45 0 186 125 218 0 0 132 237 255 141 255 229
    0 243 0 15 4 255 145 0 0 255 0 209 0 0 0 0 29 125 255 4 30 149 255
    255 92 168 255 255 154 136 0 87 13 13 255 110 136 245 142 106 125
    143 48 48 210 157 0 0 0 255 255 0 118 36 0 129 251 90 120 179 0 83
    247 131 0 191 211 0 117 0 0 202 91 255 254 88 189 255 21 0 0 66 55
    235 211 92 132 0 255 0 17 255 255 255 90 59 0 158 137 66 99 0 103 0
    148 56 255 0 244 215 189 0 159 255 54 0 0 41 0 32 0 34 0 13 200 230
    0 0 143 50 255 135 0 77 255 188 150 112 255 0 0 58 105 186 211 185
    255 187 132 237 231 134 0 16 223 87 209 0 113 138 184 9 242 0 255
    225 98 106 11 199 209 255 80 201 62 167 148 69 255 254 4 255 205 227
    208 0 168 80 91 51 0 49 239 28 0 255 0 64 18 111 154 241 237 124 99
    31 255 0 2 3 247 112 0 89 232 98 32 49 0 0 0 188 255 0 81 74 65 246
    0 255 0 86 179 0 250 217 159 0 224 255 123 255 25 92 255 85 0 150
    255 121 255 21 0 119 27 0 159 0 3 20 166 255 0 255 202 203 255 0 20
    15 255 45 111 137 246 47 243 214 206 206 1 255 41 44 174 0 175 25
    255 4 110 0 126 35 218 107 255 255 37 255 48 227 255 48 255 142 0 0
    210 255 0 230 131 0 0 248 181 135 176 4 255 123 6 255 0 0 47 172 255
    74 34 255 203 255 16 0 255 0 0 0 190 118 208 255 56 8 214 255 255
    255 64 255 0 1 204 58 22 168 238 129 0 255 255 0 169 171 110 142 213
    202 255 0 0 47 0 123 255 87 95 109 186 95 206 255 113 187 246 0 19
    188 94 255 0 60 255 214 169 46 181 255 99 255 228 233 23 208 9 0 90
    255 132 255 255 255 0 255 255 66 255 41 6 199 246 255 8 255 0 136 0
    219 18 129 74 0 234 0 116 74 0 0 142 255 183 146 120 255 73 0 159
    255 138 105 0 72 212 189 206 246 0 99 0 236 27 0 0 255 0 180 99 255
    0 255 255 26 6 214 197 38 13 244 0 35 255 0 0 255 0 82 138 254 63
    255 255 0 171 46 60 91 251 255 161 79 213 71 214 241 61 248 30 191
    255 90 191 188 13 255 167 255 153 167 161 177 255 112 105 240 0 255
    39 0 250 255 0 255 0 219 1 24 11 255 0 198 206 255 0 255 255 209 92
    255 118 255 0 151 178 0 149 46 19 0 72 177 14 111 155 30 190 29 46
    19 0 0 153 102 0 218 107 0 0 116 183 177 110 255 232 174 255 102 255
    92 80 0 201 26 23 45 162 243 37 0 96 0 200 255 0 0 81 135 255 173
    224 184 0 225 0 56 54 255 12 0 134 229 106 85 255 185 27 81 0 25 102
    80 170 208 175 255 242 0 162 0 210 39 216 131 163 249 0 103 124 0
    113 0 255 0 255 108 122 0 255 0 180 145 32 255 96 0 213 0 0 211 95 0
    94 255 217 209 255 62 20 129 240 0 214 112 16 30 0 81 255 0 255 255
    49 255 255 209 0 255 0 85 207 0 62 231 5 255 146 255 0 0 255 149 238
    0 163 120 139 0 0 255 191 33 63 255 188 200 255 182 0 20 182 0 60
    108 150 22 50 255 255 161 128 0 195 200 0 11 161 77 0 11 10 139 167
    49 0 48 14 44 0 155 162 171 254 255 115 0 129 204 209 104 195 207 0
    177 181 255 255 255 93 125 0 55 0 142 30 55 248 255 16 0 114 255 80
    161 219 191 0 0 0 119 198 40 255 228 255 0 88 206 255 0 0 255 124 81
    255 200 255 11 42 158 89 119 215 255 255 243 243 29 255 35 61 0 183
    79 210 255 0 154 136 0 255 49 120 255 255 66 237 184 227 0 130 144
    116 0 177 0 255 112 162 99 179 255 16 199 227 163 160 29 96 255 0
    100 37 157 249 0 223 95 56 14 242 227 136 67 116 0 255 176 189 206
    255 255 219 255 37 159 0 98 255 32 130 0 0 0 171 113 15 0 151 65 63
    166 172 169 236 122 189 255 255 54 0 187 255 255 0 0 255 0 78 156
    255 2 56 22 160 155 255 242 255 69 255 255 253 101 151 193 224 255 1
    255 12 255 205 218 124 62 0 148 255 177 182 251 255 145 0 255 0 255
    255 241 0 0 0 118 178 0 0 190 250 13 0 255 89 246 174 38 197 27 69 0
    0 255 255 239 122 169 144 178 65 0 55 60 144 134 92 255 117 0 0 255
    0 228 236 172 255 234 149 49 36 0 7 181 161 206 53 163 27 0 46 126 0
    68 234 58 227 0 242 73 121 83 47 255 255 124 129 159 255 191 255 48
    193 219 146 160 255 255 100 166 35 176 69 0 0 86 54 9 57 193 0 255
    68 255 152 0 211 74 123 60 21 255 255 255 255 0 220 255 170 181 255
    8 166 0 206 207 242 0 143 94 78 188 95 65 8 93 0 0 86 0 76 61 255
    119 225 32 0 0 117 224 193 255 18 129 255 93 0 255 227 117 239 24
    255 106 170 0 255 0 255 89 255 114 86 255 0 255 255 175 64 131 176
    247 59 55 155 49 46 255 199 176 216 0 156 10 3 171 18 0 177 255 0
    153 203 0 0 44 215 182 44 88 19 59 142 0 86 196 97 0 17 169 45 254
    196 167 166 209 1 238 238 0 0 205 114 255 0 57 150 154 171 0 99 82
    88 123 112 111 19 255 83 255 10 211 177 0 235 132 0 0 23 224 0 20 0
    0 229 59 138 184 74 41 24 217 176 196 242 182 195 181 0 242 80 143 0
    215 186 255 0 206 5 0 255 216 255 250 30 32 51 0 17 158 208 89 169
    198 0 0 0 251 33 2 109 243 180 196 104 212 96 81 0 204 204 96 139 5
    0 229 0 0 0 242 0 50 0 255 68 26 255 243 78 255 173 0 0 158 0 0 189
    226 100 255 255 174 0 0 255 234 255 235 255 255 0 124 0 255 81 255
    252 255 255 130 0 138 255 255 37 85 209 228 171 154 146 243 3 255
    146 44 255 0 214 228 255 255 0 207 100 179 255 39 0 104 18 0 220 63
    109 255 84 0 0 176 15 147 132 255 121 101 255 223 46 71 251 8 255
    123 180 167 255 0 164 51 137 154 97 70 7 74 0 0 71 0 65 169 255 255
    226 37 172 255 109 171 179 255 255 124 169 180 69 181 158 255 160
    126 255 210 0 204 170 171 19 151 217 50 7 100 33 0 0 255 186 255 138
    0 255 18 160 0 83 15 255 255 204 0 255 197 34 61 104 0 247 74 142 49
    176 220 0 255 200 77 90 220 189 53 6 66 0 0 255 151 50 255 69 197 0
    50 13 0 255 255 0 193 247 0 16 255 8 115 63 0 214 0 255 101 255 255
    216 19 255 60 255 137 121 0 0 0 43 0 37 166 255 255 17 158 174 0 255
    255 255 139 50 183 255 0 168 255 53 255 214 49 160 53 0 165 227 0
    232 13 36 255 122 255 45 2 255 86 15 255 0 0 73 0 109 26 255 175 144
    133 175 82 0 129 0 68 55 0 0 164 108 0 255 255 239 48 92 246 54 162
    255 14 46 213 44 19 197 71 145 255 97 226 203 255 205 4 0 34 131 217
    119 215 0 25 78 25 255 17 40 0 0 62 255 0 31 195 145 0 255 255 255 0
    255 143 167 190 0 122 163 108 149 0 222 255 16 208 11 178 255 31 220
    255 211 1 92 181 173 104 254 60 245 255 190 65 0 225 41 255 0 255 0
    108 11 0 107 255 185 248 255 113 8 0 74 255 184 19 255 62 255 249
    158 255 255 0 98 97 215 142 230 74 255 255 179 239 247 0 255 74 201
    208 25 255 0 135 52 255 240 255 0 0 255 68 77 181 186 227 71 132 255
    199 23 215 219 204 203 88 255 255 211 255 226 255 241 0 0 255 255
    183 34 0 177 167 41 141 24 37 0 103 247 120 150 255 0 97 0 0 143 0
    255 131 106 182 72 177 255 255 47 245 255 0 0 255 186 8 115 14 255
    35 12 255 0 0 0 31 0 233 160 255 255 255 96 199 0 0 0 4 81 0 48 0 0
    3 0 135 255 255 255 91 172 72 4 202 255 49 50 0 207 96 136 246 84 0
    0 255 148 0 138 0 40 220 200 157 255 139 0 140 255 48 178 152 201 0
    255 30 113 23 229 251 225 11 68 118 184 4 0 234 255 183 0 210 0 3 0
    237 255 187 255 59 218 0 245 255 223 24 0 219 255 104 96 0 65 255 0
    130 173 112 213 5 3 147 0 197 57 0 155 255 125 0 138 147 0 255 0 113
    0 255 208 144 255 180 46 214 109 7 209 0 0 179 133 0 165 206 0 160
    51 0 192 0 0 255 7 54 138 255 17 0 242 252 255 23 0 255 64 107 33 0
    255 19 246 39 166 73 237 21 0 74 0 115 255 46 207 168 24 0 0 245 81
    124 136 255 255 0 160 162 255 20 255 191 188 198 255 0 16 255 0 159
    68 0 0 0 255 255 0 81 255 0 96 0 255 217 120 255 31 45 60 0 255 183
    114 165 249 204 46 210 243 0 0 88 0 0 112 131 157 255 101 0 149 255
    255 229 255 237 255 202 255 0 208 162 0 255 69 255 250 0 255 0 15 0
    43 245 113 183 113 110 0 105 177 0 215 0 233 17 0 0 0 209 79 182 0
    255 30 140 166 0 255 199 255 255 49 218 0 20 0 143 47 179 0 73 80
    190 0 111 255 208 108 223 116 163 186 255 100 0 190 228 255 0 179 49
    57 0 255 255 109 246 0 88 0 0 187 133 0 54 208 0 29 0 36 255 114 0
    58 242 11 101 224 255 62 204 0 209 127 0 255 255 0 53 255 255 221
    190 33 0 239 255 118 43 41 196 228 251 1 255 0 90 0 144 0 255 148
    255 0 0 0 149 119 126 234 176 170 196 201 35 106 170 109 167 189 255
    49 155 63 255 244 31 218 215 255 107 187 135 114 255 76 255 187 255
    255 183 89 84 0 139 212 0 190 0 155 90 43 255 0 236 255 7 115 0 50
    255 106 227 91 255 65 121 190 255 124 24 215 66 152 244 0 158 0 187
    255 75 255 11 31 59 86 255 255 84 63 0 32 0 146 255 255 0 201 197
    129 0 48 255 255 5 162 255 0 223 255 255 199 67 53 0 204 51 100 0
    246 255 136 0 255 255 255 158 252 255 37 126 180 223 255 90 0 0 78 0
    2 255 5 174 0 255 130 125 0 82 255 158 255 82 0 15 0 0 255 255 136
    243 99 117 255 53 228 201 0 219 235 255 0 225 253 21 74 68 149 101
    72 214 0 54 149 105 172 0 117 208 250 155 255 255 43 169 72 156 255
    0 0 255 0 255 189 188 255 149 160 86 255 0 255 193 39 255 251 118
    229 62 207 94 103 0 165 8 243 0 255 203 83 0 0 186 139 0 205 172 169
    53 32 0 39 15 255 86 81 0 255 0 221 255 248 182 168 3 239 147 220 8
    21 17 168 255 156 201 255 248 0 0 0 201 39 0 111 142 161 215 255 218
    255 117 240 125 255 255 131 255 172 166 255 136 0 0 160 12 99 153 0
    255 0 37 255 147 57 255 137 252 242 173 0 233 206 27 115 0 210 206
    92 249 64 128 105 255 0 2 255 255 160 154 94 52 219 155 169 235 255
    16 151 197 237 0 212 220 182 255 212 0 0 214 113 93 53 255 46 2 0
    255 26 207 255 26 42 255 186 157 0 130 0 215 236 255 255 56 122 255
    255 28 251 162 251 132 206 226 70 1 72 0 230 56 206 230 246 38 255
    176 245 153 255 0 116 211 230 33 125 0 255 240 34 185 233 40 0 45 53
    193 226 111 248 78 213 0 119 255 0 53 7 255 62 0 226 185 154 0 255 0
    255 117 0 255 0 79 255 209 132 60 151 0 195 255 172 172 255 0 213
    155 180 229 168 215 255 255 109 89 222 147 233 5 149 255 212 28 0
    162 33 0 0 65 255 13 243 0 255 255 0 255 167 255 255 16 78 55 133
    255 203 0 111 172 255 57 248 255 29 232 157 215 146 252 255 179 0
    160 0 0 255 0 36 170 167 192 89 208 161 255 255 0 85 186 255 183 143
    20 248 255 11 1 64 31 13 60 54 0 137 255 67 255 230 206 229 0 3 154
    254 42 205 0 186 177 139 255 255 255 199 222 255 255 224 0 140 249 0
    187 0 255 107 133 255 0 79 0 0 31 255 255 25 195 64 69 130 255 34
    255 158 140 0 163 255 0 139 255 5 190 127 37 51 236 255 78 89 176
    255 179 255 72 255 55 0 0 93 0 207 88 0 194 141 79 160 255 255 235 0
    81 255 171 30 0 0 41 0 152 168 255 205 99 192 0 45 0 68 0 35 221 55
    255 46 125 255 30 177 95 21 217 34 163 150 19 137 0 220 182 132 206
    53 23 215 0 0 1 255 255 196 26 22 0 10 241 255 255 30 0 212 0 87 173
    255 27 0 215 255 46 255 199 0 255 182 1 0 41 142 166 255 255 112 246
    255 180 0 57 230 255 0 189 197 65 41 83 0 0 86 47 104 0 0 0 0 7 97 9
    0 62 0 86 129 0 255 133 43 248 223 212 41 158 120 11 144 237 20 255
    255 26 255 46 255 224 157 0 242 255 210 144 255 155 185 133 166 0
    255 255 237 221 84 171 185 28 0 204 0 255 255 69 160 0 172 255 69 0
    194 241 195 0 78 176 204 169 206 159 151 255 0 81 80 133 255 134 229
    255 164 189 255 0 255 235 159 254 178 255 0 0 193 0 102 26 0 134 60
    255 58 216 255 250 1 134 81 161 0 78 244 0 205 255 255 163 170 229
    30 193 0 0 255 90 74 255 51 0 0 109 0 238 23 97 0 114 40 59 177 255
    255 255 77 255 0 255 255 40 116 93 252 93 0 228 189 0 0 94 255 226
    141 0 87 74 255 157 255 253 255 255 255 222 92 35 102 255 0 229 56
    255 5 255 47 166 0 249 255 255 255 126 207 146 73 22 250 0 255 100
    160 225 134 163 0 32 255 36 99 99 0 19 41 60 255 64 0 255 255 235 0
    246 223 177 255 88 218 5 0 255 111 255 230 199 255 0 255 255 225 236
    219 255 0 182 93 183 213 0 152 255 0 208 31 242 244 179 230 0 0 0
    255 136 93 90 0 158 255 255 0 55 32 255 225 209 255 10 63 168 77 95
    5 6 164 0 63 21 255 165 255 215 21 0 57 234 248 255 18 255 32 60 255
    80 255 165 111 255 0 159 33 128 0 0 196 255 205 0 233 118 206 27 0
    138 255 0 0 43 0 213 222 137 255 0 179 184 141 33 255 19 80 56 0 167
    0 0 0 0 69 122 8 34 255 30 0 0 233 234 255 88 69 255 0 253 0 255 155
    0 92 0 214 23 51 38 53 105 151 53 0 0 255 38 220 180 13 255 255 153
    169 28 239 237 125 65 39 0 253 142 49 48 187 126 192 166 255 255 0
    187 255 53 107 62 143 196 0 225 6 255 255 194 255 73 255 255 57 44
    255 229 166 255 101 41 180 0 255 0 0 68 255 0 0 255 86 0 149 23 222
    0 55 31 38 255 255 153 38 255 167 59 85 49 255 30 102 161 0 255 58
    137 255 0 0 167 83 0 35 255 232 0 249 255 160 203 0 115 242 255 0
    234 0 0 19 160 0 255 255 62 116 255 160 215 255 84 171 245 18 104 0
    109 55 0 0 59 40 66 255 153 33 0 47 77 0 111 83 210 82 255 128 49
    255 224 63 255 255 170 237 241 125 199 129 130 14 65 255 251 89 238
    255 187 0 60 0 13 45 27 255 64 255 160 48 141 249 0 0 0 187 233 0
    127 223 94 118 152 0 147 92 3 123 1 143 150 255 82 253 158 45 15 255
    21 243 143 0 64 255 255 163 25 161 100 0 0 68 255 26 190 96 0 250
    255 176 126 140 62 255 192 255 242 12 0 255 255 0 234 59 122 97 0
    183 255 72 28 215 80 8 255 255 0 0 255 197 169 67 0 255 6 189 69 0
    255 255 181 232 57 123 255 255 176 164 0 45 254 250 185 198 255 86
    255 255 255 0 255 182 0 221 94 0 140 255 255 255 176 200 255 110 0 0
    83 134 228 113 239 171 109 223 0 48 168 195 148 255 67 213 15 184
    255 236 0 0 221 255 255 119 0 0 178 207 121 156 239 173 209 159 255
    255 171 38 206 255 90 16 208 0 0 122 55 0 132 122 98 132 95 160 65
    123 237 30 0 187 28 0 196 207 0 0 237 124 0 255 213 175 0 192 255 0
    164 255 252 29 27 255 61 65 2 234 208 92 113 255 240 85 201 255 105
    252 110 38 36 21 165 255 255 159 0 73 18 24 35 133 0 0 0 115 151 205
    39 176 65 8 205 0 62 16 255 38 51 255 0 128 160 200 9 225 106 255 16
    0 119 140 0 222 23 23 248 33 99 255 157 0 0 183 255 0 255 0 188 190
    136 0 0 13 0 2 225 0 166 193 90 109 189 222 255 32 160 30 255 13 32
    255 255 228 255 252 0 207 51 255 255 65 204 22 101 0 142 254 145 53
    186 255 3 0 255 45 0 144 75 79 233 240 255 255 200 193 255 165 0 0
    255 214 0 94 245 202 25 255 80 0 7 172 250 47 22 238 15 0 255 0 0
    218 0 255 0 229 227 0 255 75 44 0 0 197 178 175 225 97 215 32 18 158
    0 82 0 206 0 255 255 147 43 203 45 185 102 0 138 255 123 48 241 255
    165 0 255 255 121 178 255 50 40 255 255 31 179 0 255 108 211 63 236
    126 49 255 0 101 255 255 245 0 240 68 15 8 174 235 157 196 0 65 189
    97 0 157 0 147 255 0 255 255 217 173 0 3 53 0 0 0 255 0 0 93 135 255
    255 196 0 255 18 176 129 255 223 0 172 0 133 39 0 50 3 255 151 55 4
    142 119 47 80 135 0 255 255 100 64 32 69 196 164 35 0 24 88 0 255 98
    222 0 243 255 255 8 49 141 255 0 97 51 72 154 101 205 17 92 0 144 0
    85 0 255 255 40 186 245 255 16 255 43 118 0 230 29 0 6 129 255 255
    255 0 135 46 0 255 255 130 124 5 255 136 113 246 255 0 185 255 33 57
    200 0 255 232 184 255 255 237 255 255 0 255 182 26 19 170 255 9 0
    127 90 44 127 0 255 124 255 211 0 26 93 255 0 0 255 166 115 255 86 0
    132 217 255 0 233 225 0 0 111 2 102 229 187 139 180 8 10 0 175 69
    255 181 45 255 255 231 116 139 220 64 201 88 229 42 97 12 121 86 0
    192 121 24 255 48 0 15 0 113 247 243 142 0 43 66 202 0 151 142 0 255
    72 7 255 193 186 217 0 181 90 34 0 166 0 220 38 175 225 227 255 211
    163 242 31 229 37 0 63 0 121 97 255 255 173 160 19 141 54 44 76 198
    194 255 49 223 157 167 172 116 255 248 226 164 40 255 0 0 54 239 0
    56 136 255 250 56 95 255 0 45 230 0 0 118 240 107 0 137 158 94 0 120
    236 191 105 255 148 255 167 238 87 235 43 163 80 0 43 132 11 216 237
    136 83 138 0 191 12 20 0 255 51 0 255 255 25 43 255 0 184 255 168 0
    220 141 87 33 204 97 243 254 0 1 128 0 224 143 0 255 215 0 0 101 0
    242 0 255 255 255 255 38 205 179 255 0 219 62 39 255 164 255 197 255
    84 0 129 5 252 30 55 0 255 51 0 107 0 166 42 112 0 0 255 251 201 0
    111 197 19 0 6 142 0 0 255 75 81 60 0 0 9 235 223 232 189 195 255
    188 255 255 179 50 174 255 58 152 78 131 135 255 56 255 70 57 96 1 0
    164 0 136 255 60 87 255 197 177 0 127 228 0 255 84 255 255 0 255 55
    255 160 255 255 255 138 171 186 78 11 48 206 25 75 0 0 146 255 196
    209 255 132 79 184 246 0 33 134 255 0 246 71 44 0 252 255 255 0 107
    150 255 194 224 255 255 93 0 255 235 255 255 227 110 145 0 255 249
    206 255 0 146 25 224 50 255 74 255 147 255 80 63 198 148 103 248 135
    132 0 142 10 0 255 229 111 0 0 75 0 66 171 79 0 214 148 219 44 10
    255 255 255 82 255 181 244 255 191 0 139 0 0 0 142 0 255 6 0 186 170
    73 86 6 255 0 255 255 0 35 255 255 0 166 59 201 21 255 35 255 240
    169 255 45 78 204 0 226 155 0 247 255 186 255 178 255 29 0 164 0 0
    59 162 20 255 0 0 66 100 255 159 255 255 235 0 64 179 0 84 0 32 129
    219 173 147 102 180 112 34 0 108 171 245 231 0 151 184 255 255 123
    149 103 255 0 0 255 116 247 15 70 255 0 160 109 190 36 68 255 0 21
    66 230 0 255 55 0 0 255 238 187 151 84 0 80 140 82 211 215 39 180 57
    18 208 24 0 0 0 3 209 52 26 192 0 255 255 0 255 107 101 174 201 19
    255 255 129 67 40 22 0 255 255 0 0 159 19 79 108 255 135 255 226 255
    133 0 224 0 255 27 100 255 47 0 90 0 150 77 255 255 103 0 255 248
    222 255 0 0 0 135 176 0 255 53 0 33 170 24 202 98 150 255 0 0 255
    155 142 65 75 0 156 0 124 0 23 38 0 0 141 168 242 228 255 0 112 255
    60 208 255 0 100 24 255 220 160 122 76 255 14 41 189 1 0 120 73 179
    0 0 225 250 208 207 194 138 59 0 70 60 134 169 255 69 27 255 0 219
    79 255 144 0 33 0 46 128 22 0 232 255 119 219 69 0 255 99 93 255 182
    255 255 124 56 230 214 255 255 57 255 116 0 0 69 142 83 150 0 5 195
    255 185 38 0 127 17 20 51 115 167 255 109 255 122 94 116 255 172 202
    233 255 0 90 204 8 114 173 255 130 148 77 0 0 243 188 54 255 255 7
    230 118 0 118 239 85 35 0 234 0 0 0 114 255 49 255 79 167 0 174 0 95
    92 226 0 255 0 2 221 16 236 160 0 210 255 98 255 40 30 186 221 255
    255 11 135 255 255 177 171 0 7 0 9 241 57 40 255 228 24 255 207 255
    70 0 196 136 62 230 179 255 219 28 143 71 255 25 255 0 255 52 86 17
    0 255 150 140 59 176 217 172 241 44 255 57 0 111 27 95 142 255 0 18
    255 110 74 0 236 0 0 94 94 255 68 91 169 162 242 154 0 144 255 54 0
    73 58 0 141 153 0 0 246 196 1 0 168 255 0 184 0 255 255 147 255 0 0
    93 0 103 255 0 0 255 0 254 255 161 184 41 0 9 203 174 0 255 100 0
    246 255 0 0 46 0 255 141 88 0 0 75 1 190 17 255 183 74 26 17 0 18
    245 109 0 0 151 92 255 148 23 208 238 26 109 32 152 100 134 42 93
    249 122 99 0 255 0 0 0 0 0 67 0 53 8 192 0 161 0 30 90 16 158 188
    129 0 255 255 203 91 0 28 201 195 0 198 130 253 255 0 255 27 142 104
    0 102 160 0 160 0 0 227 255 145 123 161 6 92 167 86 132 202 255 150
    179 47 255 44 159 255 238 21 255 0 221 47 0 141 0 0 255 255 178 132
    255 255 255 176 99 225 0 0 0 151 113 167 255 20 255 255 177 255 177
    255 247 0 67 169 255 255 255 213 255 237 225 255 0 65 202 2 0 110
    145 79 133 255 230 150 241 99 54 145 146 255 58 43 120 185 255 12 0
    255 0 58 184 169 228 65 37 3 0 105 255 57 96 204 83 117 153 225 255
    78 0 255 93 132 100 164 103 166 40 255 138 196 255 255 40 145 178 0
    71 0 255 205 25 120 99 152 127 72 255 0 0 41 81 0 0 199 0 0 198 2 0
    255 121 119 255 0 41 170 245 12 255 59 255 47 255 11 181 233 99 255
    79 15 12 138 255 150 226 0 54 64 184 177 155 89 118 97 193 0 210 230
    225 13 0 238 91 0 118 0 0 19 0 197 134 0 255 126 252 46 255 0 27 0 0
    225 255 255 186 255 217 113 255 255 51 165 4 96 58 78 254 0 161 0 99
    7 26 0 52 188 244 0 142 98 164 162 255 255 100 72 182 70 0 255 16 0
    255 0 255 96 93 255 0 0 21 115 186 255 0 240 41 55 113 82 0 255 0 0
    168 220 0 147 230 212 145 37 255 95 115 33 4 222 0 6 114 174 201 7 0
    119 104 255 241 0 143 86 255 22 59 0 176 73 156 201 0 255 128 194 53
    144 91 124 255 179 0 255 5 19 72 99 167 14 13 253 255 11 169 50 81
    166 47 254 125 111 0 71 0 238 255 255 2 247 161 169 135 89 255 0 119
    255 67 35 255 60 150 101 255 93 21 255 102 90 237 255 149 24 0 16
    125 82 17 240 255 56 0 42 0 173 146 142 203 41 255 255 0 0 135 0 162
    220 140 255 35 107 216 150 129 224 64 0 255 238 255 233 81 175 178
    255 0 174 66 255 109 51 114 0 255 179 12 67 202 31 2 217 36 91 90
    255 0 0 255 15 60 237 18 228 0 232 253 196 15 191 255 255 117 0 248
    0 255 107 12 42 57 188 173 162 255 182 73 255 18 255 23 255 150 130
    0 157 163 13 10 3 158 121 74 121 46 184 255 4 140 255 54 175 184 30
    32 189 0 0 230 81 2 242 128 255 0 66 231 179 197 0 218 0 239 66 255
    79 40 85 199 59 119 231 255 255 228 255 132 255 22 182 253 0 255 255
    255 238 0 75 160 189 148 19 255 0 0 181 86 180 0 68 7 0 0 0 70 44 0
    83 255 215 0 27 255 255 110 183 0 0 98 76 0 28 201 0 0 255 255 255
    223 255 255 0 156 132 255 28 37 237 255 217 163 106 194 34 169 0 39
    0 240 255 1 105 123 11 0 202 126 0 76 69 229 255 255 53 255 255 187
    228 141 178 255 255 255 14 41 255 19 0 104 255 66 110 97 242 255 80
    255 0 239 107 198 183 0 0 255 148 46 238 55 141 71 252 163 140 0 2
    152 255 193 255 159 61 128 142 49 206 32 227 21 0 36 166 0 255 0 43
    255 183 124 0 255 131 0 255 197 255 252 21 0 170 255 113 201 82 255
    226 255 255 0 81 0 0 67 0 0 255 61 255 81 72 52 59 23 0 0 253 234
    202 0 117 142 251 36 52 97 176 19 0 0 249 185 144 94 124 196 31 255
    170 0 255 48 255 149 10 88 255 30 225 255 0 53 174 111 129 213 225
    129 0 137 0 89 122 24 0 104 52 186 255 144 0 96 255 234 97 255 6 0
    188 34 0 251 219 137 255 183 122 175 198 22 27 212 112 84 240 0 255
    0 151 255 173 172 0 195 0 78 0 37 255 0 65 111 69 16 252 117 0 122
    119 90 85 146 195 0 255 137 255 255 205 136 109 0 144 223 191 176
    130 0 51 32 164 0 195 49 220 57 40 25 0 155 0 247 133 237 64 125 0
    194 119 206 195 130 129 255 0 112 7 128 192 255 255 121 81 164 136
    254 0 48 0 90 13 8 96 4 255 115 0 16 206 52 136 255 0 145 21 145 255
    193 0 242 0 196 80 43 0 153 255 78 170 174 149 0 206 223 0 81 0 208
    255 0 238 0 255 255 31 255 209 151 157 248 255 111 255 160 255 0 94
    79 0 60 0 141 220 61 11 0 18 48 235 255 79 124 0 98 0 226 0 0 162 45
    255 80 255 0 217 0 244 0 3 56 0 255 239 71 126 244 255 255 0 87 93 0
    255 0 133 37 255 194 39 255 95 156 0 255 214 0 0 0 0 255 104 7 0 207
    240 85 237 255 242 255 106 246 183 0 0 0 4 255 81 214 255 255 0 255
    145 255 252 28 0 26 143 2 83 255 0 255 0 174 0 0 230 0 39 40 255 226
    168 193 0 15 0 110 63 255 255 255 37 255 255 0 88 67 0 65 255 0 255
    132 255 184 38 255 20 255 46 0 148 205 36 187 40 174 255 62 0 255
    149 214 101 255 255 0 255 255 0 255 186 255 0 255 0 200 100 242 53
    139 2 200 13 166 79 35 16 52 127 106 88 255 0 255 0 0 122 179 0 0
    139 176 234 255 95 228 180 255 22 255 255 0 0 173 0 255 0 214 0 255
    150 255 167 0 15 0 0 159 106 164 175 32 120 186 78 255 0 67 146 171
    251 102 121 1 199 47 3 255 255 0 255 88 246 255 115 105 149 0 104 24
    122 0 3 126 255 183 52 230 255 223 246 59 255 229 0 245 26 0 207 158
    57 178 231 255 0 255 229 138 40 57 98 0 142 254 201 44 81 17 0 103
    86 0 0 161 76 87 197 111 255 118 146 103 20 175 149 29 39 61 11 175
    1 173 0 0 0 0 91 255 255 144 255 0 255 237 27 101 4 0 58 228 242 0
    35 170 203 217 183 31 0 10 255 255 66 84 0 108 255 203 141 212 134
    255 249 255 255 0 255 0 231 0 0 181 0 217 0 244 255 78 83 21 153 228
    171 255 157 76 54 0 113 12 201 255 43 21 0 0 0 39 115 182 186 72 54
    155 44 2 255 62 94 56 80 0 255 6 0 235 90 59 234 255 0 11 77 212 64
    255 0 154 49 255 130 0 103 24 3 15 106 39 255 110 0 79 166 0 255 173
    14 11 78 158 243 19 227 77 205 0 240 255 0 0 255 204 245 255 15 40
    255 0 19 204 255 0 0 255 0 137 188 255 244 240 29 255 0 255 255 51
    101 0 35 216 163 7 255 255 36 48 218 188 223 0 61 244 51 0 253 0 126
    48 153 142 0 0 178 0 21 255 19 255 255 3 0 8 177 52 221 0 217 0 0
    126 58 31 212 119 249 0 58 0 9 97 239 255 255 0 127 231 245 172 255
    255 64 0 112 163 189 0 108 94 135 0 255 73 0 180 27 189 68 241 149
    61 243 0 4 53 177 226 106 24 255 110 255 255 255 102 193 255 246 0
    138 14 255 125 255 132 16 67 198 216 0 255 0 153 255 0 0 50 127 132
    238 119 169 78 255 0 0 61 139 255 132 255 72 84 0 164 0 44 16 103 0
    57 133 33 0 209 138 122 219 204 163 217 255 19 235 30 0 199 22 255
    234 126 255 0 150 38 45 224 0 241 113 29 206 79 255 14 122 1 66 132
    176 0 25 30 44 149 39 241 214 0 135 46 97 0 240 0 37 87 244 0 0 255
    255 117 0 30 244 0 177 0 40 255 225 50 144 255 187 104 0 255 14 155
    0 225 255 255 239 255 0 233 73 0 14 253 72 11 203 0 164 31 76 255 3
    14 250 44 34 228 208 61 0 90 93 255 212 185 0 162 0 255 142 0 89 7
    90 0 241 255 0 135 255 117 173 6 255 0 255 0 68 255 0 143 126 239
    170 208 22 144 0 255 244 81 221 255 65 178 1 255 210 7 0 139 180 255
    211 29 204 135 133 238 25 229 133 255 125 133 255 0 216 220 255 252
    1 255 117 255 255 48 15 77 48 0 255 125 107 56 223 237 0 71 255 23 0
    0 20 255 0 75 80 239 27 68 0 255 58 255 248 43 59 255 62 233 31 202
    67 144 255 255 126 109 42 44 151 0 0 9 139 255 255 255 255 205 83 0
    127 0 117 65 255 246 255 216 156 255 231 190 0 0 227 255 99 255 0
    255 0 132 83 16 133 255 255 255 0 140 198 0 168 54 0 0 136 234 0 198
    155 40 255 248 217 205 255 0 180 255 58 0 97 0 28 255 8 255 224 183
    255 83 122 0 0 72 13 0 134 88 64 195 177 243 255 0 252 255 255 78
    204 255 56 42 23 201 0 255 205 7 112 255 0 189 255 29 218 158 204
    147 238 34 117 0 0 0 72 113 113 151 158 44 117 117 0 0 0 255 139 0
    255 229 178 255 206 212 0 0 140 0 132 255 137 205 154 225 88 255 56
    255 226 218 21 222 153 66 255 162 214 255 0 37 249 150 1 0 255 255
    155 57 194 255 0 0 231 255 221 0 0 63 86 86 116 255 255 0 0 231 194
    94 71 240 0 161 112 123 255 230 0 158 255 43 125 0 223 255 0 1 26
    180 47 0 255 255 203 39 3 101 255 1 113 16 255 148 206 206 213 2 0 0
    0 0 0 226 0 180 122 0 165 199 201 255 0 1 116 51 234 228 255 54 75
    255 109 255 6 172 222 52 189 255 255 238 138 255 208 38 198 255 0
    200 164 200 86 0 12 0 15 109 255 200 0 58 215 46 28 162 73 127 150
    186 192 255 0 72 0 0 21 0 255 123 49 10 42 59 125 255 184 255 4 209
    235 38 32 238 255 129 10 28 53 0 0 20 60 65 19 88 255 115 37 11 74
    235 0 44 185 255 255 79 27 134 0 183 255 90 255 194 12 255 7 1 182
    215 58 255 143 223 0 255 62 104 10 0 133 140 250 38 249 142 255 61
    190 61 137 163 148 168 255 230 230 247 0 0 160 255 150 160 232 21
    131 206 1 255 33 255 0 241 54 106 0 100 0 147 238 65 102 187 252 0
    39 128 149 0 211 0 250 13 0 255 154 0 255 111 203 255 220 73 3 131
    162 243 252 209 255 255 204 125 83 0 170 172 255 103 0 7 156 0 84
    255 127 255 171 110 255 94 88 255 211 250 0 33 82 192 31 0 0 187 78
    0 255 38 95 255 199 68 255 57 27 186 0 37 111 0 0 1 255 255 123 248
    255 176 157 255 189 77 0 255 141 0 255 255 135 44 232 0 103 255 242
    0 0 100 255 0 0 86 112 255 0 93 197 110 101 128 215 19 251 0 5 237
    219 0 83 103 255 231 254 157 3 22 50 0 255 255 10 0 0 255 65 107 255
    124 196 46 0 255 255 0 227 59 133 113 255 243 161 111 195 0 67 0 254
    67 255 64 62 172 123 243 13 140 184 0 11 254 255 217 0 214 129 0 255
    95 0 172 0 0 255 29 0 126 255 193 127 255 213 0 255 97 60 108 161
    205 255 165 202 0 36 0 221 0 0 0 71 255 0 0 193 0 255 86 153 53 0
    178 149 0 237 170 10 153 255 189 174 18 221 0 255 154 37 108 255 180
    255 106 255 104 209 99 67 255 22 0 3 67 133 255 124 109 223 0 177 31
    207 94 208 29 69 167 255 225 0 255 0 93 18 190 161 0 255 0 82 0 78
    184 0 123 255 42 228 56 180 255 16 255 126 255 138 66 153 18 0 74
    166 3 131 30 255 206 141 113 255 0 235 182 17 88 142 241 158 44 54
    133 215 0 140 0 170 226 66 244 247 142 237 0 225 189 4 210 0 86 0 21
    36 0 255 14 147 100 0 249 175 140 167 214 206 213 86 255 117 57 98
    215 255 0 0 162 29 0 77 82 255 23 0 245 255 59 255 232 14 233 255 0
    55 186 92 0 99 122 175 0 0 206 160 135 206 38 97 0 79 246 140 54 121
    255 18 107 0 178 0 47 16 184 0 255 153 255 129 255 0 255 2 13 224
    255 90 189 0 246 209 229 0 14 255 255 235 228 131 0 181 157 253 255
    58 246 31 0 249 131 0 0 153 255 181 77 35 0 105 117 64 0 218 211 212
    0 126 57 0 63 255 41 255 249 47 117 14 255 230 135 255 244 255 7 255
    255 137 253 0 216 194 0 58 241 248 12 0 51 0 0 217 191 25 0 255 164
    156 129 255 47 255 4 26 124 255 0 201 0 0 255 156 214 255 255 199
    255 32 149 95 0 0 70 255 194 77 183 255 255 221 0 15 44 255 162 255
    0 224 255 10 175 104 255 0 69 255 19 0 146 0 255 147 181 255 0 100 0
    54 82 238 75 202 0 255 190 94 18 240 233 0 18 255 0 124 246 6 252
    204 48 0 90 5 0 123 0 255 255 255 55 208 187 94 255 166 126 162 37
    255 1 55 102 71 98 0 255 174 138 71 252 0 255 0 255 187 65 0 255 0 0
    32 14 17 215 175 252 0 214 0 0 217 255 119 255 232 0 21 75 41 0 0 0
    38 124 132 255 176 2 248 255 0 174 15 0 0 0 0 235 190 218 83 166 255
    253 108 255 238 72 255 235 255 194 255 24 0 140 3 196 6 238 113 176
    17 79 127 183 90 154 255 71 139 233 0 0 161 165 226 255 139 102 15 0
    37 255 49 217 0 121 255 255 175 151 38 208 148 165 18 0 163 0 32 245
    222 0 255 255 0 255 0 214 0 122 39 175 39 0 0 100 168 137 125 233
    255 0 0 212 162 117 255 255 125 255 248 181 189 248 51 43 135 218
    183 5 136 232 86 178 125 91 86 75 255 10 51 255 200 20 221 255 148 0
    255 219 143 89 195 120 128 84 83 129 81 40 59 117 255 255 44 120 96
    203 223 255 95 77 200 228 255 255 255 209 213 255 46 207 12 110 153
    39 113 83 255 0 196 255 216 57 247 122 255 124 151 0 116 214 106 85
    35 93 255 0 198 96 196 90 251 62 47 74 153 39 128 84 75 69 255 255
    255 25 133 255 255 40 171 180 255 0 78 86 54 255 255 69 131 255 225
    211 64 235 255 0 18 133 255 43 244 254 188 255 255 0 70 179 153 0
    242 44 0 249 17 74 35 241 231 0 108 240 36 206 54 0 231 235 0 14 52
    255 123 254 6 0 0 15 20 202 255 109 0 0 182 233 119 0 88 133 0 255
    105 19 16 255 149 97 255 104 255 255 104 48 255 56 255 70 255 211 0
    104 255 255 29 141 73 0 218 255 146 84 0 62 120 13 149 0 111 0 84
    255 71 191 78 255 102 236 0 0 130 54 255 56 255 252 38 157 0 255 221
    50 64 95 131 0 153 255 0 255 255 0 255 117 255 0 0 135 92 216 81 192
    191 0 222 151 255 255 123 255 255 145 94 23 142 78 212 255 88 45 0
    58 255 255 151 0 210 196 255 115 75 0 11 0 0 0 132 255 255 205 118
    163 228 123 255 110 255 0 255 0 255 121 18 191 255 16 255 206 30 255
    231 93 42 6 0 255 0 22 176 246 103 255 229 255 222 241 0 255 245 7
    255 253 255 255 127 117 110 71 255 0 178 45 0 131 0 130 255 182 137
    171 63 245 233 141 153 0 53 191 0 0 255 55 57 246 157 26 0 255 245
    139 196 255 255 46 160 128 122 0 213 88 0 255 167 123 247 250 216
    255 0 186 157 183 255 255 255 69 63 38 0 243 255 255 12 77 147 0 174
    30 255 20 80 80 255 255 0 255 75 157 94 52 6 0 122 209 205 0 179 170
    0 183 221 255 193 193 255 218 0 255 27 255 0 24 0 255 179 155 0 0
    149 72 0 189 0 0 0 255 164 236 160 153 253 255 255 255 210 255 112
    52 193 148 47 0 0 9 190 232 0 56 0 193 5 255 0 255 0 255 92 204 243
    158 119 82 77 0 180 0 217 238 121 0 0 0 122 222 0 2 148 0 0 255 66 0
    0 255 0 95 255 140 246 0 152 243 255 0 0 64 102 73 0 249 0 0 137 67
    255 19 154 70 0 0 0 255 117 91 255 245 57 35 255 237 197 99 72 255
    205 91 38 163 0 125 213 8 202 255 0 21 79 25 214 119 0 91 73 167 59
    0 57 180 70 0 92 255 167 240 89 245 0 4 102 0 249 128 3 214 0 181 51
    81 235 15 0 103 0 255 163 129 201 0 0 255 195 255 0 209 0 147 163
    103 131 16 88 0 111 53 0 0 44 0 178 0 0 37 165 46 0 56 255 108 0 255
    32 159 255 255 242 252 0 188 255 203 3 220 191 255 206 0 179 255 180
    240 0 46 0 255 16 184 50 67 255 255 16 176 0 115 255 117 0 135 255
    255 239 55 60 246 0 167 0 196 247 0 124 78 186 35 119 255 0 130 0
    196 1 95 255 255 250 95 255 0 77 0 0 0 255 240 89 42 0 6 0 0 0 249
    166 0 237 174 255 0 255 215 255 109 176 241 177 7 163 149 255 147 0
    193 144 231 234 53 47 210 84 255 255 68 211 0 0 0 185 0 76 0 180 255
    109 164 190 0 60 72 241 158 214 138 193 227 21 235 0 14 255 147 0
    255 224 255 84 255 249 0 28 17 83 119 181 12 20 130 153 233 0 0 255
    22 255 156 216 0 196 1 0 0 227 0 255 86 0 255 255 33 167 206 255 145
    255 36 122 0 0 0 28 0 72 37 153 114 0 255 0 73 52 255 208 184 255 35
    46 231 196 132 204 0 211 68 104 139 255 255 111 255 132 238 0 255
    255 169 189 37 200 132 0 255 0 139 142 156 30 247 53 215 255 0 41
    206 2 145 239 115 69 21 208 252 192 255 50 62 255 255 91 255 142 116
    16 195 207 121 22 0 179 255 18 93 125 208 48 255 92 26 167 136 239
    255 0 205 0 165 228 30 69 255 255 208 234 255 0 255 255 0 211 101
    255 186 0 127 46 146 54 207 255 208 248 255 199 97 0 0 202 179 46 15
    89 220 89 44 255 255 255 229 233 0 210 159 0 255 255 173 0 130 88
    166 101 0 255 255 94 125 69 255 0 199 195 98 159 0 255 222 77 241
    168 226 0 0 255 113 6 133 255 255 105 0 43 247 255 78 165 0 15 0 13
    75 212 255 13 0 255 124 0 132 164 5 238 103 82 0 103 128 250 178 64
    185 0 73 255 255 255 0 255 255 255 255 111 255 255 0 195 238 0 16
    148 0 153 0 27 0 0 9 228 34 141 105 255 110 255 60 255 201 255 9 230
    241 16 238 0 135 0 47 0 157 75 101 0 188 132 255 144 0 0 12 194 26
    233 255 0 0 126 143 0 34 186 119 147 129 93 73 0 111 0 208 249 246
    107 5 0 0 54 39 0 0 255 255 108 145 151 101 187 255 0 255 0 239 180
    0 227 81 208 108 217 19 214 48 238 229 238 171 152 42 113 117 28 51
    229 9 0 0 254 255 255 132 173 57 255 255 198 255 34 0 255 73 135 137
    255 0 0 91 54 172 0 240 199 78 255 100 33 190 5 105 20 170 249 0 67
    192 78 183 247 172 9 70 49 255 255 183 126 36 44 72 255 235 16 29
    144 136 0 137 255 0 255 255 229 255 117 170 0 0 28 255 0 255 31 118
    206 255 63 0 67 141 255 255 74 104 255 76 252 0 117 69 176 132 201
    162 129 255 192 0 56 217 0 61 245 255 0 0 255 0 81 163 197 63 255
    111 255 0 247 214 239 42 255 100 158 81 236 14 181 244 98 218 179
    149 74 0 255 118 0 0 114 255 23 98 187 210 3 0 244 255 139 11 125
    255 129 151 0 226 90 255 0 0 81 173 174 184 211 75 142 255 255 154
    255 255 255 238 0 215 183 68 60 16 239 255 109 23 146 255 57 31 0
    255 0 255 147 255 18 255 187 192 10 0 84 3 50 35 56 114 13 53 160 0
    0 255 238 156 209 171 0 0 162 0 90 255 0 140 167 15 0 191 255 252
    255 255 0 133 0 0 220 207 56 0 255 0 107 0 255 50 46 255 77 255 27
    56 209 0 255 14 0 74 255 172 210 210 217 156 255 49 178 75 70 245
    214 181 74 23 234 66 201 0 32 246 212 255 255 0 255 28 165 0 229 29
    155 150 0 225 95 75 47 175 0 13 0 255 0 28 0 7 100 119 255 0 131 199
    255 255 255 204 255 255 41 128 0 39 86 41 85 106 219 255 202 37 255
    185 239 0 20 0 37 75 15 0 103 212 101 132 0 255 0 30 255 25 102 175
    255 203 31 128 107 255 255 206 255 0 255 155 127 255 0 255 86 139
    255 240 35 255 130 0 0 219 255 255 0 255 186 221 255 51 21 255 0 0
    113 255 224 15 255 247 92 1 11 255 217 234 118 40 139 5 31 255 255 0
    0 83 0 0 0 90 0 0 196 231 112 19 254 73 0 255 139 206 130 177 41 0
    24 43 0 178 93 255 0 112 0 76 255 173 255 121 255 0 0 0 210 82 0 94
    0 0 255 249 0 96 0 255 184 192 82 0 7 198 126 144 105 231 183 255
    251 147 0 172 233 206 0 0 0 0 0 245 150 237 90 116 176 89 255 108 60
    112 71 255 255 194 255 52 32 204 10 47 98 0 189 255 23 38 240 190
    182 38 255 164 48 0 0 255 182 0 255 250 125 22 255 0 255 0 147 191
    255 53 0 98 197 74 0 176 207 216 255 255 172 0 186 140 4 75 78 255
    132 222 55 0 86 57 115 0 50 69 255 68 34 61 255 26 59 0 255 0 60 49
    130 255 255 255 3 69 0 0 255 255 220 189 0 255 255 243 52 175 255 0
    255 19 192 186 255 255 48 0 130 0 0 255 255 255 255 223 255 28 234
    34 255 0 93 64 155 247 137 252 219 255 255 191 43 223 65 37 106 229
    131 0 166 255 27 246 215 0 44 139 43 53 66 60 192 183 255 173 247
    212 0 0 0 76 0 0 155 182 255 254 177 114 55 0 183 0 145 255 0 255 0
    0 108 255 16 166 64 13 43 0 0 178 0 255 0 60 255 186 255 162 39 46
    70 105 36 0 255 71 0 200 2 210 153 108 75 0 146 69 255 255 176 0 217
    246 175 250 26 174 163 255 80 255 137 231 49 146 165 15 33 47 51 0
    198 255 49 255 134 0 18 0 0 22 150 45 248 255 49 174 255 236 255 136
    243 56 161 83 82 133 77 0 75 0 255 244 0 185 218 204 30 0 255 255
    159 239 255 0 228 255 203 80 141 222 138 0 13 255 224 255 167 187
    255 197 18 0 255 251 42 20 255 0 255 0 169 195 109 38 51 63 0 255
    255 96 180 0 195 255 234 255 0 255 255 143 77 255 0 53 55 50 166 9 0
    209 215 108 60 255 92 255 255 255 16 0 255 0 30 76 88 255 231 37 53
    252 238 136 197 255 92 255 167 3 201 173 1 240 67 36 129 247 37 15
    244 0 149 175 182 255 0 255 255 50 0 0 255 99 0 228 255 25 64 129
    203 255 162 0 255 160 255 186 99 132 0 6 189 255 13 0 255 50 159 249
    255 255 56 0 255 199 135 158 63 78 0 87 0 121 255 149 63 255 210 86
    0 0 211 252 217 51 255 89 149 35 255 226 0 255 150 13 64 57 255 255
    0 65 6 198 93 255 0 198 72 199 0 71 19 65 231 150 71 255 206 147 250
    255 47 139 0 255 206 219 0 138 0 109 45 255 0 204 234 255 54 255 255
    171 182 255 96 241 0 255 255 5 60 196 114 0 0 127 7 60 255 255 0 0
    255 0 207 207 33 159 255 57 255 76 189 74 154 33 71 135 215 141 100
    255 209 33 210 78 226 40 181 175 236 77 0 159 203 162 208 0 122 254
    75 0 219 168 225 0 255 83 0 1 173 0 52 255 87 0 228 155 255 255 11
    255 162 40 160 92 0 247 31 122 233 243 176 6 101 255 0 78 154 14 206
    47 219 1 255 244 49 223 15 0 0 244 0 29 0 249 32 77 236 182 252 252
    255 40 125 233 1 155 255 13 92 40 255 255 115 0 0 161 158 0 220 255
    191 65 0 62 243 96 255 64 32 2 147 36 0 190 222 55 210 255 88 10 0
    14 48 60 8 255 131 17 133 255 56 60 184 66 118 255 99 3 30 21 62 0
    200 176 255 255 216 255 0 255 231 181 255 27 255 255 202 122 202 255
    255 151 193 51 129 0 255 192 255 161 0 37 248 70 10 0 143 180 111 72
    207 0 255 166 0 177 0 93 49 0 133 55 95 0 78 113 54 255 0 255 255
    255 255 255 35 238 44 255 0 216 255 221 248 77 78 22 246 98 0 0 198
    137 48 146 206 0 109 169 211 255 156 255 183 255 0 255 0 128 168 164
    255 232 104 94 172 136 181 0 233 191 53 64 41 172 254 167 177 49 133
    28 198 0 170 163 255 24 234 248 96 115 0 0 0 0 0 0 20 247 0 0 0 91 0
    0 255 28 192 137 234 78 255 195 16 67 30 203 255 31 19 82 255 0 0 0
    0 0 200 0 207 255 128 45 114 32 164 255 255 0 255 255 101 214 230 0
    74 255 143 255 0 86 70 125 192 3 225 246 14 0 255 164 180 65 255 11
    0 8 123 255 255 255 36 108 208 43 0 100 183 0 135 45 255 255 78 255
    176 255 255 255 10 216 15 173 0 82 0 168 0 79 57 28 255 255 156 250
    243 237 0 198 103 0 255 160 0 0 255 178 76 24 220 139 0 70 255 115
    53 196 105 255 0 255 0 255 196 9 91 99 211 0 255 0 7 36 17 0 0 79
    255 13 143 57 255 113 255 201 0 29 104 58 147 103 156 149 174 255 62
    250 255 0 134 156 180 23 0 86 255 11 82 255 0 0 255 158 161 29 165
    255 58 173 121 82 255 9 12 110 0 76 0 0 250 13 102 253 187 0 33 122
    0 23 7 118 244 174 100 145 111 125 0 115 0 244 255 83 200 255 0 255
    14 155 225 114 25 87 255 158 0 255 151 255 0 172 118 0 45 0 0 99 253
    0 248 255 255 255 0 255 214 111 255 43 28 0 255 159 0 0 170 255 255
    247 255 87 192 255 232 192 43 226 158 97 255 255 111 0 109 255 171 0
    85 0 236 204 255 253 17 0 79 0 0 142 255 0 247 0 0 213 0 255 190 0 0
    0 80 55 165 81 255 57 255 169 35 16 160 48 202 0 255 0 0 168 76 86
    217 0 53 255 202 122 98 101 49 219 0 222 0 159 215 0 255 255 200 0
    34 196 206 139 0 241 255 211 100 255 253 205 0 202 84 44 255 0 162
    48 0 88 0 233 241 207 186 0 255 255 28 255 92 249 219 107 61 35 86
    81 0 0 92 163 237 255 0 255 0 157 12 106 91 0 83 3 38 142 43 0 0 255
    67 131 255 226 0 25 255 41 60 255 166 255 248 247 255 0 255 0 92 0 0
    162 0 48 0 32 119 169 9 34 0 181 115 0 185 205 210 62 88 255 236 244
    233 132 198 0 51 255 0 255 168 255 255 122 0 200 255 61 216 102 104
    255 168 0 192 215 0 255 255 0 7 52 129 255 0 116 204 255 96 0 138
    255 0 170 0 80 255 241 107 185 255 150 223 167 204 241 64 43 165 255
    255 152 227 186 247 255 0 81 159 0 165 164 0 0 148 161 0 13 255 151
    254 255 181 0 67 117 255 45 255 0 0 255 0 23 138 96 167 255 255 136
    255 255 231 200 0 165 220 0 225 189 115 116 102 25 0 154 255 63 150
    148 255 25 97 193 255 34 255 0 174 231 43 8 127 0 208 242 210 195 31
    83 121 255 0 184 113 255 255 255 170 111 159 216 165 0 0 0 0 45 172
    176 0 0 237 5 205 255 32 182 80 255 158 255 255 0 206 66 89 201 187
    219 255 245 255 126 13 0 255 164 245 1 0 255 99 0 248 255 255 206
    131 169 0 32 0 245 13 175 255 158 147 255 35 255 153 5 116 151 82
    158 120 238 119 38 255 0 164 233 165 12 243 76 0 0 205 176 0 243 80
    255 111 255 0 0 255 255 0 14 50 255 177 66 255 5 117 140 0 199 139
    196 37 255 125 0 78 124 50 167 20 255 255 183 224 105 251 255 5 255
    165 124 253 0 241 255 0 114 164 6 7 255 255 130 34 0 121 183 11 146
    69 255 0 122 112 255 120 124 103 199 13 67 98 255 146 66 243 0 7 71
    255 0 24 244 161 210 23 43 174 140 173 117 33 255 116 255 120 255
    255 34 255 0 99 103 222 197 255 231 181 171 0 202 221 255 163 255 0
    243 0 193 11 0 0 0 243 137 30 123 137 175 174 198 0 243 0 39 117 33
    255 255 0 255 255 71 68 14 218 0 219 68 161 255 137 51 255 255 35 0
    103 116 202 21 94 255 128 231 75 69 255 255 10 158 162 0 194 0 255 0
    197 240 0 29 235 142 222 255 127 197 124 174 0 198 255 255 102 246 0
    255 62 193 51 116 255 229 255 47 59 224 0 0 239 44 45 202 0 255 0
    255 255 0 41 255 0 124 0 34 59 125 249 100 0 54 162 0 88 184 0 0 188
    0 107 0 75 108 152 254 0 165 0 103 184 63 100 184 115 25 255 112 0 7
    1 0 208 255 10 0 182 207 152 223 202 131 255 0 41 0 47 255 0 95 207
    0 202 255 135 120 255 215 0 139 125 90 241 33 252 35 205 255 129 83
    17 144 253 255 50 223 0 0 158 211 255 255 33 102 0 50 112 122 239 0
    128 0 181 129 255 94 255 48 36 255 0 218 132 104 202 84 128 153 131
    123 158 180 152 255 255 0 178 144 255 247 255 0 83 214 0 255 160 255
    201 0 99 76 0 76 255 193 151 120 11 125 255 219 255 73 247 255 229
    101 17 0 0 58 178 76 0 255 209 57 172 102 42 4 255 255 255 87 0 255
    97 14 198 12 255 0 209 0 0 166 44 255 96 81 0 119 255 127 92 157 143
    217 255 218 255 46 0 117 160 64 255 255 0 171 24 255 113 84 85 22 43
    90 19 179 226 170 255 235 255 159 252 87 166 211 0 53 255 84 0 208 0
    143 0 255 255 0 255 255 98 238 35 102 255 194 0 180 9 173 255 224
    175 105 0 0 191 0 0 236 0 255 47 4 0 1 0 92 39 0 177 0 79 27 107 87
    242 0 255 82 68 80 205 255 255 173 255 255 249 117 154 255 122 218
    223 29 255 137 255 103 255 130 255 236 206 210 96 2 0 0 86 63 255 50
    219 207 153 251 255 76 249 255 153 72 15 111 69 0 145 44 238 27 0
    176 0 255 0 227 0 97 0 208 215 0 136 39 255 196 69 0 30 0 0 130 43
    146 0 30 99 169 0 0 0 137 0 91 255 110 26 0 28 165 0 48 142 91 116
    255 230 142 161 215 67 205 104 224 0 146 57 14 255 158 255 135 255
    255 184 37 0 0 255 116 144 124 17 182 190 255 0 255 18 255 0 206 85
    56 255 0 132 249 0 23 255 255 43 195 125 33 255 227 84 83 19 64 0
    105 140 183 5 179 67 255 157 140 93 147 0 94 212 0 255 0 152 255 0
    114 4 201 0 0 171 0 0 87 163 184 255 0 35 66 82 0 0 143 39 252 255
    114 200 219 180 147 255 0 28 255 0 12 79 166 190 50 223 65 255 255
    84 4 193 22 43 0 106 67 209 21 61 255 180 122 255 185 16 0 83 0 214
    91 70 127 255 0 255 53 255 4 123 132 255 255 163 0 65 233 221 24 18
    255 58 255 0 161 0 139 108 255 75 255 0 72 153 0 178 255 255 54 77
    239 255 172 121 255 104 86 255 70 255 0 31 255 72 169 0 116 5 8 255
    0 255 44 255 88 255 255 0 154 0 0 0 8 0 175 57 71 43 0 118 255 91
    236 211 255 0 0 0 238 0 85 138 132 60 174 199 0 255 101 115 255 255
    255 255 107 152 255 255 144 36 251 88 0 95 119 219 237 255 49 40 8
    253 194 0 255 81 255 248 56 189 255 189 31 214 130 203 141 98 246
    154 124 0 41 141 119 90 1 199 255 91 3 255 55 39 21 205 255 0 0 255
    140 255 255 255 0 0 255 208 243 48 25 255 128 140 109 0 0 170 255
    255 255 255 255 237 0 222 171 255 213 0 0 198 255 29 36 0 255 26 74
    111 0 147 255 216 57 119 0 202 167 161 255 255 10 103 65 80 78 255 0
    255 26 0 195 0 84 176 66 35 173 141 255 255 108 255 0 205 255 163 0
    255 255 255 249 255 94 220 196 255 255 94 164 255 250 16 0 255 124
    200 16 138 255 0 81 169 68 22 239 62 227 54 127 0 255 73 125 255 255
    255 255 13 0 0 188 104 50 0 155 82 64 255 0 91 247 220 255 0 0 255
    255 0 5 104 45 0 255 0 0 217 255 255 253 255 0 255 120 104 180 255
    209 64 59 0 110 162 0 12 228 255 4 255 185 0 255 51 255 255 159 38
    177 147 0 69 79 144 93 255 255 198 154 255 34 35 0 255 199 0 35 96
    75 184 0 112 215 255 0 205 208 0 0 32 0 33 0 187 237 80 0 225 255 48
    255 95 3 255 0 50 104 229 79 134 214 162 192 0 53 92 86 226 61 255
    217 64 198 91 184 0 64 163 81 0 225 118 255 47 46 184 50 255 43 214
    0 71 225 138 66 255 207 28 198 0 0 182 6 2 255 238 100 30 20 255 0 0
    255 51 0 204 67 0 136 0 73 87 0 23 213 255 0 0 8 60 184 215 203 246
    0 248 140 85 0 126 32 0 0 39 119 255 163 0 147 99 0 225 230 75 151
    163 0 90 45 0 253 0 255 33 251 104 156 160 215 0 0 0 255 0 0 49 51
    141 156 153 198 141 0 180 255 0 119 170 55 2 255 247 128 255 255 72
    207 135 255 174 146 162 190 205 215 226 19 255 0 110 205 171 0 180
    165 181 237 43 25 75 12 0 137 0 255 255 0 255 14 255 255 0 0 55 159
    0 176 40 206 143 165 23 255 136 255 0 0 235 14 255 229 64 188 0 122
    59 255 42 230 255 255 103 255 90 0 210 255 255 214 255 94 255 0 99
    209 142 58 253 30 255 221 0 0 0 0 205 0 55 241 255 157 255 0 183 255
    97 255 132 249 174 0 0 0 0 255 0 93 171 142 255 255 151 255 209 255
    0 255 168 0 205 69 178 255 212 230 0 255 255 130 171 6 0 206 92 216
    220 16 175 255 255 225 255 183 112 179 166 216 31 255 255 232 90 0
    32 183 255 152 255 0 101 6 255 255 60 184 175 0 151 212 60 95 219
    255 255 255 176 236 145 0 0 118 0 236 247 255 0 0 199 118 39 52 228
    255 0 255 205 0 27 226 255 163 10 151 0 50 215 127 0 255 121 0 255 0
    149 44 23 252 255 207 255 91 0 39 0 228 112 85 57 183 255 0 192 216
    255 75 41 0 109 255 100 255 61 101 255 11 0 83 0 255 0 74 45 255 58
    255 255 131 4 59 255 151 186 0 163 255 74 255 255 255 0 227 255 142
    68 26 213 160 80 91 0 174 107 224 255 255 184 45 255 238 255 255 255
    0 192 255 76 119 37 0 106 115 186 0 232 255 51 189 22 39 0 145 159 0
    39 11 119 175 179 69 187 7 28 34 0 255 20 239 190 245 148 126 255 66
    172 246 45 118 0 0 214 255 0 36 234 0 0 255 122 0 199 146 0 0 163
    139 71 0 0 137 47 9 0 195 255 58 0 169 122 39 0 255 0 66 105 242 255
    255 255 255 255 0 158 255 26 68 255 255 1 206 183 48 0 255 0 255 111
    0 211 255 221 141 11 0 255 255 240 0 0 41 143 241 151 226 33 255 255
    224 0 0 151 195 25 0 255 139 0 0 255 230 107 56 0 17 43 217 0 163 18
    22 255 172 63 0 42 255 255 38 94 255 4 124 113 5 184 0 34 0 0 216
    197 228 0 125 255 255 69 94 255 255 123 8 97 0 0 181 5 255 255 108
    255 0 142 150 62 107 111 167 240 186 255 70 79 146 255 102 255 255
    255 208 255 131 58 184 183 255 255 0 65 128 85 46 224 90 255 255 0
    151 246 151 195 255 34 0 168 67 2 0 253 255 51 1 0 171 109 255 255
    255 191 98 255 201 255 195 255 159 156 231 116 255 0 255 255 143 66
    0 255 200 0 105 121 0 157 0 89 185 253 150 0 0 0 0 0 0 43 221 179 38
    62 0 255 107 0 250 255 255 48 221 254 0 0 1 113 25 81 0 0 0 0 86 251
    255 87 0 71 66 192 226 20 226 134 208 162 53 49 255 213 176 54 70 97
    255 9 255 201 0 229 0 142 0 4 117 20 84 255 255 159 255 255 218 255
    51 93 189 103 58 220 0 255 147 0 255 214 255 255 0 255 160 0 95 239
    202 89 255 255 255 47 255 158 145 47 122 219 189 186 0 11 18 15 176
    255 255 26 67 225 0 8 255 0 255 255 13 55 255 18 255 0 147 0 16 255
    79 156 74 187 202 0 165 17 0 0 0 0 159 0 0 206 231 23 255 0 0 91 0
    168 0 0 176 255 237 0 0 163 167 86 41 255 255 225 66 0 255 18 255
    255 0 192 255 255 187 0 162 189 36 210 0 0 255 120 0 0 136 203 255
    255 222 251 237 15 118 251 255 34 0 119 157 163 178 0 28 85 100 0 49
    199 142 6 255 247 49 95 133 199 0 222 221 41 47 159 17 255 168 0 146
    9 0 82 255 0 0 54 82 255 5 0 0 246 131 255 0 202 221 105 255 0 213
    123 172 197 255 75 255 255 97 53 159 255 126 255 247 219 120 113 0
    255 255 0 207 174 255 0 67 108 105 151 0 108 0 216 177 50 255 0 99
    152 215 154 140 222 240 74 119 141 0 0 208 18 255 29 165 191 167 200
    32 213 16 23 0 30 50 36 255 0 251 10 217 255 157 30 43 49 89 119 112
    255 103 163 124 139 96 0 209 17 0 236 121 198 123 151 46 169 23 230
    102 182 176 20 0 0 78 255 43 244 6 112 17 122 190 65 120 255 255 42
    149 184 65 206 0 0 0 8 82 180 0 112 17 190 164 0 255 172 188 100 18
    76 121 253 0 85 255 153 202 0 115 115 0 103 85 0 207 105 81 174 185
    64 49 161 0 0 60 0 212 9 0 255 60 11 251 255 0 0 255 152 163 35 255
    255 0 255 121 255 33 255 255 249 1 255 157 0 0 148 95 95 42 126 0
    197 164 255 0 255 255 233 255 205 255 125 244 255 55 141 0 0 255 66
    10 0 0 0 104 9 3 59 255 189 0 6 0 232 136 99 235 18 255 0 105 220
    255 255 60 0 0 79 84 90 0 201 0 150 155 0 191 120 74 0 255 255 0 255
    244 255 152 255 105 207 134 255 52 136 0 161 255 255 255 175 255 152
    219 113 34 243 93 0 126 255 230 37 237 98 255 234 63 0 224 255 79 26
    250 215 0 116 139 173 139 212 255 152 240 36 81 81 255 0 25 35 69 36
    213 107 227 213 161 145 212 255 255 255 255 255 24 0 242 207 126 0
    255 0 0 255 97 0 27 255 107 0 60 136 255 166 0 255 220 223 164 243 0
    0 141 51 123 0 255 80 255 248 131 36 161 25 0 0 217 255 4 1 146 0
    234 0 168 255 255 0 48 139 4 18 37 236 102 46 0 255 0 88 187 0 189
    37 114 193 109 242 138 116 123 98 127 133 219 201 202 175 255 255 18
    0 0 218 6 0 0 75 160 0 0 22 255 87 138 13 0 255 137 217 210 190 186
    54 246 44 0 0 116 101 131 18 229 255 190 254 220 113 41 0 71 255 255
    75 255 0 212 142 215 217 255 255 160 35 188 255 164 255 255 165 0
    245 223 77 135 165 0 215 4 82 237 0 0 75 175 188 219 255 162 0 16
    225 255 97 255 255 58 16 202 76 175 13 0 58 79 0 204 94 14 181 248
    204 201 150 255 95 11 73 0 231 255 17 169 253 98 16 255 255 0 0 255
    0 0 5 165 210 201 255 255 12 4 255 225 161 62 0 67 36 74 0 255 249
    19 104 0 0 31 0 0 108 230 0 22 182 40 99 0 0 255 238 184 240 255 196
    19 255 183 173 198 255 182 0 255 174 16 205 127 164 255 255 0 85 0
    255 255 159 235 0 70 255 0 183 125 0 189 72 126 0 58 242 255 228 102
    177 0 160 206 240 143 43 0 139 122 89 176 255 198 0 39 93 157 255
    141 0 140 193 172 14 24 208 255 206 225 0 255 94 125 255 122 240 149
    200 243 72 255 203 22 255 0 132 255 115 131 0 255 250 255 245 0 155
    146 255 197 44 166 255 39 0 86 169 0 82 43 96 66 101 108 81 0 104
    255 255 0 255 11 255 255 255 0 255 130 2 204 208 1 38 0 255 54 145
    121 101 0 129 0 6 118 13 146 243 75 0 255 70 223 223 59 255 154 211
    0 108 0 249 255 255 255 208 5 255 0 15 255 175 211 14 255 81 255 0
    98 255 121 253 0 0 104 255 234 34 255 0 119 176 228 212 41 225 0 249
    255 0 255 255 177 241 46 206 214 0 43 82 255 174 234 255 255 148 255
    208 0 215 0 152 255 69 116 0 192 255 239 107 255 0 131 166 0 0 64
    190 106 88 41 151 221 8 239 203 93 210 166 129 136 205 72 0 61 255
    255 0 63 42 0 0 81 255 0 255 108 255 113 237 155 37 227 0 255 221
    106 0 55 33 255 0 126 255 0 75 120 80 0 54 90 255 0 217 240 0 236 0
    86 240 212 255 12 255 247 127 255 0 255 183 170 193 16 255 255 227
    255 255 0 5 98 4 206 231 228 236 210 0 145 0 0 27 136 211 153 0 0 87
    145 0 35 0 25 136 0 255 188 226 255 0 182 47 49 52 117 0 23 1 0 108
    0 101 17 209 255 253 208 237 193 255 192 196 0 112 178 156 0 103 33
    20 100 47 0 235 0 73 100 23 246 183 0 52 141 133 154 3 255 50 255
    255 13 194 21 212 255 118 0 84 193 0 188 240 111 250 196 255 0 137
    203 5 0 255 255 255 0 39 240 0 255 255 224 138 240 0 51 130 56 255
    68 1 255 173 195 105 246 190 255 255 4 0 255 0 66 96 152 255 0 250
    155 27 0 228 0 0 134 70 11 62 165 115 255 0 144 166 122 1 149 227 0
    84 51 255 0 222 117 125 121 0 0 250 0 55 253 255 81 249 139 0 232 0
    147 147 255 14 152 66 158 0 206 44 100 186 250 238 255 30 248 155
    153 147 0 144 31 13 144 255 162 82 59 78 63 188 0 255 161 10 127 87
    0 52 157 66 111 255 24 249 208 0 180 17 0 5 0 28 220 29 255 94 141 3
    230 87 0 142 144 142 0 30 255 157 30 162 85 148 153 215 83 120 225
    32 66 238 255 220 72 238 175 62 62 81 255 127 122 255 140 185 188
    255 117 0 0 0 255 148 199 224 0 0 23 100 255 20 0 188 0 0 0 255 14
    255 162 0 167 235 0 255 37 77 255 255 0 162 0 134 51 82 142 255 73
    255 0 255 247 30 76 0 255 9 225 202 3 119 0 127 0 189 0 182 255 100
    0 255 11 255 4 186 10 0 201 0 79 0 255 222 130 0 57 144 185 107 246
    243 131 19 186 129 15 37 255 0 255 213 115 80 113 0 255 255 116 162
    73 255 187 103 255 161 188 0 170 255 13 171 106 0 3 243 0 57 0 255
    115 255 121 80 31 122 255 255 82 44 238 0 0 238 107 0 0 0 232 145
    255 226 85 66 255 0 255 30 145 14 0 84 255 14 174 108 223 213 188 17
    31 135 204 23 109 226 227 19 47 0 252 0 47 229 8 0 255 0 89 197 133
    60 0 74 233 86 255 76 0 247 190 62 0 189 0 255 255 12 255 122 190
    129 133 0 255 255 203 200 38 0 112 48 209 138 239 125 255 255 17 31
    255 215 0 255 24 175 9 255 134 0 204 0 255 27 103 255 242 255 132 12
    103 3 11 51 216 255 0 169 249 1 255 233 0 0 141 0 117 36 221 255 235
    0 0 122 215 122 126 233 209 250 141 0 192 255 216 27 0 101 0 198 255
    0 0 240 206 255 188 0 192 16 32 194 26 0 104 0 0 176 72 242 0 4 255
    23 0 39 255 122 43 30 247 207 1 255 122 0 184 89 10 17 69 26 255 209
    8 60 0 163 237 148 0 255 152 165 0 255 186 161 0 221 165 96 255 105
    0 255 159 255 143 255 106 135 12 111 194 0 197 47 58 168 255 6 84
    193 255 122 94 69 137 0 154 254 91 44 255 0 0 191 0 255 216 255 191
    83 83 1 255 0 37 255 0 255 142 0 255 46 245 124 184 255 27 0 217 118
    255 255 255 68 189 0 144 189 255 237 0 255 0 234 0 70 56 82 189 0 0
    0 255 151 156 0 0 209 242 255 37 255 47 93 93 130 141 50 0 212 255 0
    213 255 6 6 255 217 40 6 168 43 0 252 184 0 219 137 193 132 0 179 49
    77 216 213 255 0 150 163 115 255 255 103 0 195 109 156 181 205 255 0
    0 255 32 216 0 72 250 0 255 255 0 189 242 0 58 255 0 237 0 255 255
    158 241 0 255 255 0 23 113 16 0 74 191 71 149 0 255 0 0 109 181 28
    110 228 161 211 119 122 200 102 0 255 255 144 20 255 222 0 255 0 93
    87 189 19 218 70 0 248 213 0 145 70 216 167 132 118 240 181 255 83
    51 255 254 183 52 166 238 31 255 139 154 255 127 66 169 255 135 78 0
    0 193 126 152 0 255 255 0 70 255 249 0 255 121 163 141 49 167 0 84
    221 127 154 0 0 255 254 53 160 146 116 56 255 255 30 255 186 0 62 72
    58 57 23 255 98 255 88 0 224 255 69 171 47 1 214 51 72 76 255 119 0
    153 255 255 255 255 221 255 255 0 52 0 157 39 0 220 109 140 38 0 0
    255 255 0 165 67 174 76 0 228 255 0 48 255 0 43 102 136 0 255 0 110
    190 8 123 0 0 0 255 201 0 242 255 255 99 255 211 0 76 48 165 255 247
    126 131 0 0 164 233 118 238 243 129 223 235 0 255 255 1 255 146 255
    255 181 207 122 68 0 158 212 173 254 119 255 251 255 158 48 209 240
    0 214 255 20 255 225 255 3 0 200 176 153 0 6 85 238 38 147 255 148
    255 251 0 0 81 255 255 185 197 0 0 255 196 152 89 61 255 221 255 6
    255 92 0 102 18 124 0 78 0 0 0 0 0 153 255 0 81 255 0 107 255 141
    221 70 255 27 0 254 237 205 146 255 166 78 255 233 23 0 160 230 61
    177 18 46 185 42 247 0 10 149 222 51 202 48 138 255 0 119 255 255 74
    85 255 196 247 75 208 0 0 148 0 0 82 80 83 255 0 0 106 173 131 29
    255 221 106 255 0 0 187 254 58 255 51 255 102 176 255 4 255 160 75
    139 1 0 0 175 255 20 103 3 101 77 83 0 66 26 0 0 113 231 0 121 230
    49 118 202 255 255 255 255 255 106 216 144 255 201 98 243 46 37 70
    198 47 63 146 0 224 123 158 55 100 0 140 54 0 246 255 110 0 0 187
    236 0 0 0 255 71 165 22 0 165 120 46 82 69 124 0 125 0 6 136 73 134
    152 232 49 0 0 156 0 192 92 0 0 30 255 25 52 249 221 255 45 255 0 2
    255 15 242 122 50 31 32 0 0 122 228 255 255 43 255 133 138 255 0 86
    255 80 114 0 187 255 255 47 98 255 255 121 251 229 118 177 219 255
    53 2 41 219 184 19 126 255 106 119 40 84 254 0 230 94 0 172 104 255
    209 215 180 7 255 254 255 79 255 111 246 255 0 130 211 223 239 69 55
    23 209 68 247 0 205 255 255 106 22 64 253 150 36 255 255 60 139 187
    255 177 120 208 142 255 24 186 87 68 186 0 23 254 255 225 0 122 255
    48 0 0 255 255 210 225 223 255 219 39 132 187 14 0 34 121 212 82 0
    225 40 68 255 217 215 254 255 99 0 255 9 0 255 0 255 42 188 204 63
    255 255 255 255 255 255 60 175 106 152 187 0 155 45 240 0 7 255 160
    255 17 0 74 62 255 19 0 232 23 158 27 194 208 182 96 46 237 74 255 0
    0 156 131 110 0 255 16 162 0 0 132 0 23 0 0 0 33 56 37 163 187 29 4
    110 255 36 255 190 114 255 226 133 255 96 124 49 11 136 141 255 76 0
    253 89 209 255 143 255 45 0 255 0 0 255 255 175 98 237 0 0 69 64 47
    168 209 0 181 0 33 0 108 191 151 0 187 189 0 158 196 120 109 0 32
    255 184 122 166 228 111 62 96 107 115 255 125 67 57 236 255 0 104
    118 8 200 255 0 188 0 143 36 130 38 31 71 158 0 243 255 215 255 57
    204 199 255 114 233 158 255 61 255 255 168 204 0 211 61 255 12 76
    255 198 189 171 170 3 239 190 243 109 148 0 235 0 196 255 50 0 30
    135 250 68 240 0 190 255 0 229 0 255 0 0 60 65 0 255 162 74 0 0 255
    25 151 54 115 68 118 255 205 0 132 211 193 164 221 141 177 255 130 0
    237 0 49 0 94 83 0 150 227 145 0 76 72 185 106 113 116 0 0 255 0 13
    171 23 93 50 0 255 87 12 0 81 213 119 155 255 223 24 131 130 77 208
    240 0 162 14 167 247 0 60 174 114 175 55 216 67 73 177 137 44 255 0
    255 0 176 66 175 181 255 243 0 0 177 159 89 0 98 201 255 78 0 152 54
    148 0 203 60 199 119 61 49 1 255 36 35 255 232 110 255 222 255 255 6
    70 141 241 158 87 247 0 108 224 255 232 14 0 0 94 255 195 0 255 77 0
    84 43 198 110 215 199 53 79 116 202 211 255 164 222 161 45 59 122
    178 0 140 112 3 70 255 10 47 223 0 255 5 255 168 92 255 255 235 249
    255 77 255 255 191 219 5 104 0 155 78 255 255 0 0 255 123 255 46 255
    137 0 132 163 95 0 51 217 71 255 1 234 255 67 222 129 220 200 255
    238 193 255 255 66 231 107 255 136 125 255 14 132 0 19 0 223 0 0 55
    0 217 182 255 229 197 150 255 154 55 95 255 0 0 255 255 255 0 225
    192 0 78 186 255 80 165 79 99 0 16 255 0 0 60 193 0 255 255 195 255
    255 92 0 2 255 69 0 45 0 1 255 0 186 193 205 156 255 69 1 255 255 0
    202 255 0 0 246 152 0 109 0 33 255 161 191 0 62 186 255 255 237 166
    255 23 255 104 0 90 47 0 107 25 229 0 229 5 68 221 204 126 255 87 0
    255 255 89 188 74 16 123 53 6 153 186 3 200 122 255 255 246 214 0
    255 225 190 0 47 0 255 15 0 255 66 252 0 201 166 84 0 0 185 2 202
    233 241 108 255 0 57 69 64 0 113 146 128 255 0 217 255 181 130 202
    20 255 0 243 244 255 0 255 255 255 255 54 168 0 0 255 165 0 231 36
    123 144 252 0 53 83 44 81 255 92 0 0 143 232 176 0 88 223 25 196 7
    106 255 0 0 179 95 44 255 233 255 255 39 255 255 227 32 156 255 216
    70 0 46 148 205 72 137 97 105 254 255 166 0 7 0 255 0 0 126 0 184
    222 0 196 0 255 0 133 114 210 194 244 255 26 255 0 0 126 254 38 96
    78 181 170 40 205 0 245 126 255 169 218 93 0 0 55 0 179 255 54 136
    99 255 10 227 255 0 255 189 0 255 207 13 60 133 220 0 237 101 0 86
    230 215 189 146 253 56 0 255 255 255 100 0 255 255 101 0 218 255 123
    137 0 203 146 218 89 255 255 1 0 0 255 180 26 1 150 233 170 255 135
    195 201 0 228 255 151 242 255 136 255 28 0 150 0 8 5 250 139 115 173
    189 48 255 255 89 147 0 138 58 0 0 0 172 165 44 0 255 255 0 162 3 0
    37 133 69 0 53 34 0 121 0 149 211 255 96 0 235 210 52 236 0 0 151 0
    43 255 139 255 0 54 43 42 4 101 0 28 220 97 0 177 190 75 170 185 46
    255 97 117 59 189 0 212 7 117 255 79 16 255 255 57 140 225 25 58 255
    244 152 138 69 16 255 0 197 222 29 61 92 0 126 147 0 0 0 6 255 255
    196 148 242 176 255 130 255 240 250 47 0 154 34 136 146 255 55 236
    119 155 224 202 255 85 0 59 255 255 237 94 178 255 168 98 5 191 63 0
    0 7 255 40 255 151 65 150 0 240 226 0 13 0 12 88 0 31 0 247 170 246
    236 123 44 247 33 236 50 255 26 255 100 0 0 201 18 224 164 77 160
    255 239 35 140 0 51 56 255 175 0 229 0 93 255 156 0 154 0 0 217 255
    112 0 165 255 219 15 95 0 96 30 0 63 0 100 99 172 0 255 255 9 255
    161 0 186 0 173 164 10 255 92 255 255 0 30 255 255 177 255 255 88
    111 255 255 207 0 62 162 177 128 255 230 116 128 7 160 208 61 255 0
    58 113 0 177 240 0 59 138 0 143 57 247 255 44 0 215 52 255 255 5 8
    255 14 103 255 124 0 0 143 255 25 142 14 151 0 5 32 86 255 220 0 47
    71 255 105 151 45 0 255 57 53 255 255 202 77 154 0 35 48 10 187 255
    186 31 55 255 255 58 255 255 255 0 0 35 16 0 143 239 26 255 0 255 71
    255 255 231 138 0 0 255 97 0 252 240 63 0 228 199 0 108 22 221 0 255
    255 0 255 186 255 0 0 16 243 211 4 0 77 166 0 255 231 181 255 255
    255 42 60 255 91 48 0 206 0 151 229 0 155 192 0 100 249 255 238 0 80
    0 255 57 0 139 185 0 141 102 253 255 0 255 131 67 73 78 61 186 181 0
    218 178 0 255 160 202 255 228 172 230 27 102 171 110 38 0 172 6 89
    27 255 0 197 0 50 19 255 152 231 203 41 76 0 84 0 183 175 229 110 26
    0 18 201 255 84 0 150 50 184 78 82 243 52 255 26 68 0 146 235 183 0
    178 222 14 118 255 0 0 255 212 170 245 6 74 110 0 93 0 0 207 0 231
    38 145 102 210 255 255 117 0 0 246 221 39 92 144 119 183 144 170 255
    58 203 255 0 196 255 255 255 171 255 131 182 0 255 255 255 187 0 193
    208 217 0 193 126 240 0 100 11 92 137 63 171 155 255 233 0 225 4 134
    57 0 255 128 127 123 0 69 31 75 131 0 77 24 255 56 150 190 0 38 159
    0 80 57 32 0 119 177 191 120 0 0 0 26 255 0 26 0 0 167 69 255 124 0
    50 231 253 48 255 255 93 216 212 0 0 134 243 119 255 223 77 214 26
    114 168 0 0 0 255 53 0 129 255 255 0 199 255 175 255 184 255 0 0 160
    249 109 31 245 0 17 48 169 0 109 111 0 0 199 77 0 185 0 25 246 136
    244 255 83 96 61 255 0 0 51 185 255 255 98 118 255 26 255 251 0 0 0
    0 0 15 255 178 255 231 180 0 163 108 0 255 109 95 42 183 119 221 0
    255 0 218 95 187 30 255 6 130 239 49 0 72 255 166 68 90 255 255 0
    185 204 0 150 0 214 255 18 63 150 255 82 255 227 189 31 0 255 127
    219 107 124 77 255 0 0 167 0 31 64 133 10 166 4 248 255 83 103 255 0
    162 4 0 210 0 136 117 0 234 255 0 86 89 35 255 86 51 227 171 255 0
    120 0 143 255 223 255 0 13 255 0 255 255 173 255 171 161 139 0 63 91
    52 255 255 255 10 0 130 0 255 134 166 255 0 113 161 255 225 255 0
    231 0 250 30 25 255 143 0 255 255 255 32 0 165 0 46 248 0 15 7 0 140
    0 255 255 171 65 158 255 146 114 79 180 142 115 255 187 0 0 69 100
    62 253 198 0 0 141 164 255 98 190 160 255 0 255 0 245 19 65 7 65 108
    73 173 255 101 195 0 0 255 255 100 73 255 148 255 218 166 236 227
    186 128 43 252 214 196 25 231 255 0 136 0 70 0 255 44 24 255 255 108
    128 255 136 255 6 233 244 201 219 172 0 77 223 109 255 75 58 242 181
    0 26 212 203 255 105 255 41 4 47 97 0 255 64 168 114 221 0 85 153
    178 128 179 255 0 82 255 75 48 239 179 207 0 192 53 0 255 255 0 225
    129 192 255 0 142 44 0 51 255 251 72 255 255 0 114 227 131 0 142 243
    1 21 202 255 230 215 255 0 80 217 0 64 52 0 255 1 219 218 178 168
    255 255 61 0 19 255 0 255 0 80 0 32 0 0 236 170 43 255 0 76 255 35
    193 0 109 0 255 56 75 8 255 255 24 131 20 65 94 91 0 0 255 112 98 42
    67 255 0 91 0 158 10 0 152 123 27 0 255 255 202 133 255 41 91 255
    163 255 37 214 215 136 140 0 11 38 118 243 150 44 0 204 185 155 0 41
    86 0 50 61 225 127 0 128 12 52 0 18 223 0 0 0 255 213 0 51 128 51
    146 92 101 0 4 112 197 0 212 0 248 170 129 133 0 70 111 72 255 105
    188 0 223 111 139 239 196 60 91 255 255 45 0 255 53 54 67 0 0 70 255
    155 255 138 0 255 0 179 255 216 0 255 210 224 255 111 156 136 255
    193 234 255 237 0 255 246 0 58 0 168 146 133 255 95 255 175 255 38
    239 199 105 164 125 0 236 249 90 129 133 0 0 255 79 138 90 54 173 0
    254 255 255 42 232 36 156 0 0 103 241 11 10 216 195 0 81 53 194 202
    22 255 108 255 102 229 255 82 26 94 0 104 91 46 255 0 122 76 33 255
    255 104 127 0 117 0 0 91 244 87 76 255 255 229 0 0 12 255 99 215 255
    250 248 141 173 0 255 99 0 105 0 70 0 33 0 118 240 19 242 255 255
    202 255 128 255 177 206 201 66 153 131 194 13 0 131 60 77 129 255 30
    255 168 188 212 0 227 255 223 79 153 0 255 188 132 209 183 0 82 155
    231 255 94 255 61 0 255 137 0 58 89 130 67 0 30 0 109 0 165 218 156
    0 78 255 94 255 0 255 255 93 170 236 210 7 209 14 53 135 41 242 202
    0 101 32 255 193 77 167 255 229 0 46 88 177 156 201 130 201 149 38
    69 255 255 0 114 201 247 95 232 131 255 173 113 0 165 82 0 29 36 255
    9 143 255 192 57 55 252 72 0 0 255 192 241 110 0 48 161 7 8 171 231
    173 0 49 83 0 255 255 107 255 0 103 255 243 70 191 72 139 255 0 45
    75 20 2 164 0 37 125 0 8 0 243 155 103 2 45 16 0 223 154 0 105 239 0
    41 0 120 166 162 44 0 13 49 0 47 58 179 255 191 0 152 255 255 216
    229 255 255 0 38 12 226 0 118 153 0 0 255 255 191 255 255 183 200
    174 192 198 0 255 199 106 248 15 242 88 255 54 255 255 34 88 0 232
    255 0 11 187 134 0 242 201 126 212 109 255 238 255 228 236 40 0 69
    255 0 0 0 114 186 15 66 0 255 133 0 255 149 26 11 255 255 112 189
    255 30 255 139 0 0 252 0 255 242 117 255 0 255 230 0 0 0 0 103 0 25
    226 6 255 212 241 0 144 255 28 0 255 255 139 255 30 250 91 0 204 0
    74 249 100 0 94 41 237 19 255 98 251 126 20 59 107 0 28 146 87 101
    209 92 0 0 255 209 155 47 255 58 0 255 118 119 204 0 88 4 212 255 81
    98 0 180 255 35 170 115 255 227 0 65 248 222 230 124 219 0 255 0 194
    0 69 255 0 165 143 255 155 169 0 255 248 240 255 178 127 255 147 242
    162 172 0 103 32 255 199 122 207 228 119 0 198 255 255 171 255 255
    152 61 255 0 72 0 255 255 231 255 95 3 255 248 192 96 0 115 245 17
    10 255 194 0 230 11 10 204 203 171 255 101 242 255 70 255 231 39 56
    0 47 255 59 185 154 35 255 0 0 255 128 0 0 230 77 255 79 255 19 222
    73 92 22 226 255 215 44 247 90 161 183 244 255 0 69 208 11 188 0 128
    207 73 77 182 0 208 0 85 243 14 22 0 212 0 0 255 193 60 47 0 14 0 8
    155 255 255 80 212 255 177 255 0 47 255 247 255 244 167 255 0 255
    145 206 189 0 92 15 0 255 160 0 142 6 0 0 0 0 0 171 186 255 95 4 33
    0 42 97 18 255 139 147 255 165 255 184 0 45 196 0 54 90 13 0 0 155
    103 0 249 182 29 0 138 119 255 64 255 72 147 0 98 255 0 255 236 96
    90 218 225 255 0 0 255 255 3 255 196 255 65 255 255 102 242 158 176
    34 104 255 143 0 80 132 255 255 245 0 78 0 0 191 0 255 228 178 35
    144 197 184 231 14 225 166 204 231 34 180 176 178 78 205 255 248 79
    255 199 255 60 187 18 255 255 169 0 255 99 191 24 0 22 74 232 154 85
    164 114 45 210 135 0 255 255 255 255 255 94 21 42 0 0 3 191 109 95
    211 154 255 0 24 180 120 24 68 19 0 33 148 245 68 37 106 235 231 0
    18 49 0 60 23 86 0 255 8 55 255 77 226 0 124 0 0 0 53 221 56 177 0
    101 0 0 0 255 191 255 200 8 95 184 35 214 255 229 255 0 255 146 55
    56 255 88 0 156 255 0 65 43 161 255 0 19 224 0 255 159 255 255 177
    105 87 0 167 0 105 87 82 108 7 88 0 0 168 0 2 104 255 255 250 178 84
    29 175 7 151 0 0 43 0 141 255 218 0 254 23 246 43 119 151 201 178
    184 0 111 27 134 0 13 0 255 169 221 81 5 0 18 223 0 255 0 236 28 0 0
    17 67 0 55 0 255 64 100 0 243 52 229 184 15 34 255 26 0 53 164 159 6
    255 255 0 80 255 7 255 255 42 203 167 33 255 45 120 50 55 102 230
    232 55 22 255 255 193 232 242 255 0 0 107 255 255 50 0 255 0 145 0
    160 93 76 255 148 190 143 144 255 16 28 0 127 0 197 134 111 16 73
    255 64 71 255 255 0 0 0 83 196 155 0 0 185 39 70 14 91 255 131 104
    196 0 48 255 255 255 222 111 0 207 0 185 86 0 204 87 255 160 255 136
    12 178 145 255 103 25 0 95 255 113 62 191 94 75 0 46 119 248 249 136
    252 198 0 255 176 135 171 246 106 255 155 193 50 0 248 110 0 153 0 0
    0 255 166 0 0 204 69 0 255 28 25 255 0 255 123 9 167 54 117 0 139
    241 191 255 255 183 255 0 45 255 20 219 159 217 111 230 147 221 206
    91 57 0 230 0 44 0 0 255 227 255 232 0 134 250 9 80 52 139 255 201
    155 28 79 124 20 255 255 0 57 126 255 183 174 188 49 0 102 255 189
    111 147 255 56 0 255 27 153 162 231 148 0 203 138 107 255 190 255
    255 240 0 0 197 0 0 211 38 255 255 40 255 246 9 227 0 0 50 0 216 16
    18 173 191 255 223 0 33 252 255 139 107 0 255 99 150 255 255 0 22 18
    0 255 20 103 14 70 255 247 232 0 255 0 205 148 239 13 0 219 255 232
    120 83 146 255 0 255 115 0 37 21 159 118 211 101 0 148 213 0 186 0 0
    255 255 0 255 255 182 202 135 0 0 255 255 248 162 0 255 0 196 186
    105 61 0 158 253 192 113 12 255 140 192 88 255 161 2 0 255 173 62
    255 218 184 0 255 244 0 0 97 254 255 34 0 90 0 0 96 188 0 255 0 255
    0 159 28 255 254 232 74 149 243 141 255 180 255 255 183 122 248 121
    0 0 7 255 225 34 255 112 184 195 255 97 5 17 186 201 237 255 12 54 0
    204 81 206 53 255 208 255 152 255 149 115 236 0 238 255 0 199 255 16
    186 20 144 255 37 255 134 182 19 0 9 0 255 50 179 71 129 221 0 141
    255 53 131 255 255 255 220 251 255 0 240 22 217 165 98 246 255 106 0
    134 161 64 206 0 237 52 255 255 0 184 232 236 255 255 254 44 102 75
    199 110 254 255 0 0 0 255 93 81 124 215 58 105 0 201 102 128 180 82
    255 117 2 144 135 232 98 0 255 153 207 79 255 105 207 225 128 69 6
    255 191 103 186 255 90 60 255 64 255 0 0 0 0 84 0 249 147 6 255 139
    255 202 0 154 115 192 84 255 172 86 21 255 0 48 170 255 108 0 0 114
    217 115 255 19 233 0 1 8 0 221 207 255 0 117 173 5 255 0 11 0 255 0
    240 0 67 144 255 255 255 255 167 15 30 183 255 41 0 133 116 253 0
    255 236 77 0 255 162 0 161 255 255 73 255 93 255 255 255 27 0 84 182
    109 240 172 255 214 255 0 138 255 140 220 255 255 167 149 207 161
    169 11 0 231 101 172 0 6 255 69 255 218 246 54 27 255 0 186 0 28 91
    214 116 248 119 197 171 180 73 170 179 255 191 39 74 65 255 255 255
    164 121 0 255 80 217 255 255 92 229 124 102 0 0 0 0 68 113 255 0 0
    227 171 219 128 255 248 32 215 118 252 0 0 71 215 187 226 110 255 0
    70 183 0 0 76 109 24 255 13 0 183 34 22 30 233 15 255 88 255 255 167
    255 52 153 255 35 4 35 255 0 255 105 49 105 46 45 247 61 0 195 255 1
    255 0 255 0 189 124 210 193 255 255 206 99 0 163 108 16 166 112 0
    255 111 250 130 182 176 186 255 255 225 192 89 0 255 143 0 79 1 255
    0 196 177 255 157 42 209 255 244 255 116 113 198 229 62 52 0 255 255
    21 255 255 0 70 76 22 0 165 120 28 255 255 255 196 255 78 227 112 0
    0 212 67 225 20 57 0 0 0 102 93 255 18 101 236 0 0 225 0 136 0 57
    184 151 255 0 255 255 92 255 0 255 255 228 244 145 0 12 174 20 0 199
    206 255 255 249 122 38 255 86 0 255 41 193 166 102 43 0 91 121 0 131
    92 255 255 163 85 50 255 235 0 239 52 46 230 111 35 85 63 0 255 17
    35 44 0 0 129 139 255 227 126 0 0 226 214 121 243 255 77 11 255 58
    250 182 143 127 36 235 0 84 255 84 153 233 255 204 26 66 255 55 75 0
    232 111 255 145 191 0 117 231 255 50 48 0 232 255 68 90 55 142 0 73
    70 227 254 0 26 231 0 0 27 234 0 0 124 0 0 200 222 255 187 0 40 0 57
    0 93 249 118 70 0 255 133 255 241 197 27 72 255 56 209 255 0 255 0
    150 255 0 232 220 0 255 255 255 138 0 255 255 117 0 98 228 0 0 255
    31 27 255 0 41 0 146 207 255 140 0 207 9 0 226 105 213 205 195 16
    143 227 3 102 0 220 158 143 255 27 232 229 0 254 0 0 0 115 149 249 0
    83 225 62 255 0 205 187 187 207 64 0 0 132 2 66 0 19 255 123 0 255
    255 255 0 60 223 92 0 166 255 255 131 187 83 152 177 85 167 0 255 0
    0 0 195 255 86 27 255 0 43 31 50 0 129 204 70 212 46 67 174 165 206
    45 255 162 0 0 75 254 136 91 83 27 248 183 255 75 66 255 0 149 0 142
    255 240 132 28 52 255 253 147 0 255 255 0 116 255 183 0 155 164 0 0
    227 115 115 16 73 255 0 255 0 255 114 0 190 52 255 246 209 255 255
    86 68 177 163 255 7 23 0 0 255 227 156 36 67 2 215 59 255 72 73 143
    57 201 127 0 255 125 95 17 0 219 99 245 0 0 67 101 151 19 76 255 54
    32 232 11 255 30 158 251 255 255 248 63 246 209 184 226 168 255 213
    232 255 0 0 0 129 179 0 255 0 133 99 255 0 100 121 0 1 197 40 104
    255 29 0 193 124 214 162 255 77 0 148 0 0 224 207 0 255 206 121 205
    194 254 9 0 8 75 0 217 255 255 0 0 100 61 109 68 78 255 102 0 0 14
    37 255 0 42 255 0 255 51 255 0 0 188 0 0 255 255 179 255 3 255 0 154
    255 223 180 85 0 171 0 249 26 113 20 96 255 214 151 255 56 0 255 0
    249 0 237 255 119 103 0 45 158 234 0 103 194 108 230 43 255 255 39
    213 143 65 79 190 255 216 0 255 0 209 107 249 255 0 134 189 14 54
    255 147 0 189 241 45 28 255 28 129 0 255 0 167 255 61 255 234 255
    226 60 138 255 0 63 255 188 253 192 140 0 101 0 197 0 90 255 69 0
    212 255 0 108 110 255 164 0 255 99 166 95 198 200 50 186 174 255 0
    120 108 183 240 253 94 0 221 248 18 0 245 0 0 251 30 35 0 0 255 159
    182 255 255 109 191 0 36 157 0 142 216 226 116 255 211 255 0 255 76
    0 6 0 22 70 0 0 0 84 139 188 255 6 140 174 28 255 186 255 44 228 10
    0 45 112 160 187 32 229 186 238 193 0 6 0 255 0 3 255 255 154 204
    255 223 241 204 0 38 50 255 143 33 165 4 95 162 68 22 35 163 115 194
    255 255 0 21 60 83 41 172 144 88 151 0 0 255 223 89 171 64 74 202 0
    0 255 204 0 33 255 0 255 244 182 255 221 255 166 4 195 255 0 0 155 0
    0 100 181 0 168 255 161 165 125 0 1 134 0 149 109 189 121 255 185
    192 229 0 99 160 152 3 255 150 150 205 255 87 107 0 182 0 255 93 51
    29 223 255 54 255 255 255 59 34 183 42 255 84 216 201 255 0 249 79
    67 0 123 151 71 0 135 0 122 255 0 175 131 0 91 255 87 255 76 163 0 0
    120 0 255 179 164 142 255 249 0 0 121 212 90 243 157 237 255 85 211
    255 89 122 2 255 0 26 255 255 182 226 0 236 255 0 116 255 0 37 186 0
    24 0 0 0 10 205 166 255 34 255 187 23 0 0 114 0 226 0 0 0 1 10 193
    98 136 4 93 45 255 36 45 1 16 48 232 11 0 172 255 245 104 255 0 239
    221 0 43 0 40 255 173 13 0 205 255 0 157 153 19 6 156 255 50 172 235
    250 31 221 106 0 65 255 255 209 148 255 181 0 255 112 0 255 0 54 0
    132 67 37 111 0 27 23 79 255 190 0 0 0 169 252 0 255 255 117 155 40
    21 255 0 255 194 224 85 186 154 140 136 255 121 95 0 236 0 0 65 9
    195 0 123 224 0 62 255 73 179 255 184 162 208 166 108 71 255 157 215
    87 0 27 255 255 217 210 255 0 255 0 210 233 23 255 0 121 137 249 255
    251 141 204 240 255 165 0 0 24 136 255 88 0 60 0 18 238 196 134 0
    255 251 0 0 192 195 9 0 0 0 246 69 0 0 104 116 255 90 255 160 59 255
    62 52 227 0 73 0 171 76 84 95 219 255 104 95 208 0 95 253 87 125 255
    0 255 65 0 166 126 0 203 255 251 105 250 0 203 0 81 255 0 0 255 8
    255 204 159 0 198 0 255 0 255 28 213 28 0 0 122 0 140 173 68 211 255
    44 138 241 0 255 9 0 63 49 60 161 162 255 177 164 157 25 255 135 255
    255 68 213 255 0 166 163 48 0 49 88 236 255 255 201 129 59 64 255 0
    255 106 0 103 0 0 0 105 255 69 0 57 244 255 0 255 110 54 0 59 0 87
    116 0 77 225 148 133 121 234 255 255 173 133 255 234 0 0 9 126 0 22
    255 11 129 72 137 53 255 244 162 255 63 197 220 127 255 253 224 0 99
    110 0 106 0 60 149 255 255 255 83 255 2 148 0 198 0 42 60 0 255 135
    130 168 165 32 189 62 0 170 255 0 255 196 0 0 184 89 26 188 255 0 23
    255 163 222 0 134 163 68 255 216 255 146 237 66 77 140 255 255 255
    94 255 175 0 123 84 30 224 91 232 0 0 214 94 205 146 86 227 255 0
    222 94 250 12 20 46 0 0 30 34 244 18 59 255 61 146 11 255 200 176 0
    64 14 58 110 55 165 150 168 174 8 240 0 19 37 117 86 163 255 140 255
    227 68 255 112 124 24 2 105 89 206 0 255 255 255 211 124 99 181 0 0
    83 255 213 9 255 111 103 169 0 160 255 243 2 218 75 205 0 79 255 0 0
    255 145 246 154 80 233 141 72 0 255 255 101 106 2 255 67 203 221 192
    61 54 253 255 255 106 255 255 0 8 169 0 71 0 0 243 0 75 237 222 98
    215 37 38 161 255 159 212 177 37 37 255 255 0 245 136 83 0 94 0 0 50
    0 0 0 255 0 255 225 0 74 255 118 234 255 152 0 177 255 70 0 0 125 50
    0 196 14 219 255 255 0 180 103 0 0 0 167 169 55 0 15 83 142 139 0
    109 135 255 7 120 95 80 84 255 0 162 166 0 246 0 199 125 67 255 255
    174 72 0 255 150 229 24 255 255 177 68 138 220 67 131 0 0 184 255 94
    0 255 159 236 0 46 255 87 95 29 82 0 43 0 189 241 51 248 0 95 0 0 52
    0 243 85 9 140 0 0 162 255 247 150 88 255 202 117 255 71 246 37 190
    57 66 196 2 75 98 112 255 138 167 255 72 154 154 249 62 0 146 109 0
    206 162 17 0 0 196 0 146 122 0 150 247 129 0 238 255 66 0 0 44 255 0
    44 255 27 0 255 92 3 18 255 89 0 164 47 215 135 255 166 237 0 100 80
    0 255 255 54 113 255 52 154 147 208 13 24 51 101 234 82 141 255 0
    118 0 0 153 221 11 237 178 0 85 255 137 0 0 255 82 0 90 0 0 56 0 255
    37 0 117 163 216 81 51 52 89 52 129 0 65 166 102 0 173 0 180 61 124
    255 71 255 255 254 203 0 182 0 0 250 220 182 19 214 254 174 0 5 65
    224 95 0 178 247 211 0 0 93 0 0 168 227 255 0 49 176 255 250 199 185
    57 5 255 255 0 40 0 0 0 0 255 84 227 255 0 105 15 232 255 255 255
    255 255 218 255 197 180 255 136 0 255 146 35 102 87 197 46 0 0 255
    213 89 187 203 170 15 0 144 149 250 255 255 255 0 45 197 1 94 0 76 0
    255 255 19 255 203 146 0 8 128 153 98 255 159 255 126 255 255 255
    146 54 188 49 0 0 168 255 110 0 228 42 0 0 112 53 20 33 46 255 189
    64 188 255 0 165 173 222 225 131 255 245 0 255 187 121 0 143 144 134
    255 0 147 12 0 68 36 185 227 0 61 255 0 111 37 217 117 97 255 240
    230 255 0 76 255 0 116 227 4 255 0 96 154 26 0 105 27 69 232 226 161
    0 0 210 79 14 255 0 82 59 255 0 28 255 255 42 189 255 80 86 0 69 118
    76 20 18 162 147 0 0 0 179 0 0 227 106 255 113 255 250 89 213 179 0
    129 136 211 193 0 0 0 0 255 0 255 77 166 47 3 255 3 255 255 0 255
    255 0 199 167 101 255 0 0 255 255 0 113 29 2 107 50 255 255 188 0 12
    255 22 255 36 17 0 60 187 0 125 43 31 255 255 0 229 124 211 0 155
    147 255 0 0 216 47 255 135 0 40 0 0 255 255 128 77 137 55 255 124
    255 0 0 75 196 0 0 194 22 255 255 255 241 255 255 158 255 138 234 0
    255 255 5 166 215 63 235 255 155 0 136 0 0 190 101 4 255 156 255 255
    253 0 19 24 117 0 190 6 0 0 123 60 255 0 51 156 251 178 255 206 182
    87 238 114 33 25 86 65 255 24 0 113 0 36 255 0 160 32 114 21 255 215
    33 139 103 255 255 217 214 72 0 0 202 238 179 255 209 21 69 169 35 0
    180 53 0 150 134 0 230 234 70 94 19 138 155 253 255 0 207 255 157 96
    0 255 76 255 71 82 22 192 77 109 0 0 250 243 0 0 51 66 255 255 255
    255 0 255 255 114 201 253 255 90 204 198 0 254 216 0 209 34 255 15
    37 0 0 0 19 71 255 103 0 255 191 132 87 8 19 123 71 118 139 152 255
    250 124 189 42 164 24 68 243 255 255 143 14 255 27 209 0 15 255 0 19
    255 146 172 146 43 0 0 0 255 126 0 255 165 253 253 164 111 61 255
    180 27 255 255 255 145 218 89 0 214 237 114 153 136 255 255 34 45 0
    255 76 0 57 11 0 216 0 48 255 255 144 255 255 23 64 39 115 90 165
    255 0 0 0 232 0 90 80 207 56 233 70 190 233 68 16 0 100 201 0 0 32
    150 202 255 110 226 93 125 255 123 81 235 255 211 249 136 255 59 224
    255 124 0 173 6 22 255 40 255 131 239 144 35 133 208 0 219 232 0 31
    251 230 127 97 45 167 183 255 190 131 104 237 255 255 150 243 255 0
    20 63 0 165 0 0 255 149 139 13 237 255 250 45 48 145 124 8 0 182 255
    0 115 239 165 1 0 243 255 9 132 39 255 0 241 255 117 228 254 158 255
    0 255 255 0 228 45 255 0 111 255 0 0 255 90 255 0 0 255 0 255 255
    179 151 255 255 0 202 46 0 255 255 53 0 255 69 255 181 0 25 8 0 0 0
    0 0 255 238 255 154 12 1 146 205 60 0 0 134 89 0 174 207 249 222 194
    18 214 0 65 0 0 255 210 136 0 0 0 137 195 255 255 72 4 254 16 24 150
    35 255 252 174 0 53 63 73 9 240 113 255 140 255 35 255 139 238 29
    255 176 66 198 210 203 0 52 255 220 128 31 162 106 27 0 170 132 43
    122 107 0 201 255 55 255 0 86 212 0 179 0 255 0 181 245 10 255 255
    32 7 255 103 227 0 255 0 0 54 0 255 0 255 255 167 239 255 117 46 208
    255 166 255 255 255 151 255 176 48 25 255 176 0 64 165 229 206 255
    219 176 0 209 0 12 183 58 184 255 0 41 129 79 111 49 255 0 27 135
    220 255 0 137 17 197 211 0 255 7 198 252 255 238 126 127 16 159 58
    106 56 247 0 105 21 60 211 76 79 226 0 195 255 255 98 172 253 255
    131 0 48 255 110 0 117 11 255 0 158 40 204 196 255 124 255 0 0 255
    132 34 0 0 255 157 41 72 0 177 126 160 0 0 255 98 255 178 41 255 103
    75 0 75 255 255 127 0 60 200 164 100 173 38 52 84 214 206 0 64 255
    180 164 228 255 249 0 204 75 140 239 255 0 183 230 2 255 247 32 255
    242 92 130 191 232 0 102 36 99 104 98 36 124 0 82 255 80 118 3 101
    217 0 143 139 140 0 213 8 181 0 108 101 179 105 231 20 52 0 36 199
    55 0 0 255 255 121 0 23 166 68 255 0 15 65 27 255 146 107 0 20 0 88
    198 0 255 0 9 255 0 195 208 38 18 229 86 185 255 44 182 8 106 46 178
    255 55 255 255 0 0 255 217 255 0 22 116 39 80 0 116 0 0 255 213 0
    255 56 221 156 255 0 255 255 70 0 225 13 23 0 255 0 125 33 39 149
    101 187 152 203 15 71 4 194 15 142 77 236 107 93 24 24 0 101 127 42
    39 46 0 207 166 255 54 23 19 255 85 78 0 118 0 0 255 255 255 50 214
    222 133 0 0 0 0 11 30 255 123 0 255 15 21 7 255 0 154 255 203 0 255
    252 255 251 255 60 7 0 198 26 67 0 30 0 255 237 1 255 53 69 0 41 73
    4 31 79 77 49 0 86 249 80 0 182 255 205 255 46 146 104 237 161 0 118
    30 135 77 13 115 165 177 189 226 240 173 255 156 212 175 176 180 0
    60 255 92 169 255 175 62 58 188 104 57 255 227 175 157 94 255 0 173
    255 255 195 124 0 255 114 224 47 49 0 185 165 0 230 255 50 193 0 56
    35 209 6 66 255 180 81 0 106 255 0 38 183 0 99 37 248 171 255 255 0
    182 255 255 115 95 231 0 88 157 32 255 92 255 100 255 164 81 151 255
    6 0 172 176 117 255 190 255 14 0 201 101 16 0 255 21 255 180 92 53
    115 255 0 242 55 49 255 217 255 255 218 205 0 164 33 117 152 131 26
    255 0 43 0 224 36 176 70 255 255 255 0 0 138 255 235 213 163 53 255
    0 255 31 79 34 0 255 43 0 239 190 127 0 255 0 36 255 156 0 144 0 0
    251 223 0 0 255 255 208 141 35 255 24 86 39 100 255 28 183 255 171 0
    201 27 12 255 82 159 200 123 158 198 255 0 35 239 0 255 214 93 20
    168 255 255 214 0 174 199 255 165 234 19 172 29 127 255 103 0 255 61
    255 0 122 5 143 230 133 171 255 255 116 167 0 213 116 0 0 0 54 110
    255 253 26 163 55 0 247 255 91 67 27 149 84 175 159 52 1 177 173 114
    255 175 255 174 7 187 255 230 52 0 0 255 67 217 0 0 0 255 23 0 39
    218 11 135 202 197 112 206 12 255 255 0 124 78 0 234 88 18 191 0 255
    194 27 0 255 0 232 0 0 169 255 46 255 0 0 255 207 147 255 0 35 68
    255 251 235 243 199 79 197 211 255 210 107 255 0 0 0 166 51 62 0 255
    141 254 83 0 0 111 0 255 136 155 193 0 255 0 255 101 21 12 99 0 42
    82 184 0 211 2 0 106 255 221 45 0 255 88 29 0 176 255 0 153 136 215
    255 0 105 101 0 143 12 34 196 24 0 0 187 89 86 104 30 0 121 221 83
    177 0 203 59 196 175 2 169 0 231 48 255 20 239 248 0 215 122 0 180
    69 167 0 0 255 0 83 225 153 229 127 46 15 155 242 18 1 136 255 0 175
    255 0 164 245 0 53 232 64 255 43 48 107 255 72 75 255 36 23 3 158
    170 238 116 61 136 46 255 64 20 92 122 212 250 0 108 0 0 162 246 81
    255 205 132 46 86 184 255 0 215 81 5 40 255 30 16 255 5 197 103 215
    255 0 254 99 255 255 0 80 52 36 26 0 180 0 0 23 11 248 228 0 118 0
    61 183 0 115 255 231 126 0 0 0 38 50 201 154 192 255 255 255 179 216
    255 69 255 104 189 0 194 83 71 197 255 58 255 255 111 218 177 218 95
    60 229 235 32 255 0 118 169 255 255 22 168 128 156 0 0 174 0 0 216 0
    43 0 129 181 255 255 255 97 63 92 20 110 8 0 15 56 60 21 11 255 30 0
    0 188 107 151 255 255 249 104 189 158 90 130 211 178 162 255 0 225
    181 188 130 56 223 255 118 6 255 31 167 0 95 255 255 229 189 130 87
    64 156 255 176 131 162 95 255 155 0 16 96 0 2 78 198 242 25 192 62 0
    74 40 43 255 0 115 29 0 204 224 0 255 0 246 215 0 39 237 0 36 255
    145 255 118 254 144 216 0 155 255 19 33 100 0 156 0 183 1 147 255
    220 137 208 39 194 81 4 0 0 0 188 0 236 144 0 255 247 87 141 113 70
    0 14 255 253 0 240 0 199 0 109 96 255 76 0 118 121 84 173 0 161 1
    255 251 141 0 140 255 255 20 255 226 51 0 91 88 180 208 33 255 78
    163 131 255 255 101 0 60 255 117 174 65 240 0 255 0 143 251 0 219 0
    158 184 0 255 255 46 255 255 0 41 0 0 124 255 0 255 10 0 0 176 219
    37 255 58 222 248 0 255 4 21 255 51 165 165 0 188 55 161 0 255 140
    164 255 0 0 251 150 62 0 194 0 64 202 120 28 110 255 14 194 223 255
    12 171 227 105 255 8 255 23 255 20 255 201 90 178 201 248 244 1 206
    255 255 255 255 255 240 122 42 0 0 230 203 0 104 181 71 39 255 255
    123 255 26 197 176 199 211 86 23 204 106 0 63 0 68 255 105 206 223
    132 255 0 255 137 102 0 88 98 226 10 114 112 169 77 255 255 169 243
    0 0 94 0 255 255 0 255 255 70 255 187 151 93 255 81 0 255 196 0 24
    233 0 145 34 0 255 0 231 255 190 47 255 29 163 212 255 36 4 134 187
    56 133 121 255 242 161 116 146 255 207 1 147 0 0 255 210 151 249 147
    111 184 99 0 232 0 5 8 74 161 0 255 9 53 195 0 66 175 60 255 243 220
    0 137 0 255 89 94 255 83 255 130 143 255 0 245 162 111 45 0 107 94
    46 33 65 0 250 0 79 255 0 109 26 39 246 63 255 223 190 25 255 85 216
    29 199 39 0 0 155 255 255 255 156 236 255 166 0 181 255 12 244 0 255
    5 118 209 106 179 0 15 60 22 0 93 255 0 255 193 80 198 159 254 0 0
    118 255 16 237 99 174 0 0 203 78 176 4 86 255 247 230 96 255 117 150
    71 233 200 255 179 66 8 27 106 43 255 130 0 215 8 0 0 121 68 232 0 0
    198 246 251 217 51 109 255 215 157 90 77 255 92 0 162 93 0 189 109
    222 77 0 255 58 255 231 193 255 34 255 0 71 193 214 232 222 212 0
    139 68 0 0 255 113 0 0 255 0 0 90 53 13 255 234 0 0 205 181 236 14 0
    255 1 86 205 190 0 80 138 37 255 0 255 39 0 63 211 201 129 255 254 0
    27 35 135 198 255 255 136 152 255 97 0 190 123 10 89 15 186 0 0 21 0
    145 232 0 224 0 255 155 37 198 255 201 180 164 255 217 171 122 96
    134 12 244 255 122 164 255 141 50 118 44 255 255 74 213 17 255 136
    229 226 0 255 0 55 255 63 255 255 144 199 255 128 196 111 237 17 204
    180 255 28 255 170 0 0 0 107 0 0 0 189 192 165 0 255 94 255 0 255 10
    112 96 22 0 255 4 38 101 85 223 117 41 126 255 0 52 0 140 0 44 203
    83 0 0 255 88 125 255 10 0 41 214 240 56 255 237 0 5 255 20 255 159
    12 61 180 24 23 213 162 39 186 255 218 0 255 194 0 0 170 129 1 36 17
    255 32 0 255 0 255 146 0 242 174 186 139 21 0 95 42 255 33 95 82 0 0
    0 142 0 0 255 0 143 254 138 10 14 221 0 206 255 0 0 195 125 213 127
    255 197 42 253 172 105 214 255 28 226 0 0 90 67 0 155 0 34 0 241 16
    86 30 223 115 255 0 0 226 0 0 246 249 90 0 128 0 45 0 0 255 176 255
    0 235 187 14 200 255 229 107 3 0 60 111 0 85 255 246 6 101 0 138 61
    26 0 101 0 255 0 255 167 113 255 0 135 255 0 255 247 57 88 255 201 0
    45 255 106 0 255 106 255 255 255 143 13 255 128 239 0 11 122 255 190
    131 255 0 213 171 22 247 249 0 66 255 55 235 172 0 0 0 205 0 104 200
    109 77 41 240 0 255 86 165 174 224 164 166 34 255 193 255 140 255
    235 68 136 255 0 9 131 178 0 211 255 113 243 255 31 102 255 76 0 244
    141 0 13 41 25 248 200 0 36 115 205 255 0 33 38 246 0 199 255 128
    254 14 46 52 63 78 0 71 0 0 255 255 117 255 0 13 255 123 212 170 0
    213 0 196 0 2 104 164 0 0 0 122 202 194 129 0 188 41 74 2 160 97 0
    169 150 0 247 222 157 157 0 255 255 79 235 255 88 0 244 19 70 0 233
    255 142 175 186 0 193 181 202 0 97 122 140 0 145 238 0 255 255 59
    224 186 0 72 154 255 117 90 133 0 75 48 255 254 7 255 203 105 153 0
    162 255 170 255 109 0 8 255 251 25 249 60 46 14 62 255 130 0 0 0 0
    255 211 255 30 255 63 0 174 255 184 255 10 224 108 160 250 221 46 0
    72 0 239 0 0 62 190 58 197 0 255 251 215 11 78 152 5 4 0 148 67 0
    255 229 153 255 255 196 82 156 154 255 0 41 186 0 10 214 180 192 0
    236 0 0 0 199 0 208 240 238 189 0 255 255 145 0 146 196 223 0 196
    255 15 3 204 218 0 255 255 137 174 255 34 139 192 0 12 171 66 0 0
    255 209 8 255 0 255 18 0 117 195 115 119 242 0 0 9 255 0 4 48 222 35
    97 128 255 213 7 0 238 11 213 21 255 255 57 0 255 255 0 0 255 39 109
    255 170 16 16 126 7 27 118 0 255 0 205 25 69 255 203 0 106 175 146 0
    90 52 119 0 0 0 0 75 0 38 255 122 36 0 143 70 255 224 2 157 95 237 0
    134 27 56 182 255 111 0 0 255 0 255 11 0 228 33 253 255 255 255 255
    254 161 255 0 0 142 0 0 7 104 255 134 152 163 189 0 255 41 166 131
    255 62 255 30 71 255 146 84 255 232 255 255 90 211 10 130 62 129 160
    34 205 255 76 0 109 211 0 202 0 255 255 227 206 0 70 99 213 255 144
    41 1 0 131 0 132 171 2 255 119 0 162 218 255 83 172 0 255 225 55 0
    62 75 255 29 255 33 108 224 0 156 255 0 63 98 0 21 102 255 0 0 145
    166 1 255 255 236 174 52 199 170 128 45 118 53 175 24 255 255 180
    255 0 255 255 30 57 0 233 3 231 238 152 255 0 233 53 203 36 0 241
    103 255 94 0 255 170 10 144 206 153 242 159 234 224 171 255 0 197
    118 227 0 151 0 203 88 52 90 255 255 241 255 32 3 255 104 0 255 0 71
    126 226 37 255 166 98 207 0 31 129 255 0 32 96 161 250 0 254 244 208
    0 233 255 114 54 47 19 0 134 255 3 255 255 30 147 32 255 10 0 255 12
    101 43 255 180 81 246 0 248 77 232 0 5 216 188 0 95 224 31 179 42
    224 255 151 216 141 188 255 40 10 77 93 6 177 135 118 0 205 249 62 5
    99 0 0 255 254 176 255 255 255 255 17 98 69 121 69 152 255 0 255 61
    0 6 104 229 255 199 122 255 255 255 217 132 203 28 255 0 0 227 152
    205 9 255 255 78 255 255 255 255 236 255 15 253 70 6 0 0 93 212 233
    0 172 0 217 0 255 67 255 68 54 255 255 183 255 113 222 255 218 192
    24 170 255 255 88 55 221 62 189 10 255 49 0 0 241 177 54 41 227 134
    171 0 11 255 190 101 146 142 230 249 198 42 255 229 255 0 246 0 217
    70 153 0 0 54 163 206 237 0 176 255 60 0 89 0 0 0 193 51 0 61 89 197
    0 0 255 99 241 240 65 255 255 69 56 167 255 28 175 255 118 76 0 157
    0 0 0 0 49 44 38 105 0 168 128 0 255 215 237 217 112 121 100 49 1
    230 119 238 112 255 169 255 255 0 0 188 255 241 104 193 255 48 133
    193 255 255 140 233 207 255 0 255 60 44 255 108 0 255 255 124 117 85
    0 24 148 255 142 4 0 59 255 255 182 76 255 253 0 89 3 64 2 45 255
    190 23 217 78 0 164 0 175 203 151 188 255 40 211 255 165 255 130 97
    0 255 238 0 178 108 174 255 155 0 0 255 0 0 255 216 187 187 0 0 0 38
    176 93 26 59 57 255 52 93 255 0 102 255 0 0 33 191 183 255 86 0 148
    23 214 255 255 207 255 255 217 0 255 255 0 255 255 0 255 152 190 255
    154 0 255 255 0 130 74 99 255 21 64 255 255 0 255 191 49 164 84 43
    232 65 249 253 255 255 198 175 16 0 90 101 0 203 209 255 137 255 249
    120 108 156 220 74 127 175 60 34 240 150 244 255 40 248 70 178 255
    130 77 74 159 87 135 86 244 255 0 40 121 0 0 0 111 177 0 255 99 81
    172 242 223 255 33 0 255 73 255 26 255 255 173 115 172 0 201 0 233 0
    255 218 255 255 236 0 255 0 180 144 0 57 255 126 156 104 51 255 188
    33 211 92 0 228 0 139 66 33 21 253 255 0 0 255 86 167 255 13 0 159
    145 115 0 0 208 255 21 253 15 88 88 0 0 0 211 0 255 110 114 0 101 20
    209 0 105 138 194 115 255 56 0 92 208 255 255 0 73 255 53 160 181 20
    255 0 0 189 188 176 5 217 250 255 50 194 82 220 0 255 255 0 244 255
    255 223 14 0 71 151 255 218 47 227 146 0 201 255 218 255 245 79 0
    185 0 109 0 0 255 44 172 206 131 245 49 255 0 9 187 7 202 255 141
    255 255 255 51 245 255 141 0 249 125 106 98 3 255 255 235 57 210 255
    255 0 0 255 159 0 255 241 135 230 0 118 0 0 0 250 242 142 248 255 0
    45 167 0 7 180 255 255 0 255 0 150 239 0 212 169 18 255 158 0 238
    151 0 191 241 150 70 70 245 255 255 93 92 146 219 59 0 185 164 127 0
    53 66 102 0 255 73 0 255 0 0 255 225 66 255 240 155 168 0 53 0 239
    255 100 107 123 255 98 234 208 75 158 79 0 58 42 220 255 19 165 255
    137 255 255 93 247 182 177 0 0 193 255 195 0 157 129 15 48 0 133 0 0
    210 94 221 75 255 0 0 58 255 0 255 33 0 60 255 6 68 255 255 0 69 144
    219 45 16 151 192 0 117 194 255 123 255 230 255 81 132 0 255 255 255
    202 228 0 53 226 195 0 239 116 0 94 114 255 0 180 218 255 194 218
    235 255 255 0 255 198 212 147 177 255 207 250 165 255 255 255 211 4
    59 109 200 12 141 0 0 255 73 213 215 0 60 155 71 0 143 109 107 255
    179 24 255 172 240 231 0 145 173 0 0 26 206 0 95 255 99 0 23 255 143
    0 210 0 3 227 110 234 255 67 196 25 207 0 52 78 19 0 0 12 241 123
    214 255 253 100 255 19 176 164 252 172 0 17 0 24 158 255 60 174 147
    222 185 255 255 255 248 0 0 71 111 0 255 255 195 10 0 198 168 161
    173 49 80 255 0 0 0 255 255 193 35 2 89 138 167 12 0 255 0 0 0 255
    255 181 255 255 131 245 158 227 20 182 0 88 21 249 39 0 212 255 95 0
    255 31 174 211 255 242 148 0 0 199 208 233 255 74 255 246 255 255
    192 31 69 0 0 0 68 42 0 242 255 0 0 255 0 0 239 216 180 0 173 42 135
    101 12 153 0 255 96 0 137 174 0 0 53 0 0 221 255 86 0 169 222 26 214
    0 174 2 0 0 106 234 247 0 109 255 0 32 92 80 254 0 214 153 134 255
    11 0 255 0 192 235 0 128 0 42 208 0 255 255 255 93 232 0 29 253 0 0
    50 174 15 0 118 0 191 2 255 53 0 203 132 0 33 253 198 143 225 250
    197 0 74 255 226 150 0 255 180 0 0 93 255 70 7 32 46 255 143 255 0
    212 0 255 112 253 25 38 218 81 7 248 255 179 112 0 8 143 0 15 224
    238 51 81 236 220 68 255 255 183 197 116 234 54 61 168 0 249 185 255
    0 117 88 255 173 94 65 181 255 60 255 173 198 255 230 202 0 255 242
    204 10 51 0 139 116 255 0 0 130 0 0 233 0 162 2 128 177 167 174 255
    67 236 0 212 123 199 230 255 0 0 75 179 105 46 23 41 48 255 255 255
    0 134 171 118 124 255 16 255 255 255 10 255 255 0 255 95 255 0 60 50
    119 22 182 170 66 66 138 255 112 186 166 0 0 50 85 255 0 136 0 0 3
    89 146 0 142 6 0 255 130 255 248 66 169 205 115 226 86 255 191 44
    255 210 102 239 31 137 255 229 21 142 217 0 223 255 255 0 29 16 36 0
    11 208 47 0 255 149 255 62 255 255 55 249 0 106 34 182 202 0 190 6
    36 255 27 177 2 0 184 171 192 0 255 232 38 0 55 255 41 103 117 88
    255 102 0 0 0 243 244 255 255 255 144 186 255 38 98 104 1 176 247
    114 102 73 0 143 78 189 255 250 199 185 177 74 178 198 255 17 255 0
    94 135 166 121 22 0 136 163 173 255 149 182 0 0 189 173 0 238 255
    255 255 0 2 209 0 121 49 255 50 52 111 67 166 246 0 25 125 200 255 0
    240 255 0 0 8 19 11 155 255 196 251 52 31 255 60 112 117 0 175 255 0
    182 84 197 208 180 20 255 158 0 203 255 140 0 228 255 16 195 149 0
    255 54 255 70 0 218 125 233 231 168 126 44 176 0 255 190 0 58 0 228
    227 40 83 118 255 26 19 133 0 170 0 78 255 62 248 93 255 255 0 137
    196 0 0 101 120 195 112 0 243 46 250 255 255 255 4 206 243 254 213
    104 20 153 0 88 106 93 0 241 35 255 188 233 255 255 255 32 42 71 0
    11 255 171 183 102 212 0 0 191 219 188 44 255 0 255 173 0 59 0 131
    50 118 74 0 9 197 34 0 51 118 94 241 85 242 4 130 171 73 255 255 120
    7 3 235 255 0 191 0 212 0 0 50 106 196 255 10 0 20 178 231 79 241 0
    0 10 22 0 255 232 129 154 255 0 138 125 141 43 0 30 255 175 155 195
    255 172 0 249 45 4 171 0 0 71 129 105 36 139 0 217 0 255 68 0 42 105
    255 168 204 255 255 0 201 211 255 205 255 96 0 255 153 0 0 170 217
    12 7 209 165 212 0 0 175 96 188 103 52 255 0 186 0 255 198 1 188 51
    0 146 127 32 0 22 10 0 235 217 34 224 103 255 155 0 95 0 255 76 122
    255 63 0 255 73 206 43 0 0 255 33 255 216 86 255 92 200 255 0 255
    170 209 235 0 230 255 128 144 255 169 76 68 40 107 224 158 101 242
    248 179 1 132 244 200 247 158 63 255 67 255 190 16 81 0 0 8 206 0
    255 246 236 172 203 0 177 163 255 255 21 8 138 182 255 0 119 247 0
    245 99 57 50 0 255 201 109 143 0 49 0 0 255 160 175 255 255 209 94
    255 255 255 178 0 154 236 255 189 35 209 255 255 102 7 224 234 173
    255 0 100 82 255 95 216 253 149 255 0 168 17 224 0 247 148 123 246
    10 255 190 0 81 166 174 0 0 129 174 0 190 3 62 0 0 0 0 255 11 250 49
    120 117 206 122 0 210 28 0 20 212 255 60 255 183 241 255 255 28 208
    0 255 95 0 255 63 122 182 21 0 0 51 255 235 65 111 0 0 20 255 0 255
    255 255 0 0 11 104 219 24 0 76 189 255 129 124 160 113 255 76 0 129
    62 79 255 2 238 252 0 214 24 0 0 255 0 141 219 190 201 255 255 138
    198 124 119 255 255 128 0 132 40 50 255 6 255 0 8 174 43 244 0 147
    154 230 0 0 75 124 95 212 197 0 255 251 14 0 255 0 120 255 236 255 0
    0 249 93 0 118 255 182 23 0 255 75 89 77 255 126 255 255 164 68 242
    255 0 0 0 75 0 177 0 149 255 185 45 0 77 255 134 255 247 203 255 79
    255 155 255 109 193 231 16 93 0 36 128 40 0 223 0 210 111 208 255 0
    157 255 0 176 93 188 255 31 40 159 21 0 16 235 249 0 0 0 255 255 0
    214 92 0 0 0 255 179 255 255 58 255 98 255 23 62 148 233 71 255 95 0
    33 247 227 225 0 174 254 163 254 253 72 24 1 125 255 255 232 96 56
    255 0 0 91 89 173 0 217 246 209 0 192 85 59 10 254 255 226 0 12 0
    122 0 53 255 1 0 255 174 65 100 2 111 255 0 255 243 135 253 0 0 0
    222 0 0 0 58 145 47 12 0 170 160 135 11 26 169 63 162 225 187 0 172
    255 62 244 177 113 0 0 0 0 193 232 215 0 59 198 59 9 78 0 23 228 70
    0 74 0 0 255 249 255 255 0 95 0 0 0 0 0 0 89 255 167 230 80 70 101
    132 177 255 50 207 25 255 174 100 0 143 255 34 30 94 255 126 72 196
    35 149 0 224 103 9 0 69 70 0 255 255 219 255 17 181 0 255 107 42 255
    0 244 69 62 0 157 160 255 6 234 56 255 134 45 173 245 129 112 197 0
    16 12 178 222 255 255 0 255 39 138 102 0 0 255 24 0 0 255 232 152 0
    12 161 0 76 60 247 217 0 229 82 0 201 255 33 117 0 255 96 227 56 255
    255 26 138 45 169 68 235 225 0 123 51 151 161 255 150 105 124 20 95
    0 116 255 131 135 0 43 0 57 233 145 145 95 157 72 162 118 234 126 18
    0 80 255 0 222 197 0 107 144 255 1 255 174 0 127 0 0 0 0 0 109 17 39
    195 255 89 255 255 178 0 255 0 232 255 53 71 255 0 132 136 255 28
    226 113 245 2 187 226 169 0 0 49 51 212 0 144 148 0 0 25 253 143 86
    161 197 172 163 190 0 237 16 255 121 75 148 126 0 0 70 181 204 0 0
    255 255 0 133 204 255 135 99 99 155 68 215 188 194 255 217 255 0 0
    163 255 138 250 255 9 226 255 255 95 0 0 97 255 121 0 16 4 209 255
    152 229 213 96 45 255 90 206 0 217 182 72 255 124 178 0 0 139 234 0
    255 255 172 255 190 255 255 255 74 255 166 171 0 113 0 33 62 46 0 83
    54 92 0 46 191 253 49 0 255 16 96 255 255 20 131 255 136 255 251 114
    238 255 42 139 255 81 4 63 53 193 27 191 253 191 255 67 97 0 0 0 255
    7 255 216 0 255 175 18 255 220 76 187 0 89 255 130 55 233 128 117
    120 119 77 143 255 65 0 255 18 53 124 171 0 118 255 75 0 255 42 0
    183 0 255 167 166 180 138 152 130 188 229 255 0 250 155 186 0 158 0
    0 255 255 255 0 255 255 173 117 255 255 0 54 46 0 107 45 79 0 131
    238 0 0 145 154 0 48 0 221 138 0 0 168 255 25 255 158 253 255 0 255
    55 240 0 105 97 40 86 255 255 182 168 30 113 103 191 0 255 9 0 235
    232 59 0 0 211 200 40 0 132 0 0 78 33 0 251 151 133 65 255 218 255
    222 0 116 183 133 69 17 173 177 145 20 9 0 135 0 112 50 186 47 131
    35 255 64 255 38 234 255 42 209 88 238 71 0 120 0 224 20 0 255 96 46
    125 239 180 255 255 221 44 255 0 60 81 255 196 170 255 255 13 44 255
    163 0 46 233 0 0 38 210 0 235 117 222 122 113 0 193 255 241 97 255
    100 0 52 232 233 106 106 255 117 198 255 255 161 0 165 255 71 237
    133 189 75 8 119 120 249 245 28 202 255 67 79 0 81 0 0 200 0 0 204
    255 144 218 255 242 23 198 102 255 0 0 159 223 0 208 0 204 203 66
    255 31 219 255 49 255 151 162 223 0 165 238 255 255 255 209 95 211 0
    206 255 0 89 151 0 0 0 134 149 17 147 0 0 112 155 27 0 0 23 201 0
    255 10 255 34 180 73 193 0 98 2 255 171 76 129 11 0 0 0 110 3 93 134
    0 244 0 255 118 67 232 36 130 127 255 38 200 255 129 184 70 69 0 0 0
    31 51 4 0 255 255 162 19 255 255 255 0 255 255 255 4 0 255 189 23 56
    0 161 46 68 255 255 0 202 166 75 75 197 96 0 255 250 116 84 255 0
    255 0 214 101 197 217 115 255 211 0 255 230 255 184 0 116 255 237 22
    78 68 0 207 255 4 0 133 255 43 147 255 49 0 171 85 255 80 255 0 255
    0 255 255 82 255 160 107 190 223 219 102 198 249 115 255 0 199 163
    105 192 0 221 134 223 0 0 49 32 255 247 167 255 255 255 255 23 153
    41 116 246 0 73 172 0 83 123 0 81 95 255 255 0 136 0 77 0 237 181
    153 6 102 32 255 0 75 0 255 0 255 0 217 64 0 0 190 64 245 89 26 225
    237 255 0 255 7 0 164 46 0 142 129 255 0 100 12 170 107 35 87 154 30
    233 160 212 144 161 0 0 255 0 25 163 161 255 0 151 255 255 0 0 90
    110 6 246 0 150 255 0 94 255 255 252 198 139 145 47 204 100 255 205
    71 255 0 44 58 10 162 255 69 52 32 139 94 95 144 255 172 4 255 115
    255 140 201 0 169 156 168 109 118 234 177 90 100 55 0 130 40 96 0 55
    13 0 255 88 16 255 125 111 94 35 0 0 85 255 255 146 207 195 84 99 87
    240 191 94 9 116 19 105 58 52 123 79 0 71 242 1 7 110 152 0 247 208
    196 255 188 0 95 168 255 115 255 0 194 223 114 201 123 0 0 255 246
    191 46 20 205 240 0 92 145 213 255 0 255 0 102 29 72 191 255 120 0
    131 255 48 124 0 115 0 0 128 196 0 0 8 0 225 255 255 0 176 255 0 68
    22 203 35 0 255 255 0 255 255 36 92 36 0 206 230 255 0 146 18 90 213
    30 1 41 216 255 72 255 47 37 141 209 0 108 0 23 79 143 127 220 98 83
    0 107 212 0 255 45 141 255 0 45 255 0 0 255 149 101 0 246 2 230 0 29
    255 107 145 76 244 18 0 91 70 255 111 41 74 225 180 95 255 92 55 223
    84 71 215 0 29 255 226 135 254 255 255 120 0 188 255 0 113 3 146 255
    163 77 255 255 255 255 169 54 187 145 163 255 215 255 183 255 255 0
    238 83 14 37 251 255 255 0 0 0 29 40 208 0 31 237 190 63 255 110 200
    23 239 136 169 139 255 45 0 218 0 122 10 255 255 255 53 10 225 43
    118 174 32 193 246 49 19 255 131 0 131 145 255 0 152 143 255 218 181
    143 255 97 255 109 255 255 62 136 199 105 0 145 109 0 255 245 0 165
    52 255 86 109 0 167 255 121 255 234 255 28 46 21 71 184 31 255 0 215
    255 255 222 255 255 0 76 61 166 255 208 255 105 215 46 255 0 0 242
    227 255 164 154 100 101 246 214 30 179 72 0 241 230 0 57 63 245 255
    209 211 18 255 96 195 48 247 86 58 177 182 129 113 43 233 83 0 61 0
    151 215 109 255 12 144 245 89 245 255 249 23 57 53 0 0 0 0 245 0 106
    0 4 62 255 173 255 255 238 24 255 41 244 205 24 18 11 255 189 190
    255 239 170 0 83 0 255 232 108 103 0 208 151 0 0 0 41 178 4 196 0
    163 106 169 178 94 174 255 60 255 255 180 94 223 40 0 226 255 156
    246 0 138 255 65 5 253 49 0 255 209 72 255 0 113 217 107 255 38 0
    151 255 0 0 255 94 159 0 255 114 0 135 255 0 234 250 40 235 177 255
    168 40 182 255 23 220 23 192 249 0 156 142 31 238 168 110 118 173 36
    232 255 0 0 244 0 255 0 83 255 7 255 150 0 43 255 255 0 0 198 229
    158 20 167 82 218 60 0 0 30 255 0 255 65 204 144 174 0 11 255 232
    137 117 0 255 0 124 13 255 0 203 255 0 255 255 0 56 255 255 210 46
    255 96 255 255 0 213 0 144 50 0 61 0 255 255 226 164 185 22 39 54 72
    89 92 113 63 127 24 255 0 255 6 92 182 210 200 0 100 31 255 145 255
    98 0 127 67 141 202 0 60 255 0 156 255 255 0 255 111 251 255 253 0
    236 0 147 255 174 255 255 8 0 151 108 255 255 0 0 99 121 107 255 255
    146 227 76 0 233 235 0 0 255 179 48 39 255 136 236 72 0 243 66 255
    255 55 249 236 244 97 0 0 158 187 255 0 38 127 56 72 0 57 0 220 0
    134 0 255 121 121 104 0 0 0 201 255 221 186 32 255 0 87 108 255 0
    198 0 0 255 151 0 255 255 17 202 255 0 255 255 140 255 84 4 0 115
    176 200 255 211 255 255 193 155 143 255 0 103 226 117 24 80 255 255
    69 255 92 123 255 255 213 0 255 51 247 185 255 95 151 0 209 201 220
    67 120 177 120 2 210 255 255 115 29 145 57 93 255 193 0 135 255 172
    232 255 255 255 0 255 160 230 0 0 97 214 0 47 106 111 255 114 0 177
    150 251 135 64 34 21 255 94 146 0 215 102 255 190 255 69 112 191 236
    255 8 247 255 0 255 160 0 205 55 141 255 255 208 255 255 0 116 179
    25 241 255 252 0 192 220 71 231 255 59 0 255 16 0 149 89 0 255 255
    255 64 255 140 0 17 89 0 0 7 147 68 137 84 255 0 255 97 242 246 182
    132 127 4 255 0 0 103 0 0 0 125 185 0 180 109 87 183 0 0 81 13 255
    174 62 0 255 35 255 90 0 255 204 227 0 35 255 196 237 252 0 159 188
    90 153 35 17 172 25 58 147 226 124 120 209 0 165 142 114 253 37 255
    2 66 173 53 255 91 255 80 107 202 155 255 253 0 242 0 90 80 31 179
    66 104 182 0 255 40 0 45 27 0 28 255 37 183 229 0 255 255 100 165
    255 105 255 15 0 0 255 0 162 255 127 255 149 255 46 255 42 217 49
    194 181 17 0 221 172 255 134 255 255 0 255 0 0 174 121 0 82 222 126
    244 255 149 172 214 61 70 249 0 102 0 255 30 252 200 105 125 119 255
    155 90 134 255 214 143 255 182 0 116 151 0 230 204 13 177 53 255 225
    220 0 255 163 207 172 0 147 232 235 92 255 255 19 175 121 255 0 12
    255 186 211 30 0 167 252 239 0 43 0 66 187 150 206 79 40 207 31 84
    230 255 96 157 77 53 75 156 204 249 79 17 255 17 245 47 119 193 177
    0 255 33 172 255 0 95 115 255 0 255 255 255 18 255 162 255 255 163
    103 255 0 30 202 20 139 0 112 103 195 0 255 0 154 162 255 255 48 255
    0 153 100 62 15 0 9 0 180 255 255 255 61 103 255 255 166 255 183 37
    158 248 234 255 255 255 130 82 255 59 0 0 234 0 183 255 0 246 28 255
    255 78 0 22 112 214 66 174 59 121 255 146 17 93 232 194 255 94 236 0
    64 204 35 252 255 215 0 124 198 115 142 74 15 255 0 1 62 194 255 255
    224 128 177 94 218 47 0 128 236 146 90 91 60 120 95 255 22 255 209
    94 0 255 130 0 255 9 113 0 255 255 27 255 139 234 130 255 72 225 255
    222 1 255 26 22 96 255 181 108 170 0 255 0 255 194 122 124 124 255
    209 0 191 43 255 156 118 254 46 143 0 0 0 188 108 11 99 0 198 0 255
    69 155 221 164 33 209 255 0 0 228 38 0 127 0 45 102 83 255 255 153
    111 0 255 143 171 255 0 198 255 0 0 0 0 117 153 183 243 221 57 131
    90 125 0 155 217 0 255 255 115 13 60 0 0 15 254 255 23 255 115 194
    58 58 255 11 127 255 0 0 146 0 21 48 0 0 85 177 15 0 14 255 14 255
    208 255 255 42 163 17 213 85 229 255 128 175 244 87 78 161 163 237
    175 84 173 253 125 255 175 138 224 255 108 255 0 247 255 0 137 72 0
    255 40 237 0 129 21 149 21 10 101 0 168 87 190 122 255 73 255 255
    166 8 106 122 255 255 224 167 114 255 79 32 110 193 0 255 255 107 4
    40 60 14 0 255 50 227 17 239 0 48 0 255 255 29 6 60 144 251 66 53
    198 9 255 240 11 27 0 186 0 143 255 15 50 255 0 93 255 255 41 114
    255 157 0 66 140 84 155 84 107 201 0 255 60 253 0 255 222 255 125
    220 55 246 187 131 174 0 0 255 147 162 49 156 6 0 176 152 48 0 255
    81 217 252 7 40 255 0 204 255 76 108 255 248 2 0 255 53 204 0 255
    128 0 34 171 0 165 144 0 56 131 169 255 212 0 255 44 254 122 179 79
    255 255 255 26 0 226 152 255 0 164 222 139 52 255 255 86 255 255 161
    73 0 245 19 80 196 18 136 145 130 227 85 177 185 255 255 96 201 255
    255 106 17 121 170 255 112 219 0 255 76 176 249 0 0 67 0 255 0 127
    143 170 107 172 255 255 28 193 93 255 157 160 192 226 189 255 180
    165 187 225 0 249 0 191 201 209 8 65 14 189 0 120 0 255 255 255 24
    255 66 184 255 0 131 45 250 249 24 0 7 255 248 8 41 0 146 0 255 144
    0 255 246 255 255 163 215 95 255 255 0 255 246 51 255 231 0 178 255
    162 0 0 224 88 140 163 255 255 255 255 255 255 243 34 165 0 63 255
    255 181 229 155 66 0 31 40 207 147 40 255 247 96 148 131 163 255 250
    255 0 59 46 0 255 184 27 82 19 0 0 45 255 255 0 255 255 140 56 235
    111 105 15 0 255 0 7 98 74 255 213 0 87 17 255 0 0 210 0 169 255 255
    255 0 255 193 129 0 112 88 131 0 75 0 99 82 255 255 0 228 110 15 85
    0 255 19 0 47 130 0 255 217 99 0 0 249 164 28 13 255 37 0 196 12 249
    0 0 114 255 0 12 229 116 255 83 255 125 255 0 255 255 0 177 208 0
    229 0 0 255 101 164 70 255 80 0 206 114 255 74 183 10 255 132 162 30
    64 173 219 153 237 138 100 222 245 105 255 255 130 29 195 92 228 246
    0 51 0 192 197 69 251 20 0 255 0 46 232 167 255 33 0 255 0 60 220
    211 154 255 203 86 255 15 98 0 238 0 158 98 108 209 180 255 255 255
    143 26 218 132 255 117 120 237 250 181 0 247 175 0 255 255 0 238 176
    0 8 234 0 77 122 111 143 0 255 206 106 198 95 255 0 255 156 0 255 32
    163 74 106 255 68 198 0 140 0 209 255 156 0 126 224 35 51 255 53 255
    0 178 214 255 255 255 134 246 134 192 255 120 185 216 0 0 132 255 0
    204 247 222 164 182 26 196 232 54 147 11 3 47 46 254 176 255 0 0 187
    0 255 255 251 0 155 0 255 79 242 218 174 12 109 249 0 255 255 138 33
    18 67 255 250 213 107 10 4 0 60 119 197 209 36 255 241 0 194 180 173
    129 255 0 255 38 90 0 255 132 211 0 80 32 122 14 70 176 255 75 11
    237 0 255 180 152 0 0 152 81 211 0 206 212 88 99 173 45 121 255 101
    179 0 255 0 31 255 255 112 255 86 254 48 0 224 26 0 81 31 159 0 190
    206 107 255 115 255 0 87 255 164 117 255 180 90 104 255 253 219 255
    0 255 167 0 226 125 116 15 0 0 0 0 0 0 136 240 47 0 109 222 0 82 255
    212 0 0 129 0 112 67 0 28 191 229 255 247 0 231 59 153 0 189 255 200
    0 54 170 255 0 255 255 51 0 255 0 255 95 141 78 255 17 72 95 63 65
    255 112 177 255 0 89 210 228 21 255 187 0 247 0 97 200 55 23 0 99
    255 199 255 206 228 252 116 29 184 39 236 31 151 253 0 255 229 34 0
    0 185 238 196 159 114 58 255 255 255 169 255 255 192 33 255 72 151 0
    136 177 199 0 187 232 80 255 121 198 141 186 67 255 213 31 36 113
    255 0 0 0 92 116 82 155 215 85 0 255 228 202 160 95 23 168 181 53
    126 128 158 0 91 0 77 17 255 127 0 5 47 46 0 0 255 228 255 23 255
    133 0 139 71 33 202 255 0 31 160 63 91 72 94 0 83 7 221 125 255 231
    255 255 0 0 0 64 131 57 108 237 47 120 0 172 0 0 140 129 255 210 14
    205 255 255 125 0 83 255 165 255 255 243 248 119 134 255 4 23 15 11
    8 255 0 219 255 0 0 224 88 152 96 0 0 222 37 20 96 255 224 255 49 0
    93 24 255 9 255 140 188 255 0 145 0 176 209 82 172 198 222 142 106
    255 102 49 0 255 236 255 124 1 107 138 0 0 168 137 200 171 59 111
    207 244 0 159 10 54 16 243 63 245 0 27 121 0 0 0 255 0 1 150 0 255
    255 196 255 251 77 0 128 0 0 13 0 122 142 42 255 101 231 119 167 0
    255 112 255 164 255 255 150 219 243 36 113 18 75 255 194 88 26 0 255
    137 251 210 0 60 255 20 146 246 255 103 26 174 255 0 255 255 0 255
    111 226 189 241 0 41 145 92 0 0 146 255 0 115 255 26 24 77 146 138
    70 255 44 100 127 8 113 0 93 201 0 0 206 255 0 48 54 126 0 13 191
    221 198 97 4 255 255 220 147 29 164 156 193 0 255 100 106 0 198 142
    23 95 148 255 0 0 195 246 72 192 113 0 0 210 197 255 255 35 33 255
    51 0 59 255 33 0 98 215 192 0 47 111 253 143 255 21 81 109 0 255 165
    255 140 189 76 255 93 73 114 238 255 23 0 74 67 210 255 141 255 81
    12 84 255 145 31 255 82 255 229 191 162 78 255 6 6 73 136 255 0 21
    163 95 31 14 34 15 203 0 255 0 54 165 111 35 255 187 0 17 0 92 178
    195 0 1 243 0 0 192 0 0 3 160 255 0 106 255 0 17 130 0 213 0 245 255
    141 0 127 224 255 50 0 255 255 255 75 0 0 195 0 132 85 255 46 0 255
    255 0 171 0 87 59 136 0 0 0 7 0 255 199 11 16 42 98 225 34 0 53 8 0
    70 251 133 255 228 0 108 14 240 169 223 163 0 179 8 183 192 94 122
    228 216 0 77 222 255 164 0 0 85 255 0 0 245 0 0 30 255 255 177 203 0
    239 84 255 0 255 0 221 253 255 226 7 129 255 169 159 255 199 127 218
    35 255 30 0 244 133 115 255 255 190 129 104 154 255 255 78 117 255
    21 205 54 238 255 0 248 255 3 18 86 153 0 0 255 181 217 255 60 48 79
    14 0 169 247 12 192 32 88 87 154 231 165 96 175 0 0 30 184 0 0 42
    255 0 255 168 45 0 196 255 0 104 158 255 65 0 209 80 59 50 255 219 0
    255 124 105 79 255 221 0 49 177 0 0 71 132 255 0 255 113 118 77 254
    236 0 218 255 105 241 0 0 188 255 186 86 0 169 71 84 155 16 224 165
    103 255 155 90 0 0 50 0 120 0 233 0 0 235 0 255 164 0 13 0 81 0 0
    163 159 12 58 199 19 65 0 121 229 137 99 0 0 0 255 0 125 255 0 141 0
    76 0 5 185 255 0 252 163 255 119 0 241 206 161 255 6 93 166 42 42
    194 110 255 208 255 178 255 122 255 24 115 78 168 0 0 255 255 7 172
    140 193 11 134 167 0 66 141 106 120 0 25 18 137 0 130 0 251 204 0
    255 231 20 0 0 105 54 71 235 68 209 137 222 229 0 255 191 0 65 116
    208 107 23 255 182 167 0 208 0 255 0 239 0 170 255 139 70 0 184 248
    243 114 255 63 0 255 33 74 52 0 0 155 60 95 84 58 140 63 213 21 0
    161 14 158 138 0 177 0 255 237 255 113 96 0 227 43 0 63 31 253 107
    126 0 183 0 20 0 196 0 0 255 184 133 196 255 47 227 255 255 0 7 255
    0 212 0 0 164 14 239 54 255 255 255 90 115 107 23 86 255 128 19 255
    224 255 246 76 255 255 105 123 202 232 235 0 249 144 103 0 255 241
    202 43 255 0 255 214 255 255 0 6 210 64 116 0 255 214 0 63 0 0 51 24
    48 207 222 181 35 0 67 109 255 0 212 153 239 208 0 32 0 57 255 3 71
    20 0 113 82 163 0 45 210 199 87 191 68 2 255 62 61 137 3 127 255 0
    205 177 148 13 255 106 62 29 199 0 162 16 255 0 101 255 10 160 198
    196 98 0 121 20 91 198 230 53 255 9 255 255 180 138 1 101 0 255 115
    122 130 253 0 0 0 0 164 23 0 80 18 118 118 255 227 168 255 255 157
    236 180 0 255 0 132 7 147 135 17 209 235 255 135 255 183 210 231 182
    138 10 16 255 78 255 110 0 11 255 255 181 128 255 113 0 126 4 181 89
    185 255 53 47 172 174 115 0 183 162 0 51 6 71 211 0 117 52 151 187
    162 171 235 255 13 255 52 0 51 90 255 9 32 218 132 125 211 255 13 11
    44 85 0 0 255 155 188 37 255 245 37 0 255 0 0 152 214 97 0 116 0 22
    63 9 47 0 236 0 0 120 255 3 160 0 209 242 255 127 248 130 215 0 255
    255 255 246 0 0 109 151 0 129 0 0 135 52 233 123 255 80 195 255 125
    210 255 0 197 0 237 71 255 141 0 74 138 213 153 22 0 149 0 55 0 255
    238 206 0 59 49 255 0 255 182 176 241 171 0 0 109 146 102 255 251
    255 209 152 127 0 0 255 84 76 135 255 0 82 209 23 181 207 239 90 245
    52 194 0 26 0 148 97 0 255 0 28 143 55 114 84 242 68 0 66 255 145 0
    71 255 78 0 128 0 0 58 138 108 251 146 255 0 255 255 1 251 68 56 77
    0 0 55 0 237 255 255 255 0 139 255 0 0 255 59 104 255 255 86 213 126
    129 255 120 155 255 186 118 64 255 255 44 254 255 0 86 220 221 0 255
    22 0 0 128 0 43 0 187 105 255 255 94 255 0 189 255 255 34 255 255
    255 0 174 104 0 123 19 0 123 116 255 73 38 255 255 14 27 28 54 214
    227 0 241 37 140 83 0 225 178 57 250 147 175 255 144 255 210 255 0 0
    255 234 50 255 255 245 255 182 106 255 204 201 0 243 255 117 115 255
    200 157 173 37 59 0 9 4 103 255 73 16 255 255 45 0 48 255 255 255
    225 182 119 171 121 80 155 224 0 255 35 104 0 0 0 127 255 128 189
    245 225 0 17 95 0 163 12 70 50 49 219 188 213 154 75 42 227 3 255
    255 140 148 255 142 159 255 2 71 0 255 239 158 0 0 0 0 213 93 195
    255 65 177 255 255 185 190 255 255 161 163 0 110 0 67 162 51 239 118
    172 86 20 193 39 0 66 0 83 180 227 239 167 229 152 215 0 215 0 0 109
    143 238 33 248 255 0 0 206 206 255 0 169 255 82 139 219 28 255 144 0
    221 0 248 250 255 62 255 150 255 189 0 221 225 202 255 71 183 175
    205 0 255 206 147 115 0 255 90 255 94 252 59 124 247 0 200 0 255 255
    0 255 175 204 255 52 0 146 97 0 251 91 255 250 254 0 160 101 145 245
    201 255 196 212 255 229 255 157 71 230 218 36 0 248 255 255 255 157
    0 6 239 0 255 212 19 6 216 228 52 0 255 0 145 255 0 0 162 178 0 0 18
    0 43 14 212 114 65 255 0 0 110 0 0 255 2 119 206 255 54 115 255 21 0
    222 255 255 232 26 255 19 251 0 255 255 90 85 36 0 8 0 255 0 62 10
    213 0 225 0 120 41 0 0 92 133 138 0 255 0 35 113 0 255 157 74 102 0
    255 95 164 186 0 129 227 0 121 255 252 255 169 0 165 29 255 12 229
    221 208 255 0 249 63 203 118 25 32 191 0 255 0 230 88 206 255 2 0
    255 229 178 10 132 0 255 0 229 60 146 54 255 81 192 130 0 255 99 10
    0 255 153 3 230 0 255 0 0 255 134 0 255 79 88 182 255 224 0 0 134
    112 255 0 255 255 28 0 251 169 0 127 204 41 22 132 232 0 26 124 0 0
    94 49 29 0 255 26 141 223 104 255 255 167 0 255 223 141 0 190 0 0
    255 100 0 132 197 144 49 233 237 0 90 37 0 60 255 255 255 36 61 255
    157 255 152 158 75 255 226 89 0 0 255 185 0 255 0 0 239 0 199 0 93
    124 0 0 255 57 150 255 76 255 248 255 174 151 91 71 89 104 35 230 0
    95 139 255 0 188 255 255 255 146 215 189 160 97 120 232 0 255 82 38
    47 237 101 193 70 255 0 167 0 0 211 24 195 243 0 231 221 255 51 255
    13 255 255 113 248 255 97 0 206 255 203 133 255 227 149 17 255 248 0
    255 255 208 255 0 255 201 191 0 235 255 255 0 255 5 158 255 202 255
    242 0 160 18 246 164 96 113 57 175 0 162 20 255 154 200 0 65 0 100 0
    0 0 255 0 200 73 129 204 0 110 5 0 53 0 255 184 255 193 215 18 144
    66 188 200 59 255 255 160 255 166 106 255 128 56 255 255 227 134 36
    255 235 0 255 88 255 0 185 56 255 0 51 22 226 255 40 0 253 84 72 78
    30 148 0 189 255 255 0 50 109 255 0 235 255 96 0 129 6 27 214 0 0 61
    46 0 20 9 0 0 248 0 160 91 153 145 172 32 133 129 138 255 139 193
    170 0 188 255 255 131 255 255 213 15 255 249 250 0 98 179 0 146 230
    255 142 205 0 0 96 255 108 255 113 90 0 182 178 113 143 244 158 49
    255 229 255 0 209 212 0 38 255 186 34 94 255 0 138 255 211 0 255 113
    86 235 255 0 0 52 164 177 0 0 35 106 41 255 2 30 95 0 122 255 55 122
    80 139 115 32 0 147 0 55 0 119 0 32 61 255 228 63 50 125 255 155 14
    255 175 0 255 36 191 140 255 0 40 255 255 47 196 215 255 255 3 0 255
    188 0 94 23 152 0 0 0 93 0 0 164 217 202 255 255 255 255 0 88 140
    255 227 114 39 56 38 227 94 255 0 61 7 56 0 0 255 26 53 124 119 0 0
    175 22 249 30 232 127 255 8 182 243 173 137 0 46 0 0 112 255 129 0 0
    255 46 219 255 56 255 255 190 202 84 255 147 213 60 0 255 193 178 0
    0 0 160 0 0 199 0 0 0 84 197 38 91 210 120 255 13 0 40 0 249 0 59
    143 0 255 255 5 0 171 166 255 99 216 96 9 15 80 137 64 255 211 21 85
    238 164 61 0 12 255 21 0 0 243 244 242 255 5 44 155 0 180 60 84 154
    0 201 186 135 7 196 0 68 0 60 255 143 255 59 201 158 0 176 210 0 93
    153 0 30 146 255 255 0 248 120 188 28 232 254 186 255 0 255 24 0 100
    255 200 60 220 255 153 192 244 255 0 16 0 11 255 35 140 153 248 255
    255 110 175 19 255 13 193 67 142 17 172 255 0 0 15 255 139 45 5 0 0
    255 0 62 255 234 73 31 255 255 95 151 213 250 134 181 239 0 231 255
    161 255 153 187 179 83 0 62 0 99 222 0 144 121 249 255 0 215 55 255
    131 0 208 92 0 0 33 255 255 255 81 255 220 70 136 51 98 255 255 1
    255 219 14 105 230 255 0 255 255 152 162 62 0 255 188 0 111 147 220
    92 255 250 58 226 255 255 255 13 140 84 187 0 0 255 175 174 255 101
    255 66 0 255 136 0 255 101 11 255 199 0 151 30 132 0 0 194 11 78 122
    255 255 78 136 0 255 147 0 94 255 230 212 0 44 142 8 216 161 189 255
    255 0 228 4 0 255 218 255 208 255 218 255 177 0 255 202 88 255 255
    100 0 3 130 106 153 255 255 236 255 221 45 80 0 255 191 92 255 50 22
    245 111 168 206 207 146 15 255 0 184 246 114 255 139 125 0 0 0 237
    61 255 255 75 192 230 157 255 249 255 141 6 0 0 255 206 4 246 52 136
    0 255 51 138 255 188 149 68 255 0 22 255 226 176 22 0 166 0 98 0 0
    142 0 89 0 28 53 0 255 0 255 255 0 15 191 245 0 177 255 255 126 222
    255 14 254 167 255 7 138 92 189 109 76 128 0 0 0 255 164 0 81 0 0 0
    150 137 0 255 0 233 255 129 255 101 18 255 0 16 183 140 237 12 255
    67 168 0 19 0 0 10 7 234 158 222 255 92 0 121 0 32 121 0 167 0 0 25
    142 0 255 194 60 169 0 0 0 86 207 124 212 185 255 36 118 241 0 74
    222 45 104 76 98 58 47 89 255 121 171 0 255 0 0 0 110 0 200 0 255 0
    166 255 141 51 172 111 0 96 8 0 0 18 39 176 2 0 170 140 50 0 16 193
    255 255 255 210 67 176 238 255 0 122 230 125 164 0 255 255 154 149
    137 0 0 255 82 0 0 194 118 153 249 255 126 208 30 200 89 28 115 251
    255 228 213 22 255 0 143 255 0 0 51 255 193 187 255 93 233 195 0 24
    0 78 255 199 99 35 0 211 247 255 255 0 129 129 210 75 15 228 136 142
    234 168 44 0 181 217 255 255 170 74 255 81 84 0 252 255 255 137 217
    255 255 0 248 132 110 202 85 45 0 232 0 22 0 255 0 49 179 195 200
    255 132 195 61 255 147 0 160 238 255 112 0 255 255 11 5 18 118 75
    255 127 237 248 83 255 255 19 151 26 165 47 221 0 221 255 18 248 10
    255 255 166 255 226 29 0 255 0 255 239 0 0 255 0 255 255 250 210 194
    195 255 255 162 66 225 161 202 0 0 127 0 0 81 116 102 206 7 72 2 113
    0 90 114 255 255 214 255 0 29 255 243 71 186 138 128 15 12 255 0 0
    241 255 52 36 230 146 0 189 79 0 78 216 149 0 0 0 0 0 180 102 0 21
    112 185 225 139 46 160 39 0 255 107 255 34 93 255 255 222 177 226
    230 24 0 11 50 93 0 101 0 9 119 217 128 78 170 11 176 252 5 50 255
    218 80 255 101 235 255 181 183 251 178 209 61 228 0 140 255 118 66
    178 18 115 255 235 209 255 169 114 103 84 184 108 138 72 255 255 0
    233 255 31 175 0 153 158 255 36 255 167 0 249 132 255 48 67 157 248
    66 113 27 61 77 0 174 142 0 168 255 28 8 0 30 102 165 127 214 255 38
    255 210 122 148 225 0 254 255 255 46 200 113 0 19 0 0 0 193 255 0 57
    0 197 255 0 125 0 12 255 155 53 80 87 173 250 73 255 252 70 0 150
    208 143 0 153 0 0 255 216 255 87 255 201 137 85 199 65 255 0 255 116
    88 89 164 83 255 170 255 0 116 0 255 0 137 0 255 149 0 185 255 177
    255 197 32 111 0 62 190 225 255 221 255 255 255 0 235 92 255 0 215
    255 160 0 156 113 0 138 255 52 7 17 161 255 60 149 18 255 0 45 40 0
    25 255 152 206 147 0 32 0 31 0 148 0 255 101 37 37 0 0 182 217 0 0
    94 199 0 0 167 255 138 245 0 169 0 0 255 255 245 255 255 117 160 255
    0 0 255 227 196 187 101 197 255 0 90 23 0 117 121 0 100 255 215 88
    255 25 0 134 141 135 126 0 104 154 213 25 255 26 20 82 201 167 255
    67 225 155 255 238 204 61 255 31 14 195 255 0 122 148 0 255 81 2 51
    69 110 255 204 255 255 0 48 137 71 116 246 124 255 255 0 0 80 73 213
    0 117 62 0 230 0 0 255 230 255 255 219 255 0 118 160 0 188 0 255 69
    242 0 0 17 15 226 109 61 61 0 0 255 239 0 168 136 203 0 79 246 97
    153 167 0 255 107 249 107 255 25 0 24 8 92 4 255 0 29 42 119 255 230
    254 255 128 164 55 227 0 137 57 0 255 145 228 128 255 206 180 255
    142 0 38 31 255 255 0 230 159 0 61 0 194 133 36 128 0 211 0 180 242
    0 52 60 179 99 200 121 172 255 67 255 121 196 130 0 179 0 0 0 181
    190 255 135 68 2 134 188 200 255 169 55 255 255 0 81 224 0 0 145 0 0
    221 71 117 34 162 45 144 99 255 42 255 11 254 18 227 152 255 57 255
    108 159 150 198 255 255 0 58 169 0 255 214 0 114 154 0 109 107 30 0
    255 10 170 162 12 255 251 255 255 0 22 0 110 83 199 138 183 255 0
    231 23 107 0 183 0 0 255 0 86 0 0 0 0 246 105 234 252 171 154 61 255
    251 109 83 0 255 0 3 32 35 255 179 213 161 226 206 65 0 255 240 32
    255 255 96 81 242 107 44 173 0 196 255 7 0 255 142 0 128 221 0 0 127
    190 67 44 0 225 163 243 255 0 214 0 111 150 20 149 0 167 215 0 0 32
    73 76 255 0 255 0 167 65 255 182 222 255 255 255 187 120 255 129 79
    23 0 255 225 132 0 32 176 238 55 64 67 119 110 32 60 177 0 38 0 211
    242 255 155 242 255 255 232 21 255 126 0 66 79 25 0 255 223 73 20 0
    157 0 219 0 154 255 234 255 57 99 46 123 164 255 194 0 230 255 255
    113 93 232 255 0 118 255 41 0 131 235 0 51 246 215 111 0 112 109 130
    22 255 164 49 255 0 144 255 13 255 6 0 212 30 113 0 0 62 34 255 167
    129 173 203 207 27 246 159 0 248 110 0 0 211 187 255 150 34 52 0 95
    203 255 0 211 18 85 52 195 105 47 95 255 250 132 197 213 0 46 0 91
    113 184 255 0 185 144 90 0 230 253 42 0 255 71 228 168 210 212 255
    58 255 11 51 0 217 184 39 0 0 255 122 144 22 255 0 52 81 0 51 86 241
    0 195 196 207 0 159 89 255 255 147 251 129 255 226 0 0 129 0 179 154
    255 207 18 230 153 129 251 255 47 49 0 207 0 250 188 142 137 240 138
    41 165 255 23 0 0 255 108 255 130 127 201 0 48 155 255 246 94 169
    232 21 159 210 33 178 83 194 195 205 43 254 150 198 155 255 255 0 30
    0 54 197 255 181 0 255 121 0 62 0 8 238 248 242 51 255 242 92 255 23
    252 25 229 0 170 235 151 167 255 0 36 182 226 0 117 255 67 12 255 28
    40 255 254 255 147 0 27 0 153 77 214 255 0 86 66 186 166 26 255 230
    12 238 217 54 132 255 163 145 78 125 0 81 0 60 118 255 150 160 255
    34 57 20 0 34 50 62 227 40 0 0 164 64 243 0 94 154 255 0 198 0 0 251
    255 166 0 106 85 255 0 0 174 255 58 233 68 0 124 171 212 255 255 0
    255 100 177 223 255 76 255 255 73 92 117 0 255 168 163 0 255 192 149
    42 0 43 241 3 167 94 67 230 120 255 255 255 130 152 255 18 255 0 255
    143 237 74 107 255 72 28 0 15 0 153 159 0 137 26 106 107 103 8 0 0
    225 145 189 87 23 160 255 161 224 50 255 185 105 214 21 0 255 0 51 2
    0 238 14 17 21 165 13 145 32 252 214 27 6 255 39 96 0 0 255 127 128
    0 0 98 255 233 0 222 118 255 0 56 123 92 61 72 206 0 15 115 86 0 227
    255 147 20 151 237 0 26 8 255 169 255 0 42 44 211 1 243 0 156 129 0
    255 0 255 191 114 210 0 142 167 44 255 232 255 255 216 0 22 66 233
    210 255 255 0 181 255 255 248 255 80 73 33 155 5 8 120 217 255 0 255
    163 66 49 157 182 195 213 160 0 255 36 0 77 37 255 134 18 26 255 244
    24 211 178 65 7 255 82 255 215 204 0 255 255 255 255 255 255 175 255
    68 57 66 87 70 255 70 255 212 191 146 205 29 145 182 79 70 0 255 193
    160 0 255 0 255 12 58 0 143 255 255 187 255 0 0 0 173 74 255 221 255
    0 241 194 33 255 0 246 196 0 51 255 134 28 0 229 255 168 89 0 0 88
    126 255 36 1 255 222 0 45 39 0 0 0 52 255 203 134 0 6 255 0 255 242
    231 133 83 208 185 53 0 0 37 0 0 255 6 0 0 208 138 0 163 0 87 0 255
    142 255 216 150 109 248 148 0 0 236 209 42 234 255 78 255 255 41 18
    161 255 4 199 150 177 102 97 116 255 241 255 94 0 72 143 119 0 0 21
    255 121 81 48 255 255 233 148 244 160 114 0 103 77 235 127 0 1 0 255
    0 51 238 19 0 17 255 26 210 161 0 116 255 209 255 135 138 54 16 89
    255 59 189 133 0 44 75 13 0 175 255 178 98 236 150 66 255 118 255
    188 111 193 0 106 162 0 0 255 118 214 210 255 0 0 97 60 171 255 247
    175 255 148 255 219 255 120 111 255 181 168 216 102 3 50 218 255 0
    255 202 121 255 53 0 0 244 255 97 180 168 25 130 59 142 0 129 229
    132 95 241 255 255 23 255 222 0 59 255 195 0 145 126 27 52 144 150
    255 0 226 78 181 3 0 0 234 0 163 232 5 225 255 222 255 239 0 129 82
    129 255 0 255 134 254 206 217 58 89 0 58 95 118 0 65 153 135 244 247
    219 255 0 155 255 255 1 0 14 242 123 64 100 0 255 0 108 215 43 0 0
    255 0 255 0 0 255 98 130 206 205 123 0 184 1 0 255 245 174 255 3 177
    129 0 255 0 83 85 255 15 0 255 116 255 83 255 46 58 159 255 255 74
    86 72 146 255 0 119 58 84 190 247 249 56 0 0 252 255 91 165 255 93
    137 0 233 118 102 26 0 255 90 209 255 137 38 179 0 255 62 0 187 0
    153 76 34 189 255 0 11 107 217 136 0 231 22 255 255 214 141 48 0 0
    254 0 255 125 175 255 50 69 173 255 148 255 121 183 22 244 0 231 255
    255 0 255 251 128 0 243 126 254 255 0 169 83 0 118 131 89 181 197 0
    102 0 49 235 205 220 255 238 178 177 192 49 117 89 253 0 196 103 74
    36 15 48 99 255 208 255 242 255 255 0 210 255 58 44 0 255 3 150 149
    123 154 37 87 153 255 0 39 0 0 0 255 0 228 178 255 0 0 119 149 95 0
    255 113 189 85 44 250 139 255 255 255 154 90 89 120 211 255 48 163
    255 88 101 0 68 192 0 62 255 0 84 0 167 103 255 185 235 152 0 4 0 0
    0 162 177 10 99 222 18 0 181 0 242 215 214 255 0 0 95 10 0 202 0 255
    74 21 135 0 0 72 178 0 22 231 115 255 55 255 124 78 106 0 175 0 0
    255 0 64 52 207 0 102 208 255 113 255 221 7 79 49 35 54 6 202 0 255
    0 87 160 255 0 160 162 249 117 48 0 0 255 138 0 255 255 0 255 173
    108 5 0 0 230 25 132 20 0 191 210 128 132 7 0 0 218 0 160 22 168 125
    218 32 68 255 101 7 255 147 30 163 64 255 0 128 223 0 243 0 192 0
    255 52 169 0 240 255 30 254 255 142 181 146 255 35 59 161 0 89 61 0
    93 0 0 82 97 0 8 255 10 67 204 123 125 0 238 38 210 0 106 118 169 0
    206 0 255 151 8 0 70 144 255 0 0 137 84 0 21 60 0 0 43 232 0 27 128
    0 207 0 80 255 141 181 255 197 199 42 255 255 255 121 92 207 119 212
    0 255 78 255 85 0 0 155 88 0 0 255 0 255 94 44 255 112 0 255 226 255
    74 213 0 122 0 0 155 10 255 255 25 255 74 250 255 255 120 224 0 232
    240 15 60 225 0 42 0 85 24 64 18 133 73 101 29 255 187 123 250 255
    238 144 164 0 1 0 31 115 117 39 0 162 185 224 255 0 0 0 99 16 104
    255 231 188 255 0 139 139 236 210 116 255 255 255 111 108 0 0 133
    222 44 0 192 0 0 139 223 86 60 255 59 0 183 137 255 0 19 15 73 255
    206 200 14 255 17 82 0 113 196 0 255 197 200 255 64 255 160 0 237
    208 205 56 255 0 255 153 5 255 255 45 74 252 12 45 0 0 255 118 204
    255 246 254 224 168 78 0 127 255 255 15 9 50 255 35 19 255 255 164 0
    185 36 159 153 0 175 0 110 255 188 255 250 84 68 23 181 0 6 0 227 9
    187 235 255 64 254 255 0 204 24 165 91 61 255 97 187 213 122 96 150
    0 145 119 255 184 255 255 255 98 122 103 0 255 0 246 72 50 10 144
    239 252 47 202 36 7 207 182 35 255 61 94 0 74 228 0 98 255 81 0 255
    130 243 181 255 225 0 255 0 52 255 36 246 0 110 255 104 255 0 66 149
    39 143 0 244 126 58 255 255 249 0 12 197 255 139 154 255 142 255 255
    192 28 16 34 255 0 255 0 195 101 12 90 49 255 116 0 0 98 255 27 250
    146 253 140 203 9 156 41 124 240 0 72 255 110 93 255 0 119 36 40 156
    243 26 116 255 0 96 0 41 0 0 255 20 79 110 216 60 0 136 13 185 128
    255 77 150 0 48 152 90 255 0 189 255 32 199 167 255 79 0 0 255 135
    117 161 0 255 138 46 153 0 0 123 97 234 0 246 255 132 206 48 86 182
    255 0 230 128 152 0 11 136 170 0 0 0 126 4 0 160 255 40 255 0 151
    255 95 90 231 74 87 255 62 0 111 0 0 0 0 233 149 33 255 188 171 255
    169 76 0 3 135 157 0 88 157 242 145 60 0 26 180 231 184 0 1 249 20
    241 85 237 200 255 205 50 178 0 22 83 14 80 255 206 255 113 124 198
    0 180 0 252 1 203 0 67 212 0 39 157 47 0 53 0 0 86 66 255 0 147 248
    0 0 0 0 255 28 64 255 48 229 220 85 249 98 30 32 123 0 134 21 0 92
    79 39 27 0 208 86 56 140 129 255 55 120 63 255 255 0 215 255 104 37
    78 90 0 4 0 255 133 0 187 141 64 241 0 255 199 242 215 145 255 0 255
    226 0 255 255 148 232 255 154 98 182 0 0 215 255 231 206 0 255 0 223
    146 255 177 228 255 139 108 98 0 0 255 68 238 148 255 255 0 0 111 37
    168 0 154 135 213 167 178 0 0 0 255 82 22 184 43 99 172 221 108 250
    145 104 90 255 0 12 219 251 80 147 157 0 255 206 23 212 98 79 94 66
    94 160 0 0 255 255 255 0 255 163 152 0 0 255 16 130 180 213 255 92
    64 0 161 208 118 208 255 0 101 8 255 65 76 104 255 168 97 255 0 91
    121 22 255 72 255 95 235 90 79 0 232 215 36 189 228 74 15 26 255 0
    240 216 241 4 0 0 59 252 183 255 0 255 38 103 128 116 255 0 140 0 76
    193 87 88 75 178 0 0 79 0 218 37 48 0 243 229 239 53 0 255 255 12 0
    32 0 70 0 133 100 255 38 184 255 146 231 156 0 255 255 153 140 0 130
    255 0 255 255 225 66 255 199 194 0 255 46 81 48 156 67 0 255 98 66
    123 211 252 197 211 118 91 54 0 223 0 220 7 255 58 255 234 176 222
    93 255 255 255 208 0 251 150 255 14 71 210 255 203 255 255 84 47 255
    110 155 9 255 197 0 185 56 49 0 255 66 145 255 255 0 255 255 190 255
    190 226 57 201 255 31 2 225 69 0 255 0 255 0 232 154 35 0 1 122 129
    213 213 255 255 2 226 168 255 22 0 118 163 167 122 55 35 0 169 0 4 0
    207 149 44 85 252 185 251 46 196 230 255 0 255 32 134 250 255 117 31
    214 126 106 84 237 0 0 94 42 9 30 0 255 49 75 175 51 175 178 172 84
    255 0 79 124 255 235 45 200 139 97 181 0 0 217 191 0 255 50 38 235
    233 49 183 22 180 255 70 75 102 189 0 217 222 231 234 0 207 255 134
    142 255 132 121 255 117 255 0 255 255 255 0 156 255 161 255 0 197 0
    135 255 0 178 62 165 255 11 124 53 22 192 15 0 0 74 246 0 255 224 0
    60 0 0 74 7 0 232 5 94 116 0 221 39 62 75 255 246 56 123 120 205 0 0
    103 0 129 190 0 152 177 255 76 0 113 202 255 144 0 220 55 0 204 255
    229 0 195 0 0 65 255 126 178 2 255 65 223 73 242 255 39 230 68 93
    194 59 45 184 81 255 253 110 4 0 66 255 10 253 255 6 0 255 119 215
    185 148 230 255 203 148 113 0 59 130 140 18 72 131 0 96 138 141 52
    36 95 255 188 0 255 197 243 111 249 191 21 84 0 161 197 130 18 113
    51 0 60 255 38 52 0 212 255 0 175 255 89 58 4 144 56 231 255 23 120
    233 121 0 108 85 255 110 5 0 152 0 0 255 55 255 66 158 253 73 81 218
    255 18 255 20 0 219 255 193 150 9 0 76 255 60 255 246 195 0 211 100
    7 72 47 157 22 167 0 216 110 163 0 0 1 0 255 255 106 30 0 212 203 76
    0 214 183 0 122 211 136 0 0 210 166 53 255 255 19 179 255 0 175 0
    155 255 13 174 0 57 164 255 194 200 92 231 84 0 15 255 0 255 128 127
    232 74 97 71 75 90 91 217 161 0 166 190 255 255 23 246 142 66 255
    114 83 255 255 35 137 255 115 255 188 0 188 191 21 83 111 157 255 28
    255 71 196 120 51 228 0 53 244 163 255 192 0 18 116 255 255 156 255
    107 255 135 127 255 255 149 225 0 166 0 255 103 239 255 200 138 114
    235 0 255 84 67 189 181 96 255 0 66 21 135 255 229 137 231 79 0 133
    0 255 208 255 15 38 61 252 144 40 167 240 92 34 178 0 255 52 161 255
    179 199 255 179 255 95 20 255 68 80 0 49 73 197 0 202 85 65 134 220
    64 8 255 0 111 0 119 255 175 0 0 32 95 135 137 0 77 181 0 211 151
    255 0 133 175 130 226 255 0 227 255 213 38 119 231 229 255 104 112
    116 144 0 255 0 215 255 255 242 255 140 225 183 0 5 52 173 34 0 255
    128 125 204 255 170 221 255 126 106 183 208 0 19 13 49 238 105 60 99
    67 255 255 237 255 192 255 16 255 254 46 87 255 255 0 32 216 0 186
    255 1 61 255 169 70 223 67 255 0 21 0 189 174 206 45 239 104 255 201
    67 255 0 0 67 100 70 231 0 255 224 66 0 0 223 0 64 255 102 0 188 0
    153 71 96 0 47 96 105 63 61 134 104 0 18 0 124 234 255 0 240 3 159
    239 184 255 0 255 203 255 49 68 91 171 196 145 255 210 50 24 184 0
    182 226 4 50 0 40 151 28 255 0 255 37 255 0 228 109 0 39 135 154 47
    255 67 213 39 105 34 152 157 255 217 255 185 0 255 0 200 155 0 255
    255 181 247 31 213 249 52 231 92 12 6 69 0 117 0 149 255 0 215 100
    43 192 143 175 223 170 0 107 59 255 202 155 0 255 255 0 30 163 58 48
    255 231 104 36 0 242 253 0 247 191 0 222 178 19 255 136 57 41 35 255
    17 16 50 0 255 16 191 51 118 0 82 132 199 106 82 244 50 175 0 245 1
    185 147 255 255 35 26 128 125 186 206 51 51 236 37 0 1 0 54 14 255
    71 47 5 255 168 37 160 0 56 155 57 0 225 0 254 15 0 2 159 0 41 0 132
    0 67 0 124 182 16 146 180 0 60 217 93 255 255 249 231 0 101 0 168
    231 0 68 35 169 244 23 255 217 240 16 255 149 230 30 142 71 133 63
    165 116 200 133 224 124 92 81 228 247 189 193 0 0 255 0 230 255 133
    214 0 231 134 126 54 0 0 36 101 138 157 53 86 210 255 155 255 211 0
    0 21 255 28 15 0 134 69 153 0 0 157 59 0 141 255 73 225 189 0 255 0
    18 0 255 161 149 186 202 255 93 255 255 197 208 255 219 25 35 165
    174 24 255 17 0 20 106 255 190 25 254 255 33 112 255 5 206 255 255 0
    220 146 255 26 0 255 0 231 0 16 35 131 145 255 255 43 200 255 175 0
    52 213 51 192 213 108 240 0 153 98 255 255 169 18 52 255 32 0 255
    208 199 36 66 0 0 21 24 255 242 36 0 58 134 0 95 255 187 22 255 255
    0 212 101 255 0 0 198 145 166 255 255 14 112 94 228 0 0 255 1 215 0
    0 184 255 163 123 255 242 0 0 19 0 0 183 0 199 255 255 1 207 42 51
    255 11 255 243 255 0 174 255 86 255 255 218 172 223 255 98 0 255 76
    126 142 0 150 21 147 89 255 64 237 36 222 255 0 168 184 255 182 195
    136 255 0 113 239 245 113 188 156 186 40 214 153 188 85 174 255 83
    255 44 145 157 255 253 77 238 0 0 163 0 34 238 209 211 196 147 82
    255 255 147 28 255 127 161 57 255 118 255 125 0 211 13 35 165 107
    110 116 224 45 88 74 255 27 9 240 114 249 233 217 238 0 16 77 36 0
    255 255 240 219 167 255 0 216 102 255 23 0 255 0 255 0 22 102 194 7
    133 218 255 221 88 255 140 30 65 154 117 169 255 124 37 209 153 105
    0 60 255 0 30 65 0 255 102 63 6 27 255 0 169 163 141 255 103 133 0
    148 101 142 232 255 228 85 160 0 76 225 188 82 0 21 254 0 0 0 114
    192 136 137 255 39 255 31 234 15 223 255 0 13 205 159 0 239 53 166 0
    0 204 126 0 255 255 255 20 255 255 110 150 195 255 255 0 0 234 104
    255 0 25 0 169 0 0 57 0 199 191 0 251 216 0 78 70 255 163 12 0 63
    255 241 108 90 224 107 29 239 0 0 0 96 0 73 218 8 255 179 247 175
    104 221 194 255 38 124 77 255 0 174 190 255 173 35 29 16 144 128 60
    20 195 186 0 242 22 142 255 255 133 52 168 101 90 41 1 255 189 0 205
    255 222 37 19 255 0 208 190 211 246 0 0 37 0 242 255 120 158 255 72
    243 255 112 147 87 210 120 0 67 60 253 0 141 3 255 0 50 63 255 255 0
    255 255 191 176 226 133 178 0 0 51 73 19 0 213 222 0 0 16 241 22 255
    133 0 158 218 138 0 142 219 49 0 255 99 0 255 229 1 203 252 149 41
    255 199 255 149 142 255 250 106 86 191 100 21 255 7 33 96 10 216 140
    83 0 0 255 240 50 85 233 37 230 125 0 0 0 92 253 255 0 57 88 227 57
    148 214 185 0 255 219 0 240 157 0 113 151 0 0 109 65 60 155 153 239
    93 255 2 0 206 150 99 179 24 198 168 234 174 255 91 7 178 164 235 29
    233 55 153 74 168 69 255 98 255 60 255 171 233 0 208 45 0 255 232 18
    255 220 255 91 38 161 81 255 0 255 142 204 174 154 255 0 59 201 0
    171 104 0 209 10 255 239 150 176 16 84 254 255 142 201 113 167 229
    154 209 42 152 187 181 0 117 0 160 0 255 255 18 250 142 149 127 255
    0 255 119 255 39 157 255 255 211 255 133 56 255 55 214 255 0 156 0
    35 235 0 214 17 139 244 0 231 231 0 85 80 205 255 44 188 184 175 255
    0 255 134 99 0 85 255 55 98 205 0 130 0 255 255 51 62 183 208 255
    255 168 108 171 173 0 37 0 40 0 0 16 188 229 73 255 183 161 226 171
    0 131 71 87 50 255 176 255 255 61 78 255 170 58 92 132 174 255 255
    20 0 204 127 113 80 32 112 195 32 128 0 0 255 78 180 95 109 43 191
    113 254 0 255 94 140 153 0 102 96 255 255 255 0 60 36 127 0 255 255
    0 133 255 208 224 187 105 0 54 10 110 243 109 8 41 95 0 0 0 15 79
    255 0 182 0 179 116 253 255 160 147 0 47 255 0 245 180 98 179 9 119
    8 254 0 255 146 238 180 31 0 18 255 27 201 255 175 213 0 144 0 255 0
    69 205 255 0 0 255 180 0 0 59 94 217 178 196 189 80 234 255 112 255
    255 255 95 101 0 255 255 0 40 130 0 0 228 255 0 225 0 6 170 224 114
    160 0 74 203 255 206 134 168 255 0 0 255 0 209 255 255 243 241 255
    63 75 255 0 122 111 157 0 8 42 255 214 126 145 255 255 255 157 30
    182 0 255 0 90 76 255 77 255 255 0 112 198 199 248 138 0 0 255 109
    172 98 0 202 255 129 174 11 255 143 39 147 195 255 204 202 0 127 255
    255 255 105 208 255 0 233 154 72 195 156 255 255 255 125 134 0 72 78
    2 208 143 8 194 255 0 255 172 203 131 255 101 58 255 203 0 0 255 132
    72 255 77 65 237 148 71 0 219 255 0 240 255 255 106 255 71 255 117
    16 87 29 101 255 202 194 194 255 175 99 255 221 180 160 175 255 239
    17 175 150 14 12 107 211 0 0 0 109 126 121 0 36 3 0 255 11 167 108
    116 0 202 2 255 40 194 255 39 0 0 255 88 0 240 0 224 0 26 255 126
    199 62 234 255 68 0 128 252 81 255 129 255 255 96 62 86 0 10 23 157
    12 255 199 233 255 255 0 93 255 74 128 67 255 192 157 255 0 0 0 255
    0 118 255 0 0 255 245 9 0 236 255 172 255 31 62 37 31 63 10 215 12
    255 127 0 255 0 7 177 0 110 122 23 229 87 177 255 169 99 149 65 126
    74 26 183 0 154 177 0 79 0 85 255 147 108 255 165 195 132 89 170 248
    30 255 255 0 0 0 255 82 41 222 0 0 0 127 238 93 255 255 0 219 78 159
    22 112 65 129 17 224 217 131 129 27 0 8 48 255 104 84 14 255 255 93
    118 208 253 236 95 227 255 0 233 226 217 217 132 208 163 239 125 85
    0 0 169 114 143 0 210 174 49 255 85 62 255 0 125 38 0 0 78 223 108 0
    202 50 255 255 131 14 0 0 255 0 49 35 228 20 141 0 255 165 97 255 0
    103 109 70 229 84 22 140 31 255 0 48 190 255 0 81 169 0 168 127 140
    182 49 69 0 22 118 7 189 174 0 200 0 199 255 255 64 255 255 255 250
    255 255 85 212 193 255 0 255 255 101 255 172 204 152 0 0 69 230 255
    171 129 200 229 255 255 161 199 94 23 219 93 0 255 83 0 131 255 200
    140 24 4 255 8 244 41 75 26 255 105 11 255 255 28 101 66 255 175 255
    0 90 173 170 204 183 255 0 54 81 140 215 19 9 35 0 193 84 81 0 0 197
    0 107 147 255 0 0 61 255 255 255 0 28 19 8 255 255 92 37 255 0 183
    255 0 140 0 213 182 224 0 22 243 255 111 156 0 255 0 79 0 108 102
    255 0 186 127 206 230 243 235 0 48 0 0 0 105 196 131 236 79 231 255
    105 209 68 255 237 255 69 0 0 53 71 255 155 0 117 249 233 153 244 95
    91 133 246 209 162 202 173 25 41 66 0 0 55 255 82 211 16 8 134 93
    137 70 0 177 0 72 130 36 194 213 0 106 18 70 27 81 61 67 95 101 255
    4 255 76 255 91 0 132 255 0 35 92 123 255 0 62 117 72 213 0 0 150
    249 0 255 150 153 131 255 167 150 117 238 121 100 7 8 101 43 255 255
    3 91 213 163 255 102 240 0 67 249 0 155 21 0 105 201 255 190 178 255
    141 0 255 190 255 196 242 153 235 255 13 5 201 126 159 0 64 148 0
    189 179 0 78 92 195 87 239 255 81 233 249 255 255 81 167 221 255 173
    255 58 68 0 255 238 0 242 255 206 94 88 26 255 38 255 209 255 255 56
    185 36 69 145 0 0 151 102 72 35 201 101 245 255 255 53 88 111 255 82
    14 183 60 247 149 255 0 162 142 255 12 204 163 255 52 123 210 4 95 0
    0 222 0 69 66 255 37 255 0 255 0 170 189 0 149 255 203 10 255 100
    233 69 0 0 7 0 103 116 0 255 0 0 60 59 247 201 0 173 0 209 242 0 205
    31 120 32 0 217 255 64 0 0 0 142 41 153 149 156 0 0 255 126 66 252
    138 255 33 0 255 54 0 0 45 105 104 231 255 139 62 255 104 0 56 12
    110 56 17 232 85 114 0 126 50 207 144 255 182 255 69 217 255 219 155
    0 111 215 88 37 0 24 83 182 140 159 50 0 208 0 0 17 0 236 0 0 184
    255 182 254 255 184 9 163 255 255 0 194 146 53 247 255 255 0 0 0 255
    0 201 59 0 34 233 83 37 0 67 163 238 172 255 166 255 14 137 9 0 0 0
    255 236 214 255 0 102 38 154 81 123 0 0 255 209 255 255 255 213 0
    255 255 35 0 200 255 201 205 126 0 255 80 0 144 255 0 35 255 255 194
    236 255 4 21 255 95 149 255 165 255 255 0 9 255 255 5 24 255 73 255
    204 0 0 154 28 29 255 0 111 162 126 255 201 201 227 255 255 0 118 0
    0 0 148 63 127 127 36 223 255 255 121 250 194 119 186 175 92 0 198
    112 210 76 89 161 63 107 72 147 231 10 201 48 137 225 42 255 0 171
    255 94 87 168 184 135 88 41 233 148 255 221 0 217 146 50 39 226 245
    39 255 49 100 255 0 0 176 137 0 5 112 30 121 124 255 255 116 199 237
    0 255 255 255 0 255 0 0 255 147 125 255 42 79 217 0 255 235 0 5 179
    83 20 0 255 158 95 0 27 141 255 206 0 0 69 0 2 246 235 38 29 255 255
    106 13 47 0 0 252 149 216 16 234 48 0 0 233 242 60 0 213 255 231 30
    114 231 255 250 220 121 89 190 137 175 16 177 0 255 0 81 0 255 255
    221 142 37 169 18 159 82 255 0 68 206 35 181 0 238 255 0 146 15 193
    74 237 89 206 37 198 226 101 190 79 0 228 115 31 255 255 9 5 25 158
    0 92 255 84 59 198 0 223 151 255 173 184 16 175 232 255 210 157 255
    51 255 37 10 255 255 255 86 164 255 0 129 166 124 129 255 0 255 255
    102 20 198 167 144 73 243 0 226 117 0 153 255 63 84 255 0 25 115 231
    0 49 18 20 167 45 32 249 255 217 36 255 122 67 253 255 9 0 254 0 255
    19 208 160 57 210 0 188 255 223 223 240 234 2 130 218 0 67 207 255
    172 104 255 104 255 255 126 255 104 255 0 0 21 4 255 155 212 255 0 0
    212 255 0 242 255 78 14 21 158 89 106 255 0 255 0 53 0 249 253 162
    159 0 33 66 38 0 225 250 94 133 255 205 255 154 29 145 121 0 45 72
    75 0 255 0 149 0 118 238 254 255 0 248 1 195 0 0 142 247 199 255 43
    0 170 255 0 162 14 255 148 43 0 90 69 88 169 55 76 153 255 0 0 39 0
    0 159 231 131 175 88 0 178 218 0 71 255 210 65 231 153 0 86 224 0
    155 132 108 132 194 34 255 77 66 0 238 162 244 255 0 101 255 69 175
    255 232 241 235 10 228 0 0 255 143 255 237 190 0 149 48 143 245 0
    255 135 205 3 255 134 0 0 90 61 0 153 56 0 133 137 131 180 255 233 0
    104 182 139 213 101 0 255 0 19 146 0 230 142 108 0 0 10 0 163 107
    152 0 33 116 255 47 100 187 255 18 255 255 7 129 187 60 0 102 117
    255 252 18 74 255 0 57 81 255 93 107 194 255 0 0 255 53 208 34 122
    97 194 0 113 0 6 116 11 182 249 97 112 6 81 170 184 255 130 0 29 12
    142 255 15 249 4 72 255 134 157 241 255 221 108 251 60 73 255 186 0
    157 39 243 114 0 93 105 47 97 0 83 255 58 119 255 34 0 250 44 112
    255 100 167 0 12 170 66 255 234 237 2 185 0 129 202 149 255 113 2 65
    226 242 0 0 0 64 0 0 104 164 47 202 11 0 251 38 59 251 255 255 109
    78 27 0 8 0 254 217 32 123 84 68 194 192 255 253 255 255 255 211 255
    255 255 255 249 130 142 242 255 3 61 0 253 216 4 0 255 19 222 0 255
    36 0 255 0 105 5 0 47 164 205 0 107 255 0 93 3 255 0 0 255 144 34
    111 0 255 255 161 113 230 255 91 143 255 34 211 255 0 105 129 0 199
    206 245 232 61 0 87 12 84 141 136 255 212 155 255 26 157 255 66 231
    255 153 214 255 255 46 100 206 160 255 225 136 162 255 0 255 0 255 0
    8 47 214 255 255 217 145 255 135 255 0 59 93 255 225 79 255 0 255
    155 79 126 0 217 0 21 140 234 42 190 112 248 0 0 8 0 255 0 255 91 0
    0 0 52 255 137 153 16 146 103 0 118 35 0 237 0 19 166 240 0 255 0 21
    0 134 255 0 250 37 0 208 10 39 0 0 184 0 13 255 0 145 89 51 198 255
    32 81 255 255 220 158 183 239 45 30 190 59 255 0 0 0 225 194 106 221
    137 60 199 136 97 255 0 11 116 172 255 255 255 176 0 92 0 255 1 255
    255 0 100 216 84 0 0 173 73 9 197 192 0 241 255 203 189 162 143 177
    174 255 255 129 255 10 167 112 0 129 210 65 0 182 255 207 183 213 0
    33 94 255 255 10 54 2 0 0 43 255 136 35 255 255 255 69 124 0 178 186
    255 255 255 49 142 71 51 63 178 0 25 156 6 255 81 157 197 0 245 255
    217 109 7 48 0 95 34 13 173 50 44 252 228 10 206 111 198 190 229 228
    117 255 0 31 11 255 255 227 227 113 249 223 254 171 48 177 10 255
    132 170 170 255 24 211 165 49 0 223 93 0 26 0 255 126 185 215 180 39
    0 0 0 141 35 0 38 76 0 140 255 255 162 200 86 180 201 205 245 255
    255 207 0 155 30 255 97 0 124 255 0 255 0 127 206 203 64 244 90 255
    106 138 255 255 67 0 145 183 255 0 123 213 30 255 39 0 0 155 7 0 222
    77 247 0 101 70 0 119 110 70 0 6 255 20 100 81 255 0 144 113 45 162
    0 170 0 255 0 49 0 218 255 0 122 255 255 208 11 120 0 255 0 255 241
    25 188 255 155 50 0 0 71 125 0 215 1 102 255 255 0 132 159 255 163
    255 71 0 178 118 251 0 132 255 255 200 98 255 59 141 255 0 69 59 178
    0 0 65 137 255 255 0 117 152 0 255 121 209 243 25 255 255 255 255
    255 110 255 0 0 255 81 12 255 232 0 255 86 255 0 255 209 255 241 1
    145 57 215 180 255 3 255 0 0 0 0 0 0 187 255 56 208 156 209 148 197
    226 239 207 67 83 171 0 184 255 51 255 0 22 255 160 80 0 0 83 163
    154 133 101 0 141 0 0 114 177 40 255 133 54 255 255 92 106 255 59
    182 59 8 111 255 0 129 117 97 47 150 255 255 194 255 189 0 121 107
    255 51 0 243 255 32 255 210 0 154 0 156 148 255 112 57 134 59 207 0
    206 9 0 86 0 20 39 0 115 134 242 255 214 111 0 255 161 0 0 146 189
    223 0 255 255 0 255 146 52 140 0 0 64 255 148 255 255 255 168 62 0
    255 0 186 0 98 242 146 0 114 255 0 88 255 161 0 231 255 239 209 147
    45 125 0 255 186 255 34 99 38 32 204 255 137 0 81 0 184 255 26 240
    111 154 211 255 138 202 62 62 6 171 240 0 0 0 255 244 249 255 255 68
    255 210 255 255 0 255 198 146 0 204 0 0 90 209 188 86 0 105 0 23 0
    187 255 0 228 14 192 132 172 153 255 31 28 28 199 62 188 0 65 33 112
    0 255 96 255 146 0 233 0 0 139 144 215 111 255 255 134 222 0 0 92 0
    0 33 67 37 244 43 143 0 150 255 0 10 180 255 255 136 101 0 145 102 0
    82 219 85 0 241 7 24 255 194 255 27 0 255 0 33 3 89 237 0 162 86 151
    67 0 212 162 255 255 0 218 0 99 80 112 40 0 102 40 10 60 106 0 146 0
    243 149 255 234 0 36 194 178 146 0 255 0 255 59 87 155 83 255 255 0
    0 58 26 67 45 94 239 191 0 255 254 255 0 122 243 0 255 172 0 47 0
    215 43 89 255 72 0 160 255 154 0 255 0 100 0 255 135 0 255 221 0 40
    220 214 67 0 82 255 255 204 36 50 171 44 0 128 0 0 157 123 0 255 250
    255 64 160 198 0 254 127 0 0 197 210 0 70 255 236 9 91 255 0 0 0 145
    255 125 255 165 165 211 190 221 0 173 142 255 46 87 251 17 144 187
    255 50 255 255 155 2 146 0 145 0 205 224 160 188 0 50 72 161 190 242
    23 129 247 151 81 36 255 58 0 33 255 255 234 29 255 255 192 203 255
    174 255 221 0 162 65 230 255 255 116 151 79 64 124 255 43 0 144 103
    255 124 84 157 34 197 0 87 23 55 90 87 0 255 255 243 2 68 238 135
    255 203 122 255 0 238 202 221 0 0 146 255 148 255 130 49 0 255 104
    255 128 82 19 89 69 22 255 215 0 85 205 62 89 199 18 138 221 47 57
    106 185 0 227 143 0 159 212 130 255 190 121 255 0 255 255 54 255 255
    255 20 164 255 142 123 195 253 203 253 175 8 209 36 176 131 212 198
    172 40 87 46 0 162 0 255 245 255 0 142 255 248 149 252 122 20 0 96
    198 255 252 139 0 0 226 22 36 64 137 166 0 197 150 255 0 255 238 255
    177 178 144 204 30 82 130 164 255 0 0 0 60 0 255 109 26 153 187 196
    173 255 104 255 242 176 14 122 88 0 202 225 255 0 255 255 255 0 132
    255 234 0 168 253 0 101 255 155 221 147 64 73 163 207 185 91 117 81
    0 0 213 0 0 124 0 255 77 52 255 0 127 0 255 0 0 202 255 68 186 71
    133 254 9 206 255 95 159 181 0 223 255 118 1 0 98 237 221 9 193 255
    219 52 162 254 154 255 91 142 242 255 255 255 179 24 0 82 44 135 190
    0 247 219 0 241 75 224 0 115 175 255 221 110 140 147 253 0 6 130 216
    0 184 120 71 0 255 159 152 90 55 164 133 74 92 0 255 7 50 0 255 30
    255 255 123 0 123 255 236 167 185 14 255 0 52 0 240 141 237 93 255
    239 212 199 255 128 255 212 255 52 0 0 15 248 171 98 225 255 255 255
    11 213 0 147 34 0 7 179 98 95 212 0 251 90 68 255 127 255 255 208 50
    117 255 28 61 0 63 255 118 217 255 60 55 255 64 156 244 135 78 189
    170 122 255 203 255 0 255 44 51 255 218 170 5 161 255 79 217 98 35
    223 69 0 127 92 64 232 0 255 119 224 24 0 235 241 255 118 243 0 40
    56 166 255 255 118 0 255 224 175 89 0 255 246 50 0 71 255 0 0 255 0
    28 107 111 155 255 102 0 36 89 255 0 0 0 255 202 56 220 20 202 239
    175 174 255 43 160 255 121 255 255 227 100 112 225 255 146 255 70
    174 241 55 255 255 143 157 102 229 109 40 1 94 0 0 254 255 228 105
    180 129 0 77 0 9 255 15 2 225 0 12 122 144 207 45 22 204 187 0 225
    153 0 64 227 255 255 255 0 158 0 0 124 28 255 255 162 255 69 0 76
    106 255 255 255 157 0 0 249 48 167 255 94 0 0 0 167 0 229 218 34 30
    31 241 152 237 168 255 0 163 0 45 101 230 255 53 70 255 182 255 255
    255 239 255 9 0 0 0 176 0 0 255 228 0 115 255 101 13 255 255 114 72
    0 217 0 0 255 255 171 5 255 255 170 47 255 148 186 0 222 75 65 181
    255 255 237 255 255 255 255 0 255 155 94 255 0 181 221 31 41 255 0 0
    0 16 0 73 119 201 192 255 85 255 30 6 22 57 255 0 123 0 255 255 255
    227 84 255 213 0 162 186 255 240 243 144 70 227 255 130 0 212 104 0
    116 39 18 188 247 100 214 216 173 255 151 69 15 255 31 89 116 163 0
    45 255 141 255 154 255 255 140 0 171 68 0 255 67 255 85 243 99 247
    255 255 0 247 0 75 36 19 0 66 61 115 255 45 117 213 0 93 144 128 227
    255 215 0 255 0 255 104 0 91 243 0 0 0 255 67 17 162 217 0 104 104 0
    187 0 255 187 0 0 30 231 106 75 255 97 77 55 72 255 213 0 225 31 84
    222 245 49 240 136 8 36 125 130 163 0 147 226 0 0 207 159 28 255 191
    161 221 90 0 15 176 166 255 24 135 255 72 105 0 174 0 115 211 255 40
    223 234 140 0 0 204 21 71 16 0 159 104 0 255 0 252 196 0 212 0 230
    185 255 67 255 29 67 166 0 126 127 153 10 144 170 162 166 255 255
    255 220 255 44 0 197 0 154 0 0 0 0 4 25 116 31 77 0 255 255 125 18
    99 255 255 0 231 98 103 182 203 0 255 0 159 32 14 0 0 255 140 214
    137 0 0 21 200 29 8 149 48 169 137 113 40 71 0 74 249 144 113 69 240
    103 255 255 171 138 26 227 96 255 163 0 80 147 255 255 37 76 100 183
    0 123 255 144 0 228 202 0 224 213 25 75 52 126 15 202 224 255 255 49
    11 224 255 255 19 255 126 0 104 0 255 255 242 186 0 0 255 251 255 51
    84 255 46 0 0 148 2 114 255 0 50 140 224 198 158 135 0 0 13 201 222
    0 75 58 0 100 0 245 217 118 56 27 255 37 84 0 90 10 0 0 255 0 0 200
    255 56 109 255 192 10 255 43 225 98 172 167 255 177 0 112 23 83 179
    172 0 0 197 222 255 143 0 8 124 43 118 172 0 83 31 241 204 0 0 89
    120 0 0 60 136 24 150 0 181 174 173 135 0 246 171 66 0 126 255 133
    255 165 42 255 255 98 232 227 255 0 251 29 255 117 255 16 152 135 32
    51 25 137 182 249 62 180 75 129 101 226 0 134 236 0 97 5 0 255 255
    255 115 255 76 46 106 255 114 152 189 0 255 248 185 207 207 255 233
    255 98 0 0 96 178 158 173 13 255 255 255 146 255 0 92 98 224 50 255
    175 9 71 80 115 115 196 70 0 19 81 92 255 201 53 229 27 0 206 255 97
    0 215 124 121 233 3 0 195 65 0 255 0 0 0 0 206 3 45 97 156 43 83 152
    159 170 0 26 119 255 0 255 161 0 211 102 205 60 255 0 172 196 47 66
    255 104 114 0 0 247 0 114 251 255 0 81 58 10 153 134 10 210 0 126 42
    0 115 3 255 137 206 63 236 255 175 0 247 31 0 0 39 208 64 255 255 0
    69 25 0 208 255 93 232 51 255 255 29 196 255 0 252 42 255 238 61 46
    31 255 75 73 254 11 194 255 255 185 66 255 0 168 255 0 40 255 0 134
    65 221 164 0 119 255 57 255 166 91 255 255 0 131 31 0 0 85 0 138 126
    234 0 255 88 110 175 0 250 124 0 160 108 255 112 255 255 179 13 38 0
    0 230 193 83 38 255 255 0 161 86 0 241 18 121 255 255 246 47 6 0 113
    255 0 253 255 0 255 72 255 21 0 0 161 217 255 14 139 16 194 142 14
    158 255 73 196 130 205 0 14 0 255 180 167 0 174 110 0 255 39 153 204
    127 164 252 223 255 231 221 0 255 247 152 255 71 255 81 187 31 85
    135 255 0 219 75 84 231 255 5 24 255 255 255 255 75 253 51 255 183
    179 160 0 255 0 200 198 54 0 255 73 0 144 0 216 255 71 255 116 255
    255 35 125 102 0 255 100 27 255 221 255 66 138 239 255 195 255 0 111
    57 53 0 102 161 67 0 0 255 255 51 22 0 231 0 0 198 116 255 183 109
    33 0 249 77 140 30 90 0 164 0 10 158 255 156 0 164 136 0 24 0 240
    227 0 152 245 144 191 0 201 255 198 87 0 8 200 145 255 2 0 255 0 132
    255 0 193 221 198 58 0 237 172 209 255 255 105 0 70 83 0 6 185 239
    204 206 255 0 55 255 203 255 66 232 18 31 255 193 75 255 27 0 226 39
    116 219 100 186 101 121 135 96 141 255 255 0 255 156 255 0 139 171 0
    255 101 216 0 0 255 82 236 255 255 0 144 81 145 11 0 67 255 0 0 30 0
    104 61 255 17 129 0 204 50 255 202 255 255 255 155 255 46 0 97 0 255
    99 36 0 111 43 0 50 230 255 255 178 153 172 255 201 18 255 222 255
    127 0 3 141 152 233 57 180 42 115 70 0 192 117 51 171 0 147 255 245
    17 136 255 2 255 70 0 255 193 3 253 255 198 0 249 128 132 35 74 255
    255 221 72 251 0 255 127 4 0 3 0 255 62 176 125 0 0 41 175 234 102
    209 255 82 16 156 255 18 255 0 255 255 255 0 46 0 238 13 113 0 160
    98 80 0 255 215 0 251 240 68 179 223 165 192 255 55 0 86 74 111 61
    218 198 205 0 162 245 255 0 44 235 0 214 97 0 0 197 255 0 0 255 0
    251 12 150 133 143 255 29 0 182 0 149 113 0 255 255 176 255 0 122 0
    0 0 60 67 79 255 0 56 176 15 78 194 249 86 155 29 205 147 255 0 117
    197 169 255 1 84 167 172 127 255 146 0 255 255 255 255 255 0 242 229
    210 41 22 255 66 0 255 103 80 0 99 172 170 112 22 218 0 76 255 0 90
    0 213 213 0 168 0 0 171 0 130 0 172 62 255 103 29 149 255 0 0 255
    217 0 255 131 0 195 1 0 255 99 50 188 220 104 255 198 185 255 110
    114 118 210 48 20 0 54 15 0 160 255 34 33 184 39 255 128 175 247 255
    136 93 217 26 0 0 0 130 0 255 255 194 198 242 209 255 181 211 255
    147 72 181 16 0 237 89 11 255 255 235 134 32 199 255 255 172 23 251
    129 0 0 152 9 83 161 245 235 84 45 251 211 255 29 255 35 255 202 39
    177 0 0 146 0 93 0 37 255 255 72 77 17 103 198 24 136 121 255 191
    108 129 255 69 241 0 153 34 254 37 252 26 0 159 29 0 19 255 11 12
    255 153 61 255 139 122 255 112 192 41 206 240 60 255 40 5 41 255 255
    188 0 161 255 255 255 75 16 255 126 182 0 0 161 109 199 61 0 0 0 208
    223 212 105 255 157 255 209 0 28 173 0 130 122 70 137 1 0 0 148 227
    12 88 255 102 63 149 255 2 59 209 60 0 207 130 218 42 201 255 207
    201 172 64 157 8 59 14 172 163 134 0 0 37 0 255 80 58 97 255 255 226
    28 0 121 70 16 203 0 140 255 255 172 76 255 255 150 255 0 255 11 50
    112 21 0 253 201 151 38 85 153 168 0 95 183 233 212 0 219 95 0 255
    111 39 202 150 149 122 235 166 83 82 0 141 0 0 24 234 196 21 255 67
    223 102 0 245 45 237 154 0 217 69 14 170 255 255 0 143 211 185 75 17
    0 68 216 255 0 122 0 255 57 255 255 0 0 153 88 0 230 0 136 204 209
    146 198 24 115 0 25 255 53 134 108 177 255 33 158 93 0 239 34 31 226
    77 47 45 219 255 166 126 195 54 163 3 147 23 14 255 4 103 129 0 67 0
    93 100 61 0 149 0 111 9 0 177 228 255 33 0 28 218 161 102 39 189 0
    241 243 180 8 222 218 17 0 224 181 228 115 31 255 157 127 255 255
    209 255 0 255 255 255 214 42 54 30 41 255 111 196 163 143 204 43 221
    39 124 249 194 124 42 160 230 0 239 114 229 252 187 255 83 60 255
    176 206 0 69 85 0 0 0 255 0 0 217 255 55 79 55 32 93 143 17 0 15 13
    255 0 137 175 0 10 0 0 2 136 0 48 255 135 0 42 31 255 255 0 255 203
    93 179 255 105 6 255 0 255 255 211 167 113 41 77 53 0 255 98 255 152
    199 0 180 101 220 255 0 132 0 118 216 253 204 52 188 255 255 255 197
    254 8 97 34 0 161 0 85 255 197 166 153 0 7 149 162 0 64 0 100 255 26
    103 0 108 26 0 115 7 231 31 255 62 255 212 0 0 255 175 138 75 255
    128 0 206 99 255 128 0 122 0 0 0 41 52 255 255 40 126 211 22 140 0
    149 129 141 255 161 230 134 48 255 18 92 196 239 206 255 61 255 0 52
    89 211 255 87 131 141 255 0 222 13 0 8 0 170 0 17 255 123 190 255 47
    255 255 27 255 101 255 0 171 68 232 22 33 0 0 62 47 32 23 0 255 255
    11 190 255 234 18 0 235 255 224 0 193 0 91 146 223 0 236 124 252 46
    182 237 0 129 255 0 122 255 0 0 240 206 169 0 0 20 168 135 64 102 21
    157 255 249 255 255 210 0 212 53 178 107 21 255 255 174 54 0 255 0
    255 107 233 33 241 106 0 0 240 254 250 165 0 136 212 63 255 0 101
    255 91 197 255 255 255 38 0 81 96 255 255 138 12 249 23 181 143 171
    11 70 0 0 18 0 255 148 110 0 132 255 167 254 162 122 29 0 127 224 52
    0 0 0 231 0 255 255 255 255 95 0 157 0 0 246 0 255 255 28 0 220 59
    123 255 255 14 0 35 237 22 255 0 17 0 53 0 255 55 0 125 206 134 179
    0 98 60 255 45 73 0 164 27 255 7 222 216 0 232 0 255 255 0 88 19 71
    33 255 255 245 0 173 247 0 216 0 255 0 255 90 114 130 175 255 55 15
    255 182 237 0 0 255 136 199 31 101 214 59 28 246 244 124 44 255 181
    255 213 244 255 0 133 252 255 255 36 67 22 128 255 152 187 126 0 255
    1 44 254 53 123 0 255 255 247 78 12 120 0 0 0 0 0 175 0 174 0 255 20
    162 0 62 176 0 186 0 217 51 0 192 0 87 244 172 0 43 39 255 11 234
    236 117 255 196 255 23 19 0 210 138 255 176 218 0 245 226 79 255 0
    255 235 0 53 45 172 255 46 255 43 46 30 150 193 155 236 253 255 56
    47 185 255 126 75 0 255 130 156 147 3 29 26 133 131 45 152 43 97 0 0
    82 127 176 104 225 205 53 73 3 255 199 255 0 200 255 0 59 0 153 248
    255 235 47 55 21 119 194 61 191 0 255 255 111 76 177 26 255 255 156
    0 0 0 0 133 194 86 255 201 0 0 47 162 255 215 0 239 67 121 125 37 0
    21 214 120 48 86 169 84 128 255 9 0 236 60 0 190 229 255 255 255 39
    76 178 59 150 0 255 30 26 255 0 191 115 194 20 119 255 217 123 238
    100 170 255 240 109 0 184 236 130 0 255 49 0 0 85 0 255 255 228 87
    255 0 0 9 0 255 173 0 111 162 45 255 162 255 7 214 108 31 255 255
    232 137 255 21 227 98 244 0 217 109 255 255 175 255 143 39 240 255
    244 249 12 238 131 255 49 36 185 193 111 1 128 0 0 233 150 244 253
    56 255 32 255 112 229 49 1 255 131 77 255 0 174 22 68 171 157 97 0
    255 53 0 82 128 126 65 255 117 28 101 0 18 0 200 0 45 122 253 255
    175 197 0 4 185 29 25 255 255 117 119 144 255 0 255 226 135 0 157
    171 245 186 239 243 50 0 0 88 239 255 23 164 77 255 255 0 0 140 255
    27 0 97 14 137 30 255 116 146 184 255 255 168 0 75 23 192 0 0 0 0
    137 0 250 0 74 69 96 124 64 144 0 0 155 203 43 0 222 214 159 37 108
    98 0 180 174 0 62 111 255 255 0 74 195 105 255 29 199 98 130 143 39
    180 73 110 0 15 235 155 247 0 239 5 103 5 255 36 0 121 254 255 236
    86 23 209 37 36 163 0 0 62 0 107 255 24 251 96 255 255 185 255 0 0 0
    26 255 138 119 207 133 255 0 191 19 0 181 255 213 150 5 10 19 81 8
    55 0 255 212 0 0 42 106 134 0 107 167 0 161 189 60 0 255 248 159 0
    244 255 255 40 238 0 0 0 237 255 0 255 156 207 162 255 0 255 215 18
    79 117 255 255 21 57 0 45 40 15 0 60 46 74 182 44 6 255 157 255 0
    131 255 255 0 69 198 30 255 255 0 0 255 76 36 227 0 91 234 0 0 70 0
    60 0 154 206 88 57 255 158 76 245 209 249 156 255 0 27 197 255 190 0
    255 255 121 0 146 0 125 255 217 199 0 126 74 17 78 0 12 153 0 255 12
    180 41 255 43 255 169 76 76 255 187 0 255 66 255 170 135 51 0 0 178
    170 240 91 46 82 246 128 0 255 25 0 255 0 33 46 172 0 0 180 0 192
    144 255 78 255 255 178 212 255 78 255 155 171 0 109 167 139 72 255
    67 0 255 255 0 225 0 147 60 0 181 0 164 29 205 255 255 72 0 251 20 0
    7 255 0 248 71 50 255 0 255 227 38 246 0 255 162 129 46 255 165 67
    33 22 74 255 255 7 4 255 139 0 1 207 121 236 18 166 196 168 26 127
    244 130 200 255 0 20 144 250 99 174 75 55 255 0 0 0 121 194 183 255
    0 176 0 207 172 165 0 17 255 0 255 25 255 65 255 0 58 249 255 0 42
    211 217 164 255 97 255 31 255 192 28 95 255 108 0 226 43 20 239 255
    0 255 255 222 255 163 255 105 255 0 255 248 10 0 0 78 30 255 151 169
    255 213 160 147 0 255 213 164 153 0 46 155 35 222 0 224 0 57 221 20
    193 126 89 6 40 154 126 0 102 255 255 0 142 44 0 228 191 255 0 11
    142 73 0 11 94 88 54 6 123 16 50 141 106 178 24 255 76 255 138 14
    155 2 194 137 103 0 168 15 255 176 107 206 209 255 195 255 255 0 70
    255 46 36 0 0 3 0 250 0 30 207 65 47 91 1 0 19 202 152 183 0 71 0
    208 0 233 0 240 211 46 101 153 250 36 31 10 138 40 169 76 64 255 220
    0 110 0 101 255 107 0 225 0 132 255 0 27 255 171 255 7 187 255 151
    187 0 104 193 76 136 20 0 255 255 0 255 82 0 109 255 109 16 122 114
    169 0 224 0 0 106 174 0 47 255 129 0 204 150 0 237 212 157 216 4 154
    55 66 164 110 217 255 158 173 175 151 14 162 255 27 93 1 94 80 182
    209 224 224 127 205 194 0 255 247 30 118 173 247 255 7 255 0 46 82
    98 70 91 254 15 0 0 166 183 104 217 220 74 0 233 255 101 0 255 255
    191 154 197 32 133 255 0 0 219 216 0 255 0 30 198 27 161 70 102 24 0
    155 255 201 79 255 0 255 238 0 255 0 164 255 0 255 255 251 255 255
    240 144 205 0 181 103 135 117 254 255 255 255 41 255 212 128 99 14
    229 219 0 59 0 79 255 228 243 190 255 0 255 255 188 125 0 153 138 54
    255 71 0 226 240 255 71 58 0 111 117 67 82 0 224 255 255 152 0 145 0
    69 22 0 247 198 204 0 245 255 119 19 181 200 39 125 174 182 11 0 250
    0 222 255 224 0 0 0 166 0 0 160 0 0 205 32 0 255 237 210 255 255 0
    255 255 242 23 255 0 145 75 0 253 255 0 0 203 201 228 255 255 93 0
    255 255 255 255 220 114 85 224 0 255 95 137 28 218 255 193 55 40 111
    205 126 23 255 77 63 133 255 175 249 172 153 0 199 4 117 0 0 228 197
    132 0 255 0 66 218 255 182 71 255 97 184 0 217 231 255 0 203 105 255
    217 0 255 0 0 35 131 0 0 9 189 0 0 117 0 255 246 99 213 0 0 97 255
    19 212 81 75 203 0 49 0 193 11 255 14 0 255 255 219 255 141 144 250
    162 179 23 171 255 0 14 32 122 195 0 94 255 255 0 255 255 0 255 9 0
    255 28 145 130 0 84 0 81 129 255 136 194 198 245 0 27 227 191 211
    174 203 218 84 135 0 175 210 44 82 132 147 0 255 96 4 214 255 26 192
    114 147 35 0 164 69 0 5 218 0 197 143 255 214 78 139 255 121 111 130
    203 113 255 98 255 79 177 0 0 57 232 255 103 255 220 47 164 0 126
    142 227 0 45 0 95 65 238 255 161 255 185 90 209 28 224 255 0 255 244
    0 31 189 4 255 255 193 0 0 39 96 150 224 171 120 0 255 0 224 83 255
    19 168 255 255 0 142 0 195 225 255 255 243 255 5 254 51 9 205 174
    135 233 5 126 121 18 0 133 0 137 230 95 206 197 56 186 146 255 180
    183 181 255 54 125 164 35 215 255 35 235 103 243 73 92 0 119 29 1 13
    227 14 239 0 0 255 0 0 243 178 0 0 185 119 255 255 255 255 0 255 43
    118 67 245 40 0 173 131 0 71 85 211 232 211 146 255 255 141 0 0 255
    255 0 80 255 255 255 54 71 216 102 204 193 0 0 0 69 43 196 235 31
    255 217 255 121 150 185 32 171 255 25 255 144 255 76 34 255 80 213
    110 0 255 148 193 73 5 76 0 34 168 190 255 210 255 118 255 255 133
    168 31 255 51 77 0 99 107 212 91 0 40 117 141 0 255 182 0 0 47 255 0
    237 148 255 135 255 79 0 0 234 158 0 89 9 131 161 18 0 92 166 119
    224 126 230 138 20 209 139 187 142 246 0 144 203 250 242 230 0 80
    176 255 69 234 126 122 0 146 151 225 0 237 0 125 3 211 0 91 131 72 0
    15 52 0 215 86 0 255 204 253 222 0 200 133 228 255 0 244 95 0 0 208
    238 0 32 47 126 235 0 63 124 47 44 255 190 219 241 47 0 149 92 52 13
    127 164 148 108 0 158 28 0 91 150 89 0 255 92 173 255 0 150 136 12
    132 0 222 0 206 195 164 141 240 0 0 226 186 255 208 183 147 96 126 0
    0 0 77 0 235 178 0 223 255 87 255 175 0 0 53 65 186 255 255 0 142
    255 183 251 3 128 150 0 255 154 101 116 0 255 255 45 179 255 15 0
    101 43 187 216 0 124 255 255 255 190 175 0 0 255 0 195 0 91 253 0 81
    60 57 41 73 228 255 0 164 148 17 61 0 235 255 0 211 24 255 231 195
    138 255 96 195 0 135 204 0 238 155 145 147 30 255 96 0 255 0 190 116
    158 64 89 0 176 219 82 53 255 21 0 224 23 184 76 255 193 0 0 109 255
    0 252 255 0 255 253 184 255 255 0 0 195 0 254 255 255 143 0 255 142
    37 255 255 79 255 17 72 0 255 203 236 255 59 112 0 255 255 199 38 0
    212 243 255 146 118 255 147 0 96 153 0 137 0 157 139 135 42 255 0
    255 0 155 0 200 0 0 230 161 0 255 69 255 255 0 255 255 33 118 89 100
    87 118 173 0 255 226 249 255 21 7 255 0 55 46 0 111 215 233 157 0
    134 0 206 88 24 128 250 196 255 0 67 162 195 140 143 243 255 33 11
    255 107 0 11 43 0 254 220 255 255 161 186 81 16 73 17 50 73 254 255
    192 96 162 255 138 57 38 0 210 127 63 0 85 15 103 126 156 106 255
    255 0 46 255 232 217 72 169 0 255 174 57 97 193 255 91 77 162 0 183
    131 58 130 180 255 0 0 48 125 155 226 60 61 0 255 0 202 117 132 211
    255 233 43 255 224 137 52 255 255 0 214 255 218 90 0 237 81 136 242
    0 192 22 103 220 145 93 246 208 42 35 0 40 164 213 108 0 71 255 108
    239 255 26 0 0 62 0 135 251 0 143 255 255 182 0 140 110 0 201 255 82
    46 30 86 67 0 32 241 255 255 117 112 42 176 107 0 85 181 255 186 62
    255 171 235 0 69 71 50 56 126 0 245 197 15 83 255 0 255 255 0 16 192
    0 226 101 255 255 10 106 0 55 16 11 193 255 0 155 255 222 0 209 255
    76 174 255 255 12 0 140 180 249 0 145 107 233 0 106 255 62 231 0 159
    93 172 0 249 137 163 248 220 255 56 255 115 185 0 136 255 199 50 146
    200 133 95 206 205 255 180 168 252 137 0 78 134 0 217 255 248 255
    255 177 195 0 217 19 0 209 243 77 61 214 0 119 176 93 255 255 0 23
    59 163 255 8 62 71 4 94 0 86 255 14 171 108 0 42 202 2 0 98 0 240 0
    0 255 0 199 156 122 0 0 255 54 0 255 176 73 255 232 95 156 255 28
    150 7 36 182 235 116 235 22 0 160 132 214 224 255 1 0 238 207 255 72
    95 0 216 49 148 255 255 220 255 91 255 118 255 128 17 212 183 255 0
    40 255 177 255 194 8 15 0 252 0 0 8 98 149 255 242 0 55 255 255 0 2
    189 78 91 239 12 221 255 0 2 221 10 14 235 161 255 233 41 241 182
    174 213 56 0 255 0 200 127 58 50 0 0 73 0 11 163 9 102 25 83 0 0 255
    255 27 172 78 255 112 0 0 103 79 39 255 136 0 151 0 154 128 30 255
    152 255 0 0 7 101 69 0 178 255 0 199 0 255 45 11 89 255 221 140 85 0
    255 215 160 253 126 228 55 37 42 141 0 43 255 214 0 255 255 125 38
    228 55 166 199 255 0 228 20 23 255 103 25 73 114 255 24 255 254 245
    255 255 255 59 17 26 131 239 0 255 16 255 181 29 120 0 0 148 20 106
    255 126 0 255 255 167 0 0 230 231 0 0 255 14 140 0 10 255 44 0 212
    255 92 0 107 0 0 117 245 67 53 255 143 57 0 255 65 224 12 0 255 93 0
    253 196 13 183 5 0 250 139 165 63 207 242 0 255 108 246 0 104 196
    117 246 255 29 37 111 225 255 199 255 66 255 0 143 194 0 70 219 43
    46 7 248 2 146 0 115 91 6 138 252 82 0 0 255 75 0 104 23 0 0 251 15
    255 0 255 191 0 164 132 125 145 0 173 0 192 103 172 12 0 255 224 169
    198 147 145 0 0 186 255 0 146 255 104 0 240 0 0 78 0 255 153 255 149
    209 210 0 123 160 131 103 255 44 18 251 255 64 121 193 143 255 25
    255 167 255 255 138 34 0 14 95 121 41 0 0 255 189 255 255 161 255 17
    192 255 144 75 218 0 255 227 81 110 193 225 0 203 255 101 65 195 255
    54 230 0 255 132 59 45 27 152 0 29 255 215 0 0 31 0 0 0 255 142 136
    9 91 15 244 189 48 74 150 252 255 116 0 55 255 0 255 21 183 171 248
    207 13 215 215 149 253 0 0 7 200 230 255 242 0 197 219 255 0 0 128
    202 3 191 191 0 138 177 255 144 255 0 220 255 0 166 135 73 255 203
    223 223 255 66 255 190 231 186 255 108 138 0 202 0 0 119 85 175 0 55
    83 148 121 255 23 252 95 0 205 255 193 107 244 0 20 172 96 52 0 250
    255 0 255 104 0 234 97 208 136 126 255 109 7 39 93 255 0 240 204 255
    255 138 24 0 225 255 21 0 217 255 35 220 210 207 245 253 223 41 70
    255 255 255 115 139 194 246 0 156 26 45 95 184 0 132 0 255 186 255
    211 10 16 190 74 40 59 158 0 0 46 0 83 183 28 122 48 0 0 255 109 255
    0 81 250 121 122 255 253 109 192 95 89 255 119 214 210 69 105 196
    206 255 255 0 90 20 0 227 149 255 143 129 170 44 255 255 190 161 0
    196 255 0 183 255 117 255 253 13 254 105 147 255 226 104 14 174 183
    0 0 255 220 46 255 255 138 255 191 255 33 0 0 49 93 132 111 83 179
    255 159 221 152 255 0 14 255 0 0 0 63 82 125 173 53 255 71 229 255 0
    185 255 216 255 255 97 255 255 0 208 255 5 185 175 227 98 0 255 255
    251 95 106 255 73 13 176 0 241 166 27 0 55 255 56 255 26 206 130 203
    5 255 101 52 255 255 0 27 112 10 242 0 23 255 242 249 253 255 125
    255 133 88 122 255 77 255 0 215 0 0 0 0 132 255 0 215 240 255 230
    255 255 156 255 0 177 255 88 253 226 117 137 146 175 37 248 1 105
    101 209 0 102 255 0 255 255 255 236 30 104 255 111 255 0 189 0 223 0
    253 255 253 255 61 112 255 196 255 255 47 235 156 136 255 255 59 34
    193 244 0 137 0 0 255 102 0 255 0 162 20 12 235 174 131 102 36 98
    217 150 0 116 65 112 0 203 0 255 0 17 81 255 141 228 245 30 92 114
    74 242 255 2 22 255 187 0 0 125 191 0 0 105 255 186 0 0 255 255 189
    255 0 64 178 174 255 144 253 223 255 255 143 50 214 42 149 0 0 255
    105 65 157 255 0 0 92 231 43 255 255 215 255 249 175 0 135 197 0 0
    76 255 99 4 51 255 0 10 0 0 110 20 129 247 0 176 62 132 255 0 255 55
    59 120 255 123 33 0 255 0 0 0 0 0 255 32 0 186 3 252 104 240 54 116
    255 255 255 0 57 235 0 110 255 121 198 105 255 140 166 42 255 0 3
    255 255 219 255 110 255 0 13 238 255 0 191 0 234 255 255 255 98 121
    97 194 169 0 183 44 145 229 92 114 16 255 0 0 191 116 1 60 247 227
    176 34 0 119 200 164 190 246 10 66 0 255 0 90 246 49 11 235 255 132
    255 255 255 135 255 253 160 210 115 0 208 183 0 255 0 58 0 253 219
    99 27 185 175 210 255 72 59 255 66 255 255 0 11 255 0 8 114 43 255
    181 253 182 203 255 0 99 255 84 255 73 0 0 100 0 224 12 255 137 99 0
    48 49 0 116 255 39 0 255 127 42 0 187 3 133 17 91 59 99 9 255 0 99
    151 0 255 0 151 223 4 201 125 65 255 154 105 123 61 255 122 0 63 255
    0 255 238 40 190 0 219 68 32 225 20 0 42 42 95 57 0 255 0 71 213 255
    62 131 187 255 255 0 30 67 190 211 245 255 0 233 248 114 228 170 255
    0 2 247 8 71 255 255 236 255 26 0 130 0 199 13 206 80 255 136 154 0
    22 0 14 58 0 0 207 27 0 255 0 243 195 0 255 255 0 200 0 255 255 0
    132 220 0 159 0 122 4 197 176 63 0 0 147 105 0 214 120 215 99 110
    229 0 11 118 255 206 0 255 58 225 246 0 255 23 100 127 150 168 167
    72 0 0 85 176 204 255 0 251 255 0 60 112 39 178 255 255 154 255 137
    49 236 204 0 255 46 12 188 255 255 16 93 255 0 195 0 28 0 202 58 0
    65 255 68 0 0 220 255 0 234 255 255 250 168 222 27 255 50 237 60 248
    0 218 0 164 2 255 127 255 255 215 0 0 94 233 0 46 37 19 255 128 255
    223 0 67 168 46 216 255 0 0 253 115 63 110 0 0 176 255 0 253 0 166
    169 77 68 212 180 255 0 75 255 215 248 82 255 100 35 85 86 132 175
    243 116 0 78 193 0 125 0 212 72 46 255 0 0 154 134 143 84 255 255
    123 201 158 255 110 183 0 51 31 0 205 0 176 255 162 0 0 0 0 153 127
    230 138 236 0 202 0 235 43 54 239 255 130 91 0 0 0 68 18 0 47 151
    230 255 94 58 184 73 255 46 118 61 202 253 173 0 109 141 148 0 44
    254 0 123 179 34 234 255 0 0 255 255 26 255 195 209 0 0 0 82 0 227 0
    255 45 214 0 0 255 26 255 67 40 26 127 174 255 0 150 88 125 235 114
    255 42 211 0 0 255 21 0 117 0 185 255 40 152 212 255 245 207 0 210
    30 29 0 178 0 0 69 106 0 149 0 154 252 0 255 85 255 151 0 0 0 166
    255 84 234 255 42 13 68 18 253 0 255 9 123 149 255 95 156 96 89 198
    147 209 0 84 63 255 215 157 184 0 69 185 255 255 162 246 255 208 166
    0 255 219 2 27 247 255 73 255 0 58 192 228 89 233 255 255 74 0 10 22
    191 223 233 255 74 109 255 158 185 226 66 57 148 87 211 63 25 0 0
    183 255 0 217 56 255 168 38 164 252 22 108 145 76 49 146 106 255 202
    1 30 255 90 229 213 255 0 57 255 0 186 255 183 122 67 216 0 0 255
    255 0 0 50 148 237 249 31 49 230 161 247 198 12 19 161 255 79 0 65 0
    19 174 255 0 255 235 184 170 11 75 24 165 228 0 0 216 169 159 157
    255 251 0 179 102 231 69 0 0 255 245 52 44 0 198 0 255 228 255 85
    136 255 255 255 187 255 149 0 93 27 254 184 255 0 217 175 139 255 10
    255 168 255 154 255 255 0 91 0 0 0 255 255 166 255 176 249 229 68 0
    179 255 255 134 255 206 255 220 226 56 255 57 122 187 0 12 129 0 55
    255 220 0 24 0 17 99 255 36 88 157 79 255 194 184 1 197 42 0 213 0
    138 217 192 170 255 35 223 37 127 255 0 0 206 0 217 64 34 218 88 0
    159 75 128 255 55 154 77 196 114 26 255 63 99 0 0 184 255 150 71 255
    85 0 223 255 255 187 218 255 0 229 114 0 0 189 5 117 194 111 75 85
    38 54 0 139 0 0 0 120 255 0 0 107 28 189 29 0 0 173 255 152 229 99
    218 224 225 0 255 255 127 118 117 108 112 255 6 10 255 0 255 0 255
    254 212 1 31 0 0 56 186 12 147 0 84 218 235 209 127 147 255 217 210
    113 166 0 4 119 150 190 244 222 37 0 203 3 16 0 75 255 85 85 255 155
    255 12 73 124 255 177 255 208 238 133 76 43 255 255 0 142 193 234 22
    192 94 2 255 196 181 105 83 132 61 255 159 255 211 149 38 35 129 152
    255 255 54 42 255 140 0 152 96 186 255 255 0 101 96 117 151 210 255
    0 200 147 28 69 213 43 228 255 26 92 255 0 0 195 35 186 255 228 123
    221 245 161 0 195 70 231 219 255 255 10 221 22 255 255 45 147 255
    255 139 255 52 251 198 255 2 177 255 12 18 249 45 255 211 12 103 208
    3 0 255 42 91 0 164 0 0 255 10 253 0 130 233 0 179 0 170 116 129 96
    255 156 0 124 0 0 202 184 88 156 0 44 0 0 124 85 46 136 252 111 255
    255 171 0 210 0 61 23 5 205 206 241 255 144 224 255 55 37 48 48 245
    255 28 244 131 0 0 222 130 228 121 103 0 181 255 166 246 92 106 96
    173 152 39 57 175 114 36 216 245 35 31 228 155 169 251 255 255 0 0
    103 255 99 233 147 0 104 159 58 234 200 43 0 255 210 58 255 255 17
    193 204 255 100 186 255 0 0 0 36 118 56 15 171 46 187 92 23 9 99 202
    154 225 255 0 241 255 255 255 255 229 126 180 182 127 0 104 208 213
    167 255 255 115 255 147 91 224 255 255 0 255 255 44 0 109 38 45 60
    255 220 255 0 255 95 109 0 23 110 206 255 255 255 183 81 255 0 40 4
    255 47 255 234 69 0 0 0 159 0 199 110 205 255 190 255 255 130 29 0
    255 11 0 248 143 141 0 140 255 80 37 211 252 0 255 0 89 117 54 255
    255 4 255 29 46 250 249 255 245 255 23 32 6 40 255 98 26 235 255 255
    136 89 17 196 0 65 243 124 109 62 23 166 137 94 101 118 0 208 40 108
    0 0 230 255 0 0 79 0 153 161 0 233 179 220 179 199 241 128 74 255
    255 153 105 0 120 223 188 255 134 0 255 0 255 84 105 0 0 101 255 217
    255 255 224 255 179 243 143 71 255 108 255 108 108 83 0 0 20 138 60
    51 255 255 255 134 255 212 77 0 255 129 138 231 29 255 0 224 255 197
    132 0 255 255 156 12 88 77 255 190 0 126 44 224 255 60 224 255 179 0
    69 255 239 0 254 212 124 221 92 73 60 0 80 218 254 255 247 172 165
    255 71 157 68 0 222 83 255 0 81 255 68 237 255 152 249 219 118 245
    111 145 255 41 169 0 255 255 11 203 0 93 0 0 19 75 234 196 125 190
    87 38 56 0 115 0 0 255 255 0 180 165 20 79 55 179 255 236 0 255 255
    0 40 0 126 0 0 132 0 255 185 244 107 242 212 173 0 255 148 192 255
    73 136 135 217 255 171 43 131 255 16 25 183 68 255 43 61 185 0 238
    235 78 0 0 255 185 74 212 255 91 0 255 0 9 94 75 251 219 116 231 0
    255 211 33 241 142 242 255 218 36 0 255 207 210 70 0 255 255 214 254
    255 210 0 224 78 74 19 8 192 0 0 140 1 255 16 33 0 161 0 255 103 107
    166 84 0 5 255 255 86 246 255 151 0 231 59 255 91 0 255 209 10 155
    110 0 217 69 226 0 255 0 130 244 34 6 5 0 230 104 90 31 175 87 127
    62 229 0 0 255 81 0 255 0 0 80 243 0 25 39 52 244 0 0 202 19 0 0 93
    0 34 0 63 0 151 67 208 173 6 0 126 130 185 255 249 29 255 85 8 226 0
    78 173 27 222 113 53 0 238 255 255 0 217 51 209 255 104 0 72 0 57
    173 0 0 0 115 73 249 255 254 129 5 5 24 255 255 0 155 0 137 9 109 77
    0 133 224 90 16 176 255 97 0 240 255 237 0 0 251 100 79 255 73 132
    150 0 214 101 0 66 134 0 76 255 210 0 255 249 251 166 237 163 47 94
    0 0 96 255 209 199 227 247 27 119 255 125 61 97 81 255 61 29 88 147
    47 0 255 158 0 204 255 182 0 164 177 167 78 255 26 97 211 16 176 0
    255 237 0 52 255 60 104 168 143 0 236 0 82 77 93 212 255 245 78 25
    88 242 99 227 169 166 0 90 255 23 35 255 204 231 47 255 0 0 0 46 57
    161 255 255 196 17 216 255 30 161 43 32 176 161 255 134 0 221 255 59
    255 54 54 161 0 156 96 252 0 88 0 255 255 0 218 10 0 20 67 116 0 206
    229 148 255 255 181 255 60 255 207 21 0 11 176 77 0 255 132 31 127 0
    168 116 14 58 105 0 0 117 84 63 255 24 129 141 128 89 26 131 206 229
    255 166 255 255 186 196 104 124 0 127 62 255 145 211 48 111 27 132
    177 0 255 219 0 255 128 255 253 0 104 78 44 0 0 0 31 68 229 0 255
    246 75 255 69 255 0 14 11 255 0 0 255 231 71 0 238 0 143 106 242 187
    107 197 65 121 156 255 176 199 16 255 74 230 130 255 0 255 0 0 111
    26 82 63 222 0 63 195 255 190 0 157 158 60 150 112 176 153 0 176 205
    0 255 255 0 26 219 0 255 95 0 225 255 97 63 99 23 123 182 0 255 255
    0 255 182 229 140 156 196 255 255 0 93 43 255 68 255 28 114 0 243
    163 105 221 170 41 0 255 184 89 173 255 105 146 255 255 0 255 255
    249 0 0 0 172 255 0 0 13 187 8 68 255 0 255 65 255 226 255 161 134
    97 32 124 21 94 30 255 169 183 0 61 143 215 168 148 255 0 0 255 0 58
    178 0 46 129 15 255 86 84 0 0 168 147 8 89 164 57 201 0 121 255 211
    18 212 255 75 118 113 169 0 46 255 97 32 0 110 255 163 185 142 30
    255 232 162 145 37 194 54 159 51 184 255 166 12 211 101 169 98 5 0
    255 95 138 0 255 217 146 0 0 96 48 52 103 245 255 100 204 191 135
    199 255 36 221 174 87 40 96 103 166 255 0 87 152 53 156 106 155 46
    97 0 112 184 0 172 4 130 235 124 8 65 140 235 0 28 255 2 227 38 0
    187 154 23 206 221 0 255 0 117 0 0 28 56 213 69 255 240 7 0 206 244
    255 0 94 158 121 255 134 255 255 79 200 189 140 0 46 0 0 116 147 0
    254 0 157 144 255 0 83 40 33 75 53 0 96 0 0 255 181 206 164 28 255
    68 170 195 215 255 217 183 5 255 0 0 105 188 73 255 148 0 160 255 0
    38 255 48 220 94 255 0 42 255 120 0 255 255 255 159 255 132 255 255
    235 255 255 255 189 49 10 0 0 215 0 155 192 150 111 145 119 189 159
    115 0 207 255 239 255 172 255 183 224 50 165 28 218 111 148 0 0 255
    255 87 117 255 33 0 57 255 255 0 0 255 92 129 0 234 231 121 155 20
    53 153 255 129 169 227 113 0 95 38 0 0 0 74 2 26 255 0 79 0 188 0
    255 208 236 114 187 28 85 255 0 229 203 195 0 45 0 255 99 0 48 148 0
    121 255 255 255 122 134 201 67 202 224 251 156 95 255 255 228 45 255
    255 191 121 238 255 0 221 203 111 26 176 0 0 193 79 255 0 67 112 227
    224 255 3 0 216 224 255 102 255 220 12 139 107 134 68 244 49 228 0 0
    255 128 135 246 74 116 60 255 49 254 33 145 130 58 255 236 219 186
    240 255 178 59 103 25 162 0 0 0 140 148 101 44 129 35 0 0 138 0 35
    181 198 243 0 255 32 255 212 55 7 115 0 255 29 167 181 56 204 79 0
    229 105 196 18 135 0 114 0 0 0 237 67 0 255 0 0 75 71 0 221 38 0 0
    255 255 85 0 90 255 202 182 244 108 248 255 0 177 253 114 150 255
    255 187 249 33 223 255 255 109 0 237 21 255 190 193 215 0 106 150 31
    123 33 255 0 151 238 0 206 255 88 255 255 255 102 0 116 248 55 255
    97 0 255 207 255 255 255 148 255 47 121 127 0 155 30 255 212 232 255
    152 124 0 121 255 0 0 254 53 104 255 0 176 72 255 109 135 0 74 255
    244 178 207 132 0 176 0 0 108 214 10 211 255 0 255 120 255 198 46
    191 115 0 255 255 25 0 197 105 31 175 255 255 76 109 159 255 0 218
    255 0 140 19 0 199 60 0 3 228 255 65 20 156 133 48 255 186 206 123
    255 0 74 0 20 96 255 23 142 0 101 202 0 255 67 43 22 199 54 39 0 94
    0 151 183 255 255 255 161 50 237 255 136 255 15 0 83 55 207 104 23
    91 46 135 126 242 255 60 149 113 0 165 0 95 70 69 245 0 53 255 255
    23 105 15 255 240 140 255 0 32 255 0 59 59 0 255 0 0 67 29 4 0 69
    255 84 235 0 0 133 246 146 12 0 27 173 70 188 255 18 14 133 0 99 0
    42 255 0 0 0 255 123 255 0 255 255 97 204 45 185 0 84 255 220 0 183
    255 208 180 255 195 0 247 0 112 102 255 0 0 233 0 234 20 94 151 52
    161 112 171 223 207 170 117 60 255 247 251 255 0 14 0 150 158 194 0
    107 76 0 255 105 255 255 0 205 83 86 107 191 216 255 109 44 0 244
    164 255 68 0 145 0 242 255 255 0 33 255 200 255 206 255 222 0 146
    211 92 255 84 0 136 29 128 0 41 134 1 208 33 255 0 17 64 184 0 18
    255 250 0 13 255 156 171 52 0 0 0 168 233 255 0 171 119 85 255 112
    93 136 255 31 255 52 255 147 145 255 255 0 255 0 45 255 182 0 183 76
    235 255 109 0 0 255 204 255 134 255 188 183 150 0 38 83 255 167 34
    213 205 152 194 24 255 74 107 200 210 214 6 0 0 255 255 164 255 0
    161 26 180 30 112 69 254 73 146 2 71 91 152 255 156 164 51 0 0 253
    12 224 109 255 189 49 185 255 63 255 198 38 255 35 0 255 181 0 191 0
    0 201 255 0 166 0 28 89 255 255 136 0 70 255 0 110 0 97 0 23 0 121
    154 173 216 0 217 158 0 153 213 0 97 0 255 98 255 195 255 0 46 184
    234 255 117 217 0 79 0 151 115 128 0 0 74 0 124 240 0 255 255 16 0
    255 82 0 92 50 65 38 0 141 98 109 0 30 0 167 52 67 224 116 117 255
    255 139 140 254 158 255 109 252 72 255 0 0 244 41 99 55 253 57 140
    31 0 5 23 97 120 255 110 96 0 191 32 112 255 192 54 147 218 0 42 255
    255 5 255 114 63 42 119 168 0 235 0 0 170 235 252 255 205 149 78 0 0
    220 201 255 120 85 166 84 141 175 123 3 109 0 130 255 150 0 240 0 0
    0 109 255 138 218 216 103 183 255 255 106 44 182 96 255 164 157 0 73
    210 106 255 45 46 130 221 0 109 173 0 0 255 176 0 12 181 144 240 255
    187 255 65 255 151 136 24 0 0 39 212 255 0 255 0 255 0 255 255 28 5
    154 0 33 40 247 255 47 255 0 0 0 255 247 14 32 21 243 0 255 0 37 255
    0 181 117 0 255 0 151 255 88 42 129 205 0 0 9 115 56 170 237 80 255
    46 255 17 0 5 61 204 255 232 15 255 232 180 23 219 0 27 0 202 196
    123 32 166 215 31 2 70 255 0 198 255 252 173 255 255 255 255 252 255
    156 52 25 159 45 159 0 49 114 0 52 18 141 146 57 255 0 255 255 0 255
    100 184 107 0 168 255 237 102 255 65 47 125 255 255 186 227 88 180
    115 142 255 255 32 255 173 211 0 158 98 0 79 153 255 0 209 41 60 0
    211 142 0 86 60 255 255 90 73 255 255 0 0 233 0 219 110 0 0 255 10
    92 255 200 51 168 255 101 255 15 76 108 240 208 0 98 255 246 55 234
    255 255 255 144 255 76 197 113 142 56 166 0 88 202 0 12 255 47 74 87
    192 255 220 94 255 93 44 255 109 0 255 7 110 255 138 255 190 0 44 0
    0 44 86 14 255 99 255 8 0 255 255 255 255 253 255 115 250 116 35 216
    76 0 0 21 91 0 0 234 0 0 195 12 202 200 0 255 255 0 0 170 184 243
    255 244 115 103 35 152 0 0 46 192 34 234 104 255 146 165 51 9 0 255
    150 144 18 255 127 4 0 73 255 94 0 0 62 0 0 83 55 189 160 32 75 69
    162 0 195 90 138 131 228 70 223 114 240 235 10 179 255 0 173 142 0
    113 210 107 26 255 122 169 208 192 143 0 83 75 255 126 94 0 248 0 67
    42 0 7 49 255 169 112 48 255 255 92 31 100 227 254 90 229 77 0 152 0
    164 0 0 255 248 178 27 22 77 255 129 229 201 147 0 50 0 170 0 0 89
    123 242 47 22 150 255 0 193 122 121 0 4 160 255 225 4 255 156 0 110
    0 7 13 85 131 189 230 0 239 186 231 28 255 153 255 248 155 0 0 255 0
    251 81 0 198 209 217 240 141 0 135 151 0 0 0 255 46 154 118 200 255
    235 122 255 255 244 131 92 0 220 62 115 0 243 66 95 14 78 0 135 35
    36 25 164 0 23 0 48 255 255 242 197 0 242 255 254 148 99 5 85 202
    168 72 59 246 168 38 58 0 171 122 204 52 138 0 228 25 85 238 195 0
    255 53 0 0 148 129 0 75 255 140 169 255 65 96 0 0 192 0 106 0 0 255
    234 168 169 79 146 203 63 0 26 197 28 155 162 191 0 255 0 58 255 202
    0 255 255 0 133 255 34 55 255 0 86 185 0 0 106 47 250 255 219 0 255
    108 151 162 148 93 0 0 255 255 10 56 152 59 162 101 64 255 85 0 0 16
    255 123 18 124 88 129 0 104 133 255 255 0 179 238 0 0 3 212 0 189
    255 255 255 73 213 35 69 0 165 244 135 8 67 255 0 219 216 255 0 58
    162 7 0 255 67 72 175 254 255 0 243 187 0 64 42 184 209 64 255 83
    150 255 61 239 0 255 0 184 255 31 251 178 255 0 76 220 143 255 23 90
    130 6 8 224 97 85 0 0 255 255 0 235 203 0 255 121 255 103 255 41 9 0
    66 76 0 0 0 135 0 21 245 241 197 255 255 255 158 132 7 24 184 130 0
    17 255 58 20 135 255 255 117 31 190 65 0 0 75 91 223 0 55 0 169 255
    111 215 255 255 255 0 0 0 255 255 0 189 186 137 126 48 197 75 91 0
    184 131 242 230 183 112 30 67 126 114 255 114 0 52 255 255 99 255
    143 224 146 140 248 255 255 32 255 0 0 79 58 172 169 90 155 255 255
    0 87 1 255 235 94 116 38 193 149 197 55 194 0 185 60 230 141 121 0
    220 228 0 214 196 76 148 105 0 201 102 230 0 0 255 35 0 0 0 254 35
    139 202 248 0 255 150 57 222 0 106 251 236 255 255 255 101 53 255 5
    6 182 255 0 0 255 44 28 14 68 255 255 0 0 165 0 0 0 33 229 117 0 126
    224 255 25 167 255 0 0 0 255 222 243 5 255 216 0 255 85 201 0 255
    255 0 60 17 116 0 193 72 242 255 255 56 255 107 230 255 255 255 15
    49 64 255 106 0 150 255 205 97 245 126 133 194 255 100 18 170 61 79
    255 255 220 255 0 239 255 0 255 255 0 0 134 255 230 172 95 33 199
    255 0 0 0 255 255 255 0 0 129 64 255 255 150 0 22 217 255 0 204 0 0
    248 255 25 16 255 247 255 255 19 219 108 255 191 51 255 199 0 242
    214 25 140 125 116 0 102 79 159 80 23 255 0 119 66 129 94 215 0 175
    35 255 0 255 0 92 0 115 188 172 255 131 0 255 137 0 156 98 34 251
    255 183 101 255 173 240 255 67 129 255 163 125 248 35 0 0 92 0 255
    41 0 17 103 82 235 255 255 14 102 181 9 255 57 90 0 188 0 0 108 55
    255 251 255 255 255 71 44 255 255 0 121 116 0 0 125 47 132 249 234
    255 255 143 252 118 91 251 221 84 65 226 0 255 58 244 255 117 6 0 86
    0 255 107 0 255 122 0 255 53 200 132 0 0 4 255 190 0 26 178 0 43 34
    236 158 0 199 74 255 122 0 167 255 154 255 222 0 0 12 142 67 100 0
    107 173 0 73 17 255 0 86 0 80 171 0 153 144 81 170 35 181 0 154 149
    0 255 231 69 255 0 221 131 0 186 255 0 236 19 0 154 75 255 25 7 178
    10 255 157 255 218 151 211 0 130 88 113 0 0 255 255 255 229 71 0 255
    255 93 71 255 90 103 206 22 255 192 0 125 255 200 168 43 164 71 100
    0 114 145 21 231 164 57 255 232 255 97 255 0 197 29 65 229 203 182
    181 255 0 232 88 18 222 255 115 96 4 216 255 9 244 176 122 0 255 189
    127 213 79 142 155 27 0 255 255 217 170 255 115 255 255 177 129 255
    111 255 255 0 25 155 130 231 14 16 82 186 0 33 92 3 0 104 121 255
    255 0 2 34 128 255 255 83 91 255 157 204 64 6 81 40 255 244 255 131
    253 255 248 155 46 111 0 54 227 201 114 78 107 255 135 159 104 206
    255 57 0 255 185 28 0 0 40 109 90 43 155 17 111 93 236 255 101 255
    248 0 99 138 5 213 0 58 187 255 0 0 79 71 25 255 130 68 16 134 255
    32 0 155 255 255 255 180 199 159 38 0 49 73 112 0 64 10 52 0 0 65 0
    83 155 116 240 104 81 34 33 55 255 255 147 255 158 43 41 176 255 2
    255 141 214 217 255 203 0 48 0 0 192 132 236 94 72 36 0 198 172 69
    108 255 71 0 255 16 93 103 0 144 255 102 223 0 0 208 0 65 143 134
    167 255 255 255 229 228 255 255 255 150 206 0 255 255 246 128 217
    198 221 123 0 142 179 82 137 0 73 213 170 189 0 255 87 156 23 141
    255 175 255 255 28 0 0 255 111 255 225 0 124 0 0 61 86 188 120 38 84
    134 101 145 0 125 161 213 149 144 29 7 36 255 91 173 5 87 149 0 202
    255 187 86 237 214 255 184 126 0 22 231 65 236 51 255 195 255 17 255
    85 151 8 255 171 124 175 0 213 255 189 53 37 0 0 130 121 239 38 241
    0 28 90 255 8 0 134 0 157 177 255 49 124 133 78 178 153 14 72 116
    143 0 173 255 188 171 178 225 0 188 0 0 178 27 203 48 151 255 0 191
    255 74 255 255 0 0 85 62 154 197 255 0 255 226 18 255 255 0 172 0
    139 124 0 111 14 255 255 20 126 0 75 195 98 185 0 0 255 0 85 255 117
    157 0 125 253 0 0 106 255 0 203 39 101 37 255 255 0 0 0 74 117 0 0
    13 150 94 103 137 0 228 175 255 252 212 238 245 255 255 255 0 103
    109 243 72 55 215 8 255 169 255 0 255 128 2 0 50 0 231 255 28 51 0
    34 255 165 155 156 17 233 151 189 255 212 0 0 95 107 0 118 0 236 94
    171 255 93 138 55 124 31 112 183 228 255 0 255 0 118 0 253 213 231
    169 0 0 55 255 255 176 197 255 250 255 8 94 255 0 255 0 255 47 94 10
    191 117 0 224 255 0 0 43 253 156 92 228 0 1 53 159 67 133 255 106
    217 0 239 255 0 29 0 60 173 0 0 255 245 0 244 156 25 255 0 0 6 255
    255 0 183 50 87 220 159 89 111 0 0 25 255 0 27 2 57 99 0 0 255 108 0
    0 246 244 198 0 255 0 0 92 4 29 0 255 0 255 255 0 0 212 114 255 121
    116 23 103 125 0 33 151 0 36 32 0 28 175 25 139 83 101 0 0 185 114
    223 233 92 28 177 251 100 0 65 255 0 87 255 9 161 0 250 73 108 70 0
    121 178 53 255 198 29 215 112 113 255 220 218 202 106 255 72 255 255
    86 113 224 53 247 194 0 207 191 20 49 157 0 0 0 0 172 155 34 141 108
    0 74 43 255 0 180 255 75 36 103 0 214 54 30 211 0 255 82 113 30 255
    226 112 45 155 76 0 213 154 233 255 149 148 200 218 13 209 255 157
    255 255 218 0 59 73 0 248 42 0 13 0 255 0 114 228 6 173 134 32 114
    144 238 131 67 112 255 255 0 103 12 255 1 0 32 155 29 233 203 174 35
    195 255 0 14 0 0 17 0 255 132 0 82 42 178 153 255 252 8 0 255 93 165
    255 203 0 38 180 255 255 0 0 128 116 194 175 245 207 155 190 24 220
    255 218 0 26 255 255 140 224 150 0 61 225 0 112 99 0 213 0 159 0 116
    140 0 0 166 0 0 127 182 41 0 153 200 10 44 49 0 95 255 255 4 0 255
    223 0 130 76 114 226 255 0 157 0 25 107 176 17 0 185 104 151 17 0
    255 255 217 115 255 218 133 0 118 255 145 11 130 79 0 255 230 8 73 0
    59 107 220 82 0 138 255 0 255 255 243 14 255 69 196 0 0 177 0 57 196
    255 161 0 67 0 153 200 170 255 202 255 182 119 180 219 2 0 22 75 0
    176 84 63 22 149 217 72 255 3 157 0 0 2 60 212 53 255 255 254 73 73
    64 0 254 237 255 14 165 155 255 107 255 169 234 232 255 0 255 24 255
    255 255 111 0 255 0 0 0 0 166 171 255 222 36 255 220 57 98 100 0 151
    255 224 112 255 157 208 190 179 88 101 60 255 0 255 255 84 186 0 0
    207 255 97 0 213 0 0 221 0 0 255 12 255 33 81 175 255 0 255 191 187
    200 0 113 0 103 75 115 3 113 110 250 0 0 210 255 0 40 129 115 37 196
    72 230 255 0 114 255 255 91 20 255 228 83 102 117 255 227 0 5 194
    255 210 239 85 147 0 143 147 87 0 0 255 175 164 150 255 191 122 228
    227 92 222 255 255 251 11 255 0 74 90 255 28 231 72 255 139 192 0 28
    175 0 0 0 0 227 24 255 0 244 255 255 200 255 160 233 67 255 28 96
    249 0 0 255 212 248 0 99 255 72 0 139 255 0 0 198 63 51 255 255 0 94
    197 81 0 70 203 97 255 151 180 255 174 67 202 45 158 232 0 241 131 7
    165 201 55 171 39 251 255 17 255 84 140 30 160 96 22 0 124 58 255 0
    47 192 0 255 234 124 38 104 207 75 219 0 0 244 233 67 255 24 215 169
    0 0 229 0 215 71 63 126 85 255 166 155 255 191 147 214 12 156 255
    237 62 255 0 208 197 247 255 39 0 0 255 151 0 255 37 135 158 232 238
    207 220 134 164 70 167 140 222 160 175 46 10 0 0 136 0 255 143 255
    42 151 75 101 176 15 255 23 230 255 221 255 0 193 76 255 79 226 137
    0 163 190 122 235 45 138 165 146 142 10 255 255 33 255 0 0 155 206
    160 201 158 250 221 167 0 255 0 255 0 0 255 153 40 117 91 107 9 216
    54 213 99 0 65 0 255 12 253 228 143 255 0 255 0 94 176 255 103 255
    221 137 0 73 62 14 0 0 118 0 0 208 255 193 248 255 0 148 119 0 70 82
    171 242 255 20 0 255 168 120 133 183 45 141 0 0 0 199 81 255 174 255
    172 243 10 254 56 255 152 72 230 88 232 47 253 100 0 220 0 255 0 131
    255 113 136 177 255 228 255 255 210 133 234 219 0 244 139 182 235 0
    162 217 0 255 253 0 0 255 255 111 255 48 66 232 63 255 0 0 225 0 52
    213 255 10 154 255 132 51 242 147 142 255 18 177 79 112 255 255 144
    66 154 255 4 27 81 232 255 229 92 62 39 175 0 135 235 231 106 0 0
    113 92 0 223 76 78 0 242 225 0 84 255 28 221 230 0 255 79 16 0 255
    215 212 85 255 240 204 20 255 255 136 251 67 209 0 0 255 16 0 58 58
    242 0 129 0 0 17 217 0 67 255 136 141 68 0 255 222 0 25 255 67 124
    255 255 58 255 53 153 105 215 255 84 0 48 96 62 145 212 0 0 233 0
    243 77 159 0 0 106 0 17 0 15 0 177 0 0 152 169 232 255 26 224 0 135
    111 119 239 191 0 211 0 6 0 74 0 141 0 132 255 0 71 220 162 23 65
    223 92 255 159 0 71 202 255 239 97 0 255 255 221 58 255 224 235 244
    255 0 175 0 3 100 4 207 78 207 58 255 25 37 242 255 197 255 139 0
    153 255 181 232 211 133 214 0 243 255 255 252 224 0 255 222 0 229 69
    241 0 129 123 5 252 255 26 0 255 0 102 0 89 0 99 0 255 204 95 66 255
    18 79 51 123 44 137 41 204 252 255 31 207 255 130 107 125 175 209
    255 84 100 54 66 255 97 0 131 214 175 196 0 161 238 42 38 47 0 169
    114 255 47 79 156 105 81 255 255 244 132 70 0 255 255 255 0 46 230
    255 0 14 0 0 225 0 144 81 66 0 0 35 51 7 237 68 52 13 17 67 140 115
    26 0 204 0 30 255 0 3 255 101 134 235 173 0 8 148 188 255 184 223
    255 255 0 153 91 255 44 255 68 19 17 0 111 245 211 1 0 118 255 204
    12 180 255 229 13 201 177 255 185 220 255 255 150 0 69 15 236 46 0 0
    0 193 112 178 238 195 71 250 26 0 166 224 238 255 255 194 112 184
    216 0 4 0 138 0 6 0 202 216 255 142 59 255 106 255 162 162 0 255 0
    28 168 224 255 0 255 0 255 120 0 214 6 82 20 248 0 182 106 25 255 48
    161 45 200 0 252 58 0 255 255 255 101 57 64 18 0 178 226 63 175 43
    226 211 223 255 120 0 0 20 0 239 104 108 202 233 44 22 0 0 212 255
    75 0 247 255 255 21 255 255 121 108 167 215 255 0 4 182 106 22 136
    59 230 0 3 127 33 78 192 0 140 255 79 255 135 19 0 230 0 188 90 161
    249 183 0 255 60 0 164 128 0 6 255 72 169 0 188 255 0 230 158 255
    244 27 255 0 35 153 234 84 0 225 0 229 0 176 97 255 136 24 191 178
    227 46 47 163 255 255 65 243 0 118 160 0 145 154 0 0 184 12 224 82
    209 0 66 158 255 219 0 255 177 1 104 248 194 228 137 153 255 115 255
    255 255 0 16 255 0 182 46 50 0 243 255 230 8 79 255 164 255 2 0 171
    245 235 255 0 255 0 255 255 0 86 255 60 0 255 225 189 255 0 184 233
    65 34 208 0 117 170 209 0 40 190 1 250 108 101 87 70 61 0 0 134 47 0
    146 123 255 91 156 113 250 253 10 28 205 235 60 80 255 228 0 157 255
    26 122 22 122 189 232 0 175 255 61 0 0 250 208 177 238 140 93 255
    205 255 218 255 108 255 255 220 0 17 255 10 95 0 242 108 213 0 255
    255 149 54 12 255 84 0 0 40 0 150 178 0 32 0 225 125 0 255 255 255
    236 255 0 255 131 255 3 0 255 68 113 77 0 7 0 189 120 0 166 20 6 0
    151 0 188 152 0 54 0 211 153 156 255 0 25 33 0 99 0 97 219 0 255 255
    17 234 162 0 23 79 255 0 184 133 0 50 49 190 255 255 174 140 116 42
    117 15 171 64 55 129 255 154 255 0 42 255 114 255 190 91 0 195 192
    207 151 182 0 71 83 147 86 0 101 215 0 190 255 0 99 159 0 164 184 39
    36 255 49 0 250 90 196 131 42 150 69 220 0 255 95 0 150 0 115 134
    107 19 0 45 64 101 255 127 164 244 122 74 73 224 255 255 32 167 181
    255 0 249 210 0 171 255 53 171 224 200 234 255 248 0 255 0 20 73 188
    86 125 207 255 255 81 39 226 142 0 255 255 45 7 166 68 147 190 17 91
    101 21 255 242 87 255 18 147 255 218 255 255 214 0 108 158 137 87 0
    36 101 146 255 109 38 255 0 97 197 0 242 144 244 62 255 253 0 255 0
    0 254 24 52 119 255 67 255 255 0 0 181 255 178 0 229 117 114 61 146
    255 240 0 200 255 11 20 121 48 206 200 80 30 183 151 255 233 23 70
    174 0 201 255 0 0 54 255 144 105 174 43 0 19 22 68 184 252 255 110
    255 245 0 230 18 225 0 138 165 29 0 219 136 0 12 219 255 92 96 0 190
    97 0 255 158 123 255 113 13 17 0 0 200 0 0 0 97 0 0 255 6 205 0 215
    51 94 220 159 124 176 158 0 169 255 0 0 217 255 207 86 255 32 255 93
    90 0 236 206 175 252 231 0 162 72 255 0 0 254 0 108 249 0 255 33 255
    141 0 255 255 82 0 8 255 255 120 175 0 255 255 0 0 255 45 175 255
    217 250 177 91 255 103 0 111 0 192 169 167 23 71 52 0 211 175 0 39
    63 246 89 164 84 231 215 13 113 255 195 0 0 255 255 136 207 213 121
    227 255 0 56 200 0 0 95 187 235 255 39 189 19 103 187 0 177 241 0
    205 38 5 255 0 139 145 255 74 215 255 118 179 100 247 194 123 145 71
    70 128 255 0 4 0 188 38 0 149 255 0 255 251 255 255 255 141 73 188
    255 123 0 0 8 30 0 17 255 255 69 255 0 0 186 0 0 222 206 93 161 0 49
    255 0 0 255 255 183 79 250 75 162 247 154 255 29 86 242 255 0 254 89
    199 0 85 0 102 41 0 20 223 39 230 137 154 126 206 0 138 111 0 92 61
    52 71 255 22 0 18 104 187 170 255 255 159 242 81 106 0 0 0 125 255
    34 77 0 0 198 1 255 204 131 156 0 0 14 101 170 195 255 0 130 253 255
    171 56 30 65 96 122 0 154 0 255 28 0 68 194 59 230 105 0 211 51 99
    49 4 42 159 223 61 3 243 0 22 74 54 151 46 255 245 255 255 94 255
    204 255 198 157 255 0 255 0 181 81 140 229 0 255 255 6 0 172 255 204
    194 0 0 17 255 255 0 250 173 60 255 65 2 0 40 241 147 192 38 70 183
    229 111 128 254 226 255 97 234 91 164 54 23 83 140 6 107 171 152 17
    255 218 4 255 54 0 115 255 153 95 0 113 13 108 110 89 13 249 255 232
    140 0 30 58 255 158 255 104 153 0 24 122 93 184 217 18 255 92 178 0
    213 253 160 61 63 63 0 138 0 180 19 77 255 0 255 127 255 255 108 155
    62 78 255 215 154 24 68 1 105 190 72 8 255 251 0 0 0 0 9 225 255 255
    255 73 0 238 132 0 133 212 0 0 174 8 152 76 197 255 133 82 231 123
    235 0 255 252 6 202 255 0 128 0 109 132 59 52 0 34 0 255 107 46 204
    231 241 205 95 255 141 80 216 157 93 12 187 96 255 171 150 179 255
    255 137 231 96 206 219 187 255 242 36 0 195 0 98 65 0 234 0 84 255
    48 169 255 31 0 75 245 125 44 168 118 255 255 0 66 0 83 0 245 136 47
    253 255 255 255 192 255 113 189 255 29 101 5 0 82 128 60 255 255 79
    129 0 255 255 68 172 81 238 144 207 0 60 34 6 83 212 0 0 255 255 169
    0 29 1 23 41 39 185 155 255 58 105 0 0 0 145 0 151 71 183 177 63 255
    137 223 82 255 11 0 191 149 0 20 45 255 230 255 0 119 6 255 255 38
    12 68 165 16 226 168 0 57 196 173 0 84 128 0 103 255 36 148 0 21 169
    48 221 228 140 145 119 177 255 236 76 195 135 187 255 0 0 133 255
    134 45 88 255 253 166 0 0 213 255 142 0 35 70 91 138 78 106 161 0
    102 255 255 0 64 240 255 154 157 177 72 255 125 0 255 255 0 116 0
    255 7 206 168 129 175 227 183 255 56 136 0 19 58 202 119 0 127 65
    255 145 255 70 0 52 255 248 123 115 255 173 62 98 225 144 75 0 75
    189 255 255 217 205 255 115 92 0 164 251 255 0 255 192 24 61 255 242
    117 136 255 0 111 255 219 214 0 255 0 56 25 115 177 0 0 89 0 0 248
    176 255 0 0 117 255 107 102 7 232 154 150 190 255 255 255 61 11 255
    255 0 219 5 39 0 108 149 255 8 202 255 116 227 37 255 255 183 176
    255 164 77 0 82 0 0 177 255 255 235 132 0 0 250 19 255 255 32 255 0
    181 166 0 46 181 5 0 255 0 74 255 243 148 32 0 115 103 49 0 50 69 31
    147 233 82 141 0 255 76 11 215 67 123 198 115 120 242 0 88 11 255 33
    130 121 0 0 255 223 0 255 132 104 255 151 167 180 169 200 114 0 0 4
    255 112 48 79 53 131 16 0 55 166 0 24 255 133 245 22 142 201 0 165
    246 255 115 0 6 221 57 255 17 0 255 255 255 255 255 103 30 215 0 235
    58 0 255 190 55 0 183 255 89 188 231 27 184 43 56 181 93 72 0 255 0
    0 192 0 255 255 152 255 127 230 255 233 179 65 0 217 76 72 255 0 0
    101 0 0 255 89 197 162 72 120 154 67 89 255 222 130 56 0 0 255 252
    253 34 0 86 205 255 147 65 255 86 177 250 255 30 255 97 0 215 176
    255 57 255 149 255 205 255 255 0 255 255 255 0 0 175 255 174 21 184
    0 255 10 27 203 135 92 14 0 157 39 71 255 148 255 62 33 0 129 255
    207 0 166 150 42 122 0 132 0 214 0 254 0 41 223 172 0 255 240 86 255
    255 226 109 209 212 145 225 232 255 0 36 223 0 224 255 255 212 244
    227 204 0 255 0 0 48 191 125 91 255 13 0 102 255 153 196 255 3 85
    188 255 115 0 224 45 156 161 0 255 244 102 124 228 0 27 116 0 255 0
    0 112 233 0 54 88 57 80 70 133 23 0 255 57 191 230 0 190 255 45 28
    63 90 191 203 76 86 94 0 178 31 68 255 0 255 238 22 14 144 0 14 33 0
    255 0 23 255 0 35 181 197 139 120 103 67 0 109 17 210 83 167 225 212
    95 121 250 166 205 187 29 255 142 255 16 241 87 111 0 148 218 130
    255 255 192 215 255 0 255 180 0 180 115 255 0 255 150 189 67 154 13
    255 136 155 242 255 179 255 0 0 255 97 0 137 0 147 255 166 151 161
    195 17 0 255 69 0 0 44 88 100 38 135 193 255 0 163 0 97 0 176 175 0
    84 255 60 33 255 255 234 255 237 54 1 255 255 0 26 94 56 91 255 255
    50 79 0 255 255 0 0 255 82 0 169 255 0 62 51 36 131 104 64 255 235
    255 223 231 0 93 246 255 108 170 0 255 255 153 164 178 23 35 150 255
    35 0 1 134 255 192 45 233 232 36 236 0 227 159 0 17 226 213 255 0
    255 164 193 81 22 211 38 83 51 0 30 255 183 91 0 128 255 102 97 255
    124 177 173 215 181 255 255 0 0 229 0 244 255 199 43 0 255 108 55
    210 0 119 174 222 0 246 0 0 211 49 120 151 106 26 255 92 77 78 100
    53 255 223 88 234 136 251 247 0 255 0 0 255 186 0 243 24 0 84 212
    152 255 244 229 108 181 255 92 132 83 0 255 146 62 0 126 175 255 255
    12 131 61 255 229 48 255 27 96 0 255 133 0 140 160 87 139 151 255
    255 0 49 115 63 125 255 255 231 188 14 255 255 255 240 91 0 82 0 211
    206 223 0 0 179 200 249 227 230 4 0 187 212 60 0 255 255 38 0 27 255
    79 0 0 0 0 91 92 250 0 143 64 31 159 93 217 11 0 0 215 0 121 9 150
    255 175 255 134 29 255 47 39 0 0 178 255 79 172 214 87 255 42 202 79
    231 228 149 142 138 0 204 245 226 0 249 92 71 0 0 0 255 50 230 130
    111 211 255 3 255 0 255 86 255 87 107 190 0 255 253 214 207 200 0 80
    181 226 0 152 209 0 255 0 98 0 237 183 0 132 255 122 214 226 0 16
    187 0 205 182 55 0 0 100 255 104 255 137 255 0 88 169 224 0 255 255
    161 253 52 86 0 153 122 199 192 255 0 215 93 97 247 255 0 65 249 0
    255 117 101 250 91 0 255 0 0 255 234 204 97 24 225 132 253 255 191 8
    123 195 12 192 150 71 217 68 228 84 146 217 0 228 207 0 102 148 33 2
    47 255 0 0 107 117 7 255 188 210 32 54 153 255 0 59 255 129 57 0 0
    27 241 106 255 255 0 255 255 239 255 106 53 0 0 255 255 255 0 198
    255 152 29 255 57 245 121 255 255 255 0 255 255 146 0 145 6 0 152 0
    0 22 0 0 177 255 93 8 156 26 255 136 255 0 151 11 0 49 255 143 193
    178 242 39 255 255 240 174 182 97 199 208 253 81 6 24 147 0 165 255
    36 255 244 8 201 77 255 185 0 233 168 119 131 0 49 0 39 92 255 142
    103 54 200 255 232 255 0 120 27 21 0 98 0 0 220 0 143 82 255 191 88
    0 62 255 255 255 102 255 244 163 0 255 0 191 113 0 153 174 0 101 255
    144 0 75 156 178 255 230 255 180 45 148 0 255 235 85 75 195 255 255
    255 227 122 70 0 142 74 255 255 143 0 226 199 124 47 98 5 255 220
    243 255 0 177 255 255 213 217 105 30 8 61 24 76 145 148 119 103 0 60
    211 0 0 130 255 0 181 81 217 195 255 157 208 255 67 0 255 255 241
    122 211 255 255 0 69 191 175 255 49 39 214 255 255 255 134 255 13 82
    253 136 0 155 80 0 186 0 0 0 91 0 175 143 255 31 156 114 255 255 0
    161 189 255 0 98 151 131 0 240 138 0 255 178 84 240 34 42 189 221
    118 0 36 209 241 141 22 0 157 76 23 116 136 190 255 184 0 136 0 148
    255 255 202 174 62 140 67 0 0 10 15 238 245 251 255 151 255 247 0
    245 255 255 215 196 0 123 77 140 232 255 148 0 0 0 213 228 0 255 4
    255 255 255 0 117 0 192 200 109 188 227 255 0 72 255 27 0 155 202 67
    88 111 255 40 255 0 198 227 166 88 29 237 214 0 157 37 133 75 255
    255 0 59 156 0 83 107 255 2 142 8 23 0 9 0 208 71 255 255 255 200 0
    123 71 0 135 0 0 224 160 151 163 255 255 198 203 0 213 64 255 84 0 0
    255 33 0 255 104 97 255 137 255 143 158 136 255 255 0 255 255 41 166
    214 51 0 255 255 207 255 21 23 255 123 255 80 231 0 130 255 4 2 255
    146 46 255 2 186 162 0 221 39 103 205 145 50 41 255 22 73 0 255 0
    181 205 255 0 255 245 150 8 198 217 238 0 248 252 0 146 194 70 255
    255 194 239 12 0 116 10 255 255 122 59 0 0 0 204 84 102 255 121 255
    0 139 0 63 234 0 242 0 255 255 255 70 0 255 23 255 233 255 221 0 89
    255 102 65 255 0 47 213 96 255 9 15 250 116 144 0 184 255 60 0 255
    124 26 255 95 107 122 255 255 23 0 255 255 65 73 255 0 0 137 255 255
    148 255 40 30 0 0 229 255 255 255 255 255 136 123 255 255 151 255
    255 85 250 170 150 255 213 195 249 0 26 174 24 200 119 226 179 0 59
    10 222 124 212 200 0 122 0 255 216 0 60 151 181 199 234 240 204 255
    0 255 178 115 61 103 68 255 195 155 0 255 143 255 255 192 0 242 255
    211 199 255 212 150 32 123 117 11 141 24 255 116 161 99 83 92 255
    204 85 150 170 255 154 255 255 0 73 182 150 219 79 133 57 157 122 0
    174 121 72 123 16 231 0 245 164 139 0 163 0 98 255 0 173 237 255 0
    55 92 124 255 121 0 26 0 95 255 162 0 255 200 0 248 50 0 34 0 255 68
    18 39 0 175 245 226 255 36 0 255 186 255 81 10 139 200 0 33 34 0 255
    194 205 239 255 118 253 255 5 46 103 32 176 227 254 0 221 33 245 0
    193 89 140 255 48 213 0 17 19 0 3 183 241 81 253 75 0 68 38 255 253
    255 240 108 255 0 255 255 84 255 50 255 0 246 83 0 0 255 193 148 45
    163 0 255 178 42 255 86 71 255 98 92 0 78 221 255 255 0 164 255 0
    103 255 0 0 255 89 0 255 112 0 86 255 178 97 0 0 201 111 78 0 132
    255 208 231 38 149 255 177 89 43 255 67 211 0 44 39 255 255 209 151
    0 148 199 0 0 0 0 0 0 255 255 129 255 125 255 151 252 0 0 127 93 76
    255 122 124 255 0 138 0 0 146 255 30 142 164 0 118 252 126 255 187
    232 172 119 224 0 187 64 184 152 0 255 247 255 255 0 113 181 255 0
    13 206 140 255 255 115 44 251 117 184 92 104 133 241 167 12 82 44
    255 0 255 0 53 232 38 0 0 0 187 224 0 135 49 250 50 161 139 28 157
    218 0 47 0 3 186 66 62 247 255 244 25 70 255 255 0 57 255 211 234
    141 32 255 105 238 141 62 255 186 35 255 0 159 255 255 172 37 0 118
    86 20 0 177 152 83 94 255 46 75 255 155 190 138 153 18 255 16 128
    123 42 253 80 99 169 255 140 178 52 0 162 0 198 214 98 132 163 73 7
    255 0 255 0 0 39 164 255 0 233 255 255 173 148 173 0 48 12 255 0 0
    113 22 17 210 255 78 238 91 245 255 101 247 255 231 83 255 197 0 0
    182 0 0 55 191 42 153 0 163 100 120 255 27 151 0 155 125 68 28 255
    131 65 232 255 0 255 124 0 237 255 0 9 242 0 183 171 0 85 239 255 6
    0 97 0 247 100 87 32 58 47 0 233 0 31 255 82 248 54 139 216 255 183
    0 229 255 239 0 188 0 88 255 13 171 0 0 0 238 96 41 0 0 8 250 255
    225 255 0 85 255 162 0 255 196 133 0 186 0 0 176 0 36 255 179 40 0
    37 77 0 239 0 255 213 255 255 255 239 139 20 0 249 137 248 0 42 32 0
    102 77 14 41 255 5 255 31 0 141 25 0 246 220 255 154 175 239 23 158
    233 188 255 108 91 248 0 156 73 45 155 255 154 147 192 255 255 0 160
    31 125 17 145 0 128 101 0 123 18 205 28 186 67 46 122 188 243 130 2
    0 56 218 255 131 90 231 27 255 192 0 25 169 0 98 255 255 228 162 255
    130 255 0 88 255 255 0 199 255 94 0 221 0 0 0 2 127 51 0 222 9 84 74
    0 0 0 85 0 0 164 71 198 255 2 72 5 0 255 255 253 134 222 134 255 108
    128 184 77 224 48 23 156 199 26 233 206 99 255 46 201 244 255 0 54
    46 255 0 0 4 152 0 147 55 181 1 133 202 255 183 255 147 0 238 208 46
    0 59 151 0 255 24 140 220 57 255 0 177 96 9 255 153 0 9 171 8 0 248
    0 0 0 255 255 199 255 255 0 3 232 243 95 152 255 142 255 237 99 177
    70 255 22 227 165 255 41 0 194 25 255 123 0 255 174 183 203 255 255
    243 192 0 0 174 255 61 0 188 245 82 191 60 0 20 212 103 255 174 255
    163 44 231 170 78 0 32 140 0 255 209 64 109 174 23 113 13 0 202 108
    255 255 0 0 207 45 121 255 98 162 172 125 0 255 255 219 10 255 67 0
    255 0 159 255 25 233 0 4 0 129 255 200 44 146 245 255 10 227 41 255
    154 92 0 245 218 227 12 255 62 94 193 238 0 224 64 37 0 155 119 79
    67 0 255 40 255 211 103 172 220 60 255 220 141 161 211 99 255 102
    179 232 116 39 249 83 255 255 71 157 18 225 255 0 255 0 5 115 99 165
    177 0 31 99 249 82 90 255 253 73 99 0 221 230 217 36 0 0 255 199 28
    89 0 14 255 216 48 255 0 195 255 83 255 0 255 0 0 215 255 239 141 31
    147 243 187 151 1 17 134 53 0 0 0 62 255 0 48 0 56 146 199 255 0 106
    255 140 233 244 192 197 0 224 116 255 0 255 250 36 0 50 171 100 166
    172 111 216 255 255 68 254 255 255 211 194 110 155 111 186 83 31 255
    216 139 181 0 49 11 0 255 255 255 216 0 0 190 246 95 62 137 65 30
    255 0 32 255 255 109 249 96 255 92 135 255 198 194 255 0 76 146 0 26
    255 32 220 225 25 253 244 173 137 255 0 168 107 51 80 82 82 19 252
    150 73 255 151 0 226 82 120 192 144 25 252 228 255 255 44 223 152 0
    84 142 0 0 102 128 255 111 102 255 200 227 83 255 255 0 97 255 255
    179 69 22 133 0 241 255 62 114 63 52 76 255 188 93 13 153 0 27 244
    141 66 86 255 255 255 0 252 0 219 4 195 162 135 255 44 253 189 255
    24 232 235 0 118 23 242 76 138 186 255 0 121 13 255 111 0 147 136 49
    183 255 9 0 183 64 255 255 0 14 209 71 0 201 171 250 255 99 214 221
    113 124 223 255 185 255 232 255 0 108 37 171 255 31 255 149 7 77 105
    70 150 163 236 255 79 34 255 40 197 135 235 0 187 36 0 195 4 13 255
    255 0 113 255 159 109 0 255 157 116 4 0 0 235 59 81 50 255 84 255
    159 168 151 208 255 89 148 67 0 0 224 255 182 53 100 255 239 0 101
    128 134 112 102 115 211 255 216 255 255 95 218 0 179 253 161 255 202
    0 184 255 4 173 0 32 60 96 33 191 14 157 45 255 239 24 165 135 0 0 0
    230 160 98 56 255 208 255 255 241 253 255 255 82 141 144 209 66 136
    239 151 0 88 71 96 255 0 255 0 166 255 57 0 134 255 132 200 255 195
    255 0 128 255 190 115 59 237 80 189 255 255 13 211 72 119 255 203
    255 46 0 228 50 143 0 61 168 185 0 62 255 106 90 255 90 232 33 22
    228 0 0 64 184 202 119 84 211 7 255 117 255 214 179 0 161 255 121
    151 0 0 0 77 87 242 52 0 19 195 33 0 255 237 31 251 50 224 241 81 99
    255 0 255 217 255 255 27 255 255 121 168 255 169 0 151 0 182 255 0
    197 219 169 255 236 45 164 255 168 28 91 81 88 28 104 255 0 218 47
    14 255 0 209 113 0 155 122 235 122 142 255 186 29 0 254 140 79 154
    20 207 139 164 255 255 0 255 221 65 255 255 0 0 124 255 206 240 208
    0 0 128 120 63 0 19 112 16 157 220 0 0 238 197 100 249 31 159 143 90
    100 22 77 255 163 118 218 179 128 0 204 108 255 255 0 255 234 126 41
    255 13 255 61 61 255 255 255 215 255 39 254 207 22 83 255 229 0 117
    41 128 0 195 255 66 191 255 212 255 0 32 157 134 157 106 34 255 52
    165 255 24 41 36 0 0 39 97 247 0 6 0 0 132 7 143 255 0 255 231 0 190
    255 0 151 0 168 67 0 255 175 222 254 70 0 0 236 139 68 165 255 72
    218 209 0 239 7 44 108 161 87 253 0 255 192 0 215 30 177 253 183 19
    230 50 146 0 255 255 231 255 175 126 0 255 135 98 56 65 0 175 0 30
    14 1 47 255 11 255 0 145 0 147 255 25 32 40 0 185 88 80 0 255 14 2 0
    185 108 255 0 194 251 62 226 97 45 237 0 45 0 0 172 230 255 255 9 38
    180 255 69 150 0 181 5 37 190 0 118 0 0 255 255 149 12 4 255 0 255
    203 246 255 0 191 111 176 68 0 44 173 0 147 40 203 255 0 0 109 157
    18 153 0 119 45 0 138 65 81 255 178 125 74 54 76 224 255 255 53 255
    23 119 178 121 255 23 142 250 3 0 255 91 144 255 226 0 0 127 7 89 58
    0 0 73 141 172 150 66 224 200 0 255 255 144 0 255 255 0 218 226 0
    197 255 151 96 18 54 8 255 55 154 0 114 72 82 0 128 255 73 56 255
    221 240 176 0 0 241 255 255 53 141 0 47 21 77 216 114 255 209 2 232
    28 159 47 123 0 255 67 233 199 0 128 194 255 118 255 255 115 255 206
    0 137 213 235 70 117 38 207 106 82 255 187 0 255 59 93 127 245 90
    133 105 31 119 67 178 0 255 255 155 255 0 83 73 77 107 233 255 0 0
    255 224 0 0 33 186 255 0 153 255 255 255 151 205 254 255 255 51 53
    66 0 255 255 0 0 246 200 146 196 51 0 202 160 134 168 209 29 255 0
    25 82 255 82 58 152 0 34 86 121 1 169 2 0 254 0 255 0 0 0 35 0 0 201
    167 0 41 230 255 236 38 79 0 71 4 255 0 183 221 255 255 115 226 214
    228 252 255 235 31 255 182 160 0 50 255 0 225 34 125 255 191 41 8
    255 255 255 245 255 49 255 224 10 63 121 235 135 0 0 173 0 90 0 212
    63 252 106 49 255 237 0 137 69 0 132 0 130 0 236 0 47 217 99 14 0
    160 129 224 255 124 237 0 250 41 86 109 114 255 212 205 180 0 244
    173 45 255 44 0 22 0 184 255 42 0 255 37 255 254 255 181 82 220 66
    60 49 255 247 255 43 97 96 255 255 187 129 255 65 0 247 0 227 4 161
    215 0 255 88 0 181 230 255 43 255 255 0 70 194 183 255 0 59 0 255
    255 32 255 235 255 99 103 71 118 36 255 232 255 255 255 255 255 130
    93 69 187 255 185 34 0 0 0 165 255 213 67 146 112 255 233 175 138 26
    90 0 175 26 0 71 238 95 199 2 255 21 0 255 185 0 22 6 122 125 235 30
    142 202 120 9 0 48 0 255 48 183 255 237 115 0 62 0 255 62 0 146 168
    255 0 0 243 220 40 0 255 0 0 255 0 191 255 191 0 59 50 165 0 172 161
    80 64 208 0 0 84 49 0 236 255 25 209 255 255 209 163 0 22 116 136
    197 0 0 44 40 73 46 14 121 255 45 255 112 0 20 163 4 0 5 0 8 0 255 0
    255 255 0 132 210 0 35 255 129 182 241 166 230 161 9 113 96 10 29
    129 255 0 140 112 252 162 48 255 0 0 201 118 31 158 84 255 133 119
    60 129 0 150 74 237 255 101 0 0 10 224 244 255 0 232 183 120 228 232
    90 245 82 139 255 102 198 209 0 183 0 7 216 255 140 255 31 182 255
    255 1 255 150 174 255 255 0 224 109 255 72 115 212 67 102 45 163 26
    0 0 214 165 83 22 153 170 0 118 253 232 255 126 18 255 234 9 134 119
    121 6 255 121 0 0 51 223 0 255 255 0 136 141 0 255 215 0 0 114 153
    214 255 255 31 186 255 255 143 240 235 173 255 33 0 202 161 0 173 23
    0 83 71 228 84 196 121 0 31 116 255 63 30 10 99 202 120 48 0 0 211 0
    77 0 0 0 189 137 235 202 122 51 164 255 41 0 91 255 0 0 39 0 255 208
    66 0 15 255 85 195 0 135 255 142 0 83 255 101 161 255 252 0 101 0
    255 255 255 0 176 197 255 122 62 177 255 60 255 91 0 0 90 97 255 174
    100 235 206 85 234 0 35 0 131 181 255 255 0 255 0 203 137 52 212 255
    90 40 197 181 255 0 255 222 109 36 230 0 186 200 134 59 76 112 12
    234 115 127 22 140 189 0 0 0 0 0 42 67 250 239 168 158 0 0 5 109 107
    0 170 255 244 128 255 72 204 0 62 255 255 0 34 50 34 177 144 255 62
    255 146 0 0 212 107 69 15 255 255 255 91 0 155 255 0 242 244 48 87
    83 113 172 55 201 74 71 212 0 0 86 124 0 0 133 255 55 88 66 113 65
    81 206 0 255 212 0 0 0 255 0 30 89 176 66 139 255 55 190 168 0 255
    255 140 158 255 240 49 232 156 0 141 10 35 0 104 18 115 125 255 34 0
    153 255 0 95 97 0 0 113 233 0 41 222 0 0 255 133 45 189 174 31 0 251
    46 156 0 161 35 0 10 82 165 37 0 41 179 220 97 255 74 91 101 20 83
    93 0 0 54 234 146 255 4 104 179 213 134 12 0 0 142 46 103 181 255
    255 0 255 0 242 255 82 115 0 0 197 59 47 0 166 14 0 201 0 140 255 73
    152 0 0 95 193 123 0 0 0 117 0 188 0 250 185 173 15 255 224 199 138
    201 0 11 206 255 193 86 255 116 255 164 255 0 69 255 255 141 112 255
    201 255 143 195 120 29 255 251 0 255 255 255 135 0 255 0 150 179 236
    79 219 165 161 255 0 210 238 198 36 0 82 0 235 168 226 0 165 153 0
    169 255 219 183 181 12 73 0 245 193 214 0 255 185 240 163 255 221 0
    0 78 35 81 73 0 170 73 89 31 0 0 170 255 86 255 88 168 255 132 97 0
    96 124 158 38 43 255 94 31 0 94 0 0 0 151 15 59 160 255 155 166 91
    255 255 94 168 177 219 28 74 28 17 0 60 0 0 207 255 137 132 31 189 0
    0 112 89 255 231 112 164 198 255 87 185 0 255 205 239 235 13 255 123
    58 32 0 255 40 0 142 255 204 101 184 255 124 255 208 194 82 12 59
    255 255 0 196 226 95 36 29 34 163 61 188 255 183 224 26 74 173 244
    79 2 119 62 169 65 255 140 233 255 240 227 255 96 110 134 134 44 181
    103 0 188 185 255 255 255 192 38 234 0 255 0 156 18 221 255 0 255
    137 35 248 255 0 150 0 81 4 51 247 228 184 56 0 231 255 135 160 94
    84 168 7 196 164 70 228 118 255 173 251 101 255 113 211 47 44 99 203
    187 255 60 182 122 0 255 67 122 169 174 139 255 0 0 0 0 23 120 0 0
    39 28 0 168 151 255 199 0 16 59 120 0 171 136 130 152 85 0 255 175
    233 255 79 0 0 0 62 182 135 110 255 255 173 0 110 24 12 7 255 0 73 0
    222 37 0 3 255 109 115 0 255 0 26 0 0 154 45 43 168 116 0 0 128 171
    0 255 0 0 255 195 76 255 128 201 244 3 78 231 0 158 243 130 0 255
    255 0 174 125 125 131 178 0 255 164 100 212 210 255 0 61 232 239 41
    133 255 255 32 0 64 135 255 0 163 72 0 157 0 88 217 153 0 127 255 10
    226 152 255 96 122 165 186 255 204 49 255 33 0 160 62 62 219 221 173
    205 0 253 7 255 51 80 20 0 129 0 174 230 227 255 95 255 75 0 254 131
    19 0 255 255 180 0 189 0 159 241 0 231 145 0 69 255 10 85 0 210 255
    0 124 21 48 202 133 243 5 113 255 255 0 255 91 0 255 0 162 222 230
    99 57 68 216 33 0 255 132 17 0 255 9 89 0 134 206 186 113 214 0 130
    255 121 106 121 0 77 132 0 155 122 153 221 246 211 51 134 48 0 255
    169 134 0 49 36 85 218 29 0 202 0 35 255 6 75 124 92 11 163 255 94
    221 183 192 0 201 136 23 0 255 0 255 255 142 222 28 216 255 54 28
    238 66 238 49 0 206 54 105 167 39 58 185 250 200 255 112 80 255 255
    224 0 208 0 138 13 255 93 43 0 0 255 171 252 160 177 102 48 0 255
    159 207 126 255 195 145 39 21 139 255 255 218 24 255 0 190 0 196 0
    208 39 255 158 81 14 39 204 0 93 1 103 47 44 55 9 102 255 216 255
    236 255 192 56 250 255 194 58 255 230 172 177 121 80 255 97 0 37 3
    113 227 255 10 47 255 220 235 255 0 89 231 42 73 255 255 53 0 255 0
    0 116 0 33 185 0 0 255 0 0 196 0 255 0 28 37 52 224 255 227 0 167 0
    11 44 228 0 125 165 127 37 209 255 0 0 142 157 36 6 255 220 192 60
    118 16 75 137 253 0 233 57 0 255 243 162 58 221 210 63 57 144 66 153
    255 255 17 255 169 0 114 233 235 129 0 63 0 139 122 0 105 121 0 58
    34 68 0 141 0 20 255 0 0 85 181 245 0 18 223 254 255 34 0 179 0 0
    139 119 0 235 0 0 16 57 0 151 158 177 180 255 96 255 75 239 136 255
    255 149 138 190 119 0 255 255 205 4 39 156 0 113 91 251 0 90 188 111
    255 12 0 255 237 77 0 0 223 175 9 215 73 255 0 255 255 92 0 133 0 34
    48 0 78 0 89 108 60 230 211 227 208 47 33 99 41 213 249 174 191 255
    116 50 97 140 255 134 202 242 255 2 226 45 0 75 0 0 193 255 206 244
    0 134 233 3 1 135 255 99 255 164 118 158 125 44 0 25 173 0 0 97 0
    123 255 255 255 0 222 234 32 192 162 129 246 0 255 8 95 89 32 127
    205 0 36 255 133 0 201 255 219 79 171 0 0 81 246 34 255 54 252 65
    141 255 179 103 82 254 0 23 97 138 255 111 177 13 161 255 168 0 0
    213 22 198 34 0 43 101 0 125 171 229 139 140 178 0 234 0 128 133 6 0
    15 0 10 161 183 115 159 39 143 254 255 53 255 148 0 255 220 157 255
    222 0 224 57 112 60 58 144 0 191 243 246 232 109 63 255 0 34 196 248
    255 101 0 0 137 0 110 255 0 255 214 255 152 139 246 70 255 107 0 37
    157 23 255 8 255 255 168 105 86 255 250 139 0 234 255 0 0 255 105 0
    125 0 0 10 68 20 104 82 255 144 53 255 255 159 230 70 228 30 78 255
    0 99 84 60 0 0 255 45 55 192 255 86 255 255 129 209 192 103 163 0
    124 255 255 155 1 131 116 11 23 138 255 94 255 255 0 162 255 56 0
    255 0 255 0 255 0 126 200 255 246 239 123 177 0 0 0 8 152 0 94 3 0
    107 255 0 0 173 255 0 155 255 220 141 71 123 116 145 74 111 240 243
    61 142 255 85 159 0 78 0 50 28 94 195 255 160 143 217 251 0 250 30
    97 102 255 0 82 183 165 255 0 255 255 255 0 0 67 251 0 102 209 189
    165 215 182 92 15 255 183 217 255 154 255 228 247 238 101 215 255
    121 98 255 255 49 216 0 0 42 0 68 15 161 158 255 255 51 255 255 9 44
    125 0 217 0 255 0 255 255 122 175 255 255 0 214 0 95 51 202 255 86 4
    0 57 255 0 79 84 84 255 15 63 255 173 54 46 0 235 255 255 255 228
    210 225 0 0 21 129 0 163 46 255 77 0 83 65 159 50 255 129 0 227 8 53
    147 180 0 227 255 234 0 255 52 0 0 202 9 224 255 213 24 0 0 87 229
    255 137 255 0 224 239 109 181 64 166 0 21 50 37 255 0 0 205 184 161
    138 237 99 0 0 0 132 72 192 255 83 47 0 174 243 242 115 0 102 124
    249 205 255 255 145 0 0 255 0 15 255 213 255 181 255 183 116 17 16</data></my_img>
<your_img type_id="opencv-matrix">
  <rows>128</rows>
  <cols>256</cols>
  <dt>"3u"</dt>
  <data>
    198 119 0 255 0 0 201 255 255 87 59 13 70 199 0 119 0 221 0 0 124
    225 0 255 78 243 152 192 81 35 225 145 255 11 142 170 19 203 202 0
    111 255 216 255 179 95 0 187 255 131 255 255 0 0 20 255 48 174 0 0
    255 0 132 9 255 31 255 0 255 144 209 104 0 33 154 202 37 0 169 255 0
    176 245 0 37 255 0 0 253 0 27 255 0 137 207 13 96 255 199 198 187 83
    96 175 255 255 127 107 157 41 8 188 255 128 131 74 255 255 225 144 0
    0 123 0 255 26 0 255 242 245 0 96 168 34 56 102 255 165 97 173 0 0 0
    217 152 5 82 255 0 255 0 255 158 202 0 255 0 143 251 255 66 8 255
    248 0 255 132 70 75 175 141 161 79 210 138 51 204 0 165 255 255 247
    19 238 255 165 120 0 125 159 255 255 96 255 255 191 0 255 32 209 21
    193 178 168 70 175 0 0 105 255 2 84 111 238 0 0 17 255 255 255 23 90
    76 62 115 0 255 12 213 255 255 47 41 113 255 67 192 111 106 187 250
    0 2 110 235 231 231 77 219 244 0 30 255 116 40 193 218 6 0 16 248 16
    0 92 32 0 109 145 0 0 91 109 96 95 0 177 255 244 122 144 255 0 188
    188 140 170 0 0 238 26 142 93 0 159 205 255 0 9 81 162 107 45 154
    108 67 253 186 255 150 255 255 255 0 181 255 9 43 206 255 255 39 162
    215 117 51 186 0 18 207 32 0 0 255 0 73 255 0 216 86 209 0 44 254 16
    148 41 177 151 148 255 27 0 82 27 164 0 234 42 197 255 209 255 187
    255 0 255 98 160 140 143 207 0 0 93 255 255 21 255 104 153 35 0 44
    192 57 35 188 191 255 131 87 234 255 200 187 6 255 0 88 101 255 255
    8 46 190 255 209 19 0 255 0 0 223 118 255 65 3 156 186 121 149 137
    229 24 255 141 255 255 0 4 255 82 0 255 255 43 152 213 78 255 7 255
    235 0 75 0 119 0 0 255 64 119 88 247 56 28 123 0 181 0 31 78 135 96
    56 135 0 0 202 56 68 255 103 0 255 220 124 181 202 255 191 142 50 41
    34 0 99 224 0 0 46 232 0 0 59 54 0 255 100 220 255 255 0 77 0 183
    129 195 173 165 0 255 71 233 91 255 147 48 162 0 3 132 116 99 255
    175 255 255 225 172 25 255 255 122 255 16 12 255 0 255 87 255 24 215
    11 255 0 200 39 24 0 0 126 0 255 123 0 50 34 119 103 191 202 202 248
    180 60 13 0 67 223 145 198 12 18 255 86 196 0 26 35 84 38 127 119 36
    255 193 17 255 0 207 81 224 255 72 212 202 250 255 30 225 239 210
    255 143 255 0 91 158 255 90 40 183 86 115 16 198 210 0 255 152 226
    184 113 51 0 255 0 3 153 0 77 125 232 0 0 0 255 106 64 220 101 211
    95 33 14 61 240 84 0 124 210 0 131 255 27 123 0 38 255 255 255 0 213
    255 241 178 255 254 134 122 107 255 110 196 255 98 64 230 220 14 0
    187 252 65 255 162 255 88 173 244 126 172 0 3 238 0 195 0 255 111 61
    255 255 0 90 0 255 25 255 57 36 0 0 0 125 154 255 255 193 255 255
    244 97 162 249 191 53 0 0 178 63 255 255 212 255 251 0 246 255 255
    165 0 0 90 241 213 239 83 0 186 240 22 255 142 255 34 19 255 146 215
    96 33 24 255 255 140 117 38 240 168 0 0 22 255 191 30 29 255 151 177
    37 0 244 255 75 254 61 0 196 255 84 255 255 0 0 240 43 0 162 255 0 0
    53 28 255 212 0 63 255 240 149 166 255 255 247 153 233 14 183 255 8
    46 244 81 187 0 93 0 113 214 72 0 255 250 255 239 144 154 171 0 178
    238 254 0 184 201 20 105 7 255 235 71 249 255 235 238 255 126 180
    153 0 249 43 235 0 0 255 255 0 87 255 255 205 255 255 208 113 197
    238 142 0 93 255 33 0 133 255 0 54 82 193 255 108 228 224 229 241 88
    255 4 146 248 255 255 126 255 114 255 0 43 255 168 255 69 255 79 196
    191 0 255 9 144 146 255 255 255 0 236 130 255 200 144 0 88 247 255
    43 124 228 204 255 0 255 72 110 91 206 38 92 0 69 63 255 95 255 247
    34 255 0 0 58 29 0 155 150 255 88 255 117 196 198 232 79 172 55 202
    0 125 255 255 0 235 164 47 164 255 187 92 255 82 217 61 83 207 3 0
    172 52 244 104 100 0 0 42 154 0 255 0 18 255 255 242 71 255 91 24 78
    119 239 7 182 0 255 0 44 11 197 222 131 83 188 212 0 255 33 83 255 0
    0 230 109 191 54 227 119 240 255 0 9 151 119 145 37 255 179 93 27
    180 0 173 82 242 255 157 138 166 48 0 226 239 0 163 0 85 143 197 0 0
    97 202 255 89 255 0 255 183 38 0 186 84 227 212 0 200 0 175 110 0
    111 255 172 0 0 255 51 0 47 170 159 147 17 0 223 224 142 144 77 255
    239 201 75 65 179 12 0 255 11 255 78 144 0 136 255 255 245 88 115
    157 255 255 20 250 190 191 183 175 255 34 255 82 215 255 127 225 255
    161 37 194 73 0 235 0 86 0 253 255 0 255 255 16 152 117 255 47 0 93
    165 28 0 7 255 255 31 6 69 81 117 0 94 0 151 254 164 190 221 0 29
    149 0 0 255 115 60 211 166 255 0 171 255 220 57 0 239 0 0 63 0 100
    255 255 255 80 255 255 255 16 50 251 186 255 194 197 0 239 106 151 0
    255 195 255 0 172 227 1 0 15 255 139 255 255 189 28 66 114 90 255 55
    190 190 203 57 200 255 255 66 255 91 124 255 0 0 11 0 19 27 224 255
    0 149 191 255 18 121 221 105 166 52 0 223 118 161 0 231 191 0 255 27
    210 82 74 158 215 220 255 0 0 69 0 0 185 117 176 0 255 0 255 0 181 0
    255 235 221 255 255 250 244 131 63 156 147 0 0 132 86 158 0 112 255
    136 72 0 255 122 0 0 0 223 119 0 193 47 91 0 67 54 235 202 63 255
    208 235 255 227 202 63 43 52 66 0 204 28 16 255 0 107 117 53 233 14
    154 220 136 134 241 26 79 0 251 0 255 255 62 177 69 0 77 0 88 198 85
    122 201 0 73 184 255 135 199 255 25 223 245 219 146 22 123 163 38
    237 0 48 138 183 0 37 17 176 122 255 20 178 0 35 255 162 150 15 0
    128 57 189 209 29 45 170 255 194 196 226 127 23 52 49 127 255 211
    167 96 0 180 0 255 255 0 254 255 126 56 123 143 255 255 145 160 177
    196 255 245 131 88 174 0 0 249 255 251 120 0 255 233 0 16 146 255
    255 146 151 255 255 184 119 4 0 63 49 45 38 0 132 112 255 110 241 63
    114 194 141 0 0 127 255 255 243 119 255 69 174 131 255 180 214 255 0
    255 134 204 255 0 233 18 255 255 0 3 0 36 87 135 219 255 135 63 56
    244 41 0 78 0 146 244 238 233 255 154 23 244 179 248 246 13 0 199 0
    223 188 0 125 199 0 255 170 13 204 108 255 140 57 230 41 0 0 199 255
    211 255 150 24 28 49 255 248 255 192 22 190 186 255 184 230 0 236 43
    0 255 81 110 97 0 255 0 55 0 0 227 0 44 52 125 0 0 226 0 111 255 83
    0 152 251 18 72 196 150 255 255 235 159 223 0 0 255 12 119 47 255
    140 51 1 110 0 4 142 66 0 246 0 211 255 108 162 68 45 255 108 224 81
    55 165 0 201 172 22 255 38 255 255 162 77 142 0 59 84 110 192 255
    150 136 255 233 0 0 19 190 83 241 51 0 55 193 0 0 46 175 172 255 173
    149 0 0 197 53 59 191 255 147 198 226 0 224 0 91 170 13 96 233 0 255
    32 0 255 232 144 136 255 47 0 12 182 0 0 16 83 28 0 29 255 0 30 0
    255 203 255 0 0 0 0 24 9 0 152 6 170 125 0 255 41 0 17 24 255 241 25
    93 0 0 86 255 39 0 154 157 248 0 0 24 157 0 244 217 0 23 243 85 255
    0 222 255 229 64 72 138 56 14 103 182 80 93 51 183 52 224 227 255 0
    199 38 192 49 208 255 142 202 23 0 0 0 215 42 165 0 160 255 0 166 31
    167 255 148 120 46 41 67 0 90 15 13 0 121 0 98 166 92 109 13 16 104
    87 10 255 0 149 182 4 67 144 106 24 95 103 232 8 30 0 255 255 51 7
    255 1 87 96 52 255 96 255 200 31 25 0 255 255 0 139 3 74 99 0 255 35
    69 255 221 120 99 125 244 187 255 150 121 255 200 145 2 141 0 137
    190 0 219 255 255 255 255 0 39 182 211 255 239 16 0 177 186 247 187
    255 116 255 236 149 144 255 184 0 186 0 59 151 237 255 80 70 49 190
    0 0 74 0 61 255 0 186 255 202 192 0 0 0 0 0 6 237 255 0 255 223 0 23
    255 35 255 236 255 0 174 102 0 0 246 6 107 0 0 133 90 255 155 98 175
    250 255 0 141 219 169 16 120 170 156 7 255 53 255 235 10 62 255 85 0
    255 255 36 89 181 50 205 117 0 71 0 23 255 244 204 0 51 255 171 145
    80 255 0 255 66 131 213 4 107 0 58 89 255 205 221 39 198 198 240 255
    60 255 107 188 2 0 87 0 255 0 255 0 148 243 0 233 99 187 255 0 219
    136 135 255 0 84 116 11 251 240 255 141 177 142 88 147 255 237 222
    180 243 80 198 102 172 255 2 227 255 74 255 0 240 72 35 255 45 0 163
    8 130 128 219 0 31 0 0 0 5 74 92 101 124 246 91 0 157 148 255 255
    250 143 160 8 63 0 141 151 222 84 117 160 255 50 50 128 63 0 49 255
    0 37 163 255 118 41 88 174 35 165 28 255 68 255 50 143 255 0 255 199
    17 0 0 184 0 130 0 122 139 210 0 16 241 0 255 0 183 157 178 0 190
    191 0 0 255 255 0 179 179 255 43 0 182 230 236 72 149 245 179 255
    118 151 0 4 255 207 0 0 17 186 255 98 55 207 107 35 252 80 0 124 0
    70 211 205 255 0 119 140 103 75 0 87 222 115 0 159 179 0 53 97 56 0
    242 116 255 239 255 255 195 193 163 230 12 254 0 78 43 0 188 188 128
    74 255 150 35 66 192 113 79 158 164 90 42 149 148 0 34 190 0 15 63
    240 220 103 255 53 167 143 193 0 0 33 0 255 216 58 0 112 0 47 255
    255 136 255 0 155 0 255 188 255 255 133 32 255 22 255 140 0 146 255
    0 255 3 114 255 135 225 6 255 0 255 205 108 38 0 165 45 179 93 124
    216 62 116 44 141 227 251 0 0 143 34 0 0 194 159 249 0 114 164 125
    137 25 193 225 153 231 221 20 104 255 161 65 255 43 255 124 4 105
    156 255 0 121 255 151 26 0 240 85 0 146 197 255 76 3 149 26 33 255
    188 255 138 90 0 0 0 188 28 173 255 97 46 117 0 255 141 147 255 88
    145 0 0 255 129 0 255 3 78 255 132 202 57 17 38 209 215 0 0 71 76
    255 85 255 0 150 0 163 215 33 62 255 149 168 19 255 0 85 60 255 255
    96 212 20 241 254 241 243 1 0 99 77 255 88 99 200 215 105 137 51 143
    19 241 183 255 0 77 255 150 27 29 255 255 0 0 208 225 0 110 75 199 0
    122 149 63 255 0 0 138 68 0 222 17 7 175 255 134 214 239 192 17 117
    216 122 57 188 255 93 79 16 247 0 255 0 182 233 88 33 73 0 145 213
    255 84 0 255 255 255 0 255 61 171 15 0 208 12 0 163 0 124 155 255
    115 93 197 67 78 255 255 0 21 18 255 255 251 255 211 0 255 234 2 103
    255 96 0 13 255 13 134 201 121 0 26 100 61 33 255 162 254 255 255 0
    255 105 0 255 46 62 67 40 255 113 113 255 179 54 83 0 134 255 255 29
    108 87 0 255 194 255 80 255 147 225 0 175 29 255 52 0 255 202 42 9 8
    136 255 206 0 100 20 0 0 255 255 11 80 117 255 173 255 133 17 176
    255 0 149 0 233 196 0 14 0 148 13 255 255 0 90 48 172 255 136 255
    244 255 114 246 73 199 153 0 0 154 255 99 225 222 223 68 240 51 143
    143 66 0 221 91 58 231 129 255 254 21 24 0 145 255 255 188 100 131
    127 255 255 63 8 46 255 0 106 255 0 255 124 4 132 108 57 255 5 115
    231 199 239 0 123 0 0 221 47 255 0 19 0 70 0 75 55 255 51 251 255 0
    84 79 209 15 0 255 0 99 192 34 0 35 255 63 42 168 255 240 60 0 69
    156 125 75 202 215 252 72 0 255 130 82 148 1 125 0 134 93 123 17 255
    255 136 98 155 221 143 36 20 0 255 219 0 255 255 130 175 0 164 165
    230 166 230 96 0 0 188 24 0 96 138 102 0 161 175 0 216 255 61 255 0
    255 86 107 255 255 68 255 62 246 37 0 255 0 138 255 177 255 175 227
    255 12 137 234 246 42 255 171 0 0 60 99 207 224 175 125 226 105 173
    51 217 191 26 53 0 0 52 255 0 219 49 255 255 0 255 255 216 109 81
    254 0 220 225 255 255 120 0 0 22 71 255 46 206 0 0 236 0 21 113 112
    140 166 0 255 255 228 49 0 212 255 0 0 251 255 255 27 255 246 216
    201 22 155 252 255 182 0 0 121 36 154 232 212 26 241 221 53 57 189
    170 0 240 0 0 142 87 83 0 255 72 19 255 156 255 33 255 255 239 122
    185 60 35 193 42 0 90 255 32 0 125 255 63 200 245 8 102 255 97 0 42
    255 128 0 255 255 0 255 255 59 0 74 207 109 12 101 156 255 0 55 0 66
    255 62 138 64 174 160 227 103 78 243 44 0 32 0 47 0 36 118 54 255 0
    74 0 255 100 0 117 185 179 211 178 255 103 127 249 30 192 98 21 255
    147 255 45 93 137 255 0 216 255 238 229 0 161 11 255 98 138 128 7
    255 0 129 0 138 104 255 95 187 0 255 243 68 149 108 117 178 255 0 17
    190 185 96 184 106 187 200 255 45 0 73 82 0 15 255 0 249 245 255 176
    0 255 19 197 53 221 160 0 255 25 167 255 177 0 88 185 40 255 235 255
    223 130 216 206 0 153 255 16 172 119 109 0 243 255 0 0 0 108 0 114
    60 0 59 255 255 255 181 161 149 255 255 148 255 88 0 133 198 0 0 112
    42 61 255 82 202 245 143 255 255 172 8 199 69 16 121 164 255 250 101
    22 12 0 97 255 60 0 0 255 0 252 53 41 0 255 255 0 225 115 0 0 0 0 90
    0 0 122 0 149 200 236 2 255 168 86 194 173 243 148 255 237 0 255 147
    142 5 248 205 169 222 196 49 30 0 0 255 255 54 6 170 22 121 86 0 10
    40 179 255 0 173 111 255 179 98 255 142 75 255 134 8 255 0 230 123
    63 66 192 60 255 66 0 0 48 255 130 0 177 169 35 161 250 255 138 154
    192 255 34 0 3 91 255 180 137 5 216 216 236 3 0 40 30 95 81 0 22 171
    68 0 176 149 218 0 126 255 173 255 146 59 255 145 74 209 0 255 0 0
    255 255 81 236 0 255 177 130 105 135 0 121 83 182 0 237 213 51 95 0
    255 115 255 74 180 249 210 47 230 52 83 255 140 60 171 32 255 20 79
    0 59 0 21 41 0 0 0 30 208 255 232 178 111 127 2 60 255 99 255 119 77
    43 0 74 107 163 217 150 32 158 20 170 189 0 0 247 223 183 121 201 0
    148 1 255 90 0 178 4 0 0 255 231 0 255 255 131 255 59 248 19 58 215
    255 0 60 251 255 223 0 255 230 163 18 0 0 66 255 255 121 106 114 220
    185 174 225 110 0 255 102 0 49 255 124 142 255 255 247 248 77 214
    177 255 79 0 115 0 183 7 168 209 88 248 13 255 41 182 187 248 131
    233 35 255 35 86 255 94 181 0 64 0 25 169 120 198 72 144 255 103 57
    0 71 190 8 124 255 181 252 225 152 96 89 255 84 116 254 90 255 44
    255 255 27 0 175 219 36 125 0 255 255 255 156 53 107 0 148 163 0 161
    255 0 255 231 255 0 255 146 21 182 84 122 237 78 255 37 27 106 115
    255 192 10 178 255 0 255 11 107 67 167 108 56 0 204 108 255 6 0 179
    39 127 217 214 29 255 79 242 97 132 96 160 197 255 250 194 0 0 72
    119 255 192 0 63 0 125 112 238 151 102 255 255 78 144 255 62 255 25
    255 206 69 109 98 29 144 255 255 111 255 107 255 251 215 136 215 176
    0 255 185 0 0 50 221 121 36 48 0 0 219 255 9 26 187 85 0 240 215 79
    0 255 31 81 233 255 0 167 54 0 160 56 115 0 55 180 0 255 255 213 255
    0 180 0 0 18 0 0 93 0 0 255 0 118 250 116 176 253 110 235 75 185 235
    0 154 255 0 162 194 85 132 0 149 65 202 255 161 241 56 0 255 80 21
    193 130 18 42 207 0 255 75 208 255 113 72 89 126 251 193 0 255 145 0
    188 41 134 69 0 200 198 192 0 153 135 201 196 0 60 147 255 11 38 255
    255 240 7 255 216 0 220 172 89 0 255 60 222 255 35 26 255 0 224 23 9
    58 0 33 155 12 238 54 253 255 255 90 206 36 108 58 229 231 125 7 255
    0 80 0 0 78 94 255 236 0 67 137 239 0 101 0 0 68 199 0 208 157 222
    173 5 0 19 21 41 255 0 0 71 179 0 114 14 255 76 61 255 161 92 0 255
    0 130 71 0 186 146 218 212 250 255 133 198 129 227 249 0 191 200 0
    129 255 93 0 210 255 0 230 136 0 255 0 142 139 143 94 0 255 255 97
    216 123 0 255 255 112 204 170 255 211 70 0 121 197 197 17 0 62 62 85
    213 29 108 249 26 0 86 150 13 246 233 153 167 117 40 0 255 0 252 229
    136 136 0 126 255 136 0 97 25 255 123 0 0 242 0 125 224 96 113 200
    255 255 255 255 110 255 38 206 0 76 255 191 71 98 66 152 245 0 31
    142 45 167 116 0 224 25 255 188 211 237 255 251 244 140 24 78 255 0
    197 255 0 211 255 45 0 0 99 143 0 185 248 250 0 184 232 11 16 255
    250 83 49 255 107 0 0 64 0 255 65 254 0 0 203 106 255 225 0 48 238
    231 38 255 0 131 25 0 101 0 58 0 255 15 183 53 54 85 255 0 0 101 156
    163 246 11 179 62 255 252 135 166 33 0 133 157 70 178 66 255 214 113
    255 0 221 150 0 255 117 214 48 250 255 0 0 0 91 4 0 225 35 112 223
    188 0 196 157 86 85 13 212 196 228 124 38 203 0 0 109 0 34 0 187 161
    255 72 0 255 225 156 121 40 255 30 43 57 0 255 209 0 229 255 26 79
    136 164 223 0 168 240 0 100 0 193 230 0 255 39 113 220 67 227 14 233
    255 29 255 171 199 7 0 196 0 46 47 0 101 0 0 0 53 25 0 153 142 255
    255 0 25 255 127 123 3 143 197 255 0 225 0 137 36 228 157 0 15 255
    178 0 235 229 0 0 168 208 255 255 144 255 238 104 207 80 42 255 173
    66 49 255 252 111 144 208 69 0 11 32 165 255 0 0 121 57 0 255 136 41
    22 169 205 112 131 0 166 62 0 83 211 0 172 252 243 148 255 255 0 94
    0 0 0 109 181 186 27 0 0 17 0 200 178 222 255 102 255 0 134 72 73 25
    121 48 144 195 0 0 42 33 21 255 0 255 255 66 232 122 0 191 255 255
    145 89 140 13 0 161 35 114 0 193 0 0 125 0 100 230 0 121 154 233 255
    255 255 125 194 248 255 108 221 236 255 0 186 183 133 255 255 22 255
    215 0 172 0 120 255 218 255 164 0 253 184 47 116 64 255 43 59 167
    129 255 0 0 212 191 247 0 255 101 0 136 55 0 204 160 242 255 192 255
    37 0 218 0 182 255 0 108 183 0 0 255 208 174 0 64 52 150 52 107 0
    191 0 197 38 255 210 125 96 255 164 255 64 196 209 214 0 225 242 103
    162 233 0 209 5 221 177 0 213 255 255 87 159 255 232 154 152 208 65
    110 255 199 0 0 0 122 255 0 87 247 0 0 147 120 102 235 230 0 142 255
    0 116 255 57 224 99 10 199 255 255 109 204 228 215 120 102 143 155 0
    162 166 35 255 0 179 255 67 32 195 10 145 17 144 255 136 114 136 255
    0 104 57 52 47 0 0 255 106 0 175 58 36 255 241 208 134 67 51 0 255
    135 42 161 228 131 0 81 255 46 231 105 180 52 148 255 255 0 106 255
    247 100 230 181 104 102 221 248 234 255 28 0 0 255 255 177 0 100 5
    217 255 65 172 246 95 0 79 183 144 59 255 255 172 162 255 236 0 255
    100 255 255 233 11 133 168 150 207 235 114 113 2 255 255 255 74 105
    106 0 0 255 20 185 255 203 255 255 0 248 101 29 223 0 255 176 70 134
    55 179 21 72 236 126 77 0 193 16 72 0 1 127 255 0 0 162 179 255 255
    255 0 255 118 223 21 46 172 0 255 128 0 174 0 0 228 234 174 242 198
    180 0 0 0 240 96 31 157 255 107 0 28 174 90 9 70 150 136 75 33 213
    246 255 188 110 108 0 139 0 154 112 12 0 255 79 0 174 100 212 0 0
    104 0 0 6 0 255 124 255 154 255 90 0 23 255 72 171 177 255 115 255
    54 255 199 0 63 213 23 10 121 143 77 132 0 86 255 255 156 121 53 237
    255 195 44 0 255 0 198 132 185 0 87 255 0 13 227 185 76 230 74 71
    200 0 80 255 136 35 122 0 200 152 0 74 46 255 255 255 88 22 31 3 255
    255 194 203 83 0 0 255 0 255 136 217 242 236 0 76 18 49 13 183 98 0
    125 123 165 152 225 180 255 253 255 53 255 159 0 37 39 151 0 157 255
    0 255 175 147 164 0 176 34 0 172 0 255 0 0 144 139 188 144 0 42 0
    114 0 255 173 255 165 152 75 180 217 255 255 255 187 244 240 255 20
    213 144 0 111 32 54 0 255 0 9 151 255 176 0 118 255 59 57 204 0 255
    88 255 76 225 95 0 5 255 0 0 197 255 13 255 255 168 0 0 255 98 85
    221 227 255 66 103 215 69 0 0 104 103 0 21 239 22 0 152 152 204 255
    209 147 52 121 255 90 255 0 197 115 251 46 0 255 0 255 165 162 220
    212 30 70 132 176 220 0 0 0 255 255 70 193 115 251 86 255 25 255 255
    0 42 0 0 255 255 255 173 0 126 98 201 0 105 146 190 255 179 255 247
    173 0 157 144 255 0 244 163 197 80 91 51 0 186 207 66 124 0 120 0
    207 164 77 59 144 255 0 13 62 46 255 121 249 196 89 255 0 153 255
    136 141 240 0 255 10 165 83 247 255 73 159 145 118 238 182 200 203
    255 255 115 201 216 37 27 144 84 50 81 254 0 142 73 53 255 255 81
    255 0 0 0 38 245 241 255 97 194 0 225 150 0 17 0 255 154 0 197 17
    212 21 117 34 255 255 0 39 131 103 66 126 65 255 255 0 15 109 255 83
    0 255 255 14 94 0 84 137 185 255 255 15 255 114 214 255 190 158 255
    118 116 249 159 255 217 0 0 70 104 255 0 0 255 227 0 0 187 70 0 121
    117 117 250 233 160 155 85 121 127 255 194 97 170 99 90 255 223 162
    122 5 43 0 40 81 88 125 220 0 65 149 235 12 132 93 42 0 171 121 0
    176 83 68 255 221 0 188 73 181 41 255 155 136 0 121 37 166 193 216
    255 253 255 29 16 163 1 0 0 255 41 197 95 33 0 252 56 14 23 116 255
    38 255 147 213 128 255 255 158 0 205 98 0 254 255 0 0 220 0 10 171
    19 27 0 255 46 255 109 0 44 246 38 12 148 9 179 0 255 207 134 220
    244 255 0 0 0 132 79 252 0 255 232 0 254 255 107 220 245 74 29 19
    255 255 0 238 187 102 165 255 229 255 220 248 238 76 0 93 150 255 0
    239 0 0 126 0 0 0 128 80 213 0 255 34 181 102 124 43 255 255 210 255
    255 0 0 108 0 43 163 243 180 102 12 0 255 255 0 228 148 171 126 249
    99 255 63 0 67 0 123 0 10 69 122 168 91 255 0 255 144 133 72 73 0 39
    118 0 47 255 18 236 226 255 0 10 255 255 196 55 248 107 0 5 255 79
    255 255 16 255 216 70 0 0 225 0 255 0 65 203 57 255 0 0 0 248 140
    181 0 3 135 194 144 255 56 60 176 0 106 141 132 146 94 255 0 2 49 0
    255 192 255 177 255 115 136 104 125 0 78 87 0 0 18 24 34 243 73 72
    54 255 11 239 74 0 223 123 136 65 114 213 255 255 120 25 155 0 0 158
    255 0 245 255 222 153 67 168 255 196 10 48 0 255 255 255 166 124 219
    0 255 68 77 145 0 0 11 19 225 154 3 163 255 245 209 0 0 195 253 236
    184 218 0 0 194 72 255 0 255 255 82 159 137 60 236 0 0 67 255 237 0
    11 115 2 0 0 217 227 255 255 255 77 255 183 137 255 0 83 251 0 101
    131 99 255 227 255 239 0 255 50 174 106 255 0 74 182 255 246 229 255
    140 216 255 115 0 190 238 0 7 0 0 6 238 23 173 0 0 0 149 75 55 56
    222 255 0 255 0 120 246 216 255 0 167 10 255 33 158 134 177 61 176
    255 61 65 77 161 255 199 217 14 245 0 155 203 0 0 255 0 123 246 253
    242 170 228 21 238 255 144 225 0 136 0 255 250 255 182 194 255 7 0 4
    186 255 255 0 0 187 246 255 199 255 84 158 93 159 10 154 255 103 141
    0 232 87 158 97 52 199 132 0 255 255 3 54 107 255 255 162 255 255
    111 255 165 149 0 136 255 0 255 82 53 3 220 255 19 255 255 255 54 39
    0 217 252 255 255 99 165 0 176 7 0 255 0 25 255 105 10 211 155 97
    255 0 245 255 255 255 218 134 53 0 209 0 0 29 255 231 255 0 0 255 95
    0 255 212 193 13 255 0 222 234 255 68 0 255 255 57 97 53 189 106 0 0
    0 172 153 0 30 229 0 166 255 22 63 140 0 12 255 42 6 103 2 172 82 0
    80 255 255 6 161 0 255 66 1 0 255 0 254 53 0 255 97 106 0 0 246 0
    118 255 0 0 255 221 216 123 34 175 74 0 255 194 0 66 0 255 127 160 0
    0 133 24 0 255 255 36 94 255 211 0 224 74 0 132 8 255 22 255 255 125
    255 13 255 230 86 0 61 255 126 0 255 0 211 86 0 88 154 140 145 255
    80 82 255 0 80 157 18 49 132 0 10 0 0 255 185 55 0 84 102 204 147 0
    137 255 138 255 212 224 7 31 115 199 0 64 0 36 0 0 18 104 215 242
    255 0 91 255 255 0 88 86 46 140 132 84 172 168 247 2 23 76 0 0 65 72
    109 0 78 20 159 0 15 13 181 249 178 203 255 255 202 255 99 140 62
    208 232 0 138 89 255 33 67 166 255 187 255 22 255 41 12 133 0 0 175
    151 35 107 62 57 255 255 169 0 66 255 203 255 180 255 99 24 255 145
    147 255 28 204 65 166 255 0 33 200 0 0 194 3 32 204 255 0 36 255 102
    139 255 98 0 255 90 239 26 65 7 255 61 255 253 255 136 0 92 0 233 91
    255 5 0 255 0 144 212 0 255 2 11 237 255 145 99 255 0 41 56 0 41 55
    207 204 57 255 0 255 255 0 222 0 57 85 112 24 0 176 0 192 0 89 255
    255 95 0 0 60 183 125 193 132 255 255 51 252 0 78 201 255 180 255
    255 0 0 53 168 28 252 0 41 0 214 255 172 106 0 17 255 166 93 248 98
    255 97 133 211 75 210 169 255 255 255 9 0 255 0 92 51 218 113 30 157
    255 199 0 240 91 223 24 63 0 253 204 0 210 198 0 255 249 255 75 8
    136 52 237 189 175 176 179 83 199 255 0 255 84 255 88 251 72 151 63
    226 255 221 0 255 141 0 83 179 145 168 25 107 255 79 0 0 255 9 201
    255 255 255 255 215 73 255 66 3 48 0 108 124 81 54 145 252 255 37
    139 0 162 199 74 146 140 41 255 188 236 255 255 0 240 102 66 56 234
    202 254 0 66 222 0 0 54 32 0 60 197 220 210 72 201 255 255 0 255 255
    32 112 97 146 32 221 0 0 0 121 3 0 151 18 213 238 196 82 0 9 152 255
    48 86 101 133 246 255 255 255 123 73 6 107 0 255 255 0 217 5 207 161
    117 255 22 51 247 187 255 255 110 104 164 0 86 88 192 255 74 130 195
    54 108 242 0 215 163 237 255 215 214 70 61 0 128 0 254 149 77 255
    170 255 0 251 116 0 156 18 238 42 0 255 87 58 89 158 184 255 172 184
    253 255 179 100 227 0 206 0 108 0 7 255 16 0 255 212 188 255 210 255
    216 255 192 31 217 62 255 0 38 255 153 223 0 79 53 170 0 0 0 255 0 0
    0 242 11 69 255 220 255 0 0 0 193 0 0 0 255 154 255 251 188 124 227
    26 18 0 0 60 0 109 246 255 99 12 255 206 106 0 87 106 100 255 227 85
    255 191 0 129 156 186 254 131 99 255 0 255 210 47 38 0 214 128 251
    38 101 19 96 255 225 42 73 255 255 0 0 0 23 96 91 255 0 255 86 189
    195 217 255 12 137 163 0 38 255 127 132 171 25 100 3 228 90 10 173 0
    195 0 0 218 48 0 53 115 233 0 255 49 61 44 0 0 244 7 13 27 31 221 41
    0 90 255 255 242 106 4 159 255 85 183 39 137 35 255 35 205 0 113 118
    183 235 255 0 74 16 0 19 86 84 0 255 16 255 17 0 222 197 103 255 0
    10 0 22 255 144 104 0 0 135 203 124 218 114 254 154 34 44 249 0 255
    0 18 179 255 255 0 255 169 255 53 30 255 0 69 0 255 255 0 204 152 88
    0 214 255 0 153 239 0 27 255 255 101 20 173 87 23 0 84 182 56 172 99
    202 20 33 251 180 200 168 255 255 56 255 79 255 44 25 81 191 0 239
    118 0 246 43 129 218 79 82 175 8 122 2 76 0 0 129 255 233 255 205 0
    255 179 253 176 12 255 143 0 183 150 116 213 255 255 221 0 56 0 44
    160 0 86 0 0 50 54 255 199 50 131 9 0 0 62 165 83 18 100 9 78 204
    240 221 42 73 3 0 179 0 8 76 234 187 0 13 25 255 255 0 255 230 0 0
    138 41 255 14 87 255 191 151 185 217 59 0 80 0 105 82 0 39 232 255 0
    71 255 89 122 43 74 165 9 0 82 105 0 255 0 255 255 106 255 255 31 14
    69 232 0 207 0 1 0 137 123 170 0 0 153 255 217 143 29 127 42 3 254
    199 255 0 129 166 0 0 137 255 186 0 255 233 0 0 212 134 0 246 255 38
    255 210 0 42 105 29 0 0 228 154 38 212 86 210 255 153 1 0 0 255 108
    0 28 139 0 255 0 156 47 187 4 102 255 90 127 255 255 121 160 255 255
    167 166 58 219 81 0 0 47 0 255 104 197 178 0 255 230 0 154 1 178 0
    75 178 0 53 38 28 255 192 0 152 164 3 157 255 0 192 255 0 136 117 76
    8 142 203 5 35 145 15 255 0 82 100 194 212 16 255 255 0 236 0 120
    185 0 2 66 57 146 3 115 33 40 195 255 47 123 108 230 5 108 172 237
    123 255 211 255 0 255 0 0 78 0 0 49 0 120 255 246 192 43 153 150 29
    255 253 5 56 255 255 255 143 146 255 255 255 97 249 255 135 251 79 0
    255 0 110 246 68 108 255 136 10 255 85 0 255 201 212 87 0 255 9 255
    0 177 217 9 158 49 182 189 0 213 0 0 18 92 255 255 249 193 77 160 0
    45 132 156 95 0 247 222 173 0 104 146 133 133 255 161 0 144 255 255
    116 90 255 250 29 0 49 226 0 255 0 255 255 255 3 141 255 65 255 214
    0 177 39 0 106 249 255 145 255 255 0 219 245 59 255 255 84 126 142
    18 0 150 0 0 167 0 107 0 94 146 109 2 97 244 219 165 38 241 255 14
    96 0 184 2 0 255 0 255 148 255 198 0 255 38 96 95 111 131 220 209
    183 33 255 0 8 23 75 255 190 89 24 255 45 24 208 171 107 248 0 28
    255 255 255 255 144 217 0 46 184 255 125 208 0 12 0 0 169 255 0 167
    0 10 0 222 176 216 127 158 255 0 74 73 0 0 255 166 255 191 158 255
    104 160 174 0 0 175 0 255 0 155 255 131 157 255 28 161 255 167 147
    231 1 64 111 50 255 255 168 24 244 206 0 231 3 9 24 255 0 255 243 54
    190 89 213 0 248 67 110 255 255 144 178 255 255 255 255 0 142 0 10
    255 38 253 255 242 17 255 255 142 23 255 223 27 0 255 0 217 43 127
    255 0 223 243 90 255 255 104 255 14 182 0 0 255 255 48 86 0 0 20 28
    180 255 0 4 237 138 135 0 14 71 250 168 30 129 192 0 0 11 226 0 177
    176 22 0 197 13 0 237 14 137 144 224 149 243 185 0 255 0 95 13 255
    174 202 90 244 218 35 255 3 61 255 129 146 164 246 250 253 0 97 9 62
    233 8 255 134 181 83 147 115 196 250 207 0 143 0 255 255 169 255 16
    150 238 126 255 152 247 224 20 84 96 79 212 232 88 95 48 124 176 255
    187 255 220 255 44 255 198 155 255 20 46 123 232 187 181 26 41 194
    244 224 49 50 241 0 161 0 0 35 255 0 36 94 248 0 0 156 255 0 182 0
    110 88 17 63 240 189 0 169 112 94 196 134 93 59 29 60 199 255 255
    255 24 43 53 6 133 252 175 192 255 61 46 35 145 255 0 0 0 0 0 29 255
    186 0 185 0 255 255 0 229 81 211 5 94 202 255 255 47 47 78 0 149 0
    156 255 255 8 255 184 253 0 55 255 255 16 0 0 192 255 45 0 0 177 64
    41 31 116 101 133 93 0 215 255 172 47 46 0 175 140 66 17 255 65 255
    91 0 255 0 220 0 164 0 98 161 0 128 255 0 36 138 66 109 155 255 246
    231 127 247 0 215 112 244 255 108 248 0 68 152 106 102 255 241 163
    255 175 255 80 0 70 255 13 73 139 152 240 35 56 227 0 255 255 234 25
    201 197 85 4 210 0 255 0 0 0 0 49 108 255 255 0 118 255 0 53 255 255
    255 0 255 255 198 255 255 71 32 213 63 240 255 230 125 0 187 0 78
    161 0 130 255 0 0 38 255 0 140 255 0 23 201 255 155 218 255 22 0 177
    118 173 46 0 3 255 0 211 255 255 125 0 251 255 255 255 248 84 15 0
    255 222 30 255 232 172 159 179 153 255 49 218 255 105 0 168 152 140
    25 54 255 30 0 213 0 0 255 185 45 0 255 255 80 65 176 200 0 255 101
    121 0 0 255 0 23 239 125 255 115 5 63 78 50 140 237 0 163 19 255 255
    164 43 255 17 0 200 254 0 255 220 233 255 255 65 255 213 255 85 0
    255 112 199 114 140 0 30 0 0 255 98 70 245 84 12 255 9 72 0 123 255
    255 247 255 193 196 145 234 202 128 121 255 4 133 0 255 250 131 0 0
    217 245 0 230 0 255 86 2 0 255 255 0 0 255 41 88 239 255 3 124 255
    255 0 255 0 0 255 0 87 255 30 214 255 66 53 0 119 7 41 89 34 141 255
    0 151 200 79 0 191 186 180 0 33 255 226 0 56 116 0 255 56 255 232 0
    214 0 255 17 109 150 218 113 193 255 0 181 204 57 255 6 141 30 251 0
    255 115 178 0 211 231 255 130 177 86 71 190 0 139 218 0 217 0 29 0 0
    255 0 255 67 0 0 83 223 0 88 63 252 255 19 20 128 0 145 14 113 0 181
    54 244 125 147 203 255 184 35 0 58 113 250 55 173 149 28 123 0 173 0
    255 159 116 255 238 70 28 0 202 254 206 251 0 247 255 249 7 20 255
    144 60 15 255 155 68 255 216 28 35 31 255 169 255 13 49 254 255 58
    250 255 173 255 255 0 167 255 0 157 79 32 255 19 169 0 0 106 179 255
    160 40 156 41 0 0 131 39 64 112 3 184 123 213 255 140 255 255 107
    140 210 16 254 187 173 107 71 255 201 111 47 46 88 0 164 255 0 0 81
    255 198 18 0 127 152 235 255 92 0 255 0 118 130 167 0 18 72 202 255
    255 214 17 255 255 181 242 54 21 14 242 143 114 148 255 122 255 255
    9 55 255 28 255 56 101 241 43 255 6 166 82 168 55 0 25 0 100 32 0 0
    0 93 201 51 0 0 60 0 0 202 112 192 0 240 3 227 112 0 255 0 155 0 145
    160 213 177 0 255 177 0 124 77 0 68 120 94 109 255 255 78 255 186
    152 223 182 99 75 40 27 171 0 0 147 255 252 40 96 191 178 197 94 153
    0 81 134 255 179 232 182 154 31 0 9 27 26 113 200 19 73 0 68 255 0 0
    255 255 255 0 178 13 0 38 255 0 119 0 0 0 128 143 21 223 151 215 0
    244 36 236 71 255 212 255 239 255 255 255 218 255 255 188 47 0 69 29
    0 0 255 12 129 168 198 7 49 137 2 42 0 0 103 179 4 239 106 73 33 171
    0 218 175 0 155 255 26 90 55 203 255 141 17 22 255 255 90 71 41 22 0
    122 110 123 255 79 255 119 243 243 255 30 226 255 192 255 71 0 193
    255 0 141 230 74 143 110 255 130 0 255 53 52 149 127 96 77 8 128 172
    0 0 76 255 79 255 0 194 44 0 57 255 58 206 88 186 168 255 106 0 91
    255 255 40 255 154 33 245 255 186 194 255 255 0 255 229 128 109 0
    166 0 96 173 187 75 152 14 255 68 135 81 0 255 0 255 6 72 213 81 255
    0 58 163 79 255 51 255 56 255 0 255 160 119 239 58 214 94 255 155
    158 81 0 201 76 255 115 255 136 248 0 102 251 20 255 135 46 255 0
    101 183 117 0 192 143 0 0 0 218 151 13 38 122 0 125 89 255 210 175
    192 58 0 15 0 225 207 216 113 239 0 239 0 158 255 4 209 202 230 196
    89 202 254 210 255 196 174 176 152 255 255 173 222 140 86 25 211 162
    228 255 187 33 255 100 255 218 58 255 16 24 116 0 66 0 228 254 255 0
    180 255 111 241 255 145 0 153 0 255 249 223 51 0 39 242 39 66 154 37
    151 112 255 198 93 206 99 255 255 104 177 178 130 188 245 0 207 49
    255 215 255 255 238 0 255 74 0 185 132 141 40 124 255 154 255 255 98
    0 214 14 0 255 5 253 70 0 134 201 0 217 215 62 0 255 80 70 0 255 0
    18 0 148 116 115 0 231 108 91 176 118 254 228 0 0 255 103 0 217 255
    126 0 234 211 255 255 173 248 100 34 0 117 97 119 0 24 195 255 0 0
    255 156 0 0 0 0 80 255 255 179 255 152 14 108 52 0 138 255 194 255
    122 11 144 0 245 0 0 156 50 66 237 0 73 0 56 174 178 108 122 0 148
    232 0 64 255 255 24 255 0 0 173 66 109 192 0 196 0 255 123 0 147 111
    255 95 133 255 255 255 133 52 39 110 7 9 158 207 143 233 227 121 180
    46 44 255 255 0 107 250 255 0 82 102 82 74 0 255 220 35 255 222 138
    96 110 215 255 255 119 156 0 84 225 66 155 249 100 167 255 239 255 0
    247 0 0 100 255 19 255 88 216 93 0 56 9 255 0 214 198 138 63 214 158
    176 94 91 71 255 77 0 117 106 204 0 25 210 72 193 171 111 12 255 65
    210 78 255 255 58 48 195 191 38 208 0 145 27 0 164 19 255 132 66 20
    0 49 249 222 242 0 7 136 255 255 28 110 96 0 0 170 162 202 255 214
    122 0 255 36 0 255 187 255 255 0 116 96 0 238 92 88 135 224 98 106
    97 255 120 51 217 6 39 55 67 79 185 255 0 225 118 255 144 255 61 131
    0 0 0 94 139 78 192 142 211 220 113 255 144 113 91 0 255 168 83 96 0
    174 95 0 255 47 8 246 173 88 199 0 201 0 96 234 152 255 210 0 27 217
    255 255 0 0 161 255 255 0 161 13 24 13 143 255 13 107 201 0 185 224
    255 243 255 94 177 25 131 129 23 0 255 129 61 0 255 102 255 255 63
    29 187 141 0 239 255 45 0 12 200 255 255 60 232 48 255 255 15 13 0 0
    77 80 153 81 0 0 0 197 0 135 115 0 0 255 144 132 206 8 255 197 255
    60 17 255 169 244 105 83 255 3 43 0 137 0 67 65 9 208 255 0 255 81
    122 150 255 1 55 88 23 255 214 181 11 64 112 80 252 255 254 255 187
    255 8 255 200 7 152 255 233 204 92 255 50 244 197 0 255 255 86 0 139
    161 253 255 0 120 19 171 7 78 82 105 0 137 6 248 199 9 255 0 71 116
    0 140 255 9 241 136 149 75 255 160 255 201 97 150 129 255 255 210
    255 255 255 237 0 39 86 94 37 255 115 0 80 121 0 36 0 0 255 169 255
    255 204 88 182 0 0 0 0 0 110 0 17 62 50 255 248 224 229 137 255 17
    241 195 28 61 0 194 191 214 213 147 139 166 125 0 94 138 74 57 92
    141 255 0 255 255 194 0 71 163 104 0 114 0 55 22 60 81 235 170 224 0
    72 119 168 255 42 0 0 130 7 246 234 0 255 96 253 66 141 0 255 0 23
    173 203 33 0 0 255 159 30 168 158 224 39 131 199 255 14 186 203 122
    203 129 255 219 0 82 145 31 0 98 187 20 228 118 160 156 0 0 71 101
    89 255 64 15 0 166 0 255 255 57 134 118 138 0 247 232 178 31 218 255
    22 242 198 43 0 255 176 255 254 255 73 255 81 255 255 0 30 196 122 0
    0 113 17 255 56 164 255 0 255 229 0 244 25 178 0 44 162 0 44 251 134
    75 9 255 123 255 0 47 248 238 255 64 208 164 0 255 255 20 3 252 0 0
    68 151 237 0 255 221 139 206 165 255 2 255 255 5 143 19 89 0 143 66
    0 255 179 151 43 148 60 0 0 1 128 242 27 81 255 90 255 182 0 204 78
    11 228 255 255 254 212 0 161 255 59 90 45 123 2 158 0 255 153 69 123
    4 99 255 255 41 255 190 0 0 237 198 15 0 0 0 0 255 152 0 229 0 0 0 0
    143 210 248 9 255 255 85 196 50 211 0 0 0 255 149 255 154 161 108
    229 194 238 78 165 244 251 255 61 0 54 220 255 255 209 240 93 231
    222 0 176 0 155 223 47 46 255 52 255 152 216 150 78 244 137 178 0
    107 115 14 216 249 199 50 82 255 188 50 219 6 189 0 117 255 242 222
    94 231 0 23 158 175 54 238 0 255 254 255 218 206 0 222 139 100 255
    43 131 185 190 156 67 247 255 23 56 255 255 0 29 225 255 24 20 176
    143 255 0 122 4 70 52 5 68 255 221 255 198 27 255 255 220 245 40 251
    243 0 172 12 0 81 242 190 249 138 167 127 0 0 143 0 155 239 0 0 255
    33 0 202 241 0 113 0 130 0 230 107 158 255 85 190 54 48 181 76 61 0
    14 0 71 58 221 179 77 0 236 234 237 255 180 225 240 0 210 17 68 86
    167 255 153 0 245 144 0 0 99 52 6 2 255 10 138 215 65 83 255 255 201
    121 247 0 130 54 0 161 73 0 208 0 31 117 255 13 0 160 246 48 119 77
    0 9 169 255 143 255 110 255 255 168 65 255 65 0 255 32 255 255 38
    177 149 255 170 92 255 140 255 88 5 0 0 239 255 102 255 92 8 155 0 0
    168 103 102 255 0 116 97 14 255 111 110 255 23 83 0 159 0 0 0 0 2
    114 0 143 0 0 255 181 44 0 255 0 44 224 255 6 0 111 112 255 0 255
    182 82 255 39 0 4 255 0 218 143 255 213 255 255 255 186 255 203 0
    255 0 165 255 0 183 55 255 178 250 255 255 0 255 115 255 213 133 99
    255 168 126 129 186 156 179 227 169 171 35 240 201 147 57 48 255 255
    255 63 0 222 160 65 181 255 169 37 1 255 124 190 0 209 0 248 122 119
    255 159 62 255 170 192 81 190 249 249 62 255 99 247 0 13 97 255 255
    255 81 128 255 11 6 61 240 230 121 159 103 122 207 130 33 125 185
    255 91 126 21 255 117 0 123 255 204 0 66 255 0 140 234 118 255 255
    159 255 255 0 119 221 204 5 234 11 253 110 0 255 239 217 0 164 138
    51 238 0 0 229 10 103 240 255 182 255 9 102 138 95 96 212 143 110
    211 0 255 117 155 43 0 235 255 253 32 9 68 31 62 206 99 0 0 69 0 0
    205 0 23 0 9 17 180 0 27 255 0 255 255 186 255 255 111 0 212 127 246
    147 255 0 114 255 255 185 0 211 142 15 163 249 255 255 0 122 133 142
    149 0 255 130 193 0 142 0 169 148 0 219 221 28 0 69 145 17 61 162
    255 255 122 0 157 26 146 0 0 129 79 77 255 249 255 240 0 255 21 254
    182 243 223 72 97 124 222 255 89 95 123 255 0 182 255 132 206 113
    247 177 1 255 43 22 232 0 250 255 236 161 232 122 57 10 141 159 135
    255 216 137 255 223 164 0 53 238 0 255 61 0 163 0 91 253 207 0 35 49
    56 217 0 163 207 219 102 204 0 255 230 175 131 108 67 140 36 255 18
    34 252 250 255 38 164 0 0 255 249 150 220 189 247 0 31 255 232 150
    97 8 0 255 65 0 0 115 164 152 255 112 26 227 101 0 6 199 255 145 224
    180 0 196 31 82 0 0 0 43 250 179 72 0 146 40 0 108 0 210 95 96 240
    255 68 115 71 170 42 255 180 250 255 182 237 74 247 0 21 0 168 212 0
    119 52 0 182 144 58 5 65 0 255 121 60 0 131 0 0 255 0 147 0 109 255
    71 255 255 6 139 0 0 0 255 255 226 85 48 0 211 186 132 93 221 227
    255 255 0 0 0 21 0 255 5 216 88 208 81 245 192 23 191 0 255 176 151
    49 99 0 139 125 168 29 140 70 132 62 80 255 106 0 255 0 16 255 0 71
    67 147 197 149 18 0 255 80 255 163 255 255 255 244 0 175 0 153 1 88
    0 255 66 101 29 27 67 106 30 80 140 142 17 255 151 63 62 43 125 179
    89 58 32 51 255 81 92 255 38 94 13 0 0 255 205 0 255 105 233 0 0 255
    131 91 118 90 8 198 254 55 255 0 203 64 108 145 0 106 255 150 228
    255 255 255 30 255 255 153 167 109 106 0 96 0 0 0 76 139 52 126 42
    167 195 54 0 171 255 255 208 37 255 151 0 206 56 164 56 0 255 255 19
    222 199 185 0 21 210 83 88 0 0 255 26 150 236 0 34 16 185 193 6 255
    196 0 227 35 51 120 0 0 0 192 50 90 175 54 154 0 23 115 0 0 68 255
    137 246 97 255 3 53 0 73 177 238 197 188 8 0 255 0 255 228 0 192 61
    197 255 228 80 49 61 0 208 194 192 195 255 191 0 92 255 122 255 228
    74 255 54 255 255 225 144 37 255 0 255 41 255 0 0 140 0 45 212 226
    232 215 209 169 255 0 87 0 91 32 1 139 210 45 126 66 144 102 236 255
    0 255 81 255 89 201 116 119 0 82 200 245 0 255 232 0 0 207 37 141 83
    184 0 0 0 163 110 89 255 17 227 255 254 224 57 0 38 255 224 255 152
    6 59 17 189 42 30 255 0 0 206 182 249 0 0 255 0 55 255 130 255 255
    226 255 255 255 125 38 63 216 237 21 72 0 45 24 0 139 255 0 0 72 106
    2 231 0 58 0 255 244 105 153 0 41 237 181 168 78 0 165 119 0 77 255
    255 0 19 255 175 0 202 176 236 255 0 0 255 241 255 0 255 57 0 29 0
    82 193 187 247 177 238 255 131 99 255 0 40 0 131 255 0 0 53 100 107
    252 255 211 255 14 160 127 129 6 255 0 108 50 126 255 255 224 198
    216 74 213 146 75 255 224 201 225 255 255 0 180 0 79 93 212 56 0 255
    54 255 167 149 213 255 154 0 255 252 0 255 126 20 88 155 255 0 0 199
    40 81 255 243 207 200 0 183 95 154 255 85 0 203 86 32 0 142 106 109
    255 73 255 140 231 255 0 66 146 164 252 13 255 255 0 255 57 0 173
    106 103 76 255 255 229 88 240 255 180 255 99 124 84 187 88 0 18 95
    195 255 240 0 130 181 0 5 52 0 0 255 234 0 103 110 235 210 255 255
    63 122 249 0 192 255 211 255 60 255 128 237 0 213 101 133 198 112 0
    255 0 0 3 61 255 55 255 255 64 255 195 12 0 128 179 0 154 108 175
    255 36 254 214 64 137 0 3 0 143 37 29 83 150 52 255 214 97 202 237
    136 0 241 109 240 75 171 242 249 255 209 8 255 220 251 255 0 26 224
    0 35 254 255 0 102 0 225 241 223 96 132 0 110 0 251 0 172 255 128
    249 246 255 196 48 100 0 131 0 110 220 0 255 0 243 48 29 196 214 255
    83 79 84 217 182 179 67 178 184 255 142 153 195 255 57 3 119 254 34
    186 94 151 124 110 193 59 255 0 255 0 38 16 0 0 255 23 13 0 63 0 0
    235 235 255 167 9 0 255 31 222 255 154 255 26 0 212 57 203 128 250 0
    237 203 192 255 156 255 213 81 34 19 95 229 254 156 237 255 192 255
    42 35 255 117 106 68 0 30 0 255 0 255 131 134 23 255 253 0 255 0 255
    0 115 50 50 118 131 255 251 227 255 255 0 37 196 255 172 54 255 26
    234 255 0 0 131 15 119 145 0 0 113 0 255 40 232 255 155 156 255 164
    0 255 97 255 0 255 255 28 0 11 186 255 255 106 255 194 255 255 53 40
    255 70 86 0 255 255 160 5 201 95 98 0 181 0 253 91 253 253 84 255
    255 177 255 215 231 105 0 87 255 36 255 102 71 45 161 74 0 0 6 185
    218 255 0 0 255 255 12 133 255 255 255 78 68 169 211 255 77 58 153
    255 255 255 196 90 0 208 0 167 0 0 255 169 23 210 167 255 255 164 91
    37 73 167 114 0 255 0 147 64 255 255 0 239 108 255 211 34 255 132 72
    255 245 138 201 153 87 0 192 0 188 0 0 33 89 36 166 0 0 108 68 195
    195 228 0 255 230 224 145 107 198 255 77 255 134 255 13 0 215 179 73
    120 255 255 206 70 230 255 230 87 137 184 154 80 111 255 196 233 0 0
    0 146 0 85 24 99 28 219 255 184 71 5 255 0 255 255 255 164 149 234
    255 9 27 74 255 0 8 233 170 62 0 26 255 255 255 81 11 12 0 220 0 255
    85 208 0 255 183 60 232 9 255 0 0 255 66 0 0 91 255 255 175 72 148
    94 0 234 0 108 255 100 207 141 81 25 236 119 32 0 146 73 147 255 242
    150 139 4 255 39 161 0 216 255 0 0 165 156 0 28 255 41 67 9 179 37
    182 4 0 220 229 48 99 69 255 229 88 161 172 193 244 197 0 0 255 164
    67 47 41 0 173 0 6 0 63 44 255 0 75 255 255 93 255 255 255 0 0 255 0
    203 36 214 255 151 254 194 166 31 144 66 1 98 106 73 0 242 68 144
    148 255 224 156 199 255 0 217 255 0 0 0 154 0 0 123 54 113 255 196
    22 13 68 253 0 118 47 255 3 60 231 236 146 255 216 97 0 0 198 232 30
    191 229 135 233 34 255 111 255 150 193 138 255 131 0 217 186 100 168
    87 197 202 0 0 222 255 49 228 0 255 185 90 47 52 59 172 137 255 82
    124 247 175 168 0 0 126 220 245 229 196 79 153 255 210 0 167 60 217
    0 0 121 0 116 255 0 0 161 43 52 255 142 1 0 244 198 183 43 104 126
    160 80 190 197 39 0 0 183 182 209 218 149 255 138 139 32 25 43 10 69
    201 116 255 255 0 255 91 199 255 254 255 0 0 64 255 210 28 253 135
    169 57 255 43 177 249 228 255 98 230 25 171 212 39 213 0 63 255 62
    161 255 223 255 183 38 206 141 217 255 0 187 255 57 213 124 236 255
    255 255 82 255 232 0 236 78 66 255 204 66 0 201 0 45 255 255 67 0
    255 255 192 197 81 98 0 0 255 181 0 26 255 244 255 0 255 99 237 193
    149 79 0 0 216 0 255 47 183 255 0 5 255 0 26 82 0 187 0 255 255 113
    0 146 29 197 131 255 0 255 172 255 34 0 73 255 17 64 228 255 232 0
    71 193 255 67 0 255 0 62 255 56 255 6 233 0 144 162 202 136 231 14
    178 95 90 0 255 255 0 161 255 255 32 86 56 255 0 0 227 18 253 141
    179 11 255 50 255 37 255 255 253 154 255 142 185 202 255 255 68 5
    255 255 130 139 255 170 136 255 255 237 208 255 44 197 0 255 0 255 0
    21 0 187 150 32 10 58 154 0 200 186 0 251 157 0 220 124 192 0 69 190
    0 255 28 63 239 28 0 0 18 0 255 60 255 255 44 188 79 190 0 255 94 0
    107 30 116 66 0 20 0 13 255 255 0 11 255 60 200 255 211 150 221 134
    163 255 29 255 160 0 255 185 0 0 93 23 134 0 241 76 0 0 0 255 0 182
    94 255 186 0 199 170 0 18 229 0 113 233 0 198 7 2 82 251 198 255 0 0
    255 251 206 255 8 253 0 255 0 129 104 166 255 193 110 0 0 229 178
    255 255 48 21 93 243 40 172 66 9 191 10 0 0 255 255 0 0 195 255 0
    145 84 255 255 226 0 241 191 0 76 137 8 236 235 255 204 0 255 32 255
    214 255 0 0 117 89 189 90 255 75 0 114 87 0 218 37 55 134 255 255
    255 255 117 79 222 255 255 149 47 255 255 80 11 255 176 246 0 74 85
    209 0 243 25 72 47 116 172 135 54 255 149 170 162 196 220 196 255
    107 74 255 130 50 94 255 219 0 105 255 255 0 60 255 255 255 135 255
    117 176 0 25 46 119 204 118 237 255 255 243 195 42 255 209 0 13 181
    177 136 183 216 16 0 216 229 98 255 31 148 152 16 101 33 0 31 16 208
    106 255 57 255 10 173 190 255 10 230 255 255 236 255 149 48 255 0 80
    245 0 0 157 232 96 133 255 255 1 118 136 5 0 0 113 0 24 255 94 103 0
    112 246 0 255 248 58 97 94 0 92 0 0 0 29 144 187 0 255 0 69 255 29
    255 1 0 255 243 185 0 110 26 255 175 255 107 168 189 168 0 0 17 90 0
    83 111 201 229 126 160 255 255 61 99 0 206 255 80 136 250 0 116 63 0
    255 249 255 22 123 255 92 248 26 144 0 255 98 186 144 150 10 43 197
    112 0 135 119 0 255 92 102 81 255 255 121 0 227 203 0 0 46 172 0 0
    31 67 255 67 255 0 255 58 194 232 255 160 81 0 100 0 82 146 185 255
    255 255 242 179 0 255 0 0 121 239 255 255 255 76 185 0 227 0 71 230
    201 236 234 246 228 255 104 0 137 129 224 69 84 0 255 4 27 229 94
    118 32 118 145 81 53 242 41 166 91 255 164 0 113 255 19 147 53 0 73
    82 14 142 237 108 90 41 150 137 161 132 0 69 255 46 255 200 67 86
    113 35 119 94 169 65 135 140 0 255 255 0 0 249 244 0 75 255 166 239
    129 141 165 131 0 245 97 0 21 26 192 0 175 143 13 0 0 255 0 172 0 0
    0 195 177 255 70 121 0 255 0 255 202 127 30 87 114 201 164 203 255
    61 255 220 255 255 255 35 12 41 135 142 0 164 0 0 49 0 36 0 235 218
    96 9 192 228 0 181 0 25 0 119 0 195 255 181 255 255 255 66 91 119
    227 221 240 44 142 255 53 0 193 255 238 165 168 255 0 255 115 152 0
    71 42 255 0 10 198 0 200 72 0 235 74 69 255 7 34 89 86 255 0 255 106
    8 248 0 0 30 255 255 213 239 108 25 48 119 65 27 0 209 255 242 42
    226 223 251 7 130 180 24 22 231 255 66 255 117 220 78 0 170 71 5 0
    205 96 255 71 0 74 255 191 182 81 0 44 0 246 0 255 27 255 151 138
    227 255 255 0 251 13 102 158 33 129 0 41 255 255 115 249 49 255 161
    162 79 255 61 42 255 179 251 177 0 85 0 0 130 255 255 255 255 0 123
    197 255 255 48 255 255 0 181 127 5 247 255 37 255 205 255 88 0 244
    250 35 79 95 102 0 255 220 255 255 169 68 133 58 0 179 215 32 60 96
    61 174 0 77 0 129 172 35 210 154 46 255 117 30 0 113 0 254 195 131
    252 16 86 183 86 24 130 128 117 0 234 9 0 89 36 0 173 0 104 255 255
    138 95 255 0 204 140 255 255 255 217 51 255 66 204 255 123 255 29
    255 186 255 0 235 0 0 0 39 255 0 115 255 255 0 158 255 201 129 0 255
    199 255 255 58 255 159 0 177 183 0 255 222 0 40 0 202 123 25 253 0 0
    0 3 0 83 0 244 255 88 83 255 207 0 153 198 255 163 255 255 84 255
    255 0 0 162 0 108 46 255 255 16 255 4 218 255 187 255 0 41 255 42 0
    186 187 255 255 109 0 255 38 182 0 197 145 0 0 134 59 0 255 159 247
    154 255 0 0 184 91 199 148 0 223 37 70 108 255 46 0 208 255 29 77 0
    255 255 192 0 240 0 129 232 81 255 255 94 31 0 0 136 0 16 119 0 101
    152 107 211 172 0 255 248 154 139 133 122 27 255 0 0 152 239 197 163
    255 0 0 156 255 246 0 255 126 0 0 255 204 255 204 0 0 234 0 66 119
    191 209 162 212 162 0 187 145 66 0 91 96 0 255 255 0 221 87 0 2 255
    255 120 246 255 189 223 0 255 180 119 200 49 0 72 0 110 0 17 159 52
    36 100 156 97 22 255 255 59 255 144 53 128 203 127 29 236 183 58 0
    103 58 109 206 129 255 0 104 0 255 0 173 216 255 0 64 0 22 7 84 209
    11 176 140 67 127 193 255 125 254 74 0 223 104 104 255 0 15 16 173 0
    54 255 0 217 198 63 92 56 159 233 255 0 147 255 88 0 136 70 154 207
    0 0 0 185 255 255 182 68 255 243 255 130 255 195 255 20 98 223 39 0
    0 84 240 0 117 127 238 246 0 202 110 95 0 82 235 225 116 136 139 86
    78 20 255 67 92 255 70 64 156 106 40 255 0 54 185 255 255 0 255 132
    213 0 0 10 0 171 255 255 164 228 0 61 255 99 0 191 94 153 150 0 255
    0 59 143 83 186 0 37 23 246 26 24 0 191 177 0 124 24 0 218 255 249 0
    77 53 255 0 109 87 210 163 255 255 174 226 154 210 60 255 29 162 0
    198 0 2 255 255 195 138 204 255 0 0 226 169 0 50 66 236 0 0 0 0 169
    105 173 26 156 218 66 163 6 0 136 79 146 155 96 182 255 255 58 94
    102 0 166 255 0 226 37 0 39 196 127 86 40 71 247 255 0 188 106 56
    198 66 2 0 156 0 135 84 206 2 181 239 121 70 255 193 255 255 52 0
    255 120 99 255 146 0 255 255 17 0 255 201 9 159 16 214 119 120 38
    255 88 255 255 255 116 255 7 229 16 24 101 252 255 215 165 216 255
    255 119 254 182 36 59 233 120 145 245 222 67 200 235 241 255 174 160
    68 253 67 0 126 255 0 255 207 120 255 0 143 188 70 200 0 255 255 61
    209 255 145 0 255 129 64 249 0 0 0 0 190 0 172 88 255 255 0 33 82
    254 255 0 0 208 48 224 255 123 141 179 34 255 255 255 234 226 189 0
    0 222 235 24 64 0 201 128 175 255 71 211 64 0 253 255 225 147 214
    240 0 99 151 143 164 146 0 206 255 0 18 0 0 174 0 102 108 0 42 98
    255 255 100 155 196 255 99 90 255 255 162 32 0 107 255 4 222 33 198
    255 57 222 255 0 255 0 255 0 34 179 10 239 255 134 255 0 197 255 0
    255 88 35 156 0 179 140 255 255 255 255 50 255 37 82 255 31 255 115
    28 196 93 0 0 21 37 205 160 200 74 100 67 114 0 148 142 159 85 0 255
    55 207 144 0 86 255 138 0 255 191 246 41 255 157 0 84 0 177 67 82
    212 252 83 255 111 242 247 17 145 127 40 12 144 5 255 0 186 0 255 0
    67 162 224 128 198 196 0 0 174 152 119 0 100 0 10 135 0 107 255 255
    193 122 183 255 225 105 174 89 255 0 71 194 0 103 255 105 0 255 19
    177 160 118 25 116 204 170 0 0 254 31 188 0 179 255 84 223 63 194
    156 176 255 255 255 215 180 205 255 26 255 73 32 0 136 126 0 153 72
    0 238 0 253 0 72 0 70 78 82 255 196 109 206 53 61 255 0 93 40 139 89
    178 192 79 0 0 103 194 51 81 20 255 194 183 179 229 138 255 200 157
    85 255 148 120 2 23 92 165 253 0 15 0 0 139 0 94 21 255 8 35 116 0 0
    0 255 0 244 98 254 78 83 91 44 109 0 0 255 0 33 109 15 129 67 250
    255 142 23 236 255 0 125 130 110 181 255 80 91 36 130 72 149 0 0 115
    114 0 140 129 167 249 0 161 0 251 255 97 116 255 124 255 255 255 117
    92 255 255 99 74 226 0 131 147 240 0 217 194 100 25 164 250 0 0 255
    255 0 133 254 0 28 0 233 0 247 118 38 255 255 134 189 181 135 57 123
    98 25 117 0 210 0 255 255 155 0 0 0 237 199 90 159 221 6 67 126 0
    245 210 0 68 255 242 88 229 193 148 0 0 175 31 201 240 40 228 0 204
    0 29 255 0 0 80 0 240 255 146 142 0 255 0 255 112 98 198 0 255 255 0
    0 0 0 255 0 55 101 0 24 60 0 153 9 255 183 180 232 163 250 111 205
    99 200 0 0 110 43 182 0 14 89 108 71 8 134 0 195 0 248 100 0 120 255
    168 17 15 255 34 189 255 255 255 0 255 161 148 115 0 182 0 255 23 88
    0 105 0 176 0 209 255 222 255 0 0 221 130 134 116 244 114 206 255 42
    70 143 133 0 232 51 245 0 255 0 0 0 255 0 20 255 164 16 255 64 95 79
    0 40 235 9 28 0 36 177 255 0 184 0 244 78 0 48 221 141 255 25 210 0
    67 0 154 244 0 86 0 0 124 255 107 4 0 139 92 255 7 116 212 150 255
    146 226 118 234 85 77 177 0 235 83 84 0 0 255 0 255 204 0 0 25 249
    202 52 255 119 0 61 0 0 233 0 255 33 146 126 255 255 255 118 0 21 91
    255 255 249 5 145 213 188 179 147 15 148 255 47 90 249 217 0 255 68
    31 255 134 255 96 74 211 255 233 0 0 237 255 47 0 255 0 0 50 27 255
    0 224 0 255 255 42 74 0 0 22 157 93 147 169 185 164 134 89 255 21 76
    255 218 62 87 8 255 0 255 117 176 252 50 255 59 149 78 0 181 0 0 240
    0 0 171 53 110 0 74 60 0 0 156 0 255 18 216 255 132 84 255 79 184 0
    255 186 57 100 183 112 253 95 76 255 225 62 191 109 0 173 0 70 0 0
    126 0 0 237 255 238 245 149 62 24 0 255 0 255 255 255 0 255 242 50
    197 0 0 157 40 23 255 255 0 255 0 246 217 164 223 113 0 0 121 159
    255 48 32 0 0 168 0 0 0 0 76 0 88 128 0 255 192 0 113 0 41 27 196
    255 244 255 255 0 199 113 255 255 255 69 200 255 149 139 255 255 204
    0 0 58 0 252 0 0 84 247 0 129 77 162 235 119 140 255 69 140 47 110
    255 0 75 255 213 23 0 47 255 128 162 56 91 0 0 0 89 184 255 0 246 3
    30 32 0 159 37 222 255 0 0 31 255 0 150 52 211 179 217 94 114 34 0
    52 255 255 99 0 0 206 54 0 6 255 0 16 93 255 0 255 254 245 0 255 26
    33 206 33 241 174 247 255 237 112 171 20 215 244 0 58 255 255 208
    102 12 21 0 113 196 139 129 255 97 150 139 0 0 228 221 52 255 79 208
    0 51 39 21 116 255 140 0 8 0 166 0 242 207 0 255 98 164 255 117 100
    0 0 255 0 107 151 255 157 0 155 134 0 28 0 255 255 111 0 0 222 0 255
    113 255 206 225 0 255 156 237 0 76 0 97 0 229 224 255 0 133 9 168
    179 255 131 199 0 65 62 255 239 0 178 0 120 255 212 255 129 108 121
    194 67 225 52 192 167 146 161 158 194 255 54 104 255 127 241 255 255
    255 0 255 23 46 109 158 0 8 155 62 193 99 0 190 255 55 70 77 28 0
    244 0 174 230 255 0 110 0 144 255 232 89 121 185 0 255 255 154 99
    197 0 230 255 183 0 183 158 182 59 0 197 16 191 218 216 49 18 255
    255 97 165 255 214 255 156 255 171 186 249 97 255 29 203 181 105 255
    0 255 246 135 205 201 119 204 255 186 177 0 0 86 20 255 245 189 13
    118 247 255 0 147 73 94 255 168 204 0 193 0 225 238 255 0 255 0 255
    152 255 244 158 159 255 0 181 0 89 70 255 70 227 255 0 0 255 250 255
    255 20 219 152 194 150 217 23 239 183 255 47 162 89 255 255 255 255
    84 255 0 19 255 255 229 51 205 129 158 91 96 21 133 174 181 174 42
    255 197 56 188 0 146 124 0 77 139 255 255 37 24 204 40 0 49 108 10
    255 0 0 0 108 101 189 191 25 82 66 0 255 255 67 255 130 3 19 204 255
    255 187 248 125 58 9 255 78 78 255 179 151 0 255 230 128 133 18 255
    255 255 0 238 108 180 190 98 106 13 55 255 255 252 255 231 241 0 12
    0 178 159 235 80 122 67 24 160 200 0 184 221 255 255 198 196 0 144
    255 75 0 0 0 154 255 203 255 255 167 86 172 0 255 23 255 0 255 22 0
    71 218 27 0 16 255 255 216 93 0 255 138 0 31 114 0 0 0 255 0 79 170
    0 181 255 17 255 85 0 0 255 255 13 157 88 255 255 115 144 159 140
    255 169 10 162 190 23 191 255 65 151 132 255 68 154 171 167 88 255
    93 0 255 227 0 160 0 119 224 33 46 255 0 138 135 60 38 0 238 255 241
    76 179 255 0 173 0 0 27 0 0 169 255 182 54 0 239 146 110 255 255 75
    215 38 218 26 138 255 0 255 0 19 172 147 255 164 108 187 0 246 108
    211 61 0 206 179 16 42 251 111 60 98 3 247 255 255 0 161 255 36 215
    255 191 142 0 62 8 181 255 1 126 175 195 58 160 204 111 252 66 125
    255 255 16 194 0 106 30 14 255 0 110 33 14 0 24 0 0 0 255 0 159 83
    236 213 45 255 140 239 79 100 212 0 255 218 255 174 24 150 132 0 255
    0 0 255 179 122 178 26 0 0 251 143 255 0 255 53 195 255 0 168 145
    255 28 58 255 0 0 199 88 41 162 146 67 10 17 255 210 17 0 210 195
    255 255 0 210 255 219 106 0 104 126 182 0 0 37 255 174 6 83 0 255
    176 2 92 233 70 255 255 68 151 22 255 102 0 23 11 65 197 160 109 19
    142 255 255 238 255 44 200 158 0 84 223 0 0 255 255 191 90 59 255
    255 77 240 145 255 156 0 60 75 0 2 31 61 255 24 127 111 0 117 25 0
    77 34 233 160 0 255 201 43 0 255 255 193 255 255 197 183 207 120 0
    234 255 62 223 128 0 25 255 0 255 253 237 37 173 133 255 207 14 217
    186 0 0 95 0 4 0 51 173 0 0 255 254 242 255 206 0 185 65 255 135 0 0
    103 234 202 108 0 255 255 0 131 80 255 99 84 255 197 2 20 74 0 212 0
    8 255 123 51 163 42 165 24 0 255 181 219 113 39 98 91 251 16 255 4
    255 168 100 0 255 0 93 67 158 86 135 104 55 171 0 104 148 7 192 188
    107 251 10 194 6 254 106 223 242 255 21 0 230 0 0 100 179 0 137 255
    76 255 177 255 0 16 12 52 223 120 194 255 119 92 154 0 70 103 91 0
    255 0 0 222 26 234 65 14 79 214 0 131 178 61 255 58 255 34 98 206 73
    151 77 0 30 0 255 255 0 255 255 0 24 255 248 140 212 252 206 238 110
    13 98 252 0 255 255 133 237 0 255 255 75 0 1 107 255 54 0 54 87 32
    164 0 255 234 125 255 255 255 255 14 62 132 0 0 0 227 92 91 105 0
    255 50 93 67 0 177 255 0 165 255 0 94 255 255 0 255 236 224 255 60
    116 0 255 255 128 64 233 255 228 8 137 122 70 216 37 77 56 0 60 169
    255 0 238 0 66 255 97 231 0 255 63 217 255 255 36 171 255 0 255 255
    255 23 58 255 60 255 0 0 255 93 102 217 124 147 255 53 0 0 255 0 50
    204 147 215 0 255 128 3 124 255 255 255 255 35 135 193 56 244 141 79
    10 228 0 161 0 73 0 255 116 246 203 199 255 84 219 178 159 0 236 0
    255 127 114 159 0 0 0 42 0 0 148 30 83 186 0 191 165 163 255 255 255
    255 193 0 179 154 236 3 255 255 0 0 252 128 255 212 255 255 82 255
    204 0 255 141 143 255 135 255 207 176 63 126 118 180 255 0 254 255
    228 59 139 0 121 255 65 181 200 246 123 193 56 109 157 122 198 170
    23 0 255 255 18 255 194 4 51 255 164 255 32 255 199 0 0 0 51 0 82
    103 49 163 229 255 55 0 0 201 255 0 240 255 255 106 60 174 255 163
    128 77 20 194 0 88 255 0 83 249 140 70 46 0 217 255 95 73 0 156 120
    0 248 255 255 0 255 250 229 42 222 255 4 255 23 6 64 255 253 107 239
    255 153 96 151 153 10 186 255 39 240 0 51 16 79 0 0 114 22 204 14
    180 3 75 0 58 0 75 143 157 94 241 157 190 80 255 16 0 167 107 60 255
    154 203 0 231 70 220 155 1 249 3 38 0 165 247 0 255 118 242 151 251
    21 55 69 249 234 233 0 194 55 52 255 197 190 89 186 104 174 255 0 0
    183 240 255 120 255 255 255 69 255 76 61 255 161 241 9 45 42 6 106
    10 55 48 255 0 151 255 115 255 162 24 140 186 132 61 255 255 171 155
    214 255 205 147 221 0 206 251 255 47 26 0 177 255 83 35 233 207 152
    101 255 92 177 176 239 255 255 255 255 255 42 255 0 0 255 255 46 96
    83 79 12 255 0 0 19 255 255 255 255 0 183 255 223 0 255 255 255 71
    255 100 0 182 135 57 255 152 16 255 235 255 81 255 255 33 233 199 47
    0 255 0 109 92 0 25 255 255 255 229 207 4 255 193 133 168 150 179
    143 255 253 18 12 33 11 255 124 153 240 78 255 178 90 255 0 6 255
    124 0 0 6 233 161 255 255 103 74 0 132 207 255 225 85 35 0 35 184 53
    255 195 175 107 68 245 214 210 42 125 242 170 255 0 255 32 49 255 76
    255 0 60 243 169 133 249 0 44 255 37 251 224 0 57 225 187 251 255 90
    143 109 219 255 135 0 255 127 40 184 255 255 223 0 255 89 255 111
    108 130 101 245 30 218 51 0 7 104 166 0 148 177 0 255 147 0 255 110
    0 255 17 0 0 0 230 155 255 175 1 161 50 8 217 251 0 248 0 91 164 44
    131 255 255 33 167 23 0 0 0 217 15 221 164 0 104 102 134 54 139 168
    255 164 87 255 166 255 58 197 0 255 255 74 211 127 76 255 151 221
    124 141 28 0 164 255 12 0 243 255 0 174 84 113 255 255 0 189 0 229
    147 179 86 255 0 85 161 42 4 198 0 235 0 127 5 227 255 255 0 255 138
    0 161 138 255 0 180 190 32 232 0 246 0 0 255 0 255 5 198 36 33 210
    57 241 97 8 0 235 117 61 250 255 86 178 0 65 204 244 255 255 255 247
    14 33 22 255 108 198 0 244 0 255 0 54 244 255 255 255 0 209 218 208
    0 26 94 0 72 238 28 255 105 0 219 0 0 0 43 14 129 0 0 231 244 47 220
    200 208 223 234 241 136 92 232 255 152 66 220 242 0 0 20 51 255 255
    255 255 220 176 255 0 255 144 255 190 160 69 68 238 56 235 196 0 255
    255 255 138 144 0 37 176 74 38 255 169 124 86 67 68 194 252 0 199
    132 0 255 184 0 91 115 176 215 172 227 228 0 255 255 238 238 248 181
    33 125 207 196 209 194 234 218 222 106 31 0 255 255 29 110 184 76
    158 48 0 209 255 107 19 46 84 243 241 121 223 255 79 0 92 0 249 43 0
    132 0 221 239 161 255 255 55 196 13 100 255 255 99 255 170 156 0 234
    8 194 233 0 146 170 255 255 114 35 0 0 21 81 255 255 0 143 171 254
    255 245 120 231 255 0 93 255 0 0 205 74 100 255 238 161 5 0 0 134
    255 0 255 177 150 140 12 255 185 255 15 95 255 99 0 220 255 255 57
    47 23 255 0 0 0 120 174 168 209 231 72 218 0 154 255 207 0 0 174 0 0
    11 57 222 119 189 146 158 151 30 19 255 203 255 0 236 0 242 163 255
    0 0 186 43 200 4 59 142 167 160 0 0 255 30 29 159 254 0 255 0 255 66
    241 255 255 0 0 127 4 5 16 46 0 241 142 255 255 125 174 42 255 255
    222 114 193 102 0 85 255 115 0 255 74 255 90 0 255 0 233 14 0 0 159
    0 255 143 255 219 0 26 91 111 15 198 204 97 181 252 83 86 237 255 65
    199 255 218 152 0 226 135 72 106 9 211 142 226 75 255 225 255 118 44
    58 0 79 0 186 255 255 217 255 173 149 189 57 0 0 233 0 241 255 230
    255 242 47 255 121 235 116 105 0 203 234 0 0 255 255 182 252 0 255
    231 255 196 75 208 255 0 255 119 7 0 93 255 111 255 80 0 122 116 218
    255 157 255 179 255 0 164 0 255 59 143 76 94 198 226 38 127 158 228
    103 0 255 255 0 43 86 189 33 22 255 255 234 171 63 220 0 115 34 255
    14 177 227 29 218 160 0 255 203 45 161 134 255 1 8 0 25 96 0 205 255
    210 48 255 255 200 255 0 106 255 255 237 244 255 169 32 214 202 116
    86 69 44 0 53 0 187 221 0 0 71 115 1 191 0 189 0 88 56 224 255 46 15
    83 240 0 255 168 169 202 88 30 0 177 49 19 7 242 75 204 0 146 255 76
    6 0 0 51 0 210 165 157 65 157 13 0 2 242 0 116 30 6 0 255 43 5 255
    11 175 48 0 144 0 255 219 255 0 158 80 10 0 255 112 195 0 0 238 22
    154 255 45 113 81 70 222 255 255 4 50 87 28 75 115 255 255 255 0 255
    255 255 255 255 255 255 139 11 150 196 255 8 86 36 172 255 158 55 38
    255 0 0 255 99 160 144 0 31 84 0 63 230 60 255 201 0 255 57 0 128 44
    113 255 77 255 0 116 255 122 224 16 198 194 0 103 240 196 108 60 20
    130 255 89 0 255 209 57 255 103 103 0 141 17 255 125 87 0 83 0 249 0
    57 202 183 231 255 0 32 0 238 255 80 176 78 233 0 255 255 255 103
    255 213 0 0 78 129 167 54 255 255 255 255 61 76 255 0 147 52 165 99
    178 108 102 0 95 255 161 22 0 217 102 47 167 203 255 255 152 197 243
    0 179 161 255 23 126 53 89 0 0 54 211 235 0 104 255 99 224 0 53 162
    141 47 130 0 255 0 156 166 255 255 255 245 255 255 70 201 0 77 92
    224 187 234 22 53 148 185 76 255 135 0 135 161 0 216 142 196 48 128
    212 36 0 172 157 227 79 227 255 0 60 255 61 121 255 165 31 0 67 86 0
    196 83 255 109 189 108 104 162 200 83 220 0 0 0 132 3 179 0 115 199
    0 0 200 0 255 0 0 136 94 243 51 255 90 127 73 98 157 97 212 181 0 43
    66 255 0 0 32 47 164 43 227 146 57 0 72 6 230 186 255 142 246 109
    210 0 127 0 0 255 0 36 255 255 10 255 0 170 204 57 255 99 81 16 0 1
    0 254 9 255 90 239 0 178 0 255 0 0 46 236 210 0 255 59 0 0 125 0 0 0
    0 154 0 165 163 255 255 166 193 39 53 140 180 0 255 104 255 255 229
    255 173 91 0 0 14 184 213 207 245 255 255 148 104 89 0 15 66 255 0 0
    0 207 151 0 253 171 251 71 255 0 255 70 0 234 9 90 0 42 0 0 255 255
    217 193 164 0 135 124 143 126 66 128 255 0 244 0 49 0 255 0 0 255 0
    200 0 255 0 52 35 131 104 109 141 222 78 147 255 255 0 255 0 88 255
    205 210 0 54 237 212 255 236 252 117 201 53 0 156 109 246 0 208 12 0
    12 206 102 129 255 132 139 139 0 0 22 106 72 255 138 140 23 177 0 0
    0 61 189 0 125 255 192 218 0 255 0 23 0 13 239 45 201 255 44 255 171
    255 135 0 255 255 22 49 0 255 0 127 3 0 50 246 189 67 75 0 0 255 162
    0 0 0 0 56 38 41 39 86 0 103 199 83 235 220 0 211 129 255 191 134
    255 232 203 255 28 45 255 0 255 253 129 255 121 255 10 211 37 0 146
    85 255 5 10 185 137 106 126 0 123 76 255 57 124 242 255 77 255 255 0
    158 255 74 0 255 156 11 146 0 215 0 0 125 5 0 190 255 0 210 175 0
    121 182 223 200 227 101 255 56 193 255 177 117 255 226 11 0 255 80
    196 13 190 175 64 128 88 255 133 129 0 185 20 230 225 155 0 0 0 0
    122 17 97 30 245 0 80 0 27 59 217 127 223 55 0 43 27 124 39 0 0 255
    8 8 166 0 0 0 65 9 0 2 226 234 32 0 28 146 0 10 20 255 0 2 0 255 33
    255 146 94 255 152 182 0 255 87 0 33 255 255 255 101 1 67 16 0 148 0
    0 121 88 157 0 137 105 64 120 97 248 193 255 133 0 70 0 0 232 0 0
    255 121 49 15 69 161 247 255 0 162 0 181 111 0 188 168 255 238 255 0
    121 25 139 35 255 73 211 185 255 255 49 143 255 255 22 255 0 0 210
    68 169 0 150 255 0 215 133 13 110 215 107 98 47 249 55 60 15 255 63
    159 176 255 0 255 170 0 0 115 116 0 243 211 187 129 255 89 59 255 78
    39 75 18 255 39 0 210 12 159 199 241 225 213 252 58 0 89 157 200 0
    255 241 131 52 39 142 167 2 255 140 255 173 62 252 72 0 0 134 0 130
    255 157 0 154 91 55 125 255 0 79 194 39 0 103 255 255 55 0 99 216
    155 0 131 8 193 199 17 244 255 250 98 210 119 63 2 75 180 55 247 98
    0 0 255 255 0 165 0 142 138 30 247 0 255 255 21 0 199 177 214 243 58
    204 101 0 255 0 255 155 254 94 122 211 131 94 163 61 0 44 83 255 0
    136 142 0 231 255 255 255 0 255 221 53 0 15 229 36 225 255 167 82
    236 255 199 72 240 0 136 255 195 41 0 255 0 255 104 239 219 108 51
    96 0 112 222 255 198 11 138 0 117 255 66 0 187 99 40 187 94 255 203
    76 244 0 0 239 255 74 59 222 255 207 125 0 151 0 255 144 255 0 255
    173 72 0 227 224 175 238 0 255 194 104 255 93 113 255 0 0 173 180
    130 169 250 181 0 255 149 0 88 72 0 169 255 255 232 248 255 19 28 38
    255 0 255 174 0 202 25 255 159 0 140 175 39 68 255 0 255 227 45 222
    183 175 80 255 172 154 252 215 150 255 255 198 244 255 255 0 16 255
    99 117 97 138 44 200 0 50 50 199 0 163 255 0 184 94 0 78 10 0 67 225
    145 41 143 84 160 252 176 255 19 71 107 239 247 255 69 255 0 120 237
    161 205 0 255 255 14 206 255 241 7 0 218 0 22 255 218 144 41 217 86
    255 56 255 255 237 143 76 157 81 255 255 0 255 0 3 0 176 175 234 194
    255 25 196 10 255 89 252 255 57 0 150 0 0 101 255 19 218 255 255 255
    85 0 49 255 129 0 140 11 56 193 255 67 98 151 243 5 194 255 21 4 191
    0 255 204 255 12 244 255 16 57 74 201 255 67 33 0 242 63 161 0 144
    91 117 221 0 67 16 172 0 39 3 70 140 251 182 177 255 107 13 134 0
    251 0 76 237 183 185 70 177 255 255 0 251 167 11 90 141 74 140 18 0
    0 204 255 86 50 255 0 0 137 255 250 255 255 1 255 255 184 97 201 115
    0 52 57 220 255 114 0 0 231 255 255 0 118 45 61 0 219 0 0 139 0 97
    130 255 255 112 255 155 0 225 58 0 35 118 141 255 183 142 255 255
    192 212 61 123 255 0 65 255 0 227 0 204 112 255 155 255 102 211 255
    114 5 0 191 255 255 0 0 133 141 84 0 135 255 98 0 94 78 127 255 204
    0 142 66 182 20 0 0 126 57 255 184 74 201 233 0 225 6 179 174 0 249
    249 17 36 0 189 78 142 255 144 226 175 43 122 162 121 214 255 194 18
    137 212 255 3 0 9 0 0 33 0 13 123 41 205 114 34 49 255 0 21 255 117
    6 0 0 224 255 173 255 69 95 0 188 0 245 6 152 69 8 255 166 3 17 255
    52 0 72 254 6 226 139 233 112 88 255 0 255 83 62 249 255 197 5 30
    125 187 171 180 255 178 26 129 147 255 0 255 18 0 189 255 248 35 161
    177 65 0 0 0 255 255 255 255 56 255 194 8 202 67 235 255 101 158 255
    0 236 0 229 0 5 38 0 115 185 0 255 0 74 104 229 201 196 80 136 96
    255 255 156 108 57 149 197 166 0 0 0 250 213 142 85 110 58 0 182 15
    239 0 0 168 0 255 0 61 170 9 198 254 165 15 255 156 0 19 255 114 0
    116 55 95 140 182 255 255 255 141 117 85 51 115 113 152 255 0 249 79
    255 0 255 36 0 0 0 94 255 255 255 209 123 237 114 0 67 243 118 0 61
    0 0 73 176 255 190 255 60 21 158 211 255 167 129 159 97 34 255 89
    107 253 232 193 91 255 55 255 199 255 136 66 177 255 255 219 233 42
    195 0 131 108 0 255 0 223 86 115 61 202 255 34 255 255 0 80 255 101
    0 38 80 255 0 135 173 91 179 0 255 220 229 0 0 89 22 157 113 255 81
    216 60 0 0 179 255 100 255 163 41 0 0 213 0 240 255 0 95 90 0 113 0
    11 255 150 124 255 102 7 239 0 192 0 0 255 139 26 199 47 0 255 163 0
    0 0 83 252 255 130 255 255 145 0 85 0 109 255 233 0 0 86 239 0 13
    237 3 0 89 153 0 0 151 234 0 255 73 255 251 155 255 0 245 20 45 188
    42 220 86 255 255 64 255 18 64 0 255 255 63 0 135 20 169 0 255 255
    227 93 0 33 139 0 150 88 0 54 108 255 93 255 110 111 102 255 255 255
    108 255 51 0 229 14 0 71 46 100 255 255 191 0 46 255 188 189 78 134
    69 49 14 169 166 0 255 40 255 174 0 162 255 92 2 146 255 226 42 233
    51 49 202 221 0 189 2 71 195 82 0 0 0 255 8 0 231 55 255 0 35 6 126
    0 164 0 53 255 207 110 112 216 49 251 255 255 133 60 16 0 64 224 255
    0 255 246 206 79 46 95 34 255 26 133 80 68 84 99 120 22 40 100 13
    204 255 188 255 68 255 242 0 255 205 188 255 245 133 6 155 112 208
    149 227 228 99 84 0 196 0 66 37 0 255 0 0 231 255 148 212 36 9 69 95
    0 65 231 175 67 128 188 255 255 115 255 53 0 0 0 0 154 26 255 51 212
    171 255 77 255 42 71 0 0 255 255 175 255 245 158 0 200 255 249 7 25
    35 255 63 109 244 0 174 174 0 70 255 0 127 200 156 0 237 176 255 106
    0 199 183 255 0 95 91 0 255 200 0 225 0 25 0 95 255 0 65 200 133 223
    211 122 0 137 0 145 145 32 101 192 0 255 76 54 73 53 147 176 0 245
    255 194 172 242 111 101 255 255 255 255 255 217 92 0 204 255 0 18
    252 102 8 0 98 250 246 0 255 131 79 103 114 157 0 128 0 0 20 173 43
    0 177 233 191 189 85 255 255 0 117 148 27 74 113 226 0 0 255 189 255
    255 234 0 232 38 0 40 75 100 198 255 0 237 61 0 100 255 255 244 127
    230 226 201 93 170 229 179 187 0 7 0 255 237 165 103 193 76 65 218
    181 36 185 29 15 171 255 255 222 155 143 207 91 255 255 187 154 99
    232 0 163 30 181 255 255 249 249 255 178 112 222 255 185 0 0 214 100
    255 255 112 0 250 26 255 0 155 39 183 71 36 170 94 0 232 131 255 255
    255 255 0 255 235 201 248 237 251 119 255 173 255 0 81 255 209 6 115
    149 0 180 33 67 146 255 37 202 8 120 0 183 255 16 0 255 205 0 255
    225 255 67 253 190 124 97 40 54 213 31 255 0 0 142 0 30 0 49 101 132
    217 138 114 165 176 53 92 241 74 255 0 219 0 0 0 154 0 54 177 105
    202 255 174 255 21 255 202 0 255 8 99 139 245 76 170 255 0 145 255 0
    175 255 121 0 0 0 255 54 255 58 35 0 255 255 78 21 118 255 154 0 255
    127 12 0 241 150 198 234 72 227 0 0 171 255 209 131 132 26 248 0 141
    255 0 24 0 255 191 16 201 100 120 247 112 156 121 114 246 255 78 53
    140 47 0 72 230 92 29 220 0 139 98 182 207 25 217 0 168 232 0 198 27
    171 215 161 0 0 255 255 0 204 255 64 187 255 19 255 255 229 0 255
    255 0 255 238 255 0 236 174 70 0 102 0 128 50 151 225 0 255 190 151
    77 129 0 255 90 0 224 0 225 25 158 255 208 131 0 0 211 0 52 0 255 83
    167 108 31 51 0 0 167 205 131 0 221 0 236 73 182 141 237 196 174 130
    0 0 16 203 217 255 255 112 0 100 0 195 45 110 0 255 255 255 0 103 0
    255 39 36 149 210 220 154 255 255 50 42 230 253 144 255 231 0 255 0
    255 255 222 67 51 255 34 208 0 160 255 108 31 140 255 209 0 0 255
    143 0 84 131 241 172 0 165 234 13 105 90 255 238 56 200 82 0 255 0
    129 127 144 114 215 76 0 29 135 167 117 23 255 255 161 97 46 216 0
    35 2 0 214 231 15 144 25 61 0 150 255 255 255 29 215 65 187 228 54
    58 180 217 42 255 179 106 238 198 147 13 0 202 111 6 221 0 76 235
    173 0 246 0 242 201 0 255 58 11 60 0 46 169 33 71 226 128 255 0 147
    181 249 255 79 13 255 193 255 255 53 42 215 255 0 0 106 6 58 253 0
    183 25 111 154 109 154 1 255 214 0 255 209 14 214 174 117 255 15 234
    114 226 120 239 72 60 198 255 0 255 46 159 0 25 255 139 255 100 66
    18 225 184 123 78 255 201 127 216 197 249 15 144 147 84 255 22 255
    176 229 255 255 50 144 54 20 69 0 63 0 0 248 6 255 33 255 0 97 0 0
    247 0 110 0 0 84 0 0 95 129 252 190 255 173 11 103 33 155 0 65 0 138
    255 215 0 255 0 107 255 107 0 126 221 79 183 255 223 0 136 227 225
    255 0 83 200 74 0 255 255 255 255 181 215 64 255 139 112 255 157 61
    246 225 25 0 5 0 0 0 33 244 188 188 108 87 0 0 85 14 207 0 76 113 0
    140 0 255 0 255 14 12 30 0 243 255 0 68 48 103 108 62 255 0 56 255
    255 81 0 0 255 225 255 223 136 255 240 255 78 229 148 192 139 88 119
    63 249 205 51 105 25 0 7 33 230 67 200 82 173 221 255 153 0 0 255
    248 0 207 0 225 187 222 0 88 0 0 174 101 140 168 141 255 255 164 0 0
    67 0 255 161 75 255 161 3 88 122 88 208 255 23 255 55 213 255 173
    255 255 9 255 49 40 4 4 50 0 132 80 68 0 0 0 0 0 29 219 22 60 135 82
    116 25 255 255 178 255 15 255 0 107 165 0 61 255 0 255 50 203 159 19
    255 88 96 63 143 130 11 47 80 91 188 255 255 183 65 146 255 130 255
    0 59 208 200 211 166 187 242 200 139 18 34 255 0 212 255 0 79 255
    114 189 255 224 0 0 23 255 195 0 255 172 0 255 0 91 255 66 0 200 48
    255 33 255 96 255 255 255 255 154 162 60 110 4 96 231 234 0 0 84 167
    45 79 0 94 255 99 145 255 255 0 23 243 172 252 18 33 132 133 255 175
    255 0 25 218 156 0 0 241 76 135 138 102 229 102 255 210 164 71 86
    203 64 231 142 237 145 32 135 0 255 0 57 71 44 247 123 255 62 201 94
    88 0 57 255 171 33 255 0 87 106 250 170 122 15 114 255 255 146 160
    255 255 0 135 99 44 0 0 255 134 108 153 152 10 185 173 28 69 161 255
    124 0 255 0 128 255 9 161 0 114 0 67 99 255 22 183 35 244 133 0 255
    230 155 255 253 52 66 255 255 15 169 0 124 0 255 0 246 75 0 250 218
    33 55 255 124 254 143 121 255 70 0 145 255 196 213 142 161 88 12 0
    175 66 0 155 166 75 164 159 249 255 255 175 255 238 91 255 255 255
    10 61 18 95 255 140 198 146 0 255 139 193 255 0 165 44 66 47 174 152
    110 200 0 211 28 205 111 94 182 0 222 128 255 255 149 255 255 255
    221 186 233 132 124 255 6 65 255 36 0 255 187 242 0 196 255 4 72 128
    42 255 0 236 23 28 255 172 27 188 162 112 237 197 90 46 38 231 52 32
    7 7 243 56 143 50 255 9 129 48 125 255 0 252 108 57 150 0 158 93 255
    0 0 151 171 0 127 149 0 183 136 0 252 48 0 0 255 255 0 158 152 255 0
    0 255 133 192 254 255 58 101 176 255 209 255 255 255 255 17 93 85 94
    164 0 0 237 82 0 157 7 189 0 255 93 255 23 255 0 40 190 0 112 255 0
    233 160 255 255 0 0 135 102 255 237 6 255 143 45 166 205 3 68 237
    182 255 255 255 255 255 255 0 231 255 6 0 0 0 0 155 130 159 54 255
    255 0 254 219 255 237 232 255 255 229 224 235 255 0 255 222 240 0 0
    250 170 0 138 0 138 155 136 255 16 0 255 89 131 100 169 237 0 37 190
    34 255 255 137 255 0 29 109 144 35 151 0 187 39 0 167 255 255 255 17
    124 159 66 34 0 252 254 188 255 54 58 255 250 126 255 98 184 255 24
    181 218 0 0 215 0 0 27 0 204 185 255 213 48 255 158 208 232 0 255 0
    0 255 64 25 0 243 0 168 67 0 0 81 255 71 64 81 209 255 255 0 227 237
    29 255 255 202 159 51 255 240 168 68 207 144 10 188 0 255 0 255 59
    242 251 101 0 29 0 105 191 255 255 11 0 132 255 188 255 167 41 104
    219 0 27 214 231 114 255 29 114 187 109 168 241 244 111 255 27 255
    215 221 1 251 0 87 0 0 92 0 0 113 132 96 132 255 166 255 0 0 37 3 0
    255 249 0 0 184 149 0 240 255 39 204 104 172 182 96 46 0 255 28 255
    35 0 229 0 99 255 51 184 5 172 225 65 255 34 8 255 0 112 255 130 215
    255 231 74 54 255 33 0 87 210 255 119 187 255 0 12 81 0 0 48 0 0 198
    160 222 63 1 0 134 0 201 253 0 255 0 38 198 148 218 255 0 0 245 12 0
    255 39 0 255 120 255 0 51 0 0 254 0 131 227 0 0 225 255 81 13 128
    255 255 0 209 255 135 165 0 255 255 70 255 62 65 0 29 0 255 136 9
    255 80 82 255 254 121 255 255 105 15 182 255 0 105 50 217 251 255
    255 255 156 140 45 123 0 116 44 202 41 133 96 91 255 221 99 10 243 0
    0 255 143 120 109 106 61 155 246 63 0 169 0 255 32 35 0 84 202 161
    44 255 75 180 201 107 255 0 150 239 255 4 216 70 255 241 34 138 0
    251 117 50 73 49 65 248 0 208 112 111 35 78 0 53 229 0 55 90 43 100
    181 170 115 152 154 0 94 14 0 0 53 0 225 163 0 116 85 237 78 0 41
    255 16 255 114 137 155 77 227 125 254 255 235 231 151 126 250 208
    166 0 89 197 235 213 212 186 255 31 191 0 54 255 111 237 144 255 255
    216 142 176 0 0 0 255 203 255 253 54 243 215 97 61 144 98 0 0 157
    184 81 255 195 12 40 112 101 191 35 0 168 0 0 10 91 255 0 255 255
    237 224 255 0 217 69 100 0 0 138 0 132 202 0 0 173 0 44 205 255 10
    255 20 0 255 248 22 164 215 185 204 3 109 0 211 94 199 255 36 255
    255 216 121 14 178 255 54 121 84 56 162 199 65 0 61 86 0 183 124 255
    222 55 255 93 255 235 249 10 44 157 236 135 133 68 60 206 255 0 243
    94 0 0 255 45 255 52 226 86 203 130 155 0 149 255 231 160 255 41 255
    0 164 255 129 162 0 142 0 0 106 182 245 0 1 255 0 21 69 0 253 255 84
    255 223 32 0 175 67 59 255 23 255 255 255 0 96 116 0 208 208 102 205
    221 223 105 255 134 255 0 235 244 0 255 255 182 0 121 255 175 213 55
    255 21 105 111 232 0 247 240 31 184 0 0 171 0 50 250 128 23 153 75 0
    0 64 254 0 127 0 163 85 155 0 255 255 0 172 0 88 95 217 0 151 56 218
    31 166 255 158 245 204 23 40 250 0 102 0 59 82 22 0 255 68 13 243
    220 0 0 17 255 50 242 226 0 177 255 128 67 165 255 0 111 228 20 204
    0 136 0 248 138 16 19 167 238 255 0 7 146 255 214 0 129 255 255 203
    162 255 0 39 255 52 65 69 0 255 118 193 255 52 0 232 0 74 250 0 255
    241 14 142 41 2 255 58 169 112 38 129 100 255 19 29 129 225 150 178
    213 254 222 191 0 0 118 62 27 206 0 127 174 232 255 57 88 0 214 202
    64 89 154 0 245 11 0 255 210 255 49 235 255 127 97 21 255 0 32 128 0
    0 55 117 123 214 255 255 171 255 24 31 244 0 167 89 0 0 145 213 75
    100 209 127 0 255 88 155 255 0 255 78 0 58 95 78 143 157 255 255 242
    0 255 129 53 182 242 0 0 31 171 70 221 102 215 97 29 196 200 195 75
    255 255 0 205 51 116 103 228 141 227 255 101 70 0 0 42 209 255 230
    255 221 154 122 0 231 102 0 48 255 137 255 0 70 255 246 34 0 255 71
    170 18 116 191 255 255 70 35 146 100 139 77 255 1 0 255 0 0 6 60 2
    165 174 255 255 255 104 255 0 255 229 205 255 248 255 58 25 164 255
    124 42 177 255 27 15 44 58 255 255 180 0 255 86 42 255 99 172 255
    197 166 0 0 116 219 3 114 0 255 68 0 56 1 62 160 255 0 43 255 0 152
    255 144 255 168 255 0 0 19 52 254 194 31 255 21 255 0 0 255 0 42 206
    82 255 11 33 255 132 25 0 148 169 0 0 0 32 72 128 9 90 208 63 199 4
    143 0 137 113 0 132 0 74 30 166 255 107 170 255 208 255 0 0 0 179 0
    185 185 255 202 164 0 125 54 248 92 87 160 255 0 214 236 82 255 117
    70 255 20 255 90 255 131 209 30 119 0 255 92 93 78 97 43 162 119 255
    12 39 255 0 39 222 94 79 0 202 0 196 171 120 80 255 100 196 255 107
    172 229 83 179 14 6 16 78 88 255 25 0 134 0 255 209 62 65 135 255 80
    0 237 217 0 167 244 205 100 51 0 23 167 19 141 58 46 179 0 203 0 255
    233 24 0 0 255 240 255 0 86 0 255 13 0 255 0 87 255 20 0 237 138 52
    156 123 104 0 71 42 150 0 255 255 183 0 38 255 228 164 139 0 10 0
    174 255 21 0 0 97 53 125 255 0 255 77 0 255 150 0 67 150 255 241 134
    0 89 91 49 66 255 255 150 193 0 15 124 255 183 0 255 182 0 0 171 255
    255 0 0 4 0 127 252 82 255 237 249 253 0 255 84 181 214 64 0 0 145
    172 131 243 255 76 86 255 111 35 205 46 9 80 160 194 170 58 144 255
    88 60 255 24 0 0 255 91 255 174 0 255 183 114 19 213 255 209 144 0
    120 169 17 225 131 71 255 0 156 14 0 255 249 127 0 184 199 0 0 0 108
    69 94 167 74 255 223 8 0 42 255 126 67 66 152 125 65 0 255 46 221
    107 95 32 226 5 58 173 255 0 153 255 28 255 255 168 255 255 247 0
    212 0 81 161 255 233 212 0 139 255 127 181 0 255 0 0 193 80 236 0
    189 114 30 105 255 114 190 255 0 30 255 167 113 255 0 255 255 0 255
    66 24 129 0 93 228 195 182 0 157 0 152 190 0 229 255 255 0 161 79 62
    0 168 113 240 183 77 147 225 6 109 116 215 134 28 242 225 17 0 226
    150 173 69 255 138 6 0 22 255 255 208 0 105 255 251 255 0 255 0 0 0
    134 255 255 154 255 255 255 24 115 178 102 0 255 184 0 0 68 0 77 194
    234 239 54 176 0 240 255 94 203 147 80 0 0 134 250 0 255 146 103 0 4
    0 93 255 46 244 255 35 0 255 215 0 131 207 0 11 0 0 220 89 0 255 0
    111 104 155 0 191 255 0 255 79 250 255 255 255 0 0 198 255 15 132
    197 255 255 5 188 227 205 53 255 255 226 248 221 71 154 21 52 0 255
    72 7 69 0 0 255 255 255 131 114 212 7 80 166 179 92 195 212 87 0 0
    43 199 0 255 241 98 166 116 85 125 41 98 255 147 13 255 95 118 185
    112 0 0 0 236 0 138 105 255 152 0 255 152 255 0 255 117 251 231 255
    121 0 101 0 0 118 229 0 203 105 255 92 169 255 0 27 255 90 197 223
    209 179 141 116 255 147 233 96 255 255 218 0 169 255 133 32 80 0 184
    255 121 83 255 255 0 28 255 30 0 53 189 94 127 126 65 92 255 127 0 0
    41 55 255 165 223 149 153 0 255 83 255 243 0 255 255 6 113 185 245
    40 200 62 139 255 70 0 255 168 0 185 255 121 180 55 255 0 24 132 138
    173 0 142 236 192 96 43 54 210 46 99 0 247 0 174 19 79 211 5 216 255
    255 16 167 255 230 195 230 0 86 243 85 51 100 0 255 186 213 255 139
    210 61 2 255 84 229 47 60 57 49 255 190 127 162 41 57 0 149 227 255
    253 0 203 103 30 114 255 27 0 21 105 227 0 230 232 224 213 24 181
    246 0 170 140 0 241 90 48 218 212 114 48 12 0 255 255 183 35 213 255
    36 152 102 245 71 167 221 31 255 177 113 255 255 85 213 0 224 64 134
    159 251 255 180 229 19 164 1 255 255 123 25 30 183 170 255 234 0 255
    88 196 255 188 9 255 255 0 255 255 0 128 243 95 170 0 255 255 0 45
    71 58 0 208 210 3 161 26 0 214 0 73 255 98 23 120 5 20 167 235 3 255
    255 240 255 255 0 47 102 255 66 137 102 255 148 201 255 255 23 176
    14 166 125 255 221 0 255 0 0 255 86 206 91 255 0 145 138 0 254 93 77
    213 0 0 101 0 53 86 53 91 241 187 0 0 255 0 226 78 191 5 0 166 246
    123 0 255 65 255 0 180 255 46 0 2 228 0 170 206 255 127 255 156 253
    102 85 179 124 17 116 25 163 255 145 5 255 182 46 131 188 22 248 20
    90 0 255 255 63 13 13 202 0 0 174 0 238 169 0 250 255 30 73 94 28 39
    255 250 0 0 109 51 0 0 98 170 2 0 66 171 0 118 149 161 255 97 68 0
    241 181 112 177 120 90 78 49 0 255 172 47 118 0 175 0 143 223 144 91
    170 255 129 255 255 70 141 75 0 153 194 250 255 178 82 163 206 243
    253 102 0 255 0 70 20 45 90 54 0 52 255 255 0 92 25 0 142 218 62 81
    29 0 60 255 92 255 136 50 173 0 238 217 0 0 91 249 239 207 0 237 87
    0 109 0 172 0 255 255 224 52 139 167 11 139 140 0 118 0 255 255 255
    10 86 111 123 17 82 232 1 255 251 119 3 11 25 0 255 59 239 255 0 195
    255 38 0 0 0 51 237 204 112 255 122 0 0 227 0 186 129 255 0 195 205
    19 253 228 192 255 112 202 99 0 82 140 255 8 255 139 0 244 70 0 240
    241 132 151 255 42 64 255 173 91 222 255 23 225 16 120 255 141 174
    255 25 130 249 0 197 96 0 40 255 47 117 124 0 255 0 82 255 0 193 0
    254 143 128 235 22 134 0 255 0 255 209 37 58 0 147 255 255 88 0 255
    47 99 0 254 255 218 148 156 118 255 26 216 255 255 185 58 0 44 90
    178 0 0 143 65 0 203 255 0 221 251 110 220 0 133 44 156 0 255 39 101
    96 255 255 7 232 217 195 28 29 39 97 0 48 0 164 32 255 56 127 255 42
    50 245 255 146 0 132 132 18 255 255 0 0 77 0 182 29 0 90 0 255 25 0
    0 30 48 126 130 84 0 23 255 255 255 32 149 255 55 126 0 0 0 81 3 62
    0 101 0 4 0 91 46 12 154 255 48 255 203 30 132 0 255 14 0 255 104
    189 213 85 0 144 118 255 25 221 13 0 255 243 125 190 37 117 0 255 79
    206 7 255 255 9 21 228 100 242 105 211 70 255 153 153 58 255 0 216
    126 149 255 221 255 172 255 6 0 255 255 35 12 255 180 135 112 0 0
    220 18 0 250 103 97 99 113 157 101 148 0 70 255 0 152 255 0 110 255
    255 141 201 0 216 222 0 0 0 109 62 0 0 1 202 168 255 98 255 101 205
    58 255 255 124 197 184 39 190 235 0 201 6 255 62 133 255 255 225 141
    0 38 160 97 54 39 78 0 50 134 255 0 255 218 0 255 255 139 228 255
    255 0 93 145 0 146 0 200 43 238 29 28 154 0 24 101 169 1 147 255 180
    88 255 4 215 135 211 255 210 255 255 255 179 164 255 0 241 154 255
    148 152 215 247 166 170 124 174 0 43 34 14 0 0 0 0 8 12 255 0 25 255
    0 147 0 0 255 18 205 0 218 202 0 252 255 80 255 12 203 0 234 0 255
    100 0 170 0 255 123 255 69 245 83 0 0 213 66 60 169 114 255 0 0 0
    108 93 255 0 0 0 255 115 204 255 146 115 120 92 255 0 0 187 173 8 26
    0 255 165 115 62 54 255 75 161 255 87 203 255 92 255 170 0 248 197
    125 255 154 105 44 170 54 255 214 181 59 5 255 0 0 224 255 5 254 255
    83 146 255 141 183 0 31 130 0 36 72 255 255 255 111 255 104 130 122
    174 3 154 66 72 0 228 189 255 110 255 238 245 6 31 16 178 7 6 99 159
    111 130 51 192 23 255 21 77 24 0 52 0 178 0 131 255 155 48 32 155
    255 0 172 255 103 255 45 214 131 255 118 233 189 90 255 0 149 0 61 0
    255 217 183 175 255 80 255 111 104 161 255 255 0 255 255 142 0 48
    147 104 31 247 108 25 0 47 0 173 115 0 0 190 18 243 255 12 225 184
    255 85 131 0 233 0 161 140 0 49 255 212 244 0 157 246 0 182 245 85
    255 62 255 0 56 255 0 255 0 255 255 0 57 220 255 37 255 255 131 243
    255 237 105 249 10 165 56 33 63 0 74 3 111 219 238 104 36 255 138
    187 241 37 201 0 101 89 95 75 0 190 255 184 0 0 210 199 0 79 2 237 0
    0 126 134 107 255 197 0 255 10 129 255 6 167 84 255 190 0 98 65 116
    222 124 216 69 154 38 144 208 255 104 194 62 0 228 255 19 94 0 0 0
    59 0 0 216 220 5 226 255 255 17 48 91 155 255 0 196 39 240 0 13 15
    220 0 193 0 61 0 158 222 64 54 77 63 10 11 171 61 206 28 45 240 37 0
    194 159 231 255 255 245 42 0 0 235 82 140 232 27 255 166 220 150 87
    19 255 13 0 145 0 252 152 160 40 0 255 81 236 162 102 94 92 255 138
    76 196 203 82 202 255 255 32 0 201 171 255 0 0 255 209 0 255 0 255 0
    52 81 176 82 0 187 180 244 255 192 120 255 80 213 0 0 0 69 141 128
    133 214 181 0 0 17 255 0 168 255 137 255 46 0 203 61 204 99 36 0 255
    255 255 0 66 0 152 255 0 66 65 179 18 0 180 0 0 255 113 178 145 36
    255 121 242 147 82 221 0 150 225 189 255 30 10 255 207 51 0 255 255
    227 80 168 255 109 131 255 255 57 60 255 136 184 202 220 33 66 52 0
    224 97 250 211 0 211 255 255 31 255 75 192 63 129 0 255 224 0 96 75
    0 0 255 124 0 56 79 47 130 255 255 112 255 33 4 0 205 156 11 255 169
    229 27 255 0 148 0 255 43 0 232 52 255 255 193 0 82 255 54 0 21 209
    13 10 207 133 188 145 255 236 119 135 210 0 15 255 79 0 255 255 38
    10 22 107 133 182 150 103 0 255 4 113 255 76 61 219 110 202 221 28
    68 142 18 74 138 106 117 36 28 0 217 0 175 255 212 223 101 0 0 155
    121 64 117 105 42 255 62 232 35 255 96 182 201 0 128 255 0 30 255
    255 0 2 153 184 255 140 0 242 255 87 245 63 142 63 44 255 0 0 255 21
    43 93 0 192 158 0 74 0 255 151 255 255 196 171 135 0 255 198 0 163
    230 131 255 131 177 255 179 255 5 83 124 44 234 119 205 197 255 74 9
    231 45 0 151 167 160 225 131 119 72 13 255 208 57 255 0 205 212 53
    245 255 36 207 0 255 0 229 150 0 0 220 0 1 255 176 160 78 206 255
    255 150 56 205 202 189 20 89 63 0 0 44 99 23 255 229 158 255 127 0
    237 80 0 196 0 0 73 103 31 255 0 236 123 106 212 102 251 222 141 255
    153 79 255 137 226 255 238 88 28 167 254 0 231 0 35 0 0 226 0 202
    235 255 255 178 55 255 0 0 54 0 2 80 255 0 202 136 255 255 209 255
    227 218 111 184 32 246 255 141 87 0 0 255 180 0 31 252 46 0 0 0 0 91
    12 255 159 83 221 98 26 191 33 255 131 255 234 255 255 255 156 158
    197 0 0 137 1 66 255 0 53 243 37 239 255 160 255 141 180 152 0 240
    243 255 255 201 58 233 0 28 255 182 121 71 255 177 0 27 255 247 21
    146 5 215 131 32 76 0 0 214 246 229 86 193 8 14 49 53 73 79 164 255
    87 174 206 0 255 173 136 255 26 129 253 191 255 229 0 151 255 255
    255 26 255 220 109 107 38 37 208 225 76 255 255 255 105 30 255 0 102
    161 174 183 255 255 0 23 36 29 202 0 109 237 45 255 255 30 165 0 208
    225 0 72 131 0 160 0 41 65 255 0 255 178 255 0 0 255 94 239 0 97 0
    49 217 0 72 235 190 0 255 19 174 79 0 158 236 248 8 219 255 0 255 37
    141 218 57 255 255 220 195 193 196 33 255 61 255 208 210 25 0 255 0
    239 238 255 0 227 179 58 85 68 39 75 55 255 158 189 108 104 200 193
    0 147 255 192 136 0 255 0 26 99 0 75 0 122 158 255 26 158 245 224 0
    229 218 0 0 57 242 225 0 255 255 185 48 255 162 227 0 68 255 1 67
    255 56 104 0 223 211 255 209 245 187 49 0 255 108 37 134 206 0 136
    217 255 97 255 131 0 255 252 115 223 194 72 225 0 239 242 0 23 0 34
    104 255 161 0 154 186 0 0 0 222 67 0 0 0 0 194 52 125 101 255 188 74
    61 216 169 231 255 116 0 0 255 99 117 55 0 0 191 137 203 255 116 238
    79 192 62 223 3 0 108 178 203 0 23 255 49 255 90 191 18 0 255 93 0
    255 255 72 0 255 83 255 0 117 107 255 0 255 93 235 0 0 184 255 0 149
    255 0 148 0 138 156 221 255 174 0 0 0 253 68 105 0 253 0 136 167 108
    17 255 255 216 0 255 149 0 0 0 0 217 231 202 15 52 255 0 0 255 0 198
    58 8 115 0 255 0 57 0 49 0 64 27 255 75 157 208 255 0 255 172 64 255
    92 117 56 203 58 218 0 205 255 138 0 0 2 0 43 199 96 0 213 87 106 65
    31 88 199 7 255 255 135 40 14 54 0 186 114 197 255 145 40 195 202 21
    196 142 0 255 0 229 255 255 0 169 111 165 255 146 224 144 197 220
    164 114 210 220 170 0 0 172 0 119 165 255 255 19 0 121 255 181 255
    202 245 201 138 255 180 255 61 68 0 0 255 247 0 255 255 138 36 221
    71 13 249 141 222 89 255 255 0 255 255 0 255 53 13 255 125 218 80 4
    205 139 255 0 168 255 0 118 255 116 37 233 82 47 193 0 15 0 253 242
    255 97 86 76 9 208 0 37 39 59 208 165 25 157 255 239 253 255 212 211
    47 1 255 208 131 241 12 255 194 0 0 157 255 63 0 255 48 0 0 33 79
    200 74 152 48 0 0 140 0 255 255 89 0 19 86 132 237 255 255 255 255
    210 172 255 118 0 133 146 0 170 255 255 0 238 228 157 255 155 47 255
    103 0 154 98 19 126 91 72 148 0 0 164 13 251 0 255 166 194 0 255 6
    255 21 139 192 0 181 251 117 118 153 189 67 96 255 115 44 102 133 0
    0 0 0 255 0 0 142 255 145 0 255 52 87 255 255 191 30 24 234 162 12
    145 0 255 170 216 71 73 255 81 255 255 255 255 70 182 161 255 154
    255 127 163 255 0 0 182 49 230 160 58 255 94 255 97 255 0 17 70 0
    184 202 115 80 0 222 172 255 102 72 29 255 0 255 255 218 59 236 211
    52 48 0 247 84 197 96 83 136 255 255 72 89 250 51 255 255 0 255 67
    255 225 28 255 255 255 255 121 18 187 237 138 184 77 0 142 0 255 255
    0 101 241 64 102 167 154 17 251 55 255 22 8 0 255 195 255 68 196 108
    75 195 149 105 0 165 179 0 153 255 255 221 25 156 255 73 229 255 247
    0 0 0 174 40 11 120 26 217 0 0 255 59 0 206 143 0 167 64 243 50 255
    255 133 201 255 55 0 255 31 68 82 241 0 80 153 0 255 120 236 255 255
    255 255 62 137 255 216 171 198 0 6 196 153 52 0 169 0 83 22 0 255 0
    57 251 28 43 255 106 253 211 255 58 255 32 216 205 255 255 59 163
    236 191 151 210 255 255 255 19 14 214 255 56 255 181 57 53 0 0 22
    144 194 255 0 207 255 201 113 6 141 0 0 182 83 0 152 232 255 243 41
    73 37 143 66 145 73 0 255 46 42 61 244 0 74 90 105 0 255 255 8 255
    35 80 113 147 218 17 211 244 165 54 176 255 90 182 255 255 0 0 255
    46 64 255 0 255 255 64 85 0 229 222 255 195 0 215 95 206 112 86 249
    100 64 203 0 137 253 154 245 87 255 178 2 255 255 73 0 146 0 0 164 0
    255 232 0 255 0 28 135 254 0 255 184 201 85 93 0 255 72 255 0 106
    133 0 246 62 0 17 45 255 156 198 71 220 72 255 3 255 235 40 0 255
    255 255 116 255 29 166 93 83 194 0 223 43 255 255 255 82 0 0 255 186
    242 111 251 6 0 255 255 0 255 254 93 56 100 255 0 232 185 234 79 191
    11 255 0 0 152 201 255 255 89 208 68 188 242 171 250 255 68 0 0 246
    255 0 0 255 86 0 60 195 0 42 255 161 245 118 0 167 34 131 116 176
    177 8 244 255 7 231 255 0 0 74 123 34 255 200 108 106 214 43 204 89
    59 167 149 47 159 82 0 105 0 171 112 234 14 254 223 0 157 62 182 28
    131 212 110 8 64 84 6 22 255 25 124 255 255 255 168 107 0 105 26 124
    206 50 173 75 119 197 19 126 160 195 129 219 0 255 37 210 255 179 98
    175 108 255 190 56 243 34 41 131 0 240 32 26 0 106 193 255 35 234
    147 203 62 195 75 124 156 255 121 0 252 164 0 11 0 247 44 0 244 140
    255 196 92 255 255 0 68 255 93 154 187 227 0 255 77 169 151 0 255
    193 0 143 4 122 255 255 99 250 158 114 255 4 0 102 255 27 0 149 0
    190 109 15 174 25 127 4 195 37 24 0 146 193 0 5 30 106 77 55 117 98
    10 255 202 156 238 53 110 17 255 171 213 0 228 0 110 158 255 86 179
    40 42 0 137 6 0 0 167 212 255 0 225 193 0 79 107 44 176 160 9 255 0
    7 128 57 221 0 0 0 161 168 112 255 151 178 143 255 0 0 26 0 215 153
    134 255 0 0 22 0 19 0 79 193 91 9 255 255 0 21 110 151 255 248 0 255
    61 212 0 255 40 20 112 0 255 255 0 38 75 0 0 0 190 86 4 255 20 9 45
    139 174 10 128 212 0 0 143 255 166 18 17 255 247 0 255 255 255 19 50
    255 255 210 222 183 0 21 0 9 166 58 255 26 209 68 255 0 0 236 0 0
    255 255 0 188 182 0 0 0 255 7 70 107 0 4 0 255 196 255 0 130 168 133
    243 102 255 0 0 24 0 186 0 93 255 132 187 0 46 255 255 255 0 0 28
    186 31 209 4 247 76 167 162 203 80 122 25 0 234 0 255 255 8 142 44
    255 197 134 255 0 255 166 60 0 218 179 74 91 147 154 67 216 52 255
    62 0 15 0 156 213 92 0 57 255 101 255 31 0 26 255 219 112 14 0 84
    255 255 34 0 0 0 175 156 255 102 93 68 75 163 46 0 158 0 52 255 0 17
    51 26 163 113 156 255 255 10 255 255 244 18 224 134 255 255 255 255
    113 91 238 7 0 255 30 55 231 133 224 0 0 195 113 40 18 23 255 132
    152 135 196 38 252 241 0 248 190 97 178 155 38 54 0 255 21 0 92 173
    0 0 255 92 29 132 149 89 48 0 39 0 108 153 94 95 0 85 74 255 210 181
    145 0 191 0 209 5 75 0 32 17 12 111 225 0 0 154 0 255 152 70 0 255
    57 0 0 255 75 122 0 124 204 0 10 255 0 0 255 0 103 199 0 0 171 0 156
    151 0 147 145 0 249 255 186 255 255 209 155 128 255 216 147 255 126
    255 134 113 255 255 208 255 160 255 51 20 0 194 52 0 38 255 52 176
    233 255 4 27 56 171 19 163 100 18 255 63 94 255 255 53 152 247 78
    255 247 90 219 93 255 85 229 113 0 244 225 235 255 216 0 0 202 187
    240 255 151 255 0 0 102 0 225 0 11 0 0 181 255 126 8 248 141 150 101
    110 0 247 255 255 151 0 155 241 237 83 0 41 97 29 255 21 121 226 255
    248 255 113 255 241 33 124 255 218 114 79 47 220 73 115 153 241 117
    255 243 217 255 97 149 231 186 255 0 69 180 149 0 181 33 55 254 229
    255 8 221 218 0 182 0 45 255 168 13 255 249 243 127 251 68 18 143 12
    44 233 135 162 255 223 117 0 0 15 0 171 255 0 255 255 79 212 124 109
    255 167 136 241 255 255 0 0 237 0 101 190 244 255 57 80 242 255 0
    225 184 0 20 99 255 156 255 255 163 189 159 255 0 0 57 255 0 70 5 0
    72 183 179 154 0 255 0 0 0 0 42 0 45 36 255 130 0 0 0 190 154 134 0
    255 0 0 0 60 212 139 59 188 150 204 0 255 103 0 0 210 213 0 255 255
    174 0 39 0 255 0 0 255 255 143 255 8 255 136 158 74 0 218 244 255
    172 255 255 0 41 97 9 244 241 77 255 255 58 204 0 121 216 25 0 0 183
    0 0 222 64 116 255 255 255 245 166 255 205 225 132 255 215 0 234 220
    220 1 255 94 232 161 20 4 255 7 184 94 49 224 65 86 6 0 255 255 104
    255 111 0 85 255 241 201 181 56 224 101 29 107 116 0 85 137 209 255
    158 36 156 227 53 59 0 150 255 249 159 255 243 0 93 138 0 255 14 255
    228 255 0 241 96 121 240 255 134 251 66 255 255 255 0 255 237 255
    169 246 0 93 151 10 255 1 170 0 158 83 54 0 99 135 57 255 216 39 255
    0 211 125 29 0 11 14 150 27 0 165 255 0 255 152 226 88 0 210 112 55
    221 14 255 0 24 245 255 0 137 255 188 255 37 255 255 192 138 255 0 0
    213 7 200 109 0 89 63 243 106 0 237 89 22 14 0 255 211 255 132 121
    255 5 255 167 22 0 30 173 219 216 23 0 0 78 47 118 255 144 0 180 255
    15 101 208 0 0 138 0 178 87 0 0 0 73 0 225 255 67 151 28 236 248 11
    121 255 101 144 0 255 255 0 80 255 255 215 0 0 70 235 244 0 84 25
    255 0 0 110 0 123 0 255 45 14 128 255 66 149 255 218 240 49 66 0 47
    255 0 29 54 255 0 255 232 185 83 0 229 72 255 255 132 24 17 200 0
    222 0 238 85 128 0 255 189 127 50 255 178 45 183 146 100 141 2 106
    155 0 128 0 192 150 255 73 83 19 83 187 245 89 49 225 227 0 255 240
    232 0 219 254 0 0 0 64 75 200 0 163 205 188 167 6 83 175 69 70 210
    31 25 0 40 13 161 0 115 134 215 235 77 238 27 37 0 0 185 247 67 104
    125 255 132 0 255 132 0 235 237 0 161 255 234 1 118 255 255 255 255
    195 44 46 255 19 255 199 142 163 6 115 0 103 255 0 209 0 255 158 255
    158 62 255 120 199 48 149 0 38 129 255 0 255 32 110 223 0 234 126 38
    255 96 138 23 60 0 0 91 255 255 0 175 0 255 0 50 177 255 72 217 248
    255 255 211 184 52 57 255 255 187 251 45 245 44 233 0 255 255 33 67
    238 142 153 255 136 144 73 38 67 52 0 114 71 0 124 255 161 255 255
    235 97 110 0 0 125 255 115 255 134 75 74 255 37 0 72 25 28 0 69 130
    0 239 191 210 0 160 129 84 152 0 173 134 141 229 40 5 238 0 207 255
    0 255 255 255 214 133 255 235 222 243 237 237 88 255 107 176 186 217
    215 75 63 255 217 54 64 242 255 255 226 255 105 255 0 0 85 44 78 94
    0 255 78 194 255 183 13 255 214 168 78 0 235 57 146 242 214 142 255
    190 149 255 255 0 7 125 0 9 255 163 220 174 255 19 255 255 232 0 6
    126 237 255 255 159 176 0 221 0 0 65 87 0 0 91 255 220 209 22 255 0
    255 255 0 235 0 255 238 151 217 32 255 31 0 160 0 212 0 193 24 63
    255 85 80 255 195 5 0 167 255 100 90 50 17 158 176 136 255 92 0 255
    255 45 15 30 209 0 140 255 133 0 12 255 255 140 210 127 217 106 76 0
    255 26 255 130 216 255 156 19 222 255 255 224 255 0 70 255 205 98
    248 101 146 161 255 91 0 176 235 0 0 0 208 31 161 67 0 249 0 102 25
    0 255 255 84 107 116 255 226 40 198 0 255 69 116 208 255 182 102 57
    113 0 0 255 255 240 205 183 70 163 114 253 60 1 192 255 191 116 81
    191 114 0 248 24 0 80 149 234 60 117 255 48 255 247 0 196 255 37 0
    255 188 255 0 255 216 100 255 0 255 0 255 108 168 242 85 150 129 0
    14 205 170 255 60 98 0 230 255 152 198 148 3 16 0 255 149 0 255 0
    255 0 227 101 100 245 126 128 0 170 104 210 47 255 63 0 128 17 255
    255 47 239 0 108 201 255 109 136 6 140 222 133 255 154 255 183 241 0
    255 157 255 255 136 59 0 231 255 207 240 0 229 0 253 0 0 255 255 82
    0 161 62 222 255 142 54 57 248 255 0 255 0 196 241 0 93 172 141 0
    255 185 131 169 255 162 237 125 0 178 62 255 0 255 255 19 255 185
    255 0 0 42 166 0 255 58 38 0 255 44 83 0 47 255 241 82 255 214 0 200
    255 27 255 189 0 132 0 0 99 0 136 81 51 84 74 255 255 255 184 40 146
    255 166 255 17 0 130 255 223 0 192 255 255 247 116 156 222 230 0 137
    255 175 0 255 183 38 152 129 8 161 32 169 255 96 184 74 5 197 69 163
    30 0 89 206 255 186 0 3 181 154 232 0 34 0 64 88 0 51 255 0 0 255
    255 216 204 255 255 0 36 146 105 0 158 151 255 171 255 210 255 0 157
    208 182 141 22 0 80 0 0 216 224 152 174 0 68 0 88 0 190 0 255 0 255
    84 255 0 158 89 0 10 196 52 255 255 207 28 210 111 255 0 120 28 19
    190 191 31 0 175 255 97 255 255 190 255 59 255 0 255 0 255 25 43 255
    146 147 50 164 160 147 197 116 29 231 153 28 102 0 149 45 255 255 28
    161 169 0 0 255 198 201 82 255 200 0 40 111 244 157 0 170 2 199 255
    185 182 255 255 106 0 47 245 127 108 184 255 220 103 148 201 0 255
    39 255 242 175 255 249 255 236 228 174 0 0 0 0 0 146 102 46 91 175
    255 0 160 255 0 0 213 0 255 0 223 229 0 194 48 0 200 200 9 0 122 50
    255 137 207 230 77 228 255 90 210 0 230 255 255 74 171 0 0 165 255
    255 47 168 255 0 255 255 118 224 255 255 110 238 0 255 0 255 255 0
    100 251 0 162 86 84 0 0 0 253 0 96 36 255 255 243 0 0 255 255 64 109
    0 0 221 13 0 0 0 200 0 201 0 0 203 255 154 255 15 0 255 159 0 171
    255 53 106 22 220 0 101 0 225 40 83 133 199 239 44 203 27 6 255 8 0
    10 67 234 210 200 5 155 126 255 255 255 91 99 0 10 220 192 120 64 2
    255 0 255 255 40 172 0 0 255 94 249 163 134 255 200 0 255 255 241
    240 128 234 35 107 50 255 71 197 42 186 161 136 255 221 109 156 212
    119 150 255 81 228 230 0 78 252 255 0 192 255 0 14 255 141 139 63
    255 0 255 255 207 29 255 255 255 0 251 255 0 30 121 255 255 57 255
    107 2 255 0 50 0 71 255 0 255 209 0 0 147 255 131 200 255 85 85 159
    0 48 0 0 255 32 0 206 231 242 83 164 255 181 223 255 0 255 133 0 167
    0 140 231 188 161 0 141 43 169 161 0 88 190 0 107 58 255 206 61 198
    124 165 255 255 81 112 26 255 255 0 49 255 172 59 233 193 255 248
    137 255 219 229 21 0 156 80 90 118 47 73 218 160 77 255 181 0 252
    148 0 86 158 179 17 162 81 255 30 255 53 255 117 50 22 242 0 0 61 92
    0 79 0 60 0 47 115 106 163 80 172 0 255 99 121 0 255 255 0 255 83 38
    62 255 210 215 67 252 87 206 58 192 0 255 28 240 0 77 255 135 126 0
    10 226 182 97 128 148 0 165 255 0 209 60 255 14 48 255 34 195 31 145
    0 146 0 255 0 0 72 201 255 20 255 0 230 255 39 53 255 0 190 50 243 0
    85 29 136 197 166 255 0 255 125 192 35 255 0 26 255 134 207 0 0 30
    157 255 0 255 15 48 0 2 127 137 0 13 96 104 156 255 255 0 47 49 255
    87 239 1 24 255 200 0 203 162 255 9 196 237 188 237 111 255 144 73 0
    255 0 205 62 219 0 0 96 70 63 249 255 204 66 25 124 255 255 124 9
    253 143 187 0 0 255 172 60 0 255 77 255 255 42 62 255 151 126 255
    250 237 0 10 51 198 255 255 41 255 0 0 113 205 255 73 4 213 197 74 0
    113 0 3 39 37 96 42 220 0 137 255 127 68 234 0 255 255 88 209 142
    254 233 255 255 201 154 255 0 152 129 0 0 91 4 51 41 24 67 0 255 17
    183 30 185 255 255 202 246 255 113 12 55 255 172 0 255 0 251 184 43
    40 230 195 0 255 147 118 0 152 255 0 69 255 0 62 20 255 255 105 4
    142 255 0 255 255 0 155 63 211 88 185 86 255 201 138 216 0 6 197 255
    8 255 199 255 0 9 126 107 255 0 223 149 255 255 62 51 255 155 255 34
    255 0 122 0 169 180 100 0 255 255 0 232 118 255 83 255 222 255 184
    25 109 255 53 135 0 255 255 0 24 0 0 0 40 0 255 22 255 62 43 255 120
    192 255 32 236 0 0 60 26 0 186 52 65 255 0 255 0 133 66 0 63 223 16
    156 0 0 10 204 76 215 239 255 72 144 173 255 255 218 160 157 187 0 0
    255 4 91 0 255 255 255 255 170 133 0 255 227 189 255 107 53 211 193
    49 107 33 135 139 168 0 163 0 39 0 255 242 0 0 191 132 0 69 0 22 0
    255 135 35 157 201 18 24 169 223 4 6 207 18 0 138 170 155 0 184 0 0
    106 194 136 0 82 255 0 76 93 50 42 122 139 178 232 255 184 51 192
    167 255 115 136 0 181 30 223 130 69 0 255 0 255 59 0 246 0 213 97 0
    47 0 208 124 179 117 0 255 23 0 66 1 203 255 29 255 254 126 108 154
    189 36 13 255 212 9 255 255 5 46 169 238 108 0 0 41 61 255 223 2 185
    47 92 255 0 209 233 79 101 255 17 209 232 0 150 53 206 255 225 221 0
    134 255 200 203 60 121 172 193 0 0 0 255 153 255 187 0 202 122 83
    205 244 174 222 0 0 254 214 122 150 255 0 88 56 1 255 155 0 255 6
    255 40 0 193 236 178 56 0 0 255 0 0 255 50 239 78 58 255 126 33 121
    48 255 255 0 163 191 156 0 0 173 0 145 32 94 119 213 1 27 219 0 97
    255 0 45 0 64 149 207 255 18 61 89 202 0 66 255 182 132 226 0 239 0
    255 162 35 136 64 203 0 98 0 0 162 224 82 140 0 255 58 0 255 255 0
    86 60 244 255 0 53 0 148 255 167 120 100 85 0 103 28 80 135 19 230
    211 0 244 5 30 236 255 183 178 231 27 255 55 106 62 255 0 202 153
    140 30 74 255 247 121 16 19 102 25 82 216 149 255 46 195 255 0 228 0
    172 255 22 209 62 68 190 241 170 107 230 79 202 255 0 49 0 0 255 255
    209 255 174 4 217 102 53 255 213 148 0 53 34 222 145 0 0 0 255 0 0 0
    15 202 27 0 255 68 24 0 48 148 255 187 207 0 0 255 16 177 236 149 70
    0 255 210 0 178 0 252 112 0 0 0 255 216 190 0 11 219 255 229 246 173
    255 123 179 0 114 3 1 176 96 158 0 0 115 167 0 175 111 193 255 95
    197 114 209 56 255 177 84 255 0 221 255 61 41 119 252 228 122 165
    255 164 0 165 157 88 52 210 0 77 0 255 90 1 0 17 214 225 113 0 6 167
    0 255 0 200 61 184 0 0 231 0 0 53 255 52 255 255 0 70 236 0 131 0 61
    46 96 201 0 34 243 255 246 84 40 155 13 102 0 72 0 0 255 135 0 79
    255 223 114 149 191 0 187 16 78 255 154 255 87 29 38 222 193 44 255
    162 91 9 99 85 0 0 166 160 124 0 250 208 255 200 211 129 0 83 0 0
    255 0 0 164 227 0 0 18 2 49 255 68 0 255 133 0 255 85 187 99 111 0
    148 0 0 214 193 82 255 115 101 249 23 208 230 6 51 192 0 255 102 153
    0 80 255 39 130 151 91 228 122 194 117 255 31 230 129 0 3 255 17 0 0
    72 255 0 0 255 203 57 0 0 255 0 0 66 117 0 59 60 233 255 220 255 23
    0 255 120 148 205 68 255 0 89 148 0 210 219 117 245 188 255 0 76 121
    0 255 48 255 255 224 131 255 255 255 102 112 217 0 205 0 225 203 78
    111 134 55 173 180 12 102 172 112 255 0 20 174 57 0 0 0 0 243 0 251
    255 255 251 0 255 0 64 255 0 0 0 237 255 255 80 234 255 255 0 198 0
    229 0 13 138 255 51 76 120 5 237 255 117 126 0 57 255 212 255 255 92
    242 190 133 0 52 153 152 133 90 255 255 36 99 60 143 34 255 255 185
    0 162 157 247 0 0 122 28 224 138 30 145 15 255 246 80 255 0 0 255 9
    0 255 79 152 247 116 0 0 83 69 255 65 223 255 45 193 96 51 71 255 0
    0 0 30 53 122 154 138 124 255 0 0 0 169 63 59 185 30 0 0 75 255 255
    121 145 45 170 255 255 202 0 227 205 0 178 134 236 209 23 40 150 63
    89 152 255 78 193 8 71 255 0 102 187 74 1 122 193 255 236 205 73 251
    0 255 96 48 74 122 136 165 134 126 0 74 245 220 253 0 43 36 219 32
    250 0 223 157 16 255 86 247 174 44 19 255 84 255 145 115 255 180 154
    50 11 89 187 255 151 219 112 0 255 255 174 99 67 111 8 0 255 33 42
    112 100 245 0 0 170 181 0 253 255 32 251 0 181 25 156 0 209 33 0 255
    193 183 87 122 255 0 255 0 0 48 0 190 8 44 116 25 245 128 202 0 79
    168 0 182 0 239 181 27 0 255 253 96 81 255 229 255 96 255 46 0 255
    95 169 238 0 0 255 0 255 255 0 139 33 142 235 170 255 173 0 0 154 0
    228 237 187 0 201 255 56 172 57 255 255 0 148 235 219 255 43 115 0
    198 28 210 129 0 104 147 108 136 0 233 0 94 0 255 113 57 255 255 234
    115 255 33 0 83 63 0 0 201 255 255 0 0 183 141 0 0 0 139 160 47 0
    194 178 26 194 206 255 255 106 80 0 255 0 174 0 192 118 255 255 0
    255 255 119 72 223 0 20 98 172 0 255 0 255 255 238 255 255 132 219
    127 62 255 189 0 255 0 66 252 42 63 255 24 68 29 255 147 105 0 184
    200 0 255 141 191 255 116 19 78 29 188 84 124 22 202 255 149 18 60 0
    0 255 151 217 74 255 8 59 166 59 5 76 34 194 91 234 33 1 255 255 65
    79 255 217 0 148 0 109 134 0 255 0 195 114 117 152 72 102 255 145 0
    128 105 40 255 132 30 127 65 133 240 141 255 22 255 126 0 0 178 96
    18 57 0 255 255 239 131 231 255 77 255 88 0 209 217 0 0 192 203 120
    0 130 74 68 255 12 205 186 0 255 8 145 41 220 255 224 13 255 152 77
    0 198 0 0 136 255 0 136 23 215 10 0 134 159 131 136 0 255 229 123 0
    188 0 118 71 3 0 79 0 0 255 188 203 246 0 210 162 255 131 172 255 0
    83 50 22 94 145 89 111 231 0 98 164 87 0 153 126 23 255 56 174 43
    207 84 0 0 255 255 37 168 124 180 255 208 0 219 146 0 0 255 248 213
    10 147 81 50 142 255 244 255 255 104 255 251 0 255 255 80 0 79 238
    255 0 42 15 0 141 254 255 169 192 214 0 226 167 39 111 0 255 0 199
    154 193 243 32 143 220 255 0 8 187 249 255 0 78 255 255 255 119 27
    179 0 18 255 0 11 255 115 174 73 0 255 206 255 24 0 255 185 0 33 35
    255 221 32 255 255 130 250 156 0 188 147 97 186 153 168 122 32 58
    255 0 0 98 233 0 66 255 225 211 124 216 141 0 160 0 0 0 0 255 0 200
    12 222 179 255 0 24 188 0 0 250 44 128 162 0 255 3 0 26 255 164 30
    222 255 103 202 94 159 255 212 0 211 255 255 144 28 27 255 159 0 243
    62 59 0 0 0 83 0 0 255 115 224 239 159 255 91 64 81 130 255 28 73
    255 74 132 168 255 0 74 63 131 217 6 106 255 51 255 45 76 0 56 243
    195 67 251 0 175 243 255 5 255 76 11 97 43 166 0 175 255 77 233 137
    143 255 47 57 73 13 187 255 212 0 255 255 0 91 217 255 244 255 140
    176 47 171 103 173 192 255 80 172 116 255 255 49 63 255 111 0 194
    255 0 142 68 148 137 34 255 255 255 185 114 255 255 112 32 47 237
    255 65 146 208 255 137 189 0 203 255 46 255 174 237 172 156 0 0 0
    255 88 0 214 192 127 200 0 232 0 185 255 8 0 108 153 155 255 0 116 0
    0 0 218 74 0 93 191 1 246 72 193 0 152 0 104 0 216 255 202 79 231
    234 243 0 0 115 243 165 131 0 236 255 101 133 39 143 255 16 0 71 255
    0 0 174 104 0 123 0 79 255 53 0 0 13 0 0 5 228 255 133 0 199 206 115
    255 52 242 205 244 55 53 201 101 0 0 16 255 153 37 61 59 176 0 53 45
    182 249 255 64 193 86 187 81 0 15 128 0 108 29 76 218 206 40 0 90
    198 200 130 127 226 255 133 79 171 62 123 68 5 191 0 89 242 92 0 255
    68 255 253 179 160 208 242 255 0 255 255 159 255 58 229 255 41 0 240
    255 255 49 86 186 170 225 108 15 255 175 255 0 110 0 140 212 130 116
    3 0 229 0 170 189 255 255 173 106 105 144 255 232 50 255 11 64 255 0
    150 162 56 0 0 40 255 51 255 180 0 169 198 73 0 0 110 255 105 156
    255 142 255 17 69 0 0 255 227 255 225 255 255 217 255 118 155 159
    192 253 0 167 4 0 167 0 255 197 109 255 121 92 0 255 255 0 145 101 6
    246 0 166 41 0 180 107 255 0 255 208 255 0 175 23 253 165 56 0 0 135
    46 0 9 176 0 234 0 211 255 148 110 255 255 218 0 0 0 85 0 0 61 161 0
    185 0 0 255 0 73 219 121 77 74 141 122 255 235 0 227 0 40 238 147
    255 0 192 255 0 0 255 255 0 255 88 146 0 231 91 66 255 155 0 12 141
    92 97 0 45 240 198 0 222 249 238 77 0 255 255 249 255 0 108 96 255
    157 180 80 62 0 109 173 0 0 222 255 45 171 10 17 228 95 163 69 184
    255 221 0 255 65 229 123 54 255 210 0 255 255 255 202 0 255 90 245
    238 46 112 32 255 0 0 123 0 92 45 130 130 31 125 149 183 0 55 255 0
    62 145 182 144 0 136 0 3 255 172 255 0 0 224 221 0 142 250 255 0 255
    116 128 85 92 85 0 69 0 0 255 224 0 6 250 37 117 0 0 0 180 255 17 79
    235 0 0 122 225 255 191 152 129 52 255 80 152 26 249 0 55 144 0 255
    221 105 3 28 255 255 208 228 122 255 11 0 92 0 255 197 244 255 188
    194 255 0 255 168 10 255 101 118 0 40 199 106 255 224 94 242 34 182
    0 255 78 0 255 255 188 150 43 50 255 255 0 255 255 138 36 25 0 11
    143 0 0 203 159 0 224 77 0 165 0 105 153 48 123 211 171 237 192 89 0
    102 0 173 255 189 15 170 207 186 180 0 0 160 196 0 255 255 238 255
    106 0 177 0 255 255 158 161 60 255 60 87 122 20 178 137 0 0 0 162 47
    90 255 186 161 209 118 0 0 255 206 141 60 17 255 83 104 0 250 191 0
    0 255 2 97 0 255 255 0 255 192 232 0 255 69 117 217 61 77 239 255
    186 181 10 179 72 234 14 144 52 167 255 255 172 0 253 249 255 4 190
    0 152 79 0 46 0 255 129 212 255 255 0 106 0 63 255 193 255 0 74 255
    255 104 255 255 98 181 219 255 0 203 27 112 253 19 92 177 60 32 92
    125 119 255 167 255 129 37 255 40 34 112 158 255 76 149 79 7 80 154
    0 38 132 116 207 0 47 85 255 0 255 88 183 0 255 122 221 249 0 112 0
    0 0 255 123 132 244 255 70 0 18 255 40 255 255 255 204 19 233 247 21
    203 58 0 255 17 42 141 0 213 247 0 26 187 0 75 80 172 22 255 27 6
    238 41 10 209 199 0 0 255 0 40 255 246 59 129 30 157 0 126 127 0 0
    17 0 127 238 196 204 255 255 255 255 128 104 124 72 49 0 112 255 255
    114 76 255 54 229 255 18 255 255 173 0 25 0 76 255 255 240 105 255 0
    90 161 221 172 233 255 156 179 168 255 160 0 255 67 195 0 251 255
    117 141 150 115 96 6 74 71 37 102 151 153 255 0 255 38 31 100 217
    255 251 0 19 152 217 75 135 255 255 121 151 255 217 228 83 105 76
    255 34 98 161 86 0 0 136 0 0 9 0 87 123 0 197 56 26 0 194 0 153 58
    255 0 0 255 222 147 32 255 180 255 94 4 148 103 51 54 151 255 0 114
    10 60 255 6 162 66 146 128 166 13 232 84 0 173 62 255 200 73 249 0
    231 255 0 255 0 255 64 255 255 154 255 166 222 145 248 255 162 18
    163 255 0 71 255 113 44 0 255 185 91 172 0 199 255 122 124 10 255
    255 201 255 0 80 0 0 255 0 135 109 0 152 255 110 119 199 181 0 243
    190 0 44 255 0 212 108 41 118 155 0 247 80 73 83 160 196 23 169 37
    92 255 255 64 244 189 0 0 49 112 0 209 0 255 11 0 255 196 0 255 205
    171 0 140 255 120 200 255 243 102 127 84 0 38 8 0 255 255 68 15 17
    255 207 209 233 160 154 255 159 149 187 231 168 0 237 255 185 172
    255 255 163 127 211 0 132 127 45 0 209 30 225 255 87 255 36 0 170 0
    84 230 14 0 255 255 157 255 255 153 165 0 0 0 139 15 92 255 255 0
    226 167 27 0 0 255 73 142 207 255 183 30 199 255 205 171 136 229 103
    255 0 255 255 99 31 255 255 0 151 7 255 153 255 0 78 248 255 0 254 0
    177 2 60 255 255 213 43 255 255 11 57 18 72 255 0 47 194 45 0 216 79
    255 38 199 120 32 0 255 255 255 0 169 255 193 43 80 72 254 163 0 43
    58 255 86 255 87 58 255 206 14 15 251 82 255 164 20 255 92 0 67 162
    255 222 200 0 241 8 30 233 0 243 47 0 138 41 186 0 50 0 136 232 209
    0 247 255 255 130 163 0 191 255 255 0 201 183 34 231 255 0 76 33 255
    86 0 57 214 52 255 102 26 255 0 98 255 36 100 121 255 179 2 4 255
    224 212 89 25 29 107 247 255 116 224 64 152 255 163 255 167 180 4
    100 100 147 255 0 165 123 48 255 255 252 85 255 0 0 15 72 255 47 23
    0 156 0 70 0 2 255 0 0 255 231 137 255 255 255 255 255 132 97 0 198
    49 21 255 0 204 159 0 81 226 255 1 0 57 162 224 255 255 43 18 7 43
    14 255 155 168 66 0 125 0 182 0 29 0 163 255 97 255 185 255 255 255
    0 10 136 0 83 255 153 255 98 0 255 255 202 67 118 135 226 93 170 148
    41 255 0 96 128 167 96 147 205 170 255 81 165 131 112 0 108 214 255
    208 0 127 84 117 0 185 197 45 255 137 158 118 0 168 155 138 16 255
    255 10 0 22 255 101 0 255 199 149 230 255 130 0 16 0 229 46 60 36
    241 238 144 255 207 0 255 152 40 155 8 14 7 30 0 255 255 255 0 30
    206 0 0 0 43 135 32 53 145 0 238 87 183 182 99 217 30 70 0 131 60
    255 0 36 155 4 33 143 255 25 141 199 255 251 28 255 0 169 89 159 28
    17 0 21 29 243 255 111 255 172 255 255 112 40 191 30 37 0 0 255 18
    162 255 0 23 247 121 159 126 174 0 255 43 0 91 94 143 65 228 255 255
    207 0 67 179 53 155 154 10 0 207 255 255 255 0 0 255 109 130 207 255
    152 102 203 0 255 253 0 91 244 93 36 233 30 99 230 164 86 95 0 84 0
    2 0 255 253 0 226 27 11 121 171 0 255 234 69 75 143 180 194 203 255
    205 50 198 173 203 115 255 44 64 255 154 186 55 198 205 128 249 233
    18 228 255 0 40 255 255 0 81 255 255 0 0 12 190 0 0 0 255 199 0 239
    0 0 150 0 207 26 249 176 255 62 236 0 71 251 60 0 226 0 75 11 0 255
    117 255 255 0 255 196 194 190 77 0 200 66 255 0 0 226 206 0 187 68
    142 79 137 102 78 0 211 56 243 163 0 243 6 0 255 238 108 27 255 97
    255 130 21 4 255 233 39 31 41 0 255 4 17 159 82 160 132 255 91 75
    255 79 80 62 10 60 123 40 255 114 223 255 202 4 0 177 46 12 0 181 2
    255 192 0 219 213 126 250 225 25 255 0 115 132 255 233 0 255 255 63
    172 0 0 137 219 0 255 188 152 255 255 4 255 255 255 0 255 255 191
    251 59 255 178 81 116 33 0 255 255 124 108 139 129 144 255 210 180
    191 69 255 0 130 0 255 255 255 0 255 43 15 255 20 18 155 38 0 0 254
    0 161 147 255 0 96 13 241 0 160 255 43 17 73 97 0 34 255 224 148 255
    23 128 18 0 243 0 140 229 255 0 137 83 0 230 255 255 176 0 97 0 109
    229 136 47 0 215 141 255 233 26 52 117 0 105 0 18 194 6 255 255 48
    113 0 102 143 56 0 141 113 0 0 255 119 0 219 255 255 0 255 128 194
    255 131 0 255 80 0 197 55 0 240 134 36 213 0 207 28 115 214 113 119
    189 0 0 243 208 0 0 213 255 81 33 156 176 251 255 20 133 255 0 255
    122 0 47 249 162 163 75 137 74 255 198 138 104 109 5 0 103 217 219
    135 255 0 3 255 255 0 255 173 255 99 187 252 208 0 255 29 177 208 69
    49 255 0 0 190 255 255 105 255 115 132 24 0 59 216 0 183 139 27 255
    233 0 177 200 139 255 255 180 0 56 255 3 170 0 94 197 0 0 0 126 0 0
    159 0 0 255 120 178 24 255 44 119 255 253 135 255 48 198 0 255 90
    251 0 203 255 16 0 239 206 159 229 65 192 254 56 33 255 230 94 0 28
    146 30 0 0 176 255 208 0 255 42 255 145 255 157 106 255 0 151 230
    252 150 255 255 196 16 106 171 255 160 120 67 208 17 65 78 0 127 154
    233 235 29 225 73 168 104 255 188 182 64 73 185 0 0 255 132 255 0
    198 255 89 0 163 163 151 0 255 255 205 253 112 126 1 80 54 122 179 0
    38 208 4 167 221 21 255 0 0 3 0 0 13 43 165 244 136 19 87 0 0 255 0
    0 10 255 102 151 255 214 255 52 255 149 0 132 2 0 0 251 0 170 160 0
    0 173 21 77 0 194 255 202 136 172 169 255 255 87 255 67 8 255 144
    253 248 127 255 83 214 179 130 124 142 214 19 177 255 60 186 255 39
    0 255 0 255 255 104 255 27 117 0 0 0 89 194 0 0 0 86 0 51 56 53 255
    93 203 145 45 96 0 29 0 159 0 255 98 101 82 85 164 0 149 50 255 24
    255 255 158 197 0 0 19 141 63 0 255 205 0 78 255 149 29 135 198 0
    141 97 176 99 0 255 255 0 46 174 57 255 255 5 190 0 32 169 255 227 0
    255 0 99 116 0 43 0 0 255 255 164 97 0 115 255 50 200 59 164 90 238
    198 255 255 124 199 15 52 163 252 0 0 188 255 140 91 255 180 255 77
    255 164 132 0 5 152 78 255 159 147 0 0 255 173 51 255 54 0 255 30 30
    94 62 218 14 0 11 255 16 244 0 255 13 142 0 237 255 0 79 60 19 0 131
    255 0 255 255 51 166 0 255 255 147 99 11 167 138 139 114 255 255 167
    255 113 101 255 167 255 129 255 227 255 158 77 97 255 0 29 0 162 75
    255 51 255 80 0 255 127 0 94 0 0 255 85 255 44 241 52 155 0 255 11
    214 30 249 115 83 19 0 0 255 255 127 19 172 255 43 255 255 132 0 201
    250 220 113 141 90 99 186 211 0 0 125 255 255 255 89 0 151 0 255 255
    255 150 251 210 36 86 0 202 21 184 255 208 83 60 207 170 157 255 255
    35 139 232 0 205 62 0 4 58 138 87 0 80 0 0 154 178 255 0 181 16 0
    255 138 161 35 0 82 44 125 254 255 43 0 210 255 111 0 84 255 8 239 0
    161 138 174 27 139 139 134 0 38 179 221 126 255 113 42 236 255 62
    255 166 223 81 0 255 255 0 0 161 132 255 255 3 0 10 255 187 8 0 88
    77 167 0 107 45 190 3 4 149 0 59 255 255 255 96 43 129 143 255 0 255
    0 144 150 0 19 189 0 220 0 0 249 202 255 164 249 0 212 192 60 0 255
    197 0 255 106 0 176 237 108 255 18 24 255 235 20 191 0 0 0 229 86 0
    252 255 136 158 255 255 146 0 0 137 52 255 255 125 110 0 0 17 224
    153 0 255 232 45 182 158 231 60 232 172 3 180 0 97 83 0 168 157 208
    213 54 227 139 88 196 0 0 249 178 0 118 131 0 237 125 228 124 239
    113 138 92 255 84 255 254 218 116 126 130 0 151 232 214 45 10 0 200
    38 0 100 255 0 0 80 159 255 255 90 255 0 216 129 75 255 35 238 0 233
    194 63 226 15 226 255 119 255 38 158 192 0 255 255 191 255 0 70 42
    255 9 91 47 139 2 115 255 224 236 149 0 94 75 165 106 255 84 176 13
    71 239 102 255 255 32 198 5 227 138 255 255 255 161 255 11 149 255
    44 50 0 0 0 0 255 108 0 255 31 189 27 255 114 145 131 119 255 92 255
    106 0 255 0 255 51 160 145 255 86 117 0 107 32 141 255 0 228 255 255
    255 255 105 191 0 0 0 0 70 0 236 87 94 60 39 19 255 207 59 9 0 79 0
    187 157 161 207 255 45 0 63 4 255 22 215 0 157 155 96 23 161 214 123
    151 228 234 169 131 255 67 9 119 82 221 212 255 26 255 179 255 169
    199 158 56 191 0 255 33 7 155 138 243 91 0 0 214 253 0 36 0 54 113
    143 0 0 114 0 255 236 255 42 29 214 73 255 54 149 0 0 215 157 255
    190 149 185 0 93 77 127 18 231 0 21 255 0 40 255 73 252 138 168 174
    181 86 240 191 118 199 164 10 255 0 113 0 255 243 108 255 46 0 208
    63 0 255 255 159 255 117 0 225 0 102 130 176 64 107 109 87 255 20
    140 255 114 131 41 222 22 87 81 0 239 224 0 164 204 0 60 255 0 0 49
    0 248 0 108 97 255 76 189 255 203 105 255 0 127 108 22 152 255 246
    163 45 255 85 173 153 152 255 79 204 208 105 0 53 95 237 211 35 43
    255 121 38 255 0 255 30 255 184 156 159 37 110 0 95 49 0 255 153 0
    86 201 255 211 61 255 255 13 176 84 247 106 255 51 148 115 255 217
    149 230 111 91 253 255 157 0 0 202 0 74 25 153 184 53 255 12 228 229
    241 29 114 255 0 107 24 0 0 0 0 0 178 202 216 232 6 107 194 96 246
    255 102 12 26 70 0 68 146 28 0 35 255 99 224 0 180 139 0 83 107 0 0
    0 241 224 0 127 180 255 27 173 120 5 255 60 110 217 83 162 198 241
    196 0 59 255 237 226 255 251 150 255 255 239 255 255 255 255 204 3
    164 53 43 6 165 220 212 34 62 255 0 21 7 154 255 0 117 205 0 0 255
    255 44 255 177 169 255 121 0 0 146 255 169 255 204 205 255 255 145
    210 160 109 141 0 247 119 245 255 106 233 243 0 124 255 0 4 11 88 43
    209 255 0 0 0 137 81 123 168 255 169 255 62 92 0 0 0 255 232 77 114
    255 255 255 183 152 77 0 176 255 29 96 0 23 39 255 56 119 153 160
    184 246 154 0 0 0 175 46 255 226 0 0 221 32 0 255 82 100 38 0 0 149
    89 249 27 207 61 255 155 112 255 255 0 154 0 0 96 234 152 0 47 0 126
    252 125 138 42 244 5 226 255 208 255 102 255 255 0 0 255 210 67 255
    255 207 134 0 149 136 255 134 255 144 0 0 52 0 255 255 216 68 0 219
    96 133 205 157 255 0 0 48 56 0 65 224 0 255 255 216 255 0 255 255 0
    222 188 144 97 255 56 75 214 122 0 138 227 154 231 75 120 0 114 47 0
    0 0 96 0 155 227 0 134 43 255 255 223 137 255 255 126 219 143 0 168
    48 213 140 122 0 0 214 251 171 0 0 217 144 255 18 255 0 255 109 103
    255 0 227 226 75 226 158 0 0 0 139 0 167 190 255 95 120 0 255 0 255
    9 0 18 162 138 27 207 255 186 0 75 21 0 181 0 54 185 220 222 126 86
    95 47 0 121 188 255 16 0 228 199 77 255 255 157 120 127 234 255 0 0
    138 147 0 0 165 0 175 13 255 135 255 0 255 255 255 93 117 0 227 91 0
    41 51 255 135 0 0 220 111 0 0 180 19 148 255 152 164 255 196 0 197
    114 52 255 212 0 134 100 165 0 52 255 64 76 255 30 77 225 255 219 54
    228 255 155 62 255 168 117 218 255 255 77 255 255 175 195 255 222
    171 249 0 255 196 140 243 103 255 0 49 160 212 227 175 249 132 76 0
    206 255 5 188 226 241 148 164 255 0 248 0 0 57 255 142 141 0 0 0 159
    0 255 255 5 42 157 168 31 255 255 62 255 96 141 0 98 83 83 0 0 203
    184 0 100 226 135 255 189 85 60 0 255 255 67 108 115 255 37 0 89 9 0
    27 255 126 51 0 168 196 0 156 65 0 0 81 255 0 92 242 233 0 0 211 10
    3 77 0 0 3 255 0 255 255 204 0 20 0 0 210 0 255 0 0 235 165 69 157
    162 0 68 93 167 0 156 109 215 55 200 248 255 195 255 0 0 159 0 12 0
    0 0 21 3 41 255 75 132 255 181 246 218 255 0 120 46 255 238 157 0 54
    255 228 14 182 255 214 255 255 154 119 203 249 201 0 255 100 255 164
    160 0 0 0 131 185 183 56 79 173 35 0 25 11 0 42 0 16 6 172 0 0 142
    111 255 142 255 27 244 255 255 94 34 255 214 220 0 255 255 44 215 0
    7 169 11 255 139 0 170 0 0 77 208 218 230 177 79 255 197 255 0 7 86
    156 0 15 251 10 105 255 172 177 63 255 199 170 156 69 0 255 56 116
    255 11 205 140 0 121 0 133 255 58 1 0 52 244 0 0 24 255 255 152 204
    170 183 0 0 255 0 205 166 255 255 255 129 177 91 59 55 63 252 31 160
    204 174 99 223 105 187 125 135 255 19 202 0 175 16 21 0 243 0 245
    255 194 255 251 23 76 0 102 17 255 85 0 166 190 73 34 130 255 178
    251 118 0 255 255 0 255 89 255 81 213 0 255 42 255 255 149 22 91 139
    8 225 255 228 255 0 255 70 255 159 255 0 54 0 196 222 0 3 255 99 255
    39 65 255 0 0 160 37 151 92 193 0 255 255 0 12 168 0 175 0 210 195 0
    120 125 219 58 153 233 48 212 41 148 0 150 123 61 255 115 255 24 250
    4 30 126 0 110 16 255 14 22 222 215 137 0 41 49 0 0 188 253 255 255
    153 0 255 255 255 240 1 216 0 232 255 255 130 9 227 255 229 177 172
    255 162 0 236 9 148 0 134 247 177 189 161 0 255 255 61 246 192 190
    55 59 150 216 255 77 197 222 212 76 255 255 89 245 199 83 203 18 255
    203 255 56 70 6 36 255 240 255 0 2 159 134 0 255 198 27 72 0 13 255
    255 32 99 151 73 255 200 110 54 96 24 0 103 133 0 170 3 227 0 30 0
    211 192 255 255 0 20 164 107 28 0 41 70 142 5 119 114 132 255 102
    225 81 226 255 200 66 236 255 84 0 255 80 181 72 193 144 193 255 100
    88 255 0 255 255 0 187 255 246 112 198 94 0 0 222 36 0 170 132 30
    255 140 133 94 217 185 255 255 71 0 255 51 255 255 255 164 255 154
    164 255 0 255 177 0 57 0 0 0 255 45 237 62 47 90 255 0 207 0 90 254
    0 178 224 210 0 187 0 121 0 12 22 76 0 109 255 3 246 1 0 255 167 9
    198 0 254 69 255 8 255 255 98 140 27 105 55 207 237 0 0 0 0 61 0 255
    19 255 191 243 74 0 240 22 230 0 0 129 139 209 185 31 250 255 0 205
    177 255 182 83 0 255 38 0 0 0 77 124 0 202 0 123 84 137 58 0 18 41
    203 0 139 255 0 162 29 176 145 65 255 28 0 153 203 0 80 255 72 255
    231 255 255 255 56 31 0 255 0 0 1 27 255 153 0 148 0 222 226 158 229
    241 82 133 128 255 255 170 120 190 161 30 213 255 13 1 255 227 255
    54 76 255 100 0 65 171 235 216 255 0 122 0 192 129 0 159 33 80 213
    197 255 62 6 0 50 86 255 179 0 12 115 165 150 0 0 116 137 0 130 126
    30 113 217 255 143 128 255 255 255 97 254 7 196 0 244 255 253 0 72
    89 32 0 150 238 225 130 255 255 0 84 255 255 244 0 0 239 162 42 179
    216 91 107 218 230 129 227 255 199 233 0 255 203 149 47 3 49 196 6
    147 111 124 205 116 255 2 255 92 0 255 0 251 0 109 104 199 56 0 96
    92 29 243 119 0 255 0 255 19 123 45 0 253 0 88 224 162 255 87 0 81
    74 255 0 114 46 220 255 17 98 34 238 90 255 211 255 0 191 0 255 0 4
    255 11 199 183 151 48 143 83 251 95 239 55 255 57 79 174 255 182 186
    255 0 255 18 138 255 134 136 79 91 223 8 82 66 164 203 255 197 180
    86 243 137 0 179 65 163 139 36 77 24 102 106 148 75 255 13 229 159
    166 162 0 114 0 200 121 0 134 0 96 0 104 0 138 0 31 35 189 0 126 106
    0 255 0 154 255 0 57 141 85 0 64 41 131 129 66 77 255 255 255 46 190
    131 59 220 163 86 0 126 255 82 9 255 239 178 193 255 187 255 255 182
    227 207 180 101 0 137 110 80 255 118 19 216 151 185 0 90 151 94 255
    30 170 156 0 98 0 9 0 159 147 29 204 58 84 64 189 0 0 0 0 128 220
    244 125 219 221 253 76 104 77 153 0 0 35 0 0 5 244 231 85 0 173 121
    255 196 103 35 255 255 253 255 147 255 211 255 44 0 0 229 0 223 255
    255 255 255 97 200 0 0 50 41 0 255 219 99 0 2 224 56 43 196 153 46
    245 126 255 182 0 222 151 214 59 103 214 229 0 60 0 0 92 129 239 254
    0 255 1 49 139 201 222 183 95 0 133 0 245 166 0 0 1 191 87 168 255
    80 206 108 150 169 192 255 218 246 182 255 0 173 82 192 255 34 68 38
    255 40 98 165 0 255 219 255 177 216 248 153 255 182 127 10 255 197
    180 0 168 19 12 0 233 33 0 84 255 0 172 0 127 61 71 133 68 170 152
    158 255 250 127 197 0 56 255 20 90 255 0 0 0 79 135 230 255 65 40 12
    16 137 255 98 53 220 177 213 176 84 44 0 255 103 230 84 95 83 245 0
    140 54 0 0 182 0 146 171 132 118 0 117 255 113 192 154 67 0 0 17 78
    215 180 89 0 254 221 215 0 93 170 33 145 0 255 70 0 255 0 0 0 219
    110 0 28 255 64 255 0 236 182 0 182 0 0 217 199 255 94 255 255 235
    72 0 31 129 225 230 0 0 0 0 112 0 48 255 44 255 255 101 255 0 255 95
    185 0 205 33 222 17 249 255 27 173 37 222 148 0 98 72 86 0 255 115
    255 41 0 216 206 0 255 72 71 102 58 255 0 255 71 254 177 255 68 42
    120 19 0 151 0 255 255 234 1 40 255 247 82 188 238 233 255 119 10 0
    41 128 0 0 251 103 0 0 121 225 52 236 255 40 157 0 173 0 177 133 39
    0 255 61 182 168 236 0 255 52 140 120 255 154 154 38 51 124 0 242 0
    225 226 19 204 226 15 202 164 163 58 0 255 76 0 59 145 91 151 255
    255 40 0 255 169 0 0 224 0 0 136 244 0 0 255 21 195 0 236 81 156 190
    0 50 7 255 0 202 237 126 0 0 239 245 0 255 122 97 230 53 181 225 0 0
    239 37 255 64 3 198 255 255 234 155 129 176 92 255 0 79 80 0 209 200
    61 105 0 109 255 122 170 80 255 111 255 255 159 189 35 13 239 117 88
    0 255 23 0 255 0 202 101 217 18 229 79 255 255 197 96 131 62 251 255
    236 233 0 178 255 143 165 0 0 2 90 79 162 10 155 0 255 0 84 168 0
    185 211 255 255 115 92 149 255 255 113 237 103 110 0 255 255 255 23
    194 146 110 92 13 255 0 180 172 255 0 240 255 255 0 5 70 0 0 255 147
    50 255 255 0 255 24 0 0 176 22 0 255 109 241 0 234 0 112 9 81 0 255
    0 103 217 197 85 232 255 255 0 153 0 255 208 255 0 255 20 196 0 138
    121 0 222 246 85 0 255 106 255 255 40 0 127 0 102 255 0 255 255 0 19
    175 0 0 3 96 0 125 44 192 0 219 42 255 255 231 255 0 255 141 152 255
    255 61 255 100 45 95 108 4 188 71 217 67 0 255 254 218 255 255 82
    154 255 59 170 247 0 0 255 255 0 229 193 214 154 0 255 197 0 224 255
    203 29 219 173 255 120 9 0 0 255 0 130 162 10 40 114 255 49 118 255
    233 23 76 181 169 235 0 203 167 20 11 127 38 0 255 245 173 22 255 55
    161 94 86 91 0 114 23 170 0 37 84 47 222 100 0 232 69 179 255 67 218
    0 84 216 157 203 148 50 255 246 255 255 18 0 255 131 83 0 255 70 204
    0 45 0 38 252 246 76 255 0 0 229 241 31 255 255 128 96 0 107 225 165
    192 94 255 20 102 96 85 255 255 0 64 242 90 255 255 255 24 11 179 0
    0 255 0 0 213 15 87 255 255 239 255 177 255 177 131 35 109 88 95 212
    70 184 97 255 255 4 147 211 0 255 241 140 83 218 255 255 48 255 220
    26 0 43 0 4 255 255 26 115 52 0 0 54 66 62 13 151 43 148 14 248 159
    0 186 116 133 0 76 155 249 0 146 255 255 76 212 234 0 125 5 59 137 0
    192 130 111 151 0 189 89 91 161 255 255 0 194 24 255 0 0 0 236 255 0
    0 255 229 255 0 36 228 0 255 255 156 194 22 91 255 0 138 237 241 255
    0 175 187 103 0 128 255 232 0 65 255 255 92 9 255 0 115 10 157 36
    255 0 76 220 0 0 181 163 254 210 46 114 146 5 160 244 50 243 97 255
    186 255 118 120 238 95 0 4 0 57 255 198 0 166 176 255 158 178 209
    174 165 0 68 52 211 1 86 59 226 0 115 93 70 191 52 233 80 255 0 255
    141 121 249 191 0 255 24 0 216 255 109 107 68 0 140 0 78 0 203 255
    148 68 0 178 211 255 160 255 205 213 172 255 87 21 110 0 255 0 54
    229 20 10 199 0 251 102 159 255 155 111 117 0 114 102 255 205 255 33
    168 0 255 0 18 179 255 244 55 10 255 206 251 0 22 27 178 41 0 234 0
    23 0 50 53 0 115 133 255 109 100 96 48 128 255 212 0 141 0 62 190
    255 233 255 200 211 175 29 98 0 255 228 0 249 153 255 109 35 223 95
    62 225 0 215 41 230 22 136 0 255 13 0 255 0 36 229 255 22 0 255 0 36
    8 96 255 60 249 149 182 214 0 46 255 122 53 255 0 0 255 152 255 17
    255 255 209 255 80 132 210 0 0 0 0 207 204 233 11 36 143 83 255 130
    129 3 208 255 52 81 9 168 223 0 252 255 255 143 255 243 99 255 115 0
    179 30 187 114 0 255 193 58 255 235 255 255 247 213 217 29 24 174 56
    28 94 112 255 0 210 79 255 201 22 255 142 176 168 136 255 255 21 0 2
    184 183 177 231 255 255 46 121 185 50 160 167 255 0 164 112 166 255
    142 40 0 1 255 121 190 0 36 255 0 110 34 44 230 87 118 255 63 196
    217 153 255 255 141 0 255 54 124 147 0 191 255 150 0 0 18 203 110
    199 63 63 184 255 140 171 255 0 177 47 255 255 0 156 0 64 103 127 0
    216 213 0 153 218 255 0 0 255 196 0 234 0 255 150 31 83 189 232 255
    121 188 53 37 0 104 135 95 0 231 255 144 164 255 50 200 253 24 0 255
    255 61 34 0 0 26 0 124 146 44 215 255 0 0 212 255 186 188 123 255 70
    12 155 255 152 255 44 115 158 0 255 104 0 203 164 117 0 152 71 0 242
    0 254 95 80 20 94 248 182 126 201 62 144 169 42 255 131 255 87 0 160
    159 0 129 255 0 41 136 186 180 0 97 37 82 222 255 211 180 255 0 250
    255 29 123 215 215 0 167 0 255 0 77 255 3 0 164 255 0 84 204 20 0 43
    125 0 236 32 51 1 0 255 0 120 207 144 255 255 195 35 0 0 255 0 179
    168 0 206 255 0 14 217 255 255 255 255 0 0 72 198 255 97 255 17 8
    255 255 160 191 0 176 255 0 255 12 255 0 255 255 202 112 0 78 131
    225 0 162 255 33 0 60 255 30 192 120 231 255 0 13 177 144 0 255 255
    247 30 29 15 255 159 96 0 224 118 0 216 239 0 12 255 54 255 178 253
    109 0 202 50 255 0 102 184 85 125 54 178 79 0 74 0 0 7 0 0 53 89 18
    66 153 42 255 212 255 255 255 166 23 0 0 0 46 71 243 255 206 255 209
    25 0 0 0 161 135 222 8 173 0 255 255 0 88 255 119 79 78 15 255 53
    255 255 163 10 237 254 207 103 0 255 56 223 255 118 0 0 216 210 171
    62 255 0 69 223 246 241 235 141 139 103 249 111 255 245 255 249 159
    255 138 235 0 48 106 0 95 157 253 149 255 0 105 133 255 115 154 15
    27 5 28 198 201 255 255 0 29 0 216 47 158 156 166 220 143 115 125
    255 40 255 0 255 125 238 111 106 0 39 112 100 1 0 245 68 0 206 246
    255 0 12 255 109 91 68 207 71 184 111 0 194 238 81 226 0 188 190 255
    255 179 104 132 255 255 100 165 29 255 0 255 133 0 203 0 202 71 24
    129 143 38 0 0 255 0 235 37 153 191 203 0 0 0 0 85 255 255 1 255 158
    147 99 204 68 0 255 246 95 98 98 0 24 220 255 114 53 0 251 24 76 0
    189 240 37 255 255 60 255 166 33 46 111 203 68 54 255 255 15 163 181
    152 30 220 83 0 41 0 0 121 235 243 3 189 0 0 190 197 245 255 255 78
    148 242 154 0 255 0 255 1 180 255 255 23 0 123 94 112 104 50 0 37 62
    0 0 84 178 255 145 0 255 255 5 255 231 0 102 158 214 184 130 185 249
    176 3 43 255 255 255 0 209 242 133 205 62 109 147 200 0 131 105 255
    113 191 0 255 0 54 255 174 81 255 49 128 239 0 63 255 0 0 255 50 0
    74 226 90 106 67 0 255 255 255 213 5 232 255 255 182 197 248 164 255
    16 34 255 41 247 0 0 161 146 78 108 255 0 99 131 0 226 164 62 154 98
    255 9 147 255 148 170 255 0 0 214 140 88 95 124 161 255 140 40 34
    213 0 246 59 255 54 24 5 102 180 0 62 114 255 26 87 8 2 29 255 0 0
    255 128 133 64 232 119 235 161 204 255 255 31 0 0 0 139 161 0 67 159
    172 20 113 87 85 57 137 0 255 117 66 36 0 134 172 0 126 76 189 179
    62 76 0 186 232 96 142 143 143 255 204 255 191 252 0 97 173 113 244
    255 157 255 0 0 134 52 255 6 255 0 225 47 46 69 59 165 255 0 43 166
    156 239 221 61 83 38 255 255 202 196 0 137 20 198 241 196 225 112 10
    175 0 105 107 243 208 142 255 255 0 124 107 82 78 88 151 159 0 241
    239 29 255 0 141 138 0 46 58 34 11 203 255 34 213 255 218 108 208 85
    100 0 0 0 255 198 169 23 99 173 0 195 1 0 151 40 0 134 0 255 124 255
    255 255 40 246 255 255 182 251 251 85 0 0 241 255 194 203 27 3 48
    209 255 100 255 101 211 99 0 188 0 255 124 255 255 25 18 46 118 110
    121 202 69 239 255 0 215 240 113 255 163 18 255 0 147 136 255 87 100
    166 76 134 146 249 50 153 0 244 55 159 76 255 0 2 157 114 196 255 97
    240 255 196 22 255 129 255 41 0 255 146 134 188 88 178 122 255 0 165
    255 53 137 103 126 255 38 0 60 174 0 255 133 207 15 255 24 0 220 64
    58 202 81 221 253 205 255 0 237 108 255 168 255 254 20 255 193 255
    68 255 34 0 121 72 15 146 3 159 169 255 198 29 201 240 255 0 167 25
    255 195 45 82 255 0 255 64 134 157 233 201 179 0 81 255 0 255 0 177
    0 183 0 156 251 0 14 241 255 62 218 255 94 35 85 170 194 0 39 112 0
    229 11 0 255 255 188 98 0 0 162 0 255 157 130 230 95 128 45 133 0 0
    181 10 0 87 124 114 255 117 21 143 255 255 212 112 255 51 183 210 0
    224 0 255 0 255 108 0 236 190 78 255 0 107 255 0 0 0 191 42 126 100
    230 74 255 68 207 30 25 52 0 159 45 255 0 11 242 36 49 0 255 204 255
    236 255 0 13 84 0 38 182 177 251 174 255 6 122 59 99 85 77 14 226 0
    255 55 130 156 109 27 255 122 255 116 255 124 100 26 177 0 118 112
    45 0 0 72 255 212 191 253 163 140 190 244 223 38 0 0 0 64 20 181 104
    255 195 38 152 179 235 146 255 42 169 24 127 183 71 255 0 0 255 233
    61 185 118 255 153 0 21 255 0 255 155 0 226 21 235 95 63 150 0 0 255
    241 230 191 255 98 0 191 0 123 200 255 71 208 255 255 0 74 204 0 231
    255 176 43 13 96 37 116 172 7 164 61 83 255 133 0 221 255 110 0 113
    255 0 137 255 6 255 0 255 45 0 202 255 255 85 49 72 225 64 0 0 166 0
    0 255 0 229 113 67 255 116 113 3 0 210 0 255 0 235 61 85 175 163 0 0
    0 255 229 66 255 51 255 189 166 0 210 158 0 255 217 0 115 211 0 0
    255 71 116 133 55 206 122 0 0 179 120 75 100 218 144 0 117 255 120
    218 255 255 95 103 255 61 255 153 167 136 255 0 255 0 81 45 93 130 0
    255 24 105 0 21 51 15 61 158 33 113 103 0 180 17 0 255 255 190 221
    255 255 29 88 182 159 141 0 255 202 255 123 0 20 210 67 233 0 87 255
    0 206 0 155 46 0 201 255 0 0 102 0 53 134 56 5 17 93 52 104 239 255
    151 123 2 0 11 0 115 255 0 0 62 222 0 18 0 4 136 10 134 0 193 255
    121 125 0 130 255 218 246 0 60 103 0 255 255 0 0 255 254 248 255 255
    0 255 255 50 188 0 49 14 102 160 226 255 45 0 188 20 0 0 94 254 255
    249 25 241 21 109 72 145 193 0 14 158 0 255 123 255 0 171 8 223 94
    255 255 120 255 146 183 90 11 255 169 0 202 0 86 104 0 170 83 81 10
    12 53 215 255 99 0 225 151 151 105 204 0 98 111 228 0 0 119 255 127
    46 121 75 142 255 79 0 243 62 255 85 0 255 0 12 48 88 46 91 150 144
    255 255 255 180 231 100 0 0 42 232 149 0 155 102 160 255 87 56 84
    255 50 11 114 185 255 227 255 51 255 40 255 129 235 0 171 192 71 0
    250 255 0 0 255 59 182 95 217 255 201 160 220 0 57 0 72 24 0 0 0 255
    91 255 255 0 255 0 31 35 4 255 0 255 95 167 255 129 97 160 68 44 73
    80 255 164 0 32 0 99 241 85 109 24 255 67 229 5 113 164 86 255 140
    207 255 90 255 255 0 166 0 255 90 193 220 98 0 62 0 101 240 255 219
    7 92 96 255 90 26 255 255 255 255 48 98 197 81 124 161 18 255 255
    146 255 0 0 41 200 186 255 0 206 117 197 52 195 255 0 5 21 129 74
    222 70 0 0 255 0 73 255 183 0 168 0 90 20 0 127 177 255 66 4 206 255
    57 10 0 216 47 0 52 105 136 75 0 0 0 244 212 169 255 0 0 210 205 177
    0 222 0 241 106 0 217 241 255 177 0 214 42 128 255 0 6 127 79 24 204
    255 248 157 174 0 90 162 132 182 77 84 0 0 161 216 255 255 255 255 0
    0 139 197 240 255 200 39 100 255 255 203 199 0 0 255 0 194 0 117 61
    0 24 255 0 150 248 255 255 136 0 90 0 0 0 89 255 101 184 242 6 255
    181 184 0 0 148 0 234 12 255 74 0 0 255 255 255 84 65 124 242 28 255
    0 46 255 0 228 255 255 85 255 37 0 0 0 116 15 255 0 0 162 41 120 255
    255 255 0 147 0 197 36 220 212 0 238 0 255 0 15 205 1 0 254 255 248
    75 0 118 172 255 34 7 255 82 111 1 255 90 238 0 255 189 168 218 168
    196 255 97 0 80 67 255 0 74 255 61 255 0 0 23 159 64 15 21 17 226 0
    255 190 106 0 91 82 255 42 49 122 0 255 0 255 77 0 0 218 255 223 119
    8 174 255 0 131 255 255 52 226 172 255 66 255 255 255 111 255 225
    255 0 6 0 221 214 220 206 81 218 0 0 255 0 5 151 35 0 162 255 255
    131 0 233 180 170 255 255 89 65 84 0 140 0 255 112 0 226 181 106 185
    117 237 243 175 131 47 155 253 128 174 32 112 169 202 255 0 239 46
    255 0 3 76 255 246 47 88 255 70 155 0 0 0 0 0 60 50 168 0 32 229 0
    49 74 13 214 0 0 0 0 255 226 11 0 0 0 103 0 0 135 255 150 216 252
    255 255 11 0 182 255 95 0 71 159 186 184 193 35 255 255 101 224 113
    17 255 255 189 23 255 40 255 189 255 64 76 255 236 102 15 81 255 171
    255 132 64 130 255 246 255 164 0 51 90 57 0 155 62 0 193 0 8 78 168
    225 40 0 0 0 255 135 5 105 18 53 255 145 95 0 0 255 255 255 0 85 19
    234 0 0 225 63 188 174 29 0 46 146 0 49 21 133 255 217 255 255 228
    255 13 0 155 255 40 79 92 255 41 31 255 16 34 77 0 179 243 0 64 179
    127 14 0 55 104 51 0 220 251 83 0 110 255 0 210 117 0 0 255 145 252
    0 255 251 51 163 88 212 139 153 231 12 0 0 255 180 197 159 151 43 0
    0 98 0 103 108 45 91 192 51 233 0 255 0 121 119 220 19 54 255 255 8
    194 223 173 162 70 255 180 103 0 95 69 255 255 139 0 255 29 74 218
    148 25 17 13 0 255 93 86 9 36 164 79 209 255 231 37 21 163 95 165 61
    91 255 73 255 0 131 255 19 0 101 197 149 207 242 123 250 63 0 0 120
    0 137 0 106 18 15 255 238 255 144 160 28 255 0 97 0 17 222 126 0 16
    120 206 255 206 67 97 57 114 255 176 242 117 242 252 242 108 65 151
    106 252 29 214 255 37 149 183 66 57 171 73 142 0 148 251 6 0 245 24
    71 8 0 158 169 255 255 212 30 0 100 88 22 115 0 177 79 238 76 23 136
    217 255 95 0 170 230 98 65 227 0 255 229 22 155 255 186 255 255 99
    255 239 109 255 30 127 0 255 255 214 119 90 93 98 255 0 67 255 107
    10 0 45 56 208 0 0 255 45 0 186 125 218 0 0 132 237 255 141 255 229
    0 243 0 15 4 255 145 0 0 255 0 209 0 0 0 0 29 125 255 4 30 149 255
    255 92 168 255 255 154 136 0 87 13 13 255 110 136 245 142 106 125
    143 48 48 210 157 0 0 0 255 255 0 118 36 0 129 251 90 120 179 0 83
    247 131 0 191 211 0 117 0 0 202 91 255 254 88 189 255 21 0 0 66 55
    235 211 92 132 0 255 0 17 255 255 255 90 59 0 158 137 66 99 0 103 0
    148 56 255 0 244 215 189 0 159 255 54 0 0 41 0 32 0 34 0 13 200 230
    0 0 143 50 255 135 0 77 255 188 150 112 255 0 0 58 105 186 211 185
    255 187 132 237 231 134 0 16 223 87 209 0 113 138 184 9 242 0 255
    225 98 106 11 199 209 255 80 201 62 167 148 69 255 254 4 255 205 227
    208 0 168 80 91 51 0 49 239 28 0 255 0 64 18 111 154 241 237 124 99
    31 255 0 2 3 247 112 0 89 232 98 32 49 0 0 0 188 255 0 81 74 65 246
    0 255 0 86 179 0 250 217 159 0 224 255 123 255 25 92 255 85 0 150
    255 121 255 21 0 119 27 0 159 0 3 20 166 255 0 255 202 203 255 0 20
    15 255 45 111 137 246 47 243 214 206 206 1 255 41 44 174 0 175 25
    255 4 110 0 126 35 218 107 255 255 37 255 48 227 255 48 255 142 0 0
    210 255 0 230 131 0 0 248 181 135 176 4 255 123 6 255 0 0 47 172 255
    74 34 255 203 255 16 0 255 0 0 0 190 118 208 255 56 8 214 255 255
    255 64 255 0 1 204 58 22 168 238 129 0 255 255 0 169 171 110 142 213
    202 255 0 0 47 0 123 255 87 95 109 186 95 206 255 113 187 246 0 19
    188 94 255 0 60 255 214 169 46 181 255 99 255 228 233 23 208 9 0 90
    255 132 255 255 255 0 255 255 66 255 41 6 199 246 255 8 255 0 136 0
    219 18 129 74 0 234 0 116 74 0 0 142 255 183 146 120 255 73 0 159
    255 138 105 0 72 212 189 206 246 0 99 0 236 27 0 0 255 0 180 99 255
    0 255 255 26 6 214 197 38 13 244 0 35 255 0 0 255 0 82 138 254 63
    255 255 0 171 46 60 91 251 255 161 79 213 71 214 241 61 248 30 191
    255 90 191 188 13 255 167 255 153 167 161 177 255 112 105 240 0 255
    39 0 250 255 0 255 0 219 1 24 11 255 0 198 206 255 0 255 255 209 92
    255 118 255 0 151 178 0 149 46 19 0 72 177 14 111 155 30 190 29 46
    19 0 0 153 102 0 218 107 0 0 116 183 177 110 255 232 174 255 102 255
    92 80 0 201 26 23 45 162 243 37 0 96 0 200 255 0 0 81 135 255 173
    224 184 0 225 0 56 54 255 12 0 134 229 106 85 255 185 27 81 0 25 102
    80 170 208 175 255 242 0 162 0 210 39 216 131 163 249 0 103 124 0
    113 0 255 0 255 108 122 0 255 0 180 145 32 255 96 0 213 0 0 211 95 0
    94 255 217 209 255 62 20 129 240 0 214 112 16 30 0 81 255 0 255 255
    49 255 255 209 0 255 0 85 207 0 62 231 5 255 146 255 0 0 255 149 238
    0 163 120 139 0 0 255 191 33 63 255 188 200 255 182 0 20 182 0 60
    108 150 22 50 255 255 161 128 0 195 200 0 11 161 77 0 11 10 139 167
    49 0 48 14 44 0 155 162 171 254 255 115 0 129 204 209 104 195 207 0
    177 181 255 255 255 93 125 0 55 0 142 30 55 248 255 16 0 114 255 80
    161 219 191 0 0 0 119 198 40 255 228 255 0 88 206 255 0 0 255 124 81
    255 200 255 11 42 158 89 119 215 255 255 243 243 29 255 35 61 0 183
    79 210 255 0 154 136 0 255 49 120 255 255 66 237 184 227 0 130 144
    116 0 177 0 255 112 162 99 179 255 16 199 227 163 160 29 96 255 0
    100 37 157 249 0 223 95 56 14 242 227 136 67 116 0 255 176 189 206
    255 255 219 255 37 159 0 98 255 32 130 0 0 0 171 113 15 0 151 65 63
    166 172 169 236 122 189 255 255 54 0 187 255 255 0 0 255 0 78 156
    255 2 56 22 160 155 255 242 255 69 255 255 253 101 151 193 224 255 1
    255 12 255 205 218 124 62 0 148 255 177 182 251 255 145 0 255 0 255
    255 241 0 0 0 118 178 0 0 190 250 13 0 255 89 246 174 38 197 27 69 0
    0 255 255 239 122 169 144 178 65 0 55 60 144 134 92 255 117 0 0 255
    0 228 236 172 255 234 149 49 36 0 7 181 161 206 53 163 27 0 46 126 0
    68 234 58 227 0 242 73 121 83 47 255 255 124 129 159 255 191 255 48
    193 219 146 160 255 255 100 166 35 176 69 0 0 86 54 9 57 193 0 255
    68 255 152 0 211 74 123 60 21 255 255 255 255 0 220 255 170 181 255
    8 166 0 206 207 242 0 143 94 78 188 95 65 8 93 0 0 86 0 76 61 255
    119 225 32 0 0 117 224 193 255 18 129 255 93 0 255 227 117 239 24
    255 106 170 0 255 0 255 89 255 114 86 255 0 255 255 175 64 131 176
    247 59 55 155 49 46 255 199 176 216 0 156 10 3 171 18 0 177 255 0
    153 203 0 0 44 215 182 44 88 19 59 142 0 86 196 97 0 17 169 45 254
    196 167 166 209 1 238 238 0 0 205 114 255 0 57 150 154 171 0 99 82
    88 123 112 111 19 255 83 255 10 211 177 0 235 132 0 0 23 224 0 20 0
    0 229 59 138 184 74 41 24 217 176 196 242 182 195 181 0 242 80 143 0
    215 186 255 0 206 5 0 255 216 255 250 30 32 51 0 17 158 208 89 169
    198 0 0 0 251 33 2 109 243 180 196 104 212 96 81 0 204 204 96 139 5
    0 229 0 0 0 242 0 50 0 255 68 26 255 243 78 255 173 0 0 158 0 0 189
    226 100 255 255 174 0 0 255 234 255 235 255 255 0 124 0 255 81 255
    252 255 255 130 0 138 255 255 37 85 209 228 171 154 146 243 3 255
    146 44 255 0 214 228 255 255 0 207 100 179 255 39 0 104 18 0 220 63
    109 255 84 0 0 176 15 147 132 255 121 101 255 223 46 71 251 8 255
    123 180 167 255 0 164 51 137 154 97 70 7 74 0 0 71 0 65 169 255 255
    226 37 172 255 109 171 179 255 255 124 169 180 69 181 158 255 160
    126 255 210 0 204 170 171 19 151 217 50 7 100 33 0 0 255 186 255 138
    0 255 18 160 0 83 15 255 255 204 0 255 197 34 61 104 0 247 74 142 49
    176 220 0 255 200 77 90 220 189 53 6 66 0 0 255 151 50 255 69 197 0
    50 13 0 255 255 0 193 247 0 16 255 8 115 63 0 214 0 255 101 255 255
    216 19 255 60 255 137 121 0 0 0 43 0 37 166 255 255 17 158 174 0 255
    255 255 139 50 183 255 0 168 255 53 255 214 49 160 53 0 165 227 0
    232 13 36 255 122 255 45 2 255 86 15 255 0 0 73 0 109 26 255 175 144
    133 175 82 0 129 0 68 55 0 0 164 108 0 255 255 239 48 92 246 54 162
    255 14 46 213 44 19 197 71 145 255 97 226 203 255 205 4 0 34 131 217
    119 215 0 25 78 25 255 17 40 0 0 62 255 0 31 195 145 0 255 255 255 0
    255 143 167 190 0 122 163 108 149 0 222 255 16 208 11 178 255 31 220
    255 211 1 92 181 173 104 254 60 245 255 190 65 0 225 41 255 0 255 0
    108 11 0 107 255 185 248 255 113 8 0 74 255 184 19 255 62 255 249
    158 255 255 0 98 97 215 142 230 74 255 255 179 239 247 0 255 74 201
    208 25 255 0 135 52 255 240 255 0 0 255 68 77 181 186 227 71 132 255
    199 23 215 219 204 203 88 255 255 211 255 226 255 241 0 0 255 255
    183 34 0 177 167 41 141 24 37 0 103 247 120 150 255 0 97 0 0 143 0
    255 131 106 182 72 177 255 255 47 245 255 0 0 255 186 8 115 14 255
    35 12 255 0 0 0 31 0 233 160 255 255 255 96 199 0 0 0 4 81 0 48 0 0
    3 0 135 255 255 255 91 172 72 4 202 255 49 50 0 207 96 136 246 84 0
    0 255 148 0 138 0 40 220 200 157 255 139 0 140 255 48 178 152 201 0
    255 30 113 23 229 251 225 11 68 118 184 4 0 234 255 183 0 210 0 3 0
    237 255 187 255 59 218 0 245 255 222 24 0 219 255 104 96 0 65 255 0
    130 173 112 213 5 3 147 0 197 57 0 155 255 125 0 138 147 0 255 0 113
    0 255 208 144 255 180 46 214 109 7 209 0 0 179 133 0 165 206 0 160
    51 0 192 0 0 255 7 54 138 255 17 0 242 252 255 23 0 255 64 107 33 0
    255 19 246 39 166 73 237 21 0 74 0 115 255 46 207 168 24 0 0 245 81
    124 136 255 255 0 160 162 255 20 255 191 188 198 255 0 16 255 0 159
    68 0 0 0 255 255 0 81 255 0 96 0 255 217 120 255 31 45 60 0 255 183
    114 165 249 204 46 210 243 0 0 88 0 0 112 131 157 255 101 0 149 255
    255 229 255 237 255 202 255 0 208 162 0 255 69 255 250 0 255 0 15 0
    43 245 113 183 113 110 0 105 177 0 215 0 233 17 0 0 0 209 79 182 0
    255 30 140 166 0 255 199 255 255 49 218 0 20 0 143 47 179 0 73 80
    190 0 111 255 208 108 223 116 163 186 255 100 0 190 228 255 0 179 49
    57 0 255 255 109 246 0 88 0 0 187 133 0 54 208 0 29 0 36 255 114 0
    58 242 11 101 224 255 62 204 0 209 127 0 255 255 0 53 255 255 221
    190 33 0 239 255 118 43 41 196 228 251 1 255 0 90 0 144 0 255 148
    255 0 0 0 149 119 126 234 176 170 196 201 35 106 170 109 167 189 255
    49 155 63 255 244 31 218 215 255 107 187 135 114 255 76 255 187 255
    255 183 89 84 0 139 212 0 190 0 155 90 43 255 0 236 255 7 115 0 50
    255 106 227 91 255 65 121 190 255 124 24 215 66 152 244 0 158 0 187
    255 75 255 11 31 59 86 255 255 84 63 0 32 0 146 255 255 0 201 197
    129 0 48 255 255 5 162 255 0 223 255 255 199 67 53 0 204 51 100 0
    246 255 136 0 255 255 255 158 252 255 37 126 180 223 255 90 0 0 78 0
    2 255 5 174 0 255 130 125 0 82 255 158 255 82 0 15 0 0 255 255 136
    243 99 117 255 53 228 201 0 219 235 255 0 225 253 21 74 68 149 101
    72 214 0 54 149 105 172 0 117 208 250 155 255 255 43 169 72 156 255
    0 0 255 0 255 189 188 255 149 160 86 255 0 255 193 39 255 251 118
    229 62 207 94 103 0 165 8 243 0 255 203 83 0 0 186 139 0 205 172 169
    53 32 0 39 15 255 86 81 0 255 0 221 255 248 182 168 3 239 147 220 8
    21 17 168 255 156 201 255 248 0 0 0 201 39 0 111 142 161 215 255 218
    255 117 240 125 255 255 131 255 172 166 255 136 0 0 160 12 99 153 0
    255 0 37 255 147 57 255 137 252 242 173 0 233 206 27 115 0 210 206
    92 249 64 128 105 255 0 2 255 255 160 154 94 52 219 155 169 235 255
    16 151 197 237 0 212 220 182 255 212 0 0 214 113 93 53 255 46 2 0
    255 26 207 255 26 42 255 186 157 0 130 0 215 236 255 255 56 122 255
    255 28 251 162 251 132 206 226 70 1 72 0 230 56 206 230 246 38 255
    176 245 153 255 0 116 211 230 33 125 0 255 240 34 185 233 40 0 45 53
    193 226 111 248 78 213 0 119 255 0 53 7 255 62 0 226 185 154 0 255 0
    255 117 0 255 0 79 255 209 132 60 151 0 195 255 172 172 255 0 213
    155 180 229 168 215 255 255 109 89 222 147 233 5 149 255 212 28 0
    162 33 0 0 65 255 13 243 0 255 255 0 255 167 255 255 16 78 55 133
    255 203 0 111 172 255 57 248 255 29 232 157 215 146 252 255 179 0
    160 0 0 255 0 36 170 167 192 89 208 161 255 255 0 85 186 255 183 143
    20 248 255 11 1 64 31 13 60 54 0 137 255 67 255 230 206 229 0 3 154
    254 42 205 0 186 177 139 255 255 255 199 222 255 255 224 0 140 249 0
    187 0 255 107 133 255 0 79 0 0 31 255 255 25 195 64 69 130 255 34
    255 158 140 0 163 255 0 139 255 5 190 127 37 51 236 255 78 89 176
    255 179 255 72 255 55 0 0 93 0 207 88 0 194 141 79 160 255 255 235 0
    81 255 171 30 0 0 41 0 152 168 255 205 99 192 0 45 0 68 0 35 221 55
    255 46 125 255 30 177 95 21 217 34 163 150 19 137 0 220 182 132 206
    53 23 215 0 0 1 255 255 196 26 22 0 10 241 255 255 30 0 212 0 87 173
    255 27 0 215 255 46 255 199 0 255 182 1 0 41 142 166 255 255 112 246
    255 180 0 57 230 255 0 189 197 65 41 83 0 0 86 47 104 0 0 0 0 7 97 9
    0 62 0 86 129 0 255 133 43 248 223 212 41 158 120 11 144 237 20 255
    255 26 255 46 255 224 157 0 242 255 210 144 255 155 185 133 166 0
    255 255 237 221 84 171 185 28 0 204 0 255 255 69 160 0 172 255 69 0
    194 241 195 0 78 176 204 169 206 159 151 255 0 81 80 133 255 134 229
    255 164 189 255 0 255 235 159 254 178 255 0 0 193 0 102 26 0 134 60
    255 58 216 255 250 1 134 81 161 0 78 244 0 205 255 255 163 170 229
    30 193 0 0 255 90 74 255 51 0 0 109 0 238 23 97 0 114 40 59 177 255
    255 255 77 255 0 255 255 40 116 93 252 93 0 228 189 0 0 94 255 226
    141 0 87 74 255 157 255 253 255 255 255 222 92 35 102 255 0 229 56
    255 5 255 47 166 0 249 255 255 255 126 207 146 73 22 250 0 255 100
    160 225 134 163 0 32 255 36 99 99 0 19 41 60 255 64 0 255 255 235 0
    246 223 177 255 88 218 5 0 255 111 255 230 199 255 0 255 255 225 236
    219 255 0 182 93 183 213 0 152 255 0 208 31 242 244 179 230 0 0 0
    255 136 93 90 0 158 255 255 0 55 32 255 225 209 255 10 63 168 77 95
    5 6 164 0 63 21 255 165 255 215 21 0 57 234 248 255 18 255 32 60 255
    80 255 165 111 255 0 159 33 128 0 0 196 255 205 0 233 118 206 27 0
    138 255 0 0 43 0 213 222 137 255 0 179 184 141 33 255 19 80 56 0 167
    0 0 0 0 69 122 8 34 255 30 0 0 233 234 255 88 69 255 0 253 0 255 155
    0 92 0 214 23 51 38 53 105 151 53 0 0 255 38 220 180 13 255 255 153
    169 28 239 237 125 65 39 0 253 142 49 48 187 126 192 166 255 255 0
    187 255 53 107 62 143 196 0 225 6 255 255 194 255 73 255 255 57 44
    255 229 166 255 101 41 180 0 255 0 0 68 255 0 0 255 86 0 149 23 222
    0 55 31 38 255 255 153 38 255 167 59 85 49 255 30 102 161 0 255 58
    137 255 0 0 167 83 0 35 255 232 0 249 255 160 203 0 115 242 255 0
    234 0 0 19 160 0 255 255 62 116 255 160 215 255 84 171 245 18 104 0
    109 55 0 0 59 40 66 255 153 33 0 47 77 0 111 83 210 82 255 128 49
    255 224 63 255 255 170 237 241 125 199 129 130 14 65 255 251 89 238
    255 187 0 60 0 13 45 27 255 64 255 160 48 141 249 0 0 0 187 233 0
    127 223 94 118 152 0 147 92 3 123 1 143 150 255 82 253 158 45 15 255
    21 243 143 0 64 255 255 163 25 161 100 0 0 68 255 26 190 96 0 250
    255 176 126 140 62 255 192 255 242 12 0 255 255 0 234 59 122 97 0
    183 255 72 28 215 80 8 255 255 0 0 255 197 169 67 0 255 6 189 69 0
    255 255 181 232 57 123 255 255 176 164 0 45 254 250 185 198 255 86
    255 255 255 0 255 182 0 221 94 0 140 255 255 255 176 200 255 110 0 0
    83 134 228 113 239 171 109 223 0 48 168 195 148 255 67 213 15 184
    255 236 0 0 221 255 255 119 0 0 178 207 121 156 239 173 209 159 255
    255 171 38 206 255 90 16 208 0 0 122 55 0 132 122 98 132 95 160 65
    123 237 30 0 187 28 0 196 207 0 0 237 124 0 255 213 175 0 192 255 0
    164 255 252 29 27 255 61 65 2 234 208 92 113 255 240 85 201 255 105
    252 110 38 36 21 165 255 255 159 0 73 18 24 35 133 0 0 0 115 151 205
    39 176 65 8 205 0 62 16 255 38 51 255 0 128 160 200 9 225 106 255 16
    0 119 140 0 222 23 23 248 33 99 255 157 0 0 183 255 0 255 0 188 190
    136 0 0 13 0 2 225 0 166 193 90 109 189 222 255 32 160 30 255 13 32
    255 255 228 255 252 0 207 51 255 255 65 204 22 101 0 142 254 145 53
    186 255 3 0 255 45 0 144 75 79 233 240 255 255 200 193 255 165 0 0
    255 214 0 94 245 202 25 255 80 0 7 172 250 47 22 238 15 0 255 0 0
    218 0 255 0 229 227 0 255 75 44 0 0 197 178 175 225 97 215 32 18 158
    0 82 0 206 0 255 255 147 43 203 45 185 102 0 138 255 123 48 241 255
    165 0 255 255 121 178 255 50 40 255 255 31 179 0 255 108 211 63 236
    126 49 255 0 101 255 255 245 0 240 68 15 8 174 235 157 196 0 65 189
    97 0 157 0 147 255 0 255 255 217 173 0 3 53 0 0 0 255 0 0 93 135 255
    255 196 0 255 18 176 129 255 223 0 172 0 133 39 0 50 3 255 151 55 4
    142 119 47 80 135 0 255 255 100 64 32 69 196 164 35 0 24 88 0 255 98
    222 0 243 255 255 8 49 141 255 0 97 51 72 154 101 205 17 92 0 144 0
    85 0 255 255 40 186 245 255 16 255 43 118 0 230 29 0 6 129 255 255
    255 0 135 46 0 255 255 130 124 5 255 136 113 246 255 0 185 255 33 57
    200 0 255 232 184 255 255 237 255 255 0 255 182 26 19 170 255 9 0
    127 90 44 127 0 255 124 255 211 0 26 93 255 0 0 255 166 115 255 86 0
    132 217 255 0 233 225 0 0 111 2 102 229 187 139 180 8 10 0 175 69
    255 181 45 255 255 231 116 139 220 64 201 88 229 42 97 12 121 86 0
    192 121 24 255 48 0 15 0 113 247 243 142 0 43 66 202 0 151 142 0 255
    72 7 255 193 186 217 0 181 90 34 0 166 0 220 38 175 225 227 255 211
    163 242 31 229 37 0 63 0 121 97 255 255 173 160 19 141 54 44 76 198
    194 255 49 223 157 167 172 116 255 248 226 164 40 255 0 0 54 239 0
    56 136 255 250 56 95 255 0 45 230 0 0 118 240 107 0 137 158 94 0 120
    236 191 105 255 148 255 167 238 87 235 43 163 80 0 43 132 11 216 237
    136 83 138 0 191 12 20 0 255 51 0 255 255 25 43 255 0 184 255 168 0
    220 141 87 33 204 97 243 254 0 1 128 0 224 143 0 255 215 0 0 101 0
    242 0 255 255 255 255 38 205 179 255 0 219 62 39 255 164 255 197 255
    84 0 129 5 252 30 55 0 255 51 0 107 0 166 42 112 0 0 255 251 201 0
    111 197 19 0 6 142 0 0 255 75 81 60 0 0 9 235 223 232 189 195 255
    188 255 255 179 50 174 255 58 152 78 131 135 255 56 255 70 57 96 1 0
    164 0 136 255 60 87 255 197 177 0 127 228 0 255 84 255 255 0 255 55
    255 160 255 255 255 138 171 186 78 11 48 206 25 75 0 0 146 255 196
    209 255 132 79 184 246 0 33 134 255 0 246 71 44 0 252 255 255 0 107
    150 255 194 224 255 255 93 0 255 235 255 255 227 110 145 0 255 249
    206 255 0 146 25 224 50 255 74 255 147 255 80 63 198 148 103 248 135
    132 0 142 10 0 255 229 111 0 0 75 0 66 171 79 0 214 148 219 44 10
    255 255 255 82 255 181 244 255 191 0 139 0 0 0 142 0 255 6 0 186 170
    73 86 6 255 0 255 255 0 35 255 255 0 166 59 201 21 255 35 255 240
    169 255 45 78 204 0 226 155 0 247 255 186 255 178 255 29 0 164 0 0
    59 162 20 255 0 0 66 100 255 159 255 255 235 0 64 179 0 84 0 32 129
    219 173 147 102 180 112 34 0 108 171 245 231 0 151 184 255 255 123
    149 103 255 0 0 255 116 247 15 70 255 0 160 109 190 36 68 255 0 21
    66 230 0 255 55 0 0 255 238 187 151 84 0 80 140 82 211 215 39 180 57
    18 208 24 0 0 0 3 209 52 26 192 0 255 255 0 255 107 101 174 201 19
    255 255 129 67 40 22 0 255 255 0 0 159 19 79 108 255 135 255 226 255
    133 0 224 0 255 27 100 255 47 0 90 0 150 77 255 255 103 0 255 248
    222 255 0 0 0 135 176 0 255 53 0 33 170 24 202 98 150 255 0 0 255
    155 142 65 75 0 156 0 124 0 23 38 0 0 141 168 242 228 255 0 112 255
    60 208 255 0 100 24 255 220 160 122 76 255 14 41 189 1 0 120 73 179
    0 0 225 250 208 207 194 138 59 0 70 60 134 169 255 69 27 255 0 219
    79 255 144 0 33 0 46 128 22 0 232 255 119 219 69 0 255 99 93 255 182
    255 255 124 56 230 214 255 255 57 255 116 0 0 69 142 83 150 0 5 195
    255 185 38 0 127 17 20 51 115 167 255 109 255 122 94 116 255 172 202
    233 255 0 90 204 8 114 173 255 130 148 77 0 0 243 188 54 255 255 7
    230 118 0 118 239 85 35 0 234 0 0 0 114 255 49 255 79 167 0 174 0 95
    92 226 0 255 0 2 221 16 236 160 0 210 255 98 255 40 30 186 221 255
    255 11 135 255 255 177 171 0 7 0 9 241 57 40 255 228 24 255 207 255
    70 0 196 136 62 230 179 255 219 28 143 71 255 25 255 0 255 52 86 17
    0 255 150 140 59 176 217 172 241 44 255 57 0 111 27 95 142 255 0 18
    255 110 74 0 236 0 0 94 94 255 68 91 169 162 242 154 0 144 255 54 0
    73 58 0 141 153 0 0 246 196 1 0 168 255 0 184 0 255 255 147 255 0 0
    93 0 103 255 0 0 255 0 254 255 161 184 41 0 9 203 174 0 255 100 0
    246 255 0 0 46 0 255 141 88 0 0 75 1 190 17 255 183 74 26 17 0 18
    245 109 0 0 151 92 255 148 23 208 238 26 109 32 152 100 134 42 93
    249 122 99 0 255 0 0 0 0 0 67 0 53 8 192 0 161 0 30 90 16 158 188
    129 0 255 255 203 91 0 28 201 195 0 198 130 253 255 0 255 27 142 104
    0 102 160 0 160 0 0 227 255 145 123 161 6 92 167 86 132 202 255 150
    179 47 255 44 159 255 238 21 255 0 221 47 0 141 0 0 255 255 178 132
    255 255 255 176 99 225 0 0 0 151 113 167 255 20 255 255 177 255 177
    255 247 0 67 169 255 255 255 213 255 237 225 255 0 65 202 2 0 110
    145 79 133 255 230 150 241 99 54 145 146 255 58 43 120 185 255 12 0
    255 0 58 184 169 228 65 37 3 0 105 255 57 96 204 83 117 153 225 255
    78 0 255 93 132 100 164 103 166 40 255 138 196 255 255 40 145 178 0
    71 0 255 205 25 120 99 152 127 72 255 0 0 41 81 0 0 199 0 0 198 2 0
    255 121 119 255 0 41 170 245 12 255 59 255 47 255 11 181 233 99 255
    79 15 12 138 255 150 226 0 54 64 184 177 155 89 118 97 193 0 210 230
    225 13 0 238 91 0 118 0 0 19 0 197 134 0 255 126 252 46 255 0 27 0 0
    225 255 255 186 255 217 113 255 255 51 165 4 96 58 78 254 0 161 0 99
    7 26 0 52 188 244 0 142 98 164 162 255 255 100 72 182 70 0 255 16 0
    255 0 255 96 93 255 0 0 21 115 186 255 0 240 41 55 113 82 0 255 0 0
    168 220 0 147 230 212 145 37 255 95 115 33 4 222 0 6 114 174 201 7 0
    119 104 255 241 0 143 86 255 22 59 0 176 73 156 201 0 255 128 194 53
    144 91 124 255 179 0 255 5 19 72 99 167 14 13 253 255 11 169 50 81
    166 47 254 125 111 0 71 0 238 255 255 2 247 161 169 135 89 255 0 119
    255 67 35 255 60 150 101 255 93 21 255 102 90 237 255 149 24 0 16
    125 82 17 240 255 56 0 42 0 173 146 142 203 41 255 255 0 0 135 0 162
    220 140 255 35 107 216 150 129 224 64 0 255 238 255 233 81 175 178
    255 0 174 66 255 109 51 114 0 255 179 12 67 202 31 2 217 36 91 90
    255 0 0 255 15 60 237 18 228 0 232 253 196 15 191 255 255 117 0 248
    0 255 107 12 42 57 188 173 162 255 182 73 255 18 255 23 255 150 130
    0 157 163 13 10 3 158 121 74 121 46 184 255 4 140 255 54 175 184 30
    32 189 0 0 230 81 2 242 128 255 0 66 231 179 197 0 218 0 239 66 255
    79 40 85 199 59 119 231 255 255 228 255 132 255 22 182 253 0 255 255
    255 238 0 75 160 189 148 19 255 0 0 181 86 180 0 68 7 0 0 0 70 44 0
    83 255 215 0 27 255 255 110 183 0 0 98 76 0 28 201 0 0 255 255 255
    223 255 255 0 156 132 255 28 37 237 255 217 163 106 194 34 169 0 39
    0 240 255 1 105 123 11 0 202 126 0 76 69 229 255 255 53 255 255 187
    228 141 178 255 255 255 14 41 255 19 0 104 255 66 110 97 242 255 80
    255 0 239 107 198 183 0 0 255 148 46 238 55 141 71 252 163 140 0 2
    152 255 193 255 159 61 128 142 49 206 32 227 21 0 36 166 0 255 0 43
    255 183 124 0 255 131 0 255 197 255 252 21 0 170 255 113 201 82 255
    226 255 255 0 81 0 0 67 0 0 255 61 255 81 72 52 59 23 0 0 253 234
    202 0 117 142 251 36 52 97 176 19 0 0 249 185 144 94 124 196 31 255
    170 0 255 48 255 149 10 88 255 30 225 255 0 53 174 111 129 213 225
    129 0 137 0 89 122 24 0 104 52 186 255 144 0 96 255 234 97 255 6 0
    188 34 0 251 219 137 255 183 122 175 198 22 27 212 112 84 240 0 255
    0 151 255 173 172 0 195 0 78 0 37 255 0 65 111 69 16 252 117 0 122
    119 90 85 146 195 0 255 137 255 255 205 136 109 0 144 223 191 176
    130 0 51 32 164 0 195 49 220 57 40 25 0 155 0 247 133 237 64 125 0
    194 119 206 195 130 129 255 0 112 7 128 192 255 255 121 81 164 136
    254 0 48 0 90 13 8 96 4 255 115 0 16 206 52 136 255 0 145 21 145 255
    193 0 242 0 196 80 43 0 153 255 78 170 174 149 0 206 223 0 81 0 208
    255 0 238 0 255 255 31 255 209 151 157 248 255 111 255 160 255 0 94
    79 0 60 0 141 220 61 11 0 18 48 235 255 79 124 0 98 0 226 0 0 162 45
    255 80 255 0 217 0 244 0 3 56 0 255 239 71 126 244 255 255 0 87 93 0
    255 0 133 37 255 194 39 255 95 156 0 255 214 0 0 0 0 255 104 7 0 207
    240 85 237 255 242 255 106 246 183 0 0 0 4 255 81 214 255 255 0 255
    145 255 252 28 0 26 143 2 83 255 0 255 0 174 0 0 230 0 39 40 255 226
    168 193 0 15 0 110 63 255 255 255 37 255 255 0 88 67 0 65 255 0 255
    132 255 184 38 255 20 255 46 0 148 205 36 187 40 174 255 62 0 255
    149 214 101 255 255 0 255 255 0 255 186 255 0 255 0 200 100 242 53
    139 2 200 13 166 79 35 16 52 127 106 88 255 0 255 0 0 122 179 0 0
    139 176 234 255 95 228 180 255 22 255 255 0 0 173 0 255 0 214 0 255
    150 255 167 0 15 0 0 159 106 164 175 32 120 186 78 255 0 67 146 171
    251 102 121 1 199 47 3 255 255 0 255 88 246 255 115 105 149 0 104 24
    122 0 3 126 255 183 52 230 255 223 246 59 255 229 0 245 26 0 207 158
    57 178 231 255 0 255 229 138 40 57 98 0 142 254 201 44 81 17 0 103
    86 0 0 161 76 87 197 111 255 118 146 103 20 175 149 29 39 61 11 175
    1 173 0 0 0 0 91 255 255 144 255 0 255 237 27 101 4 0 58 228 242 0
    35 170 203 217 183 31 0 10 255 255 66 84 0 108 255 203 141 212 134
    255 249 255 255 0 255 0 231 0 0 181 0 217 0 244 255 78 83 21 153 228
    171 255 157 76 54 0 113 12 201 255 43 21 0 0 0 39 115 182 186 72 54
    155 44 2 255 62 94 56 80 0 255 6 0 235 90 59 234 255 0 11 77 212 64
    255 0 154 49 255 130 0 103 24 3 15 106 39 255 110 0 79 166 0 255 173
    14 11 78 158 243 19 227 77 205 0 240 255 0 0 255 204 245 255 15 40
    255 0 19 204 255 0 0 255 0 137 188 255 244 240 29 255 0 255 255 51
    101 0 35 216 163 7 255 255 36 48 218 188 223 0 61 244 51 0 253 0 126
    48 153 142 0 0 178 0 21 255 19 255 255 3 0 8 177 52 221 0 217 0 0
    126 58 31 212 119 249 0 58 0 9 97 239 255 255 0 127 231 245 172 255
    255 64 0 112 163 189 0 108 94 135 0 255 73 0 180 27 189 68 241 149
    61 243 0 4 53 177 226 106 24 255 110 255 255 255 102 193 255 246 0
    138 14 255 125 255 132 16 67 198 216 0 255 0 153 255 0 0 50 127 132
    238 119 169 78 255 0 0 61 139 255 132 255 72 84 0 164 0 44 16 103 0
    57 133 33 0 209 138 122 219 204 163 217 255 19 235 30 0 199 22 255
    234 126 255 0 150 38 45 224 0 241 113 29 206 79 255 14 122 1 66 132
    176 0 25 30 44 149 39 241 214 0 135 46 97 0 240 0 37 87 244 0 0 255
    255 117 0 30 244 0 177 0 40 255 225 50 144 255 187 104 0 255 14 155
    0 225 255 255 239 255 0 233 73 0 14 253 72 11 203 0 164 31 76 255 3
    14 250 44 34 228 208 61 0 90 93 255 212 185 0 162 0 255 142 0 89 7
    90 0 241 255 0 135 255 117 173 6 255 0 255 0 68 255 0 143 126 239
    170 208 22 144 0 255 244 81 221 255 65 178 1 255 210 7 0 139 180 255
    211 29 204 135 133 238 25 229 133 255 125 133 255 0 216 220 255 252
    1 255 117 255 255 48 15 77 48 0 255 125 107 56 223 237 0 71 255 23 0
    0 20 255 0 75 80 239 27 68 0 255 58 255 248 43 59 255 62 233 31 202
    67 144 255 255 126 109 42 44 151 0 0 9 139 255 255 255 255 205 83 0
    127 0 117 65 255 246 255 216 156 255 231 190 0 0 227 255 99 255 0
    255 0 132 83 16 133 255 255 255 0 140 198 0 168 54 0 0 136 234 0 198
    155 40 255 248 217 205 255 0 180 255 58 0 97 0 28 255 8 255 224 183
    255 83 122 0 0 72 13 0 134 88 64 195 177 243 255 0 252 255 255 78
    204 255 56 42 23 201 0 255 205 7 112 255 0 189 255 29 218 158 204
    147 238 34 117 0 0 0 72 113 113 151 158 44 117 117 0 0 0 255 139 0
    255 229 178 255 206 212 0 0 140 0 132 255 137 205 154 225 88 255 56
    255 226 218 21 222 153 66 255 162 214 255 0 37 249 150 1 0 255 255
    155 57 194 255 0 0 231 255 221 0 0 63 86 86 116 255 255 0 0 231 194
    94 71 240 0 161 112 123 255 230 0 158 255 43 125 0 223 255 0 1 26
    180 47 0 255 255 203 39 3 101 255 1 113 16 255 148 206 206 213 2 0 0
    0 0 0 226 0 180 122 0 165 199 201 255 0 1 116 51 234 228 255 54 75
    255 109 255 6 172 222 52 189 255 255 238 138 255 208 38 198 255 0
    200 164 200 86 0 12 0 15 109 255 200 0 58 215 46 28 162 73 127 150
    186 192 255 0 72 0 0 21 0 255 123 49 10 42 59 125 255 184 255 4 209
    235 38 32 238 255 129 10 28 53 0 0 20 60 65 19 88 255 115 37 11 74
    235 0 44 185 255 255 79 27 134 0 183 255 90 255 194 12 255 7 1 182
    215 58 255 143 223 0 255 62 104 10 0 133 140 250 38 249 142 255 61
    190 61 137 163 148 168 255 230 230 247 0 0 160 255 150 160 232 21
    131 206 1 255 33 255 0 241 54 106 0 100 0 147 238 65 102 187 252 0
    39 128 149 0 211 0 250 13 0 255 154 0 255 111 203 255 220 73 3 131
    162 243 252 209 255 255 204 125 83 0 170 172 255 103 0 7 156 0 84
    255 127 255 171 110 255 94 88 255 211 250 0 33 82 192 31 0 0 187 78
    0 255 38 95 255 199 68 255 57 27 186 0 37 111 0 0 1 255 255 123 248
    255 176 157 255 189 77 0 255 141 0 255 255 135 44 232 0 103 255 242
    0 0 100 255 0 0 86 112 255 0 93 197 110 101 128 215 19 251 0 5 237
    219 0 83 103 255 231 254 157 3 22 50 0 255 255 10 0 0 255 65 107 255
    124 196 46 0 255 255 0 227 59 133 113 255 243 161 111 195 0 67 0 254
    67 255 64 62 172 123 243 13 140 184 0 11 254 255 217 0 214 129 0 255
    95 0 172 0 0 255 29 0 126 255 193 127 255 213 0 255 97 60 108 161
    205 255 165 202 0 36 0 221 0 0 0 71 255 0 0 193 0 255 86 153 53 0
    178 149 0 237 170 10 153 255 189 174 18 221 0 255 154 37 108 255 180
    255 106 255 104 209 99 67 255 22 0 3 67 133 255 124 109 223 0 177 31
    207 94 208 29 69 167 255 225 0 255 0 93 18 190 161 0 255 0 82 0 78
    184 0 123 255 42 228 56 180 255 16 255 126 255 138 66 153 18 0 74
    166 3 131 30 255 206 141 113 255 0 235 182 17 88 142 241 158 44 54
    133 215 0 140 0 170 226 66 244 247 142 237 0 225 189 4 210 0 86 0 21
    36 0 255 14 147 100 0 249 175 140 167 214 206 213 86 255 117 57 98
    215 255 0 0 162 29 0 77 82 255 23 0 245 255 59 255 232 14 233 255 0
    55 186 92 0 99 122 175 0 0 206 160 135 206 38 97 0 79 246 140 54 121
    255 18 107 0 178 0 47 16 184 0 255 153 255 129 255 0 255 2 13 224
    255 90 189 0 246 209 229 0 14 255 255 235 228 131 0 181 157 253 255
    58 246 31 0 249 131 0 0 153 255 181 77 35 0 105 117 64 0 218 211 212
    0 126 57 0 63 255 41 255 249 47 117 14 255 230 135 255 244 255 7 255
    255 137 253 0 216 194 0 58 241 248 12 0 51 0 0 217 191 25 0 255 164
    156 129 255 47 255 4 26 124 255 0 201 0 0 255 156 214 255 255 199
    255 32 149 95 0 0 70 255 194 77 183 255 255 221 0 15 44 255 162 255
    0 224 255 10 175 104 255 0 69 255 19 0 146 0 255 147 181 255 0 100 0
    54 82 238 75 202 0 255 190 94 18 240 233 0 18 255 0 124 246 6 252
    204 48 0 90 5 0 123 0 255 255 255 55 208 187 94 255 166 126 162 37
    255 1 55 102 71 98 0 255 174 138 71 252 0 255 0 255 187 65 0 255 0 0
    32 14 17 215 175 252 0 214 0 0 217 255 119 255 232 0 21 75 41 0 0 0
    38 124 132 255 176 2 248 255 0 174 15 0 0 0 0 235 190 218 83 166 255
    253 108 255 238 72 255 235 255 194 255 24 0 140 3 196 6 238 113 176
    17 79 127 183 90 154 255 71 139 233 0 0 161 165 226 255 139 102 15 0
    37 255 49 217 0 121 255 255 175 151 38 208 148 165 18 0 163 0 32 245
    222 0 255 255 0 255 0 214 0 122 39 175 39 0 0 100 168 137 125 233
    255 0 0 212 162 117 255 255 125 255 248 181 189 248 51 43 135 218
    183 5 136 232 86 178 125 91 86 75 255 10 51 255 200 20 221 255 148 0
    255 219 143 89 195 120 128 84 83 129 81 40 59 117 255 255 44 120 96
    203 223 255 95 77 200 228 255 255 255 209 213 255 46 207 12 110 153
    39 113 83 255 0 196 255 216 57 247 122 255 124 151 0 116 214 106 85
    35 93 255 0 198 96 196 90 251 62 47 74 153 39 128 84 75 69 255 255
    255 25 133 255 255 40 171 180 255 0 78 86 54 255 255 69 131 255 225
    211 64 235 255 0 18 133 255 43 244 254 188 255 255 0 70 179 153 0
    242 44 0 249 17 74 35 241 231 0 108 240 36 206 54 0 231 235 0 14 52
    255 123 254 6 0 0 15 20 202 255 109 0 0 182 233 119 0 88 133 0 255
    105 19 16 255 149 97 255 104 255 255 104 48 255 56 255 70 255 211 0
    104 255 255 29 141 73 0 218 255 146 84 0 62 120 13 149 0 111 0 84
    255 71 191 78 255 102 236 0 0 130 54 255 56 255 252 38 157 0 255 221
    50 64 95 131 0 153 255 0 255 255 0 255 117 255 0 0 135 92 216 81 192
    191 0 222 151 255 255 123 255 255 145 94 23 142 78 212 255 88 45 0
    58 255 255 151 0 210 196 255 115 75 0 11 0 0 0 132 255 255 205 118
    163 228 123 255 110 255 0 255 0 255 121 18 191 255 16 255 206 30 255
    231 93 42 6 0 255 0 22 176 246 103 255 229 255 222 241 0 255 245 7
    255 253 255 255 127 117 110 71 255 0 178 45 0 131 0 130 255 182 137
    171 63 245 233 141 153 0 53 191 0 0 255 55 57 246 157 26 0 255 245
    139 196 255 255 46 160 128 122 0 213 88 0 255 167 123 247 250 216
    255 0 186 157 183 255 255 255 69 63 38 0 243 255 255 12 77 147 0 174
    30 255 20 80 80 255 255 0 255 75 157 94 52 6 0 122 209 205 0 179 170
    0 183 221 255 193 193 255 218 0 255 27 255 0 24 0 255 179 155 0 0
    149 72 0 189 0 0 0 255 164 236 160 153 253 255 255 255 210 255 112
    52 193 148 47 0 0 9 190 232 0 56 0 193 5 255 0 255 0 255 92 204 243
    158 119 82 77 0 180 0 217 238 121 0 0 0 122 222 0 2 148 0 0 255 66 0
    0 255 0 95 255 140 246 0 152 243 255 0 0 64 102 73 0 249 0 0 137 67
    255 19 154 70 0 0 0 255 117 91 255 245 57 35 255 237 197 99 72 255
    205 91 38 163 0 125 213 8 202 255 0 21 79 25 214 119 0 91 73 167 59
    0 57 180 70 0 92 255 167 240 89 245 0 4 102 0 249 128 3 214 0 181 51
    81 235 15 0 103 0 255 163 129 201 0 0 255 195 255 0 209 0 147 163
    103 131 16 88 0 111 53 0 0 44 0 178 0 0 37 165 46 0 56 255 108 0 255
    32 159 255 255 242 252 0 188 255 203 3 220 191 255 206 0 179 255 180
    240 0 46 0 255 16 184 50 67 255 255 16 176 0 115 255 117 0 135 255
    255 239 55 60 246 0 167 0 196 247 0 124 78 186 35 119 255 0 130 0
    196 1 95 255 255 250 95 255 0 77 0 0 0 255 240 89 42 0 6 0 0 0 249
    166 0 237 174 255 0 255 215 255 109 176 241 177 7 163 149 255 147 0
    193 144 231 234 53 47 210 84 255 255 68 211 0 0 0 185 0 76 0 180 255
    109 164 190 0 60 72 241 158 214 138 193 227 21 235 0 14 255 147 0
    255 224 255 84 255 249 0 28 17 83 119 181 12 20 130 153 233 0 0 255
    22 255 156 216 0 196 1 0 0 227 0 255 86 0 255 255 33 167 206 255 145
    255 36 122 0 0 0 28 0 72 37 153 114 0 255 0 73 52 255 208 184 255 35
    46 231 196 132 204 0 211 68 104 139 255 255 111 255 132 238 0 255
    255 169 189 37 200 132 0 255 0 139 142 156 30 247 53 215 255 0 41
    206 2 145 239 115 69 21 208 252 192 255 50 62 255 255 91 255 142 116
    16 195 207 121 22 0 179 255 18 93 125 208 48 255 92 26 167 136 239
    255 0 205 0 165 228 30 69 255 255 208 234 255 0 255 255 0 211 101
    255 186 0 127 46 146 54 207 255 208 248 255 199 97 0 0 202 179 46 15
    89 220 89 44 255 255 255 229 233 0 210 159 0 255 255 173 0 130 88
    166 101 0 255 255 94 125 69 255 0 199 195 98 159 0 255 222 77 241
    168 226 0 0 255 113 6 133 255 255 105 0 43 247 255 78 165 0 15 0 13
    75 212 255 13 0 255 124 0 132 164 5 238 103 82 0 103 128 250 178 64
    185 0 73 255 255 255 0 255 255 255 255 111 255 255 0 195 238 0 16
    148 0 153 0 27 0 0 9 228 34 141 105 255 110 255 60 255 201 255 9 230
    241 16 238 0 135 0 47 0 157 75 101 0 188 132 255 144 0 0 12 194 26
    233 255 0 0 126 143 0 34 186 119 147 129 93 73 0 111 0 208 249 246
    107 5 0 0 54 39 0 0 255 255 108 145 151 101 187 255 0 255 0 239 180
    0 227 81 208 108 217 19 214 48 238 229 238 171 152 42 113 117 28 51
    229 9 0 0 254 255 255 132 173 57 255 255 198 255 34 0 255 73 135 137
    255 0 0 91 54 172 0 240 199 78 255 100 33 190 5 105 20 170 249 0 67
    192 78 183 247 172 9 70 49 255 255 183 126 36 44 72 255 235 16 29
    144 136 0 137 255 0 255 255 229 255 117 170 0 0 28 255 0 255 31 118
    206 255 63 0 67 141 255 255 74 104 255 76 252 0 117 69 176 132 201
    162 129 255 192 0 56 217 0 61 245 255 0 0 255 0 81 163 197 63 255
    111 255 0 247 214 239 42 255 100 158 81 236 14 181 244 98 218 179
    149 74 0 255 118 0 0 114 255 23 98 187 210 3 0 244 255 139 11 125
    255 129 151 0 226 90 255 0 0 81 173 174 184 211 75 142 255 255 154
    255 255 255 238 0 215 183 68 60 16 239 255 109 23 146 255 57 31 0
    255 0 255 147 255 18 255 187 192 10 0 84 3 50 35 56 114 13 53 160 0
    0 255 238 156 209 171 0 0 162 0 90 255 0 140 167 15 0 191 255 252
    255 255 0 133 0 0 220 207 56 0 255 0 107 0 255 50 46 255 77 255 27
    56 209 0 255 14 0 74 255 172 210 210 217 156 255 49 178 75 70 245
    214 181 74 23 234 66 201 0 32 246 212 255 255 0 255 28 165 0 229 29
    155 150 0 225 95 75 47 175 0 13 0 255 0 28 0 7 100 119 255 0 131 199
    255 255 255 204 255 255 41 128 0 39 86 41 85 106 219 255 202 37 255
    185 239 0 20 0 37 75 15 0 103 212 101 132 0 255 0 30 255 25 102 175
    255 203 31 128 107 255 255 206 255 0 255 155 127 255 0 255 86 139
    255 240 35 255 130 0 0 219 255 255 0 255 186 221 255 51 21 255 0 0
    113 255 224 15 255 247 92 1 11 255 217 234 118 40 139 5 31 255 255 0
    0 83 0 0 0 90 0 0 196 231 112 19 254 73 0 255 139 206 130 177 41 0
    24 43 0 178 93 255 0 112 0 76 255 173 255 121 255 0 0 0 210 82 0 94
    0 0 255 249 0 96 0 255 184 192 82 0 7 198 126 144 105 231 183 255
    251 147 0 172 233 206 0 0 0 0 0 245 150 237 90 116 176 89 255 108 60
    112 71 255 255 194 255 52 32 204 10 47 98 0 189 255 23 38 240 190
    182 38 255 164 48 0 0 255 182 0 255 250 125 22 255 0 255 0 147 191
    255 53 0 98 197 74 0 176 207 216 255 255 172 0 186 140 4 75 78 255
    132 222 55 0 86 57 115 0 50 69 255 68 34 61 255 26 59 0 255 0 60 49
    130 255 255 255 3 69 0 0 255 255 220 189 0 255 255 243 52 175 255 0
    255 19 192 186 255 255 48 0 130 0 0 255 255 255 255 223 255 28 234
    34 255 0 93 64 155 247 137 252 219 255 255 191 43 223 65 37 106 229
    131 0 166 255 27 246 215 0 44 139 43 53 66 60 192 183 255 173 247
    212 0 0 0 76 0 0 155 182 255 254 177 114 55 0 183 0 145 255 0 255 0
    0 108 255 16 166 64 13 43 0 0 178 0 255 0 60 255 186 255 162 39 46
    70 105 36 0 255 71 0 200 2 210 153 108 75 0 146 69 255 255 176 0 217
    246 175 250 26 174 163 255 80 255 137 231 49 146 165 15 33 47 51 0
    198 255 49 255 134 0 18 0 0 22 150 45 248 255 49 174 255 236 255 136
    243 56 161 83 82 133 77 0 75 0 255 244 0 185 218 204 30 0 255 255
    159 239 255 0 228 255 203 80 141 222 138 0 13 255 224 255 167 187
    255 197 18 0 255 251 42 20 255 0 255 0 169 195 109 38 51 63 0 255
    255 96 180 0 195 255 234 255 0 255 255 143 77 255 0 53 55 50 166 9 0
    209 215 108 60 255 92 255 255 255 16 0 255 0 30 76 88 255 231 37 53
    252 238 136 197 255 92 255 167 3 201 173 1 240 67 36 129 247 37 15
    244 0 149 175 182 255 0 255 255 50 0 0 255 99 0 228 255 25 64 129
    203 255 162 0 255 160 255 186 99 132 0 6 189 255 13 0 255 50 159 249
    255 255 56 0 255 199 135 158 63 78 0 87 0 121 255 149 63 255 210 86
    0 0 211 252 217 51 255 89 149 35 255 226 0 255 150 13 64 57 255 255
    0 65 6 198 93 255 0 198 72 199 0 71 19 65 231 150 71 255 206 147 250
    255 47 139 0 255 206 219 0 138 0 109 45 255 0 204 234 255 54 255 255
    171 182 255 96 241 0 255 255 5 60 196 114 0 0 127 7 60 255 255 0 0
    255 0 207 207 33 159 255 57 255 76 189 74 154 33 71 135 215 141 100
    255 209 33 210 78 226 40 181 175 236 77 0 159 203 162 208 0 122 254
    75 0 219 168 225 0 255 83 0 1 173 0 52 255 87 0 228 155 255 255 11
    255 162 40 160 92 0 247 31 122 233 243 176 6 101 255 0 78 154 14 206
    47 219 1 255 244 49 223 15 0 0 244 0 29 0 249 32 77 236 182 252 252
    255 40 125 233 1 155 255 13 92 40 255 255 115 0 0 161 158 0 220 255
    191 65 0 62 243 96 255 64 32 2 147 36 0 190 222 55 210 255 88 10 0
    14 48 60 8 255 131 17 133 255 56 60 184 66 118 255 99 3 30 21 62 0
    200 176 255 255 216 255 0 255 231 181 255 27 255 255 202 122 202 255
    255 151 193 51 129 0 255 192 255 161 0 37 248 70 10 0 143 180 111 72
    207 0 255 166 0 177 0 93 49 0 133 55 95 0 78 113 54 255 0 255 255
    255 255 255 35 238 44 255 0 216 255 221 248 77 78 22 246 98 0 0 198
    137 48 146 206 0 109 169 211 255 156 255 183 255 0 255 0 128 168 164
    255 232 104 94 172 136 181 0 233 191 53 64 41 172 254 167 177 49 133
    28 198 0 170 163 255 24 234 248 96 115 0 0 0 0 0 0 20 247 0 0 0 91 0
    0 255 28 192 137 234 78 255 195 16 67 30 203 255 31 19 82 255 0 0 0
    0 0 200 0 207 255 128 45 114 32 164 255 255 0 255 255 101 214 230 0
    74 255 143 255 0 86 70 125 192 3 225 246 14 0 255 164 180 65 255 11
    0 8 123 255 255 255 36 108 208 43 0 100 183 0 135 45 255 255 78 255
    176 255 255 255 10 216 15 173 0 82 0 168 0 79 57 28 255 255 156 250
    243 237 0 198 103 0 255 160 0 0 255 178 76 24 220 139 0 70 255 115
    53 196 105 255 0 255 0 255 196 9 91 99 211 0 255 0 7 36 17 0 0 79
    255 13 143 57 255 113 255 201 0 29 104 58 147 103 156 149 174 255 62
    250 255 0 134 156 180 23 0 86 255 11 82 255 0 0 255 158 161 29 165
    255 58 173 121 82 255 9 12 110 0 76 0 0 250 13 102 253 187 0 33 122
    0 23 7 118 244 174 100 145 111 125 0 115 0 244 255 83 200 255 0 255
    14 155 225 114 25 87 255 158 0 255 151 255 0 172 118 0 45 0 0 99 253
    0 248 255 255 255 0 255 214 111 255 43 28 0 255 159 0 0 170 255 255
    247 255 87 192 255 232 192 43 226 158 97 255 255 111 0 109 255 171 0
    85 0 236 204 255 253 17 0 79 0 0 142 255 0 247 0 0 213 0 255 190 0 0
    0 80 55 165 81 255 57 255 169 35 16 160 48 202 0 255 0 0 168 76 86
    217 0 53 255 202 122 98 101 49 219 0 222 0 159 215 0 255 255 200 0
    34 196 206 139 0 241 255 211 100 255 253 205 0 202 84 44 255 0 162
    48 0 88 0 233 241 207 186 0 255 255 28 255 92 249 219 107 61 35 86
    81 0 0 92 163 237 255 0 255 0 157 12 106 91 0 83 3 38 142 43 0 0 255
    67 131 255 226 0 25 255 41 60 255 166 255 248 247 255 0 255 0 92 0 0
    162 0 48 0 32 119 169 9 34 0 181 115 0 185 205 210 62 88 255 236 244
    233 132 198 0 51 255 0 255 168 255 255 122 0 200 255 61 216 102 104
    255 168 0 192 215 0 255 255 0 7 52 129 255 0 116 204 255 96 0 138
    255 0 170 0 80 255 241 107 185 255 150 223 167 204 241 64 43 165 255
    255 152 227 186 247 255 0 81 159 0 165 164 0 0 148 161 0 13 255 151
    254 255 181 0 67 117 255 45 255 0 0 255 0 23 138 96 167 255 255 136
    255 255 231 200 0 165 220 0 225 189 115 116 102 25 0 154 255 63 150
    148 255 25 97 193 255 34 255 0 174 231 43 8 127 0 208 242 210 195 31
    83 121 255 0 184 113 255 255 255 170 111 159 216 165 0 0 0 0 45 172
    176 0 0 237 5 205 255 32 182 80 255 158 255 255 0 206 66 89 201 187
    219 255 245 255 126 13 0 255 164 245 1 0 255 99 0 248 255 255 206
    131 169 0 32 0 245 13 175 255 158 147 255 35 255 153 5 116 151 82
    158 120 238 119 38 255 0 164 233 165 12 243 76 0 0 205 176 0 243 80
    255 111 255 0 0 255 255 0 14 50 255 177 66 255 5 117 140 0 199 139
    196 37 255 125 0 78 124 50 167 20 255 255 183 224 105 251 255 5 255
    165 124 253 0 241 255 0 114 164 6 7 255 255 130 34 0 121 183 11 146
    69 255 0 122 112 255 120 124 103 199 13 67 98 255 146 66 243 0 7 71
    255 0 24 244 161 210 23 43 174 140 173 117 33 255 116 255 120 255
    255 34 255 0 99 103 222 197 255 231 181 171 0 202 221 255 163 255 0
    243 0 193 11 0 0 0 243 137 30 123 137 175 174 198 0 243 0 39 117 33
    255 255 0 255 255 71 68 14 218 0 219 68 161 255 137 51 255 255 35 0
    103 116 202 21 94 255 128 231 75 69 255 255 10 158 162 0 194 0 255 0
    197 240 0 29 235 142 222 255 127 197 124 174 0 198 255 255 102 246 0
    255 62 193 51 116 255 229 255 47 59 224 0 0 239 44 45 202 0 255 0
    255 255 0 41 255 0 124 0 34 59 125 249 100 0 54 162 0 88 184 0 0 188
    0 107 0 75 108 152 254 0 165 0 103 184 63 100 184 115 25 255 112 0 7
    1 0 208 255 10 0 182 207 152 223 202 131 255 0 41 0 47 255 0 95 207
    0 202 255 135 120 255 215 0 139 125 90 241 33 252 35 205 255 129 83
    17 144 253 255 50 223 0 0 158 211 255 255 33 102 0 50 112 122 239 0
    128 0 181 129 255 94 255 48 36 255 0 218 132 104 202 84 128 153 131
    123 158 180 152 255 255 0 178 144 255 247 255 0 83 214 0 255 160 255
    201 0 99 76 0 76 255 193 151 120 11 125 255 219 255 73 247 255 229
    101 17 0 0 58 178 76 0 255 209 57 172 102 42 4 255 255 255 87 0 255
    97 14 198 12 255 0 209 0 0 166 44 255 96 81 0 119 255 127 92 157 143
    217 255 218 255 46 0 117 160 64 255 255 0 171 24 255 113 84 85 22 43
    90 19 179 226 170 255 235 255 159 252 87 166 211 0 53 255 84 0 208 0
    143 0 255 255 0 255 255 98 238 35 102 255 194 0 180 9 173 255 224
    175 105 0 0 191 0 0 236 0 255 47 4 0 1 0 92 39 0 177 0 79 27 107 87
    242 0 255 82 68 80 205 255 255 173 255 255 249 117 154 255 122 218
    223 29 255 137 255 103 255 130 255 236 206 210 96 2 0 0 86 63 255 50
    219 207 153 251 255 76 249 255 153 72 15 111 69 0 145 44 238 27 0
    176 0 255 0 227 0 97 0 208 215 0 136 39 255 196 69 0 30 0 0 130 43
    146 0 30 99 169 0 0 0 137 0 91 255 110 26 0 28 165 0 48 142 91 116
    255 230 142 161 215 67 205 104 224 0 146 57 14 255 158 255 135 255
    255 184 37 0 0 255 116 144 124 17 182 190 255 0 255 18 255 0 206 85
    56 255 0 132 249 0 23 255 255 43 195 125 33 255 227 84 83 19 64 0
    105 140 183 5 179 67 255 157 140 93 147 0 94 212 0 255 0 152 255 0
    114 4 201 0 0 171 0 0 87 163 184 255 0 35 66 82 0 0 143 39 252 255
    114 200 219 180 147 255 0 28 255 0 12 79 166 190 50 223 65 255 255
    84 4 193 22 43 0 106 67 209 21 61 255 180 122 255 185 16 0 83 0 214
    91 70 127 255 0 255 53 255 4 123 132 255 255 163 0 65 233 221 24 18
    255 58 255 0 161 0 139 108 255 75 255 0 72 153 0 178 255 255 54 77
    239 255 172 121 255 104 86 255 70 255 0 31 255 72 169 0 116 5 8 255
    0 255 44 255 88 255 255 0 154 0 0 0 8 0 175 57 71 43 0 118 255 91
    236 211 255 0 0 0 238 0 85 138 132 60 174 199 0 255 101 115 255 255
    255 255 107 152 255 255 144 36 251 88 0 95 119 219 237 255 49 40 8
    253 194 0 255 81 255 248 56 189 255 189 31 214 130 203 141 98 246
    154 124 0 41 141 119 90 1 199 255 91 3 255 55 39 21 205 255 0 0 255
    140 255 255 255 0 0 255 208 243 48 25 255 128 140 109 0 0 170 255
    255 255 255 255 237 0 222 171 255 213 0 0 198 255 29 36 0 255 26 74
    111 0 147 255 216 57 119 0 202 167 161 255 255 10 103 65 80 78 255 0
    255 26 0 195 0 84 176 66 35 173 141 255 255 108 255 0 205 255 163 0
    255 255 255 249 255 94 220 196 255 255 94 164 255 250 16 0 255 124
    200 16 138 255 0 81 169 68 22 239 62 227 54 127 0 255 73 125 255 255
    255 255 13 0 0 188 104 50 0 155 82 64 255 0 91 247 220 255 0 0 255
    255 0 5 104 45 0 255 0 0 217 255 255 253 255 0 255 120 104 180 255
    209 64 59 0 110 162 0 12 228 255 4 255 185 0 255 51 255 255 159 38
    177 147 0 69 79 144 93 255 255 198 154 255 34 35 0 255 199 0 35 96
    75 184 0 112 215 255 0 205 208 0 0 32 0 33 0 187 237 80 0 225 255 48
    255 95 3 255 0 50 104 229 79 134 214 162 192 0 53 92 86 226 61 255
    217 64 198 91 184 0 64 163 81 0 225 118 255 47 46 184 50 255 43 214
    0 71 225 138 66 255 207 28 198 0 0 182 6 2 255 238 100 30 20 255 0 0
    255 51 0 204 67 0 136 0 73 87 0 23 213 255 0 0 8 60 184 215 203 246
    0 248 140 85 0 126 32 0 0 39 119 255 163 0 147 99 0 225 230 75 151
    163 0 90 45 0 253 0 255 33 251 104 156 160 215 0 0 0 255 0 0 49 51
    141 156 153 198 141 0 180 255 0 119 170 55 2 255 247 128 255 255 72
    207 135 255 174 146 162 190 205 215 226 19 255 0 110 205 171 0 180
    165 181 237 43 25 75 12 0 137 0 255 255 0 255 14 255 255 0 0 55 159
    0 176 40 206 143 165 23 255 136 255 0 0 235 14 255 229 64 188 0 122
    59 255 42 230 255 255 103 255 90 0 210 255 255 214 255 94 255 0 99
    209 142 58 253 30 255 221 0 0 0 0 205 0 55 241 255 157 255 0 183 255
    97 255 132 249 174 0 0 0 0 255 0 93 171 142 255 255 151 255 209 255
    0 255 168 0 205 69 178 255 212 230 0 255 255 130 171 6 0 206 92 216
    220 16 175 255 255 225 255 183 112 179 166 216 31 255 255 232 90 0
    32 183 255 152 255 0 101 6 255 255 60 184 175 0 151 212 60 95 219
    255 255 255 176 236 145 0 0 118 0 236 247 255 0 0 199 118 39 52 228
    255 0 255 205 0 27 226 255 163 10 151 0 50 215 127 0 255 121 0 255 0
    149 44 23 252 255 207 255 91 0 39 0 228 112 85 57 183 255 0 192 216
    255 75 41 0 109 255 100 255 61 101 255 11 0 83 0 255 0 74 45 255 58
    255 255 131 4 59 255 151 186 0 163 255 74 255 255 255 0 227 255 142
    68 26 213 160 80 91 0 174 107 224 255 255 184 45 255 238 255 255 255
    0 192 255 76 119 37 0 106 115 186 0 232 255 51 189 22 39 0 145 159 0
    39 11 119 175 179 69 187 7 28 34 0 255 20 239 190 245 148 126 255 66
    172 246 45 118 0 0 214 255 0 36 234 0 0 255 122 0 199 146 0 0 163
    139 71 0 0 137 47 9 0 195 255 58 0 169 122 39 0 255 0 66 105 242 255
    255 255 255 255 0 158 255 26 68 255 255 1 206 183 48 0 255 0 255 111
    0 211 255 221 141 11 0 255 255 240 0 0 41 143 241 151 226 33 255 255
    224 0 0 151 195 25 0 255 139 0 0 255 230 107 56 0 17 43 217 0 163 18
    22 255 172 63 0 42 255 255 38 94 255 4 124 113 5 184 0 34 0 0 216
    197 228 0 125 255 255 69 94 255 255 123 8 97 0 0 181 5 255 255 108
    255 0 142 150 62 107 111 167 240 186 255 70 79 146 255 102 255 255
    255 208 255 131 58 184 183 255 255 0 65 128 85 46 224 90 255 255 0
    151 246 151 195 255 34 0 168 67 2 0 253 255 51 1 0 171 109 255 255
    255 191 98 255 201 255 195 255 159 156 231 116 255 0 255 255 143 66
    0 255 200 0 105 121 0 157 0 89 185 253 150 0 0 0 0 0 0 43 221 179 38
    62 0 255 107 0 250 255 255 48 221 254 0 0 1 113 25 81 0 0 0 0 86 251
    255 87 0 71 66 192 226 20 226 134 208 162 53 49 255 213 176 54 70 97
    255 9 255 201 0 229 0 142 0 4 117 20 84 255 255 159 255 255 218 255
    51 93 189 103 58 220 0 255 147 0 255 214 255 255 0 255 160 0 95 239
    202 89 255 255 255 47 255 158 145 47 122 219 189 186 0 11 18 15 176
    255 255 26 67 225 0 8 255 0 255 255 13 55 255 18 255 0 147 0 16 255
    79 156 74 187 202 0 165 17 0 0 0 0 159 0 0 206 231 23 255 0 0 91 0
    168 0 0 176 255 237 0 0 163 167 86 41 255 255 225 66 0 255 18 255
    255 0 192 255 255 187 0 162 189 36 210 0 0 255 120 0 0 136 203 255
    255 222 251 237 15 118 251 255 34 0 119 157 163 178 0 28 85 100 0 49
    199 142 6 255 247 49 95 133 199 0 222 221 41 47 159 17 255 168 0 146
    9 0 82 255 0 0 54 82 255 5 0 0 246 131 255 0 202 221 105 255 0 213
    123 172 197 255 75 255 255 97 53 159 255 126 255 247 219 120 113 0
    255 255 0 207 174 255 0 67 108 105 151 0 108 0 216 177 50 255 0 99
    152 215 154 140 222 240 74 119 141 0 0 208 18 255 29 165 191 167 200
    32 213 16 23 0 30 50 36 255 0 251 10 217 255 157 30 43 49 89 119 112
    255 103 163 124 139 96 0 209 17 0 236 121 198 123 151 46 169 23 230
    102 182 176 20 0 0 78 255 43 244 6 112 17 122 190 65 120 255 255 42
    149 184 65 206 0 0 0 8 82 180 0 112 17 190 164 0 255 172 188 100 18
    76 121 253 0 85 255 153 202 0 115 115 0 103 85 0 207 105 81 174 185
    64 49 161 0 0 60 0 212 9 0 255 60 11 251 255 0 0 255 152 163 35 255
    255 0 255 121 255 33 255 255 249 1 255 157 0 0 148 95 95 42 126 0
    197 164 255 0 255 255 233 255 205 255 125 244 255 55 141 0 0 255 66
    10 0 0 0 104 9 3 59 255 189 0 6 0 232 136 99 235 18 255 0 105 220
    255 255 60 0 0 79 84 90 0 201 0 150 155 0 191 120 74 0 255 255 0 255
    244 255 152 255 105 207 134 255 52 136 0 161 255 255 255 175 255 152
    219 113 34 243 93 0 126 255 230 37 237 98 255 234 63 0 224 255 79 26
    250 215 0 116 139 173 139 212 255 152 240 36 81 81 255 0 25 35 69 36
    213 107 227 213 161 145 212 255 255 255 255 255 24 0 242 207 126 0
    255 0 0 255 97 0 27 255 107 0 60 136 255 166 0 255 220 223 164 243 0
    0 141 51 123 0 255 80 255 248 131 36 161 25 0 0 217 255 4 1 146 0
    234 0 168 255 255 0 48 139 4 18 37 236 102 46 0 255 0 88 187 0 189
    37 114 193 109 242 138 116 123 98 127 133 219 201 202 175 255 255 18
    0 0 218 6 0 0 75 160 0 0 22 255 87 138 13 0 255 137 217 210 190 186
    54 246 44 0 0 116 101 131 18 229 255 190 254 220 113 41 0 71 255 255
    75 255 0 212 142 215 217 255 255 160 35 188 255 164 255 255 165 0
    245 223 77 135 165 0 215 4 82 237 0 0 75 175 188 219 255 162 0 16
    225 255 97 255 255 58 16 202 76 175 13 0 58 79 0 204 94 14 181 248
    204 201 150 255 95 11 73 0 231 255 17 169 253 98 16 255 255 0 0 255
    0 0 5 165 210 201 255 255 12 4 255 225 161 62 0 67 36 74 0 255 249
    19 104 0 0 31 0 0 108 230 0 22 182 40 99 0 0 255 238 184 240 255 196
    19 255 183 173 198 255 182 0 255 174 16 205 127 164 255 255 0 85 0
    255 255 159 235 0 70 255 0 183 125 0 189 72 126 0 58 242 255 228 102
    177 0 160 206 240 143 43 0 139 122 89 176 255 198 0 39 93 157 255
    141 0 140 193 172 14 24 208 255 206 225 0 255 94 125 255 122 240 149
    200 243 72 255 203 22 255 0 132 255 115 131 0 255 250 255 245 0 155
    146 255 197 44 166 255 39 0 86 169 0 82 43 96 66 101 108 81 0 104
    255 255 0 255 11 255 255 255 0 255 130 2 204 208 1 38 0 255 54 145
    121 101 0 129 0 6 118 13 146 243 75 0 255 70 223 223 59 255 154 211
    0 108 0 249 255 255 255 208 5 255 0 15 255 175 211 14 255 81 255 0
    98 255 121 253 0 0 104 255 234 34 255 0 119 176 228 212 41 225 0 249
    255 0 255 255 177 241 46 206 214 0 43 82 255 174 234 255 255 148 255
    208 0 215 0 152 255 69 116 0 192 255 239 107 255 0 131 166 0 0 64
    190 106 88 41 151 221 8 239 203 93 210 166 129 136 205 72 0 61 255
    255 0 63 42 0 0 81 255 0 255 108 255 113 237 155 37 227 0 255 221
    106 0 55 33 255 0 126 255 0 75 120 80 0 54 90 255 0 217 240 0 236 0
    86 240 212 255 12 255 247 127 255 0 255 183 170 193 16 255 255 227
    255 255 0 5 98 4 206 231 228 236 210 0 145 0 0 27 136 211 153 0 0 87
    145 0 35 0 25 136 0 255 188 226 255 0 182 47 49 52 117 0 23 1 0 108
    0 101 17 209 255 253 208 237 193 255 192 196 0 112 178 156 0 103 33
    20 100 47 0 235 0 73 100 23 246 183 0 52 141 133 154 3 255 50 255
    255 13 194 21 212 255 118 0 84 193 0 188 240 111 250 196 255 0 137
    203 5 0 255 255 255 0 39 240 0 255 255 224 138 240 0 51 130 56 255
    68 1 255 173 195 105 246 190 255 255 4 0 255 0 66 96 152 255 0 250
    155 27 0 228 0 0 134 70 11 62 165 115 255 0 144 166 122 1 149 227 0
    84 51 255 0 222 117 125 121 0 0 250 0 55 253 255 81 249 139 0 232 0
    147 147 255 14 152 66 158 0 206 44 100 186 250 238 255 30 248 155
    153 147 0 144 31 13 144 255 162 82 59 78 63 188 0 255 161 10 127 87
    0 52 157 66 111 255 24 249 208 0 180 17 0 5 0 28 220 29 255 94 141 3
    230 87 0 142 144 142 0 30 255 157 30 162 85 148 153 215 83 120 225
    32 66 238 255 220 72 238 175 62 62 81 255 127 122 255 140 185 188
    255 117 0 0 0 255 148 199 224 0 0 23 100 255 20 0 188 0 0 0 255 14
    255 162 0 167 235 0 255 37 77 255 255 0 162 0 134 51 82 142 255 73
    255 0 255 247 30 76 0 255 9 225 202 3 119 0 127 0 189 0 182 255 100
    0 255 11 255 4 186 10 0 201 0 79 0 255 222 130 0 57 144 185 107 246
    243 131 19 186 129 15 37 255 0 255 213 115 80 113 0 255 255 116 162
    73 255 187 103 255 161 188 0 170 255 13 171 106 0 3 243 0 57 0 255
    115 255 121 80 31 122 255 255 82 44 238 0 0 238 107 0 0 0 232 145
    255 226 85 66 255 0 255 30 145 14 0 84 255 14 174 108 223 213 188 17
    31 135 204 23 109 226 227 19 47 0 252 0 47 229 8 0 255 0 89 197 133
    60 0 74 233 86 255 76 0 247 190 62 0 189 0 255 255 12 255 122 190
    129 133 0 255 255 203 200 38 0 112 48 209 138 239 125 255 255 17 31
    255 215 0 255 24 175 9 255 134 0 204 0 255 27 103 255 242 255 132 12
    103 3 11 51 216 255 0 169 249 1 255 233 0 0 141 0 117 36 221 255 235
    0 0 122 215 122 126 233 209 250 141 0 192 255 216 27 0 101 0 198 255
    0 0 240 206 255 188 0 192 16 32 194 26 0 104 0 0 176 72 242 0 4 255
    23 0 39 255 122 43 30 247 207 1 255 122 0 184 89 10 17 69 26 255 209
    8 60 0 163 237 148 0 255 152 165 0 255 186 161 0 221 165 96 255 105
    0 255 159 255 143 255 106 135 12 111 194 0 197 47 58 168 255 6 84
    193 255 122 94 69 137 0 154 254 91 44 255 0 0 191 0 255 216 255 191
    83 83 1 255 0 37 255 0 255 142 0 255 46 245 124 184 255 27 0 217 118
    255 255 255 68 189 0 144 189 255 237 0 255 0 234 0 70 56 82 189 0 0
    0 255 151 156 0 0 209 242 255 37 255 47 93 93 130 141 50 0 212 255 0
    213 255 6 6 255 217 40 6 168 43 0 252 184 0 219 137 193 132 0 179 49
    77 216 213 255 0 150 163 115 255 255 103 0 195 109 156 181 205 255 0
    0 255 32 216 0 72 250 0 255 255 0 189 242 0 58 255 0 237 0 255 255
    158 241 0 255 255 0 23 113 16 0 74 191 71 149 0 255 0 0 109 181 28
    110 228 161 211 119 122 200 102 0 255 255 144 20 255 222 0 255 0 93
    87 189 19 218 70 0 248 213 0 145 70 216 167 132 118 240 181 255 83
    51 255 254 183 52 166 238 31 255 139 154 255 127 66 169 255 135 78 0
    0 193 126 152 0 255 255 0 70 255 249 0 255 121 163 141 49 167 0 84
    221 127 154 0 0 255 254 53 160 146 116 56 255 255 30 255 186 0 62 72
    58 57 23 255 98 255 88 0 224 255 69 171 47 1 214 51 72 76 255 119 0
    153 255 255 255 255 221 255 255 0 52 0 157 39 0 220 109 140 38 0 0
    255 255 0 165 67 174 76 0 228 255 0 48 255 0 43 102 136 0 255 0 110
    190 8 123 0 0 0 255 201 0 242 255 255 99 255 211 0 76 48 165 255 247
    126 131 0 0 164 233 118 238 243 129 223 235 0 255 255 1 255 146 255
    255 181 207 122 68 0 158 212 173 254 119 255 251 255 158 48 209 240
    0 214 255 20 255 225 255 3 0 200 176 153 0 6 85 238 38 147 255 148
    255 251 0 0 81 255 255 185 197 0 0 255 196 152 89 61 255 221 255 6
    255 92 0 102 18 124 0 78 0 0 0 0 0 153 255 0 81 255 0 107 255 141
    221 70 255 27 0 254 237 205 146 255 166 78 255 233 23 0 160 230 61
    177 18 46 185 42 247 0 10 149 222 51 202 48 138 255 0 119 255 255 74
    85 255 196 247 75 208 0 0 148 0 0 82 80 83 255 0 0 106 173 131 29
    255 221 106 255 0 0 187 254 58 255 51 255 102 176 255 4 255 160 75
    139 1 0 0 175 255 20 103 3 101 77 83 0 66 26 0 0 113 231 0 121 230
    49 118 202 255 255 255 255 255 106 216 144 255 201 98 243 46 37 70
    198 47 63 146 0 224 123 158 55 100 0 140 54 0 246 255 110 0 0 187
    236 0 0 0 255 71 165 22 0 165 120 46 82 69 124 0 125 0 6 136 73 134
    152 232 49 0 0 156 0 192 92 0 0 30 255 25 52 249 221 255 45 255 0 2
    255 15 242 122 50 31 32 0 0 122 228 255 255 43 255 133 138 255 0 86
    255 80 114 0 187 255 255 47 98 255 255 121 251 229 118 177 219 255
    53 2 41 219 184 19 126 255 106 119 40 84 254 0 230 94 0 172 104 255
    209 215 180 7 255 254 255 79 255 111 246 255 0 130 211 223 239 69 55
    23 209 68 247 0 205 255 255 106 22 64 253 150 36 255 255 60 139 187
    255 177 120 208 142 255 24 186 87 68 186 0 23 254 255 225 0 122 255
    48 0 0 255 255 210 225 223 255 219 39 132 187 14 0 34 121 212 82 0
    225 40 68 255 217 215 254 255 99 0 255 9 0 255 0 255 42 188 204 63
    255 255 255 255 255 255 60 175 106 152 187 0 155 45 240 0 7 255 160
    255 17 0 74 62 255 19 0 232 23 158 27 194 208 182 96 46 237 74 255 0
    0 156 131 110 0 255 16 162 0 0 132 0 23 0 0 0 33 56 37 163 187 29 4
    110 255 36 255 190 114 255 226 133 255 96 124 49 11 136 141 255 76 0
    253 89 209 255 143 255 45 0 255 0 0 255 255 175 98 237 0 0 69 64 47
    168 209 0 181 0 33 0 108 191 151 0 187 189 0 158 196 120 109 0 32
    255 184 122 166 228 111 62 96 107 115 255 125 67 57 236 255 0 104
    118 8 200 255 0 188 0 143 36 130 38 31 71 158 0 243 255 215 255 57
    204 199 255 114 233 158 255 61 255 255 168 204 0 211 61 255 12 76
    255 198 189 171 170 3 239 190 243 109 148 0 235 0 196 255 50 0 30
    135 250 68 240 0 190 255 0 229 0 255 0 0 60 65 0 255 162 74 0 0 255
    25 151 54 115 68 118 255 205 0 132 211 193 164 221 141 177 255 130 0
    237 0 49 0 94 83 0 150 227 145 0 76 72 185 106 113 116 0 0 255 0 13
    171 23 93 50 0 255 87 12 0 81 213 119 155 255 223 24 131 130 77 208
    240 0 162 14 167 247 0 60 174 114 175 55 216 67 73 177 137 44 255 0
    255 0 176 66 175 181 255 243 0 0 177 159 89 0 98 201 255 78 0 152 54
    148 0 203 60 199 119 61 49 1 255 36 35 255 232 110 255 222 255 255 6
    70 141 241 158 87 247 0 108 224 255 232 14 0 0 94 255 195 0 255 77 0
    84 43 198 110 215 199 53 79 116 202 211 255 164 222 161 45 59 122
    178 0 140 112 3 70 255 10 47 223 0 255 5 255 168 92 255 255 235 249
    255 77 255 255 191 219 5 104 0 155 78 255 255 0 0 255 123 255 46 255
    137 0 132 163 95 0 51 217 71 255 1 234 255 67 222 129 220 200 255
    238 193 255 255 66 231 107 255 136 125 255 14 132 0 19 0 223 0 0 55
    0 217 182 255 229 197 150 255 154 55 95 255 0 0 255 255 255 0 225
    192 0 78 186 255 80 165 79 99 0 16 255 0 0 60 193 0 255 255 195 255
    255 92 0 2 255 69 0 45 0 1 255 0 186 193 205 156 255 69 1 255 255 0
    202 255 0 0 246 152 0 109 0 33 255 161 191 0 62 186 255 255 237 166
    255 23 255 104 0 90 47 0 107 25 229 0 229 5 68 221 204 126 255 87 0
    255 255 89 188 74 16 123 53 6 153 186 3 200 122 255 255 246 214 0
    255 225 190 0 47 0 255 15 0 255 66 252 0 201 166 84 0 0 185 2 202
    233 241 108 255 0 57 69 64 0 113 146 128 255 0 217 255 181 130 202
    20 255 0 243 244 255 0 255 255 255 255 54 168 0 0 255 165 0 231 36
    123 144 252 0 53 83 44 81 255 92 0 0 143 232 176 0 88 223 25 196 7
    106 255 0 0 179 95 44 255 233 255 255 39 255 255 227 32 156 255 216
    70 0 46 148 205 72 137 97 105 254 255 166 0 7 0 255 0 0 126 0 184
    222 0 196 0 255 0 133 114 210 194 244 255 26 255 0 0 126 254 38 96
    78 181 170 40 205 0 245 126 255 169 218 93 0 0 55 0 179 255 54 136
    99 255 10 227 255 0 255 189 0 255 207 13 60 133 220 0 237 101 0 86
    230 215 189 146 253 56 0 255 255 255 100 0 255 255 101 0 218 255 123
    137 0 203 146 218 89 255 255 1 0 0 255 180 26 1 150 233 170 255 135
    195 201 0 228 255 151 242 255 136 255 28 0 150 0 8 5 250 139 115 173
    189 48 255 255 89 147 0 138 58 0 0 0 172 165 44 0 255 255 0 162 3 0
    37 133 69 0 53 34 0 121 0 149 211 255 96 0 235 210 52 236 0 0 151 0
    43 255 139 255 0 54 43 42 4 101 0 28 220 97 0 177 190 75 170 185 46
    255 97 117 59 189 0 212 7 117 255 79 16 255 255 57 140 225 25 58 255
    244 152 138 69 16 255 0 197 222 29 61 92 0 126 147 0 0 0 6 255 255
    196 148 242 176 255 130 255 240 250 47 0 154 34 136 146 255 55 236
    119 155 224 202 255 85 0 59 255 255 237 94 178 255 168 98 5 191 63 0
    0 7 255 40 255 151 65 150 0 240 226 0 13 0 12 88 0 31 0 247 170 246
    236 123 44 247 33 236 50 255 26 255 100 0 0 201 18 224 164 77 160
    255 239 35 140 0 51 56 255 175 0 229 0 93 255 156 0 154 0 0 217 255
    112 0 165 255 219 15 95 0 96 30 0 63 0 100 99 172 0 255 255 9 255
    161 0 186 0 173 164 10 255 92 255 255 0 30 255 255 177 255 255 88
    111 255 255 207 0 62 162 177 128 255 230 116 128 7 160 208 61 255 0
    58 113 0 177 240 0 59 138 0 143 57 247 255 44 0 215 52 255 255 5 8
    255 14 103 255 124 0 0 143 255 25 142 14 151 0 5 32 86 255 220 0 47
    71 255 105 151 45 0 255 57 53 255 255 202 77 154 0 35 48 10 187 255
    186 31 55 255 255 58 255 255 255 0 0 35 16 0 143 239 26 255 0 255 71
    255 255 231 138 0 0 255 97 0 252 240 63 0 228 199 0 108 22 221 0 255
    255 0 255 186 255 0 0 16 243 211 4 0 77 166 0 255 231 181 255 255
    255 42 60 255 91 48 0 206 0 151 229 0 155 192 0 100 249 255 238 0 80
    0 255 57 0 139 185 0 141 102 253 255 0 255 131 67 73 78 61 186 181 0
    218 178 0 255 160 202 255 228 172 230 27 102 171 110 38 0 172 6 89
    27 255 0 197 0 50 19 255 152 231 203 41 76 0 84 0 183 175 229 110 26
    0 18 201 255 84 0 150 50 184 78 82 243 52 255 26 68 0 146 235 183 0
    178 222 14 118 255 0 0 255 212 170 245 6 74 110 0 93 0 0 207 0 231
    38 145 102 210 255 255 117 0 0 246 221 39 92 144 119 183 144 170 255
    58 203 255 0 196 255 255 255 171 255 131 182 0 255 255 255 187 0 193
    208 217 0 193 126 240 0 100 11 92 137 63 171 155 255 233 0 225 4 134
    57 0 255 128 127 123 0 69 31 75 131 0 77 24 255 56 150 190 0 38 159
    0 80 57 32 0 119 177 191 120 0 0 0 26 255 0 26 0 0 167 69 255 124 0
    50 231 253 48 255 255 93 216 212 0 0 134 243 119 255 223 77 214 26
    114 168 0 0 0 255 53 0 129 255 255 0 199 255 175 255 184 255 0 0 160
    249 109 31 245 0 17 48 169 0 109 111 0 0 199 77 0 185 0 25 246 136
    244 255 83 96 61 255 0 0 51 185 255 255 98 118 255 26 255 251 0 0 0
    0 0 15 255 178 255 231 180 0 163 108 0 255 109 95 42 183 119 221 0
    255 0 218 95 187 30 255 6 130 239 49 0 72 255 166 68 90 255 255 0
    185 204 0 150 0 214 255 18 63 150 255 82 255 227 189 31 0 255 127
    219 107 124 77 255 0 0 167 0 31 64 133 10 166 4 248 255 83 103 255 0
    162 4 0 210 0 136 117 0 234 255 0 86 89 35 255 86 51 227 171 255 0
    120 0 143 255 223 255 0 13 255 0 255 255 173 255 171 161 139 0 63 91
    52 255 255 255 10 0 130 0 255 134 166 255 0 113 161 255 225 255 0
    231 0 250 30 25 255 143 0 255 255 255 32 0 165 0 46 248 0 15 7 0 140
    0 255 255 171 65 158 255 146 114 79 180 142 115 255 187 0 0 69 100
    62 253 198 0 0 141 164 255 98 190 160 255 0 255 0 245 19 65 7 65 108
    73 173 255 101 195 0 0 255 255 100 73 255 148 255 218 166 236 227
    186 128 43 252 214 196 25 231 255 0 136 0 70 0 255 44 24 255 255 108
    128 255 136 255 6 233 244 201 219 172 0 77 223 109 255 75 58 242 181
    0 26 212 203 255 105 255 41 4 47 97 0 255 64 168 114 221 0 85 153
    178 128 179 255 0 82 255 75 48 239 179 207 0 192 53 0 255 255 0 225
    129 192 255 0 142 44 0 51 255 251 72 255 255 0 114 227 131 0 142 243
    1 21 202 255 230 215 255 0 80 217 0 64 52 0 255 1 219 218 178 168
    255 255 61 0 19 255 0 255 0 80 0 32 0 0 236 170 43 255 0 76 255 35
    193 0 109 0 255 56 75 8 255 255 24 131 20 65 94 91 0 0 255 112 98 42
    67 255 0 91 0 158 10 0 152 123 27 0 255 255 202 133 255 41 91 255
    163 255 37 214 215 136 140 0 11 38 118 243 150 44 0 204 185 155 0 41
    86 0 50 61 225 127 0 128 12 52 0 18 223 0 0 0 255 213 0 51 128 51
    146 92 101 0 4 112 197 0 212 0 248 170 129 133 0 70 111 72 255 105
    188 0 223 111 139 239 196 60 91 255 255 45 0 255 53 54 67 0 0 70 255
    155 255 138 0 255 0 179 255 216 0 255 210 224 255 111 156 136 255
    193 234 255 237 0 255 246 0 58 0 168 146 133 255 95 255 175 255 38
    239 199 105 164 125 0 236 249 90 129 133 0 0 255 79 138 90 54 173 0
    254 255 255 42 232 36 156 0 0 103 241 11 10 216 195 0 81 53 194 202
    22 255 108 255 102 229 255 82 26 94 0 104 91 46 255 0 122 76 33 255
    255 104 127 0 117 0 0 91 244 87 76 255 255 229 0 0 12 255 99 215 255
    250 248 141 173 0 255 99 0 105 0 70 0 33 0 118 240 19 242 255 255
    202 255 128 255 177 206 201 66 153 131 194 13 0 131 60 77 129 255 30
    255 168 188 212 0 227 255 223 79 153 0 255 188 132 209 183 0 82 155
    231 255 94 255 61 0 255 137 0 58 89 130 67 0 30 0 109 0 165 218 156
    0 78 255 94 255 0 255 255 93 170 236 210 7 209 14 53 135 41 242 202
    0 101 32 255 193 77 167 255 229 0 46 88 177 156 201 130 201 149 38
    69 255 255 0 114 201 247 95 232 131 255 173 113 0 165 82 0 29 36 255
    9 143 255 192 57 55 252 72 0 0 255 192 241 110 0 48 161 7 8 171 231
    173 0 49 83 0 255 255 107 255 0 103 255 243 70 191 72 139 255 0 45
    75 20 2 164 0 37 125 0 8 0 243 155 103 2 45 16 0 223 154 0 105 239 0
    41 0 120 166 162 44 0 13 49 0 47 58 179 255 191 0 152 255 255 216
    229 255 255 0 38 12 226 0 118 153 0 0 255 255 191 255 255 183 200
    174 192 198 0 255 199 106 248 15 242 88 255 54 255 255 34 88 0 232
    255 0 11 187 134 0 242 201 126 212 109 255 238 255 228 236 40 0 69
    255 0 0 0 114 186 15 66 0 255 133 0 255 149 26 11 255 255 112 189
    255 30 255 139 0 0 252 0 255 242 117 255 0 255 230 0 0 0 0 103 0 25
    226 6 255 212 241 0 144 255 28 0 255 255 139 255 30 250 91 0 204 0
    74 249 100 0 94 41 237 19 255 98 251 126 20 59 107 0 28 146 87 101
    209 92 0 0 255 209 155 47 255 58 0 255 118 119 204 0 88 4 212 255 81
    98 0 180 255 35 170 115 255 227 0 65 248 222 230 124 219 0 255 0 194
    0 69 255 0 165 143 255 155 169 0 255 248 240 255 178 127 255 147 242
    162 172 0 103 32 255 199 122 207 228 119 0 198 255 255 171 255 255
    152 61 255 0 72 0 255 255 231 255 95 3 255 248 192 96 0 115 245 17
    10 255 194 0 230 11 10 204 203 171 255 101 242 255 70 255 231 39 56
    0 47 255 59 185 154 35 255 0 0 255 128 0 0 230 77 255 79 255 19 222
    73 92 22 226 255 215 44 247 90 161 183 244 255 0 69 208 11 188 0 128
    207 73 77 182 0 208 0 85 243 14 22 0 212 0 0 255 193 60 47 0 14 0 8
    155 255 255 80 212 255 177 255 0 47 255 247 255 244 167 255 0 255
    145 206 189 0 92 15 0 255 160 0 142 6 0 0 0 0 0 171 186 255 95 4 33
    0 42 97 18 255 139 147 255 165 255 184 0 45 196 0 54 90 13 0 0 155
    103 0 249 182 29 0 138 119 255 64 255 72 147 0 98 255 0 255 236 96
    90 218 225 255 0 0 255 255 3 255 196 255 65 255 255 102 242 158 176
    34 104 255 143 0 80 132 255 255 245 0 78 0 0 191 0 255 228 178 35
    144 197 184 231 14 225 166 204 231 34 180 176 178 78 205 255 248 79
    255 199 255 60 187 18 255 255 169 0 255 99 191 24 0 22 74 232 154 85
    164 114 45 210 135 0 255 255 255 255 255 94 21 42 0 0 3 191 109 95
    211 154 255 0 24 180 120 24 68 19 0 33 148 245 68 37 106 235 231 0
    18 49 0 60 23 86 0 255 8 55 255 77 226 0 124 0 0 0 53 221 56 177 0
    101 0 0 0 255 191 255 200 8 95 184 35 214 255 229 255 0 255 146 55
    56 255 88 0 156 255 0 65 43 161 255 0 19 224 0 255 159 255 255 177
    105 87 0 167 0 105 87 82 108 7 88 0 0 168 0 2 104 255 255 250 178 84
    29 175 7 151 0 0 43 0 141 255 218 0 254 23 246 43 119 151 201 178
    184 0 111 27 134 0 13 0 255 169 221 81 5 0 18 223 0 255 0 236 28 0 0
    17 67 0 55 0 255 64 100 0 243 52 229 184 15 34 255 26 0 53 164 159 6
    255 255 0 80 255 7 255 255 42 203 167 33 255 45 120 50 55 102 230
    232 55 22 255 255 193 232 242 255 0 0 107 255 255 50 0 255 0 145 0
    160 93 76 255 148 190 143 144 255 16 28 0 127 0 197 134 111 16 73
    255 64 71 255 255 0 0 0 83 196 155 0 0 185 39 70 14 91 255 131 104
    196 0 48 255 255 255 222 111 0 207 0 185 86 0 204 87 255 160 255 136
    12 178 145 255 103 25 0 95 255 113 62 191 94 75 0 46 119 248 249 136
    252 198 0 255 176 135 171 246 106 255 155 193 50 0 248 110 0 153 0 0
    0 255 166 0 0 204 69 0 255 28 25 255 0 255 123 9 167 54 117 0 139
    241 191 255 255 183 255 0 45 255 20 219 159 217 111 230 147 221 206
    91 57 0 230 0 44 0 0 255 227 255 232 0 134 250 9 80 52 139 255 201
    155 28 79 124 20 255 255 0 57 126 255 183 174 188 49 0 102 255 189
    111 147 255 56 0 255 27 153 162 231 148 0 203 138 107 255 190 255
    255 240 0 0 197 0 0 211 38 255 255 40 255 246 9 227 0 0 50 0 216 16
    18 173 191 255 223 0 33 252 255 139 107 0 255 99 150 255 255 0 22 18
    0 255 20 103 14 70 255 247 232 0 255 0 205 148 239 13 0 219 255 232
    120 83 146 255 0 255 115 0 37 21 159 118 211 101 0 148 213 0 186 0 0
    255 255 0 255 255 182 202 135 0 0 255 255 248 162 0 255 0 196 186
    105 61 0 158 253 192 113 12 255 140 192 88 255 161 2 0 255 173 62
    255 218 184 0 255 244 0 0 97 254 255 34 0 90 0 0 96 188 0 255 0 255
    0 159 28 255 254 232 74 149 243 141 255 180 255 255 183 122 248 121
    0 0 7 255 225 34 255 112 184 195 255 97 5 17 186 201 237 255 12 54 0
    204 81 206 53 255 208 255 152 255 149 115 236 0 238 255 0 199 255 16
    186 20 144 255 37 255 134 182 19 0 9 0 255 50 179 71 129 221 0 141
    255 53 131 255 255 255 220 251 255 0 240 22 217 165 98 246 255 106 0
    134 161 64 206 0 237 52 255 255 0 184 232 236 255 255 254 44 102 75
    199 110 254 255 0 0 0 255 93 81 124 215 58 105 0 201 102 128 180 82
    255 117 2 144 135 232 98 0 255 153 207 79 255 105 207 225 128 69 6
    255 191 103 186 255 90 60 255 64 255 0 0 0 0 84 0 249 147 6 255 139
    255 202 0 154 115 192 84 255 172 86 21 255 0 48 170 255 108 0 0 114
    217 115 255 19 233 0 1 8 0 221 207 255 0 117 173 5 255 0 11 0 255 0
    240 0 67 144 255 255 255 255 167 15 30 183 255 41 0 133 116 253 0
    255 236 77 0 255 162 0 161 255 255 73 255 93 255 255 255 27 0 84 182
    109 240 172 255 214 255 0 138 255 140 220 255 255 167 149 207 161
    169 11 0 231 101 172 0 6 255 69 255 218 246 54 27 255 0 186 0 28 91
    214 116 248 119 197 171 180 73 170 179 255 191 39 74 65 255 255 255
    164 121 0 255 80 217 255 255 92 229 124 102 0 0 0 0 68 113 255 0 0
    227 171 219 128 255 248 32 215 118 252 0 0 71 215 187 226 110 255 0
    70 183 0 0 76 109 24 255 13 0 183 34 22 30 233 15 255 88 255 255 167
    255 52 153 255 35 4 35 255 0 255 105 49 105 46 45 247 61 0 195 255 1
    255 0 255 0 189 124 210 193 255 255 206 99 0 163 108 16 166 112 0
    255 111 250 130 182 176 186 255 255 225 192 89 0 255 143 0 79 1 255
    0 196 177 255 157 42 209 255 244 255 116 113 198 229 62 52 0 255 255
    21 255 255 0 70 76 22 0 165 120 28 255 255 255 196 255 78 227 112 0
    0 212 67 225 20 57 0 0 0 102 93 255 18 101 236 0 0 225 0 136 0 57
    184 151 255 0 255 255 92 255 0 255 255 228 244 145 0 12 174 20 0 199
    206 255 255 249 122 38 255 86 0 255 41 193 166 102 43 0 91 121 0 131
    92 255 255 163 85 50 255 235 0 239 52 46 230 111 35 85 63 0 255 17
    35 44 0 0 129 139 255 227 126 0 0 226 214 121 243 255 77 11 255 58
    250 182 143 127 36 235 0 84 255 84 153 233 255 204 26 66 255 55 75 0
    232 111 255 145 191 0 117 231 255 50 48 0 232 255 68 90 55 142 0 73
    70 227 254 0 26 231 0 0 27 234 0 0 124 0 0 200 222 255 187 0 40 0 57
    0 93 249 118 70 0 255 133 255 241 197 27 72 255 56 209 255 0 255 0
    150 255 0 232 220 0 255 255 255 138 0 255 255 117 0 98 228 0 0 255
    31 27 255 0 41 0 146 207 255 140 0 207 9 0 226 105 213 205 195 16
    143 227 3 102 0 220 158 143 255 27 232 229 0 254 0 0 0 115 149 249 0
    83 225 62 255 0 205 187 187 207 64 0 0 132 2 66 0 19 255 123 0 255
    255 255 0 60 223 92 0 166 255 255 131 187 83 152 177 85 167 0 255 0
    0 0 195 255 86 27 255 0 43 31 50 0 129 204 70 212 46 67 174 165 206
    45 255 162 0 0 75 254 136 91 83 27 248 183 255 75 66 255 0 149 0 142
    255 240 132 28 52 255 253 147 0 255 255 0 116 255 183 0 155 164 0 0
    227 115 115 16 73 255 0 255 0 255 114 0 190 52 255 246 209 255 255
    86 68 177 163 255 7 23 0 0 255 227 156 36 67 2 215 59 255 72 73 143
    57 201 127 0 255 125 95 17 0 219 99 245 0 0 67 101 151 19 76 255 54
    32 232 11 255 30 158 251 255 255 248 63 246 209 184 226 168 255 213
    232 255 0 0 0 129 179 0 255 0 133 99 255 0 100 121 0 1 197 40 104
    255 29 0 193 124 214 162 255 77 0 148 0 0 224 207 0 255 206 121 205
    194 254 9 0 8 75 0 217 255 255 0 0 100 61 109 68 78 255 102 0 0 14
    37 255 0 42 255 0 255 51 255 0 0 188 0 0 255 255 179 255 3 255 0 154
    255 223 180 85 0 171 0 249 26 113 20 96 255 214 151 255 56 0 255 0
    249 0 237 255 119 103 0 45 158 234 0 103 194 108 230 43 255 255 39
    213 143 65 79 190 255 216 0 255 0 209 107 249 255 0 134 189 14 54
    255 147 0 189 241 45 28 255 28 129 0 255 0 167 255 61 255 234 255
    226 60 138 255 0 63 255 188 253 192 140 0 101 0 197 0 90 255 69 0
    212 255 0 108 110 255 164 0 255 99 166 95 198 200 50 186 174 255 0
    120 108 183 240 253 94 0 221 248 18 0 245 0 0 251 30 35 0 0 255 159
    182 255 255 109 191 0 36 157 0 142 216 226 116 255 211 255 0 255 76
    0 6 0 22 70 0 0 0 84 139 188 255 6 140 174 28 255 186 255 44 228 10
    0 45 112 160 187 32 229 186 238 193 0 6 0 255 0 3 255 255 154 204
    255 223 241 204 0 38 50 255 143 33 165 4 95 162 68 22 35 163 115 194
    255 255 0 21 60 83 41 172 144 88 151 0 0 255 223 89 171 64 74 202 0
    0 255 204 0 33 255 0 255 244 182 255 221 255 166 4 195 255 0 0 155 0
    0 100 181 0 168 255 161 165 125 0 1 134 0 149 109 189 121 255 185
    192 229 0 99 160 152 3 255 150 150 205 255 87 107 0 182 0 255 93 51
    29 223 255 54 255 255 255 59 34 183 42 255 84 216 201 255 0 249 79
    67 0 123 151 71 0 135 0 122 255 0 175 131 0 91 255 87 255 76 163 0 0
    120 0 255 179 164 142 255 249 0 0 121 212 90 243 157 237 255 85 211
    255 89 122 2 255 0 26 255 255 182 226 0 236 255 0 116 255 0 37 186 0
    24 0 0 0 10 205 166 255 34 255 187 23 0 0 114 0 226 0 0 0 1 10 193
    98 136 4 93 45 255 36 45 1 16 48 232 11 0 172 255 245 104 255 0 239
    221 0 43 0 40 255 173 13 0 205 255 0 157 153 19 6 156 255 50 172 235
    250 31 221 106 0 65 255 255 209 148 255 181 0 255 112 0 255 0 54 0
    132 67 37 111 0 27 23 79 255 190 0 0 0 169 252 0 255 255 117 155 40
    21 255 0 255 194 224 85 186 154 140 136 255 121 95 0 236 0 0 65 9
    195 0 123 224 0 62 255 73 179 255 184 162 208 166 108 71 255 157 215
    87 0 27 255 255 217 210 255 0 255 0 210 233 23 255 0 121 137 249 255
    251 141 204 240 255 165 0 0 24 136 255 88 0 60 0 18 238 196 134 0
    255 251 0 0 192 195 9 0 0 0 246 69 0 0 104 116 255 90 255 160 59 255
    62 52 227 0 73 0 171 76 84 95 219 255 104 95 208 0 95 253 87 125 255
    0 255 65 0 166 126 0 203 255 251 105 250 0 203 0 81 255 0 0 255 8
    255 204 159 0 198 0 255 0 255 28 213 28 0 0 122 0 140 173 68 211 255
    44 138 241 0 255 9 0 63 49 60 161 162 255 177 164 157 25 255 135 255
    255 68 213 255 0 166 163 48 0 49 88 236 255 255 201 129 59 64 255 0
    255 106 0 103 0 0 0 105 255 69 0 57 244 255 0 255 110 54 0 59 0 87
    116 0 77 225 148 133 121 234 255 255 173 133 255 234 0 0 9 126 0 22
    255 11 129 72 137 53 255 244 162 255 63 197 220 127 255 253 224 0 99
    110 0 106 0 60 149 255 255 255 83 255 2 148 0 198 0 42 60 0 255 135
    130 168 165 32 189 62 0 170 255 0 255 196 0 0 184 89 26 188 255 0 23
    255 163 222 0 134 163 68 255 216 255 146 237 66 77 140 255 255 255
    94 255 175 0 123 84 30 224 91 232 0 0 214 94 205 146 86 227 255 0
    222 94 250 12 20 46 0 0 30 34 244 18 59 255 61 146 11 255 200 176 0
    64 14 58 110 55 165 150 168 174 8 240 0 19 37 117 86 163 255 140 255
    227 68 255 112 124 24 2 105 89 206 0 255 255 255 211 124 99 181 0 0
    83 255 213 9 255 111 103 169 0 160 255 243 2 218 75 205 0 79 255 0 0
    255 145 246 154 80 233 141 72 0 255 255 101 106 2 255 67 203 221 192
    61 54 253 255 255 106 255 255 0 8 169 0 71 0 0 243 0 75 237 222 98
    215 37 38 161 255 159 212 177 37 37 255 255 0 245 136 83 0 94 0 0 50
    0 0 0 255 0 255 225 0 74 255 118 234 255 152 0 177 255 70 0 0 125 50
    0 196 14 219 255 255 0 180 103 0 0 0 167 169 55 0 15 83 142 139 0
    109 135 255 7 120 95 80 84 255 0 162 166 0 246 0 199 125 67 255 255
    174 72 0 255 150 229 24 255 255 177 68 138 220 67 131 0 0 184 255 94
    0 255 159 236 0 46 255 87 95 29 82 0 43 0 189 241 51 248 0 95 0 0 52
    0 243 85 9 140 0 0 162 255 247 150 88 255 202 117 255 71 246 37 190
    57 66 196 2 75 98 112 255 138 167 255 72 154 154 249 62 0 146 109 0
    206 162 17 0 0 196 0 146 122 0 150 247 129 0 238 255 66 0 0 44 255 0
    44 255 27 0 255 92 3 18 255 89 0 164 47 215 135 255 166 237 0 100 80
    0 255 255 54 113 255 52 154 147 208 13 24 51 101 234 82 141 255 0
    118 0 0 153 221 11 237 178 0 85 255 137 0 0 255 82 0 90 0 0 56 0 255
    37 0 117 163 216 81 51 52 89 52 129 0 65 166 102 0 173 0 180 61 124
    255 71 255 255 254 203 0 182 0 0 250 220 182 19 214 254 174 0 5 65
    224 95 0 178 247 211 0 0 93 0 0 168 227 255 0 49 176 255 250 199 185
    57 5 255 255 0 40 0 0 0 0 255 84 227 255 0 105 15 232 255 255 255
    255 255 218 255 197 180 255 136 0 255 146 35 102 87 197 46 0 0 255
    213 89 187 203 170 15 0 144 149 250 255 255 255 0 45 197 1 94 0 76 0
    255 255 19 255 203 146 0 8 128 153 98 255 159 255 126 255 255 255
    146 54 188 49 0 0 168 255 110 0 228 42 0 0 112 53 20 33 46 255 189
    64 188 255 0 165 173 222 225 131 255 245 0 255 187 121 0 143 144 134
    255 0 147 12 0 68 36 185 227 0 61 255 0 111 37 217 117 97 255 240
    230 255 0 76 255 0 116 227 4 255 0 96 154 26 0 105 27 69 232 226 161
    0 0 210 79 14 255 0 82 59 255 0 28 255 255 42 189 255 80 86 0 69 118
    76 20 18 162 147 0 0 0 179 0 0 227 106 255 113 255 250 89 213 179 0
    129 136 211 193 0 0 0 0 255 0 255 77 166 47 3 255 3 255 255 0 255
    255 0 199 167 101 255 0 0 255 255 0 113 29 2 107 50 255 255 188 0 12
    255 22 255 36 17 0 60 187 0 125 43 31 255 255 0 229 124 211 0 155
    147 255 0 0 216 47 255 135 0 40 0 0 255 255 128 77 137 55 255 124
    255 0 0 75 196 0 0 194 22 255 255 255 241 255 255 158 255 138 234 0
    255 255 5 166 215 63 235 255 155 0 136 0 0 190 101 4 255 156 255 255
    253 0 19 24 117 0 190 6 0 0 123 60 255 0 51 156 251 178 255 206 182
    87 238 114 33 25 86 65 255 24 0 113 0 36 255 0 160 32 114 21 255 215
    33 139 103 255 255 217 214 72 0 0 202 238 179 255 209 21 69 169 35 0
    180 53 0 150 134 0 230 234 70 94 19 138 155 253 255 0 207 255 157 96
    0 255 76 255 71 82 22 192 77 109 0 0 250 243 0 0 51 66 255 255 255
    255 0 255 255 114 201 253 255 90 204 198 0 254 216 0 209 34 255 15
    37 0 0 0 19 71 255 103 0 255 191 132 87 8 19 123 71 118 139 152 255
    250 124 189 42 164 24 68 243 255 255 143 14 255 27 209 0 15 255 0 19
    255 146 172 146 43 0 0 0 255 126 0 255 165 253 253 164 111 61 255
    180 27 255 255 255 145 218 89 0 214 237 114 153 136 255 255 34 45 0
    255 76 0 57 11 0 216 0 48 255 255 144 255 255 23 64 39 115 90 165
    255 0 0 0 232 0 90 80 207 56 233 70 190 233 68 16 0 100 201 0 0 32
    150 202 255 110 226 93 125 255 123 81 235 255 211 249 136 255 59 224
    255 124 0 173 6 22 255 40 255 131 239 144 35 133 208 0 219 232 0 31
    251 230 127 97 45 167 183 255 190 131 104 237 255 255 150 243 255 0
    20 63 0 165 0 0 255 149 139 13 237 255 250 45 48 145 124 8 0 182 255
    0 115 239 165 1 0 243 255 9 132 39 255 0 241 255 117 228 254 158 255
    0 255 255 0 228 45 255 0 111 255 0 0 255 90 255 0 0 255 0 255 255
    179 151 255 255 0 202 46 0 255 255 53 0 255 69 255 181 0 25 8 0 0 0
    0 0 255 238 255 154 12 1 146 205 60 0 0 134 89 0 174 207 249 222 194
    18 214 0 65 0 0 255 210 136 0 0 0 137 195 255 255 72 4 254 16 24 150
    35 255 252 174 0 53 63 73 9 240 113 255 140 255 35 255 139 238 29
    255 176 66 198 210 203 0 52 255 220 128 31 162 106 27 0 170 132 43
    122 107 0 201 255 55 255 0 86 212 0 179 0 255 0 181 245 10 255 255
    32 7 255 103 227 0 255 0 0 54 0 255 0 255 255 167 239 255 117 46 208
    255 166 255 255 255 151 255 176 48 25 255 176 0 64 165 229 206 255
    219 176 0 209 0 12 183 58 184 255 0 41 129 79 111 49 255 0 27 135
    220 255 0 137 17 197 211 0 255 7 198 252 255 238 126 127 16 159 58
    106 56 247 0 105 21 60 211 76 79 226 0 195 255 255 98 172 253 255
    131 0 48 255 110 0 117 11 255 0 158 40 204 196 255 124 255 0 0 255
    132 34 0 0 255 157 41 72 0 177 126 160 0 0 255 98 255 178 41 255 103
    75 0 75 255 255 127 0 60 200 164 100 173 38 52 84 214 206 0 64 255
    180 164 228 255 249 0 204 75 140 239 255 0 183 230 2 255 247 32 255
    242 92 130 191 232 0 102 36 99 104 98 36 124 0 82 255 80 118 3 101
    217 0 143 139 140 0 213 8 181 0 108 101 179 105 231 20 52 0 36 199
    55 0 0 255 255 121 0 23 166 68 255 0 15 65 27 255 146 107 0 20 0 88
    198 0 255 0 9 255 0 195 208 38 18 229 86 185 255 44 182 8 106 46 178
    255 55 255 255 0 0 255 217 255 0 22 116 39 80 0 116 0 0 255 213 0
    255 56 221 156 255 0 255 255 70 0 225 13 23 0 255 0 125 33 39 149
    101 187 152 203 15 71 4 194 15 142 77 236 107 93 24 24 0 101 127 42
    39 46 0 207 166 255 54 23 19 255 85 78 0 118 0 0 255 255 255 50 214
    222 133 0 0 0 0 11 30 255 123 0 255 15 21 7 255 0 154 255 203 0 255
    252 255 251 255 60 7 0 198 26 67 0 30 0 255 237 1 255 53 69 0 41 73
    4 31 79 77 49 0 86 249 80 0 182 255 205 255 46 146 104 237 161 0 118
    30 135 77 13 115 165 177 189 226 240 173 255 156 212 175 176 180 0
    60 255 92 169 255 175 62 58 188 104 57 255 227 175 157 94 255 0 173
    255 255 195 124 0 255 114 224 47 49 0 185 165 0 230 255 50 193 0 56
    35 209 6 66 255 180 81 0 106 255 0 38 183 0 99 37 248 171 255 255 0
    182 255 255 115 95 231 0 88 157 32 255 92 255 100 255 164 81 151 255
    6 0 172 176 117 255 190 255 14 0 201 101 16 0 255 21 255 180 92 53
    115 255 0 242 55 49 255 217 255 255 218 205 0 164 33 117 152 131 26
    255 0 43 0 224 36 176 70 255 255 255 0 0 138 255 235 213 163 53 255
    0 255 31 79 34 0 255 43 0 239 190 127 0 255 0 36 255 156 0 144 0 0
    251 223 0 0 255 255 208 141 35 255 24 86 39 100 255 28 183 255 171 0
    201 27 12 255 82 159 200 123 158 198 255 0 35 239 0 255 214 93 20
    168 255 255 214 0 174 199 255 165 234 19 172 29 127 255 103 0 255 61
    255 0 122 5 143 230 133 171 255 255 116 167 0 213 116 0 0 0 54 110
    255 253 26 163 55 0 247 255 91 67 27 149 84 175 159 52 1 177 173 114
    255 175 255 174 7 187 255 230 52 0 0 255 67 217 0 0 0 255 23 0 39
    218 11 135 202 197 112 206 12 255 255 0 124 78 0 234 88 18 191 0 255
    194 27 0 255 0 232 0 0 169 255 46 255 0 0 255 207 147 255 0 35 68
    255 251 235 243 199 79 197 211 255 210 107 255 0 0 0 166 51 62 0 255
    141 254 83 0 0 111 0 255 136 155 193 0 255 0 255 101 21 12 99 0 42
    82 184 0 211 2 0 106 255 221 45 0 255 88 29 0 176 255 0 153 136 215
    255 0 105 101 0 143 12 34 196 24 0 0 187 89 86 104 30 0 121 221 83
    177 0 203 59 196 175 2 169 0 231 48 255 20 239 248 0 215 122 0 180
    69 167 0 0 255 0 83 225 153 229 127 46 15 155 242 18 1 136 255 0 175
    255 0 164 245 0 53 232 64 255 43 48 107 255 72 75 255 36 23 3 158
    170 238 116 61 136 46 255 64 20 92 122 212 250 0 108 0 0 162 246 81
    255 205 132 46 86 184 255 0 215 81 5 40 255 30 16 255 5 197 103 215
    255 0 254 99 255 255 0 80 52 36 26 0 180 0 0 23 11 248 228 0 118 0
    61 183 0 115 255 231 126 0 0 0 38 50 201 154 192 255 255 255 179 216
    255 69 255 104 189 0 194 83 71 197 255 58 255 255 111 218 177 218 95
    60 229 235 32 255 0 118 169 255 255 22 168 128 156 0 0 174 0 0 216 0
    43 0 129 181 255 255 255 97 63 92 20 110 8 0 15 56 60 21 11 255 30 0
    0 188 107 151 255 255 249 104 189 158 90 130 211 178 162 255 0 225
    181 188 130 56 223 255 118 6 255 31 167 0 95 255 255 229 189 130 87
    64 156 255 176 131 162 95 255 155 0 16 96 0 2 78 198 242 25 192 62 0
    74 40 43 255 0 115 29 0 204 224 0 255 0 246 215 0 39 237 0 36 255
    145 255 118 254 144 216 0 155 255 19 33 100 0 156 0 183 1 147 255
    220 137 208 39 194 81 4 0 0 0 188 0 236 144 0 255 247 87 141 113 70
    0 14 255 253 0 240 0 199 0 109 96 255 76 0 118 121 84 173 0 161 1
    255 251 141 0 140 255 255 20 255 226 51 0 91 88 180 208 33 255 78
    163 131 255 255 101 0 60 255 117 174 65 240 0 255 0 143 251 0 219 0
    158 184 0 255 255 46 255 255 0 41 0 0 124 255 0 255 10 0 0 176 219
    37 255 58 222 248 0 255 4 21 255 51 165 165 0 188 55 161 0 255 140
    164 255 0 0 251 150 62 0 194 0 64 202 120 28 110 255 14 194 223 255
    12 171 227 105 255 8 255 23 255 20 255 201 90 178 201 248 244 1 206
    255 255 255 255 255 240 122 42 0 0 230 203 0 104 181 71 39 255 255
    123 255 26 197 176 199 211 86 23 204 106 0 63 0 68 255 105 206 223
    132 255 0 255 137 102 0 88 98 226 10 114 112 169 77 255 255 169 243
    0 0 94 0 255 255 0 255 255 70 255 187 151 93 255 81 0 255 196 0 24
    233 0 145 34 0 255 0 231 255 190 47 255 29 163 212 255 36 4 134 187
    56 133 121 255 242 161 116 146 255 207 1 147 0 0 255 210 151 249 147
    111 184 99 0 232 0 5 8 74 161 0 255 9 53 195 0 66 175 60 255 243 220
    0 137 0 255 89 94 255 83 255 130 143 255 0 245 162 111 45 0 107 94
    46 33 65 0 250 0 79 255 0 109 26 39 246 63 255 223 190 25 255 85 216
    29 199 39 0 0 155 255 255 255 156 236 255 166 0 181 255 12 244 0 255
    5 118 209 106 179 0 15 60 22 0 93 255 0 255 193 80 198 159 254 0 0
    118 255 16 237 99 174 0 0 203 78 176 4 86 255 247 230 96 255 117 150
    71 233 200 255 179 66 8 27 106 43 255 130 0 215 8 0 0 121 68 232 0 0
    198 246 251 217 51 109 255 215 157 90 77 255 92 0 162 93 0 189 109
    222 77 0 255 58 255 231 193 255 34 255 0 71 193 214 232 222 212 0
    139 68 0 0 255 113 0 0 255 0 0 90 53 13 255 234 0 0 205 181 236 14 0
    255 1 86 205 190 0 80 138 37 255 0 255 39 0 63 211 201 129 255 254 0
    27 35 135 198 255 255 136 152 255 97 0 190 123 10 89 15 186 0 0 21 0
    145 232 0 224 0 255 155 37 198 255 201 180 164 255 217 171 122 96
    134 12 244 255 122 164 255 141 50 118 44 255 255 74 213 17 255 136
    229 226 0 255 0 55 255 63 255 255 144 199 255 128 196 111 237 17 204
    180 255 28 255 170 0 0 0 107 0 0 0 189 192 165 0 255 94 255 0 255 10
    112 96 22 0 255 4 38 101 85 223 117 41 126 255 0 52 0 140 0 44 203
    83 0 0 255 88 125 255 10 0 41 214 240 56 255 237 0 5 255 20 255 159
    12 61 180 24 23 213 162 39 186 255 218 0 255 194 0 0 170 129 1 36 17
    255 32 0 255 0 255 146 0 242 174 186 139 21 0 95 42 255 33 95 82 0 0
    0 142 0 0 255 0 143 254 138 10 14 221 0 206 255 0 0 195 125 213 127
    255 197 42 253 172 105 214 255 28 226 0 0 90 67 0 155 0 34 0 241 16
    86 30 223 115 255 0 0 226 0 0 246 249 90 0 128 0 45 0 0 255 176 255
    0 235 187 14 200 255 229 107 3 0 60 111 0 85 255 246 6 101 0 138 61
    26 0 101 0 255 0 255 167 113 255 0 135 255 0 255 247 57 88 255 201 0
    45 255 106 0 255 106 255 255 255 143 13 255 128 239 0 11 122 255 190
    131 255 0 213 171 22 247 249 0 66 255 55 235 172 0 0 0 205 0 104 200
    109 77 41 240 0 255 86 165 174 224 164 166 34 255 193 255 140 255
    235 68 136 255 0 9 131 178 0 211 255 113 243 255 31 102 255 76 0 244
    141 0 13 41 25 248 200 0 36 115 205 255 0 33 38 246 0 199 255 128
    254 14 46 52 63 78 0 71 0 0 255 255 117 255 0 13 255 123 212 170 0
    213 0 196 0 2 104 164 0 0 0 122 202 194 129 0 188 41 74 2 160 97 0
    169 150 0 247 222 157 157 0 255 255 79 235 255 88 0 244 19 70 0 233
    255 142 175 186 0 193 181 202 0 97 122 140 0 145 238 0 255 255 59
    224 186 0 72 154 255 117 90 133 0 75 48 255 254 7 255 203 105 153 0
    162 255 170 255 109 0 8 255 251 25 249 60 46 14 62 255 130 0 0 0 0
    255 211 255 30 255 63 0 174 255 184 255 10 224 108 160 250 221 46 0
    72 0 239 0 0 62 190 58 197 0 255 251 215 11 78 152 5 4 0 148 67 0
    255 229 153 255 255 196 82 156 154 255 0 41 186 0 10 214 180 192 0
    236 0 0 0 199 0 208 240 238 189 0 255 255 145 0 146 196 223 0 196
    255 15 3 204 218 0 255 255 137 174 255 34 139 192 0 12 171 66 0 0
    255 209 8 255 0 255 18 0 117 195 115 119 242 0 0 9 255 0 4 48 222 35
    97 128 255 213 7 0 238 11 213 21 255 255 57 0 255 255 0 0 255 39 109
    255 170 16 16 126 7 27 118 0 255 0 205 25 69 255 203 0 106 175 146 0
    90 52 119 0 0 0 0 75 0 38 255 122 36 0 143 70 255 224 2 157 95 237 0
    134 27 56 182 255 111 0 0 255 0 255 11 0 228 33 253 255 255 255 255
    254 161 255 0 0 142 0 0 7 104 255 134 152 163 189 0 255 41 166 131
    255 62 255 30 71 255 146 84 255 232 255 255 90 211 10 130 62 129 160
    34 205 255 76 0 109 211 0 202 0 255 255 227 206 0 70 99 213 255 144
    41 1 0 131 0 132 171 2 255 119 0 162 218 255 83 172 0 255 225 55 0
    62 75 255 29 255 33 108 224 0 156 255 0 63 98 0 21 102 255 0 0 145
    166 1 255 255 236 174 52 199 170 128 45 118 53 175 24 255 255 180
    255 0 255 255 30 57 0 233 3 231 238 152 255 0 233 53 203 36 0 241
    103 255 94 0 255 170 10 144 206 153 242 159 234 224 171 255 0 197
    118 227 0 151 0 203 88 52 90 255 255 241 255 32 3 255 104 0 255 0 71
    126 226 37 255 166 98 207 0 31 129 255 0 32 96 161 250 0 254 244 208
    0 233 255 114 54 47 19 0 134 255 3 255 255 30 147 32 255 10 0 255 12
    101 43 255 180 81 246 0 248 77 232 0 5 216 188 0 95 224 31 179 42
    224 255 151 216 141 188 255 40 10 77 93 6 177 135 118 0 205 249 62 5
    99 0 0 255 254 176 255 255 255 255 17 98 69 121 69 152 255 0 255 61
    0 6 104 229 255 199 122 255 255 255 217 132 203 28 255 0 0 227 152
    205 9 255 255 78 255 255 255 255 236 255 15 253 70 6 0 0 93 212 233
    0 172 0 217 0 255 67 255 68 54 255 255 183 255 113 222 255 218 192
    24 170 255 255 88 55 221 62 189 10 255 49 0 0 241 177 54 41 227 134
    171 0 11 255 190 101 146 142 230 249 198 42 255 229 255 0 246 0 217
    70 153 0 0 54 163 206 237 0 176 255 60 0 89 0 0 0 193 51 0 61 89 197
    0 0 255 99 241 240 65 255 255 69 56 167 255 28 175 255 118 76 0 157
    0 0 0 0 49 44 38 105 0 168 128 0 255 215 237 217 112 121 100 49 1
    230 119 238 112 255 169 255 255 0 0 188 255 241 104 193 255 48 133
    193 255 255 140 233 207 255 0 255 60 44 255 108 0 255 255 124 117 85
    0 24 148 255 142 4 0 59 255 255 182 76 255 253 0 89 3 64 2 45 255
    190 23 217 78 0 164 0 175 203 151 188 255 40 211 255 165 255 130 97
    0 255 238 0 178 108 174 255 155 0 0 255 0 0 255 216 187 187 0 0 0 38
    176 93 26 59 57 255 52 93 255 0 102 255 0 0 33 191 183 255 86 0 148
    23 214 255 255 207 255 255 217 0 255 255 0 255 255 0 255 152 190 255
    154 0 255 255 0 130 74 99 255 21 64 255 255 0 255 191 49 164 84 43
    232 65 249 253 255 255 198 175 16 0 90 101 0 203 209 255 137 255 249
    120 108 156 220 74 127 175 60 34 240 150 244 255 40 248 70 178 255
    130 77 74 159 87 135 86 244 255 0 40 121 0 0 0 111 177 0 255 99 81
    172 242 223 255 33 0 255 73 255 26 255 255 173 115 172 0 201 0 233 0
    255 218 255 255 236 0 255 0 180 144 0 57 255 126 156 104 51 255 188
    33 211 92 0 228 0 139 66 33 21 253 255 0 0 255 86 167 255 13 0 159
    145 115 0 0 208 255 21 253 15 88 88 0 0 0 211 0 255 110 114 0 101 20
    209 0 105 138 194 115 255 56 0 92 208 255 255 0 73 255 53 160 181 20
    255 0 0 189 188 176 5 217 250 255 50 194 82 220 0 255 255 0 244 255
    255 223 14 0 71 151 255 218 47 227 146 0 201 255 218 255 245 79 0
    185 0 109 0 0 255 44 172 206 131 245 49 255 0 9 187 7 202 255 141
    255 255 255 51 245 255 141 0 249 125 106 98 3 255 255 235 57 210 255
    255 0 0 255 159 0 255 241 135 230 0 118 0 0 0 250 242 142 248 255 0
    45 167 0 7 180 255 255 0 255 0 150 239 0 212 169 18 255 158 0 238
    151 0 191 241 150 70 70 245 255 255 93 92 146 219 59 0 185 164 127 0
    53 66 102 0 255 73 0 255 0 0 255 225 66 255 240 155 168 0 53 0 239
    255 100 107 123 255 98 234 208 75 158 79 0 58 42 220 255 19 165 255
    137 255 255 93 247 182 177 0 0 193 255 195 0 157 129 15 48 0 133 0 0
    210 94 221 75 255 0 0 58 255 0 255 33 0 60 255 6 68 255 255 0 69 144
    219 45 16 151 192 0 117 194 255 123 255 230 255 81 132 0 255 255 255
    202 228 0 53 226 195 0 239 116 0 94 114 255 0 180 218 255 194 218
    235 255 255 0 255 198 212 147 177 255 207 250 165 255 255 255 211 4
    59 109 200 12 141 0 0 255 73 213 215 0 60 155 71 0 143 109 107 255
    179 24 255 172 240 231 0 145 173 0 0 26 206 0 95 255 99 0 23 255 143
    0 210 0 3 227 110 234 255 67 196 25 207 0 52 78 19 0 0 12 241 123
    214 255 253 100 255 19 176 164 252 172 0 17 0 24 158 255 60 174 147
    222 185 255 255 255 248 0 0 71 111 0 255 255 195 10 0 198 168 161
    173 49 80 255 0 0 0 255 255 193 35 2 89 138 167 12 0 255 0 0 0 255
    255 181 255 255 131 245 158 227 20 182 0 88 21 249 39 0 212 255 95 0
    255 31 174 211 255 242 148 0 0 199 208 233 255 74 255 246 255 255
    192 31 69 0 0 0 68 42 0 242 255 0 0 255 0 0 239 216 180 0 173 42 135
    101 12 153 0 255 96 0 137 174 0 0 53 0 0 221 255 86 0 169 222 26 214
    0 174 2 0 0 106 234 247 0 109 255 0 32 92 80 254 0 214 153 134 255
    11 0 255 0 192 235 0 128 0 42 208 0 255 255 255 93 232 0 29 253 0 0
    50 174 15 0 118 0 191 2 255 53 0 203 132 0 33 253 198 143 225 250
    197 0 74 255 226 150 0 255 180 0 0 93 255 70 7 32 46 255 143 255 0
    212 0 255 112 253 25 38 218 81 7 248 255 179 112 0 8 143 0 15 224
    238 51 81 236 220 68 255 255 183 197 116 234 54 61 168 0 249 185 255
    0 117 88 255 173 94 65 181 255 60 255 173 198 255 230 202 0 255 242
    204 10 51 0 139 116 255 0 0 130 0 0 233 0 162 2 128 177 167 174 255
    67 236 0 212 123 199 230 255 0 0 75 179 105 46 23 41 48 255 255 255
    0 134 171 118 124 255 16 255 255 255 10 255 255 0 255 95 255 0 60 50
    119 22 182 170 66 66 138 255 112 186 166 0 0 50 85 255 0 136 0 0 3
    89 146 0 142 6 0 255 130 255 248 66 169 205 115 226 86 255 191 44
    255 210 102 239 31 137 255 229 21 142 217 0 223 255 255 0 29 16 36 0
    11 208 47 0 255 149 255 62 255 255 55 249 0 106 34 182 202 0 190 6
    36 255 27 177 2 0 184 171 192 0 255 232 38 0 55 255 41 103 117 88
    255 102 0 0 0 243 244 255 255 255 144 186 255 38 98 104 1 176 247
    114 102 73 0 143 78 189 255 250 199 185 177 74 178 198 255 17 255 0
    94 135 166 121 22 0 136 163 173 255 149 182 0 0 189 173 0 238 255
    255 255 0 2 209 0 121 49 255 50 52 111 67 166 246 0 25 125 200 255 0
    240 255 0 0 8 19 11 155 255 196 251 52 31 255 60 112 117 0 175 255 0
    182 84 197 208 180 20 255 158 0 203 255 140 0 228 255 16 195 149 0
    255 54 255 70 0 218 125 233 231 168 126 44 176 0 255 190 0 58 0 228
    227 40 83 118 255 26 19 133 0 170 0 78 255 62 248 93 255 255 0 137
    196 0 0 101 120 195 112 0 243 46 250 255 255 255 4 206 243 254 213
    104 20 153 0 88 106 93 0 241 35 255 188 233 255 255 255 32 42 71 0
    11 255 171 183 102 212 0 0 191 219 188 44 255 0 255 173 0 59 0 131
    50 118 74 0 9 197 34 0 51 118 94 241 85 242 4 130 171 73 255 255 120
    7 3 235 255 0 191 0 212 0 0 50 106 196 255 10 0 20 178 231 79 241 0
    0 10 22 0 255 232 129 154 255 0 138 125 141 43 0 30 255 175 155 195
    255 172 0 249 45 4 171 0 0 71 129 105 36 139 0 217 0 255 68 0 42 105
    255 168 204 255 255 0 201 211 255 205 255 96 0 255 153 0 0 170 217
    12 7 209 165 212 0 0 175 96 188 103 52 255 0 186 0 255 198 1 188 51
    0 146 127 32 0 22 10 0 235 217 34 224 103 255 155 0 95 0 255 76 122
    255 63 0 255 73 206 43 0 0 255 33 255 216 86 255 92 200 255 0 255
    170 209 235 0 230 255 128 144 255 169 76 68 40 107 224 158 101 242
    248 179 1 132 244 200 247 158 63 255 67 255 190 16 81 0 0 8 206 0
    255 246 236 172 203 0 177 163 255 255 21 8 138 182 255 0 119 247 0
    245 99 57 50 0 255 201 109 143 0 49 0 0 255 160 175 255 255 209 94
    255 255 255 178 0 154 236 255 189 35 209 255 255 102 7 224 234 173
    255 0 100 82 255 95 216 253 149 255 0 168 17 224 0 247 148 123 246
    10 255 190 0 81 166 174 0 0 129 174 0 190 3 62 0 0 0 0 255 11 250 49
    120 117 206 122 0 210 28 0 20 212 255 60 255 183 241 255 255 28 208
    0 255 95 0 255 63 122 182 21 0 0 51 255 235 65 111 0 0 20 255 0 255
    255 255 0 0 11 104 219 24 0 76 189 255 129 124 160 113 255 76 0 129
    62 79 255 2 238 252 0 214 24 0 0 255 0 141 219 190 201 255 255 138
    198 124 119 255 255 128 0 132 40 50 255 6 255 0 8 174 43 244 0 147
    154 230 0 0 75 124 95 212 197 0 255 251 14 0 255 0 120 255 236 255 0
    0 249 93 0 118 255 182 23 0 255 75 89 77 255 126 255 255 164 68 242
    255 0 0 0 75 0 177 0 149 255 185 45 0 77 255 134 255 247 203 255 79
    255 155 255 109 193 231 16 93 0 36 128 40 0 223 0 210 111 208 255 0
    157 255 0 176 93 188 255 31 40 159 21 0 16 235 249 0 0 0 255 255 0
    214 92 0 0 0 255 179 255 255 58 255 98 255 23 62 148 233 71 255 95 0
    33 247 227 225 0 174 254 163 254 253 72 24 1 125 255 255 232 96 56
    255 0 0 91 89 173 0 217 246 209 0 192 85 59 10 254 255 226 0 12 0
    122 0 53 255 1 0 255 174 65 100 2 111 255 0 255 243 135 253 0 0 0
    222 0 0 0 58 145 47 12 0 170 160 135 11 26 169 63 162 225 187 0 172
    255 62 244 177 113 0 0 0 0 193 232 215 0 59 198 59 9 78 0 23 228 70
    0 74 0 0 255 249 255 255 0 95 0 0 0 0 0 0 89 255 167 230 80 70 101
    132 177 255 50 207 25 255 174 100 0 143 255 34 30 94 255 126 72 196
    35 149 0 224 103 9 0 69 70 0 255 255 219 255 17 181 0 255 107 42 255
    0 244 69 62 0 157 160 255 6 234 56 255 134 45 173 245 129 112 197 0
    16 12 178 222 255 255 0 255 39 138 102 0 0 255 24 0 0 255 232 152 0
    12 161 0 76 60 247 217 0 229 82 0 201 255 33 117 0 255 96 227 56 255
    255 26 138 45 169 68 235 225 0 123 51 151 161 255 150 105 124 20 95
    0 116 255 131 135 0 43 0 57 233 145 145 95 157 72 162 118 234 126 18
    0 80 255 0 222 197 0 107 144 255 1 255 174 0 127 0 0 0 0 0 109 17 39
    195 255 89 255 255 178 0 255 0 232 255 53 71 255 0 132 136 255 28
    226 113 245 2 187 226 169 0 0 49 51 212 0 144 148 0 0 25 253 143 86
    161 197 172 163 190 0 237 16 255 121 75 148 126 0 0 70 181 204 0 0
    255 255 0 133 204 255 135 99 99 155 68 215 188 194 255 217 255 0 0
    163 255 138 250 255 9 226 255 255 95 0 0 97 255 121 0 16 4 209 255
    152 229 213 96 45 255 90 206 0 217 182 72 255 124 178 0 0 139 234 0
    255 255 172 255 190 255 255 255 74 255 166 171 0 113 0 33 62 46 0 83
    54 92 0 46 191 253 49 0 255 16 96 255 255 20 131 255 136 255 251 114
    238 255 42 139 255 81 4 63 53 193 27 191 253 191 255 67 97 0 0 0 255
    7 255 216 0 255 175 18 255 220 76 187 0 89 255 130 55 233 128 117
    120 119 77 143 255 65 0 255 18 53 124 171 0 118 255 75 0 255 42 0
    183 0 255 167 166 180 138 152 130 188 229 255 0 250 155 186 0 158 0
    0 255 255 255 0 255 255 173 117 255 255 0 54 46 0 107 45 79 0 131
    238 0 0 145 154 0 48 0 221 138 0 0 168 255 25 255 158 253 255 0 255
    55 240 0 105 97 40 86 255 255 182 168 30 113 103 191 0 255 9 0 235
    232 59 0 0 211 200 40 0 132 0 0 78 33 0 251 151 133 65 255 218 255
    222 0 116 183 133 69 17 173 177 145 20 9 0 135 0 112 50 186 47 131
    35 255 64 255 38 234 255 42 209 88 238 71 0 120 0 224 20 0 255 96 46
    125 239 180 255 255 221 44 255 0 60 81 255 196 170 255 255 13 44 255
    163 0 46 233 0 0 38 210 0 235 117 222 122 113 0 193 255 241 97 255
    100 0 52 232 233 106 106 255 117 198 255 255 161 0 165 255 71 237
    133 189 75 8 119 120 249 245 28 202 255 67 79 0 81 0 0 200 0 0 204
    255 144 218 255 242 23 198 102 255 0 0 159 223 0 208 0 204 203 66
    255 31 219 255 49 255 151 162 223 0 165 238 255 255 255 209 95 211 0
    206 255 0 89 151 0 0 0 134 149 17 147 0 0 112 155 27 0 0 23 201 0
    255 10 255 34 180 73 193 0 98 2 255 171 76 129 11 0 0 0 110 3 93 134
    0 244 0 255 118 67 232 36 130 127 255 38 200 255 129 184 70 69 0 0 0
    31 51 4 0 255 255 162 19 255 255 255 0 255 255 255 4 0 255 189 23 56
    0 161 46 68 255 255 0 202 166 75 75 197 96 0 255 250 116 84 255 0
    255 0 214 101 197 217 115 255 211 0 255 230 255 184 0 116 255 237 22
    78 68 0 207 255 4 0 133 255 43 147 255 49 0 171 85 255 80 255 0 255
    0 255 255 82 255 160 107 190 223 219 102 198 249 115 255 0 199 163
    105 192 0 221 134 223 0 0 49 32 255 247 167 255 255 255 255 23 153
    41 116 246 0 73 172 0 83 123 0 81 95 255 255 0 136 0 77 0 237 181
    153 6 102 32 255 0 75 0 255 0 255 0 217 64 0 0 190 64 245 89 26 225
    237 255 0 255 7 0 164 46 0 142 129 255 0 100 12 170 107 35 87 154 30
    233 160 212 144 161 0 0 255 0 25 163 161 255 0 151 255 255 0 0 90
    110 6 246 0 150 255 0 94 255 255 252 198 139 145 47 204 100 255 205
    71 255 0 44 58 10 162 255 69 52 32 139 94 95 144 255 172 4 255 115
    255 140 201 0 169 156 168 109 118 234 177 90 100 55 0 130 40 96 0 55
    13 0 255 88 16 255 125 111 94 35 0 0 85 255 255 146 207 195 84 99 87
    240 191 94 9 116 19 105 58 52 123 79 0 71 242 1 7 110 152 0 247 208
    196 255 188 0 95 168 255 115 255 0 194 223 114 201 123 0 0 255 246
    191 46 20 205 240 0 92 145 213 255 0 255 0 102 29 72 191 255 120 0
    131 255 48 124 0 115 0 0 128 196 0 0 8 0 225 255 255 0 176 255 0 68
    22 203 35 0 255 255 0 255 255 36 92 36 0 206 230 255 0 146 18 90 213
    30 1 41 216 255 72 255 47 37 141 209 0 108 0 23 79 143 127 220 98 83
    0 107 212 0 255 45 141 255 0 45 255 0 0 255 149 101 0 246 2 230 0 29
    255 107 145 76 244 18 0 91 70 255 111 41 74 225 180 95 255 92 55 223
    84 71 215 0 29 255 226 135 254 255 255 120 0 188 255 0 113 3 146 255
    163 77 255 255 255 255 169 54 187 145 163 255 215 255 183 255 255 0
    238 83 14 37 251 255 255 0 0 0 29 40 208 0 31 237 190 63 255 110 200
    23 239 136 169 139 255 45 0 218 0 122 10 255 255 255 53 10 225 43
    118 174 32 193 246 49 19 255 131 0 131 145 255 0 152 143 255 218 181
    143 255 97 255 109 255 255 62 136 199 105 0 145 109 0 255 245 0 165
    52 255 86 109 0 167 255 121 255 234 255 28 46 21 71 184 31 255 0 215
    255 255 222 255 255 0 76 61 166 255 208 255 105 215 46 255 0 0 242
    227 255 164 154 100 101 246 214 30 179 72 0 241 230 0 57 63 245 255
    209 211 18 255 96 195 48 247 86 58 177 182 129 113 43 233 83 0 61 0
    151 215 109 255 12 144 245 89 245 255 249 23 57 53 0 0 0 0 245 0 106
    0 4 62 255 173 255 255 238 24 255 41 244 205 24 18 11 255 189 190
    255 239 170 0 83 0 255 232 108 103 0 208 151 0 0 0 41 178 4 196 0
    163 106 169 178 94 174 255 60 255 255 180 94 223 40 0 226 255 156
    246 0 138 255 65 5 253 49 0 255 209 72 255 0 113 217 107 255 38 0
    151 255 0 0 255 94 159 0 255 114 0 135 255 0 234 250 40 235 177 255
    168 40 182 255 23 220 23 192 249 0 156 142 31 238 168 110 118 173 36
    232 255 0 0 244 0 255 0 83 255 7 255 150 0 43 255 255 0 0 198 229
    158 20 167 82 218 60 0 0 30 255 0 255 65 204 144 174 0 11 255 232
    137 117 0 255 0 124 13 255 0 203 255 0 255 255 0 56 255 255 210 46
    255 96 255 255 0 213 0 144 50 0 61 0 255 255 226 164 185 22 39 54 72
    89 92 113 63 127 24 255 0 255 6 92 182 210 200 0 100 31 255 145 255
    98 0 127 67 141 202 0 60 255 0 156 255 255 0 255 111 251 255 253 0
    236 0 147 255 174 255 255 8 0 151 108 255 255 0 0 99 121 107 255 255
    146 227 76 0 233 235 0 0 255 179 48 39 255 136 236 72 0 243 66 255
    255 55 249 236 244 97 0 0 158 187 255 0 38 127 56 72 0 57 0 220 0
    134 0 255 121 121 104 0 0 0 201 255 221 186 32 255 0 87 108 255 0
    198 0 0 255 151 0 255 255 17 202 255 0 255 255 140 255 84 4 0 115
    176 200 255 211 255 255 193 155 143 255 0 103 226 117 24 80 255 255
    69 255 92 123 255 255 213 0 255 51 247 185 255 95 151 0 209 201 220
    67 120 177 120 2 210 255 255 115 29 145 57 93 255 193 0 135 255 172
    232 255 255 255 0 255 160 230 0 0 97 214 0 47 106 111 255 114 0 177
    150 251 135 64 34 21 255 94 146 0 215 102 255 190 255 69 112 191 236
    255 8 247 255 0 255 160 0 205 55 141 255 255 208 255 255 0 116 179
    25 241 255 252 0 192 220 71 231 255 59 0 255 16 0 149 89 0 255 255
    255 64 255 140 0 17 89 0 0 7 147 68 137 84 255 0 255 97 242 246 182
    132 127 4 255 0 0 103 0 0 0 125 185 0 180 109 87 183 0 0 81 13 255
    174 62 0 255 35 255 90 0 255 204 227 0 35 255 196 237 252 0 159 188
    90 153 35 17 172 25 58 147 226 124 120 209 0 165 142 114 253 37 255
    2 66 173 53 255 91 255 80 107 202 155 255 253 0 242 0 90 80 31 179
    66 104 182 0 255 40 0 45 27 0 28 255 37 183 229 0 255 255 100 165
    255 105 255 15 0 0 255 0 162 255 127 255 149 255 46 255 42 217 49
    194 181 17 0 221 172 255 134 255 255 0 255 0 0 174 121 0 82 222 126
    244 255 149 172 214 61 70 249 0 102 0 255 30 252 200 105 125 119 255
    155 90 134 255 214 143 255 182 0 116 151 0 230 204 13 177 53 255 225
    220 0 255 163 207 172 0 147 232 235 92 255 255 19 175 121 255 0 12
    255 186 211 30 0 167 252 239 0 43 0 66 187 150 206 79 40 207 31 84
    230 255 96 157 77 53 75 156 204 249 79 17 255 17 245 47 119 193 177
    0 255 33 172 255 0 95 115 255 0 255 255 255 18 255 162 255 255 163
    103 255 0 30 202 20 139 0 112 103 195 0 255 0 154 162 255 255 48 255
    0 153 100 62 15 0 9 0 180 255 255 255 61 103 255 255 166 255 183 37
    158 248 234 255 255 255 130 82 255 59 0 0 234 0 183 255 0 246 28 255
    255 78 0 22 112 214 66 174 59 121 255 146 17 93 232 194 255 94 236 0
    64 204 35 252 255 215 0 124 198 115 142 74 15 255 0 1 62 194 255 255
    224 128 177 94 218 47 0 128 236 146 90 91 60 120 95 255 22 255 209
    94 0 255 130 0 255 9 113 0 255 255 27 255 139 234 130 255 72 225 255
    222 1 255 26 22 96 255 181 108 170 0 255 0 255 194 122 124 124 255
    209 0 191 43 255 156 118 254 46 143 0 0 0 188 108 11 99 0 198 0 255
    69 155 221 164 33 209 255 0 0 228 38 0 127 0 45 102 83 255 255 153
    111 0 255 143 171 255 0 198 255 0 0 0 0 117 153 183 243 221 57 131
    90 125 0 155 217 0 255 255 115 13 60 0 0 15 254 255 23 255 115 194
    58 58 255 11 127 255 0 0 146 0 21 48 0 0 85 177 15 0 14 255 14 255
    208 255 255 42 163 17 213 85 229 255 128 175 244 87 78 161 163 237
    175 84 173 253 125 255 175 138 224 255 108 255 0 247 255 0 137 72 0
    255 40 237 0 129 21 149 21 10 101 0 168 87 190 122 255 73 255 255
    166 8 106 122 255 255 224 167 114 255 79 32 110 193 0 255 255 107 4
    40 60 14 0 255 50 227 17 239 0 48 0 255 255 29 6 60 144 251 66 53
    198 9 255 240 11 27 0 186 0 143 255 15 50 255 0 93 255 255 41 114
    255 157 0 66 140 84 155 84 107 201 0 255 60 253 0 255 222 255 125
    220 55 246 187 131 174 0 0 255 147 162 49 156 6 0 176 152 48 0 255
    81 217 252 7 40 255 0 204 255 76 108 255 248 2 0 255 53 204 0 255
    128 0 34 171 0 165 144 0 56 131 169 255 212 0 255 44 254 122 179 79
    255 255 255 26 0 226 152 255 0 164 222 139 52 255 255 86 255 255 161
    73 0 245 19 80 196 18 136 145 130 227 85 177 185 255 255 96 201 255
    255 106 17 121 170 255 112 219 0 255 76 176 249 0 0 67 0 255 0 127
    143 170 107 172 255 255 28 193 93 255 157 160 192 226 189 255 180
    165 187 225 0 249 0 191 201 209 8 65 14 189 0 120 0 255 255 255 24
    255 66 184 255 0 131 45 250 249 24 0 7 255 248 8 41 0 146 0 255 144
    0 255 246 255 255 163 215 95 255 255 0 255 246 51 255 231 0 178 255
    162 0 0 224 88 140 163 255 255 255 255 255 255 243 34 165 0 63 255
    255 181 229 155 66 0 31 40 207 147 40 255 247 96 148 131 163 255 250
    255 0 59 46 0 255 184 27 82 19 0 0 45 255 255 0 255 255 140 56 235
    111 105 15 0 255 0 7 98 74 255 213 0 87 17 255 0 0 210 0 169 255 255
    255 0 255 193 129 0 112 88 131 0 75 0 99 82 255 255 0 228 110 15 85
    0 255 19 0 47 130 0 255 217 99 0 0 249 164 28 13 255 37 0 196 12 249
    0 0 114 255 0 12 229 116 255 83 255 125 255 0 255 255 0 177 208 0
    229 0 0 255 101 164 70 255 80 0 206 114 255 74 183 10 255 132 162 30
    64 173 219 153 237 138 100 222 245 105 255 255 130 29 195 92 228 246
    0 51 0 192 197 69 251 20 0 255 0 46 232 167 255 33 0 255 0 60 220
    211 154 255 203 86 255 15 98 0 238 0 158 98 108 209 180 255 255 255
    143 26 218 132 255 117 120 237 250 181 0 247 175 0 255 255 0 238 176
    0 8 234 0 77 122 111 143 0 255 206 106 198 95 255 0 255 156 0 255 32
    163 74 106 255 68 198 0 140 0 209 255 156 0 126 224 35 51 255 53 255
    0 178 214 255 255 255 134 246 134 192 255 120 185 216 0 0 132 255 0
    204 247 222 164 182 26 196 232 54 147 11 3 47 46 254 176 255 0 0 187
    0 255 255 251 0 155 0 255 79 242 218 174 12 109 249 0 255 255 138 33
    18 67 255 250 213 107 10 4 0 60 119 197 209 36 255 241 0 194 180 173
    129 255 0 255 38 90 0 255 132 211 0 80 32 122 14 70 176 255 75 11
    237 0 255 180 152 0 0 152 81 211 0 206 212 88 99 173 45 121 255 101
    179 0 255 0 31 255 255 112 255 86 254 48 0 224 26 0 81 31 159 0 190
    206 107 255 115 255 0 87 255 164 117 255 180 90 104 255 253 219 255
    0 255 167 0 226 125 116 15 0 0 0 0 0 0 136 240 47 0 109 222 0 82 255
    212 0 0 129 0 112 67 0 28 191 229 255 247 0 231 59 153 0 189 255 200
    0 54 170 255 0 255 255 51 0 255 0 255 95 141 78 255 17 72 95 63 65
    255 112 177 255 0 89 210 228 21 255 187 0 247 0 97 200 55 23 0 99
    255 199 255 206 228 252 116 29 184 39 236 31 151 253 0 255 229 34 0
    0 185 238 196 159 114 58 255 255 255 169 255 255 192 33 255 72 151 0
    136 177 199 0 187 232 80 255 121 198 141 186 67 255 213 31 36 113
    255 0 0 0 92 116 82 155 215 85 0 255 228 202 160 95 23 168 181 53
    126 128 158 0 91 0 77 17 255 127 0 5 47 46 0 0 255 228 255 23 255
    133 0 139 71 33 202 255 0 31 160 63 91 72 94 0 83 7 221 125 255 231
    255 255 0 0 0 64 131 57 108 237 47 120 0 172 0 0 140 129 255 210 14
    205 255 255 125 0 83 255 165 255 255 243 248 119 134 255 4 23 15 11
    8 255 0 219 255 0 0 224 88 152 96 0 0 222 37 20 96 255 224 255 49 0
    93 24 255 9 255 140 188 255 0 145 0 176 209 82 172 198 222 142 106
    255 102 49 0 255 236 255 124 1 107 138 0 0 168 137 200 171 59 111
    207 244 0 159 10 54 16 243 63 245 0 27 121 0 0 0 255 0 1 150 0 255
    255 196 255 251 77 0 128 0 0 13 0 122 142 42 255 101 231 119 167 0
    255 112 255 164 255 255 150 219 243 36 113 18 75 255 194 88 26 0 255
    137 251 210 0 60 255 20 146 246 255 103 26 174 255 0 255 255 0 255
    111 226 189 241 0 41 145 92 0 0 146 255 0 115 255 26 24 77 146 138
    70 255 44 100 127 8 113 0 93 201 0 0 206 255 0 48 54 126 0 13 191
    221 198 97 4 255 255 220 147 29 164 156 193 0 255 100 106 0 198 142
    23 95 148 255 0 0 195 246 72 192 113 0 0 210 197 255 255 35 33 255
    51 0 59 255 33 0 98 215 192 0 47 111 253 143 255 21 81 109 0 255 165
    255 140 189 76 255 93 73 114 238 255 23 0 74 67 210 255 141 255 81
    12 84 255 145 31 255 82 255 229 191 162 78 255 6 6 73 136 255 0 21
    163 95 31 14 34 15 203 0 255 0 54 165 111 35 255 187 0 17 0 92 178
    195 0 1 243 0 0 192 0 0 3 160 255 0 106 255 0 17 130 0 213 0 245 255
    141 0 127 224 255 50 0 255 255 255 75 0 0 195 0 132 85 255 46 0 255
    255 0 171 0 87 59 136 0 0 0 7 0 255 199 11 16 42 98 225 34 0 53 8 0
    70 251 133 255 228 0 108 14 240 169 223 163 0 179 8 183 192 94 122
    228 216 0 77 222 255 164 0 0 85 255 0 0 245 0 0 30 255 255 177 203 0
    239 84 255 0 255 0 221 253 255 226 7 129 255 169 159 255 199 127 218
    35 255 30 0 244 133 115 255 255 190 129 104 154 255 255 78 117 255
    21 205 54 238 255 0 248 255 3 18 86 153 0 0 255 181 217 255 60 48 79
    14 0 169 247 12 192 32 88 87 154 231 165 96 175 0 0 30 184 0 0 42
    255 0 255 168 45 0 196 255 0 104 158 255 65 0 209 80 59 50 255 219 0
    255 124 105 79 255 221 0 49 177 0 0 71 132 255 0 255 113 118 77 254
    236 0 218 255 105 241 0 0 188 255 186 86 0 169 71 84 155 16 224 165
    103 255 155 90 0 0 50 0 120 0 233 0 0 235 0 255 164 0 13 0 81 0 0
    163 159 12 58 199 19 65 0 121 229 137 99 0 0 0 255 0 125 255 0 141 0
    76 0 5 185 255 0 252 163 255 119 0 241 206 161 255 6 93 166 42 42
    194 110 255 208 255 178 255 122 255 24 115 78 168 0 0 255 255 7 172
    140 193 11 134 167 0 66 141 106 120 0 25 18 137 0 130 0 251 204 0
    255 231 20 0 0 105 54 71 235 68 209 137 222 229 0 255 191 0 65 116
    208 107 23 255 182 167 0 208 0 255 0 239 0 170 255 139 70 0 184 248
    243 114 255 63 0 255 33 74 52 0 0 155 60 95 84 58 140 63 213 21 0
    161 14 158 138 0 177 0 255 237 255 113 96 0 227 43 0 63 31 253 107
    126 0 183 0 20 0 196 0 0 255 184 133 196 255 47 227 255 255 0 7 255
    0 212 0 0 164 14 239 54 255 255 255 90 115 107 23 86 255 128 19 255
    224 255 246 76 255 255 105 123 202 232 235 0 249 144 103 0 255 241
    202 43 255 0 255 214 255 255 0 6 210 64 116 0 255 214 0 63 0 0 51 24
    48 207 222 181 35 0 67 109 255 0 212 153 239 208 0 32 0 57 255 3 71
    20 0 113 82 163 0 45 210 199 87 191 68 2 255 62 61 137 3 127 255 0
    205 177 148 13 255 106 62 29 199 0 162 16 255 0 101 255 10 160 198
    196 98 0 121 20 91 198 230 53 255 9 255 255 180 138 1 101 0 255 115
    122 130 253 0 0 0 0 164 23 0 80 18 118 118 255 227 168 255 255 157
    236 180 0 255 0 132 7 147 135 17 209 235 255 135 255 183 210 231 182
    138 10 16 255 78 255 110 0 11 255 255 181 128 255 113 0 126 4 181 89
    185 255 53 47 172 174 115 0 183 162 0 51 6 71 211 0 117 52 151 187
    162 171 235 255 13 255 52 0 51 90 255 9 32 218 132 125 211 255 13 11
    44 85 0 0 255 155 188 37 255 245 37 0 255 0 0 152 214 97 0 116 0 22
    63 9 47 0 236 0 0 120 255 3 160 0 209 242 255 127 248 130 215 0 255
    255 255 246 0 0 109 151 0 129 0 0 135 52 233 123 255 80 195 255 125
    210 255 0 197 0 237 71 255 141 0 74 138 213 153 22 0 149 0 55 0 255
    238 206 0 59 49 255 0 255 182 176 241 171 0 0 109 146 102 255 251
    255 209 152 127 0 0 255 84 76 135 255 0 82 209 23 181 207 239 90 245
    52 194 0 26 0 148 97 0 255 0 28 143 55 114 84 242 68 0 66 255 145 0
    71 255 78 0 128 0 0 58 138 108 251 146 255 0 255 255 1 251 68 56 77
    0 0 55 0 237 255 255 255 0 139 255 0 0 255 59 104 255 255 86 213 126
    129 255 120 155 255 186 118 64 255 255 44 254 255 0 86 220 221 0 255
    22 0 0 128 0 43 0 187 105 255 255 94 255 0 189 255 255 34 255 255
    255 0 174 104 0 123 19 0 123 116 255 73 38 255 255 14 27 28 54 214
    227 0 241 37 140 83 0 225 178 57 250 147 175 255 144 255 210 255 0 0
    255 234 50 255 255 245 255 182 106 255 204 201 0 243 255 117 115 255
    200 157 173 37 59 0 9 4 103 255 73 16 255 255 45 0 48 255 255 255
    225 182 119 171 121 80 155 224 0 255 35 104 0 0 0 127 255 128 189
    245 225 0 17 95 0 163 12 70 50 49 219 188 213 154 75 42 227 3 255
    255 140 148 255 142 159 255 2 71 0 255 239 158 0 0 0 0 213 93 195
    255 65 177 255 255 185 190 255 255 161 163 0 110 0 67 162 51 239 118
    172 86 20 193 39 0 66 0 83 180 227 239 167 229 152 215 0 215 0 0 109
    143 238 33 248 255 0 0 206 206 255 0 169 255 82 139 219 28 255 144 0
    221 0 248 250 255 62 255 150 255 189 0 221 225 202 255 71 183 175
    205 0 255 206 147 115 0 255 90 255 94 252 59 124 247 0 200 0 255 255
    0 255 175 204 255 52 0 146 97 0 251 91 255 250 254 0 160 101 145 245
    201 255 196 212 255 229 255 157 71 230 218 36 0 248 255 255 255 157
    0 6 239 0 255 212 19 6 216 228 52 0 255 0 145 255 0 0 162 178 0 0 18
    0 43 14 212 114 65 255 0 0 110 0 0 255 2 119 206 255 54 115 255 21 0
    222 255 255 232 26 255 19 251 0 255 255 90 85 36 0 8 0 255 0 62 10
    213 0 225 0 120 41 0 0 92 133 138 0 255 0 35 113 0 255 157 74 102 0
    255 95 164 186 0 129 227 0 121 255 252 255 169 0 165 29 255 12 229
    221 208 255 0 249 63 203 118 25 32 191 0 255 0 230 88 206 255 2 0
    255 229 178 10 132 0 255 0 229 60 146 54 255 81 192 130 0 255 99 10
    0 255 153 3 230 0 255 0 0 255 134 0 255 79 88 182 255 224 0 0 134
    112 255 0 255 255 28 0 251 169 0 127 204 41 22 132 232 0 26 124 0 0
    94 49 29 0 255 26 141 223 104 255 255 167 0 255 223 141 0 190 0 0
    255 100 0 132 197 144 49 233 237 0 90 37 0 60 255 255 255 36 61 255
    157 255 152 158 75 255 226 89 0 0 255 185 0 255 0 0 239 0 199 0 93
    124 0 0 255 57 150 255 76 255 248 255 174 151 91 71 89 104 35 230 0
    95 139 255 0 188 255 255 255 146 215 189 160 97 120 232 0 255 82 38
    47 237 101 193 70 255 0 167 0 0 211 24 195 243 0 231 221 255 51 255
    13 255 255 113 248 255 97 0 206 255 203 133 255 227 149 17 255 248 0
    255 255 208 255 0 255 201 191 0 235 255 255 0 255 5 158 255 202 255
    242 0 160 18 246 164 96 113 57 175 0 162 20 255 154 200 0 65 0 100 0
    0 0 255 0 200 73 129 204 0 110 5 0 53 0 255 184 255 193 215 18 144
    66 188 200 59 255 255 160 255 166 106 255 128 56 255 255 227 134 36
    255 235 0 255 88 255 0 185 56 255 0 51 22 226 255 40 0 253 84 72 78
    30 148 0 189 255 255 0 50 109 255 0 235 255 96 0 129 6 27 214 0 0 61
    46 0 20 9 0 0 248 0 160 91 153 145 172 32 133 129 138 255 139 193
    170 0 188 255 255 131 255 255 213 15 255 249 250 0 98 179 0 146 230
    255 142 205 0 0 96 255 108 255 113 90 0 182 178 113 143 244 158 49
    255 229 255 0 209 212 0 38 255 186 34 94 255 0 138 255 211 0 255 113
    86 235 255 0 0 52 164 177 0 0 35 106 41 255 2 30 95 0 122 255 55 122
    80 139 115 32 0 147 0 55 0 119 0 32 61 255 228 63 50 125 255 155 14
    255 175 0 255 36 191 140 255 0 40 255 255 47 196 215 255 255 3 0 255
    188 0 94 23 152 0 0 0 93 0 0 164 217 202 255 255 255 255 0 88 140
    255 227 114 39 56 38 227 94 255 0 61 7 56 0 0 255 26 53 124 119 0 0
    175 22 249 30 232 127 255 8 182 243 173 137 0 46 0 0 112 255 129 0 0
    255 46 219 255 56 255 255 190 202 84 255 147 213 60 0 255 193 178 0
    0 0 160 0 0 199 0 0 0 84 197 38 91 210 120 255 13 0 40 0 249 0 59
    143 0 255 255 5 0 171 166 255 99 216 96 9 15 80 137 64 255 211 21 85
    238 164 61 0 12 255 21 0 0 243 244 242 255 5 44 155 0 180 60 84 154
    0 201 186 135 7 196 0 68 0 60 255 143 255 59 201 158 0 176 210 0 93
    153 0 30 146 255 255 0 248 120 188 28 232 254 186 255 0 255 24 0 100
    255 200 60 220 255 153 192 244 255 0 16 0 11 255 35 140 153 248 255
    255 110 175 19 255 13 193 67 142 17 172 255 0 0 15 255 139 45 5 0 0
    255 0 62 255 234 73 31 255 255 95 151 213 250 134 181 239 0 231 255
    161 255 153 187 179 83 0 62 0 99 222 0 144 121 249 255 0 215 55 255
    131 0 208 92 0 0 33 255 255 255 81 255 220 70 136 51 98 255 255 1
    255 219 14 105 230 255 0 255 255 152 162 62 0 255 188 0 111 147 220
    92 255 250 58 226 255 255 255 13 140 84 187 0 0 255 175 174 255 101
    255 66 0 255 136 0 255 101 11 255 199 0 151 30 132 0 0 194 11 78 122
    255 255 78 136 0 255 147 0 94 255 230 212 0 44 142 8 216 161 189 255
    255 0 228 4 0 255 218 255 208 255 218 255 177 0 255 202 88 255 255
    100 0 3 130 106 153 255 255 236 255 221 45 80 0 255 191 92 255 50 22
    245 111 168 206 207 146 15 255 0 184 246 114 255 139 125 0 0 0 237
    61 255 255 75 192 230 157 255 249 255 141 6 0 0 255 206 4 246 52 136
    0 255 51 138 255 188 149 68 255 0 22 255 226 176 22 0 166 0 98 0 0
    142 0 89 0 28 53 0 255 0 255 255 0 15 191 245 0 177 255 255 126 222
    255 14 254 167 255 7 138 92 189 109 76 128 0 0 0 255 164 0 81 0 0 0
    150 137 0 255 0 233 255 129 255 101 18 255 0 16 183 140 237 12 255
    67 168 0 19 0 0 10 7 234 158 222 255 92 0 121 0 32 121 0 167 0 0 25
    142 0 255 194 60 169 0 0 0 86 207 124 212 185 255 36 118 241 0 74
    222 45 104 76 98 58 47 89 255 121 171 0 255 0 0 0 110 0 200 0 255 0
    166 255 141 51 172 111 0 96 8 0 0 18 39 176 2 0 170 140 50 0 16 193
    255 255 255 210 67 176 238 255 0 122 230 125 164 0 255 255 154 149
    137 0 0 255 82 0 0 194 118 153 249 255 126 208 30 200 89 28 115 251
    255 228 213 22 255 0 143 255 0 0 51 255 193 187 255 93 233 195 0 24
    0 78 255 199 99 35 0 211 247 255 255 0 129 129 210 75 15 228 136 142
    234 168 44 0 181 217 255 255 170 74 255 81 84 0 252 255 255 137 217
    255 255 0 248 132 110 202 85 45 0 232 0 22 0 255 0 49 179 195 200
    255 132 195 61 255 147 0 160 238 255 112 0 255 255 11 5 18 118 75
    255 127 237 248 83 255 255 19 151 26 165 47 221 0 221 255 18 248 10
    255 255 166 255 226 29 0 255 0 255 239 0 0 255 0 255 255 250 210 194
    195 255 255 162 66 225 161 202 0 0 127 0 0 81 116 102 206 7 72 2 113
    0 90 114 255 255 214 255 0 29 255 243 71 186 138 128 15 12 255 0 0
    241 255 52 36 230 146 0 189 79 0 78 216 149 0 0 0 0 0 180 102 0 21
    112 185 225 139 46 160 39 0 255 107 255 34 93 255 255 222 177 226
    230 24 0 11 50 93 0 101 0 9 119 217 128 78 170 11 176 252 5 50 255
    218 80 255 101 235 255 181 183 251 178 209 61 228 0 140 255 118 66
    178 18 115 255 235 209 255 169 114 103 84 184 108 138 72 255 255 0
    233 255 31 175 0 153 158 255 36 255 167 0 249 132 255 48 67 157 248
    66 113 27 61 77 0 174 142 0 168 255 28 8 0 30 102 165 127 214 255 38
    255 210 122 148 225 0 254 255 255 46 200 113 0 19 0 0 0 193 255 0 57
    0 197 255 0 125 0 12 255 155 53 80 87 173 250 73 255 252 70 0 150
    208 143 0 153 0 0 255 216 255 87 255 201 137 85 199 65 255 0 255 116
    88 89 164 83 255 170 255 0 116 0 255 0 137 0 255 149 0 185 255 177
    255 197 32 111 0 62 190 225 255 221 255 255 255 0 235 92 255 0 215
    255 160 0 156 113 0 138 255 52 7 17 161 255 60 149 18 255 0 45 40 0
    25 255 152 206 147 0 32 0 31 0 148 0 255 101 37 37 0 0 182 217 0 0
    94 199 0 0 167 255 138 245 0 169 0 0 255 255 245 255 255 117 160 255
    0 0 255 227 196 187 101 197 255 0 90 23 0 117 121 0 100 255 215 88
    255 25 0 134 141 135 126 0 104 154 213 25 255 26 20 82 201 167 255
    67 225 155 255 238 204 61 255 31 14 195 255 0 122 148 0 255 81 2 51
    69 110 255 204 255 255 0 48 137 71 116 246 124 255 255 0 0 80 73 213
    0 117 62 0 230 0 0 255 230 255 255 219 255 0 118 160 0 188 0 255 69
    242 0 0 17 15 226 109 61 61 0 0 255 239 0 168 136 203 0 79 246 97
    153 167 0 255 107 249 107 255 25 0 24 8 92 4 255 0 29 42 119 255 230
    254 255 128 164 55 227 0 137 57 0 255 145 228 128 255 206 180 255
    142 0 38 31 255 255 0 230 159 0 61 0 194 133 36 128 0 211 0 180 242
    0 52 60 179 99 200 121 172 255 67 255 121 196 130 0 179 0 0 0 181
    190 255 135 68 2 134 188 200 255 169 55 255 255 0 81 224 0 0 145 0 0
    221 71 117 34 162 45 144 99 255 42 255 11 254 18 227 152 255 57 255
    108 159 150 198 255 255 0 58 169 0 255 214 0 114 154 0 109 107 30 0
    255 10 170 162 12 255 251 255 255 0 22 0 110 83 199 138 183 255 0
    231 23 107 0 183 0 0 255 0 86 0 0 0 0 246 105 234 252 171 154 61 255
    251 109 83 0 255 0 3 32 35 255 179 213 161 226 206 65 0 255 240 32
    255 255 96 81 242 107 44 173 0 196 255 7 0 255 142 0 128 221 0 0 127
    190 67 44 0 225 163 243 255 0 214 0 111 150 20 149 0 167 215 0 0 32
    73 76 255 0 255 0 167 65 255 182 222 255 255 255 187 120 255 129 79
    23 0 255 225 132 0 32 176 238 55 64 67 119 110 32 60 177 0 38 0 211
    242 255 155 242 255 255 232 21 255 126 0 66 79 25 0 255 223 73 20 0
    157 0 219 0 154 255 234 255 57 99 46 123 164 255 194 0 230 255 255
    113 93 232 255 0 118 255 41 0 131 235 0 51 246 215 111 0 112 109 130
    22 255 164 49 255 0 144 255 13 255 6 0 212 30 113 0 0 62 34 255 167
    129 173 203 207 27 246 159 0 248 110 0 0 211 187 255 150 34 52 0 95
    203 255 0 211 18 85 52 195 105 47 95 255 250 132 197 213 0 46 0 91
    113 184 255 0 185 144 90 0 230 253 42 0 255 71 228 168 210 212 255
    58 255 11 51 0 217 184 39 0 0 255 122 144 22 255 0 52 81 0 51 86 241
    0 195 196 207 0 159 89 255 255 147 251 129 255 226 0 0 129 0 179 154
    255 207 18 230 153 129 251 255 47 49 0 207 0 250 188 142 137 240 138
    41 165 255 23 0 0 255 108 255 130 127 201 0 48 155 255 246 94 169
    232 21 159 210 33 178 83 194 195 205 43 254 150 198 155 255 255 0 30
    0 54 197 255 181 0 255 121 0 62 0 8 238 248 242 51 255 242 92 255 23
    252 25 229 0 170 235 151 167 255 0 36 182 226 0 117 255 67 12 255 28
    40 255 254 255 147 0 27 0 153 77 214 255 0 86 66 186 166 26 255 230
    12 238 217 54 132 255 163 145 78 125 0 81 0 60 118 255 150 160 255
    34 57 20 0 34 50 62 227 40 0 0 164 64 243 0 94 154 255 0 198 0 0 251
    255 166 0 106 85 255 0 0 174 255 58 233 68 0 124 171 212 255 255 0
    255 100 177 223 255 76 255 255 73 92 117 0 255 168 163 0 255 192 149
    42 0 43 241 3 167 94 67 230 120 255 255 255 130 152 255 18 255 0 255
    143 237 74 107 255 72 28 0 15 0 153 159 0 137 26 106 107 103 8 0 0
    225 145 189 87 23 160 255 161 224 50 255 185 105 214 21 0 255 0 51 2
    0 238 14 17 21 165 13 145 32 252 214 27 6 255 39 96 0 0 255 127 128
    0 0 98 255 233 0 222 118 255 0 56 123 92 61 72 206 0 15 115 86 0 227
    255 147 20 151 237 0 26 8 255 169 255 0 42 44 211 1 243 0 156 129 0
    255 0 255 191 114 210 0 142 167 44 255 232 255 255 216 0 22 66 233
    210 255 255 0 181 255 255 248 255 80 73 33 155 5 8 120 217 255 0 255
    163 66 49 157 182 195 213 160 0 255 36 0 77 37 255 134 18 26 255 244
    24 211 178 65 7 255 82 255 215 204 0 255 255 255 255 255 255 175 255
    68 57 66 87 70 255 70 255 212 191 146 205 29 145 182 79 70 0 255 193
    160 0 255 0 255 12 58 0 143 255 255 187 255 0 0 0 173 74 255 221 255
    0 241 194 33 255 0 246 196 0 51 255 134 28 0 229 255 168 89 0 0 88
    126 255 36 1 255 222 0 45 39 0 0 0 52 255 203 134 0 6 255 0 255 242
    231 133 83 208 185 53 0 0 37 0 0 255 6 0 0 208 138 0 163 0 87 0 255
    142 255 216 150 109 248 148 0 0 236 209 42 234 255 78 255 255 41 18
    161 255 4 199 150 177 102 97 116 255 241 255 94 0 72 143 119 0 0 21
    255 121 81 48 255 255 233 148 244 160 114 0 103 77 235 127 0 1 0 255
    0 51 238 19 0 17 255 26 210 161 0 116 255 209 255 135 138 54 16 89
    255 59 189 133 0 44 75 13 0 175 255 178 98 236 150 66 255 118 255
    188 111 193 0 106 162 0 0 255 118 214 210 255 0 0 97 60 171 255 247
    175 255 148 255 219 255 120 111 255 181 168 216 102 3 50 218 255 0
    255 202 121 255 53 0 0 244 255 97 180 168 25 130 59 142 0 129 229
    132 95 241 255 255 23 255 222 0 59 255 195 0 145 126 27 52 144 150
    255 0 226 78 181 3 0 0 234 0 163 232 5 225 255 222 255 239 0 129 82
    129 255 0 255 134 254 206 217 58 89 0 58 95 118 0 65 153 135 244 247
    219 255 0 155 255 255 1 0 14 242 123 64 100 0 255 0 108 215 43 0 0
    255 0 255 0 0 255 98 130 206 205 123 0 184 1 0 255 245 174 255 3 177
    129 0 255 0 83 85 255 15 0 255 116 255 83 255 46 58 159 255 255 74
    86 72 146 255 0 119 58 84 190 247 249 56 0 0 252 255 91 165 255 93
    137 0 233 118 102 26 0 255 90 209 255 137 38 179 0 255 62 0 187 0
    153 76 34 189 255 0 11 107 217 136 0 231 22 255 255 214 141 48 0 0
    254 0 255 125 175 255 50 69 173 255 148 255 121 183 22 244 0 231 255
    255 0 255 251 128 0 243 126 254 255 0 169 83 0 118 131 89 181 197 0
    102 0 49 235 205 220 255 238 178 177 192 49 117 89 253 0 196 103 74
    36 15 48 99 255 208 255 242 255 255 0 210 255 58 44 0 255 3 150 149
    123 154 37 87 153 255 0 39 0 0 0 255 0 228 178 255 0 0 119 149 95 0
    255 113 189 85 44 250 139 255 255 255 154 90 89 120 211 255 48 163
    255 88 101 0 68 192 0 62 255 0 84 0 167 103 255 185 235 152 0 4 0 0
    0 162 177 10 99 222 18 0 181 0 242 215 214 255 0 0 95 10 0 202 0 255
    74 21 135 0 0 72 178 0 22 231 115 255 55 255 124 78 106 0 175 0 0
    255 0 64 52 207 0 102 208 255 113 255 221 7 79 49 35 54 6 202 0 255
    0 87 160 255 0 160 162 249 117 48 0 0 255 138 0 255 255 0 255 173
    108 5 0 0 230 25 132 20 0 191 210 128 132 7 0 0 218 0 160 22 168 125
    218 32 68 255 101 7 255 147 30 163 64 255 0 128 223 0 243 0 192 0
    255 52 169 0 240 255 30 254 255 142 181 146 255 35 59 161 0 89 61 0
    93 0 0 82 97 0 8 255 10 67 204 123 125 0 238 38 210 0 106 118 169 0
    206 0 255 151 8 0 70 144 255 0 0 137 84 0 21 60 0 0 43 232 0 27 128
    0 207 0 80 255 141 181 255 197 199 42 255 255 255 121 92 207 119 212
    0 255 78 255 85 0 0 155 88 0 0 255 0 255 94 44 255 112 0 255 226 255
    74 213 0 122 0 0 155 10 255 255 25 255 74 250 255 255 120 224 0 232
    240 15 60 225 0 42 0 85 24 64 18 133 73 101 29 255 187 123 250 255
    238 144 164 0 1 0 31 115 117 39 0 162 185 224 255 0 0 0 99 16 104
    255 231 188 255 0 139 139 236 210 116 255 255 255 111 108 0 0 133
    222 44 0 192 0 0 139 223 86 60 255 59 0 183 137 255 0 19 15 73 255
    206 200 14 255 17 82 0 113 196 0 255 197 200 255 64 255 160 0 237
    208 205 56 255 0 255 153 5 255 255 45 74 252 12 45 0 0 255 118 204
    255 246 254 224 168 78 0 127 255 255 15 9 50 255 35 19 255 255 164 0
    185 36 159 153 0 175 0 110 255 188 255 250 84 68 23 181 0 6 0 227 9
    187 235 255 64 254 255 0 204 24 165 91 61 255 97 187 213 122 96 150
    0 145 119 255 184 255 255 255 98 122 103 0 255 0 246 72 50 10 144
    239 252 47 202 36 7 207 182 35 255 61 94 0 74 228 0 98 255 81 0 255
    130 243 181 255 225 0 255 0 52 255 36 246 0 110 255 104 255 0 66 149
    39 143 0 244 126 58 255 255 249 0 12 197 255 139 154 255 142 255 255
    192 28 16 34 255 0 255 0 195 101 12 90 49 255 116 0 0 98 255 27 250
    146 253 140 203 9 156 41 124 240 0 72 255 110 93 255 0 119 36 40 156
    243 26 116 255 0 96 0 41 0 0 255 20 79 110 216 60 0 136 13 185 128
    255 77 150 0 48 152 90 255 0 189 255 32 199 167 255 79 0 0 255 135
    117 161 0 255 138 46 153 0 0 123 97 234 0 246 255 132 206 48 86 182
    255 0 230 128 152 0 11 136 170 0 0 0 126 4 0 160 255 40 255 0 151
    255 95 90 231 74 87 255 62 0 111 0 0 0 0 233 149 33 255 188 171 255
    169 76 0 3 135 157 0 88 157 242 145 60 0 26 180 231 184 0 1 249 20
    241 85 237 200 255 205 50 178 0 22 83 14 80 255 206 255 113 124 198
    0 180 0 252 1 203 0 67 212 0 39 157 47 0 53 0 0 86 66 255 0 147 248
    0 0 0 0 255 28 64 255 48 229 220 85 249 98 30 32 123 0 134 21 0 92
    79 39 27 0 208 86 56 140 129 255 55 120 63 255 255 0 215 255 104 37
    78 90 0 4 0 255 133 0 187 141 64 241 0 255 199 242 215 145 255 0 255
    226 0 255 255 148 232 255 154 98 182 0 0 215 255 231 206 0 255 0 223
    146 255 177 228 255 139 108 98 0 0 255 68 238 148 255 255 0 0 111 37
    168 0 154 135 213 167 178 0 0 0 255 82 22 184 43 99 172 221 108 250
    145 104 90 255 0 12 219 251 80 147 157 0 255 206 23 212 98 79 94 66
    94 160 0 0 255 255 255 0 255 163 152 0 0 255 16 130 180 213 255 92
    64 0 161 208 118 208 255 0 101 8 255 65 76 104 255 168 97 255 0 91
    121 22 255 72 255 95 235 90 79 0 232 215 36 189 228 74 15 26 255 0
    240 216 241 4 0 0 59 252 183 255 0 255 38 103 128 116 255 0 140 0 76
    193 87 88 75 178 0 0 79 0 218 37 48 0 243 229 239 53 0 255 255 12 0
    32 0 70 0 133 100 255 38 184 255 146 231 156 0 255 255 153 140 0 130
    255 0 255 255 225 66 255 199 194 0 255 46 81 48 156 67 0 255 98 66
    123 211 252 197 211 118 91 54 0 223 0 220 7 255 58 255 234 176 222
    93 255 255 255 208 0 251 150 255 14 71 210 255 203 255 255 84 47 255
    110 155 9 255 197 0 185 56 49 0 255 66 145 255 255 0 255 255 190 255
    190 226 57 201 255 31 2 225 69 0 255 0 255 0 232 154 35 0 1 122 129
    213 213 255 255 2 226 168 255 22 0 118 163 167 122 55 35 0 169 0 4 0
    207 149 44 85 252 185 251 46 196 230 255 0 255 32 134 250 255 117 31
    214 126 106 84 237 0 0 94 42 9 30 0 255 49 75 175 51 175 178 172 84
    255 0 79 124 255 235 45 200 139 97 181 0 0 217 191 0 255 50 38 235
    233 49 183 22 180 255 70 75 102 189 0 217 222 231 234 0 207 255 134
    142 255 132 121 255 117 255 0 255 255 255 0 156 255 161 255 0 197 0
    135 255 0 178 62 165 255 11 124 53 22 192 15 0 0 74 246 0 255 224 0
    60 0 0 74 7 0 232 5 94 116 0 221 39 62 75 255 246 56 123 120 205 0 0
    103 0 129 190 0 152 177 255 76 0 113 202 255 144 0 220 55 0 204 255
    229 0 195 0 0 65 255 126 178 2 255 65 223 73 242 255 39 230 68 93
    194 59 45 184 81 255 253 110 4 0 66 255 10 253 255 6 0 255 119 215
    185 148 230 255 203 148 113 0 59 130 140 18 72 131 0 96 138 141 52
    36 95 255 188 0 255 197 243 111 249 191 21 84 0 161 197 130 18 113
    51 0 60 255 38 52 0 212 255 0 175 255 89 58 4 144 56 231 255 23 120
    233 121 0 108 85 255 110 5 0 152 0 0 255 55 255 66 158 253 73 81 218
    255 18 255 20 0 219 255 193 150 9 0 76 255 60 255 246 195 0 211 100
    7 72 47 157 22 167 0 216 110 163 0 0 1 0 255 255 106 30 0 212 203 76
    0 214 183 0 122 211 136 0 0 210 166 53 255 255 19 179 255 0 175 0
    155 255 13 174 0 57 164 255 194 200 92 231 84 0 15 255 0 255 128 127
    232 74 97 71 75 90 91 217 161 0 166 190 255 255 23 246 142 66 255
    114 83 255 255 35 137 255 115 255 188 0 188 191 21 83 111 157 255 28
    255 71 196 120 51 228 0 53 244 163 255 192 0 18 116 255 255 156 255
    107 255 135 127 255 255 149 225 0 166 0 255 103 239 255 200 138 114
    235 0 255 84 67 189 181 96 255 0 66 21 135 255 229 137 231 79 0 133
    0 255 208 255 15 38 61 252 144 40 167 240 92 34 178 0 255 52 161 255
    179 199 255 179 255 95 20 255 68 80 0 49 73 197 0 202 85 65 134 220
    64 8 255 0 111 0 119 255 175 0 0 32 95 135 137 0 77 181 0 211 151
    255 0 133 175 130 226 255 0 227 255 213 38 119 231 229 255 104 112
    116 144 0 255 0 215 255 255 242 255 140 225 183 0 5 52 173 34 0 255
    128 125 204 255 170 221 255 126 106 183 208 0 19 13 49 238 105 60 99
    67 255 255 237 255 192 255 16 255 254 46 87 255 255 0 32 216 0 186
    255 1 61 255 169 70 223 67 255 0 21 0 189 174 206 45 239 104 255 201
    67 255 0 0 67 100 70 231 0 255 224 66 0 0 223 0 64 255 102 0 188 0
    153 71 96 0 47 96 105 63 61 134 104 0 18 0 124 234 255 0 240 3 159
    239 184 255 0 255 203 255 49 68 91 171 196 145 255 210 50 24 184 0
    182 226 4 50 0 40 151 28 255 0 255 37 255 0 228 109 0 39 135 154 47
    255 67 213 39 105 34 152 157 255 217 255 185 0 255 0 200 155 0 255
    255 181 247 31 213 249 52 231 92 12 6 69 0 117 0 149 255 0 215 100
    43 192 143 175 223 170 0 107 59 255 202 155 0 255 255 0 30 163 58 48
    255 231 104 36 0 242 253 0 247 191 0 222 178 19 255 136 57 41 35 255
    17 16 50 0 255 16 191 51 118 0 82 132 199 106 82 244 50 175 0 245 1
    185 147 255 255 35 26 128 125 186 206 51 51 236 37 0 1 0 54 14 255
    71 47 5 255 168 37 160 0 56 155 57 0 225 0 254 15 0 2 159 0 41 0 132
    0 67 0 124 182 16 146 180 0 60 217 93 255 255 249 231 0 101 0 168
    231 0 68 35 169 244 23 255 217 240 16 255 149 230 30 142 71 133 63
    165 116 200 133 224 124 92 81 228 247 189 193 0 0 255 0 230 255 133
    214 0 231 134 126 54 0 0 36 101 138 157 53 86 210 255 155 255 211 0
    0 21 255 28 15 0 134 69 153 0 0 157 59 0 141 255 73 225 189 0 255 0
    18 0 255 161 149 186 202 255 93 255 255 197 208 255 219 25 35 165
    174 24 255 17 0 20 106 255 190 25 254 255 33 112 255 5 206 255 255 0
    220 146 255 26 0 255 0 231 0 16 35 131 145 255 255 43 200 255 175 0
    52 213 51 192 213 108 240 0 153 98 255 255 169 18 52 255 32 0 255
    208 199 36 66 0 0 21 24 255 242 36 0 58 134 0 95 255 187 22 255 255
    0 212 101 255 0 0 198 145 166 255 255 14 112 94 228 0 0 255 1 215 0
    0 184 255 163 123 255 242 0 0 19 0 0 183 0 199 255 255 1 207 42 51
    255 11 255 243 255 0 174 255 86 255 255 218 172 223 255 98 0 255 76
    126 142 0 150 21 147 89 255 64 237 36 222 255 0 168 184 255 182 195
    136 255 0 113 239 245 113 188 156 186 40 214 153 188 85 174 255 83
    255 44 145 157 255 253 77 238 0 0 163 0 34 238 209 211 196 147 82
    255 255 147 28 255 127 161 57 255 118 255 125 0 211 13 35 165 107
    110 116 224 45 88 74 255 27 9 240 114 249 233 217 238 0 16 77 36 0
    255 255 240 219 167 255 0 216 102 255 23 0 255 0 255 0 22 102 194 7
    133 218 255 221 88 255 140 30 65 154 117 169 255 124 37 209 153 105
    0 60 255 0 30 65 0 255 102 63 6 27 255 0 169 163 141 255 103 133 0
    148 101 142 232 255 228 85 160 0 76 225 188 82 0 21 254 0 0 0 114
    192 136 137 255 39 255 31 234 15 223 255 0 13 205 159 0 239 53 166 0
    0 204 126 0 255 255 255 20 255 255 110 150 195 255 255 0 0 234 104
    255 0 25 0 169 0 0 57 0 199 191 0 251 216 0 78 70 255 163 12 0 63
    255 241 108 90 224 107 29 239 0 0 0 96 0 73 218 8 255 179 247 175
    104 221 194 255 38 124 77 255 0 174 190 255 173 35 29 16 144 128 60
    20 195 186 0 242 22 142 255 255 133 52 168 101 90 41 1 255 189 0 205
    255 222 37 19 255 0 208 190 211 246 0 0 37 0 242 255 120 158 255 72
    243 255 112 147 87 210 120 0 67 60 253 0 141 3 255 0 50 63 255 255 0
    255 255 191 176 226 133 178 0 0 51 73 19 0 213 222 0 0 16 241 22 255
    133 0 158 218 138 0 142 219 49 0 255 99 0 255 229 1 203 252 149 41
    255 199 255 149 142 255 250 106 86 191 100 21 255 7 33 96 10 216 140
    83 0 0 255 240 50 85 233 37 230 125 0 0 0 92 253 255 0 57 88 227 57
    148 214 185 0 255 219 0 240 157 0 113 151 0 0 109 65 60 155 153 239
    93 255 2 0 206 150 99 179 24 198 168 234 174 255 91 7 178 164 235 29
    233 55 153 74 168 69 255 98 255 60 255 171 233 0 208 45 0 255 232 18
    255 220 255 91 38 161 81 255 0 255 142 204 174 154 255 0 59 201 0
    171 104 0 209 10 255 239 150 176 16 84 254 255 142 201 113 167 229
    154 209 42 152 187 181 0 117 0 160 0 255 255 18 250 142 149 127 255
    0 255 119 255 39 157 255 255 211 255 133 56 255 55 214 255 0 156 0
    35 235 0 214 17 139 244 0 231 231 0 85 80 205 255 44 188 184 175 255
    0 255 134 99 0 85 255 55 98 205 0 130 0 255 255 51 62 183 208 255
    255 168 108 171 173 0 37 0 40 0 0 16 188 229 73 255 183 161 226 171
    0 131 71 87 50 255 176 255 255 61 78 255 170 58 92 132 174 255 255
    20 0 204 127 113 80 32 112 195 32 128 0 0 255 78 180 95 109 43 191
    113 254 0 255 94 140 153 0 102 96 255 255 255 0 60 36 127 0 255 255
    0 133 255 208 224 187 105 0 54 10 110 243 109 8 41 95 0 0 0 15 79
    255 0 182 0 179 116 253 255 160 147 0 47 255 0 245 180 98 179 9 119
    8 254 0 255 146 238 180 31 0 18 255 27 201 255 175 213 0 144 0 255 0
    69 205 255 0 0 255 180 0 0 59 94 217 178 196 189 80 234 255 112 255
    255 255 95 101 0 255 255 0 40 130 0 0 228 255 0 225 0 6 170 224 114
    160 0 74 203 255 206 134 168 255 0 0 255 0 209 255 255 243 241 255
    63 75 255 0 122 111 157 0 8 42 255 214 126 145 255 255 255 157 30
    182 0 255 0 90 76 255 77 255 255 0 112 198 199 248 138 0 0 255 109
    172 98 0 202 255 129 174 11 255 143 39 147 195 255 204 202 0 127 255
    255 255 105 208 255 0 233 154 72 195 156 255 255 255 125 134 0 72 78
    2 208 143 8 194 255 0 255 172 203 131 255 101 58 255 203 0 0 255 132
    72 255 77 65 237 148 71 0 219 255 0 240 255 255 106 255 71 255 117
    16 87 29 101 255 202 194 194 255 175 99 255 221 180 160 175 255 239
    17 175 150 14 12 107 211 0 0 0 109 126 121 0 36 3 0 255 11 167 108
    116 0 202 2 255 40 194 255 39 0 0 255 88 0 240 0 224 0 26 255 126
    199 62 234 255 68 0 128 252 81 255 129 255 255 96 62 86 0 10 23 157
    12 255 199 233 255 255 0 93 255 74 128 67 255 192 157 255 0 0 0 255
    0 118 255 0 0 255 245 9 0 236 255 172 255 31 62 37 31 63 10 215 12
    255 127 0 255 0 7 177 0 110 122 23 229 87 177 255 169 99 149 65 126
    74 26 183 0 154 177 0 79 0 85 255 147 108 255 165 195 132 89 170 248
    30 255 255 0 0 0 255 82 41 222 0 0 0 127 238 93 255 255 0 219 78 159
    22 112 65 129 17 224 217 131 129 27 0 8 48 255 104 84 14 255 255 93
    118 208 253 236 95 227 255 0 233 226 217 217 132 208 163 239 125 85
    0 0 169 114 143 0 210 174 49 255 85 62 255 0 125 38 0 0 78 223 108 0
    202 50 255 255 131 14 0 0 255 0 49 35 228 20 141 0 255 165 97 255 0
    103 109 70 229 84 22 140 31 255 0 48 190 255 0 81 169 0 168 127 140
    182 49 69 0 22 118 7 189 174 0 200 0 199 255 255 64 255 255 255 250
    255 255 85 212 193 255 0 255 255 101 255 172 204 152 0 0 69 230 255
    171 129 200 229 255 255 161 199 94 23 219 93 0 255 83 0 131 255 200
    140 24 4 255 8 244 41 75 26 255 105 11 255 255 28 101 66 255 175 255
    0 90 173 170 204 183 255 0 54 81 140 215 19 9 35 0 193 84 81 0 0 197
    0 107 147 255 0 0 61 255 255 255 0 28 19 8 255 255 92 37 255 0 183
    255 0 140 0 213 182 224 0 22 243 255 111 156 0 255 0 79 0 108 102
    255 0 186 127 206 230 243 235 0 48 0 0 0 105 196 131 236 79 231 255
    105 209 68 255 237 255 69 0 0 53 71 255 155 0 117 249 233 153 244 95
    91 133 246 209 162 202 173 25 41 66 0 0 55 255 82 211 16 8 134 93
    137 70 0 177 0 72 130 36 194 213 0 106 18 70 27 81 61 67 95 101 255
    4 255 76 255 91 0 132 255 0 35 92 123 255 0 62 117 72 213 0 0 150
    249 0 255 150 153 131 255 167 150 117 238 121 100 7 8 101 43 255 255
    3 91 213 163 255 102 240 0 67 249 0 155 21 0 105 201 255 190 178 255
    141 0 255 190 255 196 242 153 235 255 13 5 201 126 159 0 64 148 0
    189 179 0 78 92 195 87 239 255 81 233 249 255 255 81 167 221 255 173
    255 58 68 0 255 238 0 242 255 206 94 88 26 255 38 255 209 255 255 56
    185 36 69 145 0 0 151 102 72 35 201 101 245 255 255 53 88 111 255 82
    14 183 60 247 149 255 0 162 142 255 12 204 163 255 52 123 210 4 95 0
    0 222 0 69 66 255 37 255 0 255 0 170 189 0 149 255 203 10 255 100
    233 69 0 0 7 0 103 116 0 255 0 0 60 59 247 201 0 173 0 209 242 0 205
    31 120 32 0 217 255 64 0 0 0 142 41 153 149 156 0 0 255 126 66 252
    138 255 33 0 255 54 0 0 45 105 104 231 255 139 62 255 104 0 56 12
    110 56 17 232 85 114 0 126 50 207 144 255 182 255 69 217 255 219 155
    0 111 215 88 37 0 24 83 182 140 159 50 0 208 0 0 17 0 236 0 0 184
    255 182 254 255 184 9 163 255 255 0 194 146 53 247 255 255 0 0 0 255
    0 201 59 0 34 233 83 37 0 67 163 238 172 255 166 255 14 137 9 0 0 0
    255 236 214 255 0 102 38 154 81 123 0 0 255 209 255 255 255 213 0
    255 255 35 0 200 255 201 205 126 0 255 80 0 144 255 0 35 255 255 194
    236 255 4 21 255 95 149 255 165 255 255 0 9 255 255 5 24 255 73 255
    204 0 0 154 28 29 255 0 111 162 126 255 201 201 227 255 255 0 118 0
    0 0 148 63 127 127 36 223 255 255 121 250 194 119 186 175 92 0 198
    112 210 76 89 161 63 107 72 147 231 10 201 48 137 225 42 255 0 171
    255 94 87 168 184 135 88 41 233 148 255 221 0 217 146 50 39 226 245
    39 255 49 100 255 0 0 176 137 0 5 112 30 121 124 255 255 116 199 237
    0 255 255 255 0 255 0 0 255 147 125 255 42 79 217 0 255 235 0 5 179
    83 20 0 255 158 95 0 27 141 255 206 0 0 69 0 2 246 235 38 29 255 255
    106 13 47 0 0 252 149 216 16 234 48 0 0 233 242 60 0 213 255 231 30
    114 231 255 250 220 121 89 190 137 175 16 177 0 255 0 81 0 255 255
    221 142 37 169 18 159 82 255 0 68 206 35 181 0 238 255 0 146 15 193
    74 237 89 206 37 198 226 101 190 79 0 228 115 31 255 255 9 5 25 158
    0 92 255 84 59 198 0 223 151 255 173 184 16 175 232 255 210 157 255
    51 255 37 10 255 255 255 86 164 255 0 129 166 124 129 255 0 255 255
    102 20 198 167 144 73 243 0 226 117 0 153 255 63 84 255 0 25 115 231
    0 49 18 20 167 45 32 249 255 217 36 255 122 67 253 255 9 0 254 0 255
    19 208 160 57 210 0 188 255 223 223 240 234 2 130 218 0 67 207 255
    172 104 255 104 255 255 126 255 104 255 0 0 21 4 255 155 212 255 0 0
    212 255 0 242 255 78 14 21 158 89 106 255 0 255 0 53 0 249 253 162
    159 0 33 66 38 0 225 250 94 133 255 205 255 154 29 145 121 0 45 72
    75 0 255 0 149 0 118 238 254 255 0 248 1 195 0 0 142 247 199 255 43
    0 170 255 0 162 14 255 148 43 0 90 69 88 169 55 76 153 255 0 0 39 0
    0 159 231 131 175 88 0 178 218 0 71 255 210 65 231 153 0 86 224 0
    155 132 108 132 194 34 255 77 66 0 238 162 244 255 0 101 255 69 175
    255 232 241 235 10 228 0 0 255 143 255 237 190 0 149 48 143 245 0
    255 135 205 3 255 134 0 0 90 61 0 153 56 0 133 137 131 180 255 233 0
    104 182 139 213 101 0 255 0 19 146 0 230 142 108 0 0 10 0 163 107
    152 0 33 116 255 47 100 187 255 18 255 255 7 129 187 60 0 102 117
    255 252 18 74 255 0 57 81 255 93 107 194 255 0 0 255 53 208 34 122
    97 194 0 113 0 6 116 11 182 249 97 112 6 81 170 184 255 130 0 29 12
    142 255 15 249 4 72 255 134 157 241 255 221 108 251 60 73 255 186 0
    157 39 243 114 0 93 105 47 97 0 83 255 58 119 255 34 0 250 44 112
    255 100 167 0 12 170 66 255 234 237 2 185 0 129 202 149 255 113 2 65
    226 242 0 0 0 64 0 0 104 164 47 202 11 0 251 38 59 251 255 255 109
    78 27 0 8 0 254 217 32 123 84 68 194 192 255 253 255 255 255 211 255
    255 255 255 249 130 142 242 255 3 61 0 253 216 4 0 255 19 222 0 255
    36 0 255 0 105 5 0 47 164 205 0 107 255 0 93 3 255 0 0 255 144 34
    111 0 255 255 161 113 230 255 91 143 255 34 211 255 0 105 129 0 199
    206 245 232 61 0 87 12 84 141 136 255 212 155 255 26 157 255 66 231
    255 153 214 255 255 46 100 206 160 255 225 136 162 255 0 255 0 255 0
    8 47 214 255 255 217 145 255 135 255 0 59 93 255 225 79 255 0 255
    155 79 126 0 217 0 21 140 234 42 190 112 248 0 0 8 0 255 0 255 91 0
    0 0 52 255 137 153 16 146 103 0 118 35 0 237 0 19 166 240 0 255 0 21
    0 134 255 0 250 37 0 208 10 39 0 0 184 0 13 255 0 145 89 51 198 255
    32 81 255 255 220 158 183 239 45 30 190 59 255 0 0 0 225 194 106 221
    137 60 199 136 97 255 0 11 116 172 255 255 255 176 0 92 0 255 1 255
    255 0 100 216 84 0 0 173 73 9 197 192 0 241 255 203 189 162 143 177
    174 255 255 129 255 10 167 112 0 129 210 65 0 182 255 207 183 213 0
    33 94 255 255 10 54 2 0 0 43 255 136 35 255 255 255 69 124 0 178 186
    255 255 255 49 142 71 51 63 178 0 25 156 6 255 81 157 197 0 245 255
    217 109 7 48 0 95 34 13 173 50 44 252 228 10 206 111 198 190 229 228
    117 255 0 31 11 255 255 227 227 113 249 223 254 171 48 177 10 255
    132 170 170 255 24 211 165 49 0 223 93 0 26 0 255 126 185 215 180 39
    0 0 0 141 35 0 38 76 0 140 255 255 162 200 86 180 201 205 245 255
    255 207 0 155 30 255 97 0 124 255 0 255 0 127 206 203 64 244 90 255
    106 138 255 255 67 0 145 183 255 0 123 213 30 255 39 0 0 155 7 0 222
    77 247 0 101 70 0 119 110 70 0 6 255 20 100 81 255 0 144 113 45 162
    0 170 0 255 0 49 0 218 255 0 122 255 255 208 11 120 0 255 0 255 241
    25 188 255 155 50 0 0 71 125 0 215 1 102 255 255 0 132 159 255 163
    255 71 0 178 118 251 0 132 255 255 200 98 255 59 141 255 0 69 59 178
    0 0 65 137 255 255 0 117 152 0 255 121 209 243 25 255 255 255 255
    255 110 255 0 0 255 81 12 255 232 0 255 86 255 0 255 209 255 241 1
    145 57 215 180 255 3 255 0 0 0 0 0 0 187 255 56 208 156 209 148 197
    226 239 207 67 83 171 0 184 255 51 255 0 22 255 160 80 0 0 83 163
    154 133 101 0 141 0 0 114 177 40 255 133 54 255 255 92 106 255 59
    182 59 8 111 255 0 129 117 97 47 150 255 255 194 255 189 0 121 107
    255 51 0 243 255 32 255 210 0 154 0 156 148 255 112 57 134 59 207 0
    206 9 0 86 0 20 39 0 115 134 242 255 214 111 0 255 161 0 0 146 189
    223 0 255 255 0 255 146 52 140 0 0 64 255 148 255 255 255 168 62 0
    255 0 186 0 98 242 146 0 114 255 0 88 255 161 0 231 255 239 209 147
    45 125 0 255 186 255 34 99 38 32 204 255 137 0 81 0 184 255 26 240
    111 154 211 255 138 202 62 62 6 171 240 0 0 0 255 244 249 255 255 68
    255 210 255 255 0 255 198 146 0 204 0 0 90 209 188 86 0 105 0 23 0
    187 255 0 228 14 192 132 172 153 255 31 28 28 199 62 188 0 65 33 112
    0 255 96 255 146 0 233 0 0 139 144 215 111 255 255 134 222 0 0 92 0
    0 33 67 37 244 43 143 0 150 255 0 10 180 255 255 136 101 0 145 102 0
    82 219 85 0 241 7 24 255 194 255 27 0 255 0 33 3 89 237 0 162 86 151
    67 0 212 162 255 255 0 218 0 99 80 112 40 0 102 40 10 60 106 0 146 0
    243 149 255 234 0 36 194 178 146 0 255 0 255 59 87 155 83 255 255 0
    0 58 26 67 45 94 239 191 0 255 254 255 0 122 243 0 255 172 0 47 0
    215 43 89 255 72 0 160 255 154 0 255 0 100 0 255 135 0 255 221 0 40
    220 214 67 0 82 255 255 204 36 50 171 44 0 128 0 0 157 123 0 255 250
    255 64 160 198 0 254 127 0 0 197 210 0 70 255 236 9 91 255 0 0 0 145
    255 125 255 165 165 211 190 221 0 173 142 255 46 87 251 17 144 187
    255 50 255 255 155 2 146 0 145 0 205 224 160 188 0 50 72 161 190 242
    23 129 247 151 81 36 255 58 0 33 255 255 234 29 255 255 192 203 255
    174 255 221 0 162 65 230 255 255 116 151 79 64 124 255 43 0 144 103
    255 124 84 157 34 197 0 87 23 55 90 87 0 255 255 243 2 68 238 135
    255 203 122 255 0 238 202 221 0 0 146 255 148 255 130 49 0 255 104
    255 128 82 19 89 69 22 255 215 0 85 205 62 89 199 18 138 221 47 57
    106 185 0 227 143 0 159 212 130 255 190 121 255 0 255 255 54 255 255
    255 20 164 255 142 123 195 253 203 253 175 8 209 36 176 131 212 198
    172 40 87 46 0 162 0 255 245 255 0 142 255 248 149 252 122 20 0 96
    198 255 252 139 0 0 226 22 36 64 137 166 0 197 150 255 0 255 238 255
    177 178 144 204 30 82 130 164 255 0 0 0 60 0 255 109 26 153 187 196
    173 255 104 255 242 176 14 122 88 0 202 225 255 0 255 255 255 0 132
    255 234 0 168 253 0 101 255 155 221 147 64 73 163 207 185 91 117 81
    0 0 213 0 0 124 0 255 77 52 255 0 127 0 255 0 0 202 255 68 186 71
    133 254 9 206 255 95 159 181 0 223 255 118 1 0 98 237 221 9 193 255
    219 52 162 254 154 255 91 142 242 255 255 255 179 24 0 82 44 135 190
    0 247 219 0 241 75 224 0 115 175 255 221 110 140 147 253 0 6 130 216
    0 184 120 71 0 255 159 152 90 55 164 133 74 92 0 255 7 50 0 255 30
    255 255 123 0 123 255 236 167 185 14 255 0 52 0 240 141 237 93 255
    239 212 199 255 128 255 212 255 52 0 0 15 248 171 98 225 255 255 255
    11 213 0 147 34 0 7 179 98 95 212 0 251 90 68 255 127 255 255 208 50
    117 255 28 61 0 63 255 118 217 255 60 55 255 64 156 244 135 78 189
    170 122 255 203 255 0 255 44 51 255 218 170 5 161 255 79 217 98 35
    223 69 0 127 92 64 232 0 255 119 224 24 0 235 241 255 118 243 0 40
    56 166 255 255 118 0 255 224 175 89 0 255 246 50 0 71 255 0 0 255 0
    28 107 111 155 255 102 0 36 89 255 0 0 0 255 202 56 220 20 202 239
    175 174 255 43 160 255 121 255 255 227 100 112 225 255 146 255 70
    174 241 55 255 255 143 157 102 229 109 40 1 94 0 0 254 255 228 105
    180 129 0 77 0 9 255 15 2 225 0 12 122 144 207 45 22 204 187 0 225
    153 0 64 227 255 255 255 0 158 0 0 124 28 255 255 162 255 69 0 76
    106 255 255 255 157 0 0 249 48 167 255 94 0 0 0 167 0 229 218 34 30
    31 241 152 237 168 255 0 163 0 45 101 230 255 53 70 255 182 255 255
    255 239 255 9 0 0 0 176 0 0 255 228 0 115 255 101 13 255 255 114 72
    0 217 0 0 255 255 171 5 255 255 170 47 255 148 186 0 222 75 65 181
    255 255 237 255 255 255 255 0 255 155 94 255 0 181 221 31 41 255 0 0
    0 16 0 73 119 201 192 255 85 255 30 6 22 57 255 0 123 0 255 255 255
    227 84 255 213 0 162 186 255 240 243 144 70 227 255 130 0 212 104 0
    116 39 18 188 247 100 214 216 173 255 151 69 15 255 31 89 116 163 0
    45 255 141 255 154 255 255 140 0 171 68 0 255 67 255 85 243 99 247
    255 255 0 247 0 75 36 19 0 66 61 115 255 45 117 213 0 93 144 128 227
    255 215 0 255 0 255 104 0 91 243 0 0 0 255 67 17 162 217 0 104 104 0
    187 0 255 187 0 0 30 231 106 75 255 97 77 55 72 255 213 0 225 31 84
    222 245 49 240 136 8 36 125 130 163 0 147 226 0 0 207 159 28 255 191
    161 221 90 0 15 176 166 255 24 135 255 72 105 0 174 0 115 211 255 40
    223 234 140 0 0 204 21 71 16 0 159 104 0 255 0 252 196 0 212 0 230
    185 255 67 255 29 67 166 0 126 127 153 10 144 170 162 166 255 255
    255 220 255 44 0 197 0 154 0 0 0 0 4 25 116 31 77 0 255 255 125 18
    99 255 255 0 231 98 103 182 203 0 255 0 159 32 14 0 0 255 140 214
    137 0 0 21 200 29 8 149 48 169 137 113 40 71 0 74 249 144 113 69 240
    103 255 255 171 138 26 227 96 255 163 0 80 147 255 255 37 76 100 183
    0 123 255 144 0 228 202 0 224 213 25 75 52 126 15 202 224 255 255 49
    11 224 255 255 19 255 126 0 104 0 255 255 242 186 0 0 255 251 255 51
    84 255 46 0 0 148 2 114 255 0 50 140 224 198 158 135 0 0 13 201 222
    0 75 58 0 100 0 245 217 118 56 27 255 37 84 0 90 10 0 0 255 0 0 200
    255 56 109 255 192 10 255 43 225 98 172 167 255 177 0 112 23 83 179
    172 0 0 197 222 255 143 0 8 124 43 118 172 0 83 31 241 204 0 0 89
    120 0 0 60 136 24 150 0 181 174 173 135 0 246 171 66 0 126 255 133
    255 165 42 255 255 98 232 227 255 0 251 29 255 117 255 16 152 135 32
    51 25 137 182 249 62 180 75 129 101 226 0 134 236 0 97 5 0 255 255
    255 115 255 76 46 106 255 114 152 189 0 255 248 185 207 207 255 233
    255 98 0 0 96 178 158 173 13 255 255 255 146 255 0 92 98 224 50 255
    175 9 71 80 115 115 196 70 0 19 81 92 255 201 53 229 27 0 206 255 97
    0 215 124 121 233 3 0 195 65 0 255 0 0 0 0 206 3 45 97 156 43 83 152
    159 170 0 26 119 255 0 255 161 0 211 102 205 60 255 0 172 196 47 66
    255 104 114 0 0 247 0 114 251 255 0 81 58 10 153 134 10 210 0 126 42
    0 115 3 255 137 206 63 236 255 175 0 247 31 0 0 39 208 64 255 255 0
    69 25 0 208 255 93 232 51 255 255 29 196 255 0 252 42 255 238 61 46
    31 255 75 73 254 11 194 255 255 185 66 255 0 168 255 0 40 255 0 134
    65 221 164 0 119 255 57 255 166 91 255 255 0 131 31 0 0 85 0 138 126
    234 0 255 88 110 175 0 250 124 0 160 108 255 112 255 255 179 13 38 0
    0 230 193 83 38 255 255 0 161 86 0 241 18 121 255 255 246 47 6 0 113
    255 0 253 255 0 255 72 255 21 0 0 161 217 255 14 139 16 194 142 14
    158 255 73 196 130 205 0 14 0 255 180 167 0 174 110 0 255 39 153 204
    127 164 252 223 255 231 221 0 255 247 152 255 71 255 81 187 31 85
    135 255 0 219 75 84 231 255 5 24 255 255 255 255 75 253 51 255 183
    179 160 0 255 0 200 198 54 0 255 73 0 144 0 216 255 71 255 116 255
    255 35 125 102 0 255 100 27 255 221 255 66 138 239 255 195 255 0 111
    57 53 0 102 161 67 0 0 255 255 51 22 0 231 0 0 198 116 255 183 109
    33 0 249 77 140 30 90 0 164 0 10 158 255 156 0 164 136 0 24 0 240
    227 0 152 245 144 191 0 201 255 198 87 0 8 200 145 255 2 0 255 0 132
    255 0 193 221 198 58 0 237 172 209 255 255 105 0 70 83 0 6 185 239
    204 206 255 0 55 255 203 255 66 232 18 31 255 193 75 255 27 0 226 39
    116 219 100 186 101 121 135 96 141 255 255 0 255 156 255 0 139 171 0
    255 101 216 0 0 255 82 236 255 255 0 144 81 145 11 0 67 255 0 0 30 0
    104 61 255 17 129 0 204 50 255 202 255 255 255 155 255 46 0 97 0 255
    99 36 0 111 43 0 50 230 255 255 178 153 172 255 201 18 255 222 255
    127 0 3 141 152 233 57 180 42 115 70 0 192 117 51 171 0 147 255 245
    17 136 255 2 255 70 0 255 193 3 253 255 198 0 249 128 132 35 74 255
    255 221 72 251 0 255 127 4 0 3 0 255 62 176 125 0 0 41 175 234 102
    209 255 82 16 156 255 18 255 0 255 255 255 0 46 0 238 13 113 0 160
    98 80 0 255 215 0 251 240 68 179 223 165 192 255 55 0 86 74 111 61
    218 198 205 0 162 245 255 0 44 235 0 214 97 0 0 197 255 0 0 255 0
    251 12 150 133 143 255 29 0 182 0 149 113 0 255 255 176 255 0 122 0
    0 0 60 67 79 255 0 56 176 15 78 194 249 86 155 29 205 147 255 0 117
    197 169 255 1 84 167 172 127 255 146 0 255 255 255 255 255 0 242 229
    210 41 22 255 66 0 255 103 80 0 99 172 170 112 22 218 0 76 255 0 90
    0 213 213 0 168 0 0 171 0 130 0 172 62 255 103 29 149 255 0 0 255
    217 0 255 131 0 195 1 0 255 99 50 188 220 104 255 198 185 255 110
    114 118 210 48 20 0 54 15 0 160 255 34 33 184 39 255 128 175 247 255
    136 93 217 26 0 0 0 130 0 255 255 194 198 242 209 255 181 211 255
    147 72 181 16 0 237 89 11 255 255 235 134 32 199 255 255 172 23 251
    129 0 0 152 9 83 161 245 235 84 45 251 211 255 29 255 35 255 202 39
    177 0 0 146 0 93 0 37 255 255 72 77 17 103 198 24 136 121 255 191
    108 129 255 69 241 0 153 34 254 37 252 26 0 159 29 0 19 255 11 12
    255 153 61 255 139 122 255 112 192 41 206 240 60 255 40 5 41 255 255
    188 0 161 255 255 255 75 16 255 126 182 0 0 161 109 199 61 0 0 0 208
    223 212 105 255 157 255 209 0 28 173 0 130 122 70 137 1 0 0 148 227
    12 88 255 102 63 149 255 2 59 209 60 0 207 130 218 42 201 255 207
    201 172 64 157 8 59 14 172 163 134 0 0 37 0 255 80 58 97 255 255 226
    28 0 121 70 16 203 0 140 255 255 172 76 255 255 150 255 0 255 11 50
    112 21 0 253 201 151 38 85 153 168 0 95 183 233 212 0 219 95 0 255
    111 39 202 150 149 122 235 166 83 82 0 141 0 0 24 234 196 21 255 67
    223 102 0 245 45 237 154 0 217 69 14 170 255 255 0 143 211 185 75 17
    0 68 216 255 0 122 0 255 57 255 255 0 0 153 88 0 230 0 136 204 209
    146 198 24 115 0 25 255 53 134 108 177 255 33 158 93 0 239 34 31 226
    77 47 45 219 255 166 126 195 54 163 3 147 23 14 255 4 103 129 0 67 0
    93 100 61 0 149 0 111 9 0 177 228 255 33 0 28 218 161 102 39 189 0
    241 243 180 8 222 218 17 0 224 181 228 115 31 255 157 127 255 255
    209 255 0 255 255 255 214 42 54 30 41 255 111 196 163 143 204 43 221
    39 124 249 194 124 42 160 230 0 239 114 229 252 187 255 83 60 255
    176 206 0 69 85 0 0 0 255 0 0 217 255 55 79 55 32 93 143 17 0 15 13
    255 0 137 175 0 10 0 0 2 136 0 48 255 135 0 42 31 255 255 0 255 203
    93 179 255 105 6 255 0 255 255 211 167 113 41 77 53 0 255 98 255 152
    199 0 180 101 220 255 0 132 0 118 216 253 204 52 188 255 255 255 197
    254 8 97 34 0 161 0 85 255 197 166 153 0 7 149 162 0 64 0 100 255 26
    103 0 108 26 0 115 7 231 31 255 62 255 212 0 0 255 175 138 75 255
    128 0 206 99 255 128 0 122 0 0 0 41 52 255 255 40 126 211 22 140 0
    149 129 141 255 161 230 134 48 255 18 92 196 239 206 255 61 255 0 52
    89 211 255 87 131 141 255 0 222 13 0 8 0 170 0 17 255 123 190 255 47
    255 255 27 255 101 255 0 171 68 232 22 33 0 0 62 47 32 23 0 255 255
    11 190 255 234 18 0 235 255 224 0 193 0 91 146 223 0 236 124 252 46
    182 237 0 129 255 0 122 255 0 0 240 206 169 0 0 20 168 135 64 102 21
    157 255 249 255 255 210 0 212 53 178 107 21 255 255 174 54 0 255 0
    255 107 233 33 241 106 0 0 240 254 250 165 0 136 212 63 255 0 101
    255 91 197 255 255 255 38 0 81 96 255 255 138 12 249 23 181 143 171
    11 70 0 0 18 0 255 148 110 0 132 255 167 254 162 122 29 0 127 224 52
    0 0 0 231 0 255 255 255 255 95 0 157 0 0 246 0 255 255 28 0 220 59
    123 255 255 14 0 35 237 22 255 0 17 0 53 0 255 55 0 125 206 134 179
    0 98 60 255 45 73 0 164 27 255 7 222 216 0 232 0 255 255 0 88 19 71
    33 255 255 245 0 173 247 0 216 0 255 0 255 90 114 130 175 255 55 15
    255 182 237 0 0 255 136 199 31 101 214 59 28 246 244 124 44 255 181
    255 213 244 255 0 133 252 255 255 36 67 22 128 255 152 187 126 0 255
    1 44 254 53 123 0 255 255 247 78 12 120 0 0 0 0 0 175 0 174 0 255 20
    162 0 62 176 0 186 0 217 51 0 192 0 87 244 172 0 43 39 255 11 234
    236 117 255 196 255 23 19 0 210 138 255 176 218 0 245 226 79 255 0
    255 235 0 53 45 172 255 46 255 43 46 30 150 193 155 236 253 255 56
    47 185 255 126 75 0 255 130 156 147 3 29 26 133 131 45 152 43 97 0 0
    82 127 176 104 225 205 53 73 3 255 199 255 0 200 255 0 59 0 153 248
    255 235 47 55 21 119 194 61 191 0 255 255 111 76 177 26 255 255 156
    0 0 0 0 133 194 86 255 201 0 0 47 162 255 215 0 239 67 121 125 37 0
    21 214 120 48 86 169 84 128 255 9 0 236 60 0 190 229 255 255 255 39
    76 178 59 150 0 255 30 26 255 0 191 115 194 20 119 255 217 123 238
    100 170 255 240 109 0 184 236 130 0 255 49 0 0 85 0 255 255 228 87
    255 0 0 9 0 255 173 0 111 162 45 255 162 255 7 214 108 31 255 255
    232 137 255 21 227 98 244 0 217 109 255 255 175 255 143 39 240 255
    244 249 12 238 131 255 49 36 185 193 111 1 128 0 0 233 150 244 253
    56 255 32 255 112 229 49 1 255 131 77 255 0 174 22 68 171 157 97 0
    255 53 0 82 128 126 65 255 117 28 101 0 18 0 200 0 45 122 253 255
    175 197 0 4 185 29 25 255 255 117 119 144 255 0 255 226 135 0 157
    171 245 186 239 243 50 0 0 88 239 255 23 164 77 255 255 0 0 140 255
    27 0 97 14 137 30 255 116 146 184 255 255 168 0 75 23 192 0 0 0 0
    137 0 250 0 74 69 96 124 64 144 0 0 155 203 43 0 222 214 159 37 108
    98 0 180 174 0 62 111 255 255 0 74 195 105 255 29 199 98 130 143 39
    180 73 110 0 15 235 155 247 0 239 5 103 5 255 36 0 121 254 255 236
    86 23 209 37 36 163 0 0 62 0 107 255 24 251 96 255 255 185 255 0 0 0
    26 255 138 119 207 133 255 0 191 19 0 181 255 213 150 5 10 19 81 8
    55 0 255 212 0 0 42 106 134 0 107 167 0 161 189 60 0 255 248 159 0
    244 255 255 40 238 0 0 0 237 255 0 255 156 207 162 255 0 255 215 18
    79 117 255 255 21 57 0 45 40 15 0 60 46 74 182 44 6 255 157 255 0
    131 255 255 0 69 198 30 255 255 0 0 255 76 36 227 0 91 234 0 0 70 0
    60 0 154 206 88 57 255 158 76 245 209 249 156 255 0 27 197 255 190 0
    255 255 121 0 146 0 125 255 217 199 0 126 74 17 78 0 12 153 0 255 12
    180 41 255 43 255 169 76 76 255 187 0 255 66 255 170 135 51 0 0 178
    170 240 91 46 82 246 128 0 255 25 0 255 0 33 46 172 0 0 180 0 192
    144 255 78 255 255 178 212 255 78 255 155 171 0 109 167 139 72 255
    67 0 255 255 0 225 0 147 60 0 181 0 164 29 205 255 255 72 0 251 20 0
    7 255 0 248 71 50 255 0 255 227 38 246 0 255 162 129 46 255 165 67
    33 22 74 255 255 7 4 255 139 0 1 207 121 236 18 166 196 168 26 127
    244 130 200 255 0 20 144 250 99 174 75 55 255 0 0 0 121 194 183 255
    0 176 0 207 172 165 0 17 255 0 255 25 255 65 255 0 58 249 255 0 42
    211 217 164 255 97 255 31 255 192 28 95 255 108 0 226 43 20 239 255
    0 255 255 222 255 163 255 105 255 0 255 248 10 0 0 78 30 255 151 169
    255 213 160 147 0 255 213 164 153 0 46 155 35 222 0 224 0 57 221 20
    193 126 89 6 40 154 126 0 102 255 255 0 142 44 0 228 191 255 0 11
    142 73 0 11 94 88 54 6 123 16 50 141 106 178 24 255 76 255 138 14
    155 2 194 137 103 0 168 15 255 176 107 206 209 255 195 255 255 0 70
    255 46 36 0 0 3 0 250 0 30 207 65 47 91 1 0 19 202 152 183 0 71 0
    208 0 233 0 240 211 46 101 153 250 36 31 10 138 40 169 76 64 255 220
    0 110 0 101 255 107 0 225 0 132 255 0 27 255 171 255 7 187 255 151
    187 0 104 193 76 136 20 0 255 255 0 255 82 0 109 255 109 16 122 114
    169 0 224 0 0 106 174 0 47 255 129 0 204 150 0 237 212 157 216 4 154
    55 66 164 110 217 255 158 173 175 151 14 162 255 27 93 1 94 80 182
    209 224 224 127 205 194 0 255 247 30 118 173 247 255 7 255 0 46 82
    98 70 91 254 15 0 0 166 183 104 217 220 74 0 233 255 101 0 255 255
    191 154 197 32 133 255 0 0 219 216 0 255 0 30 198 27 161 70 102 24 0
    155 255 201 79 255 0 255 238 0 255 0 164 255 0 255 255 251 255 255
    240 144 205 0 181 103 135 117 254 255 255 255 41 255 212 128 99 14
    229 219 0 59 0 79 255 228 243 190 255 0 255 255 188 125 0 153 138 54
    255 71 0 226 240 255 71 58 0 111 117 67 82 0 224 255 255 152 0 145 0
    69 22 0 247 198 204 0 245 255 119 19 181 200 39 125 174 182 11 0 250
    0 222 255 224 0 0 0 166 0 0 160 0 0 205 32 0 255 237 210 255 255 0
    255 255 242 23 255 0 145 75 0 253 255 0 0 203 201 228 255 255 93 0
    255 255 255 255 220 114 85 224 0 255 95 137 28 218 255 193 55 40 111
    205 126 23 255 77 63 133 255 175 249 172 153 0 199 4 117 0 0 228 197
    132 0 255 0 66 218 255 182 71 255 97 184 0 217 231 255 0 203 105 255
    217 0 255 0 0 35 131 0 0 9 189 0 0 117 0 255 246 99 213 0 0 97 255
    19 212 81 75 203 0 49 0 193 11 255 14 0 255 255 219 255 141 144 250
    162 179 23 171 255 0 14 32 122 195 0 94 255 255 0 255 255 0 255 9 0
    255 28 145 130 0 84 0 81 129 255 136 194 198 245 0 27 227 191 211
    174 203 218 84 135 0 175 210 44 82 132 147 0 255 96 4 214 255 26 192
    114 147 35 0 164 69 0 5 218 0 197 143 255 214 78 139 255 121 111 130
    203 113 255 98 255 79 177 0 0 57 232 255 103 255 220 47 164 0 126
    142 227 0 45 0 95 65 238 255 161 255 185 90 209 28 224 255 0 255 244
    0 31 189 4 255 255 193 0 0 39 96 150 224 171 120 0 255 0 224 83 255
    19 168 255 255 0 142 0 195 225 255 255 243 255 5 254 51 9 205 174
    135 233 5 126 121 18 0 133 0 137 230 95 206 197 56 186 146 255 180
    183 181 255 54 125 164 35 215 255 35 235 103 243 73 92 0 119 29 1 13
    227 14 239 0 0 255 0 0 243 178 0 0 185 119 255 255 255 255 0 255 43
    118 67 245 40 0 173 131 0 71 85 211 232 211 146 255 255 141 0 0 255
    255 0 80 255 255 255 54 71 216 102 204 193 0 0 0 69 43 196 235 31
    255 217 255 121 150 185 32 171 255 25 255 144 255 76 34 255 80 213
    110 0 255 148 193 73 5 76 0 34 168 190 255 210 255 118 255 255 133
    168 31 255 51 77 0 99 107 212 91 0 40 117 141 0 255 182 0 0 47 255 0
    237 148 255 135 255 79 0 0 234 158 0 89 9 131 161 18 0 92 166 119
    224 126 230 138 20 209 139 187 142 246 0 144 203 250 242 230 0 80
    176 255 69 234 126 122 0 146 151 225 0 237 0 125 3 211 0 91 131 72 0
    15 52 0 215 86 0 255 204 253 222 0 200 133 228 255 0 244 95 0 0 208
    238 0 32 47 126 235 0 63 124 47 44 255 190 219 241 47 0 149 92 52 13
    127 164 148 108 0 158 28 0 91 150 89 0 255 92 173 255 0 150 136 12
    132 0 222 0 206 195 164 141 240 0 0 226 186 255 208 183 147 96 126 0
    0 0 77 0 235 178 0 223 255 87 255 175 0 0 53 65 186 255 255 0 142
    255 183 251 3 128 150 0 255 154 101 116 0 255 255 45 179 255 15 0
    101 43 187 216 0 124 255 255 255 190 175 0 0 255 0 195 0 91 253 0 81
    60 57 41 73 228 255 0 164 148 17 61 0 235 255 0 211 24 255 231 195
    138 255 96 195 0 135 204 0 238 155 145 147 30 255 96 0 255 0 190 116
    158 64 89 0 176 219 82 53 255 21 0 224 23 184 76 255 193 0 0 109 255
    0 252 255 0 255 253 184 255 255 0 0 195 0 254 255 255 143 0 255 142
    37 255 255 79 255 17 72 0 255 203 236 255 59 112 0 255 255 199 38 0
    212 243 255 146 118 255 147 0 96 153 0 137 0 157 139 135 42 255 0
    255 0 155 0 200 0 0 230 161 0 255 69 255 255 0 255 255 33 118 89 100
    87 118 173 0 255 226 249 255 21 7 255 0 55 46 0 111 215 233 157 0
    134 0 206 88 24 128 250 196 255 0 67 162 195 140 143 243 255 33 11
    255 107 0 11 43 0 254 220 255 255 161 186 81 16 73 17 50 73 254 255
    192 96 162 255 138 57 38 0 210 127 63 0 85 15 103 126 156 106 255
    255 0 46 255 232 217 72 169 0 255 174 57 97 193 255 91 77 162 0 183
    131 58 130 180 255 0 0 48 125 155 226 60 61 0 255 0 202 117 132 211
    255 233 43 255 224 137 52 255 255 0 214 255 218 90 0 237 81 136 242
    0 192 22 103 220 145 93 246 208 42 35 0 40 164 213 108 0 71 255 108
    239 255 26 0 0 62 0 135 251 0 143 255 255 182 0 140 110 0 201 255 82
    46 30 86 67 0 32 241 255 255 117 112 42 176 107 0 85 181 255 186 62
    255 171 235 0 69 71 50 56 126 0 245 197 15 83 255 0 255 255 0 16 192
    0 226 101 255 255 10 106 0 55 16 11 193 255 0 155 255 222 0 209 255
    76 174 255 255 12 0 140 180 249 0 145 107 233 0 106 255 62 231 0 159
    93 172 0 249 137 163 248 220 255 56 255 115 185 0 136 255 199 50 146
    200 133 95 206 205 255 180 168 252 137 0 78 134 0 217 255 248 255
    255 177 195 0 217 19 0 209 243 77 61 214 0 119 176 93 255 255 0 23
    59 163 255 8 62 71 4 94 0 86 255 14 171 108 0 42 202 2 0 98 0 240 0
    0 255 0 199 156 122 0 0 255 54 0 255 176 73 255 232 95 156 255 28
    150 7 36 182 235 116 235 22 0 160 132 214 224 255 1 0 238 207 255 72
    95 0 216 49 148 255 255 220 255 91 255 118 255 128 17 212 183 255 0
    40 255 177 255 194 8 15 0 252 0 0 8 98 149 255 242 0 55 255 255 0 2
    189 78 91 239 12 221 255 0 2 221 10 14 235 161 255 233 41 241 182
    174 213 56 0 255 0 200 127 58 50 0 0 73 0 11 163 9 102 25 83 0 0 255
    255 27 172 78 255 112 0 0 103 79 39 255 136 0 151 0 154 128 30 255
    152 255 0 0 7 101 69 0 178 255 0 199 0 255 45 11 89 255 221 140 85 0
    255 215 160 253 126 228 55 37 42 141 0 43 255 214 0 255 255 125 38
    228 55 166 199 255 0 228 20 23 255 103 25 73 114 255 24 255 254 245
    255 255 255 59 17 26 131 239 0 255 16 255 181 29 120 0 0 148 20 106
    255 126 0 255 255 167 0 0 230 231 0 0 255 14 140 0 10 255 44 0 212
    255 92 0 107 0 0 117 245 67 53 255 143 57 0 255 65 224 12 0 255 93 0
    253 196 13 183 5 0 250 139 165 63 207 242 0 255 108 246 0 104 196
    117 246 255 29 37 111 225 255 199 255 66 255 0 143 194 0 70 219 43
    46 7 248 2 146 0 115 91 6 138 252 82 0 0 255 75 0 104 23 0 0 251 15
    255 0 255 191 0 164 132 125 145 0 173 0 192 103 172 12 0 255 224 169
    198 147 145 0 0 186 255 0 146 255 104 0 240 0 0 78 0 255 153 255 149
    209 210 0 123 160 131 103 255 44 18 251 255 64 121 193 143 255 25
    255 167 255 255 138 34 0 14 95 121 41 0 0 255 189 255 255 161 255 17
    192 255 144 75 218 0 255 227 81 110 193 225 0 203 255 101 65 195 255
    54 230 0 255 132 59 45 27 152 0 29 255 215 0 0 31 0 0 0 255 142 136
    9 91 15 244 189 48 74 150 252 255 116 0 55 255 0 255 21 183 171 248
    207 13 215 215 149 253 0 0 7 200 230 255 242 0 197 219 255 0 0 128
    202 3 191 191 0 138 177 255 144 255 0 220 255 0 166 135 73 255 203
    223 223 255 66 255 190 231 186 255 108 138 0 202 0 0 119 85 175 0 55
    83 148 121 255 23 252 95 0 205 255 193 107 244 0 20 172 96 52 0 250
    255 0 255 104 0 234 97 208 136 126 255 109 7 39 93 255 0 240 204 255
    255 138 24 0 225 255 21 0 217 255 35 220 210 207 245 253 223 41 70
    255 255 255 115 139 194 246 0 156 26 45 95 184 0 132 0 255 186 255
    211 10 16 190 74 40 59 158 0 0 46 0 83 183 28 122 48 0 0 255 109 255
    0 81 250 121 122 255 253 109 192 95 89 255 119 214 210 69 105 196
    206 255 255 0 90 20 0 227 149 255 143 129 170 44 255 255 190 161 0
    196 255 0 183 255 117 255 253 13 254 105 147 255 226 104 14 174 183
    0 0 255 220 46 255 255 138 255 191 255 33 0 0 49 93 132 111 83 179
    255 159 221 152 255 0 14 255 0 0 0 63 82 125 173 53 255 71 229 255 0
    185 255 216 255 255 97 255 255 0 208 255 5 185 175 227 98 0 255 255
    251 95 106 255 73 13 176 0 241 166 27 0 55 255 56 255 26 206 130 203
    5 255 101 52 255 255 0 27 112 10 242 0 23 255 242 249 253 255 125
    255 133 88 122 255 77 255 0 215 0 0 0 0 132 255 0 215 240 255 230
    255 255 156 255 0 177 255 88 253 226 117 137 146 175 37 248 1 105
    101 209 0 102 255 0 255 255 255 236 30 104 255 111 255 0 189 0 223 0
    253 255 253 255 61 112 255 196 255 255 47 235 156 136 255 255 59 34
    193 244 0 137 0 0 255 102 0 255 0 162 20 12 235 174 131 102 36 98
    217 150 0 116 65 112 0 203 0 255 0 17 81 255 141 228 245 30 92 114
    74 242 255 2 22 255 187 0 0 125 191 0 0 105 255 186 0 0 255 255 189
    255 0 64 178 174 255 144 253 223 255 255 143 50 214 42 149 0 0 255
    105 65 157 255 0 0 92 231 43 255 255 215 255 249 175 0 135 197 0 0
    76 255 99 4 51 255 0 10 0 0 110 20 129 247 0 176 62 132 255 0 255 55
    59 120 255 123 33 0 255 0 0 0 0 0 255 32 0 186 3 252 104 240 54 116
    255 255 255 0 57 235 0 110 255 121 198 105 255 140 166 42 255 0 3
    255 255 219 255 110 255 0 13 238 255 0 191 0 234 255 255 255 98 121
    97 194 169 0 183 44 145 229 92 114 16 255 0 0 191 116 1 60 247 227
    176 34 0 119 200 164 190 246 10 66 0 255 0 90 246 49 11 235 255 132
    255 255 255 135 255 253 160 210 115 0 208 183 0 255 0 58 0 253 219
    99 27 185 175 210 255 72 59 255 66 255 255 0 11 255 0 8 114 43 255
    181 253 182 203 255 0 99 255 84 255 73 0 0 100 0 224 12 255 137 99 0
    48 49 0 116 255 39 0 255 127 42 0 187 3 133 17 91 59 99 9 255 0 99
    151 0 255 0 151 223 4 201 125 65 255 154 105 123 61 255 122 0 63 255
    0 255 238 40 190 0 219 68 32 225 20 0 42 42 95 57 0 255 0 71 213 255
    62 131 187 255 255 0 30 67 190 211 245 255 0 233 248 114 228 170 255
    0 2 247 8 71 255 255 236 255 26 0 130 0 199 13 206 80 255 136 154 0
    22 0 14 58 0 0 207 27 0 255 0 243 195 0 255 255 0 200 0 255 255 0
    132 220 0 159 0 122 4 197 176 63 0 0 147 105 0 214 120 215 99 110
    229 0 11 118 255 206 0 255 58 225 246 0 255 23 100 127 150 168 167
    72 0 0 85 176 204 255 0 251 255 0 60 112 39 178 255 255 154 255 137
    49 236 204 0 255 46 12 188 255 255 16 93 255 0 195 0 28 0 202 58 0
    65 255 68 0 0 220 255 0 234 255 255 250 168 222 27 255 50 237 60 248
    0 218 0 164 2 255 127 255 255 215 0 0 94 233 0 46 37 19 255 128 255
    223 0 67 168 46 216 255 0 0 253 115 63 110 0 0 176 255 0 253 0 166
    169 77 68 212 180 255 0 75 255 215 248 82 255 100 35 85 86 132 175
    243 116 0 78 193 0 125 0 212 72 46 255 0 0 154 134 143 84 255 255
    123 201 158 255 110 183 0 51 31 0 205 0 176 255 162 0 0 0 0 153 127
    230 138 236 0 202 0 235 43 54 239 255 130 91 0 0 0 68 18 0 47 151
    230 255 94 58 184 73 255 46 118 61 202 253 173 0 109 141 148 0 44
    254 0 123 179 34 234 255 0 0 255 255 26 255 195 209 0 0 0 82 0 227 0
    255 45 214 0 0 255 26 255 67 40 26 127 174 255 0 150 88 125 235 114
    255 42 211 0 0 255 21 0 117 0 185 255 40 152 212 255 245 207 0 210
    30 29 0 178 0 0 69 106 0 149 0 154 252 0 255 85 255 151 0 0 0 166
    255 84 234 255 42 13 68 18 253 0 255 9 123 149 255 95 156 96 89 198
    147 209 0 84 63 255 215 157 184 0 69 185 255 255 162 246 255 208 166
    0 255 219 2 27 247 255 73 255 0 58 192 228 89 233 255 255 74 0 10 22
    191 223 233 255 74 109 255 158 185 226 66 57 148 87 211 63 25 0 0
    183 255 0 217 56 255 168 38 164 252 22 108 145 76 49 146 106 255 202
    1 30 255 90 229 213 255 0 57 255 0 186 255 183 122 67 216 0 0 255
    255 0 0 50 148 237 249 31 49 230 161 247 198 12 19 161 255 79 0 65 0
    19 174 255 0 255 235 184 170 11 75 24 165 228 0 0 216 169 159 157
    255 251 0 179 102 231 69 0 0 255 245 52 44 0 198 0 255 228 255 85
    136 255 255 255 187 255 149 0 93 27 254 184 255 0 217 175 139 255 10
    255 168 255 154 255 255 0 91 0 0 0 255 255 166 255 176 249 229 68 0
    179 255 255 134 255 206 255 220 226 56 255 57 122 187 0 12 129 0 55
    255 220 0 24 0 17 99 255 36 88 157 79 255 194 184 1 197 42 0 213 0
    138 217 192 170 255 35 223 37 127 255 0 0 206 0 217 64 34 218 88 0
    159 75 128 255 55 154 77 196 114 26 255 63 99 0 0 184 255 150 71 255
    85 0 223 255 255 187 218 255 0 229 114 0 0 189 5 117 194 111 75 85
    38 54 0 139 0 0 0 120 255 0 0 107 28 189 29 0 0 173 255 152 229 99
    218 224 225 0 255 255 127 118 117 108 112 255 6 10 255 0 255 0 255
    254 212 1 31 0 0 56 186 12 147 0 84 218 235 209 127 147 255 217 210
    113 166 0 4 119 150 190 244 222 37 0 203 3 16 0 75 255 85 85 255 155
    255 12 73 124 255 177 255 208 238 133 76 43 255 255 0 142 193 234 22
    192 94 2 255 196 181 105 83 132 61 255 159 255 211 149 38 35 129 152
    255 255 54 42 255 140 0 152 96 186 255 255 0 101 96 117 151 210 255
    0 200 147 28 69 213 43 228 255 26 92 255 0 0 195 35 186 255 228 123
    221 245 161 0 195 70 231 219 255 255 10 221 22 255 255 45 147 255
    255 139 255 52 251 198 255 2 177 255 12 18 249 45 255 211 12 103 208
    3 0 255 42 91 0 164 0 0 255 10 253 0 130 233 0 179 0 170 116 129 96
    255 156 0 124 0 0 202 184 88 156 0 44 0 0 124 85 46 136 252 111 255
    255 171 0 210 0 61 23 5 205 206 241 255 144 224 255 55 37 48 48 245
    255 28 244 131 0 0 222 130 228 121 103 0 181 255 166 246 92 106 96
    173 152 39 57 175 114 36 216 245 35 31 228 155 169 251 255 255 0 0
    103 255 99 233 147 0 104 159 58 234 200 43 0 255 210 58 255 255 17
    193 204 255 100 186 255 0 0 0 36 118 56 15 171 46 187 92 23 9 99 202
    154 225 255 0 241 255 255 255 255 229 126 180 182 127 0 104 208 213
    167 255 255 115 255 147 91 224 255 255 0 255 255 44 0 109 38 45 60
    255 220 255 0 255 95 109 0 23 110 206 255 255 255 183 81 255 0 40 4
    255 47 255 234 69 0 0 0 159 0 199 110 205 255 190 255 255 130 29 0
    255 11 0 248 143 141 0 140 255 80 37 211 252 0 255 0 89 117 54 255
    255 4 255 29 46 250 249 255 245 255 23 32 6 40 255 98 26 235 255 255
    136 89 17 196 0 65 243 124 109 62 23 166 137 94 101 118 0 208 40 108
    0 0 230 255 0 0 79 0 153 161 0 233 179 220 179 199 241 128 74 255
    255 153 105 0 120 223 188 255 134 0 255 0 255 84 105 0 0 101 255 217
    255 255 224 255 179 243 143 71 255 108 255 108 108 83 0 0 20 138 60
    51 255 255 255 134 255 212 77 0 255 129 138 231 29 255 0 224 255 197
    132 0 255 255 156 12 88 77 255 190 0 126 44 224 255 60 224 255 179 0
    69 255 239 0 254 212 124 221 92 73 60 0 80 218 254 255 247 172 165
    255 71 157 68 0 222 83 255 0 81 255 68 237 255 152 249 219 118 245
    111 145 255 41 169 0 255 255 11 203 0 93 0 0 19 75 234 196 125 190
    87 38 56 0 115 0 0 255 255 0 180 165 20 79 55 179 255 236 0 255 255
    0 40 0 126 0 0 132 0 255 185 244 107 242 212 173 0 255 148 192 255
    73 136 135 217 255 171 43 131 255 16 25 183 68 255 43 61 185 0 238
    235 78 0 0 255 185 74 212 255 91 0 255 0 9 94 75 251 219 116 231 0
    255 211 33 241 142 242 255 218 36 0 255 207 210 70 0 255 255 214 254
    255 210 0 224 78 74 19 8 192 0 0 140 1 255 16 33 0 161 0 255 103 107
    166 84 0 5 255 255 86 246 255 151 0 231 59 255 91 0 255 209 10 155
    110 0 217 69 226 0 255 0 130 244 34 6 5 0 230 104 90 31 175 87 127
    62 229 0 0 255 81 0 255 0 0 80 243 0 25 39 52 244 0 0 202 19 0 0 93
    0 34 0 63 0 151 67 208 173 6 0 126 130 185 255 249 29 255 85 8 226 0
    78 173 27 222 113 53 0 238 255 255 0 217 51 209 255 104 0 72 0 57
    173 0 0 0 115 73 249 255 254 129 5 5 24 255 255 0 155 0 137 9 109 77
    0 133 224 90 16 176 255 97 0 240 255 237 0 0 251 100 79 255 73 132
    150 0 214 101 0 66 134 0 76 255 210 0 255 249 251 166 237 163 47 94
    0 0 96 255 209 199 227 247 27 119 255 125 61 97 81 255 61 29 88 147
    47 0 255 158 0 204 255 182 0 164 177 167 78 255 26 97 211 16 176 0
    255 237 0 52 255 60 104 168 143 0 236 0 82 77 93 212 255 245 78 25
    88 242 99 227 169 166 0 90 255 23 35 255 204 231 47 255 0 0 0 46 57
    161 255 255 196 17 216 255 30 161 43 32 176 161 255 134 0 221 255 59
    255 54 54 161 0 156 96 252 0 88 0 255 255 0 218 10 0 20 67 116 0 206
    229 148 255 255 181 255 60 255 207 21 0 11 176 77 0 255 132 31 127 0
    168 116 14 58 105 0 0 117 84 63 255 24 129 141 128 89 26 131 206 229
    255 166 255 255 186 196 104 124 0 127 62 255 145 211 48 111 27 132
    177 0 255 219 0 255 128 255 253 0 104 78 44 0 0 0 31 68 229 0 255
    246 75 255 69 255 0 14 11 255 0 0 255 231 71 0 238 0 143 106 242 187
    107 197 65 121 156 255 176 199 16 255 74 230 130 255 0 255 0 0 111
    26 82 63 222 0 63 195 255 190 0 157 158 60 150 112 176 153 0 176 205
    0 255 255 0 26 219 0 255 95 0 225 255 97 63 99 23 123 182 0 255 255
    0 255 182 229 140 156 196 255 255 0 93 43 255 68 255 28 114 0 243
    163 105 221 170 41 0 255 184 89 173 255 105 146 255 255 0 255 255
    249 0 0 0 172 255 0 0 13 187 8 68 255 0 255 65 255 226 255 161 134
    97 32 124 21 94 30 255 169 183 0 61 143 215 168 148 255 0 0 255 0 58
    178 0 46 129 15 255 86 84 0 0 168 147 8 89 164 57 201 0 121 255 211
    18 212 255 75 118 113 169 0 46 255 97 32 0 110 255 163 185 142 30
    255 232 162 145 37 194 54 159 51 184 255 166 12 211 101 169 98 5 0
    255 95 138 0 255 217 146 0 0 96 48 52 103 245 255 100 204 191 135
    199 255 36 221 174 87 40 96 103 166 255 0 87 152 53 156 106 155 46
    97 0 112 184 0 172 4 130 235 124 8 65 140 235 0 28 255 2 227 38 0
    187 154 23 206 221 0 255 0 117 0 0 28 56 213 69 255 240 7 0 206 244
    255 0 94 158 121 255 134 255 255 79 200 189 140 0 46 0 0 116 147 0
    254 0 157 144 255 0 83 40 33 75 53 0 96 0 0 255 181 206 164 28 255
    68 170 195 215 255 217 183 5 255 0 0 105 188 73 255 148 0 160 255 0
    38 255 48 220 94 255 0 42 255 120 0 255 255 255 159 255 132 255 255
    235 255 255 255 189 49 10 0 0 215 0 155 192 150 111 145 119 189 159
    115 0 207 255 239 255 172 255 183 224 50 165 28 218 111 148 0 0 255
    255 87 117 255 33 0 57 255 255 0 0 255 92 129 0 234 231 121 155 20
    53 153 255 129 169 227 113 0 95 38 0 0 0 74 2 26 255 0 79 0 188 0
    255 208 236 114 187 28 85 255 0 229 203 195 0 45 0 255 99 0 48 148 0
    121 255 255 255 122 134 201 67 202 224 251 156 95 255 255 228 45 255
    255 191 121 238 255 0 221 203 111 26 176 0 0 193 79 255 0 67 112 227
    224 255 3 0 216 224 255 102 255 220 12 139 107 134 68 244 49 228 0 0
    255 128 135 246 74 116 60 255 49 254 33 145 130 58 255 236 219 186
    240 255 178 59 103 25 162 0 0 0 140 148 101 44 129 35 0 0 138 0 35
    181 198 243 0 255 32 255 212 55 7 115 0 255 29 167 181 56 204 79 0
    229 105 196 18 135 0 114 0 0 0 237 67 0 255 0 0 75 71 0 221 38 0 0
    255 255 85 0 90 255 202 182 244 108 248 255 0 177 253 114 150 255
    255 187 249 33 223 255 255 109 0 237 21 255 190 193 215 0 106 150 31
    123 33 255 0 151 238 0 206 255 88 255 255 255 102 0 116 248 55 255
    97 0 255 207 255 255 255 148 255 47 121 127 0 155 30 255 212 232 255
    152 124 0 121 255 0 0 254 53 104 255 0 176 72 255 109 135 0 74 255
    244 178 207 132 0 176 0 0 108 214 10 211 255 0 255 120 255 198 46
    191 115 0 255 255 25 0 197 105 31 175 255 255 76 109 159 255 0 218
    255 0 140 19 0 199 60 0 3 228 255 65 20 156 133 48 255 186 206 123
    255 0 74 0 20 96 255 23 142 0 101 202 0 255 67 43 22 199 54 39 0 94
    0 151 183 255 255 255 161 50 237 255 136 255 15 0 83 55 207 104 23
    91 46 135 126 242 255 60 149 113 0 165 0 95 70 69 245 0 53 255 255
    23 105 15 255 240 140 255 0 32 255 0 59 59 0 255 0 0 67 29 4 0 69
    255 84 235 0 0 133 246 146 12 0 27 173 70 188 255 18 14 133 0 99 0
    42 255 0 0 0 255 123 255 0 255 255 97 204 45 185 0 84 255 220 0 183
    255 208 180 255 195 0 247 0 112 102 255 0 0 233 0 234 20 94 151 52
    161 112 171 223 207 170 117 60 255 247 251 255 0 14 0 150 158 194 0
    107 76 0 255 105 255 255 0 205 83 86 107 191 216 255 109 44 0 244
    164 255 68 0 145 0 242 255 255 0 33 255 200 255 206 255 222 0 146
    211 92 255 84 0 136 29 128 0 41 134 1 208 33 255 0 17 64 184 0 18
    255 250 0 13 255 156 171 52 0 0 0 168 233 255 0 171 119 85 255 112
    93 136 255 31 255 52 255 147 145 255 255 0 255 0 45 255 182 0 183 76
    235 255 109 0 0 255 204 255 134 255 188 183 150 0 38 83 255 167 34
    213 205 152 194 24 255 74 107 200 210 214 6 0 0 255 255 164 255 0
    161 26 180 30 112 69 254 73 146 2 71 91 152 255 156 164 51 0 0 253
    12 224 109 255 189 49 185 255 63 255 198 38 255 35 0 255 181 0 191 0
    0 201 255 0 166 0 28 89 255 255 136 0 70 255 0 110 0 97 0 23 0 121
    154 173 216 0 217 158 0 153 213 0 97 0 255 98 255 195 255 0 46 184
    234 255 117 217 0 79 0 151 115 128 0 0 74 0 124 240 0 255 255 16 0
    255 82 0 92 50 65 38 0 141 98 109 0 30 0 167 52 67 224 116 117 255
    255 139 140 254 158 255 109 252 72 255 0 0 244 41 99 55 253 57 140
    31 0 5 23 97 120 255 110 96 0 191 32 112 255 192 54 147 218 0 42 255
    255 5 255 114 63 42 119 168 0 235 0 0 170 235 252 255 205 149 78 0 0
    220 201 255 120 85 166 84 141 175 123 3 109 0 130 255 150 0 240 0 0
    0 109 255 138 218 216 103 183 255 255 106 44 182 96 255 164 157 0 73
    210 106 255 45 46 130 221 0 109 173 0 0 255 176 0 12 181 144 240 255
    187 255 65 255 151 136 24 0 0 39 212 255 0 255 0 255 0 255 255 28 5
    154 0 33 40 247 255 47 255 0 0 0 255 247 14 32 21 243 0 255 0 37 255
    0 181 117 0 255 0 151 255 88 42 129 205 0 0 9 115 56 170 237 80 255
    46 255 17 0 5 61 204 255 232 15 255 232 180 23 219 0 27 0 202 196
    123 32 166 215 31 2 70 255 0 198 255 252 173 255 255 255 255 252 255
    156 52 25 159 45 159 0 49 114 0 52 18 141 146 57 255 0 255 255 0 255
    100 184 107 0 168 255 237 102 255 65 47 125 255 255 186 227 88 180
    115 142 255 255 32 255 173 211 0 158 98 0 79 153 255 0 209 41 60 0
    211 142 0 86 60 255 255 90 73 255 255 0 0 233 0 219 110 0 0 255 10
    92 255 200 51 168 255 101 255 15 76 108 240 208 0 98 255 246 55 234
    255 255 255 144 255 76 197 113 142 56 166 0 88 202 0 12 255 47 74 87
    192 255 220 94 255 93 44 255 109 0 255 7 110 255 138 255 190 0 44 0
    0 44 86 14 255 99 255 8 0 255 255 255 255 253 255 115 250 116 35 216
    76 0 0 21 91 0 0 234 0 0 195 12 202 200 0 255 255 0 0 170 184 243
    255 244 115 103 35 152 0 0 46 192 34 234 104 255 146 165 51 9 0 255
    150 144 18 255 127 4 0 73 255 94 0 0 62 0 0 83 55 189 160 32 75 69
    162 0 195 90 138 131 228 70 223 114 240 235 10 179 255 0 173 142 0
    113 210 107 26 255 122 169 208 192 143 0 83 75 255 126 94 0 248 0 67
    42 0 7 49 255 169 112 48 255 255 92 31 100 227 254 90 229 77 0 152 0
    164 0 0 255 248 178 27 22 77 255 129 229 201 147 0 50 0 170 0 0 89
    123 242 47 22 150 255 0 193 122 121 0 4 160 255 225 4 255 156 0 110
    0 7 13 85 131 189 230 0 239 186 231 28 255 153 255 248 155 0 0 255 0
    251 81 0 198 209 217 240 141 0 135 151 0 0 0 255 46 154 118 200 255
    235 122 255 255 244 131 92 0 220 62 115 0 243 66 95 14 78 0 135 35
    36 25 164 0 23 0 48 255 255 242 197 0 242 255 254 148 99 5 85 202
    168 72 59 246 168 38 58 0 171 122 204 52 138 0 228 25 85 238 195 0
    255 53 0 0 148 129 0 75 255 140 169 255 65 96 0 0 192 0 106 0 0 255
    234 168 169 79 146 203 63 0 26 197 28 155 162 191 0 255 0 58 255 202
    0 255 255 0 133 255 34 55 255 0 86 185 0 0 106 47 250 255 219 0 255
    108 151 162 148 93 0 0 255 255 10 56 152 59 162 101 64 255 85 0 0 16
    255 123 18 124 88 129 0 104 133 255 255 0 179 238 0 0 3 212 0 189
    255 255 255 73 213 35 69 0 165 244 135 8 67 255 0 219 216 255 0 58
    162 7 0 255 67 72 175 254 255 0 243 187 0 64 42 184 209 64 255 83
    150 255 61 239 0 255 0 184 255 31 251 178 255 0 76 220 143 255 23 90
    130 6 8 224 97 85 0 0 255 255 0 235 203 0 255 121 255 103 255 41 9 0
    66 76 0 0 0 135 0 21 245 241 197 255 255 255 158 132 7 24 184 130 0
    17 255 58 20 135 255 255 117 31 190 65 0 0 75 91 223 0 55 0 169 255
    111 215 255 255 255 0 0 0 255 255 0 189 186 137 126 48 197 75 91 0
    184 131 242 230 183 112 30 67 126 114 255 114 0 52 255 255 99 255
    143 224 146 140 248 255 255 32 255 0 0 79 58 172 169 90 155 255 255
    0 87 1 255 235 94 116 38 193 149 197 55 194 0 185 60 230 141 121 0
    220 228 0 214 196 76 148 105 0 201 102 230 0 0 255 35 0 0 0 254 35
    139 202 248 0 255 150 57 222 0 106 251 236 255 255 255 101 53 255 5
    6 182 255 0 0 255 44 28 14 68 255 255 0 0 165 0 0 0 33 229 117 0 126
    224 255 25 167 255 0 0 0 255 222 243 5 255 216 0 255 85 201 0 255
    255 0 60 17 116 0 193 72 242 255 255 56 255 107 230 255 255 255 15
    49 64 255 106 0 150 255 205 97 245 126 133 194 255 100 18 170 61 79
    255 255 220 255 0 239 255 0 255 255 0 0 134 255 230 172 95 33 199
    255 0 0 0 255 255 255 0 0 129 64 255 255 150 0 22 217 255 0 204 0 0
    248 255 25 16 255 247 255 255 19 219 108 255 191 51 255 199 0 242
    214 25 140 125 116 0 102 79 159 80 23 255 0 119 66 129 94 215 0 175
    35 255 0 255 0 92 0 115 188 172 255 131 0 255 137 0 156 98 34 251
    255 183 101 255 173 240 255 67 129 255 163 125 248 35 0 0 92 0 255
    41 0 17 103 82 235 255 255 14 102 181 9 255 57 90 0 188 0 0 108 55
    255 251 255 255 255 71 44 255 255 0 121 116 0 0 125 47 132 249 234
    255 255 143 252 118 91 251 221 84 65 226 0 255 58 244 255 117 6 0 86
    0 255 107 0 255 122 0 255 53 200 132 0 0 4 255 190 0 26 178 0 43 34
    236 158 0 199 74 255 122 0 167 255 154 255 222 0 0 12 142 67 100 0
    107 173 0 73 17 255 0 86 0 80 171 0 153 144 81 170 35 181 0 154 149
    0 255 231 69 255 0 221 131 0 186 255 0 236 19 0 154 75 255 25 7 178
    10 255 157 255 218 151 211 0 130 88 113 0 0 255 255 255 229 71 0 255
    255 93 71 255 90 103 206 22 255 192 0 125 255 200 168 43 164 71 100
    0 114 145 21 231 164 57 255 232 255 97 255 0 197 29 65 229 203 182
    181 255 0 232 88 18 222 255 115 96 4 216 255 9 244 176 122 0 255 189
    127 213 79 142 155 27 0 255 255 217 170 255 115 255 255 177 129 255
    111 255 255 0 25 155 130 231 14 16 82 186 0 33 92 3 0 104 121 255
    255 0 2 34 128 255 255 83 91 255 157 204 64 6 81 40 255 244 255 131
    253 255 248 155 46 111 0 54 227 201 114 78 107 255 135 159 104 206
    255 57 0 255 185 28 0 0 40 109 90 43 155 17 111 93 236 255 101 255
    248 0 99 138 5 213 0 58 187 255 0 0 79 71 25 255 130 68 16 134 255
    32 0 155 255 255 255 180 199 159 38 0 49 73 112 0 64 10 52 0 0 65 0
    83 155 116 240 104 81 34 33 55 255 255 147 255 158 43 41 176 255 2
    255 141 214 217 255 203 0 48 0 0 192 132 236 94 72 36 0 198 172 69
    108 255 71 0 255 16 93 103 0 144 255 102 223 0 0 208 0 65 143 134
    167 255 255 255 229 228 255 255 255 150 206 0 255 255 246 128 217
    198 221 123 0 142 179 82 137 0 73 213 170 189 0 255 87 156 23 141
    255 175 255 255 28 0 0 255 111 255 225 0 124 0 0 61 86 188 120 38 84
    134 101 145 0 125 161 213 149 144 29 7 36 255 91 173 5 87 149 0 202
    255 187 86 237 214 255 184 126 0 22 231 65 236 51 255 195 255 17 255
    85 151 8 255 171 124 175 0 213 255 189 53 37 0 0 130 121 239 38 241
    0 28 90 255 8 0 134 0 157 177 255 49 124 133 78 178 153 14 72 116
    143 0 173 255 188 171 178 225 0 188 0 0 178 27 203 48 151 255 0 191
    255 74 255 255 0 0 85 62 154 197 255 0 255 226 18 255 255 0 172 0
    139 124 0 111 14 255 255 20 126 0 75 195 98 185 0 0 255 0 85 255 117
    157 0 125 253 0 0 106 255 0 203 39 101 37 255 255 0 0 0 74 117 0 0
    13 150 94 103 137 0 228 175 255 252 212 238 245 255 255 255 0 103
    109 243 72 55 215 8 255 169 255 0 255 128 2 0 50 0 231 255 28 51 0
    34 255 165 155 156 17 233 151 189 255 212 0 0 95 107 0 118 0 236 94
    171 255 93 138 55 124 31 112 183 228 255 0 255 0 118 0 253 213 231
    169 0 0 55 255 255 176 197 255 250 255 8 94 255 0 255 0 255 47 94 10
    191 117 0 224 255 0 0 43 253 156 92 228 0 1 53 159 67 133 255 106
    217 0 239 255 0 29 0 60 173 0 0 255 245 0 244 156 25 255 0 0 6 255
    255 0 183 50 87 220 159 89 111 0 0 25 255 0 27 2 57 99 0 0 255 108 0
    0 246 244 198 0 255 0 0 92 4 29 0 255 0 255 255 0 0 212 114 255 121
    116 23 103 125 0 33 151 0 36 32 0 28 175 25 139 83 101 0 0 185 114
    223 233 92 28 177 251 100 0 65 255 0 87 255 9 161 0 250 73 108 70 0
    121 178 53 255 198 29 215 112 113 255 220 218 202 106 255 72 255 255
    86 113 224 53 247 194 0 207 191 20 49 157 0 0 0 0 172 155 34 141 108
    0 74 43 255 0 180 255 75 36 103 0 214 54 30 211 0 255 82 113 30 255
    226 112 45 155 76 0 213 154 233 255 149 148 200 218 13 209 255 157
    255 255 218 0 59 73 0 248 42 0 13 0 255 0 114 228 6 173 134 32 114
    144 238 131 67 112 255 255 0 103 12 255 1 0 32 155 29 233 203 174 35
    195 255 0 14 0 0 17 0 255 132 0 82 42 178 153 255 252 8 0 255 93 165
    255 203 0 38 180 255 255 0 0 128 116 194 175 245 207 155 190 24 220
    255 218 0 26 255 255 140 224 150 0 61 225 0 112 99 0 213 0 159 0 116
    140 0 0 166 0 0 127 182 41 0 153 200 10 44 49 0 95 255 255 4 0 255
    223 0 130 76 114 226 255 0 157 0 25 107 176 17 0 185 104 151 17 0
    255 255 217 115 255 218 133 0 118 255 145 11 130 79 0 255 230 8 73 0
    59 107 220 82 0 138 255 0 255 255 243 14 255 69 196 0 0 177 0 57 196
    255 161 0 67 0 153 200 170 255 202 255 182 119 180 219 2 0 22 75 0
    176 84 63 22 149 217 72 255 3 157 0 0 2 60 212 53 255 255 254 73 73
    64 0 254 237 255 14 165 155 255 107 255 169 234 232 255 0 255 24 255
    255 255 111 0 255 0 0 0 0 166 171 255 222 36 255 220 57 98 100 0 151
    255 224 112 255 157 208 190 179 88 101 60 255 0 255 255 84 186 0 0
    207 255 97 0 213 0 0 221 0 0 255 12 255 33 81 175 255 0 255 191 187
    200 0 113 0 103 75 115 3 113 110 250 0 0 210 255 0 40 129 115 37 196
    72 230 255 0 114 255 255 91 20 255 228 83 102 117 255 227 0 5 194
    255 210 239 85 147 0 143 147 87 0 0 255 175 164 150 255 191 122 228
    227 92 222 255 255 251 11 255 0 74 90 255 28 231 72 255 139 192 0 28
    175 0 0 0 0 227 24 255 0 244 255 255 200 255 160 233 67 255 28 96
    249 0 0 255 212 248 0 99 255 72 0 139 255 0 0 198 63 51 255 255 0 94
    197 81 0 70 203 97 255 151 180 255 174 67 202 45 158 232 0 241 131 7
    165 201 55 171 39 251 255 17 255 84 140 30 160 96 22 0 124 58 255 0
    47 192 0 255 234 124 38 104 207 75 219 0 0 244 233 67 255 24 215 169
    0 0 229 0 215 71 63 126 85 255 166 155 255 191 147 214 12 156 255
    237 62 255 0 208 197 247 255 39 0 0 255 151 0 255 37 135 158 232 238
    207 220 134 164 70 167 140 222 160 175 46 10 0 0 136 0 255 143 255
    42 151 75 101 176 15 255 23 230 255 221 255 0 193 76 255 79 226 137
    0 163 190 122 235 45 138 165 146 142 10 255 255 33 255 0 0 155 206
    160 201 158 250 221 167 0 255 0 255 0 0 255 153 40 117 91 107 9 216
    54 213 99 0 65 0 255 12 253 228 143 255 0 255 0 94 176 255 103 255
    221 137 0 73 62 14 0 0 118 0 0 208 255 193 248 255 0 148 119 0 70 82
    171 242 255 20 0 255 168 120 133 183 45 141 0 0 0 199 81 255 174 255
    172 243 10 254 56 255 152 72 230 88 232 47 253 100 0 220 0 255 0 131
    255 113 136 177 255 228 255 255 210 133 234 219 0 244 139 182 235 0
    162 217 0 255 253 0 0 255 255 111 255 48 66 232 63 255 0 0 225 0 52
    213 255 10 154 255 132 51 242 147 142 255 18 177 79 112 255 255 144
    66 154 255 4 27 81 232 255 229 92 62 39 175 0 135 235 231 106 0 0
    113 92 0 223 76 78 0 242 225 0 84 255 28 221 230 0 255 79 16 0 255
    215 212 85 255 240 204 20 255 255 136 251 67 209 0 0 255 16 0 58 58
    242 0 129 0 0 17 217 0 67 255 136 141 68 0 255 222 0 25 255 67 124
    255 255 58 255 53 153 105 215 255 84 0 48 96 62 145 212 0 0 233 0
    243 77 159 0 0 106 0 17 0 15 0 177 0 0 152 169 232 255 26 224 0 135
    111 119 239 191 0 211 0 6 0 74 0 141 0 132 255 0 71 220 162 23 65
    223 92 255 159 0 71 202 255 239 97 0 255 255 221 58 255 224 235 244
    255 0 175 0 3 100 4 207 78 207 58 255 25 37 242 255 197 255 139 0
    153 255 181 232 211 133 214 0 243 255 255 252 224 0 255 222 0 229 69
    241 0 129 123 5 252 255 26 0 255 0 102 0 89 0 99 0 255 204 95 66 255
    18 79 51 123 44 137 41 204 252 255 31 207 255 130 107 125 175 209
    255 84 100 54 66 255 97 0 131 214 175 196 0 161 238 42 38 47 0 169
    114 255 47 79 156 105 81 255 255 244 132 70 0 255 255 255 0 46 230
    255 0 14 0 0 225 0 144 81 66 0 0 35 51 7 237 68 52 13 17 67 140 115
    26 0 204 0 30 255 0 3 255 101 134 235 173 0 8 148 188 255 184 223
    255 255 0 153 91 255 44 255 68 19 17 0 111 245 211 1 0 118 255 204
    12 180 255 229 13 201 177 255 185 220 255 255 150 0 69 15 236 46 0 0
    0 193 112 178 238 195 71 250 26 0 166 224 238 255 255 194 112 184
    216 0 4 0 138 0 6 0 202 216 255 142 59 255 106 255 162 162 0 255 0
    28 168 224 255 0 255 0 255 120 0 214 6 82 20 248 0 182 106 25 255 48
    161 45 200 0 252 58 0 255 255 255 101 57 64 18 0 178 226 63 175 43
    226 211 223 255 120 0 0 20 0 239 104 108 202 233 44 22 0 0 212 255
    75 0 247 255 255 21 255 255 121 108 167 215 255 0 4 182 106 22 136
    59 230 0 3 127 33 78 192 0 140 255 79 255 135 19 0 230 0 188 90 161
    249 183 0 255 60 0 164 128 0 6 255 72 169 0 188 255 0 230 158 255
    244 27 255 0 35 153 234 84 0 225 0 229 0 176 97 255 136 24 191 178
    227 46 47 163 255 255 65 243 0 118 160 0 145 154 0 0 184 12 224 82
    209 0 66 158 255 219 0 255 177 1 104 248 194 228 137 153 255 115 255
    255 255 0 16 255 0 182 46 50 0 243 255 230 8 79 255 164 255 2 0 171
    245 235 255 0 255 0 255 255 0 86 255 60 0 255 225 189 255 0 184 233
    65 34 208 0 117 170 209 0 40 190 1 250 108 101 87 70 61 0 0 134 47 0
    146 123 255 91 156 113 250 253 10 28 205 235 60 80 255 228 0 157 255
    26 122 22 122 189 232 0 175 255 61 0 0 250 208 177 238 140 93 255
    205 255 218 255 108 255 255 220 0 17 255 10 95 0 242 108 213 0 255
    255 149 54 12 255 84 0 0 40 0 150 178 0 32 0 225 125 0 255 255 255
    236 255 0 255 131 255 3 0 255 68 113 77 0 7 0 189 120 0 166 20 6 0
    151 0 188 152 0 54 0 211 153 156 255 0 25 33 0 99 0 97 219 0 255 255
    17 234 162 0 23 79 255 0 184 133 0 50 49 190 255 255 174 140 116 42
    117 15 171 64 55 129 255 154 255 0 42 255 114 255 190 91 0 195 192
    207 151 182 0 71 83 147 86 0 101 215 0 190 255 0 99 159 0 164 184 39
    36 255 49 0 250 90 196 131 42 150 69 220 0 255 95 0 150 0 115 134
    107 19 0 45 64 101 255 127 164 244 122 74 73 224 255 255 32 167 181
    255 0 249 210 0 171 255 53 171 224 200 234 255 248 0 255 0 20 73 188
    86 125 207 255 255 81 39 226 142 0 255 255 45 7 166 68 147 190 17 91
    101 21 255 242 87 255 18 147 255 218 255 255 214 0 108 158 137 87 0
    36 101 146 255 109 38 255 0 97 197 0 242 144 244 62 255 253 0 255 0
    0 254 24 52 119 255 67 255 255 0 0 181 255 178 0 229 117 114 61 146
    255 240 0 200 255 11 20 121 48 206 200 80 30 183 151 255 233 23 70
    174 0 201 255 0 0 54 255 144 105 174 43 0 19 22 68 184 252 255 110
    255 245 0 230 18 225 0 138 165 29 0 219 136 0 12 219 255 92 96 0 190
    97 0 255 158 123 255 113 13 17 0 0 200 0 0 0 97 0 0 255 6 205 0 215
    51 94 220 159 124 176 158 0 169 255 0 0 217 255 207 86 255 32 255 93
    90 0 236 206 175 252 231 0 162 72 255 0 0 254 0 108 249 0 255 33 255
    141 0 255 255 82 0 8 255 255 120 175 0 255 255 0 0 255 45 175 255
    217 250 177 91 255 103 0 111 0 192 169 167 23 71 52 0 211 175 0 39
    63 246 89 164 84 231 215 13 113 255 195 0 0 255 255 136 207 213 121
    227 255 0 56 200 0 0 95 187 235 255 39 189 19 103 187 0 177 241 0
    205 38 5 255 0 139 145 255 74 215 255 118 179 100 247 194 123 145 71
    70 128 255 0 4 0 188 38 0 149 255 0 255 251 255 255 255 141 73 188
    255 123 0 0 8 30 0 17 255 255 69 255 0 0 186 0 0 222 206 93 161 0 49
    255 0 0 255 255 183 79 250 75 162 247 154 255 29 86 242 255 0 254 89
    199 0 85 0 102 41 0 20 223 39 230 137 154 126 206 0 138 111 0 92 61
    52 71 255 22 0 18 104 187 170 255 255 159 242 81 106 0 0 0 125 255
    34 77 0 0 198 1 255 204 131 156 0 0 14 101 170 195 255 0 130 253 255
    171 56 30 65 96 122 0 154 0 255 28 0 68 194 59 230 105 0 211 51 99
    49 4 42 159 223 61 3 243 0 22 74 54 151 46 255 245 255 255 94 255
    204 255 198 157 255 0 255 0 181 81 140 229 0 255 255 6 0 172 255 204
    194 0 0 17 255 255 0 250 173 60 255 65 2 0 40 241 147 192 38 70 183
    229 111 128 254 226 255 97 234 91 164 54 23 83 140 6 107 171 152 17
    255 218 4 255 54 0 115 255 153 95 0 113 13 108 110 89 13 249 255 232
    140 0 30 58 255 158 255 104 153 0 24 122 93 184 217 18 255 92 178 0
    213 253 160 61 63 63 0 138 0 180 19 77 255 0 255 127 255 255 108 155
    62 78 255 215 154 24 68 1 105 190 72 8 255 251 0 0 0 0 9 225 255 255
    255 73 0 238 132 0 133 212 0 0 174 8 152 76 197 255 133 82 231 123
    235 0 255 252 6 202 255 0 128 0 109 132 59 52 0 34 0 255 107 46 204
    231 241 205 95 255 141 80 216 157 93 12 187 96 255 171 150 179 255
    255 137 231 96 206 219 187 255 242 36 0 195 0 98 65 0 234 0 84 255
    48 169 255 31 0 75 245 125 44 168 118 255 255 0 66 0 83 0 245 136 47
    253 255 255 255 192 255 113 189 255 29 101 5 0 82 128 60 255 255 79
    129 0 255 255 68 172 81 238 144 207 0 60 34 6 83 212 0 0 255 255 169
    0 29 1 23 41 39 185 155 255 58 105 0 0 0 145 0 151 71 183 177 63 255
    137 223 82 255 11 0 191 149 0 20 45 255 230 255 0 119 6 255 255 38
    12 68 165 16 226 168 0 57 196 173 0 84 128 0 103 255 36 148 0 21 169
    48 221 228 140 145 119 177 255 236 76 195 135 187 255 0 0 133 255
    134 45 88 255 253 166 0 0 213 255 142 0 35 70 91 138 78 106 161 0
    102 255 255 0 64 240 255 154 157 177 72 255 125 0 255 255 0 116 0
    255 7 206 168 129 175 227 183 255 56 136 0 19 58 202 119 0 127 65
    255 145 255 70 0 52 255 248 123 115 255 173 62 98 225 144 75 0 75
    189 255 255 217 205 255 115 92 0 164 251 255 0 255 192 24 61 255 242
    117 136 255 0 111 255 219 214 0 255 0 56 25 115 177 0 0 89 0 0 248
    176 255 0 0 117 255 107 102 7 232 154 150 190 255 255 255 61 11 255
    255 0 219 5 39 0 108 149 255 8 202 255 116 227 37 255 255 183 176
    255 164 77 0 82 0 0 177 255 255 235 132 0 0 250 19 255 255 32 255 0
    181 166 0 46 181 5 0 255 0 74 255 243 148 32 0 115 103 49 0 50 69 31
    147 233 82 141 0 255 76 11 215 67 123 198 115 120 242 0 88 11 255 33
    130 121 0 0 255 223 0 255 132 104 255 151 167 180 169 200 114 0 0 4
    255 112 48 79 53 131 16 0 55 166 0 24 255 133 245 22 142 201 0 165
    246 255 115 0 6 221 57 255 17 0 255 255 255 255 255 103 30 215 0 235
    58 0 255 190 55 0 183 255 89 188 231 27 184 43 56 181 93 72 0 255 0
    0 192 0 255 255 152 255 127 230 255 233 179 65 0 217 76 72 255 0 0
    101 0 0 255 89 197 162 72 120 154 67 89 255 222 130 56 0 0 255 252
    253 34 0 86 205 255 147 65 255 86 177 250 255 30 255 97 0 215 176
    255 57 255 149 255 205 255 255 0 255 255 255 0 0 175 255 174 21 184
    0 255 10 27 203 135 92 14 0 157 39 71 255 148 255 62 33 0 129 255
    207 0 166 150 42 122 0 132 0 214 0 254 0 41 223 172 0 255 240 86 255
    255 226 109 209 212 145 225 232 255 0 36 223 0 224 255 255 212 244
    227 204 0 255 0 0 48 191 125 91 255 13 0 102 255 153 196 255 3 85
    188 255 115 0 224 45 156 161 0 255 244 102 124 228 0 27 116 0 255 0
    0 112 233 0 54 88 57 80 70 133 23 0 255 57 191 230 0 190 255 45 28
    63 90 191 203 76 86 94 0 178 31 68 255 0 255 238 22 14 144 0 14 33 0
    255 0 23 255 0 35 181 197 139 120 103 67 0 109 17 210 83 167 225 212
    95 121 250 166 205 187 29 255 142 255 16 241 87 111 0 148 218 130
    255 255 192 215 255 0 255 180 0 180 115 255 0 255 150 189 67 154 13
    255 136 155 242 255 179 255 0 0 255 97 0 137 0 147 255 166 151 161
    195 17 0 255 69 0 0 44 88 100 38 135 193 255 0 163 0 97 0 176 175 0
    84 255 60 33 255 255 234 255 237 54 1 255 255 0 26 94 56 91 255 255
    50 79 0 255 255 0 0 255 82 0 169 255 0 62 51 36 131 104 64 255 235
    255 223 231 0 93 246 255 108 170 0 255 255 153 164 178 23 35 150 255
    35 0 1 134 255 192 45 233 232 36 236 0 227 159 0 17 226 213 255 0
    255 164 193 81 22 211 38 83 51 0 30 255 183 91 0 128 255 102 97 255
    124 177 173 215 181 255 255 0 0 229 0 244 255 199 43 0 255 108 55
    210 0 119 174 222 0 246 0 0 211 49 120 151 106 26 255 92 77 78 100
    53 255 223 88 234 136 251 247 0 255 0 0 255 186 0 243 24 0 84 212
    152 255 244 229 108 181 255 92 132 83 0 255 146 62 0 126 175 255 255
    12 131 61 255 229 48 255 27 96 0 255 133 0 140 160 87 139 151 255
    255 0 49 115 63 125 255 255 231 188 14 255 255 255 240 91 0 82 0 211
    206 223 0 0 179 200 249 227 230 4 0 187 212 60 0 255 255 38 0 27 255
    79 0 0 0 0 91 92 250 0 143 64 31 159 93 217 11 0 0 215 0 121 9 150
    255 175 255 134 29 255 47 39 0 0 178 255 79 172 214 87 255 42 202 79
    231 228 149 142 138 0 204 245 226 0 249 92 71 0 0 0 255 50 230 130
    111 211 255 3 255 0 255 86 255 87 107 190 0 255 253 214 207 200 0 80
    181 226 0 152 209 0 255 0 98 0 237 183 0 132 255 122 214 226 0 16
    187 0 205 182 55 0 0 100 255 104 255 137 255 0 88 169 224 0 255 255
    161 253 52 86 0 153 122 199 192 255 0 215 93 97 247 255 0 65 249 0
    255 117 101 250 91 0 255 0 0 255 234 204 97 24 225 132 253 255 191 8
    123 195 12 192 150 71 217 68 228 84 146 217 0 228 207 0 102 148 33 2
    47 255 0 0 107 117 7 255 188 210 32 54 153 255 0 59 255 129 57 0 0
    27 241 106 255 255 0 255 255 239 255 106 53 0 0 255 255 255 0 198
    255 152 29 255 57 245 121 255 255 255 0 255 255 146 0 145 6 0 152 0
    0 22 0 0 177 255 93 8 156 26 255 136 255 0 151 11 0 49 255 143 193
    178 242 39 255 255 240 174 182 97 199 208 253 81 6 24 147 0 165 255
    36 255 244 8 201 77 255 185 0 233 168 119 131 0 49 0 39 92 255 142
    103 54 200 255 232 255 0 120 27 21 0 98 0 0 220 0 143 82 255 191 88
    0 62 255 255 255 102 255 244 163 0 255 0 191 113 0 153 174 0 101 255
    144 0 75 156 178 255 230 255 180 45 148 0 255 235 85 75 195 255 255
    255 227 122 70 0 142 74 255 255 143 0 226 199 124 47 98 5 255 220
    243 255 0 177 255 255 213 217 105 30 8 61 24 76 145 148 119 103 0 60
    211 0 0 130 255 0 181 81 217 195 255 157 208 255 67 0 255 255 241
    122 211 255 255 0 69 191 175 255 49 39 214 255 255 255 134 255 13 82
    253 136 0 155 80 0 186 0 0 0 91 0 175 143 255 31 156 114 255 255 0
    161 189 255 0 98 151 131 0 240 138 0 255 178 84 240 34 42 189 221
    118 0 36 209 241 141 22 0 157 76 23 116 136 190 255 184 0 136 0 148
    255 255 202 174 62 140 67 0 0 10 15 238 245 251 255 151 255 247 0
    245 255 255 215 196 0 123 77 140 232 255 148 0 0 0 213 228 0 255 4
    255 255 255 0 117 0 192 200 109 188 227 255 0 72 255 27 0 155 202 67
    88 111 255 40 255 0 198 227 166 88 29 237 214 0 157 37 133 75 255
    255 0 59 156 0 83 107 255 2 142 8 23 0 9 0 208 71 255 255 255 200 0
    123 71 0 135 0 0 224 160 151 163 255 255 198 203 0 213 64 255 84 0 0
    255 33 0 255 104 97 255 137 255 143 158 136 255 255 0 255 255 41 166
    214 51 0 255 255 207 255 21 23 255 123 255 80 231 0 130 255 4 2 255
    146 46 255 2 186 162 0 221 39 103 205 145 50 41 255 22 73 0 255 0
    181 205 255 0 255 245 150 8 198 217 238 0 248 252 0 146 194 70 255
    255 194 239 12 0 116 10 255 255 122 59 0 0 0 204 84 102 255 121 255
    0 139 0 63 234 0 242 0 255 255 255 70 0 255 23 255 233 255 221 0 89
    255 102 65 255 0 47 213 96 255 9 15 250 116 144 0 184 255 60 0 255
    124 26 255 95 107 122 255 255 23 0 255 255 65 73 255 0 0 137 255 255
    148 255 40 30 0 0 229 255 255 255 255 255 136 123 255 255 151 255
    255 85 250 170 150 255 213 195 249 0 26 174 24 200 119 226 179 0 59
    10 222 124 212 200 0 122 0 255 216 0 60 151 181 199 234 240 204 255
    0 255 178 115 61 103 68 255 195 155 0 255 143 255 255 192 0 242 255
    211 199 255 212 150 32 123 117 11 141 24 255 116 161 99 83 92 255
    204 85 150 170 255 154 255 255 0 73 182 150 219 79 133 57 157 122 0
    174 121 72 123 16 231 0 245 164 139 0 163 0 98 255 0 173 237 255 0
    55 92 124 255 121 0 26 0 95 255 162 0 255 200 0 248 50 0 34 0 255 68
    18 39 0 175 245 226 255 36 0 255 186 255 81 10 139 200 0 33 34 0 255
    194 205 239 255 118 253 255 5 46 103 32 176 227 254 0 221 33 245 0
    193 89 140 255 48 213 0 17 19 0 3 183 241 81 253 75 0 68 38 255 253
    255 240 108 255 0 255 255 84 255 50 255 0 246 83 0 0 255 193 148 45
    163 0 255 178 42 255 86 71 255 98 92 0 78 221 255 255 0 164 255 0
    103 255 0 0 255 89 0 255 112 0 86 255 178 97 0 0 201 111 78 0 132
    255 208 231 38 149 255 177 89 43 255 67 211 0 44 39 255 255 209 151
    0 148 199 0 0 0 0 0 0 255 255 129 255 125 255 151 252 0 0 127 93 76
    255 122 124 255 0 138 0 0 146 255 30 142 164 0 118 252 126 255 187
    232 172 119 224 0 187 64 184 152 0 255 247 255 255 0 113 181 255 0
    13 206 140 255 255 115 44 251 117 184 92 104 133 241 167 12 82 44
    255 0 255 0 53 232 38 0 0 0 187 224 0 135 49 250 50 161 139 28 157
    218 0 47 0 3 186 66 62 247 255 244 25 70 255 255 0 57 255 211 234
    141 32 255 105 238 141 62 255 186 35 255 0 159 255 255 172 37 0 118
    86 20 0 177 152 83 94 255 46 75 255 155 190 138 153 18 255 16 128
    123 42 253 80 99 169 255 140 178 52 0 162 0 198 214 98 132 163 73 7
    255 0 255 0 0 39 164 255 0 233 255 255 173 148 173 0 48 12 255 0 0
    113 22 17 210 255 78 238 91 245 255 101 247 255 231 83 255 197 0 0
    182 0 0 55 191 42 153 0 163 100 120 255 27 151 0 155 125 68 28 255
    131 65 232 255 0 255 124 0 237 255 0 9 242 0 183 171 0 85 239 255 6
    0 97 0 247 100 87 32 58 47 0 233 0 31 255 82 248 54 139 216 255 183
    0 229 255 239 0 188 0 88 255 13 171 0 0 0 238 96 41 0 0 8 250 255
    225 255 0 85 255 162 0 255 196 133 0 186 0 0 176 0 36 255 179 40 0
    37 77 0 239 0 255 213 255 255 255 239 139 20 0 249 137 248 0 42 32 0
    102 77 14 41 255 5 255 31 0 141 25 0 246 220 255 154 175 239 23 158
    233 188 255 108 91 248 0 156 73 45 155 255 154 147 192 255 255 0 160
    31 125 17 145 0 128 101 0 123 18 205 28 186 67 46 122 188 243 130 2
    0 56 218 255 131 90 231 27 255 192 0 25 169 0 98 255 255 228 162 255
    130 255 0 88 255 255 0 199 255 94 0 221 0 0 0 2 127 51 0 222 9 84 74
    0 0 0 85 0 0 164 71 198 255 2 72 5 0 255 255 253 134 222 134 255 108
    128 184 77 224 48 23 156 199 26 233 206 99 255 46 201 244 255 0 54
    46 255 0 0 4 152 0 147 55 181 1 133 202 255 183 255 147 0 238 208 46
    0 59 151 0 255 24 140 220 57 255 0 177 96 9 255 153 0 9 171 8 0 248
    0 0 0 255 255 199 255 255 0 3 232 243 95 152 255 142 255 237 99 177
    70 255 22 227 165 255 41 0 194 25 255 123 0 255 174 183 203 255 255
    243 192 0 0 174 255 61 0 188 245 82 191 60 0 20 212 103 255 174 255
    163 44 231 170 78 0 32 140 0 255 209 64 109 174 23 113 13 0 202 108
    255 255 0 0 207 45 121 255 98 162 172 125 0 255 255 219 10 255 67 0
    255 0 159 255 25 233 0 4 0 129 255 200 44 146 245 255 10 227 41 255
    154 92 0 245 218 227 12 255 62 94 193 238 0 224 64 37 0 155 119 79
    67 0 255 40 255 211 103 172 220 60 255 220 141 161 211 99 255 102
    179 232 116 39 249 83 255 255 71 157 18 225 255 0 255 0 5 115 99 165
    177 0 31 99 249 82 90 255 253 73 99 0 221 230 217 36 0 0 255 199 28
    89 0 14 255 216 48 255 0 195 255 83 255 0 255 0 0 215 255 239 141 31
    147 243 187 151 1 17 134 53 0 0 0 62 255 0 48 0 56 146 199 255 0 106
    255 140 233 244 192 197 0 224 116 255 0 255 250 36 0 50 171 100 166
    172 111 216 255 255 68 254 255 255 211 194 110 155 111 186 83 31 255
    216 139 181 0 49 11 0 255 255 255 216 0 0 190 246 95 62 137 65 30
    255 0 32 255 255 109 249 96 255 92 135 255 198 194 255 0 76 146 0 26
    255 32 220 225 25 253 244 173 137 255 0 168 107 51 80 82 82 19 252
    150 73 255 151 0 226 82 120 192 144 25 252 228 255 255 44 223 152 0
    84 142 0 0 102 128 255 111 102 255 200 227 83 255 255 0 97 255 255
    179 69 22 133 0 241 255 62 114 63 52 76 255 188 93 13 153 0 27 244
    141 66 86 255 255 255 0 252 0 219 4 195 162 135 255 44 253 189 255
    24 232 235 0 118 23 242 76 138 186 255 0 121 13 255 111 0 147 136 49
    183 255 9 0 183 64 255 255 0 14 209 71 0 201 171 250 255 99 214 221
    113 124 223 255 185 255 232 255 0 108 37 171 255 31 255 149 7 77 105
    70 150 163 236 255 79 34 255 40 197 135 235 0 187 36 0 195 4 13 255
    255 0 113 255 159 109 0 255 157 116 4 0 0 235 59 81 50 255 84 255
    159 168 151 208 255 89 148 67 0 0 224 255 182 53 100 255 239 0 101
    128 134 112 102 115 211 255 216 255 255 95 218 0 179 253 161 255 202
    0 184 255 4 173 0 32 60 96 33 191 14 157 45 255 239 24 165 135 0 0 0
    230 160 98 56 255 208 255 255 241 253 255 255 82 141 144 209 66 136
    239 151 0 88 71 96 255 0 255 0 166 255 57 0 134 255 132 200 255 195
    255 0 128 255 190 115 59 237 80 189 255 255 13 211 72 119 255 203
    255 46 0 228 50 143 0 61 168 185 0 62 255 106 90 255 90 232 33 22
    228 0 0 64 184 202 119 84 211 7 255 117 255 214 179 0 161 255 121
    151 0 0 0 77 87 242 52 0 19 195 33 0 255 237 31 251 50 224 241 81 99
    255 0 255 217 255 255 27 255 255 121 168 255 169 0 151 0 182 255 0
    197 219 169 255 236 45 164 255 168 28 91 81 88 28 104 255 0 218 47
    14 255 0 209 113 0 155 122 235 122 142 255 186 29 0 254 140 79 154
    20 207 139 164 255 255 0 255 221 65 255 255 0 0 124 255 206 240 208
    0 0 128 120 63 0 19 112 16 157 220 0 0 238 197 100 249 31 159 143 90
    100 22 77 255 163 118 218 179 128 0 204 108 255 255 0 255 234 126 41
    255 13 255 61 61 255 255 255 215 255 39 254 207 22 83 255 229 0 117
    41 128 0 195 255 66 191 255 212 255 0 32 157 134 157 106 34 255 52
    165 255 24 41 36 0 0 39 97 247 0 6 0 0 132 7 143 255 0 255 231 0 190
    255 0 151 0 168 67 0 255 175 222 254 70 0 0 236 139 68 165 255 72
    218 209 0 239 7 44 108 161 87 253 0 255 192 0 215 30 177 253 183 19
    230 50 146 0 255 255 231 255 175 126 0 255 135 98 56 65 0 175 0 30
    14 1 47 255 11 255 0 145 0 147 255 25 32 40 0 185 88 80 0 255 14 2 0
    185 108 255 0 194 251 62 226 97 45 237 0 45 0 0 172 230 255 255 9 38
    180 255 69 150 0 181 5 37 190 0 118 0 0 255 255 149 12 4 255 0 255
    203 246 255 0 191 111 176 68 0 44 173 0 147 40 203 255 0 0 109 157
    18 153 0 119 45 0 138 65 81 255 178 125 74 54 76 224 255 255 53 255
    23 119 178 121 255 23 142 250 3 0 255 91 144 255 226 0 0 127 7 89 58
    0 0 73 141 172 150 66 224 200 0 255 255 144 0 255 255 0 218 226 0
    197 255 151 96 18 54 8 255 55 154 0 114 72 82 0 128 255 73 56 255
    221 240 176 0 0 241 255 255 53 141 0 47 21 77 216 114 255 209 2 232
    28 159 47 123 0 255 67 233 199 0 128 194 255 118 255 255 115 255 206
    0 137 213 235 70 117 38 207 106 82 255 187 0 255 59 93 127 245 90
    133 105 31 119 67 178 0 255 255 155 255 0 83 73 77 107 233 255 0 0
    255 224 0 0 33 186 255 0 153 255 255 255 151 205 254 255 255 51 53
    66 0 255 255 0 0 246 200 146 196 51 0 202 160 134 168 209 29 255 0
    25 82 255 82 58 152 0 34 86 121 1 169 2 0 254 0 255 0 0 0 35 0 0 201
    167 0 41 230 255 236 38 79 0 71 4 255 0 183 221 255 255 115 226 214
    228 252 255 235 31 255 182 160 0 50 255 0 225 34 125 255 191 41 8
    255 255 255 245 255 49 255 224 10 63 121 235 135 0 0 173 0 90 0 212
    63 252 106 49 255 237 0 137 69 0 132 0 130 0 236 0 47 217 99 14 0
    160 129 224 255 124 237 0 250 41 86 109 114 255 212 205 180 0 244
    173 45 255 44 0 22 0 184 255 42 0 255 37 255 254 255 181 82 220 66
    60 49 255 247 255 43 97 96 255 255 187 129 255 65 0 247 0 227 4 161
    215 0 255 88 0 181 230 255 43 255 255 0 70 194 183 255 0 59 0 255
    255 32 255 235 255 99 103 71 118 36 255 232 255 255 255 255 255 130
    93 69 187 255 185 34 0 0 0 165 255 213 67 146 112 255 233 175 138 26
    90 0 175 26 0 71 238 95 199 2 255 21 0 255 185 0 22 6 122 125 235 30
    142 202 120 9 0 48 0 255 48 183 255 237 115 0 62 0 255 62 0 146 168
    255 0 0 243 220 40 0 255 0 0 255 0 191 255 191 0 59 50 165 0 172 161
    80 64 208 0 0 84 49 0 236 255 25 209 255 255 209 163 0 22 116 136
    197 0 0 44 40 73 46 14 121 255 45 255 112 0 20 163 4 0 5 0 8 0 255 0
    255 255 0 132 210 0 35 255 129 182 241 166 230 161 9 113 96 10 29
    129 255 0 140 112 252 162 48 255 0 0 201 118 31 158 84 255 133 119
    60 129 0 150 74 237 255 101 0 0 10 224 244 255 0 232 183 120 228 232
    90 245 82 139 255 102 198 209 0 183 0 7 216 255 140 255 31 182 255
    255 1 255 150 174 255 255 0 224 109 255 72 115 212 67 102 45 163 26
    0 0 214 165 83 22 153 170 0 118 253 232 255 126 18 255 234 9 134 119
    121 6 255 121 0 0 51 223 0 255 255 0 136 141 0 255 215 0 0 114 153
    214 255 255 31 186 255 255 143 240 235 173 255 33 0 202 161 0 173 23
    0 83 71 228 84 196 121 0 31 116 255 63 30 10 99 202 120 48 0 0 211 0
    77 0 0 0 189 137 235 202 122 51 164 255 41 0 91 255 0 0 39 0 255 208
    66 0 15 255 85 195 0 135 255 142 0 83 255 101 161 255 252 0 101 0
    255 255 255 0 176 197 255 122 62 177 255 60 255 91 0 0 90 97 255 174
    100 235 206 85 234 0 35 0 131 181 255 255 0 255 0 203 137 52 212 255
    90 40 197 181 255 0 255 222 109 36 230 0 186 200 134 59 76 112 12
    234 115 127 22 140 189 0 0 0 0 0 42 67 250 239 168 158 0 0 5 109 107
    0 170 255 244 128 255 72 204 0 62 255 255 0 34 50 34 177 144 255 62
    255 146 0 0 212 107 69 15 255 255 255 91 0 155 255 0 242 244 48 87
    83 113 172 55 201 74 71 212 0 0 86 124 0 0 133 255 55 88 66 113 65
    81 206 0 255 212 0 0 0 255 0 30 89 176 66 139 255 55 190 168 0 255
    255 140 158 255 240 49 232 156 0 141 10 35 0 104 18 115 125 255 34 0
    153 255 0 95 97 0 0 113 233 0 41 222 0 0 255 133 45 189 174 31 0 251
    46 156 0 161 35 0 10 82 165 37 0 41 179 220 97 255 74 91 101 20 83
    93 0 0 54 234 146 255 4 104 179 213 134 12 0 0 142 46 103 181 255
    255 0 255 0 242 255 82 115 0 0 197 59 47 0 166 14 0 201 0 140 255 73
    152 0 0 95 193 123 0 0 0 117 0 188 0 250 185 173 15 255 224 199 138
    201 0 11 206 255 193 86 255 116 255 164 255 0 69 255 255 141 112 255
    201 255 143 195 120 29 255 251 0 255 255 255 135 0 255 0 150 179 236
    79 219 165 161 255 0 210 238 198 36 0 82 0 235 168 226 0 165 153 0
    169 255 219 183 181 12 73 0 245 193 214 0 255 185 240 163 255 221 0
    0 78 35 81 73 0 170 73 89 31 0 0 170 255 86 255 88 168 255 132 97 0
    96 124 158 38 43 255 94 31 0 94 0 0 0 151 15 59 160 255 155 166 91
    255 255 94 168 177 219 28 74 28 17 0 60 0 0 207 255 137 132 31 189 0
    0 112 89 255 231 112 164 198 255 87 185 0 255 205 239 235 13 255 123
    58 32 0 255 40 0 142 255 204 101 184 255 124 255 208 194 82 12 59
    255 255 0 196 226 95 36 29 34 163 61 188 255 183 224 26 74 173 244
    79 2 119 62 169 65 255 140 233 255 240 227 255 96 110 134 134 44 181
    103 0 188 185 255 255 255 192 38 234 0 255 0 156 18 221 255 0 255
    137 35 248 255 0 150 0 81 4 51 247 228 184 56 0 231 255 135 160 94
    84 168 7 196 164 70 228 118 255 173 251 101 255 113 211 47 44 99 203
    187 255 60 182 122 0 255 67 122 169 174 139 255 0 0 0 0 23 120 0 0
    39 28 0 168 151 255 199 0 16 59 120 0 171 136 130 152 85 0 255 175
    233 255 79 0 0 0 62 182 135 110 255 255 173 0 110 24 12 7 255 0 73 0
    222 37 0 3 255 109 115 0 255 0 26 0 0 154 45 43 168 116 0 0 128 171
    0 255 0 0 255 195 76 255 128 201 244 3 78 231 0 158 243 130 0 255
    255 0 174 125 125 131 178 0 255 164 100 212 210 255 0 61 232 239 41
    133 255 255 32 0 64 135 255 0 163 72 0 157 0 88 217 153 0 127 255 10
    226 152 255 96 122 165 186 255 204 49 255 33 0 160 62 62 219 221 173
    205 0 253 7 255 51 80 20 0 129 0 174 230 227 255 95 255 75 0 254 131
    19 0 255 255 180 0 189 0 159 241 0 231 145 0 69 255 10 85 0 210 255
    0 124 21 48 202 133 243 5 113 255 255 0 255 91 0 255 0 162 222 230
    99 57 68 216 33 0 255 132 17 0 255 9 89 0 134 206 186 113 214 0 130
    255 121 106 121 0 77 132 0 155 122 153 221 246 211 51 134 48 0 255
    169 134 0 49 36 85 218 29 0 202 0 35 255 6 75 124 92 11 163 255 94
    221 183 192 0 201 136 23 0 255 0 255 255 142 222 28 216 255 54 28
    238 66 238 49 0 206 54 105 167 39 58 185 250 200 255 112 80 255 255
    224 0 208 0 138 13 255 93 43 0 0 255 171 252 160 177 102 48 0 255
    159 207 126 255 195 145 39 21 139 255 255 218 24 255 0 190 0 196 0
    208 39 255 158 81 14 39 204 0 93 1 103 47 44 55 9 102 255 216 255
    236 255 192 56 250 255 194 58 255 230 172 177 121 80 255 97 0 37 3
    113 227 255 10 47 255 220 235 255 0 89 231 42 73 255 255 53 0 255 0
    0 116 0 33 185 0 0 255 0 0 196 0 255 0 28 37 52 224 255 227 0 167 0
    11 44 228 0 125 165 127 37 209 255 0 0 142 157 36 6 255 220 192 60
    118 16 75 137 253 0 233 57 0 255 243 162 58 221 210 63 57 144 66 153
    255 255 17 255 169 0 114 233 235 129 0 63 0 139 122 0 105 121 0 58
    34 68 0 141 0 20 255 0 0 85 181 245 0 18 223 254 255 34 0 179 0 0
    139 119 0 235 0 0 16 57 0 151 158 177 180 255 96 255 75 239 136 255
    255 149 138 190 119 0 255 255 205 4 39 156 0 113 91 251 0 90 188 111
    255 12 0 255 237 77 0 0 223 175 9 215 73 255 0 255 255 92 0 133 0 34
    48 0 78 0 89 108 60 230 211 227 208 47 33 99 41 213 249 174 191 255
    116 50 97 140 255 134 202 242 255 2 226 45 0 75 0 0 193 255 206 244
    0 134 233 3 1 135 255 99 255 164 118 158 125 44 0 25 173 0 0 97 0
    123 255 255 255 0 222 234 32 192 162 129 246 0 255 8 95 89 32 127
    205 0 36 255 133 0 201 255 219 79 171 0 0 81 246 34 255 54 252 65
    141 255 179 103 82 254 0 23 97 138 255 111 177 13 161 255 168 0 0
    213 22 198 34 0 43 101 0 125 171 229 139 140 178 0 234 0 128 133 6 0
    15 0 10 161 183 115 159 39 143 254 255 53 255 148 0 255 220 157 255
    222 0 224 57 112 60 58 144 0 191 243 246 232 109 63 255 0 34 196 248
    255 101 0 0 137 0 110 255 0 255 214 255 152 139 246 70 255 107 0 37
    157 23 255 8 255 255 168 105 86 255 250 139 0 234 255 0 0 255 105 0
    125 0 0 10 68 20 104 82 255 144 53 255 255 159 230 70 228 30 78 255
    0 99 84 60 0 0 255 45 55 192 255 86 255 255 129 209 192 103 163 0
    124 255 255 155 1 131 116 11 23 138 255 94 255 255 0 162 255 56 0
    255 0 255 0 255 0 126 200 255 246 239 123 177 0 0 0 8 152 0 94 3 0
    107 255 0 0 173 255 0 155 255 220 141 71 123 116 145 74 111 240 243
    61 142 255 85 159 0 78 0 50 28 94 195 255 160 143 217 251 0 250 30
    97 102 255 0 82 183 165 255 0 255 255 255 0 0 67 251 0 102 209 189
    165 215 182 92 15 255 183 217 255 154 255 228 247 238 101 215 255
    121 98 255 255 49 216 0 0 42 0 68 15 161 158 255 255 51 255 255 9 44
    125 0 217 0 255 0 255 255 122 175 255 255 0 214 0 95 51 202 255 86 4
    0 57 255 0 79 84 84 255 15 63 255 173 54 46 0 235 255 255 255 228
    210 225 0 0 21 129 0 163 46 255 77 0 83 65 159 50 255 129 0 227 8 53
    147 180 0 227 255 234 0 255 52 0 0 202 9 224 255 213 24 0 0 87 229
    255 137 255 0 224 239 109 181 64 166 0 21 50 37 255 0 0 205 184 161
    138 237 99 0 0 0 132 72 192 255 83 47 0 174 243 242 115 0 102 124
    249 205 255 255 145 0 0 255 0 15 255 213 255 181 255 183 116 17 16</data></your_img>
</opencv_storage>
