<?xml version="1.0"?>
<opencv_storage>
<filter_type>0</filter_type>
<only_luma>0</only_luma>
<r1>1</r1>
<r2>2</r2>
<L2_diff>1.1017604095264996e+03</L2_diff>
<test_img type_id="opencv-matrix">
  <rows>128</rows>
  <cols>256</cols>
  <dt>u</dt>
  <data>
    94 54 91 198 75 231 145 2 201 131 243 217 209 219 110 216 19 72 31
    183 180 37 166 54 102 186 241 187 138 54 159 182 41 53 134 134 69 99
    251 165 68 226 163 123 231 195 151 100 98 92 110 20 224 111 179 135
    79 247 53 77 31 164 199 202 241 203 196 214 252 198 128 235 238 12
    67 232 221 155 143 163 132 4 128 65 197 215 214 171 234 216 212 252
    132 164 107 232 124 69 124 6 161 126 159 106 178 51 28 0 32 196 74
    121 80 98 191 234 113 61 205 85 146 160 57 51 238 205 122 144 217
    151 173 145 22 151 2 245 10 166 53 158 46 135 91 103 15 55 151 220
    13 54 30 145 102 63 49 21 237 30 68 214 254 208 126 255 137 111 15
    84 222 115 53 99 11 37 11 113 54 12 172 223 120 37 90 4 100 236 112
    89 19 80 168 58 35 4 243 212 13 70 150 113 180 233 168 48 210 112
    107 138 255 76 177 87 63 250 174 126 156 156 38 144 151 82 79 181
    226 183 251 232 128 81 97 82 56 57 191 202 246 144 67 131 137 62 216
    2 50 97 162 87 218 82 254 149 137 139 154 30 59 242 41 150 90 146
    130 248 151 86 118 249 243 204 64 10 3 99 127 63 148 87 242 13 157
    200 84 110 2 198 13 157 248 245 151 139 168 190 98 152 63 49 76 86
    106 173 75 144 252 241 201 151 73 242 104 63 178 233 243 250 6 85 50
    81 189 17 173 82 141 165 222 236 68 32 151 0 119 229 207 45 84 136
    183 240 117 141 252 121 238 43 202 127 174 158 191 2 140 251 150 78
    105 71 75 255 88 30 155 172 232 90 3 106 105 71 194 54 2 229 216 246
    64 124 160 5 58 215 112 203 78 179 94 194 5 219 131 172 102 91 144
    53 90 119 96 224 78 147 3 213 54 237 225 93 26 91 105 136 188 185
    200 8 77 204 54 81 188 98 157 68 42 193 89 70 145 62 20 241 24 227
    227 96 204 116 104 246 136 53 104 193 126 227 47 182 64 116 103 106
    39 203 106 118 196 149 131 26 142 108 31 26 70 49 221 140 188 231 64
    20 2 234 3 148 97 206 199 229 181 3 5 144 17 153 254 176 53 18 251
    13 124 172 134 34 174 96 9 14 100 20 14 169 77 7 168 254 160 143 69
    245 49 81 148 202 15 61 24 166 29 7 178 47 130 25 232 46 60 139 44
    252 81 26 214 164 145 241 2 35 159 188 15 12 128 96 163 35 68 128
    229 93 34 103 220 254 99 193 233 220 157 117 108 125 120 117 148 183
    215 30 98 55 193 159 176 172 253 164 225 138 235 37 87 9 70 87 147
    148 135 55 202 27 143 230 171 75 229 21 4 207 224 173 92 47 14 162
    187 67 31 65 95 212 148 18 55 114 120 210 178 130 109 66 170 188 184
    87 231 165 109 60 49 127 90 180 254 25 97 10 47 145 62 25 238 123 56
    123 27 190 46 208 174 24 122 157 1 21 3 203 235 122 50 219 211 238
    51 194 139 26 223 173 180 47 130 254 234 167 111 15 219 47 175 193
    172 140 54 78 31 174 173 32 44 0 152 158 200 93 133 196 189 134 124
    174 21 54 13 248 127 18 205 28 146 13 245 243 59 201 173 46 35 122
    178 161 35 56 21 122 42 170 243 78 122 172 11 87 31 132 189 216 216
    2 137 161 235 230 200 16 38 160 159 113 31 187 203 116 152 17 34 220
    136 192 204 203 231 159 99 27 198 100 52 128 193 204 77 252 167 34
    10 201 162 198 142 9 44 1 54 43 251 189 168 133 242 128 187 140 187
    47 91 175 207 171 130 140 155 132 136 127 3 128 3 25 132 253 12 57
    181 136 73 156 238 11 155 190 74 112 203 126 88 102 106 171 86 129
    88 194 1 212 220 155 77 135 81 93 8 149 153 167 141 0 24 184 132 212
    95 214 209 46 238 77 143 145 185 244 180 5 77 248 98 50 211 48 95
    246 161 219 98 12 84 15 84 170 43 235 228 90 28 108 163 64 106 82 57
    204 24 136 224 91 228 177 88 239 140 98 118 166 57 45 73 17 59 182
    203 243 207 26 182 94 18 207 213 44 34 234 179 48 228 133 106 52 215
    192 70 64 153 217 19 207 17 32 232 198 117 84 117 174 182 170 235 17
    76 233 47 210 70 62 44 216 216 245 219 124 73 133 114 130 115 112 15
    96 67 27 227 75 132 183 13 197 208 3 148 83 132 170 135 176 156 202
    197 131 246 96 167 74 139 40 91 81 111 248 214 88 133 21 174 148 35
    134 0 155 147 59 175 188 200 15 94 202 165 111 247 160 44 102 175 15
    11 145 72 210 164 184 215 175 32 0 27 103 61 230 126 42 10 69 253
    224 26 5 67 146 68 81 42 237 173 156 165 14 167 189 157 170 186 13
    206 44 209 133 148 165 129 194 110 121 72 93 219 9 122 218 29 98 238
    169 60 94 64 228 204 228 129 196 103 179 24 180 169 84 63 67 39 47
    114 90 36 237 128 84 45 50 79 188 232 46 132 62 3 230 0 145 70 173
    88 194 224 156 79 227 158 199 92 2 174 78 33 5 237 211 214 3 169 119
    165 254 65 24 13 30 178 110 210 35 77 73 249 145 227 93 197 223 178
    23 111 161 12 94 77 98 56 232 227 35 94 4 208 78 155 49 192 203 247
    232 66 242 211 65 18 185 30 249 4 208 8 216 97 30 89 219 13 186 151
    75 187 240 199 214 32 108 58 101 193 120 63 248 211 3 214 79 226 179
    126 43 23 133 140 52 43 155 203 151 133 212 127 181 88 144 27 62 254
    113 142 139 145 194 97 227 35 57 19 145 225 197 244 237 255 72 35 43
    244 129 28 58 159 76 63 208 153 124 149 184 88 235 157 176 87 190
    212 213 148 203 152 106 65 58 121 137 153 211 160 245 109 233 18 154
    217 227 5 77 223 73 39 41 176 230 171 77 7 83 37 240 26 182 155 82
    138 201 198 90 21 138 197 4 26 145 79 63 62 69 63 40 16 112 230 97
    216 210 77 43 149 62 171 75 251 45 141 22 217 125 113 60 125 47 95
    134 28 27 117 17 130 94 64 70 234 187 251 229 182 149 54 136 19 11
    214 116 232 98 104 252 170 221 183 194 203 5 129 231 63 16 15 194 99
    79 222 79 100 7 238 68 108 25 55 189 159 106 103 215 153 225 226 100
    13 128 163 59 236 204 239 11 148 109 134 123 238 198 159 50 82 159
    134 192 210 64 36 107 40 212 219 82 187 103 95 157 252 215 53 10 178
    71 64 24 100 83 241 236 143 52 205 17 109 206 76 106 144 106 234 80
    160 147 226 240 121 196 199 170 176 155 38 104 113 244 162 117 8 112
    179 161 186 117 96 121 131 101 223 208 220 31 236 229 183 116 59 13
    19 1 116 98 144 67 116 109 77 21 148 188 106 87 28 226 44 142 221
    180 218 2 186 54 190 212 103 165 34 137 39 61 247 11 87 253 226 109
    29 4 218 190 237 122 205 73 187 233 245 233 130 199 148 49 137 57
    213 100 108 162 95 118 112 163 231 149 13 167 154 154 214 17 53 30
    16 142 142 253 166 160 188 155 72 90 57 86 29 170 228 26 17 197 119
    195 35 115 38 5 95 117 48 13 181 216 167 48 205 171 177 136 18 163 2
    27 190 75 38 41 127 173 188 56 174 45 159 16 65 231 184 57 101 125
    196 179 206 95 255 237 108 68 11 224 243 194 68 121 58 250 34 143
    246 215 0 88 0 229 227 195 119 141 204 120 92 210 240 168 182 221
    137 20 133 43 189 161 218 198 221 26 205 96 13 141 158 142 117 51
    207 142 104 42 22 65 39 246 87 215 61 73 87 8 205 251 144 3 171 188
    147 204 171 213 69 57 244 63 210 65 222 176 135 53 213 188 40 103
    195 115 241 204 123 240 56 42 168 156 58 200 224 179 40 243 101 2
    113 67 74 202 253 176 29 178 192 200 7 219 44 245 232 164 217 93 35
    82 30 24 254 210 145 36 73 208 47 230 72 176 215 152 104 11 136 98
    12 117 136 152 30 103 24 136 39 151 32 197 19 83 76 204 116 249 240
    23 213 32 138 169 139 6 186 141 209 204 104 98 29 33 43 200 105 102
    14 29 60 243 28 98 87 217 34 31 29 121 246 212 77 106 203 166 97 110
    132 189 91 46 121 97 101 56 213 243 98 202 131 18 68 188 250 90 80
    232 73 203 104 112 163 137 243 138 148 195 219 207 206 52 98 35 3 23
    132 180 33 245 27 214 236 254 14 39 103 82 223 126 200 63 208 134
    174 151 12 186 253 85 179 137 230 118 239 176 177 106 119 28 123 104
    15 176 144 97 225 207 190 4 179 116 211 120 43 206 10 163 131 114
    230 101 148 248 160 205 217 107 167 55 116 252 12 117 190 176 166 78
    119 241 31 137 81 104 46 182 254 75 15 185 225 66 40 153 196 67 67
    174 155 94 150 243 172 242 150 195 156 250 71 72 0 199 200 50 117
    102 228 223 104 83 149 210 36 45 203 24 109 124 117 82 149 250 146
    246 43 164 70 203 254 122 239 63 253 203 139 53 180 162 155 176 195
    166 56 180 220 108 243 143 207 213 130 91 36 221 83 221 34 247 100
    184 210 216 129 215 204 37 105 32 88 132 232 171 120 22 89 147 159
    25 103 163 232 70 243 37 121 211 120 97 248 31 20 240 254 86 179 165
    185 144 246 52 190 245 206 225 202 12 60 152 62 5 249 219 124 12 163
    210 78 37 6 80 194 186 30 11 49 22 196 132 179 86 21 253 27 113 40
    98 53 50 98 108 146 240 122 71 112 210 221 98 86 84 236 51 15 236
    225 220 136 210 39 209 11 95 162 247 25 85 160 77 208 154 117 34 14
    7 237 183 203 38 217 70 64 46 204 164 238 118 80 12 27 74 131 13 214
    85 95 189 175 164 175 192 182 90 64 58 107 202 59 135 110 13 111 24
    108 120 189 71 3 26 62 109 40 125 202 220 78 145 22 229 138 171 95
    213 86 167 47 26 162 78 166 192 75 94 42 58 144 127 100 63 231 29 25
    116 219 141 221 160 158 79 253 119 90 172 143 233 103 164 196 189
    180 68 24 149 27 199 213 53 68 165 146 126 250 45 148 103 236 224
    212 84 76 63 209 1 18 24 158 131 56 15 173 165 84 254 14 228 181 23
    69 76 95 234 143 189 48 182 152 14 173 8 14 174 123 203 161 2 0 53
    16 144 245 117 174 242 162 185 108 221 107 255 59 60 111 130 43 232
    215 14 222 192 72 92 118 56 116 82 14 43 231 184 190 25 21 23 142 53
    215 40 156 41 114 166 188 140 139 43 36 2 140 14 239 249 97 71 126
    108 103 197 197 141 57 189 158 202 250 32 226 159 135 234 151 195
    185 4 229 125 123 83 248 154 114 220 85 67 100 162 239 27 165 221 16
    219 138 135 17 147 2 62 126 101 152 151 4 138 87 33 161 27 200 145
    111 102 116 249 190 224 215 12 207 200 0 77 231 52 21 79 138 57 206
    97 116 189 244 183 220 65 55 51 134 74 39 102 115 241 254 135 224 66
    177 29 2 227 201 174 249 182 245 208 241 75 33 24 251 240 155 196
    231 181 115 137 233 47 94 104 249 26 214 135 178 110 71 91 83 53 32
    98 95 251 209 41 66 14 242 25 243 218 195 57 233 112 72 98 193 141
    217 147 197 175 30 34 194 105 6 220 155 84 250 42 53 240 0 76 68 7
    166 243 253 78 187 172 10 24 101 163 213 7 53 188 179 17 247 191 113
    227 13 133 161 118 117 188 132 75 28 116 229 115 139 166 252 62 55
    61 222 62 8 3 248 251 160 18 203 124 179 64 217 241 74 96 146 67 153
    185 176 139 108 243 218 242 140 16 186 55 31 7 159 191 151 80 162
    250 16 12 124 102 155 245 125 100 235 20 109 159 252 153 161 152 161
    157 121 20 72 195 86 43 94 91 123 33 248 179 79 185 130 186 53 186
    186 167 234 150 53 163 95 207 176 143 61 42 191 171 96 26 39 171 40
    223 229 242 243 113 23 179 55 65 83 110 152 223 172 131 73 124 156
    176 241 40 212 55 167 31 177 112 255 43 101 174 207 210 255 56 19
    122 146 58 249 14 225 152 177 71 168 33 243 32 27 21 97 157 61 245
    140 42 155 47 248 54 200 227 130 40 70 72 185 54 72 185 178 138 152
    31 107 22 18 127 78 218 88 64 96 173 79 164 254 231 46 36 14 41 100
    84 213 106 82 213 99 120 201 40 44 166 166 216 180 199 38 149 214
    126 33 42 18 54 168 176 30 244 195 218 74 213 191 33 61 242 83 130
    70 63 178 99 123 34 10 180 137 70 173 248 230 33 89 123 42 180 86 98
    35 43 2 221 72 144 189 93 163 77 60 16 15 235 100 82 235 107 71 175
    154 66 65 254 242 190 44 105 102 56 179 205 170 9 231 110 246 171 17
    134 188 32 70 31 38 76 172 7 142 89 219 153 175 57 150 119 24 133
    112 19 14 159 188 186 177 113 44 4 169 218 87 129 75 252 160 146 106
    254 188 55 229 48 11 30 124 91 192 150 150 206 138 7 37 192 105 178
    167 38 219 5 182 182 157 242 192 69 73 196 44 213 90 22 67 237 39
    212 33 181 122 27 10 12 177 223 176 3 174 245 165 27 116 37 228 75
    18 241 192 227 125 47 201 143 3 128 215 15 67 169 23 233 202 53 59
    224 220 218 219 118 6 130 206 127 88 208 21 29 170 222 3 148 24 198
    76 223 219 106 11 249 189 135 51 113 15 30 133 202 143 236 73 191
    208 164 242 146 125 218 229 91 28 82 187 229 223 117 19 24 59 49 255
    95 153 141 223 204 155 175 59 226 128 24 14 17 85 75 232 0 32 177
    169 208 190 141 225 93 127 17 186 160 26 140 83 237 239 147 179 218
    111 231 45 211 115 21 176 80 177 17 66 187 62 179 57 254 67 89 106
    32 208 61 176 58 80 231 104 72 21 61 38 11 188 15 128 223 61 31 42
    75 155 53 120 218 195 115 117 167 166 122 50 47 82 59 164 254 179
    157 77 172 99 136 255 236 102 119 44 51 175 86 213 73 63 207 139 113
    128 105 181 208 26 45 126 179 155 60 40 226 61 252 53 37 126 107 249
    90 246 111 103 170 81 168 24 222 1 76 59 191 22 60 83 234 16 166 87
    42 249 83 207 205 141 247 232 66 128 1 28 0 9 208 14 117 189 195 89
    55 217 17 58 149 154 71 63 27 84 142 196 232 194 23 208 155 225 255
    198 57 76 45 49 190 45 63 43 112 82 154 160 247 113 104 231 158 60
    173 93 206 242 125 130 165 42 90 121 36 204 40 113 219 74 19 197 34
    40 84 42 214 51 72 194 83 202 147 189 99 13 215 125 149 235 198 255
    101 80 146 182 18 60 177 79 58 65 160 144 232 103 9 42 164 213 227
    37 165 73 164 50 35 200 62 159 187 11 146 217 62 6 175 159 230 146
    125 88 226 198 41 150 70 186 248 60 199 255 151 202 6 0 243 166 205
    187 111 20 108 91 85 115 142 163 21 183 188 140 225 196 241 126 10
    94 109 104 186 47 51 175 174 153 126 247 104 66 23 172 216 188 46
    191 18 13 228 234 28 22 201 190 192 198 18 172 55 14 218 157 225 158
    105 236 74 139 2 191 66 234 109 78 10 111 90 225 184 26 253 21 50
    155 7 107 162 9 241 213 243 228 203 72 233 100 196 64 61 152 160 78
    135 212 246 250 177 141 76 163 162 61 181 69 156 166 34 137 95 172
    197 37 178 254 189 227 50 162 89 161 141 30 96 46 30 129 187 180 93
    62 156 149 199 203 93 100 133 82 133 176 132 95 45 252 50 164 94 114
    54 37 10 222 182 86 251 127 142 147 116 176 234 217 170 85 10 161
    164 102 175 225 61 81 17 100 75 144 244 139 155 49 217 150 43 116
    135 199 139 236 19 254 126 158 242 64 70 33 41 100 28 125 174 16 51
    92 55 108 150 125 139 203 170 86 222 133 96 168 106 255 54 61 184 42
    73 215 214 66 5 179 9 142 123 154 167 115 145 42 75 11 79 189 59 228
    48 143 239 45 68 138 221 9 25 37 103 34 66 45 24 158 53 187 12 187 6
    96 62 62 23 184 110 180 90 236 136 175 231 248 221 215 152 41 254
    248 51 228 191 81 42 130 191 232 143 118 109 46 219 21 4 188 79 21
    135 162 0 229 71 19 196 12 249 134 167 183 152 172 101 113 248 73 55
    43 200 94 194 243 203 78 95 237 226 59 135 25 115 215 61 222 169 55
    202 30 132 119 134 169 193 60 208 6 255 63 132 91 179 135 70 134 240
    76 7 171 35 100 79 114 221 221 73 93 103 88 235 85 57 241 48 66 6
    187 138 107 146 109 104 240 160 195 170 149 26 53 211 239 116 157 81
    222 187 255 47 71 239 106 96 70 110 186 247 38 216 166 22 8 21 175
    89 136 39 232 56 120 244 202 209 33 242 46 79 58 199 7 153 4 76 104
    128 70 241 217 130 184 83 144 17 46 245 46 217 54 136 0 156 52 120
    151 244 120 242 121 173 9 45 63 200 94 84 82 182 81 110 40 139 177
    136 249 96 146 105 28 236 12 85 231 254 19 243 214 221 173 15 66 251
    245 172 86 167 56 182 54 234 207 44 168 8 176 203 245 209 5 21 20
    234 59 219 190 184 43 203 190 4 129 51 193 82 166 231 207 155 240
    229 205 158 58 200 30 129 32 9 231 2 192 133 163 49 82 2 45 26 56
    129 248 159 163 201 215 127 151 66 165 147 204 177 86 212 68 125 133
    194 97 192 76 186 63 130 229 1 203 238 126 158 82 163 25 181 22 77 9
    56 115 50 52 193 35 84 48 196 212 57 100 178 149 163 178 19 134 70
    229 32 74 130 78 49 92 246 143 41 53 119 89 60 61 232 240 202 58 70
    193 144 11 205 198 162 7 87 35 231 206 255 154 130 121 31 208 110 54
    132 186 69 176 26 41 31 213 14 219 113 88 124 237 69 195 74 109 218
    146 181 250 93 135 131 192 146 58 125 189 175 213 39 105 180 65 2 89
    134 205 195 74 224 18 107 94 246 142 27 6 198 210 117 191 95 3 195
    191 246 106 246 125 14 182 123 147 138 110 212 113 66 12 6 12 251
    250 153 49 210 180 128 115 108 185 187 104 191 74 159 97 206 146 177
    60 109 226 17 26 168 12 241 122 102 62 239 251 32 215 203 254 10 237
    85 173 136 175 144 252 38 156 22 108 217 126 137 41 33 138 164 163
    20 164 62 36 101 15 130 3 86 81 9 52 163 76 98 250 149 240 12 194 30
    62 3 21 127 156 180 40 17 146 52 15 119 83 50 126 248 248 69 69 192
    161 107 195 181 129 46 83 219 183 5 61 214 133 225 79 124 162 103
    208 230 141 220 161 133 124 47 35 143 9 179 214 131 99 0 164 127 38
    239 195 232 153 132 67 3 236 202 72 248 141 104 143 108 14 155 127
    246 31 71 170 27 48 107 209 101 98 142 69 242 151 139 161 185 173 55
    99 70 143 137 253 29 44 56 140 222 249 63 28 123 191 187 237 137 4
    12 71 6 231 120 40 19 148 111 69 245 70 139 220 86 205 129 139 178
    207 129 83 202 60 122 138 89 236 248 164 5 91 79 157 61 123 129 179
    242 58 70 26 39 197 41 207 19 83 243 164 40 90 50 45 189 141 161 204
    153 152 118 157 53 77 187 143 1 100 233 252 136 84 106 66 121 157
    144 57 123 101 186 101 55 225 157 103 175 211 113 49 244 139 218 247
    189 86 167 51 162 144 240 27 134 50 73 217 91 194 119 37 147 126 240
    149 254 21 218 142 187 48 238 245 139 220 177 104 102 2 237 187 233
    195 207 203 116 228 115 243 76 133 15 178 253 37 240 78 185 114 0 18
    171 54 117 160 228 39 66 198 201 2 184 160 122 4 252 151 237 104 115
    75 106 134 202 145 97 186 36 17 63 22 194 66 176 14 80 60 4 48 219
    174 107 233 153 131 72 33 44 108 186 212 237 186 55 198 57 57 19 178
    182 88 31 113 43 144 0 92 25 163 13 96 95 93 249 186 58 97 95 28 108
    24 233 208 219 36 164 11 102 171 36 243 150 9 27 183 253 27 117 51
    170 118 56 249 123 145 212 167 18 168 129 169 225 1 61 50 24 169 218
    160 53 109 142 229 235 106 210 223 213 222 0 244 69 86 171 229 45 80
    166 58 90 98 74 205 206 72 246 101 13 102 139 123 24 217 251 211 230
    100 128 209 72 90 51 72 53 160 203 112 26 97 247 49 247 9 254 32 237
    237 3 116 49 55 123 82 65 163 183 92 61 77 73 24 153 118 167 191 60
    211 155 190 151 35 100 138 159 239 171 228 223 31 182 242 159 170 16
    167 206 174 31 233 18 1 138 146 8 107 76 173 1 64 114 247 147 211
    130 57 152 15 15 64 89 94 203 161 18 142 115 165 190 149 199 41 128
    60 231 90 88 142 113 5 31 28 74 192 40 113 173 36 111 75 216 212 212
    249 128 49 238 250 56 121 54 11 215 69 30 137 147 107 249 146 229 83
    124 152 102 218 45 21 217 44 56 178 135 85 122 5 126 24 230 6 1 141
    199 92 15 130 66 125 47 43 142 128 168 78 73 162 30 153 73 72 50 200
    215 164 93 90 64 221 114 89 50 124 109 180 41 156 89 186 169 177 241
    195 7 63 113 68 171 211 135 128 22 13 157 141 16 109 63 73 189 167
    234 67 252 56 147 12 93 209 169 212 238 224 173 164 46 254 145 101
    51 240 2 42 116 175 12 174 51 246 161 106 107 185 221 115 204 236 25
    246 251 159 37 250 202 93 193 199 232 42 27 76 202 45 116 139 150 17
    194 158 194 197 134 107 203 15 111 134 70 78 172 38 96 1 151 186 241
    172 142 43 24 113 179 156 112 179 227 194 183 244 205 235 105 43 180
    25 21 53 84 249 40 25 233 206 42 195 116 28 109 233 3 196 17 110 215
    80 151 50 62 196 209 21 140 193 102 133 164 80 121 73 205 37 165 2
    105 120 196 36 99 243 164 198 22 58 149 125 21 194 85 249 102 92 90
    124 145 222 37 76 134 24 210 84 160 81 130 178 134 152 72 199 112 57
    230 225 24 58 4 63 162 131 152 127 7 125 214 136 176 238 46 83 184
    13 37 40 38 193 178 214 108 19 245 2 98 218 219 27 26 148 6 205 116
    184 241 74 241 51 35 243 149 243 113 165 221 112 23 189 167 58 98
    242 200 102 251 98 148 136 212 12 132 159 134 13 188 88 223 196 60
    239 107 19 111 169 104 62 44 234 194 54 194 1 133 1 150 121 184 18
    226 251 156 79 65 149 79 208 251 193 6 234 145 81 13 112 201 192 175
    244 127 232 138 28 163 10 222 1 212 21 148 146 243 102 53 191 201
    190 214 106 179 66 13 157 255 80 247 124 153 130 8 21 167 204 171
    241 69 7 89 26 186 60 159 1 106 18 7 224 200 95 14 182 15 104 16 215
    88 222 29 147 124 220 91 20 130 237 7 67 40 149 228 37 136 146 116
    150 184 35 111 233 8 188 85 181 147 231 101 37 39 217 141 243 104
    139 97 187 143 98 126 5 35 11 243 149 19 196 189 131 90 149 82 194
    33 24 226 247 121 210 184 194 164 107 196 8 31 227 123 103 56 80 205
    232 187 109 44 224 155 36 241 250 4 235 26 18 12 120 67 199 197 227
    145 28 175 199 125 47 114 225 231 70 57 128 89 138 31 62 222 14 250
    95 126 94 100 104 254 108 138 146 140 144 75 137 208 43 104 86 222
    88 86 118 46 162 41 70 235 18 107 195 174 82 94 158 19 162 250 79 82
    68 183 240 213 251 80 212 187 89 101 215 86 216 144 166 143 57 91
    227 63 28 137 124 161 34 65 187 147 70 82 119 195 17 68 246 101 90
    57 172 45 130 220 237 18 177 9 217 25 100 241 35 222 180 193 109 244
    169 255 231 224 211 48 140 16 5 241 96 34 102 65 69 13 161 108 111
    86 210 225 217 55 76 96 86 199 245 13 122 185 59 83 194 250 158 59
    40 73 163 197 172 25 84 216 59 163 49 170 144 58 92 253 208 51 186
    30 147 138 47 107 166 64 107 50 229 80 251 146 121 26 89 223 205 174
    6 121 253 185 228 196 176 139 123 119 131 217 22 17 18 109 28 100
    167 150 74 63 233 202 89 141 227 245 176 35 56 96 239 199 191 174
    243 113 238 22 251 122 163 55 191 138 243 230 90 110 32 151 53 59 12
    170 108 165 247 219 95 46 31 87 2 236 213 188 97 197 153 115 31 55
    83 61 253 186 75 156 124 241 255 187 23 115 118 119 142 226 25 202
    104 23 106 172 24 64 197 9 109 64 151 86 172 44 31 92 218 57 202 153
    26 147 64 252 82 201 240 203 48 151 13 5 16 58 147 238 99 223 10 16
    165 181 134 157 188 104 171 218 103 76 56 83 68 3 36 111 185 145 26
    67 64 164 177 101 43 133 71 88 219 25 125 235 80 216 98 110 16 227
    142 41 54 37 95 173 81 12 178 49 179 231 197 243 247 15 147 171 30
    57 24 181 53 200 203 53 109 159 9 53 44 29 5 211 12 156 189 57 160
    240 85 104 108 65 199 190 214 104 214 160 148 30 149 8 85 246 9 131
    246 19 228 247 99 2 61 155 60 181 13 23 187 210 236 131 43 137 30
    215 36 19 192 31 7 132 94 235 94 204 66 35 228 44 4 117 248 93 211
    61 121 152 25 249 177 209 177 154 74 29 39 211 163 83 19 219 14 122
    248 81 21 38 203 184 236 157 81 206 152 253 136 207 212 214 229 133
    244 120 122 36 3 229 114 111 139 200 41 48 173 124 119 120 243 44 41
    95 72 79 156 144 78 100 195 183 67 80 217 136 247 212 54 189 211 62
    253 205 63 5 153 144 86 231 66 237 10 86 117 238 192 201 100 115 251
    215 113 9 179 182 163 35 229 251 65 27 3 210 231 140 236 8 113 216
    58 20 149 133 118 80 206 218 146 69 192 243 18 57 134 67 184 206 28
    243 161 250 211 3 177 39 147 177 92 77 94 24 245 31 112 65 38 98 169
    55 90 90 97 228 208 52 222 51 247 91 193 81 144 55 51 20 238 106 52
    20 139 213 142 3 188 224 245 168 189 187 58 33 248 115 64 242 222
    143 158 77 153 228 96 188 102 236 27 153 41 48 73 123 184 178 11 69
    141 144 103 235 59 154 153 172 229 116 112 37 239 169 83 55 189 70
    27 2 0 154 149 87 14 246 112 46 111 163 241 241 119 61 254 210 10
    106 154 226 33 140 26 38 175 238 22 17 221 38 55 243 28 110 36 141
    104 199 190 190 77 63 7 150 237 75 174 142 104 201 250 210 181 67
    163 20 134 212 177 191 253 100 31 115 176 133 110 79 249 51 247 173
    42 15 15 180 32 99 124 239 78 107 172 136 86 39 169 228 158 170 132
    219 94 64 200 203 136 189 183 34 202 114 141 147 38 50 75 136 148 55
    196 29 153 255 190 156 159 155 210 55 119 104 137 140 213 242 46 212
    180 196 112 20 235 79 135 254 101 78 216 171 34 58 113 118 253 131
    233 78 227 2 72 105 186 167 80 224 131 79 225 208 59 113 79 157 151
    58 247 173 0 152 5 179 231 131 178 56 233 58 110 43 192 97 104 193
    127 155 62 36 43 50 98 168 191 54 247 176 94 210 29 168 2 224 65 154
    64 10 184 51 102 41 125 76 55 40 39 150 165 7 202 121 33 56 15 46
    136 211 133 237 64 1 42 3 63 65 52 147 60 99 216 14 92 38 87 93 185
    96 70 248 241 219 49 74 124 113 17 183 227 14 8 59 236 151 117 175
    118 159 170 144 154 57 132 218 115 234 159 148 95 212 28 148 176 192
    193 202 1 49 6 84 212 51 14 121 201 207 63 171 99 148 179 173 29 77
    211 77 71 52 167 123 150 119 176 110 125 70 246 198 251 115 250 222
    171 112 87 4 240 93 75 54 185 67 139 230 199 164 206 243 215 99 84
    164 52 153 61 212 24 137 205 207 159 220 195 100 255 171 155 202 223
    5 16 219 6 113 63 255 157 127 23 246 252 91 108 42 118 190 117 65
    205 140 110 111 209 12 178 152 225 2 103 221 24 107 148 189 187 19
    209 62 236 206 167 9 23 114 145 14 99 78 211 53 210 218 14 18 247
    201 19 241 69 69 44 31 124 64 70 36 232 19 109 178 218 136 58 240
    171 127 225 143 153 77 55 207 208 70 88 87 19 22 246 66 220 90 134
    243 113 154 117 53 182 47 71 247 89 105 220 113 225 184 10 196 35
    243 178 179 243 245 187 180 151 110 131 92 87 141 82 159 171 101 1
    144 142 133 243 113 24 36 192 153 85 209 222 223 13 65 171 90 190
    218 34 56 170 95 162 232 215 36 156 82 8 124 216 214 99 168 127 178
    106 199 206 127 189 165 95 101 230 134 71 80 77 249 221 48 90 175
    224 255 142 202 31 105 180 216 165 199 192 230 132 9 124 92 71 79
    198 171 76 157 143 10 7 46 183 239 21 63 235 89 58 101 53 67 15 139
    179 182 202 153 167 147 120 75 230 206 10 71 229 133 56 248 133 217
    59 158 216 37 228 163 27 43 37 203 68 185 177 177 39 215 80 232 123
    167 69 189 1 242 9 149 167 46 195 232 18 241 73 102 251 23 66 60 29
    246 208 91 241 198 232 72 200 34 95 164 7 66 22 204 248 37 133 59 22
    124 210 46 112 20 87 77 127 156 69 103 28 188 125 202 200 46 177 87
    83 29 151 249 23 154 180 36 14 27 86 108 120 132 221 227 255 209 119
    211 245 212 155 43 78 128 204 132 146 239 22 147 179 207 63 131 160
    249 127 225 240 240 46 58 239 8 190 18 207 167 29 44 194 87 43 23
    130 26 39 94 185 8 61 89 244 19 150 207 134 92 41 197 206 56 172 16
    35 197 148 138 59 52 212 109 129 74 100 227 89 144 250 98 78 132 4
    94 215 146 132 234 13 137 11 52 29 225 16 180 224 17 82 64 165 66
    219 84 216 215 80 152 201 97 18 231 197 148 179 126 88 4 26 186 197
    138 55 33 78 227 199 121 0 19 30 175 129 137 157 155 152 192 227 120
    30 115 175 8 145 170 251 9 185 218 229 48 66 92 197 225 242 231 11
    248 189 189 166 170 249 115 239 223 151 155 246 192 207 227 29 83 40
    161 83 33 196 76 8 94 64 16 144 198 73 181 216 210 221 9 22 32 40
    254 133 24 245 176 122 49 63 137 76 93 57 213 140 60 29 158 117 223
    198 208 151 114 77 255 21 57 244 49 169 151 90 193 84 61 56 209 76
    132 21 31 42 216 150 130 32 58 247 111 77 28 165 199 121 27 235 161
    3 64 47 251 59 131 90 91 31 233 97 249 245 101 49 90 251 83 123 1
    161 136 134 234 145 112 38 201 220 222 35 200 236 211 200 107 95 217
    244 104 34 120 134 184 196 6 219 27 132 4 88 7 100 77 174 106 200
    199 119 133 243 106 155 218 36 60 168 223 213 245 172 76 131 84 32
    146 127 128 137 52 82 162 4 111 217 67 20 182 208 139 22 73 72 157
    179 43 21 237 110 230 75 52 144 192 12 144 196 175 29 165 17 175 13
    155 31 14 137 134 41 48 205 89 15 210 48 240 122 4 234 211 50 31 208
    249 221 186 254 40 184 60 217 34 195 114 0 184 97 248 45 164 66 53
    38 251 6 202 137 64 101 105 135 73 137 163 124 67 57 193 32 20 111
    11 121 122 94 22 252 3 235 207 100 172 109 50 10 143 46 120 229 47
    127 199 119 74 99 16 135 137 106 102 48 211 117 227 241 96 102 79
    255 114 94 225 201 241 232 245 175 121 156 195 135 251 178 143 87 13
    44 64 181 34 163 166 169 234 144 185 214 209 150 99 36 74 166 222 84
    149 153 128 42 138 83 98 218 67 188 82 246 58 151 75 174 77 122 146
    96 139 240 251 196 81 246 183 87 102 201 100 102 208 62 252 174 165
    225 159 186 17 80 204 39 206 203 25 114 74 104 28 77 209 238 75 200
    4 196 135 184 175 91 82 149 135 120 174 121 33 172 114 59 16 162 41
    117 152 83 226 72 130 99 48 163 244 117 10 202 248 63 81 245 177 144
    221 194 201 141 14 77 240 40 212 252 31 151 231 201 228 5 74 160 105
    191 17 250 9 123 253 15 229 101 49 152 180 14 50 7 199 184 133 53 31
    115 161 21 212 71 91 216 231 140 125 226 197 213 11 173 183 61 62
    165 25 126 35 166 2 206 138 23 63 87 176 220 76 17 246 103 67 138 2
    240 38 110 222 174 231 226 96 173 31 249 243 133 241 129 160 147 157
    202 185 202 160 172 103 72 175 204 196 43 152 8 31 254 150 154 98
    117 34 8 249 8 196 13 18 10 75 206 246 171 154 11 164 159 32 174 140
    94 159 159 131 141 24 107 175 25 182 3 103 251 246 210 39 251 208
    106 119 100 118 96 181 215 87 246 217 255 238 98 93 1 144 103 148 11
    250 137 155 213 23 180 47 174 122 127 78 169 91 128 76 48 222 43 51
    219 135 162 110 100 42 103 245 80 44 81 53 133 95 247 206 186 0 9 77
    191 216 26 164 47 32 147 116 231 18 229 133 130 118 38 177 144 248
    41 103 110 133 252 153 85 244 146 117 76 44 120 122 81 152 138 58 8
    4 3 77 160 2 106 35 177 247 53 81 63 151 203 153 28 169 178 76 55
    190 103 105 157 196 133 158 182 254 27 205 211 43 27 111 60 55 213
    208 120 49 50 192 117 153 33 34 52 116 211 41 43 166 23 130 120 82
    83 239 207 191 212 155 18 133 129 0 42 216 15 226 159 72 10 216 249
    165 212 44 49 59 68 222 96 93 22 70 223 231 36 53 202 80 244 180 40
    47 8 82 245 203 223 104 1 244 116 125 69 176 223 138 100 238 138 160
    113 17 229 16 168 184 46 157 94 70 246 118 221 71 99 220 110 78 106
    59 156 89 68 33 57 134 84 34 186 188 126 103 96 175 255 208 206 96
    203 151 184 227 190 193 190 168 255 64 245 246 224 186 26 40 157 169
    234 211 67 42 73 3 170 92 48 136 220 13 191 134 243 48 7 51 17 85
    173 188 152 127 85 255 254 101 13 103 90 66 19 86 125 228 125 183 51
    60 130 128 79 119 218 76 44 50 187 221 203 164 17 81 98 48 100 10 46
    244 90 77 88 245 96 227 75 225 85 76 111 8 110 39 66 90 230 252 20
    104 97 66 191 146 55 53 241 100 75 247 214 39 229 83 95 149 211 242
    39 87 195 106 61 149 103 220 48 23 77 228 53 99 133 197 212 148 1
    236 161 236 83 148 41 121 68 88 224 157 116 6 32 251 83 137 99 193
    135 170 240 50 159 45 26 138 88 7 49 248 128 223 84 60 51 46 236 30
    189 175 37 140 57 105 238 129 247 92 239 234 133 72 21 101 13 82 109
    194 27 225 56 10 170 71 117 175 170 44 11 146 206 139 176 94 145 28
    71 126 46 170 84 74 211 151 228 144 178 243 165 28 88 174 8 65 113
    179 50 41 155 56 63 23 78 120 116 153 111 221 207 74 233 102 224 233
    182 4 115 62 130 221 229 70 28 208 48 89 173 49 7 248 225 54 142 160
    163 137 170 174 165 239 177 40 83 160 155 225 238 207 247 2 49 201
    111 137 123 156 27 151 99 0 35 196 182 118 105 197 250 125 3 196 24
    166 207 241 171 175 83 157 60 6 198 79 252 120 121 243 122 196 231
    175 14 209 40 246 249 168 118 19 135 98 246 97 179 211 210 53 249
    110 38 130 132 49 227 173 120 112 183 52 215 242 207 149 228 99 16
    131 74 158 167 123 102 33 17 202 106 191 152 4 227 24 6 207 171 222
    46 126 97 254 198 74 218 24 97 236 216 144 144 94 219 199 9 100 9
    246 67 99 18 86 6 206 45 189 56 126 103 241 59 205 21 123 113 221
    212 208 55 242 29 232 216 166 225 83 65 136 148 186 39 212 212 139
    65 117 226 118 137 132 200 146 170 249 21 16 43 23 149 207 44 206
    246 46 41 230 126 109 61 145 152 227 240 78 81 36 172 12 120 166 64
    197 34 207 184 248 208 181 247 215 125 40 93 106 135 93 124 14 147
    113 100 220 142 89 17 221 141 73 249 199 15 242 64 191 141 68 193
    113 250 121 56 95 191 214 53 50 93 138 125 5 88 245 252 24 127 151
    189 114 142 69 122 53 91 181 226 124 183 247 61 138 241 253 90 20 31
    97 31 120 124 248 38 214 31 205 157 42 95 199 200 2 191 242 165 2 23
    138 15 15 236 180 60 223 164 29 5 103 250 169 127 4 153 200 36 244
    204 202 6 93 205 229 164 183 33 222 247 112 137 167 201 152 62 158
    237 83 117 87 229 192 208 162 245 104 234 187 204 99 236 199 8 103
    65 31 131 159 60 96 30 253 153 123 217 11 155 24 102 41 230 133 35
    91 246 84 234 55 83 110 237 94 217 66 150 75 130 11 45 23 15 1 128
    97 201 55 147 48 25 14 86 165 10 221 17 156 48 206 247 182 200 144
    146 207 83 93 92 220 223 31 105 124 26 134 255 56 229 239 225 179
    202 148 57 127 123 88 239 56 86 78 53 50 1 72 192 97 120 69 74 14
    148 152 22 255 226 174 42 174 226 71 71 64 34 174 23 93 96 235 246
    211 72 79 145 11 154 160 153 181 14 118 57 66 49 209 113 28 11 47
    159 83 25 101 179 42 19 136 88 117 89 6 42 224 123 124 202 59 5 165
    177 71 192 87 247 45 209 133 94 80 211 11 115 68 59 135 237 200 141
    127 120 102 179 93 147 88 219 252 104 77 220 66 172 87 85 144 202
    233 102 24 170 169 26 133 228 27 39 11 83 12 127 205 51 58 248 163
    178 244 6 232 219 118 181 7 21 134 242 194 154 15 248 197 2 97 170
    109 212 227 162 187 157 23 252 45 133 229 145 230 230 255 199 237
    111 94 246 74 115 61 10 224 155 26 40 134 199 95 65 77 82 196 168 40
    247 214 155 229 24 122 110 146 93 223 23 156 192 248 49 242 37 190
    195 151 107 29 37 46 69 187 83 160 46 97 107 191 216 101 145 22 16
    238 215 37 205 237 81 39 105 30 79 122 216 229 209 185 175 112 216
    180 10 109 74 187 200 148 231 77 56 161 107 172 115 150 224 147 221
    78 116 182 220 186 211 42 52 58 154 90 186 25 220 10 168 198 45 103
    218 163 124 105 37 153 239 56 169 39 251 207 243 28 243 241 46 232
    44 201 70 72 124 215 138 53 29 215 91 54 196 96 213 223 173 1 180 39
    155 25 79 4 87 39 163 93 86 224 44 187 216 66 121 138 56 246 63 182
    91 8 199 56 84 155 33 23 83 108 28 183 239 156 219 75 28 110 166 188
    132 169 136 61 196 155 80 143 80 130 74 54 78 154 247 11 161 208 47
    246 85 61 198 118 112 139 28 172 135 54 199 6 247 154 253 39 31 61
    49 20 55 245 247 13 74 140 161 35 222 195 81 33 30 211 31 82 238 78
    148 168 107 73 134 60 92 169 113 168 46 69 68 145 0 79 21 77 5 49 64
    62 203 147 113 116 76 224 233 187 36 3 127 12 243 35 66 247 160 131
    103 137 2 80 23 186 57 51 150 110 119 180 40 239 4 245 230 49 134
    196 172 87 189 151 29 154 51 24 94 59 229 126 8 167 131 94 84 27 194
    240 14 126 121 237 238 253 103 193 47 116 29 185 63 88 50 122 225 45
    27 177 241 212 171 38 17 179 28 129 51 155 13 211 121 142 77 152 19
    204 144 5 198 41 241 106 56 218 178 141 96 73 220 14 252 86 3 93 227
    238 49 131 240 97 100 123 215 126 20 189 183 229 106 70 56 106 102
    158 70 204 36 115 30 124 67 105 170 155 172 64 54 67 218 171 104 188
    133 55 95 146 83 167 159 194 22 30 79 123 138 137 222 221 182 234
    106 186 243 17 226 138 77 104 88 97 195 62 106 199 19 156 206 152
    214 190 122 112 133 51 112 183 202 52 28 129 97 75 28 83 210 191 83
    50 88 177 185 79 88 141 75 2 200 46 148 164 56 238 82 1 165 67 189
    158 36 30 113 227 236 192 221 133 63 179 230 242 183 85 165 90 138
    192 47 198 47 128 47 159 200 131 45 106 68 236 82 136 153 232 77 208
    1 87 215 61 33 214 76 220 126 12 230 55 127 50 116 30 78 201 134 203
    87 34 215 74 82 244 116 159 94 50 206 77 212 25 75 215 235 2 139 122
    249 13 42 188 44 217 39 188 102 212 213 138 248 238 12 233 200 195
    148 176 168 57 188 61 39 15 58 207 149 77 151 74 245 52 136 165 210
    219 108 204 16 188 117 62 116 155 127 134 219 115 55 120 150 35 74
    81 64 226 37 95 171 137 141 90 254 195 29 43 39 107 70 213 101 199
    152 224 150 223 191 147 131 91 171 40 25 178 152 215 136 178 109 172
    212 223 220 168 240 176 144 31 229 129 227 222 44 158 21 158 197 199
    250 237 103 18 212 225 85 107 133 11 181 108 160 168 87 88 5 196 108
    66 77 98 243 18 94 110 226 229 32 34 9 215 211 251 89 51 190 134 89
    255 99 160 40 3 56 129 151 45 201 215 187 110 244 55 118 246 163 239
    174 232 3 242 157 141 86 178 34 245 119 76 208 186 201 80 180 224
    118 238 231 208 45 68 55 179 170 121 45 137 159 104 115 64 86 152 30
    114 12 248 196 85 185 57 60 159 45 217 95 66 26 168 55 77 172 232
    241 88 35 164 162 51 182 81 177 140 30 235 98 175 101 102 154 143
    233 79 143 6 218 91 24 155 188 89 123 75 82 53 47 114 177 250 214
    143 92 63 161 89 1 238 236 30 199 21 117 182 156 253 244 169 151 214
    247 155 160 49 163 171 119 134 47 158 73 221 148 148 2 21 192 37 145
    152 51 109 228 117 78 96 166 204 168 103 66 11 250 221 121 39 226
    119 11 135 33 234 180 76 126 116 175 14 239 135 75 114 12 88 147 182
    245 140 151 214 194 50 197 182 114 244 42 164 221 236 127 79 134 250
    45 149 239 55 191 95 15 23 148 140 223 166 61 84 225 6 36 195 53 221
    32 137 24 91 26 150 95 161 35 62 132 189 187 132 75 90 93 137 19 69
    188 216 84 126 242 50 97 120 43 13 143 190 134 28 255 29 235 178 194
    97 51 111 183 233 13 227 132 53 203 119 213 213 75 43 133 62 61 112
    194 15 73 118 163 194 135 29 96 180 99 232 35 0 233 34 140 171 30 74
    115 52 216 186 230 149 231 128 73 131 205 0 238 159 195 5 94 147 214
    204 249 11 24 85 138 89 123 144 212 58 236 99 70 141 65 168 132 45
    81 225 61 253 106 232 159 233 157 184 200 206 5 175 107 28 112 107
    164 115 108 221 23 38 128 84 71 69 29 90 231 58 89 253 51 77 127 5 7
    233 13 207 132 126 182 157 109 187 82 135 191 80 121 152 190 171 49
    73 125 118 248 248 204 53 68 87 56 86 26 152 218 181 198 236 93 149
    59 156 78 237 148 228 217 214 72 19 115 46 254 224 3 160 228 254 181
    91 186 129 245 43 118 3 119 30 181 124 167 139 127 180 218 95 4 255
    5 77 235 28 202 82 128 227 153 117 200 174 197 103 146 94 146 181
    209 90 217 204 11 32 30 144 38 202 235 152 178 117 125 67 249 183
    130 34 187 186 249 165 12 202 115 76 8 142 143 189 30 190 163 233
    109 8 31 4 31 245 219 182 155 165 2 147 99 197 156 94 211 245 96 92
    165 127 134 93 48 153 205 69 208 255 198 201 32 227 147 142 26 253
    38 107 153 130 15 71 56 146 171 137 3 253 239 58 64 87 117 205 119
    61 58 25 137 247 144 177 253 80 145 186 13 104 114 46 232 15 211 246
    252 171 135 26 175 192 44 227 25 52 14 59 138 78 38 179 52 209 24 13
    218 191 100 165 91 21 122 223 48 148 206 250 16 244 229 127 13 242
    131 111 4 235 251 6 66 41 217 211 242 232 115 95 210 131 153 30 83
    72 55 205 143 55 58 183 165 214 243 166 123 245 208 45 87 182 66 204
    91 138 245 26 163 204 144 252 65 146 12 59 32 169 246 21 224 199 44
    23 202 210 119 126 129 120 97 237 167 252 202 17 22 167 236 12 117
    21 135 133 172 138 230 32 104 219 113 178 221 69 203 222 60 173 98
    70 62 14 169 130 194 141 159 80 135 175 127 43 15 152 69 92 225 52
    101 162 235 87 64 208 35 145 210 236 240 25 233 23 107 115 217 219
    236 159 165 212 152 154 149 43 228 235 61 168 89 27 4 156 82 33 201
    68 17 159 54 178 13 170 136 245 253 181 29 143 62 35 230 227 103 146
    168 45 248 236 139 165 170 197 105 81 175 1 241 10 218 93 20 226 176
    39 89 8 69 82 96 237 80 85 167 164 92 91 103 137 31 5 173 145 79 86
    156 105 252 154 48 232 201 27 67 136 200 100 253 181 246 7 58 43 2
    251 92 23 204 127 28 190 13 190 100 156 223 33 252 38 31 225 123 252
    39 176 84 89 198 124 221 83 201 154 65 201 173 27 54 92 182 94 141
    177 233 84 91 147 85 86 235 92 16 53 100 201 31 64 122 135 48 111
    126 36 126 225 31 178 222 13 216 250 223 97 42 128 92 121 161 118
    108 28 42 142 107 173 64 232 19 38 200 244 130 255 111 158 235 193
    139 62 144 46 236 119 19 98 82 55 94 172 28 4 92 151 142 240 56 73
    187 237 248 54 175 228 174 89 170 94 164 39 234 18 213 111 162 71
    170 66 90 141 170 113 155 202 30 159 239 56 236 145 191 224 92 50 52
    157 12 199 24 178 235 231 86 190 1 10 158 114 188 24 221 190 69 38
    157 154 232 159 0 204 160 124 227 229 60 220 71 101 255 26 171 240
    46 92 23 161 42 189 66 124 3 38 79 131 222 16 7 120 198 178 195 33
    64 30 230 66 233 223 45 45 235 87 152 148 220 240 151 46 190 220 80
    138 44 212 118 60 249 226 165 173 231 62 42 61 232 124 54 165 15 171
    214 62 234 44 112 185 254 195 69 154 199 119 217 0 127 107 99 249
    215 49 136 173 123 39 87 240 189 3 56 159 15 45 53 206 151 63 151
    215 105 115 159 159 85 4 195 213 30 8 0 200 15 197 207 177 213 12
    245 19 37 45 97 184 231 103 182 207 0 47 243 179 231 248 24 109 5 50
    148 162 172 23 40 58 139 66 180 215 186 151 96 99 138 228 100 148
    152 121 166 30 147 3 213 79 93 217 153 229 102 148 94 90 62 34 213
    78 108 80 117 85 87 230 180 107 61 115 108 116 182 1 66 89 122 86
    237 47 51 154 74 118 183 136 146 1 167 171 86 26 163 161 99 147 44
    213 13 18 216 90 187 178 86 243 28 28 158 132 183 42 232 73 153 113
    57 247 21 209 126 83 166 38 183 9 140 59 235 216 189 76 23 194 224
    173 114 100 234 11 15 204 170 236 47 202 212 22 28 34 145 93 41 244
    227 98 143 40 38 45 121 51 67 104 224 242 22 30 125 7 13 55 117 80
    88 61 84 164 189 230 176 165 29 102 1 98 76 154 90 56 39 10 243 52
    25 52 170 140 27 66 75 142 212 188 141 158 228 127 183 99 14 188 124
    206 45 55 189 133 132 133 9 90 234 173 45 112 169 205 239 223 184
    106 69 61 18 21 107 153 224 51 45 66 222 95 185 105 167 197 30 185
    234 15 66 244 206 194 213 100 56 192 61 8 134 54 79 35 213 207 37 70
    75 248 129 252 181 179 147 38 71 114 171 38 36 143 197 220 67 45 110
    69 80 186 97 51 243 35 226 105 233 197 92 9 139 32 45 17 156 55 162
    210 94 120 227 213 243 90 210 205 211 216 153 252 190 207 95 232 14
    45 202 69 71 135 26 113 45 225 127 3 24 231 211 6 231 14 242 88 175
    226 175 142 64 12 218 62 150 242 94 85 180 71 98 77 110 135 166 95
    226 50 253 81 3 101 240 240 112 177 178 115 154 200 205 179 165 37
    181 152 251 38 153 206 238 226 232 159 173 108 196 127 198 89 87 229
    200 255 192 32 1 190 17 123 255 226 45 133 1 36 172 78 194 56 10 250
    65 123 97 236 197 195 239 45 138 203 198 110 210 246 251 39 41 221
    100 153 47 124 84 75 64 184 163 73 189 113 114 209 167 94 96 205 230
    1 146 40 218 58 50 27 252 23 182 79 189 200 198 169 68 18 52 77 185
    158 119 42 155 77 114 125 175 94 205 132 173 42 90 234 102 103 97
    159 46 220 37 10 153 54 128 99 133 125 157 41 34 46 233 163 200 210
    171 6 77 14 100 243 17 113 219 86 77 47 128 120 38 183 121 215 120
    221 200 211 109 82 249 132 44 102 207 74 95 118 99 102 172 205 149
    232 122 65 1 165 219 114 239 28 34 64 172 198 183 200 244 51 135 171
    223 30 15 232 172 228 189 48 32 142 53 30 94 244 49 13 57 66 225 37
    91 74 59 40 204 177 50 25 40 60 244 30 7 43 21 79 161 167 52 195 198
    229 48 130 154 227 201 23 3 13 13 178 126 35 89 51 159 215 223 242
    101 250 12 87 224 210 182 205 49 253 58 246 198 226 194 252 202 138
    207 202 83 235 152 251 59 144 18 13 63 227 255 74 208 117 14 228 65
    128 10 71 117 159 39 59 227 60 229 124 250 49 186 164 123 161 60 102
    197 9 211 245 154 157 164 217 132 5 168 16 140 159 59 175 155 68 162
    218 20 197 240 254 194 195 141 197 97 10 52 158 191 42 125 147 135
    30 214 80 140 44 106 208 2 83 55 24 254 121 219 126 82 149 189 1 121
    146 88 12 182 154 145 1 148 73 71 205 24 141 46 19 45 174 89 128 82
    13 137 57 169 227 37 115 126 67 231 28 87 148 205 171 224 161 213 27
    131 164 171 48 71 239 141 198 54 34 191 126 167 225 134 89 189 240
    137 115 208 83 208 136 252 242 198 120 60 163 108 24 108 55 65 184
    137 56 62 198 95 253 174 34 125 255 111 41 210 109 146 7 77 66 13
    139 92 24 115 127 225 205 101 34 5 28 142 212 0 43 249 32 89 250 122
    8 54 190 126 215 45 140 5 150 149 4 120 233 5 82 155 146 126 54 106
    180 82 159 101 38 238 127 182 32 129 253 103 11 138 175 144 35 250
    201 142 69 47 138 178 246 140 31 110 123 182 106 46 187 134 203 143
    77 115 21 208 62 13 209 239 230 203 83 82 10 207 71 133 100 132 42
    237 181 104 182 170 138 255 36 56 195 83 197 184 255 108 136 66 38
    200 104 233 99 38 93 245 216 21 48 216 121 96 106 152 92 172 225 222
    50 26 233 24 177 42 172 216 75 26 243 28 123 119 59 23 78 232 222
    146 106 153 68 194 220 74 132 29 65 143 164 152 9 51 114 239 173 175
    110 95 240 174 7 68 185 128 142 138 232 219 215 172 111 170 237 158
    92 126 30 63 173 26 208 20 24 29 58 176 11 44 156 216 23 232 186 4
    205 226 195 174 172 95 101 1 64 74 194 22 172 51 104 77 68 99 115
    191 77 73 177 178 162 211 223 229 25 232 187 59 3 124 41 53 81 212
    61 197 19 248 1 137 242 197 244 80 68 38 134 125 249 245 70 97 95
    240 228 119 24 245 155 197 133 83 11 13 118 181 24 9 91 236 211 237
    241 156 229 153 139 132 152 204 131 121 168 212 52 209 53 11 123 37
    5 234 13 241 213 141 158 95 181 19 55 54 124 10 10 249 118 36 137
    133 149 114 254 122 142 4 105 64 192 10 20 71 173 90 166 106 154 117
    16 173 14 182 112 168 122 82 19 48 9 76 3 121 155 18 94 157 87 211
    92 184 116 255 93 252 111 105 201 37 147 151 174 204 17 62 65 93 167
    208 55 100 201 6 102 251 125 225 65 11 211 59 82 116 65 139 48 132
    187 10 139 157 75 126 201 56 126 164 240 120 211 104 22 139 154 194
    157 194 227 77 49 55 129 216 161 8 251 197 80 98 182 185 219 252 208
    58 135 60 238 51 106 151 248 14 127 142 181 221 156 53 248 6 151 51
    208 106 157 150 0 177 171 189 123 180 53 239 231 231 22 103 160 165
    99 164 109 15 73 27 212 253 13 85 195 110 86 173 220 89 173 174 57
    61 192 193 132 158 153 219 187 113 171 154 161 243 165 81 127 41 78
    224 103 183 135 138 60 65 22 169 2 135 50 234 42 121 164 125 120 233
    184 231 38 248 224 189 207 229 206 44 78 251 5 145 237 129 16 142 73
    110 216 12 190 180 212 152 126 98 107 209 124 121 126 150 180 148
    131 154 17 52 225 117 225 85 243 143 65 184 101 70 79 181 208 241
    217 154 249 146 8 7 135 130 156 144 124 90 162 26 193 233 20 196 116
    164 137 87 252 23 170 60 230 103 210 129 140 205 211 12 32 37 27 28
    118 47 187 199 32 190 245 73 144 151 174 119 230 251 150 69 20 142
    248 92 227 199 14 91 164 102 229 184 233 75 80 106 133 21 33 78 160
    98 112 99 119 31 171 233 81 190 144 180 40 100 199 55 105 79 118 94
    199 173 66 234 92 191 97 215 250 166 160 81 135 57 59 105 38 76 240
    66 128 25 59 126 205 219 148 80 23 95 172 224 163 196 78 108 211 84
    26 215 5 9 201 70 17 14 41 99 67 103 222 242 181 68 68 48 204 68 75
    117 1 170 141 109 150 252 67 80 204 60 124 80 114 0 103 20 16 99 76
    123 76 228 3 80 111 214 180 231 105 226 229 150 250 1 17 28 14 210
    71 235 129 11 179 83 58 43 88 51 219 74 153 62 254 189 158 127 97
    166 226 109 72 100 210 86 72 137 70 153 83 133 193 32 228 150 45 234
    92 166 1 233 149 57 32 177 136 41 37 199 141 74 190 202 238 191 19
    52 201 20 43 60 203 145 175 10 242 212 138 19 8 162 176 85 84 193
    122 90 222 93 83 72 44 215 237 145 38 23 119 135 235 35 119 104 82
    49 189 41 188 235 241 195 212 134 90 129 253 32 220 91 210 218 13
    107 223 192 235 44 133 179 124 211 111 244 149 173 192 164 200 65 91
    239 32 93 252 51 9 175 218 114 201 170 219 11 171 176 119 152 198
    196 147 107 82 245 113 41 208 20 210 231 219 232 161 19 26 180 17
    184 9 205 198 158 100 55 196 244 226 188 169 140 120 119 165 123 220
    85 153 0 227 87 60 11 3 233 201 79 116 128 161 125 209 59 231 166
    243 184 108 155 234 135 107 171 50 156 16 1 103 13 150 253 214 181
    108 4 96 3 35 60 95 170 150 188 220 51 119 209 173 193 186 225 94
    207 227 22 150 67 30 241 170 1 110 39 216 211 151 23 97 35 63 43 129
    209 229 222 148 241 173 69 135 127 201 168 17 243 250 241 23 16 169
    108 190 139 35 200 167 158 142 109 19 197 25 4 236 85 34 114 16 154
    159 133 119 186 109 201 222 0 66 250 61 15 224 86 73 23 86 213 93
    181 147 103 233 69 171 179 56 147 129 145 146 208 0 244 128 41 184
    41 167 83 91 252 48 150 120 179 4 99 81 15 195 171 125 254 126 193
    44 198 178 10 94 177 21 174 201 29 242 240 92 3 65 192 63 235 32 132
    24 35 50 139 13 66 144 54 178 164 91 75 141 135 252 142 195 66 15
    123 101 15 15 150 252 233 186 200 132 86 81 102 124 51 197 96 66 24
    89 57 108 120 241 247 212 250 48 139 73 25 133 107 191 33 235 35 79
    190 128 19 138 169 229 12 251 137 104 205 141 34 184 156 94 2 113 52
    23 161 111 253 74 166 43 49 119 1 252 94 130 137 96 254 66 75 12 104
    245 247 127 61 194 26 20 166 18 68 131 4 211 55 238 193 60 15 50 220
    18 151 171 145 248 224 20 127 159 253 26 52 116 22 127 102 7 201 184
    63 244 13 19 151 103 177 250 81 173 160 62 41 7 86 167 70 76 243 133
    148 210 126 137 94 82 180 30 19 121 92 201 202 93 226 241 214 56 22
    133 129 41 18 2 15 253 143 202 16 203 47 105 147 195 194 212 234 212
    106 144 216 42 106 216 220 116 234 217 243 19 90 226 180 214 89 209
    24 78 85 253 8 51 115 37 248 115 221 71 247 78 216 96 75 238 117 107
    32 215 32 120 177 161 142 189 223 82 38 71 201 149 61 190 23 83 202
    24 194 231 44 169 116 55 41 10 140 106 167 255 67 191 12 157 240 221
    220 1 143 183 207 50 170 229 24 6 61 133 229 67 91 108 106 81 97 149
    75 106 114 154 138 107 227 168 69 166 51 72 46 79 18 50 132 203 171
    91 189 33 116 42 72 136 253 79 128 46 126 158 92 187 250 187 2 97
    149 35 3 1 33 174 159 184 236 218 173 201 160 56 144 79 36 114 122
    148 137 203 239 106 128 80 198 71 143 108 19 182 36 110 136 36 203
    31 88 219 86 245 30 68 180 133 243 38 173 176 146 59 72 92 102 70 29
    78 44 5 245 219 87 235 37 138 205 169 50 23 198 217 14 103 172 230 4
    67 54 110 169 75 181 135 132 42 206 42 146 240 147 64 48 46 64 137
    81 172 205 74 205 54 179 218 126 47 46 54 185 88 65 142 144 42 238
    21 177 224 37 121 62 97 50 58 72 119 79 53 238 183 98 35 8 104 64
    150 122 141 7 67 134 77 187 28 21 195 69 179 33 78 50 113 204 200 36
    192 212 126 15 51 49 38 38 77 89 24 213 211 181 109 116 47 13 43 239
    5 205 63 53 23 222 238 244 208 143 131 20 209 26 117 127 204 102 69
    105 19 233 67 91 34 192 139 253 35 10 161 131 250 23 177 199 36 55
    91 223 120 20 100 51 247 223 242 215 253 241 183 243 41 12 112 30
    150 223 129 39 254 210 247 55 196 16 24 41 178 99 238 31 4 56 133
    144 193 148 208 241 127 73 80 59 243 235 77 102 102 167 155 211 80
    205 31 219 118 36 135 175 27 31 232 59 139 9 244 148 221 211 133 108
    143 8 253 201 191 38 159 202 42 132 19 203 187 192 177 117 181 8 108
    177 14 173 66 164 53 195 5 6 173 98 11 120 157 212 4 254 247 197 116
    169 20 212 58 189 219 25 143 89 177 139 251 18 212 181 64 52 219 120
    108 66 215 9 138 163 222 14 133 185 113 166 42 11 86 9 190 15 107
    180 6 194 20 108 161 73 70 126 44 2 166 156 50 117 154 244 131 133
    144 40 75 18 182 41 136 196 250 89 250 250 182 195 173 177 251 178
    163 144 231 98 173 212 167 151 32 7 73 34 65 202 139 232 173 69 235
    3 15 160 54 194 128 241 133 165 162 240 116 110 72 202 0 82 112 97
    22 117 65 48 163 4 189 177 146 147 21 69 121 88 50 120 185 65 243
    106 211 164 0 25 39 44 103 153 7 159 242 161 200 217 116 166 59 253
    11 166 111 31 85 58 216 225 208 23 104 66 56 194 119 16 145 134 246
    64 168 108 82 133 185 30 148 209 89 154 122 192 197 212 156 237 219
    236 137 221 50 181 75 86 15 226 41 132 35 87 110 217 204 60 200 3
    168 254 97 254 51 213 81 68 56 248 223 38 76 139 197 185 150 109 252
    179 73 168 76 162 196 232 146 204 86 86 95 147 38 154 167 245 153
    144 107 183 151 1 253 126 105 19 134 43 9 232 185 134 253 52 106 36
    138 93 140 35 243 236 237 131 103 2 51 4 41 21 52 195 27 35 97 181
    227 153 78 47 244 206 84 181 65 77 68 93 12 54 97 185 51 3 24 29 254
    235 125 81 48 233 230 32 2 214 8 199 136 249 128 235 206 46 3 253
    161 191 74 22 77 122 255 220 171 124 215 52 135 54 4 146 133 44 183
    187 139 104 178 133 66 196 162 79 124 32 37 204 213 158 192 192 231
    22 84 57 222 141 231 231 187 12 34 204 112 141 39 79 16 94 193 119 0
    199 159 103 10 192 83 67 149 207 123 91 132 136 17 35 29 249 172 247
    67 157 60 25 85 242 216 248 89 78 148 177 229 66 78 187 11 208 123
    143 245 146 161 12 24 245 146 7 244 129 173 189 15 173 108 228 142
    156 203 201 80 222 242 147 247 213 212 172 5 202 79 142 183 205 17
    161 140 86 73 159 115 166 250 29 2 118 236 18 156 159 111 70 237 81
    211 100 153 109 144 174 90 33 115 62 196 62 210 4 118 62 71 13 5 241
    166 197 95 167 213 124 191 240 29 120 122 39 84 5 212 119 14 28 76
    130 62 147 119 113 189 184 56 119 89 61 51 148 134 72 61 95 156 252
    32 164 71 37 185 209 26 130 71 94 212 108 224 85 100 218 114 168 201
    224 211 240 217 123 4 5 141 164 1 138 136 138 67 34 132 196 129 210
    60 163 198 197 23 106 200 162 110 112 77 0 95 99 109 206 205 182 95
    218 13 128 14 232 162 210 11 155 185 97 208 71 44 52 207 62 116 180
    188 81 93 48 156 48 130 230 243 154 44 159 204 56 254 224 162 187
    115 78 245 246 32 201 44 239 40 5 226 23 245 70 153 67 110 99 225
    207 232 165 224 145 70 4 157 240 45 252 120 137 160 240 165 184 129
    132 56 31 107 137 64 90 136 58 69 19 60 191 83 5 138 130 173 218 81
    234 98 121 236 181 119 244 132 64 209 178 110 17 172 149 121 53 239
    234 220 161 240 160 39 78 244 48 207 24 110 3 220 207 78 136 12 180
    237 23 246 197 11 79 201 16 194 194 26 93 48 206 97 234 38 152 167
    146 249 107 5 175 26 46 117 71 169 113 134 77 191 1 23 251 165 94
    193 117 240 246 62 119 53 241 52 185 235 112 6 221 135 111 89 69 194
    135 45 92 118 35 69 209 253 242 214 76 54 32 143 207 33 102 217 252
    3 204 97 214 96 87 165 67 101 92 195 229 115 151 208 92 247 136 210
    214 155 236 250 37 169 84 195 183 66 38 202 105 193 190 33 91 71 29
    43 236 32 219 217 58 151 45 36 94 143 203 69 100 19 156 237 227 232
    226 140 252 233 51 95 205 75 38 9 74 26 148 198 73 2 9 57 151 246
    195 190 101 224 123 106 219 229 117 218 158 10 166 64 96 210 81 61
    233 51 222 13 195 148 142 50 244 233 136 174 74 36 229 231 191 226
    113 243 184 30 3 67 15 246 90 142 10 7 98 19 56 130 14 160 161 129
    128 59 238 2 251 126 133 96 53 138 238 207 70 30 104 23 197 210 162
    58 180 19 12 15 248 161 63 180 145 168 190 208 246 238 27 133 150
    218 118 233 185 144 42 177 141 36 141 25 186 14 38 215 75 144 187 7
    204 199 55 209 231 79 37 145 62 75 22 86 42 0 250 28 83 41 165 221
    34 19 245 54 193 198 69 104 166 108 96 37 138 218 191 177 213 145 54
    191 2 240 79 122 194 91 218 106 20 85 93 153 191 12 22 205 46 192
    131 73 234 111 169 116 46 179 197 150 11 209 118 113 254 69 101 13
    146 40 143 103 157 120 51 225 186 192 182 222 230 20 211 215 211 242
    229 219 238 1 26 127 50 83 146 228 101 64 114 232 250 235 222 209 49
    34 229 139 146 52 191 192 86 32 99 96 233 121 115 25 29 195 118 188
    127 1 233 126 29 227 176 45 6 60 241 167 117 86 107 155 14 231 70
    214 216 231 71 205 158 84 105 241 226 228 200 211 30 39 20 36 71 47
    171 177 150 194 109 177 133 111 189 63 91 13 80 181 222 2 127 185
    116 104 134 209 84 233 17 242 155 175 200 248 38 23 162 157 61 157
    226 74 175 201 135 242 230 160 251 110 156 211 214 248 211 214 60
    107 96 183 174 238 82 199 90 108 47 218 66 187 48 120 160 205 35 99
    38 224 215 198 217 174 154 153 172 28 226 209 152 132 51 231 142 249
    56 161 31 209 224 46 93 69 159 224 174 18 100 181 22 238 197 203 194
    170 29 24 197 228 137 37 192 212 184 6 148 112 37 61 248 89 240 248
    157 212 129 75 191 127 84 132 152 82 237 153 174 161 240 221 195 159
    2 169 83 183 23 174 11 166 35 34 55 210 33 76 252 119 65 50 68 193
    204 56 114 182 52 7 11 162 191 55 239 110 216 216 10 53 59 54 3 77
    144 147 13 244 190 161 182 227 33 96 26 80 5 211 36 209 205 143 243
    124 104 90 98 216 166 163 144 245 251 113 158 110 240 112 42 187 149
    27 170 111 21 40 122 252 154 32 185 187 149 174 145 23 151 67 233 70
    255 255 67 251 70 37 44 105 172 157 5 30 98 123 130 43 146 151 10
    147 44 143 38 190 11 71 74 193 46 119 121 34 174 66 151 241 123 25
    242 8 23 234 218 80 160 201 105 189 45 216 226 59 101 58 54 147 92
    236 160 41 118 203 21 181 74 200 240 10 106 100 172 52 169 225 66 42
    174 55 140 247 54 184 207 81 83 53 177 27 120 170 77 115 171 151 87
    216 138 215 247 189 146 53 201 208 254 175 184 78 28 184 62 169 126
    109 224 152 48 171 60 105 82 132 161 199 175 181 181 168 0 172 2 220
    254 133 56 152 82 134 225 172 207 103 139 9 152 99 45 4 129 21 243
    130 78 187 155 101 92 100 178 88 174 133 243 168 60 74 10 146 35 217
    181 183 80 37 78 101 77 12 81 142 148 11 28 232 179 112 0 173 232 67
    187 242 71 162 110 4 141 79 238 151 168 232 17 72 13 138 88 82 47
    157 238 75 56 122 134 196 142 99 238 75 18 189 84 246 48 22 125 165
    48 131 38 187 45 215 134 157 186 116 9 142 216 30 10 183 203 16 55
    113 29 73 25 51 193 114 47 74 92 68 71 166 35 149 204 72 117 146 133
    50 143 46 62 74 226 6 158 32 245 73 114 76 191 204 252 217 206 129
    48 252 240 155 44 241 160 86 169 128 153 48 92 190 88 248 207 192
    217 44 106 11 214 225 221 125 90 67 188 167 151 140 154 152 94 204
    56 62 241 214 93 84 114 6 111 47 105 34 178 33 5 64 26 146 103 88
    176 149 6 228 25 34 47 32 211 214 76 245 83 158 54 177 41 117 168 87
    251 56 211 202 172 48 15 30 94 66 109 107 49 26 55 245 167 106 131
    53 83 216 67 222 155 27 160 195 77 199 155 89 214 26 207 31 112 231
    6 151 165 220 45 37 199 130 45 231 49 179 96 188 61 71 79 50 167 177
    84 246 130 199 228 16 82 27 244 25 81 151 169 163 190 35 62 200 15
    176 182 84 249 116 23 147 4 209 147 36 39 219 57 118 137 229 19 216
    161 68 231 201 36 184 186 255 234 37 39 39 106 45 195 167 167 98 61
    11 116 13 84 223 142 162 238 244 169 252 177 67 144 12 196 76 98 93
    153 169 241 121 169 36 60 135 140 23 94 190 26 207 95 193 161 110
    213 122 79 71 66 67 78 131 184 205 117 39 103 133 196 120 146 239
    224 121 5 26 121 153 201 8 54 137 60 100 204 183 60 112 145 136 218
    25 21 5 223 5 231 108 234 42 26 23 208 239 206 174 19 224 105 117
    157 218 250 189 175 228 213 196 217 169 21 239 205 127 206 122 96
    116 200 154 227 31 140 171 209 139 195 58 232 129 126 113 94 199 65
    76 143 203 219 248 105 219 113 162 170 184 117 8 16 122 95 154 195
    23 19 134 21 14 159 245 104 93 215 107 223 196 79 42 236 67 180 99
    240 171 106 27 28 217 103 131 132 111 126 243 223 138 249 56 15 112
    115 219 146 7 201 137 145 236 131 65 199 45 239 200 194 196 140 163
    133 42 46 242 184 245 146 61 111 113 228 223 93 248 208 196 91 104
    53 144 186 112 177 222 75 199 35 203 244 210 223 80 254 142 91 198
    167 170 206 182 81 15 132 151 17 101 73 235 158 248 15 125 43 44 208
    50 216 202 17 125 29 180 145 32 103 116 195 130 247 151 148 62 26 46
    41 21 3 77 133 133 25 77 63 180 10 224 234 55 100 146 16 133 97 197
    23 184 41 57 42 110 226 178 92 29 55 145 62 95 157 3 156 11 14 13
    125 33 239 239 162 124 182 59 113 149 220 107 42 27 31 253 108 179
    166 178 29 149 238 46 23 196 92 144 57 77 160 58 222 171 36 13 157
    95 97 70 189 58 41 20 51 36 22 140 215 17 247 108 28 250 77 1 86 237
    82 75 89 100 115 188 241 82 66 47 238 226 183 22 65 219 86 150 107
    119 53 121 30 105 99 6 233 131 116 21 223 36 25 26 121 221 236 237
    186 67 252 182 39 243 137 117 2 69 118 64 14 54 199 158 113 15 164
    89 59 154 40 209 81 248 172 82 124 37 139 125 244 115 158 96 168 197
    209 111 68 29 171 63 5 88 43 41 74 231 179 29 193 213 154 126 93 159
    2 130 202 136 99 226 55 49 146 45 190 171 207 144 181 23 122 119 147
    245 231 155 250 76 16 22 17 0 29 227 200 212 188 167 224 251 29 141
    63 237 91 186 112 158 175 199 237 178 104 233 55 55 63 253 140 165
    178 23 126 141 7 86 110 47 0 65 130 2 216 43 56 165 110 12 189 57
    131 89 122 156 5 152 159 148 142 36 254 94 151 191 33 29 155 153 175
    250 59 217 167 196 78 124 45 40 225 80 190 14 243 46 11 51 98 211
    176 85 207 160 68 225 135 217 231 196 24 247 216 132 231 74 225 229
    47 86 112 210 198 182 51 70 73 164 126 84 205 32 133 176 3 42 69 93
    242 121 220 77 66 114 197 26 24 218 164 192 146 180 165 76 20 234 10
    174 36 98 50 74 48 108 141 17 14 248 31 200 242 115 164 218 11 163
    225 221 207 18 152 136 103 79 81 37 132 19 176 189 134 209 24 82 219
    139 234 229 102 134 192 145 35 215 140 231 85 137 166 233 249 1 18
    140 37 142 81 6 251 252 22 36 6 133 160 188 237 184 47 33 154 21 158
    145 191 216 155 115 160 135 30 181 77 198 31 178 250 241 130 83 154
    4 242 79 247 67 29 90 152 108 188 37 216 175 37 168 155 71 57 207
    186 225 32 169 230 139 76 216 46 36 179 238 215 233 14 227 225 236
    100 94 214 238 25 215 49 59 147 224 226 164 73 143 73 19 8 113 36
    206 175 139 206 200 13 122 13 104 88 155 166 170 63 235 35 248 248
    52 93 39 108 54 200 206 179 238 157 171 251 179 12 182 78 150 73 31
    246 106 187 235 110 88 144 112 60 236 127 111 21 35 70 131 74 6 153
    166 236 79 235 106 108 225 186 25 235 0 188 199 128 83 123 124 109
    88 75 220 168 230 172 145 254 131 235 230 71 243 3 50 240 74 162 1
    96 243 225 244 234 65 39 216 64 151 19 118 164 53 157 58 111 187 190
    155 170 14 23 185 104 166 111 8 141 226 202 232 116 160 106 238 253
    79 129 74 205 74 113 153 37 235 12 23 39 61 87 48 107 177 1 139 151
    202 226 149 247 93 41 57 181 1 22 52 101 74 126 134 42 46 17 113 210
    176 71 158 229 193 128 73 30 198 218 210 33 70 210 239 160 165 236
    181 183 109 58 74 56 90 41 119 146 41 68 97 97 166 56 71 119 32 191
    248 82 205 94 43 236 121 127 67 60 155 67 186 240 120 228 0 117 38
    97 91 77 77 83 243 133 137 181 174 183 192 245 162 163 107 148 197
    149 169 143 32 15 243 116 167 210 135 212 60 59 70 228 15 184 130
    149 145 140 86 21 252 55 104 238 146 196 109 153 209 33 108 40 247
    120 132 196 168 1 240 27 96 6 237 206 58 204 112 107 211 66 81 12
    106 21 33 42 164 153 154 113 151 231 170 17 188 86 143 124 151 7 138
    213 98 100 70 87 195 104 194 20 244 77 186 2 229 224 153 202 93 128
    251 158 191 54 209 235 54 2 132 57 221 8 250 11 132 239 90 167 232
    150 70 145 55 37 127 126 234 19 197 25 108 195 166 73 251 178 167 46
    167 216 244 39 59 14 176 133 230 117 165 29 209 52 76 122 145 132
    149 211 229 91 98 164 5 98 233 183 5 192 168 6 189 15 108 80 130 212
    70 236 7 44 237 40 251 139 34 212 168 109 240 103 189 62 218 147 254
    48 23 26 156 44 188 170 91 255 74 164 33 188 163 16 175 113 150 219
    209 218 10 84 69 124 106 161 220 220 177 58 162 212 6 42 196 202 71
    197 149 189 52 103 61 108 89 44 243 118 113 111 131 58 61 20 99 117
    83 50 115 50 165 28 56 193 16 4 204 84 239 139 216 112 73 135 158
    112 92 60 231 36 60 101 57 69 0 78 241 19 250 201 183 141 109 69 38
    148 250 255 151 205 193 111 29 142 118 40 59 47 25 235 206 135 1 219
    243 147 64 5 41 118 233 210 218 84 255 86 8 2 246 1 2 17 186 202 88
    62 61 1 34 234 190 23 71 238 145 81 194 151 88 33 225 132 253 39 130
    72 255 101 170 154 200 163 42 88 100 28 52 147 44 235 30 25 255 33
    186 254 28 29 136 108 97 90 122 33 122 198 216 62 98 192 181 113 195
    249 142 63 181 100 109 147 205 44 101 110 134 129 176 157 62 58 3
    134 87 73 210 121 118 209 240 234 137 177 148 160 108 97 1 19 237 96
    6 124 84 123 124 212 186 48 127 162 148 9 163 132 39 15 18 148 61
    117 200 199 202 83 196 212 22 13 132 76 169 228 244 100 97 40 200
    237 160 83 52 251 157 235 86 135 53 207 190 237 18 78 222 236 94 185
    217 197 166 153 4 129 47 27 79 49 187 163 71 58 47 142 243 157 160
    143 148 25 9 138 227 100 242 31 74 184 51 62 163 139 122 151 176 254
    55 208 232 59 226 137 32 220 2 40 78 71 210 92 122 160 200 52 128 35
    238 173 65 80 183 210 210 8 219 127 149 80 251 26 188 157 161 230
    177 1 190 141 183 47 72 198 98 204 193 56 135 232 0 38 236 21 56 14
    104 105 153 104 154 48 35 40 89 248 127 184 191 37 221 46 235 253 38
    95 77 163 254 29 102 125 81 201 115 115 221 41 233 197 209 218 163
    187 170 64 95 195 137 118 133 199 5 67 57 9 16 63 221 152 54 104 233
    149 201 34 241 167 62 82 181 168 111 95 0 166 230 20 214 72 192 57 5
    56 156 238 106 178 255 148 42 97 116 51 13 163 241 45 47 225 150 39
    8 111 24 4 232 101 64 213 56 98 253 19 66 174 116 255 209 190 146
    255 132 144 173 32 0 34 252 205 91 143 175 10 59 12 112 134 133 3
    253 201 160 103 87 244 17 11 188 156 23 46 192 245 136 171 250 34 85
    81 231 50 183 139 83 239 142 235 176 131 11 79 7 0 29 87 67 111 132
    180 123 235 41 226 4 194 5 214 23 188 141 16 18 208 121 214 51 126
    180 48 131 195 98 250 162 53 239 45 231 106 193 98 159 157 73 235
    147 120 185 218 148 33 54 61 218 96 159 202 12 175 175 205 231 11
    255 113 105 235 222 146 128 26 33 7 188 218 118 40 236 20 105 134 5
    62 131 208 82 111 174 131 64 212 61 57 55 161 240 224 32 163 201 3
    171 141 246 30 204 239 43 23 221 197 173 166 182 126 41 150 9 242 10
    10 105 80 219 121 39 214 61 30 137 20 255 9 187 44 242 235 214 165
    120 18 146 67 79 101 50 141 17 191 28 185 213 209 29 95 27 64 60 238
    119 98 6 230 190 56 162 222 95 213 24 84 188 89 193 69 178 22 18 6
    116 77 238 132 81 233 177 206 68 53 4 68 110 232 238 12 64 137 62
    234 118 193 207 40 149 197 30 191 39 181 218 124 113 74 135 138 8
    101 244 253 80 103 235 145 100 156 25 159 96 245 150 8 28 234 177
    179 70 87 180 151 212 83 70 163 230 134 114 39 171 197 146 117 207
    144 130 205 46 1 14 34 184 52 156 96 244 54 203 136 107 192 235 49
    89 161 154 165 54 119 191 97 137 87 117 35 198 21 240 100 33 224 232
    23 132 23 198 127 215 123 128 89 92 133 185 108 207 106 64 70 255
    221 49 226 118 21 173 12 115 201 113 225 200 39 241 214 47 243 163
    12 225 131 114 22 157 30 26 162 193 103 67 37 86 33 114 163 224 21
    166 45 93 131 145 3 92 75 163 1 11 95 159 229 64 144 70 167 160 161
    245 48 19 247 174 79 181 19 137 43 79 254 201 52 193 14 229 116 8
    247 86 242 50 150 64 21 108 116 233 31 215 36 84 226 250 164 99 217
    184 173 176 171 162 76 43 219 133 79 175 192 225 192 220 144 131 22
    111 49 87 67 194 226 171 33 250 5 115 200 195 195 250 24 67 30 222
    202 163 52 23 69 212 127 25 77 183 144 153 247 21 55 195 62 152 88
    50 200 159 229 126 148 224 204 4 44 224 83 138 142 111 115 166 222
    198 187 174 139 169 72 19 229 140 13 229 136 58 18 199 192 184 238
    216 180 106 16 3 175 192 144 236 110 221 52 46 26 254 42 51 106 162
    38 133 173 167 5 254 29 217 193 120 60 18 0 43 25 155 235 198 75 113
    8 111 30 237 126 228 245 136 181 216 233 161 236 148 75 243 87 182
    161 158 100 58 43 207 183 227 180 167 128 214 14 156 255 163 168 65
    201 8 24 195 160 179 120 11 39 123 189 17 174 169 191 25 152 222 32
    131 113 134 189 245 222 66 92 241 159 233 100 142 18 193 119 6 243
    132 218 13 129 199 5 50 248 204 142 78 187 229 97 44 103 20 221 148
    214 116 233 71 31 90 82 184 171 121 110 135 143 76 48 79 9 217 3 168
    10 91 22 123 151 192 119 46 55 13 173 68 43 77 119 80 163 74 174 47
    157 114 208 215 198 215 86 133 142 94 215 133 137 192 57 218 187 71
    55 119 118 25 137 171 211 178 216 191 2 223 226 91 221 233 161 222
    13 34 65 78 10 86 205 15 175 179 163 46 213 134 69 240 183 197 128
    249 212 86 133 100 9 231 231 45 44 145 24 110 93 181 113 83 232 27
    58 96 6 160 18 42 204 176 102 103 218 65 98 11 16 246 56 58 1 206 91
    102 244 7 245 98 74 243 243 87 46 255 200 181 139 220 36 134 109 24
    55 29 225 7 129 143 80 237 201 133 7 189 129 194 159 213 160 147 130
    173 163 77 184 105 164 134 151 18 224 102 221 187 170 9 150 88 119
    30 156 66 53 126 17 23 198 40 32 82 58 210 30 148 115 33 106 240 9
    80 4 162 226 242 119 82 27 46 87 238 197 220 217 214 5 71 125 184
    205 245 238 201 3 236 189 20 43 223 62 2 21 120 116 14 91 70 85 130
    35 89 243 151 238 229 249 96 82 99 153 38 247 176 158 18 140 149 217
    18 41 83 215 96 80 142 240 78 36 18 7 0 3 55 179 95 113 42 10 125
    213 170 107 23 80 218 240 104 45 145 59 142 30 98 78 79 127 91 80 40
    252 65 174 127 218 219 110 228 183 81 208 145 201 234 73 131 177 208
    139 195 88 183 9 8 171 14 144 46 204 26 45 211 164 5 123 22 42 160
    32 132 20 62 89 247 21 123 138 83 157 160 8 99 197 211 24 36 186 85
    97 88 126 68 187 131 29 148 131 209 136 8 76 28 60 69 232 38 69 146
    13 157 250 10 206 94 144 36 29 222 164 49 166 205 237 150 111 60 207
    119 120 7 36 204 149 31 2 115 230 77 236 51 153 133 123 212 174 41
    126 92 210 48 234 6 106 61 102 163 190 249 136 191 74 188 35 152 163
    23 40 131 109 63 90 237 195 241 15 223 24 13 69 46 94 120 249 211 64
    103 75 157 129 241 45 132 121 80 119 237 32 44 188 240 112 123 144
    238 144 8 99 251 14 15 245 160 120 47 157 70 218 131 28 22 129 54 58
    203 87 29 138 234 37 129 57 216 152 57 187 50 218 70 171 160 3 2 239
    83 16 242 167 183 221 246 127 130 131 71 242 31 63 187 231 240 184
    75 242 65 207 64 163 18 149 162 84 151 253 188 235 16 194 174 77 0
    57 105 196 15 194 123 175 175 242 8 191 45 127 111 215 247 86 220 37
    163 69 239 47 125 149 26 151 197 215 23 63 131 199 97 51 108 44 101
    16 112 242 136 132 166 218 144 92 82 56 150 193 122 40 151 77 48 56
    78 94 78 103 214 141 54 83 248 203 210 244 181 83 214 215 65 24 178
    47 225 39 162 125 145 232 96 148 206 90 60 115 153 212 13 80 97 121
    39 115 30 121 251 231 5 22 182 157 41 217 208 183 194 200 41 180 118
    179 66 60 20 187 192 78 93 148 59 64 195 247 244 115 219 181 168 98
    184 209 65 114 12 55 160 38 9 216 75 18 13 177 45 19 137 242 49 167
    136 119 14 83 62 12 100 163 233 8 113 118 203 212 164 222 51 165 138
    233 213 251 192 164 212 88 208 68 122 51 109 30 183 16 237 136 169
    190 67 137 27 93 191 183 136 177 59 197 176 104 163 236 218 208 112
    114 178 91 75 148 81 11 47 95 233 124 243 185 119 32 117 62 132 53
    188 181 152 17 25 42 104 203 107 155 144 223 73 185 84 84 126 233
    184 56 229 205 77 145 151 199 5 126 184 138 121 27 184 96 225 240 28
    123 33 185 113 157 100 131 138 31 38 245 129 154 15 68 209 141 212
    156 3 85 148 243 123 57 125 76 230 209 151 163 20 101 224 219 197 67
    106 60 231 167 14 207 51 203 239 21 92 32 73 201 241 146 72 80 161
    158 40 152 143 164 103 246 30 193 109 79 108 143 75 17 11 92 4 30
    168 84 62 59 106 238 159 29 105 91 251 150 226 113 188 109 166 187
    109 178 163 64 30 208 47 11 81 81 106 115 223 150 97 37 77 180 244
    203 164 157 123 180 50 35 238 75 234 38 60 215 55 130 157 56 235 235
    194 67 254 178 148 244 166 211 62 109 25 19 84 99 189 83 194 185 0
    103 206 123 207 69 7 181 143 98 71 16 10 5 164 182 188 63 154 141 63
    79 12 175 242 242 241 170 249 87 180 33 194 113 28 147 57 133 135
    206 87 58 127 9 182 88 55 254 156 115 119 131 0 104 72 222 65 85 136
    198 26 166 215 68 247 197 147 230 67 53 223 105 247 60 102 87 35 89
    5 163 102 179 11 156 184 255 4 51 59 30 176 178 0 121 144 224 193
    149 182 24 49 12 78 63 124 108 201 55 90 121 185 34 195 124 107 88
    65 143 27 195 15 193 54 214 160 89 176 82 160 117 166 75 119 200 140
    150 212 214 170 57 95 9 234 33 46 226 16 99 151 190 85 192 125 185
    71 59 7 70 206 133 141 154 88 60 224 133 174 193 159 161 59 59 200
    211 198 233 249 12 83 29 67 76 60 143 248 154 197 178 209 214 147 84
    21 233 163 124 7 99 185 71 161 57 32 30 152 221 183 15 90 29 127 157
    131 246 180 199 195 109 93 243 56 116 190 79 170 246 40 138 243 159
    39 238 250 28 46 235 154 42 121 61 108 31 42 210 23 152 252 22 3 174
    36 22 131 89 193 221 72 44 225 115 230 201 173 23 33 169 214 17 207
    150 223 99 168 79 75 20 82 105 240 165 193 206 250 226 237 178 41 86
    22 208 64 250 202 93 248 175 61 136 91 163 113 22 234 16 31 178 10
    204 26 232 84 9 36 1 86 71 195 135 181 60 124 177 193 40 134 198 150
    135 155 78 41 109 239 165 163 64 226 243 59 151 219 118 244 74 20
    220 15 114 21 183 85 104 13 225 236 13 84 176 168 133 251 75 244 70
    216 139 78 155 157 57 28 96 5 131 159 135 35 49 84 111 4 144 107 107
    140 76 214 135 3 238 151 12 144 177 112 61 118 236 183 57 32 65 63
    30 234 98 128 227 127 31 47 174 100 12 227 171 103 239 45 26 103 178
    103 34 97 200 198 58 114 80 125 148 58 90 14 184 123 30 184 177 243
    59 187 127 22 175 162 58 110 91 87 22 162 58 179 240 10 25 53 42 107
    18 161 241 213 252 172 19 72 29 67 37 238 112 190 112 152 177 208
    139 210 31 145 140 178 62 60 105 224 173 182 206 6 214 140 232 154
    213 50 208 250 233 254 108 192 157 219 100 17 89 135 26 141 199 183
    37 93 2 198 88 196 110 28 220 4 237 67 16 157 217 189 240 192 11 251
    135 43 60 13 51 116 217 58 23 212 208 113 191 104 231 230 88 112 235
    191 48 197 53 81 230 221 70 184 169 207 238 84 76 191 235 48 197 61
    64 26 245 22 81 25 96 96 203 112 189 182 99 222 110 45 116 189 230
    249 212 233 225 41 71 134 193 221 24 237 146 124 111 237 95 31 96 97
    175 193 130 160 142 120 128 102 116 9 60 134 151 16 242 140 195 112
    51 253 201 54 72 249 180 101 1 211 81 67 106 33 171 141 187 59 249
    224 152 130 59 144 44 8 101 227 173 178 204 34 131 15 45 242 12 47
    190 189 70 24 107 20 134 61 203 183 1 7 130 206 194 14 67 189 65 178
    82 173 143 236 176 77 173 145 168 219 133 57 213 129 200 94 79 92 61
    193 223 221 114 226 254 49 142 161 188 134 252 133 69 184 229 200 51
    177 36 98 194 237 82 204 61 40 25 223 42 23 177 54 32 194 141 218
    110 14 133 86 203 139 200 198 32 73 192 180 238 186 109 43 99 95 108
    97 195 16 153 66 98 44 236 49 128 103 22 101 110 178 207 69 47 62 54
    231 207 24 110 27 32 209 11 41 254 253 206 189 76 194 158 47 101 128
    26 106 170 169 184 3 152 80 141 102 47 190 179 192 92 229 148 194
    158 96 5 123 73 76 37 118 94 225 55 255 117 138 9 141 98 251 50 149
    223 225 22 225 129 100 205 210 144 182 232 55 23 253 139 103 168 16
    56 245 64 223 98 128 77 128 189 30 73 92 119 35 172 6 32 23 55 48
    141 176 112 231 30 187 33 216 121 98 126 121 234 212 97 228 164 83
    143 76 25 3 197 189 229 151 73 223 216 85 254 31 21 119 208 211 243
    20 99 169 25 48 44 76 48 121 188 194 208 246 231 26 63 225 136 187
    14 138 12 211 253 215 45 87 92 174 60 46 216 98 250 162 43 160 255
    241 26 205 140 255 181 159 226 2 72 233 247 93 107 54 106 182 136
    239 165 154 189 2 121 153 24 61 67 37 191 229 251 82 156 51 211 93
    193 234 17 123 207 163 246 212 134 71 68 2 3 71 209 182 22 164 146
    118 225 235 224 185 181 164 91 181 215 88 17 27 173 76 207 152 144
    103 146 179 9 100 99 50 46 174 234 107 169 90 181 150 215 246 97 117
    41 202 86 17 64 184 124 39 105 81 176 46 144 98 128 233 241 231 215
    179 211 114 222 243 165 197 106 229 197 104 177 168 50 132 101 177
    95 34 250 203 99 89 119 220 162 153 100 113 150 219 255 233 81 30
    201 221 97 79 109 65 117 92 232 43 175 243 17 235 146 42 149 202 33
    184 43 103 157 158 123 252 46 207 217 47 142 39 201 154 94 79 128 80
    96 165 239 241 91 209 0 33 86 110 255 50 37 136 208 92 236 179 90
    207 85 74 52 110 41 252 199 242 29 166 72 3 142 141 164 29 159 162
    76 52 78 151 193 215 173 67 252 73 114 130 210 130 184 225 119 86
    249 75 29 8 89 206 166 227 108 222 21 110 61 106 52 251 211 46 229
    188 62 103 149 227 67 205 49 218 114 3 129 16 249 125 3 166 51 72 34
    30 29 8 204 60 44 52 119 123 79 195 157 157 186 58 220 58 70 21 238
    179 152 210 212 94 191 51 164 195 137 137 99 68 148 221 129 120 249
    63 128 23 246 111 226 238 60 145 120 218 242 98 74 238 87 88 148 176
    191 40 113 48 221 226 105 97 178 241 58 220 120 249 9 175 137 200
    244 43 51 209 144 28 130 233 187 44 110 194 85 237 14 64 253 3 211
    194 65 81 42 136 180 248 254 98 215 8 122 144 96 1 24 171 61 44 50
    218 208 239 253 141 190 111 111 23 43 0 4 28 108 100 135 109 52 128
    222 20 2 102 71 51 27 121 247 187 72 9 223 50 193 124 75 252 25 44 5
    233 3 253 15 33 67 192 43 135 115 24 156 139 206 71 238 192 40 65 39
    114 103 158 169 39 248 79 237 86 58 43 176 63 196 137 42 197 134 156
    238 43 113 246 5 18 196 91 242 74 214 158 170 45 229 77 110 115 121
    50 18 90 253 51 241 161 26 205 33 213 99 212 18 172 85 25 233 251 70
    181 174 54 25 87 111 19 189 219 53 173 173 88 112 214 228 109 56 229
    107 101 193 129 52 195 98 87 19 55 248 130 245 207 104 101 173 193
    207 130 62 29 237 23 200 197 173 98 192 178 177 145 10 2 2 198 166
    42 156 64 143 213 116 249 84 237 254 65 109 180 79 227 112 128 181
    242 183 211 191 163 35 247 194 225 6 145 151 143 248 193 103 148 8
    222 86 115 43 7 35 13 198 158 145 234 97 245 141 105 47 63 198 67 82
    77 26 203 107 144 212 211 33 202 111 113 117 7 18 45 200 235 97 87
    233 45 238 57 107 101 34 184 174 107 18 84 191 104 189 42 214 157
    111 11 251 254 129 237 153 252 138 127 221 198 20 3 227 116 200 171
    210 61 226 233 57 90 1 238 70 166 197 32 141 206 11 89 232 46 209
    151 131 9 193 116 197 68 173 8 150 200 15 142 122 216 131 92 237 25
    166 153 53 76 141 143 129 109 7 238 44 151 150 161 183 13 254 70 44
    51 245 73 254 180 9 51 115 37 153 161 246 249 65 90 24 69 124 122 62
    62 1 112 83 31 39 179 45 66 174 170 10 63 51 157 106 103 90 206 163
    153 12 193 161 181 31 233 233 92 77 196 12 45 91 13 118 243 74 60
    219 198 17 158 45 255 244 94 237 186 155 113 125 206 198 157 62 102
    140 98 108 161 71 247 241 123 93 21 22 169 174 228 51 247 87 123 63
    52 87 241 77 41 185 129 115 160 47 88 66 60 1 63 218 217 27 10 146
    156 20 52 131 15 22 3 4 33 154 146 206 248 195 87 173 254 186 143
    248 109 121 135 7 241 173 27 26 77 25 245 6 109 11 160 249 198 194
    61 19 195 7 135 83 243 78 236 94 142 140 143 62 232 212 244 119 193
    150 168 191 115 104 180 52 44 84 152 169 177 31 112 18 142 63 167
    253 249 148 239 219 149 240 55 21 48 146 42 216 234 183 149 118 221
    112 45 76 134 70 205 221 57 117 35 129 223 102 212 169 245 148 47
    156 51 97 113 37 110 73 6 58 217 131 5 121 155 134 223 190 245 129
    73 163 210 159 131 218 92 24 248 210 89 37 166 33 192 116 106 198
    150 24 48 199 235 57 181 126 229 13 119 178 172 9 64 193 133 106 161
    254 22 123 160 40 73 188 51 55 78 28 50 95 137 14 161 213 238 169
    240 72 169 152 216 27 171 133 209 105 165 18 246 208 111 182 10 40
    204 44 235 236 212 238 138 0 54 205 179 203 224 159 50 78 154 125
    118 191 155 221 237 177 246 202 204 90 170 140 145 173 201 28 248
    182 22 213 153 142 151 126 65 129 90 172 244 89 70 253 178 57 183 67
    101 244 224 24 33 223 209 53 8 144 187 60 240 91 47 78 143 36 92 185
    141 247 190 178 79 91 163 12 13 96 119 88 14 41 67 230 50 145 187
    247 85 21 18 65 251 191 26 17 25 50 40 169 40 198 174 195 109 8 86
    99 240 62 51 143 36 54 187 198 99 35 249 230 69 60 126 188 165 148
    50 187 210 147 217 2 19 86 223 198 151 49 115 188 46 238 175 37 24
    89 11 102 141 134 89 177 22 11 47 164 217 148 132 81 80 245 90 237
    124 36 40 160 179 67 92 200 45 105 36 46 144 128 118 30 84 104 135
    84 198 230 216 212 211 176 105 30 135 84 214 201 89 109 198 119 49
    76 170 78 4 207 82 154 79 22 143 43 183 218 78 164 211 182 239 46 24
    208 82 142 51 65 33 57 6 188 19 21 175 6 92 193 254 69 175 101 217
    252 236 197 193 196 11 53 97 233 249 194 208 41 83 221 36 115 173 85
    1 201 200 120 106 123 231 31 1 59 251 71 232 214 208 147 229 80 41
    114 183 161 151 191 217 96 51 162 147 8 167 251 245 29 78 142 87 10
    246 111 179 245 3 227 223 228 202 177 136 57 116 159 191 106 170 193
    124 27 145 95 30 18 157 120 123 139 50 86 172 10 37 218 160 61 125
    108 25 46 163 169 120 168 142 180 33 18 193 146 116 96 195 130 98 0
    202 84 240 143 245 244 66 30 138 198 55 63 225 122 67 179 78 127 212
    139 11 229 143 53 38 174 127 74 129 40 160 40 253 154 232 189 64 27
    174 194 91 44 63 92 30 203 204 215 96 147 98 6 104 181 187 116 144
    97 69 145 183 62 19 117 240 102 233 71 41 119 132 88 149 108 20 0 26
    27 75 77 67 235 227 235 65 255 82 115 204 79 178 71 74 247 219 116
    208 196 245 113 7 39 56 223 129 137 132 64 6 237 142 109 5 243 72
    240 94 3 77 169 2 166 115 50 203 200 97 32 187 223 89 87 106 205 115
    129 202 181 192 104 119 116 18 136 181 49 160 202 20 130 249 244 191
    44 118 54 167 250 122 204 6 87 165 55 109 124 224 29 200 246 171 103
    39 218 87 37 5 221 236 74 153 235 42 231 93 98 24 28 221 159 11 180
    203 73 232 17 80 58 41 7 181 173 54 36 122 126 204 173 130 14 10 82
    42 250 135 66 233 17 242 190 166 1 61 115 71 11 9 9 248 135 239 215
    85 55 187 207 134 139 6 75 71 18 161 101 147 22 150 210 103 238 81
    157 76 175 243 19 243 143 145 96 0 155 128 248 161 250 155 243 59 43
    157 108 188 237 155 189 236 35 158 191 64 172 3 211 89 31 82 199 226
    114 219 70 133 203 230 152 232 132 41 108 44 90 98 81 137 138 109
    112 101 210 124 223 154 59 30 12 4 36 217 221 6 62 37 108 99 7 12
    139 245 109 143 55 123 31 65 145 30 128 221 248 227 168 111 133 197
    148 221 205 104 52 16 177 91 229 31 156 208 176 9 180 144 230 86 98
    243 168 148 94 72 27 78 138 168 87 9 110 184 77 185 193 249 124 71 5
    145 167 65 143 94 46 43 182 148 60 171 212 205 137 48 128 28 52 221
    22 33 160 253 222 13 248 31 65 81 161 156 99 135 184 150 224 161 208
    16 161 7 8 191 244 213 48 122 205 203 240 104 145 205 40 110 244 91
    137 137 85 193 203 233 105 139 3 95 252 83 155 254 135 177 178 42 92
    168 192 52 18 214 173 72 159 5 41 98 125 27 98 99 102 117 105 13 53
    174 254 98 241 200 93 159 38 72 173 201 225 211 143 15 90 23 127 26
    49 231 59 45 16 169 127 101 213 5 43 156 200 102 199 230 119 180 49
    195 146 97 206 105 71 193 1 34 5 35 227 192 5 108 159 246 163 243 70
    113 168 14 66 169 223 82 112 241 165 96 114 239 198 45 147 32 37 115
    95 44 157 115 243 242 85 175 226 89 57 184 43 150 164 24 36 171 186
    235 235 38 59 123 27 154 200 208 253 70 147 71 80 164 237 26 213 192
    235 40 102 201 79 171 163 212 200 19 98 13 80 82 230 223 154 122 126
    159 14 232 94 89 38 127 142 119 56 187 192 55 175 157 165 124 52 89
    148 118 196 229 245 204 116 216 174 247 236 70 214 181 194 190 14
    252 93 20 107 30 147 116 94 168 151 170 113 80 54 64 215 255 118 108
    137 167 195 189 113 169 83 111 71 216 158 150 148 132 69 189 169 150
    119 217 94 115 16 65 48 142 69 46 220 41 156 113 91 141 76 110 125
    32 56 73 85 20 122 18 239 42 141 142 57 241 217 83 181 132 15 174
    212 18 200 30 0 218 14 62 99 245 187 238 183 159 199 138 123 52 26
    28 89 93 42 212 163 104 232 247 77 178 101 5 123 69 70 243 166 34 30
    244 51 220 85 115 107 246 200 58 64 189 81 191 106 97 34 225 155 90
    160 121 252 135 195 17 35 57 47 92 24 150 199 229 146 183 35 178 30
    224 34 65 183 16 41 236 11 86 68 191 23 223 168 159 17 43 1 115 28
    98 181 157 152 68 112 2 162 57 64 61 90 67 7 92 217 209 223 101 29
    240 137 190 234 164 43 91 105 189 213 110 224 219 216 169 184 183 26
    7 69 120 19 183 255 5 36 38 23 10 3 159 84 161 170 75 82 26 236 158
    193 197 244 182 159 111 164 10 206 69 34 51 196 82 89 8 127 228 80
    78 90 163 223 162 19 241 255 135 9 190 215 163 126 133 3 213 127 130
    166 55 143 93 201 132 131 10 52 211 173 5 26 95 117 213 151 145 68
    87 126 163 34 216 153 37 54 119 128 181 229 226 222 143 67 208 207
    46 239 150 168 229 87 59 42 5 244 37 182 73 105 8 217 13 54 164 12
    138 6 250 182 14 213 131 46 51 65 108 124 212 127 25 90 56 168 65
    175 39 61 197 57 114 120 230 6 150 43 168 177 237 175 7 10 153 109
    239 236 45 97 29 19 132 207 143 131 236 88 227 196 137 161 236 157
    157 72 90 229 243 227 98 111 201 32 57 247 27 100 99 245 132 232 249
    191 135 44 31 43 76 148 210 52 118 15 24 200 135 80 46 112 149 52 53
    166 161 81 221 198 159 37 2 11 177 153 154 77 38 66 181 38 113 67 68
    254 19 131 23 139 62 142 217 38 0 192 164 62 94 224 91 142 115 58 60
    155 136 2 78 175 208 121 7 250 152 44 149 204 131 172 239 217 45 145
    179 85 45 56 145 239 190 197 147 66 67 51 80 97 78 141 1 151 23 121
    68 52 151 132 152 44 71 217 19 213 1 189 132 107 216 193 37 210 204
    80 219 43 89 168 204 212 176 80 135 69 167 42 40 53 228 140 149 38
    173 191 251 22 250 209 242 41 76 116 127 125 94 141 85 152 64 107
    215 92 112 137 92 231 52 91 91 127 116 154 253 255 163 237 174 240
    112 97 21 104 192 44 121 185 108 123 56 131 37 230 94 171 173 129 15
    95 93 85 130 221 217 219 43 132 241 156 239 72 82 139 135 26 109 86
    20 116 216 103 196 92 19 8 141 210 144 230 67 130 156 115 109 98 143
    224 177 61 153 121 109 93 41 131 199 92 124 42 52 33 230 220 243 102
    211 84 192 160 20 165 19 84 122 78 105 125 12 24 4 113 237 165 6 4
    73 21 88 149 201 127 138 222 236 7 29 252 48 217 19 126 59 152 14
    129 94 53 56 200 170 135 29 62 162 17 156 173 13 83 4 166 41 115 214
    216 89 166 253 22 180 90 105 247 127 145 200 48 121 30 70 62 233 92
    155 115 248 20 186 106 167 219 131 250 235 218 175 4 86 50 74 171
    135 190 18 26 144 240 188 149 230 178 33 183 116 11 78 151 251 75
    156 250 164 26 251 168 110 237 125 22 71 233 171 53 122 33 54 218
    210 80 33 22 96 214 214 230 206 64 97 240 229 121 103 98 168 13 163
    156 47 28 107 168 202 4 139 15 182 196 79 223 249 150 12 90 80 194
    179 154 81 5 45 56 126 250 195 247 226 8 2 99 147 242 100 183 39 207
    239 173 79 96 234 252 18 178 130 104 135 151 167 215 96 157 182 179
    55 6 190 47 19 235 161 215 255 111 52 122 245 60 55 118 64 47 135
    201 225 96 240 57 204 167 166 203 100 168 201 138 66 31 23 126 7 119
    209 5 7 250 52 200 97 213 31 164 126 189 198 245 246 154 52 198 44
    146 218 118 119 195 24 132 6 211 24 146 202 66 38 141 243 242 180
    252 55 122 178 147 205 232 210 26 120 215 240 13 127 200 70 15 92
    182 18 101 39 14 181 62 228 201 39 29 111 251 139 82 253 130 74 224
    215 0 224 55 103 229 123 37 149 161 21 211 11 61 89 220 242 219 125
    152 204 47 52 7 3 113 153 109 13 234 107 93 38 244 52 253 235 231
    109 158 176 238 89 97 227 21 195 107 228 221 89 80 207 130 237 199
    62 29 185 175 240 181 171 119 62 194 135 4 59 138 185 254 163 218
    157 228 123 99 215 166 231 250 216 80 243 25 36 58 59 52 165 84 210
    57 141 108 52 120 163 215 203 126 238 1 8 54 106 251 149 185 226 242
    144 3 24 34 44 155 72 234 69 200 187 43 134 218 243 87 97 25 107 126
    133 131 40 231 11 160 195 98 61 253 101 109 199 114 179 128 133 84
    116 221 86 113 195 196 138 54 96 79 104 141 157 41 73 154 103 103
    182 48 8 243 18 65 56 90 238 156 118 166 21 1 97 229 111 73 204 182
    255 143 32 157 24 103 249 227 60 194 226 145 202 216 206 45 77 97 24
    95 166 77 243 218 136 100 153 236 29 111 168 225 206 188 30 73 113
    21 188 159 44 107 90 255 146 245 179 139 145 223 139 227 229 187 19
    255 250 189 113 138 84 96 201 76 224 182 10 123 85 221 185 62 184 92
    22 155 156 93 214 2 107 12 91 194 183 59 113 134 198 109 5 193 118
    215 194 249 246 25 38 44 234 189 67 27 192 192 124 218 178 39 26 81
    232 86 12 81 85 136 212 97 231 55 137 54 63 161 177 26 124 24 175
    167 23 153 181 131 148 4 144 246 187 242 137 83 146 93 95 111 30 112
    217 2 96 241 59 70 250 230 18 86 133 41 177 247 231 173 44 147 171
    20 9 139 21 169 37 62 222 242 217 120 200 53 85 18 123 129 137 28
    248 181 125 97 0 74 252 143 239 207 2 197 208 154 246 7 121 253 187
    5 121 144 221 140 194 248 220 250 142 66 44 241 246 177 173 109 72
    173 3 122 100 9 59 255 225 207 221 114 40 133 237 91 249 253 0 102
    189 18 173 111 32 10 111 98 51 22 108 179 53 136 207 12 151 243 207
    76 225 32 232 177 168 196 163 17 94 147 79 215 79 32 86 148 186 54
    23 102 38 59 176 46 182 197 27 187 215 99 155 49 39 71 8 151 173 173
    138 148 39 26 157 86 94 58 228 234 45 69 156 48 87 92 181 214 173
    172 87 182 232 128 251 237 118 214 150 184 115 148 164 136 201 25 35
    159 7 2 80 95 117 49 243 139 25 73 216 99 225 196 148 71 117 243 35
    32 154 153 194 175 37 87 17 59 34 192 235 247 222 19 40 76 187 101
    75 93 225 248 39 72 253 223 165 216 188 45 85 25 248 210 93 33 194
    239 216 217 243 138 74 120 108 127 178 243 181 189 121 252 183 170
    250 228 144 227 172 33 72 27 61 139 215 187 79 169 187 39 176 123
    102 8 115 135 173 12 201 31 155 95 173 55 28 80 182 6 235 178 251
    208 63 37 93 54 148 101 51 34 210 229 109 202 124 114 3 136 215 2 57
    182 198 69 33 169 3 165 182 37 85 183 177 66 183 78 84 239 73 133
    113 219 113 94 6 230 94 178 96 253 184 113 242 30 206 2 111 41 218
    77 32 235 148 37 50 46 29 55 235 181 192 98 111 230 39 4 51 17 192
    52 167 19 188 253 219 121 50 118 10 122 10 62 151 204 174 164 180
    229 68 229 244 177 131 32 182 210 85 60 126 62 40 214 130 63 65 153
    95 196 197 152 149 144 168 98 212 174 79 139 255 137 144 7 213 176
    219 181 128 44 184 243 185 23 65 98 243 59 149 253 129 179 23 38 242
    65 254 193 235 141 237 182 175 196 28 84 141 200 163 9 171 14 56 251
    255 192 74 203 39 169 235 83 137 113 90 151 174 125 136 221 152 74
    134 128 252 197 82 102 225 26 114 87 139 149 114 131 97 201 79 60
    182 237 84 60 42 229 132 61 42 104 167 27 38 73 208 95 74 147 151 53
    20 223 0 2 129 142 49 228 34 203 187 31 219 151 138 167 213 103 206
    201 90 44 26 60 249 117 4 86 99 35 91 144 135 73 5 211 212 28 217
    181 115 123 110 85 52 166 178 137 221 200 228 16 225 120 135 46 55
    141 202 252 150 139 45 106 78 70 207 97 143 82 113 62 139 138 100
    123 116 104 67 176 57 228 58 128 50 231 130 213 37 43 44 200 59 172
    143 43 106 229 216 143 51 236 132 206 67 175 147 140 11 169 76 108
    242 187 100 170 250 1 49 182 140 136 111 99 238 15 74 239 126 84 12
    217 39 6 53 2 98 2 134 181 177 231 105 114 109 68 82 153 9 192 114
    171 51 164 163 161 152 192 178 15 208 218 156 255 195 9 40 13 21 9
    51 70 57 133 110 27 190 17 240 20 75 7 153 48 76 10 143 155 126 18
    102 188 71 137 254 8 178 89 50 16 16 38 46 166 44 118 42 68 61 124
    85 107 175 116 127 45 193 159 64 184 139 157 235 164 96 34 2 175 40
    142 237 190 24 108 206 184 250 232 234 158 199 130 1 70 195 251 181
    226 195 10 88 92 1 67 111 17 220 40 13 132 161 198 92 126 50 119 28
    42 24 40 12 231 180 217 184 0 64 25 194 86 44 253 203 170 130 107
    213 208 157 96 135 187 152 242 203 86 102 214 9 236 196 226 144 237
    23 161 122 226 36 94 30 24 67 121 18 150 159 9 126 216 73 235 76 42
    242 31 229 214 174 210 224 117 68 177 118 197 175 52 59 143 42 156
    60 188 169 41 253 115 160 78 32 30 201 234 132 117 160 168 170 154
    223 82 54 251 230 24 8 213 210 190 38 88 188 65 145 161 215 161 215
    30 85 48 152 80 26 74 118 91 120 86 212 11 248 5 245 115 73 197 97
    12 203 3 134 0 231 110 170 123 225 158 230 208 2 242 189 225 144 93
    19 143 38 63 72 117 62 89 86 106 192 125 223 3 88 36 186 237 193 234
    188 122 134 254 47 126 161 42 77 103 125 170 124 208 34 85 188 203
    211 221 209 119 226 39 121 155 185 238 246 33 212 187 65 96 116 242
    79 232 231 215 197 101 115 188 88 71 182 177 85 69 28 244 11 42 42
    140 254 185 84 181 65 11 170 54 185 141 212 81 32 88 165 178 130 253
    195 234 64 150 235 246 36 157 182 157 119 108 52 67 214 54 55 120 86
    83 50 28 148 196 238 214 206 165 28 151 100 170 91 41 11 127 158 113
    14 66 34 207 148 171 129 150 86 105 179 104 183 65 219 70 218 16 139
    104 140 233 78 119 118 222 58 172 111 79 16 1 247 179 175 20 7 157
    70 84 219 44 68 26 168 183 160 231 244 176 29 63 156 81 64 191 62
    232 170 202 76 182 52 243 107 66 202 35 216 65 194 137 103 231 233
    23 233 42 143 163 22 76 183 31 240 171 154 199 118 243 89 139 117
    103 67 54 121 238 144 132 136 215 71 86 73 61 45 114 181 149 25 21
    191 240 39 86 243 70 32 43 224 196 11 92 28 67 138 194 82 164 128 14
    129 61 102 237 126 128 150 248 129 146 201 126 186 245 85 222 217 49
    27 17 178 48 88 131 142 81 171 184 60 14 139 152 244 114 199 15 143
    84 55 253 34 186 90 176 210 183 112 173 19 243 46 181 168 251 178 29
    177 36 90 190 62 160 17 232 202 177 128 25 63 153 136 21 60 86 213
    129 191 59 84 0 187 3 77 208 10 37 202 254 138 127 172 183 151 67 24
    236 246 158 91 55 102 78 137 235 241 248 118 157 70 66 161 200 24
    231 217 234 113 52 87 82 197 253 59 52 209 246 206 216 249 131 158
    233 163 160 191 241 155 183 67 223 91 156 56 42 119 46 147 5 99 33
    242 2 66 141 35 229 165 85 29 105 175 84 18 61 177 109 118 62 23 157
    211 238 120 57 63 87 87 201 209 39 99 92 18 216 242 251 107 85 16
    183 187 90 82 25 230 2 216 3 242 27 183 78 232 227 61 55 166 127 250
    57 223 208 145 146 114 108 146 196 98 223 215 251 247 36 142 249 155
    114 217 12 101 233 244 229 116 2 36 6 222 38 229 3 74 198 145 107
    113 81 93 19 255 187 66 195 80 39 215 205 53 120 164 40 189 150 143
    229 8 95 211 214 124 191 149 35 9 100 188 92 121 68 196 242 223 238
    217 205 67 208 46 14 76 35 121 152 187 161 214 42 76 189 205 53 10
    81 124 9 56 170 212 71 245 21 29 57 152 104 147 127 118 47 255 49
    145 224 18 29 201 111 191 91 75 149 93 244 211 1 209 122 112 213 194
    103 24 137 207 227 203 18 166 137 242 177 159 190 200 128 22 244 62
    71 192 102 38 255 3 228 146 95 209 113 19 134 45 60 227 152 172 201
    60 194 21 98 243 237 75 239 245 161 230 11 89 225 251 194 188 151
    109 190 17 235 77 6 77 19 203 106 88 147 117 18 109 245 201 26 19 54
    134 53 144 189 206 206 190 92 185 97 242 149 104 43 185 53 100 217 4
    181 79 217 246 133 232 142 168 99 40 155 217 128 10 127 252 126 25
    138 102 11 80 28 180 200 141 51 186 0 232 183 136 19 28 119 66 165
    116 195 125 171 53 205 76 111 182 206 178 138 221 106 164 43 140 51
    162 52 87 61 11 66 157 52 156 128 223 2 33 185 224 132 254 56 71 162
    249 13 47 121 63 4 226 51 118 30 125 247 106 159 4 15 48 181 232 58
    66 214 136 112 41 234 145 51 96 109 120 54 116 133 162 207 50 57 83
    98 143 108 5 83 132 130 187 245 198 244 201 107 98 160 144 74 91 127
    80 168 93 188 24 124 239 250 233 127 233 234 85 60 67 159 148 152
    172 77 100 195 155 78 62 189 147 143 115 186 112 172 185 109 9 42 78
    187 139 41 237 5 218 121 43 137 107 72 55 94 253 73 131 14 24 157 93
    255 137 50 99 36 94 223 195 231 30 47 115 248 108 148 217 200 84 170
    102 20 81 166 81 141 84 84 57 146 42 222 143 139 3 170 170 0 189 186
    124 76 87 225 62 70 150 55 46 22 207 124 85 255 227 48 14 93 152 187
    236 6 203 229 111 150 153 135 232 97 83 29 14 232 180 191 66 132 176
    58 17 105 47 196 239 53 148 139 175 9 181 80 143 49 60 155 190 153
    248 95 77 59 117 95 65 176 134 157 196 57 252 241 125 137 46 174 136
    248 103 165 88 131 140 61 200 214 85 241 113 24 81 118 249 144 116
    97 35 208 160 58 51 184 227 249 225 56 136 200 242 181 2 109 169 79
    123 71 180 21 236 54 52 157 58 110 103 142 35 62 98 120 178 107 146
    110 230 5 233 86 32 102 53 49 239 159 187 8 115 150 182 249 250 69
    21 212 13 32 145 221 149 102 236 15 78 20 110 120 195 233 201 228
    247 255 14 233 78 197 55 11 223 27 173 1 235 33 76 241 109 81 140
    224 51 213 200 148 71 149 151 51 76 175 102 183 216 219 136 213 122
    1 94 80 8 177 85 218 248 249 181 73 190 190 135 216 225 119 77 60
    191 207 186 154 253 244 29 172 248 177 55 71 251 126 239 4 121 157
    74 124 150 45 96 179 219 216 211 51 200 191 249 38 20 229 101 63 28
    71 73 199 157 3 187 252 38 48 151 238 200 82 244 103 248 29 36 146
    58 129 214 177 185 166 87 113 1 228 224 62 249 68 29 239 70 107 17
    23 67 210 67 193 192 181 209 131 166 231 35 181 41 10 170 71 237 226
    80 118 172 252 187 156 59 10 30 19 251 34 163 161 129 68 53 61 155
    159 15 110 53 239 212 1 29 58 152 11 250 55 85 185 2 53 190 51 250
    73 36 67 242 164 185 62 6 207 179 134 250 199 98 203 174 8 87 14 133
    174 205 175 146 29 41 65 102 102 115 211 245 104 101 37 249 254 227
    166 212 192 12 204 245 181 19 93 116 187 76 39 170 82 75 17 83 9 219
    251 140 182 91 79 215 210 219 17 132 224 252 44 106 49 129 190 70 9
    222 107 25 194 56 229 85 14 8 76 0 44 14 211 72 89 76 215 147 81 228
    116 81 78 107 40 154 130 195 66 238 157 60 178 194 35 193 21 114 70
    244 243 10 84 239 217 32 50 224 91 224 36 90 115 7 1 0 202 206 162
    250 92 49 11 84 243 72 54 213 148 121 161 255 75 93 128 136 88 95
    112 142 55 232 72 64 70 120 79 172 129 80 46 30 198 174 199 133 204
    188 97 98 45 213 194 59 197 197 134 27 71 115 45 239 45 86 133 44 38
    5 139 2 2 23 242 27 67 250 79 82 75 33 126 190 229 41 20 97 239 140
    17 119 113 128 36 5 84 51 94 216 174 31 48 232 104 91 196 219 108
    230 196 164 29 103 125 190 142 201 176 7 255 111 132 141 179 39 178
    93 212 28 152 68 213 229 30 84 56 177 5 102 252 86 28 94 101 160 177
    141 152 20 21 230 217 190 152 254 160 195 73 18 57 135 203 88 248 79
    1 190 31 47 29 50 131 37 62 151 86 206 196 68 129 248 78 117 247 70
    158 129 52 215 42 118 224 240 98 2 125 203 186 20 129 186 16 58 40
    67 160 174 209 172 97 75 56 17 107 96 206 157 184 241 96 108 110 153
    146 14 64 72 58 254 217 50 25 78 42 80 148 125 81 31 221 248 231 81
    117 226 14 93 110 24 96 198 87 244 130 214 117 102 98 47 126 57 70
    70 186 7 239 74 110 169 62 184 152 69 180 248 197 210 6 129 178 162
    109 85 188 191 31 179 252 141 126 232 178 27 145 196 151 21 163 237
    124 123 126 176 212 154 166 56 81 67 180 201 18 97 241 214 79 83 254
    212 174 220 6 133 126 6 249 134 220 144 62 189 98 102 125 223 197 93
    31 19 52 170 176 164 253 224 15 22 245 140 151 22 249 24 30 155 80
    173 4 38 188 69 80 8 26 95 60 204 138 151 152 242 99 87 147 61 20
    151 41 183 133 158 174 6 166 68 120 86 156 177 147 158 165 47 178
    120 51 3 196 202 177 89 124 95 178 11 186 32 99 102 48 231 164 158
    149 249 241 191 189 102 122 112 249 10 40 213 228 37 40 40 219 56 8
    26 174 191 36 127 248 47 160 2 156 220 33 150 0 199 146 98 33 192 70
    39 84 221 197 132 3 101 20 178 150 169 89 28 161 123 175 128 156 248
    198 99 212 230 23 163 176 117 32 44 120 50 63 91 194 191 78 215 82
    84 117 86 165 154 40 193 116 235 213 121 16 56 68 137 128 199 109
    128 52 94 12 22 0 240 63 176 213 208 176 193 189 27 255 88 35 108 7
    201 115 238 5 148 217 192 175 236 51 217 98 115 162 18 237 124 181
    180 57 133 203 166 210 206 187 232 224 191 189 175 93 175 108 88 51
    38 94 102 213 101 191 140 25 231 138 78 46 246 110 104 62 106 5 111
    158 122 211 8 97 160 56 201 8 213 169 58 118 24 29 232 121 163 133
    223 97 214 76 189 132 177 135 174 251 73 0 146 176 159 162 214 25
    187 255 159 187 169 161 56 100 77 32 67 7 84 183 63 42 231 120 25
    207 165 61 145 162 245 43 242 80 237 106 101 151 193 121 33 89 167
    32 179 238 49 91 39 192 249 36 85 138 24 113 60 96 58 111 37 189 238
    39 18 202 111 178 35 5 170 132 170 54 70 199 200 110 93 148 36 8 243
    177 30 125 95 96 182 252 14 56 26 159 142 218 52 171 219 62 208 19
    134 189 91 148 10 222 16 205 246 37 218 108 50 187 152 11 135 238 55
    111 177 90 229 127 199 182 112 230 141 243 20 214 118 74 42 222 135
    216 21 123 196 164 63 42 106 223 203 38 196 213 106 47 69 65 178 203
    106 120 42 250 10 209 214 73 71 30 72 9 183 6 154 195 209 49 166 44
    63 106 222 123 229 145 147 50 135 100 168 66 126 157 184 111 137 131
    195 212 147 160 142 110 152 52 42 52 94 97 154 248 48 245 102 162 94
    64 186 240 93 209 200 242 244 45 34 172 179 207 149 139 132 17 37
    143 60 108 16 164 208 200 18 16 126 208 172 110 77 12 249 149 84 19
    194 53 130 163 40 218 92 251 240 157 100 200 207 43 210 14 97 218
    106 237 175 80 222 92 137 32 46 227 39 157 39 202 72 40 56 136 3 217
    133 119 169 196 251 65 3 76 97 130 30 94 235 148 49 209 103 142 160
    1 108 57 140 197 80 243 214 180 175 50 190 80 104 170 117 101 53 31
    99 117 92 211 94 83 162 236 233 130 172 101 92 16 44 132 52 131 72
    189 219 165 137 153 187 72 246 234 64 133 167 14 120 184 171 9 172
    134 201 124 108 134 168 156 141 36 39 120 207 0 71 3 157 192 138 197
    168 213 184 225 185 164 191 95 5 237 153 118 250 141 192 177 36 181
    245 251 25 140 224 252 102 142 110 93 204 38 181 55 70 164 226 193
    115 197 160 171 106 192 243 155 98 192 114 11 141 41 58 178 140 38
    36 81 252 30 154 239 121 198 179 4 94 45 230 172 1 114 58 3 134 162
    71 104 79 150 193 152 128 163 64 191 89 63 98 72 196 221 178 90 53
    143 44 112 3 211 29 139 54 88 72 58 176 170 33 205 174 62 39 194 203
    36 131 134 108 8 149 106 45 114 24 1 212 160 137 151 84 56 206 25
    148 136 117 145 21 188 218 55 84 88 128 243 236 169 1 120 147 135
    251 177 49 120 205 114 2 98 40 170 126 19 76 193 162 189 133 121 183
    157 222 205 200 148 144 175 7 202 9 234 232 33 123 23 187 121 247
    131 138 43 136 15 70 124 22 43 111 175 57 213 237 58 50 129 229 161
    215 95 96 136 171 78 187 19 1 85 17 189 250 11 238 12 134 192 203
    105 108 38 237 42 204 216 74 222 40 186 151 196 0 74 82 194 188 141
    120 94 118 18 57 13 34 136 4 205 95 7 3 64 5 46 40 75 217 131 171
    226 5 154 248 33 211 58 79 18 198 35 182 93 77 65 110 200 189 250 97
    124 81 82 170 78 77 65 9 35 26 206 216 232 27 191 139 250 38 151 205
    229 240 3 203 112 77 8 92 65 108 179 33 53 50 29 169 34 158 71 185
    147 123 79 109 61 238 188 134 242 245 133 118 222 148 142 232 192
    201 180 94 198 214 216 36 80 140 23 82 206 154 153 123 135 217 42 51
    220 28 224 89 170 98 172 153 133 245 224 249 166 18 124 154 93 185
    56 93 0 167 151 223 152 142 231 212 138 160 106 13 226 172 170 194
    200 196 38 36 155 146 154 81 55 45 239 85 200 251 126 145 184 40 225
    211 163 201 233 43 50 127 175 116 208 168 238 84 173 239 241 24 227
    126 18 111 62 75 216 183 221 85 131 211 224 223 255 248 20 249 205
    146 246 254 191 0 100 250 254 227 112 162 32 2 229 30 191 10 42 232
    212 200 194 30 219 10 148 52 242 109 180 63 190 80 27 245 250 49 211
    79 136 200 200 52 150 201 68 28 245 117 190 211 184 253 194 103 63 1
    89 243 97 0 21 168 11 1 209 171 254 65 68 22 215 209 78 56 190 250
    186 175 226 145 161 39 188 190 192 136 195 124 252 23 187 221 181
    180 149 131 33 52 74 176 25 104 199 224 240 68 38 102 65 86 48 27 67
    223 75 86 151 48 40 170 61 41 52 193 44 68 0 155 64 12 142 74 147
    221 87 114 105 146 151 169 156 193 66 108 215 183 83 117 69 205 65
    228 200 218 180 42 43 39 60 16 168 239 125 90 151 159 175 6 17 9 125
    19 19 184 14 215 213 125 85 223 118 203 246 232 243 178 238 196 117
    186 60 84 220 135 61 192 194 18 197 46 181 246 28 82 214 32 111 164
    64 110 84 26 70 109 35 111 129 166 102 216 156 58 235 131 96 164 23
    125 116 22 10 251 251 156 237 20 41 33 50 114 64 133 42 206 35 203
    173 184 173 181 225 25 196 22 188 76 55 192 123 79 45 253 28 214 43
    219 48 198 233 73 224 9 31 101 223 199 212 169 9 39 139 133 11 48
    111 255 39 0 33 246 63 12 165 41 244 192 92 110 32 25 172 50 178 137
    85 34 64 123 136 239 57 238 9 153 225 223 209 145 56 69 141 128 34
    200 120 125 226 166 35 73 249 253 55 32 119 220 154 232 237 217 213
    161 238 199 131 32 167 22 248 155 55 46 20 131 124 7 113 43 75 64
    239 222 205 196 202 223 106 240 168 6 70 58 172 74 202 167 242 178
    157 1 125 23 160 40 172 109 170 96 150 242 202 115 113 133 100 98 41
    48 160 118 173 122 98 134 186 63 229 144 85 24 176 177 135 200 182
    235 236 160 55 178 167 252 14 152 14 120 53 94 210 69 106 10 29 16
    48 123 244 95 88 127 160 43 16 155 56 185 93 135 107 243 111 243 11
    51 27 224 248 249 146 105 136 130 194 147 124 55 236 67 84 35 124 87
    113 132 12 192 8 203 89 188 254 179 57 134 147 225 3 161 61 203 184
    55 40 40 247 91 124 218 15 4 38 177 206 135 157 250 222 168 38 93
    245 27 121 40 183 90 42 254 177 168 4 17 140 0 114 105 159 227 158 7
    151 237 156 48 117 124 143 93 41 43 171 76 173 181 49 226 90 205 30
    167 65 253 27 5 182 63 22 243 80 64 64 28 93 49 203 50 174 33 79 233
    69 6 49 194 14 91 144 208 208 139 155 173 140 98 148 161 91 169 181
    58 13 144 171 253 253 44 138 133 202 155 11 199 36 32 232 203 48 181
    95 69 6 0 90 149 39 55 70 184 121 103 127 69 186 123 118 93 191 100
    164 94 163 184 4 115 9 240 121 5 225 232 86 152 115 151 34 220 106
    77 242 58 137 8 245 147 200 163 191 148 159 192 132 137 149 126 12
    181 75 56 118 235 172 34 105 28 113 178 44 209 222 141 28 242 117
    124 115 68 179 183 54 57 119 57 155 68 53 112 13 89 123 61 125 228
    67 9 75 251 100 44 146 226 144 81 43 33 66 148 97 122 22 126 141 16
    216 67 96 43 207 89 52 238 71 142 199 88 208 181 71 86 106 215 99
    174 76 61 245 114 176 175 24 179 21 247 177 182 97 8 88 201 160 122
    182 161 237 204 43 211 133 121 25 211 49 230 126 165 147 227 189 116
    255 165 21 8 82 245 255 2 120 68 227 240 125 200 203 104 85 251 216
    62 61 13 54 245 146 222 47 18 178 59 168 92 99 11 25 224 241 165 152
    127 78 110 193 43 188 241 35 180 187 93 149 183 5 103 201 214 199 28
    246 42 60 95 255 135 105 251 58 203 209 125 63 218 219 50 165 71 128
    57 167 46 164 133 190 233 79 49 185 191 221 235 104 168 38 142 157 4
    244 150 201 138 204 7 198 235 129 217 137 220 138 154 224 79 88 141
    91 136 83 234 89 17 116 180 200 9 96 79 255 216 189 20 200 199 14
    246 197 50 43 82 16 105 104 47 59 124 83 229 30 142 203 38 201 207
    172 35 162 165 48 57 243 92 106 225 11 228 91 111 219 3 19 132 43
    111 29 10 49 24 204 74 196 233 49 79 65 42 30 21 236 191 79 40 191
    54 228 89 155 61 46 108 7 176 241 195 47 42 36 161 165 121 77 239
    141 126 239 178 255 198 12 64 185 179 185 31 238 204 100 190 96 204
    133 136 189 230 131 23 30 134 72 82 66 113 226 106 47 148 173 221
    161 203 76 48 82 66 85 129 14 168 254 246 207 152 204 137 29 224 138
    147 212 74 219 60 166 249 191 135 124 116 232 5 116 23 72 110 222
    109 41 91 204 73 174 25 222 122 243 136 253 217 143 231 207 34 252
    238 63 26 205 208 176 209 105 222 142 165 3 129 197 246 201 152 227
    76 232 33 189 69 213 144 39 64 177 132 153 14 199 216 20 78 191 194
    198 75 205 255 203 19 230 148 210 126 167 73 155 235 167 220 160 164
    61 249 46 157 107 236 223 91 0 10 238 157 174 16 66 8 42 165 255 34
    65 189 51 152 254 217 36 161 224 140 215 212 87 186 73 243 66 112
    191 245 92 146 13 30 136 153 19 127 17 46 192 48 98 211 187 130 156
    102 121 226 171 169 150 170 147 112 50 50 47 112 26 57 186 217 168
    200 138 47 241 30 127 123 89 160 87 63 131 104 23 130 134 80 254 255
    145 218 51 120 75 93 121 249 238 164 214 191 14 211 167 152 93 24
    166 23 116 75 212 210 40 145 243 93 119 0 240 33 143 65 242 227 58
    196 234 97 148 56 95 244 136 30 249 9 25 138 250 234 184 221 3 79
    136 181 9 73 160 254 171 84 193 79 99 194 74 86 83 234 203 83 86 10
    176 135 246 243 75 141 112 204 109 193 17 221 237 92 145 120 137 56
    80 57 203 220 160 89 157 8 52 235 73 20 234 220 254 170 8 193 165 94
    50 223 232 178 92 16 127 196 86 28 108 164 127 28 228 66 161 171 160
    126 233 130 34 138 229 56 27 40 179 106 95 118 83 177 238 86 226 196
    28 50 252 216 45 205 10 53 80 117 65 40 18 30 12 117 8 132 145 63
    181 248 54 113 97 107 131 120 13 254 80 90 127 26 121 107 242 248
    207 236 128 61 43 201 246 2 157 156 168 242 228 163 169 84 255 255
    108 9 60 234 27 223 207 71 148 80 47 36 219 137 17 48 66 223 250 224
    9 35 254 221 104 150 219 36 110 65 155 246 77 242 45 122 1 181 149
    178 88 56 146 216 183 122 85 204 128 214 215 86 248 71 7 108 51 80
    92 83 76 168 237 129 161 8 232 86 20 0 4 182 221 9 98 97 28 203 136
    237 115 217 54 168 208 76 224 153 91 57 198 202 178 210 136 110 191
    77 67 73 2 209 226 120 77 71 57 22 18 57 252 157 120 46 231 70 42
    174 187 116 251 142 198 244 223 94 4 34 201 231 25 83 255 112 25 39
    7 179 7 133 32 7 44 41 11 13 90 228 24 156 49 196 19 40 165 96 18
    141 224 167 143 101 121 234 116 94 0 68 129 53 118 78 241 43 255 43
    177 219 90 250 76 31 187 157 2 159 227 204 120 80 212 177 2 202 160
    225 20 96 86 81 86 30 63 116 41 66 60 9 127 94 193 26 117 119 78 37
    13 221 255 164 249 233 218 134 171 39 80 89 99 36 83 106 147 120 74
    129 150 109 209 84 3 114 217 18 162 127 146 28 149 243 57 48 146 33
    214 176 151 218 10 153 135 40 153 235 233 50 73 196 51 205 89 29 68
    64 193 133 230 17 153 194 139 249 52 133 185 248 123 126 139 143 186
    208 210 198 168 194 236 99 145 7 172 222 41 121 58 239 105 96 40 86
    107 64 175 84 217 87 163 234 197 23 224 125 197 114 245 40 146 236
    131 21 35 159 73 171 85 225 228 79 222 103 25 20 51 107 68 137 164
    127 43 175 50 173 135 120 20 157 114 230 149 38 6 208 89 56 76 55
    217 21 101 130 55 77 108 253 162 127 18 143 211 76 178 12 203 241 86
    77 37 210 43 218 255 228 20 82 186 7 177 127 1 204 69 217 125 120
    176 34 191 117 241 42 9 2 156 49 116 27 189 166 22 89 168 246 127
    120 33 155 30 251 88 159 40 63 103 21 97 151 210 168 169 190 100 86
    99 157 247 156 201 107 173 218 251 174 34 114 128 12 217 234 52 217
    125 158 105 2 114 147 206 219 234 194 123 52 218 166 242 101 26 182
    139 68 207 122 35 24 102 42 74 173 6 115 205 201 153 145 6 28 10 218
    231 114 230 175 3 154 184 223 49 250 20 154 24 243 147 4 22 64 28 13
    138 120 189 137 127 176 176 13 166 169 250 217 62 97 134 16 201 147
    125 110 133 198 139 7 3 51 27 119 192 109 216 168 176 96 165 192 199
    79 229 105 171 251 151 245 93 83 8 92 218 67 155 90 238 206 50 209
    74 248 112 166 202 85 129 197 157 30 87 41 123 27 103 174 229 69 3
    195 105 91 162 150 16 162 163 159 105 25 19 120 33 165 55 167 15 114
    151 28 241 144 222 234 61 167 199 125 110 227 61 67 27 251 104 145
    159 218 14 124 143 187 66 249 6 188 161 179 201 7 56 151 76 49 219
    227 205 9 248 254 219 107 226 191 187 82 178 184 191 103 13 107 242
    101 192 160 172 15 78 157 4 81 82 108 104 72 18 121 182 156 89 199
    151 49 76 199 227 128 160 125 195 250 60 91 148 204 42 61 3 228 174
    1 128 172 15 243 147 20 116 3 190 4 94 106 66 248 156 193 117 163
    134 179 154 162 3 98 244 201 2 30 222 9 77 178 156 94 143 92 151 205
    122 36 165 59 56 36 242 34 62 210 21 101 158 106 77 82 82 111 41 214
    97 111 168 136 174 7 51 170 4 153 77 90 0 26 60 182 68 140 248 25 35
    31 103 55 119 246 221 181 159 67 254 21 245 47 146 140 41 98 224 64
    107 29 33 183 151 246 233 25 101 115 62 38 111 162 12 252 73 61 182
    97 212 69 51 12 78 115 238 59 8 92 238 137 225 134 252 48 247 87 38
    65 105 184 205 124 245 21 94 199 32 204 123 100 206 219 250 201 34
    15 240 239 35 197 117 162 238 51 31 56 28 98 105 55 203 200 94 102
    88 40 11 239 226 198 246 55 35 42 249 103 107 26 233 231 138 136 122
    193 17 241 111 28 242 153 102 237 137 21 172 97 148 255 249 71 200
    27 189 33 198 111 37 79 61 125 33 4 127 88 128 83 32 9 127 184 222
    189 86 229 38 4 91 253 125 172 231 203 81 251 50 15 42 16 216 101
    136 6 196 65 139 96 105 30 113 181 110 154 163 102 202 20 33 136 119
    213 146 77 152 28 148 36 225 89 121 73 23 16 87 6 66 70 136 111 11
    46 226 78 45 175 128 245 138 227 86 91 189 180 106 200 136 240 37 3
    51 252 80 127 144 27 76 198 32 190 135 241 101 161 254 119 250 170
    110 162 52 190 83 220 189 247 34 202 125 114 86 80 176 188 109 154
    36 18 121 181 242 44 91 213 7 144 121 199 203 124 16 214 139 136 75
    220 50 16 139 226 11 176 159 226 252 240 180 113 92 173 9 180 145
    202 82 254 163 240 214 243 94 156 48 188 5 15 245 157 114 53 26 49
    108 175 235 61 113 42 61 139 79 2 168 61 31 95 235 1 166 186 101 197
    76 250 221 205 47 152 150 218 149 34 239 137 224 251 89 140 119 71
    205 201 24 188 10 171 194 117 193 34 156 95 179 188 58 21 19 134 8
    192 54 190 113 71 98 30 130 160 186 246 58 70 209 92 35 15 221 245
    207 215 27 19 69 130 231 21 2 122 238 91 185 60 59 220 172 179 120 5
    83 115 22 145 31 227 52 40 150 136 56 127 116 136 238 232 250 116 0
    200 197 0 168 216 129 45 73 57 243 15 76 134 191 171 125 53 150 130
    143 126 220 24 228 23 97 105 100 221 63 131 182 120 232 148 19 119
    211 59 128 19 98 99 138 238 226 213 221 77 114 225 79 78 95 19 222
    41 17 69 124 156 71 198 88 203 205 85 93 113 155 250 118 0 1 56 163
    73 70 243 186 191 164 236 3 191 66 63 243 208 176 23 112 117 219 94
    121 14 134 16 51 114 152 160 101 36 177 204 56 237 148 232 58 54 212
    20 180 104 18 75 217 111 180 69 123 181 128 135 135 182 18 38 46 147
    240 239 244 23 142 85 36 195 136 120 174 97 161 209 32 112 200 167
    177 255 88 116 198 39 158 253 89 38 28 28 12 237 196 153 108 33 147
    58 207 234 92 158 85 66 45 168 236 175 231 86 174 159 62 140 220 125
    74 226 243 98 184 70 76 8 181 174 144 217 143 196 205 209 155 2 56
    127 71 84 202 56 77 130 85 119 106 239 191 154 148 186 227 83 209
    198 136 56 105 249 2 209 60 217 58 160 141 82 193 100 109 111 141 54
    201 187 36 57 181 150 107 147 34 158 112 3 214 13 224 24 153 63 26
    89 36 221 100 152 242 12 185 151 118 137 145 176 99 214 2 229 40 94
    154 96 140 153 92 66 12 154 32 46 174 203 38 50 230 63 213 210 63
    113 70 110 104 147 127 63 197 133 132 66 117 184 246 217 129 77 68
    234 197 228 191 110 56 75 158 144 225 233 114 11 144 77 139 245 231
    223 249 23 112 211 77 97 13 147 158 133 34 66 158 177 128 111 178
    219 186 37 212 178 48 169 177 84 209 247 151 211 141 149 85 207 214
    250 15 101 131 205 88 244 37 49 47 192 235 193 230 158 193 193 51
    141 169 24 137 200 170 107 104 44 218 105 3 15 178 151 199 79 37 201
    210 32 98 70 125 113 66 249 14 67 127 184 69 30 15 110 90 213 47 35
    36 9 64 251 121 84 4 214 138 86 65 254 22 239 131 254 35 25 149 19
    235 88 247 122 205 163 222 17 151 189 187 42 73 232 35 71 64 194 162
    181 226 188 54 28 85 108 239 96 176 29 134 124 62 42 8 231 92 98 170
    28 232 136 94 55 95 57 135 69 6 69 138 94 253 58 254 57 90 128 174
    140 169 118 214 248 79 223 70 28 22 166 222 240 146 167 194 205 147
    86 233 230 149 191 76 191 114 83 172 132 242 15 144 133 7 0 1 203
    216 86 74 156 63 40 128 62 90 166 161 135 57 238 102 44 162 135 178
    229 157 167 89 127 83 22 179 219 243 90 140 56 48 106 128 27 103 174
    186 148 34 219 192 206 194 97 222 21 80 221 185 161 4 110 189 61 220
    241 193 58 173 82 30 45 133 144 181 166 52 160 118 78 54 137 11 95
    219 150 227 140 22 75 74 40 132 205 249 160 196 5 202 126 128 224
    116 251 90 95 213 191 11 4 51 157 135 157 73 63 144 180 116 21 213
    185 49 37 67 0 8 215 68 77 248 154 17 79 213 199 147 147 94 207 36
    188 184 39 223 60 236 243 205 105 42 12 123 169 142 110 114 73 46
    102 132 136 121 210 58 133 28 20 218 123 2 150 97 192 36 144 106 147
    43 185 81 11 147 152 85 212 157 199 127 100 38 2 186 92 48 115 231
    70 155 55 81 121 8 227 147 65 26 174 47 213 183 91 46 12 5 84 11 16
    43 36 250 146 17 253 229 23 31 45 143 45 55 120 216 95 184 242 168
    126 255 18 176 160 172 98 205 141 158 186 84 123 42 120 222 27 254
    141 23 217 220 48 93 179 238 142 49 4 245 79 182 190 218 234 102 253
    158 80 109 103 12 178 14 45 124 26 173 70 96 97 54 132 89 31 241 108
    87 15 167 239 64 206 130 111 48 252 3 155 3 190 160 148 96 211 209
    56 226 230 176 241 55 193 233 210 218 8 194 97 209 82 45 5 80 60 7
    243 130 123 80 167 78 72 145 233 59 98 20 76 119 58 204 17 67 227
    165 161 102 10 29 94 129 148 2 228 171 31 138 198 99 82 212 123 89
    120 11 225 114 119 248 135 237 149 46 21 185 224 249 216 32 178 187
    181 98 32 127 87 227 253 213 44 96 133 64 57 182 189 51 46 88 121
    177 7 212 85 81 56 124 43 0 46 203 99 243 230 228 244 169 136 211
    180 104 20 46 37 120 182 162 186 46 97 129 130 207 108 240 80 143
    243 246 240 121 196 131 176 171 93 146 85 187 36 49 82 44 187 31 188
    49 73 39 158 211 32 83 144 0 25 59 222 23 62 238 59 163 152 122 224
    85 162 11 224 51 143 212 100 203 15 126 162 249 0 196 5 234 175 225
    24 141 171 5 64 23 6 100 153 64 122 1 178 91 103 212 48 55 188 70 80
    112 122 111 70 44 127 28 204 3 107 108 46 75 124 73 193 61 98 105 99
    167 121 141 163 22 10 18 50 205 115 158 88 151 172 249 4 92 148 151
    214 40 122 194 167 155 55 198 98 40 13 18 253 108 118 107 58 80 138
    250 144 229 232 156 79 174 67 35 127 212 166 146 31 182 36 180 219 7
    180 163 182 42 167 201 91 253 148 247 21 246 188 142 181 94 204 125
    48 24 145 35 150 163 210 109 194 195 228 115 96 235 224 133 134 161
    209 146 102 43 116 223 217 146 203 179 142 133 212 243 118 220 62
    210 159 127 50 3 152 109 85 227 60 198 57 38 124 254 33 155 228 83
    83 26 210 202 61 92 42 96 14 243 3 179 136 193 216 66 0 78 95 125
    176 148 181 51 101 61 123 206 173 42 142 223 113 21 220 150 59 157
    123 152 154 132 113 46 191 61 122 28 211 190 177 201 40 134 71 23 50
    215 26 25 135 203 37 216 15 96 192 5 173 175 244 155 98 141 165 144
    144 19 126 254 74 165 49 143 83 57 219 30 252 226 3 10 68 85 222 254
    96 223 26 213 170 87 53 167 24 247 120 58 174 2 85 193 143 14 225
    222 229 23 23 150 169 179 160 92 128 232 227 67 110 50 35 91 226 26
    200 102 154 28 53 76 17 249 179 33 237 159 110 247 222 151 44 134
    140 55 11 220 121 187 123 188 109 119 125 102 62 90 175 56 165 108
    100 175 243 245 130 123 79 75 28 17 93 241 112 36 44 10 59 168 110
    217 103 171 195 225 88 144 31 70 251 31 163 146 137 65 130 26 53 224
    87 207 222 0 227 179 182 90 230 223 104 96 78 37 64 148 14 23 158
    180 211 41 76 253 91 26 57 187 207 184 113 255 26 242 103 173 220
    237 202 180 204 0 53 219 71 70 230 144 101 211 54 158 193 69 66 204
    7 166 123 87 46 248 212 165 233 237 114 206 23 198 164 103 135 22
    230 148 210 95 109 131 65 184 101 3 33 213 171 71 34 120 140 174 207
    12 208 233 143 217 72 239 166 61 231 121 191 108 195 19 65 79 231
    153 160 113 216 2 126 128 3 92 93 33 152 164 145 113 245 233 25 164
    204 24 233 199 122 152 7 77 126 114 36 106 78 161 103 197 254 13 141
    114 15 11 219 70 44 62 155 41 192 47 165 218 7 207 131 84 197 244
    244 212 99 92 169 114 168 236 54 108 26 172 50 228 168 199 222 117
    10 92 139 129 60 119 204 188 235 240 123 103 12 29 236 161 101 119
    194 204 213 140 164 10 15 246 221 211 161 116 214 60 63 77 141 200
    194 50 228 191 197 140 195 238 67 67 163 41 124 24 105 32 75 97 119
    55 13 164 44 14 153 209 43 254 94 28 42 186 213 215 56 144 48 177
    161 199 191 66 129 250 34 138 115 252 182 202 55 108 7 189 42 245 63
    239 110 208 242 208 25 225 41 211 124 108 117 217 232 11 211 134 47
    200 208 98 120 212 224 231 57 110 77 234 23 145 136 81 97 150 79 223
    127 223 50 201 158 60 56 105 11 146 160 153 179 125 125 23 108 185
    137 94 246 100 113 76 180 231 175 90 81 112 230 64 0 147 79 26 160
    12 228 56 107 248 173 158 138 23 93 123 63 28 147 230 230 49 205 88
    193 127 129 201 187 101 18 178 228 162 123 6 225 114 156 179 134 224
    49 200 130 159 236 218 79 100 13 2 138 231 12 78 168 228 254 182 60
    186 105 9 97 183 94 231 221 109 157 204 25 205 98 225 79 218 190 122
    73 153 225 181 203 127 21 65 79 20 151 166 91 73 79 181 219 169 103
    149 70 7 115 145 152 197 105 85 144 242 254 170 30 199 6 202 12 179
    119 57 49 57 199 252 14 95 175 173 197 182 45 132 34 56 95 82 198 90
    248 74 106 193 104 111 51 180 172 110 62 212 4 73 79 250 216 110 34
    22 134 165 24 168 167 31 106 186 248 80 125 135 150 8 2 163 142 74
    179 23 110 40 218 201 208 172 53 218 17 130 218 18 181 174 158 138
    36 43 150 48 85 167 212 252 221 233 12 210 225 53 129 205 201 162
    241 4 90 37 35 50 152 146 194 242 42 248 80 62 116 137 224 108 250
    24 231 133 77 34 202 88 225 37 245 45 29 75 178 57 240 3 183 244 86
    249 174 5 227 226 185 124 172 143 96 133 131 22 156 1 170 27 97 96
    124 110 227 209 211 52 150 212 113 244 192 151 204 101 6 250 247 93
    250 125 145 75 91 24 12 195 162 204 144 187 91 167 204 91 254 113
    254 199 237 170 140 172 173 87 219 141 183 82 95 48 242 156 78 237
    193 9 58 234 187 238 167 220 167 220 8 91 125 133 191 230 10 174 36
    94 28 86 245 64 37 9 17 22 95 107 76 202 76 230 72 254 13 130 200 48
    237 176 232 1 119 226 35 97 12 194 29 177 68 9 91 44 124 87 160 195
    98 139 159 120 184 28 244 99 37 180 228 20 3 148 161 208 255 171 140
    11 211 132 19 0 244 235 64 176 9 129 231 110 24 14 19 0 210 143 165
    130 147 78 214 245 90 167 159 183 123 210 126 55 66 235 174 220 41
    80 222 78 238 20 198 85 45 192 225 246 246 9 99 40 217 88 170 147 32
    85 148 225 94 73 200 174 233 196 19 65 22 26 192 6 169 202 28 136
    194 10 162 17 166 9 57 116 155 234 232 217 102 35 172 234 225 107
    211 21 60 23 234 4 84 84 15 165 76 197 165 133 74 209 137 33 134 121
    33 78 224 97 205 215 240 56 195 60 57 111 249 50 240 141 180 69 58
    158 111 43 43 200 106 64 60 85 72 228 116 237 4 60 56 187 239 236
    167 154 191 131 141 135 38 251 115 15 98 41 116 150 166 178 164 250
    93 245 68 212 50 41 133 98 190 78 71 185 55 242 135 160 168 175 46
    111 197 70 196 251 93 180 84 107 229 125 22 98 11 28 0 195 223 108
    172 150 88 225 207 32 162 45 8 243 123 240 166 242 11 15 118 75 91
    165 112 225 96 180 234 128 224 29 41 11 32 21 76 45 161 203 214 110
    0 35 175 165 1 229 219 59 37 5 16 84 145 90 196 208 28 242 228 41
    235 49 232 171 70 254 212 155 189 129 148 126 106 20 153 252 87 255
    180 65 146 117 44 163 7 170 217 47 61 210 53 73 45 131 209 175 254
    202 250 10 148 167 76 25 102 116 222 73 250 131 86 119 217 160 146
    16 202 143 14 155 53 226 244 210 239 212 114 138 90 53 55 140 158
    105 49 171 176 109 160 97 149 154 1 255 84 63 46 86 21 167 64 45 229
    201 224 142 57 72 24 54 104 1 117 9 239 48 42 235 38 7 143 28 64 19
    191 227 172 33 90 162 127 83 184 248 146 227 45 49 45 128 234 12 138
    10 126 131 68 38 124 53 193 115 228 227 218 171 12 232 9 194 151 78
    186 202 51 27 254 82 104 119 149 96 14 153 22 6 95 26 45 146 230 42
    62 178 46 130 94 237 156 59 51 24 76 252 159 115 176 222 252 48 100
    96 110 113 209 136 179 229 150 46 90 248 114 160 50 57 220 53 233
    172 157 99 139 137 152 87 71 138 244 74 114 81 113 163 150 185 169
    248 224 128 206 243 129 166 41 10 8 207 47 95 204 11 193 241 30 60
    156 252 162 210 42 15 191 198 244 225 235 221 33 124 94 159 22 18 4
    31 5 53 28 39 184 160 233 113 159 113 124 191 120 117 100 7 119 246
    145 5 8 204 119 160 38 216 243 147 179 236 18 177 162 83 204 115 203
    23 231 186 8 12 122 158 138 182 161 206 100 248 139 209 122 50 130
    25 233 161 212 191 233 223 254 97 126 86 232 240 120 71 143 250 218
    236 96 242 242 101 0 96 135 122 8 89 70 38 8 14 247 210 174 68 41 33
    206 138 145 132 145 70 55 79 60 166 175 206 244 219 186 85 194 73
    213 229 207 38 187 223 241 24 34 17 160 223 61 79 111 226 226 30 219
    84 150 128 178 114 136 80 230 201 46 16 213 244 153 135 175 68 206
    125 93 20 46 161 154 187 142 178 112 110 82 35 82 28 164 156 36 107
    203 31 212 223 34 190 111 169 236 125 79 104 118 99 47 18 132 90 129
    56 53 254 44 115 115 186 230 3 99 220 26 27 200 96 108 154 104 219
    41 157 59 4 211 167 245 113 205 243 134 44 33 255 130 243 232 124 20
    24 170 203 85 70 1 130 76 211 169 254 182 17 30 189 30 166 195 166
    229 11 168 213 137 217 59 188 227 44 93 143 40 32 101 76 113 124 64
    76 2 113 136 76 0 138 119 202 169 132 64 99 9 121 191 245 36 73 191
    134 218 29 236 10 148 36 21 200 8 27 252 104 91 44 75 193 102 37 74
    23 60 151 230 84 213 180 215 235 107 215 26 204 175 39 99 234 23 196
    53 146 108 165 225 237 250 131 37 113 148 84 180 126 164 229 228 77
    189 117 249 109 80 184 82 33 31 8 215 144 3 177 123 248 239 63 122
    142 99 70 70 12 3 190 125 108 89 179 8 148 119 25 206 233 205 24 188
    241 217 203 28 196 80 244 197 24 144 239 18 227 154 242 215 189 153
    153 89 173 150 95 165 40 198 118 112 8 194 122 119 4 149 219 16 143
    223 12 147 129 237 126 85 171 11 38 102 19 183 252 141 237 165 102
    31 188 27 48 227 126 0 82 140 133 154 181 60 36 167 166 0 71 105 224
    181 244 44 149 148 27 140 160 158 204 55 46 123 147 224 104 164 211
    228 145 30 55 216 139 244 141 158 65 61 253 190 183 78 84 9 179 117
    249 87 155 205 91 80 128 107 141 186 220 135 133 188 181 147 204 68
    123 205 119 53 220 207 32 103 210 126 167 50 138 124 69 202 16 9 245
    76 160 240 40 67 27 181 167 246 55 206 91 120 74 221 13 43 210 255
    10 165 165 75 202 65 212 72 206 226 204 23 49 46 8 209 66 33 82 65
    53 129 3 58 198 71 125 2 54 34 162 61 111 51 68 217 56 67 163 72 218
    37 215 150 234 237 32 223 28 143 38 66 0 145 28 175 184 101 86 210
    110 41 205 146 121 239 18 161 37 63 123 82 105 0 137 224 131 112 85
    226 24 95 210 83 134 206 96 35 143 112 232 197 42 61 27 252 114 207
    247 222 241 255 109 252 159 120 204 178 226 67 140 186 44 103 187
    217 43 30 242 178 251 67 216 134 216 148 8 119 175 61 208 91 49 223
    123 71 112 34 62 112 187 91 160 168 97 226 153 193 90 116 242 99 151
    92 90 56 243 162 106 151 58 212 160 223 241 131 117 235 26 135 199
    109 217 121 196 198 238 38 167 93 150 28 231 49 241 61 208 6 74 221
    201 178 199 174 71 56 254 155 188 99 167 178 198 127 164 248 169 244
    206 66 15 214 102 131 97 49 70 93 77 153 33 104 52 220 254 187 24 11
    227 220 181 40 94 31 38 58 41 214 58 243 221 140 152 229 173 48 175
    164 150 111 226 159 215 219 155 53 20 174 14 91 217 203 204 166 244
    165 136 113 240 137 79 32 178 176 155 229 167 202 140 56 215 44 159
    45 63 74 78 222 184 194 131 111 98 166 77 82 8 167 161 140 114 56
    176 44 116 182 35 193 222 195 213 204 238 235 4 170 229 14 162 241
    125 1 81 67 173 56 209 84 46 66 241 4 1 15 150 169 111 234 179 85
    104 113 116 202 154 41 27 236 219 28 95 235 226 151 185 32 64 192
    216 65 249 39 76 212 200 34 144 12 105 11 43 88 33 203 29 170 11 58
    86 117 91 129 124 131 102 212 16 184 206 233 102 71 41 173 159 98 13
    255 135 52 181 24 200 96 241 182 218 200 8 39 115 72 17 59 85 122
    216 95 156 4 246 33 245 243 185 22 184 3 213 78 19 18 20 181 67 238
    228 252 30 127 42 163 42 246 111 28 95 109 33 75 189 131 142 234 160
    56 225 18 176 57 134 168 118 44 44 66 185 32 97 143 197 255 36 175
    196 196 223 122 76 177 232 75 49 132 130 172 77 84 227 127 237 56
    183 230 88 196 130 244 238 82 108 144 72 128 250 109 175 141 41 9 78
    29 33 62 19 213 180 10 81 34 99 109 57 127 117 144 47 34 228 5 227
    26 200 241 103 76 202 95 218 136 65 121 96 88 5 79</data></test_img>
<my_img type_id="opencv-matrix">
  <rows>128</rows>
  <cols>256</cols>
  <dt>u</dt>
  <data>
    196 0 64 255 0 255 255 0 255 0 255 255 190 255 0 255 0 18 0 255 255
    0 255 0 109 217 255 255 255 0 255 255 0 0 159 255 0 0 255 255 0 255
    255 120 255 251 255 0 0 0 133 0 255 0 255 255 0 255 0 23 0 255 255
    255 255 255 255 255 255 255 0 255 255 0 0 255 255 170 85 255 255 0
    255 0 255 255 255 228 255 255 255 255 0 255 0 255 163 0 189 0 255
    168 255 0 255 0 0 0 0 255 0 255 0 52 188 255 50 0 255 0 255 255 0 0
    255 255 0 83 255 182 229 255 0 255 0 255 0 255 0 255 0 255 101 4 0 0
    249 255 0 0 0 255 234 0 0 0 255 0 0 255 255 255 0 255 0 249 0 97 255
    50 0 193 0 57 0 193 0 0 255 255 0 0 255 0 0 255 0 0 0 0 255 0 0 0
    255 255 0 0 234 0 121 255 245 0 255 0 124 58 255 0 255 0 0 255 180
    171 255 211 0 255 255 0 0 255 255 222 255 255 229 0 0 0 31 0 255 255
    255 201 0 255 91 0 255 0 0 177 255 0 255 0 255 0 141 173 255 0 0 255
    0 219 64 218 87 255 191 23 0 255 255 255 0 0 0 154 255 0 255 0 255 0
    255 255 0 242 0 255 0 255 255 255 74 207 255 255 0 255 12 0 0 0 0
    255 0 73 255 255 255 255 0 255 0 0 255 255 255 255 0 46 0 0 255 0
    255 0 0 227 255 255 0 0 255 0 10 255 255 0 0 179 240 255 0 100 255 0
    255 0 255 0 255 99 255 0 255 255 202 0 67 31 0 255 0 0 255 255 255 0
    0 113 84 0 255 0 0 255 255 255 0 56 255 0 0 255 0 255 0 255 0 255 0
    255 235 192 191 0 255 0 110 117 45 255 1 255 0 255 0 255 255 0 0 67
    110 255 159 255 255 0 0 255 0 0 255 19 255 10 0 255 0 0 255 30 0 255
    0 255 255 0 255 77 0 255 148 0 0 255 67 255 0 255 0 161 0 158 0 255
    0 162 255 0 253 0 193 209 0 0 0 0 255 148 255 255 0 0 0 255 0 255 0
    255 255 255 255 0 0 255 0 252 255 255 0 0 255 0 30 255 255 0 255 119
    0 0 255 0 0 255 0 0 94 255 167 255 0 255 0 0 223 255 0 0 0 255 0 0
    255 0 193 0 255 0 58 255 0 255 0 0 255 255 0 255 0 0 255 255 0 0 154
    0 255 0 0 26 255 0 0 187 255 255 0 255 255 255 123 0 0 235 130 0 255
    255 255 0 74 0 255 170 255 221 255 131 255 0 255 0 90 0 105 93 255
    255 200 0 255 0 255 255 235 0 255 0 0 255 255 255 0 0 0 207 255 110
    0 0 0 255 194 0 0 0 27 255 255 179 33 0 255 255 255 0 255 255 255 0
    0 186 0 255 255 0 255 0 0 255 0 0 255 0 0 215 0 255 0 255 255 0 255
    255 0 0 0 255 255 18 0 255 160 255 0 255 191 0 255 144 255 0 57 255
    255 255 32 0 255 0 255 255 206 206 0 159 0 251 255 0 0 0 255 89 255
    0 170 255 255 0 0 253 0 0 0 255 152 0 255 0 255 0 255 255 0 255 255
    0 0 174 255 255 0 1 0 146 0 255 255 0 160 255 0 91 0 137 255 255 255
    0 255 32 255 255 255 0 0 255 255 69 0 255 255 70 255 0 0 255 160 249
    255 255 255 51 105 0 255 0 57 169 255 255 0 255 255 0 0 255 206 255
    255 0 0 0 156 0 255 50 255 224 255 0 255 4 255 0 0 233 255 255 44
    130 183 164 167 255 0 255 0 0 14 255 0 0 255 85 0 255 255 0 255 255
    0 2 255 140 54 167 0 255 0 71 0 255 0 255 255 255 0 255 44 222 0 255
    200 255 255 0 0 255 48 255 0 255 255 0 255 0 255 120 255 255 255 0
    13 255 0 0 255 0 0 255 128 255 0 0 251 0 0 255 0 255 255 0 0 35 255
    0 255 37 0 255 0 255 255 0 255 255 0 255 110 0 121 255 0 0 117 0 0
    255 255 255 255 0 255 144 0 255 255 0 0 255 227 0 255 0 0 0 255 236
    0 0 255 255 0 255 0 0 255 255 236 0 145 255 206 161 255 0 0 255 0
    255 0 0 0 255 255 255 255 195 0 51 54 255 105 255 0 255 0 0 255 0 96
    255 0 255 255 0 255 17 132 255 145 255 14 255 255 0 255 0 255 0 167
    0 0 0 0 255 255 0 112 0 255 255 0 255 0 233 165 0 255 255 255 0 0
    255 221 0 255 137 0 61 255 0 0 255 0 255 196 78 255 255 0 0 0 75 0
    255 255 0 0 0 255 255 0 0 0 255 0 72 0 255 255 85 255 0 255 255 73
    255 255 0 255 0 255 138 231 232 212 255 0 247 57 0 255 0 12 255 0 68
    255 255 0 169 0 255 255 255 0 255 26 255 0 255 255 0 55 113 0 0 150
    39 0 255 61 0 0 0 0 255 255 0 255 87 0 255 0 255 0 255 0 189 255 233
    0 255 140 255 35 0 255 0 0 0 255 255 255 0 255 103 255 255 0 0 0 0
    255 0 255 0 0 0 255 0 255 0 255 255 255 0 166 255 0 241 0 0 0 255
    255 0 115 0 255 0 255 0 255 130 255 255 0 255 255 0 0 255 0 255 0
    255 0 255 122 0 0 255 0 255 172 0 255 255 230 255 0 111 0 0 255 135
    0 255 255 0 255 0 255 255 255 0 0 146 255 0 0 255 255 183 0 255 133
    255 0 255 0 0 255 0 87 3 53 255 0 255 0 134 0 255 255 255 255 255
    255 0 0 0 255 255 0 0 255 0 0 255 68 255 76 255 0 255 177 255 0 255
    255 255 33 255 189 99 0 0 255 197 35 255 0 255 0 255 0 199 255 255 0
    0 255 0 0 0 255 255 255 0 0 172 0 255 0 255 255 0 86 255 255 44 0
    255 255 0 0 234 0 0 0 0 24 0 0 135 255 0 255 255 86 0 255 0 255 0
    255 0 255 0 255 86 96 0 255 0 0 255 0 0 255 0 255 159 0 0 255 255
    255 255 255 255 0 255 0 0 255 0 255 0 0 255 93 255 70 255 255 0 143
    255 0 0 0 255 121 0 255 0 166 0 255 0 255 0 0 255 255 43 0 255 0 255
    255 0 0 151 219 0 255 255 255 0 255 0 208 0 255 255 255 0 0 255 67
    255 255 0 0 255 0 255 255 0 255 0 0 158 255 255 0 0 255 0 73 0 125 0
    255 255 243 0 255 0 0 255 0 31 254 0 255 0 167 41 255 255 0 255 174
    192 206 142 0 255 26 255 251 163 0 39 255 46 255 89 2 130 255 0 255
    255 255 0 255 255 255 0 25 0 0 0 245 0 255 0 130 91 0 0 255 255 0 0
    0 255 0 193 255 101 255 0 255 0 255 255 0 255 0 255 0 0 255 0 0 255
    255 149 0 0 255 35 255 0 255 0 255 255 255 255 27 255 60 0 255 0 255
    0 64 255 83 198 228 203 255 76 0 255 224 0 255 0 168 0 0 255 212 255
    135 217 255 255 0 92 2 186 0 255 255 0 0 255 0 255 0 255 0 0 0 255 0
    0 255 255 255 0 255 202 255 255 0 255 0 0 255 25 0 0 167 255 255 0
    255 0 255 0 0 255 255 0 116 0 255 146 255 0 255 255 0 0 0 255 255
    255 0 255 0 255 0 252 255 255 0 255 0 255 255 255 12 70 255 0 0 255
    255 174 147 255 165 0 255 0 255 175 255 255 255 0 255 7 0 255 206
    188 66 0 255 175 106 0 0 104 0 255 0 255 0 0 255 0 255 255 255 0 255
    255 62 255 99 255 0 0 255 0 255 0 255 175 62 0 255 255 0 0 255 0 255
    255 0 255 0 0 255 227 0 255 255 255 0 255 0 0 255 0 0 255 255 144 0
    255 255 255 0 255 0 255 255 167 255 62 0 116 0 0 255 255 255 0 0 255
    0 255 0 238 255 170 103 0 255 67 0 0 208 245 0 108 0 255 0 255 0 255
    0 79 0 255 0 255 255 0 255 0 199 172 43 0 255 74 255 255 0 203 0 0 0
    255 0 187 0 0 0 255 0 156 0 255 0 0 0 255 255 255 0 0 255 151 0 154
    126 255 85 0 255 13 0 0 255 255 0 255 204 0 0 255 255 0 3 255 0 255
    0 195 255 0 255 0 255 255 255 255 255 0 255 0 0 0 254 255 0 255 0
    255 255 255 0 0 131 0 255 0 255 0 255 0 255 255 0 255 255 0 255 117
    255 0 255 255 153 0 223 0 255 141 0 255 197 0 255 255 255 0 255 0
    255 0 0 255 0 255 82 0 255 0 60 255 31 255 255 0 255 0 153 255 0 132
    255 255 255 0 159 255 0 129 0 149 0 255 255 0 0 255 255 0 0 133 255
    0 0 255 119 0 103 255 0 255 153 255 0 255 0 26 0 255 255 0 220 0 255
    255 0 0 198 255 0 0 255 0 255 193 53 24 255 255 0 255 0 255 0 255
    255 0 255 0 255 255 13 0 255 255 249 255 255 255 0 255 255 0 255 0
    255 255 62 61 0 255 0 255 0 255 0 255 255 255 176 255 255 0 255 0
    255 204 255 155 46 0 0 222 248 0 81 90 255 0 255 0 37 255 145 0 255
    0 0 255 255 0 255 255 255 0 255 0 255 255 255 255 255 0 0 255 0 0
    255 255 178 0 255 255 0 12 0 101 255 255 0 0 17 0 255 159 255 0 0
    255 0 77 0 0 0 0 0 0 4 255 0 0 0 255 255 6 27 0 255 0 0 255 255 255
    123 255 0 255 0 42 255 255 0 0 255 0 255 249 97 0 0 0 255 252 255 0
    255 0 0 0 255 170 255 0 0 0 0 24 217 0 255 0 0 255 255 255 170 255
    255 0 46 0 0 255 0 255 199 0 224 0 140 94 255 0 0 0 0 255 0 178 255
    255 0 210 0 255 0 255 0 255 0 255 0 0 255 0 255 255 0 149 0 0 255
    193 0 0 255 0 0 31 255 0 255 255 255 0 255 0 0 255 16 255 0 255 235
    141 255 34 0 255 0 255 255 0 0 214 96 0 255 0 255 0 255 255 255 0 0
    0 255 0 0 0 255 255 0 0 255 255 0 255 0 255 255 0 0 118 76 255 30
    255 0 255 255 0 255 0 0 255 0 255 255 0 0 1 0 173 255 0 170 255 169
    255 0 255 0 255 0 0 84 255 0 255 255 0 255 185 0 88 117 0 104 0 0 0
    255 11 255 0 0 0 255 0 255 0 255 0 88 255 255 0 255 0 5 0 255 0 255
    255 0 90 146 20 0 255 255 46 0 255 238 255 255 0 255 255 42 255 81
    255 255 0 255 0 191 0 255 171 0 255 0 0 82 98 255 0 255 255 0 255
    120 255 0 255 0 0 255 0 255 255 0 255 38 0 255 0 255 255 0 0 0 255
    255 255 255 0 255 255 0 14 255 0 0 0 124 0 255 0 23 255 255 193 255
    0 0 0 185 159 0 84 0 255 255 138 255 0 255 0 0 255 255 30 255 145
    255 255 255 0 0 0 255 255 107 255 255 255 110 58 255 0 23 19 255 0
    255 127 255 0 0 96 0 0 0 120 0 255 255 0 118 0 255 0 255 255 255 0
    255 0 0 0 255 76 255 0 255 255 0 0 255 96 0 255 241 0 255 0 0 255 0
    70 25 0 255 255 255 0 255 255 0 0 0 255 255 0 0 255 255 0 255 165 0
    255 0 255 255 0 70 255 201 198 0 49 255 0 0 229 255 0 0 0 255 0 0 0
    255 255 255 0 255 0 255 0 255 255 0 63 255 0 218 255 255 255 0 255
    169 255 255 0 255 0 0 0 255 255 198 0 150 255 0 0 255 172 138 255 17
    0 255 0 226 167 255 0 126 184 255 255 101 0 0 255 0 0 41 0 234 0 255
    255 0 255 145 255 0 255 255 45 255 190 0 255 0 255 255 79 0 0 255
    255 84 0 0 255 0 255 255 255 255 0 0 255 0 0 1 0 255 255 255 134 0
    155 88 248 255 0 255 0 255 0 255 12 255 0 64 224 255 172 255 0 0 237
    255 0 255 0 255 87 255 0 255 0 255 0 0 0 86 255 0 255 0 0 255 0 255
    0 255 255 129 0 59 0 255 0 0 255 255 64 255 0 182 0 0 255 0 255 0 0
    87 255 0 225 255 255 0 0 0 0 105 0 255 0 0 255 0 164 255 0 0 255 78
    255 65 255 0 255 255 52 0 0 0 0 255 255 0 255 255 255 0 255 255 0 0
    255 0 255 0 0 255 0 186 0 0 255 77 0 189 255 255 0 161 255 0 255 0
    164 0 0 0 255 0 90 255 0 255 68 0 0 0 255 95 0 255 0 0 255 255 0 0
    255 255 200 0 252 161 0 255 255 255 0 255 0 255 183 0 255 255 0 174
    0 0 0 255 0 255 0 255 223 255 0 255 57 0 255 0 0 0 255 255 205 255
    79 0 0 255 255 0 243 0 255 153 255 0 255 255 0 255 0 0 0 197 0 255
    130 57 255 255 0 0 255 0 255 255 0 255 0 255 255 255 255 255 0 0 255
    0 255 51 0 0 255 0 255 0 255 221 0 0 0 255 255 255 0 193 255 255 0
    185 0 255 59 0 255 89 255 0 0 255 234 0 109 255 0 0 255 0 255 255 0
    0 255 255 255 255 0 0 89 255 141 0 255 0 0 157 255 0 255 0 255 0 255
    255 75 0 255 255 255 0 255 0 0 255 255 138 255 0 255 255 59 255 33
    202 255 255 8 0 0 156 255 255 0 0 0 0 0 255 0 255 0 255 211 255 255
    0 255 144 0 0 0 92 0 255 0 0 255 227 255 255 111 255 0 255 0 255 255
    0 255 0 255 255 96 243 255 0 255 0 255 0 0 255 0 255 0 0 255 0 255 0
    255 0 94 131 0 255 0 255 0 0 255 0 0 0 61 0 0 255 0 113 255 0 0 0 0
    221 0 93 255 239 0 0 255 255 242 0 0 0 0 255 255 122 255 0 255 0 118
    255 255 0 105 0 0 255 0 255 0 0 255 0 76 255 202 255 255 0 0 255 109
    255 0 0 255 0 255 0 0 255 0 255 0 255 0 0 255 0 255 0 255 0 7 0 255
    0 13 0 255 0 255 0 0 255 0 255 255 26 255 255 0 255 0 0 0 0 255 0
    255 255 255 0 0 255 0 0 255 254 8 0 0 84 0 211 255 255 0 255 66 255
    255 255 0 0 0 0 255 0 120 0 201 0 128 94 255 81 0 255 255 0 255 0
    255 255 21 196 255 0 0 178 0 255 0 195 255 0 0 255 0 18 91 0 255 0 0
    255 0 255 161 203 21 0 255 0 224 255 255 255 0 0 177 255 0 0 255 0 0
    0 255 0 255 33 0 0 243 255 255 0 255 0 255 0 0 255 0 255 255 0 255
    255 0 0 255 89 255 255 176 0 255 255 0 232 0 255 255 0 255 255 56
    255 0 0 255 255 255 255 145 0 122 8 118 55 255 255 0 255 255 23 255
    230 255 122 0 138 105 0 255 0 0 255 255 175 104 255 0 2 0 255 255
    255 0 255 0 0 255 255 0 0 255 255 255 255 0 255 0 0 255 228 255 255
    0 255 0 234 0 255 0 255 65 100 0 180 0 255 255 0 255 0 0 255 0 255
    255 0 255 233 255 255 255 0 255 0 255 0 0 255 140 88 54 255 255 255
    255 234 0 255 180 0 255 0 255 255 0 255 0 115 255 0 255 255 229 255
    0 255 0 255 255 0 211 0 0 255 255 226 0 0 255 157 255 255 0 0 255 0
    171 168 0 0 0 255 0 255 0 255 0 0 0 255 232 0 255 121 255 71 10 255
    255 255 255 0 0 255 183 96 216 255 0 65 0 255 0 255 255 0 255 0 255
    231 0 167 205 255 160 255 0 255 0 255 255 0 0 0 0 25 0 223 255 0 0
    255 0 193 255 177 123 255 147 0 255 255 0 248 0 255 0 0 255 0 0 255
    255 0 0 255 0 147 36 255 255 38 87 0 25 0 0 255 0 255 0 35 255 0 0 0
    255 0 0 52 180 0 0 0 0 255 0 255 0 255 0 120 80 0 0 255 0 255 0 255
    30 209 255 255 255 255 255 0 255 255 0 255 255 0 0 163 255 255 255
    91 234 0 255 0 0 255 0 0 234 255 0 255 0 0 255 0 255 0 219 255 139
    255 32 0 255 0 49 0 255 0 255 255 255 41 0 255 255 0 255 0 123 255 0
    255 241 0 255 0 221 129 8 255 255 0 255 0 255 0 228 0 255 207 0 105
    255 0 0 255 0 131 87 72 255 255 0 194 86 0 255 0 0 255 0 108 0 255
    69 0 229 12 0 255 241 255 240 255 0 0 255 255 25 255 0 255 255 255 0
    0 255 0 141 0 166 255 255 0 255 255 0 0 0 255 0 255 0 255 0 2 255
    255 255 0 255 0 96 0 255 0 255 0 0 83 65 0 255 255 8 255 0 230 0 0
    255 0 255 0 138 0 255 0 233 144 255 0 255 61 255 0 92 0 255 0 0 0
    255 0 79 0 255 255 0 255 0 255 8 0 255 0 0 255 255 0 255 255 255 255
    0 0 255 255 215 0 255 0 255 0 255 255 0 255 0 255 229 255 255 0 0 0
    255 0 255 255 255 0 255 255 0 255 0 255 0 255 255 255 152 255 255
    255 133 0 255 0 255 0 0 255 0 255 116 255 0 73 0 0 0 0 180 255 46
    255 255 255 0 255 0 255 174 255 255 0 255 0 129 129 255 0 255 0 255
    0 0 255 0 255 255 0 158 0 255 0 255 0 81 0 0 255 0 0 255 0 168 0 255
    255 0 0 255 82 163 255 0 255 0 255 0 0 215 0 0 17 255 225 0 0 255 0
    44 0 255 255 255 0 0 255 39 0 255 221 255 0 255 0 255 255 255 23 242
    160 0 255 0 0 255 255 0 255 0 0 0 255 0 255 205 0 0 255 0 255 0 0
    255 223 154 255 0 238 178 255 213 0 210 255 215 255 0 0 255 0 0 99
    255 255 255 0 255 0 218 0 255 255 0 0 255 255 60 255 245 0 255 255
    255 0 255 255 0 255 5 119 36 0 255 9 0 0 0 0 255 255 149 0 255 255
    129 233 0 255 255 0 255 0 255 0 255 110 255 0 0 255 0 0 255 0 255 0
    0 0 255 255 0 255 124 255 0 255 0 255 233 225 0 255 0 255 0 132 255
    159 81 0 0 255 78 196 0 255 0 0 255 0 164 0 0 0 0 0 255 0 0 255 50
    255 0 255 0 48 0 0 224 255 255 0 0 255 0 0 110 44 0 0 255 255 0 0
    255 255 0 255 132 246 0 0 255 255 0 0 255 0 255 0 255 255 0 255 255
    159 255 255 195 255 0 0 255 0 255 255 77 255 0 255 51 0 255 218 255
    54 220 0 0 255 255 0 255 166 63 255 255 0 255 0 255 0 0 255 0 0 0
    255 0 161 255 0 255 155 0 247 255 255 0 164 0 59 0 255 0 0 0 187 255
    255 0 0 255 220 255 255 201 0 0 0 0 255 0 0 0 255 240 0 255 0 171
    255 0 255 0 90 188 255 17 0 255 0 255 255 0 255 255 255 0 108 0 255
    0 202 30 255 255 0 226 0 0 255 0 255 0 0 255 246 0 45 0 0 255 101
    255 255 68 255 43 255 0 84 255 255 0 0 255 255 131 0 203 0 151 253
    254 0 83 30 255 90 0 255 127 5 255 255 228 0 255 31 255 255 255 0
    255 0 255 0 255 0 255 0 0 255 0 255 14 0 255 0 255 142 255 0 255 157
    255 0 255 255 96 255 255 0 173 0 255 255 255 255 255 255 0 255 0 255
    0 169 0 255 255 0 255 0 255 139 0 0 255 0 255 255 255 0 3 255 255 0
    255 255 38 0 255 0 255 0 112 0 46 58 255 255 0 255 0 0 5 0 255 0 255
    0 0 0 0 0 255 255 0 255 166 38 0 0 0 141 255 255 255 255 0 255 0 50
    0 255 255 30 0 255 0 255 0 255 0 255 0 188 142 0 255 255 0 0 156 0
    255 0 255 255 255 0 255 0 232 255 0 255 192 0 0 255 255 0 172 0 255
    125 0 255 12 140 255 255 0 255 239 187 255 0 1 0 0 255 255 255 0 0
    117 255 255 0 255 255 255 255 0 255 0 0 255 255 0 0 255 0 164 0 0
    255 255 0 255 73 0 96 255 9 0 255 255 241 255 0 98 255 0 240 0 39 0
    255 255 40 0 38 255 0 255 0 255 0 255 255 0 255 0 0 185 27 0 255 255
    0 0 0 67 0 255 54 172 255 0 255 0 255 129 0 0 110 146 255 46 255 255
    0 255 255 255 255 0 213 255 255 0 255 0 0 255 255 0 199 0 255 0 0 58
    255 0 255 140 0 255 0 0 0 0 0 255 255 0 255 87 255 255 142 255 0 135
    0 255 0 59 255 226 0 0 0 0 255 0 30 255 0 223 0 255 255 137 255 0 0
    255 255 0 209 0 0 255 0 0 255 255 59 255 123 255 0 153 255 129 255 0
    0 255 0 0 255 156 122 255 0 255 0 255 0 0 255 255 187 0 173 0 255 10
    0 255 0 255 0 0 255 0 255 10 0 0 255 255 250 0 153 0 255 0 15 0 183
    0 255 0 255 0 255 120 255 255 255 0 155 129 0 183 255 220 0 0 0 255
    196 0 236 0 0 255 255 255 0 255 0 255 0 7 255 56 173 255 255 202 229
    0 255 119 0 0 255 0 0 255 255 0 255 0 255 252 0 0 255 255 39 255 255
    0 255 255 144 0 255 255 0 255 171 255 0 0 13 255 0 0 237 255 0 255
    223 255 255 0 0 255 0 255 255 0 67 255 0 217 0 255 255 255 176 222 0
    0 62 255 194 149 130 255 148 255 255 255 255 0 0 255 0 0 62 0 255 0
    0 255 255 0 255 142 0 155 255 0 255 0 30 255 0 255 0 0 245 255 0 252
    255 0 197 255 0 237 0 255 0 255 0 255 0 255 0 0 255 169 255 0 5 248
    66 0 255 0 255 0 0 0 255 175 255 0 31 255 0 255 0 255 0 109 152 129
    255 0 255 85 0 255 255 0 35 0 0 190 31 233 255 0 0 255 222 175 255 0
    0 255 0 0 0 0 255 31 255 56 0 255 0 155 255 255 0 0 255 0 255 0 255
    255 0 255 0 0 255 123 255 0 165 255 156 0 255 255 0 0 255 255 0 255
    0 167 55 255 0 65 94 255 0 255 0 255 255 0 255 169 0 66 255 130 0 0
    255 255 0 255 0 250 0 255 72 255 0 255 255 17 0 0 191 0 255 255 255
    0 255 188 0 0 0 255 193 255 255 0 255 101 0 255 0 255 0 255 0 98 0
    255 0 0 255 190 240 255 0 255 0 0 255 255 0 255 0 92 114 0 0 255 255
    8 255 0 0 157 0 255 0 255 0 255 0 0 255 255 46 0 255 0 255 0 255 0
    255 0 246 0 255 59 0 183 255 0 188 0 62 255 0 214 43 162 4 255 0 152
    255 0 231 0 255 0 255 0 0 0 255 0 255 0 170 0 255 249 123 255 0 0 0
    255 255 0 255 220 251 0 103 0 255 0 0 255 255 0 255 255 130 255 0
    255 0 0 255 193 69 0 0 255 255 255 201 0 255 255 0 255 255 0 255 0 0
    0 255 0 255 161 255 130 0 255 255 50 0 67 255 255 0 0 255 0 255 0 0
    255 0 255 0 77 100 0 0 255 17 255 198 232 255 0 21 255 0 86 0 255 0
    31 184 0 255 0 0 255 0 8 255 243 0 0 255 0 255 255 0 46 47 255 255
    202 255 0 255 255 0 0 255 0 255 123 203 170 0 51 255 0 0 255 255 255
    0 0 255 227 39 0 0 255 0 0 255 2 0 0 255 0 71 255 255 0 255 0 255 0
    0 255 0 255 255 255 0 255 166 255 255 255 255 0 255 0 0 255 0 0 252
    0 0 0 255 0 255 0 255 255 255 0 196 0 0 255 255 0 255 255 0 0 255
    255 255 0 0 0 173 255 255 0 0 255 0 255 0 255 42 0 0 255 255 0 255 0
    255 255 0 72 255 0 255 0 255 0 255 155 206 0 0 255 255 255 0 0 255
    255 255 255 255 138 0 144 0 255 0 0 0 124 0 61 255 112 0 0 255 255 0
    216 255 255 255 0 0 0 255 255 169 68 255 0 255 0 255 0 255 0 255 0
    255 255 0 121 0 255 0 0 0 255 0 255 255 255 19 0 0 215 0 255 255 255
    0 255 98 122 0 0 0 0 255 255 0 255 0 255 255 246 0 122 8 4 208 255 0
    255 101 0 123 255 0 0 255 0 237 0 255 0 255 0 0 156 255 0 255 255 0
    255 0 255 0 255 255 255 0 255 0 0 0 0 50 255 0 255 0 0 255 255 0 134
    255 0 233 255 0 0 0 0 65 0 0 170 255 255 0 0 0 255 255 66 0 255 0 0
    255 0 24 255 0 255 0 190 0 255 3 0 0 0 37 255 0 0 255 0 208 255 228
    255 255 0 255 255 0 0 0 255 0 255 255 0 0 255 0 0 0 0 0 255 0 255
    255 0 156 255 0 0 255 0 255 164 255 0 255 255 246 0 255 0 28 255 0
    65 255 0 255 255 0 0 0 255 0 255 0 0 255 255 255 225 0 255 0 255 0 0
    255 0 0 164 0 255 15 255 0 0 255 0 0 156 255 0 255 0 149 255 0 255
    255 255 255 228 9 0 0 255 255 29 0 255 0 238 255 0 0 0 255 97 255
    255 0 255 0 255 0 255 195 255 255 0 255 0 255 0 0 255 0 0 234 255 0
    0 255 183 196 0 255 0 0 38 3 0 235 143 0 2 255 255 0 0 255 0 255 255
    0 255 255 0 255 255 0 0 255 143 0 255 0 255 0 0 0 255 253 255 0 83
    255 255 173 0 255 255 255 0 255 255 0 0 0 255 255 0 255 0 112 255 4
    0 255 42 25 0 255 255 51 0 255 255 0 0 255 0 255 255 0 255 185 255
    255 0 255 0 246 255 142 0 187 0 255 0 215 31 0 200 255 0 33 0 0 255
    255 0 255 0 255 0 255 0 255 14 0 0 255 0 0 0 213 255 255 0 255 255
    255 174 255 255 0 0 255 64 0 255 255 255 255 0 255 255 0 255 0 255 0
    255 0 60 0 165 255 255 0 0 255 255 0 255 0 255 255 254 255 124 109 0
    255 255 81 0 255 0 33 0 0 255 255 82 0 255 121 0 192 255 255 255 132
    0 255 255 0 0 213 255 0 255 0 0 175 255 0 0 255 0 0 255 0 226 0 255
    0 255 255 255 0 0 0 114 255 0 194 255 85 255 255 255 242 0 255 0 161
    255 100 120 255 0 0 13 217 147 129 0 255 0 255 255 0 0 0 255 0 51 0
    255 0 142 255 163 131 0 255 255 255 255 0 255 0 0 255 255 0 243 255
    0 255 160 175 132 0 19 0 58 255 0 255 0 219 255 255 151 174 15 255 0
    0 0 218 230 255 255 0 255 38 255 176 0 255 0 0 255 0 46 255 255 0 0
    73 82 255 0 255 0 255 0 0 0 255 255 0 255 0 0 255 255 0 108 0 255
    239 0 255 255 0 255 0 255 255 79 255 0 255 0 55 0 255 22 78 255 0
    255 0 0 0 0 0 255 255 0 255 255 0 255 0 255 0 255 0 255 0 0 255 0 4
    0 255 0 0 0 0 125 203 0 255 113 0 0 0 0 234 255 108 255 0 0 132 0 0
    0 0 255 0 39 255 0 255 0 0 0 255 44 0 255 255 255 0 86 74 255 0 255
    255 0 0 0 255 32 0 255 46 176 179 0 255 0 0 255 0 255 164 159 0 255
    0 255 255 104 255 255 0 25 0 0 255 0 0 144 255 255 0 255 0 169 255
    255 0 0 255 0 0 0 255 0 184 192 255 183 128 0 255 239 255 0 255 255
    255 102 194 0 255 0 0 0 255 0 255 255 255 110 255 255 255 0 0 255 0
    255 0 255 0 249 255 255 247 255 255 0 255 71 42 255 255 0 0 255 0
    255 0 255 254 158 0 255 255 0 22 0 181 255 47 0 255 255 96 36 255 0
    255 54 255 0 0 255 0 250 214 192 255 0 255 0 255 255 255 0 0 147 154
    0 64 58 255 0 255 255 0 0 255 255 0 255 0 73 0 0 255 39 0 0 255 0
    163 255 255 246 0 255 135 49 255 67 98 0 0 255 255 0 66 249 0 0 255
    0 255 0 68 255 0 123 255 0 255 0 0 255 0 0 255 11 255 255 0 255 0
    255 255 255 255 255 255 255 255 186 255 102 0 255 0 216 255 255 0
    255 236 123 255 0 0 0 255 255 0 255 255 255 0 0 255 0 255 255 0 0
    255 0 216 255 255 0 255 93 0 99 255 255 0 255 108 255 0 255 255 0
    255 255 0 0 255 91 0 20 0 255 255 0 25 255 255 255 0 255 0 67 255
    255 255 255 235 255 187 0 255 0 0 0 255 255 0 255 255 0 0 0 255 255
    0 0 255 0 0 164 0 0 0 255 149 218 255 255 255 255 42 0 255 255 0 0
    255 92 0 255 0 255 0 80 255 0 255 161 0 0 0 255 0 255 255 255 0 255
    0 255 146 255 0 255 0 255 0 113 167 0 255 255 0 255 0 97 255 0 15 45
    0 255 255 0 255 255 255 0 255 0 12 255 0 74 0 255 255 0 255 74 0 225
    255 0 255 0 43 57 136 157 0 255 0 255 174 228 255 0 255 86 0 0 255
    255 0 255 255 0 0 0 234 30 142 0 255 255 255 255 89 251 255 255 187
    0 151 246 255 161 16 255 0 155 255 255 0 255 200 255 0 255 255 255 0
    0 255 0 255 0 255 252 0 0 255 0 0 0 231 0 0 150 255 0 26 0 255 0 255
    255 110 19 0 255 255 0 255 0 0 255 0 15 0 0 255 30 240 0 38 255 0
    234 255 0 0 255 0 102 255 77 0 255 0 255 0 0 0 255 0 255 255 0 159 0
    255 0 255 0 255 255 0 255 255 0 0 255 255 148 255 124 89 0 0 255 255
    0 0 0 0 255 255 116 0 0 0 255 0 203 232 255 46 255 255 246 0 167 255
    0 255 139 255 0 255 255 255 0 17 0 255 255 255 255 0 255 142 255 255
    120 255 0 255 255 50 255 255 222 255 255 0 140 0 255 0 0 255 0 0 23
    41 0 208 255 0 175 255 255 255 0 0 0 0 255 255 0 255 255 78 0 0 221
    0 127 0 255 0 0 0 255 0 255 255 255 255 0 0 255 0 0 255 0 254 255 0
    255 0 0 0 255 0 251 0 0 0 255 38 200 0 0 255 74 53 0 255 255 0 0 255
    255 0 104 0 255 0 202 0 0 0 255 0 255 255 87 0 0 255 0 184 0 255 30
    59 255 142 81 0 255 255 255 0 255 255 255 240 207 0 255 255 47 0 179
    0 255 255 0 255 0 255 0 153 0 206 0 255 0 255 255 0 97 255 0 83 255
    0 0 255 255 255 255 255 0 120 0 0 255 59 0 255 0 0 255 0 0 255 0 0
    255 255 0 0 0 0 255 255 0 0 255 0 255 0 0 120 255 0 255 255 182 0
    255 0 255 0 255 0 0 255 167 0 0 255 8 0 255 0 255 217 0 255 255 0 0
    255 255 255 255 255 0 255 0 255 0 255 225 0 255 0 255 0 255 0 0 0
    255 0 255 119 0 0 56 246 0 150 143 50 0 0 255 0 0 124 0 93 0 0 0 255
    0 255 255 0 255 0 0 0 255 0 113 255 0 255 255 0 0 30 0 255 255 243 0
    0 255 0 255 255 13 66 0 255 0 63 255 240 255 255 255 255 0 107 255 0
    255 255 20 233 0 0 0 255 0 255 255 110 255 139 239 255 255 255 97 0
    0 138 255 0 212 143 241 0 255 0 0 255 0 255 0 255 0 255 0 255 0 170
    255 0 35 255 255 255 0 255 255 0 4 255 86 0 255 0 255 228 255 255
    130 255 0 0 255 0 255 255 0 185 0 148 0 67 255 255 0 255 0 255 135
    255 255 72 0 255 81 76 255 88 0 255 53 0 0 255 0 255 255 0 255 0 82
    7 0 255 255 255 0 255 255 0 10 255 87 255 255 255 255 255 0 0 255 0
    255 255 0 211 255 255 255 0 0 255 0 255 0 255 0 130 255 0 255 0 0
    255 255 0 23 0 255 255 255 0 0 157 255 0 255 0 34 255 255 211 0 255
    106 255 0 255 255 0 24 255 0 255 0 255 0 255 0 0 0 0 255 255 0 0 255
    0 0 255 0 255 0 117 255 91 255 255 0 255 0 255 255 0 255 0 255 165
    189 255 189 255 78 255 83 0 218 255 255 0 255 0 0 255 84 255 46 224
    0 0 255 0 255 0 0 0 0 255 255 44 255 0 255 255 0 255 153 0 233 223
    57 255 0 0 255 0 255 0 46 255 255 255 0 255 255 0 140 0 0 0 255 255
    0 255 193 255 255 0 196 0 255 0 255 0 255 0 255 255 0 255 0 255 181
    255 0 255 0 81 0 0 255 0 0 255 89 255 122 227 0 41 255 0 0 32 0 201
    0 255 255 255 0 0 110 255 255 0 255 0 0 251 79 255 0 255 0 125 170 0
    255 50 255 0 0 108 194 255 255 0 255 141 232 0 0 255 79 0 255 190 0
    0 0 0 112 255 0 216 0 129 255 0 0 0 46 255 255 0 255 255 0 0 255 21
    0 255 234 253 255 205 255 0 255 255 0 0 0 36 0 255 255 123 0 0 255
    117 255 0 0 0 149 255 0 0 255 0 255 13 0 0 255 255 255 255 255 0 112
    255 0 0 255 0 255 142 14 0 255 255 196 255 0 0 10 0 255 0 208 0 2
    255 255 0 0 255 0 255 255 0 85 0 0 255 255 255 0 0 255 0 161 0 255
    255 138 6 255 4 255 134 0 255 0 208 255 0 255 38 0 255 0 255 0 141
    255 87 43 124 0 255 0 91 0 0 255 0 0 255 255 0 0 0 255 255 255 255 0
    255 195 255 255 255 255 165 138 255 0 255 255 255 255 0 0 160 63 255
    255 0 0 236 0 255 0 0 0 255 0 255 12 255 0 0 0 0 6 255 255 255 126 0
    255 255 0 0 152 116 0 0 78 1 255 0 255 0 0 255 255 0 13 255 0 0 0
    255 255 255 255 0 49 174 0 0 0 0 255 0 0 0 255 0 255 0 255 0 0 181 0
    255 0 0 0 255 255 0 229 19 0 255 255 0 0 255 0 0 255 255 0 255 0 173
    156 255 255 0 44 255 81 0 255 0 255 0 0 0 255 0 77 0 255 255 86 0
    255 162 255 0 255 0 188 2 0 255 154 255 0 0 255 0 198 0 255 166 68
    255 0 255 0 0 116 0 0 0 255 122 255 0 0 0 0 255 0 255 255 0 178 0 0
    255 0 255 0 255 255 63 0 0 152 0 41 190 255 0 255 0 0 255 0 255 255
    255 0 0 255 255 0 255 0 255 0 0 255 0 255 0 0 255 92 255 50 127 255
    255 0 19 255 0 0 0 255 0 0 255 0 30 0 0 228 222 255 0 255 255 0 255
    0 255 255 255 0 61 0 0 255 255 0 0 255 0 0 255 0 0 255 255 0 20 255
    255 161 193 252 36 255 255 0 51 255 0 255 255 167 255 0 0 255 0 255
    255 255 0 255 47 0 0 255 255 0 0 255 255 70 0 255 0 255 255 255 255
    255 17 255 0 0 255 0 255 122 193 255 0 237 255 255 0 255 0 255 255
    255 255 0 255 0 255 0 255 217 255 0 255 20 0 255 255 0 255 255 0 0
    255 0 255 255 208 60 255 11 0 255 0 103 255 204 60 0 0 255 0 255 255
    0 255 0 0 255 168 255 0 255 0 255 255 0 255 0 0 255 255 14 84 0 255
    255 0 255 0 255 0 230 0 255 0 255 0 255 0 230 0 255 0 255 0 215 178
    255 255 255 0 255 0 255 255 122 255 0 0 217 6 255 0 255 255 179 0
    109 255 0 0 0 255 140 255 255 0 0 0 0 255 255 0 255 255 0 0 255 1
    245 0 255 34 255 255 0 0 0 255 0 150 255 0 255 0 255 214 255 255 0
    255 255 210 0 166 226 209 0 255 0 255 144 47 255 255 0 0 255 255 0
    255 255 0 255 0 255 245 0 255 0 255 72 0 0 255 255 0 0 99 255 255 0
    0 255 255 0 88 169 255 0 151 0 196 0 79 255 255 0 165 255 0 255 255
    255 0 0 0 15 0 217 0 255 0 255 0 255 231 0 0 255 255 0 255 255 146 0
    0 255 0 0 255 255 0 255 68 0 0 0 255 40 12 0 255 255 0 255 83 255 0
    220 255 255 160 255 0 255 255 0 0 200 255 255 0 255 255 0 150 0 255
    216 255 0 255 0 255 255 255 0 255 255 0 255 49 0 249 255 0 122 0 255
    0 181 255 0 255 0 255 0 255 0 0 0 255 0 255 0 0 0 255 0 255 0 255 0
    255 0 55 0 0 0 255 0 255 0 255 0 0 0 176 255 0 255 0 255 0 255 255
    191 255 20 0 255 0 22 0 255 255 0 255 168 0 63 255 0 255 255 255 175
    255 163 0 56 155 0 255 0 31 0 0 0 0 79 255 0 154 0 40 0 202 255 0
    255 255 255 0 255 255 0 119 0 0 255 0 59 0 255 255 255 0 0 255 0 255
    199 230 255 0 191 0 0 0 255 220 0 0 0 203 0 0 58 255 0 0 255 0 255 0
    0 0 255 0 0 255 0 0 255 255 0 255 0 255 0 255 203 0 0 255 0 255 90 0
    90 255 255 0 0 91 0 255 0 255 0 255 255 24 0 255 0 255 0 83 98 255
    255 80 0 210 255 0 0 255 0 49 0 179 0 70 255 0 0 255 255 255 255 0
    255 255 147 255 0 0 143 255 127 255 0 255 255 0 95 255 0 255 255 229
    238 255 0 255 0 6 255 42 255 255 255 203 255 0 0 255 0 168 0 0 255
    255 0 0 255 255 0 0 0 0 255 255 0 255 255 141 255 0 255 0 255 0 255
    0 255 219 255 0 255 0 255 255 255 55 0 0 0 27 255 49 255 0 186 0 255
    255 9 255 0 0 255 255 0 255 255 0 0 201 0 0 77 255 255 255 208 255 0
    255 255 0 84 0 255 255 137 255 0 0 255 0 255 0 239 255 25 255 0 63
    255 255 255 255 0 0 0 255 0 255 0 255 0 255 255 0 73 255 255 0 187 0
    207 255 0 255 0 255 255 255 0 255 255 0 255 0 255 0 0 219 255 150 0
    0 255 0 0 255 0 255 255 255 0 255 0 255 0 248 0 236 0 255 0 0 255 0
    255 255 0 120 254 0 255 0 255 0 0 255 0 0 255 0 0 87 157 0 227 255 0
    255 0 0 246 159 255 7 221 255 0 255 255 0 255 23 196 0 0 0 231 255 0
    255 255 0 255 0 0 255 139 79 255 0 255 0 0 255 0 255 0 255 0 0 77 68
    0 0 255 255 0 0 30 255 0 255 255 0 0 0 255 0 0 255 0 140 223 86 0 77
    0 0 255 0 255 0 0 0 255 0 22 0 174 0 0 0 0 255 106 138 59 0 255 255
    244 0 0 255 0 255 0 0 255 255 224 0 255 0 83 0 255 0 0 255 49 181
    255 0 255 0 255 255 0 224 255 155 0 255 255 0 237 0 0 43 0 255 255 0
    255 255 0 44 0 255 255 0 245 0 255 255 255 0 255 0 180 0 255 0 105 0
    148 255 0 0 255 255 255 244 0 0 255 0 255 0 255 0 255 0 255 0 255 0
    255 247 0 255 0 255 93 0 255 228 149 60 0 255 0 255 57 0 0 255 255 0
    58 255 0 55 0 255 118 0 255 215 255 0 1 0 109 48 255 0 255 0 255 0
    255 0 26 207 172 255 0 0 0 255 255 0 255 255 0 190 212 0 255 0 255 0
    0 0 150 255 110 255 255 35 255 0 255 255 0 255 3 0 120 26 43 255 0
    95 255 0 196 255 252 255 245 0 43 252 0 89 221 255 0 0 242 129 108 0
    0 255 255 0 0 0 255 172 28 71 235 20 0 255 0 255 255 0 255 0 0 255 0
    255 255 0 0 76 255 255 201 255 0 0 255 255 255 255 0 255 0 255 255 0
    255 0 255 0 255 255 247 0 107 0 255 0 255 255 255 0 255 0 150 255 0
    0 255 0 255 0 0 255 0 255 0 255 0 0 255 86 255 0 0 255 0 0 255 0 255
    0 0 255 0 255 0 0 255 255 0 255 110 255 0 0 255 0 255 0 255 0 255
    255 0 255 255 0 255 255 252 166 195 255 0 255 0 0 0 0 255 255 0 244
    0 255 0 255 79 255 255 64 255 0 255 69 0 235 255 99 3 255 200 0 150
    186 0 132 38 0 255 0 155 177 240 215 0 255 255 0 0 0 179 0 255 0 255
    47 255 255 255 255 2 66 0 255 0 0 255 100 255 137 255 123 251 255
    255 255 146 255 182 255 0 255 0 255 255 0 255 0 255 255 215 255 255
    13 0 255 255 0 0 255 0 255 0 255 255 0 170 0 255 69 0 0 0 255 0 143
    0 255 255 0 0 0 255 225 255 0 0 255 195 0 255 0 255 0 0 0 177 177 0
    255 255 255 0 255 0 69 255 52 255 0 255 0 255 213 162 0 255 0 255 12
    0 255 255 255 0 255 255 0 255 255 255 0 0 0 255 255 226 0 237 255 0
    130 0 0 255 0 255 0 255 255 0 255 0 0 255 0 255 0 111 0 255 0 0 255
    255 255 94 0 255 255 0 255 0 255 247 0 255 0 255 0 0 255 0 255 0 255
    0 255 0 0 255 255 0 52 53 35 0 0 255 255 255 255 123 186 0 255 13 0
    255 255 0 255 0 175 209 184 255 255 255 2 255 255 166 255 0 255 255
    18 255 0 255 0 255 36 253 0 0 255 0 255 255 0 25 255 0 0 0 255 255
    255 97 83 0 255 255 160 0 255 7 0 255 0 255 255 0 255 12 255 0 255
    71 0 130 0 15 156 255 255 183 49 255 255 0 255 204 0 255 0 130 255
    255 0 0 0 255 0 203 255 0 255 0 0 0 255 77 255 166 0 0 255 0 0 255 0
    255 0 255 0 145 0 255 0 255 0 0 171 255 255 114 0 99 132 255 0 0 255
    255 0 0 255 0 63 176 0 0 255 255 255 0 255 0 255 167 255 48 0 0 228
    255 0 255 166 0 255 0 255 255 68 0 198 0 0 0 255 0 81 51 148 255 225
    0 53 255 0 255 0 0 255 0 255 255 0 0 165 0 255 255 255 15 255 123 18
    238 255 0 255 100 255 0 113 82 255 236 255 0 0 163 255 0 0 0 255 0
    255 0 0 255 0 255 255 0 0 255 0 255 0 255 152 255 0 255 255 255 0
    255 186 0 189 22 255 0 106 255 0 0 255 0 0 0 0 0 255 0 67 255 0 0
    112 0 0 255 0 255 0 117 255 208 0 255 0 255 255 0 89 101 255 255 0 0
    78 24 255 255 255 0 0 21 0 213 0 195 255 141 255 255 0 255 0 255 0
    255 0 255 255 255 0 0 255 0 255 255 0 216 255 255 119 0 255 0 255 0
    255 0 182 0 255 0 148 255 15 154 255 0 0 255 0 0 255 0 255 0 224 255
    13 47 255 237 255 69 250 0 105 255 255 0 255 255 0 0 0 255 0 255 255
    48 255 0 136 0 255 255 68 0 255 247 255 255 0 255 113 0 0 189 151
    255 0 255 234 255 172 0 0 0 0 255 212 255 176 255 0 255 87 255 170 0
    255 255 0 3 255 182 7 0 0 255 255 0 255 255 201 255 0 255 98 255 0
    255 0 154 211 157 0 58 0 255 255 255 0 255 255 0 0 0 0 255 6 0 28 0
    177 255 0 184 255 0 209 255 0 35 123 0 255 0 255 255 255 224 13 0
    175 255 0 255 0 0 0 75 255 0 0 255 0 255 0 0 255 255 0 255 233 0 136
    255 0 203 255 255 0 255 255 255 0 255 166 150 0 255 255 0 12 0 255
    255 255 255 150 0 255 0 237 0 115 12 0 255 255 0 0 255 255 255 255
    255 29 255 255 0 0 255 0 255 0 170 255 0 255 255 0 255 0 255 0 0 0
    238 255 0 255 255 0 0 255 255 33 178 0 0 0 255 0 255 255 0 0 255 255
    0 255 0 255 255 255 13 255 0 86 255 0 224 255 0 255 255 0 255 0 14 0
    0 255 152 255 67 215 0 104 255 181 0 0 255 0 0 255 0 22 255 255 0 0
    255 0 255 255 255 255 0 255 0 0 0 255 255 255 182 181 255 198 255
    184 0 255 255 0 255 0 0 0 255 30 0 255 0 0 255 0 255 0 255 0 255 255
    255 0 255 0 0 255 255 91 255 255 0 255 255 89 195 255 255 0 0 255 0
    255 0 255 0 0 255 255 0 75 0 32 0 0 255 0 0 255 218 42 0 111 255 0 0
    255 123 0 53 255 0 255 242 0 255 255 0 0 105 255 0 255 195 255 0 127
    0 0 255 0 0 255 218 0 255 0 255 0 255 255 0 255 0 0 255 0 255 0 255
    0 0 255 0 255 0 255 147 0 255 255 0 0 5 255 98 217 100 255 0 0 255 0
    0 255 160 0 32 94 255 0 9 171 115 0 120 0 0 15 255 0 255 255 0 255
    255 255 59 0 255 0 82 242 0 143 0 0 255 50 255 0 255 0 0 255 255 0
    255 0 239 255 254 190 0 255 0 255 233 0 188 0 9 18 255 0 0 46 153 0
    255 0 0 255 255 255 0 255 255 255 0 255 19 255 0 255 0 255 0 255 0
    255 0 30 255 255 0 255 255 0 255 255 0 255 121 255 255 65 0 0 255 0
    255 0 255 255 255 0 255 0 0 255 0 255 0 255 255 0 0 255 154 255 255
    0 255 255 6 255 255 0 255 0 0 255 0 255 255 0 8 0 255 0 255 0 231 0
    0 0 211 255 0 0 185 255 249 255 0 0 0 255 0 255 255 0 0 255 0 255
    255 255 255 184 0 255 255 0 255 0 255 139 0 255 255 214 255 255 0 0
    0 255 40 0 255 0 255 255 0 255 0 0 251 255 255 0 255 255 0 255 0 135
    49 0 255 255 0 124 255 135 0 0 255 255 0 0 255 0 0 0 255 181 0 32
    255 0 91 234 255 0 0 255 255 0 0 0 255 0 255 255 124 255 0 255 0 44
    30 22 255 255 3 255 255 0 0 255 137 255 255 0 159 0 46 241 126 255 0
    41 0 255 0 255 255 255 255 108 0 159 255 0 221 246 144 246 0 255 0
    255 0 0 255 24 255 0 255 0 55 0 0 255 0 78 0 181 1 0 255 231 0 0 101
    108 8 255 0 0 0 235 0 255 0 0 255 0 84 237 234 200 0 251 255 0 0 255
    255 0 255 0 255 0 0 255 0 255 255 0 255 0 0 255 25 255 0 255 0 255
    64 0 255 0 255 0 0 255 0 255 0 255 0 255 255 255 0 0 255 255 72 5 0
    255 0 0 255 41 255 0 255 255 0 0 0 255 0 0 255 255 0 255 0 97 0 139
    0 0 140 255 255 0 0 255 0 0 0 0 63 9 0 0 197 190 255 44 255 0 121 0
    48 0 255 0 0 0 0 255 0 0 0 255 170 0 0 56 45 223 255 0 255 255 0 255
    76 0 255 0 255 0 0 255 68 227 255 0 81 255 255 0 255 255 255 255 255
    255 24 0 41 0 0 120 137 255 0 0 0 255 0 255 159 185 255 0 255 255 0
    0 255 255 255 255 56 0 255 0 0 255 0 0 0 255 255 0 105 0 255 0 255
    255 255 255 0 0 0 255 0 0 255 234 255 0 0 43 0 0 255 11 0 255 0 255
    0 255 255 106 0 222 0 0 0 255 0 255 255 0 0 255 255 255 0 255 255
    255 255 38 255 122 255 0 255 0 0 255 0 36 255 0 255 0 255 255 0 0
    255 255 0 255 0 255 0 231 255 255 255 46 0 255 0 255 255 0 0 255 0
    102 0 109 255 255 0 255 0 255 41 0 98 255 255 0 144 255 0 255 255
    239 255 255 0 255 0 255 0 255 219 255 235 255 152 157 0 255 0 255 0
    11 255 255 255 255 0 0 255 0 0 255 255 0 255 0 0 255 0 255 0 0 255 0
    255 0 255 255 255 255 0 255 255 255 0 255 255 255 0 0 255 0 255 0
    255 0 12 0 255 160 0 255 0 58 255 255 0 0 255 255 0 255 0 255 0 0 0
    255 0 255 0 255 255 255 255 0 0 154 0 255 255 96 0 255 0 47 0 255 0
    255 75 255 0 0 255 0 255 30 255 0 255 0 0 255 0 255 0 118 192 255 0
    0 0 255 55 255 255 255 0 0 0 77 255 0 0 255 0 0 0 213 18 0 255 0 255
    0 255 255 255 25 0 255 0 0 125 255 0 66 95 0 105 102 255 0 255 0 0 0
    255 255 56 255 0 0 0 255 255 255 255 255 0 36 255 255 0 0 255 37 255
    255 0 0 255 66 0 0 255 0 0 0 0 255 0 212 189 15 0 255 255 0 0 0 0
    255 0 0 0 0 0 255 255 0 255 255 255 0 144 255 255 255 0 0 0 0 255 82
    0 255 0 51 255 255 255 0 255 0 0 255 255 186 255 0 255 0 255 255 255
    76 255 248 91 255 255 0 255 30 255 0 211 0 0 0 255 255 0 255 31 0
    255 0 255 0 182 0 255 0 0 255 0 255 0 255 0 255 178 0 255 0 0 255 0
    255 255 9 255 255 255 138 0 255 0 255 255 0 255 255 0 119 255 0 255
    255 255 253 121 0 255 106 0 0 255 255 0 0 255 255 0 255 0 255 0 187
    255 0 59 0 0 255 22 255 32 0 217 255 0 110 225 0 0 255 95 229 0 255
    0 0 255 0 255 0 0 0 255 0 112 0 0 255 0 158 255 0 110 151 0 255 0
    133 0 255 255 255 224 255 0 255 242 255 0 0 255 144 255 0 0 255 18
    140 255 255 0 255 255 213 0 255 0 255 0 255 255 255 200 0 255 0 0 11
    0 0 255 41 0 0 255 0 255 255 0 0 255 47 0 255 0 255 0 83 0 0 255 165
    0 250 33 255 255 0 0 0 0 255 255 0 0 255 0 40 255 95 0 0 255 195 255
    0 255 0 160 237 0 162 255 0 0 142 255 255 0 71 255 0 255 208 0 255 0
    255 0 18 255 98 0 185 202 255 0 255 236 255 0 0 121 255 255 88 0 75
    0 255 0 0 255 157 255 255 94 255 0 255 0 0 255 255 255 255 0 125 0
    255 0 255 157 243 0 255 255 0 255 255 7 255 0 0 255 0 255 2 255 0
    238 0 0 255 0 255 34 0 6 255 255 0 0 255 20 133 0 255 0 98 255 255 0
    0 255 0 255 0 255 255 0 0 255 0 249 116 34 0 0 255 255 183 0 217 0
    255 255 0 254 0 0 171 152 255 0 0 0 255 255 255 0 0 255 255 0 0 255
    16 62 169 255 255 255 255 50 182 255 255 0 240 0 0 255 0 255 0 0 0 0
    255 0 0 255 255 0 255 255 0 255 255 255 81 255 0 24 0 57 0 255 0 255
    0 97 0 15 0 0 255 0 0 251 255 224 255 255 255 0 255 255 0 0 255 0 0
    0 255 0 255 0 255 0 255 255 198 255 0 0 0 255 62 255 255 0 84 54 255
    255 80 0 255 170 215 169 0 0 0 164 255 0 0 0 255 255 255 255 16 255
    148 161 222 255 255 0 168 255 255 0 255 0 0 255 0 0 255 0 255 250 83
    255 0 255 0 0 0 130 0 0 255 102 0 169 169 255 0 255 0 255 0 21 0 255
    0 0 0 255 0 255 107 176 150 0 255 0 255 84 235 152 49 0 57 0 71 0
    240 244 0 17 144 0 255 0 255 0 255 0 255 0 0 255 0 198 128 255 255 0
    0 0 0 255 255 0 6 255 0 0 255 0 255 0 0 255 0 0 255 0 255 0 255 255
    0 245 255 0 232 255 0 17 75 255 0 255 0 0 255 106 255 227 255 255 0
    0 0 194 255 255 0 255 255 0 0 255 255 255 255 255 0 255 0 255 0 89
    206 255 0 182 57 255 255 255 0 255 0 255 0 255 0 255 255 0 255 255
    255 0 255 0 255 255 255 0 135 209 255 0 255 104 0 0 0 255 255 0 0
    255 0 0 234 255 0 236 255 0 0 255 255 19 255 255 255 255 31 255 0
    255 255 255 0 255 0 0 255 0 255 36 255 0 90 0 255 0 255 0 255 0 197
    255 53 0 255 104 255 0 255 255 144 255 255 255 0 0 255 0 227 255 153
    0 255 0 0 255 0 255 254 255 63 255 12 13 255 255 0 197 146 255 111
    59 255 0 0 255 7 255 0 255 0 0 255 0 17 0 255 161 255 255 255 255
    197 0 0 255 126 157 255 136 0 255 0 255 255 0 255 64 184 75 0 255 0
    255 0 255 0 255 173 190 255 255 0 0 0 0 0 210 0 255 255 0 255 255 0
    112 15 255 22 255 255 28 0 0 163 255 0 255 255 0 0 255 0 255 255 255
    0 122 85 238 0 0 12 255 0 87 0 45 0 255 255 0 255 0 255 0 15 255 0
    121 0 0 56 255 255 0 255 0 255 0 255 255 138 255 0 120 0 0 255 0 0
    255 0 255 0 0 233 255 255 40 0 0 227 66 255 184 255 0 0 255 0 0 255
    0 0 255 0 0 0 0 0 3 0 255 255 255 0 65 0 255 33 0 243 0 255 17 0 195
    255 0 37 255 0 255 0 148 0 143 0 0 0 0 157 0 255 0 0 0 255 178 255 0
    255 255 87 255 0 0 0 0 255 0 255 255 0 255 0 0 0 78 0 255 0 255 0
    255 176 250 0 0 222 255 0 0 0 255 0 86 201 0 255 0 255 255 0 255 255
    0 255 0 255 0 255 170 0 0 255 222 0 0 255 141 0 255 255 255 255 0 0
    255 0 0 0 255 3 255 0 255 255 255 0 0 255 255 0 18 255 37 39 255 0
    63 0 0 255 255 213 0 0 255 162 255 0 51 19 0 0 255 0 255 255 255 255
    255 144 0 0 255 0 255 0 255 255 0 0 255 16 255 0 255 255 0 255 0 255
    252 255 255 162 255 0 0 255 0 0 255 0 0 255 255 38 255 181 255 0 255
    157 54 167 255 255 255 155 0 255 108 0 255 0 255 255 255 255 250 0 0
    255 0 255 0 255 255 255 0 0 255 255 255 255 251 217 53 172 127 0 255
    0 255 0 255 0 0 0 0 255 255 0 236 0 255 80 255 0 255 255 255 255 4
    193 255 0 0 255 0 255 0 0 255 0 255 255 255 255 187 0 255 0 0 55 0
    255 218 255 255 0 255 255 216 255 188 255 15 255 255 0 255 0 0 255
    252 0 253 0 255 255 255 0 255 0 5 0 0 255 255 255 127 255 255 0 159
    167 255 190 0 255 255 255 0 0 255 0 255 255 0 255 206 126 255 25 0
    255 0 0 255 0 0 255 0 255 106 187 42 255 0 255 255 0 0 255 0 0 255 0
    93 0 0 255 0 255 132 0 255 0 255 255 0 255 131 199 0 255 0 255 0 0
    255 0 255 0 0 255 0 190 155 255 0 200 0 0 255 255 0 255 0 255 0 255
    252 0 0 255 0 255 255 0 255 255 0 0 93 255 0 255 0 255 0 0 0 255 0 0
    77 0 255 255 0 0 183 0 255 27 255 0 0 154 0 0 0 252 255 255 255 255
    147 0 0 12 171 0 255 0 0 0 49 0 0 0 255 255 255 255 0 255 134 0 255
    0 255 0 255 0 0 255 69 0 254 210 255 0 255 115 0 255 126 0 255 255
    217 0 255 0 0 255 0 255 0 255 0 0 255 0 255 0 197 182 0 255 0 0 0 0
    255 255 153 0 255 0 0 255 0 51 255 0 255 0 255 255 0 0 0 255 0 114
    255 0 255 255 0 177 96 255 0 22 255 0 255 130 0 255 205 0 255 0 0
    255 101 255 255 0 255 171 0 0 0 133 255 0 0 255 122 22 255 0 255 89
    0 255 0 0 255 0 255 255 0 255 255 255 0 0 60 255 0 0 0 0 255 62 255
    0 255 0 88 255 255 255 255 255 255 38 255 255 0 0 255 255 0 255 255
    255 0 0 255 191 255 0 255 0 204 0 255 0 0 255 0 255 0 255 0 255 0
    255 0 0 255 210 140 0 255 0 188 255 255 0 191 255 0 0 48 255 239 0
    255 0 35 255 0 255 255 0 255 81 0 85 0 255 93 255 255 0 255 0 255
    255 255 255 0 197 231 255 0 255 255 0 0 0 0 255 0 25 120 32 1 133
    255 18 0 0 210 190 0 255 253 0 255 0 0 0 133 0 0 255 255 244 0 255 0
    255 0 0 49 255 0 255 0 255 188 0 255 255 255 0 23 255 0 0 0 0 255
    174 255 255 255 69 255 255 0 255 0 0 147 36 255 49 255 255 12 255 0
    255 0 255 51 0 255 0 107 255 0 255 0 0 255 0 255 0 0 255 47 255 0
    255 205 94 43 0 61 0 140 0 196 109 0 255 255 0 255 0 200 255 255 0 0
    255 255 0 98 178 255 0 127 0 0 255 0 255 17 154 0 255 0 234 255 185
    0 102 0 0 117 0 255 255 0 255 0 255 255 227 0 96 0 255 0 0 255 255 0
    255 0 255 255 0 128 0 111 0 0 0 255 0 0 255 255 20 0 0 255 0 88 50
    112 0 0 255 0 255 0 0 255 0 255 0 19 0 73 255 255 0 255 255 100 0 0
    0 0 0 0 164 0 255 255 168 38 145 0 0 0 255 0 255 0 0 0 255 255 255
    255 143 255 0 255 0 137 0 255 81 0 255 0 255 0 14 0 255 0 255 0 0
    255 195 255 0 255 255 0 0 0 255 76 0 164 0 255 255 255 255 255 255
    178 255 0 0 238 0 255 255 255 0 255 255 255 0 255 0 0 0 255 0 255 0
    0 0 218 148 255 0 255 255 68 0 14 0 255 255 0 0 0 255 164 255 0 255
    0 255 146 0 146 255 0 0 255 0 255 0 255 0 255 255 182 0 194 0 255
    255 255 0 255 255 0 255 0 255 255 254 247 0 255 0 93 255 0 255 0 255
    0 255 0 0 255 0 0 255 0 255 0 255 255 255 182 255 0 255 0 255 255 0
    255 0 255 63 255 0 255 255 0 0 255 123 73 0 255 0 255 255 255 0 67
    255 62 255 0 0 108 0 255 0 218 255 0 255 0 30 255 0 106 255 0 0 255
    255 0 98 121 255 157 97 255 0 0 0 255 0 133 255 255 0 255 255 255
    255 255 152 255 235 127 133 255 1 255 255 255 206 0 0 0 0 0 255 32
    255 255 0 255 0 0 255 0 255 0 255 20 255 131 255 141 100 0 255 0 0 0
    95 0 151 0 0 255 0 255 255 54 255 0 0 255 0 0 82 255 0 255 0 255 255
    0 0 0 20 112 207 0 244 255 0 255 255 12 255 0 255 0 255 0 0 0 0 255
    255 255 0 158 0 0 255 0 0 255 0 255 0 255 120 0 110 255 0 255 255 0
    255 0 255 255 244 0 255 255 255 0 255 0 255 0 31 0 255 0 218 0 0 55
    255 255 0 255 0 255 255 0 255 0 255 0 0 0 255 255 0 0 112 255 255
    207 0 255 255 0 255 0 255 255 255 42 255 27 0 62 232 0 234 170 255
    180 214 6 255 255 0 255 55 164 0 255 0 0 255 255 0 255 0 34 0 255 0
    255 0 255 255 255 62 255 0 0 0 40 0 0 255 0 0 21 255 255 181 0 0 255
    255 0 255 0 69 0 0 0 0 9 255 0 0 0 0 255 255 7 0 0 255 255 0 0 255 0
    255 0 255 0 255 255 0 0 255 34 255 0 0 0 0 255 255 253 0 255 0 255 0
    0 232 255 0 255 255 131 0 255 137 0 255 184 0 255 0 0 255 255 96 255
    142 255 0 181 0 255 0 255 255 255 0 0 255 0 255 0 135 0 0 255 255 0
    255 127 188 0 255 0 0 3 255 0 0 209 255 0 81 0 255 255 255 0 255 0 0
    0 255 255 255 52 0 255 255 255 0 0 255 0 255 100 90 255 125 255 0 0
    255 151 0 255 0 229 255 0 255 0 255 28 103 255 255 0 255 255 0 255
    136 255 255 0 255 0 255 255 255 0 255 255 127 0 183 0 255 255 0 0 75
    255 0 255 236 44 0 255 0 255 5 255 0 143 217 55 0 61 0 255 0 255 0
    255 0 17 0 0 255 163 255 0 255 255 0 255 255 0 149 60 0 61 0 255 109
    0 0 0 168 0 199 0 94 255 255 0 222 80 38 0 255 144 0 0 14 168 255 0
    255 0 0 255 255 0 120 0 0 255 0 255 0 0 255 18 255 255 255 255 255
    255 117 0 0 255 255 0 82 29 255 0 0 5 255 171 255 0 253 255 255 0 0
    255 255 230 0 80 0 85 211 12 255 255 255 0 255 0 255 0 255 127 255 0
    255 255 0 255 0 0 0 255 0 167 255 255 0 101 0 255 0 123 255 255 255
    0 255 255 0 255 254 0 255 58 0 255 255 0 255 0 255 0 0 255 0 255 0
    255 0 251 0 255 235 255 204 255 66 0 0 255 255 0 255 114 245 255 255
    70 255 0 217 21 0 200 255 0 170 255 0 128 0 0 255 0 0 255 194 255
    255 0 255 0 72 255 255 132 255 34 0 255 235 133 0 255 0 0 0 255 255
    255 0 255 73 0 0 255 0 255 0 150 0 255 255 0 255 0 255 255 0 255 255
    0 0 255 0 255 255 0 236 0 255 0 255 0 255 255 230 255 177 0 255 0 0
    255 0 255 0 255 0 255 0 0 255 185 0 255 0 255 255 0 255 0 255 0 255
    255 187 0 255 102 24 0 0 255 255 0 143 255 0 0 255 255 255 255 0 57
    0 255 255 0 5 255 255 0 255 0 255 0 0 255 0 219 0 255 255 0 35 255 0
    255 32 255 255 102 255 255 0 255 0 255 229 0 0 255 0 255 255 0 99 0
    0 0 255 0 255 255 0 255 0 0 0 184 255 0 93 0 206 255 255 255 255 0
    255 255 0 0 255 0 0 0 0 0 255 255 0 0 0 0 0 255 255 255 0 255 215 0
    255 255 0 255 255 0 255 0 0 255 0 0 255 0 255 0 255 214 255 0 255
    255 0 234 0 0 255 255 255 255 0 255 255 0 0 155 0 255 0 255 0 0 255
    0 0 255 0 255 255 39 255 0 255 0 255 0 87 47 0 117 255 255 0 0 35 0
    255 255 255 0 255 0 0 0 255 190 0 215 61 86 255 255 255 255 0 57 255
    255 0 255 255 174 0 255 141 0 247 0 255 0 0 255 0 48 255 0 255 255 0
    255 255 0 0 255 0 78 0 48 0 0 255 0 200 0 255 255 0 0 255 0 255 255
    0 0 255 48 26 0 5 255 255 255 255 255 0 255 0 255 0 0 255 0 255 0 0
    135 0 255 255 0 0 255 0 255 119 0 255 0 255 149 0 255 255 255 0 255
    0 0 255 0 104 0 255 0 255 0 207 128 0 255 255 255 255 255 255 0 255
    255 255 255 255 255 255 0 0 255 0 39 255 255 0 0 0 255 255 255 255
    255 0 0 255 0 131 0 255 255 0 0 42 0 255 0 33 0 0 255 0 255 168 0
    255 155 0 255 255 0 0 0 255 0 0 0 8 243 0 255 0 255 255 255 0 255 80
    0 37 255 255 255 255 255 0 0 0 0 32 0 255 255 97 255 90 255 104 0
    255 0 255 0 0 255 255 0 255 255 27 62 196 255 0 255 0 255 255 126
    198 255 0 0 255 255 0 156 255 0 255 255 0 255 255 53 255 79 144 255
    255 255 255 255 0 255 0 255 214 255 0 255 0 153 0 255 0 255 0 0 150
    255 0 225 0 255 255 255 255 255 86 255 255 0 255 255 0 255 0 255 0
    255 0 255 0 255 255 0 255 0 255 255 154 0 170 255 0 255 255 255 191
    255 0 0 255 255 254 0 255 255 255 0 255 46 0 0 255 0 255 255 107 255
    12 0 255 250 12 255 210 0 255 155 255 85 255 255 255 255 0 255 0 255
    0 255 0 255 0 0 0 255 0 0 255 164 0 65 0 255 255 0 253 255 0 0 0 213
    255 0 255 0 255 255 0 0 0 128 0 0 255 255 0 255 255 231 255 255 0 29
    0 85 0 255 0 255 255 116 255 6 202 27 1 255 170 255 72 255 255 0 255
    0 255 62 0 255 255 0 255 177 0 0 67 255 166 0 255 255 255 255 255 0
    255 0 255 0 255 255 0 255 0 0 0 26 255 255 0 0 123 255 251 0 160 255
    0 255 0 255 0 255 0 53 0 255 0 255 255 0 255 0 255 255 105 0 255 0 0
    255 255 0 255 255 0 255 0 255 255 0 0 0 0 222 0 255 84 0 39 255 0
    255 0 255 255 0 83 0 255 0 255 255 0 0 255 0 154 255 0 255 255 0 143
    0 255 0 182 227 0 119 255 255 0 255 0 236 255 255 255 0 255 219 255
    189 255 0 0 255 0 255 178 0 255 255 0 255 0 119 0 0 113 255 255 255
    255 215 0 255 0 255 255 154 0 255 0 213 255 255 255 0 255 0 255 72 0
    0 255 0 255 117 0 255 255 0 0 0 255 0 255 29 255 177 0 0 0 255 0 255
    255 255 0 0 0 80 38 0 0 253 255 0 0 255 255 255 0 255 255 0 255 255
    0 255 255 0 255 0 255 43 255 255 0 18 0 227 2 0 0 149 255 0 39 170
    210 255 15 0 255 0 0 255 0 255 0 0 152 245 0 212 0 255 0 255 112 255
    255 255 0 255 255 0 0 255 255 0 0 159 0 114 0 0 255 56 0 0 0 0 0 255
    0 255 255 0 117 192 255 0 255 0 0 0 255 0 255 0 255 0 255 0 255 255
    255 255 255 135 0 255 255 242 0 255 205 0 171 255 255 0 0 255 0 255
    255 255 255 0 41 0 255 255 255 0 61 0 255 237 80 3 255 103 0 255 0 0
    255 255 0 34 105 0 255 0 70 0 255 0 0 0 0 255 3 50 234 255 0 255 0 0
    0 0 255 255 0 255 0 245 0 255 0 0 255 0 255 0 255 255 255 0 0 0 129
    0 165 0 0 0 0 255 100 0 242 0 0 255 0 255 255 0 218 255 0 255 255 0
    255 0 255 0 0 255 0 255 255 255 0 0 255 255 0 255 0 255 0 255 0 82 0
    0 171 255 0 255 62 255 255 0 2 0 255 0 40 255 226 221 255 0 0 255 0
    255 255 0 255 23 0 255 0 255 255 0 0 255 0 237 0 255 0 255 255 0 255
    255 0 255 255 255 255 0 0 0 154 0 255 249 255 143 0 0 255 0 119 255
    171 85 255 255 208 255 255 0 255 0 255 0 255 26 246 255 255 0 255 0
    49 255 255 0 222 255 0 255 0 255 255 0 255 0 144 0 0 62 33 137 225
    255 106 0 226 147 255 157 56 255 255 255 0 0 110 206 255 0 0 255 0 0
    255 255 0 7 255 204 255 0 0 0 255 0 255 0 255 0 0 0 255 255 255 255
    0 255 0 85 226 255 255 255 207 255 255 255 255 255 0 255 255 0 255
    255 0 129 255 59 255 0 255 205 255 70 255 0 255 0 141 35 67 255 0 0
    42 255 255 255 0 255 23 231 255 255 195 0 0 255 0 147 255 0 0 255 0
    0 255 255 0 0 255 0 255 255 0 0 255 0 255 0 255 255 158 0 0 255 0
    255 40 182 10 255 255 0 255 0 0 128 75 255 166 0 255 0 145 255 90 0
    255 0 255 255 236 255 252 208 255 0 0 255 172 255 0 0 146 0 255 255
    0 255 255 255 41 0 0 255 255 36 255 255 0 255 0 255 255 245 255 0
    255 0 0 255 255 255 255 255 143 0 108 139 0 211 0 255 172 255 0 163
    0 0 255 0 255 255 0 178 0 255 220 0 135 0 255 0 255 255 205 0 0 0 0
    0 0 63 156 255 0 119 0 255 0 255 255 0 73 255 0 255 0 255 0 255 0 99
    0 57 255 176 103 0 0 255 0 0 255 0 255 0 0 0 255 0 255 255 203 125
    255 0 142 178 255 0 0 0 0 255 19 255 115 255 0 174 255 0 0 255 0 255
    0 0 255 0 255 255 0 0 255 0 72 0 255 0 0 0 45 0 0 255 255 0 255 28 0
    255 0 0 0 255 0 0 0 46 0 255 255 0 87 0 255 255 255 0 0 255 0 230 12
    255 0 90 0 188 126 0 255 0 222 0 255 0 0 0 47 255 255 255 255 0 255
    255 0 255 0 170 0 44 0 0 0 0 255 127 97 0 255 0 0 197 0 255 0 255
    255 1 255 0 255 93 255 30 183 0 255 255 255 100 0 0 255 0 0 196 0 25
    0 255 255 0 255 255 160 135 0 255 0 0 255 5 0 255 0 0 255 0 255 157
    255 66 255 0 72 8 0 255 255 0 255 0 0 0 0 0 0 255 255 255 255 183
    255 255 0 255 0 255 0 255 0 226 77 145 255 255 0 255 0 0 0 255 0 153
    229 0 245 255 0 248 255 0 0 0 255 0 255 0 0 255 255 0 255 0 243 0
    255 255 0 151 224 255 255 0 255 0 44 255 0 0 255 119 159 255 0 255
    188 255 0 255 0 0 255 0 255 0 255 0 0 0 0 255 255 0 255 141 0 255 0
    255 255 255 0 255 255 0 255 0 255 255 0 14 0 255 255 255 0 43 0 255
    25 0 255 0 152 255 0 0 0 0 255 0 255 0 0 255 255 0 0 255 87 255 204
    185 255 0 0 255 0 255 0 255 0 0 0 46 255 0 0 255 0 255 255 155 113
    255 0 255 255 255 255 0 232 125 0 0 0 0 239 0 255 157 123 255 0 37
    255 130 255 255 0 79 255 255 0 255 0 255 0 168 198 255 255 0 0 255 0
    255 0 0 255 255 0 0 0 230 182 255 255 255 0 0 255 0 255 75 205 255
    91 0 160 178 0 255 0 255 0 255 255 255 125 41 255 0 255 0 255 0 0
    214 249 0 255 0 255 255 0 255 255 54 0 255 255 255 0 251 255 222 0
    255 0 0 255 255 255 255 0 255 255 255 0 0 255 255 0 255 0 0 163 255
    255 255 0 185 80 0 0 255 0 255 255 242 247 255 0 255 0 255 0 255 255
    255 0 255 0 255 255 0 22 0 160 0 255 213 255 255 25 126 255 142 0
    255 0 166 0 0 255 0 255 255 0 91 255 204 0 255 148 32 0 0 0 200 0 0
    255 36 255 0 255 0 0 255 236 0 255 0 255 255 142 0 190 0 205 0 0 255
    40 255 78 174 255 0 255 255 0 255 0 0 255 0 255 0 31 255 255 255 255
    0 0 255 0 255 0 118 255 0 255 0 241 255 255 199 255 0 0 255 0 248 93
    0 91 255 255 255 0 181 0 255 255 0 255 0 255 0 84 255 0 255 0 0 0 0
    0 0 0 255 0 255 30 255 255 0 255 0 0 0 255 0 0 129 255 0 255 109 0
    131 0 0 255 255 0 168 255 202 0 0 0 255 255 255 0 0 255 255 0 240
    255 255 255 0 14 0 0 25 0 0 222 0 0 247 0 255 0 0 243 0 255 255 0
    255 0 0 255 3 95 0 0 255 0 255 255 0 255 0 255 0 199 114 0 0 0 255
    154 61 255 155 255 255 255 108 255 0 255 255 148 90 149 0 0 255 0
    255 255 48 255 0 0 0 255 0 255 195 255 91 255 0 0 255 0 0 255 10 255
    0 0 255 0 220 0 255 0 0 255 255 0 255 0 59 0 255 255 0 255 79 20 255
    0 6 0 167 0 0 0 255 255 223 189 255 255 255 0 255 0 255 90 255 0 55
    255 81 0 18 0 255 0 255 0 255 0 255 0 255 255 0 255 0 0 255 0 255 0
    255 255 0 0 255 0 255 0 255 0 0 255 0 255 255 255 0 255 0 0 255 0
    255 0 255 0 0 255 255 0 255 255 255 0 255 255 255 0 0 0 255 24 255 0
    255 0 255 0 45 203 108 208 49 255 255 0 37 255 0 0 255 255 0 255 203
    0 255 0 255 0 177 255 0 255 0 0 255 0 255 236 0 255 255 0 255 0 255
    0 255 52 255 0 0 0 255 0 255 133 0 255 0 255 0 255 255 0 255 0 171
    255 255 255 0 66 0 111 61 255 255 255 255 0 75 255 0 0 255 255 0 255
    213 255 0 172 0 92 126 0 255 0 138 71 247 0 141 0 0 170 0 0 227 0
    255 0 0 255 0 0 255 0 255 0 255 197 0 191 255 0 151 0 255 0 0 68 0 0
    0 0 255 0 255 255 255 255 48 0 0 248 255 255 0 255 255 255 0 255 115
    0 0 149 0 255 255 255 0 255 255 20 0 0 0 18 255 255 255 0 255 111 0
    0 255 0 0 0 255 255 0 0 0 0 0 255 255 0 0 255 255 0 255 206 0 0 255
    0 255 0 195 0 255 0 255 75 223 197 0 57 5 0 0 255 0 255 0 0 255 0
    255 255 0 0 90 5 163 0 199 0 51 255 255 0 0 255 255 0 255 255 147 0
    255 144 0 133 255 0 255 245 99 0 255 252 0 48 0 255 36 0 255 0 0 255
    255 255 26 255 255 255 26 189 0 0 255 18 0 255 0 255 89 255 255 0
    209 255 186 0 255 175 0 0 0 255 0 16 255 255 255 0 255 255 0 0 255
    32 100 255 255 0 184 0 255 255 129 31 0 255 0 255 0 147 0 255 255
    255 0 0 255 255 0 255 255 155 255 255 0 255 1 0 141 0 255 255 0 0 0
    141 255 38 255 102 255 0 0 246 255 0 255 0 0 255 0 0 255 169 173 255
    173 255 0 255 255 0 255 186 0 255 0 0 0 0 255 0 116 191 255 0 255 0
    255 255 0 0 255 255 255 0 255 0 132 0 255 0 255 148 172 255 255 0
    255 0 255 0 0 255 0 255 255 0 215 255 0 0 255 0 0 0 255 209 255 51
    255 0 0 0 0 255 0 255 255 0 255 0 255 255 0 82 0 167 255 0 90 160 0
    255 119 157 255 0 255 255 255 255 255 255 255 7 0 255 141 41 76 255
    0 75 0 0 0 0 255 255 0 2 255 87 255 0 255 255 0 0 255 255 37 0 0 255
    255 0 255 0 255 0 0 0 255 255 0 255 255 255 0 171 255 47 0 255 255 0
    0 255 172 0 0 255 0 0 255 0 0 255 0 0 255 0 0 255 0 255 255 236 107
    255 59 102 255 0 0 0 255 255 0 149 255 0 0 0 157 255 255 0 255 205
    156 0 0 255 0 0 255 255 0 0 255 255 0 251 255 0 0 0 255 0 255 0 0
    255 0 255 218 110 0 247 0 0 0 238 0 97 54 255 0 255 0 255 0 255 0
    255 0 255 220 0 0 255 0 255 0 255 255 0 50 255 0 255 220 0 255 0 255
    0 255 0 255 255 0 255 0 68 255 255 225 0 0 0 255 0 255 255 0 255 170
    255 255 0 255 86 0 255 255 0 144 0 0 0 255 255 0 0 255 0 80 253 0 81
    164 255 0 98 168 255 0 255 0 0 0 255 255 255 0 255 255 0 255 0 255 0
    255 255 0 0 255 255 255 65 190 255 0 255 0 255 0 0 13 0 255 136 0
    255 0 0 255 0 255 0 255 0 255 255 255 255 145 0 255 0 0 60 0 255 0
    255 0 255 255 255 0 118 0 0 0 255 34 7 0 255 255 0 229 255 0 255 0 0
    255 0 255 0 255 0 0 0 234 0 255 255 0 255 133 255 50 13 0 95 0 255
    255 0 0 214 0 255 0 255 255 0 249 255 0 255 0 255 255 53 255 44 0
    255 0 0 255 255 0 0 255 69 0 255 0 255 0 255 255 0 0 255 226 255 0 0
    255 0 255 0 0 255 255 70 0 0 200 255 112 0 255 122 0 255 0 0 0 0 255
    0 255 0 255 0 255 0 46 255 255 0 187 255 255 194 0 255 255 0 255 0
    175 0 255 0 255 0 0 255 255 0 227 0 255 29 255 13 111 0 107 110 255
    0 255 0 0 0 255 255 0 255 21 0 255 0 179 255 0 255 255 0 255 255 0
    255 255 0 255 118 204 0 255 0 0 255 255 0 0 0 163 0 51 207 255 0 255
    0 35 241 255 0 10 0 255 0 0 255 250 255 0 255 0 179 200 255 255 0 0
    255 214 0 255 0 255 0 0 255 255 0 255 0 255 0 0 255 0 255 0 255 0 0
    70 0 255 0 255 0 0 255 255 197 0 255 255 195 255 169 255 0 0 255 226
    0 255 124 255 255 255 0 205 0 189 0 32 0 255 255 255 0 255 0 167 255
    255 255 255 0 0 0 255 166 255 0 0 0 255 255 0 0 255 255 224 255 0 0
    255 0 255 0 0 255 96 255 17 81 255 255 0 0 255 0 226 129 9 1 255 255
    236 255 255 83 255 0 0 255 212 0 255 141 0 0 255 255 207 255 255 255
    253 0 0 255 255 252 255 0 255 0 0 0 255 0 0 73 255 0 15 255 255 0
    255 0 255 255 216 0 0 0 94 0 218 255 255 0 158 0 191 0 255 0 255 255
    0 255 255 255 27 255 192 0 255 0 255 118 255 0 0 0 255 223 255 255
    255 33 255 0 255 255 251 255 0 255 0 0 255 156 255 255 0 0 100 255 0
    255 93 255 0 255 255 0 255 51 0 255 255 255 0 115 255 33 255 0 181 0
    255 255 0 255 87 255 0 255 255 0 0 255 255 193 0 255 255 16 0 160 0
    255 0 255 0 255 0 0 220 0 255 255 113 140 44 171 163 0 169 0 255 0
    255 0 237 0 191 255 255 255 0 0 0 255 0 0 0 52 0 255 0 255 0 165 0
    255 255 255 255 0 119 255 0 255 111 231 255 0 255 246 0 0 0 255 0
    106 231 255 68 255 255 0 255 255 0 255 255 193 255 0 59 0 118 0 16
    255 0 255 151 255 0 255 255 0 255 217 255 26 255 255 0 255 11 0 255
    255 0 0 255 0 24 0 255 0 0 255 0 0 208 0 255 0 0 255 166 0 3 255 0
    174 0 0 255 0 0 0 255 0 0 255 0 255 0 0 255 255 0 0 255 154 249 178
    255 0 189 74 0 126 0 255 0 255 236 0 255 255 255 0 255 109 233 88
    255 69 217 0 255 98 0 255 0 255 0 255 0 255 0 255 255 255 0 255 0
    255 0 255 0 0 167 0 0 255 0 0 255 0 255 0 255 25 0 154 255 0 213 0
    170 255 255 0 0 0 0 6 255 150 201 255 255 0 0 67 255 255 255 255 255
    0 255 255 0 0 255 0 0 0 255 69 0 171 0 0 255 0 0 255 125 255 255 255
    0 0 139 255 0 255 131 255 0 184 170 255 0 0 0 255 0 32 92 255 0 0 0
    0 0 0 0 255 95 13 0 0 255 255 255 30 0 0 255 255 0 0 255 0 232 0 249
    14 0 54 100 0 0 255 0 249 164 255 255 0 255 254 0 255 0 255 255 0 0
    255 255 0 255 0 255 0 0 255 0 255 0 255 0 0 255 255 0 133 0 0 255 0
    255 0 0 0 255 0 234 255 0 234 255 0 67 255 255 0 0 255 5 0 0 213 0
    255 98 0 255 0 255 255 0 79 0 66 0 255 0 0 255 0 110 255 0 255 0 133
    0 0 255 185 0 255 255 255 0 0 0 255 0 208 0 0 255 102 0 0 159 255 0
    255 0 255 180 0 255 255 0 189 0 255 0 255 0 164 0 0 221 255 255 0
    255 0 255 0 255 255 0 0 255 177 37 0 255 255 255 0 255 0 0 109 0 223
    47 255 255 0 0 98 255 125 255 0 88 52 27 86 255 0 0 208 255 0 0 255
    255 255 0 0 255 0 0 255 0 68 0 255 0 255 255 0 0 255 0 0 255 0 0 255
    255 0 182 0 255 124 0 255 0 255 0 255 255 0 0 255 0 0 255 255 255
    255 255 126 62 33 0 255 0 48 255 255 255 255 0 255 0 255 0 255 0 225
    255 0 0 255 255 255 0 255 255 55 0 0 72 255 0 255 0 85 255 255 0 255
    0 212 0 255 255 0 255 0 255 0 255 0 12 255 0 255 255 255 0 0 255 255
    64 0 189 0 83 0 255 255 60 97 123 255 172 154 0 0 240 255 203 0 255
    8 0 114 68 0 0 53 255 171 0 0 255 255 255 255 255 0 255 255 0 0 255
    0 255 0 255 0 255 255 0 255 255 0 0 0 185 255 0 170 0 155 0 227 0 0
    255 255 0 0 255 255 0 255 255 255 255 255 0 255 0 255 0 24 0 255 239
    0 34 255 0 0 255 255 255 0 255 255 255 0 255 255 0 255 0 0 255 0 0
    255 0 0 0 255 0 0 158 255 0 255 192 255 0 0 95 0 0 255 255 0 255 0
    255 255 183 255 0 255 0 255 255 255 151 163 255 0 255 0 241 0 0 0
    255 0 255 121 255 255 0 226 0 86 255 253 179 255 0 255 255 0 186 255
    255 255 0 0 255 0 14 144 111 0 0 0 255 0 255 255 0 0 161 0 232 0 255
    255 244 0 0 0 53 255 0 177 165 255 0 255 0 0 255 255 255 0 255 255 0
    141 251 255 0 215 255 255 255 0 255 0 255 255 0 255 0 255 0 255 0 78
    174 0 0 255 56 255 0 0 255 0 255 255 0 0 229 255 18 0 255 0 255 255
    70 255 0 0 255 255 255 0 213 0 255 255 0 255 0 255 255 0 255 0 47
    255 255 181 0 0 255 255 0 241 15 137 0 255 0 255 8 0 0 252 0 0 0 255
    0 0 255 0 0 0 0 255 166 0 245 0 255 0 255 0 255 0 98 255 14 255 255
    0 0 255 0 0 29 0 166 0 255 5 52 0 0 255 255 255 255 234 29 255 0 0
    255 0 255 0 0 255 0 201 255 0 255 255 255 0 255 241 201 255 255 255
    0 255 0 0 217 33 255 0 255 255 0 253 255 0 255 0 0 255 200 0 0 0 0 0
    255 226 255 0 255 255 0 127 0 255 255 255 255 104 255 0 255 0 255 0
    0 255 0 255 0 255 0 0 255 0 255 77 0 255 162 0 227 218 0 125 0 255 0
    212 255 255 0 255 255 0 255 255 0 255 0 0 255 0 255 0 255 147 0 37 0
    255 0 255 0 249 206 255 0 0 10 0 255 255 0 133 139 255 255 19 255 0
    4 0 0 0 0 0 255 0 25 6 255 0 255 130 157 141 51 247 0 255 0 255 0
    255 255 0 255 0 255 0 255 0 192 255 0 177 255 255 255 0 67 0 255 0 0
    255 0 131 218 255 0 255 0 255 0 11 0 0 255 1 243 222 20 0 255 0 255
    255 241 141 0 0 255 255 255 255 255 0 255 0 103 193 0 146 255 207
    255 119 255 255 170 103 0 255 145 255 0 136 255 0 255 0 0 0 255 255
    255 0 112 0 171 255 0 255 255 255 255 0 0 255 0 0 255 0 255 255 0
    192 255 255 0 255 255 0 0 255 252 0 168 0 40 0 0 255 0 41 255 0 0
    255 0 0 255 0 255 255 0 0 255 0 255 255 255 0 0 255 255 0 255 78 255
    0 255 0 0 0 30 113 255 82 255 255 255 255 255 255 0 255 0 255 0 255
    255 0 255 255 0 235 0 255 1 0 255 0 0 255 0 255 0 255 23 0 0 0 174 0
    255 69 255 0 114 255 255 0 255 255 82 76 133 35 0 68 255 218 255 0
    255 255 0 96 255 0 255 0 0 255 0 210 0 255 0 103 0 255 255 0 0 255
    255 41 255 0 255 0 255 220 0 255 255 0 0 164 0 255 249 85 0 0 0 73 0
    255 0 125 255 0 255 212 0 255 255 0 95 255 22 0 54 255 255 0 0 0 26
    0 255 0 215 255 10 0 0 255 118 0 255 255 0 255 0 0 0 255 122 0 0 255
    255 0 43 0 21 242 0 223 0 255 255 0 255 147 255 0 255 35 0 255 255 0
    255 0 0 0 255 0 186 255 0 0 5 0 189 0 230 255 255 255 255 0 4 0 0 0
    255 0 255 0 255 255 255 156 255 0 255 207 251 0 0 0 255 255 255 255
    0 255 0 255 144 255 0 255 255 255 255 0 255 92 255 47 0 51 106 0 255
    255 255 0 93 0 255 0 255 0 0 255 0 255 0 0 255 255 255 255 255 0 255
    0 0 0 0 0 0 255 0 0 255 255 0 255 0 255 255 0 96 255 255 0 255 0 0
    255 255 0 255 92 255 255 0 23 255 255 0 255 0 43 0 255 0 172 0 221 0
    255 0 255 242 0 255 45 0 0 226 255 255 103 255 255 0 0 59 255 255 0
    255 191 119 0 255 26 0 0 0 255 255 2 255 125 73 255 0 255 0 0 205
    255 0 255 48 255 93 0 255 255 0 0 255 255 92 0 255 0 0 255 0 255 155
    255 0 255 255 13 242 0 255 0 0 5 255 152 255 255 0 255 0 0 255 0 0
    255 255 0 0 89 0 255 0 255 255 0 0 255 255 255 0 29 255 0 255 0 255
    0 255 133 0 255 40 44 255 255 0 255 0 255 0 0 208 0 255 255 255 0
    255 255 0 255 183 255 0 255 181 0 255 255 255 0 255 0 0 255 255 0
    255 0 0 0 255 0 0 255 0 0 255 97 255 145 0 255 0 255 104 255 255 0 0
    255 185 255 148 0 0 158 0 0 0 255 0 255 0 137 0 255 0 255 93 0 75 84
    255 255 0 0 98 0 255 255 0 67 0 0 255 0 0 255 255 255 255 0 255 227
    0 131 255 0 123 255 154 255 0 255 0 77 17 0 255 255 255 0 255 50 255
    154 0 0 255 0 0 0 255 0 255 0 255 0 255 0 255 0 255 0 141 255 255 0
    255 9 0 255 255 0 220 255 0 0 255 93 0 255 0 0 255 0 255 0 44 0 240
    255 0 0 0 255 0 255 0 0 0 0 0 255 255 0 255 0 255 0 255 149 0 210
    158 255 255 0 255 255 0 255 53 0 0 255 171 255 255 0 255 255 0 255 0
    0 192 255 255 255 0 0 255 0 0 0 0 0 171 242 170 255 255 255 0 0 255
    0 255 0 255 0 255 255 255 0 101 45 255 0 0 255 0 255 255 0 251 255
    255 0 255 0 255 229 191 255 0 0 255 255 0 160 0 0 255 0 255 241 116
    255 0 255 255 0 6 0 0 255 255 255 0 255 0 255 0 255 255 0 255 255
    255 255 255 94 0 0 0 0 6 255 255 0 255 255 78 255 255 255 214 198
    255 0 255 255 0 0 0 255 0 255 147 0 78 246 255 0 203 87 0 0 255 255
    22 255 0 255 233 255 255 32 18 0 255 0 0 0 255 77 0 196 0 255 0 255
    0 0 255 255 255 255 152 255 0 255 255 0 255 0 255 255 0 255 255 0
    255 0 255 105 0 255 255 124 0 108 255 255 144 0 0 115 255 255 255 9
    0 255 255 0 0 149 0 61 0 255 0 228 255 0 255 255 0 255 255 0 255 0
    178 112 255 0 255 0 255 255 0 255 0 255 174 81 0 255 0 162 168 255
    255 0 255 0 0 0 0 255 0 0 238 255 0 255 255 0 255 0 0 0 191 0 255 51
    255 0 255 0 0 85 255 255 0 255 255 0 0 0 255 197 255 205 0 255 0 194
    0 255 19 255 255 19 0 255 0 0 0 106 255 238 255 0 255 0 255 0 6 0
    255 255 0 255 255 0 126 0 255 0 255 0 255 130 0 255 0 255 0 0 255 0
    144 0 0 0 0 255 0 0 0 0 128 0 255 49 156 255 0 255 0 0 0 255 96 64
    255 255 0 255 0 255 255 255 87 0 0 70 255 0 0 255 0 255 0 255 0 255
    255 0 155 0 255 255 0 0 255 0 0 255 244 255 0 237 0 255 255 0 0 234
    255 0 255 4 255 0 255 211 255 255 0 0 255 210 0 104 255 255 0 0 255
    0 255 0 0 255 0 255 255 0 0 0 241 222 255 255 0 255 0 255 255 0 0 0
    255 0 0 0 255 255 255 255 0 252 0 151 0 0 0 0 0 52 0 220 29 0 71 255
    0 0 4 36 112 0 13 255 255 0 0 255 0 255 10 0 255 0 0 0 255 0 255 0 0
    0 255 0 201 46 0 255 8 255 0 255 255 0 0 0 150 0 210 255 0 255 0 255
    0 56 0 255 0 255 96 0 255 201 254 255 0 0 255 0 0 255 0 255 0 255 11
    255 0 255 0 91 53 0 0 0 0 255 0 255 255 0 255 0 255 0 255 0 255 162
    0 255 255 0 255 255 0 0 8 255 0 255 255 0 241 255 0 113 255 255 153
    0 255 190 0 255 255 0 255 105 250 0 0 255 0 255 255 0 0 177 242 255
    210 0 0 255 0 255 255 255 0 255 255 255 240 0 0 0 255 255 0 255 0
    255 255 0 255 0 255 255 0 0 255 0 255 68 0 246 255 255 255 255 255 0
    255 255 255 0 255 226 38 255 255 0 255 0 255 0 51 0 0 0 0 255 150 96
    255 0 255 104 0 0 0 255 0 155 0 0 255 0 255 255 255 0 255 4 140 255
    0 0 0 255 255 0 0 255 0 255 0 254 88 0 250 252 0 0 0 255 0 255 0 255
    255 255 0 255 255 0 255 206 255 26 89 255 255 0 0 255 0 226 203 255
    0 255 255 0 34 0 255 0 255 255 0 255 255 0 0 255 0 255 245 251 0 255
    0 255 0 255 0 255 255 0 255 112 255 105 47 255 0 255 255 0 0 176 159
    7 27 0 255 0 195 41 255 255 0 255 0 0 0 255 0 255 255 0 0 60 0 255
    243 255 255 0 90 0 0 175 144 0 0 0 199 0 0 0 255 0 64 255 255 0 0 0
    255 190 154 2 255 172 234 0 255 45 255 0 255 255 0 0 255 0 0 71 0
    177 255 0 0 255 255 0 255 0 255 255 0 255 133 31 17 244 255 185 255
    0 0 168 94 11 255 0 255 255 124 98 0 0 255 115 255 0 255 0 71 0 0 0
    255 0 0 255 0 8 255 0 20 0 0 0 0 255 255 0 0 255 255 0 0 96 0 0 0 0
    0 255 247 255 255 255 0 235 255 255 0 255 0 35 255 0 255 221 0 0 94
    0 255 0 255 0 255 255 255 255 0 0 255 0 255 0 255 0 255 0 255 160
    255 0 255 255 255 0 255 176 255 255 90 0 255 0 0 0 255 211 244 0 175
    0 128 0 255 255 255 44 255 255 120 255 0 0 0 255 0 255 255 255 55
    101 255 0 0 0 143 0 255 255 0 182 0 122 255 0 255 180 255 111 0 255
    0 225 209 0 134 0 0 0 255 107 0 255 255 0 255 248 255 255 0 255 255
    255 33 255 70 0 255 255 0 0 255 0 255 243 30 255 255 0 0 255 255 0
    255 120 255 0 255 255 255 0 0 255 192 154 83 255 0 95 255 0 0 255 0
    0 122 0 0 60 255 0 255 255 255 255 255 0 255 105 255 0 255 93 255 0
    223 0 255 255 0 255 0 0 255 0 255 255 255 255 255 0 0 255 255 255
    255 255 0 0 175 251 26 255 0 255 255 166 255 239 255 0 255 184 106
    255 255 0 255 255 0 255 161 255 160 116 0 255 11 255 255 0 0 255 255
    0 255 0 0 255 255 0 0 255 255 0 0 213 255 0 255 0 0 0 255 0 0 255 15
    255 234 255 0 177 255 0 0 255 177 188 0 0 0 255 0 255 206 255 0 0 0
    0 255 255 0 0 0 123 0 255 0 255 39 255 108 0 70 0 255 0 0 255 0 0
    255 255 0 0 255 255 0 0 95 255 123 232 0 255 255 247 255 0 0 0 255
    255 185 0 26 255 0 255 255 0 0 0 0 94 255 255 0 255 0 0 0 255 255 90
    197 34 0 255 0 255 108 0 0 255 255 0 0 255 0 254 0 0 255 138 155 0 0
    0 255 0 255 255 255 255 255 255 53 0 236 0 255 255 0 0 255 252 0 0
    255 66 0 255 0 255 13 0 255 0 255 255 0 255 255 251 255 0 0 255 0
    255 0 114 0 9 0 255 0 0 255 0 0 255 255 0 255 0 255 255 255 255 166
    255 0 0 0 255 255 255 255 0 0 255 0 162 255 0 0 255 255 11 13 171
    255 0 0 0 255 0 255 255 255 0 255 0 0 0 255 67 109 255 255 2 0 240
    255 0 222 255 255 0 49 255 0 0 255 0 255 255 0 255 255 255 251 255
    255 0 113 185 255 0 131 255 0 0 255 221 0 0 255 124 206 255 0 0 255
    0 0 255 255 0 203 163 0 0 255 255 52 255 28 255 0 0 255 118 6 0 255
    165 92 0 255 0 255 0 255 255 0 0 215 255 0 0 255 132 0 255 0 0 255
    248 0 255 206 0 0 255 219 0 255 0 255 0 255 169 255 255 0 0 255 255
    0 0 92 21 0 255 255 255 0 255 87 0 143 227 255 15 255 49 0 255 255 0
    0 0 255 0 255 0 0 255 255 0 212 62 0 0 0 0 62 0 0 255 255 255 0 255
    0 0 255 0 255 0 0 255 255 0 255 97 255 48 0 0 0 255 0 116 255 0 0
    255 137 255 0 255 0 255 0 0 0 255 0 255 150 0 255 255 131 0 255 255
    64 0 125 255 23 140 255 255 250 0 0 205 0 101 255 0 135 255 0 168
    255 255 255 0 253 0 255 255 0 255 0 0 255 0 5 0 255 0 255 255 255 2
    0 255 0 0 0 255 255 0 210 255 0 255 0 45 0 0 255 198 0 255 255 0 255
    0 164 0 0 0 255 255 0 0 255 0 255 255 47 0 0 142 0 255 70 0 255 0
    255 255 255 0 146 255 0 0 0 0 255 9 255 255 46 0 255 255 0 255 0 162
    76 0 255 0 239 0 255 255 0 255 0 255 0 255 255 0 255 44 16 73 0 255
    0 255 72 255 122 255 0 0 255 11 255 255 0 255 255 0 175 255 0 255 0
    255 60 0 0 255 255 0 255 0 232 255 255 0 255 196 0 255 0 10 71 0 255
    54 0 255 0 255 0 255 160 0 0 0 0 0 255 255 0 0 0 255 216 0 0 150 255
    0 255 0 255 0 0 255 0 0 255 255 255 145 0 163 255 80 255 255 170 0 0
    255 0 255 0 255 255 255 0 255 0 255 0 59 255 70 217 85 47 0 98 29
    255 90 0 136 255 0 255 255 255 0 0 0 150 228 0 233 105 0 0 255 106 0
    139 255 255 209 0 255 0 0 255 0 0 255 255 255 0 255 0 41 0 181 231 0
    197 255 8 255 153 255 0 255 0 0 255 255 255 0 120 255 255 255 0 255
    255 0 82 255 0 139 255 0 255 255 255 0 255 0 0 255 0 255 255 115 255
    255 0 73 255 255 0 0 255 255 0 255 0 0 171 234 0 255 0 90 150 255 0
    0 254 255 0 255 255 0 255 0 36 255 255 255 255 187 0 105 0 255 0 0
    255 0 0 0 255 0 50 255 0 0 74 255 0 255 255 0 255 0 255 109 0 255 0
    0 255 0 0 0 0 255 255 0 123 255 255 88 255 0 174 255 0 0 255 255 0
    93 255 255 3 0 255 255 0 255 0 0 208 203 0 255 0 255 255 0 255 255 0
    0 255 0 255 255 0 0 255 239 255 255 0 19 255 0 255 255 241 255 0 255
    0 0 255 255 0 255 102 255 0 0 255 0 247 100 255 255 0 255 0 109 0
    255 255 233 84 150 255 0 255 0 66 0 137 214 223 0 255 255 0 255 95
    255 255 0 51 250 0 255 255 255 255 66 255 113 255 255 0 255 255 194
    255 0 255 0 0 255 0 246 148 8 241 255 255 28 0 0 0 255 255 0 72 118
    255 255 255 0 255 0 145 0 255 112 255 255 165 0 255 255 124 0 255 0
    242 0 0 0 255 0 0 255 0 255 79 0 126 0 0 255 0 0 136 0 0 255 0 255 0
    212 255 0 255 255 0 255 142 0 255 255 0 255 0 0 255 0 0 0 255 255
    255 96 250 255 129 255 0 0 0 31 0 0 255 255 0 255 255 0 255 255 0
    255 0 0 255 255 0 0 255 0 255 0 45 0 255 255 0 0 255 0 255 0 150 0
    255 232 3 255 0 255 0 255 0 0 0 0 14 0 165 255 255 208 255 0 255 0
    255 0 0 255 0 0 255 0 255 0 255 0 255 135 255 0 0 0 212 0 190 255 91
    255 0 249 0 255 0 0 0 20 132 0 94 255 255 255 0 0 255 70 255 255 215
    0 187 0 255 255 0 255 255 255 138 255 255 0 0 0 255 0 255 255 0 0 0
    0 0 0 255 0 255 255 0 111 0 255 0 221 255 255 255 255 28 255 0 255 0
    0 0 255 0 187 0 93 255 0 79 0 255 255 255 0 255 255 175 0 255 255
    154 160 149 0 255 11 73 255 0 255 0 255 53 255 0 0 255 255 0 0 48 15
    255 217 106 0 0 255 255 0 255 255 0 0 213 172 255 255 255 255 255 0
    255 255 0 255 203 255 255 0 0 0 0 255 0 255 0 108 0 255 0 0 255 0
    255 0 255 255 0 255 255 0 0 37 118 191 255 214 0 0 0 255 0 255 0 0
    255 0 255 28 255 0 255 0 255 132 255 255 0 0 255 22 255 255 0 15 0 0
    34 255 48 93 255 0 255 255 117 247 255 218 255 0 0 255 255 255 10 63
    255 0 0 255 0 255 0 255 71 255 255 255 89 0 0 0 0 255 255 0 221 0 0
    255 86 187 0 148 189 0 0 226 163 0 255 255 255 0 0 0 255 130 255 0 0
    0 255 0 229 0 0 255 0 255 0 214 0 255 255 0 0 255 188 0 4 255 0 255
    85 0 0 116 227 0 0 255 255 255 0 255 50 0 255 255 0 255 255 255 0
    198 255 0 0 0 229 255 255 255 201 0 0 0 123 137 0 180 0 255 0 140 52
    0 255 219 255 0 0 255 0 255 0 255 0 0 255 255 0 255 255 0 255 0 0
    255 255 255 255 0 255 0 255 0 0 0 255 86 255 0 255 255 255 0 255 255
    255 0 13 255 71 83 0 255 0 255 0 0 255 0 0 255 0 255 0 0 0 18 0 255
    255 255 192 255 161 255 0 239 0 0 255 0 112 255 55 238 0 207 0 255 0
    255 255 214 0 139 0 0 152 255 255 255 0 22 255 233 255 0 66 123 119
    0 28 147 0 45 255 0 255 117 0 0 113 255 10 255 0 255 199 0 23 0 57
    255 172 0 255 151 72 32 0 224 255 0 236 0 35 0 255 255 255 0 255 0
    255 98 0 255 0 0 255 0 73 255 0 0 0 140 255 255 0 0 3 0 186 203 255
    2 108 255 255 0 0 255 0 255 0 255 0 255 0 255 123 0 0 255 255 227 0
    0 255 0 255 255 0 55 0 255 0 0 255 255 0 134 255 0 255 107 0 255 4
    167 255 0 170 0 230 0 255 0 255 0 255 0 255 0 255 255 0 255 255 255
    255 0 173 0 0 255 209 255 0 0 141 255 255 18 255 255 0 255 8 0 0 255
    255 0 255 255 255 0 255 173 0 255 144 0 0 255 179 0 255 0 0 255 255
    0 0 0 0 255 255 255 255 0 0 255 255 0 0 117 236 0 255 255 0 0 47 255
    255 0 255 0 255 255 0 255 255 226 0 126 56 255 255 205 0 0 0 0 17
    255 255 255 255 0 0 8 133 255 0 255 0 255 255 255 0 0 255 255 0 255
    255 0 255 208 144 255 0 35 255 255 0 0 255 0 0 255 104 255 255 49 0
    1 255 0 0 255 32 0 129 255 255 0 255 0 255 255 255 255 0 250 255 255
    0 0 0 255 0 247 255 0 0 255 0 255 0 255 0 255 42 255 115 255 255 113
    0 255 0 174 255 83 193 255 0 255 0 255 0 255 255 0 0 39 255 255 100
    255 0 182 255 27 255 255 255 0 255 255 255 0 182 255 0 0 0 255 0 159
    0 0 255 0 255 255 0 0 150 255 0 0 255 0 0 255 255 0 255 0 0 255 127
    0 255 255 0 255 0 101 0 255 255 255 0 191 255 0 70 0 0 0 174 126 0
    255 96 105 0 255 0 255 255 255 0 138 76 255 51 0 255 0 255 0 255 255
    0 0 255 125 255 255 0 0 255 255 255 237 209 142 0 255 242 0 0 255
    255 255 60 255 0 255 0 0 255 33 255 255 255 0 255 0 0 0 0 0 255 0
    255 0 224 85 0 16 255 255 254 19 255 0 0 0 106 255 6 255 255 255 149
    0 0 0 0 255 0 255 0 255 255 0 255 255 255 0 55 0 148 0 182 150 0 255
    0 190 255 14 0 255 0 0 255 0 243 31 255 0 70 255 0 0 255 255 123 0
    255 0 136 255 255 0 0 255 0 59 255 0 0 255 0 0 0 0 255 255 72 255 0
    0 0 255 195 0 255 72 255 79 0 255 0 0 255 255 0 255 255 0 255 255
    255 0 30 42 0 0 255 0 255 255 0 91 255 255 0 57 148 255 255 255 0 0
    51 0 255 255 0 115 0 255 0 255 255 208 232 255 70 255 255 255 0 255
    255 255 43 255 0 0 255 0 255 255 0 114 0 255 167 0 255 0 0 255 255 0
    255 0 255 0 125 255 255 0 167 112 255 246 0 255 154 255 137 255 255
    0 0 0 255 157 32 0 255 255 0 255 255 0 0 0 255 0 0 0 0 143 255 0 255
    0 255 0 0 255 255 0 77 0 255 255 0 255 255 255 255 0 192 255 90 255
    0 0 188 0 0 144 0 0 255 0 0 255 0 0 255 255 0 0 184 0 255 255 255
    255 0 166 255 0 0 255 0 255 0 0 255 255 255 0 255 0 129 0 255 135
    255 0 255 252 0 255 0 0 255 0 255 255 0 255 255 84 255 0 124 255 255
    0 255 11 255 40 168 255 255 255 63 0 0 255 255 188 202 67 0 255 0
    255 82 0 0 255 255 255 255 0 0 246 255 0 255 255 0 0 255 0 255 154 0
    0 239 58 0 0 103 255 0 240 255 0 255 255 232 0 255 0 255 110 226 255
    255 0 37 255 0 255 0 0 0 129 255 0 0 91 0 0 255 0 255 255 0 255 255
    0 195 0 0 169 0 109 255 249 64 255 0 0 255 0 32 0 255 255 0 0 255 0
    43 0 186 255 176 255 0 255 255 0 255 255 0 255 202 255 0 125 137 255
    255 0 0 255 0 0 61 0 220 0 255 169 0 0 255 0 255 255 255 0 9 255 0 0
    230 216 255 255 0 91 0 0 0 255 255 255 255 0 0 0 255 37 0 0 255 255
    0 0 255 255 0 255 255 0 0 0 255 255 0 0 255 255 255 255 255 220 0 70
    179 177 255 255 245 255 63 255 76 160 255 255 0 255 255 0 0 0 75 49
    255 255 0 255 255 0 255 214 0 0 0 116 255 0 255 0 255 0 255 2 0 0
    255 0 255 244 255 255 0 0 237 0 255 0 0 0 255 255 0 255 73 214 0 156
    255 0 0 205 255 32 0 255 0 255 255 0 0 228 255 0 255 8 0 255 0 175 0
    255 99 156 0 255 0 255 0 255 255 0 255 0 255 0 255 0 255 0 0 255 255
    0 0 0 0 0 255 173 240 12 0 255 0 0 4 0 255 0 255 0 255 255 255 1 0
    255 0 255 0 0 173 255 209 170 242 255 0 255 255 255 255 0 255 255 0
    0 255 0 0 255 39 0 0 255 0 255 255 192 255 163 255 0 255 201 0 28
    255 0 166 0 255 0 255 89 70 0 255 255 255 0 0 87 255 0 255 255 0 255
    0 0 255 0 255 255 255 124 255 147 223 255 0 0 255 255 198 0 255 0 0
    255 255 255 0 255 0 206 255 0 255 138 0 255 255 106 0 255 233 0 151
    0 255 255 0 0 255 0 207 0 255 255 0 15 0 255 0 0 255 255 0 0 0 255
    188 0 0 0 255 0 0 0 255 0 0 255 255 50 0 255 0 0 255 165 0 255 0 255
    255 0 255 223 187 241 255 0 255 255 0 24 0 0 255 73 0 0 0 0 0 249
    208 75 0 255 255 0 255 255 60 0 209 0 0 238 228 47 255 208 255 0 255
    0 255 0 0 255 255 255 23 255 0 113 57 0 255 0 181 0 79 0 255 11 0
    104 189 0 0 255 0 255 0 255 0 255 0 255 0 0 0 255 0 255 255 0 0 255
    255 233 0 255 9 255 0 255 174 239 0 255 0 0 255 255 55 255 255 0 0
    255 16 64 0 0 255 0 0 255 37 31 0 255 0 0 0 0 112 0 202 255 255 255
    18 191 65 0 0 255 0 255 0 255 0 255 181 143 150 251 255 0 255 255 69
    255 255 0 0 0 0 0 25 38 0 255 18 0 255 0 255 0 0 0 255 0 0 0 255 198
    121 0 199 255 0 0 255 0 255 118 0 0 0 0 0 255 0 255 0 0 0 123 0 91
    255 0 255 0 255 222 0 255 0 0 255 255 0 0 0 255 0 107 255 255 0 0
    255 255 255 255 255 112 255 40 0 82 255 255 76 255 255 0 98 188 0 0
    190 0 255 0 0 255 111 255 51 103 0 25 0 19 0 0 0 255 184 255 255 0
    155 0 255 0 0 255 255 255 246 6 255 255 255 74 255 255 0 255 255 0
    61 255 0 255 255 255 0 255 0 255 0 255 0 214 0 0 0 255 0 88 255 0
    242 255 0 255 0 0 255 0 255 255 132 255 255 13 0 255 0 255 255 0 0
    255 0 216 0 255 255 0 255 0 255 0 0 0 255 255 17 0 255 31 255 105
    255 0 0 255 255 0 0 255 172 255 0 2 255 0 255 187 255 208 255 0 0 0
    255 0 0 3 255 0 255 38 255 0 255 0 255 0 0 255 98 0 255 0 255 0 255
    0 255 0 255 85 255 255 0 255 76 255 183 0 0 255 0 2 58 255 0 255 55
    121 255 0 255 0 61 0 255 255 218 255 245 0 133 255 0 218 255 0 0 77
    193 255 0 255 0 0 255 255 255 255 255 0 255 0 226 255 255 255 255 0
    255 255 0 71 0 255 0 255 255 255 255 0 12 255 2 0 255 255 0 0 0 255
    0 0 0 147 255 255 0 255 72 0 255 0 255 23 255 151 0 148 255 255 98
    255 66 255 0 192 255 255 0 255 255 255 56 169 0 0 255 0 0 7 0 31 0 0
    252 255 255 173 255 190 0 255 0 255 0 0 0 26 255 99 0 0 0 255 104
    211 0 76 0 0 255 0 255 0 255 0 255 0 255 78 226 255 0 255 24 255 0
    255 162 85 0 0 255 174 255 0 0 255 23 0 255 0 0 0 255 255 133 255
    255 255 0 2 255 0 0 255 0 255 197 255 0 255 0 255 40 0 255 0 255 0
    255 255 0 255 255 0 255 0 90 255 0 0 255 0 255 255 92 255 0 255 0
    255 79 44 0 0 0 255 0 255 0 255 0 0 0 163 0 108 255 255 0 0 255 255
    0 0 255 0 0 0 255 255 0 247 0 7 136 255 0 255 255 0 255 0 0 255 0
    255 97 255 0 0 255 0 160 255 0 255 255 0 0 0 255 0 15 187 178 0 255
    255 0 0 251 0 255 0 255 0 255 0 0 255 0 255 0 204 255 255 78 255 0
    255 0 255 0 255 250 0 255 0 0 255 0 255 0 255 255 255 251 0 0 255
    221 0 0 55 255 38 255 0 0 0 255 0 0 255 0 0 255 255 38 0 112 255 255
    0 0 255 255 155 0 0 141 0 255 255 255 255 97 255 0 0 155 255 0 255
    255 255 134 0 0 0 255 255 0 0 255 255 255 181 255 0 52 255 106 255
    255 255 0 255 0 255 0 255 0 0 255 0 255 0 136 0 255 0 0 255 0 255 63
    26 0 247 255 17 0 0 255 0 161 51 0 255 255 255 0 0 0 169 0 255 255 0
    223 0 0 255 255 255 0 0 0 255 243 18 69 0 255 0 255 0 255 0 255 0
    255 255 0 0 255 188 255 0 255 255 225 109 161 0 193 255 0 255 255
    255 255 0 107 255 163 0 255 0 51 255 255 255 162 0 0 0 255 0 255 0 0
    255 0 79 255 0 113 0 255 255 0 255 0 0 255 255 0 142 255 0 255 140
    82 255 0 0 255 255 82 255 70 0 0 72 255 0 255 0 255 255 255 255 255
    255 0 255 0 0 82 0 192 255 255 43 255 0 0 255 255 0 0 0 255 0 0 241
    255 0 255 0 0 0 255 0 255 86 160 0 255 0 91 255 0 0 255 0 255 0 0
    255 0 255 255 0 255 97 1 255 255 74 0 28 255 255 255 0 255 23 255
    255 0 255 255 242 0 255 0 0 255 0 0 255 0 255 222 0 255 0 0 255 0 0
    255 56 115 255 0 255 0 0 255 255 0 255 255 0 255 0 0 255 255 207 255
    151 56 255 0 255 0 0 210 0 255 206 0 255 230 0 160 255 255 0 0 0 255
    0 253 255 255 255 255 0 255 0 255 0 0 0 255 0 32 255 0 255 0 255 255
    0 255 0 255 11 0 203 255 255 0 243 255 155 0 255 0 0 3 0 255 255 250
    0 255 0 255 255 7 0 0 255 0 255 9 255 27 255 0 255 0 20 255 255 255
    3 255 0 255 0 255 0 255 0 86 0 0 0 255 0 255 0 255 0 0 255 255 0 255
    0 20 111 255 0 0 234 1 0 255 0 255 0 36 255 0 255 0 0 0 255 255 0 0
    255 63 149 0 255 146 0 0 0 74 0 96 174 191 255 0 15 86 63 83 72 0
    228 255 0 173 255 241 255 255 15 154 255 129 0 0 255 0 255 0 255 0
    110 255 255 255 0 255 255 99 0 0 255 183 255 255 0 0 255 56 139 0
    255 182 159 0 255 127 213 237 0 0 0 0 255 13 0 255 0 255 0 0 78 142
    126 0 0 255 0 255 0 0 255 0 255 171 0 229 0 0 255 255 255 0 0 73 255
    0 0 255 255 0 255 35 0 0 255 0 255 0 0 0 255 0 255 181 255 0 255 255
    0 255 255 0 113 5 255 0 49 255 0 0 0 255 136 0 255 255 0 0 0 38 255
    255 0 255 255 40 123 255 0 255 0 0 0 0 255 255 255 0 201 224 0 0 95
    0 255 255 0 255 151 255 0 255 0 236 0 0 255 255 0 255 121 33 0 128 0
    0 255 40 32 255 0 255 255 35 255 0 255 0 255 0 255 0 255 191 0 255
    255 0 255 0 0 78 74 255 255 56 94 0 255 255 0 0 255 203 255 255 0
    119 255 255 255 0 137 255 0 109 0 255 0 255 0 0 255 0 1 0 255 0 0
    122 208 255 0 255 0 255 0 255 0 0 114 0 0 255 69 255 0 40 142 255
    255 255 0 0 255 0 0 253 255 248 0 255 0 122 0 255 92 168 255 92 255
    255 255 0 255 0 255 0 0 255 0 255 0 255 0 0 255 0 0 255 255 0 255
    255 149 0 255 255 0 2 255 0 255 255 255 98 255 135 0 139 138 0 255 0
    255 255 255 255 0 255 255 0 255 255 0 0 0 255 255 230 0 255 255 0
    255 255 255 0 0 255 0 255 0 255 255 0 7 255 0 0 255 255 255 255 0
    255 192 255 0 0 255 9 61 0 127 0 255 255 0 255 255 0 0 255 255 255 0
    255 0 255 0 0 255 0 44 255 192 255 255 115 174 0 255 255 0 255 0 0
    255 0 113 0 0 0 255 0 255 155 255 255 156 255 255 0 255 0 0 255 0
    255 255 0 49 228 255 255 255 0 0 0 0 255 0 252 161 222 0 0 0 185 255
    0 239 0 255 255 0 0 0 255 0 255 0 9 255 0 0 255 0 255 0 0 0 255 163
    255 0 0 255 255 0 255 255 0 255 255 0 220 0 255 255 255 165 255 0 0
    0 0 113 98 255 255 0 43 0 255 255 255 255 255 255 0 255 255 255 0 0
    0 255 65 0 255 55 14 0 170 0 255 255 0 255 0 0 255 255 255 0 0 255
    255 0 173 0 255 255 0 0 255 78 0 255 0 255 56 0 0 0 0 0 0 255 0 38 0
    255 255 0 255 30 0 0 231 0 255 255 255 0 255 229 0 197 255 0 255 0
    63 0 255 255 0 0 255 255 0 0 255 0 255 0 223 180 0 0 0 255 255 0 255
    47 0 0 0 255 0 0 255 30 0 207 255 0 0 111 130 0 64 63 255 0 255 0 0
    0 255 0 255 0 166 0 0 255 150 255 0 255 237 4 255 0 255 255 0 255
    255 39 0 21 255 0 255 0 0 255 0 0 0 255 0 0 0 255 0 0 255 0 0 0 0
    145 255 255 0 0 0 255 0 0 255 0 179 0 0 0 0 163 255 255 0 0 255 0 0
    255 255 4 255 255 255 0 157 0 229 219 255 255 0 255 0 255 126 255 0
    255 0 255 0 255 0 255 255 0 0 0 255 0 0 255 0 0 41 0 255 255 194 255
    0 0 255 255 255 239 255 122 255 0 0 0 0 255 0 255 0 0 255 0 0 0 41
    255 0 0 255 0 255 255 0 254 255 0 138 255 0 255 0 0 255 0 34 255 255
    5 0 255 255 255 0 198 255 0 4 0 0 255 110 255 255 0 43 0 0 252 0 255
    255 255 255 0 99 24 255 255 0 3 0 0 255 255 0 0 0 0 0 255 72 0 0 255
    255 255 0 44 255 0 41 122 0 46 255 0 255 90 255 166 49 255 0 255 0 9
    0 255 0 255 0 0 255 0 255 255 0 255 255 255 255 0 14 255 194 119 0
    255 255 0 255 255 0 4 255 255 0 220 255 199 0 255 255 0 0 0 234 255
    29 255 0 186 0 255 255 0 0 255 255 2 0 255 255 255 255 0 255 255 0
    255 88 255 255 0 255 35 0 165 255 255 0 0 0 0 255 255 62 255 255 0 0
    255 0 255 0 255 0 0 255 0 255 0 0 255 0 0 0 0 0 0 255 119 193 81 255
    0 0 255 64 0 255 0 255 103 213 255 0 255 0 233 0 142 108 255 152 255
    0 255 168 0 0 255 255 255 0 227 0 255 0 255 0 0 0 0 255 133 255 152
    255 255 255 255 74 0 0 255 0 0 255 255 0 0 0 255 0 0 0 255 255 0 10
    255 0 255 0 223 255 0 255 0 255 0 57 0 255 0 0 0 255 255 55 0 216 0
    255 54 255 0 0 255 188 255 46 255 255 255 0 255 255 0 255 252 169 0
    0 219 0 0 0 255 255 0 255 0 121 53 0 255 255 0 255 0 255 255 0 0 40
    0 255 0 255 93 39 0 86 0 0 0 255 0 255 255 255 43 255 255 0 255 0 0
    242 0 255 0 255 0 99 255 255 225 255 0 255 0 0 255 0 255 0 255 255 0
    252 255 37 255 255 203 255 255 255 255 255 0 255 59 183 0 0 53 0 255
    0 228 168 0 255 63 0 0 255 0 15 0 213 0 224 165 0 255 0 80 255 0 255
    0 255 255 0 255 0 0 255 0 211 56 255 0 255 0 255 0 255 255 135 255 0
    0 255 169 255 106 255 0 255 255 0 255 136 255 0 50 60 0 60 0 0 255 0
    0 255 0 0 255 255 0 255 224 255 0 255 0 255 0 0 214 255 118 0 0 255
    0 255 255 0 33 0 255 255 0 0 255 0 255 0 0 0 28 0 255 255 0 0 255 0
    255 0 0 255 70 255 0 0 255 255 138 0 127 0 0 255 255 0 255 60 71 255
    255 0 18 0 255 157 255 0 255 255 0 255 0 117 255 0 255 0 255 0 255
    255 0 255 0 0 255 191 0 224 255 0 255 255 27 255 0 255 208 0 255 0
    255 0 255 25 0 0 255 0 255 0 44 255 255 17 0 0 255 255 0 255 255 74
    0 101 0 178 255 0 184 0 255 0 255 255 0 4 0 107 0 255 0 233 255 255
    0 255 0 0 16 255 28 255 106 255 0 247 0 255 0 95 255 255 0 7 0 255
    255 114 255 131 1 255 0 0 0 90 0 195 255 0 255 0 255 0 0 255 255 0
    255 255 255 255 0 0 255 255 255 255 229 255 0 0 255 0 90 0 255 255
    255 0 0 112 255 211 196 0 0 255 166 51 0 255 0 224 255 0 255 0 255
    255 255 0 255 255 0 255 0 113 255 0 255 255 0 255 0 255 0 0 255 0
    255 0 255 0 0 0 255 0 255 16 0 255 220 255 0 0 34 0 255 0 0 255 190
    0 255 0 177 255 0 255 0 199 255 0 255 255 255 255 0 255 0 137 255
    168 155 0 0 0 255 12 255 0 0 183 255 255 101 215 0 126 0 0 255 0 90
    0 255 255 255 91 31 255 0 255 255 0 255 255 0 237 255 255 0 255 0
    255 200 0 92 255 143 241 0 0 98 255 0 54 0 255 255 7 255 255 255 255
    255 255 155 255 74 0 255 255 0 255 107 235 255 0 255 255 255 0 255
    255 255 0 251 57 0 255 0 255 0 0 196 255 255 0 255 255 255 0 255 255
    237 0 255 120 0 255 0 0 255 59 0 0 0 255 0 255 255 0 255 255 0 68 0
    255 255 0 152 0 0 254 255 0 130 0 184 255 209 53 153 0 255 0 0 60 0
    255 255 255 0 0 255 0 255 0 255 0 252 0 40 0 0 255 255 0 255 255 0 0
    255 255 0 114 0 0 0 255 200 0 255 0 0 255 255 77 220 0 0 255 0 127
    120 44 255 0 255 255 0 0 0 7 255 255 255 0 206 255 190 255 119 0 0
    255 35 0 224 0 255 227 0 0 255 216 255 0 49 255 96 255 235 255 129 0
    255 0 255 0 255 255 0 255 0 255 0 255 0 91 0 224 0 0 255 0 0 74 255
    0 255 255 0 0 0 255 166 255 0 14 54 255 0 255 0 0 63 0 255 255 0 255
    0 255 228 255 0 88 0 255 0 255 255 0 255 0 255 1 255 0 14 0 255 255
    0 107 6 228 0 0 0 0 255 0 255 0 0 0 78 0 0 0 0 255 0 255 255 0 184
    255 0 255 0 33 0 255 0 255 0 0 0 0 255 249 255 0 152 0 0 255 0 0 0 0
    0 0 255 255 255 0 255 0 255 0 255 255 255 255 0 255 175 6 0 49 0 94
    255 0 0 0 0 255 0 255 0 255 249 255 18 197 0 255 255 47 255 255 0 0
    255 119 73 255 249 255 255 0 255 255 255 0 0 255 0 136 255 255 255
    255 79 255 0 0 255 0 255 0 255 100 255 238 212 255 255 255 255 0 255
    255 0 255 0 0 0 255 0 255 222 0 255 255 0 255 151 0 255 228 232 255
    255 255 0 0 210 255 255 0 0 0 255 0 255 255 85 255 255 0 255 255 228
    255 255 0 0 113 255 0 255 150 255 0 143 255 255 0 255 255 0 129 27 0
    255 85 255 0 55 255 255 255 255 255 0 255 255 92 255 255 255 0 147
    255 255 255 0 232 0 0 255 0 255 0 0 255 255 255 255 0 255 0 255 0
    255 0 255 0 255 0 0 255 255 0 255 0 0 255 255 0 255 255 0 0 255 0
    255 255 255 255 255 0 0 0 0 255 10 0 0 255 0 0 255 47 255 0 0 0 255
    255 57 0 255 255 255 233 255 0 255 0 255 243 221 0 227 0 255 0 255
    255 178 255 255 255 0 0 0 255 0 226 255 255 255 0 0 6 0 0 18 0 0 255
    0 54 255 0 0 255 0 0 0 255 0 115 0 255 0 0 255 0 229 255 0 129 0 96
    207 255 155 255 0 0 255 255 0 205 0 255 0 255 255 255 255 0 0 0 0 0
    214 255 199 0 119 189 255 0 0 0 255 0 0 255 0 255 255 255 0 255 0
    255 255 255 255 199 255 247 0 255 0 0 255 0 0 255 255 0 255 0 165
    255 0 27 255 0 11 255 0 255 0 0 0 154 0 159 71 255 0 255 255 0 255
    93 0 255 0 236 78 0 0 255 255 0 255 0 0 0 0 254 0 255 0 255 0 255
    141 228 119 34 255 0 255 0 255 0 0 255 0 137 0 255 0 255 0 255 0 255
    255 0 255 0 0 12 255 123 255 255 0 0 232 255 0 0 0 255 0 0 0 255 0 0
    255 0 255 171 0 255 0 0 255 0 255 241 0 0 0 113 0 255 0 255 0 55 255
    255 255 98 41 56 155 86 0 255 52 84 255 255 0 0 255 255 0 0 104 255
    0 255 255 255 255 85 255 255 161 0 255 0 255 89 0 0 0 255 255 0 255
    0 30 0 255 255 255 255 255 255 0 255 255 0 20 0 255 0 255 37 255 255
    255 0 255 0 255 0 255 39 255 0 231 255 255 69 0 248 0 172 0 0 255 0
    219 8 0 77 255 0 255 52 45 0 255 255 137 255 243 255 255 242 0 255
    210 255 0 255 0 255 0 64 255 0 255 0 0 0 0 43 255 0 0 43 255 0 0 255
    0 255 18 255 0 255 0 255 0 0 0 255 255 255 255 13 134 166 255 127
    213 0 255 0 152 0 255 0 165 131 0 255 0 255 0 255 255 255 0 126 161
    255 0 255 0 255 249 0 40 0 255 0 70 255 0 0 0 237 255 6 45 255 230
    255 0 0 255 0 255 0 255 0 0 255 255 218 0 0 255 0 211 171 157 255
    255 0 168 255 56 0 255 121 156 44 0 0 255 0 255 255 0 255 0 255 0
    255 0 255 0 0 255 75 0 255 0 0 0 0 246 0 255 0 255 0 85 255 0 0 0
    255 0 125 79 255 255 104 97 255 143 0 191 255 0 69 255 0 0 191 241
    255 255 0 135 93 255 255 0 255 0 0 255 255 0 255 20 0 0 0 84 255 0 0
    0 255 0 0 60 0 255 64 8 0 255 0 255 0 197 255 0 255 0 255 144 0 255
    255 0 255 0 255 0 255 0 0 255 0 255 0 255 43 255 60 255 218 255 255
    129 236 149 255 0 255 0 0 134 255 206 0 26 0 132 255 0 255 255 246 0
    255 60 69 162 0 255 255 0 93 255 0 255 0 0 255 0 242 245 0 84 255 0
    0 0 255 64 0 213 255 255 0 0 0 0 255 0 255 0 212 255 0 255 0 239 0
    255 0 0 255 0 9 255 0 255 255 0 0 160 255 0 255 0 0 255 0 255 255 0
    255 0 255 143 188 149 0 163 255 199 51 255 23 255 255 0 255 0 199 0
    255 0 255 111 232 81 255 255 0 255 255 0 0 0 255 255 0 241 0 255 255
    0 255 255 0 0 255 255 0 0 0 0 255 101 255 0 0 255 0 255 115 36 0 0
    255 255 232 151 160 0 0 255 0 239 255 0 255 255 0 244 255 0 0 255
    255 255 0 255 0 0 0 255 78 0 255 0 255 255 65 0 255 255 0 255 0 111
    0 255 0 255 85 154 255 0 0 255 255 255 255 0 255 0 255 255 0 255 0
    255 52 255 0 255 255 0 255 0 255 153 214 255 0 37 255 0 255 0 255 0
    0 203 244 255 0 32 0 255 255 255 0 255 255 0 255 255 0 0 47 0 23 127
    0 99 255 0 255 0 115 255 0 255 255 255 0 255 255 0 0 255 0 0 255 0
    255 0 0 255 0 0 255 0 255 0 0 30 0 255 0 255 255 0 149 40 0 0 0 255
    255 0 0 255 0 255 0 255 0 0 241 0 255 255 255 0 0 0 255 255 0 0 255
    48 138 255 192 255 255 0 0 255 206 255 0 255 255 0 255 0 255 62 0
    255 255 71 0 0 255 0 0 0 82 255 44 0 171 113 255 172 255 77 0 34 0
    74 246 0 202 255 255 255 255 255 13 0 255 116 83 255 0 255 0 142 255
    240 0 78 21 255 0 255 0 64 0 255 172 0 31 255 0 255 0 255 0 255 0
    255 255 137 255 255 0 255 255 0 0 255 255 149 255 39 255 0 255 0 255
    237 255 255 209 255 0 255 0 255 0 255 172 0 0 237 150 255 0 255 255
    0 93 255 255 255 0 255 255 255 0 255 0 255 35 255 0 255 255 126 255
    135 255 0 255 0 255 1 255 255 0 0 0 255 46 255 0 118 0 0 174 255 0 0
    255 0 255 255 255 0 81 255 5 255 255 0 255 0 255 0 65 255 255 0 255
    0 0 159 126 0 255 0 0 255 0 0 255 255 62 255 140 0 255 255 251 255
    102 112 28 0 115 0 134 0 0 255 255 255 255 84 0 255 0 255 198 96 255
    33 0 164 119 0 237 86 0 255 255 0 255 0 255 0 22 15 255 255 246 255
    255 0 255 158 132 0 0 255 0 207 0 255 255 0 254 255 0 236 0 255 0
    255 0 255 255 0 255 255 0 255 0 0 255 162 0 255 0 0 190 255 255 255
    255 0 88 255 255 0 45 255 255 11 0 255 0 0 255 19 0 0 255 235 0 0 0
    255 0 255 255 0 171 0 255 0 255 0 255 255 0 255 94 255 0 69 0 255
    255 158 0 255 0 0 255 0 0 255 255 255 255 0 255 219 0 0 255 255 255
    255 0 97 255 0 0 0 255 0 0 255 0 255 140 255 142 255 94 0 254 255 0
    0 0 255 0 51 135 0 84 255 0 255 255 0 0 255 255 0 255 0 0 0 182 0 0
    0 0 0 255 0 195 255 0 107 255 0 255 28 255 255 202 0 255 0 0 255 0
    144 0 255 255 118 255 125 0 0 255 255 0 255 255 102 255 255 224 255
    0 255 255 106 0 30 255 0 255 255 0 169 25 0 0 255 18 0 0 0 255 255
    255 0 0 255 255 0 121 255 0 96 0 203 255 0 255 0 233 0 255 131 255 0
    0 255 255 255 40 0 255 19 255 255 0 255 0 0 169 0 9 0 0 0 82 255 72
    255 0 255 41 0 0 0 239 255 0 106 107 0 255 0 255 0 255 0 248 255 0
    255 246 29 0 255 255 255 255 61 41 255 0 0 0 0 255 255 180 52 0 94 0
    0 0 255 255 103 0 255 0 0 255 255 0 255 35 255 255 255 96 0 0 255
    255 0 0 255 0 0 0 0 255 0 255 0 0 91 0 0 0 0 255 0 255 0 255 0 0 255
    75 0 244 255 248 93 0 198 255 0 0 0 75 255 0 255 0 255 0 255 0 255
    255 0 255 0 0 255 255 0 255 255 255 42 0 255 255 0 255 39 255 0 174
    0 25 74 0 0 43 0 0 110 0 255 0 255 0 188 176 99 0 0 255 255 152 255
    255 255 100 255 0 106 122 255 0 119 37 255 238 0 113 117 0 255 0 0
    71 255 0 189 150 255 0 122 255 0 0 255 0 255 17 106 255 0 255 255 0
    145 255 255 0 0 255 0 255 28 0 0 0 255 0 255 0 99 255 23 255 0 194
    255 255 83 71 255 29 255 255 255 255 123 255 255 0 255 0 219 255 0
    51 0 255 0 166 0 120 160 0 255 0 255 0 255 255 255 0 255 30 255 0
    255 0 255 255 90 0 0 255 0 255 0 255 255 0 255 9 0 0 0 101 0 237 253
    201 0 255 0 255 136 201 0 255 30 255 10 0 0 255 63 0 52 0 255 0 173
    255 0 0 64 255 84 121 0 220 255 0 255 0 255 255 0 0 0 255 0 255 255
    255 0 0 255 0 255 196 0 255 0 255 11 0 255 0 255 0 255 0 0 0 255 0
    108 0 255 255 0 0 255 255 165 255 0 255 0 255 0 255 0 80 178 0 0 70
    255 255 105 255 162 0 0 31 255 191 255 0 255 255 255 188 0 69 255 0
    255 255 0 255 115 255 239 0 138 128 255 255 255 255 137 0 255 51 255
    0 0 255 5 0 255 151 0 0 202 0 0 255 0 208 255 255 213 255 0 6 0 255
    255 0 255 255 0 255 255 255 0 255 0 255 0 255 163 0 0 0 0 0 255 0
    255 255 189 199 255 0 255 255 255 255 0 101 208 0 255 34 70 0 51 255
    60 0 0 0 0 135 255 0 255 221 255 0 150 251 255 0 255 0 255 255 90
    255 20 0 0 87 255 0 231 0 255 255 0 255 0 255 0 255 255 0 0 255 160
    0 0 0 255 0 136 183 255 0 0 255 0 0 255 255 0 255 220 171 0 0 0 255
    0 255 0 255 0 85 255 0 255 163 255 255 0 255 255 61 0 255 0 77 0 255
    0 11 24 255 0 255 0 255 0 255 0 255 214 255 255 0 62 164 0 0 255 255
    255 0 255 255 255 0 255 70 255 0 248 255 255 161 0 255 255 0 255 255
    255 0 0 255 0 147 21 99 86 0 0 61 255 29 0 255 255 0 0 255 255 0 255
    0 255 255 0 145 130 255 0 98 0 255 255 0 111 255 0 255 234 0 177 0
    255 0 202 76 0 255 79 255 0 255 0 255 81 255 0 4 255 255 0 0 255 0 0
    255 255 101 201 46 255 255 235 0 255 0 0 0 255 0 0 255 0 0 255 117
    143 0 0 82 0 255 64 0 255 0 255 0 0 255 0 255 0 83 0 0 0 255 0 151
    255 0 0 0 242 0 74 255 255 190 255 0 255 0 255 0 255 255 0 0 255 0
    105 0 0 255 145 255 255 0 61 87 0 0 65 216 0 255 0 0 255 0 255 0 0 0
    204 0 255 0 0 0 255 0 255 0 255 0 255 0 0 140 0 255 255 48 255 0 37
    255 0 255 182 0 255 255 255 255 0 0 255 255 0 255 45 155 255 0 0 0 0
    0 255 0 255 255 0 67 0 0 0 255 255 233 255 0 0 0 255 0 255 0 255 255
    0 207 0 255 0 255 152 0 255 60 0 255 125 0 255 0 64 255 255 0 255 0
    255 0 255 0 0 181 0 126 0 0 255 9 255 44 0 0 255 255 255 255 0 255 0
    0 0 255 4 255 255 255 0 255 0 0 67 0 255 0 255 0 255 0 122 3 21 0
    255 239 0 255 255 0 255 0 0 255 0 255 208 0 255 0 255 0 255 0 255 0
    0 0 183 0 0 34 255 9 0 0 255 0 0 255 79 255 0 255 0 125 255 255 0
    255 0 255 0 0 0 255 0 222 255 0 0 255 0 255 0 255 0 82 255 0 255 255
    125 255 0 255 0 255 229 255 0 255 136 61 0 0 227 238 41 255 0 0 0
    255 255 0 45 255 0 255 34 255 255 202 0 255 0 255 0 255 0 0 255 255
    0 226 255 255 255 255 155 120 105 255 0 255 0 255 0 255 0 255 227
    255 0 255 0 255 0 0 255 219 13 0 0 0 86 213 255 0 178 0 0 224 0 0
    255 0 0 0 255 0 255 248 0 255 0 255 255 255 0 255 69 255 252 0 255 0
    255 255 0 228 93 0 255 255 0 255 0 255 255 0 255 0 255 0 255 255 0 0
    0 255 0 255 0 255 0 0 36 0 56 255 255 255 0 0 255 47 0 0 255 255 255
    255 0 0 0 81 255 0 0 0 255 0 255 0 0 255 255 133 233 0 0 185 0 255 0
    255 0 0 157 186 0 255 0 111 255 255 255 142 0 255 255 0 237 255 29 0
    204 0 255 0 0 174 255 255 68 0 224 131 193 18 255 0 255 0 251 164 0
    255 0 211 255 42 255 160 0 74 255 0 255 0 0 16 34 255 255 255 255 0
    113 255 0 26 37 0 255 0 0 0 14 127 0 255 0 255 255 0 0 45 255 255 99
    0 0 0 255 0 0 255 255 255 0 255 0 255 0 0 255 255 255 0 171 0 255 0
    218 0 255 0 0 0 161 255 22 0 255 255 0 255 51 255 0 0 255 0 255 2 0
    0 255 0 255 0 195 156 124 123 97 255 0 0 0 103 255 255 255 0 255 170
    0 255 87 8 255 45 168 255 0 174 255 255 96 255 1 0 255 0 234 255 0 0
    0 0 0 255 255 125 135 0 255 0 255 255 0 255 76 51 0 237 255 123 255
    0 255 255 0 47 255 58 0 255 255 0 255 50 48 0 255 231 70 255 0 255
    255 255 247 0 0 30 51 6 255 0 0 255 0 0 0 255 255 255 92 255 255 0
    255 255 126 0 27 255 0 255 0 255 0 255 255 0 255 0 168 9 255 0 255
    255 0 0 255 255 0 234 0 255 230 0 255 0 255 0 255 63 0 160 0 255 0
    117 255 0 255 255 0 62 120 255 0 255 0 255 0 39 238 0 244 255 52 106
    0 255 0 0 255 255 0 0 255 0 255 255 0 84 0 61 47 235 184 0 255 88 82
    0 229 255 255 255 101 0 0 255 178 255 255 84 0 0 255 163 255 255 129
    0 255 0 0 255 255 255 255 0 75 255 0 77 0 255 178 115 0 0 253 255
    188 188 255 255 255 0 255 255 0 255 255 0 255 255 20 255 0 255 0 255
    255 255 0 43 0 255 0 255 0 0 0 255 255 211 255 125 161 255 0 255 255
    0 255 255 255 78 51 0 255 74 0 0 255 174 255 0 0 255 255 0 0 0 255
    255 0 255 0 0 94 255 0 0 0 255 0 255 0 0 0 0 0 255 0 0 0 255 102 0 0
    255 0 255 0 255 0 0 255 0 255 0 255 0 255 0 255 0 238 251 255 0 0
    255 0 20 0 255 183 188 255 255 0 0 0 0 255 0 255 0 153 171 0 0 0 255
    0 0 255 0 255 0 0 0 124 0 255 9 0 131 255 0 255 0 255 0 0 206 255
    154 255 159 255 255 0 255 0 0 0 255 255 255 47 183 184 255 54 0 255
    255 95 255 0 255 72 0 255 11 255 0 212 255 0 0 0 255 255 90 0 255 0
    0 90 0 0 116 255 255 0 255 112 0 255 227 205 255 84 255 0 182 0 0
    255 255 255 0 255 0 0 5 255 0 26 255 255 35 0 255 255 255 255 0 255
    0 0 255 205 175 0 19 255 0 255 255 255 0 255 0 0 0 253 182 255 255 0
    209 174 0 0 255 0 0 255 0 255 204 0 0 0 0 196 255 255 0 255 0 255
    241 214 255 0 255 0 0 255 255 0 0 0 255 12 254 0 0 255 255 47 0 255
    255 0 0 53 0 0 255 0 0 255 255 0 0 255 255 248 255 0 255 0 255 255 0
    255 0 255 255 255 223 0 0 136 255 215 0 168 63 0 35 255 142 0 255 0
    255 0 0 255 171 0 255 0 255 0 255 0 215 0 255 90 0 255 255 0 255 76
    255 0 0 0 0 255 0 0 24 255 0 255 0 0 255 0 255 255 0 0 255 0 255 255
    13 0 0 0 191 0 0 0 0 255 255 0 255 255 0 0 0 255 0 0 0 255 0 255 255
    247 26 255 0 255 255 212 0 255 81 5 255 0 127 0 81 255 0 255 143 0
    255 255 0 140 255 255 172 0 0 255 0 255 255 255 255 0 255 255 0 255
    49 0 255 0 0 255 0 255 0 119 109 0 255 0 0 255 112 154 0 255 255 0
    255 79 31 0 255 0 255 0 255 228 255 0 255 255 0 255 255 255 255 0
    255 255 240 255 0 255 0 255 0 0 0 0 0 0 255 131 200 0 255 0 11 19
    255 0 52 0 0 224 0 255 0 0 255 0 255 0 0 0 0 145 177 0 255 255 0 255
    255 129 0 255 0 20 243 0 255 0 116 255 0 255 255 0 0 255 255 255 255
    0 255 255 255 0 0 236 0 255 255 255 0 0 255 0 0 255 255 0 0 4 255
    255 0 255 0 0 0 255 0 0 0 255 0 255 255 255 255 151 163 255 255 44 0
    0 0 209 255 255 255 0 123 123 0 255 0 255 0 59 255 255 255 0 255 214
    243 205 19 240 0 255 0 0 0 0 255 0 255 0 0 0 255 255 0 100 255 0 0 0
    255 0 0 255 0 159 255 107 255 0 255 0 255 0 255 255 0 255 0 179 255
    255 0 255 0 255 192 255 0 255 255 0 169 0 0 2 238 0 232 0 255 0 0
    255 0 0 255 0 19 118 23 143 0 0 167 0 255 0 92 255 0 41 255 0 255 0
    126 0 0 255 55 255 255 0 0 0 0 255 0 255 0 255 255 255 0 255 105 231
    255 0 6 255 231 210 0 255 11 0 0 0 255 0 56 22 0 0 201 255 0 255 255
    255 0 255 0 0 135 255 226 255 0 255 0 255 255 0 255 255 255 0 255
    255 0 255 0 255 0 255 255 142 255 52 255 56 0 0 255 0 255 19 255 0
    255 255 255 0 0 255 255 0 123 255 255 197 33 0 84 255 255 0 255 255
    255 0 255 255 0 255 0 255 212 107 37 0 255 84 0 255 0 255 0 0 190
    255 0 255 255 0 159 0 255 255 0 60 0 51 0 255 0 255 242 255 255 0 0
    0 0 102 255 56 255 0 0 0 38 255 164 0 96 255 60 0 255 255 0 244 50
    225 255 224 165 0 255 0 125 0 255 255 255 255 0 255 0 0 0 255 0 0
    255 255 0 255 0 38 255 0 255 255 255 255 0 197 255 44 255 0 0 255 0
    255 0 255 0 0 255 0 255 255 0 0 203 0 255 255 0 255 0 255 255 0 0
    255 0 255 171 0 255 0 0 255 216 0 255 255 255 0 0 239 148 255 237 19
    49 255 255 0 255 0 0 0 255 0 255 0 255 0 63 67 0 255 255 0 255 109 0
    255 255 192 0 255 220 0 0 255 0 255 0 255 0 244 255 0 0 0 255 0 215
    59 75 255 255 255 0 144 0 0 0 0 0 255 0 0 0 0 0 255 0 255 0 207 255
    255 37 191 0 0 255 0 255 51 255 6 255 0 0 255 0 255 255 0 255 172
    255 0 255 255 33 0 0 0 0 255 0 0 255 196 255 0 0 255 0 0 0 243 255
    165 0 255 0 255 0 216 255 255 255 162 255 0 0 255 0 0 255 75 10 255
    0 107 255 0 0 255 0 255 255 0 0 255 255 113 255 255 0 255 0 255 178
    12 231 0 255 71 255 0 40 164 0 255 0 0 0 255 255 0 0 182 63 255 255
    0 255 255 0 255 0 255 255 0 255 2 255 0 255 0 29 0 255 0 255 44 255
    0 134 209 0 8 55 0 255 201 76 0 255 255 0 255 255 0 255 255 0 255 0
    0 200 180 0 231 0 255 0 174 255 0 240 99 0 0 255 0 0 44 255 0 255 0
    196 255 0 255 110 0 255 255 255 255 0 0 255 0 38 255 0 255 0 255 0
    255 62 255 255 252 0 54 238 28 0 149 255 255 255 255 0 32 0 0 255
    171 0 0 255 227 255 0 255 0 0 255 255 255 104 0 255 0 0 0 0 238 255
    0 255 255 255 209 255 255 0 0 255 0 255 0 255 0 0 10 186 0 0 255 0 0
    75 255 0 255 0 0 0 255 255 255 0 223 0 255 77 255 255 0 97 255 0 255
    0 255 255 255 0 254 0 255 0 255 0 255 0 255 255 255 0 255 0 255 125
    9 72 255 255 0 255 0 0 255 255 0 90 255 246 255 0 201 0 255 0 255
    236 0 53 166 0 255 63 255 0 255 72 0 0 228 0 228 255 255 255 188 22
    0 0 255 255 0 255 0 48 81 255 255 255 0 0 124 255 0 0 255 0 0 255 0
    255 0 0 255 58 255 221 0 0 255 0 0 35 255 255 0 255 0 255 34 110 255
    255 17 0 255 255 221 57 0 255 1 255 255 0 255 0 255 193 185 255 255
    0 189 0 0 117 255 0 25 220 255 255 255 0 255 191 0 0 255 0 255 255 0
    255 255 0 255 0 255 0 255 255 164 0 220 255 11 255 129 0 0 232 0 156
    255 0 69 114 255 255 255 61 251 0 0 116 0 255 255 31 99 0 255 255
    255 0 255 0 255 0 255 255 0 0 0 255 255 0 139 255 221 255 255 0 255
    0 0 0 0 255 0 255 0 97 255 0 168 0 255 255 208 0 255 0 118 0 255 255
    0 0 0 158 255 0 255 255 0 47 255 255 0 102 123 202 0 0 254 255 0 255
    0 179 0 255 236 255 190 0 255 0 98 255 0 255 238 255 79 0 0 255 0 0
    255 192 255 239 255 0 255 255 0 173 255 214 0 255 0 255 0 43 0 236
    255 255 255 0 255 0 0 169 127 255 0 255 0 255 0 0 0 255 0 255 0 255
    0 0 53 255 0 255 0 255 255 0 255 255 0 255 255 255 0 255 255 0 255
    239 0 255 0 255 0 0 180 126 16 255 255 255 0 16 255 0 255 255 74 255
    51 0 255 255 0 255 0 255 0 15 0 0 255 221 255 41 255 0 227 255 0 255
    0 255 251 255 227 248 255 255 0 255 0 255 0 147 0 255 65 0 255 255 0
    0 255 255 255 224 255 181 255 0 25 255 85 170 255 0 255 0 161 0 30
    255 0 0 0 0 0 127 0 0 255 0 255 0 255 0 208 255 0 255 0 255 0 172
    255 0 221 0 255 0 255 0 0 107 0 241 0 119 255 0 245 255 104 255 0
    255 0 0 255 255 0 0 218 255 255 255 221 255 0 255 134 0 0 255 255 0
    255 0 255 255 81 0 0 0 0 255 0 115 129 254 0 255 255 0 171 216 255 0
    255 109 0 0 255 200 255 0 0 255 0 255 0 255 0 0 255 255 255 255 0
    213 0 255 0 255 184 0 0 0 255 0 0 255 115 255 255 0 104 0 0 255 0
    199 255 0 0 255 0 255 0 255 0 0 239 145 255 255 255 0 0 217 255 255
    0 255 0 32 0 255 0 85 32 0 255 0 255 211 128 0 255 167 0 255 255 0
    63 255 0 255 255 255 0 255 0 0 0 255 0 255 0 255 0 0 222 4 0 0 255 0
    0 0 156 0 255 0 255 0 7 0 255 255 255 126 18 248 61 173 151 0 255 0
    0 108 0 165 255 29 255 105 255 0 255 0 255 0 0 238 132 255 0 0 255 0
    255 60 147 255 255 0 120 255 0 255 255 0 255 0 0 255 255 0 255 0 0 0
    255 255 0 255 214 0 255 255 0 255 0 0 255 0 255 72 255 0 0 255 0 115
    255 0 255 0 255 255 0 255 0 0 0 0 0 0 0 184 255 255 146 0 0 255 255
    0 255 255 0 0 0 0 0 255 0 255 255 0 255 255 0 255 0 255 255 0 255
    255 213 255 147 255 245 142 0 219 255 0 255 255 0 255 149 0 255 0
    255 255 0 0 255 0 43 0 156 255 4 255 113 255 0 255 255 0 0 0 0 255 0
    255 0 78 207 255 105 183 0 255 228 0 255 0 255 255 255 255 255 0 255
    0 0 0 255 234 105 0 255 136 0 255 110 179 136 0 255 0 0 0 239 0 255
    0 0 255 255 255 194 0 132 0 0 154 0 255 0 255 0 0 255 0 0 255 0 18 0
    255 255 107 0 0 255 16 0 255 255 0 255 0 0 0 255 255 0 255 0 255 145
    56 0 247 0 255 0 255 255 255 255 0 255 0 255 255 22 255 255 0 0 255
    0 0 0 255 52 0 255 0 0 168 0 0 255 255 0 0 255 0 194 0 255 235 0 0 0
    0 255 224 0 223 255 255 0 216 73 255 200 255 7 178 255 250 0 24 255
    0 255 0 0 255 0 255 203 148 0 255 225 255 0 0 53 255 0 108 0 0 255 0
    255 237 255 255 0 255 255 0 255 0 0 0 255 0 0 255 0 255 255 0 0 255
    255 173 255 0 0 255 147 255 255 255 255 0 105 58 237 0 0 0 0 0 74 0
    0 255 7 255 0 255 104 34 255 248 64 250 0 0 255 255 0 0 255 0 255 0
    255 255 0 44 255 0 255 255 0 255 0 255 0 255 255 0 0 148 177 102 255
    141 255 0 255 0 255 0 0 121 0 255 7 255 253 255 255 255 0 255 0 255
    255 0 0 20 255 255 255 0 255 255 93 0 52 229 193 0 89 0 0 0 0 255
    255 255 91 0 0 255 147 255 0 255 0 0 189 0 255 213 255 255 255 255 0
    255 0 255 255 255 0 255 255 255 0 0 0 234 255 0 0 154 255 255 0 255
    0 166 0 255 0 255 0 255 255 0 0 255 255 185 225 253 0 255 89 59 0 0
    255 255 255 101 255 211 67 0 0 138 0 255 255 0 0 255 0 255 255 0 255
    0 146 255 0 0 87 255 186 0 0 255 0 180 0 0 255 0 132 0 255 255 0 0
    255 0 0 255 0 3 255 0 255 0 255 0 0 255 151 255 0 255 255 0 0 0 255
    0 255 255 61 0 0 255 255 0 0 0 255 0 255 233 255 255 0 0 255 0 255
    255 67 255 0 246 255 34 255 0 255 255 0 69 255 0 0 162 95 78 73 0 34
    0 176 243 0 0 255 146 255 255 21 0 255 0 174 255 255 0 0 255 23 255
    0 255 0 255 0 0 255 0 0 255 0 234 0 0 255 0 0 126 0 0 209 255 0 255
    255 255 255 0 255 0 255 255 0 0 255 0 255 0 218 152 255 255 255 255
    0 0 0 255 0 255 0 93 255 255 0 255 71 255 202 0 255 0 0 0 0 255 254
    0 255 0 255 255 0 184 255 45 0 0 0 0 255 0 122 0 255 0 255 140 0 255
    255 255 0 255 255 255 255 0 255 0 255 246 0 100 255 0 255 0 255 162
    217 255 255 0 156 255 0 255 0 255 0 124 0 255 0 137 0 255 255 0 150
    255 0 255 58 255 0 1 255 0 0 170 0 255 255 0 255 159 29 0 255 0 0
    255 255 0 0 255 164 255 255 0 0 255 255 0 189 0 255 188 255 0 255
    221 0 255 84 255 255 0 0 13 0 255 0 207 255 255 192 0 0 255 0 255
    105 255 0 0 255 255 255 66 0 0 255 0 255 0 255 255 0 0 118 0 40 255
    255 0 27 255 255 242 255 0 221 255 161 0 255 255 0 0 255 178 255 0
    222 237 0 255 0 0 255 0 255 255 0 119 0 255 0 255 0 255 0 106 0 255
    0 0 255 255 0 255 255 0 255 0 255 0 255 255 255 0 0 0 0 255 0 0 0 0
    0 255 0 7 255 0 255 0 0 0 255 0 113 0 0 255 0 0 255 0 255 0 255 0
    255 255 0 255 0 255 0 0 0 255 0 255 255 0 107 255 0 0 255 40 0 255 0
    255 0 0 191 28 255 0 30 255 210 240 0 255 0 0 255 0 44 255 99 0 173
    0 255 255 0 128 0 255 0 255 255 255 255 255 0 255 0 45 255 159 255 0
    208 255 0 75 255 255 0 0 255 108 255 0 255 105 255 164 0 134 255 0
    255 0 0 255 181 0 255 0 0 72 255 0 255 255 0 255 98 255 0 66 255 0
    255 26 6 0 255 235 0 255 0 255 0 255 255 220 0 255 0 255 255 0 255
    59 255 255 255 0 255 0 190 0 255 0 255 0 255 0 0 255 255 255 255 255
    0 0 255 90 255 0 84 255 255 11 220 255 107 255 255 0 0 255 0 125 0 0
    0 75 0 254 0 255 0 255 255 255 0 0 255 255 255 0 103 0 0 146 0 255 0
    255 255 16 126 255 255 0 255 161 134 0 255 0 255 255 215 0 0 255 0 0
    255 255 255 255 255 110 141 39 255 176 171 0 255 255 61 255 151 255
    255 0 255 0 255 0 77 74 0 255 255 255 255 55 66 255 0 22 0 255 82
    144 0 0 255 0 216 255 0 255 255 212 255 255 255 255 0 221 255 0 212
    255 103 0 255 0 255 0 255 0 0 0 255 0 0 0 250 163 0 255 255 0 78 119
    0 255 205 0 0 255 255 0 154 255 255 0 254 0 0 211 255 0 255 0 0 255
    255 0 255 0 255 0 0 143 0 255 0 255 0 0 0 58 0 30 220 146 0 255 0
    255 255 255 0 15 0 255 255 155 0 255 176 0 255 0 255 0 255 101 255
    255 0 0 228 12 0 0 0 0 255 0 255 0 255 0 255 255 255 0 255 0 255 0 0
    0 0 255 0 255 255 255 0 255 0 255 0 255 158 0 0 209 0 0 255 60 0 255
    185 0 255 0 255 0 228 241 198 0 0 0 255 0 36 67 255 255 0 255 255
    172 255 118 10 255 255 0 0 255 0 221 0 6 255 27 255 0 255 255 0 255
    0 255 255 0 0 255 0 0 255 0 243 174 0 0 46 0 0 0 0 255 209 0 29 0 11
    142 0 255 0 217 0 0 255 0 255 0 255 255 8 0 255 0 255 255 0 221 56 0
    0 35</data></my_img>
<your_img type_id="opencv-matrix">
  <rows>128</rows>
  <cols>256</cols>
  <dt>u</dt>
  <data>
    244 0 121 255 0 255 232 0 255 39 255 135 123 255 0 255 0 112 0 255
    255 0 255 0 0 187 255 255 255 0 255 255 0 0 181 189 0 0 255 202 0
    255 255 49 255 247 255 0 0 0 36 0 255 0 255 255 0 255 0 0 0 255 255
    255 255 255 217 255 255 255 0 255 255 0 0 255 255 0 0 255 255 0 205
    0 255 255 180 165 255 255 188 255 0 255 0 255 39 0 245 0 255 168 255
    0 255 0 0 0 0 255 47 239 0 77 235 255 255 0 255 0 255 255 0 0 255
    235 37 0 255 7 255 142 0 255 0 255 0 255 0 255 0 255 25 0 0 0 255
    255 0 0 0 255 250 0 0 0 255 0 0 255 255 252 59 255 0 207 0 47 255 0
    0 255 0 39 0 18 97 0 171 255 0 0 201 0 0 255 27 0 0 0 255 0 0 0 255
    255 0 0 255 0 162 255 255 0 255 27 223 255 255 0 255 0 0 255 255 255
    255 118 0 235 255 0 0 142 255 255 255 255 255 0 0 0 35 2 194 255 255
    63 0 255 144 0 255 0 0 233 255 0 255 0 255 0 77 118 255 0 0 255 0
    219 64 218 87 255 191 23 0 255 255 255 0 0 0 154 255 0 255 0 255 0
    255 255 0 242 0 255 0 255 255 255 74 207 255 255 0 255 12 0 0 0 0
    255 0 73 255 255 255 255 0 255 0 0 255 255 255 255 0 46 0 0 255 0
    255 0 0 227 255 255 0 0 255 0 10 255 255 0 0 179 240 255 0 100 255 0
    255 0 255 0 255 99 255 0 255 255 202 0 67 31 0 255 0 0 255 255 255 0
    0 113 84 0 255 0 0 255 255 255 0 56 255 0 0 255 0 255 0 255 0 255 0
    255 235 192 191 0 255 0 110 117 45 255 1 255 0 255 0 255 255 0 0 67
    110 255 159 255 255 0 0 255 0 0 255 19 255 10 0 255 0 0 255 30 0 255
    0 255 255 0 255 77 0 255 148 0 0 255 67 255 0 255 0 161 0 158 0 255
    0 162 255 0 253 0 193 209 0 0 0 0 255 148 255 255 0 0 0 255 0 255 0
    255 255 255 255 0 0 255 0 252 255 255 0 0 255 0 30 255 255 0 255 119
    0 0 255 0 0 255 0 0 94 255 167 255 0 255 0 0 223 255 0 0 0 255 0 0
    255 0 193 0 255 0 58 255 0 255 0 0 255 255 0 255 0 0 255 255 0 0 154
    0 255 0 0 26 255 0 0 187 255 255 0 255 255 255 123 0 0 235 130 0 255
    255 255 0 74 0 255 170 255 221 255 131 255 0 255 0 90 0 105 93 255
    255 200 0 255 0 255 255 235 0 255 0 0 255 255 255 0 0 0 207 255 110
    0 0 0 255 194 0 0 0 27 255 255 179 33 0 255 255 255 0 255 255 255 0
    0 186 0 255 255 0 255 0 0 255 0 0 255 0 0 215 0 255 0 255 255 0 255
    255 0 0 0 255 255 18 0 255 160 255 0 255 191 0 255 144 255 0 57 255
    255 255 32 0 255 0 255 255 206 206 0 159 0 251 255 0 0 0 255 89 255
    0 170 255 255 0 0 253 0 0 0 255 152 0 255 0 255 0 255 255 0 255 255
    0 0 174 255 255 0 1 0 146 0 255 255 0 160 255 0 91 0 137 255 255 255
    0 255 32 255 255 255 0 0 255 255 69 0 255 255 70 255 0 0 255 160 249
    255 255 255 51 105 0 255 0 0 169 255 255 0 255 255 0 0 255 206 255
    255 0 0 0 156 0 255 50 255 224 255 0 255 4 255 0 0 233 255 255 44
    130 183 164 167 255 0 255 0 0 14 255 0 0 255 85 0 255 255 0 255 255
    0 2 255 140 54 167 0 255 0 71 0 255 0 255 255 255 0 255 44 222 0 255
    200 255 255 0 0 255 48 255 0 255 255 0 255 0 255 120 255 255 255 0
    13 255 0 0 255 0 0 255 128 255 0 0 251 0 0 255 0 255 255 0 0 35 255
    0 255 37 0 255 0 255 255 0 255 255 0 255 110 0 121 255 0 0 117 0 0
    255 255 255 255 0 255 144 0 255 255 0 0 255 227 0 255 0 0 0 255 236
    0 0 255 255 0 255 0 0 255 255 236 0 145 255 206 161 255 0 0 255 0
    255 0 0 0 255 255 255 255 195 0 51 54 255 105 255 0 255 0 0 255 0 96
    255 0 255 255 0 255 17 132 255 145 255 14 255 255 0 255 0 255 0 167
    0 0 0 0 255 255 0 112 0 255 255 0 255 0 233 165 0 255 255 255 0 0
    255 221 0 255 137 0 61 255 0 0 255 0 255 196 78 255 255 0 0 0 75 0
    255 255 0 0 0 255 255 0 0 0 255 0 72 0 255 255 85 255 0 255 255 73
    255 255 0 255 0 255 138 231 232 212 255 0 247 57 0 255 0 12 255 0 68
    255 255 0 169 0 255 255 255 0 255 26 255 0 255 255 0 55 113 0 0 150
    39 0 255 61 0 0 0 0 255 255 0 255 87 0 255 0 255 0 255 0 189 255 233
    0 255 140 255 35 0 255 0 0 0 255 255 255 0 255 103 255 255 0 0 0 0
    255 0 255 0 0 0 255 0 255 0 255 255 255 0 166 255 0 241 0 0 0 255
    255 0 115 0 255 0 255 0 255 130 255 255 0 255 255 0 0 255 0 255 0
    255 0 255 122 0 0 255 0 255 172 0 255 255 230 255 0 111 0 0 255 135
    0 255 255 0 255 0 255 255 255 0 0 146 255 0 0 255 255 183 0 255 133
    255 0 255 0 0 255 0 87 3 53 255 0 255 0 134 0 255 255 255 255 255
    255 0 0 0 255 255 0 0 255 0 0 255 68 255 76 255 0 255 177 255 0 255
    255 255 33 255 189 0 0 0 255 197 35 255 0 255 0 255 0 199 255 255 0
    0 255 0 0 0 255 255 255 0 0 172 0 255 0 255 255 0 86 255 255 44 0
    255 255 0 0 234 0 0 0 0 24 0 0 135 255 0 255 255 86 0 255 0 255 0
    255 0 255 0 255 86 96 0 255 0 0 255 0 0 255 0 255 159 0 0 255 255
    255 255 255 255 0 255 0 0 255 0 255 0 0 255 93 255 70 255 255 0 143
    255 0 0 0 255 121 0 255 0 166 0 255 0 255 0 0 255 255 43 0 255 0 255
    255 0 0 151 219 0 255 255 255 0 255 0 208 0 255 255 255 0 0 255 67
    255 255 0 0 255 0 255 255 0 255 0 0 158 255 255 0 0 255 0 73 0 125 0
    255 255 243 0 255 0 0 255 0 31 254 0 255 0 167 41 255 255 0 255 174
    192 206 142 0 255 26 255 251 163 0 39 255 46 255 89 2 130 255 0 255
    255 255 0 255 255 255 0 25 0 0 0 245 0 255 0 130 91 0 0 255 255 0 0
    0 255 0 193 255 101 255 0 255 0 255 255 0 255 0 255 0 0 255 0 0 255
    255 149 0 0 255 35 255 0 255 0 255 255 255 255 27 255 60 0 255 0 255
    0 64 255 83 198 228 203 255 76 0 255 224 0 255 0 168 0 0 255 212 255
    135 217 255 255 0 92 2 186 0 255 255 0 0 255 0 255 0 255 0 0 0 255 0
    0 255 255 255 0 255 202 255 255 0 255 0 0 255 25 0 0 167 255 255 0
    255 0 255 0 0 255 255 0 116 0 255 146 255 0 255 255 0 0 0 255 255
    255 0 255 0 255 0 252 255 255 0 255 0 255 255 255 12 70 255 0 0 255
    255 174 147 255 165 0 255 0 255 175 255 255 255 0 255 7 0 255 206
    188 66 0 255 175 106 0 0 104 0 255 0 255 0 0 255 0 255 255 255 0 255
    255 62 255 99 255 0 0 255 0 255 0 255 175 62 0 255 255 0 0 255 0 255
    255 0 255 0 0 255 227 0 255 255 255 0 255 0 0 255 0 0 255 255 144 0
    255 255 255 0 255 0 255 255 167 255 62 0 116 0 0 255 255 255 0 0 255
    0 255 0 238 255 170 103 0 255 67 0 0 208 245 0 108 0 255 0 255 0 255
    0 79 0 255 0 255 255 0 255 0 199 172 43 0 255 74 255 255 0 203 0 0 0
    255 0 187 0 0 0 255 0 156 0 255 0 0 0 255 255 255 0 0 255 151 0 154
    126 255 85 0 255 13 0 0 255 255 0 255 204 0 0 255 255 0 3 255 0 255
    0 195 255 0 255 0 255 255 255 255 255 0 255 0 0 0 254 255 0 255 0
    255 255 255 0 0 131 0 255 0 255 0 255 0 255 255 0 255 255 0 255 117
    255 0 255 255 153 0 223 0 255 141 0 255 197 0 255 255 255 0 255 0
    255 0 0 255 0 255 82 0 255 0 60 255 31 255 255 0 255 0 153 255 0 132
    255 255 255 0 159 255 0 129 0 149 0 255 255 0 0 255 255 0 0 133 255
    0 0 255 119 0 103 255 0 255 153 255 0 255 0 26 0 255 255 0 220 0 255
    255 0 0 198 255 0 0 255 0 255 193 53 24 255 255 0 255 0 255 0 255
    255 0 255 0 255 255 13 0 255 255 249 255 255 255 0 255 255 0 255 0
    255 255 62 61 0 255 0 255 0 255 0 255 255 255 176 255 255 0 255 0
    157 204 255 155 46 0 0 222 248 0 81 90 255 0 255 0 37 255 145 0 255
    0 0 255 255 0 255 255 255 0 255 0 255 255 255 255 255 0 0 255 0 0
    255 255 178 0 255 255 0 12 0 101 255 255 0 0 17 0 255 159 255 0 0
    255 0 77 0 0 0 0 0 0 4 255 0 0 0 255 255 6 27 0 255 0 0 255 255 255
    123 255 0 255 0 42 255 255 0 0 255 0 255 249 97 0 0 0 255 252 255 0
    255 0 0 0 255 170 255 0 0 0 0 24 217 0 255 0 0 255 255 255 170 255
    255 0 46 0 0 255 0 255 199 0 224 0 140 94 255 0 0 0 0 255 0 178 255
    255 0 210 0 255 0 255 0 255 0 255 0 0 255 0 255 255 0 149 0 0 255
    193 0 0 255 0 0 31 255 0 255 255 255 0 255 0 0 255 16 255 0 255 235
    141 255 34 0 255 0 255 255 0 0 214 96 0 255 0 255 0 255 255 255 0 0
    0 255 0 0 0 255 255 0 0 255 255 0 255 0 255 255 0 0 118 76 255 30
    255 0 255 255 0 255 0 0 255 0 255 255 0 0 1 0 173 255 0 170 255 169
    255 0 255 0 255 0 0 84 255 0 255 255 0 255 185 0 88 117 0 104 0 0 0
    255 11 255 0 0 0 255 0 255 0 255 0 88 255 255 0 255 0 5 0 255 0 255
    255 0 90 146 20 0 255 255 46 0 255 238 255 255 0 255 255 42 255 81
    255 255 0 255 0 191 0 255 171 0 255 0 0 82 98 255 0 255 255 0 255
    120 255 0 255 0 0 255 0 255 255 0 255 38 0 255 0 255 255 0 0 0 255
    255 255 255 0 255 255 0 14 255 0 0 0 124 0 255 0 23 255 255 193 255
    0 0 0 185 159 0 84 0 255 255 138 255 0 255 0 0 255 255 30 255 145
    255 255 255 0 0 0 255 255 107 255 255 255 110 58 255 0 23 19 255 0
    255 127 255 0 0 96 0 0 0 120 0 255 255 0 118 0 255 0 255 255 255 0
    255 0 0 0 255 76 255 0 255 255 0 0 255 96 0 255 241 0 255 0 0 255 0
    70 25 0 255 255 255 0 255 255 0 0 0 255 255 0 0 255 255 0 255 165 0
    255 0 255 255 0 70 255 201 66 0 49 255 0 0 229 255 0 0 0 255 0 0 0
    255 255 255 0 255 0 255 0 255 255 0 63 255 0 218 255 255 255 0 255
    169 255 255 0 255 0 0 0 255 255 198 0 150 255 0 0 255 172 138 255 17
    0 255 0 226 167 255 0 126 184 255 255 101 0 0 255 0 0 41 0 234 0 255
    255 0 255 145 255 0 255 255 45 255 190 0 255 0 255 255 79 0 0 255
    255 84 0 0 255 0 255 255 255 255 0 0 255 0 0 1 0 255 255 255 134 0
    155 88 248 255 0 255 0 255 0 255 12 255 0 64 224 255 172 255 0 0 237
    255 0 255 0 255 87 255 0 255 0 255 0 0 0 86 255 0 255 0 0 255 0 255
    0 255 255 129 0 59 0 255 0 0 255 255 64 255 0 182 0 0 255 0 255 0 0
    87 255 0 225 255 255 0 0 0 0 105 0 255 0 0 255 0 164 255 0 0 255 78
    255 65 255 0 255 255 52 0 0 0 0 255 255 0 255 255 255 0 255 255 0 0
    255 0 255 0 0 255 0 186 0 0 255 77 0 189 255 255 0 161 255 0 255 0
    164 0 0 0 255 0 90 255 0 255 68 0 0 0 255 95 0 255 0 0 255 255 0 0
    255 255 200 0 252 161 0 255 255 255 0 255 0 255 183 0 255 255 0 174
    0 0 0 255 0 255 0 255 223 255 0 255 57 0 255 0 0 0 255 255 205 255
    79 0 0 255 255 0 243 0 255 153 255 0 255 255 0 255 0 0 0 197 0 255
    130 57 255 255 0 0 255 0 255 255 0 255 0 255 255 255 255 255 0 0 255
    0 255 51 0 0 255 0 255 0 255 221 0 0 0 255 255 255 0 193 255 255 0
    185 0 255 59 0 255 89 255 0 0 255 234 0 109 255 0 0 255 0 255 255 0
    0 255 255 255 255 0 0 89 255 141 0 255 0 0 157 255 0 255 0 255 0 255
    255 75 0 255 255 255 0 255 0 0 255 255 138 255 0 255 255 59 255 33
    202 255 255 8 0 0 156 255 255 0 0 0 0 0 255 0 255 0 255 211 255 255
    0 255 144 0 0 0 92 0 255 0 0 255 227 255 255 111 255 0 255 0 255 255
    0 255 0 255 255 96 243 255 0 255 0 255 0 0 255 0 255 0 0 255 0 255 0
    255 0 94 131 0 255 0 255 0 0 255 0 0 0 61 0 0 255 0 113 255 0 0 0 0
    221 0 93 255 239 0 0 255 255 242 0 0 0 0 255 255 122 255 0 255 0 118
    255 255 0 105 0 0 255 0 255 0 0 255 0 76 255 202 255 255 0 0 255 109
    255 0 0 255 0 255 0 0 255 0 255 0 255 0 0 255 0 255 0 255 0 7 0 255
    0 13 0 255 0 255 0 0 255 0 255 255 26 255 255 0 255 0 0 0 0 255 0
    255 255 255 0 0 255 0 0 255 254 8 0 0 84 0 211 255 255 0 255 66 255
    255 255 0 0 0 0 255 0 120 0 201 0 128 94 255 81 0 255 255 0 255 0
    255 255 21 196 255 0 0 178 0 255 0 195 255 0 0 255 0 18 91 0 255 0 0
    255 0 255 161 203 21 0 255 0 224 255 255 255 0 0 177 255 0 0 255 0 0
    0 255 0 255 33 0 0 243 255 255 0 255 0 255 0 0 255 0 255 255 0 255
    255 0 0 255 89 255 255 176 0 255 255 0 232 0 255 255 0 255 255 56
    255 0 0 255 255 255 255 145 0 122 8 118 55 255 255 0 255 255 23 255
    230 255 122 0 138 105 0 255 0 0 255 255 175 104 255 0 2 0 255 255
    255 0 255 0 0 255 255 0 0 255 255 255 255 0 255 0 0 255 228 255 255
    0 255 0 234 0 255 0 255 65 100 0 180 0 255 255 0 255 0 0 255 0 255
    255 0 255 233 255 255 255 0 255 0 255 0 0 255 140 88 54 255 255 255
    255 234 0 255 180 0 255 0 255 255 0 255 0 115 255 0 255 255 229 255
    0 255 0 255 255 0 211 0 0 255 255 226 0 0 255 157 255 255 0 0 255 0
    171 168 0 0 0 255 0 255 0 255 0 0 0 255 232 0 255 121 255 71 10 255
    255 255 255 0 0 255 183 96 216 255 0 65 0 255 0 255 255 0 255 0 255
    231 0 167 205 255 160 255 0 255 0 255 255 0 0 0 0 25 0 223 255 0 0
    255 0 193 255 177 123 255 147 0 255 255 0 248 0 255 0 0 255 0 0 255
    255 0 0 255 0 147 36 255 255 38 87 0 25 0 0 255 0 255 0 35 255 0 0 0
    255 0 0 52 180 0 0 0 0 255 0 255 0 255 0 120 80 0 0 255 0 255 0 255
    30 209 255 255 255 255 255 0 255 255 0 255 255 0 0 163 255 255 255
    91 234 0 255 0 0 255 0 0 234 255 0 255 0 0 255 0 255 0 219 255 139
    255 32 0 255 0 49 0 255 0 255 255 255 41 0 255 255 0 255 0 123 255 0
    255 241 0 255 0 221 129 8 255 255 0 255 0 255 0 228 0 255 207 0 105
    255 0 0 255 0 131 87 72 255 255 0 194 86 0 255 0 0 255 0 108 0 255
    69 0 229 12 0 255 241 255 240 255 0 0 255 255 25 255 0 255 255 255 0
    0 255 0 141 0 166 255 255 0 255 255 0 0 0 255 0 255 0 255 0 2 255
    255 255 0 255 0 96 0 255 0 255 0 0 83 65 0 255 255 8 255 0 230 0 0
    255 0 255 0 138 0 255 0 233 144 255 0 255 61 255 0 92 0 255 0 0 0
    255 0 79 0 255 255 0 255 0 255 8 0 255 0 0 255 255 0 255 255 255 255
    0 0 255 255 215 0 255 0 255 0 255 255 0 255 0 255 229 255 255 0 0 0
    255 0 255 255 255 0 255 255 0 255 0 255 0 255 255 255 152 255 255
    255 133 0 255 0 255 0 0 255 0 255 116 255 0 73 0 0 0 0 180 255 46
    255 255 255 0 255 0 255 174 255 255 0 255 0 129 129 255 0 255 0 255
    0 0 255 0 255 255 0 158 0 255 0 255 0 81 0 0 255 0 0 255 0 168 0 255
    255 0 0 255 82 163 255 0 255 0 255 0 0 215 0 0 17 255 225 0 0 255 0
    44 0 255 255 255 0 0 255 39 0 255 221 255 0 255 0 255 255 255 23 242
    160 0 255 0 0 255 255 0 255 0 0 0 255 0 255 205 0 0 255 0 255 0 0
    255 223 154 255 0 238 178 255 213 0 210 255 215 255 0 0 255 0 0 99
    255 255 255 0 255 0 218 0 255 255 0 0 255 255 60 255 245 0 255 255
    255 0 255 255 0 255 5 119 36 0 255 9 0 0 0 0 255 255 149 0 255 255
    129 233 0 255 255 0 255 0 255 0 255 110 255 0 0 255 0 0 255 0 255 0
    0 0 255 255 0 255 124 255 0 255 0 255 233 225 0 255 0 255 0 132 255
    255 81 0 0 255 78 196 0 255 0 0 255 0 164 0 0 0 0 0 255 0 0 255 50
    255 0 255 0 48 0 0 224 255 255 0 0 255 0 0 110 44 0 0 255 255 0 0
    255 255 0 255 132 246 0 0 255 255 0 0 255 0 255 0 255 255 0 255 255
    159 255 255 195 255 0 0 255 0 255 255 77 255 0 255 51 0 255 218 255
    54 220 0 0 255 255 0 255 166 63 255 255 0 255 0 255 0 0 255 0 0 0
    255 0 161 255 0 255 155 0 247 255 255 0 164 0 59 0 255 0 0 0 187 255
    255 0 0 255 220 255 255 201 0 0 0 0 255 0 0 0 255 240 0 255 0 171
    255 0 255 0 90 188 255 17 0 255 0 255 255 0 255 255 255 0 108 0 255
    0 202 30 255 255 0 226 0 0 255 0 255 0 0 255 246 0 45 0 0 255 101
    255 255 68 255 43 255 0 84 255 255 0 0 255 255 131 0 203 0 151 253
    254 0 83 30 255 90 0 255 127 5 255 255 228 0 255 31 255 255 255 0
    255 0 255 0 255 0 255 0 0 255 0 255 14 0 255 0 255 142 255 0 255 157
    255 0 255 255 96 255 255 0 173 0 255 255 255 255 255 255 0 255 0 255
    0 169 0 255 255 0 255 0 255 139 0 0 255 0 255 255 255 0 3 255 255 0
    255 255 38 0 255 0 255 0 112 0 46 58 255 255 0 255 0 0 5 0 255 0 255
    0 0 0 0 0 255 255 0 255 166 38 0 0 0 141 255 255 255 255 0 255 0 50
    0 255 255 30 0 255 0 255 0 255 0 255 0 188 142 0 255 255 0 0 156 0
    255 0 255 255 255 0 255 0 232 255 0 255 192 0 0 255 255 0 172 0 255
    125 0 255 12 140 255 255 0 255 239 187 255 0 1 0 0 255 255 255 0 0
    117 255 255 0 255 255 255 255 0 255 0 0 255 255 0 0 255 0 164 0 0
    255 255 0 255 73 0 96 255 9 0 255 255 241 255 0 98 255 0 240 0 39 0
    255 255 40 0 38 255 0 255 0 255 0 255 255 0 255 0 0 185 27 0 255 255
    0 0 0 67 0 255 54 172 255 0 255 0 255 129 0 0 110 146 255 46 255 255
    0 255 255 255 255 0 213 255 255 0 255 0 0 255 255 0 199 0 255 0 0 58
    255 0 255 140 0 255 0 0 0 0 0 255 255 0 255 87 255 255 142 255 0 135
    0 255 0 59 255 226 0 0 0 0 255 0 30 255 0 223 0 255 255 137 255 0 0
    255 255 0 209 0 0 255 0 0 255 255 59 255 123 255 0 153 255 129 255 0
    0 255 0 0 255 156 122 255 0 255 0 255 0 0 255 255 187 0 173 0 255 10
    0 255 0 255 0 0 255 0 255 10 0 0 255 255 250 0 153 0 255 0 15 0 183
    0 255 0 255 0 255 120 255 255 255 0 155 129 0 183 255 220 0 0 0 255
    196 0 236 0 0 255 255 255 0 255 0 255 0 7 255 56 173 255 255 202 229
    0 255 119 0 0 255 0 0 255 255 0 255 0 255 252 0 0 255 255 39 255 255
    0 255 255 144 0 255 255 0 255 171 255 0 0 13 255 0 0 237 255 0 255
    223 255 255 0 0 255 0 255 255 0 67 255 0 217 0 255 255 255 176 222 0
    0 62 255 194 149 130 255 148 255 255 255 255 0 0 255 0 0 62 0 255 0
    0 255 255 0 255 142 0 155 255 0 255 0 30 255 0 255 0 0 245 255 0 252
    255 0 197 255 0 237 0 255 0 255 0 255 0 255 0 0 255 169 255 0 5 248
    66 0 255 0 255 0 0 0 255 175 255 0 31 255 0 255 0 255 0 109 152 129
    255 0 255 85 0 255 255 0 35 0 0 190 31 233 255 0 0 255 222 175 255 0
    0 255 0 0 0 0 255 31 255 56 0 255 0 155 255 255 0 0 255 0 255 0 255
    255 0 255 0 0 255 123 255 0 165 255 156 0 255 255 0 0 255 255 0 255
    0 167 55 255 0 65 94 255 0 255 0 255 255 0 255 169 0 66 255 130 0 0
    255 255 0 255 0 250 0 255 72 255 0 255 255 17 0 0 191 0 255 255 255
    0 255 188 0 0 0 255 193 255 255 0 255 101 0 255 0 255 0 255 0 98 0
    255 0 0 255 190 240 255 0 255 0 0 255 255 0 255 0 92 114 0 0 255 255
    8 255 0 0 157 0 255 0 255 0 255 0 0 255 255 46 0 255 0 255 0 255 0
    255 0 246 0 255 59 0 183 255 0 188 0 62 255 0 214 43 162 4 255 0 152
    255 0 255 0 255 0 255 0 0 0 255 0 255 0 170 0 255 249 123 255 0 0 0
    255 255 0 255 220 251 0 103 0 255 0 0 255 255 0 255 255 130 255 0
    255 0 0 255 193 69 0 0 255 255 255 201 0 255 255 0 255 255 0 255 0 0
    0 255 0 255 161 255 130 0 255 255 50 0 67 255 255 0 0 255 0 255 0 0
    255 0 255 0 77 100 0 0 255 17 255 198 232 255 0 21 255 0 86 0 255 0
    31 184 0 255 0 0 255 0 8 255 243 0 0 255 0 255 255 0 46 47 255 255
    202 255 0 255 255 0 0 255 0 255 123 203 170 0 51 255 0 0 255 255 255
    0 0 255 227 39 0 0 255 0 0 255 2 0 0 255 0 71 255 255 0 255 0 255 0
    0 255 0 255 255 255 0 255 166 255 255 255 255 0 255 0 0 255 0 0 252
    0 0 0 255 0 255 0 255 255 255 0 196 0 0 255 255 0 255 255 0 0 255
    255 255 0 0 0 173 255 255 0 0 255 0 255 0 255 42 0 0 255 255 0 255 0
    255 255 0 72 255 0 255 0 255 0 255 155 206 0 0 255 255 255 0 0 255
    255 255 255 255 138 0 144 0 255 0 0 0 124 0 61 255 112 0 0 255 255 0
    216 255 255 255 0 0 0 255 255 169 68 255 0 255 0 255 0 255 0 255 0
    255 255 0 121 0 255 0 0 0 255 0 255 255 255 19 0 0 215 0 255 255 255
    0 255 98 122 0 0 0 0 255 255 0 255 0 255 255 246 0 122 8 4 208 255 0
    255 101 0 123 255 0 0 255 0 237 0 255 0 255 0 0 156 255 0 255 255 0
    255 0 255 0 255 255 255 0 255 0 0 0 0 50 255 0 255 0 0 255 255 0 134
    255 0 233 255 0 0 0 0 65 0 0 170 255 255 0 0 0 255 255 66 0 255 0 0
    255 0 24 255 0 255 0 190 0 255 3 0 0 0 37 255 0 0 255 0 208 255 228
    255 255 0 255 255 0 0 0 255 0 255 255 0 0 255 0 0 0 0 0 255 0 255
    255 0 156 255 0 0 255 0 255 164 255 0 255 255 246 0 255 0 28 255 0
    65 255 0 255 255 0 0 0 255 0 255 0 0 255 255 255 225 0 255 0 255 0 0
    255 0 0 255 0 255 15 255 0 0 255 0 0 156 255 0 255 0 149 255 0 255
    255 255 255 228 9 0 0 255 255 29 0 255 0 238 255 0 0 0 255 97 255
    255 0 255 0 255 0 255 195 255 255 0 255 0 255 0 0 255 0 0 234 255 0
    0 255 183 196 0 255 0 0 38 3 0 235 143 0 2 255 255 0 0 255 0 255 255
    0 255 255 0 255 255 0 0 255 143 0 255 0 255 0 0 0 255 253 255 0 83
    255 255 173 0 255 255 255 0 255 255 0 0 0 255 255 0 255 0 112 255 4
    0 255 42 25 0 255 255 51 0 255 255 0 0 255 0 255 255 0 255 185 255
    255 0 255 0 246 255 142 0 187 0 255 0 215 31 0 200 255 0 33 0 0 255
    255 0 255 0 255 0 255 0 255 14 0 0 255 0 0 0 213 255 255 0 255 255
    255 174 255 255 0 0 255 64 0 255 255 255 255 0 255 255 0 255 0 255 0
    255 0 60 0 165 255 255 0 0 255 255 0 255 0 255 255 254 255 124 109 0
    255 255 81 0 255 0 33 0 0 255 255 82 0 255 121 0 192 255 255 255 132
    0 255 255 0 0 213 255 0 255 0 0 175 255 0 0 255 0 0 255 0 226 0 255
    0 255 255 255 0 0 0 114 255 0 194 255 85 255 255 255 242 0 255 0 161
    255 100 120 255 0 0 13 217 147 129 0 255 0 255 255 0 0 0 255 0 51 0
    255 0 142 255 163 131 0 255 255 255 255 0 255 0 0 255 255 0 243 255
    0 255 160 175 132 0 19 0 58 255 0 255 0 219 255 255 151 174 15 255 0
    0 0 218 230 255 255 0 255 38 255 176 0 255 0 0 255 0 46 255 255 0 0
    73 82 255 0 255 0 255 0 0 0 255 255 0 255 0 0 255 255 0 108 0 255
    239 0 255 255 0 255 0 255 255 79 255 0 255 0 55 0 255 22 78 255 0
    255 0 0 0 0 0 255 255 0 255 255 0 255 0 255 0 255 0 255 0 0 255 0 4
    0 255 0 0 0 0 125 203 0 255 113 0 0 0 0 234 255 108 255 0 0 132 0 0
    0 0 255 0 39 255 0 255 0 0 0 255 44 0 255 255 255 0 86 74 255 0 255
    255 0 0 0 255 32 0 255 46 176 179 0 255 0 0 255 0 255 164 159 0 255
    0 255 255 104 255 255 0 25 0 0 255 0 0 144 255 255 0 255 0 169 255
    255 0 0 255 0 0 0 255 0 184 192 255 183 128 0 255 239 255 0 255 255
    255 102 194 0 255 0 0 0 255 0 255 255 255 110 255 255 255 0 0 255 0
    255 0 255 0 249 255 255 247 255 255 0 255 71 42 255 255 0 0 255 0
    255 0 255 254 158 0 255 255 0 22 0 181 255 47 0 255 255 96 36 255 0
    255 54 255 0 0 255 0 250 214 192 255 0 255 0 255 255 255 0 0 147 154
    0 64 58 255 0 255 255 0 0 255 255 0 255 0 73 0 0 255 39 0 0 255 0
    163 255 255 246 0 255 135 49 255 67 98 0 0 255 255 0 66 249 0 0 255
    0 255 0 68 255 0 123 255 0 255 0 0 255 0 0 255 11 255 255 0 255 0
    255 255 255 255 255 255 255 255 186 255 102 0 255 0 216 255 255 0
    255 236 123 255 0 0 0 255 255 0 255 255 255 0 0 255 0 255 255 0 0
    255 0 216 255 255 0 255 93 0 99 255 255 0 255 108 255 0 255 255 0
    255 255 0 0 255 91 0 20 0 255 255 0 25 255 255 255 0 255 0 67 255
    255 255 255 235 255 187 0 255 0 0 0 255 255 0 255 255 0 0 0 255 255
    0 0 255 0 0 164 0 0 0 255 149 218 255 255 255 255 42 0 255 255 0 0
    255 92 0 255 0 255 0 80 255 0 255 161 0 0 0 255 0 255 255 255 0 255
    0 255 146 255 0 255 0 255 0 113 167 0 255 255 0 255 0 97 255 0 15 45
    0 255 255 0 255 255 255 0 255 0 12 255 0 74 0 255 255 0 255 74 0 225
    255 0 255 0 43 57 136 157 0 255 0 255 174 228 255 0 255 86 0 0 255
    255 0 255 255 0 0 0 234 30 142 0 255 255 255 255 89 251 255 255 187
    0 151 246 255 161 16 255 0 155 255 255 0 255 200 255 0 255 255 255 0
    0 255 0 255 0 255 252 0 0 255 0 0 0 231 0 0 150 255 0 26 0 255 0 255
    255 110 19 0 255 255 0 255 0 0 255 0 15 0 0 255 30 240 0 38 255 0
    234 255 0 0 255 0 102 255 77 0 255 0 255 0 0 0 255 0 255 255 0 159 0
    255 0 255 0 255 255 0 255 255 0 0 255 255 148 255 124 89 0 0 255 255
    0 0 0 0 255 255 116 0 0 0 255 0 203 232 255 46 255 255 246 0 167 255
    0 255 139 255 0 255 255 255 0 17 0 255 255 255 255 0 255 142 255 255
    120 255 0 255 255 50 255 255 222 255 255 0 140 0 255 0 0 255 0 0 23
    41 0 208 255 0 175 255 255 255 0 0 0 0 255 255 0 255 255 78 0 0 221
    0 127 0 255 0 0 0 255 0 255 255 255 255 0 0 255 0 0 255 0 254 255 0
    255 0 0 0 255 0 251 0 0 0 255 38 200 0 0 255 74 53 0 255 255 0 0 255
    255 0 104 0 255 0 202 0 0 0 255 0 255 255 87 0 0 255 0 184 0 255 30
    59 255 142 81 0 255 255 255 0 255 255 255 240 207 0 255 255 47 0 179
    0 255 255 0 255 0 255 0 153 0 206 0 255 0 255 255 0 97 255 0 83 255
    0 0 255 255 255 255 255 0 120 0 0 255 59 0 255 0 0 255 0 0 255 0 0
    255 255 0 0 0 0 255 255 0 0 255 0 255 0 0 120 255 0 255 255 182 0
    255 0 255 0 255 0 0 255 167 0 0 255 8 0 255 0 255 217 0 255 255 0 0
    255 255 255 255 255 0 255 0 255 0 255 225 0 255 0 255 0 255 0 0 0
    255 0 255 119 0 0 56 246 0 150 143 50 0 0 255 0 0 124 0 93 0 0 0 255
    0 255 255 0 255 0 0 0 255 0 113 255 0 255 255 0 0 30 0 255 255 243 0
    0 255 0 255 255 13 66 0 255 0 63 255 240 255 255 255 255 0 107 255 0
    255 255 20 233 0 0 0 255 0 255 255 110 255 139 239 255 255 255 97 0
    0 138 255 0 212 143 241 0 255 0 0 255 0 255 0 255 0 255 0 255 0 170
    255 0 35 255 255 255 0 255 255 0 4 255 86 0 255 0 255 228 255 255
    130 255 0 0 255 0 255 255 0 185 0 148 0 67 255 255 0 255 0 255 135
    255 255 72 0 255 81 76 255 88 0 255 53 0 0 255 0 255 255 0 255 0 82
    7 0 255 255 255 0 255 255 0 10 255 87 255 255 255 255 255 0 0 255 0
    255 255 0 211 255 255 255 0 0 255 0 255 0 255 0 130 255 0 255 0 0
    255 255 0 23 0 255 255 255 0 0 157 255 0 255 0 34 255 255 211 0 255
    106 255 0 255 255 0 24 255 0 255 0 255 0 255 0 0 0 0 255 255 0 0 255
    0 0 255 0 255 0 117 255 91 255 255 0 255 0 255 255 0 255 0 255 165
    189 255 189 255 78 255 83 0 218 255 255 0 255 0 0 255 84 255 46 224
    0 0 255 0 255 0 0 0 0 255 255 44 255 0 255 255 0 255 153 0 233 223
    57 255 0 0 255 0 255 0 46 255 255 255 0 255 255 0 140 0 0 0 255 255
    0 255 193 255 255 0 196 0 255 0 255 0 255 0 255 255 0 255 0 255 181
    255 0 255 0 81 0 0 255 0 0 255 89 255 122 227 0 41 255 0 0 32 0 201
    0 255 255 255 0 0 110 255 255 0 255 0 0 251 79 255 0 255 0 125 170 0
    255 50 255 0 0 108 194 255 255 0 255 141 232 0 0 255 79 0 255 190 0
    0 0 0 112 255 0 216 0 129 255 0 0 0 46 255 255 0 255 255 0 0 255 21
    65 115 234 253 255 205 255 0 255 255 0 0 0 36 0 255 255 123 0 0 255
    117 255 0 0 0 149 255 0 0 255 0 255 13 0 0 255 255 255 255 255 0 112
    255 0 0 255 0 255 142 14 0 255 255 196 255 0 0 10 0 255 0 208 0 2
    255 255 0 0 255 0 255 255 0 85 0 0 255 255 255 0 0 255 0 161 0 255
    255 138 6 255 4 255 134 0 255 0 208 255 0 255 38 0 255 0 255 0 141
    255 87 43 124 0 255 0 91 0 0 255 0 0 255 255 0 0 0 255 255 255 255 0
    255 195 255 255 255 255 165 138 255 0 255 255 255 255 0 0 160 63 255
    255 0 0 236 0 255 0 0 0 255 0 255 12 255 0 0 0 0 6 255 255 255 126 0
    255 255 0 0 152 116 0 0 78 1 255 0 255 0 0 255 255 0 13 255 0 0 0
    255 255 255 255 0 49 174 0 0 0 0 255 0 0 0 255 0 255 0 255 0 0 181 0
    255 0 0 0 255 255 0 229 19 0 255 255 0 0 255 0 0 255 255 0 255 0 173
    156 255 255 0 44 255 81 0 255 0 255 0 0 0 255 0 77 0 255 255 86 0
    255 162 255 0 255 0 188 2 0 255 154 255 0 0 255 0 198 0 255 166 68
    255 0 255 0 0 116 0 0 0 255 122 255 0 0 0 0 255 0 255 255 0 178 0 0
    255 0 255 0 255 255 63 0 0 152 0 41 190 255 0 255 0 0 255 0 255 255
    255 0 0 255 255 0 255 0 255 0 0 255 0 255 0 0 255 92 255 50 127 255
    255 0 19 255 0 0 0 255 0 0 255 0 30 0 0 228 222 255 0 255 255 0 255
    0 255 255 255 0 61 0 0 255 255 0 0 255 0 0 255 0 0 255 255 0 20 255
    255 161 193 252 36 255 255 0 51 255 0 255 255 167 255 0 0 255 0 255
    255 255 0 255 47 0 0 255 255 0 0 255 255 70 0 255 0 255 255 255 255
    255 17 255 0 0 255 0 255 122 193 255 0 237 255 255 0 255 0 255 255
    255 255 0 255 0 255 0 255 217 255 0 255 20 0 255 255 0 255 255 0 0
    255 0 255 255 208 60 255 11 0 255 0 103 255 204 60 0 0 255 0 255 255
    0 255 0 0 255 168 255 0 255 0 255 255 0 255 0 0 255 255 14 84 0 255
    255 0 255 0 255 0 230 0 255 0 255 0 255 0 230 0 255 0 255 0 215 178
    255 255 255 0 255 0 255 255 122 255 0 0 217 6 255 0 255 255 179 0
    109 255 0 0 0 255 140 255 255 0 0 0 0 255 255 0 255 255 0 0 255 1
    245 0 255 34 255 255 0 0 0 255 0 150 255 0 255 0 255 214 255 255 0
    255 255 210 0 166 226 209 0 255 0 255 144 47 255 255 0 0 255 255 0
    255 255 0 255 0 255 245 0 255 0 255 72 0 0 255 255 0 0 99 255 255 0
    0 255 255 0 88 169 255 0 151 0 196 0 79 255 255 0 165 255 0 255 255
    255 0 0 0 15 0 217 0 255 0 255 0 255 231 0 0 255 255 0 255 255 146 0
    0 255 0 0 255 255 0 255 68 0 0 0 255 40 12 0 255 255 0 255 83 255 0
    220 255 255 160 255 0 255 255 0 0 200 255 255 0 255 255 0 150 0 255
    216 255 0 255 0 255 255 255 0 255 255 0 255 49 0 249 255 0 122 0 255
    0 181 255 0 255 0 255 0 255 0 0 0 255 0 255 0 0 0 255 0 255 0 255 0
    255 0 55 0 0 0 255 0 255 0 255 0 0 0 176 255 0 255 0 255 0 255 255
    191 255 20 0 255 0 22 0 255 255 0 255 168 0 63 255 0 255 255 255 175
    255 163 0 56 155 0 255 0 31 0 0 0 0 79 255 0 154 0 40 0 202 255 0
    255 255 255 0 255 255 0 119 0 0 255 0 59 0 255 255 255 0 0 255 0 255
    199 230 255 0 191 0 0 0 255 220 0 0 0 203 0 0 58 255 0 0 255 0 255 0
    0 0 255 0 0 255 0 0 255 255 0 255 0 255 0 255 203 0 0 255 0 255 90 0
    90 255 255 0 0 91 0 255 0 255 0 255 255 24 0 255 0 255 0 83 98 255
    255 80 0 210 255 0 0 255 0 49 0 179 0 70 255 0 0 255 255 255 255 0
    255 255 147 255 0 0 143 255 127 255 0 255 255 0 95 255 0 255 255 229
    238 255 0 255 0 6 255 42 255 255 255 203 255 0 0 255 0 168 0 0 255
    255 0 0 255 255 0 0 0 0 255 255 0 255 255 141 255 0 255 0 255 0 255
    0 255 219 255 0 255 0 255 255 255 55 0 0 0 27 255 49 255 0 186 0 255
    255 9 255 0 0 255 255 0 255 255 0 0 201 0 0 77 255 255 255 208 255 0
    255 255 0 84 0 255 255 137 255 0 0 255 0 255 0 239 255 25 255 0 63
    255 255 255 255 0 0 0 255 0 255 0 255 0 255 255 0 73 255 255 0 187 0
    207 255 0 255 0 255 255 255 0 255 255 0 255 0 255 0 0 219 255 150 0
    0 255 0 0 255 0 255 255 255 0 255 0 255 0 248 0 236 0 255 0 0 255 0
    255 255 0 120 254 0 255 0 255 0 0 255 0 0 255 0 0 87 157 0 227 255 0
    255 0 0 246 159 255 7 221 255 0 255 255 0 255 23 196 0 0 0 231 255 0
    255 255 0 255 0 0 255 139 79 255 0 255 0 0 255 0 255 0 255 0 0 77 68
    0 0 255 255 0 0 30 255 0 255 255 0 0 0 255 0 0 255 0 140 223 86 0 77
    0 0 255 0 255 0 0 0 255 0 22 0 174 0 0 0 0 255 106 138 59 0 255 255
    244 0 0 255 0 255 0 0 255 255 224 0 255 0 83 0 255 0 0 255 49 181
    255 0 255 0 255 255 0 224 255 155 0 255 255 0 237 0 0 43 0 255 255 0
    255 255 0 44 0 255 255 0 245 0 255 255 255 0 255 0 180 0 255 0 105 0
    148 255 0 0 255 255 255 244 0 0 255 0 255 0 255 0 255 0 255 0 255 0
    255 247 0 255 0 255 93 0 255 228 149 60 0 255 0 255 57 0 0 255 255 0
    58 255 0 55 0 255 118 0 255 215 255 0 1 0 109 48 255 0 255 0 255 0
    255 0 26 207 172 255 0 0 0 255 255 0 255 255 0 190 212 0 255 0 255 0
    0 0 150 255 110 255 255 35 255 0 255 255 0 255 3 0 120 26 43 255 0
    95 255 0 196 255 252 255 245 0 43 252 0 89 221 255 0 0 242 129 108 0
    0 255 255 0 0 0 255 172 28 71 235 20 0 255 0 255 255 0 255 0 0 255 0
    255 255 0 0 76 255 255 201 255 0 0 255 255 255 255 0 255 0 255 255 0
    255 0 255 0 255 255 247 0 107 0 255 0 255 255 255 0 255 0 150 255 0
    0 255 0 255 0 0 255 0 255 0 255 0 0 255 86 255 0 0 255 0 0 255 0 255
    0 0 255 0 255 0 0 255 255 0 255 110 255 0 0 255 0 255 0 255 0 255
    255 0 255 255 0 255 255 252 166 195 255 0 255 0 0 0 0 255 255 0 244
    0 255 0 255 79 255 255 64 255 0 255 69 0 235 255 99 3 255 200 0 150
    186 0 132 38 0 255 0 155 177 240 215 0 255 255 0 0 0 179 0 255 0 255
    47 255 255 255 255 2 66 0 255 0 0 255 100 255 137 255 123 251 255
    255 255 146 255 182 255 0 255 0 255 255 0 255 0 255 255 215 255 255
    13 0 255 255 0 0 255 0 255 0 255 255 0 170 0 255 69 0 0 0 255 0 143
    0 255 255 0 0 0 255 225 255 0 0 255 195 0 255 0 255 0 0 0 177 177 0
    255 255 255 0 255 0 69 255 52 255 0 255 0 255 213 162 0 255 0 255 12
    0 255 255 255 0 255 255 0 255 255 255 0 0 0 255 255 226 0 237 255 0
    130 0 0 255 0 255 0 255 255 0 255 0 0 255 0 255 0 111 0 255 0 0 255
    255 255 94 0 255 255 0 255 0 255 247 0 255 0 255 0 0 255 0 255 0 255
    0 255 0 0 255 255 0 52 53 35 0 0 255 255 255 255 123 186 0 255 13 0
    255 255 0 255 0 175 209 184 255 255 255 2 255 255 166 255 0 255 255
    18 255 0 255 0 255 36 253 0 0 255 0 255 255 0 25 255 0 0 0 255 255
    255 97 83 0 255 255 160 0 255 7 0 255 0 255 255 0 255 12 255 0 255
    71 0 130 0 15 156 255 255 183 49 255 255 0 255 204 0 255 0 130 255
    255 0 0 0 255 0 203 255 0 255 0 0 0 255 77 255 166 0 0 255 0 0 255 0
    255 0 255 0 145 0 255 0 255 0 0 171 255 255 114 0 99 132 255 0 0 255
    255 0 0 255 0 63 176 0 0 255 255 255 0 255 0 255 167 255 48 0 0 228
    255 0 255 166 0 255 0 255 255 68 0 198 0 0 0 255 0 81 51 148 255 225
    0 53 255 0 255 0 0 255 0 255 255 0 0 165 0 255 255 255 15 255 123 18
    238 255 0 255 100 255 0 113 82 255 236 255 0 0 194 246 0 0 0 255 0
    255 0 0 255 0 255 255 0 0 255 0 255 0 255 152 255 0 255 255 255 0
    255 186 0 189 22 255 0 106 255 0 0 255 0 0 0 0 0 255 0 67 255 0 0
    112 0 0 255 0 255 0 117 255 208 0 255 0 255 255 0 89 101 255 255 0 0
    78 24 255 255 255 0 0 21 0 213 0 195 255 141 255 255 0 255 0 255 0
    255 0 255 255 255 0 0 255 0 255 255 0 216 255 255 119 0 255 0 255 0
    255 0 182 0 255 0 148 255 15 154 255 0 0 255 0 0 255 0 255 0 224 255
    13 47 255 237 255 69 250 0 105 255 255 0 255 255 0 0 0 255 0 255 255
    48 255 0 136 0 255 255 68 0 255 247 255 255 0 255 113 0 0 189 151
    255 0 255 234 255 172 0 0 0 0 255 212 255 176 255 0 255 87 255 170 0
    255 255 0 3 255 182 7 0 0 255 255 0 255 255 201 255 0 255 98 255 0
    255 0 154 211 157 0 58 0 255 255 255 0 255 255 0 0 0 0 255 6 0 28 0
    177 255 0 184 255 0 209 255 0 35 123 0 255 0 255 255 255 224 13 0
    175 255 0 255 0 0 0 75 255 0 0 255 0 255 0 0 255 255 0 255 233 0 136
    255 0 203 255 255 0 255 255 255 0 255 166 150 0 255 255 0 12 0 255
    255 255 255 150 0 255 0 237 0 115 12 0 255 255 0 0 255 255 255 255
    255 29 255 255 0 0 255 0 255 0 170 255 0 255 255 0 255 0 255 0 0 0
    238 255 0 255 255 0 0 255 255 33 178 0 0 0 255 0 255 255 0 0 255 255
    0 255 0 255 255 255 13 255 0 86 255 0 224 255 0 255 255 0 255 0 14 0
    0 255 152 255 67 215 0 104 255 181 0 0 255 0 0 255 0 22 255 255 0 0
    255 0 255 255 255 255 0 255 0 0 0 255 255 255 182 181 255 198 255
    184 0 255 255 0 255 0 0 0 255 30 0 255 0 0 255 0 255 0 255 0 255 255
    255 0 255 0 0 255 255 91 255 255 0 255 255 89 195 255 255 0 0 255 0
    255 0 255 0 0 255 255 0 75 0 32 0 0 255 0 0 255 218 42 0 111 255 0 0
    255 123 0 53 255 0 255 242 0 255 255 0 0 105 255 0 255 195 255 0 127
    0 0 255 0 0 255 218 0 255 0 255 0 255 255 0 255 0 0 255 0 255 0 255
    0 0 255 0 255 0 255 147 0 255 255 0 0 5 255 98 217 100 255 0 0 255 0
    0 255 160 0 32 94 255 0 9 171 115 0 120 0 0 15 255 0 255 255 0 255
    255 255 59 0 255 0 82 242 0 143 0 0 255 50 255 0 255 0 0 255 255 0
    255 0 239 255 254 190 0 255 0 255 233 0 188 0 9 18 255 0 0 46 153 0
    255 0 0 255 255 255 0 255 255 255 0 255 19 255 0 255 0 255 0 255 0
    255 0 30 255 255 0 255 255 0 255 255 0 255 121 255 255 65 0 0 255 0
    255 0 255 255 255 0 255 0 0 255 0 255 0 255 255 0 0 255 154 255 255
    0 255 255 6 255 255 0 255 0 0 255 0 255 255 0 8 0 255 0 255 0 231 0
    0 0 211 255 0 0 185 255 249 255 0 0 0 255 0 255 255 0 0 255 0 255
    255 255 255 184 0 255 255 0 255 0 255 139 0 255 255 214 255 255 0 0
    0 255 40 0 255 0 255 255 0 255 0 0 251 255 255 0 255 255 0 255 0 135
    49 0 255 255 0 124 255 135 0 0 255 255 0 0 255 0 0 0 255 181 0 32
    255 0 91 234 255 0 0 255 255 0 0 0 255 0 255 255 124 255 0 255 0 44
    30 22 255 255 3 255 255 0 0 255 137 255 255 0 159 0 46 241 126 255 0
    41 0 255 0 255 255 255 255 108 0 159 255 0 221 246 144 246 0 255 0
    255 0 0 255 24 255 0 255 0 55 0 0 255 0 78 0 181 1 0 255 231 0 0 101
    108 8 255 0 0 0 235 0 255 0 0 255 0 84 237 234 200 0 251 255 0 0 255
    255 0 255 0 255 0 0 255 0 255 255 0 255 0 0 255 25 255 0 255 0 255
    64 0 255 0 255 0 0 255 0 255 0 255 0 255 255 255 0 0 255 255 72 5 0
    255 0 0 255 41 255 0 255 255 0 0 0 255 0 0 255 255 0 255 0 97 0 139
    0 0 140 255 255 0 0 255 0 0 0 0 63 9 0 0 197 190 255 44 255 0 121 0
    48 0 255 0 0 0 0 255 0 0 0 255 170 0 0 56 184 240 255 0 255 255 0
    255 76 0 255 0 255 0 0 255 68 227 255 0 81 255 255 0 255 255 255 255
    255 255 24 0 41 0 0 120 137 255 0 0 0 255 0 255 159 185 255 0 255
    255 0 0 255 255 255 255 56 0 255 0 0 255 0 0 0 255 255 0 105 0 255 0
    255 255 255 255 0 0 0 255 0 0 255 234 255 0 0 43 0 0 255 11 0 255 0
    255 0 255 255 106 0 222 0 0 0 255 0 255 255 0 0 255 255 255 0 255
    255 255 255 38 255 122 255 0 255 0 0 255 0 36 255 0 255 0 255 255 0
    0 255 255 0 255 0 255 0 231 255 255 255 46 0 255 0 255 255 0 0 255 0
    102 0 109 255 255 0 255 0 255 41 0 98 255 255 0 144 255 0 255 255
    239 255 255 0 255 0 255 0 255 219 255 235 255 152 157 0 255 0 255 0
    11 255 255 255 255 0 0 255 0 0 255 255 0 255 0 0 255 0 255 0 0 255 0
    255 0 255 255 255 255 0 255 255 255 0 255 255 255 0 0 255 0 255 0
    255 0 12 0 255 160 0 255 0 58 255 255 0 0 255 255 0 255 0 255 0 0 0
    255 0 255 0 255 255 255 255 0 0 154 0 255 255 96 0 255 0 47 0 255 0
    255 75 255 0 0 255 0 255 30 255 0 255 0 0 255 0 255 0 118 192 255 0
    0 0 255 55 255 255 255 0 0 0 77 255 0 0 255 0 0 0 213 18 0 255 0 255
    0 255 255 255 25 0 255 0 0 125 255 0 66 95 0 105 102 255 0 255 0 0 0
    255 255 56 255 0 0 0 255 255 255 255 255 0 36 255 255 0 0 255 37 255
    255 0 0 255 66 0 0 255 0 0 0 0 255 0 212 189 15 0 255 255 0 0 0 0
    255 0 0 0 0 0 255 255 0 255 255 255 0 144 255 255 255 0 0 0 0 255 82
    0 255 0 51 255 255 255 0 255 0 0 255 255 186 255 0 255 0 255 255 255
    76 255 248 91 255 255 0 255 30 255 0 211 0 0 0 255 255 0 255 31 0
    255 0 255 0 182 0 255 0 0 255 0 255 0 255 0 255 178 0 255 0 0 255 0
    255 255 9 255 255 255 138 0 255 0 255 255 0 255 255 0 119 255 0 255
    255 255 253 157 0 255 106 0 0 255 255 0 0 255 255 0 255 0 255 0 187
    255 0 59 0 0 255 22 255 32 0 217 255 0 110 225 0 0 255 95 229 0 255
    0 0 255 0 255 0 0 0 255 0 112 0 0 255 0 158 255 0 110 151 0 255 0
    133 0 255 255 255 224 255 0 255 242 255 0 0 255 144 255 0 0 255 18
    140 255 255 0 255 255 213 0 255 0 255 0 255 255 255 200 0 255 0 0 11
    0 0 255 41 0 0 255 0 255 255 0 0 255 47 0 255 0 255 0 83 0 0 255 165
    0 250 33 255 255 0 0 0 0 255 255 0 0 255 0 40 255 95 0 0 255 195 255
    0 255 0 160 237 0 162 255 0 0 142 255 255 0 71 255 0 255 208 0 255 0
    255 0 18 255 98 0 185 202 255 0 255 236 255 0 0 121 255 255 88 0 75
    0 255 0 0 255 157 255 255 94 255 0 255 0 0 255 255 255 255 0 125 0
    255 0 255 157 243 0 255 255 0 255 255 7 255 0 0 255 0 255 2 255 0
    238 0 0 255 0 255 34 0 6 255 255 0 0 255 20 133 0 255 0 98 255 255 0
    0 255 0 255 0 255 255 0 0 255 0 249 116 34 0 0 255 255 183 0 217 0
    255 255 0 254 0 0 171 152 255 0 0 0 255 255 255 0 0 255 255 0 0 255
    16 62 169 255 255 255 255 50 182 255 255 0 240 0 0 255 0 255 0 0 0 0
    255 0 0 255 255 0 255 255 0 255 255 255 81 255 0 24 0 57 0 255 0 255
    0 97 0 15 0 0 255 0 0 251 255 224 255 255 255 0 255 255 0 0 255 0 0
    0 255 0 255 0 255 0 255 255 198 255 0 0 0 255 62 255 255 0 84 54 255
    255 80 0 255 170 215 169 0 0 0 164 255 0 0 0 255 255 255 255 16 255
    148 161 222 255 255 0 168 255 255 0 255 0 0 255 0 0 255 0 255 250 83
    255 0 255 0 0 0 130 0 0 255 102 0 169 169 255 0 255 0 255 0 21 0 255
    0 0 0 255 0 255 107 176 150 0 255 0 255 84 235 152 49 0 57 0 71 0
    240 244 0 17 144 0 255 0 255 0 255 0 255 0 0 255 0 198 128 255 255 0
    0 0 0 255 255 0 6 255 0 0 255 0 255 0 0 255 0 0 255 0 255 0 255 255
    0 245 255 0 232 255 0 17 75 255 0 255 0 0 255 106 255 227 255 255 0
    0 0 194 255 255 0 255 255 0 0 255 255 255 255 255 0 255 0 255 0 89
    206 255 0 182 57 255 255 255 0 255 0 255 0 255 0 255 255 0 255 255
    255 0 255 0 255 255 255 0 135 209 255 0 255 104 0 0 0 255 255 0 0
    255 0 0 234 255 0 236 255 0 0 255 255 19 255 255 255 255 31 255 0
    255 255 255 0 255 0 0 255 0 255 36 255 0 90 0 255 0 255 0 255 0 197
    255 53 0 255 104 255 0 255 255 144 255 255 255 0 0 255 0 227 255 153
    0 255 0 0 255 0 255 254 255 63 255 12 13 255 255 0 197 146 255 111
    59 255 0 0 255 7 255 0 255 0 0 255 0 17 0 255 161 255 255 255 255
    197 0 0 255 126 157 255 136 0 255 0 255 255 0 255 64 184 75 0 255 0
    255 0 255 0 255 173 190 255 255 0 0 0 0 0 210 0 255 255 0 255 255 0
    112 15 255 22 255 255 28 0 0 163 255 0 255 255 0 0 255 0 255 255 255
    0 122 85 238 0 0 12 255 0 87 0 45 0 255 255 0 255 0 255 0 15 255 0
    121 0 0 56 255 255 0 255 0 255 0 255 255 138 255 0 120 0 0 255 0 0
    255 0 255 0 0 233 255 255 40 0 0 227 66 255 184 255 0 0 255 0 0 255
    0 0 255 0 0 0 0 0 3 0 255 255 255 0 65 0 255 33 0 243 0 255 17 0 195
    255 0 37 255 0 255 0 148 0 143 0 0 0 0 157 0 255 0 0 0 255 178 255 0
    255 255 87 255 0 0 0 0 255 0 255 255 0 255 0 0 0 78 0 255 0 255 0
    255 176 250 0 0 222 255 0 0 0 255 0 86 201 0 255 0 255 255 0 255 255
    0 255 0 255 0 255 170 0 0 255 222 0 0 255 141 0 255 255 255 255 0 0
    255 0 0 0 255 3 255 0 255 255 255 0 0 255 255 0 18 255 37 39 255 0
    63 0 0 255 255 213 0 0 255 162 255 0 51 19 0 0 255 0 255 255 255 255
    255 144 0 0 255 0 255 0 255 255 0 0 255 16 255 0 255 255 0 255 0 255
    99 255 255 162 255 0 0 255 0 0 255 0 0 255 255 38 255 181 255 0 255
    157 54 167 255 255 255 155 0 255 108 0 255 0 255 255 255 255 250 0 0
    255 0 255 0 255 255 255 0 0 255 255 255 255 251 217 53 172 127 0 255
    0 255 0 255 0 0 0 0 255 255 0 236 0 255 80 255 0 255 255 255 255 4
    193 255 0 0 255 0 255 0 0 255 0 255 255 255 255 187 0 255 0 0 55 0
    255 218 255 255 0 255 255 216 255 188 255 15 255 255 0 255 0 0 255
    252 0 253 0 255 255 255 0 255 0 5 0 0 255 255 255 127 255 255 0 159
    167 255 190 0 255 255 255 0 0 255 0 255 255 0 255 206 126 255 25 0
    255 0 0 255 0 0 255 0 255 106 187 42 255 0 255 255 0 0 255 0 0 255 0
    93 0 0 255 0 255 132 0 255 0 255 255 0 255 131 199 0 255 0 255 0 0
    255 0 255 0 0 255 0 190 155 255 0 200 0 0 255 255 0 255 0 255 0 255
    252 0 0 255 0 255 255 0 255 255 0 0 93 255 0 255 0 255 0 0 0 255 0 0
    184 0 255 255 0 0 183 0 255 27 255 0 0 154 0 0 0 252 255 255 255 255
    147 0 0 12 171 0 255 0 0 0 49 0 0 0 255 255 255 255 0 255 134 0 255
    0 255 0 255 0 0 255 69 0 254 210 255 0 255 115 0 255 126 0 255 255
    217 0 255 0 0 255 0 255 0 255 0 0 255 0 255 0 197 182 0 255 0 0 0 0
    255 255 153 0 255 0 0 255 0 51 255 0 255 0 255 255 0 0 0 255 0 114
    255 0 255 255 0 177 96 255 0 22 255 0 255 130 0 255 205 0 255 0 0
    255 101 255 255 0 255 171 0 0 0 133 255 0 0 255 122 22 255 0 255 89
    0 255 0 0 255 0 255 255 0 255 255 255 0 0 60 255 0 0 0 0 255 62 255
    0 255 0 88 255 255 255 255 255 255 38 255 255 0 0 255 255 0 255 255
    255 0 0 255 191 255 0 255 0 204 0 255 0 0 255 0 255 0 255 0 255 0
    255 0 0 255 210 140 0 255 0 188 255 255 0 191 255 0 0 48 255 239 0
    255 0 35 255 0 255 255 0 255 81 0 85 0 255 93 255 255 0 255 0 255
    255 255 255 0 197 231 255 0 255 255 0 0 0 0 255 0 25 120 32 1 133
    255 18 0 0 210 190 0 255 253 0 255 0 0 0 133 0 0 255 255 244 0 255 0
    255 0 0 49 255 0 255 0 255 188 0 255 255 255 0 23 255 0 0 0 0 255
    174 255 255 255 69 255 255 0 255 0 0 147 36 255 49 255 255 12 255 0
    255 0 255 51 0 255 0 107 255 0 255 0 0 255 0 255 0 0 255 47 255 0
    255 205 94 43 0 61 0 140 0 196 109 0 255 255 0 255 0 200 255 255 0 0
    255 255 0 98 178 255 0 127 0 0 255 0 255 17 154 0 255 0 234 255 185
    0 102 0 0 117 0 255 255 0 255 0 255 255 227 0 96 0 255 0 0 255 255 0
    255 0 255 255 0 128 0 111 0 0 0 255 0 0 255 255 20 0 0 255 0 88 50
    112 0 0 255 0 255 0 0 255 0 255 0 19 0 73 255 255 0 255 255 100 0 0
    0 0 0 0 164 0 255 255 168 38 145 0 0 0 255 0 255 0 0 0 255 255 255
    255 143 255 0 255 0 137 0 255 158 0 255 0 255 0 14 0 255 0 255 0 0
    255 195 255 0 255 255 0 0 0 255 76 0 164 0 255 255 255 255 255 255
    178 255 0 0 238 0 255 255 255 0 255 255 255 0 255 0 0 0 255 0 255 0
    0 0 218 148 255 0 255 255 68 0 14 0 255 255 0 0 0 255 164 255 0 255
    0 255 146 0 146 255 0 0 255 0 255 0 255 0 255 255 182 0 194 0 255
    255 255 0 255 255 0 255 0 255 255 254 247 0 255 0 93 255 0 255 0 255
    0 255 0 0 255 0 0 255 0 255 0 255 255 255 182 255 0 255 0 255 255 0
    255 0 255 63 255 0 255 255 0 0 255 123 73 0 255 0 255 255 255 0 67
    255 62 255 0 0 108 0 255 0 218 255 0 255 0 30 255 0 106 255 0 0 255
    255 0 98 121 255 157 97 255 0 0 0 255 0 133 255 255 0 255 255 255
    255 255 152 255 235 127 133 255 1 255 255 255 206 0 0 0 0 0 255 32
    255 255 0 255 0 0 255 0 255 0 255 20 255 131 255 141 100 0 255 0 0 0
    95 0 151 0 0 255 0 255 255 0 255 0 0 255 0 0 82 255 0 255 0 255 255
    0 0 0 20 112 207 0 244 255 0 255 255 12 255 0 255 0 255 0 0 0 0 255
    255 255 0 158 0 0 255 0 0 255 0 255 0 255 120 0 110 255 0 255 255 0
    255 0 255 255 244 0 255 255 255 0 255 0 255 0 31 0 255 0 218 0 0 55
    255 255 0 255 0 255 255 0 255 0 255 0 0 0 255 255 0 0 112 255 255
    207 0 255 255 0 255 0 255 255 255 42 255 27 0 62 232 0 234 170 255
    180 214 6 255 255 0 255 55 164 0 255 0 0 255 255 0 255 0 34 0 255 0
    255 0 255 255 255 62 255 0 0 0 40 0 0 255 0 0 21 255 255 181 0 0 255
    255 0 255 0 69 0 0 0 0 9 255 0 0 0 0 255 255 7 0 0 255 255 0 0 255 0
    255 0 255 0 255 255 0 0 255 34 255 0 0 0 0 255 255 253 0 255 0 255 0
    0 232 255 0 255 255 131 0 255 137 0 255 184 0 255 0 0 255 255 96 255
    142 255 0 181 0 255 0 255 255 255 0 0 255 0 255 0 135 0 0 255 255 0
    255 127 188 0 255 0 0 3 255 0 0 209 255 0 81 0 255 255 255 0 255 0 0
    0 255 255 255 52 0 255 255 255 0 0 255 0 255 100 90 255 125 255 0 0
    255 151 0 255 0 229 255 0 255 0 255 28 103 255 255 0 255 255 0 255
    136 255 255 0 255 0 255 255 255 0 255 255 127 0 183 0 255 255 0 0 75
    255 0 255 236 44 0 255 0 255 5 255 0 143 217 55 0 61 0 255 0 255 0
    255 0 17 0 0 255 163 255 0 255 255 0 255 255 0 149 60 0 61 0 255 109
    0 0 0 168 0 199 0 94 255 255 0 222 80 38 0 255 144 0 0 14 168 255 0
    255 0 0 255 255 0 120 0 0 255 0 255 0 0 255 18 255 255 255 255 255
    255 117 0 0 255 255 0 82 29 255 0 0 5 255 171 255 0 253 255 255 0 0
    255 255 230 0 80 0 85 211 12 255 255 255 0 255 0 255 0 255 127 255 0
    255 255 0 255 0 0 0 255 0 167 255 255 0 101 0 255 0 123 255 255 255
    0 255 255 0 255 254 0 255 58 0 255 255 0 255 0 255 0 0 255 0 255 0
    255 0 251 0 255 235 255 204 255 66 0 0 255 255 0 255 114 245 255 255
    70 255 0 217 21 0 200 255 0 170 255 0 128 0 0 255 0 0 255 194 255
    255 0 255 0 72 255 255 132 255 34 0 255 235 133 0 255 0 0 0 255 255
    255 0 255 73 0 0 255 0 255 0 150 0 255 255 0 255 0 255 255 0 255 255
    0 0 255 0 255 255 0 236 0 255 0 255 0 255 255 230 255 177 0 255 0 0
    255 0 255 0 255 0 255 0 0 255 185 0 255 0 255 255 0 255 0 255 0 255
    255 187 0 255 102 24 0 0 255 255 0 143 255 0 0 255 255 255 255 0 57
    0 255 255 0 5 255 255 0 255 0 255 0 0 255 0 219 0 255 255 0 35 255 0
    255 32 255 255 102 255 255 0 255 0 255 229 0 0 255 0 255 255 0 99 0
    0 0 255 0 255 255 0 255 0 0 0 184 255 0 93 0 206 255 255 255 255 0
    255 255 0 0 255 0 0 0 0 0 255 255 0 0 0 0 0 255 255 255 0 255 215 0
    255 255 0 255 255 0 255 0 0 255 0 0 255 0 255 0 255 214 255 0 255
    255 0 234 0 0 255 255 255 255 0 255 255 0 0 155 0 255 0 255 0 0 255
    0 0 255 0 255 255 39 255 0 255 0 255 0 87 47 0 117 255 255 0 0 35 0
    255 255 255 0 255 0 0 0 255 190 0 215 61 86 255 255 255 255 0 57 255
    255 0 255 255 174 0 255 141 0 247 0 255 0 0 255 0 48 255 0 255 255 0
    255 255 0 0 255 0 78 0 48 0 0 255 0 200 0 255 255 0 0 255 0 255 255
    0 0 255 48 26 0 5 255 255 255 255 255 0 255 0 255 0 0 255 0 255 0 0
    135 0 255 255 0 0 255 0 255 119 0 255 0 255 149 0 255 255 255 0 255
    0 0 255 0 104 0 255 0 255 0 207 128 0 255 255 255 255 255 255 0 255
    255 255 255 255 255 255 0 0 255 0 39 255 255 0 0 0 255 255 255 255
    255 0 0 255 0 131 0 255 255 0 0 42 0 255 0 33 0 0 255 0 255 168 0
    255 155 0 255 255 0 0 0 255 0 0 0 8 243 0 255 0 255 255 255 0 255 80
    0 37 255 255 255 255 255 0 0 0 0 32 0 255 255 97 255 90 255 104 0
    255 0 255 0 0 255 255 0 255 255 27 62 196 255 0 255 0 255 255 126
    198 255 0 0 255 255 0 156 255 0 255 255 0 255 255 53 255 79 144 255
    255 255 255 255 0 255 0 255 214 255 0 255 0 153 0 255 0 255 0 0 150
    255 0 225 0 255 255 255 255 255 86 255 255 0 255 255 0 255 0 255 0
    255 0 255 0 255 255 0 255 0 255 255 154 0 170 255 0 255 255 255 191
    255 0 0 255 255 254 0 255 255 255 0 255 46 0 0 255 0 255 255 107 255
    12 0 255 250 12 255 210 0 255 155 255 85 255 255 255 255 0 255 0 255
    0 255 0 255 0 0 0 255 0 0 255 164 0 65 0 255 255 0 253 255 0 0 0 213
    255 0 255 0 255 255 0 0 0 128 0 0 255 255 0 255 255 231 255 255 0 29
    0 85 0 255 0 255 255 116 255 6 202 27 1 255 170 255 72 255 255 0 255
    0 255 62 0 255 255 0 255 177 0 0 67 255 166 0 255 255 255 255 255 0
    255 0 255 0 255 255 0 255 0 0 0 26 255 255 0 0 123 255 251 0 160 255
    0 255 0 255 0 255 0 53 0 255 0 255 255 0 255 0 255 255 105 0 255 0 0
    255 255 0 255 255 0 255 0 255 255 0 0 0 0 222 0 255 84 0 39 255 0
    255 0 255 255 0 83 0 255 0 255 255 0 0 255 0 154 255 0 255 255 0 143
    0 255 0 182 227 0 119 255 255 0 255 0 236 255 255 255 0 255 219 255
    189 255 0 0 255 0 255 178 0 255 255 0 255 0 119 0 0 113 255 255 255
    255 215 0 255 0 255 255 154 0 255 0 213 255 255 255 0 255 0 255 72 0
    0 255 0 255 117 0 255 255 0 0 0 255 0 255 29 255 177 0 0 0 255 0 255
    255 255 0 0 0 80 38 0 0 253 255 0 0 255 255 255 0 255 255 0 255 255
    0 255 255 0 255 0 255 43 255 255 0 18 0 227 2 0 0 149 255 0 39 170
    210 255 15 0 255 0 0 255 0 255 0 0 152 245 0 212 0 255 0 255 112 255
    255 255 0 255 255 0 0 255 255 0 0 159 0 114 0 0 255 56 0 0 0 0 0 255
    0 255 255 0 117 192 255 0 255 0 0 0 255 0 255 0 255 0 255 0 255 255
    255 255 255 135 0 255 255 242 0 255 205 0 171 255 255 0 0 255 0 255
    255 255 255 0 41 0 255 255 255 0 61 0 255 237 80 3 255 103 0 255 0 0
    255 255 0 34 105 0 255 0 70 0 255 0 0 0 0 255 3 50 234 255 0 255 0 0
    0 0 255 255 0 255 0 245 0 255 0 0 255 0 255 0 255 255 255 0 0 0 129
    0 165 0 0 0 0 255 100 0 242 0 0 255 0 255 255 0 218 255 0 255 255 0
    255 0 255 0 0 255 0 255 255 255 0 0 255 255 0 255 0 255 0 255 0 82 0
    0 171 255 0 255 62 255 255 0 2 0 255 0 40 255 226 221 255 0 0 255 0
    255 255 0 255 23 0 255 0 255 255 0 0 255 0 237 0 255 0 255 255 0 255
    255 0 255 255 255 255 0 0 0 154 0 255 249 255 143 0 0 255 0 119 255
    171 85 255 255 208 255 255 0 255 0 255 0 255 26 246 255 255 0 255 0
    49 255 255 0 222 255 0 255 0 255 255 0 255 0 144 0 0 62 33 137 225
    255 106 0 226 147 255 157 56 255 255 255 0 0 110 206 255 0 0 255 0 0
    255 255 0 7 255 204 255 0 0 0 255 0 255 0 255 0 0 0 255 255 255 255
    0 255 0 85 226 255 255 255 207 255 255 255 255 255 0 255 255 0 255
    255 0 129 255 59 255 0 255 205 255 70 255 0 255 0 141 35 67 255 0 0
    42 255 255 255 0 255 23 231 255 255 195 0 0 255 0 147 255 0 0 255 0
    0 255 255 0 0 255 0 255 255 0 0 255 0 255 0 255 255 158 0 0 255 0
    255 40 182 10 255 255 0 255 0 0 128 75 255 166 0 255 0 145 255 90 0
    255 0 255 255 236 255 252 208 255 0 0 255 172 255 0 0 146 0 255 255
    0 255 255 255 41 0 0 255 255 36 255 255 0 255 0 255 255 245 255 0
    255 0 0 255 255 255 255 255 143 0 108 139 0 211 0 255 172 255 0 163
    0 0 255 0 255 255 0 178 0 255 220 0 135 0 255 0 255 255 205 0 0 0 0
    0 0 63 156 255 0 119 0 255 0 255 255 0 73 255 0 255 0 255 0 255 0 99
    0 57 255 176 103 0 0 255 0 0 255 0 255 0 0 0 255 0 255 255 203 125
    255 0 142 178 255 0 0 0 0 255 19 255 115 255 0 174 255 0 0 255 0 255
    0 0 255 0 255 255 0 0 255 0 72 0 255 0 0 0 45 0 0 255 255 0 255 28 0
    255 0 0 0 255 0 0 0 46 0 255 255 0 87 0 255 255 255 0 0 255 0 230 12
    255 0 90 0 188 126 0 255 0 222 0 255 0 0 0 47 255 255 255 255 0 255
    255 0 255 0 170 0 44 0 0 0 0 255 127 97 0 255 0 0 197 0 255 0 255
    255 1 255 0 255 93 255 30 183 0 255 255 255 100 0 0 255 0 0 196 0 25
    0 255 255 0 255 255 160 135 0 255 0 0 255 5 0 255 0 0 255 0 255 157
    255 66 255 0 72 8 0 255 255 0 255 0 0 0 0 0 0 255 255 255 255 183
    255 255 0 255 0 255 0 255 0 226 77 145 255 255 0 255 0 0 0 255 0 153
    229 0 245 255 0 248 255 0 0 0 255 0 255 0 0 255 255 0 255 0 243 0
    255 255 0 151 224 186 255 0 255 0 44 255 0 0 255 119 159 255 0 255
    188 255 0 255 0 0 255 0 255 0 255 0 0 0 0 255 255 0 255 141 0 255 0
    255 255 255 0 255 255 0 255 0 255 255 0 14 0 255 255 255 0 43 0 255
    25 0 255 0 152 255 0 0 0 0 255 0 255 0 0 255 255 0 0 255 87 255 204
    185 255 0 0 255 0 255 0 255 0 0 0 46 255 0 0 255 0 255 255 155 113
    255 0 255 255 255 255 0 232 125 0 0 0 0 239 0 255 157 123 255 0 37
    255 130 255 255 0 79 255 255 0 255 0 255 0 168 198 255 255 0 0 255 0
    255 0 0 255 255 0 0 0 230 182 255 255 255 0 0 255 0 255 75 205 255
    91 0 160 178 0 255 0 255 0 255 255 255 125 41 255 0 255 0 255 0 0
    214 249 0 255 0 255 255 0 255 255 54 0 255 255 255 0 251 255 222 0
    255 0 0 255 255 255 255 0 255 255 255 0 0 255 255 0 255 0 0 163 255
    255 255 0 185 80 0 0 255 0 255 255 242 247 255 0 255 0 255 0 255 255
    255 0 255 0 255 255 0 92 0 160 0 255 213 255 255 25 126 255 142 0
    255 0 166 0 0 255 0 255 255 0 91 255 204 0 255 148 32 0 0 0 200 0 0
    255 36 255 0 255 0 0 255 236 0 255 0 255 255 142 0 190 0 205 0 0 255
    40 255 78 174 255 0 255 255 0 255 0 0 255 0 255 0 31 255 255 255 255
    0 0 255 0 255 0 118 255 0 255 0 241 255 255 199 255 0 0 255 0 248 93
    0 91 255 255 255 0 181 0 255 255 0 255 0 255 0 84 255 0 255 0 0 0 0
    0 0 0 255 0 255 30 255 255 0 255 0 0 0 255 0 0 129 255 0 255 109 0
    131 0 0 255 255 0 168 255 202 0 0 0 255 255 255 0 0 255 255 0 240
    255 255 255 0 14 0 0 25 0 0 222 0 0 247 0 255 0 0 243 0 255 255 0
    255 0 0 255 3 95 0 0 255 0 255 255 0 255 0 255 0 199 114 0 0 0 255
    154 61 255 155 255 255 255 108 255 0 255 255 148 90 149 0 0 255 0
    255 255 48 255 0 0 0 255 0 255 195 255 91 255 0 0 255 0 0 255 10 255
    0 0 255 0 220 0 255 0 0 255 255 0 255 0 59 0 255 255 0 255 79 20 255
    0 6 0 167 0 0 0 255 255 223 189 255 255 255 0 255 0 255 90 255 0 55
    255 81 0 18 0 255 0 255 0 255 0 255 0 255 255 0 255 0 0 255 0 255 0
    255 255 0 0 255 0 255 0 255 0 0 255 0 255 255 255 0 255 0 0 255 0
    255 0 255 0 0 255 255 0 255 255 255 0 255 255 255 0 0 0 255 24 255 0
    255 0 255 0 45 203 108 208 49 255 255 0 37 255 0 0 255 255 0 255 203
    0 255 0 255 0 177 255 0 255 0 0 255 0 255 236 0 255 255 0 255 0 255
    0 255 52 255 0 0 0 255 0 255 133 0 255 0 255 0 255 255 0 255 0 171
    255 255 255 0 66 0 111 61 255 255 255 255 0 75 255 0 0 255 255 0 255
    213 255 0 172 0 92 126 0 255 0 138 71 247 0 141 0 0 170 0 0 227 0
    255 0 0 255 0 0 255 0 255 0 255 197 0 191 255 0 151 0 255 0 0 68 0 0
    0 0 255 0 255 255 255 255 48 0 0 248 255 255 0 255 255 255 0 255 115
    0 0 149 0 255 255 255 0 255 255 20 0 0 0 18 255 255 255 0 255 111 0
    0 255 0 0 0 255 255 0 0 0 0 0 255 255 0 0 255 255 0 255 206 0 0 255
    0 255 0 195 0 255 0 255 75 223 197 0 57 5 0 0 255 0 255 0 0 255 0
    255 255 0 0 90 5 163 0 199 0 51 255 255 0 0 255 255 0 255 255 147 0
    255 144 0 133 255 0 255 245 99 0 255 252 0 48 0 255 36 0 255 0 0 255
    255 255 26 255 255 255 26 189 0 0 255 18 0 255 0 255 89 255 255 0
    209 255 186 0 255 175 0 0 0 255 0 16 255 255 255 0 255 255 0 0 255
    32 100 255 255 0 184 0 255 255 129 31 0 255 0 255 0 147 0 255 255
    255 0 0 255 255 0 255 255 155 255 255 0 255 1 0 141 0 255 255 0 0 0
    141 255 38 255 102 255 0 0 246 255 0 255 0 0 255 0 0 255 169 173 255
    173 255 0 255 255 0 255 186 0 255 0 0 0 0 255 0 116 191 255 0 255 0
    255 255 0 0 255 255 255 0 255 71 132 0 255 0 255 148 172 255 255 0
    255 0 255 0 0 255 0 255 255 0 215 255 0 0 255 0 0 0 255 209 255 51
    255 0 0 0 0 255 0 255 255 0 255 0 255 255 0 82 0 167 255 0 90 160 0
    255 119 157 255 0 255 255 255 255 255 255 255 7 0 255 141 41 76 255
    0 75 0 0 0 0 255 255 0 2 255 87 255 0 255 255 0 0 255 255 37 0 0 255
    255 0 255 0 255 0 0 0 255 255 0 255 255 255 0 171 255 47 0 255 255 0
    0 255 172 0 0 255 0 0 255 0 0 255 0 0 255 0 0 255 0 255 255 236 107
    255 59 102 255 0 0 0 255 255 0 149 255 0 0 0 157 255 255 0 255 205
    156 0 0 255 0 0 255 255 0 0 255 255 0 251 255 0 0 0 255 0 255 0 0
    255 0 255 218 110 0 247 0 0 0 238 0 97 54 255 0 255 0 255 0 255 0
    255 0 255 220 0 0 255 0 255 0 255 255 0 50 255 0 255 220 0 255 0 255
    0 255 0 255 255 0 255 0 68 255 255 225 0 0 0 255 0 255 255 0 255 170
    255 255 0 255 86 0 255 255 0 144 0 0 0 255 255 0 0 255 0 80 253 0 81
    164 255 0 98 168 255 0 255 0 0 0 255 255 255 0 255 255 0 255 0 255 0
    255 255 0 0 255 255 255 65 190 255 0 255 0 255 0 0 13 0 255 136 0
    255 0 0 255 0 255 0 255 0 255 255 255 255 145 0 255 0 0 60 0 255 0
    255 0 255 255 255 0 118 0 0 0 255 34 7 0 255 255 0 229 255 0 255 0 0
    255 0 255 0 255 0 0 0 234 0 255 255 0 255 133 255 50 13 0 95 0 255
    255 0 0 214 0 255 0 255 255 0 249 255 0 255 0 255 255 53 255 44 0
    255 0 0 255 255 0 0 255 69 0 255 0 255 0 255 255 0 0 255 226 255 0 0
    255 0 255 0 0 255 255 70 0 0 200 255 112 0 255 122 0 255 0 0 0 0 255
    0 255 0 255 0 255 0 46 255 255 0 187 255 255 194 0 255 255 0 255 0
    175 0 255 0 255 0 0 255 255 0 227 0 255 29 255 13 111 0 107 110 255
    0 255 0 0 0 255 255 0 255 21 0 255 0 179 255 0 255 255 0 255 255 0
    255 255 0 255 118 204 0 255 0 0 255 255 0 0 0 163 0 51 207 255 0 255
    0 35 241 255 0 10 0 255 0 0 255 250 255 0 255 0 179 200 255 255 0 0
    255 214 0 255 0 255 0 0 255 255 0 255 0 255 0 0 255 0 255 0 255 0 0
    70 0 255 0 255 0 0 255 255 197 0 255 255 195 255 169 255 0 0 255 226
    0 255 124 255 255 255 0 205 0 189 0 32 0 255 255 255 0 255 0 167 255
    255 255 255 0 0 0 255 166 255 0 0 0 255 255 0 0 255 255 224 255 0 0
    255 0 255 0 0 255 96 255 17 81 255 255 0 0 255 0 226 129 9 1 255 255
    236 255 255 83 255 0 0 255 212 0 255 141 0 0 255 255 207 255 255 255
    253 0 0 255 255 252 255 0 255 0 0 0 255 0 0 73 255 0 15 255 255 0
    255 0 255 255 216 0 0 0 94 0 218 255 255 0 158 0 191 0 255 0 255 255
    0 255 255 255 27 255 192 0 255 0 255 118 255 0 0 0 255 223 255 255
    255 33 255 0 255 255 251 255 0 255 0 0 255 187 255 255 0 0 100 255 0
    255 93 255 0 255 255 0 255 51 0 255 255 255 0 115 255 33 255 0 181 0
    255 255 0 255 87 255 0 255 255 0 0 255 255 193 0 255 255 16 0 160 0
    255 0 255 0 255 0 0 220 0 255 255 113 140 44 171 163 0 169 0 255 0
    255 0 237 0 191 255 255 255 0 0 0 255 0 0 0 52 0 255 0 255 0 165 0
    255 255 255 255 0 119 255 0 255 111 231 255 0 255 246 0 0 0 255 0
    106 231 255 68 255 255 0 255 255 0 255 255 193 255 0 59 0 118 0 16
    255 0 255 151 255 0 255 255 0 255 217 255 26 255 255 0 255 11 0 255
    255 0 0 255 0 24 0 255 0 0 255 0 0 208 0 255 0 0 255 166 0 3 255 0
    174 0 0 255 0 0 0 255 0 0 255 0 255 0 0 255 255 0 0 255 154 249 178
    255 0 189 74 0 126 0 255 0 255 236 0 255 255 255 0 255 109 233 88
    255 69 217 0 255 98 0 255 0 255 0 255 0 255 0 255 255 255 0 255 0
    255 0 255 0 0 167 0 0 255 0 0 255 0 255 0 255 25 0 154 255 0 213 0
    170 255 255 0 0 0 0 6 255 150 201 255 255 0 0 67 255 255 255 255 255
    0 255 255 0 0 255 0 0 0 255 69 0 171 0 0 255 0 0 255 125 255 255 255
    0 0 139 255 0 255 131 255 0 184 170 255 0 0 0 255 0 32 92 255 0 0 0
    0 0 0 0 255 95 13 0 0 255 255 255 30 0 0 255 255 0 0 255 0 232 0 249
    14 0 54 100 0 0 255 0 249 164 255 255 0 255 254 0 255 0 255 255 0 0
    255 255 0 255 0 255 0 0 255 0 255 0 255 0 0 255 255 0 133 0 0 255 0
    255 0 0 0 255 0 234 255 0 234 255 0 67 255 255 0 0 255 5 0 0 213 0
    255 98 0 255 0 255 255 0 79 0 66 0 255 0 0 255 0 110 255 0 255 0 133
    0 0 255 185 0 255 255 255 0 0 0 255 0 208 0 0 255 102 0 0 159 255 0
    255 0 255 180 0 255 255 0 189 0 255 0 255 0 164 0 0 221 255 255 0
    255 0 255 0 255 255 0 0 255 177 37 0 255 255 255 0 255 0 0 109 0 117
    47 255 255 0 0 98 255 125 255 0 88 52 27 86 255 0 0 208 255 0 0 255
    255 255 0 0 255 0 0 255 0 68 0 255 0 255 255 0 0 255 0 0 255 0 0 255
    255 0 182 0 255 124 0 255 0 255 0 255 255 0 0 255 0 0 255 255 255
    255 255 126 62 33 0 255 0 48 255 255 255 255 0 255 0 255 0 255 0 225
    255 0 0 255 255 255 0 255 255 55 0 0 72 255 0 255 0 85 255 255 0 255
    0 212 0 255 255 0 255 0 255 0 255 0 12 255 0 255 255 255 0 0 255 255
    64 0 189 0 83 0 255 255 60 97 123 255 172 154 0 0 240 255 203 0 255
    8 0 114 68 0 0 53 255 171 0 0 255 255 255 255 255 0 255 255 0 0 255
    0 255 0 255 0 255 255 0 255 255 0 0 0 185 255 0 170 0 155 0 227 0 0
    255 255 0 0 255 255 0 255 255 255 255 255 0 255 0 255 0 24 0 255 239
    0 34 255 0 0 255 255 255 0 255 255 255 0 255 255 0 255 0 0 255 0 0
    255 0 0 0 255 0 0 158 255 0 255 192 255 0 12 95 0 0 255 255 0 255 0
    255 255 183 255 0 255 0 255 255 255 151 163 255 0 255 0 241 0 0 0
    255 0 255 121 255 255 0 226 0 86 255 253 179 255 0 255 255 0 186 255
    255 255 0 0 255 0 14 144 111 0 0 0 255 0 255 255 0 0 161 0 232 0 255
    255 244 0 0 0 53 255 0 177 165 255 0 255 0 0 255 255 255 0 255 255 0
    141 251 255 0 215 255 255 255 0 255 0 255 255 0 255 0 255 0 255 0 78
    174 0 0 255 56 255 0 0 255 0 255 255 0 0 229 255 18 0 255 0 255 255
    70 255 0 0 255 255 255 0 213 0 255 255 0 255 0 255 255 0 255 0 47
    255 255 181 0 0 255 255 0 241 15 137 0 255 0 255 8 0 0 252 0 0 0 255
    0 0 255 0 0 0 0 255 166 0 245 0 255 0 255 0 255 0 98 255 14 255 255
    0 0 255 0 0 29 0 166 0 255 5 52 0 0 255 255 255 255 234 29 255 0 0
    255 0 255 0 0 255 0 201 255 0 255 255 255 0 255 241 201 255 255 255
    0 255 0 0 217 33 255 0 255 255 0 253 255 0 255 0 0 255 200 0 0 0 0 0
    255 226 255 0 255 255 0 127 0 255 255 255 255 104 255 0 255 0 255 0
    0 255 0 255 0 255 0 0 255 0 255 77 0 255 162 0 227 218 0 125 0 255 0
    212 255 255 0 255 255 0 255 255 0 255 0 0 255 0 255 0 255 147 0 37 0
    255 0 255 0 249 206 255 0 0 10 0 255 255 0 133 139 255 255 19 255 0
    4 0 0 0 0 0 255 0 25 6 255 0 255 130 157 141 51 247 0 255 0 255 0
    255 255 0 255 0 255 0 255 0 192 255 0 177 255 255 255 0 67 0 255 0 0
    255 0 131 218 255 0 255 0 255 0 11 0 0 255 1 243 222 20 0 255 0 255
    255 241 141 0 0 255 255 255 255 255 0 255 0 103 193 0 146 255 207
    255 119 255 255 170 103 0 255 145 255 0 136 255 0 255 0 0 0 255 255
    255 0 112 0 171 255 0 255 255 255 255 0 0 255 0 0 255 0 255 255 0
    192 255 255 0 255 255 0 0 255 252 0 168 0 40 0 0 255 0 41 255 0 0
    255 0 0 255 0 255 255 0 0 255 0 255 255 255 0 0 255 255 0 255 78 255
    0 255 0 0 0 30 113 255 82 255 255 255 255 255 255 0 255 0 255 0 255
    255 0 255 255 0 235 0 255 1 0 255 0 0 255 0 255 0 255 23 0 0 0 174 0
    255 69 255 0 114 255 255 0 255 255 82 76 133 35 0 68 255 218 255 0
    255 255 0 96 255 0 255 0 0 255 0 210 0 255 0 103 0 255 255 0 0 255
    255 41 255 0 255 0 255 220 0 255 255 0 0 164 0 255 249 85 0 0 0 73 0
    255 0 125 255 0 255 212 0 255 255 0 95 255 22 0 54 255 255 0 0 0 26
    0 255 0 215 255 10 0 0 255 118 0 255 255 0 255 0 0 0 255 122 0 0 255
    255 0 43 0 21 242 0 223 0 255 255 0 255 147 255 0 255 35 0 255 255 0
    255 0 0 0 255 0 186 255 0 0 5 0 189 0 230 255 255 255 255 0 4 0 0 0
    255 0 255 0 255 255 255 156 255 0 255 207 251 0 0 0 255 255 255 255
    0 255 0 255 144 255 0 255 255 255 255 0 255 92 255 47 0 51 238 0 255
    255 255 0 93 0 255 0 255 0 0 255 0 255 0 0 255 255 255 255 255 0 255
    0 0 0 0 0 0 255 0 0 255 255 0 255 0 255 255 0 96 255 255 0 255 0 0
    255 255 0 255 92 255 255 0 23 255 255 0 255 0 43 0 255 0 172 0 221 0
    255 0 255 242 0 255 45 0 0 226 255 255 103 255 255 0 0 59 255 255 0
    255 191 119 0 255 26 0 0 0 255 255 2 255 125 73 255 0 255 0 0 205
    255 0 255 48 255 93 0 255 255 0 0 255 255 92 0 255 0 0 255 0 255 155
    255 0 255 255 13 242 0 255 0 0 5 255 152 255 255 0 255 0 0 255 0 0
    255 255 0 0 89 0 255 0 255 255 0 0 255 255 255 0 29 255 0 255 0 255
    0 255 133 0 255 40 44 255 255 0 255 0 255 0 0 208 0 255 255 255 0
    255 255 0 255 183 255 0 255 181 0 255 255 255 0 255 0 0 255 255 0
    255 0 0 0 255 0 0 255 0 0 255 97 255 145 0 255 0 255 104 255 255 0 0
    255 185 255 148 0 0 158 0 0 0 255 0 255 0 169 0 255 0 255 93 0 75 84
    255 255 0 0 98 0 255 255 0 67 0 0 255 0 0 255 255 255 255 0 255 227
    0 131 255 0 123 255 154 255 0 255 0 77 17 0 255 255 255 0 255 50 255
    154 0 0 255 0 0 0 255 0 255 0 255 0 255 0 255 0 255 0 141 255 255 0
    255 9 0 255 255 0 220 255 0 0 255 93 0 255 0 0 255 0 255 0 44 0 240
    255 0 0 0 255 0 255 0 0 0 0 0 255 255 0 255 0 255 0 255 149 0 210
    158 255 255 0 255 255 0 255 53 0 0 255 171 255 255 0 255 255 0 255 0
    0 192 255 255 255 0 0 255 0 0 0 0 0 171 242 170 255 255 255 0 0 255
    0 255 0 255 0 255 255 255 0 101 45 255 0 0 255 0 255 255 0 251 255
    255 0 255 0 255 229 191 255 0 0 255 255 0 160 0 0 255 0 255 241 116
    255 0 255 255 0 6 0 0 255 255 255 0 255 0 255 0 255 255 0 255 255
    255 255 255 94 0 0 0 0 6 255 255 0 255 255 78 255 255 255 214 198
    255 0 255 255 0 0 0 255 0 255 147 0 78 246 255 0 203 87 0 0 255 255
    22 255 0 255 233 255 255 32 18 0 255 0 0 0 255 77 0 196 0 255 0 255
    0 0 255 255 255 255 152 255 0 255 255 0 255 0 255 255 0 255 255 0
    255 0 255 105 0 255 255 124 0 108 255 255 144 0 0 115 255 255 255 9
    0 255 255 0 0 149 0 61 0 255 0 228 255 0 255 255 0 255 255 0 255 0
    178 112 255 0 255 0 255 255 0 255 0 255 174 81 0 255 0 162 168 255
    255 0 255 0 0 0 0 255 0 0 238 255 0 255 255 0 255 0 0 0 191 0 255 51
    255 0 255 0 0 85 255 255 0 255 255 0 0 0 255 197 255 205 0 255 0 194
    0 255 19 255 255 19 0 255 0 0 0 106 255 238 255 0 255 0 255 0 6 0
    255 255 0 255 255 0 126 0 255 0 255 0 255 130 0 255 0 255 0 0 255 0
    144 0 0 0 0 255 0 0 0 0 128 0 255 49 156 255 0 255 0 0 0 255 96 64
    255 255 0 255 0 255 255 255 87 0 0 70 255 0 0 255 0 255 0 255 0 255
    255 0 255 0 255 255 0 0 255 0 0 255 244 255 0 237 0 255 255 0 0 234
    255 0 255 4 255 0 255 211 255 255 0 0 255 210 0 104 255 255 0 0 255
    0 255 0 0 255 0 255 255 0 0 0 241 222 255 255 0 255 0 255 255 0 0 0
    255 0 0 0 255 255 255 255 0 252 0 151 0 0 0 0 0 52 0 220 29 0 71 255
    0 0 4 36 112 0 13 255 255 0 0 255 0 255 10 0 255 0 0 0 255 0 255 0 0
    0 255 0 201 46 0 255 8 255 0 255 255 0 0 0 150 0 210 255 0 255 0 255
    0 56 0 255 0 255 96 0 255 201 254 255 0 0 255 0 0 255 0 255 0 255 11
    255 0 255 0 91 53 0 0 0 0 255 0 255 255 0 255 0 255 0 255 0 255 162
    0 255 255 0 255 255 0 0 8 255 0 255 255 0 241 255 0 113 255 255 153
    0 255 190 0 255 255 0 255 105 250 0 0 255 0 255 255 0 0 177 242 255
    210 0 0 255 0 255 255 255 0 255 255 255 240 0 0 0 255 255 0 255 0
    255 255 0 255 0 255 255 0 0 255 0 255 69 0 246 255 255 255 255 255 0
    255 255 255 0 255 226 38 255 255 0 255 0 255 0 51 0 0 0 0 255 150 96
    255 0 255 104 0 0 0 255 0 155 0 0 255 0 255 255 255 0 255 4 140 255
    0 0 0 255 255 0 0 255 0 255 0 254 88 0 250 252 0 0 0 255 0 255 0 255
    255 255 0 255 255 0 255 206 255 26 89 255 255 0 0 255 0 226 203 255
    0 255 255 0 34 0 255 0 255 255 0 255 255 0 0 255 0 255 245 251 0 255
    0 255 0 255 0 255 255 0 255 112 255 105 47 255 0 255 255 0 0 176 159
    7 27 0 255 0 195 41 255 255 0 255 0 0 0 255 0 255 255 0 0 60 0 255
    243 255 255 0 90 0 0 175 144 0 0 0 199 0 0 0 255 0 64 255 255 0 0 0
    255 190 154 2 255 172 234 0 255 45 255 0 255 255 0 0 255 0 0 71 0
    177 255 0 0 255 255 0 255 0 255 255 0 255 133 31 17 244 255 185 255
    0 0 168 94 11 255 0 255 255 124 98 0 0 255 115 255 0 255 0 71 0 0 0
    255 0 0 255 0 1 255 0 20 0 0 0 0 255 255 0 0 255 255 0 0 96 0 0 0 0
    0 255 247 255 255 255 0 235 255 255 0 255 0 35 255 0 255 221 0 0 94
    0 255 0 255 0 255 255 255 255 0 0 255 0 255 0 255 0 255 0 255 160
    255 0 255 255 255 0 255 176 255 255 90 0 255 0 0 0 255 211 244 0 175
    0 128 0 255 255 255 44 255 255 120 255 0 0 0 255 0 255 255 255 55
    101 255 0 0 0 143 0 255 255 0 182 0 122 255 0 255 180 255 111 0 255
    0 225 209 0 134 0 0 0 255 107 0 255 255 0 255 248 255 255 0 255 255
    255 33 255 70 0 255 255 0 0 255 0 255 243 30 255 255 0 0 255 255 0
    255 120 255 0 255 255 255 0 0 255 192 154 83 255 0 95 255 0 0 255 0
    0 122 0 0 60 255 0 255 255 255 255 255 0 255 105 255 0 255 93 255 0
    223 0 255 255 0 255 0 0 255 0 255 255 255 255 255 0 0 255 255 255
    255 255 0 0 175 251 26 255 0 255 255 166 255 239 255 0 255 184 106
    255 255 0 255 255 0 255 63 255 160 116 0 255 11 255 255 0 0 255 255
    0 255 0 0 255 255 0 0 255 255 0 0 213 255 0 255 0 0 0 255 0 0 255 15
    255 234 255 0 177 255 0 0 255 177 188 0 0 0 255 0 255 206 255 0 0 0
    0 255 255 0 0 0 123 0 255 0 255 39 255 108 0 70 0 255 0 0 255 0 0
    255 255 0 0 255 255 0 0 95 255 123 232 0 255 255 247 255 0 0 0 255
    255 185 0 26 255 0 255 255 0 0 0 0 94 255 255 0 255 0 0 0 255 255 90
    197 34 0 255 0 255 108 0 0 255 255 0 0 255 0 254 0 0 255 138 155 0 0
    0 255 0 255 255 255 255 255 255 53 0 236 0 255 255 0 0 255 252 0 0
    255 66 0 255 0 255 13 0 255 0 255 255 0 255 255 251 255 0 0 255 0
    255 0 114 0 9 0 255 0 0 255 0 0 255 255 0 255 0 255 255 255 255 166
    255 0 0 0 255 255 255 255 0 0 255 0 162 255 0 0 255 255 11 13 171
    255 0 0 0 255 0 255 255 255 0 255 0 0 0 255 67 109 255 255 2 0 240
    247 0 222 255 255 0 49 255 0 0 255 0 255 255 0 255 255 255 251 255
    255 0 113 185 255 0 131 255 0 0 255 221 0 0 255 124 206 255 0 0 255
    0 0 255 255 0 203 163 0 0 255 255 52 255 28 255 0 0 255 118 6 0 255
    165 92 0 255 0 255 0 255 255 0 0 215 255 0 0 255 132 0 255 0 0 255
    248 0 255 206 0 0 255 219 0 255 0 255 0 255 169 255 255 0 0 255 255
    0 0 92 21 0 255 255 255 0 255 87 0 143 227 255 15 255 49 0 255 255 0
    0 0 255 0 255 0 0 255 255 0 212 62 0 0 0 0 62 0 0 255 255 255 0 255
    0 0 255 0 255 0 0 255 255 0 255 97 255 48 0 0 0 255 0 116 255 0 0
    255 137 255 0 255 0 255 0 0 0 255 0 255 150 0 255 255 131 0 255 255
    64 0 125 255 23 140 255 255 250 0 0 205 0 101 255 0 135 255 0 168
    255 255 255 0 253 0 255 255 0 255 0 0 255 0 5 0 255 0 255 255 255 2
    0 255 0 0 0 255 255 0 210 255 0 255 0 45 0 0 255 198 0 255 255 0 255
    0 164 0 0 0 255 255 0 0 255 0 255 255 47 0 0 142 0 255 70 0 255 0
    255 255 255 0 146 255 0 0 0 0 255 9 255 255 46 0 255 255 0 255 0 162
    76 0 255 0 239 0 255 255 0 255 0 255 0 255 255 0 255 44 16 73 0 255
    0 255 72 255 122 255 0 0 255 11 255 255 0 255 255 0 175 255 0 255 0
    255 60 0 0 255 255 0 255 0 232 255 255 0 255 196 0 255 0 10 71 0 255
    54 0 255 0 255 0 255 160 0 0 0 0 0 255 255 0 0 0 255 216 0 0 150 255
    0 255 0 255 0 0 255 0 0 255 255 255 145 0 163 255 80 255 255 170 0 0
    255 0 255 0 255 255 255 0 255 0 255 0 59 255 70 217 85 47 0 98 29
    255 90 0 136 255 0 255 255 255 0 0 0 150 228 0 233 105 0 0 255 106 0
    139 255 255 209 0 255 0 0 255 0 0 255 255 255 0 255 0 41 0 181 231 0
    197 255 8 255 153 255 0 255 0 0 255 255 255 0 120 255 255 255 0 255
    255 0 82 255 0 139 255 0 255 255 255 0 255 0 0 255 0 255 255 115 255
    255 0 73 255 255 0 0 255 255 0 255 0 0 171 234 0 255 0 90 150 255 0
    0 254 255 0 255 255 0 255 0 36 255 255 255 255 187 0 105 0 255 0 0
    255 0 0 0 255 0 50 255 0 0 74 255 0 255 255 0 255 0 255 109 0 255 0
    0 255 0 0 0 0 255 255 0 123 255 255 88 255 0 174 255 0 0 255 255 0
    93 255 255 3 0 255 255 0 255 0 0 208 203 0 255 0 255 255 0 255 255 0
    0 255 0 255 255 0 0 255 239 255 255 0 19 255 0 255 255 241 255 0 255
    0 0 255 255 0 255 102 255 0 0 255 0 247 100 255 255 0 255 0 109 0
    255 255 233 84 150 255 0 255 0 66 0 137 214 223 0 255 255 0 255 95
    255 255 0 51 250 0 255 255 255 255 66 255 113 255 255 0 255 255 194
    255 0 255 0 0 255 0 246 148 8 241 255 255 28 0 0 0 255 255 0 72 118
    255 255 255 0 255 0 145 0 255 112 255 255 165 0 255 255 124 0 255 0
    242 0 0 0 255 0 0 255 0 255 79 0 140 0 0 255 0 0 136 0 0 255 0 255 0
    212 255 0 255 255 0 255 142 0 255 255 0 255 0 0 255 0 0 0 255 255
    255 96 250 255 129 255 0 0 0 31 0 0 255 255 0 255 255 0 255 255 0
    255 0 0 255 255 0 0 255 0 255 0 45 0 255 255 0 0 255 0 255 0 150 0
    255 232 3 255 0 255 0 255 0 0 0 0 14 0 165 255 255 208 255 0 255 0
    255 0 0 255 0 0 255 0 255 0 255 0 255 135 255 0 0 0 212 0 190 255 91
    255 0 249 0 255 0 0 0 20 132 0 94 255 255 255 0 0 255 70 255 255 215
    0 187 0 255 255 0 255 255 255 138 255 255 0 0 0 255 0 255 255 0 0 0
    0 0 0 255 0 255 255 0 111 0 255 0 221 255 255 255 255 28 255 0 255 0
    0 0 255 0 187 0 93 255 0 79 0 255 255 255 0 255 255 175 0 255 255
    154 160 149 0 255 11 73 255 0 255 0 255 53 255 0 0 255 255 0 0 48 15
    255 217 106 0 0 255 255 0 255 255 0 0 213 172 255 255 255 255 255 0
    255 255 0 255 40 179 255 0 0 0 0 255 0 255 0 108 0 255 0 0 255 0 255
    0 255 255 0 255 255 0 0 37 118 191 255 214 0 0 0 255 0 255 0 0 255 0
    255 28 255 0 255 0 255 132 255 255 0 0 255 22 255 255 0 15 0 0 34
    255 48 93 255 0 255 255 117 247 255 218 255 0 0 255 255 255 10 63
    255 0 0 255 0 255 0 255 71 255 255 255 89 0 0 0 0 255 255 0 221 0 0
    255 86 187 0 148 189 0 0 226 163 0 255 255 255 0 0 0 255 130 255 0 0
    0 255 0 229 0 0 255 0 255 0 214 0 255 255 0 0 255 188 0 4 255 0 255
    85 0 0 116 227 0 0 255 255 255 0 255 50 0 255 255 0 255 255 255 0
    198 255 0 0 0 229 255 255 255 201 0 0 0 123 137 0 180 0 255 0 140 52
    0 255 219 255 0 0 255 0 255 0 255 0 0 255 255 0 255 255 0 255 0 0
    255 255 255 255 0 255 0 255 0 0 0 255 86 255 0 255 255 255 0 255 255
    255 0 13 255 71 83 0 255 0 255 0 0 255 0 0 255 0 255 0 0 0 81 0 255
    255 255 192 255 161 255 0 239 0 0 255 0 112 255 55 238 0 207 0 255 0
    255 255 214 0 139 0 0 152 255 255 255 0 22 255 233 255 0 66 123 119
    0 28 147 0 45 255 0 255 117 0 0 113 255 10 255 0 255 199 0 23 0 57
    255 172 0 255 151 72 32 0 224 255 0 236 0 35 0 255 255 255 0 255 0
    255 98 0 255 0 0 255 0 73 255 0 0 0 140 255 255 0 0 3 0 186 203 255
    2 108 255 255 0 0 255 0 255 0 255 0 255 0 255 123 0 0 255 255 227 0
    0 255 0 255 255 0 55 0 255 0 0 255 255 0 134 255 0 255 107 0 255 4
    167 255 0 170 0 230 0 255 0 255 0 255 0 255 0 255 255 0 255 255 255
    255 0 173 0 0 255 209 255 0 0 141 255 255 18 255 255 0 255 8 0 0 255
    255 0 255 255 255 0 255 173 0 255 144 0 0 255 179 0 255 0 0 255 255
    0 0 0 0 255 255 255 255 0 0 255 255 0 0 117 236 0 255 255 0 0 47 255
    255 0 255 0 255 255 0 255 255 226 0 126 56 255 255 230 0 0 0 0 17
    255 255 255 255 0 0 8 133 255 0 255 0 255 255 255 0 0 255 255 0 255
    255 0 255 208 144 255 0 35 255 255 0 0 255 0 0 255 104 255 255 49 0
    1 255 0 0 255 32 0 129 255 255 0 255 0 255 255 255 255 0 250 255 255
    0 0 0 255 0 247 255 0 0 255 0 255 0 255 0 255 42 255 115 255 255 113
    0 255 0 174 255 83 193 255 0 255 0 255 0 255 255 0 0 39 255 255 100
    255 0 182 255 27 255 255 255 0 255 255 255 0 182 255 0 0 0 255 0 159
    0 0 255 0 255 255 0 0 150 255 0 0 255 0 0 255 255 0 255 0 0 255 127
    0 255 255 0 255 0 101 0 255 255 255 0 191 255 0 70 0 0 0 174 126 0
    255 96 105 0 255 0 255 255 255 0 138 76 255 51 0 255 0 255 0 255 255
    0 0 255 125 255 255 0 0 255 255 255 237 209 142 0 255 242 0 0 255
    255 255 60 255 0 255 0 0 255 33 255 255 255 0 255 0 0 0 0 0 255 0
    255 0 224 85 0 16 255 255 254 19 255 0 0 0 206 255 6 255 255 255 149
    0 0 0 0 255 0 255 0 255 255 0 255 255 255 0 55 0 148 0 182 150 0 255
    0 190 255 14 0 255 0 0 255 0 243 31 255 0 70 255 0 0 255 255 123 0
    255 0 136 255 255 0 0 255 0 59 255 0 0 255 0 0 0 0 255 255 72 255 0
    0 0 255 195 0 255 72 255 79 0 255 0 0 255 255 0 255 255 0 255 255
    255 0 30 42 0 0 255 0 255 255 0 91 255 255 0 57 148 255 255 255 0 0
    51 0 255 255 0 115 0 255 0 255 255 208 232 255 70 255 255 255 0 255
    255 255 43 255 0 0 255 0 255 255 0 114 0 255 167 0 255 0 0 255 255 0
    255 0 255 0 125 255 255 0 167 112 255 246 0 255 154 255 137 255 255
    0 0 0 255 157 32 0 255 255 0 255 255 0 0 0 255 0 0 0 0 143 255 0 255
    0 255 0 0 255 255 0 77 0 255 255 0 255 255 255 255 0 192 255 90 255
    0 0 188 0 0 144 0 0 255 0 0 255 0 0 255 255 0 0 184 0 255 255 255
    255 0 166 255 0 0 255 0 255 0 0 255 255 255 0 255 0 129 0 255 135
    255 0 255 252 0 255 0 0 255 0 255 255 0 255 255 84 255 0 124 255 255
    0 255 11 255 40 168 255 255 255 63 0 0 255 255 188 202 67 0 255 0
    255 82 0 0 255 255 255 255 0 0 246 255 0 255 255 0 0 255 0 255 154 0
    0 239 58 0 0 103 255 0 240 255 0 255 255 232 0 255 0 255 110 226 255
    255 0 37 255 0 255 0 0 0 129 255 0 0 91 0 0 255 0 255 255 0 255 255
    0 195 0 0 169 0 109 255 249 64 255 0 0 255 0 32 0 255 255 0 0 255 0
    43 0 186 255 176 255 0 255 255 0 255 255 0 255 202 255 0 125 137 255
    255 0 0 255 0 0 61 0 220 0 255 169 0 0 255 0 255 255 255 0 9 255 0 0
    230 216 255 255 0 91 0 0 0 255 255 255 255 0 0 0 255 37 0 0 255 255
    0 0 255 255 0 255 255 0 0 0 255 255 0 0 255 255 255 255 255 220 0 70
    179 177 255 255 245 255 63 255 76 160 255 255 0 255 255 0 0 0 75 49
    255 255 0 255 255 0 255 146 0 0 0 116 255 0 255 0 255 0 255 2 0 0
    255 0 255 244 255 255 0 0 237 0 255 0 0 0 255 255 0 255 73 214 0 156
    255 0 0 205 255 32 0 255 0 255 255 0 0 228 255 0 255 8 0 255 0 175 0
    255 99 156 0 255 0 255 0 255 255 0 255 0 255 0 255 0 255 0 0 255 255
    0 0 0 0 0 255 173 240 12 0 255 0 0 4 0 255 0 255 0 255 255 255 1 0
    255 0 255 0 0 173 255 209 170 242 255 0 255 255 255 255 0 255 255 0
    0 255 0 0 255 39 0 0 255 0 255 255 192 255 163 255 0 255 201 0 28
    255 0 166 0 255 0 255 89 70 0 255 255 255 0 0 87 255 0 255 255 0 255
    0 0 255 0 255 255 255 124 255 147 223 255 0 0 255 255 198 0 255 0 0
    255 255 255 0 255 0 206 255 0 255 138 0 255 255 106 0 255 233 0 151
    0 255 255 0 0 255 0 207 0 255 255 0 15 0 255 0 0 255 255 0 0 0 255
    188 0 0 0 255 0 0 0 255 0 0 255 255 50 0 255 0 0 255 165 0 255 0 255
    255 0 255 223 187 241 255 0 255 255 0 24 0 0 255 73 0 0 0 0 0 249
    208 75 0 255 255 0 255 255 60 0 209 0 0 238 228 47 255 208 255 0 255
    0 255 0 0 255 255 255 23 255 0 113 57 0 255 0 181 0 79 0 255 11 0
    104 189 0 0 255 0 255 0 255 0 255 0 255 0 0 0 255 0 255 255 0 0 255
    255 233 0 255 9 255 0 255 174 239 0 255 0 0 255 255 55 255 255 0 0
    255 16 64 0 0 255 0 0 255 37 31 0 255 0 0 0 0 112 0 202 255 255 255
    18 191 65 0 0 255 0 255 0 255 0 255 181 143 150 251 255 0 255 255 69
    255 255 0 0 0 0 0 25 38 0 255 18 0 255 0 255 0 0 0 255 0 0 0 255 198
    121 0 199 255 0 0 255 0 255 118 0 0 0 0 0 255 0 255 0 0 0 123 0 91
    255 0 255 0 255 222 0 255 0 0 255 255 0 0 0 255 0 107 255 255 0 0
    255 255 255 255 255 112 255 40 0 82 255 255 76 255 255 0 98 188 0 0
    190 0 255 0 0 255 111 255 51 103 0 179 0 19 0 0 0 255 184 255 255 0
    155 0 255 0 0 255 255 255 246 6 255 255 255 74 255 255 0 255 255 0
    61 255 0 255 255 255 0 255 0 255 0 255 0 214 0 0 0 255 0 88 255 0
    242 255 0 255 0 0 255 0 255 255 132 255 255 13 0 255 0 255 255 0 0
    255 0 216 0 255 255 0 255 0 255 0 0 0 255 255 17 0 255 31 255 105
    255 0 0 255 255 0 0 255 172 255 0 2 255 0 255 187 255 208 255 0 0 0
    255 0 0 3 255 0 255 38 255 0 255 0 255 0 0 255 98 0 255 0 255 0 255
    0 255 0 255 85 255 255 0 255 76 255 183 0 0 255 0 2 58 255 0 255 55
    121 255 0 255 0 61 0 255 255 218 255 245 0 133 255 0 218 255 0 0 77
    193 255 0 255 0 0 255 255 255 255 255 0 255 0 226 255 255 255 255 0
    255 255 0 71 0 255 0 255 255 255 255 0 12 255 2 0 255 255 0 0 0 255
    0 0 0 147 255 255 0 255 72 0 255 0 255 23 255 151 0 148 255 255 98
    255 66 255 0 192 255 255 0 255 255 192 56 169 0 0 255 0 0 7 0 31 0 0
    252 255 255 173 255 190 0 255 0 255 0 0 0 26 255 99 0 0 0 255 104
    211 0 76 0 0 255 0 255 0 255 0 255 0 255 78 226 255 0 255 24 255 0
    255 162 85 0 0 255 174 255 0 0 255 23 0 255 0 0 0 255 255 133 255
    255 255 0 2 255 0 0 255 0 255 197 255 0 255 0 255 40 0 255 0 255 0
    255 255 0 255 255 0 255 0 90 255 0 0 255 0 255 255 92 255 0 255 0
    255 79 44 0 0 0 255 0 255 0 255 0 0 0 163 0 108 255 255 0 0 255 255
    0 0 255 0 0 0 255 255 0 247 0 7 136 255 0 255 255 0 255 0 0 255 0
    255 97 255 0 0 255 0 160 255 0 255 255 0 0 0 255 0 15 187 178 0 255
    255 0 0 251 0 255 0 255 0 255 0 0 255 0 255 0 204 255 255 78 255 0
    255 0 255 0 255 250 0 255 0 0 255 0 255 0 255 255 255 251 0 0 255
    221 0 0 55 255 38 255 0 0 0 255 0 0 255 0 0 255 255 38 0 112 255 255
    0 0 255 255 155 0 0 141 0 255 255 255 255 97 255 0 0 155 255 0 255
    255 255 134 0 0 0 255 255 0 0 255 255 255 181 255 0 52 255 106 255
    255 255 0 255 0 255 0 255 0 0 255 0 255 0 136 0 255 0 0 255 0 255 63
    26 0 247 255 17 0 0 255 0 161 51 0 255 255 255 0 0 0 169 0 255 255 0
    223 0 0 255 255 255 0 0 0 255 243 18 69 0 255 0 255 0 255 0 255 0
    255 255 0 0 255 188 255 0 255 255 225 109 161 0 193 255 0 255 255
    255 255 0 107 255 163 0 255 0 51 255 255 255 162 0 0 0 255 0 255 0 0
    255 0 79 255 0 113 0 255 255 0 255 0 0 255 255 0 142 255 0 255 140
    82 255 0 0 255 255 82 255 70 0 0 72 255 0 255 0 255 255 255 255 255
    255 0 255 0 0 82 0 192 255 255 43 255 0 0 255 255 0 0 0 255 0 0 241
    255 0 255 0 0 0 255 0 255 86 160 0 255 0 91 255 0 0 255 0 255 0 0
    255 0 255 255 0 255 97 1 255 255 74 0 28 255 255 255 0 255 23 255
    255 0 255 255 242 0 255 0 0 255 0 0 255 0 255 222 0 255 0 0 255 0 0
    255 56 115 255 0 255 0 0 255 255 0 255 255 0 255 0 0 255 255 207 255
    151 56 255 0 255 0 0 210 0 255 206 0 255 230 0 160 255 255 0 0 0 255
    0 253 255 255 255 255 0 255 0 255 0 0 0 255 0 32 255 0 255 0 255 255
    0 255 0 255 11 0 203 255 255 0 243 255 155 0 255 0 0 3 0 255 255 250
    0 255 0 255 255 7 0 0 255 0 255 9 255 27 255 0 255 0 20 255 255 255
    3 255 0 255 0 255 0 255 0 86 0 0 0 255 0 255 0 255 0 0 255 255 0 255
    0 20 111 255 0 0 234 1 0 255 0 255 0 36 255 0 255 0 0 0 255 255 0 0
    255 63 149 0 255 146 0 0 0 74 0 96 174 191 255 0 15 86 63 83 72 0
    228 255 0 173 255 241 255 255 15 154 255 129 0 0 255 0 255 0 255 0
    110 255 255 255 0 255 255 99 0 0 255 183 255 255 0 0 255 56 139 0
    255 182 159 0 255 127 213 237 0 0 0 0 255 3 0 255 0 255 0 0 78 142
    126 0 0 255 0 255 0 0 255 0 255 171 0 229 0 0 255 255 255 0 0 73 255
    0 0 255 255 0 255 35 0 0 255 0 255 0 0 0 255 0 255 181 255 0 255 255
    0 255 255 0 113 5 255 0 49 255 0 0 0 255 136 0 255 255 0 0 0 38 255
    255 0 255 255 40 123 255 0 255 0 0 0 0 255 255 255 0 201 224 0 0 95
    0 255 255 0 255 151 255 0 255 0 236 0 0 255 255 0 255 121 33 0 128 0
    0 255 40 32 255 0 255 255 35 255 0 255 0 255 0 255 0 255 191 0 255
    255 0 255 0 0 78 74 255 255 56 94 0 255 255 0 0 255 203 255 255 0
    119 255 255 255 0 137 255 0 109 0 255 0 255 0 0 255 0 1 0 255 0 0
    122 208 255 0 255 0 255 0 255 0 0 114 0 0 255 69 255 0 40 142 255
    255 255 0 0 255 0 0 253 255 248 0 255 0 122 0 255 92 168 255 92 255
    255 255 0 255 0 255 0 0 255 0 255 0 255 0 0 255 0 0 255 255 0 255
    255 149 0 255 255 0 0 255 0 255 255 255 98 255 135 0 139 138 0 255 0
    255 255 255 255 0 255 255 0 255 255 0 0 0 255 255 230 0 255 255 0
    255 255 255 0 0 255 0 255 0 255 255 0 7 255 0 0 255 255 255 255 0
    255 192 255 0 0 255 9 61 0 127 0 255 255 0 255 255 0 0 255 255 255 0
    255 0 255 0 0 255 0 44 255 192 255 255 115 174 0 255 255 0 255 0 0
    255 0 113 0 0 0 255 0 255 155 255 255 156 255 255 0 255 0 0 255 0
    255 255 0 49 228 255 255 255 0 0 0 0 255 0 252 161 222 0 0 0 185 255
    0 239 0 255 255 0 0 0 255 0 255 0 9 255 0 0 255 0 255 0 0 0 255 163
    255 0 0 255 255 0 255 255 0 255 255 0 220 0 255 255 255 165 255 0 0
    0 0 113 98 255 255 0 43 0 255 255 255 255 255 255 0 255 255 255 0 0
    0 255 65 0 255 55 14 0 170 0 255 255 0 255 0 0 255 255 255 0 0 255
    255 0 173 0 255 255 0 0 255 78 0 255 0 255 56 0 0 0 0 0 0 255 0 38 0
    255 215 0 255 30 0 0 231 0 255 255 255 0 255 229 0 197 255 0 255 0
    63 0 255 255 0 0 255 255 0 0 255 0 255 0 223 180 0 0 0 255 255 0 255
    47 0 0 0 255 0 0 255 30 0 207 255 0 0 111 130 0 64 63 255 0 255 0 0
    0 255 0 255 0 166 0 0 255 150 255 0 255 237 4 255 0 255 255 0 255
    255 39 0 21 255 0 255 0 0 255 0 0 0 255 0 0 0 255 0 0 255 0 0 0 0
    145 255 255 0 0 0 255 0 0 255 0 179 0 0 0 0 163 255 255 0 0 255 0 0
    255 255 4 255 255 255 0 157 0 229 219 255 255 0 255 0 255 126 255 0
    255 0 255 0 255 0 255 255 0 0 0 255 0 0 255 0 0 41 0 255 255 194 255
    0 0 255 255 255 239 255 122 255 0 0 0 0 255 0 255 0 0 255 0 0 0 41
    255 0 0 255 0 255 255 0 254 255 0 138 255 0 255 0 0 255 0 34 255 255
    5 0 255 255 255 0 198 255 0 4 0 0 255 110 255 255 0 43 0 0 252 0 255
    255 255 255 0 99 24 255 255 0 0 0 0 255 255 0 0 0 0 0 255 72 0 0 255
    255 255 0 44 255 0 41 122 0 46 255 0 255 90 255 166 49 255 0 255 0 9
    0 255 0 255 0 0 255 0 255 255 0 255 255 255 255 0 14 255 194 119 0
    255 255 0 255 255 0 4 255 255 0 220 255 199 0 255 255 0 0 0 234 255
    29 255 0 186 0 255 255 0 0 255 255 2 0 255 255 255 255 0 255 255 0
    255 88 255 255 0 255 35 0 165 255 255 0 0 0 0 255 255 62 255 255 0 0
    255 0 255 0 255 0 0 255 0 255 0 0 255 0 0 0 0 0 0 255 119 193 81 255
    0 0 255 64 0 255 0 255 103 213 255 0 255 0 233 0 142 108 255 152 255
    0 255 168 0 0 255 255 255 0 227 0 255 0 255 0 0 0 0 255 133 255 152
    255 255 255 255 74 0 0 255 0 0 255 255 0 0 0 255 0 0 0 255 255 0 10
    255 0 255 0 223 255 0 255 0 255 0 57 0 255 0 0 0 255 255 55 0 216 0
    255 54 255 0 0 255 188 255 46 255 255 255 0 255 255 0 255 252 169 0
    0 255 0 0 0 255 255 0 255 0 121 53 0 255 255 0 255 0 255 255 0 0 40
    0 255 0 255 93 39 0 86 0 0 0 255 0 255 255 255 43 255 255 0 255 0 0
    242 0 255 0 255 0 99 255 255 225 255 0 255 0 0 255 0 255 0 255 255 0
    252 255 37 255 255 203 255 255 255 255 255 0 255 59 183 0 0 53 0 255
    0 228 168 0 255 63 0 0 255 0 15 0 213 0 224 165 0 255 0 80 255 0 255
    0 255 255 0 255 0 0 255 0 211 56 255 0 255 0 255 0 255 255 135 255 0
    0 255 169 255 106 255 0 255 255 0 255 136 255 0 50 60 0 60 0 0 255 0
    0 255 0 0 255 255 0 255 224 255 0 255 0 255 0 0 214 255 118 0 0 255
    0 255 255 0 33 0 255 255 0 0 255 0 255 0 0 0 28 0 255 255 0 0 255 0
    255 0 0 255 70 255 0 0 255 255 138 0 127 0 0 255 255 0 255 60 71 255
    255 0 18 0 255 157 255 0 255 255 0 255 0 117 255 0 255 0 255 0 255
    255 0 255 0 0 255 191 0 224 255 0 255 255 0 255 0 255 208 0 255 0
    255 0 255 25 0 0 255 0 255 0 44 255 255 17 0 0 255 255 0 255 255 74
    0 101 0 178 255 0 184 0 255 0 255 255 0 4 0 107 0 255 0 233 255 255
    0 255 0 0 16 255 28 255 106 255 0 247 0 255 0 95 255 255 0 7 0 255
    255 114 255 131 1 255 0 0 0 90 0 195 255 0 255 0 255 0 0 255 255 0
    255 255 255 255 0 0 255 255 255 255 229 255 0 0 255 0 90 0 255 255
    255 0 0 112 255 211 196 0 0 255 166 51 0 255 0 224 255 0 255 0 255
    255 255 0 255 255 0 255 0 113 255 0 255 255 0 255 0 255 0 0 255 0
    255 0 255 0 0 0 255 0 255 16 0 255 220 255 0 0 34 0 255 0 0 255 190
    0 255 0 177 255 0 255 0 199 255 0 255 255 255 255 0 255 0 137 255
    168 155 0 0 0 255 12 255 0 0 183 255 255 101 215 0 126 0 0 255 0 90
    0 255 255 255 91 31 255 0 255 255 0 255 255 0 237 255 255 0 255 0
    255 200 0 92 255 143 241 0 0 98 255 0 144 0 255 255 7 255 255 255
    255 255 255 155 255 74 0 255 255 0 255 107 235 255 0 255 255 255 0
    255 255 255 0 251 57 0 255 0 255 0 0 196 255 255 0 255 255 255 0 255
    255 237 0 255 120 0 255 0 0 255 59 0 0 0 255 0 255 255 0 255 255 0
    68 0 255 255 0 152 0 0 254 255 0 130 0 184 255 209 53 153 0 255 0 0
    60 0 255 255 255 0 0 255 0 255 0 255 0 252 0 40 0 0 255 255 0 255
    255 0 0 255 255 0 114 0 0 0 255 200 0 255 0 0 255 255 77 220 0 0 255
    0 127 120 44 255 0 255 255 0 0 0 7 255 255 255 0 206 255 190 255 119
    0 0 255 35 0 224 0 255 227 0 0 255 216 255 0 49 255 96 255 235 255
    129 0 255 0 255 0 255 255 0 255 0 255 0 255 0 91 0 224 0 0 255 0 0
    74 255 0 255 255 0 0 0 255 166 255 0 14 54 255 0 255 0 0 63 0 255
    255 0 255 0 255 228 255 0 88 0 255 0 255 255 0 255 0 255 1 255 0 14
    0 255 255 0 107 6 228 0 0 0 0 255 0 255 0 0 0 78 0 0 0 0 255 0 255
    255 0 184 255 0 255 0 33 0 255 0 255 0 0 0 0 255 249 255 0 152 0 0
    255 0 0 0 0 0 0 255 255 255 0 255 0 255 0 255 255 255 255 0 255 175
    6 0 49 0 94 255 0 0 0 0 255 0 255 0 255 249 255 18 197 0 255 255 47
    255 255 0 0 255 119 73 255 249 255 255 0 255 255 255 0 0 255 0 136
    255 255 255 255 79 255 0 0 255 0 255 0 255 100 255 238 212 255 255
    255 255 0 255 255 0 255 0 0 0 255 0 255 222 0 255 255 0 255 151 0
    255 228 232 255 255 255 0 0 210 255 255 0 0 0 255 0 255 255 85 255
    255 0 255 255 228 255 255 0 0 113 255 0 255 150 255 0 143 255 255 0
    255 255 0 129 27 0 255 85 255 0 55 255 255 255 255 255 0 255 255 92
    255 255 255 0 147 255 255 255 0 232 0 0 255 0 255 0 0 255 255 255
    255 0 255 0 255 0 255 0 255 0 255 0 0 255 255 0 255 0 0 255 255 0
    255 255 0 0 255 0 255 255 255 255 255 0 120 0 0 255 10 0 0 255 0 0
    255 47 255 0 0 0 255 255 57 0 255 255 255 233 255 0 255 0 255 243
    221 0 227 0 255 0 255 255 178 255 255 255 0 0 0 255 0 226 255 255
    255 0 0 6 0 0 18 0 0 255 0 54 255 0 0 255 0 0 0 255 0 115 0 255 0 0
    255 0 229 255 0 129 0 96 207 255 155 255 0 0 255 255 0 205 0 255 0
    255 255 255 255 0 0 0 0 0 214 255 199 0 119 189 255 0 0 0 255 0 0
    255 0 255 255 255 0 255 0 255 255 255 255 199 255 247 0 255 0 0 255
    0 0 255 255 0 255 0 165 255 0 27 255 0 11 255 0 255 0 0 0 154 0 159
    71 255 0 255 255 0 255 93 0 255 0 236 78 0 0 255 255 0 255 0 0 0 0
    254 0 255 0 255 0 255 141 228 119 34 255 0 255 0 255 0 0 255 0 137 0
    255 0 255 0 255 0 255 255 0 255 0 0 12 255 123 255 255 0 0 232 255 0
    0 0 255 0 0 0 255 0 0 255 0 255 171 0 255 0 0 255 0 255 241 0 0 0
    113 0 255 0 255 0 55 255 255 255 98 41 56 155 86 0 255 52 84 255 255
    0 0 255 255 0 0 104 255 0 255 255 255 255 85 255 255 161 0 255 0 255
    89 0 0 0 255 255 0 255 0 30 0 255 255 255 255 255 255 0 255 255 0 20
    0 255 0 255 37 255 255 255 0 255 0 255 0 255 39 255 0 231 255 255 69
    0 248 0 172 0 0 255 0 219 8 0 77 255 0 255 52 45 0 255 255 137 255
    243 255 255 242 0 255 210 255 0 255 0 255 0 64 255 0 255 0 0 0 0 43
    255 0 0 43 255 0 0 255 0 255 18 255 0 255 0 255 0 0 0 255 255 255
    255 13 134 166 255 127 213 0 255 0 152 0 255 0 165 131 0 255 0 255 0
    255 255 255 0 126 161 255 0 255 0 255 249 0 40 0 255 0 70 255 0 0 0
    237 255 6 45 255 230 255 0 0 255 0 255 0 255 0 0 255 255 218 0 0 255
    0 211 171 157 255 255 0 168 255 56 0 255 121 156 44 0 0 255 0 255
    255 0 255 0 255 0 255 0 255 0 0 255 75 0 255 0 0 0 0 246 0 255 0 255
    0 85 255 0 0 0 255 0 125 79 255 255 104 97 255 143 0 191 255 0 69
    255 0 0 191 241 255 255 0 135 93 255 255 0 255 0 0 255 255 0 255 20
    0 0 0 84 255 0 0 0 255 0 0 60 0 255 64 8 0 255 0 255 0 197 255 0 255
    0 255 144 0 255 255 0 255 0 255 0 255 0 0 255 0 255 0 255 43 255 60
    255 218 255 255 129 236 149 255 0 255 0 0 134 255 206 0 26 0 132 255
    0 255 255 246 0 255 60 69 162 0 255 255 0 93 255 0 255 0 0 255 0 242
    245 0 84 255 0 0 0 255 64 0 213 255 255 0 0 0 0 255 0 255 0 212 255
    0 255 0 239 0 255 0 0 255 0 9 255 0 255 255 0 0 160 255 0 255 0 0
    255 0 255 255 0 255 0 255 143 188 149 0 163 255 199 51 255 23 255
    255 0 255 0 199 0 255 0 255 111 232 81 255 255 0 255 255 0 0 0 255
    255 0 241 0 255 255 0 255 255 0 0 255 255 0 0 0 0 255 101 255 0 0
    255 0 255 115 36 0 0 255 255 232 151 160 0 0 255 0 32 255 0 255 255
    0 244 255 0 0 255 255 255 0 255 0 0 0 255 78 0 255 0 255 255 65 0
    255 255 0 255 0 111 0 255 0 255 85 154 255 0 0 255 255 255 255 0 255
    0 255 255 0 255 0 255 52 255 0 255 255 0 255 0 255 153 214 255 0 37
    255 0 255 0 255 0 0 203 244 255 0 32 0 255 255 255 0 255 255 0 255
    255 0 0 47 0 23 127 0 99 255 0 255 0 115 255 0 255 255 255 0 255 255
    0 0 255 0 0 255 0 255 0 0 255 0 0 255 0 255 0 0 30 0 255 0 255 255 0
    149 40 0 0 0 255 255 0 0 255 0 255 0 255 0 0 241 0 255 255 255 0 0 0
    255 255 0 0 255 48 138 255 192 255 255 0 0 255 206 255 0 255 255 0
    255 0 255 62 0 255 255 71 0 0 255 0 0 0 82 255 44 0 171 113 255 172
    255 77 0 34 0 74 246 0 202 255 255 255 255 255 13 0 255 116 83 255 0
    255 0 142 255 240 0 78 21 255 0 255 0 64 0 255 172 0 31 255 0 255 0
    255 0 255 0 255 255 137 255 255 0 255 255 0 0 255 255 149 255 39 255
    0 255 0 255 237 255 255 209 255 0 255 0 255 0 255 172 0 0 237 150
    255 0 255 255 0 93 255 255 255 0 255 255 255 0 255 0 255 35 255 0
    255 255 126 255 135 255 0 255 0 255 1 255 255 0 0 0 255 46 255 0 118
    0 0 174 255 0 0 255 0 255 255 255 0 81 255 5 255 255 0 255 0 255 0
    65 255 255 0 255 0 0 159 126 0 255 0 0 255 0 0 255 255 62 255 140 0
    255 255 251 255 102 112 28 0 115 0 134 0 0 255 255 255 255 84 0 255
    0 255 198 96 255 33 0 164 119 0 237 86 0 255 255 0 255 0 255 0 22 15
    255 255 246 255 255 0 255 158 132 0 0 255 0 207 0 255 255 0 254 255
    0 236 0 255 0 255 0 255 255 0 255 255 0 255 0 0 255 162 0 255 0 0
    190 255 255 255 255 0 88 255 255 0 45 255 255 11 0 255 0 0 255 19 0
    0 255 235 0 0 0 255 0 255 255 0 171 0 255 0 255 0 255 255 0 255 94
    255 0 69 0 255 255 158 0 255 0 0 255 0 0 255 255 255 255 0 255 219 0
    0 255 255 255 255 0 97 255 0 0 0 255 0 0 255 0 255 140 255 142 255
    94 0 254 255 0 0 0 255 0 51 135 0 84 255 0 255 255 0 0 255 255 0 255
    0 0 0 182 0 0 0 0 0 255 0 195 255 0 107 255 0 255 28 255 255 202 0
    255 0 0 255 0 144 0 255 255 118 255 125 0 0 255 255 0 255 255 102
    255 255 224 255 0 255 255 106 0 30 255 0 255 255 0 169 25 0 0 255 18
    0 0 0 255 255 255 0 0 255 255 0 121 255 0 96 0 203 255 0 255 0 233 0
    255 131 255 0 0 255 255 255 40 0 255 19 255 255 0 255 0 0 169 0 9 0
    0 0 82 255 72 255 0 255 41 0 0 0 239 255 0 106 107 0 255 0 255 0 255
    0 248 255 0 255 246 29 0 255 255 255 255 61 41 255 0 0 0 0 255 255
    180 52 0 94 0 0 0 255 255 103 0 255 0 0 255 255 0 255 35 255 255 255
    96 0 0 255 255 0 0 255 0 0 0 0 255 0 255 0 0 91 0 0 0 0 255 0 255 0
    255 0 100 255 75 0 244 255 248 93 0 198 255 0 0 0 75 255 0 255 0 255
    0 255 0 255 255 0 255 0 0 255 255 0 255 255 255 42 0 255 255 0 255
    39 255 0 174 0 25 74 0 0 43 0 0 110 0 255 0 255 0 188 176 99 0 0 255
    255 152 255 255 255 100 255 0 106 122 255 0 119 37 255 238 0 113 117
    0 255 0 0 71 255 0 189 150 255 0 122 255 0 0 255 0 255 17 106 255 0
    255 255 0 145 255 255 0 0 255 0 255 28 0 0 0 255 0 255 0 99 255 23
    255 0 194 255 255 83 71 255 29 255 255 255 255 123 255 255 0 255 0
    219 255 0 51 0 255 0 166 0 120 160 0 255 0 255 0 255 255 255 0 255
    30 255 0 255 0 255 255 90 0 0 255 0 255 0 255 255 0 255 9 0 0 0 101
    0 237 253 201 0 255 0 255 136 201 0 255 30 255 10 0 0 255 63 0 52 0
    255 0 173 255 0 0 64 255 84 121 0 220 255 0 255 0 255 255 0 0 0 255
    0 255 255 255 0 0 255 0 255 196 0 255 0 255 11 0 255 0 255 0 255 0 0
    0 255 0 108 0 255 255 0 0 255 255 165 255 0 255 0 255 0 255 0 80 178
    0 0 70 255 255 105 255 162 0 0 31 255 191 255 0 255 255 255 188 0 69
    255 0 255 255 0 255 115 255 239 0 138 128 255 255 255 255 137 0 255
    51 255 0 0 255 5 0 255 151 0 0 202 0 0 255 0 208 255 255 213 255 0 6
    0 255 255 0 255 255 0 255 255 255 0 255 0 255 0 255 163 0 0 0 0 0
    255 0 255 255 189 199 255 0 255 255 255 255 0 101 208 0 255 34 70 0
    51 255 60 0 0 0 0 135 255 0 255 221 255 0 150 251 255 0 255 0 255
    255 90 255 20 0 0 87 255 0 231 0 255 255 0 255 0 255 0 255 255 0 0
    255 160 0 0 0 255 0 136 183 255 0 0 255 0 0 255 255 0 255 220 171 0
    0 0 255 0 255 0 255 0 85 255 0 255 163 255 255 0 255 255 61 0 255 0
    77 0 255 0 11 24 255 0 255 0 255 0 255 0 255 214 255 255 0 62 164 0
    0 255 255 255 0 255 255 255 0 255 70 255 0 248 255 255 161 0 255 255
    0 255 255 255 0 0 255 0 147 21 99 86 0 0 61 255 29 0 255 255 0 0 255
    255 0 255 0 255 255 0 145 130 255 0 98 0 255 255 0 111 255 0 255 234
    0 177 0 255 0 202 76 0 255 79 255 0 255 0 255 81 255 0 4 255 255 0 0
    255 0 0 255 255 101 201 46 255 255 235 0 255 0 0 0 255 0 0 255 0 0
    255 117 143 0 0 82 0 255 64 0 255 0 255 0 0 255 0 255 0 83 0 0 0 255
    0 151 255 0 0 0 242 0 74 255 255 190 255 0 255 0 255 0 255 255 0 0
    255 0 105 0 0 255 145 255 255 0 61 87 0 0 65 216 0 255 0 0 255 0 255
    0 0 0 204 0 255 0 0 0 255 0 255 0 255 0 255 0 0 140 0 255 255 48 255
    0 37 255 0 255 182 0 255 255 255 255 0 0 255 255 0 255 45 155 255 0
    0 0 0 0 255 0 255 255 0 67 0 0 0 255 255 233 255 0 0 0 255 0 255 0
    255 255 0 207 0 255 0 255 152 0 255 60 0 255 125 0 255 0 64 255 255
    0 255 0 255 0 255 0 0 181 0 126 0 0 255 9 255 44 0 0 255 255 255 255
    0 255 0 0 0 255 4 255 255 255 0 255 0 0 67 0 255 0 255 0 255 0 122 3
    21 0 255 239 0 255 255 0 255 0 0 255 0 255 208 0 255 0 255 0 255 0
    255 0 0 0 183 0 0 34 255 9 0 0 255 0 0 255 79 255 0 255 0 125 255
    255 0 255 0 255 0 0 0 255 0 222 255 0 0 255 0 255 0 255 0 82 255 0
    255 255 125 255 0 255 0 255 229 255 0 255 136 61 0 0 227 238 41 255
    0 0 0 255 255 0 45 255 0 255 34 255 255 202 0 255 0 255 0 255 0 0
    255 255 0 226 255 255 255 255 155 120 105 255 0 255 0 255 0 255 0
    255 227 255 0 255 0 255 0 0 255 219 13 0 0 0 86 213 255 0 178 0 0
    224 0 0 255 0 0 0 255 0 255 248 0 255 0 255 255 255 0 255 69 255 252
    0 255 0 255 255 0 228 93 0 255 255 0 255 0 255 255 0 255 0 255 0 255
    255 0 0 0 255 0 255 0 255 0 0 36 0 56 255 255 255 0 0 255 0 31 0 255
    255 255 255 0 0 0 81 255 0 0 0 255 0 255 0 0 255 255 133 233 0 0 185
    0 255 0 255 0 0 157 186 0 255 0 111 255 255 255 142 0 255 255 0 237
    255 29 0 204 0 255 0 0 174 255 255 68 0 224 131 193 18 255 0 255 0
    251 164 0 255 0 211 255 42 255 160 0 74 255 0 255 0 0 16 34 255 255
    255 255 0 113 255 0 26 37 0 255 0 0 0 14 127 0 255 0 255 255 0 0 45
    255 255 99 0 0 0 255 0 0 255 255 255 0 255 0 255 0 0 255 255 255 0
    171 0 255 0 218 0 255 0 0 0 161 255 22 0 255 255 0 255 51 255 0 0
    255 0 255 2 0 0 255 0 255 0 195 156 124 123 97 255 0 0 0 103 255 255
    255 0 255 170 0 255 87 8 255 45 168 255 0 174 255 255 96 255 1 0 255
    0 234 255 0 0 0 0 0 255 255 125 135 0 255 0 255 255 0 255 76 51 0
    237 255 123 255 0 255 255 0 47 255 58 0 255 255 0 255 50 48 0 255
    231 70 255 0 255 255 255 247 0 0 30 51 6 255 0 0 255 0 0 0 255 255
    255 92 255 255 0 255 255 126 0 27 255 0 255 0 255 0 255 255 0 255 0
    168 9 255 0 255 255 0 0 255 255 0 234 0 255 230 0 255 0 255 0 255 63
    0 160 0 255 0 117 255 0 255 255 0 62 120 255 0 255 0 255 0 39 238 0
    244 255 52 106 0 255 0 0 255 255 0 0 255 0 255 255 0 84 0 61 47 235
    184 0 255 88 82 0 229 255 255 255 101 0 0 255 178 255 255 84 0 0 255
    163 255 255 129 0 255 0 0 255 255 255 255 0 75 255 0 77 0 255 178
    115 0 0 253 255 188 188 255 255 255 0 255 255 0 255 255 0 255 255 20
    255 0 255 0 255 255 255 0 43 0 255 0 255 0 0 0 255 255 211 255 125
    161 255 0 255 255 0 255 255 255 78 51 0 255 74 0 0 255 174 255 0 0
    255 255 0 0 0 255 255 0 255 0 0 94 255 0 0 0 255 0 255 0 0 0 0 0 255
    0 0 0 255 102 0 0 255 0 255 0 255 0 0 255 0 255 0 255 0 255 0 255 0
    238 251 255 0 0 255 0 20 0 255 214 188 255 255 0 0 0 0 255 0 255 0
    153 171 0 0 0 255 0 0 255 0 255 0 0 0 124 0 255 9 0 131 255 0 255 0
    255 0 0 206 255 154 255 159 255 255 0 255 0 0 0 255 255 255 47 183
    184 255 54 0 255 255 95 255 0 255 72 0 255 11 255 0 212 255 0 0 0
    255 255 90 0 255 0 0 90 0 0 116 255 255 0 255 112 0 255 227 205 255
    84 255 0 182 0 0 255 255 255 0 255 0 0 5 255 0 26 255 255 35 0 255
    255 255 255 0 255 0 0 255 205 175 0 19 255 0 255 255 255 0 255 0 0 0
    253 182 255 255 0 209 174 0 0 255 0 0 255 0 255 204 0 0 0 0 196 255
    255 0 255 0 255 241 214 255 0 255 0 0 255 255 0 0 0 255 12 254 0 0
    255 255 47 0 255 255 0 0 53 0 0 255 0 0 255 255 0 0 255 255 248 255
    0 255 0 255 255 0 255 0 255 255 255 223 0 0 136 255 215 0 168 63 0
    35 255 142 0 255 0 255 0 0 255 171 0 255 0 255 0 255 0 215 0 255 90
    0 255 255 0 255 0 255 0 0 0 0 255 0 0 24 255 0 255 0 0 255 0 255 255
    0 0 255 0 255 255 13 0 0 0 191 0 0 0 0 255 255 0 255 255 0 0 0 255 0
    0 0 255 0 255 255 247 26 255 0 255 255 212 0 255 81 5 255 0 127 0 81
    255 0 255 143 0 255 255 0 140 255 255 172 0 0 255 0 255 255 255 255
    0 255 255 0 255 49 0 255 0 0 255 0 255 0 119 109 0 255 0 0 255 112
    154 0 255 255 0 255 79 31 0 255 0 255 0 255 228 255 0 255 255 0 255
    255 255 255 0 255 255 240 255 0 255 0 255 0 0 0 0 0 0 255 131 200 0
    255 0 11 19 255 0 52 0 0 224 0 255 0 0 255 0 255 0 0 0 0 145 177 0
    255 255 0 255 255 129 0 255 0 20 243 0 255 0 116 255 0 255 255 0 0
    255 255 255 255 0 255 255 255 0 0 236 0 255 255 255 0 0 255 0 0 255
    255 0 0 4 255 255 0 255 0 0 0 255 0 0 0 255 0 255 255 255 255 151
    163 255 255 44 0 0 0 209 255 255 255 0 123 123 0 255 0 255 0 59 255
    255 255 0 255 214 243 205 19 240 0 255 0 0 0 0 255 0 255 0 0 0 255
    255 0 100 255 0 0 0 255 0 0 255 0 159 255 107 255 0 255 0 255 0 255
    255 0 255 0 179 255 255 0 255 0 255 192 255 0 255 255 0 169 0 0 2
    238 0 232 0 255 0 0 255 0 0 255 0 19 118 23 143 0 0 167 0 255 0 92
    255 0 41 255 0 255 0 126 0 0 255 55 255 255 0 0 0 0 255 0 255 0 255
    255 255 0 255 105 231 255 0 6 255 231 210 0 255 11 0 0 0 255 0 56 22
    0 0 201 255 0 255 255 255 0 255 0 0 135 255 226 255 0 255 0 255 255
    0 255 255 255 0 255 255 0 255 0 255 0 255 255 142 255 52 255 56 0 0
    255 0 255 19 255 0 255 255 255 0 0 255 255 0 123 255 255 197 33 0 84
    255 255 0 255 255 255 0 255 255 0 255 0 255 212 107 37 0 255 84 0
    255 0 255 0 0 190 255 0 255 255 0 159 0 255 255 0 60 0 51 0 255 0
    255 242 255 255 0 0 0 0 102 255 56 255 0 160 0 38 255 164 0 96 255
    60 0 255 255 0 244 50 225 255 224 165 0 255 0 125 0 255 255 255 255
    0 255 0 0 0 255 0 0 255 255 0 255 0 38 255 0 255 255 255 255 0 197
    255 44 255 0 0 255 0 255 0 255 0 0 255 0 255 255 0 0 203 0 255 255 0
    255 0 255 255 0 0 255 0 255 171 0 255 0 0 255 216 0 255 255 255 0 0
    239 148 255 237 19 49 255 255 0 255 0 0 0 255 0 255 0 255 0 63 67 0
    255 255 0 255 109 0 255 255 192 0 255 220 0 0 255 0 255 0 255 0 244
    255 0 0 0 255 0 215 59 75 255 255 255 0 144 0 0 0 0 0 255 0 0 0 0 0
    255 0 255 0 207 255 255 37 191 0 0 255 0 255 51 255 6 255 0 0 255 0
    255 255 0 255 172 255 0 255 255 33 0 0 0 0 255 0 0 255 196 255 0 0
    255 0 0 0 243 255 165 0 255 0 255 0 216 255 255 255 162 255 0 0 255
    0 0 255 75 10 255 0 107 255 0 0 255 0 255 255 0 0 255 255 113 255
    255 0 255 0 255 178 12 189 0 255 71 255 0 40 164 0 255 0 0 0 255 255
    0 0 182 63 255 255 0 255 255 0 255 0 255 255 0 255 2 255 0 255 0 29
    0 255 0 255 44 255 0 134 209 0 8 55 0 255 201 76 0 255 255 0 255 255
    0 255 255 0 255 0 0 200 180 0 231 0 255 0 174 255 0 240 99 0 0 255 0
    0 44 255 0 255 0 196 255 0 255 110 0 255 255 255 255 0 0 255 0 38
    255 0 255 0 255 0 255 62 255 255 252 0 54 238 28 0 149 255 255 255
    255 0 32 0 0 255 171 0 0 255 227 255 0 255 0 0 255 255 255 104 0 255
    0 0 0 0 238 255 0 255 255 255 209 255 255 0 0 255 0 255 0 255 0 0 10
    186 0 0 255 0 0 75 255 0 255 0 0 0 255 255 255 0 223 0 255 77 255
    255 0 97 255 0 255 0 255 255 255 0 254 0 255 0 255 0 255 0 255 255
    255 0 255 0 255 125 9 72 255 255 0 255 0 0 255 255 0 90 255 246 255
    0 201 0 255 0 255 236 0 53 166 0 255 63 255 0 255 72 0 0 228 0 228
    255 255 252 255 22 0 0 255 255 0 255 0 48 81 255 255 255 0 0 124 255
    0 0 255 0 0 255 0 255 0 0 255 58 255 221 0 0 255 0 0 35 255 255 0
    255 0 255 34 110 255 255 17 0 255 255 221 57 0 255 1 255 255 0 255 0
    255 193 185 255 255 0 189 0 0 117 255 0 25 220 255 255 255 0 255 191
    0 0 255 0 255 255 0 255 255 0 255 0 255 0 255 255 164 0 220 255 11
    255 129 0 0 232 0 156 255 0 69 114 255 255 255 61 251 0 0 116 0 255
    255 31 99 0 255 255 255 0 255 0 255 0 255 255 0 0 0 255 255 0 139
    255 221 255 255 0 255 0 0 0 0 255 0 255 0 97 255 0 168 0 255 255 208
    0 255 0 118 0 255 255 0 0 0 158 255 0 255 255 0 47 255 255 0 102 123
    202 0 0 254 255 0 255 0 179 0 255 236 255 190 0 255 0 98 255 0 255
    238 255 79 0 0 255 0 0 255 192 255 239 255 0 255 255 0 173 255 214 0
    255 0 255 0 43 0 236 255 255 255 0 255 0 0 169 127 255 0 255 0 255 0
    0 0 255 0 255 0 255 0 0 53 255 0 255 0 255 255 0 255 255 0 255 255
    255 0 255 255 0 255 239 0 255 0 255 0 0 180 126 16 255 255 255 0 16
    255 0 255 255 74 255 51 0 255 255 0 255 0 255 0 15 0 0 255 221 255
    41 255 0 227 255 0 255 0 255 251 255 227 248 255 255 0 255 0 255 0
    147 0 255 65 0 255 255 0 0 255 255 255 224 255 181 255 0 25 255 85
    170 255 0 255 0 161 0 30 255 0 0 0 0 0 127 0 0 255 0 255 0 255 0 208
    255 0 255 0 255 0 172 255 0 221 0 255 0 255 0 0 107 0 241 0 119 255
    0 245 255 104 255 0 255 0 0 255 255 0 0 218 255 255 255 221 255 0
    255 134 0 0 255 255 0 255 0 255 255 81 0 0 0 0 255 0 115 129 254 0
    255 255 0 171 216 255 0 255 109 0 0 255 200 255 0 0 255 0 255 0 255
    0 0 255 255 255 255 0 213 0 255 0 255 184 0 0 0 255 0 0 255 115 255
    255 0 104 0 0 255 0 199 255 0 0 255 0 255 0 255 0 0 239 145 255 255
    255 0 0 217 255 255 0 255 0 32 0 255 0 85 32 0 255 0 255 211 128 0
    255 167 0 255 255 0 63 255 0 255 255 255 0 255 0 0 0 255 0 255 0 255
    0 0 222 4 0 0 255 0 0 0 156 0 255 0 255 0 7 0 255 255 255 126 18 248
    61 173 151 0 255 0 0 108 0 165 255 29 255 105 255 0 255 0 255 0 0
    238 132 255 0 0 255 0 255 60 147 255 255 0 120 255 0 255 255 0 255 0
    0 255 255 0 255 0 0 0 255 255 0 255 214 0 255 255 0 255 0 0 255 0
    255 72 255 0 0 255 0 115 255 0 255 0 255 255 0 255 0 0 0 0 0 0 0 184
    255 255 146 0 0 255 255 0 255 255 0 0 0 0 0 255 0 255 255 0 255 255
    0 255 0 255 255 0 255 255 213 255 147 255 245 142 0 219 255 0 255
    255 0 255 149 0 255 0 255 255 0 0 255 0 43 0 156 255 4 255 113 255 0
    255 255 0 0 0 0 255 0 255 0 78 207 255 105 183 0 255 228 0 255 0 255
    255 255 255 255 0 255 0 0 0 255 234 105 0 255 136 0 255 81 179 136 0
    255 0 0 0 239 0 255 0 0 255 255 255 194 0 132 0 0 154 0 255 0 255 0
    0 255 0 0 255 0 18 0 255 255 107 0 0 255 16 0 255 255 0 255 0 0 0
    255 255 0 255 0 255 145 56 0 247 0 255 0 255 255 255 255 0 255 0 255
    255 22 255 255 0 0 255 0 0 0 255 52 0 255 0 0 168 0 0 255 255 0 0
    255 0 194 0 255 235 0 0 0 0 255 224 0 223 255 255 0 216 73 255 200
    255 7 178 255 250 0 24 255 0 255 0 0 255 0 255 203 148 0 255 225 255
    0 0 53 255 0 108 0 0 255 0 255 237 255 255 0 255 255 0 255 0 0 0 255
    0 0 255 0 255 255 0 0 255 255 173 255 0 0 255 147 255 255 255 255 0
    105 58 237 0 0 0 0 0 74 0 0 255 7 255 0 255 104 34 255 248 64 250 0
    0 255 255 0 0 255 0 255 0 255 255 0 44 255 0 255 255 0 255 0 255 0
    255 255 0 0 148 177 102 255 141 255 0 255 0 255 0 0 121 0 255 7 255
    253 255 255 255 0 255 0 255 255 0 0 20 255 255 255 0 255 255 93 0 52
    229 193 0 89 0 0 0 0 255 255 255 91 0 0 255 147 255 0 255 0 0 189 0
    255 213 255 255 255 255 0 255 0 255 255 255 0 255 255 255 0 0 0 234
    255 0 0 154 255 255 0 255 0 166 0 255 0 255 0 255 255 0 0 255 255
    185 225 253 0 255 89 59 0 0 255 255 255 101 255 211 67 0 0 138 0 255
    255 0 0 255 0 255 255 0 255 0 146 255 0 0 87 255 186 0 0 255 0 180 0
    0 255 0 132 0 255 255 0 0 255 0 0 255 0 3 255 0 255 0 255 0 0 255
    151 255 0 255 255 0 0 0 255 0 255 255 61 0 0 255 255 0 0 0 255 0 255
    233 255 255 0 0 255 0 255 255 67 255 0 246 255 34 255 0 255 255 0 69
    255 0 0 162 95 78 73 0 34 0 176 243 0 0 255 146 255 255 21 0 255 0
    174 255 255 0 0 255 23 255 0 255 0 255 0 0 255 0 0 255 0 234 0 0 255
    0 0 126 0 0 209 255 0 255 255 255 255 0 255 0 255 255 0 0 255 0 255
    0 218 77 236 255 255 255 0 0 0 255 0 255 0 93 255 255 0 255 71 255
    202 0 255 0 0 0 0 255 254 0 255 0 255 255 0 184 255 45 0 0 0 0 255 0
    122 0 255 0 255 140 0 255 255 255 0 255 255 255 255 0 255 0 255 246
    0 100 255 0 255 0 255 162 217 255 255 0 156 255 0 255 0 255 0 124 0
    255 0 137 0 255 255 0 150 255 0 255 58 255 0 1 255 0 0 170 0 255 255
    0 255 159 29 0 255 0 0 255 255 0 0 255 164 255 255 0 0 255 255 0 189
    0 255 188 255 0 255 221 0 255 84 255 255 0 0 13 0 255 0 207 255 255
    192 0 0 255 0 255 105 255 0 0 255 255 255 66 0 0 255 0 255 0 255 255
    0 0 118 0 40 255 255 0 27 255 255 242 255 0 221 255 161 0 255 255 0
    0 255 178 255 0 222 237 0 255 0 0 255 0 255 255 0 119 0 255 0 255 0
    255 0 106 0 255 0 0 255 255 0 255 255 0 255 0 255 0 255 255 255 0 0
    0 0 255 0 0 0 0 0 255 0 7 255 0 255 0 0 0 255 0 113 0 0 255 0 0 255
    0 255 0 255 0 255 255 0 255 0 255 0 0 0 255 0 255 255 0 107 255 0 0
    255 40 0 255 0 255 0 0 191 28 255 0 30 255 210 240 0 255 0 0 255 0
    44 255 99 0 173 0 255 255 0 128 0 255 0 255 255 255 255 255 0 255 0
    45 255 159 255 0 208 255 0 75 255 255 0 0 255 108 255 0 255 105 255
    164 0 134 255 0 255 0 0 255 181 0 255 0 0 72 255 0 255 255 0 255 98
    255 0 66 255 0 255 26 6 0 255 235 0 255 0 255 0 255 255 220 0 255 0
    255 255 0 255 59 255 255 255 0 255 0 190 0 255 0 255 0 255 0 0 255
    255 255 255 255 0 0 255 90 255 0 84 255 255 11 220 255 107 255 255 0
    0 255 0 125 0 0 0 75 0 254 0 255 0 255 255 255 0 0 255 255 255 0 103
    0 0 146 0 255 0 255 255 16 126 255 255 0 255 161 134 0 255 0 255 255
    215 0 0 255 0 0 255 255 255 255 255 110 141 39 255 176 171 0 255 255
    61 255 151 255 255 0 255 0 255 0 77 74 0 255 255 255 255 0 101 255 0
    181 0 255 68 125 0 0 255 0 255 255 0 255 255 250 255 219 255 255 0
    197 255 0 145 255 141 0 255 0 255 0 255 1 0 43 255 0 0 0 255 132 104
    255 156 0 54 0 73 255 241 0 0 255 255 0 158 255 255 0 248 0 0 170
    255 0 255 0 0 255 255 0 255 0 255 0 0 0 0 255 0 255 0 59 0 140 0 134
    255 191 0 255 0 255 255 255 0 70 0 255 255 94 0 255 48 0 255 0 255 0
    255 219 224 255 0 0 255 116 0 0 32 7 255 0 255 0 255 0 255 255 255 0
    255 0 255 0 0 0 0 255 0 255 255 255 0 255 0 255 0 255 133 0 0 61 0 0
    255 212 0 255 134 0 255 0 255 0 117 92 40 0 0 0 255 0 106 159 255
    255 0 255 255 255 255 103 0 137 255 0 0 255 0 213 0 36 255 109 255 0
    255 255 0 255 0 255 255 0 0 255 0 0 255 0 173 171 0 0 42 0 34 0 0
    255 243 0 0 0 0 59 0 235 0 255 0 0 255 0 255 0 255 255 0 0 255 0 255
    255 0 255 115 0 0 0</data></your_img>
</opencv_storage>
