<?xml version="1.0"?>
<opencv_storage>
<filter_type>2</filter_type>
<only_luma>0</only_luma>
<r1>1</r1>
<r2>5</r2>
<L2_diff>1.</L2_diff>
<test_img type_id="opencv-matrix">
  <rows>128</rows>
  <cols>256</cols>
  <dt>"3u"</dt>
  <data>
    153 112 216 94 16 7 224 49 170 159 100 46 233 90 224 228 124 159 63
    248 171 50 159 138 225 53 160 11 175 169 227 41 245 98 218 2 47 136
    182 107 140 195 32 218 252 70 206 88 187 249 11 169 49 228 45 47 48
    82 6 219 123 233 151 231 182 10 227 60 71 79 97 1 149 147 249 52 26
    255 211 64 230 233 179 174 93 129 242 4 22 145 204 144 198 83 79 205
    165 222 162 172 141 48 41 36 17 243 125 137 211 236 42 128 230 231
    131 208 142 82 184 133 84 141 69 44 90 173 182 73 172 234 64 138 32
    231 24 41 13 134 75 163 112 144 215 82 255 140 48 67 252 117 130 113
    96 187 228 76 17 239 23 0 57 137 34 218 191 156 136 221 72 116 124
    234 252 148 95 126 214 229 191 147 26 159 150 85 14 193 21 126 219
    15 243 187 181 154 201 223 245 10 129 213 162 227 148 33 77 106 192
    167 41 123 35 216 212 154 198 211 241 235 101 95 54 64 229 121 171
    191 149 228 117 226 65 32 137 194 154 173 109 100 69 88 246 251 183
    63 32 14 195 74 68 240 190 17 68 39 155 209 68 50 48 203 247 118 80
    157 208 42 248 150 9 3 253 127 78 100 171 225 196 224 202 211 79 125
    234 197 177 108 112 149 149 220 231 71 153 38 241 170 139 24 186 236
    76 167 187 142 32 210 73 214 184 182 109 43 209 221 6 39 250 134 152
    102 112 68 134 139 92 38 195 26 234 177 101 155 174 30 80 248 75 123
    129 98 111 235 252 219 192 242 195 62 237 55 27 205 237 51 225 33
    124 213 24 144 173 216 229 5 110 26 20 148 12 178 203 165 78 188 91
    64 205 230 95 133 231 24 220 238 207 59 105 220 200 191 206 117 236
    90 50 86 119 70 114 73 120 229 149 2 125 66 89 17 18 202 119 169 202
    158 19 45 176 83 56 193 248 127 150 152 95 80 196 162 192 116 24 170
    164 74 49 115 85 37 24 115 83 154 0 205 224 3 189 15 182 30 205 112
    120 150 240 168 142 236 128 88 225 13 73 187 235 92 106 73 15 167
    136 59 46 139 211 23 76 89 35 199 19 182 184 35 253 2 105 203 139
    189 40 133 220 64 89 7 194 12 214 100 56 206 41 210 59 10 242 193
    172 192 186 165 58 138 52 120 254 199 125 216 67 179 83 213 17 94 4
    139 116 39 153 139 132 13 152 74 19 130 5 114 29 51 135 72 156 199
    192 56 241 14 114 74 47 151 147 96 46 2 253 221 240 195 178 250 161
    136 21 124 22 218 103 183 134 156 34 199 4 244 181 48 89 234 143 242
    125 230 98 52 42 210 249 6 137 59 43 125 32 12 49 1 253 184 219 120
    41 224 137 80 163 100 92 206 156 121 189 196 40 174 238 202 29 138
    76 149 24 20 83 72 85 46 179 182 54 18 248 114 197 105 48 233 221 25
    195 35 58 29 35 48 44 110 160 249 75 65 97 182 182 199 146 103 219
    142 156 245 55 28 177 215 22 218 137 18 58 2 76 213 162 166 20 136
    181 154 243 13 58 189 216 174 124 68 114 116 35 227 3 97 226 239 133
    137 91 142 177 129 27 142 189 112 213 28 197 83 64 11 152 93 89 226
    69 138 0 186 236 179 247 51 67 223 179 109 251 117 63 228 203 22 65
    16 37 99 166 239 213 66 181 2 7 130 188 230 172 13 255 179 86 204 83
    135 2 228 0 249 1 94 238 161 121 147 95 141 26 145 145 155 24 81 74
    205 131 252 6 142 99 89 60 19 40 182 3 136 115 207 21 102 125 217 69
    101 182 61 151 248 43 137 196 20 219 13 94 43 215 196 16 182 190 175
    189 123 172 170 174 48 134 148 37 139 100 226 22 132 222 95 252 31
    185 120 167 0 149 170 197 214 60 175 253 39 84 183 181 186 241 77
    114 53 247 130 248 165 246 153 247 76 217 252 177 150 86 183 197 115
    104 40 235 251 29 0 172 233 155 103 48 184 229 120 178 115 124 199
    176 212 164 73 194 83 114 55 173 53 3 53 124 123 57 83 36 3 236 49
    96 86 255 46 48 127 105 6 146 134 177 6 92 129 31 126 60 68 99 24 53
    158 85 188 9 225 55 214 139 216 13 202 15 99 56 1 241 28 35 135 186
    65 14 116 57 249 202 235 78 83 224 177 167 110 211 167 63 67 163 1
    158 94 161 106 33 93 93 236 233 32 47 161 189 92 29 60 57 71 211 58
    141 39 30 250 65 80 55 251 9 106 188 222 230 104 48 84 63 184 12 123
    145 77 228 106 227 228 235 124 140 92 63 190 149 53 219 206 171 144
    133 45 55 207 159 73 11 10 14 32 251 176 136 22 100 132 162 146 182
    215 1 30 22 142 121 214 228 69 53 199 112 195 50 69 67 225 76 175 54
    5 181 46 18 248 93 22 95 148 83 224 206 26 182 182 34 57 181 145 204
    8 184 118 73 223 22 38 152 161 84 115 156 174 35 101 21 177 37 72
    226 165 50 179 144 65 181 158 29 175 164 155 167 241 48 142 232 24
    100 82 56 80 133 88 211 40 232 80 2 66 159 186 15 74 178 93 236 46
    68 18 23 4 191 155 51 161 106 79 55 161 21 1 71 135 188 169 177 246
    51 157 6 192 149 14 211 21 7 37 195 33 201 4 212 194 206 82 86 160
    59 136 4 83 204 118 220 72 45 122 66 71 73 202 146 109 35 45 7 209
    216 161 154 94 204 143 123 93 105 187 96 206 250 197 190 169 247 56
    170 24 15 150 17 188 52 172 83 179 124 112 8 212 162 206 61 8 104
    101 205 208 163 24 211 82 238 172 93 161 40 205 107 246 145 47 223
    41 70 97 193 13 241 114 0 59 143 110 29 73 223 169 79 51 88 125 149
    236 116 206 185 87 70 82 16 92 103 1 192 76 92 126 170 185 229 133
    151 178 36 237 24 18 128 49 185 65 222 15 109 111 160 38 195 190 145
    160 252 216 232 161 161 224 186 128 111 178 203 40 189 206 27 76 39
    153 27 218 22 217 180 243 101 186 238 4 10 225 150 38 159 37 42 241
    70 173 190 39 218 97 139 168 173 175 121 231 14 134 180 144 59 217
    205 228 148 3 228 180 102 113 150 93 140 141 62 61 142 149 99 101
    194 132 15 18 49 201 1 179 84 80 114 187 224 172 201 89 56 136 160
    192 7 149 204 183 67 189 35 123 113 0 79 207 50 212 121 177 6 125 39
    125 113 43 120 105 171 163 170 57 36 13 81 147 67 5 7 109 73 28 167
    187 219 33 40 12 174 93 134 49 45 214 21 143 188 50 199 133 142 68
    107 105 121 176 95 138 82 180 252 116 62 183 247 161 142 232 61 185
    175 19 92 149 6 73 232 132 191 90 160 94 201 87 62 147 213 238 155
    138 171 141 167 100 12 11 211 197 226 79 19 17 0 243 24 123 191 109
    129 82 161 204 222 199 96 17 119 155 35 33 208 38 166 171 80 167 210
    34 5 239 17 38 152 246 33 56 161 54 3 104 64 50 78 238 115 148 25 79
    156 7 204 210 205 253 1 111 36 10 23 245 182 187 83 70 108 184 81
    144 225 127 73 132 100 232 164 147 14 181 51 27 97 204 167 188 111
    82 215 160 155 105 140 21 33 124 112 229 124 248 105 15 138 112 61
    186 39 61 212 121 183 26 35 95 193 149 224 155 221 12 112 31 72 33
    229 104 3 122 6 196 83 222 228 125 223 151 110 73 30 15 3 133 236
    130 142 112 19 71 66 219 48 13 230 132 221 146 132 187 112 248 59 85
    210 224 209 222 156 49 121 244 189 193 97 152 217 152 82 116 44 82
    129 229 30 11 117 67 100 36 207 144 148 46 48 217 8 148 189 128 81
    84 59 88 8 38 179 24 187 230 59 176 202 254 137 20 85 188 135 57 14
    255 247 129 167 29 142 135 235 42 38 211 82 203 94 189 220 232 67 84
    39 229 122 179 107 175 186 7 218 185 129 0 99 84 21 36 8 97 82 85 69
    123 179 244 249 109 102 120 251 12 25 134 33 157 133 187 232 94 36
    36 182 75 15 75 252 133 182 237 253 22 191 64 144 106 33 20 249 255
    188 173 248 165 43 42 99 128 101 71 181 6 223 179 11 68 21 138 102
    129 70 179 142 74 204 114 156 132 154 19 2 215 7 183 39 183 244 26
    141 38 121 60 151 198 122 101 116 125 101 211 99 211 110 35 41 52
    111 248 93 7 247 101 164 126 75 92 200 236 40 58 200 148 226 119 196
    51 1 228 237 0 142 112 233 78 84 255 125 159 75 36 219 118 253 248
    182 148 244 73 244 98 77 83 102 121 13 48 30 200 90 23 175 94 234
    130 19 26 124 171 202 211 142 2 9 19 124 202 169 56 231 77 233 230
    226 227 8 105 11 125 2 111 4 194 3 32 218 5 207 190 199 25 11 67 53
    195 103 194 182 121 153 91 246 202 94 238 185 107 142 147 100 154
    230 120 102 53 105 84 19 221 25 101 5 206 8 21 215 17 73 39 73 148
    15 139 80 137 3 209 104 211 198 89 209 167 204 246 160 56 98 228 170
    116 111 198 6 0 198 29 116 109 165 77 205 81 53 110 202 244 117 241
    228 158 218 100 125 111 62 96 161 116 29 209 228 33 52 8 119 193 88
    250 39 85 99 34 163 96 44 113 156 141 144 102 106 223 139 79 148 38
    104 65 105 240 139 0 105 22 180 68 166 46 18 144 23 125 57 54 77 17
    253 245 80 146 27 136 84 184 226 106 119 24 204 26 93 19 94 174 237
    18 9 39 160 179 21 242 235 88 138 51 48 81 96 248 0 133 243 159 113
    0 205 23 18 59 24 100 202 193 76 88 205 241 182 227 202 241 186 19
    65 44 86 30 106 218 155 113 244 131 14 67 109 160 207 130 154 21 0
    187 33 237 26 86 149 104 54 207 122 28 188 138 162 78 82 37 226 77 6
    26 179 106 44 179 15 241 72 240 50 156 130 32 100 152 209 144 241 51
    65 54 166 33 96 34 215 27 59 209 243 222 81 75 244 191 28 171 205
    209 112 179 60 177 235 130 198 217 132 174 21 210 22 24 0 61 137 120
    116 116 79 226 7 52 146 14 50 191 2 141 249 11 123 29 45 86 116 111
    11 69 136 65 169 63 207 83 96 20 218 13 217 113 75 53 62 15 207 139
    229 218 235 140 193 80 203 244 39 43 82 144 126 87 224 189 200 122
    142 80 61 124 100 238 142 106 25 37 220 114 81 247 109 95 183 176 64
    5 184 212 112 90 85 111 11 201 37 235 30 92 228 89 52 7 244 113 63
    223 72 79 148 179 47 174 168 121 157 30 168 15 116 113 4 183 158 8
    199 56 250 14 119 16 16 35 6 198 205 248 179 76 24 249 184 42 238 89
    215 10 168 82 48 143 223 128 181 105 18 138 168 155 28 92 234 18 140
    61 156 192 177 67 179 201 128 36 132 15 186 135 94 116 38 22 0 192
    64 243 195 60 66 224 168 189 245 39 125 18 193 221 140 4 52 31 175
    67 72 235 29 112 82 113 130 219 222 225 209 196 121 100 10 85 85 198
    229 7 29 190 14 164 222 48 228 4 241 169 136 37 206 27 28 160 212
    111 241 171 19 58 28 150 3 21 249 32 102 126 40 66 101 216 137 73
    244 30 20 135 137 80 29 84 140 16 254 171 62 3 88 252 131 208 187
    103 139 140 233 219 199 223 69 139 122 102 126 37 161 91 165 71 45
    147 223 103 239 20 51 154 30 141 162 218 173 199 213 198 13 79 40 0
    123 114 40 101 94 32 70 236 169 216 123 194 159 65 85 108 210 46 110
    30 171 116 36 43 237 245 33 68 241 65 151 18 95 139 201 44 2 81 45
    23 5 70 5 121 202 78 253 237 214 68 110 202 24 196 95 180 19 227 199
    90 15 167 53 209 224 113 108 232 186 217 69 213 48 10 22 254 127 111
    109 67 142 187 9 99 148 243 61 155 47 179 19 183 27 161 43 252 80 38
    47 56 126 35 225 79 97 179 2 50 123 102 206 105 151 145 117 132 231
    58 168 38 62 83 165 88 215 197 100 23 5 251 80 48 180 39 39 233 211
    146 8 148 138 254 33 133 2 69 70 60 137 93 6 244 208 161 149 245 181
    88 62 180 169 57 110 65 157 162 250 197 110 12 195 4 26 217 122 252
    230 170 197 0 54 37 63 76 157 4 229 222 55 242 77 202 53 200 100 199
    42 235 148 36 137 110 115 85 248 158 113 9 60 25 207 0 246 152 197
    125 85 239 49 73 201 200 98 227 79 18 243 125 224 67 132 209 8 240
    172 131 172 122 184 162 192 113 169 2 177 178 166 61 215 60 193 83
    97 70 197 124 175 50 3 197 213 168 200 104 109 216 151 84 188 240 15
    71 26 39 4 161 164 158 151 249 153 130 197 232 136 243 231 198 125
    20 110 8 215 23 222 201 153 205 250 243 210 85 182 25 125 240 148
    255 215 188 131 244 230 22 237 55 241 0 212 62 149 195 47 90 54 50
    24 181 57 114 27 113 226 200 225 11 255 214 205 148 186 174 117 102
    196 1 61 67 134 61 168 234 248 248 138 111 121 183 74 130 69 53 208
    198 58 104 15 187 6 110 249 218 93 220 41 156 81 109 21 113 92 208
    122 170 132 121 172 251 46 251 135 244 83 0 210 119 164 99 225 77
    194 107 227 13 180 220 209 61 195 251 79 80 252 218 107 42 126 96
    203 175 4 124 103 124 177 240 116 240 166 231 215 201 117 17 11 28
    52 16 181 199 132 104 84 74 172 251 219 229 127 133 83 228 212 89 10
    249 126 240 185 19 215 207 197 221 196 70 36 170 122 26 19 206 18
    124 255 200 199 86 57 103 154 157 174 26 33 209 195 238 66 178 132
    150 187 77 229 231 225 43 255 150 60 72 46 57 17 156 238 154 39 170
    78 107 95 62 182 218 107 243 172 206 16 151 79 225 200 205 190 9 98
    105 184 85 232 68 134 146 178 72 28 174 111 7 28 159 20 186 31 19
    112 141 105 201 216 78 237 16 90 188 58 217 216 62 178 205 101 172
    18 129 69 102 184 79 60 186 229 236 163 218 16 90 247 199 11 165 114
    245 233 213 235 243 40 76 74 5 50 78 187 90 16 173 253 173 146 221
    193 84 25 242 232 231 31 235 16 67 202 66 26 239 198 184 153 223 102
    110 12 95 82 10 28 89 252 176 111 169 55 152 59 212 163 94 8 184 153
    3 216 108 234 251 240 150 229 139 247 46 176 217 126 104 125 1 255
    98 105 40 161 86 153 187 194 190 76 17 208 120 109 242 128 201 245
    25 196 114 28 146 100 208 230 236 156 140 230 57 109 20 128 11 157
    161 223 209 227 243 5 151 168 235 237 235 184 85 56 138 78 104 106
    108 109 9 185 35 111 114 212 70 211 126 130 192 200 229 192 222 67
    103 75 83 222 247 95 147 125 52 2 63 163 217 14 226 34 70 245 70 70
    63 72 173 125 184 83 92 255 112 105 34 2 254 25 79 206 92 27 184 29
    14 92 121 255 219 184 154 61 111 188 41 219 83 109 142 214 216 16
    203 153 103 74 169 190 208 137 222 150 160 7 16 23 228 28 64 140 41
    138 38 88 160 22 7 153 174 235 225 158 169 64 46 183 251 20 121 70
    178 12 63 151 87 20 132 30 186 247 25 33 72 29 46 154 254 86 241 239
    72 121 22 194 78 202 44 199 40 229 99 47 160 32 130 97 42 168 7 87
    254 3 57 205 98 89 172 112 31 112 108 195 206 58 124 158 244 101 203
    1 99 238 26 203 98 21 88 237 247 28 200 77 221 191 245 187 8 20 156
    251 95 124 20 148 222 24 68 76 125 85 129 14 61 136 212 0 164 203 16
    230 2 121 146 121 126 188 27 251 58 22 224 113 215 87 32 183 34 219
    145 253 58 98 99 222 139 89 8 113 21 152 208 45 90 35 189 167 231
    154 162 193 181 36 195 251 15 230 33 105 146 43 31 81 151 8 242 199
    41 3 154 28 215 244 55 238 109 253 131 150 96 62 253 200 248 177 152
    180 49 244 184 233 196 32 216 230 39 31 254 107 195 212 108 208 29
    164 61 231 169 169 31 36 56 244 172 0 81 208 2 102 147 45 66 207 180
    156 78 178 166 40 243 22 159 22 250 107 79 157 230 157 81 180 253 0
    102 223 177 151 124 49 103 129 184 194 200 214 149 197 232 175 244 1
    115 171 71 125 224 177 76 55 242 5 101 17 10 207 108 219 189 32 165
    90 158 27 103 97 152 151 125 225 191 180 99 77 118 108 117 242 47
    159 157 45 155 46 102 92 180 192 100 236 18 1 91 88 162 35 162 61
    242 19 169 38 184 178 163 121 19 129 71 111 56 23 87 161 224 98 18
    94 24 206 136 186 164 111 44 132 228 127 39 103 33 241 71 39 208 252
    53 14 159 187 39 76 232 162 4 153 15 110 31 230 189 122 221 86 196
    79 200 54 172 250 35 112 123 236 203 208 225 108 110 203 215 131 67
    52 193 163 205 165 24 97 137 119 83 87 154 145 91 49 36 185 118 176
    22 21 245 109 179 9 67 62 70 64 12 145 183 240 239 68 139 244 38 141
    87 209 37 173 126 130 184 184 3 85 149 102 103 246 146 72 209 133
    218 121 28 100 24 241 165 154 184 18 180 44 106 239 132 211 226 219
    54 114 78 36 232 134 191 1 15 249 243 56 22 129 59 103 53 0 227 86
    180 181 24 247 181 32 201 160 197 100 169 99 21 198 251 166 175 162
    63 91 74 72 100 95 116 174 145 84 37 113 52 79 4 204 234 97 80 238
    219 1 110 243 99 164 1 145 234 140 14 149 229 125 67 93 180 122 56
    34 175 224 100 26 216 163 20 255 34 49 235 157 208 56 233 29 179 153
    103 112 255 144 138 204 214 120 61 183 14 92 36 193 160 238 39 132
    25 62 130 15 26 128 104 249 57 18 15 237 135 190 132 188 89 242 247
    67 167 40 30 29 157 50 232 215 51 30 132 227 177 77 194 162 180 206
    209 242 20 55 66 123 153 66 70 69 81 111 173 243 197 227 238 182 124
    110 49 89 15 253 144 155 74 168 181 74 232 42 62 220 179 223 143 60
    16 184 192 75 44 192 95 131 195 249 87 93 44 116 104 137 112 228 89
    84 200 114 169 75 222 203 5 205 214 179 17 197 153 41 183 227 202
    188 254 237 92 80 125 209 63 108 102 114 50 220 130 138 72 124 129
    19 235 195 39 178 253 204 16 72 99 123 243 134 119 57 121 249 78 141
    228 56 67 38 87 41 225 169 162 218 75 79 130 96 29 209 57 41 91 132
    217 227 79 148 13 231 251 122 70 43 54 60 35 62 86 58 234 88 102 14
    33 245 137 238 46 13 69 4 128 3 110 148 106 150 74 56 7 50 26 79 31
    219 173 134 185 130 221 191 99 107 85 14 63 147 72 167 15 106 46 236
    206 171 188 112 150 209 136 26 88 226 161 67 105 252 61 76 96 9 117
    10 6 107 193 67 42 120 143 162 33 22 29 89 229 220 115 194 4 110 184
    241 227 59 76 115 89 164 102 139 220 60 70 61 255 103 153 47 233 227
    97 10 4 104 117 63 13 3 221 100 183 152 140 254 131 208 100 143 35 9
    167 197 166 15 185 3 233 143 204 31 63 237 151 127 132 172 5 70 189
    142 38 190 254 127 30 211 64 169 150 82 173 46 208 240 191 32 216 78
    19 114 161 169 40 179 141 214 109 222 39 169 177 60 116 43 165 83
    154 177 168 112 30 54 72 217 82 8 97 56 118 202 227 8 93 128 231 201
    67 218 48 33 13 178 151 146 208 134 42 237 167 244 34 241 87 15 15
    211 76 208 195 9 49 96 146 202 171 209 113 178 65 71 12 2 180 93 18
    2 224 171 60 160 216 164 248 6 221 107 0 218 54 71 224 87 11 13 253
    211 155 202 217 86 250 124 146 111 61 13 204 71 171 164 75 125 127 3
    87 153 146 141 129 1 212 64 111 4 229 100 12 136 215 95 40 204 210
    148 122 248 247 175 254 241 29 171 188 120 230 139 88 204 228 19 62
    236 71 83 98 199 183 87 155 251 40 209 94 134 27 109 107 23 255 211
    85 249 39 195 204 56 122 150 217 39 48 124 203 34 157 17 110 67 250
    36 125 194 0 115 25 137 220 225 16 60 78 128 23 26 62 103 250 120
    152 60 68 33 97 174 209 78 39 170 193 44 140 95 101 152 71 145 195
    118 61 18 19 97 50 42 250 50 223 126 135 236 223 41 171 21 120 179
    31 69 194 152 47 117 251 208 180 198 214 90 73 183 46 172 88 242 193
    245 26 99 235 36 152 169 59 250 39 148 31 249 78 160 199 33 185 179
    144 121 184 80 112 72 239 150 196 214 50 16 28 93 163 151 237 185
    252 50 83 184 36 166 71 192 149 166 166 173 202 37 14 76 118 8 69 22
    32 128 194 63 13 197 157 82 41 239 100 145 72 126 162 153 150 142
    228 55 159 8 247 141 54 20 80 113 45 35 230 55 226 104 140 220 42 72
    222 223 31 177 203 252 110 172 43 29 208 49 153 251 51 234 184 240
    72 147 82 232 84 86 85 234 41 96 173 167 228 77 73 222 153 176 177
    181 120 30 113 85 202 184 236 132 77 19 70 57 180 196 12 47 34 92
    103 198 58 196 168 130 182 89 37 153 73 187 164 79 51 166 85 52 199
    132 102 198 26 19 19 13 161 61 236 134 140 98 92 208 129 65 2 65 218
    136 55 74 174 238 199 124 192 201 230 197 50 182 73 26 194 7 141 142
    100 62 190 13 71 7 103 224 89 113 163 59 178 55 186 127 14 29 115 95
    190 146 9 113 211 91 112 167 124 114 112 108 58 187 140 167 204 134
    84 164 204 249 27 138 238 56 64 239 154 143 5 71 136 158 167 91 70
    194 49 111 5 188 45 142 169 3 142 198 1 2 109 213 89 52 210 180 208
    232 81 67 134 240 195 200 249 59 237 223 159 41 108 58 83 97 152 59
    201 37 171 213 176 148 141 198 66 147 138 104 71 152 36 154 250 136
    42 211 236 165 161 45 20 61 84 141 244 3 21 173 27 29 114 197 4 203
    50 209 210 233 241 101 79 89 106 78 147 162 253 21 197 163 254 167
    29 188 21 68 113 215 163 22 87 7 140 253 47 66 172 58 127 49 194 175
    43 115 224 101 106 197 82 113 92 93 116 23 13 120 46 114 169 64 47
    168 130 43 42 232 105 100 142 168 114 221 93 245 250 105 207 116 81
    129 139 248 16 59 170 100 99 46 114 189 236 238 96 66 140 30 248 55
    118 172 83 136 234 151 70 166 139 61 74 98 76 183 37 251 226 206 95
    128 215 51 232 221 15 197 131 253 204 99 59 186 96 54 244 98 24 229
    200 100 255 79 78 161 83 79 123 175 106 0 87 20 57 234 207 228 232
    130 115 71 167 231 28 75 105 57 25 44 176 114 221 155 194 229 19 158
    122 30 132 240 101 201 66 198 8 120 148 227 141 146 113 88 95 110
    127 229 217 248 205 197 139 233 58 181 183 99 163 189 1 156 184 25
    55 184 174 121 169 172 138 8 34 125 198 161 6 126 149 52 118 241 113
    12 22 125 203 123 161 219 205 171 111 159 164 206 58 30 1 39 45 65
    100 93 104 176 4 51 1 91 143 82 211 29 131 56 159 20 164 248 59 78
    80 124 218 99 5 67 41 200 5 239 150 125 182 205 168 178 100 187 184
    171 217 193 138 208 232 247 78 97 174 117 70 227 9 123 113 4 159 209
    158 234 12 182 180 55 100 179 237 95 74 137 73 231 72 1 51 79 99 102
    125 194 77 78 168 126 76 121 103 162 62 137 121 80 57 202 144 152 57
    155 236 61 201 37 62 234 104 192 141 111 149 240 175 41 66 246 192
    163 17 232 111 183 16 30 24 164 242 48 99 84 255 125 123 194 111 133
    34 182 6 237 219 145 117 30 89 148 189 154 126 166 54 51 39 51 149
    193 19 180 222 210 231 217 187 208 219 204 239 0 162 91 229 33 41
    196 43 131 237 25 135 43 206 138 211 106 64 190 216 221 90 144 97
    181 252 87 233 93 222 80 11 95 170 80 106 104 137 99 89 23 14 183
    243 22 1 241 101 216 58 149 175 61 139 152 175 10 18 21 224 192 211
    137 177 218 106 209 49 65 245 79 22 221 236 69 78 136 179 90 145 67
    186 87 251 23 11 230 9 43 140 170 79 222 104 12 65 64 228 236 130 79
    203 89 36 39 102 136 52 164 15 174 219 65 45 38 209 131 235 3 223 68
    161 72 226 13 157 50 85 39 141 87 0 22 185 56 182 71 163 137 234 135
    231 177 10 15 169 36 221 204 101 223 253 81 35 190 210 249 250 51
    226 67 121 185 183 13 3 251 129 180 80 88 48 12 29 0 197 22 77 18
    178 61 104 249 15 117 123 190 126 28 163 119 102 154 28 140 3 29 241
    203 239 177 62 201 173 115 215 50 107 252 223 32 239 139 255 222 180
    4 203 160 192 145 74 43 58 110 115 1 144 177 99 44 96 206 103 125
    120 193 136 255 172 147 76 52 168 9 57 151 179 122 5 74 227 182 91
    47 184 144 243 130 64 98 175 89 76 247 148 0 2 41 32 116 136 212 43
    1 225 205 250 124 235 205 235 130 178 213 222 27 30 9 27 201 207 186
    253 184 95 85 28 157 177 173 227 213 95 149 249 53 193 24 78 58 140
    192 117 190 57 193 13 53 107 210 250 225 70 15 243 118 186 154 195
    17 230 227 152 13 227 188 238 158 135 164 107 249 126 67 44 62 75
    102 180 41 67 70 90 117 62 190 160 217 26 235 231 252 16 216 105 111
    76 235 223 233 110 180 123 174 211 106 120 129 251 207 35 251 3 231
    37 125 146 15 23 65 62 198 53 52 93 45 36 238 28 194 120 191 18 108
    154 249 138 147 237 57 167 135 87 20 85 96 38 7 37 119 101 63 250
    232 19 232 174 197 223 134 45 195 14 229 130 51 235 202 103 77 56 93
    79 243 64 3 254 173 119 1 223 191 159 59 73 9 190 92 27 29 204 87
    178 163 206 8 89 180 81 79 81 211 96 84 171 94 90 131 221 132 11 90
    102 185 151 66 94 36 11 14 97 62 53 31 50 56 177 46 143 214 56 190
    179 236 169 235 108 161 175 75 131 9 100 30 0 234 55 104 151 147 37
    101 170 33 196 122 255 128 153 255 85 13 175 150 242 98 197 44 191
    87 166 112 54 152 217 133 161 221 227 146 19 219 6 224 89 5 27 71 16
    189 68 156 247 90 176 251 44 91 99 74 157 189 8 88 176 202 112 219
    197 62 120 231 179 60 63 170 241 100 116 83 165 142 251 57 42 205
    133 207 42 79 33 63 155 86 125 77 94 57 192 52 101 51 248 222 59 88
    148 98 111 234 166 238 116 51 23 120 11 169 198 154 114 17 75 149
    251 138 210 45 240 46 131 34 142 244 197 77 167 24 184 119 61 146 61
    3 227 73 16 121 241 30 55 33 214 41 211 39 192 3 77 243 102 210 83
    92 178 131 172 136 32 11 1 64 41 198 192 40 102 116 81 222 40 213
    208 203 96 192 4 197 125 105 217 165 163 216 25 91 58 46 186 102 189
    212 195 235 185 50 12 199 184 156 62 22 86 97 90 167 50 57 232 214
    59 144 199 88 1 161 125 27 57 252 129 149 192 103 77 128 171 62 96
    11 224 84 126 58 140 254 233 17 105 243 192 173 53 59 225 23 148 192
    58 155 206 220 88 164 30 164 21 70 135 202 16 46 180 111 41 46 47
    165 200 221 26 51 12 157 55 87 180 116 106 97 153 163 41 102 235 206
    2 241 111 152 7 119 184 70 70 139 199 191 204 184 117 3 49 231 60
    125 63 225 50 210 221 43 11 211 174 131 130 123 108 163 11 220 16
    168 145 103 239 130 0 17 16 74 231 1 44 201 25 79 31 104 122 51 11
    159 97 77 86 203 241 195 100 238 71 206 50 189 158 40 103 124 180
    192 22 135 229 223 87 88 125 203 94 227 149 74 211 11 62 170 63 187
    63 62 12 240 125 213 161 43 17 250 107 212 48 236 106 58 225 252 80
    15 131 239 249 86 243 67 122 245 172 73 50 84 154 158 211 107 86 80
    37 150 204 25 64 201 16 57 72 49 64 88 251 40 159 93 124 180 105 200
    238 94 58 154 176 197 231 71 223 132 95 44 20 195 184 172 44 224 155
    191 253 134 25 54 138 143 68 6 96 25 156 249 25 22 157 98 138 142
    226 51 156 135 143 199 1 243 192 254 239 85 70 24 202 199 213 202
    215 17 221 138 6 42 35 91 165 129 194 214 17 129 183 179 53 56 133 7
    203 245 65 171 19 6 225 94 87 227 226 70 94 2 50 25 43 203 189 60 7
    64 255 132 76 28 91 172 67 179 44 15 34 218 177 141 220 186 98 253
    126 193 169 185 68 171 45 138 181 104 202 200 174 138 239 192 185
    129 132 159 42 112 246 88 162 124 6 172 13 72 150 44 101 184 191 213
    250 226 227 225 69 51 122 206 13 98 161 163 33 93 165 78 76 65 69
    135 79 156 236 14 184 61 78 152 157 122 173 179 25 3 134 243 246 85
    210 255 205 156 37 185 4 130 161 237 241 231 28 80 12 143 145 193 69
    17 165 251 250 75 208 125 121 221 16 78 68 98 22 197 143 205 79 181
    137 208 235 206 69 84 100 0 205 167 36 46 125 31 39 222 79 129 54
    211 41 130 0 134 255 9 67 251 5 173 46 189 149 217 157 208 28 46 110
    204 110 51 83 219 43 231 114 188 212 144 38 44 105 157 109 94 250 11
    207 179 195 183 207 149 188 175 135 253 112 227 204 80 24 107 95 210
    243 244 102 7 28 17 141 150 151 17 50 204 110 4 233 132 168 198 229
    186 158 95 7 77 121 181 98 41 249 24 130 245 212 35 38 108 120 52
    151 24 160 46 154 1 206 67 70 65 199 18 55 250 0 236 174 184 139 134
    188 226 141 49 177 58 246 60 167 118 237 179 143 216 95 18 148 90 41
    74 69 44 226 159 79 214 217 186 124 157 222 106 90 102 78 218 53 236
    108 160 249 185 86 176 108 204 38 5 242 109 37 206 7 190 135 10 191
    110 106 59 8 76 51 206 198 225 253 147 201 35 233 29 78 184 235 105
    169 159 174 83 34 44 222 53 89 194 66 35 191 147 231 113 206 9 97
    135 59 151 187 56 15 64 156 165 52 20 149 103 156 69 7 172 109 29 10
    46 9 241 106 50 41 24 64 137 237 225 211 0 137 141 16 175 174 249
    229 202 181 108 31 136 10 69 144 85 25 182 203 83 119 186 128 104
    155 101 174 89 205 125 150 128 13 88 241 28 41 24 95 54 126 196 54
    172 195 252 219 135 18 251 83 36 68 133 140 162 154 218 252 127 149
    120 240 97 85 249 205 82 52 209 91 246 75 82 149 77 128 42 3 158 124
    6 75 38 237 101 46 212 209 203 175 13 105 69 224 242 27 2 183 17 115
    236 32 15 109 98 52 252 69 163 154 251 129 65 186 155 154 140 86 39
    143 10 170 98 80 76 16 228 94 19 131 221 215 93 230 8 30 163 0 166
    55 88 30 248 139 111 207 11 89 241 12 186 39 185 49 238 125 235 142
    149 163 175 100 15 136 97 255 59 50 193 22 234 126 35 22 39 62 30
    153 197 96 72 214 149 44 54 153 71 137 209 15 146 60 81 203 96 187
    221 194 19 124 232 61 56 63 180 0 141 172 77 198 97 14 37 216 199
    107 45 8 114 149 6 2 53 243 8 223 63 224 104 96 142 4 154 98 229 143
    54 118 104 204 191 88 159 84 196 35 196 146 149 131 201 148 132 28
    191 5 200 55 66 150 177 21 243 249 96 166 38 37 73 0 219 73 234 225
    167 129 226 194 32 141 40 192 253 145 4 168 235 103 60 20 188 247 78
    4 182 232 198 223 51 10 187 66 244 56 205 179 66 77 204 7 209 222
    116 241 77 96 186 245 8 139 157 225 137 235 44 162 24 170 86 62 233
    152 85 172 83 120 68 107 28 100 191 86 2 161 25 146 184 243 224 129
    254 173 254 216 161 26 176 86 120 192 56 213 92 253 61 56 129 63 206
    115 127 88 230 23 10 12 198 66 14 103 7 240 199 212 86 106 74 223
    104 201 135 201 198 118 80 139 59 167 58 93 17 203 147 41 44 105 228
    146 229 151 189 187 222 28 98 139 44 96 16 96 219 137 210 231 234
    185 149 235 47 29 34 108 238 177 162 5 205 207 151 229 152 102 52
    110 109 180 196 239 45 64 38 217 182 213 228 145 180 141 242 235 210
    243 11 209 115 33 61 31 131 30 87 74 167 206 187 32 72 117 112 211
    227 119 53 124 245 195 89 189 236 243 6 38 102 163 75 139 181 250 30
    220 221 141 200 37 74 133 137 223 75 119 196 139 96 60 8 76 189 106
    212 138 80 16 209 55 131 186 201 17 247 75 95 185 219 80 34 35 80 17
    67 102 126 142 18 211 194 149 0 240 215 28 92 49 121 67 101 214 110
    226 176 139 134 145 114 245 41 115 48 12 187 29 136 51 130 110 167
    43 80 54 61 200 69 17 106 134 215 60 250 30 60 142 142 190 217 216
    96 209 17 172 212 239 146 245 17 56 132 118 42 234 42 245 88 210 126
    239 177 134 178 87 141 222 220 252 218 225 110 252 74 180 134 119
    162 148 251 197 96 139 20 254 62 79 80 235 203 226 108 198 127 109
    26 56 59 1 12 36 151 91 222 184 253 134 56 43 218 75 241 143 235 186
    81 244 186 147 228 89 250 94 192 95 232 20 240 8 117 154 104 115 93
    18 71 89 167 151 173 5 88 118 25 203 68 58 236 44 36 135 113 23 94
    43 30 31 153 212 208 180 115 103 51 122 202 150 167 51 9 16 18 22
    168 63 54 181 20 107 123 142 231 86 224 180 64 145 98 135 223 137 43
    214 14 162 46 173 174 243 158 13 68 221 51 48 28 76 137 81 219 250
    109 81 158 175 68 233 193 170 113 67 209 154 44 119 166 175 114 186
    139 198 210 31 242 198 5 250 249 108 147 132 154 13 161 44 40 187 2
    16 164 217 154 168 148 136 25 247 244 83 188 38 185 142 124 80 228
    38 38 205 245 72 176 132 0 90 84 110 101 37 197 148 147 141 1 132 10
    51 64 145 254 12 183 63 92 228 136 22 225 154 21 98 107 65 246 90
    123 38 93 233 248 38 255 27 44 115 93 125 24 160 42 28 2 27 13 181
    142 24 195 212 250 101 161 12 225 87 149 255 47 237 111 97 153 102
    129 245 253 186 222 119 25 74 88 219 79 3 127 158 116 133 98 124 80
    92 179 198 198 200 2 208 44 94 41 45 97 229 146 89 172 186 27 229
    187 74 118 147 154 211 181 235 146 237 211 87 161 63 167 46 146 204
    237 117 141 6 146 134 212 89 75 97 160 70 89 238 116 184 133 149 33
    145 59 57 188 254 144 133 189 135 240 81 131 237 235 56 130 61 195
    32 64 83 154 18 207 64 190 4 233 176 121 79 138 127 27 112 119 234
    108 99 87 147 236 104 206 135 11 129 152 33 105 225 66 55 164 119 51
    87 156 145 57 214 101 119 130 235 12 137 220 176 90 178 241 111 250
    52 17 151 85 156 60 52 82 13 60 222 198 225 84 209 100 151 219 55
    128 165 185 6 80 134 235 254 189 177 89 158 20 81 243 171 77 0 86
    189 244 19 43 249 60 85 12 101 172 245 212 194 107 20 164 110 245
    184 145 49 137 81 205 145 145 155 85 17 150 39 147 22 87 199 199 232
    177 147 49 198 62 100 87 156 96 254 160 98 218 110 228 77 184 4 21
    57 237 235 117 16 22 93 133 29 205 116 149 2 109 88 21 89 48 8 92 25
    65 158 245 110 238 192 97 84 250 253 152 143 94 49 139 200 234 11
    233 106 206 116 196 173 77 118 54 121 188 189 84 41 63 227 125 169
    28 145 97 106 202 106 45 93 162 37 241 146 1 48 50 140 176 65 67 57
    248 245 74 113 7 217 155 105 213 218 153 3 199 11 119 60 6 91 171 23
    85 44 1 162 211 118 15 32 39 125 148 126 216 227 226 17 49 159 224
    61 101 101 189 254 96 241 119 57 35 27 174 254 243 4 163 20 40 228
    12 112 118 106 151 86 40 6 200 223 117 213 1 176 85 196 106 78 167
    229 176 173 85 102 220 201 134 62 136 77 180 193 57 174 32 92 165
    122 132 16 233 17 140 64 232 59 193 224 218 187 102 62 14 125 65 111
    244 69 224 62 214 20 191 50 165 103 40 142 73 136 121 184 50 229 68
    0 66 179 132 49 172 85 2 78 48 173 145 216 159 231 31 54 159 72 245
    77 99 162 71 2 190 140 142 244 62 239 246 98 117 248 146 57 101 172
    149 242 20 109 51 216 120 14 90 120 168 82 76 40 78 61 255 162 126
    121 243 223 46 24 144 123 13 13 120 233 50 185 193 209 118 173 227 1
    216 3 107 234 61 182 167 190 33 108 91 34 222 54 255 66 169 120 49
    23 211 47 39 180 71 34 113 116 113 93 216 50 131 199 79 144 142 165
    208 175 73 102 15 104 153 226 156 147 29 180 81 208 93 200 31 182
    209 133 159 152 140 239 5 190 104 211 82 223 25 71 218 63 143 250
    187 119 226 90 89 206 35 179 92 95 59 48 156 88 141 29 191 63 243
    237 132 153 208 49 212 155 190 43 156 124 47 85 226 173 218 165 47
    73 2 25 68 242 201 7 203 42 144 253 85 189 176 223 89 182 236 251
    237 36 149 82 160 201 185 137 173 174 175 40 22 207 138 161 13 221
    95 107 199 33 20 223 12 187 241 255 114 175 13 251 41 125 161 174 15
    42 64 190 35 32 206 201 129 14 149 33 249 26 223 65 116 15 253 213
    12 232 72 166 128 215 11 59 18 184 140 140 58 62 94 222 150 251 79
    42 93 49 247 166 105 218 169 132 89 242 216 247 47 71 190 240 226
    125 222 249 192 65 113 161 223 57 103 59 189 48 216 31 213 179 104
    41 15 183 238 211 149 162 246 84 229 179 176 218 3 141 55 80 123 255
    129 13 30 57 239 33 227 28 234 1 51 16 22 193 84 160 136 121 26 238
    63 37 250 205 211 107 146 225 146 35 21 40 118 140 64 201 199 133
    191 218 150 139 88 19 56 41 122 125 176 213 64 156 105 210 40 189
    132 82 83 68 56 167 20 202 16 211 130 138 225 121 161 53 10 206 32 7
    243 159 109 143 236 195 217 202 162 161 111 133 50 38 113 221 161 2
    228 191 206 206 71 32 242 35 142 54 245 139 79 129 122 107 109 206
    243 116 65 129 102 167 194 84 101 102 200 21 207 157 121 182 6 191
    215 155 162 199 185 8 197 9 115 215 47 179 54 47 246 246 235 112 236
    117 11 238 55 108 161 205 76 138 134 69 21 22 216 46 206 136 145 111
    189 240 181 11 228 26 232 147 109 96 238 18 166 100 218 206 226 189
    169 48 26 154 68 254 144 143 220 193 41 182 35 169 245 163 235 178
    67 160 235 114 169 191 43 162 77 143 219 146 47 233 51 30 130 88 46
    186 111 127 81 7 131 230 82 102 117 109 183 183 221 42 131 199 226
    82 61 219 209 26 137 94 94 144 194 156 247 55 60 80 8 1 203 17 100
    86 26 130 191 28 77 120 247 182 75 30 4 40 40 58 194 245 103 163 185
    236 60 57 27 246 232 227 132 63 108 238 18 164 72 139 29 69 235 63
    215 197 30 28 251 157 154 53 234 2 44 7 249 169 105 232 39 88 23 4
    26 111 249 138 190 5 19 111 51 192 124 178 53 41 118 87 4 39 173 69
    254 49 166 125 73 44 230 206 202 18 237 47 123 15 223 165 228 179
    113 227 247 91 247 160 228 147 145 184 37 111 20 99 242 96 221 170
    124 179 197 244 87 187 86 245 159 23 155 111 245 45 59 28 205 107
    154 16 4 207 139 152 3 87 154 232 21 197 87 171 21 238 94 92 162 223
    25 231 17 56 239 90 21 13 80 52 48 228 136 232 124 250 33 224 140
    237 51 139 51 213 176 115 192 210 228 77 80 111 224 213 188 62 9 86
    39 136 73 79 220 168 141 37 67 138 220 58 151 215 252 168 226 9 125
    240 71 145 49 194 40 207 203 50 161 169 58 68 200 231 196 65 249 30
    181 195 42 138 27 199 238 142 159 219 243 153 39 198 48 240 218 45
    108 95 103 209 133 241 251 111 22 220 8 225 40 231 118 29 3 205 25
    159 182 166 153 169 157 72 139 252 15 101 159 85 233 53 229 87 91
    211 43 98 49 66 19 73 110 76 155 110 110 70 142 6 89 31 31 151 65 24
    153 229 7 167 230 174 69 100 248 200 238 89 16 23 80 241 222 173 49
    234 20 251 208 31 12 168 72 28 113 136 161 77 8 107 79 167 70 251
    189 161 177 63 16 18 170 7 171 190 84 65 255 58 143 238 204 48 132
    129 169 158 146 183 131 174 68 32 236 247 107 94 170 121 118 51 234
    119 19 208 17 177 159 12 31 223 171 20 238 135 222 66 189 247 223
    194 178 230 232 137 117 17 23 103 186 178 45 28 189 200 164 85 172
    45 231 171 222 35 18 78 80 197 232 154 138 140 202 107 192 181 112
    102 50 66 119 185 100 121 230 122 34 222 103 97 49 135 129 10 90 248
    218 155 108 150 238 28 254 91 52 161 141 29 47 91 224 81 74 66 64 11
    29 211 192 153 132 127 56 170 155 229 25 86 88 202 3 175 141 87 140
    172 43 244 192 208 201 216 221 43 163 207 101 93 242 235 236 48 202
    142 159 99 178 83 155 155 22 93 120 108 194 86 236 51 131 81 182 31
    106 167 59 232 61 1 233 37 23 238 202 221 27 78 108 40 115 255 39
    174 115 97 217 177 45 38 92 15 119 132 230 229 64 68 105 16 127 167
    49 4 86 178 225 173 118 93 3 74 47 251 237 41 215 146 197 75 133 206
    18 241 97 169 206 164 191 9 56 236 42 65 199 243 66 144 98 50 14 140
    70 114 12 216 56 247 183 183 137 221 19 58 50 87 81 226 236 93 133
    105 67 197 18 75 64 241 212 10 67 242 41 109 236 87 81 13 119 93 29
    167 254 196 125 55 88 191 167 250 177 21 4 54 136 221 43 114 59 148
    59 229 224 94 226 15 178 206 242 96 184 35 160 12 175 198 92 212 187
    178 196 165 196 193 192 124 87 246 113 154 207 227 25 123 134 151
    209 255 235 76 34 157 132 68 253 244 231 219 63 216 129 239 243 247
    114 166 152 191 110 75 212 218 59 206 83 127 72 183 191 30 124 183
    142 173 121 117 221 93 190 156 40 24 10 97 251 163 147 251 59 71 13
    205 210 234 138 200 206 4 194 142 77 21 154 28 164 233 163 20 7 230
    217 172 239 151 52 124 171 63 62 196 220 81 148 136 131 43 228 180
    194 220 107 111 221 121 189 3 37 78 246 236 147 215 146 152 187 140
    16 26 79 216 10 201 147 124 202 232 188 255 54 57 235 125 13 114 152
    62 137 136 93 137 146 126 222 23 34 7 198 20 239 224 1 45 4 50 5 115
    239 118 44 219 144 149 21 254 147 223 167 104 62 103 149 101 208 140
    129 156 53 211 53 192 233 255 150 60 81 214 151 47 174 250 127 4 50
    245 233 25 9 2 161 72 124 159 107 107 137 36 211 118 229 67 66 105
    69 45 109 189 127 181 210 0 248 222 92 238 175 241 174 89 232 26 130
    17 242 115 140 181 79 125 219 113 53 118 134 98 135 239 106 182 254
    55 146 148 218 44 196 225 56 126 186 120 66 136 206 0 117 103 19 212
    181 144 87 152 29 245 147 146 206 86 111 239 158 174 192 227 75 17
    31 90 159 187 54 79 122 58 55 206 163 25 156 74 99 153 24 71 252 248
    253 57 255 156 42 38 26 36 94 219 91 50 12 49 144 172 17 3 99 99 108
    27 147 12 2 93 78 33 182 7 183 122 97 216 55 233 198 168 186 99 82 2
    113 79 57 82 51 49 5 103 221 133 131 219 109 59 49 221 58 61 152 186
    134 72 100 65 52 86 226 179 68 209 98 100 117 70 245 48 116 149 247
    211 22 110 125 93 147 35 111 93 109 229 238 36 56 234 123 60 134 97
    3 80 7 166 121 121 137 71 69 187 31 179 225 227 2 120 80 1 79 136 6
    129 168 39 175 165 34 203 163 52 243 201 252 243 243 145 209 151 187
    249 6 57 1 175 22 29 191 25 28 41 213 11 68 243 20 60 132 58 26 60
    56 129 102 254 148 254 9 219 155 120 245 104 225 145 199 177 164 127
    92 99 158 194 186 156 7 234 202 173 103 148 34 58 233 59 158 154 222
    86 16 234 119 209 204 124 96 252 67 204 91 77 230 217 204 166 98 138
    226 118 220 13 59 224 101 132 23 149 167 245 105 49 64 224 207 180
    171 100 130 211 7 54 113 205 182 129 36 175 202 253 152 248 74 195
    171 174 147 2 131 239 198 151 171 184 33 184 97 164 254 232 56 49
    241 177 60 244 44 120 57 117 134 251 98 237 37 88 201 180 78 107 65
    92 238 43 143 142 10 249 156 168 85 151 36 206 112 153 96 109 188
    203 146 171 19 83 218 37 157 72 181 104 252 108 129 77 79 65 193 107
    128 172 103 215 131 34 192 93 19 199 248 45 187 119 74 193 42 97 207
    36 188 9 115 247 191 24 56 208 238 138 184 226 161 93 107 195 1 213
    224 5 197 26 231 77 166 125 143 222 109 70 151 54 101 4 202 102 133
    75 98 69 239 137 115 138 135 55 244 211 228 149 126 177 204 23 142
    115 255 101 19 158 176 220 2 63 157 157 14 250 1 63 67 138 16 236
    184 211 179 201 134 230 24 171 160 249 176 158 228 28 189 183 173 9
    142 229 94 250 9 145 207 145 242 17 51 83 115 120 226 103 162 64 104
    0 240 73 172 145 205 203 199 3 100 54 84 182 248 72 153 246 163 123
    11 207 46 107 129 203 127 93 153 184 95 135 190 84 114 78 46 9 69
    181 96 84 163 229 194 46 106 149 90 239 167 54 192 3 41 188 216 157
    77 87 245 4 177 59 92 191 200 174 13 82 94 231 232 251 26 246 69 56
    237 170 149 245 168 9 215 87 253 36 185 151 87 30 183 189 106 132
    109 140 254 136 138 212 122 113 18 47 204 113 187 227 166 219 45 49
    245 191 107 98 171 216 108 72 59 88 144 69 2 164 130 174 252 60 122
    230 99 154 153 17 50 205 144 220 32 131 97 157 255 98 71 246 223 233
    112 55 118 130 141 89 105 215 199 217 244 71 202 219 164 176 245 183
    236 179 102 96 249 218 14 21 153 53 5 10 233 221 0 229 46 77 232 165
    148 88 79 189 231 208 168 225 153 59 206 1 51 233 148 144 46 17 77 9
    74 132 45 129 25 191 42 237 78 54 253 135 114 107 18 15 253 64 50 27
    86 244 248 163 52 56 192 57 111 20 12 107 110 60 177 161 122 27 43
    178 122 252 32 49 236 234 184 171 238 143 202 215 209 81 170 101 238
    174 251 65 206 10 163 231 249 61 58 146 238 3 36 149 61 210 75 214
    192 158 230 22 188 246 116 245 191 108 117 192 58 50 171 166 248 204
    3 254 244 6 17 183 77 53 185 200 194 174 81 222 114 248 40 250 220
    247 81 9 36 100 199 33 77 140 105 251 39 200 21 227 173 102 166 72
    223 61 253 232 60 216 37 145 189 170 204 134 84 92 73 19 52 189 245
    186 253 87 68 88 250 160 65 85 249 7 239 216 206 74 95 106 133 220
    181 204 68 179 67 215 60 42 55 91 243 188 255 58 70 97 80 116 138 57
    50 154 103 72 247 187 199 126 136 39 125 1 155 5 150 106 186 197 157
    184 217 96 194 121 70 65 121 173 127 18 71 1 38 65 103 198 99 104
    209 135 37 132 78 162 166 246 250 148 157 20 110 255 120 135 96 71
    145 149 98 172 69 26 151 103 138 229 52 113 26 93 63 114 50 247 167
    126 240 169 63 155 46 135 22 124 39 47 6 250 7 121 103 3 52 85 5 169
    15 133 65 5 212 3 156 117 87 232 215 67 0 251 189 12 118 195 70 254
    114 119 191 194 151 67 77 114 19 189 42 255 116 226 77 221 238 73
    154 213 117 44 202 154 204 86 4 83 173 118 10 126 7 76 97 21 148 5
    38 110 166 0 204 213 219 83 226 161 25 136 124 115 138 82 161 254
    143 211 43 197 193 228 162 53 142 217 133 25 254 126 81 16 126 44
    141 144 80 116 141 80 228 8 94 133 143 127 85 241 239 102 48 235 80
    7 138 174 190 88 249 98 0 224 17 219 159 207 76 248 92 40 219 91 177
    11 151 86 124 245 13 125 215 78 246 37 7 182 73 228 243 211 206 36
    74 47 56 218 91 241 98 183 157 20 53 206 62 199 131 113 59 61 107 69
    171 249 118 214 62 245 152 191 137 234 10 221 178 194 162 4 93 191
    205 79 24 67 108 227 211 250 119 208 221 149 37 137 204 42 247 167
    117 238 102 210 214 151 232 175 24 128 127 75 83 42 1 178 235 245 12
    131 85 176 13 251 113 195 185 85 187 193 24 180 133 17 9 196 163 177
    128 0 106 76 239 38 24 198 120 142 234 122 252 106 226 145 35 75 109
    45 43 239 103 253 240 24 47 199 174 55 71 151 155 104 73 120 12 122
    41 143 104 78 106 191 227 232 228 44 10 67 124 56 180 91 198 157 104
    142 72 7 193 1 127 188 43 204 50 232 142 80 79 84 171 195 92 59 219
    123 33 82 231 23 170 4 6 10 97 239 13 165 170 44 181 192 210 218 61
    229 156 252 150 228 252 224 70 122 39 28 117 139 58 31 162 232 79
    161 234 46 60 130 147 173 129 52 99 45 168 208 62 175 102 118 128
    104 96 80 216 95 126 150 126 146 25 228 23 35 152 123 90 132 93 113
    196 245 213 209 190 15 145 185 87 82 254 19 36 86 34 97 127 156 230
    56 112 138 249 80 191 54 6 115 79 203 240 180 38 254 2 48 179 177 54
    19 131 243 118 56 40 234 175 28 149 212 5 189 12 114 236 103 248 139
    151 231 144 41 219 189 28 119 166 198 190 205 143 74 161 246 146 248
    214 170 10 125 157 89 49 78 162 130 121 194 137 235 244 247 10 12
    244 209 196 255 24 43 155 49 183 246 167 196 70 2 28 210 39 145 230
    39 232 232 123 5 220 14 178 89 214 13 41 42 70 0 153 148 141 74 49 3
    234 115 141 176 186 143 8 211 171 74 229 199 170 151 142 79 189 73
    230 4 46 206 43 202 204 37 132 40 179 220 7 97 206 228 254 179 82 62
    58 215 56 164 25 99 41 201 255 67 87 23 249 43 135 47 27 84 50 66 78
    113 57 21 133 188 114 189 78 179 178 22 52 58 58 102 126 30 151 75
    47 163 213 88 207 169 81 241 221 188 132 145 129 161 160 87 247 208
    150 206 137 253 117 110 211 35 180 214 160 166 238 176 89 14 86 5 20
    251 98 232 236 58 15 138 182 254 206 73 90 69 65 115 195 80 23 71
    116 85 229 2 3 99 125 121 117 233 187 132 88 234 57 28 50 23 66 236
    37 86 58 10 149 50 205 229 150 164 41 41 67 31 8 102 60 170 207 225
    25 252 166 136 91 154 35 7 189 210 253 180 112 148 216 53 3 209 239
    146 12 120 38 7 208 8 94 225 167 209 51 221 99 171 189 232 76 243
    141 92 184 67 7 228 159 59 129 251 209 80 91 94 7 115 36 79 139 6 33
    162 115 234 197 171 174 196 234 246 20 60 159 12 158 166 208 42 114
    254 180 121 198 193 10 247 218 156 26 197 116 5 232 182 73 168 218
    85 255 220 243 188 3 84 255 109 82 120 110 85 251 254 176 133 154 50
    34 230 78 25 114 92 132 67 154 101 132 27 68 119 213 184 79 7 225 25
    170 101 75 16 29 30 49 153 122 119 128 139 74 92 204 76 56 55 41 245
    152 205 55 165 107 113 212 206 0 199 180 109 44 202 149 243 110 52
    63 60 64 2 6 47 40 252 70 241 105 200 186 219 48 241 155 196 255 85
    64 172 13 185 45 140 74 59 149 241 164 239 230 244 7 43 82 163 1 191
    14 116 33 227 15 212 218 167 30 187 127 194 101 118 129 189 229 148
    78 47 209 182 197 112 12 206 186 128 219 37 74 7 240 2 67 235 29 144
    226 90 124 3 219 157 95 19 141 48 14 192 116 217 208 154 91 167 9
    110 129 98 158 245 28 85 187 120 133 103 77 41 117 217 220 82 226
    243 144 168 229 99 242 232 23 159 234 230 113 154 61 17 156 50 221
    216 138 64 82 168 192 222 109 198 98 79 232 177 108 145 79 3 31 140
    113 252 243 92 118 76 215 27 43 255 39 212 129 15 210 79 39 197 173
    240 30 11 8 52 10 248 98 218 69 59 180 186 211 242 182 63 63 233 6
    28 95 123 194 112 54 49 221 28 28 33 78 132 94 140 188 195 40 72 20
    171 171 104 89 198 194 57 243 98 183 1 236 211 61 246 222 159 28 80
    115 246 91 137 103 170 226 73 139 150 76 199 223 130 16 99 128 228
    101 63 44 243 232 124 174 235 113 172 5 24 138 211 66 238 34 19 172
    252 224 160 136 246 98 43 178 3 174 254 235 151 26 193 28 115 150
    213 132 230 137 181 83 175 34 213 185 124 159 250 16 202 171 47 169
    163 210 120 18 249 85 90 212 169 69 247 172 69 43 28 12 243 190 138
    131 7 184 206 60 74 224 133 226 144 177 36 188 124 103 51 152 173 32
    253 32 139 169 176 99 36 195 169 183 177 94 160 25 202 20 139 124 1
    162 8 141 150 73 1 40 125 42 47 4 247 38 212 26 9 197 50 250 175 87
    105 183 0 60 182 245 211 206 45 136 70 14 248 68 14 185 125 118 26 6
    205 156 17 109 171 140 177 70 28 177 46 28 105 64 194 34 18 85 170
    39 90 18 176 236 48 90 150 48 141 66 21 162 173 207 97 181 42 190
    225 57 18 86 149 187 223 87 173 234 105 201 136 145 173 129 164 193
    215 131 70 61 108 155 109 31 0 82 98 184 178 42 7 134 235 103 101
    166 40 17 243 115 144 147 84 33 236 161 62 67 225 198 118 114 20 27
    33 146 245 50 175 251 123 253 139 5 168 130 211 215 184 15 131 38 79
    28 197 31 120 40 111 28 233 205 84 109 169 223 218 144 62 81 167 121
    255 12 174 15 232 84 140 156 141 135 157 22 220 135 20 89 109 151
    105 16 99 3 228 171 229 197 126 177 214 188 133 39 240 228 8 184 131
    25 69 158 73 215 67 201 205 196 88 101 32 133 49 19 245 169 145 11
    38 28 82 6 116 197 169 200 115 174 170 123 47 112 4 239 174 134 11
    169 9 8 34 172 15 209 147 56 87 142 59 1 49 105 165 154 240 14 101
    94 208 237 191 135 252 255 47 232 249 254 133 68 90 62 69 87 2 4 106
    250 72 158 207 8 170 187 222 72 123 98 167 226 155 58 142 64 86 129
    39 246 28 20 83 71 87 213 156 235 235 30 52 232 153 91 77 98 151 187
    68 101 180 0 183 90 218 75 235 62 84 3 36 166 2 35 97 217 112 42 239
    60 75 229 28 163 121 189 88 220 17 147 176 99 77 216 160 172 128 247
    140 37 233 186 30 139 22 68 60 45 80 98 1 171 106 92 160 20 225 72
    234 229 194 80 181 144 200 17 2 116 167 132 128 1 36 126 233 159 119
    102 132 79 148 70 188 208 99 241 45 2 84 202 235 243 70 111 61 227
    33 60 49 193 30 228 167 54 72 11 128 254 67 118 21 49 132 150 218 48
    255 222 211 138 119 45 164 115 134 107 231 0 108 179 188 61 175 47
    54 43 249 160 125 36 249 197 86 1 180 195 156 175 176 165 102 6 251
    225 176 226 13 235 70 13 168 177 177 61 220 229 220 165 75 121 124
    212 34 206 16 146 171 101 202 172 4 140 242 63 78 223 41 72 30 176
    50 197 184 233 114 251 144 55 97 198 153 112 142 120 122 221 33 121
    138 171 230 249 36 222 197 83 8 240 211 71 158 229 78 231 165 43 106
    99 202 55 239 102 195 195 8 83 91 73 218 26 123 27 207 252 249 192 6
    253 30 16 82 41 171 108 47 86 122 26 7 67 13 127 29 101 214 119 123
    120 209 12 226 163 64 196 13 230 242 250 25 58 246 175 179 97 150
    143 242 35 87 225 168 57 25 84 2 111 36 213 173 94 101 253 184 171
    213 204 226 206 193 25 3 49 211 148 50 52 235 140 251 208 254 78 197
    249 48 191 106 90 150 4 32 79 83 252 157 65 45 144 231 117 118 84
    129 122 225 115 22 88 213 40 219 18 47 135 48 55 159 111 6 203 118
    134 16 33 223 99 143 218 212 85 42 185 223 92 245 237 233 185 239
    196 131 251 89 197 103 123 253 13 44 176 88 120 15 236 252 7 163 188
    143 51 98 102 108 245 227 232 241 213 172 169 93 14 162 119 17 249
    78 157 190 234 152 230 255 25 14 146 54 221 248 117 69 89 48 39 225
    119 202 124 84 60 164 202 132 225 109 31 106 34 126 220 207 144 204
    170 196 126 191 200 92 54 93 157 48 235 248 116 91 3 22 206 231 108
    251 252 107 240 160 121 109 250 233 196 211 245 192 219 154 159 122
    218 169 33 130 64 235 142 141 172 197 127 47 142 189 8 19 221 219
    166 131 199 59 99 241 194 136 161 203 75 68 4 238 242 147 127 46 191
    110 143 230 43 75 134 239 117 154 121 81 27 175 139 120 34 66 211 72
    249 229 22 54 245 246 185 14 235 247 130 208 225 92 26 132 219 36
    132 248 32 97 105 137 158 183 138 246 91 98 143 11 244 117 27 50 147
    187 241 5 39 47 191 120 6 147 16 15 173 43 18 115 24 101 200 235 60
    83 106 69 208 247 191 84 200 78 213 75 233 95 51 233 64 69 249 149
    70 247 103 46 48 88 88 64 246 54 94 14 173 203 222 19 191 175 249
    180 73 123 253 251 144 189 9 157 237 11 124 1 13 112 16 39 42 241
    156 14 89 66 156 114 97 170 213 129 219 235 62 8 108 10 119 88 97 43
    65 182 103 110 250 76 152 103 143 126 77 126 183 111 158 248 175 122
    231 59 60 131 164 133 86 104 8 125 174 203 111 161 80 89 51 179 104
    179 199 242 140 87 140 74 87 34 56 70 151 102 44 119 37 43 169 158
    220 131 246 135 103 101 158 209 7 69 152 177 149 192 162 98 223 160
    183 51 125 156 233 6 237 37 142 105 5 40 63 12 193 86 136 254 150 61
    63 8 237 131 6 54 173 28 152 184 16 182 254 227 64 93 76 105 195 152
    226 116 124 109 6 24 209 175 115 239 26 222 61 235 113 23 232 221
    207 203 14 141 195 203 133 194 69 161 204 236 69 195 248 166 229 45
    215 132 238 174 108 44 27 56 72 225 115 235 61 220 197 105 59 192 59
    213 70 49 195 76 40 173 174 58 8 85 17 127 191 41 111 144 66 191 181
    106 65 114 93 1 213 22 79 174 135 32 169 92 74 65 112 120 223 243
    178 56 46 85 248 235 5 132 241 253 29 23 139 139 181 246 194 251 173
    237 225 208 34 101 115 145 253 175 138 236 134 132 200 211 93 235
    111 35 76 217 165 123 59 19 148 51 118 217 164 162 162 88 151 32 124
    20 198 42 144 112 199 143 195 144 60 27 94 223 194 143 90 126 137 28
    122 30 202 28 12 162 96 21 223 230 79 209 190 41 3 1 184 86 255 99
    204 219 197 62 128 152 230 15 232 172 90 144 178 204 235 16 158 106
    40 53 12 227 25 18 68 211 80 107 251 27 37 98 224 7 27 162 245 46
    102 24 145 231 163 251 189 38 76 195 102 177 124 168 207 128 245 2
    208 152 186 236 120 248 112 134 58 126 151 59 201 22 96 172 120 34
    209 113 24 133 47 181 212 66 154 227 1 126 189 13 204 26 22 168 252
    232 192 98 69 150 165 142 20 227 82 206 74 86 77 233 23 95 173 185
    200 75 113 221 110 59 1 145 67 152 250 215 61 204 53 145 190 103 136
    166 178 153 4 102 115 55 233 167 252 90 200 47 234 130 218 127 19
    136 21 149 205 0 31 135 206 20 138 159 186 247 41 211 31 224 235 59
    56 175 72 139 137 215 124 37 222 76 2 8 179 19 205 82 31 52 114 211
    203 49 138 152 84 112 167 28 139 132 146 119 138 59 249 182 27 61
    172 82 219 147 111 185 31 203 153 63 165 237 1 174 172 211 65 28 187
    188 126 239 126 116 91 19 153 90 223 194 211 24 47 147 93 49 86 55
    55 246 17 75 151 22 29 246 225 67 212 252 11 200 146 145 61 77 249
    74 158 216 200 253 90 163 51 61 249 151 111 181 92 104 193 23 121
    175 126 55 157 228 158 166 196 28 17 133 176 26 154 102 111 161 176
    44 207 236 35 179 59 122 66 222 219 191 25 78 80 158 159 56 138 103
    225 177 241 15 183 127 1 58 30 217 241 157 180 229 10 105 252 250
    182 209 176 210 21 62 46 123 1 2 75 29 56 195 102 20 236 50 178 240
    132 219 131 140 117 217 238 73 10 69 122 165 111 65 161 180 83 231
    98 173 50 19 232 9 120 212 237 243 58 251 151 19 254 9 232 121 72
    179 111 23 194 209 160 113 208 58 222 70 221 169 204 28 183 238 202
    111 54 126 52 251 141 21 142 232 224 107 46 225 144 16 43 45 172 15
    227 216 214 7 15 239 83 187 153 54 5 43 177 254 159 15 188 25 5 203
    126 146 145 107 166 168 55 97 215 112 142 11 22 139 98 244 178 202
    65 61 125 186 190 20 35 135 187 201 253 183 80 164 253 164 48 197
    142 42 78 213 163 134 172 87 90 213 195 253 82 251 82 171 65 19 177
    7 182 178 126 34 81 207 78 170 208 179 162 191 62 250 58 205 203 209
    42 50 68 166 198 148 215 177 112 157 233 94 91 87 7 248 72 107 128
    138 51 143 189 41 28 4 164 27 158 245 92 205 53 110 77 149 86 180
    212 4 241 71 254 179 84 67 191 142 47 4 185 42 91 248 213 81 171 180
    57 97 151 187 143 138 188 178 153 207 12 60 193 46 194 72 9 190 100
    163 148 8 50 26 226 158 35 122 150 143 218 174 203 93 107 118 118 49
    251 139 181 229 207 138 245 248 60 57 247 61 143 243 249 45 217 167
    59 41 185 255 57 97 118 136 171 136 58 57 203 239 140 173 223 190
    176 42 214 50 228 173 71 137 162 6 116 241 136 86 22 100 180 40 242
    129 20 159 141 126 20 183 251 185 179 106 70 132 63 74 106 196 84 59
    163 148 90 103 117 166 170 198 214 22 14 116 120 40 178 170 45 95
    174 54 216 249 55 59 181 192 252 230 202 105 93 194 35 76 67 80 9 33
    42 138 185 214 119 215 12 244 57 88 85 158 137 91 35 11 20 112 8 244
    119 31 101 203 181 216 11 0 33 201 11 7 41 27 104 76 18 20 126 172
    49 132 53 41 30 246 137 245 88 67 233 186 206 27 234 66 1 1 216 66
    122 201 245 156 193 218 91 52 238 38 227 246 19 130 69 212 222 156
    26 134 233 223 45 0 128 214 195 19 70 93 70 75 95 83 54 254 129 204
    188 197 133 114 184 254 69 196 248 13 147 26 155 219 129 86 15 143
    233 229 192 155 6 94 131 133 176 109 1 143 241 170 65 35 90 171 167
    217 234 215 38 213 154 63 170 254 52 114 215 110 17 142 84 23 52 72
    233 117 126 158 116 13 229 26 50 35 100 234 194 67 232 20 255 182 79
    35 218 241 232 89 18 184 132 111 27 20 252 193 45 105 104 150 81 190
    239 118 240 37 192 59 194 254 146 237 187 233 241 251 47 172 60 248
    68 163 214 4 110 234 249 47 40 211 46 203 186 179 218 240 243 158
    217 43 155 175 84 78 143 122 226 88 217 133 100 11 84 142 72 208 23
    63 152 163 54 56 251 220 252 18 123 140 157 71 116 183 41 134 25 98
    145 42 222 33 222 192 243 141 175 254 148 118 148 232 7 255 12 5 170
    20 100 165 218 99 162 244 37 28 253 189 200 75 26 0 223 139 201 74
    163 51 241 80 102 209 6 86 174 84 214 165 156 128 92 23 8 12 142 22
    181 245 210 156 104 201 172 154 173 72 78 197 59 109 186 11 79 198
    95 86 82 205 62 202 76 230 202 122 146 77 207 83 62 116 25 111 2 24
    122 43 239 224 71 46 118 65 197 167 27 72 240 110 235 227 154 202 21
    6 154 250 29 147 1 246 225 56 26 119 222 171 242 176 78 117 18 145
    184 165 222 231 126 110 190 189 245 36 6 48 226 166 210 243 0 67 90
    98 68 6 98 103 211 85 92 188 110 130 249 251 8 185 233 180 141 108
    255 176 68 251 22 175 38 97 112 27 75 27 25 234 80 187 153 84 79 138
    35 61 28 212 90 5 123 174 192 227 181 178 118 134 160 7 37 87 155
    116 41 28 69 242 92 80 193 71 156 167 51 97 71 234 206 106 118 183
    105 254 206 177 176 175 55 4 17 122 218 27 51 85 3 26 201 152 163
    200 69 94 42 133 150 135 167 99 33 82 6 221 107 240 195 162 206 158
    74 202 36 252 219 4 224 37 32 244 7 107 189 78 82 122 62 95 247 123
    71 184 94 120 224 253 165 238 37 27 131 114 144 67 37 154 125 176 16
    254 35 128 36 125 189 157 246 103 234 152 127 209 220 29 133 61 46
    186 10 38 73 64 101 63 146 141 171 80 108 198 218 2 203 174 21 122
    24 250 42 214 213 72 176 62 8 225 38 179 129 46 77 102 234 185 120
    239 195 218 102 222 19 52 211 28 6 23 187 221 207 245 163 153 54 204
    107 69 7 189 117 140 125 181 189 148 81 68 144 118 54 154 57 68 170
    5 38 167 154 168 171 146 134 92 228 108 142 11 232 179 129 141 18
    149 240 192 166 120 178 59 191 190 147 149 91 253 109 45 145 64 183
    97 191 101 221 54 233 142 193 51 97 192 94 248 227 89 40 218 163 149
    12 24 199 252 5 93 35 250 71 7 181 35 93 239 235 235 12 135 75 151
    175 228 231 222 200 60 70 196 167 142 159 97 160 203 211 37 123 146
    15 221 210 212 52 1 118 88 105 32 64 145 136 23 169 128 175 153 6
    130 5 88 133 120 1 246 144 69 192 3 234 189 103 13 77 26 184 20 180
    159 79 31 213 83 66 197 189 136 202 114 59 135 150 76 6 186 2 19 234
    95 202 173 96 150 4 106 180 20 124 148 218 28 245 167 141 102 94 51
    194 146 234 250 7 237 120 195 62 86 109 118 109 228 110 239 135 81
    85 126 123 26 68 174 168 136 173 75 101 110 245 26 81 56 133 67 240
    245 14 150 214 49 59 237 88 90 195 77 16 165 69 247 78 35 230 1 193
    60 159 66 29 109 13 28 243 59 118 124 90 68 206 217 214 212 84 193
    153 210 126 223 213 113 134 141 3 4 107 185 59 154 181 14 67 108 15
    158 105 181 56 190 236 196 123 82 130 254 134 228 55 138 172 3 86 7
    85 7 36 154 226 76 70 33 110 120 145 237 243 149 151 220 221 147 21
    114 139 181 82 30 31 255 69 239 42 150 109 88 149 41 183 97 121 77
    167 143 227 115 7 247 170 244 69 128 79 175 187 229 242 237 244 182
    89 149 234 186 11 212 60 175 39 18 87 234 180 27 243 188 180 16 192
    121 204 142 124 59 133 173 90 184 50 155 15 10 176 227 179 193 244
    144 37 180 79 64 104 88 115 15 19 207 166 245 191 0 65 135 38 80 11
    145 136 73 242 22 219 86 5 253 74 123 241 144 59 65 174 8 63 48 27
    124 229 52 164 76 99 177 146 211 43 68 3 216 121 201 60 239 35 80
    137 120 15 202 245 87 165 143 81 51 181 78 163 18 39 202 31 202 43
    204 22 202 136 114 110 96 229 48 11 46 99 87 54 94 205 240 237 71
    124 167 57 9 129 207 73 69 12 33 210 81 117 151 33 122 243 251 4 176
    187 152 220 172 180 177 99 120 39 14 138 4 201 5 53 73 75 210 44 134
    231 181 133 66 175 20 135 92 178 124 217 185 7 122 63 215 126 46 157
    120 8 85 219 208 178 140 97 28 27 134 142 175 87 53 152 61 78 68 57
    87 2 137 147 40 22 51 210 159 151 121 186 145 242 88 114 157 131 202
    187 63 86 84 145 115 106 65 66 6 81 243 9 23 67 144 124 30 177 227
    123 219 29 144 3 26 28 53 216 200 165 203 25 192 205 241 32 51 245
    70 135 144 180 23 153 245 249 94 152 141 97 31 30 250 18 104 125 165
    71 35 30 245 122 76 197 81 48 14 0 110 39 127 152 158 214 86 101 168
    108 38 255 12 110 34 179 229 86 71 252 84 169 116 89 158 172 89 156
    135 2 227 170 13 228 174 117 239 41 239 151 212 160 126 184 138 147
    165 180 187 123 100 200 222 71 248 249 202 158 114 73 82 188 254 231
    167 74 46 162 102 183 190 68 113 156 190 255 156 150 106 238 126 48
    204 176 75 233 238 196 142 179 115 210 136 34 223 117 38 35 158 240
    115 106 108 118 140 103 8 17 23 137 169 120 222 155 208 91 225 13 17
    35 165 96 112 178 167 201 95 48 214 129 219 3 124 49 187 84 192 137
    249 154 169 244 110 198 105 6 210 44 49 122 242 4 39 72 63 172 123 6
    197 193 233 197 128 42 213 174 206 157 46 121 81 159 20 210 100 182
    220 80 152 202 123 17 59 136 0 248 203 99 45 164 250 82 208 30 33
    139 244 254 220 163 91 218 48 130 82 98 165 125 32 29 233 253 206
    214 21 182 220 192 214 241 129 218 174 197 72 88 151 255 255 160 119
    188 156 205 137 62 106 234 11 44 111 33 217 240 101 174 112 77 242
    217 64 70 23 111 119 48 44 116 105 247 122 65 223 215 249 39 252 1
    158 149 235 118 184 182 222 163 28 246 245 49 79 197 148 97 93 231 0
    159 35 73 5 246 60 163 74 41 173 157 96 180 60 151 93 246 166 94 210
    215 86 143 147 210 81 23 165 177 205 82 153 201 243 109 185 207 110
    183 14 13 207 197 3 177 117 68 63 162 155 103 100 170 182 115 119
    192 27 92 111 37 2 106 64 20 50 16 78 222 85 98 65 95 57 97 18 100
    110 196 182 133 184 203 54 47 48 71 222 236 250 29 207 104 17 213
    230 166 57 126 59 22 3 235 2 202 163 122 75 216 231 171 97 125 21
    185 226 146 229 3 47 200 221 183 34 92 108 194 247 31 135 206 201
    225 245 52 249 150 168 56 117 128 154 251 59 157 114 191 27 238 200
    154 165 45 57 58 113 145 150 12 59 48 101 51 32 174 84 54 194 237 91
    234 30 204 246 91 202 168 56 55 242 144 96 164 70 207 237 20 130 106
    18 58 127 254 49 158 35 70 240 100 106 224 134 160 68 132 5 186 90
    223 195 110 249 238 143 238 39 206 185 109 190 163 234 142 79 10 166
    24 191 165 128 200 216 74 7 127 59 186 208 53 192 155 223 73 25 221
    102 228 119 55 79 156 131 99 80 137 209 253 111 112 121 157 30 39
    172 70 231 195 240 158 160 65 139 147 197 8 82 94 159 246 38 248 98
    242 124 215 85 142 94 67 63 212 157 98 174 239 19 104 103 247 234
    177 98 148 32 224 39 95 77 123 255 218 193 200 226 166 149 51 91 108
    173 167 2 44 24 162 152 3 14 21 59 121 135 253 97 87 28 93 167 240
    158 7 44 126 169 30 234 205 161 114 241 82 69 135 15 146 64 104 84
    40 223 7 0 109 20 77 8 100 149 195 192 223 59 18 214 35 199 171 232
    172 251 235 61 236 93 127 30 15 224 107 107 183 125 32 179 79 200 22
    48 43 52 127 49 241 164 91 205 103 32 172 181 207 185 189 49 31 10
    97 66 38 127 145 212 217 26 147 236 177 140 169 194 166 7 0 41 209
    241 147 11 114 115 124 204 153 200 201 1 141 50 103 118 48 108 3 147
    12 20 154 163 254 35 73 23 142 103 238 187 108 148 226 171 233 12 17
    51 37 171 173 34 232 39 152 171 3 27 25 63 155 26 144 96 208 236 63
    113 184 50 231 73 37 27 191 116 17 164 187 68 40 6 44 137 69 129 152
    232 143 88 242 60 85 23 117 78 85 165 157 169 23 48 24 235 122 125
    174 75 66 185 86 100 91 137 169 69 47 106 111 159 146 207 136 61 171
    250 38 111 61 177 54 254 207 203 121 54 152 240 7 225 109 168 149
    134 88 36 5 7 128 193 107 247 48 199 88 251 144 254 60 155 173 222
    255 191 111 32 56 110 77 155 60 64 226 129 65 45 11 23 178 62 226
    209 117 209 59 165 46 146 168 69 91 92 170 18 154 89 80 194 161 182
    201 248 9 89 142 95 42 248 117 90 229 126 147 70 98 50 233 53 92 58
    38 228 165 29 251 98 167 125 30 251 85 68 221 173 179 65 128 120 232
    48 17 138 228 182 135 72 238 39 6 185 238 7 150 69 19 32 235 243 68
    44 190 4 245 50 208 107 23 36 187 160 53 177 121 56 69 130 48 212 41
    165 4 42 212 214 231 154 174 71 13 28 229 9 70 5 130 193 30 173 240
    252 35 60 97 90 41 171 242 203 193 29 103 254 248 97 205 224 79 158
    163 135 130 92 12 234 46 250 199 35 1 125 215 191 117 219 179 177
    234 18 184 146 192 119 105 238 226 147 244 31 7 97 141 16 23 88 193
    25 23 101 84 204 199 133 6 224 133 136 26 192 17 142 205 13 197 100
    112 48 64 171 57 13 133 80 51 37 103 184 178 1 12 245 182 123 191
    196 130 133 188 107 42 180 198 166 13 150 62 202 118 173 101 65 158
    29 54 164 137 243 221 240 227 147 205 131 153 55 168 220 211 32 137
    18 222 121 243 18 100 11 63 5 55 173 218 85 186 104 38 7 200 176 234
    76 109 246 241 121 7 46 41 221 184 25 98 34 121 208 133 178 22 124
    247 95 208 48 47 251 93 219 247 239 181 113 250 64 106 247 255 159
    17 93 198 14 61 203 19 68 19 90 181 122 214 229 155 193 184 205 160
    48 28 40 221 177 197 54 50 167 201 155 25 242 243 219 215 12 96 81
    15 110 235 152 37 76 92 241 41 56 114 72 117 57 82 116 29 20 122 25
    8 117 123 176 178 60 193 72 252 128 246 156 88 180 19 154 199 189 96
    221 240 155 141 32 173 111 146 191 68 130 12 80 254 173 94 159 42
    246 29 6 39 10 63 178 188 4 235 164 166 23 32 75 182 160 44 154 251
    89 136 109 31 253 101 228 79 22 183 25 194 198 179 177 50 133 144
    105 125 178 199 230 82 116 244 168 138 218 128 18 154 141 88 169 152
    126 15 247 107 113 47 176 54 254 159 187 210 101 178 189 110 163 247
    154 58 183 229 81 124 219 96 230 143 87 152 231 44 152 103 233 161
    226 77 33 128 67 164 11 154 213 80 183 85 233 242 55 15 175 103 149
    13 208 177 193 105 151 123 176 88 188 12 103 207 208 32 56 140 15
    231 48 139 111 235 237 69 15 246 161 188 68 54 252 89 220 5 126 254
    11 235 150 149 147 136 72 171 116 108 226 82 244 197 109 131 98 246
    66 253 116 104 118 219 172 132 40 103 244 190 8 206 240 156 68 48 57
    110 58 82 210 196 189 85 44 221 241 235 66 185 243 32 164 124 52 246
    154 142 144 150 237 238 112 255 58 78 35 157 87 35 156 50 170 34 142
    238 225 226 222 177 163 162 37 217 210 89 246 163 7 242 155 9 89 105
    104 165 9 252 9 5 24 110 120 109 129 128 18 54 174 173 81 70 194 98
    156 215 34 107 59 104 230 55 51 43 184 127 75 117 168 117 131 159 63
    191 184 55 129 174 92 82 85 121 226 46 11 202 141 237 215 38 216 170
    236 214 187 0 35 92 51 213 21 73 246 197 50 133 203 28 243 36 187
    203 192 180 82 240 42 13 241 159 18 98 227 77 168 233 85 39 169 168
    150 78 81 233 215 180 8 217 205 190 111 131 78 231 15 184 60 255 184
    82 139 39 47 104 56 255 142 1 104 26 24 208 25 42 66 180 254 47 207
    254 185 212 245 161 73 168 124 237 21 14 248 58 103 60 153 240 134
    24 224 134 138 204 134 176 122 216 29 143 97 238 21 67 55 44 178 70
    110 218 165 20 84 46 147 135 176 19 92 17 109 251 253 36 181 120 207
    50 116 234 50 104 46 150 121 6 196 199 48 48 146 253 171 206 223 141
    112 155 163 145 141 83 164 63 178 88 168 189 244 63 101 4 66 231 165
    40 39 187 106 156 27 45 143 96 35 84 92 253 167 110 100 148 197 20
    128 155 4 8 106 31 245 112 4 171 149 167 156 168 128 208 110 102 33
    39 247 205 44 1 61 156 33 125 100 99 226 110 241 24 59 176 79 241
    201 195 248 220 138 83 230 165 196 85 139 162 115 90 184 215 192 59
    26 0 243 150 145 171 223 78 246 142 37 215 95 237 198 184 174 170
    147 104 49 107 198 116 15 21 172 137 111 193 203 20 89 70 149 67 14
    180 26 250 147 202 167 57 128 142 153 88 216 227 131 33 141 32 86
    248 167 221 38 189 83 42 38 176 182 60 181 45 167 87 41 203 159 229
    238 114 229 207 68 47 166 145 228 229 26 64 241 52 77 232 138 50 246
    171 140 167 99 238 139 196 228 91 126 255 81 252 44 20 32 218 5 183
    143 120 5 43 36 255 129 176 48 215 82 254 81 155 109 24 104 157 230
    254 243 152 41 184 88 120 193 74 24 161 86 77 14 130 20 179 216 144
    137 201 193 101 51 165 174 199 73 26 239 200 30 227 26 66 55 219 28
    178 92 63 138 152 247 27 67 208 16 79 36 212 205 218 226 18 156 134
    164 181 49 7 48 11 20 151 219 239 229 238 197 226 34 2 17 242 51 33
    195 90 229 110 191 127 62 101 187 127 98 3 156 235 112 50 98 202 50
    194 96 175 71 41 112 67 144 58 226 156 78 84 81 200 37 118 27 46 161
    79 30 25 87 100 79 113 183 37 172 50 186 53 57 139 197 87 236 41 175
    129 169 1 63 20 126 56 115 198 222 251 252 89 135 114 91 37 88 10 89
    33 88 70 92 172 69 75 205 26 59 177 63 117 29 65 137 21 220 125 96
    123 200 74 119 80 55 74 112 229 20 168 166 60 19 228 235 108 12 185
    231 61 155 91 48 155 75 84 125 178 156 145 112 109 166 159 46 113
    247 46 87 143 90 157 228 186 121 230 237 41 186 138 110 72 78 50 102
    16 170 38 225 96 222 80 124 30 4 29 181 152 226 168 215 34 150 66
    111 214 4 40 204 59 0 253 95 210 36 119 147 211 130 167 178 72 164
    15 235 227 197 26 22 206 222 96 182 228 198 19 16 37 241 166 201 53
    222 120 175 198 212 61 99 161 107 149 160 6 240 80 227 101 53 46 171
    84 214 189 102 155 1 248 49 39 89 21 205 113 49 93 45 96 23 113 57
    34 141 18 231 6 113 95 22 235 235 252 72 209 23 164 117 48 216 212
    168 215 25 207 13 135 38 182 232 157 194 160 216 79 101 215 127 253
    225 25 147 126 252 162 242 32 22 170 67 213 53 93 200 202 255 125
    184 126 4 217 83 26 165 32 17 55 128 212 109 192 36 7 94 126 189 62
    229 168 84 235 68 67 209 147 38 53 32 5 86 24 129 27 194 173 150 81
    144 174 126 66 153 173 2 91 252 34 95 200 226 242 131 178 166 169 0
    120 80 217 151 46 16 200 6 250 138 164 192 76 153 69 146 159 122 131
    181 111 235 134 178 180 111 166 78 97 225 29 250 99 6 119 14 82 105
    6 5 72 182 47 22 93 107 242 241 138 223 99 204 168 217 237 56 197
    212 1 75 28 2 10 15 175 65 213 98 41 169 97 21 243 134 41 83 172 37
    88 1 216 206 251 89 37 86 73 13 155 228 138 67 178 52 220 208 185 43
    72 250 68 74 202 116 154 21 15 228 237 72 24 176 32 149 160 172 0 84
    148 53 197 150 173 199 77 8 134 20 9 181 6 7 82 122 99 55 243 185 46
    51 230 81 63 114 108 21 97 28 87 59 113 251 5 10 77 154 210 70 241
    20 145 208 30 147 192 36 218 137 12 247 165 88 22 192 166 150 83 189
    44 74 165 85 122 196 143 220 110 47 172 19 88 71 5 109 95 126 135 46
    77 200 66 194 198 97 35 122 93 47 76 16 80 85 158 79 16 28 171 229 9
    98 174 217 127 240 166 167 16 87 222 37 141 210 221 5 56 133 130 144
    4 52 22 45 61 205 25 146 174 71 28 117 126 66 82 68 161 183 127 89
    97 10 224 77 188 205 108 139 169 15 152 146 159 228 201 161 132 6
    149 62 233 241 182 42 77 107 185 231 231 197 27 235 63 16 44 73 249
    29 127 209 158 68 202 54 138 204 120 26 215 222 232 250 131 109 218
    19 95 168 110 13 61 213 16 220 235 113 40 186 8 32 222 111 165 158
    141 155 107 227 247 38 230 248 205 152 96 117 176 213 172 20 22 13
    134 45 103 146 194 58 77 175 181 133 115 170 209 112 193 62 17 89
    232 34 215 252 142 215 93 192 31 90 39 95 140 12 143 223 69 80 42 32
    139 192 118 16 13 59 127 186 160 115 248 172 234 210 164 255 54 63
    82 249 229 82 217 97 225 52 172 13 111 214 110 123 59 131 212 9 17
    225 67 124 229 171 103 255 193 204 97 175 98 78 43 255 26 33 49 155
    83 123 143 92 113 239 54 114 1 248 78 115 180 146 254 121 84 100 202
    32 63 58 173 19 38 211 151 63 39 161 4 12 10 52 196 240 75 92 231
    209 197 75 169 243 63 63 241 69 203 43 171 139 161 61 103 89 223 18
    237 20 105 32 34 131 210 183 255 23 187 235 234 255 152 49 161 26 31
    170 12 205 58 98 188 231 131 78 117 10 74 154 230 224 221 223 6 169
    219 74 81 76 130 32 237 162 32 49 213 74 33 90 49 19 76 87 120 68
    218 92 198 100 48 119 179 241 160 85 163 14 99 236 63 185 173 95 120
    23 40 111 234 78 244 59 191 239 111 89 58 191 58 10 171 123 63 180
    88 103 78 184 152 50 121 226 166 88 110 29 241 36 15 79 214 211 185
    157 117 71 130 196 137 28 119 149 169 245 245 98 98 89 35 185 160 42
    7 54 42 160 171 18 154 209 94 104 162 160 195 149 23 159 214 93 152
    180 203 169 45 252 50 117 135 162 61 151 117 247 33 247 178 17 122
    154 165 159 16 248 100 140 202 213 159 174 93 11 198 118 162 124 90
    199 6 200 198 214 93 39 233 13 107 64 125 77 19 53 160 6 243 241 153
    249 229 67 206 65 200 37 182 213 206 238 193 21 39 93 220 252 2 251
    83 226 95 170 11 252 26 202 49 44 114 168 233 219 151 215 45 2 169
    159 147 251 148 138 54 239 27 243 25 222 69 1 164 153 132 221 64 108
    48 159 171 72 80 108 13 75 176 107 145 141 36 219 106 13 73 105 15
    48 162 46 75 132 181 76 113 214 237 105 217 0 156 205 249 145 150 19
    124 8 254 233 227 255 182 170 32 208 223 51 57 14 166 113 255 66 81
    146 146 60 11 23 54 199 173 36 120 65 118 15 161 100 9 214 203 148
    229 200 135 105 5 183 163 122 14 193 188 98 149 235 102 99 126 32
    138 96 237 79 92 159 19 125 116 141 138 30 33 93 243 110 60 47 66
    115 96 71 53 68 99 145 19 69 131 119 126 53 128 99 97 147 152 37 168
    27 80 22 110 42 160 140 111 83 95 133 66 42 172 171 118 139 164 32
    85 95 223 48 140 20 42 56 179 111 111 85 251 65 16 138 125 192 196
    101 55 203 196 12 106 2 127 71 96 228 92 61 1 202 230 202 224 117
    226 22 188 11 80 63 31 54 31 135 197 82 44 240 20 28 64 63 202 60 47
    117 87 66 102 187 63 3 178 234 100 244 111 140 168 199 20 176 51 255
    140 84 165 107 127 180 20 138 51 251 63 66 93 200 23 20 92 45 139
    162 82 93 26 137 71 110 235 145 181 64 68 47 75 186 187 15 179 26
    171 228 191 5 81 35 230 118 34 6 40 211 44 198 153 159 51 208 59 229
    143 87 43 85 175 108 9 9 71 255 13 153 224 203 128 7 181 11 107 218
    44 21 135 46 231 159 24 184 199 245 195 5 246 254 49 248 41 91 174
    27 235 77 213 153 28 175 35 111 149 101 45 241 60 173 127 189 58 170
    158 114 210 175 15 162 128 42 111 137 226 123 110 110 135 245 28 252
    50 44 100 171 120 138 201 179 118 75 39 240 231 86 25 36 181 65 83
    73 118 12 54 182 30 238 18 173 9 97 230 110 165 118 146 173 12 21
    192 225 153 83 233 143 249 104 2 128 207 15 133 135 229 178 98 168
    111 1 207 32 19 74 62 219 196 230 145 105 144 112 199 10 238 144 33
    38 152 147 97 189 89 129 69 217 188 227 72 34 208 186 223 132 242
    213 106 80 228 148 80 12 146 101 209 118 137 138 84 25 63 170 207
    241 69 47 4 199 70 148 233 200 141 49 174 59 92 125 126 62 142 0 239
    142 75 242 24 242 148 100 188 237 77 70 113 47 200 228 24 116 38 195
    171 100 40 46 28 162 212 151 106 184 165 90 64 199 27 70 1 133 202
    219 5 218 147 222 233 15 116 51 206 17 221 94 238 136 28 86 166 9
    161 4 121 137 96 248 126 80 51 26 242 227 254 173 50 176 17 0 209 57
    220 76 60 60 118 221 72 238 53 157 240 134 186 57 78 65 251 176 1
    181 62 238 154 174 80 189 247 28 154 167 228 175 150 69 188 214 138
    201 190 76 54 204 149 224 254 175 136 143 128 211 176 176 169 183 98
    224 93 148 207 134 168 243 245 254 135 245 231 75 123 49 121 214 28
    1 191 221 211 97 194 188 28 92 97 221 185 120 91 206 16 100 118 51
    236 205 93 179 51 190 71 199 244 111 215 107 138 147 0 53 150 137
    157 178 111 16 172 69 126 104 153 131 36 191 248 129 76 150 27 175
    162 106 240 156 118 229 76 242 202 91 247 147 216 48 213 161 122 180
    219 152 40 212 84 38 155 113 110 215 73 12 144 98 110 11 64 29 200
    239 145 168 246 254 2 228 6 53 184 194 45 192 72 145 202 146 14 111
    44 77 238 85 121 165 172 140 96 99 215 134 246 22 226 140 13 19 2
    105 229 173 67 184 137 92 19 104 193 200 240 189 54 1 118 77 84 56
    142 253 118 46 32 111 69 1 36 126 158 108 163 109 16 117 151 192 123
    57 113 209 253 56 174 255 117 156 52 70 146 113 74 231 97 63 214 121
    156 95 9 14 91 200 224 73 234 146 68 84 34 72 184 238 32 67 45 153
    213 160 23 233 191 109 19 191 66 193 60 230 153 52 164 181 56 22 172
    161 211 146 60 69 170 18 217 71 146 75 172 75 0 126 142 228 226 145
    172 83 97 186 104 181 244 175 45 189 10 155 202 107 71 6 200 30 136
    170 61 74 135 166 172 148 95 213 91 158 10 36 167 205 245 114 125
    211 45 19 19 48 209 11 82 94 9 171 211 248 122 255 22 190 207 210 2
    82 200 161 232 108 117 180 101 23 174 159 41 105 178 216 226 38 146
    169 113 104 127 120 167 89 156 202 172 88 185 173 110 156 85 173 5
    56 95 152 221 249 178 15 73 50 195 252 6 119 66 131 197 166 53 228
    35 150 90 11 107 225 130 49 80 192 160 184 220 127 89 100 226 131 30
    210 138 25 31 200 243 243 206 156 79 46 73 91 2 172 68 99 68 253 54
    12 152 75 22 82 140 7 91 186 241 91 135 70 57 228 234 179 55 120 62
    8 148 163 238 6 206 46 255 55 236 99 124 250 5 62 225 80 131 225 233
    81 236 178 3 91 238 27 217 243 191 63 28 68 73 14 57 58 233 4 196
    212 129 252 90 67 89 83 69 187 138 126 40 28 165 214 19 76 228 100
    177 106 40 43 212 194 59 108 72 111 179 210 33 226 183 42 196 151 18
    50 128 112 19 136 248 77 82 181 25 122 90 221 233 16 188 150 73 57
    224 85 213 250 11 116 56 166 41 144 6 125 56 85 72 63 212 76 205 35
    31 186 68 80 3 2 2 175 99 177 110 81 4 126 254 53 191 221 159 184 14
    111 92 215 33 86 9 192 240 254 161 23 104 93 51 137 11 167 163 12
    163 130 190 16 91 206 84 110 120 244 190 27 38 110 133 194 10 219 16
    57 48 217 116 19 76 129 180 28 167 116 159 113 78 28 70 179 64 224
    15 19 136 209 239 191 214 224 89 160 157 99 63 100 25 97 33 165 220
    176 55 218 193 53 215 85 0 184 76 154 63 237 100 77 73 40 210 13 119
    189 205 188 189 110 254 229 153 121 92 112 217 88 81 42 129 203 229
    158 128 30 117 72 43 166 244 58 21 133 169 188 207 235 108 62 183 50
    86 214 139 185 140 180 177 147 77 154 36 64 201 134 69 201 39 86 129
    225 18 163 36 146 60 118 153 76 224 127 51 29 177 64 222 208 195 24
    147 155 201 102 218 192 58 196 155 152 50 108 65 104 108 63 176 3
    120 111 22 238 237 105 23 172 223 121 20 87 171 74 176 254 120 113
    73 124 240 174 65 101 117 145 205 96 97 161 67 205 189 237 202 56
    198 183 108 18 245 101 29 4 124 156 188 8 113 144 99 238 205 56 7
    221 169 249 221 230 234 212 36 219 241 2 61 195 133 65 86 62 152 112
    195 127 193 44 8 196 35 90 4 73 147 131 188 93 98 72 58 160 242 142
    72 231 231 77 11 81 214 238 177 93 247 26 145 221 14 37 189 10 25 75
    5 22 148 126 208 165 90 194 222 182 152 110 205 238 200 45 136 238
    228 69 208 230 13 227 148 137 196 207 164 75 123 54 111 55 231 21 9
    6 158 166 109 33 246 231 115 204 239 177 47 85 171 72 192 221 191 67
    77 226 247 176 65 67 216 80 60 184 15 251 254 235 5 168 101 214 117
    241 6 198 77 62 88 255 61 248 132 198 61 255 208 83 100 135 99 193 7
    46 34 142 190 206 99 156 105 219 111 47 115 150 182 106 237 116 157
    99 57 134 44 142 201 124 69 102 215 240 77 213 243 48 68 105 130 52
    61 190 1 115 196 91 145 70 223 139 236 220 174 253 163 211 250 13
    144 131 193 126 201 70 110 183 246 88 16 110 73 219 116 133 163 226
    15 129 48 35 203 94 69 72 130 232 114 196 240 115 122 138 229 76 46
    138 248 121 47 152 8 189 12 24 8 39 37 182 224 233 213 237 43 218
    141 66 231 68 32 180 8 236 74 129 176 44 216 138 253 102 106 2 23
    169 226 52 202 44 63 159 239 137 200 143 225 113 106 63 100 85 255
    45 245 211 25 171 236 196 223 89 26 88 228 199 159 134 138 82 22 115
    112 182 76 163 90 143 182 224 78 39 18 118 200 49 3 184 9 28 23 223
    141 59 102 247 169 122 14 75 42 113 127 95 18 70 220 213 163 205 188
    148 49 105 101 37 34 202 238 152 168 139 32 36 79 158 236 177 93 53
    240 20 15 84 113 156 127 248 237 59 206 87 90 37 135 119 75 203 4
    165 157 118 43 112 24 218 57 25 240 173 71 180 166 229 150 41 95 62
    96 253 104 167 150 167 49 187 235 182 0 180 43 122 31 176 178 169
    155 116 48 145 76 158 176 231 6 119 156 123 175 111 74 81 120 56 8
    114 166 217 132 22 84 229 201 15 137 183 20 151 78 165 207 219 100
    25 189 179 47 63 248 26 130 86 254 208 208 209 136 217 95 197 85 85
    204 218 0 238 75 168 153 107 45 86 86 153 60 68 29 150 101 121 253
    173 83 82 69 27 137 242 176 50 183 92 221 234 66 92 177 17 188 185
    153 207 54 40 65 117 47 199 178 197 48 28 72 218 80 206 61 153 160
    230 142 252 156 179 190 118 99 80 53 171 188 145 174 113 147 111 119
    150 221 119 58 92 83 27 239 95 110 164 196 177 185 89 94 97 175 143
    75 67 165 204 0 28 69 170 8 221 249 10 82 214 81 216 16 219 230 81
    19 150 112 180 117 33 136 60 120 76 6 69 5 66 12 110 135 180 44 100
    210 97 127 211 216 36 160 105 95 189 192 44 174 255 143 103 186 75
    55 177 172 52 164 133 63 5 246 250 153 187 188 197 177 247 238 11
    153 235 109 13 91 211 160 70 9 66 111 44 1 89 150 255 148 165 160 42
    226 162 147 225 66 241 181 22 249 210 100 105 2 106 211 84 11 175
    242 126 248 230 34 221 24 118 209 180 212 117 50 55 48 70 13 186 203
    218 255 97 43 250 250 249 131 134 41 106 241 241 73 41 4 42 181 158
    181 11 89 161 193 64 115 144 55 97 128 186 32 124 56 175 44 197 239
    240 167 210 91 242 192 190 201 130 238 169 234 252 85 128 71 129 137
    214 152 149 73 163 3 244 43 182 81 104 41 176 216 21 140 185 214 29
    231 182 199 146 40 225 80 223 174 20 105 183 55 190 121 76 0 233 180
    218 209 249 84 34 4 254 113 250 92 74 246 97 157 236 224 113 174 206
    235 31 109 116 99 75 220 10 176 197 5 132 82 226 132 148 53 213 234
    210 122 84 176 109 179 50 28 64 169 46 32 181 117 94 15 247 195 245
    143 222 124 18 59 176 117 62 203 62 50 140 199 110 197 64 53 172 121
    116 8 134 51 146 36 10 195 207 125 110 44 119 21 11 178 232 229 26
    249 118 133 180 34 83 149 67 68 99 103 119 22 145 178 52 169 229 72
    149 124 92 90 117 5 38 147 250 109 3 123 86 62 225 240 85 121 91 162
    84 117 255 212 37 226 118 249 96 91 192 5 153 161 98 11 16 64 147
    152 217 14 129 54 205 236 35 125 61 12 72 219 9 219 232 1 198 32 168
    147 248 230 209 171 239 92 188 136 55 241 186 60 111 6 183 211 131
    80 216 100 76 136 32 29 55 61 121 68 118 99 48 4 61 236 202 236 67
    187 91 248 4 112 28 16 58 72 64 2 4 202 86 248 208 68 174 220 66 177
    108 99 129 233 8 80 249 235 206 97 23 246 57 111 66 46 240 248 69 5
    95 89 236 51 33 82 73 121 30 202 24 120 179 142 32 138 91 140 247
    246 62 106 73 153 219 22 179 133 217 168 95 215 106 28 22 175 147 25
    202 226 114 158 190 96 180 54 178 200 221 92 58 246 32 110 50 229
    213 46 52 125 22 206 210 206 130 28 194 26 158 208 40 217 233 235 25
    197 65 161 42 82 182 89 39 24 155 135 178 220 253 86 251 71 145 213
    187 88 163 185 105 103 208 56 20 218 252 174 58 54 58 224 115 211 52
    119 25 165 146 96 240 206 82 200 195 222 248 163 247 238 28 34 34
    140 85 59 37 25 251 243 52 219 44 228 146 85 233 128 95 193 102 161
    231 64 46 38 21 96 68 190 217 34 5 2 254 160 149 148 186 253 145 91
    136 149 174 57 119 137 233 169 201 204 128 71 58 10 117 92 3 79 35
    217 152 133 84 214 44 248 238 1 220 168 249 255 145 167 17 60 183
    219 101 217 16 84 59 118 165 249 147 146 57 79 148 173 49 200 152
    103 80 108 196 133 189 211 180 187 102 196 44 248 57 197 210 220 132
    144 48 212 132 141 103 88 51 41 5 1 198 137 105 234 79 52 30 177 54
    224 41 228 189 193 98 68 42 184 139 127 22 10 84 72 255 213 71 154
    101 75 116 198 158 203 41 181 155 218 179 41 175 211 98 210 1 129 58
    56 210 65 111 85 84 97 1 54 122 56 54 75 73 24 90 50 1 84 207 201 55
    106 168 228 159 60 227 62 4 160 46 38 35 129 171 3 161 51 71 76 4 85
    237 51 52 187 25 229 226 49 141 138 37 0 150 24 31 103 96 95 199 106
    29 130 75 34 231 224 242 14 236 193 144 196 165 212 56 16 250 4 172
    135 7 242 229 75 234 101 221 190 142 6 63 33 154 232 6 146 189 237
    91 238 232 57 165 3 54 14 21 241 71 103 36 98 253 148 157 5 221 57
    52 74 235 197 63 115 203 147 209 206 241 151 14 151 45 95 49 48 252
    168 74 144 215 208 3 103 76 91 190 184 19 41 87 80 129 26 29 15 93
    64 10 164 81 106 213 92 128 6 117 105 110 124 155 83 49 225 134 250
    16 19 125 38 229 160 34 3 22 138 64 25 118 57 96 64 8 167 129 70 144
    198 13 254 158 128 34 226 52 96 84 218 155 72 149 16 124 147 197 58
    86 112 89 47 152 153 23 158 23 38 164 135 169 99 27 8 96 218 187 170
    44 50 70 22 141 59 137 162 1 95 176 192 97 73 125 178 198 242 254 45
    181 158 167 159 203 144 17 162 177 18 117 4 53 83 133 33 183 67 192
    180 136 223 60 124 39 86 145 214 29 46 17 10 95 240 181 74 130 67 52
    128 13 29 146 177 208 127 219 232 75 242 97 155 218 195 201 28 117
    80 242 31 24 250 73 53 223 179 125 155 207 31 6 47 109 145 67 39 198
    104 77 57 111 215 87 235 13 133 160 237 223 151 35 150 10 131 110
    239 92 164 11 152 93 87 214 235 139 77 124 69 13 210 190 106 26 219
    67 131 194 230 74 225 80 70 50 253 67 7 80 253 15 151 243 126 81 243
    67 211 144 61 202 91 203 58 3 63 218 114 212 46 165 133 119 173 27
    111 94 232 11 133 131 192 51 120 160 168 185 126 252 91 102 179 234
    71 121 213 216 225 25 78 138 179 131 178 195 202 69 18 5 30 60 47
    222 61 232 100 210 51 111 56 84 52 234 199 174 58 200 216 119 247 49
    169 163 85 39 239 218 173 214 44 174 106 45 166 101 135 84 10 194
    125 169 226 138 97 3 83 158 126 156 25 157 224 117 14 55 111 240 157
    88 99 245 218 114 240 208 190 202 105 135 177 16 232 242 190 29 100
    82 173 152 184 60 22 65 185 60 175 233 179 146 248 77 89 147 25 145
    238 72 126 85 120 151 105 60 126 212 34 11 4 71 32 125 227 209 129
    195 3 60 112 223 7 173 234 139 121 132 121 109 59 244 110 158 229 46
    118 197 36 27 190 102 80 93 67 213 243 47 9 60 249 232 129 233 170
    40 170 35 164 255 164 198 121 20 64 125 213 158 211 174 97 170 144
    146 95 118 241 58 18 204 182 101 154 113 165 139 11 67 237 246 56
    185 81 21 14 225 12 52 87 167 167 10 186 139 37 233 193 112 155 61
    86 36 66 30 174 131 138 63 251 255 126 33 10 252 86 208 149 9 207
    157 253 216 125 184 43 245 30 247 59 205 129 80 9 3 152 240 66 71
    101 244 1 36 16 25 140 107 203 249 4 47 75 156 10 76 85 146 232 94
    194 177 84 74 74 197 211 178 177 198 219 102 86 164 100 13 185 13
    100 150 96 228 186 54 217 53 20 47 226 159 22 85 46 225 251 136 43
    146 192 14 206 67 119 49 191 132 225 91 162 213 29 176 248 54 191 70
    31 144 138 39 228 95 97 229 235 240 86 61 199 106 212 212 74 138 11
    192 241 126 134 125 133 227 225 89 213 177 67 45 24 103 254 100 98
    24 155 30 97 79 138 126 107 112 166 12 18 23 4 169 118 59 199 88 90
    196 182 25 127 118 79 135 26 42 30 78 182 46 18 199 138 197 80 233
    33 253 140 103 204 170 196 182 242 200 89 62 5 54 1 189 20 118 161
    57 136 81 44 215 187 118 157 147 112 42 190 217 65 16 140 140 176
    232 230 114 119 163 155 20 88 140 0 240 17 100 239 115 155 112 247
    27 195 244 199 22 107 154 146 118 80 194 221 17 171 232 121 57 104
    120 37 95 178 64 91 206 160 56 167 17 55 149 233 18 253 118 123 35
    60 116 112 148 185 34 132 38 238 151 15 238 90 132 72 109 162 6 4
    249 171 55 144 68 111 220 183 191 72 57 59 161 198 170 24 198 45 137
    20 186 231 180 5 80 245 93 121 86 47 194 247 20 46 191 49 71 255 118
    135 181 243 20 26 16 86 248 243 246 77 54 88 123 41 100 222 210 162
    195 30 19 171 241 52 134 43 27 38 235 190 53 184 197 23 183 195 35
    202 116 215 43 67 34 249 152 189 211 251 210 16 150 146 104 88 63 74
    0 88 103 117 245 47 17 125 172 205 91 31 203 42 187 112 230 223 57
    23 29 236 195 160 67 65 159 85 195 16 216 129 40 139 240 251 52 94
    247 89 129 50 51 176 251 197 132 107 127 6 98 23 7 157 219 219 188
    151 179 7 145 209 40 13 214 37 202 94 131 9 244 140 48 85 94 124 173
    51 32 86 157 25 107 153 112 60 62 34 230 105 35 92 25 218 36 76 237
    78 72 119 17 74 130 237 16 13 150 207 83 185 42 192 34 25 16 212 184
    25 16 92 138 67 127 52 227 101 83 236 236 12 110 169 223 19 139 224
    220 147 75 30 241 46 4 198 249 191 0 125 214 223 144 98 225 45 26
    191 106 142 183 56 246 59 165 168 176 86 46 197 222 70 47 24 87 85
    24 122 11 196 208 141 83 183 18 163 102 157 146 170 70 26 213 134 73
    93 30 154 233 179 249 242 145 181 30 162 103 58 183 71 50 1 77 109
    94 164 81 13 17 111 224 4 36 77 209 213 30 144 152 43 33 239 106 10
    81 177 12 190 42 108 26 122 16 210 125 3 39 57 126 115 86 17 4 47
    120 207 5 109 172 23 149 253 79 16 7 109 208 104 237 126 216 94 184
    121 129 167 45 82 92 138 131 36 98 130 222 199 92 118 163 4 252 62
    157 103 135 106 3 128 18 91 7 182 68 134 18 74 29 189 229 169 107
    227 18 101 166 227 196 132 140 105 151 139 210 223 238 27 184 50 238
    131 155 118 73 27 217 254 208 81 3 204 148 14 22 218 200 136 193 200
    188 13 40 236 37 111 209 250 248 236 69 225 239 39 160 91 67 129 247
    185 42 204 254 10 184 8 148 153 238 13 25 175 150 4 221 25 67 208 29
    150 117 143 69 166 188 230 142 156 195 69 80 234 224 85 235 220 188
    194 190 168 235 253 64 63 15 97 51 99 9 55 146 102 102 247 103 48
    247 38 77 46 161 190 206 178 239 233 80 254 15 31 214 0 131 94 174
    249 57 253 104 90 74 173 44 157 4 123 164 23 213 140 101 70 30 17
    198 28 212 19 1 67 189 194 200 101 199 84 163 226 53 245 214 11 19
    107 10 35 197 179 248 50 139 249 177 98 129 13 23 241 195 67 147 255
    164 21 188 109 43 54 233 48 99 31 13 128 168 139 113 228 188 215 245
    111 245 176 210 134 97 138 134 15 58 104 97 43 112 174 112 66 25 59
    125 195 101 150 83 20 165 167 217 182 147 93 166 125 115 161 44 95
    178 14 83 151 41 54 6 114 210 230 4 122 80 122 180 85 37 173 92 52
    130 33 203 169 224 83 169 145 227 185 211 116 37 38 69 165 211 213
    216 222 38 220 89 54 52 136 24 181 113 240 33 169 117 178 186 14 73
    249 27 173 96 122 190 179 25 222 65 116 241 95 234 145 194 138 77
    219 166 159 237 48 213 217 136 188 99 49 115 108 130 120 201 142 58
    109 161 126 212 57 72 251 207 250 38 213 24 9 33 155 247 44 105 33
    155 176 182 233 108 0 250 133 174 161 36 135 144 247 177 77 141 78
    45 203 48 61 48 173 185 38 98 191 96 171 71 214 117 74 73 252 32 164
    61 173 5 65 102 243 98 21 93 141 37 15 13 164 194 19 142 144 238 16
    4 3 84 33 116 247 217 120 5 42 19 105 79 167 107 40 41 171 61 80 208
    214 226 249 39 112 238 38 31 22 154 14 154 122 244 199 3 59 5 197
    104 208 169 231 189 53 224 128 177 14 179 239 2 35 53 46 28 244 139
    208 246 71 145 164 54 41 70 108 62 251 140 112 128 145 235 55 161
    160 28 132 217 150 21 241 61 65 177 155 25 191 242 176 8 102 131 159
    162 13 38 147 56 248 78 92 176 166 140 9 124 238 199 162 161 227 207
    134 127 36 159 67 203 79 80 181 156 136 134 176 77 92 76 90 192 107
    206 8 165 202 139 7 9 224 248 25 252 133 228 35 44 55 241 248 163
    112 100 88 124 192 255 220 224 168 168 93 168 179 83 71 231 144 233
    120 66 189 44 194 53 31 110 219 139 34 181 234 167 29 109 52 94 84
    109 54 137 85 222 109 11 182 65 63 131 244 54 193 29 136 72 30 71
    156 248 141 51 83 252 10 126 247 64 109 222 141 232 102 175 97 134
    87 80 66 226 88 176 97 11 31 47 19 186 125 72 163 91 61 212 156 92
    62 192 19 240 115 88 46 189 119 129 31 101 238 208 8 254 151 194 197
    177 191 111 122 141 106 211 99 20 67 228 239 166 225 148 231 114 137
    142 223 72 6 88 254 135 134 95 30 108 182 158 250 205 243 198 204
    190 155 136 122 202 255 229 199 202 201 111 218 159 78 245 221 182
    240 239 189 131 98 124 153 214 250 96 247 200 14 75 202 97 31 193 64
    216 137 183 171 106 9 109 26 71 174 128 218 243 111 133 17 134 27 49
    18 78 128 135 90 213 64 191 36 252 149 191 9 239 175 34 165 141 79
    169 186 93 32 54 144 148 119 134 84 63 12 195 166 24 9 211 78 81 225
    96 207 103 21 74 200 94 222 157 78 32 102 132 170 239 195 198 74 210
    143 180 46 220 229 220 195 108 138 243 241 7 170 141 16 233 47 162
    248 21 80 65 1 86 238 202 76 128 38 122 114 137 155 160 121 255 187
    37 74 55 169 223 62 62 203 156 39 183 39 243 127 243 5 78 60 78 113
    57 226 87 27 188 185 209 95 180 221 204 200 164 42 244 93 72 69 27
    57 143 89 175 238 129 91 13 236 74 110 28 199 37 80 224 126 81 72
    241 5 24 222 91 73 172 43 37 82 220 97 206 59 212 63 180 170 2 56
    228 174 79 216 153 116 43 100 178 121 51 115 91 125 3 44 175 122 184
    130 41 191 101 86 108 103 192 250 222 195 222 154 56 251 60 105 172
    158 126 90 207 216 175 146 248 150 121 144 57 235 59 146 125 41 177
    137 19 55 136 191 205 55 209 163 251 214 238 91 186 180 23 163 223
    32 189 140 184 222 33 96 6 236 53 114 133 39 20 147 76 126 141 138
    29 68 178 100 232 64 204 64 224 225 209 159 246 92 130 61 232 168
    143 156 255 213 171 56 131 232 10 244 163 61 137 23 182 111 246 253
    179 134 112 29 28 26 207 46 171 37 160 148 12 210 75 215 222 201 68
    156 27 127 41 67 0 189 244 178 84 54 199 102 214 1 0 122 199 67 10
    236 192 209 227 28 1 213 39 190 122 143 48 84 123 116 205 72 82 1
    251 111 197 210 23 123 17 78 130 40 85 46 212 30 176 241 103 40 231
    175 187 222 94 231 98 129 111 92 117 37 223 98 29 158 161 17 150 11
    121 145 160 100 56 185 138 22 143 91 104 189 224 216 136 231 103 23
    3 14 96 165 10 41 155 12 149 120 194 232 163 195 30 93 22 180 174
    119 251 102 46 56 143 247 118 23 129 213 13 151 55 73 155 217 210
    238 100 108 136 218 254 76 114 191 11 129 169 132 54 109 225 222 40
    52 249 146 16 19 225 138 87 189 159 54 252 119 139 79 182 105 213
    230 112 81 36 45 155 100 81 57 90 59 1 205 46 42 187 126 232 99 189
    12 4 81 5 142 122 86 224 118 128 223 242 103 249 253 177 111 58 60
    63 79 81 222 88 251 186 227 57 170 190 38 214 55 35 56 45 61 52 3 60
    207 53 48 180 178 29 212 174 167 80 78 73 33 130 225 112 14 221 86
    227 198 117 201 220 53 156 152 48 41 110 131 137 73 8 243 53 29 237
    2 95 215 69 67 126 148 59 174 198 215 254 180 167 219 20 50 75 219
    94 139 58 45 136 240 247 152 59 231 7 249 131 234 149 108 105 35 70
    199 48 27 146 192 136 233 69 248 27 240 63 175 139 5 192 193 145 77
    203 130 63 25 129 5 61 175 36 225 189 220 140 56 70 255 179 243 30
    129 208 249 11 92 200 38 121 177 96 64 53 109 203 242 178 95 166 157
    189 194 192 103 6 232 57 54 119 207 19 209 166 165 223 94 58 160 100
    144 123 214 42 136 166 45 232 94 124 49 158 14 236 78 221 104 190 55
    107 200 232 2 49 120 252 82 123 223 56 239 121 108 99 206 196 91 150
    84 14 205 187 176 44 7 27 224 244 252 9 68 213 233 147 254 38 7 154
    74 230 76 0 4 174 162 177 74 234 236 140 57 89 83 36 5 239 113 92 50
    2 87 121 78 175 50 183 135 88 162 235 114 32 115 63 84 248 152 80
    152 108 53 8 85 43 165 66 216 89 22 132 216 140 102 106 19 100 183
    57 150 242 183 156 68 111 225 124 143 165 138 232 42 20 187 114 28
    236 240 91 14 177 221 108 35 125 187 119 144 36 230 75 80 100 172
    234 139 153 208 78 210 220 76 20 199 110 129 152 118 197 141 33 199
    126 211 158 239 142 204 25 165 56 25 108 60 147 131 219 62 39 171 57
    92 83 252 253 10 235 167 91 128 96 53 2 123 162 200 210 71 43 21 249
    24 180 111 37 112 127 116 44 209 197 178 202 124 106 6 95 228 124
    129 74 104 203 156 244 189 13 161 71 167 22 82 123 46 57 134 48 167
    20 67 231 184 110 194 5 44 186 243 201 14 18 238 154 2 60 144 227 24
    28 146 245 154 115 38 31 50 107 61 167 117 124 93 56 59 4 192 245
    175 128 80 68 67 145 72 238 133 124 190 72 246 152 100 229 66 167 41
    24 67 79 255 4 64 87 139 110 12 186 199 177 12 68 230 2 162 205 168
    52 10 120 203 227 130 31 229 2 145 4 6 70 178 238 125 170 242 83 239
    205 163 19 178 86 66 164 92 197 247 234 115 57 237 79 144 236 162 75
    149 135 202 250 88 122 91 29 166 27 189 212 224 41 102 43 96 34 155
    80 64 47 16 196 41 215 209 217 53 124 158 17 107 144 125 182 83 234
    43 243 165 19 185 62 85 84 61 159 42 253 191 69 9 249 39 144 214 119
    184 91 56 219 0 69 41 162 136 146 224 26 13 115 40 82 32 187 85 220
    113 54 66 31 8 111 28 135 113 80 84 119 62 215 58 11 68 156 130 173
    255 46 40 169 156 240 192 102 244 137 2 155 219 25 35 192 202 138
    148 47 233 29 129 223 132 244 22 236 95 5 173 254 146 164 39 27 4
    144 21 75 217 76 218 176 88 102 117 190 6 76 81 242 244 45 190 37
    239 232 57 159 66 27 194 156 21 29 197 111 164 28 32 176 84 43 19
    165 17 229 247 144 56 247 134 60 1 5 0 203 78 110 66 161 111 193 76
    119 238 195 126 22 187 150 250 33 3 148 233 145 243 28 13 125 207
    130 0 10 189 211 207 200 25 85 54 116 238 11 234 120 17 234 4 44 153
    99 37 38 248 183 80 216 33 194 81 85 15 26 39 131 199 37 8 131 97
    201 20 216 21 183 159 128 158 233 190 1 154 204 105 240 253 236 216
    217 34 30 132 185 147 105 110 132 56 229 54 246 222 92 253 1 126 159
    51 232 2 229 161 90 31 57 140 82 248 126 21 226 119 37 5 244 103 73
    54 225 253 26 124 143 123 63 240 47 1 205 87 26 53 1 113 149 119 31
    120 71 113 185 15 214 27 2 113 209 98 194 115 94 181 211 232 5 105
    203 25 18 199 144 61 123 45 21 235 25 215 98 244 49 203 40 208 41 38
    55 78 4 104 219 71 245 102 160 108 33 28 14 58 135 37 227 6 117 183
    231 88 125 42 120 153 6 125 25 90 87 157 164 137 165 202 14 97 161
    70 6 191 202 97 76 155 194 80 192 20 49 160 20 149 129 166 239 196
    249 72 16 225 49 17 27 3 176 31 3 36 101 74 179 236 87 232 140 222
    41 4 76 138 117 160 122 98 208 101 190 159 216 151 126 204 185 118
    186 42 152 115 6 253 94 131 203 60 33 98 63 109 40 205 127 32 125
    239 28 88 167 140 5 201 188 236 38 186 188 25 69 120 71 130 110 149
    61 68 204 222 152 79 73 38 130 240 25 135 10 43 36 148 8 33 135 144
    56 26 173 87 91 95 213 157 121 81 160 162 172 194 153 55 4 178 81
    200 24 57 239 79 254 64 149 177 7 78 252 3 171 80 245 97 231 175 185
    55 112 27 30 109 9 17 99 94 142 84 124 82 242 142 7 8 224 9 30 42 50
    82 231 184 52 19 248 128 30 188 55 198 184 52 95 36 212 73 154 54
    219 26 5 123 43 186 109 192 139 78 40 227 58 196 193 44 40 99 1 5
    169 34 165 13 240 74 76 169 222 23 65 28 138 156 147 218 118 137 169
    240 36 31 199 238 102 247 13 200 136 33 222 208 208 247 27 210 20 6
    168 76 5 23 149 163 23 150 74 216 44 177 62 33 39 191 136 150 115
    131 25 182 143 90 27 78 168 164 221 34 62 61 107 164 247 183 240 40
    250 77 197 221 15 15 22 127 122 112 110 146 243 104 18 199 72 81 26
    175 7 37 57 134 60 1 19 230 52 216 36 70 234 238 243 112 203 226 134
    126 27 164 118 0 232 217 111 235 106 71 46 212 216 110 209 86 25 59
    245 182 124 92 198 18 58 111 114 5 241 149 246 24 111 67 53 185 238
    158 174 13 98 180 115 112 15 127 169 132 79 178 126 244 53 144 253
    117 147 103 206 108 126 191 181 105 38 26 172 3 158 245 177 88 71 84
    97 206 210 27 224 142 164 175 82 80 201 195 15 193 109 94 175 215
    126 234 103 206 255 45 231 213 141 47 186 227 182 77 201 0 25 44 137
    45 27 153 83 230 37 149 70 85 114 38 228 11 77 20 135 234 255 136
    155 8 154 228 59 30 87 74 253 209 74 14 95 216 122 139 20 54 182 73
    149 99 53 142 145 71 190 84 74 205 177 131 213 243 184 110 230 191
    164 178 140 7 158 37 7 69 199 189 7 207 173 98 154 211 154 132 134
    161 119 176 160 243 179 56 112 250 189 109 156 118 209 25 234 44 220
    189 148 142 151 102 237 27 151 204 94 247 130 72 16 15 78 49 140 154
    32 152 88 1 78 101 8 86 190 71 1 27 233 182 250 151 93 45 14 186 82
    63 92 149 158 252 176 59 0 81 83 146 95 102 118 24 75 174 124 133
    180 145 115 18 52 35 154 38 195 2 83 57 150 101 187 18 36 150 27 187
    46 247 41 223 107 127 253 11 77 68 234 91 120 253 35 162 16 3 23 58
    194 81 64 9 175 228 51 131 114 53 128 9 133 238 245 9 51 78 202 18
    111 125 90 168 37 118 148 10 92 69 217 97 173 186 53 20 70 231 191
    120 158 40 194 187 40 126 68 239 84 250 96 87 235 219 73 205 91 13
    127 176 50 24 152 63 113 16 193 92 227 109 96 10 49 19 18 255 28 175
    63 47 208 85 113 168 183 46 158 52 86 24 159 164 230 121 208 116 102
    151 133 158 146 62 37 94 147 146 77 132 242 246 46 0 185 35 47 225
    21 123 92 9 37 90 190 157 16 189 122 214 210 8 208 119 138 144 51
    141 124 54 14 43 47 255 16 63 198 146 170 135 134 98 78 111 226 128
    178 59 160 237 93 112 33 221 211 106 19 55 49 114 243 74 107 184 153
    71 41 251 85 145 201 79 2 186 140 32 88 16 75 181 219 14 121 129 255
    224 43 95 60 188 7 148 237 160 38 149 200 21 157 133 235 139 105 164
    161 154 161 213 106 66 42 124 91 9 149 8 85 61 61 230 97 197 89 37
    89 142 249 150 59 49 235 203 6 225 37 195 178 113 184 59 196 74 55
    209 75 47 56 14 232 55 210 94 53 218 182 143 165 37 133 186 110 0
    186 109 177 185 95 151 142 15 131 131 142 188 222 200 191 206 23 114
    166 115 172 85 197 6 243 189 80 185 171 60 250 163 65 154 5 119 85
    46 225 93 46 148 12 242 106 247 38 180 109 198 1 153 58 66 83 197 31
    159 130 248 50 184 157 40 100 154 174 73 224 140 133 108 202 132 69
    213 54 141 3 254 93 141 217 42 148 210 95 166 216 210 38 234 97 202
    139 237 47 1 168 255 49 118 240 173 80 159 18 79 24 45 178 167 114
    169 251 25 221 213 7 28 197 12 152 242 165 54 138 94 22 79 98 90 99
    230 131 174 164 230 65 197 145 107 91 124 161 245 34 230 26 54 145
    101 155 4 41 127 127 241 4 129 182 196 37 229 48 205 114 196 98 231
    218 238 219 202 165 155 252 209 112 45 97 206 143 203 142 30 93 126
    158 210 203 204 147 211 212 49 43 70 231 127 76 226 18 140 87 242
    251 146 118 22 205 159 62 250 68 243 121 255 175 109 61 212 89 91
    159 137 246 11 68 129 144 13 71 36 248 36 207 56 89 42 153 207 62
    207 89 50 116 218 56 140 225 220 18 202 167 111 128 11 82 64 63 36
    109 126 173 47 40 87 164 204 45 192 51 237 205 200 219 240 174 252
    180 79 152 182 43 195 25 251 4 4 33 38 182 213 82 18 225 39 165 204
    75 90 3 183 96 50 244 24 218 167 29 128 17 155 234 15 34 21 141 118
    113 48 124 99 120 158 90 192 170 137 211 46 224 136 221 237 73 126
    30 211 253 171 167 188 103 95 12 110 227 179 170 14 233 11 208 45 13
    146 75 243 247 158 14 112 219 45 194 90 129 100 224 128 92 101 99
    219 9 212 177 144 225 95 231 38 241 218 204 27 74 135 180 205 40 61
    138 239 161 173 94 101 58 70 192 45 253 253 61 255 238 90 69 183 89
    216 244 226 137 111 218 180 255 185 118 144 188 68 178 11 163 44 230
    251 89 95 181 201 208 126 33 168 42 10 35 254 199 183 172 77 144 1
    59 204 55 77 171 249 49 4 34 14 119 225 29 39 141 71 89 231 105 244
    201 233 227 236 150 249 201 145 19 52 10 111 163 36 150 14 73 216
    210 249 239 189 252 75 102 245 101 237 148 176 171 49 114 175 159 16
    252 143 78 52 137 227 226 11 104 237 74 30 236 59 219 96 93 177 48
    13 27 66 77 116 246 117 4 229 167 97 28 116 127 108 13 49 120 152 84
    71 19 131 93 117 220 20 48 174 253 138 229 25 80 250 227 188 71 127
    129 189 113 13 236 76 230 152 254 200 219 163 68 10 23 128 217 47
    128 239 165 210 31 104 0 133 142 246 45 206 248 222 15 146 157 49
    208 190 140 49 152 210 150 2 152 159 201 176 17 196 130 105 72 84
    140 20 193 240 27 246 171 18 158 182 255 220 33 114 153 152 160 169
    142 49 157 239 133 109 189 140 150 82 215 116 6 151 189 0 111 190
    150 196 149 54 145 95 116 118 21 105 30 211 221 74 220 168 151 31
    171 26 247 216 206 233 174 95 161 230 86 77 218 104 253 182 62 188
    23 110 39 33 110 143 81 161 122 140 223 211 49 159 131 24 252 48 56
    78 240 241 236 14 235 16 187 140 164 198 39 183 70 63 51 212 208 108
    78 47 33 224 26 66 78 52 184 71 92 156 184 184 87 228 221 123 196 36
    130 210 99 220 166 241 243 23 62 232 139 99 210 76 195 76 33 101 140
    62 120 234 38 226 103 15 97 18 60 33 102 174 67 20 110 174 106 210
    189 239 87 10 5 231 179 76 22 181 160 77 155 218 25 89 16 99 248 185
    59 42 90 137 88 35 182 124 173 196 161 198 17 233 226 200 217 146
    203 44 210 54 242 151 228 167 199 179 103 255 45 0 91 189 63 28 94
    49 73 130 185 5 122 182 119 238 216 111 209 185 237 234 213 237 9
    187 184 32 152 232 100 93 64 237 6 73 202 229 85 69 175 226 190 112
    104 233 107 205 65 44 103 95 174 68 87 67 248 138 77 52 192 140 26
    188 113 209 111 115 18 45 148 121 199 160 150 4 240 226 237 60 249
    187 144 189 175 44 145 194 15 4 88 236 14 193 255 136 147 189 71 57
    181 239 35 143 137 10 49 10 202 165 130 55 28 160 207 55 84 100 191
    53 19 92 17 100 212 169 20 228 118 54 177 114 116 64 50 151 70 115
    167 2 9 177 246 156 66 69 227 211 131 19 29 190 29 14 100 46 190 1
    220 202 170 245 2 172 243 178 171 198 193 107 131 65 3 95 244 158 49
    104 142 63 151 28 14 68 120 52 102 172 47 250 206 173 131 165 148
    149 169 171 152 159 100 25 253 205 132 20 20 167 187 10 244 254 194
    142 184 195 170 36 100 13 20 109 184 179 32 83 75 156 213 200 61 95
    218 226 14 249 31 154 80 220 253 24 229 173 66 115 132 119 113 5 158
    217 231 208 251 222 95 117 127 27 83 123 250 31 244 50 145 249 3 236
    110 239 194 213 89 46 37 29 25 0 145 243 77 232 29 241 3 161 36 171
    205 31 64 75 55 97 54 206 217 209 57 147 208 218 199 192 154 115 97
    185 193 105 90 75 59 19 177 154 40 208 241 177 157 113 203 6 35 120
    19 171 32 255 107 181 155 143 166 72 249 23 29 111 241 146 34 252
    200 162 59 69 55 160 255 135 78 113 157 35 199 230 10 61 16 80 46 79
    125 253 230 111 121 182 152 121 110 102 210 90 177 150 208 36 15 166
    13 0 37 121 36 209 177 70 110 238 40 84 3 158 109 159 186 210 188
    186 254 211 61 247 198 170 252 129 248 90 100 144 152 106 46 148 159
    234 117 196 57 79 41 155 138 3 202 126 85 241 174 56 132 100 7 21
    238 123 156 129 160 63 0 184 245 11 173 110 116 3 27 58 133 9 67 92
    171 92 96 239 23 137 38 109 254 222 78 23 113 75 171 195 221 210 70
    2 146 23 113 52 74 142 171 7 216 183 202 139 119 206 155 96 183 20
    198 165 225 111 119 210 188 81 14 138 139 182 134 247 139 240 239
    221 46 241 161 63 188 154 33 222 117 98 31 30 173 165 127 186 132 60
    215 32 56 63 37 254 124 196 135 67 147 163 64 149 160 123 113 190 92
    71 89 80 246 116 102 18 204 21 176 189 155 141 90 144 227 5 99 97 46
    123 253 255 139 164 75 69 45 32 8 20 150 24 8 179 199 204 41 144 216
    32 104 166 224 0 185 165 146 188 14 221 49 21 34 206 189 201 242 192
    12 7 231 242 76 228 206 235 159 66 158 242 132 231 189 255 129 122
    180 50 255 246 42 220 171 167 30 57 181 208 158 214 36 253 216 184
    180 205 89 30 45 159 154 156 224 33 26 203 150 131 27 248 174 192
    211 203 7 231 50 197 230 85 181 203 156 112 33 200 190 213 200 91 43
    198 84 172 173 167 136 73 68 63 222 58 44 92 48 248 121 126 114 237
    239 8 213 213 229 123 217 93 193 184 30 234 100 199 38 209 5 49 67
    255 208 51 161 167 231 193 13 27 190 147 236 130 30 70 94 32 43 241
    35 137 84 100 163 98 208 45 215 159 176 239 245 154 12 117 156 64 36
    213 152 11 76 208 232 32 140 116 152 63 72 97 100 223 214 20 238 121
    186 32 166 30 55 10 40 37 152 49 197 216 15 181 81 82 5 148 27 185
    141 64 96 122 77 153 236 46 147 79 37 29 162 199 232 187 223 206 108
    137 22 90 89 25 54 118 1 140 45 86 164 136 204 217 149 56 194 110
    201 230 86 135 80 82 131 211 113 217 227 80 77 200 231 13 6 92 231
    94 178 229 149 176 192 111 132 48 57 141 224 71 217 222 117 205 90
    244 226 240 228 104 191 70 171 198 189 98 197 213 237 15 15 212 48
    108 94 110 13 227 249 192 64 178 202 15 156 146 187 153 196 83 186
    206 81 216 251 51 37 119 228 232 23 207 131 207 164 249 187 52 191
    62 121 217 246 120 36 14 94 41 161 143 77 205 35 59 79 124 5 209 169
    187 19 162 61 193 159 167 189 98 38 151 191 54 190 198 9 157 45 102
    22 24 115 191 190 239 78 157 37 190 52 117 251 39 62 53 85 190 80
    142 242 179 78 43 196 18 57 99 26 127 183 154 160 224 239 216 100
    184 164 26 121 248 183 208 51 171 227 195 184 79 12 6 218 83 140 155
    29 1 108 48 19 183 159 157 34 30 171 144 247 19 142 198 235 227 87
    113 77 149 242 233 72 209 18 183 167 242 63 145 185 158 246 151 58
    168 100 35 131 138 159 120 141 88 91 137 158 104 123 136 147 176 91
    98 67 23 100 173 74 255 197 123 35 124 207 146 74 215 191 229 1 97
    83 99 178 232 206 213 223 74 49 114 197 139 23 202 172 219 211 110
    84 103 140 210 78 51 150 190 39 81 19 132 236 242 140 26 176 43 154
    115 42 227 249 124 160 23 12 140 41 210 44 111 165 116 235 164 20 80
    184 119 135 203 3 169 134 90 44 100 185 225 156 203 151 33 22 197
    242 25 118 147 176 214 81 0 32 95 135 141 126 115 66 74 36 108 130
    158 95 232 200 101 228 104 204 124 214 25 92 255 142 176 69 188 8 67
    146 72 87 215 44 91 104 183 207 115 251 101 12 21 103 243 254 78 3
    144 216 112 55 84 126 205 156 75 119 80 68 139 143 201 100 58 58 214
    31 235 235 228 252 159 130 225 61 238 249 175 194 70 150 26 246 122
    159 43 109 25 26 13 128 113 250 158 31 118 225 10 77 149 71 81 34
    184 8 60 6 208 187 70 252 193 121 160 243 124 97 124 118 138 139 82
    196 71 166 11 17 56 135 155 157 187 113 173 228 139 115 156 191 194
    233 192 241 36 41 124 60 221 69 13 75 114 115 147 148 111 9 61 245
    240 236 108 153 105 235 193 218 204 79 59 197 96 8 131 187 244 190
    61 206 111 47 35 3 79 169 7 183 233 6 66 82 208 29 20 220 228 238 68
    134 225 123 153 102 32 224 121 83 185 56 205 239 162 126 109 57 142
    199 167 152 99 0 92 188 136 162 35 132 51 181 94 103 86 10 118 41 50
    1 3 132 14 0 23 53 132 3 97 11 105 156 29 231 200 131 132 187 8 103
    121 160 34 236 100 8 26 183 61 3 219 13 194 69 96 210 249 88 234 154
    98 31 216 150 160 129 235 183 50 168 250 186 163 151 125 195 84 20
    250 34 184 89 223 49 245 149 158 200 190 82 215 153 85 3 182 118 252
    175 127 197 202 11 45 250 52 45 140 135 83 117 90 243 248 9 198 71
    193 46 155 3 180 21 61 230 232 174 146 88 49 188 186 217 184 84 5
    214 175 70 99 88 5 152 209 148 76 238 234 116 100 151 88 64 206 31
    254 88 103 169 81 98 205 170 88 58 64 103 78 145 91 32 82 160 22 99
    5 177 112 162 104 77 45 181 32 162 209 2 123 116 115 195 139 229 142
    29 76 246 22 77 241 194 130 61 125 37 143 180 181 181 127 246 119
    121 228 194 120 132 55 19 252 43 235 206 69 182 216 12 59 220 149
    202 46 138 255 68 102 134 48 218 109 85 225 111 207 133 62 244 148
    69 159 154 73 255 101 14 70 200 156 34 183 68 195 34 35 232 204 49
    112 96 25 90 243 233 35 193 4 1 12 193 90 51 35 10 36 61 149 144 189
    235 41 82 70 172 132 19 54 193 180 150 51 202 254 184 243 10 215 126
    165 8 212 234 11 224 58 159 213 142 93 171 116 105 183 248 56 11 171
    158 180 91 252 75 97 45 123 26 33 146 234 23 207 90 121 173 160 194
    253 172 50 254 197 113 223 237 23 169 180 129 33 220 198 185 188 125
    203 202 103 66 253 98 93 197 146 178 149 135 239 197 56 81 159 191
    14 226 90 21 146 7 60 230 82 22 233 150 97 190 45 214 40 30 159 114
    28 254 105 254 207 71 115 5 196 135 236 245 179 32 67 98 221 135 203
    46 217 33 42 112 73 255 131 102 103 202 156 4 122 254 39 203 54 39
    120 59 18 118 38 133 68 178 66 203 3 125 101 251 220 251 38 130 239
    122 216 55 70 56 6 45 181 207 98 9 137 72 99 53 132 220 190 21 131
    15 253 0 32 140 53 181 239 62 29 70 93 160 4 193 236 235 18 39 98
    193 57 66 39 117 12 153 178 1 156 168 184 221 247 89 116 178 53 210
    32 58 230 155 170 182 48 57 236 130 142 77 74 187 187 51 204 49 46
    177 158 130 110 220 83 211 134 57 65 253 43 162 178 226 111 219 219
    117 26 174 152 4 76 6 251 179 251 174 102 76 79 165 250 151 109 102
    63 94 225 152 73 147 20 189 194 41 250 226 121 103 4 138 142 97 17
    163 68 42 48 47 135 41 23 93 84 44 242 197 57 180 139 5 89 179 33
    144 152 34 244 9 188 119 22 28 202 89 25 106 71 88 169 214 10 188 28
    200 161 106 118 180 241 207 136 207 171 184 16 87 21 68 102 193 132
    137 235 135 25 96 104 216 190 64 50 51 237 179 156 63 39 10 172 38 0
    9 238 143 34 151 71 9 79 73 46 185 180 16 153 189 20 244 78 201 251
    126 64 142 145 91 155 170 149 90 27 73 195 231 52 183 98 16 147 213
    62 39 219 224 28 220 25 16 9 104 17 198 45 149 189 217 115 34 61 224
    230 99 40 28 40 152 66 247 44 131 151 62 138 136 59 42 86 174 20 235
    159 50 88 142 34 181 28 12 37 233 145 160 171 57 182 246 144 125 53
    144 200 53 83 167 104 248 27 63 96 246 1 204 177 120 45 153 255 147
    214 130 85 95 232 31 30 221 188 104 14 64 54 186 192 207 230 249 241
    6 46 218 39 242 31 114 252 38 16 3 114 46 100 132 97 78 230 202 167
    103 143 191 160 250 137 255 16 5 114 190 60 83 38 63 253 16 33 158
    97 68 92 122 143 94 66 219 223 172 1 127 121 147 106 3 191 159 33 87
    224 49 104 195 124 184 249 135 102 123 26 38 196 217 182 108 117 100
    138 145 150 57 120 174 138 92 3 88 67 166 16 220 36 116 200 48 181
    19 1 183 201 8 131 241 1 110 113 174 59 108 106 162 70 31 177 243
    155 154 188 35 56 232 156 117 52 73 94 206 27 24 215 91 3 210 124
    163 239 121 227 151 192 150 100 15 94 29 196 44 108 193 19 240 63
    100 143 105 148 220 173 47 6 230 224 39 39 138 115 33 34 57 53 235
    137 151 250 228 202 178 48 193 242 142 204 238 97 46 42 200 254 157
    5 107 172 210 237 13 144 175 222 99 161 98 137 198 205 145 249 128
    44 57 27 199 71 244 17 125 227 171 183 122 81 220 202 128 91 63 15
    162 188 19 98 118 43 95 225 37 188 171 252 40 168 30 72 216 247 22
    195 201 196 213 4 20 249 24 190 229 191 232 197 237 80 255 134 0 75
    130 68 117 177 0 8 204 92 225 218 37 43 167 49 123 130 146 224 243
    230 153 226 212 135 229 117 142 125 103 7 59 94 222 55 69 150 211
    140 81 206 136 92 74 58 160 75 58 86 190 76 108 190 99 76 72 152 136
    85 98 85 5 174 14 189 73 34 230 13 48 154 139 105 26 248 94 155 146
    30 103 112 136 32 114 209 202 151 129 127 133 119 147 238 118 55 91
    22 252 186 102 3 172 168 4 22 117 119 9 207 162 224 181 146 122 219
    155 17 230 69 65 183 197 5 66 123 94 4 255 77 50 0 79 69 30 180 25
    10 158 84 64 252 228 206 233 167 76 8 221 184 229 202 95 0 230 97
    211 136 66 169 20 255 94 202 47 16 105 110 157 241 43 57 98 69 219
    50 211 85 244 2 24 246 249 82 90 83 180 186 136 193 227 10 171 18 66
    150 109 49 113 182 187 75 17 58 160 26 230 112 86 12 248 42 117 155
    26 97 48 65 158 216 150 237 93 146 194 59 133 164 123 151 253 37 34
    74 75 156 46 30 209 139 155 154 184 233 216 46 186 64 16 17 48 49
    222 62 46 116 15 13 115 36 209 224 229 25 59 22 179 215 175 202 57
    104 228 125 223 165 205 225 151 40 35 173 141 28 50 124 119 146 151
    129 176 9 72 121 51 93 138 248 6 46 155 4 186 178 89 69 211 97 220
    149 73 124 157 210 212 175 128 0 236 144 110 58 107 183 237 84 99 31
    54 67 233 211 248 129 212 116 47 109 22 200 61 60 245 84 21 54 234
    212 101 215 157 221 88 21 201 90 175 165 171 166 31 109 225 137 112
    205 65 20 232 219 72 209 28 18 160 75 6 240 23 59 110 125 145 187
    146 66 144 62 149 114 50 195 4 87 158 233 22 38 27 99 129 59 191 240
    245 12 85 88 106 30 21 201 204 113 84 135 108 149 128 85 153 234 157
    249 115 17 117 24 49 241 173 223 23 214 215 235 228 37 202 126 170
    35 92 56 38 92 45 199 131 130 105 6 155 4 250 212 239 235 232 81 184
    148 174 172 194 227 10 107 107 205 178 8 234 116 142 25 130 109 204
    148 72 226 27 218 197 144 155 77 38 219 11 125 10 45 210 129 252 18
    89 152 108 242 185 175 120 63 83 162 71 136 187 17 140 158 232 37
    128 101 12 38 129 51 255 102 35 84 135 128 233 140 80 91 163 136 157
    153 6 4 168 204 204 31 143 90 100 146 140 28 248 118 135 184 36 205
    3 59 98 219 71 213 83 195 253 68 247 37 178 28 3 235 83 230 214 6
    186 76 201 89 237 205 240 114 220 239 110 57 208 47 177 187 2 255 74
    86 157 219 11 199 3 80 181 211 202 14 200 188 237 194 138 222 218
    208 48 162 152 253 31 164 6 35 1 14 70 81 56 10 93 208 111 11 46 49
    190 24 151 220 219 57 235 98 12 242 93 15 173 118 38 127 78 90 223
    178 171 111 36 161 84 39 37 51 197 55 152 7 186 4 151 236 176 116
    221 5 38 128 131 251 75 176 187 12 189 142 220 18 73 164 172 76 180
    251 135 250 84 172 76 251 129 251 54 26 164 167 252 211 124 184 121
    55 111 104 46 145 121 168 79 15 124 71 211 161 148 180 66 205 161 8
    201 61 13 11 219 6 63 130 241 133 185 88 244 188 167 34 69 111 181
    110 110 27 180 216 145 201 17 217 101 21 120 64 146 223 80 227 236
    124 16 219 165 198 118 41 70 200 126 28 114 57 214 101 177 52 69 129
    174 64 100 162 226 221 26 21 252 100 242 94 146 166 0 129 234 75 113
    20 147 7 119 120 19 246 147 21 250 24 111 123 233 85 114 51 100 166
    185 141 44 172 24 89 109 174 206 141 151 237 191 82 153 2 13 190 99
    176 104 160 28 214 245 200 202 83 216 87 142 77 112 40 241 66 130
    253 211 158 127 95 57 195 41 137 113 242 194 33 225 150 48 92 177 30
    91 158 179 139 98 203 105 41 124 112 95 12 238 22 231 90 138 116 118
    43 164 75 206 55 69 228 208 156 84 68 136 35 126 88 124 222 101 253
    138 192 88 129 6 81 156 103 164 125 88 189 115 106 224 205 60 61 216
    37 88 249 136 19 158 159 33 125 253 221 221 78 50 17 30 20 30 120
    155 97 3 103 106 162 128 246 97 30 208 107 38 89 201 18 216 124 61
    194 158 29 14 105 100 235 62 166 183 141 248 6 252 107 194 45 255 46
    33 179 30 32 153 153 42 91 125 220 220 44 111 203 15 221 164 240 27
    130 228 219 224 209 61 11 25 163 239 211 219 181 124 89 133 107 156
    111 174 154 50 126 161 127 216 140 105 132 207 20 131 98 187 230 130
    177 213 180 227 221 186 50 97 62 84 113 91 137 122 132 143 58 50 243
    14 25 68 94 185 68 160 170 186 137 198 33 75 209 63 211 71 224 163
    56 245 88 117 92 21 0 52 113 165 178 227 62 30 49 92 191 153 172 246
    131 71 154 153 247 188 31 26 82 100 13 169 46 216 212 1 174 16 43
    201 79 150 186 47 171 243 238 77 173 56 238 64 196 229 94 127 78 160
    194 86 67 229 77 38 96 228 82 70 214 253 82 38 52 99 67 163 47 223
    244 94 175 153 194 122 11 105 46 195 177 69 47 139 155 117 160 19 13
    203 220 113 133 67 97 120 73 40 14 53 197 213 212 162 187 98 233 81
    196 172 55 134 109 235 166 121 64 132 138 87 182 189 69 254 46 168
    196 59 29 225 156 76 148 81 71 97 27 94 12 31 69 75 218 173 234 74
    185 177 9 240 97 97 72 93 53 36 32 122 79 32 194 206 81 48 242 23 58
    119 147 188 240 162 92 3 31 186 142 68 40 213 112 184 131 9 42 78
    188 1 106 65 37 217 223 101 133 174 65 19 14 84 147 84 58 24 97 153
    171 10 115 2 98 149 111 114 108 201 158 84 170 16 165 86 149 43 201
    83 27 175 102 119 50 233 158 240 12 124 122 33 147 2 11 189 2 229 16
    207 106 49 8 162 66 143 79 33 39 45 224 223 197 42 30 117 55 117 75
    117 81 18 98 85 170 46 151 174 141 182 149 199 118 88 114 223 131
    138 65 201 102 43 11 12 41 119 123 11 14 80 172 72 207 253 68 200 40
    227 66 197 229 195 129 251 199 217 119 206 200 114 195 189 40 14 117
    198 69 89 232 248 254 180 6 36 225 3 34 140 183 148 34 176 125 58
    201 169 154 188 10 155 226 230 229 115 41 53 59 199 175 88 89 235
    251 211 12 219 193 44 120 187 204 12 234 155 109 58 22 22 147 198
    122 5 92 155 46 13 76 241 218 234 10 59 90 230 226 108 143 255 88 25
    180 13 22 62 80 163 9 204 216 13 109 159 244 237 160 212 117 198 243
    19 244 139 64 10 128 236 9 65 110 206 73 158 2 82 218 85 117 171 58
    128 245 178 164 143 183 82 71 44 158 30 26 126 252 90 174 202 183
    136 75 86 156 51 102 70 131 226 5 109 128 242 84 115 15 171 81 114 8
    85 223 28 90 214 110 154 5 174 94 241 222 87 251 75 239 196 125 196
    181 107 145 152 209 177 106 202 81 108 80 249 253 8 64 187 15 213 0
    84 127 133 178 70 17 239 79 0 70 92 80 126 31 48 90 136 62 254 63
    142 252 9 77 115 236 14 212 106 117 7 241 233 138 107 175 238 111
    253 65 51 7 221 91 83 220 245 125 38 146 80 249 40 197 41 39 109 244
    123 229 175 220 42 203 232 50 158 56 0 137 249 111 39 160 161 205
    248 204 109 39 42 103 253 120 123 103 93 242 233 12 67 171 25 27 250
    110 62 22 122 151 40 157 62 22 194 98 244 20 215 11 13 167 81 139 81
    216 120 196 252 94 104 163 253 27 6 68 127 109 231 254 70 38 154 176
    96 224 59 181 22 243 252 30 19 226 11 218 120 229 157 69 250 222 225
    83 219 150 21 243 153 42 107 113 121 239 8 127 63 12 184 255 203 243
    157 176 4 164 97 154 136 179 126 178 245 107 141 124 186 230 167 36
    215 200 86 205 106 184 131 109 128 28 171 16 112 85 103 64 139 138
    205 16 139 55 68 35 186 51 165 37 129 196 109 104 94 236 135 255 114
    199 29 44 190 210 35 186 8 123 111 55 76 177 103 2 10 10 19 169 152
    78 107 34 194 40 242 18 113 23 87 124 210 229 165 216 114 88 156 21
    188 229 115 84 221 124 151 220 97 135 124 87 95 44 0 178 90 197 97
    77 104 193 229 66 63 166 102 26 63 255 172 236 252 79 146 23 64 197
    43 53 29 8 153 162 143 25 208 210 2 207 224 37 156 167 193 24 157 9
    129 95 189 210 102 47 102 249 162 238 199 136 225 182 206 68 22 181
    206 30 132 223 61 71 95 167 54 181 7 219 82 180 248 19 99 116 6 154
    124 181 253 34 197 110 248 217 123 244 243 210 147 193 182 186 59
    249 188 207 10 212 87 100 181 167 86 138 235 121 22 233 125 215 1
    251 178 62 50 134 69 56 107 125 183 200 15 144 145 136 228 225 185
    94 31 211 40 145 111 195 185 205 16 13 234 12 66 152 160 130 212 103
    235 169 214 245 48 24 157 123 107 85 178 246 24 130 51 191 3 53 116
    150 203 120 48 126 23 13 118 160 170 155 179 230 115 234 166 18 191
    191 51 65 225 171 67 217 128 0 182 43 55 223 124 9 86 32 31 10 0 215
    21 189 230 14 208 199 202 128 217 117 212 45 198 218 42 169 234 72
    114 1 18 190 74 134 6 117 65 94 182 140 131 29 13 161 190 82 157 16
    140 74 19 134 197 146 37 187 135 205 184 79 27 249 102 166 123 240
    78 21 216 234 182 83 19 116 200 33 166 207 146 32 85 220 165 22 54
    196 48 183 34 213 8 179 71 19 199 125 175 24 81 26 42 163 191 120
    177 177 112 196 218 239 196 232 98 124 150 53 180 44 209 183 75 104
    184 166 211 58 62 216 40 210 198 6 134 129 147 112 96 42 102 39 20
    141 43 231 55 249 98 29 248 110 242 232 215 101 233 133 174 168 77
    183 179 35 241 197 109 60 7 223 195 32 108 185 56 236 39 223 69 139
    127 61 177 13 56 176 3 197 173 161 89 202 152 146 165 177 231 112
    201 15 131 32 165 193 44 252 145 99 196 199 212 194 101 173 90 79 53
    52 98 107 16 7 5 170 233 47 255 58 245 241 180 36 156 4 36 133 56
    227 44 135 6 100 131 79 178 46 95 219 242 161 175 155 251 111 197 31
    37 34 194 229 206 198 179 106 201 98 102 12 248 42 35 131 97 215 11
    152 205 118 202 252 100 9 190 147 158 196 204 103 50 118 47 64 250 5
    134 199 199 200 79 134 188 9 55 12 114 161 108 202 39 188 147 33 248
    201 108 75 79 58 242 24 178 228 151 208 179 154 94 179 158 15 217
    219 182 197 86 29 182 209 211 128 89 230 156 250 153 131 9 220 177
    91 240 211 222 186 199 24 165 121 56 15 55 47 226 78 199 151 99 130
    177 136 13 10 231 141 99 58 170 121 92 133 50 101 30 210 42 229 242
    206 113 170 51 229 65 231 107 33 11 249 230 199 241 201 114 51 218
    86 188 82 77 163 123 210 128 24 41 33 14 89 176 3 58 234 237 241 92
    84 185 76 165 65 27 120 118 232 116 133 96 219 248 101 89 254 152
    182 176 174 31 127 145 79 44 102 223 89 117 168 57 249 75 127 87 44
    187 138 199 126 79 122 118 149 162 6 79 196 203 176 116 93 192 146
    63 175 164 42 28 230 3 17 228 233 97 22 94 76 226 60 2 187 53 213 77
    97 243 75 225 107 214 110 84 206 29 14 112 181 27 166 13 197 127 104
    91 178 120 53 82 207 106 53 96 249 96 13 139 144 166 152 13 168 149
    167 148 191 15 243 62 49 162 189 236 86 86 59 52 189 244 112 113 213
    16 56 162 24 139 31 239 204 49 60 162 253 153 177 102 180 86 18 76
    165 121 32 42 98 41 175 69 246 103 208 189 195 34 117 43 13 169 18
    45 211 221 113 86 10 128 221 147 191 148 116 245 54 221 119 222 219
    60 138 185 107 69 143 174 239 242 177 170 96 238 252 117 236 22 55
    187 9 103 130 84 139 58 179 131 8 75 204 214 21 67 173 27 226 213 43
    192 41 116 225 34 239 112 43 149 216 225 2 21 62 95 66 14 179 150 46
    85 194 203 64 136 253 52 172 200 238 106 155 21 165 186 150 149 164
    2 160 253 46 149 176 224 218 108 218 76 107 65 41 76 30 144 196 249
    41 14 166 150 55 172 65 64 4 42 201 35 3 184 102 166 43 22 157 140
    152 52 167 251 120 212 161 55 37 255 12 63 160 210 58 85 3 78 68 38
    156 75 57 86 72 237 249 102 132 247 218 36 94 84 157 75 153 229 164
    194 173 69 53 97 16 144 89 224 215 125 105 184 203 95 64 25 37 26 88
    207 219 241 36 139 199 211 238 46 255 120 33 158 13 83 93 27 35 218
    77 202 96 61 140 179 126 8 4 30 91 95 143 144 99 65 250 211 115 134
    155 154 110 165 237 122 162 242 64 144 161 200 112 221 33 188 127 39
    19 51 153 11 182 221 182 210 198 83 235 221 9 43 166 230 70 21 140
    107 141 252 150 75 51 186 141 126 13 251 100 68 186 119 243 147 200
    93 232 215 243 127 8 175 14 137 251 213 78 87 1 150 129 59 131 60
    251 166 88 75 40 180 124 180 74 11 115 165 238 141 23 26 142 255 208
    62 239 44 61 212 163 51 127 198 15 222 220 92 181 217 173 248 120
    117 147 55 149 252 221 75 105 25 233 133 197 110 87 162 123 123 150
    195 111 73 83 254 168 0 162 124 151 166 140 100 159 179 239 17 28
    168 117 3 8 12 228 50 118 102 226 230 18 40 219 74 0 5 97 217 182 9
    80 134 237 146 119 185 83 47 15 191 193 180 43 23 10 183 96 251 55
    24 126 10 133 38 151 93 191 176 180 120 46 94 43 121 47 102 124 179
    159 46 113 65 65 67 161 130 224 156 195 59 32 82 27 21 124 225 167
    211 74 116 189 226 134 51 212 58 60 130 16 182 61 109 210 228 11 238
    6 251 144 15 237 150 13 42 36 218 80 177 58 5 40 233 21 221 205 186
    239 65 205 138 113 175 122 67 128 195 11 64 66 178 255 106 164 189
    69 28 106 7 46 6 245 215 42 169 120 77 121 176 226 210 69 194 0 216
    6 24 163 46 48 122 153 111 84 225 72 117 152 153 224 3 137 108 79
    128 235 194 140 43 130 52 34 63 101 120 221 183 167 135 73 138 202
    244 185 178 230 38 189 88 8 221 88 173 224 240 247 157 206 10 15 253
    134 100 165 133 78 250 180 176 214 65 169 142 190 103 23 54 12 210
    33 76 168 233 244 146 210 181 24 254 174 245 118 56 82 189 224 49 84
    84 237 25 74 216 235 27 5 102 53 79 145 78 216 204 71 124 83 193 93
    148 111 250 93 129 23 69 181 30 175 170 232 18 66 141 240 93 128 30
    154 119 98 252 104 34 147 172 204 113 99 208 70 154 113 225 17 8 103
    78 75 195 241 54 111 219 115 167 71 79 251 21 165 64 84 248 152 59
    54 30 94 55 97 2 113 136 163 125 229 203 68 52 249 13 186 36 103 109
    162 61 142 112 157 16 89 236 99 7 176 72 81 96 73 136 195 156 136 37
    181 92 27 76 19 65 220 218 186 61 63 111 46 231 88 2 51 161 18 89
    188 185 228 196 140 15 103 80 220 19 108 49 32 154 2 11 53 85 129
    141 71 18 185 229 227 127 253 91 254 242 252 223 201 18 144 199 39
    248 143 179 98 194 180 75 32 108 121 80 85 116 216 254 20 248 101
    240 86 55 248 54 201 185 96 250 207 14 101 213 187 83 105 138 20 83
    114 181 93 73 188 164 114 130 144 21 152 95 228 227 54 217 52 19 21
    8 88 209 174 99 91 160 71 76 241 125 222 172 229 100 172 139 149 215
    189 115 6 162 229 220 147 55 87 142 172 43 72 53 23 245 16 231 148
    147 197 97 199 163 71 203 48 247 234 25 207 243 180 250 102 157 109
    102 178 247 93 227 9 16 151 0 101 111 204 247 226 229 125 255 234
    199 186 29 171 134 242 62 209 177 118 40 169 77 224 242 185 100 159
    54 159 232 57 179 37 131 81 225 98 232 205 30 27 187 133 207 196 217
    24 36 28 61 168 69 35 58 25 21 235 8 161 14 223 227 7 199 163 195
    126 253 14 154 185 186 86 0 23 129 132 78 67 10 22 92 168 29 117 217
    141 71 175 46 48 159 22 162 99 36 135 238 90 193 228 13 78 86 41 174
    7 149 168 164 110 178 211 189 219 151 3 97 242 180 214 108 251 39
    254 157 10 147 179 221 202 241 139 147 76 107 171 233 185 175 248 1
    194 83 202 152 198 178 242 196 198 99 129 239 215 88 89 129 142 67 2
    168 164 34 151 29 104 145 148 163 67 163 82 125 83 183 122 164 186
    52 39 40 38 253 206 133 191 129 69 137 103 149 166 181 237 253 190
    149 67 237 33 123 139 71 199 202 67 231 15 183 106 52 46 227 233 197
    173 5 36 217 246 180 24 39 251 220 12 192 81 80 164 41 180 121 165
    33 99 218 52 202 129 115 130 29 214 170 151 194 198 28 69 184 214
    205 64 142 136 96 124 72 179 93 154 249 40 82 155 47 227 5 186 214
    25 69 146 220 135 190 207 55 139 246 232 5 185 116 197 220 174 63 28
    243 223 185 162 125 104 15 221 135 199 145 4 208 169 113 70 16 109
    186 3 91 0 181 216 135 186 55 184 255 126 173 64 165 44 72 154 49
    164 104 3 157 123 64 15 68 194 67 15 45 33 76 138 136 30 174 168 176
    199 47 182 143 78 249 223 70 196 250 182 215 181 29 22 11 124 212 19
    117 91 108 54 179 146 159 244 79 102 202 250 27 180 32 180 0 166 196
    28 55 196 140 180 124 143 207 42 107 161 49 15 211 91 53 84 181 6 65
    252 187 204 85 80 101 196 40 208 121 189 76 96 140 58 231 18 42 157
    130 142 147 16 140 131 69 80 64 84 29 20 25 66 81 42 152 164 100 163
    86 104 6 56 202 73 53 70 56 20 168 104 242 115 63 148 228 218 91 178
    50 230 26 203 156 121 85 25 75 109 182 221 147 89 106 219 73 248 247
    252 175 72 112 109 65 95 222 18 237 186 164 142 143 12 88 241 100
    177 207 163 28 168 91 41 110 40 85 45 182 38 35 95 197 157 23 82 167
    244 171 94 239 87 8 127 73 226 243 183 60 155 47 99 190 19 10 79 229
    236 247 71 33 37 76 33 163 53 62 32 245 35 147 140 80 102 54 181 141
    72 178 83 30 238 113 89 182 86 20 136 109 73 218 43 233 106 180 78
    235 154 65 10 153 50 160 217 42 61 108 41 70 181 64 10 167 67 6 1 6
    115 114 238 181 34 108 178 233 67 106 147 93 177 197 245 154 86 38
    90 146 78 55 199 233 253 228 72 230 237 168 92 132 31 227 148 10 223
    101 161 106 120 18 215 184 88 226 121 151 196 253 48 180 134 74 44
    226 214 206 66 204 244 190 149 226 94 29 209 230 43 171 97 8 228 11
    107 192 1 84 4 191 87 3 126 129 190 67 219 157 196 66 23 47 80 231 9
    189 191 42 49 209 29 239 196 115 147 251 39 105 163 30 74 83 154 0
    212 194 40 1 46 63 177 33 4 8 205 249 3 233 195 5 251 188 188 46 251
    169 208 127 104 30 250 217 135 50 17 245 156 116 207 67 22 57 60 160
    29 128 153 42 63 60 15 65 212 247 180 115 144 136 43 29 2 252 38 133
    95 3 194 87 243 154 97 210 116 180 162 213 12 142 178 216 249 180 6
    232 28 254 168 59 212 179 194 56 31 126 44 94 75 150 46 43 126 75
    184 179 176 127 70 24 228 21 185 208 88 85 88 21 241 88 131 9 23 136
    136 154 16 207 216 164 216 205 85 83 41 108 247 247 94 214 100 5 70
    208 109 246 78 58 74 46 44 215 155 91 97 202 3 153 7 18 30 144 117
    248 63 14 49 196 32 84 221 28 7 195 77 42 104 226 43 156 127 222 226
    178 130 252 153 25 169 53 32 78 5 247 108 135 84 33 198 91 202 224
    159 75 113 143 225 34 200 232 108 165 198 149 81 191 10 227 63 82
    148 36 72 52 69 235 36 161 28 181 26 131 112 145 60 193 30 84 78 194
    186 104 91 96 52 3 68 207 66 165 33 237 154 47 116 170 33 185 203 99
    241 192 246 218 128 205 85 78 89 201 167 164 250 204 72 98 208 255
    77 63 163 74 120 118 223 47 16 169 115 249 231 31 66 194 197 99 170
    188 7 61 24 101 217 222 56 214 172 34 214 205 121 1 214 209 165 66
    79 81 184 175 244 221 182 239 163 24 108 190 32 129 81 30 100 73 166
    51 201 0 227 95 218 163 184 163 60 91 53 172 218 44 229 142 167 98
    240 21 168 212 52 107 199 148 235 200 66 126 171 192 105 108 154 157
    40 174 161 0 144 228 86 193 95 102 213 231 79 201 201 137 119 140
    252 93 162 26 22 181 234 157 43 120 112 233 245 203 148 112 249 119
    89 92 124 0 87 96 208 130 167 0 71 175 189 220 249 189 76 229 154 32
    204 112 166 242 213 108 241 89 109 241 60 236 230 187 201 36 66 209
    58 102 124 60 35 80 150 155 106 39 33 16 245 171 127 109 39 147 107
    95 227 159 227 188 207 222 29 5 18 9 113 212 225 132 80 179 148 78
    233 157 178 180 206 200 149 2 227 66 86 214 206 27 86 218 230 35 168
    11 149 211 198 243 124 168 143 222 13 130 173 194 47 98 23 37 215 76
    59 236 158 251 232 125 152 222 93 229 189 90 64 196 219 92 137 216
    56 65 122 84 184 227 193 178 35 103 214 146 215 167 55 157 226 194
    97 206 241 218 65 92 28 143 174 51 24 15 132 55 135 197 4 102 223
    153 161 110 181 33 160 25 180 65 29 252 1 166 178 205 108 163 230
    229 148 37 65 203 204 14 112 160 10 232 102 163 95 54 203 147 10 3
    204 99 64 113 236 201 66 133 142 146 152 199 38 86 206 238 57 73 71
    228 217 235 179 160 69 182 0 251 159 228 84 99 17 66 66 244 118 253
    164 68 106 51 93 25 216 212 44 162 254 105 208 101 227 243 230 85 58
    108 238 250 153 169 189 38 147 229 250 195 180 36 83 187 254 159 200
    158 105 103 222 238 229 80 126 27 69 81 53 148 201 8 39 91 10 108 27
    25 198 120 180 52 220 17 212 122 101 168 112 135 244 125 124 155 201
    243 244 25 169 90 22 11 24 159 177 52 142 229 30 49 196 255 5 31 165
    225 2 137 178 29 16 245 66 182 199 17 31 239 42 165 205 51 5 0 31
    202 217 250 174 237 81 203 62 171 48 161 127 96 139 23 49 241 82 53
    206 56 103 18 190 111 103 97 249 100 219 111 29 143 89 166 55 10 115
    222 47 158 74 154 26 225 93 47 80 86 188 82 159 251 90 252 46 65 56
    79 147 245 111 104 97 141 86 132 165 90 51 204 231 246 254 124 121
    73 78 204 4 156 117 7 164 17 8 209 96 228 186 135 177 158 241 145
    168 78 252 44 56 63 36 253 225 175 68 226 226 172 139 156 167 183 88
    120 241 211 99 148 184 56 223 123 123 210 212 238 155 180 25 14 187
    77 151 255 12 191 169 213 226 246 80 153 87 99 114 205 206 235 247
    145 234 142 203 242 15 100 90 157 15 6 92 45 164 144 55 250 120 115
    115 231 72 179 85 77 161 255 214 232 250 106 222 104 101 202 94 129
    227 101 133 194 80 160 237 167 233 151 152 36 218 209 227 45 100 99
    48 221 4 158 111 220 235 92 241 95 2 56 244 113 156 137 186 250 137
    129 101 90 145 212 232 84 27 24 164 122 32 246 182 168 110 82 33 97
    7 199 218 42 232 207 108 104 74 100 77 60 122 205 71 12 76 28 196 58
    114 24 55 197 220 146 165 175 33 5 165 231 66 218 224 194 198 68 15
    24 231 85 229 81 183 111 91 230 124 148 57 113 176 94 145 58 178 147
    103 188 29 239 194 107 151 139 235 62 52 95 215 150 145 151 10 57 64
    252 251 169 1 253 116 97 46 120 126 236 99 242 61 167 232 211 217
    240 210 106 186 45 70 10 212 131 201 98 211 169 252 164 194 232 67
    186 26 188 101 97 70 79 189 84 173 214 185 53 237 169 6 182 190 159
    101 77 25 62 4 99 174 180 98 77 78 249 144 152 79 175 79 59 77 158
    75 98 101 215 162 219 239 16 213 198 11 57 172 177 49 31 78 253 75 0
    119 236 94 106 218 241 185 86 26 12 151 103 159 34 20 244 46 209 193
    67 184 230 120 144 190 180 238 174 147 110 19 60 66 186 84 36 185
    127 214 47 146 155 135 155 186 45 199 107 132 152 14 68 43 165 140
    30 90 18 242 36 244 85 83 224 44 95 94 168 71 2 218 247 85 168 35
    248 16 3 193 48 121 74 73 189 14 193 183 119 245 210 213 134 33 164
    81 171 112 179 136 34 191 212 108 133 75 39 4 209 109 1 51 154 53
    252 13 124 169 240 166 63 93 5 122 117 123 168 115 110 122 113 220
    26 45 1 160 212 84 167 211 42 14 172 213 225 77 199 219 132 163 121
    154 173 237 151 5 221 69 56 164 111 194 6 124 101 178 4 118 243 72
    76 164 32 152 111 185 65 230 98 117 29 39 185 42 242 157 83 111 112
    179 84 39 8 228 55 95 52 203 121 89 135 196 120 86 183 6 181 144 181
    111 142 235 27 143 161 170 116 87 184 104 240 8 8 236 249 171 97 108
    173 60 123 112 83 186 243 252 221 156 19 210 249 85 27 114 202 170
    78 51 13 134 123 147 43 45 158 78 255 146 62 146 15 14 72 106 247 45
    194 143 30 111 53 180 26 166 216 167 135 237 216 21 112 236 80 157
    81 27 88 53 253 188 125 241 170 200 252 220 23 47 125 95 255 85 14
    217 84 227 42 148 23 255 189 131 0 24 105 61 216 157 35 114 79 182
    35 143 235 111 5 59 245 73 33 38 42 132 109 33 59 24 34 203 220 250
    128 242 68 50 62 251 60 65 195 7 140 54 65 241 184 88 159 184 105
    136 195 212 176 3 67 234 116 79 173 71 58 227 53 163 158 242 193 151
    179 49 141 81 120 160 242 255 33 166 37 224 120 171 8 35 156 19 138
    4 229 42 87 168 173 30 192 179 227 57 47 25 104 171 102 20 130 230
    79 135 73 202 9 237 42 10 202 14 184 208 4 204 122 178 134 128 19 85
    37 254 131 251 170 49 11 148 161 211 96 249 110 7 206 203 158 96 209
    248 235 237 14 77 145 157 180 238 162 197 101 181 196 113 191 235 86
    191 156 205 227 144 227 240 88 52 43 193 254 44 46 76 255 170 7 179
    98 227 13 92 161 137 51 138 153 226 31 132 116 42 139 255 2 31 134
    31 81 19 135 162 104 208 63 237 228 116 73 153 74 77 63 239 130 192
    55 29 23 91 158 235 106 178 103 64 130 181 157 26 91 196 204 224 127
    59 35 140 138 119 161 159 234 221 99 80 112 27 26 170 8 9 38 76 32
    219 229 76 210 162 111 27 204 72 147 10 202 172 182 3 192 42 236 9
    72 206 155 64 47 37 51 84 2 144 152 254 66 203 202 163 32 76 167 190
    110 92 174 127 249 108 129 114 147 19 74 11 118 88 173 190 43 165
    247 155 205 56 8 227 76 5 251 53 218 198 182 248 78 157 8 186 226
    244 139 208 79 95 47 45 113 126 97 220 226 183 84 17 146 152 190 118
    101 200 46 101 151 237 83 167 176 12 112 32 110 75 219 218 182 16 67
    154 209 170 25 55 138 169 21 43 129 127 205 173 71 133 220 196 26
    198 42 53 143 42 148 77 152 144 254 136 164 44 127 236 32 178 111
    204 73 23 117 233 253 246 201 159 147 185 13 27 137 80 109 11 249 30
    93 92 17 59 249 128 81 246 83 198 157 82 137 202 36 99 69 49 151 249
    79 204 20 144 149 204 75 109 155 111 118 209 46 203 234 4 25 83 47
    89 126 150 231 120 146 136 188 183 66 21 90 151 92 125 39 157 233 55
    110 245 15 117 169 72 211 234 147 163 117 236 249 15 190 71 159 109
    45 89 55 168 221 84 6 238 184 12 147 92 11 185 194 195 193 219 164
    126 116 84 192 125 252 56 135 237 163 34 71 50 190 50 159 205 239
    209 90 86 56 195 241 119 82 165 117 204 56 19 5 15 101 0 174 77 160
    181 94 82 129 196 163 213 41 181 2 81 235 122 108 82 176 92 41 98
    137 46 179 115 76 44 230 90 232 89 5 135 201 183 55 144 128 134 165
    163 140 112 212 12 208 104 247 152 102 130 211 254 149 23 32 59 200
    137 38 213 110 116 87 28 184 50 53 243 119 224 116 233 246 138 127
    194 36 151 165 80 169 138 98 254 248 39 68 49 174 234 212 84 90 174
    170 39 20 226 128 248 8 188 217 181 46 211 42 69 228 254 0 124 201
    189 202 23 255 207 6 58 234 8 135 53 195 206 147 105 49 142 160 70
    111 213 178 181 235 73 84 148 63 0 232 236 50 193 127 160 240 74 189
    141 17 62 19 74 174 120 98 157 81 252 42 197 49 139 206 123 52 217
    38 46 154 86 94 31 217 255 211 97 185 17 11 27 25 213 173 73 85 105
    147 221 10 161 219 52 110 211 46 40 206 166 235 120 240 125 95 158
    189 245 192 16 40 105 168 113 151 167 85 66 47 59 136 171 238 227 25
    187 132 99 16 160 184 87 11 170 141 23 221 120 16 138 86 65 156 176
    233 243 106 61 45 188 26 44 33 146 114 50 58 74 224 95 138 207 168
    32 150 126 201 174 23 147 104 86 188 29 31 245 0 145 197 96 75 128
    125 203 117 94 208 19 119 230 201 182 25 201 130 74 164 95 72 227 59
    78 109 143 178 66 113 36 33 216 26 158 223 242 22 218 219 224 3 203
    219 180 124 191 225 199 146 35 196 10 23 9 45 56 203 236 95 43 141
    74 192 238 73 27 26 203 194 177 14 94 3 140 2 207 83 39 49 202 151
    91 75 198 80 167 151 121 29 147 154 210 148 251 249 194 208 243 179
    95 203 104 147 145 111 159 11 128 115 0 152 208 87 116 148 238 240
    22 122 110 234 152 14 148 38 24 108 42 126 112 124 198 84 87 130 200
    171 151 2 219 237 247 69 76 142 19 80 121 116 88 153 94 29 237 97
    153 40 116 100 170 180 217 108 107 51 158 248 226 61 243 156 193 161
    35 78 18 117 163 51 103 102 220 197 163 247 161 35 91 54 19 160 25
    11 184 89 74 89 220 59 165 156 89 141 84 54 187 203 196 106 16 163
    45 80 43 173 75 105 82 241 230 220 81 133 161 41 61 244 2 52 100 233
    242 135 92 135 202 193 16 217 186 215 145 217 25 86 99 255 6 48 79
    159 228 169 203 113 141 247 63 126 60 172 71 157 190 40 153 217 194
    113 3 106 236 183 224 58 73 9 201 125 27 222 128 226 47 4 140 249 87
    67 76 80 116 180 107 109 154 171 103 3 171 176 106 14 192 77 223 247
    122 54 5 58 239 1 169 208 215 234 109 188 150 181 92 187 79 61 123
    226 76 38 167 213 79 90 170 228 250 231 51 96 164 99 0 249 32 107 50
    163 52 151 187 45 91 68 218 136 228 233 179 231 200 163 75 148 79
    103 50 250 188 148 42 200 159 74 17 246 55 55 196 115 228 26 43 52
    121 248 115 163 145 44 252 203 37 162 69 139 152 113 86 227 8 41 196
    10 149 186 243 252 2 155 200 111 171 146 144 252 117 223 216 242 241
    144 152 165 54 22 208 134 34 141 150 36 54 160 142 212 9 12 76 86
    227 191 245 67 161 81 90 37 243 88 158 179 63 49 155 176 22 41 202
    190 21 47 117 185 47 11 247 54 9 14 98 171 63 246 197 254 125 104
    168 201 183 71 206 198 213 165 96 59 121 232 27 154 34 52 89 119 6
    97 116 130 221 19 71 62 188 72 89 101 44 210 69 191 92 208 28 52 97
    183 210 77 228 125 141 210 132 125 201 23 100 39 18 105 74 75 158
    200 42 41 102 170 37 223 201 189 99 47 134 226 36 177 248 6 249 235
    189 197 59 40 182 124 36 86 242 30 117 161 146 120 161 250 247 155
    110 244 38 24 118 239 92 80 85 180 177 105 66 216 134 224 229 74 162
    121 126 181 98 163 121 39 0 190 12 106 124 8 65 250 17 227 44 138
    180 104 108 13 130 101 3 29 98 149 101 106 57 53 253 63 26 224 172
    35 165 242 221 211 227 151 180 204 131 48 27 236 229 48 145 91 250
    68 228 126 74 179 232 189 250 44 175 178 48 227 234 178 175 97 30
    233 242 86 135 26 192 34 134 23 77 73 167 113 200 104 164 218 245
    162 95 22 32 133 17 34 79 195 188 243 138 150 97 62 88 118 88 213
    108 163 94 39 44 172 91 201 142 43 43 118 204 71 188 90 129 198 233
    24 8 129 161 138 200 197 85 120 48 218 124 209 35 249 193 29 130 22
    174 47 174 110 90 198 227 16 100 179 20 42 166 132 43 188 164 217
    167 203 106 172 141 3 20 194 200 208 12 113 67 241 168 60 196 189 3
    105 108 228 150 90 154 80 164 32 123 79 85 47 244 238 253 173 213 14
    70 91 156 7 157 79 4 24 250 45 249 81 62 153 83 40 255 166 70 253
    150 27 51 127 2 62 47 203 151 51 170 226 51 124 202 107 140 148 74
    88 82 202 86 225 158 185 109 237 180 57 119 77 181 242 129 155 72 40
    153 177 19 207 19 107 42 200 191 225 139 195 17 86 223 19 111 221
    208 136 93 218 96 55 122 181 201 247 144 206 200 189 238 131 114 87
    63 183 25 115 72 28 44 230 48 92 254 49 45 227 153 96 1 17 107 249
    91 12 174 170 222 38 214 29 130 61 138 65 250 133 28 53 186 15 1 131
    159 83 102 201 99 56 128 139 249 123 122 148 224 227 71 108 111 242
    9 172 172 217 117 43 149 64 240 29 130 18 44 123 89 39 231 117 231
    37 151 93 164 239 189 169 135 97 53 73 214 11 160 237 76 15 124 173
    192 222 228 10 248 22 144 104 4 56 27 192 81 54 27 22 115 97 74 243
    92 29 84 189 108 5 52 50 156 87 77 193 146 147 249 85 100 3 50 92
    140 222 62 250 186 28 96 212 36 235 77 171 13 205 199 94 192 239 106
    172 251 163 13 115 21 194 233 238 139 103 236 69 103 104 41 50 144
    61 37 182 92 160 87 91 221 4 181 187 226 40 234 248 180 213 152 252
    143 110 73 225 242 56 195 228 201 186 170 188 144 202 51 242 148 181
    191 141 118 120 255 166 136 39 15 208 124 249 73 25 93 229 164 231
    79 217 140 115 122 35 156 222 166 159 228 110 102 207 99 176 207 123
    189 194 206 64 69 141 245 249 77 140 12 148 254 6 22 180 52 80 163
    229 229 43 211 235 172 87 67 100 114 231 139 13 192 48 64 104 98 10
    191 241 46 77 176 53 101 187 122 191 223 118 46 27 136 48 88 10 108
    59 10 78 240 20 253 74 166 221 184 191 15 152 129 159 249 76 121 6
    163 86 117 237 74 136 122 231 143 104 248 141 83 103 204 191 151 238
    9 233 127 56 206 170 178 164 35 133 112 213 224 197 63 91 73 203 28
    187 138 139 48 137 204 10 68 222 43 79 18 204 223 171 114 8 221 55
    183 198 159 211 86 125 75 115 14 86 204 167 38 116 130 192 13 187 20
    0 156 96 6 96 111 52 20 30 165 237 127 201 217 28 172 200 33 222 173
    122 58 220 104 108 180 215 127 162 31 118 213 167 128 175 57 210 228
    179 95 88 115 34 70 103 129 105 15 96 160 133 75 9 106 207 38 209
    197 142 211 241 23 37 198 7 212 42 63 65 252 136 189 235 30 39 170
    150 184 28 194 68 63 107 18 164 167 159 95 55 109 73 173 213 224 93
    175 59 49 18 124 15 27 83 209 193 51 183 249 47 255 166 25 171 115
    237 219 233 198 246 162 172 92 43 77 49 141 227 212 55 148 97 210 73
    54 27 132 215 248 7 143 203 239 142 176 74 2 249 97 172 228 8 11 31
    239 28 36 50 173 238 132 177 18 160 176 220 79 242 95 109 0 196 230
    95 170 175 223 162 104 231 128 37 76 72 15 161 96 96 160 194 219 146
    87 243 174 251 214 103 194 53 133 157 121 25 110 58 135 214 173 241
    166 182 162 118 150 147 51 60 190 198 11 97 97 28 116 139 195 14 125
    171 162 255 207 32 192 62 37 55 7 83 202 31 144 175 53 232 37 107 65
    168 145 255 69 246 167 23 105 176 155 75 42 17 21 98 26 117 29 45
    198 82 242 135 225 130 243 95 52 137 83 156 222 32 42 234 159 196
    148 46 3 246 12 168 58 108 141 51 203 210 156 41 134 129 151 255 33
    27 86 107 238 224 211 26 76 209 234 78 100 119 212 31 251 90 155 246
    16 84 227 96 102 8 119 209 217 252 243 117 241 248 213 50 10 126 81
    233 224 169 174 134 43 250 228 126 86 244 223 60 39 11 116 232 227
    139 121 182 40 57 31 88 150 161 29 6 2 99 3 28 70 220 215 186 81 228
    1 231 245 158 124 30 151 252 164 184 90 137 217 146 63 184 208 140
    222 168 79 37 1 131 153 106 171 233 21 225 155 93 172 212 228 142 88
    2 73 100 15 47 251 132 159 50 243 210 15 186 40 72 22 230 203 175 11
    209 84 237 131 121 85 214 81 86 182 34 214 145 71 100 72 176 132 237
    127 228 80 26 71 100 26 121 56 65 205 126 173 193 116 22 130 180 254
    195 31 254 133 153 149 48 50 32 95 86 74 140 149 180 231 162 15 109
    152 72 146 220 202 196 243 182 140 33 58 94 225 230 27 188 12 173 30
    72 198 1 124 154 211 54 49 131 62 31 219 163 102 91 30 99 145 220
    134 137 6 164 93 166 77 109 237 104 80 244 209 9 9 120 30 153 127
    254 88 15 251 123 161 65 48 236 231 188 28 122 218 240 14 12 213 201
    201 43 253 182 11 206 1 80 242 222 231 224 116 218 105 15 149 180 65
    134 118 9 4 127 168 229 11 172 220 76 202 17 144 52 154 158 192 31
    10 85 186 37 185 166 106 68 15 232 192 78 208 31 80 147 223 14 253
    93 61 234 93 200 109 41 104 61 206 92 54 58 146 102 65 238 129 139
    153 127 172 175 187 144 4 184 84 147 133 100 206 57 79 233 136 54
    159 235 17 62 5 212 212 147 224 241 185 85 182 218 71 87 90 73 78
    168 215 227 53 107 214 142 85 4 210 22 53 32 79 15 200 219 183 141
    104 95 61 136 12 38 80 210 180 80 233 182 250 122 144 103 33 204 24
    16 12 88 117 208 140 22 50 224 73 80 70 23 194 102 42 109 170 234
    180 249 218 3 131 145 249 139 102 110 255 181 132 47 130 102 96 106
    110 155 122 199 122 86 31 108 175 185 32 145 39 15 0 246 154 79 49
    177 225 161 40 179 151 250 98 48 8 232 170 203 38 6 76 21 30 238 50
    84 20 211 27 186 144 42 73 171 244 98 58 170 9 132 177 154 112 89 72
    140 209 19 252 141 226 107 250 231 253 247 205 237 196 143 41 241
    149 211 14 166 159 220 237 139 19 150 196 103 36 73 21 242 80 234
    153 244 223 166 16 40 54 109 65 7 94 51 238 236 96 137 86 26 203 233
    226 50 128 253 197 7 4 211 156 114 119 132 64 245 0 127 44 216 21 48
    173 213 111 161 39 81 52 234 127 144 146 190 15 110 248 153 93 69
    194 108 245 118 155 31 167 133 213 98 64 60 198 57 194 108 162 30 21
    158 43 238 0 59 182 136 4 136 228 59 13 63 21 149 175 181 125 96 210
    68 206 48 122 146 235 105 20 207 50 168 161 66 179 244 120 187 126
    226 4 250 68 43 149 42 0 160 189 147 28 143 209 102 135 243 201 179
    66 48 254 56 192 144 45 5 219 66 70 169 255 185 131 105 129 219 249
    129 118 50 182 22 7 214 181 145 200 49 158 140 69 133 242 56 65 245
    89 47 92 194 147 45 164 10 126 14 176 67 152 249 206 101 125 216 166
    242 255 130 185 193 158 113 246 126 173 56 78 5 152 75 170 122 37
    211 111 133 10 231 19 186 20 67 251 3 125 181 30 233 61 211 1 193
    241 79 213 52 44 225 183 109 25 138 82 162 207 92 45 225 250 211 2
    83 244 168 247 138 178 64 142 120 86 177 35 155 174 215 10 70 101
    180 23 40 167 243 118 60 160 253 216 65 244 252 144 33 27 193 98 65
    197 192 186 140 93 146 186 63 200 113 62 73 44 79 117 0 166 188 13
    197 58 82 201 63 162 189 5 132 53 225 71 57 68 139 247 76 173 141
    206 25 94 77 17 163 188 220 192 66 163 118 74 65 126 8 162 179 111
    92 239 19 239 251 154 77 128 21 161 146 57 178 92 155 108 92 194 140
    202 164 145 158 182 177 159 74 240 173 132 81 180 201 223 20 185 52
    23 174 198 144 16 12 223 207 45 250 180 100 193 184 119 222 101 28
    71 206 116 59 88 59 88 37 4 58 181 168 206 136 182 247 29 88 84 34
    107 210 183 172 148 206 44 103 174 37 140 57 221 182 234 171 227 159
    19 204 73 250 43 119 134 140 94 191 160 107 147 226 175 14 84 18 9
    42 190 57 91 23 172 237 105 159 36 245 6 101 100 150 132 113 47 77
    234 249 18 190 165 83 210 62 193 133 124 240 162 43 1 172 149 135
    253 193 236 163 204 251 1 79 148 172 157 16 196 117 239 196 18 66 62
    55 232 71 98 173 195 132 79 111 138 188 145 85 163 83 129 53 252 171
    124 234 100 180 71 6 234 141 142 33 249 13 32 19 69 63 121 237 132
    241 186 166 40 189 119 4 11 62 90 105 223 199 142 244 199 141 233 98
    38 94 19 200 147 30 111 169 30 88 91 71 176 164 84 128 83 167 128 11
    67 104 154 69 211 118 254 9 44 14 80 181 81 142 32 49 189 84 16 176
    69 26 143 83 235 31 118 148 44 114 209 78 37 171 32 92 22 105 255
    125 86 18 94 55 195 153 28 216 243 65 66 117 24 196 117 168 127 41
    12 19 21 136 34 84 98 239 156 139 180 136 104 79 145 140 161 18 139
    126 91 144 145 207 200 227 157 143 200 166 193 66 229 95 140 213 255
    110 168 82 5 208 86 133 39 178 56 33 254 39 2 90 80 240 69 97 56 179
    162 211 213 126 197 232 218 87 104 211 10 178 107 76 247 63 134 239
    49 69 223 149 149 3 207 153 199 41 121 219 177 55 3 19 29 88 12 254
    59 123 33 140 252 125 214 221 173 129 0 70 106 175 220 70 249 170
    108 59 98 78 91 232 48 242 158 214 43 2 0 213 114 213 138 83 246 43
    146 185 223 7 67 57 16 25 126 212 230 71 21 243 128 134 75 9 239 142
    47 151 209 121 246 9 211 22 199 185 195 186 48 79 152 146 68 130 126
    82 145 59 53 162 232 97 203 92 159 70 50 188 2 64 99 142 172 147 158
    88 61 176 180 74 192 9 41 152 153 43 17 127 99 77 188 32 125 103 221
    135 219 231 44 157 219 223 15 60 6 219 127 83 61 32 106 165 84 98
    152 216 159 23 14 151 195 169 217 3 105 24 159 148 157 95 58 18 110
    95 3 121 87 84 200 37 126 43 51 113 139 217 118 30 243 217 191 197
    69 42 31 19 141 39 78 203 134 255 150 144 111 218 214 129 249 137
    100 254 112 248 119 123 50 103 3 210 235 40 19 210 60 198 14 35 249
    133 183 201 247 132 64 44 163 114 85 114 45 249 177 203 18 57 66 33
    178 9 157 41 104 154 240 77 51 175 14 255 239 242 116 117 89 75 170
    24 11 189 151 6 224 183 168 53 199 111 55 158 46 14 102 28 239 56 55
    58 45 140 135 71 6 202 7 134 15 60 69 12 17 225 151 18 162 121 13 93
    238 34 118 201 113 127 237 16 68 1 187 25 29 157 241 146 85 226 72 8
    213 40 201 27 185 159 25 77 9 137 61 141 55 191 96 12 176 82 57 197
    182 20 136 196 158 142 93 117 194 41 69 171 43 89 103 24 106 133 47
    43 102 93 51 173 161 210 26 151 106 34 20 188 63 188 181 220 132 202
    200 248 161 169 171 234 35 1 45 53 187 251 95 142 14 234 174 252 28
    203 218 54 163 198 3 210 50 85 69 169 143 82 157 159 171 154 104 144
    32 25 195 106 178 156 89 106 23 77 141 185 104 139 30 140 77 126 161
    11 201 254 249 28 115 2 10 70 12 237 188 185 102 240 235 138 249 216
    101 88 108 187 224 250 172 163 142 202 165 188 121 237 120 131 188
    99 69 70 5 77 9 191 19 144 133 31 141 73 220 119 37 152 80 175 71 85
    82 193 210 69 172 210 222 144 224 51 54 144 184 97 201 232 146 48
    200 208 252 21 69 216 239 240 172 125 78 80 119 110 162 244 199 65
    57 36 103 116 223 115 218 208 55 129 25 160 245 167 7 253 246 167
    203 32 24 195 208 164 117 80 79 142 180 111 212 255 140 11 203 140
    239 187 238 116 246 83 89 52 169 163 227 1 45 63 137 76 14 221 178
    54 34 245 34 143 167 138 146 148 249 77 62 235 150 22 240 64 189 126
    37 37 121 180 245 122 26 93 48 152 226 41 135 54 205 145 172 56 241
    105 115 161 13 140 190 177 0 72 93 77 85 106 217 124 245 139 141 194
    98 191 3 153 131 171 239 50 164 224 78 94 63 253 180 137 250 4 246
    20 234 77 152 228 157 14 254 196 135 110 226 127 42 107 214 73 234
    114 42 89 74 251 72 37 40 162 180 139 98 188 195 27 107 214 22 155
    150 63 17 107 50 4 146 102 56 184 116 89 222 179 11 155 119 25 101
    63 194 189 110 181 167 18 237 201 203 131 130 160 118 80 213 152 128
    244 34 47 146 138 159 27 103 104 117 126 54 78 24 236 16 253 28 169
    182 19 225 124 211 27 50 185 10 166 189 86 83 192 170 250 82 207 149
    227 131 74 72 59 224 12 146 96 169 214 75 165 96 35 54 178 80 231
    181 58 170 139 15 189 52 244 98 173 76 133 111 58 249 99 190 126 233
    179 10 159 214 244 60 211 207 17 244 253 254 25 52 5 125 144 219 197
    230 190 66 79 137 24 230 114 96 57 13 135 152 184 191 241 5 62 62
    198 186 241 18 214 92 193 59 29 64 125 87 197 213 196 243 121 136
    173 108 144 42 184 20 150 94 122 106 110 62 93 38 60 227 27 227 156
    232 238 216 243 169 232 23 142 196 249 245 177 231 229 56 244 93 170
    140 147 214 53 23 27 26 170 120 39 93 228 41 91 98 141 28 52 162 147
    79 39 123 250 153 198 157 44 69 64 131 204 45 22 58 147 112 14 61 10
    29 154 76 159 27 235 167 231 212 70 153 154 252 199 48 255 253 7 45
    194 89 152 146 6 108 18 215 100 109 32 122 75 11 189 235 33 25 163
    54 244 63 207 64 39 99 219 255 141 198 91 67 137 42 45 140 88 58 63
    98 253 197 158 109 249 38 77 223 2 197 169 200 53 128 217 193 85 167
    180 86 11 28 170 129 137 211 70 188 139 36 6 3 160 105 39 219 85 179
    177 206 32 82 186 25 173 232 88 13 32 220 249 218 178 104 180 102
    103 50 175 207 148 0 71 112 18 103 208 37 45 146 78 76 134 93 87 19
    179 123 141 168 147 122 43 56 154 110 185 55 49 231 97 129 64 106 83
    125 157 199 143 202 19 90 250 52 222 78 183 57 10 148 170 208 59 133
    87 116 108 239 206 31 214 181 17 65 136 52 133 146 255 233 21 41 81
    19 47 64 35 123 21 23 127 215 79 169 119 14 24 164 143 218 0 50 1
    198 222 56 83 84 2 66 226 72 70 218 160 216 142 212 152 120 100 174
    46 129 22 102 209 88 68 180 87 95 114 47 0 55 142 130 221 177 213
    207 107 130 30 30 123 243 127 131 79 23 162 206 81 249 77 133 147 64
    197 247 7 234 30 195 58 73 179 227 19 141 206 44 229 235 26 157 199
    246 20 157 179 147 146 89 253 49 56 136 177 247 165 201 222 74 236
    255 122 124 91 160 116 81 232 110 172 95 159 51 181 197 25 61 242
    228 16 140 246 159 0 4 191 109 63 155 32 191 205 165 60 186 94 170
    70 217 68 223 95 130 38 70 132 207 206 151 18 212 214 29 92 46 11
    114 115 228 240 108 70 119 165 120 121 17 117 71 171 164 25 10 16
    170 14 195 93 44 18 174 115 51 231 147 73 48 7 234 207 182 87 21 44
    26 1 41 169 75 176 44 23 136 127 106 222 15 155 107 24 99 25 138 25
    3 145 65 166 147 238 36 138 173 217 25 109 105 99 185 241 139 139 82
    187 223 166 204 38 174 26 14 119 212 49 80 97 168 18 6 231 55 123 41
    21 24 43 213 88 179 99 107 215 144 158 241 56 250 64 23 0 222 98 199
    99 96 67 190 101 50 158 222 130 104 6 215 244 186 136 96 138 28 51
    216 127 215 154 73 212 147 252 107 180 145 50 161 126 104 85 126 225
    181 17 90 233 34 232 146 128 237 63 41 200 8 77 86 149 212 159 58
    172 235 206 21 172 18 102 183 98 25 175 240 252 46 158 254 163 130
    194 183 81 108 35 107 174 124 102 180 229 0 239 84 190 139 249 125
    247 127 232 50 44 117 131 38 153 110 164 254 188 95 49 30 119 201 37
    236 57 50 243 207 13 21 242 164 118 239 114 159 100 88 21 139 219
    242 62 235 62 75 36 251 48 37 229 80 220 91 174 96 79 174 235 61 99
    53 207 90 175 4 38 245 173 19 108 78 126 51 33 57 236 218 67 26 96
    32 202 251 176 160 130 17 100 126 184 50 127 125 172 95 109 77 181
    140 75 247 159 158 253 35 201 26 47 125 219 97 144 141 134 36 197 19
    85 43 20 89 222 112 162 92 19 219 1 157 229 52 76 133 95 76 10 34 71
    141 147 164 118 97 225 42 116 33 32 193 0 31 82 189 7 40 121 131 194
    179 133 86 9 248 248 193 222 29 195 241 68 60 231 11 36 136 131 130
    77 50 48 99 193 122 216 250 128 174 155 17 61 36 80 201 142 46 59
    239 65 55 122 3 194 220 31 223 135 231 186 80 75 93 109 9 116 179 23
    149 120 38 3 144 11 201 27 32 48 209 48 173 229 153 192 190 156 190
    86 78 96 150 119 92 15 110 106 41 119 216 19 190 123 213 238 206 236
    49 122 219 220 210 210 133 240 8 192 154 77 136 202 131 203 115 162
    49 205 220 225 105 93 145 202 153 20 170 176 156 243 177 186 64 90
    221 218 132 228 86 17 188 153 124 56 208 45 102 106 146 235 171 168
    100 254 235 226 173 235 196 62 17 234 116 14 185 6 35 22 88 165 131
    86 34 231 52 80 95 33 182 188 171 38 45 90 214 205 203 222 209 221
    171 211 234 22 250 161 54 75 122 43 133 51 57 109 249 174 12 19 248
    149 90 87 175 196 9 172 52 190 55 195 135 153 91 4 199 138 122 229
    187 49 167 77 174 202 79 244 41 103 158 34 26 173 21 164 84 215 193
    181 201 133 161 12 121 190 195 73 248 213 84 184 234 39 159 49 157
    224 252 177 42 245 126 77 83 221 179 209 248 235 48 234 124 74 140
    46 21 62 230 105 131 250 78 249 227 182 228 60 112 43 72 175 100 167
    58 45 143 134 155 46 174 147 41 200 116 67 192 250 67 85 62 225 73
    149 13 190 238 55 166 252 201 112 253 49 175 183 250 100 207 191 94
    211 203 109 189 3 214 234 200 224 201 93 244 152 193 176 65 32 181
    36 189 181 242 13 104 190 222 92 63 60 116 109 169 126 102 111 234 1
    183 74 42 113 128 69 112 115 145 52 128 117 72 121 246 2 191 223 48
    121 193 27 80 189 52 19 225 161 223 86 152 46 85 193 102 193 254 137
    225 99 82 12 58 224 7 106 17 14 62 154 215 1 222 90 248 133 221 184
    66 181 155 115 101 250 175 249 149 78 171 181 75 254 223 248 127 223
    182 68 183 117 42 97 64 138 217 185 147 87 239 198 27 7 157 253 193
    214 111 74 47 241 216 239 51 95 126 110 209 253 226 237 60 133 154
    108 31 53 2 208 83 165 146 126 184 50 204 136 103 138 156 133 85 237
    163 29 157 223 170 206 219 151 135 99 47 84 83 162 210 118 228 48 16
    197 246 141 223 80 50 40 68 155 200 127 239 14 152 206 141 252 113
    144 82 218 39 64 204 109 60 161 24 172 60 142 141 119 46 59 47 49
    173 213 251 195 189 46 189 104 45 104 6 151 29 173 45 1 15 148 81
    250 252 31 71 76 49 182 230 109 234 218 126 27 239 193 197 27 68 179
    51 236 240 192 2 81 36 235 212 26 86 213 170 111 238 127 91 87 53 46
    231 67 81 146 167 25 23 207 232 137 206 171 183 194 79 14 11 0 14 65
    58 17 38 173 235 197 129 40 57 92 88 201 145 100 108 26 165 116 14
    238 196 233 230 137 79 224 128 253 185 39 242 254 80 182 44 143 213
    197 41 55 85 221 100 225 151 164 241 212 85 88 209 103 158 35 192
    230 109 0 214 137 81 112 28 183 145 39 36 200 79 130 246 178 190 56
    139 173 143 207 174 82 245 63 147 25 167 16 245 86 157 54 233 36 55
    201 48 126 186 49 12 188 4 97 217 246 20 182 88 43 195 141 44 30 156
    158 149 93 16 40 213 201 77 222 129 7 92 238 181 148 208 142 52 250
    86 21 173 78 113 245 205 132 30 113 16 1 2 109 141 205 30 57 52 125
    25 188 214 251 153 155 177 220 120 160 249 196 131 53 101 116 142 95
    155 225 71 86 214 106 220 52 252 237 65 60 9 94 226 189 111 241 218
    11 154 170 94 204 95 65 17 207 87 154 131 167 21 169 8 124 136 177
    85 200 58 161 191 223 215 88 96 120 79 168 0 244 110 68 73 49 232 67
    2 150 116 141 60 98 232 184 20 2 1 237 171 184 18 60 162 0 14 150 19
    175 233 152 218 231 4 103 201 154 200 190 133 9 15 59 82 97 1 8 250
    179 35 117 123 7 72 228 66 115 145 54 222 83 221 139 60 139 160 246
    42 175 130 163 114 173 86 167 144 242 18 204 184 144 64 32 201 177
    169 221 106 53 31 224 226 90 233 126 246 172 54 90 46 96 161 6 182
    217 76 61 144 220 105 7 41 238 79 61 49 140 128 169 5 10 192 136 55
    211 249 142 5 107 149 249 154 136 25 65 5 112 191 42 0 42 40 92 43
    174 67 161 231 40 242 86 203 108 129 128 201 223 101 212 207 171 153
    248 30 11 90 193 155 117 69 29 202 163 213 213 61 13 200 19 91 4 78
    76 68 15 79 116 152 93 184 9 46 211 150 102 153 12 78 231 92 44 14
    237 125 49 166 168 14 179 68 7 163 42 234 29 140 13 204 38 249 236
    171 127 19 213 65 40 3 214 115 91 79 67 16 24 76 10 202 171 124 129
    233 23 0 70 76 224 39 221 60 147 225 37 1 88 249 232 215 186 192 75
    37 174 156 162 47 147 7 238 1 249 119 152 147 99 12 128 122 182 4 72
    209 3 242 54 246 94 51 107 31 230 140 241 81 73 20 254 55 126 80 50
    119 195 223 101 50 23 104 22 202 60 33 169 165 224 62 49 242 168 241
    1 155 74 21 187 241 113 182 16 78 153 234 108 203 8 218 84 80 21 126
    221 32 0 35 122 157 93 19 45 31 133 8 216 26 28 39 178 166 229 72 1
    66 42 68 62 125 28 126 34 175 231 21 117 208 111 247 184 65 4 162 95
    79 206 85 27 20 62 80 234 85 13 146 240 218 36 255 99 114 204 38 190
    161 0 154 143 117 244 69 2 163 138 80 48 72 200 19 17 161 167 203
    137 201 51 246 108 171 41 187 115 151 62 43 57 25 207 71 20 95 206
    123 246 218 98 176 102 67 34 201 171 132 140 44 56 78 235 37 135 222
    107 37 160 61 67 221 216 11 31 244 72 235 130 139 95 142 140 167 213
    171 54 127 167 187 122 96 168 95 210 172 225 125 28 195 22 133 192
    61 77 158 154 170 52 193 22 62 112 175 214 202 41 149 0 219 220 225
    125 249 246 176 197 246 233 196 161 229 167 105 27 164 238 71 180
    169 226 9 145 59 136 115 171 109 160 92 155 254 202 189 156 60 91 20
    32 87 112 214 75 52 178 86 240 248 149 163 110 163 66 122 166 182
    129 242 129 40 28 220 184 44 172 87 131 174 190 24 187 250 48 228
    220 245 227 206 210 161 103 187 133 152 238 112 247 47 195 196 207
    126 120 174 181 207 125 229 17 10 248 188 160 171 78 30 39 168 16
    143 223 93 170 78 14 119 145 161 216 149 115 185 19 79 75 174 24 84
    8 128 129 173 196 211 22 111 174 123 69 208 138 189 22 109 225 166
    28 45 53 146 207 74 61 34 112 176 11 137 45 15 116 236 147 64 95 247
    123 89 41 177 129 150 94 6 113 176 112 129 245 204 158 140 78 248 70
    45 21 133 90 106 89 72 19 109 210 68 196 36 60 150 187 31 138 79 216
    4 95 14 241 56 223 12 13 8 252 92 149 198 163 184 157 142 7 29 63
    169 33 242 181 123 107 68 252 99 97 241 155 108 213 20 68 76 141 37
    116 48 243 212 182 238 50 206 71 6 152 157 85 25 203 13 201 39 120
    65 182 115 235 149 140 131 56 242 129 126 233 225 23 141 172 35 80
    138 8 251 18 85 26 200 233 182 201 82 105 78 255 186 247 147 106 93
    200 237 128 68 134 2 204 39 209 199 89 36 54 30 206 238 214 9 70 236
    188 242 198 243 132 137 6 55 148 130 80 81 230 74 108 7 193 255 165
    184 158 95 21 88 56 94 192 255 39 218 37 39 21 73 114 154 158 86 219
    180 216 112 183 217 75 52 87 38 159 169 53 146 42 22 0 98 187 75 177
    142 182 159 67 77 79 181 144 83 87 70 34 171 251 68 252 216 150 86
    64 208 182 128 83 117 100 77 197 166 137 163 4 46 102 204 219 47 91
    81 91 40 44 38 213 63 158 246 12 24 77 7 169 242 105 147 178 83 166
    49 34 62 158 218 140 255 184 38 46 141 128 101 222 27 125 33 88 155
    185 254 85 48 229 93 199 66 252 128 25 215 179 41 166 98 112 209 64
    152 212 227 191 109 7 96 106 131 170 134 112 25 176 151 190 213 221
    75 22 251 44 253 221 0 215 172 227 194 160 41 124 122 29 81 79 200
    102 254 96 4 148 209 131 219 203 119 221 132 82 60 205 205 40 131 93
    49 32 95 201 229 107 231 101 114 201 100 162 90 96 182 183 75 106 2
    56 58 82 206 161 128 217 113 190 7 239 246 154 172 125 123 223 255 2
    6 160 142 178 220 48 215 85 203 93 151 101 110 227 97 145 182 54 92
    115 196 88 135 126 251 40 183 112 14 29 120 244 237 228 172 35 139
    124 172 28 142 241 179 67 189 139 49 89 221 161 35 98 180 222 221
    224 146 32 65 35 11 89 32 222 166 141 151 227 163 16 243 2 240 218
    189 249 115 144 1 145 237 223 102 43 174 209 141 186 213 226 136 117
    133 207 99 102 25 64 219 244 47 55 203 187 157 91 73 246 65 168 9 87
    160 193 68 113 76 88 87 254 72 126 25 127 62 94 48 157 52 211 215
    148 11 35 85 57 187 142 235 1 99 144 3 171 217 152 51 129 99 175 92
    123 159 28 25 56 167 240 205 113 34 51 155 77 43 212 143 0 111 123
    129 206 124 56 167 12 45 186 36 248 134 205 198 90 161 222 217 193
    111 6 65 237 158 60 83 67 50 53 165 178 53 184 157 166 95 248 172
    218 111 124 193 55 29 127 12 252 221 108 217 67 92 59 101 146 208 83
    88 219 45 7 3 104 140 143 171 108 104 111 135 239 98 173 88 79 192
    46 232 231 252 160 87 167 253 22 148 11 37 16 54 27 164 68 176 212
    224 54 45 88 232 48 92 61 119 67 29 43 116 40 5 30 197 118 51 169
    196 64 136 178 214 19 174 30 180 187 66 99 245 44 62 94 59 186 92
    130 158 168 140 75 214 203 255 101 141 176 190 170 98 123 85 215 216
    185 190 106 79 235 73 186 91 240 214 180 197 80 99 50 102 86 245 199
    42 130 245 243 18 130 42 243 153 72 246 78 133 100 38 85 175 127 172
    13 155 240 192 132 125 213 252 55 207 117 238 24 201 114 27 237 78
    101 26 240 186 107 84 250 202 40 144 8 224 121 221 193 14 41 54 63
    30 147 110 208 186 119 228 104 162 85 30 228 30 75 226 12 217 103
    123 109 236 98 224 210 139 201 67 101 16 55 73 57 187 20 74 252 211
    60 123 250 40 53 233 197 184 243 103 178 164 153 130 37 29 77 225 84
    160 8 34 168 60 125 89 44 31 178 187 235 182 158 217 211 13 200 66
    178 198 29 155 106 239 144 41 247 152 192 221 84 49 197 57 167 229
    124 222 48 227 206 129 41 133 128 84 211 158 123 251 143 58 30 113
    41 157 226 0 137 73 105 126 182 154 31 121 41 185 111 209 29 178 131
    33 7 67 65 245 50 52 177 56 212 82 61 244 99 236 146 58 176 102 92
    28 178 232 110 213 36 118 160 9 178 211 200 47 158 239 217 25 41 216
    101 128 93 211 186 105 198 172 110 249 95 124 100 70 210 146 71 49
    167 184 131 112 111 85 112 190 41 186 217 220 175 26 66 20 52 83 33
    74 253 105 235 181 93 158 84 154 159 64 216 129 40 51 57 56 158 28
    198 37 143 141 53 104 173 26 168 74 99 160 130 122 246 226 226 245
    134 224 248 249 16 69 247 1 23 225 180 36 107 183 173 16 243 219 164
    195 97 251 120 254 31 123 135 76 245 1 77 173 203 4 69 170 210 51
    143 213 180 65 109 142 24 200 16 43 148 52 14 52 106 53 18 1 182 186
    238 28 192 148 91 183 81 126 104 75 189 96 171 154 164 196 189 128
    34 108 205 68 85 22 13 42 63 200 200 205 149 70 144 39 213 214 38
    213 130 83 97 181 55 240 200 4 44 217 42 250 186 87 32 110 250 206
    141 136 81 93 229 182 102 40 102 203 150 129 18 230 211 101 253 29
    88 120 78 128 11 163 87 86 246 104 154 135 135 130 227 122 106 119
    21 51 31 124 69 214 240 71 225 2 157 253 118 63 97 147 39 3 80 65
    244 231 219 155 139 26 172 213 140 106 85 174 51 239 49 127 173 250
    14 54 251 143 113 171 63 150 78 104 55 178 237 30 101 48 227 169 13
    224 111 93 6 239 244 73 247 43 22 153 23 212 94 239 43 144 213 19 22
    101 204 103 193 65 185 92 236 233 208 206 97 212 157 105 211 102 184
    45 176 169 79 53 142 166 97 82 41 203 221 187 218 201 52 35 151 145
    242 92 14 240 19 174 61 203 48 128 48 242 8 156 61 51 91 247 202 5 8
    58 171 240 32 107 183 171 182 6 217 233 117 217 96 173 243 226 111
    248 16 151 16 227 33 254 234 230 143 251 195 67 241 243 13 192 143
    93 231 167 163 6 166 80 230 0 252 135 121 201 255 26 57 118 140 73
    204 35 106 155 132 146 131 212 20 19 254 179 80 143 77 41 197 60 174
    14 153 235 214 232 103 204 100 118 58 172 30 146 228 30 226 150 212
    69 149 94 58 32 82 141 61 183 169 193 124 76 139 235 11 78 85 192
    238 145 161 65 78 0 211 63 146 242 50 250 157 37 158 217 116 125 251
    244 20 217 233 229 251 128 145 35 153 146 72 109 127 168 171 195 29
    15 24 240 78 140 170 60 127 102 240 82 83 91 28 177 200 22 71 20 200
    142 141 79 57 207 160 208 40 248 150 218 152 154 4 136 15 50 87 55
    27 229 90 63 107 144 117 95 1 195 53 161 206 135 83 104 142 247 205
    248 6 86 228 63 255 208 238 184 53 204 220 72 218 157 248 135 222
    104 15 196 96 118 164 0 252 56 243 127 62 41 45 53 251 227 11 61 114
    227 246 113 218 154 218 145 179 190 149 246 58 143 21 110 65 37 159
    1 48 188 94 41 194 124 220 17 52 234 183 194 15 71 223 206 15 245
    182 46 104 229 54 51 144 252 192 156 47 106 79 154 164 23 189 254
    131 124 134 90 27 200 170 14 204 244 123 92 134 135 239 120 170 24
    109 222 169 177 232 23 101 14 19 52 146 246 89 225 123 114 75 232
    253 252 3 111 57 84 131 28 62 175 97 68 93 27 126 190 228 152 180 75
    37 122 3 5 75 199 227 186 13 102 73 27 238 242 194 221 199 99 151
    128 225 158 132 190 116 183 176 72 202 172 36 108 57 15 116 228 122
    241 80 46 117 156 26 151 87 61 64 55 249 59 43 243 85 140 188 103 34
    114 91 196 207 242 171 115 31 190 247 10 128 161 255 125 100 134 147
    144 3 195 134 31 140 125 157 202 191 102 186 117 58 157 127 196 56
    76 57 90 237 233 10 111 26 163 180 15 71 126 53 55 79 69 160 194 240
    191 10 97 65 195 112 107 171 52 3 49 38 7 195 45 66 55 67 247 51 242
    156 92 185 133 30 66 80 189 61 221 194 69 109 219 194 86 135 197 240
    153 92 44 38 216 193 172 144 212 135 226 142 141 120 215 136 30 17
    75 121 236 227 161 143 51 236 41 100 51 88 208 51 225 148 237 21 141
    125 120 137 175 4 57 138 76 159 105 167 3 19 120 188 50 173 31 4 214
    22 72 47 137 91 79 172 129 25 16 216 231 108 84 144 72 174 199 175
    237 44 224 69 61 95 233 188 27 200 183 108 213 28 102 111 118 116
    251 176 196 175 236 140 212 20 19 214 82 251 160 198 229 4 64 28 224
    225 92 169 45 118 127 58 244 238 252 228 3 168 15 41 112 115 96 199
    224 39 202 38 115 252 199 66 225 198 90 160 102 13 150 136 6 157 164
    20 252 162 20 112 117 102 222 171 230 253 201 179 118 222 87 21 215
    132 216 141 202 189 111 83 189 103 5 103 5 13 192 13 225 47 171 62
    252 85 232 115 153 42 29 230 74 155 169 104 92 234 8 116 67 244 28
    45 189 209 153 106 151 128 96 135 45 211 7 240 115 168 82 122 219 16
    111 131 104 182 94 218 146 123 73 75 51 28 88 8 234 166 231 7 95 111
    70 176 121 117 221 151 37 67 203 94 128 18 71 64 190 154 90 232 179
    73 120 128 22 104 145 245 143 233 236 60 53 23 230 239 52 255 21 163
    242 96 251 246 48 16 3 198 52 223 177 86 19 211 19 58 73 95 37 157
    173 137 151 250 14 101 31 118 41 54 193 34 237 161 32 146 184 193
    235 230 157 132 27 171 39 118 236 237 246 184 115 62 79 87 78 236
    232 135 211 199 87 110 16 179 108 90 127 138 110 141 41 55 209 186
    176 29 190 8 19 40 97 96 172 64 114 163 188 6 67 121 88 30 252 14 95
    44 212 66 243 107 91 171 139 71 236 69 204 138 69 4 122 133 102 27
    254 209 201 196 14 136 43 148 198 247 150 105 147 27 32 219 198 81
    124 145 31 32 178 134 79 179 22 162 38 119 73 71 124 121 122 241 237
    132 104 22 130 72 250 131 62 232 137 207 80 48 112 39 87 207 1 26 18
    49 232 43 18 18 178 30 94 121 243 28 224 50 88 85 113 165 81 18 108
    188 188 203 171 193 148 2 123 250 90 183 7 25 49 39 64 56 31 39 254
    54 186 151 59 78 252 174 26 214 194 99 151 42 126 76 70 30 12 50 158
    88 232 35 216 177 194 80 91 116 91 153 255 87 71 116 132 158 72 102
    242 36 97 103 117 180 210 133 67 0 15 219 15 45 242 213 71 85 0 118
    203 94 238 80 71 191 90 198 147 227 119 0 29 195 54 139 72 24 47 186
    41 80 242 188 190 181 25 61 207 25 69 213 29 24 223 42 166 231 252
    200 85 251 226 162 185 116 225 24 149 82 109 184 1 107 0 62 75 35
    124 149 174 35 20 108 94 244 92 235 1 43 18 192 179 100 210 248 110
    80 119 255 227 27 31 107 251 182 151 243 235 223 85 199 4 234 254
    173 84 60 189 152 8 223 30 7 107 242 137 110 152 132 95 1 126 247
    154 74 105 68 26 209 219 223 170 41 48 168 232 190 232 251 88 122 27
    55 29 168 82 23 189 11 209 140 155 101 213 105 89 74 83 90 94 65 137
    167 35 245 92 29 73 143 129 246 144 38 233 210 174 189 127 83 33 201
    175 179 200 10 189 199 110 140 4 254 137 157 62 143 201 111 104 66
    75 57 174 192 157 219 208 232 13 200 145 187 186 209 5 105 130 202
    254 220 80 211 25 86 129 189 183 176 106 160 179 227 78 3 129 49 191
    175 81 16 145 247 41 178 85 235 226 164 103 213 142 32 163 210 88
    110 217 177 156 134 20 60 78 66 182 53 191 131 55 176 83 223 52 2
    181 59 188 144 72 24 32 126 248 250 182 156 231 7 138 95 207 180 67
    110 172 124 39 225 50 71 2 202 141 30 67 149 49 242 6 170 198 99 187
    246 216 75 130 29 170 30 214 99 153 120 172 12 0 7 215 119 45 126
    101 155 209 79 11 107 126 189 110 65 113 151 106 123 141 24 253 6 50
    78 194 64 186 78 233 96 227 69 33 209 10 135 42 130 48 40 36 62 133
    143 253 74 17 116 101 98 28 80 192 100 145 154 204 132 147 92 38 51
    53 142 64 134 251 224 40 190 100 162 142 68 124 179 97 101 201 29 57
    76 254 164 134 127 82 224 124 1 131 124 120 121 188 221 137 228 155
    41 49 101 52 182 197 57 150 232 27 80 96 238 248 176 237 78 55 37
    233 180 158 135 146 247 150 13 124 117 20 202 22 40 237 228 226 237
    35 153 151 30 2 57 112 80 147 111 150 159 180 214 51 148 225 62 27
    167 224 97 119 17 5 56 175 145 38 25 173 37 60 126 28 247 225 38 59
    1 177 81 88 101 157 63 203 176 54 218 115 163 38 20 164 222 159 47
    14 138 62 109 255 120 117 43 91 249 17 89 126 126 171 29 94 34 255 1
    229 44 41 96 204 247 66 148 203 68 229 168 210 198 73 104 156 230 58
    156 52 161 0 39 95 38 169 103 31 129 165 21 29 144 140 12 83 137 89
    125 76 189 50 197 135 143 113 2 111 203 99 220 69 125 65 206 151 210
    178 227 42 34 152 239 191 48 75 38 177 120 33 130 117 124 172 87 18
    193 217 151 163 78 158 108 189 167 245 75 139 229 77 192 196 129 173
    17 152 241 172 83 48 174 187 235 217 159 165 120 155 88 72 54 88 185
    58 132 20 204 67 241 240 85 183 189 25 150 106 223 190 28 85 210 126
    44 217 28 22 255 168 235 145 0 163 193 137 41 203 25 238 116 124 63
    131 206 169 11 149 3 76 23 46 38 85 147 252 175 0 187 200 75 248 143
    208 69 144 192 87 89 110 138 8 148 0 20 147 13 122 181 7 228 150 28
    171 201 199 13 199 66 153 49 163 133 37 121 246 1 91 57 44 142 84
    176 52 239 186 106 201 6 152 94 224 131 134 71 85 121 27 160 217 161
    69 90 184 127 248 27 10 244 234 54 24 15 35 219 106 20 94 74 43 3 40
    212 97 78 124 122 200 221 196 234 184 193 115 24 80 145 96 136 189
    206 93 6 174 123 95 3 160 146 141 20 222 239 224 165 129 117 28 163
    240 116 39 228 80 86 255 16 99 6 73 3 230 25 43 233 105 131 124 249
    0 58 161 214 119 169 168 243 140 248 137 138 105 146 61 123 111 73
    53 230 0 245 77 171 80 49 7 1 238 204 39 27 61 68 95 115 53 137 116
    86 65 182 136 253 149 142 167 235 27 104 53 101 150 45 130 70 3 150
    197 2 152 150 215 155 245 194 192 199 205 204 86 66 151 121 190 232
    83 168 243 52 243 210 187 1 2 94 16 57 84 212 42 163 116 195 202 199
    227 98 71 79 104 139 162 179 25 115 187 59 134 27 46 12 250 70 88 30
    125 34 59 6 27 184 213 206 109 118 59 55 57 8 132 172 244 164 236 63
    187 108 95 162 18 86 114 63 59 38 9 122 204 125 47 28 120 226 11 131
    37 61 232 205 117 168 230 61 158 202 158 50 20 203 119 139 186 7 57
    81 111 208 59 216 71 109 5 182 17 54 161 179 72 3 230 210 91 159 41
    109 238 117 40 136 38 255 156 246 92 146 48 119 208 114 72 132 250
    124 255 99 255 127 28 39 152 224 85 117 20 217 138 118 226 117 19
    145 39 221 234 150 163 126 250 121 203 223 55 71 114 29 248 148 142
    255 49 185 195 36 47 150 35 35 162 192 175 195 43 89 77 22 64 211
    216 31 140 116 138 42 204 160 208 161 103 213 201 91 189 87 172 140
    76 197 46 45 205 226 61 144 33 162 99 37 9 195 149 103 102 224 190
    209 218 240 200 111 5 143 8 84 56 220 69 14 91 91 41 86 155 248 45
    13 17 13 162 244 233 225 88 245 71 125 102 50 107 52 215 36 68 49
    226 104 166 210 88 181 115 132 125 123 147 152 71 13 184 250 185 160
    192 152 97 51 85 46 254 242 49 243 150 186 91 218 162 230 123 39 35
    150 164 250 143 52 100 113 128 219 123 152 114 57 46 77 145 18 241
    10 141 176 31 252 13 172 210 47 225 223 115 58 208 175 217 86 35 8
    93 144 219 61 157 218 46 250 242 69 254 4 142 167 36 32 209 5 4 63
    240 132 2 10 97 129 173 209 16 124 99 34 199 8 33 164 191 48 1 66
    151 104 15 176 243 249 54 27 184 65 86 232 98 184 116 245 154 48 72
    235 82 77 137 47 20 236 153 79 222 188 83 73 12 13 34 23 105 109 111
    47 18 152 239 172 119 151 152 115 213 220 132 188 83 113 26 223 205
    233 23 243 156 68 37 184 133 93 28 137 19 201 146 225 93 161 32 252
    208 81 78 32 5 172 96 35 58 134 219 16 99 21 16 232 113 245 155 132
    222 83 218 61 33 12 48 13 50 14 171 72 161 179 67 248 63 251 50 84
    47 60 103 206 90 195 133 165 19 141 18 61 242 108 119 79 80 239 146
    196 204 167 8 50 3 118 13 247 40 139 107 254 198 29 110 117 112 233
    65 70 192 46 73 160 11 83 81 85 189 20 110 123 218 206 144 233 114
    150 253 174 214 19 162 63 54 134 91 5 213 228 120 47 239 76 212 72
    34 77 229 150 71 220 198 195 77 143 192 28 21 127 188 48 40 191 142
    134 234 155 154 111 130 47 103 183 88 138 158 30 207 206 50 127 248
    75 152 40 191 150 180 232 61 87 184 53 227 143 155 212 135 73 173
    251 50 108 152 134 50 192 39 56 90 212 179 207 54 131 191 80 111 165
    236 154 209 232 214 29 154 135 24 160 253 110 59 105 56 148 192 27
    12 20 171 174 47 219 76 165 238 183 181 79 127 155 23 215 179 246
    154 33 167 252 21 44 167 228 63 79 191 186 196 5 90 173 193 151 18
    150 88 178 2 6 22 43 66 252 158 74 125 97 201 147 64 164 176 4 173
    216 122 121 41 166 182 47 188 110 72 145 184 200 47 62 126 35 167 26
    48 205 144 181 179 23 170 47 165 97 237 144 180 51 220 131 28 122
    110 244 98 145 75 242 223 31 82 84 227 174 94 216 147 13 246 84 44
    173 218 9 75 46 186 131 81 24 48 59 202 64 244 220 46 229 179 241 38
    18 61 207 72 134 35 232 153 144 255 98 157 181 169 97 104 230 127
    155 140 206 101 91 79 157 24 252 151 243 221 244 224 44 126 148 21 6
    220 144 203 91 28 38 3 27 9 64 196 31 127 184 214 182 148 77 203 187
    22 140 170 29 179 109 91 156 38 18 208 250 190 176 30 34 62 13 134
    181 101 172 179 97 253 153 145 65 232 26 62 58 112 14 130 233 65 118
    180 176 222 144 54 165 1 22 36 240 185 3 96 88 84 27 150 160 181 114
    205 193 156 167 166 51 193 227 166 146 232 196 45 123 129 101 61 70
    182 176 216 230 185 39 180 225 12 44 200 90 155 197 172 70 28 14 88
    180 98 64 82 246 239 94 28 229 62 206 127 191 2 63 46 151 106 118 93
    245 12 218 33 33 28 116 136 153 122 92 64 151 57 255 46 83 43 208 59
    6 173 226 21 147 141 62 34 156 99 151 219 226 75 8 228 136 100 58
    143 22 5 193 135 8 189 207 13 67 20 212 168 53 94 0 142 52 110 52
    219 82 238 41 223 171 22 140 217 53 228 185 192 171 252 131 190 16
    205 214 12 150 59 96 65 88 154 42 203 34 121 103 228 238 116 68 116
    121 102 243 55 213 230 168 48 35 9 138 148 96 144 185 133 9 68 191
    19 158 3 172 180 155 209 28 36 2 139 19 241 179 15 8 66 187 117 54
    225 11 19 181 60 3 133 137 151 157 205 106 248 116 125 69 70 28 188
    171 206 234 228 124 43 151 249 102 205 56 231 223 182 200 77 32 169
    168 145 229 174 75 212 164 216 49 255 151 196 243 60 196 140 44 71
    173 137 132 193 159 15 3 143 17 105 242 96 225 13 247 101 188 100
    102 70 9 56 25 166 95 75 35 4 118 61 249 4 234 63 142 8 241 171 174
    199 165 214 235 41 64 217 117 67 178 21 5 213 131 141 207 81 204 219
    163 255 201 204 239 96 1 196 236 154 241 89 75 47 127 112 68 45 239
    54 75 33 172 20 229 155 83 110 142 132 244 237 211 103 190 116 227
    114 67 13 121 162 34 57 193 195 210 224 143 251 213 165 17 249 216
    132 46 169 202 124 223 123 124 242 193 77 168 153 252 78 72 28 9 161
    99 54 155 210 206 27 158 38 105 66 218 218 227 237 126 41 149 180 10
    252 144 233 40 237 180 150 196 4 30 218 59 146 100 191 177 157 130
    86 95 109 61 228 22 247 246 241 58 46 241 240 4 101 53 41 130 203
    199 231 5 39 117 126 46 102 168 145 90 149 10 0 76 215 144 150 70 16
    169 128 50 77 33 203 25 253 56 188 138 28 60 170 108 75 222 81 133
    24 130 254 163 2 175 112 153 47 197 153 50 120 8 159 20 33 59 22 213
    155 61 218 132 62 165 32 182 53 191 67 248 164 175 62 252 91 98 122
    34 185 55 209 253 247 208 174 226 79 53 142 32 62 29 110 198 168 241
    111 183 193 54 151 109 41 164 117 229 65 228 112 253 74 213 47 145
    216 16 84 78 1 122 190 131 89 252 210 24 131 107 124 97 27 102 191
    97 138 25 36 125 57 252 8 49 68 218 68 39 46 171 97 239 96 230 105
    245 57 3 252 35 105 134 25 206 42 231 181 218 221 7 178 62 244 36
    120 39 56 203 211 181 210 193 234 106 137 250 31 201 64 169 135 0
    227 35 137 229 107 189 156 189 126 119 74 41 90 47 255 152 147 4 120
    168 154 30 255 26 41 187 16 18 122 255 76 14 47 215 88 118 207 182
    30 133 49 143 153 11 18 66 133 12 179 44 111 195 162 41 210 20 153
    93 177 2 22 147 247 6 57 190 147 136 86 9 30 135 213 144 99 5 8 149
    87 54 53 180 63 112 5 214 234 234 223 204 4 238 183 231 24 126 226
    103 109 195 55 206 87 236 80 179 56 245 240 133 110 7 233 176 248
    107 238 236 172 172 166 242 166 229 94 243 167 182 171 115 129 232
    112 147 254 244 60 12 253 174 155 246 244 193 225 10 197 208 2 197
    91 188 224 11 182 14 15 161 123 156 149 23 18 37 207 13 61 47 186 75
    157 134 241 186 2 23 144 54 63 240 76 41 82 216 83 186 218 235 40
    136 203 224 35 20 41 164 83 39 254 2 95 19 192 27 131 114 70 44 227
    19 47 42 68 197 83 210 211 13 51 49 84 94 57 69 70 207 25 170 3 226
    132 181 18 28 72 166 148 187 31 106 13 151 114 149 23 242 255 81 63
    93 51 155 178 65 22 55 248 150 148 243 30 1 163 150 57 231 98 46 180
    72 98 192 80 191 59 247 43 66 144 18 94 79 141 99 117 204 88 51 191
    198 221 97 63 93 81 185 111 21 165 13 99 120 194 225 137 74 191 155
    44 47 239 249 65 188 113 21 203 21 155 16 151 216 60 185 153 52 102
    105 111 8 157 129 56 93 235 203 37 132 182 170 144 248 20 99 154 122
    236 75 78 49 161 38 99 250 46 212 62 201 124 32 162 226 182 234 143
    110 40 186 242 231 33 137 135 232 24 177 94 23 25 19 148 62 226 238
    251 182 250 171 133 137 249 195 177 68 110 126 93 101 120 178 58 13
    100 12 35 197 92 75 153 58 125 73 240 252 72 57 100 52 254 124 16
    156 89 44 75 126 255 195 83 186 72 93 74 106 98 197 97 82 158 247 86
    241 81 227 236 94 208 53 32 164 92 135 78 248 37 181 53 32 247 240
    10 100 208 239 161 215 244 44 68 241 31 98 50 11 225 154 128 3 148
    164 37 255 210 29 239 105 156 4 249 89 208 97 160 121 174 197 134
    175 19 127 121 165 81 85 198 202 47 84 35 182 190 206 34 203 34 224
    176 6 196 235 239 134 231 2 69 249 170 71 132 110 223 29 112 189 114
    234 250 142 69 195 56 120 225 201 92 22 112 167 165 220 110 71 120
    120 161 112 91 50 178 2 146 120 12 254 97 119 168 221 241 40 249 29
    71 226 209 232 89 103 50 77 68 204 62 131 227 21 10 217 250 248 253
    42 107 234 49 45 131 55 160 147 250 95 202 118 21 49 179 68 143 128
    87 218 207 236 241 203 161 33 179 40 35 112 100 225 198 134 94 77 72
    241 26 105 146 255 26 242 188 145 189 160 60 127 205 126 93 158 222
    119 133 159 201 81 197 1 137 184 125 211 211 199 180 4 197 143 89
    122 150 24 36 168 130 6 122 90 212 32 83 230 158 225 217 240 137 121
    254 31 184 111 54 51 238 246 162 234 187 25 23 182 101 74 103 108 1
    110 60 5 120 150 68 6 39 31 122 17 152 75 126 97 238 93 133 145 83
    50 165 78 91 75 116 76 99 164 87 245 16 76 127 32 92 207 60 165 46
    11 184 63 145 12 17 154 112 162 255 105 89 82 196 14 194 134 52 98
    97 33 58 78 65 4 72 23 114 252 79 18 78 122 97 76 95 246 14 105 187
    180 78 215 77 226 220 224 193 44 225 77 31 11 167 244 28 216 249 55
    160 171 119 10 192 121 179 34 67 135 126 195 39 167 99 228 83 151
    180 29 14 25 121 130 20 178 171 196 84 79 4 198 34 156 59 11 217 115
    24 154 191 248 12 63 82 108 34 79 195 30 142 188 163 141 44 26 23
    239 120 186 51 224 57 69 131 206 86 95 86 239 158 72 170 78 97 223
    180 195 122 173 154 212 99 162 238 189 61 29 166 96 231 239 252 5
    159 142 57 60 46 147 86 195 108 53 5 31 173 22 221 188 203 131 15 43
    95 152 172 124 221 97 205 78 243 91 39 39 84 10 80 21 49 182 194 217
    220 225 201 48 65 114 137 130 230 64 220 133 254 243 226 174 200 69
    137 54 177 59 40 205 101 68 25 240 10 129 60 154 193 213 141 198 27
    202 67 195 217 230 253 124 126 244 241 214 101 49 55 171 127 154 140
    216 162 2 134 136 96 148 28 144 25 140 130 182 128 130 45 219 116 65
    186 247 242 197 172 4 138 23 20 22 123 209 97 33 24 174 130 236 219
    27 181 254 221 239 22 229 186 89 9 232 232 96 253 208 14 4 122 160
    162 199 112 206 94 98 23 90 176 144 70 157 199 172 98 225 38 2 40
    220 87 45 78 68 128 175 124 44 151 0 122 103 207 56 75 209 182 20 49
    43 160 226 171 222 26 248 156 26 1 101 103 212 80 252 38 53 151 140
    193 140 124 208 161 109 32 115 244 210 116 198 65 133 212 167 109
    167 70 65 148 32 20 78 158 29 27 121 228 22 28 221 31 82 127 119 215
    39 198 251 132 161 239 0 236 168 116 72 6 61 222 36 158 168 4 125 62
    28 6 98 72 140 166 173 153 131 135 213 10 166 58 2 214 128 6 32 130
    40 231 202 224 21 190 88 96 167 196 32 14 200 22 219 195 217 121 73
    201 59 106 81 57 77 252 248 200 33 178 211 9 187 175 41 209 196 177
    34 187 18 234 41 36 218 12 14 95 148 93 60 162 118 9 37 114 226 166
    119 9 69 15 132 20 121 137 57 130 244 44 21 119 63 25 138 197 74 89
    35 209 193 204 173 63 166 169 69 217 63 245 237 58 2 58 85 136 5 39
    102 184 27 199 131 171 85 214 154 131 253 94 44 194 137 34 89 182
    105 100 216 139 10 7 243 67 5 102 73 150 28 45 113 118 33 232 125 48
    170 203 169 32 67 173 64 238 86 65 177 252 75 117 100 182 155 222
    199 115 248 29 232 113 81 94 246 70 99 19 125 40 82 72 143 229 109
    186 1 196 99 20 152 170 185 73 66 36 103 253 13 15 201 236 12 71 154
    66 35 210 17 69 238 176 40 118 249 80 143 183 218 33 197 47 62 234
    112 80 54 237 147 178 240 115 206 44 170 220 33 76 25 117 241 58 136
    229 177 0 250 16 87 72 44 218 41 221 147 203 251 105 245 26 52 219
    192 247 134 23 62 174 229 233 191 91 109 253 68 221 145 175 126 161
    192 141 24 208 60 128 161 30 55 134 117 31 249 140 187 26 215 112
    160 154 118 220 188 60 58 245 157 143 208 1 45 118 31 23 234 130 195
    192 79 207 69 33 153 199 67 147 220 212 192 109 155 132 203 236 45
    26 206 40 234 54 223 58 2 103 28 250 251 156 134 67 88 164 69 110
    196 147 105 48 170 86 111 96 128 100 165 5 170 41 87 71 227 253 211
    116 71 206 129 51 24 207 154 50 164 223 252 64 180 168 203 110 14 67
    131 57 246 194 241 125 31 38 38 236 76 222 253 221 165 128 149 18 40
    188 118 226 43 64 68 227 201 59 171 147 188 116 168 71 136 181 47 91
    148 158 57 124 24 72 135 222 130 32 230 120 77 178 87 127 232 156
    144 209 163 85 232 244 8 93 134 48 51 113 175 109 245 82 60 148 215
    26 24 75 245 85 250 179 142 12 34 159 13 123 168 183 157 56 174 206
    218 157 110 43 50 108 111 74 230 121 157 57 4 20 19 62 74 38 87 210
    253 246 157 67 204 254 234 102 70 157 124 123 55 89 183 235 242 12
    242 208 49 19 152 72 220 235 9 161 178 150 34 146 47 53 152 55 223
    241 201 52 51 231 54 236 108 117 75 246 22 7 255 55 120 222 243 204
    250 4 100 134 150 222 25 30 74 223 82 199 136 218 252 149 33 196 36
    237 62 131 217 72 55 112 120 56 1 104 71 244 59 27 4 239 34 138 23
    181 48 180 123 3 140 62 239 128 209 72 93 150 131 92 68 211 201 223
    126 238 7 2 213 248 142 191 25 71 51 92 83 97 104 223 104 103 140
    204 118 177 181 84 121 58 30 85 33 17 183 241 77 202 111 190 42 224
    241 246 206 114 36 194 68 156 251 109 244 199 65 170 98 38 152 22
    151 71 1 192 68 46 206 250 154 226 222 132 155 62 114 73 213 52 170
    29 128 75 184 154 139 174 169 1 200 106 94 225 77 78 208 89 224 26
    233 199 157 181 183 232 223 32 231 173 228 28 74 45 233 67 208 18
    218 196 167 224 213 104 146 91 56 158 135 48 52 88 16 224 116 243
    154 86 175 174 6 113 82 13 221 216 204 176 145 25 44 163 143 75 189
    219 85 96 9 136 29 108 159 210 100 52 23 24 92 79 5 123 97 31 230
    154 145 87 74 51 159 199 168 91 46 1 168 51 45 9 57 48 59 78 241 252
    226 16 246 201 218 115 10 25 144 54 180 123 30 37 220 139 60 67 75
    67 150 185 84 239 140 212 63 90 178 199 57 12 124 209 205 190 63 35
    108 197 221 94 98 245 196 207 91 208 178 247 30 148 110 11 218 241
    45 169 164 180 14 32 117 224 216 232 150 50 39 171 193 188 205 124
    104 92 127 129 213 9 84 70 72 51 20 128 58 172 137 115 119 112 116
    207 18 100 93 135 145 9 243 64 246 111 36 220 208 7 62 205 184 140
    27 67 109 144 205 238 82 25 200 54 23 248 91 24 222 254 80 15 17 239
    250 203 108 43 74 94 123 15 18 115 154 94 101 205 249 60 7 33 200
    187 80 23 113 222 4 56 55 95 161 94 130 147 251 6 164 203 160 40 235
    209 41 201 190 232 10 128 229 227 66 82 163 187 67 126 109 136 23
    133 140 92 241 241 233 129 187 177 193 231 132 15 76 88 169 173 49
    111 131 175 79 88 152 44 13 201 189 149 205 129 155 123 105 71 237
    17 240 165 150 56 226 152 128 223 139 82 163 60 166 229 61 88 26 102
    225 240 219 218 65 57 32 61 176 161 160 188 235 186 99 2 82 127 237
    7 192 227 2 239 90 47 32 136 83 162 125 130 179 82 28 141 165 120
    173 183 31 230 223 83 214 129 123 56 215 127 8 141 108 197 115 192
    183 161 53 8 89 228 74 222 131 83 24 23 194 131 11 156 103 116 138
    255 221 43 23 139 85 148 14 64 84 141 186 131 89 253 186 175 66 167
    235 61 3 183 137 80 25 238 239 148 81 82 179 184 124 217 50 218 44
    230 182 136 86 75 147 42 62 60 160 254 31 144 25 246 130 228 70 246
    50 230 198 35 12 252 233 85 67 7 66 161 155 35 48 218 185 57 43 171
    250 116 30 167 139 129 239 237 230 178 183 21 121 222 176 160 165
    209 199 185 168 32 79 147 180 209 55 216 33 238 107 146 211 172 24
    217 35 41 182 131 218 204 40 113 39 99 47 76 203 127 134 233 30 68
    130 135 106 97 68 97 157 139 213 106 246 126 74 147 190 106 37 134
    187 72 84 153 209 158 133 37 175 164 193 69 23 216 179 207 19 51 229
    98 177 254 202 66 15 236 225 161 29 54 147 145 10 70 203 163 92 66
    167 123 214 165 171 150 165 226 104 219 161 64 117 82 140 184 245 68
    214 90 97 18 74 108 119 75 245 181 147 137 15 59 156 231 110 68 11
    13 144 232 145 37 189 234 184 172 30 233 241 66 231 156 121 64 74 99
    49 50 195 69 15 109 96 104 60 110 72 0 27 196 112 171 199 86 41 185
    211 9 101 1 30 224 57 167 24 149 170 34 253 147 99 229 181 116 255
    28 175 209 24 219 251 132 62 102 206 141 25 226 208 21 174 143 66 7
    173 168 35 7 35 197 60 51 79 140 37 243 214 150 218 69 151 58 81 157
    215 188 186 133 2 42 201 201 117 236 87 191 244 206 24 157 51 255
    152 194 92 159 142 146 193 51 139 245 183 28 17 175 137 138 234 187
    28 81 55 132 184 188 164 90 135 218 232 112 180 198 185 92 183 231
    226 42 60 192 108 20 64 37 241 114 100 157 97 253 205 227 191 176
    135 122 191 185 143 166 123 232 68 75 142 31 98 150 215 137 248 110
    75 210 192 56 143 119 236 156 183 209 178 190 223 228 74 22 168 160
    60 233 86 81 117 237 37 235 95 219 250 240 13 70 10 85 253 114 95 10
    45 87 236 7 168 215 19 203 61 79 51 117 191 48 150 200 49 126 95 99
    179 10 26 24 48 193 145 109 249 77 150 199 34 171 141 190 17 220 159
    9 9 152 80 139 155 170 125 199 17 45 32 15 11 120 81 89 220 219 250
    63 125 180 147 20 92 64 95 173 192 70 52 166 92 55 198 198 76 137
    246 203 71 254 46 121 92 185 109 9 96 89 31 0 248 62 142 40 8 196 14
    87 2 152 174 65 76 146 132 194 154 129 38 190 158 53 38 35 196 148
    128 32 154 83 223 156 89 110 120 96 29 235 102 79 254 243 160 56 188
    30 38 221 58 217 141 72 250 153 69 44 47 19 37 0 66 80 93 195 87 156
    16 104 177 133 247 251 183 135 215 83 14 63 70 66 128 110 224 38 3
    71 68 193 111 250 144 123 179 180 61 201 21 83 42 17 234 248 24 151
    175 119 119 145 146 244 137 112 83 196 245 235 168 70 20 104 133 61
    70 240 230 63 49 237 210 250 59 194 253 114 7 216 197 135 95 114 128
    49 52 124 73 76 151 166 179 134 209 250 147 77 223 2 213 245 30 234
    137 2 123 248 177 10 136 129 198 142 246 181 175 2 46 229 56 176 90
    160 198 219 181 209 205 182 81 6 205 132 177 56 167 48 222 41 203
    125 145 135 240 7 227 84 125 162 118 20 73 164 140 20 96 164 213 106
    118 225 118 82 193 219 120 101 29 206 42 16 5 121 234 98 168 33 222
    57 197 235 244 145 90 233 86 128 168 83 82 202 169 53 93 144 45 77
    45 96 136 117 174 104 111 226 255 151 160 178 99 139 98 96 190 136
    85 194 254 37 114 191 159 176 27 197 44 95 41 161 228 92 99 22 163
    200 49 165 120 172 91 18 55 70 0 125 228 93 128 158 90 14 166 73 98
    247 226 105 23 170 17 1 95 161 206 105 63 107 228 201 146 236 128 11
    235 248 58 186 137 88 141 9 13 174 16 63 194 30 108 96 177 255 3 83
    159 13 25 140 3 115 224 219 173 156 214 32 122 230 195 66 17 56 166
    101 250 18 26 197 79 157 115 6 36 194 236 243 191 26 113 195 42 170
    77 233 255 217 178 115 46 34 72 63 194 8 141 199 236 233 0 171 156
    112 21 251 22 244 153 149 93 251 76 182 219 247 43 105 137 22 62 244
    248 126 215 54 74 125 101 230 36 218 206 249 227 206 183 46 190 27
    75 172 39 49 185 215 137 108 234 146 0 10 9 164 172 221 175 235 23
    140 253 3 27 24 74 219 181 254 186 82 126 5 255 102 178 147 81 95
    225 40 252 113 210 60 118 91 245 22 90 34 249 212 97 133 109 100 197
    205 64 224 182 47 249 174 39 141 111 26 195 81 55 90 10 55 103 11 29
    242 66 239 67 124 112 244 51 220 243 112 159 209 68 61 62 226 105 13
    34 167 76 113 191 146 0 48 17 232 164 171 137 20 235 60 39 9 73 182
    214 65 16 161 184 55 134 200 71 246 65 79 92 192 189 192 18 158 76
    172 80 174 116 109 197 161 188 114 159 163 140 127 188 6 41 26 207
    202 40 39 212 49 85 216 240 36 190 46 78 90 142 196 181 119 1 177
    160 62 127 7 15 146 53 149 120 161 137 12 23 142 10 68 11 225 45 9 0
    30 130 101 218 227 149 179 222 99 13 160 196 108 236 191 158 165 188
    44 249 32 105 63 231 104 132 162 94 249 19 100 193 154 241 173 191
    207 211 168 33 26 75 82 252 198 223 75 122 91 130 232 244 82 17 123
    46 116 69 45 9 149 77 63 130 203 199 10 10 14 226 241 224 162 44 13
    143 222 105 198 116 127 43 11 243 134 240 191 253 37 55 44 16 220 59
    57 27 40 65 53 29 43 51 133 159 52 115 229 25 24 37 0 19 7 108 94 70
    152 197 156 179 12 101 46 201 244 238 3 249 171 115 178 48 121 29 66
    250 137 224 250 255 253 195 6 241 44 234 139 83 127 101 148 137 146
    78 81 22 198 90 231 155 126 104 130 203 27 137 177 191 27 133 242
    207 186 23 123 140 88 16 222 197 54 103 88 167 14 42 136 47 8 34 78
    15 244 25 70 30 166 218 169 28 151 36 102 138 154 119 24 77 36 114
    80 158 30 44 231 140 202 116 254 107 8 132 115 149 218 126 67 41 171
    43 68 175 36 112 165 196 74 189 165 203 81 248 147 16 29 2 57 56 133
    191 65 235 5 16 226 205 236 128 99 36 6 71 120 8 178 127 237 69 162
    112 173 120 136 112 2 181 203 227 26 234 146 149 160 241 144 81 15
    172 133 68 227 33 140 141 244 145 227 57 155 220 163 24 217 89 254
    254 11 69 250 190 182 125 116 219 120 7 38 152 10 227 182 145 217 63
    242 141 205 169 219 181 100 188 87 248 208 219 61 142 76 130 110 3
    43 160 87 25 110 202 69 246 211 155 167 21 204 69 140 89 141 89 172
    160 73 22 230 229 45 217 96 197 233 180 199 18 176 221 128 243 139
    214 73 121 27 68 48 171 253 169 123 186 247 159 213 174 231 189 211
    203 51 253 24 6 237 52 25 100 14 112 176 76 191 254 188 190 26 186
    68 141 26 164 3 206 222 5 254 143 62 158 153 37 84 229 21 109 238
    145 172 174 12 246 134 114 226 173 194 128 181 74 134 122 62 100 138
    239 62 83 62 18 67 155 43 69 168 222 236 191 118 9 199 231 217 253
    149 100 75 10 48 128 172 157 218 39 27 244 37 3 5 161 44 46 59 197
    75 139 35 48 135 156 248 78 150 172 37 182 58 37 181 196 50 123 96
    198 178 86 119 143 202 206 92 71 192 83 109 204 70 25 28 37 220 149
    85 31 90 87 108 119 224 226 139 93 60 3 34 9 191 1 15 201 127 36 31
    39 33 220 141 88 114 55 186 155 223 154 164 131 127 62 54 136 110
    156 50 53 227 236 160 57 114 61 88 227 213 166 37 200 131 169 221
    163 111 80 137 128 127 96 176 17 103 187 26 42 193 101 4 243 243 238
    216 92 42 189 86 166 110 198 233 161 63 129 61 193 220 248 229 200
    178 58 192 225 90 168 211 204 5 128 111 83 158 177 183 128 233 182
    167 39 44 19 114 160 135 14 39 224 253 2 244 210 73 75 80 72 105 202
    199 235 197 51 11 71 42 34 148 149 9 5 58 126 197 55 122 228 175 210
    57 60 85 224 91 245 243 143 169 228 88 90 5 68 21 113 138 19 250 144
    68 187 241 75 55 197 46 245 110 244 69 196 182 26 22 93 13 203 79
    208 214 107 27 233 74 217 112 89 74 99 178 45 196 246 78 59 108 144
    15 161 166 150 140 179 136 9 201 224 80 158 30 77 204 136 21 42 181
    253 186 141 44 48 197 201 88 35 153 39 177 101 247 122 41 148 242 30
    146 193 26 170 231 174 215 46 240 51 221 180 3 98 54 17 215 15 39
    106 100 181 64 127 238 225 56 233 44 15 144 192 208 117 123 121 198
    70 77 182 63 4 235 177 145 135 27 154 114 24 183 43 46 222 25 141
    115 170 164 235 174 32 122 197 155 110 188 112 43 120 198 101 209
    199 32 98 203 24 174 137 136 134 128 213 112 152 6 108 238 163 206
    151 99 148 202 39 66 218 222 228 147 38 240 235 144 233 105 218 95
    224 176 92 138 47 219 24 36 134 202 120 4 167 191 4 173 44 49 188
    142 124 96 249 187 3 96 251 48 174 9 248 94 159 80 192 194 94 112
    233 53 114 68 143 213 157 64 102 59 81 232 181 170 231 41 123 225
    227 117 103 45 1 137 37 142 69 53 185 236 165 82 168 92 54 18 178
    202 113 153 35 237 75 99 24 7 21 22 196 178 194 93 63 158 98 232 211
    95 121 139 183 106 18 65 207 13 70 188 44 139 30 159 44 239 105 157
    158 88 194 51 215 41 100 165 25 222 49 248 36 84 95 123 219 248 204
    52 66 79 198 49 135 66 215 70 29 62 160 90 246 182 28 40 71 244 75
    90 154 191 205 242 72 250 151 187 254 14 229 92 92 125 42 172 109 96
    220 123 195 181 172 9 47 171 34 70 42 146 128 215 35 231 228 15 250
    121 234 190 41 33 68 102 84 146 181 241 188 133 133 110 75 172 150
    231 26 115 37 202 153 219 242 196 231 19 22 163 184 36 100 85 255 91
    138 247 54 93 138 43 12 218 200 101 170 250 87 25 174 79 233 197 21
    232 82 57 254 53 19 130 85 216 185 19 173 35 249 182 178 55 59 241
    156 171 22 41 243 32 145 164 55 101 14 57 115 144 210 155 41 48 183
    175 163 77 249 221 21 10 69 194 66 253 3 244 126 102 185 18 167 3
    131 163 175 247 200 205 223 193 66 220 185 115 69 7 136 237 162 252
    251 39 114 28 191 4 173 53 75 174 46 80 223 182 187 239 16 117 175
    75 185 247 136 6 24 239 17 177 39 237 103 247 15 144 19 171 158 93
    20 43 187 17 199 78 173 103 109 190 102 78 85 39 4 165 105 90 81 95
    17 5 0 199 37 47 147 219 88 113 15 178 71 105 4 231 67 158 6 24 17
    145 248 57 232 153 74 166 49 226 189 48 180 58 52 25 190 235 77 48
    229 133 104 49 47 60 15 84 98 4 89 180 102 164 205 205 232 193 152
    132 141 119 158 128 63 3 180 210 8 218 131 41 70 43 194 208 118 197
    205 220 19 35 224 229 24 187 28 136 2 164 75 151 14 183 220 249 147
    77 146 76 15 144 47 3 94 30 131 202 42 103 22 42 172 111 124 38 117
    0 48 228 67 87 42 20 39 82 42 104 72 77 147 130 28 167 94 58 186 98
    213 160 7 239 227 129 166 149 6 111 99 3 240 3 106 73 182 33 3 89
    106 148 35 147 1 221 47 14 127 235 67 250 83 49 188 20 234 201 137
    20 67 211 40 139 19 187 178 50 73 169 242 17 174 138 18 29 116 58
    148 16 176 77 34 215 100 204 197 89 214 39 255 252 197 40 23 3 245
    153 124 233 246 245 177 140 191 66 6 11 247 180 126 215 29 98 104 70
    254 38 32 44 230 77 30 21 190 15 179 177 131 173 81 52 46 231 216
    232 58 230 237 160 174 51 101 3 163 158 208 40 167 28 231 58 85 232
    200 169 189 107 187 17 149 247 35 108 45 63 3 121 74 125 127 136 181
    158 253 156 160 127 48 33 38 109 220 13 230 40 91 149 84 131 107 4
    30 232 125 2 145 234 89 253 121 211 82 223 26 228 120 249 169 127
    228 169 215 57 205 20 8 212 10 86 230 86 143 142 87 34 62 134 2 37
    92 139 146 166 148 161 37 189 74 193 231 181 219 116 110 179 54 207
    203 83 234 104 97 19 116 199 56 64 163 208 176 255 103 23 251 219
    146 88 39 52 70 162 9 82 102 112 238 223 75 123 111 189 32 65 164 91
    106 210 44 216 27 6 19 152 142 160 96 198 250 68 71 196 212 25 90 36
    148 162 3 189 10 223 175 79 232 230 223 106 62 216 104 163 143 202
    157 156 23 62 38 35 141 245 9 81 171 222 33 44 92 138 25 149 182 184
    240 10 29 66 53 218 139 180 100 134 0 110 143 27 174 33 119 31 82 96
    57 65 82 172 46 255 221 44 228 27 199 157 26 110 46 18 19 79 202 139
    221 234 201 161 26 61 168 211 210 27 125 42 175 175 146 32 4 66 240
    236 12 75 124 105 54 253 151 45 54 77 112 149 115 109 191 192 189
    138 4 119 23 174 64 95 119 144 236 78 17 232 194 194 93 90 19 220
    194 136 115 38 6 155 141 155 7 210 62 242 122 155 61 208 104 23 119
    83 104 96 59 157 86 5 34 229 49 235 6 84 26 212 121 44 18 217 169
    141 93 121 35 62 134 82 148 164 147 203 240 36 220 60 231 176 91 223
    135 147 219 186 159 25 114 37 117 120 177 161 245 193 158 19 126 72
    76 217 122 54 12 247 212 2 73 202 163 24 175 36 86 208 163 225 130
    26 180 226 130 223 21 210 201 156 30 119 9 16 4 151 219 65 22 150
    131 151 172 103 117 77 29 142 238 35 109 174 134 4 138 246 97 234 66
    151 132 106 50 94 51 124 83 214 7 189 47 252 13 9 134 108 241 17 124
    217 39 158 84 197 147 77 246 244 30 182 38 16 181 249 221 104 70 64
    113 203 213 149 50 197 41 79 158 64 126 199 28 177 145 225 240 114
    134 158 18 75 128 211 119 100 50 99 197 152 51 43 205 135 196 116
    106 67 137 189 60 237 191 52 194 95 205 129 10 193 242 49 234 128
    119 131 54 16 139 243 67 214 121 23 196 76 70 151 74 163 110 243 20
    142 95 189 95 189 168 156 33 152 215 185 224 245 73 162 20 26 80 39
    246 149 130 235 203 82 193 16 116 142 231 86 204 218 237 111 147 70
    97 39 138 189 206 90 239 193 133 250 245 195 24 29 72 2 250 58 0 33
    149 104 141 22 199 25 163 197 156 137 46 1 170 164 19 200 220 140
    109 160 89 38 233 45 246 195 104 56 230 4 239 109 109 152 136 245 90
    224 181 239 200 176 28 7 167 203 39 137 152 23 78 172 20 55 149 129
    132 51 35 89 94 178 112 35 186 125 243 66 129 202 69 10 169 65 181
    114 237 18 6 126 217 98 29 245 15 222 251 245 103 162 24 30 75 20
    166 97 247 28 250 205 244 183 215 83 227 237 108 176 183 120 167 199
    169 177 87 56 0 248 83 79 125 151 210 208 124 62 127 69 54 28 38 55
    216 117 20 105 123 181 1 122 167 126 106 164 244 100 140 4 11 46 2
    80 138 47 2 249 123 37 4 67 187 205 100 139 144 246 128 119 169 124
    255 62 110 191 169 28 79 30 210 172 101 70 42 27 224 38 81 59 220
    210 171 94 44 158 234 98 230 22 247 128 56 158 7 106 18 35 83 195
    223 246 14 64 182 200 87 208 187 148 244 8 243 192 31 123 59 170 87
    3 172 182 43 140 127 103 235 248 232 53 102 202 142 129 80 100 58 27
    118 67 101 82 177 147 124 101 16 184 112 68 159 48 239 113 189 135
    164 52 109 81 234 156 156 193 131 147 88 189 146 20 126 151 168 244
    107 228 32 45 20 52 51 71 158 206 210 241 196 103 16 38 64 242 128
    40 202 135 97 53 249 93 79 15 237 169 123 214 191 247 182 171 124
    114 242 70 79 49 198 122 27 234 12 96 24 252 188 250 16 108 235 135
    90 146 17 101 185 61 60 118 110 0 194 180 168 48 120 51 167 144 35
    230 38 105 86 81 103 61 143 39 159 20 144 35 64 218 23 93 177 168
    145 180 58 50 194 183 99 53 98 130 104 255 9 208 100 158 48 23 71 14
    128 89 39 219 123 102 126 219 249 243 90 169 7 159 6 225 134 246 180
    232 250 148 151 103 38 109 183 101 48 116 46 249 26 251 49 45 104
    144 23 5 27 120 47 197 183 56 226 202 119 203 4 101 193 90 229 235
    232 214 130 152 175 181 16 22 59 73 223 36 246 83 245 12 196 217 88
    126 97 44 124 207 126 154 103 126 190 109 0 223 124 109 202 108 137
    220 2 114 82 162 155 246 168 13 151 162 132 85 170 207 118 250 223
    132 182 216 5 139 69 186 172 214 219 11 147 100 144 163 101 174 53
    110 48 64 1 114 171 92 142 166 70 48 8 116 250 27 186 5 112 111 33
    181 126 96 132 243 45 188 35 51 6 74 98 164 28 126 136 167 150 172
    101 28 111 117 22 217 137 10 37 180 160 230 191 126 68 95 191 153 86
    78 246 207 57 199 43 140 47 237 113 112 214 142 170 225 171 139 154
    169 84 176 246 69 60 21 247 138 240 85 121 152 131 240 202 13 56 90
    8 177 118 49 95 166 141 125 142 119 55 216 38 229 24 91 154 234 155
    53 96 100 13 168 33 93 243 165 214 251 154 30 172 113 8 12 171 172
    75 115 136 8 123 246 207 200 96 126 252 28 101 63 23 163 185 80 99
    234 116 153 198 67 218 25 240 121 69 125 191 107 0 94 38 101 42 219
    85 84 71 4 136 128 216 173 56 198 199 233 60 46 210 19 250 108 142
    113 243 116 115 152 11 162 167 56 30 46 193 38 83 211 179 216 115 23
    193 144 77 64 13 83 63 48 180 85 37 166 188 63 175 147 213 127 223
    250 83 180 203 151 35 198 100 112 234 50 95 154 94 239 251 124 37 38
    61 221 175 206 113 254 109 196 250 46 238 19 82 181 121 97 10 120 97
    2 181 152 54 98 68 249 9 226 5 62 194 70 147 252 254 215 0 104 109
    224 254 143 242 124 108 104 76 8 191 195 27 171 162 149 213 167 252
    193 0 144 75 127 208 106 192 93 120 84 115 87 201 82 157 104 229 87
    109 89 85 77 16 166 249 245 45 129 230 207 58 51 143 147 144 53 72
    185 148 10 16 103 31 122 207 232 71 209 230 205 52 69 46 120 59 102
    8 198 58 100 236 192 251 131 77 142 182 254 234 230 24 169 118 110
    219 182 219 240 77 35 79 243 102 164 65 77 202 198 46 152 50 154 84
    239 234 90 208 6 238 66 247 206 72 47 184 195 145 120 229 10 132 172
    16 12 165 200 106 74 87 201 17 120 215 97 33 174 70 237 123 134 25
    203 174 10 93 244 238 184 136 124 20 231 99 188 194 11 243 180 231
    232 119 154 59 175 17 48 51 18 196 148 178 119 220 179 99 74 247 189
    169 77 52 242 3 253 224 60 237 174 61 121 73 132 106 118 101 44 218
    140 31 77 96 23 103 59 205 178 122 59 1 215 253 151 117 96 252 52 32
    142 87 83 77 137 163 74 123 152 64 219 239 109 35 130 197 149 83 51
    67 148 220 133 34 98 54 30 7 208 63 206 105 255 245 210 31 120 57
    186 203 57 230 227 124 139 226 132 168 220 77 29 218 244 147 207 198
    141 136 225 166 214 45 27 176 181 90 71 157 75 121 46 18 54 207 177
    200 21 128 255 249 244 17 76 50 53 122 99 31 165 106 246 233 228 128
    222 80 235 174 25 52 22 73 230 249 201 36 50 80 1 34 251 61 11 38
    249 45 39 95 65 102 122 139 135 165 151 70 106 200 105 114 32 53 45
    167 178 65 34 133 56 151 169 175 196 182 252 105 216 184 32 99 176
    207 177 170 88 107 179 106 110 190 179 221 184 53 52 0 172 70 21 130
    176 231 175 83 230 238 236 77 25 104 101 151 221 142 239 66 1 197
    205 20 74 186 96 23 109 98 52 238 146 125 154 119 25 24 132 168 234
    226 156 68 48 12 225 132 218 2 218 250 28 85 31 128 142 118 72 36 71
    159 221 169 126 220 232 116 122 24 24 150 231 170 204 213 187 131
    123 232 242 171 28 59 104 133 156 7 144 215 158 161 83 159 98 81 175
    55 158 139 240 138 179 46 69 21 50 122 139 2 115 101 162 160 45 47
    88 117 37 87 136 127 63 50 236 112 198 251 212 161 57 46 234 226 39
    63 251 161 184 152 224 171 221 159 48 4 89 216 199 13 239 2 112 76
    111 141 176 155 80 227 7 252 209 102 224 236 209 226 91 194 162 185
    112 79 221 9 136 13 241 184 140 245 174 143 114 11 150 6 249 153 172
    20 74 75 243 176 134 226 224 74 128 44 244 30 194 162 219 222 192
    150 71 192 112 23 116 35 108 48 158 70 54 230 220 155 68 155 108 191
    85 243 41 39 133 252 72 180 102 162 54 103 82 34 221 158 231 136 45
    255 38 61 159 166 9 97 171 234 61 202 2 172 89 158 228 140 161 229
    222 192 117 151 193 190 126 217 244 169 22 255 168 162 144 192 120
    112 66 51 91 152 90 90 177 50 143 104 194 144 95 191 96 74 217 99
    138 254 115 245 139 136 192 38 133 59 141 40 217 222 215 214 148 123
    86 22 232 97 237 234 180 218 227 231 46 73 150 66 116 204 91 43 44
    236 196 34 38 232 229 107 48 36 211 50 23 106 175 115 148 42 211 239
    122 121 81 82 195 223 190 182 50 118 205 60 101 28 64 12 137 67 77
    85 96 194 186 152 48 176 206 88 57 47 32 214 33 27 170 252 203 4 230
    27 211 10 207 213 73 194 64 152 1 85 246 84 24 36 98 11 199 92 22
    218 75 121 195 210 174 103 123 40 242 227 29 46 237 15 33 12 71 166
    126 242 7 252 123 50 86 73 46 164 142 187 73 221 127 187 144 127 105
    168 0 247 181 250 177 140 240 149 248 76 123 236 48 18 3 174 69 70
    73 219 100 125 194 178 217 217 87 194 248 25 109 18 137 37 203 73
    125 179 8 120 201 107 18 153 79 23 68 205 65 53 141 50 74 1 40 111
    202 250 74 2 253 48 106 233 44 245 147 87 156 66 196 123 230 242 189
    148 177 52 249 82 131 89 232 156 151 30 100 59 127 135 14 113 54 26
    208 162 175 249 47 7 110 87 97 109 196 53 167 5 160 71 160 103 172
    14 209 173 163 4 168 67 70 199 5 83 192 95 31 150 22 37 3 224 106
    133 116 249 129 183 117 44 120 179 53 85 161 118 37 174 84 4 151 198
    203 16 30 66 30 161 51 192 107 100 210 111 83 232 195 211 143 173 91
    9 202 76 62 221 53 63 234 90 98 25 46 224 225 83 229 28 116 116 40
    70 104 185 46 135 249 5 39 254 34 67 51 56 11 129 201 112 211 222
    250 244 121 111 68 65 26 214 30 152 25 224 176 253 211 245 60 65 3
    93 97 252 128 0 198 141 180 84 42 48 24 214 47 2 12 148 70 180 125
    78 21 103 106 106 195 91 77 80 213 107 176 241 81 104 225 217 139 38
    115 188 64 146 228 219 21 173 250 175 210 193 32 150 166 50 144 85
    100 20 167 243 143 88 254 88 184 242 165 21 1 18 237 86 99 54 118
    142 71 152 78 230 170 50 148 47 154 226 140 50 250 192 43 151 131 55
    225 177 80 165 24 47 37 158 18 58 225 5 169 104 10 168 143 22 44 22
    140 223 150 162 192 18 76 107 23 102 35 215 75 37 146 231 197 5 54
    54 97 83 97 38 166 134 124 212 14 62 1 141 214 21 139 160 85 186 70
    71 208 163 107 241 157 0 220 35 183 202 147 163 194 177 249 216 156
    164 220 86 176 95 18 45 63 14 68 62 30 225 96 117 207 189 154 191
    107 97 54 3 68 136 238 130 168 24 221 199 236 109 123 159 214 59 56
    101 236 39 167 87 47 93 51 230 142 115 155 166 132 47 239 126 208
    191 195 167 32 18 26 112 37 65 150 142 202 221 223 249 35 165 126 36
    253 185 186 228 37 212 222 37 16 31 167 145 161 164 51 155 219 167
    139 195 136 89 15 174 26 13 211 182 221 136 127 212 254 136 149 22
    27 190 99 74 78 82 245 128 137 108 190 1 89 206 45 160 40 98 46 250
    179 86 241 56 73 125 156 62 68 5 191 186 194 154 242 146 239 91 40
    74 208 108 113 55 207 37 156 150 220 34 109 80 234 255 238 158 226
    32 225 154 12 145 63 190 165 191 183 235 52 251 97 254 25 75 89 234
    219 129 92 89 242 74 250 67 151 65 248 170 101 66 36 93 185 123 189
    125 129 144 24 53 44 58 133 148 75 59 4 119 135 40 147 24 205 91 14
    19 254 129 87 147 194 238 172 184 11 155 181 87 187 144 215 42 33
    158 118 36 31 96 115 87 178 174 170 219 75 21 213 88 39 147 7 154
    245 63 241 70 148 184 208 187 142 184 191 30 98 211 238 8 178 127 2
    200 245 101 242 172 68 172 36 176 253 171 126 252 239 178 135 239
    206 165 41 91 116 232 183 240 172 219 6 115 75 220 249 189 237 187
    243 89 167 21 190 84 92 209 31 69 34 226 5 249 183 235 19 218 0 86
    115 116 159 167 60 36 246 153 62 152 240 224 169 126 212 240 81 19 0
    83 85 144 241 103 42 34 168 167 31 84 233 14 140 170 218 46 39 136
    104 11 174 213 196 85 213 185 52 169 241 140 131 102 224 173 8 172
    82 61 29 65 86 28 220 7 39 208 220 245 46 100 87 8 231 125 228 68
    207 249 140 217 239 55 220 72 50 12 3 33 134 48 203 46 146 215 176
    72 209 78 148 228 163 55 50 108 166 122 63 28 154 108 174 14 98 73
    26 12 164 95 194 176 165 158 172 135 80 18 27 156 200 120 100 22 156
    240 58 203 125 154 116 39 26 203 34 132 163 183 143 239 205 161 224
    136 244 35 26 137 131 68 180 52 108 155 185 14 88 133 10 109 96 177
    233 114 179 62 22 237 202 131 153 34 212 132 148 188 30 117 228 254
    90 191 119 231 206 181 255 151 112 21 115 1 60 129 190 233 254 24
    151 188 109 161 189 229 157 135 137 87 16 154 60 241 182 28 197 154
    153 241 133 144 45 225 101 180 174 189 71 0 205 15 233 173 134 118
    239 103 45 74 207 77 184 3 165 113 41 97 158 182 199 165 13 113 134
    20 180 246 237 213 147 145 230 139 15 8 238 171 122 30 197 207 170
    136 59 175 14 124 125 249 98 82 63 7 105 116 98 237 76 74 187 189
    206 114 242 165 132 144 140 198 61 167 200 46 202 116 15 109 98 165
    216 215 246 85 75 67 165 207 8 12 76 144 129 19 243 138 60 12 182
    190 208 144 89 131 143 172 159 160 187 84 136 132 232 20 223 131 248
    107 105 209 219 226 199 68 28 136 128 195 169 208 62 57 185 109 81
    86 249 218 166 76 116 26 46 244 96 131 232 138 48 97 76 153 27 0 21
    120 79 101 41 147 208 149 174 172 99 212 165 47 197 119 109 209 176
    78 71 3 221 9 157 92 174 189 131 225 211 194 32 89 169 171 59 91 226
    221 187 240 26 118 59 241 84 69 214 148 167 134 199 6 0 69 75 232 43
    170 50 48 234 181 160 227 27 157 243 173 229 160 166 175 100 234 196
    101 188 189 70 89 62 19 23 12 45 93 44 136 193 99 144 11 103 58 195
    82 171 218 197 237 81 74 161 149 173 197 139 224 85 236 147 161 22
    27 214 222 184 223 239 23 84 124 65 217 77 165 133 223 157 119 197
    130 162 51 92 217 100 87 63 73 181 57 168 143 168 191 117 125 113
    254 93 229 152 197 137 222 75 89 159 183 89 15 3 69 60 218 4 146 170
    199 69 172 189 101 95 23 161 81 163 150 94 167 59 48 56 103 67 198
    170 107 26 165 236 85 195 153 229 24 10 241 189 213 123 223 60 231
    190 57 87 137 92 245 186 62 34 171 2 199 76 123 123 24 103 17 49 110
    84 50 188 111 216 68 87 82 188 51 138 148 94 167 132 106 68 141 20
    70 166 178 117 186 129 111 126 215 52 110 158 109 137 65 146 220 130
    41 18 112 228 49 165 99 242 118 136 90 253 239 130 101 184 212 249
    24 44 114 189 146 239 174 153 207 84 30 196 173 226 243 95 65 179
    240 46 70 41 196 92 200 123 94 161 245 45 188 103 42 7 230 22 155
    129 175 177 118 131 83 243 24 201 113 35 251 73 19 12 85 246 128 109
    104 43 237 40 204 245 212 41 56 98 67 66 229 39 246 57 80 205 167 94
    198 197 216 213 139 74 119 6 26 157 16 50 23 91 18 65 140 241 38 135
    103 120 124 167 228 185 212 153 249 123 184 135 172 77 223 91 225
    155 10 170 185 77 29 108 161 245 158 139 159 3 169 192 76 49 134 86
    155 192 213 194 79 227 225 39 167 190 26 31 192 187 139 104 207 49
    122 113 205 63 91 223 59 62 186 188 250 242 115 182 230 82 7 170 125
    175 223 96 198 99 62 54 68 38 176 250 166 169 3 105 227 137 178 7
    191 184 254 148 244 241 220 217 212 118 186 111 85 156 172 234 140
    71 118 40 47 66 79 113 233 92 126 12 143 146 21 94 134 136 211 169
    235 88 69 52 50 83 156 10 98 181 69 250 255 12 70 89 167 158 53 193
    228 190 29 114 139 105 115 139 211 242 48 36 215 106 248 8 175 178 6
    33 241 135 32 107 240 44 45 208 132 155 22 145 88 110 97 88 202 42
    212 21 245 14 64 116 174 69 191 107 6 218 247 83 126 207 244 0 157
    186 60 39 194 102 26 10 124 149 143 250 203 222 186 67 3 88 99 88 36
    102 85 177 79 9 104 76 168 141 17 182 190 52 231 204 104 159 189 37
    84 41 88 143 249 35 178 97 234 152 38 82 160 58 247 210 170 229 93
    150 228 115 229 48 173 228 179 155 105 57 115 180 35 172 135 11 39
    144 119 222 33 0 50 58 109 173 218 115 52 198 221 149 172 97 116 53
    73 72 249 82 203 8 126 90 103 226 189 104 145 45 18 93 62 189 149
    190 11 6 139 86 87 189 73 2 243 37 111 207 242 116 9 215 209 48 77
    15 250 34 218 190 249 156 104 170 32 0 36 175 253 234 147 112 159 66
    192 47 208 66 146 17 116 31 11 95 12 33 47 50 114 61 189 77 123 145
    223 247 249 210 165 100 147 125 181 34 223 80 109 59 116 207 20 169
    196 147 54 78 41 152 120 10 113 9 125 129 140 124 127 62 123 50 42
    130 3 132 11 56 195 108 118 135 5 177 5 249 27 29 69 217 72 192 20
    122 19 27 148 175 90 188 80 170 30 29 103 20 102 31 212 139 118 157
    80 28 83 230 172 223 147 51 181 203 243 189 25 250 219 94 205 165
    169 66 32 88 46 247 104 171 104 132 119 3 170 132 175 86 170 144 91
    156 227 227 106 34 9 27 202 66 189 155 240 68 38 128 231 105 61 220
    205 69 120 174 235 7 182 238 229 230 48 252 195 6 10 85 230 125 140
    185 231 161 61 178 88 179 203 31 104 224 207 19 60 49 84 66 143 105
    78 119 169 104 101 190 80 242 183 148 33 201 53 204 213 163 55 206
    103 112 249 1 54 47 136 195 38 220 199 61 97 163 231 110 37 206 2 82
    161 56 123 72 105 127 220 178 83 230 2 155 33 253 13 241 25 215 223
    172 229 78 213 97 74 74 214 57 170 98 46 120 184 130 227 209 173 244
    66 14 149 212 87 13 217 81 35 51 49 129 95 17 174 223 86 17 45 217
    143 242 136 86 126 53 241 98 21 233 7 179 71 101 143 33 200 103 217
    37 51 159 99 248 172 236 181 244 141 197 211 184 58 19 171 64 68 25
    159 77 103 6 110 229 174 109 100 41 214 247 163 224 87 250 12 165
    191 227 144 52 7 51 202 201 229 19 84 157 52 46 3 42 221 81 90 54
    110 37 80 115 219 244 97 122 38 115 59 131 36 100 225 186 91 235 165
    122 85 1 29 189 154 6 128 189 155 188 214 112 69 65 59 189 232 50
    245 163 21 247 219 56 233 231 77 14 152 85 52 177 78 35 108 135 102
    30 233 7 49 236 72 68 203 247 234 125 26 188 45 174 154 52 8 114 225
    10 119 107 226 158 206 79 61 137 87 119 6 224 228 174 229 107 199
    188 244 204 119 141 42 76 12 98 103 77 116 141 196 11 231 179 252
    242 250 174 179 80 61 124 214 206 85 126 177 255 122 205 71 216 192
    118 61 240 230 255 77 50 24 248 146 211 127 253 94 152 82 199 41 231
    26 63 166 64 210 58 117 104 66 145 178 146 210 160 175 221 158 205
    252 37 244 41 63 192 162 78 147 199 227 130 116 199 129 4 144 184
    172 81 135 188 237 235 43 30 158 163 24 136 53 131 96 73 74 48 135
    86 35 43 82 130 228 155 105 183 85 33 229 188 73 229 157 58 156 237
    249 53 192 21 226 148 18 149 213 205 2 171 203 82 175 83 46 204 167
    191 134 84 252 128 121 33 95 245 155 123 132 81 210 174 15 236 22
    145 242 13 103 209 232 66 171 115 242 3 184 193 42 74 111 147 177 94
    55 120 48 119 79 112 190 159 149 103 228 129 73 181 141 215 168 189
    144 11 115 7 94 170 81 216 17 77 110 12 126 66 16 101 137 65 105 181
    221 80 130 203 122 249 172 162 128 193 106 153 47 232 63 131 234 166
    159 23 147 107 165 236 222 143 37 47 37 81 55 187 77 138 93 178 168
    31 162 122 145 252 225 179 172 92 26 130 153 153 161 99 147 235 134
    229 218 68 41 230 186 135 118 243 42 51 21 207 124 89 10 125 190 66
    86 209 8 18 49 127 47 50 219 236 150 42 224 97 13 170 210 51 204 16
    26 78 153 117 248 21 225 89 146 101 91 168 38 188 239 177 129 69 188
    105 37 231 134 175 4 232 75 39 47 194 226 134 124 6 160 109 242 70
    19 102 135 134 12 193 60 105 184 168 111 63 222 168 240 211 35 83
    218 52 45 102 208 169 121 251 250 41 177 140 128 114 137 122 178 111
    148 166 27 177 159 76 60 103 232 30 220 232 17 231 192 247 220 127
    226 125 195 74 175 9 237 235 209 242 145 20 39 91 209 92 161 31 249
    224 5 75 151 59 46 232 79 254 194 45 4 195 141 48 54 101 80 194 179
    48 167 21 0 31 216 160 179 137 109 146 111 203 141 251 86 62 133 207
    166 87 105 61 243 20 25 78 22 12 111 139 138 157 40 249 94 159 174
    108 173 157 50 0 43 35 235 99 246 21 143 37 51 133 131 229 2 215 158
    39 70 105 104 177 113 222 111 45 186 118 60 235 221 48 28 38 137 49
    127 102 95 169 203 62 167 243 57 80 4 242 122 134 126 1 45 137 168
    47 192 179 39 101 77 87 135 184 11 178 22 2 179 2 99 7 222 212 252
    167 130 233 253 207 128 235 28 91 42 45 101 124 38 149 27 34 67 86
    188 252 22 114 71 248 140 254 103 172 160 197 182 40 35 7 32 143 140
    244 26 203 162 40 222 180 113 163 54 175 108 21 138 89 201 234 41
    117 58 215 185 159 91 116 97 180 149 81 22 33 79 225 1 7 106 42 187
    26 149 52 152 147 79 156 222 2 149 166 181 193 35 126 247 41 99 102
    231 7 53 111 177 14 67 247 164 238 178 24 205 237 104 179 200 5 118
    203 105 164 10 113 118 189 34 123 60 85 72 156 18 173 245 164 137
    125 129 18 75 186 72 9 146 78 73 15 170 72 46 193 181 97 145 18 151
    123 86 17 132 168 86 227 223 179 217 205 60 129 101 99 207 30 83 216
    183 50 125 21 36 214 79 214 169 228 160 230 155 177 31 8 100 217 181
    79 232 224 168 215 63 104 246 33 85 111 146 30 23 86 160 177 157 175
    220 134 181 225 106 152 174 254 199 175 184 132 236 5 34 156 77 70
    102 215 133 36 137 115 205 69 22 50 214 119 89 199 214 106 18 97 151
    246 2 70 124 231 196 54 139 51 158 164 83 20 110 40 203 232 55 46 90
    63 95 134 172 226 47 9 132 233 40 203 21 213 75 34 180 97 138 55 99
    97 190 59 15 230 81 10 229 2 203 114 246 144 105 150 200 226 9 31
    106 182 41 42 71 97 91 121 16 27 140 245 76 209 142 100 169 23 85 56
    105 136 147 7 194 80 251 217 246 249 34 139 5 85 243 156 200 150 137
    134 199 210 25 234 192 202 244 74 157 38 59 96 202 236 144 131 21
    127 66 130 198 14 126 235 154 209 173 227 116 43 27 198 113 81 50 45
    215 64 96 124 42 157 146 125 66 108 115 112 126 224 98 21 181 39 187
    206 39 161 242 165 6 223 221 136 67 43 80 121 57 109 18 208 204 2
    160 207 207 94 78 23 128 44 1 222 38 238 90 42 197 26 72 20 43 206
    184 68 52 142 50 159 210 181 103 102 254 180 107 228 51 31 3 145 52
    215 61 210 32 114 14 3 73 204 114 150 38 246 105 70 215 197 146 175
    44 245 110 218 107 64 59 17 129 120 96 236 177 66 211 58 215 9 210
    197 193 192 246 224 74 159 129 93 97 149 6 133 45 18 146 211 141 109
    206 82 234 178 74 107 27 246 253 27 69 252 199 110 112 126 126 178
    213 106 211 236 253 71 20 82 7 26 140 193 194 177 218 60 38 157 182
    93 13 195 68 255 240 193 48 131 2 53 129 44 182 143 65 47 122 47 21
    12 103 63 9 183 231 210 241 39 136 217 88 116 151 63 204 86 130 194
    141 191 134 58 235 111 168 221 140 71 114 55 24 254 135 110 211 164
    63 230 159 37 86 254 159 159 81 105 65 39 174 244 1 210 27 239 149
    226 208 172 157 160 81 138 230 34 133 62 46 162 109 218 142 148 242
    163 36 2 175 41 114 153 129 84 185 240 224 198 118 107 90 137 27 252
    251 215 140 228 44 154 68 168 8 18 194 136 166 235 177 55 159 68 140
    77 212 81 68 193 108 4 72 74 251 227 221 50 141 33 162 86 166 99 85
    32 103 154 187 242 20 151 189 238 110 122 34 30 173 25 70 27 130 196
    118 51 193 156 18 87 11 143 191 86 141 110 241 167 200 229 0 14 76
    202 248 211 53 161 59 244 70 75 68 107 17 64 215 220 228 203 98 130
    97 87 248 47 17 235 204 224 252 54 156 134 246 198 95 45 102 145 193
    152 218 36 228 150 26 22 241 244 60 75 175 255 216 87 59 88 97 22 99
    59 161 184 244 114 84 43 43 194 214 182 150 192 19 204 139 217 118 2
    208 234 223 5 19 91 33 30 152 71 229 234 7 90 68 211 237 127 253 130
    7 45 145 6 68 122 212 193 139 86 175 186 38 247 123 201 178 110 205
    38 214 35 5 103 42 199 89 74 122 130 195 182 144 168 55 83 216 236 6
    115 160 78 183 5 230 34 124 229 121 77 125 100 221 229 42 137 102
    182 102 253 73 23 170 214 220 98 87 146 15 222 242 198 122 93 246
    108 159 94 184 121 141 212 149 200 162 147 200 35 182 58 78 254 85
    216 63 21 213 18 173 16 212 55 17 164 145 245 154 62 117 248 204 228
    209 145 151 237 208 188 157 29 155 121 195 5 63 213 134 3 154 124
    211 207 36 234 195 196 143 103 151 187 191 219 245 163 158 145 127
    77 253 143 44 225 83 60 214 217 207 96 122 118 134 79 102 34 249 208
    157 189 64 22 157 54 35 116 93 19 182 197 34 151 27 111 98 100 157
    227 3 15 212 209 39 148 140 170 110 65 219 15 102 130 82 184 118 222
    32 18 140 228 23 45 21 102 89 240 140 107 221 152 88 117 195 153 65
    247 231 76 206 55 200 27 106 154 172 25 57 221 123 139 57 64 80 27
    251 20 66 167 86 100 243 130 167 155 170 224 72 223 240 85 129 120
    86 14 223 55 16 243 70 189 5 154 226 91 89 140 48 175 255 43 45 185
    165 189 106 57 211 211 174 188 113 126 89 187 163 184 43 58 93 85
    230 59 196 14 78 188 53 87 20 71 111 37 42 41 83 177 93 235 205 11
    148 160 231 199 8 234 3 82 54 31 122 209 133 51 169 182 134 158 101
    226 115 39 97 168 168 131 228 30 213 235 118 93 13 155 56 35 101 110
    1 95 181 237 193 104 31 49 44 74 190 182 239 128 148 202 183 13 176
    75 249 83 169 118 159 221 194 73 35 144 131 66 142 52 5 34 74 227
    248 22 63 246 209 229 200 199 53 228 241 115 112 127 122 85 214 84
    16 3 8 232 255 242 179 188 170 81 194 171 85 251 254 90 180 118 161
    1 119 202 191 111 2 192 167 165 165 189 169 244 210 189 54 87 89 164
    122 167 148 118 210 246 247 36 232 56 206 246 126 79 1 73 72 184 33
    235 99 99 24 154 167 13 195 180 108 229 108 55 97 113 215 11 73 40
    225 219 73 114 210 86 90 66 154 115 156 195 6 4 15 8 103 121 78 170
    188 29 45 176 38 14 173 106 141 147 108 13 19 90 114 210 152 95 254
    16 193 102 98 155 82 72 142 113 19 86 98 72 192 169 235 223 22 17 75
    238 237 234 23 180 121 141 47 152 223 20 252 12 88 205 95 188 183
    120 102 61 135 239 99 186 48 9 76 227 158 226 20 192 184 228 191 69
    45 226 125 50 138 103 24 44 3 221 234 132 124 90 36 123 43 236 209
    195 236 143 134 18 109 188 225 139 247 116 121 203 218 103 104 131
    111 103 51 6 122 165 192 154 4 250 141 122 189 65 72 174 240 138 153
    124 68 100 203 152 62 207 71 165 184 240 95 222 145 12 101 231 128
    145 33 133 144 94 119 221 88 221 196 22 26 39 180 148 179 238 162 95
    188 227 236 116 174 30 84 181 242 236 90 43 7 59 147 74 247 212 87
    82 234 238 227 39 236 76 187 127 49 245 210 32 241 153 251 39 143
    180 127 86 26 254 198 225 210 28 81 210 174 3 239 247 11 22 135 97
    188 12 239 17 173 54 26 198 220 14 34 254 166 26 82 161 148 39 205
    98 55 67 45 236 51 26 27 237 157 18 196 125 234 103 107 79 21 163
    236 95 165 52 126 9 199 219 233 86 129 39 78 188 31 128 91 153 144
    84 90 166 151 154 97 82 104 33 18 235 182 121 27 122 224 231 225 140
    169 136 7 100 84 108 89 180 57 200 14 10 243 37 236 72 253 67 116
    244 248 81 207 156 188 68 225 165 112 14 181 58 147 45 19 254 255
    143 122 47 32 186 155 174 71 34 250 6 245 227 209 225 8 178 105 117
    41 75 237 224 129 65 72 54 68 4 230 27 172 159 148 129 46 75 140 143
    47 202 135 106 186 134 66 129 195 29 199 133 131 6 159 242 180 238
    177 253 86 16 213 193 138 21 209 66 164 155 107 48 148 152 139 239
    197 109 213 114 136 4 143 201 154 246 41 123 148 164 91 173 167 207
    20 142 148 101 82 35 9 139 179 39 179 122 63 13 58 199 122 209 224
    252 245 237 1 80 169 114 156 187 141 131 160 17 171 173 197 112 113
    198 14 80 238 223 123 146 37 236 163 153 136 206 224 231 219 128 27
    39 170 235 167 232 94 70 116 219 77 97 127 204 177 142 92 158 163 14
    169 86 165 123 241 222 193 222 227 177 255 121 187 179 167 44 194 63
    97 114 61 8 128 223 84 113 29 204 60 72 97 120 88 22 111 255 237 243
    94 36 16 11 16 187 94 156 28 223 180 81 30 8 223 194 110 94 119 59
    112 138 56 6 61 21 249 230 208 187 252 176 90 67 171 62 33 24 131 28
    238 33 88 244 246 107 200 165 178 58 16 202 0 86 230 173 7 29 51 204
    140 9 148 83 43 151 241 66 178 163 134 55 192 216 72 54 178 229 194
    215 219 209 226 247 129 30 35 4 15 48 75 40 98 185 57 6 122 244 34
    71 248 48 248 171 165 75 165 68 126 199 19 183 112 165 126 55 84 68
    5 13 48 149 29 242 102 183 73 41 117 55 176 251 90 12 41 32 250 80
    152 79 71 146 249 63 127 111 249 23 214 20 39 28 8 38 127 190 1 105
    241 211 222 212 2 43 205 130 150 6 144 199 158 104 237 235 51 32 34
    151 10 99 30 83 116 55 129 161 28 11 164 157 24 110 53 17 15 136 111
    70 12 35 90 246 248 126 84 255 32 47 83 20 212 74 242 134 69 134 72
    214 4 16 153 208 250 124 243 247 166 125 165 148 103 96 89 122 251
    184 67 105 134 43 152 113 211 48 212 52 205 11 64 249 246 96 190 51
    59 174 44 195 27 221 209 33 88 176 156 201 93 153 196 62 6 171 97 20
    121 255 75 180 83 111 78 153 47 182 96 206 75 60 118 104 16 38 133
    20 140 20 40 142 12 3 221 207 59 201 157 128 16 64 18 130 40 100 37
    228 111 68 43 67 212 79 181 151 54 166 66 81 193 149 72 189 101 44
    11 152 28 250 2 191 172 17 43 221 164 98 18 254 176 194 177 5 65 99
    236 86 24 161 34 58 228 24 217 226 250 21 151 9 17 5 231 65 217 130
    119 170 187 37 148 139 108 198 179 212 58 152 175 208 4 51 67 131
    147 81 180 85 124 162 13 15 103 52 254 75 156 208 35 2 209 141 39
    175 229 150 229 131 211 35 135 148 243 17 246 200 234 93 98 101 213
    76 159 143 187 196 170 217 128 226 10 168 209 172 151 86 71 186 36
    172 4 28 234 224 63 216 228 189 58 75 44 4 138 20 61 182 200 28 86
    127 62 195 110 204 194 141 145 105 17 123 125 2 168 134 12 199 160
    103 82 132 201 87 176 74 182 192 157 239 113 60 231 98 160 54 147
    137 249 129 40 31 25 12 136 155 233 24 92 0 121 98 100 17 170 242 32
    244 119 198 212 191 72 35 21 211 167 216 53 148 145 201 172 130 35
    207 26 143 182 94 123 85 188 124 1 54 135 65 116 212 94 148 121 94
    244 95 71 22 188 71 142 209 123 42 43 18 98 242 151 206 162 174 103
    124 116 210 201 166 90 83 116 51 150 223 169 83 36 44 233 125 45 237
    42 37 157 186 145 125 215 202 137 107 159 85 128 41 58 242 136 194
    217 125 138 131 24 171 31 159 211 178 221 80 88 169 11 233 132 112 4
    216 60 113 40 154 2 106 156 120 94 67 22 207 133 95 3 204 13 2 158
    104 205 227 255 15 91 38 253 161 102 139 161 225 27 61 103 4 37 49
    27 37 193 84 113 235 49 122 174 253 254 206 112 208 96 38 246 186
    173 132 53 186 215 213 69 236 35 115 231 216 30 48 76 29 150 103 77
    85 143 29 104 46 252 143 104 52 14 110 200 55 10 252 167 136 233 176
    149 57 121 150 30 233 57 241 0 103 182 209 104 218 224 253 221 96 51
    42 197 239 10 105 129 197 141 87 165 52 134 55 138 226 27 51 230 249
    127 109 20 96 205 69 186 147 72 149 227 240 108 180 151 119 9 238
    222 70 189 90 242 186 66 37 203 183 114 12 223 141 165 224 206 254
    71 202 34 159 227 220 37 50 244 132 20 120 60 166 228 232 165 78 109
    2 219 12 33 114 149 175 130 145 143 193 88 53 35 126 157 31 92 167
    70 74 199 131 199 167 6 241 192 51 101 56 8 198 122 41 122 120 34
    204 222 23 47 76 215 184 167 229 149 217 209 227 1 119 181 207 154
    188 70 104 81 37 4 209 159 32 165 208 62 136 225 219 97 237 20 48 88
    182 181 48 39 85 229 122 187 128 184 104 199 240 46 190 102 7 120 3
    94 76 19 232 184 120 200 101 179 7 216 86 167 238 42 159 190 175 71
    169 194 87 222 63 246 207 132 167 13 119 21 163 118 209 133 50 81
    253 105 51 143 93 7 255 245 92 132 143 174 168 183 250 242 163 101
    111 14 253 12 100 123 88 214 48 219 96 225 27 234 54 131 108 56 224
    251 73 168 101 142 34 98 67 246 118 184 8 78 136 23 133 15 89 72 112
    233 7 5 81 159 77 122 51 117 116 125 191 199 5 166 49 140 33 98 18
    34 148 103 188 22 141 134 224 189 2 238 140 9 35 152 42 26 81 94 95
    224 38 192 129 108 32 37 78 93 78 99 129 105 87 217 33 131 66 154 23
    97 48 207 250 80 175 143 226 2 154 79 2 237 20 220 145 240 39 65 143
    60 177 126 172 125 183 43 4 126 243 178 248 12 159 52 235 154 202
    174 62 10 175 40 251 237 141 134 139 1 204 4 245 159 64 160 32 208
    83 250 27 202 8 4 38 131 228 101 0 85 232 115 180 235 192 173 100
    150 97 54 241 117 18 104 41 207 95 231 169 153 221 46 97 118 9 240
    80 106 119 80 255 176 59 229 120 34 144 238 134 86 200 168 100 230
    153 19 84 138 99 126 238 212 15 236 177 20 24 201 105 11 106 159 223
    43 102 134 137 39 108 49 254 199 142 182 245 12 90 208 19 198 217 47
    16 233 210 6 158 27 181 221 126 48 65 149 4 247 76 224 235 77 64 193
    49 5 252 24 253 75 79 234 153 35 249 180 192 100 93 72 80 89 90 108
    181 209 237 236 190 138 0 150 195 242 47 44 49 143 51 124 252 238 75
    170 76 125 215 108 14 3 183 176 17 61 82 103 7 2 96 1 165 9 115 218
    145 136 41 62 212 240 243 100 218 4 29 40 232 206 141 141 108 216
    139 48 82 165 0 102 15 170 54 138 92 83 129 78 67 3 245 61 146 194
    114 45 33 194 188 181 154 197 163 2 215 33 242 240 38 198 3 171 17
    169 198 160 182 45 41 212 251 109 251 97 77 201 219 21 86 121 101 90
    234 83 63 7 161 116 43 116 248 245 114 10 79 96 75 22 180 68 195 74
    129 213 28 205 146 231 239 244 251 57 193 139 240 98 66 137 42 120
    112 105 237 59 77 100 35 14 195 134 59 190 246 117 35 147 103 130 3
    134 243 181 152 5 136 169 21 247 82 138 77 133 91 71 77 155 53 26 70
    44 76 214 131 56 189 162 168 184 74 40 214 200 123 71 57 247 60 141
    231 80 85 108 42 134 109 115 236 244 140 250 204 131 59 162 219 160
    117 92 165 204 3 117 254 165 141 152 96 93 180 23 111 196 182 59 90
    50 104 249 227 156 152 215 198 155 89 230 175 225 136 157 233 85 16
    8 94 18 247 22 10 228 180 14 223 207 251 107 212 60 93 215 102 10 13
    57 45 128 121 117 29 43 182 237 166 176 215 225 11 110 26 107 3 108
    76 255 169 128 90 107 208 160 114 138 146 249 244 55 67 137 68 77 83
    114 130 107 249 22 169 122 44 46 5 118 10 255 212 16 14 18 219 236
    139 160 78 10 119 229 11 223 131 180 123 26 161 118 43 12 218 74 224
    139 215 88 40 219 56 136 123 214 247 83 206 192 253 147 77 20 152 61
    125 9 64 94 206 73 169 27 118 235 62 161 120 173 96 254 167 15 193
    223 198 213 93 255 249 89 10 136 181 240 27 165 105 28 164 89 10 170
    88 77 251 175 155 46 70 252 232 200 143 73 21 5 10 160 75 211 219
    255 59 151 242 67 20 8 151 207 70 226 213 34 10 159 99 91 181 231
    162 13 3 47 34 62 243 47 122 44 124 88 94 110 146 202 140 221 86 25
    203 206 245 126 188 1 26 169 72 85 17 178 80 61 91 9 230 54 163 233
    116 203 71 154 68 197 151 30 28 193 142 228 97 249 207 229 106 35 18
    156 209 192 87 98 81 146 197 73 153 102 153 34 226 214 219 107 91
    247 218 45 141 135 50 232 194 76 143 188 40 119 48 125 35 162 170
    107 41 209 96 121 81 252 41 200 146 6 218 19 232 243 22 231 195 95
    144 192 243 154 192 179 74 145 250 197 240 98 126 193 97 111 62 8
    153 53 4 148 110 201 137 217 132 34 226 121 92 189 157 103 214 56 57
    60 181 113 91 44 131 239 179 39 27 5 50 204 191 12 18 226 182 96 166
    192 92 159 233 213 194 174 53 198 53 35 219 65 67 244 108 19 34 12
    17 41 73 251 143 49 176 186 150 84 234 27 117 57 208 139 251 104 55
    147 204 128 28 179 66 13 226 229 168 0 227 70 249 230 98 86 167 198
    51 243 9 139 182 132 160 73 243 161 53 115 11 8 236 199 22 13 194 40
    21 45 236 236 5 246 89 46 166 0 162 226 227 216 96 166 10 80 74 23
    180 2 168 169 222 120 125 186 69 87 203 65 208 209 131 59 42 233 70
    175 92 201 252 143 187 137 90 185 73 60 114 217 68 48 123 237 75 176
    18 126 225 7 167 23 243 163 50 231 97 11 30 117 133 66 164 214 236
    34 113 144 31 231 36 109 196 97 132 253 220 99 13 114 246 254 30 75
    197 77 242 104 97 217 221 17 92 184 94 90 176 30 246 184 190 101 109
    204 70 173 188 23 79 111 215 30 144 142 235 135 103 152 173 26 175
    162 222 249 132 206 139 134 54 169 28 247 161 62 81 51 222 168 164
    189 49 220 33 230 100 5 111 117 149 170 49 152 204 233 115 235 82
    210 186 194 79 132 34 241 37 235 201 152 103 163 194 173 159 167 77
    161 161 157 123 69 48 150 211 227 225 98 137 114 126 66 231 196 213
    198 210 251 210 236 123 94 30 1 77 73 165 23 114 86 214 122 73 112
    201 124 221 171 95 151 66 56 152 197 45 226 187 240 41 160 125 16 21
    187 96 69 70 54 73 144 157 19 90 97 140 33 168 26 77 209 101 79 50
    110 183 173 124 239 19 148 241 4 93 54 156 94 114 87 206 152 41 66
    173 20 54 43 159 99 215 136 68 120 248 89 28 137 165 151 142 42 160
    37 199 124 182 4 249 78 215 98 86 84 204 203 22 155 155 107 176 248
    23 161 10 42 197 171 135 158 162 153 249 238 114 85 194 52 42 101
    109 149 167 132 228 236 65 189 57 158 238 143 40 243 15 198 63 196
    18 10 146 133 49 186 85 90 73 197 239 121 69 90 57 25 255 173 95 175
    72 55 61 204 195 29 141 171 64 114 16 71 110 101 238 230 132 7 133 1
    109 119 134 26 222 16 188 6 184 87 57 78 106 112 249 23 126 77 40 12
    124 85 204 72 137 88 88 18 157 105 255 169 189 247 62 145 81 74 160
    186 217 48 200 149 30 81 22 55 181 202 222 95 117 44 14 87 220 140
    129 135 212 221 23 131 11 180 74 212 234 221 95 164 18 24 3 153 222
    120 65 40 243 116 79 71 69 239 42 218 33 169 86 31 13 251 120 39 206
    139 102 210 75 25 11 254 255 109 179 228 122 144 166 98 246 69 45
    224 186 166 6 43 233 206 229 81 231 72 14 223 180 21 4 69 119 134 38
    214 97 81 183 229 97 9 43 172 156 88 240 131 97 28 0 175 210 31 203
    84 109 228 158 203 224 216 151 135 234 112 97 41 17 148 139 73 10 0
    6 234 161 75 7 112 87 249 22 170 205 48 94 152 3 142 240 159 133 174
    206 180 216 227 99 99 81 108 128 132 236 238 55 87 4 209 37 246 30
    126 222 225 48 28 138 229 48 33 35 171 249 124 155 206 187 148 162
    210 145 233 60 164 63 218 164 183 66 144 155 73 159 84 48 43 185 184
    30 131 206 69 11 216 72 158 71 9 203 112 58 148 123 150 219 214 204
    194 199 15 233 108 176 62 20 201 166 65 245 5 253 40 207 206 36 130
    251 100 26 230 142 228 13 178 227 98 2 2 150 49 220 234 5 193 163
    217 71 240 4 16 67 94 162 69 205 87 209 172 56 62 27 44 159 173 125
    121 65 149 243 69 170 204 10 23 61 7 61 101 57 10 138 132 108 161
    139 173 94 157 251 160 141 188 27 10 41 129 206 185 255 69 232 168
    201 103 19 98 43 159 38 60 241 237 191 123 98 205 38 79 113 126 15
    12 141 211 16 89 122 201 220 175 77 103 238 91 143 62 191 119 229
    117 0 233 240 20 22 151 215 196 247 249 145 162 56 224 8 88 41 21
    124 234 14 20 125 103 76 118 120 204 55 206 130 179 127 166 171 102
    95 200 107 19 248 69 163 43 214 220 76 99 52 92 98 109 76 194 150
    192 208 89 205 173 245 173 178 136 90 130 21 64 229 214 244 154 79
    168 42 181 119 174 117 28 73 4 8 134 214 114 136 55 86 50 96 4 172
    40 61 72 217 96 176 31 224 213 203 197 60 177 134 78 56 145 95 165
    105 65 210 179 71 176 182 198 115 141 39 65 25 46 62 207 242 234 150
    243 150 80 70 235 215 203 73 167 41 197 203 232 201 94 132 196 15
    122 9 203 3 118 212 232 62 57 144 249 27 175 206 141 141 202 112 169
    222 198 242 54 52 215 84 173 176 79 158 31 74 72 101 57 72 162 200 1
    249 130 248 143 0 55 93 47 188 138 133 250 227 38 16 224 12 180 119
    108 205 204 136 79 218 24 45 106 90 126 37 49 196 183 111 26 77 119
    82 133 192 53 241 38 242 63 190 136 243 101 122 60 41 30 156 181 226
    148 127 214 185 107 73 251 214 116 14 192 0 171 22 28 12 61 65 172
    146 240 88 182 137 181 121 207 214 97 127 65 113 219 170 254 225 227
    219 189 241 124 10 119 189 27 37 164 14 207 31 34 14 24 239 197 41
    158 45 206 81 170 249 21 96 56 124 146 176 161 150 183 186 252 197
    68 255 46 69 84 31 71 82 231 93 167 16 181 69 124 147 171 250 128 97
    217 211 19 151 198 72 167 74 74 7 232 230 112 113 124 131 222 177 52
    141 15 233 250 57 126 234 140 183 224 79 107 167 154 180 50 100 147
    5 18 202 241 254 50 5 109 166 215 229 203 87 166 241 36 193 73 230
    225 113 195 214 35 238 91 214 223 89 142 63 246 225 15 126 75 153 44
    58 130 151 185 96 16 205 62 254 125 240 124 140 90 134 48 11 151 223
    59 252 82 232 208 90 31 62 199 230 209 71 128 186 168 201 1 233 219
    75 64 224 126 20 177 84 253 86 79 190 20 193 32 240 51 66 106 168
    255 126 40 71 102 54 195 92 130 107 196 149 180 141 49 142 117 130
    67 136 13 142 196 106 56 183 242 63 122 169 166 26 187 195 21 161
    207 3 104 34 96 43 175 165 89 26 155 4 180 42 209 125 130 172 114
    180 152 203 48 67 22 129 7 136 24 117 200 140 118 206 237 153 215
    191 176 161 123 32 69 190 179 24 83 237 20 68 91 156 249 167 243 109
    161 251 95 171 131 91 77 31 206 166 213 54 217 222 230 126 220 44
    198 129 99 232 73 90 77 122 246 177 64 130 109 77 124 173 248 25 238
    252 102 75 155 65 151 173 152 241 138 220 223 186 152 181 69 191 249
    2 146 19 205 76 156 231 100 146 59 15 96 39 37 105 31 37 19 57 45
    119 177 50 131 188 112 191 218 126 179 144 241 223 91 50 117 169 209
    159 155 86 89 143 164 1 27 57 192 134 14 127 212 208 77 245 140 172
    45 236 210 0 215 231 248 247 107 188 22 72 246 67 140 146 160 169 52
    71 77 171 35 114 215 29 163 69 72 32 129 219 205 93 198 119 250 97
    84 230 202 84 219 97 174 52 108 17 198 13 80 108 35 63 19 117 80 95
    208 222 81 75 55 175 250 75 73 19 32 153 173 165 90 35 147 92 172 97
    58 8 254 202 38 233 23 192 128 40 75 181 16 207 95 215 126 249 142
    155 106 157 237 164 52 42 23 89 207 200 244 210 35 101 141 48 193
    218 208 43 25 46 85 119 62 165 203 84 53 127 213 62 18 190 205 252
    200 196 230 227 96 240 122 71 88 128 98 90 54 215 115 186 166 23 176
    178 156 129 174 106 120 57 155 89 119 30 69 83 48 197 168 25 157 215
    104 156 158 252 254 231 91 67 53 126 200 72 126 35 0 9 175 92 81 122
    188 168 208 157 121 102 72 248 151 2 69 187 10 28 159 220 85 47 30
    114 254 123 87 245 90 145 137 108 20 251 164 83 112 175 182 164 145
    179 167 18 77 217 102 221 115 88 23 144 247 97 29 171 211 163 139
    251 147 212 170 50 33 182 251 182 221 233 132 120 206 192 117 114
    240 203 185 121 106 49 46 186 133 13 10 114 118 207 228 55 77 182
    202 119 235 101 145 189 3 230 22 211 248 239 104 84 208 186 160 251
    19 75 144 199 158 74 90 110 158 54 201 104 95 7 224 211 173 229 151
    39 0 93 201 52 51 150 57 248 15 187 18 137 75 91 120 26 201 167 98
    56 39 111 223 118 40 245 252 101 55 238 205 86 90 225 153 81 140 152
    123 171 55 96 103 248 175 56 18 74 150 138 148 92 234 105 35 194 196
    115 180 97 21 178 79 179 45 21 229 92 66 213 23 180 104 199 185 5 50
    176 154 146 16 156 9 94 25 112 212 217 232 163 253 210 53 219 158 61
    231 3 159 237 80 162 82 192 247 40 28 208 161 202 57 28 107 252 11
    19 159 54 201 66 15 243 148 247 218 193 68 223 106 121 98 36 60 160
    100 234 70 222 241 195 103 69 237 150 174 94 119 65 208 54 116 39
    141 109 104 184 120 40 103 74 219 207 8 181 238 42 197 17 193 201 22
    34 28 250 161 231 38 29 255 125 64 26 53 113 68 29 40 229 243 233
    101 248 94 182 120 246 125 181 63 49 157 101 113 64 175 152 30 168
    28 115 204 191 147 151 107 165 197 81 252 128 2 145 94 53 74 207 87
    196 73 138 142 135 59 80 104 233 202 153 18 223 149 248 63 83 175
    149 157 90 154 27 214 41 220 186 206 193 53 39 12 201 241 72 158 71
    43 154 168 48 1 185 60 248 180 254 88 220 59 217 253 4 51 19 30 208
    214 159 253 232 223 170 50 158 27 77 223 188 66 181 151 118 76 177
    106 143 199 165 111 145 69 77 132 250 8 223 15 92 165 0 197 81 8 1
    211 186 13 58 231 53 182 246 216 28 27 94 241 66 156 113 112 97 142
    42 162 160 249 161 57 100 1 126 239 227 232 244 132 224 63 187 7 18
    76 18 240 167 62 15 164 152 50 185 105 219 37 76 18 12 194 7 9 246
    132 10 205 254 19 32 37 164 247 82 157 8 93 94 48 127 14 49 159 5 18
    174 248 229 147 94 233 114 138 100 223 73 230 210 255 35 240 226 201
    84 145 107 158 222 254 216 176 56 61 75 53 233 12 227 41 139 177 225
    137 4 4 77 44 9 124 64 230 85 231 168 87 109 99 65 227 215 93 213
    142 186 108 232 83 241 61 104 165 103 142 179 205 172 85 212 236 112
    189 57 218 63 13 188 222 157 217 150 138 106 138 172 61 178 217 190
    104 93 194 64 36 4 97 39 200 104 12 50 239 43 105 112 66 142 114 152
    130 204 188 160 15 252 72 34 90 88 227 187 236 114 113 81 114 132 38
    172 54 84 193 245 126 28 88 13 40 250 199 153 3 231 85 180 41 253
    141 154 77 157 105 166 254 189 199 59 174 42 40 7 35 66 221 26 94
    205 197 210 149 94 84 110 253 31 238 90 245 35 236 5 87 89 153 22
    163 92 177 121 101 206 199 33 106 18 124 175 83 163 207 46 129 31
    222 99 120 219 255 178 129 227 61 147 221 244 184 81 57 113 22 161
    146 224 239 92 59 220 90 181 216 207 91 237 78 147 251 220 209 161
    40 162 69 147 227 44 49 243 17 118 244 6 86 10 56 65 151 52 24 26
    239 226 175 217 85 51 192 255 169 42 95 30 147 138 207 44 62 249 82
    162 19 221 86 255 105 142 248 253 109 138 58 198 164 59 236 0 155
    139 224 177 83 121 204 76 143 104 210 2 39 124 81 8 176 118 135 46
    107 178 145 241 126 25 36 133 19 174 135 105 213 21 103 87 44 203 56
    101 13 117 95 223 119 174 89 108 243 157 221 249 126 217 155 38 36
    200 128 79 101 71 186 46 72 74 214 147 229 197 32 218 213 124 134 76
    124 1 120 227 122 62 252 18 189 50 158 182 84 34 185 246 3 76 68 191
    98 145 13 110 69 25 88 252 115 16 234 103 71 241 129 252 131 92 159
    170 133 173 25 236 11 215 74 88 48 253 189 220 198 208 195 60 42 111
    43 32 151 83 242 83 185 179 37 247 80 26 232 255 31 175 151 170 211
    10 111 107 56 52 224 218 144 222 233 194 16 198 227 39 50 191 112
    159 80 86 84 120 198 2 249 168 168 44 54 217 230 199 149 208 156 4
    100 230 77 65 89 186 56 68 26 85 130 237 228 57 142 17 79 128 94 181
    246 176 198 205 84 128 156 108 56 238 244 127 10 119 203 0 242 121
    134 46 39 167 188 69 192 103 185 197 213 83 61 56 243 54 248 162 142
    116 72 127 233 70 226 218 22 149 7 181 235 187 158 213 130 99 64 81
    213 211 35 79 0 36 135 186 165 181 241 180 189 1 44 203 214 29 94 41
    122 220 229 111 214 53 97 221 205 62 202 57 187 183 79 91 70 186 57
    252 170 46 16 45 225 240 25 37 106 65 60 230 58 221 182 56 137 115
    59 111 156 175 182 179 174 82 77 110 103 254 21 205 210 252 140 82
    105 44 213 45 168 92 100 48 199 114 138 109 244 165 177 7 44 22 99
    161 46 226 187 187 24 147 160 211 234 133 28 134 7 174 180 182 232
    87 33 32 205 108 144 57 206 200 82 151 66 172 103 31 6 235 165 56
    198 181 76 37 41 110 243 225 0 181 94 239 9 215 205 95 156 229 136
    227 33 109 111 210 112 251 81 255 237 46 16 218 202 31 177 226 178 7
    98 176 10 219 111 253 53 16 148 106 215 61 219 182 197 98 189 212 76
    181 100 100 144 157 11 234 225 66 45 74 213 211 245 182 242 219 222
    247 241 159 188 31 58 183 228 243 232 44 215 95 52 110 95 174 145
    152 20 147 98 100 62 27 188 154 18 218 196 239 63 5 128 46 236 162
    10 142 204 41 151 142 94 255 2 122 135 18 71 95 154 11 123 2 81 115
    149 21 165 164 197 126 73 93 237 211 8 187 62 58 22 210 65 29 5 232
    181 212 59 1 111 181 33 193 153 71 254 195 192 112 142 143 67 132
    121 46 112 156 151 206 99 166 12 224 166 207 137 71 119 9 205 217
    102 155 83 174 223 18 171 5 70 34 232 182 79 138 11 47 45 31 191 143
    201 114 55 248 178 244 105 166 211 145 69 18 192 36 105 138 245 154
    73 46 152 237 79 70 19 212 75 141 200 120 213 180 149 129 72 160 82
    66 248 55 151 58 244 142 229 10 162 241 28 250 133 43 2 104 41 26 47
    103 137 187 231 203 52 124 89 215 158 240 13 187 212 130 78 202 45
    234 56 139 22 179 9 112 150 28 14 10 21 67 42 159 224 230 130 115
    182 254 221 141 172 190 249 210 252 37 100 232 163 29 52 20 184 192
    246 5 139 44 10 105 40 3 157 173 218 116 14 109 97 246 193 115 189
    36 123 139 148 22 200 164 163 242 57 70 59 38 0 101 202 213 104 213
    9 159 108 143 210 23 232 69 125 225 9 84 31 76 35 244 152 87 240 68
    209 216 105 94 215 49 68 181 3 2 103 91 79 47 81 126 191 209 138 217
    35 251 7 79 226 176 255 180 168 155 165 183 221 144 134 245 58 7 192
    17 181 221 168 217 50 20 23 199 126 155 21 239 48 116 11 199 82 59 9
    52 150 104 127 100 187 235 203 113 219 213 153 218 32 197 244 62 218
    58 166 116 19 80 243 191 202 100 67 37 154 74 117 188 168 251 118
    104 155 22 16 125 139 244 208 56 172 219 54 86 6 151 132 123 229 181
    169 103 170 177 26 193 184 193 27 171 147 101 137 18 112 18 192 232
    194 185 43 122 192 250 252 54 123 167 146 38 64 204 22 205 194 89 8
    61 102 101 168 106 155 155 19 73 253 143 131 74 185 141 242 151 235
    250 16 29 243 70 224 174 254 99 47 138 128 179 155 14 254 162 255
    122 200 11 177 228 52 232 246 131 125 81 1 6 166 99 75 100 19 218 39
    110 161 187 210 42 249 120 59 186 235 196 232 108 14 76 171 23 187
    216 40 220 75 150 97 250 28 245 225 254 146 239 77 187 94 211 200
    208 102 124 89 155 241 140 42 228 12 220 30 28 192 243 130 172 37
    161 229 120 139 45 174 173 210 235 219 118 97 41 227 209 88 155 1
    166 160 33 83 97 92 217 154 218 71 179 31 104 5 153 6 14 245 102 162
    254 219 161 13 124 197 99 241 17 216 0 202 234 111 218 197 208 178
    72 50 216 5 10 85 2 163 145 19 27 232 174 117 97 112 54 150 54 123
    147 253 124 160 92 36 154 225 23 210 89 26 86 73 47 154 47 169 236
    196 42 197 192 246 246 247 18 36 132 169 115 3 255 249 137 151 250
    71 43 216 135 173 255 167 72 112 240 189 213 131 113 107 191 121 5
    154 173 48 125 136 162 62 165 230 24 43 230 199 130 39 57 140 206 73
    89 255 162 162 179 194 150 185 100 0 242 124 108 176 46 36 126 8 202
    251 81 63 69 65 133 220 73 85 212 74 48 65 21 148 179 85 106 212 169
    211 241 121 248 58 223 228 108 172 206 125 211 108 69 195 207 54 184
    35 36 204 176 100 168 50 89 141 201 38 15 157 143 167 31 203 166 105
    135 137 46 72 248 81 173 215 75 16 127 37 110 242 221 21 220 98 218
    12 135 93 27 126 194 154 236 90 180 205 30 141 91 94 56 196 1 169
    238 95 59 46 52 88 224 147 118 133 128 202 121 203 17 84 253 98 135
    57 231 194 90 96 126 88 141 211 88 247 47 33 203 0 84 196 48 56 186
    33 69 191 50 103 1 232 162 178 190 41 103 110 96 39 40 56 74 240 122
    212 164 206 100 224 164 51 65 72 54 168 121 120 35 130 40 188 222 77
    89 103 129 185 177 130 111 60 165 216 87 209 224 66 108 137 59 44 56
    124 230 114 20 35 183 155 74 214 15 89 47 245 178 157 200 37 189 146
    98 59 36 134 191 201 202 91 205 14 6 50 222 8 108 225 218 115 202 4
    231 77 244 7 239 175 41 194 0 240 49 144 207 213 11 190 169 123 234
    177 42 181 220 127 249 134 139 74 3 9 234 201 12 35 167 204 232 185
    213 164 82 145 202 93 171 63 34 211 152 19 254 43 186 0 166 216 203
    252 50 49 77 214 203 83 124 185 126 158 7 106 116 73 119 219 247 92
    110 142 17 13 222 59 253 89 21 66 42 31 160 152 185 91 185 125 222 8
    62 246 200 228 102 84 239 88 127 18 242 121 7 181 26 76 241 122 6 24
    205 183 231 116 255 174 224 23 69 223 145 92 193 250 44 232 138 170
    253 125 51 23 247 141 95 144 89 177 234 229 95 169 167 38 57 164 97
    238 133 115 213 217 137 143 231 58 17 78 129 183 125 136 139 19 83
    95 241 25 94 213 171 75 116 240 131 19 203 115 17 159 227 172 87 48
    224 212 101 217 131 216 77 113 129 152 210 138 199 79 210 202 11 118
    168 49 240 210 157 143 102 139 244 61 187 87 212 166 127 252 81 157
    191 253 224 166 27 39 122 153 205 63 93 165 84 27 152 101 3 213 137
    132 84 253 3 49 213 184 81 173 173 151 158 99 250 232 126 204 69 21
    46 247 188 23 79 84 235 121 58 200 65 35 5 106 128 189 254 135 111
    33 139 220 55 175 142 177 25 129 187 89 134 230 148 173 40 176 244
    62 174 147 217 215 5 176 122 183 79 8 104 151 200 40 164 106 10 53
    57 2 142 95 158 90 222 157 61 223 69 225 246 205 40 115 56 165 59 33
    79 39 173 181 173 24 162 99 188 151 159 238 175 84 203 225 107 172
    39 186 156 255 131 142 232 214 233 88 78 70 137 20 47 117 247 22 172
    210 118 10 6 40 182 234 156 149 55 80 127 192 5 118 156 87 181 138
    166 139 205 173 165 171 100 251 141 171 116 126 210 255 96 210 7 138
    6 154 92 40 93 23 130 160 63 148 36 147 52 236 232 3 147 52 237 73
    102 131 144 250 227 172 63 26 169 147 47 13 234 78 1 18 255 237 240
    93 178 162 169 130 37 218 113 137 90 132 158 107 9 77 206 200 54 179
    108 181 49 117 144 76 119 192 243 217 89 112 123 182 59 232 133 142
    30 167 131 89 61 36 92 35 79 181 109 93 140 166 33 92 65 15 198 147
    206 36 249 111 188 143 245 230 161 102 6 232 80 88 134 163 227 9 22
    116 191 206 30 4 96 8 187 108 54 81 42 167 80 42 201 154 226 249 2
    99 53 93 119 9 47 137 195 47 43 131 111 207 44 1 251 87 123 115 61
    52 192 5 165 182 180 240 147 144 223 25 70 41 60 93 210 170 160 249
    15 64 109 182 46 194 204 157 81 97 80 99 183 142 186 250 160 205 209
    183 106 183 57 222 22 235 133 133 184 160 13 3 139 58 114 178 169
    255 68 56 118 47 50 49 8 67 235 136 172 130 201 194 133 110 129 214
    187 49 106 54 54 194 104 102 121 209 64 211 68 209 159 121 67 146
    194 186 186 143 151 230 23 71 97 226 164 151 143 28 204 162 34 178
    66 109 53 38 186 115 82 167 10 171 204 59 134 218 218 229 110 111 5
    110 198 209 68 65 150 69 58 4 68 142 100 98 11 90 199 161 15 140 186
    153 118 115 5 194 172 236 249 254 249 20 195 54 39 92 67 237 9 58
    248 251 253 191 110 188 172 50 44 124 221 112 96 192 163 111 54 38
    221 116 246 166 246 57 67 212 16 126 124 127 112 203 98 115 117 109
    184 194 154 204 55 165 197 108 6 79 142 101 2 207 18 172 241 221 194
    66 39 178 156 180 80 89 90 135 37 242 229 99 145 206 251 197 122 163
    70 203 112 134 253 108 197 83 147 167 125 11 82 100 31 1 233 51 88
    90 114 210 242 34 102 31 136 214 33 143 115 177 51 87 5 160 189 3
    143 218 20 8 184 118 39 182 44 255 145 223 232 80 217 77 175 171 171
    150 208 46 168 89 251 224 247 33 59 251 101 12 102 44 153 8 66 11 71
    91 156 122 181 199 203 138 104 160 161 46 96 67 136 19 246 224 56 55
    248 194 178 230 250 75 246 148 226 241 60 211 172 84 253 216 195 42
    207 180 239 56 9 110 178 28 135 23 243 34 226 21 165 13 247 102 107
    212 192 216 7 129 219 91 93 56 98 212 47 142 152 151 198 119 118 62
    171 146 173 29 8 23 39 69 152 125 46 89 159 173 217 225 210 99 65 25
    88 232 216 33 1 181 120 186 152 247 199 154 33 143 202 67 61 101 122
    194 29 143 174 49 145 135 227 126 124 198 44 247 65 139 17 108 119
    39 57 46 174 80 147 79 250 64 153 171 246 161 205 114 168 105 155
    211 123 186 153 141 69 205 150 212 246 175 144 132 210 187 99 141
    143 137 194 64 200 76 24 174 0 214 168 22 183 1 45 128 199 1 110 51
    25 93 64 65 171 155 138 195 243 183 248 115 14 218 69 33 211 151 245
    249 139 111 127 162 166 235 181 174 197 22 170 152 87 96 173 171 167
    62 131 21 210 220 238 113 133 78 68 175 249 27 63 220 104 244 132
    198 230 111 225 230 70 69 48 77 240 85 202 106 58 11 13 92 160 82
    174 254 242 135 102 11 237 212 25 244 153 30 187 143 10 212 128 166
    176 2 223 188 104 50 134 105 158 254 122 227 218 45 123 146 115 146
    200 176 229 202 208 120 146 143 103 232 97 64 167 90 69 229 170 233
    75 28 58 211 125 133 66 58 80 38 208 190 90 77 33 25 173 183 101 206
    156 143 242 73 233 148 140 240 134 54 32 104 38 179 149 170 132 174
    115 217 138 31 233 178 12 130 33 106 156 219 11 105 98 165 178 66 34
    219 234 185 79 73 246 51 24 247 178 140 171 99 215 245 134 59 122
    157 231 172 42 208 177 125 22 144 115 62 232 131 137 96 63 73 9 102
    111 88 206 255 13 164 133 120 236 171 235 82 169 73 164 196 58 18
    231 95 33 252 8 134 234 52 249 22 117 115 194 124 12 221 80 234 111
    138 147 235 6 176 213 190 202 116 86 29 213 240 78 187 22 204 21 145
    14 85 211 87 192 198 72 51 226 124 30 100 30 122 213 144 99 178 8
    181 188 235 34 202 85 41 88 57 124 93 92 157 196 53 226 54 212 86
    117 83 69 27 142 150 249 21 2 181 92 24 218 18 108 94 27 226 200 102
    113 89 126 219 167 63 1 78 46 209 155 206 242 123 241 169 95 136 69
    191 245 20 161 152 202 72 43 123 226 204 142 186 165 212 221 85 62
    165 105 5 60 151 141 30 132 203 7 80 84 186 30 55 81 33 137 145 142
    10 160 151 223 52 104 134 251 226 109 42 171 41 45 173 6 183 26 77
    182 25 59 218 209 91 207 79 11 179 169 50 73 227 247 159 169 12 172
    244 172 153 84 136 251 197 82 105 61 131 196 132 75 251 146 248 202
    16 32 141 171 181 128 172 111 59 55 105 189 165 188 71 66 31 1 9 81
    66 240 175 52 59 178 155 119 188 67 158 25 152 203 160 115 106 101
    67 38 173 90 16 164 100 53 98 201 62 57 48 123 57 55 144 95 53 107
    121 199 7 14 234 213 46 69 185 219 190 50 191 160 10 88 235 153 202
    84 148 252 164 135 141 93 196 244 69 153 21 161 87 129 115 34 132
    129 37 188 53 136 113 187 142 188 153 205 244 172 162 40 146 244 168
    54 2 171 131 64 187 169 197 170 84 121 240 71 107 254 149 175 186 22
    87 103 147 153 59 41 44 205 26 64 29 250 51 36 74 210 13 103 252 37
    46 242 212 215 112 43 33 22 228 189 243 178 182 51 134 240 71 214
    143 2 243 99 50 38 119 218 231 253 166 211 221 196 104 240 148 85
    218 63 73 153 44 70 49 138 231 171 136 237 151 255 171 189 245 151
    15 1 226 68 152 135 73 117 59 19 131 229 33 215 207 252 247 248 254
    7 3 48 46 108 37 5 221 214 44 10 162 98 56 186 114 117 20 84 236 103
    218 61 143 246 84 101 240 211 214 65 87 125 173 176 13 245 128 94
    250 105 84 33 117 37 114 146 231 188 14 141 14 141 124 8 191 32 165
    78 11 231 88 13 55 184 202 182 3 229 162 51 46 192 235 247 183 226
    235 231 64 101 86 75 232 164 45 38 143 130 180 194 87 18 193 55 160
    112 218 95 26 30 135 37 246 147 68 173 138 25 212 39 163 179 36 53
    183 98 163 136 195 86 32 76 81 233 77 65 160 157 6 219 182 173 234
    38 44 207 134 42 208 22 243 140 115 116 190 201 241 105 116 33 37
    203 117 161 171 77 181 210 237 64 197 185 162 255 118 232 163 184
    132 166 59 22 32 14 66 125 216 55 122 255 213 183 253 181 85 53 41
    199 65 206 161 223 101 109 53 202 23 116 27 44 65 65 182 244 210 51
    31 60 241 98 61 136 142 45 69 27 54 229 96 27 209 154 40 93 166 132
    112 3 127 199 225 116 124 194 142 4 227 54 165 208 43 91 246 120 58
    231 201 224 2 18 225 104 187 186 58 91 183 157 58 200 202 105 200
    237 144 156 157 69 108 212 184 153 156 252 115 165 213 79 173 48 151
    209 128 138 184 135 114 69 131 139 140 45 166 65 6 162 216 48 167
    227 65 158 177 110 19 167 228 201 150 89 143 64 23 1 240 20 241 202
    15 109 162 208 181 219 1 26 105 150 229 239 118 184 49 253 160 166
    242 187 35 62 209 36 55 145 18 68 21 195 30 255 102 149 210 120 61
    64 127 179 174 4 253 148 201 48 147 15 75 163 142 209 112 212 71 63
    189 173 187 210 87 33 101 230 107 240 201 96 191 67 98 120 214 98 16
    198 190 158 67 42 212 151 218 173 14 227 104 57 175 23 240 230 209
    108 70 114 137 216 53 210 79 245 94 121 110 88 220 40 68 9 146 151
    91 60 165 180 27 141 43 138 19 193 22 206 156 74 55 75 119 80 64 150
    162 89 218 27 60 168 194 23 176 50 112 214 242 127 86 212 32 95 91
    123 162 118 35 94 177 87 192 253 252 137 69 179 76 1 41 240 28 50
    166 220 90 249 165 65 83 46 7 35 12 243 71 51 170 195 184 101 163
    200 114 117 189 12 212 164 111 221 156 29 161 207 233 119 221 170
    195 71 180 85 99 17 121 71 233 212 236 30 100 103 60 46 105 204 240
    153 3 142 33 85 244 24 63 189 76 235 182 161 226 144 91 77 90 77 10
    163 85 175 122 222 221 17 158 62 192 25 54 232 238 227 10 145 100
    217 81 105 130 160 134 176 144 233 115 203 138 240 119 107 228 109
    245 59 6 68 104 148 73 149 255 229 210 208 151 215 179 233 101 212
    14 206 120 113 50 200 208 57 51 72 234 33 174 29 176 81 132 206 16
    75 218 243 55 112 193 178 237 128 244 155 186 87 19 165 171 213 175
    75 74 22 168 209 111 145 202 166 103 90 199 247 74 230 213 110 99 22
    230 88 123 209 124 73 130 168 92 47 41 248 9 94 248 9 96 127 237 60
    212 44 212 155 177 229 224 198 215 140 71 83 51 194 6 158 66 62 172
    76 130 161 73 118 113 109 173 17 194 151 156 155 30 86 176 252 236
    49 121 232 204 155 39 209 24 242 110 85 136 229 174 220 50 49 233
    208 186 84 112 184 34 223 130 121 104 90 159 231 112 158 156 33 200
    57 143 63 217 165 192 247 73 226 178 115 198 10 182 10 188 238 50
    184 185 8 247 206 75 213 43 174 62 229 89 175 56 133 81 192 58 93
    134 188 201 169 17 47 43 53 161 226 183 120 21 29 1 197 82 73 133 21
    222 110 199 156 212 161 42 173 106 83 115 11 102 109 197 234 154 70
    57 76 104 179 25 148 11 150 228 233 217 174 70 173 146 26 151 60 133
    224 34 111 144 150 172 39 181 223 44 68 192 192 71 144 162 33 180 19
    136 50 210 48 217 242 83 116 11 31 240 44 90 152 229 89 17 128 156
    38 137 65 255 90 222 181 120 66 46 196 235 112 103 217 218 173 199
    174 120 34 128 215 221 119 90 93 238 162 63 10 204 40 151 5 111 171
    210 96 56 113 67 254 144 35 23 126 69 94 168 22 160 0 73 132 198 157
    112 163 123 53 107 19 152 56 161 39 165 168 107 37 71 100 117 151 30
    239 31 234 204 42 249 249 12 120 133 42 245 154 254 99 42 160 101 1
    25 232 53 214 175 135 94 142 209 60 244 217 243 6 141 240 213 208 89
    224 210 181 243 36 105 223 17 185 131 147 196 250 138 143 109 185
    175 127 236 146 151 182 126 218 162 3 50 79 237 164 26 24 186 39 241
    185 235 66 238 147 242 38 84 191 37 141 90 153 231 183 194 79 95 53
    72 9 165 52 47 193 130 29 207 162 110 253 211 98 215 100 60 99 80
    235 25 180 17 53 238 215 173 89 168 195 83 162 56 58 62 249 36 69 35
    254 139 158 171 102 105 10 170 3 166 176 17 146 213 186 104 216 79
    249 103 212 147 84 197 53 6 120 144 111 136 124 173 199 76 9 151 181
    141 66 212 43 240 103 209 116 10 90 240 201 206 43 243 31 140 55 245
    100 28 203 126 48 79 80 74 107 208 134 109 104 184 66 164 132 36 185
    195 196 199 31 186 80 107 134 86 122 0 237 249 71 215 94 12 64 88
    201 221 45 35 189 74 154 190 34 39 142 187 112 87 226 150 212 224 23
    39 16 101 93 9 110 242 147 0 207 205 174 126 146 142 235 186 27 189
    28 102 116 78 40 129 78 12 123 179 239 171 1 173 249 200 106 237 161
    153 239 230 28 127 158 90 59 22 46 29 130 170 202 238 62 206 36 182
    219 125 3 18 225 92 84 223 138 123 13 62 135 55 212 146 71 205 40
    124 152 106 213 123 224 54 93 82 113 45 18 61 97 43 246 96 233 239
    123 220 55 246 251 170 92 139 102 211 69 114 88 251 184 212 159 201
    228 97 133 60 81 193 177 172 60 19 83 194 44 234 233 58 250 193 246
    191 250 114 78 18 172 191 51 67 126 136 57 128 86 212 52 42 90 9 175
    33 140 204 135 167 162 9 134 38 183 15 73 72 95 197 82 95 225 31 9
    156 61 11 126 204 224 128 151 46 197 101 46 230 218 118 212 255 146
    227 30 57 161 185 153 61 99 214 92 40 92 213 161 96 190 215 156 36
    83 155 5 155 1 44 55 254 220 235 190 166 38 175 83 122 120 199 12
    176 72 142 202 158 77 95 95 247 31 11 131 49 181 16 238 80 64 219 80
    222 148 250 44 55 22 102 170 110 6 187 13 221 224 25 167 51 212 171
    4 216 116 93 228 25 182 133 21 132 220 62 114 204 133 22 255 66 77
    156 168 108 133 150 242 194 36 143 200 185 87 202 23 168 76 215 190
    139 223 119 107 129 79 102 242 172 186 179 249 177 240 152 189 150
    202 192 50 5 7 165 108 136 138 155 211 193 198 120 171 226 121 70 22
    111 158 200 180 95 231 5 64 129 227 100 112 103 88 192 154 186 217 9
    100 28 22 108 18 37 1 172 118 151 159 33 89 63 164 68 125 210 107 34
    58 172 239 49 7 34 158 86 107 149 123 225 145 218 239 90 15 42 59
    107 136 81 115 75 26 165 124 195 145 230 71 241 232 59 57 46 119 116
    120 88 167 117 218 39 56 198 235 27 88 230 74 115 73 89 188 130 8
    211 166 18 189 43 223 107 23 7 59 114 236 19 80 185 206 130 174 42
    191 59 204 155 163 210 121 246 199 176 104 18 42 232 111 108 200 73
    87 103 54 124 80 28 12 226 173 128 143 115 158 161 36 32 218 11 224
    177 136 54 39 209 190 207 147 45 209 93 176 235 108 247 204 35 176
    164 209 17 220 235 231 238 158 203 176 65 41 226 51 3 200 57 71 208
    233 167 115 169 46 60 195 44 123 35 138 67 120 43 203 29 47 166 197
    239 120 221 113 87 20 230 34 28 47 174 14 236 50 193 200 102 161 141
    196 134 158 185 189 124 226 33 195 126 152 103 78 41 211 63 116 40
    224 69 52 206 214 252 106 158 176 84 148 224 109 61 122 19 176 218
    33 152 0 217 23 109 10 241 95 118 175 101 54 37 192 230 77 126 202
    44 157 252 118 155 166 214 104 132 161 87 182 240 65 8 8 244 109 180
    236 140 164 103 124 246 247 171 244 166 6 201 221 172 161 137 199
    111 125 75 69 6 144 68 14 35 60 12 151 72 214 46 100 132 119 227 20
    7 229 188 114 29 47 237 192 224 116 226 97 102 187 64 228 206 97 5
    64 211 181 17 20 22 196 3 7 32 75 218 95 217 177 65 173 14 18 178
    133 8 169 100 191 89 78 234 65 11 98 243 104 126 99 12 65 102 96 189
    70 149 81 219 199 45 200 97 79 21 44 28 135 132 57 75 170 16 10 175
    72 189 158 205 38 84 219 105 119 172 218 64 25 113 44 57 245 251 131
    183 48 204 83 198 111 214 1 153 126 150 162 189 77 69 238 245 44 242
    242 29 163 49 116 70 89 190 227 235 105 220 186 157 206 63 31 71 148
    59 139 185 204 113 222 101 187 40 211 85 179 159 205 147 158 69 17
    83 170 157 206 173 120 51 110 126 131 156 72 33 3 214 51 72 124 26
    205 144 219 20 201 227 180 13 59 127 216 87 202 106 120 172 104 197
    229 154 223 73 40 228 107 17 58 74 237 148 149 41 36 26 189 254 147
    37 174 139 39 149 136 107 210 50 16 9 233 34 62 248 211 103 14 18
    100 80 93 44 5 61 218 139 51 179 95 227 234 196 52 237 65 49 73 174
    14 234 236 25 180 157 56 116 27 179 162 183 185 15 247 195 209 61 85
    251 2 26 179 52 45 153 68 156 107 240 23 31 232 234 198 226 227 200
    219 117 30 124 11 205 119 140 30 129 10 103 162 123 240 116 220 42
    254 81 201 172 10 156 164 1 54 198 201 118 107 127 106 196 206 60
    245 81 174 215 65 79 195 148 70 130 108 161 33 51 26 180 165 216 115
    84 26 63 143 240 18 168 74 212 38 220 157 223 206 46 132 147 173 201
    205 206 179 91 167 113 4 94 151 234 37 125 119 36 136 235 167 41 16
    148 121 106 60 245 86 69 228 236 63 55 180 213 116 80 160 144 20 128
    39 161 32 218 61 3 101 16 235 85 187 107 133 38 70 132 53 24 214 6
    211 38 9 221 6 54 237 40 156 6 250 70 164 132 102 94 204 99 124 30
    55 122 50 214 59 24 85 92 253 178 236 113 5 33 67 122 234 187 24 35
    243 34 200 84 51 253 42 217 230 124 92 37 222 61 27 153 226 29 218
    241 178 221 41 171 37 174 179 201 188 12 115 182 76 53 71 164 52 26
    5 99 190 202 110 73 95 219 130 11 203 209 136 89 26 81 152 188 143
    239 136 193 153 233 16 183 159 222 82 33 127 229 250 219 233 155 30
    65 70 184 37 77 128 165 78 108 213 52 184 86 225 220 17 97 218 143
    148 90 113 67 54 242 95 174 216 218 26 23 39 52 238 13 20 219 121 93
    80 128 233 29 130 36 19 230 106 79 221 108 58 155 140 240 199 215 92
    146 208 40 79 106 162 54 254 220 121 202 3 186 181 176 134 157 29
    161 133 198 104 254 106 197 212 195 170 50 114 42 3 85 202 183 185
    158 173 105 122 66 234 62 36 35 92 255 203 207 14 94 112 27 133 41
    182 5 149 180 130 213 20 143 37 177 124 207 195 214 58 78 47 248 138
    90 162 61 213 46 252 25 213 189 37 164 205 133 128 42 179 181 99 129
    175 89 109 229 115 207 125 87 11 81 235 101 53 246 20 234 235 79 232
    145 105 68 206 191 36 117 215 93 165 207 146 106 65 225 163 60 14
    140 218 140 141 168 242 70 118 180 242 55 15 83 27 9 200 4 34 27 134
    65 58 45 188 13 231 85 167 223 117 98 236 107 126 147 251 12 59 53
    135 144 31 211 249 60 247 0 47 135 62 172 31 53 57 182 49 73 111 255
    243 88 106 47 155 128 13 62 190 186 98 161 86 55 1 189 255 5 28 101
    253 210 114 2 181 67 99 230 171 123 250 102 212 42 26 218 145 207
    157 241 248 136 157 215 20 246 115 55 168 88 179 194 241 127 104 189
    194 37 172 128 132 161 189 139 225 251 32 231 252 39 147 68 99 50 91
    109 89 202 232 26 10 191 74 129 29 130 90 194 157 184 93 50 165 186
    40 121 215 92 55 115 27 58 119 127 49 223 127 250 219 186 248 28 39
    228 200 104 246 31 197 209 155 240 53 0 175 62 183 7 72 110 171 31
    158 148 139 115 114 210 132 63 122 34 172 130 229 236 172 149 66 236
    111 91 136 85 31 128 27 0 112 68 49 134 77 167 14 163 88 68 89 79 51
    69 177 78 222 140 46 93 199 145 60 171 190 209 18 31 204 190 167 209
    207 68 172 193 79 39 150 113 17 237 80 113 164 107 43 246 209 20 145
    51 93 167 221 164 116 209 69 162 254 150 37 226 202 240 185 52 232
    238 99 196 124 60 132 15 219 192 131 127 178 43 171 155 137 192 10
    243 7 222 139 87 119 249 186 217 7 240 244 208 48 32 64 143 133 215
    100 155 148 113 237 125 128 214 78 168 46 21 165 83 28 170 43 133
    153 27 126 100 9 133 99 53 0 186 255 104 6 229 176 248 249 255 197
    177 86 60 41 171 214 113 127 119 45 136 164 237 161 197 10 120 163
    54 234 91 234 83 204 248 68 108 38 108 124 18 94 139 6 173 54 232 53
    184 171 34 251 39 43 81 238 144 137 252 12 155 179 153 108 126 209
    50 22 193 178 81 140 148 88 87 30 87 149 40 171 113 155 43 135 74
    119 153 131 128 253 105 11 62 168 73 81 128 13 68 43 143 130 52 163
    38 10 176 129 6 95 106 18 144 174 35 139 251 28 50 195 133 55 220
    209 30 123 22 155 87 181 96 232 51 232 180 248 93 4 193 26 81 248 73
    204 62 162 203 67 55 142 14 41 170 225 215 196 224 210 89 141 164
    188 16 230 123 206 8 75 173 207 143 45 252 31 68 97 12 77 58 80 217
    186 88 162 128 143 236 40 167 66 170 2 151 124 53 73 102 220 3 127
    42 255 121 200 61 102 242 248 39 104 108 122 136 157 132 15 65 20 73
    223 201 61 187 254 214 57 50 33 216 122 2 59 172 52 243 222 41 150
    107 146 187 135 143 215 229 24 26 10 39 243 8 70 249 92 198 218 147
    239 228 158 67 138 234 238 132 111 51 145 63 197 76 201 83 217 149
    172 24 205 134 87 30 49 216 236 228 199 178 86 82 15 17 125 99 248
    215 4 75 123 34 55 148 61 46 129 9 178 129 170 92 55 102 214 242 153
    98 76 47 181 216 63 202 175 43 181 113 186 79 41 141 41 181 123 186
    157 231 221 245 56 199 181 55 75 73 88 174 54 194 69 219 73 42 47 79
    254 192 202 73 33 16 217 37 178 20 101 163 163 75 117 37 129 94 100
    246 171 123 137 206 64 51 53 66 11 20 238 141 201 247 245 115 196 48
    135 226 23 178 210 113 12 232 109 228 225 255 91 150 1 10 110 65 188
    33 56 28 110 210 243 123 181 31 86 150 225 32 94 203 220 243 139 249
    73 37 31 199 19 14 151 169 144 95 28 170 11 191 244 70 205 82 27 188
    195 45 88 39 84 62 138 132 137 21 84 128 7 144 218 12 122 144 102
    188 13 189 93 208 152 107 170 56 195 98 186 162 182 100 105 220 155
    43 167 20 212 81 70 45 168 167 64 64 163 10 160 40 24 120 200 62 88
    18 147 239 102 127 96 60 162 55 117 191 218 64 130 170 83 204 121
    231 22 123 139 122 83 159 237 52 56 201 39 10 125 209 121 192 136
    148 97 80 178 16 94 232 244 235 225 77 192 60 115 187 207 196 196 33
    209 201 130 22 80 176 85 184 135 25 12 80 122 219 81 145 113 75 184
    213 101 237 25 52 17 201 235 34 46 114 172 177 29 80 19 108 235 100
    42 44 91 74 81 5 215 25 39 68 126 56 150 113 241 175 207 192 13 185
    155 11 168 49 209 137 165 163 249 75 89 251 72 37 214 226 160 10 61
    141 211 232 213 152 51 204 71 238 79 196 135 79 194 197 185 90 239
    246 152 74 187 128 67 182 6 0 199 87 17 216 0 229 158 135 228 62 74
    235 82 35 216 196 109 70 114 75 210 6 104 207 189 220 138 187 212
    215 108 58 218 95 192 146 253 244 226 31 219 27 45 244 19 138 89 29
    75 230 89 21 21 2 125 10 77 148 143 176 216 68 20 141 190 7 201 53
    175 88 105 88 158 52 162 192 54 26 77 153 134 189 60 76 233 223 76
    128 37 146 220 217 233 65 167 26 63 77 160 124 201 2 124 0 89 253 60
    218 225 145 186 173 168 212 179 161 2 8 19 154 231 85 35 230 18 70
    219 40 167 233 66 242 44 63 176 198 66 74 17 2 5 92 78 187 48 202
    225 29 196 191 116 115 167 107 238 214 177 121 0 79 7 100 15 128 216
    162 157 166 171 130 120 71 176 50 228 214 196 123 34 227 13 232 211
    90 196 188 120 14 191 241 6 238 163 218 203 143 90 61 114 16 31 74
    199 166 31 160 6 235 148 153 137 207 116 216 24 97 119 0 122 212 4
    38 99 62 213 212 153 208 175 46 59 152 147 44 183 164 109 157 48 57
    62 137 84 254 4 152 23 174 78 90 82 44 121 167 39 6 160 22 18 45 161
    178 204 88 24 236 102 186 182 202 86 197 68 41 84 45 189 217 87 24
    156 89 26 198 16 246 173 50 143 96 254 14 97 37 157 113 187 28 1 111
    36 206 88 108 117 137 176 153 10 121 233 218 116 171 108 229 239 239
    96 98 239 224 221 198 176 122 222 212 81 10 75 204 31 246 70 208 181
    225 175 243 138 32 171 54 155 92 137 238 215 223 85 151 50 5 36 100
    123 51 121 33 114 68 5 98 26 118 48 70 138 10 4 27 226 26 66 42 124
    13 203 222 128 251 163 212 57 50 54 117 125 131 196 235 56 0 243 25
    36 106 252 46 118 230 237 138 186 203 4 162 209 192 119 8 99 30 202
    44 104 148 56 84 145 232 160 156 240 210 147 93 222 182 75 211 153
    94 13 244 129 135 167 0 100 143 90 13 169 186 59 181 246 174 14 226
    63 180 132 144 6 154 154 53 107 173 56 37 45 50 151 232 26 124 122
    163 208 246 184 92 189 54 99 2 224 94 120 96 30 9 213 172 6 116 199
    206 91 6 188 58 9 220 182 130 129 196 103 233 196 18 140 17 219 216
    76 59 255 51 198 159 228 197 27 241 221 120 168 86 116 202 131 73
    155 110 5 93 14 35 107 99 5 20 100 219 251 30 74 107 180 140 100 119
    203 121 173 244 43 59 156 185 4 148 213 207 187 162 142 183 169 9 16
    82 93 92 243 50 176 109 176 60 244 183 7 73 176 124 86 182 59 126
    186 7 236 173 111 85 100 163 49 251 237 101 149 106 240 234 41 145
    30 28 233 153 62 64 33 177 146 107 166 59 166 187 203 68 186 131 56
    177 205 121 162 164 22 170 192 128 136 80 93 84 79 67 28 112 180 119
    98 185 144 108 38 148 138 56 177 144 85 123 105 89 175 50 11 135 221
    250 206 242 187 140 112 222 51 114 75 236 20 75 93 194 101 67 189
    106 213 49 202 134 123 24 24 120 252 197 98 179 243 67 229 129 255
    186 252 138 118 46 231 180 186 177 208 189 39 159 20 187 125 120 4
    243 131 88 242 172 245 158 151 21 222 140 101 152 84 149 3 9 178 109
    87 112 252 210 97 170 22 53 94 245 61 137 216 9 236 247 122 235 68
    40 78 109 49 77 181 43 114 190 252 178 194 251 245 51 132 5 71 186
    175 108 199 43 185 216 133 208 135 10 5 160 213 233 178 92 171 2 2
    78 25 130 21 125 60 3 243 187 15 35 206 182 60 32 143 186 194 107 23
    99 52 20 61 23 134 31 22 64 212 249 144 183 14 11 152 85 67 190 170
    30 220 211 188 71 203 90 47 52 100 189 123 159 180 221 73 195 167
    161 146 187 7 207 182 209 243 248 112 116 200 146 97 75 213 89 181
    253 176 17 87 199 174 65 148 69 123 143 80 136 214 5 96 53 235 199
    219 123 29 237 124 227 206 14 210 28 129 151 57 109 58 111 136 230
    118 156 136 189 31 255 110 236 186 57 107 177 51 65 143 175 241 18
    104 97 192 47 241 216 37 14 152 221 252 57 227 154 178 227 50 40 248
    52 11 79 88 58 239 219 22 189 54 3 87 26 243 248 74 127 53 131 139
    188 239 196 171 110 184 244 132 117 14 133 110 230 205 130 45 126 64
    130 67 47 59 43 29 124 98 155 53 26 231 244 167 102 226 81 136 28 32
    185 39 79 41 187 175 30 87 63 23 60 212 244 145 82 156 242 210 133
    34 165 133 242 10 23 56 61 20 73 189 91 151 21 241 95 196 82 227 235
    4 86 40 187 137 136 145 216 3 187 176 196 252 18 249 198 153 26 210
    162 164 195 23 33 223 234 213 30 228 160 39 227 2 83 199 200 146 166
    167 38 217 198 151 136 14 171 182 84 96 243 47 32 48 145 195 3 230
    167 207 32 56 228 74 187 162 220 199 208 77 49 158 99 180 3 167 149
    67 171 218 24 52 115 97 39 95 153 65 11 136 226 112 187 99 199 101
    132 157 215 53 55 143 132 130 162 18 79 23 47 28 186 129 93 166 86
    152 236 224 103 252 164 182 215 149 131 175 45 13 28 151 51 217 118
    64 31 204 184 232 207 14 76 16 87 70 80 27 197 27 141 195 40 204 55
    253 215 143 154 51 223 131 31 109 15 230 37 33 79 86 245 130 27 216
    139 227 180 250 171 205 212 55 159 121 11 178 108 55 192 144 190 33
    44 237 106 216 229 62 114 236 190 47 1 143 241 143 141 192 72 97 45
    179 150 117 213 247 150 237 121 40 47 113 226 115 170 188 110 162
    216 43 127 185 76 189 151 20 129 233 182 101 187 26 41 56 224 189
    152 53 125 196 250 25 38 65 132 164 152 154 231 131 62 173 197 162
    54 197 226 255 142 99 65 39 102 216 34 218 181 246 54 54 172 102 160
    65 56 50 223 176 131 65 143 20 31 60 175 230 226 52 169 174 112 87
    96 21 210 228 130 197 227 197 2 42 41 57 7 17 62 45 55 103 41 245
    107 161 240 112 52 127 228 198 81 39 111 61 146 118 89 72 234 251
    217 69 3 234 173 251 211 196 195 216 27 21 191 248 196 150 120 200
    92 99 118 98 226 234 22 247 79 164 211 160 220 89 219 7 19 112 106
    251 208 42 203 255 39 121 123 140 245 247 81 205 172 212 156 157 136
    17 205 139 233 59 25 109 163 184 15 3 211 180 236 244 41 166 17 6
    200 76 139 153 121 241 60 137 202 48 111 39 233 10 1 193 252 2 215
    126 86 94 186 177 60 164 236 5 91 43 222 245 47 153 149 94 161 67 18
    181 24 63 53 27 0 70 249 29 193 13 49 230 74 20 204 109 87 237 63
    195 193 205 41 116 187 242 8 12 220 14 226 66 153 78 99 220 224 202
    200 211 151 82 35 175 200 147 217 232 69 179 179 4 125 30 32 133 152
    199 93 60 225 167 89 127 148 93 85 40 191 70 112 121 186 79 220 193
    105 225 248 9 142 214 184 143 5 222 206 126 34 65 138 250 96 126 236
    178 204 7 176 126 209 153 153 62 13 187 196 165 137 162 236 106 26
    245 143 8 19 88 126 234 236 93 249 33 90 100 136 99 4 182 58 165 113
    110 47 52 29 205 152 167 252 24 8 104 253 243 131 26 84 249 166 152
    96 158 83 94 111 221 42 147 213 239 23 181 81 180 207 64 116 101 99
    98 103 21 131 222 212 81 39 206 91 67 32 157 66 245 156 32 143 67
    150 220 108 17 208 1 252 161 89 72 161 203 234 123 66 246 178 254
    144 72 161 42 196 244 200 91 35 40 20 146 114 129 237 161 207 214 11
    5 149 158 127 200 200 136 223 146 105 246 69 90 113 37 74 127 68 74
    185 171 107 139 32 255 40 216 10 43 86 156 66 201 21 135 246 145 134
    194 51 99 60 98 196 32 232 190 159 230 59 137 239 163 199 8 150 214
    22 241 50 247 77 103 185 207 187 94 218 195 94 15 158 90 244 253 43
    64 96 214 216 187 107 1 58 49 228 1 78 18 154 160 159 104 32 238 253
    152 151 56 86 44 67 123 197 220 207 58 221 102 129 82 105 105 64 229
    131 130 32 214 198 235 73 212 2 75 111 134 206 224 180 125 28 140 15
    65 5 167 148 162 236 160 183 7 128 208 35 40 18 114 3 194 7 13 154
    146 175 151 234 5 22 35 13 94 211 154 168 30 161 181 42 54 84 200 99
    106 179 24 145 159 198 49 112 59 26 150 23 96 215 82 1 58 202 5 46
    207 232 252 254 56 38 123 195 155 74 163 225 3 143 239 55 223 205 52
    200 217 51 204 37 93 171 146 46 189 214 137 242 128 24 26 229 199 10
    48 253 144 98 46 197 215 196 226 90 149 151 25 183 122 186 107 10
    191 151 230 214 167 187 204 251 105 130 14 201 176 97 3 59 145 183
    48 234 246 33 205 218 7 164 200 110 78 3 43 229 47 24 149 97 72 136
    248 209 175 195 193 248 64 19 236 33 254 205 163 76 203 94 118 57
    114 222 142 75 165 172 97 153 84 170 116 97 232 188 213 203 123 63 0
    58 68 147 125 233 167 166 213 4 108 142 79 125 29 128 115 90 41 81
    181 75 33 80 69 28 211 73 59 226 220 160 52 114 57 208 200 97 50 112
    36 95 235 119 240 57 165 107 220 200 53 80 7 164 77 229 31 20 248
    110 238 195 117 31 198 126 140 248 177 101 191 43 117 17 98 41 29 45
    204 88 48 58 176 199 45 158 78 27 192 190 244 190 165 159 14 39 87
    108 22 9 196 182 14 30 165 232 76 192 191 151 185 118 40 233 105 131
    44 196 70 171 126 209 227 116 164 223 2 239 163 204 78 205 49 254 25
    170 250 12 119 127 56 124 36 11 95 102 217 216 86 215 67 207 236 247
    94 117 181 253 166 187 6 248 254 33 181 62 82 125 62 221 248 154 228
    82 16 71 111 222 20 243 37 6 16 27 27 244 211 135 108 51 145 154 103
    188 217 251 94 32 153 197 52 232 218 234 132 114 194 24 214 188 27
    28 187 162 200 179 240 128 11 236 242 186 182 148 131 122 226 207
    185 73 172 82 18 76 91 1 130 78 149 212 195 30 128 78 168 227 8 229
    67 106 218 116 244 97 54 244 110 181 93 126 13 199 181 79 56 223 208
    119 151 53 143 240 229 127 170 179 43 218 191 46 12 207 171 11 31 41
    17 167 149 236 132 91 131 218 91 45 109 160 19 82 24 162 157 10 239
    242 86 211 67 64 116 60 30 251 209 214 108 255 81 175 69 90 223 218
    36 14 160 165 127 10 211 140 32 150 42 91 214 141 39 130 139 32 119
    241 235 145 168 168 112 197 255 65 120 22 117 55 111 103 203 121 95
    32 10 157 22 53 102 130 119 70 56 151 173 18 47 201 95 151 70 211 56
    17 196 152 240 6 250 19 105 217 166 65 21 66 206 98 229 151 113 122
    242 196 88 79 237 163 235 203 151 178 221 83 149 35 161 3 214 139 12
    224 227 56 192 87 25 163 162 132 87 251 171 195 188 219 241 201 218
    87 111 92 8 10 205 61 149 60 126 70 232 235 244 14 23 174 63 95 126
    170 249 134 23 169 14 52 185 200 130 27 200 121 189 118 23 156 100
    188 112 242 24 105 59 229 250 160 247 245 225 71 189 10 214 156 20
    53 187 232 136 254 216 132 215 132 15 96 198 112 182 58 104 203 157
    198 236 112 90 207 240 183 225 61 63 244 21 66 36 228 210 113 253
    118 104 69 212 248 187 234 28 23 12 188 55 243 236 184 67 11 51 180
    22 175 41 40 12 106 126 197 225 27 217 121 9 119 37 76 238 159 222
    239 74 111 244 171 104 6 103 58 142 215 215 25 180 153 94 79 247 27
    126 251 136 232 125 14 188 29 48 47 52 109 178 242 238 171 193 232
    227 178 248 199 34 6 119 204 49 212 77 56 64 43 110 194 255 198 96
    14 49 65 8 186 18 207 136 6 220 27 64 67 100 81 193 108 176 155 217
    42 95 89 123 13 170 165 79 106 202 11 22 118 27 15 57 33 150 160 57
    175 99 200 123 22 104 83 156 161 89 245 193 32 69 117 19 127 200 69
    219 80 94 98 255 91 132 162 142 238 227 147 29 178 178 206 138 153
    104 170 225 167 220 92 51 24 41 227 218 107 144 122 244 146 71 58
    249 90 134 245 63 157 56 96 164 116 157 79 230 165 236 241 135 172
    52 232 209 25 153 152 25 91 146 222 179 83 19 130 94 98 1 103 214 31
    93 82 216 216 127 196 15 156 224 10 35 103 93 247 8 217 177 28 233
    77 184 254 56 139 126 57 144 181 145 168 225 154 24 85 192 244 176
    143 132 183 84 153 101 56 26 85 229 75 96 196 244 254 253 192 185 58
    254 159 98 174 80 247 45 156 218 81 58 230 213 179 7 120 9 230 132
    35 230 165 194 144 71 247 205 179 100 134 133 219 180 248 39 215 2 8
    233 69 22 21 85 146 3 100 175 98 24 185 42 193 42 219 217 235 120 7
    230 88 240 93 58 100 157 85 224 112 70 107 179 180 140 136 45 21 116
    7 68 89 54 129 159 21 155 239 12 250 216 44 71 249 121 186 193 126
    32 192 47 236 156 240 244 115 87 119 10 124 161 77 106 251 118 37 20
    121 61 84 29 1 122 96 37 171 5 163 223 18 17 227 248 212 237 195 4
    253 222 37 205 87 137 152 165 26 126 106 80 171 192 231 43 41 187
    159 182 68 140 72 217 237 187 231 160 14 19 193 144 225 125 99 46
    196 207 78 200 8 200 164 123 121 218 0 74 229 146 50 172 110 114 230
    142 170 163 78 19 126 195 197 171 75 83 14 111 111 95 204 174 132 7
    230 76 135 155 225 88 234 41 192 16 183 177 125 78 134 4 234 192 177
    50 251 65 133 230 11 101 166 31 83 95 210 250 82 218 50 35 91 36 210
    39 48 151 203 14 55 231 216 42 112 49 197 202 81 250 238 1 8 87 179
    84 94 123 129 214 226 224 8 50 49 187 240 122 80 64 95 159 69 25 127
    218 24 104 67 90 58 147 172 73 158 212 122 96 197 212 88 239 56 96
    202 69 196 187 254 210 172 118 121 25 239 42 146 152 12 20 213 173
    14 205 250 83 168 226 27 244 107 148 133 42 14 162 169 108 167 173
    249 114 76 154 96 249 30 195 163 33 230 141 15 171 82 118 180 142
    172 193 221 144 246 60 69 62 217 53 76 18 170 131 150 228 163 62 96
    75 100 228 194 89 111 126 163 61 71 228 163 158 86 5 237 196 53 132
    82 148 193 8 91 84 78 164 68 47 145 168 55 181 3 220 225 187 56 139
    95 107 152 106 139 93 220 22 50 117 91 49 166 13 94 169 158 140 170
    88 16 165 41 186 31 207 96 213 98 132 8 123 218 175 143 108 117 227
    146 188 73 53 196 230 77 77 25 112 49 3 156 167 101 87 23 143 70 28
    25 154 128 55 230 10 48 38 99 178 131 198 5 64 134 162 55 43 188 157
    21 65 51 118 4 2 76 101 140 139 90 43 81 78 47 15 104 213 27 203 114
    36 239 5 158 195 114 227 160 225 196 125 253 46 225 111 145 139 48
    150 226 95 11 225 21 92 200 74 146 117 213 66 38 171 64 208 196 183
    223 83 240 47 252 173 231 45 201 239 213 130 44 231 16 191 70 177
    194 2 195 173 170 143 85 125 135 75 60 175 254 19 83 1 185 206 105
    211 141 109 227 69 153 167 245 8 29 87 213 19 106 208 216 215 180
    183 98 84 203 68 129 223 213 183 112 160 62 31 166 73 82 30 105 122
    216 15 110 156 9 75 73 73 78 196 201 251 32 251 14 3 124 253 188 170
    254 31 228 69 12 214 91 136 164 77 23 104 30 47 134 147 100 202 200
    180 165 24 199 243 221 12 57 28 209 51 252 88 150 26 177 85 140 102
    103 7 246 238 62 118 67 120 150 26 88 218 137 45 66 233 66 44 164
    116 56 30 247 193 151 194 58 69 7 107 204 84 7 244 58 191 17 68 160
    108 142 177 52 42 244 0 1 178 213 228 97 28 91 91 89 76 79 159 188
    72 29 62 116 207 5 97 59 182 59 179 61 150 104 118 244 174 0 209 159
    212 141 78 185 52 145 16 128 115 195 74 56 200 221 253 25 85 95 125
    187 179 246 226 181 187 188 33 180 132 152 179 95 251 73 40 72 199
    162 193 31 70 54 117 60 93 163 150 250 113 221 146 145 176 83 46 101
    220 166 166 131 54 135 75 41 179 52 49 232 138 172 101 161 97 68 209
    166 102 164 255 217 67 230 109 71 33 137 57 176 9 69 170 30 136 140
    115 107 245 159 16 85 183 137 255 221 27 81 195 252 60 33 234 92 197
    76 223 110 117 0 254 197 201 9 104 214 102 51 79 124 4 84 252 193
    136 85 224 45 217 104 107 20 75 178 161 135 213 19 134 112 78 95 217
    251 201 162 168 87 27 7 58 95 43 202 169 101 175 81 189 102 205 133
    162 62 122 88 43 53 157 150 171 9 21 193 36 24 178 72 166 13 99 66
    211 65 126 88 134 144 176 35 79 176 147 99 90 82 0 15 47 192 145 138
    127 181 32 169 157 181 23 122 112 95 205 93 98 61 227 136 29 122 177
    159 122 4 9 137 133 211 246 187 196 92 14 54 7 19 241 20 151 191 234
    182 194 154 186 111 183 197 65 62 56 238 104 58 255 23 96 248 39 170
    109 5 130 81 137 55 1 10 36 74 71 142 96 121 4 73 41 40 181 253 136
    214 128 216 243 73 125 201 201 71 61 191 70 204 1 81 88 196 189 170
    28 128 141 238 14 242 135 177 132 116 192 115 185 40 160 143 62 60
    199 57 218 11 157 188 66 21 101 108 173 49 80 53 42 155 7 83 32 49
    86 66 143 56 193 83 13 111 240 177 64 73 193 43 23 151 45 40 91 224
    76 212 175 17 31 139 59 104 253 34 232 110 162 178 239 51 66 248 219
    10 182 73 52 184 241 11 222 232 243 237 57 18 204 8 230 245 202 221
    67 108 39 131 149 172 248 193 36 7 78 14 214 33 196 25 4 54 72 140
    43 10 174 171 12 183 88 179 145 230 175 162 53 110 162 68 169 124
    196 147 228 146 7 106 49 216 128 167 25 252 131 113 236 206 58 94
    214 80 121 102 190 55 10 123 59 141 21 237 107 178 74 249 5 238 38
    22 222 81 138 72 104 63 45 158 121 167 57 78 123 85 46 98 127 32 254
    61 40 148 244 24 145 202 206 0 9 26 76 106 202 6 10 182 246 108 206
    191 20 45 68 35 88 246 3 240 135 110 70 234 191 202 118 71 129 5 59
    139 85 224 122 219 10 73 124 43 221 25 101 65 205 164 129 70 62 217
    168 73 65 131 60 247 10 19 140 155 21 115 11 142 234 211 244 58 102
    8 216 91 86 140 245 59 49 195 22 127 125 75 147 127 190 206 242 24
    40 213 231 75 64 49 134 235 105 14 165 128 244 123 64 3 226 243 63
    110 9 51 149 1 1 186 176 116 207 148 157 166 233 245 204 10 128 159
    3 141 216 245 203 51 102 143 240 46 97 117 46 41 17 195 152 155 189
    101 133 200 36 148 243 35 95 150 28 177 19 123 130 37 248 179 29 74
    138 160 41 16 184 195 138 52 53 33 16 49 38 59 119 222 154 199 117
    90 185 240 106 59 147 113 132 122 63 152 227 149 122 243 19 213 64
    73 79 182 182 178 204 157 29 80 175 78 175 183 252 70 8 43 70 137
    233 43 48 27 42 201 81 188 141 127 176 71 94 94 137 192 104 197 130
    51 198 173 191 164 21 204 93 85 18 147 131 204 132 181 57 211 33 61
    65 227 13 91 35 235 179 13 42 184 222 58 2 32 139 125 18 92 100 190
    132 107 178 209 180 156 168 62 57 127 212 98 197 222 73 205 120 54
    90 160 24 237 48 149 241 163 0 244 219 240 103 40 238 34 182 32 215
    25 96 6 183 178 96 45 76 109 27 116 115 146 11 214 10 131 250 184
    235 49 124 217 86 80 93 42 108 143 198 165 102 65 225 87 236 102 242
    19 2 67 145 206 39 40 108 191 25 133 169 191 140 10 223 189 70 59 26
    158 76 120 75 112 3 166 124 102 172 143 179 100 222 65 73 190 0 79
    158 106 116 43 66 140 69 81 83 138 86 176 172 255 27 28 61 0 75 35
    213 174 74 164 169 152 43 205 232 88 165 200 14 58 228 47 254 138 97
    189 219 155 130 145 121 42 234 107 38 2 116 254 1 89 92 141 28 64 5
    18 188 203 247 43 183 53 53 224 129 206 133 0 233 3 64 103 73 3 220
    120 86 240 243 184 113 181 213 121 211 229 172 57 190 197 179 138
    237 249 45 226 184 233 69 61 31 212 185 13 138 44 86 221 236 134 220
    171 51 210 128 169 117 31 135 57 123 61 155 58 202 28 229 211 83 36
    160 223 125 239 52 208 255 51 76 123 139 122 189 230 65 228 143 145
    38 190 163 88 85 143 111 241 29 11 169 134 216 128 41 96 231 170 47
    70 66 6 13 97 6 83 59 146 12 54 3 68 18 110 200 96 42 54 199 18 10
    125 234 39 39 99 47 197 205 255 127 92 2 0 150 103 44 173 13 88 183
    189 199 92 87 59 151 43 60 111 60 108 233 216 105 67 155 236 80 19
    81 106 45 176 195 167 141 38 242 148 61 37 192 45 242 129 90 234 131
    33 181 190 240 172 135 137 50 66 44 159 21 105 255 148 107 131 34
    102 122 213 252 229 21 62 127 222 210 108 43 100 189 209 55 196 62
    39 240 86 65 43 23 187 74 0 239 53 224 101 21 0 183 125 168 141 35
    110 80 233 107 35 183 195 238 114 110 185 101 103 30 139 52 2 216 46
    128 24 254 206 106 80 83 142 124 138 41 10 80 80 181 52 112 213 174
    122 48 89 11 161 33 203 182 151 201 144 251 46 80 8 103 11 121 153
    124 3 140 108 13 90 40 243 85 15 220 68 143 196 60 212 60 54 90 244
    210 189 18 181 122 133 197 101 82 98 242 20 126 25 92 146 236 183
    198 191 51 233 228 199 67 211 164 218 50 106 119 239 195 75 15 239
    134 88 25 182 225 73 5 107 60 138 187 16 159 57 84 186 192 143 237
    31 34 103 230 228 58 17 24 0 189 244 215 154 8 253 174 226 115 134
    207 33 97 95 56 237 48 166 190 162 235 102 144 97 14 227 22 65 136
    84 193 51 22 47 212 149 89 115 25 1 70 147 203 14 43 192 50 93 44 3
    58 69 109 97 178 229 99 76 153 201 2 243 161 187 204 176 73 118 212
    36 103 246 115 25 38 102 225 101 146 83 87 49 139 78 116 22 248 162
    248 6 22 129 138 221 158 36 129 82 4 144 235 19 85 181 226 128 131
    22 55 192 111 19 20 191 16 165 2 69 81 101 42 144 107 238 176 176
    137 117 62 51 56 185 242 119 63 22 149 147 7 18 63 97 156 97 69 247
    179 81 38 1 74 218 236 79 234 140 254 32 209 60 135 101 21 247 58
    211 75 236 121 150 133 168 110 162 83 99 36 6 146 101 197 198 65 51
    224 142 105 149 83 158 52 3 111 137 152 104 231 15 136 112 42 159
    189 26 17 34 107 168 221 56 121 246 39 44 110 59 204 68 252 129 217
    5 75 106 126 183 164 80 44 228 121 120 54 119 7 237 193 115 130 64
    144 20 53 82 211 214 4 139 7 196 232 226 91 121 110 109 134 155 173
    224 82 3 5 106 131 167 136 47 150 79 42 60 40 69 112 202 89 14 81 82
    107 221 236 19 224 238 8 214 63 90 44 173 223 137 176 247 12 120 5
    144 77 174 199 216 94 139 208 184 136 233 99 12 38 129 230 10 26 153
    80 53 18 9 83 40 123 152 225 142 160 242 38 168 194 70 71 225 66 39
    243 89 210 226 96 255 223 229 103 10 22 79 122 39 37 211 221 167 110
    209 180 75 96 45 232 158 108 207 167 114 202 34 113 165 124 110 196
    229 100 213 88 225 43 49 105 106 114 103 58 114 36 97 135 88 47 148
    123 6 130 8 140 96 141 237 9 251 143 94 147 16 71 197 243 99 15 8 92
    145 91 4 84 41 63 130 81 226 88 19 34 154 58 201 238 16 6 119 226 75
    125 124 197 181 70 97 52 125 65 49 40 150 26 206 6 249 182 56 250
    213 201 217 250 85 39 159 251 125 128 153 89 128 215 114 135 234 206
    53 19 146 93 13 174 211 255 67 129 131 162 75 94 177 227 99 82 113
    246 243 180 114 126 137 215 60 43 204 212 15 117 120 217 10 218 4 57
    146 236 218 69 47 133 66 67 234 193 104 236 141 41 228 104 154 43
    238 11 0 67 199 226 119 76 67 115 83 49 101 124 121 194 57 249 137
    56 222 158 97 218 239 183 181 167 191 64 208 114 64 245 206 158 228
    128 3 7 221 4 23 211 18 201 247 118 190 97 144 48 55 203 143 76 40
    26 213 18 111 191 134 159 103 130 223 13 90 246 51 116 55 99 230 127
    139 65 150 58 185 43 115 170 93 81 191 101 70 235 28 185 0 203 1 131
    167 199 20 120 78 142 40 35 8 150 65 24 193 242 164 29 104 169 86
    191 74 248 60 138 90 165 39 126 136 142 177 169 15 206 219 152 2 224
    132 219 237 78 138 154 228 207 30 95 49 139 145 64 177 201 207 227
    141 79 73 154 42 86 61 105 112 212 170 78 168 22 113 80 214 210 206
    127 66 119 72 122 43 48 33 146 90 253 21 132 225 8 176 192 188 93
    196 65 208 155 9 110 179 9 152 27 223 39 114 21 51 234 131 238 1 197
    17 116 168 238 106 194 176 62 94 222 154 61 196 203 247 81 5 10 116
    72 73 172 31 83 37 80 22 227 76 180 147 97 244 70 104 201 75 97 46
    102 63 177 51 74 169 132 39 237 188 252 99 49 85 148 225 208 223 193
    252 109 187 15 72 147 223 5 147 16 170 190 182 137 236 184 199 184
    44 159 239 27 128 119 237 64 250 55 20 226 22 253 235 219 134 245
    188 77 146 122 145 45 34 141 101 239 127 224 25 119 74 137 58 216
    209 137 21 2 57 116 64 157 216 246 130 229 185 140 56 52 97 189 183
    160 60 159 236 26 51 55 112 122 230 197 99 69 113 179 194 69 135 139
    24 233 2 140 201 250 118 188 139 3 222 86 146 209 1 126 97 59 72 247
    1 203 216 166 1 133 3 56 154 233 156 225 102 245 174 97 47 231 157
    136 106 226 220 49 208 161 192 74 29 22 164 236 54 51 150 132 118
    111 111 19 123 82 17 25 186 141 176 52 33 116 201 126 107 97 254 154
    78 188 227 137 252 83 54 242 167 126 84 201 245 33 65 104 243 198 51
    185 192 167 219 4 160 209 75 30 178 14 29 28 104 92 0 129 83 240 154
    198 193 198 130 182 81 172 14 86 128 239 32 154 214 96 156 230 94
    168 100 57 140 111 93 137 141 56 229 202 180 67 186 153 184 140 129
    215 22 41 213 250 111 249 155 120 163 70 27 229 13 194 115 62 73 194
    238 107 125 108 252 80 156 153 61 251 164 234 187 222 146 120 18 241
    109 93 68 131 223 98 101 16 212 212 93 181 91 147 10 47 253 192 170
    8 112 69 46 35 181 150 160 227 85 107 54 143 230 254 72 66 195 20
    231 230 40 89 82 166 223 251 114 232 177 8 15 49 36 188 234 55 130
    251 91 82 189 87 18 213 135 4 6 106 55 233 211 43 9 118 208 188 98
    59 129 236 133 234 57 123 6 89 7 170 90 106 175 171 88 45 2 140 14
    63 195 94 45 167 57 209 141 138 222 143 151 152 220 41 140 144 76 82
    198 218 239 45 114 170 129 131 48 122 148 214 199 130 99 222 178 8
    132 242 43 164 250 243 107 255 7 111 74 147 2 222 64 156 240 5 182
    81 220 146 253 34 193 97 19 1 192 196 252 177 98 250 64 32 126 158
    20 158 243 217 97 86 67 154 51 219 65 30 237 182 123 149 133 22 61
    104 174 44 200 165 249 5 0 215 104 126 89 185 8 106 118 133 128 211
    85 141 126 133 16 68 157 20 85 127 218 96 239 76 175 9 238 20 86 0
    183 19 107 13 189 3 43 17 6 74 166 94 21 34 63 25 18 251 152 125 6
    46 251 98 178 106 225 157 165 215 218 104 92 178 165 60 236 130 196
    220 62 234 49 177 5 41 224 196 244 195 173 252 153 234 134 105 83 59
    172 52 138 62 109 17 160 179 125 52 118 9 166 238 220 197 21 95 242
    190 237 218 70 174 227 71 235 102 208 98 218 67 124 181 187 79 144
    103 212 191 122 81 26 236 147 160 148 93 126 19 8 243 66 164 155 212
    120 240 131 198 94 56 217 2 230 133 235 204 38 80 88 220 111 186 130
    18 246 81 49 134 141 143 28 222 245 35 117 38 152 208 40 214 122 238
    245 224 188 15 135 148 236 67 198 225 41 137 30 101 138 47 67 22 231
    215 6 159 57 93 50 219 150 176 65 205 93 248 83 5 71 32 65 172 26 98
    170 168 243 160 7 118 182 20 230 54 146 206 61 250 160 3 119 40 99
    218 22 114 83 33 243 24 145 201 113 9 111 168 69 138 66 19 85 91 98
    254 24 171 193 221 8 60 81 224 131 246 101 138 12 135 19 66 234 245
    37 132 86 96 62 76 14 132 0 159 184 224 119 194 193 205 13 28 249
    244 46 198 77 46 13 131 141 37 141 244 78 54 209 119 197 146 131 112
    37 66 145 177 137 54 119 168 223 203 166 126 14 103 153 74 24 98 27
    164 98 49 64 172 21 253 219 67 25 216 170 0 139 6 51 192 19 174 96
    130 254 42 38 116 202 216 13 111 222 81 184 43 15 246 46 158 43 204
    19 151 205 67 180 14 30 131 54 35 232 254 121 215 30 52 149 53 127
    44 81 127 230 168 151 140 82 180 77 0 138 124 72 104 81 149 63 113
    254 50 73 159 8 219 231 145 89 0 49 158 43 43 112 252 70 244 14 30
    210 199 17 215 39 242 203 0 174 4 196 22 226 61 15 105 104 88 56 64
    104 115 220 51 107 54 28 172 75 232 196 224 44 6 225 102 43 170 247
    8 215 189 211 12 171 180 74 107 168 124 78 63 122 198 168 168 85 164
    194 32 97 141 159 249 143 180 139 86 98 186 137 81 156 242 127 148
    23 107 71 107 221 203 221 1 117 45 235 131 94 89 94 163 158 85 77
    108 43 76 111 227 141 86 104 188 172 10 203 118 34 169 22 32 152 221
    218 6 199 85 196 207 244 7 118 245 82 80 53 90 235 247 89 70 3 140
    178 140 165 52 20 44 116 171 48 222 142 11 127 60 148 135 214 189
    165 149 229 88 6 124 136 165 24 150 249 234 182 89 56 131 215 218
    138 50 241 197 53 78 36 246 247 56 167 254 146 220 8 217 143 32 132
    150 105 229 103 87 100 213 146 86 136 76 160 226 169 67 71 193 221
    102 77 86 126 96 157 113 2 217 40 111 61 215 46 233 170 23 223 180
    228 199 210 187 181 226 9 154 64 141 188 175 38 252 28 32 182 183
    104 254 239 150 16 20 128 194 137 214 16 35 142 152 242 33 23 222
    107 97 133 253 173 149 148 244 9 188 26 103 138 83 38 73 5 15 191 80
    219 194 111 219 92 98 234 52 194 5 160 222 4 105 136 34 62 203 206
    169 22 157 107 208 85 5 8 95 157 239 102 66 10 96 121 210 137 199
    187 187 175 120 80 146 250 200 237 198 22 183 106 237 170 2 237 202
    111 43 109 226 223 120 40 13 65 200 197 204 175 108 236 200 185 57
    231 84 110 149 184 235 247 101 102 63 7 175 204 87 200 112 226 173
    181 198 209 50 83 45 51 3 7 172 59 171 3 204 174 228 178 85 130 74
    20 36 203 180 179 218 15 40 225 82 144 155 14 135 232 103 137 5 156
    94 156 47 182 129 116 194 169 184 171 16 41 149 70 245 51 42 178 93
    192 122 173 71 122 215 90 115 26 103 104 31 190 165 53 153 37 222
    103 179 123 228 163 68 250 136 0 32 255 203 19 157 43 6 115 37 241
    240 199 182 47 80 156 93 42 66 237 15 1 111 247 178 175 130 72 6 128
    203 251 167 224 63 32 10 216 163 251 56 44 174 42 38 106 180 27 179
    35 214 242 240 64 22 152 154 236 134 242 61 3 38 164 159 121 238 235
    53 181 167 5 219 3 117 232 143 181 112 117 12 79 57 68 135 254 164
    89 89 143 65 252 85 13 212 10 234 92 249 1 111 58 194 26 122 68 106
    19 134 163 154 254 59 246 20 224 69 72 116 147 21 76 196 52 127 64
    63 153 99 220 213 140 51 29 141 237 155 233 236 249 248 150 24 237
    252 49 187 30 224 238 146 234 33 233 10 227 155 74 44 81 108 164 228
    172 204 49 207 145 104 36 54 91 180 118 46 195 233 71 119 134 10 65
    20 137 110 65 204 99 82 168 71 18 119 222 216 169 106 167 131 153
    187 173 172 112 71 167 208 171 41 44 147 198 120 65 135 232 130 180
    177 128 191 237 57 253 217 42 1 82 4 105 147 96 174 21 224 206 43
    218 155 0 221 116 166 108 147 41 172 120 243 160 86 87 210 235 113
    98 59 248 4 180 224 63 44 146 23 130 31 57 56 9 242 67 17 175 49 253
    113 181 182 233 48 156 163 221 7 136 61 192 151 101 168 102 49 146
    113 36 125 54 148 45 142 131 246 188 112 235 165 210 150 27 85 140
    68 250 44 75 158 68 91 83 197 247 225 200 224 234 244 93 26 114 82
    242 44 10 219 248 74 72 77 121 237 64 129 11 61 23 28 119 138 143 64
    95 229 173 126 38 189 122 235 125 233 34 129 109 171 196 253 0 165 6
    61 165 205 38 133 137 99 211 227 161 109 149 93 224 188 199 64 239
    238 183 155 134 75 56 202 53 131 98 168 82 58 186 18 179 29 75 45
    145 109 161 154 113 86 72 18 27 191 2 4 172 130 98 121 20 70 153 162
    146 245 183 180 55 204 193 175 59 52 83 8 212 29 103 45 148 208 206
    101 158 132 48 213 131 215 201 44 2 222 50 142 219 17 196 247 39 224
    89 151 237 32 14 141 20 123 96 62 186 39 18 242 95 100 85 173 80 47
    69 113 111 109 197 250 4 69 48 9 198 151 188 213 7 137 178 122 103
    174 243 37 45 251 74 226 92 173 240 98 235 4 134 149 161 185 233 232
    225 93 136 179 62 197 220 179 98 61 65 175 210 179 209 204 134 212
    91 115 72 252 93 232 236 56 209 177 164 18 152 94 213 220 240 163
    102 189 244 152 157 197 225 169 4 102 51 64 225 79 46 2 27 210 83
    221 173 13 73 238 140 112 87 91 226 78 118 155 183 205 81 133 211
    232 137 86 61 243 161 235 89 30 82 29 33 214 87 123 62 240 202 143
    49 254 178 191 56 20 202 70 166 79 99 221 48 153 45 188 31 146 132 5
    163 118 203 47 175 118 74 172 83 64 56 114 50 104 146 26 77 46 20 43
    66 255 104 147 16 182 212 71 198 131 153 237 62 145 86 41 199 50 54
    204 198 9 208 94 68 5 169 37 1 132 80 93 78 155 245 96 215 85 86 231
    205 111 128 50 233 143 8 160 142 167 76 227 250 96 236 236 226 1 173
    148 155 32 218 2 250 160 114 53 35 252 4 59 51 170 36 100 79 208 8
    155 187 0 116 163 64 69 44 43 254 77 195 119 155 217 41 160 1 76 17
    154 27 142 160 252 139 229 69 171 87 207 174 210 59 221 129 201 177
    248 114 125 38 221 160 203 59 198 206 223 232 208 183 106 146 155 23
    67 155 8 128 224 135 194 136 207 248 108 126 127 21 9 92 185 210 132
    232 228 92 116 223 175 11 14 88 233 47 210 31 242 98 119 94 231 242
    86 196 205 221 200 53 173 201 118 179 222 175 92 96 181 59 75 161
    136 250 3 204 17 51 235 133 70 240 244 254 229 118 147 33 160 157 84
    104 182 51 50 183 254 52 235 0 63 74 214 202 9 89 122 25 124 198 30
    181 16 138 46 11 141 61 200 152 9 201 42 48 93 37 201 230 16 204 107
    190 163 245 135 196 64 53 18 85 244 51 162 54 131 23 248 87 128 61 0
    71 221 5 153 85 189 129 123 83 214 151 131 94 188 1 122 147 98 167
    90 218 150 37 102 70 204 92 46 164 193 230 42 18 93 55 158 173 195
    47 24 193 90 137 195 54 113 105 38 122 200 205 48 64 171 214 39 60
    224 175 230 123 201 251 123 143 239 184 211 179 70 73 190 124 144
    144 96 252 178 143 20 192 102 124 233 53 144 200 151 141 116 15 53
    74 245 143 230 33 79 37 238 137 102 194 11 83 24 229 125 247 72 47
    243 75 122 238 127 85 205 226 228 249 151 61 2 2 158 104 100 84 43
    219 53 241 98 91 71 41 184 93 38 140 63 42 13 200 233 225 66 221 169
    55 79 148 131 27 197 174 233 50 101 74 224 80 117 243 193 61 32 16
    242 250 184 47 116 157 118 167 158 6 89 183 174 187 79 234 12 67 79
    110 142 132 49 249 174 48 28 124 205 220 100 60 31 241 32 196 76 18
    186 255 137 148 60 209 205 91 129 215 194 91 231 107 184 72 62 5 195
    215 120 216 107 121 59 54 175 201 134 121 20 153 234 61 89 97 33 166
    117 209 228 206 92 230 212 22 220 120 171 210 251 178 183 126 150 85
    115 253 122 175 101 91 29 133 161 57 131 141 141 233 29 238 96 208
    105 121 124 51 63 216 184 136 161 36 71 68 41 157 37 174 2 210 139 0
    245 136 10 95 163 174 50 214 103 152 202 53 139 235 232 139 189 137
    142 93 3 193 4 76 211 242 73 145 205 130 111 185 166 255 70 179 97
    31 79 227 71 232 241 216 149 118 44 212 77 81 163 212 233 143 132
    222 81 151 94 229 73 192 236 22 117 43 255 91 251 248 203 101 74 196
    59 162 171 22 43 212 78 21 218 204 177 69 178 242 121 41 31 209 1 53
    97 144 202 108 84 9 5 73 22 5 249 225 98 170 234 247 117 190 77 40
    75 103 228 202 41 85 104 123 94 175 216 156 151 212 21 156 202 114
    82 187 152 101 174 186 230 0 40 178 139 38 138 43 18 32 69 241 226
    211 192 166 63 97 13 20 177 64 86 141 44 231 99 87 75 153 47 25 70
    105 87 26 178 135 198 165 163 86 148 46 208 202 42 10 149 152 117
    136 194 141 32 189 31 69 41 81 184 13 95 227 180 196 0 147 173 172
    225 174 96 202 183 191 57 244 166 7 174 25 232 232 111 236 60 196
    111 173 251 210 75 79 131 134 129 39 216 0 54 241 231 210 230 233
    114 156 84 255 15 185 173 132 191 55 164 103 210 47 163 206 183 211
    12 199 147 74 202 230 1 121 240 193 90 58 60 49 243 15 34 127 228 33
    11 168 236 248 238 144 205 97 161 152 8 125 30 149 210 27 133 182
    133 193 61 116 132 34 249 148 204 0 73 249 89 40 211 90 168 112 125
    76 193 106 226 80 35 68 204 63 204 144 96 119 237 57 214 129 122 5
    219 55 213 18 154 232 34 29 226 219 121 35 6 5 170 171 245 89 118
    163 176 120 43 73 99 231 49 125 202 141 191 80 195 255 109 73 91 246
    126 143 205 142 212 195 108 97 32 33 161 249 106 40 116 149 117 121
    82 86 33 134 233 16 165 69 210 69 101 241 38 23 44 122 111 122 28 63
    225 171 63 154 210 240 134 39 14 126 168 3 88 217 26 9 111 167 77
    125 4 187 237 177 241 26 26 66 237 155 73 115 91 102 153 47 83 11
    196 246 144 238 158 211 78 6 50 223 35 198 204 250 34 0 172 127 178
    160 87 108 206 89 45 150 51 227 65 122 64 183 157 36 29 2 85 251 162
    38 200 113 135 189 88 62 250 173 81 155 84 225 115 228 2 223 243 38
    68 79 203 131 200 73 26 77 159 208 148 149 252 49 99 14 112 155 69
    234 198 10 88 224 19 110 130 41 164 124 227 103 51 236 178 188 233
    12 160 125 244 169 145 105 7 39 72 33 155 123 1 253 126 232 70 40
    233 227 7 59 93 172 215 80 51 245 53 76 82 64 224 229 128 93 183 65
    110 80 188 91 109 150 65 3 2 44 132 115 52 214 212 103 225 30 247
    227 216 28 167 110 92 128 230 40 121 225 149 222 159 6 125 132 162
    14 107 7 197 36 47 187 22 43 188 118 127 53 241 7 242 227 128 60 182
    32 113 197 14 129 135 13 118 239 27 0 55 155 218 25 11 108 52 7 152
    166 155 229 74 219 229 111 105 210 165 200 101 52 50 227 54 109 166
    201 30 10 87 73 241 38 61 215 2 51 224 98 31 77 178 222 13 173 76 17
    197 161 194 24 112 206 8 44 145 14 192 133 218 19 133 183 162 64 57
    54 79 136 15 204 196 195 87 66 121 4 64 91 164 106 87 228 203 50 128
    48 23 182 8 126 107 53 115 145 123 28 181 131 45 77 103 230 223 122
    172 8 9 41 143 46 48 82 22 8 223 252 157 217 243 189 174 227 135 83
    28 114 96 32 107 156 201 21 252 239 23 23 107 136 226 108 125 157 84
    44 233 231 142 183 164 28 152 100 64 110 96 95 153 82 179 135 105
    109 22 142 191 50 158 97 241 192 151 12 70 41 131 127 221 207 133
    184 57 56 166 175 233 142 50 229 109 52 233 14 209 237 118 33 29 185
    129 89 187 241 61 112 47 151 183 82 174 225 11 100 112 112 197 234
    161 252 197 18 161 135 182 83 3 2 104 70 208 202 193 176 232 140 118
    134 156 185 158 49 203 183 194 161 255 187 193 177 130 164 226 197
    165 100 214 120 37 76 203 253 116 229 171 146 131 155 26 2 115 147
    165 26 130 135 212 197 249 144 137 77 214 211 141 223 167 127 80 81
    33 81 100 89 57 12 68 135 23 214 24 42 209 171 151 186 246 4 160 218
    145 117 166 169 110 209 167 58 202 251 32 239 196 12 64 248 52 117
    143 99 52 52 117 134 101 198 27 45 97 164 12 174 69 2 173 71 98 29
    101 196 85 101 239 54 166 105 231 191 209 214 4 2 180 233 201 2 28
    237 132 22 67 98 123 197 189 24 37 154 86 123 7 76 23 46 161 28 163
    196 129 92 194 242 252 51 203 31 53 225 118 169 189 4 156 122 94 102
    197 6 24 218 83 82 78 181 22 151 207 220 7 45 196 21 39 62 236 105
    216 241 247 167 195 16 21 157 231 217 44 243 55 37 49 216 91 98 168
    207 87 44 167 104 117 234 116 183 39 68 131 209 102 110 251 49 94
    204 200 245 213 72 122 204 205 152 179 121 196 86 215 45 247 77 55
    193 110 134 140 147 47 53 233 123 187 235 82 52 40 32 148 191 147 2
    206 160 118 225 254 182 3 212 30 31 14 171 98 233 143 170 160 12 222
    85 190 3 84 250 132 254 192 147 77 92 50 221 58 238 227 251 166 74
    205 162 207 73 0 227 232 30 94 74 117 105 217 132 114 245 46 216 131
    47 162 242 21 137 149 157 161 171 78 251 218 216 224 10 94 54 253
    225 74 253 152 59 77 196 72 94 23 105 127 243 114 214 180 72 209 46
    44 232 138 215 196 107 112 19 37 241 80 114 8 115 95 7 17 78 9 177
    113 234 226 56 210 180 2 207 43 47 224 72 154 89 82 151 19 71 111 69
    90 94 63 55 158 123 113 85 139 255 177 234 42 212 214 222 204 19 93
    146 149 244 149 13 136 149 10 156 105 17 226 201 238 44 184 231 230
    200 232 168 123 150 22 192 15 199 35 17 61 5 87 192 168 178 14 157
    118 223 133 67 16 125 252 78 44 123 164 66 145 251 122 114 63 190
    101 169 184 71 16 63 16 119 235 76 130 57 85 26 32 172 38 94 31 46
    124 23 230 144 157 173 79 184 144 70 102 97 186 68 115 235 121 207
    77 62 195 220 94 177 220 214 123 21 108 73 17 103 39 236 122 124 199
    146 171 175 244 151 37 150 232 0 161 214 155 89 85 48 151 142 66 234
    104 157 197 113 52 217 89 61 43 52 161 102 241 229 139 19 84 194 55
    79 7 113 244 237 229 192 204 184 167 208 178 157 70 216 249 35 226
    202 139 168 191 68 108 165 156 180 66 235 85 58 65 47 184 5 41 169 8
    69 235 78 100 106 228 113 54 73 52 35 115 56 22 91 231 11 35 149 106
    224 37 111 254 162 248 119 165 206 8 111 242 115 51 229 195 35 19 62
    70 103 211 102 27 4 158 59 232 219 29 254 253 37 29 145 147 43 131
    88 220 183 222 220 84 63 198 118 167 103 22 26 157 23 60 108 39 205
    105 120 15 28 6 76 243 52 140 57 151 200 121 49 246 77 75 228 10 104
    155 185 196 104 37 129 127 101 50 223 159 75 181 180 73 135 228 167
    163 227 113 161 158 226 102 233 46 66 24 89 243 213 49 152 11 228
    225 156 214 31 78 214 143 173 40 83 144 211 182 8 242 242 8 236 196
    88 78 240 134 96 130 76 122 253 108 226 245 83 127 217 139 172 77
    153 62 178 224 247 255 36 160 21 212 27 176 217 230 144 200 233 127
    28 145 253 34 105 165 243 190 157 95 65 61 53 195 85 5 124 158 72
    253 30 140 208 31 144 35 84 101 255 251 83 222 81 14 191 151 247 74
    135 165 62 27 54 23 57 218 58 253 83 160 33 231 128 19 77 218 2 17
    47 2 101 40 153 60 218 197 147 99 200 104 178 36 95 63 69 87 82 34
    45 244 101 190 215 52 196 173 177 30 164 171 157 191 87 218 168 176
    155 92 65 240 120 224 209 70 111 251 131 84 215 153 97 4 39 240 43
    96 69 25 111 165 92 12 90 218 106 166 92 37 192 202 204 193 248 44
    227 205 121 10 58 242 217 65 191 123 158 177 58 35 232 245 220 80 52
    232 251 1 234 65 217 81 217 151 124 33 118 149 92 99 84 118 237 231
    75 102 15 195 185 119 133 72 148 111 49 222 170 216 211 231 219 28
    93 212 69 114 127 112 185 238 20 115 208 47 193 251 15 20 210 62 216
    17 201 29 224 75 212 204 10 192 164 226 97 191 201 73 14 181 138 211
    36 51 111 77 199 171 29 74 164 144 166 183 202 42 172 86 13 159 18
    225 220 124 123 14 85 185 129 6 70 83 179 109 183 154 190 246 99 178
    176 30 29 255 133 69 78 244 201 134 15 187 250 79 26 32 136 41 224 1
    176 167 106 218 255 59 37 141 39 92 54 137 106 179 58 96 224 162 209
    209 59 174 157 182 218 168 133 240 193 222 64 132 15 96 105 243 130
    36 52 238 60 13 48 80 179 54 192 255 169 195 120 126 214 135 250 122
    142 94 159 232 94 194 253 3 125 238 201 16 44 121 191 139 241 134
    114 3 252 143 123 161 22 225 221 169 57 252 183 193 153 230 121 166
    138 96 113 88 48 115 40 96 132 203 179 148 230 253 116 169 234 219
    142 184 116 96 137 231 33 184 46 251 28 94 173 9 37 245 161 168 6 59
    158 109 208 70 2 115 167 161 245 182 45 148 187 34 151 114 31 166 11
    48 98 67 114 186 54 182 58 44 163 219 216 74 114 113 105 233 140 33
    160 136 158 100 6 7 240 252 135 22 36 160 0 62 159 126 169 8 125 100
    215 79 156 155 111 69 86 214 89 152 111 241 228 3 6 28 93 54 249 42
    186 218 209 161 226 137 58 167 247 37 37 167 83 30 21 39 212 167 15
    50 250 172 149 213 145 255 206 43 179 240 183 238 118 0 205 67 104
    243 182 65 49 28 158 57 41 142 220 12 29 216 141 183 26 129 185 89
    75 245 144 229 92 130 252 98 181 240 135 151 203 134 237 113 49 251
    77 181 6 19 185 244 232 127 224 79 183 153 163 23 54 9 84 154 109
    149 14 50 145 156 213 139 96 182 29 66 23 207 233 123 119 35 254 192
    190 150 22 76 252 88 21 153 223 166 11 140 100 87 80 167 156 12 89
    132 65 20 254 119 223 246 23 102 72 187 164 126 93 167 148 224 152
    113 57 5 138 213 91 121 152 166 49 131 90 77 116 8 225 104 211 6 158
    222 98 213 112 74 116 113 235 213 208 7 206 251 187 203 178 190 254
    54 248 214 16 205 100 180 38 226 162 206 188 216 25 54 116 32 120 90
    201 143 64 142 218 30 82 248 186 70 187 198 110 187 61 184 201 125
    173 130 229 16 140 145 13 165 20 89 167 51 249 57 246 167 48 119 103
    118 156 86 210 26 212 66 235 70 83 0 55 172 80 148 120 192 153 167
    192 204 202 46 162 177 224 70 177 162 182 125 182 6 87 80 76 179 176
    59 248 151 217 183 245 204 46 52 119 17 170 157 232 245 72 180 212
    29 238 30 53 120 213 176 136 134 220 128 181 110 150 215 133 220 48
    172 222 40 250 140 241 106 47 5 28 160 57 220 94 77 22 111 40 186
    122 230 250 217 89 114 121 39 212 234 62 177 55 149 184 145 177 239
    83 191 68 181 214 240 136 16 193 165 237 222 242 221 233 110 193 172
    178 172 3 104 214 190 65 19 206 134 229 216 140 99 119 11 117 22 241
    143 211 158 3 197 3 255 17 34 23 105 27 179 141 222 104 222 89 31
    139 72 237 77 34 105 238 110 37 107 231 162 225 235 38 125 143 191
    20 147 23 122 113 234 122 46 239 236 170 249 174 67 49 222 250 85 6
    229 106 199 123 149 152 160 32 86 106 250 189 81 17 181 221 76 161
    237 33 20 255 90 97 165 77 5 69 156 25 63 17 82 142 176 195 54 171
    214 114 35 16 166 176 124 143 179 110 175 43 81 222 218 189 122 198
    209 102 114 248 19 228 33 120 158 153 31 70 240 173 4 72 25 149 130
    49 126 219 191 157 166 15 101 159 92 186 210 145 74 58 130 199 179
    36 63 189 177 54 45 1 57 157 253 44 203 70 224 191 14 25 185 121 141
    43 110 202 108 174 225 72 214 109 37 112 17 185 70 121 170 63 29 58
    127 14 98 45 123 23 12 131 137 182 212 230 197 69 177 105 45 33 58
    146 221 153 170 89 166 254 89 253 54 157 203 132 246 239 183 227 100
    163 75 229 187 160 146 39 234 164 65 212 62 199 76 25 116 232 34 148
    59 149 86 246 100 36 67 140 21 247 46 53 221 139 145 235 32 152 187
    51 178 164 119 229 129 207 85 101 206 182 220 11 100 6 71 192 231
    172 91 120 20 128 191 54 104 89 165 139 114 200 183 91 200 172 42
    243 180 215 164 158 253 149 244 82 202 171 168 110 122 79 45 212 129
    21 214 249 68 40 45 157 212 31 87 85 54 228 76 212 102 84 77 211 30
    204 161 139 182 206 138 30 176 197 141 149 26 209 234 238 69 152 117
    90 123 68 36 59 65 143 227 175 175 130 162 81 169 199 131 100 199
    204 28 13 131 129 194 52 168 221 162 27 78 30 150 143 140 247 147
    201 81 202 51 47 96 123 171 228 192 205 206 201 175 7 164 91 32 73
    36 51 132 211 111 95 182 31 62 24 117 149 6 115 245 68 91 65 122 76
    17 153 80 196 166 236 175 67 141 32 156 120 62 252 5 243 9 241 254
    102 52 222 12 146 31 68 27 33 36 71 170 47 235 79 32 56 113 194 56
    49 128 126 165 103 96 157 157 93 31 66 38 187 172 112 121 195 151 81
    32 169 143 160 135 52 3 194 149 47 92 34 142 159 206 199 159 245 9
    171 237 184 66 196 211 223 77 56 189 146 215 139 41 52 71 63 232 90
    166 23 153 234 27 158 33 88 102 3 152 101 133 247 208 188 51 133 33
    84 64 29 120 38 86 50 86 120 35 28 77 225 229 238 50 232 87 96 53 65
    50 62 235 14 166 158 199 139 102 250 119 145 224 55 43 11 33 14 124
    115 96 242 66 249 164 93 245 181 29 167 222 219 160 126 232 153 255
    244 162 234 99 133 28 23 22 117 151 141 10 111 5 81 222 252 234 208
    236 13 43 162 214 46 188 211 46 115 98 127 101 4 8 194 9 37 101 22
    166 188 164 142 235 23 245 153 168 184 250 224 156 188 215 133 184
    73 236 12 199 43 207 199 86 197 134 134 13 35 128 1 228 67 54 87 250
    83 240 250 160 31 245 236 211 15 133 200 224 89 6 125 103 176 147 55
    6 213 146 243 248 121 124 190 107 57 66 196 170 95 215 200 125 58
    143 27 67 255 187 182 48 117 69 171 30 130 11 149 13 97 60 1 14 223
    158 112 231 236 27 76 198 96 195 71 141 63 150 70 26 13 188 93 221
    152 66 16 222 209 255 116 112 151 141 69 231 5 29 175 123 243 181
    143 105 141 88 183 89 250 87 120 49 97 242 62 166 197 207 8 164 78
    113 98 107 244 189 236 84 17 188 226 101 204 74 31 188 95 176 38 222
    166 133 133 201 207 230 44 13 98 80 95 249 146 204 179 94 129 136
    226 244 26 217 55 23 190 159 1 12 120 145 28 143 123 162 139 187 31
    6 86 2 137 239 56 155 91 64 214 193 170 75 44 2 180 63 203 65 19 140
    250 58 237 1 111 82 110 12 153 112 95 249 202 132 250 159 238 129
    171 112 123 106 166 222 120 197 52 215 238 118 221 128 215 23 231 82
    248 134 30 62 186 147 207 2 144 167 63 41 232 4 115 249 2 202 123 86
    164 218 87 216 6 76 53 111 92 247 191 75 98 104 163 157 1 179 82 67
    92 182 144 58 103 124 25 130 244 97 62 142 166 22 134 167 194 187
    200 82 84 188 164 163 153 204 54 34 69 68 154 183 159 232 149 154 87
    123 252 251 114 246 223 179 143 178 118 173 9 199 78 213 166 49 121
    39 54 68 162 63 78 186 72 124 173 100 202 161 56 16 239 109 30 107
    72 153 63 153 61 213 90 117 208 121 161 220 116 63 103 252 161 101
    17 157 209 191 92 204 170 15 140 30 90 206 137 172 250 28 244 29 85
    8 148 139 14 25 248 52 12 92 45 69 74 178 175 184 252 166 26 252 63
    233 185 18 82 183 111 3 41 156 152 245 3 8 198 197 247 31 187 29 169
    148 61 108 31 205 80 117 65 117 18 192 133 10 211 232 162 72 76 222
    135 148 181 224 105 243 81 44 156 168 19 229 54 71 87 86 233 109 96
    212 248 83 86 174 14 48 210 233 149 22 76 119 143 4 29 223 87 186
    197 10 70 71 141 222 20 18 193 184 177 104 68 140 107 82 224 221 179
    153 252 226 224 121 131 159 160 75 129 237 98 177 90 126 203 227 145
    127 249 139 70 152 168 173 222 96 111 204 220 245 215 157 239 50 230
    21 186 181 116 87 81 205 138 170 180 73 234 170 17 46 84 112 216 168
    6 101 61 125 163 191 172 242 203 1 107 211 249 2 40 168 151 107 1
    203 174 254 226 223 233 224 8 137 77 58 197 179 23 150 21 193 118 85
    223 201 5 177 12 84 12 48 241 92 153 159 117 171 213 16 24 8 54 110
    34 194 120 129 26 93 8 227 227 187 71 177 243 112 123 171 191 197 54
    79 154 161 231 158 181 138 65 10 26 39 214 211 124 157 212 240 96 4
    37 80 207 229 76 111 113 187 136 121 6 19 145 164 124 157 90 124 164
    100 138 103 97 237 69 173 102 125 206 150 48 253 175 18 132 212 214
    42 249 118 46 255 10 170 164 152 205 180 26 36 80 167 110 103 209 72
    185 164 126 121 33 222 201 192 8 53 185 176 195 117 169 14 241 47
    133 169 223 221 68 115 131 231 193 104 153 245 30 101 128 139 108
    250 169 250 190 120 86 78 211 236 230 57 205 3 127 140 169 120 7 91
    229 230 200 99 228 90 196 153 161 13 177 143 38 22 235 252 217 168
    112 153 162 224 91 74 253 141 30 60 224 205 120 123 20 39 194 110
    184 220 89 222 172 73 141 108 173 128 244 121 229 173 38 253 243 104
    96 242 104 57 163 241 58 223 52 91 136 26 252 11 221 110 5 150 3 253
    23 98 228 115 255 216 221 57 7 8 184 236 120 67 33 100 85 239 120
    134 155 60 75 164 177 194 235 23 180 158 96 28 234 31 164 254 163 93
    219 16 48 189 210 103 24 163 141 172 61 131 48 75 254 166 252 189 22
    93 222 145 79 241 84 161 107 130 135 158 68 181 129 245 173 231 160
    213 66 101 134 27 67 64 207 182 111 110 32 29 81 71 144 20 102 189
    100 186 136 180 56 189 177 99 63 52 247 32 20 70 10 39 252 28 100 62
    93 52 254 142 124 113 145 27 115 13 191 234 227 184 178 223 186 54
    251 37 231 151 172 34 143 8 42 104 161 107 196 23 57 250 236 188 6
    252 24 233 11 132 30 81 232 84 0 1 224 174 154 30 121 6 196 13 11
    121 157 69 68 74 4 29 154 252 32 53 62 195 2 75 205 182 99 79 217
    170 198 134 209 216 55 168 180 31 40 129 229 153 63 96 128 107 153
    143 249 36 102 194 45 235 208 244 235 172 177 143 34 164 11 118 41
    67 163 252 35 252 232 178 88 25 53 0 64 6 6 181 51 124 154 240 143
    59 40 204 1 220 28 162 159 129 109 96 41 166 188 168 109 78 57 133
    238 191 4 230 234 9 43 31 59 111 39 220 143 146 76 127 55 189 88 4
    57 92 158 208 12 176 23 82 125 149 66 27 5 116 199 1 242 183 82 179
    158 110 165 180 25 245 3 255 188 59 68 182 106 3 83 76 81 91 101 77
    110 53 56 115 165 250 250 61 157 148 17 113 176 0 230 29 234 29 53
    54 250 224 56 210 201 88 80 247 31 90 203 24 173 148 63 193 179 216
    152 105 110 33 56 179 177 15 151 229 114 208 81 101 167 106 127 51
    202 23 146 178 125 59 142 53 247 103 124 129 0 161 200 60 109 222
    169 18 30 64 107 251 171 73 119 53 116 40 9 245 240 60 101 165 157
    188 50 9 18 28 242 29 120 124 169 45 12 58 83 82 108 103 238 123 200
    208 183 108 158 35 81 238 185 123 64 237 229 252 253 197 117 166 36
    239 170 210 151 146 111 176 34 224 126 49 14 173 23 195 12 87 74 29
    107 72 180 173 34 122 200 23 13 148 223 27 93 233 63 171 220 146 168
    8 165 33 149 113 141 146 214 67 190 216 229 183 113 155 86 186 23
    248 161 48 227 159 159 147 225 250 22 239 18 0 113 126 229 108 184
    255 189 150 72 110 49 245 157 137 121 39 254 175 94 110 107 157 139
    115 172 149 176 81 71 57 39 96 212 252 94 28 159 170 229 204 125 50
    152 242 245 136 236 160 202 154 190 185 9 39 17 91 18 165 25 56 249
    146 147 131 167 196 71 207 31 206 138 134 146 227 195 121 152 33 14
    118 182 2 7 14 206 104 151 175 211 5 190 209 246 250 223 46 41 244
    186 80 250 250 68 111 137 149 143 71 130 50 13 67 246 15 111 92 186
    36 18 14 210 215 81 36 177 179 251 171 46 191 25 226 89 173 8 13 126
    29 136 153 8 131 94 1 199 22 55 46 128 190 66 128 128 192 151 224
    151 111 63 81 158 95 149 76 82 104 123 168 56 116 155 180 204 118 45
    169 175 216 14 188 143 18 127 149 232 248 177 202 38 143 69 80 212
    226 251 215 33 27 146 88 147 80 195 108 89 200 165 222 12 179 150 94
    193 93 252 128 172 181 85 8 141 7 3 75 210 234 209 149 72 228 109
    138 234 54 147 102 227 94 207 169 250 128 32 121 106 167 86 223 242
    2 172 148 93 242 252 85 86 225 169 122 170 100 83 148 50 158 248 247
    96 7 7 195 30 169 54 23 128 78 10 119 68 68 197 10 75 108 70 213 198
    0 136 233 123 161 39 135 95 115 185 98 48 26 77 130 121 175 175 57
    123 154 218 22 89 20 125 210 196 164 209 231 148 133 65 89 173 241
    111 243 209 234 245 52 4 184 233 88 165 20 162 55 160 11 36 29 169
    30 58 38 2 176 249 87 223 106 97 100 179 20 83 66 85 66 164 153 122
    94 77 113 227 9 146 93 68 45 67 230 95 181 153 87 45 234 207 102 46
    37 180 249 152 29 111 133 228 71 85 169 139 169 162 170 146 235 84
    151 254 125 208 206 147 226 31 89 30 226 151 194 254 99 47 98 162
    115 186 145 216 98 20 144 184 25 126 163 179 149 222 70 49 182 45
    182 33 62 6 94 132 148 13 9 66 45 160 98 76 176 199 231 98 222 81
    169 109 108 19 209 88 159 180 152 36 215 19 18 77 29 234 198 77 158
    244 45 246 2 157 178 241 153 97 233 5 139 219 227 162 179 225 189 47
    196 27 181 220 128 166 87 140 218 25 86 48 174 249 25 68 187 107 67
    229 235 140 90 244 212 118 47 196 157 217 238 143 212 197 93 97 143
    188 233 171 250 157 168 104 118 217 232 2 163 99 184 98 118 56 171
    153 179 232 74 204 70 59 251 51 162 137 17 92 176 70 47 98 36 156
    198 92 129 33 54 26 18 146 200 133 159 152 43 70 213 224 149 178 12
    195 67 224 63 172 52 68 218 67 165 77 187 222 123 22 191 87 73 11
    106 219 154 131 143 104 238 192 42 253 142 126 62 220 233 245 211
    111 74 201 74 104 139 129 106 164 46 22 153 138 28 139 80 66 224 225
    59 159 253 228 30 55 10 57 111 38 39 172 80 114 5 18 152 244 11 24
    254 18 240 18 30 129 140 104 250 231 42 84 223 189 74 141 143 15 216
    127 148 76 169 113 124 48 159 157 170 255 179 52 196 248 149 222 4
    240 102 252 42 82 171 115 35 171 143 162 224 211 146 94 201 84 111
    59 212 178 79 81 207 137 19 155 101 198 216 93 64 34 109 192 89 83
    67 129 245 10 93 139 228 102 131 244 85 213 44 23 238 10 71 3 247
    162 11 241 252 132 112 80 213 154 149 107 246 86 36 207 10 25 234 67
    183 86 40 209 74 193 0 166 189 8 208 210 10 68 254 142 156 65 34 37
    231 157 195 130 97 225 143 137 124 50 116 241 206 94 249 111 246 183
    61 158 36 159 172 14 7 28 152 247 153 169 187 58 89 116 170 194 174
    77 130 152 196 166 184 195 250 77 212 139 123 17 196 174 176 138 72
    163 172 177 64 185 24 41 231 56 166 109 120 174 50 129 35 102 79 63
    215 156 127 181 96 221 240 142 79 86 165 229 30 167 227 56 81 41 152
    81 24 144 5 226 249 132 248 255 32 215 149 231 65 233 35 231 105 191
    44 42 84 26 192 166 10 78 65 209 174 77 228 243 108 102 178 73 3 83
    169 159 193 121 235 84 101 245 154 234 178 201 39 165 147 235 219
    204 210 124 5 14 203 219 209 153 160 224 191 246 83 9 230 179 135
    112 75 159 132 254 34 141 92 131 191 40 95 142 200 163 220 234 200
    45 60 24 163 7 6 32 232 161 205 117 85 208 202 214 88 98 164 225 68
    136 101 166 173 188 52 7 33 213 244 84 214 245 23 114 242 147 13 219
    164 211 239 21 209 20 254 99 179 102 174 214 94 34 139 227 34 205 9
    7 229 73 187 88 206 174 18 243 12 230 17 163 114 233 83 115 206 235
    189 117 119 184 35 19 96 93 49 175 165 29 57 252 211 42 48 190 152
    13 244 244 219 16 160 67 141 109 51 198 100 157 166 112 94 183 46 49
    187 208 27 154 119 231 132 124 82 42 110 22 81 242 152 205 243 16 94
    93 106 181 102 97 213 82 203 53 6 57 216 211 83 214 35 241 166 99 35
    59 57 131 155 62 90 24 50 82 33 233 59 0 2 192 82 212 193 94 52 124
    13 19 20 50 62 66 203 120 49 105 96 224 214 223 163 220 203 116 53
    61 118 115 43 76 151 21 190 188 233 48 204 195 208 228 65 21 130 170
    29 221 46 8 180 22 210 152 239 235 55 53 39 1 111 224 111 122 252
    245 152 208 41 194 216 108 62 69 236 93 248 157 208 141 63 178 101
    38 208 98 11 5 70 128 20 144 54 92 134 244 40 5 234 15 143 96 25 17
    85 184 244 213 184 227 87 196 193 25 65 194 187 102 101 208 109 126
    20 135 91 236 153 178 85 185 204 85 68 114 199 38 198 84 234 246 131
    178 68 22 111 199 100 53 203 199 248 192 150 40 183 197 73 97 228
    149 188 107 60 149 200 68 164 102 201 131 243 198 158 109 121 123
    188 140 241 146 48 104 220 96 129 4 53 183 175 144 124 26 32 13 139
    9 81 30 17 122 202 147 148 90 178 178 9 132 187 45 32 170 226 48 0 0
    222 154 128 175 19 22 140 195 80 64 223 80 163 147 231 143 230 25
    173 184 171 237 236 226 208 212 84 85 119 118 218 222 179 244 96 242
    187 152 146 110 253 56 217 171 178 117 2 65 26 107 15 139 202 183
    117 47 61 170 59 210 194 7 51 116 131 46 154 234 37 175 237 148 53
    154 158 145 218 166 74 225 69 134 76 120 221 7 93 8 21 177 183 201
    145 59 239 222 116 76 172 29 92 205 6 211 138 220 24 166 165 210 218
    220 120 63 174 143 11 142 12 180 98 46 117 11 46 116 58 204 0 175
    164 199 241 7 39 83 182 122 128 133 148 147 229 185 236 132 235 61
    154 227 242 137 179 239 114 192 159 10 2 226 40 230 239 253 202 101
    98 240 34 95 42 36 39 181 234 14 27 41 228 216 19 29 235 8 159 55
    109 167 176 162 141 135 104 173 29 61 247 195 66 205 149 14 113 147
    128 177 196 48 254 118 205 53 38 127 215 22 35 7 29 137 105 59 168
    84 52 255 88 57 189 3 15 40 179 166 39 154 206 50 233 239 238 58 240
    51 184 167 99 231 125 74 102 76 103 21 242 215 234 173 42 100 254 69
    234 184 168 27 220 124 143 201 243 64 218 81 189 107 230 192 174 255
    140 143 128 66 67 89 237 59 12 104 196 64 137 121 249 240 137 8 68
    195 181 168 89 171 160 215 163 247 10 149 82 191 103 186 118 182 191
    124 153 107 217 238 45 251 185 148 231 250 22 11 169 32 255 104 156
    163 240 143 35 223 224 119 197 2 69 2 148 209 126 193 83 214 159 143
    86 60 48 78 227 4 168 105 112 16 35 130 85 226 190 150 56 231 24 62
    190 238 89 199 145 77 208 157 51 150 33 8 116 117 251 69 115 255 172
    73 59 97 181 80 217 114 166 168 135 25 149 190 189 53 118 206 137
    209 184 209 96 205 44 187 91 30 43 249 243 31 83 190 232 175 6 203
    26 62 241 70 158 58 183 77 38 169 128 166 109 12 39 254 50 129 157
    79 237 35 224 54 251 89 45 143 255 77 141 163 174 11 71 205 103 33
    182 140 61 202 112 181 0 197 19 26 223 226 230 212 130 181 235 144
    11 192 216 57 87 251 248 139 41 195 109 27 131 86 149 203 205 41 32
    1 84 253 73 34 33 209 158 172 44 25 115 185 45 152 115 58 55 196 69
    187 161 99 210 21 254 27 248 104 168 137 47 21 89 177 57 60 186 164
    72 155 145 42 183 28 50 143 225 124 96 123 86 228 74 96 208 50 8 178
    2 209 136 126 50 246 77 230 13 211 66 166 75 210 193 189 39 31 148
    103 91 12 113 126 66 208 7 63 73 123 178 38 233 56 188 212 109 208
    57 248 2 79 250 190 64 84 136 148 134 208 217 250 221 207 40 185 74
    180 158 54 240 10 175 67 56 130 24 188 11 19 187 96 97 80 199 45 179
    212 138 251 158 243 30 112 180 100 58 81 8 74 63 86 170 170 214 30
    77 19 219 59 25 32 224 132 190 248 92 53 20 55 111 209 70 42 80 82
    124 81 204 57 95 45 212 194 74 193 66 20 111 244 126 153 218 40 115
    218 239 228 202 227 195 4 28 15 117 141 209 93 237 167 85 234 40 114
    150 141 250 237 26 113 40 199 231 30 125 87 152 7 208 241 131 243 78
    88 56 147 251 186 175 193 44 104 180 64 9 72 251 73 179 21 162 193
    60 209 131 69 42 87 153 10 172 142 113 29 255 66 55 215 130 135 95
    104 215 99 211 30 144 110 253 50 75 108 252 210 33 95 164 91 241 64
    237 82 122 169 142 201 37 44 141 64 182 36 37 150 151 143 8 210 176
    41 159 179 87 253 82 31 114 52 206 159 107 73 196 114 142 147 91 184
    96 63 224 236 141 246 170 68 187 12 109 246 202 111 202 88 101 36
    208 226 105 147 41 125 84 41 106 210 189 93 44 75 243 177 137 13 78
    132 228 66 143 19 106 40 223 0 196 50 102 10 16 46 180 76 250 144
    223 140 103 253 248 210 243 104 52 235 208 74 4 125 176 94 94 88 198
    223 216 56 224 156 109 78 229 236 50 70 60 107 2 224 134 27 103 119
    96 180 223 248 251 158 231 18 225 156 162 136 30 52 185 222 6 0 69
    186 119 226 40 159 183 212 22 191 44 24 135 134 85 100 193 203 7 249
    185 74 228 59 224 172 212 44 126 93 93 196 19 130 72 4 66 127 58 94
    23 204 228 146 7 222 229 20 31 102 2 176 244 213 122 11 37 159 67
    165 98 93 108 168 147 249 184 7 9 71 61 76 163 92 145 231 193 228
    139 64 164 186 250 194 105 55 236 160 11 241 145 186 127 89 172 79
    145 47 132 134 154 159 128 217 170 38 22 54 14 182 145 180 97 96 253
    248 222 36 36 21 185 102 192 225 4 206 68 205 90 225 65 14 113 22
    236 116 116 237 136 233 154 203 26 84 24 251 36 211 79 223 2 233 30
    97 169 127 91 223 130 85 182 156 173 142 198 117 24 234 120 175 149
    240 93 235 61 154 136 188 159 229 59 34 48 121 23 193 78 204 202 18
    237 177 94 187 91 183 13 100 182 123 136 51 210 70 252 237 146 244
    228 234 118 85 59 62 194 238 47 156 12 61 75 145 252 33 245 2 182
    164 160 243 128 5 161 127 89 169 42 136 207 159 210 49 82 86 3 198
    32 118 1 229 76 64 161 84 92 5 240 250 78 244 39 99 99 92 146 245
    187 38 246 53 212 107 191 234 65 4 173 79 236 221 9 237 190 69 140
    157 138 115 17 134 109 199 25 180 89 11 246 46 177 109 140 173 160
    183 0 186 54 15 181 99 34 58 157 172 50 130 173 42 190 121 209 229
    194 226 103 43 250 182 89 123 204 54 225 228 6 124 206 156 74 3 116
    45 133 154 18 187 132 28 74 139 204 128 208 179 184 52 58 129 214
    185 79 118 192 102 245 252 235 202 76 132 249 43 154 106 99 41 153
    83 166 166 185 253 156 199 157 216 97 204 201 175 203 250 216 253
    151 81 226 221 117 162 182 130 38 199 234 229 97 196 74 23 113 141
    176 253 17 108 253 140 71 165 225 136 96 83 236 152 89 222 213 102
    145 232 136 61 123 206 176 112 154 127 178 250 38 185 126 214 3 236
    1 182 166 64 21 167 2 166 45 40 148 55 127 165 97 147 216 221 246
    124 207 72 130 192 24 253 93 211 2 12 34 222 42 161 110 137 151 133
    99 87 108 208 250 147 239 244 183 5 56 156 56 187 243 97 243 235 48
    255 188 142 241 186 175 219 92 239 225 141 238 143 16 199 171 170
    118 179 51 33 193 79 246 105 246 14 40 29 123 145 164 6 112 70 59
    248 96 34 143 122 155 90 57 138 255 124 69 127 83 72 216 40 172 192
    66 236 207 173 13 61 145 1 204 223 7 129 118 184 147 202 68 106 68
    60 20 182 241 154 225 11 56 240 154 255 103 137 64 80 192 149 222
    167 138 125 173 202 46 119 18 58 133 178 171 17 170 172 201 21 172
    49 159 22 12 57 226 96 132 176 201 4 147 21 147 221 58 67 232 68 21
    104 53 21 196 64 83 179 213 80 25 24 237 148 143 165 30 246 228 83
    212 77 13 20 131 154 36 198 139 140 221 230 198 195 90 176 185 1 219
    218 114 52 195 141 176 124 48 51 145 35 229 120 49 28 7 192 135 246
    120 29 160 69 127 27 63 19 218 137 222 55 33 151 80 109 54 21 228
    206 163 217 103 59 22 184 245 186 60 3 207 42 122 169 102 91 104 241
    21 84 222 187 112 70 119 68 58 246 163 88 88 140 74 233 156 76 204
    16 167 77 57 134 132 176 167 91 105 176 116 64 212 163 127 31 213 98
    4 135 160 174 90 193 78 96 96 27 86 166 179 85 247 229 13 44 39 194
    93 75 196 9 16 238 248 170 184 16 50 17 55 75 127 11 82 247 68 136
    215 136 170 86 174 10 162 206 219 94 82 65 184 137 43 176 159 129
    149 27 127 89 238 125 255 69 236 64 9 110 43 164 108 190 107 64 4
    237 159 74 17 34 92 53 128 79 82 217 81 18 52 22 131 150 202 205 68
    123 227 105 239 82 217 24 179 65 15 91 110 121 38 32 237 155 213 236
    204 249 36 242 54 57 233 192 225 228 85 9 62 167 78 155 230 7 15 189
    112 231 216 138 222 185 222 121 249 157 218 56 191 103 22 82 75 199
    33 166 180 209 114 144 174 168 250 167 22 224 234 29 241 173 35 24
    224 239 250 32 96 137 25 116 164 192 186 87 176 110 188 94 101 6 141
    164 50 79 180 189 131 202 138 176 154 55 239 7 168 94 8 141 27 31 29
    243 64 26 147 26 219 46 102 78 120 155 198 93 142 225 111 70 80 88
    122 113 106 54 236 62 180 188 101 80 56 100 67 137 34 9 34 164 26
    199 85 71 189 113 232 195 248 74 192 229 221 133 130 199 119 221 11
    45 163 131 220 226 66 211 80 156 34 146 22 38 90 220 87 181 95 181
    186 158 244 214 169 193 151 238 186 30 219 50 135 56 149 96 164 71
    58 93 65 177 255 12 90 154 239 84 47 193 205 50 48 222 172 242 79 37
    193 179 193 143 189 88 194 222 205 204 210 85 251 180 229 181 73 153
    244 244 19 201 47 74 51 207 214 49 63 122 2 178 84 147 52 55 47 183
    81 203 219 238 33 93 200 134 192 119 150 138 44 103 35 149 95 32 128
    14 18 58 134 173 52 241 48 120 115 135 65 3 180 239 202 169 162 66
    20 125 43 227 19 179 155 25 128 184 76 140 180 225 173 166 236 124
    108 52 37 221 65 0 114 6 9 242 254 52 38 248 5 248 50 125 240 19 197
    107 160 247 224 77 194 38 110 99 245 193 141 64 177 166 65 203 171
    69 47 16 244 198 248 123 235 238 101 114 25 233 108 207 197 216 123
    60 143 132 74 59 118 110 4 132 77 209 108 151 46 239 40 153 235 10
    65 207 54 226 29 44 224 11 234 11 81 246 163 16 224 160 37 48 40 222
    241 21 76 133 228 254 49 87 117 215 228 216 136 175 155 170 67 216
    193 163 251 107 34 34 94 158 171 254 244 85 46 123 181 7 14 57 102
    175 133 92 250 3 123 129 96 64 150 37 248 222 242 231 145 122 49 63
    43 147 240 28 11 245 43 71 102 12 64 217 184 34 106 99 2 90 134 139
    75 185 243 222 42 241 238 190 96 249 33 190 12 158 138 168 248 205
    220 109 29 248 190 65 130 3 21 253 222 176 236 15 39 200 177 179 70
    35 99 222 230 42 254 50 151 185 197 126 188 126 26 144 214 150 62
    171 103 255 45 223 204 215 248 201 13 36 204 178 240 130 248 40 182
    245 201 26 247 222 109 21 191 130 71 148 201 182 35 188 121 220 85
    108 96 150 213 159 96 0 45 66 211 160 133 175 72 220 130 196 102 92
    57 232 156 123 162 140 144 57 187 192 196 41 99 33 15 134 39 137 94
    94 116 74 84 73 44 183 36 132 245 251 52 87 45 224 240 190 158 20
    190 179 125 136 112 99 44 81 61 196 27 211 10 91 179 173 0 152 99 9
    137 178 28 242 190 194 251 62 27 213 174 185 9 65 246 179 168 93 11
    176 202 190 132 192 134 43 100 41 54 201 104 155 240 7 85 148 53 29
    40 184 18 189 190 204 29 206 147 108 114 189 41 254 129 142 60 138
    42 210 175 209 19 88 135 29 187 8 92 94 92 21 160 177 52 239 167 149
    214 131 27 180 80 166 216 255 74 175 30 227 77 177 75 136 61 170 182
    174 128 80 38 248 118 220 140 251 6 206 110 206 202 28 105 97 156
    178 33 2 138 64 61 144 137 15 97 230 191 163 98 159 134 84 149 146
    205 36 14 177 89 172 96 151 27 177 5 154 95 126 38 136 69 83 28 235
    67 240 80 253 54 243 141 30 201 131 136 54 56 245 99 48 140 252 101
    89 88 210 6 228 198 46 245 229 102 119 131 252 153 145 103 197 176
    188 222 196 200 164 104 130 149 77 240 155 168 80 132 243 47 134 235
    222 190 228 204 67 158 197 99 21 108 25 243 94 125 181 165 174 17
    113 126 5 212 195 52 17 15 124 74 170 239 5 67 149 186 250 220 98 65
    156 27 198 15 203 94 54 101 136 7 9 6 174 158 225 182 166 186 217 7
    123 86 225 241 61 208 32 15 49 233 96 137 147 151 177 193 164 170
    242 120 226 22 168 43 166 82 81 188 232 17 83 31 255 211 224 55 223
    31 229 114 7 31 87 46 252 84 138 90 69 165 56 63 24 145 231 59 113
    122 94 22 35 165 240 60 227 12 145 18 164 128 155 32 197 143 47 3 51
    132 142 221 52 192 84 184 226 137 72 125 50 135 133 131 217 232 74
    245 48 239 233 145 199 53 80 117 130 207 101 43 77 33 250 131 224
    115 174 214 159 36 187 221 115 19 200 227 206 109 167 77 64 45 149
    58 31 241 96 104 108 109 120 40 11 204 208 25 186 232 3 199 77 175
    245 215 106 176 83 239 249 92 255 161 208 65 73 22 182 128 151 130
    132 229 23 195 166 29 208 182 47 207 161 120 128 37 73 127 51 150
    214 241 144 247 114 72 128 30 46 161 38 1 90 233 188 83 156 160 226
    241 9 88 91 17 174 251 210 171 30 111 186 222 97 224 65 219 123 8 51
    18 54 1 41 133 237 223 1 189 9 24 31 80 221 8 2 129 145 197 150 103
    169 180 19 238 44 31 173 125 176 69 131 14 77 157 66 117 112 175 116
    179 132 187 172 64 65 216 196 6 186 238 7 210 210 159 247 59 173 36
    212 170 185 17 50 143 13 12 254 46 102 117 164 46 92 198 126 77 215
    49 136 43 189 23 167 53 6 188 110 208 27 210 138 64 23 136 112 219
    146 172 69 27 33 141 46 191 42 134 246 69 199 234 61 127 123 69 7
    189 181 196 207 238 76 135 8 37 13 21 240 145 1 72 161 117 249 233
    232 52 174 204 236 97 63 5 136 136 231 54 206 160 102 13 136 214 33
    142 136 182 191 59 116 178 95 174 167 88 60 86 105 237 212 246 50
    177 151 116 214 165 28 50 117 14 250 153 169 248 190 206 182 111 134
    108 251 240 185 208 24 150 118 238 229 244 252 38 202 12 47 92 120
    82 77 199 81 8 214 148 48 231 198 218 47 202 80 108 99 238 15 151
    133 174 53 11 127 22 206 143 147 197 223 236 226 209 197 92 240 6 54
    156 70 177 209 141 47 3 116 169 10 142 218 85 149 194 63 40 108 52
    169 200 251 139 125 243 219 34 100 109 66 247 102 167 79 70 246 142
    184 126 149 74 55 21 194 179 141 99 165 220 93 241 248 89 35 63 234
    28 67 113 109 128 157 107 154 58 121 189 210 17 167 76 28 67 213 36
    33 71 129 215 8 66 101 6 104 69 112 57 109 155 5 132 88 53 217 98
    118 60 203 188 251 227 54 137 110 154 39 144 191 184 101 8 149 35 54
    181 19 162 175 37 164 254 239 94 56 216 192 51 169 26 254 106 139 7
    3 236 46 180 254 78 40 51 208 97 91 197 92 249 48 208 48 182 93 79
    10 172 208 118 167 5 27 170 129 95 142 183 249 233 49 88 76 206 180
    61 9 164 17 15 146 82 45 187 200 129 62 167 94 170 91 26 124 248 198
    25 165 252 240 83 26 208 183 150 139 108 116 176 146 97 226 218 197
    191 157 54 156 45 15 1 211 115 149 119 146 22 149 97 243 187 113 233
    204 231 141 33 89 237 194 189 239 119 215 140 166 238 160 151 47 32
    1 60 75 225 23 206 153 192 179 156 214 218 1 8 205 61 82 202 143 120
    83 138 247 198 68 166 127 103 141 220 245 243 8 110 245 222 219 249
    173 95 206 106 133 129 237 16 254 220 170 161 100 34 15 231 149 145
    69 212 64 46 191 61 199 130 242 135 132 143 229 74 31 63 200 104 182
    98 125 97 19 44 120 76 241 172 243 20 69 78 220 94 78 253 43 22 201
    247 219 34 165 131 97 53 27 173 32 43 60 227 160 71 196 105 191 57
    24 134 18 116 216 63 124 42 206 181 65 28 233 166 196 250 83 71 248
    190 88 123 225 97 132 167 89 89 1 67 175 161 243 250 165 227 21 152
    30 219 216 56 238 5 18 165 237 108 177 167 76 61 115 48 8 48 134 205
    204 154 196 172 8 210 11 71 127 137 48 112 211 134 55 74 202 169 6
    98 225 234 153 40 214 233 69 64 124 13 50 143 113 31 3 163 49 223
    242 82 53 14 239 44 38 223 79 91 118 31 87 90 196 216 39 159 134 8
    57 48 155 41 214 115 1 194 92 236 220 29 57 65 206 160 31 1 68 109
    93 168 167 123 186 121 128 155 119 184 198 94 89 48 45 209 191 72 69
    31 88 70 175 189 15 164 7 223 63 249 95 74 143 185 234 59 112 240 61
    151 20 238 16 194 117 124 80 170 116 143 65 124 204 154 189 135 37
    55 247 208 148 192 183 177 226 252 181 143 93 74 219 213 255 192 145
    24 180 138 118 169 95 79 100 16 208 162 82 163 11 8 70 247 172 15
    238 254 104 50 121 112 117 238 7 98 190 209 98 89 78 160 202 193 34
    74 200 71 118 82 200 44 125 168 92 24 100 18 247 130 91 47 255 39
    215 209 172 141 140 116 152 112 23 49 221 50 226 97 120 80 127 24
    127 234 138 157 185 172 30 181 135 223 74 66 56 128 57 5 206 156 229
    126 110 201 94 236 204 67 185 128 224 227 222 224 210 223 199 139
    206 142 26 32 36 123 129 194 180 104 171 248 111 75 25 225 39 127
    157 156 233 73 52 243 161 88 214 56 217 152 27 208 19 156 180 217 29
    181 228 243 0 41 57 118 24 141 152 188 118 112 18 200 204 129 34 166
    219 92 194 40 16 226 127 100 46 102 225 170 37 141 24 238 2 125 90 5
    248 100 65 206 118 159 45 250 92 112 234 189 206 27 218 205 16 227
    33 131 224 81 176 98 202 30 214 175 199 144 174 79 82 148 74 178 62
    88 184 11 112 209 121 51 195 250 173 52 103 246 172 38 37 11 122 4
    173 224 175 26 82 4 172 245 118 222 114 184 43 203 201 157 209 131
    229 141 176 135 98 206 243 214 59 152 8 236 101 44 43 250 217 143
    152 33 229 77 149 224 215 182 227 166 124 136 75 181 147 52 21 163
    176 246 35 154 30 159 66 193 162 210 253 29 163 68 165 213 124 8 50
    43 169 73 237 14 217 101 59 91 1 119 149 223 157 42 147 34 179 136
    173 176 222 176 56 48 40 158 146 16 131 129 126 51 211 219 85 198
    194 124 57 166 100 46 144 29 57 85 95 213 22 94 96 129 109 94 121
    152 44 59 138 54 13 168 247 89 243 1 192 113 11 62 76 236 147 217
    251 17 7 183 75 241 252 73 230 152 34 112 156 70 212 122 28 94 186
    208 65 143 172 249 82 245 138 127 10 72 151 121 150 224 232 38 235
    112 197 158 28 134 241 37 127 166 38 157 255 252 241 59 144 217 111
    207 117 116 18 160 28 131 180 45 98 118 222 150 242 181 232 42 64
    143 78 116 161 104 211 86 100 64 32 78 226 124 247 146 94 221 86 106
    106 36 166 215 27 229 198 185 165 188 33 135 54 219 6 76 113 150 94
    100 224 10 104 71 153 136 185 20 190 249 247 169 109 25 31 35 250
    116 177 228 163 18 192 170 213 76 151 78 180 184 158 122 26 219 34
    76 114 188 101 6 190 16 188 177 125 69 200 224 36 64 207 24 249 24
    188 160 119 47 87 122 80 228 233 16 229 155 192 66 58 107 145 93 131
    188 38 184 250 16 99 211 41 119 136 161 53 210 124 237 149 231 217
    59 14 100 8 215 172 60 129 14 231 65 92 234 55 178 0 227 92 162 190
    41 60 205 0 75 178 59 165 7 253 131 19 156 85 245 122 63 94 1 242 86
    40 61 172 159 20 212 136 249 47 105 30 213 127 159 104 114 203 146
    175 4 116 235 134 75 194 77 106 118 24 119 52 24 61 60 215 61 8 195
    47 169 143 136 57 15 187 203 79 159 165 199 175 110 20 91 42 225 68
    252 33 98 108 239 246 200 238 86 249 66 193 105 206 193 6 230 102
    164 117 65 99 94 85 49 104 37 173 82 152 152 169 84 197 242 54 2 3
    237 155 62 174 50 162 252 254 210 119 221 171 38 196 238 63 142 117
    49 145 15 164 85 136 207 18 71 230 214 129 50 40 41 179 38 61 93 188
    221 80 96 244 176 150 20 128 117 195 93 121 43 138 62 238 14 233 37
    156 245 23 21 148 21 18 205 197 130 237 196 98 150 48 88 38 159 34
    237 62 209 196 246 219 103 209 52 42 132 136 177 56 88 255 35 128 79
    7 201 58 226 111 97 218 31 18 178 231 15 41 92 59 154 71 217 120 112
    84 163 199 246 5 201 178 214 5 74 66 198 254 46 164 64 165 94 89 101
    98 144 97 230 183 53 11 149 40 109 166 135 5 127 22 214 96 181 197
    173 41 3 24 177 49 137 194 91 102 107 113 183 67 209 11 158 138 97
    195 215 42 194 146 70 176 134 98 204 100 248 174 255 179 109 178 109
    153 81 98 168 153 94 108 80 93 205 192 47 15 226 210 92 116 59 168
    133 85 117 31 163 6 134 33 67 192 107 204 255 142 142 0 209 50 218
    37 254 12 38 214 125 124 185 123 174 22 208 26 233 127 178 33 168 83
    199 164 112 128 40 252 55 58 154 62 24 55 152 166 130 87 221 106 92
    102 7 224 46 118 36 85 115 11 177 235 228 82 53 56 192 71 205 251
    171 160 133 23 31 158 156 190 216 112 180 11 231 219 174 250 70 159
    17 91 199 193 153 84 164 37 58 148 178 202 57 188 18 201 47 149 27
    104 148 240 81 189 94 33 157 14 36 233 194 83 14 222 205 243 197 165
    149 169 203 117 218 14 245 16 126 89 49 184 45 210 252 109 219 6 216
    20 239 28 164 157 52 254 160 90 111 14 66 84 71 228 92 67 156 58 22
    213 40 73 63 185 63 159 61 69 147 194 33 117 247 73 226 46 196 29
    208 68 35 201 86 140 10 11 132 181 228 30 250 22 82 61 216 201 146
    25 159 31 105 235 195 65 67 194 49 27 84 148 84 68 61 55 181 91 83
    154 182 155 212 98 43 110 246 75 21 94 166 104 148 85 182 53 90 168
    30 113 18 81 137 24 26 214 214 224 214 132 97 213 159 189 223 230
    114 51 30 12 136 2 3 32 70 243 80 130 128 84 164 186 54 83 127 140
    158 138 110 57 121 166 12 179 111 154 87 74 253 139 22 255 207 148
    94 130 239 221 139 201 53 0 135 154 118 231 214 102 209 183 202 251
    16 168 41 83 255 122 185 43 51 93 53 13 181 223 19 169 153 179 163
    188 254 76 117 187 44 135 202 104 178 88 203 3 73 114 170 114 73 160
    127 64 223 0 33 121 89 225 12 252 77 47 3 246 254 130 200 7 181 87
    143 19 84 152 155 39 23 36 160 167 20 216 71 202 0 209 214 222 67
    217 94 250 41 173 77 173 71 127 224 22 176 150 132 120 70 24 243 166
    247 77 250 197 147 102 155 161 118 91 229 206 190 195 20 54 131 138
    229 40 199 147 54 144 68 57 233 10 10 29 214 33 124 163 162 255 193
    35 231 93 214 226 62 202 53 201 230 181 137 90 253 250 112 33 4 120
    136 51 11 247 39 83 55 222 198 89 122 65 224 177 181 158 41 80 129
    124 8 77 11 235 245 51 239 186 232 235 167 211 149 242 39 184 144 45
    73 124 180 195 126 144 67 235 115 172 77 174 29 234 41 149 190 195
    85 103 62 169 115 0 34 66 110 217 235 227 175 88 127 110 176 13 91
    200 224 82 80 83 238 173 153 120 149 70 160 210 202 29 44 97 50 179
    51 172 67 34 218 159 142 248 62 151 67 133 137 152 106 145 15 106 24
    170 216 54 172 68 255 112 9 172 10 221 105 120 188 62 231 96 29 134
    83 59 78 119 59 21 122 109 47 249 48 82 205 72 1 107 65 234 90 127
    199 6 231 39 90 212 29 213 95 201 32 117 55 69 50 166 156 188 216
    176 208 139 245 228 152 166 86 122 99 218 61 103 233 12 222 16 212
    23 31 209 245 51 245 126 53 173 192 180 221 60 170 5 198 64 218 207
    200 107 203 75 175 115 103 176 162 6 88 47 26 206 238 32 108 26 87
    185 99 75 34 45 154 128 149 47 243 249 60 174 70 89 252 123 73 197
    145 223 103 25 47 216 130 101 207 137 234 100 252 82 213 120 27 228
    76 37 177 237 8 241 62 117 255 248 33 227 79 88 17 195 136 38 134
    115 153 51 197 92 3 191 85 61 134 161 234 209 27 98 21 187 123 140
    250 171 124 23 205 11 33 44 97 84 20 23 109 191 22 170 238 9 31 59
    36 148 143 246 137 106 22 182 149 72 226 166 253 65 38 236 114 243
    26 252 39 33 64 131 135 232 100 210 243 233 92 190 251 245 236 36
    245 209 191 125 119 165 201 62 230 113 23 233 49 73 115 64 51 60 230
    118 52 183 82 37 2 191 44 91 90 155 76 243 214 203 161 228 213 44
    190 229 14 121 228 194 169 66 248 48 128 140 14 200 158 157 227 51
    66 227 185 168 92 192 180 137 197 242 180 97 205 221 247 230 133 109
    167 108 107 5 153 169 132 176 196 51 173 44 228 10 49 2 247 114 143
    198 29 16 249 207 159 249 164 64 147 3 200 146 44 208 14 157 48 65
    63 70 243 88 203 87 99 30 67 161 11 52 223 248 197 60 238 28 83 104
    159 0 240 32 13 220 232 173 234 71 85 183 230 241 94 47 145 103 163
    154 178 211 13 94 82 177 42 36 19 82 160 90 5 222 191 71 56 91 119
    211 62 219 75 99 249 134 17 8 52 163 114 231 56 118 54 241 10 163 16
    180 163 184 17 49 18 243 209 203 234 197 54 152 34 20 233 74 109 175
    220 135 26 89 237 178 212 246 223 103 59 220 225 118 185 26 61 188
    38 211 135 58 60 191 217 76 247 190 251 157 57 243 253 23 76 138 52
    209 94 191 128 61 131 134 9 36 252 221 68 85 112 70 127 218 91 228
    117 233 164 130 48 228 245 137 42 149 89 161 149 111 77 221 202 182
    78 1 169 17 19 0 143 159 110 114 106 6 74 12 53 190 108 206 65 174
    195 80 108 102 51 118 110 84 131 161 229 229 120 226 138 193 154 161
    120 31 119 85 201 145 16 3 184 252 93 114 174 214 167 68 254 10 77
    106 194 63 88 249 79 120 237 229 8 123 9 230 65 225 225 140 14 20 0
    33 219 230 209 89 197 244 94 198 189 83 242 227 157 119 185 17 20
    149 46 207 40 158 148 60 153 18 184 75 52 222 199 42 164 219 245 78
    103 55 99 64 218 184 55 153 131 149 191 116 46 107 30 238 243 122 43
    114 238 51 244 214 70 117 231 155 76 114 16 22 219 174 186 144 221
    234 51 30 245 82 150 178 142 194 136 251 254 91 180 212 93 150 11
    182 109 58 192 126 52 188 117 243 249 16 23 54 54 75 212 89 40 107
    26 192 233 224 86 76 173 25 255 95 142 248 126 154 86 133 29 59 42
    185 178 111 242 181 63 245 6 125 184 218 13 166 218 101 165 100 13
    210 133 198 209 97 65 44 99 112 83 78 215 248 255 14 28 23 24 100
    244 106 80 24 146 168 156 31 131 248 208 212 51 245 40 79 127 111 88
    124 52 191 150 211 233 9 53 118 73 235 108 22 61 18 214 16 204 94 44
    28 213 36 236 70 249 196 52 155 245 79 73 110 107 107 149 68 89 231
    167 248 215 47 111 14 9 61 225 142 165 38 157 122 71 229 61 117 82 3
    117 47 232 212 185 205 111 36 181 57 233 79 250 148 77 255 250 56
    168 32 243 70 179 129 185 203 232 98 65 74 45 188 115 12 101 123 95
    109 138 20 97 116 189 191 193 62 50 113 21 25 169 253 197 205 61 63
    190 215 114 208 112 111 0 243 71 136 207 95 217 94 236 60 163 100 57
    182 253 8 90 55 255 232 245 249 61 164 35 113 81 31 79 169 208 22
    217 208 111 230 171 221 168 241 170 42 220 210 110 213 70 123 99 95
    217 23 193 39 73 215 170 172 218 138 113 169 234 251 55 138 38 72
    129 95 199 248 85 209 110 144 38 202 113 76 109 181 7 25 171 102 106
    125 4 206 54 16 82 185 105 224 138 14 179 193 193 235 49 237 160 68
    115 74 176 165 109 69 135 162 221 171 160 247 14 119 187 207 97 7
    240 104 160 215 138 126 17 207 241 24 173 127 106 100 131 81 76 55
    220 224 29 5 188 124 227 108 130 201 89 17 6 124 4 87 65 113 112 136
    116 115 145 251 179 20 47 97 245 57 216 116 207 174 100 40 166 71
    200 129 60 136 141 30 64 174 212 17 33 59 18 241 84 133 253 13 80 11
    232 175 23 113 177 241 3 169 231 214 216 128 133 101 82 50 152 93 39
    37 8 184 239 37 11 158 135 93 97 12 233 202 115 136 117 107 86 207
    108 103 11 211 204 220 19 132 157 209 4 154 4 217 246 14 254 211 231
    232 177 88 14 10 112 42 69 30 184 91 109 233 7 61 96 88 88 212 112
    90 111 112 225 1 205 3 78 204 34 73 202 175 63 43 171 205 25 139 97
    145 144 216 49 161 160 163 28 235 172 119 21 35 61 38 112 163 44 145
    51 100 151 204 120 211 253 38 42 252 158 191 13 164 223 219 12 230
    49 196 126 184 20 8 247 217 106 137 154 27 22 164 160 43 177 117 233
    159 72 120 127 32 37 77 72 133 233 218 70 30 49 179 2 174 34 22 210
    133 231 182 223 131 240 33 22 247 162 131 238 143 62 105 177 32 83
    201 117 100 129 236 149 140 236 26 123 5 158 93 160 154 171 95 170
    45 168 129 173 116 214 99 139 124 205 161 220 23 54 120 105 35 98 57
    9 40 240 20 2 83 185 122 16 218 34 232 31 160 162 44 216 123 2 243
    216 246 109 89 9 192 143 239 36 167 208 67 127 6 244 64 119 74 15
    203 31 105 170 178 171 47 217 140 147 80 65 142 220 68 120 149 194
    67 106 245 181 48 10 220 206 155 194 203 222 26 237 244 84 225 223
    180 106 160 16 102 128 237 42 68 251 39 255 24 210 23 77 231 101 131
    36 62 122 37 100 154 21 103 176 103 128 100 163 144 99 253 75 246
    100 72 148 209 92 25 60 39 76 28 7 239 129 110 248 210 172 70 249 97
    135 46 250 10 253 196 254 199 197 157 9 243 152 172 206 163 43 4 231
    247 29 145 16 83 238 15 76 101 23 71 64 43 61 112 228 180 205 243 71
    73 240 227 244 246 157 144 214 56 193 191 107 208 109 15 250 46 43
    190 170 183 86 239 88 214 168 125 76 172 59 27 200 203 132 164 242
    218 158 200 49 133 247 53 186 183 199 213 22 65 245 48 179 117 120
    229 87 136 191 26 215 123 35 209 246 38 32 192 56 208 170 161 44 130
    72 151 3 155 197 56 152 234 26 67 179 110 59 58 215 60 65 41 203 131
    116 80 226 16 123 114 77 218 248 117 240 222 26 152 188 206 185 36
    198 120 248 221 241 97 192 110 111 177 242 34 105 166 207 213 60 222
    49 117 95 252 253 124 157 236 138 175 122 244 197 96 22 199 134 89
    218 3 131 74 47 48 18 13 163 109 42 55 148 44 216 127 198 188 153 37
    148 4 181 172 9 168 185 100 38 43 237 116 237 44 250 24 169 29 219
    208 90 14 215 1 249 88 161 191 68 143 197 0 177 165 174 73 159 127
    52 170 53 232 251 170 120 145 187 58 200 117 235 134 158 49 235 72
    106 140 23 150 76 96 4 169 112 203 152 100 31 38 46 191 207 103 185
    27 86 38 184 149 71 59 17 234 38 61 65 190 180 187 134 104 238 63
    164 121 187 240 17 246 183 244 197 104 248 162 5 21 2 252 223 192
    121 72 21 48 153 93 171 228 6 89 43 163 139 109 87 185 119 109 54 72
    253 225 120 202 66 70 103 163 149 129 201 80 132 48 27 239 136 39
    166 249 129 174 28 100 207 122 112 220 237 107 232 61 49 106 231 73
    158 149 50 55 150 109 98 225 154 245 169 91 152 78 19 202 39 50 113
    76 151 199 94 166 234 198 44 215 46 70 151 253 194 47 7 14 231 57
    103 250 124 7 224 200 54 63 251 101 53 30 87 198 151 82 5 154 85 32
    164 110 58 109 48 173 200 22 178 250 139 7 238 172 80 165 134 68 234
    205 145 149 239 240 92 217 143 30 169 210 244 89 101 129 65 222 18
    143 175 10 41 10 36 204 138 248 201 43 20 137 236 112 51 151 162 40
    175 187 224 129 11 148 212 218 204 231 52 86 92 16 29 83 133 208 178
    246 89 80 243 66 237 221 180 162 224 155 34 195 50 55 137 251 247 85
    60 166 51 22 78 55 111 51 99 219 116 70 182 84 165 8 168 87 84 179
    168 178 235 249 156 14 138 78 220 28 201 31 28 101 81 138 215 121
    254 1 228 0 25 71 86 57 93 140 225 82 236 57 148 80 196 140 163 169
    107 215 50 178 108 60 32 239 91 128 1 250 136 164 249 254 191 96 72
    176 238 157 127 174 8 249 146 67 57 168 58 44 202 185 230 72 103 38
    118 166 253 229 129 179 143 127 178 145 205 145 144 82 224 247 195
    40 132 205 179 176 72 3 132 10 132 232 126 176 228 158 142 27 171 5
    71 224 93 86 197 97 94 172 122 84 186 118 100 151 30 83 136 125 123
    168 168 182 112 75 190 115 195 223 75 222 78 40 185 111 125 72 148
    74 184 52 237 156 193 84 65 94 178 152 255 93 154 109 61 227 52 184
    213 37 61 20 189 177 16 202 233 71 134 66 145 30 87 181 28 211 106 4
    77 95 141 63 133 20 156 55 229 236 99 170 191 200 203 166 118 178
    211 102 195 81 17 191 97 37 255 147 45 15 147 87 4 208 51 46 238 209
    95 61 112 223 76 218 17 16 125 249 125 185 248 91 191 131 36 119 242
    187 144 147 41 205 108 224 97 158 198 155 35 171 129 176 241 51 235
    166 102 140 190 101 195 28 180 168 226 81 207 156 72 218 249 6 211 9
    244 244 227 192 5 203 52 98 55 117 218 201 207 78 161 221 125 189
    117 186 171 226 142 97 92 54 34 54 22 71 154 55 226 212 108 216 43
    240 28 20 108 7 118 142 201 17 144 188 51 10 30 183 160 96 133 102
    94 23 134 14 196 219 210 159 233 224 138 204 184 187 185 94 97 172
    122 191 255 160 46 171 56 39 132 24 219 190 27 157 142 61 143 21 12
    25 178 138 177 184 128 41 170 137 129 216 75 24 97 70 238 12 152 192
    244 7 194 85 252 167 118 114 122 55 198 37 252 162 55 103 251 49 217
    236 81 121 172 23 170 29 67 216 197 216 226 122 157 55 226 136 127
    18 37 19 119 224 151 47 25 113 150 47 55 0 235 68 37 205 241 21 38
    11 183 244 54 207 23 252 160 228 167 73 96 74 206 5 12 234 222 149
    136 16 205 77 226 75 52 186 104 72 115 103 123 208 169 229 87 1 216
    126 1 18 19 248 145 192 244 241 197 126 70 230 21 38 227 54 17 235
    17 147 177 101 3 51 241 49 162 91 128 18 109 65 191 9 198 162 137 27
    244 158 128 53 190 184 62 109 194 138 136 64 63 65 172 210 115 42 11
    45 152 42 114 186 60 106 4 86 213 29 210 10 154 28 147 176 207 230
    50 14 79 77 106 61 180 101 66 30 216 196 198 126 2 9 99 160 187 18
    200 50 116 179 155 186 143 67 69 59 241 250 250 246 214 198 161 39
    198 208 96 74 129 66 173 175 227 176 91 123 229 9 53 97 152 80 224
    13 47 97 153 189 123 182 152 56 12 58 169 12 186 220 228 15 11 160
    89 174 186 38 131 146 208 111 241 209 153 34 239 35 239 100 245 104
    155 237 71 129 212 239 158 228 45 11 126 71 167 106 4 191 7 142 215
    119 148 212 76 127 200 7 216 211 231 152 28 247 174 9 134 236 143
    142 109 244 116 72 246 108 41 88 54 161 142 221 247 35 178 33 163
    244 127 45 22 130 100 127 241 207 196 87 116 59 242 169 93 147 28
    167 150 118 202 148 77 179 187 60 71 194 231 61 41 235 140 144 234
    29 207 134 70 242 163 191 214 142 12 213 140 156 58 94 91 44 225 77
    23 9 184 140 105 171 226 122 163 109 112 228 190 84 17 193 173 67
    186 6 208 35 62 70 33 242 252 28 115 207 192 197 132 203 42 219 19
    191 159 209 56 137 86 57 180 172 128 132 113 98 182 7 166 1 126 7
    184 218 227 68 177 159 7 233 133 122 106 20 237 77 62 218 13 231 176
    119 195 114 24 94 74 231 99 187 124 162 205 234 252 122 25 132 178
    154 67 75 121 69 94 23 88 162 79 248 250 123 53 201 178 38 89 46 16
    251 93 2 252 213 164 229 26 113 128 130 184 4 216 168 218 20 24 10
    146 49 98 170 188 57 185 77 114 69 13 165 9 123 204 102 191 2 214
    182 190 131 28 0 124 55 30 53 136 197 66 138 12 188 249 200 191 231
    128 218 215 155 140 53 41 54 142 237 228 113 132 134 70 53 176 70
    180 195 39 86 90 117 20 140 56 62 224 198 25 151 112 148 96 12 214
    126 67 111 183 86 90 5 173 23 254 47 17 171 216 147 178 74 87 80 49
    66 120 70 215 253 66 82 97 2 7 35 2 223 213 241 168 242 13 27 203
    131 61 213 231 220 143 79 85 90 173 177 129 119 198 218 242 123 2 89
    180 220 187 52 39 173 76 188 246 228 176 153 17 251 150 200 118 205
    53 15 151 150 28 9 17 42 67 207 27 43 233 236 132 130 104 249 243
    175 198 12 36 216 117 252 178 1 112 140 2 147 166 156 158 203 8 47
    47 54 224 0 116 117 227 200 137 222 179 23 212 195 154 186 76 192
    238 203 244 8 89 243 120 126 190 73 107 218 219 215 27 182 229 35 67
    252 92 6 116 47 124 84 65 94 235 102 193 10 145 134 150 141 31 90 8
    94 100 99 27 166 165 237 76 197 187 192 150 105 201 56 196 193 130
    34 123 139 87 176 11 59 24 91 81 8 125 200 145 173 94 11 14 159 235
    255 99 41 47 221 241 134 97 240 175 236 201 158 143 235 149 250 255
    110 31 222 255 58 231 32 41 94 255 24 100 175 98 191 163 25 136 197
    154 6 239 73 196 145 86 226 122 90 174 88 216 158 78 51 78 153 166
    21 32 5 190 193 35 84 70 101 12 224 197 127 119 153 136 168 210 87
    223 240 176 179 203 119 26 22 86 22 145 234 121 62 231 41 209 221
    110 139 206 225 45 137 40 105 5 195 172 253 190 219 94 244 0 60 111
    84 195 190 132 1 201 134 210 144 232 247 72 247 120 53 64 47 121 105
    131 5 156 208 132 99 190 37 153 187 178 65 215 71 200 54 137 93 57
    205 109 56 64 37 98 190 41 140 181 197 126 140 0 221 222 10 21 59
    105 135 247 4 171 232 42 47 178 61 141 94 40 126 235 28 171 162 132
    90 9 199 54 160 152 40 26 124 55 26 125 207 236 92 231 175 172 118
    65 159 186 214 90 8 244 42 203 22 35 27 178 111 203 14 43 233 66 71
    172 122 182 192 162 197 255 45 161 220 41 3 125 12 47 192 36 42 127
    225 110 187 124 245 167 226 23 94 196 13 188 102 130 197 37 91 112
    154 120 25 69 129 98 124 215 223 132 180 253 28 72 70 68 100 87 139
    173 121 19 14 78 209 130 37 41 177 229 45 18 203 242 19 156 197 243
    65 73 49 173 173 202 163 190 219 114 76 234 245 13 42 220 75 93 137
    135 250 230 101 221 98 85 66 153 81 197 107 109 127 61 17 143 247 2
    209 213 208 194 212 187 39 120 45 222 70 101 251 82 71 22 169 9 219
    105 41 88 124 5 209 179 176 29 75 170 49 60 25 48 11 60 117 144 143
    244 37 152 125 49 85 226 0 183 196 162 120 184 238 82 90 123 8 210
    13 107 154 87 89 110 77 223 19 3 141 95 22 197 233 69 130 120 107 79
    149 193 150 133 188 245 110 205 168 108 44 10 103 146 79 216 39 27
    240 17 158 201 60 214 129 5 159 159 50 9 214 221 44 69 2 190 31 254
    200 201 74 41 2 230 153 231 239 110 126 66 161 49 62 51 153 37 185
    124 47 147 29 35 19 43 150 8 49 96 64 140 235 78 25 140 119 13 88
    222 135 192 201 220 1 21 43 166 158 82 39 32 105 53 129 124 65 191
    184 208 62 155 232 26 234 177 199 15 48 113 72 106 122 88 183 148 92
    33 119 19 246 81 104 186 198 143 47 46 236 102 242 24 19 204 34 216
    192 82 37 159 96 181 76 213 171 197 22 60 201 249 64 67 50 109 222
    43 241 50 112 75 232 134 238 129 53 92 188 141 186 87 14 232 236 193
    219 175 193 41 151 73 51 179 20 62 29 98 5 55 216 120 125 180 24 23
    37 197 181 108 79 169 215 252 219 43 194 226 118 238 159 218 155 50
    101 62 1 252 171 2 28 183 236 213 148 64 138 24 47 11 62 128 234 158
    28 97 219 142 132 36 30 11 125 94 80 126 250 251 56 103 242 167 174
    190 131 232 107 38 145 39 71 20 85 171 5 169 1 132 15 97 205 226 205
    226 65 51 82 65 170 191 246 199 203 8 240 85 176 101 164 194 182 216
    100 7 97 77 72 171 104 15 202 176 20 70 138 60 212 253 219 32 159
    215 161 109 245 41 179 22 178 80 212 65 121 44 81 15 158 130 251 102
    40 162 18 141 213 243 36 195 146 224 244 203 129 89 147 27 195 27
    229 211 65 17 106 184 202 57 74 61 14 202 201 180 130 99 230 157 107
    104 201 95 93 190 178 148 105 59 95 60 8 231 186 22 169 82 40 0 52
    70 44 191 23 244 211 61 195 167 183 116 41 154 254 1 121 177 213 162
    127 221 176 230 120 25 185 144 9 220 80 160 145 57 206 242 190 89
    118 122 224 225 137 158 49 108 157 144 255 0 201 56 118 246 57 198 2
    11 174 86 202 111 197 22 236 140 181 196 233 172 191 72 102 113 114
    251 206 146 248 18 88 134 2 131 43 200 26 122 33 85 20 138 8 68 62
    163 52 163 155 120 106 57 74 14 53 223 36 137 124 168 168 241 52 54
    64 197 63 115 155 42 22 233 107 235 62 193 21 195 219 90 33 139 150
    158 130 150 233 246 66 66 27 142 100 137 93 69 200 161 50 27 196 115
    6 120 93 26 161 166 205 246 195 216 168 62 33 54 189 237 18 246 52
    252 173 188 50 58 191 6 23 224 62 176 242 145 81 167 50 214 22 26 37
    39 72 162 169 107 92 209 15 164 51 191 159 148 44 35 211 169 193 241
    204 32 70 171 172 164 15 108 3 75 181 17 77 0 158 147 36 205 104 154
    176 140 110 122 34 81 197 61 49 186 44 22 248 170 181 175 165 103
    191 134 193 90 141 76 46 248 199 119 30 96 87 240 37 188 30 89 11
    208 32 108 189 56 221 26 213 221 242 16 31 255 189 158 111 109 37
    142 167 144 8 23 190 175 54 33 147 87 49 216 76 120 45 156 150 107
    165 187 2 238 109 174 155 200 202 139 41 118 202 16 237 135 64 71 12
    65 177 216 151 86 32 234 93 37 10 16 14 185 196 185 114 113 63 127 1
    23 140 144 200 64 2 239 126 96 135 114 179 219 97 138 24 79 229 39
    100 111 164 121 101 11 204 199 97 235 48 210 86 216 141 199 189 36
    49 255 17 89 38 221 19 217 150 210 5 188 247 57 21 142 212 250 91 4
    161 134 139 97 154 180 92 226 130 237 243 177 108 104 224 134 46 54
    74 12 93 178 246 149 35 222 106 75 226 84 29 106 128 234 184 153 128
    89 79 160 38 50 71 142 188 55 251 217 125 20 154 11 8 123 21 0 146 9
    163 97 53 170 20 168 60 67 90 40 88 119 72 202 101 32 197 178 166
    156 61 204 138 139 49 216 82 19 234 103 55 254 112 151 172 176 6 217
    98 96 196 189 150 225 131 213 249 11 83 227 82 99 51 248 47 84 9 79
    185 179 43 226 167 43 97 123 226 159 24 199 195 83 13 13 151 213 247
    239 95 225 24 28 116 12 53 31 219 103 174 71 191 221 33 20 185 58
    151 193 42 161 170 202 163 249 13 252 228 67 186 91 178 197 15 39 13
    183 210 15 5 33 25 229 128 69 83 178 205 72 202 35 210 241 109 207
    91 123 50 180 31 225 55 220 217 77 156 83 131 158 41 236 88 249 61
    141 154 144 131 253 118 54 236 22 38 252 41 235 62 13 187 95 0 101
    186 73 230 218 43 46 57 82 118 185 240 43 56 161 229 18 24 9 181 161
    240 196 209 226 75 236 57 143 22 156 12 169 111 46 40 191 12 208 197
    154 75 6 129 23 9 52 4 155 75 83 75 75 88 182 238 207 203 196 130
    216 195 237 205 230 52 253 238 227 85 164 221 226 155 63 40 57 145
    80 79 119 77 93 93 216 187 204 95 144 95 85 191 11 122 160 222 9 26
    182 43 52 21 72 25 251 43 51 159 221 223 74 21 108 51 67 147 192 148
    188 25 211 159 241 24 182 230 32 64 13 165 123 105 234 57 11 100 69
    167 181 150 68 221 198 133 181 59 55 7 30 26 132 47 102 234 163 117
    45 87 58 169 174 186 36 170 19 0 141 254 115 15 52 138 190 178 38
    180 171 28 105 147 14 88 248 204 55 221 103 154 211 25 27 87 152 201
    178 58 83 122 209 159 62 156 213 251 77 149 0 144 93 230 234 35 32
    47 202 146 30 171 211 167 94 127 43 36 118 239 212 70 178 20 9 126
    188 118 217 59 99 88 229 65 144 57 138 38 47 110 255 223 134 237 134
    82 126 2 81 132 40 248 41 124 26 103 194 102 200 123 68 57 74 243
    104 82 208 164 237 148 133 243 30 23 245 9 136 53 11 216 224 148 67
    188 242 202 214 241 36 153 253 154 110 221 128 154 6 61 8 131 59 204
    56 184 36 56 200 18 129 192 8 141 247 4 191 78 218 28 238 251 204
    250 119 130 251 188 45 203 196 251 39 200 151 63 47 226 18 44 177
    203 112 117 186 156 121 248 200 102 4 240 178 177 22 16 119 120 40
    123 154 177 13 115 82 49 139 38 35 100 66 88 80 213 78 209 157 112
    216 253 39 79 156 55 23 180 120 215 143 31 242 231 28 209 204 206
    252 251 173 191 212 234 203 176 93 42 211 167 180 240 245 103 247 33
    187 106 147 215 10 146 253 250 118 194 227 78 151 5 135 71 219 201
    24 247 222 22 73 87 234 240 241 76 13 82 216 223 51 170 254 121 80
    91 98 99 224 106 36 90 221 176 64 72 1 249 184 204 63 172 212 12 104
    249 241 240 58 42 240 41 164 38 162 1 165 249 77 80 106 12 199 147
    61 230 136 203 144 0 179 52 26 186 4 177 0 200 167 237 238 56 142 14
    72 165 153 10 153 174 192 79 1 117 250 218 115 93 157 121 49 249 238
    214 56 62 177 16 142 207 48 146 230 219 77 74 159 4 114 126 37 126
    108 123 230 255 189 36 163 154 171 42 62 60 63 33 247 34 103 205 110
    96 147 235 3 20 77 68 241 10 238 50 50 53 18 119 214 160 249 105 112
    41 20 5 158 255 35 24 62 224 16 218 63 150 11 98 54 147 133 36 114
    34 131 254 16 224 233 180 186 254 134 29 224 61 253 234 41 33 148
    115 198 169 146 145 7 82 48 111 39 9 127 140 229 199 235 17 110 56
    28 115 231 151 95 237 42 27 243 214 39 175 133 174 211 167 254 54 87
    223 2 255 236 174 56 134 241 5 58 205 191 147 7 229 228 168 114 11
    130 209 254 23 87 94 17 5 90 32 215 128 36 38 250 100 136 183 81 110
    227 24 142 53 116 60 4 126 84 35 6 4 164 43 198 19 179 17 225 9 176
    201 220 66 59 108 131 42 228 124 88 135 139 228 22 71 142 234 186 10
    22 219 227 65 60 204 113 245 37 59 22 59 66 162 219 59 53 7 222 93
    119 94 140 223 149 10 83 230 92 94 200 231 99 189 78 194 66 46 113
    110 153 184 249 35 95 94 228 10 234 63 174 33 250 234 171 40 152 0
    197 54 157 107 197 223 96 83 19 223 39 10 158 141 90 111 4 198 8 82
    182 147 226 159 213 246 79 215 7 25 10 7 95 118 150 239 42 227 219
    187 7 51 27 223 33 59 176 72 187 169 56 91 20 171 91 173 113 229 30
    11 198 99 218 248 233 38 160 149 198 206 245 3 187 215 98 122 164
    217 37 68 17 251 174 50 47 236 49 41 186 118 0 195 74 33 167 91 118
    166 181 212 114 188 98 46 181 22 14 157 223 4 219 176 239 246 157
    110 96 9 251 96 163 232 82 152 191 83 92 137 41 43 181 73 152 254 14
    205 217 123 236 253 34 14 98 216 189 170 229 191 235 83 87 62 88 41
    200 61 88 174 234 122 166 11 40 242 175 110 29 23 169 192 215 248 3
    30 240 95 31 245 7 215 126 238 195 49 136 254 104 72 211 170 66 2
    172 233 206 150 124 201 247 11 122 156 90 146 144 76 174 127 33 178
    198 73 192 47 149 2 129 222 21 211 2 190 38 112 172 165 45 220 182
    73 239 18 5 0 39 144 209 110 31 162 140 160 77 198 71 1 201 131 32
    207 29 186 240 209 238 68 94 249 14 235 125 132 255 169 20 57 235 10
    200 150 8 117 56 207 115 202 165 12 238 97 3 159 29 155 214 58 90
    236 179 40 92 129 162 190 149 2 124 103 225 89 95 179 216 71 52 92
    94 31 236 109 207 13 230 188 27 141 220 176 32 151 1 204 165 186 226
    113 42 39 120 173 79 157 156 255 180 11 156 115 219 19 202 21 6 67
    147 122 161 24 71 32 225 59 201 63 162 55 176 35 137 143 30 105 107
    34 6 26 107 91 209 233 25 86 25 89 132 189 44 146 69 14 236 220 217
    198 119 211 220 16 54 146 132 33 214 177 92 239 151 110 143 102 151
    199 164 224 2 137 60 174 104 49 70 237 202 130 158 8 211 249 145 104
    74 12 153 116 73 103 88 217 135 102 109 65 44 171 232 178 71 226 142
    246 17 254 12 8 108 247 8 68 169 2 107 171 209 253 197 181 100 217
    140 63 215 249 114 3 63 22 165 154 31 120 230 102 55 230 11 83 11 2
    208 43 130 108 39 160 50 222 250 78 187 220 85 211 217 133 82 60 51
    167 82 58 78 34 239 5 237 3 92 239 162 239 48 132 96 106 143 231 20
    107 141 47 182 47 103 38 11 5 98 163 230 235 185 84 51 146 134 177
    13 134 129 174 239 149 63 41 150 247 128 74 183 125 178 46 143 16
    223 89 93 108 151 142 86 139 219 58 196 178 229 87 112 9 106 90 22
    247 150 177 19 69 138 199 246 67 0 88 192 36 84 85 115 187 21 64 208
    111 98 196 219 185 106 255 18 240 95 227 212 248 178 119 109 241 224
    91 170 153 12 10 109 104 217 29 28 237 113 146 78 24 251 93 112 189
    105 223 18 59 22 24 173 5 202 91 198 159 4 203 117 63 180 50 8 121
    62 106 195 253 97 9 88 38 250 4 4 200 90 167 201 236 180 194 179 92
    99 50 59 83 151 89 14 205 122 217 19 52 107 89 191 49 229 254 226
    204 231 51 9 140 20 254 245 91 129 63 149 39 75 113 79 53 126 208
    193 125 217 7 231 111 205 30 105 87 194 255 250 169 26 126 55 234 79
    57 42 121 132 138 96 149 241 92 81 151 38 87 72 72 22 99 157 161 13
    91 249 37 193 17 223 134 205 75 230 3 72 187 139 248 109 57 98 153
    58 77 227 164 105 148 193 29 165 109 176 227 94 253 192 15 101 138
    114 134 252 82 32 130 29 242 190 163 210 52 105 104 23 204 0 210 90
    163 221 105 171 244 158 7 110 156 145 9 99 134 164 197 241 246 9 92
    141 42 218 111 203 161 237 38 29 222 69 80 105 188 130 14 134 134
    166 131 139 81 147 131 169 219 40 85 193 58 185 102 86 153 8 101 154
    31 105 181 195 34 51 22 73 134 88 202 179 130 225 252 37 48 159 108
    100 68 42 116 191 115 10 0 15 24 210 255 77 224 61 177 252 104 46
    157 239 97 77 184 69 33 34 90 234 148 230 114 164 176 149 85 221 37
    240 2 180 37 103 184 242 115 193 193 179 178 196 12 226 149 186 174
    74 247 63 218 154 75 199 119 193 131 143 94 42 130 52 10 46 197 107
    200 195 226 173 161 177 75 211 7 239 227 221 185 176 245 55 185 50
    163 191 138 100 200 130 212 215 128 194 151 237 125 104 240 166 146
    68 245 50 173 94 233 200 66 210 183 46 116 143 143 90 136 27 239 232
    165 42 70 111 19 201 183 179 95 186 132 103 66 143 233 242 214 84 38
    101 152 122 134 226 176 191 39 168 94 234 168 120 53 166 109 105 93
    128 155 57 107 78 214 119 22 89 228 186 237 68 254 75 15 213 36 144
    85 67 55 32 141 223 228 22 205 197 84 34 193 100 116 123 77 50 76
    186 4 17 24 47 182 39 41 234 188 232 107 83 136 164 141 70 155 54
    134 22 153 194 235 164 158 93 245 206 130 252 152 178 56 20 79 0 141
    223 224 126 173 241 59 135 191 154 105 3 168 118 28 153 200 192 166
    243 255 91 194 198 4 20 50 133 1 212 107 31 73 41 155 146 236 20 118
    186 29 178 242 70 153 187 79 66 179 44 29 20 1 161 199 185 77 235
    207 31 251 91 56 218 58 245 99 59 170 163 159 86 200 172 244 78 41
    49 152 77 190 90 156 0 133 171 51 45 209 192 171 205 134 154 138 139
    220 42 151 171 98 147 239 92 239 149 221 34 7 98 147 213 138 212 50
    96 64 84 63 55 32 26 23 191 211 108 116 9 42 139 220 77 96 206 239
    76 246 29 78 211 80 170 200 112 31 150 75 56 56 44 1 213 255 139 132
    30 126 245 159 189 248 70 201 219 59 151 56 219 158 33 88 167 106
    132 232 200 35 250 166 172 151 77 177 138 27 239 131 3 131 226 193
    174 148 48 209 119 137 58 216 145 63 150 252 228 205 208 230 46 79
    211 67 240 79 5 74 83 111 244 95 160 235 205 91 95 162 150 145 42 76
    20 71 85 49 195 155 153 15 140 82 16 112 51 9 36 176 84 164 47 233
    52 109 227 3 42 68 9 60 232 47 212 103 154 110 32 225 207 35 159 34
    79 156 80 23 86 101 156 54 164 20 18 244 48 66 1 176 190 24 35 19
    242 61 95 35 119 190 201 247 199 123 31 252 203 149 90 52 33 72 233
    140 243 75 229 162 74 234 156 97 200 114 67 16 109 87 229 21 88 239
    92 183 10 250 19 86 16 17 191 0 18 133 120 241 138 112 82 58 97 78
    220 116 170 224 87 61 255 223 120 204 246 174 149 30 117 177 83 57
    188 193 88 188 7 139 62 179 169 193 146 229 5 228 7 199 188 218 86
    167 46 44 64 213 207 22 47 55 46 233 100 81 213 45 243 91 137 18 146
    144 43 13 193 195 131 114 104 191 29 159 109 178 210 1 144 86 90 168
    8 162 53 82 136 159 250 54 73 35 172 99 88 3 166 18 139 153 22 97
    189 49 141 11 64 247 104 193 230 12 171 9 42 6 211 62 249 148 86 77
    239 24 49 159 225 108 95 42 157 62 147 236 124 24 177 216 66 33 80
    255 182 9 93 231 210 154 194 175 4 173 130 137 7 89 111 6 62 211 216
    133 143 176 168 38 94 99 218 59 47 57 148 116 255 202 130 180 239
    255 105 15 3 211 249 202 26 232 11 111 112 101 115 4 30 78 251 174
    143 139 185 82 205 135 23 134 223 207 26 170 239 90 88 181 30 18 99
    206 42 206 28 149 107 95 83 43 174 238 21 163 131 27 254 80 212 92
    243 185 205 212 29 231 195 99 58 59 134 110 247 57 42 94 209 47 7
    249 35 234 132 25 205 77 214 221 105 101 167 96 8 26 183 6 37 53 234
    151 82 109 81 116 24 124 243 242 225 207 51 225 234 41 97 225 102 21
    249 59 178 54 169 153 47 31 185 144 233 93 221 7 220 241 164 74 23
    236 189 96 171 99 195 227 142 246 17 2 77 57 220 32 21 238 183 38 61
    230 73 179 68 90 123 123 63 206 81 75 9 126 51 213 108 77 1 67 120
    118 80 155 239 226 118 215 253 177 212 91 87 80 87 141 178 145 240
    175 243 27 155 187 231 173 71 67 218 214 210 162 167 203 54 54 138
    26 227 210 35 233 170 124 141 221 242 10 167 158 193 239 39 196 161
    27 159 173 68 153 188 210 191 104 188 106 225 214 57 163 236 90 59
    255 195 67 215 138 12 193 26 56 206 24 74 50 90 113 150 127 60 119
    160 111 137 49 222 93 137 1 204 236 85 136 77 152 159 117 75 185 73
    231 64 249 13 63 160 44 248 20 140 196 120 3 227 109 131 233 85 238
    219 232 116 82 30 7 161 203 108 141 98 90 133 180 148 215 107 86 255
    137 14 49 199 223 125 219 3 238 255 73 203 190 159 44 30 54 189 104
    148 132 249 207 74 165 1 4 49 74 223 241 254 110 91 138 81 195 140
    14 184 201 33 16 172 0 184 164 176 68 107 113 136 200 203 240 33 109
    246 189 220 15 116 116 115 117 4 46 121 84 210 69 104 206 72 63 171
    83 247 111 9 153 119 129 150 199 164 28 162 184 20 195 79 149 218 29
    133 194 228 181 46 45 215 101 231 51 149 143 37 7 129 63 254 173 36
    134 42 190 206 139 30 107 8 104 92 175 181 69 175 87 111 168 101 94
    236 2 116 80 237 59 71 181 195 76 76 70 85 77 113 188 168 54 107 209
    67 134 103 142 248 222 135 86 83 42 168 149 40 205 69 7 217 114 8 21
    55 211 50 153 159 233 152 250 153 200 1 7 225 47 78 127 69 88 188
    252 145 101 236 193 77 20 71 106 154 152 160 246 74 176 62 226 168
    37 254 21 77 48 58 4 139 80 58 59 45 81 187 91 12 187 55 209 177 31
    107 186 197 122 225 196 225 233 137 166 97 84 31 28 187 165 56 148
    163 26 152 190 51 167 22 74 247 203 234 237 220 198 173 217 2 55 139
    171 180 42 74 214 242 157 14 150 250 169 1 162 109 162 213 142 2 57
    21 96 67 83 224 119 61 131 159 49 160 182 61 120 215 210 135 177 5
    240 89 21 142 216 183 50 118 201 147 3 67 41 231 95 137 147 241 54
    80 109 52 245 193 214 73 118 51 135 53 236 248 210 161 13 56 125 254
    44 170 176 93 74 251 81 114 120 198 113 13 135 226 149 12 190 154
    183 8 160 214 249 136 182 72 150 209 128 43 155 7 130 174 159 205 89
    75 23 178 96 247 88 129 96 115 118 2 85 216 76 201 49 174 247 43 70
    10 77 153 114 76 216 73 172 169 185 92 147 247 205 20 173 86 225 37
    85 248 17 160 101 63 99 205 221 147 120 116 238 61 114 112 70 27 237
    208 88 166 19 206 9 245 89 160 15 29 83 218 35 201 171 245 111 247
    209 66 130 214 111 41 78 154 28 217 103 203 42 60 138 62 55 143 63
    42 166 67 12 254 53 223 117 73 232 255 81 176 185 23 127 154 135 144
    165 232 12 215 33 201 87 89 139 52 232 183 113 248 59 232 155 227
    144 145 86 110 6 196 211 248 61 41 141 21 169 245 195 157 161 9 37
    51 136 137 199 65 139 130 11 134 55 113 237 183 77 8 148 168 70 170
    76 42 109 222 138 167 113 149 72 189 225 140 231 87 167 178 114 85
    254 163 232 197 70 231 223 112 107 122 83 121 255 3 100 59 9 174 219
    120 208 223 176 114 138 235 216 234 27 80 189 37 121 220 192 113 133
    37 43 165 63 230 59 165 83 13 13 240 245 142 81 188 143 105 139 84 1
    16 19 112 81 0 42 250 183 141 96 252 146 239 50 77 100 216 76 16 101
    149 39 198 202 95 251 183 4 69 186 104 254 80 92 174 35 197 253 230
    0 215 215 61 203 110 146 171 65 61 126 124 72 222 253 95 98 165 81
    217 198 15 89 16 30 23 11 153 178 212 155 20 73 200 141 109 57 30
    241 49 135 179 94 68 54 43 199 113 200 61 20 172 180 223 59 239 111
    144 3 148 86 206 76 36 108 107 125 197 13 91 56 106 215 251 30 177
    145 224 131 143 200 183 111 2 87 208 210 209 223 156 147 72 152 139
    199 89 80 52 144 141 50 133 156 2 227 73 52 98 110 242 2 40 188 250
    42 76 103 66 181 147 247 235 247 70 186 231 244 142 83 186 197 198
    77 6 213 7 18 202 117 149 67 41 197 149 46 163 20 185 59 63 119 127
    17 27 27 131 148 182 80 55 101 22 81 45 21 210 82 177 0 26 151 43
    128 39 233 52 61 55 39 30 127 183 54 59 202 188 151 198 6 41 17 207
    75 23 151 98 1 207 41 116 238 64 137 253 15 215 175 246 89 241 149
    13 135 69 79 16 61 139 97 60 142 220 123 128 204 249 160 252 209 115
    175 180 129 216 13 214 81 13 58 166 31 66 236 127 181 247 158 75 194
    56 152 55 236 246 247 58 44 36 42 204 194 62 165 5 250 217 114 71
    106 172 199 14 54 174 216 46 254 199 116 221 34 140 214 68 124 150
    176 235 7 184 92 234 177 82 16 249 173 135 112 191 61 175 245 235
    147 217 4 44 65 199 81 112 138 132 238 46 255 147 115 205 54 20 3 90
    104 130 116 197 57 149 220 243 158 161 211 132 92 124 32 202 161 87
    206 176 244 51 147 0 155 15 87 199 213 75 35 116 251 7 109 242 226
    83 188 49 46 83 127 69 166 203 176 44 73 180 231 78 239 155 18 241
    136 132 92 209 55 125 27 60 78 160 13 222 94 240 1 47 58 236 125 164
    201 44 33 159 82 50 151 104 81 55 219 250 149 218 79 13 104 163 147
    124 158 65 118 249 255 136 174 40 36 75 117 198 208 2 243 161 143 80
    55 63 197 246 140 212 206 15 184 160 6 120 28 183 5 29 219 30 81 252
    147 158 35 22 54 26 145 6 16 229 143 55 68 84 130 182 119 190 74 90
    246 231 215 70 115 245 59 0 191 194 66 70 22 157 38 133 33 183 205
    94 123 74 24 204 131 60 244 53 53 23 24 33 172 93 71 222 238 180 110
    21 153 71 105 148 202 132 60 110 147 10 88 163 236 46 154 218 82 213
    164 244 44 137 24 16 150 161 17 109 3 19 179 55 48 253 217 108 233
    184 64 146 34 117 238 96 248 162 205 81 88 71 21 113 145 72 103 195
    195 133 112 84 238 18 153 96 61 177 192 130 195 184 192 179 82 172
    194 107 41 166 187 4 35 158 44 197 88 171 25 204 228 196 31 16 45 68
    105 4 142 213 47 80 52 83 173 195 180 141 128 211 253 128 222 246
    158 200 238 83 101 157 47 253 135 79 249 50 107 33 60 183 76 211 8
    124 7 68 114 147 32 160 197 240 80 213 127 203 7 86 167 74 89</data></test_img>
<my_img type_id="opencv-matrix">
  <rows>128</rows>
  <cols>256</cols>
  <dt>"3u"</dt>
  <data>
    166 88 255 92 0 0 255 0 187 219 85 34 255 80 255 255 133 177 32 255
    188 22 192 164 255 19 184 0 192 201 255 0 255 100 255 0 2 137 224 63
    147 238 0 255 255 37 255 78 228 255 0 200 0 255 2 0 7 58 0 255 120
    255 178 255 225 0 255 7 28 41 64 0 154 149 255 7 0 255 241 20 255
    255 213 198 57 108 255 0 0 147 246 138 241 49 62 255 184 255 172 191
    158 0 0 0 0 255 117 113 255 255 2 116 255 255 135 255 166 49 226 140
    55 169 37 0 85 188 221 34 208 255 25 137 0 255 0 0 0 135 51 161 119
    152 255 57 255 149 10 21 255 121 143 102 87 229 255 55 0 255 0 0 29
    157 0 255 232 188 143 255 59 137 117 255 255 164 85 142 255 255 245
    164 0 186 146 47 0 245 0 141 255 0 255 230 212 181 247 255 255 0 141
    255 180 255 163 0 42 74 225 195 0 119 0 255 255 168 229 254 255 255
    96 89 11 16 255 123 198 248 154 255 112 255 58 2 170 229 156 193 88
    101 31 58 255 255 209 36 0 0 255 47 7 255 219 0 49 0 169 253 53 17 0
    246 255 109 66 194 228 0 255 154 0 0 255 105 50 95 205 255 248 255
    230 255 53 125 255 255 214 112 121 175 173 255 255 63 176 1 255 206
    135 0 230 255 49 195 227 158 0 255 70 255 219 230 109 0 255 255 0 3
    255 119 166 98 107 47 121 147 69 9 240 0 255 222 68 184 197 0 48 255
    43 124 140 77 107 255 255 255 239 255 223 48 255 22 0 255 255 6 255
    0 125 255 0 167 202 255 255 0 95 0 0 176 0 199 255 187 74 224 94 21
    239 255 89 148 255 0 255 255 255 27 99 255 228 242 255 117 255 107 0
    72 110 42 111 46 116 255 158 0 132 33 74 0 0 255 122 199 249 186 0 8
    197 65 31 239 255 125 159 182 82 55 229 190 238 112 0 190 166 37 15
    105 53 0 0 91 51 159 0 255 255 0 237 0 224 0 255 115 124 157 255 209
    139 255 129 79 255 0 51 233 255 85 109 47 0 171 114 22 1 128 255 0
    40 61 0 230 0 226 191 0 255 0 80 255 149 207 0 131 255 25 72 0 222 0
    255 88 0 247 0 255 25 0 255 241 197 238 238 201 20 163 12 102 255
    236 129 255 64 206 56 255 0 76 0 153 109 0 157 162 118 0 173 30 0
    129 0 86 0 0 142 42 166 248 235 12 255 0 112 39 0 169 140 64 0 0 255
    255 255 235 205 255 155 142 0 126 0 255 103 214 159 184 0 242 0 255
    242 0 62 255 164 255 123 255 78 10 8 234 255 0 140 42 0 119 0 0 0 0
    255 203 255 137 0 255 145 39 187 73 66 250 169 112 224 236 4 207 255
    247 0 148 42 153 0 0 52 46 54 1 203 228 33 0 255 105 230 102 10 255
    252 0 247 0 8 0 0 9 0 87 176 255 54 53 95 237 196 246 165 97 255 150
    173 255 45 0 220 255 0 248 158 0 17 0 41 254 185 190 0 174 227 158
    255 0 45 226 250 204 107 33 116 94 0 255 0 54 255 255 119 145 66 143
    196 128 0 162 235 97 255 0 246 79 15 0 181 64 69 255 17 164 0 201
    255 219 255 22 56 255 220 97 255 130 38 255 252 0 28 0 0 72 177 255
    255 45 237 0 0 122 194 255 181 0 255 197 65 236 61 147 0 255 0 255 0
    71 255 141 128 167 90 153 0 154 152 159 0 62 58 245 140 255 0 150
    101 69 28 0 0 224 0 147 121 253 0 83 135 255 46 98 244 25 163 255 0
    135 222 0 255 0 71 0 251 244 0 217 234 201 231 123 196 212 187 12
    133 148 0 136 65 255 0 146 255 88 255 0 223 107 186 0 145 193 224
    255 33 195 255 0 57 215 203 216 255 46 102 14 255 114 255 179 255
    177 255 47 255 255 196 172 61 199 243 105 70 0 255 255 0 0 204 255
    170 86 20 227 255 111 209 112 143 245 196 255 171 33 236 68 98 6 203
    20 0 15 111 125 5 68 0 0 255 3 90 71 255 4 0 132 100 0 145 151 210 0
    83 144 0 131 18 46 87 0 13 175 64 219 0 255 29 255 156 255 0 255 0
    83 10 0 255 0 0 131 215 28 0 128 12 255 241 255 56 46 255 206 190 97
    250 208 30 32 183 0 182 70 176 92 0 79 71 255 255 0 6 182 212 59 0
    39 18 31 244 15 146 0 0 255 39 50 13 255 0 92 228 255 255 97 14 63
    24 220 0 113 163 57 255 90 255 255 255 129 144 98 40 219 157 6 255
    253 186 147 143 22 24 244 182 32 0 0 0 0 255 189 148 0 95 140 191
    157 207 255 0 0 0 136 130 255 255 52 26 234 109 247 16 50 45 255 66
    202 19 0 225 0 0 255 60 0 63 167 61 255 255 0 209 204 0 20 199 162
    253 0 230 113 34 255 0 0 174 174 61 98 192 206 0 85 0 202 0 36 255
    183 7 213 148 31 217 176 0 200 190 176 177 255 23 135 255 0 86 50 18
    63 124 82 247 0 255 46 0 33 167 227 0 57 226 76 255 0 39 0 0 0 228
    164 23 182 101 61 30 164 0 0 45 149 246 191 221 255 3 169 0 238 156
    0 255 0 0 0 227 0 235 0 255 247 238 80 69 185 12 140 0 57 255 112
    255 44 0 119 34 40 39 249 162 85 0 9 0 250 255 186 172 72 242 147
    113 74 93 231 78 244 255 228 230 204 255 14 198 0 0 170 0 222 25 191
    71 202 131 113 0 255 168 235 25 0 87 84 237 239 197 0 246 48 255 194
    64 190 0 241 97 255 146 4 255 0 35 86 226 0 255 94 0 15 148 113 0 46
    255 180 46 4 68 130 170 255 113 255 217 57 38 45 0 92 83 0 232 57 62
    146 199 211 255 144 175 210 0 255 0 0 137 0 204 30 255 0 92 113 170
    0 230 223 174 172 255 255 255 174 161 255 207 109 89 192 249 0 228
    235 0 53 0 159 0 255 0 255 231 255 95 226 255 0 0 255 158 0 168 3 0
    255 37 216 209 0 255 67 159 198 181 205 123 255 0 116 211 145 24 255
    250 255 155 0 255 199 82 109 167 77 143 163 29 16 149 162 86 89 228
    140 0 0 12 238 0 201 68 63 127 227 255 180 245 91 17 139 176 234 0
    162 255 211 38 211 0 119 108 0 65 255 18 250 113 206 0 124 0 120 100
    13 123 106 196 183 185 38 0 0 71 154 22 0 0 99 58 0 178 219 255 0 0
    0 210 71 131 15 0 255 0 146 213 20 221 123 149 39 94 86 108 200 74
    151 36 205 255 100 25 212 255 176 151 255 32 217 203 0 57 174 0 37
    255 154 225 74 189 59 245 77 23 169 255 255 186 146 192 141 183 80 0
    0 255 222 255 39 0 0 0 255 0 113 246 96 151 67 177 253 255 247 73 0
    90 177 0 0 255 0 203 208 44 187 255 0 0 255 0 0 174 255 0 18 189 19
    0 83 44 13 42 255 112 178 0 57 186 0 252 255 243 255 0 104 10 0 0
    255 218 201 67 35 101 224 40 154 255 131 57 134 97 255 188 141 0 208
    0 0 81 240 186 220 120 55 255 160 158 77 144 0 0 140 105 255 109 255
    104 0 146 89 18 207 0 8 239 93 208 0 0 71 216 160 255 162 255 0 95 0
    24 0 255 85 0 120 0 238 59 255 255 130 255 155 91 46 0 0 0 132 255
    131 154 115 0 34 33 255 1 0 255 116 255 166 146 218 96 255 20 62 255
    255 253 255 178 18 121 255 239 235 84 185 255 141 56 119 0 64 132
    255 0 0 101 46 89 0 253 150 166 6 6 255 0 152 225 117 56 58 28 64 0
    0 215 0 197 255 30 202 252 255 130 0 65 216 143 13 0 255 255 120 200
    0 145 127 255 0 0 255 47 246 83 217 255 255 44 55 0 255 119 198 100
    216 220 0 255 223 119 0 70 65 0 0 0 87 60 59 50 117 198 255 255 107
    93 122 255 0 0 152 0 174 123 209 255 79 0 0 214 45 0 61 255 150 199
    255 255 0 214 27 142 84 0 0 255 255 215 196 255 199 0 0 73 121 71 27
    227 0 255 215 0 35 0 146 71 138 31 225 174 44 255 128 171 122 187 0
    0 255 0 217 0 216 255 0 141 0 122 19 166 254 122 88 139 135 87 255
    74 245 101 1 4 6 101 255 67 0 255 84 181 143 51 77 233 255 0 39 238
    155 255 108 235 41 0 255 255 0 165 123 255 53 62 255 120 186 58 0
    255 109 255 255 219 187 255 33 255 93 57 51 97 112 0 0 0 246 68 0
    207 68 255 136 0 0 114 197 248 255 144 0 0 0 111 252 184 28 255 60
    255 255 255 255 0 78 0 122 0 93 0 230 0 0 255 0 254 219 245 0 0 39 9
    242 82 245 229 110 168 63 255 251 83 255 232 99 160 175 78 169 255
    118 77 18 99 55 0 255 0 66 0 240 0 0 255 0 44 0 43 162 0 140 62 147
    0 255 83 248 239 76 255 191 242 255 185 15 96 255 188 102 73 254 0 0
    236 0 100 92 186 29 246 53 15 101 250 255 115 255 255 169 255 75 128
    103 8 71 182 113 0 255 255 0 29 0 112 234 58 255 0 59 78 0 183 81 7
    117 171 161 161 96 94 255 140 52 178 0 101 15 82 255 135 0 100 0 207
    24 184 9 0 136 0 104 0 0 47 0 255 255 48 154 0 138 42 204 255 87 110
    0 252 0 73 0 54 191 255 0 0 0 157 212 0 255 255 52 144 15 19 26 81
    255 0 140 255 161 89 0 243 0 0 32 0 83 233 218 50 76 253 255 219 255
    250 255 209 0 31 3 52 0 106 255 170 103 255 155 0 54 98 181 246 132
    195 0 0 222 0 255 0 60 170 101 0 255 131 0 235 149 174 62 61 0 255
    50 0 0 212 71 2 224 0 255 59 255 22 171 141 0 96 164 255 160 255 25
    25 19 189 0 70 0 255 0 11 242 255 255 49 44 255 231 0 198 247 245
    110 215 34 206 255 121 237 255 139 193 0 255 0 0 0 9 149 117 118 117
    60 255 0 10 158 0 1 231 0 160 255 0 138 0 0 55 85 101 0 33 135 33
    191 39 237 66 68 0 255 0 255 112 33 2 25 0 235 150 255 255 255 157
    246 66 243 255 0 0 42 154 124 39 255 233 245 115 143 62 34 127 79
    255 143 92 0 0 255 105 59 255 108 73 234 212 26 0 226 255 91 67 74
    96 0 240 0 255 0 60 255 56 0 0 255 100 16 255 45 48 170 215 4 208
    180 115 164 0 196 0 99 117 0 227 171 0 238 17 255 0 100 0 0 0 0 230
    242 255 207 56 0 255 201 0 255 65 251 0 191 66 0 161 255 88 197 98 0
    144 178 167 0 56 255 0 137 20 177 241 190 50 202 247 116 0 143 0 223
    131 78 113 0 0 0 231 22 255 249 20 33 255 180 219 255 0 149 0 232
    255 146 0 18 0 193 27 43 255 0 99 63 102 134 255 255 255 249 247 128
    84 0 56 47 231 255 0 0 245 0 184 255 0 255 0 255 210 126 2 253 0 0
    190 255 88 255 189 0 11 0 169 0 0 255 0 89 145 0 33 81 255 131 30
    255 0 0 136 135 39 0 62 159 0 255 195 24 0 63 255 127 255 226 92 135
    154 255 255 244 255 31 142 133 76 118 0 170 74 177 45 0 172 255 80
    255 0 10 196 0 150 190 255 219 234 255 224 0 65 0 0 129 88 0 79 76 0
    33 255 211 255 129 243 197 24 60 92 255 0 92 0 198 133 0 0 255 255 0
    41 255 33 169 0 86 147 230 0 0 55 0 0 0 49 0 126 255 56 255 255 255
    46 137 246 0 253 70 207 0 255 246 65 0 195 16 242 255 121 110 255
    231 255 45 255 22 0 0 255 115 102 122 41 158 226 0 72 187 255 25 165
    29 198 0 211 0 172 6 255 46 0 0 10 147 0 255 60 80 217 0 21 131 84
    245 96 178 175 122 148 255 34 197 0 25 70 191 53 255 233 77 0 0 255
    42 0 225 5 1 255 255 148 0 170 170 255 0 129 0 28 37 11 149 82 0 255
    255 190 178 255 212 70 36 212 183 12 101 46 174 178 255 235 113 0
    245 0 0 255 109 255 255 193 255 0 20 0 9 47 186 0 255 255 9 255 61
    247 16 230 87 231 0 255 154 0 141 111 101 68 255 174 109 0 27 0 245
    0 255 180 233 135 59 255 0 45 246 235 81 255 65 0 255 109 255 24 133
    255 0 255 191 114 210 111 215 181 232 101 189 0 191 203 171 40 255
    29 232 70 80 28 236 100 196 20 0 231 246 195 255 95 104 255 178 66
    223 255 0 29 0 0 0 166 195 174 161 255 175 131 249 255 145 255 255
    244 121 0 103 0 251 0 255 246 177 255 255 255 245 60 214 0 124 255
    150 255 255 240 125 255 255 0 255 31 255 0 255 41 150 227 0 59 19 8
    0 189 5 118 0 121 255 236 255 0 255 255 245 155 225 218 77 83 241 0
    17 20 136 14 178 255 255 255 154 110 118 206 45 130 42 0 255 245 9
    84 0 226 0 97 255 255 95 255 13 172 55 87 0 101 77 252 123 201 141
    107 205 255 5 255 148 255 53 0 255 112 186 97 255 57 238 93 255 0
    205 255 255 24 243 255 43 80 255 255 99 3 135 70 253 204 0 145 98
    131 211 255 126 255 204 255 255 233 113 0 0 0 0 0 214 232 129 91 57
    71 199 255 255 255 135 148 58 255 255 61 0 255 97 255 229 0 255 255
    220 255 253 50 0 197 112 0 0 253 0 135 255 235 241 64 25 86 158 156
    199 0 0 247 236 255 36 207 139 152 239 50 255 255 255 0 255 166 5 37
    7 7 0 166 255 163 0 198 33 88 73 18 233 254 98 255 204 241 0 177 59
    255 230 254 240 0 86 86 227 70 255 61 140 167 224 61 0 196 124 0 0
    178 0 224 0 0 108 155 86 255 255 48 255 0 77 232 10 255 255 27 220
    255 83 190 0 134 24 62 236 44 27 229 255 255 184 255 0 60 255 210 0
    191 105 255 255 255 255 255 0 54 46 0 0 42 213 71 0 184 255 187 140
    255 242 53 0 255 255 255 0 255 0 8 253 25 0 255 255 224 173 255 100
    97 0 59 61 0 0 64 255 201 96 201 25 171 17 255 205 62 0 227 172 0
    255 97 255 255 255 193 255 143 255 0 189 255 107 103 127 0 255 82 84
    0 188 70 161 232 218 227 53 0 251 118 97 255 117 251 255 0 251 103 0
    169 101 255 255 255 182 144 255 13 107 0 137 0 175 187 255 255 255
    255 0 169 223 255 255 255 229 64 24 143 48 83 87 95 103 0 200 0 96
    99 255 36 255 120 122 250 240 255 225 255 29 82 66 50 255 255 58 156
    124 1 0 23 188 255 0 255 0 33 255 30 45 23 41 193 112 227 67 66 255
    104 88 0 0 255 0 47 255 42 0 214 0 0 79 117 255 255 219 182 32 108
    207 0 255 51 93 144 255 255 0 238 183 89 42 187 242 249 153 255 168
    196 0 0 0 255 0 44 153 0 150 0 62 187 0 0 187 214 255 255 168 210 47
    0 229 255 0 119 25 202 0 22 175 59 0 147 0 219 255 0 0 36 0 19 179
    255 71 255 255 61 114 0 232 59 234 12 240 0 255 88 0 195 0 144 68 0
    205 0 67 255 0 31 255 82 71 199 108 0 113 102 221 251 36 124 190 255
    78 251 0 75 255 0 253 107 0 65 255 255 0 255 72 255 219 255 244 0 0
    180 255 86 124 0 149 255 0 37 55 120 61 139 0 14 148 255 0 184 239 0
    255 0 114 167 117 137 236 0 255 8 0 255 94 255 57 2 214 0 255 144
    255 31 78 84 255 130 63 0 101 0 161 249 0 92 0 209 196 255 172 181
    240 221 0 247 255 0 255 0 89 145 0 0 73 170 0 255 255 0 0 175 0 255
    255 8 255 93 255 130 169 81 24 255 221 255 206 169 213 0 255 208 255
    245 0 248 255 0 0 255 98 209 255 88 243 0 195 26 255 183 182 0 3 13
    255 195 0 57 255 0 87 182 0 20 242 218 168 51 238 184 0 255 0 158 0
    255 100 39 181 255 181 34 222 255 0 97 255 202 165 130 19 96 138 215
    225 230 255 169 250 255 194 255 0 108 207 36 114 255 227 31 16 255 0
    88 0 0 245 85 255 229 0 195 44 179 0 75 80 164 161 119 255 224 205
    80 45 120 92 93 255 0 178 174 0 169 7 96 69 216 215 73 255 0 0 54 74
    177 0 176 35 255 0 209 13 221 225 182 122 0 121 33 90 21 0 74 172
    255 83 0 85 0 243 153 203 199 103 0 138 255 113 1 85 0 255 36 0 249
    255 8 0 188 240 0 34 255 180 0 172 0 96 0 255 223 121 255 54 242 68
    253 12 197 255 0 111 138 255 233 252 255 99 111 247 251 141 24 1 238
    164 245 202 0 67 146 105 54 59 156 118 77 1 0 210 94 208 0 0 255 108
    198 0 48 12 16 33 0 158 212 255 255 45 149 255 0 143 71 250 0 198
    125 130 218 212 0 66 172 79 86 255 168 56 255 140 255 96 0 94 0 255
    177 153 217 0 212 0 103 255 137 255 255 255 30 124 52 0 255 131 227
    0 0 255 255 12 0 139 17 84 6 0 255 60 213 229 0 255 213 0 255 190
    238 77 207 104 0 255 255 188 210 191 38 69 42 37 84 83 109 186 173
    61 0 95 24 42 0 252 255 83 56 255 255 0 98 255 77 176 0 143 255 147
    0 173 255 152 36 55 215 127 0 0 197 255 82 0 255 196 0 255 0 10 255
    172 250 11 255 0 187 172 77 97 255 150 134 255 255 98 41 220 0 64 0
    222 179 255 0 163 0 22 148 0 0 122 103 255 19 0 0 255 136 222 147
    246 82 255 255 32 174 0 0 0 189 1 255 255 0 0 135 255 171 47 237 179
    216 233 249 255 0 12 42 102 163 31 30 42 50 101 198 255 250 255 255
    222 138 94 16 67 0 255 145 165 44 199 214 38 255 1 35 255 193 255
    171 27 0 219 221 38 5 226 93 132 222 255 61 70 4 115 88 141 96 255
    68 67 235 110 205 28 255 250 0 243 252 196 0 238 176 0 210 255 244
    223 255 255 81 61 136 251 28 96 84 98 6 255 135 133 33 140 143 0 255
    240 0 203 255 245 0 54 95 104 255 126 111 26 124 255 38 140 255 0 26
    2 52 0 255 190 176 255 43 45 133 60 0 255 25 0 81 135 255 255 57 182
    0 255 255 126 51 8 11 20 0 28 47 23 255 66 95 0 0 255 135 255 0 0 36
    0 123 0 101 147 92 159 44 6 0 5 0 50 0 255 213 137 239 141 255 250
    80 97 68 0 27 155 36 196 0 106 17 255 255 202 241 109 164 255 142 0
    73 255 190 38 107 255 18 58 79 0 113 0 0 97 219 31 14 110 142 181 0
    0 0 64 255 254 105 255 0 100 230 255 255 20 59 127 64 189 84 147 255
    27 37 32 255 91 174 16 255 255 77 0 0 81 99 17 0 0 255 93 217 181
    153 255 141 250 76 169 0 0 189 250 171 0 225 0 255 164 250 0 30 255
    167 135 148 197 0 34 216 162 0 210 255 102 0 255 24 182 179 67 211 8
    251 255 229 0 255 66 0 102 180 172 9 210 164 255 105 255 0 182 203
    10 98 6 174 66 154 196 170 93 0 16 36 248 36 0 65 10 97 238 255 0 77
    131 255 217 21 255 0 0 0 199 148 150 254 146 2 255 201 255 0 255 83
    0 0 255 39 238 232 0 9 83 166 248 193 255 97 195 34 29 0 0 213 70 0
    0 255 203 7 194 255 176 255 0 255 100 0 255 0 23 255 61 0 0 255 249
    177 245 255 62 255 121 151 102 10 0 254 16 205 184 22 136 122 0 76
    183 146 161 137 0 255 29 78 0 255 81 0 151 255 77 0 242 255 158 118
    255 255 195 255 255 0 208 232 112 255 162 63 255 255 0 31 255 44 49
    91 255 224 49 197 255 0 255 78 147 0 94 110 0 255 254 66 255 0 237
    245 12 105 170 255 0 0 129 235 0 174 0 87 26 255 0 103 228 0 123 0
    120 255 255 0 19 55 131 0 0 10 78 255 117 168 36 41 0 97 188 247 56
    0 201 212 0 139 86 94 182 35 141 237 102 24 0 0 71 2 0 255 5 255 130
    125 255 255 0 210 0 110 213 0 41 240 148 2 108 255 255 205 237 255
    60 48 219 0 194 93 255 246 255 0 95 255 0 160 195 15 255 0 159 0 255
    48 169 237 0 225 214 148 121 214 62 116 31 255 167 217 255 2 0 0 80
    167 160 255 209 255 21 61 229 0 183 48 214 181 196 176 197 247 0 0
    52 87 0 35 0 0 119 239 27 0 250 181 59 17 255 103 162 50 138 194 170
    160 176 255 41 190 0 255 144 8 0 42 109 2 0 255 11 255 100 141 255 0
    53 255 255 0 194 255 255 80 202 16 0 249 4 172 255 20 255 220 255 49
    141 77 255 49 60 79 255 8 80 196 196 255 40 37 255 154 197 211 190
    119 0 99 64 226 195 255 143 38 0 55 0 195 235 0 0 0 85 97 255 25 243
    208 127 215 77 5 163 59 228 183 56 6 204 67 11 239 144 80 224 0 0 0
    0 169 0 255 131 152 104 67 235 122 32 0 18 255 120 18 44 200 255 224
    114 252 240 255 230 1 213 39 0 229 0 148 161 75 22 218 0 38 0 66 255
    48 104 187 24 206 13 215 117 0 0 104 65 213 147 0 116 248 67 110 191
    130 105 103 121 35 207 145 190 243 144 70 185 248 255 0 134 255 0 30
    255 134 143 0 40 140 163 194 67 47 234 19 101 0 231 0 142 205 0 157
    251 0 0 94 255 57 15 255 205 254 255 63 50 139 255 242 239 255 21
    255 255 178 0 81 20 37 71 144 26 251 0 187 248 197 151 163 236 35
    155 138 81 43 150 0 168 255 142 0 255 255 193 173 10 0 35 63 149 255
    0 0 204 0 0 108 232 0 255 10 255 255 255 255 97 41 71 83 46 155 186
    255 0 247 195 255 184 0 224 0 43 87 255 185 0 73 0 151 255 0 31 200
    22 121 3 228 212 0 120 255 97 98 255 55 103 78 80 116 0 0 129 1 100
    203 32 0 195 131 0 0 255 85 81 174 196 110 255 78 255 255 76 255 121
    57 142 143 255 0 25 200 73 90 0 100 238 255 255 89 49 159 0 255 14
    130 210 58 139 255 176 34 184 150 17 53 77 52 204 0 255 255 251 79
    152 255 0 255 255 0 230 142 255 239 69 35 218 83 6 255 75 0 255 240
    89 255 50 50 184 60 58 114 196 100 0 51 0 15 255 255 255 255 139 129
    25 200 255 0 56 75 15 0 0 200 115 255 173 245 255 0 186 125 0 137
    255 78 233 44 227 0 108 147 255 148 141 89 64 69 83 139 255 255 255
    233 235 162 255 6 217 190 60 179 216 0 178 222 0 18 229 205 126 174
    203 152 0 0 125 236 181 0 132 169 0 104 255 104 0 0 129 243 108 171
    255 255 196 109 170 181 253 15 0 0 0 0 18 98 59 89 204 0 10 0 60 134
    41 255 0 132 16 175 0 174 255 31 60 41 110 255 61 0 40 0 250 0 255
    180 127 231 255 205 193 111 222 212 180 255 239 145 255 255 255 52
    79 211 107 22 255 0 115 117 0 186 249 171 255 0 209 233 18 99 203
    255 92 58 155 33 255 46 0 31 52 75 91 99 241 48 38 210 120 42 128 94
    184 14 150 129 54 11 243 153 162 11 173 255 13 250 0 25 255 82 229
    154 106 171 255 211 16 46 255 229 180 0 255 87 195 0 0 0 179 255 4
    90 56 255 126 117 235 90 122 0 209 0 255 255 150 113 0 82 152 217
    165 107 171 22 0 0 0 165 233 0 216 255 255 255 255 236 255 254 253
    255 0 182 69 255 0 0 254 0 126 255 0 137 14 244 144 255 119 25 218
    255 255 74 176 79 212 255 80 255 71 255 60 0 78 200 43 89 96 135 80
    69 0 0 218 255 0 0 255 66 255 19 163 237 19 142 159 177 0 0 0 255
    231 255 157 208 255 93 254 6 26 255 50 0 255 255 51 54 155 206 83
    168 47 212 60 255 0 0 255 0 0 163 196 45 255 100 0 50 32 255 255 118
    69 255 58 0 0 81 144 8 188 0 190 255 38 9 0 243 160 255 0 255 22 159
    68 255 0 185 12 46 4 131 56 0 0 192 24 206 48 196 164 255 146 255
    200 0 0 175 0 255 236 80 255 255 44 0 236 255 255 255 0 255 37 108
    221 210 0 0 255 125 218 67 60 16 0 0 0 238 0 49 0 200 26 86 255 0
    107 117 233 128 0 189 109 66 159 0 139 0 0 255 237 255 215 33 229
    171 107 255 6 81 255 255 0 255 146 255 255 210 0 247 164 208 153 39
    0 17 85 102 0 146 193 93 0 76 255 77 121 128 232 144 255 202 152 35
    0 192 0 17 158 205 118 0 54 255 194 74 19 208 158 255 132 26 95 202
    71 30 255 160 0 0 0 0 77 112 255 0 0 255 247 255 130 255 255 255 140
    199 255 255 0 0 0 0 239 255 219 255 223 80 76 0 166 202 198 255 255
    70 170 255 7 229 0 49 18 141 220 105 212 0 221 0 0 104 243 255 255
    46 0 255 113 199 171 243 0 255 255 154 0 255 226 255 176 148 189 106
    255 121 31 13 22 33 87 210 0 30 37 72 120 17 226 196 255 0 255 255
    255 0 255 102 94 52 255 255 255 113 214 131 203 255 93 120 143 255
    248 0 255 0 255 0 117 162 0 0 35 27 241 0 0 86 0 0 255 0 218 122 236
    0 92 179 255 139 163 255 12 178 155 56 0 62 83 0 0 0 131 98 21 255
    255 0 255 215 242 255 125 18 236 0 255 143 1 255 248 75 45 23 57 43
    255 26 0 255 200 108 0 255 229 179 39 36 0 225 80 0 0 250 75 189 193
    255 0 63 228 46 42 51 254 71 43 210 72 66 127 255 150 0 75 94 210
    157 38 71 0 0 0 68 32 2 0 24 26 195 0 155 253 28 234 200 255 198 255
    110 187 195 47 134 0 106 0 0 255 0 71 171 144 0 91 198 0 244 121 255
    127 136 255 59 0 195 162 255 71 229 0 215 60 189 91 1 170 249 132
    184 255 255 172 0 255 0 255 61 0 0 29 0 200 33 181 255 69 212 255 1
    79 83 32 176 204 0 69 221 243 87 255 255 24 106 255 210 7 11 190 255
    82 103 84 188 143 255 32 0 255 132 242 0 49 0 29 167 66 125 72 69 16
    229 18 92 10 255 255 21 74 172 97 116 255 200 255 112 6 0 116 0 184
    225 176 110 0 51 166 255 155 255 8 255 4 137 0 155 255 227 52 196 0
    212 103 8 172 0 0 255 43 0 109 255 0 12 0 250 0 253 0 226 0 58 255
    78 255 64 83 212 125 200 138 0 0 0 38 0 220 239 0 91 118 62 255 0
    255 247 230 73 232 0 234 134 78 255 189 176 249 0 70 11 11 220 80
    248 255 222 255 231 14 0 236 199 170 24 0 57 64 61 207 18 11 255 255
    24 145 235 69 0 174 126 0 16 255 131 159 244 84 50 137 197 41 68 0
    255 60 110 37 138 255 255 0 91 255 217 191 22 15 255 0 152 228 37
    166 255 255 57 181 0 190 0 15 143 233 0 0 214 87 0 8 13 194 221 255
    0 11 0 167 10 51 223 101 77 71 175 171 0 85 255 243 0 255 97 170 0
    106 229 29 44 162 225 225 245 210 114 0 2 255 3 108 44 255 6 250 255
    6 0 255 191 132 146 125 108 189 0 255 0 186 175 82 255 121 0 0 0 45
    255 0 0 241 0 51 0 91 123 0 0 177 94 54 72 249 255 227 92 255 29 255
    12 204 191 5 89 111 212 218 0 150 255 255 84 55 133 255 72 255 178
    22 255 0 25 179 18 209 30 28 0 255 144 246 201 0 0 255 92 240 0 255
    103 0 255 255 43 0 131 255 255 68 255 37 114 255 187 54 20 60 172
    189 244 116 74 60 0 169 241 0 45 241 0 16 39 12 19 56 255 0 162 106
    130 205 102 242 255 82 14 170 205 235 255 45 255 138 82 0 0 241 201
    175 2 255 180 218 255 125 0 13 123 140 22 0 92 0 140 255 0 0 186 88
    135 151 255 0 181 141 143 247 0 255 235 255 255 56 46 0 240 242 245
    251 255 0 255 143 0 0 0 73 172 118 250 247 0 136 207 212 0 18 157 0
    223 255 0 194 0 0 255 63 59 255 255 20 69 0 10 0 0 246 226 33 0 25
    255 139 62 0 85 201 26 201 12 0 0 255 213 138 255 222 91 255 130 206
    191 198 32 190 0 136 206 87 232 231 194 165 255 235 218 125 132 193
    0 84 255 43 167 117 0 181 0 46 165 0 99 213 234 255 255 255 255 255
    47 18 113 255 0 67 196 196 0 73 202 40 35 49 42 136 32 163 255 0 213
    27 52 177 157 122 192 212 0 0 143 255 255 71 255 255 248 188 0 241 0
    129 190 255 255 255 0 71 0 130 146 241 38 0 190 255 255 33 255 142
    110 255 0 38 55 81 0 231 164 248 50 219 151 251 255 246 40 85 88 0
    241 184 0 0 125 0 0 255 48 114 18 255 0 134 0 127 255 0 28 255 0 189
    9 223 167 255 189 254 0 0 115 242 110 0 81 255 0 255 123 205 252 158
    0 0 96 179 74 79 255 0 255 210 230 227 240 168 239 210 148 255 96
    255 255 33 0 124 81 240 255 255 82 0 0 0 137 162 143 0 12 245 103 0
    255 136 194 231 255 208 172 94 0 50 117 193 75 0 255 0 132 255 255 0
    0 111 93 0 153 0 178 0 169 0 240 27 32 11 233 0 3 255 0 255 206 214
    140 133 216 255 146 17 185 21 255 11 197 128 255 217 152 255 74 0
    136 68 0 42 27 0 255 189 51 255 255 230 117 175 255 77 67 88 53 255
    0 255 111 170 255 230 51 216 109 255 0 0 255 90 0 255 0 242 147 0
    248 92 93 22 0 64 11 253 235 255 255 168 255 0 255 0 42 231 255 98
    196 183 199 61 0 3 255 0 54 227 25 0 223 145 255 102 251 0 80 143 12
    158 215 20 0 20 181 184 6 0 173 81 173 22 0 193 101 0 0 0 0 255 74 3
    1 0 37 160 255 255 255 0 146 155 0 214 221 255 255 253 222 80 0 147
    0 24 146 53 0 206 242 51 107 228 128 88 174 82 181 78 238 110 171
    137 0 71 255 0 0 0 78 6 117 225 22 208 236 255 255 143 0 255 53 0 31
    130 146 190 168 255 255 135 163 126 255 82 57 255 255 62 22 239 87
    255 35 58 169 44 140 0 0 190 119 0 41 0 255 81 0 255 249 245 204 0
    93 30 255 255 0 0 225 0 91 255 0 0 110 61 0 255 36 184 170 255 126
    36 226 177 158 152 45 0 154 0 189 75 58 51 0 255 75 0 126 255 255 56
    255 0 0 183 0 169 10 50 0 255 137 101 255 0 69 255 0 218 0 202 27
    255 127 255 161 168 181 219 88 0 149 81 255 15 18 234 0 255 140 0 0
    3 21 0 159 242 75 44 254 169 1 22 173 40 144 255 0 183 6 63 255 68
    224 255 230 0 142 255 17 9 25 215 0 140 209 55 227 96 0 0 255 241 97
    10 0 108 138 0 0 16 255 0 255 36 255 92 66 163 0 178 61 255 159 5
    103 75 249 215 66 169 64 231 0 240 162 154 134 229 177 135 0 236 0
    230 29 31 172 224 0 255 255 74 178 0 0 15 0 255 33 255 255 195 138
    255 223 0 151 0 233 255 148 0 179 255 102 6 0 229 255 39 0 214 255
    232 255 0 0 205 17 255 20 229 222 19 55 255 0 255 255 110 255 53 91
    221 255 0 144 187 255 129 255 10 180 0 190 48 5 255 163 63 206 54
    100 33 90 0 68 234 36 0 190 0 147 220 255 255 139 255 223 255 255
    187 0 193 50 94 224 18 255 67 255 20 7 144 8 246 110 115 73 255 0 0
    0 227 27 0 91 0 255 243 248 67 85 56 255 83 244 140 226 247 103 67
    139 19 175 14 54 0 239 145 0 0 87 255 162 255 176 228 209 255 0 64
    154 0 64 0 80 255 131 255 255 255 233 149 255 7 0 0 105 255 196 185
    0 255 254 155 255 174 73 8 118 101 185 232 255 2 47 0 255 201 255
    255 168 225 152 255 255 255 255 0 252 120 0 23 0 126 0 74 41 198 255
    212 0 68 136 106 255 255 120 32 127 255 236 82 218 255 255 0 0 104
    181 41 133 207 255 0 255 255 138 255 0 50 144 133 255 49 107 233 128
    57 19 0 49 211 86 238 148 45 0 255 1 131 228 237 0 255 64 67 214 255
    41 0 0 67 0 30 97 129 146 0 255 248 168 0 255 255 0 83 12 127 33 101
    255 80 255 200 133 150 156 97 255 0 104 19 0 219 0 142 14 139 99 189
    15 53 10 23 248 30 0 103 136 255 6 255 0 19 136 144 225 255 255 82
    255 0 197 255 255 165 255 0 0 147 95 0 255 0 255 70 255 125 255 200
    114 215 61 133 255 255 255 255 255 96 255 41 203 127 120 192 132 255
    225 74 136 0 255 20 59 65 255 248 255 101 255 95 91 0 0 14 0 0 0 172
    53 255 220 255 139 22 1 255 55 255 165 255 219 52 255 220 155 255 66
    255 69 222 88 255 0 255 0 103 183 77 103 78 0 54 71 193 168 214 0 75
    134 0 255 30 8 255 0 0 157 115 0 63 12 0 0 164 255 248 225 123 105
    21 128 239 154 170 13 0 0 0 0 180 8 4 225 0 105 125 148 255 55 255
    229 22 166 89 140 255 141 1 255 0 185 11 207 212 255 204 0 36 255 8
    0 0 42 140 55 255 255 122 74 187 213 31 255 221 195 113 32 255 160 0
    102 186 183 96 219 132 242 249 0 255 239 0 255 255 99 160 136 177 0
    175 3 0 203 0 0 179 255 149 184 170 148 0 255 255 59 231 0 221 160
    106 52 255 0 0 255 255 32 208 143 0 74 51 96 85 0 248 144 167 137 0
    136 0 0 24 150 255 0 216 25 61 255 121 0 255 165 0 91 97 32 255 62
    121 2 64 255 255 0 255 0 1 115 69 124 0 166 0 0 0 0 0 205 160 0 238
    255 255 103 189 0 255 66 151 255 0 255 106 68 184 83 138 255 255 217
    255 132 0 31 54 253 48 0 132 157 96 137 74 126 38 77 213 219 254 225
    0 248 9 59 16 0 94 255 153 65 196 230 0 255 219 51 123 161 196 255
    218 255 168 255 255 85 185 27 192 6 153 255 255 119 163 0 157 140
    255 54 41 89 163 39 85 255 115 226 133 165 0 146 35 15 216 255 157
    142 227 153 255 77 142 255 255 25 147 26 232 0 0 88 147 0 247 47 215
    0 255 199 112 43 146 126 0 91 100 255 86 87 73 141 255 83 255 147 0
    130 175 0 95 255 51 11 177 122 15 49 194 165 16 255 102 92 137 255 0
    134 255 188 88 213 255 102 255 13 0 162 40 181 11 0 75 0 26 255 216
    255 76 255 64 159 255 15 139 176 204 0 49 138 255 255 226 212 73 179
    0 45 255 177 63 0 51 221 255 0 0 255 10 53 0 83 195 255 239 229 92 0
    190 93 255 217 155 11 138 53 222 149 147 170 48 0 138 0 145 0 68 239
    227 255 220 143 7 220 12 71 63 161 64 255 162 100 255 98 255 45 217
    0 0 26 255 255 112 0 0 87 126 0 250 118 159 0 94 66 0 57 0 0 71 0 14
    182 255 78 255 244 71 60 255 255 159 148 64 0 137 230 255 0 255 94
    251 110 221 196 46 104 15 125 206 203 75 0 25 255 113 193 0 146 66
    89 238 83 0 78 193 0 255 155 0 16 0 139 187 28 43 13 255 255 36 111
    0 255 174 99 255 255 188 0 234 0 90 35 0 55 179 0 44 0 0 163 255 127
    0 0 0 123 155 149 255 255 255 0 8 187 255 11 103 106 225 255 83 255
    94 22 0 0 194 255 255 0 198 0 0 255 0 103 107 88 161 59 2 0 242 255
    105 255 0 198 43 221 109 33 206 255 200 208 74 94 255 243 136 45 145
    34 218 220 19 213 0 67 194 135 134 0 255 0 157 34 255 32 232 255 255
    224 80 44 0 128 24 93 255 56 255 36 250 0 232 3 177 77 0 148 44 151
    124 215 10 255 26 0 34 205 139 0 182 62 0 25 12 211 145 255 175 255
    0 27 180 34 255 48 59 177 37 0 217 156 148 255 18 255 255 78 113 255
    165 7 90 181 156 255 0 105 0 255 102 0 69 103 188 42 39 6 38 17 255
    180 124 115 255 255 2 0 140 134 0 0 128 255 4 229 213 255 125 200
    255 0 255 0 102 255 27 221 200 226 0 110 62 0 255 22 255 23 184 120
    0 0 255 0 0 206 34 0 102 125 99 67 255 11 152 252 74 164 160 198 255
    205 40 101 0 85 174 255 183 159 0 206 62 233 81 251 0 221 255 125
    189 172 152 255 0 226 93 239 57 255 0 28 255 25 138 255 230 118 255
    79 69 255 0 196 74 87 22 13 168 70 159 0 221 54 255 255 149 185 255
    40 255 166 230 0 170 142 13 75 255 189 255 192 0 49 0 0 8 255 232 0
    246 0 140 255 41 207 216 255 64 213 255 255 255 0 173 72 177 240 222
    158 192 191 211 0 0 246 146 182 0 255 77 91 239 0 0 255 0 200 255
    255 100 199 0 255 0 107 191 199 0 0 22 214 0 0 249 242 114 0 173 0
    255 0 255 34 116 0 255 255 0 255 44 181 124 254 0 14 0 202 125 141
    29 19 78 255 155 255 47 13 98 0 255 190 85 255 209 136 74 255 254
    255 6 50 240 255 255 128 255 255 224 40 117 182 255 25 77 29 211 13
    247 0 253 205 82 7 0 208 255 247 146 201 255 51 255 224 196 255 0
    147 16 49 117 255 143 0 0 35 255 0 255 0 255 0 0 0 0 225 65 170 157
    119 0 255 53 0 255 255 255 109 167 255 151 0 0 0 114 162 20 239 255
    125 225 255 164 134 68 0 9 0 117 100 214 255 16 189 110 251 0 219
    129 56 71 19 24 180 0 252 0 255 151 137 255 107 187 20 0 252 0 0 255
    172 96 155 255 245 255 242 187 179 84 117 3 0 77 255 180 0 255 232
    238 254 29 0 255 0 141 15 255 162 36 151 137 88 97 255 255 111 42
    134 92 193 210 61 77 93 236 0 250 183 116 205 0 233 255 178 173 238
    221 0 237 0 90 255 1 217 8 7 255 255 255 97 255 98 0 255 21 98 176
    244 37 135 114 45 0 0 255 0 237 165 160 93 215 255 196 0 255 0 255
    167 91 84 255 0 184 92 255 246 255 223 189 1 0 175 20 255 157 129
    255 229 0 198 0 184 255 176 255 208 36 178 255 101 174 226 0 193 46
    145 255 150 5 255 20 0 132 72 4 227 103 125 62 0 135 255 73 94 124
    110 211 213 255 0 124 231 255 53 20 255 255 0 148 83 50 160 238 170
    255 15 1 41 0 0 233 0 76 52 0 132 222 0 45 117 255 213 42 0 0 0 0 13
    221 255 96 178 208 255 29 7 0 255 255 255 151 22 103 255 0 167 34
    135 0 34 255 28 250 245 0 0 255 176 143 12 255 0 0 0 255 188 97 255
    0 68 0 0 0 90 255 147 214 0 0 106 3 232 129 201 20 0 105 57 0 0 177
    32 255 0 178 140 32 5 255 241 244 0 255 9 111 0 255 187 255 214 102
    255 255 68 255 178 255 171 147 218 0 117 0 76 255 60 255 194 126 223
    230 255 74 236 68 255 175 0 189 106 255 22 18 0 255 85 180 0 0 236
    149 150 0 66 169 255 0 226 77 186 0 255 85 56 202 255 0 255 0 0 255
    56 0 0 69 5 0 255 150 255 146 255 0 255 156 255 26 152 2 255 210 80
    230 255 255 63 59 104 255 241 210 14 0 48 0 125 35 41 255 194 145 0
    21 160 255 18 166 255 255 186 255 0 122 255 13 132 0 231 0 244 242 0
    187 189 5 45 232 255 245 26 255 0 200 231 0 148 0 242 255 139 191
    255 255 179 0 255 11 255 255 0 109 79 98 255 133 255 255 100 0 255 0
    255 0 255 123 0 0 239 0 172 213 189 171 199 188 35 142 255 0 92 181
    64 255 6 255 78 70 255 5 83 3 29 0 44 103 49 170 116 95 33 146 0 53
    0 0 169 31 0 173 255 0 191 255 206 40 110 255 243 255 69 0 0 55 255
    255 186 25 255 0 255 255 0 0 200 28 0 106 123 189 43 0 110 66 192 54
    255 224 190 225 39 0 0 190 0 183 231 62 42 255 25 140 255 229 0 131
    131 192 163 163 198 128 209 29 0 255 255 62 77 195 121 111 0 255 101
    0 254 0 208 179 0 0 255 182 0 255 139 255 35 220 255 255 240 201 255
    255 136 126 0 0 87 206 212 4 0 225 255 167 72 218 10 255 198 255 6 0
    50 55 221 255 169 158 149 255 84 222 228 87 96 11 27 103 233 64 105
    255 111 0 255 83 69 0 134 146 0 64 255 248 169 113 174 255 0 255 84
    0 189 147 0 3 69 255 55 42 30 33 0 0 255 227 157 140 132 27 180 172
    255 0 47 82 229 0 180 134 54 160 197 0 255 231 248 232 255 255 0 179
    255 91 95 255 255 255 0 234 165 178 89 222 53 175 168 0 88 105 93
    234 62 255 23 118 55 215 0 92 212 10 255 20 0 255 0 0 255 238 255 0
    54 114 0 107 255 0 193 130 68 255 209 0 0 92 0 101 149 255 255 30 51
    92 0 115 170 0 0 64 213 255 195 117 78 0 52 0 255 255 0 255 165 239
    37 135 252 0 255 88 191 251 171 222 0 0 255 0 13 253 255 31 154 94 0
    0 137 33 95 0 247 35 255 216 209 157 255 0 23 17 58 45 255 255 63
    146 90 24 221 0 33 22 255 255 0 44 255 0 102 255 64 52 0 116 78 0
    193 255 215 109 23 66 235 192 255 207 0 0 11 116 255 0 110 28 158 15
    255 255 60 255 0 202 255 255 85 205 0 186 0 203 230 58 255 226 196
    248 186 229 218 245 105 78 255 103 154 255 255 0 125 153 156 247 255
    255 37 0 182 132 35 255 255 255 255 32 255 123 255 255 255 107 200
    174 231 106 42 255 255 10 255 67 128 54 226 234 0 131 227 155 214
    120 126 255 63 229 170 0 0 0 75 255 163 164 255 17 44 0 244 253 255
    139 255 246 0 218 139 20 0 172 0 170 255 185 0 0 255 255 184 255 162
    0 116 186 27 25 235 255 53 157 166 126 0 255 209 218 255 96 103 255
    114 216 0 0 49 255 255 162 255 172 167 216 127 0 0 43 247 0 222 168
    127 255 255 237 255 19 32 255 116 0 104 188 40 132 144 78 147 156
    133 255 0 0 0 238 0 255 255 0 0 0 0 0 97 255 100 2 255 169 148 0 255
    163 249 193 92 31 99 149 70 255 129 125 166 17 255 10 223 255 255
    156 16 59 250 162 0 195 255 126 0 0 255 255 0 0 0 187 36 122 181 86
    96 161 0 255 119 255 48 36 93 25 3 89 235 122 200 255 0 255 255 71
    255 207 255 197 83 255 0 147 0 255 96 144 218 47 141 255 111 27 121
    127 100 146 255 84 220 255 31 170 155 255 0 233 255 6 114 223 113 32
    130 238 0 108 73 0 255 207 148 69 144 0 255 130 146 255 51 109 255
    170 187 226 255 41 0 0 68 159 215 3 44 129 8 0 255 187 0 183 38 81
    171 0 44 255 255 255 38 255 175 0 0 0 0 44 255 75 15 0 0 132 189 0 0
    87 93 93 0 141 0 0 83 38 0 202 0 217 101 86 255 0 255 245 180 227 92
    59 0 98 40 0 44 9 0 0 94 255 134 126 255 107 19 0 255 33 15 174 230
    148 19 92 39 0 59 255 203 22 255 72 104 100 25 255 14 113 171 255
    255 0 109 108 60 150 0 112 83 83 255 255 6 35 255 125 12 136 78 0 45
    0 182 110 130 150 43 60 239 0 220 255 255 0 123 63 0 57 135 0 127
    200 0 206 193 0 244 178 5 255 254 255 255 255 164 255 143 218 255 0
    8 0 188 0 0 225 0 0 0 255 0 20 255 0 10 124 6 0 3 29 117 85 255 169
    255 0 255 177 111 255 90 255 162 241 221 182 132 83 98 176 221 233
    174 0 255 243 183 89 150 0 18 255 37 173 157 255 66 0 255 104 244
    248 115 83 255 21 255 93 32 255 255 226 201 72 153 255 96 255 0 22
    255 82 132 0 150 193 255 103 9 32 255 249 209 206 84 125 251 0 6 100
    236 217 132 0 204 255 255 182 255 42 235 184 190 157 0 130 255 231
    161 195 223 0 229 82 178 255 255 39 2 255 201 26 255 12 96 25 107
    149 255 85 255 0 63 251 197 43 104 44 67 255 0 169 145 0 255 159 186
    72 166 0 236 111 159 75 106 222 254 145 200 0 64 255 0 177 44 219 89
    255 111 121 53 53 20 227 106 142 194 89 255 119 0 245 84 0 231 255 0
    229 129 36 242 0 82 236 0 236 0 101 255 215 0 12 250 255 137 209 255
    185 66 91 239 0 255 255 0 228 0 255 53 188 114 137 255 87 37 150 8
    82 0 236 101 130 54 78 34 255 135 102 143 158 18 255 255 255 174 118
    209 244 0 146 89 255 91 0 171 197 255 0 17 177 155 0 255 0 10 37 138
    0 255 230 253 212 233 129 255 0 204 179 255 190 174 255 0 233 202
    190 0 153 255 78 255 0 149 255 125 255 0 0 62 97 114 255 100 174 29
    86 0 255 49 177 172 247 247 227 0 86 22 38 228 255 22 172 255 182
    124 0 247 5 62 115 250 112 66 192 220 63 150 220 44 109 33 7 0 17
    230 76 67 191 255 233 1 115 176 69 255 187 13 246 0 0 221 255 157 23
    71 255 0 206 28 57 214 212 196 0 60 72 255 255 255 0 255 40 11 255
    177 149 255 188 0 251 72 255 0 221 173 63 0 200 219 92 137 110 144
    255 135 147 249 115 111 0 8 244 94 224 255 196 255 0 4 255 229 90
    101 188 255 98 35 8 47 133 34 0 189 134 205 255 23 139 255 67 165
    177 0 8 226 147 255 0 152 104 149 255 100 56 255 255 255 109 14 126
    142 144 73 86 255 219 255 255 44 247 255 180 230 255 210 255 221 92
    69 255 255 0 0 161 1 0 0 255 255 0 255 3 41 255 164 146 70 52 220
    255 255 185 255 159 27 255 0 1 255 147 147 7 0 47 0 55 117 10 143 0
    235 7 255 53 8 255 147 112 94 0 0 255 24 9 0 73 255 255 185 14 13
    228 1 105 0 0 107 95 18 209 164 133 0 1 207 103 255 0 8 255 255 222
    193 255 151 249 255 249 69 194 93 255 199 255 36 255 0 182 255 255
    39 10 136 255 0 0 175 8 237 50 255 211 170 255 0 221 255 89 255 244
    94 103 227 16 9 194 190 255 250 0 255 255 0 0 212 71 3 231 236 235
    202 64 255 107 255 0 255 255 255 55 0 0 89 240 0 58 144 95 255 0 245
    0 255 203 86 188 47 255 5 255 255 3 255 1 152 234 194 247 118 71 75
    30 0 9 224 255 215 255 71 50 77 255 188 18 78 255 0 255 255 248 40
    93 118 127 255 226 241 53 232 25 255 23 0 33 72 255 220 255 22 36 85
    45 91 130 1 0 168 93 57 255 234 231 143 155 0 108 0 160 0 166 105
    221 255 179 230 255 91 241 146 45 45 113 195 111 0 39 0 0 35 76 255
    83 82 255 130 0 129 52 192 204 255 255 160 193 0 92 255 100 135 77
    38 147 154 80 187 47 0 184 97 128 255 9 98 0 73 18 83 2 255 178 120
    255 196 21 168 0 140 0 105 5 0 0 255 0 103 98 0 5 62 0 188 0 150 21
    0 255 0 172 107 50 255 255 29 0 255 214 0 118 241 32 255 105 125 220
    236 153 12 62 98 0 227 0 255 133 255 54 255 255 36 163 255 105 7 241
    167 247 60 0 74 212 106 0 129 0 50 66 0 152 0 0 100 183 0 250 255
    255 62 255 194 0 133 127 82 150 58 183 255 144 255 0 239 221 255 192
    14 137 255 132 0 255 111 35 0 108 0 137 157 46 127 139 53 255 0 73
    138 152 134 64 255 255 72 2 255 45 0 138 197 214 69 255 90 0 255 0
    255 184 251 43 255 83 0 255 61 203 0 167 71 111 255 0 135 255 57 255
    0 0 224 30 255 255 252 252 0 58 9 2 255 74 255 73 211 183 0 19 233
    16 240 128 90 5 7 107 23 192 255 105 255 18 255 171 195 155 255 0
    255 213 219 184 0 78 227 236 33 0 33 99 255 255 255 115 244 255 170
    0 155 250 0 255 185 107 255 96 255 255 153 255 199 0 128 129 15 51 6
    0 199 255 255 0 132 73 197 0 255 90 226 223 62 227 233 0 194 139 0 0
    238 171 188 120 0 88 22 255 0 0 248 103 147 255 124 255 91 255 155 0
    41 102 0 0 255 85 255 255 0 0 232 204 0 42 168 169 84 54 113 0 101 0
    148 90 52 114 239 255 255 255 4 0 27 111 15 187 67 234 161 70 166 36
    0 238 0 123 215 0 251 5 255 159 62 71 64 186 236 66 28 255 125 0 69
    255 0 209 0 0 0 71 255 0 171 204 0 197 215 250 255 16 255 171 255
    175 255 255 255 21 123 4 0 92 133 12 0 191 255 44 181 255 1 18 150
    157 180 114 13 86 0 186 253 11 192 76 111 130 91 81 54 255 74 110
    153 141 154 0 255 0 0 164 96 62 141 69 114 234 255 254 255 215 0 160
    211 46 57 255 0 0 49 0 94 100 167 255 17 110 163 255 55 241 26 0 114
    42 231 255 204 0 255 0 0 201 191 19 0 128 255 100 7 9 255 195 0 159
    251 0 211 0 109 255 73 255 149 149 255 146 0 255 222 0 112 178 238
    214 255 160 44 202 255 167 255 255 206 0 125 173 60 0 60 189 123 123
    253 132 255 255 255 0 0 255 251 228 255 0 4 170 2 210 255 179 246 35
    0 0 244 0 142 255 0 255 255 104 0 255 0 204 52 241 0 0 0 31 0 145
    156 140 46 0 0 255 101 154 199 207 150 0 255 193 38 255 225 207 173
    148 57 211 25 255 0 0 255 0 236 239 0 143 0 200 255 0 90 255 255 255
    213 70 22 17 250 7 181 0 83 0 242 255 33 48 0 255 0 127 11 0 53 0 31
    39 121 13 0 153 236 108 229 44 215 224 0 13 13 10 93 104 0 160 51 17
    191 255 61 255 192 68 255 255 233 134 159 128 195 183 64 255 255 152
    255 138 255 123 109 255 0 221 255 175 193 255 188 73 0 52 0 0 255 71
    255 255 37 0 150 207 255 236 47 79 31 25 101 223 57 0 48 102 50 255
    0 0 90 123 105 108 255 234 141 82 255 23 0 16 0 40 255 0 75 41 0 175
    16 255 255 167 206 0 0 31 0 0 87 19 183 255 255 0 255 198 133 81 161
    0 0 219 255 255 206 113 151 255 0 0 255 255 144 0 126 0 0 255 0 85
    255 187 255 14 255 97 196 222 255 43 255 159 58 226 44 0 255 180 13
    119 255 246 36 72 78 0 118 0 42 146 0 0 199 95 255 247 208 210 240
    255 255 0 17 176 0 167 174 242 0 109 255 195 117 255 239 0 255 255
    173 0 223 113 0 255 220 25 206 255 76 255 255 255 237 0 61 255 80 51
    125 113 55 255 255 198 155 173 9 0 255 49 0 111 66 133 17 167 78 129
    0 43 109 252 219 44 0 255 0 178 70 35 0 0 0 0 160 113 107 135 136 34
    60 217 36 17 9 0 255 147 244 20 192 97 81 255 255 0 234 211 83 17
    253 152 255 101 0 30 12 7 0 0 0 10 255 34 255 102 244 239 255 5 255
    181 222 255 48 42 190 0 201 0 152 40 21 191 255 193 255 255 255 0 0
    55 196 0 228 0 73 0 255 0 255 255 187 0 227 124 226 79 115 127 213
    255 167 50 0 237 200 231 99 0 255 193 119 255 0 31 0 255 0 36 255 0
    137 255 64 124 0 255 173 50 0 162 11 0 231 110 255 254 151 83 174 0
    100 132 75 168 255 0 67 232 103 122 87 46 0 109 255 255 66 255 255
    150 202 255 75 255 255 0 179 255 255 96 170 20 0 177 5 250 255 156
    31 53 179 221 255 104 234 73 55 255 186 94 143 47 0 0 154 93 255 255
    68 108 48 255 0 0 255 0 255 155 0 255 55 4 226 187 255 0 0 0 0 0 255
    73 255 47 33 226 203 252 255 222 23 15 255 0 0 79 109 220 87 21 0
    255 0 0 0 46 148 73 140 223 237 0 51 0 187 205 83 53 254 231 0 255
    74 203 0 255 255 20 255 255 180 0 49 110 255 40 158 75 178 255 29
    147 195 26 229 255 111 0 83 112 255 90 33 0 255 255 119 210 255 107
    188 0 0 139 241 15 255 0 0 197 255 255 179 141 255 70 0 214 0 194
    255 255 161 0 243 0 81 174 255 120 255 160 201 72 198 0 255 217 95
    188 255 0 246 197 0 197 171 249 113 0 255 51 61 255 189 43 255 198
    37 0 0 0 255 206 135 127 0 205 255 21 28 255 156 250 140 203 0 207
    122 74 0 179 184 0 255 0 145 194 182 93 0 238 192 207 194 69 163 0
    247 0 149 110 0 189 0 144 177 40 0 0 104 0 0 0 255 0 250 0 0 225 23
    255 184 55 101 196 0 46 203 255 254 213 1 163 26 0 255 15 0 212 104
    109 0 0 253 185 0 111 204 139 197 55 0 212 2 0 73 21 231 0 0 74 177
    0 62 0 191 255 0 68 170 0 137 32 0 170 200 255 78 213 0 214 255 8 0
    61 159 209 255 70 194 255 87 236 140 148 203 136 198 230 255 129 34
    26 97 140 94 0 0 64 81 196 200 3 0 156 255 81 86 200 0 0 255 90 150
    181 47 0 255 179 32 40 255 238 106 102 0 0 0 145 255 7 200 255 104
    255 163 0 193 130 248 255 215 0 131 0 36 0 213 0 108 0 106 0 255 243
    59 101 179 255 255 149 33 72 161 122 255 0 193 0 255 64 146 177 147
    144 169 0 255 128 0 80 73 169 85 0 85 0 255 206 255 255 130 211 255
    230 136 0 255 255 0 218 141 0 39 164 45 255 52 245 255 231 84 98 0
    154 15 0 255 185 159 0 0 0 62 0 117 247 195 252 125 200 203 107 10
    106 0 255 210 133 0 192 0 0 0 184 0 255 173 2 63 148 7 0 0 105 181
    155 255 0 88 89 255 255 243 132 255 255 4 255 255 255 147 52 64 14
    41 65 0 0 95 255 31 175 255 0 186 219 255 53 130 113 184 255 177 18
    165 12 45 124 0 255 0 0 44 42 77 253 163 255 255 0 17 255 163 68 39
    75 158 207 21 103 200 0 224 80 255 49 255 28 52 0 0 183 0 0 80 255
    108 2 255 8 40 255 0 186 136 211 71 255 0 146 209 78 44 255 195 187
    131 255 147 0 255 220 0 158 0 9 18 0 60 78 0 193 96 79 163 0 255 39
    255 255 229 64 214 151 238 0 0 111 170 101 141 0 0 123 255 174 127
    85 129 56 158 25 225 243 60 255 12 0 84 221 255 255 50 93 30 255 0
    16 22 218 0 255 182 0 64 0 108 255 20 114 0 4 132 165 253 3 255 255
    255 153 104 0 185 105 137 91 255 0 99 202 205 11 190 12 16 0 255 183
    111 0 255 226 37 0 214 229 163 202 182 191 84 0 255 255 200 255 0
    255 47 0 171 208 198 18 255 255 255 183 59 115 128 255 0 247 0 151
    192 72 246 211 0 147 255 14 37 255 0 31 0 207 14 241 228 255 110 255
    154 11 93 237 163 108 161 114 141 255 0 124 131 188 255 255 0 255
    248 47 0 255 255 36 179 255 45 255 177 4 96 80 233 5 255 89 226 241
    0 57 53 47 255 0 147 0 246 255 255 239 0 255 0 0 64 0 185 87 0 57
    130 0 0 14 0 123 0 92 255 122 113 123 255 0 255 182 35 252 0 255 255
    255 0 23 255 204 203 88 167 163 255 0 62 255 184 12 0 55 0 96 0 255
    192 73 99 255 212 209 255 255 255 228 211 0 0 0 250 131 0 27 255 125
    255 247 255 57 236 255 2 233 92 57 159 0 0 45 56 255 176 54 9 143
    255 92 124 75 122 114 255 109 0 66 247 0 255 0 0 149 0 12 178 119 0
    234 122 123 0 0 255 73 143 255 251 66 0 208 255 60 255 255 255 193
    255 237 110 255 67 231 84 104 255 0 0 203 67 117 0 255 255 0 180 217
    134 10 90 86 88 255 255 255 255 255 200 189 58 0 165 93 0 255 38 177
    226 255 177 255 255 0 0 163 0 255 255 103 40 63 3 0 255 94 230 124
    64 34 180 252 132 255 89 0 92 0 129 255 255 157 243 208 242 101 231
    255 48 15 96 149 0 255 255 130 89 0 0 250 255 88 255 255 84 255 178
    125 104 255 255 241 255 255 247 255 178 199 110 255 207 0 121 46 255
    144 147 209 250 133 0 146 226 0 0 255 255 177 124 243 28 77 255 253
    133 170 245 49 38 0 255 255 157 131 0 229 94 140 255 0 35 157 255
    108 162 131 60 0 184 129 126 0 41 255 20 255 255 0 33 255 255 226 0
    255 255 123 251 255 81 0 149 255 0 137 255 0 80 108 147 191 224 137
    255 66 82 162 0 255 105 0 17 148 213 255 0 0 13 223 111 0 159 0 0
    196 0 0 129 0 82 240 255 21 61 104 21 255 255 200 62 239 43 255 42
    255 83 0 255 38 31 255 162 41 255 98 11 0 78 62 16 255 17 63 0 199
    251 255 0 240 200 255 222 61 113 255 255 156 233 0 177 255 0 127 0 0
    97 0 10 5 255 178 0 71 39 181 120 89 225 255 131 255 255 20 0 109 0
    108 63 73 11 32 218 83 91 255 59 174 71 151 125 34 131 235 100 182
    255 208 117 255 30 13 126 177 131 61 101 0 104 193 247 94 187 55 63
    18 203 85 216 250 255 164 61 146 47 45 0 16 27 179 92 0 131 0 4 188
    196 255 130 255 138 88 93 164 254 0 31 173 200 162 230 181 66 255
    189 197 26 128 172 255 0 255 0 138 60 0 4 8 0 247 57 120 255 141 44
    30 0 255 122 0 13 220 0 158 230 0 211 255 255 22 79 68 87 244 169
    255 109 123 91 0 0 255 179 110 255 0 255 27 255 108 0 255 253 253
    255 0 163 245 231 139 234 63 187 237 255 30 245 255 197 255 6 255
    135 255 195 86 0 0 17 38 255 108 255 30 255 252 87 28 233 27 255 36
    9 241 36 0 192 183 3 0 73 0 105 213 0 114 151 22 227 211 89 43 100
    67 0 254 0 56 197 130 0 174 76 46 31 96 127 255 255 212 20 0 51 255
    255 0 139 255 255 0 0 153 139 195 255 228 255 215 255 255 255 0 76
    106 143 255 206 146 255 140 127 223 255 76 255 112 0 41 251 171 109
    12 0 153 9 117 255 181 175 176 66 157 0 108 0 227 0 146 123 243 154
    232 172 23 0 80 255 224 149 83 124 140 0 110 0 252 0 0 198 73 0 255
    255 34 255 216 0 0 0 210 73 255 78 255 255 226 38 120 170 255 0 255
    222 71 159 204 245 255 0 175 88 5 0 0 255 0 0 48 255 40 103 255 0 0
    78 255 0 0 186 255 0 85 0 160 255 172 255 243 0 43 227 83 204 133
    193 243 134 255 0 255 170 216 255 117 255 122 150 25 121 160 24 245
    0 71 199 121 0 248 117 0 138 0 203 255 37 171 255 0 122 213 0 250 0
    0 196 255 255 223 75 47 142 169 162 0 255 48 244 33 59 47 255 0 69
    204 213 236 36 106 255 84 10 0 169 46 155 255 246 33 255 1 148 237
    84 153 187 200 158 0 96 108 1 255 205 255 72 242 13 255 126 255 128
    0 143 0 154 238 0 0 142 245 0 149 161 197 255 0 255 0 255 255 0 28
    205 20 139 133 255 107 0 255 40 0 0 223 0 210 68 0 10 95 255 231 5
    159 161 62 91 173 0 123 106 146 106 130 12 255 195 0 19 193 60 255
    158 96 210 0 252 180 0 206 255 0 188 198 251 40 0 224 229 113 255
    128 117 68 0 182 47 255 244 255 0 12 153 71 7 44 23 14 255 0 39 156
    0 0 255 255 22 245 255 0 228 172 168 23 41 255 25 180 255 242 255 82
    186 18 31 255 152 108 216 64 114 237 0 132 220 120 25 179 255 175
    171 251 0 0 140 197 0 180 88 93 182 199 0 255 255 0 208 23 111 26
    255 255 227 0 48 50 174 170 22 145 87 255 213 255 0 204 125 0 22 0
    255 255 162 226 255 0 105 255 255 221 255 220 252 0 37 0 119 0 0 42
    0 0 232 84 0 255 7 199 255 146 255 145 169 110 251 255 35 0 36 116
    180 100 33 202 206 61 255 78 202 5 0 255 0 119 255 255 255 7 255 177
    0 255 0 255 108 33 221 95 0 221 237 187 106 238 28 255 30 255 213
    234 0 217 255 251 101 9 138 5 255 177 0 158 255 255 100 4 255 137 0
    0 0 196 0 255 255 255 0 0 255 61 200 166 13 0 5 196 255 172 0 250 0
    0 254 140 154 164 109 190 216 33 88 255 95 149 0 0 156 75 255 203
    236 37 36 131 203 226 0 0 148 221 241 255 239 61 195 255 184 6 241
    157 0 47 255 165 130 200 75 79 255 240 255 53 255 45 204 27 0 221 0
    217 207 121 0 52 255 62 182 255 217 189 229 33 255 24 246 255 252 9
    16 27 179 235 155 255 208 97 185 255 72 75 65 0 255 18 79 146 131 18
    143 215 0 0 0 191 0 157 255 76 246 10 108 50 155 51 200 255 0 255 34
    255 221 63 32 224 155 0 0 209 0 54 255 255 49 202 208 10 76 144 214
    153 133 221 206 151 255 0 27 230 0 229 51 0 229 69 174 156 0 19 0
    255 180 0 130 161 148 255 201 235 68 98 119 110 10 255 139 201 255
    251 156 255 255 14 29 255 23 131 255 255 0 255 207 22 0 224 255 12
    75 111 126 186 138 10 21 255 255 153 220 255 235 215 0 255 13 255
    209 36 135 193 0 99 255 138 47 0 88 212 0 255 116 0 173 149 143 0
    211 255 221 202 83 33 124 24 55 80 229 57 23 173 155 55 67 116 191
    181 243 252 0 0 117 94 0 210 186 0 78 179 6 255 255 3 22 214 224 255
    255 254 96 62 234 0 30 18 25 0 0 0 129 220 255 131 255 0 255 29 79
    67 175 134 58 0 0 0 107 0 255 127 0 103 248 217 255 0 0 0 226 0 0 0
    0 85 34 0 0 123 189 0 113 28 0 0 255 123 255 74 39 255 219 252 0 255
    30 0 0 252 21 122 249 255 179 233 255 75 0 255 0 255 255 0 139 32
    255 255 188 0 136 255 255 0 0 126 255 225 0 39 73 26 16 81 49 19 255
    127 253 224 239 154 91 228 255 22 237 255 0 173 0 159 255 114 64 0
    161 255 255 224 179 0 87 123 134 212 81 0 145 255 210 24 0 83 189
    183 255 255 255 0 255 161 23 191 255 1 91 255 113 0 145 72 0 6 44
    255 106 119 197 117 0 255 0 0 0 74 255 220 47 255 0 255 217 53 0 255
    255 255 73 0 210 137 99 0 0 255 211 0 100 102 154 30 214 255 87 255
    0 228 20 208 255 144 255 216 255 255 255 0 196 21 255 26 187 255 0
    100 255 255 0 0 255 0 227 233 226 255 255 255 169 255 0 138 205 31
    31 165 112 255 77 255 124 86 0 54 156 17 245 0 23 139 193 17 12 255
    255 255 0 143 139 176 35 105 224 0 127 0 91 126 0 255 0 255 239 255
    156 209 255 174 111 142 255 0 255 0 0 183 0 80 184 255 95 172 255 0
    0 255 216 203 48 0 0 255 146 231 50 180 10 255 55 83 255 0 56 202 65
    255 170 178 127 69 0 0 0 162 0 214 255 244 177 92 252 197 163 201 46
    43 230 10 95 209 0 48 229 71 60 59 244 26 234 46 255 239 118 161 48
    255 63 19 108 0 97 0 0 128 0 255 255 32 12 103 11 236 208 0 43 255
    106 255 255 159 255 0 0 162 255 0 164 0 255 255 20 0 135 255 195 255
    208 58 121 0 160 204 175 255 255 137 104 231 222 255 0 0 29 255 177
    255 255 0 45 83 80 32 0 90 81 255 60 71 222 104 127 255 255 0 206
    255 200 140 105 255 169 44 255 0 202 0 66 115 0 43 0 0 255 54 221
    171 70 73 130 0 23 0 255 59 0 147 189 232 255 216 206 113 146 183 0
    0 60 164 104 8 0 46 255 69 70 231 31 178 194 14 88 44 255 255 89 130
    232 86 255 252 200 204 218 30 0 0 119 255 0 2 56 0 0 253 165 190 244
    37 92 16 133 158 130 184 66 0 66 0 255 93 255 231 173 255 190 47 255
    0 255 255 0 255 0 0 255 0 109 230 51 70 130 32 81 255 112 36 229 82
    129 255 255 181 255 0 0 137 97 157 32 0 165 127 197 0 255 0 135 0
    131 222 173 255 107 255 175 127 249 255 0 147 30 0 219 0 0 30 25 95
    29 154 145 202 49 107 255 255 0 255 189 0 110 0 255 0 255 255 31 217
    16 0 255 0 202 118 0 58 81 255 227 122 255 248 255 86 255 0 0 254 0
    0 0 229 251 245 255 176 153 4 225 89 26 0 217 111 146 127 212 231
    164 57 37 147 116 16 167 14 26 198 0 0 197 178 186 185 174 125 66
    255 110 142 0 255 196 140 157 0 167 255 221 189 132 203 40 238 195
    167 172 58 255 100 0 168 42 198 95 221 90 255 23 255 146 234 0 84
    232 65 255 255 74 0 255 180 150 0 0 226 255 0 70 0 255 17 0 216 0 73
    255 255 255 0 126 57 160 190 255 255 250 245 34 19 229 184 140 187
    89 163 243 255 0 138 174 0 255 250 249 12 0 100 53 91 0 28 172 142 0
    207 135 197 172 0 140 0 48 145 120 0 255 153 43 255 0 255 242 84 0
    46 0 200 0 199 180 46 0 255 59 28 253 207 149 242 97 15 144 139 42 0
    229 0 0 255 75 239 185 88 163 0 86 211 0 126 151 255 0 255 201 153
    74 80 25 236 150 255 255 0 255 127 229 25 54 123 114 88 255 105 255
    143 44 57 122 108 0 32 206 180 142 206 66 80 97 255 0 62 35 124 33
    255 255 0 169 255 12 27 255 70 61 243 68 0 178 42 255 30 8 255 0 236
    22 173 50 0 86 0 0 255 18 102 119 80 40 236 255 255 249 69 221 166
    255 118 255 255 87 131 154 0 0 112 211 11 161 213 0 40 79 0 173 93
    211 23 219 255 219 128 48 141 255 141 255 0 139 200 0 46 0 68 0 0
    174 251 39 34 0 109 113 135 255 255 151 152 255 255 156 0 95 146 189
    46 0 0 255 33 255 0 156 107 58 175 0 186 83 114 48 180 149 255 113 0
    255 204 255 26 130 54 184 230 255 255 255 255 217 89 141 255 223 0
    255 11 194 0 0 60 255 233 0 255 226 218 0 242 133 228 168 133 3 141
    191 53 204 12 154 0 0 207 255 215 208 255 165 0 225 55 10 74 58 83 0
    0 249 177 255 232 0 41 113 0 59 0 152 130 30 255 0 255 47 0 255 47
    123 255 151 24 20 194 0 20 18 0 115 255 9 180 38 90 198 150 255 14
    44 0 255 118 229 26 255 0 36 144 116 0 233 255 45 192 164 39 11 208
    33 173 0 0 241 0 232 15 240 0 240 149 117 99 62 255 0 0 0 67 47 5 81
    248 255 255 31 134 198 9 0 130 243 42 26 0 0 255 32 111 182 0 117
    255 255 0 217 231 161 255 194 213 210 64 119 0 0 136 0 238 0 13 37
    40 255 0 145 255 218 132 39 197 0 134 60 210 116 255 216 0 117 34
    255 116 0 159 105 0 69 253 255 209 139 95 0 0 141 140 180 59 20 159
    16 57 32 17 87 0 148 152 0 0 4 238 185 168 114 226 163 255 76 116
    187 138 246 226 23 57 52 156 106 76 27 51 0 50 255 0 0 50 152 120 0
    211 255 115 255 0 160 0 0 0 6 255 238 190 249 0 226 252 255 0 5 255
    28 122 170 215 0 165 255 255 62 175 142 80 0 0 255 0 76 124 197 46 0
    0 255 98 51 241 49 22 0 0 105 0 127 159 186 255 63 99 203 95 0 255 0
    105 0 205 255 47 47 255 60 179 114 67 178 191 43 173 146 0 255 191 0
    255 192 110 255 0 255 176 255 188 127 237 155 154 190 201 221 135 83
    240 255 27 255 255 224 170 131 54 49 227 255 255 194 53 11 183 72
    194 243 25 109 169 230 255 170 172 95 255 130 0 250 201 42 255 255
    237 154 217 113 243 138 0 255 113 0 0 168 255 109 100 130 85 128 77
    0 0 0 127 182 112 255 178 255 73 255 0 0 0 186 69 84 220 184 249 86
    11 255 128 255 0 120 14 198 65 217 145 255 178 186 255 98 225 106 0
    255 2 0 101 255 0 0 48 19 182 127 0 220 229 255 247 129 10 255 200
    250 181 3 127 49 178 0 249 104 216 255 49 179 252 110 0 20 152 0 255
    241 97 9 180 255 49 232 0 0 155 255 255 255 186 73 255 21 137 35 77
    173 104 0 0 255 255 244 255 0 227 255 219 255 255 146 255 214 233 48
    67 171 255 255 196 139 242 173 254 153 40 98 255 0 5 127 0 255 255
    109 226 111 61 255 255 44 59 0 105 105 0 12 126 89 255 129 46 255
    255 255 0 255 0 165 162 255 116 206 206 255 187 0 255 255 2 59 248
    147 60 83 255 0 173 0 41 0 255 7 183 30 0 206 148 72 234 21 153 85
    255 208 72 255 255 73 142 166 254 60 0 188 204 241 70 164 249 255
    104 229 253 90 218 0 0 240 231 0 201 115 32 29 188 181 82 100 203
    209 119 120 218 0 68 98 0 0 70 41 0 0 0 42 255 60 70 25 73 17 73 0
    87 81 249 208 117 228 243 0 20 0 30 255 255 255 0 250 107 0 242 255
    180 14 137 36 0 0 255 0 239 202 112 59 255 255 202 78 122 0 204 255
    144 255 0 0 241 255 201 0 86 78 227 255 0 135 255 221 255 255 6 255
    167 170 17 103 114 164 255 6 158 110 217 0 255 242 154 197 0 27 34
    75 160 168 0 17 12 69 0 0 189 46 1 235 255 68 255 0 245 255 51 250
    207 28 17 255 148 69 191 40 254 255 0 141 85 0 15 120 255 0 181 0 49
    255 81 103 255 139 176 27 141 0 209 71 255 232 98 255 255 157 255 0
    248 235 76 230 189 255 153 58 0 168 0 219 190 149 233 254 43 0 133
    23 206 255 19 236 169 255 42 0 255 89 255 131 23 58 185 113 78 71
    137 253 255 103 120 129 181 0 0 220 39 255 234 255 185 185 45 149
    154 242 0 54 72 177 255 0 255 87 255 139 255 60 157 81 29 16 255 180
    65 217 255 0 92 113 255 255 194 101 170 0 255 0 81 54 113 255 255
    242 255 255 188 170 10 75 87 192 198 0 0 0 176 148 0 0 0 43 117 137
    255 72 65 0 80 167 255 181 0 5 122 183 0 255 254 183 100 255 56 46
    137 0 160 24 102 58 0 255 0 0 112 0 32 0 85 144 230 229 255 12 0 255
    0 227 207 255 207 255 255 29 255 85 128 0 0 255 96 88 243 115 0 217
    34 245 0 0 0 21 124 6 255 167 78 255 94 0 205 204 255 225 219 1 0 0
    84 23 0 139 155 247 255 0 154 255 205 154 195 229 181 0 0 3 233 255
    143 0 101 108 111 248 175 240 236 0 152 18 88 93 15 86 0 151 0 0 158
    192 255 0 49 0 144 99 255 237 114 167 255 204 255 0 0 29 0 199 206 0
    255 0 152 210 0 0 0 26 165 0 166 81 252 255 27 107 216 0 255 52 0 0
    233 109 0 175 215 17 0 0 0 131 17 138 165 255 154 65 255 24 46 0 110
    58 48 171 178 179 0 8 0 255 112 95 213 59 23 223 74 85 64 153 183 23
    7 91 101 175 147 240 151 18 207 255 0 98 18 224 8 255 255 238 131 10
    173 255 0 255 100 185 164 121 58 0 0 0 122 222 86 255 5 232 98 255
    156 255 27 195 218 255 255 222 112 0 26 99 53 187 20 32 255 116 8 10
    0 0 214 29 255 255 118 251 21 194 0 154 179 33 63 80 184 0 177 54 62
    244 181 200 239 255 0 68 141 81 0 255 99 75 255 120 154 41 81 10 255
    0 66 26 0 255 178 0 255 80 202 121 0 255 63 34 255 209 209 46 121
    102 255 8 0 164 255 208 130 69 255 0 0 211 255 0 169 36 0 0 255 255
    17 0 235 0 255 0 247 94 0 0 214 158 5 202 115 17 43 128 10 255 0 185
    0 0 255 255 255 168 219 66 0 0 255 0 49 0 134 246 0 218 255 255 0 30
    97 88 0 202 255 236 250 0 92 255 255 82 255 255 58 189 199 141 131
    69 0 255 0 255 238 0 0 123 255 214 117 255 192 212 255 0 219 159 228
    119 109 255 255 154 255 0 0 63 133 0 0 62 231 0 0 101 49 238 238 141
    0 255 136 141 0 233 0 146 255 0 241 97 114 15 28 206 13 0 132 49 4 0
    83 208 204 0 0 255 218 120 215 255 138 115 252 105 0 220 255 174 0
    175 24 255 116 195 110 35 177 0 21 180 166 255 255 255 255 151 255
    134 167 38 172 255 242 0 136 0 255 126 255 0 77 0 20 0 5 189 255 59
    204 96 0 0 243 197 255 60 97 255 255 100 0 0 0 255 206 0 89 0 121
    255 133 201 0 109 255 70 246 0 12 255 61 255 255 255 211 87 255 24
    82 255 255 158 0 70 242 0 29 248 0 31 0 67 217 104 255 255 159 236
    219 222 169 3 0 0 255 183 243 23 0 171 249 173 0 255 255 255 255 0
    93 51 0 85 255 156 0 53 61 255 0 15 118 36 107 0 56 104 0 0 125 0 0
    109 120 204 205 28 237 41 255 130 255 177 80 210 0 173 242 209 77
    255 255 170 128 0 209 100 140 242 28 136 0 37 255 193 74 190 1 255 0
    0 1 0 28 206 238 0 255 185 185 0 0 59 211 185 11 170 255 62 156 95 0
    255 73 255 54 0 235 0 227 245 197 219 0 134 151 88 129 202 249 255
    64 125 255 188 136 255 117 0 183 148 69 207 191 130 0 255 109 108 11
    204 14 255 181 213 255 81 217 238 102 193 255 175 26 214 255 51 123
    255 91 255 155 73 178 255 10 163 87 255 172 255 71 0 122 26 178 0
    185 255 37 221 64 255 255 13 0 220 87 154 0 247 209 233 105 156 137
    200 58 236 0 78 247 250 0 16 159 0 255 20 152 114 255 255 36 0 255
    181 229 34 25 255 56 255 0 126 255 0 255 166 164 171 144 67 201 126
    104 255 50 255 235 95 149 84 255 28 255 121 100 102 255 205 143 0 84
    255 222 0 244 255 176 47 1 4 107 28 57 253 233 239 61 0 255 255 255
    34 222 255 0 199 119 4 255 156 154 165 153 255 255 99 255 40 30 0
    167 51 0 187 17 179 0 137 255 255 255 255 222 197 188 5 255 246 63
    255 189 0 255 180 0 84 93 104 175 0 255 0 0 0 103 105 95 132 126 0
    12 201 207 29 47 223 71 167 255 0 117 15 71 255 0 0 0 212 131 49 109
    190 108 139 179 16 221 210 2 124 210 61 45 58 99 255 0 0 252 128 255
    255 0 255 184 255 248 211 0 0 67 0 247 0 31 255 239 1 145 244 0 255
    0 220 255 224 190 47 255 0 0 255 157 0 90 255 32 175 255 46 0 200
    180 165 52 62 255 255 198 0 255 255 231 116 147 56 255 0 220 29 255
    212 56 152 3 22 97 2 255 140 0 116 0 0 255 0 0 44 201 255 4 253 255
    208 255 255 181 45 189 120 255 0 0 255 0 90 6 161 255 117 0 255 140
    145 255 139 193 120 255 0 146 72 255 0 30 16 0 209 42 84 255 199 0
    61 18 162 132 188 0 74 0 87 255 255 3 204 129 255 10 91 255 0 78 0
    164 107 0 226 234 9 19 150 255 193 239 255 175 88 166 192 150 132 63
    185 32 210 61 189 222 255 23 108 0 17 255 192 5 5 237 96 166 0 8 148
    66 0 69 76 255 208 118 109 179 245 0 124 180 0 0 103 0 255 106 0 216
    166 192 197 192 126 247 108 104 0 0 255 232 6 0 18 160 0 135 84 77
    255 88 255 0 6 221 52 255 254 235 255 255 163 58 255 193 225 68 142
    178 107 83 197 254 223 19 0 0 255 166 160 201 255 43 255 157 0 255
    80 255 245 224 202 202 169 91 0 90 245 103 0 0 222 134 96 234 247 0
    68 33 166 27 0 238 0 255 177 255 201 21 146 147 195 79 255 255 139 0
    174 0 58 255 204 255 2 236 67 0 0 201 197 13 214 8 176 68 0 252 170
    255 255 111 255 252 37 15 187 163 255 255 0 34 255 5 42 255 147 8
    255 194 155 177 73 255 146 241 255 74 131 255 58 255 3 0 0 255 0 196
    145 109 0 0 0 255 119 193 0 255 41 255 63 160 100 0 94 167 255 255
    255 178 0 213 70 112 227 48 0 175 62 50 0 144 0 180 255 165 141 249
    225 66 4 189 182 230 52 0 255 227 0 255 0 8 25 255 0 206 77 18 153
    171 255 0 50 255 0 64 0 255 247 255 255 0 175 156 190 205 0 0 0 0 0
    163 255 255 255 255 242 255 0 0 0 255 4 0 232 74 255 83 250 136 11
    99 204 141 96 0 170 255 116 3 90 237 8 231 74 208 37 0 112 47 148 6
    255 182 58 60 63 245 0 113 0 0 184 37 0 0 55 92 30 111 223 0 194 0
    218 12 3 150 229 79 255 0 196 138 176 0 17 0 115 16 115 255 255 255
    255 70 140 104 65 0 68 0 60 0 74 36 57 209 30 31 255 0 9 209 5 111 0
    28 136 0 255 129 81 137 231 49 108 40 37 45 108 255 0 185 209 34 0
    255 255 94 0 218 255 24 174 53 15 172 42 67 124 198 181 150 106 111
    198 188 5 91 255 0 70 158 57 180 255 243 118 255 255 8 226 142 84 39
    39 12 63 0 198 0 255 81 255 55 111 0 0 0 205 167 255 195 255 0 176
    27 113 255 0 0 246 23 0 255 66 255 0 113 173 246 120 191 204 49 192
    0 255 255 227 0 0 255 255 66 218 255 227 0 0 0 255 177 220 25 255
    112 195 226 244 30 71 182 78 150 182 0 255 59 255 84 0 12 198 34 255
    208 77 172 0 255 13 0 68 0 239 85 11 72 0 76 0 114 7 0 159 0 255 0
    118 92 0 255 255 255 44 255 0 176 124 8 255 240 206 255 0 248 0 130
    1 212 255 182 227 177 255 53 85 255 121 255 255 0 175 138 255 170
    255 0 0 189 18 255 8 63 238 242 255 120 221 128 0 255 39 0 172 0 0 2
    134 255 65 233 0 0 69 133 224 24 255 183 71 255 45 12 255 150 0 0 0
    0 34 0 125 0 233 183 153 63 148 214 128 12 175 198 0 64 255 0 89 245
    251 255 153 196 192 195 0 117 56 255 164 6 0 245 0 255 154 192 234
    64 187 32 156 172 108 148 200 104 255 137 219 216 98 207 58 91 255 0
    255 90 0 124 0 43 75 0 0 19 214 11 0 78 102 255 255 153 255 88 242
    206 255 255 11 252 255 0 41 0 0 0 0 215 26 255 80 0 212 76 0 255 137
    0 69 197 7 71 0 255 255 255 65 0 64 40 0 164 255 129 47 212 2 255
    240 235 14 30 255 43 28 235 124 169 0 0 255 255 44 0 213 0 156 176
    197 0 61 177 16 234 160 204 253 54 0 150 0 0 218 0 0 80 131 83 10
    255 232 0 25 255 52 12 114 89 0 80 0 69 18 102 255 0 0 62 173 251 21
    255 0 165 255 0 162 244 0 255 140 0 255 182 67 0 215 193 143 44 217
    10 20 191 78 96 238 153 255 102 17 202 0 75 28 0 100 51 116 134 0 64
    255 23 248 237 84 0 105 63 0 55 0 55 54 172 55 0 0 187 255 0 77 223
    255 119 255 202 198 0 68 255 0 136 245 255 0 29 153 127 146 0 27 0 0
    30 255 0 155 196 42 0 108 133 34 57 35 177 207 122 65 87 0 255 43
    212 255 90 143 199 0 189 170 188 255 230 188 144 0 178 32 255 255
    206 2 62 111 208 255 255 242 0 255 16 0 8 35 255 0 120 255 164 45
    255 9 138 230 126 0 255 255 255 255 124 92 255 0 58 168 108 0 22 255
    0 255 255 96 0 245 0 0 255 86 180 190 149 177 88 255 255 0 255 255
    244 177 84 132 199 252 195 0 0 0 123 0 76 140 228 26 55 207 218 128
    115 209 250 103 233 28 0 84 255 0 255 255 158 255 83 230 0 83 0 85
    163 0 162 255 22 57 0 0 133 215 84 0 0 12 135 223 175 102 255 188
    255 250 172 255 29 32 59 255 255 49 255 90 255 13 193 0 119 255 101
    134 23 127 255 0 0 255 14 127 255 208 95 255 245 244 90 194 111 38 0
    255 0 0 9 167 52 115 161 74 108 255 9 95 0 255 46 101 220 159 255
    120 52 99 231 0 15 9 201 0 0 255 173 25 0 192 0 0 0 4 212 255 45 77
    255 255 238 42 204 255 10 37 255 21 252 0 189 153 162 32 83 92 255 0
    255 0 93 0 0 139 253 212 255 0 228 255 255 255 173 12 184 0 0 199 0
    255 22 86 220 255 133 35 104 0 43 172 255 255 255 255 0 198 255 23
    58 48 142 0 255 198 0 11 255 28 0 67 0 0 33 73 100 34 255 64 243 108
    8 128 191 255 166 52 200 0 88 255 24 209 188 90 111 0 0 108 255 48
    255 11 233 255 100 75 7 226 13 0 194 121 0 212 85 77 30 208 179 2
    110 255 179 72 84 0 255 0 0 63 253 252 213 184 110 42 119 215 139 0
    109 170 175 255 255 85 86 61 0 216 164 0 0 6 0 162 186 0 164 247 71
    90 176 191 231 153 0 171 255 72 155 229 255 192 0 255 0 104 156 175
    58 156 118 255 0 255 216 0 130 174 185 152 0 255 72 137 245 255 180
    210 72 0 242 93 184 119 77 254 0 240 243 255 61 0 255 0 88 25 116 41
    0 22 179 0 255 255 158 255 255 19 254 20 230 0 195 255 247 255 244 0
    0 75 255 255 0 255 58 255 103 165 0 255 0 238 4 0 109 186 255 255
    137 255 0 0 204 165 151 255 161 146 9 255 0 255 0 255 36 0 200 173
    137 255 52 97 8 176 206 31 53 85 0 46 218 95 168 162 0 255 85 0 48
    102 0 0 180 0 29 137 220 37 108 255 255 97 255 0 172 254 255 154 173
    0 127 0 255 255 255 255 217 202 0 255 255 1 9 0 189 96 255 41 54 163
    152 22 0 0 9 233 208 0 121 30 116 0 185 98 0 255 255 153 255 244 152
    88 0 216 180 115 0 229 217 79 167 255 79 89 117 0 154 75 255 52 57
    188 0 105 97 164 147 0 0 71 255 94 17 2 32 98 72 40 0 24 83 160 0 41
    146 114 122 13 134 90 78 175 156 0 182 0 53 0 116 0 184 150 106 72
    76 135 44 0 204 204 101 154 192 0 49 73 255 11 166 0 2 28 201 107 95
    57 255 27 0 148 111 235 240 96 9 253 214 0 79 0 128 4 59 255 59 23 0
    247 255 247 255 122 255 0 224 0 33 29 0 0 0 135 230 65 0 255 0 0 31
    20 237 14 0 112 70 25 63 218 30 0 220 255 96 255 104 152 205 239 0
    202 6 255 157 59 213 92 115 224 0 133 11 255 24 24 82 248 0 0 92 0
    138 172 66 72 0 157 42 97 255 151 218 36 47 12 37 213 211 0 205 0
    181 255 228 0 51 0 255 82 0 0 0 255 0 218 191 171 14 255 27 255 153
    79 0 36 188 72 0 0 50 255 0 166 255 238 141 0 228 0 57 255 0 0 155 0
    255 179 0 215 231 255 233 0 255 255 3 255 0 73 194 0 255 36 255 171
    0 205 0 107 162 73 7 255 29 199 125 226 19 193 188 93 249 192 0 183
    131 0 110 129 255 137 108 99 154 255 0 255 14 0 96 188 128 140 244
    212 128 64 0 255 255 60 0 0 211 11 56 60 115 0 18 198 0 255 0 204 0
    64 255 91 173 116 148 201 0 0 219 255 157 54 255 160 255 95 0 138
    255 0 133 143 255 218 87 213 92 0 251 0 0 50 20 255 236 255 159 104
    155 127 229 0 255 161 0 12 170 149 71 224 81 135 38 255 219 255 53 0
    255 225 255 143 255 255 105 59 255 156 44 0 162 87 248 119 131 151
    64 0 31 187 248 255 41 5 0 255 47 151 255 250 146 10 205 34 48 112
    121 28 165 0 255 160 43 255 0 255 171 78 229 255 44 45 114 0 249 255
    0 121 0 228 205 82 0 16 0 191 255 159 103 223 195 72 26 242 0 27 0
    126 242 255 0 255 156 255 255 0 118 2 241 0 255 73 255 153 0 64 188
    0 181 0 117 141 65 255 124 58 34 0 255 255 255 205 5 227 0 0 255 8
    255 48 31 20 114 255 28 255 20 169 255 141 220 17 56 31 255 195 0
    210 32 255 161 201 46 215 255 0 164 196 255 192 170 38 230 255 120
    230 240 34 0 252 157 255 255 199 142 147 132 247 198 201 191 213 76
    255 83 153 242 127 196 255 255 255 133 255 255 49 125 6 106 255 0 0
    229 255 255 75 236 231 0 90 85 255 235 109 78 254 0 96 111 0 255 240
    62 220 0 227 45 226 255 98 249 84 139 161 0 28 163 132 163 212 94 0
    201 30 118 89 157 140 0 228 255 138 52 156 0 200 172 87 255 161 116
    255 44 255 250 67 255 173 255 0 255 176 124 203 254 168 2 255 73 0
    162 99 107 255 37 0 134 86 81 0 26 0 231 255 157 193 255 255 0 255 0
    7 212 215 4 219 47 154 244 148 0 117 0 33 255 65 91 186 192 171 87
    91 255 143 255 0 255 137 0 0 0 84 255 208 35 223 157 81 0 99 229 230
    255 224 26 0 96 57 80 5 143 255 113 0 0 82 31 0 0 139 176 69 184 112
    0 120 163 229 112 23 88 255 255 12 190 255 110 172 25 45 155 97 58
    255 64 37 255 118 187 94 0 0 81 247 255 48 255 160 55 73 0 47 216
    255 0 48 0 157 255 174 0 255 242 92 0 238 32 215 28 255 182 8 171
    218 21 0 195 199 250 141 41 45 199 0 255 44 156 48 202 40 0 137 152
    255 255 149 211 67 96 226 83 210 255 203 14 241 0 176 237 91 43 0
    255 0 122 208 35 53 151 198 216 173 90 255 84 175 0 0 215 250 255
    106 116 255 0 0 0 0 247 0 60 87 0 217 255 255 137 255 0 221 237 239
    0 53 228 200 255 80 125 212 97 0 194 174 5 84 223 255 255 0 157 190
    116 95 131 136 189 76 182 235 198 76 236 198 116 173 55 202 0 29 89
    157 255 255 221 0 53 10 221 255 0 120 32 140 243 179 22 255 0 179 80
    0 93 255 133 6 61 251 172 204 255 147 79 83 255 141 0 255 140 0 0
    250 255 255 241 177 63 0 62 62 0 200 36 65 47 255 0 0 191 32 0 50
    131 0 58 225 255 73 140 56 26 255 255 202 0 118 41 0 138 183 255 0
    250 12 255 30 255 64 115 255 0 37 255 26 130 255 255 52 255 215 0 88
    255 0 255 255 211 28 0 37 29 0 13 15 255 0 243 255 112 255 47 35 69
    47 37 220 123 131 0 0 184 255 0 63 255 77 202 100 1 0 255 228 14 100
    50 101 207 255 0 255 227 0 240 165 0 6 126 102 0 152 255 39 48 215 0
    124 65 255 255 0 224 175 52 39 255 78 248 255 0 106 8 178 0 139 0
    110 0 67 41 13 255 39 254 0 0 211 22 39 0 0 0 198 80 195 95 60 0 124
    255 0 228 255 177 229 0 85 72 248 0 63 0 228 255 255 178 0 95 70 16
    149 0 201 183 0 181 122 225 0 66 255 70 108 114 255 230 0 0 82 138
    229 0 255 0 10 6 255 107 0 74 147 199 0 184 110 182 104 60 0 46 197
    19 255 0 0 158 249 255 216 255 255 58 175 177 85 10 95 0 75 0 182
    255 211 17 255 237 7 255 68 0 222 50 167 22 255 99 48 51 0 255 0 95
    238 254 222 220 119 255 255 168 130 81 112 255 53 65 0 145 242 255
    195 145 0 130 45 0 195 255 1 0 155 188 233 255 255 105 23 234 22 70
    255 151 211 150 210 209 150 50 169 0 10 230 144 24 239 0 55 133 255
    0 162 0 145 16 118 166 28 255 150 0 0 216 19 255 248 208 0 168 165
    231 75 255 238 18 240 167 155 0 100 26 89 102 15 186 0 109 96 0 255
    255 100 0 180 255 116 0 69 204 30 189 255 117 115 56 112 255 189 36
    90 115 134 244 87 93 181 44 255 217 255 250 38 235 227 96 0 255 100
    0 0 134 170 199 0 106 156 74 255 255 20 0 255 201 255 255 255 255
    255 0 255 255 0 20 240 117 38 63 26 168 114 237 129 238 0 0 232 0 71
    0 40 152 131 205 83 82 33 19 168 255 147 36 255 255 60 0 72 255 255
    197 83 255 0 163 255 0 0 220 0 0 38 0 0 165 131 255 198 74 246 255
    210 172 104 243 255 241 0 137 255 255 32 250 255 0 255 165 130 237
    243 176 48 110 12 111 4 255 0 0 0 164 188 99 0 255 255 105 246 255
    206 0 77 210 43 238 255 243 47 54 255 255 198 44 58 255 45 28 226 0
    255 255 255 0 189 95 255 95 255 0 240 53 0 82 255 29 255 132 246 38
    255 251 64 86 134 88 227 0 17 1 150 244 255 87 179 102 255 106 7 128
    176 218 86 255 113 173 88 23 139 0 140 255 114 27 109 255 255 43 255
    255 1 40 98 124 11 15 231 0 85 230 98 161 47 255 149 255 255 224 255
    191 255 255 0 157 147 226 135 255 54 85 220 255 62 0 119 44 255 114
    134 185 255 0 142 12 0 247 83 39 54 147 255 107 254 255 116 124 150
    255 64 0 143 255 117 10 170 0 233 0 0 0 0 0 202 255 255 255 255 0
    255 160 6 255 43 0 216 0 255 40 148 211 0 255 135 255 90 81 0 0 189
    255 7 255 8 26 177 255 149 244 175 255 101 109 41 78 73 255 0 255
    255 0 212 255 224 255 81 0 73 255 227 171 137 143 55 0 106 89 217 52
    200 86 155 215 255 47 0 0 115 236 0 0 222 0 0 0 255 143 17 112 255
    179 115 0 38 0 89 140 95 0 44 255 247 196 255 221 181 0 83 99 0 0
    255 255 148 210 143 0 0 56 161 255 217 61 4 255 0 0 81 104 179 122
    255 255 31 255 51 76 0 141 103 45 246 0 178 169 110 4 85 0 255 23 0
    255 189 41 199 188 255 154 0 106 8 64 255 86 175 174 200 12 203 255
    184 0 219 0 113 0 188 219 180 169 106 9 145 50 177 193 255 0 119 189
    112 196 97 33 53 115 2 0 119 169 255 132 0 70 255 241 0 153 207 0
    170 49 185 254 255 91 0 226 225 0 35 255 0 127 70 255 242 253 255
    160 255 89 236 57 58 255 255 0 255 33 187 181 74 12 52 50 154 24 24
    0 164 68 104 255 194 67 73 39 0 121 255 223 0 233 92 255 255 21 80
    211 0 218 220 163 248 32 0 41 107 7 227 213 232 0 0 53 244 59 239 28
    159 171 255 150 255 176 222 236 97 86 48 15 208 218 159 216 113 167
    131 115 153 255 119 17 87 56 0 255 90 97 197 234 202 213 84 69 70
    210 144 55 38 185 254 0 0 61 191 0 255 255 0 68 255 53 255 0 255 255
    44 0 168 100 209 105 0 137 27 113 31 0 30 0 26 0 96 163 204 0 106
    255 77 135 243 255 0 179 107 66 219 241 10 205 255 151 89 249 45 6
    234 213 1 194 150 29 0 255 255 173 222 232 253 195 255 255 0 172 255
    88 0 78 255 168 38 0 36 100 0 0 65 135 255 141 184 187 0 255 187 165
    255 31 255 210 0 255 230 76 110 0 68 255 45 0 206 255 121 255 255 0
    255 0 104 255 185 255 91 0 15 0 20 0 237 223 252 255 78 18 255 255
    255 137 142 1 99 255 255 25 0 0 0 192 160 215 0 63 191 227 11 102
    158 21 80 137 213 0 118 34 190 3 244 255 255 212 255 79 255 227 224
    255 140 255 197 255 255 72 132 42 140 149 254 182 148 53 179 0 255 0
    205 59 74 8 205 255 0 153 220 255 0 255 219 231 160 5 255 58 255 205
    0 101 209 0 210 126 43 0 255 188 255 255 255 74 0 0 255 113 255 80
    53 255 77 174 255 255 121 200 254 255 0 99 129 87 35 255 0 188 246 0
    120 62 255 132 164 31 255 255 255 117 84 221 99 194 14 0 19 200 0 0
    204 112 69 0 255 235 255 155 255 128 0 32 213 97 19 255 25 15 150
    244 103 238 42 28 186 114 113 0 143 9 153 0 0 240 245 115 95 0 141 0
    0 207 255 255 0 255 110 127 235 0 58 163 22 27 81 81 110 0 160 213
    15 191 255 52 165 125 73 74 119 0 0 153 255 98 0 145 70 25 255 255
    64 115 80 196 53 89 255 255 0 255 127 255 66 84 229 0 182 172 74 0 0
    30 157 164 255 0 135 24 255 255 0 137 39 0 31 255 0 255 255 0 238 0
    196 176 255 255 253 200 255 82 228 151 25 255 218 23 95 0 230 255
    128 67 255 81 56 150 0 0 6 33 105 22 102 96 8 0 39 255 252 255 54
    214 76 255 0 108 0 0 32 17 16 0 0 250 62 255 255 42 208 255 36 196
    90 92 125 255 0 42 255 255 247 87 0 255 17 106 39 5 255 255 44 0 70
    72 255 0 0 61 48 122 0 241 0 106 216 144 0 148 66 140 255 255 37 114
    34 169 255 0 231 142 255 196 78 255 114 0 0 207 170 0 249 255 110
    188 215 82 236 18 206 243 255 78 16 255 0 104 0 255 255 0 26 155 0
    255 255 255 144 0 243 0 172 255 14 255 255 255 0 230 41 174 0 62 217
    52 0 0 169 125 189 255 255 65 255 55 157 255 211 59 173 218 93 65
    255 26 0 255 255 172 28 19 27 255 111 252 12 125 0 183 170 64 255
    255 49 248 255 255 255 174 255 255 0 0 0 132 43 0 0 0 255 255 15 255
    0 255 152 52 255 131 88 234 86 182 255 22 4 0 0 81 14 215 255 0 0 0
    255 172 169 174 227 255 157 72 134 143 215 14 115 153 255 198 239
    255 115 41 31 0 91 85 0 39 0 250 149 143 75 253 0 255 255 0 255 172
    255 255 143 203 0 13 230 255 70 255 0 44 49 108 188 255 156 145 27
    36 151 215 0 229 177 90 63 104 228 128 233 255 217 246 107 224 4 255
    33 226 255 255 155 154 8 255 131 142 80 35 14 0 0 0 246 134 88 255
    55 4 0 197 17 255 5 255 245 231 100 54 0 223 135 122 0 0 55 47 255
    255 47 183 96 56 111 223 168 255 0 214 177 255 220 0 209 248 83 253
    0 149 3 5 255 15 103 64 54 88 0 6 124 18 5 49 41 0 70 16 0 46 253
    249 26 89 199 255 168 18 255 10 0 186 0 0 0 120 189 0 166 17 29 53 0
    64 255 14 14 240 0 255 255 10 151 143 0 0 158 0 0 91 82 65 239 100 0
    139 55 0 255 255 255 0 255 228 165 242 173 255 22 0 255 0 192 165 0
    255 255 46 255 83 255 216 143 0 28 0 152 255 0 152 226 255 61 255
    255 4 174 0 16 0 0 255 25 109 0 73 255 151 151 0 255 5 12 43 255 226
    23 116 255 156 245 248 255 172 0 160 0 54 0 0 255 192 42 153 255 255
    0 96 47 55 213 202 0 0 55 50 122 0 0 0 65 31 0 187 60 94 248 83 113
    0 120 90 81 125 163 41 13 255 126 255 0 0 143 0 255 168 0 0 0 154 22
    0 115 15 80 46 0 194 135 29 171 243 0 255 199 115 0 255 19 73 65 255
    152 32 180 0 113 171 235 19 63 85 81 6 162 172 0 185 0 12 186 130
    186 86 0 0 89 255 202 198 0 6 39 0 153 13 136 177 0 74 213 215 82 53
    133 205 238 255 255 6 216 183 184 181 251 160 0 200 195 0 113 0 8 62
    142 0 214 25 231 212 136 255 15 126 0 57 160 250 0 5 0 0 91 255 207
    46 144 20 11 130 0 0 148 187 255 120 255 255 43 255 89 173 255 226
    251 0 101 54 255 0 0 255 48 6 255 217 120 175 255 0 0 5 95 148 28 0
    231 100 63 27 116 255 60 255 0 150 184 255 255 155 0 153 0 122 91
    255 73 175 0 183 81 48 255 255 145 54 123 43 0 250 237 81 0 255 43
    131 243 255 28 255 69 24 5 255 23 0 63 255 0 148 255 131 64 255 26
    255 145 11 241 66 243 27 0 25 255 92 255 12 196 136 114 203 0 89 68
    255 0 119 141 237 15 112 182 201 230 134 255 90 97 230 255 49 125
    255 255 255 0 50 135 211 144 210 236 248 37 0 0 0 3 14 255 32 255 73
    251 30 85 22 56 4 255 252 193 27 255 255 113 255 0 199 197 65 0 255
    255 201 255 10 193 97 9 186 78 152 51 0 246 126 184 255 137 92 0 39
    179 128 179 0 172 255 101 0 15 97 255 163 84 101 255 255 106 255 255
    217 255 87 144 224 0 255 255 221 0 106 70 186 161 210 12 0 47 218 30
    191 255 209 161 255 49 72 168 0 142 255 37 118 38 110 170 82 14 108
    255 0 0 0 35 0 114 255 240 128 233 0 7 107 255 0 200 255 123 121 159
    113 102 23 255 105 173 255 0 115 228 0 0 223 79 52 77 31 255 255 6 0
    32 255 255 121 255 198 0 189 0 183 255 189 245 106 0 38 120 254 179
    255 205 78 202 173 173 69 100 255 20 0 243 231 104 164 106 186 162 0
    24 255 255 5 218 86 0 0 255 0 1 63 193 180 0 238 155 0 255 219 95
    167 11 26 0 28 0 196 127 131 33 255 255 121 0 0 255 59 233 181 0 251
    187 255 254 146 217 0 255 0 255 35 239 123 59 0 0 181 255 30 45 75
    255 0 0 0 0 142 83 255 255 0 5 41 170 0 41 67 162 255 78 240 207 79
    39 40 234 238 195 198 241 255 98 68 184 87 0 223 0 96 162 86 255 224
    18 255 24 0 4 255 171 0 77 8 255 255 143 0 163 237 0 235 49 122 0
    231 146 255 75 180 255 0 203 255 1 234 49 0 170 143 0 255 86 74 255
    255 255 75 42 255 101 255 255 52 157 0 243 255 123 135 142 152 255
    255 77 246 206 44 0 0 96 255 95 78 0 173 0 56 51 143 135 91 96 195 0
    0 0 0 194 105 23 244 59 62 239 203 0 135 109 41 126 0 0 0 41 223 0 0
    252 146 231 70 255 0 255 148 89 255 198 242 218 255 240 70 23 0 9 0
    230 0 100 177 5 146 60 0 255 230 87 157 175 92 0 221 255 7 0 164 134
    193 255 255 118 118 174 174 0 51 136 0 255 0 66 255 105 161 104 255
    0 225 255 240 0 92 171 149 127 47 243 255 0 209 255 109 14 95 129 0
    79 211 19 73 255 159 20 185 0 14 158 255 0 255 116 116 0 4 131 93
    131 231 0 116 0 255 165 0 255 57 135 46 104 201 0 0 255 204 13 157
    51 112 255 223 233 45 34 30 165 255 180 0 238 12 142 0 203 255 208 0
    59 255 68 108 72 15 227 255 0 0 236 8 31 255 131 125 205 255 0 0 0
    73 255 255 255 64 24 83 110 0 97 255 245 198 255 0 0 200 255 3 133 4
    0 0 255 225 6 215 250 0 235 244 0 248 105 255 6 13 0 255 166 219 255
    255 255 0 160 166 81 63 20 54 0 60 97 101 255 1 0 134 193 254 64 0
    250 0 235 111 255 255 28 0 0 255 222 179 23 51 170 56 233 0 255 126
    0 144 255 255 6 92 255 67 134 25 25 214 255 245 136 109 126 0 89 0 0
    184 255 255 230 186 212 0 138 255 0 0 255 0 226 81 123 0 255 157 0
    58 70 119 190 8 0 71 187 0 88 179 96 35 38 0 255 101 0 72 0 255 0 55
    255 32 57 119 0 37 125 255 0 0 173 248 56 202 0 231 0 0 0 240 214 0
    0 66 155 21 125 13 255 98 67 255 255 0 83 221 255 0 152 255 255 159
    59 0 255 1 0 230 255 221 0 134 255 255 169 80 255 5 0 237 94 159 213
    38 255 15 185 176 194 90 5 233 255 16 16 0 46 52 0 105 0 238 255 134
    71 219 0 183 85 170 157 205 42 0 255 125 33 88 0 174 255 202 255 255
    154 219 0 175 102 7 212 41 0 0 65 101 52 175 63 0 0 84 255 0 1 50
    252 255 0 159 170 0 0 255 91 0 61 216 0 220 10 100 0 118 0 254 126 0
    0 27 110 86 63 0 0 17 110 243 0 103 198 0 152 255 48 0 0 114 251 84
    255 135 255 70 209 104 115 188 0 58 73 138 127 0 76 127 255 236 66
    139 183 0 255 20 172 79 138 93 0 121 0 67 0 187 22 120 0 46 0 219
    255 190 90 255 0 85 194 255 229 143 156 90 175 163 245 255 255 0 225
    5 255 142 152 128 57 0 255 255 250 56 0 255 168 0 0 255 249 127 245
    255 222 0 0 255 0 100 255 255 255 255 54 255 255 0 185 75 20 125 255
    224 0 255 255 0 223 0 146 155 255 0 0 197 149 0 255 0 17 230 0 151
    109 147 43 186 222 255 134 168 248 26 67 255 255 55 255 255 231 238
    221 208 255 255 35 15 0 79 0 62 0 3 166 97 81 255 100 0 255 0 29 10
    183 229 253 223 255 255 47 255 0 0 255 0 141 80 211 255 17 255 90 55
    49 188 0 182 0 136 204 0 252 167 68 54 0 0 217 0 255 0 0 44 213 237
    232 88 249 68 171 255 4 255 255 0 0 98 0 0 240 208 255 15 153 255
    192 88 154 0 0 255 246 35 164 255 188 0 228 108 0 11 255 5 81 0 0
    132 182 155 120 255 241 255 255 112 255 216 255 154 63 161 141 0 28
    107 82 4 110 202 104 24 0 34 121 225 86 169 62 0 194 182 255 228 163
    79 202 117 112 184 0 78 206 0 48 158 5 6 0 93 255 255 0 136 54 117
    215 64 0 197 53 0 129 0 246 191 255 69 199 162 255 201 252 110 0 0
    46 176 242 255 255 255 0 255 61 0 30 137 0 198 95 255 0 182 110 188
    221 0 52 255 0 209 77 116 223 194 0 255 27 98 255 73 255 158 238 165
    39 255 199 186 255 10 255 255 134 230 73 22 126 106 139 108 239 165
    25 102 175 127 255 31 38 255 255 255 0 255 0 0 0 179 255 0 109 0 176
    209 206 255 104 0 255 146 202 197 0 158 149 255 220 32 169 49 0 253
    17 21 12 192 232 0 103 251 85 201 40 255 130 36 46 255 0 177 30 198
    0 27 89 255 96 0 76 159 0 0 0 186 237 0 170 154 255 0 0 0 75 0 97
    255 255 102 0 4 0 76 54 164 99 0 0 207 11 69 254 255 255 255 0 112
    255 0 0 0 158 0 168 120 255 243 0 14 0 235 93 255 182 255 229 13 255
    140 216 0 198 255 0 0 13 0 0 255 144 253 255 42 151 174 0 1 46 91 16
    255 151 100 141 143 255 8 181 197 0 139 255 150 0 255 29 8 217 184 0
    243 255 203 0 97 149 159 183 0 0 162 14 255 52 68 207 184 154 0 135
    255 253 191 193 255 250 140 125 0 175 42 245 69 58 227 186 147 147
    216 66 76 54 69 233 107 251 0 187 255 135 0 0 255 255 0 255 148 255
    0 0 13 255 255 179 87 86 86 114 222 255 255 255 202 189 69 199 199
    50 59 255 142 255 123 42 231 0 228 39 0 96 255 148 0 217 255 192 0
    94 15 83 61 73 17 135 65 255 85 0 216 21 28 157 255 12 245 0 142 67
    0 50 184 255 156 26 58 255 0 111 255 26 104 255 169 255 107 194 87
    130 64 55 43 255 68 196 74 0 0 0 0 196 125 48 195 88 45 252 180 57
    38 243 0 255 126 66 0 223 117 127 0 82 255 254 0 255 173 232 246 220
    237 97 133 149 81 255 83 0 41 255 255 189 255 163 255 113 148 154
    255 54 0 62 255 126 129 99 0 84 228 183 255 255 255 234 255 237 166
    164 113 235 255 255 243 255 240 103 255 198 49 255 255 208 255 255
    230 137 82 135 165 255 255 69 255 254 0 40 232 75 0 235 47 253 134
    211 213 74 0 99 0 33 202 123 255 255 101 142 0 132 0 1 0 37 127 134
    54 255 36 225 4 255 145 226 0 255 206 0 186 159 35 193 234 81 0 9
    156 157 106 132 85 43 0 239 199 0 0 255 51 53 255 71 255 106 0 69
    244 66 255 172 41 0 93 143 207 255 236 249 50 255 145 217 13 255 255
    255 238 110 139 255 255 0 184 146 0 255 0 178 255 0 62 16 0 52 255
    230 45 131 0 120 105 145 185 185 123 255 231 0 46 7 197 255 25 23
    253 175 14 217 24 255 122 255 0 34 14 58 91 12 255 72 0 220 223 246
    74 212 255 251 236 208 7 255 84 28 33 0 24 154 80 199 255 153 59 0
    255 51 85 0 245 0 59 255 119 59 50 255 0 0 255 60 47 184 3 0 54 255
    77 233 36 248 7 212 210 0 17 255 199 50 255 171 106 0 95 215 112 18
    112 65 126 0 7 221 98 215 149 0 207 78 72 105 92 234 255 255 251 255
    171 25 255 33 88 200 185 136 62 255 255 196 172 255 173 136 154 11
    255 16 158 145 0 200 147 0 30 149 232 255 18 255 195 255 255 255 82
    220 225 0 192 255 0 233 160 221 255 0 85 0 255 5 100 133 0 0 157 45
    116 141 154 0 34 196 74 255 36 255 32 255 255 239 182 255 91 121 20
    255 194 136 166 255 255 196 21 126 255 0 255 184 29 133 0 220 103
    255 255 189 140 97 0 0 0 246 0 195 0 179 162 0 255 46 255 255 232 49
    164 0 122 10 31 0 228 255 202 79 25 244 90 255 0 0 124 228 38 0 255
    234 252 255 0 0 249 0 211 124 141 11 55 121 119 235 49 72 0 255 99
    235 255 0 137 0 55 132 0 66 0 255 0 206 255 90 6 255 199 231 255 87
    255 87 137 114 79 113 0 255 79 0 200 162 0 171 0 121 158 179 95 11
    223 132 0 167 75 97 223 255 255 133 255 93 0 0 0 90 178 0 0 169 0
    169 117 240 255 169 244 0 72 0 235 208 96 255 108 4 14 143 255 120 0
    134 250 0 176 2 35 164 255 251 255 93 106 151 255 255 42 100 237 0
    125 183 133 8 88 255 255 0 13 255 156 0 0 255 142 44 217 169 16 255
    115 150 54 227 99 255 255 103 70 0 9 153 81 55 18 68 17 0 255 13 13
    218 124 255 88 232 0 0 66 0 160 115 56 255 114 132 255 255 113 255
    255 212 108 23 22 36 33 56 255 84 255 249 255 39 218 236 0 255 11 0
    27 0 24 20 0 39 255 11 0 223 211 0 255 204 190 58 29 44 0 116 255
    113 0 255 61 255 244 125 255 255 16 170 156 21 0 98 141 138 45 0 255
    0 0 255 0 86 255 24 42 124 157 38 223 249 255 255 204 195 255 0 6 42
    255 81 145 24 11 136 255 255 167 36 255 0 255 148 255 160 118 103 0
    41 228 10 0 163 227 162 255 49 255 0 255 36 198 159 0 242 243 149 61
    252 130 20 0 135 0 13 206 0 255 218 255 156 36 55 255 212 255 0 131
    255 255 0 81 255 0 123 207 92 27 15 105 240 255 217 81 211 179 214
    237 255 73 0 255 18 11 125 255 0 255 190 183 255 81 29 186 74 162
    127 255 0 146 188 12 255 77 139 14 164 0 255 43 255 91 224 31 94 247
    255 0 0 120 255 35 116 255 21 255 120 99 87 236 238 76 165 79 0 248
    201 186 0 0 0 255 255 255 0 34 255 255 146 255 0 0 176 30 255 53 0 0
    190 183 209 40 255 255 126 20 67 52 0 0 255 84 74 7 0 57 106 50 189
    4 225 158 57 194 255 93 0 127 32 61 255 171 50 161 116 18 0 54 3 172
    29 255 68 0 128 250 139 86 89 0 81 216 7 152 255 213 185 34 114 255
    116 148 190 134 255 0 0 224 88 0 255 255 70 0 214 255 93 0 148 212
    96 149 0 255 47 37 107 188 255 140 177 250 47 243 255 43 0 248 95
    113 178 115 244 157 0 252 141 255 196 255 178 243 0 191 18 0 104 10
    152 141 255 18 0 202 29 67 42 255 255 0 255 189 65 120 69 4 0 130
    176 241 255 60 2 0 255 0 208 109 0 110 117 121 13 252 255 198 248
    125 104 0 81 255 87 119 56 78 255 171 255 226 0 179 42 172 0 57 121
    0 8 135 3 186 0 42 255 209 95 245 0 10 210 255 255 0 0 255 162 0 27
    166 255 0 0 155 255 172 100 0 0 7 77 18 184 106 109 60 29 38 0 223
    255 193 127 69 40 49 160 34 255 128 135 243 25 255 155 90 255 13 191
    0 0 26 42 255 0 28 50 147 107 0 219 243 206 0 29 255 0 186 233 194
    21 0 139 231 255 144 0 255 0 133 0 0 42 196 255 111 204 255 52 255
    255 168 0 189 53 17 190 69 242 255 255 102 4 255 48 130 255 182 46
    161 143 229 255 67 132 80 0 181 0 207 255 255 0 84 7 74 0 168 43 37
    0 0 241 0 251 255 255 3 112 205 0 99 155 116 215 66 255 0 255 195 0
    227 15 53 72 30 175 0 255 228 15 0 255 0 139 255 102 230 63 11 255 0
    40 16 188 136 159 255 0 0 110 0 63 0 231 57 255 105 19 32 0 0 104 0
    134 120 49 72 114 18 255 12 0 37 182 140 200 255 14 0 212 184 255
    223 83 255 156 0 169 255 0 0 242 252 140 159 16 255 0 130 255 137
    255 0 255 83 0 208 255 168 191 14 0 0 144 0 61 255 44 255 193 53 88
    104 224 0 38 59 255 255 0 238 0 255 255 13 177 25 0 229 175 0 0 242
    96 170 0 0 192 40 4 0 186 0 255 255 148 12 255 130 13 0 0 0 225 34
    99 15 167 110 236 50 123 255 215 130 0 206 160 255 0 0 169 255 153
    255 0 0 138 236 129 0 0 228 245 246 247 0 84 3 106 255 0 255 127 0
    255 0 0 168 91 0 0 255 212 57 255 0 229 62 64 0 0 0 125 236 0 0 124
    70 234 0 252 0 219 191 124 188 255 225 0 158 255 90 255 255 255 253
    255 0 0 120 220 150 74 106 133 19 255 0 255 255 59 255 0 141 180 9
    255 0 255 177 55 0 18 153 52 255 136 0 255 125 1 0 255 99 32 17 255
    255 0 124 171 122 37 255 0 0 232 78 0 17 0 113 148 109 0 116 27 112
    198 0 255 0 0 129 233 70 241 120 87 202 255 255 0 96 251 0 0 233 144
    16 123 0 0 255 0 255 87 255 17 232 1 255 0 0 30 52 0 95 255 40 255
    80 173 93 0 0 0 22 143 0 255 0 105 230 255 62 123 2 101 154 0 122 0
    68 61 181 194 138 194 244 0 80 190 38 0 226 243 79 37 166 233 35 218
    0 4 170 0 160 133 177 255 228 255 36 0 255 3 0 0 0 186 0 0 0 81 19
    215 255 62 255 150 255 0 0 30 130 97 180 121 92 242 82 232 183 255
    171 117 253 220 102 232 0 177 108 0 255 69 119 255 24 0 88 18 80 0
    233 130 0 135 255 0 59 197 144 0 241 233 255 0 228 240 0 44 113 36
    130 106 183 39 51 254 255 158 61 68 0 129 255 0 142 0 0 0 156 0 0
    137 146 7 0 196 74 58 59 249 169 115 53 187 180 188 214 174 15 0 199
    46 242 0 0 255 64 255 16 164 225 0 54 255 0 194 55 255 98 255 216
    206 8 101 0 0 87 0 0 85 65 152 72 124 62 255 160 0 0 255 0 0 7 8 58
    255 220 9 0 255 135 0 236 0 233 200 5 59 0 255 29 160 14 255 0 0 121
    0 211 94 234 170 40 12 255 26 233 249 0 0 97 0 0 172 0 195 0 255 57
    38 175 255 0 14 0 139 153 159 255 117 155 177 255 0 0 245 255 85 255
    0 242 153 0 255 255 255 255 0 255 0 0 201 52 0 0 158 192 0 159 61
    255 0 196 29 0 3 229 127 154 116 128 0 214 143 65 0 48 172 169 255 0
    27 50 74 180 255 206 255 0 255 50 226 255 0 0 0 123 107 99 97 142
    255 83 0 255 36 38 0 203 0 0 27 132 23 0 0 255 0 255 0 49 255 255
    255 111 255 255 121 140 0 175 99 0 255 255 91 255 95 46 0 255 255 81
    243 57 0 14 255 205 111 80 234 0 0 105 99 0 255 163 255 0 113 40 7
    211 255 163 192 0 89 201 116 112 0 121 198 136 48 216 128 255 7 161
    255 109 179 106 255 107 119 239 199 81 0 0 203 0 177 255 214 68 30
    74 71 244 249 0 255 153 196 202 60 50 243 230 0 224 109 79 192 255
    135 255 81 255 255 0 255 255 148 13 228 255 218 45 246 0 0 0 149 0 0
    165 61 255 0 163 40 69 111 0 255 0 55 0 138 255 255 154 188 0 159
    255 19 0 88 37 255 250 50 0 77 248 94 163 0 11 215 44 148 89 8 156
    166 35 242 51 48 250 218 140 255 255 219 125 255 225 185 210 144 0
    172 0 0 14 248 216 0 251 214 84 152 255 166 133 146 179 121 181 180
    255 215 13 85 255 232 101 153 125 250 0 255 0 255 232 156 154 173 86
    255 0 174 237 61 255 109 28 0 0 47 10 140 147 0 176 66 0 45 84 0 60
    210 36 0 0 255 229 255 165 90 15 0 210 38 31 89 161 170 255 210 19 0
    66 46 149 72 84 124 0 49 218 131 129 196 174 116 0 19 0 164 0 222 0
    48 26 160 95 217 0 0 160 0 208 0 255 0 255 100 120 255 0 41 32 255
    76 117 255 0 168 0 0 0 0 224 50 19 0 199 255 11 120 118 28 128 0 132
    255 255 0 12 56 255 0 107 140 64 195 0 126 155 0 75 37 255 67 210
    235 9 0 57 255 209 121 192 0 230 218 0 133 37 255 62 255 90 81 255
    255 44 245 89 0 118 192 5 0 160 32 87 0 233 70 255 95 86 0 14 0 0
    255 0 199 33 0 244 54 110 192 201 18 165 25 50 0 158 192 255 124 248
    118 98 176 126 178 168 14 6 75 147 160 43 134 255 255 7 0 234 0 0
    255 0 105 67 0 0 48 227 171 0 250 115 255 255 0 255 123 128 157 1
    140 125 12 0 0 8 255 0 21 242 148 183 138 139 90 54 106 255 126 205
    28 184 255 65 101 0 255 239 84 0 8 3 123 255 49 110 214 172 26 0 255
    63 138 255 53 0 208 134 0 64 0 34 204 255 0 120 122 255 255 0 82 19
    220 0 142 255 189 0 163 252 0 162 138 255 140 88 193 192 177 180 255
    107 33 0 130 68 0 157 0 64 33 18 255 88 236 84 7 77 149 255 166 24
    11 255 235 0 255 0 244 199 102 233 15 241 29 0 255 23 0 19 0 255 0
    247 91 10 255 215 146 176 0 125 212 94 0 222 109 207 215 73 167 132
    0 140 114 153 224 255 231 233 255 0 110 186 106 179 53 225 0 255 225
    46 236 203 23 255 182 24 172 0 121 72 0 255 67 11 176 0 255 114 255
    0 211 106 235 0 161 23 11 68 221 0 156 143 255 0 211 191 0 86 194
    197 48 255 154 133 123 253 124 42 254 9 150 0 255 83 142 255 1 172
    255 97 185 255 255 1 255 93 245 132 255 15 0 204 255 0 140 255 196
    52 184 0 40 0 12 216 194 102 216 255 0 255 255 0 0 255 0 155 255 199
    25 143 83 0 44 77 78 82 255 143 193 180 255 27 227 163 86 78 109 198
    255 0 255 0 7 167 67 175 0 0 118 115 255 0 119 208 228 0 255 12 239
    121 229 81 255 255 255 255 255 182 159 255 254 104 0 68 255 145 235
    145 0 86 132 184 244 254 255 151 255 255 5 0 31 255 116 44 255 0 153
    48 255 255 139 114 0 253 166 21 255 51 255 114 255 199 83 22 246 58
    67 185 111 255 0 18 139 137 0 35 0 255 0 251 29 60 0 172 253 18 255
    80 0 120 255 20 137 255 255 0 251 181 106 129 0 55 23 18 0 94 124
    204 5 0 62 186 227 10 242 6 255 255 227 255 255 197 255 222 36 179
    217 0 226 0 255 0 0 0 0 210 255 47 0 255 0 191 242 49 83 0 217 78 0
    255 0 255 196 0 150 0 162 255 0 0 0 149 111 102 25 149 82 121 180 55
    243 189 124 255 0 255 146 255 255 36 152 0 255 255 184 194 210 85 73
    0 93 255 216 186 0 255 0 237 6 0 173 45 255 255 187 0 108 255 1 230
    77 122 75 255 140 64 91 89 255 0 255 215 141 255 86 255 0 255 255
    228 0 50 142 211 238 0 24 149 255 179 194 63 110 17 28 242 0 255 255
    34 255 255 79 42 222 67 255 255 255 143 104 255 215 255 238 109 157
    230 29 207 0 177 0 255 255 69 99 221 243 255 122 0 198 0 0 0 255 248
    207 198 59 171 0 18 255 7 44 190 255 11 0 7 0 104 255 0 0 157 37 70
    255 105 255 255 255 255 255 165 255 248 160 0 26 0 82 167 0 164 0 42
    255 255 255 255 233 255 37 71 255 70 255 173 196 195 7 106 214 172 0
    255 152 58 10 149 255 255 0 80 255 64 0 255 38 255 77 72 214 0 0 0
    28 70 103 255 138 0 255 189 88 0 116 125 82 0 0 116 172 48 58 0 125
    66 109 255 0 12 206 255 131 255 0 61 255 255 223 40 122 133 215 108
    0 255 38 255 187 255 255 255 180 40 0 0 133 255 0 148 255 173 251 0
    81 0 124 156 255 2 245 255 255 0 186 184 0 255 221 161 19 150 255
    179 0 180 184 239 207 0 240 129 93 29 60 149 0 242 255 0 255 212 0
    194 189 255 255 0 131 180 158 174 202 152 0 176 255 119 102 241 164
    166 55 255 107 0 156 223 0 111 220 157 253 170 24 156 85 113 111 0
    85 0 255 255 51 255 193 157 0 178 0 255 255 249 255 205 78 170 255
    50 48 255 80 255 213 10 212 0 96 0 0 90 147 47 179 126 149 255 255
    10 188 122 0 255 0 21 76 255 255 255 0 255 0 228 157 183 241 0 216
    61 39 21 255 255 103 67 8 0 255 0 36 51 5 220 45 63 190 217 235 75
    255 255 113 242 0 134 255 87 255 172 255 255 0 29 255 136 71 255 47
    222 39 0 69 147 26 103 255 0 255 98 0 70 0 27 0 82 200 23 0 107 202
    86 255 202 255 77 0 0 255 208 36 0 219 190 50 169 255 0 84 0 87 255
    200 33 0 58 156 52 0 218 131 197 234 191 247 0 255 255 248 255 165
    238 4 253 30 255 176 255 181 241 229 90 255 23 0 77 226 9 0 87 16 28
    135 221 0 139 225 101 255 255 86 255 233 255 255 255 255 0 241 214 0
    156 255 97 77 20 255 0 36 255 255 66 39 199 255 230 96 115 255 102
    255 50 8 94 68 191 44 70 34 255 151 38 18 233 139 0 234 108 255 107
    103 0 8 154 111 223 178 152 0 255 255 255 40 255 214 142 226 209 0
    125 221 0 0 62 255 0 236 255 129 152 223 34 11 209 255 0 151 148 0 0
    0 243 177 134 13 0 182 251 6 65 74 211 9 0 65 0 84 246 202 0 255 113
    13 207 111 107 19 2 171 6 100 218 0 0 200 255 178 32 47 255 252 113
    0 0 218 0 0 66 0 228 0 255 228 187 255 0 206 255 200 207 228 239 85
    136 38 0 86 255 179 0 90 146 27 150 0 0 33 104 4 89 212 2 255 255
    195 142 194 175 168 200 199 145 186 94 0 255 255 114 0 0 189 210 0
    255 255 247 137 206 241 169 0 80 0 0 90 190 188 0 59 44 160 255 234
    47 80 255 255 0 255 0 166 58 255 255 0 255 217 12 126 143 115 112 0
    183 255 255 254 255 255 70 123 114 0 55 113 255 0 255 0 168 255 0
    255 100 255 247 255 60 0 0 0 0 0 154 255 45 255 0 255 0 173 0 178
    255 0 16 36 27 67 16 255 255 255 41 161 255 255 237 230 175 119 72
    220 220 78 56 33 18 0 205 181 0 254 255 198 183 108 237 0 0 122 0
    193 0 255 103 199 186 166 187 35 255 0 0 106 255 158 0 255 244 186
    27 33 34 182 255 149 50 119 196 0 230 255 0 22 0 48 5 54 123 255 255
    103 130 234 153 110 92 98 255 85 197 173 255 0 0 197 0 0 0 126 0 248
    206 44 102 255 0 44 0 190 92 181 236 255 224 234 255 255 30 255 249
    208 255 116 255 62 82 155 157 83 3 156 176 255 108 234 32 45 0 176
    137 0 255 125 54 255 189 16 139 85 0 0 255 106 169 136 189 43 0 235
    255 0 215 116 128 0 0 27 123 0 47 66 208 83 90 255 0 153 13 109 255
    255 57 0 113 49 198 250 255 255 38 0 146 0 101 6 46 151 198 0 255
    213 251 158 119 255 155 68 228 0 230 175 255 93 115 255 225 63 0 145
    145 208 136 255 168 255 255 255 0 255 175 4 219 172 0 255 103 92 0 0
    207 194 109 232 152 14 255 0 16 43 7 255 120 252 142 44 177 182 31
    174 178 118 105 215 79 57 66 59 255 99 70 0 255 0 185 227 167 159 70
    161 255 0 78 93 14 126 255 255 145 189 62 28 0 0 0 0 163 0 0 213 247
    255 0 159 255 0 77 179 255 0 219 193 177 215 0 255 0 0 0 241 233 249
    255 228 0 0 255 255 43 255 255 255 169 33 178 255 127 255 217 255
    131 123 218 9 255 255 0 255 190 185 0 0 217 238 186 255 3 255 255
    208 222 250 74 0 9 186 160 166 255 0 0 251 159 136 0 255 219 217 255
    250 0 255 10 240 255 64 228 241 185 109 0 248 219 255 249 81 0 254
    68 194 185 192 149 31 24 32 255 2 8 60 3 255 101 149 124 255 255 0
    255 255 255 112 255 88 214 221 0 255 96 238 0 255 0 0 26 255 234 7
    201 189 255 251 0 0 234 134 255 140 0 42 88 0 0 255 0 144 62 86 180
    93 246 7 255 194 196 255 255 176 0 101 174 16 0 255 191 0 38 255 255
    0 152 97 150 33 38 85 85 255 255 0 255 110 221 0 161 0 4 0 0 0 155 8
    250 255 0 220 42 47 0 148 0 209 130 38 81 111 55 169 255 0 160 66 0
    0 189 249 255 242 255 252 105 151 0 69 80 0 22 111 0 143 6 68 198
    150 233 255 159 16 237 96 234 255 64 134 51 39 139 255 91 250 255 55
    36 245 255 0 0 77 255 46 200 255 152 198 230 104 127 0 3 133 255 35
    254 255 114 250 60 255 255 255 255 90 222 52 201 228 229 79 231 255
    255 0 0 255 0 97 91 97 0 255 255 235 33 204 255 0 162 158 222 145
    236 71 220 255 40 244 255 19 0 115 255 255 0 247 137 243 178 255 225
    16 244 26 110 255 255 129 0 0 84 0 166 149 45 240 0 12 60 122 0 241
    195 205 0 178 40 214 159 193 227 93 0 187 228 5 233 240 0 173 0 89 0
    0 116 228 215 255 56 174 0 220 9 97 255 0 24 14 56 220 53 129 255
    223 49 4 239 0 10 95 0 134 221 163 190 255 255 255 84 228 192 0 124
    255 233 253 20 209 255 225 207 48 0 0 255 60 152 173 0 0 93 0 0 191
    176 170 0 0 209 146 255 0 142 251 255 255 64 108 53 132 255 255 40
    255 0 220 176 255 22 156 250 170 255 178 2 197 97 0 145 161 180 119
    150 67 71 144 171 91 125 126 158 195 58 69 29 0 92 194 34 255 232
    130 0 129 255 148 49 247 216 255 0 91 51 90 213 255 244 255 255 47
    15 91 216 154 0 242 198 255 255 119 63 68 139 255 54 1 171 222 5 53
    0 151 255 255 143 0 213 0 166 139 0 255 255 127 186 0 0 133 0 248 1
    110 195 100 255 191 0 65 207 114 155 254 0 202 141 78 7 84 208 255
    157 243 183 0 0 236 255 0 108 156 193 254 55 0 2 66 132 152 119 90
    31 41 0 95 119 185 70 255 236 87 255 84 247 120 255 0 62 255 141 189
    35 213 0 20 176 30 57 255 0 83 115 215 255 115 255 84 0 0 86 255 255
    55 0 173 255 119 29 69 135 255 171 57 125 38 47 144 144 252 98 21 27
    255 0 255 255 255 255 170 138 255 23 255 255 188 227 44 168 0 255
    108 163 2 102 0 0 0 121 83 255 167 0 128 255 0 51 170 44 44 0 212 0
    12 0 250 212 41 255 249 109 161 255 140 63 136 122 141 161 68 217 35
    193 0 0 42 122 176 186 217 117 207 255 151 122 193 235 231 255 228
    255 0 0 118 10 253 31 0 62 100 108 146 151 111 0 21 255 255 255 123
    186 107 255 215 255 250 44 13 249 73 0 149 217 255 233 33 253 96 0 0
    0 42 190 0 221 255 0 43 33 250 0 0 255 255 255 38 138 255 103 176 84
    0 255 104 47 222 17 244 255 184 127 109 24 132 231 179 159 88 0 77
    219 128 166 0 142 9 209 68 88 67 0 128 0 11 0 0 128 0 0 0 20 127 0
    79 0 96 179 0 255 255 124 164 213 0 93 133 172 0 255 92 0 0 195 20 0
    255 0 233 35 80 255 255 56 255 194 67 0 255 170 163 130 255 228 30
    177 255 231 189 172 124 238 57 0 255 0 218 68 255 20 255 177 171 235
    239 54 238 166 76 0 208 120 255 210 135 232 247 0 0 255 12 0 140 134
    57 119 77 255 255 0 235 55 217 0 156 0 204 0 19 255 255 191 151 81 8
    212 217 255 216 43 0 255 185 23 84 76 0 154 255 175 53 255 255 122
    79 188 65 36 255 0 255 68 81 201 67 94 230 197 75 0 41 79 27 157 77
    0 67 182 0 90 0 197 110 179 82 37 0 204 0 184 255 0 133 127 111 232
    146 255 160 0 59 255 0 51 255 232 120 28 141 0 129 207 205 214 128
    255 118 108 255 217 93 136 13 0 255 0 255 250 0 206 255 0 11 255 157
    255 0 125 255 10 74 138 0 255 94 58 255 98 255 126 25 255 148 43 180
    168 27 255 91 0 32 236 191 0 196 49 238 0 0 255 223 0 120 79 0 65
    255 255 0 224 0 0 0 215 58 0 0 0 0 37 163 130 213 255 0 47 37 184
    145 0 18 232 195 176 0 248 255 215 255 0 251 131 180 0 255 255 0 255
    20 170 255 137 81 207 129 85 214 255 23 0 210 191 190 72 255 46 63 1
    118 0 0 147 255 0 244 70 134 209 175 227 255 188 12 255 229 108 255
    255 0 188 217 125 0 255 247 216 224 129 245 243 94 17 255 99 58 239
    173 216 167 133 255 235 18 43 186 229 0 255 65 0 181 0 1 255 46 0
    255 166 76 226 0 247 0 0 182 101 0 255 81 255 231 41 112 0 242 148
    255 255 202 0 38 90 255 142 232 0 255 0 1 107 21 255 129 84 92 237
    199 0 120 255 0 241 14 0 111 5 0 108 0 132 29 196 23 230 0 127 81
    255 255 255 1 158 255 99 255 3 40 22 0 0 202 243 68 0 155 38 81 20
    128 255 204 0 127 0 255 0 0 182 4 194 255 24 0 41 90 183 0 231 255
    255 0 0 92 226 32 36 0 118 0 162 212 0 182 217 207 255 255 62 114
    196 5 249 0 17 255 174 190 231 10 20 255 135 152 61 51 235 210 0 248
    9 0 197 170 126 91 255 51 253 142 4 20 255 0 159 201 255 95 255 255
    108 0 194 145 0 47 0 255 212 255 206 88 58 56 193 255 159 88 89 43
    72 255 163 49 154 0 224 238 0 255 255 121 103 0 157 164 92 0 189 36
    0 26 17 143 0 0 88 68 3 255 253 23 213 162 0 59 215 0 155 180 0 255
    0 219 122 0 0 238 69 0 98 47 41 185 254 0 229 0 244 170 99 123 199
    255 250 139 243 194 210 0 76 0 30 104 227 134 143 255 135 0 78 89
    252 210 29 19 7 255 206 166 44 0 0 194 0 0 0 255 147 0 168 41 0 42
    39 0 200 228 0 172 237 0 255 54 239 255 125 39 154 162 74 168 177
    147 62 0 32 229 255 3 239 85 0 165 255 10 0 255 255 0 255 0 0 0 90 0
    234 12 164 230 255 112 0 25 255 255 69 10 0 0 162 30 255 0 147 169
    14 136 122 21 0 52 195 0 255 166 0 73 129 0 207 0 0 0 255 143 172
    204 24 217 255 152 117 0 150 252 0 53 184 77 255 0 24 84 255 0 242
    214 124 9 169 255 154 255 146 62 77 255 0 0 255 222 90 0 29 23 226
    234 255 255 255 255 0 0 255 0 255 0 114 255 0 0 0 105 0 69 142 91 53
    255 255 198 94 181 244 180 255 147 255 0 0 108 213 5 53 0 38 255 0 0
    170 71 36 55 118 175 61 45 255 255 192 0 122 128 156 93 0 238 172 0
    82 255 0 95 240 127 216 255 141 84 130 0 4 229 255 219 117 132 94
    146 157 169 8 120 194 136 59 0 55 44 186 0 255 0 93 238 4 218 0 0
    224 244 0 134 255 0 103 117 203 23 98 119 183 41 0 215 255 166 172
    240 0 20 255 182 116 0 50 74 233 0 0 255 85 0 255 130 190 255 134
    255 162 237 175 61 0 71 0 244 0 93 228 0 255 27 80 170 106 150 255
    198 18 0 255 255 0 0 138 91 0 0 14 10 255 142 169 255 255 246 219 0
    223 255 129 236 255 96 2 0 230 255 153 0 101 194 252 255 0 172 200
    255 86 170 85 137 231 241 144 255 112 0 13 0 228 22 255 0 128 255
    193 220 125 77 255 226 133 70 17 0 180 204 0 86 105 0 95 255 0 219
    193 255 0 180 0 28 255 255 0 238 237 230 255 0 0 255 0 217 255 239
    255 242 255 54 255 137 0 55 126 30 92 205 0 0 253 66 255 255 0 0 204
    1 117 144 168 255 255 255 192 255 255 145 255 118 137 133 86 0 7 55
    255 3 26 180 255 150 47 255 140 55 52 10 172 39 8 50 229 43 89 226
    75 42 37 154 133 59 100 54 0 214 0 226 32 0 255 0 0 186 138 86 0 255
    76 174 157 0 103 83 147 0 92 255 246 150 144 149 136 127 166 255 108
    35 64 0 255 215 88 0 196 187 0 0 110 106 0 253 189 255 219 167 112
    255 157 0 255 25 18 225 220 0 33 115 69 0 255 48 11 0 52 31 0 218 0
    0 191 45 28 255 255 255 255 197 66 0 255 211 255 237 96 0 255 72 255
    140 39 212 0 255 70 224 8 0 115 94 158 255 0 26 75 38 255 20 252 60
    255 0 0 255 255 55 77 76 210 215 129 246 255 0 208 0 38 157 97 8 109
    210 223 36 0 31 174 0 255 109 57 0 255 0 105 165 0 65 16 8 178 255
    164 255 80 154 225 29 138 198 115 150 255 0 0 41 27 164 0 0 255 143
    165 170 218 255 255 0 216 6 0 0 1 0 255 18 0 104 0 0 106 0 232 255
    255 0 36 0 193 254 201 247 29 94 255 123 255 195 255 255 170 0 0 205
    150 0 13 132 108 150 169 140 211 0 60 123 6 86 136 255 0 8 186 0 226
    222 87 58 255 84 255 165 55 149 170 255 255 212 142 0 255 146 90 20
    87 214 255 50 89 0 7 25 255 254 255 125 255 114 0 108 0 248 27 10
    255 54 0 0 255 255 87 255 179 255 67 0 248 66 212 185 190 197 0 123
    255 132 97 255 23 0 255 255 40 255 0 0 186 34 0 255 0 25 114 130 149
    219 174 29 146 13 168 91 0 227 0 61 164 255 0 0 0 63 124 18 229 255
    255 0 56 74 93 0 0 239 255 106 68 143 92 148 137 55 178 255 163 255
    119 0 124 0 6 255 178 255 0 250 255 255 255 0 249 116 181 0 57 6 0
    60 0 234 132 121 89 0 168 0 255 249 255 255 255 60 225 149 198 188
    221 255 0 92 97 255 197 0 255 110 153 0 133 92 240 151 50 255 0 255
    250 164 184 63 0 255 0 148 0 11 255 126 255 0 78 182 94 255 231 208
    137 36 47 171 32 144 224 0 152 184 255 0 115 107 0 0 130 0 255 103 0
    75 134 128 255 155 58 79 183 121 156 164 0 0 181 244 238 0 152 79 58
    176 145 0 255 114 130 221 0 242 0 14 90 255 50 255 46 255 255 18 255
    0 213 0 0 255 49 255 255 0 222 46 242 74 255 255 255 125 255 255 106
    29 255 0 220 220 0 255 47 56 190 254 0 249 0 55 215 255 232 0 255
    229 255 238 160 255 255 244 19 177 171 255 0 169 0 0 0 0 47 42 21 0
    68 254 106 0 5 17 224 0 169 255 255 20 255 100 0 255 73 0 199 121 0
    126 70 79 255 210 190 98 0 164 53 0 0 0 226 5 162 0 212 0 163 255
    194 99 255 0 0 111 116 255 39 211 218 0 232 151 255 0 37 198 190 34
    225 255 114 255 81 192 52 255 99 255 32 0 176 185 255 255 111 205
    119 13 101 78 0 144 105 188 32 0 146 22 247 183 150 209 37 255 170 0
    252 29 0 0 253 0 26 131 255 142 211 82 255 223 182 0 17 110 213 83
    94 0 221 255 156 237 0 255 80 0 114 17 156 255 54 255 255 131 0 255
    186 229 106 0 30 250 111 0 114 16 255 82 206 28 24 121 201 31 91 174
    255 255 0 0 255 76 255 69 159 196 0 137 255 34 99 0 172 0 106 121 0
    255 139 0 255 0 98 111 255 61 93 4 93 179 209 146 0 188 0 59 105 207
    246 143 169 255 217 54 170 0 0 215 66 199 98 185 0 255 255 253 242
    56 255 58 144 58 101 0 255 41 120 255 247 181 142 73 21 239 0 147
    129 255 236 0 255 169 0 46 193 0 54 167 210 150 76 252 83 0 109 110
    61 0 255 0 255 78 140 109 111 9 168 44 255 27 39 255 248 181 57 43
    143 0 139 82 133 255 96 255 150 212 69 144 0 39 179 82 185 121 73
    228 106 95 255 255 19 24 255 0 48 255 141 0 184 186 0 123 255 250
    255 56 1 0 0 0 0 115 163 68 0 97 113 176 124 255 86 0 255 109 0 70
    244 0 255 131 14 233 166 0 0 76 77 255 15 197 212 154 255 0 255 102
    226 0 255 3 0 217 0 0 156 163 3 75 119 255 255 0 122 255 0 255 189
    255 0 137 255 255 255 247 26 0 0 172 255 246 255 217 123 69 132 93
    172 96 197 189 17 114 183 117 255 156 95 126 252 0 130 95 232 255
    147 219 255 212 255 255 232 0 76 40 56 101 79 161 121 144 175 18 1
    255 0 0 45 79 212 48 197 200 227 158 249 0 65 249 23 255 37 255 210
    3 255 59 107 70 0 0 6 120 180 201 255 16 0 6 70 226 175 190 255 137
    42 180 162 255 215 0 0 57 77 0 201 13 253 255 0 211 0 0 255 34 168
    231 13 194 255 255 65 206 46 255 23 233 255 85 147 52 167 249 58 33
    255 51 0 101 255 72 50 255 255 52 0 8 74 12 182 0 255 255 61 207 156
    220 104 0 98 0 230 215 39 0 142 160 100 176 0 0 255 255 92 150 39 79
    101 43 0 0 25 237 250 246 187 207 83 255 45 237 197 2 163 108 255
    194 128 26 143 149 52 217 218 43 255 18 177 245 21 0 255 171 42 153
    75 39 52 0 68 0 0 40 35 255 177 255 49 222 206 0 255 83 66 24 73 9 0
    0 121 48 0 240 255 58 0 255 0 25 125 161 218 255 190 83 0 0 218 156
    33 8 255 103 200 125 0 0 44 213 0 106 45 0 255 255 70 141 218 25 0 0
    58 152 52 8 0 81 173 188 0 115 0 81 160 88 106 88 240 175 70 189 0
    185 60 158 0 227 74 0 198 99 110 7 255 172 255 0 123 122 0 170 0 0
    242 0 255 0 223 107 0 0 177 22 145 39 0 0 1 255 255 242 4 0 122 7
    115 46 117 54 0 92 66 200 3 170 210 153 201 161 253 128 61 111 255
    138 155 30 225 94 0 0 0 0 100 108 0 0 54 205 16 251 255 28 246 13
    255 40 239 255 234 139 255 252 255 118 255 255 81 240 230 0 0 111
    232 35 70 255 255 255 224 0 0 255 0 0 143 213 144 0 210 113 19 227
    181 162 230 0 190 255 255 255 96 0 13 15 217 212 65 55 255 255 255 0
    255 229 0 98 221 255 0 255 163 86 13 0 0 147 238 91 0 73 158 0 0 38
    255 255 255 0 32 67 255 255 72 147 255 40 0 227 0 0 16 61 172 0 249
    254 0 93 176 255 255 178 255 116 239 255 0 255 155 27 0 117 255 0 20
    102 236 44 180 0 49 255 43 113 211 13 140 255 202 194 150 212 54 29
    0 173 0 0 137 255 76 194 255 214 159 45 65 160 3 85 31 143 255 0 104
    131 255 55 110 0 194 51 115 0 51 255 0 67 255 76 165 0 205 79 255
    255 66 255 57 255 251 101 252 214 86 151 167 255 193 97 244 65 103
    48 255 255 0 45 234 0 255 0 44 125 120 205 46 0 255 64 0 44 77 54
    118 0 2 60 136 25 255 19 155 255 0 53 128 255 0 232 109 116 0 255
    255 141 110 223 255 92 255 30 0 0 255 66 55 255 255 114 0 149 56 255
    0 224 17 0 106 255 131 255 224 255 0 255 255 5 184 26 0 139 255 98 0
    183 206 236 255 255 98 5 8 93 255 107 131 88 74 255 255 0 37 213 0 0
    255 104 23 0 133 169 0 189 26 0 224 94 255 0 255 0 0 200 42 136 62
    250 112 240 255 76 86 184 255 0 0 52 125 86 255 255 56 0 188 219 82
    255 43 214 0 255 255 0 0 255 0 255 116 255 187 33 255 255 255 53 255
    168 0 255 153 0 96 96 110 255 0 144 36 0 228 255 229 255 177 205 0
    180 90 159 142 213 113 194 255 90 153 139 226 255 192 0 255 240 61
    255 95 218 123 97 126 0 193 0 99 43 96 26 130 147 238 0 142 31 14 0
    225 0 204 0 124 240 98 93 92 255 139 255 117 242 0 17 230 246 0 233
    0 122 121 12 61 207 78 0 0 0 0 210 151 64 106 0 239 0 255 0 93 0 52
    126 255 255 203 255 95 63 175 0 228 255 106 76 255 117 175 255 83
    137 122 56 87 0 0 223 68 243 92 61 88 225 255 31 33 183 91 0 30 255
    183 255 255 64 165 0 19 226 0 0 0 0 151 188 180 0 255 255 0 255 255
    0 187 194 216 0 171 0 139 60 204 255 74 0 94 255 167 255 244 133 255
    202 249 49 0 221 249 0 131 255 26 42 87 183 8 215 0 255 47 189 255 0
    74 127 0 167 117 208 255 0 246 85 255 255 113 255 255 255 176 228
    218 221 34 255 227 251 0 255 70 75 220 199 58 137 255 112 0 255 126
    243 0 255 203 31 3 139 32 7 104 110 211 240 0 157 166 145 255 255
    223 59 0 255 0 170 109 233 214 252 0 0 255 0 29 167 163 140 255 95
    255 186 255 255 0 0 167 118 91 59 213 255 0 128 16 239 0 8 136 154
    252 119 0 135 0 0 110 188 191 175 214 255 103 255 190 0 242 231 0 31
    255 194 14 255 127 0 222 0 0 255 106 0 66 0 0 0 0 255 0 221 255 0
    234 249 241 117 255 127 255 0 247 255 0 212 255 36 120 0 0 231 40
    140 0 108 50 68 222 145 137 0 0 184 213 55 159 0 155 48 0 134 237
    165 0 226 150 235 227 49 0 255 94 171 111 255 64 0 255 255 206 82 0
    120 255 0 178 255 160 0 83 255 195 0 19 244 23 182 0 255 0 206 49 0
    229 120 191 0 49 0 0 188 218 92 205 214 95 228 255 255 229 255 72
    123 168 7 201 0 241 196 49 98 222 186 243 0 23 255 0 253 223 0 148
    130 147 84 80 0 85 0 0 152 0 255 13 255 72 0 255 107 255 255 253 96
    255 137 194 176 54 228 214 0 255 226 112 35 0 255 238 0 93 222 11
    255 0 255 26 147 127 16 205 0 12 216 0 226 212 171 64 246 171 164
    172 211 255 97 254 0 125 0 191 237 0 255 170 87 235 239 255 240 91
    201 74 65 13 0 67 78 0 0 0 189 255 13 255 38 255 255 207 0 175 0 0
    113 12 255 0 132 0 63 150 40 212 1 73 255 255 179 202 202 255 104
    249 0 0 0 225 255 255 245 200 112 235 90 80 0 255 0 0 129 77 255 0
    174 255 89 236 255 84 0 229 163 183 216 255 92 0 133 0 23 255 0 136
    249 242 230 55 150 219 0 23 0 123 175 88 255 0 229 163 0 255 255 89
    49 48 17 255 0 224 255 166 255 211 174 76 204 172 0 255 255 196 244
    64 0 215 254 250 142 79 255 157 255 162 138 0 255 215 69 255 255 254
    237 245 0 193 106 5 0 2 0 255 46 239 184 76 124 199 142 0 0 255 141
    81 45 193 108 71 134 4 89 0 255 0 255 255 246 113 194 19 255 26 255
    116 0 0 255 255 242 255 255 104 17 255 59 231 53 61 199 124 255 124
    0 0 0 0 68 220 0 29 255 255 255 93 69 217 58 183 31 0 108 95 255 114
    140 73 255 255 84 81 255 161 198 210 197 0 119 134 45 1 87 255 58
    100 196 13 255 48 141 60 0 208 127 219 125 42 127 103 144 187 0 45
    230 244 195 121 70 230 149 16 203 177 0 0 255 0 0 255 255 75 0 84 42
    255 22 0 216 4 255 42 85 255 35 255 94 255 109 61 242 0 0 99 217 0
    195 0 235 143 99 80 208 118 29 54 255 109 18 85 255 80 0 158 163 183
    174 0 196 179 186 186 224 0 255 19 16 195 224 255 70 64 33 4 211 255
    99 92 255 0 9 181 0 141 0 255 249 13 37 190 255 169 222 95 209 75 0
    51 194 118 0 6 73 0 213 54 255 110 242 231 224 0 120 0 0 195 0 0 255
    255 103 76 0 119 255 156 220 159 107 255 11 255 96 255 255 14 158
    198 82 37 154 198 255 255 208 213 71 255 255 93 255 0 0 230 0 76 118
    55 147 0 211 125 0 52 227 255 0 27 207 0 255 254 0 230 0 127 255 0
    255 106 10 166 255 255 0 0 23 72 34 0 219 165 0 60 239 246 26 144
    255 34 187 251 255 85 176 0 185 230 159 148 190 0 159 255 17 162 220
    255 255 99 255 47 103 40 0 53 0 142 247 255 8 0 198 159 2 185 24 23
    0 0 241 0 0 225 83 191 3 0 166 141 169 21 197 255 126 255 210 10 0
    255 0 32 197 255 28 63 0 49 20 0 179 34 32 90 40 255 255 88 133 255
    255 0 77 55 182 39 165 255 177 218 200 29 22 84 0 152 55 255 255 118
    103 221 232 81 16 0 0 0 60 248 255 255 0 178 250 255 255 0 255 120 0
    179 0 45 81 0 3 255 49 252 105 36 144 204 124 0 0 0 59 67 138 167 79
    18 255 248 101 153 173 162 100 176 255 120 185 255 60 150 180 253
    117 255 0 219 119 0 0 13 191 0 212 255 207 255 252 46 255 255 0 0
    202 255 30 0 160 95 128 255 163 38 7 203 151 107 0 255 72 24 219 127
    255 162 255 70 255 255 255 119 0 208 0 118 255 241 55 58 0 153 117
    19 141 4 255 186 61 55 0 203 104 201 39 0 121 169 255 144 0 0 150
    255 240 39 255 14 14 255 191 2 126 246 0 255 255 79 232 255 190 255
    116 113 165 14 161 255 255 58 107 0 255 132 216 107 47 176 123 104
    158 228 97 39 40 255 178 0 198 130 147 187 130 94 173 205 255 0 0
    202 82 0 0 0 255 1 113 89 255 255 0 2 255 34 0 0 70 255 206 0 69 155
    255 157 101 213 70 10 0 227 238 173 14 0 0 216 64 255 7 0 132 0 134
    0 178 88 213 209 195 113 0 72 0 114 0 83 123 194 159 0 93 32 18 17
    161 140 255 157 238 10 0 55 0 0 122 255 174 255 54 117 232 255 134
    12 245 25 10 125 0 230 30 89 255 255 0 255 0 255 166 0 255 156 0 4 0
    255 51 201 9 0 3 255 0 255 247 220 255 28 252 139 97 207 110 19 125
    227 0 28 26 203 255 94 185 237 28 0 96 0 0 0 255 253 0 214 107 52
    148 191 255 255 26 222 0 243 0 0 184 0 1 119 166 95 64 255 41 126
    173 176 255 0 154 110 46 134 255 229 144 2 140 5 0 41 87 109 255 200
    204 137 49 145 253 255 219 214 255 0 211 61 0 255 60 207 255 255 255
    173 255 0 0 255 126 82 184 140 67 255 225 214 255 45 199 128 216 84
    0 3 0 242 0 39 200 255 255 141 255 223 0 255 194 255 131 4 55 220
    255 6 47 51 255 0 42 255 255 0 0 91 5 52 162 35 253 241 28 114 51
    214 70 170 92 255 74 118 0 34 215 0 196 191 255 0 30 160 255 76 117
    0 175 129 68 255 102 0 177 188 251 115 94 255 43 173 98 255 0 0 109
    44 46 230 255 4 119 255 101 198 38 69 255 0 204 45 52 255 176 34 5 0
    75 21 81 0 110 152 195 123 255 255 38 11 255 0 218 0 79 98 165 15
    140 108 176 0 58 255 61 0 202 41 44 94 39 140 229 184 159 0 220 64 0
    62 0 28 255 255 208 26 35 86 1 255 74 0 13 177 0 72 218 214 255 238
    150 0 100 61 255 0 82 0 0 152 0 0 7 53 108 142 35 0 198 255 255 120
    255 74 255 255 255 255 246 0 152 247 0 255 162 205 80 238 201 39 0
    90 104 51 78 98 255 255 0 255 86 255 63 5 255 18 243 215 60 255 255
    0 104 255 208 49 87 167 0 37 105 212 77 34 243 193 103 132 151 0 168
    73 255 255 0 255 16 0 0 0 51 253 213 74 67 195 25 47 255 112 255 219
    255 96 218 136 155 255 221 115 0 183 255 255 154 33 67 152 198 0 62
    0 0 255 0 255 166 144 255 91 229 177 44 255 6 255 255 0 255 255 211
    255 90 196 114 90 218 255 72 255 0 0 170 0 102 101 244 255 255 255
    137 255 255 242 221 0 202 123 255 29 231 228 111 0 202 50 255 255
    214 97 181 24 182 255 11 212 0 128 67 255 65 255 239 0 0 230 133 236
    231 255 0 0 0 12 172 19 0 24 0 0 255 0 186 0 255 255 0 242 194 220
    118 255 0 162 225 221 57 0 0 113 103 44 27 0 0 64 184 0 96 255 148
    35 198 8 0 169 0 191 88 0 143 255 67 225 255 0 55 67 4 205 0 167 184
    177 110 220 255 204 255 174 0 92 255 203 245 108 255 0 255 174 0 163
    199 255 242 255 150 142 33 114 187 255 197 189 255 0 231 73 235 153
    229 215 255 233 252 86 143 255 255 67 60 139 143 44 0 184 182 0 175
    0 79 156 159 187 35 190 53 121 63 210 121 179 200 12 0 1 0 255 248
    131 232 134 25 149 89 156 192 228 255 255 230 156 40 255 0 113 157
    35 248 236 33 255 0 196 87 7 6 255 255 225 206 0 0 255 255 206 0 0
    255 255 0 225 38 40 196 0 206 112 202 0 88 255 5 247 125 92 124 0
    255 185 154 242 243 0 48 212 255 237 9 179 155 60 124 37 201 87 170
    255 0 62 168 0 255 0 216 255 0 42 159 255 128 213 255 10 136 255 255
    0 223 116 213 248 198 28 0 255 255 205 189 114 91 0 255 124 234 156
    0 255 178 99 53 0 100 215 0 74 0 197 255 145 223 22 231 255 128 212
    15 212 4 28 187 3 176 96 0 168 130 35 0 19 215 19 0 2 0 39 134 140 0
    197 191 199 239 0 213 154 32 255 255 40 255 255 209 255 199 0 0 0
    111 255 0 119 91 79 0 197 162 161 255 73 68 246 255 0 186 0 210 0
    181 234 0 27 232 154 213 118 158 255 0 93 194 0 0 252 89 15 56 220 0
    22 255 209 247 82 61 104 248 0 238 117 206 42 90 141 14 255 0 0 179
    113 143 173 0 154 154 34 51 13 54 0 0 0 25 51 0 170 196 81 174 53
    106 0 20 252 9 0 38 15 0 184 83 255 120 25 155 255 255 73 202 29 255
    0 239 177 111 58 0 53 102 195 255 171 77 100 255 45 255 255 255 202
    50 116 99 15 70 255 0 255 212 177 150 145 0 73 255 68 213 255 180 0
    188 69 0 94 0 44 0 210 0 0 71 229 184 0 73 195 255 187 75 255 60 0
    119 43 255 255 214 44 181 3 79 231 0 0 54 255 255 255 52 0 0 57 0
    189 10 14 0 255 0 144 160 56 94 11 228 158 27 209 65 0 255 93 57 207
    63 0 135 81 49 255 0 255 104 201 58 255 164 31 0 182 5 172 255 0 30
    108 0 44 210 16 0 190 23 0 0 0 107 103 255 219 0 93 219 255 32 107
    173 80 219 236 255 172 74 0 62 153 51 17 234 255 255 255 60 255 255
    182 59 131 0 255 157 0 255 73 177 81 106 0 255 206 48 255 120 162
    227 255 6 197 156 31 1 255 255 242 45 255 255 226 168 255 79 0 255
    255 1 184 85 0 255 0 85 232 0 54 0 244 55 0 145 156 216 44 255 184
    238 34 0 3 48 255 0 232 228 0 11 252 0 255 239 102 174 255 0 111 176
    0 56 57 174 0 237 236 0 0 2 23 186 0 0 0 255 255 0 255 240 0 255 221
    225 4 255 216 235 146 106 0 255 255 126 14 0 255 159 111 255 31 0 30
    22 180 0 121 174 0 27 50 0 43 250 255 206 100 169 140 8 0 0 255 0
    127 88 0 216 52 255 159 96 255 101 203 179 252 0 155 217 253 255 196
    0 255 0 255 199 20 255 208 236 10 0 128 0 52 21 146 0 0 133 57 197
    202 197 136 34 0 255 0 192 255 66 61 75 0 255 57 124 0 0 145 130 181
    0 254 255 175 255 234 63 63 0 103 255 255 75 255 86 0 35 242 98 255
    46 27 56 0 6 255 177 80 82 254 0 167 0 0 0 135 111 255 17 0 10 237 0
    52 255 0 0 228 38 0 96 255 12 160 136 255 255 194 124 255 151 0 187
    0 0 37 0 255 79 123 68 0 246 61 231 255 175 40 96 166 255 0 250 255
    98 193 255 147 52 233 0 255 27 45 175 0 46 0 38 255 0 181 0 212 0
    122 120 139 21 245 0 65 49 216 212 88 65 84 22 0 32 249 25 177 0 255
    173 0 117 206 0 217 246 73 255 229 255 255 123 255 56 54 67 234 177
    171 255 255 49 69 251 255 40 23 178 24 117 107 255 0 0 201 92 255
    255 0 41 232 238 83 185 219 0 25 0 83 255 255 22 255 199 0 255 240
    127 0 250 255 179 22 61 59 206 222 255 255 210 255 191 0 97 213 0
    128 41 0 64 47 184 12 243 0 255 77 255 168 192 175 28 65 10 189 251
    2 255 157 183 85 255 0 171 255 2 87 237 154 255 246 38 112 205 231
    75 101 164 168 0 207 182 0 156 255 57 237 82 101 255 255 59 255 250
    160 115 151 255 62 166 0 0 195 255 158 0 141 101 255 255 245 170 104
    255 122 50 54 118 0 51 68 243 135 190 0 52 211 227 255 255 244 41
    255 194 0 233 97 189 255 246 99 255 59 121 255 16 255 255 199 255 0
    14 255 1 83 126 9 0 55 152 167 83 0 0 0 255 191 119 113 0 162 104 81
    255 193 255 216 255 254 0 0 0 0 94 251 255 142 36 215 162 32 255 194
    198 222 246 255 146 0 255 17 44 255 239 0 52 255 255 0 202 0 174 242
    227 255 118 191 161 255 0 128 206 231 0 84 0 0 255 35 26 255 173 255
    255 135 176 255 67 255 232 71 39 232 255 63 149 255 18 43 133 58 223
    255 212 208 0 97 255 152 255 197 9 165 255 240 79 254 255 255 38 74
    0 145 193 1 0 0 128 7 131 244 0 88 255 165 169 113 221 0 179 0 204
    18 0 255 0 172 234 250 95 184 255 255 164 0 23 255 252 0 124 180 0
    255 96 191 79 6 252 173 0 0 255 85 15 110 255 241 35 148 149 153 171
    234 5 50 251 255 2 51 58 255 254 255 221 188 58 222 0 255 168 255 65
    86 0 35 54 255 107 255 195 35 103 9 64 0 255 249 0 185 255 108 255
    85 255 255 255 85 28 99 255 255 164 201 227 0 154 255 255 215 214 1
    64 216 255 168 239 201 82 91 255 255 255 52 112 0 40 30 0 163 230 0
    0 61 0 106 0 0 218 105 206 15 253 0 255 113 80 200 96 129 255 121
    124 176 218 255 255 0 201 66 0 0 0 169 209 12 142 255 0 0 250 255 0
    0 211 255 0 130 204 0 0 255 41 206 255 0 0 255 0 182 235 10 0 0 0
    246 255 255 219 255 81 250 19 213 19 152 118 73 150 0 0 255 52 10
    247 25 87 0 241 108 94 88 255 92 255 97 0 143 69 195 7 0 125 255 6
    167 48 171 0 255 64 7 55 58 236 63 173 255 75 255 8 47 29 42 170 255
    85 89 83 152 49 113 192 50 11 248 255 255 255 129 120 39 48 245 0
    164 108 0 192 0 0 255 68 255 222 131 218 188 255 151 193 45 255 0 12
    34 0 255 255 211 50 255 255 197 148 167 211 214 69 125 255 251 73
    163 220 0 255 104 113 255 246 255 164 207 0 0 228 38 156 255 0 255
    208 246 255 255 53 165 56 82 121 250 242 255 255 153 255 154 251 255
    0 90 75 165 0 0 57 0 209 153 14 255 123 110 121 255 35 206 62 36 197
    255 247 255 255 75 255 115 81 242 84 122 255 76 131 221 40 171 255
    201 255 156 165 0 254 251 255 0 97 74 0 255 0 164 103 255 255 55 255
    81 0 32 255 121 186 150 233 255 127 140 110 84 141 255 255 71 0 0
    190 128 0 255 218 190 101 58 0 77 0 236 255 0 255 255 94 94 43 83 39
    15 107 241 23 0 53 0 221 16 110 0 4 238 250 141 173 208 0 0 194 255
    24 255 255 223 227 32 0 0 255 59 255 52 222 102 64 255 125 160 24
    107 209 70 151 7 204 141 70 240 0 255 250 95 142 149 255 18 16 75
    255 157 149 149 0 20 24 255 255 185 0 255 107 78 10 120 126 255 81
    255 24 179 255 250 255 255 255 76 219 12 17 0 245 115 230 84 253 185
    255 170 231 255 29 213 0 223 75 59 31 49 227 52 191 255 228 7 255
    206 0 216 238 175 76 45 0 11 0 75 180 208 85 58 54 255 147 162 52
    199 72 6 50 170 39 80 105 255 173 255 255 0 255 238 0 12 192 199 3 0
    55 255 26 0 131 255 77 92 255 255 218 67 0 0 152 70 181 0 0 255 3
    250 227 30 209 255 127 155 212 225 255 195 165 85 0 17 8 217 47 0
    227 120 255 18 161 186 133 171 228 21 241 88 129 160 0 43 0 184 149
    0 73 0 255 0 255 55 55 255 4 70 65 195 39 0 255 255 57 197 0 255 0 0
    246 0 108 54 48 234 0 233 232 103 255 255 255 135 0 201 55 192 96
    206 140 0 227 255 83 132 55 0 0 247 102 0 30 169 7 255 0 131 200 255
    179 31 77 0 123 108 108 199 103 106 103 99 255 0 0 0 164 255 57 174
    255 0 0 195 255 255 40 255 255 143 185 129 170 199 255 166 0 255 33
    10 173 116 231 0 138 98 196 0 104 255 35 28 191 0 150 111 223 28 255
    91 101 0 0 218 0 255 166 68 117 92 202 65 0 0 255 20 65 16 252 127
    56 119 255 109 59 218 0 212 164 202 98 158 255 0 168 160 198 134 58
    215 80 255 0 0 255 255 190 81 88 226 24 124 119 63 214 255 255 255
    197 0 255 255 71 0 96 243 173 43 24 0 126 114 156 0 8 183 42 255 130
    3 166 0 0 36 83 255 0 219 167 0 87 9 194 0 199 255 170 145 255 255 0
    103 255 54 147 50 0 43 0 255 221 128 255 188 239 255 255 0 19 121 69
    255 56 0 255 48 255 9 145 0 255 204 123 0 0 108 13 240 178 0 94 57
    226 0 151 255 105 0 27 255 52 0 0 0 131 79 0 31 0 0 241 255 255 139
    255 57 0 17 255 14 17 255 0 129 20 26 255 230 71 170 240 118 114 243
    255 198 0 52 255 107 44 209 38 21 255 7 181 176 255 221 167 205 7
    156 64 109 181 255 255 7 184 0 255 114 186 0 0 185 0 136 0 255 0 49
    210 206 0 233 216 255 13 15 0 73 193 96 0 131 255 53 137 49 241 0
    255 0 0 255 0 207 255 0 248 128 185 138 112 0 48 0 255 129 255 211 0
    0 157 188 255 63 255 92 0 255 240 161 81 255 255 255 255 0 52 163
    165 204 255 179 233 89 216 237 94 216 255 56 237 161 254 255 143 255
    255 59 0 0 210 255 0 0 32 255 178 0 209 78 255 0 47 182 145 14 136
    185 255 0 161 113 0 160 255 0 0 138 0 61 0 146 195 85 255 55 255 255
    119 55 167 57 36 16 255 131 209 22 0 0 59 176 255 75 222 86 15 132
    206 165 0 80 226 233 255 123 29 0 147 145 121 171 167 255 253 84 39
    101 0 0 195 0 0 0 44 0 255 255 51 255 198 115 0 245 57 147 0 248 216
    199 0 223 0 255 0 43 255 167 9 15 0 0 52 0 149 175 255 50 255 251
    183 0 41 189 216 106 81 190 123 255 111 123 111 139 0 47 0 122 62
    194 233 0 180 255 152 255 13 0 255 29 0 255 20 255 241 216 255 45
    177 0 203 255 255 133 255 58 75 0 0 104 117 94 255 255 227 53 0 170
    162 204 109 94 233 2 87 169 255 41 175 219 0 103 0 104 46 255 255
    203 0 44 160 248 187 0 19 150 179 0 0 109 115 227 180 28 143 255 219
    0 230 0 1 137 0 149 35 161 134 255 133 183 0 117 255 0 213 97 237 45
    0 125 255 255 255 255 159 167 216 0 0 127 43 93 0 255 0 72 81 0 11
    255 116 44 255 58 220 189 53 139 240 0 76 41 0 164 255 38 245 0 153
    139 241 55 83 181 101 121 255 0 251 255 0 0 41 1 70 100 168 255 95
    141 149 201 195 48 0 61 160 55 113 0 171 255 7 102 255 0 114 216 37
    255 255 165 199 106 255 255 0 235 47 169 95 0 85 11 172 255 44 0 255
    208 0 154 88 0 227 227 240 238 255 187 125 112 61 217 126 255 20 147
    255 174 0 32 6 217 14 171 240 255 250 79 72 30 233 255 117 55 186
    113 232 9 0 0 0 79 0 209 52 175 215 83 43 146 234 171 248 0 213 0 47
    255 120 96 62 199 69 0 85 149 0 208 117 56 0 255 76 255 76 0 149 247
    214 18 167 131 126 182 190 131 101 255 0 255 95 255 182 94 135 255
    255 157 0 0 0 245 152 0 255 102 102 62 0 224 16 6 255 121 255 105
    255 255 149 133 229 0 163 182 49 218 154 82 255 255 0 33 0 201 255
    238 65 73 195 202 0 0 255 136 255 0 212 255 203 0 255 13 19 255 255
    0 130 252 215 249 0 255 255 0 19 255 0 132 15 231 248 149 96 5 149
    194 55 108 255 203 221 255 41 50 154 37 0 255 255 0 233 134 176 255
    27 211 132 0 25 0 35 175 107 78 163 68 255 0 245 3 128 247 103 0 255
    0 0 176 50 73 0 253 255 255 63 214 0 0 0 0 246 202 53 68 114 166 255
    0 182 255 0 92 250 0 0 236 197 255 113 255 142 80 185 202 255 231 0
    7 105 190 95 158 197 52 36 28 26 135 182 255 255 0 222 151 83 0 191
    209 33 0 214 145 0 255 111 0 139 56 52 185 180 255 255 86 31 0 215 0
    1 0 162 120 0 27 69 255 72 144 247 207 0 158 136 249 200 0 166 90 64
    215 0 0 255 0 127 228 88 56 132 130 250 97 93 255 0 134 255 250 224
    0 253 141 31 194 73 37 255 29 66 114 148 188 15 107 0 0 255 0 173
    255 255 0 255 255 255 0 236 255 208 133 240 255 250 149 0 230 0 0 0
    2 18 225 255 79 0 155 41 214 255 40 0 0 226 235 178 0 70 0 142 0 240
    45 0 0 234 159 64 42 225 39 167 156 102 0 138 164 242 152 255 255
    223 255 255 192 65 235 83 159 147 84 160 0 121 91 0 160 255 58 111
    163 255 255 0 135 102 255 165 0 172 0 0 104 0 130 107 122 240 75 75
    137 247 206 165 0 255 255 255 31 46 148 0 40 118 91 54 157 66 0 255
    66 167 0 97 91 183 195 255 100 91 25 177 255 255 22 255 169 221 177
    0 66 0 101 170 4 84 87 255 247 174 255 189 0 87 9 0 173 0 0 201 62
    50 67 255 25 188 174 62 169 59 36 218 229 251 94 0 186 0 42 3 175 50
    114 74 255 255 255 75 127 186 0 9 255 0 18 92 255 255 143 91 141 252
    243 0 255 229 255 167 255 0 57 86 255 0 0 55 171 255 181 254 99 138
    255 27 114 26 193 31 168 242 0 162 255 215 102 0 108 255 202 255 30
    53 0 231 129 0 255 117 255 13 0 158 255 75 28 54 58 91 202 100 89
    155 219 93 0 187 200 87 0 248 34 255 255 105 12 0 3 255 0 174 244
    255 255 105 211 158 191 64 206 37 12 100 255 32 0 177 255 40 66 204
    255 255 255 8 68 174 69 0 255 0 89 5 193 14 146 215 5 60 46 255 134
    255 255 203 255 249 179 49 154 57 91 6 255 233 145 7 235 163 35 0
    255 23 15 222 101 255 0 4 23 97 255 108 195 180 0 255 252 0 179 22
    144 170 91 80 255 0 0 255 0 148 223 255 255 0 169 233 94 202 150 163
    255 117 255 255 255 255 153 169 195 10 0 255 138 0 144 175 0 16 181
    144 251 0 0 50 71 255 225 255 29 177 70 63 0 255 62 173 229 26 0 168
    210 0 0 244 237 0 4 105 220 0 0 255 8 0 0 89 191 13 255 247 255 138
    89 197 255 214 48 255 233 249 202 87 20 124 255 0 171 0 5 82 112 0
    72 112 112 255 0 43 33 209 39 63 83 0 254 48 224 67 255 0 22 87 228
    245 44 255 135 152 255 133 122 235 0 83 0 0 97 28 37 166 235 0 0 85
    208 0 255 245 222 74 22 155 255 0 218 255 0 255 255 219 247 25 5 213
    113 0 55 255 0 97 192 153 107 198 255 255 171 100 255 0 0 96 255 74
    44 62 194 193 86 37 243 137 255 255 36 198 127 121 197 79 173 117 0
    0 206 0 88 126 0 34 255 0 255 0 143 218 93 101 0 140 81 0 0 78 141
    74 94 14 21 255 15 0 255 187 0 180 255 255 255 255 179 216 252 138
    11 0 255 255 0 156 83 255 27 255 137 59 204 255 213 255 0 214 202 2
    255 255 201 198 84 0 255 255 85 134 0 222 0 134 0 35 54 187 106 255
    112 182 255 255 183 82 0 0 128 0 0 70 234 214 255 153 159 86 31 77
    108 51 251 86 182 85 0 10 203 65 232 149 9 3 135 255 27 238 85 119
    227 255 0 0 147 180 136 254 246 67 129 10 255 139 255 0 255 249 0
    135 0 184 0 206 84 76 253 255 0 102 208 0 0 179 144 0 203 198 255
    194 250 87 194 159 0 0 220 214 255 0 103 50 255 182 24 243 221 0 99
    83 255 161 75 183 50 182 0 114 62 69 4 255 255 255 203 255 0 26 76
    153 0 163 55 0 0 255 0 255 71 19 175 52 0 255 178 40 255 173 0 6 127
    0 20 0 243 161 0 223 255 0 121 249 91 151 160 31 43 83 237 59 255
    186 208 96 255 212 9 112 30 206 255 120 171 47 0 172 184 0 222 0 83
    0 230 231 255 148 232 0 67 255 0 91 255 255 129 56 255 79 8 124 213
    241 255 154 255 255 229 255 140 104 76 24 198 0 94 38 0 4 255 8 79
    255 19 6 255 167 76 0 0 103 255 61 0 207 194 255 0 255 0 135 37 135
    21 255 137 0 4 218 0 0 137 187 49 73 246 93 22 131 130 255 123 116
    159 255 255 38 91 114 255 0 196 201 255 109 16 178 33 255 0 131 0 0
    136 53 0 255 99 255 0 176 78 185 255 206 202 148 96 23 50 255 0 160
    255 43 0 128 212 213 255 255 0 255 0 137 100 0 23 0 220 43 24 0 0
    117 68 41 255 68 0 70 229 100 0 0 0 166 49 38 242 138 163 255 44 91
    0 0 68 139 255 0 255 212 0 87 244 0 255 55 191 0 243 246 71 242 255
    100 189 255 176 0 117 0 246 255 255 148 101 255 33 74 103 0 0 161 22
    0 217 54 170 58 76 255 0 209 214 255 3 255 255 199 250 172 255 131
    97 54 255 255 7 227 255 244 200 191 217 138 239 0 255 153 209 230
    146 113 123 255 170 131 0 0 239 105 255 31 0 80 255 180 255 68 255
    144 96 138 0 185 255 179 180 255 89 91 250 69 209 246 122 224 230
    253 45 43 148 255 255 63 157 0 158 255 0 0 231 0 54 188 255 255 2
    255 255 199 64 28 108 92 255 152 0 219 0 38 91 68 0 227 255 0 47 213
    9 84 224 127 225 255 136 0 0 137 0 56 0 89 29 0 54 255 0 255 52 180
    255 218 239 0 186 118 182 255 47 138 0 192 56 95 255 54 133 136 255
    153 90 255 154 60 82 252 232 149 255 0 255 137 14 255 182 203 170 0
    159 87 255 255 234 44 73 55 254 0 223 165 149 7 145 255 0 30 255 0
    68 0 253 255 187 104 0 255 21 218 234 186 255 67 115 42 109 0 52 253
    193 0 131 135 206 0 229 0 0 178 74 0 72 93 10 0 0 175 255 129 244
    255 0 209 253 0 255 185 130 20 255 107 92 194 255 123 185 0 114 254
    194 132 213 44 250 255 214 78 60 106 0 33 76 110 105 0 56 183 133 44
    0 99 246 0 245 236 163 255 255 0 0 222 0 235 0 21 43 255 131 212 255
    0 0 186 164 206 0 218 24 13 108 0 187 186 185 79 35 95 44 200 255
    255 61 210 24 0 0 113 0 0 44 245 247 12 205 255 0 255 180 0 204 121
    255 255 255 249 255 170 188 51 7 48 0 145 255 255 21 154 76 243 43
    15 0 122 255 255 0 159 255 255 145 212 43 0 255 76 190 255 0 0 0 255
    0 0 9 215 255 146 215 0 193 226 255 45 255 77 105 0 221 255 72 189
    212 255 181 87 255 120 0 55 39 0 174 82 77 185 237 255 175 75 255
    201 255 255 100 250 18 129 189 112 0 94 25 141 255 209 255 200 235
    174 121 183 168 6 44 241 229 0 80 90 0 120 127 238 0 123 210 180 255
    255 0 213 31 0 13 0 59 239 0 151 199 1 255 0 100 26 201 158 255 46
    255 197 0 94 205 172 26 0 0 0 60 0 98 0 0 241 47 255 151 255 141 255
    90 14 148 55 155 255 0 0 255 181 209 183 0 0 255 0 176 17 98 156 10
    247 255 163 9 136 132 149 255 0 0 77 94 255 255 255 0 48 255 255 56
    78 114 255 0 255 85 155 255 0 65 255 61 79 0 127 255 251 255 255 120
    255 255 255 1 0 125 37 255 255 188 225 144 0 255 255 116 62 255 255
    30 0 0 110 255 255 140 123 233 0 9 0 59 159 166 0 0 0 77 0 0 43 255
    255 219 79 255 0 255 255 165 151 0 151 255 179 229 75 137 255 161 33
    234 255 147 255 179 50 5 0 129 180 81 212 255 0 255 184 80 209 255
    255 144 66 0 44 80 0 0 255 132 178 2 255 255 0 224 8 45 0 255 255
    194 0 255 67 255 131 118 63 254 65 63 217 0 255 142 45 92 46 220 140
    255 137 255 64 0 52 74 0 114 14 42 249 120 208 229 125 0 140 215 255
    233 0 255 134 160 156 3 16 0 71 72 40 148 156 202 255 181 0 108 177
    28 153 255 229 235 255 199 152 0 6 67 255 255 0 218 0 181 0 29 244 0
    110 171 238 11 0 155 18 0 255 177 76 87 0 73 152 255 147 148 0 177
    79 179 53 96 255 83 58 255 250 0 0 131 0 153 115 255 73 0 255 103
    178 47 0 255 255 230 0 93 255 255 0 0 249 227 234 0 255 212 0 255 0
    47 255 255 255 255 105 255 103 0 161 203 8 126 116 0 0 117 192 255 0
    217 255 49 238 0 151 8 155 163 219 0 0 52 223 0 200 197 86 42 0 255
    236 39 253 0 63 167 255 0 255 88 29 255 65 254 103 0 94 24 249 63 0
    17 173 68 22 255 119 150 198 111 214 178 235 151 0 234 62 149 142 76
    249 18 39 255 156 6 174 255 0 20 0 250 255 149 255 255 231 62 245
    255 39 58 78 61 57 188 255 255 10 108 255 143 57 0 251 0 5 0 46 0
    236 255 215 155 93 71 20 125 0 0 51 255 212 50 255 220 255 123 167
    90 0 243 0 0 0 63 102 246 151 0 0 255 31 57 34 0 242 89 0 123 206
    255 199 255 255 0 148 140 255 156 89 116 255 219 132 21 126 87 76 84
    119 172 108 243 124 68 0 93 195 204 0 156 0 0 0 255 158 50 16 207
    255 168 1 233 152 255 93 12 0 255 186 223 0 0 49 0 0 255 2 47 0 255
    0 197 171 2 40 199 255 67 24 188 0 130 206 159 94 71 49 145 230 0
    255 146 255 121 255 255 255 255 255 255 238 160 1 255 153 238 0 204
    183 255 255 139 0 159 228 69 0 40 0 255 50 255 176 255 255 186 0 0 8
    98 37 0 94 6 255 255 64 144 70 0 242 255 255 4 132 255 234 0 0 244
    165 100 113 129 37 255 0 107 0 246 0 0 215 255 91 177 0 47 19 255
    116 136 155 233 0 84 255 163 76 52 232 85 255 126 158 2 193 130 255
    89 34 39 237 13 244 106 187 0 0 175 0 255 0 18 215 135 0 125 255 0 0
    39 0 155 190 216 122 89 242 24 241 20 116 152 255 92 0 255 0 192 204
    43 224 255 120 215 149 255 0 255 33 0 174 1 0 178 226 164 0 162 255
    88 145 255 253 224 38 13 255 8 226 164 2 0 255 53 50 193 255 216 119
    101 136 248 255 136 112 12 216 0 0 255 212 152 232 23 181 155 39 150
    255 22 15 255 83 0 75 242 131 0 184 0 103 0 215 34 170 255 255 88
    131 255 178 255 255 131 219 255 168 118 255 116 185 24 30 0 168 21
    188 131 0 248 119 126 0 255 0 233 0 24 255 0 122 208 0 255 34 255 0
    238 255 35 255 15 5 255 206 95 0 147 61 159 255 72 0 255 255 255 0
    80 255 186 255 153 212 13 140 113 58 217 0 167 209 245 0 47 80 212 0
    0 200 255 96 5 196 255 255 37 255 255 143 0 0 224 89 26 241 225 223
    157 78 166 213 47 250 112 27 63 0 60 128 0 194 222 0 251 24 60 253
    18 189 222 0 142 5 255 55 18 30 152 255 44 209 156 248 0 72 73 0 197
    225 255 242 39 175 107 35 31 110 0 183 205 105 86 255 0 255 255 147
    49 116 0 196 162 0 219 60 184 100 83 226 146 251 183 150 181 209 204
    175 41 255 221 141 57 225 255 255 0 228 12 0 192 224 157 0 0 255 249
    0 255 219 96 255 224 108 255 93 0 48 240 114 20 75 11 55 0 0 19 212
    201 247 147 211 255 0 61 68 0 85 238 216 173 146 255 0 80 192 0 126
    29 255 213 255 180 255 177 0 233 19 255 0 95 150 144 63 224 184 85
    166 255 189 0 47 0 0 0 212 21 84 0 209 255 107 176 0 255 0 83 84 156
    136 95 12 37 255 255 0 220 179 64 241 15 246 129 82 255 171 0 0 194
    154 134 255 219 255 166 248 255 0 56 153 187 154 0 242 113 255 233 0
    42 9 7 255 43 83 213 236 133 58 102 147 214 157 65 182 51 117 0 255
    182 124 255 74 212 38 0 255 159 143 0 255 0 0 0 39 38 116 255 136
    255 234 193 0 219 123 0 0 22 69 81 255 253 147 255 255 139 255 67 11
    85 0 251 147 0 107 192 0 62 74 23 216 180 58 142 55 179 124 0 33 108
    178 61 255 106 255 0 0 0 52 203 52 153 0 12 216 57 0 205 30 0 155 41
    255 0 103 172 0 114 255 49 0 179 0 61 0 85 255 117 72 0 85 20 233
    169 0 255 255 21 31 113 0 226 109 185 123 0 0 0 0 138 0 54 96 255
    174 147 218 160 99 63 155 143 167 0 156 121 63 159 170 255 246 255
    184 167 238 189 236 30 255 100 146 255 255 95 204 62 0 255 59 120 0
    217 15 0 255 0 0 67 28 255 22 77 41 190 156 255 255 119 240 255 250
    67 87 255 0 217 83 42 255 14 141 255 0 42 255 165 156 0 245 171 250
    18 106 255 202 6 0 0 0 33 0 255 7 135 0 141 255 124 249 255 177 129
    0 48 75 198 255 36 255 194 79 29 84 46 58 255 0 255 185 255 10 0 0
    255 85 255 141 71 255 0 159 216 255 0 36 11 0 0 113 255 255 29 0 255
    107 121 45 0 255 151 0 169 242 116 255 0 255 0 220 203 226 232 5 68
    151 151 28 138 111 49 149 26 0 187 255 86 248 74 188 28 13 227 0 40
    89 144 216 162 174 87 35 204 213 38 247 0 0 170 169 3 0 141 73 52
    207 0 139 99 255 136 255 255 2 180 255 255 0 20 0 250 112 37 36 0 73
    192 61 84 167 255 176 0 0 172 227 200 255 0 99 0 170 159 161 73 26 0
    90 88 0 116 64 73 247 0 127 0 10 109 141 255 111 0 255 255 228 224
    45 10 0 0 146 0 73 240 129 255 166 163 110 255 255 124 255 155 95
    255 115 255 107 127 22 91 0 245 255 3 0 255 17 223 0 0 255 137 216
    244 255 136 10 0 179 88 62 100 0 255 199 235 0 23 19 0 192 0 186 0
    90 167 255 54 24 211 0 255 255 255 108 113 76 33 200 0 0 241 142 0
    255 222 195 8 255 93 10 187 0 0 74 0 255 12 12 22 0 127 149 37 0 231
    0 127 0 6 38 0 0 255 147 0 177 125 0 82 255 0 107 255 98 112 255 0
    11 0 231 0 0 177 255 148 46 255 25 0 255 0 249 0 222 171 0 54 0 148
    38 145 22 221 74 0 213 60 5 255 209 0 148 243 181 149 81 111 232 0
    32 213 0 65 88 0 96 126 7 0 99 88 17 191 180 255 0 169 101 0 0 210
    34 213 215 255 152 237 255 255 182 193 216 255 0 0 3 0 217 255 66
    155 0 255 197 255 0 244 255 0 185 245 0 240 16 46 24 191 158 41 192
    190 195 168 96 150 0 0 236 94 192 169 76 107 0 50 150 204 85 145 0
    156 38 128 186 0 255 255 255 0 117 0 0 40 0 255 236 216 99 255 255
    127 255 255 71 72 107 215 255 255 184 177 172 217 182 220 117 255
    118 130 218 64 16 30 0 40 0 220 0 151 136 0 152 24 255 117 0 170 41
    195 35 53 58 237 255 27 215 255 255 158 255 29 12 154 201 83 241 255
    155 8 242 255 255 0 43 255 255 255 215 111 46 65 110 74 163 255 224
    36 25 0 98 110 255 106 245 235 11 133 0 165 255 189 0 255 255 176
    241 0 0 233 255 178 111 63 55 148 225 100 251 255 149 0 248 151 255
    229 255 119 255 75 74 5 185 181 255 0 4 21 141 41 0 255 215 13 0 255
    0 162 198 146 160 148 255 44 13 255 165 0 255 55 220 122 0 9 107 190
    255 119 0 89 0 163 255 0 148 15 254 161 194 18 255 95 117 181 0 144
    234 196 0 52 89 40 49 94 255 122 255 144 154 237 76 237 0 170 138
    189 255 0 197 255 58 86 32 255 202 148 255 0 255 0 255 68 153 255
    189 0 255 248 122 101 255 125 1 106 255 37 255 118 10 86 34 255 39 0
    7 187 204 149 86 242 255 0 97 255 0 158 169 24 0 82 0 0 147 83 1 231
    128 66 255 221 0 173 119 0 76 28 231 215 97 224 199 0 255 249 244
    145 128 187 116 50 255 146 123 255 0 20 142 130 168 0 73 103 103 104
    29 54 0 255 0 255 0 201 209 0 255 116 255 0 1 212 0 187 229 46 89
    220 207 255 65 255 173 255 131 53 35 9 255 0 138 80 180 255 54 176
    86 0 12 192 34 255 204 8 200 146 0 222 9 255 78 196 36 147 86 24 255
    87 207 115 255 223 0 179 255 255 15 253 255 0 255 255 255 0 3 0 118
    165 255 224 255 241 19 65 140 0 255 108 54 18 0 138 173 192 234 255
    0 38 35 229 207 255 0 255 75 214 22 0 24 123 60 235 255 237 255 134
    159 192 105 154 0 220 0 158 96 121 89 106 27 68 0 30 255 0 255 191
    255 255 255 255 191 255 0 137 252 255 255 205 255 255 17 255 78 205
    141 128 255 22 0 0 0 193 116 0 79 255 0 74 81 149 0 0 183 161 61 0
    137 255 169 247 191 0 43 15 116 249 0 0 21 149 108 0 28 0 0 168 58
    173 0 255 197 255 255 38 174 164 255 244 0 255 255 0 5 253 42 161
    166 0 105 0 255 85 90 0 132 66 0 229 255 0 0 193 25 255 8 255 40 0
    81 255 255 140 255 69 40 153 0 0 133 48 17 26 78 255 238 180 87 255
    0 43 255 0 239 193 242 26 126 255 233 66 180 215 68 0 0 187 115 142
    255 23 216 150 0 0 0 184 87 0 255 58 209 216 247 0 72 218 0 191 255
    66 0 0 255 255 255 214 97 215 81 91 0 187 254 151 0 44 110 0 89 255
    0 4 161 52 50 130 74 61 0 199 136 123 171 156 133 0 16 180 87 215 24
    3 255 65 139 34 92 63 110 187 235 150 255 0 89 255 6 255 60 228 32 0
    173 207 241 28 139 83 111 99 255 255 0 255 219 0 36 152 28 134 157
    255 255 0 10 72 0 5 12 0 109 0 0 141 246 65 195 112 0 0 158 137 255
    0 9 0 218 255 4 63 70 0 15 255 34 53 255 181 255 152 252 179 97 85
    197 3 123 0 85 254 65 40 211 61 64 94 8 0 19 165 132 255 216 255 255
    83 137 0 0 125 255 121 128 65 0 187 255 59 255 49 139 173 7 241 255
    0 255 0 219 36 33 205 255 0 150 246 0 255 255 0 166 233 255 0 175
    218 146 150 58 255 0 9 143 180 255 181 243 255 37 255 255 109 128 64
    187 96 47 255 97 200 93 168 0 220 255 0 23 255 255 0 153 255 177 0 0
    228 93 19 176 0 217 253 191 11 210 91 185 43 255 28 255 70 125 0 39
    139 239 248 158 0 255 249 0 73 10 0 103 87 255 255 96 54 124 179 133
    118 0 108 26 187 182 0 0 0 185 0 234 71 0 0 215 100 0 255 156 44 21
    0 255 248 212 63 0 2 0 0 0 192 47 210 0 0 164 112 96 255 0 178 100 0
    95 0 144 0 0 157 34 169 149 255 5 128 186 255 0 111 125 81 201 255
    142 153 79 232 255 194 249 0 214 0 0 117 249 1 46 86 200 0 0 255 15
    104 0 0 0 0 255 59 217 97 85 255 149 181 255 18 255 31 0 0 255 72
    233 103 81 37 230 82 29 170 255 139 91 0 255 255 217 152 77 140 0 5
    255 125 255 179 54 255 164 255 102 237 157 1 184 138 94 78 127 255
    224 0 66 255 0 255 174 129 255 12 0 232 0 48 53 155 255 181 22 198
    255 235 0 204 0 69 214 64 0 200 255 255 11 186 255 173 133 237 215
    45 91 0 95 203 115 87 200 255 0 255 57 211 148 255 135 255 110 255 0
    0 104 126 0 157 114 180 255 210 69 12 0 128 228 0 255 20 2 255 236 0
    0 255 181 107 255 106 196 88 65 0 138 255 255 26 255 28 23 0 255 0 0
    255 49 255 64 198 84 51 193 255 22 73 15 243 67 193 0 0 255 190 0 83
    38 130 0 0 21 255 255 33 0 65 0 229 255 182 190 144 0 74 121 201 6
    111 117 200 74 77 40 222 140 48 255 180 173 255 0 249 0 5 119 255 86
    141 157 124 0 227 0 46 17 0 74 255 97 186 78 0 255 0 162 255 6 57
    131 89 42 0 0 41 151 153 206 109 94 255 3 119 0 0 226 0 0 64 214 0 0
    126 129 232 189 150 73 0 255 255 223 255 0 253 255 26 19 255 0 0 131
    131 128 43 12 10 79 236 118 255 255 145 212 177 0 36 0 60 243 159 2
    18 255 18 12 129 0 250 255 0 255 153 255 231 66 39 76 93 0 116 206 0
    166 117 0 0 140 0 236 0 0 3 254 0 198 255 165 240 220 178 231 66 44
    84 153 124 54 0 101 92 0 121 255 0 238 128 251 255 242 255 9 120 255
    254 255 255 143 255 0 227 183 40 140 228 133 244 125 193 0 250 255
    255 94 82 142 239 164 0 212 214 163 255 215 229 33 66 255 255 113
    255 74 0 229 174 123 19 255 0 86 110 150 255 205 186 98 255 255 255
    220 255 233 35 0 255 110 0 206 0 0 0 71 192 124 80 0 255 18 54 74 0
    206 214 198 1 0 74 255 244 251 255 255 255 204 255 255 0 255 177 5
    47 117 0 143 12 26 102 255 214 0 0 255 169 58 60 222 239 0 190 30
    221 11 242 156 173 74 0 254 162 107 255 227 9 200 72 223 241 46 255
    0 83 173 0 0 188 0 186 68 255 249 195 238 140 178 0 127 220 233 44
    255 255 46 217 255 0 190 12 163 255 255 206 14 255 124 46 73 255 222
    239 255 255 6 255 124 38 146 5 0 6 255 89 128 255 61 255 255 226 255
    16 103 0 32 191 80 197 15 0 146 135 173 0 225 148 0 246 118 24 247
    255 46 52 21 255 34 149 0 231 255 5 188 255 225 99 255 0 220 203 255
    94 251 220 60 255 218 102 220 0 255 255 234 255 240 79 255 173 220
    207 29 0 204 0 208 218 255 0 77 245 255 68 26 39 115 88 180 138 86
    105 255 0 222 32 0 100 134 27 99 102 139 15 129 115 37 112 255 0 220
    255 0 112 239 0 50 221 2 0 255 160 255 50 157 2 70 252 72 231 255
    137 255 80 52 0 9 255 0 87 0 0 20 161 255 0 255 64 255 139 255 229
    33 213 172 98 91 255 217 255 165 48 200 219 42 255 255 255 128 255
    231 40 225 112 0 94 30 125 255 221 157 57 255 237 0 0 172 255 232
    252 108 57 7 255 255 255 3 91 132 89 255 255 255 255 32 128 189 68 0
    15 0 240 54 189 157 127 218 11 255 155 76 142 174 136 62 255 193 0
    169 255 196 251 255 159 147 73 1 52 61 174 255 98 255 17 0 243 255
    141 255 61 0 0 44 183 233 128 255 0 167 239 156 255 120 158 46 255 0
    28 255 101 25 183 0 201 20 141 161 115 0 18 4 15 213 255 255 252 235
    5 231 93 0 80 0 164 0 183 0 0 0 172 38 255 255 0 47 34 0 211 255 101
    255 255 140 0 255 219 225 0 35 214 12 255 255 218 0 60 0 255 246 0
    61 255 197 104 255 130 61 61 0 0 255 25 41 168 186 0 0 237 255 147
    245 215 225 212 52 0 0 0 0 18 18 0 0 192 255 225 130 0 23 75 61 243
    153 78 97 0 200 97 0 255 230 255 255 146 59 255 128 255 224 0 255
    255 48 220 0 144 255 224 0 7 70 255 72 255 173 182 255 255 51 62 244
    100 166 0 224 255 76 0 255 132 54 105 0 213 146 0 0 255 44 124 255
    195 233 20 145 213 131 255 190 55 255 28 152 0 174 0 255 56 156 12
    255 0 11 241 1 116 228 1 0 224 0 77 255 255 0 213 88 0 231 167 7 0
    170 171 157 87 0 0 255 221 44 255 138 0 60 255 220 156 253 150 9 255
    57 0 218 47 104 255 237 133 0 101 0 0 0 95 150 231 0 10 11 127 0 225
    255 255 179 180 220 255 121 197 255 241 145 17 99 118 145 82 154 255
    36 67 255 105 255 11 255 255 22 31 0 79 255 220 100 255 255 0 188
    189 84 243 77 25 0 252 68 168 145 187 0 194 0 114 134 187 67 243 14
    195 235 255 255 58 97 106 52 191 0 255 99 42 30 1 255 26 0 168 95
    165 13 65 255 193 0 0 0 255 184 210 0 18 189 0 0 157 0 195 255 132
    255 255 0 108 246 161 223 221 142 0 0 16 41 72 0 0 255 199 0 111 124
    0 35 255 31 101 141 41 255 50 255 155 23 157 183 255 13 201 138 172
    110 186 87 190 152 255 0 245 221 157 34 0 255 196 186 255 84 12 0
    255 255 73 255 124 255 195 5 74 2 78 179 0 211 255 54 23 153 255 99
    0 0 255 56 25 13 127 125 189 0 0 235 148 5 255 255 146 0 96 172 255
    164 138 0 28 0 104 223 0 0 4 0 63 0 215 24 183 255 0 255 83 255 103
    139 134 234 255 106 255 255 197 168 255 0 0 70 228 167 99 52 0 243
    170 251 255 16 0 236 0 69 0 26 50 19 0 59 116 150 69 223 0 7 255 138
    96 178 0 40 255 76 0 0 255 110 0 190 199 0 213 36 0 183 0 255 0 133
    0 251 0 255 255 207 132 0 255 33 0 0 255 91 49 57 23 0 0 40 0 252
    179 115 128 255 0 0 31 39 255 0 255 15 143 255 0 0 63 255 255 255
    215 227 45 0 191 183 175 16 155 0 255 0 255 124 142 164 82 0 110 112
    226 0 37 255 0 255 23 255 67 14 103 0 255 138 255 68 31 0 255 12 116
    66 11 109 226 254 91 0 0 93 0 251 24 0 183 166 255 27 24 255 184 255
    0 178 54 0 228 255 111 205 0 55 172 255 99 255 0 255 68 62 0 116 255
    0 0 0 128 182 66 0 0 0 134 0 255 0 0 3 210 191 255 42 0 31 0 15 11
    130 0 125 0 222 255 0 124 245 97 255 224 15 0 184 73 49 240 46 0 0
    12 51 255 59 0 140 255 255 0 255 81 99 255 0 236 184 0 189 139 113
    255 33 0 180 136 52 5 30 229 0 0 188 182 234 158 235 10 255 99 188 0
    224 102 155 23 0 24 0 244 35 0 74 246 110 255 255 86 214 93 27 0 246
    187 128 158 2 14 51 255 0 141 255 101 0 198 30 30 255 255 0 0 255 29
    255 148 168 96 147 154 189 252 202 16 119 196 205 113 88 191 68 255
    192 255 120 0 223 0 121 231 8 49 169 165 192 0 227 0 8 109 185 248
    231 0 159 0 252 255 255 131 255 255 195 242 255 255 231 181 255 179
    77 0 192 255 45 212 190 255 0 132 48 143 99 206 110 181 86 165 255
    242 224 162 24 71 0 0 73 102 255 42 9 209 63 255 255 166 197 100 183
    37 120 194 213 126 255 130 0 0 255 209 0 209 76 129 201 220 0 230
    255 6 255 255 255 255 244 255 175 81 241 135 155 255 110 255 0 222
    249 238 124 109 210 213 242 111 255 0 0 255 207 176 184 54 0 0 194 0
    153 255 66 200 52 0 137 148 171 255 154 107 245 0 53 46 185 0 51 0
    130 146 182 250 255 0 108 213 108 58 255 150 238 0 109 255 170 0 14
    24 167 242 41 40 0 103 204 0 137 14 0 90 255 170 16 83 255 118 62 0
    203 104 165 78 0 109 200 98 123 255 228 195 170 53 255 53 0 0 135 53
    100 82 49 0 105 247 27 244 0 26 177 211 0 140 62 254 0 76 0 255 9
    255 0 0 0 255 72 150 251 192 224 187 159 0 0 35 186 0 255 216 123 99
    27 255 93 75 255 177 85 252 0 38 43 143 0 115 0 255 255 211 255 0
    255 45 0 162 158 58 0 233 0 230 0 104 43 209 107 255 156 151 136 20
    255 123 110 255 255 0 149 197 0 59 127 0 255 0 49 0 235 255 198 239
    67 88 71 255 210 255 157 95 87 240 255 129 59 144 0 242 0 253 236 61
    1 18 0 249 255 253 0 42 255 232 255 239 255 139 136 0 7 137 133 46
    49 255 35 99 0 243 255 169 233 171 84 0 52 18 54 228 255 0 255 0 1 0
    28 103 152 178 78 255 219 255 123 219 255 51 21 55 0 182 183 8 144 0
    0 0 72 217 43 201 149 219 186 37 40 53 213 155 51 70 38 0 203 255 42
    255 255 168 70 31 246 216 120 58 128 98 51 244 197 125 186 0 5 89
    245 255 0 77 51 60 0 0 0 255 23 157 255 0 0 64 0 190 255 88 169 200
    58 186 5 0 37 166 255 153 255 221 0 0 147 119 80 255 0 109 0 78 153
    200 255 65 6 255 85 233 31 255 132 0 255 215 0 179 90 91 253 29 178
    255 255 229 89 0 80 71 127 193 131 104 0 196 164 214 234 255 58 0
    255 0 255 255 0 255 196 255 229 177 0 118 112 0 40 54 239 85 255 94
    0 168 253 131 255 254 96 255 134 62 27 255 253 0 126 78 0 0 78 255
    255 88 255 76 116 249 93 183 74 66 207 218 43 92 0 2 0 73 251 164
    134 255 103 247 0 255 255 150 215 121 120 255 255 0 0 199 127 199
    255 6 255 49 243 76 165 95 110 255 68 153 229 16 79 120 235 53 144
    127 255 0 220 116 0 0 93 255 255 255 204 0 129 127 194 0 144 255 198
    44 250 159 0 71 255 178 0 75 227 255 255 255 175 0 30 0 0 62 0 253
    189 153 141 255 183 0 255 0 255 255 219 255 107 160 0 148 255 255 96
    19 205 255 149 221 255 255 158 104 159 249 71 97 0 12 255 255 0 22
    239 209 167 75 57 255 29 180 0 55 181 211 34 107 49 63 60 255 32 123
    0 115 16 64 20 186 21 255 255 152 0 0 74 19 212 146 255 0 94 165 0
    193 255 169 21 128 98 201 67 125 184 0 0 19 188 255 255 99 0 27 176
    43 0 255 150 0 112 114 130 255 112 18 200 0 0 200 0 255 142 248 240
    73 188 255 255 217 116 0 12 255 169 6 71 35 0 0 188 197 10 221 175
    200 86 255 205 255 95 115 239 4 0 130 0 255 255 96 255 41 64 13 85
    156 234 58 56 255 0 0 0 105 156 145 204 100 99 94 142 255 78 199 68
    59 236 23 255 255 255 197 62 194 255 0 160 0 0 0 1 0 188 41 195 255
    255 24 5 73 255 0 59 23 98 31 0 0 103 0 0 0 231 100 0 199 227 35 129
    202 255 0 204 0 200 228 14 80 255 0 18 78 18 229 69 112 168 176 153
    46 255 249 255 99 143 212 223 188 89 135 72 255 255 202 234 101 58
    255 42 205 95 255 255 217 255 38 99 25 78 52 255 237 9 127 255 255 0
    144 0 255 185 49 255 53 137 90 5 65 187 130 198 0 195 255 214 136
    132 255 255 19 251 127 255 0 243 110 0 255 52 111 0 255 242 80 75
    255 231 0 165 0 255 124 255 239 0 0 21 34 0 157 97 255 232 123 255
    106 178 72 0 255 0 51 255 0 255 97 121 106 255 101 255 255 161 233
    19 96 0 10 43 4 230 0 36 255 255 20 125 255 2 10 255 233 211 255 91
    211 184 179 140 0 0 43 255 45 167 0 0 194 9 111 68 4 0 217 219 255
    236 184 255 255 0 250 31 198 233 0 185 84 255 165 0 255 154 194 255
    44 0 240 17 181 255 121 255 5 255 244 117 1 135 125 56 255 188 133
    255 152 25 0 111 18 175 255 0 132 40 104 114 205 177 0 119 6 212 89
    255 0 188 136 0 0 26 15 255 8 6 199 0 255 60 27 255 73 255 147 0 195
    84 69 0 215 255 85 255 0 117 190 0 207 255 253 13 188 255 255 0 0
    255 77 127 76 255 228 93 247 213 89 255 82 123 98 30 252 158 50 0
    185 223 121 105 101 49 105 235 0 227 255 255 216 0 31 0 0 63 0 47
    255 83 255 226 84 192 51 169 167 36 255 112 0 16 1 4 168 0 245 0 155
    168 0 84 187 0 191 52 94 186 132 129 255 255 255 255 149 255 255 255
    0 41 255 0 0 255 201 0 88 216 189 0 255 255 180 228 107 255 111 255
    0 122 131 28 255 0 33 211 239 0 37 208 255 24 152 255 214 12 88 158
    0 241 0 0 156 3 0 0 88 10 0 0 205 222 255 0 232 167 78 221 50 129 84
    34 224 74 196 184 187 236 222 129 0 104 247 23 55 0 0 0 11 247 234
    248 171 41 157 0 255 255 0 255 140 61 89 216 21 255 241 0 4 255 0
    255 216 60 0 89 255 249 127 157 62 60 255 203 97 0 92 249 152 141 0
    255 255 60 255 0 69 125 32 124 0 201 65 61 255 82 187 145 138 159
    255 120 108 107 0 4 0 124 29 255 255 47 255 0 182 255 107 42 81 151
    0 0 45 41 255 255 255 194 155 0 203 255 153 92 60 200 25 255 17 136
    195 255 0 0 255 135 84 192 39 145 58 118 0 208 255 0 96 11 255 178 0
    255 96 100 0 255 255 33 255 13 0 166 0 243 72 255 0 140 255 0 0 89
    249 74 219 43 222 72 255 255 249 255 82 250 174 86 255 81 225 0 202
    193 54 17 139 175 81 53 3 246 255 215 255 255 17 0 162 143 255 90 0
    255 0 190 24 246 24 117 33 255 0 178 41 10 72 255 230 0 0 27 198 255
    0 95 225 192 209 0 255 255 125 255 94 224 255 255 102 255 0 144 0
    255 0 255 255 255 161 255 233 26 255 255 0 236 165 72 255 189 175 0
    183 61 255 0 255 146 118 235 255 0 17 112 124 42 236 0 96 166 129
    162 137 255 0 0 255 192 47 142 46 0 226 25 202 0 170 255 255 255 106
    255 92 114 46 194 0 160 255 0 255 178 255 53 165 71 18 0 54 156 14
    212 177 226 123 39 150 255 0 68 72 222 255 160 168 29 45 0 246 16
    137 255 0 255 171 0 180 255 110 121 255 255 0 255 255 255 255 138
    150 0 173 158 29 98 120 163 204 220 0 0 0 255 32 136 202 43 120 79
    255 49 49 83 0 194 241 0 50 0 234 134 152 55 23 250 201 255 7 255
    152 255 164 161 0 143 0 0 79 6 0 255 64 24 121 147 116 76 0 255 1
    167 255 137 72 109 141 255 251 255 0 71 255 30 255 250 255 233 4 255
    255 43 255 176 255 124 255 111 0 233 79 109 178 0 255 26 255 142 32
    11 0 4 255 255 0 32 127 255 255 126 255 178 255 150 213 227 155 255
    23 164 0 117 21 0 189 0 1 242 72 0 238 102 255 0 7 255 207 239 0 48
    255 237 0 255 215 0 92 255 27 2 160 255 234 168 0 87 43 182 187 0
    227 255 139 126 153 78 0 237 204 0 255 255 121 77 147 126 255 102
    196 0 95 255 175 203 255 0 83 0 0 0 144 255 52 255 131 120 62 255
    255 255 0 103 12 42 121 0 13 201 87 23 82 0 110 230 255 162 229 65 0
    111 0 0 55 245 255 195 0 94 41 0 255 255 237 255 223 85 175 134 255
    160 132 236 110 216 213 43 252 199 0 85 35 0 114 255 116 255 67 0
    121 170 0 151 82 35 30 8 255 21 0 255 60 149 215 87 0 105 94 238 255
    255 197 117 0 233 255 0 139 180 255 103 81 141 155 147 0 227 132 0
    140 141 175 251 240 75 210 116 10 161 123 223 24 56 42 61 255 255 0
    120 0 180 214 0 41 130 0 6 66 30 186 235 255 231 0 96 37 239 103 71
    218 6 0 17 0 0 240 0 26 22 39 255 0 255 194 54 223 131 0 19 59 218
    14 255 233 33 109 255 235 72 136 244 255 151 89 4 0 255 228 206 180
    252 142 255 157 163 116 254 150 0 0 61 111 255 255 198 146 10 255 0
    76 18 54 245 24 255 179 255 0 148 137 98 133 216 0 23 159 36 174 91
    201 0 0 130 200 1 212 0 0 247 0 36 2 157 72 47 196 125 0 0 255 255
    84 67 165 38 204 230 206 255 0 255 34 7 80 255 220 0 252 202 98 255
    0 90 100 93 104 255 196 225 212 255 130 255 0 0 255 49 255 173 225
    255 0 39 0 255 255 67 213 0 128 135 21 255 255 255 255 0 178 0 0 104
    111 83 237 255 0 244 6 111 255 240 36 255 252 52 167 100 0 165 166 0
    175 188 0 255 189 0 101 122 93 255 188 255 255 248 215 97 255 73 0
    255 157 255 160 255 222 106 84 209 78 0 99 0 0 229 0 255 0 197 62
    255 62 255 109 160 0 0 255 49 160 208 94 72 255 0 104 19 255 0 0 220
    255 166 90 172 112 71 143 5 255 0 255 95 186 67 114 255 0 110 138 88
    205 72 255 158 115 42 36 0 0 77 0 255 182 255 0 76 94 56 200 118 121
    255 171 9 38 242 79 133 0 31 24 239 172 80 255 198 48 123 130 0 78
    167 255 130 255 255 23 38 0 255 255 5 255 0 171 255 67 255 255 3 0 0
    244 0 255 221 55 0 255 0 14 27 84 0 170 213 131 158 255 0 82 0 102 0
    6 228 0 255 179 0 156 223 228 255 255 169 126 0 198 0 114 255 255
    255 226 98 38 66 77 45 255 255 122 255 245 72 100 0 216 99 77 130
    153 106 156 0 22 254 223 197 0 228 0 0 0 60 72 201 23 98 187 218 0
    26 136 48 0 255 0 65 0 255 37 255 89 57 204 136 43 255 24 248 136 25
    0 103 145 95 0 255 255 233 227 0 147 6 167 238 255 159 81 172 0 0
    255 236 50 114 170 0 0 215 132 57 213 0 174 0 113 39 22 126 117 111
    255 255 131 98 0 146 28 255 135 17 255 140 255 47 0 124 0 61 244 0 0
    0 0 255 0 0 0 203 0 66 114 255 0 255 6 59 51 88 196 52 0 104 209 223
    235 191 234 162 0 131 255 52 199 0 0 0 0 18 15 0 9 255 8 217 174 17
    64 255 195 0 255 242 85 164 4 115 50 23 0 0 0 173 68 255 0 255 206
    220 69 71 119 77 151 255 79 34 130 132 181 40 102 255 0 93 106 110
    205 255 125 34 0 0 255 0 0 255 254 37 63 0 107 236 75 255 62 45 235
    78 244 156 255 126 0 0 221 5 145 33 0 0 220 0 57 255 220 226 222 0
    17 240 0 9 255 0 0 255 0 199 255 255 242 63 255 255 160 217 123 255
    0 166 45 85 224 0 91 0 22 51 1 121 152 214 0 0 103 68 255 81 255 0 0
    0 222 204 68 255 255 108 60 114 255 255 0 0 100 255 205 173 255 255
    255 72 255 0 255 255 203 76 24 243 151 0 255 0 0 102 255 137 92 166
    149 79 0 125 255 165 40 110 40 0 255 255 255 214 0 5 196 255 217 255
    255 65 127 0 0 0 181 47 0 226 0 248 149 160 87 252 101 64 43 58 65
    73 27 162 182 0 255 63 0 57 143 119 255 167 0 255 255 203 231 141 66
    0 246 204 224 255 0 231 233 119 155 0 255 140 163 41 144 239 96 78
    29 43 0 205 238 190 255 255 255 0 235 152 196 213 247 0 92 139 231
    255 255 48 255 0 66 129 215 209 197 110 189 221 255 50 0 149 2 220
    204 50 0 162 255 0 222 73 255 255 175 92 255 131 0 195 254 74 102
    255 199 184 136 0 40 38 33 211 0 225 136 14 216 51 255 8 0 217 17
    212 148 36 0 0 119 255 255 208 190 255 0 139 68 245 211 31 102 206
    115 0 255 20 42 0 214 163 0 19 156 0 255 0 195 251 74 214 255 245 49
    125 0 196 0 255 91 157 109 194 0 0 0 255 106 7 145 83 167 251 39 0
    103 117 217 94 42 113 162 97 134 143 0 255 0 2 54 211 41 223 47 255
    81 255 44 0 255 0 132 0 140 8 0 0 34 116 153 255 45 0 115 74 91 0 36
    222 98 155 168 255 143 148 92 0 3 16 127 48 142 255 255 7 237 94 185
    150 37 130 204 69 101 239 0 32 36 255 196 160 136 66 255 110 0 133
    118 117 117 232 255 134 255 175 0 1 99 0 198 237 6 157 255 0 56 68
    255 255 202 255 75 17 0 255 198 175 137 160 255 160 0 122 120 0 246
    0 0 255 255 255 255 8 179 171 0 0 14 115 50 159 131 167 182 223 255
    23 163 255 24 0 200 255 77 111 0 0 14 197 152 0 0 205 8 10 139 0 255
    255 0 11 0 199 43 44 102 175 13 255 197 4 255 87 178 0 0 175 255 180
    0 0 149 6 97 255 112 130 0 62 255 0 55 123 117 185 0 61 0 255 0 255
    9 0 87 235 255 22 152 247 40 255 195 255 254 62 90 171 255 12 161 5
    181 0 0 93 0 197 102 0 133 190 0 0 158 161 0 61 149 75 129 73 234 11
    233 141 135 118 0 106 239 78 255 37 130 37 255 168 249 213 255 0 0
    170 255 209 0 45 0 186 117 0 118 109 114 188 60 0 220 255 151 185 71
    176 102 234 179 255 57 144 255 60 237 225 137 212 0 182 255 177 57
    10 193 219 255 255 183 200 126 155 79 34 3 61 201 0 132 0 248 24 255
    255 44 219 235 0 166 107 255 225 0 59 255 124 0 255 0 0 255 188 255
    157 0 183 238 132 0 255 0 255 117 119 25 124 253 172 0 150 0 26 0 0
    0 52 137 255 207 0 240 239 51 255 160 255 27 165 231 64 64 111 133 0
    155 0 0 159 0 130 208 0 255 159 0 190 243 232 0 251 54 158 5 204 140
    0 126 255 0 73 22 10 155 59 212 25 255 212 100 251 0 178 74 255 141
    143 42 58 116 0 175 255 166 45 95 211 115 255 0 0 255 255 0 0 0 0
    255 92 0 68 34 0 0 0 255 53 44 131 120 253 255 230 255 224 218 107 0
    55 150 75 135 211 243 68 0 195 116 71 0 152 156 149 0 255 255 255
    164 151 125 0 200 255 104 0 255 50 57 255 0 83 0 26 0 255 0 1 255 72
    118 105 255 0 0 194 255 109 178 202 255 161 255 126 145 104 150 20
    113 103 40 13 255 0 255 63 194 63 15 0 0 255 243 0 0 31 41 77 109 18
    135 120 56 32 230 152 255 172 140 186 255 0 89 15 72 149 0 135 35 0
    161 231 0 161 168 255 163 255 241 222 233 255 250 62 38 163 120 229
    255 54 201 255 21 255 255 225 0 0 76 0 8 70 255 0 179 140 248 248
    240 255 80 48 53 108 154 172 218 0 123 217 10 122 0 0 0 255 47 69 0
    120 0 21 0 0 224 250 255 110 115 13 20 7 0 124 199 255 185 255 48
    230 110 75 174 0 57 88 15 32 0 0 117 243 128 1 0 114 255 0 140 0 23
    255 255 107 206 255 41 178 233 181 13 0 246 109 128 216 0 28 69 112
    249 6 254 39 80 0 213 0 6 175 217 53 0 255 248 63 177 5 75 255 92 0
    150 2 255 172 255 92 147 0 108 247 95 29 153 255 121 255 79 255 124
    0 0 169 253 48 116 0 255 131 88 255 103 0 163 0 255 255 152 193 117
    255 114 239 255 23 43 104 0 255 156 152 255 0 234 245 0 6 159 0 0
    181 226 197 228 0 77 61 0 23 251 255 0 143 132 145 0 255 188 254 201
    90 255 246 87 210 80 199 129 56 253 1 9 255 255 25 173 0 177 83 0 0
    231 168 89 107 255 225 255 255 255 255 116 0 165 0 62 23 255 41 0 71
    71 2 61 172 255 0 0 0 0 188 255 255 255 80 255 35 119 87 0 108 0 255
    0 29 11 255 74 177 255 59 215 117 126 131 115 144 152 42 0 218 255
    214 179 218 153 89 9 67 0 255 255 15 255 163 221 75 255 182 255 121
    17 11 168 180 255 143 23 89 97 147 255 121 174 101 33 6 57 143 0 255
    0 157 204 0 255 0 198 255 6 255 255 119 24 255 208 248 57 0 0 69 148
    244 12 196 255 0 255 255 32 255 0 136 200 0 0 255 0 0 32 255 118 0 0
    84 117 208 255 0 128 71 0 238 0 0 189 223 0 0 19 184 70 0 199 255
    255 1 0 218 4 53 255 81 215 119 255 169 0 45 255 43 48 155 17 0 255
    176 57 255 227 61 46 0 0 0 0 101 83 96 26 0 182 255 215 110 189 177
    114 255 255 132 224 83 115 0 255 254 255 0 255 174 27 0 196 133 69 0
    136 0 223 160 255 79 185 0 255 251 49 51 0 0 184 60 0 9 117 255 0 80
    0 0 255 106 255 169 155 255 33 255 41 0 0 0 0 0 0 199 25 187 208 36
    255 15 255 13 58 1 15 87 245 67 218 149 181 0 153 0 8 255 96 114 63
    60 255 166 222 255 198 0 6 0 96 0 255 0 152 114 255 243 0 107 116 92
    255 37 44 245 0 24 173 0 34 53 45 221 0 114 129 255 253 150 255 120
    173 255 189 255 0 179 38 0 143 68 0 255 255 116 14 255 35 244 62 0
    41 255 161 48 255 255 251 47 149 245 0 0 132 220 4 0 224 155 144 255
    181 185 107 147 13 77 214 72 137 187 0 255 252 7 134 255 46 172 0
    228 162 197 255 28 61 208 19 255 155 152 255 151 49 200 255 3 94 187
    106 3 237 0 12 76 245 218 255 8 144 236 42 92 191 255 176 246 255
    255 0 160 144 0 162 255 70 19 84 10 142 223 0 0 0 196 183 0 255 56
    178 255 225 220 63 139 178 0 243 203 255 171 0 199 255 0 8 178 255
    16 42 219 221 230 0 73 191 221 167 0 173 55 193 0 0 0 0 20 255 175
    62 141 96 254 163 16 195 235 0 197 255 113 134 0 193 210 0 234 119
    34 173 215 255 0 20 137 0 178 0 0 255 137 220 208 0 202 0 187 76 255
    153 218 0 255 148 0 124 110 255 89 153 38 255 255 0 67 71 255 199 81
    255 179 0 255 81 0 208 255 0 42 0 208 126 53 0 3 11 246 7 255 255 5
    255 205 255 0 0 32 243 40 126 0 255 171 144 255 92 169 208 194 94 95
    255 129 153 153 239 77 53 61 175 0 255 187 255 255 255 255 0 121 179
    0 0 255 143 250 78 0 0 0 0 0 35 240 0 117 236 255 215 172 55 244 227
    0 150 211 0 194 106 53 175 1 0 241 255 227 203 0 0 19 0 123 221 71
    208 208 93 255 162 151 34 255 0 17 8 106 0 110 255 22 127 207 209
    255 140 0 193 0 0 0 255 210 0 92 71 61 0 158 178 207 122 252 235 164
    183 196 10 217 255 175 145 255 237 0 112 129 75 31 52 217 206 255
    255 235 0 204 255 0 0 250 90 165 232 191 22 0 0 45 215 88 22 51 255
    255 64 0 255 30 235 134 230 0 6 8 166 96 106 97 255 0 255 0 0 0 96
    147 158 118 75 37 160 20 255 0 69 1 243 16 0 211 255 0 162 156 39 0
    180 87 160 255 255 28 0 255 146 81 26 152 0 0 242 150 0 221 255 0 35
    0 255 188 15 89 0 131 22 88 9 255 53 255 0 255 199 0 154 255 11 255
    225 225 202 255 147 224 0 242 247 0 163 18 74 24 59 165 0 231 0 128
    93 255 255 90 49 118 106 98 255 6 255 255 174 29 3 0 148 162 74 160
    217 155 0 28 234 0 159 0 191 214 159 255 0 0 0 144 0 255 215 0 0 50
    220 96 18 255 0 0 199 18 0 129 154 156 171 254 104 255 108 117 16 45
    0 207 206 246 255 255 142 2 170 255 83 255 41 255 255 196 255 60 0
    202 181 149 255 198 60 247 175 255 0 255 172 242 255 17 224 162 0 29
    211 138 125 234 178 0 0 155 0 99 255 82 255 0 255 100 233 105 93 56
    0 14 0 197 75 53 0 0 106 36 255 0 255 47 142 0 255 213 212 252 186
    255 255 0 40 255 101 16 216 0 0 255 124 141 255 45 250 255 175 255
    255 231 255 86 0 248 255 143 255 90 50 0 132 105 25 26 255 9 42 0
    201 0 255 163 60 129 151 158 255 255 255 94 236 113 255 121 25 0 106
    183 0 18 238 232 255 255 163 255 255 188 0 255 255 110 0 202 236 122
    255 116 128 255 242 63 204 163 255 36 23 0 0 174 98 8 157 255 255 0
    172 0 95 47 255 255 255 255 151 0 181 211 0 255 166 255 1 255 200
    162 254 0 0 255 14 165 88 242 198 165 135 58 73 96 18 255 0 255 255
    255 33 11 255 255 0 88 28 0 145 241 243 255 0 0 106 124 5 86 200 144
    58 186 0 0 53 255 136 160 54 0 191 138 6 51 0 255 0 255 14 223 149 0
    12 200 101 42 255 60 138 0 108 255 171 0 208 118 166 5 255 156 0 125
    0 161 0 0 32 0 255 178 16 255 131 19 166 0 203 10 224 45 255 199 187
    29 255 60 65 115 0 216 6 255 255 255 241 201 255 45 6 136 0 10 0 109
    226 187 255 101 211 230 3 171 121 0 176 128 255 32 255 102 255 46
    244 9 163 255 0 62 44 0 120 215 141 59 255 255 0 124 99 120 94 0 90
    222 75 161 0 0 128 23 255 0 13 44 255 31 0 23 184 90 255 83 255 90
    255 16 0 255 0 85 129 0 255 0 255 206 255 255 0 210 23 255 0 119 0
    14 254 247 202 255 236 255 94 141 255 0 232 24 189 142 0 255 0 150
    255 102 225 178 230 129 107 39 0 69 0 255 163 144 0 115 199 167 0
    255 0 0 232 0 0 114 255 40 0 9 255 73 105 255 206 0 141 11 139 150 0
    0 33 121 0 200 5 86 244 168 0 255 0 157 89 204 0 0 172 255 0 27 244
    169 144 62 0 0 139 247 149 109 0 0 168 63 0 11 193 24 107 0 255 255
    255 255 253 0 255 216 255 0 146 255 65 103 239 5 243 65 255 71 211
    22 255 255 138 112 0 255 197 255 94 255 255 200 201 193 255 188 255
    97 255 196 211 193 96 134 255 103 158 255 255 26 0 255 203 166 255
    255 237 255 0 230 246 0 249 68 206 255 0 209 0 0 170 95 156 146 0 0
    0 246 0 5 22 231 36 183 146 255 225 0 0 162 0 5 255 63 0 66 255 66
    198 255 255 0 145 244 255 0 0 0 203 30 0 255 0 72 0 210 0 108 115 36
    0 255 0 0 0 43 254 46 255 254 0 10 0 57 79 17 37 44 241 0 192 0 255
    141 228 0 0 70 184 165 221 0 103 0 162 126 177 0 255 255 40 32 93 0
    151 207 26 0 20 255 151 169 255 0 0 192 163 12 255 69 2 215 25 83
    223 66 223 18 255 0 10 152 0 61 61 139 76 111 243 60 11 231 222 255
    86 26 83 38 211 89 0 171 0 86 110 227 255 137 59 232 179 16 0 255
    255 15 253 101 0 255 0 167 0 167 255 22 214 172 17 87 101 89 0 178
    149 5 84 255 237 0 137 233 179 136 255 0 75 175 104 255 51 37 0 179
    0 78 255 0 255 28 239 122 0 199 255 211 255 159 113 17 206 255 255 0
    136 162 255 0 203 76 0 0 0 166 25 255 255 255 210 255 202 136 152
    255 231 212 34 88 128 61 72 120 215 17 0 96 0 0 255 65 51 178 26 144
    48 255 255 43 37 105 11 255 132 0 187 72 0 44 129 255 235 56 227 56
    81 36 84 82 221 88 44 168 255 74 255 67 255 255 72 255 4 0 188 69
    138 63 255 0 233 23 0 255 255 0 112 255 255 193 255 255 12 20 255 0
    95 13 0 255 160 126 0 173 206 0 255 255 0 255 92 157 0 255 64 245 80
    187 121 201 244 145 202 0 110 117 189 58 37 249 244 0 59 0 207 230
    231 0 252 0 255 214 0 250 255 255 146 255 0 39 255 181 46 122 102
    255 0 125 255 108 255 255 156 54 234 29 116 255 230 78 0 120 183 172
    255 98 42 129 109 174 107 60 10 214 0 160 118 0 255 92 113 206 255
    255 0 255 0 23 255 241 255 77 107 15 41 25 244 23 124 255 0 0 255
    255 255 255 0 118 255 0 21 132 16 189 164 255 78 250 121 0 3 204 28
    148 121 71 255 244 255 255 243 169 0 212 0 0 114 75 255 220 142 95
    37 46 255 0 83 157 255 0 255 234 140 230 180 6 104 245 128 46 182
    255 120 122 195 218 49 234 0 136 215 130 244 255 255 206 0 241 143
    49 115 160 0 0 167 120 0 108 75 254 0 71 255 170 255 255 255 147 120
    255 0 197 112 10 4 255 255 166 255 225 0 0 221 69 43 92 99 0 99 26 0
    113 149 37 0 0 0 108 0 166 52 115 110 255 80 139 172 59 0 172 48 73
    43 103 66 83 185 64 255 0 50 139 0 68 255 0 216 0 0 223 0 151 0 0
    176 96 174 255 103 72 59 246 0 234 143 0 94 71 0 4 49 21 0 49 0 93
    255 41 0 74 127 77 33 76 255 0 70 247 205 46 255 65 255 255 255 242
    0 255 42 0 0 184 255 0 255 255 3 171 201 118 0 232 117 206 0 30 131
    118 214 0 191 96 255 56 154 219 0 0 0 119 140 0 199 204 230 80 60 0
    241 0 182 24 0 255 115 0 183 224 255 0 26 61 80 0 55 226 0 146 216
    176 157 5 0 0 255 114 210 0 255 31 20 140 240 54 96 44 255 172 34
    195 75 80 255 202 211 132 190 181 255 89 191 255 218 30 0 190 86 255
    255 255 0 173 158 19 25 0 159 49 218 89 0 0 0 203 0 255 220 233 124
    0 9 50 158 184 116 255 73 240 48 255 72 0 6 41 0 42 0 8 230 222 255
    255 255 252 17 32 111 132 118 255 50 255 156 255 255 255 219 245 33
    150 10 198 11 0 254 79 14 0 255 0 130 38 151 243 247 161 237 0 241
    55 227 255 255 255 135 147 255 255 255 109 2 24 201 128 168 143 255
    185 0 145 153 71 169 0 162 0 140 144 206 153 144 0 255 118 43 232
    255 255 255 217 0 144 0 0 0 123 245 81 0 0 208 122 255 255 0 215 255
    255 255 0 255 214 51 0 255 255 72 255 255 0 0 132 163 166 237 101
    238 75 93 0 58 214 151 51 169 247 197 78 255 0 0 0 255 54 0 71 52
    129 203 121 4 164 0 119 104 244 26 40 248 218 0 27 10 179 255 214
    255 0 255 163 0 0 72 92 252 34 255 1 15 176 139 228 159 111 255 180
    87 0 110 255 246 93 240 44 125 255 195 93 196 19 27 153 0 0 38 162 0
    0 110 255 0 0 255 0 52 134 113 254 0 231 255 116 167 255 0 255 192
    114 43 0 27 255 0 172 190 0 113 29 0 0 85 48 136 198 209 172 140 161
    255 0 196 31 0 255 129 0 4 134 0 255 245 255 0 224 78 67 178 235 0 0
    253 0 255 239 255 104 41 239 9 86 55 1 62 255 255 245 0 222 255 0
    216 215 0 233 241 191 0 217 0 255 0 0 255 0 0 76 168 91 15 197 128 0
    0 125 255 171 112 0 27 0 121 0 120 151 12 124 255 2 0 120 18 0 141
    240 28 80 0 255 224 244 204 10 203 194 36 255 20 255 255 1 0 15 66
    133 0 0 85 205 0 238 136 209 68 255 179 132 255 67 0 236 137 0 65
    231 75 87 255 153 0 0 255 37 0 85 38 162 0 0 115 106 0 255 133 0 201
    238 184 0 49 193 9 255 55 30 221 255 56 107 89 217 167 255 230 119
    255 0 255 110 38 94 255 26 83 0 109 0 65 28 156 255 102 248 0 252
    110 0 172 187 230 55 40 0 90 255 0 0 246 255 0 34 183 24 0 255 0 30
    255 211 0 128 255 55 144 228 249 0 255 11 19 255 102 61 12 255 162
    196 255 112 255 1 197 255 0 42 0 117 255 3 133 255 184 0 255 0 41 40
    0 255 0 255 155 248 255 75 255 0 0 255 219 255 135 0 29 194 255 255
    235 73 91 255 34 255 172 196 129 168 226 145 0 248 0 107 177 0 15
    151 107 0 255 143 218 0 255 109 184 184 106 255 232 27 36 255 166
    150 255 0 0 128 0 0 255 136 238 240 52 254 37 0 166 249 23 157 255
    255 230 116 188 116 248 255 0 0 246 0 255 5 255 34 0 105 0 255 255
    175 154 44 72 189 13 100 234 158 89 7 194 68 97 92 129 87 170 0 187
    3 68 41 255 255 255 111 35 255 143 0 0 255 183 0 180 255 255 35 217
    199 238 111 0 30 132 14 255 222 255 136 0 0 0 255 29 255 255 255 188
    117 171 0 0 207 112 255 4 47 33 255 237 21 201 164 220 118 207 55
    149 203 14 73 168 175 21 126 0 53 127 255 152 0 255 116 37 216 71
    127 255 175 151 255 186 63 255 255 0 68 141 2 2 87 206 76 255 79 0
    156 255 0 0 71 255 54 255 203 147 0 0 177 0 120 183 202 179 22 197
    250 255 164 105 14 0 109 94 37 255 113 155 7 0 0 0 15 48 0 55 255
    255 255 187 48 252 255 255 79 47 176 105 121 18 69 215 255 255 0 255
    255 0 0 169 25 255 255 0 198 204 164 0 146 0 15 166 13 255 255 246
    29 19 255 17 255 96 106 39 255 0 0 255 20 116 255 255 241 255 0 105
    139 159 255 0 0 41 255 57 235 170 255 255 163 0 242 0 255 19 120 255
    33 18 111 128 11 0 102 43 255 16 0 0 255 0 153 0 210 6 203 124 0 160
    29 255 144 255 57 65 166 130 62 32 255 253 255 128 255 0 0 255 255
    138 205 0 58 0 54 67 57 80 255 94 89 157 255 113 202 209 43 127 21 0
    72 0 0 216 255 49 254 107 236 21 255 255 255 255 93 0 240 30 171 255
    96 255 251 28 213 78 0 169 0 173 41 0 228 43 10 255 255 178 255 255
    149 171 36 122 42 246 12 185 0 131 40 218 182 122 214 196 0 249 92
    62 255 34 45 251 59 255 0 255 246 176 221 208 255 255 0 255 198 255
    0 32 15 255 23 253 0 255 234 188 255 255 84 155 84 5 159 136 0 14 69
    0 255 105 255 169 55 204 200 0 106 68 0 255 255 246 201 166 0 0 200
    174 37 250 255 70 83 0 141 0 89 172 253 78 5 0 0 67 59 0 127 74 0
    255 169 146 55 53 14 163 248 191 72 0 0 174 7 0 0 2 8 18 62 255 255
    255 0 255 247 255 111 0 0 126 6 200 125 0 0 255 143 22 37 56 46 169
    215 77 255 140 255 54 67 224 233 20 0 131 249 235 235 28 0 108 224
    255 72 92 255 236 255 79 253 204 255 0 166 108 0 255 255 0 208 195
    213 0 0 116 255 255 255 169 20 0 208 224 219 249 135 93 88 126 124
    255 0 45 47 28 0 0 135 12 193 147 107 126 78 129 255 0 81 67 149 138
    0 255 26 255 117 0 255 255 0 32 248 199 143 0 49 89 141 254 255 54 0
    242 10 0 255 78 0 255 255 58 0 0 255 255 236 119 0 38 72 111 0 0 134
    166 100 95 255 255 28 0 0 252 214 58 0 115 255 0 23 17 90 186 74 142
    179 255 0 185 255 175 0 255 255 0 236 245 255 0 125 255 255 38 66
    189 226 17 132 107 133 0 141 142 61 255 255 255 129 219 219 217 255
    139 0 53 48 185 194 2 101 136 192 26 68 162 0 0 238 237 149 225 148
    184 129 78 50 255 0 255 195 164 19 255 173 111 255 132 52 177 7 177
    255 5 68 0 92 255 255 255 255 30 15 0 25 199 168 184 228 255 216 83
    0 63 126 255 0 249 255 0 255 67 0 0 136 67 188 129 135 217 60 0 138
    181 113 200 205 0 255 255 51 255 129 132 5 255 120 0 138 116 233 111
    220 208 173 23 0 76 255 44 255 140 72 0 0 246 129 0 177 95 126 141
    255 255 0 0 142 61 137 0 18 69 158 234 131 63 255 217 199 17 184 255
    6 0 213 146 46 0 255 255 144 48 53 215 193 124 255 23 255 0 255 207
    142 44 52 169 0 41 18 174 255 0 151 0 255 114 255 44 255 10 255 255
    0 0 255 255 62 50 0 31 188 160 0 4 255 213 28 1 204 255 94 0 206 148
    122 255 255 255 210 225 0 107 255 198 181 203 253 218 222 194 0 75
    154 207 248 12 255 0 255 89 147 255 172 0 255 0 0 220 114 255 247 0
    120 0 70 2 48 252 115 131 255 0 45 150 131 106 89 43 90 180 149 249
    90 255 130 46 169 230 103 0 135 219 42 57 165 252 182 135 0 191 171
    233 51 0 255 220 255 0 11 255 72 208 255 255 46 0 255 255 171 0 16
    152 145 0 41 240 191 57 39 200 136 242 205 210 164 189 255 75 255
    184 22 138 72 141 210 255 21 255 78 53 0 25 116 112 38 255 201 153
    146 0 21 157 255 85 47 0 0 153 255 153 0 222 255 213 224 0 255 255
    33 255 194 95 30 53 95 0 13 238 21 0 92 89 82 13 97 44 0 0 243 102
    198 255 63 0 213 251 0 96 0 0 255 0 185 0 146 198 0 255 163 81 255
    208 118 255 0 211 255 0 255 255 124 34 97 255 158 0 255 255 0 199
    186 26 0 196 192 0 0 0 238 26 3 60 168 0 255 255 173 255 35 180 33
    44 183 252 232 232 143 0 0 244 228 111 255 79 229 255 235 0 173 20
    255 160 231 91 170 140 156 226 8 140 255 199 0 0 199 129 137 255 205
    0 64 18 126 208 219 202 58 143 255 255 99 224 237 231 80 216 255 255
    0 25 226 88 0 29 0 255 104 86 186 82 255 254 255 233 205 145 114 228
    228 158 203 145 255 30 54 141 0 88 171 255 149 255 117 37 255 246 21
    155 150 255 158 220 255 205 232 255 255 54 0 200 169 32 255 67 49
    119 255 4 255 92 255 255 255 0 36 0 47 255 104 82 0 0 49 255 0 211
    255 0 243 18 49 19 110 244 0 163 255 7 131 69 82 207 0 0 0 0 255 159
    83 255 51 171 250 0 207 157 224 0 255 177 0 0 159 52 137 181 203 126
    238 0 0 0 0 0 114 57 71 255 255 255 35 116 210 146 0 93 32 77 204
    210 33 11 186 68 1 236 236 50 144 255 239 39 255 5 105 75 224 103 0
    87 81 0 0 255 29 139 0 0 238 0 62 0 167 213 7 61 158 143 223 161 143
    0 215 170 11 0 0 231 152 120 0 161 53 255 159 67 91 106 85 0 255 84
    75 255 255 179 4 235 0 0 255 28 255 165 53 255 172 51 8 0 0 0 0 33
    64 75 240 62 188 0 112 227 140 255 255 232 138 255 62 0 22 43 32 116
    85 255 0 0 57 40 235 104 255 163 131 219 209 24 233 0 63 0 0 255 255
    0 163 211 116 118 160 166 255 149 112 63 238 255 255 197 39 0 88 139
    6 22 255 255 43 8 255 255 255 19 232 255 101 0 255 233 131 64 104
    126 0 0 106 28 33 165 178 208 131 241 255 159 60 255 0 255 255 0 255
    143 0 119 255 207 0 138 133 239 153 255 210 212 0 4 255 0 207 76 181
    249 255 221 255 244 204 57 0 242 140 190 16 177 15 255 0 237 127 149
    131 255 0 255 59 118 188 100 0 45 175 135 0 71 199 255 91 129 255
    118 63 243 255 117 91 0 255 0 0 0 115 255 88 175 0 255 7 234 255 255
    164 73 255 55 124 195 59 58 233 190 0 67 141 0 41 5 72 131 96 205
    106 99 255 255 174 179 217 93 144 75 68 226 131 54 226 255 0 108 218
    186 213 0 255 3 66 0 178 255 53 90 0 192 254 0 180 121 200 60 0 17
    33 0 119 255 73 139 180 51 0 203 35 78 255 255 86 0 186 0 0 69 152
    255 94 27 117 255 209 151 255 129 0 255 255 16 236 139 60 147 0 0
    215 0 16 240 0 107 82 191 255 0 58 180 0 0 154 0 111 255 255 199 186
    255 0 125 255 236 48 0 47 197 77 255 0 0 238 26 166 119 0 0 229 255
    255 230 0 121 238 0 199 42 255 255 255 207 113 0 0 36 24 242 0 128
    248 255 255 0 208 193 92 0 255 0 255 172 147 92 255 55 221 255 255 0
    98 139 0 23 255 255 118 255 26 58 108 89 255 0 255 255 255 255 244
    217 8 234 0 14 195 0 0 224 255 128 79 255 153 0 0 0 195 193 255 212
    255 0 121 255 0 0 0 61 255 201 255 225 80 153 0 255 89 195 176 52 78
    255 8 255 118 255 23 112 84 255 0 74 0 255 255 63 152 100 79 251 231
    23 255 212 0 255 205 0 158 109 0 219 51 14 68 0 10 89 0 0 255 37 255
    50 130 107 255 20 255 255 101 186 255 35 18 23 255 93 0 0 208 42 81
    246 146 0 24 0 255 191 181 136 0 255 21 0 0 33 218 255 31 0 169 207
    13 135 240 31 255 28 55 82 207 223 219 0 158 50 178 49 199 110 93
    229 155 207 107 171 190 148 110 223 0 0 0 251 235 0 0 255 23 52 255
    255 0 227 0 56 64 152 239 213 119 0 216 166 26 132 0 0 137 7 172 100
    172 152 0 0 158 0 16 0 255 6 0 0 0 126 77 255 255 150 217 255 87 0
    189 236 99 255 237 178 205 201 10 255 0 89 31 255 93 136 186 68 255
    0 105 245 153 255 217 242 255 255 170 0 0 54 60 255 237 255 63 121
    83 127 255 255 61 0 132 0 95 32 0 0 150 48 24 120 244 250 0 0 0 255
    255 255 199 14 0 159 255 84 232 96 132 5 0 255 149 255 229 255 0 8 0
    0 255 15 0 0 0 26 3 0 2 0 133 182 0 107 255 0 0 0 0 0 0 93 75 44 165
    242 180 207 0 95 10 226 255 255 0 255 205 104 196 12 136 0 30 255
    148 255 255 255 255 244 0 255 0 255 159 45 130 98 144 148 148 40 58
    0 223 79 255 159 127 107 119 253 0 108 204 230 0 142 255 250 223 0
    111 172 76 0 255 246 14 94 90 200 0 8 152 3 0 0 43 0 255 0 62 0 194
    255 203 0 183 1 91 147 162 128 0 48 0 91 45 185 0 16 255 138 247 115
    255 102 0 153 108 156 255 125 34 0 201 0 30 208 0 95 182 232 42 221
    186 248 54 255 162 0 0 0 21 11 125 220 33 255 0 0 255 255 255 114 90
    9 0 30 113 0 198 130 255 39 177 92 196 103 122 98 0 198 247 255 0
    255 171 165 168 255 148 43 0 204 121 15 255 0 137 166 255 164 255 13
    163 255 166 0 255 58 255 255 0 45 255 221 216 150 113 255 121 0 0
    169 0 255 224 158 255 39 255 143 247 194 255 209 83 221 71 255 250
    255 36 150 28 110 98 0 0 164 62 0 100 255 45 255 255 176 194 0 251
    31 156 70 142 68 179 193 53 0 255 255 0 255 94 242 255 198 250 0 215
    255 123 255 145 255 29 111 0 11 6 182 255 188 114 237 255 181 255
    212 255 217 255 251 2 255 0 0 255 9 0 85 0 112 203 57 229 255 252
    218 0 211 51 131 0 194 0 255 255 0 255 169 32 173 178 0 48 255 0 97
    255 142 189 205 0 255 145 108 255 206 216 129 204 27 127 108 19 93
    127 255 33 56 25 0 25 155 0 45 201 255 255 223 135 0 248 255 255 255
    166 89 48 0 14 136 199 165 255 0 0 255 0 0 0 187 15 0 32 240 36 144
    1 26 142 160 255 48 160 212 0 212 25 0 231 224 0 122 81 239 223 56
    122 156 244 237 74 29 246 81 82 253 43 0 0 0 255 157 46 0 69 78 94
    111 255 255 135 78 29 0 0 0 224 0 0 233 116 0 0 0 0 255 140 69 108
    30 224 163 255 175 168 122 129 11 19 130 95 179 6 1 255 255 158 6
    122 22 55 255 255 188 0 255 136 173 255 162 113 77 148 128 127 105
    207 0 99 210 0 0 236 92 0 255 255 255 255 85 17 221 64 203 100 243
    255 179 30 149 29 236 255 255 255 243 209 27 237 255 65 179 255 239
    0 128 105 49 169 223 217 126 255 218 188 0 5 0 85 171 139 0 0 255
    255 0 255 248 45 47 71 46 103 255 251 255 247 9 0 44 5 0 144 151 0 0
    14 137 235 0 136 255 203 255 30 29 63 255 68 255 255 149 211 255 50
    61 0 31 0 95 135 0 255 145 30 218 255 46 16 234 7 255 91 255 33 219
    210 0 0 78 0 235 48 249 255 89 0 255 44 255 103 63 42 77 216 2 226
    255 44 25 105 159 0 192 208 161 151 222 150 0 247 255 44 187 0 34
    255 134 0 10 190 255 213 142 18 14 224 249 48 0 173 0 198 106 255
    130 0 167 255 0 153 235 0 190 255 205 255 0 255 13 248 221 0 99 10 0
    255 0 0 71 82 229 17 147 255 255 22 255 2 0 137 208 255 116 115 136
    240 33 45 223 45 0 255 192 149 145 0 168 103 0 224 0 0 255 0 161 114
    181 191 255 218 5 132 241 160 96 236 101 0 123 239 81 251 250 0 93
    249 0 201 140 148 140 130 255 101 162 0 100 255 185 245 170 84 162
    251 0 43 255 255 255 163 0 255 255 157 255 97 255 86 255 201 73 131
    4 255 0 0 149 244 122 0 185 225 0 199 8 0 226 164 122 73 255 225 0
    71 255 12 188 0 255 75 185 59 208 242 67 98 255 27 87 56 154 237 183
    32 85 27 63 255 199 217 255 8 136 255 255 116 73 5 0 136 0 169 51 23
    233 255 194 71 194 97 28 0 228 240 111 182 0 255 41 87 0 0 0 0 242
    194 238 79 44 184 92 255 255 99 121 163 218 112 0 26 255 0 49 228 0
    137 0 168 0 255 94 163 187 69 231 2 255 0 89 187 0 255 0 255 0 63 96
    111 255 255 255 22 29 64 241 21 128 39 255 23 0 35 168 61 255 217 0
    0 38 255 25 65 165 207 254 255 44 255 165 217 255 0 255 81 43 117 0
    195 95 87 255 115 224 214 200 0 0 193 0 33 0 159 116 255 0 255 255 0
    255 119 255 226 0 0 18 79 61 153 201 255 216 133 143 101 28 198 157
    255 0 98 0 234 172 255 255 226 255 0 0 173 199 0 86 63 255 65 149
    255 14 82 161 0 0 255 239 90 193 255 82 0 217 45 255 241 0 255 65 0
    255 27 0 131 46 255 215 0 213 0 255 203 214 26 8 255 167 203 0 0 255
    0 155 186 0 95 0 1 110 137 250 175 0 0 228 205 164 54 255 254 0 0 46
    232 31 255 0 255 114 82 218 0 187 0 124 188 195 255 236 251 255 233
    32 255 195 119 43 0 154 255 173 255 255 1 104 0 215 0 185 11 38 203
    0 54 255 204 215 255 0 110 200 32 206 255 159 0 0 255 0 199 7 255
    105 255 0 157 0 198 179 78 0 8 215 0 243 62 203 88 99 230 90 46 69 0
    0 176 104 60 48 89 0 0 0 241 0 0 162 255 75 94 0 200 53 90 0 255 35
    166 0 0 0 158 255 6 255 176 40 179 1 255 211 0 203 26 1 0 215 255 49
    12 255 132 72 0 4 30 0 59 81 0 58 194 83 183 255 255 255 232 172 151
    145 105 175 123 31 0 208 251 0 255 128 0 28 0 234 254 103 222 249
    255 0 0 255 255 0 206 0 138 0 164 47 134 0 220 255 255 160 67 154 43
    0 138 0 0 75 0 144 237 0 108 0 0 209 79 122 0 122 0 0 255 30 51 8 0
    0 48 0 90 40 39 154 140 0 174 69 0 209 83 255 184 0 255 255 137 180
    161 0 107 89 0 255 0 91 49 214 0 0 78 89 138 0 154 0 255 23 0 145
    255 36 255 54 22 246 0 255 247 145 0 38 255 0 150 0 201 206 0 43 203
    255 0 214 165 0 0 111 0 150 0 192 43 0 255 72 255 238 75 255 0 255
    255 231 0 0 0 255 170 115 255 255 255 190 136 229 23 0 0 255 203 122
    255 0 92 78 40 255 0 0 3 255 47 0 0 232 0 205 214 125 202 66 16 0
    255 255 255 32 255 255 186 193 8 115 0 171 183 247 0 211 0 255 34 59
    255 245 195 219 101 228 0 161 255 0 98 0 11 0 108 28 130 128 133 233
    173 255 173 162 125 0 0 0 110 255 0 255 0 68 178 40 122 110 0 0 255
    120 0 169 255 61 255 123 246 58 255 0 255 120 255 207 140 255 195
    255 26 255 0 0 255 0 68 255 59 154 153 78 0 22 142 0 0 78 136 164
    183 169 179 0 228 50 232 255 212 255 107 123 226 8 255 244 63 255 89
    85 0 104 253 14 32 191 255 196 255 96 0 255 255 170 66 8 7 20 172 0
    61 93 97 255 255 48 116 117 213 0 22 194 59 85 252 0 255 0 0 0 158
    144 159 78 229 255 28 39 235 252 0 59 0 163 165 0 230 0 255 220 39
    255 255 255 90 31 255 96 187 156 238 193 154 0 41 0 0 149 255 0 71
    192 255 0 0 105 152 0 179 221 204 255 0 0 54 15 255 153 213 93 143 0
    109 169 0 208 0 110 0 54 92 21 39 54 200 6 255 255 3 255 0 246 175 0
    114 0 0 0 61 233 143 255 255 237 187 0 22 186 255 235 0 125 4 182
    194 147 0 0 50 255 255 0 46 146 90 3 255 165 0 9 48 110 153 119 114
    221 211 212 138 0 111 0 193 47 73 99 162 255 49 0 255 221 224 79 65
    0 255 228 126 124 0 0 161 143 153 0 255 29 255 116 175 22 255 82 0
    129 51 92 76 25 171 55 0 0 255 0 255 0 54 0 239 119 0 0 255 179 136
    64 107 0 20 120 44 153 195 149 244 255 0 255 15 255 204 73 255 139
    167 255 216 163 0 114 0 114 139 201 190 255 225 190 0 145 41 33 255
    123 14 0 255 253 0 48 255 167 0 200 0 72 254 173 255 131 0 225 255
    125 255 0 245 241 162 0 99 0 0 0 160 255 32 0 149 154 168 175 95 137
    47 0 148 255 0 78 204 141 0 141 255 72 255 37 140 132 78 0 78 12 101
    60 243 0 221 0 255 0 0 141 102 255 0 124 255 0 168 63 231 161 40 255
    255 0 223 0 0 211 255 255 91 40 41 115 230 255 151 0 245 0 45 178 32
    133 255 0 210 159 255 255 97 151 177 0 47 133 249 122 102 26 92 240
    172 10 7 249 127 239 119 96 46 141 228 15 255 235 9 242 79 255 131 0
    254 255 4 255 125 107 142 0 0 141 255 36 255 116 0 244 32 30 178 41
    178 100 255 0 134 95 222 83 210 209 189 0 172 255 213 255 255 31 177
    0 0 56 0 255 182 133 255 250 60 228 0 102 149 255 63 250 255 255 104
    154 36 69 0 144 224 245 71 255 245 124 255 255 233 0 0 31 0 255 12 0
    0 150 106 161 0 246 0 162 245 172 141 2 0 192 179 0 230 255 163 77
    189 75 0 255 0 255 244 73 32 255 0 255 105 76 162 149 255 76 255 220
    255 229 196 0 0 190 249 0 129 178 0 37 208 0 14 158 120 135 8 0 72
    72 207 109 0 210 133 255 34 129 253 24 0 191 34 206 110 255 0 0 137
    255 61 0 255 0 255 255 255 83 190 0 0 47 0 172 97 255 0 255 255 255
    220 255 52 255 255 94 213 226 123 195 255 184 183 78 6 0 255 52 31
    118 156 253 254 130 15 126 37 0 0 0 0 252 96 0 103 125 206 0 126 184
    128 101 187 255 77 146 0 0 0 0 38 146 9 0 255 128 0 0 39 225 240 102
    156 154 255 131 111 212 116 255 39 108 221 194 0 62 0 250 195 84 57
    0 0 255 0 55 25 255 255 172 80 0 178 255 73 255 0 255 134 6 183 0 85
    0 0 55 220 255 255 0 29 222 255 42 255 223 141 255 0 255 233 0 119
    28 205 50 0 204 210 0 154 125 115 255 255 255 7 110 255 140 118 48
    90 8 0 117 31 106 63 204 154 125 93 0 218 107 35 191 9 255 125 220
    143 181 22 110 58 255 169 169 236 131 171 65 220 172 0 133 167 197
    255 82 255 0 0 0 0 1 33 187 255 255 255 227 85 0 0 12 255 122 0 255
    164 61 5 255 85 41 0 255 197 113 255 234 255 207 208 104 92 255 38
    43 16 249 105 0 255 0 72 0 255 226 255 0 100 255 135 70 147 0 84 217
    17 15 106 101 0 221 227 187 0 115 9 173 147 0 255 0 108 72 80 91 25
    155 6 174 0 164 0 37 255 0 88 215 199 164 224 29 33 230 210 94 21 98
    130 94 255 0 248 82 181 0 0 46 0 143 70 0 255 138 80 138 255 255 255
    69 180 0 171 0 255 145 255 209 255 255 157 167 89 0 89 217 77 11 108
    0 255 0 255 19 0 87 140 0 0 0 111 0 235 240 7 255 255 111 255 0 71
    221 73 255 255 255 255 125 175 204 199 0 0 14 65 254 0 255 66 255 0
    231 255 57 123 77 9 119 255 137 185 87 127 221 111 0 255 119 108 255
    89 147 255 0 112 58 189 158 255 195 0 165 191 138 55 191 255 96 255
    255 118 210 255 0 145 35 207 190 255 255 0 155 74 153 172 65 209 5
    90 17 24 0 99 199 55 147 200 38 31 0 118 255 0 212 0 103 111 0 210
    123 96 148 255 0 209 0 0 0 28 73 169 0 137 142 186 163 207 97 0 97
    127 0 255 134 0 0 208 166 255 231 140 41 60 230 173 57 66 255 231 12
    246 0 147 0 255 119 79 255 156 190 255 192 140 170 203 40 183 255 28
    16 0 255 143 255 76 104 172 130 255 255 0 21 71 0 197 97 16 74 190
    151 105 155 123 0 255 0 255 0 66 149 255 166 3 85 96 0 194 0 67 255
    186 254 255 167 0 200 128 0 0 213 195 33 110 153 0 132 255 255 246
    86 139 255 0 101 29 0 174 214 58 74 255 116 178 249 41 255 0 255 114
    30 124 215 98 0 52 12 63 0 255 47 55 53 0 134 126 255 185 23 244 223
    255 19 13 255 0 255 107 151 112 255 117 102 171 0 181 196 28 0 7 231
    0 56 255 209 255 122 0 236 152 37 17 0 55 29 0 213 67 0 187 213 27
    185 162 255 121 255 255 52 199 240 166 0 251 77 74 255 0 84 163 55
    255 255 106 22 0 25 255 200 255 132 255 101 255 255 0 255 0 48 227
    97 79 0 109 79 0 223 162 14 68 44 255 0 255 0 15 255 34 157 255 255
    255 0 89 100 255 255 160 255 112 103 92 33 0 221 216 0 202 197 156
    255 188 255 246 0 163 49 134 244 98 238 68 123 56 101 67 239 68 192
    77 255 79 87 70 67 56 0 197 255 255 17 147 255 248 17 3 165 151 146
    12 41 205 150 0 0 88 0 106 255 255 43 252 255 243 17 31 2 96 4 81 0
    228 14 89 255 213 255 126 66 162 200 255 255 255 0 199 109 98 255
    192 255 255 49 0 61 255 99 190 45 52 255 221 4 182 10 177 45 255 255
    69 246 0 255 21 255 255 29 20 217 223 150 116 255 0 126 202 0 0 170
    236 103 47 84 246 0 110 255 66 0 185 53 255 114 137 0 241 213 0 91
    255 255 208 139 142 0 255 70 229 240 0 255 217 255 255 121 183 9 197
    0 1 24 0 240 169 194 104 255 223 70 56 255 215 189 41 9 255 0 255
    255 0 255 217 6 127 41 125 95 109 91 1 255 145 0 57 78 0 94 28 252
    195 139 37 0 255 255 159 121 68 255 4 0 150 63 51 39 141 180 49 118
    159 22 255 255 102 0 141 219 146 49 3 31 154 255 131 0 80 11 0 0 237
    37 251 97 255 255 251 0 113 28 220 245 3 255 255 109 145 255 130 183
    255 46 0 255 255 154 249 249 148 137 255 181 255 0 0 213 220 69 33
    172 40 96 0 0 5 237 192 253 0 151 255 255 255 0 31 9 0 119 81 0 200
    102 255 255 255 148 255 73 255 202 0 30 0 53 255 255 248 0 23 86 0 0
    255 30 0 6 255 0 0 82 40 100 123 132 155 180 155 48 86 244 84 88 1
    22 0 186 206 24 0 130 10 151 187 183 245 222 255 91 255 227 0 96 205
    237 191 196 77 91 219 85 118 240 206 255 217 17 16 0 180 20 0 131
    198 255 206 69 255 255 255 46 0 95 89 161 254 162 255 30 0 234 253 0
    32 213 81 0 99 105 0 255 170 124 171 132 0 0 148 189 255 255 165 54
    18 0 255 149 255 0 255 255 0 78 0 120 154 94 57 4 37 182 255 198 140
    255 255 106 128 0 0 169 255 193 249 254 231 123 123 255 255 193 0 15
    77 134 169 0 167 253 174 180 54 174 79 53 201 23 182 148 255 152 205
    26 42 0 2 120 139 0 105 80 179 167 17 1 58 101 0 40 143 118 14 8 255
    100 237 255 255 190 17 0 255 255 0 47 255 182 221 191 255 188 255
    181 1 0 66 255 223 0 255 0 92 23 108 135 195 175 56 255 0 255 253 78
    255 255 255 255 58 249 172 199 77 43 255 0 137 0 255 227 148 255 197
    151 96 0 156 0 255 147 194 0 40 51 255 194 143 255 255 32 121 0 255
    0 221 180 255 255 230 171 47 228 104 0 112 0 74 4 173 38 15 255 255
    170 41 174 112 214 60 255 14 0 158 255 47 207 92 181 0 86 80 0 255
    178 255 138 2 255 0 13 164 188 0 70 225 255 10 248 0 181 81 159 255
    163 172 255 255 241 105 178 239 232 128 255 255 203 0 255 187 182
    160 223 133 93 33 3 77 170 61 61 197 19 156 91 250 165 79 243 69 41
    255 75 144 255 104 255 142 146 230 0 131 21 155 0 255 255 254 255
    155 115 60 0 255 60 255 255 202 255 255 255 0 43 162 9 88 244 60 0
    16 255 244 2 0 255 255 84 0 7 234 0 0 94 191 106 172 0 255 255 109
    128 69 56 245 255 229 210 14 117 229 18 82 0 38 0 117 32 55 55 75
    246 212 178 9 194 254 66 18 0 0 255 0 0 192 255 247 0 255 0 250 0
    255 255 24 246 33 166 0 48 255 56 0 0 87 0 231 75 0 255 55 140 246
    255 203 105 134 0 255 255 0 0 255 0 0 0 24 162 129 255 0 255 129 0
    75 29 0 174 135 212 60 255 123 207 159 114 96 186 0 255 199 255 219
    140 255 165 255 30 110 255 3 0 0 208 22 17 52 255 88 131 252 203 255
    255 60 239 255 0 101 0 148 0 233 45 113 231 0 114 245 61 0 166 55 0
    34 253 22 14 145 0 43 0 2 92 217 255 44 0 255 0 97 255 0 255 163 44
    178 25 236 120 255 255 225 180 205 2 255 58 137 72 255 171 153 0 88
    32 129 132 0 103 17 0 248 161 185 255 11 0 99 71 72 103 226 17 189 0
    158 29 165 84 196 0 240 216 177 0 208 27 37 255 0 50 238 74 0 164 0
    0 0 255 106 136 124 255 118 204 135 2 122 216 2 54 179 101 0 205 59
    0 166 230 239 0 0 29 0 188 0 218 95 90 255 104 68 255 237 255 143
    194 63 0 254 31 23 255 4 21 255 61 90 0 0 255 255 50 255 0 106 114 0
    34 88 215 0 130 255 0 0 255 0 21 21 14 0 131 252 83 255 255 255 255
    114 97 48 8 0 251 0 154 0 255 202 255 255 255 37 31 0 58 66 255 128
    0 251 153 215 59 21 6 0 251 11 0 0 144 32 217 134 65 0 92 87 102 221
    85 73 53 255 94 207 255 67 98 255 255 147 0 137 228 32 160 255 255 0
    212 255 191 255 239 0 161 175 0 136 70 84 0 200 255 138 67 255 68
    194 255 168 0 0 0 255 53 78 3 118 165 43 180 58 255 187 7 172 0 165
    255 142 16 255 210 3 174 142 7 255 188 59 182 0 5 0 162 0 19 255 0
    187 97 0 186 138 0 12 0 167 255 143 188 227 0 56 98 0 97 0 255 51 0
    164 255 227 0 30 19 69 63 72 3 206 129 122 255 0 38 0 143 255 0 157
    181 47 204 38 28 255 178 91 255 170 0 255 0 201 243 150 181 227 213
    255 255 189 202 255 70 188 92 0 0 34 0 45 25 0 255 80 118 255 231
    176 230 95 81 12 0 47 133 255 135 189 0 255 232 255 100 107 183 255
    23 16 93 255 0 168 58 3 71 0 255 154 110 184 201 144 0 255 128 246
    223 226 194 0 0 0 92 0 5 180 150 235 255 255 255 0 193 110 0 255 202
    230 255 0 254 255 0 0 0 178 128 171 184 13 181 255 188 158 224 136
    65 0 191 0 0 255 199 255 151 147 255 255 148 164 0 0 217 74 49 56 57
    255 139 132 113 236 0 58 246 0 168 0 86 0 255 211 56 255 36 22 120
    174 22 34 0 219 226 225 186 255 156 255 102 0 39 252 86 100 32 255 0
    173 157 248 0 99 78 255 255 255 202 255 0 255 163 0 166 30 224 183
    214 232 255 0 255 77 255 0 38 63 255 255 127 76 88 255 35 255 38 162
    38 255 196 88 46 0 80 220 118 229 128 129 163 0 12 7 12 130 168 40
    30 0 116 136 0 155 0 244 61 0 0 255 123 57 154 235 255 194 209 0 183
    206 43 218 144 246 0 0 160 104 6 0 70 120 68 208 205 179 255 78 0
    255 58 0 165 0 161 255 28 255 38 167 234 250 230 144 219 231 0 72
    255 255 0 208 150 0 230 255 73 255 192 49 194 0 226 255 195 128 255
    255 218 132 255 249 193 0 83 128 255 225 255 194 255 0 98 60 255 255
    239 255 229 255 79 200 0 232 43 68 254 0 27 0 255 0 255 221 255 0
    255 0 62 113 97 177 182 26 0 255 166 20 186 255 255 196 144 245 255
    47 0 0 59 42 149 255 78 0 0 184 197 0 51 255 0 127 203 255 0 0 145
    88 0 192 255 231 41 249 236 0 180 255 146 138 88 255 205 0 201 48 23
    0 19 50 0 255 0 0 255 255 255 0 97 63 0 255 120 255 45 253 255 143
    255 255 10 255 24 1 0 0 0 121 0 251 0 140 255 185 59 255 47 159 255
    178 18 5 97 177 109 23 0 179 88 186 0 72 41 0 0 182 86 222 212 182
    174 193 132 55 0 0 179 231 115 90 0 169 255 15 238 126 150 116 0 0
    248 0 115 193 223 159 255 255 197 255 147 255 0 0 157 130 46 223 15
    82 192 227 0 58 163 0 96 80 201 255 101 210 37 0 255 230 139 174 0
    255 129 160 219 0 114 255 255 63 239 117 255 250 210 255 168 97 0
    107 0 12 124 222 255 255 0 168 227 100 176 225 255 150 140 158 53 0
    167 17 255 199 0 245 168 166 255 149 154 1 255 81 193 194 226 23 0
    255 0 255 220 139 131 255 93 0 38 228 50 202 0 171 119 0 101 186 206
    229 191 0 117 156 0 226 255 255 255 172 154 255 154 0 0 255 184 116
    0 248 255 194 143 26 201 0 132 135 255 79 43 37 0 97 114 80 255 56
    73 225 220 255 106 255 200 136 170 148 252 16 202 251 0 246 116 0 98
    77 178 251 243 255 71 53 21 174 238 0 0 43 144 108 0 255 147 22 0
    217 218 246 164 72 138 146 213 162 176 242 75 130 144 255 0 255 122
    255 120 101 255 255 255 224 57 0 149 143 218 186 255 27 3 237 102 48
    75 255 255 190 64 115 0 4 255 83 131 255 147 0 89 43 156 0 0 0 105
    43 81 11 156 255 172 221 206 92 255 185 6 239 121 100 255 196 67 40
    0 255 0 163 72 208 223 133 255 252 233 0 58 200 180 17 79 255 255
    226 255 0 120 20 255 63 17 255 170 181 136 254 0 0 44 36 255 0 194
    16 14 255 198 178 255 0 175 255 193 255 179 201 197 81 255 233 67
    230 215 36 61 13 0 0 0 0 81 0 134 235 77 147 0 84 19 239 70 199 255
    233 255 47 61 190 140 206 222 140 255 53 255 157 173 0 0 255 255 204
    255 255 0 55 101 14 255 31 186 150 255 177 115 248 134 186 0 61 255
    59 64 25 36 216 13 197 149 195 234 118 129 115 255 69 255 170 234
    138 255 68 64 176 209 69 0 0 31 24 255 0 159 197 244 63 193 235 94
    71 0 195 52 166 155 67 197 29 0 42 92 26 232 191 98 0 186 255 55 229
    155 255 0 0 255 216 253 145 255 35 255 237 0 88 136 62 255 216 25 0
    196 0 237 19 112 98 0 72 0 0 100 48 0 215 102 255 39 82 50 217 12
    156 168 73 192 130 88 33 149 0 35 190 208 115 220 129 96 139 255 17
    101 174 99 147 41 146 255 146 0 0 94 255 3 169 83 255 126 128 64 255
    255 131 84 217 242 255 0 0 114 230 175 255 196 183 255 50 11 251 189
    255 255 89 45 204 255 0 43 5 230 79 220 140 66 189 255 1 218 91 0 0
    255 0 174 119 203 214 106 137 70 255 0 255 93 0 255 23 0 0 56 255
    127 93 88 14 255 0 239 255 253 8 20 87 33 22 255 0 255 22 52 255 186
    98 253 244 255 255 131 48 131 0 0 167 0 0 0 66 0 18 148 255 0 118 95
    128 112 190 255 224 255 168 255 135 216 150 197 55 255 64 255 185 0
    177 216 60 0 102 177 255 163 142 177 0 177 212 44 9 127 52 158 210
    253 235 34 255 255 0 198 218 0 0 228 222 125 90 249 0 98 95 238 3 51
    255 12 25 218 215 255 255 121 209 255 42 0 207 119 203 255 78 241 99
    23 21 38 0 197 255 173 202 0 108 255 129 196 0 227 230 255 173 255
    255 255 255 255 108 208 112 64 161 199 255 140 42 105 0 0 35 40 109
    255 81 136 0 157 157 0 70 132 147 255 193 255 76 34 17 9 48 168 0 86
    216 23 255 255 0 52 69 193 174 16 245 255 236 0 128 155 91 121 150
    255 255 3 0 255 109 255 0 206 218 0 0 255 145 0 102 255 0 0 255 141
    157 0 150 70 99 61 64 244 0 252 0 255 0 25 105 185 35 221 104 0 255
    255 47 117 255 255 0 167 227 16 0 225 90 0 0 120 165 151 255 246 255
    240 32 0 64 84 63 0 89 61 188 56 0 102 41 190 148 0 228 221 9 255
    255 83 182 229 0 49 13 47 159 255 0 209 74 255 164 0 76 187 15 255
    255 182 255 87 173 255 108 255 21 201 255 206 178 108 27 107 229 0
    198 152 0 1 147 106 255 0 0 16 13 95 174 255 123 14 248 255 154 189
    93 93 20 41 44 255 59 244 0 139 76 72 255 217 79 162 0 0 73 15 218
    144 217 0 0 158 47 40 235 39 0 255 0 102 250 255 126 0 255 235 6 40
    0 255 0 255 239 255 170 80 191 0 0 0 190 255 255 155 127 189 30 227
    0 244 47 153 0 125 0 0 95 0 0 13 10 97 25 218 48 116 169 255 255 255
    255 209 93 149 145 216 0 255 62 100 15 109 255 0 202 255 145 28 66 0
    165 107 0 113 0 121 143 141 129 119 37 128 0 0 146 0 142 0 0 252 67
    88 144 0 183 0 255 0 0 47 246 44 203 0 125 0 0 180 200 66 240 42 191
    0 0 111 0 78 0 250 137 115 186 50 0 61 255 192 255 162 6 211 240 255
    227 0 255 255 62 255 170 183 22 0 64 0 255 85 204 84 140 114 0 189
    139 188 66 205 169 75 168 255 255 87 0 0 0 244 3 215 177 255 23 0
    119 255 96 2 255 240 14 99 208 255 0 224 255 255 255 0 255 230 0 0
    59 255 119 134 229 255 182 29 220 58 213 252 0 87 255 255 0 35 2 64
    16 147 96 43 126 193 91 96 216 46 255 223 147 10 255 17 250 255 182
    31 255 82 107 255 0 26 0 144 233 0 255 255 12 96 195 255 83 0 255 0
    53 174 7 104 30 106 120 255 202 58 255 0 158 0 255 0 255 0 252 255
    175 255 31 255 80 39 41 241 9 176 80 0 117 204 130 255 252 189 255
    25 0 160 254 52 0 255 55 0 3 0 139 78 0 203 255 71 0 23 255 147 255
    140 82 133 17 255 74 0 255 0 206 39 81 146 0 222 81 255 0 6 194 76
    255 192 255 219 255 147 220 255 224 41 0 181 49 26 0 177 41 77 0 109
    255 201 102 94 0 255 255 198 255 65 255 0 182 223 255 157 0 0 5 242
    227 255 0 69 186 0 10 0 0 255 59 47 8 118 0 48 101 255 255 86 118 0
    102 23 119 0 87 255 214 62 255 173 111 71 0 0 205 162 0 126 242 162
    210 255 105 34 39 19 213 255 6 255 198 0 255 255 9 255 255 44 0 169
    66 0 213 57 0 98 134 74 0 255 0 1 255 49 37 248 255 255 118 0 243 0
    191 181 5 0 112 254 0 114 98 255 158 243 59 20 137 64 110 0 255 255
    182 255 92 229 209 255 248 104 139 0 25 0 70 73 36 90 150 237 0 255
    227 255 255 255 209 198 54 12 117 255 240 70 125 218 255 109 239 53
    255 238 135 47 255 255 255 71 18 0 255 159 254 153 255 83 169 72 225
    0 255 0 26 192 18 255 15 103 103 22 154 216 160 255 183 222 255 170
    255 255 0 255 0 16 243 194 44 170 250 255 117 102 249 119 0 155 198
    208 65 153 227 255 255 18 0 163 182 0 150 5 123 79 42 47 4 134 68 0
    2 66 140 255 157 100 218 49 0 255 216 25 255 193 16 170 255 255 25
    220 0 255 161 0 162 255 234 0 193 250 36 193 57 0 250 183 220 133 51
    255 116 122 0 75 255 156 115 139 43 255 188 0 255 0 160 255 0 96 255
    255 40 196 113 255 0 211 240 0 51 103 154 201 72 17 115 0 118 54 103
    231 179 163 83 255 128 33 223 154 255 194 223 162 0 115 0 71 181 39
    255 0 58 114 0 121 35 0 79 144 22 89 212 255 59 134 255 117 255 214
    179 140 220 94 174 14 255 20 132 255 182 191 0 171 114 179 255 255
    151 0 3 0 31 8 218 47 155 72 195 193 0 187 143 158 255 255 208 193
    67 0 140 162 167 173 85 166 255 130 255 255 23 6 255 222 141 120 255
    0 1 0 224 115 46 0 119 235 27 59 253 0 0 0 121 0 0 255 255 145 1 255
    69 0 195 252 2 244 0 0 64 146 116 255 0 255 66 138 89 76 191 0 226
    255 229 154 30 239 94 0 255 159 191 0 255 61 0 11 244 255 143 133 0
    176 110 255 52 0 80 139 130 0 241 45 96 222 198 120 29 255 193 255
    255 0 51 255 13 0 99 250 195 111 255 255 0 207 155 132 115 136 135
    201 87 182 198 0 223 174 55 17 77 255 0 255 255 0 255 241 255 255
    129 255 126 231 41 193 0 255 255 244 255 139 0 0 73 254 76 190 0 255
    255 0 58 176 18 5 255 45 255 246 7 0 232 155 0 8 84 58 226 195 0 171
    0 0 0 255 181 197 137 99 148 104 249 136 255 76 22 125 251 181 52 81
    19 255 0 0 63 0 0 88 124 153 166 0 255 79 181 208 85 183 176 9 0 3 0
    255 71 255 0 158 0 0 127 132 255 0 255 183 0 49 122 84 203 103 255
    101 9 226 113 25 255 255 7 0 0 133 0 117 103 65 205 255 9 203 255 26
    65 0 255 98 127 135 0 0 136 184 0 224 209 0 89 39 46 137 222 0 224 0
    0 206 0 83 0 255 255 255 194 148 255 255 240 130 255 0 59 0 0 90 118
    0 140 0 0 29 41 227 255 0 101 48 255 157 255 106 216 178 216 210 0 0
    0 0 141 140 255 0 252 205 0 255 228 97 183 13 207 94 0 168 53 233
    255 0 118 18 255 212 171 89 117 78 189 173 50 0 0 45 255 0 0 81 0
    203 0 181 11 149 164 45 176 255 0 152 199 210 234 0 140 255 0 70 84
    255 0 10 94 209 0 33 255 178 255 222 0 255 255 76 202 251 0 127 237
    100 181 0 112 115 199 0 119 28 59 41 173 0 207 255 176 130 115 142 0
    33 228 25 0 158 53 27 0 193 38 14 232 208 85 162 0 165 131 55 0 147
    178 60 255 255 200 255 252 20 135 71 69 255 0 59 255 204 0 120 0 2
    255 39 255 190 255 199 255 163 208 0 0 87 252 222 44 255 255 183 255
    10 87 255 0 45 98 149 0 0 63 175 203 157 199 255 120 207 255 87 171
    202 255 247 195 205 136 255 0 0 174 29 30 78 246 135 0 133 95 237 40
    0 13 255 123 56 236 255 92 0 83 154 255 0 58 122 255 228 20 140 15
    163 179 42 0 91 0 231 255 23 0 64 32 75 117 201 255 8 0 147 255 0
    241 0 255 48 0 194 76 142 14 75 86 233 8 0 255 33 0 255 0 255 97 255
    176 108 151 240 255 0 0 86 211 0 0 40 64 61 108 0 0 150 255 38 255
    154 81 199 0 53 18 61 144 152 0 234 56 255 255 255 255 0 161 0 59
    255 170 251 173 142 135 242 255 0 255 216 248 255 40 175 0 28 81 242
    255 140 148 0 122 31 129 231 0 130 255 180 255 205 255 123 3 0 235
    94 52 20 0 255 23 79 128 0 191 162 115 37 97 123 107 99 255 73 0 219
    0 225 255 0 180 255 200 0 255 255 140 34 0 60 111 16 119 0 248 255 0
    185 253 232 78 41 0 131 0 0 255 0 255 77 0 238 0 33 0 0 254 216 36
    16 173 16 166 255 203 100 98 255 202 107 255 0 0 0 132 18 255 11 255
    0 88 0 0 48 233 111 171 0 255 102 30 255 234 168 208 5 255 100 255
    100 28 22 0 119 126 76 255 200 40 255 12 254 0 255 247 231 234 255
    255 50 171 136 62 69 162 0 122 19 0 145 255 148 96 255 55 255 208 44
    92 0 255 255 0 55 255 255 88 111 140 128 212 255 109 249 255 255 23
    0 83 0 0 158 233 224 218 255 32 0 186 222 68 0 239 52 255 255 218 22
    147 0 27 133 0 218 156 34 14 126 2 0 0 89 33 0 216 255 254 255 0 145
    255 64 110 171 34 251 60 146 226 134 245 141 32 255 102 196 255 144
    38 121 5 0 255 130 106 255 177 29 255 184 0 70 255 169 139 44 92 36
    0 197 255 0 255 0 255 187 255 255 194 190 197 54 150 255 0 138 26 7
    209 97 255 153 151 255 201 0 0 210 0 103 188 133 56 221 255 255 243
    114 94 76 138 0 255 255 255 153 255 0 161 27 191 0 0 254 125 172 255
    191 13 185 41 149 49 255 67 27 233 92 0 48 51 255 255 255 16 164 0
    180 60 183 81 58 0 94 173 218 255 0 161 224 255 93 128 0 0 186 0 36
    0 130 249 117 0 225 167 0 68 0 148 225 62 161 110 255 198 227 255 0
    0 65 237 255 255 26 179 32 255 41 35 39 83 0 33 255 255 255 246 67
    126 74 31 255 0 0 255 245 255 255 16 181 139 255 226 57 10 77 141
    222 168 255 0 255 168 0 0 255 255 26 62 205 255 255 74 22 69 81 0 84
    16 166 205 255 96 72 21 0 225 255 209 178 247 0 253 146 255 115 0
    255 255 255 0 0 70 0 0 166 18 255 255 0 69 71 255 255 135 255 136 0
    0 151 0 35 98 255 215 146 73 217 211 0 255 111 249 214 103 243 0 255
    0 0 93 0 238 59 44 139 124 225 226 169 210 17 54 255 255 0 122 182
    48 203 0 255 0 90 255 114 55 123 80 255 255 7 136 100 213 77 255 65
    0 209 255 255 78 78 162 0 255 255 240 127 70 255 114 181 90 226 100
    149 255 150 243 179 149 248 0 231 27 53 255 35 255 16 0 252 0 205 0
    255 19 0 176 142 255 175 33 127 255 251 255 255 165 152 255 240 218
    186 0 160 123 229 0 11 254 136 0 166 101 250 250 0 255 234 233 145
    85 174 218 229 255 255 184 171 158 131 31 255 148 0 255 60 17 251
    255 248 67 124 116 122 66 93 0 255 251 163 241 29 0 178 4 0 112 74 0
    199 234 0 163 0 100 75 70 171 255 0 0 255 255 0 164 154 186 81 37
    255 0 104 136 46 202 99 255 0 0 141 255 0 0 0 79 65 255 135 102 255
    164 65 117 241 179 27 255 255 32 255 33 240 0 91 173 185 0 15 255
    112 143 20 39 48 0 255 0 28 205 56 89 255 134 200 159 196 255 26 255
    255 34 124 114 57 0 255 6 0 255 21 226 0 163 255 60 68 154 0 197 255
    0 0 240 190 217 102 7 246 245 194 228 109 140 56 212 186 212 0 22 88
    53 255 26 229 0 48 209 0 64 0 21 104 0 3 0 75 209 54 255 255 0 170
    164 255 232 0 255 0 46 31 0 121 255 132 7 199 224 133 178 98 255 100
    0 94 206 179 141 255 0 255 255 125 81 0 178 7 0 97 95 0 90 202 255
    239 82 0 24 0 40 229 210 255 135 144 255 209 0 213 58 255 58 201 127
    173 255 225 47 0 152 142 18 133 24 0 0 28 255 255 0 50 255 246 255
    242 236 22 255 255 117 98 144 114 48 248 41 0 0 0 255 255 255 223
    223 210 45 239 198 70 255 255 78 218 127 196 0 116 240 200 108 0 228
    189 176 192 255 208 255 255 210 10 80 62 150 116 202 165 120 255 255
    255 0 255 34 237 255 128 57 0 48 68 197 0 255 76 82 0 171 201 0 240
    212 91 255 95 18 69 110 255 0 47 11 255 255 27 119 255 58 100 44 175
    109 160 239 0 0 0 0 88 115 62 207 232 0 0 210 0 0 194 101 143 149
    104 0 0 78 95 255 177 70 255 0 234 92 70 174 61 41 143 100 0 59 79
    44 218 191 255 255 0 0 50 255 255 255 0 207 103 160 0 168 255 0 255
    0 65 255 77 227 212 126 105 22 146 255 69 231 22 0 69 255 168 255 0
    231 214 255 244 45 7 255 132 0 129 77 0 0 0 255 255 138 125 74 0 118
    0 255 250 227 255 158 148 0 107 231 255 143 255 115 112 253 255 98
    82 135 89 77 16 0 133 172 224 179 0 255 155 100 231 29 48 206 255
    148 158 134 45 87 255 164 35 249 50 179 218 255 90 255 178 0 100 255
    122 146 0 140 164 66 127 255 60 255 240 0 0 0 207 163 205 255 198 83
    229 255 255 99 213 0 69 207 255 255 64 0 0 20 138 21 255 255 50 70
    255 255 255 0 255 32 229 129 0 255 242 0 255 169 255 0 165 215 116
    69 0 255 218 255 255 0 65 255 187 0 255 255 0 0 142 96 227 0 255 0
    188 17 0 238 255 0 0 255 201 0 49 191 157 0 255 74 15 32 0 255 5 0 0
    255 159 0 244 136 255 105 106 59 0 177 255 71 178 16 146 0 226 255
    255 59 133 0 40 228 0 119 75 158 152 53 78 186 172 179 69 45 110 0 0
    255 219 129 0 144 255 255 255 154 193 141 0 72 77 96 55 210 21 243 0
    0 255 0 255 39 255 57 91 255 255 43 251 193 227 33 255 202 94 0 214
    26 165 2 0 255 255 142 132 12 0 214 146 202 29 0 255 0 255 255 243
    255 0 216 88 107 0 27 255 255 123 42 32 9 20 0 255 0 179 183 146 122
    0 41 138 148 1 242 143 71 212 140 21 111 225 0 227 132 135 0 182 255
    190 255 197 255 63 0 255 217 131 0 244 35 158 154 80 0 148 167 117
    255 228 89 254 118 153 0 155 253 153 255 0 113 178 189 74 203 205
    251 0 145 151 68 70 0 0 163 207 0 203 123 11 0 29 230 127 255 255
    255 255 255 0 66 196 121 179 219 153 135 181 0 191 214 238 78 103
    255 0 52 255 255 120 165 0 255 181 162 155 246 255 255 255 140 0 0
    202 255 190 255 87 27 109 255 45 86 132 255 211 153 74 184 190 0 193
    67 171 130 255 255 223 255 255 221 255 124 226 215 178 0 216 0 68
    102 3 0 116 255 46 94 0 238 13 24 71 114 74 0 102 255 255 255 69 0 0
    0 0 199 68 179 0 255 217 59 0 0 255 219 116 79 120 17 104 141 2 0 23
    0 255 255 255 230 255 225 71 54 192 18 0 0 135 0 255 0 58 255 255 89
    245 196 219 21 0 255 0 37 255 204 0 0 21 255 144 0 184 71 0 180 255
    29 205 204 133 10 235 255 39 31 224 255 247 255 255 255 255 255 141
    0 0 0 0 0 43 0 75 205 12 0 121 255 0 51 255 14 255 205 188 48 192 46
    128 234 0 235 102 170 125 9 60 34 0 0 2 158 0 255 78 201 44 0 112 10
    184 255 44 0 5 0 255 42 163 64 34 165 255 38 126 111 255 0 255 0 0 0
    0 0 123 214 0 98 255 253 255 255 0 1 223 129 145 0 162 243 166 86
    255 255 20 0 0 157 0 73 0 64 96 0 134 192 0 0 186 169 0 100 31 0 0
    135 107 31 0 2 71 255 255 115 42 255 0 0 64 0 255 35 255 134 57 149
    37 255 0 0 164 255 255 120 255 255 190 133 181 152 109 76 72 122 255
    215 29 94 129 0 151 125 255 0 255 4 255 0 21 255 255 67 229 20 15
    177 3 220 0 255 255 0 70 189 159 255 60 168 245 23 0 198 86 0 129
    255 41 203 63 92 62 172 15 211 87 248 50 20 109 87 0 0 120 0 145 0 0
    156 0 0 255 238 9 240 184 122 0 28 0 118 0 83 0 255 102 25 6 32 255
    44 211 179 4 200 36 35 235 166 28 210 101 0 0 172 0 255 0 227 213 0
    0 255 185 88 0 255 199 227 218 0 23 78 255 59 0 193 0 11 255 0 255
    255 255 0 152 0 0 0 255 27 255 147 109 217 233 0 167 151 100 233 204
    255 23 157 204 234 0 0 46 132 153 67 214 50 117 186 0 0 93 0 255 50
    166 255 0 0 243 141 0 199 255 166 255 128 255 0 121 153 255 0 255
    244 255 81 87 86 255 39 189 149 219 236 200 255 120 255 0 204 255
    166 174 72 39 216 0 206 0 0 255 255 47 255 255 219 20 47 0 0 135 0 7
    213 246 0 63 134 31 226 120 253 232 137 158 103 0 125 111 0 190 125
    0 241 174 106 62 135 244 62 205 53 215 219 169 255 114 36 255 82 174
    8 154 147 255 115 0 0 0 0 140 169 255 0 67 0 113 75 78 0 194 255 0
    255 135 229 255 221 37 0 0 244 171 255 14 164 179 224 184 141 0 251
    0 141 208 69 108 63 236 117 0 19 154 21 106 255 82 151 118 69 255 66
    36 0 233 42 126 244 96 0 0 0 78 255 160 232 193 208 109 128 106 255
    223 190 57 62 135 12 154 255 191 40 0 0 255 105 0 255 0 0 160 220
    138 115 255 244 130 89 165 54 120 0 20 255 123 227 255 97 143 143 0
    195 0 172 240 180 255 40 68 178 0 255 133 62 0 244 6 94 0 165 0 85
    161 110 83 7 0 254 130 75 0 253 0 0 177 97 240 255 255 0 80 10 255
    167 90 156 188 255 0 33 84 0 0 0 0 0 236 75 117 255 22 125 207 255
    255 251 114 255 86 0 255 220 204 142 23 231 255 246 37 255 0 94 255
    255 0 3 50 0 156 86 36 52 135 0 91 9 255 154 91 17 0 95 237 16 0 255
    197 140 255 207 162 6 136 148 0 255 6 255 0 71 221 253 85 255 255
    255 255 82 12 0 234 255 0 86 133 249 150 55 188 27 128 0 127 255 0
    10 255 255 138 107 0 85 231 25 214 163 38 170 255 255 99 191 167 115
    0 255 255 35 224 84 255 227 41 0 241 213 110 0 255 149 195 255 255
    255 50 248 0 165 255 255 0 0 255 141 0 122 37 189 255 255 180 63 103
    0 255 0 0 97 168 200 138 159 164 238 69 8 0 133 185 0 72 194 43 44
    254 126 247 210 0 255 228 16 97 16 0 233 98 0 119 118 0 225 255 0 0
    43 255 220 186 255 176 255 255 255 0 120 216 250 167 220 37 105 53 0
    0 246 178 0 185 244 31 138 255 255 61 255 0 0 57 200 213 12 0 49 255
    111 232 128 224 87 234 255 0 219 86 0 117 0 93 35 0 255 199 127 255
    82 207 0 252 62 193 255 0 173 232 199 28 186 230 54 255 30 255 245
    134 190 0 113 0 167 106 255 155 7 70 255 81 5 169 97 0 255 255 83
    128 164 224 192 218 255 255 185 108 114 0 255 0 76 116 67 255 4 255
    76 255 0 255 21 127 105 2 255 255 36 219 93 146 0 80 38 255 97 216 0
    64 144 0 134 0 72 22 90 255 0 0 62 159 37 118 10 123 117 102 234 222
    0 192 8 116 0 80 0 0 143 80 227 0 155 144 255 220 0 255 138 0 0 161
    0 0 57 70 82 255 0 240 137 84 0 0 44 58 49 77 129 93 51 255 0 112 39
    161 0 88 0 254 255 51 207 155 255 0 173 50 0 255 0 255 144 255 0 39
    172 16 204 124 187 120 217 0 0 137 255 186 255 0 195 14 255 165 228
    214 22 0 207 0 255 255 133 150 133 0 254 0 255 174 27 174 0 255 55
    255 0 243 0 0 0 116 255 95 0 73 255 104 211 255 226 217 82 171 95 1
    255 98 0 93 3 232 78 255 201 169 255 0 97 118 0 255 39 85 129 60 255
    195 17 255 121 0 153 255 125 67 246 192 60 255 151 0 63 143 76 118
    255 255 0 255 220 0 0 235 92 0 85 171 255 0 77 138 137 0 94 9 255
    236 163 227 255 0 70 255 0 232 255 2 0 255 251 0 174 0 201 255 125 5
    35 158 0 255 41 255 255 47 27 249 2 0 255 0 255 63 32 255 189 0 255
    209 217 109 67 43 40 67 76 92 224 251 255 255 229 161 0 158 219 255
    1 0 16 151 15 119 255 255 44 208 45 121 255 98 0 0 232 186 0 24 57
    89 0 0 63 0 189 0 122 255 143 162 0 31 255 255 255 82 255 0 0 0 255
    255 142 153 103 255 150 0 71 184 0 77 0 193 0 145 61 43 129 49 34 0
    255 12 135 233 103 1 0 238 221 205 154 235 199 0 255 0 255 255 0 240
    0 201 0 176 240 158 212 3 0 255 255 85 255 85 35 252 255 0 47 127 64
    59 255 53 22 0 183 118 0 105 255 255 93 0 41 67 21 0 192 28 226 9
    134 252 0 244 168 255 255 255 255 35 240 146 255 81 5 145 1 104 111
    82 255 13 48 84 0 0 237 168 11 214 255 116 0 165 95 136 0 146 255
    213 170 0 145 197 0 255 74 138 50 141 74 31 71 165 3 0 44 0 41 255
    134 30 224 174 184 225 60 0 255 236 113 45 32 255 4 127 255 42 50 96
    0 138 92 102 255 255 149 255 254 138 34 184 255 171 124 75 184 254 0
    116 255 174 143 147 82 56 208 0 83 215 206 0 63 11 78 255 255 153
    169 255 244 179 72 255 213 255 141 185 255 58 0 0 75 0 255 0 0 255
    186 0 255 252 255 104 255 37 60 255 82 0 0 16 0 109 104 128 0 0 219
    255 191 207 255 255 0 91 0 104 0 85 55 255 189 127 86 85 255 185 109
    149 145 255 255 0 28 150 32 37 64 120 106 109 255 0 202 108 0 10 0
    113 0 255 255 0 0 0 255 255 134 182 67 0 120 255 0 255 131 207 120 0
    191 102 0 0 255 29 255 140 255 66 0 255 0 132 110 255 255 68 255 224
    255 168 40 0 150 10 129 0 27 75 245 26 184 0 122 255 22 181 133 212
    60 255 211 0 234 255 239 255 84 255 255 56 0 150 215 255 0 184 106 0
    186 56 0 208 60 46 255 210 167 6 58 255 255 241 142 55 0 0 0 174 24
    253 255 255 27 160 255 30 0 0 171 252 13 255 255 0 0 184 95 71 237
    255 183 0 0 18 0 10 255 5 120 9 127 68 76 115 162 255 151 255 71 0
    255 242 255 126 227 0 0 195 36 65 0 210 45 25 67 0 255 10 198 255
    113 255 38 171 23 220 173 0 0 233 146 255 102 255 246 255 108 0 0
    188 238 218 70 84 50 163 224 44 165 91 184 0 255 255 255 102 62 255
    255 0 160 150 1 255 226 46 153 233 0 114 16 121 0 168 198 91 0 247
    87 123 60 255 0 241 166 0 255 0 255 255 0 255 232 91 159 234 255 167
    221 219 44 163 255 229 255 93 139 229 78 108 10 0 171 17 0 176 103
    232 146 255 144 0 255 125 79 233 164 79 255 18 27 2 192 106 72 0 143
    255 192 0 0 0 0 243 228 0 0 255 220 69 190 252 84 177 255 255 231
    218 13 253 6 0 255 41 27 255 79 0 0 0 0 0 42 255 143 9 209 210 154
    57 255 0 107 29 249 155 255 108 29 158 251 117 0 229 32 0 255 255
    190 0 255 42 255 255 74 70 199 223 3 255 0 139 203 124 185 39 255
    172 16 132 0 0 255 229 0 0 228 0 0 4 255 255 0 255 66 0 190 0 194
    255 255 255 62 199 0 43 46 0 196 0 198 187 255 114 118 230 49 64 248
    30 241 248 122 17 0 255 39 211 77 241 255 145 221 150 74 205 50 27
    103 253 47 9 130 255 41 211 0 127 255 0 193 0 255 182 0 255 62 0 0
    113 133 12 185 255 255 0 116 167 0 255 0 107 249 89 136 255 255 98 0
    114 255 255 0 42 232 39 255 93 93 255 255 0 49 217 81 74 206 0 255
    192 222 81 113 255 25 195 235 0 51 100 255 0 145 149 255 147 78 176
    206 0 223 184 255 255 144 241 156 137 14 195 0 255 187 35 56 14 255
    171 187 230 5 255 0 255 69 0 97 105 167 191 8 157 233 255 120 255 64
    243 211 223 60 127 0 255 0 255 243 160 77 177 228 185 173 196 50 175
    167 158 100 28 2 147 244 255 255 69 143 112 112 30 255 243 255 255
    255 255 255 255 135 78 0 0 40 20 198 0 101 75 255 103 41 108 230 132
    255 185 100 175 21 14 162 233 0 255 232 255 8 173 139 0 0 218 74 30
    35 31 26 141 188 0 62 86 122 0 201 0 46 255 82 49 29 92 222 186 133
    255 0 151 255 0 74 14 183 85 90 69 255 159 0 48 204 0 7 12 162 85
    250 136 35 115 255 70 0 149 171 164 136 9 177 0 232 119 188 0 255 38
    255 79 49 56 231 248 0 159 177 85 201 255 0 189 0 0 232 196 138 176
    205 166 255 255 105 53 237 13 0 86 94 147 214 124 255 255 22 232 30
    159 255 132 0 255 0 221 14 215 0 0 160 139 0 219 64 66 27 246 255 94
    40 87 16 0 255 182 75 206 31 19 9 250 254 0 137 201 15 96 0 42 96 84
    255 255 142 0 136 0 74 125 128 0 255 0 207 0 221 73 13 59 86 115 255
    0 115 53 0 0 111 54 248 30 130 65 63 0 194 95 255 196 219 255 20 154
    58 49 178 212 255 8 254 148 0 48 0 4 200 233 255 71 120 0 0 57 255
    145 147 138 252 255 0 123 0 195 46 255 255 255 86 184 0 0 0 164 255
    120 25 0 255 106 47 31 48 255 0 255 0 195 69 0 0 255 119 0 255 135
    76 225 55 0 0 255 255 97 212 255 114 153 171 64 255 41 0 255 219 189
    0 9 255 245 255 61 255 55 0 255 218 0 0 55 108 117 0 255 77 58 214
    255 87 0 0 201 165 60 255 136 87 0 0 208 237 0 237 76 102 255 181
    244 255 255 179 137 255 95 70 0 0 142 141 24 0 0 0 255 185 51 0 123
    69 255 0 193 255 6 73 164 0 146 255 170 144 216 255 204 255 255 86
    81 61 94 133 119 255 255 21 63 0 254 0 255 0 111 255 255 0 0 153 255
    0 0 0 210 255 131 180 255 233 163 194 255 169 255 30 202 28 255 190
    212 34 164 177 25 179 63 5 1 223 208 0 140 253 39 0 255 40 172 45 0
    253 100 13 171 119 161 255 255 241 232 242 0 255 90 190 13 0 255 162
    25 255 0 255 0 238 251 0 132 255 74 0 255 156 255 0 212 255 59 0 0
    167 0 255 255 0 235 208 255 42 255 0 0 6 72 182 26 255 77 246 184 11
    34 0 0 169 191 127 107 38 167 255 22 189 255 0 0 11 0 1 68 22 0 139
    126 95 176 151 201 77 176 255 174 132 226 0 0 0 136 239 218 255 45
    255 186 235 97 0 93 1 168 0 17 255 255 236 133 78 252 0 46 95 120 0
    0 165 255 0 89 121 222 255 207 44 96 255 56 163 42 212 112 255 103 0
    255 255 0 0 160 255 241 255 255 154 167 25 255 0 63 1 0 108 255 0 0
    134 97 38 109 122 247 7 251 149 202 127 175 205 86 61 242 83 0 255
    39 195 0 255 255 49 85 2 63 83 89 40 240 159 234 255 73 255 211 255
    213 213 145 67 129 0 41 255 246 255 161 56 199 0 207 111 183 104 0
    52 0 0 142 252 111 128 11 67 4 54 0 188 0 8 47 255 79 201 0 255 255
    249 247 21 214 153 41 16 153 61 190 88 25 255 214 26 199 239 237 105
    159 0 20 0 0 16 236 255 255 163 255 172 59 40 255 255 233 35 193 2
    234 240 255 241 58 131 243 0 99 0 243 0 93 255 255 24 6 152 255 0
    197 252 137 155 253 102 193 255 217 255 10 13 255 56 194 196 53 187
    0 35 38 60 19 42 177 255 0 255 152 255 143 0 27 60 2 235 123 147 255
    255 0 0 255 0 213 128 92 247 254 138 53 255 0 4 96 48 144 0 5 244
    211 109 0 60 122 53 122 221 34 255 0 255 33 231 146 255 82 103 35 0
    0 170 198 255 176 112 255 250 98 40 255 255 98 0 215 0 195 0 0 0 21
    19 193 156 255 82 215 135 213 126 231 255 60 119 29 106 255 198 255
    255 255 255 224 255 118 0 103 219 0 0 172 0 244 0 0 0 0 255 223 0
    208 0 244 67 175 255 0 72 2 126 137 191 209 163 220 226 255 238 32
    255 0 14 71 0 33 56 255 69 186 0 214 43 111 151 214 255 116 80 255
    255 0 161 233 30 183 30 41 0 255 255 95 114 140 130 255 199 9 145 0
    255 255 35 120 255 159 210 255 67 95 202 174 206 0 84 167 0 0 236
    255 255 6 0 105 183 249 255 255 74 181 255 0 226 39 255 255 96 240
    255 0 255 68 252 255 64 166 18 255 255 0 127 28 140 0 18 143 171 208
    80 0 241 28 255 119 255 122 129 86 117 0 0 166 255 24 255 51 255 247
    64 0 7 240 255 249 47 136 220 198 239 0 255 255 36 35 255 125 0 203
    55 255 52 52 237 0 229 0 255 9 25 104 184 255 122 0 47 79 0 234 69
    128 103 240 167 211 133 0 166 120 133 37 146 0 140 246 107 0 212 255
    31 116 220 192 0 228 248 0 178 231 0 89 0 76 5 201 195 56 0 164 0
    195 0 255 133 124 213 119 202 171 242 0 38 0 110 0 127 0 109 242 150
    109 255 255 185 255 216 218 177 124 0 40 227 205 0 58 255 0 46 86
    167 255 188 255 103 190 255 64 188 115 61 56 0 250 193 236 1 255 255
    255 135 255 12 252 126 60 255 34 66 39 95 255 203 18 144 103 59 120
    203 255 0 255 255 77 32 182 25 157 193 176 255 138 255 255 195 174
    226 34 233 255 0 166 0 253 54 156 255 76 148 10 0 75 0 0 68 0 0 0 14
    0 90 211 1 124 219 106 225 255 134 201 160 255 255 79 16 125 186 242
    171 167 78 69 138 178 0 0 10 221 127 0 137 255 238 62 255 179 203 4
    255 255 0 255 255 255 255 103 250 0 44 255 28 144 161 176 194 6 35
    55 205 0 116 255 0 183 33 39 0 123 255 230 80 253 113 255 91 47 255
    245 58 255 88 193 11 78 0 238 0 50 97 0 42 0 116 69 55 255 255 61 53
    17 213 255 38 54 0 0 167 187 178 74 0 133 74 210 70 41 0 255 255 0
    255 0 241 118 0 60 208 0 253 72 245 133 255 155 169 84 181 255 175 4
    5 0 62 246 212 255 255 0 107 176 23 224 255 255 0 0 8 67 101 22 185
    255 62 10 118 252 22 0 220 255 255 251 246 255 255 87 255 128 20 66
    125 80 62 24 255 109 223 182 0 212 214 165 134 196 91 105 0 169 58
    102 0 40 50 0 235 185 0 190 255 97 179 167 255 255 255 87 56 8 125
    223 18 112 0 0 0 182 65 43 123 213 201 255 174 129 81 29 255 162 0
    39 229 0 0 177 255 67 0 0 113 255 106 67 255 68 150 146 97 0 255 199
    57 109 205 202 159 161 206 194 0 47 255 79 255 103 84 0 147 255 56 0
    199 255 167 138 255 159 233 198 0 0 206 255 199 255 255 136 107 253
    230 116 107 255 235 211 108 108 4 0 214 114 0 0 107 107 248 255 38
    51 218 255 124 255 81 153 194 0 255 0 255 255 255 101 48 255 209 161
    255 0 52 164 239 172 58 62 106 165 9 251 95 76 0 255 255 190 255 183
    4 0 82 236 8 12 168 13 255 0 219 0 136 44 47 120 0 235 186 90 17 0
    105 255 121 0 255 255 93 14 255 255 50 53 255 166 42 164 163 115 195
    26 71 92 255 185 16 0 32 151 131 138 72 255 98 0 231 223 105 209 75
    0 206 41 198 0 0 255 40 30 255 0 226 94 225 232 0 10 197 166 155 0
    158 0 82 0 80 255 255 255 192 255 255 8 255 164 20 255 0 176 255 49
    187 63 214 255 0 0 247 191 226 23 0 85 255 0 0 179 6 236 19 0 255
    150 255 255 214 48 255 78 118 70 0 34 178 86 255 35 255 255 234 95
    63 255 167 214 89 104 35 250 4 92 7 165 103 71 207 112 0 105 34 255
    246 0 239 255 0 246 0 223 238 0 0 0 255 164 255 0 0 255 93 26 0 0 97
    21 0 0 255 255 255 96 255 89 211 120 255 104 221 31 0 171 68 78 13
    189 165 0 193 0 119 242 211 150 156 112 196 228 43 255 129 0 158 69
    12 45 249 68 231 54 127 155 139 32 46 92 255 231 185 0 255 149 255
    32 67 211 144 152 70 148 0 255 0 255 215 238 237 14 0 0 246 255 40
    186 41 0 165 191 10 0 233 49 255 220 255 79 255 36 255 255 0 12 0 0
    247 255 181 255 255 255 180 2 178 0 27 255 221 22 224 158 102 55 214
    89 147 223 176 90 154 40 50 145 255 0 255 0 80 188 0 249 64 0 0 244
    221 0 15 255 26 202 255 255 0 0 71 255 18 172 117 80 86 132 1 170
    152 255 174 1 92 0 118 255 255 255 255 146 255 17 231 0 0 36 0 255
    180 13 0 191 145 12 220 84 255 0 55 0 0 227 0 0 255 154 0 244 255 0
    0 0 180 255 60 177 0 74 59 0 129 0 0 192 0 0 205 255 255 159 71 255
    104 111 88 255 31 255 255 255 0 255 255 237 59 157 109 184 255 255
    255 210 5 32 43 9 255 0 255 9 148 196 254 152 0 0 53 0 0 121 34 255
    66 255 210 59 105 91 29 255 255 80 255 152 211 116 255 68 255 36 96
    198 91 146 209 255 214 57 255 255 93 221 17 255 39 0 235 255 169 255
    159 136 97 144 198 26 200 255 226 90 71 238 11 0 0 60 0 228 92 0 19
    255 10 85 113 33 166 124 159 141 237 228 194 0 255 42 0 76 67 255
    195 255 110 114 79 107 126 0 211 3 52 237 255 122 0 65 0 0 255 241
    162 0 255 66 186 0 255 137 158 57 183 100 168 255 249 227 20 202 0 1
    0 0 27 255 0 76 255 231 252 151 77 62 98 255 0 255 81 255 0 255 0 44
    85 160 0 163 76 197 111 74 255 230 0 103 0 120 201 35 189 248 2 119
    0 255 85 100 255 255 198 123 255 19 158 255 255 221 53 7 113 0 174
    150 255 255 83 36 255 81 203 255 245 70 255 66 153 255 255 249 182 0
    172 16 156 255 0 19 255 0 106 255 0 62 0 1 32 164 11 0 0 255 255 189
    255 71 4 236 255 169 0 86 0 162 140 239 0 12 255 58 175 0 255 51 255
    111 138 255 255 103 147 19 236 174 10 255 0 136 140 255 204 53 126
    242 37 150 88 249 0 0 130 42 0 192 93 135 12 94 206 147 255 143 0 0
    148 0 187 139 83 254 0 99 47 0 234 0 94 0 97 77 254 98 198 64 91 255
    163 255 255 114 255 172 0 0 239 124 57 81 36 217 17 49 59 255 147
    255 248 0 255 255 120 140 55 119 0 95 255 98 22 255 0 227 2 173 206
    43 0 222 255 0 44 46 213 68 148 0 100 38 0 63 255 107 0 255 94 36
    255 131 255 132 70 170 164 130 184 0 255 0 243 45 48 11 255 214 255
    236 255 233 23 0 104 0 0 164 55 255 70 228 222 0 255 59 0 255 255 0
    211 153 184 237 0 103 103 10 11 255 255 149 255 255 236 0 228 255 0
    11 228 96 165 56 71 44 114 255 0 255 192 180 0 27 254 255 241 143
    243 185 0 71 255 48 11 84 205 0 34 0 49 129 255 255 37 141 0 65 121
    64 224 255 198 252 255 53 131 194 100 20 255 255 125 0 133 251 0 255
    103 135 2 0 193 218 20 236 86 201 241 235 61 1 30 255 14 255 185 142
    113 31 119 255 32 255 247 0 168 0 220 255 215 169 255 115 88 27 53
    249 232 0 47 0 0 128 214 191 205 255 223 226 0 0 225 255 0 69 11 108
    255 255 87 255 28 58 255 254 26 246 29 199 213 38 55 39 219 9 255
    189 5 0 2 249 255 0 0 117 7 19 255 20 255 230 14 151 130 13 91 171
    212 206 207 204 40 68 97 82 255 0 255 255 255 148 75 92 2 255 0 202
    79 66 0 233 114 157 112 255 189 206 0 0 0 66 165 4 255 221 219 0 168
    191 246 255 127 0 145 0 189 192 213 255 78 0 0 230 93 148 3 255 240
    43 161 32 195 94 0 0 255 194 12 245 196 36 0 0 85 255 255 0 211 81
    255 0 255 255 66 149 255 125 255 0 95 108 255 110 255 54 255 255 0 0
    255 255 0 201 255 206 0 94 221 0 255 89 255 15 0 163 93 255 27 255
    212 227 97 223 252 44 213 99 82 167 175 0 255 255 40 0 44 255 247
    255 236 255 255 255 255 255 174 207 0 29 204 255 255 255 0 255 75 4
    88 65 188 156 158 0 161 82 65 18 0 212 180 0 255 226 255 23 0 139 0
    255 192 0 153 252 0 166 145 84 255 0 127 137 0 42 78 163 0 115 0 41
    112 165 0 187 194 236 133 45 70 255 255 0 237 44 1 0 240 41 0 0 255
    203 251 24 0 110 197 0 237 165 32 255 240 227 109 157 148 26 130 111
    6 120 162 169 247 93 198 0 255 199 255 147 54 131 0 249 255 82 179
    54 212 255 0 226 0 57 0 255 216 42 134 0 9 0 0 236 138 255 107 19
    255 204 255 103 191 255 165 23 0 219 0 89 140 255 175 34 2 175 255
    54 37 0 255 50 133 239 125 255 202 172 123 39 187 48 25 255 15 156
    19 255 139 255 0 190 255 0 255 145 0 0 82 0 0 3 91 146 222 255 234
    18 135 60 255 170 255 0 201 255 111 61 240 14 255 20 143 0 205 0 91
    162 0 0 0 0 25 0 185 255 255 131 115 231 255 255 175 205 231 255 253
    255 0 72 255 164 0 2 0 208 222 255 0 142 18 0 96 7 0 181 192 255 102
    0 107 82 255 225 115 233 0 122 156 144 0 250 173 193 255 4 40 10 0 0
    90 220 255 85 255 0 180 97 161 242 0 255 27 104 255 0 45 0 26 0 255
    146 58 255 34 252 255 93 61 255 3 21 204 0 0 100 71 36 24 78 124 231
    253 132 255 0 255 0 49 255 198 255 207 199 172 163 228 255 133 127
    255 0 0 230 0 210 255 166 255 6 0 0 219 114 167 0 255 7 111 0 215 52
    9 0 10 168 90 115 98 219 255 249 97 255 255 159 255 0 235 255 23 255
    0 192 124 0 57 255 228 240 78 28 0 174 31 108 230 179 255 114 89 179
    0 0 122 131 255 255 23 193 255 5 49 0 171 111 116 255 217 185 73 200
    209 0 234 231 236 0 187 142 78 132 0 109 0 236 255 224 232 0 132 229
    255 255 20 128 182 153 0 35 242 0 231 224 57 0 34 94 77 192 85 147
    172 0 41 255 141 132 61 206 158 255 142 255 255 0 0 255 24 255 193
    255 100 0 139 127 189 158 0 255 173 255 119 239 0 195 255 24 255 255
    140 112 56 0 0 181 85 45 79 0 255 0 111 177 225 254 0 255 122 5 231
    255 224 255 104 0 36 191 0 227 255 0 255 47 147 93 255 0 255 255 255
    169 255 48 216 78 250 238 247 98 124 62 156 255 137 0 255 0 255 0 0
    221 255 135 209 0 169 255 109 132 1 220 206 253 255 255 119 82 0 255
    244 47 189 0 169 197 0 62 87 58 255 191 249 41 215 0 82 0 153 0 0
    255 95 183 255 255 190 0 144 231 52 255 0 255 0 233 255 97 255 239
    250 215 24 14 255 0 0 58 0 174 163 0 0 255 200 121 102 105 8 152 16
    128 146 255 128 172 75 0 180 255 0 255 73 0 52 19 0 168 0 176 255
    233 9 235 230 255 255 255 0 0 123 193 92 0 255 255 118 168 255 43 0
    255 128 200 255 198 49 115 255 222 255 127 111 94 221 116 0 179 192
    0 126 158 173 8 181 255 0 0 255 228 130 0 22 143 242 33 66 255 178
    188 205 231 169 227 95 0 255 127 84 221 0 0 126 0 251 255 52 32 46
    31 124 255 51 66 255 61 0 30 0 150 208 57 92 255 207 255 255 128 255
    31 255 255 92 212 249 121 255 92 37 233 235 10 223 0 0 244 180 79
    195 0 54 142 229 0 0 170 145 180 0 241 186 88 135 147 0 36 255 46
    193 255 55 0 128 0 88 255 255 0 255 100 255 0 138 94 0 126 233 153
    255 68 207 255 0 155 72 61 16 244 0 184 255 68 31 11 12 74 255 152
    128 137 130 244 120 248 0 41 255 92 139 12 255 230 57 78 128 67 142
    255 59 255 9 0 250 0 57 235 0 14 213 0 46 210 20 83 0 255 182 204
    225 0 82 90 87 0 0 20 55 255 126 255 185 255 100 255 201 6 27 42 14
    180 114 114 0 150 0 204 255 51 87 95 124 226 203 131 101 22 187 255
    49 255 255 20 97 161 41 4 32 100 255 111 0 0 225 164 23 255 0 68 15
    255 190 180 241 0 205 155 75 28 0 143 233 237 234 67 255 0 0 5 255 0
    82 255 255 119 240 0 255 47 255 0 255 203 0 235 0 255 0 143 255 243
    0 222 199 109 255 216 0 214 255 134 255 123 142 52 0 0 255 245 0 0
    199 250 255 228 255 190 62 154 233 72 183 21 0 255 166 0 255 0 233 0
    190 255 222 255 26 10 55 255 242 45 143 221 128 171 0 93 113 38 113
    255 255 93 99 146 0 0 255 11 255 62 0 34 0 0 164 155 206 83 198 127
    255 0 25 255 230 255 79 55 255 61 121 0 255 122 0 224 0 42 255 106 0
    0 242 214 255 103 255 216 255 0 60 255 174 66 235 255 0 255 157 184
    255 130 4 0 255 120 72 167 60 194 255 255 61 186 195 0 11 178 56 255
    152 106 255 255 147 147 255 2 0 60 122 190 110 134 146 0 54 60 255 0
    63 255 204 38 109 255 116 0 255 109 0 175 255 188 60 5 255 255 83
    255 131 255 47 111 150 157 255 151 229 46 255 230 0 128 196 2 255
    254 176 156 67 127 255 22 219 66 255 184 117 255 58 178 247 255 255
    184 0 0 108 157 237 24 55 196 59 0 177 73 0 255 155 128 47 255 0 0
    255 202 58 194 199 170 190 71 255 255 122 243 51 0 0 255 221 0 57 63
    255 111 14 247 17 0 0 82 122 214 255 153 100 0 155 255 0 197 147 190
    0 119 225 77 116 255 164 204 0 222 255 11 232 148 255 255 0 205 123
    196 49 0 97 164 241 0 198 104 0 20 0 0 141 66 187 68 255 177 20 255
    33 255 255 242 7 95 17 167 5 0 58 0 195 209 189 0 180 68 229 164 176
    255 191 45 243 255 97 176 0 212 163 255 132 153 255 255 255 69 39 28
    133 0 0 120 255 0 197 244 89 0 0 0 221 255 185 160 12 54 125 218 0
    114 176 67 209 141 198 132 248 201 182 184 88 255 149 196 120 131
    255 255 81 255 0 145 0 156 58 0 83 0 141 176 35 156 0 166 0 255 255
    0 161 24 255 44 98 163 155 255 255 211 34 0 183 162 0 0 255 56 0 0
    255 255 255 86 203 187 188 119 0 255 97 141 69 127 166 85 0 46 245
    233 2 194 88 215 0 90 174 36 113 231 255 253 57 104 124 215 16 255
    132 151 0 182 133 54 22 0 68 0 42 208 93 60 155 191 0 73 44 0 225
    155 231 0 255 90 211 168 255 255 174 80 0 255 44 70 143 161 255 0 0
    111 222 242 0 0 75 0 226 96 12 59 0 190 56 0 255 158 255 255 0 74 7
    62 100 0 0 131 255 0 1 142 99 248 0 0 255 60 99 113 10 0 215 0 178
    217 208 255 149 149 255 0 32 0 12 76 246 181 158 255 0 23 109 219 0
    227 251 163 51 72 51 87 223 148 225 255 169 253 255 222 103 220 23
    255 0 255 144 126 203 184 0 0 169 15 118 211 188 255 28 14 114 0 4 8
    0 37 255 127 205 137 250 241 146 115 138 255 211 5 109 8 19 234 74
    73 134 253 33 255 39 249 184 125 40 156 232 224 223 146 176 255 0 45
    65 255 190 162 162 0 243 192 0 210 21 103 18 0 226 103 39 198 0 200
    255 34 142 255 255 255 113 111 0 101 239 247 39 35 166 31 11 0 47
    147 80 75 0 68 235 183 0 146 217 160 114 109 0 230 196 255 255 255
    255 0 234 17 0 52 36 255 0 18 255 255 255 237 100 226 204 3 0 112
    255 92 67 231 180 119 12 9 255 86 255 188 255 25 30 255 0 114 113
    121 112 227 103 95 109 105 204 211 170 255 6 197 239 83 0 46 148 86
    0 255 0 193 255 255 239 36 1 189 151 194 42 61 66 116 0 255 255 85
    161 238 255 225 110 197 39 235 103 146 255 92 246 58 174 181 107 0
    60 95 0 0 255 4 59 82 102 255 255 0 93 0 134 255 0 158 120 207 11 50
    0 171 222 0 156 255 0 0 209 93 0 207 4 255 155 255 255 50 255 57 196
    200 184 165 243 0 200 59 255 255 255 0 9 255 81 0 76 0 163 0 41 0 37
    83 162 120 221 233 251 150 89 192 166 0 86 29 140 0 255 255 12 11
    255 226 180 255 255 36 255 146 255 255 4 255 202 64 255 255 251 8
    255 209 255 23 0 106 188 0 141 0 255 0 255 0 186 0 255 94 89 252 214
    255 0 108 255 43 61 14 82 255 0 145 179 159 235 125 111 29 170 149
    188 0 0 0 0 6 161 111 0 72 178 195 255 255 255 95 19 0 53 255 255 0
    0 218 120 217 149 255 250 169 0 154 234 4 23 90 114 233 0 153 209 0
    153 141 255 131 120 240 0 255 24 130 0 91 110 0 13 2 193 57 153 68
    255 48 174 203 255 189 255 104 188 105 171 255 116 207 175 146 16
    247 175 255 255 202 157 125 255 212 65 170 149 136 236 13 242 46 0
    197 0 255 166 0 215 0 11 127 236 0 77 16 0 80 21 28 198 177 147 242
    255 213 255 108 0 255 32 0 255 165 255 255 146 108 135 203 183 255
    207 184 238 0 183 163 54 65 202 189 175 27 141 0 249 255 255 110 122
    53 13 187 255 0 4 255 79 255 131 230 255 90 255 255 23 35 3 37 255
    62 230 87 25 0 0 68 169 57 214 255 255 151 80 0 255 253 0 255 165 0
    238 156 0 255 126 195 191 0 255 211 86 16 140 92 181 255 118 255 255
    0 114 156 102 158 251 212 255 248 255 123 166 157 68 255 86 0 209 68
    48 255 188 255 65 0 31 255 112 122 27 26 57 0 255 212 46 51 0 0 206
    205 74 255 166 152 255 36 255 168 133 255 124 0 0 84 0 187 149 186
    129 198 92 255 147 0 255 201 0 132 0 70 161 255 0 90 84 177 194 37 0
    255 255 219 44 36 255 7 0 255 196 160 196 84 255 255 139 29 121 170
    255 189 6 249 205 130 0 141 105 25 255 129 133 69 29 31 0 97 115 58
    252 255 0 191 168 116 255 193 255 66 199 41 192 244 18 0 255 59 0
    255 0 141 255 1 255 0 98 110 230 114 0 255 67 255 110 132 160 255 0
    200 255 221 239 120 80 0 251 255 40 196 0 244 0 155 0 56 252 56 223
    255 39 7 255 111 0 84 0 118 255 138 91 222 0 219 240 255 0 255 53 0
    61 21 120 87 69 176 235 4 255 19 251 76 114 84 31 0 142 151 255 0 0
    226 81 0 255 0 98 100 0 255 235 105 118 74 130 252 194 28 0 57 6 244
    177 255 255 133 255 191 76 143 36 236 255 0 192 163 235 52 0 141 255
    239 151 236 197 255 255 62 15 192 91 0 31 179 135 0 137 247 0 56 61
    234 0 3 69 0 104 154 162 0 173 167 255 20 107 147 255 255 97 0 199 0
    6 199 0 215 0 45 217 0 11 255 244 69 255 50 0 207 189 6 33 255 255
    189 188 0 208 255 194 176 63 141 255 224 45 102 41 134 227 135 59
    255 134 255 255 0 8 146 186 204 113 189 98 16 0 102 224 168 226 39 9
    0 0 0 56 8 255 215 10 16 228 160 96 231 13 187 0 151 255 189 109 79
    88 19 0 197 45 0 182 78 0 81 243 18 10 0 139 11 0 169 68 10 87 104
    237 0 0 255 255 13 36 230 255 212 7 227 194 0 73 255 175 254 70 156
    255 180 144 163 68 251 255 53 164 0 179 67 124 106 0 141 133 0 213
    17 127 111 206 163 223 174 246 255 197 184 1 147 255 182 0 0 208 121
    26 235 203 223 193 74 125 255 44 99 255 143 191 216 0 73 82 153 168
    18 0 0 228 0 21 0 255 0 0 44 255 0 68 255 0 8 255 251 255 89 6 0 0
    255 206 255 210 212 16 138 255 18 255 160 0 255 65 2 0 104 255 255
    255 197 255 255 240 85 255 165 42 255 29 40 147 0 44 0 138 255 182
    149 255 174 255 188 216 255 167 0 0 255 32 135 131 30 96 12 0 127
    255 0 255 255 255 255 255 255 0 0 0 0 96 0 0 255 255 0 0 208 71 0
    216 95 117 0 49 255 83 255 20 141 255 46 98 255 255 255 32 75 124
    203 196 0 255 136 76 255 84 50 0 116 4 113 164 255 221 0 176 0 153
    119 0 240 0 197 59 0 255 66 0 21 207 243 207 0 255 190 12 7 220 255
    255 213 255 255 255 29 84 68 49 255 179 4 0 145 133 196 237 67 0 226
    19 172 104 255 77 0 0 138 0 255 173 25 201 145 0 255 0 183 212 0 19
    213 80 186 128 222 70 0 41 49 255 53 22 171 181 0 255 209 181 255 0
    0 255 120 0 236 0 255 149 86 107 226 231 255 80 111 0 0 249 111 166
    192 52 208 255 255 19 255 228 169 255 129 255 205 223 132 202 15 0 0
    0 9 121 255 7 128 255 255 201 255 208 79 0 0 252 12 235 176 246 98
    87 12 233 0 97 0 0 27 23 202 255 247 28 0 33 255 79 19 141 152 0 28
    0 10 255 97 0 255 178 0 66 186 138 105 0 125 244 255 116 129 235 148
    0 255 0 178 255 0 71 255 125 17 255 237 255 0 0 255 58 200 217 10 70
    221 160 8 248 248 84 245 255 148 168 168 30 99 241 213 157 169 255
    103 173 255 40 208 18 175 245 134 153 212 137 105 40 136 142 130 7
    196 37 0 174 255 0 185 255 21 162 211 87 0 191 255 245 163 72 147 29
    0 0 255 0 255 255 0 105 181 246 210 255 0 0 98 161 255 255 120 213 3
    255 176 175 255 231 0 34 255 0 0 146 0 23 0 230 0 255 110 156 255
    124 28 31 121 218 201 0 255 157 219 0 171 0 37 176 167 239 93 255 38
    31 242 189 217 255 74 0 107 255 70 255 255 82 241 38 88 93 255 86 0
    237 224 172 34 0 255 153 255 202 0 255 84 23 216 0 255 255 244 112
    46 115 163 255 18 254 57 255 70 126 97 64 255 0 39 0 155 151 74 37
    192 218 0 127 10 136 0 236 0 241 185 38 12 51 106 54 37 158 165 59
    255 0 6 179 228 0 199 17 114 255 255 135 63 255 0 72 64 106 187 107
    0 83 214 64 223 255 255 145 21 208 48 0 0 255 0 8 206 255 72 255 196
    36 64 0 0 0 0 255 46 10 210 227 228 77 186 255 96 114 223 0 247 180
    99 255 178 0 171 255 255 118 255 202 239 35 203 62 71 0 127 49 255
    255 255 0 81 89 17 0 101 246 255 171 0 152 0 35 255 0 23 209 48 255
    210 184 255 136 77 35 63 46 0 194 71 196 101 255 255 0 191 11 220 0
    13 255 255 255 0 169 88 255 60 93 136 171 133 205 159 255 113 243
    139 255 117 85 255 88 255 21 0 29 74 163 39 178 255 255 255 255 160
    255 223 255 94 255 0 253 127 100 5 233 253 18 0 44 255 0 192 0 190
    58 126 253 0 42 255 255 10 109 239 195 255 132 255 167 206 62 0 182
    175 240 196 54 50 0 184 255 86 145 250 186 98 55 244 255 46 255 255
    108 94 0 255 57 107 252 136 33 124 186 68 2 0 255 0 84 255 0 69 130
    255 29 248 6 255 174 211 255 255 223 255 131 35 49 11 220 0 161 27
    12 206 45 115 178 35 109 97 81 193 0 238 156 158 190 0 68 198 255
    255 2 122 255 233 159 0 247 0 255 110 53 151 255 198 255 4 17 255
    231 217 38 113 220 0 255 139 114 90 67 171 255 93 188 175 0 243 26
    169 25 255 192 225 255 48 255 196 114 239 0 234 0 206 255 0 228 229
    0 255 249 42 246 6 208 26 255 75 204 25 117 50 237 23 78 145 224 247
    199 0 17 6 6 173 255 214 107 0 0 0 244 41 46 141 0 255 106 234 176
    255 189 0 190 82 61 103 0 73 100 224 255 153 40 39 41 90 213 0 156 0
    149 255 255 255 207 49 193 157 0 184 21 151 255 0 117 156 165 205 0
    216 255 0 43 238 230 29 153 176 0 197 0 150 6 239 0 255 255 56 107 0
    0 255 0 64 174 255 68 0 135 166 0 139 37 255 69 255 210 112 25 0 229
    255 91 96 255 255 197 240 191 105 0 117 255 255 119 68 82 255 183 39
    0 244 0 160 0 109 197 255 91 25 113 19 255 142 0 0 135 19 54 193 0
    186 0 25 143 227 154 96 190 104 17 86 0 156 17 151 0 175 188 87 0 41
    71 106 158 0 255 0 255 255 0 255 255 0 123 137 0 255 171 255 83 0
    193 81 0 0 255 0 246 212 156 91 157 255 26 255 255 255 0 154 255 255
    251 74 255 255 202 255 0 75 255 0 208 145 153 224 255 140 150 96 227
    191 118 255 153 166 222 92 255 177 0 15 54 255 183 0 0 224 0 255 223
    255 40 255 163 255 0 52 211 0 138 64 165 255 198 226 54 71 2 24 0
    178 1 0 232 115 0 255 193 97 255 255 68 255 75 25 81 61 255 0 202 0
    17 255 255 201 64 187 239 63 192 28 19 23 255 0 49 0 255 148 166 209
    96 78 0 191 0 176 218 0 168 255 219 105 255 53 255 93 255 173 35 242
    18 0 110 141 94 145 122 209 245 48 0 155 209 141 43 255 10 255 71
    255 138 0 84 255 251 239 0 255 0 159 16 255 102 0 255 116 0 63 66 37
    99 247 148 91 93 224 12 192 140 0 231 215 232 243 0 220 64 81 142 69
    120 0 255 255 31 255 78 0 24 63 242 255 7 0 226 34 159 213 0 0 146
    241 88 56 255 149 251 255 0 0 0 74 64 0 91 255 154 0 246 255 194 141
    170 152 255 217 0 226 0 87 105 37 0 136 50 0 133 206 255 182 0 194
    255 239 105 255 194 164 255 255 0 126 173 46 11 0 0 0 149 187 255
    255 47 255 0 206 255 100 0 0 255 55 54 255 128 123 0 20 146 0 253
    155 35 255 0 122 164 97 248 124 255 16 87 69 92 0 0 27 67 0 255 73
    255 255 116 255 11 255 255 183 76 152 98 240 42 116 66 255 209 255
    192 238 255 73 144 17 71 245 179 194 28 0 58 235 0 255 255 0 255 244
    255 219 255 127 58 0 189 214 4 24 130 126 17 120 54 255 0 0 60 0 191
    0 153 242 123 212 166 0 144 0 225 0 35 49 70 223 49 68 255 0 0 171
    29 0 122 255 255 139 157 0 241 90 0 255 255 111 255 255 134 255 0 23
    176 211 173 15 70 254 56 0 71 255 175 74 211 255 170 0 68 167 0 155
    0 0 29 255 255 255 217 194 0 192 58 103 122 240 0 205 57 138 249 172
    69 66 83 255 0 0 124 16 202 0 255 65 10 255 61 255 162 255 3 2 0 65
    195 83 0 230 0 255 255 0 206 7 255 189 0 255 97 78 255 0 219 116 0
    138 255 26 92 253 135 0 255 26 39 172 203 86 125 160 255 236 0 147
    244 203 61 255 0 172 65 255 223 146 255 104 95 143 45 102 255 204
    222 215 255 221 255 176 255 169 241 236 13 0 0 185 77 152 156 161
    255 245 231 131 202 255 129 33 0 100 179 228 209 73 255 0 26 122 255
    78 98 111 75 238 171 219 255 0 104 0 0 99 0 0 0 194 111 153 188 0 65
    36 185 42 113 255 104 0 15 181 255 0 0 0 172 52 108 169 126 255 136
    255 255 51 0 4 12 82 152 48 108 53 0 192 130 224 156 255 56 255 255
    16 32 11 100 117 113 64 196 97 255 4 0 237 255 0 46 255 26 108 40 61
    226 139 0 243 188 0 225 3 255 101 0 0 4 109 255 0 48 235 233 130 201
    0 218 1 255 176 168 255 127 255 233 197 98 0 0 255 84 109 244 34 70
    78 0 118 46 0 0 255 190 137 157 116 191 175 0 0 255 0 255 197 145 16
    0 255 204 255 151 0 255 71 208 255 80 255 255 0 199 204 252 0 255
    255 255 255 173 249 205 21 0 255 0 0 252 16 50 255 255 187 99 190 0
    19 231 16 110 0 148 30 96 0 255 0 4 184 241 255 114 255 103 56 0 255
    0 0 13 185 0 255 8 238 233 87 171 146 236 137 175 230 213 119 255 0
    219 125 155 80 51 0 245 25 102 0 255 41 0 251 255 255 95 180 203 52
    155 255 87 40 116 0 202 255 0 152 0 253 0 80 0 255 73 99 213 78 4 0
    220 255 28 123 255 0 172 255 118 171 192 255 89 140 176 48 215 255
    30 0 0 255 93 211 255 154 184 97 132 255 255 178 255 197 0 249 255
    179 206 153 248 109 127 58 30 0 148 37 0 0 32 0 162 32 255 8 93 140
    123 255 0 0 255 208 102 0 11 255 220 255 113 255 80 100 242 25 255
    250 84 0 12 255 204 0 0 0 235 0 0 1 43 255 66 255 222 30 213 0 0 206
    129 0 197 95 234 61 50 255 19 0 76 255 87 118 97 0 18 84 62 218 35
    158 54 255 252 6 255 80 44 0 0 0 149 127 14 43 195 0 0 207 38 218
    171 255 0 43 255 84 107 209 252 18 0 101 0 5 255 255 131 206 12 255
    69 222 111 255 0 184 127 151 188 233 48 33 255 255 0 255 255 0 191 5
    107 43 69 226 255 255 111 255 228 174 250 29 0 50 151 5 145 225 250
    113 255 103 227 0 251 82 208 181 242 160 171 18 0 60 186 168 240 198
    122 5 106 126 116 172 36 0 0 255 0 37 139 0 243 163 255 0 229 255
    195 0 22 117 255 54 233 110 112 198 98 236 255 164 255 39 0 255 69 0
    31 51 255 159 162 0 0 0 208 255 146 0 206 134 0 183 116 91 255 0 0 0
    255 0 27 255 245 83 0 0 67 29 64 0 0 19 255 146 12 198 87 255 255
    229 27 255 38 3 45 207 0 255 255 0 207 181 17 117 0 219 165 225 222
    0 255 237 255 39 58 255 0 0 213 0 0 171 39 162 85 255 0 0 255 255
    229 255 255 226 255 107 0 112 0 241 111 132 0 135 0 82 172 120 255
    112 251 2 255 50 239 212 0 184 185 0 13 236 221 108 86 136 97 238
    252 35 255 51 209 255 19 62 223 148 54 103 106 174 0 8 0 223 173 255
    102 53 0 9 155 255 0 200 42 255 2 255 176 255 255 0 137 159 200 250
    241 255 210 48 190 111 0 69 168 255 0 123 127 0 130 255 192 0 0 158
    124 73 10 255 72 17 255 255 16 8 216 255 106 53 185 132 0 119 0 180
    0 255 27 0 94 0 255 49 227 105 131 6 20 125 5 0 253 0 255 0 0 255 0
    21 255 0 181 0 255 36 187 137 92 84 251 64 135 0 33 122 0 255 17 0
    89 89 255 197 255 112 0 2 32 106 255 242 0 11 255 0 254 60 11 255 0
    255 255 124 67 0 255 15 0 180 255 0 255 255 211 255 0 213 0 196 206
    234 226 0 119 217 36 14 23 183 5 0 0 90 213 250 124 34 78 255 138 0
    249 236 143 71 0 54 158 203 169 255 132 236 167 255 0 205 174 255 50
    0 159 255 255 255 255 175 0 7 20 219 0 37 134 180 45 91 255 7 218 49
    255 255 0 80 255 139 157 67 102 23 16 255 79 209 255 255 0 0 0 21
    255 0 0 255 125 89 56 134 255 0 141 0 0 255 105 42 255 89 10 183 165
    255 238 255 74 139 254 0 32 111 199 0 255 255 120 239 0 231 218 188
    147 176 0 172 151 227 80 255 102 233 255 222 185 16 96 0 0 53 244
    209 210 174 212 87 113 24 255 22 0 0 85 255 234 255 0 73 98 0 110 0
    197 0 147 211 111 255 0 140 0 192 139 247 234 255 28 36 16 255 130
    66 181 16 255 0 255 0 254 216 0 193 236 140 139 2 200 212 67 118 206
    58 105 255 100 242 142 63 0 46 255 81 2 255 0 255 255 39 255 162 85
    47 247 230 0 106 255 61 188 243 156 95 15 255 190 13 0 140 255 143
    143 186 255 54 122 218 255 23 0 59 0 0 235 0 0 0 116 37 6 7 221 0
    255 70 193 255 109 84 255 109 104 158 255 0 32 17 142 158 0 255 255
    20 255 0 7 149 12 185 0 14 11 229 7 43 116 255 255 70 112 4 179 122
    0 47 239 200 71 168 88 8 0 213 255 0 0 96 255 255 104 0 222 36 83
    255 193 123 255 86 255 0 0 255 144 248 183 255 255 124 180 255 0 255
    94 14 195 72 208 233 255 130 102 230 215 0 206 118 143 199 222 157
    255 255 0 255 255 0 147 29 98 1 68 109 55 223 255 0 0 230 40 115 0
    134 61 221 162 222 76 10 182 222 0 111 255 72 0 116 0 9 122 130 6
    255 120 255 255 205 255 0 0 255 229 91 255 0 242 244 156 255 2 0 207
    19 206 0 46 93 196 0 172 166 150 106 132 255 116 25 106 0 203 131
    255 255 214 162 44 255 110 68 138 59 0 124 0 0 108 10 7 140 60 184 0
    185 55 32 47 43 13 29 190 40 255 144 0 66 243 161 21 174 210 255 0 0
    245 208 181 255 253 27 190 230 49 0 170 88 0 255 44 99 189 106 1 255
    245 0 167 2 73 198 255 194 106 255 43 178 255 148 0 255 243 255 243
    7 255 255 68 243 130 21 135 0 248 239 131 139 231 0 189 169 153 208
    0 255 0 255 178 37 136 255 230 255 0 255 255 232 4 0 35 133 125 255
    67 172 153 85 255 130 119 255 55 193 0 0 170 43 0 204 0 129 163 0
    115 80 0 126 100 0 0 196 255 84 0 255 203 255 255 255 239 210 70 31
    0 175 254 94 134 122 2 140 198 255 176 250 0 128 194 14 255 88 255
    54 245 255 19 106 0 82 119 0 72 160 0 192 18 255 3 224 192 0 255 0 0
    52 255 144 123 255 0 151 227 167 65 126 255 0 0 241 189 41 164 154
    75 65 0 78 152 0 191 110 158 0 139 39 108 170 122 135 255 101 0 24
    188 20 34 130 0 31 1 142 113 6 191 0 0 209 123 0 78 101 0 148 210 0
    154 255 0 9 222 146 21 255 255 0 116 0 170 58 206 91 255 22 255 204
    255 80 0 255 0 52 255 48 255 42 192 255 19 9 161 0 1 207 255 255 249
    255 255 84 148 207 217 0 255 134 242 0 57 190 250 145 0 255 0 25 93
    0 35 28 25 255 220 77 202 121 159 255 3 178 34 192 0 151 124 7 29 96
    255 0 127 10 255 116 252 32 81 255 255 0 96 92 117 145 155 137 0 24
    0 37 255 255 25 205 255 255 21 14 0 255 108 0 18 221 0 255 255 0 170
    87 158 218 145 138 255 255 0 0 0 0 255 0 27 255 78 248 255 178 255
    255 194 36 146 255 255 135 119 21 155 38 238 55 255 56 255 172 198 0
    253 143 55 0 1 246 255 255 226 219 62 48 0 0 117 57 255 251 0 51 122
    0 2 161 11 4 122 0 197 129 192 71 14 109 255 255 182 83 46 1 202 255
    14 242 216 8 210 99 231 38 0 155 0 206 116 208 189 255 255 255 5 233
    215 0 48 37 59 185 26 228 21 255 21 0 6 48 255 225 237 60 0 0 254 0
    186 0 78 175 178 34 102 0 144 74 78 255 198 112 140 229 30 0 0 27 0
    0 255 162 223 255 255 108 232 0 142 255 0 199 255 117 0 255 127 255
    255 255 64 152 0 0 83 11 217 0 20 0 85 255 255 113 208 0 58 151 255
    0 86 249 255 255 143 255 40 0 0 236 0 0 170 184 158 69 0 196 0 222
    255 31 255 71 0 237 229 0 66 4 68 12 144 141 140 0 60 143 0 138 255
    0 115 149 97 216 0 227 68 255 172 93 204 26 246 101 212 183 233 95
    84 255 182 6 199 0 253 63 23 17 205 189 18 30 207 0 166 0 0 102 240
    30 69 0 152 255 84 112 64 23 179 9 111 226 255 22 133 193 53 248 103
    255 0 104 159 128 53 165 255 0 1 252 0 0 153 255 97 253 152 152 80
    52 207 0 70 255 255 255 255 55 226 21 109 210 234 255 235 0 254 239
    121 0 54 208 37 208 138 0 0 57 119 255 48 162 116 28 238 250 67 255
    0 15 0 232 255 0 2 93 197 188 0 57 0 79 255 81 0 0 73 44 42 0 255 0
    0 43 108 26 160 101 255 214 255 238 0 214 181 0 202 25 254 152 186
    194 255 49 60 255 52 0 255 255 170 0 30 160 248 255 255 167 14 255
    40 255 62 231 131 49 227 227 212 54 255 255 147 44 234 126 9 208 0 0
    237 49 0 255 0 255 175 129 255 28 42 255 58 0 245 244 105 44 118 47
    254 0 95 255 217 255 148 226 254 255 107 23 255 78 230 183 255 255
    255 0 255 0 1 255 0 144 67 0 63 255 57 0 0 0 134 0 34 174 126 204
    255 34 0 159 225 0 235 11 216 70 65 66 168 1 173 233 4 0 50 153 129
    228 18 41 255 255 33 140 0 167 255 255 255 32 190 0 26 51 165 125
    237 0 115 0 71 255 2 255 255 161 227 215 205 241 192 165 0 0 0 148
    255 59 0 255 0 27 255 0 185 255 30 255 0 26 224 224 31 53 0 0 0 62
    50 224 0 250 255 0 234 233 98 128 196 85 255 232 203 100 0 53 0 68 0
    118 255 174 164 199 208 117 106 54 201 7 255 239 243 125 0 255 0 255
    255 51 227 221 126 0 237 255 0 255 197 255 255 152 79 19 104 0 0 32
    237 182 0 207 0 255 182 166 156 255 106 255 0 77 119 0 113 255 0 0
    92 44 255 250 184 255 192 0 19 160 158 0 215 185 106 168 10 13 19
    128 60 255 0 161 0 198 60 72 58 0 117 199 0 0 187 0 0 10 184 200 251
    61 0 255 102 219 229 245 57 227 39 5 50 6 214 255 54 0 175 66 0 237
    0 255 204 9 162 87 255 0 66 2 165 103 227 0 0 107 0 237 58 87 120
    140 208 156 0 118 255 255 114 191 102 255 255 255 81 83 255 255 255
    255 219 108 255 255 52 0 42 247 0 255 38 255 224 255 208 255 145 0
    202 3 175 82 144 255 255 255 54 164 10 0 0 84 122 1 117 1 113 38 0
    85 0 136 8 39 151 0 0 0 255 0 23 6 122 0 253 255 141 255 166 255 18
    0 42 115 110 142 229 255 10 0 255 0 0 89 255 0 110 255 255 125 232
    255 0 185 255 215 109 0 69 0 234 0 82 157 8 53 157 255 188 176 255
    255 150 78 255 193 30 246 166 69 0 255 120 144 190 0 78 150 76 0 195
    230 12 211 255 194 0 255 22 187 136 147 0 181 169 0 95 180 25 0 0 0
    163 255 0 115 115 191 251 255 224 77 210 18 78 0 255 62 98 85 0 0
    255 195 0 120 251 245 60 0 227 15 0 255 209 131 122 242 88 255 237 0
    145 0 255 255 14 34 255 0 229 173 255 255 0 255 255 105 199 64 118
    249 125 35 185 108 0 80 0 0 89 91 0 0 84 255 255 0 52 104 217 147 76
    133 255 101 195 255 0 22 182 220 0 161 255 246 221 203 154 215 195 0
    0 70 48 62 255 8 201 128 201 37 255 209 0 39 211 117 57 221 27 132
    225 0 255 195 111 71 102 191 0 255 255 94 175 92 255 255 0 170 0 0
    255 158 9 20 0 208 152 92 185 22 186 198 231 34 222 139 8 194 250
    108 165 197 0 189 231 115 137 44 85 47 33 51 0 84 213 108 60 235 163
    83 0 157 136 7 187 142 74 121 85 54 192 0 0 134 255 255 236 255 248
    148 102 255 2 102 49 255 0 39 72 242 90 33 232 96 248 12 246 136 115
    0 0 100 255 242 68 218 255 30 255 139 255 226 255 154 118 8 255 204
    227 200 249 227 0 159 0 220 127 102 0 255 144 61 255 208 255 176 176
    0 255 144 78 166 61 167 0 0 207 108 65 99 255 255 83 196 0 16 90 255
    28 149 255 0 255 255 111 255 18 0 39 85 0 32 219 0 103 229 255 205
    228 255 255 0 140 0 17 220 181 90 239 4 214 255 140 235 144 0 0 194
    255 255 207 78 193 0 0 48 0 133 0 131 31 0 255 218 0 0 246 216 31 0
    170 221 213 79 0 73 4 0 0 0 151 0 0 46 243 255 157 210 0 0 175 68 25
    230 201 0 255 255 222 31 255 52 0 21 85 225 128 179 206 255 33 233
    195 159 155 213 0 255 217 243 255 255 121 115 255 165 68 51 255 72
    224 255 208 0 75 241 188 30 162 31 119 157 39 135 255 0 92 12 255
    218 255 132 0 255 102 255 254 0 255 0 132 169 9 105 16 96 145 255
    119 160 153 221 0 255 95 255 231 16 92 209 5 32 148 200 255 0 106 87
    231 0 255 255 0 0 151 255 255 24 255 179 198 255 0 0 255 0 0 55 82
    25 255 255 0 223 22 0 74 0 255 255 43 136 18 145 143 228 255 236 213
    105 219 255 137 112 0 146 107 255 255 133 22 129 30 148 31 0 38 0 0
    123 73 164 21 0 255 255 184 91 255 62 139 0 0 211 0 47 0 222 201 0
    65 24 0 12 250 255 156 73 177 255 255 139 0 183 135 255 0 0 22 12 0
    37 225 83 153 0 255 91 230 66 255 255 0 62 0 216 140 136 181 255 0
    229 193 244 255 0 255 255 161 0 255 176 189 239 0 0 255 255 255 0
    255 183 0 255 0 42 234 237 149 190 202 0 255 233 163 125 0 200 218
    44 79 255 0 0 0 156 245 0 255 188 244 0 17 255 34 228 183 255 239
    255 47 1 159 63 199 0 197 172 7 213 255 0 8 121 71 0 69 166 44 0 147
    255 106 219 97 250 100 136 181 255 22 10 161 133 133 172 0 53 0 1 0
    210 132 81 187 83 159 255 255 93 255 209 226 255 169 128 198 5 0 0
    179 0 250 131 45 0 255 231 255 252 0 58 0 38 26 43 0 227 0 153 232 0
    255 15 255 255 149 179 0 255 119 0 99 0 255 0 0 55 54 255 113 0 255
    145 255 206 255 205 247 255 13 191 118 0 211 107 2 227 147 234 0 0
    255 87 255 255 13 107 255 216 13 0 141 255 146 143 235 33 74 0 219
    155 118 255 255 154 255 111 0 19 99 255 116 202 219 97 176 255 0 122
    225 52 218 175 0 125 255 196 69 211 0 4 11 255 238 149 27 126 233
    255 0 0 40 131 178 153 174 255 135 23 197 242 187 15 243 255 255 161
    79 36 0 106 255 0 255 206 255 6 12 210 82 158 50 16 8 255 195 129 9
    153 0 0 22 202 255 255 36 182 192 92 57 82 0 252 255 131 235 255 244
    0 0 0 0 0 0 17 0 19 91 1 255 98 178 255 114 30 139 255 249 54 0 99
    23 158 105 66 51 255 255 255 38 0 255 198 255 255 225 226 255 0 0
    233 255 231 160 108 244 83 79 115 76 255 255 0 255 49 188 255 161
    255 50 255 0 0 95 93 255 242 0 240 255 0 120 126 144 255 255 69 246
    198 255 145 184 170 0 255 142 255 33 0 88 166 218 0 0 255 199 255
    255 0 206 0 0 253 44 141 163 112 255 5 155 254 0 104 0 255 0 0 242
    255 0 255 121 46 80 217 214 19 184 255 0 64 0 255 255 0 174 163 68
    194 20 0 226 0 12 13 0 0 36 255 0 235 0 0 255 32 0 255 98 66 255 29
    216 239 252 7 119 210 255 0 0 255 0 255 15 169 50 71 255 255 240 236
    246 179 51 0 205 238 162 255 255 34 210 193 0 108 0 0 128 155 255 67
    13 255 171 61 145 161 89 55 0 218 26 97 122 229 51 255 236 87 255
    255 0 154 246 222 154 0 255 255 108 7 40 129 255 85 109 255 226 240
    0 234 130 255 177 175 27 0 230 244 180 139 196 255 99 0 255 144 0 0
    63 120 255 255 73 255 0 69 70 142 87 0 208 20 157 102 98 2 5 0 249
    141 183 255 0 0 102 255 255 153 0 67 255 188 167 80 171 59 74 92 255
    10 148 255 255 0 222 60 217 255 23 118 95 67 93 91 0 127 255 255 58
    0 252 72 22 0 181 27 255 170 0 176 36 157 255 84 0 255 0 255 188 66
    48 170 241 255 130 38 255 198 255 132 42 200 0 229 255 231 75 0 0 0
    146 96 134 255 166 253 255 0 0 153 175 115 243 253 157 255 151 88
    255 30 55 122 0 36 132 41 32 232 199 109 148 0 255 1 255 0 0 80 159
    42 246 0 140 255 132 155 245 5 99 19 87 250 0 255 244 169 255 14 145
    255 176 252 0 181 255 0 255 0 255 52 90 235 255 225 84 255 253 76 0
    199 77 255 255 0 39 102 253 251 223 112 0 11 25 255 0 50 0 184 177
    173 99 0 255 255 166 177 32 80 0 45 133 224 255 255 22 255 88 132 70
    106 102 16 255 154 131 0 255 244 255 48 255 0 36 113 137 241 255 196
    109 0 146 0 8 0 188 143 182 255 171 221 0 127 255 0 0 0 101 0 211 0
    0 172 152 208 161 255 0 0 0 0 71 240 161 184 0 191 217 0 10 64 236
    70 102 225 0 162 181 247 6 110 23 0 170 0 82 255 67 0 26 255 0 9 255
    255 255 255 25 0 134 226 157 35 192 255 0 154 255 16 255 250 16 245
    250 9 251 0 76 206 154 12 239 250 141 255 150 0 0 255 246 0 0 255
    144 85 6 246 255 215 255 57 174 166 0 203 93 232 87 0 233 143 255
    255 182 216 255 255 96 142 0 221 210 58 0 34 162 212 0 255 255 0 255
    255 0 185 247 103 46 0 0 255 5 0 161 85 51 138 255 255 195 254 224
    255 34 0 255 0 255 251 179 72 255 76 120 20 88 255 138 38 209 190 72
    177 59 206 123 76 255 235 255 234 117 18 0 34 21 164 122 255 188 189
    255 0 87 156 42 123 0 112 102 73 0 52 207 35 0 68 31 0 255 43 27 255
    255 176 11 111 22 238 242 69 16 124 0 71 255 107 255 32 185 90 255
    251 3 65 0 170 35 255 0 0 255 93 255 239 108 0 237 125 136 255 206
    93 227 13 107 0 78 0 0 7 234 65 7 12 213 242 0 176 70 0 228 226 255
    229 185 188 0 0 48 104 0 0 231 208 0 0 195 255 46 230 244 161 229
    112 0 255 81 137 0 229 47 172 121 255 255 82 207 255 0 255 204 226
    71 255 4 255 0 186 255 0 102 134 1 110 0 0 76 87 255 247 71 255 33
    252 255 255 100 107 220 255 163 235 0 255 255 0 212 29 64 126 8 255
    255 162 255 54 0 48 92 255 0 255 0 0 0 0 0 255 239 134 96 5 150 168
    88 232 253 255 74 0 178 226 12 255 255 255 134 104 239 0 237 227 0 0
    224 180 225 200 255 124 0 255 255 219 219 184 156 124 255 255 224 38
    204 62 0 55 74 0 138 63 148 252 249 0 148 50 174 255 0 255 31 108
    255 99 255 83 17 255 92 206 62 120 0 224 212 51 10 255 240 95 172 17
    136 255 255 125 224 207 0 255 231 0 0 249 189 0 0 1 0 188 149 255
    149 79 127 255 77 0 96 168 0 74 0 153 190 0 255 255 72 255 43 24 106
    39 0 255 255 255 108 255 82 199 43 56 255 255 0 0 184 199 117 0 255
    141 0 153 0 67 255 143 0 141 139 0 112 255 255 145 206 204 106 224
    255 23 96 0 113 20 106 96 228 109 69 0 0 180 0 0 99 124 121 42 8 168
    212 0 15 250 78 155 58 255 9 0 245 174 255 0 255 0 84 255 176 39 0
    42 255 70 255 182 106 111 255 238 75 60 255 191 255 255 173 225 250
    61 148 0 172 0 235 155 0 255 255 6 225 57 0 164 176 138 42 255 203
    235 227 255 255 247 255 56 102 76 0 0 229 4 155 21 128 49 255 255
    255 0 0 205 33 73 125 182 255 130 0 210 0 12 228 246 138 0 255 122
    228 109 0 176 95 217 101 255 0 109 34 255 255 167 255 255 255 49 231
    0 255 178 0 3 230 255 141 255 255 129 255 136 0 70 241 95 214 28 98
    251 169 240 255 119 77 255 255 216 255 17 22 255 0 43 0 255 243 99
    255 129 106 53 255 255 220 255 0 0 0 255 23 255 255 209 40 0 13 209
    0 203 0 0 0 104 116 230 255 0 255 124 0 114 0 55 255 169 255 255 49
    100 255 194 80 0 81 9 135 253 247 0 214 177 71 52 255 0 123 255 136
    255 114 0 225 0 0 0 10 101 203 255 255 215 230 255 255 202 255 255 0
    0 121 237 3 247 50 8 49 10 103 240 255 253 85 0 20 24 0 216 0 255
    140 0 255 0 24 52 78 54 244 117 203 195 255 0 71 67 104 0 181 183 50
    91 247 0 0 102 0 0 8 0 169 168 38 207 78 243 121 0 102 66 166 180 61
    255 233 0 39 119 0 125 221 30 255 62 79 81 255 53 127 182 147 255
    255 155 0 210 206 244 150 174 109 206 255 184 251 62 22 0 0 255 255
    100 170 122 255 172 41 41 255 53 141 255 11 188 14 84 180 106 170 63
    255 177 255 255 145 211 15 255 255 0 156 164 0 68 153 255 214 48 0
    122 65 87 0 84 255 0 75 68 255 250 135 249 0 175 255 0 4 73 61 255 0
    255 218 0 255 55 218 255 5 166 138 8 150 215 151 184 255 173 0 70
    229 255 198 153 159 209 54 164 100 21 0 53 255 43 87 255 255 255 255
    242 246 17 255 182 75 203 62 255 0 179 255 51 38 255 255 195 0 114 0
    255 133 0 255 182 239 158 38 255 241 208 98 126 170 255 201 255 2
    255 0 0 255 38 0 0 59 151 0 91 220 79 0 224 0 221 0 255 255 255 133
    0 255 57 255 83 16 90 166 65 255 102 36 100 195 206 125 141 0 0 106
    0 17 61 14 123 153 0 177 255 0 255 255 0 54 255 129 211 232 127 0
    217 8 255 171 255 255 95 75 120 0 118 184 39 94 255 116 0 0 103 19
    54 0 0 116 67 0 194 0 193 255 0 0 255 255 255 255 254 0 255 255 0
    239 65 146 173 187 0 129 83 56 195 213 255 14 0 217 164 189 23 146
    48 255 255 214 255 199 0 0 233 144 237 136 87 0 255 249 38 255 0 249
    204 104 130 255 0 54 255 156 0 222 99 113 255 148 185 192 64 0 132
    246 224 196 57 55 0 97 93 71 248 206 139 0 255 48 128 175 255 46 255
    0 218 0 189 189 112 62 130 0 255 232 211 7 255 26 127 255 0 94 197 0
    70 75 249 255 34 255 13 0 77 0 254 0 9 168 230 0 17 255 255 0 109 15
    242 254 45 255 255 0 0 51 188 55 71 139 148 239 255 255 0 10 17 212
    255 104 44 33 68 176 47 0 135 255 0 87 46 60 14 168 188 28 184 255
    130 83 247 253 74 255 15 88 255 33 248 225 255 255 202 135 126 0 255
    0 153 172 0 0 255 212 0 255 255 72 196 255 0 255 91 167 150 0 0 193
    189 115 192 198 255 113 56 189 81 255 0 241 193 0 255 145 0 207 56
    107 200 154 206 237 255 158 255 30 21 24 236 0 36 0 184 142 141 255
    190 19 63 47 70 255 226 50 93 122 183 28 32 255 185 183 73 0 255 227
    0 145 55 165 221 0 71 53 46 192 27 0 167 173 11 215 0 255 255 222 31
    139 80 105 177 104 135 87 255 0 8 120 64 4 208 0 90 190 161 140 205
    70 0 196 0 219 0 240 59 248 90 115 0 113 255 196 163 111 125 255 146
    227 43 11 236 255 33 39 0 103 12 0 181 183 89 68 0 149 38 0 0 174
    114 7 255 0 10 0 86 210 128 245 0 34 146 185 11 0 242 181 0 45 19
    116 0 0 66 84 141 138 61 0 59 57 0 0 95 255 0 253 98 0 255 0 183 245
    103 255 183 255 240 118 255 2 255 101 150 153 0 155 255 66 0 255 0
    64 244 50 163 108 255 36 0 209 23 253 229 214 255 76 255 13 255 212
    255 6 246 255 255 124 10 255 0 233 44 213 237 0 241 224 202 156 58
    137 140 42 29 191 255 0 60 0 217 255 86 255 144 101 255 54 161 186
    255 0 0 62 255 0 92 255 255 255 218 222 85 72 244 21 143 255 255 221
    109 190 45 0 177 48 55 0 97 130 255 0 104 167 0 44 63 31 45 241 229
    255 0 255 0 0 109 255 228 194 255 0 255 39 0 255 62 140 179 42 0 84
    0 0 126 152 94 254 242 221 187 0 250 255 255 0 16 0 255 0 255 65 147
    0 201 57 141 116 94 0 255 255 24 124 21 115 170 0 59 255 132 0 49
    255 24 0 193 103 15 0 255 244 152 236 32 41 0 98 255 44 0 255 5 219
    0 32 203 85 148 219 0 0 255 0 0 210 255 255 71 0 73 68 70 52 56 163
    211 52 0 32 116 235 0 76 23 201 20 192 35 179 90 98 255 198 0 255
    183 255 136 50 236 3 145 0 124 104 245 38 11 255 255 255 0 42 88 124
    211 209 255 255 208 240 206 0 222 129 173 209 65 255 62 0 70 228 184
    222 0 40 19 112 17 70 195 168 255 111 255 162 148 212 60 7 97 255
    186 197 130 18 143 38 0 213 0 0 255 131 190 87 179 88 48 255 182 98
    181 255 255 18 255 116 29 0 146 13 188 0 48 192 0 159 137 99 105 255
    188 0 59 218 142 255 255 0 59 230 255 12 0 255 65 222 47 255 113 90
    0 255 231 236 0 91 255 93 0 55 146 0 57 255 231 147 102 255 0 255 93
    91 0 37 205 188 138 255 0 130 91 50 79 255 255 245 163 187 71 0 0 16
    65 0 252 189 77 202 46 202 89 250 128 175 36 98 89 7 2 180 141 205 0
    0 231 0 0 197 43 184 0 74 35 253 30 138 91 143 155 208 0 64 219 164
    87 57 52 0 0 9 231 143 140 131 217 0 186 183 217 0 135 99 58 245 79
    74 16 255 138 0 123 203 182 100 0 0 154 136 249 255 229 238 63 0 25
    0 0 255 0 161 239 255 230 223 192 230 90 220 231 28 39 16 255 88 17
    255 0 92 255 0 201 86 0 127 36 135 6 0 0 0 17 28 148 64 124 0 37 0 0
    218 255 130 255 150 255 255 45 118 241 255 27 19 235 34 242 0 51 71
    213 223 181 0 131 148 255 0 255 152 214 135 118 244 118 213 4 182
    153 18 30 251 24 255 0 182 231 33 0 88 84 208 0 45 18 0 165 0 63 0
    30 74 18 163 6 239 70 0 109 255 203 30 60 225 0 0 159 0 0 63 255 40
    255 199 0 0 143 5 93 255 0 255 97 167 228 255 0 34 255 250 0 216 35
    0 215 255 0 255 255 255 255 15 0 255 0 255 255 240 255 37 108 0 130
    166 192 255 229 0 0 55 0 255 0 238 0 0 15 34 145 0 0 209 192 0 219
    86 208 157 255 205 190 18 108 183 34 184 131 237 137 255 158 0 87 14
    255 120 179 0 255 140 81 255 255 16 71 255 52 103 90 227 5 0 110 14
    133 0 255 122 190 50 255 0 255 0 0 255 56 133 50 94 38 0 176 139 181
    22 46 119 54 9 93 120 0 255 29 0 177 255 0 152 245 255 0 0 0 30 94
    240 0 0 237 255 99 252 227 0 5 21 0 65 255 0 255 141 101 40 255 229
    245 107 45 122 0 35 144 57 255 111 255 0 38 126 0 255 0 77 29 251
    174 126 56 30 255 177 34 28 133 13 255 0 0 161 167 0 112 0 148 255
    255 255 45 85 0 255 78 57 156 255 15 0 254 0 143 122 41 168 133 221
    247 255 0 0 255 255 43 43 14 122 255 74 0 174 117 255 129 49 0 255
    255 29 112 0 10 163 0 0 229 209 102 252 182 181 201 255 255 255 0
    121 196 0 137 255 255 228 21 97 146 255 0 64 96 0 0 0 239 146 176
    234 73 128 252 0 155 255 0 79 163 0 202 0 109 157 0 255 216 0 38 142
    195 0 0 213 215 128 12 11 0 0 2 0 23 109 255 166 244 119 79 214 255
    94 12 154 111 114 116 43 165 255 169 139 255 0 255 25 40 54 222 241
    204 248 188 0 54 217 48 195 217 255 39 0 14 35 135 255 0 10 0 0 249
    51 209 166 123 214 33 74 67 134 234 73 249 137 24 250 184 234 199 0
    250 80 41 0 152 134 245 156 205 24 255 0 11 36 255 0 70 0 255 203 0
    2 205 255 25 0 0 155 109 0 71 58 209 143 88 220 255 194 180 190 10 4
    126 251 72 252 255 57 242 106 6 88 178 0 255 0 155 255 186 0 255 255
    255 92 10 255 0 210 0 246 0 83 0 200 205 57 1 51 94 0 89 102 156 0
    255 0 139 255 207 255 1 134 255 53 65 81 0 105 147 204 207 91 29 255
    76 255 84 255 0 0 45 135 254 0 0 97 229 0 136 186 229 151 0 255 204
    13 26 0 155 53 107 40 92 0 199 127 96 202 160 213 81 255 32 21 242 0
    44 170 91 107 0 54 138 30 63 57 150 83 200 192 255 0 0 23 0 36 0 255
    194 33 202 186 158 0 232 255 58 178 230 0 20 255 0 255 143 79 225
    255 175 129 155 130 0 255 95 0 0 106 255 0 59 95 139 0 42 0 0 221
    240 255 5 233 20 16 255 127 255 130 0 255 0 24 104 28 0 255 118 59
    255 255 234 97 225 255 99 255 255 199 23 223 234 210 132 255 255 0
    255 215 255 41 46 0 255 209 0 145 4 58 255 255 129 255 203 26 255
    128 209 106 0 150 19 87 28 152 19 249 0 255 255 64 0 199 255 115 255
    19 238 255 0 42 124 145 101 229 255 26 255 161 151 0 214 177 77 68
    142 103 255 0 0 195 130 255 124 0 93 255 190 0 29 38 0 0 71 0 45 18
    148 0 12 0 38 0 87 255 69 0 14 241 0 0 124 255 0 0 85 26 239 249 255
    125 79 0 0 160 91 0 215 0 64 204 236 255 70 80 21 168 0 3 115 51 89
    255 255 102 33 182 255 40 0 57 104 9 205 226 202 140 0 255 162 16 0
    250 0 255 140 41 255 135 0 210 225 255 180 144 138 1 23 0 178 0 80
    255 130 82 138 0 95 134 255 255 255 0 46 125 255 255 101 7 80 229
    255 20 250 37 0 255 54 32 4 0 232 39 0 255 5 255 102 0 0 228 108 175
    152 0 90 45 255 107 0 217 231 255 91 96 235 80 93 0 149 6 0 255 4
    131 0 255 247 89 56 70 139 106 146 0 0 50 52 222 7 96 255 198 117 9
    64 0 193 0 230 227 169 238 169 255 8 54 0 92 0 110 164 124 0 157 91
    0 75 0 255 63 0 255 32 146 238 26 255 36 8 88 255 255 239 0 215 141
    115 230 102 44 79 255 0 106 0 59 153 255 216 237 238 10 255 255 235
    33 255 173 255 15 81 131 255 246 35 0 255 152 72 0 210 255 33 0 96
    11 143 207 0 182 30 57 226 213 149 255 0 4 98 255 255 7 0 0 0 224
    255 255 184 0 255 199 255 109 123 255 0 87 78 11 255 0 189 248 178
    255 78 157 81 0 255 0 37 155 50 225 10 0 11 255 151 37 118 0 0 34
    159 251 0 9 243 0 65 11 0 16 33 87 87 200 255 87 54 175 229 0 255
    197 215 242 208 37 95 255 0 65 255 112 0 3 101 255 78 167 54 67 10
    129 75 111 0 255 175 255 0 0 134 153 255 166 0 149 61 0 148 255 0 64
    208 255 137 128 0 17 222 103 0 0 228 0 167 0 41 51 69 9 149 105 255
    210 204 163 118 20 29 6 213 255 122 37 0 150 146 0 0 42 80 188 92 37
    255 204 47 5 0 43 255 255 65 255 164 255 0 255 23 139 78 0 255 15
    255 52 255 135 148 155 203 92 188 55 73 0 0 153 94 229 245 37 15 255
    157 90 168 51 169 0 0 108 136 158 101 255 0 135 116 0 174 203 0 0 0
    89 169 255 19 96 255 0 0 106 9 237 44 255 130 255 0 45 100 106 210
    184 55 0 255 121 100 14 124 0 255 229 104 136 20 158 0 21 33 242 247
    0 155 0 229 255 255 75 122 107 102 131 168 187 255 59 0 0 87 134 199
    124 4 172 36 0 35 0 32 100 224 85 0 59 68 115 254 255 0 255 255 0
    249 20 76 0 193 255 138 194 255 0 109 0 148 46 186 252 255 82 154
    255 212 139 255 96 0 1 135 255 0 0 189 48 0 0 0 54 0 121 174 255 159
    174 255 0 192 234 47 33 255 28 0 255 45 255 255 81 255 255 255 91 0
    0 42 99 0 0 245 255 188 99 255 213 18 63 0 255 170 96 255 191 111
    253 0 108 207 119 100 244 255 84 255 68 255 8 0 112 96 104 85 20 110
    0 92 144 63 9 141 118 0 127 0 155 69 152 255 0 255 146 58 163 0 39
    220 255 70 0 0 69 141 59 0 49 0 22 129 36 255 55 0 1 176 0 222 255 0
    0 120 255 42 133 129 229 218 33 69 7 105 26 0 0 146 0 245 0 255 222
    0 255 255 235 255 255 79 0 182 255 121 134 179 69 144 255 118 130
    255 255 18 0 172 76 0 198 255 255 28 130 150 200 45 66 205 255 88 71
    108 255 255 210 117 126 144 255 22 0 255 244 0 107 136 255 0 255 0
    27 149 255 255 37 16 144 33 45 255 241 110 255 144 0 255 92 169 0
    255 0 0 38 255 255 115 57 33 104 68 0 96 123 122 241 34 255 143 28
    255 180 84 255 255 224 207 213 248 26 245 118 38 255 237 173 255 131
    0 0 255 0 0 255 0 229 255 118 217 72 157 0 0 243 115 47 0 0 255 0 93
    243 135 197 92 121 255 0 77 255 1 110 24 85 255 133 155 35 166 27
    219 10 108 201 78 49 240 98 44 255 0 207 0 244 0 117 200 220 0 99 48
    144 0 0 0 170 21 0 236 255 181 0 94 193 57 217 42 255 6 153 79 181 0
    133 144 149 219 193 0 244 255 160 0 255 153 255 255 56 152 160 255
    247 0 91 16 143 165 41 210 255 243 255 168 56 43 167 0 59 26 98 95
    255 207 56 190 0 114 64 255 254 255 124 29 128 25 109 19 0 0 161 69
    255 0 136 255 0 190 225 225 84 219 50 255 176 0 96 195 0 161 0 255 0
    117 0 9 255 139 255 0 233 0 108 205 255 99 251 214 15 73 255 177 42
    235 250 255 63 0 0 128 42 36 191 0 68 3 39 0 255 30 216 168 90 255
    26 101 247 35 68 0 91 13 196 0 25 198 129 0 255 228 255 84 12 70 158
    255 249 255 242 255 114 229 0 27 180 255 0 166 0 190 251 211 164 255
    213 246 231 0 179 255 0 133 111 255 37 255 10 0 255 0 255 255 255
    154 255 228 51 154 123 152 0 0 151 80 255 123 255 0 117 52 142 14
    255 249 149 0 0 21 112 30 159 255 255 141 255 225 156 12 19 101 211
    212 195 17 200 255 0 13 36 99 107 255 232 85 59 98 203 237 24 147
    147 0 255 0 152 244 255 121 230 165 0 255 77 157 246 0 122 89 12 44
    255 0 239 255 186 0 143 0 0 166 255 185 255 93 255 222 88 0 255 173
    147 97 255 255 0 255 172 226 47 0 0 181 255 7 7 168 139 98 104 102 0
    115 58 0 0 232 135 201 21 0 102 238 126 92 90 255 186 58 235 255 132
    255 76 6 255 194 138 50 245 255 0 45 87 255 238 4 230 238 188 255 0
    166 252 35 0 202 0 0 0 93 63 0 124 64 255 173 243 248 238 136 216 40
    190 0 54 138 255 0 168 255 75 170 255 63 184 97 17 151 98 70 136 158
    9 255 255 216 46 230 183 211 141 132 255 0 15 255 255 112 255 180
    126 197 35 0 255 0 229 121 14 57 219 255 104 133 101 255 34 165 170
    27 255 186 255 241 255 173 122 0 255 114 77 33 128 255 87 97 0 255
    255 61 207 75 156 0 10 255 243 196 0 119 34 0 0 212 160 160 255 75
    105 23 162 255 255 62 38 252 0 255 255 0 57 43 195 255 255 113 255
    220 0 0 0 0 232 255 10 142 255 66 54 226 70 0 255 136 0 0 105 12 255
    255 2 0 114 252 204 90 29 136 255 132 255 21 115 0 71 0 194 66 78
    204 186 79 0 0 150 0 2 216 61 0 197 20 240 132 151 255 144 157 168
    255 0 147 163 43 49 227 255 255 0 108 199 110 124 18 115 148 255 239
    137 93 255 215 0 143 255 0 184 255 255 104 255 0 89 34 143 0 255 25
    176 255 0 213 61 255 158 255 0 227 89 0 0 227 241 255 193 101 255 10
    0 133 195 0 158 255 255 77 74 47 166 0 255 36 0 255 227 110 172 152
    0 9 99 217 7 241 196 255 0 0 255 90 107 80 242 0 83 131 139 136 255
    62 146 136 145 0 44 182 0 77 134 255 80 255 49 213 0 255 0 51 0 214
    0 75 0 217 0 2 0 0 49 186 73 0 0 38 0 0 255 153 125 0 0 255 87 198
    119 255 160 181 247 252 85 53 211 186 17 255 126 235 255 31 255 0
    216 0 0 255 210 255 231 213 255 173 255 142 100 71 23 192 5 134 30
    92 0 172 211 126 4 142 0 194 255 255 255 0 91 255 218 255 255 36 225
    255 44 255 108 244 91 255 42 106 222 214 37 152 84 247 229 120 56 0
    255 138 174 167 66 141 0 0 255 27 169 177 255 124 255 133 238 77 31
    255 0 255 121 255 255 0 66 73 255 100 215 130 0 255 47 0 135 149 165
    0 255 255 0 107 0 176 252 0 255 127 255 255 255 240 0 131 156 255 32
    248 255 0 151 0 71 137 0 13 0 255 255 0 181 21 70 9 247 186 197 37
    255 73 255 57 0 46 0 17 188 0 91 199 186 255 202 0 133 210 0 255 23
    156 255 23 255 191 0 139 0 93 255 0 127 75 0 255 0 157 252 106 0 107
    196 28 144 33 0 59 64 83 255 0 186 243 255 0 15 54 255 121 255 80
    144 0 147 0 10 255 255 0 133 62 62 24 39 0 145 0 177 224 255 119 233
    236 245 0 0 255 255 2 251 68 7 0 131 151 0 150 255 50 12 255 116 228
    148 123 96 0 49 140 202 145 14 127 194 255 241 191 122 0 92 168 33 0
    88 0 176 71 0 45 202 0 255 255 28 0 255 194 0 144 0 0 216 0 212 56
    127 255 0 10 117 227 255 0 93 255 52 209 0 0 255 0 184 1 251 0 166
    253 29 211 0 0 147 8 4 255 255 127 255 0 17 167 0 125 16 39 136 255
    190 187 155 62 235 45 0 152 114 41 96 60 168 31 112 255 2 42 191 0
    255 255 157 74 0 2 170 3 0 104 255 38 255 0 0 255 235 0 255 0 255
    234 0 208 0 232 0 255 34 0 100 99 66 7 28 89 103 255 0 102 25 0 205
    40 255 246 255 0 0 255 72 0 200 255 0 255 227 255 0 196 221 32 93
    193 121 47 33 110 223 189 196 53 191 224 0 77 151 183 255 139 215
    151 57 76 223 143 55 171 255 133 157 0 104 48 95 255 239 255 0 109 3
    255 129 76 90 79 173 183 56 54 90 8 42 87 255 152 70 112 226 191 0
    239 103 0 189 0 1 152 255 255 0 255 77 225 255 255 0 101 255 45 63
    19 65 255 255 71 37 0 151 201 142 187 15 0 0 116 194 7 255 152 0 132
    32 162 140 255 246 192 153 255 67 0 115 146 183 0 170 255 255 201 88
    24 129 255 255 143 8 255 233 13 38 0 255 255 5 213 255 134 255 0 234
    163 0 139 171 74 255 102 58 82 255 150 56 145 49 158 255 188 48 49
    227 255 67 60 68 121 70 177 114 0 255 0 99 10 255 0 255 194 0 255
    214 255 247 253 226 212 255 0 176 11 140 230 191 0 255 0 0 239 202
    95 255 255 171 0 0 138 226 140 255 0 0 150 152 255 0 0 255 101 67
    145 255 199 159 167 255 0 220 0 92 143 39 0 36 0 0 212 39 255 235 85
    255 73 68 255 3 221 0 180 255 0 74 140 0 23 240 255 193 0 190 89 246
    54 0 0 84 153 255 84 29 0 77 116 255 147 255 221 227 210 120 56 164
    255 224 255 253 0 222 88 255 203 0 255 255 100 8 113 255 255 120 0 0
    39 243 221 255 200 98 255 243 218 29 255 63 110 168 215 255 255 71
    108 39 0 204 255 59 255 100 255 218 201 248 255 0 48 0 7 0 0 188 0
    185 0 239 189 255 215 35 127 45 0 0 226 192 209 255 0 0 255 36 143
    181 0 136 255 69 154 0 175 74 168 20 203 147 110 236 185 218 199 0
    13 153 30 255 1 1 228 57 218 120 212 46 136 255 61 113 0 100 90 0
    216 181 13 163 0 255 96 204 130 255 175 35 255 142 0 0 255 251 0 169
    0 0 95 0 255 255 233 221 0 69 175 70 0 27 255 0 0 98 255 180 182 143
    51 0 146 253 255 188 255 42 0 0 255 181 255 9 4 208 0 0 93 203 0 200
    0 255 255 255 18 0 163 175 255 132 255 8 0 0 190 166 101 255 255 2
    216 187 0 255 0 119 255 137 216 109 102 0 49 9 39 146 255 202 72 86
    171 21 255 54 0 255 0 255 81 255 0 99 24 226 0 105 29 97 0 147 195
    172 255 35 255 0 255 50 31 117 168 0 53 242 10 143 44 25 185 88 255
    255 144 17 0 147 255 182 255 255 255 255 171 0 255 255 0 238 0 255
    255 158 255 0 255 0 255 167 27 7 49 94 174 255 197 254 14 255 155 91
    0 16 52 208 122 5 247 255 35 123 123 0 35 0 139 108 25 248 99 43 183
    48 0 105 255 255 174 100 201 121 172 226 193 211 112 38 182 253 204
    0 0 158 238 114 17 152 255 129 207 239 129 237 255 9 255 255 0 0 54
    0 81 156 59 209 0 255 255 0 255 184 0 255 118 184 100 157 6 196 104
    255 177 82 73 255 255 112 86 19 255 0 188 255 28 0 182 0 110 0 20 2
    0 255 18 0 217 9 255 123 210 243 255 0 168 199 255 0 147 21 241 164
    86 206 88 0 157 113 0 120 10 144 0 143 139 255 233 120 255 193 249
    166 0 85 139 29 255 22 34 173 48 71 66 243 255 255 251 255 255 255
    83 0 95 51 255 0 0 255 255 51 54 58 142 255 16 125 0 8 0 0 109 136
    169 28 89 255 191 141 0 213 130 255 122 255 0 131 111 187 242 255 0
    181 0 6 188 249 0 153 155 71 255 255 160 101 167 78 255 231 233 31
    255 255 207 178 156 36 12 228 20 134 71 190 48 16 221 0 204 0 48 0
    149 126 163 164 118 59 49 0 0 228 0 0 190 130 76 123 0 26 175 176
    164 255 229 214 18 255 236 182 19 12 64 0 245 0 80 3 166 255 253 87
    181 141 10 255 139 255 255 0 0 255 4 155 255 0 238 255 5 255 56 156
    255 0 0 147 0 126 65 20 218 0 0 255 66 74 53 195 65 0 23 131 95 73
    246 255 0 48 0 0 255 139 208 255 0 150 228 116 72 198 255 0 0 255 44
    255 76 199 255 75 255 0 141 162 176 229 255 255 255 78 137 234 13
    238 255 189 84 25 31 199 255 195 255 252 133 255 75 113 28 255 82
    255 255 17 242 197 178 0 177 96 254 255 255 173 88 226 255 182 178
    225 255 198 0 84 0 17 255 26 2 0 0 255 32 255 209 0 31 255 135 92 60
    51 255 36 109 152 214 255 40 144 255 255 148 53 24 255 165 255 61 0
    47 0 0 255 91 121 24 255 247 152 9 255 198 226 20 0 253 25 184 39 88
    255 0 169 4 219 0 155 138 0 193 125 250 11 196 126 47 204 49 24 32
    110 4 92 155 0 61 0 0 0 25 255 84 177 0 214 255 16 245 144 166 255
    28 158 65 0 255 0 12 255 221 0 255 97 42 0 218 0 0 147 66 84 54 170
    255 63 255 80 42 255 227 97 133 12 255 137 0 163 134 174 40 255 255
    70 255 255 255 0 195 168 145 0 255 0 255 167 117 4 0 255 0 12 21 188
    4 85 46 252 0 170 222 0 95 181 26 26 0 13 255 41 247 130 161 255 0
    160 0 21 0 166 0 140 181 255 146 255 51 203 61 248 216 249 12 255
    147 245 190 255 116 115 0 255 184 241 39 255 241 255 255 252 214 92
    154 168 0 23 187 0 116 255 116 228 151 253 255 104 118 118 0 0 81
    235 239 115 255 255 68 117 255 195 0 0 56 255 0 245 0 255 79 117 77
    255 255 53 230 240 255 234 17 209 252 113 210 255 209 73 59 223 17
    45 201 139 255 0 255 0 0 255 136 46 255 255 255 255 122 178 0 179
    182 53 82 223 6 3 223 255 0 255 0 33 35 253 255 0 70 133 0 120 244 0
    219 0 141 2 0 166 15 241 176 0 255 4 0 87 0 244 255 0 255 110 220
    193 255 132 215 25 17 0 55 255 0 174 16 119 0 255 67 113 54 0 27 255
    0 169 70 224 142 128 59 255 167 118 80 210 0 123 155 82 201 56 255
    171 0 93 33 247 79 11 191 225 255 0 0 89 0 149 215 232 0 0 241 61
    135 229 0 118 97 0 113 238 252 2 29 201 255 0 14 255 203 255 125 248
    255 127 162 255 223 255 197 26 38 207 110 170 139 76 255 203 159 0
    220 88 115 255 12 165 232 148 137 98 0 24 49 255 155 255 4 57 0 255
    159 72 223 0 67 0 255 114 255 49 0 255 42 130 255 135 69 255 255 255
    255 179 38 0 0 173 75 75 58 0 255 8 255 110 76 40 0 235 63 0 140 35
    0 0 241 255 255 33 255 207 23 56 152 132 0 231 202 255 3 90 50 255
    52 107 255 226 39 0 0 255 255 208 5 129 183 86 188 188 0 81 213 194
    225 57 255 0 13 45 99 158 120 1 255 185 0 0 118 247 255 79 27 0 255
    0 232 54 0 225 255 148 163 20 254 249 76 136 255 230 77 255 94 215
    45 16 0 226 255 100 254 93 127 15 15 190 215 138 114 0 157 255 7 65
    75 0 187 114 255 255 255 69 255 255 0 255 144 187 255 255 210 228
    154 164 62 134 255 107 204 97 72 0 149 196 13 152 137 155 255 0 255
    79 242 90 114 131 5 20 255 214 135 190 0 55 32 0 170 0 199 0 250 147
    0 255 133 0 83 188 215 6 255 106 164 243 10 130 255 255 125 231 146
    143 63 0 234 0 13 255 255 26 147 255 118 104 229 191 255 48 196 74 0
    68 255 52 255 255 255 172 107 5 255 42 43 180 255 255 129 148 255 53
    170 66 255 26 214 255 0 118 13 255 69 255 255 246 98 43 231 0 158
    194 0 0 255 54 0 255 235 200 27 209 255 117 0 0 246 0 10 65 139 232
    85 52 0 0 38 0 0 255 255 86 195 255 255 99 221 38 0 44 70 255 235 0
    54 106 124 55 192 255 159 162 255 0 172 244 90 50 225 170 71 183 217
    255 0 0 188 145 0 119 0 0 0 34 255 255 255 228 185 31 76 0 0 213 18
    66 149 0 255 94 63 36 166 9 0 41 88 62 0 204 138 219 190 179 76 160
    0 240 252 0 0 165 167 109 140 255 152 0 226 0 27 0 49 227 0 92 255
    203 254 0 169 214 190 255 203 79 243 221 234 1 255 192 0 216 0 255
    255 91 255 31 247 108 199 255 246 56 68 126 136 113 0 255 0 4 255
    255 245 255 255 112 166 49 255 0 223 188 128 223 17 177 84 247 11
    181 255 217 255 0 255 164 33 255 255 0 119 255 224 75 25 34 0 255 0
    0 112 255 0 0 197 255 255 255 170 255 67 188 165 0 112 0 144 255 0
    133 219 132 228 24 121 127 0 255 145 237 0 44 255 65 0 255 71 181 77
    123 53 219 93 255 60 0 41 233 30 237 152 76 120 255 13 245 128 123 0
    255 31 249 0 172 255 0 0 255 247 120 0 0 0 184 179 255 73 117 186
    183 99 16 20 76 255 7 101 241 144 223 58 221 255 98 36 70 255 121
    149 255 144 247 234 87 78 0 0 169 255 91 1 128 168 82 118 57 59 0
    149 255 0 196 43 255 20 83 255 0 0 0 113 91 130 0 22 255 181 27 182
    250 255 142 0 0 118 195 0 64 255 0 0 115 171 53 129 0 240 255 202
    255 0 0 41 255 164 33 120 57 82 149 6 57 0 227 255 139 255 180 235
    55 0 20 255 0 234 248 255 0 0 214 109 195 183 70 104 252 67 9 155 13
    255 23 120 25 201 174 0 0 0 50 255 175 0 249 106 134 229 63 39 255
    185 70 173 70 255 117 255 0 255 255 0 45 53 243 116 228 48 0 58 164
    255 150 160 255 0 86 0 103 159 21 255 240 0 58 255 0 90 131 0 165
    110 255 81 4 255 177 221 255 0 184 128 255 191 159 85 0 0 38 0 175
    119 0 255 126 255 45 0 255 255 0 15 78 199 255 71 8 255 14 55 74 29
    255 255 139 72 227 45 105 66 229 71 84 156 23 0 0 0 129 127 0 255
    255 100 255 0 255 255 255 0 186 116 52 135 255 0 123 255 166 255 184
    0 119 138 176 0 103 0 233 0 0 231 0 2 216 102 115 14 255 0 255 255
    127 20 209 0 94 219 0 145 147 0 113 255 0 0 15 173 255 0 0 111 2 0
    170 166 170 255 28 255 255 99 92 255 170 228 94 8 12 255 0 98 191
    232 0 0 71 33 255 0 21 255 0 0 255 87 0 39 214 255 0 210 44 0 233
    165 226 0 99 255 0 0 160 0 214 151 255 0 131 226 186 15 13 15 63 134
    0 255 230 247 74 28 141 0 32 89 183 96 57 255 252 0 137 4 0 215 0
    135 95 18 99 153 132 0 211 143 7 63 91 255 255 114 195 0 0 0 143 0 0
    76 0 0 255 255 158 255 255 224 215 255 143 57 0 109 89 0 96 179 245
    0 255 255 0 0 103 158 255 84 135 172 62 9 255 255 146 225 170 0 152
    79 24 104 85 92 163 45 211 132 85 99 0 152 225 0 172 82 255 230 148
    0 25 0 121 106 255 237 132 211 25 17 187 185 255 152 0 255 84 0 255
    0 233 255 99 0 0 204 127 72 206 255 9 109 0 161 213 27 201 255 0 81
    91 85 234 255 178 255 251 0 186 150 193 57 0 0 87 24 249 251 220 207
    255 155 116 141 165 221 175 4 232 221 218 182 255 223 237 196 127
    180 255 214 177 73 255 109 0 51 239 255 108 255 200 160 126 183 0 0
    95 138 170 0 135 150 249 242 255 163 155 58 255 255 140 255 184 117
    51 66 0 38 86 50 4 0 40 142 0 255 0 0 255 194 163 228 255 0 193 255
    152 114 207 190 98 255 202 19 241 255 0 255 237 0 28 255 10 110 140
    92 15 0 116 125 76 247 0 0 86 183 0 212 51 0 192 32 72 0 65 226 45
    69 255 5 193 96 255 216 228 255 0 0 200 255 229 0 0 255 126 0 42 84
    101 226 244 0 0 173 48 119 0 49 0 0 190 0 190 228 130 98 238 255 255
    7 252 0 0 255 107 195 229 0 183 112 59 95 225 0 0 255 59 46 48 209 0
    160 232 255 0 0 235 0 0 14 255 89 255 255 255 183 241 0 0 161 255
    252 0 255 21 0 0 255 65 53 205 253 60 5 211 80 112 255 100 223 0 9
    155 255 69 101 255 14 89 252 233 255 255 54 141 252 232 186 199 124
    227 66 252 0 255 35 18 233 84 128 138 144 0 0 255 113 198 255 50 14
    0 0 141 218 148 0 255 207 102 255 255 201 0 255 0 0 0 188 80 255 151
    201 183 0 255 69 222 0 59 255 139 255 233 156 64 60 19 255 15 255
    255 255 200 58 255 186 255 45 0 255 255 0 76 60 111 99 255 148 124
    255 0 255 146 0 195 255 0 144 160 163 188 192 63 255 255 255 255 0
    77 0 255 255 29 255 182 14 43 220 47 72 0 84 140 255 94 255 199 29
    255 3 0 255 130 250 238 84 98 0 0 255 45 101 0 94 90 0 0 56 0 208
    105 255 255 35 255 220 0 255 0 5 255 24 179 61 58 169 0 22 108 42 58
    73 43 0 163 110 93 55 141 255 201 255 0 255 255 251 249 0 76 156 155
    255 162 0 132 166 0 152 111 0 255 249 255 0 220 255 255 233 255 202
    120 161 0 227 0 236 0 0 32 0 66 238 186 207 0 185 110 255 132 36 0
    120 255 41 0 128 197 23 166 255 120 119 45 232 83 183 214 45 0 36 0
    118 255 48 143 8 71 0 0 196 0 58 0 0 116 0 255 161 168 209 45 232
    159 28 95 73 223 25 112 255 103 253 69 21 237 255 67 205 255 255 124
    0 98 46 0 84 0 255 110 134 255 158 207 205 255 179 0 166 255 0 160
    255 166 61 67 6 159 150 24 255 93 171 250 106 0 255 58 18 0 29 178
    80 255 255 143 0 61 227 3 42 0 110 255 255 255 226 255 219 179 255
    202 161 40 255 255 0 255 255 129 181 238 34 97 187 187 196 38 255 60
    25 26 5 223 0 0 224 0 52 255 48 91 87 255 112 11 51 8 0 122 28 0 65
    255 0 0 159 87 255 0 109 255 183 255 121 192 255 0 124 255 104 13
    255 233 0 0 31 17 89 241 67 0 0 164 31 255 255 0 255 255 0 0 150 157
    0 137 77 255 216 255 255 66 23 225 120 189 82 0 0 166 0 13 102 0 232
    66 127 0 0 0 37 255 17 150 21 172 240 108 14 255 45 31 255 0 87 173
    211 234 76 0 124 122 67 3 255 174 26 210 205 43 142 255 177 169 255
    104 169 191 255 79 255 0 17 0 45 255 255 0 174 0 255 255 158 255 0
    54 255 124 201 0 53 153 255 219 0 255 255 0 255 245 61 45 255 128 62
    143 48 120 255 87 255 255 60 122 255 133 167 54 170 23 208 255 255
    255 0 167 0 244 0 198 255 255 151 219 255 129 0 147 255 0 93 186 255
    209 158 81 42 17 3 231 48 0 134 169 36 255 0 158 255 0 159 0 70 64
    255 255 37 255 56 0 235 151 255 41 136 184 18 0 8 0 30 255 24 255 75
    181 0 255 134 0 40 255 0 0 0 0 77 0 159 27 255 247 155 86 239 85 198
    0 75 24 27 57 56 0 8 255 85 229 255 23 231 202 200 0 187 192 165 231
    62 255 184 192 175 66 40 255 78 255 255 34 91 255 136 56 255 158 86
    0 0 255 0 65 60 0 114 181 56 0 67 255 79 197 71 0 242 252 244 255
    255 0 255 243 104 0 31 255 249 33 227 115 166 208 16 0 255 255 255
    59 2 255 255 0 255 28 252 58 245 153 110 0 102 163 70 79 59 113 255
    255 37 96 0 225 206 110 126 19 177 88 0 255 204 252 255 255 255 0 86
    255 41 94 137 107 224 255 0 121 255 0 222 255 0 0 254 32 255 0 250 0
    255 45 241 255 0 233 179 255 73 208 255 25 0 217 123 244 0 12 101 29
    229 171 0 41 186 154 173 217 242 0 214 58 0 175 0 255 255 106 137 0
    62 215 120 0 30 68 207 107 217 173 236 255 99 214 214 0 0 255 152 10
    55 255 244 159 0 219 255 69 0 0 142 0 255 0 192 217 91 255 255 25 0
    161 0 51 11 137 93 201 28 79 255 170 251 255 22 211 172 212 255 177
    141 255 238 255 43 143 0 68 87 255 128 0 7 255 15 0 7 49 207 6 221
    255 193 239 114 145 255 126 255 115 154 70 193 255 61 249 255 0 137
    255 237 0 6 125 231 138 255 156 114 0 255 153 115 203 0 255 255 187
    25 255 228 223 175 255 111 180 153 61 90 62 0 100 2 50 139 250 199
    164 255 255 106 199 255 255 145 209 132 55 137 255 0 216 7 255 0 72
    223 0 0 255 183 191 0 26 181 70 255 25 0 136 172 173 255 223 2 173
    225 0 179 99 0 187 0 7 98 19 97 217 9 224 35 2 188 255 255 51 138
    109 92 255 138 0 199 130 175 108 0 0 255 255 148 0 0 173 0 22 174
    126 189 0 125 84 255 45 159 175 104 46 67 255 81 173 99 255 255 0 0
    0 68 13 255 0 224 255 251 192 255 162 31 176 255 3 0 203 77 0 0 0
    251 194 0 1 255 203 156 255 153 255 255 0 208 255 194 255 109 0 255
    38 72 255 210 32 0 0 169 11 0 126 255 0 0 251 142 207 0 122 224 55
    45 255 161 255 59 134 255 77 210 255 146 173 248 127 255 105 9 255
    46 208 0 0 226 255 255 145 255 71 215 178 180 0 18 0 59 172 93 159 0
    19 153 173 255 136 80 218 0 29 0 248 255 111 128 3 255 223 218 189 0
    34 255 63 0 176 255 189 0 158 93 59 65 195 168 0 50 137 41 0 255 122
    255 255 0 86 41 229 173 117 83 190 166 255 156 118 17 0 164 253 56
    117 156 177 6 120 64 57 111 0 255 80 255 0 173 255 78 255 103 66 110
    107 255 255 254 0 255 255 223 245 221 238 255 0 255 254 0 250 82 203
    0 255 188 235 226 255 0 13 107 0 93 56 239 138 25 144 255 0 50 255
    228 23 212 228 96 219 31 217 224 127 195 135 255 0 147 151 0 183 0
    69 192 0 255 4 255 185 0 131 90 112 162 68 244 0 255 33 255 31 56 0
    0 180 44 137 111 223 173 192 204 236 236 0 159 216 255 37 194 188
    197 111 189 0 64 36 30 208 202 25 255 180 255 209 255 255 0 2 121 0
    189 166 255 255 26 226 250 0 255 0 6 133 252 216 120 136 255 125 210
    109 164 255 140 255 0 211 255 0 255 153 255 105 11 0 0 172 0 255 69
    18 0 96 0 210 132 255 255 255 64 109 144 0 255 255 18 208 25 152 226
    143 208 255 68 237 38 207 255 255 155 0 240 193 255 255 255 255 255
    108 219 182 192 192 0 97 250 217 28 0 250 140 255 255 139 81 109 0
    101 0 255 129 255 186 0 254 0 255 0 0 0 82 0 196 155 255 94 255 75 0
    133 27 255 44 0 97 255 91 4 105 255 170 255 255 10 113 148 216 0 143
    0 106 93 255 130 0 255 255 183 255 201 21 0 255 255 65 0 255 93 234
    121 160 171 170 0 65 72 255 227 57 0 217 255 41 172 255 0 0 255 74
    75 192 49 0 40 172 0 36 0 46 153 207 247 0 201 242 106 0 0 183 195
    107 159 220 88 196 17 35 255 255 217 118 244 255 74 120 255 0 255 0
    99 180 168 0 33 255 189 0 29 0 150 133 21 129 255 210 179 192 0 90
    170 61 233 253 164 60 30 135 243 204 0 25 210 203 9 0 0 26 167 255 1
    248 43 255 210 0 0 207 132 141 0 116 255 93 216 255 21 255 96 0 106
    0 209 36 97 187 35 0 12 118 0 59 0 114 0 0 145 142 208 255 255 242
    33 206 83 0 0 3 154 255 157 204 67 187 255 53 255 21 173 255 120 255
    255 202 255 94 169 49 255 220 178 177 0 255 194 21 255 28 220 52 0
    112 255 0 162 19 172 56 255 93 0 47 143 0 255 9 14 255 132 167 255 0
    178 221 0 208 164 119 255 105 251 73 79 255 208 253 0 81 0 37 218
    255 196 69 126 0 119 223 3 83 75 192 136 103 255 216 74 255 187 2
    255 212 255 187 185 255 158 255 78 254 201 187 100 122 62 0 253 149
    0 255 255 29 0 16 182 247 0 66 70 27 255 45 255 97 57 72 246 0 251
    184 158 208 243 161 0 203 236 151 155 0 252 255 255 46 169 107 58
    115 30 0 23 29 142 255 208 202 147 198 57 208 249 123 76 219 249 0 0
    119 148 232 17 203 255 183 0 55 0 176 131 146 255 159 226 62 249 14
    7 71 118 211 255 228 255 253 251 201 0 193 69 0 38 0 0 124 251 98 81
    210 0 25 0 92 169 0 107 255 3 58 30 109 24 0 158 49 218 186 255 189
    24 155 0 155 120 11 255 0 255 0 255 255 75 24 255 0 131 0 35 0 0 0
    47 189 0 255 67 0 26 106 233 12 10 139 132 177 84 91 181 164 60 0 29
    0 208 209 113 116 221 158 53 0 199 149 144 141 19 0 223 159 8 86 0
    166 169 249 239 180 255 0 191 255 235 28 235 255 255 36 32 224 128
    255 141 0 21 28 16 255 66 203 0 155 255 0 165 0 59 86 0 161 73 141
    255 251 246 0 141 0 46 26 0 115 0 74 0 61 129 0 0 50 255 255 255 3
    255 71 66 0 27 0 3 255 0 181 175 240 145 97 255 107 144 255 0 0 0 0
    0 104 89 89 255 15 255 181 73 255 203 0 181 255 254 180 128 255 176
    255 255 171 255 83 125 0 0 0 99 155 147 0 112 0 48 255 255 255 255
    255 0 0 198 239 0 210 254 0 105 84 103 84 0 0 228 0 0 95 0 165 215
    175 152 255 0 255 175 177 210 255 255 164 233 252 143 196 44 255 0
    236 0 250 241 51 236 121 138 0 0 125 0 255 35 0 71 255 49 255 255
    185 0 255 255 251 0 137 239 255 64 0 117 98 188 141 22 0 255 152 255
    255 106 139 220 96 18 20 232 194 70 255 253 122 15 180 0 23 255 212
    210 18 101 51 180 0 118 0 147 0 80 14 0 0 255 172 83 255 255 0 55
    231 87 220 42 135 0 132 45 0 0 214 47 254 170 24 0 255 255 255 114
    105 186 137 32 255 0 0 236 115 255 237 151 116 161 72 206 64 255 69
    126 12 72 255 20 182 229 239 0 165 46 116 92 90 255 207 255 84 0 238
    255 70 243 44 0 214 55 199 0 255 196 131 146 248 238 255 0 0 75 43
    73 255 138 240 215 77 126 142 255 255 0 255 11 0 229 168 0 0 127 159
    0 157 145 174 144 225 0 0 86 0 139 255 6 179 89 33 255 233 191 46 4
    0 207 22 229 47 0 158 255 20 255 0 103 51 91 0 167 93 75 255 242 146
    255 168 255 128 203 121 111 98 178 255 116 238 0 255 255 97 255 133
    255 0 255 40 255 146 0 31 220 154 255 0 136 197 25 0 255 0 96 255 0
    235 118 59 187 255 66 248 0 62 15 100 71 255 233 52 86 89 189 169 0
    225 56 35 74 205 155 4 107 121 0 132 255 74 14 164 185 0 136 192 209
    209 238 62 62 232 201 193 158 255 16 0 37 15 170 214 166 255 158 177
    71 116 255 255 107 255 255 211 146 194 109 189 0 229 52 244 177 5
    106 0 16 12 174 30 53 220 34 131 212 74 237 174 17 0 255 97 0 86 36
    159 17 158 21 246 64 110 255 112 169 255 107 26 73 255 176 59 0 165
    241 224 68 241 188 0 127 0 60 254 136 202 255 0 255 0 55 0 160 156 0
    0 255 0 0 79 0 40 45 209 230 215 255 207 0 255 17 255 234 0 59 200
    111 0 0 171 159 255 0 0 235 240 255 0 229 0 190 156 26 102 0 239 61
    106 34 111 0 214 148 0 255 255 177 37 58 255 122 147 234 255 96 255
    61 0 181 183 0 255 10 26 72 69 255 100 78 255 255 63 59 216 0 0 247
    255 143 0 73 108 142 0 0 255 57 215 244 0 45 40 172 255 0 0 227 195
    218 71 28 171 94 43 255 255 204 178 255 255 255 112 131 175 180 39
    136 255 72 219 67 122 238 255 167 124 255 161 29 160 171 191 255 69
    101 254 255 255 255 177 255 15 255 0 211 195 102 64 49 242 150 197
    231 38 255 202 0 0 67 87 255 185 0 107 29 140 197 230 197 255 255 0
    93 253 255 0 0 193 166 87 0 249 192 255 255 255 255 255 0 143 52 0
    237 196 0 169 0 232 110 42 255 229 0 215 0 73 0 0 255 74 161 192 131
    185 244 0 0 0 21 88 0 246 105 105 0 68 0 255 255 222 34 205 255 104
    119 195 219 230 27 60 166 183 255 183 230 120 35 0 0 0 255 255 121
    189 238 255 80 0 0 44 254 255 58 98 114 207 120 105 0 0 140 177 102
    176 75 122 180 73 148 78 89 255 16 194 82 107 255 151 0 255 201 0
    150 255 255 0 255 106 0 255 0 199 174 146 249 206 0 0 51 176 90 72
    255 33 213 184 142 114 0 255 242 234 0 17 223 212 215 107 189 0 255
    18 131 189 255 255 39 109 134 255 231 82 161 255 0 72 130 140 92 255
    176 255 221 120 65 65 250 255 255 6 251 0 100 137 166 110 0 82 255
    255 241 87 255 61 204 169 168 0 171 156 0 0 255 255 255 206 98 166
    178 255 38 32 255 147 0 18 255 232 102 113 0 0 237 89 224 255 60 255
    190 38 148 92 202 132 255 118 255 212 0 255 255 67 81 255 106 12 192
    255 12 255 4 72 135 0 255 0 255 94 0 160 0 255 0 73 255 98 255 255
    255 16 0 0 198 255 96 30 0 87 58 255 97 132 180 31 40 192 212 240
    255 0 192 184 78 0 255 0 184 255 179 74 255 0 14 212 250 77 0 193
    145 188 15 150 9 44 255 188 255 224 0 81 255 141 41 255 65 181 100
    111 137 168 34 206 121 255 204 255 178 255 33 83 125 0 19 12 234 219
    86 103 0 0 41 33 147 0 101 232 73 218 160 209 28 214 200 99 33 1 255
    0 0 70 0 0 255 0 89 48 81 18 255 152 128 115 154 0 114 0 234 255 255
    220 218 255 224 27 255 0 255 168 182 0 139 0 0 94 165 87 247 0 34
    255 255 216 0 255 0 255 0 141 0 49 255 48 0 0 255 192 164 0 130 0
    207 0 0 122 173 29 31 49 0 0 171 255 0 12 49 223 0 55 240 218 93 47
    255 206 229 145 255 255 15 190 209 0 0 131 255 163 16 81 122 99 167
    141 255 0 91 255 5 255 255 255 255 194 213 151 0 191 0 113 0 23 193
    255 0 255 255 201 61 0 18 0 30 0 0 209 0 118 162 255 145 3 0 245 0
    255 0 172 151 117 92 81 0 186 214 166 108 57 13 133 255 236 0 255
    255 0 2 0 25 100 0 255 159 141 49 127 0 217 66 0 22 63 161 241 0 192
    0 38 97 168 23 0 0 106 229 0 255 210 55 203 162 90 178 200 0 255 0
    255 239 3 36 205 98 0 40 53 56 55 90 35 83 24 20 119 200 255 255 31
    171 169 0 127 198 0 255 0 255 0 0 32 255 255 18 255 255 70 67 255 0
    63 255 0 188 177 37 234 205 255 147 89 98 0 11 204 195 0 174 255 90
    255 44 80 189 76 117 18 240 0 142 208 104 26 148 0 255 85 122 129 0
    179 251 25 82 255 198 0 0 63 88 255 219 34 109 13 107 0 0 255 255 28
    97 184 177 220 7 0 0 0 255 0 93 123 167 0 0 21 51 44 89 96 255 116
    237 255 204 97 180 0 42 255 205 119 41 255 255 255 255 233 116 187 0
    255 199 224 171 153 112 194 0 255 126 0 0 178 0 222 0 65 28 0 103 24
    214 214 0 127 244 0 0 160 255 0 79 255 22 201 255 162 201 0 186 0
    150 114 141 148 248 54 227 252 255 213 106 176 63 221 0 255 158 0
    255 165 185 163 255 255 0 255 0 0 124 129 255 106 216 255 223 162 48
    130 1 255 197 142 123 0 255 186 75 106 92 190 132 117 206 149 185 59
    28 33 0 68 255 255 70 0 194 186 255 241 127 38 170 255 255 153 255
    200 241 166 251 218 0 0 0 78 0 176 0 16 255 154 156 141 192 232 42
    243 0 251 145 132 171 255 218 117 166 0 0 100 201 0 0 0 244 87 154
    200 255 0 221 255 255 255 255 0 0 255 205 22 255 255 10 103 153 148
    129 26 122 17 0 21 255 0 103 63 223 0 0 0 246 255 40 0 207 196 255
    184 11 231 0 255 63 186 0 0 126 0 148 167 0 142 59 0 228 0 0 0 108
    212 29 131 127 223 159 255 152 106 25 22 165 58 138 42 53 75 94 184
    13 113 180 187 255 103 0 183 210 249 0 228 140 0 132 165 255 255 196
    235 0 159 32 46 255 255 255 255 0 0 158 47 149 34 233 90 69 243 171
    255 0 210 165 72 242 77 255 123 186 217 36 0 135 0 0 47 254 255 254
    182 52 255 86 144 255 5 167 75 255 84 234 187 255 121 0 128 91 187
    68 255 255 0 200 150 68 255 255 59 53 255 171 125 197 75 55 173 5
    166 255 255 93 0 0 214 0 185 5 0 132 47 0 113 31 12 242 0 51 105 22
    255 244 0 145 255 117 173 0 149 81 85 208 73 0 0 46 122 107 214 189
    7 122 166 236 0 77 0 102 255 224 182 251 255 156 124 35 57 199 255
    105 255 250 255 255 16 0 213 255 64 180 0 172 12 171 0 0 0 197 0 25
    8 0 208 255 63 255 123 83 87 208 0 51 49 76 22 186 165 125 74 55 118
    255 0 169 77 34 7 28 255 91 194 194 75 0 255 255 73 22 6 196 255 165
    0 112 137 254 47 52 197 141 185 165 189 170 255 60 160 255 134 255
    230 156 255 0 60 0 255 161 233 255 96 6 85 194 140 205 144 255 78 0
    162 211 0 126 179 205 170 255 49 20 210 0 189 0 18 0 59 137 148 0 0
    27 0 186 81 53 198 236 255 83 255 73 204 109 97 0 246 62 179 202 156
    0 252 0 0 53 0 255 254 46 184 255 1 255 0 169 208 255 164 81 255 0
    136 255 255 176 205 255 214 0 248 0 197 255 126 197 58 150 255 0 79
    7 195 255 0 35 227 86 19 255 255 132 82 255 255 103 10 224 167 255
    255 135 255 233 87 81 143 220 255 183 255 166 182 106 98 255 255 0
    180 86 198 72 120 10 205 168 206 255 54 255 45 20 255 12 168 142 0
    68 195 37 0 89 0 173 228 76 136 0 23 0 0 157 235 122 189 193 0 61
    255 255 165 224 0 240 37 255 47 187 7 32 255 36 197 52 208 255 111 0
    238 48 43 0 72 255 173 127 151 80 255 221 0 255 154 131 23 255 255
    255 255 98 53 247 38 98 134 136 99 176 0 0 170 130 0 145 63 48 255
    255 38 176 255 255 0 21 0 3 90 0 0 207 57 96 0 0 160 255 0 0 255 0
    255 0 0 139 142 62 255 255 0 63 255 219 25 160 159 0 255 116 134 46
    193 109 114 0 187 182 191 255 216 2 236 255 158 255 0 255 84 255 0
    52 209 101 0 183 161 185 255 255 156 75 238 64 96 18 255 204 47 67
    244 144 0 194 97 219 255 70 44 0 94 227 44 60 27 124 255 0 76 134
    255 90 128 255 54 255 0 0 255 0 19 0 255 190 0 255 255 139 107 57
    255 155 142 95 255 69 0 255 0 0 255 10 228 52 0 255 42 213 0 201 234
    0 250 255 0 36 255 144 164 51 0 0 255 154 223 147 90 255 149 134 141
    24 111 255 241 67 255 105 255 227 32 184 0 179 190 0 0 0 174 255 159
    188 225 25 79 120 183 230 205 51 138 163 255 178 212 253 255 47 255
    158 106 0 225 192 193 127 41 197 199 192 17 225 0 0 255 6 190 85 101
    182 0 126 0 77 61 0 255 166 128 222 86 255 255 157 56 63 195 255 0
    202 255 0 58 0 156 41 0 157 0 255 255 119 255 255 0 255 167 255 38
    255 0 255 81 213 2 0 51 0 212 166 0 48 26 250 195 41 255 255 95 75
    199 26 0 53 194 153 218 115 255 58 82 255 167 255 207 232 0 166 160
    255 255 223 250 130 0 0 237 251 254 168 188 255 216 255 65 0 255 214
    133 95 54 173 114 255 0 146 67 122 229 0 78 147 244 181 255 255 224
    0 15 0 175 0 0 0 255 163 226 131 87 245 253 255 71 83 191 255 30 146
    88 182 181 218 18 0 0 255 255 38 255 255 0 96 255 165 0 255 187 255
    255 0 254 0 255 87 201 82 204 246 80 0 145 255 0 243 0 0 255 32 224
    62 249 199 0 255 0 255 0 163 108 255 75 110 255 255 234 106 112 212
    0 0 81 72 0 193 182 0 1 255 255 0 0 250 180 0 255 255 252 0 181 34
    143 92 4 243 80 163 179 90 79 208 0 0 233 254 0 157 112 255 122 128
    56 0 97 0 54 255 154 253 255 0 85 85 94 235 89 98 255 64 240 29 0 2
    255 252 62 255 2 255 178 69 0 27 0 130 156 12 71 0 15 57 0 255 31 0
    0 254 38 247 243 67 15 129 0 0 0 0 5 22 225 110 2 90 82 255 249 255
    184 255 246 120 10 28 110 80 0 45 168 0 228 237 255 18 245 245 245
    255 46 0 139 175 0 255 0 0 209 0 249 162 255 255 0 8 0 0 94 255 103
    132 255 255 161 255 0 243 255 82 45 36 255 77 255 178 255 147 17 218
    80 0 255 64 0 0 37 117 0 154 15 80 132 255 0 0 255 0 120 91 0 0 76
    216 255 247 223 255 71 232 228 0 39 221 228 79 83 255 87 111 0 143
    66 255 162 195 75 214 244 55 22 106 234 0 252 62 255 255 115 205 37
    0 91 238 71 10 255 235 255 236 159 0 208 224 46 79 255 156 220 105
    25 157 227 31 182 91 254 129 255 246 160 128 124 117 232 134 255 171
    10 99 255 76 126 0 4 213 212 157 124 0 0 0 151 0 26 0 0 112 255 162
    159 82 222 221 0 137 209 14 0 181 255 0 0 0 255 142 122 205 0 0 132
    223 56 15 255 45 169 168 255 140 255 0 209 223 181 255 255 255 249
    250 80 65 113 115 255 255 210 255 67 255 246 147 152 126 255 21 255
    187 201 127 0 34 0 100 0 159 237 194 127 3 32 200 8 255 240 0 3 115
    129 0 170 255 0 194 255 149 0 164 179 140 255 188 29 255 34 125 46
    110 255 0 70 0 0 190 201 249 162 16 255 255 111 50 204 0 65 251 0
    251 132 255 0 188 197 251 255 255 129 11 202 155 0 157 0 202 88 0
    115 0 12 112 21 242 0 225 177 225 255 0 0 68 195 96 131 157 158 151
    255 225 255 130 255 21 173 255 255 154 208 255 94 205 178 0 0 255 0
    255 255 255 255 82 82 255 0 59 0 0 0 203 255 0 0 1 255 255 0 0 255 0
    161 22 98 186 199 187 153 138 95 207 0 29 255 226 17 244 187 0 120
    166 110 218 244 8 255 116 237 23 0 131 255 0 0 0 0 131 78 27 202 57
    0 255 66 24 234 0 0 0 201 184 0 186 253 6 255 255 255 27 255 18 210
    174 84 255 111 40 83 54 110 0 255 255 255 216 2 95 255 21 255 219
    183 0 255 141 116 247 255 8 255 50 218 107 255 233 208 255 152 159
    121 27 36 66 255 38 0 85 245 28 142 115 255 255 142 0 31 239 210 181
    67 221 171 255 190 255 0 172 62 220 96 217 109 215 233 125 158 81
    255 255 0 255 223 162 255 255 0 0 173 0 255 86 170 176 255 158 0 255
    255 93 209 0 17 0 149 251 112 236 53 255 155 130 63 23 0 37 255 0
    171 86 91 0 0 131 59 255 227 156 4 255 0 8 228 255 63 225 159 40 255
    170 5 180 0 0 100 93 255 26 106 255 196 58 12 85 209 45 255 111 174
    189 145 0 155 228 215 2 118 255 133 242 213 255 100 248 1 220 75 0 0
    255 255 0 68 232 255 185 0 243 0 0 255 38 171 14 204 54 0 196 127
    176 101 0 0 255 15 122 183 70 255 0 255 20 255 84 0 179 255 37 150
    192 206 0 22 255 68 0 218 138 20 243 109 199 0 239 0 0 255 255 255
    255 141 220 255 142 0 221 255 12 55 255 255 140 0 231 102 0 129 69
    144 229 244 0 0 0 46 255 49 0 0 252 165 202 14 0 127 209 0 168 113
    21 25 233 34 231 188 86 255 0 255 0 255 101 185 162 0 0 65 197 14 29
    236 182 34 176 151 0 217 0 6 142 255 131 86 137 83 255 40 83 251 0 0
    197 0 250 144 119 21 255 47 255 0 255 41 176 58 247 204 222 0 0 149
    83 54 0 111 112 33 254 0 33 53 121 193 0 255 17 216 255 98 246 17
    255 0 40 255 226 19 51 134 155 142 255 255 255 255 255 0 230 24 228
    162 4 255 0 206 37 1 133 0 218 0 0 211 66 82 47 239 0 208 255 153
    255 181 255 0 114 210 70 22 56 0 37 19 61 184 201 255 0 55 0 254 24
    0 0 255 127 225 255 64 12 0 0 87 242 26 9 52 63 114 42 249 24 59 0
    255 205 32 234 33 0 100 255 97 144 255 0 93 255 255 255 244 255 227
    0 0 0 85 128 248 71 255 175 50 255 0 113 173 129 255 255 0 117 0 245
    255 0 133 72 165 0 255 255 151 255 44 93 29 160 255 213 203 248 2 82
    223 34 0 63 255 36 230 0 179 246 20 255 147 45 0 67 158 0 211 160 76
    0 255 22 17 255 120 143 71 95 255 73 250 0 133 84 255 9 38 87 255
    242 0 83 170 74 255 0 255 51 99 197 146 232 0 4 122 23 229 0 0 174
    155 148 0 242 213 0 172 204 60 255 51 0 115 0 255 180 90 53 231 125
    156 146 74 212 72 16 255 255 131 255 192 34 221 0 95 255 230 96 229
    70 85 0 252 255 84 157 0 107 56 0 96 251 220 80 6 41 255 196 132 0
    45 125 255 29 136 0 77 0 255 0 231 6 77 0 0 14 190 40 255 168 255
    168 99 255 255 255 255 111 0 255 255 37 0 113 188 73 72 77 228 255
    255 16 255 182 93 43 255 255 1 41 17 95 0 255 140 0 92 104 67 217
    255 255 255 194 255 0 255 172 172 133 0 10 194 255 0 0 33 215 117
    255 1 171 227 254 0 213 10 0 145 144 67 83 235 249 0 255 227 47 255
    28 255 199 255 14 131 73 79 217 0 135 49 0 35 130 35 90 0 238 255
    145 0 255 255 0 0 104 0 194 255 255 111 0 9 170 17 180 75 69 124 181
    173 255 209 0 0 23 13 41 166 86 150 255 230 255 156 54 184 207 255
    222 98 13 255 181 0 255 149 215 114 68 212 35 152 0 131 140 181 174
    142 255 192 0 0 7 0 196 148 213 90 81 255 255 255 4 0 0 215 59 210
    255 0 243 39 245 45 255 38 0 106 0 255 110 117 255 142 255 182 235 0
    48 0 255 0 240 55 255 0 255 0 57 185 115 68 255 136 51 211 183 180
    131 247 98 0 255 105 167 164 255 69 255 25 159 142 208 156 255 13 0
    4 96 0 209 42 238 230 0 255 206 61 212 61 220 0 77 205 115 134 4 255
    30 255 255 154 255 255 255 108 80 44 7 243 255 0 178 0 18 50 152 255
    0 255 0 210 180 156 255 130 0 181 119 64 198 0 153 250 172 243 5 61
    48 0 235 0 96 0 255 40 19 167 56 79 0 255 255 45 255 1 86 72 74 157
    255 204 0 255 24 255 98 208 255 27 0 207 36 255 255 0 255 231 28 149
    168 150 93 0 147 92 232 0 215 74 0 255 4 211 90 151 204 174 223 0
    221 9 0 224 68 0 20 182 190 0 143 215 0 213 130 255 255 215 255 96 0
    255 203 45 128 253 6 255 255 0 136 255 164 46 0 108 0 132 179 0 222
    129 0 38 163 253 123 254 199 222 14 25 132 255 212 38 122 238 102
    255 255 255 255 55 152 255 0 175 93 71 0 169 71 188 189 232 255 175
    249 190 255 87 255 247 223 246 255 255 255 172 77 255 255 109 162
    205 146 0 250 255 255 80 231 40 0 108 131 198 255 0 96 255 145 36
    179 255 140 81 61 255 170 51 255 255 79 146 255 133 19 115 253 202
    95 186 126 214 255 0 211 124 253 0 255 0 194 196 14 0 189 0 188 0 0
    157 0 135 187 92 166 255 255 255 129 253 62 130 232 0 255 64 251 0 0
    0 255 0 191 109 135 167 132 94 76 85 255 255 163 255 255 214 0 5 186
    2 212 255 66 255 255 5 255 244 140 255 223 209 255 70 255 255 128
    255 143 0 240 176 170 90 208 10 0 222 51 255 71 255 0 0 0 112 141
    167 0 106 41 3 255 83 0 153 122 175 57 2 158 255 110 46 128 58 37
    255 0 218 243 16 255 255 198 0 47 166 0 243 255 0 149 122 212 178
    242 44 98 36 35 0 220 255 164 255 0 27 255 176 255 77 155 49 50 229
    164 255 207 141 122 203 238 0 115 0 0 148 199 180 0 187 196 231 0
    169 0 163 0 0 19 255 77 117 200 241 0 139 0 156 255 16 33 255 29 0
    88 14 0 229 35 48 206 255 58 0 0 255 155 150 196 0 255 255 41 255 30
    0 0 123 159 0 222 149 150 255 255 243 233 58 196 216 0 255 255 107
    19 221 150 181 130 0 5 156 0 255 117 0 0 0 230 122 255 123 0 188 41
    104 0 29 0 255 141 255 12 0 162 36 95 27 0 255 243 182 255 91 42 0
    220 255 210 12 0 255 0 100 193 82 67 84 255 0 49 255 214 100 41 120
    15 23 255 170 56 58 149 25 255 164 42 236 0 173 52 17 143 134 194
    186 64 85 207 118 21 251 202 125 0 255 76 0 161 174 190 80 240 45 86
    72 0 63 196 208 54 255 255 0 5 0 234 64 36 254 0 0 255 255 182 204 0
    8 0 5 59 119 0 66 255 36 157 243 163 202 66 212 0 170 255 255 77 68
    31 222 162 0 192 179 114 155 0 109 83 255 119 255 47 255 31 0 81 0
    173 78 238 102 22 0 255 151 43 0 0 81 0 123 54 38 255 38 0 11 0 116
    157 238 247 31 134 255 91 255 59 255 0 199 30 0 59 86 117 0 0 255
    175 255 255 255 255 0 255 27 15 255 218 255 255 56 0 16 197 39 147
    255 0 0 228 101 255 255 157 255 235 255 134 255 188 255 17 209 93 0
    41 42 219 0 196 198 239 116 151 194 185 255 186 0 255 255 0 255 207
    0 0 255 255 255 0 74 155 0 108 180 221 204 68 194 92 204 75 85 0 149
    174 0 54 199 211 119 251 136 206 173 0 255 0 190 62 0 148 0 0 0 255
    17 0 167 0 255 3 83 54 108 168 237 69 155 255 106 31 49 66 111 103
    88 7 255 22 186 229 80 56 19 71 14 122 0 0 0 184 0 245 60 38 233 104
    255 227 255 73 236 255 255 134 117 232 118 255 0 0 195 118 255 255
    38 255 52 157 0 152 0 0 68 255 56 223 72 206 231 175 255 255 186 255
    159 255 223 0 255 10 149 9 162 100 160 45 32 72 11 202 255 0 70 167
    255 70 0 222 255 7 6 255 189 255 51 3 234 199 226 160 225 70 226 255
    254 255 255 69 255 202 255 223 45 158 255 255 0 255 9 35 10 236 255
    0 40 128 0 189 35 147 9 2 15 205 52 239 255 255 0 86 247 143 238 111
    162 142 6 84 0 169 77 0 141 0 0 25 131 196 8 255 17 119 97 139 50 0
    202 255 229 191 188 16 0 116 0 255 0 207 186 0 126 214 49 155 220
    255 196 194 255 121 89 12 0 255 10 0 126 0 0 255 255 3 0 255 0 255 3
    120 255 0 237 96 175 255 255 56 230 7 94 79 255 238 145 32 207 189
    29 253 179 43 8 0 255 227 255 127 255 255 109 108 0 255 97 249 251
    255 132 36 161 131 36 19 107 105 0 134 63 255 111 154 14 255 0 156
    255 0 35 240 0 255 0 0 255 0 255 0 49 255 178 0 255 190 0 0 0 255
    255 0 49 112 255 255 0 80 110 245 255 243 141 198 171 188 43 255 226
    163 255 102 0 0 74 177 193 255 255 67 0 120 214 0 0 35 71 217 131 53
    255 0 102 136 80 29 152 20 255 255 255 255 156 127 27 26 0 160 255 0
    0 255 0 49 92 0 27 254 225 0 98 79 0 67 142 165 39 214 255 255 2 255
    255 222 97 255 0 230 0 168 143 163 255 255 255 95 0 255 223 11 137 0
    0 255 255 199 255 0 0 228 206 205 17 1 88 255 255 0 255 13 160 208
    234 126 210 133 0 141 255 155 13 186 95 255 16 255 255 255 255 243 0
    0 236 200 255 128 255 0 199 255 227 0 255 255 77 0 213 127 31 148
    248 186 0 222 123 255 66 103 87 158 248 172 72 0 0 37 253 184 142
    203 56 255 130 230 116 54 34 255 174 117 194 150 166 26 218 226 229
    0 86 0 0 134 0 143 90 73 106 36 56 30 0 209 0 126 255 255 16 55 3
    255 255 212 186 0 229 212 114 138 85 75 0 48 31 232 0 250 0 63 199
    180 0 156 88 0 138 202 0 255 229 238 255 23 0 252 174 233 0 33 255
    204 187 87 0 201 248 223 125 236 145 0 73 0 5 239 79 170 255 0 63
    158 15 0 0 216 0 206 241 253 0 255 195 85 118 229 0 255 136 128 45
    140 0 255 209 238 0 72 130 0 201 0 81 78 71 0 168 205 20 255 209 157
    255 135 0 200 63 175 255 255 53 191 0 255 51 212 37 124 46 180 205
    203 118 70 0 255 106 252 158 255 0 255 95 241 244 0 109 70 177 200 0
    0 147 20 16 146 145 0 87 255 235 185 80 190 133 63 152 148 255 0 0
    209 54 191 85 157 0 198 0 162 66 111 0 133 43 59 0 255 43 255 69 255
    12 255 161 0 223 118 151 12 0 255 78 0 156 255 77 61 66 254 0 255
    254 0 255 255 79 98 129 255 156 146 92 239 196 220 255 241 241 190
    95 133 164 43 255 147 182 39 118 255 0 135 255 255 209 255 255 19
    171 229 63 0 88 0 255 67 123 229 190 203 0 117 146 0 248 223 2 0 0
    131 30 177 255 0 36 164 213 255 255 70 49 175 0 222 0 239 75 6 81
    127 0 0 0 205 162 255 214 187 228 255 0 125 56 255 255 7 255 0 0 11
    255 66 130 165 154 221 241 183 206 255 110 255 0 197 0 167 68 38 207
    255 0 59 0 255 255 255 10 255 0 255 115 0 0 59 2 255 76 168 53 41
    200 0 27 0 159 255 16 96 137 85 0 0 206 255 0 255 0 148 0 171 132
    164 0 227 151 0 0 17 128 144 255 2 236 66 216 255 121 47 136 6 127
    147 109 255 255 50 255 13 255 255 148 230 9 59 100 113 246 75 0 60 0
    255 135 255 122 199 255 179 0 211 255 109 0 255 255 244 114 177 54
    19 0 167 18 0 255 90 73 86 90 102 0 0 239 255 0 211 255 0 238 57 188
    255 253 95 211 62 255 255 79 255 198 253 40 45 0 213 123 155 134 141
    255 0 242 197 0 255 213 1 255 180 96 122 0 40 116 4 170 255 255 154
    255 111 36 116 0 4 169 0 0 59 255 224 60 191 168 255 255 0 72 80 0
    197 255 239 177 0 103 232 255 87 255 34 255 131 0 0 0 9 0 0 143 255
    255 0 233 0 0 0 44 255 0 0 137 150 230 150 90 201 200 0 255 0 0 203
    105 204 21 105 0 41 169 28 88 95 220 107 194 138 202 192 32 22 255
    246 0 223 255 0 255 255 184 255 16 204 0 255 207 219 0 0 149 0 0 255
    0 95 113 204 11 49 255 126 37 255 24 117 3 229 0 187 42 0 219 112
    242 0 255 159 15 0 145 103 255 164 175 39 0 0 147 0 215 0 136 255 31
    255 255 16 140 122 24 0 218 226 228 255 255 56 113 0 0 0 0 255 146 0
    53 178 114 255 255 255 14 194 255 255 65 30 0 127 150 255 0 245 196
    78 0 144 255 0 167 136 224 244 14 124 213 64 201 183 40 26 61 97 255
    255 255 28 221 168 93 229 187 0 0 104 0 255 159 188 255 211 247 209
    95 132 87 255 255 195 255 0 166 111 255 255 255 255 0 248 0 0 74 98
    58 39 245 56 0 255 165 12 255 255 255 1 243 76 87 95 255 0 168 145
    200 11 0 114 0 239 145 163 240 255 255 255 255 243 65 255 0 1 174 49
    194 255 144 0 0 116 194 0 157 255 54 161 226 29 0 104 16 188 236 255
    151 122 255 255 0 91 109 18 255 88 186 56 40 255 159 227 121 149 56
    15 0 227 190 137 88 208 255 73 255 255 72 0 25 255 0 13 107 86 127
    161 103 189 12 116 238 237 0 191 45 0 36 251 0 0 33 134 255 0 34 93
    0 92 29 96 3 98 161 0 148 66 14 255 72 122 34 236 229 255 255 25 137
    98 174 0 153 225 198 85 0 159 0 10 201 0 182 207 0 183 255 255 70 25
    255 225 15 204 0 255 87 147 0 0 255 2 185 255 52 2 18 255 78 71 239
    78 255 7 248 18 203 80 62 0 196 255 113 195 0 0 196 122 75 165 211
    255 255 18 82 60 244 210 25 0 176 0 0 150 57 0 203 239 122 36 186 85
    168 89 0 107 255 235 0 191 255 255 50 0 253 201 167 153 92 117 190
    154 78 255 255 236 229 164 6 157 0 0 0 252 109 137 127 160 0 156 79
    255 223 109 255 246 255 149 0 68 255 218 210 255 112 255 146 182 255
    168 161 15 0 0 14 39 255 0 255 180 238 222 165 255 255 0 0 255 20 49
    233 165 115 51 154 255 222 32 201 143 91 148 248 255 255 0 110 255
    255 255 255 194 80 242 78 136 145 255 0 255 255 189 171 78 0 0 255
    141 144 24 255 16 0 229 20 231 121 255 148 126 152 255 52 0 15 242
    68 189 75 116 74 0 0 108 41 255 198 255 0 44 58 255 72 46 255 1 0
    238 255 255 0 202 145 70 3 0 198 0 0 22 255 177 27 241 94 245 0 0
    147 0 92 255 24 120 0 250 206 24 0 255 173 212 255 52 34 255 231 54
    124 255 62 117 182 53 60 0 46 191 177 255 255 193 255 0 160 0 255
    245 17 255 0 0 171 255 91 199 196 44 22 93 1 0 17 141 240 255 180
    251 206 0 255 0 9 142 151 0 106 255 138 7 41 231 176 0 73 255 255
    164 0 255 255 14 49 119 0 0 140 94 0 0 186 7 255 255 43 14 0 255 0 0
    255 52 64 110 0 64 54 245 255 0 182 128 0 0 0 165 0 248 107 0 255 68
    255 255 0 14 20 233 158 0 0 21 110 66 178 187 131 229 124 129 161
    112 197 229 72 82 7 0 253 213 49 31 0 73 28 202 213 0 179 0 255 24
    255 106 48 164 236 255 6 100 255 36 149 0 255 0 229 125 122 58 189
    106 156 18 129 248 147 227 137 0 8 255 242 163 235 212 221 255 255
    217 149 69 43 255 246 255 221 158 0 201 141 110 198 78 40 95 0 255
    179 46 185 0 0 47 255 215 0 255 255 95 16 121 103 116 255 0 98 229
    243 108 57 52 184 216 236 0 58 230 61 113 59 254 0 114 203 64 0 84 0
    255 134 70 6 255 0 255 255 203 163 141 115 154 95 0 1 255 9 255 87
    110 47 112 0 106 255 148 159 220 206 0 209 149 255 36 17 0 134 30 0
    248 158 255 126 117 237 75 255 234 38 240 125 255 255 255 255 255
    255 241 151 236 156 0 0 0 115 103 233 215 87 196 255 98 45 0 255 0
    107 157 157 255 35 0 255 169 61 255 0 255 143 0 255 0 149 197 255 0
    213 255 255 0 0 22 85 0 143 157 217 122 104 0 244 254 130 0 206 255
    69 231 0 0 255 118 97 0 91 255 180 0 143 0 255 0 129 86 0 255 103 28
    255 129 175 0 255 70 97 255 222 255 0 254 246 0 255 0 138 255 56 198
    89 251 0 255 206 248 152 213 66 49 160 54 194 13 79 204 0 109 248
    107 6 231 255 211 0 86 255 160 0 0 0 106 0 189 255 183 0 70 0 203
    255 106 255 109 216 11 255 235 187 255 128 255 164 210 146 98 230
    255 255 34 172 0 255 85 0 0 255 255 144 169 0 255 44 165 255 255 222
    255 199 139 130 51 197 146 18 0 179 203 255 0 181 0 171 45 214 177
    252 255 0 180 36 160 255 104 0 10 2 198 46 255 0 255 95 5 77 0 111
    154 255 166 4 166 0 209 147 189 199 255 202 25 16 0 193 152 0 143
    141 125 16 255 255 74 249 245 117 13 203 84 0 152 0 21 76 69 250 0
    86 85 128 97 65 128 178 0 30 145 5 0 212 255 68 255 0 213 101 0 41
    55 255 156 255 255 0 0 228 37 255 255 36 255 168 0 123 172 31 255
    114 0 82 212 233 28 141 213 255 46 255 153 105 0 37 164 108 152 255
    255 0 255 98 232 177 0 136 255 0 129 192 0 182 255 255 255 16 151
    255 90 253 119 110 0 186 0 133 221 0 78 116 255 174 255 206 255 1 13
    156 56 100 173 83 238 59 71 23 0 53 255 112 255 166 90 255 56 92 85
    0 200 255 0 255 247 210 205 221 0 121 0 255 0 46 101 173 53 65 255 0
    76 43 169 124 220 0 225 255 255 179 104 0 0 0 255 96 191 255 177 0
    229 197 255 41 171 64 208 218 186 124 0 255 0 60 131 200 102 0 226 0
    225 228 120 45 228 255 0 35 254 0 255 0 207 181 94 8 82 118 44 255
    255 0 255 174 226 33 22 97 154 46 137 228 0 204 255 0 70 255 0 93
    130 164 1 255 142 255 155 255 255 9 0 86 0 255 181 8 140 0 255 23 56
    255 18 203 0 255 65 159 245 0 29 255 0 50 192 34 184 0 255 148 0 186
    62 255 102 36 78 0 255 36 0 42 191 165 0 255 143 255 0 73 0 249 113
    168 95 102 237 160 220 0 110 255 131 58 237 55 104 106 0 114 2 0 24
    5 255 21 0 249 0 178 161 121 31 0 208 243 51 177 194 227 185 97 0 61
    0 255 24 255 0 77 104 255 255 231 255 70 255 43 226 80 253 222 0 255
    85 178 114 26 95 69 57 16 76 0 190 62 165 201 200 47 240 255 17 0 0
    255 149 29 198 24 179 255 255 255 102 255 217 0 226 255 11 155 124 0
    147 0 183 57 137 255 0 42 255 246 134 9 0 0 195 0 30 62 211 255 58
    75 255 206 152 0 124 103 230 74 110 15 131 21 255 0 255 0 188 255 0
    0 158 0 0 252 244 144 255 249 95 160 0 79 0 162 0 255 44 255 237 255
    255 73 255 20 0 138 131 211 18 69 255 0 137 48 0 243 28 255 92 87
    255 0 0 197 255 0 0 74 28 157 25 255 116 106 80 173 235 255 0 236
    205 255 0 51 13 229 255 0 187 33 180 70 54 79 75 157 69 255 219 0 0
    175 0 86 198 121 0 136 0 255 74 196 242 190 0 0 0 203 2 136 229 68
    84 88 99 188 27 255 0 168 143 66 232 255 0 228 153 12 196 123 66 238
    91 255 182 255 230 98 205 95 157 48 78 178 162 86 102 51 63 255 225
    11 0 255 255 67 108 14 190 134 61 102 0 168 0 128 0 47 230 103 240
    255 152 141 0 254 10 248 0 255 0 0 255 116 133 202 125 195 0 255 0
    255 130 198 0 199 62 225 196 117 120 0 255 2 13 177 21 0 20 151 179
    144 58 255 107 69 90 0 255 4 115 0 44 128 0 189 255 255 53 7 27 233
    41 242 255 176 187 137 0 0 167 173 223 255 112 226 0 255 255 189 255
    36 187 0 81 253 220 162 55 200 0 5 162 209 255 21 221 0 222 5 164 0
    95 171 255 62 235 66 0 184 0 0 255 216 69 0 255 255 255 242 188 160
    206 250 120 255 0 255 0 121 54 0 226 0 255 255 113 255 0 255 0 255 0
    186 190 22 255 166 66 102 0 43 63 44 255 70 23 184 4 0 255 0 55 27
    205 31 181 45 38 178 240 0 114 255 56 255 14 244 0 255 41 0 245 56
    135 0 0 127 225 255 0 255 0 45 27 255 245 152 0 167 0 81 255 233 19
    33 247 0 0 51 149 41 27 26 10 216 79 48 186 218 161 255 99 0 98 255
    53 0 84 194 89 165 46 219 20 54 185 0 90 0 59 128 0 0 255 255 255
    248 125 77 255 180 218 255 255 91 11 0 0 128 0 0 0 43 255 38 125 149
    45 191 230 3 61 127 144 180 153 97 10 116 170 0 211 84 165 58 28 255
    132 0 255 246 159 81 135 255 255 118 244 13 0 135 183 90 255 255 84
    255 217 250 255 0 194 3 46 255 113 218 3 0 94 7 0 200 255 0 200 166
    198 189 232 255 43 105 219 0 157 230 93 213 53 241 0 40 126 179 110
    41 179 128 21 255 0 0 110 72 255 0 255 61 2 0 255 255 123 255 0 219
    73 138 0 51 172 152 0 0 0 181 174 0 255 50 249 0 255 255 255 45 255
    78 255 2 178 52 190 33 125 255 0 202 155 116 129 28 0 255 197 255 60
    255 242 140 80 149 168 134 74 255 253 208 249 0 19 133 139 255 0 255
    165 8 163 17 8 255 0 0 0 255 0 115 200 181 255 229 0 255 64 255 255
    19 255 0 223 255 200 160 72 255 255 114 0 0 107 141 0 0 255 0 65 19
    255 236 72 145 45 255 209 210 203 0 40 134 102 0 60 0 255 255 4 255
    210 255 255 189 255 165 255 0 222 159 0 62 120 205 227 114 153 50
    255 116 188 50 182 0 255 0 156 216 216 56 85 15 183 97 0 0 40 112
    255 255 255 206 71 136 92 212 0 59 255 255 65 50 70 255 187 159 123
    168 46 172 241 221 0 0 86 1 176 2 199 14 0 255 156 148 255 13 170 25
    113 143 154 80 139 0 99 0 190 239 0 195 20 255 97 0 196 0 255 83 115
    228 23 255 79 0 155 43 10 42 109 13 0 119 103 2 255 7 40 255 19 0
    120 14 255 81 119 255 0 255 0 81 246 0 255 87 228 2 105 28 41 4 201
    160 206 255 208 255 152 255 255 170 194 72 108 76 255 14 76 255 0
    255 0 255 0 0 255 255 5 255 112 24 200 217 217 255 24 199 0 232 27
    255 236 238 95 238 66 199 102 76 191 172 0 63 3 0 238 255 0 84 0 53
    199 63 45 0 0 168 116 177 0 255 255 29 216 48 52 255 120 40 238 156
    255 95 0 0 255 132 72 253 151 255 91 255 50 255 109 0 255 46 0 214
    255 0 255 36 111 255 255 0 255 69 73 0 243 138 0 124 111 168 0 231
    73 0 226 72 17 135 189 255 249 0 78 0 213 118 139 255 208 111 0 252
    0 0 0 77 45 0 0 113 228 0 193 255 0 0 34 0 132 144 255 137 94 0 208
    168 51 255 192 255 30 0 255 100 255 0 255 0 0 35 123 151 255 89 255
    255 255 78 232 255 255 255 0 255 254 212 145 122 178 236 10 255 107
    0 255 7 42 102 29 5 15 255 113 2 217 62 0 0 224 0 62 71 173 23 255
    255 239 182 255 255 0 229 255 0 150 255 235 199 15 255 17 110 156 0
    245 172 167 255 13 31 255 214 194 63 239 207 132 241 255 211 78 248
    255 255 255 141 89 196 83 90 0 158 202 126 210 245 28 194 0 255 0 19
    0 255 103 140 255 0 0 255 248 167 255 204 46 153 0 252 152 0 255 0
    191 3 33 43 39 255 67 246 74 84 0 29 200 0 9 255 255 249 27 255 0 55
    104 169 0 255 2 0 255 255 181 255 63 80 217 255 255 66 8 151 86 180
    162 201 255 0 68 61 205 0 0 0 33 189 61 0 255 237 35 39 78 109 253
    27 255 42 80 255 125 0 0 26 173 94 255 32 98 1 255 0 173 0 178 186
    216 0 7 0 255 255 237 255 248 1 167 0 0 255 35 68 191 255 142 0 85
    255 207 255 255 255 103 24 255 255 99 211 0 35 220 0 255 140 19 10
    229 255 45 255 239 255 174 17 255 255 0 44 143 0 232 69 226 124 16
    153 137 0 0 255 255 16 65 113 36 147 255 84 255 105 255 185 125 5
    255 255 136 8 158 75 172 165 98 43 255 240 217 46 0 190 0 0 0 134
    182 83 105 92 0 55 0 15 214 94 241 39 213 230 59 105 81 0 118 108 54
    153 165 255 255 118 255 161 231 174 172 103 0 121 45 222 162 0 0 217
    255 67 113 212 255 168 50 255 0 29 98 228 10 71 255 50 107 255 255 0
    100 0 255 22 255 255 129 0 0 0 0 255 255 255 80 241 255 59 245 236
    64 255 255 175 124 228 0 0 165 1 247 0 166 179 12 161 0 229 47 0 255
    247 0 196 255 255 42 78 34 82 19 255 215 11 182 129 140 211 115 2 89
    0 255 255 115 5 116 255 13 255 255 52 117 255 175 35 120 0 0 255 204
    216 160 255 255 6 0 255 63 145 213 158 239 130 255 255 55 219 243 69
    185 0 213 113 16 228 131 17 219 104 255 255 0 0 18 9 29 247 57 0 107
    0 221 255 255 63 64 209 0 255 72 149 255 123 167 68 124 0 11 0 208
    203 96 255 202 39 255 0 107 197 255 0 175 255 69 174 74 0 255 131
    234 236 73 31 0 74 108 44 65 251 255 255 0 0 0 0 63 255 86 41 0 144
    190 174 0 140 255 255 247 15 255 0 47 136 97 60 118 28 230 164 255
    255 0 42 108 29 255 81 0 39 0 255 0 229 89 0 0 255 11 255 46 255 243
    0 176 255 47 40 104 95 78 158 44 65 255 200 255 245 0 93 0 0 2 255
    133 174 0 189 103 49 255 13 126 50 0 128 0 255 255 208 241 114 0 209
    13 255 37 255 173 34 255 255 6 203 0 255 46 187 131 211 247 255 80
    26 46 0 215 99 0 81 115 65 98 151 0 99 123 219 225 230 17 3 112 0 0
    197 255 226 245 31 33 236 254 104 236 118 79 0 255 21 130 255 73 248
    74 255 22 192 84 2 217 255 0 88 27 255 255 255 255 39 181 0 98 58 0
    44 191 244 0 255 249 91 255 204 255 183 255 204 2 255 255 110 255 43
    123 93 68 255 0 242 0 35 255 182 209 255 153 122 193 255 255 11 138
    0 49 118 70 253 255 69 255 105 150 16 233 103 52 84 231 0 0 189 89
    86 120 0 241 15 0 57 216 79 255 147 0 219 222 234 255 4 255 172 13
    109 50 196 193 96 34 142 184 255 191 190 255 0 119 211 255 78 0 255
    94 162 255 137 130 0 255 255 0 197 130 83 78 129 53 44 25 250 255 0
    0 236 129 255 109 136 235 66 0 0 118 0 49 47 96 86 141 112 89 153
    255 191 0 0 68 255 11 249 119 244 201 81 0 183 35 238 131 15 145 143
    0 43 180 255 0 0 38 0 255 45 130 255 0 73 0 255 198 0 107 218 255 0
    202 255 255 255 124 164 91 59 3 164 71 0 0 0 215 255 0 0 188 144 68
    80 0 255 220 118 149 114 90 59 238 114 94 0 253 250 255 0 134 173
    247 0 173 0 255 255 0 255 255 255 255 199 73 0 0 102 0 19 0 224 69
    90 255 0 26 80 71 68 255 105 78 107 90 255 0 255 0 45 255 0 65 235
    205 26 0 193 241 0 132 78 144 159 255 0 175 190 168 0 255 199 106 0
    0 27 0 85 168 0 170 25 78 176 251 94 250 255 0 0 255 170 229 0 185
    255 246 0 255 16 207 120 227 0 0 255 255 81 132 166 0 0 180 172 0
    197 106 255 179 35 120 140 0 0 42 39 133 255 255 49 0 18 212 0 190 0
    0 255 138 255 212 255 138 255 0 0 255 183 136 255 157 16 89 214 0 61
    255 117 85 137 255 166 145 255 0 114 0 175 79 167 176 187 73 191 7
    192 120 194 103 255 105 149 140 247 180 255 0 5 114 82 0 82 18 0 0
    255 0 0 62 231 110 0 255 0 255 0 175 193 0 255 136 0 255 255 255 86
    68 0 218 140 255 0 185 255 21 113 0 255 21 106 46 0 255 0 96 200 214
    210 7 255 153 170 60 23 171 255 44 119 167 250 30 88 255 225 0 0 255
    252 159 227 255 255 0 255 255 48 255 255 207 83 182 0 72 115 255 0
    35 255 3 255 0 255 0 54 255 74 145 0 26 131 0 73 175 0 76 217 89 132
    82 207 159 80 255 42 255 89 30 165 241 64 0 16 0 48 0 0 255 128 93
    255 255 187 53 255 81 132 19 255 0 255 224 255 244 242 193 0 255 163
    194 255 200 9 0 255 255 0 161 0 58 255 0 27 92 0 27 14 0 26 108 255
    203 249 255 38 53 255 255 255 255 180 157 255 0 224 220 86 255 88 0
    255 0 0 215 187 201 83 255 89 255 178 118 36 194 25 0 245 246 148
    182 255 255 167 255 3 142 255 16 218 217 224 255 0 27 255 0 217 129
    126 255 67 150 228 0 255 121 0 236 255 0 0 238 28 237 206 174 0 131
    62 157 0 171 238 0 156 255 0 22 194 106 1 6 255 20 12 3 227 116 95
    37 255 0 117 129 43 255 255 103 255 255 0 160 230 239 213 4 246 109
    255 255 255 85 243 98 102 199 255 0 100 181 255 231 14 255 13 96 96
    255 255 121 172 255 167 206 118 255 240 74 0 245 143 64 255 0 147 45
    3 12 0 0 169 81 0 18 163 2 255 134 230 229 160 0 164 0 183 200 0 169
    221 82 0 2 255 100 255 0 255 0 197 0 255 255 72 0 255 0 255 78 163
    241 14 162 232 0 212 167 202 33 172 126 0 210 19 255 255 180 123 167
    231 22 233 125 255 142 182 9 255 36 101 162 0 157 57 66 0 183 92 252
    159 70 0 2 0 225 254 80 211 0 57 0 211 158 29 33 0 255 0 2 46 234
    201 217 143 82 255 22 174 103 225 255 0 255 220 255 239 78 255 178 0
    0 0 255 255 216 123 31 0 20 173 67 194 255 0 72 4 195 147 84 73 213
    115 109 26 25 255 255 109 251 42 36 84 161 143 115 224 58 145 8 0
    255 155 10 195 255 135 190 0 91 240 121 105 255 255 94 255 45 0 79
    255 27 160 169 0 0 185 88 70 255 174 255 197 57 168 44 0 238 0 14
    102 43 179 231 90 189 255 236 5 255 13 48 160 255 232 0 0 0 255 15
    85 255 135 0 255 255 1 29 255 82 14 0 62 237 163 42 0 185 61 0 183
    79 42 98 0 211 255 0 216 255 128 0 255 191 41 189 119 37 255 246 150
    165 255 255 53 255 161 0 198 250 255 64 111 146 43 255 0 150 208 0 0
    0 0 255 135 255 251 0 0 142 255 108 0 182 200 0 221 220 255 120 0
    178 255 255 238 255 9 46 75 0 0 44 127 234 202 255 46 63 255 21 255
    255 207 190 255 159 0 223 5 22 138 255 255 55 24 197 0 0 56 0 84 13
    77 255 95 40 202 66 171 0 177 65 41 217 190 190 255 255 171 0 140 50
    255 0 246 0 0 110 69 147 255 141 255 0 255 0 0 53 58 27 69 155 255
    61 255 31 163 51 230 157 182 187 102 255 0 204 98 1 0 255 72 135 0
    255 161 176 255 255 240 89 52 209 255 171 151 209 0 255 160 25 16
    199 20 0 249 205 255 36 91 1 109 186 255 255 132 213 157 133 195 162
    245 154 172 64 255 255 237 0 145 253 196 198 32 0 128 0 132 255 119
    224 255 176 148 0 208 0 10 255 59 59 238 89 68 210 137 61 215 104 94
    164 0 52 146 132 128 189 188 220 121 46 243 123 254 255 52 255 58 0
    223 105 119 48 158 63 229 0 255 185 229 73 27 79 207 147 255 69 171
    109 18 255 0 207 255 0 25 0 216 204 0 247 255 26 141 14 161 0 65 221
    0 253 98 0 51 80 142 23 135 0 165 14 255 255 84 209 225 255 235 184
    126 210 250 70 231 50 0 228 69 0 255 141 12 0 162 57 0 249 30 0 255
    255 86 11 131 255 26 255 0 0 135 255 117 215 255 46 226 160 0 122
    255 214 154 155 1 247 94 255 89 170 244 170 0 204 140 198 255 5 255
    204 97 136 204 83 217 0 206 173 255 51 234 182 30 255 255 0 255 0
    255 255 255 245 0 248 11 74 13 99 255 242 255 51 193 255 119 246 114
    212 213 255 157 89 74 6 0 1 0 43 170 7 255 255 107 255 0 255 0 0 118
    0 105 166 243 0 164 229 16 0 0 224 176 50 133 95 53 0 136 0 236 255
    246 179 255 255 161 241 203 220 215 74 104 199 119 229 255 176 0 211
    28 0 139 0 255 218 0 178 144 8 145 0 0 0 193 142 182 204 123 0 198
    132 101 255 52 0 56 53 255 0 161 235 255 0 231 73 255 178 97 140 109
    21 234 0 255 196 8 98 255 4 255 255 40 120 192 0 202 0 37 255 225
    255 255 128 184 2 255 134 103 0 0 0 104 255 146 0 0 102 176 0 22 0
    255 31 0 249 255 0 1 0 226 255 16 255 0 255 184 255 205 39 75 35 245
    0 0 255 255 160 144 0 238 42 255 32 0 217 101 37 112 94 123 247 187
    255 64 0 250 109 0 0 0 255 158 223 255 255 237 132 43 255 0 0 255 0
    0 255 0 151 205 96 0 6 255 19 162 74 121 0 79 33 216 0 232 198 117 0
    255 178 116 0 235 219 10 83 228 149 146 45 46 34 190 255 101 4 0 0
    175 0 97 226 21 106 0 70 255 0 247 0 189 0 157 210 237 255 4 0 57 41
    94 31 182 79 47 0 255 242 217 149 0 0 66 193 204 0 250 0 122 219 164
    211 147 35 51 12 255 255 255 255 255 247 180 0 241 248 78 42 116 46
    187 195 255 209 46 130 255 0 12 114 156 50 255 0 3 98 150 237 137
    201 159 15 0 17 209 0 212 255 255 0 0 178 63 203 218 0 137 184 255
    103 255 255 162 0 255 0 255 75 255 107 161 255 57 133 255 255 173
    255 7 0 119 34 185 74 0 228 0 158 255 109 163 255 35 145 255 0 255
    255 255 186 0 255 219 0 154 255 144 155 104 255 115 31 255 91 0 73 1
    193 158 253 255 9 226 0 173 255 128 8 0 144 92 109 255 235 224 65
    113 20 255 189 53 156 0 182 164 92 251 169 37 205 228 31 34 229 255
    26 1 255 137 150 255 0 252 137 28 255 179 229 255 153 0 255 150 151
    17 71 58 0 255 45 0 0 216 148 74 204 255 113 201 112 90 255 233 71 0
    255 196 30 249 0 249 0 15 50 0 255 255 0 135 253 241 222 137 247 2
    255 0 225 167 255 16 137 68 17 200 194 123 141 104 91 215 0 181 0
    125 0 212 255 255 31 218 202 0 255 125 116 89 0 255 42 24 255 0 255
    203 104 237 97 0 66 43 255 78 221 133 188 255 255 255 139 0 127 201
    173 30 43 105 29 74 0 76 180 52 255 255 130 31 227 196 0 71 0 0 255
    70 0 255 255 184 255 0 125 127 141 225 0 255 193 255 0 0 0 162 5 70
    219 239 25 234 59 101 41 0 193 0 125 254 95 254 0 255 216 215 143 0
    0 115 5 0 1 137 208 27 161 0 221 255 225 225 255 133 255 255 155 149
    18 0 7 158 255 255 117 125 154 34 18 203 34 218 230 0 54 57 117 0
    150 23 5 255 247 0 163 110 147 79 0 255 119 29 108 209 61 62 0 209 0
    255 17 0 208 255 154 196 65 55 45 8 40 113 39 240 255 25 49 83 0 0 0
    0 255 255 255 189 255 0 0 255 126 23 255 255 255 155 76 62 68 208
    195 129 120 236 255 255 102 0 81 191 246 213 0 0 199 39 220 255 255
    220 156 0 255 177 229 119 248 3 0 162 141 0 0 0 0 17 232 0 3 255 255
    134 145 115 255 255 197 235 0 0 255 95 255 215 0 122 160 0 167 191
    188 168 239 0 0 0 21 255 0 132 116 255 241 124 255 225 0 255 239 155
    222 47 209 255 246 255 0 78 255 95 124 230 57 91 255 255 255 0 231
    255 0 25 255 70 0 100 2 118 53 20 73 255 93 226 0 150 117 143 151 0
    61 0 52 65 83 0 185 187 255 36 243 221 218 173 102 252 10 223 218
    146 0 129 140 48 195 0 11 0 67 50 0 129 247 151 206 96 0 0 174 255
    255 88 0 5 255 255 137 102 255 208 255 237 170 166 255 161 255 255
    118 0 255 255 0 255 0 0 84 255 0 98 211 49 223 193 0 143 244 163 0
    255 53 245 155 50 255 118 68 188 63 255 177 51 4 49 162 187 0 0 0
    219 210 0 57 46 91 0 255 244 122 110 175 133 178 255 78 255 255 211
    215 245 124 0 0 56 0 151 255 117 24 255 7 252 255 103 144 254 255 0
    132 5 79 0 229 194 255 236 255 82 255 0 28 91 42 222 218 130 0 255
    141 255 153 255 255 52 255 120 14 30 0 130 89 137 0 165 255 118 81
    250 0 168 223 212 30 255 46 234 15 146 69 0 254 84 19 35 0 101 207 6
    161 214 240 135 129 0 255 255 0 0 24 94 134 255 0 190 255 0 0 208 30
    145 73 0 129 255 0 188 162 133 56 0 255 10 158 198 0 0 128 17 0 129
    255 255 67 255 196 195 137 24 185 222 255 70 0 255 0 252 0 0 0 201
    77 237 0 0 255 27 34 207 122 228 230 195 245 255 0 181 255 0 0 131 0
    0 227 0 0 126 255 105 207 144 255 175 255 0 66 237 0 215 89 133 240
    0 75 99 166 114 0 43 145 84 116 255 255 126 218 255 0 51 42 27 104
    54 135 207 106 0 0 36 249 142 0 0 208 255 0 0 245 255 0 160 224 255
    29 35 24 190 188 244 180 215 255 108 37 255 255 0 0 255 40 64 140
    134 255 255 84 255 91 45 32 180 44 230 86 91 124 25 0 154 255 0 255
    255 251 234 255 211 0 113 0 255 36 71 255 56 31 0 198 0 255 96 0 87
    130 0 241 197 216 0 54 221 0 25 0 0 0 17 121 156 164 255 0 188 134 0
    76 255 0 215 245 179 119 210 255 43 73 121 0 255 0 79 184 65 62 103
    31 255 0 0 168 85 0 235 255 27 130 119 86 54 141 243 165 132 225 255
    108 241 182 90 1 0 75 132 40 255 0 0 255 0 175 254 12 255 135 0 178
    174 9 0 255 253 0 29 0 236 2 255 240 244 55 0 0 255 142 255 255 104
    135 49 177 16 24 7 170 0 219 139 0 171 0 0 0 0 152 0 2 84 37 153 255
    65 0 150 129 0 69 255 151 224 252 255 0 0 7 184 170 40 0 0 90 0 126
    131 16 230 213 239 28 183 255 0 255 198 240 0 0 110 28 79 108 74 212
    168 80 0 110 0 255 49 93 238 226 169 0 2 255 69 255 0 0 253 0 255
    227 53 0 165 94 208 41 255 191 239 0 3 236 255 22 50 18 107 254 2
    255 4 106 46 255 140 255 143 25 81 233 135 206 79 0 255 255 227 255
    233 244 0 178 35 0 209 0 8 0 96 0 3 255 110 115 218 0 0 0 233 208
    108 46 189 255 255 255 0 233 255 108 255 170 255 161 0 86 14 0 255
    198 0 0 207 255 255 145 41 130 0 0 0 12 122 255 182 0 81 255 144 123
    0 0 0 107 75 53 126 255 255 27 96 255 202 198 232 146 255 103 0 159
    0 40 0 62 189 0 186 0 131 0 91 252 255 248 255 22 10 48 33 188 225
    255 239 239 0 255 69 201 92 192 236 208 255 85 0 84 44 30 208 79 0
    250 203 0 57 149 23 255 255 255 0 179 255 171 98 255 0 198 0 208 56
    244 33 107 0 65 0 163 135 255 77 0 199 0 152 253 255 0 236 182 255
    255 254 137 66 152 0 240 0 255 255 14 0 96 207 246 13 39 24 0 229
    235 206 124 97 255 164 91 108 239 97 81 226 223 151 82 31 91 26 0
    255 211 0 185 57 0 0 27 23 0 248 0 255 255 17 227 193 206 115 0 172
    255 0 122 212 254 188 130 255 219 255 112 0 213 151 0 255 35 171 168
    13 254 255 229 64 118 124 255 255 132 186 17 101 171 148 255 0 233 5
    106 255 8 255 0 0 209 64 230 112 235 0 255 143 204 233 255 186 236
    47 99 104 97 255 242 136 255 0 68 139 0 122 0 232 0 122 0 51 0 131 0
    33 36 176 4 194 165 123 92 13 54 0 0 255 0 150 148 192 191 255 11 11
    20 235 9 86 199 0 0 255 92 255 29 245 0 214 255 66 0 151 171 181 147
    161 255 255 38 34 0 149 73 141 56 16 246 178 0 0 229 96 0 115 62 0
    174 173 255 255 227 255 187 6 0 0 217 255 0 255 22 255 197 227 18 0
    241 0 0 255 20 199 255 173 43 191 8 255 0 0 0 0 40 161 197 87 85 253
    0 193 9 211 180 150 0 0 255 177 221 255 246 0 47 183 210 166 0 123 0
    16 217 0 36 0 168 160 0 250 101 166 199 143 103 116 0 44 239 1 0 242
    3 0 255 203 206 215 176 95 234 123 228 84 157 45 0 255 244 117 0 70
    93 255 0 221 0 58 0 252 0 99 209 0 255 0 245 255 255 0 0 255 196 165
    111 79 0 143 182 144 0 0 221 205 0 0 169 57 0 255 49 107 0 165 149
    87 190 216 0 255 98 211 182 226 255 158 0 124 236 0 255 143 25 43 0
    29 207 255 176 53 0 255 65 0 0 0 0 201 240 240 112 97 32 127 0 0 131
    144 254 28 0 255 107 60 145 109 195 255 86 155 0 54 255 0 78 102 173
    126 93 0 255 247 85 255 16 255 60 255 153 234 236 0 14 255 0 39 0
    255 0 255 172 255 0 218 255 23 0 146 241 255 52 0 187 126 142 72 177
    209 68 255 132 255 255 206 107 90 255 135 4 28 44 0 62 215 255 159 0
    255 80 32 255 63 0 118 138 255 231 158 131 63 45 179 0 15 40 161 224
    15 255 255 126 0 178 0 0 114 0 0 170 0 189 69 32 201 0 207 40 18 88
    0 59 115 26 250 96 0 243 201 204 167 45 255 137 159 0 255 58 0 255
    80 15 255 114 161 188 202 0 250 79 79 236 213 176 255 124 255 255 0
    68 255 50 84 4 255 18 59 0 39 220 203 0 255 191 3 83 116 255 186 0
    255 233 47 0 0 180 255 255 255 78 255 0 0 116 0 25 0 255 106 189 50
    238 255 0 0 212 8 154 220 7 202 192 240 196 255 0 255 255 30 230 77
    188 243 0 0 0 204 253 0 0 0 0 255 120 45 45 211 244 48 244 0 255 255
    80 249 71 111 2 198 0 255 1 255 255 30 165 57 162 182 0 255 74 255
    31 137 178 161 146 255 110 0 255 0 0 255 0 255 23 0 216 83 0 101 242
    25 255 255 0 11 38 70 116 215 255 1 22 173 255 0 0 0 212 187 255 238
    255 255 51 255 3 143 0 158 0 174 101 0 0 222 0 244 231 169 57 0 134
    0 0 0 0 159 42 57 45 42 87 204 255 255 250 250 156 255 252 255 255
    255 19 255 255 255 75 179 255 255 173 44 0 0 152 25 44 118 51 69 79
    255 211 252 75 162 78 51 242 0 114 185 255 0 0 217 0 2 0 33 0 255 1
    12 184 255 255 38 0 91 25 23 132 218 182 208 0 254 178 255 0 205 255
    0 23 0 190 109 78 255 25 0 105 38 184 201 168 38 255 249 122 219 28
    9 0 0 0 128 0 89 255 171 115 5 74 37 177 202 228 0 188 0 0 138 255
    109 0 20 147 222 204 0 227 177 0 88 163 0 56 255 235 12 255 78 155
    252 0 0 74 154 220 226 8 45 118 238 178 32 171 243 255 45 165 0 166
    58 255 255 0 0 4 245 156 0 218 250 172 70 126 2 0 116 255 248 14 205
    0 0 116 218 116 255 28 92 68 255 37 132 13 141 0 0 103 255 255 141
    255 145 34 124 0 51 132 0 255 0 131 0 95 242 72 253 115 42 23 29 255
    88 61 255 193 255 168 149 255 0 0 255 0 153 10 0 255 255 149 54 230
    255 235 250 255 0 167 255 187 111 255 141 154 0 14 0 119 24 239 8
    222 6 11 255 0 120 238 0 139 255 0 222 61 255 0 255 255 242 255 118
    128 255 209 5 253 245 255 0 231 191 0 0 255 0 0 223 249 96 121 253
    177 113 255 252 110 0 255 204 197 0 0 120 100 0 110 169 209 0 114 70
    0 151 0 0 74 37 49 51 253 43 244 184 109 255 255 0 33 189 24 0 209
    127 254 157 0 255 255 0 254 255 255 255 255 228 223 255 255 238 191
    73 0 248 205 188 255 255 92 255 0 236 87 150 255 0 140 255 255 107
    227 255 48 170 0 125 40 255 232 0 255 255 0 51 62 255 255 255 45 0
    47 255 255 0 197 255 108 56 81 68 75 255 97 0 63 255 202 47 55 0 255
    221 242 40 196 255 0 104 255 255 255 10 9 255 0 171 0 193 0 160 255
    49 58 104 0 236 167 24 255 141 248 156 0 213 0 0 225 0 217 0 255 206
    255 255 19 164 0 48 186 172 0 152 193 227 57 0 104 255 255 106 80
    203 114 1 255 255 255 15 36 222 0 151 255 3 153 255 255 51 47 173 0
    102 120 0 137 91 131 255 255 231 0 179 163 187 0 19 33 24 0 255 0 80
    253 99 82 149 255 0 0 56 43 255 0 255 13 4 31 0 139 255 184 255 82
    118 4 0 0 176 255 0 0 39 255 0 251 58 165 0 81 16 139 135 0 117 0
    132 255 0 255 255 216 224 255 164 0 255 31 255 255 0 0 165 114 250
    176 168 169 0 52 2 90 0 0 129 151 255 235 255 0 108 20 0 99 255 147
    69 255 11 0 255 255 0 216 146 195 255 203 255 6 89 255 0 255 255 203
    36 138 255 0 30 253 228 163 0 255 255 195 122 0 135 255 255 0 59 57
    0 0 53 0 247 121 0 0 255 80 148 242 48 112 255 0 159 9 108 27 0 137
    55 0 0 0 185 0 237 0 199 0 255 0 196 246 249 31 10 105 132 0 255 106
    73 123 135 255 0 32 142 255 225 0 0 255 255 19 41 244 104 255 0 33 0
    26 20 161 255 36 8 0 255 67 117 79 130 255 172 0 74 255 66 68 249
    255 88 237 61 235 32 9 118 95 154 216 255 0 86 88 255 0 255 29 210 0
    255 255 174 0 164 0 232 19 179 95 249 255 69 69 0 255 0 0 187 142 67
    89 0 243 0 67 221 156 255 187 255 255 60 255 0 0 0 0 83 98 150 255
    10 255 255 216 0 12 0 255 0 4 208 40 224 196 38 72 0 197 60 190 106
    255 0 0 243 80 255 255 255 0 177 177 239 240 255 0 236 255 84 106
    171 255 0 27 0 255 197 0 17 255 15 0 217 124 0 228 42 0 207 71 118
    190 212 255 110 246 79 7 225 0 0 182 255 0 255 189 255 255 162 114
    87 0 255 81 170 255 63 171 220 78 64 135 0 0 218 49 160 255 0 255
    255 102 255 255 0 0 91 255 211 192 255 226 255 54 56 21 61 0 231 30
    56 205 255 101 185 0 0 255 185 92 0 0 182 214 241 255 0 0 255 49 0
    255 0 255 118 255 244 10 137 255 87 33 255 203 44 0 203 255 255 169
    143 255 255 0 126 172 66 161 150 35 205 125 0 217 245 38 222 10 173
    0 126 255 0 255 0 219 0 93 194 195 0 255 226 28 255 0 0 0 0 133 245
    109 0 188 149 169 33 234 46 0 255 103 0 255 0 211 255 241 255 59 70
    255 0 255 120 143 255 194 0 18 255 0 240 162 0 128 12 255 109 235
    198 0 255 71 0 187 0 159 255 10 83 255 204 8 77 133 169 213 167 0
    110 85 255 79 68 216 255 29 0 92 49 0 255 102 244 0 255 228 0 143
    255 193 0 178 0 243 181 216 255 99 4 0 121 214 32 181 170 255 207 0
    169 118 255 0 227 0 0 32 158 116 164 0 35 0 255 37 215 40 201 12 208
    0 130 165 0 74 83 0 0 0 113 57 252 255 0 68 0 53 125 207 0 149 54 0
    255 255 255 234 107 255 255 0 13 167 131 0 255 209 67 255 165 97 166
    89 160 236 169 255 0 127 32 190 95 5 17 255 236 125 184 0 255 255
    131 88 55 0 161 116 38 92 76 255 124 84 92 52 1 191 255 206 50 255
    152 255 0 255 0 0 101 255 0 16 201 0 94 208 252 255 241 216 89 255
    145 20 255 255 107 0 47 0 187 176 0 134 255 82 23 255 0 72 0 0 248 0
    133 98 0 193 9 255 255 48 239 255 63 254 255 137 54 34 14 183 44 14
    38 0 255 0 255 0 67 255 181 255 5 143 80 77 155 255 0 97 166 3 205 0
    80 0 0 0 85 176 255 255 238 53 25 160 129 208 0 155 135 173 255 179
    43 0 173 255 119 45 212 135 201 17 166 0 255 77 55 120 173 152 74
    159 255 44 240 207 255 87 95 0 114 67 0 255 143 215 0 41 149 234 255
    58 0 55 255 0 49 70 112 212 0 25 248 107 92 235 255 231 81 255 0 255
    82 255 248 255 238 109 118 255 255 56 199 168 0 0 98 77 255 0 0 255
    83 155 57 0 255 70 111 222 82 255 0 35 0 0 204 0 255 59 242 200 0
    255 116 30 227 26 0 114 39 101 230 255 65 0 64 0 255 0 0 236 73 179
    245 255 216 234 215 78 90 0 31 47 178 73 0 255 130 255 0 32 94 54
    243 0 255 255 255 228 255 19 0 159 0 255 255 53 139 20 160 0 20 109
    49 4 124 255 226 128 255 0 255 105 232 0 107 90 223 255 255 194 0
    129 25 255 38 15 6 110 131 153 79 180 255 62 50 173 0 57 53 50 0 76
    172 196 0 76 255 0 241 0 255 132 234 42 255 0 47 220 144 255 97 35
    76 158 26 37 255 185 90 153 253 0 174 120 207 255 80 255 247 0 95
    149 106 133 255 43 0 138 0 255 221 169 255 2 74 77 0 228 0 255 67
    194 255 80 208 255 168 0 105 179 151 0 100 150 187 233 255 255 0 93
    148 0 255 112 242 175 255 3 0 255 44 54 83 215 137 0 150 138 183 134
    146 59 156 148 170 255 0 66 227 20 223 84 61 179 0 84 173 0 92 205
    227 0 13 0 55 146 72 255 217 142 255 255 0 14 183 94 83 38 0 119 203
    91 0 0 0 0 255 255 65 255 22 216 255 79 9 172 255 90 33 226 41 0 0
    73 255 157 255 107 179 218 143 76 255 0 255 0 199 0 70 213 255 107
    235 228 221 208 234 0 255 155 214 203 28 255 14 255 179 45 245 98
    228 124 144 77 0 135 4 0 3 227 91 245 246 255 208 186 200 50 251 0
    255 255 255 234 217 255 20 216 12 178 223 136 98 255 130 255 255 135
    235 153 255 109 87 255 178 153 45 255 14 202 51 255 240 17 255 208 0
    97 147 126 73 141 0 255 255 174 0 42 108 0 227 217 205 58 203 147 79
    24 171 255 255 255 40 0 101 164 86 163 255 192 242 0 195 90 255 196
    118 29 181 113 93 65 134 176 13 94 59 255 111 0 83 255 229 255 29
    255 29 0 255 0 143 41 30 5 0 138 255 255 0 239 242 57 0 225 95 92
    117 46 0 30 222 0 0 0 0 211 0 0 255 224 255 101 74 129 177 159 20
    160 24 139 0 164 234 255 211 172 75 255 255 115 255 178 194 3 0 43 0
    161 255 255 150 190 255 41 130 225 184 69 0 207 98 0 179 244 237 201
    255 255 66 234 228 0 0 6 123 0 242 101 0 39 0 176 143 255 0 117 226
    0 209 255 41 161 230 50 20 184 0 0 0 0 162 232 213 53 255 244 0 255
    74 11 255 0 255 95 16 191 192 176 62 250 200 255 59 0 15 176 34 214
    63 173 0 128 192 20 0 253 220 186 242 141 166 143 153 255 0 162 189
    58 167 255 81 255 163 255 0 0 97 169 254 140 255 13 93 26 51 32 19 0
    0 0 223 255 83 120 0 0 144 255 57 87 255 255 53 255 0 62 255 46 204
    254 100 0 162 45 10 17 0 0 255 255 148 145 0 141 255 175 226 255 28
    252 255 29 163 11 255 171 0 76 204 84 118 255 248 0 255 199 202 165
    43 206 139 0 255 143 0 139 255 240 203 162 7 255 112 130 18 255 166
    20 178 255 255 248 245 255 15 43 255 28 255 61 0 50 79 106 255 83
    187 255 255 94 75 201 152 134 6 48 0 57 55 0 255 159 145 0 152 50 0
    104 5 0 0 197 59 184 0 255 4 91 255 0 0 52 0 8 255 2 255 84 175 107
    0 255 249 0 192 0 40 183 39 0 52 73 176 2 190 0 0 255 0 38 0 199 237
    0 3 0 255 31 69 4 136 225 241 255 252 131 0 255 238 176 64 0 0 29
    255 140 255 48 255 197 32 255 177 68 234 108 31 0 100 60 255 0 66
    255 92 218 0 255 0 56 0 0 236 0 0 142 108 255 117 103 58 14 75 54
    255 90 183 255 59 26 255 255 116 255 255 209 169 0 118 208 52 12 238
    215 73 234 0 158 31 195 207 229 159 255 0 255 0 240 229 255 69 202
    15 0 27 255 244 0 0 15 8 255 73 64 255 0 255 65 142 0 154 158 0 0
    217 226 131 111 94 238 0 165 94 197 255 0 165 52 81 185 0 199 26 53
    164 187 255 29 53 0 192 86 67 0 174 0 130 195 0 74 231 0 143 0 14
    255 70 239 255 0 206 0 0 0 254 19 255 172 65 47 255 0 0 188 255 99
    77 1 181 35 154 255 137 0 203 255 28 0 48 255 202 0 88 255 255 170
    232 205 0 196 121 140 0 57 117 0 20 255 255 139 160 216 182 3 77 74
    255 25 0 31 168 104 255 253 156 215 255 255 108 0 0 244 255 229 0
    255 0 102 102 70 107 0 0 60 255 193 168 159 213 74 255 132 0 137 255
    255 0 197 255 42 49 211 0 0 98 227 0 252 0 152 98 53 65 0 192 255 0
    190 138 0 255 38 255 75 255 215 251 255 0 255 223 77 23 27 135 85
    255 13 0 59 255 0 0 255 0 255 123 0 255 56 255 255 87 71 178 88 0 0
    227 0 0 17 255 166 49 101 58 114 0 128 255 255 255 255 8 255 255 0
    84 255 74 0 255 21 192 18 170 166 0 0 206 143 255 82 255 0 255 255
    184 44 0 255 218 75 200 76 230 255 141 255 0 0 48 14 255 0 0 255 210
    0 8 255 49 188 24 94 123 102 47 226 51 57 0 116 25 247 86 50 0 27
    126 123 44 177 255 255 120 255 255 205 255 65 54 57 55 149 205 145
    255 194 255 0 152 225 255 196 33 39 255 255 249 188 195 250 7 17 131
    0 255 246 0 255 186 117 157 255 255 0 194 180 230 255 0 252 166 0
    177 186 18 173 220 255 232 92 218 102 255 255 15 195 255 59 22 255
    230 52 255 156 0 223 0 32 234 0 61 6 56 120 154 124 28 115 174 120
    148 13 255 81 141 0 254 255 68 147 48 155 187 85 55 228 32 255 30
    255 0 27 173 0 255 0 141 245 103 0 255 90 112 255 76 255 255 255 105
    67 0 0 174 230 78 145 90 69 133 196 160 255 85 67 255 145 0 4 231
    255 108 255 0 255 255 43 245 218 156 0 0 10 212 104 158 135 255 244
    25 196 0 0 12 45 255 255 255 117 60 135 57 235 162 0 217 255 0 0 213
    0 213 185 209 39 116 129 146 238 246 255 0 115 255 222 255 0 111 110
    98 114 0 0 127 64 255 49 86 255 50 27 192 53 255 110 0 175 105 136
    169 242 202 0 176 217 0 230 44 148 255 0 133 232 255 219 2 13 255 74
    255 15 164 148 0 0 118 24 255 187 0 138 3 232 241 134 0 97 0 90 66
    200 212 33 203 69 112 204 71 82 255 0 112 55 255 27 32 203 240 56 43
    57 70 40 115 225 174 34 108 255 36 132 80 161 255 255 165 74 58 18
    200 153 0 255 39 0 255 101 0 0 6 255 19 161 191 255 159 255 168 233
    0 0 255 0 46 123 49 70 219 255 162 84 255 226 45 0 44 97 187 159 187
    255 43 211 44 255 180 5 255 0 49 17 28 0 141 42 25 19 3 69 222 67 0
    224 13 255 204 0 97 214 240 117 255 226 255 255 132 191 84 67 0 0
    211 169 14 162 202 0 164 222 18 209 0 72 255 245 255 255 255 230 186
    255 0 26 138 184 206 0 41 255 255 173 0 160 255 183 0 189 113 166
    255 149 0 2 0 68 26 56 255 104 25 139 170 13 175 217 39 114 255 255
    132 205 0 255 71 0 158 255 221 0 110 249 160 0 23 1 255 79 151 177
    255 13 67 95 8 255 233 255 31 113 18 144 15 255 255 255 182 0 30 135
    255 0 198 198 77 45 255 70 95 112 253 116 0 153 255 146 0 220 172
    213 0 179 255 255 146 206 59 164 248 120 1 168 0 147 201 184 241 54
    66 0 193 91 255 63 133 77 112 117 0 64 255 48 255 6 192 255 0 40 0
    48 155 109 42 244 41 211 191 211 90 158 255 250 0 205 57 255 0 73
    255 0 183 85 14 96 254 255 163 124 132 255 25 105 130 35 0 255 246
    73 195 0 255 0 255 86 159 0 0 79 255 0 246 203 255 106 255 255 40
    128 253 121 0 50 187 0 255 106 240 0 33 152 18 27 138 32 0 187 27 0
    255 11 255 121 46 255 255 50 211 212 0 125 160 148 140 173 255 0 255
    0 255 42 57 170 4 255 194 106 255 20 255 162 255 156 142 59 103 0
    236 255 255 26 0 162 0 190 255 225 179 177 0 0 3 137 127 225 39 138
    122 0 140 17 105 255 217 45 0 155 181 32 196 37 0 110 255 133 184 94
    173 27 205 255 140 255 62 168 198 92 58 255 192 255 255 20 255 255
    102 84 108 66 112 255 0 76 35 0 199 255 104 232 255 213 119 124 255
    255 255 0 31 235 0 102 253 242 87 130 4 2 169 42 255 9 189 89 0 0
    255 255 156 68 219 164 103 144 57 0 0 0 93 34 0 0 255 220 139 92 255
    150 255 0 33 94 255 33 0 77 163 0 247 250 76 255 214 0 40 209 103
    255 35 104 208 0 240 255 255 0 255 255 30 244 85 165 180 7 25 117
    112 35 255 255 78 76 191 41 255 221 0 79 0 0 0 0 180 214 237 187 0
    32 232 158 95 9 0 255 3 146 209 74 41 8 1 241 90 222 53 0 190 208
    255 27 255 123 130 0 173 44 240 69 0 121 90 124 210 0 72 7 106 248
    255 0 211 140 255 142 141 248 214 109 0 91 242 236 245 246 180 171
    36 165 131 227 66 47 17 161 132 0 158 159 0 255 41 36 66 97 255 0 0
    228 255 0 55 66 18 197 156 255 255 255 68 226 255 255 126 44 206 212
    252 47 0 255 0 0 251 104 162 43 0 255 165 0 198 0 233 33 42 116 121
    0 0 0 141 177 202 44 35 101 0 46 0 0 251 55 186 0 0 163 8 138 0 255
    25 5 27 5 0 112 215 11 17 255 209 161 247 0 0 0 227 41 0 175 85 0
    255 0 111 255 8 129 255 0 255 210 255 55 255 145 0 150 37 44 0 3 131
    101 14 150 255 114 110 255 255 176 255 255 106 201 210 135 248 0 255
    26 0 22 189 0 34 255 149 212 255 181 53 209 38 184 16 255 255 255 30
    4 0 7 255 232 57 188 0 255 255 110 70 103 196 243 0 15 203 255 0 255
    248 110 255 14 145 255 50 129 138 198 255 0 219 62 255 209 56 0 255
    198 154 118 234 23 197 255 255 165 255 0 0 37 247 69 116 159 165 255
    22 255 166 109 254 16 0 0 63 101 115 113 243 17 159 255 255 166 182
    255 138 68 123 0 251 186 63 242 203 255 0 152 0 166 0 54 240 255 49
    0 129 255 0 107 255 255 81 238 14 9 63 128 18 165 233 208 12 20 208
    255 45 255 166 0 255 157 102 68 255 10 117 0 0 41 172 0 255 86 255 0
    11 24 255 122 175 248 1 0 179 74 0 151 86 73 2 255 255 165 255 52 0
    106 191 143 104 188 67 99 255 255 139 206 0 0 46 112 248 255 0 255
    163 137 57 26 37 255 255 110 255 255 0 227 184 0 124 0 223 0 0 255 0
    55 255 164 190 0 0 15 0 168 0 0 255 161 24 37 63 148 196 121 233 37
    76 255 255 255 47 92 255 5 0 247 245 15 47 0 161 0 126 0 231 248 82
    128 54 0 255 108 7 255 0 7 0 0 0 208 68 44 255 255 225 116 0 178 41
    89 145 244 146 0 115 152 0 57 193 255 0 178 255 71 255 197 255 0 140
    0 0 166 164 0 122 0 0 218 9 0 255 255 85 255 237 18 187 0 123 255 83
    255 190 255 36 49 69 0 103 175 43 70 249 227 132 108 60 255 0 165 95
    0 217 241 140 223 231 244 216 63 203 227 85 0 167 223 0 0 182 0 219
    40 218 0 211 255 204 0 0 0 24 77 0 131 255 0 44 9 61 168 234 233 161
    121 255 255 119 255 255 192 249 255 53 80 157 11 255 143 55 255 3 99
    0 14 220 52 255 0 104 0 13 105 151 0 170 237 255 66 255 99 254 0 33
    218 29 42</data></my_img>
<your_img type_id="opencv-matrix">
  <rows>128</rows>
  <cols>256</cols>
  <dt>"3u"</dt>
  <data>
    166 88 255 92 0 0 255 0 187 219 85 34 255 80 255 255 133 177 32 255
    188 22 192 164 255 19 184 0 192 201 255 0 255 100 255 0 2 137 224 63
    147 238 0 255 255 37 255 78 228 255 0 200 0 255 2 0 7 58 0 255 120
    255 178 255 225 0 255 7 28 41 64 0 154 149 255 7 0 255 241 20 255
    255 213 198 57 108 255 0 0 147 246 138 241 49 62 255 184 255 172 191
    158 0 0 0 0 255 117 113 255 255 2 116 255 255 135 255 166 49 226 140
    55 169 37 0 85 188 221 34 208 255 25 137 0 255 0 0 0 135 51 161 119
    152 255 57 255 149 10 21 255 121 143 102 87 229 255 55 0 255 0 0 29
    157 0 255 232 188 143 255 59 137 117 255 255 164 85 142 255 255 245
    164 0 186 146 47 0 245 0 141 255 0 255 230 212 181 247 255 255 0 141
    255 180 255 163 0 42 74 225 195 0 119 0 255 255 168 229 254 255 255
    96 89 11 16 255 123 198 248 154 255 112 255 58 2 170 229 156 193 88
    101 31 58 255 255 209 36 0 0 255 47 7 255 219 0 49 0 169 253 53 17 0
    246 255 109 66 194 228 0 255 154 0 0 255 105 50 95 205 255 248 255
    230 255 53 125 255 255 214 112 121 175 173 255 255 63 176 1 255 206
    135 0 230 255 49 195 227 158 0 255 70 255 219 230 109 0 255 255 0 3
    255 119 166 98 107 47 121 147 69 9 240 0 255 222 68 184 197 0 48 255
    43 124 140 77 107 255 255 255 239 255 223 48 255 22 0 255 255 6 255
    0 125 255 0 167 202 255 255 0 95 0 0 176 0 199 255 187 74 224 94 21
    239 255 89 148 255 0 255 255 255 27 99 255 228 242 255 117 255 107 0
    72 110 42 111 46 116 255 158 0 132 33 74 0 0 255 122 199 249 186 0 8
    197 65 31 239 255 125 159 182 82 55 229 190 238 112 0 190 166 37 15
    105 53 0 0 91 51 159 0 255 255 0 237 0 224 0 255 115 124 157 255 209
    139 255 129 79 255 0 51 233 255 85 109 47 0 171 114 22 1 128 255 0
    40 61 0 230 0 226 191 0 255 0 80 255 149 207 0 131 255 25 72 0 222 0
    255 88 0 247 0 255 25 0 255 241 197 238 238 201 20 163 12 102 255
    236 129 255 64 206 56 255 0 76 0 153 109 0 157 162 118 0 173 30 0
    129 0 86 0 0 142 42 166 248 235 12 255 0 112 39 0 169 140 64 0 0 255
    255 255 235 205 255 155 142 0 126 0 255 103 214 159 184 0 242 0 255
    242 0 62 255 164 255 123 255 78 10 8 234 255 0 140 42 0 119 0 0 0 0
    255 203 255 137 0 255 145 39 187 73 66 250 169 112 224 236 4 207 255
    247 0 148 42 153 0 0 52 46 54 1 203 228 33 0 255 105 230 102 10 255
    252 0 247 0 8 0 0 9 0 87 176 255 54 53 95 237 196 246 165 97 255 150
    173 255 45 0 220 255 0 248 158 0 17 0 41 254 185 190 0 174 227 158
    255 0 45 226 250 204 107 33 116 94 0 255 0 54 255 255 119 145 66 143
    196 128 0 162 235 97 255 0 246 79 15 0 181 64 69 255 17 164 0 201
    255 219 255 22 56 255 220 97 255 130 38 255 252 0 28 0 0 72 177 255
    255 45 237 0 0 122 194 255 181 0 255 197 65 236 61 147 0 255 0 255 0
    71 255 141 128 167 90 153 0 154 152 159 0 62 58 245 140 255 0 150
    101 69 28 0 0 224 0 147 121 253 0 83 135 255 46 98 244 25 163 255 0
    135 222 0 255 0 71 0 251 244 0 217 234 201 231 123 196 212 187 12
    133 148 0 136 65 255 0 146 255 88 255 0 223 107 186 0 145 193 224
    255 33 195 255 0 57 215 203 216 255 46 102 14 255 114 255 179 255
    177 255 47 255 255 196 172 61 199 243 105 70 0 255 255 0 0 204 255
    170 86 20 227 255 111 209 112 143 245 196 255 171 33 236 68 98 6 203
    20 0 15 111 125 5 68 0 0 255 3 90 71 255 4 0 132 100 0 145 151 210 0
    83 144 0 131 18 46 87 0 13 175 64 219 0 255 29 255 156 255 0 255 0
    83 10 0 255 0 0 131 215 28 0 128 12 255 241 255 56 46 255 206 190 97
    250 208 30 32 183 0 182 70 176 92 0 79 71 255 255 0 6 182 212 59 0
    39 18 31 244 15 146 0 0 255 39 50 13 255 0 92 228 255 255 97 14 63
    24 220 0 113 163 57 255 90 255 255 255 129 144 98 40 219 157 6 255
    253 186 147 143 22 24 244 182 32 0 0 0 0 255 189 148 0 95 140 191
    157 207 255 0 0 0 136 130 255 255 52 26 234 109 247 16 50 45 255 66
    202 19 0 225 0 0 255 60 0 63 167 61 255 255 0 209 204 0 20 199 162
    253 0 230 113 34 255 0 0 174 174 61 98 192 206 0 85 0 202 0 36 255
    183 7 213 148 31 217 176 0 200 190 176 177 255 23 135 255 0 86 50 18
    63 124 82 247 0 255 46 0 33 167 227 0 57 226 76 255 0 39 0 0 0 228
    164 23 182 101 61 30 164 0 0 45 149 246 191 221 255 3 169 0 238 156
    0 255 0 0 0 227 0 235 0 255 247 238 80 69 185 12 140 0 57 255 112
    255 44 0 119 34 40 39 249 162 85 0 9 0 250 255 186 172 72 242 147
    113 74 93 231 78 244 255 228 230 204 255 14 198 0 0 170 0 222 25 191
    71 202 131 113 0 255 168 235 25 0 87 84 237 239 197 0 246 48 255 194
    64 190 0 241 97 255 146 4 255 0 35 86 226 0 255 94 0 15 148 113 0 46
    255 180 46 4 68 130 170 255 113 255 217 57 38 45 0 92 83 0 232 57 62
    146 199 211 255 144 175 210 0 255 0 0 137 0 204 30 255 0 92 113 170
    0 230 223 174 172 255 255 255 174 161 255 207 109 89 192 249 0 228
    235 0 53 0 159 0 255 0 255 231 255 95 226 255 0 0 255 158 0 168 3 0
    255 37 216 209 0 255 67 159 198 181 205 123 255 0 116 211 145 24 255
    250 255 155 0 255 199 82 109 167 77 143 163 29 16 149 162 86 89 228
    140 0 0 12 238 0 201 68 63 127 227 255 180 245 91 17 139 176 234 0
    162 255 211 38 211 0 119 108 0 65 255 18 250 113 206 0 124 0 120 100
    13 123 106 196 183 185 38 0 0 71 154 22 0 0 99 58 0 178 219 255 0 0
    0 210 71 131 15 0 255 0 146 213 20 221 123 149 39 94 86 108 200 74
    151 36 205 255 100 25 212 255 176 151 255 32 217 203 0 57 174 0 37
    255 154 225 74 189 59 245 77 23 169 255 255 186 146 192 141 183 80 0
    0 255 222 255 39 0 0 0 255 0 113 246 96 151 67 177 253 255 247 73 0
    90 177 0 0 255 0 203 208 44 187 255 0 0 255 0 0 174 255 0 18 189 19
    0 83 44 13 42 255 112 178 0 57 186 0 252 255 243 255 0 104 10 0 0
    255 218 201 67 35 101 224 40 154 255 131 57 134 97 255 188 141 0 208
    0 0 81 240 186 220 120 55 255 160 158 77 144 0 0 140 105 255 109 255
    104 0 146 89 18 207 0 8 239 93 208 0 0 71 216 160 255 162 255 0 95 0
    24 0 255 85 0 120 0 238 59 255 255 130 255 155 91 46 0 0 0 132 255
    131 154 115 0 34 33 255 1 0 255 116 255 166 146 218 96 255 20 62 255
    255 253 255 178 18 121 255 239 235 84 185 255 141 56 119 0 64 132
    255 0 0 101 46 89 0 253 150 166 6 6 255 0 152 225 117 56 58 28 64 0
    0 215 0 197 255 30 202 252 255 130 0 65 216 143 13 0 255 255 120 200
    0 145 127 255 0 0 255 47 246 83 217 255 255 44 55 0 255 119 198 100
    216 220 0 255 223 119 0 70 65 0 0 0 87 60 59 50 117 198 255 255 107
    93 122 255 0 0 152 0 174 123 209 255 79 0 0 214 45 0 61 255 150 199
    255 255 0 214 27 142 84 0 0 255 255 215 196 255 199 0 0 73 121 71 27
    227 0 255 215 0 35 0 146 71 138 31 225 174 44 255 128 171 122 187 0
    0 255 0 217 0 216 255 0 141 0 122 19 166 254 122 88 139 135 87 255
    74 245 101 1 4 6 101 255 67 0 255 84 181 143 51 77 233 255 0 39 238
    155 255 108 235 41 0 255 255 0 165 123 255 53 62 255 120 186 58 0
    255 109 255 255 219 187 255 33 255 93 57 51 97 112 0 0 0 246 68 0
    207 68 255 136 0 0 114 197 248 255 144 0 0 0 111 252 184 28 255 60
    255 255 255 255 0 78 0 122 0 93 0 230 0 0 255 0 254 219 245 0 0 39 9
    242 82 245 229 110 168 63 255 251 83 255 232 99 160 175 78 169 255
    118 77 18 99 55 0 255 0 66 0 240 0 0 255 0 44 0 43 162 0 140 62 147
    0 255 83 248 239 76 255 191 242 255 185 15 96 255 188 102 73 254 0 0
    236 0 100 92 186 29 246 53 15 101 250 255 115 255 255 169 255 75 128
    103 8 71 182 113 0 255 255 0 29 0 112 234 58 255 0 59 78 0 183 81 7
    117 171 161 161 96 94 255 140 52 178 0 101 15 82 255 135 0 100 0 207
    24 184 9 0 136 0 104 0 0 47 0 255 255 48 154 0 138 42 204 255 87 110
    0 252 0 73 0 54 191 255 0 0 0 157 212 0 255 255 52 144 15 19 26 81
    255 0 140 255 161 89 0 243 0 0 32 0 83 233 218 50 76 253 255 219 255
    250 255 209 0 31 3 52 0 106 255 170 103 255 155 0 54 98 181 246 132
    195 0 0 222 0 255 0 60 170 101 0 255 131 0 235 149 174 62 61 0 255
    50 0 0 212 71 2 224 0 255 59 255 22 171 141 0 96 164 255 160 255 25
    25 19 189 0 70 0 255 0 11 242 255 255 49 44 255 231 0 198 247 245
    110 215 34 206 255 121 237 255 139 193 0 255 0 0 0 9 149 117 118 117
    60 255 0 10 158 0 1 231 0 160 255 0 138 0 0 55 85 101 0 33 135 33
    191 39 237 66 68 0 255 0 255 112 33 2 25 0 235 150 255 255 255 157
    246 66 243 255 0 0 42 154 124 39 255 233 245 115 143 62 34 127 79
    255 143 92 0 0 255 105 59 255 108 73 234 212 26 0 226 255 91 67 74
    96 0 240 0 255 0 60 255 56 0 0 255 100 16 255 45 48 170 215 4 208
    180 115 164 0 196 0 99 117 0 227 171 0 238 17 255 0 100 0 0 0 0 230
    242 255 207 56 0 255 201 0 255 65 251 0 191 66 0 161 255 88 197 98 0
    144 178 167 0 56 255 0 137 20 177 241 190 50 202 247 116 0 143 0 223
    131 78 113 0 0 0 231 22 255 249 20 33 255 180 219 255 0 149 0 232
    255 146 0 18 0 193 27 43 255 0 99 63 102 134 255 255 255 249 247 128
    84 0 56 47 231 255 0 0 245 0 184 255 0 255 0 255 210 126 2 253 0 0
    190 255 88 255 189 0 11 0 169 0 0 255 0 89 145 0 33 81 255 131 30
    255 0 0 136 135 39 0 62 159 0 255 195 24 0 63 255 127 255 226 92 135
    154 255 255 244 255 31 142 133 76 118 0 170 74 177 45 0 172 255 80
    255 0 10 196 0 150 190 255 219 234 255 224 0 65 0 0 129 88 0 79 76 0
    33 255 211 255 129 243 197 24 60 92 255 0 92 0 198 133 0 0 255 255 0
    41 255 33 169 0 86 147 230 0 0 55 0 0 0 49 0 126 255 56 255 255 255
    46 137 246 0 253 70 207 0 255 246 65 0 195 16 242 255 121 110 255
    231 255 45 255 22 0 0 255 115 102 122 41 158 226 0 72 187 255 25 165
    29 198 0 211 0 172 6 255 46 0 0 10 147 0 255 60 80 217 0 21 131 84
    245 96 178 175 122 148 255 34 197 0 25 70 191 53 255 233 77 0 0 255
    42 0 225 5 1 255 255 148 0 170 170 255 0 129 0 28 37 11 149 82 0 255
    255 190 178 255 212 70 36 212 183 12 101 46 174 178 255 235 113 0
    245 0 0 255 109 255 255 193 255 0 20 0 9 47 186 0 255 255 9 255 61
    247 16 230 87 231 0 255 154 0 141 111 101 68 255 174 109 0 27 0 245
    0 255 180 233 135 59 255 0 45 246 235 81 255 65 0 255 109 255 24 133
    255 0 255 191 114 210 111 215 181 232 101 189 0 191 203 171 40 255
    29 232 70 80 28 236 100 196 20 0 231 246 195 255 95 104 255 178 66
    223 255 0 29 0 0 0 166 195 174 161 255 175 131 249 255 145 255 255
    244 121 0 103 0 251 0 255 246 177 255 255 255 245 60 214 0 124 255
    150 255 255 240 125 255 255 0 255 31 255 0 255 41 150 227 0 59 19 8
    0 189 5 118 0 121 255 236 255 0 255 255 245 155 225 218 77 83 241 0
    17 20 136 14 178 255 255 255 154 110 118 206 45 130 42 0 255 245 9
    84 0 226 0 97 255 255 95 255 13 172 55 87 0 101 77 252 123 201 141
    107 205 255 5 255 148 255 53 0 255 112 186 97 255 57 238 93 255 0
    205 255 255 24 243 255 43 80 255 255 99 3 135 70 253 204 0 145 98
    131 211 255 126 255 204 255 255 233 113 0 0 0 0 0 214 232 129 91 57
    71 199 255 255 255 135 148 58 255 255 61 0 255 97 255 229 0 255 255
    220 255 253 50 0 197 112 0 0 253 0 135 255 235 241 64 25 86 158 156
    199 0 0 247 236 255 36 207 139 152 239 50 255 255 255 0 255 166 5 37
    7 7 0 166 255 163 0 198 33 88 73 18 233 254 98 255 204 241 0 177 59
    255 230 254 240 0 86 86 227 70 255 61 140 167 224 61 0 196 124 0 0
    178 0 224 0 0 108 155 86 255 255 48 255 0 77 232 10 255 255 27 220
    255 83 190 0 134 24 62 236 44 27 229 255 255 184 255 0 60 255 210 0
    191 105 255 255 255 255 255 0 54 46 0 0 42 213 71 0 184 255 187 140
    255 242 53 0 255 255 255 0 255 0 8 253 25 0 255 255 224 173 255 100
    97 0 59 61 0 0 64 255 201 96 201 25 171 17 255 205 62 0 227 172 0
    255 97 255 255 255 193 255 143 255 0 189 255 107 103 127 0 255 82 84
    0 188 70 161 232 218 227 53 0 251 118 97 255 117 251 255 0 251 103 0
    169 101 255 255 255 182 144 255 13 107 0 137 0 175 187 255 255 255
    255 0 169 223 255 255 255 229 64 24 143 48 83 87 95 103 0 200 0 96
    99 255 36 255 120 122 250 240 255 225 255 29 82 66 50 255 255 58 156
    124 1 0 23 188 255 0 255 0 33 255 30 45 23 41 193 112 227 67 66 255
    104 88 0 0 255 0 47 255 42 0 214 0 0 79 117 255 255 219 182 32 108
    207 0 255 51 93 144 255 255 0 238 183 89 42 187 242 249 153 255 168
    196 0 0 0 255 0 44 153 0 150 0 62 187 0 0 187 214 255 255 168 210 47
    0 229 255 0 119 25 202 0 22 175 59 0 147 0 219 255 0 0 36 0 19 179
    255 71 255 255 61 114 0 232 59 234 12 240 0 255 88 0 195 0 144 68 0
    205 0 67 255 0 31 255 82 71 199 108 0 113 102 221 251 36 124 190 255
    78 251 0 75 255 0 253 107 0 65 255 255 0 255 72 255 219 255 244 0 0
    180 255 86 124 0 149 255 0 37 55 120 61 139 0 14 148 255 0 184 239 0
    255 0 114 167 117 137 236 0 255 8 0 255 94 255 57 2 214 0 255 144
    255 31 78 84 255 130 63 0 101 0 161 249 0 92 0 209 196 255 172 181
    240 221 0 247 255 0 255 0 89 145 0 0 73 170 0 255 255 0 0 175 0 255
    255 8 255 93 255 130 169 81 24 255 221 255 206 169 213 0 255 208 255
    245 0 248 255 0 0 255 98 209 255 88 243 0 195 26 255 183 182 0 3 13
    255 195 0 57 255 0 87 182 0 20 242 218 168 51 238 184 0 255 0 158 0
    255 100 39 181 255 181 34 222 255 0 97 255 202 165 130 19 96 138 215
    225 230 255 169 250 255 194 255 0 108 207 36 114 255 227 31 16 255 0
    88 0 0 245 85 255 229 0 195 44 179 0 75 80 164 161 119 255 224 205
    80 45 120 92 93 255 0 178 174 0 169 7 96 69 216 215 73 255 0 0 54 74
    177 0 176 35 255 0 209 13 221 225 182 122 0 121 33 90 21 0 74 172
    255 83 0 85 0 243 153 203 199 103 0 138 255 113 1 85 0 255 36 0 249
    255 8 0 188 240 0 34 255 180 0 172 0 96 0 255 223 121 255 54 242 68
    253 12 197 255 0 111 138 255 233 252 255 99 111 247 251 141 24 1 238
    164 245 202 0 67 146 105 54 59 156 118 77 1 0 210 94 208 0 0 255 108
    198 0 48 12 16 33 0 158 212 255 255 45 149 255 0 143 71 250 0 198
    125 130 218 212 0 66 172 79 86 255 168 56 255 140 255 96 0 94 0 255
    177 153 217 0 212 0 103 255 137 255 255 255 30 124 52 0 255 131 227
    0 0 255 255 12 0 139 17 84 6 0 255 60 213 229 0 255 213 0 255 190
    238 77 207 104 0 255 255 188 210 191 38 69 42 37 84 83 109 186 173
    61 0 95 24 42 0 252 255 83 56 255 255 0 98 255 77 176 0 143 255 147
    0 173 255 152 36 55 215 127 0 0 197 255 82 0 255 196 0 255 0 10 255
    172 250 11 255 0 187 172 77 97 255 150 134 255 255 98 41 220 0 64 0
    222 179 255 0 163 0 22 148 0 0 122 103 255 19 0 0 255 136 222 147
    246 82 255 255 32 174 0 0 0 189 1 255 255 0 0 135 255 171 47 237 179
    216 233 249 255 0 12 42 102 163 31 30 42 50 101 198 255 250 255 255
    222 138 94 16 67 0 255 145 165 44 199 214 38 255 1 35 255 193 255
    171 27 0 219 221 38 5 226 93 132 222 255 61 70 4 115 88 141 96 255
    68 67 235 110 205 28 255 250 0 243 252 196 0 238 176 0 210 255 244
    223 255 255 81 61 136 251 28 96 84 98 6 255 135 133 33 140 143 0 255
    240 0 203 255 245 0 54 95 104 255 126 111 26 124 255 38 140 255 0 26
    2 52 0 255 190 176 255 43 45 133 60 0 255 25 0 81 135 255 255 57 182
    0 255 255 126 51 8 11 20 0 28 47 23 255 66 95 0 0 255 135 255 0 0 36
    0 123 0 101 147 92 159 44 6 0 5 0 50 0 255 213 137 239 141 255 250
    80 97 68 0 27 155 36 196 0 106 17 255 255 202 241 109 164 255 142 0
    73 255 190 38 107 255 18 58 79 0 113 0 0 97 219 31 14 110 142 181 0
    0 0 64 255 254 105 255 0 100 230 255 255 20 59 127 64 189 84 147 255
    27 37 32 255 91 174 16 255 255 77 0 0 81 99 17 0 0 255 93 217 181
    153 255 141 250 76 169 0 0 189 250 171 0 225 0 255 164 250 0 30 255
    167 135 148 197 0 34 216 162 0 210 255 102 0 255 24 182 179 67 211 8
    251 255 229 0 255 66 0 102 180 172 9 210 164 255 105 255 0 182 203
    10 98 6 174 66 154 196 170 93 0 16 36 248 36 0 65 10 97 238 255 0 77
    131 255 217 21 255 0 0 0 199 148 150 254 146 2 255 201 255 0 255 83
    0 0 255 39 238 232 0 9 83 166 248 193 255 97 195 34 29 0 0 213 70 0
    0 255 203 7 194 255 176 255 0 255 100 0 255 0 23 255 61 0 0 255 249
    177 245 255 62 255 121 151 102 10 0 254 16 205 184 22 136 122 0 76
    183 146 161 137 0 255 29 78 0 255 81 0 151 255 77 0 242 255 158 118
    255 255 195 255 255 0 208 232 112 255 162 63 255 255 0 31 255 44 49
    91 255 224 49 197 255 0 255 78 147 0 94 110 0 255 254 66 255 0 237
    245 12 105 170 255 0 0 129 235 0 174 0 87 26 255 0 103 228 0 123 0
    120 255 255 0 19 55 131 0 0 10 78 255 117 168 36 41 0 97 188 247 56
    0 201 212 0 139 86 94 182 35 141 237 102 24 0 0 71 2 0 255 5 255 130
    125 255 255 0 210 0 110 213 0 41 240 148 2 108 255 255 205 237 255
    60 48 219 0 194 93 255 246 255 0 95 255 0 160 195 15 255 0 159 0 255
    48 169 237 0 225 214 148 121 214 62 116 31 255 167 217 255 2 0 0 80
    167 160 255 209 255 21 61 229 0 183 48 214 181 196 176 197 247 0 0
    52 87 0 35 0 0 119 239 27 0 250 181 59 17 255 103 162 50 138 194 170
    160 176 255 41 190 0 255 144 8 0 42 109 2 0 255 11 255 100 141 255 0
    53 255 255 0 194 255 255 80 202 16 0 249 4 172 255 20 255 220 255 49
    141 77 255 49 60 79 255 8 80 196 196 255 40 37 255 154 197 211 190
    119 0 99 64 226 195 255 143 38 0 55 0 195 235 0 0 0 85 97 255 25 243
    208 127 215 77 5 163 59 228 183 56 6 204 67 11 239 144 80 224 0 0 0
    0 169 0 255 131 152 104 67 235 122 32 0 18 255 120 18 44 200 255 224
    114 252 240 255 230 1 213 39 0 229 0 148 161 75 22 218 0 38 0 66 255
    48 104 187 24 206 13 215 117 0 0 104 65 213 147 0 116 248 67 110 191
    130 105 103 121 35 207 145 190 243 144 70 185 248 255 0 134 255 0 30
    255 134 143 0 40 140 163 194 67 47 234 19 101 0 231 0 142 205 0 157
    251 0 0 94 255 57 15 255 205 254 255 63 50 139 255 242 239 255 21
    255 255 178 0 81 20 37 71 144 26 251 0 187 248 197 151 163 236 35
    155 138 81 43 150 0 168 255 142 0 255 255 193 173 10 0 35 63 149 255
    0 0 204 0 0 108 232 0 255 10 255 255 255 255 97 41 71 83 46 155 186
    255 0 247 195 255 184 0 224 0 43 87 255 185 0 73 0 151 255 0 31 200
    22 121 3 228 212 0 120 255 97 98 255 55 103 78 80 116 0 0 129 1 100
    203 32 0 195 131 0 0 255 85 81 174 196 110 255 78 255 255 76 255 121
    57 142 143 255 0 25 200 73 90 0 100 238 255 255 89 49 159 0 255 14
    130 210 58 139 255 176 34 184 150 17 53 77 52 204 0 255 255 251 79
    152 255 0 255 255 0 230 142 255 239 69 35 218 83 6 255 75 0 255 240
    89 255 50 50 184 60 58 114 196 100 0 51 0 15 255 255 255 255 139 129
    25 200 255 0 56 75 15 0 0 200 115 255 173 245 255 0 186 125 0 137
    255 78 233 44 227 0 108 147 255 148 141 89 64 69 83 139 255 255 255
    233 235 162 255 6 217 190 60 179 216 0 178 222 0 18 229 205 126 174
    203 152 0 0 125 236 181 0 132 169 0 104 255 104 0 0 129 243 108 171
    255 255 196 109 170 181 253 15 0 0 0 0 18 98 59 89 204 0 10 0 60 134
    41 255 0 132 16 175 0 174 255 31 60 41 110 255 61 0 40 0 250 0 255
    180 127 231 255 205 193 111 222 212 180 255 239 145 255 255 255 52
    79 211 107 22 255 0 115 117 0 186 249 171 255 0 209 233 18 99 203
    255 92 58 155 33 255 46 0 31 52 75 91 99 241 48 38 210 120 42 128 94
    184 14 150 129 54 11 243 153 162 11 173 255 13 250 0 25 255 82 229
    154 106 171 255 211 16 46 255 229 180 0 255 87 195 0 0 0 179 255 4
    90 56 255 126 117 235 90 122 0 209 0 255 255 150 113 0 82 152 217
    165 107 171 22 0 0 0 165 233 0 216 255 255 255 255 236 255 254 253
    255 0 182 69 255 0 0 254 0 126 255 0 137 14 244 144 255 119 25 218
    255 255 74 176 79 212 255 80 255 71 255 60 0 78 200 43 89 96 135 80
    69 0 0 218 255 0 0 255 66 255 19 163 237 19 142 159 177 0 0 0 255
    231 255 157 208 255 93 254 6 26 255 50 0 255 255 51 54 155 206 83
    168 47 212 60 255 0 0 255 0 0 163 196 45 255 100 0 50 32 255 255 118
    69 255 58 0 0 81 144 8 188 0 190 255 38 9 0 243 160 255 0 255 22 159
    68 255 0 185 12 46 4 131 56 0 0 192 24 206 48 196 164 255 146 255
    200 0 0 175 0 255 236 80 255 255 44 0 236 255 255 255 0 255 37 108
    221 210 0 0 255 125 218 67 60 16 0 0 0 238 0 49 0 200 26 86 255 0
    107 117 233 128 0 189 109 66 159 0 139 0 0 255 237 255 215 33 229
    171 107 255 6 81 255 255 0 255 146 255 255 210 0 247 164 208 153 39
    0 17 85 102 0 146 193 93 0 76 255 77 121 128 232 144 255 202 152 35
    0 192 0 17 158 205 118 0 54 255 194 74 19 208 158 255 132 26 95 202
    71 30 255 160 0 0 0 0 77 112 255 0 0 255 247 255 130 255 255 255 140
    199 255 255 0 0 0 0 239 255 219 255 223 80 76 0 166 202 198 255 255
    70 170 255 7 229 0 49 18 141 220 105 212 0 221 0 0 104 243 255 255
    46 0 255 113 199 171 243 0 255 255 154 0 255 226 255 176 148 189 106
    255 121 31 13 22 33 87 210 0 30 37 72 120 17 226 196 255 0 255 255
    255 0 255 102 94 52 255 255 255 113 214 131 203 255 93 120 143 255
    248 0 255 0 255 0 117 162 0 0 35 27 241 0 0 86 0 0 255 0 218 122 236
    0 92 179 255 139 163 255 12 178 155 56 0 62 83 0 0 0 131 98 21 255
    255 0 255 215 242 255 125 18 236 0 255 143 1 255 248 75 45 23 57 43
    255 26 0 255 200 108 0 255 229 179 39 36 0 225 80 0 0 250 75 189 193
    255 0 63 228 46 42 51 254 71 43 210 72 66 127 255 150 0 75 94 210
    157 38 71 0 0 0 68 32 2 0 24 26 195 0 155 253 28 234 200 255 198 255
    110 187 195 47 134 0 106 0 0 255 0 71 171 144 0 91 198 0 244 121 255
    127 136 255 59 0 195 162 255 71 229 0 215 60 189 91 1 170 249 132
    184 255 255 172 0 255 0 255 61 0 0 29 0 200 33 181 255 69 212 255 1
    79 83 32 176 204 0 69 221 243 87 255 255 24 106 255 210 7 11 190 255
    82 103 84 188 143 255 32 0 255 132 242 0 49 0 29 167 66 125 72 69 16
    229 18 92 10 255 255 21 74 172 97 116 255 200 255 112 6 0 116 0 184
    225 176 110 0 51 166 255 155 255 8 255 4 137 0 155 255 227 52 196 0
    212 103 8 172 0 0 255 43 0 109 255 0 12 0 250 0 253 0 226 0 58 255
    78 255 64 83 212 125 200 138 0 0 0 38 0 220 239 0 91 118 62 255 0
    255 247 230 73 232 0 234 134 78 255 189 176 249 0 70 11 11 220 80
    248 255 222 255 231 14 0 236 199 170 24 0 57 64 61 207 18 11 255 255
    24 145 235 69 0 174 126 0 16 255 131 159 244 84 50 137 197 41 68 0
    255 60 110 37 138 255 255 0 91 255 217 191 22 15 255 0 152 228 37
    166 255 255 57 181 0 190 0 15 143 233 0 0 214 87 0 8 13 194 221 255
    0 11 0 167 10 51 223 101 77 71 175 171 0 85 255 243 0 255 97 170 0
    106 229 29 44 162 225 225 245 210 114 0 2 255 3 108 44 255 6 250 255
    6 0 255 191 132 146 125 108 189 0 255 0 186 175 82 255 121 0 0 0 45
    255 0 0 241 0 51 0 91 123 0 0 177 94 54 72 249 255 227 92 255 29 255
    12 204 191 5 89 111 212 218 0 150 255 255 84 55 133 255 72 255 178
    22 255 0 25 179 18 209 30 28 0 255 144 246 201 0 0 255 92 240 0 255
    103 0 255 255 43 0 131 255 255 68 255 37 114 255 187 54 20 60 172
    189 244 116 74 60 0 169 241 0 45 241 0 16 39 12 19 56 255 0 162 106
    130 205 102 242 255 82 14 170 205 235 255 45 255 138 82 0 0 241 201
    175 2 255 180 218 255 125 0 13 123 140 22 0 92 0 140 255 0 0 186 88
    135 151 255 0 181 141 143 247 0 255 235 255 255 56 46 0 240 242 245
    251 255 0 255 143 0 0 0 73 172 118 250 247 0 136 207 212 0 18 157 0
    223 255 0 194 0 0 255 63 59 255 255 20 69 0 10 0 0 246 226 33 0 25
    255 139 62 0 85 201 26 201 12 0 0 255 213 138 255 222 91 255 130 206
    191 198 32 190 0 136 206 87 232 231 194 165 255 235 218 125 132 193
    0 84 255 43 167 117 0 181 0 46 165 0 99 213 234 255 255 255 255 255
    47 18 113 255 0 67 196 196 0 73 202 40 35 49 42 136 32 163 255 0 213
    27 52 177 157 122 192 212 0 0 143 255 255 71 255 255 248 188 0 241 0
    129 190 255 255 255 0 71 0 130 146 241 38 0 190 255 255 33 255 142
    110 255 0 38 55 81 0 231 164 248 50 219 151 251 255 246 40 85 88 0
    241 184 0 0 125 0 0 255 48 114 18 255 0 134 0 127 255 0 28 255 0 189
    9 223 167 255 189 254 0 0 115 242 110 0 81 255 0 255 123 205 252 158
    0 0 96 179 74 79 255 0 255 210 230 227 240 168 239 210 148 255 96
    255 255 33 0 124 81 240 255 255 82 0 0 0 137 162 143 0 12 245 103 0
    255 136 194 231 255 208 172 94 0 50 117 193 75 0 255 0 132 255 255 0
    0 111 93 0 153 0 178 0 169 0 240 27 32 11 233 0 3 255 0 255 206 214
    140 133 216 255 146 17 185 21 255 11 197 128 255 217 152 255 74 0
    136 68 0 42 27 0 255 189 51 255 255 230 117 175 255 77 67 88 53 255
    0 255 111 170 255 230 51 216 109 255 0 0 255 90 0 255 0 242 147 0
    248 92 93 22 0 64 11 253 235 255 255 168 255 0 255 0 42 231 255 98
    196 183 199 61 0 3 255 0 54 227 25 0 223 145 255 102 251 0 80 143 12
    158 215 20 0 20 181 184 6 0 173 81 173 22 0 193 101 0 0 0 0 255 74 3
    1 0 37 160 255 255 255 0 146 155 0 214 221 255 255 253 222 80 0 147
    0 24 146 53 0 206 242 51 107 228 128 88 174 82 181 78 238 110 171
    137 0 71 255 0 0 0 78 6 117 225 22 208 236 255 255 143 0 255 53 0 31
    130 146 190 168 255 255 135 163 126 255 82 57 255 255 62 22 239 87
    255 35 58 169 44 140 0 0 190 119 0 41 0 255 81 0 255 249 245 204 0
    93 30 255 255 0 0 225 0 91 255 0 0 110 61 0 255 36 184 170 255 126
    36 226 177 158 152 45 0 154 0 189 75 58 51 0 255 75 0 126 255 255 56
    255 0 0 183 0 169 10 50 0 255 137 101 255 0 69 255 0 218 0 202 27
    255 127 255 161 168 181 219 88 0 149 81 255 15 18 234 0 255 140 0 0
    3 21 0 159 242 75 44 254 169 1 22 173 40 144 255 0 183 6 63 255 68
    224 255 230 0 142 255 17 9 25 215 0 140 209 55 227 96 0 0 255 241 97
    10 0 108 138 0 0 16 255 0 255 36 255 92 66 163 0 178 61 255 159 5
    103 75 249 215 66 169 64 231 0 240 162 154 134 229 177 135 0 236 0
    230 29 31 172 224 0 255 255 74 178 0 0 15 0 255 33 255 255 195 138
    255 223 0 151 0 233 255 148 0 179 255 102 6 0 229 255 39 0 214 255
    232 255 0 0 205 17 255 20 229 222 19 55 255 0 255 255 110 255 53 91
    221 255 0 144 187 255 129 255 10 180 0 190 48 5 255 163 63 206 54
    100 33 90 0 68 234 36 0 190 0 147 220 255 255 139 255 223 255 255
    187 0 193 50 94 224 18 255 67 255 20 7 144 8 246 110 115 73 255 0 0
    0 227 27 0 91 0 255 243 248 67 85 56 255 83 244 140 226 247 103 67
    139 19 175 14 54 0 239 145 0 0 87 255 162 255 176 228 209 255 0 64
    154 0 64 0 80 255 131 255 255 255 233 149 255 7 0 0 105 255 196 185
    0 255 254 155 255 174 73 8 118 101 185 232 255 2 47 0 255 201 255
    255 168 225 152 255 255 255 255 0 252 120 0 23 0 126 0 74 41 198 255
    212 0 68 136 106 255 255 120 32 127 255 236 82 218 255 255 0 0 104
    181 41 133 207 255 0 255 255 138 255 0 50 144 133 255 49 107 233 128
    57 19 0 49 211 86 238 148 45 0 255 1 131 228 237 0 255 64 67 214 255
    41 0 0 67 0 30 97 129 146 0 255 248 168 0 255 255 0 83 12 127 33 101
    255 80 255 200 133 150 156 97 255 0 104 19 0 219 0 142 14 139 99 189
    15 53 10 23 248 30 0 103 136 255 6 255 0 19 136 144 225 255 255 82
    255 0 197 255 255 165 255 0 0 147 95 0 255 0 255 70 255 125 255 200
    114 215 61 133 255 255 255 255 255 96 255 41 203 127 120 192 132 255
    225 74 136 0 255 20 59 65 255 248 255 101 255 95 91 0 0 14 0 0 0 172
    53 255 220 255 139 22 1 255 55 255 165 255 219 52 255 220 155 255 66
    255 69 222 88 255 0 255 0 103 183 77 103 78 0 54 71 193 168 214 0 75
    134 0 255 30 8 255 0 0 157 115 0 63 12 0 0 164 255 248 225 123 105
    21 128 239 154 170 13 0 0 0 0 180 8 4 225 0 105 125 148 255 55 255
    229 22 166 89 140 255 141 1 255 0 185 11 207 212 255 204 0 36 255 8
    0 0 42 140 55 255 255 122 74 187 213 31 255 221 195 113 32 255 160 0
    102 186 183 96 219 132 242 249 0 255 239 0 255 255 99 160 136 177 0
    175 3 0 203 0 0 179 255 149 184 170 148 0 255 255 59 231 0 221 160
    106 52 255 0 0 255 255 32 208 143 0 74 51 96 85 0 248 144 167 137 0
    136 0 0 24 150 255 0 216 25 61 255 121 0 255 165 0 91 97 32 255 62
    121 2 64 255 255 0 255 0 1 115 69 124 0 166 0 0 0 0 0 205 160 0 238
    255 255 103 189 0 255 66 151 255 0 255 106 68 184 83 138 255 255 217
    255 132 0 31 54 253 48 0 132 157 96 137 74 126 38 77 213 219 254 225
    0 248 9 59 16 0 94 255 153 65 196 230 0 255 219 51 123 161 196 255
    218 255 168 255 255 85 185 27 192 6 153 255 255 119 163 0 157 140
    255 54 41 89 163 39 85 255 115 226 133 165 0 146 35 15 216 255 157
    142 227 153 255 77 142 255 255 25 147 26 232 0 0 88 147 0 247 47 215
    0 255 199 112 43 146 126 0 91 100 255 86 87 73 141 255 83 255 147 0
    130 175 0 95 255 51 11 177 122 15 49 194 165 16 255 102 92 137 255 0
    134 255 188 88 213 255 102 255 13 0 162 40 181 11 0 75 0 26 255 216
    255 76 255 64 159 255 15 139 176 204 0 49 138 255 255 226 212 73 179
    0 45 255 177 63 0 51 221 255 0 0 255 10 53 0 83 195 255 239 229 92 0
    190 93 255 217 155 11 138 53 222 149 147 170 48 0 138 0 145 0 68 239
    227 255 220 143 7 220 12 71 63 161 64 255 162 100 255 98 255 45 217
    0 0 26 255 255 112 0 0 87 126 0 250 118 159 0 94 66 0 57 0 0 71 0 14
    182 255 78 255 244 71 60 255 255 159 148 64 0 137 230 255 0 255 94
    251 110 221 196 46 104 15 125 206 203 75 0 25 255 113 193 0 146 66
    89 238 83 0 78 193 0 255 155 0 16 0 139 187 28 43 13 255 255 36 111
    0 255 174 99 255 255 188 0 234 0 90 35 0 55 179 0 44 0 0 163 255 127
    0 0 0 123 155 149 255 255 255 0 8 187 255 11 103 106 225 255 83 255
    94 22 0 0 194 255 255 0 198 0 0 255 0 103 107 88 161 59 2 0 242 255
    105 255 0 198 43 221 109 33 206 255 200 208 74 94 255 243 136 45 145
    34 218 220 19 213 0 67 194 135 134 0 255 0 157 34 255 32 232 255 255
    224 80 44 0 128 24 93 255 56 255 36 250 0 232 3 177 77 0 148 44 151
    124 215 10 255 26 0 34 205 139 0 182 62 0 25 12 211 145 255 175 255
    0 27 180 34 255 48 59 177 37 0 217 156 148 255 18 255 255 78 113 255
    165 7 90 181 156 255 0 105 0 255 102 0 69 103 188 42 39 6 38 17 255
    180 124 115 255 255 2 0 140 134 0 0 128 255 4 229 213 255 125 200
    255 0 255 0 102 255 27 221 200 226 0 110 62 0 255 22 255 23 184 120
    0 0 255 0 0 206 34 0 102 125 99 67 255 11 152 252 74 164 160 198 255
    205 40 101 0 85 174 255 183 159 0 206 62 233 81 251 0 221 255 125
    189 172 152 255 0 226 93 239 57 255 0 28 255 25 138 255 230 118 255
    79 69 255 0 196 74 87 22 13 168 70 159 0 221 54 255 255 149 185 255
    40 255 166 230 0 170 142 13 75 255 189 255 192 0 49 0 0 8 255 232 0
    246 0 140 255 41 207 216 255 64 213 255 255 255 0 173 72 177 240 222
    158 192 191 211 0 0 246 146 182 0 255 77 91 239 0 0 255 0 200 255
    255 100 199 0 255 0 107 191 199 0 0 22 214 0 0 249 242 114 0 173 0
    255 0 255 34 116 0 255 255 0 255 44 181 124 254 0 14 0 202 125 141
    29 19 78 255 155 255 47 13 98 0 255 190 85 255 209 136 74 255 254
    255 6 50 240 255 255 128 255 255 224 40 117 182 255 25 77 29 211 13
    247 0 253 205 82 7 0 208 255 247 146 201 255 51 255 224 196 255 0
    147 16 49 117 255 143 0 0 35 255 0 255 0 255 0 0 0 0 225 65 170 157
    119 0 255 53 0 255 255 255 109 167 255 151 0 0 0 114 162 20 239 255
    125 225 255 164 134 68 0 9 0 117 100 214 255 16 189 110 251 0 219
    129 56 71 19 24 180 0 252 0 255 151 137 255 107 187 20 0 252 0 0 255
    172 96 155 255 245 255 242 187 179 84 117 3 0 77 255 180 0 255 232
    238 254 29 0 255 0 141 15 255 162 36 151 137 88 97 255 255 111 42
    134 92 193 210 61 77 93 236 0 250 183 116 205 0 233 255 178 173 238
    221 0 237 0 90 255 1 217 8 7 255 255 255 97 255 98 0 255 21 98 176
    244 37 135 114 45 0 0 255 0 237 165 160 93 215 255 196 0 255 0 255
    167 91 84 255 0 184 92 255 246 255 223 189 1 0 175 20 255 157 129
    255 229 0 198 0 184 255 176 255 208 36 178 255 101 174 226 0 193 46
    145 255 150 5 255 20 0 132 72 4 227 103 125 62 0 135 255 73 94 124
    110 211 213 255 0 124 231 255 53 20 255 255 0 148 83 50 160 238 170
    255 15 1 41 0 0 233 0 76 52 0 132 222 0 45 117 255 213 42 0 0 0 0 13
    221 255 96 178 208 255 29 7 0 255 255 255 151 22 103 255 0 167 34
    135 0 34 255 28 250 245 0 0 255 176 143 12 255 0 0 0 255 188 97 255
    0 68 0 0 0 90 255 147 214 0 0 106 3 232 129 201 20 0 105 57 0 0 177
    32 255 0 178 140 32 5 255 241 244 0 255 9 111 0 255 187 255 214 102
    255 255 68 255 178 255 171 147 218 0 117 0 76 255 60 255 194 126 223
    230 255 74 236 68 255 175 0 189 106 255 22 18 0 255 85 180 0 0 236
    149 150 0 66 169 255 0 226 77 186 0 255 85 56 202 255 0 255 0 0 255
    56 0 0 69 5 0 255 150 255 146 255 0 255 156 255 26 152 2 255 210 80
    230 255 255 63 59 104 255 241 210 14 0 48 0 125 35 41 255 194 145 0
    21 160 255 18 166 255 255 186 255 0 122 255 13 132 0 231 0 244 242 0
    187 189 5 45 232 255 245 26 255 0 200 231 0 148 0 242 255 139 191
    255 255 179 0 255 11 255 255 0 109 79 98 255 133 255 255 100 0 255 0
    255 0 255 123 0 0 239 0 172 213 189 171 199 188 35 142 255 0 92 181
    64 255 6 255 78 70 255 5 83 3 29 0 44 103 49 170 116 95 33 146 0 53
    0 0 169 31 0 173 255 0 191 255 206 40 110 255 243 255 69 0 0 55 255
    255 186 25 255 0 255 255 0 0 200 28 0 106 123 189 43 0 110 66 192 54
    255 224 190 225 39 0 0 190 0 183 231 62 42 255 25 140 255 229 0 131
    131 192 163 163 198 128 209 29 0 255 255 62 77 195 121 111 0 255 101
    0 254 0 208 179 0 0 255 182 0 255 139 255 35 220 255 255 240 201 255
    255 136 126 0 0 87 206 212 4 0 225 255 167 72 218 10 255 198 255 6 0
    50 55 221 255 169 158 149 255 84 222 228 87 96 11 27 103 233 64 105
    255 111 0 255 83 69 0 134 146 0 64 255 248 169 113 174 255 0 255 84
    0 189 147 0 3 69 255 55 42 30 33 0 0 255 227 157 140 132 27 180 172
    255 0 47 82 229 0 180 134 54 160 197 0 255 231 248 232 255 255 0 179
    255 91 95 255 255 255 0 234 165 178 89 222 53 175 168 0 88 105 93
    234 62 255 23 118 55 215 0 92 212 10 255 20 0 255 0 0 255 238 255 0
    54 114 0 107 255 0 193 130 68 255 209 0 0 92 0 101 149 255 255 30 51
    92 0 115 170 0 0 64 213 255 195 117 78 0 52 0 255 255 0 255 165 239
    37 135 252 0 255 88 191 251 171 222 0 0 255 0 13 253 255 31 154 94 0
    0 137 33 95 0 247 35 255 216 209 157 255 0 23 17 58 45 255 255 63
    146 90 24 221 0 33 22 255 255 0 44 255 0 102 255 64 52 0 116 78 0
    193 255 215 109 23 66 235 192 255 207 0 0 11 116 255 0 110 28 158 15
    255 255 60 255 0 202 255 255 85 205 0 186 0 203 230 58 255 226 196
    248 186 229 218 245 105 78 255 103 154 255 255 0 125 153 156 247 255
    255 37 0 182 132 35 255 255 255 255 32 255 123 255 255 255 107 200
    174 231 106 42 255 255 10 255 67 128 54 226 234 0 131 227 155 214
    120 126 255 63 229 170 0 0 0 75 255 163 164 255 17 44 0 244 253 255
    139 255 246 0 218 139 20 0 172 0 170 255 185 0 0 255 255 184 255 162
    0 116 186 27 25 235 255 53 157 166 126 0 255 209 218 255 96 103 255
    114 216 0 0 49 255 255 162 255 172 167 216 127 0 0 43 247 0 222 168
    127 255 255 237 255 19 32 255 116 0 104 188 40 132 144 78 147 156
    133 255 0 0 0 238 0 255 255 0 0 0 0 0 97 255 100 2 255 169 148 0 255
    163 249 193 92 31 99 149 70 255 129 125 166 17 255 10 223 255 255
    156 16 59 250 162 0 195 255 126 0 0 255 255 0 0 0 187 36 122 181 86
    96 161 0 255 119 255 48 36 93 25 3 89 235 122 200 255 0 255 255 71
    255 207 255 197 83 255 0 147 0 255 96 144 218 47 141 255 111 27 121
    127 100 146 255 84 220 255 31 170 155 255 0 233 255 6 114 223 113 32
    130 238 0 108 73 0 255 207 148 69 144 0 255 130 146 255 51 109 255
    170 187 226 255 41 0 0 68 159 215 3 44 129 8 0 255 187 0 183 38 81
    171 0 44 255 255 255 38 255 175 0 0 0 0 44 255 75 15 0 0 132 189 0 0
    87 93 93 0 141 0 0 83 38 0 202 0 217 101 86 255 0 255 245 180 227 92
    59 0 98 40 0 44 9 0 0 94 255 134 126 255 107 19 0 255 33 15 174 230
    148 19 92 39 0 59 255 203 22 255 72 104 100 25 255 14 113 171 255
    255 0 109 108 60 150 0 112 83 83 255 255 6 35 255 125 12 136 78 0 45
    0 182 110 130 150 43 60 239 0 220 255 255 0 123 63 0 57 135 0 127
    200 0 206 193 0 244 178 5 255 254 255 255 255 164 255 143 218 255 0
    8 0 188 0 0 225 0 0 0 255 0 20 255 0 10 124 6 0 3 29 117 85 255 169
    255 0 255 177 111 255 90 255 162 241 221 182 132 83 98 176 221 233
    174 0 255 243 183 89 150 0 18 255 37 173 157 255 66 0 255 104 244
    248 115 83 255 21 255 93 32 255 255 226 201 72 153 255 96 255 0 22
    255 82 132 0 150 193 255 103 9 32 255 249 209 206 84 125 251 0 6 100
    236 217 132 0 204 255 255 182 255 42 235 184 190 157 0 130 255 231
    161 195 223 0 229 82 178 255 255 39 2 255 201 26 255 12 96 25 107
    149 255 85 255 0 63 251 197 43 104 44 67 255 0 169 145 0 255 159 186
    72 166 0 236 111 159 75 106 222 254 145 200 0 64 255 0 177 44 219 89
    255 111 121 53 53 20 227 106 142 194 89 255 119 0 245 84 0 231 255 0
    229 129 36 242 0 82 236 0 236 0 101 255 215 0 12 250 255 137 209 255
    185 66 91 239 0 255 255 0 228 0 255 53 188 114 137 255 87 37 150 8
    82 0 236 101 130 54 78 34 255 135 102 143 158 18 255 255 255 174 118
    209 244 0 146 89 255 91 0 171 197 255 0 17 177 155 0 255 0 10 37 138
    0 255 230 253 212 233 129 255 0 204 179 255 190 174 255 0 233 202
    190 0 153 255 78 255 0 149 255 125 255 0 0 62 97 114 255 100 174 29
    86 0 255 49 177 172 247 247 227 0 86 22 38 228 255 22 172 255 182
    124 0 247 5 62 115 250 112 66 192 220 63 150 220 44 109 33 7 0 17
    230 76 67 191 255 233 1 115 176 69 255 187 13 246 0 0 221 255 157 23
    71 255 0 206 28 57 214 212 196 0 60 72 255 255 255 0 255 40 11 255
    177 149 255 188 0 251 72 255 0 221 173 63 0 200 219 92 137 110 144
    255 135 147 249 115 111 0 8 244 94 224 255 196 255 0 4 255 229 90
    101 188 255 98 35 8 47 133 34 0 189 134 205 255 23 139 255 67 165
    177 0 8 226 147 255 0 152 104 149 255 100 56 255 255 255 109 14 126
    142 144 73 86 255 219 255 255 44 247 255 180 230 255 210 255 221 92
    69 255 255 0 0 161 1 0 0 255 255 0 255 3 41 255 164 146 70 52 220
    255 255 185 255 159 27 255 0 1 255 147 147 7 0 47 0 55 117 10 143 0
    235 7 255 53 8 255 147 112 94 0 0 255 24 9 0 73 255 255 185 14 13
    228 1 105 0 0 107 95 18 209 164 133 0 1 207 103 255 0 8 255 255 222
    193 255 151 249 255 249 69 194 93 255 199 255 36 255 0 182 255 255
    39 10 136 255 0 0 175 8 237 50 255 211 170 255 0 221 255 89 255 244
    94 103 227 16 9 194 190 255 250 0 255 255 0 0 212 71 3 231 236 235
    202 64 255 107 255 0 255 255 255 55 0 0 89 240 0 58 144 95 255 0 245
    0 255 203 86 188 47 255 5 255 255 3 255 1 152 234 194 247 118 71 75
    30 0 9 224 255 215 255 71 50 77 255 188 18 78 255 0 255 255 248 40
    93 118 127 255 226 241 53 232 25 255 23 0 33 72 255 220 255 22 36 85
    45 91 130 1 0 168 93 57 255 234 231 143 155 0 108 0 160 0 166 105
    221 255 179 230 255 91 241 146 45 45 113 195 111 0 39 0 0 35 76 255
    83 82 255 130 0 129 52 192 204 255 255 160 193 0 92 255 100 135 77
    38 147 154 80 187 47 0 184 97 128 255 9 98 0 73 18 83 2 255 178 120
    255 196 21 168 0 140 0 105 5 0 0 255 0 103 98 0 5 62 0 188 0 150 21
    0 255 0 172 107 50 255 255 29 0 255 214 0 118 241 32 255 105 125 220
    236 153 12 62 98 0 227 0 255 133 255 54 255 255 36 163 255 105 7 241
    167 247 60 0 74 212 106 0 129 0 50 66 0 152 0 0 100 183 0 250 255
    255 62 255 194 0 133 127 82 150 58 183 255 144 255 0 239 221 255 192
    14 137 255 132 0 255 111 35 0 108 0 137 157 46 127 139 53 255 0 73
    138 152 134 64 255 255 72 2 255 45 0 138 197 214 69 255 90 0 255 0
    255 184 251 43 255 83 0 255 61 203 0 167 71 111 255 0 135 255 57 255
    0 0 224 30 255 255 252 252 0 58 9 2 255 74 255 73 211 183 0 19 233
    16 240 128 90 5 7 107 23 192 255 105 255 18 255 171 195 155 255 0
    255 213 219 184 0 78 227 236 33 0 33 99 255 255 255 115 244 255 170
    0 155 250 0 255 185 107 255 96 255 255 153 255 199 0 128 129 15 51 6
    0 199 255 255 0 132 73 197 0 255 90 226 223 62 227 233 0 194 139 0 0
    238 171 188 120 0 88 22 255 0 0 248 103 147 255 124 255 91 255 155 0
    41 102 0 0 255 85 255 255 0 0 232 204 0 42 168 169 84 54 113 0 101 0
    148 90 52 114 239 255 255 255 4 0 27 111 15 187 67 234 161 70 166 36
    0 238 0 123 215 0 251 5 255 159 62 71 64 186 236 66 28 255 125 0 69
    255 0 209 0 0 0 71 255 0 171 204 0 197 215 250 255 16 255 171 255
    175 255 255 255 21 123 4 0 92 133 12 0 191 255 44 181 255 1 18 150
    157 180 114 13 86 0 186 253 11 192 76 111 130 91 81 54 255 74 110
    153 141 154 0 255 0 0 164 96 62 141 69 114 234 255 254 255 215 0 160
    211 46 57 255 0 0 49 0 94 100 167 255 17 110 163 255 55 241 26 0 114
    42 231 255 204 0 255 0 0 201 191 19 0 128 255 100 7 9 255 195 0 159
    251 0 211 0 109 255 73 255 149 149 255 146 0 255 222 0 112 178 238
    214 255 160 44 202 255 167 255 255 206 0 125 173 60 0 60 189 123 123
    253 132 255 255 255 0 0 255 251 228 255 0 4 170 2 210 255 179 246 35
    0 0 244 0 142 255 0 255 255 104 0 255 0 204 52 241 0 0 0 31 0 145
    156 140 46 0 0 255 101 154 199 207 150 0 255 193 38 255 225 207 173
    148 57 211 25 255 0 0 255 0 236 239 0 143 0 200 255 0 90 255 255 255
    213 70 22 17 250 7 181 0 83 0 242 255 33 48 0 255 0 127 11 0 53 0 31
    39 121 13 0 153 236 108 229 44 215 224 0 13 13 10 93 104 0 160 51 17
    191 255 61 255 192 68 255 255 233 134 159 128 195 183 64 255 255 152
    255 138 255 123 109 255 0 221 255 175 193 255 188 73 0 52 0 0 255 71
    255 255 37 0 150 207 255 236 47 79 31 25 101 223 57 0 48 102 50 255
    0 0 90 123 105 108 255 234 141 82 255 23 0 16 0 40 255 0 75 41 0 175
    16 255 255 167 206 0 0 31 0 0 87 19 183 255 255 0 255 198 133 81 161
    0 0 219 255 255 206 113 151 255 0 0 255 255 144 0 126 0 0 255 0 85
    255 187 255 14 255 97 196 222 255 43 255 159 58 226 44 0 255 180 13
    119 255 246 36 72 78 0 118 0 42 146 0 0 199 95 255 247 208 210 240
    255 255 0 17 176 0 167 174 242 0 109 255 195 117 255 239 0 255 255
    173 0 223 113 0 255 220 25 206 255 76 255 255 255 237 0 61 255 80 51
    125 113 55 255 255 198 155 173 9 0 255 49 0 111 66 133 17 167 78 129
    0 43 109 252 219 44 0 255 0 178 70 35 0 0 0 0 160 113 107 135 136 34
    60 217 36 17 9 0 255 147 244 20 192 97 81 255 255 0 234 211 83 17
    253 152 255 101 0 30 12 7 0 0 0 10 255 34 255 102 244 239 255 5 255
    181 222 255 48 42 190 0 201 0 152 40 21 191 255 193 255 255 255 0 0
    55 196 0 228 0 73 0 255 0 255 255 187 0 227 124 226 79 115 127 213
    255 167 50 0 237 200 231 99 0 255 193 119 255 0 31 0 255 0 36 255 0
    137 255 64 124 0 255 173 50 0 162 11 0 231 110 255 254 151 83 174 0
    100 132 75 168 255 0 67 232 103 122 87 46 0 109 255 255 66 255 255
    150 202 255 75 255 255 0 179 255 255 96 170 20 0 177 5 250 255 156
    31 53 179 221 255 104 234 73 55 255 186 94 143 47 0 0 154 93 255 255
    68 108 48 255 0 0 255 0 255 155 0 255 55 4 226 187 255 0 0 0 0 0 255
    73 255 47 33 226 203 252 255 222 23 15 255 0 0 79 109 220 87 21 0
    255 0 0 0 46 148 73 140 223 237 0 51 0 187 205 83 53 254 231 0 255
    74 203 0 255 255 20 255 255 180 0 49 110 255 40 158 75 178 255 29
    147 195 26 229 255 111 0 83 112 255 90 33 0 255 255 119 210 255 107
    188 0 0 139 241 15 255 0 0 197 255 255 179 141 255 70 0 214 0 194
    255 255 161 0 243 0 81 174 255 120 255 160 201 72 198 0 255 217 95
    188 255 0 246 197 0 197 171 249 113 0 255 51 61 255 189 43 255 198
    37 0 0 0 255 206 135 127 0 205 255 21 28 255 156 250 140 203 0 207
    122 74 0 179 184 0 255 0 145 194 182 93 0 238 192 207 194 69 163 0
    247 0 149 110 0 189 0 144 177 40 0 0 104 0 0 0 255 0 250 0 0 225 23
    255 184 55 101 196 0 46 203 255 254 213 1 163 26 0 255 15 0 212 104
    109 0 0 253 185 0 111 204 139 197 55 0 212 2 0 73 21 231 0 0 74 177
    0 62 0 191 255 0 68 170 0 137 32 0 170 200 255 78 213 0 214 255 8 0
    61 159 209 255 70 194 255 87 236 140 148 203 136 198 230 255 129 34
    26 97 140 94 0 0 64 81 196 200 3 0 156 255 81 86 200 0 0 255 90 150
    181 47 0 255 179 32 40 255 238 106 102 0 0 0 145 255 7 200 255 104
    255 163 0 193 130 248 255 215 0 131 0 36 0 213 0 108 0 106 0 255 243
    59 101 179 255 255 149 33 72 161 122 255 0 193 0 255 64 146 177 147
    144 169 0 255 128 0 80 73 169 85 0 85 0 255 206 255 255 130 211 255
    230 136 0 255 255 0 218 141 0 39 164 45 255 52 245 255 231 84 98 0
    154 15 0 255 185 159 0 0 0 62 0 117 247 195 252 125 200 203 107 10
    106 0 255 210 133 0 192 0 0 0 184 0 255 173 2 63 148 7 0 0 105 181
    155 255 0 88 89 255 255 243 132 255 255 4 255 255 255 147 52 64 14
    41 65 0 0 95 255 31 175 255 0 186 219 255 53 130 113 184 255 177 18
    165 12 45 124 0 255 0 0 44 42 77 253 163 255 255 0 17 255 163 68 39
    75 158 207 21 103 200 0 224 80 255 49 255 28 52 0 0 183 0 0 80 255
    108 2 255 8 40 255 0 186 136 211 71 255 0 146 209 78 44 255 195 187
    131 255 147 0 255 220 0 158 0 9 18 0 60 78 0 193 96 79 163 0 255 39
    255 255 229 64 214 151 238 0 0 111 170 101 141 0 0 123 255 174 127
    85 129 56 158 25 225 243 60 255 12 0 84 221 255 255 50 93 30 255 0
    16 22 218 0 255 182 0 64 0 108 255 20 114 0 4 132 165 253 3 255 255
    255 153 104 0 185 105 137 91 255 0 99 202 205 11 190 12 16 0 255 183
    111 0 255 226 37 0 214 229 163 202 182 191 84 0 255 255 200 255 0
    255 47 0 171 208 198 18 255 255 255 183 59 115 128 255 0 247 0 151
    192 72 246 211 0 147 255 14 37 255 0 31 0 207 14 241 228 255 110 255
    154 11 93 237 163 108 161 114 141 255 0 124 131 188 255 255 0 255
    248 47 0 255 255 36 179 255 45 255 177 4 96 80 233 5 255 89 226 241
    0 57 53 47 255 0 147 0 246 255 255 239 0 255 0 0 64 0 185 87 0 57
    130 0 0 14 0 123 0 92 255 122 113 123 255 0 255 182 35 252 0 255 255
    255 0 23 255 204 203 88 167 163 255 0 62 255 184 12 0 55 0 96 0 255
    192 73 99 255 212 209 255 255 255 228 211 0 0 0 250 131 0 27 255 125
    255 247 255 57 236 255 2 233 92 57 159 0 0 45 56 255 176 54 9 143
    255 92 124 75 122 114 255 109 0 66 247 0 255 0 0 149 0 12 178 119 0
    234 122 123 0 0 255 73 143 255 251 66 0 208 255 60 255 255 255 193
    255 237 110 255 67 231 84 104 255 0 0 203 67 117 0 255 255 0 180 217
    134 10 90 86 88 255 255 255 255 255 200 189 58 0 165 93 0 255 38 177
    226 255 177 255 255 0 0 163 0 255 255 103 40 63 3 0 255 94 230 124
    64 34 180 252 132 255 89 0 92 0 129 255 255 157 243 208 242 101 231
    255 48 15 96 149 0 255 255 130 89 0 0 250 255 88 255 255 84 255 178
    125 104 255 255 241 255 255 247 255 178 199 110 255 207 0 121 46 255
    144 147 209 250 133 0 146 226 0 0 255 255 177 124 243 28 77 255 253
    133 170 245 49 38 0 255 255 157 131 0 229 94 140 255 0 35 157 255
    108 162 131 60 0 184 129 126 0 41 255 20 255 255 0 33 255 255 226 0
    255 255 123 251 255 81 0 149 255 0 137 255 0 80 108 147 191 224 137
    255 66 82 162 0 255 105 0 17 148 213 255 0 0 13 223 111 0 159 0 0
    196 0 0 129 0 82 240 255 21 61 104 21 255 255 200 62 239 43 255 42
    255 83 0 255 38 31 255 162 41 255 98 11 0 78 62 16 255 17 63 0 199
    251 255 0 240 200 255 222 61 113 255 255 156 233 0 177 255 0 127 0 0
    97 0 10 5 255 178 0 71 39 181 120 89 225 255 131 255 255 20 0 109 0
    108 63 73 11 32 218 83 91 255 59 174 71 151 125 34 131 235 100 182
    255 208 117 255 30 13 126 177 131 61 101 0 104 193 247 94 187 55 63
    18 203 85 216 250 255 164 61 146 47 45 0 16 27 179 92 0 131 0 4 188
    196 255 130 255 138 88 93 164 254 0 31 173 200 162 230 181 66 255
    189 197 26 128 172 255 0 255 0 138 60 0 4 8 0 247 57 120 255 141 44
    30 0 255 122 0 13 220 0 158 230 0 211 255 255 22 79 68 87 244 169
    255 109 123 91 0 0 255 179 110 255 0 255 27 255 108 0 255 253 253
    255 0 163 245 231 139 234 63 187 237 255 30 245 255 197 255 6 255
    135 255 195 86 0 0 17 38 255 108 255 30 255 252 87 28 233 27 255 36
    9 241 36 0 192 183 3 0 73 0 105 213 0 114 151 22 227 211 89 43 100
    67 0 254 0 56 197 130 0 174 76 46 31 96 127 255 255 212 20 0 51 255
    255 0 139 255 255 0 0 153 139 195 255 228 255 215 255 255 255 0 76
    106 143 255 206 146 255 140 127 223 255 76 255 112 0 41 251 171 109
    12 0 153 9 117 255 181 175 176 66 157 0 108 0 227 0 146 123 243 154
    232 172 23 0 80 255 224 149 83 124 140 0 110 0 252 0 0 198 73 0 255
    255 34 255 216 0 0 0 210 73 255 78 255 255 226 38 120 170 255 0 255
    222 71 159 204 245 255 0 175 88 5 0 0 255 0 0 48 255 40 103 255 0 0
    78 255 0 0 186 255 0 85 0 160 255 172 255 243 0 43 227 83 204 133
    193 243 134 255 0 255 170 216 255 117 255 122 150 25 121 160 24 245
    0 71 199 121 0 248 117 0 138 0 203 255 37 171 255 0 122 213 0 250 0
    0 196 255 255 223 75 47 142 169 162 0 255 48 244 33 59 47 255 0 69
    204 213 236 36 106 255 84 10 0 169 46 155 255 246 33 255 1 148 237
    84 153 187 200 158 0 96 108 1 255 205 255 72 242 13 255 126 255 128
    0 143 0 154 238 0 0 142 245 0 149 161 197 255 0 255 0 255 255 0 28
    205 20 139 133 255 107 0 255 40 0 0 223 0 210 68 0 10 95 255 231 5
    159 161 62 91 173 0 123 106 146 106 130 12 255 195 0 19 193 60 255
    158 96 210 0 252 180 0 206 255 0 188 198 251 40 0 224 229 113 255
    128 117 68 0 182 47 255 244 255 0 12 153 71 7 44 23 14 255 0 39 156
    0 0 255 255 22 245 255 0 228 172 168 23 41 255 25 180 255 242 255 82
    186 18 31 255 152 108 216 64 114 237 0 132 220 120 25 179 255 175
    171 251 0 0 140 197 0 180 88 93 182 199 0 255 255 0 208 23 111 26
    255 255 227 0 48 50 174 170 22 145 87 255 213 255 0 204 125 0 22 0
    255 255 162 226 255 0 105 255 255 221 255 220 252 0 37 0 119 0 0 42
    0 0 232 84 0 255 7 199 255 146 255 145 169 110 251 255 35 0 36 116
    180 100 33 202 206 61 255 78 202 5 0 255 0 119 255 255 255 7 255 177
    0 255 0 255 108 33 221 95 0 221 237 187 106 238 28 255 30 255 213
    234 0 217 255 251 101 9 138 5 255 177 0 158 255 255 100 4 255 137 0
    0 0 196 0 255 255 255 0 0 255 61 200 166 13 0 5 196 255 172 0 250 0
    0 254 140 154 164 109 190 216 33 88 255 95 149 0 0 156 75 255 203
    236 37 36 131 203 226 0 0 148 221 241 255 239 61 195 255 184 6 241
    157 0 47 255 165 130 200 75 79 255 240 255 53 255 45 204 27 0 221 0
    217 207 121 0 52 255 62 182 255 217 189 229 33 255 24 246 255 252 9
    16 27 179 235 155 255 208 97 185 255 72 75 65 0 255 18 79 146 131 18
    143 215 0 0 0 191 0 157 255 76 246 10 108 50 155 51 200 255 0 255 34
    255 221 63 32 224 155 0 0 209 0 54 255 255 49 202 208 10 76 144 214
    153 133 221 206 151 255 0 27 230 0 229 51 0 229 69 174 156 0 19 0
    255 180 0 130 161 148 255 201 235 68 98 119 110 10 255 139 201 255
    251 156 255 255 14 29 255 23 131 255 255 0 255 207 22 0 224 255 12
    75 111 126 186 138 10 21 255 255 153 220 255 235 215 0 255 13 255
    209 36 135 193 0 99 255 138 47 0 88 212 0 255 116 0 173 149 143 0
    211 255 221 202 83 33 124 24 55 80 229 57 23 173 155 55 67 116 191
    181 243 252 0 0 117 94 0 210 186 0 78 179 6 255 255 3 22 214 224 255
    255 254 96 62 234 0 30 18 25 0 0 0 129 220 255 131 255 0 255 29 79
    67 175 134 58 0 0 0 107 0 255 127 0 103 248 217 255 0 0 0 226 0 0 0
    0 85 34 0 0 123 189 0 113 28 0 0 255 123 255 74 39 255 219 252 0 255
    30 0 0 252 21 122 249 255 179 233 255 75 0 255 0 255 255 0 139 32
    255 255 188 0 136 255 255 0 0 126 255 225 0 39 73 26 16 81 49 19 255
    127 253 224 239 154 91 228 255 22 237 255 0 173 0 159 255 114 64 0
    161 255 255 224 179 0 87 123 134 212 81 0 145 255 210 24 0 83 189
    183 255 255 255 0 255 161 23 191 255 1 91 255 113 0 145 72 0 6 44
    255 106 119 197 117 0 255 0 0 0 74 255 220 47 255 0 255 217 53 0 255
    255 255 73 0 210 137 99 0 0 255 211 0 100 102 154 30 214 255 87 255
    0 228 20 208 255 144 255 216 255 255 255 0 196 21 255 26 187 255 0
    100 255 255 0 0 255 0 227 233 226 255 255 255 169 255 0 138 205 31
    31 165 112 255 77 255 124 86 0 54 156 17 245 0 23 139 193 17 12 255
    255 255 0 143 139 176 35 105 224 0 127 0 91 126 0 255 0 255 239 255
    156 209 255 174 111 142 255 0 255 0 0 183 0 80 184 255 95 172 255 0
    0 255 216 203 48 0 0 255 146 231 50 180 10 255 55 83 255 0 56 202 65
    255 170 178 127 69 0 0 0 162 0 214 255 244 177 92 252 197 163 201 46
    43 230 10 95 209 0 48 229 71 60 59 244 26 234 46 255 239 118 161 48
    255 63 19 108 0 97 0 0 128 0 255 255 32 12 103 11 236 208 0 43 255
    106 255 255 159 255 0 0 162 255 0 164 0 255 255 20 0 135 255 195 255
    208 58 121 0 160 204 175 255 255 137 104 231 222 255 0 0 29 255 177
    255 255 0 45 83 80 32 0 90 81 255 60 71 222 104 127 255 255 0 206
    255 200 140 105 255 169 44 255 0 202 0 66 115 0 43 0 0 255 54 221
    171 70 73 130 0 23 0 255 59 0 147 189 232 255 216 206 113 146 183 0
    0 60 164 104 8 0 46 255 69 70 231 31 178 194 14 88 44 255 255 89 130
    232 86 255 252 200 204 218 30 0 0 119 255 0 2 56 0 0 253 165 190 244
    37 92 16 133 158 130 184 66 0 66 0 255 93 255 231 173 255 190 47 255
    0 255 255 0 255 0 0 255 0 109 230 51 70 130 32 81 255 112 36 229 82
    129 255 255 181 255 0 0 137 97 157 32 0 165 127 197 0 255 0 135 0
    131 222 173 255 107 255 175 127 249 255 0 147 30 0 219 0 0 30 25 95
    29 154 145 202 49 107 255 255 0 255 189 0 110 0 255 0 255 255 31 217
    16 0 255 0 202 118 0 58 81 255 227 122 255 248 255 86 255 0 0 254 0
    0 0 229 251 245 255 176 153 4 225 89 26 0 217 111 146 127 212 231
    164 57 37 147 116 16 167 14 26 198 0 0 197 178 186 185 174 125 66
    255 110 142 0 255 196 140 157 0 167 255 221 189 132 203 40 238 195
    167 172 58 255 100 0 168 42 198 95 221 90 255 23 255 146 234 0 84
    232 65 255 255 74 0 255 180 150 0 0 226 255 0 70 0 255 17 0 216 0 73
    255 255 255 0 126 57 160 190 255 255 250 245 34 19 229 184 140 187
    89 163 243 255 0 138 174 0 255 250 249 12 0 100 53 91 0 28 172 142 0
    207 135 197 172 0 140 0 48 145 120 0 255 153 43 255 0 255 242 84 0
    46 0 200 0 199 180 46 0 255 59 28 253 207 149 242 97 15 144 139 42 0
    229 0 0 255 75 239 185 88 163 0 86 211 0 126 151 255 0 255 201 153
    74 80 25 236 150 255 255 0 255 127 229 25 54 123 114 88 255 105 255
    143 44 57 122 108 0 32 206 180 142 206 66 80 97 255 0 62 35 124 33
    255 255 0 169 255 12 27 255 70 61 243 68 0 178 42 255 30 8 255 0 236
    22 173 50 0 86 0 0 255 18 102 119 80 40 236 255 255 249 69 221 166
    255 118 255 255 87 131 154 0 0 112 211 11 161 213 0 40 79 0 173 93
    211 23 219 255 219 128 48 141 255 141 255 0 139 200 0 46 0 68 0 0
    174 251 39 34 0 109 113 135 255 255 151 152 255 255 156 0 95 146 189
    46 0 0 255 33 255 0 156 107 58 175 0 186 83 114 48 180 149 255 113 0
    255 204 255 26 130 54 184 230 255 255 255 255 217 89 141 255 223 0
    255 11 194 0 0 60 255 233 0 255 226 218 0 242 133 228 168 133 3 141
    191 53 204 12 154 0 0 207 255 215 208 255 165 0 225 55 10 74 58 83 0
    0 249 177 255 232 0 41 113 0 59 0 152 130 30 255 0 255 47 0 255 47
    123 255 151 24 20 194 0 20 18 0 115 255 9 180 38 90 198 150 255 14
    44 0 255 118 229 26 255 0 36 144 116 0 233 255 45 192 164 39 11 208
    33 173 0 0 241 0 232 15 240 0 240 149 117 99 62 255 0 0 0 67 47 5 81
    248 255 255 31 134 198 9 0 130 243 42 26 0 0 255 32 111 182 0 117
    255 255 0 217 231 161 255 194 213 210 64 119 0 0 136 0 238 0 13 37
    40 255 0 145 255 218 132 39 197 0 134 60 210 116 255 216 0 117 34
    255 116 0 159 105 0 69 253 255 209 139 95 0 0 141 140 180 59 20 159
    16 57 32 17 87 0 148 152 0 0 4 238 185 168 114 226 163 255 76 116
    187 138 246 226 23 57 52 156 106 76 27 51 0 50 255 0 0 50 152 120 0
    211 255 115 255 0 160 0 0 0 6 255 238 190 249 0 226 252 255 0 5 255
    28 122 170 215 0 165 255 255 62 175 142 80 0 0 255 0 76 124 197 46 0
    0 255 98 51 241 49 22 0 0 105 0 127 159 186 255 63 99 203 95 0 255 0
    105 0 205 255 47 47 255 60 179 114 67 178 191 43 173 146 0 255 191 0
    255 192 110 255 0 255 176 255 188 127 237 155 154 190 201 221 135 83
    240 255 27 255 255 224 170 131 54 49 227 255 255 194 53 11 183 72
    194 243 25 109 169 230 255 170 172 95 255 130 0 250 201 42 255 255
    237 154 217 113 243 138 0 255 113 0 0 168 255 109 100 130 85 128 77
    0 0 0 127 182 112 255 178 255 73 255 0 0 0 186 69 84 220 184 249 86
    11 255 128 255 0 120 14 198 65 217 145 255 178 186 255 98 225 106 0
    255 2 0 101 255 0 0 48 19 182 127 0 220 229 255 247 129 10 255 200
    250 181 3 127 49 178 0 249 104 216 255 49 179 252 110 0 20 152 0 255
    241 97 9 180 255 49 232 0 0 155 255 255 255 186 73 255 21 137 35 77
    173 104 0 0 255 255 244 255 0 227 255 219 255 255 146 255 214 233 48
    67 171 255 255 196 139 242 173 254 153 40 98 255 0 5 127 0 255 255
    109 226 111 61 255 255 44 59 0 105 105 0 12 126 89 255 129 46 255
    255 255 0 255 0 165 162 255 116 206 206 255 187 0 255 255 2 59 248
    147 60 83 255 0 173 0 41 0 255 7 183 30 0 206 148 72 234 21 153 85
    255 208 72 255 255 73 142 166 254 60 0 188 204 241 70 164 249 255
    104 229 253 90 218 0 0 240 231 0 201 115 32 29 188 181 82 100 203
    209 119 120 218 0 68 98 0 0 70 41 0 0 0 42 255 60 70 25 73 17 73 0
    87 81 249 208 117 228 243 0 20 0 30 255 255 255 0 250 107 0 242 255
    180 14 137 36 0 0 255 0 239 202 112 59 255 255 202 78 122 0 204 255
    144 255 0 0 241 255 201 0 86 78 227 255 0 135 255 221 255 255 6 255
    167 170 17 103 114 164 255 6 158 110 217 0 255 242 154 197 0 27 34
    75 160 168 0 17 12 69 0 0 189 46 1 235 255 68 255 0 245 255 51 250
    207 28 17 255 148 69 191 40 254 255 0 141 85 0 15 120 255 0 181 0 49
    255 81 103 255 139 176 27 141 0 209 71 255 232 98 255 255 157 255 0
    248 235 76 230 189 255 153 58 0 168 0 219 190 149 233 254 43 0 133
    23 206 255 19 236 169 255 42 0 255 89 255 131 23 58 185 113 78 71
    137 253 255 103 120 129 181 0 0 220 39 255 234 255 185 185 45 149
    154 242 0 54 72 177 255 0 255 87 255 139 255 60 157 81 29 16 255 180
    65 217 255 0 92 113 255 255 194 101 170 0 255 0 81 54 113 255 255
    242 255 255 188 170 10 75 87 192 198 0 0 0 176 148 0 0 0 43 117 137
    255 72 65 0 80 167 255 181 0 5 122 183 0 255 254 183 100 255 56 46
    137 0 160 24 102 58 0 255 0 0 112 0 32 0 85 144 230 229 255 12 0 255
    0 227 207 255 207 255 255 29 255 85 128 0 0 255 96 88 243 115 0 217
    34 245 0 0 0 21 124 6 255 167 78 255 94 0 205 204 255 225 219 1 0 0
    84 23 0 139 155 247 255 0 154 255 205 154 195 229 181 0 0 3 233 255
    143 0 101 108 111 248 175 240 236 0 152 18 88 93 15 86 0 151 0 0 158
    192 255 0 49 0 144 99 255 237 114 167 255 204 255 0 0 29 0 199 206 0
    255 0 152 210 0 0 0 26 165 0 166 81 252 255 27 107 216 0 255 52 0 0
    233 109 0 175 215 17 0 0 0 131 17 138 165 255 154 65 255 24 46 0 110
    58 48 171 178 179 0 8 0 255 112 95 213 59 23 223 74 85 64 153 183 23
    7 91 101 175 147 240 151 18 207 255 0 98 18 224 8 255 255 238 131 10
    173 255 0 255 100 185 164 121 58 0 0 0 122 222 86 255 5 232 98 255
    156 255 27 195 218 255 255 222 112 0 26 99 53 187 20 32 255 116 8 10
    0 0 214 29 255 255 118 251 21 194 0 154 179 33 63 80 184 0 177 54 62
    244 181 200 239 255 0 68 141 81 0 255 99 75 255 120 154 41 81 10 255
    0 66 26 0 255 178 0 255 80 202 121 0 255 63 34 255 209 209 46 121
    102 255 8 0 164 255 208 130 69 255 0 0 211 255 0 169 36 0 0 255 255
    17 0 235 0 255 0 247 94 0 0 214 158 5 202 115 17 43 128 10 255 0 185
    0 0 255 255 255 168 219 66 0 0 255 0 49 0 134 246 0 218 255 255 0 30
    97 88 0 202 255 236 250 0 92 255 255 82 255 255 58 189 199 141 131
    69 0 255 0 255 238 0 0 123 255 214 117 255 192 212 255 0 219 159 228
    119 109 255 255 154 255 0 0 63 133 0 0 62 231 0 0 101 49 238 238 141
    0 255 136 141 0 233 0 146 255 0 241 97 114 15 28 206 13 0 132 49 4 0
    83 208 204 0 0 255 218 120 215 255 138 115 252 105 0 220 255 174 0
    175 24 255 116 195 110 35 177 0 21 180 166 255 255 255 255 151 255
    134 167 38 172 255 242 0 136 0 255 126 255 0 77 0 20 0 5 189 255 59
    204 96 0 0 243 197 255 60 97 255 255 100 0 0 0 255 206 0 89 0 121
    255 133 201 0 109 255 70 246 0 12 255 61 255 255 255 211 87 255 24
    82 255 255 158 0 70 242 0 29 248 0 31 0 67 217 104 255 255 159 236
    219 222 169 3 0 0 255 183 243 23 0 171 249 173 0 255 255 255 255 0
    93 51 0 85 255 156 0 53 61 255 0 15 118 36 107 0 56 104 0 0 125 0 0
    109 120 204 205 28 237 41 255 130 255 177 80 210 0 173 242 209 77
    255 255 170 128 0 209 100 140 242 28 136 0 37 255 193 74 190 1 255 0
    0 1 0 28 206 238 0 255 185 185 0 0 59 211 185 11 170 255 62 156 95 0
    255 73 255 54 0 235 0 227 245 197 219 0 134 151 88 129 202 249 255
    64 125 255 188 136 255 117 0 183 148 69 207 191 130 0 255 109 108 11
    204 14 255 181 213 255 81 217 238 102 193 255 175 26 214 255 51 123
    255 91 255 155 73 178 255 10 163 87 255 172 255 71 0 122 26 178 0
    185 255 37 221 64 255 255 13 0 220 87 154 0 247 209 233 105 156 137
    200 58 236 0 78 247 250 0 16 159 0 255 20 152 114 255 255 36 0 255
    181 229 34 25 255 56 255 0 126 255 0 255 166 164 171 144 67 201 126
    104 255 50 255 235 95 149 84 255 28 255 121 100 102 255 205 143 0 84
    255 222 0 244 255 176 47 1 4 107 28 57 253 233 239 61 0 255 255 255
    34 222 255 0 199 119 4 255 156 154 165 153 255 255 99 255 40 30 0
    167 51 0 187 17 179 0 137 255 255 255 255 222 197 188 5 255 246 63
    255 189 0 255 180 0 84 93 104 175 0 255 0 0 0 103 105 95 132 126 0
    12 201 207 29 47 223 71 167 255 0 117 15 71 255 0 0 0 212 131 49 109
    190 108 139 179 16 221 210 2 124 210 61 45 58 99 255 0 0 252 128 255
    255 0 255 184 255 248 211 0 0 67 0 247 0 31 255 239 1 145 244 0 255
    0 220 255 224 190 47 255 0 0 255 157 0 90 255 32 175 255 46 0 200
    180 165 52 62 255 255 198 0 255 255 231 116 147 56 255 0 220 29 255
    212 56 152 3 22 97 2 255 140 0 116 0 0 255 0 0 44 201 255 4 253 255
    208 255 255 181 45 189 120 255 0 0 255 0 90 6 161 255 117 0 255 140
    145 255 139 193 120 255 0 146 72 255 0 30 16 0 209 42 84 255 199 0
    61 18 162 132 188 0 74 0 87 255 255 3 204 129 255 10 91 255 0 78 0
    164 107 0 226 234 9 19 150 255 193 239 255 175 88 166 192 150 132 63
    185 32 210 61 189 222 255 23 108 0 17 255 192 5 5 237 96 166 0 8 148
    66 0 69 76 255 208 118 109 179 245 0 124 180 0 0 103 0 255 106 0 216
    166 192 197 192 126 247 108 104 0 0 255 232 6 0 18 160 0 135 84 77
    255 88 255 0 6 221 52 255 254 235 255 255 163 58 255 193 225 68 142
    178 107 83 197 254 223 19 0 0 255 166 160 201 255 43 255 157 0 255
    80 255 245 224 202 202 169 91 0 90 245 103 0 0 222 134 96 234 247 0
    68 33 166 27 0 238 0 255 177 255 201 21 146 147 195 79 255 255 139 0
    174 0 58 255 204 255 2 236 67 0 0 201 197 13 214 8 176 68 0 252 170
    255 255 111 255 252 37 15 187 163 255 255 0 34 255 5 42 255 147 8
    255 194 155 177 73 255 146 241 255 74 131 255 58 255 3 0 0 255 0 196
    145 109 0 0 0 255 119 193 0 255 41 255 63 160 100 0 94 167 255 255
    255 178 0 213 70 112 227 48 0 175 62 50 0 144 0 180 255 165 141 249
    225 66 4 189 182 230 52 0 255 227 0 255 0 8 25 255 0 206 77 18 153
    171 255 0 50 255 0 64 0 255 247 255 255 0 175 156 190 205 0 0 0 0 0
    163 255 255 255 255 242 255 0 0 0 255 4 0 232 74 255 83 250 136 11
    99 204 141 96 0 170 255 116 3 90 237 8 231 74 208 37 0 112 47 148 6
    255 182 58 60 63 245 0 113 0 0 184 37 0 0 55 92 30 111 223 0 194 0
    218 12 3 150 229 79 255 0 196 138 176 0 17 0 115 16 115 255 255 255
    255 70 140 104 65 0 68 0 60 0 74 36 57 209 30 31 255 0 9 209 5 111 0
    28 136 0 255 129 81 137 231 49 108 40 37 45 108 255 0 185 209 34 0
    255 255 94 0 218 255 24 174 53 15 172 42 67 124 198 181 150 106 111
    198 188 5 91 255 0 70 158 57 180 255 243 118 255 255 8 226 142 84 39
    39 12 63 0 198 0 255 81 255 55 111 0 0 0 205 167 255 195 255 0 176
    27 113 255 0 0 246 23 0 255 66 255 0 113 173 246 120 191 204 49 192
    0 255 255 227 0 0 255 255 66 218 255 227 0 0 0 255 177 220 25 255
    112 195 226 244 30 71 182 78 150 182 0 255 59 255 84 0 12 198 34 255
    208 77 172 0 255 13 0 68 0 239 85 11 72 0 76 0 114 7 0 159 0 255 0
    118 92 0 255 255 255 44 255 0 176 124 8 255 240 206 255 0 248 0 130
    1 212 255 182 227 177 255 53 85 255 121 255 255 0 175 138 255 170
    255 0 0 189 18 255 8 63 238 242 255 120 221 128 0 255 39 0 172 0 0 2
    134 255 65 233 0 0 69 133 224 24 255 183 71 255 45 12 255 150 0 0 0
    0 34 0 125 0 233 183 153 63 148 214 128 12 175 198 0 64 255 0 89 245
    251 255 153 196 192 195 0 117 56 255 164 6 0 245 0 255 154 192 234
    64 187 32 156 172 108 147 200 104 255 137 219 216 98 207 58 91 255 0
    255 90 0 124 0 43 75 0 0 19 214 11 0 78 102 255 255 153 255 88 242
    206 255 255 11 252 255 0 41 0 0 0 0 215 26 255 80 0 212 76 0 255 137
    0 69 197 7 71 0 255 255 255 65 0 64 40 0 164 255 129 47 212 2 255
    240 235 14 30 255 43 28 235 124 169 0 0 255 255 44 0 213 0 156 176
    197 0 61 177 16 234 160 204 253 54 0 150 0 0 218 0 0 80 131 83 10
    255 232 0 25 255 52 12 114 89 0 80 0 69 18 102 255 0 0 62 173 251 21
    255 0 165 255 0 162 244 0 255 140 0 255 182 67 0 215 193 143 44 217
    10 20 191 78 96 238 153 255 102 17 202 0 75 28 0 100 51 116 134 0 64
    255 23 248 237 84 0 105 63 0 55 0 55 54 172 55 0 0 187 255 0 77 223
    255 119 255 202 198 0 68 255 0 136 245 255 0 29 153 127 146 0 27 0 0
    30 255 0 155 196 42 0 108 133 34 57 35 177 207 122 65 87 0 255 43
    212 255 90 143 199 0 189 170 188 255 230 188 144 0 178 32 255 255
    206 2 62 111 208 255 255 242 0 255 16 0 8 35 255 0 120 255 164 45
    255 9 138 230 126 0 255 255 255 255 124 92 255 0 58 168 108 0 22 255
    0 255 255 96 0 245 0 0 255 86 180 190 149 177 88 255 255 0 255 255
    244 177 84 132 199 252 195 0 0 0 123 0 76 140 228 26 55 207 218 128
    115 209 250 103 233 28 0 84 255 0 255 255 158 255 83 230 0 83 0 85
    163 0 162 255 22 57 0 0 133 215 84 0 0 12 135 223 175 102 255 188
    255 250 172 255 29 32 59 255 255 49 255 90 255 13 193 0 119 255 101
    134 23 127 255 0 0 255 14 127 255 208 95 255 245 244 90 194 111 38 0
    255 0 0 9 167 52 115 161 74 108 255 9 95 0 255 46 101 220 159 255
    120 52 99 231 0 15 9 201 0 0 255 173 25 0 192 0 0 0 4 212 255 45 77
    255 255 238 42 204 255 10 37 255 21 252 0 189 153 162 32 83 92 255 0
    255 0 93 0 0 139 253 212 255 0 228 255 255 255 173 12 184 0 0 199 0
    255 22 86 220 255 133 35 104 0 43 172 255 255 255 255 0 198 255 23
    58 48 142 0 255 198 0 11 255 28 0 67 0 0 33 73 100 34 255 64 243 108
    8 128 191 255 166 52 200 0 88 255 24 209 188 90 111 0 0 108 255 48
    255 11 233 255 100 75 7 226 13 0 194 121 0 212 85 77 30 208 179 2
    110 255 179 72 84 0 255 0 0 63 253 252 213 184 110 42 119 215 139 0
    109 170 175 255 255 85 86 61 0 216 164 0 0 6 0 162 186 0 164 247 71
    90 176 191 231 153 0 171 255 72 155 229 255 192 0 255 0 104 156 175
    58 156 118 255 0 255 216 0 130 174 185 152 0 255 72 137 245 255 180
    210 72 0 242 93 184 119 77 254 0 240 243 255 61 0 255 0 88 25 116 41
    0 22 179 0 255 255 158 255 255 19 254 20 230 0 195 255 247 255 244 0
    0 75 255 255 0 255 58 255 103 165 0 255 0 238 4 0 109 186 255 255
    137 255 0 0 204 165 151 255 161 146 9 255 0 255 0 255 36 0 200 173
    137 255 52 97 8 176 206 31 53 85 0 46 218 95 168 162 0 255 85 0 48
    102 0 0 180 0 29 137 220 37 108 255 255 97 255 0 172 254 255 154 173
    0 127 0 255 255 255 255 217 202 0 255 255 1 9 0 189 96 255 41 54 163
    152 22 0 0 9 233 208 0 121 30 116 0 185 98 0 255 255 153 255 244 152
    88 0 216 180 115 0 229 217 79 167 255 79 89 117 0 154 75 255 52 57
    188 0 105 97 164 147 0 0 71 255 94 17 2 32 98 72 40 0 24 83 160 0 41
    146 114 122 13 134 90 78 175 156 0 182 0 53 0 116 0 184 150 106 72
    76 135 44 0 204 204 101 154 192 0 49 73 255 11 166 0 2 28 201 107 95
    57 255 27 0 148 111 235 240 96 9 253 214 0 79 0 128 4 59 255 59 23 0
    247 255 247 255 122 255 0 224 0 33 29 0 0 0 135 230 65 0 255 0 0 31
    20 237 14 0 112 70 25 63 218 30 0 220 255 96 255 104 152 205 239 0
    202 6 255 157 59 213 92 115 224 0 133 11 255 24 24 82 248 0 0 92 0
    138 172 66 72 0 157 42 97 255 151 218 36 47 12 37 213 211 0 205 0
    181 255 228 0 51 0 255 82 0 0 0 255 0 218 191 171 14 255 27 255 153
    79 0 36 188 72 0 0 50 255 0 166 255 238 141 0 228 0 57 255 0 0 155 0
    255 179 0 215 231 255 233 0 255 255 3 255 0 73 194 0 255 36 255 171
    0 205 0 107 162 73 7 255 29 199 125 226 19 193 188 93 249 192 0 183
    131 0 110 129 255 137 108 99 154 255 0 255 14 0 96 188 128 140 244
    212 128 64 0 255 255 60 0 0 211 11 56 60 115 0 18 198 0 255 0 204 0
    64 255 91 173 116 148 201 0 0 219 255 157 54 255 160 255 95 0 138
    255 0 133 143 255 218 87 213 92 0 251 0 0 50 20 255 236 255 159 104
    155 127 229 0 255 161 0 12 170 149 71 224 81 135 38 255 219 255 53 0
    255 225 255 143 255 255 105 59 255 156 44 0 162 87 248 119 131 151
    64 0 31 187 248 255 41 5 0 255 47 151 255 250 146 10 205 34 48 112
    121 28 165 0 255 160 43 255 0 255 171 78 229 255 44 45 114 0 249 255
    0 121 0 228 205 82 0 16 0 191 255 159 103 223 195 72 26 242 0 27 0
    126 242 255 0 255 156 255 255 0 118 2 241 0 255 73 255 153 0 64 188
    0 181 0 117 141 65 255 124 58 34 0 255 255 255 205 5 227 0 0 255 8
    255 48 31 20 114 255 28 255 20 169 255 141 220 17 56 31 255 195 0
    210 32 255 161 201 46 215 255 0 164 196 255 192 170 38 230 255 120
    230 240 34 0 252 157 255 255 199 142 147 132 247 198 201 191 213 76
    255 83 153 242 127 196 255 255 255 133 255 255 49 125 6 106 255 0 0
    229 255 255 75 236 231 0 90 85 255 235 109 78 254 0 96 111 0 255 240
    62 220 0 227 45 226 255 98 249 84 139 161 0 28 163 132 163 212 94 0
    201 30 118 89 157 140 0 228 255 138 52 156 0 200 172 87 255 161 116
    255 44 255 250 67 255 173 255 0 255 176 124 203 254 168 2 255 73 0
    162 99 107 255 37 0 134 86 81 0 26 0 231 255 157 193 255 255 0 255 0
    7 212 215 4 219 47 154 244 148 0 117 0 33 255 65 91 186 192 171 87
    91 255 143 255 0 255 137 0 0 0 84 255 208 35 223 157 81 0 99 229 230
    255 224 26 0 96 57 80 5 143 255 113 0 0 82 31 0 0 139 176 69 184 112
    0 120 163 229 112 23 88 255 255 12 190 255 110 172 25 45 155 97 58
    255 64 37 255 118 187 94 0 0 81 247 255 48 255 160 55 73 0 47 216
    255 0 48 0 157 255 174 0 255 242 92 0 238 32 215 28 255 182 8 171
    218 21 0 195 199 250 141 41 45 199 0 255 44 156 48 202 40 0 137 152
    255 255 149 211 67 96 226 83 210 255 203 14 241 0 176 237 91 43 0
    255 0 122 208 35 53 151 198 216 173 90 255 84 175 0 0 215 250 255
    106 116 255 0 0 0 0 247 0 60 87 0 217 255 255 137 255 0 221 237 239
    0 53 228 200 255 80 125 212 97 0 194 174 5 84 223 255 255 0 157 190
    116 95 131 136 189 76 182 235 198 76 236 198 116 173 55 202 0 29 89
    157 255 255 221 0 53 10 221 255 0 120 32 140 243 179 22 255 0 179 80
    0 93 255 133 6 61 251 172 204 255 147 79 83 255 141 0 255 140 0 0
    250 255 255 241 177 63 0 62 62 0 200 36 65 47 255 0 0 191 32 0 50
    131 0 58 225 255 73 140 56 26 255 255 202 0 118 41 0 138 183 255 0
    250 12 255 30 255 64 115 255 0 37 255 26 130 255 255 52 255 215 0 88
    255 0 255 255 211 28 0 37 29 0 13 15 255 0 243 255 112 255 47 35 69
    47 37 220 123 131 0 0 184 255 0 63 255 77 202 100 1 0 255 228 14 100
    50 101 207 255 0 255 227 0 240 165 0 6 126 102 0 152 255 39 48 215 0
    124 65 255 255 0 224 175 52 39 255 78 248 255 0 106 8 178 0 139 0
    110 0 67 41 13 255 39 254 0 0 211 22 39 0 0 0 198 80 195 95 60 0 124
    255 0 228 255 177 229 0 85 72 248 0 63 0 228 255 255 178 0 95 70 16
    149 0 201 183 0 181 122 225 0 66 255 70 108 114 255 230 0 0 82 138
    229 0 255 0 10 6 255 107 0 74 147 199 0 184 110 182 104 60 0 46 197
    19 255 0 0 158 249 255 216 255 255 58 175 177 85 10 95 0 75 0 182
    255 211 17 255 237 7 255 68 0 222 50 167 22 255 99 48 51 0 255 0 95
    238 254 222 220 119 255 255 168 130 81 112 255 53 65 0 145 242 255
    195 145 0 130 45 0 195 255 1 0 155 188 233 255 255 105 23 234 22 70
    255 151 211 150 210 209 150 50 169 0 10 230 144 24 239 0 55 133 255
    0 162 0 145 16 118 166 28 255 150 0 0 216 19 255 248 208 0 168 165
    231 75 255 238 18 240 167 155 0 100 26 89 102 15 186 0 109 96 0 255
    255 100 0 180 255 116 0 69 204 30 189 255 117 115 56 112 255 189 36
    90 115 134 244 87 93 181 44 255 217 255 250 38 235 227 96 0 255 100
    0 0 134 170 199 0 106 156 74 255 255 20 0 255 201 255 255 255 255
    255 0 255 255 0 20 240 117 38 63 26 168 114 237 129 238 0 0 232 0 71
    0 40 152 131 205 83 82 33 19 168 255 147 36 255 255 60 0 72 255 255
    197 83 255 0 163 255 0 0 220 0 0 38 0 0 165 131 255 198 74 246 255
    210 172 104 243 255 241 0 137 255 255 32 250 255 0 255 165 130 237
    243 176 48 110 12 111 4 255 0 0 0 164 188 99 0 255 255 105 246 255
    206 0 77 210 43 238 255 243 47 54 255 255 198 44 58 255 45 28 226 0
    255 255 255 0 189 95 255 95 255 0 240 53 0 82 255 29 255 132 246 38
    255 251 64 86 134 88 227 0 17 1 150 244 255 87 179 102 255 106 7 128
    176 218 86 255 113 173 88 23 139 0 140 255 114 27 109 255 255 43 255
    255 1 40 98 124 11 15 231 0 85 230 98 161 47 255 149 255 255 224 255
    191 255 255 0 157 147 226 135 255 54 85 220 255 62 0 119 44 255 114
    134 185 255 0 142 12 0 247 83 39 54 147 255 107 254 255 116 124 150
    255 64 0 143 255 117 10 170 0 233 0 0 0 0 0 202 255 255 255 255 0
    255 160 6 255 43 0 216 0 255 40 148 211 0 255 135 255 90 81 0 0 189
    255 7 255 8 26 177 255 149 244 175 255 101 109 41 78 73 255 0 255
    255 0 212 255 224 255 81 0 73 255 227 171 137 143 55 0 106 89 217 52
    200 86 155 215 255 47 0 0 115 236 0 0 222 0 0 0 255 143 17 112 255
    179 115 0 38 0 89 140 95 0 44 255 247 196 255 221 181 0 83 99 0 0
    255 255 148 210 143 0 0 56 161 255 217 61 4 255 0 0 81 104 179 122
    255 255 31 255 51 76 0 141 103 45 246 0 178 169 110 4 85 0 255 23 0
    255 189 41 199 188 255 154 0 106 8 64 255 86 175 174 200 12 203 255
    184 0 219 0 113 0 188 219 180 169 106 9 145 50 177 193 255 0 119 189
    112 196 97 33 53 115 2 0 119 169 255 132 0 70 255 241 0 153 207 0
    170 49 185 254 255 91 0 226 225 0 35 255 0 127 70 255 242 253 255
    160 255 89 236 57 58 255 255 0 255 33 187 181 74 12 52 50 154 24 24
    0 164 68 104 255 194 67 73 39 0 121 255 223 0 233 92 255 255 21 80
    211 0 218 220 163 248 32 0 41 107 7 227 213 232 0 0 53 244 59 239 28
    159 171 255 150 255 176 222 236 97 86 48 15 208 218 159 216 113 167
    131 115 153 255 119 17 87 56 0 255 90 97 197 234 202 213 84 69 70
    210 144 55 38 185 254 0 0 61 191 0 255 255 0 68 255 53 255 0 255 255
    44 0 168 100 209 105 0 137 27 113 31 0 30 0 26 0 96 163 204 0 106
    255 77 135 243 255 0 179 107 66 219 241 10 205 255 151 89 249 45 6
    234 213 1 194 150 29 0 255 255 173 222 232 253 195 255 255 0 172 255
    88 0 78 255 168 38 0 36 100 0 0 65 135 255 141 184 187 0 255 187 165
    255 31 255 210 0 255 230 76 110 0 68 255 45 0 206 255 121 255 255 0
    255 0 104 255 185 255 91 0 15 0 20 0 237 223 252 255 78 18 255 255
    255 137 142 1 99 255 255 25 0 0 0 192 160 215 0 63 191 227 11 102
    158 21 80 137 213 0 118 34 190 3 244 255 255 212 255 79 255 227 224
    255 140 255 197 255 255 72 132 42 140 149 254 182 148 53 179 0 255 0
    205 59 74 8 205 255 0 153 220 255 0 255 219 231 160 5 255 58 255 205
    0 101 209 0 210 126 43 0 255 188 255 255 255 74 0 0 255 113 255 80
    53 255 77 174 255 255 121 200 254 255 0 99 129 87 35 255 0 188 246 0
    120 62 255 132 164 31 255 255 255 117 84 221 99 194 14 0 19 200 0 0
    204 112 69 0 255 235 255 155 255 128 0 32 213 97 19 255 25 15 150
    244 103 238 42 28 186 114 113 0 143 9 153 0 0 240 245 115 95 0 141 0
    0 207 255 255 0 255 110 127 235 0 58 163 22 27 81 81 110 0 160 213
    15 191 255 52 165 125 73 74 119 0 0 153 255 98 0 145 70 25 255 255
    64 115 80 196 53 89 255 255 0 255 127 255 66 84 229 0 182 172 74 0 0
    30 157 164 255 0 135 24 255 255 0 137 39 0 31 255 0 255 255 0 238 0
    196 176 255 255 253 200 255 82 228 151 25 255 218 23 95 0 230 255
    128 67 255 81 56 150 0 0 6 33 105 22 102 96 8 0 39 255 252 255 54
    214 76 255 0 108 0 0 32 17 16 0 0 250 62 255 255 42 208 255 36 196
    90 92 125 255 0 42 255 255 247 87 0 255 17 106 39 5 255 255 44 0 70
    72 255 0 0 61 48 122 0 241 0 106 216 144 0 148 66 140 255 255 37 114
    34 169 255 0 231 142 255 196 78 255 114 0 0 207 170 0 249 255 110
    188 215 82 236 18 206 243 255 78 16 255 0 104 0 255 255 0 26 155 0
    255 255 255 144 0 243 0 172 255 14 255 255 255 0 230 41 174 0 62 217
    52 0 0 169 125 189 255 255 65 255 55 157 255 211 59 173 218 93 65
    255 26 0 255 255 172 28 19 27 255 111 252 12 125 0 183 170 64 255
    255 49 248 255 255 255 174 255 255 0 0 0 132 43 0 0 0 255 255 15 255
    0 255 152 52 255 131 88 234 86 182 255 22 4 0 0 81 14 215 255 0 0 0
    255 172 169 174 227 255 157 72 134 143 215 14 115 153 255 198 239
    255 115 41 31 0 91 85 0 39 0 250 149 143 75 253 0 255 255 0 255 172
    255 255 143 203 0 13 230 255 70 255 0 44 49 108 188 255 156 145 27
    36 151 215 0 229 177 90 63 104 228 128 233 255 217 246 107 224 4 255
    33 226 255 255 155 154 8 255 131 142 80 35 14 0 0 0 246 134 88 255
    55 4 0 197 17 255 5 255 245 231 100 54 0 223 135 122 0 0 55 47 255
    255 47 183 96 56 111 223 168 255 0 214 177 255 220 0 209 248 83 253
    0 149 3 5 255 15 103 64 54 88 0 6 124 18 5 49 41 0 70 16 0 46 253
    249 26 89 199 255 168 18 255 10 0 186 0 0 0 120 189 0 166 17 29 53 0
    64 255 14 14 240 0 255 255 10 151 143 0 0 158 0 0 91 82 65 239 100 0
    139 55 0 255 255 255 0 255 228 165 242 173 255 22 0 255 0 192 165 0
    255 255 46 255 83 255 216 143 0 28 0 152 255 0 152 226 255 61 255
    255 4 174 0 16 0 0 255 25 109 0 73 255 151 151 0 255 5 12 43 255 226
    23 116 255 156 245 248 255 172 0 160 0 54 0 0 255 192 42 153 255 255
    0 96 47 55 213 202 0 0 55 50 122 0 0 0 65 31 0 187 60 94 248 83 113
    0 120 90 81 125 163 41 13 255 126 255 0 0 143 0 255 168 0 0 0 154 22
    0 115 15 80 46 0 194 135 29 171 243 0 255 199 115 0 255 19 73 65 255
    152 32 180 0 113 171 235 19 63 85 81 6 162 172 0 185 0 12 186 130
    186 86 0 0 89 255 202 198 0 6 39 0 153 13 136 177 0 74 213 215 82 53
    133 205 238 255 255 6 216 183 184 181 251 160 0 200 195 0 113 0 8 62
    142 0 214 25 231 212 136 255 15 126 0 57 160 250 0 5 0 0 91 255 207
    46 144 20 11 130 0 0 148 187 255 120 255 255 43 255 89 173 255 226
    251 0 101 54 255 0 0 255 48 6 255 217 120 175 255 0 0 5 95 148 28 0
    231 100 63 27 116 255 60 255 0 150 184 255 255 155 0 153 0 122 91
    255 73 175 0 183 81 48 255 255 145 54 123 43 0 250 237 81 0 255 43
    131 243 255 28 255 69 24 5 255 23 0 63 255 0 148 255 131 64 255 26
    255 145 11 241 66 243 27 0 25 255 92 255 12 196 136 114 203 0 89 68
    255 0 119 141 237 15 112 182 201 230 134 255 90 97 230 255 49 125
    255 255 255 0 50 135 211 144 210 236 248 37 0 0 0 3 14 255 32 255 73
    251 30 85 22 56 4 255 252 193 27 255 255 113 255 0 199 197 65 0 255
    255 201 255 10 193 97 9 186 78 152 51 0 246 126 184 255 137 92 0 39
    179 128 179 0 172 255 101 0 15 97 255 163 84 101 255 255 106 255 255
    217 255 87 144 224 0 255 255 221 0 106 70 186 161 210 12 0 47 218 30
    191 255 209 161 255 49 72 168 0 142 255 37 118 38 110 170 82 14 108
    255 0 0 0 35 0 114 255 240 128 233 0 7 107 255 0 200 255 123 121 159
    113 102 23 255 105 173 255 0 115 228 0 0 223 79 52 77 31 255 255 6 0
    32 255 255 121 255 198 0 189 0 183 255 189 245 106 0 38 120 254 179
    255 205 78 202 173 173 69 100 255 20 0 243 231 104 164 106 186 162 0
    24 255 255 5 218 86 0 0 255 0 1 63 193 180 0 238 155 0 255 219 95
    167 11 26 0 28 0 196 127 131 33 255 255 121 0 0 255 59 233 181 0 251
    187 255 254 146 217 0 255 0 255 35 239 123 59 0 0 181 255 30 45 75
    255 0 0 0 0 142 83 255 255 0 5 41 170 0 41 67 162 255 78 240 207 79
    39 40 234 238 195 198 241 255 98 68 184 87 0 223 0 96 162 86 255 224
    18 255 24 0 4 255 171 0 77 8 255 255 143 0 163 237 0 235 49 122 0
    231 146 255 75 180 255 0 203 255 1 234 49 0 170 143 0 255 86 74 255
    255 255 75 42 255 101 255 255 52 157 0 243 255 123 135 142 152 255
    255 77 246 206 44 0 0 96 255 95 78 0 173 0 56 51 143 135 91 96 195 0
    0 0 0 194 105 23 244 59 62 239 203 0 135 109 41 126 0 0 0 41 223 0 0
    252 146 231 70 255 0 255 148 89 255 198 242 218 255 240 70 23 0 9 0
    230 0 100 177 5 146 60 0 255 230 87 157 175 92 0 221 255 7 0 164 134
    193 255 255 118 118 174 174 0 51 136 0 255 0 66 255 105 161 104 255
    0 225 255 240 0 92 171 149 127 47 243 255 0 209 255 109 14 95 129 0
    79 211 19 73 255 159 20 185 0 14 158 255 0 255 116 116 0 4 131 93
    131 231 0 116 0 255 165 0 255 57 135 46 104 201 0 0 255 204 13 157
    51 112 255 223 233 45 34 30 165 255 180 0 238 12 142 0 203 255 208 0
    59 255 68 108 72 15 227 255 0 0 236 8 31 255 131 125 205 255 0 0 0
    73 255 255 255 64 24 83 110 0 97 255 245 198 255 0 0 200 255 3 133 4
    0 0 255 225 6 215 250 0 235 244 0 248 105 255 6 13 0 255 166 219 255
    255 255 0 160 166 81 63 20 54 0 60 97 101 255 1 0 134 193 254 64 0
    250 0 235 111 255 255 28 0 0 255 222 179 23 51 170 56 233 0 255 126
    0 144 255 255 6 92 255 67 134 25 25 214 255 245 136 109 126 0 89 0 0
    184 255 255 230 186 212 0 138 255 0 0 255 0 226 81 123 0 255 157 0
    58 70 119 190 8 0 71 187 0 88 179 96 35 38 0 255 101 0 72 0 255 0 55
    255 32 57 119 0 37 125 255 0 0 173 248 56 202 0 231 0 0 0 240 214 0
    0 66 155 21 125 13 255 98 67 255 255 0 83 221 255 0 152 255 255 159
    59 0 255 1 0 230 255 221 0 134 255 255 169 80 255 5 0 237 94 159 213
    38 255 15 185 176 194 90 5 233 255 16 16 0 46 52 0 105 0 238 255 134
    71 219 0 183 85 170 157 205 42 0 255 125 33 88 0 174 255 202 255 255
    154 219 0 175 102 7 212 41 0 0 65 101 52 175 63 0 0 84 255 0 1 50
    252 255 0 159 170 0 0 255 91 0 61 216 0 220 10 100 0 118 0 254 126 0
    0 27 110 86 63 0 0 17 110 243 0 103 198 0 152 255 48 0 0 114 251 84
    255 135 255 70 209 104 115 188 0 58 73 138 127 0 76 127 255 236 66
    139 183 0 255 20 172 79 138 93 0 121 0 67 0 187 22 120 0 46 0 219
    255 190 90 255 0 85 194 255 229 143 156 90 175 163 245 255 255 0 225
    5 255 142 152 128 57 0 255 255 250 56 0 255 168 0 0 255 249 127 245
    255 222 0 0 255 0 100 255 255 255 255 54 255 255 0 185 75 20 125 255
    224 0 255 255 0 223 0 146 155 255 0 0 197 149 0 255 0 17 230 0 151
    109 147 43 186 222 255 134 168 248 26 67 255 255 55 255 255 231 238
    221 208 255 255 35 15 0 79 0 62 0 3 166 97 81 255 100 0 255 0 29 10
    183 229 253 223 255 255 47 255 0 0 255 0 141 80 211 255 17 255 90 55
    49 188 0 182 0 136 204 0 252 167 68 54 0 0 217 0 255 0 0 44 213 237
    232 88 249 68 171 255 4 255 255 0 0 98 0 0 240 208 255 15 153 255
    192 88 154 0 0 255 246 35 164 255 188 0 228 108 0 11 255 5 81 0 0
    132 182 155 120 255 241 255 255 112 255 216 255 154 63 161 141 0 28
    107 82 4 110 202 104 24 0 34 121 225 86 169 62 0 194 182 255 228 163
    79 202 117 112 184 0 78 206 0 48 158 5 6 0 93 255 255 0 136 54 117
    215 64 0 197 53 0 129 0 246 191 255 69 199 162 255 201 252 110 0 0
    46 176 242 255 255 255 0 255 61 0 30 137 0 198 95 255 0 182 110 188
    221 0 52 255 0 209 77 116 223 194 0 255 27 98 255 73 255 158 238 165
    39 255 199 186 255 10 255 255 134 230 73 22 126 106 139 108 239 165
    25 102 175 127 255 31 38 255 255 255 0 255 0 0 0 179 255 0 109 0 176
    209 206 255 104 0 255 146 202 197 0 158 149 255 220 32 169 49 0 253
    17 21 12 192 232 0 103 251 85 201 40 255 130 36 46 255 0 177 30 198
    0 27 89 255 96 0 76 159 0 0 0 186 237 0 170 154 255 0 0 0 75 0 97
    255 255 102 0 4 0 76 54 164 99 0 0 207 11 69 254 255 255 255 0 112
    255 0 0 0 158 0 168 120 255 243 0 14 0 235 93 255 182 255 229 13 255
    140 216 0 198 255 0 0 13 0 0 255 144 253 255 42 151 174 0 1 46 91 16
    255 151 100 141 143 255 8 181 197 0 139 255 150 0 255 29 8 217 184 0
    243 255 203 0 97 149 159 183 0 0 162 14 255 52 68 207 184 154 0 135
    255 253 191 193 255 250 140 125 0 175 42 245 69 58 227 186 147 147
    216 66 76 54 69 233 107 251 0 187 255 135 0 0 255 255 0 255 148 255
    0 0 13 255 255 179 87 86 86 114 222 255 255 255 202 189 69 199 199
    50 59 255 142 255 123 42 231 0 228 39 0 96 255 148 0 217 255 192 0
    94 15 83 61 73 17 135 65 255 85 0 216 21 28 157 255 12 245 0 142 67
    0 50 184 255 156 26 58 255 0 111 255 26 104 255 169 255 107 194 87
    130 64 55 43 255 68 196 74 0 0 0 0 196 125 48 195 88 45 252 180 57
    38 243 0 255 126 66 0 223 117 127 0 82 255 254 0 255 173 232 246 220
    237 97 133 149 81 255 83 0 41 255 255 189 255 163 255 113 148 154
    255 54 0 62 255 126 129 99 0 84 228 183 255 255 255 234 255 237 166
    164 113 235 255 255 243 255 240 103 255 198 49 255 255 208 255 255
    230 137 82 135 165 255 255 69 255 254 0 40 232 75 0 235 47 253 134
    211 213 74 0 99 0 33 202 123 255 255 101 142 0 132 0 1 0 37 127 134
    54 255 36 225 4 255 145 226 0 255 206 0 186 159 35 193 234 81 0 9
    156 157 106 132 85 43 0 239 199 0 0 255 51 53 255 71 255 106 0 69
    244 66 255 172 41 0 93 143 207 255 236 249 50 255 145 217 13 255 255
    255 238 110 139 255 255 0 184 146 0 255 0 178 255 0 62 16 0 52 255
    230 45 131 0 120 105 145 185 185 123 255 231 0 46 7 197 255 25 23
    253 175 14 217 24 255 122 255 0 34 14 58 91 12 255 72 0 220 223 246
    74 212 255 251 236 208 7 255 84 28 33 0 24 154 80 199 255 153 59 0
    255 51 85 0 245 0 59 255 119 59 50 255 0 0 255 60 47 184 3 0 54 255
    77 233 36 248 7 212 210 0 17 255 199 50 255 171 106 0 95 215 112 18
    112 65 126 0 7 221 98 215 149 0 207 78 72 105 92 234 255 255 251 255
    171 25 255 33 88 200 185 136 62 255 255 196 172 255 173 136 154 11
    255 16 158 145 0 200 147 0 30 149 232 255 18 255 195 255 255 255 82
    220 225 0 192 255 0 233 160 221 255 0 85 0 255 5 100 133 0 0 157 45
    116 141 154 0 34 196 74 255 36 255 32 255 255 239 182 255 91 121 20
    255 194 136 166 255 255 196 21 126 255 0 255 184 29 133 0 220 103
    255 255 189 140 97 0 0 0 246 0 195 0 179 162 0 255 46 255 255 232 49
    164 0 122 10 31 0 228 255 202 79 25 244 90 255 0 0 124 228 38 0 255
    234 252 255 0 0 249 0 211 124 141 11 55 121 119 235 49 72 0 255 99
    235 255 0 137 0 55 132 0 66 0 255 0 206 255 90 6 255 199 231 255 87
    255 87 137 114 79 113 0 255 79 0 200 162 0 171 0 121 158 179 95 11
    223 132 0 167 75 97 223 255 255 133 255 93 0 0 0 90 178 0 0 169 0
    169 117 240 255 169 244 0 72 0 235 208 96 255 108 4 14 143 255 120 0
    134 250 0 176 2 35 164 255 251 255 93 106 151 255 255 42 100 237 0
    125 183 133 8 88 255 255 0 13 255 156 0 0 255 142 44 217 169 16 255
    115 150 54 227 99 255 255 103 70 0 9 153 81 55 18 68 17 0 255 13 13
    218 124 255 88 232 0 0 66 0 160 115 56 255 114 132 255 255 113 255
    255 212 108 23 22 36 33 56 255 84 255 249 255 39 218 236 0 255 11 0
    27 0 24 20 0 39 255 11 0 223 211 0 255 204 190 58 29 44 0 116 255
    113 0 255 61 255 244 125 255 255 16 170 156 21 0 98 141 138 45 0 255
    0 0 255 0 86 255 24 42 124 157 38 223 249 255 255 204 195 255 0 6 42
    255 81 145 24 11 136 255 255 167 36 255 0 255 148 255 160 118 103 0
    41 228 10 0 163 227 162 255 49 255 0 255 36 198 159 0 242 243 149 61
    252 130 20 0 135 0 13 206 0 255 218 255 156 36 55 255 212 255 0 131
    255 255 0 81 255 0 123 207 92 27 15 105 240 255 217 81 211 179 214
    237 255 73 0 255 18 11 125 255 0 255 190 183 255 81 29 186 74 162
    127 255 0 146 188 12 255 77 139 14 164 0 255 43 255 91 224 31 94 247
    255 0 0 120 255 35 116 255 21 255 120 99 87 236 238 76 165 79 0 248
    201 186 0 0 0 255 255 255 0 34 255 255 146 255 0 0 176 30 255 53 0 0
    190 183 209 40 255 255 126 20 67 52 0 0 255 84 74 7 0 57 106 50 189
    4 225 158 57 194 255 93 0 127 32 61 255 171 50 161 116 18 0 54 3 172
    29 255 68 0 128 250 139 86 89 0 81 216 7 152 255 213 185 34 114 255
    116 148 190 134 255 0 0 224 88 0 255 255 70 0 214 255 93 0 148 212
    96 149 0 255 47 37 107 188 255 140 177 250 47 243 255 43 0 248 95
    113 178 115 244 157 0 252 141 255 196 255 178 243 0 191 18 0 104 10
    152 141 255 18 0 202 29 67 42 255 255 0 255 189 65 120 69 4 0 130
    176 241 255 60 2 0 255 0 208 109 0 110 117 121 13 252 255 198 248
    125 104 0 81 255 87 119 56 78 255 171 255 226 0 179 42 172 0 57 121
    0 8 135 3 186 0 42 255 209 95 245 0 10 210 255 255 0 0 255 162 0 27
    166 255 0 0 155 255 172 100 0 0 7 77 18 184 106 109 60 29 38 0 223
    255 193 127 69 40 49 160 34 255 128 135 243 25 255 155 90 255 13 191
    0 0 26 42 255 0 28 50 147 107 0 219 243 206 0 29 255 0 186 233 194
    21 0 139 231 255 144 0 255 0 133 0 0 42 196 255 111 204 255 52 255
    255 168 0 189 53 17 190 69 242 255 255 102 4 255 48 130 255 182 46
    161 143 229 255 67 132 80 0 181 0 207 255 255 0 84 7 74 0 168 43 37
    0 0 241 0 251 255 255 3 112 205 0 99 155 116 215 66 255 0 255 195 0
    227 15 53 72 30 175 0 255 228 15 0 255 0 139 255 102 230 63 11 255 0
    40 16 188 136 159 255 0 0 110 0 63 0 231 57 255 105 19 32 0 0 104 0
    134 120 49 72 114 18 255 12 0 37 182 140 200 255 14 0 212 184 255
    223 83 255 156 0 169 255 0 0 242 252 140 159 16 255 0 130 255 137
    255 0 255 83 0 208 255 168 191 14 0 0 144 0 61 255 44 255 193 53 88
    104 224 0 38 59 255 255 0 238 0 255 255 13 177 25 0 229 175 0 0 242
    96 170 0 0 192 40 4 0 186 0 255 255 148 12 255 130 13 0 0 0 225 34
    99 15 167 110 236 50 123 255 215 130 0 206 160 255 0 0 169 255 153
    255 0 0 138 236 129 0 0 228 245 246 247 0 84 3 106 255 0 255 127 0
    255 0 0 168 91 0 0 255 212 57 255 0 229 62 64 0 0 0 125 236 0 0 124
    70 234 0 252 0 219 191 124 188 255 225 0 158 255 90 255 255 255 253
    255 0 0 120 220 150 74 106 133 19 255 0 255 255 59 255 0 141 180 9
    255 0 255 177 55 0 18 153 52 255 136 0 255 125 1 0 255 99 32 17 255
    255 0 124 171 122 37 255 0 0 232 78 0 17 0 113 148 109 0 116 27 112
    198 0 255 0 0 129 233 70 241 120 87 202 255 255 0 96 251 0 0 233 144
    16 123 0 0 255 0 255 87 255 17 232 1 255 0 0 30 52 0 95 255 40 255
    80 173 93 0 0 0 22 143 0 255 0 105 230 255 62 123 2 101 154 0 122 0
    68 61 181 194 138 194 244 0 80 190 38 0 226 243 79 37 166 233 35 218
    0 4 170 0 160 133 177 255 228 255 36 0 255 3 0 0 0 186 0 0 0 81 19
    215 255 62 255 150 255 0 0 30 130 97 180 121 92 242 82 232 183 255
    171 117 253 220 102 232 0 177 108 0 255 69 119 255 24 0 88 18 80 0
    233 130 0 135 255 0 59 197 144 0 241 233 255 0 228 240 0 44 113 36
    130 106 183 39 51 254 255 158 61 68 0 129 255 0 142 0 0 0 156 0 0
    137 146 7 0 196 74 58 59 249 169 115 53 187 180 188 214 174 15 0 199
    46 242 0 0 255 64 255 16 164 225 0 54 255 0 194 55 255 98 255 216
    206 8 101 0 0 87 0 0 85 65 152 72 124 62 255 160 0 0 255 0 0 7 8 58
    255 220 9 0 255 135 0 236 0 233 200 5 59 0 255 29 160 14 255 0 0 121
    0 211 94 234 170 40 12 255 26 233 249 0 0 97 0 0 172 0 195 0 255 57
    38 175 255 0 14 0 139 153 159 255 117 155 177 255 0 0 245 255 85 255
    0 242 153 0 255 255 255 255 0 255 0 0 201 52 0 0 158 192 0 159 61
    255 0 196 29 0 3 229 127 154 116 128 0 214 143 65 0 48 172 169 255 0
    27 50 74 180 255 206 255 0 255 50 226 255 0 0 0 123 107 99 97 142
    255 83 0 255 36 38 0 203 0 0 27 132 23 0 0 255 0 255 0 49 255 255
    255 111 255 255 121 140 0 175 99 0 255 255 91 255 95 46 0 255 255 81
    243 57 0 14 255 205 111 80 234 0 0 105 99 0 255 163 255 0 113 40 7
    211 255 163 192 0 89 201 116 112 0 121 198 136 48 216 128 255 7 161
    255 109 179 106 255 107 119 239 199 81 0 0 203 0 177 255 214 68 30
    74 71 244 249 0 255 153 196 202 60 50 243 230 0 224 109 79 192 255
    135 255 81 255 255 0 255 255 148 13 228 255 218 45 246 0 0 0 149 0 0
    165 61 255 0 163 40 69 111 0 255 0 55 0 138 255 255 154 188 0 159
    255 19 0 88 37 255 250 50 0 77 248 94 163 0 11 215 44 148 89 8 156
    166 35 242 51 48 250 218 140 255 255 219 125 255 225 185 210 144 0
    172 0 0 14 248 216 0 251 214 84 152 255 166 133 146 179 121 181 180
    255 215 13 85 255 232 101 153 125 250 0 255 0 255 232 156 154 173 86
    255 0 174 237 61 255 109 28 0 0 47 10 140 147 0 176 66 0 45 84 0 60
    210 36 0 0 255 229 255 165 90 15 0 210 38 31 89 161 170 255 210 19 0
    66 46 149 72 84 124 0 49 218 131 129 196 174 116 0 19 0 164 0 222 0
    48 26 160 95 217 0 0 160 0 208 0 255 0 255 100 120 255 0 41 32 255
    76 117 255 0 168 0 0 0 0 224 50 19 0 199 255 11 120 118 28 128 0 132
    255 255 0 12 56 255 0 107 140 64 195 0 126 155 0 75 37 255 67 210
    235 9 0 57 255 209 121 192 0 230 218 0 133 37 255 62 255 90 81 255
    255 44 245 89 0 118 192 5 0 160 32 87 0 233 70 255 95 86 0 14 0 0
    255 0 199 33 0 244 54 110 192 201 18 165 25 50 0 158 192 255 124 248
    118 98 176 126 178 168 14 6 75 147 160 43 134 255 255 7 0 234 0 0
    255 0 105 67 0 0 48 227 171 0 250 115 255 255 0 255 123 128 157 1
    140 125 12 0 0 8 255 0 21 242 148 183 138 139 90 54 106 255 126 205
    28 184 255 65 101 0 255 239 84 0 8 3 123 255 49 110 214 172 26 0 255
    63 138 255 53 0 208 134 0 64 0 34 204 255 0 120 122 255 255 0 82 19
    220 0 142 255 189 0 163 252 0 162 138 255 140 88 193 192 177 180 255
    107 33 0 130 68 0 157 0 64 33 18 255 88 236 84 7 77 149 255 166 24
    11 255 235 0 255 0 244 199 102 233 15 241 29 0 255 23 0 19 0 255 0
    247 91 10 255 215 146 176 0 125 212 94 0 222 109 207 215 73 167 132
    0 140 114 153 224 255 231 233 255 0 110 186 106 179 53 225 0 255 225
    46 236 203 23 255 182 24 172 0 121 72 0 255 67 11 176 0 255 114 255
    0 211 106 235 0 161 23 11 68 221 0 156 143 255 0 211 191 0 86 194
    197 48 255 154 133 123 253 124 42 254 9 150 0 255 83 142 255 1 172
    255 97 185 255 255 1 255 93 245 132 255 15 0 204 255 0 140 255 196
    52 184 0 40 0 12 216 194 102 216 255 0 255 255 0 0 255 0 155 255 199
    25 143 83 0 44 77 78 82 255 143 193 180 255 27 227 163 86 78 109 198
    255 0 255 0 7 167 67 175 0 0 118 115 255 0 119 208 228 0 255 12 239
    121 229 81 255 255 255 255 255 182 159 255 254 104 0 68 255 145 235
    145 0 86 132 184 244 254 255 151 255 255 5 0 31 255 116 44 255 0 153
    48 255 255 139 114 0 253 166 21 255 51 255 114 255 199 83 22 246 58
    67 185 111 255 0 18 139 137 0 35 0 255 0 251 29 60 0 172 253 18 255
    80 0 120 255 20 137 255 255 0 251 181 106 129 0 55 23 18 0 94 124
    204 5 0 62 186 227 10 242 6 255 255 227 255 255 197 255 222 36 179
    217 0 226 0 255 0 0 0 0 210 255 47 0 255 0 191 242 49 83 0 217 78 0
    255 0 255 196 0 150 0 162 255 0 0 0 149 111 102 25 149 82 121 180 55
    243 189 124 255 0 255 146 255 255 36 152 0 255 255 184 194 210 85 73
    0 93 255 216 186 0 255 0 237 6 0 173 45 255 255 187 0 108 255 1 230
    77 122 75 255 140 64 91 89 255 0 255 215 141 255 86 255 0 255 255
    228 0 50 142 211 238 0 24 149 255 179 194 63 110 17 28 242 0 255 255
    34 255 255 79 42 222 67 255 255 255 143 104 255 215 255 238 109 157
    230 29 207 0 177 0 255 255 69 99 221 243 255 122 0 198 0 0 0 255 248
    207 198 59 171 0 18 255 7 44 190 255 11 0 7 0 104 255 0 0 157 37 70
    255 105 255 255 255 255 255 165 255 248 160 0 26 0 82 167 0 164 0 42
    255 255 255 255 233 255 37 71 255 70 255 173 196 195 7 106 214 172 0
    255 152 58 10 149 255 255 0 80 255 64 0 255 38 255 77 72 214 0 0 0
    28 70 103 255 138 0 255 189 88 0 116 125 82 0 0 116 172 48 58 0 125
    66 109 255 0 12 206 255 131 255 0 61 255 255 223 40 122 133 215 108
    0 255 38 255 187 255 255 255 180 40 0 0 133 255 0 148 255 173 251 0
    81 0 124 156 255 2 245 255 255 0 186 184 0 255 221 161 19 150 255
    179 0 180 184 239 207 0 240 129 93 29 60 149 0 242 255 0 255 212 0
    194 189 255 255 0 131 180 158 174 202 152 0 176 255 119 102 241 164
    166 55 255 107 0 156 223 0 111 220 157 253 170 24 156 85 113 111 0
    85 0 255 255 51 255 193 157 0 178 0 255 255 249 255 205 78 170 255
    50 48 255 80 255 213 10 212 0 96 0 0 90 147 47 179 126 149 255 255
    10 188 122 0 255 0 21 76 255 255 255 0 255 0 228 157 183 241 0 216
    61 39 21 255 255 103 67 8 0 255 0 36 51 5 220 45 63 190 217 235 75
    255 255 113 242 0 134 255 87 255 172 255 255 0 29 255 136 71 255 47
    222 39 0 69 147 26 103 255 0 255 98 0 70 0 27 0 82 200 23 0 107 202
    86 255 202 255 77 0 0 255 208 36 0 219 190 50 169 255 0 84 0 87 255
    200 33 0 58 156 52 0 218 131 197 234 191 247 0 255 255 248 255 165
    238 4 253 30 255 176 255 181 241 229 90 255 23 0 77 226 9 0 87 16 28
    135 221 0 139 225 101 255 255 86 255 233 255 255 255 255 0 241 214 0
    156 255 97 77 20 255 0 36 255 255 66 39 199 255 230 96 115 255 102
    255 50 8 94 68 191 44 70 34 255 151 38 18 233 139 0 234 108 255 107
    103 0 8 154 111 223 178 152 0 255 255 255 40 255 214 142 226 209 0
    125 221 0 0 62 255 0 236 255 129 152 223 34 11 209 255 0 151 148 0 0
    0 243 177 134 13 0 182 251 6 65 74 211 9 0 65 0 84 246 202 0 255 113
    13 207 111 107 19 2 171 6 100 218 0 0 200 255 178 32 47 255 252 113
    0 0 218 0 0 66 0 228 0 255 228 187 255 0 206 255 200 207 228 239 85
    136 38 0 86 255 179 0 90 146 27 150 0 0 33 104 4 89 212 2 255 255
    195 142 194 175 168 200 199 145 186 94 0 255 255 114 0 0 189 210 0
    255 255 247 137 206 241 169 0 80 0 0 90 190 188 0 59 44 160 255 234
    47 80 255 255 0 255 0 166 58 255 255 0 255 217 12 126 143 115 112 0
    183 255 255 254 255 255 70 123 114 0 55 113 255 0 255 0 168 255 0
    255 100 255 247 255 60 0 0 0 0 0 154 255 45 255 0 255 0 173 0 178
    255 0 16 36 27 67 16 255 255 255 41 161 255 255 237 230 175 119 72
    220 220 78 56 33 18 0 205 181 0 254 255 198 183 108 237 0 0 122 0
    193 0 255 103 199 186 166 187 35 255 0 0 106 255 158 0 255 244 186
    27 33 34 182 255 149 50 119 196 0 230 255 0 22 0 48 5 54 123 255 255
    103 130 234 153 110 92 98 255 85 197 173 255 0 0 197 0 0 0 126 0 248
    206 44 102 255 0 44 0 190 92 181 236 255 224 234 255 255 30 255 249
    208 255 116 255 62 82 155 157 83 3 156 176 255 108 234 32 45 0 176
    137 0 255 125 54 255 189 16 139 85 0 0 255 106 169 136 189 43 0 235
    255 0 215 116 128 0 0 27 123 0 47 66 208 83 90 255 0 153 13 109 255
    255 57 0 113 49 198 250 255 255 38 0 146 0 101 6 46 151 198 0 255
    213 251 158 119 255 155 68 228 0 230 175 255 93 115 255 225 63 0 145
    145 208 136 255 168 255 255 255 0 255 175 4 219 172 0 255 103 92 0 0
    207 194 109 232 152 14 255 0 16 43 7 255 120 252 142 44 177 182 31
    174 178 118 105 215 79 57 66 59 255 99 70 0 255 0 185 227 167 159 70
    161 255 0 78 93 14 126 255 255 145 189 62 28 0 0 0 0 163 0 0 213 247
    255 0 159 255 0 77 179 255 0 219 193 177 215 0 255 0 0 0 241 233 249
    255 228 0 0 255 255 43 255 255 255 169 33 178 255 127 255 217 255
    131 123 218 9 255 255 0 255 190 185 0 0 217 238 186 255 3 255 255
    208 222 250 74 0 9 186 160 166 255 0 0 251 159 136 0 255 219 217 255
    250 0 255 10 240 255 64 228 241 185 109 0 248 219 255 249 81 0 254
    68 194 185 192 149 31 24 32 255 2 8 60 3 255 101 149 124 255 255 0
    255 255 255 112 255 88 214 221 0 255 96 238 0 255 0 0 26 255 234 7
    201 189 255 251 0 0 234 134 255 140 0 42 88 0 0 255 0 144 62 86 180
    93 246 7 255 194 196 255 255 176 0 101 174 16 0 255 191 0 38 255 255
    0 152 97 150 33 38 85 85 255 255 0 255 110 221 0 161 0 4 0 0 0 155 8
    250 255 0 220 42 47 0 148 0 209 130 38 81 111 55 169 255 0 160 66 0
    0 189 249 255 242 255 252 105 151 0 69 80 0 22 111 0 143 6 68 198
    150 233 255 159 16 237 96 234 255 64 134 51 39 139 255 91 250 255 55
    36 245 255 0 0 77 255 46 200 255 152 198 230 104 127 0 3 133 255 35
    254 255 114 250 60 255 255 255 255 90 222 52 201 228 229 79 231 255
    255 0 0 255 0 97 91 97 0 255 255 235 33 204 255 0 162 158 222 145
    236 71 220 255 40 244 255 19 0 115 255 255 0 247 137 243 178 255 225
    16 244 26 110 255 255 129 0 0 84 0 166 149 45 240 0 12 60 122 0 241
    195 205 0 178 40 214 159 193 227 93 0 187 228 5 233 240 0 173 0 89 0
    0 116 228 215 255 56 174 0 220 9 97 255 0 24 14 56 220 53 129 255
    223 49 4 239 0 10 95 0 134 221 163 190 255 255 255 84 228 192 0 124
    255 233 253 20 209 255 225 207 48 0 0 255 60 152 173 0 0 93 0 0 191
    176 170 0 0 209 146 255 0 142 251 255 255 64 108 53 132 255 255 40
    255 0 220 176 255 22 156 250 170 255 178 2 197 97 0 145 161 180 119
    150 67 71 144 171 91 125 126 158 195 58 69 29 0 92 194 34 255 232
    130 0 129 255 148 49 247 216 255 0 91 51 90 213 255 244 255 255 47
    15 91 216 154 0 242 198 255 255 119 63 68 139 255 54 1 171 222 5 53
    0 151 255 255 143 0 213 0 166 139 0 255 255 127 186 0 0 133 0 248 1
    110 195 100 255 191 0 65 207 114 155 254 0 202 141 78 7 84 208 255
    157 243 183 0 0 236 255 0 108 156 193 254 55 0 2 66 132 152 119 90
    31 41 0 95 119 185 70 255 236 87 255 84 247 120 255 0 62 255 141 189
    35 213 0 20 176 30 57 255 0 83 115 215 255 115 255 84 0 0 86 255 255
    55 0 173 255 119 29 69 135 255 171 57 125 38 47 144 144 252 98 21 27
    255 0 255 255 255 255 170 138 255 23 255 255 188 227 44 168 0 255
    108 163 2 102 0 0 0 121 83 255 167 0 128 255 0 51 170 44 44 0 212 0
    12 0 250 212 41 255 249 109 161 255 140 63 136 122 141 161 68 217 35
    193 0 0 42 122 176 186 217 117 207 255 151 122 193 235 231 255 228
    255 0 0 118 10 253 31 0 62 100 108 146 151 111 0 21 255 255 255 123
    186 107 255 215 255 250 44 13 249 73 0 149 217 255 233 33 253 96 0 0
    0 42 190 0 221 255 0 43 33 250 0 0 255 255 255 38 138 255 103 176 84
    0 255 104 47 222 17 244 255 184 127 109 24 132 231 179 159 88 0 77
    219 128 166 0 142 9 209 68 88 67 0 128 0 11 0 0 128 0 0 0 20 127 0
    79 0 96 179 0 255 255 124 164 213 0 93 133 172 0 255 92 0 0 195 20 0
    255 0 233 35 80 255 255 56 255 194 67 0 255 170 163 130 255 228 30
    177 255 231 189 172 124 238 57 0 255 0 218 68 255 20 255 177 171 235
    239 54 238 166 76 0 208 120 255 210 135 232 247 0 0 255 12 0 140 134
    57 119 77 255 255 0 235 55 217 0 156 0 204 0 19 255 255 191 151 81 8
    212 217 255 216 43 0 255 185 23 84 76 0 154 255 175 53 255 255 122
    79 188 65 36 255 0 255 68 81 201 67 94 230 197 75 0 41 79 27 157 77
    0 67 182 0 90 0 197 110 179 82 37 0 204 0 184 255 0 133 127 111 232
    146 255 160 0 59 255 0 51 255 232 120 28 141 0 129 207 205 214 128
    255 118 108 255 217 93 136 13 0 255 0 255 250 0 206 255 0 11 255 157
    255 0 125 255 10 74 138 0 255 94 58 255 98 255 126 25 255 148 43 180
    168 27 255 91 0 32 236 191 0 196 49 238 0 0 255 223 0 120 79 0 65
    255 255 0 224 0 0 0 215 58 0 0 0 0 37 163 130 213 255 0 47 37 184
    145 0 18 232 195 176 0 248 255 215 255 0 251 131 180 0 255 255 0 255
    20 170 255 137 81 207 129 85 214 255 23 0 210 191 190 72 255 46 63 1
    118 0 0 147 255 0 244 70 134 209 175 227 255 188 12 255 229 108 255
    255 0 188 217 125 0 255 247 216 224 129 245 243 94 17 255 99 58 239
    173 216 167 133 255 235 18 43 186 229 0 255 65 0 181 0 1 255 46 0
    255 166 76 226 0 247 0 0 182 101 0 255 81 255 231 41 112 0 242 148
    255 255 202 0 38 90 255 142 232 0 255 0 1 107 21 255 129 84 92 237
    199 0 120 255 0 241 14 0 111 5 0 108 0 132 29 196 23 230 0 127 81
    255 255 255 1 158 255 99 255 3 40 22 0 0 202 243 68 0 155 38 81 20
    128 255 204 0 127 0 255 0 0 182 4 194 255 24 0 41 90 183 0 231 255
    255 0 0 92 226 32 36 0 118 0 162 212 0 182 217 207 255 255 62 114
    196 5 249 0 17 255 174 190 231 10 20 255 135 152 61 51 235 210 0 248
    9 0 197 170 126 91 255 51 253 142 4 20 255 0 159 201 255 95 255 255
    108 0 194 145 0 47 0 255 212 255 206 88 58 56 193 255 159 88 89 43
    72 255 163 49 154 0 224 238 0 255 255 121 103 0 157 164 92 0 189 36
    0 26 17 143 0 0 88 68 3 255 253 23 213 162 0 59 215 0 155 180 0 255
    0 219 122 0 0 238 69 0 98 47 41 185 254 0 229 0 244 170 99 123 199
    255 250 139 243 194 210 0 76 0 30 104 227 134 143 255 135 0 78 89
    252 210 29 19 7 255 206 166 44 0 0 194 0 0 0 255 147 0 168 41 0 42
    39 0 200 228 0 172 237 0 255 54 239 255 125 39 154 162 74 168 177
    147 62 0 32 229 255 3 239 85 0 165 255 10 0 255 255 0 255 0 0 0 90 0
    234 12 164 230 255 112 0 25 255 255 69 10 0 0 162 30 255 0 147 169
    14 136 122 21 0 52 195 0 255 166 0 73 129 0 207 0 0 0 255 143 172
    204 24 217 255 152 117 0 150 252 0 53 184 77 255 0 24 84 255 0 242
    214 124 9 169 255 154 255 146 62 77 255 0 0 255 222 90 0 29 23 226
    234 255 255 255 255 0 0 255 0 255 0 114 255 0 0 0 105 0 69 142 91 53
    255 255 198 94 181 244 180 255 147 255 0 0 108 213 5 53 0 38 255 0 0
    170 71 36 55 118 175 61 45 255 255 192 0 122 128 156 93 0 238 172 0
    82 255 0 95 240 127 216 255 141 84 130 0 4 229 255 219 117 132 94
    146 157 169 8 120 194 136 59 0 55 44 186 0 255 0 93 238 4 218 0 0
    224 244 0 134 255 0 103 117 203 23 98 119 183 41 0 215 255 166 172
    240 0 20 255 182 116 0 50 74 233 0 0 255 85 0 255 130 190 255 134
    255 162 237 175 61 0 71 0 244 0 93 228 0 255 27 80 170 106 150 255
    198 18 0 255 255 0 0 138 91 0 0 14 10 255 142 169 255 255 246 219 0
    223 255 129 236 255 96 2 0 230 255 153 0 101 194 252 255 0 172 200
    255 86 170 85 137 231 241 144 255 112 0 13 0 228 22 255 0 128 255
    193 220 125 77 255 226 133 70 17 0 180 204 0 86 105 0 95 255 0 219
    193 255 0 180 0 28 255 255 0 238 237 230 255 0 0 255 0 217 255 239
    255 242 255 54 255 137 0 55 126 30 92 205 0 0 253 66 255 255 0 0 204
    1 117 144 168 255 255 255 192 255 255 145 255 118 137 133 86 0 7 55
    255 3 26 180 255 150 47 255 140 55 52 10 172 39 8 50 229 43 89 226
    75 42 37 154 133 59 100 54 0 214 0 226 32 0 255 0 0 186 138 86 0 255
    76 174 157 0 103 83 147 0 92 255 246 150 144 149 136 127 166 255 108
    35 64 0 255 215 88 0 196 187 0 0 110 106 0 253 189 255 219 167 112
    255 157 0 255 25 18 225 220 0 33 115 69 0 255 48 11 0 52 31 0 218 0
    0 191 45 28 255 255 255 255 197 66 0 255 211 255 237 96 0 255 72 255
    140 39 212 0 255 70 224 8 0 115 94 158 255 0 26 75 38 255 20 252 60
    255 0 0 255 255 55 77 76 210 215 129 246 255 0 208 0 38 157 97 8 109
    210 223 36 0 31 174 0 255 109 57 0 255 0 105 165 0 65 16 8 178 255
    164 255 80 154 225 29 138 198 115 150 255 0 0 41 27 164 0 0 255 143
    165 170 218 255 255 0 216 6 0 0 1 0 255 18 0 104 0 0 106 0 232 255
    255 0 36 0 193 254 201 247 29 94 255 123 255 195 255 255 170 0 0 205
    150 0 13 132 108 150 169 140 211 0 60 123 6 86 136 255 0 8 186 0 226
    222 87 58 255 84 255 165 55 149 170 255 255 212 142 0 255 146 90 20
    87 214 255 50 89 0 7 25 255 254 255 125 255 114 0 108 0 248 27 10
    255 54 0 0 255 255 87 255 179 255 67 0 248 66 212 185 190 197 0 123
    255 132 97 255 23 0 255 255 40 255 0 0 186 34 0 255 0 25 114 130 149
    219 174 29 146 13 168 91 0 227 0 61 164 255 0 0 0 63 124 18 229 255
    255 0 56 74 93 0 0 239 255 106 68 143 92 148 137 55 178 255 163 255
    119 0 124 0 6 255 178 255 0 250 255 255 255 0 249 116 181 0 57 6 0
    60 0 234 132 121 89 0 168 0 255 249 255 255 255 60 225 149 198 188
    221 255 0 92 97 255 197 0 255 110 153 0 133 92 240 151 50 255 0 255
    250 164 184 63 0 255 0 148 0 11 255 126 255 0 78 182 94 255 231 208
    137 36 47 171 32 144 224 0 152 184 255 0 115 107 0 0 130 0 255 103 0
    75 134 128 255 155 58 79 183 121 156 164 0 0 181 244 238 0 152 79 58
    176 145 0 255 114 130 221 0 242 0 14 90 255 50 255 46 255 255 18 255
    0 213 0 0 255 49 255 255 0 222 46 242 74 255 255 255 125 255 255 106
    29 255 0 220 220 0 255 47 56 190 254 0 249 0 55 215 255 232 0 255
    229 255 238 160 255 255 244 19 177 171 255 0 169 0 0 0 0 47 42 21 0
    68 254 106 0 5 17 224 0 169 255 255 20 255 100 0 255 73 0 199 121 0
    126 70 79 255 210 190 98 0 164 53 0 0 0 226 5 162 0 212 0 163 255
    194 99 255 0 0 111 116 255 39 211 218 0 232 151 255 0 37 198 190 34
    225 255 114 255 81 192 52 255 99 255 32 0 176 185 255 255 111 205
    119 13 101 78 0 144 105 188 32 0 146 22 247 183 150 209 37 255 170 0
    252 29 0 0 253 0 26 131 255 142 211 82 255 223 182 0 17 110 213 83
    94 0 221 255 156 237 0 255 80 0 114 17 156 255 54 255 255 131 0 255
    186 229 106 0 30 250 111 0 114 16 255 82 206 28 24 121 201 31 91 174
    255 255 0 0 255 76 255 69 159 196 0 137 255 34 99 0 172 0 106 121 0
    255 139 0 255 0 98 111 255 61 93 4 93 179 209 146 0 188 0 59 105 207
    246 143 169 255 217 54 170 0 0 215 66 199 98 185 0 255 255 253 242
    56 255 58 144 58 101 0 255 41 120 255 247 181 142 73 21 239 0 147
    129 255 236 0 255 169 0 46 193 0 54 167 210 150 76 252 83 0 109 110
    61 0 255 0 255 78 140 109 111 9 168 44 255 27 39 255 248 181 57 43
    143 0 139 82 133 255 96 255 150 212 69 144 0 39 179 82 185 121 73
    228 106 95 255 255 19 24 255 0 48 255 141 0 184 186 0 123 255 250
    255 56 1 0 0 0 0 115 163 68 0 97 113 176 124 255 86 0 255 109 0 70
    244 0 255 131 14 233 166 0 0 76 77 255 15 197 212 154 255 0 255 102
    226 0 255 3 0 217 0 0 156 163 3 75 119 255 255 0 122 255 0 255 189
    255 0 137 255 255 255 247 26 0 0 172 255 246 255 217 123 69 132 93
    172 96 197 189 17 114 183 117 255 156 95 126 252 0 130 95 232 255
    147 219 255 212 255 255 232 0 76 40 56 101 79 161 121 144 175 18 1
    255 0 0 45 79 212 48 197 200 227 158 249 0 65 249 23 255 37 255 210
    3 255 59 107 70 0 0 6 120 180 201 255 16 0 6 70 226 175 190 255 137
    42 180 162 255 215 0 0 57 77 0 201 13 253 255 0 211 0 0 255 34 168
    231 13 194 255 255 65 206 46 255 23 233 255 85 147 52 167 249 58 33
    255 51 0 101 255 72 50 255 255 52 0 8 74 12 182 0 255 255 61 207 156
    220 104 0 98 0 230 215 39 0 142 160 100 176 0 0 255 255 92 150 39 79
    101 43 0 0 25 237 250 246 187 207 83 255 45 237 197 2 163 108 255
    194 128 26 143 149 52 217 218 43 255 18 177 245 21 0 255 171 42 153
    75 39 52 0 68 0 0 40 35 255 177 255 49 222 206 0 255 83 66 24 73 9 0
    0 121 48 0 240 255 58 0 255 0 25 125 161 218 255 190 83 0 0 218 156
    33 8 255 103 200 125 0 0 44 213 0 106 45 0 255 255 70 141 218 25 0 0
    58 152 52 8 0 81 173 188 0 115 0 81 160 88 106 88 240 175 70 189 0
    185 60 158 0 227 74 0 198 99 110 7 255 172 255 0 123 122 0 170 0 0
    242 0 255 0 223 107 0 0 177 22 145 39 0 0 1 255 255 242 4 0 122 7
    115 46 117 54 0 92 66 200 3 170 210 153 201 161 253 128 61 111 255
    138 155 30 225 94 0 0 0 0 100 108 0 0 54 205 16 251 255 28 246 13
    255 40 239 255 234 139 255 252 255 118 255 255 81 240 230 0 0 111
    232 35 70 255 255 255 224 0 0 255 0 0 143 213 144 0 210 113 19 227
    181 162 230 0 190 255 255 255 96 0 13 15 217 212 65 55 255 255 255 0
    255 229 0 98 221 255 0 255 163 86 13 0 0 147 238 91 0 73 158 0 0 38
    255 255 255 0 32 67 255 255 72 147 255 40 0 227 0 0 16 61 172 0 249
    254 0 93 176 255 255 178 255 116 239 255 0 255 155 27 0 117 255 0 20
    102 236 44 180 0 49 255 43 113 211 13 140 255 202 194 150 212 54 29
    0 173 0 0 137 255 76 194 255 214 159 45 65 160 3 85 31 143 255 0 104
    131 255 55 110 0 194 51 115 0 51 255 0 67 255 76 165 0 205 79 255
    255 66 255 57 255 251 101 252 214 86 151 167 255 193 97 244 65 103
    48 255 255 0 45 234 0 255 0 44 125 120 205 46 0 255 64 0 44 77 54
    118 0 2 60 136 25 255 19 155 255 0 53 128 255 0 232 109 116 0 255
    255 141 110 223 255 92 255 30 0 0 255 66 55 255 255 114 0 149 56 255
    0 224 17 0 106 255 131 255 224 255 0 255 255 5 184 26 0 139 255 98 0
    183 206 236 255 255 98 5 8 93 255 107 131 88 74 255 255 0 37 213 0 0
    255 104 23 0 133 169 0 189 26 0 224 94 255 0 255 0 0 200 42 136 62
    250 112 240 255 76 86 184 255 0 0 52 125 86 255 255 56 0 188 219 82
    255 43 214 0 255 255 0 0 255 0 255 116 255 187 33 255 255 255 53 255
    168 0 255 153 0 96 96 110 255 0 144 36 0 228 255 229 255 177 205 0
    180 90 159 142 213 113 194 255 90 153 139 226 255 192 0 255 240 61
    255 95 218 123 97 126 0 193 0 99 43 96 26 130 147 238 0 142 31 14 0
    225 0 204 0 124 240 98 93 92 255 139 255 117 242 0 17 230 246 0 233
    0 122 121 12 61 207 78 0 0 0 0 210 151 64 106 0 239 0 255 0 93 0 52
    126 255 255 203 255 95 63 175 0 228 255 106 76 255 117 175 255 83
    137 122 56 87 0 0 223 68 243 92 61 88 225 255 31 33 183 91 0 30 255
    183 255 255 64 165 0 19 226 0 0 0 0 151 188 180 0 255 255 0 255 255
    0 187 194 216 0 171 0 139 60 204 255 74 0 94 255 167 255 244 133 255
    202 249 49 0 221 249 0 131 255 26 42 87 183 8 215 0 255 47 189 255 0
    74 127 0 167 117 208 255 0 246 85 255 255 113 255 255 255 176 228
    218 221 34 255 227 251 0 255 70 75 220 199 58 137 255 112 0 255 126
    243 0 255 203 31 3 139 32 7 104 110 211 240 0 157 166 145 255 255
    223 59 0 255 0 170 109 233 214 252 0 0 255 0 29 167 163 140 255 95
    255 186 255 255 0 0 167 118 91 59 213 255 0 128 16 239 0 8 136 154
    252 119 0 135 0 0 110 188 191 175 214 255 103 255 190 0 242 231 0 31
    255 194 14 255 127 0 222 0 0 255 106 0 66 0 0 0 0 255 0 221 255 0
    234 249 241 117 255 127 255 0 247 255 0 212 255 36 120 0 0 231 40
    140 0 108 50 68 222 145 137 0 0 184 213 55 159 0 155 48 0 134 237
    165 0 226 150 235 227 49 0 255 94 171 111 255 64 0 255 255 206 82 0
    120 255 0 178 255 160 0 83 255 195 0 19 244 23 182 0 255 0 206 49 0
    229 120 191 0 49 0 0 188 218 92 205 214 95 228 255 255 229 255 72
    123 168 7 201 0 241 196 49 98 222 186 243 0 23 255 0 253 223 0 148
    130 147 84 80 0 85 0 0 152 0 255 13 255 72 0 255 107 255 255 253 96
    255 137 194 176 54 228 214 0 255 226 112 35 0 255 238 0 93 222 11
    255 0 255 26 147 127 16 205 0 12 216 0 226 212 171 64 246 171 164
    172 211 255 97 254 0 125 0 191 237 0 255 170 87 235 239 255 240 91
    201 74 65 13 0 67 78 0 0 0 189 255 13 255 38 255 255 207 0 175 0 0
    113 12 255 0 132 0 63 150 40 212 1 73 255 255 179 202 202 255 104
    249 0 0 0 225 255 255 245 200 112 235 90 80 0 255 0 0 129 77 255 0
    174 255 89 236 255 84 0 229 163 183 216 255 92 0 133 0 23 255 0 136
    249 242 230 55 150 219 0 23 0 123 175 88 255 0 229 163 0 255 255 89
    49 48 17 255 0 224 255 166 255 211 174 76 204 172 0 255 255 196 244
    64 0 215 254 250 142 79 255 157 255 162 138 0 255 215 69 255 255 254
    237 245 0 193 106 5 0 2 0 255 46 239 184 76 124 199 142 0 0 255 141
    81 45 193 108 71 134 4 89 0 255 0 255 255 246 113 194 19 255 26 255
    116 0 0 255 255 242 255 255 104 17 255 59 231 53 61 199 124 255 124
    0 0 0 0 68 220 0 29 255 255 255 93 69 217 58 183 31 0 108 95 255 114
    140 73 255 255 84 81 255 161 198 210 197 0 119 134 45 1 87 255 58
    100 196 13 255 48 141 60 0 208 127 219 125 42 127 103 144 187 0 45
    230 244 195 121 70 230 149 16 203 177 0 0 255 0 0 255 255 75 0 84 42
    255 22 0 216 4 255 42 85 255 35 255 94 255 109 61 242 0 0 99 217 0
    195 0 235 143 99 80 208 118 29 54 255 109 18 85 255 80 0 158 163 183
    174 0 196 179 186 186 224 0 255 19 16 195 224 255 70 64 33 4 211 255
    99 92 255 0 9 181 0 141 0 255 249 13 37 190 255 169 222 95 209 75 0
    51 194 118 0 6 73 0 213 54 255 110 242 231 224 0 120 0 0 195 0 0 255
    255 103 76 0 119 255 156 220 159 107 255 11 255 96 255 255 14 158
    198 82 37 154 198 255 255 208 213 71 255 255 93 255 0 0 230 0 76 118
    55 147 0 211 125 0 52 227 255 0 27 207 0 255 254 0 230 0 127 255 0
    255 106 10 166 255 255 0 0 23 72 34 0 219 165 0 60 239 246 26 144
    255 34 187 251 255 85 176 0 185 230 159 148 190 0 159 255 17 162 220
    255 255 99 255 47 103 40 0 53 0 142 247 255 8 0 198 159 2 185 24 23
    0 0 241 0 0 225 83 191 3 0 166 141 169 21 197 255 126 255 210 10 0
    255 0 32 197 255 28 63 0 49 20 0 179 34 32 90 40 255 255 88 133 255
    255 0 77 55 182 39 165 255 177 218 200 29 22 84 0 152 55 255 255 118
    103 221 232 81 16 0 0 0 60 248 255 255 0 178 250 255 255 0 255 120 0
    179 0 45 81 0 3 255 49 252 105 36 144 204 124 0 0 0 59 67 138 167 79
    18 255 248 101 153 173 162 100 176 255 120 185 255 60 150 180 253
    117 255 0 219 119 0 0 13 191 0 212 255 207 255 252 46 255 255 0 0
    202 255 30 0 160 95 128 255 163 38 7 203 151 107 0 255 72 24 219 127
    255 162 255 70 255 255 255 119 0 208 0 118 255 241 55 58 0 153 117
    19 141 4 255 186 61 55 0 203 104 201 39 0 121 169 255 144 0 0 150
    255 240 39 255 14 14 255 191 2 126 246 0 255 255 79 232 255 190 255
    116 113 165 14 161 255 255 58 107 0 255 132 216 107 47 176 123 104
    158 228 97 39 40 255 178 0 198 130 147 187 130 94 173 205 255 0 0
    202 82 0 0 0 255 1 113 89 255 255 0 2 255 34 0 0 70 255 206 0 69 155
    255 157 101 213 70 10 0 227 238 173 14 0 0 216 64 255 7 0 132 0 134
    0 178 88 213 209 195 113 0 72 0 114 0 83 123 194 159 0 93 32 18 17
    161 140 255 157 238 10 0 55 0 0 122 255 174 255 54 117 232 255 134
    12 245 25 10 125 0 230 30 89 255 255 0 255 0 255 166 0 255 156 0 4 0
    255 51 201 9 0 3 255 0 255 247 220 255 28 252 139 97 207 110 19 125
    227 0 28 26 203 255 94 185 237 28 0 96 0 0 0 255 253 0 214 107 52
    148 191 255 255 26 222 0 243 0 0 184 0 1 119 166 95 64 255 41 126
    173 176 255 0 154 110 46 134 255 229 144 2 140 5 0 41 87 109 255 200
    204 137 49 145 253 255 219 214 255 0 211 61 0 255 60 207 255 255 255
    173 255 0 0 255 126 82 184 140 67 255 225 214 255 45 199 128 216 84
    0 3 0 242 0 39 200 255 255 141 255 223 0 255 194 255 131 4 55 220
    255 6 47 51 255 0 42 255 255 0 0 91 5 52 162 35 253 241 28 114 51
    214 70 170 92 255 74 118 0 34 215 0 196 191 255 0 30 160 255 76 117
    0 175 129 68 255 102 0 177 188 251 115 94 255 43 173 98 255 0 0 109
    44 46 230 255 4 119 255 101 198 38 69 255 0 204 45 52 255 176 34 5 0
    75 21 81 0 110 152 195 123 255 255 38 11 255 0 218 0 79 98 165 15
    140 108 176 0 58 255 61 0 202 41 44 94 39 140 229 184 159 0 220 64 0
    62 0 28 255 255 208 26 35 86 1 255 74 0 13 177 0 72 218 214 255 238
    150 0 100 61 255 0 82 0 0 152 0 0 7 53 108 142 35 0 198 255 255 120
    255 74 255 255 255 255 246 0 152 247 0 255 162 205 80 238 201 39 0
    90 104 51 78 98 255 255 0 255 86 255 63 5 255 18 243 215 60 255 255
    0 104 255 208 49 87 167 0 37 105 212 77 34 243 193 103 132 151 0 168
    73 255 255 0 255 16 0 0 0 51 253 213 74 67 195 25 47 255 112 255 219
    255 96 218 136 155 255 221 115 0 183 255 255 154 33 67 152 198 0 62
    0 0 255 0 255 166 144 255 91 229 177 44 255 6 255 255 0 255 255 211
    255 90 196 114 90 218 255 72 255 0 0 170 0 102 101 244 255 255 255
    137 255 255 242 221 0 202 123 255 29 231 228 111 0 202 50 255 255
    214 97 181 24 182 255 11 212 0 128 67 255 65 255 239 0 0 230 133 236
    231 255 0 0 0 12 172 19 0 24 0 0 255 0 186 0 255 255 0 242 194 220
    118 255 0 162 225 221 57 0 0 113 103 44 27 0 0 64 184 0 96 255 148
    35 198 8 0 169 0 191 88 0 143 255 67 225 255 0 55 67 4 205 0 167 184
    177 110 220 255 204 255 174 0 92 255 203 245 108 255 0 255 174 0 163
    199 255 242 255 150 142 33 114 187 255 197 189 255 0 231 73 235 153
    229 215 255 233 252 86 143 255 255 67 60 139 143 44 0 184 182 0 175
    0 79 156 159 187 35 190 53 121 63 210 121 179 200 12 0 1 0 255 248
    131 232 134 25 149 89 156 192 228 255 255 230 156 40 255 0 113 157
    35 248 236 33 255 0 196 87 7 6 255 255 225 206 0 0 255 255 206 0 0
    255 255 0 225 38 40 196 0 206 112 202 0 88 255 5 247 125 92 124 0
    255 185 154 242 243 0 48 212 255 237 9 179 155 60 124 37 201 87 170
    255 0 62 168 0 255 0 216 255 0 42 159 255 128 213 255 10 136 255 255
    0 223 116 213 248 198 28 0 255 255 205 189 114 91 0 255 124 234 156
    0 255 178 99 53 0 100 215 0 74 0 197 255 145 223 22 231 255 128 212
    15 212 4 28 187 3 176 96 0 168 130 35 0 19 215 19 0 2 0 39 134 140 0
    197 191 199 239 0 213 154 32 255 255 40 255 255 209 255 199 0 0 0
    111 255 0 119 91 79 0 197 162 161 255 73 68 246 255 0 186 0 210 0
    181 234 0 27 232 154 213 118 158 255 0 93 194 0 0 252 89 15 56 220 0
    22 255 209 247 82 61 104 248 0 238 117 206 42 90 141 14 255 0 0 179
    113 143 173 0 154 154 34 51 13 54 0 0 0 25 51 0 170 196 81 174 53
    106 0 20 252 9 0 38 15 0 184 83 255 120 25 155 255 255 73 202 29 255
    0 239 177 111 58 0 53 102 195 255 171 77 100 255 45 255 255 255 202
    50 116 99 15 70 255 0 255 212 177 150 145 0 73 255 68 213 255 180 0
    188 69 0 94 0 44 0 210 0 0 71 229 184 0 73 195 255 187 75 255 60 0
    119 43 255 255 214 44 181 3 79 231 0 0 54 255 255 255 52 0 0 57 0
    189 10 14 0 255 0 144 160 56 94 11 228 158 27 209 65 0 255 93 57 207
    63 0 135 81 49 255 0 255 104 201 58 255 164 31 0 182 5 172 255 0 30
    108 0 44 210 16 0 190 23 0 0 0 107 103 255 219 0 93 219 255 32 107
    173 80 219 236 255 172 74 0 62 153 51 17 234 255 255 255 60 255 255
    182 59 131 0 255 157 0 255 73 177 81 106 0 255 206 48 255 120 162
    227 255 6 197 156 31 1 255 255 242 45 255 255 226 168 255 79 0 255
    255 1 184 85 0 255 0 85 232 0 54 0 244 55 0 145 156 216 44 255 184
    238 34 0 3 48 255 0 232 228 0 11 252 0 255 239 102 174 255 0 111 176
    0 56 57 174 0 237 236 0 0 2 23 186 0 0 0 255 255 0 255 240 0 255 221
    225 4 255 216 235 146 106 0 255 255 126 14 0 255 159 111 255 31 0 30
    22 180 0 121 174 0 27 50 0 43 250 255 206 100 169 140 8 0 0 255 0
    127 88 0 216 52 255 159 96 255 101 203 179 252 0 155 217 253 255 196
    0 255 0 255 199 20 255 208 236 10 0 128 0 52 21 146 0 0 133 57 197
    202 197 136 34 0 255 0 192 255 66 61 75 0 255 57 124 0 0 145 130 181
    0 254 255 175 255 234 63 63 0 103 255 255 75 255 86 0 35 242 98 255
    46 27 56 0 6 255 177 80 82 254 0 167 0 0 0 135 111 255 17 0 10 237 0
    52 255 0 0 228 38 0 96 255 12 160 136 255 255 194 124 255 151 0 187
    0 0 37 0 255 79 123 68 0 246 61 231 255 175 40 96 166 255 0 250 255
    98 193 255 147 52 233 0 255 27 45 175 0 46 0 38 255 0 181 0 212 0
    122 120 139 21 245 0 65 49 216 212 88 65 84 22 0 32 249 25 177 0 255
    173 0 117 206 0 217 246 73 255 229 255 255 123 255 56 54 67 234 177
    171 255 255 49 69 251 255 40 23 178 24 117 107 255 0 0 201 92 255
    255 0 41 232 238 83 185 219 0 25 0 83 255 255 22 255 199 0 255 240
    127 0 250 255 179 22 61 59 206 222 255 255 210 255 191 0 97 213 0
    128 41 0 64 47 184 12 243 0 255 77 255 168 192 175 28 65 10 189 251
    2 255 157 183 85 255 0 171 255 2 87 237 154 255 246 38 112 205 231
    75 101 164 168 0 207 182 0 156 255 57 237 82 101 255 255 59 255 250
    160 115 151 255 62 166 0 0 195 255 158 0 141 101 255 255 245 170 104
    255 122 50 54 118 0 51 68 243 135 190 0 52 211 227 255 255 244 41
    255 194 0 233 97 189 255 246 99 255 59 121 255 16 255 255 199 255 0
    14 255 1 83 126 9 0 55 152 167 83 0 0 0 255 191 119 113 0 162 104 81
    255 193 255 216 255 254 0 0 0 0 94 251 255 142 36 215 162 32 255 194
    198 222 246 255 146 0 255 17 44 255 239 0 52 255 255 0 202 0 174 242
    227 255 118 191 161 255 0 128 206 231 0 84 0 0 255 35 26 255 173 255
    255 135 176 255 67 255 232 71 39 232 255 63 149 255 18 43 133 58 223
    255 212 208 0 97 255 152 255 197 9 165 255 240 79 254 255 255 38 74
    0 145 193 1 0 0 128 7 131 244 0 88 255 165 169 113 221 0 179 0 204
    18 0 255 0 172 234 250 95 184 255 255 164 0 23 255 252 0 124 180 0
    255 96 191 79 6 252 173 0 0 255 85 15 110 255 241 35 148 149 153 171
    234 5 50 251 255 2 51 58 255 254 255 221 188 58 222 0 255 168 255 65
    86 0 35 54 255 107 255 195 35 103 9 64 0 255 249 0 185 255 108 255
    85 255 255 255 85 28 99 255 255 164 201 227 0 154 255 255 215 214 1
    64 216 255 168 239 201 82 91 255 255 255 52 112 0 40 30 0 163 230 0
    0 61 0 106 0 0 218 105 206 15 253 0 255 113 80 200 96 129 255 121
    124 176 218 255 255 0 201 66 0 0 0 169 209 12 142 255 0 0 250 255 0
    0 211 255 0 130 204 0 0 255 41 206 255 0 0 255 0 182 235 10 0 0 0
    246 255 255 219 255 81 250 19 213 19 152 118 73 150 0 0 255 52 10
    247 25 87 0 241 108 94 88 255 92 255 97 0 143 69 195 7 0 125 255 6
    167 48 171 0 255 64 7 55 58 236 63 173 255 75 255 8 47 29 42 170 255
    85 89 83 152 49 113 192 50 11 248 255 255 255 129 120 39 48 245 0
    164 108 0 192 0 0 255 68 255 222 131 218 188 255 151 193 45 255 0 12
    34 0 255 255 211 50 255 255 197 148 167 211 214 69 125 255 251 73
    163 220 0 255 104 113 255 246 255 164 207 0 0 228 38 156 255 0 255
    208 246 255 255 53 165 56 82 121 250 242 255 255 153 255 154 251 255
    0 90 75 165 0 0 57 0 209 153 14 255 123 110 121 255 35 206 62 36 197
    255 247 255 255 75 255 115 81 242 84 122 255 76 131 221 40 171 255
    201 255 156 165 0 254 251 255 0 97 74 0 255 0 164 103 255 255 55 255
    81 0 32 255 121 186 150 233 255 127 140 110 84 141 255 255 71 0 0
    190 128 0 255 218 190 101 58 0 77 0 236 255 0 255 255 94 94 43 83 39
    15 107 241 23 0 53 0 221 16 110 0 4 238 250 141 173 208 0 0 194 255
    24 255 255 223 227 32 0 0 255 59 255 52 222 102 64 255 125 160 24
    107 209 70 151 7 204 141 70 240 0 255 250 95 142 149 255 18 16 75
    255 157 149 149 0 20 24 255 255 185 0 255 107 78 10 120 126 255 81
    255 24 179 255 250 255 255 255 76 219 12 17 0 245 115 230 84 253 185
    255 170 231 255 29 213 0 223 75 59 31 49 227 52 191 255 228 7 255
    206 0 216 238 175 76 45 0 11 0 75 180 208 85 58 54 255 147 162 52
    199 72 6 50 170 39 80 105 255 173 255 255 0 255 238 0 12 192 199 3 0
    55 255 26 0 131 255 77 92 255 255 218 67 0 0 152 70 181 0 0 255 3
    250 227 30 209 255 127 155 212 225 255 195 165 85 0 17 8 217 47 0
    227 120 255 18 161 186 133 171 228 21 241 88 129 160 0 43 0 184 149
    0 73 0 255 0 255 55 55 255 4 70 65 195 39 0 255 255 57 197 0 255 0 0
    246 0 108 54 48 234 0 233 232 103 255 255 255 135 0 201 55 192 96
    206 140 0 227 255 83 132 55 0 0 247 102 0 30 169 7 255 0 131 200 255
    179 31 77 0 123 108 108 199 103 106 103 99 255 0 0 0 164 255 57 174
    255 0 0 195 255 255 40 255 255 143 185 129 170 199 255 166 0 255 33
    10 173 116 231 0 138 98 196 0 104 255 35 28 191 0 150 111 223 28 255
    91 101 0 0 218 0 255 166 68 117 92 202 65 0 0 255 20 65 16 252 127
    56 119 255 109 59 218 0 212 164 202 98 158 255 0 168 160 198 134 58
    215 80 255 0 0 255 255 190 81 88 226 24 124 119 63 214 255 255 255
    197 0 255 255 71 0 96 243 173 43 24 0 126 114 156 0 8 183 42 255 130
    3 166 0 0 36 83 255 0 219 167 0 87 9 194 0 199 255 170 145 255 255 0
    103 255 54 147 50 0 43 0 255 221 128 255 188 239 255 255 0 19 121 69
    255 56 0 255 48 255 9 145 0 255 204 123 0 0 108 13 240 178 0 94 57
    226 0 151 255 105 0 27 255 52 0 0 0 131 79 0 31 0 0 241 255 255 139
    255 57 0 17 255 14 17 255 0 129 20 26 255 230 71 170 240 118 114 243
    255 198 0 52 255 107 44 209 38 21 255 7 181 176 255 221 167 205 7
    156 64 109 181 255 255 7 184 0 255 114 186 0 0 185 0 136 0 255 0 49
    210 206 0 233 216 255 13 15 0 73 193 96 0 131 255 53 137 49 241 0
    255 0 0 255 0 207 255 0 248 128 185 138 112 0 48 0 255 129 255 211 0
    0 157 188 255 63 255 92 0 255 240 161 81 255 255 255 255 0 52 163
    165 204 255 179 233 89 216 237 94 216 255 56 237 161 254 255 143 255
    255 59 0 0 210 255 0 0 32 255 178 0 209 78 255 0 47 182 145 14 136
    185 255 0 161 113 0 160 255 0 0 138 0 61 0 146 195 85 255 55 255 255
    119 55 167 57 36 16 255 131 209 22 0 0 59 176 255 75 222 86 15 132
    206 165 0 80 226 233 255 123 29 0 147 145 121 171 167 255 253 84 39
    101 0 0 195 0 0 0 44 0 255 255 51 255 198 115 0 245 57 147 0 248 216
    199 0 223 0 255 0 43 255 167 9 15 0 0 52 0 149 175 255 50 255 251
    183 0 41 189 216 106 81 190 123 255 111 123 111 139 0 47 0 122 62
    194 233 0 180 255 152 255 13 0 255 29 0 255 20 255 241 216 255 45
    177 0 203 255 255 133 255 58 75 0 0 104 117 94 255 255 227 53 0 170
    162 204 109 94 233 2 87 169 255 41 175 219 0 103 0 104 46 255 255
    203 0 44 160 248 187 0 19 150 179 0 0 109 115 227 180 28 143 255 219
    0 230 0 1 137 0 149 35 161 134 255 133 183 0 117 255 0 213 97 237 45
    0 125 255 255 255 255 159 167 216 0 0 127 43 93 0 255 0 72 81 0 11
    255 116 44 255 58 220 189 53 139 240 0 76 41 0 164 255 38 245 0 153
    139 241 55 83 181 101 121 255 0 251 255 0 0 41 1 70 100 168 255 95
    141 149 201 195 48 0 61 160 55 113 0 171 255 7 102 255 0 114 216 37
    255 255 165 199 106 255 255 0 235 47 169 95 0 85 11 172 255 44 0 255
    208 0 154 88 0 227 227 240 238 255 187 125 112 61 217 126 255 20 147
    255 174 0 32 6 217 14 171 240 255 250 79 72 30 233 255 117 55 186
    113 232 9 0 0 0 79 0 209 52 175 215 83 43 146 234 171 248 0 213 0 47
    255 120 96 62 199 69 0 85 149 0 208 117 56 0 255 76 255 76 0 149 247
    214 18 167 131 126 182 190 131 101 255 0 255 95 255 182 94 135 255
    255 157 0 0 0 245 152 0 255 102 102 62 0 224 16 6 255 121 255 105
    255 255 149 133 229 0 163 182 49 218 154 82 255 255 0 33 0 201 255
    238 65 73 195 202 0 0 255 136 255 0 212 255 203 0 255 13 19 255 255
    0 130 252 215 249 0 255 255 0 19 255 0 132 15 231 248 149 96 5 149
    194 55 108 255 203 221 255 41 50 154 37 0 255 255 0 233 134 176 255
    27 211 132 0 25 0 35 175 107 78 163 68 255 0 245 3 128 247 103 0 255
    0 0 176 50 73 0 253 255 255 63 214 0 0 0 0 246 202 53 68 114 166 255
    0 182 255 0 92 250 0 0 236 197 255 113 255 142 80 185 202 255 231 0
    7 105 190 95 158 197 52 36 28 26 135 182 255 255 0 222 151 83 0 191
    209 33 0 214 145 0 255 111 0 139 56 52 185 180 255 255 86 31 0 215 0
    1 0 162 120 0 27 69 255 72 144 247 207 0 158 136 249 200 0 166 90 64
    215 0 0 255 0 127 228 88 56 132 130 250 97 93 255 0 134 255 250 224
    0 253 141 31 194 73 37 255 29 66 114 148 188 15 107 0 0 255 0 173
    255 255 0 255 255 255 0 236 255 208 133 240 255 250 149 0 230 0 0 0
    2 18 225 255 79 0 155 41 214 255 40 0 0 226 235 178 0 70 0 142 0 240
    45 0 0 234 159 64 42 225 39 167 156 102 0 138 164 242 152 255 255
    223 255 255 192 65 235 83 159 147 84 160 0 121 91 0 160 255 58 111
    163 255 255 0 135 102 255 165 0 172 0 0 104 0 130 107 122 240 75 75
    137 247 206 165 0 255 255 255 31 46 148 0 40 118 91 54 157 66 0 255
    66 167 0 97 91 183 195 255 100 91 25 177 255 255 22 255 169 221 177
    0 66 0 101 170 4 84 87 255 247 174 255 189 0 87 9 0 173 0 0 201 62
    50 67 255 25 188 174 62 169 59 36 218 229 251 94 0 186 0 42 3 175 50
    114 74 255 255 255 75 127 186 0 9 255 0 18 92 255 255 143 91 141 252
    243 0 255 229 255 167 255 0 57 86 255 0 0 55 171 255 181 254 99 138
    255 27 114 26 193 31 168 242 0 162 255 215 102 0 108 255 202 255 30
    53 0 231 129 0 255 117 255 13 0 158 255 75 28 54 58 91 202 100 89
    155 219 93 0 187 200 87 0 248 34 255 255 105 12 0 3 255 0 174 244
    255 255 105 211 158 191 64 206 37 12 100 255 32 0 177 255 40 66 204
    255 255 255 8 68 174 69 0 255 0 89 5 193 14 146 215 5 60 46 255 134
    255 255 203 255 249 179 49 154 57 91 6 255 233 145 7 235 163 35 0
    255 23 15 222 101 255 0 4 23 97 255 108 195 180 0 255 252 0 179 22
    144 170 91 80 255 0 0 255 0 148 223 255 255 0 169 233 94 202 150 163
    255 117 255 255 255 255 153 169 195 10 0 255 138 0 144 175 0 16 181
    144 251 0 0 50 71 255 225 255 29 177 70 63 0 255 62 173 229 26 0 168
    210 0 0 244 237 0 4 105 220 0 0 255 8 0 0 89 191 13 255 247 255 138
    89 197 255 214 48 255 233 249 202 87 20 124 255 0 171 0 5 82 112 0
    72 112 112 255 0 43 33 209 39 63 83 0 254 48 224 67 255 0 22 87 228
    245 44 255 135 152 255 133 122 235 0 83 0 0 97 28 37 166 235 0 0 85
    208 0 255 245 222 74 22 155 255 0 218 255 0 255 255 219 247 25 5 213
    113 0 55 255 0 97 192 153 107 198 255 255 171 100 255 0 0 96 255 74
    44 62 194 193 86 37 243 137 255 255 36 198 127 121 197 79 173 117 0
    0 206 0 88 126 0 34 255 0 255 0 143 218 93 101 0 140 81 0 0 78 141
    74 94 14 21 255 15 0 255 187 0 180 255 255 255 255 179 216 252 138
    11 0 255 255 0 156 83 255 27 255 137 59 204 255 213 255 0 214 202 2
    255 255 201 198 84 0 255 255 85 134 0 222 0 134 0 35 54 187 106 255
    112 182 255 255 183 82 0 0 128 0 0 70 234 214 255 153 159 86 31 77
    108 51 251 86 182 85 0 10 203 65 232 149 9 3 135 255 27 238 85 119
    227 255 0 0 147 180 136 254 246 67 129 10 255 139 255 0 255 249 0
    135 0 184 0 206 84 76 253 255 0 102 208 0 0 179 144 0 203 198 255
    194 250 87 194 159 0 0 220 214 255 0 103 50 255 182 24 243 221 0 99
    83 255 161 75 183 50 182 0 114 62 69 4 255 255 255 203 255 0 26 76
    153 0 163 55 0 0 255 0 255 71 19 175 52 0 255 178 40 255 173 0 6 127
    0 20 0 243 161 0 223 255 0 121 249 91 151 160 31 43 83 237 59 255
    186 208 96 255 212 9 112 30 206 255 120 171 47 0 172 184 0 222 0 83
    0 230 231 255 148 232 0 67 255 0 91 255 255 129 56 255 79 8 124 213
    241 255 154 255 255 229 255 140 104 76 24 198 0 94 38 0 4 255 8 79
    255 19 6 255 167 76 0 0 103 255 61 0 207 194 255 0 255 0 135 37 135
    21 255 137 0 4 218 0 0 137 187 49 73 246 93 22 131 130 255 123 116
    159 255 255 38 91 114 255 0 196 201 255 109 16 178 33 255 0 131 0 0
    136 53 0 255 99 255 0 176 78 185 255 206 202 148 96 23 50 255 0 160
    255 43 0 128 212 213 255 255 0 255 0 137 100 0 23 0 220 43 24 0 0
    117 68 41 255 68 0 70 229 100 0 0 0 166 49 38 242 138 163 255 44 91
    0 0 68 139 255 0 255 212 0 87 244 0 255 55 191 0 243 246 71 242 255
    100 189 255 176 0 117 0 246 255 255 148 101 255 33 74 103 0 0 161 22
    0 217 54 170 58 76 255 0 209 214 255 3 255 255 199 250 172 255 131
    97 54 255 255 7 227 255 244 200 191 217 138 239 0 255 153 209 230
    146 113 123 255 170 131 0 0 239 105 255 31 0 80 255 180 255 68 255
    144 96 138 0 185 255 179 180 255 89 91 250 69 209 246 122 224 230
    253 45 43 148 255 255 63 157 0 158 255 0 0 231 0 54 188 255 255 2
    255 255 199 64 28 108 92 255 152 0 219 0 38 91 68 0 227 255 0 47 213
    9 84 224 127 225 255 136 0 0 137 0 56 0 89 29 0 54 255 0 255 52 180
    255 218 239 0 186 118 182 255 47 138 0 192 56 95 255 54 133 136 255
    153 90 255 154 60 82 252 232 149 255 0 255 137 14 255 182 203 170 0
    159 87 255 255 234 44 73 55 254 0 223 165 149 7 145 255 0 30 255 0
    68 0 253 255 187 104 0 255 21 218 234 186 255 67 115 42 109 0 52 253
    193 0 131 135 206 0 229 0 0 178 74 0 72 93 10 0 0 175 255 129 244
    255 0 209 253 0 255 185 130 20 255 107 92 194 255 123 185 0 114 254
    194 132 213 44 250 255 214 78 60 106 0 33 76 110 105 0 56 183 133 44
    0 99 246 0 245 236 163 255 255 0 0 222 0 235 0 21 43 255 131 212 255
    0 0 186 164 206 0 218 24 13 108 0 187 186 185 79 35 95 44 200 255
    255 61 210 24 0 0 113 0 0 44 245 247 12 205 255 0 255 180 0 204 121
    255 255 255 249 255 170 188 51 7 48 0 145 255 255 21 154 76 243 43
    15 0 122 255 255 0 159 255 255 145 212 43 0 255 76 190 255 0 0 0 255
    0 0 9 215 255 146 215 0 193 226 255 45 255 77 105 0 221 255 72 189
    212 255 181 87 255 120 0 55 39 0 174 82 77 185 237 255 175 75 255
    201 255 255 100 250 18 129 189 112 0 94 25 141 255 209 255 200 235
    174 121 183 168 6 44 241 229 0 80 90 0 120 127 238 0 123 210 180 255
    255 0 213 31 0 13 0 59 239 0 151 199 1 255 0 100 26 201 158 255 46
    255 197 0 94 205 172 26 0 0 0 60 0 98 0 0 241 47 255 151 255 141 255
    90 14 148 55 155 255 0 0 255 181 209 183 0 0 255 0 176 17 98 156 10
    247 255 163 9 136 132 149 255 0 0 77 94 255 255 255 0 48 255 255 56
    78 114 255 0 255 85 155 255 0 65 255 61 79 0 127 255 251 255 255 120
    255 255 255 1 0 125 37 255 255 188 225 144 0 255 255 116 62 255 255
    30 0 0 110 255 255 140 123 233 0 9 0 59 159 166 0 0 0 77 0 0 43 255
    255 219 79 255 0 255 255 165 151 0 151 255 179 229 75 137 255 161 33
    234 255 147 255 179 50 5 0 129 180 81 212 255 0 255 184 80 209 255
    255 144 66 0 44 80 0 0 255 132 178 2 255 255 0 224 8 45 0 255 255
    194 0 255 67 255 131 118 63 254 65 63 217 0 255 142 45 92 46 220 140
    255 137 255 64 0 52 74 0 114 14 42 249 120 208 229 125 0 140 215 255
    233 0 255 134 160 156 3 16 0 71 72 40 148 156 202 255 181 0 108 177
    28 153 255 229 235 255 199 152 0 6 67 255 255 0 218 0 181 0 29 244 0
    110 171 238 11 0 155 18 0 255 177 76 87 0 73 152 255 147 148 0 177
    79 179 53 96 255 83 58 255 250 0 0 131 0 153 115 255 73 0 255 103
    178 47 0 255 255 230 0 93 255 255 0 0 249 227 234 0 255 212 0 255 0
    47 255 255 255 255 105 255 103 0 161 203 8 126 116 0 0 117 192 255 0
    217 255 49 238 0 151 8 155 163 219 0 0 52 223 0 200 197 86 42 0 255
    236 39 253 0 63 167 255 0 255 88 29 255 65 254 103 0 94 24 249 63 0
    17 173 68 22 255 119 150 198 111 214 178 235 151 0 234 62 149 142 76
    249 18 39 255 156 6 174 255 0 20 0 250 255 149 255 255 231 62 245
    255 39 58 78 61 57 188 255 255 10 108 255 143 57 0 251 0 5 0 46 0
    236 255 215 155 93 71 20 125 0 0 51 255 212 50 255 220 255 123 167
    90 0 243 0 0 0 63 102 246 151 0 0 255 31 57 34 0 242 89 0 123 206
    255 199 255 255 0 148 140 255 156 89 116 255 219 132 21 126 87 76 84
    119 172 108 243 124 68 0 93 195 204 0 156 0 0 0 255 158 50 16 207
    255 168 1 233 152 255 93 12 0 255 186 223 0 0 49 0 0 255 2 47 0 255
    0 197 171 2 40 199 255 67 24 188 0 130 206 159 94 71 49 145 230 0
    255 146 255 121 255 255 255 255 255 255 238 160 1 255 153 238 0 204
    183 255 255 139 0 159 228 69 0 40 0 255 50 255 176 255 255 186 0 0 8
    98 37 0 94 6 255 255 64 144 70 0 242 255 255 4 132 255 234 0 0 244
    165 100 113 129 37 255 0 107 0 246 0 0 215 255 91 177 0 47 19 255
    116 136 155 233 0 84 255 163 76 52 232 85 255 126 158 2 193 130 255
    89 34 39 237 13 244 106 187 0 0 175 0 255 0 18 215 135 0 125 255 0 0
    39 0 155 190 216 122 89 242 24 241 20 116 152 255 92 0 255 0 192 204
    43 224 255 120 215 149 255 0 255 33 0 174 1 0 178 226 164 0 162 255
    88 145 255 253 224 38 13 255 8 226 164 2 0 255 53 50 193 255 216 119
    101 136 248 255 136 112 12 216 0 0 255 212 152 232 23 181 155 39 150
    255 22 15 255 83 0 75 242 131 0 184 0 103 0 215 34 170 255 255 88
    131 255 178 255 255 131 219 255 168 118 255 116 185 24 30 0 168 21
    188 131 0 248 119 126 0 255 0 233 0 24 255 0 122 208 0 255 34 255 0
    238 255 35 255 15 5 255 206 95 0 147 61 159 255 72 0 255 255 255 0
    80 255 186 255 153 212 13 140 113 58 217 0 167 209 245 0 47 80 212 0
    0 200 255 96 5 196 255 255 37 255 255 143 0 0 224 89 26 241 225 223
    157 78 166 213 47 250 112 27 63 0 60 128 0 194 222 0 251 24 60 253
    18 189 222 0 142 5 255 55 18 30 152 255 44 209 156 248 0 72 73 0 197
    225 255 242 39 175 107 35 31 110 0 183 205 105 86 255 0 255 255 147
    49 116 0 196 162 0 219 60 184 100 83 226 146 251 183 150 181 209 204
    175 41 255 221 141 57 225 255 255 0 228 12 0 192 224 157 0 0 255 249
    0 255 219 96 255 224 108 255 93 0 48 240 114 20 75 11 55 0 0 19 212
    201 247 147 211 255 0 61 68 0 85 238 216 173 146 255 0 80 192 0 126
    29 255 213 255 180 255 177 0 233 19 255 0 95 150 144 63 224 184 85
    166 255 189 0 47 0 0 0 212 21 84 0 209 255 107 176 0 255 0 83 84 156
    136 95 12 37 255 255 0 220 179 64 241 15 246 129 82 255 171 0 0 194
    154 134 255 219 255 166 248 255 0 56 153 187 154 0 242 113 255 233 0
    42 9 7 255 43 83 213 236 133 58 102 147 214 157 65 182 51 117 0 255
    182 124 255 74 212 38 0 255 159 143 0 255 0 0 0 39 38 116 255 136
    255 234 193 0 219 123 0 0 22 69 81 255 253 147 255 255 139 255 67 11
    85 0 251 147 0 107 192 0 62 74 23 216 180 58 142 55 179 124 0 33 108
    178 61 255 106 255 0 0 0 52 203 52 153 0 12 216 57 0 205 30 0 155 41
    255 0 103 172 0 114 255 49 0 179 0 61 0 85 255 117 72 0 85 20 233
    169 0 255 255 21 31 113 0 226 109 185 123 0 0 0 0 138 0 54 96 255
    174 147 218 160 99 63 155 143 167 0 156 121 63 159 170 255 246 255
    184 167 238 189 236 30 255 100 146 255 255 95 204 62 0 255 59 120 0
    217 15 0 255 0 0 67 28 255 22 77 41 190 156 255 255 119 240 255 250
    67 87 255 0 217 83 42 255 14 141 255 0 42 255 165 156 0 245 171 250
    18 106 255 202 6 0 0 0 33 0 255 7 135 0 141 255 124 249 255 177 129
    0 48 75 198 255 36 255 194 79 29 84 46 58 255 0 255 185 255 10 0 0
    255 85 255 141 71 255 0 159 216 255 0 36 11 0 0 113 255 255 29 0 255
    107 121 45 0 255 151 0 169 242 116 255 0 255 0 220 203 226 232 5 68
    151 151 28 138 111 49 149 26 0 187 255 86 248 74 188 28 13 227 0 40
    89 144 216 162 174 87 35 204 213 38 247 0 0 170 169 3 0 141 73 52
    207 0 139 99 255 136 255 255 2 180 255 255 0 20 0 250 112 37 36 0 73
    192 61 84 167 255 176 0 0 172 227 200 255 0 99 0 170 159 161 73 26 0
    90 88 0 116 64 73 247 0 127 0 10 109 141 255 111 0 255 255 228 224
    45 10 0 0 146 0 73 240 129 255 166 163 110 255 255 124 255 155 95
    255 115 255 107 127 22 91 0 245 255 3 0 255 17 223 0 0 255 137 216
    244 255 136 10 0 179 88 62 100 0 255 199 235 0 23 19 0 192 0 186 0
    90 167 255 54 24 211 0 255 255 255 108 113 76 33 200 0 0 241 142 0
    255 222 195 8 255 93 10 187 0 0 74 0 255 12 12 22 0 127 149 37 0 231
    0 127 0 6 38 0 0 255 147 0 177 125 0 82 255 0 107 255 98 112 255 0
    11 0 231 0 0 177 255 148 46 255 25 0 255 0 249 0 222 171 0 54 0 148
    38 145 22 221 74 0 213 60 5 255 209 0 148 243 181 149 81 111 232 0
    32 213 0 65 88 0 96 126 7 0 99 88 17 191 180 255 0 169 101 0 0 210
    34 213 215 255 152 237 255 255 182 193 216 255 0 0 3 0 217 255 66
    155 0 255 197 255 0 244 255 0 185 245 0 240 16 46 24 191 158 41 192
    190 195 168 96 150 0 0 236 94 192 169 76 107 0 50 150 204 85 145 0
    156 38 128 186 0 255 255 255 0 117 0 0 40 0 255 236 216 99 255 255
    127 255 255 71 72 107 215 255 255 184 177 172 217 182 220 117 255
    118 130 218 64 16 30 0 40 0 220 0 151 136 0 152 24 255 117 0 170 41
    195 35 53 58 237 255 27 215 255 255 158 255 29 12 154 201 83 241 255
    155 8 242 255 255 0 43 255 255 255 215 111 46 65 110 74 163 255 224
    36 25 0 98 110 255 106 245 235 11 133 0 165 255 189 0 255 255 176
    241 0 0 233 255 178 111 63 55 148 225 100 251 255 149 0 248 151 255
    229 255 119 255 75 74 5 185 181 255 0 4 21 141 41 0 255 215 13 0 255
    0 162 198 146 160 148 255 44 13 255 165 0 255 55 220 122 0 9 107 190
    255 119 0 89 0 163 255 0 148 15 254 161 194 18 255 95 117 181 0 144
    234 196 0 52 89 40 49 94 255 122 255 144 154 237 76 237 0 170 138
    189 255 0 197 255 58 86 32 255 202 148 255 0 255 0 255 68 153 255
    189 0 255 248 122 101 255 125 1 106 255 37 255 118 10 86 34 255 39 0
    7 187 204 149 86 242 255 0 97 255 0 158 169 24 0 82 0 0 147 83 1 231
    128 66 255 221 0 173 119 0 76 28 231 215 97 224 199 0 255 249 244
    145 128 187 116 50 255 146 123 255 0 20 142 130 168 0 73 103 103 104
    29 54 0 255 0 255 0 201 209 0 255 116 255 0 1 212 0 187 229 46 89
    220 207 255 65 255 173 255 131 53 35 9 255 0 138 80 180 255 54 176
    86 0 12 192 34 255 204 8 200 146 0 222 9 255 78 196 36 147 86 24 255
    87 207 115 255 223 0 179 255 255 15 253 255 0 255 255 255 0 3 0 118
    165 255 224 255 241 19 65 140 0 255 108 54 18 0 138 173 192 234 255
    0 38 35 229 207 255 0 255 75 214 22 0 24 123 60 235 255 237 255 134
    159 192 105 154 0 220 0 158 96 121 89 106 27 68 0 30 255 0 255 191
    255 255 255 255 191 255 0 137 252 255 255 205 255 255 17 255 78 205
    141 128 255 22 0 0 0 193 116 0 79 255 0 74 81 149 0 0 183 161 61 0
    137 255 169 247 191 0 43 15 116 249 0 0 21 149 108 0 28 0 0 168 58
    173 0 255 197 255 255 38 174 164 255 244 0 255 255 0 5 253 42 161
    166 0 105 0 255 85 90 0 132 66 0 229 255 0 0 193 25 255 8 255 40 0
    81 255 255 140 255 69 40 153 0 0 133 48 17 26 78 255 238 180 87 255
    0 43 255 0 239 193 242 26 126 255 233 66 180 215 68 0 0 187 115 142
    255 23 216 150 0 0 0 184 87 0 255 58 209 216 247 0 72 218 0 191 255
    66 0 0 255 255 255 214 97 215 81 91 0 187 254 151 0 44 110 0 89 255
    0 4 161 52 50 130 74 61 0 199 136 123 171 156 133 0 16 180 87 215 24
    3 255 65 139 34 92 63 110 187 235 150 255 0 89 255 6 255 60 228 32 0
    173 207 241 28 139 83 111 99 255 255 0 255 219 0 36 152 28 134 157
    255 255 0 10 72 0 5 12 0 109 0 0 141 246 65 195 112 0 0 158 137 255
    0 9 0 218 255 4 63 70 0 15 255 34 53 255 181 255 152 252 179 97 85
    197 3 123 0 85 254 65 40 211 61 64 94 8 0 19 165 132 255 216 255 255
    83 137 0 0 125 255 121 128 65 0 187 255 59 255 49 139 173 7 241 255
    0 255 0 219 36 33 205 255 0 150 246 0 255 255 0 166 233 255 0 175
    218 146 150 58 255 0 9 143 180 255 181 243 255 37 255 255 109 128 64
    187 96 47 255 97 200 93 168 0 220 255 0 23 255 255 0 153 255 177 0 0
    228 93 19 176 0 217 253 191 11 210 91 185 43 255 28 255 70 125 0 39
    139 239 248 158 0 255 249 0 73 10 0 103 87 255 255 96 54 124 179 133
    118 0 108 26 187 182 0 0 0 185 0 234 71 0 0 215 100 0 255 156 44 21
    0 255 248 212 63 0 2 0 0 0 192 47 210 0 0 164 112 96 255 0 178 100 0
    95 0 144 0 0 157 34 169 149 255 5 128 186 255 0 111 125 81 201 255
    142 153 79 232 255 194 249 0 214 0 0 117 249 1 46 86 200 0 0 255 15
    104 0 0 0 0 255 59 217 97 85 255 149 181 255 18 255 31 0 0 255 72
    233 103 81 37 230 82 29 170 255 139 91 0 255 255 217 152 77 140 0 5
    255 125 255 179 54 255 164 255 102 237 157 1 184 138 94 78 127 255
    224 0 66 255 0 255 174 129 255 12 0 232 0 48 53 155 255 181 22 198
    255 235 0 204 0 69 214 64 0 200 255 255 11 186 255 173 133 237 215
    45 91 0 95 203 115 87 200 255 0 255 57 211 148 255 135 255 110 255 0
    0 104 126 0 157 114 180 255 210 69 12 0 128 228 0 255 20 2 255 236 0
    0 255 181 107 255 106 196 88 65 0 138 255 255 26 255 28 23 0 255 0 0
    255 49 255 64 198 84 51 193 255 22 73 15 243 67 193 0 0 255 190 0 83
    38 130 0 0 21 255 255 33 0 65 0 229 255 182 190 144 0 74 121 201 6
    111 117 200 74 77 40 222 140 48 255 180 173 255 0 249 0 5 119 255 86
    141 157 124 0 227 0 46 17 0 74 255 97 186 78 0 255 0 162 255 6 57
    131 89 42 0 0 41 151 153 206 109 94 255 3 119 0 0 226 0 0 64 214 0 0
    126 129 232 189 150 73 0 255 255 223 255 0 253 255 26 19 255 0 0 131
    131 128 43 12 10 79 236 118 255 255 145 212 177 0 36 0 60 243 159 2
    18 255 18 12 129 0 250 255 0 255 153 255 231 66 39 76 93 0 116 206 0
    166 117 0 0 140 0 236 0 0 3 254 0 198 255 165 240 220 178 231 66 44
    84 153 124 54 0 101 92 0 121 255 0 238 128 251 255 242 255 9 120 255
    254 255 255 143 255 0 227 183 40 140 228 133 244 125 193 0 250 255
    255 94 82 142 239 164 0 212 214 163 255 215 229 33 66 255 255 113
    255 74 0 229 174 123 19 255 0 86 110 150 255 205 186 98 255 255 255
    220 255 233 35 0 255 110 0 206 0 0 0 71 192 124 80 0 255 18 54 74 0
    206 214 198 1 0 74 255 244 251 255 255 255 204 255 255 0 255 177 5
    47 117 0 143 12 26 102 255 214 0 0 255 169 58 60 222 239 0 190 30
    221 11 242 156 173 74 0 254 162 107 255 227 9 200 72 223 241 46 255
    0 83 173 0 0 188 0 186 68 255 249 195 238 140 178 0 127 220 233 44
    255 255 46 217 255 0 190 12 163 255 255 206 14 255 124 46 73 255 222
    239 255 255 6 255 124 38 146 5 0 6 255 89 128 255 61 255 255 226 255
    16 103 0 32 191 80 197 15 0 146 135 173 0 225 148 0 246 118 24 247
    255 46 52 21 255 34 149 0 231 255 5 188 255 225 99 255 0 220 203 255
    94 251 220 60 255 218 102 220 0 255 255 234 255 240 79 255 173 220
    207 29 0 204 0 208 218 255 0 77 245 255 68 26 39 115 88 180 138 86
    105 255 0 222 32 0 100 134 27 99 102 139 15 129 115 37 112 255 0 220
    255 0 112 239 0 50 221 2 0 255 160 255 50 157 2 70 252 72 231 255
    137 255 80 52 0 9 255 0 87 0 0 20 161 255 0 255 64 255 139 255 229
    33 213 172 98 91 255 217 255 165 48 200 219 42 255 255 255 128 255
    231 40 225 112 0 94 30 125 255 221 157 57 255 237 0 0 172 255 232
    252 108 57 7 255 255 255 3 91 132 89 255 255 255 255 32 128 189 68 0
    15 0 240 54 189 157 127 218 11 255 155 76 142 174 136 62 255 193 0
    169 255 196 251 255 159 147 73 1 52 61 174 255 98 255 17 0 243 255
    141 255 61 0 0 44 183 233 128 255 0 167 239 156 255 120 158 46 255 0
    28 255 101 25 183 0 201 20 141 161 115 0 18 4 15 213 255 255 252 235
    5 231 93 0 80 0 164 0 183 0 0 0 172 38 255 255 0 47 34 0 211 255 101
    255 255 140 0 255 219 225 0 35 214 12 255 255 218 0 60 0 255 246 0
    61 255 197 104 255 130 61 61 0 0 255 25 41 168 186 0 0 237 255 147
    245 215 225 212 52 0 0 0 0 18 18 0 0 192 255 225 130 0 23 75 61 243
    153 78 97 0 200 97 0 255 230 255 255 146 59 255 128 255 224 0 255
    255 48 220 0 144 255 224 0 7 70 255 72 255 173 182 255 255 51 62 244
    100 166 0 224 255 76 0 255 132 54 105 0 213 146 0 0 255 44 124 255
    195 233 20 145 213 131 255 190 55 255 28 152 0 174 0 255 56 156 12
    255 0 11 241 1 116 228 1 0 224 0 77 255 255 0 213 88 0 231 167 7 0
    170 171 157 87 0 0 255 221 44 255 138 0 60 255 220 156 253 150 9 255
    57 0 218 47 104 255 237 133 0 101 0 0 0 95 150 231 0 10 11 127 0 225
    255 255 179 180 220 255 121 197 255 241 145 17 99 118 145 82 154 255
    36 67 255 105 255 11 255 255 22 31 0 79 255 220 100 255 255 0 188
    189 84 243 77 25 0 252 68 168 145 187 0 194 0 114 134 187 67 243 14
    195 235 255 255 58 97 106 52 191 0 255 99 42 30 1 255 26 0 168 95
    165 13 65 255 193 0 0 0 255 184 210 0 18 189 0 0 157 0 195 255 132
    255 255 0 108 246 161 223 221 142 0 0 16 41 72 0 0 255 199 0 111 124
    0 35 255 31 101 141 41 255 50 255 155 23 157 183 255 13 201 138 172
    110 186 87 190 152 255 0 245 221 157 34 0 255 196 186 255 84 12 0
    255 255 73 255 124 255 195 5 74 2 78 179 0 211 255 54 23 153 255 99
    0 0 255 56 25 13 127 125 189 0 0 235 148 5 255 255 146 0 96 172 255
    164 138 0 28 0 104 223 0 0 4 0 63 0 215 24 183 255 0 255 83 255 103
    139 134 234 255 106 255 255 197 168 255 0 0 70 228 167 99 52 0 243
    170 251 255 16 0 236 0 69 0 26 50 19 0 59 116 150 69 223 0 7 255 138
    96 178 0 40 255 76 0 0 255 110 0 190 199 0 213 36 0 183 0 255 0 133
    0 251 0 255 255 207 132 0 255 33 0 0 255 91 49 57 23 0 0 40 0 252
    179 115 128 255 0 0 31 39 255 0 255 15 143 255 0 0 63 255 255 255
    215 227 45 0 191 183 175 16 155 0 255 0 255 124 142 164 82 0 110 112
    226 0 37 255 0 255 23 255 67 14 103 0 255 138 255 68 31 0 255 12 116
    66 11 109 226 254 91 0 0 93 0 251 24 0 183 166 255 27 24 255 184 255
    0 178 54 0 228 255 111 205 0 55 172 255 99 255 0 255 68 62 0 116 255
    0 0 0 128 182 66 0 0 0 134 0 255 0 0 3 210 191 255 42 0 31 0 15 11
    130 0 125 0 222 255 0 124 245 97 255 224 15 0 184 73 49 240 46 0 0
    12 51 255 59 0 140 255 255 0 255 81 99 255 0 236 184 0 189 139 113
    255 33 0 180 136 52 5 30 229 0 0 188 182 234 158 235 10 255 99 188 0
    224 102 155 23 0 24 0 244 35 0 74 246 110 255 255 86 214 93 27 0 246
    187 128 158 2 14 51 255 0 141 255 101 0 198 30 30 255 255 0 0 255 29
    255 148 168 96 147 154 189 252 202 16 119 196 205 113 88 191 68 255
    192 255 120 0 223 0 121 231 8 49 169 165 192 0 227 0 8 109 185 248
    231 0 159 0 252 255 255 131 255 255 195 242 255 255 231 181 255 179
    77 0 192 255 45 212 190 255 0 132 48 143 99 206 110 181 86 165 255
    242 224 162 24 71 0 0 73 102 255 42 9 209 63 255 255 166 197 100 183
    37 120 194 213 126 255 130 0 0 255 209 0 209 76 129 201 220 0 230
    255 6 255 255 255 255 244 255 175 81 241 135 155 255 110 255 0 222
    249 238 124 109 210 213 242 111 255 0 0 255 207 176 184 54 0 0 194 0
    153 255 66 200 52 0 137 148 171 255 154 107 245 0 53 46 185 0 51 0
    130 146 182 250 255 0 108 213 108 58 255 150 238 0 109 255 170 0 14
    24 167 242 41 40 0 103 204 0 137 14 0 90 255 170 16 83 255 118 62 0
    203 104 165 78 0 109 200 98 123 255 228 195 170 53 255 53 0 0 135 53
    100 82 49 0 105 247 27 244 0 26 177 211 0 140 62 254 0 76 0 255 9
    255 0 0 0 255 72 150 251 192 224 187 159 0 0 35 186 0 255 216 123 99
    27 255 93 75 255 177 85 252 0 38 43 143 0 115 0 255 255 211 255 0
    255 45 0 162 158 58 0 233 0 230 0 104 43 209 107 255 156 151 136 20
    255 123 110 255 255 0 149 197 0 59 127 0 255 0 49 0 235 255 198 239
    67 88 71 255 210 255 157 95 87 240 255 129 59 144 0 242 0 253 236 61
    1 18 0 249 255 253 0 42 255 232 255 239 255 139 136 0 7 137 133 46
    49 255 35 99 0 243 255 169 233 171 84 0 52 18 54 228 255 0 255 0 1 0
    28 103 152 178 78 255 219 255 123 219 255 51 21 55 0 182 183 8 144 0
    0 0 72 217 43 201 149 219 186 37 40 53 213 155 51 70 38 0 203 255 42
    255 255 168 70 31 246 216 120 58 128 98 51 244 197 125 186 0 5 89
    245 255 0 77 51 60 0 0 0 255 23 157 255 0 0 64 0 190 255 88 169 200
    58 186 5 0 37 166 255 153 255 221 0 0 147 119 80 255 0 109 0 78 153
    200 255 65 6 255 85 233 31 255 132 0 255 215 0 179 90 91 253 29 178
    255 255 229 89 0 80 71 127 193 131 104 0 196 164 214 234 255 58 0
    255 0 255 255 0 255 196 255 229 177 0 118 112 0 40 54 239 85 255 94
    0 168 253 131 255 254 96 255 134 62 27 255 253 0 126 78 0 0 78 255
    255 88 255 76 116 249 93 183 74 66 207 218 43 92 0 2 0 73 251 164
    134 255 103 247 0 255 255 150 215 121 120 255 255 0 0 199 127 199
    255 6 255 49 243 76 165 95 110 255 68 153 229 16 79 120 235 53 144
    127 255 0 220 116 0 0 93 255 255 255 204 0 129 127 194 0 144 255 198
    44 250 159 0 71 255 178 0 75 227 255 255 255 175 0 30 0 0 62 0 253
    189 153 141 255 183 0 255 0 255 255 219 255 107 160 0 148 255 255 96
    19 205 255 149 221 255 255 158 104 159 249 71 97 0 12 255 255 0 22
    239 209 167 75 57 255 29 180 0 55 181 211 34 107 49 63 60 255 32 123
    0 115 16 64 20 186 21 255 255 152 0 0 74 19 212 146 255 0 94 165 0
    193 255 169 21 128 98 201 67 125 184 0 0 19 188 255 255 99 0 27 176
    43 0 255 150 0 112 114 130 255 112 18 200 0 0 200 0 255 142 248 240
    73 188 255 255 217 116 0 12 255 169 6 71 35 0 0 188 197 10 221 175
    200 86 255 205 255 95 115 239 4 0 130 0 255 255 96 255 41 64 13 85
    156 234 58 56 255 0 0 0 105 156 145 204 100 99 94 142 255 78 199 68
    59 236 23 255 255 255 197 62 194 255 0 160 0 0 0 1 0 188 41 195 255
    255 24 5 73 255 0 59 23 98 31 0 0 103 0 0 0 231 100 0 199 227 35 129
    202 255 0 204 0 200 228 14 80 255 0 18 78 18 229 69 112 168 176 153
    46 255 249 255 99 143 212 223 188 89 135 72 255 255 202 234 101 58
    255 42 205 95 255 255 217 255 38 99 25 78 52 255 237 9 127 255 255 0
    144 0 255 185 49 255 53 137 90 5 65 187 130 198 0 195 255 214 136
    132 255 255 19 251 127 255 0 243 110 0 255 52 111 0 255 242 80 75
    255 231 0 165 0 255 124 255 239 0 0 21 34 0 157 97 255 232 123 255
    106 178 72 0 255 0 51 255 0 255 97 121 106 255 101 255 255 161 233
    19 96 0 10 43 4 230 0 36 255 255 20 125 255 2 10 255 233 211 255 91
    211 184 179 140 0 0 43 255 45 167 0 0 194 9 111 68 4 0 217 219 255
    236 184 255 255 0 250 31 198 233 0 185 84 255 165 0 255 154 194 255
    44 0 240 17 181 255 121 255 5 255 244 117 1 135 125 56 255 188 133
    255 152 25 0 111 18 175 255 0 132 40 104 114 205 177 0 119 6 212 89
    255 0 188 136 0 0 26 15 255 8 6 199 0 255 60 27 255 73 255 147 0 195
    84 69 0 215 255 85 255 0 117 190 0 207 255 253 13 188 255 255 0 0
    255 77 127 76 255 228 93 247 213 89 255 82 123 98 30 252 158 50 0
    185 223 121 105 101 49 105 235 0 227 255 255 216 0 31 0 0 63 0 47
    255 83 255 226 84 192 51 169 167 36 255 112 0 16 1 4 168 0 245 0 155
    168 0 84 187 0 191 52 94 186 132 129 255 255 255 255 149 255 255 255
    0 41 255 0 0 255 201 0 88 216 189 0 255 255 180 228 107 255 111 255
    0 122 131 28 255 0 33 211 239 0 37 208 255 24 152 255 214 12 88 158
    0 241 0 0 156 3 0 0 88 10 0 0 205 222 255 0 232 167 78 221 50 129 84
    34 224 74 196 184 187 236 222 129 0 104 247 23 55 0 0 0 11 247 234
    248 171 41 157 0 255 255 0 255 140 61 89 216 21 255 241 0 4 255 0
    255 216 60 0 89 255 249 127 157 62 60 255 203 97 0 92 249 152 141 0
    255 255 60 255 0 69 125 32 124 0 201 65 61 255 82 187 145 138 159
    255 120 108 107 0 4 0 124 29 255 255 47 255 0 182 255 107 42 81 151
    0 0 45 41 255 255 255 194 155 0 203 255 153 92 60 200 25 255 17 136
    195 255 0 0 255 135 84 192 39 145 58 118 0 208 255 0 96 11 255 178 0
    255 96 100 0 255 255 33 255 13 0 166 0 243 72 255 0 140 255 0 0 89
    249 74 219 43 222 72 255 255 249 255 82 250 174 86 255 81 225 0 202
    193 54 17 139 175 81 53 3 246 255 215 255 255 17 0 162 143 255 90 0
    255 0 190 24 246 24 117 33 255 0 178 41 10 72 255 230 0 0 27 198 255
    0 95 225 192 209 0 255 255 125 255 94 224 255 255 102 255 0 144 0
    255 0 255 255 255 161 255 233 26 255 255 0 236 165 72 255 189 175 0
    183 61 255 0 255 146 118 235 255 0 17 112 124 42 236 0 96 166 129
    162 137 255 0 0 255 192 47 142 46 0 226 25 202 0 170 255 255 255 106
    255 92 114 46 194 0 160 255 0 255 178 255 53 165 71 18 0 54 156 14
    212 177 226 123 39 150 255 0 68 72 222 255 160 168 29 45 0 246 16
    137 255 0 255 171 0 180 255 110 121 255 255 0 255 255 255 255 138
    150 0 173 158 29 98 120 163 204 220 0 0 0 255 32 136 202 43 120 79
    255 49 49 83 0 194 241 0 50 0 234 134 152 55 23 250 201 255 7 255
    152 255 164 161 0 143 0 0 79 6 0 255 64 24 121 147 116 76 0 255 1
    167 255 137 72 109 141 255 251 255 0 71 255 30 255 250 255 233 4 255
    255 43 255 176 255 124 255 111 0 233 79 109 178 0 255 26 255 142 32
    11 0 4 255 255 0 32 127 255 255 126 255 178 255 150 213 227 155 255
    23 164 0 117 21 0 189 0 1 242 72 0 238 102 255 0 7 255 207 239 0 48
    255 237 0 255 215 0 92 255 27 2 160 255 234 168 0 87 43 182 187 0
    227 255 139 126 153 78 0 237 204 0 255 255 121 77 147 126 255 102
    196 0 95 255 175 203 255 0 83 0 0 0 144 255 52 255 131 120 62 255
    255 255 0 103 12 42 121 0 13 201 87 23 82 0 110 230 255 162 229 65 0
    111 0 0 55 245 255 195 0 94 41 0 255 255 237 255 223 85 175 134 255
    160 132 236 110 216 213 43 252 199 0 85 35 0 114 255 116 255 67 0
    121 170 0 151 82 35 30 8 255 21 0 255 60 149 215 87 0 105 94 238 255
    255 197 117 0 233 255 0 139 180 255 103 81 141 155 147 0 227 132 0
    140 141 175 251 240 75 210 116 10 161 123 223 24 56 42 61 255 255 0
    120 0 180 214 0 41 130 0 6 66 30 186 235 255 231 0 96 37 239 103 71
    218 6 0 17 0 0 240 0 26 22 39 255 0 255 194 54 223 131 0 19 59 218
    14 255 233 33 109 255 235 72 136 244 255 151 89 4 0 255 228 206 180
    252 142 255 157 163 116 254 150 0 0 61 111 255 255 198 146 10 255 0
    76 18 54 245 24 255 179 255 0 148 137 98 133 216 0 23 159 36 174 91
    201 0 0 130 200 1 212 0 0 247 0 36 2 157 72 47 196 125 0 0 255 255
    84 67 165 38 204 230 206 255 0 255 34 7 80 255 220 0 252 202 98 255
    0 90 100 93 104 255 196 225 212 255 130 255 0 0 255 49 255 173 225
    255 0 39 0 255 255 67 213 0 128 135 21 255 255 255 255 0 178 0 0 104
    111 83 237 255 0 244 6 111 255 240 36 255 252 52 167 100 0 165 166 0
    175 188 0 255 189 0 101 122 93 255 188 255 255 248 215 97 255 73 0
    255 157 255 160 255 222 106 84 209 78 0 99 0 0 229 0 255 0 197 62
    255 62 255 109 160 0 0 255 49 160 208 94 72 255 0 104 19 255 0 0 220
    255 166 90 172 112 71 143 5 255 0 255 95 186 67 114 255 0 110 138 88
    205 72 255 158 115 42 36 0 0 77 0 255 182 255 0 76 94 56 200 118 121
    255 171 9 38 242 79 133 0 31 24 239 172 80 255 198 48 123 130 0 78
    167 255 130 255 255 23 38 0 255 255 5 255 0 171 255 67 255 255 3 0 0
    244 0 255 221 55 0 255 0 14 27 84 0 170 213 131 158 255 0 82 0 102 0
    6 228 0 255 179 0 156 223 228 255 255 169 126 0 198 0 114 255 255
    255 226 98 38 66 77 45 255 255 122 255 245 72 100 0 216 99 77 130
    153 106 156 0 22 254 223 197 0 228 0 0 0 60 72 201 23 98 187 218 0
    26 136 48 0 255 0 65 0 255 37 255 89 57 204 136 43 255 24 248 136 25
    0 103 145 95 0 255 255 233 227 0 147 6 167 238 255 159 81 172 0 0
    255 236 50 114 170 0 0 215 132 57 213 0 174 0 113 39 22 126 117 111
    255 255 131 98 0 146 28 255 135 17 255 140 255 47 0 124 0 61 244 0 0
    0 0 255 0 0 0 203 0 66 114 255 0 255 6 59 51 88 196 52 0 104 209 223
    235 191 234 162 0 131 255 52 199 0 0 0 0 18 15 0 9 255 8 217 174 17
    64 255 195 0 255 242 85 164 4 115 50 23 0 0 0 173 68 255 0 255 206
    220 69 71 119 77 151 255 79 34 130 132 181 40 102 255 0 93 106 110
    205 255 125 34 0 0 255 0 0 255 254 37 63 0 107 236 75 255 62 45 235
    78 244 156 255 126 0 0 221 5 145 33 0 0 220 0 57 255 220 226 222 0
    17 240 0 9 255 0 0 255 0 199 255 255 242 63 255 255 160 217 123 255
    0 166 45 85 224 0 91 0 22 51 1 121 152 214 0 0 103 68 255 81 255 0 0
    0 222 204 68 255 255 108 60 114 255 255 0 0 100 255 205 173 255 255
    255 72 255 0 255 255 203 76 24 243 151 0 255 0 0 102 255 137 92 166
    149 79 0 125 255 165 40 110 40 0 255 255 255 214 0 5 196 255 217 255
    255 65 127 0 0 0 181 47 0 226 0 248 149 160 87 252 101 64 43 58 65
    73 27 162 182 0 255 63 0 57 143 119 255 167 0 255 255 203 231 141 66
    0 246 204 224 255 0 231 233 119 155 0 255 140 163 41 144 239 96 78
    29 43 0 205 238 190 255 255 255 0 235 152 196 213 247 0 92 139 231
    255 255 48 255 0 66 129 215 209 197 110 189 221 255 50 0 149 2 220
    204 50 0 162 255 0 222 73 255 255 175 92 255 131 0 195 254 74 102
    255 199 184 136 0 40 38 33 211 0 225 136 14 216 51 255 8 0 217 17
    212 148 36 0 0 119 255 255 208 190 255 0 139 68 245 211 31 102 206
    115 0 255 20 42 0 214 163 0 19 156 0 255 0 195 251 74 214 255 245 49
    125 0 196 0 255 91 157 109 194 0 0 0 255 106 7 145 83 167 251 39 0
    103 117 217 94 42 113 162 97 134 143 0 255 0 2 54 211 41 223 47 255
    81 255 44 0 255 0 132 0 140 8 0 0 34 116 153 255 45 0 115 74 91 0 36
    222 98 155 168 255 143 148 92 0 3 16 127 48 142 255 255 7 237 94 185
    150 37 130 204 69 101 239 0 32 36 255 196 160 136 66 255 110 0 133
    118 117 117 232 255 134 255 175 0 1 99 0 198 237 6 157 255 0 56 68
    255 255 202 255 75 17 0 255 198 175 137 160 255 160 0 122 120 0 246
    0 0 255 255 255 255 8 179 171 0 0 14 115 50 159 131 167 182 223 255
    23 163 255 24 0 200 255 77 111 0 0 14 197 152 0 0 205 8 10 139 0 255
    255 0 11 0 199 43 44 102 175 13 255 197 4 255 87 178 0 0 175 255 180
    0 0 149 6 97 255 112 130 0 62 255 0 55 123 117 185 0 61 0 255 0 255
    9 0 87 235 255 22 152 247 40 255 195 255 254 62 90 171 255 12 161 5
    181 0 0 93 0 197 102 0 133 190 0 0 158 161 0 61 149 75 129 73 234 11
    233 141 135 118 0 106 239 78 255 37 130 37 255 168 249 213 255 0 0
    170 255 209 0 45 0 186 117 0 118 109 114 188 60 0 220 255 151 185 71
    176 102 234 179 255 57 144 255 60 237 225 137 212 0 182 255 177 57
    10 193 219 255 255 183 200 126 155 79 34 3 61 201 0 132 0 248 24 255
    255 44 219 235 0 166 107 255 225 0 59 255 124 0 255 0 0 255 188 255
    157 0 183 238 132 0 255 0 255 117 119 25 124 253 172 0 150 0 26 0 0
    0 52 137 255 207 0 240 239 51 255 160 255 27 165 231 64 64 111 133 0
    155 0 0 159 0 130 208 0 255 159 0 190 243 232 0 251 54 158 5 204 140
    0 126 255 0 73 22 10 155 59 212 25 255 212 100 251 0 178 74 255 141
    143 42 58 116 0 175 255 166 45 95 211 115 255 0 0 255 255 0 0 0 0
    255 92 0 68 34 0 0 0 255 53 44 131 120 253 255 230 255 224 218 107 0
    55 150 75 135 211 243 68 0 195 116 71 0 152 156 149 0 255 255 255
    164 151 125 0 200 255 104 0 255 50 57 255 0 83 0 26 0 255 0 1 255 72
    118 105 255 0 0 194 255 109 178 202 255 161 255 126 145 104 150 20
    113 103 40 13 255 0 255 63 194 63 15 0 0 255 243 0 0 31 41 77 109 18
    135 120 56 32 230 152 255 172 140 186 255 0 89 15 72 149 0 135 35 0
    161 231 0 161 168 255 163 255 241 222 233 255 250 62 38 163 120 229
    255 54 201 255 21 255 255 225 0 0 76 0 8 70 255 0 179 140 248 248
    240 255 80 48 53 108 154 172 218 0 123 217 10 122 0 0 0 255 47 69 0
    120 0 21 0 0 224 250 255 110 115 13 20 7 0 124 199 255 185 255 48
    230 110 75 174 0 57 88 15 32 0 0 117 243 128 1 0 114 255 0 140 0 23
    255 255 107 206 255 41 178 233 181 13 0 246 109 128 216 0 28 69 112
    249 6 254 39 80 0 213 0 6 175 217 53 0 255 248 63 177 5 75 255 92 0
    150 2 255 172 255 92 147 0 108 247 95 29 153 255 121 255 79 255 124
    0 0 169 253 48 116 0 255 131 88 255 103 0 163 0 255 255 152 193 117
    255 114 239 255 23 43 104 0 255 156 152 255 0 234 245 0 6 159 0 0
    181 226 197 228 0 77 61 0 23 251 255 0 143 132 145 0 255 188 254 201
    90 255 246 87 210 80 199 129 56 253 1 9 255 255 25 173 0 177 83 0 0
    231 168 89 107 255 225 255 255 255 255 116 0 165 0 62 23 255 41 0 71
    71 2 61 172 255 0 0 0 0 188 255 255 255 80 255 35 119 87 0 108 0 255
    0 29 11 255 74 177 255 59 215 117 126 131 115 144 152 42 0 218 255
    214 179 218 153 89 9 67 0 255 255 15 255 163 221 75 255 182 255 121
    17 11 168 180 255 143 23 89 97 147 255 121 174 101 33 6 57 143 0 255
    0 157 204 0 255 0 198 255 6 255 255 119 24 255 208 248 57 0 0 69 148
    244 12 196 255 0 255 255 32 255 0 136 200 0 0 255 0 0 32 255 118 0 0
    84 117 208 255 0 128 71 0 238 0 0 189 223 0 0 19 184 70 0 199 255
    255 1 0 218 4 53 255 81 215 119 255 169 0 45 255 43 48 155 17 0 255
    176 57 255 227 61 46 0 0 0 0 101 83 96 26 0 182 255 215 110 189 177
    114 255 255 132 224 83 115 0 255 254 255 0 255 174 27 0 196 133 69 0
    136 0 223 160 255 79 185 0 255 251 49 51 0 0 184 60 0 9 117 255 0 80
    0 0 255 106 255 169 155 255 33 255 41 0 0 0 0 0 0 199 25 187 208 36
    255 15 255 13 58 1 15 87 245 67 218 149 181 0 153 0 8 255 96 114 63
    60 255 166 222 255 198 0 6 0 96 0 255 0 152 114 255 243 0 107 116 92
    255 37 44 245 0 24 173 0 34 53 45 221 0 114 129 255 253 150 255 120
    173 255 189 255 0 179 38 0 143 68 0 255 255 116 14 255 35 244 62 0
    41 255 161 48 255 255 251 47 149 245 0 0 132 220 4 0 224 155 144 255
    181 185 107 147 13 77 214 72 137 187 0 255 252 7 134 255 46 172 0
    228 162 197 255 28 61 208 19 255 155 152 255 151 49 200 255 3 94 187
    106 3 237 0 12 76 245 218 255 8 144 236 42 92 191 255 176 246 255
    255 0 160 144 0 162 255 70 19 84 10 142 223 0 0 0 196 183 0 255 56
    178 255 225 220 63 139 178 0 243 203 255 171 0 199 255 0 8 178 255
    16 42 219 221 230 0 73 191 221 167 0 173 55 193 0 0 0 0 20 255 175
    62 141 96 254 163 16 195 235 0 197 255 113 134 0 193 210 0 234 119
    34 173 215 255 0 20 137 0 178 0 0 255 137 220 208 0 202 0 187 76 255
    153 218 0 255 148 0 124 110 255 89 153 38 255 255 0 67 71 255 199 81
    255 179 0 255 81 0 208 255 0 42 0 208 126 53 0 3 11 246 7 255 255 5
    255 205 255 0 0 32 243 40 126 0 255 171 144 255 92 169 208 194 94 95
    255 129 153 153 239 77 53 61 175 0 255 187 255 255 255 255 0 121 179
    0 0 255 143 250 78 0 0 0 0 0 35 240 0 117 236 255 215 172 55 244 227
    0 150 211 0 194 106 53 175 1 0 241 255 227 203 0 0 19 0 123 221 71
    208 208 93 255 162 151 34 255 0 17 8 106 0 110 255 22 127 207 209
    255 140 0 193 0 0 0 255 210 0 92 71 61 0 158 178 207 122 252 235 164
    183 196 10 217 255 175 145 255 237 0 112 129 75 31 52 217 206 255
    255 235 0 204 255 0 0 250 90 165 232 191 22 0 0 45 215 88 22 51 255
    255 64 0 255 30 235 134 230 0 6 8 166 96 106 97 255 0 255 0 0 0 96
    147 158 118 75 37 160 20 255 0 69 1 243 16 0 211 255 0 162 156 39 0
    180 87 160 255 255 28 0 255 146 81 26 152 0 0 242 150 0 221 255 0 35
    0 255 188 15 89 0 131 22 88 9 255 53 255 0 255 199 0 154 255 11 255
    225 225 202 255 147 224 0 242 247 0 163 18 74 24 59 165 0 231 0 128
    93 255 255 90 49 118 106 98 255 6 255 255 174 29 3 0 148 162 74 160
    217 155 0 28 234 0 159 0 191 214 159 255 0 0 0 144 0 255 215 0 0 50
    220 96 18 255 0 0 199 18 0 129 154 156 171 254 104 255 108 117 16 45
    0 207 206 246 255 255 142 2 170 255 83 255 41 255 255 196 255 60 0
    202 181 149 255 198 60 247 175 255 0 255 172 242 255 17 224 162 0 29
    211 138 125 234 178 0 0 155 0 99 255 82 255 0 255 100 233 105 93 56
    0 14 0 197 75 53 0 0 106 36 255 0 255 47 142 0 255 213 212 252 186
    255 255 0 40 255 101 16 216 0 0 255 124 141 255 45 250 255 175 255
    255 231 255 86 0 248 255 143 255 90 50 0 132 105 25 26 255 9 42 0
    201 0 255 163 60 129 151 158 255 255 255 94 236 113 255 121 25 0 106
    183 0 18 238 232 255 255 163 255 255 188 0 255 255 110 0 202 236 122
    255 116 128 255 242 63 204 163 255 36 23 0 0 174 98 8 157 255 255 0
    172 0 95 47 255 255 255 255 151 0 181 211 0 255 166 255 1 255 200
    162 254 0 0 255 14 165 88 242 198 165 135 58 73 96 18 255 0 255 255
    255 33 11 255 255 0 88 28 0 145 241 243 255 0 0 106 124 5 86 200 144
    58 186 0 0 53 255 136 160 54 0 191 138 6 51 0 255 0 255 14 223 149 0
    12 200 101 42 255 60 138 0 108 255 171 0 208 118 166 5 255 156 0 125
    0 161 0 0 32 0 255 178 16 255 131 19 166 0 203 10 224 45 255 199 187
    29 255 60 65 115 0 216 6 255 255 255 241 201 255 45 6 136 0 10 0 109
    226 187 255 101 211 230 3 171 121 0 176 128 255 32 255 102 255 46
    244 9 163 255 0 62 44 0 120 215 141 59 255 255 0 124 99 120 94 0 90
    222 75 161 0 0 128 23 255 0 13 44 255 31 0 23 184 90 255 83 255 90
    255 16 0 255 0 85 129 0 255 0 255 206 255 255 0 210 23 255 0 119 0
    14 254 247 202 255 236 255 94 141 255 0 232 24 189 142 0 255 0 150
    255 102 225 178 230 129 107 39 0 69 0 255 163 144 0 115 199 167 0
    255 0 0 232 0 0 114 255 40 0 9 255 73 105 255 206 0 141 11 139 150 0
    0 33 121 0 200 5 86 244 168 0 255 0 157 89 204 0 0 172 255 0 27 244
    169 144 62 0 0 139 247 149 109 0 0 168 63 0 11 193 24 107 0 255 255
    255 255 253 0 255 216 255 0 146 255 65 103 239 5 243 65 255 71 211
    22 255 255 138 112 0 255 197 255 94 255 255 200 201 193 255 188 255
    97 255 196 211 193 96 134 255 103 158 255 255 26 0 255 203 166 255
    255 237 255 0 230 246 0 249 68 206 255 0 209 0 0 170 95 156 146 0 0
    0 246 0 5 22 231 36 183 146 255 225 0 0 162 0 5 255 63 0 66 255 66
    198 255 255 0 145 244 255 0 0 0 203 30 0 255 0 72 0 210 0 108 115 36
    0 255 0 0 0 43 254 46 255 254 0 10 0 57 79 17 37 44 241 0 192 0 255
    141 228 0 0 70 184 165 221 0 103 0 162 126 177 0 255 255 40 32 93 0
    151 207 26 0 20 255 151 169 255 0 0 192 163 12 255 69 2 215 25 83
    223 66 223 18 255 0 10 152 0 61 61 139 76 111 243 60 11 231 222 255
    86 26 83 38 211 89 0 171 0 86 110 227 255 137 59 232 179 16 0 255
    255 15 253 101 0 255 0 167 0 167 255 22 214 172 17 87 101 89 0 178
    149 5 84 255 237 0 137 233 179 136 255 0 75 175 104 255 51 37 0 179
    0 78 255 0 255 28 239 122 0 199 255 211 255 159 113 17 206 255 255 0
    136 162 255 0 203 76 0 0 0 166 25 255 255 255 210 255 202 136 152
    255 231 212 34 88 128 61 72 120 215 17 0 96 0 0 255 65 51 178 26 144
    48 255 255 43 37 105 11 255 132 0 187 72 0 44 129 255 235 56 227 56
    81 36 84 82 221 88 44 168 255 74 255 67 255 255 72 255 4 0 188 69
    138 63 255 0 233 23 0 255 255 0 112 255 255 193 255 255 12 20 255 0
    95 13 0 255 160 126 0 173 206 0 255 255 0 255 92 157 0 255 64 245 80
    187 121 201 244 145 202 0 110 117 189 58 37 249 244 0 59 0 207 230
    231 0 252 0 255 214 0 250 255 255 146 255 0 39 255 181 46 122 102
    255 0 125 255 108 255 255 156 54 234 29 116 255 230 78 0 120 183 172
    255 98 42 129 109 174 107 60 10 214 0 160 118 0 255 92 113 206 255
    255 0 255 0 23 255 241 255 77 107 15 41 25 244 23 124 255 0 0 255
    255 255 255 0 118 255 0 21 132 16 189 164 255 78 250 121 0 3 204 28
    148 121 71 255 244 255 255 243 169 0 212 0 0 114 75 255 220 142 95
    37 46 255 0 83 157 255 0 255 234 140 230 180 6 104 245 128 46 182
    255 120 122 195 218 49 234 0 136 215 130 244 255 255 206 0 241 143
    49 115 160 0 0 167 120 0 108 75 254 0 71 255 170 255 255 255 147 120
    255 0 197 112 10 4 255 255 166 255 225 0 0 221 69 43 92 99 0 99 26 0
    113 149 37 0 0 0 108 0 166 52 115 110 255 80 139 172 59 0 172 48 73
    43 103 66 83 185 64 255 0 50 139 0 68 255 0 216 0 0 223 0 151 0 0
    176 96 174 255 103 72 59 246 0 234 143 0 94 71 0 4 49 21 0 49 0 93
    255 41 0 74 127 77 33 76 255 0 70 247 205 46 255 65 255 255 255 242
    0 255 42 0 0 184 255 0 255 255 3 171 201 118 0 232 117 206 0 30 131
    118 214 0 191 96 255 56 154 219 0 0 0 119 140 0 199 204 230 80 60 0
    241 0 182 24 0 255 115 0 183 224 255 0 26 61 80 0 55 226 0 146 216
    176 157 5 0 0 255 114 210 0 255 31 20 140 240 54 96 44 255 172 34
    195 75 80 255 202 211 132 190 181 255 89 191 255 218 30 0 190 86 255
    255 255 0 173 158 19 25 0 159 49 218 89 0 0 0 203 0 255 220 233 124
    0 9 50 158 184 116 255 73 240 48 255 72 0 6 41 0 42 0 8 230 222 255
    255 255 252 17 32 111 132 118 255 50 255 156 255 255 255 219 245 33
    150 10 198 11 0 254 79 14 0 255 0 130 38 151 243 247 161 237 0 241
    55 227 255 255 255 135 147 255 255 255 109 2 24 201 128 168 143 255
    185 0 145 153 71 169 0 162 0 140 144 206 153 144 0 255 118 43 232
    255 255 255 217 0 144 0 0 0 123 245 81 0 0 208 122 255 255 0 215 255
    255 255 0 255 214 51 0 255 255 72 255 255 0 0 132 163 166 237 101
    238 75 93 0 58 214 151 51 169 247 197 78 255 0 0 0 255 54 0 71 52
    129 203 121 4 164 0 119 104 244 26 40 248 218 0 27 10 179 255 214
    255 0 255 163 0 0 72 92 252 34 255 1 15 176 139 228 159 111 255 180
    87 0 110 255 246 93 240 44 125 255 195 93 196 19 27 153 0 0 38 162 0
    0 110 255 0 0 255 0 52 134 113 254 0 231 255 116 167 255 0 255 192
    114 43 0 27 255 0 172 190 0 113 29 0 0 85 48 136 198 209 172 140 161
    255 0 196 31 0 255 129 0 4 134 0 255 245 255 0 224 78 67 178 235 0 0
    253 0 255 239 255 104 41 239 9 86 55 1 62 255 255 245 0 222 255 0
    216 215 0 233 241 191 0 217 0 255 0 0 255 0 0 76 168 91 15 197 128 0
    0 125 255 171 112 0 27 0 121 0 120 151 12 124 255 2 0 120 18 0 141
    240 28 80 0 255 224 244 204 10 203 194 36 255 20 255 255 1 0 15 66
    133 0 0 85 205 0 238 136 209 68 255 179 132 255 67 0 236 137 0 65
    231 75 87 255 153 0 0 255 37 0 85 38 162 0 0 115 106 0 255 133 0 201
    238 184 0 49 193 9 255 55 30 221 255 56 107 89 217 167 255 230 119
    255 0 255 110 38 94 255 26 83 0 109 0 65 28 156 255 102 248 0 252
    110 0 172 187 230 55 40 0 90 255 0 0 246 255 0 34 183 24 0 255 0 30
    255 211 0 128 255 55 144 228 249 0 255 11 19 255 102 61 12 255 162
    196 255 112 255 1 197 255 0 42 0 117 255 3 133 255 184 0 255 0 41 40
    0 255 0 255 155 248 255 75 255 0 0 255 219 255 135 0 29 194 255 255
    235 73 91 255 34 255 172 196 129 168 226 145 0 248 0 107 177 0 15
    151 107 0 255 143 218 0 255 109 184 184 106 255 232 27 36 255 166
    150 255 0 0 128 0 0 255 136 238 240 52 254 37 0 166 249 23 157 255
    255 230 116 188 116 248 255 0 0 246 0 255 5 255 34 0 105 0 255 255
    175 154 44 72 189 13 100 234 158 89 7 194 68 97 92 129 87 170 0 187
    3 68 41 255 255 255 111 35 255 143 0 0 255 183 0 180 255 255 35 217
    199 238 111 0 30 132 14 255 222 255 136 0 0 0 255 29 255 255 255 188
    117 171 0 0 207 112 255 4 47 33 255 237 21 201 164 220 118 207 55
    149 203 14 73 168 175 21 126 0 53 127 255 152 0 255 116 37 216 71
    127 255 175 151 255 186 63 255 255 0 68 141 2 2 87 206 76 255 79 0
    156 255 0 0 71 255 54 255 203 147 0 0 177 0 120 183 202 179 22 197
    250 255 164 105 14 0 109 94 37 255 113 155 7 0 0 0 15 48 0 55 255
    255 255 187 48 252 255 255 79 47 176 105 121 18 69 215 255 255 0 255
    255 0 0 169 25 255 255 0 198 204 164 0 146 0 15 166 13 255 255 246
    29 19 255 17 255 96 106 39 255 0 0 255 20 116 255 255 241 255 0 105
    139 159 255 0 0 41 255 57 235 170 255 255 163 0 242 0 255 19 120 255
    33 18 111 128 11 0 102 43 255 16 0 0 255 0 153 0 210 6 203 124 0 160
    29 255 144 255 57 65 166 130 62 32 255 253 255 128 255 0 0 255 255
    138 205 0 58 0 54 67 57 80 255 94 89 157 255 113 202 209 43 127 21 0
    72 0 0 216 255 49 254 107 236 21 255 255 255 255 93 0 240 30 171 255
    96 255 251 28 213 78 0 169 0 173 41 0 228 43 10 255 255 178 255 255
    149 171 36 122 42 246 12 185 0 131 40 218 182 122 214 196 0 249 92
    62 255 34 45 251 59 255 0 255 246 176 221 208 255 255 0 255 198 255
    0 32 15 255 23 253 0 255 234 188 255 255 84 155 84 5 159 136 0 14 69
    0 255 105 255 169 55 204 200 0 106 68 0 255 255 246 201 166 0 0 200
    174 37 250 255 70 83 0 141 0 89 172 253 78 5 0 0 67 59 0 127 74 0
    255 169 146 55 53 14 163 248 191 72 0 0 174 7 0 0 2 8 18 62 255 255
    255 0 255 247 255 111 0 0 126 6 200 125 0 0 255 143 22 37 56 46 169
    215 77 255 140 255 54 67 224 233 20 0 131 249 235 235 28 0 108 224
    255 72 92 255 236 255 79 253 204 255 0 166 108 0 255 255 0 208 195
    213 0 0 116 255 255 255 169 20 0 208 224 219 249 135 93 88 126 124
    255 0 45 47 28 0 0 135 12 193 147 107 126 78 129 255 0 81 67 149 138
    0 255 26 255 117 0 255 255 0 32 248 199 143 0 49 89 141 254 255 54 0
    242 10 0 255 78 0 255 255 58 0 0 255 255 236 119 0 38 72 111 0 0 134
    166 100 95 255 255 28 0 0 252 214 58 0 115 255 0 23 17 90 186 74 142
    179 255 0 185 255 175 0 255 255 0 236 245 255 0 125 255 255 38 66
    189 226 17 132 107 133 0 141 142 61 255 255 255 129 219 219 217 255
    139 0 53 48 185 194 2 101 136 192 26 68 162 0 0 238 237 149 225 148
    184 129 78 50 255 0 255 195 164 19 255 173 111 255 132 52 177 7 177
    255 5 68 0 92 255 255 255 255 30 15 0 25 199 168 184 228 255 216 83
    0 63 126 255 0 249 255 0 255 67 0 0 136 67 188 129 135 217 60 0 138
    181 113 200 205 0 255 255 51 255 129 132 5 255 120 0 138 116 233 111
    220 208 173 23 0 76 255 44 255 140 72 0 0 246 129 0 177 95 126 141
    255 255 0 0 142 61 137 0 18 69 158 234 131 63 255 217 199 17 184 255
    6 0 213 146 46 0 255 255 144 48 53 215 193 124 255 23 255 0 255 207
    142 44 52 169 0 41 18 174 255 0 151 0 255 114 255 44 255 10 255 255
    0 0 255 255 62 50 0 31 188 160 0 4 255 213 28 1 204 255 94 0 206 148
    122 255 255 255 210 225 0 107 255 198 181 203 253 218 222 194 0 75
    154 207 248 12 255 0 255 89 147 255 172 0 255 0 0 220 114 255 247 0
    120 0 70 2 48 252 115 131 255 0 45 150 131 106 89 43 90 180 149 249
    90 255 130 46 169 230 103 0 135 219 42 57 165 252 182 135 0 191 171
    233 51 0 255 220 255 0 11 255 72 208 255 255 46 0 255 255 171 0 16
    152 145 0 41 240 191 57 39 200 136 242 205 210 164 189 255 75 255
    184 22 138 72 141 210 255 21 255 78 53 0 25 116 112 38 255 201 153
    146 0 21 157 255 85 47 0 0 153 255 153 0 222 255 213 224 0 255 255
    33 255 194 95 30 53 95 0 13 238 21 0 92 89 82 13 97 44 0 0 243 102
    198 255 63 0 213 251 0 96 0 0 255 0 185 0 146 198 0 255 163 81 255
    208 118 255 0 211 255 0 255 255 124 34 97 255 158 0 255 255 0 199
    186 26 0 196 192 0 0 0 238 26 3 60 168 0 255 255 173 255 35 180 33
    44 183 252 232 232 143 0 0 244 228 111 255 79 229 255 235 0 173 20
    255 160 231 91 170 140 156 226 8 140 255 199 0 0 199 129 137 255 205
    0 64 18 126 208 219 202 58 143 255 255 99 224 237 231 80 216 255 255
    0 25 226 88 0 29 0 255 104 86 186 82 255 254 255 233 205 145 114 228
    228 158 203 145 255 30 54 141 0 88 171 255 149 255 117 37 255 246 21
    155 150 255 158 220 255 205 232 255 255 54 0 200 169 32 255 67 49
    119 255 4 255 92 255 255 255 0 36 0 47 255 104 82 0 0 49 255 0 211
    255 0 243 18 49 19 110 244 0 163 255 7 131 69 82 207 0 0 0 0 255 159
    83 255 51 171 250 0 207 157 224 0 255 177 0 0 159 52 137 181 203 126
    238 0 0 0 0 0 114 57 71 255 255 255 35 116 210 146 0 93 32 77 204
    210 33 11 186 68 1 236 236 50 144 255 239 39 255 5 105 75 224 103 0
    87 81 0 0 255 29 139 0 0 238 0 62 0 167 213 7 61 158 143 223 161 143
    0 215 170 11 0 0 231 152 120 0 161 53 255 159 67 91 106 85 0 255 84
    75 255 255 179 4 235 0 0 255 28 255 165 53 255 172 51 8 0 0 0 0 33
    64 75 240 62 188 0 112 227 140 255 255 232 138 255 62 0 22 43 32 116
    85 255 0 0 57 40 235 104 255 163 131 219 209 24 233 0 63 0 0 255 255
    0 163 211 116 118 160 166 255 149 112 63 238 255 255 197 39 0 88 139
    6 22 255 255 43 8 255 255 255 19 232 255 101 0 255 233 131 64 104
    126 0 0 106 28 33 165 178 208 131 241 255 159 60 255 0 255 255 0 255
    143 0 119 255 207 0 138 133 239 153 255 210 212 0 4 255 0 207 76 181
    249 255 221 255 244 204 57 0 242 140 190 16 177 15 255 0 237 127 149
    131 255 0 255 59 118 188 100 0 45 175 135 0 71 199 255 91 129 255
    118 63 243 255 117 91 0 255 0 0 0 115 255 88 175 0 255 7 234 255 255
    164 73 255 55 124 195 59 58 233 190 0 67 141 0 41 5 72 131 96 205
    106 99 255 255 174 179 217 93 144 75 68 226 131 54 226 255 0 108 218
    186 213 0 255 3 66 0 178 255 53 90 0 192 254 0 180 121 200 60 0 17
    33 0 119 255 73 139 180 51 0 203 35 78 255 255 86 0 186 0 0 69 152
    255 94 27 117 255 209 151 255 129 0 255 255 16 236 139 60 147 0 0
    215 0 16 240 0 107 82 191 255 0 58 180 0 0 154 0 111 255 255 199 186
    255 0 125 255 236 48 0 47 197 77 255 0 0 238 26 166 119 0 0 229 255
    255 230 0 121 238 0 199 42 255 255 255 207 113 0 0 36 24 242 0 128
    248 255 255 0 208 193 92 0 255 0 255 172 147 92 255 55 221 255 255 0
    98 139 0 23 255 255 118 255 26 58 108 89 255 0 255 255 255 255 244
    217 8 234 0 14 195 0 0 224 255 128 79 255 153 0 0 0 195 193 255 212
    255 0 121 255 0 0 0 61 255 201 255 225 80 153 0 255 89 195 176 52 78
    255 8 255 118 255 23 112 84 255 0 74 0 255 255 63 152 100 79 251 231
    23 255 212 0 255 205 0 158 109 0 219 51 14 68 0 10 89 0 0 255 37 255
    50 130 107 255 20 255 255 101 186 255 35 18 23 255 93 0 0 208 42 81
    246 146 0 24 0 255 191 181 136 0 255 21 0 0 33 218 255 31 0 169 207
    13 135 240 31 255 28 55 82 207 223 219 0 158 50 178 49 199 110 93
    229 155 207 107 171 190 148 110 223 0 0 0 251 235 0 0 255 23 52 255
    255 0 227 0 56 64 152 239 213 119 0 216 166 26 132 0 0 137 7 172 100
    172 152 0 0 158 0 16 0 255 6 0 0 0 126 77 255 255 150 217 255 87 0
    189 236 99 255 237 178 205 201 10 255 0 89 31 255 93 136 186 68 255
    0 105 245 153 255 217 242 255 255 170 0 0 54 60 255 237 255 63 121
    83 127 255 255 61 0 132 0 95 32 0 0 150 48 24 120 244 250 0 0 0 255
    255 255 199 14 0 159 255 84 232 96 132 5 0 255 149 255 229 255 0 8 0
    0 255 15 0 0 0 26 3 0 2 0 133 182 0 107 255 0 0 0 0 0 0 93 75 44 165
    242 180 207 0 95 10 226 255 255 0 255 205 104 196 12 136 0 30 255
    148 255 255 255 255 244 0 255 0 255 159 45 130 98 144 148 148 40 58
    0 223 79 255 159 127 107 119 253 0 108 204 230 0 142 255 250 223 0
    111 172 76 0 255 246 14 94 90 200 0 8 152 3 0 0 43 0 255 0 62 0 194
    255 203 0 183 1 91 147 162 128 0 48 0 91 45 185 0 16 255 138 247 115
    255 102 0 153 108 156 255 125 34 0 201 0 30 208 0 95 182 232 42 221
    186 248 54 255 162 0 0 0 21 11 125 220 33 255 0 0 255 255 255 114 90
    9 0 30 113 0 198 130 255 39 177 92 196 103 122 98 0 198 247 255 0
    255 171 165 168 255 148 43 0 204 121 15 255 0 137 166 255 164 255 13
    163 255 166 0 255 58 255 255 0 45 255 221 216 150 113 255 121 0 0
    169 0 255 224 158 255 39 255 143 247 194 255 209 83 221 71 255 250
    255 36 150 28 110 98 0 0 164 62 0 100 255 45 255 255 176 194 0 251
    31 156 70 142 68 179 193 53 0 255 255 0 255 94 242 255 198 250 0 215
    255 123 255 145 255 29 111 0 11 6 182 255 188 114 237 255 181 255
    212 255 217 255 251 2 255 0 0 255 9 0 85 0 112 203 57 229 255 252
    218 0 211 51 131 0 194 0 255 255 0 255 169 32 173 178 0 48 255 0 97
    255 142 189 205 0 255 145 108 255 206 216 129 204 27 127 108 19 93
    127 255 33 56 25 0 25 155 0 45 201 255 255 223 135 0 248 255 255 255
    166 89 48 0 14 136 199 165 255 0 0 255 0 0 0 187 15 0 32 240 36 144
    1 26 142 160 255 48 160 212 0 212 25 0 231 224 0 122 81 239 223 56
    122 156 244 237 74 29 246 81 82 253 43 0 0 0 255 157 46 0 69 78 94
    111 255 255 135 78 29 0 0 0 224 0 0 233 116 0 0 0 0 255 140 69 108
    30 224 163 255 175 168 122 129 11 19 130 95 179 6 1 255 255 158 6
    122 22 55 255 255 188 0 255 136 173 255 162 113 77 148 128 127 105
    207 0 99 210 0 0 236 92 0 255 255 255 255 85 17 221 64 203 100 243
    255 179 30 149 29 236 255 255 255 243 209 27 237 255 65 179 255 239
    0 128 105 49 169 223 217 126 255 218 188 0 5 0 85 171 139 0 0 255
    255 0 255 248 45 47 71 46 103 255 251 255 247 9 0 44 5 0 144 151 0 0
    14 137 235 0 136 255 203 255 30 29 63 255 68 255 255 149 211 255 50
    61 0 31 0 95 135 0 255 145 30 218 255 46 16 234 7 255 91 255 33 219
    210 0 0 78 0 235 48 249 255 89 0 255 44 255 103 63 42 77 216 2 226
    255 44 25 105 159 0 192 208 161 151 222 150 0 247 255 44 187 0 34
    255 134 0 10 190 255 213 142 18 14 224 249 48 0 173 0 198 106 255
    130 0 167 255 0 153 235 0 190 255 205 255 0 255 13 248 221 0 99 10 0
    255 0 0 71 82 229 17 147 255 255 22 255 2 0 137 208 255 116 115 136
    240 33 45 223 45 0 255 192 149 145 0 168 103 0 224 0 0 255 0 161 114
    181 191 255 218 5 132 241 160 96 236 101 0 123 239 81 251 250 0 93
    249 0 201 140 148 140 130 255 101 162 0 100 255 185 245 170 84 162
    251 0 43 255 255 255 163 0 255 255 157 255 97 255 86 255 201 73 131
    4 255 0 0 149 244 122 0 185 225 0 199 8 0 226 164 122 73 255 225 0
    71 255 12 188 0 255 75 185 59 208 242 67 98 255 27 87 56 154 237 183
    32 85 27 63 255 199 217 255 8 136 255 255 116 73 5 0 136 0 169 51 23
    233 255 194 71 194 97 28 0 228 240 111 182 0 255 41 87 0 0 0 0 242
    194 238 79 44 184 92 255 255 99 121 163 218 112 0 26 255 0 49 228 0
    137 0 168 0 255 94 163 187 69 231 2 255 0 89 187 0 255 0 255 0 63 96
    111 255 255 255 22 29 64 241 21 128 39 255 23 0 35 168 61 255 217 0
    0 38 255 25 65 165 207 254 255 44 255 165 217 255 0 255 81 43 117 0
    195 95 87 255 115 224 214 200 0 0 193 0 33 0 159 116 255 0 255 255 0
    255 119 255 226 0 0 18 79 61 153 201 255 216 133 143 101 28 198 157
    255 0 98 0 234 172 255 255 226 255 0 0 173 199 0 86 63 255 65 149
    255 14 82 161 0 0 255 239 90 193 255 82 0 217 45 255 241 0 255 65 0
    255 27 0 131 46 255 215 0 213 0 255 203 214 26 8 255 167 203 0 0 255
    0 155 186 0 95 0 1 110 137 250 175 0 0 228 205 164 54 255 254 0 0 46
    232 31 255 0 255 114 82 218 0 187 0 124 188 195 255 236 251 255 233
    32 255 195 119 43 0 154 255 173 255 255 1 104 0 215 0 185 11 38 203
    0 54 255 204 215 255 0 110 200 32 206 255 159 0 0 255 0 199 7 255
    105 255 0 157 0 198 179 78 0 8 215 0 243 62 203 88 99 230 90 46 69 0
    0 176 104 60 48 89 0 0 0 241 0 0 162 255 75 94 0 200 53 90 0 255 35
    166 0 0 0 158 255 6 255 176 40 179 1 255 211 0 203 26 1 0 215 255 49
    12 255 132 72 0 4 30 0 59 81 0 58 194 83 183 255 255 255 232 172 151
    145 105 175 123 31 0 208 251 0 255 128 0 28 0 234 254 103 222 249
    255 0 0 255 255 0 206 0 138 0 164 47 134 0 220 255 255 160 67 154 43
    0 138 0 0 75 0 144 237 0 108 0 0 209 79 122 0 122 0 0 255 30 51 8 0
    0 48 0 90 40 39 154 140 0 174 69 0 209 83 255 184 0 255 255 137 180
    161 0 107 89 0 255 0 91 49 214 0 0 78 89 138 0 154 0 255 23 0 145
    255 36 255 54 22 246 0 255 247 145 0 38 255 0 150 0 201 206 0 43 203
    255 0 214 165 0 0 111 0 150 0 192 43 0 255 72 255 238 75 255 0 255
    255 231 0 0 0 255 170 115 255 255 255 190 136 229 23 0 0 255 203 122
    255 0 92 78 40 255 0 0 3 255 47 0 0 232 0 205 214 125 202 66 16 0
    255 255 255 32 255 255 186 193 8 115 0 171 183 247 0 211 0 255 34 59
    255 245 195 219 101 228 0 161 255 0 98 0 11 0 108 28 130 128 133 233
    173 255 173 162 125 0 0 0 110 255 0 255 0 68 178 40 122 110 0 0 255
    120 0 169 255 61 255 123 246 58 255 0 255 120 255 207 140 255 195
    255 26 255 0 0 255 0 68 255 59 154 153 78 0 22 142 0 0 78 136 164
    183 169 179 0 228 50 232 255 212 255 107 123 226 8 255 244 63 255 89
    85 0 104 253 14 32 191 255 196 255 96 0 255 255 170 66 8 7 20 172 0
    61 93 97 255 255 48 116 117 213 0 22 194 59 85 252 0 255 0 0 0 158
    144 159 78 229 255 28 39 235 252 0 59 0 163 165 0 230 0 255 220 39
    255 255 255 90 31 255 96 187 156 238 193 154 0 41 0 0 149 255 0 71
    192 255 0 0 105 152 0 179 221 204 255 0 0 54 15 255 153 213 93 143 0
    109 169 0 208 0 110 0 54 92 21 39 54 200 6 255 255 3 255 0 246 175 0
    114 0 0 0 61 233 143 255 255 237 187 0 22 186 255 235 0 125 4 182
    194 147 0 0 50 255 255 0 46 146 90 3 255 165 0 9 48 110 153 119 114
    221 211 212 138 0 111 0 193 47 73 99 162 255 49 0 255 221 224 79 65
    0 255 228 126 124 0 0 161 143 153 0 255 29 255 116 175 22 255 82 0
    129 51 92 76 25 171 55 0 0 255 0 255 0 54 0 239 119 0 0 255 179 136
    64 107 0 20 120 44 153 195 149 244 255 0 255 15 255 204 73 255 139
    167 255 216 163 0 114 0 114 139 201 190 255 225 190 0 145 41 33 255
    123 14 0 255 253 0 48 255 167 0 200 0 72 254 173 255 131 0 225 255
    125 255 0 245 241 162 0 99 0 0 0 160 255 32 0 149 154 168 175 95 137
    47 0 148 255 0 78 204 141 0 141 255 72 255 37 140 132 78 0 78 12 101
    60 243 0 221 0 255 0 0 141 102 255 0 124 255 0 168 63 231 161 40 255
    255 0 223 0 0 211 255 255 91 40 41 115 230 255 151 0 245 0 45 178 32
    133 255 0 210 159 255 255 97 151 177 0 47 133 249 122 102 26 92 240
    172 10 7 249 127 239 119 96 46 141 228 15 255 235 9 242 79 255 131 0
    254 255 4 255 125 107 142 0 0 141 255 36 255 116 0 244 32 30 178 41
    178 100 255 0 134 95 222 83 210 209 189 0 172 255 213 255 255 31 177
    0 0 56 0 255 182 133 255 250 60 228 0 102 149 255 63 250 255 255 104
    154 36 69 0 144 224 245 71 255 245 124 255 255 233 0 0 31 0 255 12 0
    0 150 106 161 0 246 0 162 245 172 141 2 0 192 179 0 230 255 163 77
    189 75 0 255 0 255 244 73 32 255 0 255 105 76 162 149 255 76 255 220
    255 229 196 0 0 190 249 0 129 178 0 37 208 0 14 158 120 135 8 0 72
    72 207 109 0 210 133 255 34 129 253 24 0 191 34 206 110 255 0 0 137
    255 61 0 255 0 255 255 255 83 190 0 0 47 0 172 97 255 0 255 255 255
    220 255 52 255 255 94 213 226 123 195 255 184 183 78 6 0 255 52 31
    118 156 253 254 130 15 126 37 0 0 0 0 252 96 0 103 125 206 0 126 184
    128 101 187 255 77 146 0 0 0 0 38 146 9 0 255 128 0 0 39 225 240 102
    156 154 255 131 111 212 116 255 39 108 221 194 0 62 0 250 195 84 57
    0 0 255 0 55 25 255 255 172 80 0 178 255 73 255 0 255 134 6 183 0 85
    0 0 55 220 255 255 0 29 222 255 42 255 223 141 255 0 255 233 0 119
    28 205 50 0 204 210 0 154 125 115 255 255 255 7 110 255 140 118 48
    90 8 0 117 31 106 63 204 154 125 93 0 218 107 35 191 9 255 125 220
    143 181 22 110 58 255 169 169 236 131 171 65 220 172 0 133 167 197
    255 82 255 0 0 0 0 1 33 187 255 255 255 227 85 0 0 12 255 122 0 255
    164 61 5 255 85 41 0 255 197 113 255 234 255 207 208 104 92 255 38
    43 16 249 105 0 255 0 72 0 255 226 255 0 100 255 135 70 147 0 84 217
    17 15 106 101 0 221 227 187 0 115 9 173 147 0 255 0 108 72 80 91 25
    155 6 174 0 164 0 37 255 0 88 215 199 164 224 29 33 230 210 94 21 98
    130 94 255 0 248 82 181 0 0 46 0 143 70 0 255 138 80 138 255 255 255
    69 180 0 171 0 255 145 255 209 255 255 157 167 89 0 89 217 77 11 108
    0 255 0 255 19 0 87 140 0 0 0 111 0 235 240 7 255 255 111 255 0 71
    221 73 255 255 255 255 125 175 204 199 0 0 14 65 254 0 255 66 255 0
    231 255 57 123 77 9 119 255 137 185 87 127 221 111 0 255 119 108 255
    89 147 255 0 112 58 189 158 255 195 0 165 191 138 55 191 255 96 255
    255 118 210 255 0 145 35 207 190 255 255 0 155 74 153 172 65 209 5
    90 17 24 0 99 199 55 147 200 38 31 0 118 255 0 212 0 103 111 0 210
    123 96 148 255 0 209 0 0 0 28 73 169 0 137 142 186 163 207 97 0 97
    127 0 255 134 0 0 208 166 255 231 140 41 60 230 173 57 66 255 231 12
    246 0 147 0 255 119 79 255 156 190 255 192 140 170 203 40 183 255 28
    16 0 255 143 255 76 104 172 130 255 255 0 21 71 0 197 97 16 74 190
    151 105 155 123 0 255 0 255 0 66 149 255 166 3 85 96 0 194 0 67 255
    186 254 255 167 0 200 128 0 0 213 195 33 110 153 0 132 255 255 246
    86 139 255 0 101 29 0 174 214 58 74 255 116 178 249 41 255 0 255 114
    30 124 215 98 0 52 12 63 0 255 47 55 53 0 134 126 255 185 23 244 223
    255 19 13 255 0 255 107 151 112 255 117 102 171 0 181 196 28 0 7 231
    0 56 255 209 255 122 0 236 152 37 17 0 55 29 0 213 67 0 187 213 27
    185 162 255 121 255 255 52 199 240 166 0 251 77 74 255 0 84 163 55
    255 255 106 22 0 25 255 200 255 132 255 101 255 255 0 255 0 48 227
    97 79 0 109 79 0 223 162 14 68 44 255 0 255 0 15 255 34 157 255 255
    255 0 89 100 255 255 160 255 112 103 92 33 0 221 216 0 202 197 156
    255 188 255 246 0 163 49 134 244 98 238 68 123 56 101 67 239 68 192
    77 255 79 87 70 67 56 0 197 255 255 17 147 255 248 17 3 165 151 146
    12 41 205 150 0 0 88 0 106 255 255 43 252 255 243 17 31 2 96 4 81 0
    228 14 89 255 213 255 126 66 162 200 255 255 255 0 199 109 98 255
    192 255 255 49 0 61 255 99 190 45 52 255 221 4 182 10 177 45 255 255
    69 246 0 255 21 255 255 29 20 217 223 150 116 255 0 126 202 0 0 170
    236 103 47 84 246 0 110 255 66 0 185 53 255 114 137 0 241 213 0 91
    255 255 208 139 142 0 255 70 229 240 0 255 217 255 255 121 183 9 197
    0 1 24 0 240 169 194 104 255 223 70 56 255 215 189 41 9 255 0 255
    255 0 255 217 6 127 41 125 95 109 91 1 255 145 0 57 78 0 94 28 252
    195 139 37 0 255 255 159 121 68 255 4 0 150 63 51 39 141 180 49 118
    159 22 255 255 102 0 141 219 146 49 3 31 154 255 131 0 80 11 0 0 237
    37 251 97 255 255 251 0 113 28 220 245 3 255 255 109 145 255 130 183
    255 46 0 255 255 154 249 249 148 137 255 181 255 0 0 213 220 69 33
    172 40 96 0 0 5 237 192 253 0 151 255 255 255 0 31 9 0 119 81 0 200
    102 255 255 255 148 255 73 255 202 0 30 0 53 255 255 248 0 23 86 0 0
    255 30 0 6 255 0 0 82 40 100 123 132 155 180 155 48 86 244 84 88 1
    22 0 186 206 24 0 130 10 151 187 183 245 222 255 91 255 227 0 96 205
    237 191 196 77 91 219 85 118 240 206 255 217 17 16 0 180 20 0 131
    198 255 206 69 255 255 255 46 0 95 89 161 254 162 255 30 0 234 253 0
    32 213 81 0 99 105 0 255 170 124 171 132 0 0 148 189 255 255 165 54
    18 0 255 149 255 0 255 255 0 78 0 120 154 94 57 4 37 182 255 198 140
    255 255 106 128 0 0 169 255 193 249 254 231 123 123 255 255 193 0 15
    77 134 169 0 167 253 174 180 54 174 79 53 201 23 182 148 255 152 205
    26 42 0 2 120 139 0 105 80 179 167 17 1 58 101 0 40 143 118 14 8 255
    100 237 255 255 190 17 0 255 255 0 47 255 182 221 191 255 188 255
    181 1 0 66 255 223 0 255 0 92 23 108 135 195 175 56 255 0 255 253 78
    255 255 255 255 58 249 172 199 77 43 255 0 137 0 255 227 148 255 197
    151 96 0 156 0 255 147 194 0 40 51 255 194 143 255 255 32 121 0 255
    0 221 180 255 255 230 171 47 228 104 0 112 0 74 4 173 38 15 255 255
    170 41 174 112 214 60 255 14 0 158 255 47 207 92 181 0 86 80 0 255
    178 255 138 2 255 0 13 164 188 0 70 225 255 10 248 0 181 81 159 255
    163 172 255 255 241 105 178 239 232 128 255 255 203 0 255 187 182
    160 223 133 93 33 3 77 170 61 61 197 19 156 91 250 165 79 243 69 41
    255 75 144 255 104 255 142 146 230 0 131 21 155 0 255 255 254 255
    155 115 60 0 255 60 255 255 202 255 255 255 0 43 162 9 88 244 60 0
    16 255 244 2 0 255 255 84 0 7 234 0 0 94 191 106 172 0 255 255 109
    128 69 56 245 255 229 210 14 117 229 18 82 0 38 0 117 32 55 55 75
    246 212 178 9 194 254 66 18 0 0 255 0 0 192 255 247 0 255 0 250 0
    255 255 24 246 33 166 0 48 255 56 0 0 87 0 231 75 0 255 55 140 246
    255 203 105 134 0 255 255 0 0 255 0 0 0 24 162 129 255 0 255 129 0
    75 29 0 174 135 212 60 255 123 207 159 114 96 186 0 255 199 255 219
    140 255 165 255 30 110 255 3 0 0 208 22 17 52 255 88 131 252 203 255
    255 60 239 255 0 101 0 148 0 233 45 113 231 0 114 245 61 0 166 55 0
    34 253 22 14 145 0 43 0 2 92 217 255 44 0 255 0 97 255 0 255 163 44
    178 25 236 120 255 255 225 180 205 2 255 58 137 72 255 171 153 0 88
    32 129 132 0 103 17 0 248 161 185 255 11 0 99 71 72 103 226 17 189 0
    158 29 165 84 196 0 240 216 177 0 208 27 37 255 0 50 238 74 0 164 0
    0 0 255 106 136 124 255 118 204 135 2 122 216 2 54 179 101 0 205 59
    0 166 230 239 0 0 29 0 188 0 218 95 90 255 104 68 255 237 255 143
    194 63 0 254 31 23 255 4 21 255 61 90 0 0 255 255 50 255 0 106 114 0
    34 88 215 0 130 255 0 0 255 0 21 21 14 0 131 252 83 255 255 255 255
    114 97 48 8 0 251 0 154 0 255 202 255 255 255 37 31 0 58 66 255 128
    0 251 153 215 59 21 6 0 251 11 0 0 144 32 217 134 65 0 92 87 102 221
    85 73 53 255 94 207 255 67 98 255 255 147 0 137 228 32 160 255 255 0
    212 255 191 255 239 0 161 175 0 136 70 84 0 200 255 138 67 255 68
    194 255 168 0 0 0 255 53 78 3 118 165 43 180 58 255 187 7 172 0 165
    255 142 16 255 210 3 174 142 7 255 188 59 182 0 5 0 162 0 19 255 0
    187 97 0 186 138 0 12 0 167 255 143 188 227 0 56 98 0 97 0 255 51 0
    164 255 227 0 30 19 69 63 72 3 206 129 122 255 0 38 0 143 255 0 157
    181 47 204 38 28 255 178 91 255 170 0 255 0 201 243 150 181 227 213
    255 255 189 202 255 70 188 92 0 0 34 0 45 25 0 255 80 118 255 231
    176 230 95 81 12 0 47 133 255 135 189 0 255 232 255 100 107 183 255
    23 16 93 255 0 168 58 3 71 0 255 154 110 184 201 144 0 255 128 246
    223 226 194 0 0 0 92 0 5 180 150 235 255 255 255 0 193 110 0 255 202
    230 255 0 254 255 0 0 0 178 128 171 184 13 181 255 188 158 224 136
    65 0 191 0 0 255 199 255 151 147 255 255 148 164 0 0 217 74 49 56 57
    255 139 132 113 236 0 58 246 0 168 0 86 0 255 211 56 255 36 22 120
    174 22 34 0 219 226 225 186 255 156 255 102 0 39 252 86 100 32 255 0
    173 157 248 0 99 78 255 255 255 202 255 0 255 163 0 166 30 224 183
    214 232 255 0 255 77 255 0 38 63 255 255 127 76 88 255 35 255 38 162
    38 255 196 88 46 0 80 220 118 229 128 129 163 0 12 7 12 130 168 40
    30 0 116 136 0 155 0 244 61 0 0 255 123 57 154 235 255 194 209 0 183
    206 43 218 144 246 0 0 160 104 6 0 70 120 68 208 205 179 255 78 0
    255 58 0 165 0 161 255 28 255 38 167 234 250 230 144 219 231 0 72
    255 255 0 208 150 0 230 255 73 255 192 49 194 0 226 255 195 128 255
    255 218 132 255 249 193 0 83 128 255 225 255 194 255 0 98 60 255 255
    239 255 229 255 79 200 0 232 43 68 254 0 27 0 255 0 255 221 255 0
    255 0 62 113 97 177 182 26 0 255 166 20 186 255 255 196 144 245 255
    47 0 0 59 42 149 255 78 0 0 184 197 0 51 255 0 127 203 255 0 0 145
    88 0 192 255 231 41 249 236 0 180 255 146 138 88 255 205 0 201 48 23
    0 19 50 0 255 0 0 255 255 255 0 97 63 0 255 120 255 45 253 255 143
    255 255 10 255 24 1 0 0 0 121 0 251 0 140 255 185 59 255 47 159 255
    178 18 5 97 177 109 23 0 179 88 186 0 72 41 0 0 182 86 222 212 182
    174 193 132 55 0 0 179 231 115 90 0 169 255 15 238 126 150 116 0 0
    248 0 115 193 223 159 255 255 197 255 147 255 0 0 157 130 46 223 15
    82 192 227 0 58 163 0 96 80 201 255 101 210 37 0 255 230 139 174 0
    255 129 160 219 0 114 255 255 63 239 117 255 250 210 255 168 97 0
    107 0 12 124 222 255 255 0 168 227 100 176 225 255 150 140 158 53 0
    167 17 255 199 0 245 168 166 255 149 154 1 255 81 193 194 226 23 0
    255 0 255 220 139 131 255 93 0 38 228 50 202 0 171 119 0 101 186 206
    229 191 0 117 156 0 226 255 255 255 172 154 255 154 0 0 255 184 116
    0 248 255 194 143 26 201 0 132 135 255 79 43 37 0 97 114 80 255 56
    73 225 220 255 106 255 200 136 170 148 252 16 202 251 0 246 116 0 98
    77 178 251 243 255 71 53 21 174 238 0 0 43 144 108 0 255 147 22 0
    217 218 246 164 72 138 146 213 162 176 242 75 130 144 255 0 255 122
    255 120 101 255 255 255 224 57 0 149 143 218 186 255 27 3 237 102 48
    75 255 255 190 64 115 0 4 255 83 131 255 147 0 89 43 156 0 0 0 105
    43 81 11 156 255 172 221 206 92 255 185 6 239 121 100 255 196 67 40
    0 255 0 163 72 208 223 133 255 252 233 0 58 200 180 17 79 255 255
    226 255 0 120 20 255 63 17 255 170 181 136 254 0 0 44 36 255 0 194
    16 14 255 198 178 255 0 175 255 193 255 179 201 197 81 255 233 67
    230 215 36 61 13 0 0 0 0 81 0 134 235 77 147 0 84 19 239 70 199 255
    233 255 47 61 190 140 206 222 140 255 53 255 157 173 0 0 255 255 204
    255 255 0 55 101 14 255 31 186 150 255 177 115 248 134 186 0 61 255
    59 64 25 36 216 13 197 149 195 234 118 129 115 255 69 255 170 234
    138 255 68 64 176 209 69 0 0 31 24 255 0 159 197 244 63 193 235 94
    71 0 195 52 166 155 67 197 29 0 42 92 26 232 191 98 0 186 255 55 229
    155 255 0 0 255 216 253 145 255 35 255 237 0 88 136 62 255 216 25 0
    196 0 237 19 112 98 0 72 0 0 100 48 0 215 102 255 39 82 50 217 12
    156 168 73 192 130 88 33 149 0 35 190 208 115 220 129 96 139 255 17
    101 174 99 147 41 146 255 146 0 0 94 255 3 169 83 255 126 128 64 255
    255 131 84 217 242 255 0 0 114 230 175 255 196 183 255 50 11 251 189
    255 255 89 45 204 255 0 43 5 230 79 220 140 66 189 255 1 218 91 0 0
    255 0 174 119 203 214 106 137 70 255 0 255 93 0 255 23 0 0 56 255
    127 93 88 14 255 0 239 255 253 8 20 87 33 22 255 0 255 22 52 255 186
    98 253 244 255 255 131 48 131 0 0 167 0 0 0 66 0 18 148 255 0 118 95
    128 112 190 255 224 255 168 255 135 216 150 197 55 255 64 255 185 0
    177 216 60 0 102 177 255 163 142 177 0 177 212 44 9 127 52 158 210
    253 235 34 255 255 0 198 218 0 0 228 222 125 90 249 0 98 95 238 3 51
    255 12 25 218 215 255 255 121 209 255 42 0 207 119 203 255 78 241 99
    23 21 38 0 197 255 173 202 0 108 255 129 196 0 227 230 255 173 255
    255 255 255 255 108 208 112 64 161 199 255 140 42 105 0 0 35 40 109
    255 81 136 0 157 157 0 70 132 147 255 193 255 76 34 17 9 48 168 0 86
    216 23 255 255 0 52 69 193 174 16 245 255 236 0 128 155 91 121 150
    255 255 3 0 255 109 255 0 206 218 0 0 255 145 0 102 255 0 0 255 141
    157 0 150 70 99 61 64 244 0 252 0 255 0 25 105 185 35 221 104 0 255
    255 47 117 255 255 0 167 227 16 0 225 90 0 0 120 165 151 255 246 255
    240 32 0 64 84 63 0 89 61 188 56 0 102 41 190 148 0 228 221 9 255
    255 83 182 229 0 49 13 47 159 255 0 209 74 255 164 0 76 187 15 255
    255 182 255 87 173 255 108 255 21 201 255 206 178 108 27 107 229 0
    198 152 0 1 147 106 255 0 0 16 13 95 174 255 123 14 248 255 154 189
    93 93 20 41 44 255 59 244 0 139 76 72 255 217 79 162 0 0 73 15 218
    144 217 0 0 158 47 40 235 39 0 255 0 102 250 255 126 0 255 235 6 40
    0 255 0 255 239 255 170 80 191 0 0 0 190 255 255 155 127 189 30 227
    0 244 47 153 0 125 0 0 95 0 0 13 10 97 25 218 48 116 169 255 255 255
    255 209 93 149 145 216 0 255 62 100 15 109 255 0 202 255 145 28 66 0
    165 107 0 113 0 121 143 141 129 119 37 128 0 0 146 0 142 0 0 252 67
    88 144 0 183 0 255 0 0 47 246 44 203 0 125 0 0 180 200 66 240 42 191
    0 0 111 0 78 0 250 137 115 186 50 0 61 255 192 255 162 6 211 240 255
    227 0 255 255 62 255 170 183 22 0 64 0 255 85 204 84 140 114 0 189
    139 188 66 205 169 75 168 255 255 87 0 0 0 244 3 215 177 255 23 0
    119 255 96 2 255 240 14 99 208 255 0 224 255 255 255 0 255 230 0 0
    59 255 119 134 229 255 182 29 220 58 213 252 0 87 255 255 0 35 2 64
    16 147 96 43 126 193 91 96 216 46 255 223 147 10 255 17 250 255 182
    31 255 82 107 255 0 26 0 144 233 0 255 255 12 96 195 255 83 0 255 0
    53 174 7 104 30 106 120 255 202 58 255 0 158 0 255 0 255 0 252 255
    175 255 31 255 80 39 41 241 9 176 80 0 117 204 130 255 252 189 255
    25 0 160 254 52 0 255 55 0 3 0 139 78 0 203 255 71 0 23 255 147 255
    140 82 133 17 255 74 0 255 0 206 39 81 146 0 222 81 255 0 6 194 76
    255 192 255 219 255 147 220 255 224 41 0 181 49 26 0 177 41 77 0 109
    255 201 102 94 0 255 255 198 255 65 255 0 182 223 255 157 0 0 5 242
    227 255 0 69 186 0 10 0 0 255 59 47 8 118 0 48 101 255 255 86 118 0
    102 23 119 0 87 255 214 62 255 173 111 71 0 0 205 162 0 126 242 162
    210 255 105 34 39 19 213 255 6 255 198 0 255 255 9 255 255 44 0 169
    66 0 213 57 0 98 134 74 0 255 0 1 255 49 37 248 255 255 118 0 243 0
    191 181 5 0 112 254 0 114 98 255 158 243 59 20 137 64 110 0 255 255
    182 255 92 229 209 255 248 104 139 0 25 0 70 73 36 90 150 237 0 255
    227 255 255 255 209 198 54 12 117 255 240 70 125 218 255 109 239 53
    255 238 135 47 255 255 255 71 18 0 255 159 254 153 255 83 169 72 225
    0 255 0 26 192 18 255 15 103 103 22 154 216 160 255 183 222 255 170
    255 255 0 255 0 16 243 194 44 170 250 255 117 102 249 119 0 155 198
    208 65 153 227 255 255 18 0 163 182 0 150 5 123 79 42 47 4 134 68 0
    2 66 140 255 157 100 218 49 0 255 216 25 255 193 16 170 255 255 25
    220 0 255 161 0 162 255 234 0 193 250 36 193 57 0 250 183 220 133 51
    255 116 122 0 75 255 156 115 139 43 255 188 0 255 0 160 255 0 96 255
    255 40 196 113 255 0 211 240 0 51 103 154 201 72 17 115 0 118 54 103
    231 179 163 83 255 128 33 223 154 255 194 223 162 0 115 0 71 181 39
    255 0 58 114 0 121 35 0 79 144 22 89 212 255 59 134 255 117 255 214
    179 140 220 94 174 14 255 20 132 255 182 191 0 171 114 179 255 255
    151 0 3 0 31 8 218 47 155 72 195 193 0 187 143 158 255 255 208 193
    67 0 140 162 167 173 85 166 255 130 255 255 23 6 255 222 141 120 255
    0 1 0 224 115 46 0 119 235 27 59 253 0 0 0 121 0 0 255 255 145 1 255
    69 0 195 252 2 244 0 0 64 146 116 255 0 255 66 138 89 76 191 0 226
    255 229 154 30 239 94 0 255 159 191 0 255 61 0 11 244 255 143 133 0
    176 110 255 52 0 80 139 130 0 241 45 96 222 198 120 29 255 193 255
    255 0 51 255 13 0 99 250 195 111 255 255 0 207 155 132 115 136 135
    201 87 182 198 0 223 174 55 17 77 255 0 255 255 0 255 241 255 255
    129 255 126 231 41 193 0 255 255 244 255 139 0 0 73 254 76 190 0 255
    255 0 58 176 18 5 255 45 255 246 7 0 232 155 0 8 84 58 226 195 0 171
    0 0 0 255 181 197 137 99 148 104 249 136 255 76 22 125 251 181 52 81
    19 255 0 0 63 0 0 88 124 153 166 0 255 79 181 208 85 183 176 9 0 3 0
    255 71 255 0 158 0 0 127 132 255 0 255 183 0 49 122 84 203 103 255
    101 9 226 113 25 255 255 7 0 0 133 0 117 103 65 205 255 9 203 255 26
    65 0 255 98 127 135 0 0 136 184 0 224 209 0 89 39 46 137 222 0 224 0
    0 206 0 83 0 255 255 255 194 148 255 255 240 130 255 0 59 0 0 90 118
    0 140 0 0 29 41 227 255 0 101 48 255 157 255 106 216 178 216 210 0 0
    0 0 141 140 255 0 252 205 0 255 228 97 183 13 207 94 0 168 53 233
    255 0 118 18 255 212 171 89 117 78 189 173 50 0 0 45 255 0 0 81 0
    203 0 181 11 149 164 45 176 255 0 152 199 210 234 0 140 255 0 70 84
    255 0 10 94 209 0 33 255 178 255 222 0 255 255 76 202 251 0 127 237
    100 181 0 112 115 199 0 119 28 59 41 173 0 207 255 176 130 115 142 0
    33 228 25 0 158 53 27 0 193 38 14 232 208 85 162 0 165 131 55 0 147
    178 60 255 255 200 255 252 20 135 71 69 255 0 59 255 204 0 120 0 2
    255 39 255 190 255 199 255 163 208 0 0 87 252 222 44 255 255 183 255
    10 87 255 0 45 98 149 0 0 63 175 203 157 199 255 120 207 255 87 171
    202 255 247 195 205 136 255 0 0 174 29 30 78 246 135 0 133 95 237 40
    0 13 255 123 56 236 255 92 0 83 154 255 0 58 122 255 228 20 140 15
    163 179 42 0 91 0 231 255 23 0 64 32 75 117 201 255 8 0 147 255 0
    241 0 255 48 0 194 76 142 14 75 86 233 8 0 255 33 0 255 0 255 97 255
    176 108 151 240 255 0 0 86 211 0 0 40 64 61 108 0 0 150 255 38 255
    154 81 199 0 53 18 61 144 152 0 234 56 255 255 255 255 0 161 0 59
    255 170 251 173 142 135 242 255 0 255 216 248 255 40 175 0 28 81 242
    255 140 148 0 122 31 129 231 0 130 255 180 255 205 255 123 3 0 235
    94 52 20 0 255 23 79 128 0 191 162 115 37 97 123 107 99 255 73 0 219
    0 225 255 0 180 255 200 0 255 255 140 34 0 60 111 16 119 0 248 255 0
    185 253 232 78 41 0 131 0 0 255 0 255 77 0 238 0 33 0 0 254 216 36
    16 173 16 166 255 203 100 98 255 202 107 255 0 0 0 132 18 255 11 255
    0 88 0 0 48 233 111 171 0 255 102 30 255 234 168 208 5 255 100 255
    100 28 22 0 119 126 76 255 200 40 255 12 254 0 255 247 231 234 255
    255 50 171 136 62 69 162 0 122 19 0 145 255 148 96 255 55 255 208 44
    92 0 255 255 0 55 255 255 88 111 140 128 212 255 109 249 255 255 23
    0 83 0 0 158 233 224 218 255 32 0 186 222 68 0 239 52 255 255 218 22
    147 0 27 133 0 218 156 34 14 126 2 0 0 89 33 0 216 255 254 255 0 145
    255 64 110 171 34 251 60 146 226 134 245 141 32 255 102 196 255 144
    38 121 5 0 255 130 106 255 177 29 255 184 0 70 255 169 139 44 92 36
    0 197 255 0 255 0 255 187 255 255 194 190 197 54 150 255 0 138 26 7
    209 97 255 153 151 255 201 0 0 210 0 103 188 133 56 221 255 255 243
    114 94 76 138 0 255 255 255 153 255 0 161 27 191 0 0 254 125 172 255
    191 13 185 41 149 49 255 67 27 233 92 0 48 51 255 255 255 16 164 0
    180 60 183 81 58 0 94 173 218 255 0 161 224 255 93 128 0 0 186 0 36
    0 130 249 117 0 225 167 0 68 0 148 225 62 161 110 255 198 227 255 0
    0 65 237 255 255 26 179 32 255 41 35 39 83 0 33 255 255 255 246 67
    126 74 31 255 0 0 255 245 255 255 16 181 139 255 226 57 10 77 141
    222 168 255 0 255 168 0 0 255 255 26 62 205 255 255 74 22 69 81 0 84
    16 166 205 255 96 72 21 0 225 255 209 178 247 0 253 146 255 115 0
    255 255 255 0 0 70 0 0 166 18 255 255 0 69 71 255 255 135 255 136 0
    0 151 0 35 98 255 215 146 73 217 211 0 255 111 249 214 103 243 0 255
    0 0 93 0 238 59 44 139 124 225 226 169 210 17 54 255 255 0 122 182
    48 203 0 255 0 90 255 114 55 123 80 255 255 7 136 100 213 77 255 65
    0 209 255 255 78 78 162 0 255 255 240 127 70 255 114 181 90 226 100
    149 255 150 243 179 149 248 0 231 27 53 255 35 255 16 0 252 0 205 0
    255 19 0 176 142 255 175 33 127 255 251 255 255 165 152 255 240 218
    186 0 160 123 229 0 11 254 136 0 166 101 250 250 0 255 234 233 145
    85 174 218 229 255 255 184 171 158 131 31 255 148 0 255 60 17 251
    255 248 67 124 116 122 66 93 0 255 251 163 241 29 0 178 4 0 112 74 0
    199 234 0 163 0 100 75 70 171 255 0 0 255 255 0 164 154 186 81 37
    255 0 104 136 46 202 99 255 0 0 141 255 0 0 0 79 65 255 135 102 255
    164 65 117 241 179 27 255 255 32 255 33 240 0 91 173 185 0 15 255
    112 143 20 39 48 0 255 0 28 205 56 89 255 134 200 159 196 255 26 255
    255 34 124 114 57 0 255 6 0 255 21 226 0 163 255 60 68 154 0 197 255
    0 0 240 190 217 102 7 246 245 194 228 109 140 56 212 186 212 0 22 88
    53 255 26 229 0 48 209 0 64 0 21 104 0 3 0 75 209 54 255 255 0 170
    164 255 232 0 255 0 46 31 0 121 255 132 7 199 224 133 178 98 255 100
    0 94 206 179 141 255 0 255 255 125 81 0 178 7 0 97 95 0 90 202 255
    239 82 0 24 0 40 229 210 255 135 144 255 209 0 213 58 255 58 201 127
    173 255 225 47 0 152 142 18 133 24 0 0 28 255 255 0 50 255 246 255
    242 236 22 255 255 117 98 144 114 48 248 41 0 0 0 255 255 255 223
    223 210 45 239 198 70 255 255 78 218 127 196 0 116 240 200 108 0 228
    189 176 192 255 208 255 255 210 10 80 62 150 116 202 165 120 255 255
    255 0 255 34 237 255 128 57 0 48 68 197 0 255 76 82 0 171 201 0 240
    212 91 255 95 18 69 110 255 0 47 11 255 255 27 119 255 58 100 44 175
    109 160 239 0 0 0 0 88 115 62 207 232 0 0 210 0 0 194 101 143 149
    104 0 0 78 95 255 177 70 255 0 234 92 70 174 61 41 143 100 0 59 79
    44 218 191 255 255 0 0 50 255 255 255 0 207 103 160 0 168 255 0 255
    0 65 255 77 227 212 126 105 22 146 255 69 231 22 0 69 255 168 255 0
    231 214 255 244 45 7 255 132 0 129 77 0 0 0 255 255 138 125 74 0 118
    0 255 250 227 255 158 148 0 107 231 255 143 255 115 112 253 255 98
    82 135 89 77 16 0 133 172 224 179 0 255 155 100 231 29 48 206 255
    148 158 134 45 87 255 164 35 249 50 179 218 255 90 255 178 0 100 255
    122 146 0 140 164 66 127 255 60 255 240 0 0 0 207 163 205 255 198 83
    229 255 255 99 213 0 69 207 255 255 64 0 0 20 138 21 255 255 50 70
    255 255 255 0 255 32 229 129 0 255 242 0 255 169 255 0 165 215 116
    69 0 255 218 255 255 0 65 255 187 0 255 255 0 0 142 96 227 0 255 0
    188 17 0 238 255 0 0 255 201 0 49 191 157 0 255 74 15 32 0 255 5 0 0
    255 159 0 244 136 255 105 106 59 0 177 255 71 178 16 146 0 226 255
    255 59 133 0 40 228 0 119 75 158 152 53 78 186 172 179 69 45 110 0 0
    255 219 129 0 144 255 255 255 154 193 141 0 72 77 96 55 210 21 243 0
    0 255 0 255 39 255 57 91 255 255 43 251 193 227 33 255 202 94 0 214
    26 165 2 0 255 255 142 132 12 0 214 146 202 29 0 255 0 255 255 243
    255 0 216 88 107 0 27 255 255 123 42 32 9 20 0 255 0 179 183 146 122
    0 41 138 148 1 242 143 71 212 140 21 111 225 0 227 132 135 0 182 255
    190 255 197 255 63 0 255 217 131 0 244 35 158 154 80 0 148 167 117
    255 228 89 254 118 153 0 155 253 153 255 0 113 178 189 74 203 205
    251 0 145 151 68 70 0 0 163 207 0 203 123 11 0 29 230 127 255 255
    255 255 255 0 66 196 121 179 219 153 135 181 0 191 214 238 78 103
    255 0 52 255 255 120 165 0 255 181 162 155 246 255 255 255 140 0 0
    202 255 190 255 87 27 109 255 45 86 132 255 211 153 74 184 190 0 193
    67 171 130 255 255 223 255 255 221 255 124 226 215 178 0 216 0 68
    102 3 0 116 255 46 94 0 238 13 24 71 114 74 0 102 255 255 255 69 0 0
    0 0 199 68 179 0 255 217 59 0 0 255 219 116 79 120 17 104 141 2 0 23
    0 255 255 255 230 255 225 71 54 192 18 0 0 135 0 255 0 58 255 255 89
    245 196 219 21 0 255 0 37 255 204 0 0 21 255 144 0 184 71 0 180 255
    29 205 204 133 10 235 255 39 31 224 255 247 255 255 255 255 255 141
    0 0 0 0 0 43 0 75 205 12 0 121 255 0 51 255 14 255 205 188 48 192 46
    128 234 0 235 102 170 125 9 60 34 0 0 2 158 0 255 78 201 44 0 112 10
    184 255 44 0 5 0 255 42 163 64 34 165 255 38 126 111 255 0 255 0 0 0
    0 0 123 214 0 98 255 253 255 255 0 1 223 129 145 0 162 243 166 86
    255 255 20 0 0 157 0 73 0 64 96 0 134 192 0 0 186 169 0 100 31 0 0
    135 107 31 0 2 71 255 255 115 42 255 0 0 64 0 255 35 255 134 57 149
    37 255 0 0 164 255 255 120 255 255 190 133 181 152 109 76 72 122 255
    215 29 94 129 0 151 125 255 0 255 4 255 0 21 255 255 67 229 20 15
    177 3 220 0 255 255 0 70 189 159 255 60 168 245 23 0 198 86 0 129
    255 41 203 63 92 62 172 15 211 87 248 50 20 109 87 0 0 120 0 145 0 0
    156 0 0 255 238 9 240 184 122 0 28 0 118 0 83 0 255 102 25 6 32 255
    44 211 179 4 200 36 35 235 166 28 210 101 0 0 172 0 255 0 227 213 0
    0 255 185 88 0 255 199 227 218 0 23 78 255 59 0 193 0 11 255 0 255
    255 255 0 152 0 0 0 255 27 255 147 109 217 233 0 167 151 100 233 204
    255 23 157 204 234 0 0 46 132 153 67 214 50 117 186 0 0 93 0 255 50
    166 255 0 0 243 141 0 199 255 166 255 128 255 0 121 153 255 0 255
    244 255 81 87 86 255 39 189 149 219 236 200 255 120 255 0 204 255
    166 174 72 39 216 0 206 0 0 255 255 47 255 255 219 20 47 0 0 135 0 7
    213 246 0 63 134 31 226 120 253 232 137 158 103 0 125 111 0 190 125
    0 241 174 106 62 135 244 62 205 53 215 219 169 255 114 36 255 82 174
    8 154 147 255 115 0 0 0 0 140 169 255 0 67 0 113 75 78 0 194 255 0
    255 135 229 255 221 37 0 0 244 171 255 14 164 179 224 184 141 0 251
    0 141 208 69 108 63 236 117 0 19 154 21 106 255 82 151 118 69 255 66
    36 0 233 42 126 244 96 0 0 0 78 255 160 232 193 208 109 128 106 255
    223 190 57 62 135 12 154 255 191 40 0 0 255 105 0 255 0 0 160 220
    138 115 255 244 130 89 165 54 120 0 20 255 123 227 255 97 143 143 0
    195 0 172 240 180 255 40 68 178 0 255 133 62 0 244 6 94 0 165 0 85
    161 110 83 7 0 254 130 75 0 253 0 0 177 97 240 255 255 0 80 10 255
    167 90 156 188 255 0 33 84 0 0 0 0 0 236 75 117 255 22 125 207 255
    255 251 114 255 86 0 255 220 204 142 23 231 255 246 37 255 0 94 255
    255 0 3 50 0 156 86 36 52 135 0 91 9 255 154 91 17 0 95 237 16 0 255
    197 140 255 207 162 6 136 148 0 255 6 255 0 71 221 253 85 255 255
    255 255 82 12 0 234 255 0 86 133 249 150 55 188 27 128 0 127 255 0
    10 255 255 138 107 0 85 231 25 214 163 38 170 255 255 99 191 167 115
    0 255 255 35 224 84 255 227 41 0 241 213 110 0 255 149 195 255 255
    255 50 248 0 165 255 255 0 0 255 141 0 122 37 189 255 255 180 63 103
    0 255 0 0 97 168 200 138 159 164 238 69 8 0 133 185 0 72 194 43 44
    254 126 247 210 0 255 228 16 97 16 0 233 98 0 119 118 0 225 255 0 0
    43 255 220 186 255 176 255 255 255 0 120 216 250 167 220 37 105 53 0
    0 246 178 0 185 244 31 138 255 255 61 255 0 0 57 200 213 12 0 49 255
    111 232 128 224 87 234 255 0 219 86 0 117 0 93 35 0 255 199 127 255
    82 207 0 252 62 193 255 0 173 232 199 28 186 230 54 255 30 255 245
    134 190 0 113 0 167 106 255 155 7 70 255 81 5 169 97 0 255 255 83
    128 164 224 192 218 255 255 185 108 114 0 255 0 76 116 67 255 4 255
    76 255 0 255 21 127 105 2 255 255 36 219 93 146 0 80 38 255 97 216 0
    64 144 0 134 0 72 22 90 255 0 0 62 159 37 118 10 123 117 102 234 222
    0 192 8 116 0 80 0 0 143 80 227 0 155 144 255 220 0 255 138 0 0 161
    0 0 57 70 82 255 0 240 137 84 0 0 44 58 49 77 129 93 51 255 0 112 39
    161 0 88 0 254 255 51 207 155 255 0 173 50 0 255 0 255 144 255 0 39
    172 16 204 124 187 120 217 0 0 137 255 186 255 0 195 14 255 165 228
    214 22 0 207 0 255 255 133 150 133 0 254 0 255 174 27 174 0 255 55
    255 0 243 0 0 0 116 255 95 0 73 255 104 211 255 226 217 82 171 95 1
    255 98 0 93 3 232 78 255 201 169 255 0 97 118 0 255 39 85 129 60 255
    195 17 255 121 0 153 255 125 67 246 192 60 255 151 0 63 143 76 118
    255 255 0 255 220 0 0 235 92 0 85 171 255 0 77 138 137 0 94 9 255
    236 163 227 255 0 70 255 0 232 255 2 0 255 251 0 174 0 201 255 125 5
    35 158 0 255 41 255 255 47 27 249 2 0 255 0 255 63 32 255 189 0 255
    209 217 109 67 43 40 67 76 92 224 251 255 255 229 161 0 158 219 255
    1 0 16 151 15 119 255 255 44 208 45 121 255 98 0 0 232 186 0 24 57
    89 0 0 63 0 189 0 122 255 143 162 0 31 255 255 255 82 255 0 0 0 255
    255 142 153 103 255 150 0 71 184 0 77 0 193 0 145 61 43 129 49 34 0
    255 12 135 233 103 1 0 238 221 205 154 235 199 0 255 0 255 255 0 240
    0 201 0 176 240 158 212 3 0 255 255 85 255 85 35 252 255 0 47 127 64
    59 255 53 22 0 183 118 0 105 255 255 93 0 41 67 21 0 192 28 226 9
    134 252 0 244 168 255 255 255 255 35 240 146 255 81 5 145 1 104 111
    82 255 13 48 84 0 0 237 168 11 214 255 116 0 165 95 136 0 146 255
    213 170 0 145 197 0 255 74 138 50 141 74 31 71 165 3 0 44 0 41 255
    134 30 224 174 184 225 60 0 255 236 113 45 32 255 4 127 255 42 50 96
    0 138 92 102 255 255 149 255 254 138 34 184 255 171 124 75 184 254 0
    116 255 174 143 147 82 56 208 0 83 215 206 0 63 11 78 255 255 153
    169 255 244 179 72 255 213 255 141 185 255 58 0 0 75 0 255 0 0 255
    186 0 255 252 255 104 255 37 60 255 82 0 0 16 0 109 104 128 0 0 219
    255 191 207 255 255 0 91 0 104 0 85 55 255 189 127 86 85 255 185 109
    149 145 255 255 0 28 150 32 37 64 120 106 109 255 0 202 108 0 10 0
    113 0 255 255 0 0 0 255 255 134 182 67 0 120 255 0 255 131 207 120 0
    191 102 0 0 255 29 255 140 255 66 0 255 0 132 110 255 255 68 255 224
    255 168 40 0 150 10 129 0 27 75 245 26 184 0 122 255 22 181 133 212
    60 255 211 0 234 255 239 255 84 255 255 56 0 150 215 255 0 184 106 0
    186 56 0 208 60 46 255 210 167 6 58 255 255 241 142 55 0 0 0 174 24
    253 255 255 27 160 255 30 0 0 171 252 13 255 255 0 0 184 95 71 237
    255 183 0 0 18 0 10 255 5 120 9 127 68 76 115 162 255 151 255 71 0
    255 242 255 126 227 0 0 195 36 65 0 210 45 25 67 0 255 10 198 255
    113 255 38 171 23 220 173 0 0 233 146 255 102 255 246 255 108 0 0
    188 238 218 70 84 50 163 224 44 165 91 184 0 255 255 255 102 62 255
    255 0 160 150 1 255 226 46 153 233 0 114 16 121 0 168 198 91 0 247
    87 123 60 255 0 241 166 0 255 0 255 255 0 255 232 91 159 234 255 167
    221 219 44 163 255 229 255 93 139 229 78 108 10 0 171 17 0 176 103
    232 146 255 144 0 255 125 79 233 164 79 255 18 27 2 192 106 72 0 143
    255 192 0 0 0 0 243 228 0 0 255 220 69 190 252 84 177 255 255 231
    218 13 253 6 0 255 41 27 255 79 0 0 0 0 0 42 255 143 9 209 210 154
    57 255 0 107 29 249 155 255 108 29 158 251 117 0 229 32 0 255 255
    190 0 255 42 255 255 74 70 199 223 3 255 0 139 203 124 185 39 255
    172 16 132 0 0 255 229 0 0 228 0 0 4 255 255 0 255 66 0 190 0 194
    255 255 255 62 199 0 43 46 0 196 0 198 187 255 114 118 230 49 64 248
    30 241 248 122 17 0 255 39 211 77 241 255 145 221 150 74 205 50 27
    103 253 47 9 130 255 41 211 0 127 255 0 193 0 255 182 0 255 62 0 0
    113 133 12 185 255 255 0 116 167 0 255 0 107 249 89 136 255 255 98 0
    114 255 255 0 42 232 39 255 93 93 255 255 0 49 217 81 74 206 0 255
    192 222 81 113 255 25 195 235 0 51 100 255 0 145 149 255 147 78 176
    206 0 223 184 255 255 144 241 156 137 14 195 0 255 187 35 56 14 255
    171 187 230 5 255 0 255 69 0 97 105 167 191 8 157 233 255 120 255 64
    243 211 223 60 127 0 255 0 255 243 160 77 177 228 185 173 196 50 175
    167 158 100 28 2 147 244 255 255 69 143 112 112 30 255 243 255 255
    255 255 255 255 135 78 0 0 40 20 198 0 101 75 255 103 41 108 230 132
    255 185 100 175 21 14 162 233 0 255 232 255 8 173 139 0 0 218 74 30
    35 31 26 141 188 0 62 86 122 0 201 0 46 255 82 49 29 92 222 186 133
    255 0 151 255 0 74 14 183 85 90 69 255 159 0 48 204 0 7 12 162 85
    250 136 35 115 255 70 0 149 171 164 136 9 177 0 232 119 188 0 255 38
    255 79 49 56 231 248 0 159 177 85 201 255 0 189 0 0 232 196 138 176
    205 166 255 255 105 53 237 13 0 86 94 147 214 124 255 255 22 232 30
    159 255 132 0 255 0 221 14 215 0 0 160 139 0 219 64 66 27 246 255 94
    40 87 16 0 255 182 75 206 31 19 9 250 254 0 137 201 15 96 0 42 96 84
    255 255 142 0 136 0 74 125 128 0 255 0 207 0 221 73 13 59 86 115 255
    0 115 53 0 0 111 54 248 30 130 65 63 0 194 95 255 196 219 255 20 154
    58 49 178 212 255 8 254 148 0 48 0 4 200 233 255 71 120 0 0 57 255
    145 147 138 252 255 0 123 0 195 46 255 255 255 86 184 0 0 0 164 255
    120 25 0 255 106 47 31 48 255 0 255 0 195 69 0 0 255 119 0 255 135
    76 225 55 0 0 255 255 97 212 255 114 153 171 64 255 41 0 255 219 189
    0 9 255 245 255 61 255 55 0 255 218 0 0 55 108 117 0 255 77 58 214
    255 87 0 0 201 165 60 255 136 87 0 0 208 237 0 237 76 102 255 181
    244 255 255 179 137 255 95 70 0 0 142 141 24 0 0 0 255 185 51 0 123
    69 255 0 193 255 6 73 164 0 146 255 170 144 216 255 204 255 255 86
    81 61 94 133 119 255 255 21 63 0 254 0 255 0 111 255 255 0 0 153 255
    0 0 0 210 255 131 180 255 233 163 194 255 169 255 30 202 28 255 190
    212 34 164 177 25 179 63 5 1 223 208 0 140 253 39 0 255 40 172 45 0
    253 100 13 171 119 161 255 255 241 232 242 0 255 90 190 13 0 255 162
    25 255 0 255 0 238 251 0 132 255 74 0 255 156 255 0 212 255 59 0 0
    167 0 255 255 0 235 208 255 42 255 0 0 6 72 182 26 255 77 246 184 11
    34 0 0 169 191 127 107 38 167 255 22 189 255 0 0 11 0 1 68 22 0 139
    126 95 176 151 201 77 176 255 174 132 226 0 0 0 136 239 218 255 45
    255 186 235 97 0 93 1 168 0 17 255 255 236 133 78 252 0 46 95 120 0
    0 165 255 0 89 121 222 255 207 44 96 255 56 163 42 212 112 255 103 0
    255 255 0 0 160 255 241 255 255 154 167 25 255 0 63 1 0 108 255 0 0
    134 97 38 109 122 247 7 251 149 202 127 175 205 86 61 242 83 0 255
    39 195 0 255 255 49 85 2 63 83 89 40 240 159 234 255 73 255 211 255
    213 213 145 67 129 0 41 255 246 255 161 56 199 0 207 111 183 104 0
    52 0 0 142 252 111 128 11 67 4 54 0 188 0 8 47 255 79 201 0 255 255
    249 247 21 214 153 41 16 153 61 190 88 25 255 214 26 199 239 237 105
    159 0 20 0 0 16 236 255 255 163 255 172 59 40 255 255 233 35 193 2
    234 240 255 241 58 131 243 0 99 0 243 0 93 255 255 24 6 152 255 0
    197 252 137 155 253 102 193 255 217 255 10 13 255 56 194 196 53 187
    0 35 38 60 19 42 177 255 0 255 152 255 143 0 27 60 2 235 123 147 255
    255 0 0 255 0 213 128 92 247 254 138 53 255 0 4 96 48 144 0 5 244
    211 109 0 60 122 53 122 221 34 255 0 255 33 231 146 255 82 103 35 0
    0 170 198 255 176 112 255 250 98 40 255 255 98 0 215 0 195 0 0 0 21
    19 193 156 255 82 215 135 213 126 231 255 60 119 29 106 255 198 255
    255 255 255 224 255 118 0 103 219 0 0 172 0 244 0 0 0 0 255 223 0
    208 0 244 67 175 255 0 72 2 126 137 191 209 163 220 226 255 238 32
    255 0 14 71 0 33 56 255 69 186 0 214 43 111 151 214 255 116 80 255
    255 0 161 233 30 183 30 41 0 255 255 95 114 140 130 255 199 9 145 0
    255 255 35 120 255 159 210 255 67 95 202 174 206 0 84 167 0 0 236
    255 255 6 0 105 183 249 255 255 74 181 255 0 226 39 255 255 96 240
    255 0 255 68 252 255 64 166 18 255 255 0 127 28 140 0 18 143 171 208
    80 0 241 28 255 119 255 122 129 86 117 0 0 166 255 24 255 51 255 247
    64 0 7 240 255 249 47 136 220 198 239 0 255 255 36 35 255 125 0 203
    55 255 52 52 237 0 229 0 255 9 25 104 184 255 122 0 47 79 0 234 69
    128 103 240 167 211 133 0 166 120 133 37 146 0 140 246 107 0 212 255
    31 116 220 192 0 228 248 0 178 231 0 89 0 76 5 201 195 56 0 164 0
    195 0 255 133 124 213 119 202 171 242 0 38 0 110 0 127 0 109 242 150
    109 255 255 185 255 216 218 177 124 0 40 227 205 0 58 255 0 46 86
    167 255 188 255 103 190 255 64 188 115 61 56 0 250 193 236 1 255 255
    255 135 255 12 252 126 60 255 34 66 39 95 255 203 18 144 103 59 120
    203 255 0 255 255 77 32 182 25 157 193 176 255 138 255 255 195 174
    226 34 233 255 0 166 0 253 54 156 255 76 148 10 0 75 0 0 68 0 0 0 14
    0 90 211 1 124 219 106 225 255 134 201 160 255 255 79 16 125 186 242
    171 167 78 69 138 178 0 0 10 221 127 0 137 255 238 62 255 179 203 4
    255 255 0 255 255 255 255 103 250 0 44 255 28 144 161 176 194 6 35
    55 205 0 116 255 0 183 33 39 0 123 255 230 80 253 113 255 91 47 255
    245 58 255 88 193 11 78 0 238 0 50 97 0 42 0 116 69 55 255 255 61 53
    17 213 255 38 54 0 0 167 187 178 74 0 133 74 210 70 41 0 255 255 0
    255 0 241 118 0 60 208 0 253 72 245 133 255 155 169 84 181 255 175 4
    5 0 62 246 212 255 255 0 107 176 23 224 255 255 0 0 8 67 101 22 185
    255 62 10 118 252 22 0 220 255 255 251 246 255 255 87 255 128 20 66
    125 80 62 24 255 109 223 182 0 212 214 165 134 196 91 105 0 169 58
    102 0 40 50 0 235 185 0 190 255 97 179 167 255 255 255 87 56 8 125
    223 18 112 0 0 0 182 65 43 123 213 201 255 174 129 81 29 255 162 0
    39 229 0 0 177 255 67 0 0 113 255 106 67 255 68 150 146 97 0 255 199
    57 109 205 202 159 161 206 194 0 47 255 79 255 103 84 0 147 255 56 0
    199 255 167 138 255 159 233 198 0 0 206 255 199 255 255 136 107 253
    230 116 107 255 235 211 108 108 4 0 214 114 0 0 107 107 248 255 38
    51 218 255 124 255 81 153 194 0 255 0 255 255 255 101 48 255 209 161
    255 0 52 164 239 172 58 62 106 165 9 251 95 76 0 255 255 190 255 183
    4 0 82 236 8 12 168 13 255 0 219 0 136 44 47 120 0 235 186 90 17 0
    105 255 121 0 255 255 93 14 255 255 50 53 255 166 42 164 163 115 195
    26 71 92 255 185 16 0 32 151 131 138 72 255 98 0 231 223 105 209 75
    0 206 41 198 0 0 255 40 30 255 0 226 94 225 232 0 10 197 166 155 0
    158 0 82 0 80 255 255 255 192 255 255 8 255 164 20 255 0 176 255 49
    187 63 214 255 0 0 247 191 226 23 0 85 255 0 0 179 6 236 19 0 255
    150 255 255 214 48 255 78 118 70 0 34 178 86 255 35 255 255 234 95
    63 255 167 214 89 104 35 250 4 92 7 165 103 71 207 112 0 105 34 255
    246 0 239 255 0 246 0 223 238 0 0 0 255 164 255 0 0 255 93 26 0 0 97
    21 0 0 255 255 255 96 255 89 211 120 255 104 221 31 0 171 68 78 13
    189 165 0 193 0 119 242 211 150 156 112 196 228 43 255 129 0 158 69
    12 45 249 68 231 54 127 155 139 32 46 92 255 231 185 0 255 149 255
    32 67 211 144 152 70 148 0 255 0 255 215 238 237 14 0 0 246 255 40
    186 41 0 165 191 10 0 233 49 255 220 255 79 255 36 255 255 0 12 0 0
    247 255 181 255 255 255 180 2 178 0 27 255 221 22 224 158 102 55 214
    89 147 223 176 90 154 40 50 145 255 0 255 0 80 188 0 249 64 0 0 244
    221 0 15 255 26 202 255 255 0 0 71 255 18 172 117 80 86 132 1 170
    152 255 174 1 92 0 118 255 255 255 255 146 255 17 231 0 0 36 0 255
    180 13 0 191 145 12 220 84 255 0 55 0 0 227 0 0 255 154 0 244 255 0
    0 0 180 255 60 177 0 74 59 0 129 0 0 192 0 0 205 255 255 159 71 255
    104 111 88 255 31 255 255 255 0 255 255 237 59 157 109 184 255 255
    255 210 5 32 43 9 255 0 255 9 148 196 254 152 0 0 53 0 0 121 34 255
    66 255 210 59 105 91 29 255 255 80 255 152 211 116 255 68 255 36 96
    198 91 146 209 255 214 57 255 255 93 221 17 255 39 0 235 255 169 255
    159 136 97 144 198 26 200 255 226 90 71 238 11 0 0 60 0 228 92 0 19
    255 10 85 113 33 166 124 159 141 237 228 194 0 255 42 0 76 67 255
    195 255 110 114 79 107 126 0 211 3 52 237 255 122 0 65 0 0 255 241
    162 0 255 66 186 0 255 137 158 57 183 100 168 255 249 227 20 202 0 1
    0 0 27 255 0 76 255 231 252 151 77 62 98 255 0 255 81 255 0 255 0 44
    85 160 0 163 76 197 111 74 255 230 0 103 0 120 201 35 189 248 2 119
    0 255 85 100 255 255 198 123 255 19 158 255 255 221 53 7 113 0 174
    150 255 255 83 36 255 81 203 255 245 70 255 66 153 255 255 249 182 0
    172 16 156 255 0 19 255 0 106 255 0 62 0 1 32 164 11 0 0 255 255 189
    255 71 4 236 255 169 0 86 0 162 140 239 0 12 255 58 175 0 255 51 255
    111 138 255 255 103 147 19 236 174 10 255 0 136 140 255 204 53 126
    242 37 150 88 249 0 0 130 42 0 192 93 135 12 94 206 147 255 143 0 0
    148 0 187 139 83 254 0 99 47 0 234 0 94 0 97 77 254 98 198 64 91 255
    163 255 255 114 255 172 0 0 239 124 57 81 36 217 17 49 59 255 147
    255 248 0 255 255 120 140 55 119 0 95 255 98 22 255 0 227 2 173 206
    43 0 222 255 0 44 46 213 68 148 0 100 38 0 63 255 107 0 255 94 36
    255 131 255 132 70 170 164 130 184 0 255 0 243 45 48 11 255 214 255
    236 255 233 23 0 104 0 0 164 55 255 70 228 222 0 255 59 0 255 255 0
    211 153 184 237 0 103 103 10 11 255 255 149 255 255 236 0 228 255 0
    11 228 96 165 56 71 44 114 255 0 255 192 180 0 27 254 255 241 143
    243 185 0 71 255 48 11 84 205 0 34 0 49 129 255 255 37 141 0 65 121
    64 224 255 198 252 255 53 131 194 100 20 255 255 125 0 133 251 0 255
    103 135 2 0 193 218 20 236 86 201 241 235 61 1 30 255 14 255 185 142
    113 31 119 255 32 255 247 0 168 0 220 255 215 169 255 115 88 27 53
    249 232 0 47 0 0 128 214 191 205 255 223 226 0 0 225 255 0 69 11 108
    255 255 87 255 28 58 255 254 26 246 29 199 213 38 55 39 219 9 255
    189 5 0 2 249 255 0 0 117 7 19 255 20 255 230 14 151 130 13 91 171
    212 206 207 204 40 68 97 82 255 0 255 255 255 148 75 92 2 255 0 202
    79 66 0 233 114 157 112 255 189 206 0 0 0 66 165 4 255 221 219 0 168
    191 246 255 127 0 145 0 189 192 213 255 78 0 0 230 93 148 3 255 240
    43 161 32 195 94 0 0 255 194 12 245 196 36 0 0 85 255 255 0 211 81
    255 0 255 255 66 149 255 125 255 0 95 108 255 110 255 54 255 255 0 0
    255 255 0 201 255 206 0 94 221 0 255 89 255 15 0 163 93 255 27 255
    212 227 97 223 252 44 213 99 82 167 175 0 255 255 40 0 44 255 247
    255 236 255 255 255 255 255 174 207 0 29 204 255 255 255 0 255 75 4
    88 65 188 156 158 0 161 82 65 18 0 212 180 0 255 226 255 23 0 139 0
    255 192 0 153 252 0 166 145 84 255 0 127 137 0 42 78 163 0 115 0 41
    112 165 0 187 194 236 133 45 70 255 255 0 237 44 1 0 240 41 0 0 255
    203 251 24 0 110 197 0 237 165 32 255 240 227 109 157 148 26 130 111
    6 120 162 169 247 93 198 0 255 199 255 147 54 131 0 249 255 82 179
    54 212 255 0 226 0 57 0 255 216 42 134 0 9 0 0 236 138 255 107 19
    255 204 255 103 191 255 165 23 0 219 0 89 140 255 175 34 2 175 255
    54 37 0 255 50 133 239 125 255 202 172 123 39 187 48 25 255 15 156
    19 255 139 255 0 190 255 0 255 145 0 0 82 0 0 3 91 146 222 255 234
    18 135 60 255 170 255 0 201 255 111 61 240 14 255 20 143 0 205 0 91
    162 0 0 0 0 25 0 185 255 255 131 115 231 255 255 175 205 231 255 253
    255 0 72 255 164 0 2 0 208 222 255 0 142 18 0 96 7 0 181 192 255 102
    0 107 82 255 225 115 233 0 122 156 144 0 250 173 193 255 4 40 10 0 0
    90 220 255 85 255 0 180 97 161 242 0 255 27 104 255 0 45 0 26 0 255
    146 58 255 34 252 255 93 61 255 3 21 204 0 0 100 71 36 24 78 124 231
    253 132 255 0 255 0 49 255 198 255 207 199 172 163 228 255 133 127
    255 0 0 230 0 210 255 166 255 6 0 0 219 114 167 0 255 7 111 0 215 52
    9 0 10 168 90 115 98 219 255 249 97 255 255 159 255 0 235 255 23 255
    0 192 124 0 57 255 228 240 78 28 0 174 31 108 230 179 255 114 89 179
    0 0 122 131 255 255 23 193 255 5 49 0 171 111 116 255 217 185 73 200
    209 0 234 231 236 0 187 142 78 132 0 109 0 236 255 224 232 0 132 229
    255 255 20 128 182 153 0 35 242 0 231 224 57 0 34 94 77 192 85 147
    172 0 41 255 141 132 61 206 158 255 142 255 255 0 0 255 24 255 193
    255 100 0 139 127 189 158 0 255 173 255 119 239 0 195 255 24 255 255
    140 112 56 0 0 181 85 45 79 0 255 0 111 177 225 254 0 255 122 5 231
    255 224 255 104 0 36 191 0 227 255 0 255 47 147 93 255 0 255 255 255
    169 255 48 216 78 250 238 247 98 124 62 156 255 137 0 255 0 255 0 0
    221 255 135 209 0 169 255 109 132 1 220 206 253 255 255 119 82 0 255
    244 47 189 0 169 197 0 62 87 58 255 191 249 41 215 0 82 0 153 0 0
    255 95 183 255 255 190 0 144 231 52 255 0 255 0 233 255 97 255 239
    250 215 24 14 255 0 0 58 0 174 163 0 0 255 200 121 102 105 8 152 16
    128 146 255 128 172 75 0 180 255 0 255 73 0 52 19 0 168 0 176 255
    233 9 235 230 255 255 255 0 0 123 193 92 0 255 255 118 168 255 43 0
    255 128 200 255 198 49 115 255 222 255 127 111 94 221 116 0 179 192
    0 126 158 173 8 181 255 0 0 255 228 130 0 22 143 242 33 66 255 178
    188 205 231 169 227 95 0 255 127 84 221 0 0 126 0 251 255 52 32 46
    31 124 255 51 66 255 61 0 30 0 150 208 57 92 255 207 255 255 128 255
    31 255 255 92 212 249 121 255 92 37 233 235 10 223 0 0 244 180 79
    195 0 54 142 229 0 0 170 145 180 0 241 186 88 135 147 0 36 255 46
    193 255 55 0 128 0 88 255 255 0 255 100 255 0 138 94 0 126 233 153
    255 68 207 255 0 155 72 61 16 244 0 184 255 68 31 11 12 74 255 152
    128 137 130 244 120 248 0 41 255 92 139 12 255 230 57 78 128 67 142
    255 59 255 9 0 250 0 57 235 0 14 213 0 46 210 20 83 0 255 182 204
    225 0 82 90 87 0 0 20 55 255 126 255 185 255 100 255 201 6 27 42 14
    180 114 114 0 150 0 204 255 51 87 95 124 226 203 131 101 22 187 255
    49 255 255 20 97 161 41 4 32 100 255 111 0 0 225 164 23 255 0 68 15
    255 190 180 241 0 205 155 75 28 0 143 233 237 234 67 255 0 0 5 255 0
    82 255 255 119 240 0 255 47 255 0 255 203 0 235 0 255 0 143 255 243
    0 222 199 109 255 216 0 214 255 134 255 123 142 52 0 0 255 245 0 0
    199 250 255 228 255 190 62 154 233 72 183 21 0 255 166 0 255 0 233 0
    190 255 222 255 26 10 55 255 242 45 143 221 128 171 0 93 113 38 113
    255 255 93 99 146 0 0 255 11 255 62 0 34 0 0 164 155 206 83 198 127
    255 0 25 255 230 255 79 55 255 61 121 0 255 122 0 224 0 42 255 106 0
    0 242 214 255 103 255 216 255 0 60 255 174 66 235 255 0 255 157 184
    255 130 4 0 255 120 72 167 60 194 255 255 61 186 195 0 11 178 56 255
    152 106 255 255 147 147 255 2 0 60 122 190 110 134 146 0 54 60 255 0
    63 255 204 38 109 255 116 0 255 109 0 175 255 188 60 5 255 255 83
    255 131 255 47 111 150 157 255 151 229 46 255 230 0 128 196 2 255
    254 176 156 67 127 255 22 219 66 255 184 117 255 58 178 247 255 255
    184 0 0 108 157 237 24 55 196 59 0 177 73 0 255 155 128 47 255 0 0
    255 202 58 194 199 170 190 71 255 255 122 243 51 0 0 255 221 0 57 63
    255 111 14 247 17 0 0 82 122 214 255 153 100 0 155 255 0 197 147 190
    0 119 225 77 116 255 164 204 0 222 255 11 232 148 255 255 0 205 123
    196 49 0 97 164 241 0 198 104 0 20 0 0 141 66 187 68 255 177 20 255
    33 255 255 242 7 95 17 167 5 0 58 0 195 209 189 0 180 68 229 164 176
    255 191 45 243 255 97 176 0 212 163 255 132 153 255 255 255 69 39 28
    133 0 0 120 255 0 197 244 89 0 0 0 221 255 185 160 12 54 125 218 0
    114 176 67 209 141 198 132 248 201 182 184 88 255 149 196 120 131
    255 255 81 255 0 145 0 156 58 0 83 0 141 176 35 156 0 166 0 255 255
    0 161 24 255 44 98 163 155 255 255 211 34 0 183 162 0 0 255 56 0 0
    255 255 255 86 203 187 188 119 0 255 97 141 69 127 166 85 0 46 245
    233 2 194 88 215 0 90 174 36 113 231 255 253 57 104 124 215 16 255
    132 151 0 182 133 54 22 0 68 0 42 208 93 60 155 191 0 73 44 0 225
    155 231 0 255 90 211 168 255 255 174 80 0 255 44 70 143 161 255 0 0
    111 222 242 0 0 75 0 226 96 12 59 0 190 56 0 255 158 255 255 0 74 7
    62 100 0 0 131 255 0 1 142 99 248 0 0 255 60 99 113 10 0 215 0 178
    217 208 255 149 149 255 0 32 0 12 76 246 181 158 255 0 23 109 219 0
    227 251 163 51 72 51 87 223 148 225 255 169 253 255 222 103 220 23
    255 0 255 144 126 203 184 0 0 169 15 118 211 188 255 28 14 114 0 4 8
    0 37 255 127 205 137 250 241 146 115 138 255 211 5 109 8 19 234 74
    73 134 253 33 255 39 249 184 125 40 156 232 224 223 146 176 255 0 45
    65 255 190 162 162 0 243 192 0 210 21 103 18 0 226 103 39 198 0 200
    255 34 142 255 255 255 113 111 0 101 239 247 39 35 166 31 11 0 47
    147 80 75 0 68 235 183 0 146 217 160 114 109 0 230 196 255 255 255
    255 0 234 17 0 52 36 255 0 18 255 255 255 237 100 226 204 3 0 112
    255 92 67 231 180 119 12 9 255 86 255 188 255 25 30 255 0 114 113
    121 112 227 103 95 109 105 204 211 170 255 6 197 239 83 0 46 148 86
    0 255 0 193 255 255 239 36 1 189 151 194 42 61 66 116 0 255 255 85
    161 238 255 225 110 197 39 235 103 146 255 92 246 58 174 181 107 0
    60 95 0 0 255 4 59 82 102 255 255 0 93 0 134 255 0 158 120 207 11 50
    0 171 222 0 156 255 0 0 209 93 0 207 4 255 155 255 255 50 255 57 196
    200 184 165 243 0 200 59 255 255 255 0 9 255 81 0 76 0 163 0 41 0 37
    83 162 120 221 233 251 150 89 192 166 0 86 29 140 0 255 255 12 11
    255 226 180 255 255 36 255 146 255 255 4 255 202 64 255 255 251 8
    255 209 255 23 0 106 188 0 141 0 255 0 255 0 186 0 255 94 89 252 214
    255 0 108 255 43 61 14 82 255 0 145 179 159 235 125 111 29 170 149
    188 0 0 0 0 6 161 111 0 72 178 195 255 255 255 95 19 0 53 255 255 0
    0 218 120 217 149 255 250 169 0 154 234 4 23 90 114 233 0 153 209 0
    153 141 255 131 120 240 0 255 24 130 0 91 110 0 13 2 193 57 153 68
    255 48 174 203 255 189 255 104 188 105 171 255 116 207 175 146 16
    247 175 255 255 202 157 125 255 212 65 170 149 136 236 13 242 46 0
    197 0 255 166 0 215 0 11 127 236 0 77 16 0 80 21 28 198 177 147 242
    255 213 255 108 0 255 32 0 255 165 255 255 146 108 135 203 183 255
    207 184 238 0 183 163 54 65 202 189 175 27 141 0 249 255 255 110 122
    53 13 187 255 0 4 255 79 255 131 230 255 90 255 255 23 35 3 37 255
    62 230 87 25 0 0 68 169 57 214 255 255 151 80 0 255 253 0 255 165 0
    238 156 0 255 126 195 191 0 255 211 86 16 140 92 181 255 118 255 255
    0 114 156 102 158 251 212 255 248 255 123 166 157 68 255 86 0 209 68
    48 255 188 255 65 0 31 255 112 122 27 26 57 0 255 212 46 51 0 0 206
    205 74 255 166 152 255 36 255 168 133 255 124 0 0 84 0 187 149 186
    129 198 92 255 147 0 255 201 0 132 0 70 161 255 0 90 84 177 194 37 0
    255 255 219 44 36 255 7 0 255 196 160 196 84 255 255 139 29 121 170
    255 189 6 249 205 130 0 141 105 25 255 129 133 69 29 31 0 97 115 58
    252 255 0 191 168 116 255 193 255 66 199 41 192 244 18 0 255 59 0
    255 0 141 255 1 255 0 98 110 230 114 0 255 67 255 110 132 160 255 0
    200 255 221 239 120 80 0 251 255 40 196 0 244 0 155 0 56 252 56 223
    255 39 7 255 111 0 84 0 118 255 138 91 222 0 219 240 255 0 255 53 0
    61 21 120 87 69 176 235 4 255 19 251 76 114 84 31 0 142 151 255 0 0
    226 81 0 255 0 98 100 0 255 235 105 118 74 130 252 194 28 0 57 6 244
    177 255 255 133 255 191 76 143 36 236 255 0 192 163 235 52 0 141 255
    239 151 236 197 255 255 62 15 192 91 0 31 179 135 0 137 247 0 56 61
    234 0 3 69 0 104 154 162 0 173 167 255 20 107 147 255 255 97 0 199 0
    6 199 0 215 0 45 217 0 11 255 244 69 255 50 0 207 189 6 33 255 255
    189 188 0 208 255 194 176 63 141 255 224 45 102 41 134 227 135 59
    255 134 255 255 0 8 146 186 204 113 189 98 16 0 102 224 168 226 39 9
    0 0 0 56 8 255 215 10 16 228 160 96 231 13 187 0 151 255 189 109 79
    88 19 0 197 45 0 182 78 0 81 243 18 10 0 139 11 0 169 68 10 87 104
    237 0 0 255 255 13 36 230 255 212 7 227 194 0 73 255 175 254 70 156
    255 180 144 163 68 251 255 53 164 0 179 67 124 106 0 141 133 0 213
    17 127 111 206 163 223 174 246 255 197 184 1 147 255 182 0 0 208 121
    26 235 203 223 193 74 125 255 44 99 255 143 191 216 0 73 82 153 168
    18 0 0 228 0 21 0 255 0 0 44 255 0 68 255 0 8 255 251 255 89 6 0 0
    255 206 255 210 212 16 138 255 18 255 160 0 255 65 2 0 104 255 255
    255 197 255 255 240 85 255 165 42 255 29 40 147 0 44 0 138 255 182
    149 255 174 255 188 216 255 167 0 0 255 32 135 131 30 96 12 0 127
    255 0 255 255 255 255 255 255 0 0 0 0 96 0 0 255 255 0 0 208 71 0
    216 95 117 0 49 255 83 255 20 141 255 46 98 255 255 255 32 75 124
    203 196 0 255 136 76 255 84 50 0 116 4 113 164 255 221 0 176 0 153
    119 0 240 0 197 59 0 255 66 0 21 207 243 207 0 255 190 12 7 220 255
    255 213 255 255 255 29 84 68 49 255 179 4 0 145 133 196 237 67 0 226
    19 172 104 255 77 0 0 138 0 255 173 25 201 145 0 255 0 183 212 0 19
    213 80 186 128 222 70 0 41 49 255 53 22 171 181 0 255 209 181 255 0
    0 255 120 0 236 0 255 149 86 107 226 231 255 80 111 0 0 249 111 166
    192 52 208 255 255 19 255 228 169 255 129 255 205 223 132 202 15 0 0
    0 9 121 255 7 128 255 255 201 255 208 79 0 0 252 12 235 176 246 98
    87 12 233 0 97 0 0 27 23 202 255 247 28 0 33 255 79 19 141 152 0 28
    0 10 255 97 0 255 178 0 66 186 138 105 0 125 244 255 116 129 235 148
    0 255 0 178 255 0 71 255 125 17 255 237 255 0 0 255 58 200 217 10 70
    221 160 8 248 248 84 245 255 148 168 168 30 99 241 213 157 169 255
    103 173 255 40 208 18 175 245 134 153 212 137 105 40 136 142 130 7
    196 37 0 174 255 0 185 255 21 162 211 87 0 191 255 245 163 72 147 29
    0 0 255 0 255 255 0 105 181 246 210 255 0 0 98 161 255 255 120 213 3
    255 176 175 255 231 0 34 255 0 0 146 0 23 0 230 0 255 110 156 255
    124 28 31 121 218 201 0 255 157 219 0 171 0 37 176 167 239 93 255 38
    31 242 189 217 255 74 0 107 255 70 255 255 82 241 38 88 93 255 86 0
    237 224 172 34 0 255 153 255 202 0 255 84 23 216 0 255 255 244 112
    46 115 163 255 18 254 57 255 70 126 97 64 255 0 39 0 155 151 74 37
    192 218 0 127 10 136 0 236 0 241 185 38 12 51 106 54 37 158 165 59
    255 0 6 179 228 0 199 17 114 255 255 135 63 255 0 72 64 106 187 107
    0 83 214 64 223 255 255 145 21 208 48 0 0 255 0 8 206 255 72 255 196
    36 64 0 0 0 0 255 46 10 210 227 228 77 186 255 96 114 223 0 247 180
    99 255 178 0 171 255 255 118 255 202 239 35 203 62 71 0 127 49 255
    255 255 0 81 89 17 0 101 246 255 171 0 152 0 35 255 0 23 209 48 255
    210 184 255 136 77 35 63 46 0 194 71 196 101 255 255 0 191 11 220 0
    13 255 255 255 0 169 88 255 60 93 136 171 133 205 159 255 113 243
    139 255 117 85 255 88 255 21 0 29 74 163 39 178 255 255 255 255 160
    255 223 255 94 255 0 253 127 100 5 233 253 18 0 44 255 0 192 0 190
    58 126 253 0 42 255 255 10 109 239 195 255 132 255 167 206 62 0 182
    175 240 196 54 50 0 184 255 86 145 250 186 98 55 244 255 46 255 255
    108 94 0 255 57 107 252 136 33 124 186 68 2 0 255 0 84 255 0 69 130
    255 29 248 6 255 174 211 255 255 223 255 131 35 49 11 220 0 161 27
    12 206 45 115 178 35 109 97 81 193 0 238 156 158 190 0 68 198 255
    255 2 122 255 233 159 0 247 0 255 110 53 151 255 198 255 4 17 255
    231 217 38 113 220 0 255 139 114 90 67 171 255 93 188 175 0 243 26
    169 25 255 192 225 255 48 255 196 114 239 0 234 0 206 255 0 228 229
    0 255 249 42 246 6 208 26 255 75 204 25 117 50 237 23 78 145 224 247
    199 0 17 6 6 173 255 214 107 0 0 0 244 41 46 141 0 255 106 234 176
    255 189 0 190 82 61 103 0 73 100 224 255 153 40 39 41 90 213 0 156 0
    149 255 255 255 207 49 193 157 0 184 21 151 255 0 117 156 165 205 0
    216 255 0 43 238 230 29 153 176 0 197 0 150 6 239 0 255 255 56 107 0
    0 255 0 64 174 255 68 0 135 166 0 139 37 255 69 255 210 112 25 0 229
    255 91 96 255 255 197 240 191 105 0 117 255 255 119 68 82 255 183 39
    0 244 0 160 0 109 197 255 91 25 113 19 255 142 0 0 135 19 54 193 0
    186 0 25 143 227 154 96 190 104 17 86 0 156 17 151 0 175 188 87 0 41
    71 106 158 0 255 0 255 255 0 255 255 0 123 137 0 255 171 255 83 0
    193 81 0 0 255 0 246 212 156 91 157 255 26 255 255 255 0 154 255 255
    251 74 255 255 202 255 0 75 255 0 208 145 153 224 255 140 150 96 227
    191 118 255 153 166 222 92 255 177 0 15 54 255 183 0 0 224 0 255 223
    255 40 255 163 255 0 52 211 0 138 64 165 255 198 226 54 71 2 24 0
    178 1 0 232 115 0 255 193 97 255 255 68 255 75 25 81 61 255 0 202 0
    17 255 255 201 64 187 239 63 192 28 19 23 255 0 49 0 255 148 166 209
    96 78 0 191 0 176 218 0 168 255 219 105 255 53 255 93 255 173 35 242
    18 0 110 141 94 145 122 209 245 48 0 155 209 141 43 255 10 255 71
    255 138 0 84 255 251 239 0 255 0 159 16 255 102 0 255 116 0 63 66 37
    99 247 148 91 93 224 12 192 140 0 231 215 232 243 0 220 64 81 142 69
    120 0 255 255 31 255 78 0 24 63 242 255 7 0 226 34 159 213 0 0 146
    241 88 56 255 149 251 255 0 0 0 74 64 0 91 255 154 0 246 255 194 141
    170 152 255 217 0 226 0 87 105 37 0 136 50 0 133 206 255 182 0 194
    255 239 105 255 194 164 255 255 0 126 173 46 11 0 0 0 149 187 255
    255 47 255 0 206 255 100 0 0 255 55 54 255 128 123 0 20 146 0 253
    155 35 255 0 122 164 97 248 124 255 16 87 69 92 0 0 27 67 0 255 73
    255 255 116 255 11 255 255 183 76 152 98 240 42 116 66 255 209 255
    192 238 255 73 144 17 71 245 179 194 28 0 58 235 0 255 255 0 255 244
    255 219 255 127 58 0 189 214 4 24 130 126 17 120 54 255 0 0 60 0 191
    0 153 242 123 212 166 0 144 0 225 0 35 49 70 223 49 68 255 0 0 171
    29 0 122 255 255 139 157 0 241 90 0 255 255 111 255 255 134 255 0 23
    176 211 173 15 70 254 56 0 71 255 175 74 211 255 170 0 68 167 0 155
    0 0 29 255 255 255 217 194 0 192 58 103 122 240 0 205 57 138 249 172
    69 66 83 255 0 0 124 16 202 0 255 65 10 255 61 255 162 255 3 2 0 65
    195 83 0 230 0 255 255 0 206 7 255 189 0 255 97 78 255 0 219 116 0
    138 255 26 92 253 135 0 255 26 39 172 203 86 125 160 255 236 0 147
    244 203 61 255 0 172 65 255 223 146 255 104 95 143 45 102 255 204
    222 215 255 221 255 176 255 169 241 236 13 0 0 185 77 152 156 161
    255 245 231 131 202 255 129 33 0 100 179 228 209 73 255 0 26 122 255
    78 98 111 75 238 171 219 255 0 104 0 0 99 0 0 0 194 111 153 188 0 65
    36 185 42 113 255 104 0 15 181 255 0 0 0 172 52 108 169 126 255 136
    255 255 51 0 4 12 82 152 48 108 53 0 192 130 224 156 255 56 255 255
    16 32 11 100 117 113 64 196 97 255 4 0 237 255 0 46 255 26 108 40 61
    226 139 0 243 188 0 225 3 255 101 0 0 4 109 255 0 48 235 233 130 201
    0 218 1 255 176 168 255 127 255 233 197 98 0 0 255 84 109 244 34 70
    78 0 118 46 0 0 255 190 137 157 116 191 175 0 0 255 0 255 197 145 16
    0 255 204 255 151 0 255 71 208 255 80 255 255 0 199 204 252 0 255
    255 255 255 173 249 205 21 0 255 0 0 252 16 50 255 255 187 99 190 0
    19 231 16 110 0 148 30 96 0 255 0 4 184 241 255 114 255 103 56 0 255
    0 0 13 185 0 255 8 238 233 87 171 146 236 137 175 230 213 119 255 0
    219 125 155 80 51 0 245 25 102 0 255 41 0 251 255 255 95 180 203 52
    155 255 87 40 116 0 202 255 0 152 0 253 0 80 0 255 73 99 213 78 4 0
    220 255 28 123 255 0 172 255 118 171 192 255 89 140 176 48 215 255
    30 0 0 255 93 211 255 154 184 97 132 255 255 178 255 197 0 249 255
    179 206 153 248 109 127 58 30 0 148 37 0 0 32 0 162 32 255 8 93 140
    123 255 0 0 255 208 102 0 11 255 220 255 113 255 80 100 242 25 255
    250 84 0 12 255 204 0 0 0 235 0 0 1 43 255 66 255 222 30 213 0 0 206
    129 0 197 95 234 61 50 255 19 0 76 255 87 118 97 0 18 84 62 218 35
    158 54 255 252 6 255 80 44 0 0 0 149 127 14 43 195 0 0 207 38 218
    171 255 0 43 255 84 107 209 252 18 0 101 0 5 255 255 131 206 12 255
    69 222 111 255 0 184 127 151 188 233 48 33 255 255 0 255 255 0 191 5
    107 43 69 226 255 255 111 255 228 174 250 29 0 50 151 5 145 225 250
    113 255 103 227 0 251 82 208 181 242 160 171 18 0 60 186 168 240 198
    122 5 106 126 116 172 36 0 0 255 0 37 139 0 243 163 255 0 229 255
    195 0 22 117 255 54 233 110 112 198 98 236 255 164 255 39 0 255 69 0
    31 51 255 159 162 0 0 0 208 255 146 0 206 134 0 183 116 91 255 0 0 0
    255 0 27 255 245 83 0 0 67 29 64 0 0 19 255 146 12 198 87 255 255
    229 27 255 38 3 45 207 0 255 255 0 207 181 17 117 0 219 165 225 222
    0 255 237 255 39 58 255 0 0 213 0 0 171 39 162 85 255 0 0 255 255
    229 255 255 226 255 107 0 112 0 241 111 132 0 135 0 82 172 120 255
    112 251 2 255 50 239 212 0 184 185 0 13 236 221 108 86 136 97 238
    252 35 255 51 209 255 19 62 223 148 54 103 106 174 0 8 0 223 173 255
    102 53 0 9 155 255 0 200 42 255 2 255 176 255 255 0 137 159 200 250
    241 255 210 48 190 111 0 69 168 255 0 123 127 0 130 255 192 0 0 158
    124 73 10 255 72 17 255 255 16 8 216 255 106 53 185 132 0 119 0 180
    0 255 27 0 94 0 255 49 227 105 131 6 20 125 5 0 253 0 255 0 0 255 0
    21 255 0 181 0 255 36 187 137 92 84 251 64 135 0 33 122 0 255 17 0
    89 89 255 197 255 112 0 2 32 106 255 242 0 11 255 0 254 60 11 255 0
    255 255 124 67 0 255 15 0 180 255 0 255 255 211 255 0 213 0 196 206
    234 226 0 119 217 36 14 23 183 5 0 0 90 213 250 124 34 78 255 138 0
    249 236 143 71 0 54 158 203 169 255 132 236 167 255 0 205 174 255 50
    0 159 255 255 255 255 175 0 7 20 219 0 37 134 180 45 91 255 7 218 49
    255 255 0 80 255 139 157 67 102 23 16 255 79 209 255 255 0 0 0 21
    255 0 0 255 125 89 56 134 255 0 141 0 0 255 105 42 255 89 10 183 165
    255 238 255 74 139 254 0 32 111 199 0 255 255 120 239 0 231 218 188
    147 176 0 172 151 227 80 255 102 233 255 222 185 16 96 0 0 53 244
    209 210 174 212 87 113 24 255 22 0 0 85 255 234 255 0 73 98 0 110 0
    197 0 147 211 111 255 0 140 0 192 139 247 234 255 28 36 16 255 130
    66 181 16 255 0 255 0 254 216 0 193 236 140 139 2 200 212 67 118 206
    58 105 255 100 242 142 63 0 46 255 81 2 255 0 255 255 39 255 162 85
    47 247 230 0 106 255 61 188 243 156 95 15 255 190 13 0 140 255 143
    143 186 255 54 122 218 255 23 0 59 0 0 235 0 0 0 116 37 6 7 221 0
    255 70 193 255 109 84 255 109 104 158 255 0 32 17 142 158 0 255 255
    20 255 0 7 149 12 185 0 14 11 229 7 43 116 255 255 70 112 4 179 122
    0 47 239 200 71 168 88 8 0 213 255 0 0 96 255 255 104 0 222 36 83
    255 193 123 255 86 255 0 0 255 144 248 183 255 255 124 180 255 0 255
    94 14 195 72 208 233 255 130 102 230 215 0 206 118 143 199 222 157
    255 255 0 255 255 0 147 29 98 1 68 109 55 223 255 0 0 230 40 115 0
    134 61 221 162 222 76 10 182 222 0 111 255 72 0 116 0 9 122 130 6
    255 120 255 255 205 255 0 0 255 229 91 255 0 242 244 156 255 2 0 207
    19 206 0 46 93 196 0 172 166 150 106 132 255 116 25 106 0 203 131
    255 255 214 162 44 255 110 68 138 59 0 124 0 0 108 10 7 140 60 184 0
    185 55 32 47 43 13 29 190 40 255 144 0 66 243 161 21 174 210 255 0 0
    245 208 181 255 253 27 190 230 49 0 170 88 0 255 44 99 189 106 1 255
    245 0 167 2 73 198 255 194 106 255 43 178 255 148 0 255 243 255 243
    7 255 255 68 243 130 21 135 0 248 239 131 139 231 0 189 169 153 208
    0 255 0 255 178 37 136 255 230 255 0 255 255 232 4 0 35 133 125 255
    67 172 153 85 255 130 119 255 55 193 0 0 170 43 0 204 0 129 163 0
    115 80 0 126 100 0 0 196 255 84 0 255 203 255 255 255 239 210 70 31
    0 175 254 94 134 122 2 140 198 255 176 250 0 128 194 14 255 88 255
    54 245 255 19 106 0 82 119 0 72 160 0 192 18 255 3 224 192 0 255 0 0
    52 255 144 123 255 0 151 227 167 65 126 255 0 0 241 189 41 164 154
    75 65 0 78 152 0 191 110 158 0 139 39 108 170 122 135 255 101 0 24
    188 20 34 130 0 31 1 142 113 6 191 0 0 209 123 0 78 101 0 148 210 0
    154 255 0 9 222 146 21 255 255 0 116 0 170 58 206 91 255 22 255 204
    255 80 0 255 0 52 255 48 255 42 192 255 19 9 161 0 1 207 255 255 249
    255 255 84 148 207 217 0 255 134 242 0 57 190 250 145 0 255 0 25 93
    0 35 28 25 255 220 77 202 121 159 255 3 178 34 192 0 151 124 7 29 96
    255 0 127 10 255 116 252 32 81 255 255 0 96 92 117 145 155 137 0 24
    0 37 255 255 25 205 255 255 21 14 0 255 108 0 18 221 0 255 255 0 170
    87 158 218 145 138 255 255 0 0 0 0 255 0 27 255 78 248 255 178 255
    255 194 36 146 255 255 135 119 21 155 38 238 55 255 56 255 172 198 0
    253 143 55 0 1 246 255 255 226 219 62 48 0 0 117 57 255 251 0 51 122
    0 2 161 11 4 122 0 197 129 192 71 14 109 255 255 182 83 46 1 202 255
    14 242 216 8 210 99 231 38 0 155 0 206 116 208 189 255 255 255 5 233
    215 0 48 37 59 185 26 228 21 255 21 0 6 48 255 225 237 60 0 0 254 0
    186 0 78 175 178 34 102 0 144 74 78 255 198 112 140 229 30 0 0 27 0
    0 255 162 223 255 255 108 232 0 142 255 0 199 255 117 0 255 127 255
    255 255 64 152 0 0 83 11 217 0 20 0 85 255 255 113 208 0 58 151 255
    0 86 249 255 255 143 255 40 0 0 236 0 0 170 184 158 69 0 196 0 222
    255 31 255 71 0 237 229 0 66 4 68 12 144 141 140 0 60 143 0 138 255
    0 115 149 97 216 0 227 68 255 172 93 204 26 246 101 212 183 233 95
    84 255 182 6 199 0 253 63 23 17 205 189 18 30 207 0 166 0 0 102 240
    30 69 0 152 255 84 112 64 23 179 9 111 226 255 22 133 193 53 248 103
    255 0 104 159 128 53 165 255 0 1 252 0 0 153 255 97 253 152 152 80
    52 207 0 70 255 255 255 255 55 226 21 109 210 234 255 235 0 254 239
    121 0 54 208 37 208 138 0 0 57 119 255 48 162 116 28 238 250 67 255
    0 15 0 232 255 0 2 93 197 188 0 57 0 79 255 81 0 0 73 44 42 0 255 0
    0 43 108 26 160 101 255 214 255 238 0 214 181 0 202 25 254 152 186
    194 255 49 60 255 52 0 255 255 170 0 30 160 248 255 255 167 14 255
    40 255 62 231 131 49 227 227 212 54 255 255 147 44 234 126 9 208 0 0
    237 49 0 255 0 255 175 129 255 28 42 255 58 0 245 244 105 44 118 47
    254 0 95 255 217 255 148 226 254 255 107 23 255 78 230 183 255 255
    255 0 255 0 1 255 0 144 67 0 63 255 57 0 0 0 134 0 34 174 126 204
    255 34 0 159 225 0 235 11 216 70 65 66 168 1 173 233 4 0 50 153 129
    228 18 41 255 255 33 140 0 167 255 255 255 32 190 0 26 51 165 125
    237 0 115 0 71 255 2 255 255 161 227 215 205 241 192 165 0 0 0 148
    255 59 0 255 0 27 255 0 185 255 30 255 0 26 224 224 31 53 0 0 0 62
    50 224 0 250 255 0 234 233 98 128 196 85 255 232 203 100 0 53 0 68 0
    118 255 174 164 199 208 117 106 54 201 7 255 239 243 125 0 255 0 255
    255 51 227 221 126 0 237 255 0 255 197 255 255 152 79 19 104 0 0 32
    237 182 0 207 0 255 182 166 156 255 106 255 0 77 119 0 113 255 0 0
    92 44 255 250 184 255 192 0 19 160 158 0 215 185 106 168 10 13 19
    128 60 255 0 161 0 198 60 72 58 0 117 199 0 0 187 0 0 10 184 200 251
    61 0 255 102 219 229 245 57 227 39 5 50 6 214 255 54 0 175 66 0 237
    0 255 204 9 162 87 255 0 66 2 165 103 227 0 0 107 0 237 58 87 120
    140 208 156 0 118 255 255 114 191 102 255 255 255 81 83 255 255 255
    255 219 108 255 255 52 0 42 247 0 255 38 255 224 255 208 255 145 0
    202 3 175 82 144 255 255 255 54 164 10 0 0 84 122 1 117 1 113 38 0
    85 0 136 8 39 151 0 0 0 255 0 23 6 122 0 253 255 141 255 166 255 18
    0 42 115 110 142 229 255 10 0 255 0 0 89 255 0 110 255 255 125 232
    255 0 185 255 215 109 0 69 0 234 0 82 157 8 53 157 255 188 176 255
    255 150 78 255 193 30 246 166 69 0 255 120 144 190 0 78 150 76 0 195
    230 12 211 255 194 0 255 22 187 136 147 0 181 169 0 95 180 25 0 0 0
    163 255 0 115 115 191 251 255 224 77 210 18 78 0 255 62 98 85 0 0
    255 195 0 120 251 245 60 0 227 15 0 255 209 131 122 242 88 255 237 0
    145 0 255 255 14 34 255 0 229 173 255 255 0 255 255 105 199 64 118
    249 125 35 185 108 0 80 0 0 89 91 0 0 84 255 255 0 52 104 217 147 76
    133 255 101 195 255 0 22 182 220 0 161 255 246 221 203 154 215 195 0
    0 70 48 62 255 8 201 128 201 37 255 209 0 39 211 117 57 221 27 132
    225 0 255 195 111 71 102 191 0 255 255 94 175 92 255 255 0 170 0 0
    255 158 9 20 0 208 152 92 185 22 186 198 231 34 222 139 8 194 250
    108 165 197 0 189 231 115 137 44 85 47 33 51 0 84 213 108 60 235 163
    83 0 157 136 7 187 142 74 121 85 54 192 0 0 134 255 255 236 255 248
    148 102 255 2 102 49 255 0 39 72 242 90 33 232 96 248 12 246 136 115
    0 0 100 255 242 68 218 255 30 255 139 255 226 255 154 118 8 255 204
    227 200 249 227 0 159 0 220 127 102 0 255 144 61 255 208 255 176 176
    0 255 144 78 166 61 167 0 0 207 108 65 99 255 255 83 196 0 16 90 255
    28 149 255 0 255 255 111 255 18 0 39 85 0 32 219 0 103 229 255 205
    228 255 255 0 140 0 17 220 181 90 239 4 214 255 140 235 144 0 0 194
    255 255 207 78 193 0 0 48 0 133 0 131 31 0 255 218 0 0 246 216 31 0
    170 221 213 79 0 73 4 0 0 0 151 0 0 46 243 255 157 210 0 0 175 68 25
    230 201 0 255 255 222 31 255 52 0 21 85 225 128 179 206 255 33 233
    195 159 155 213 0 255 217 243 255 255 121 115 255 165 68 51 255 72
    224 255 208 0 75 241 188 30 162 31 119 157 39 135 255 0 92 12 255
    218 255 132 0 255 102 255 254 0 255 0 132 169 9 105 16 96 145 255
    119 160 153 221 0 255 95 255 231 16 92 209 5 32 148 200 255 0 106 87
    231 0 255 255 0 0 151 255 255 24 255 179 198 255 0 0 255 0 0 55 82
    25 255 255 0 223 22 0 74 0 255 255 43 136 18 145 143 228 255 236 213
    105 219 255 137 112 0 146 107 255 255 133 22 129 30 148 31 0 38 0 0
    123 73 164 21 0 255 255 184 91 255 62 139 0 0 211 0 47 0 222 201 0
    65 24 0 12 250 255 156 73 177 255 255 139 0 183 135 255 0 0 22 12 0
    37 225 83 153 0 255 91 230 66 255 255 0 62 0 216 140 136 181 255 0
    229 193 244 255 0 255 255 161 0 255 176 189 239 0 0 255 255 255 0
    255 183 0 255 0 42 234 237 149 190 202 0 255 233 163 125 0 200 218
    44 79 255 0 0 0 156 245 0 255 188 244 0 17 255 34 228 183 255 239
    255 47 1 159 63 199 0 197 172 7 213 255 0 8 121 71 0 69 166 44 0 147
    255 106 219 97 250 100 136 181 255 22 10 161 133 133 172 0 53 0 1 0
    210 132 81 187 83 159 255 255 93 255 209 226 255 169 128 198 5 0 0
    179 0 250 131 45 0 255 231 255 252 0 58 0 38 26 43 0 227 0 153 232 0
    255 15 255 255 149 179 0 255 119 0 99 0 255 0 0 55 54 255 113 0 255
    145 255 206 255 205 247 255 13 191 118 0 211 107 2 227 147 234 0 0
    255 87 255 255 13 107 255 216 13 0 141 255 146 143 235 33 74 0 219
    155 118 255 255 154 255 111 0 19 99 255 116 202 219 97 176 255 0 122
    225 52 218 175 0 125 255 196 69 211 0 4 11 255 238 149 27 126 233
    255 0 0 40 131 178 153 174 255 135 23 197 242 187 15 243 255 255 161
    79 36 0 106 255 0 255 206 255 6 12 210 82 158 50 16 8 255 195 129 9
    153 0 0 22 202 255 255 36 182 192 92 57 82 0 252 255 131 235 255 244
    0 0 0 0 0 0 17 0 19 91 1 255 98 178 255 114 30 139 255 249 54 0 99
    23 158 105 66 51 255 255 255 38 0 255 198 255 255 225 226 255 0 0
    233 255 231 160 108 244 83 79 115 76 255 255 0 255 49 188 255 161
    255 50 255 0 0 95 93 255 242 0 240 255 0 120 126 144 255 255 69 246
    198 255 145 184 170 0 255 142 255 33 0 88 166 218 0 0 255 199 255
    255 0 206 0 0 253 44 141 163 112 255 5 155 254 0 104 0 255 0 0 242
    255 0 255 121 46 80 217 214 19 184 255 0 64 0 255 255 0 174 163 68
    194 20 0 226 0 12 13 0 0 36 255 0 235 0 0 255 32 0 255 98 66 255 29
    216 239 252 7 119 210 255 0 0 255 0 255 15 169 50 71 255 255 240 236
    246 179 51 0 205 238 162 255 255 34 210 193 0 108 0 0 128 155 255 67
    13 255 171 61 145 161 89 55 0 218 26 97 122 229 51 255 236 87 255
    255 0 154 246 222 154 0 255 255 108 7 40 129 255 85 109 255 226 240
    0 234 130 255 177 175 27 0 230 244 180 139 196 255 99 0 255 144 0 0
    63 120 255 255 73 255 0 69 70 142 87 0 208 20 157 102 98 2 5 0 249
    141 183 255 0 0 102 255 255 153 0 67 255 188 167 80 171 59 74 92 255
    10 148 255 255 0 222 60 217 255 23 118 95 67 93 91 0 127 255 255 58
    0 252 72 22 0 181 27 255 170 0 176 36 157 255 84 0 255 0 255 188 66
    48 170 241 255 130 38 255 198 255 132 42 200 0 229 255 231 75 0 0 0
    146 96 134 255 166 253 255 0 0 153 175 115 243 253 157 255 151 88
    255 30 55 122 0 36 132 41 32 232 199 109 148 0 255 1 255 0 0 80 159
    42 246 0 140 255 132 155 245 5 99 19 87 250 0 255 244 169 255 14 145
    255 176 252 0 181 255 0 255 0 255 52 90 235 255 225 84 255 253 76 0
    199 77 255 255 0 39 102 253 251 223 112 0 11 25 255 0 50 0 184 177
    173 99 0 255 255 166 177 32 80 0 45 133 224 255 255 22 255 88 132 70
    106 102 16 255 154 131 0 255 244 255 48 255 0 36 113 137 241 255 196
    109 0 146 0 8 0 188 143 182 255 171 221 0 127 255 0 0 0 101 0 211 0
    0 172 152 208 161 255 0 0 0 0 71 240 161 184 0 191 217 0 10 64 236
    70 102 225 0 162 181 247 6 110 23 0 170 0 82 255 67 0 26 255 0 9 255
    255 255 255 25 0 134 226 157 35 192 255 0 154 255 16 255 250 16 245
    250 9 251 0 76 206 154 12 239 250 141 255 150 0 0 255 246 0 0 255
    144 85 6 246 255 215 255 57 174 166 0 203 93 232 87 0 233 143 255
    255 182 216 255 255 96 142 0 221 210 58 0 34 162 212 0 255 255 0 255
    255 0 185 247 103 46 0 0 255 5 0 161 85 51 138 255 255 195 254 224
    255 34 0 255 0 255 251 179 72 255 76 120 20 88 255 138 38 209 190 72
    177 59 206 123 76 255 235 255 234 117 18 0 34 21 164 122 255 188 189
    255 0 87 156 42 123 0 112 102 73 0 52 207 35 0 68 31 0 255 43 27 255
    255 176 11 111 22 238 242 69 16 124 0 71 255 107 255 32 185 90 255
    251 3 65 0 170 35 255 0 0 255 93 255 239 108 0 237 125 136 255 206
    93 227 13 107 0 78 0 0 7 234 65 7 12 213 242 0 176 70 0 228 226 255
    229 185 188 0 0 48 104 0 0 231 208 0 0 195 255 46 230 244 161 229
    112 0 255 81 137 0 229 47 172 121 255 255 82 207 255 0 255 204 226
    71 255 4 255 0 186 255 0 102 134 1 110 0 0 76 87 255 247 71 255 33
    252 255 255 100 107 220 255 163 235 0 255 255 0 212 29 64 126 8 255
    255 162 255 54 0 48 92 255 0 255 0 0 0 0 0 255 239 134 96 5 150 168
    88 232 253 255 74 0 178 226 12 255 255 255 134 104 239 0 237 227 0 0
    224 180 225 200 255 124 0 255 255 219 219 184 156 124 255 255 224 38
    204 62 0 55 74 0 138 63 148 252 249 0 148 50 174 255 0 255 31 108
    255 99 255 83 17 255 92 206 62 120 0 224 212 51 10 255 240 95 172 17
    136 255 255 125 224 207 0 255 231 0 0 249 189 0 0 1 0 188 149 255
    149 79 127 255 77 0 96 168 0 74 0 153 190 0 255 255 72 255 43 24 106
    39 0 255 255 255 108 255 82 199 43 56 255 255 0 0 184 199 117 0 255
    141 0 153 0 67 255 143 0 141 139 0 112 255 255 145 206 204 106 224
    255 23 96 0 113 20 106 96 228 109 69 0 0 180 0 0 99 124 121 42 8 168
    212 0 15 250 78 155 58 255 9 0 245 174 255 0 255 0 84 255 176 39 0
    42 255 70 255 182 106 111 255 238 75 60 255 191 255 255 173 225 250
    61 148 0 172 0 235 155 0 255 255 6 225 57 0 164 176 138 42 255 203
    235 227 255 255 247 255 56 102 76 0 0 229 4 155 21 128 49 255 255
    255 0 0 205 33 73 125 182 255 130 0 210 0 12 228 246 138 0 255 122
    228 109 0 176 95 217 101 255 0 109 34 255 255 167 255 255 255 49 231
    0 255 178 0 3 230 255 141 255 255 129 255 136 0 70 241 95 214 28 98
    251 169 240 255 119 77 255 255 216 255 17 22 255 0 43 0 255 243 99
    255 129 106 53 255 255 220 255 0 0 0 255 23 255 255 209 40 0 13 209
    0 203 0 0 0 104 116 230 255 0 255 124 0 114 0 55 255 169 255 255 49
    100 255 194 80 0 81 9 135 253 247 0 214 177 71 52 255 0 123 255 136
    255 114 0 225 0 0 0 10 101 203 255 255 215 230 255 255 202 255 255 0
    0 121 237 3 247 50 8 49 10 103 240 255 253 85 0 20 24 0 216 0 255
    140 0 255 0 24 52 78 54 244 117 203 195 255 0 71 67 104 0 181 183 50
    91 247 0 0 102 0 0 8 0 169 168 38 207 78 243 121 0 102 66 166 180 61
    255 233 0 39 119 0 125 221 30 255 62 79 81 255 53 127 182 147 255
    255 155 0 210 206 244 150 174 109 206 255 184 251 62 22 0 0 255 255
    100 170 122 255 172 41 41 255 53 141 255 11 188 14 84 180 106 170 63
    255 177 255 255 145 211 15 255 255 0 156 164 0 68 153 255 214 48 0
    122 65 87 0 84 255 0 75 68 255 250 135 249 0 175 255 0 4 73 61 255 0
    255 218 0 255 55 218 255 5 166 138 8 150 215 151 184 255 173 0 70
    229 255 198 153 159 209 54 164 100 21 0 53 255 43 87 255 255 255 255
    242 246 17 255 182 75 203 62 255 0 179 255 51 38 255 255 195 0 114 0
    255 133 0 255 182 239 158 38 255 241 208 98 126 170 255 201 255 2
    255 0 0 255 38 0 0 59 151 0 91 220 79 0 224 0 221 0 255 255 255 133
    0 255 57 255 83 16 90 166 65 255 102 36 100 195 206 125 141 0 0 106
    0 17 61 14 123 153 0 177 255 0 255 255 0 54 255 129 211 232 127 0
    217 8 255 171 255 255 95 75 120 0 118 184 39 94 255 116 0 0 103 19
    54 0 0 116 67 0 194 0 193 255 0 0 255 255 255 255 254 0 255 255 0
    239 65 146 173 187 0 129 83 56 195 213 255 14 0 217 164 189 23 146
    48 255 255 214 255 199 0 0 233 144 237 136 87 0 255 249 38 255 0 249
    204 104 130 255 0 54 255 156 0 222 99 113 255 148 185 192 64 0 132
    246 224 196 57 55 0 97 93 71 248 206 139 0 255 48 128 175 255 46 255
    0 218 0 189 189 112 62 130 0 255 232 211 7 255 26 127 255 0 94 197 0
    70 75 249 255 34 255 13 0 77 0 254 0 9 168 230 0 17 255 255 0 109 15
    242 254 45 255 255 0 0 51 188 55 71 139 148 239 255 255 0 10 17 212
    255 104 44 33 68 176 47 0 135 255 0 87 46 60 14 168 188 28 184 255
    130 83 247 253 74 255 15 88 255 33 248 225 255 255 202 135 126 0 255
    0 153 172 0 0 255 212 0 255 255 72 196 255 0 255 91 167 150 0 0 193
    189 115 192 198 255 113 56 189 81 255 0 241 193 0 255 145 0 207 56
    107 200 154 206 237 255 158 255 30 21 24 236 0 36 0 184 142 141 255
    190 19 63 47 70 255 226 50 93 122 183 28 32 255 185 183 73 0 255 227
    0 145 55 165 221 0 71 53 46 192 27 0 167 173 11 215 0 255 255 222 31
    139 80 105 177 104 135 87 255 0 8 120 64 4 208 0 90 190 161 140 205
    70 0 196 0 219 0 240 59 248 90 115 0 113 255 196 163 111 125 255 146
    227 43 11 236 255 33 39 0 103 12 0 181 183 89 68 0 149 38 0 0 174
    114 7 255 0 10 0 86 210 128 245 0 34 146 185 11 0 242 181 0 45 19
    116 0 0 66 84 141 138 61 0 59 57 0 0 95 255 0 253 98 0 255 0 183 245
    103 255 183 255 240 118 255 2 255 101 150 153 0 155 255 66 0 255 0
    64 244 50 163 108 255 36 0 209 23 253 229 214 255 76 255 13 255 212
    255 6 246 255 255 124 10 255 0 233 44 213 237 0 241 224 202 156 58
    137 140 42 29 191 255 0 60 0 217 255 86 255 144 101 255 54 161 186
    255 0 0 62 255 0 92 255 255 255 218 222 85 72 244 21 143 255 255 221
    109 190 45 0 177 48 55 0 97 130 255 0 104 167 0 44 63 31 45 241 229
    255 0 255 0 0 109 255 228 194 255 0 255 39 0 255 62 140 179 42 0 84
    0 0 126 152 94 254 242 221 187 0 250 255 255 0 16 0 255 0 255 65 147
    0 201 57 141 116 94 0 255 255 24 124 21 115 170 0 59 255 132 0 49
    255 24 0 193 103 15 0 255 244 152 236 32 41 0 98 255 44 0 255 5 219
    0 32 203 85 148 219 0 0 255 0 0 210 255 255 71 0 73 68 70 52 56 163
    211 52 0 32 116 235 0 76 23 201 20 192 35 179 90 98 255 198 0 255
    183 255 136 50 236 3 145 0 124 104 245 38 11 255 255 255 0 42 88 124
    211 209 255 255 208 240 206 0 222 129 173 209 65 255 62 0 70 228 184
    222 0 40 19 112 17 70 195 168 255 111 255 162 148 212 60 7 97 255
    186 197 130 18 143 38 0 213 0 0 255 131 190 87 179 88 48 255 182 98
    181 255 255 18 255 116 29 0 146 13 188 0 48 192 0 159 137 99 105 255
    188 0 59 218 142 255 255 0 59 230 255 12 0 255 65 222 47 255 113 90
    0 255 231 236 0 91 255 93 0 55 146 0 57 255 231 147 102 255 0 255 93
    91 0 37 205 188 138 255 0 130 91 50 79 255 255 245 163 187 71 0 0 16
    65 0 252 189 77 202 46 202 89 250 128 175 36 98 89 7 2 180 141 205 0
    0 231 0 0 197 43 184 0 74 35 253 30 138 91 143 155 208 0 64 219 164
    87 57 52 0 0 9 231 143 140 131 217 0 186 183 217 0 135 99 58 245 79
    74 16 255 138 0 123 203 182 100 0 0 154 136 249 255 229 238 63 0 25
    0 0 255 0 161 239 255 230 223 192 230 90 220 231 28 39 16 255 88 17
    255 0 92 255 0 201 86 0 127 36 135 6 0 0 0 17 28 148 64 124 0 37 0 0
    218 255 130 255 150 255 255 45 118 241 255 27 19 235 34 242 0 51 71
    213 223 181 0 131 148 255 0 255 152 214 135 118 244 118 213 4 182
    153 18 30 251 24 255 0 182 231 33 0 88 84 208 0 45 18 0 165 0 63 0
    30 74 18 163 6 239 70 0 109 255 203 30 60 225 0 0 159 0 0 63 255 40
    255 199 0 0 143 5 93 255 0 255 97 167 228 255 0 34 255 250 0 216 35
    0 215 255 0 255 255 255 255 15 0 255 0 255 255 240 255 37 108 0 130
    166 192 255 229 0 0 55 0 255 0 238 0 0 15 34 145 0 0 209 192 0 219
    86 208 157 255 205 190 18 108 183 34 184 131 237 137 255 158 0 87 14
    255 120 179 0 255 140 81 255 255 16 71 255 52 103 90 227 5 0 110 14
    133 0 255 122 190 50 255 0 255 0 0 255 56 133 50 94 38 0 176 139 181
    22 46 119 54 9 93 120 0 255 29 0 177 255 0 152 245 255 0 0 0 30 94
    240 0 0 237 255 99 252 227 0 5 21 0 65 255 0 255 141 101 40 255 229
    245 107 45 122 0 35 144 57 255 111 255 0 38 126 0 255 0 77 29 251
    174 126 56 30 255 177 34 28 133 13 255 0 0 161 167 0 112 0 148 255
    255 255 45 85 0 255 78 57 156 255 15 0 254 0 143 122 41 168 133 221
    247 255 0 0 255 255 43 43 14 122 255 74 0 174 117 255 129 49 0 255
    255 29 112 0 10 163 0 0 229 209 102 252 182 181 201 255 255 255 0
    121 196 0 137 255 255 228 21 97 146 255 0 64 96 0 0 0 239 146 176
    234 73 128 252 0 155 255 0 79 163 0 202 0 109 157 0 255 216 0 38 142
    195 0 0 213 215 128 12 11 0 0 2 0 23 109 255 166 244 119 79 214 255
    94 12 154 111 114 116 43 165 255 169 139 255 0 255 25 40 54 222 241
    204 248 188 0 54 217 48 195 217 255 39 0 14 35 135 255 0 10 0 0 249
    51 209 166 123 214 33 74 67 134 234 73 249 137 24 250 184 234 199 0
    250 80 41 0 152 134 245 156 205 24 255 0 11 36 255 0 70 0 255 203 0
    2 205 255 25 0 0 155 109 0 71 58 209 143 88 220 255 194 180 190 10 4
    126 251 72 252 255 57 242 106 6 88 178 0 255 0 155 255 186 0 255 255
    255 92 10 255 0 210 0 246 0 83 0 200 205 57 1 51 94 0 89 102 156 0
    255 0 139 255 207 255 1 134 255 53 65 81 0 105 147 204 207 91 29 255
    76 255 84 255 0 0 45 135 254 0 0 97 229 0 136 186 229 151 0 255 204
    13 26 0 155 53 107 40 92 0 199 127 96 202 160 213 81 255 32 21 242 0
    44 170 91 107 0 54 138 30 63 57 150 83 200 192 255 0 0 23 0 36 0 255
    194 33 202 186 158 0 232 255 58 178 230 0 20 255 0 255 143 79 225
    255 175 129 155 130 0 255 95 0 0 106 255 0 59 95 139 0 42 0 0 221
    240 255 5 233 20 16 255 127 255 130 0 255 0 24 104 28 0 255 118 59
    255 255 234 97 225 255 99 255 255 199 23 223 234 210 132 255 255 0
    255 215 255 41 46 0 255 209 0 145 4 58 255 255 129 255 203 26 255
    128 209 106 0 150 19 87 28 152 19 249 0 255 255 64 0 199 255 115 255
    19 238 255 0 42 124 145 101 229 255 26 255 161 151 0 214 177 77 68
    142 103 255 0 0 195 130 255 124 0 93 255 190 0 29 38 0 0 71 0 45 18
    148 0 12 0 38 0 87 255 69 0 14 241 0 0 124 255 0 0 85 26 239 249 255
    125 79 0 0 160 91 0 215 0 64 204 236 255 70 80 21 168 0 3 115 51 89
    255 255 102 33 182 255 40 0 57 104 9 205 226 202 140 0 255 162 16 0
    250 0 255 140 41 255 135 0 210 225 255 180 144 138 1 23 0 178 0 80
    255 130 82 138 0 95 134 255 255 255 0 46 125 255 255 101 7 80 229
    255 20 250 37 0 255 54 32 4 0 232 39 0 255 5 255 102 0 0 228 108 175
    152 0 90 45 255 107 0 217 231 255 91 96 235 80 93 0 149 6 0 255 4
    131 0 255 247 89 56 70 139 106 146 0 0 50 52 222 7 96 255 198 117 9
    64 0 193 0 230 227 169 238 169 255 8 54 0 92 0 110 164 124 0 157 91
    0 75 0 255 63 0 255 32 146 238 26 255 36 8 88 255 255 239 0 215 141
    115 230 102 44 79 255 0 106 0 59 153 255 216 237 238 10 255 255 235
    33 255 173 255 15 81 131 255 246 35 0 255 152 72 0 210 255 33 0 96
    11 143 207 0 182 30 57 226 213 149 255 0 4 98 255 255 7 0 0 0 224
    255 255 184 0 255 199 255 109 123 255 0 87 78 11 255 0 189 248 178
    255 78 157 81 0 255 0 37 155 50 225 10 0 11 255 151 37 118 0 0 34
    159 251 0 9 243 0 65 11 0 16 33 87 87 200 255 87 54 175 229 0 255
    197 215 242 208 37 95 255 0 65 255 112 0 3 101 255 78 167 54 67 10
    129 75 111 0 255 175 255 0 0 134 153 255 166 0 149 61 0 148 255 0 64
    208 255 137 128 0 17 222 103 0 0 228 0 167 0 41 51 69 9 149 105 255
    210 204 163 118 20 29 6 213 255 122 37 0 150 146 0 0 42 80 188 92 37
    255 204 47 5 0 43 255 255 65 255 164 255 0 255 23 139 78 0 255 15
    255 52 255 135 148 155 203 92 188 55 73 0 0 153 94 229 245 37 15 255
    157 90 168 51 169 0 0 108 136 158 101 255 0 135 116 0 174 203 0 0 0
    89 169 255 19 96 255 0 0 106 9 237 44 255 130 255 0 45 100 106 210
    184 55 0 255 121 100 14 124 0 255 229 104 136 20 158 0 21 33 242 247
    0 155 0 229 255 255 75 122 107 102 131 168 187 255 59 0 0 87 134 199
    124 4 172 36 0 35 0 32 100 224 85 0 59 68 115 254 255 0 255 255 0
    249 20 76 0 193 255 138 194 255 0 109 0 148 46 186 252 255 82 154
    255 212 139 255 96 0 1 135 255 0 0 189 48 0 0 0 54 0 121 174 255 159
    174 255 0 192 234 47 33 255 28 0 255 45 255 255 81 255 255 255 91 0
    0 42 99 0 0 245 255 188 99 255 213 18 63 0 255 170 96 255 191 111
    253 0 108 207 119 100 244 255 84 255 68 255 8 0 112 96 104 85 20 110
    0 92 144 63 9 141 118 0 127 0 155 69 152 255 0 255 146 58 163 0 39
    220 255 70 0 0 69 141 59 0 49 0 22 129 36 255 55 0 1 176 0 222 255 0
    0 120 255 42 133 129 229 218 33 69 7 105 26 0 0 146 0 245 0 255 222
    0 255 255 235 255 255 79 0 182 255 121 134 179 69 144 255 118 130
    255 255 18 0 172 76 0 198 255 255 28 130 150 200 45 66 205 255 88 71
    108 255 255 210 117 126 144 255 22 0 255 244 0 107 136 255 0 255 0
    27 149 255 255 37 16 144 33 45 255 241 110 255 144 0 255 92 169 0
    255 0 0 38 255 255 115 57 33 104 68 0 96 123 122 241 34 255 143 28
    255 180 84 255 255 224 207 213 248 26 245 118 38 255 237 173 255 131
    0 0 255 0 0 255 0 229 255 118 217 72 157 0 0 243 115 47 0 0 255 0 93
    243 135 197 92 121 255 0 77 255 1 110 24 85 255 133 155 35 166 27
    219 10 108 201 78 49 240 98 44 255 0 207 0 244 0 117 200 220 0 99 48
    144 0 0 0 170 21 0 236 255 181 0 94 193 57 217 42 255 6 153 79 181 0
    133 144 149 219 193 0 244 255 160 0 255 153 255 255 56 152 160 255
    247 0 91 16 143 165 41 210 255 243 255 168 56 43 167 0 59 26 98 95
    255 207 56 190 0 114 64 255 254 255 124 29 128 25 109 19 0 0 161 69
    255 0 136 255 0 190 225 225 84 219 50 255 176 0 96 195 0 161 0 255 0
    117 0 9 255 139 255 0 233 0 108 205 255 99 251 214 15 73 255 177 42
    235 250 255 63 0 0 128 42 36 191 0 68 3 39 0 255 30 216 168 90 255
    26 101 247 35 68 0 91 13 196 0 25 198 129 0 255 228 255 84 12 70 158
    255 249 255 242 255 114 229 0 27 180 255 0 166 0 190 251 211 164 255
    213 246 231 0 179 255 0 133 111 255 37 255 10 0 255 0 255 255 255
    154 255 228 51 154 123 152 0 0 151 80 255 123 255 0 117 52 142 14
    255 249 149 0 0 21 112 30 159 255 255 141 255 225 156 12 19 101 211
    212 195 17 200 255 0 13 36 99 107 255 232 85 59 98 203 237 24 147
    147 0 255 0 152 244 255 121 230 165 0 255 77 157 246 0 122 89 12 44
    255 0 239 255 186 0 143 0 0 166 255 185 255 93 255 222 88 0 255 173
    147 97 255 255 0 255 172 226 47 0 0 181 255 7 7 168 139 98 104 102 0
    115 58 0 0 232 135 201 21 0 102 238 126 92 90 255 186 58 235 255 132
    255 76 6 255 194 138 50 245 255 0 45 87 255 238 4 230 238 188 255 0
    166 252 35 0 202 0 0 0 93 63 0 124 64 255 173 243 248 238 136 216 40
    190 0 54 138 255 0 168 255 75 170 255 63 184 97 17 151 98 70 136 158
    9 255 255 216 46 230 183 211 141 132 255 0 15 255 255 112 255 180
    126 197 35 0 255 0 229 121 14 57 219 255 104 133 101 255 34 165 170
    27 255 186 255 241 255 173 122 0 255 114 77 33 128 255 87 97 0 255
    255 61 207 75 156 0 10 255 243 196 0 119 34 0 0 212 160 160 255 75
    105 23 162 255 255 62 38 252 0 255 255 0 57 43 195 255 255 113 255
    220 0 0 0 0 232 255 10 142 255 66 54 226 70 0 255 136 0 0 105 12 255
    255 2 0 114 252 204 90 29 136 255 132 255 21 115 0 71 0 194 66 78
    204 186 79 0 0 150 0 2 216 61 0 197 20 240 132 151 255 144 157 168
    255 0 147 163 43 49 227 255 255 0 108 199 110 124 18 115 148 255 239
    137 93 255 215 0 143 255 0 184 255 255 104 255 0 89 34 143 0 255 25
    176 255 0 213 61 255 158 255 0 227 89 0 0 227 241 255 193 101 255 10
    0 133 195 0 158 255 255 77 74 47 166 0 255 36 0 255 227 110 172 152
    0 9 99 217 7 241 196 255 0 0 255 90 107 80 242 0 83 131 139 136 255
    62 146 136 145 0 44 182 0 77 134 255 80 255 49 213 0 255 0 51 0 214
    0 75 0 217 0 2 0 0 49 186 73 0 0 38 0 0 255 153 125 0 0 255 87 198
    119 255 160 181 247 252 85 53 211 186 17 255 126 235 255 31 255 0
    216 0 0 255 210 255 231 213 255 173 255 142 100 71 23 192 5 134 30
    92 0 172 211 126 4 142 0 194 255 255 255 0 91 255 218 255 255 36 225
    255 44 255 108 244 91 255 42 106 222 214 37 152 84 247 229 120 56 0
    255 138 174 167 66 141 0 0 255 27 169 177 255 124 255 133 238 77 31
    255 0 255 121 255 255 0 66 73 255 100 215 130 0 255 47 0 135 149 165
    0 255 255 0 107 0 176 252 0 255 127 255 255 255 240 0 131 156 255 32
    248 255 0 151 0 71 137 0 13 0 255 255 0 181 21 70 9 247 186 197 37
    255 73 255 57 0 46 0 17 188 0 91 199 186 255 202 0 133 210 0 255 23
    156 255 23 255 191 0 139 0 93 255 0 127 75 0 255 0 157 252 106 0 107
    196 28 144 33 0 59 64 83 255 0 186 243 255 0 15 54 255 121 255 80
    144 0 147 0 10 255 255 0 133 62 62 24 39 0 145 0 177 224 255 119 233
    236 245 0 0 255 255 2 251 68 7 0 131 151 0 150 255 50 12 255 116 228
    148 123 96 0 49 140 202 145 14 127 194 255 241 191 122 0 92 168 33 0
    88 0 176 71 0 45 202 0 255 255 28 0 255 194 0 144 0 0 216 0 212 56
    127 255 0 10 117 227 255 0 93 255 52 209 0 0 255 0 184 1 251 0 166
    253 29 211 0 0 147 8 4 255 255 127 255 0 17 167 0 125 16 39 136 255
    190 187 155 62 235 45 0 152 114 41 96 60 168 31 112 255 2 42 191 0
    255 255 157 74 0 2 170 3 0 104 255 38 255 0 0 255 235 0 255 0 255
    234 0 208 0 232 0 255 34 0 100 99 66 7 28 89 103 255 0 102 25 0 205
    40 255 246 255 0 0 255 72 0 200 255 0 255 227 255 0 196 221 32 93
    193 121 47 33 110 223 189 196 53 191 224 0 77 151 183 255 139 215
    151 57 76 223 143 55 171 255 133 157 0 104 48 95 255 239 255 0 109 3
    255 129 76 90 79 173 183 56 54 90 8 42 87 255 152 70 112 226 191 0
    239 103 0 189 0 1 152 255 255 0 255 77 225 255 255 0 101 255 45 63
    19 65 255 255 71 37 0 151 201 142 187 15 0 0 116 194 7 255 152 0 132
    32 162 140 255 246 192 153 255 67 0 115 146 183 0 170 255 255 201 88
    24 129 255 255 143 8 255 233 13 38 0 255 255 5 213 255 134 255 0 234
    163 0 139 171 74 255 102 58 82 255 150 56 145 49 158 255 188 48 49
    227 255 67 60 68 121 70 177 114 0 255 0 99 10 255 0 255 194 0 255
    214 255 247 253 226 212 255 0 176 11 140 230 191 0 255 0 0 239 202
    95 255 255 171 0 0 138 226 140 255 0 0 150 152 255 0 0 255 101 67
    145 255 199 159 167 255 0 220 0 92 143 39 0 36 0 0 212 39 255 235 85
    255 73 68 255 3 221 0 180 255 0 74 140 0 23 240 255 193 0 190 89 246
    54 0 0 84 153 255 84 29 0 77 116 255 147 255 221 227 210 120 56 164
    255 224 255 253 0 222 88 255 203 0 255 255 100 8 113 255 255 120 0 0
    39 243 221 255 200 98 255 243 218 29 255 63 110 168 215 255 255 71
    108 39 0 204 255 59 255 100 255 218 201 248 255 0 48 0 7 0 0 188 0
    185 0 239 189 255 215 35 127 45 0 0 226 192 209 255 0 0 255 36 143
    181 0 136 255 69 154 0 175 74 168 20 203 147 110 236 185 218 199 0
    13 153 30 255 1 1 228 57 218 120 212 46 136 255 61 113 0 100 90 0
    216 181 13 163 0 255 96 204 130 255 175 35 255 142 0 0 255 251 0 169
    0 0 95 0 255 255 233 221 0 69 175 70 0 27 255 0 0 98 255 180 182 143
    51 0 146 253 255 188 255 42 0 0 255 181 255 9 4 208 0 0 93 203 0 200
    0 255 255 255 18 0 163 175 255 132 255 8 0 0 190 166 101 255 255 2
    216 187 0 255 0 119 255 137 216 109 102 0 49 9 39 146 255 202 72 86
    171 21 255 54 0 255 0 255 81 255 0 99 24 226 0 105 29 97 0 147 195
    172 255 35 255 0 255 50 31 117 168 0 53 242 10 143 44 25 185 88 255
    255 144 17 0 147 255 182 255 255 255 255 171 0 255 255 0 238 0 255
    255 158 255 0 255 0 255 167 27 7 49 94 174 255 197 254 14 255 155 91
    0 16 52 208 122 5 247 255 35 123 123 0 35 0 139 108 25 248 99 43 183
    48 0 105 255 255 174 100 201 121 172 226 193 211 112 38 182 253 204
    0 0 158 238 114 17 152 255 129 207 239 129 237 255 9 255 255 0 0 54
    0 81 156 59 209 0 255 255 0 255 184 0 255 118 184 100 157 6 196 104
    255 177 82 73 255 255 112 86 19 255 0 188 255 28 0 182 0 110 0 20 2
    0 255 18 0 217 9 255 123 210 243 255 0 168 199 255 0 147 21 241 164
    86 206 88 0 157 113 0 120 10 144 0 143 139 255 233 120 255 193 249
    166 0 85 139 29 255 22 34 173 48 71 66 243 255 255 251 255 255 255
    83 0 95 51 255 0 0 255 255 51 54 58 142 255 16 125 0 8 0 0 109 136
    169 28 89 255 191 141 0 213 130 255 122 255 0 131 111 187 242 255 0
    181 0 6 188 249 0 153 155 71 255 255 160 101 167 78 255 231 233 31
    255 255 207 178 156 36 12 228 20 134 71 190 48 16 221 0 204 0 48 0
    149 126 163 164 118 59 49 0 0 228 0 0 190 130 76 123 0 26 175 176
    164 255 229 214 18 255 236 182 19 12 64 0 245 0 80 3 166 255 253 87
    181 141 10 255 139 255 255 0 0 255 4 155 255 0 238 255 5 255 56 156
    255 0 0 147 0 126 65 20 218 0 0 255 66 74 53 195 65 0 23 131 95 73
    246 255 0 48 0 0 255 139 208 255 0 150 228 116 72 198 255 0 0 255 44
    255 76 199 255 75 255 0 141 162 176 229 255 255 255 78 137 234 13
    238 255 189 84 25 31 199 255 195 255 252 133 255 75 113 28 255 82
    255 255 17 242 197 178 0 177 96 254 255 255 173 88 226 255 182 178
    225 255 198 0 84 0 17 255 26 2 0 0 255 32 255 209 0 31 255 135 92 60
    51 255 36 109 152 214 255 40 144 255 255 148 53 24 255 165 255 61 0
    47 0 0 255 91 121 24 255 247 152 9 255 198 226 20 0 253 25 184 39 88
    255 0 169 4 219 0 155 138 0 193 125 250 11 196 126 47 204 49 24 32
    110 4 92 155 0 61 0 0 0 25 255 84 177 0 214 255 16 245 144 166 255
    28 158 65 0 255 0 12 255 221 0 255 97 42 0 218 0 0 147 66 84 54 170
    255 63 255 80 42 255 227 97 133 12 255 137 0 163 134 174 40 255 255
    70 255 255 255 0 195 168 145 0 255 0 255 167 117 4 0 255 0 12 21 188
    4 85 46 252 0 170 222 0 95 181 26 26 0 13 255 41 247 130 161 255 0
    160 0 21 0 166 0 140 181 255 146 255 51 203 61 248 216 249 12 255
    147 245 190 255 116 115 0 255 184 241 39 255 241 255 255 252 214 92
    154 168 0 23 187 0 116 255 116 228 151 253 255 104 118 118 0 0 81
    235 239 115 255 255 68 117 255 195 0 0 56 255 0 245 0 255 79 117 77
    255 255 53 230 240 255 234 17 209 252 113 210 255 209 73 59 223 17
    45 201 139 255 0 255 0 0 255 136 46 255 255 255 255 122 178 0 179
    182 53 82 223 6 3 223 255 0 255 0 33 35 253 255 0 70 133 0 120 244 0
    219 0 141 2 0 166 15 241 176 0 255 4 0 87 0 244 255 0 255 110 220
    193 255 132 215 25 17 0 55 255 0 174 16 119 0 255 67 113 54 0 27 255
    0 169 70 224 142 128 59 255 167 118 80 210 0 123 155 82 201 56 255
    171 0 93 33 247 79 11 191 225 255 0 0 89 0 149 215 232 0 0 241 61
    135 229 0 118 97 0 113 238 252 2 29 201 255 0 14 255 203 255 125 248
    255 127 162 255 223 255 197 26 38 207 110 170 139 76 255 203 159 0
    220 88 115 255 12 165 232 148 137 98 0 24 49 255 155 255 4 57 0 255
    159 72 223 0 67 0 255 114 255 49 0 255 42 130 255 135 69 255 255 255
    255 179 38 0 0 173 75 75 58 0 255 8 255 110 76 40 0 235 63 0 140 35
    0 0 241 255 255 33 255 207 23 56 152 132 0 231 202 255 3 90 50 255
    52 107 255 226 39 0 0 255 255 208 5 129 183 86 188 188 0 81 213 194
    225 57 255 0 13 45 99 158 120 1 255 185 0 0 118 247 255 79 27 0 255
    0 232 54 0 225 255 148 163 20 254 249 76 136 255 230 77 255 94 215
    45 16 0 226 255 100 254 93 127 15 15 190 215 138 114 0 157 255 7 65
    75 0 187 114 255 255 255 69 255 255 0 255 144 187 255 255 210 228
    154 164 62 134 255 107 204 97 72 0 149 196 13 152 137 155 255 0 255
    79 242 90 114 131 5 20 255 214 135 190 0 55 32 0 170 0 199 0 250 147
    0 255 133 0 83 188 215 6 255 106 164 243 10 130 255 255 125 231 146
    143 63 0 234 0 13 255 255 26 147 255 118 104 229 191 255 48 196 74 0
    68 255 52 255 255 255 172 107 5 255 42 43 180 255 255 129 148 255 53
    170 66 255 26 214 255 0 118 13 255 69 255 255 246 98 43 231 0 158
    194 0 0 255 54 0 255 235 200 27 209 255 117 0 0 246 0 10 65 139 232
    85 52 0 0 38 0 0 255 255 86 195 255 255 99 221 38 0 44 70 255 235 0
    54 106 124 55 192 255 159 162 255 0 172 244 90 50 225 170 71 183 217
    255 0 0 188 145 0 119 0 0 0 34 255 255 255 228 185 31 76 0 0 213 18
    66 149 0 255 94 63 36 166 9 0 41 88 62 0 204 138 219 190 179 76 160
    0 240 252 0 0 165 167 109 140 255 152 0 226 0 27 0 49 227 0 92 255
    203 254 0 169 214 190 255 203 79 243 221 234 1 255 192 0 216 0 255
    255 91 255 31 247 108 199 255 246 56 68 126 136 113 0 255 0 4 255
    255 245 255 255 112 166 49 255 0 223 188 128 223 17 177 84 247 11
    181 255 217 255 0 255 164 33 255 255 0 119 255 224 75 25 34 0 255 0
    0 112 255 0 0 197 255 255 255 170 255 67 188 165 0 112 0 144 255 0
    133 219 132 228 24 121 127 0 255 145 237 0 44 255 65 0 255 71 181 77
    123 53 219 93 255 60 0 41 233 30 237 152 76 120 255 13 245 128 123 0
    255 31 249 0 172 255 0 0 255 247 120 0 0 0 184 179 255 73 117 186
    183 99 16 20 76 255 7 101 241 144 223 58 221 255 98 36 70 255 121
    149 255 144 247 234 87 78 0 0 169 255 91 1 128 168 82 118 57 59 0
    149 255 0 196 43 255 20 83 255 0 0 0 113 91 130 0 22 255 181 27 182
    250 255 142 0 0 118 195 0 64 255 0 0 115 171 53 129 0 240 255 202
    255 0 0 41 255 164 33 120 57 82 149 6 57 0 227 255 139 255 180 235
    55 0 20 255 0 234 248 255 0 0 214 109 195 183 70 104 252 67 9 155 13
    255 23 120 25 201 174 0 0 0 50 255 175 0 249 106 134 229 63 39 255
    185 70 173 70 255 117 255 0 255 255 0 45 53 243 116 228 48 0 58 164
    255 150 160 255 0 86 0 103 159 21 255 240 0 58 255 0 90 131 0 165
    110 255 81 4 255 177 221 255 0 184 128 255 191 159 85 0 0 38 0 175
    119 0 255 126 255 45 0 255 255 0 15 78 199 255 71 8 255 14 55 74 29
    255 255 139 72 227 45 105 66 229 71 84 156 23 0 0 0 129 127 0 255
    255 100 255 0 255 255 255 0 186 116 52 135 255 0 123 255 166 255 184
    0 119 138 176 0 103 0 233 0 0 231 0 2 216 102 115 14 255 0 255 255
    127 20 209 0 94 219 0 145 147 0 113 255 0 0 15 173 255 0 0 111 2 0
    170 166 170 255 28 255 255 99 92 255 170 228 94 8 12 255 0 98 191
    232 0 0 71 33 255 0 21 255 0 0 255 87 0 39 214 255 0 210 44 0 233
    165 226 0 99 255 0 0 160 0 214 151 255 0 131 226 186 15 13 15 63 134
    0 255 230 247 74 28 141 0 32 89 183 96 57 255 252 0 137 4 0 215 0
    135 95 18 99 153 132 0 211 143 7 63 91 255 255 114 195 0 0 0 143 0 0
    76 0 0 255 255 158 255 255 224 215 255 143 57 0 109 89 0 96 179 245
    0 255 255 0 0 103 158 255 84 135 172 62 9 255 255 146 225 170 0 152
    79 24 104 85 92 163 45 211 132 85 99 0 152 225 0 172 82 255 230 148
    0 25 0 121 106 255 237 132 211 25 17 187 185 255 152 0 255 84 0 255
    0 233 255 99 0 0 204 127 72 206 255 9 109 0 161 213 27 201 255 0 81
    91 85 234 255 178 255 251 0 186 150 193 57 0 0 87 24 249 251 220 207
    255 155 116 141 165 221 175 4 232 221 218 182 255 223 237 196 127
    180 255 214 177 73 255 109 0 51 239 255 108 255 200 160 126 183 0 0
    95 138 170 0 135 150 249 242 255 163 155 58 255 255 140 255 184 117
    51 66 0 38 86 50 4 0 40 142 0 255 0 0 255 194 163 228 255 0 193 255
    152 114 207 190 98 255 202 19 241 255 0 255 237 0 28 255 10 110 140
    92 15 0 116 125 76 247 0 0 86 183 0 212 51 0 192 32 72 0 65 226 45
    69 255 5 193 96 255 216 228 255 0 0 200 255 229 0 0 255 126 0 42 84
    101 226 244 0 0 173 48 119 0 49 0 0 190 0 190 228 130 98 238 255 255
    7 252 0 0 255 107 195 229 0 183 112 59 95 225 0 0 255 59 46 48 209 0
    160 232 255 0 0 235 0 0 14 255 89 255 255 255 183 241 0 0 161 255
    252 0 255 21 0 0 255 65 53 205 253 60 5 211 80 112 255 100 223 0 9
    155 255 69 101 255 14 89 252 233 255 255 54 141 252 232 186 199 124
    227 66 252 0 255 35 18 233 84 128 138 144 0 0 255 113 198 255 50 14
    0 0 141 218 148 0 255 207 102 255 255 201 0 255 0 0 0 188 80 255 151
    201 183 0 255 69 222 0 59 255 139 255 233 156 64 60 19 255 15 255
    255 255 200 58 255 186 255 45 0 255 255 0 76 60 111 99 255 148 124
    255 0 255 146 0 195 255 0 144 160 163 188 192 63 255 255 255 255 0
    77 0 255 255 29 255 182 14 43 220 47 72 0 84 140 255 94 255 199 29
    255 3 0 255 130 250 238 84 98 0 0 255 45 101 0 94 90 0 0 56 0 208
    105 255 255 35 255 220 0 255 0 5 255 24 179 61 58 169 0 22 108 42 58
    73 43 0 163 110 93 55 141 255 201 255 0 255 255 251 249 0 76 156 155
    255 162 0 132 166 0 152 111 0 255 249 255 0 220 255 255 233 255 202
    120 161 0 227 0 236 0 0 32 0 66 238 186 207 0 185 110 255 132 36 0
    120 255 41 0 128 197 23 166 255 120 119 45 232 83 183 214 45 0 36 0
    118 255 48 143 8 71 0 0 196 0 58 0 0 116 0 255 161 168 209 45 232
    159 28 95 73 223 25 112 255 103 253 69 21 237 255 67 205 255 255 124
    0 98 46 0 84 0 255 110 134 255 158 207 205 255 179 0 166 255 0 160
    255 166 61 67 6 159 150 24 255 93 171 250 106 0 255 58 18 0 29 178
    80 255 255 143 0 61 227 3 42 0 110 255 255 255 226 255 219 179 255
    202 161 40 255 255 0 255 255 129 181 238 34 97 187 187 196 38 255 60
    25 26 5 223 0 0 224 0 52 255 48 91 87 255 112 11 51 8 0 122 28 0 65
    255 0 0 159 87 255 0 109 255 183 255 121 192 255 0 124 255 104 13
    255 233 0 0 31 17 89 241 67 0 0 164 31 255 255 0 255 255 0 0 150 157
    0 137 77 255 216 255 255 66 23 225 120 189 82 0 0 166 0 13 102 0 232
    66 127 0 0 0 37 255 17 150 21 172 240 108 14 255 45 31 255 0 87 173
    211 234 76 0 124 122 67 3 255 174 26 210 205 43 142 255 177 169 255
    104 169 191 255 79 255 0 17 0 45 255 255 0 174 0 255 255 158 255 0
    54 255 124 201 0 53 153 255 219 0 255 255 0 255 245 61 45 255 128 62
    143 48 120 255 87 255 255 60 122 255 133 167 54 170 23 208 255 255
    255 0 167 0 244 0 198 255 255 151 219 255 129 0 147 255 0 93 186 255
    209 158 81 42 17 3 231 48 0 134 169 36 255 0 158 255 0 159 0 70 64
    255 255 37 255 56 0 235 151 255 41 136 184 18 0 8 0 30 255 24 255 75
    181 0 255 134 0 40 255 0 0 0 0 77 0 159 27 255 247 155 86 239 85 198
    0 75 24 27 57 56 0 8 255 85 229 255 23 231 202 200 0 187 192 165 231
    62 255 184 192 175 66 40 255 78 255 255 34 91 255 136 56 255 158 86
    0 0 255 0 65 60 0 114 181 56 0 67 255 79 197 71 0 242 252 244 255
    255 0 255 243 104 0 31 255 249 33 227 115 166 208 16 0 255 255 255
    59 2 255 255 0 255 28 252 58 245 153 110 0 102 163 70 79 59 113 255
    255 37 96 0 225 206 110 126 19 177 88 0 255 204 252 255 255 255 0 86
    255 41 94 137 107 224 255 0 121 255 0 222 255 0 0 254 32 255 0 250 0
    255 45 241 255 0 233 179 255 73 208 255 25 0 217 123 244 0 12 101 29
    229 171 0 41 186 154 173 217 242 0 214 58 0 175 0 255 255 106 137 0
    62 215 120 0 30 68 207 107 217 173 236 255 99 214 214 0 0 255 152 10
    55 255 244 159 0 219 255 69 0 0 142 0 255 0 192 217 91 255 255 25 0
    161 0 51 11 137 93 201 28 79 255 170 251 255 22 211 172 212 255 177
    141 255 238 255 43 143 0 68 87 255 128 0 7 255 15 0 7 49 207 6 221
    255 193 239 114 145 255 126 255 115 154 70 193 255 61 249 255 0 137
    255 237 0 6 125 231 138 255 156 114 0 255 153 115 203 0 255 255 187
    25 255 228 223 175 255 111 180 153 61 90 62 0 100 2 50 139 250 199
    164 255 255 106 199 255 255 145 209 132 55 137 255 0 216 7 255 0 72
    223 0 0 255 183 191 0 26 181 70 255 25 0 136 172 173 255 223 2 173
    225 0 179 99 0 187 0 7 98 19 97 217 9 224 35 2 188 255 255 51 138
    109 92 255 138 0 199 130 175 108 0 0 255 255 148 0 0 173 0 22 174
    126 189 0 125 84 255 45 159 175 104 46 67 255 81 173 99 255 255 0 0
    0 68 13 255 0 224 255 251 192 255 162 31 176 255 3 0 203 77 0 0 0
    251 194 0 1 255 203 156 255 153 255 255 0 208 255 194 255 109 0 255
    38 72 255 210 32 0 0 169 11 0 126 255 0 0 251 142 207 0 122 224 55
    45 255 161 255 59 134 255 77 210 255 146 173 248 127 255 105 9 255
    46 208 0 0 226 255 255 145 255 71 215 178 180 0 18 0 59 172 93 159 0
    19 153 173 255 136 80 218 0 29 0 248 255 111 128 3 255 223 218 189 0
    34 255 63 0 176 255 189 0 158 93 59 65 195 168 0 50 137 41 0 255 122
    255 255 0 86 41 229 173 117 83 190 166 255 156 118 17 0 164 253 56
    117 156 177 6 120 64 57 111 0 255 80 255 0 173 255 78 255 103 66 110
    107 255 255 254 0 255 255 223 245 221 238 255 0 255 254 0 250 82 203
    0 255 188 235 226 255 0 13 107 0 93 56 239 138 25 144 255 0 50 255
    228 23 212 228 96 219 31 217 224 127 195 135 255 0 147 151 0 183 0
    69 192 0 255 4 255 185 0 131 90 112 162 68 244 0 255 33 255 31 56 0
    0 180 44 137 111 223 173 192 204 236 236 0 159 216 255 37 194 188
    197 111 189 0 64 36 30 208 202 25 255 180 255 209 255 255 0 2 121 0
    189 166 255 255 26 226 250 0 255 0 6 133 252 216 120 136 255 125 210
    109 164 255 140 255 0 211 255 0 255 153 255 105 11 0 0 172 0 255 69
    18 0 96 0 210 132 255 255 255 64 109 144 0 255 255 18 208 25 152 226
    143 208 255 68 237 38 207 255 255 155 0 240 193 255 255 255 255 255
    108 219 182 192 192 0 97 250 217 28 0 250 140 255 255 139 81 109 0
    101 0 255 129 255 186 0 254 0 255 0 0 0 82 0 196 155 255 94 255 75 0
    133 27 255 44 0 97 255 91 4 105 255 170 255 255 10 113 148 216 0 143
    0 106 93 255 130 0 255 255 183 255 201 21 0 255 255 65 0 255 93 234
    121 160 171 170 0 65 72 255 227 57 0 217 255 41 172 255 0 0 255 74
    75 192 49 0 40 172 0 36 0 46 153 207 247 0 201 242 106 0 0 183 195
    107 159 220 88 196 17 35 255 255 217 118 244 255 74 120 255 0 255 0
    99 180 168 0 33 255 189 0 29 0 150 133 21 129 255 210 179 192 0 90
    170 61 233 253 164 60 30 135 243 204 0 25 210 203 9 0 0 26 167 255 1
    248 43 255 210 0 0 207 132 141 0 116 255 93 216 255 21 255 96 0 106
    0 209 36 97 187 35 0 12 118 0 59 0 114 0 0 145 142 208 255 255 242
    33 206 83 0 0 3 154 255 157 204 67 187 255 53 255 21 173 255 120 255
    255 202 255 94 169 49 255 220 178 177 0 255 194 21 255 28 220 52 0
    112 255 0 162 19 172 56 255 93 0 47 143 0 255 9 14 255 132 167 255 0
    178 221 0 208 164 119 255 105 251 73 79 255 208 253 0 81 0 37 218
    255 196 69 126 0 119 223 3 83 75 192 136 103 255 216 74 255 187 2
    255 212 255 187 185 255 158 255 78 254 201 187 100 122 62 0 253 149
    0 255 255 29 0 16 182 247 0 66 70 27 255 45 255 97 57 72 246 0 251
    184 158 208 243 161 0 203 236 151 155 0 252 255 255 46 169 107 58
    115 30 0 23 29 142 255 208 202 147 198 57 208 249 123 76 219 249 0 0
    119 148 232 17 203 255 183 0 55 0 176 131 146 255 159 226 62 249 14
    7 71 118 211 255 228 255 253 251 201 0 193 69 0 38 0 0 124 251 98 81
    210 0 25 0 92 169 0 107 255 3 58 30 109 24 0 158 49 218 186 255 189
    24 155 0 155 120 11 255 0 255 0 255 255 75 24 255 0 131 0 35 0 0 0
    47 189 0 255 67 0 26 106 233 12 10 139 132 177 84 91 181 164 60 0 29
    0 208 209 113 116 221 158 53 0 199 149 144 141 19 0 223 159 8 86 0
    166 169 249 239 180 255 0 191 255 235 28 235 255 255 36 32 224 128
    255 141 0 21 28 16 255 66 203 0 155 255 0 165 0 59 86 0 161 73 141
    255 251 246 0 141 0 46 26 0 115 0 74 0 61 129 0 0 50 255 255 255 3
    255 71 66 0 27 0 3 255 0 181 175 240 145 97 255 107 144 255 0 0 0 0
    0 104 89 89 255 15 255 181 73 255 203 0 181 255 254 180 128 255 176
    255 255 171 255 83 125 0 0 0 99 155 147 0 112 0 48 255 255 255 255
    255 0 0 198 239 0 210 254 0 105 84 103 84 0 0 228 0 0 95 0 165 215
    175 152 255 0 255 175 177 210 255 255 164 233 252 143 196 44 255 0
    236 0 250 241 51 236 121 138 0 0 125 0 255 35 0 71 255 49 255 255
    185 0 255 255 251 0 137 239 255 64 0 117 98 188 141 22 0 255 152 255
    255 106 139 220 96 18 20 232 194 70 255 253 122 15 180 0 23 255 212
    210 18 101 51 180 0 118 0 147 0 80 14 0 0 255 172 83 255 255 0 55
    231 87 220 42 135 0 132 45 0 0 214 47 254 170 24 0 255 255 255 114
    105 186 137 32 255 0 0 236 115 255 237 151 116 161 72 206 64 255 69
    126 12 72 255 20 182 229 239 0 165 46 116 92 90 255 207 255 84 0 238
    255 70 243 44 0 214 55 199 0 255 196 131 146 248 238 255 0 0 75 43
    73 255 138 240 215 77 126 142 255 255 0 255 11 0 229 168 0 0 127 159
    0 157 145 174 144 225 0 0 86 0 139 255 6 179 89 33 255 233 191 46 4
    0 207 22 229 47 0 158 255 20 255 0 103 51 91 0 167 93 75 255 242 146
    255 168 255 128 203 121 111 98 178 255 116 238 0 255 255 97 255 133
    255 0 255 40 255 146 0 31 220 154 255 0 136 197 25 0 255 0 96 255 0
    235 118 59 187 255 66 248 0 62 15 100 71 255 233 52 86 89 189 169 0
    225 56 35 74 205 155 4 107 121 0 132 255 74 14 164 185 0 136 192 209
    209 238 62 62 232 201 193 158 255 16 0 37 15 170 214 166 255 158 177
    71 116 255 255 107 255 255 211 146 194 109 189 0 229 52 244 177 5
    106 0 16 12 174 30 53 220 34 131 212 74 237 174 17 0 255 97 0 86 36
    159 17 158 21 246 64 110 255 112 169 255 107 26 73 255 176 59 0 165
    241 224 68 241 188 0 127 0 60 254 136 202 255 0 255 0 55 0 160 156 0
    0 255 0 0 79 0 40 45 209 230 215 255 207 0 255 17 255 234 0 59 200
    111 0 0 171 159 255 0 0 235 240 255 0 229 0 190 156 26 102 0 239 61
    106 34 111 0 214 148 0 255 255 177 37 58 255 122 147 234 255 96 255
    61 0 181 183 0 255 10 26 72 69 255 100 78 255 255 63 59 216 0 0 247
    255 143 0 73 108 142 0 0 255 57 215 244 0 45 40 172 255 0 0 227 195
    218 71 28 171 94 43 255 255 204 178 255 255 255 112 131 175 180 39
    136 255 72 219 67 122 238 255 167 124 255 161 29 160 171 191 255 69
    101 254 255 255 255 177 255 15 255 0 211 195 102 64 49 242 150 197
    231 38 255 202 0 0 67 87 255 185 0 107 29 140 197 230 197 255 255 0
    93 253 255 0 0 193 166 87 0 249 192 255 255 255 255 255 0 143 52 0
    237 196 0 169 0 232 110 42 255 229 0 215 0 73 0 0 255 74 161 192 131
    185 244 0 0 0 21 88 0 246 105 105 0 68 0 255 255 222 34 205 255 104
    119 195 219 230 27 60 166 183 255 183 230 120 35 0 0 0 255 255 121
    189 238 255 80 0 0 44 254 255 58 98 114 207 120 105 0 0 140 177 102
    176 75 122 180 73 148 78 89 255 16 194 82 107 255 151 0 255 201 0
    150 255 255 0 255 106 0 255 0 199 174 146 249 206 0 0 51 176 90 72
    255 33 213 184 142 114 0 255 242 234 0 17 223 212 215 107 189 0 255
    18 131 189 255 255 39 109 134 255 231 82 161 255 0 72 130 140 92 255
    176 255 221 120 65 65 250 255 255 6 251 0 100 137 166 110 0 82 255
    255 241 87 255 61 204 169 168 0 171 156 0 0 255 255 255 206 98 166
    178 255 38 32 255 147 0 18 255 232 102 113 0 0 237 89 224 255 60 255
    190 38 148 92 202 132 255 118 255 212 0 255 255 67 81 255 106 12 192
    255 12 255 4 72 135 0 255 0 255 94 0 160 0 255 0 73 255 98 255 255
    255 16 0 0 198 255 96 30 0 87 58 255 97 132 180 31 40 192 212 240
    255 0 192 184 78 0 255 0 184 255 179 74 255 0 14 212 250 77 0 193
    145 188 15 150 9 44 255 188 255 224 0 81 255 141 41 255 65 181 100
    111 137 168 34 206 121 255 204 255 178 255 33 83 125 0 19 12 234 219
    86 103 0 0 41 33 147 0 101 232 73 218 160 209 28 214 200 99 33 1 255
    0 0 70 0 0 255 0 89 48 81 18 255 152 128 115 154 0 114 0 234 255 255
    220 218 255 224 27 255 0 255 168 182 0 139 0 0 94 165 87 247 0 34
    255 255 216 0 255 0 255 0 141 0 49 255 48 0 0 255 192 164 0 130 0
    207 0 0 122 173 29 31 49 0 0 171 255 0 12 49 223 0 55 240 218 93 47
    255 206 229 145 255 255 15 190 209 0 0 131 255 163 16 81 122 99 167
    141 255 0 91 255 5 255 255 255 255 194 213 151 0 191 0 113 0 23 193
    255 0 255 255 201 61 0 18 0 30 0 0 209 0 118 162 255 145 3 0 245 0
    255 0 172 151 117 92 81 0 186 214 166 108 57 13 133 255 236 0 255
    255 0 2 0 25 100 0 255 159 141 49 127 0 217 66 0 22 63 161 241 0 192
    0 38 97 168 23 0 0 106 229 0 255 210 55 203 162 90 178 200 0 255 0
    255 239 3 36 205 98 0 40 53 56 55 90 35 83 24 20 119 200 255 255 31
    171 169 0 127 198 0 255 0 255 0 0 32 255 255 18 255 255 70 67 255 0
    63 255 0 188 177 37 234 205 255 147 89 98 0 11 204 195 0 174 255 90
    255 44 80 189 76 117 18 240 0 142 208 104 26 148 0 255 85 122 129 0
    179 251 25 82 255 198 0 0 63 88 255 219 34 109 13 107 0 0 255 255 28
    97 184 177 220 7 0 0 0 255 0 93 123 167 0 0 21 51 44 89 96 255 116
    237 255 204 97 180 0 42 255 205 119 41 255 255 255 255 233 116 187 0
    255 199 224 171 153 112 194 0 255 126 0 0 178 0 222 0 65 28 0 103 24
    214 214 0 127 244 0 0 160 255 0 79 255 22 201 255 162 201 0 186 0
    150 114 141 148 248 54 227 252 255 213 106 176 63 221 0 255 158 0
    255 165 185 163 255 255 0 255 0 0 124 129 255 106 216 255 223 162 48
    130 1 255 197 142 123 0 255 186 75 106 92 190 132 117 206 149 185 59
    28 33 0 68 255 255 70 0 194 186 255 241 127 38 170 255 255 153 255
    200 241 166 251 218 0 0 0 78 0 176 0 16 255 154 156 141 192 232 42
    243 0 251 145 132 171 255 218 117 166 0 0 100 201 0 0 0 244 87 154
    200 255 0 221 255 255 255 255 0 0 255 205 22 255 255 10 103 153 148
    129 26 122 17 0 21 255 0 103 63 223 0 0 0 246 255 40 0 207 196 255
    184 11 231 0 255 63 186 0 0 126 0 148 167 0 142 59 0 228 0 0 0 108
    212 29 131 127 223 159 255 152 106 25 22 165 58 138 42 53 75 94 184
    13 113 180 187 255 103 0 183 210 249 0 228 140 0 132 165 255 255 196
    235 0 159 32 46 255 255 255 255 0 0 158 47 149 34 233 90 69 243 171
    255 0 210 165 72 242 77 255 123 186 217 36 0 135 0 0 47 254 255 254
    182 52 255 86 144 255 5 167 75 255 84 234 187 255 121 0 128 91 187
    68 255 255 0 200 150 68 255 255 59 53 255 171 125 197 75 55 173 5
    166 255 255 93 0 0 214 0 185 5 0 132 47 0 113 31 12 242 0 51 105 22
    255 244 0 145 255 117 173 0 149 81 85 208 73 0 0 46 122 107 214 189
    7 122 166 236 0 77 0 102 255 224 182 251 255 156 124 35 57 199 255
    105 255 250 255 255 16 0 213 255 64 180 0 172 12 171 0 0 0 197 0 25
    8 0 208 255 63 255 123 83 87 208 0 51 49 76 22 186 165 125 74 55 118
    255 0 169 77 34 7 28 255 91 194 194 75 0 255 255 73 22 6 196 255 165
    0 112 137 254 47 52 197 141 185 165 189 170 255 60 160 255 134 255
    230 156 255 0 60 0 255 161 233 255 96 6 85 194 140 205 144 255 78 0
    162 211 0 126 179 205 170 255 49 20 210 0 189 0 18 0 59 137 148 0 0
    27 0 186 81 53 198 236 255 83 255 73 204 109 97 0 246 62 179 202 156
    0 252 0 0 53 0 255 254 46 184 255 1 255 0 169 208 255 164 81 255 0
    136 255 255 176 205 255 214 0 248 0 197 255 126 197 58 150 255 0 79
    7 195 255 0 35 227 86 19 255 255 132 82 255 255 103 10 224 167 255
    255 135 255 233 87 81 143 220 255 183 255 166 182 106 98 255 255 0
    180 86 198 72 120 10 205 168 206 255 54 255 45 20 255 12 168 142 0
    68 195 37 0 89 0 173 228 76 136 0 23 0 0 157 235 122 189 193 0 61
    255 255 165 224 0 240 37 255 47 187 7 32 255 36 197 52 208 255 111 0
    238 48 43 0 72 255 173 127 151 80 255 221 0 255 154 131 23 255 255
    255 255 98 53 247 38 98 134 136 99 176 0 0 170 130 0 145 63 48 255
    255 38 176 255 255 0 21 0 3 90 0 0 207 57 96 0 0 160 255 0 0 255 0
    255 0 0 139 142 62 255 255 0 63 255 219 25 160 159 0 255 116 134 46
    193 109 114 0 187 182 191 255 216 2 236 255 158 255 0 255 84 255 0
    52 209 101 0 183 161 185 255 255 156 75 238 64 96 18 255 204 47 67
    244 144 0 194 97 219 255 70 44 0 94 227 44 60 27 124 255 0 76 134
    255 90 128 255 54 255 0 0 255 0 19 0 255 190 0 255 255 139 107 57
    255 155 142 95 255 69 0 255 0 0 255 10 228 52 0 255 42 213 0 201 234
    0 250 255 0 36 255 144 164 51 0 0 255 154 223 147 90 255 149 134 141
    24 111 255 241 67 255 105 255 227 32 184 0 179 190 0 0 0 174 255 159
    188 225 25 79 120 183 230 205 51 138 163 255 178 212 253 255 47 255
    158 106 0 225 192 193 127 41 197 199 192 17 225 0 0 255 6 190 85 101
    182 0 126 0 77 61 0 255 166 128 222 86 255 255 157 56 63 195 255 0
    202 255 0 58 0 156 41 0 157 0 255 255 119 255 255 0 255 167 255 38
    255 0 255 81 213 2 0 51 0 212 166 0 48 26 250 195 41 255 255 95 75
    199 26 0 53 194 153 218 115 255 58 82 255 167 255 207 232 0 166 160
    255 255 223 250 130 0 0 237 251 254 168 188 255 216 255 65 0 255 214
    133 95 54 173 114 255 0 146 67 122 229 0 78 147 244 181 255 255 224
    0 15 0 175 0 0 0 255 163 226 131 87 245 253 255 71 83 191 255 30 146
    88 182 181 218 18 0 0 255 255 38 255 255 0 96 255 165 0 255 187 255
    255 0 254 0 255 87 201 82 204 246 80 0 145 255 0 243 0 0 255 32 224
    62 249 199 0 255 0 255 0 163 108 255 75 110 255 255 234 106 112 212
    0 0 81 72 0 193 182 0 1 255 255 0 0 250 180 0 255 255 252 0 181 34
    143 92 4 243 80 163 179 90 79 208 0 0 233 254 0 157 112 255 122 128
    56 0 97 0 54 255 154 253 255 0 85 85 94 235 89 98 255 64 240 29 0 2
    255 252 62 255 2 255 178 69 0 27 0 130 156 12 71 0 15 57 0 255 31 0
    0 254 38 247 243 67 15 129 0 0 0 0 5 22 225 110 2 90 82 255 249 255
    184 255 246 120 10 28 110 80 0 45 168 0 228 237 255 18 245 245 245
    255 46 0 139 175 0 255 0 0 209 0 249 162 255 255 0 8 0 0 94 255 103
    132 255 255 161 255 0 243 255 82 45 36 255 77 255 178 255 147 17 218
    80 0 255 64 0 0 37 117 0 154 15 80 132 255 0 0 255 0 120 91 0 0 76
    216 255 247 223 255 71 232 228 0 39 221 228 79 83 255 87 111 0 143
    66 255 162 195 75 214 244 55 22 106 234 0 252 62 255 255 115 205 37
    0 91 238 71 10 255 235 255 236 159 0 208 224 46 79 255 156 220 105
    25 157 227 31 182 91 254 129 255 246 160 128 124 117 232 134 255 171
    10 99 255 76 126 0 4 213 212 157 124 0 0 0 151 0 26 0 0 112 255 162
    159 82 222 221 0 137 209 14 0 181 255 0 0 0 255 142 122 205 0 0 132
    223 56 15 255 45 169 168 255 140 255 0 209 223 181 255 255 255 249
    250 80 65 113 115 255 255 210 255 67 255 246 147 152 126 255 21 255
    187 201 127 0 34 0 100 0 159 237 194 127 3 32 200 8 255 240 0 3 115
    129 0 170 255 0 194 255 149 0 164 179 140 255 188 29 255 34 125 46
    110 255 0 70 0 0 190 201 249 162 16 255 255 111 50 204 0 65 251 0
    251 132 255 0 188 197 251 255 255 129 11 202 155 0 157 0 202 88 0
    115 0 12 112 21 242 0 225 177 225 255 0 0 68 195 96 131 157 158 151
    255 225 255 130 255 21 173 255 255 154 208 255 94 205 178 0 0 255 0
    255 255 255 255 82 82 255 0 59 0 0 0 203 255 0 0 1 255 255 0 0 255 0
    161 22 98 186 199 187 153 138 95 207 0 29 255 226 17 244 187 0 120
    166 110 218 244 8 255 116 237 23 0 131 255 0 0 0 0 131 78 27 202 57
    0 255 66 24 234 0 0 0 201 184 0 186 253 6 255 255 255 27 255 18 210
    174 84 255 111 40 83 54 110 0 255 255 255 216 2 95 255 21 255 219
    183 0 255 141 116 247 255 8 255 50 218 107 255 233 208 255 152 159
    121 27 36 66 255 38 0 85 245 28 142 115 255 255 142 0 31 239 210 181
    67 221 171 255 190 255 0 172 62 220 96 217 109 215 233 125 158 81
    255 255 0 255 223 162 255 255 0 0 173 0 255 86 170 176 255 158 0 255
    255 93 209 0 17 0 149 251 112 236 53 255 155 130 63 23 0 37 255 0
    171 86 91 0 0 131 59 255 227 156 4 255 0 8 228 255 63 225 159 40 255
    170 5 180 0 0 100 93 255 26 106 255 196 58 12 85 209 45 255 111 174
    189 145 0 155 228 215 2 118 255 133 242 213 255 100 248 1 220 75 0 0
    255 255 0 68 232 255 185 0 243 0 0 255 38 171 14 204 54 0 196 127
    176 101 0 0 255 15 122 183 70 255 0 255 20 255 84 0 179 255 37 150
    192 206 0 22 255 68 0 218 138 20 243 109 199 0 239 0 0 255 255 255
    255 141 220 255 142 0 221 255 12 55 255 255 140 0 231 102 0 129 69
    144 229 244 0 0 0 46 255 49 0 0 252 165 202 14 0 127 209 0 168 113
    21 25 233 34 231 188 86 255 0 255 0 255 101 185 162 0 0 65 197 14 29
    236 182 34 176 151 0 217 0 6 142 255 131 86 137 83 255 40 83 251 0 0
    197 0 250 144 119 21 255 47 255 0 255 41 176 58 247 204 222 0 0 149
    83 54 0 111 112 33 254 0 33 53 121 193 0 255 17 216 255 98 246 17
    255 0 40 255 226 19 51 134 155 142 255 255 255 255 255 0 230 24 228
    162 4 255 0 206 37 1 133 0 218 0 0 211 66 82 47 239 0 208 255 153
    255 181 255 0 114 210 70 22 56 0 37 19 61 184 201 255 0 55 0 254 24
    0 0 255 127 225 255 64 12 0 0 87 242 26 9 52 63 114 42 249 24 59 0
    255 205 32 234 33 0 100 255 97 144 255 0 93 255 255 255 244 255 227
    0 0 0 85 128 248 71 255 175 50 255 0 113 173 129 255 255 0 117 0 245
    255 0 133 72 165 0 255 255 151 255 44 93 29 160 255 213 203 248 2 82
    223 34 0 63 255 36 230 0 179 246 20 255 147 45 0 67 158 0 211 160 76
    0 255 22 17 255 120 143 71 95 255 73 250 0 133 84 255 9 38 87 255
    242 0 83 170 74 255 0 255 51 99 197 146 232 0 4 122 23 229 0 0 174
    155 148 0 242 213 0 172 204 60 255 51 0 115 0 255 180 90 53 231 125
    156 146 74 212 72 16 255 255 131 255 192 34 221 0 95 255 230 96 229
    70 85 0 252 255 84 157 0 107 56 0 96 251 220 80 6 41 255 196 132 0
    45 125 255 29 136 0 77 0 255 0 231 6 77 0 0 14 190 40 255 168 255
    168 99 255 255 255 255 111 0 255 255 37 0 113 188 73 72 77 228 255
    255 16 255 182 93 43 255 255 1 41 17 95 0 255 140 0 92 104 67 217
    255 255 255 194 255 0 255 172 172 133 0 10 194 255 0 0 33 215 117
    255 1 171 227 254 0 213 10 0 145 144 67 83 235 249 0 255 227 47 255
    28 255 199 255 14 131 73 79 217 0 135 49 0 35 130 35 90 0 238 255
    145 0 255 255 0 0 104 0 194 255 255 111 0 9 170 17 180 75 69 124 181
    173 255 209 0 0 23 13 41 166 86 150 255 230 255 156 54 184 207 255
    222 98 13 255 181 0 255 149 215 114 68 212 35 152 0 131 140 181 174
    142 255 192 0 0 7 0 196 148 213 90 81 255 255 255 4 0 0 215 59 210
    255 0 243 39 245 45 255 38 0 106 0 255 110 117 255 142 255 182 235 0
    48 0 255 0 240 55 255 0 255 0 57 185 115 68 255 136 51 211 183 180
    131 247 98 0 255 105 167 164 255 69 255 25 159 142 208 156 255 13 0
    4 96 0 209 42 238 230 0 255 206 61 212 61 220 0 77 205 115 134 4 255
    30 255 255 154 255 255 255 108 80 44 7 243 255 0 178 0 18 50 152 255
    0 255 0 210 180 156 255 130 0 181 119 64 198 0 153 250 172 243 5 61
    48 0 235 0 96 0 255 40 19 167 56 79 0 255 255 45 255 1 86 72 74 157
    255 204 0 255 24 255 98 208 255 27 0 207 36 255 255 0 255 231 28 149
    168 150 93 0 147 92 232 0 215 74 0 255 4 211 90 151 204 174 223 0
    221 9 0 224 68 0 20 182 190 0 143 215 0 213 130 255 255 215 255 96 0
    255 203 45 128 253 6 255 255 0 136 255 164 46 0 108 0 132 179 0 222
    129 0 38 163 253 123 254 199 222 14 25 132 255 212 38 122 238 102
    255 255 255 255 55 152 255 0 175 93 71 0 169 71 188 189 232 255 175
    249 190 255 87 255 247 223 246 255 255 255 172 77 255 255 109 162
    205 146 0 250 255 255 80 231 40 0 108 131 198 255 0 96 255 145 36
    179 255 140 81 61 255 170 51 255 255 79 146 255 133 19 115 253 202
    95 186 126 214 255 0 211 124 253 0 255 0 194 196 14 0 189 0 188 0 0
    157 0 135 187 92 166 255 255 255 129 253 62 130 232 0 255 64 251 0 0
    0 255 0 191 109 135 167 132 94 76 85 255 255 163 255 255 214 0 5 186
    2 212 255 66 255 255 5 255 244 140 255 223 209 255 70 255 255 128
    255 143 0 240 176 170 90 208 10 0 222 51 255 71 255 0 0 0 112 141
    167 0 106 41 3 255 83 0 153 122 175 57 2 158 255 110 46 128 58 37
    255 0 218 243 16 255 255 198 0 47 166 0 243 255 0 149 122 212 178
    242 44 98 36 35 0 220 255 164 255 0 27 255 176 255 77 155 49 50 229
    164 255 207 141 122 203 238 0 115 0 0 148 199 180 0 187 196 231 0
    169 0 163 0 0 19 255 77 117 200 241 0 139 0 156 255 16 33 255 29 0
    88 14 0 229 35 48 206 255 58 0 0 255 155 150 196 0 255 255 41 255 30
    0 0 123 159 0 222 149 150 255 255 243 233 58 196 216 0 255 255 107
    19 221 150 181 130 0 5 156 0 255 117 0 0 0 230 122 255 123 0 188 41
    104 0 29 0 255 141 255 12 0 162 36 95 27 0 255 243 182 255 91 42 0
    220 255 210 12 0 255 0 100 193 82 67 84 255 0 49 255 214 100 41 120
    15 23 255 170 56 58 149 25 255 164 42 236 0 173 52 17 143 134 194
    186 64 85 207 118 21 251 202 125 0 255 76 0 161 174 190 80 240 45 86
    72 0 63 196 208 54 255 255 0 5 0 234 64 36 254 0 0 255 255 182 204 0
    8 0 5 59 119 0 66 255 36 157 243 163 202 66 212 0 170 255 255 77 68
    31 222 162 0 192 179 114 155 0 109 83 255 119 255 47 255 31 0 81 0
    173 78 238 102 22 0 255 151 43 0 0 81 0 123 54 38 255 38 0 11 0 116
    157 238 247 31 134 255 91 255 59 255 0 199 30 0 59 86 117 0 0 255
    175 255 255 255 255 0 255 27 15 255 218 255 255 56 0 16 197 39 147
    255 0 0 228 101 255 255 157 255 235 255 134 255 188 255 17 209 93 0
    41 42 219 0 196 198 239 116 151 194 185 255 186 0 255 255 0 255 207
    0 0 255 255 255 0 74 155 0 108 180 221 204 68 194 92 204 75 85 0 149
    174 0 54 199 211 119 251 136 206 173 0 255 0 190 62 0 148 0 0 0 255
    17 0 167 0 255 3 83 54 108 168 237 69 155 255 106 31 49 66 111 103
    88 7 255 22 186 229 80 56 19 71 14 122 0 0 0 184 0 245 60 38 233 104
    255 227 255 73 236 255 255 134 117 232 118 255 0 0 195 118 255 255
    38 255 52 157 0 152 0 0 68 255 56 223 72 206 231 175 255 255 186 255
    159 255 223 0 255 10 149 9 162 100 160 45 32 72 11 202 255 0 70 167
    255 70 0 222 255 7 6 255 189 255 51 3 234 199 226 160 225 70 226 255
    254 255 255 69 255 202 255 223 45 158 255 255 0 255 9 35 10 236 255
    0 40 128 0 189 35 147 9 2 15 205 52 239 255 255 0 86 247 143 238 111
    162 142 6 84 0 169 77 0 141 0 0 25 131 196 8 255 17 119 97 139 50 0
    202 255 229 191 188 16 0 116 0 255 0 207 186 0 126 214 49 155 220
    255 196 194 255 121 89 12 0 255 10 0 126 0 0 255 255 3 0 255 0 255 3
    120 255 0 237 96 175 255 255 56 230 7 94 79 255 238 145 32 207 189
    29 253 179 43 8 0 255 227 255 127 255 255 109 108 0 255 97 249 251
    255 132 36 161 131 36 19 107 105 0 134 63 255 111 154 14 255 0 156
    255 0 35 240 0 255 0 0 255 0 255 0 49 255 178 0 255 190 0 0 0 255
    255 0 49 112 255 255 0 80 110 245 255 243 141 198 171 188 43 255 226
    163 255 102 0 0 74 177 193 255 255 67 0 120 214 0 0 35 71 217 131 53
    255 0 102 136 80 29 152 20 255 255 255 255 156 127 27 26 0 160 255 0
    0 255 0 49 92 0 27 254 225 0 98 79 0 67 142 165 39 214 255 255 2 255
    255 222 97 255 0 230 0 168 143 163 255 255 255 95 0 255 223 11 137 0
    0 255 255 199 255 0 0 228 206 205 17 1 88 255 255 0 255 13 160 208
    234 126 210 133 0 141 255 155 13 186 95 255 16 255 255 255 255 243 0
    0 236 200 255 128 255 0 199 255 227 0 255 255 77 0 213 127 31 148
    248 186 0 222 123 255 66 103 87 158 248 172 72 0 0 37 253 184 142
    203 56 255 130 230 116 54 34 255 174 117 194 150 166 26 218 226 229
    0 86 0 0 134 0 143 90 73 106 36 56 30 0 209 0 126 255 255 16 55 3
    255 255 212 186 0 229 212 114 138 85 75 0 48 31 232 0 250 0 63 199
    180 0 156 88 0 138 202 0 255 229 238 255 23 0 252 174 233 0 33 255
    204 187 87 0 201 248 223 125 236 145 0 73 0 5 239 79 170 255 0 63
    158 15 0 0 216 0 206 241 253 0 255 195 85 118 229 0 255 136 128 45
    140 0 255 209 238 0 72 130 0 201 0 81 78 71 0 168 205 20 255 209 157
    255 135 0 200 63 175 255 255 53 191 0 255 51 212 37 124 46 180 205
    203 118 70 0 255 106 252 158 255 0 255 95 241 244 0 109 70 177 200 0
    0 147 20 16 146 145 0 87 255 235 185 80 190 133 63 152 148 255 0 0
    209 54 191 85 157 0 198 0 162 66 111 0 133 43 59 0 255 43 255 69 255
    12 255 161 0 223 118 151 12 0 255 78 0 156 255 77 61 66 254 0 255
    254 0 255 255 79 98 129 255 156 146 92 239 196 220 255 241 241 190
    95 133 164 43 255 147 182 39 118 255 0 135 255 255 209 255 255 19
    171 229 63 0 88 0 255 67 123 229 190 203 0 117 146 0 248 223 2 0 0
    131 30 177 255 0 36 164 213 255 255 70 49 175 0 222 0 239 75 6 81
    127 0 0 0 205 162 255 214 187 228 255 0 125 56 255 255 7 255 0 0 11
    255 66 130 165 154 221 241 183 206 255 110 255 0 197 0 167 68 38 207
    255 0 59 0 255 255 255 10 255 0 255 115 0 0 59 2 255 76 168 53 41
    200 0 27 0 159 255 16 96 137 85 0 0 206 255 0 255 0 148 0 171 132
    164 0 227 151 0 0 17 128 144 255 2 236 66 216 255 121 47 136 6 127
    147 109 255 255 50 255 13 255 255 148 230 9 59 100 113 246 75 0 60 0
    255 135 255 122 199 255 179 0 211 255 109 0 255 255 244 114 177 54
    19 0 167 18 0 255 90 73 86 90 102 0 0 239 255 0 211 255 0 238 57 188
    255 253 95 211 62 255 255 79 255 198 253 40 45 0 213 123 155 134 141
    255 0 242 197 0 255 213 1 255 180 96 122 0 40 116 4 170 255 255 154
    255 111 36 116 0 4 169 0 0 59 255 224 60 191 168 255 255 0 72 80 0
    197 255 239 177 0 103 232 255 87 255 34 255 131 0 0 0 9 0 0 143 255
    255 0 233 0 0 0 44 255 0 0 137 150 230 150 90 201 200 0 255 0 0 203
    105 204 21 105 0 41 169 28 88 95 220 107 194 138 202 192 32 22 255
    246 0 223 255 0 255 255 184 255 16 204 0 255 207 219 0 0 149 0 0 255
    0 95 113 204 11 49 255 126 37 255 24 117 3 229 0 187 42 0 219 112
    242 0 255 159 15 0 145 103 255 164 175 39 0 0 147 0 215 0 136 255 31
    255 255 16 140 122 24 0 218 226 228 255 255 56 113 0 0 0 0 255 146 0
    53 178 114 255 255 255 14 194 255 255 65 30 0 127 150 255 0 245 196
    78 0 144 255 0 167 136 224 244 14 124 213 64 201 183 40 26 61 97 255
    255 255 28 221 168 93 229 187 0 0 104 0 255 159 188 255 211 247 209
    95 132 87 255 255 195 255 0 166 111 255 255 255 255 0 248 0 0 74 98
    58 39 245 56 0 255 165 12 255 255 255 1 243 76 87 95 255 0 168 145
    200 11 0 114 0 239 145 163 240 255 255 255 255 243 65 255 0 1 174 49
    194 255 144 0 0 116 194 0 157 255 54 161 226 29 0 104 16 188 236 255
    151 122 255 255 0 91 109 18 255 88 186 56 40 255 159 227 121 149 56
    15 0 227 190 137 88 208 255 73 255 255 72 0 25 255 0 13 107 86 127
    161 103 189 12 116 238 237 0 191 45 0 36 251 0 0 33 134 255 0 34 93
    0 92 29 96 3 98 161 0 148 66 14 255 72 122 34 236 229 255 255 25 137
    98 174 0 153 225 198 85 0 159 0 10 201 0 182 207 0 183 255 255 70 25
    255 225 15 204 0 255 87 147 0 0 255 2 185 255 52 2 18 255 78 71 239
    78 255 7 248 18 203 80 62 0 196 255 113 195 0 0 196 122 75 165 211
    255 255 18 82 60 244 210 25 0 176 0 0 150 57 0 203 239 122 36 186 85
    168 89 0 107 255 235 0 191 255 255 50 0 253 201 167 153 92 117 190
    154 78 255 255 236 229 164 6 157 0 0 0 252 109 137 127 160 0 156 79
    255 223 109 255 246 255 149 0 68 255 218 210 255 112 255 146 182 255
    168 161 15 0 0 14 39 255 0 255 180 238 222 165 255 255 0 0 255 20 49
    233 165 115 51 154 255 222 32 201 143 91 148 248 255 255 0 110 255
    255 255 255 194 80 242 78 136 145 255 0 255 255 189 171 78 0 0 255
    141 144 24 255 16 0 229 20 231 121 255 148 126 152 255 52 0 15 242
    68 189 75 116 74 0 0 108 41 255 198 255 0 44 58 255 72 46 255 1 0
    238 255 255 0 202 145 70 3 0 198 0 0 22 255 177 27 241 94 245 0 0
    147 0 92 255 24 120 0 250 206 24 0 255 173 212 255 52 34 255 231 54
    124 255 62 117 182 53 60 0 46 191 177 255 255 193 255 0 160 0 255
    245 17 255 0 0 171 255 91 199 196 44 22 93 1 0 17 141 240 255 180
    251 206 0 255 0 9 142 151 0 106 255 138 7 41 231 176 0 73 255 255
    164 0 255 255 14 49 119 0 0 140 94 0 0 186 7 255 255 43 14 0 255 0 0
    255 52 64 110 0 64 54 245 255 0 182 128 0 0 0 165 0 248 107 0 255 68
    255 255 0 14 20 233 158 0 0 21 110 66 178 187 131 229 124 129 161
    112 197 229 72 82 7 0 253 213 49 31 0 73 28 202 213 0 179 0 255 24
    255 106 48 164 236 255 6 100 255 36 149 0 255 0 229 125 122 58 189
    106 156 18 129 248 147 227 137 0 8 255 242 163 235 212 221 255 255
    217 149 69 43 255 246 255 221 158 0 201 141 110 198 78 40 95 0 255
    179 46 185 0 0 47 255 215 0 255 255 95 16 121 103 116 255 0 98 229
    243 108 57 52 184 216 236 0 58 230 61 113 59 254 0 114 203 64 0 84 0
    255 134 70 6 255 0 255 255 203 163 141 115 154 95 0 1 255 9 255 87
    110 47 112 0 106 255 148 159 220 206 0 209 149 255 36 17 0 134 30 0
    248 158 255 126 117 237 75 255 234 38 240 125 255 255 255 255 255
    255 241 151 236 156 0 0 0 115 103 233 215 87 196 255 98 45 0 255 0
    107 157 157 255 35 0 255 169 61 255 0 255 143 0 255 0 149 197 255 0
    213 255 255 0 0 22 85 0 143 157 217 122 104 0 244 254 130 0 206 255
    69 231 0 0 255 118 97 0 91 255 180 0 143 0 255 0 129 86 0 255 103 28
    255 129 175 0 255 70 97 255 222 255 0 254 246 0 255 0 138 255 56 198
    89 251 0 255 206 248 152 213 66 49 160 54 194 13 79 204 0 109 248
    107 6 231 255 211 0 86 255 160 0 0 0 106 0 189 255 183 0 70 0 203
    255 106 255 109 216 11 255 235 187 255 128 255 164 210 146 98 230
    255 255 34 172 0 255 85 0 0 255 255 144 169 0 255 44 165 255 255 222
    255 199 139 130 51 197 146 18 0 179 203 255 0 181 0 171 45 214 177
    252 255 0 180 36 160 255 104 0 10 2 198 46 255 0 255 95 5 77 0 111
    154 255 166 4 166 0 209 147 189 199 255 202 25 16 0 193 152 0 143
    141 125 16 255 255 74 249 245 117 13 203 84 0 152 0 21 76 69 250 0
    86 85 128 97 65 128 178 0 30 145 5 0 212 255 68 255 0 213 101 0 41
    55 255 156 255 255 0 0 228 37 255 255 36 255 168 0 123 172 31 255
    114 0 82 212 233 28 141 213 255 46 255 153 105 0 37 164 108 152 255
    255 0 255 98 232 177 0 136 255 0 129 192 0 182 255 255 255 16 151
    255 90 253 119 110 0 186 0 133 221 0 78 116 255 174 255 206 255 1 13
    156 56 100 173 83 238 59 71 23 0 53 255 112 255 166 90 255 56 92 85
    0 200 255 0 255 247 210 205 221 0 121 0 255 0 46 101 173 53 65 255 0
    76 43 169 124 220 0 225 255 255 179 104 0 0 0 255 96 191 255 177 0
    229 197 255 41 171 64 208 218 186 124 0 255 0 60 131 200 102 0 226 0
    225 228 120 45 228 255 0 35 254 0 255 0 207 181 94 8 82 118 44 255
    255 0 255 174 226 33 22 97 154 46 137 228 0 204 255 0 70 255 0 93
    130 164 1 255 142 255 155 255 255 9 0 86 0 255 181 8 140 0 255 23 56
    255 18 203 0 255 65 159 245 0 29 255 0 50 192 34 184 0 255 148 0 186
    62 255 102 36 78 0 255 36 0 42 191 165 0 255 143 255 0 73 0 249 113
    168 95 102 237 160 220 0 110 255 131 58 237 55 104 106 0 114 2 0 24
    5 255 21 0 249 0 178 161 121 31 0 208 243 51 177 194 227 185 97 0 61
    0 255 24 255 0 77 104 255 255 231 255 70 255 43 226 80 253 222 0 255
    85 178 114 26 95 69 57 16 76 0 190 62 165 201 200 47 240 255 17 0 0
    255 149 29 198 24 179 255 255 255 102 255 217 0 226 255 11 155 124 0
    147 0 183 57 137 255 0 42 255 246 134 9 0 0 195 0 30 62 211 255 58
    75 255 206 152 0 124 103 230 74 110 15 131 21 255 0 255 0 188 255 0
    0 158 0 0 252 244 144 255 249 95 160 0 79 0 162 0 255 44 255 237 255
    255 73 255 20 0 138 131 211 18 69 255 0 137 48 0 243 28 255 92 87
    255 0 0 197 255 0 0 74 28 157 25 255 116 106 80 173 235 255 0 236
    205 255 0 51 13 229 255 0 187 33 180 70 54 79 75 157 69 255 219 0 0
    175 0 86 198 121 0 136 0 255 74 196 242 190 0 0 0 203 2 136 229 68
    84 88 99 188 27 255 0 168 143 66 232 255 0 228 153 12 196 123 66 238
    91 255 182 255 230 98 205 95 157 48 78 178 162 86 102 51 63 255 225
    11 0 255 255 67 108 14 190 134 61 102 0 168 0 128 0 47 230 103 240
    255 152 141 0 254 10 248 0 255 0 0 255 116 133 202 125 195 0 255 0
    255 130 198 0 199 62 225 196 117 120 0 255 2 13 177 21 0 20 151 179
    144 58 255 107 69 90 0 255 4 115 0 44 128 0 189 255 255 53 7 27 233
    41 242 255 176 187 137 0 0 167 173 223 255 112 226 0 255 255 189 255
    36 187 0 81 253 220 162 55 200 0 5 162 209 255 21 221 0 222 5 164 0
    95 171 255 62 235 66 0 184 0 0 255 216 69 0 255 255 255 242 188 160
    206 250 120 255 0 255 0 121 54 0 226 0 255 255 113 255 0 255 0 255 0
    186 190 22 255 166 66 102 0 43 63 44 255 70 23 184 4 0 255 0 55 27
    205 31 181 45 38 178 240 0 114 255 56 255 14 244 0 255 41 0 245 56
    135 0 0 127 225 255 0 255 0 45 27 255 245 152 0 167 0 81 255 233 19
    33 247 0 0 51 149 41 27 26 10 216 79 48 186 218 161 255 99 0 98 255
    53 0 84 194 89 165 46 219 20 54 185 0 90 0 59 128 0 0 255 255 255
    248 125 77 255 180 218 255 255 91 11 0 0 128 0 0 0 43 255 38 125 149
    45 191 230 3 61 127 144 180 153 97 10 116 170 0 211 84 165 58 28 255
    132 0 255 246 159 81 135 255 255 118 244 13 0 135 183 90 255 255 84
    255 217 250 255 0 194 3 46 255 113 218 3 0 94 7 0 200 255 0 200 166
    198 189 232 255 43 105 219 0 157 230 93 213 53 241 0 40 126 179 110
    41 179 128 21 255 0 0 110 72 255 0 255 61 2 0 255 255 123 255 0 219
    73 138 0 51 172 152 0 0 0 181 174 0 255 50 249 0 255 255 255 45 255
    78 255 2 178 52 190 33 125 255 0 202 155 116 129 28 0 255 197 255 60
    255 242 140 80 149 168 134 74 255 253 208 249 0 19 133 139 255 0 255
    165 8 163 17 8 255 0 0 0 255 0 115 200 181 255 229 0 255 64 255 255
    19 255 0 223 255 200 160 72 255 255 114 0 0 107 141 0 0 255 0 65 19
    255 236 72 145 45 255 209 210 203 0 40 134 102 0 60 0 255 255 4 255
    210 255 255 189 255 165 255 0 222 159 0 62 120 205 227 114 153 50
    255 116 188 50 182 0 255 0 156 216 216 56 85 15 183 97 0 0 40 112
    255 255 255 206 71 136 92 212 0 59 255 255 65 50 70 255 187 159 123
    168 46 172 241 221 0 0 86 1 176 2 199 14 0 255 156 148 255 13 170 25
    113 143 154 80 139 0 99 0 190 239 0 195 20 255 97 0 196 0 255 83 115
    228 23 255 79 0 155 43 10 42 109 13 0 119 103 2 255 7 40 255 19 0
    120 14 255 81 119 255 0 255 0 81 246 0 255 87 228 2 105 28 41 4 201
    160 206 255 208 255 152 255 255 170 194 72 108 76 255 14 76 255 0
    255 0 255 0 0 255 255 5 255 112 24 200 217 217 255 24 199 0 232 27
    255 236 238 95 238 66 199 102 76 191 172 0 63 3 0 238 255 0 84 0 53
    199 63 45 0 0 168 116 177 0 255 255 29 216 48 52 255 120 40 238 156
    255 95 0 0 255 132 72 253 151 255 91 255 50 255 109 0 255 46 0 214
    255 0 255 36 111 255 255 0 255 69 73 0 243 138 0 124 111 168 0 231
    73 0 226 72 17 135 189 255 249 0 78 0 213 118 139 255 208 111 0 252
    0 0 0 77 45 0 0 113 228 0 193 255 0 0 34 0 132 144 255 137 94 0 208
    168 51 255 192 255 30 0 255 100 255 0 255 0 0 35 123 151 255 89 255
    255 255 78 232 255 255 255 0 255 254 212 145 122 178 236 10 255 107
    0 255 7 42 102 29 5 15 255 113 2 217 62 0 0 224 0 62 71 173 23 255
    255 239 182 255 255 0 229 255 0 150 255 235 199 15 255 17 110 156 0
    245 172 167 255 13 31 255 214 194 63 239 207 132 241 255 211 78 248
    255 255 255 141 89 196 83 90 0 158 202 126 210 245 28 194 0 255 0 19
    0 255 103 140 255 0 0 255 248 167 255 204 46 153 0 252 152 0 255 0
    191 3 33 43 39 255 67 246 74 84 0 29 200 0 9 255 255 249 27 255 0 55
    104 169 0 255 2 0 255 255 181 255 63 80 217 255 255 66 8 151 86 180
    162 201 255 0 68 61 205 0 0 0 33 189 61 0 255 237 35 39 78 109 253
    27 255 42 80 255 125 0 0 26 173 94 255 32 98 1 255 0 173 0 178 186
    216 0 7 0 255 255 237 255 248 1 167 0 0 255 35 68 191 255 142 0 85
    255 207 255 255 255 103 24 255 255 99 211 0 35 220 0 255 140 19 10
    229 255 45 255 239 255 174 17 255 255 0 44 143 0 232 69 226 124 16
    153 137 0 0 255 255 16 65 113 36 147 255 84 255 105 255 185 125 5
    255 255 136 8 158 75 172 165 98 43 255 240 217 46 0 190 0 0 0 134
    182 83 105 92 0 55 0 15 214 94 241 39 213 230 59 105 81 0 118 108 54
    153 165 255 255 118 255 161 231 174 172 103 0 121 45 222 162 0 0 217
    255 67 113 212 255 168 50 255 0 29 98 228 10 71 255 50 107 255 255 0
    100 0 255 22 255 255 129 0 0 0 0 255 255 255 80 241 255 59 245 236
    64 255 255 175 124 228 0 0 165 1 247 0 166 179 12 161 0 229 47 0 255
    247 0 196 255 255 42 78 34 82 19 255 215 11 182 129 140 211 115 2 89
    0 255 255 115 5 116 255 13 255 255 52 117 255 175 35 120 0 0 255 204
    216 160 255 255 6 0 255 63 145 213 158 239 130 255 255 55 219 243 69
    185 0 213 113 16 228 131 17 219 104 255 255 0 0 18 9 29 247 57 0 107
    0 221 255 255 63 64 209 0 255 72 149 255 123 167 68 124 0 11 0 208
    203 96 255 202 39 255 0 107 197 255 0 175 255 69 174 74 0 255 131
    234 236 73 31 0 74 108 44 65 251 255 255 0 0 0 0 63 255 86 41 0 144
    190 174 0 140 255 255 247 15 255 0 47 136 97 60 118 28 230 164 255
    255 0 42 108 29 255 81 0 39 0 255 0 229 89 0 0 255 11 255 46 255 243
    0 176 255 47 40 104 95 78 158 44 65 255 200 255 245 0 93 0 0 2 255
    133 174 0 189 103 49 255 13 126 50 0 128 0 255 255 208 241 114 0 209
    13 255 37 255 173 34 255 255 6 203 0 255 46 187 131 211 247 255 80
    26 46 0 215 99 0 81 115 65 98 151 0 99 123 219 225 230 17 3 112 0 0
    197 255 226 245 31 33 236 254 104 236 118 79 0 255 21 130 255 73 248
    74 255 22 192 84 2 217 255 0 88 27 255 255 255 255 39 181 0 98 58 0
    44 191 244 0 255 249 91 255 204 255 183 255 204 2 255 255 110 255 43
    123 93 68 255 0 242 0 35 255 182 209 255 153 122 193 255 255 11 138
    0 49 118 70 253 255 69 255 105 150 16 233 103 52 84 231 0 0 189 89
    86 120 0 241 15 0 57 216 79 255 147 0 219 222 234 255 4 255 172 13
    109 50 196 193 96 34 142 184 255 191 190 255 0 119 211 255 78 0 255
    94 162 255 137 130 0 255 255 0 197 130 83 78 129 53 44 25 250 255 0
    0 236 129 255 109 136 235 66 0 0 118 0 49 47 96 86 141 112 89 153
    255 191 0 0 68 255 11 249 119 244 201 81 0 183 35 238 131 15 145 143
    0 43 180 255 0 0 38 0 255 45 130 255 0 73 0 255 198 0 107 218 255 0
    202 255 255 255 124 164 91 59 3 164 71 0 0 0 215 255 0 0 188 144 68
    80 0 255 220 118 149 114 90 59 238 114 94 0 253 250 255 0 134 173
    247 0 173 0 255 255 0 255 255 255 255 199 73 0 0 102 0 19 0 224 69
    90 255 0 26 80 71 68 255 105 78 107 90 255 0 255 0 45 255 0 65 235
    205 26 0 193 241 0 132 78 144 159 255 0 175 190 168 0 255 199 106 0
    0 27 0 85 168 0 170 25 78 176 251 94 250 255 0 0 255 170 229 0 185
    255 246 0 255 16 207 120 227 0 0 255 255 81 132 166 0 0 180 172 0
    197 106 255 179 35 120 140 0 0 42 39 133 255 255 49 0 18 212 0 190 0
    0 255 138 255 212 255 138 255 0 0 255 183 136 255 157 16 89 214 0 61
    255 117 85 137 255 166 145 255 0 114 0 175 79 167 176 187 73 191 7
    192 120 194 103 255 105 149 140 247 180 255 0 5 114 82 0 82 18 0 0
    255 0 0 62 231 110 0 255 0 255 0 175 193 0 255 136 0 255 255 255 86
    68 0 218 140 255 0 185 255 21 113 0 255 21 106 46 0 255 0 96 200 214
    210 7 255 153 170 60 23 171 255 44 119 167 250 30 88 255 225 0 0 255
    252 159 227 255 255 0 255 255 48 255 255 207 83 182 0 72 115 255 0
    35 255 3 255 0 255 0 54 255 74 145 0 26 131 0 73 175 0 76 217 89 132
    82 207 159 80 255 42 255 89 30 165 241 64 0 16 0 48 0 0 255 128 93
    255 255 187 53 255 81 132 19 255 0 255 224 255 244 242 193 0 255 163
    194 255 200 9 0 255 255 0 161 0 58 255 0 27 92 0 27 14 0 26 108 255
    203 249 255 38 53 255 255 255 255 180 157 255 0 224 220 86 255 88 0
    255 0 0 215 187 201 83 255 89 255 178 118 36 194 25 0 245 246 148
    182 255 255 167 255 3 142 255 16 218 217 224 255 0 27 255 0 217 129
    126 255 67 150 228 0 255 121 0 236 255 0 0 238 28 237 206 174 0 131
    62 157 0 171 238 0 156 255 0 22 194 106 1 6 255 20 12 3 227 116 95
    37 255 0 117 129 43 255 255 103 255 255 0 160 230 239 213 4 246 109
    255 255 255 85 243 98 102 199 255 0 100 181 255 231 14 255 13 96 96
    255 255 121 172 255 167 206 118 255 240 74 0 245 143 64 255 0 147 45
    3 12 0 0 169 81 0 18 163 2 255 134 230 229 160 0 164 0 183 200 0 169
    221 82 0 2 255 100 255 0 255 0 197 0 255 255 72 0 255 0 255 78 163
    241 14 162 232 0 212 167 202 33 172 126 0 210 19 255 255 180 123 167
    231 22 233 125 255 142 182 9 255 36 101 162 0 157 57 66 0 183 92 252
    159 70 0 2 0 225 254 80 211 0 57 0 211 158 29 33 0 255 0 2 46 234
    201 217 143 82 255 22 174 103 225 255 0 255 220 255 239 78 255 178 0
    0 0 255 255 216 123 31 0 20 173 67 194 255 0 72 4 195 147 84 73 213
    115 109 26 25 255 255 109 251 42 36 84 161 143 115 224 58 145 8 0
    255 155 10 195 255 135 190 0 91 240 121 105 255 255 94 255 45 0 79
    255 27 160 169 0 0 185 88 70 255 174 255 197 57 168 44 0 238 0 14
    102 43 179 231 90 189 255 236 5 255 13 48 160 255 232 0 0 0 255 15
    85 255 135 0 255 255 1 29 255 82 14 0 62 237 163 42 0 185 61 0 183
    79 42 98 0 211 255 0 216 255 128 0 255 191 41 189 119 37 255 246 150
    165 255 255 53 255 161 0 198 250 255 64 111 146 43 255 0 150 208 0 0
    0 0 255 135 255 251 0 0 142 255 108 0 182 200 0 221 220 255 120 0
    178 255 255 238 255 9 46 75 0 0 44 127 234 202 255 46 63 255 21 255
    255 207 190 255 159 0 223 5 22 138 255 255 55 24 197 0 0 56 0 84 13
    77 255 95 40 202 66 171 0 177 65 41 217 190 190 255 255 171 0 140 50
    255 0 246 0 0 110 69 147 255 141 255 0 255 0 0 53 58 27 69 155 255
    61 255 31 163 51 230 157 182 187 102 255 0 204 98 1 0 255 72 135 0
    255 161 176 255 255 240 89 52 209 255 171 151 209 0 255 160 25 16
    199 20 0 249 205 255 36 91 1 109 186 255 255 132 213 157 133 195 162
    245 154 172 64 255 255 237 0 145 253 196 198 32 0 128 0 132 255 119
    224 255 176 148 0 208 0 10 255 59 59 238 89 68 210 137 61 215 104 94
    164 0 52 146 132 128 189 188 220 121 46 243 123 254 255 52 255 58 0
    223 105 119 48 158 63 229 0 255 185 229 73 27 79 207 147 255 69 171
    109 18 255 0 207 255 0 25 0 216 204 0 247 255 26 141 14 161 0 65 221
    0 253 98 0 51 80 142 23 135 0 165 14 255 255 84 209 225 255 235 184
    126 210 250 70 231 50 0 228 69 0 255 141 12 0 162 57 0 249 30 0 255
    255 86 11 131 255 26 255 0 0 135 255 117 215 255 46 226 160 0 122
    255 214 154 155 1 247 94 255 89 170 244 170 0 204 140 198 255 5 255
    204 97 136 204 83 217 0 206 173 255 51 234 182 30 255 255 0 255 0
    255 255 255 245 0 248 11 74 13 99 255 242 255 51 193 255 119 246 114
    212 213 255 157 89 74 6 0 1 0 43 170 7 255 255 107 255 0 255 0 0 118
    0 105 166 243 0 164 229 16 0 0 224 176 50 133 95 53 0 136 0 236 255
    246 179 255 255 161 241 203 220 215 74 104 199 119 229 255 176 0 211
    28 0 139 0 255 218 0 178 144 8 145 0 0 0 193 142 182 204 123 0 198
    132 101 255 52 0 56 53 255 0 161 235 255 0 231 73 255 178 97 140 109
    21 234 0 255 196 8 98 255 4 255 255 40 120 192 0 202 0 37 255 225
    255 255 128 184 2 255 134 103 0 0 0 104 255 146 0 0 102 176 0 22 0
    255 31 0 249 255 0 1 0 226 255 16 255 0 255 184 255 205 39 75 35 245
    0 0 255 255 160 144 0 238 42 255 32 0 217 101 37 112 94 123 247 187
    255 64 0 250 109 0 0 0 255 158 223 255 255 237 132 43 255 0 0 255 0
    0 255 0 151 205 96 0 6 255 19 162 74 121 0 79 33 216 0 232 198 117 0
    255 178 116 0 235 219 10 83 228 149 146 45 46 34 190 255 101 4 0 0
    175 0 97 226 21 106 0 70 255 0 247 0 189 0 157 210 237 255 4 0 57 41
    94 31 182 79 47 0 255 242 217 149 0 0 66 193 204 0 250 0 122 219 164
    211 147 35 51 12 255 255 255 255 255 247 180 0 241 248 78 42 116 46
    187 195 255 209 46 130 255 0 12 114 156 50 255 0 3 98 150 237 137
    201 159 15 0 17 209 0 212 255 255 0 0 178 63 203 218 0 137 184 255
    103 255 255 162 0 255 0 255 75 255 107 161 255 57 133 255 255 173
    255 7 0 119 34 185 74 0 228 0 158 255 109 163 255 35 145 255 0 255
    255 255 186 0 255 219 0 154 255 144 155 104 255 115 31 255 91 0 73 1
    193 158 253 255 9 226 0 173 255 128 8 0 144 92 109 255 235 224 65
    113 20 255 189 53 156 0 182 164 92 251 169 37 205 228 31 34 229 255
    26 1 255 137 150 255 0 252 137 28 255 179 229 255 153 0 255 150 151
    17 71 58 0 255 45 0 0 216 148 74 204 255 113 201 112 90 255 233 71 0
    255 196 30 249 0 249 0 15 50 0 255 255 0 135 253 241 222 137 247 2
    255 0 225 167 255 16 137 68 17 200 194 123 141 104 91 215 0 181 0
    125 0 212 255 255 31 218 202 0 255 125 116 89 0 255 42 24 255 0 255
    203 104 237 97 0 66 43 255 78 221 133 188 255 255 255 139 0 127 201
    173 30 43 105 29 74 0 76 180 52 255 255 130 31 227 196 0 71 0 0 255
    70 0 255 255 184 255 0 125 127 141 225 0 255 193 255 0 0 0 162 5 70
    219 239 25 234 59 101 41 0 193 0 125 254 95 254 0 255 216 215 143 0
    0 115 5 0 1 137 208 27 161 0 221 255 225 225 255 133 255 255 155 149
    18 0 7 158 255 255 117 125 154 34 18 203 34 218 230 0 54 57 117 0
    150 23 5 255 247 0 163 110 147 79 0 255 119 29 108 209 61 62 0 209 0
    255 17 0 208 255 154 196 65 55 45 8 40 113 39 240 255 25 49 83 0 0 0
    0 255 255 255 189 255 0 0 255 126 23 255 255 255 155 76 62 68 208
    195 129 120 236 255 255 102 0 81 191 246 213 0 0 199 39 220 255 255
    220 156 0 255 177 229 119 248 3 0 162 141 0 0 0 0 17 232 0 3 255 255
    134 145 115 255 255 197 235 0 0 255 95 255 215 0 122 160 0 167 191
    188 168 239 0 0 0 21 255 0 132 116 255 241 124 255 225 0 255 239 155
    222 47 209 255 246 255 0 78 255 95 124 230 57 91 255 255 255 0 231
    255 0 25 255 70 0 100 2 118 53 20 73 255 93 226 0 150 117 143 151 0
    61 0 52 65 83 0 185 187 255 36 243 221 218 173 102 252 10 223 218
    146 0 129 140 48 195 0 11 0 67 50 0 129 247 151 206 96 0 0 174 255
    255 88 0 5 255 255 137 102 255 208 255 237 170 166 255 161 255 255
    118 0 255 255 0 255 0 0 84 255 0 98 211 49 223 193 0 143 244 163 0
    255 53 245 155 50 255 118 68 188 63 255 177 51 4 49 162 187 0 0 0
    219 210 0 57 46 91 0 255 244 122 110 175 133 178 255 78 255 255 211
    215 245 124 0 0 56 0 151 255 117 24 255 7 252 255 103 144 254 255 0
    132 5 79 0 229 194 255 236 255 82 255 0 28 91 42 222 218 130 0 255
    141 255 153 255 255 52 255 120 14 30 0 130 89 137 0 165 255 118 81
    250 0 168 223 212 30 255 46 234 15 146 69 0 254 84 19 35 0 101 207 6
    161 214 240 135 129 0 255 255 0 0 24 94 134 255 0 190 255 0 0 208 30
    145 73 0 129 255 0 188 162 133 56 0 255 10 158 198 0 0 128 17 0 129
    255 255 67 255 196 195 137 24 185 222 255 70 0 255 0 252 0 0 0 201
    77 237 0 0 255 27 34 207 122 228 230 195 245 255 0 181 255 0 0 131 0
    0 227 0 0 126 255 105 207 144 255 175 255 0 66 237 0 215 89 133 240
    0 75 99 166 114 0 43 145 84 116 255 255 126 218 255 0 51 42 27 104
    54 135 207 106 0 0 36 249 142 0 0 208 255 0 0 245 255 0 160 224 255
    29 35 24 190 188 244 180 215 255 108 37 255 255 0 0 255 40 64 140
    134 255 255 84 255 91 45 32 180 44 230 86 91 124 25 0 154 255 0 255
    255 251 234 255 211 0 113 0 255 36 71 255 56 31 0 198 0 255 96 0 87
    130 0 241 197 216 0 54 221 0 25 0 0 0 17 121 156 164 255 0 188 134 0
    76 255 0 215 245 179 119 210 255 43 73 121 0 255 0 79 184 65 62 103
    31 255 0 0 168 85 0 235 255 27 130 119 86 54 141 243 165 132 225 255
    108 241 182 90 1 0 75 132 40 255 0 0 255 0 175 254 12 255 135 0 178
    174 9 0 255 253 0 29 0 236 2 255 240 244 55 0 0 255 142 255 255 104
    135 49 177 16 24 7 170 0 219 139 0 171 0 0 0 0 152 0 2 84 37 153 255
    65 0 150 129 0 69 255 151 224 252 255 0 0 7 184 170 40 0 0 90 0 126
    131 16 230 213 239 28 183 255 0 255 198 240 0 0 110 28 79 108 74 212
    168 80 0 110 0 255 49 93 238 226 169 0 2 255 69 255 0 0 253 0 255
    227 53 0 165 94 208 41 255 191 239 0 3 236 255 22 50 18 107 254 2
    255 4 106 46 255 140 255 143 25 81 233 135 206 79 0 255 255 227 255
    233 244 0 178 35 0 209 0 8 0 96 0 3 255 110 115 218 0 0 0 233 208
    108 46 189 255 255 255 0 233 255 108 255 170 255 161 0 86 14 0 255
    198 0 0 207 255 255 145 41 130 0 0 0 12 122 255 182 0 81 255 144 123
    0 0 0 107 75 53 126 255 255 27 96 255 202 198 232 146 255 103 0 159
    0 40 0 62 189 0 186 0 131 0 91 252 255 248 255 22 10 48 33 188 225
    255 239 239 0 255 69 201 92 192 236 208 255 85 0 84 44 30 208 79 0
    250 203 0 57 149 23 255 255 255 0 179 255 171 98 255 0 198 0 208 56
    244 33 107 0 65 0 163 135 255 77 0 199 0 152 253 255 0 236 182 255
    255 254 137 66 152 0 240 0 255 255 14 0 96 207 246 13 39 24 0 229
    235 206 124 97 255 164 91 108 239 97 81 226 223 151 82 31 91 26 0
    255 211 0 185 57 0 0 27 23 0 248 0 255 255 17 227 193 206 115 0 172
    255 0 122 212 254 188 130 255 219 255 112 0 213 151 0 255 35 171 168
    13 254 255 229 64 118 124 255 255 132 186 17 101 171 148 255 0 233 5
    106 255 8 255 0 0 209 64 230 112 235 0 255 143 204 233 255 186 236
    47 99 104 97 255 242 136 255 0 68 139 0 122 0 232 0 122 0 51 0 131 0
    33 36 176 4 194 165 123 92 13 54 0 0 255 0 150 148 192 191 255 11 11
    20 235 9 86 199 0 0 255 92 255 29 245 0 214 255 66 0 151 171 181 147
    161 255 255 38 34 0 149 73 141 56 16 246 178 0 0 229 96 0 115 62 0
    174 173 255 255 227 255 187 6 0 0 217 255 0 255 22 255 197 227 18 0
    241 0 0 255 20 199 255 173 43 191 8 255 0 0 0 0 40 161 197 87 85 253
    0 193 9 211 180 150 0 0 255 177 221 255 246 0 47 183 210 166 0 123 0
    16 217 0 36 0 168 160 0 250 101 166 199 143 103 116 0 44 239 1 0 242
    3 0 255 203 206 215 176 95 234 123 228 84 157 45 0 255 244 117 0 70
    93 255 0 221 0 58 0 252 0 99 209 0 255 0 245 255 255 0 0 255 196 165
    111 79 0 143 182 144 0 0 221 205 0 0 169 57 0 255 49 107 0 165 149
    87 190 216 0 255 98 211 182 226 255 158 0 124 236 0 255 143 25 43 0
    29 207 255 176 53 0 255 65 0 0 0 0 201 240 240 112 97 32 127 0 0 131
    144 254 28 0 255 107 60 145 109 195 255 86 155 0 54 255 0 78 102 173
    126 93 0 255 247 85 255 16 255 60 255 153 234 236 0 14 255 0 39 0
    255 0 255 172 255 0 218 255 23 0 146 241 255 52 0 187 126 142 72 177
    209 68 255 132 255 255 206 107 90 255 135 4 28 44 0 62 215 255 159 0
    255 80 32 255 63 0 118 138 255 231 158 131 63 45 179 0 15 40 161 224
    15 255 255 126 0 178 0 0 114 0 0 170 0 189 69 32 201 0 207 40 18 88
    0 59 115 26 250 96 0 243 201 204 167 45 255 137 159 0 255 58 0 255
    80 15 255 114 161 188 202 0 250 79 79 236 213 176 255 124 255 255 0
    68 255 50 84 4 255 18 59 0 39 220 203 0 255 191 3 83 116 255 186 0
    255 233 47 0 0 180 255 255 255 78 255 0 0 116 0 25 0 255 106 189 50
    238 255 0 0 212 8 154 220 7 202 192 240 196 255 0 255 255 30 230 77
    188 243 0 0 0 204 253 0 0 0 0 255 120 45 45 211 244 48 244 0 255 255
    80 249 71 111 2 198 0 255 1 255 255 30 165 57 162 182 0 255 74 255
    31 137 178 161 146 255 110 0 255 0 0 255 0 255 23 0 216 83 0 101 242
    25 255 255 0 11 38 70 116 215 255 1 22 173 255 0 0 0 212 187 255 238
    255 255 51 255 3 143 0 158 0 174 101 0 0 222 0 244 231 169 57 0 134
    0 0 0 0 159 42 57 45 42 87 204 255 255 250 250 156 255 252 255 255
    255 19 255 255 255 75 179 255 255 173 44 0 0 152 25 44 118 51 69 79
    255 211 252 75 162 78 51 242 0 114 185 255 0 0 217 0 2 0 33 0 255 1
    12 184 255 255 38 0 91 25 23 132 218 182 208 0 254 178 255 0 205 255
    0 23 0 190 109 78 255 25 0 105 38 184 201 168 38 255 249 122 219 28
    9 0 0 0 128 0 89 255 171 115 5 74 37 177 202 228 0 188 0 0 138 255
    109 0 20 147 222 204 0 227 177 0 88 163 0 56 255 235 12 255 78 155
    252 0 0 74 154 220 226 8 45 118 238 178 32 171 243 255 45 165 0 166
    58 255 255 0 0 4 245 156 0 218 250 172 70 126 2 0 116 255 248 14 205
    0 0 116 218 116 255 28 92 68 255 37 132 13 141 0 0 103 255 255 141
    255 145 34 124 0 51 132 0 255 0 131 0 95 242 72 253 115 42 23 29 255
    88 61 255 193 255 168 149 255 0 0 255 0 153 10 0 255 255 149 54 230
    255 235 250 255 0 167 255 187 111 255 141 154 0 14 0 119 24 239 8
    222 6 11 255 0 120 238 0 139 255 0 222 61 255 0 255 255 242 255 118
    128 255 209 5 253 245 255 0 231 191 0 0 255 0 0 223 249 96 121 253
    177 113 255 252 110 0 255 204 197 0 0 120 100 0 110 169 209 0 114 70
    0 151 0 0 74 37 49 51 253 43 244 184 109 255 255 0 33 189 24 0 209
    127 254 157 0 255 255 0 254 255 255 255 255 228 223 255 255 238 191
    73 0 248 205 188 255 255 92 255 0 236 87 150 255 0 140 255 255 107
    227 255 48 170 0 125 40 255 232 0 255 255 0 51 62 255 255 255 45 0
    47 255 255 0 197 255 108 56 81 68 75 255 97 0 63 255 202 47 55 0 255
    221 242 40 196 255 0 104 255 255 255 10 9 255 0 171 0 193 0 160 255
    49 58 104 0 236 167 24 255 141 248 156 0 213 0 0 225 0 217 0 255 206
    255 255 19 164 0 48 186 172 0 152 193 227 57 0 104 255 255 106 80
    203 114 1 255 255 255 15 36 222 0 151 255 3 153 255 255 51 47 173 0
    102 120 0 137 91 131 255 255 231 0 179 163 187 0 19 33 24 0 255 0 80
    253 99 82 149 255 0 0 56 43 255 0 255 13 4 31 0 139 255 184 255 82
    118 4 0 0 176 255 0 0 39 255 0 251 58 165 0 81 16 139 135 0 117 0
    132 255 0 255 255 216 224 255 164 0 255 31 255 255 0 0 165 114 250
    176 168 169 0 52 2 90 0 0 129 151 255 235 255 0 108 20 0 99 255 147
    69 255 11 0 255 255 0 216 146 195 255 203 255 6 89 255 0 255 255 203
    36 138 255 0 30 253 228 163 0 255 255 195 122 0 135 255 255 0 59 57
    0 0 53 0 247 121 0 0 255 80 148 242 48 112 255 0 159 9 108 27 0 137
    55 0 0 0 185 0 237 0 199 0 255 0 196 246 249 31 10 105 132 0 255 106
    73 123 135 255 0 32 142 255 225 0 0 255 255 19 41 244 104 255 0 33 0
    26 20 161 255 36 8 0 255 67 117 79 130 255 172 0 74 255 66 68 249
    255 88 237 61 235 32 9 118 95 154 216 255 0 86 88 255 0 255 29 210 0
    255 255 174 0 164 0 232 19 179 95 249 255 69 69 0 255 0 0 187 142 67
    89 0 243 0 67 221 156 255 187 255 255 60 255 0 0 0 0 83 98 150 255
    10 255 255 216 0 12 0 255 0 4 208 40 224 196 38 72 0 197 60 190 106
    255 0 0 243 80 255 255 255 0 177 177 239 240 255 0 236 255 84 106
    171 255 0 27 0 255 197 0 17 255 15 0 217 124 0 228 42 0 207 71 118
    190 212 255 110 246 79 7 225 0 0 182 255 0 255 189 255 255 162 114
    87 0 255 81 170 255 63 171 220 78 64 135 0 0 218 49 160 255 0 255
    255 102 255 255 0 0 91 255 211 192 255 226 255 54 56 21 61 0 231 30
    56 205 255 101 185 0 0 255 185 92 0 0 182 214 241 255 0 0 255 49 0
    255 0 255 118 255 244 10 137 255 87 33 255 203 44 0 203 255 255 169
    143 255 255 0 126 172 66 161 150 35 205 125 0 217 245 38 222 10 173
    0 126 255 0 255 0 219 0 93 194 195 0 255 226 28 255 0 0 0 0 133 245
    109 0 188 149 169 33 234 46 0 255 103 0 255 0 211 255 241 255 59 70
    255 0 255 120 143 255 194 0 18 255 0 240 162 0 128 12 255 109 235
    198 0 255 71 0 187 0 159 255 10 83 255 204 8 77 133 169 213 167 0
    110 85 255 79 68 216 255 29 0 92 49 0 255 102 244 0 255 228 0 143
    255 193 0 178 0 243 181 216 255 99 4 0 121 214 32 181 170 255 207 0
    169 118 255 0 227 0 0 32 158 116 164 0 35 0 255 37 215 40 201 12 208
    0 130 165 0 74 83 0 0 0 113 57 252 255 0 68 0 53 125 207 0 149 54 0
    255 255 255 234 107 255 255 0 13 167 131 0 255 209 67 255 165 97 166
    89 160 236 169 255 0 127 32 190 95 5 17 255 236 125 184 0 255 255
    131 88 55 0 161 116 38 92 76 255 124 84 92 52 1 191 255 206 50 255
    152 255 0 255 0 0 101 255 0 16 201 0 94 208 252 255 241 216 89 255
    145 20 255 255 107 0 47 0 187 176 0 134 255 82 23 255 0 72 0 0 248 0
    133 98 0 193 9 255 255 48 239 255 63 254 255 137 54 34 14 183 44 14
    38 0 255 0 255 0 67 255 181 255 5 143 80 77 155 255 0 97 166 3 205 0
    80 0 0 0 85 176 255 255 238 53 25 160 129 208 0 155 135 173 255 179
    43 0 173 255 119 45 212 135 201 17 166 0 255 77 55 120 173 152 74
    159 255 44 240 207 255 87 95 0 114 67 0 255 143 215 0 41 149 234 255
    58 0 55 255 0 49 70 112 212 0 25 248 107 92 235 255 231 81 255 0 255
    82 255 248 255 238 109 118 255 255 56 199 168 0 0 98 77 255 0 0 255
    83 155 57 0 255 70 111 222 82 255 0 35 0 0 204 0 255 59 242 200 0
    255 116 30 227 26 0 114 39 101 230 255 65 0 64 0 255 0 0 236 73 179
    245 255 216 234 215 78 90 0 31 47 178 73 0 255 130 255 0 32 94 54
    243 0 255 255 255 228 255 19 0 159 0 255 255 53 139 20 160 0 20 109
    49 4 124 255 226 128 255 0 255 105 232 0 107 90 223 255 255 194 0
    129 25 255 38 15 6 110 131 153 79 180 255 62 50 173 0 57 53 50 0 76
    172 196 0 76 255 0 241 0 255 132 234 42 255 0 47 220 144 255 97 35
    76 158 26 37 255 185 90 153 253 0 174 120 207 255 80 255 247 0 95
    149 106 133 255 43 0 138 0 255 221 169 255 2 74 77 0 228 0 255 67
    194 255 80 208 255 168 0 105 179 151 0 100 150 187 233 255 255 0 93
    148 0 255 112 242 175 255 3 0 255 44 54 83 215 137 0 150 138 183 134
    146 59 156 148 170 255 0 66 227 20 223 84 61 179 0 84 173 0 92 205
    227 0 13 0 55 146 72 255 217 142 255 255 0 14 183 94 83 38 0 119 203
    91 0 0 0 0 255 255 65 255 22 216 255 79 9 172 255 90 33 226 41 0 0
    73 255 157 255 107 179 218 143 76 255 0 255 0 199 0 70 213 255 107
    235 228 221 208 234 0 255 155 214 203 28 255 14 255 179 45 245 98
    228 124 144 77 0 135 4 0 3 227 91 245 246 255 208 186 200 50 251 0
    255 255 255 234 217 255 20 216 12 178 223 136 98 255 130 255 255 135
    235 153 255 109 87 255 178 153 45 255 14 202 51 255 240 17 255 208 0
    97 147 126 73 141 0 255 255 174 0 42 108 0 227 217 205 58 203 147 79
    24 171 255 255 255 40 0 101 164 86 163 255 192 242 0 195 90 255 196
    118 29 181 113 93 65 134 176 13 94 59 255 111 0 83 255 229 255 29
    255 29 0 255 0 143 41 30 5 0 138 255 255 0 239 242 57 0 225 95 92
    117 46 0 30 222 0 0 0 0 211 0 0 255 224 255 101 74 129 177 159 20
    160 24 139 0 164 234 255 211 172 75 255 255 115 255 178 194 3 0 43 0
    161 255 255 150 190 255 41 130 225 184 69 0 207 98 0 179 244 237 201
    255 255 66 234 228 0 0 6 123 0 242 101 0 39 0 176 143 255 0 117 226
    0 209 255 41 161 230 50 20 184 0 0 0 0 162 232 213 53 255 244 0 255
    74 11 255 0 255 95 16 191 192 176 62 250 200 255 59 0 15 176 34 214
    63 173 0 128 192 20 0 253 220 186 242 141 166 143 153 255 0 162 189
    58 167 255 81 255 163 255 0 0 97 169 254 140 255 13 93 26 51 32 19 0
    0 0 223 255 83 120 0 0 144 255 57 87 255 255 53 255 0 62 255 46 204
    254 100 0 162 45 10 17 0 0 255 255 148 145 0 141 255 175 226 255 28
    252 255 29 163 11 255 171 0 76 204 84 118 255 248 0 255 199 202 165
    43 206 139 0 255 143 0 139 255 240 203 162 7 255 112 130 18 255 166
    20 178 255 255 248 245 255 15 43 255 28 255 61 0 50 79 106 255 83
    187 255 255 94 75 201 152 134 6 48 0 57 55 0 255 159 145 0 152 50 0
    104 5 0 0 197 59 184 0 255 4 91 255 0 0 52 0 8 255 2 255 84 175 107
    0 255 249 0 192 0 40 183 39 0 52 73 176 2 190 0 0 255 0 38 0 199 237
    0 3 0 255 31 69 4 136 225 241 255 252 131 0 255 238 176 64 0 0 29
    255 140 255 48 255 197 32 255 177 68 234 108 31 0 100 60 255 0 66
    255 92 218 0 255 0 56 0 0 236 0 0 142 108 255 117 103 58 14 75 54
    255 90 183 255 59 26 255 255 116 255 255 209 169 0 118 208 52 12 238
    215 73 234 0 158 31 195 207 229 159 255 0 255 0 240 229 255 69 202
    15 0 27 255 244 0 0 15 8 255 73 64 255 0 255 65 142 0 154 158 0 0
    217 226 131 111 94 238 0 165 94 197 255 0 165 52 81 185 0 199 26 53
    164 187 255 29 53 0 192 86 67 0 174 0 130 195 0 74 231 0 143 0 14
    255 70 239 255 0 206 0 0 0 254 19 255 172 65 47 255 0 0 188 255 99
    77 1 181 35 154 255 137 0 203 255 28 0 48 255 202 0 88 255 255 170
    232 205 0 196 121 140 0 57 117 0 20 255 255 139 160 216 182 3 77 74
    255 25 0 31 168 104 255 253 156 215 255 255 108 0 0 244 255 229 0
    255 0 102 102 70 107 0 0 60 255 193 168 159 213 74 255 132 0 137 255
    255 0 197 255 42 49 211 0 0 98 227 0 252 0 152 98 53 65 0 192 255 0
    190 138 0 255 38 255 75 255 215 251 255 0 255 223 77 23 27 135 85
    255 13 0 59 255 0 0 255 0 255 123 0 255 56 255 255 87 71 178 88 0 0
    227 0 0 17 255 166 49 101 58 114 0 128 255 255 255 255 8 255 255 0
    84 255 74 0 255 21 192 18 170 166 0 0 206 143 255 82 255 0 255 255
    184 44 0 255 218 75 200 76 230 255 141 255 0 0 48 14 255 0 0 255 210
    0 8 255 49 188 24 94 123 102 47 226 51 57 0 116 25 247 86 50 0 27
    126 123 44 177 255 255 120 255 255 205 255 65 54 57 55 149 205 145
    255 194 255 0 152 225 255 196 33 39 255 255 249 188 195 250 7 17 131
    0 255 246 0 255 186 117 157 255 255 0 194 180 230 255 0 252 166 0
    177 186 18 173 220 255 232 92 218 102 255 255 15 195 255 59 22 255
    230 52 255 156 0 223 0 32 234 0 61 6 56 120 154 124 28 115 174 120
    148 13 255 81 141 0 254 255 68 147 48 155 187 85 55 228 32 255 30
    255 0 27 173 0 255 0 141 245 103 0 255 90 112 255 76 255 255 255 105
    67 0 0 174 230 78 145 90 69 133 196 160 255 85 67 255 145 0 4 231
    255 108 255 0 255 255 43 245 218 156 0 0 10 212 104 158 135 255 244
    25 196 0 0 12 45 255 255 255 117 60 135 57 235 162 0 217 255 0 0 213
    0 213 185 209 39 116 129 146 238 246 255 0 115 255 222 255 0 111 110
    98 114 0 0 127 64 255 49 86 255 50 27 192 53 255 110 0 175 105 136
    169 242 202 0 176 217 0 230 44 148 255 0 133 232 255 219 2 13 255 74
    255 15 164 148 0 0 118 24 255 187 0 138 3 232 241 134 0 97 0 90 66
    200 212 33 203 69 112 204 71 82 255 0 112 55 255 27 32 203 240 56 43
    57 70 40 115 225 174 34 108 255 36 132 80 161 255 255 165 74 58 18
    200 153 0 255 39 0 255 101 0 0 6 255 19 161 191 255 159 255 168 233
    0 0 255 0 46 123 49 70 219 255 162 84 255 226 45 0 44 97 187 159 187
    255 43 211 44 255 180 5 255 0 49 17 28 0 141 42 25 19 3 69 222 67 0
    224 13 255 204 0 97 214 240 117 255 226 255 255 132 191 84 67 0 0
    211 169 14 162 202 0 164 222 18 209 0 72 255 245 255 255 255 230 186
    255 0 26 138 184 206 0 41 255 255 173 0 160 255 183 0 189 113 166
    255 149 0 2 0 68 26 56 255 104 25 139 170 13 175 217 39 114 255 255
    132 205 0 255 71 0 158 255 221 0 110 249 160 0 23 1 255 79 151 177
    255 13 67 95 8 255 233 255 31 113 18 144 15 255 255 255 182 0 30 135
    255 0 198 198 77 45 255 70 95 112 253 116 0 153 255 146 0 220 172
    213 0 179 255 255 146 206 59 164 248 120 1 168 0 147 201 184 241 54
    66 0 193 91 255 63 133 77 112 117 0 64 255 48 255 6 192 255 0 40 0
    48 155 109 42 244 41 211 191 211 90 158 255 250 0 205 57 255 0 73
    255 0 183 85 14 96 254 255 163 124 132 255 25 105 130 35 0 255 246
    73 195 0 255 0 255 86 159 0 0 79 255 0 246 203 255 106 255 255 40
    128 253 121 0 50 187 0 255 106 240 0 33 152 18 27 138 32 0 187 27 0
    255 11 255 121 46 255 255 50 211 212 0 125 160 148 140 173 255 0 255
    0 255 42 57 170 4 255 194 106 255 20 255 162 255 156 142 59 103 0
    236 255 255 26 0 162 0 190 255 225 179 177 0 0 3 137 127 225 39 138
    122 0 140 17 105 255 217 45 0 155 181 32 196 37 0 110 255 133 184 94
    173 27 205 255 140 255 62 168 198 92 58 255 192 255 255 20 255 255
    102 84 108 66 112 255 0 76 35 0 199 255 104 232 255 213 119 124 255
    255 255 0 31 235 0 102 253 242 87 130 4 2 169 42 255 9 189 89 0 0
    255 255 156 68 219 164 103 144 57 0 0 0 93 34 0 0 255 220 139 92 255
    150 255 0 33 94 255 33 0 77 163 0 247 250 76 255 214 0 40 209 103
    255 35 104 208 0 240 255 255 0 255 255 30 244 85 165 180 7 25 117
    112 35 255 255 78 76 191 41 255 221 0 79 0 0 0 0 180 214 237 187 0
    32 232 158 95 9 0 255 3 146 209 74 41 8 1 241 90 222 53 0 190 208
    255 27 255 123 130 0 173 44 240 69 0 121 90 124 210 0 72 7 106 248
    255 0 211 140 255 142 141 248 214 109 0 91 242 236 245 246 180 171
    36 165 131 227 66 47 17 161 132 0 158 159 0 255 41 36 66 97 255 0 0
    228 255 0 55 66 18 197 156 255 255 255 68 226 255 255 126 44 206 212
    252 47 0 255 0 0 251 104 162 43 0 255 165 0 198 0 233 33 42 116 121
    0 0 0 141 177 202 44 35 101 0 46 0 0 251 55 186 0 0 163 8 138 0 255
    25 5 27 5 0 112 215 11 17 255 209 161 247 0 0 0 227 41 0 175 85 0
    255 0 111 255 8 129 255 0 255 210 255 55 255 145 0 150 37 44 0 3 131
    101 14 150 255 114 110 255 255 176 255 255 106 201 210 135 248 0 255
    26 0 22 189 0 34 255 149 212 255 181 53 209 38 184 16 255 255 255 30
    4 0 7 255 232 57 188 0 255 255 110 70 103 196 243 0 15 203 255 0 255
    248 110 255 14 145 255 50 129 138 198 255 0 219 62 255 209 56 0 255
    198 154 118 234 23 197 255 255 165 255 0 0 37 247 69 116 159 165 255
    22 255 166 109 254 16 0 0 63 101 115 113 243 17 159 255 255 166 182
    255 138 68 123 0 251 186 63 242 203 255 0 152 0 166 0 54 240 255 49
    0 129 255 0 107 255 255 81 238 14 9 63 128 18 165 233 208 12 20 208
    255 45 255 166 0 255 157 102 68 255 10 117 0 0 41 172 0 255 86 255 0
    11 24 255 122 175 248 1 0 179 74 0 151 86 73 2 255 255 165 255 52 0
    106 191 143 104 188 67 99 255 255 139 206 0 0 46 112 248 255 0 255
    163 137 57 26 37 255 255 110 255 255 0 227 184 0 124 0 223 0 0 255 0
    55 255 164 190 0 0 15 0 168 0 0 255 161 24 37 63 148 196 121 233 37
    76 255 255 255 47 92 255 5 0 247 245 15 47 0 161 0 126 0 231 248 82
    128 54 0 255 108 7 255 0 7 0 0 0 208 68 44 255 255 225 116 0 178 41
    89 145 244 146 0 115 152 0 57 193 255 0 178 255 71 255 197 255 0 140
    0 0 166 164 0 122 0 0 218 9 0 255 255 85 255 237 18 187 0 123 255 83
    255 190 255 36 49 69 0 103 175 43 70 249 227 132 108 60 255 0 165 95
    0 217 241 140 223 231 244 216 63 203 227 85 0 167 223 0 0 182 0 219
    40 218 0 211 255 204 0 0 0 24 77 0 131 255 0 44 9 61 168 234 233 161
    121 255 255 119 255 255 192 249 255 53 80 157 11 255 143 55 255 3 99
    0 14 220 52 255 0 104 0 13 105 151 0 170 237 255 66 255 99 254 0 33
    218 29 42</data></your_img>
</opencv_storage>
