<?xml version="1.0"?>
<opencv_storage>
<filter_type>0</filter_type>
<only_luma>0</only_luma>
<r1>1</r1>
<r2>2</r2>
<L2_diff>1.9577540703571528e+03</L2_diff>
<test_img type_id="opencv-matrix">
  <rows>128</rows>
  <cols>256</cols>
  <dt>"3u"</dt>
  <data>
    241 0 40 139 0 255 110 183 151 43 228 94 54 11 207 165 51 219 186
    249 243 233 103 254 112 246 127 12 3 153 144 21 47 50 174 94 254 141
    176 6 9 248 32 231 241 220 232 143 58 255 249 99 73 158 74 32 78 90
    10 43 62 249 213 151 26 102 189 61 222 236 132 139 20 223 75 113 239
    195 114 145 242 161 239 61 199 26 150 238 151 123 64 249 20 182 213
    69 207 7 99 128 22 174 140 7 119 8 187 86 214 128 47 28 36 116 114
    209 207 116 147 1 203 89 250 39 253 63 253 34 242 195 170 75 77 61
    238 200 32 86 86 242 255 72 102 207 101 27 250 145 18 146 86 203 68
    26 219 91 34 137 161 109 59 129 200 200 81 127 163 193 96 64 66 90
    61 249 225 184 248 218 191 97 70 38 125 217 228 160 180 126 236 139
    73 24 142 22 238 237 151 14 133 146 99 134 185 243 110 182 169 204
    110 189 151 1 249 5 184 178 50 235 81 215 42 12 196 21 243 99 127 41
    242 47 137 248 174 36 178 39 40 41 249 248 75 123 252 27 112 215 110
    172 199 63 88 57 119 133 75 127 86 236 116 133 124 43 145 98 51 247
    106 82 250 106 232 50 115 227 228 177 4 30 145 9 166 128 196 109 250
    43 142 201 55 240 134 71 183 73 39 35 189 20 112 66 16 170 255 68 0
    220 29 43 92 90 39 162 191 181 238 19 106 60 219 118 170 137 87 14
    26 239 191 109 120 191 68 152 2 255 175 81 100 9 164 133 220 194 220
    38 195 176 182 121 192 204 42 245 200 93 33 250 139 44 136 110 67
    192 78 139 11 181 25 137 245 27 208 8 83 176 46 145 243 197 251 142
    246 225 248 158 166 68 76 235 34 88 137 254 161 188 252 146 241 180
    68 213 54 128 128 116 208 65 179 234 6 87 157 160 231 124 222 60 48
    103 151 139 45 51 168 32 252 162 204 9 115 217 180 224 136 162 245
    171 103 199 209 78 116 40 104 181 210 45 177 254 52 210 59 222 142 6
    103 226 225 37 2 180 21 91 166 2 176 84 114 224 19 47 25 85 192 132
    131 231 57 231 62 229 194 206 103 71 191 204 14 159 238 26 1 160 210
    207 68 120 119 4 229 126 112 162 149 91 39 240 70 102 36 25 13 168
    20 243 69 20 96 135 158 172 74 50 212 112 212 229 86 47 223 118 219
    208 14 201 83 126 131 150 0 43 98 252 247 84 107 249 26 110 147 101
    60 23 154 53 150 21 69 233 6 102 240 167 100 253 134 84 224 9 186 95
    37 182 45 111 212 89 40 13 255 77 76 5 1 2 168 253 108 178 184 92
    163 76 196 138 138 233 84 115 160 3 40 7 2 213 45 21 53 161 152 239
    228 111 226 122 84 186 144 175 241 140 139 133 117 97 131 0 30 79 29
    169 29 24 159 121 106 108 171 241 180 118 165 143 189 38 4 26 172
    118 243 202 85 157 245 1 183 31 41 228 196 110 206 232 196 116 98
    236 212 251 253 204 20 187 180 120 141 216 28 204 234 244 158 120
    253 138 112 234 237 31 96 111 76 249 195 220 164 211 196 206 140 51
    249 252 237 6 161 88 100 249 154 253 136 90 13 108 41 14 237 95 101
    25 155 8 29 115 193 197 59 24 142 253 238 33 53 185 213 204 164 167
    235 179 170 187 6 17 165 233 36 210 125 172 233 227 155 222 95 155
    213 112 252 241 172 31 149 198 196 56 15 195 221 165 89 26 214 252
    46 89 76 1 212 73 248 10 248 38 174 254 141 172 138 45 165 9 208 109
    90 205 159 33 138 141 74 64 169 7 55 253 239 203 11 5 67 102 176 111
    9 149 209 171 9 216 87 148 199 126 206 76 17 189 234 101 3 5 243 11
    121 254 255 248 2 30 198 156 237 151 75 1 189 84 14 220 170 243 24
    23 100 161 110 9 9 222 189 212 146 169 164 33 212 177 60 247 23 199
    239 100 193 175 196 225 119 199 6 124 168 64 158 176 114 197 204 58
    93 214 173 46 13 69 152 30 3 176 29 216 81 31 162 66 151 209 242 74
    234 34 80 241 238 164 229 250 50 221 83 172 79 145 107 252 173 35
    242 102 167 0 155 253 128 171 59 46 228 38 20 12 159 241 196 226 132
    112 249 142 108 97 164 120 235 157 81 108 175 41 20 197 207 48 3 178
    172 73 13 122 168 143 245 85 108 172 216 226 18 172 19 9 210 192 183
    154 64 12 58 7 95 140 201 84 169 62 139 219 252 11 123 226 191 44 90
    86 249 227 115 37 173 239 179 237 157 206 155 150 143 244 32 250 90
    21 26 250 89 100 184 190 181 7 252 58 114 38 80 187 195 88 64 111 13
    231 119 176 95 239 29 35 82 240 61 142 12 203 150 56 141 203 76 168
    54 146 74 44 79 169 242 127 55 95 88 52 98 191 225 106 17 242 180
    181 248 47 130 132 4 16 223 67 238 25 99 59 247 242 72 216 33 184 46
    245 73 45 227 190 148 247 27 26 105 63 93 220 237 163 82 23 227 243
    162 163 8 37 41 108 252 234 147 158 176 69 141 194 68 88 142 123 51
    198 22 53 85 244 230 135 120 159 232 75 204 5 19 239 17 68 204 8 116
    219 81 118 37 126 36 177 245 212 12 94 73 71 237 14 179 187 0 246 55
    29 36 140 85 8 204 215 186 225 1 66 9 214 102 220 6 2 3 5 40 152 26
    129 52 145 149 138 236 130 252 217 78 150 245 136 90 161 76 179 140
    238 89 13 1 23 22 79 110 182 243 79 157 165 212 32 197 19 133 171 42
    22 41 255 229 126 214 165 62 127 61 119 76 205 174 113 128 130 141
    163 225 21 188 168 79 115 199 76 217 10 115 173 248 145 139 113 156
    0 33 61 199 172 5 219 34 208 73 72 214 1 33 91 31 60 195 92 94 224
    223 75 217 55 153 43 72 196 143 52 125 188 132 222 190 253 206 179
    197 18 192 107 3 246 154 161 65 133 106 24 133 121 102 133 242 106
    103 174 0 17 80 17 135 8 211 123 37 100 141 100 139 81 110 144 36
    207 142 104 109 165 153 181 133 217 48 54 133 189 219 17 232 147 39
    93 165 202 39 41 130 33 220 15 27 82 117 22 211 211 91 171 87 22 53
    211 126 231 74 53 87 126 68 225 181 86 159 220 119 131 190 197 54 36
    130 222 218 209 33 254 180 171 228 173 247 0 17 209 137 35 115 235
    90 155 176 250 93 182 113 102 148 63 243 229 16 62 218 117 10 50 115
    165 209 108 152 117 255 162 232 105 98 194 232 176 244 20 21 25 144
    119 134 85 209 253 63 92 43 46 6 155 0 68 34 208 56 7 247 179 4 171
    13 96 145 24 43 174 220 14 3 89 97 136 230 25 96 215 238 7 159 71 92
    198 179 160 31 31 211 2 201 38 191 13 13 120 171 187 112 76 167 212
    121 224 164 6 56 73 61 73 203 226 238 218 70 222 3 174 237 97 163
    162 220 79 82 227 150 190 243 26 109 122 147 99 77 188 16 191 108
    168 251 62 172 221 209 147 45 144 83 89 86 241 111 112 39 193 124
    185 93 233 50 59 54 221 253 57 157 128 40 106 87 7 49 198 7 116 27
    49 32 207 218 158 104 56 36 251 4 186 221 12 224 21 30 218 127 118
    60 150 240 228 243 68 44 135 207 107 51 164 18 158 184 223 82 155
    255 23 82 5 45 75 220 122 68 47 233 26 58 249 66 51 218 185 93 134
    68 35 228 156 191 189 148 106 119 33 85 1 78 207 231 228 238 15 182
    43 186 231 208 118 106 45 239 206 0 144 53 228 233 144 114 217 18 41
    39 11 104 100 180 242 205 214 72 190 144 132 183 249 65 139 100 145
    187 48 238 190 51 159 40 69 175 246 217 183 208 201 10 249 221 254
    239 194 36 137 210 46 201 10 39 156 162 179 144 191 203 38 105 45
    172 161 212 93 191 240 48 122 181 124 1 85 156 136 81 100 40 39 214
    131 199 210 161 187 105 75 166 15 181 198 114 232 26 187 11 197 175
    27 159 88 54 233 16 21 95 18 19 103 242 13 168 8 210 32 119 150 107
    112 107 126 128 110 233 96 65 51 241 186 134 69 55 135 145 124 77 73
    238 246 0 119 102 230 46 161 121 216 110 101 211 151 31 238 120 6 60
    172 170 57 74 175 80 202 13 21 18 38 114 27 60 5 7 26 239 200 173 63
    52 133 140 197 22 111 140 116 232 227 108 66 84 134 128 251 143 170
    13 54 165 190 145 218 243 224 112 221 154 17 39 229 98 108 247 106
    38 184 232 86 193 16 98 237 211 65 21 158 113 242 103 230 146 231
    235 237 73 65 32 210 73 57 48 94 84 190 195 240 21 245 65 172 132
    239 254 205 116 243 27 27 255 87 139 239 44 215 131 8 238 184 122
    205 124 23 35 151 176 162 57 40 188 213 9 248 177 216 79 94 89 219 0
    76 137 176 55 219 117 134 220 140 26 186 251 11 10 214 203 85 67 14
    209 149 82 45 94 112 109 25 170 247 207 51 68 187 100 46 206 232 84
    236 50 212 7 25 207 101 216 142 67 207 9 242 194 2 139 179 106 144
    242 77 124 193 131 193 152 203 18 140 170 73 135 211 176 130 112 237
    93 201 49 223 112 168 178 215 252 169 28 80 111 147 9 253 14 74 100
    180 159 60 96 147 108 173 66 155 165 66 41 182 236 114 140 231 104
    212 166 244 137 232 201 248 211 65 197 171 115 94 87 138 66 201 206
    125 25 71 77 223 129 235 169 204 82 61 255 121 88 100 84 198 218 107
    15 202 56 97 72 86 163 108 37 77 190 194 65 116 184 112 114 64 1 13
    20 52 85 183 141 51 0 90 218 121 108 145 83 139 72 37 62 162 40 193
    171 210 189 99 148 140 70 137 43 80 67 254 85 24 85 222 234 252 54
    227 171 219 35 233 32 61 196 140 19 58 66 80 182 147 57 250 183 46
    253 1 56 84 163 182 133 181 168 71 162 248 159 63 107 138 193 190 6
    131 30 66 193 41 81 41 143 50 238 126 254 33 29 52 160 188 224 53
    131 94 162 161 255 103 96 121 2 254 121 66 130 36 48 174 227 86 116
    152 120 242 235 228 120 84 90 175 53 246 182 175 248 9 114 55 53 12
    188 162 62 45 224 162 123 53 81 222 208 39 17 6 238 181 214 2 112 68
    50 128 142 176 190 204 207 63 252 60 67 248 3 241 26 19 202 46 189
    82 101 198 184 170 214 144 7 27 19 176 133 149 95 63 51 97 7 191 225
    206 225 225 171 138 112 192 13 58 37 173 253 247 182 196 68 118 54
    56 7 224 90 251 254 34 107 22 142 221 247 238 124 232 11 92 236 82
    158 113 251 212 150 11 14 229 51 200 121 89 74 221 216 33 108 100 6
    172 14 40 124 168 244 195 153 170 18 2 55 93 96 62 208 129 91 238 69
    78 115 97 47 104 228 103 189 19 71 237 182 218 170 25 133 136 34 28
    13 163 195 253 36 209 45 101 174 114 155 249 210 52 91 8 31 171 183
    250 15 25 21 255 141 201 84 197 169 255 79 168 16 87 240 228 25 195
    53 115 9 206 180 99 40 35 173 172 58 175 227 122 188 193 96 208 171
    68 34 211 201 35 11 216 125 154 122 18 224 168 203 16 188 145 78 11
    143 217 250 224 121 182 22 233 65 163 101 221 19 59 33 251 143 239
    130 113 38 8 121 129 178 246 77 28 185 199 205 228 89 225 63 254 29
    57 107 45 134 72 246 89 134 197 175 150 231 101 119 159 237 230 10
    213 13 211 176 144 82 149 80 95 39 171 97 158 226 110 7 56 241 143
    95 227 86 229 9 241 72 23 186 218 171 5 187 230 166 200 174 55 68 87
    4 213 151 208 165 143 234 125 222 39 152 156 68 209 24 79 78 165 123
    167 123 63 167 230 42 76 195 25 136 89 22 214 32 170 242 226 78 174
    191 98 96 63 42 77 252 189 138 82 125 232 187 12 2 68 13 201 120 158
    168 180 157 58 93 70 10 22 34 1 87 119 140 154 147 155 37 3 182 68
    173 241 75 71 46 174 161 123 49 209 33 13 69 92 42 2 193 76 13 17 48
    53 204 172 25 191 228 95 155 190 141 27 147 186 97 81 239 69 221 101
    157 251 107 153 190 31 240 38 26 80 48 214 236 113 5 25 146 141 12
    142 22 118 110 198 12 116 36 97 209 80 173 211 35 89 168 4 52 84 237
    237 157 163 37 48 40 238 25 178 244 39 165 134 135 35 168 2 183 237
    24 41 249 152 131 9 12 152 109 72 186 107 66 74 141 61 67 143 241
    169 35 159 3 115 88 215 23 155 253 109 101 245 93 162 39 143 21 84
    48 230 63 63 100 66 221 165 24 212 66 127 223 250 96 227 219 73 23
    163 107 211 219 145 142 148 212 2 227 201 35 254 48 79 20 94 148 64
    172 122 228 185 90 7 81 173 127 117 107 206 19 29 245 56 223 177 169
    91 60 190 134 57 225 184 123 164 126 2 124 244 26 104 81 206 136 202
    234 69 4 116 8 231 48 216 250 251 185 102 64 109 224 243 29 160 97
    151 140 68 92 22 44 224 92 159 123 177 212 4 123 238 191 224 243 31
    173 221 179 205 220 186 79 220 47 142 253 83 182 132 24 177 190 254
    131 176 136 7 41 93 222 118 39 199 27 79 123 181 247 18 45 39 215
    166 221 152 5 7 20 45 130 200 246 167 63 171 226 114 106 182 117 244
    67 38 162 21 224 247 172 204 23 191 183 247 198 153 54 209 232 234
    138 225 104 151 61 226 18 142 67 133 16 50 102 150 112 149 132 184
    53 100 96 83 218 137 125 60 146 182 182 86 139 47 84 164 206 21 248
    168 101 194 43 23 126 210 151 38 250 19 207 43 249 23 195 10 253 174
    166 38 72 86 225 42 78 66 94 242 172 170 25 246 233 129 92 214 50
    135 127 114 230 74 94 24 163 195 71 24 143 14 52 216 41 103 102 200
    40 217 163 90 59 198 141 218 16 187 156 165 26 244 85 113 224 109
    192 141 57 63 9 108 221 6 76 28 244 112 198 178 214 109 235 0 200
    141 178 25 131 46 234 178 89 208 74 0 98 184 228 28 49 166 163 228
    255 42 189 177 175 112 124 147 206 87 220 209 228 41 71 35 98 58 152
    224 146 218 217 20 157 20 194 35 142 186 104 178 28 18 219 19 157 42
    117 192 69 133 242 123 68 12 159 255 101 104 226 218 220 129 243 155
    32 174 32 44 80 176 183 205 236 104 214 32 208 63 132 108 61 197 223
    181 186 71 66 175 197 138 119 1 76 53 196 241 99 164 102 17 81 165
    99 166 104 134 161 64 27 51 59 114 4 235 100 85 109 92 149 129 205
    171 53 124 111 196 164 248 7 89 42 198 79 94 235 191 107 83 69 2 183
    43 104 207 230 50 54 111 53 52 135 109 190 147 91 45 165 88 174 5
    168 55 174 121 138 114 46 152 65 190 16 62 206 62 204 67 125 180 37
    227 55 10 199 56 39 112 135 216 94 87 81 110 107 149 17 38 132 84
    199 33 246 206 222 56 155 174 8 194 97 176 39 71 36 219 201 60 146
    140 125 130 48 141 36 233 110 3 97 251 67 207 68 160 17 59 24 188 99
    57 99 84 210 146 212 104 221 246 151 48 188 254 113 232 176 230 89
    41 161 15 113 136 228 51 46 6 168 130 74 69 152 92 198 114 167 188
    39 126 113 136 231 239 193 194 243 110 130 241 248 103 169 82 180 31
    13 126 108 109 58 125 237 246 104 132 22 232 89 153 32 11 20 176 137
    224 170 242 46 196 247 51 64 19 47 155 161 100 109 51 143 56 75 162
    227 55 223 18 245 5 147 85 242 228 163 20 131 37 122 74 58 2 136 92
    122 73 171 58 49 184 219 38 242 154 195 129 254 28 204 109 93 251
    134 233 109 180 214 176 84 201 112 209 82 33 107 99 6 34 89 190 87
    12 134 119 239 154 0 140 133 238 168 208 153 0 85 141 87 130 139 140
    147 19 81 85 183 143 51 113 18 13 92 85 105 115 218 3 113 108 199 18
    120 131 69 6 21 98 76 205 182 216 41 16 89 173 79 60 248 186 185 27
    143 84 19 102 37 101 136 232 155 66 136 243 144 64 183 162 230 130
    184 136 148 223 55 86 228 144 165 227 154 78 55 199 49 98 53 144 190
    176 76 170 121 205 241 105 180 71 211 19 148 227 3 231 232 181 206
    251 219 202 136 42 17 55 222 151 77 198 103 12 203 101 245 149 95 21
    240 130 186 110 112 209 181 65 245 151 8 87 161 22 29 182 72 5 232
    58 89 82 108 196 123 253 25 69 58 10 201 7 245 29 23 4 247 153 84
    216 240 240 152 90 10 191 253 75 125 236 26 36 204 53 245 102 169 3
    153 217 228 137 210 174 74 171 170 225 235 141 165 81 108 162 3 166
    8 181 180 203 199 202 5 197 109 96 39 100 89 80 181 53 84 128 45 150
    132 113 40 159 197 190 151 60 49 57 133 113 130 48 35 186 47 86 53
    47 128 184 122 234 225 16 108 51 112 157 127 207 55 226 75 229 88 28
    50 10 248 108 237 222 108 59 85 161 116 74 16 91 125 72 108 42 64
    128 84 207 200 41 201 127 15 44 73 154 1 10 129 46 107 221 196 187
    158 140 190 201 194 204 201 242 190 145 113 157 95 199 253 234 194
    135 17 3 22 92 205 34 225 216 5 195 255 10 56 90 243 254 79 172 215
    143 1 40 187 236 176 127 131 251 69 249 99 127 15 22 46 199 244 13
    142 11 77 222 35 243 244 239 133 182 198 174 217 69 196 87 208 108
    144 102 12 143 4 120 26 137 232 170 37 139 226 251 155 84 127 46 13
    20 24 253 203 172 251 230 49 63 10 125 155 107 226 189 43 8 219 22
    27 79 110 251 182 96 181 48 41 71 23 28 198 103 192 131 68 33 157 2
    130 156 127 109 252 64 9 23 58 186 176 2 105 95 136 141 10 52 172
    121 34 14 143 96 49 166 104 248 42 239 12 232 126 120 55 141 146 107
    203 143 183 93 106 186 12 25 223 77 141 209 31 208 205 30 126 228 91
    214 27 169 212 81 243 36 55 5 79 177 152 86 120 48 8 158 136 169 145
    216 107 71 247 219 11 231 158 69 146 75 145 132 145 150 87 170 234
    136 226 140 117 222 144 34 118 70 25 255 35 73 203 133 137 10 54 182
    254 115 164 213 235 57 123 61 172 90 55 198 240 167 44 82 133 19 247
    157 75 70 12 33 133 135 146 53 25 205 232 19 12 229 130 179 38 11
    243 178 8 98 59 55 40 174 186 172 131 121 11 194 152 5 45 123 140 41
    127 149 159 224 238 84 151 119 75 146 37 130 183 238 119 185 119 183
    61 37 44 75 127 116 12 246 251 10 176 105 234 123 125 255 253 10 229
    22 166 23 54 60 91 172 79 253 17 60 140 129 61 211 135 128 52 197
    161 29 210 55 4 28 133 113 42 3 38 228 116 108 32 130 55 105 254 140
    137 2 89 143 111 115 229 229 39 40 237 49 194 218 82 50 40 173 253
    247 87 245 131 87 131 97 236 11 32 249 11 29 128 13 63 30 134 209 89
    255 135 147 215 50 36 53 80 104 12 109 216 60 11 110 187 237 222 71
    150 188 95 24 212 33 71 248 246 21 171 255 239 95 121 206 160 55 149
    28 240 192 239 74 11 251 193 187 84 224 8 18 219 167 215 109 9 80
    184 56 135 184 225 82 28 3 103 239 119 35 125 100 161 121 10 60 82
    31 131 173 214 242 162 219 24 59 50 83 66 212 180 76 96 19 17 106
    141 13 43 206 131 220 121 8 154 7 51 105 232 0 13 239 174 60 247 188
    91 114 193 100 74 245 106 194 66 140 243 99 189 193 134 71 221 87
    159 14 39 39 243 45 131 152 106 76 169 140 240 209 36 9 124 217 22
    75 210 97 97 115 144 194 32 246 253 49 216 25 166 120 182 241 29 191
    178 155 109 76 107 63 160 217 141 246 58 6 147 72 98 35 131 88 31
    174 76 23 1 191 202 199 154 230 159 69 61 113 16 64 17 40 246 21 50
    238 106 159 215 138 228 183 35 161 30 158 65 195 114 71 90 150 81
    202 141 139 195 233 130 28 127 116 212 179 170 139 64 254 89 138 192
    161 6 78 122 1 57 241 71 251 123 80 142 57 104 159 159 50 82 144 73
    231 126 132 244 160 80 111 20 100 236 3 157 80 205 254 198 214 162
    76 238 242 58 153 21 65 34 107 242 181 67 95 97 103 115 134 145 187
    188 166 58 125 248 162 236 112 24 25 188 192 188 118 118 31 130 72
    181 29 110 168 159 42 165 23 64 136 100 244 149 238 75 11 26 216 227
    201 51 218 210 104 132 245 241 128 251 218 135 76 20 242 204 15 246
    191 193 28 172 21 170 169 124 45 61 120 85 130 5 81 245 255 33 43
    136 36 44 121 83 163 37 181 95 62 143 176 70 125 193 91 183 114 113
    184 159 105 206 239 157 47 229 233 6 234 139 124 64 102 65 67 212 31
    159 141 115 60 234 135 70 13 41 182 133 40 195 149 161 227 170 211
    130 75 141 232 137 46 248 11 62 66 234 126 54 244 161 245 7 201 32
    30 189 69 240 9 219 8 21 173 22 67 199 68 147 92 251 56 97 135 125
    225 95 106 98 218 252 84 5 167 153 47 220 115 60 140 159 61 119 172
    148 46 155 147 139 69 189 68 217 89 161 53 5 206 27 21 177 145 254
    82 129 77 80 23 239 19 86 82 51 197 126 7 87 51 155 144 136 80 152
    156 47 229 201 34 235 116 239 245 88 165 34 197 198 91 112 248 180
    135 197 76 180 69 104 25 207 178 197 34 26 87 115 113 87 150 78 202
    13 88 162 0 194 176 197 213 19 91 111 61 84 89 139 23 175 15 60 102
    198 28 79 179 66 49 21 225 74 124 255 185 231 187 133 49 67 58 26 97
    184 0 17 94 166 162 98 11 194 79 210 200 210 130 215 200 234 200 109
    148 156 216 84 37 44 229 103 67 226 103 182 249 123 203 71 13 240 12
    234 117 78 40 22 218 203 171 253 3 205 173 200 3 104 204 94 34 72
    140 3 18 117 171 111 122 79 215 237 146 8 117 185 178 68 116 243 206
    208 192 132 101 188 14 159 9 20 5 159 5 236 102 109 96 114 186 154
    12 99 58 181 3 113 148 62 141 2 251 64 187 236 44 17 176 209 85 180
    232 6 105 102 21 199 189 191 250 255 224 154 130 0 61 248 88 156 194
    239 250 178 112 74 224 144 163 161 171 228 185 128 208 137 132 117
    50 199 124 191 138 156 43 163 38 198 227 44 254 21 27 8 77 219 153
    111 29 151 160 115 158 204 17 83 209 75 213 251 231 152 163 195 99
    74 147 69 241 29 153 161 164 72 86 160 156 154 134 254 186 167 235
    198 163 230 168 84 206 150 204 10 204 35 26 137 150 40 138 240 2 221
    244 164 116 206 199 95 182 250 38 209 86 116 37 158 190 89 111 101
    134 108 43 197 209 11 1 102 67 44 62 131 201 232 242 90 206 140 62
    254 133 0 0 145 22 246 52 7 82 228 244 47 108 184 7 59 57 21 180 123
    159 247 130 35 242 62 246 120 78 182 243 3 108 201 131 73 85 181 115
    11 82 211 217 112 198 228 131 33 183 119 200 218 50 132 169 240 230
    223 52 193 223 127 160 209 95 75 244 124 47 18 89 186 80 124 63 52
    193 56 242 99 206 74 146 181 77 252 65 4 185 79 43 14 136 162 45 40
    175 104 216 4 16 236 246 82 43 65 146 87 58 236 242 252 68 6 9 122
    36 129 204 161 233 236 32 134 33 137 36 155 202 57 165 105 191 46
    245 132 250 232 26 242 211 56 154 227 57 213 178 214 72 33 46 25 114
    140 150 147 202 126 170 20 24 117 133 48 184 35 113 166 60 218 144
    122 46 139 56 68 71 230 52 207 233 30 191 66 93 221 176 160 111 73
    32 127 121 235 204 169 254 190 30 135 40 63 58 224 109 45 146 22 134
    223 137 8 243 191 176 142 67 38 55 154 68 246 206 54 245 134 153 61
    71 21 161 138 32 69 186 245 34 115 80 43 51 240 81 1 22 196 164 107
    58 223 245 126 106 107 150 146 4 208 157 127 241 175 189 162 35 141
    130 246 115 26 27 95 183 3 162 11 61 184 6 170 90 158 205 183 109
    153 75 127 95 217 88 65 50 252 89 235 173 112 183 189 68 192 137 144
    90 125 112 211 151 239 45 88 209 20 165 64 176 248 112 74 173 180
    149 138 70 213 122 165 56 190 227 201 11 14 181 165 219 106 252 93
    211 74 196 93 61 82 171 191 115 45 111 109 121 172 21 150 116 84 113
    82 3 81 44 198 183 134 190 8 52 8 191 52 207 42 233 92 115 216 192
    16 74 208 162 65 132 184 93 137 101 59 38 36 231 46 134 45 245 38 72
    33 164 135 82 78 199 219 79 91 201 226 8 157 189 143 15 114 5 50 252
    136 102 52 8 119 128 185 133 12 213 42 227 77 199 176 255 210 77 55
    218 179 208 225 119 106 251 47 154 69 65 112 151 182 228 31 209 141
    143 85 172 211 207 88 136 9 70 225 223 73 3 81 85 192 6 128 9 161 30
    152 221 2 214 158 6 234 93 87 32 29 172 188 223 31 149 109 70 239
    252 137 180 3 231 80 117 243 143 78 79 149 4 77 193 73 139 90 27 7
    37 208 207 18 164 178 155 49 119 96 196 14 55 231 93 186 163 50 240
    212 144 32 205 71 44 96 136 115 134 68 249 208 168 55 63 172 34 93
    251 105 113 173 59 219 127 57 252 49 124 116 239 128 244 56 99 158
    47 123 250 111 180 83 148 175 84 66 12 158 204 61 16 71 99 80 255
    124 57 193 85 147 74 224 79 41 46 239 240 241 183 189 73 52 191 125
    229 113 160 40 77 95 155 251 139 253 68 29 84 121 240 211 52 78 94
    158 189 153 62 20 159 170 251 134 98 207 146 177 69 57 242 49 109 28
    201 59 172 72 27 227 224 251 120 40 186 32 124 54 180 110 134 134 92
    172 49 17 247 217 175 238 127 105 158 80 187 176 178 78 174 164 133
    33 109 80 10 97 166 15 214 74 122 211 93 188 142 87 10 40 97 222 222
    98 165 33 103 229 248 129 133 87 105 177 246 38 186 138 244 161 234
    250 193 94 94 75 63 196 36 173 163 28 235 151 131 164 69 119 126 119
    229 142 147 100 215 61 65 116 13 105 231 166 114 30 153 229 189 199
    168 190 98 19 254 213 159 94 108 11 78 78 119 123 205 8 55 214 253
    196 186 224 211 227 118 99 251 18 153 47 64 156 138 66 249 237 190
    213 242 87 74 56 171 232 189 214 243 44 16 245 179 223 13 28 84 79
    190 216 66 248 252 16 29 64 79 88 118 253 127 8 99 44 177 217 49 29
    177 225 187 160 93 201 124 14 177 163 127 20 77 81 229 247 236 173
    57 11 81 151 250 27 49 228 31 192 254 140 174 145 40 51 40 174 119
    162 119 61 122 110 171 150 96 156 12 202 64 157 178 210 66 35 120
    196 98 26 227 139 143 245 181 118 39 137 233 126 29 27 224 64 146
    239 113 114 56 252 239 43 150 56 172 70 65 149 33 196 20 78 143 157
    131 225 231 231 250 78 75 187 3 210 227 240 158 177 121 207 225 98
    235 217 18 35 255 160 186 81 71 217 80 38 73 250 232 82 15 209 2 203
    117 49 12 80 84 44 66 32 42 217 5 112 89 209 211 227 161 255 195 249
    92 219 15 75 25 221 74 30 109 64 94 12 151 177 203 126 74 179 201
    193 28 88 97 220 99 166 175 203 112 167 70 146 151 114 151 131 21
    137 60 190 2 198 65 98 31 180 58 200 54 192 31 65 131 214 6 50 85
    236 156 138 42 29 244 202 212 184 144 184 32 241 27 206 82 177 48
    229 104 189 133 163 126 137 80 86 150 37 229 8 69 222 25 218 240 141
    146 25 113 107 44 238 224 51 228 124 232 167 15 204 203 69 191 145
    99 236 76 68 240 230 29 12 187 67 197 160 18 238 170 111 15 43 19 25
    124 184 96 241 249 239 243 115 161 33 173 13 168 153 212 43 10 20 85
    139 133 117 9 33 115 241 168 61 115 63 79 177 211 225 185 211 206 23
    117 206 120 23 202 145 112 224 180 167 63 244 203 200 71 167 141 125
    67 74 105 100 26 32 18 76 183 43 228 114 35 223 158 13 81 189 133 57
    178 255 147 19 133 160 63 148 229 236 70 209 117 40 127 78 123 90 88
    85 169 184 212 56 4 75 18 248 97 159 209 80 239 225 64 90 151 85 24
    14 168 240 186 165 235 110 97 203 111 88 62 52 115 32 44 55 184 18
    60 207 211 75 94 100 85 17 228 60 208 191 219 144 153 242 254 146
    234 100 230 205 196 207 39 56 198 22 205 95 136 238 255 174 232 79
    156 159 211 26 205 194 222 151 22 138 127 182 37 78 17 82 53 26 249
    169 200 154 125 19 67 203 206 209 3 91 18 43 22 255 26 225 53 235
    225 123 234 146 29 73 134 195 175 154 31 54 91 56 185 172 31 105 232
    154 53 75 218 123 8 240 222 177 206 155 154 115 65 195 120 226 63 42
    83 1 243 19 180 127 102 165 213 242 7 250 62 27 7 146 90 166 135 42
    39 88 98 204 131 119 197 166 201 52 93 248 190 97 61 22 149 21 204
    169 56 111 141 75 2 192 248 232 219 254 185 197 232 78 162 104 57
    241 175 197 23 156 166 189 92 98 59 72 46 200 231 213 164 5 213 22
    32 37 74 88 249 215 68 88 24 107 26 198 64 3 243 228 99 133 154 120
    101 154 255 16 218 164 127 206 144 145 222 63 160 40 171 171 191 227
    180 34 90 19 157 9 23 100 108 51 5 90 236 223 185 47 36 87 58 209
    137 53 30 60 18 101 125 183 66 15 182 50 86 7 48 198 144 120 13 160
    57 255 197 97 66 177 170 5 97 119 69 41 181 239 62 216 199 223 184
    70 35 54 110 237 2 66 111 100 128 232 154 7 47 59 219 204 34 112 100
    232 221 161 78 58 227 160 104 126 149 174 181 30 85 25 220 62 10 120
    23 68 106 87 193 51 140 0 121 63 193 70 148 58 103 86 51 64 184 90
    146 160 92 84 86 176 157 105 88 196 82 34 238 156 60 81 39 217 232
    236 228 101 114 212 58 98 183 98 81 177 111 240 164 88 152 16 176
    158 190 41 169 244 55 246 99 233 222 87 232 146 22 233 2 41 255 17
    32 245 88 74 188 151 152 178 118 55 0 188 63 216 174 16 250 145 68
    58 189 228 212 247 54 225 201 157 248 72 152 232 150 101 53 200 2 24
    214 169 22 3 73 8 131 21 39 70 72 72 30 22 105 230 225 96 34 107 55
    166 156 41 233 151 210 203 197 24 170 169 137 161 90 30 217 20 64 89
    3 12 103 187 156 206 244 94 151 160 148 15 9 86 38 63 135 174 23 62
    124 204 224 141 196 65 150 40 246 68 30 74 0 112 191 9 238 12 170 65
    174 105 170 27 147 105 5 205 194 232 10 152 128 31 254 38 254 241 11
    32 16 132 94 162 100 218 198 3 235 247 72 72 37 35 56 185 137 68 252
    181 222 230 174 243 141 80 56 185 122 114 90 90 81 17 112 145 71 254
    159 23 101 247 22 180 202 144 85 187 224 156 174 104 140 7 70 238
    233 130 158 68 212 14 55 209 168 28 153 191 106 58 73 74 181 10 85 2
    108 191 10 61 108 52 73 72 235 86 231 227 241 22 148 175 183 162 247
    26 191 15 229 206 119 13 49 172 80 173 9 19 220 220 16 74 61 203 171
    246 36 52 36 118 0 118 163 65 33 239 148 67 57 181 16 77 174 34 76
    139 72 233 239 69 9 52 98 50 113 62 254 187 123 191 190 176 151 228
    17 169 183 223 166 186 104 180 4 205 16 36 139 174 222 234 32 199 96
    9 1 8 107 175 99 198 157 55 211 39 90 148 198 196 199 19 229 83 124
    211 98 66 214 231 131 76 61 253 216 157 9 54 158 200 36 226 91 162
    77 178 113 41 130 244 200 172 210 58 150 186 94 247 216 243 207 191
    52 19 117 27 164 206 204 44 114 181 229 200 94 172 163 240 178 91
    255 239 79 143 151 10 156 243 130 187 82 74 252 20 248 230 135 168
    205 77 127 207 41 180 232 182 147 152 16 250 77 135 50 213 164 14
    189 180 101 187 37 117 148 71 16 208 237 150 86 219 25 214 213 147
    90 57 255 52 190 205 167 161 75 226 68 26 20 110 107 159 30 69 41 86
    236 216 80 0 171 13 173 156 215 15 111 16 215 51 78 93 111 212 242
    252 229 21 111 243 91 73 115 168 72 242 83 75 107 179 10 107 177 92
    46 106 197 240 3 195 250 202 181 163 109 182 58 147 247 236 106 144
    200 27 95 37 143 197 184 95 93 104 12 124 133 189 141 200 87 146 217
    153 119 84 251 51 123 47 245 223 151 196 157 154 224 12 134 143 215
    63 70 51 99 9 133 180 214 102 233 232 7 90 154 169 113 0 109 34 59
    61 180 183 224 83 159 59 126 254 236 71 116 199 127 96 56 12 107 234
    47 208 67 45 181 13 11 165 243 110 43 156 87 225 114 59 253 48 123
    19 116 195 170 198 215 168 177 88 160 91 203 192 217 133 194 14 223
    226 183 176 245 50 28 239 248 161 119 204 127 193 53 68 106 49 117
    224 53 227 234 49 158 122 190 228 101 204 37 6 26 53 49 222 180 68
    209 252 138 250 128 237 65 123 12 117 224 180 117 153 130 195 44 120
    163 239 40 163 70 132 235 137 20 75 204 114 61 249 173 220 205 168
    131 195 165 12 222 133 3 66 195 203 205 254 180 32 215 214 165 87
    111 249 47 213 46 7 165 32 184 84 70 59 99 107 114 188 45 74 215 42
    218 205 232 125 238 131 228 244 183 229 156 113 239 192 121 218 112
    22 91 15 196 59 168 172 192 44 207 113 152 185 19 59 78 233 79 74
    141 3 212 1 240 122 106 207 178 116 137 10 127 231 111 130 234 236
    93 105 103 115 92 236 105 107 195 144 23 227 54 70 13 236 0 175 44
    206 155 36 83 75 89 181 122 10 139 178 222 254 92 50 29 182 246 99
    104 227 9 106 223 218 219 14 120 159 239 229 146 76 248 50 29 133 54
    42 35 147 43 199 17 141 38 232 250 156 97 234 185 163 41 154 255 136
    192 133 117 121 191 2 106 160 241 228 252 109 57 143 71 131 205 220
    221 174 39 187 206 14 173 158 158 6 171 9 126 76 254 206 41 202 229
    89 93 91 248 160 206 102 24 64 243 33 128 105 227 206 22 173 26 30
    17 205 3 47 142 225 211 90 84 12 10 188 17 183 232 251 211 4 106 17
    81 154 54 58 171 94 161 230 33 35 114 150 239 144 207 128 169 232
    220 17 236 106 26 151 226 222 199 31 94 28 37 229 18 244 94 119 247
    46 187 192 164 229 3 53 136 114 54 178 63 248 75 39 194 238 73 182
    247 172 17 142 169 8 34 236 121 254 8 198 216 43 133 243 201 253 89
    205 79 243 68 235 136 20 92 10 2 114 38 181 163 254 32 250 90 20 138
    201 21 127 247 105 125 192 106 59 230 219 32 120 183 169 138 141 188
    249 146 167 163 213 214 128 76 65 159 58 165 246 28 15 147 60 247
    141 167 3 234 134 248 98 81 252 2 225 79 114 153 225 77 159 214 170
    201 130 180 82 22 14 194 150 250 103 164 6 126 15 89 47 174 62 235
    48 10 189 41 13 238 65 162 12 203 78 43 20 158 229 94 161 246 4 242
    165 213 54 101 56 227 14 127 207 182 97 69 6 19 170 127 56 231 193
    131 220 14 146 196 71 32 92 113 41 226 43 134 102 1 49 4 201 59 170
    199 227 147 76 20 236 233 169 118 47 157 220 156 43 77 10 27 238 51
    240 71 13 190 65 37 194 245 5 132 72 137 36 5 111 171 66 93 79 74 52
    42 166 33 168 10 171 157 91 176 198 205 247 208 63 7 0 29 162 114
    242 191 147 85 202 131 183 150 78 150 212 76 48 34 199 85 134 221 80
    144 139 159 251 143 195 14 174 101 205 101 30 94 123 12 155 118 81
    206 107 45 76 244 241 39 241 157 172 11 19 167 221 178 190 252 67 69
    5 93 154 239 145 148 102 13 118 190 125 33 247 195 153 43 15 72 13
    205 34 95 91 147 187 128 145 55 246 88 97 213 159 82 161 101 230 218
    76 135 11 241 206 18 191 159 53 64 45 60 29 169 140 153 192 142 98
    85 89 28 52 41 14 37 179 71 198 139 186 234 116 84 152 202 167 254
    198 222 52 67 207 223 226 171 233 166 134 80 63 248 211 169 114 113
    223 8 207 233 86 193 104 215 91 68 192 179 247 173 57 43 186 20 159
    196 182 81 235 166 103 94 63 176 171 208 49 9 234 78 162 76 27 28 92
    231 23 192 108 5 77 245 14 191 32 9 178 213 32 242 160 42 148 55 5
    77 113 224 116 61 86 151 219 151 83 156 220 163 163 136 193 42 126
    169 105 170 117 107 36 116 178 255 5 14 243 220 139 171 25 227 78
    159 206 129 104 124 24 154 117 98 137 88 187 247 169 190 191 1 81
    162 10 204 187 217 208 128 26 165 61 79 45 185 145 61 135 249 55 57
    88 94 156 77 20 28 188 47 175 135 99 48 204 6 183 123 160 142 231 23
    189 98 139 12 201 47 82 224 168 187 81 18 221 117 162 26 161 200 19
    9 193 19 207 114 71 210 6 110 73 180 99 230 205 31 70 15 84 39 230 1
    66 188 174 48 13 79 182 191 183 113 25 57 195 74 233 15 34 30 98 92
    82 68 72 247 71 78 2 53 105 192 160 241 2 123 238 223 131 34 176 24
    155 123 157 83 99 131 9 214 182 174 160 152 137 107 47 56 50 162 40
    75 137 133 25 55 142 43 60 227 129 251 145 162 243 67 16 135 245 76
    92 79 167 243 161 150 126 42 155 142 23 147 146 170 107 68 142 93
    188 71 193 207 212 125 71 254 182 148 22 181 249 104 194 173 104 27
    18 181 210 165 101 58 67 16 93 133 221 121 10 84 226 102 63 236 249
    95 96 82 101 245 63 56 130 103 34 122 78 52 233 178 9 199 247 17 161
    120 91 230 8 117 68 24 205 80 72 216 158 194 13 252 234 79 106 241
    147 90 16 218 184 38 242 115 82 129 44 199 41 14 93 177 227 214 87
    223 26 62 99 39 54 224 222 59 239 136 229 42 141 130 203 229 62 156
    187 143 224 32 216 140 227 62 169 183 100 125 95 138 136 0 238 194
    209 97 39 15 170 121 211 25 245 101 215 121 119 253 45 151 144 193
    64 207 249 59 108 216 91 175 172 18 5 123 210 163 203 166 34 252 71
    124 172 146 109 79 197 192 216 170 122 135 132 20 243 192 67 58 74
    250 245 113 6 117 28 20 83 102 90 213 100 164 7 245 209 126 95 170
    24 218 208 48 53 127 158 61 162 224 195 136 103 57 36 139 192 177
    149 222 218 188 195 218 169 207 43 191 91 65 191 15 120 133 133 138
    41 204 161 51 89 122 176 18 13 185 45 128 177 216 171 228 5 242 93
    171 223 123 61 75 150 132 92 225 25 97 195 206 95 227 222 153 217 22
    132 249 31 213 155 64 98 14 24 54 163 107 69 35 38 240 231 210 124
    15 124 250 40 120 222 126 0 94 230 65 60 154 96 70 152 182 22 112 90
    236 38 157 91 203 195 247 229 192 19 49 252 29 252 206 143 233 12 70
    193 233 187 133 20 159 41 167 54 26 192 167 33 158 7 61 219 146 61
    217 58 235 69 211 186 14 162 48 22 141 172 46 211 13 224 196 112 218
    72 82 18 165 203 99 20 92 3 6 107 82 111 242 136 87 98 123 87 226 64
    15 34 78 31 35 119 213 152 179 161 97 221 16 45 154 46 242 87 16 223
    20 235 100 74 76 251 20 1 82 100 216 231 58 57 122 222 101 179 0 27
    137 142 255 40 195 233 0 84 115 67 46 57 172 202 166 114 145 104 171
    178 103 32 255 230 160 99 26 30 203 29 239 197 149 175 2 78 26 34
    157 99 244 77 95 136 198 74 131 30 119 149 3 178 51 154 208 132 137
    75 244 226 115 230 66 38 151 84 29 88 106 251 30 7 101 11 248 38 226
    71 219 30 252 37 197 199 97 1 84 162 99 4 104 228 173 7 137 191 248
    133 98 210 242 79 108 67 224 62 183 109 240 179 250 224 211 134 213
    239 74 112 146 97 214 61 237 171 237 49 118 92 15 0 248 217 207 50
    16 81 128 65 151 74 146 210 88 213 60 175 41 57 187 235 11 105 112
    15 20 25 80 121 46 111 184 81 188 195 40 230 13 65 204 91 51 12 134
    12 203 204 133 21 149 118 134 175 119 51 166 118 133 192 227 132 219
    86 34 240 132 159 176 177 166 0 239 72 58 82 191 235 237 59 69 229
    51 181 207 246 200 163 16 213 243 17 139 191 174 140 201 228 131 239
    214 201 131 234 29 184 32 4 211 36 7 27 65 193 114 77 109 76 108 8
    173 123 182 231 180 187 178 174 100 24 144 99 81 7 20 39 198 218 23
    235 222 49 40 53 110 30 118 216 16 212 255 98 234 126 216 78 214 203
    31 25 23 249 48 13 233 165 67 33 144 75 239 14 222 104 67 88 138 118
    77 113 183 39 107 147 225 106 115 174 170 126 42 71 19 178 165 187
    112 23 6 232 65 53 212 101 130 145 224 254 73 191 199 238 174 92 230
    84 164 137 251 131 41 243 161 91 32 50 64 68 30 233 159 44 239 203
    246 69 201 90 152 15 55 175 94 218 159 145 29 155 187 248 90 48 170
    21 46 6 178 176 231 67 172 233 45 50 46 232 85 26 225 194 31 36 11
    94 131 184 2 164 60 242 228 32 54 233 109 46 216 237 170 37 95 203
    213 135 194 152 231 52 194 188 149 172 6 219 227 60 182 170 111 220
    235 220 54 89 81 68 43 143 50 59 142 241 43 3 150 252 122 89 232 58
    121 138 163 81 97 224 214 243 195 235 51 30 51 40 165 27 218 17 214
    92 204 215 184 24 220 175 230 135 179 34 34 4 180 180 150 210 165
    194 18 94 15 141 210 120 41 199 176 190 207 133 45 0 77 191 97 203
    232 100 235 106 31 182 136 143 66 157 20 187 46 165 12 118 151 136
    27 108 179 53 136 54 234 194 248 213 199 143 143 107 152 138 172 177
    42 231 11 110 26 106 125 38 118 250 10 184 38 113 166 135 5 82 20 5
    64 247 72 153 236 89 36 18 0 107 234 25 20 227 32 17 39 29 39 190 57
    82 2 147 168 58 79 208 169 232 173 132 131 198 91 51 163 189 64 194
    33 17 200 100 21 63 238 57 164 90 153 165 143 27 148 44 51 241 55
    245 98 169 61 37 32 109 210 217 236 151 104 225 252 251 35 23 247
    110 115 207 145 113 165 107 211 179 59 99 159 140 47 8 128 99 152
    184 24 122 222 168 62 98 209 160 200 38 47 34 187 132 1 121 180 164
    142 67 205 121 231 42 206 242 26 4 155 3 64 15 126 52 5 105 17 145
    76 39 109 73 29 182 214 236 120 64 39 121 147 145 169 236 186 142
    148 130 148 95 68 194 32 55 174 107 211 221 97 225 45 178 243 13 238
    249 13 21 71 86 76 89 122 148 60 26 174 10 103 132 177 227 106 79
    215 242 45 113 1 216 160 136 98 92 208 23 134 39 121 178 56 28 22
    116 86 81 160 244 12 153 115 82 91 127 223 35 43 145 84 164 239 177
    207 163 90 253 23 169 96 119 233 9 130 229 225 176 3 221 46 185 121
    109 144 82 2 82 84 240 157 85 144 109 78 64 111 43 229 160 167 133
    108 95 62 166 11 250 133 58 137 155 216 234 49 86 19 40 192 77 225
    156 67 241 250 138 19 113 184 88 253 70 97 141 35 66 140 10 198 92
    196 94 103 174 128 82 226 85 183 11 94 215 254 189 133 69 188 20 13
    18 54 74 54 65 102 236 156 47 119 107 227 199 178 6 230 169 91 231
    54 111 97 34 195 79 116 148 162 109 183 113 167 93 99 219 221 23 120
    65 176 250 12 204 224 103 64 110 189 199 174 140 132 149 126 192 23
    10 172 172 93 148 242 196 140 45 46 195 22 175 218 15 220 104 239 83
    41 243 106 218 146 16 178 196 21 204 24 227 202 75 204 197 142 84 56
    238 196 26 167 53 152 101 30 21 192 234 232 8 146 24 156 69 226 67
    43 154 249 128 15 169 199 106 66 36 240 1 205 204 48 53 251 100 111
    243 202 116 192 203 78 222 116 188 96 189 79 153 199 102 185 36 43
    46 161 201 20 34 88 93 45 34 17 65 147 58 122 134 61 216 178 150 59
    190 6 222 25 209 123 210 209 87 39 159 161 81 10 79 158 248 236 188
    94 97 238 144 237 127 77 150 81 119 93 119 80 71 122 53 229 210 202
    224 207 126 177 41 69 38 230 219 90 115 51 3 77 183 1 110 168 146 1
    173 29 153 203 159 134 142 17 104 125 48 188 88 137 2 200 169 247 91
    142 168 2 233 140 49 106 133 142 88 183 250 75 72 186 142 213 133
    208 2 107 102 185 145 60 21 233 66 144 184 100 167 113 67 161 169
    193 90 131 176 47 104 55 163 94 51 48 164 97 114 39 96 239 83 220
    191 12 186 31 64 58 219 48 233 29 155 36 98 191 87 174 35 181 13 235
    207 200 66 160 223 95 36 237 174 92 200 143 94 221 114 94 100 179
    167 49 42 87 31 44 232 102 107 43 73 6 223 120 197 69 54 102 110 228
    202 115 201 88 115 38 223 107 151 29 252 182 203 111 14 158 110 106
    50 158 76 209 119 7 175 147 186 91 248 93 181 163 40 9 104 65 144 15
    51 105 103 70 224 110 93 24 89 145 236 162 78 164 250 237 25 25 132
    214 229 97 202 194 194 119 35 159 148 253 84 20 24 231 31 11 96 173
    60 248 198 142 212 222 168 100 246 202 100 253 249 147 147 132 46
    117 252 215 193 40 15 248 190 70 75 94 154 88 154 52 142 73 161 23
    183 85 179 40 61 55 26 221 86 46 9 73 251 46 180 60 53 225 204 11
    105 224 0 176 65 197 25 52 62 69 245 45 3 140 35 242 85 157 214 189
    97 104 243 99 119 128 213 104 86 150 58 239 232 234 63 181 171 226
    106 67 25 200 172 23 243 184 168 117 4 113 223 218 93 139 131 23 200
    15 42 2 75 55 196 18 104 114 154 226 44 107 17 142 57 238 177 36 77
    102 222 159 197 58 200 40 97 131 14 240 198 182 202 113 115 53 29
    138 119 29 117 174 12 170 47 41 84 239 191 44 174 52 169 102 49 93
    50 36 78 237 157 174 185 47 60 254 136 162 169 212 182 50 124 158
    149 90 121 209 211 183 31 89 230 52 98 47 90 206 81 255 66 188 23
    194 99 88 143 254 44 202 91 197 26 207 114 140 208 238 90 201 88 195
    73 213 16 156 86 241 136 141 128 162 46 200 64 142 105 97 216 12 1
    100 232 104 160 23 116 152 231 230 198 15 118 144 191 183 89 222 175
    46 167 45 241 119 68 76 114 37 163 157 0 195 221 48 105 178 239 64
    125 129 149 10 212 174 165 111 156 68 132 223 108 40 91 80 181 210
    132 207 192 110 35 249 151 161 178 121 75 184 56 211 131 98 244 167
    83 193 180 4 204 251 29 180 142 255 79 61 137 138 143 119 84 18 90
    57 17 220 55 105 198 160 21 142 96 4 199 176 202 109 223 123 127 249
    81 158 58 250 15 201 99 209 48 102 254 185 55 17 81 22 181 113 184
    113 85 127 92 46 220 174 12 177 165 254 54 39 117 225 234 250 246 9
    47 156 229 48 140 1 153 181 49 190 113 116 82 145 38 127 126 104 205
    133 98 167 189 235 94 142 1 48 179 2 218 119 222 184 41 62 78 242
    249 146 116 112 241 211 162 199 253 64 174 209 129 140 202 107 0 26
    83 225 169 236 211 190 105 229 227 56 89 30 130 64 208 118 227 189
    128 26 147 93 138 232 161 200 119 32 244 183 98 208 238 159 134 21
    106 132 192 156 136 233 175 237 155 7 168 32 137 129 35 47 181 231
    220 74 136 29 125 229 26 73 95 166 50 240 237 100 150 56 210 34 39
    182 225 70 140 120 159 203 229 14 9 47 191 11 237 158 81 190 106 250
    92 191 208 247 28 119 161 146 184 16 146 139 10 137 164 219 135 71
    58 38 127 199 38 63 99 212 252 187 26 201 156 135 182 98 150 81 250
    179 87 118 247 152 170 83 94 194 92 157 53 237 13 59 18 150 234 1
    198 239 228 98 150 170 64 57 189 240 78 233 179 80 54 50 229 157 159
    29 235 198 87 198 225 156 233 105 211 72 128 206 175 250 205 103 216
    223 77 183 35 133 108 1 76 144 23 99 52 130 206 31 244 142 78 229
    202 223 61 3 108 189 8 175 127 232 80 120 84 0 15 230 248 170 14 179
    179 20 208 220 128 147 209 69 176 131 218 232 90 133 122 197 242 90
    78 251 48 186 72 175 124 247 89 62 237 121 182 235 69 2 17 156 232
    232 24 248 211 239 121 251 251 134 4 88 111 187 1 132 68 109 56 209
    186 237 51 66 242 174 158 38 37 30 155 157 234 197 69 141 125 132
    174 125 112 22 207 161 75 95 52 231 58 104 67 1 235 123 106 212 58
    85 35 162 177 130 152 246 230 237 72 219 134 10 148 15 124 45 121 23
    128 0 242 39 247 184 232 91 36 19 36 138 107 224 203 71 11 76 10 14
    201 129 35 44 124 64 168 42 99 204 211 228 62 211 10 54 18 17 69 54
    235 126 34 172 181 46 227 40 27 220 102 241 7 63 110 175 52 150 126
    177 23 55 242 227 58 160 139 21 110 198 187 81 55 227 8 73 53 74 2
    204 160 22 167 188 160 125 123 83 70 92 184 165 31 250 16 155 21 100
    184 213 75 223 113 55 242 69 129 158 62 92 107 11 81 15 212 83 93
    193 54 144 22 181 23 206 114 85 55 164 114 107 28 15 97 140 245 20
    184 68 103 89 183 231 54 171 184 255 123 144 105 186 11 109 62 201
    126 239 20 51 199 98 151 218 178 190 158 93 119 16 185 61 172 160
    170 170 23 91 251 12 145 1 52 14 202 217 232 145 179 133 205 21 186
    37 70 49 205 230 62 155 225 114 241 247 234 223 197 226 197 136 87
    28 11 94 178 81 111 190 134 19 241 98 114 147 156 110 249 226 34 248
    227 58 173 173 84 82 6 29 39 133 44 223 16 152 249 151 233 131 232
    57 162 174 206 239 189 14 161 109 50 68 12 50 72 43 119 85 66 207
    164 3 230 57 181 36 188 196 154 151 59 10 253 115 161 175 95 192 19
    156 20 179 194 110 147 110 33 168 253 52 166 136 70 237 72 98 214 47
    88 195 48 156 234 48 126 118 206 80 228 190 84 104 196 165 153 1 205
    51 131 139 6 139 40 137 173 101 28 151 122 28 2 5 183 55 167 199 49
    59 248 121 71 176 64 141 100 4 114 40 62 124 188 41 98 76 227 79 184
    207 1 234 6 63 38 131 112 122 67 31 149 158 185 113 34 237 143 182
    161 99 249 131 15 201 236 198 136 237 171 217 81 131 241 242 203 231
    58 127 145 173 123 94 239 107 3 47 120 217 79 156 71 219 86 238 145
    20 62 60 172 8 47 203 58 233 239 28 217 105 222 66 167 161 21 0 171
    234 76 47 163 69 235 255 237 250 25 52 160 189 139 101 227 89 176
    222 61 208 251 78 3 180 82 166 96 177 44 252 213 90 64 106 182 167
    152 176 12 150 164 235 211 28 168 18 69 131 37 34 54 74 77 15 184
    147 30 49 5 151 112 103 211 157 169 198 68 114 228 253 37 68 126 2
    150 36 152 128 234 95 108 47 198 119 156 138 171 250 36 100 215 209
    224 20 20 246 243 14 120 79 220 240 229 140 94 120 84 32 26 178 156
    37 235 216 190 52 212 118 165 11 203 145 188 66 69 96 255 27 40 165
    230 163 128 63 223 24 42 0 183 141 184 173 170 32 53 80 141 209 0 16
    66 10 140 104 249 173 50 195 146 163 234 166 58 71 163 176 11 217 14
    100 243 164 130 99 30 147 184 201 157 140 251 230 29 246 115 195 158
    181 212 3 192 237 245 231 69 140 131 176 70 215 76 2 73 159 165 67
    51 118 67 158 58 137 126 5 154 84 193 180 56 205 126 218 166 183 96
    2 7 79 135 84 232 19 224 221 158 129 131 74 112 45 77 145 34 239 103
    124 141 59 206 99 224 87 108 95 206 142 31 161 193 211 175 144 251
    95 127 86 48 249 42 246 170 27 188 98 218 103 152 7 207 9 130 90 35
    245 45 204 226 126 249 82 155 110 109 169 121 129 167 160 90 208 175
    198 81 254 96 210 35 198 189 136 255 83 168 49 131 152 105 65 32 251
    126 4 74 173 97 84 40 131 102 107 30 28 101 47 2 154 90 87 137 121
    140 119 163 32 233 243 236 254 196 18 146 117 225 50 103 138 103 158
    22 64 65 67 179 137 90 139 39 119 14 1 29 243 95 68 136 252 236 179
    228 86 176 212 121 178 19 113 149 65 208 250 79 67 209 62 231 7 221
    108 8 235 115 177 122 90 244 194 161 242 162 60 127 186 221 204 145
    68 214 231 39 71 59 9 95 214 62 116 205 210 175 169 29 43 144 136 67
    62 253 110 178 209 226 3 136 214 98 84 199 170 15 20 146 69 117 248
    194 82 222 176 244 97 93 33 216 90 22 145 56 206 131 11 211 74 95
    248 232 14 192 106 22 29 54 205 221 33 75 209 132 5 106 111 108 222
    182 96 194 191 198 71 120 157 114 40 34 222 129 45 187 223 144 193
    15 34 84 249 220 103 218 235 192 95 157 77 28 248 34 89 156 49 120
    123 138 54 181 249 203 129 220 104 247 243 232 233 56 161 234 240 89
    139 30 245 154 207 154 207 91 242 236 46 22 9 177 12 28 6 89 175 95
    182 9 244 95 133 82 221 47 200 211 85 249 188 223 226 250 22 83 111
    170 127 168 46 107 201 189 130 95 8 226 230 30 75 58 4 59 172 153 33
    15 16 58 76 64 158 192 10 214 13 100 36 58 143 89 223 94 246 114 238
    222 9 124 79 226 165 133 119 170 184 16 106 120 5 206 49 187 20 140
    157 146 10 206 197 53 150 215 10 139 241 93 218 49 185 204 255 129
    66 109 8 202 37 201 226 119 134 90 170 126 73 189 228 94 121 4 238
    241 25 14 211 44 123 179 115 249 190 34 170 251 69 175 188 46 150
    169 44 185 43 254 143 186 152 172 16 225 198 53 183 171 28 141 237
    116 181 87 65 239 119 128 102 252 65 148 250 76 221 184 223 81 180
    126 67 152 217 143 83 234 188 159 242 169 234 233 190 201 87 192 77
    155 9 15 119 131 230 215 71 47 182 68 98 18 60 95 12 31 52 172 231
    160 88 130 140 191 133 101 149 193 38 242 146 227 125 208 116 218
    171 47 162 248 234 62 177 165 108 161 241 32 228 205 29 181 126 115
    215 68 200 244 183 45 90 171 210 44 155 6 250 191 60 98 238 35 139
    201 58 158 41 117 73 78 135 143 180 157 35 92 178 98 219 25 36 2 228
    236 2 240 170 237 232 175 179 73 150 8 156 78 1 170 204 29 43 166 54
    106 241 143 116 84 6 212 247 226 123 110 12 4 0 42 147 43 168 175
    234 246 82 47 178 139 166 12 225 97 57 229 255 78 187 63 149 11 231
    67 26 79 249 111 93 200 146 178 239 8 176 144 165 47 80 34 102 7 120
    119 38 233 236 216 104 169 158 187 38 14 169 242 58 104 93 220 116
    91 138 124 190 123 2 22 64 46 122 206 128 105 192 199 192 27 10 245
    85 49 20 17 126 67 103 227 74 39 180 141 169 126 245 107 210 233 146
    148 22 230 135 1 2 155 198 28 3 220 173 4 74 71 132 147 159 252 123
    42 229 6 183 93 159 117 94 36 48 152 46 72 35 5 193 237 48 191 34 96
    85 227 168 164 71 55 167 101 68 255 13 165 175 109 146 240 108 99 66
    44 149 17 232 103 153 148 115 164 81 132 100 77 47 46 128 140 178
    132 123 63 152 251 48 223 113 252 44 17 140 70 159 129 189 186 156
    181 17 199 139 62 102 38 189 164 109 215 253 20 189 152 204 55 171
    41 237 15 149 198 145 117 182 18 154 61 216 113 13 90 80 125 113 55
    143 39 232 187 92 132 82 152 190 44 68 69 226 224 110 184 191 96 21
    160 244 184 25 15 115 238 207 8 215 113 71 230 249 52 69 244 173 151
    197 110 156 90 210 149 131 182 16 11 160 170 193 72 116 120 167 196
    161 49 57 189 69 33 191 111 14 62 206 6 12 170 220 71 249 195 238
    163 144 130 19 117 167 174 168 94 26 75 194 34 88 214 210 133 116 59
    125 228 213 144 51 222 33 236 2 121 64 245 5 199 201 31 44 228 230 5
    122 69 233 106 233 7 186 177 44 222 86 244 235 234 123 28 81 181 117
    109 66 129 69 254 138 180 22 249 21 182 60 151 172 231 127 123 144
    211 146 127 80 112 191 203 144 38 79 157 93 25 5 132 84 149 112 15
    47 242 214 195 45 134 151 246 8 93 202 149 252 146 249 175 184 82
    220 64 20 188 133 2 59 148 198 184 100 201 11 168 219 169 33 66 145
    90 218 49 21 153 93 101 148 249 93 92 84 193 231 32 236 241 14 54 69
    96 32 45 166 78 229 5 44 206 251 62 159 171 28 57 70 185 177 210 36
    57 51 149 35 126 69 95 13 7 202 27 170 54 52 231 240 120 246 119 160
    93 169 35 122 1 135 98 241 35 115 190 47 201 63 167 171 187 138 246
    250 169 66 193 23 195 239 71 189 242 224 141 54 167 237 162 130 118
    209 68 149 120 255 104 204 73 3 45 70 66 176 54 115 253 99 151 58
    170 64 145 248 109 111 85 180 207 195 74 10 211 29 117 183 80 189 3
    62 208 54 242 166 111 142 251 105 161 120 29 163 46 233 49 211 3 214
    158 29 0 42 129 244 223 216 2 243 198 96 245 235 139 71 99 168 218
    174 144 32 103 1 53 20 158 28 138 137 100 146 240 246 211 61 254 25
    204 53 58 228 124 185 124 99 148 25 111 193 167 177 32 145 122 11
    167 139 15 60 184 157 215 140 137 63 240 44 177 54 63 141 249 115
    193 15 233 8 167 184 39 195 150 199 178 61 4 155 83 183 95 18 7 192
    97 215 136 123 158 82 184 113 74 123 211 149 72 39 109 24 66 89 118
    38 242 204 17 68 237 195 205 143 131 103 35 66 49 165 25 51 126 19
    20 73 8 252 225 171 104 123 32 40 84 133 67 230 89 24 200 113 86 203
    108 232 53 55 98 239 190 152 157 36 176 220 29 239 203 107 84 214
    147 217 208 27 221 50 80 157 145 169 41 224 136 87 111 169 142 224
    10 209 75 128 131 214 4 80 235 64 203 45 35 234 120 83 254 235 73
    184 202 63 154 61 255 217 28 36 141 207 235 122 195 134 49 205 68
    141 60 180 199 153 181 223 65 64 80 70 192 246 233 104 179 10 255
    144 50 69 227 186 45 3 140 52 6 248 255 71 25 168 88 217 24 8 113
    162 175 76 55 31 87 100 103 159 95 221 133 77 7 4 203 232 169 189 98
    171 134 19 137 39 147 172 19 210 175 43 5 215 33 117 224 121 17 150
    177 43 134 14 87 62 56 62 93 167 204 219 239 100 240 62 222 12 98
    160 246 209 120 166 64 8 251 208 9 86 45 231 248 197 232 62 161 204
    219 81 178 84 88 195 242 87 99 97 208 245 223 10 115 100 111 101 242
    12 11 53 107 30 91 90 246 103 23 28 117 214 70 99 233 64 188 127 178
    216 16 220 148 76 33 92 253 8 189 135 232 66 118 15 206 17 55 17 243
    192 185 248 243 30 94 129 89 183 163 106 172 202 166 78 226 111 161
    122 164 246 184 23 231 176 190 122 215 252 181 241 47 37 211 201 18
    199 149 34 197 65 250 118 201 105 58 150 46 194 7 169 197 40 101 133
    28 37 28 217 23 78 178 32 197 247 91 141 224 176 152 7 25 161 145
    104 215 194 129 75 193 185 186 193 111 75 216 190 47 187 204 237 249
    70 4 200 113 71 125 13 155 40 74 200 80 59 211 179 50 176 25 145 247
    95 211 20 204 20 220 0 3 161 9 247 193 221 54 232 117 203 243 195
    188 215 45 58 64 211 128 245 72 209 228 157 36 155 168 214 139 190
    141 61 67 175 150 148 231 79 215 88 96 56 63 190 131 232 11 23 228
    23 27 90 0 89 193 214 171 8 89 103 144 242 41 18 235 0 25 132 131 12
    199 199 67 20 243 67 3 255 139 78 219 109 183 32 112 13 182 179 152
    162 152 90 72 254 131 130 240 18 16 208 175 188 147 255 161 34 145
    222 79 4 133 71 117 109 33 171 38 23 200 41 244 90 17 43 93 24 106
    79 173 100 55 98 49 71 174 237 18 182 163 10 131 193 183 222 231 114
    145 84 223 250 239 115 137 225 70 108 75 250 32 77 192 65 137 109
    237 220 212 212 27 95 75 2 205 16 193 154 148 132 182 113 112 195
    227 156 184 234 78 60 68 209 69 123 203 218 222 106 135 53 208 82
    107 166 176 28 80 22 229 91 234 10 22 72 175 153 199 15 185 225 50
    110 85 161 27 207 36 192 63 61 159 121 125 253 187 41 117 158 18 68
    140 226 68 91 228 225 195 214 162 83 159 243 115 218 177 118 249 172
    248 128 10 188 251 112 13 13 20 55 85 97 151 35 53 188 225 111 98 79
    40 118 253 97 226 25 107 249 147 54 213 214 170 125 121 160 24 101
    129 173 168 168 171 141 119 222 133 212 22 21 237 162 137 163 234 90
    40 98 29 223 231 30 29 84 169 63 75 199 63 225 182 150 192 103 3 212
    5 201 167 179 144 148 29 5 41 132 66 97 200 240 193 200 214 68 57 55
    3 9 51 81 67 170 196 61 82 27 193 148 112 151 47 226 233 33 60 146 6
    138 35 227 117 44 12 243 230 166 184 88 20 112 11 174 59 246 190 131
    7 156 249 103 198 106 145 68 138 75 134 101 36 43 233 111 233 215 25
    107 146 33 94 116 169 83 114 13 79 160 64 124 120 229 255 224 245
    189 193 240 227 198 129 69 182 218 79 170 156 219 227 238 130 111 95
    67 82 132 127 210 199 3 170 202 198 193 50 44 164 5 44 159 183 193
    30 172 6 101 128 44 14 174 119 183 58 157 149 3 80 240 212 146 165
    38 106 188 116 245 20 82 252 238 254 205 138 106 253 225 86 128 209
    131 93 185 31 235 131 204 162 169 117 153 176 181 98 244 136 36 62
    131 41 40 2 211 15 31 249 44 168 89 13 18 92 241 37 218 183 104 247
    200 178 161 188 103 8 151 149 253 130 106 208 16 79 35 58 93 16 255
    171 104 52 142 178 57 242 51 68 18 122 224 65 135 240 138 30 66 96
    140 37 153 113 145 126 76 228 172 129 198 139 122 54 157 160 80 56
    198 49 186 52 245 144 219 86 2 215 14 133 36 98 114 29 211 19 79 234
    219 120 60 33 222 8 53 120 126 2 93 147 17 247 43 219 250 208 88 100
    185 179 87 182 90 115 195 221 191 107 54 131 26 83 216 142 141 130
    57 95 131 143 243 56 149 142 151 255 209 61 244 61 120 88 187 133
    166 207 35 238 7 233 59 146 96 119 27 233 208 8 171 168 182 27 83 72
    254 234 79 188 51 211 163 109 41 5 60 187 239 232 191 237 138 7 245
    16 65 113 255 220 180 33 55 82 27 27 202 9 21 68 191 173 154 254 117
    227 65 207 115 4 57 220 61 203 58 240 236 74 117 16 132 161 150 249
    248 14 202 175 200 54 190 226 12 193 76 80 18 152 123 207 172 35 239
    16 185 3 170 84 48 140 7 65 19 180 107 199 144 203 148 104 186 90 90
    250 139 131 205 161 105 105 224 197 181 224 69 201 247 42 14 71 102
    186 33 223 149 11 104 182 4 255 149 102 141 119 88 86 40 232 221 252
    141 158 5 231 216 77 113 196 203 55 182 197 57 22 37 82 156 99 203
    252 135 124 131 122 159 178 167 4 155 45 143 124 42 85 227 161 62 29
    240 90 128 110 238 71 154 241 186 141 145 200 98 191 141 26 139 10
    41 166 253 14 163 182 122 83 142 154 18 160 248 127 100 92 235 143
    171 210 160 188 200 255 100 155 115 214 254 137 65 43 224 181 99 222
    75 238 76 43 178 248 68 149 78 191 50 122 193 157 110 142 71 56 82
    152 236 20 145 234 230 114 139 158 180 15 242 24 255 145 145 108 101
    253 22 151 52 220 6 104 158 100 188 218 109 111 7 158 183 43 81 228
    15 207 90 242 61 14 183 239 20 32 175 171 93 173 159 155 58 230 166
    60 183 164 188 88 184 231 234 118 130 237 29 25 95 143 83 100 225
    140 113 164 14 78 147 90 150 46 217 229 196 244 62 22 40 170 60 50
    200 156 150 33 4 173 114 20 25 135 241 185 183 25 169 53 102 203 229
    205 69 126 197 250 241 53 48 222 91 184 58 4 163 28 113 61 13 22 181
    28 219 173 97 103 150 4 200 220 80 105 192 206 52 124 6 189 100 141
    146 157 244 71 80 55 136 40 207 226 44 165 223 231 181 79 97 173 211
    45 5 62 124 150 250 195 129 52 164 244 78 56 130 176 247 2 74 153
    135 125 252 73 170 195 70 201 1 78 3 89 223 210 184 174 135 183 246
    143 162 175 67 164 136 41 9 76 170 117 45 27 140 10 217 146 40 82 93
    254 0 76 169 140 246 90 170 161 81 133 197 108 192 151 249 133 87
    117 41 131 169 49 83 210 56 239 59 211 35 172 150 88 149 159 231 203
    238 192 85 125 199 114 66 223 68 140 126 235 146 109 107 96 214 164
    220 154 63 36 135 158 91 223 248 253 65 22 56 227 106 252 18 249 104
    114 199 188 159 192 40 90 41 248 69 110 29 90 56 127 107 210 30 115
    144 176 70 86 151 242 28 24 184 182 196 113 166 78 2 211 234 0 174
    187 136 2 91 85 161 186 255 156 41 218 141 63 18 253 61 87 139 0 89
    86 153 109 126 233 207 12 181 135 180 215 99 226 127 7 54 109 20 47
    204 228 151 244 1 70 69 103 177 212 53 242 187 111 14 123 77 205 170
    245 104 64 88 59 6 7 45 250 78 200 127 243 183 141 63 187 216 98 114
    248 206 82 109 57 18 58 233 102 11 91 175 40 229 58 143 218 9 207 45
    107 53 112 2 102 96 203 118 74 132 176 213 72 56 118 77 20 244 81 39
    94 249 160 246 128 56 252 118 154 183 92 6 219 134 231 236 178 90 66
    40 57 84 51 227 254 148 164 210 10 7 224 118 185 188 50 127 43 96
    196 179 51 8 202 196 7 203 239 235 17 21 111 112 163 29 118 229 156
    164 55 68 165 255 187 175 255 150 246 148 222 37 49 9 68 25 166 79
    254 43 232 120 22 147 211 178 99 27 206 197 155 152 106 193 213 139
    35 61 56 253 112 159 13 31 104 184 77 45 227 78 14 19 42 96 220 196
    244 147 156 86 21 95 71 119 49 247 182 84 188 71 119 209 156 186 208
    104 250 8 213 167 118 48 245 187 169 117 27 9 155 4 110 92 82 250 13
    123 127 244 40 154 129 172 187 134 157 120 71 216 142 152 185 95 167
    169 235 111 5 181 188 102 215 3 35 206 242 138 99 53 138 249 17 254
    37 196 239 44 231 74 179 141 110 168 100 65 205 228 139 7 63 235 206
    138 117 241 224 100 22 128 143 56 40 103 96 235 215 132 89 211 29 1
    7 189 158 79 202 66 27 205 224 55 208 250 130 0 195 216 123 27 6 228
    37 56 85 2 202 224 67 146 40 8 142 250 157 194 97 6 236 242 174 253
    71 10 11 255 76 39 225 128 80 197 3 94 119 172 29 173 24 176 78 81
    74 197 243 216 77 175 223 74 14 127 220 251 98 156 204 56 157 249
    209 184 245 190 114 40 143 97 216 253 118 73 152 73 147 249 141 30
    220 88 154 51 33 167 41 208 81 151 107 136 218 32 131 110 92 152 195
    208 113 236 93 213 233 27 91 26 209 3 153 168 210 194 113 68 200 204
    244 175 5 127 88 242 228 156 111 117 126 9 38 39 208 76 11 21 212
    250 75 190 157 240 139 255 112 214 175 32 198 135 42 132 100 79 151
    245 8 179 98 5 121 122 54 30 138 134 125 160 33 225 48 185 154 229
    184 29 201 186 126 14 72 129 120 95 142 64 122 243 96 208 67 153 145
    251 245 105 131 139 51 57 90 164 244 206 123 82 187 138 74 7 44 25
    145 184 71 4 77 43 69 227 28 2 140 228 252 48 144 147 195 150 55 146
    165 133 142 198 190 21 165 40 200 142 40 152 58 233 110 171 110 129
    89 191 218 124 220 38 245 68 25 108 209 168 161 116 1 170 219 126
    124 131 171 38 172 76 20 205 67 61 69 128 58 191 192 139 71 188 35
    187 134 35 51 198 210 41 47 200 225 117 228 137 91 223 0 121 82 97
    133 181 155 81 93 132 98 15 116 65 151 213 200 73 207 130 19 164 248
    252 214 244 175 80 93 212 135 184 86 178 143 101 231 127 175 111 113
    174 166 223 183 46 21 4 175 113 206 249 226 165 13 30 104 185 138 40
    192 31 219 184 239 234 102 237 136 166 242 30 20 149 143 173 204 73
    49 124 222 215 248 90 87 200 67 113 244 15 192 144 28 177 141 168
    208 165 72 163 199 233 152 106 116 229 176 58 224 89 143 242 69 9
    101 64 225 249 185 161 140 152 182 241 223 78 104 213 240 14 217 7 4
    73 67 59 21 158 117 53 10 39 93 11 41 146 9 247 189 158 1 21 231 186
    132 138 84 103 174 152 152 102 196 188 6 140 207 102 252 202 200 67
    88 230 13 196 183 84 2 58 144 22 1 10 182 48 117 21 27 209 231 126
    98 115 95 77 139 102 135 191 161 98 46 7 12 181 77 47 54 109 247 26
    236 35 15 27 87 10 182 122 100 106 194 30 50 144 87 232 195 236 80
    250 189 3 4 32 129 156 217 195 9 209 208 104 73 243 32 192 75 250
    249 59 13 70 83 254 179 199 179 50 189 170 236 4 180 121 243 4 149
    218 165 177 141 64 122 59 205 180 180 192 163 127 26 185 138 203 96
    134 44 210 243 40 181 68 240 190 133 5 54 200 192 175 33 163 153 5
    174 104 163 105 206 153 29 170 137 33 197 231 114 22 89 231 30 82
    247 83 88 101 36 18 87 95 177 74 141 30 205 82 106 11 245 243 63 166
    93 26 52 166 5 29 85 218 219 177 242 14 21 39 224 48 161 117 136 156
    56 27 214 252 71 172 118 55 166 52 233 49 11 243 26 29 34 6 38 55
    171 179 114 106 80 163 133 152 150 202 73 187 246 37 11 153 123 121
    69 167 136 1 95 8 207 95 250 211 48 231 227 62 80 161 173 201 129
    151 214 117 16 242 73 155 203 180 180 45 180 166 132 103 84 127 68
    234 119 152 248 189 124 86 33 63 56 50 123 124 153 139 59 90 26 202
    172 152 208 249 205 12 128 99 228 181 166 24 81 246 114 114 239 140
    149 27 134 163 36 143 61 234 100 235 48 173 88 128 178 95 132 81 53
    66 113 217 227 128 30 61 0 97 193 161 3 121 85 52 65 70 187 101 13
    164 58 218 2 12 149 141 220 21 148 227 174 96 172 50 118 223 160 219
    75 230 224 73 247 57 71 5 173 242 159 147 123 176 201 244 94 246 140
    180 249 248 73 47 240 71 136 160 17 254 15 91 255 68 187 87 65 89 14
    52 104 195 37 217 50 164 29 31 142 25 136 88 242 84 81 15 244 171
    110 186 195 168 184 212 142 96 64 221 198 62 20 171 182 43 88 156 23
    16 9 236 109 166 216 142 100 224 136 206 182 175 64 163 19 252 139
    186 10 72 239 122 53 123 144 117 78 141 139 152 113 194 75 181 169
    65 227 70 192 51 170 55 118 250 166 255 41 21 102 184 59 190 43 147
    68 204 155 85 165 23 135 75 202 219 10 46 67 70 95 15 6 147 7 209
    177 42 137 37 19 54 32 71 97 162 62 23 158 171 21 84 226 60 163 12
    242 150 19 220 126 191 242 205 28 173 244 240 4 191 26 138 74 179
    142 136 243 185 10 218 32 74 141 89 98 166 127 52 14 114 73 163 116
    135 84 156 68 187 146 31 41 53 123 135 87 229 19 220 161 129 65 134
    128 23 185 71 164 30 2 172 120 175 215 57 112 231 156 192 209 158 72
    224 127 184 119 32 117 52 197 217 83 80 68 37 215 50 85 223 113 137
    9 155 8 231 230 225 201 190 172 79 226 205 13 113 253 131 9 169 119
    92 78 73 64 180 5 216 184 218 195 71 200 182 254 111 169 252 113 225
    174 181 90 53 213 161 61 74 74 199 37 27 142 125 191 174 104 35 78
    113 108 96 203 196 149 72 175 30 106 52 107 239 118 113 76 131 100
    51 18 213 110 62 132 97 254 93 255 174 172 39 101 39 82 200 81 181
    197 72 11 152 7 38 228 189 94 197 199 92 31 25 103 59 120 120 87 193
    96 178 35 128 199 179 124 112 239 73 160 32 180 248 191 105 185 174
    156 18 80 134 195 239 37 148 80 154 111 224 11 102 98 246 54 237 166
    75 128 122 119 33 38 186 230 241 129 255 205 108 188 71 45 173 167 1
    73 119 40 100 133 188 71 164 117 204 143 198 104 103 200 165 86 186
    245 236 253 185 149 20 139 211 209 119 107 41 44 158 26 239 67 143
    51 87 230 126 196 105 50 113 233 125 41 77 195 227 107 49 168 155 27
    231 224 205 138 242 190 162 69 177 219 90 156 10 124 242 82 95 190
    64 181 34 159 246 79 206 246 77 72 214 4 186 147 156 96 234 123 181
    226 40 240 71 150 249 203 94 102 57 41 151 164 194 213 36 163 99 144
    115 200 32 1 235 147 29 1 223 177 72 139 183 29 150 92 60 215 116
    202 228 245 88 137 126 24 0 236 40 223 171 221 157 182 181 175 95 60
    80 2 81 163 63 172 74 1 210 1 103 247 241 240 168 99 61 168 254 236
    237 127 169 156 152 7 60 164 48 18 155 87 139 23 42 253 26 151 232
    242 31 107 106 196 206 163 195 35 0 202 38 172 171 69 80 146 131 13
    25 54 248 45 83 150 223 93 132 206 222 180 31 245 20 72 20 49 162
    245 73 205 34 11 87 49 232 15 37 11 92 225 137 158 111 11 252 35 235
    50 82 210 52 242 160 83 244 70 179 72 33 193 149 82 69 251 39 233
    151 5 204 143 91 19 99 14 208 50 49 87 211 246 181 125 78 125 9 194
    146 118 237 31 127 84 56 110 158 92 23 9 136 148 126 169 77 71 171
    232 158 39 147 27 105 47 147 173 93 215 169 48 239 240 31 85 152 107
    109 175 34 1 214 55 91 161 71 210 235 162 188 253 120 179 29 104 26
    252 37 238 119 116 86 157 90 85 163 108 125 217 27 50 203 246 77 193
    220 135 8 72 165 198 118 103 7 171 234 249 247 17 92 198 196 111 173
    0 118 120 149 58 212 133 30 13 109 132 237 216 125 36 9 143 139 146
    150 4 94 192 118 171 119 222 156 10 144 52 183 193 217 85 54 228 108
    183 146 1 12 19 139 109 224 231 70 97 206 136 202 178 194 200 215
    231 30 87 47 134 116 115 190 237 125 116 193 59 147 65 233 206 81
    157 151 14 36 171 86 43 196 24 148 65 139 116 159 247 60 3 25 236 72
    29 30 193 113 173 42 10 232 118 209 200 133 57 30 230 159 82 228 111
    102 249 37 231 128 20 137 83 96 82 238 49 170 210 203 179 104 53 175
    144 220 70 113 251 108 103 69 189 4 205 28 67 167 167 238 205 47 166
    85 161 166 218 223 161 248 167 153 31 56 104 246 218 242 103 90 220
    195 145 157 106 208 62 49 182 91 239 201 133 2 92 133 17 105 30 5 88
    213 82 202 175 23 92 181 43 241 4 211 115 43 232 216 250 52 205 39
    233 94 93 245 82 118 73 235 12 138 189 21 51 117 231 162 200 76 255
    51 85 231 218 5 166 26 90 90 185 191 90 196 43 177 212 129 181 20
    208 82 70 255 147 162 10 32 8 136 1 191 210 164 180 102 65 109 178
    151 102 213 207 43 108 49 217 252 11 226 168 210 147 24 233 199 200
    146 16 52 83 99 124 18 169 236 46 223 149 173 222 228 249 30 235 245
    58 228 96 61 70 2 202 38 108 56 132 61 36 69 45 49 103 241 4 141 43
    75 149 203 79 69 59 96 104 75 250 9 6 105 217 218 189 93 66 82 75
    142 147 222 229 56 4 190 54 214 91 190 199 99 250 178 137 244 238
    224 223 105 44 197 110 142 173 208 18 243 33 161 32 66 29 120 107
    190 215 227 232 230 223 77 197 39 20 17 158 236 41 99 68 25 150 113
    143 115 135 243 241 88 81 75 233 48 9 174 108 120 166 100 49 119 106
    58 123 203 233 162 18 30 189 58 99 246 108 226 67 169 220 190 183 36
    34 53 68 58 166 81 47 206 72 227 198 122 82 157 82 44 212 237 77 76
    42 72 43 48 188 114 237 90 138 10 159 235 38 82 108 85 253 80 214 37
    44 23 202 180 142 232 95 175 171 137 240 106 107 215 199 101 29 75
    37 85 96 242 86 182 162 205 81 183 17 15 103 7 237 204 205 3 21 84
    202 201 117 183 70 45 226 97 46 95 121 240 47 218 201 175 241 209 4
    16 119 120 38 74 106 92 232 194 254 58 206 46 9 228 97 230 92 195
    156 222 184 21 184 100 37 253 189 143 193 119 23 156 35 245 28 40
    139 126 232 150 141 174 31 193 177 240 198 234 133 92 175 137 39 231
    6 178 147 21 198 207 62 117 228 27 116 229 0 36 32 12 93 179 174 161
    28 28 213 39 101 51 223 159 8 97 19 52 225 177 71 195 180 160 117 75
    139 177 103 25 65 83 23 186 225 33 189 215 44 2 81 148 140 189 9 25
    228 190 245 147 157 67 207 194 198 14 92 14 156 43 242 88 158 196
    163 9 109 104 145 126 195 68 60 129 135 76 171 169 183 148 212 249
    20 137 97 125 209 226 1 172 120 55 206 53 109 253 213 102 143 37 93
    239 137 136 19 137 67 209 100 34 186 27 233 70 104 219 93 198 77 26
    223 14 102 216 49 173 31 182 39 42 30 70 143 130 175 63 249 251 135
    73 9 238 201 237 92 184 117 244 224 70 31 120 229 246 207 39 199 62
    113 9 137 187 71 139 176 89 50 22 22 139 6 112 185 54 251 135 234
    193 34 146 149 25 204 18 196 121 62 219 240 237 253 162 135 234 153
    115 83 184 252 38 11 7 174 117 69 1 9 111 223 117 240 107 29 15 135
    170 65 122 237 28 100 249 233 170 249 161 62 132 6 154 25 29 185 193
    71 65 255 29 119 77 139 118 79 192 197 245 69 93 125 97 190 192 70 4
    89 151 152 100 67 238 137 107 180 242 144 118 101 86 25 50 155 53 59
    79 94 252 196 135 211 47 65 243 185 233 159 102 181 13 12 130 140
    219 212 216 6 152 199 238 48 39 84 143 165 146 205 48 146 140 85 225
    60 47 245 25 192 183 30 111 164 96 174 137 246 119 76 228 104 214
    109 216 106 51 47 79 156 254 175 129 39 155 131 53 169 191 127 112
    255 149 151 226 151 21 198 215 44 49 250 123 220 65 219 35 196 184
    101 254 73 76 110 193 75 190 119 170 207 46 76 47 218 22 83 1 233
    181 152 44 51 8 240 73 13 6 88 78 32 26 173 118 21 17 182 77 164 221
    247 112 211 178 28 251 168 172 191 191 2 177 27 206 177 217 247 251
    241 207 74 131 199 208 251 167 108 24 221 153 110 66 142 200 228 106
    133 87 220 209 35 244 214 49 145 125 237 218 90 142 217 243 76 164
    254 180 192 241 166 134 90 49 198 255 227 204 140 122 103 30 160 136
    146 195 50 252 106 11 8 145 169 15 96 58 192 171 9 141 229 120 167
    188 69 146 106 67 3 89 166 102 32 146 8 104 33 166 66 186 52 80 218
    75 110 237 245 52 17 22 13 116 175 202 149 177 84 1 214 182 50 158
    192 70 164 26 78 80 111 148 82 10 111 69 209 179 114 49 90 156 200
    69 18 70 102 40 137 81 49 19 8 63 89 194 220 21 113 112 206 130 121
    93 142 42 16 210 84 111 173 216 192 129 51 26 220 251 141 177 26 77
    126 12 163 147 83 42 250 63 150 66 187 159 45 204 4 153 36 86 29 71
    149 210 179 198 0 224 22 189 32 39 52 28 9 226 103 157 0 209 8 198
    110 198 206 44 141 221 235 219 245 150 10 23 83 151 88 82 1 249 191
    53 75 83 228 229 48 138 181 162 177 18 70 240 104 85 78 43 95 238
    173 169 123 168 89 191 44 168 119 104 7 210 23 23 14 178 45 250 206
    41 123 233 145 130 70 140 205 76 87 59 30 81 150 26 4 9 43 107 4 26
    239 5 241 201 78 97 193 47 60 117 52 236 172 241 117 171 148 66 114
    77 67 140 230 158 50 65 214 20 11 146 249 192 96 173 35 186 77 115
    50 119 194 238 2 215 206 188 198 173 63 30 249 123 129 25 114 80 156
    233 72 251 0 232 150 238 119 234 73 185 215 113 53 181 105 19 179
    190 164 1 16 226 14 47 139 5 137 187 75 10 86 131 146 148 167 77 169
    34 74 86 208 71 49 149 84 109 143 98 178 111 58 41 75 140 219 129
    119 77 68 80 211 226 213 98 38 128 213 26 24 96 23 86 1 130 0 103 48
    109 6 130 202 210 43 83 141 197 6 64 172 74 3 165 136 216 107 246 76
    25 111 254 155 222 200 175 86 67 206 114 115 1 185 204 230 197 106
    189 30 151 211 250 113 215 196 151 235 50 11 125 12 35 34 250 237
    209 24 178 97 219 8 194 42 57 194 162 105 25 48 245 62 13 96 196 187
    204 228 16 191 252 142 108 163 145 182 212 102 31 214 17 75 52 225
    216 241 228 197 39 102 2 227 182 220 24 119 124 137 63 193 218 229
    167 135 26 175 125 182 124 34 146 134 1 62 134 18 121 178 246 95 255
    101 101 92 177 88 55 81 108 5 158 56 46 180 154 150 215 237 241 211
    72 152 97 56 193 163 242 248 228 137 249 9 145 65 151 164 132 216
    158 144 146 201 6 220 126 6 99 207 252 8 192 227 188 21 25 72 107
    250 128 218 77 80 32 248 223 246 38 95 115 159 123 130 13 2 16 233
    224 44 38 227 215 151 249 143 37 77 166 167 170 195 12 60 41 0 147
    193 134 24 32 101 116 29 109 241 79 36 67 162 223 115 56 175 47 252
    61 214 196 25 109 152 25 230 54 44 194 22 23 97 26 11 82 109 78 229
    11 73 73 171 88 220 45 136 128 11 194 45 110 24 149 44 229 205 182
    37 141 19 90 217 139 184 89 223 80 149 191 175 155 229 177 104 212 5
    80 54 255 120 19 70 80 79 249 71 62 64 13 130 116 211 105 89 87 40
    145 82 225 224 98 232 136 220 67 240 102 137 192 135 71 11 191 75
    200 7 240 232 14 122 14 224 69 99 24 213 46 16 152 224 104 207 40
    238 12 62 48 186 147 145 199 185 193 94 209 94 141 171 120 169 130
    136 179 116 135 119 34 41 217 177 245 146 170 112 170 229 63 140 146
    218 102 210 44 160 121 192 43 2 141 100 62 50 147 96 32 112 241 128
    130 67 81 93 0 187 79 28 128 34 236 79 187 24 133 9 194 211 72 99
    249 150 181 32 51 83 8 64 151 252 196 185 81 46 161 30 53 246 72 25
    117 215 206 64 210 154 182 251 230 174 135 59 73 0 161 154 181 108
    23 81 202 127 113 232 86 225 50 106 3 145 178 120 5 105 198 195 80
    232 162 133 110 178 188 161 36 106 8 69 69 234 18 143 76 20 66 169
    236 238 223 83 160 133 90 240 67 204 235 152 84 24 196 62 90 186 7
    58 160 151 97 138 33 167 24 174 186 24 232 244 151 226 57 65 184 186
    137 231 45 173 30 193 28 236 196 126 31 150 41 17 115 2 61 53 204 26
    70 191 243 56 238 0 180 120 156 78 48 85 253 169 185 239 225 94 220
    105 230 239 34 149 22 3 101 150 142 102 44 147 148 3 46 74 255 211
    81 129 115 214 221 45 8 36 77 64 102 195 100 34 192 186 244 115 229
    172 97 66 242 26 122 50 170 178 29 131 82 130 9 116 81 9 24 55 165
    161 255 165 179 12 135 44 183 118 53 32 234 66 54 153 195 223 208 62
    17 167 64 200 35 0 59 165 152 193 40 248 131 105 23 249 178 181 153
    152 76 74 159 127 218 251 162 18 17 14 43 104 247 160 96 184 43 79
    210 219 185 251 52 193 184 138 27 9 213 189 91 32 2 185 62 214 18
    227 221 54 64 164 170 20 79 180 35 109 49 5 155 13 153 195 244 163
    107 90 12 119 84 159 197 244 248 38 115 5 94 123 245 130 223 18 183
    125 76 54 82 225 240 253 209 14 97 42 247 161 52 68 73 93 146 81 24
    192 229 184 226 197 68 231 253 122 32 247 250 135 91 115 131 165 83
    125 0 92 96 81 105 168 223 142 108 174 157 139 174 159 188 133 150
    217 83 142 181 89 5 90 142 248 117 139 152 24 248 35 182 142 216 45
    232 52 81 27 88 237 46 106 62 188 195 14 250 20 171 15 2 198 162 45
    144 31 158 116 40 232 18 37 43 152 114 21 148 17 219 101 177 62 147
    122 66 87 83 3 248 236 26 60 4 185 242 86 153 189 76 229 148 61 73
    215 12 194 115 33 112 122 72 68 202 132 46 116 193 108 24 39 147 183
    43 37 60 92 201 22 82 92 88 185 236 6 110 167 26 7 201 30 147 96 91
    131 1 253 241 193 230 80 235 226 170 141 38 82 182 108 44 135 158 81
    58 214 182 203 205 148 104 225 88 167 159 59 136 177 48 91 201 244
    215 14 25 11 254 101 0 252 194 59 186 51 249 35 127 163 118 235 80
    210 255 122 205 98 88 226 74 107 98 101 236 121 9 248 153 121 233 93
    97 131 82 10 97 19 248 247 92 194 16 102 89 228 234 92 96 216 91 68
    183 34 254 201 207 6 173 64 103 134 53 105 57 183 33 233 77 26 57
    218 254 48 108 142 225 125 75 89 250 0 28 43 214 245 149 71 224 41
    101 195 128 66 176 84 14 123 148 147 28 241 244 89 240 160 207 65 8
    169 164 79 199 33 150 98 219 130 33 78 93 167 104 190 223 79 118 124
    67 227 7 6 67 56 96 151 13 62 218 229 64 37 131 208 62 138 43 230
    115 13 158 179 45 43 224 185 44 173 180 217 159 247 25 82 169 24 4
    11 164 205 230 28 145 38 149 232 219 83 115 213 153 11 94 156 44 50
    204 91 152 204 214 29 79 81 239 45 177 51 43 255 88 174 199 9 221
    223 81 185 116 18 164 31 62 200 204 77 235 147 96 177 168 77 64 161
    63 123 228 178 230 101 117 81 209 143 17 38 73 87 186 114 57 20 234
    226 6 194 62 4 56 217 0 219 60 253 238 154 181 36 103 191 37 80 2 84
    112 192 203 119 22 223 103 166 197 68 233 85 192 178 141 246 195 123
    56 190 9 144 36 146 189 236 205 187 116 241 210 224 52 72 71 221 212
    242 132 52 97 80 217 111 17 115 95 91 72 73 223 176 31 204 98 99 148
    16 241 5 74 51 160 73 147 159 16 41 86 129 238 252 236 148 81 105 15
    195 135 172 144 45 13 50 103 74 199 106 197 229 112 133 32 169 74
    170 63 100 152 166 142 197 91 201 157 130 122 42 0 148 49 9 30 251
    92 29 78 183 10 0 143 171 249 237 208 100 84 153 212 42 61 214 8 97
    207 132 189 47 88 211 204 188 52 180 174 6 56 82 100 66 87 196 249
    229 107 240 121 108 210 172 20 22 22 243 130 60 233 127 242 56 58
    241 244 109 227 223 89 201 95 11 149 10 158 26 218 164 246 37 245
    111 216 184 167 116 219 245 193 148 7 169 171 235 186 10 12 136 110
    255 236 176 73 222 8 128 18 80 215 133 194 97 246 30 234 144 245 253
    116 128 62 90 153 166 238 164 182 145 233 74 10 27 51 12 3 190 142
    221 155 28 160 145 248 50 79 164 36 16 13 100 215 245 241 109 245 44
    116 6 207 31 213 0 186 111 211 213 217 246 11 206 119 85 174 115 113
    247 243 7 222 228 52 117 127 26 235 114 9 105 87 103 86 203 175 215
    154 119 224 38 180 238 18 195 45 3 12 53 33 43 240 212 216 55 159
    250 179 25 118 41 60 134 162 248 88 31 59 225 169 67 49 145 167 10
    23 242 93 172 233 81 72 246 109 254 252 29 176 33 236 37 55 228 164
    179 144 83 1 95 201 43 2 248 226 63 156 97 186 103 236 213 94 132
    198 220 24 130 133 215 111 87 133 38 154 10 85 239 111 174 172 45 32
    98 154 237 102 205 36 78 245 219 96 139 215 86 234 171 61 225 205
    132 176 248 221 250 30 27 240 215 196 207 132 249 142 251 42 238 9
    47 222 86 196 237 9 131 130 213 206 172 141 173 181 182 25 119 124
    90 128 143 63 227 3 22 57 29 177 220 216 102 152 155 182 197 227 104
    113 69 7 189 148 9 169 38 249 116 8 84 144 48 85 180 136 149 8 194
    22 157 128 33 230 0 88 192 198 222 223 180 172 38 36 1 154 175 23
    218 209 183 214 21 123 243 100 107 43 126 140 100 241 241 0 95 29
    166 105 119 128 36 161 218 30 215 180 74 197 62 165 174 127 82 167
    76 0 169 12 178 192 172 46 187 55 89 137 140 103 81 234 140 159 221
    66 119 64 8 24 159 202 96 135 253 88 146 180 93 154 171 39 183 122
    99 173 68 160 216 223 24 220 79 125 27 41 53 10 104 112 34 180 234
    162 78 206 50 210 86 238 241 206 10 213 157 103 225 204 176 251 25
    146 252 251 85 248 149 164 127 164 42 214 29 147 34 254 214 76 15
    104 180 45 106 42 126 251 6 188 188 233 170 40 112 39 170 10 154 126
    229 147 56 250 41 233 134 95 154 186 43 243 12 49 103 225 19 33 194
    83 219 106 160 190 198 170 180 64 122 216 173 244 178 173 70 126 27
    158 1 96 146 90 77 235 104 86 19 50 223 202 240 86 141 75 76 169 238
    69 52 162 194 153 211 246 240 212 194 220 228 59 95 206 139 234 16
    87 186 69 177 25 84 153 23 60 101 145 205 173 137 122 98 35 8 242
    124 255 241 181 194 190 120 155 6 246 169 86 229 101 5 15 163 165 2
    236 55 116 214 247 144 207 183 99 222 233 55 127 144 190 244 149 41
    204 14 98 116 14 9 21 228 9 148 160 70 138 29 233 222 164 145 250 20
    161 34 161 71 41 140 166 174 131 42 66 182 115 232 159 188 120 199
    45 130 51 208 94 215 219 111 1 55 231 60 14 52 5 185 75 132 214 215
    55 6 106 77 154 196 97 167 20 29 209 53 14 7 166 34 0 152 216 15 25
    91 215 234 168 249 40 39 170 126 56 116 187 20 0 101 224 161 189 172
    237 8 19 77 146 122 7 209 218 197 92 243 246 8 124 13 67 157 215 238
    10 141 205 94 51 100 164 126 227 60 167 241 98 198 191 123 117 126
    169 171 211 155 81 47 223 98 214 207 14 224 95 145 126 80 97 62 208
    190 232 125 47 156 143 158 172 236 171 44 181 36 84 179 240 10 88 23
    5 40 161 212 125 145 163 104 146 202 154 11 98 189 200 255 166 31
    115 53 78 59 160 45 184 61 56 27 185 22 151 108 99 167 156 149 18 20
    132 239 74 140 110 96 128 90 11 163 107 1 116 101 185 205 132 114
    102 20 167 15 68 64 145 125 151 138 112 211 122 156 234 164 133 171
    188 170 82 63 90 79 217 59 194 170 186 84 21 8 27 175 245 63 131 242
    203 201 244 249 2 149 185 169 130 159 192 243 195 79 201 216 216 123
    17 199 30 17 244 21 119 127 147 69 202 223 160 125 150 249 1 37 217
    181 85 107 17 25 246 114 114 41 147 180 9 0 244 178 137 248 39 72
    183 95 236 213 171 24 65 224 85 12 156 120 255 240 62 73 249 15 94
    255 4 7 40 199 146 44 229 211 102 74 62 16 138 212 200 165 20 9 192
    49 61 177 178 113 175 221 198 113 127 152 209 221 172 228 190 181
    216 106 81 169 65 162 229 84 150 69 231 168 102 52 47 203 167 91 255
    137 130 51 140 63 25 213 52 214 246 139 63 179 235 209 221 36 193 5
    127 55 192 224 110 208 205 210 79 138 168 136 53 136 238 225 103 237
    141 115 21 32 202 117 112 122 134 113 196 17 99 132 72 224 15 41 159
    91 115 48 71 157 226 60 170 89 33 175 83 218 218 184 16 76 59 167
    128 241 236 97 250 200 80 133 234 80 92 119 75 236 194 119 54 56 50
    81 82 144 31 49 110 26 246 98 225 79 138 74 62 12 161 102 174 230
    144 165 254 185 53 57 27 220 21 121 151 64 24 185 89 19 129 62 160
    127 234 9 241 96 128 183 152 156 109 45 111 179 48 165 150 94 169 37
    148 200 75 47 170 120 120 8 230 148 17 123 205 144 21 24 49 112 161
    249 208 47 27 90 29 130 207 62 1 242 239 39 116 106 29 29 121 90 151
    60 91 8 233 125 227 36 124 122 5 39 19 65 222 12 216 219 92 5 39 157
    71 133 108 129 94 96 165 50 144 74 93 51 70 89 7 32 204 166 216 17
    167 116 58 70 84 112 204 231 215 227 50 102 52 125 201 230 208 154
    48 130 73 210 192 90 40 196 16 19 215 101 92 152 237 21 100 25 153
    190 117 67 172 219 148 99 111 221 130 101 77 112 160 249 255 18 21
    105 207 150 253 231 84 96 17 44 137 90 145 102 255 66 35 98 30 112
    128 96 184 112 236 118 190 224 175 111 208 192 220 50 86 1 174 186
    38 194 204 106 210 17 117 167 254 181 181 10 200 53 95 44 251 32 31
    148 128 147 196 67 234 23 219 134 160 163 27 211 129 231 128 182 6
    250 5 184 213 38 96 136 50 62 164 27 255 173 4 219 83 93 7 82 175
    129 48 65 203 47 168 15 184 128 57 81 239 253 124 101 155 41 170 161
    19 200 75 230 119 9 199 142 55 211 10 8 138 176 23 77 200 189 244 85
    125 203 237 191 55 170 24 244 12 206 112 248 222 5 191 149 40 224 71
    43 49 91 140 247 127 219 198 5 157 243 244 28 242 77 4 237 239 24
    242 166 153 65 193 181 76 153 117 212 100 153 212 208 140 49 66 205
    45 189 180 57 117 189 85 19 164 6 94 25 134 135 89 239 158 123 123
    59 23 237 156 119 14 130 40 54 31 34 80 205 31 249 120 164 106 47
    202 82 225 194 207 102 130 253 33 154 197 230 13 225 70 74 187 98
    200 41 129 58 14 220 41 164 113 159 233 137 103 32 201 15 85 145 120
    172 80 76 35 136 79 108 211 230 94 175 153 122 237 43 202 80 102 155
    24 53 140 95 128 243 155 219 231 126 105 44 65 190 0 96 159 195 170
    254 215 158 139 133 116 213 190 139 111 133 12 171 37 156 235 107
    247 227 143 63 166 100 55 235 83 66 147 110 96 151 235 226 5 19 152
    164 155 23 147 159 149 240 160 180 159 6 188 114 195 97 49 138 177
    201 251 228 60 98 102 241 72 168 205 48 145 95 235 131 46 31 41 89
    86 176 232 30 46 15 232 60 216 115 58 137 208 241 76 244 210 124 199
    211 232 29 165 127 2 148 121 192 17 30 66 97 110 47 10 247 82 134 31
    49 59 254 233 137 49 115 156 200 35 71 116 173 18 140 51 234 86 6
    208 165 88 110 217 174 235 235 156 242 58 6 192 137 74 195 114 71
    121 96 203 112 204 109 80 73 29 33 47 10 168 147 224 36 46 234 23
    106 95 160 147 185 128 112 11 61 124 219 104 50 67 185 175 227 140
    53 225 137 69 215 191 36 86 103 109 247 84 61 9 219 8 33 175 136 189
    145 252 197 92 72 72 226 135 26 112 121 180 75 74 67 77 60 60 211
    169 196 223 59 144 177 56 202 95 57 97 63 233 248 117 253 32 181 170
    188 120 126 95 235 39 111 31 54 154 54 14 76 95 138 13 76 135 190 43
    148 19 153 92 169 103 100 44 16 160 100 36 238 178 208 100 51 133 53
    97 177 16 234 15 187 4 108 21 60 49 128 253 203 18 150 204 62 49 233
    68 182 240 204 211 220 192 180 86 40 151 43 173 108 242 20 230 95 87
    18 7 186 105 255 197 40 148 126 189 112 182 21 80 93 251 183 163 178
    165 240 204 19 20 11 231 196 0 155 110 55 196 161 253 164 114 143
    175 233 223 74 176 97 73 25 84 85 144 48 194 42 212 46 140 138 168
    133 56 175 6 76 151 222 105 110 179 99 25 154 101 4 171 50 101 251
    170 159 228 24 227 66 75 81 112 10 207 189 36 194 132 219 230 18 47
    73 168 165 158 91 197 41 146 185 169 48 48 62 212 204 61 118 87 17
    26 137 199 119 203 110 7 214 48 202 62 156 214 167 0 116 33 212 27
    254 235 103 187 76 214 208 192 169 214 118 93 49 203 56 226 69 39
    125 160 8 64 109 8 63 147 160 177 163 9 228 85 63 243 254 125 37 11
    210 187 147 236 204 160 228 18 205 221 186 62 91 26 216 246 173 199
    219 23 248 43 191 151 113 113 163 4 195 230 54 89 136 232 222 109
    227 243 156 206 126 117 218 27 191 133 85 84 210 157 19 107 113 27
    66 93 142 73 214 213 122 235 49 61 124 234 101 164 236 159 132 229
    14 243 133 219 231 55 61 159 96 162 187 67 148 51 42 197 118 202 178
    88 61 62 131 125 213 47 56 103 120 117 210 89 201 251 69 114 49 176
    171 140 67 236 182 38 250 74 105 213 163 102 44 215 121 227 124 140
    84 248 71 204 187 244 191 212 157 45 65 179 195 33 33 85 50 65 42 8
    192 14 184 118 55 200 15 122 169 202 179 223 170 200 89 82 194 36
    223 218 237 211 135 35 117 75 212 125 12 147 184 15 126 51 12 72 225
    111 164 83 140 10 237 161 173 143 230 135 244 61 42 9 9 201 112 212
    79 134 64 36 200 168 232 193 212 107 187 248 15 153 58 215 101 238
    94 53 233 109 119 31 15 148 67 98 160 18 26 15 84 102 226 160 149
    122 187 115 232 145 104 36 186 177 212 244 110 48 30 225 135 25 101
    224 182 48 88 199 136 201 171 10 84 66 108 243 235 34 230 28 64 100
    96 76 37 196 78 10 213 66 25 68 181 214 62 66 96 183 16 84 215 144
    110 32 174 207 194 68 222 138 49 209 103 6 243 211 172 223 44 105
    186 41 28 239 174 18 0 22 168 129 234 243 48 141 250 244 141 166 186
    161 184 105 245 1 10 38 149 220 245 148 229 89 118 171 196 33 49 255
    51 57 123 205 133 189 242 32 110 22 195 107 97 186 80 220 55 119 153
    17 206 174 70 125 29 133 31 224 85 232 83 69 189 249 96 134 237 75
    27 145 11 214 15 3 215 252 207 31 214 30 200 48 202 83 65 81 226 85
    248 237 130 40 83 182 116 90 171 22 199 24 6 122 87 137 198 22 28 33
    155 53 208 23 215 113 29 236 199 48 45 255 165 217 144 31 139 69 225
    158 34 156 130 54 154 209 234 153 128 196 252 203 98 196 158 168 79
    242 18 6 164 146 102 93 40 2 247 76 255 11 230 41 157 109 3 224 147
    58 202 77 112 236 244 233 251 183 255 213 163 115 199 145 82 68 36 0
    182 177 97 213 70 126 119 41 124 122 165 134 159 195 142 173 174 198
    236 171 149 83 52 101 19 213 192 192 190 107 191 83 221 55 209 154
    132 210 95 29 168 72 196 120 114 232 151 93 221 55 253 127 104 251
    163 30 3 9 86 183 224 244 75 172 148 238 146 15 91 204 128 43 221 94
    142 3 33 183 209 204 153 183 148 38 59 55 20 50 177 152 20 171 196
    101 249 225 212 21 59 215 170 100 13 220 152 52 0 13 227 75 36 157
    230 42 60 206 57 177 236 73 97 81 204 8 83 74 2 162 195 28 202 241
    219 221 27 52 179 5 63 123 239 87 63 49 12 110 207 14 76 127 94 176
    90 250 251 112 82 204 213 82 116 197 27 16 33 51 81 166 163 166 175
    130 57 99 178 147 113 112 24 227 147 121 120 5 139 128 29 253 248
    214 95 155 101 142 91 62 229 239 42 81 140 16 70 228 213 122 76 4
    232 144 68 46 139 136 250 191 148 247 169 209 251 36 248 242 150 20
    20 129 192 92 69 27 83 73 255 51 183 232 50 79 31 11 113 135 210 89
    37 19 50 196 54 63 145 236 225 112 169 5 75 180 11 100 44 152 32 123
    246 17 247 221 174 229 136 106 223 145 59 7 31 239 236 166 251 211
    94 13 87 53 82 38 68 231 54 191 98 117 121 162 90 4 174 221 250 221
    46 212 145 209 41 17 84 51 30 176 59 64 88 161 152 48 151 15 77 31
    144 229 82 83 205 14 206 108 8 203 5 125 116 149 56 64 3 68 202 4
    172 136 55 75 60 252 254 176 130 122 53 1 168 230 23 124 223 21 166
    155 12 249 40 49 191 205 204 68 212 195 61 189 157 18 8 27 65 4 80
    88 180 218 98 198 79 25 96 130 8 109 92 196 235 186 43 125 132 86 61
    51 108 200 183 92 243 179 243 213 191 255 209 164 136 234 148 109
    131 0 208 245 92 19 211 124 96 179 189 82 190 132 114 53 227 235 204
    106 82 44 235 147 119 103 18 121 175 130 116 38 112 150 143 181 134
    148 163 73 140 173 221 47 25 159 162 53 44 124 114 137 157 175 84 7
    198 131 36 222 137 146 56 17 239 20 2 44 225 79 177 69 155 11 221 21
    9 108 217 156 115 64 176 152 86 116 53 252 61 90 78 11 208 88 138
    255 51 156 230 225 239 30 196 209 205 248 127 9 101 237 19 122 36
    168 166 198 131 5 198 236 222 130 189 215 88 108 63 225 81 69 61 14
    224 62 143 161 125 246 215 59 140 189 47 56 142 147 166 39 168 214
    255 13 215 138 204 53 185 224 42 180 224 202 70 88 180 178 14 111 36
    7 149 181 27 240 34 199 229 38 242 56 48 59 246 9 46 143 138 228 149
    98 195 88 10 74 11 127 81 4 156 146 209 226 228 18 118 32 66 24 250
    79 127 228 222 222 242 30 225 119 226 231 111 163 150 57 233 29 68
    34 200 118 105 250 206 116 128 173 242 101 182 181 88 248 89 209 98
    108 107 6 140 32 61 50 99 17 167 66 224 158 84 150 126 46 129 242
    208 189 207 128 198 10 222 127 147 34 122 208 74 246 79 198 24 45
    190 193 238 155 20 54 189 85 141 192 111 203 161 147 171 119 7 169
    176 24 208 39 9 29 230 62 226 16 10 118 235 141 136 213 173 102 131
    45 117 18 123 67 252 135 223 73 30 179 197 44 127 111 2 160 116 19
    226 212 11 153 16 131 69 244 249 169 191 193 77 193 94 169 203 249
    72 40 9 254 165 144 226 18 1 59 188 193 58 218 186 235 178 69 213 23
    139 240 173 227 167 168 34 26 112 12 117 146 102 216 73 165 127 141
    177 162 183 26 49 127 220 25 13 110 196 38 254 85 130 64 223 121 114
    75 12 60 9 124 228 144 178 26 86 125 101 25 255 191 124 127 46 184
    128 153 208 102 51 37 157 40 207 182 198 78 130 123 200 152 141 27
    250 32 154 166 71 246 3 133 26 164 108 191 8 61 23 145 20 31 27 38
    194 98 178 140 26 151 218 221 4 155 206 26 41 75 35 207 253 147 135
    14 132 25 167 75 130 251 247 200 47 181 77 222 66 63 141 157 58 81
    203 31 67 114 104 164 164 53 150 245 103 104 102 97 247 59 223 207
    172 47 37 219 42 27 203 21 194 150 72 153 79 17 3 46 76 128 229 90
    75 196 230 172 220 129 134 77 111 132 71 200 59 153 128 229 174 172
    3 82 173 112 75 141 173 43 160 83 36 173 188 21 125 142 71 157 116
    17 189 14 6 206 50 245 95 45 109 203 168 112 246 74 22 129 205 121
    165 217 13 152 49 141 109 41 254 135 99 198 176 236 40 237 220 217
    210 150 181 244 154 17 93 41 124 191 163 13 206 213 18 67 31 6 87 34
    235 20 112 201 207 128 153 37 221 137 22 211 189 221 10 32 38 218 97
    234 93 173 155 157 184 144 75 1 108 165 8 188 131 192 36 7 62 29 118
    124 186 125 27 211 207 20 41 122 82 196 78 28 188 108 163 199 221 67
    38 253 107 221 183 60 71 199 159 148 3 101 168 165 252 176 128 235
    58 132 32 70 128 147 12 239 58 32 9 196 187 15 231 53 157 79 58 59
    23 3 249 192 73 43 4 26 200 238 254 186 214 38 191 128 194 138 123
    135 13 128 19 164 191 65 220 145 201 242 35 181 45 180 51 255 225 29
    109 149 202 116 169 82 128 98 101 193 210 249 181 80 101 18 240 44
    248 12 157 69 249 27 194 16 223 195 46 22 16 21 180 63 119 206 160
    229 3 80 47 125 138 236 51 167 250 111 219 251 96 193 137 19 171 158
    4 148 121 157 145 88 214 17 230 77 3 115 111 13 39 210 27 33 145 149
    251 153 231 16 117 181 102 215 70 226 94 50 33 190 80 249 84 148 165
    233 202 58 68 251 185 171 174 61 46 144 106 99 1 232 13 95 102 76
    234 135 239 111 249 227 150 109 165 245 224 96 211 182 168 125 13
    168 41 235 192 37 171 184 135 78 147 148 104 204 107 147 222 177 237
    15 65 187 168 239 129 169 114 185 174 78 45 45 248 91 217 233 137
    147 229 62 104 54 129 38 210 81 172 217 154 29 100 220 229 138 86
    159 134 138 42 141 187 133 184 120 149 180 213 172 124 82 234 162 61
    255 42 15 252 229 96 190 142 216 114 202 193 28 13 122 178 203 195
    196 65 183 148 110 45 177 122 164 170 197 157 124 27 12 240 213 148
    156 139 203 89 222 226 168 68 192 33 10 58 103 45 71 192 170 202 247
    53 135 56 88 57 119 211 220 64 78 241 75 120 87 147 96 66 100 193
    208 239 22 56 235 208 91 79 216 37 154 227 31 155 196 93 220 187 1
    195 135 24 201 255 33 33 170 80 127 51 158 8 34 233 145 134 123 165
    148 6 159 179 144 33 166 34 160 135 22 10 14 177 77 157 97 167 187
    92 73 67 120 242 14 156 155 155 33 13 0 36 247 140 24 55 79 253 42
    193 0 223 129 63 180 47 161 80 152 2 160 214 2 255 216 116 0 227 181
    252 165 3 51 132 225 185 16 151 5 109 26 149 211 204 233 73 11 30
    219 173 252 56 143 219 33 255 60 197 174 214 19 225 69 154 225 154
    160 168 182 244 35 93 233 71 89 183 12 207 244 116 9 158 97 131 108
    197 142 239 42 147 231 70 181 157 152 34 15 13 64 203 78 185 202 149
    23 199 222 46 65 38 156 211 93 13 87 54 252 38 168 248 60 195 90 170
    176 75 240 221 64 32 42 94 210 191 21 191 62 212 5 224 134 166 220 5
    243 112 59 51 98 151 124 54 178 20 53 178 88 213 183 57 126 233 38
    198 43 58 203 135 28 169 42 158 254 238 162 238 111 13 172 206 71 97
    164 89 22 27 237 146 59 1 20 192 188 240 64 65 197 11 41 194 34 182
    233 113 242 25 54 83 123 54 42 109 114 181 173 119 218 24 222 90 87
    48 253 49 73 48 28 99 84 197 54 144 86 10 59 32 203 109 80 126 241
    247 207 213 111 19 206 189 109 24 56 59 59 189 132 84 175 54 79 149
    132 84 68 198 99 14 160 104 67 34 113 46 108 53 157 76 56 243 105
    188 68 108 69 186 61 209 5 91 106 35 201 24 125 140 231 127 71 209
    43 77 86 157 37 186 188 245 79 36 9 213 237 164 34 65 26 179 10 238
    131 189 61 242 88 94 197 200 240 129 193 141 4 205 143 155 127 29 89
    141 36 23 254 220 152 39 205 255 97 50 8 41 153 143 186 27 173 224
    66 241 129 70 246 70 125 42 150 62 63 38 223 85 202 211 179 84 20
    212 232 251 249 50 43 196 238 53 245 21 52 145 59 67 30 196 145 218
    129 157 29 125 117 94 195 229 216 154 71 151 233 187 163 211 65 69
    26 31 192 220 8 48 23 6 32 191 131 156 216 207 214 30 144 8 179 68
    197 193 165 164 160 51 130 82 116 60 22 231 129 200 205 48 122 122
    105 172 135 102 213 9 149 21 102 147 119 161 137 237 179 183 9 20 46
    139 208 13 231 153 184 19 133 202 248 221 88 15 228 163 186 155 191
    118 169 134 104 222 142 163 230 106 196 161 224 5 56 4 59 48 116 227
    106 4 205 219 115 10 94 129 66 234 40 59 229 206 225 53 215 236 141
    105 62 125 75 199 159 126 255 66 56 233 85 94 166 221 75 206 13 112
    2 29 182 250 172 6 124 184 161 70 223 98 166 217 141 65 27 122 112
    42 44 220 211 155 27 22 103 252 196 32 84 233 22 112 243 138 147 40
    136 89 254 170 237 17 96 250 188 23 211 149 55 177 123 102 14 201 47
    76 80 120 113 226 33 203 134 31 95 176 134 44 221 3 107 97 221 30 61
    103 102 118 45 186 221 215 198 49 140 9 44 195 199 119 34 209 93 159
    230 126 15 93 83 63 210 69 254 159 94 96 5 113 200 14 194 224 55 29
    29 164 45 14 236 253 183 203 235 232 53 71 66 169 143 96 9 254 92 48
    8 124 185 115 1 0 20 181 156 186 63 55 19 212 163 137 148 12 170 137
    203 131 102 33 57 121 108 143 13 92 136 186 31 56 52 207 27 119 65
    214 111 252 48 240 184 65 158 202 182 166 203 114 28 96 178 88 32 75
    88 168 145 18 99 139 76 4 251 110 67 12 86 158 125 10 54 206 49 80
    120 58 39 126 188 203 112 10 114 230 202 196 158 241 56 87 123 211
    96 178 161 150 106 241 255 28 3 93 131 199 49 235 245 127 136 203 22
    52 46 118 39 44 187 98 19 212 149 85 198 102 72 65 42 236 74 250 70
    197 229 205 201 84 52 53 42 157 245 173 61 64 77 88 97 28 144 226 49
    82 26 222 133 221 146 104 57 148 130 20 109 0 219 99 235 190 110 94
    30 56 210 136 233 117 222 222 33 61 78 253 123 215 239 1 71 127 154
    248 75 65 155 145 109 199 216 100 13 102 156 254 16 253 144 132 122
    160 93 253 73 158 179 108 191 62 195 79 129 60 78 129 187 36 140 119
    50 143 22 141 70 75 125 93 151 204 11 250 210 233 101 80 10 176 142
    122 23 97 19 72 247 66 207 242 91 193 171 171 94 166 85 201 171 190
    73 164 209 102 239 70 149 245 219 190 200 178 4 145 176 171 158 243
    84 58 136 45 231 203 202 28 172 138 198 174 75 133 161 119 190 210
    203 65 149 205 57 197 151 101 59 62 149 49 5 110 238 129 100 22 44
    99 110 178 252 204 52 198 28 148 96 104 89 215 36 192 27 60 214 92
    19 14 149 38 156 108 247 94 86 133 120 100 52 172 134 4 187 119 20
    100 5 148 130 118 240 82 159 198 192 228 71 187 229 181 32 42 178
    174 149 156 131 199 15 151 196 58 218 153 66 200 248 79 188 217 152
    34 130 4 253 120 2 23 43 192 132 189 101 58 101 198 24 222 43 212 44
    37 229 232 192 127 230 73 1 228 127 88 29 227 19 70 185 228 143 191
    63 24 142 230 142 35 49 174 51 11 48 254 235 228 172 84 49 77 154 31
    253 107 12 177 220 92 39 130 194 147 70 244 147 39 218 160 193 63
    225 183 203 74 238 142 67 42 128 126 3 204 112 90 138 156 181 190
    198 37 75 60 219 51 52 63 248 113 116 205 56 148 241 151 188 31 197
    220 42 152 148 93 78 208 17 23 59 108 49 248 104 3 173 175 23 175 88
    76 190 214 48 80 103 174 190 55 25 208 0 236 107 82 183 44 71 210 56
    121 8 86 95 104 230 131 131 83 43 76 245 201 33 176 154 119 147 71
    30 146 181 28 5 228 99 161 137 216 38 0 68 43 121 165 11 168 88 216
    45 44 158 95 17 149 33 48 97 77 221 97 21 252 28 153 26 150 175 240
    150 232 199 2 153 201 16 225 145 100 247 31 42 254 124 253 80 191
    129 152 44 67 141 172 252 23 54 26 112 246 186 159 16 213 149 201 42
    46 20 91 232 27 117 44 253 232 199 252 239 101 72 200 8 169 48 101
    93 108 116 224 129 100 119 239 128 44 239 19 100 49 68 33 151 60 180
    198 101 15 228 199 222 118 103 99 11 236 122 247 128 81 47 83 169 10
    218 138 98 53 229 102 136 151 92 66 62 9 119 212 173 119 213 235 51
    128 57 157 179 235 16 58 42 16 83 209 154 164 35 47 25 72 238 28 114
    175 13 107 33 240 125 50 9 232 182 36 129 12 14 46 10 168 187 106
    199 113 111 244 8 159 211 212 134 202 196 246 182 111 93 51 52 125
    239 224 30 60 97 200 107 166 141 35 223 176 136 137 139 44 24 237
    158 247 190 191 255 229 3 61 5 19 202 63 146 143 165 100 137 159 198
    247 29 133 196 217 107 46 144 75 191 125 22 157 37 41 201 24 146 153
    52 83 168 120 104 234 119 61 197 80 238 170 17 186 161 202 175 8 54
    93 72 220 7 249 149 223 153 20 127 161 161 158 101 150 255 141 138
    202 211 215 235 9 66 103 2 225 137 124 227 26 6 227 244 61 68 57 233
    231 209 27 18 116 193 68 201 186 217 154 128 117 224 49 112 91 222
    64 189 173 249 182 199 88 91 204 80 155 78 161 171 24 253 49 228 46
    238 42 110 145 5 100 242 150 40 147 103 164 129 104 44 3 177 3 82
    155 79 102 68 44 239 116 75 122 104 55 233 110 57 195 184 94 52 15
    75 213 68 37 118 213 95 71 152 225 120 213 236 26 149 31 25 71 82
    244 248 181 124 50 85 55 50 40 212 88 60 36 203 13 220 35 218 121 6
    176 231 30 204 176 194 101 119 229 37 132 51 201 46 244 188 3 85 13
    61 162 209 93 21 150 222 205 223 75 225 192 134 206 167 36 205 230
    111 177 142 238 158 188 81 146 120 197 89 181 34 136 74 51 225 85
    200 243 218 68 37 75 83 110 33 103 48 30 68 204 224 169 39 164 200
    211 114 84 166 175 201 49 148 52 140 76 214 255 130 182 105 135 242
    89 202 253 169 9 142 64 184 153 250 129 122 190 29 80 163 146 227 47
    53 106 102 44 168 246 141 0 213 207 84 138 107 39 164 177 231 84 33
    77 85 168 62 64 157 213 65 205 122 170 29 98 80 112 38 57 137 91 196
    155 185 241 51 123 124 198 21 50 118 136 152 208 160 117 86 56 175
    226 132 95 220 60 141 166 217 214 209 150 160 95 49 195 95 60 137
    210 3 66 94 236 211 208 27 162 213 151 250 199 46 99 31 11 236 240
    210 76 84 214 69 136 78 58 200 189 149 214 181 69 0 247 201 233 152
    16 2 73 94 248 156 222 128 33 254 225 117 96 247 165 29 155 7 21 170
    3 92 168 234 117 61 212 119 236 216 102 29 89 4 47 98 78 128 238 106
    208 8 87 235 123 78 176 236 206 55 184 201 8 63 254 79 192 246 226
    120 20 255 27 133 113 128 226 161 232 203 103 127 220 48 252 168 246
    21 111 194 97 36 61 233 159 176 223 105 188 94 88 5 117 81 5 57 41
    92 175 177 225 185 223 94 247 37 76 156 123 58 113 137 202 81 223 75
    149 8 88 169 93 21 0 103 32 3 94 12 209 20 163 255 28 198 216 176 74
    217 221 149 147 228 101 122 209 204 224 104 6 215 28 94 140 118 117
    244 71 3 38 33 25 232 71 130 85 196 220 91 67 117 205 29 175 26 241
    186 134 34 180 192 189 6 165 52 182 146 110 91 158 4 229 242 225 9
    71 153 151 102 129 199 64 44 134 241 233 59 145 247 109 58 100 54
    209 109 103 203 121 173 175 164 65 33 248 12 138 102 63 61 176 245
    170 225 129 62 101 31 109 210 180 149 223 57 181 69 250 188 130 165
    101 226 78 251 56 137 252 129 37 169 104 181 208 190 167 133 236 50
    114 60 15 218 214 47 104 234 6 97 176 91 231 20 50 94 229 183 204 81
    246 148 207 209 200 134 147 192 95 167 143 73 23 224 117 96 218 6 66
    15 238 165 106 94 22 67 179 98 96 210 234 91 10 113 221 139 138 134
    245 243 128 198 53 206 35 131 239 159 173 207 165 212 157 164 116
    188 100 109 15 225 253 154 67 68 185 144 21 230 107 151 136 107 179
    39 87 208 229 184 21 109 116 204 188 203 50 230 196 18 77 172 149
    188 186 230 160 80 249 161 40 14 9 117 176 166 189 235 24 83 172 131
    74 159 95 96 189 97 59 33 131 103 21 198 69 117 84 133 223 11 183 82
    175 136 233 121 98 210 65 142 224 137 68 47 203 255 17 210 166 152
    106 243 251 155 193 231 22 178 178 99 70 104 0 4 206 240 62 42 182
    116 40 212 56 96 120 32 73 35 109 141 64 67 92 65 65 31 129 81 174
    235 129 6 98 195 18 94 162 0 184 249 157 36 134 92 163 58 49 138 165
    47 111 31 212 147 97 81 246 64 162 201 80 89 234 58 254 136 232 43
    233 48 179 163 6 40 213 156 11 2 6 215 85 169 208 121 247 139 16 72
    43 74 175 102 57 102 254 250 240 69 18 243 28 36 55 57 98 32 184 125
    132 191 80 61 122 7 157 26 228 224 129 6 23 171 245 204 61 2 187 107
    224 106 239 242 158 163 70 201 156 148 126 109 218 102 252 175 254
    14 118 101 194 230 146 9 105 135 27 75 129 147 144 168 12 234 68 12
    40 148 157 253 0 14 49 26 108 255 67 102 253 191 104 223 158 136 196
    246 94 59 9 44 219 41 191 229 96 44 64 134 57 239 20 218 242 203 138
    54 185 212 82 66 15 209 234 101 180 161 6 5 198 163 235 80 246 162
    35 108 143 207 107 186 15 181 136 254 79 121 211 154 154 191 112 45
    122 61 137 77 181 14 57 151 101 184 165 58 189 250 71 44 125 242 40
    150 161 129 19 163 94 44 32 90 36 92 175 143 44 1 189 81 185 132 255
    189 127 16 25 109 236 85 219 195 147 234 170 167 186 252 125 133 112
    228 4 244 218 86 139 165 108 219 78 214 177 79 11 30 204 4 163 112
    148 121 143 92 31 204 68 210 27 223 2 111 19 222 239 77 136 74 147
    72 161 44 159 46 209 169 121 154 155 51 17 133 68 17 146 74 93 149
    39 7 40 196 129 184 196 63 181 112 255 174 228 194 241 240 167 146
    158 103 9 45 167 39 137 131 164 100 118 227 117 202 116 207 51 43 57
    76 32 235 169 232 168 208 90 243 42 86 51 155 70 215 165 186 226 163
    116 205 101 172 139 27 230 168 54 35 6 172 195 254 237 181 202 230
    158 101 165 188 150 151 113 70 253 221 231 2 241 254 121 197 166 127
    123 28 225 66 137 216 220 80 55 19 239 210 140 252 183 2 134 214 217
    212 56 28 21 44 246 125 236 226 50 107 60 204 247 207 43 5 97 190
    248 96 10 172 57 210 140 145 71 232 167 191 100 253 255 233 100 175
    115 24 232 115 222 157 231 94 81 143 32 161 208 204 168 251 79 224
    59 159 102 38 144 15 160 96 254 55 242 37 197 101 82 92 58 52 218
    128 217 38 133 206 158 185 147 211 120 122 179 234 182 175 18 196
    184 58 16 84 221 25 194 0 9 3 125 222 119 210 1 129 109 111 127 169
    129 54 254 103 235 111 30 101 198 68 37 80 196 199 213 142 94 37 67
    38 102 63 194 147 131 113 79 115 128 219 133 160 32 150 110 125 239
    168 233 55 131 54 232 31 232 253 155 148 92 126 81 124 114 109 204
    39 4 23 235 115 227 86 169 33 221 159 124 135 128 23 184 12 244 177
    41 252 133 204 211 48 103 64 159 241 42 158 210 214 178 133 8 94 30
    73 40 31 43 255 106 53 123 86 167 8 255 210 12 177 68 27 62 221 181
    159 100 234 92 46 199 141 193 231 164 252 81 192 11 46 0 37 194 24 4
    59 139 83 91 15 65 153 79 91 227 101 67 23 63 124 113 76 192 68 139
    145 93 205 103 192 208 240 126 215 13 11 218 255 103 202 245 113 95
    81 83 16 94 62 156 88 82 139 47 91 90 116 215 1 118 252 251 142 15
    172 76 123 124 9 225 225 24 33 138 198 228 129 35 108 197 55 65 140
    26 137 117 173 90 81 4 176 93 203 251 104 154 172 13 72 155 55 252
    41 129 51 95 74 56 161 24 134 72 152 53 248 238 218 188 39 9 248 77
    247 74 246 182 184 9 1 107 52 111 128 234 25 244 148 249 8 176 196
    135 255 16 192 97 108 111 124 210 196 98 81 194 166 81 184 10 95 87
    15 87 81 93 41 232 66 99 15 212 249 244 91 122 182 70 62 166 101 134
    56 193 22 205 62 244 183 30 140 87 198 72 60 95 216 212 30 22 158
    211 5 199 130 182 101 64 131 83 138 116 222 102 98 191 179 186 68 89
    231 58 134 36 87 81 111 243 159 230 161 254 148 156 179 67 141 61
    233 249 150 177 67 245 145 198 147 184 63 35 21 159 153 153 242 202
    222 8 203 93 176 119 203 49 184 166 127 240 120 27 7 58 167 176 165
    239 85 188 39 233 240 19 177 18 206 208 200 127 44 254 105 171 218
    31 45 88 37 172 243 145 133 148 179 121 100 110 182 37 16 22 113 134
    13 30 117 14 185 10 196 90 193 255 89 69 73 4 239 195 151 193 53 31
    172 4 32 172 144 128 166 255 158 88 146 42 153 41 199 24 80 27 205
    154 5 20 74 174 4 190 250 207 53 227 69 99 81 198 81 243 224 90 22
    199 32 164 23 181 207 188 83 92 246 42 214 171 216 202 12 197 61 122
    187 118 69 140 176 15 48 46 66 179 71 72 121 133 39 199 253 92 7 103
    245 17 162 154 83 23 122 222 88 77 42 163 38 106 245 219 242 56 54
    13 199 4 254 196 101 241 141 239 75 88 199 62 100 70 176 213 201 20
    152 243 23 56 169 248 179 186 45 41 45 4 43 150 207 15 77 71 208 133
    175 147 253 248 238 88 216 43 25 209 220 196 85 71 40 237 98 81 250
    123 152 209 87 130 88 41 29 90 133 254 45 183 73 240 86 195 154 135
    234 203 194 112 236 245 140 30 83 128 8 71 253 58 2 42 197 247 10 98
    164 108 118 12 16 145 18 68 214 169 216 21 203 59 209 1 59 36 112
    112 108 96 172 214 105 2 162 211 251 215 69 11 227 217 62 143 166
    191 130 120 114 9 251 201 233 244 95 48 44 224 169 192 78 181 16 50
    142 132 202 83 171 172 170 246 88 207 198 26 36 140 205 35 143 159
    12 90 200 133 27 85 84 24 90 251 148 43 33 88 195 115 79 82 24 227
    81 171 122 128 190 206 49 242 71 51 62 38 3 174 151 221 229 174 10
    48 147 50 74 187 99 17 56 11 148 55 229 3 196 127 191 227 105 206
    230 72 28 147 135 123 15 56 197 219 64 234 220 165 93 95 21 100 25
    197 112 93 87 218 212 92 61 142 197 78 50 85 193 236 214 140 48 183
    16 44 156 204 225 76 184 108 17 248 182 46 143 185 176 130 0 94 39
    210 207 59 159 15 36 143 20 60 148 163 42 117 192 106 155 236 201
    188 56 15 13 64 33 156 63 67 7 95 24 220 49 177 162 113 30 250 93 67
    212 29 249 4 198 222 195 128 220 213 89 110 108 16 56 75 50 194 32
    180 194 219 159 55 116 241 164 177 72 237 77 187 9 227 201 68 220 55
    136 15 213 222 196 106 247 225 87 139 69 128 35 185 34 85 24 230 243
    180 197 252 248 149 160 35 110 225 106 155 226 187 248 147 164 194
    179 187 224 159 36 47 42 125 102 15 198 72 117 231 42 131 98 45 140
    75 91 182 86 195 62 209 143 123 253 132 55 189 200 243 173 38 131
    128 198 61 14 198 50 219 202 190 236 187 13 8 77 93 77 56 142 184
    220 179 192 2 137 147 48 183 20 27 86 250 135 53 102 207 139 178 171
    135 173 24 20 20 119 202 118 188 68 94 177 123 53 26 13 175 226 238
    207 183 56 196 222 250 227 68 156 46 213 101 225 15 140 70 205 93
    187 46 39 24 116 58 149 27 202 20 103 163 233 82 134 39 211 169 26
    59 233 36 248 247 11 3 159 172 47 41 142 148 179 145 112 25 89 106
    217 89 43 236 48 19 248 184 243 200 240 70 177 241 72 114 73 183 170
    227 39 90 86 43 44 91 155 234 18 246 45 120 5 42 227 89 98 219 228
    255 54 202 15 196 244 216 63 207 41 173 144 75 171 201 173 4 69 223
    34 246 163 235 56 232 118 247 36 233 187 240 94 126 84 66 232 238
    190 86 240 83 67 5 93 137 69 186 141 219 211 21 193 150 130 28 208
    42 16 196 85 173 5 14 160 217 75 124 253 88 24 204 117 146 40 218
    186 22 238 94 136 35 106 99 166 34 105 200 124 252 194 51 209 73 29
    114 197 106 81 157 143 251 155 46 235 243 30 45 76 14 145 151 86 27
    167 84 139 96 61 139 201 94 7 233 89 94 110 134 68 241 171 64 58 237
    28 199 83 71 219 198 52 53 168 71 6 218 198 17 229 135 11 85 248 231
    152 34 19 50 46 36 122 255 100 35 164 222 217 162 114 185 74 106 193
    182 155 189 179 123 83 248 181 217 3 141 133 220 176 219 154 177 169
    159 41 57 63 150 47 3 126 181 229 191 106 180 65 17 187 21 130 229
    237 22 61 215 28 101 34 35 156 64 14 127 26 223 0 162 68 9 235 60
    173 157 152 10 37 214 149 15 218 36 12 35 223 193 124 97 245 64 182
    237 204 71 17 119 182 28 40 135 251 185 235 158 199 167 246 205 111
    56 153 26 65 19 218 125 53 232 192 14 20 253 106 36 234 38 71 130
    186 172 186 1 224 220 49 114 176 133 42 27 76 221 104 86 116 244 184
    29 38 100 25 140 80 36 229 220 151 164 137 53 237 127 100 241 74 63
    163 146 240 55 37 9 152 115 88 146 211 157 110 167 155 175 49 30 242
    106 91 102 123 95 195 56 129 51 21 208 147 56 137 47 91 30 50 10 134
    20 48 150 235 178 173 92 255 161 114 12 228 40 192 16 222 230 127
    243 13 44 39 234 214 241 227 166 67 33 39 98 143 90 183 176 105 12
    142 255 81 120 141 91 3 233 205 84 233 250 171 137 80 97 83 172 199
    110 20 242 59 186 183 13 78 211 118 125 251 204 218 119 73 64 64 95
    164 97 143 143 88 16 22 82 218 29 13 142 137 43 78 119 116 143 90
    220 25 187 64 194 123 68 183 183 35 12 72 203 226 9 70 100 246 233
    76 36 55 243 65 110 197 68 94 21 50 15 173 121 10 139 169 239 197 19
    216 74 213 138 248 25 155 166 100 236 194 167 176 105 51 157 192 143
    223 42 91 152 3 26 107 85 7 56 185 163 224 204 116 234 242 152 174
    93 96 195 224 36 33 24 206 203 35 147 67 181 78 102 201 25 88 129
    102 81 22 147 175 255 224 181 22 180 93 32 74 139 22 210 238 216 87
    3 15 95 158 216 166 113 225 164 89 177 170 57 216 145 10 192 143 221
    227 242 196 190 255 99 86 34 136 140 202 28 187 70 6 235 109 109 137
    71 63 179 106 90 247 53 92 53 136 97 239 165 237 241 71 2 217 22 154
    171 110 18 120 36 189 5 75 155 229 169 6 185 11 83 232 11 61 196 81
    26 157 68 164 20 139 31 28 105 79 59 133 122 58 35 130 213 232 53
    202 252 208 194 225 229 232 135 122 175 72 167 91 78 132 135 39 22
    21 136 107 172 102 55 122 60 251 120 127 185 242 41 46 179 201 164
    117 80 43 65 138 150 101 16 53 88 87 232 63 106 119 247 74 168 143
    231 241 37 224 163 98 47 73 196 37 120 54 48 76 128 9 26 107 27 113
    18 225 25 154 246 81 41 72 162 143 72 221 208 39 57 67 188 19 102
    221 252 124 18 92 188 10 196 119 152 212 91 155 234 167 88 154 203
    122 163 233 32 103 128 206 211 159 85 252 162 92 83 125 218 177 163
    210 65 10 90 246 155 69 189 187 116 226 88 191 44 140 165 169 255
    249 13 126 32 194 124 134 164 181 14 192 50 173 151 70 215 231 114
    51 210 157 130 12 251 109 180 120 173 254 122 194 102 135 234 226 53
    10 55 110 190 71 47 78 127 227 57 121 88 41 79 111 248 189 74 216 72
    147 90 198 234 142 244 150 217 238 192 20 131 138 176 253 2 29 211
    64 218 190 246 53 167 83 244 237 2 63 82 90 77 216 209 173 59 68 97
    27 188 206 66 74 249 200 95 215 43 64 192 105 68 65 194 28 233 66
    215 119 37 183 66 68 154 171 191 213 67 202 240 37 184 106 99 23 17
    252 57 4 144 133 155 45 184 31 67 79 126 89 101 72 213 223 111 104
    247 56 141 11 108 251 154 194 160 65 16 20 62 195 25 245 194 81 57
    185 225 220 70 99 194 7 44 79 103 142 187 87 1 167 132 21 23 84 22
    138 167 3 235 21 231 139 152 241 224 228 41 185 73 42 141 172 133 80
    99 40 168 14 19 76 162 192 235 217 165 120 87 80 98 221 255 82 80 45
    162 233 170 32 8 207 213 249 87 215 15 68 59 11 147 1 38 116 155 26
    41 18 222 142 171 191 150 191 49 31 162 37 208 164 61 9 205 63 211
    102 106 198 85 10 183 217 224 122 120 237 8 167 120 238 222 33 142
    186 111 26 136 141 76 215 194 231 211 177 209 139 108 174 160 153 47
    87 228 55 201 71 45 14 33 148 49 169 117 236 22 66 186 103 51 159
    139 141 251 15 40 128 38 255 197 31 104 52 8 230 65 241 253 236 81
    119 71 172 15 172 174 24 106 105 29 10 92 111 239 125 221 236 221 20
    40 218 198 127 182 37 54 104 209 33 101 22 87 103 132 43 182 50 67
    179 163 103 57 242 97 145 68 192 6 199 168 176 84 32 123 176 247 253
    74 130 139 106 16 138 82 211 101 28 223 13 195 115 121 116 102 129
    243 246 19 255 153 233 143 90 206 202 246 220 204 108 149 226 167
    238 98 223 90 195 249 90 123 150 18 64 183 237 104 57 74 237 49 216
    53 192 152 13 223 230 252 16 196 153 57 93 31 2 108 178 105 244 17
    165 195 246 19 239 171 80 68 81 35 209 200 1 197 1 36 105 104 60 77
    81 80 126 237 14 27 211 166 81 164 116 70 222 142 206 101 209 223 69
    88 201 224 112 103 5 15 103 16 193 123 95 109 204 94 253 174 170 44
    210 47 135 68 2 125 196 84 47 150 246 65 22 97 122 191 141 131 180
    66 193 161 77 27 54 88 196 29 122 75 140 55 14 181 142 76 174 38 231
    129 238 0 12 214 232 42 94 73 186 5 238 102 100 139 110 241 217 47
    165 191 30 168 122 70 82 165 7 89 133 113 193 210 172 81 133 40 213
    73 126 169 237 112 50 32 111 95 83 202 154 125 179 72 66 83 174 29
    142 168 191 70 150 185 101 9 175 113 67 245 74 253 198 52 129 147
    197 246 205 124 175 131 254 167 221 63 245 101 212 29 146 69 243 250
    72 83 67 141 41 231 231 191 128 21 135 81 64 131 47 113 29 237 107
    103 195 135 206 166 228 223 216 23 201 75 235 103 88 177 22 131 246
    161 229 46 182 230 66 77 170 118 25 40 127 81 164 152 178 228 18 191
    100 191 0 17 7 195 240 166 114 66 9 120 56 65 255 176 70 229 95 97
    53 33 70 203 115 205 12 242 143 196 94 36 105 80 160 227 233 142 119
    136 131 90 2 81 200 206 170 197 106 194 105 184 247 255 20 98 92 162
    107 236 172 140 190 79 245 209 110 241 151 73 37 154 248 103 50 191
    202 65 175 97 252 219 103 49 128 3 223 185 200 123 121 141 254 62 19
    108 119 103 207 195 56 119 51 2 55 184 198 81 41 222 171 170 153 74
    4 213 132 214 43 52 228 83 184 118 177 213 87 163 121 194 192 218
    140 236 232 200 238 71 40 151 128 61 201 129 19 90 185 153 14 244
    154 191 228 145 242 156 152 108 206 112 175 223 168 205 122 81 142
    88 149 225 133 131 9 59 2 27 183 12 172 169 86 29 221 172 168 22 174
    111 70 220 136 170 187 249 13 8 90 225 130 250 255 35 56 19 101 214
    202 76 18 148 83 30 6 66 108 172 250 95 165 198 18 255 76 44 59 81
    181 119 126 140 249 27 140 129 43 176 206 224 96 81 104 54 64 50 43
    88 14 62 161 184 247 131 61 188 223 151 66 153 132 95 192 219 246 60
    142 240 127 73 196 140 22 87 157 111 211 234 189 123 130 212 99 229
    44 50 17 69 230 123 88 48 139 139 242 171 239 228 134 177 186 232 91
    159 236 167 131 230 241 81 177 120 171 4 117 203 100 249 126 118 240
    38 79 192 16 174 30 167 57 72 239 116 14 247 92 186 163 210 2 9 174
    119 102 228 8 238 215 152 212 53 240 170 37 29 150 197 214 121 0 111
    250 220 102 144 219 65 163 104 206 170 196 33 129 102 230 93 248 197
    33 23 4 23 247 73 51 228 247 17 182 81 53 105 34 43 229 55 79 137 5
    194 228 194 245 64 89 48 57 38 228 120 211 248 154 194 47 69 111 161
    79 49 61 30 135 93 10 19 213 255 113 170 215 30 69 30 59 253 209 109
    231 41 1 22 129 150 151 209 110 87 53 230 124 179 53 126 187 163 66
    221 57 252 83 87 215 60 104 4 50 129 49 17 64 116 121 16 126 129 31
    73 205 133 74 8 127 33 3 241 32 171 94 238 181 196 118 242 93 105
    103 14 58 44 203 126 92 231 71 166 125 213 223 215 9 130 79 65 197
    217 241 213 128 226 121 145 64 157 81 94 51 253 209 126 231 7 34 60
    13 120 54 183 205 146 16 150 151 36 136 175 63 9 38 92 82 19 200 71
    44 33 211 183 113 232 130 227 159 211 17 225 159 231 72 168 174 136
    205 166 58 236 228 213 201 17 82 214 200 39 247 3 40 120 22 22 118
    147 8 227 21 161 209 222 157 239 206 157 249 82 116 24 213 19 240 44
    202 227 45 234 145 183 43 207 57 175 119 135 247 136 92 179 66 91
    187 74 109 36 200 114 175 148 50 185 200 202 216 89 242 30 178 179 2
    15 155 75 105 104 155 58 13 158 154 22 147 67 49 99 166 222 38 12
    114 45 169 124 105 134 5 246 252 156 235 3 152 218 127 245 132 138
    188 23 92 26 123 187 93 34 169 161 254 251 149 251 96 242 148 132 28
    47 36 97 216 201 22 2 144 133 77 47 148 127 36 52 140 7 14 26 55 180
    123 31 254 89 83 204 32 96 24 139 253 119 35 74 209 148 238 194 208
    90 50 64 107 96 77 145 98 210 228 57 125 13 81 3 103 223 72 27 82
    230 205 4 29 15 192 8 201 117 36 114 36 142 236 75 164 14 193 187
    177 244 47 194 62 133 32 135 101 184 92 113 78 57 210 4 91 75 127
    148 171 251 46 191 116 11 62 202 220 40 203 207 51 219 254 160 246
    139 198 251 246 90 138 251 118 94 69 251 23 163 51 39 177 174 104
    222 200 0 56 199 217 218 97 57 23 12 11 234 48 95 105 227 217 238
    177 113 154 162 62 28 45 110 122 245 158 96 218 191 0 67 210 182 144
    172 42 171 1 99 31 217 238 249 189 153 238 247 48 93 166 212 114 188
    197 3 241 67 221 59 24 88 226 27 94 229 221 198 128 124 138 49 190
    144 230 225 71 142 199 219 32 79 89 104 56 52 22 235 48 13 8 68 224
    203 49 104 212 59 226 193 89 92 47 142 30 50 122 140 76 165 106 173
    240 1 4 218 215 35 34 179 155 104 132 32 123 116 122 13 79 112 161
    211 70 231 63 235 34 230 97 110 29 75 80 162 223 81 92 99 8 105 139
    96 201 59 98 168 66 6 11 93 208 159 96 3 230 101 253 173 227 93 46
    177 64 3 180 133 105 170 218 78 71 193 239 205 45 93 12 104 171 75
    74 38 62 211 36 230 210 174 132 108 241 178 164 225 104 152 44 108
    61 152 21 149 218 133 160 36 253 93 64 51 58 22 164 65 252 87 250
    222 38 26 121 140 151 114 107 105 97 248 227 174 6 104 14 124 157
    136 220 125 114 185 97 98 195 34 163 47 97 204 52 200 10 84 42 175
    212 222 193 86 225 16 199 60 238 246 205 206 38 148 11 74 100 55 163
    108 236 98 53 38 19 37 196 132 126 249 185 182 120 92 128 5 216 108
    127 141 188 126 143 220 226 33 24 245 62 88 139 4 2 125 127 197 157
    197 56 188 3 215 202 199 88 41 85 199 241 157 182 230 138 57 209 185
    152 166 28 228 14 252 35 241 60 127 135 202 171 189 25 169 163 242
    212 168 221 81 62 52 105 194 50 5 245 129 170 151 104 72 64 53 152
    199 45 21 129 9 5 26 219 217 39 90 17 134 238 204 101 189 197 12 206
    68 140 50 33 19 43 195 4 233 55 38 203 179 137 18 54 39 237 5 88 103
    177 249 19 71 76 16 29 207 69 250 16 60 195 229 68 33 124 180 199
    158 64 252 95 25 235 97 5 202 252 248 131 210 46 106 92 108 236 232
    33 118 191 184 142 21 39 46 148 250 245 123 35 80 176 46 155 166 178
    26 36 208 211 118 25 187 131 192 181 151 225 44 56 52 181 102 9 90
    147 91 68 248 98 211 145 106 105 217 78 116 255 192 86 169 250 85
    144 33 152 2 159 29 188 4 43 170 114 67 128 175 117 135 41 35 95 63
    252 198 194 38 214 20 7 44 14 220 149 11 130 197 23 74 158 8 137 172
    5 208 106 50 4 136 40 247 119 209 14 222 1 170 138 43 132 93 189 248
    209 207 68 0 151 250 177 44 67 233 71 134 119 129 216 136 68 253 5
    185 76 208 156 67 96 36 205 222 73 51 69 62 197 33 245 176 213 54
    224 180 223 217 24 71 252 189 128 184 135 141 117 36 98 35 118 49
    248 47 197 102 44 121 63 131 121 56 211 129 130 252 35 94 254 230
    240 41 209 107 137 16 115 203 42 243 39 164 175 149 56 41 190 222 88
    123 77 51 87 56 97 106 206 155 190 23 181 69 141 242 25 64 11 178 27
    22 150 55 205 73 181 123 221 81 249 231 153 234 190 47 98 76 200 134
    141 167 199 163 240 123 254 241 47 159 192 124 38 216 80 252 92 161
    18 153 127 172 113 249 21 205 214 195 103 4 194 121 83 149 137 100
    92 8 158 191 1 21 138 41 41 191 147 226 0 96 17 232 51 251 132 68 13
    212 237 52 24 26 240 19 94 205 179 128 192 232 232 60 125 100 41 55
    62 250 77 55 76 130 145 43 250 182 103 223 167 147 149 55 188 35 174
    250 178 195 201 67 104 63 116 56 134 240 99 197 27 207 163 147 5 57
    140 252 66 104 237 134 7 248 187 161 230 202 210 86 23 3 35 68 236
    183 106 146 48 61 114 34 245 150 235 162 73 215 70 24 25 53 249 168
    92 97 246 89 187 163 197 132 15 171 75 104 52 210 140 119 183 114
    185 160 176 69 146 245 210 59 213 106 183 13 71 185 232 83 182 198
    131 180 84 95 38 139 12 144 21 203 24 229 111 223 91 103 206 101 120
    243 24 60 255 19 98 140 54 114 152 151 237 29 139 211 16 10 86 152
    177 186 83 0 198 207 191 97 83 225 226 240 138 235 54 96 179 0 201
    143 233 70 121 74 223 50 238 133 16 39 19 46 87 161 170 211 199 232
    37 106 243 193 186 172 100 142 8 130 148 236 129 245 34 246 20 236
    119 106 113 196 149 240 209 232 222 135 102 147 121 47 243 201 155
    120 146 100 5 62 87 44 253 38 38 245 150 219 211 47 220 62 213 19
    246 156 40 4 168 193 14 226 56 232 215 245 224 254 58 90 245 156 100
    254 232 94 107 40 75 226 173 43 239 221 244 114 63 92 144 127 49 165
    74 250 39 214 142 63 193 187 180 38 190 20 204 209 194 244 72 110 15
    60 176 124 81 33 191 192 244 57 50 149 105 129 84 158 83 66 221 254
    168 193 64 217 221 251 232 230 57 212 143 4 228 53 162 30 169 189
    181 20 148 125 189 153 64 84 120 164 67 173 29 70 122 248 35 98 11
    255 130 88 246 92 159 232 41 149 139 61 223 169 205 176 95 85 73 130
    73 22 181 40 2 103 255 80 251 77 199 95 200 150 65 120 117 6 248 71
    78 208 151 29 47 101 120 246 112 134 24 187 96 57 132 79 104 115 104
    17 243 129 105 134 187 139 14 129 40 68 247 183 111 45 2 210 98 202
    93 116 160 233 177 90 105 172 131 71 76 38 155 52 16 39 236 95 66 10
    72 98 165 114 10 134 34 105 167 180 209 144 139 29 26 100 18 235 21
    124 122 58 67 253 227 107 151 240 10 214 23 95 64 125 120 52 130 71
    27 212 93 200 151 145 173 188 251 150 138 92 142 211 136 60 184 89
    215 64 57 51 23 95 57 184 158 193 88 66 174 219 222 82 224 71 209 75
    120 216 116 229 38 96 84 245 182 117 86 142 238 118 150 52 173 175
    119 156 88 140 46 108 156 51 122 155 92 57 7 145 208 178 223 73 148
    84 182 114 163 137 227 117 141 114 119 207 114 158 251 134 21 92 87
    203 117 229 21 62 241 47 145 121 28 168 185 101 76 37 10 186 222 227
    42 97 70 165 213 57 161 34 182 187 89 231 53 122 119 96 128 123 80
    68 29 244 242 140 2 162 70 227 225 92 149 136 11 87 132 200 1 43 252
    154 129 235 43 226 183 191 211 84 154 206 196 132 171 194 189 165
    159 67 134 236 157 255 62 118 48 85 79 224 192 50 133 90 84 160 152
    98 63 50 106 12 124 152 177 82 117 220 117 155 252 96 215 143 143
    233 175 125 49 176 222 125 23 94 198 86 21 119 218 3 92 109 230 156
    53 113 171 74 107 254 170 3 238 227 206 209 67 128 90 223 129 75 20
    253 249 207 83 33 199 189 100 18 197 208 157 73 115 124 55 50 14 114
    251 186 48 14 18 93 149 0 83 81 4 46 99 29 156 227 131 2 115 147 15
    90 107 159 94 62 178 254 2 66 206 228 229 22 15 217 43 235 172 168
    140 45 196 207 25 51 76 116 194 39 93 151 211 48 136 25 62 58 232
    168 29 130 156 229 12 23 92 63 221 2 31 65 35 122 37 147 247 120 117
    115 30 252 215 139 239 214 71 136 212 174 89 15 231 38 112 50 102
    136 40 193 202 170 232 193 89 233 133 76 100 241 104 39 134 198 67
    177 39 255 156 243 25 153 76 121 10 15 150 45 124 177 195 168 250
    138 0 63 39 121 241 178 170 240 249 52 169 96 49 81 192 96 69 249
    179 247 27 175 58 212 167 246 218 43 181 157 214 172 222 34 113 17
    34 235 35 187 178 64 157 17 250 126 112 145 244 86 26 176 125 191
    188 99 187 240 244 197 216 67 102 59 130 123 89 144 243 223 217 204
    1 38 229 82 220 168 138 243 223 47 62 33 163 188 252 20 233 224 43 3
    41 237 97 61 130 105 180 92 172 117 93 134 49 215 97 83 228 41 101 7
    182 60 30 233 114 150 158 20 229 249 124 122 178 14 223 136 46 207
    250 31 225 219 246 78 151 125 14 192 52 255 221 151 144 171 102 176
    61 13 16 228 24 63 209 34 242 195 162 235 138 145 115 240 109 19 66
    123 183 103 22 167 234 89 139 118 197 20 212 247 244 87 192 25 185
    156 229 88 187 95 19 39 7 129 0 18 230 48 136 148 17 205 73 98 3 76
    103 224 246 245 122 178 123 95 17 55 100 155 242 50 252 52 148 34
    203 41 179 5 28 70 166 148 224 138 6 130 24 239 59 89 99 39 204 62
    195 250 25 87 79 135 223 77 26 146 246 164 59 150 11 60 87 101 9 148
    4 178 49 221 233 65 82 26 92 151 137 157 223 177 18 214 37 124 41
    254 45 70 83 45 144 67 238 204 163 56 211 113 188 206 253 191 58 149
    129 21 71 172 56 151 140 11 42 21 208 239 51 32 217 198 122 240 8
    249 82 38 50 78 182 135 115 66 212 160 156 71 228 163 236 146 245 9
    45 187 106 194 96 20 73 144 142 116 227 165 23 253 209 59 247 51 154
    188 166 201 233 75 189 39 219 134 162 235 13 46 238 140 78 158 207
    110 204 250 47 172 74 65 133 11 70 72 163 99 60 214 185 173 22 108
    126 224 87 198 157 58 18 115 248 62 90 208 121 132 126 56 139 251
    253 189 193 33 48 106 58 11 171 193 228 201 68 16 205 181 172 135
    208 11 71 124 60 206 24 64 90 219 0 114 53 70 42 50 226 75 101 92
    167 188 144 149 181 245 77 95 79 215 164 63 44 21 144 28 125 74 92
    233 230 230 222 86 35 39 229 28 132 130 240 156 164 74 95 62 191 48
    34 32 90 134 172 189 149 33 1 128 207 7 161 195 107 37 97 218 14 71
    77 180 48 95 181 205 123 201 140 200 60 19 42 204 195 255 82 221 151
    182 30 93 184 187 151 145 168 76 26 42 21 1 51 251 215 16 104 78 46
    105 20 175 14 32 211 121 50 202 221 132 24 237 75 158 204 76 103 165
    148 163 112 136 151 166 121 37 223 205 164 77 136 104 69 154 88 142
    229 162 119 7 69 0 15 7 213 112 233 3 1 15 4 145 78 22 0 233 174 223
    114 188 145 205 192 70 136 12 116 24 71 97 117 239 238 187 99 143 15
    98 89 227 169 192 38 167 140 195 18 130 80 181 229 183 128 103 233
    160 82 155 248 182 41 187 254 142 9 79 217 144 172 190 238 103 205
    88 218 123 175 195 26 30 131 130 227 174 235 35 202 243 66 252 53
    218 111 144 79 87 107 229 225 20 118 9 139 158 135 2 97 174 253 64
    187 84 171 136 206 120 128 217 42 51 246 252 110 141 167 49 81 52
    156 15 159 250 106 140 95 119 93 159 38 206 91 79 200 192 50 192 208
    117 181 160 186 203 54 172 58 120 138 217 188 217 44 121 13 55 44
    156 91 161 184 204 47 255 114 218 201 177 67 28 224 42 178 148 147
    224 18 94 166 9 244 53 21 39 87 6 25 107 1 30 189 217 197 81 23 102
    138 127 40 204 215 55 221 24 231 27 31 81 46 226 246 240 221 216 24
    107 185 196 227 42 221 208 90 203 218 228 75 184 223 146 79 211 99
    33 128 230 123 255 48 122 219 190 128 159 98 222 56 155 28 205 2 83
    147 93 215 131 63 197 69 47 30 89 91 230 182 96 65 127 10 177 31 61
    103 160 144 97 250 238 76 58 126 71 142 101 235 123 191 221 189 178
    182 63 87 122 205 15 42 48 136 181 214 23 155 91 195 145 249 107 81
    8 240 218 143 39 59 77 106 150 27 253 230 75 57 141 104 78 162 31 84
    193 51 149 107 26 34 234 236 125 144 14 201 49 118 242 8 66 117 52
    110 53 52 80 107 53 164 59 209 230 45 240 101 175 82 161 195 216 209
    49 75 236 114 245 213 219 162 6 120 16 207 156 76 118 108 135 139
    110 191 144 29 173 193 14 85 68 209 247 19 4 109 169 83 72 41 31 145
    123 77 7 242 155 182 62 13 140 19 233 199 237 239 245 109 228 80 146
    204 102 207 188 197 127 241 14 94 216 106 250 169 116 120 119 97 108
    62 160 171 4 19 126 7 118 5 177 64 245 213 84 171 115 156 20 190 236
    48 192 243 99 53 212 58 220 232 170 84 76 81 234 13 94 25 102 28 122
    200 108 243 115 243 86 53 166 163 229 242 92 7 213 148 156 120 89 13
    59 67 218 125 84 108 253 18 208 81 129 65 200 214 74 70 60 59 185
    138 6 108 18 5 223 84 126 62 219 167 141 59 10 27 241 206 230 229 21
    228 146 188 9 141 12 132 105 251 27 39 232 71 53 112 162 81 232 148
    130 60 82 28 241 144 0 77 58 138 216 120 155 113 219 244 0 19 214
    255 201 244 38 98 235 5 189 211 224 38 175 218 234 175 83 165 130 48
    242 160 13 45 136 114 94 66 3 109 35 57 253 88 163 234 79 200 118
    139 68 183 19 25 229 14 158 27 10 115 155 206 102 81 205 73 157 95
    243 232 17 160 175 30 78 70 215 219 52 165 140 209 42 139 92 112 93
    208 248 231 177 147 36 20 190 177 12 160 75 215 133 10 41 87 37 106
    45 134 117 203 114 25 124 105 18 79 10 149 180 99 179 26 212 100 99
    228 88 81 240 165 238 11 249 140 112 102 211 241 194 123 35 113 101
    135 125 115 87 188 212 165 34 52 140 208 74 85 208 194 148 104 144
    164 11 97 107 31 242 175 2 234 11 67 43 9 18 107 63 33 217 82 52 165
    171 210 185 107 186 243 2 50 194 35 155 171 195 169 32 160 211 210
    82 56 176 31 248 31 73 123 224 182 250 84 105 34 49 191 214 222 120
    250 192 102 246 102 5 96 127 139 53 225 46 146 103 58 61 34 73 185
    20 185 190 66 161 176 158 252 87 115 217 236 74 110 122 247 197 57
    82 189 105 82 4 49 140 91 119 77 85 10 13 134 89 21 139 117 142 19
    149 91 238 132 80 12 92 83 238 61 243 226 32 69 219 12 232 232 63 43
    247 106 32 133 188 81 91 129 114 67 137 28 39 55 240 184 174 70 251
    148 227 140 78 166 208 153 226 3 72 184 202 195 22 134 171 40 4 156
    212 248 255 223 15 93 176 240 74 223 200 226 143 201 206 22 18 236
    33 218 173 39 42 66 48 83 23 18 73 8 14 243 45 161 66 191 68 121 179
    106 48 240 27 4 205 58 66 250 39 168 194 119 154 198 232 16 39 138
    237 49 191 42 179 167 17 3 243 147 11 201 123 157 113 40 194 182 144
    48 191 61 74 237 232 125 224 99 243 79 168 89 90 77 37 13 19 20 118
    128 241 133 204 19 158 160 170 200 235 104 220 124 102 245 154 89 44
    120 34 26 64 3 138 227 130 189 189 40 56 183 86 103 59 182 135 16 30
    135 128 133 128 113 175 75 44 128 180 61 33 185 214 170 191 33 240
    120 189 126 25 146 245 156 203 78 37 192 158 87 23 147 5 62 1 32 186
    99 230 100 9 244 95 227 177 47 46 37 231 144 75 97 250 240 227 154
    96 99 247 14 55 45 235 75 23 102 184 96 242 129 246 199 38 63 58 236
    100 122 244 220 206 94 144 16 67 234 66 53 102 5 194 147 255 170 106
    37 26 214 84 98 101 4 203 170 70 195 214 122 7 169 192 93 210 198
    187 2 162 212 208 113 52 138 231 122 113 254 167 40 212 95 243 26
    216 137 41 72 151 91 56 40 147 20 194 117 230 52 183 70 60 47 104
    227 8 10 173 48 176 184 32 230 2 246 54 199 19 16 239 98 169 139 105
    110 72 230 168 151 204 108 112 20 75 80 188 63 231 28 175 206 206
    171 171 237 25 49 68 76 156 189 70 141 242 173 111 243 51 228 46 122
    42 26 178 100 133 241 228 101 84 86 184 45 4 224 16 20 215 49 156
    124 84 104 190 228 53 186 74 23 126 221 201 215 182 137 34 39 215
    191 165 231 114 201 133 201 180 225 208 127 18 238 40 116 53 67 10
    224 182 136 19 11 107 35 173 202 182 109 136 73 112 148 21 182 174
    123 29 196 89 28 95 192 107 165 193 59 121 156 105 80 192 75 92 239
    46 110 32 253 126 197 78 3 146 136 235 54 177 236 38 74 109 119 222
    223 209 226 154 10 55 161 73 114 25 61 10 239 124 174 1 252 7 224
    219 118 55 124 82 138 69 142 13 154 215 101 169 163 40 102 76 212 57
    22 10 89 32 125 226 222 181 20 116 108 64 103 56 105 22 23 13 190
    120 26 227 224 204 45 239 85 214 25 95 57 64 249 70 228 32 210 139
    235 125 220 245 216 250 185 11 205 206 215 74 82 109 57 233 154 147
    70 241 71 179 229 28 122 146 190 197 38 148 34 196 200 15 192 13 185
    5 5 48 26 59 69 127 95 30 134 168 61 129 199 111 2 75 52 14 159 166
    239 152 61 44 179 189 240 88 108 66 183 212 164 153 171 124 37 160
    192 184 191 171 116 111 123 236 34 120 4 109 42 249 81 98 76 76 156
    245 142 32 168 207 241 105 70 162 170 160 101 229 97 105 76 26 49
    225 14 89 251 71 58 56 19 88 62 241 145 43 178 211 168 231 109 70
    132 9 130 208 222 83 138 234 142 186 169 37 147 71 40 120 207 100
    243 110 210 194 243 64 175 20 34 155 175 181 97 27 71 51 148 175 107
    229 164 172 64 98 193 74 31 20 183 137 231 159 13 114 217 8 195 96
    220 179 10 8 153 0 242 52 246 140 34 13 58 48 190 19 104 9 23 109 57
    184 70 79 54 145 209 105 166 177 129 134 171 90 59 87 187 157 229
    214 126 147 147 126 94 35 51 48 216 9 141 231 238 99 54 113 31 232
    224 124 52 199 246 111 143 176 145 173 156 252 187 134 35 79 188 232
    120 25 58 206 187 115 86 236 15 47 34 21 105 232 103 13 72 8 69 179
    183 37 158 137 131 129 163 198 208 255 40 74 173 2 87 245 91 22 236
    195 121 26 44 138 72 12 186 237 196 66 185 135 79 128 209 38 222 163
    219 39 140 209 57 8 176 248 101 6 73 211 113 106 86 218 82 234 59
    105 14 164 220 53 1 236 141 195 26 176 73 198 57 215 2 130 172 238
    166 28 55 200 56 135 135 230 246 230 132 179 36 135 152 110 79 102
    41 30 84 177 222 80 64 252 49 104 96 92 172 200 186 244 30 159 206
    38 56 92 78 145 50 8 35 18 202 139 191 66 120 1 215 214 17 141 57
    103 29 145 81 73 228 49 138 154 236 74 230 232 88 85 232 205 203 32
    149 6 114 215 34 111 120 153 29 76 248 171 206 219 23 37 107 94 100
    251 86 93 188 170 200 97 101 191 164 234 142 36 33 49 72 10 234 46
    100 132 122 206 156 47 22 20 97 0 229 252 36 254 112 147 247 79 202
    212 178 156 150 17 136 162 161 188 251 51 177 176 2 99 182 23 103 14
    63 110 255 243 95 27 21 135 196 171 101 33 161 102 159 71 161 8 236
    202 165 192 161 145 101 60 51 67 184 44 111 178 77 45 21 121 184 109
    83 86 33 240 98 88 130 86 143 26 63 98 193 7 209 162 206 101 238 113
    253 115 67 224 64 135 59 234 57 232 217 77 133 199 123 144 232 153
    55 192 180 106 228 46 45 60 225 134 123 164 157 243 181 149 212 159
    116 225 250 143 182 46 134 27 246 229 182 81 136 235 77 238 181 53
    214 118 156 149 196 241 208 28 42 220 248 221 107 100 36 227 148 88
    214 39 229 48 80 123 235 250 6 219 252 229 183 32 96 110 136 242 118
    176 93 133 240 190 32 25 250 13 130 163 132 43 96 103 245 56 160 110
    99 187 210 8 70 54 86 71 138 133 35 84 200 195 42 216 120 60 49 59
    129 184 117 77 163 114 24 38 11 188 131 90 61 183 131 142 252 198
    202 8 232 28 22 101 34 119 169 101 225 64 21 37 60 227 223 252 197
    217 88 165 193 49 98 54 87 152 233 239 205 47 47 175 227 215 108 91
    144 78 123 92 236 213 74 122 115 249 104 86 117 254 116 58 125 70
    143 209 203 231 77 65 140 62 218 43 117 57 126 96 214 197 119 59 106
    168 107 1 71 83 22 12 248 90 237 98 136 20 52 86 31 212 95 175 68 18
    255 119 148 68 211 92 172 185 142 8 15 107 184 50 228 93 152 53 160
    13 142 48 112 72 42 99 81 199 79 188 27 160 74 26 161 155 21 40 238
    36 37 74 227 86 44 16 120 133 24 89 7 148 201 30 19 78 61 180 169 76
    30 124 13 94 51 213 63 201 239 102 178 198 112 29 191 96 222 124 23
    47 167 211 167 20 125 67 43 193 54 172 148 14 222 89 3 125 187 255
    167 105 141 129 180 168 119 127 78 69 215 162 61 90 3 182 127 250
    242 82 159 54 30 146 196 139 222 45 137 180 171 173 67 251 183 129
    244 16 65 157 103 95 239 87 76 135 21 220 81 87 35 45 173 21 128 56
    130 41 187 214 116 247 36 34 224 1 234 182 199 246 25 59 241 148 203
    141 188 205 43 157 150 17 10 95 192 11 133 215 200 254 38 31 81 140
    67 144 162 75 11 224 177 194 120 1 24 216 72 142 91 181 55 42 222 18
    174 132 103 2 171 93 120 105 158 170 86 98 86 124 134 206 4 108 220
    91 154 47 163 17 113 177 194 11 131 21 35 244 121 5 85 89 166 113
    245 219 69 30 4 161 74 26 37 2 134 128 247 50 170 80 109 39 198 71
    185 139 8 9 244 187 126 136 124 55 113 1 235 176 193 34 90 211 54
    118 4 78 186 38 33 250 16 21 179 154 17 15 162 237 253 243 90 183 75
    52 155 95 157 142 139 249 249 79 243 68 197 102 178 161 185 250 13
    180 62 51 213 248 104 26 1 134 112 102 37 218 18 144 149 51 138 213
    134 146 185 94 212 76 246 36 139 54 92 85 197 163 190 54 64 12 9 85
    63 119 237 10 116 215 90 245 183 6 3 39 37 201 172 142 202 193 120
    226 119 102 185 118 183 20 196 176 248 148 213 143 101 114 101 203
    119 12 137 183 31 37 178 73 5 166 235 161 130 62 26 111 139 23 53
    108 109 155 31 161 254 114 24 197 154 59 45 32 175 94 215 89 40 41
    76 192 11 246 218 46 112 66 226 112 190 160 135 239 34 229 174 218
    23 204 21 105 132 113 127 222 227 157 67 47 71 129 82 153 167 182
    133 171 97 155 162 184 255 149 163 243 238 182 49 108 31 252 131 244
    132 201 51 20 122 82 140 53 140 146 253 234 157 15 245 33 106 40 31
    236 182 97 220 8 71 217 39 211 24 162 165 241 235 127 210 110 117 42
    218 200 43 68 51 109 52 95 183 72 239 135 171 248 210 97 153 78 78
    198 163 214 247 245 127 97 25 238 10 235 119 18 52 151 237 134 98
    194 117 206 249 16 187 227 227 39 91 106 115 243 174 253 182 159 106
    73 38 235 183 173 217 89 170 222 190 156 66 144 135 194 229 223 82
    14 81 204 208 73 0 35 254 110 223 234 10 130 25 23 196 141 129 88
    217 195 132 104 239 252 38 45 44 205 129 3 208 250 6 159 47 217 218
    37 13 204 80 177 104 97 249 31 56 51 243 20 75 41 24 216 128 103 175
    174 140 116 237 241 123 222 49 63 190 49 219 147 172 96 214 21 13 63
    119 187 93 147 106 161 149 168 211 150 65 107 168 47 75 183 79 237
    183 30 171 10 36 244 184 84 103 223 215 212 211 181 84 224 33 135
    242 122 17 166 99 170 210 115 133 254 133 117 233 34 181 83 28 96
    225 18 224 200 8 253 159 122 117 201 220 112 130 119 60 45 61 198 3
    237 137 28 176 196 4 112 119 109 60 59 179 166 154 83 211 240 255
    185 34 134 32 59 146 98 224 137 134 117 38 20 73 236 160 234 246 180
    42 87 226 48 182 167 94 67 42 78 191 1 120 172 93 58 42 231 148 52
    90 120 37 111 113 198 36 214 57 69 196 79 93 101 31 21 219 207 169
    78 166 116 100 33 17 188 42 248 78 129 246 24 195 15 123 160 52 2 25
    189 171 37 63 149 32 166 124 228 5 254 182 147 51 47 46 194 65 106
    217 6 193 27 225 50 161 9 170 221 65 79 83 242 119 215 217 254 173
    36 27 108 178 120 243 77 253 156 210 191 225 34 202 246 233 230 196
    22 29 13 165 131 24 29 188 96 48 232 41 111 199 209 11 142 6 70 91
    242 81 173 221 88 57 134 162 60 16 10 117 206 27 10 51 136 122 86
    192 123 207 185 13 51 18 71 86 7 214 172 202 197 71 232 136 250 154
    216 114 108 167 173 24 23 148 121 97 95 4 156 164 205 210 175 61 82
    105 118 127 141 109 90 92 253 19 51 157 254 22 139 65 172 135 69 170
    148 201 17 205 50 160 47 132 242 153 249 55 129 119 5 137 65 55 116
    14 170 132 198 151 92 22 233 22 175 88 146 60 185 157 75 103 150 121
    54 138 57 150 58 23 228 231 111 70 215 188 174 14 213 94 17 43 241
    252 1 35 56 146 247 3 66 246 241 66 176 245 197 189 225 162 249 46
    239 34 35 37 188 65 64 88 51 129 53 189 160 222 46 158 199 64 199
    206 44 15 51 116 129 213 52 109 66 118 14 166 169 93 112 136 247 35
    58 46 210 143 69 240 60 153 215 74 190 17 113 11 226 143 156 226 68
    99 120 201 61 244 146 150 30 164 146 172 50 168 151 120 203 177 158
    215 216 57 218 168 37 234 35 74 131 171 203 227 119 130 106 14 13
    211 203 0 176 5 194 112 204 239 220 86 217 34 233 229 193 209 55 67
    158 155 189 171 29 230 166 165 253 104 47 99 247 163 89 196 101 105
    224 87 207 161 200 189 105 135 145 175 166 63 237 229 102 34 252 55
    20 17 188 200 35 65 179 57 218 248 117 69 14 247 113 251 134 140 203
    132 228 248 25 64 130 246 37 45 98 239 246 73 113 52 30 103 179 71
    254 92 31 209 180 104 57 132 189 220 209 76 25 17 75 19 47 169 48
    128 86 72 154 16 211 246 120 233 181 207 51 28 70 26 75 123 157 69
    171 62 196 183 206 95 125 105 37 5 216 112 236 21 212 116 5 85 68 7
    211 163 17 235 59 254 3 193 74 10 241 177 213 173 198 29 115 186 244
    202 78 153 214 248 105 124 172 196 178 248 253 169 3 88 158 61 79
    185 205 217 39 113 228 110 238 185 124 32 9 16 225 61 188 250 181 61
    52 217 87 217 150 42 17 134 250 150 208 125 29 103 16 110 102 119
    168 150 126 64 150 165 85 192 233 19 214 240 255 121 233 138 27 102
    152 174 112 1 202 144 87 60 81 74 133 139 82 255 100 251 249 90 40
    173 46 239 208 237 217 25 228 42 155 55 236 93 211 180 119 5 148 192
    155 196 135 19 72 179 57 137 62 53 62 158 99 238 88 236 249 10 122
    203 252 100 122 245 58 2 42 171 47 222 209 152 141 238 170 252 132
    254 209 217 17 36 33 47 45 89 166 211 22 169 194 80 17 171 165 40
    158 212 31 135 99 246 195 32 243 51 85 29 21 244 253 104 118 117 236
    212 45 60 131 96 29 139 242 186 16 174 255 202 103 61 134 217 26 47
    48 18 177 204 110 242 112 160 174 58 186 241 132 185 94 18 90 142 85
    203 167 173 90 81 37 152 248 135 118 61 139 10 200 134 25 54 179 27
    144 241 197 109 218 151 114 227 181 44 76 44 95 18 94 101 232 55 29
    15 58 34 39 200 118 208 177 158 212 62 177 85 98 253 71 84 119 184 3
    192 111 213 126 239 60 105 2 48 250 123 204 188 225 190 2 85 65 79
    96 10 5 241 215 113 176 55 239 38 140 158 150 170 89 183 103 179 33
    187 71 26 215 247 66 119 128 210 218 237 182 32 26 43 231 137 28 13
    210 179 22 110 228 32 210 209 72 181 202 215 143 112 53 250 146 128
    16 125 178 52 237 74 244 216 185 137 241 45 221 76 155 34 69 213 186
    151 195 7 80 163 230 70 64 184 97 174 229 238 146 54 243 187 148 63
    50 43 55 222 58 218 209 82 168 107 89 31 168 249 199 92 253 27 26 68
    216 161 19 23 83 2 141 212 201 235 53 230 8 44 222 100 16 13 234 80
    251 230 241 196 92 220 1 140 20 75 233 73 225 34 214 124 135 173 229
    132 14 87 91 248 150 56 141 131 193 50 38 238 1 0 47 8 190 91 5 94
    41 158 97 106 43 129 61 231 19 149 24 170 120 2 134 30 246 110 170
    132 202 216 180 211 166 138 66 191 232 57 93 240 191 204 152 42 126
    176 60 21 91 49 240 244 174 43 117 214 122 84 207 237 226 22 193 65
    177 6 158 181 10 12 21 146 6 101 14 47 152 211 195 161 141 164 131
    140 67 183 87 25 201 99 11 115 199 224 18 69 192 65 50 136 159 53
    159 50 247 253 39 74 92 53 166 85 39 196 173 40 65 247 75 42 16 52 7
    0 54 73 94 66 84 186 79 98 21 137 51 39 251 13 135 233 115 62 119 24
    158 145 144 186 123 93 145 47 160 118 3 241 252 27 131 32 219 147
    172 229 130 135 87 96 163 158 136 196 116 225 56 210 221 173 137 207
    94 105 219 6 71 59 180 229 127 6 22 17 155 215 95 175 97 238 213 49
    23 24 122 249 193 107 18 92 112 229 206 38 235 234 167 214 96 24 223
    239 177 229 235 116 59 240 52 178 27 173 222 38 192 156 24 16 9 183
    133 222 124 117 212 57 39 45 8 77 255 251 116 72 132 115 121 104 25
    212 41 160 48 122 30 62 154 131 145 99 235 153 182 248 255 130 10 62
    58 53 1 179 194 13 17 251 176 13 80 103 136 72 50 208 62 143 170 145
    155 213 52 192 38 149 17 55 199 75 26 50 229 149 180 195 53 75 246
    102 111 213 134 220 163 90 247 51 161 204 172 187 18 191 229 173 17
    75 73 207 148 33 181 10 188 223 125 227 151 144 22 202 160 79 143 88
    15 226 187 61 65 100 84 145 167 89 237 47 163 210 247 13 44 16 186
    78 42 47 229 175 141 211 222 23 166 93 200 108 127 160 10 175 19 108
    57 227 142 52 116 191 72 219 38 198 100 99 177 52 143 66 32 190 233
    202 73 3 19 92 15 10 191 62 18 105 84 175 188 171 52 6 188 152 193
    169 19 59 233 59 5 60 63 31 0 14 2 132 203 17 51 104 125 64 206 178
    252 59 205 26 64 224 158 250 124 247 170 132 36 150 238 70 143 66
    228 92 49 152 161 20 129 5 78 146 57 193 237 73 92 102 233 39 228 52
    8 106 242 57 150 91 187 13 167 197 215 15 171 52 71 137 98 35 152
    147 123 64 221 195 159 3 249 203 230 118 48 238 175 83 69 228 24 223
    28 193 97 173 170 185 186 17 218 159 15 240 48 212 68 3 115 109 89
    95 65 60 74 169 118 187 168 122 190 201 73 33 1 48 154 2 132 252 28
    163 156 236 202 155 244 9 254 135 245 231 228 247 87 148 207 37 88
    146 69 122 219 51 162 22 192 99 218 253 104 226 77 1 166 123 91 153
    125 204 129 157 130 236 159 88 14 65 112 11 79 211 237 195 40 98 138
    51 152 53 52 45 6 178 38 151 125 11 171 169 87 179 117 68 67 92 228
    63 206 124 121 173 87 149 169 70 80 31 2 8 223 240 102 155 170 175
    208 55 112 206 157 99 128 92 175 110 92 167 184 71 46 103 232 240 29
    118 217 130 123 158 235 71 94 210 165 148 2 162 180 9 48 140 88 154
    7 110 229 78 149 0 232 63 101 112 118 0 84 6 235 144 125 149 191 123
    234 189 149 90 251 37 225 86 174 10 24 79 156 84 35 232 244 129 48
    250 255 35 78 196 149 245 86 185 222 132 101 100 175 44 181 164 96
    160 199 103 88 175 41 88 20 247 186 91 3 153 68 102 249 248 138 110
    103 203 40 240 46 199 203 105 203 141 49 109 247 165 81 97 115 11 11
    234 3 29 136 1 121 241 58 161 236 118 242 189 6 239 226 175 152 147
    248 251 98 240 192 53 119 124 244 194 204 25 24 71 34 4 44 207 193
    66 160 86 134 46 120 138 219 86 170 121 197 203 105 174 211 72 101
    45 40 30 45 238 153 1 74 24 112 233 31 21 137 35 163 52 133 131 80
    176 33 165 199 110 185 221 192 206 47 10 59 221 20 155 77 75 196 195
    116 84 31 69 134 202 68 183 128 50 3 173 6 126 223 29 225 45 183 19
    111 181 60 251 124 89 248 139 190 119 115 155 97 102 78 201 88 220
    68 239 202 110 196 54 221 101 64 246 125 76 103 228 173 175 43 184
    164 99 180 199 152 60 136 167 30 89 209 37 55 139 123 16 162 224 222
    26 249 47 109 133 149 187 38 144 200 194 27 159 213 42 106 46 103 85
    107 91 154 130 147 13 136 69 209 63 99 146 178 85 106 137 213 147 13
    146 171 46 95 51 189 68 122 130 228 179 175 149 16 244 16 111 11 255
    34 6 2 36 104 157 35 154 111 62 198 106 56 8 173 80 196 118 66 190
    105 9 254 138 30 120 230 108 148 206 158 135 254 136 29 86 152 0 39
    19 60 189 170 141 237 30 48 84 103 87 138 163 101 181 48 127 238 167
    126 232 55 71 204 110 242 80 130 3 149 19 100 79 170 127 141 250 243
    85 184 233 235 113 52 236 58 198 147 21 234 118 193 218 227 162 13
    101 78 187 132 10 76 182 206 199 39 179 121 69 75 206 99 103 80 41
    129 82 136 214 247 58 10 135 30 1 6 214 14 254 255 135 232 37 60 52
    203 221 251 228 169 94 56 200 8 191 114 128 89 189 123 233 120 199
    132 70 230 225 68 83 46 220 8 144 205 188 143 29 54 230 191 87 210
    112 122 183 100 63 47 13 81 49 228 244 77 73 180 119 174 86 208 244
    124 247 142 122 204 16 53 8 82 100 158 16 182 17 31 15 180 161 247
    86 175 196 42 99 18 201 33 173 33 205 171 31 95 95 12 200 246 188
    116 56 112 8 42 236 0 182 54 69 226 77 136 139 98 148 45 135 205 73
    150 227 68 201 241 70 47 26 181 138 195 254 143 178 54 38 164 201
    109 21 162 191 174 239 249 203 148 30 26 229 100 15 17 185 151 77
    100 91 155 198 139 111 67 127 8 202 145 232 51 211 51 106 144 202
    198 115 17 26 134 38 156 214 197 175 64 41 120 117 23 138 216 223
    224 199 110 49 106 161 208 206 40 219 151 91 73 89 20 197 247 129 27
    155 101 27 59 181 160 46 43 28 115 212 213 245 47 148 32 23 96 251
    136 110 69 59 157 61 176 17 59 15 211 83 53 134 206 221 49 245 75 56
    144 132 239 56 161 99 166 47 174 72 220 232 177 29 189 233 158 170
    60 236 231 216 228 159 162 17 192 204 161 159 61 40 218 66 79 110
    228 147 158 192 217 11 119 137 74 178 107 69 217 241 170 113 142 226
    236 139 225 130 9 210 177 64 11 151 77 50 177 111 226 10 203 17 105
    159 139 47 7 29 32 107 117 223 78 181 9 156 43 83 97 224 19 235 219
    29 18 95 194 81 27 29 190 78 158 30 156 57 158 247 45 133 138 71 77
    50 27 171 202 165 214 113 130 78 34 151 141 119 21 220 121 218 83
    124 248 157 245 25 18 24 71 152 57 69 176 230 243 82 89 2 46 24 18
    84 12 217 167 205 222 118 248 76 206 4 188 47 32 156 137 156 164 111
    234 238 19 218 124 239 4 34 145 157 203 31 11 111 143 91 123 183 21
    38 25 91 220 138 205 177 235 107 53 19 18 61 18 76 212 218 98 144 92
    9 109 98 197 117 136 252 172 200 204 213 22 20 209 130 95 157 172 7
    60 210 213 78 63 137 220 168 62 98 164 252 250 68 107 81 34 45 97
    200 12 253 145 194 160 71 211 182 151 70 1 54 3 25 204 242 181 190
    192 173 117 72 68 133 249 209 248 113 72 164 109 18 141 134 13 187
    196 143 33 80 178 212 135 18 125 127 17 86 135 126 183 170 97 105
    200 223 144 168 255 202 155 212 157 160 205 45 97 142 243 187 181
    157 220 181 166 163 104 73 234 86 148 27 212 110 45 204 167 216 140
    76 15 157 96 84 191 85 111 33 8 179 85 208 182 56 249 54 60 52 123
    149 226 73 22 172 148 166 3 7 107 241 219 180 42 21 22 55 156 235
    195 69 88 144 147 206 227 189 228 43 239 77 141 151 144 238 9 113
    135 107 11 10 143 4 222 122 115 7 94 89 20 68 0 143 182 156 235 39
    115 43 68 24 188 77 122 143 153 201 162 63 227 12 27 208 216 190 156
    232 22 184 226 180 78 36 7 61 40 1 236 83 26 139 176 207 174 229 119
    31 89 182 185 119 169 123 48 181 69 189 103 110 133 232 237 137 203
    89 1 224 23 163 124 140 225 9 210 243 206 236 160 174 162 194 254
    208 229 98 109 46 12 248 137 22 40 203 73 20 136 164 37 41 33 136 61
    123 220 187 17 60 74 138 253 6 124 18 216 68 233 5 226 242 208 179
    54 84 112 143 99 29 157 194 149 196 245 10 63 177 2 238 159 22 200 7
    169 233 126 46 197 62 116 37 70 24 98 226 163 231 195 180 154 42 223
    150 143 194 97 141 37 115 141 79 174 132 66 134 238 50 223 123 36
    182 45 194 152 238 51 110 194 118 0 23 34 66 141 168 99 224 195 130
    231 160 60 159 49 192 62 138 80 158 63 9 61 36 116 242 251 236 135
    110 74 222 213 70 174 88 182 72 45 122 237 2 172 211 27 227 166 144
    28 92 64 9 35 234 75 151 4 82 24 212 48 193 93 82 94 47 219 81 195
    107 226 253 28 57 226 54 110 68 2 197 135 244 215 46 87 188 67 12
    142 206 80 123 106 163 223 129 213 48 153 237 232 21 58 96 253 206
    60 67 161 5 255 137 201 9 246 158 115 85 173 1 5 133 67 34 72 118
    239 8 140 91 10 241 112 232 236 155 220 27 114 82 101 71 147 235 233
    205 42 226 165 39 21 172 244 210 20 92 184 179 79 151 76 38 48 143
    57 144 31 214 146 198 226 210 6 208 55 13 255 89 154 231 85 120 103
    247 22 114 21 131 156 117 72 189 155 39 209 250 12 141 46 77 88 223
    137 77 101 246 65 218 60 114 232 206 181 155 171 9 253 125 26 48 179
    102 101 66 44 207 95 171 217 199 18 155 13 249 154 94 186 88 241 24
    70 243 64 176 187 141 7 199 37 106 10 102 155 13 144 187 236 211 251
    236 105 137 192 33 15 156 78 53 37 198 215 139 152 102 218 182 23
    114 56 161 198 51 77 45 134 49 26 202 234 194 20 50 192 133 193 103
    207 252 24 255 107 23 76 196 237 169 187 122 157 155 184 133 106 251
    10 120 14 195 105 0 64 101 106 239 165 67 118 106 86 205 140 74 47
    53 79 156 63 29 133 163 242 240 150 175 206 112 50 149 138 197 143
    82 206 227 165 176 188 72 85 253 49 253 5 146 95 47 222 193 245 139
    250 188 36 117 51 203 194 1 109 65 86 65 186 217 51 156 38 44 91 43
    153 83 117 56 245 125 155 136 69 78 211 5 213 50 249 144 102 128 117
    232 163 196 237 122 154 26 221 237 148 94 7 255 252 4 242 92 242 238
    179 138 205 99 30 152 109 212 187 95 69 142 210 210 190 231 14 225
    159 180 101 114 115 181 49 34 194 105 88 13 210 198 64 206 147 238 9
    134 21 253 212 249 61 209 86 66 160 244 149 178 251 245 41 107 199
    41 182 199 218 197 41 183 20 244 116 241 151 22 127 203 139 92 1 218
    81 126 123 113 238 3 141 58 211 247 164 199 103 98 252 53 240 235
    219 118 179 228 62 117 169 162 53 10 254 170 72 85 166 100 95 157 2
    164 51 241 240 142 138 73 72 37 166 11 214 188 240 232 222 248 99 6
    248 118 170 25 219 251 228 121 175 5 32 140 84 232 183 63 225 70 149
    176 196 183 102 71 95 79 140 71 163 6 203 227 119 239 253 56 43 117
    180 128 52 81 53 133 189 247 22 171 180 102 99 33 223 59 206 10 150
    35 119 17 203 220 206 221 122 222 91 184 96 48 189 129 53 169 127
    213 175 129 70 47 197 70 1 94 248 244 189 154 237 252 87 101 47 222
    160 104 184 47 12 228 126 196 171 2 96 172 216 207 104 235 86 87 200
    199 147 126 11 250 241 86 78 134 153 164 118 90 113 190 45 166 16
    121 247 219 169 96 145 55 226 85 244 186 190 88 66 19 20 239 245 4
    136 29 169 149 92 57 78 72 184 180 1 226 250 229 89 124 177 70 34 67
    240 22 210 54 68 137 61 201 201 193 97 133 211 189 94 47 162 189 96
    29 221 144 234 87 131 29 15 0 49 209 126 89 63 199 247 124 242 40 5
    27 204 41 198 9 92 54 79 7 162 23 60 117 79 30 113 153 31 250 67 44
    198 85 206 46 229 187 225 181 236 95 57 169 40 186 201 183 19 57 208
    100 212 129 26 156 209 187 44 14 218 125 48 34 245 16 245 76 166 217
    147 108 254 40 108 21 41 241 223 57 56 92 223 2 80 136 74 167 138 90
    25 106 129 135 48 141 9 3 238 255 47 146 153 10 93 212 70 71 37 168
    14 146 45 36 210 221 194 45 232 250 39 79 156 160 15 57 159 238 222
    56 185 19 115 103 65 92 204 212 252 213 248 103 213 121 215 225 20
    239 197 222 52 188 28 80 137 94 186 198 189 88 61 31 182 78 239 160
    66 159 222 161 251 107 150 39 127 7 95 15 231 237 64 96 158 125 74
    65 219 189 181 178 214 111 186 99 37 112 126 129 64 254 30 198 90 59
    219 200 24 52 201 43 24 110 175 89 220 86 203 218 29 160 164 5 247
    160 167 53 117 175 13 214 131 198 53 97 69 172 173 41 217 147 166
    101 58 66 128 38 208 142 119 249 189 204 107 197 170 173 207 210 227
    214 140 184 197 144 228 66 237 248 90 44 162 92 2 5 6 97 203 2 126
    163 204 119 11 212 239 31 133 113 63 73 253 27 20 76 206 135 230 1
    139 73 254 126 117 108 108 15 134 68 30 12 244 89 157 233 12 50 187
    136 182 223 40 143 143 82 125 72 192 145 214 175 93 76 74 253 168 89
    213 45 209 41 248 17 66 125 190 154 28 70 140 138 46 107 138 159 214
    43 135 57 250 16 155 57 193 136 238 204 110 118 143 23 195 252 50
    226 196 24 147 192 147 42 232 59 112 177 115 188 238 252 202 126 145
    168 14 249 178 178 101 212 54 175 101 251 107 214 251 96 51 130 223
    141 53 202 173 202 23 12 155 196 247 232 238 169 148 128 220 98 1
    199 139 203 28 64 136 82 6 36 99 150 205 39 80 52 124 28 206 255 93
    171 79 8 234 170 83 94 249 103 2 210 97 195 12 76 90 121 147 192 90
    189 149 228 222 191 247 89 100 1 44 120 142 2 28 69 55 102 143 45 65
    130 174 238 121 108 93 1 50 47 212 255 142 5 43 27 117 7 219 152 13
    241 147 244 196 121 108 66 52 110 187 79 99 242 37 88 153 17 230 249
    58 113 236 157 156 155 160 154 17 144 251 42 194 19 171 120 174 35
    191 213 184 74 25 17 124 42 112 229 17 89 232 251 47 134 49 243 193
    224 171 40 206 155 244 65 208 83 241 58 198 1 252 0 31 5 106 247 83
    144 180 245 2 180 54 73 99 144 129 46 10 12 66 163 36 94 203 190 123
    1 134 194 221 224 23 170 77 59 233 11 135 87 239 125 186 132 248 215
    173 40 238 222 12 184 9 59 187 190 175 211 213 204 228 140 60 10 216
    137 151 35 202 27 79 52 125 209 15 76 130 28 30 239 86 139 243 57
    229 19 112 244 72 158 159 217 59 32 51 219 29 151 3 63 190 235 70
    246 19 196 204 92 217 176 81 103 184 43 249 183 149 149 28 242 170
    102 8 93 64 100 165 192 4 215 49 130 129 222 228 224 248 24 252 130
    145 72 158 218 145 143 242 146 126 38 173 43 140 152 39 194 68 167
    88 58 75 67 40 86 92 246 161 95 6 138 201 114 192 74 118 144 55 213
    22 56 144 246 247 81 127 83 221 123 141 226 172 81 200 116 45 221
    109 37 55 196 83 59 106 68 254 201 202 128 1 248 226 123 115 106 233
    25 136 46 184 89 231 242 200 7 35 118 162 233 36 191 49 246 55 159
    71 167 206 163 164 160 161 221 175 115 164 48 250 165 37 86 32 133
    89 36 162 96 100 32 99 37 104 240 182 1 77 229 246 221 149 97 238 45
    150 146 245 45 212 9 188 82 128 165 226 234 205 156 149 221 251 31
    180 149 64 30 12 95 186 126 23 105 83 39 222 236 114 106 56 165 219
    26 30 205 122 77 172 11 140 40 159 30 114 136 171 100 191 46 55 102
    205 201 219 63 107 237 49 34 120 98 5 248 51 22 251 97 169 55 116
    188 206 7 171 23 122 55 36 67 147 228 215 142 95 124 28 251 136 28
    27 1 245 122 17 64 80 22 153 222 83 155 108 33 166 149 151 199 157
    135 14 47 160 71 50 174 104 102 171 13 55 15 208 109 211 74 205 211
    170 68 94 230 150 190 117 215 179 208 155 9 245 201 199 54 208 245
    131 123 33 38 134 14 174 171 225 67 94 140 28 202 200 66 91 204 2
    167 153 57 75 78 63 123 209 44 16 112 69 107 233 152 114 74 64 232
    248 250 162 69 123 127 171 163 251 172 203 129 211 124 85 46 40 236
    102 124 115 251 30 180 185 205 98 198 32 49 156 124 156 33 90 28 85
    206 190 212 7 68 168 83 107 226 231 170 219 241 18 11 21 24 229 20
    17 40 43 185 116 63 160 84 154 254 231 247 169 177 123 144 63 108
    134 219 232 49 185 198 239 62 129 62 36 127 232 49 93 146 184 66 83
    69 24 73 68 33 226 245 16 53 80 100 160 52 7 109 52 120 72 96 247
    199 214 39 46 96 223 120 200 122 223 124 184 118 164 185 112 53 181
    202 173 176 83 89 139 138 188 177 189 91 197 241 193 84 13 28 132 0
    62 254 101 237 78 4 16 89 73 235 177 49 108 253 68 180 41 84 119 230
    210 156 27 67 67 0 228 51 76 73 146 108 104 250 20 172 18 153 136
    158 5 223 212 198 110 58 134 106 168 69 184 195 105 25 199 51 166
    146 60 187 33 159 35 214 178 4 158 250 184 140 114 77 149 201 51 39
    76 164 191 205 41 175 189 90 134 75 193 128 181 254 185 133 157 20
    42 170 99 208 237 151 6 83 64 188 105 144 108 12 49 44 122 112 86
    236 247 7 192 177 80 22 140 87 222 217 39 66 162 191 86 1 202 30 132
    242 102 176 19 214 37 96 66 30 0 37 121 42 47 61 98 186 236 112 64 5
    198 254 0 63 5 64 98 96 160 255 235 152 188 231 233 130 56 62 79 77
    228 24 227 184 151 13 147 86 109 180 114 147 27 24 8 113 29 3 68 49
    53 42 155 131 226 58 51 16 209 153 2 95 21 121 186 25 58 229 104 158
    104 102 247 114 57 15 121 183 203 197 32 98 115 239 164 136 34 223
    127 211 191 122 40 20 234 230 37 123 208 183 233 14 203 211 209 42
    73 226 132 166 58 241 47 118 154 208 232 86 58 105 69 102 68 153 244
    63 62 217 187 17 214 64 160 26 231 168 49 89 146 196 236 34 14 85
    176 19 193 192 23 150 242 220 14 135 24 100 32 103 227 7 217 242 179
    1 101 167 254 170 37 88 48 52 110 201 229 234 198 41 141 94 75 248
    45 68 184 221 245 142 105 59 190 188 180 129 224 209 107 178 64 7 71
    206 96 169 88 252 14 160 158 155 19 10 62 84 10 241 230 193 2 62 99
    53 111 238 96 101 124 153 20 219 230 243 251 205 127 172 53 37 239
    238 205 120 12 248 87 212 89 189 117 112 146 156 163 139 158 123 236
    30 35 1 86 172 72 84 102 75 192 31 109 169 128 74 232 234 40 19 174
    251 199 105 216 128 138 10 100 125 248 84 227 90 7 48 93 25 178 80
    18 249 57 139 82 52 68 229 158 99 22 44 87 213 154 211 120 149 182
    23 84 162 169 94 48 147 17 182 127 21 55 253 79 15 70 52 110 53 165
    100 152 112 224 186 74 37 80 111 127 197 250 233 223 7 94 44 69 106
    125 243 160 233 255 44 67 201 213 35 85 212 78 174 196 36 220 6 48
    194 20 252 82 28 95 48 244 87 75 8 23 233 232 169 218 10 241 97 95
    110 6 139 111 207 73 123 160 174 59 119 16 186 202 45 156 203 110
    237 242 2 221 134 210 210 145 204 159 241 174 54 121 216 198 14 2 68
    73 44 112 184 251 202 107 117 170 84 84 20 60 140 188 95 251 104 19
    94 24 135 246 136 207 167 1 138 157 87 183 96 127 233 129 219 95 203
    105 4 138 137 221 181 79 47 31 158 52 11 80 25 182 232 150 172 116
    72 57 199 224 157 42 203 28 157 8 6 32 142 255 31 232 195 171 19 4
    221 151 70 210 114 118 211 254 74 42 7 29 67 56 244 246 148 60 239
    243 236 85 171 67 39 200 139 152 27 163 20 79 94 255 115 241 90 230
    26 127 220 245 107 40 139 54 177 112 208 122 107 42 44 208 40 95 142
    197 15 132 18 187 60 204 14 63 53 112 187 71 246 211 231 123 48 193
    31 61 51 95 234 45 155 86 203 126 184 189 26 59 46 242 165 17 9 202
    197 63 161 128 47 124 91 175 15 22 230 206 62 181 65 175 117 46 140
    180 31 28 47 180 144 151 108 228 43 220 4 102 154 252 107 145 248 99
    187 45 59 110 7 168 245 250 200 228 48 90 34 102 246 110 227 213 242
    8 96 80 170 56 45 186 9 228 116 178 102 75 129 183 179 208 92 54 217
    16 85 122 135 243 244 62 219 106 152 92 28 192 56 64 241 233 48 53
    85 55 247 70 145 150 141 137 143 4 66 235 129 179 235 228 183 26 129
    32 157 212 101 235 92 35 91 29 177 228 36 28 245 240 231 57 21 222
    211 180 186 211 122 54 129 56 205 154 116 146 113 125 169 183 187
    210 245 156 151 55 55 232 67 146 5 251 229 156 115 189 31 61 247 131
    243 72 163 142 154 2 92 147 13 40 209 180 174 54 193 244 5 209 218
    251 103 224 243 170 204 239 225 242 131 215 137 37 253 23 126 162 27
    155 221 63 48 227 218 34 97 238 38 169 58 128 96 109 55 9 169 249
    110 50 196 21 105 20 86 164 169 219 51 136 34 4 236 197 148 69 67
    121 112 153 226 255 63 128 87 88 221 63 167 217 149 153 72 83 13 137
    245 74 97 85 141 132 251 68 25 25 148 127 248 98 137 233 205 212 98
    87 11 130 17 123 182 182 107 145 2 244 254 19 217 168 212 233 86 115
    101 56 186 172 122 4 201 235 12 134 26 228 126 254 120 172 142 215
    88 21 151 64 6 116 215 68 21 53 101 158 223 245 103 254 81 27 159 71
    92 24 106 123 236 101 168 61 172 149 191 180 192 195 123 215 145 63
    15 35 31 207 209 49 28 136 235 55 166 187 9 20 240 138 6 192 78 161
    122 204 138 89 147 101 241 74 161 114 183 5 23 38 202 160 77 131 212
    33 220 140 242 4 46 212 228 232 219 69 28 99 132 195 218 8 34 157
    191 79 255 103 52 219 48 12 90 193 82 21 156 180 249 166 4 213 170
    189 43 29 244 102 117 57 82 250 187 119 15 115 11 161 170 11 190 4
    58 42 240 216 43 92 149 242 157 154 109 101 7 131 242 104 69 30 57
    75 233 200 175 183 149 233 216 153 198 132 152 106 235 251 55 55 148
    221 206 220 247 203 188 188 162 143 40 178 102 227 4 165 9 188 254
    200 176 107 231 250 123 207 231 14 38 252 221 100 76 205 252 180 227
    110 200 92 251 212 20 4 115 135 235 34 134 244 214 51 236 47 204 69
    14 54 219 77 57 157 152 241 168 210 73 169 229 220 248 170 174 158
    169 195 45 232 154 127 235 60 166 92 151 235 159 9 171 148 91 212
    252 61 124 253 142 44 196 33 61 199 165 171 227 198 71 17 21 167 7
    239 215 117 214 210 157 88 166 91 163 35 219 155 155 68 84 219 205
    128 26 201 15 64 251 57 176 197 74 124 50 138 232 35 243 241 91 63
    125 150 199 29 105 250 49 183 134 28 130 240 253 181 188 60 149 139
    60 36 16 237 232 192 195 18 218 150 57 142 212 122 110 53 157 201
    231 243 251 216 120 19 133 122 235 248 171 28 49 219 158 0 120 53
    213 249 92 138 35 159 131 99 205 20 120 97 16 61 175 85 9 9 234 2
    200 207 240 226 73 231 205 226 50 190 132 251 109 100 250 66 124 242
    87 181 170 147 172 37 89 156 136 236 146 9 60 232 74 190 88 250 200
    182 119 126 217 112 88 234 239 156 34 211 21 66 27 172 13 131 135
    171 209 42 17 154 212 62 255 79 151 55 215 64 135 164 163 6 45 46 30
    15 252 96 140 62 218 56 170 199 54 1 240 10 82 69 192 155 172 161 26
    250 113 168 236 17 89 1 185 22 213 43 8 13 242 238 184 226 247 15
    210 169 89 111 5 240 86 80 218 189 108 23 131 213 56 46 220 36 190
    82 77 5 165 34 133 172 174 97 88 157 221 203 87 148 226 1 60 155 81
    65 138 59 208 113 32 236 117 143 52 129 41 191 76 234 127 59 78 21
    174 204 133 165 238 88 220 56 130 0 241 215 203 106 231 196 81 157
    178 240 191 104 176 103 240 149 207 253 96 61 180 251 71 119 134 153
    247 11 239 21 176 67 160 27 200 182 4 76 131 148 224 160 193 217 40
    224 234 137 78 184 221 244 91 12 223 191 101 24 86 224 9 153 182 161
    246 104 18 41 93 42 170 122 188 159 190 69 183 41 111 87 201 85 36
    55 114 107 216 93 213 34 136 114 249 159 53 100 72 200 76 172 192
    109 88 215 19 149 58 69 35 40 112 68 252 254 165 23 206 2 121 64 16
    112 112 168 16 194 47 98 5 102 48 51 239 126 201 9 226 241 105 68 43
    120 201 36 139 229 67 214 167 0 77 233 126 111 34 165 195 113 180 38
    253 25 42 210 120 62 125 32 136 171 97 31 57 171 31 21 147 30 233
    139 148 243 150 160 229 57 48 127 48 209 90 81 9 242 151 194 211 14
    164 243 99 142 196 192 220 26 94 105 123 69 34 249 191 136 167 163
    150 23 5 207 224 191 238 202 241 79 103 66 143 219 11 117 37 103 244
    248 87 206 10 233 199 28 11 73 124 64 133 229 183 82 125 196 52 235
    124 165 5 91 44 198 208 122 163 195 226 69 61 86 185 240 191 240 94
    168 190 106 63 123 38 79 201 78 46 189 86 175 126 180 68 207 94 56
    133 207 158 110 32 88 217 220 41 14 183 200 230 164 224 171 103 107
    200 189 140 53 98 200 66 97 8 84 37 20 127 39 61 5 89 206 115 174
    208 4 78 158 3 2 68 179 57 4 175 77 68 122 85 167 223 218 175 217
    237 6 168 9 201 46 169 122 166 185 135 124 229 182 228 80 95 5 199
    238 120 139 172 243 62 199 192 184 68 63 34 201 151 68 178 62 110 13
    177 79 223 72 250 175 31 86 29 238 122 99 186 137 137 113 173 7 224
    20 244 141 100 93 45 26 29 236 38 246 229 221 89 247 124 225 95 204
    157 16 82 157 60 218 115 214 127 46 62 155 218 66 159 101 236 151 67
    201 125 165 3 102 142 30 18 250 58 230 100 62 18 229 190 63 181 26
    250 91 159 192 116 120 55 19 95 163 21 243 124 157 9 44 122 65 132
    61 188 244 54 4 31 158 181 0 116 114 245 56 174 114 21 176 28 166 61
    44 151 177 73 61 27 2 158 11 241 22 16 119 213 10 19 8 145 220 206
    35 248 34 228 44 31 137 48 248 152 119 21 105 188 236 42 7 36 196
    100 169 20 241 152 193 31 182 99 13 75 51 176 170 20 235 40 35 222
    223 242 17 20 241 201 233 93 225 113 255 81 73 50 117 86 194 245 128
    26 149 144 168 166 227 194 221 184 227 245 128 122 194 254 65 198
    233 60 162 92 215 129 124 209 43 82 208 234 37 83 163 103 40 130 87
    103 102 111 24 13 151 40 89 148 229 228 9 152 153 154 29 128 249 111
    7 75 88 17 27 17 197 125 45 240 198 141 123 213 175 165 72 187 45
    179 254 133 153 38 237 32 19 152 199 56 60 46 54 92 192 108 210 69
    76 209 241 54 30 180 203 14 178 128 70 243 75 221 172 238 17 47 178
    53 236 248 202 245 112 230 86 46 143 205 107 142 35 253 212 139 33
    31 239 145 7 239 24 85 188 211 165 31 246 50 37 235 199 154 99 139
    68 67 190 185 9 238 88 202 50 22 220 75 184 116 180 189 51 181 7 117
    221 150 226 68 88 205 16 251 255 157 133 89 39 58 137 8 26 246 65
    213 108 184 108 159 93 172 241 22 186 126 148 120 152 174 212 152
    229 79 41 228 140 142 17 249 77 57 132 22 200 177 204 166 147 244
    204 66 223 255 130 24 237 82 185 222 218 221 102 118 159 166 112 8
    65 247 199 96 241 3 156 245 151 8 199 187 33 175 109 161 61 233 56
    128 124 237 248 30 104 28 107 135 94 37 204 145 240 26 224 105 56
    187 157 123 101 73 3 141 244 85 61 39 255 208 108 80 129 233 224 213
    101 86 210 17 63 70 226 243 208 72 202 106 54 223 190 189 190 1 159
    223 9 111 164 111 175 57 109 215 15 222 230 205 176 160 124 81 120
    249 252 51 141 15 232 207 140 19 49 123 19 49 138 3 107 79 131 135
    25 59 155 73 167 188 122 46 116 142 57 196 121 213 244 135 206 121
    45 125 179 68 106 135 156 244 39 44 48 92 220 2 194 205 227 174 56
    62 252 130 60 19 74 227 94 191 29 225 119 221 180 80 115 58 75 187
    197 243 26 129 74 245 108 2 160 70 133 197 160 201 62 165 225 196 86
    26 127 113 35 161 59 32 18 16 81 79 243 85 17 246 177 164 31 131 254
    204 70 207 246 192 178 123 207 148 36 139 221 168 222 51 160 243 80
    79 179 239 12 142 156 165 42 63 113 128 217 96 200 171 58 54 60 189
    219 50 45 220 29 221 212 119 180 39 120 87 251 10 140 123 173 141 78
    44 168 177 60 9 73 250 97 120 119 23 138 240 203 168 125 79 180 110
    101 206 58 89 39 53 82 72 118 56 228 208 79 98 235 229 194 51 56 134
    177 0 233 133 208 39 21 124 241 222 67 213 49 32 128 97 25 195 81
    142 106 141 87 199 82 246 51 172 221 129 197 161 170 131 79 103 163
    70 187 124 116 103 237 249 77 53 200 224 87 186 189 220 68 136 219
    251 67 19 16 251 22 178 203 159 155 51 179 26 135 218 14 206 178 244
    51 116 6 206 71 17 7 121 163 101 55 70 171 209 241 138 240 94 179
    118 193 47 133 100 147 168 69 154 171 88 144 60 208 69 156 63 250
    254 4 212 118 199 1 100 223 194 215 203 17 86 165 196 103 109 152 10
    43 247 76 207 70 146 114 98 81 172 74 191 38 108 244 152 204 159 56
    166 16 202 136 235 171 23 156 244 54 227 187 74 22 138 178 187 31
    108 66 244 136 165 12 148 230 226 214 21 188 183 78 42 124 117 146
    132 147 70 178 3 227 79 253 92 138 134 60 44 24 11 135 72 72 77 94
    52 218 164 158 142 217 16 97 224 100 147 2 53 236 4 75 16 38 20 81
    175 4 49 28 9 116 106 12 220 122 149 8 1 20 136 140 42 26 159 9 224
    226 241 143 249 255 163 8 186 66 66 132 241 140 139 110 135 164 132
    240 235 49 58 97 66 225 164 39 224 197 19 13 226 229 220 0 114 197
    211 4 217 1 133 29 188 86 254 71 73 64 94 192 81 245 81 198 14 216
    139 2 24 91 198 169 164 241 89 4 38 14 244 239 100 117 147 16 129 25
    116 88 119 214 55 169 37 197 45 153 106 0 58 175 166 70 13 165 243
    135 156 113 14 3 139 117 185 77 58 24 223 89 216 72 186 58 148 192
    192 217 233 194 95 9 87 93 157 232 105 97 190 58 62 116 132 125 94
    126 89 4 112 174 54 106 128 230 95 189 136 198 97 156 121 36 180 62
    158 168 144 230 24 186 139 190 21 199 233 101 52 112 16 114 218 50
    168 47 99 117 126 10 246 156 233 73 130 94 138 53 56 148 158 19 130
    191 54 5 72 60 55 132 211 134 62 33 98 28 184 144 176 207 133 230
    170 93 49 233 243 27 135 207 152 160 4 134 141 83 239 148 18 117 81
    8 41 66 79 163 71 105 214 15 141 201 236 215 99 8 64 66 237 118 126
    35 198 187 127 103 204 52 192 152 89 82 126 78 5 168 206 250 108 78
    101 52 224 32 19 25 237 5 101 170 131 159 224 222 163 242 238 96 102
    77 104 167 88 243 26 26 218 7 39 54 253 46 134 109 11 229 47 8 88 79
    92 71 71 142 226 74 246 27 139 154 42 62 103 79 192 178 69 153 217
    232 24 59 23 124 13 11 119 129 123 176 116 224 228 214 158 248 108
    47 19 191 171 13 194 30 68 143 60 253 141 127 84 143 43 225 228 55
    126 197 150 78 1 2 121 64 222 251 244 18 86 225 31 197 250 20 239
    221 42 49 33 57 169 185 219 177 128 232 94 139 189 122 151 9 229 85
    11 200 214 8 81 55 192 157 59 190 103 156 57 132 28 204 141 111 241
    89 149 12 51 179 25 70 191 133 14 59 129 87 69 34 7 255 143 225 93
    84 52 43 100 155 73 162 58 34 121 21 179 65 157 232 68 116 108 142
    254 198 128 223 88 84 154 26 95 107 9 147 177 6 17 241 33 62 101 172
    57 95 222 14 7 135 182 225 255 21 125 120 2 47 6 97 201 158 192 36
    115 242 122 22 240 164 128 162 51 237 171 69 77 217 147 154 15 18 82
    140 72 2 199 199 202 46 114 155 93 51 254 47 51 19 107 128 224 156
    178 188 97 71 76 137 184 13 112 28 58 149 26 151 34 218 152 51 228
    213 56 81 205 96 20 220 159 58 113 51 37 3 163 22 1 220 146 188 245
    128 3 91 203 190 41 180 238 226 160 34 26 244 81 169 216 5 148 178
    149 19 100 140 255 255 81 6 224 82 24 133 95 221 64 6 121 231 149 87
    144 56 54 153 163 205 92 180 199 135 213 6 154 210 184 184 190 84 48
    187 99 146 139 158 70 44 242 206 59 68 141 11 219 83 26 208 227 173
    141 37 23 156 113 190 191 138 224 53 79 127 27 214 153 99 254 15 232
    181 186 138 87 57 62 51 61 28 169 57 16 75 49 3 249 172 183 96 207
    151 112 155 69 221 213 222 154 227 162 75 54 205 93 253 242 108 168
    69 91 114 245 15 127 17 193 26 82 134 9 27 4 158 112 85 21 164 181
    192 170 200 145 209 217 66 1 93 211 165 134 149 75 83 128 122 142
    184 173 33 54 197 228 240 173 55 38 218 76 88 50 130 181 224 91 188
    94 200 72 6 215 210 29 122 217 113 180 126 79 126 229 109 205 169 30
    35 93 113 225 6 67 203 150 147 148 243 167 8 230 95 76 42 162 137 16
    162 99 124 193 177 247 74 46 230 136 230 244 75 97 112 101 7 198 244
    242 109 109 59 12 84 181 15 231 165 42 69 37 93 231 220 106 99 60 33
    198 180 26 164 195 92 232 41 205 137 18 218 68 35 26 90 20 161 220 1
    61 168 52 192 113 91 239 95 182 223 231 2 183 192 99 131 14 165 70
    109 158 7 114 68 187 228 63 31 58 170 87 162 169 182 212 112 227 156
    246 243 209 234 148 215 56 79 162 48 184 100 207 58 177 94 126 184
    70 159 36 18 241 100 40 148 190 28 132 201 119 106 180 168 247 14
    235 154 116 167 89 142 207 120 8 103 113 222 7 26 101 27 13 169 113
    50 52 91 148 57 73 69 199 161 253 233 96 94 161 20 106 116 84 82 67
    249 104 74 7 217 209 15 94 77 1 62 174 148 113 22 14 182 225 47 55
    29 110 155 149 236 144 78 90 5 139 68 196 220 213 61 146 17 110 149
    31 163 252 101 33 253 123 108 241 164 192 213 29 158 209 81 6 241
    191 18 166 15 134 101 119 100 82 139 19 244 205 177 62 50 54 151 87
    123 57 247 232 103 252 23 87 173 223 205 116 223 112 146 37 64 2 132
    89 107 1 54 62 122 123 203 168 127 185 12 24 245 70 43 46 181 204
    190 111 82 89 238 11 179 180 100 123 203 34 111 175 128 249 104 132
    237 88 53 213 5 155 50 240 244 117 232 192 22 119 170 190 247 30 49
    184 186 19 146 208 156 228 184 96 216 105 70 116 211 186 161 111 23
    230 62 186 223 50 89 237 36 70 164 5 119 215 143 200 53 249 178 201
    202 60 229 133 99 208 195 74 249 166 112 87 183 5 192 146 116 198
    137 2 25 248 250 37 30 117 92 210 248 180 29 0 72 161 42 19 124 243
    221 172 253 129 238 179 65 188 122 0 198 24 19 118 127 142 132 232
    86 106 9 228 250 101 33 233 81 63 101 43 94 224 113 200 183 241 109
    79 19 41 46 37 177 32 99 30 115 166 32 45 80 135 105 223 221 6 230
    129 30 72 172 168 175 107 247 131 90 139 240 129 199 156 103 20 61
    72 167 184 167 214 68 218 27 190 219 115 98 153 103 69 229 115 212
    229 225 161 198 195 66 14 154 35 6 251 158 39 188 46 73 192 249 89
    158 150 102 80 184 53 99 72 115 139 229 247 243 243 99 115 250 64
    111 138 85 158 228 11 52 28 82 181 71 161 113 50 115 50 28 18 54 3
    212 159 237 206 95 103 96 178 19 54 200 128 158 4 98 216 166 31 97
    11 203 246 182 108 229 12 148 111 28 58 140 10 48 38 10 125 194 130
    52 191 113 236 156 93 251 37 202 184 177 191 33 64 242 133 51 230 69
    100 142 143 49 131 140 16 162 143 125 72 103 122 93 188 28 51 161
    175 140 5 157 157 153 1 11 137 248 94 138 209 246 53 14 214 186 43
    40 62 218 103 211 184 207 170 87 244 56 73 166 182 195 241 136 162
    34 43 243 102 30 190 40 58 161 22 84 68 254 3 14 242 248 194 219 45
    166 8 189 236 47 200 12 119 82 189 12 73 86 247 85 66 41 89 2 75 7
    11 253 191 62 252 155 34 167 128 18 138 169 73 34 31 52 88 78 216
    223 122 40 242 30 126 187 51 218 179 77 139 217 197 102 34 185 105 3
    134 126 192 231 235 6 188 116 199 2 150 130 233 30 27 5 59 248 251
    129 230 12 79 200 192 186 185 223 241 184 247 71 151 190 116 112 222
    163 54 255 138 49 48 234 81 109 124 161 158 68 42 175 43 78 170 191
    82 0 83 231 253 41 104 96 29 42 227 89 190 163 200 46 230 49 21 30
    22 217 23 164 13 248 119 123 41 115 239 121 49 37 181 227 147 143
    194 7 114 82 28 37 109 181 145 40 116 221 169 80 215 181 41 222 240
    198 20 37 191 255 61 200 164 41 73 232 226 176 127 63 10 179 66 53
    189 72 225 220 216 187 22 242 203 205 224 143 40 130 20 198 233 244
    127 254 222 149 33 42 225 173 177 138 138 197 141 190 210 90 93 121
    229 139 212 89 219 130 114 111 35 243 20 86 110 143 135 160 75 192
    78 225 87 150 144 215 58 152 174 119 227 209 255 168 155 193 20 139
    184 44 181 230 168 114 133 219 185 21 158 5 18 6 250 191 211 187 253
    35 236 173 162 226 138 198 151 83 151 213 112 93 237 119 58 114 23
    200 152 136 168 162 198 95 216 38 119 218 242 48 181 200 236 4 105
    56 224 174 182 105 48 41 151 6 36 82 40 192 14 51 151 54 98 12 111
    117 158 95 46 185 237 125 140 52 241 88 21 171 79 201 126 126 176
    116 37 177 8 196 144 25 27 230 54 165 122 0 145 144 27 74 21 167 33
    154 82 179 245 198 249 122 150 240 225 97 165 211 7 47 252 48 173 41
    255 151 84 246 40 166 64 238 236 230 126 225 68 232 95 61 213 35 248
    95 173 224 123 26 170 211 92 48 7 147 255 169 224 89 118 159 216 208
    90 194 82 211 25 246 15 17 97 199 222 107 186 252 56 119 248 83 86
    124 170 233 124 155 85 73 166 10 148 62 141 179 221 103 119 115 122
    207 84 5 113 140 138 176 87 170 179 134 216 58 127 156 200 59 129
    142 172 174 36 153 145 209 127 81 39 183 57 60 135 61 182 213 52 111
    137 249 41 234 104 114 177 237 184 84 215 178 165 56 243 65 179 231
    111 24 61 57 250 231 213 72 158 25 24 15 184 91 92 141 198 210 254
    29 1 71 69 239 138 114 127 177 202 50 66 0 227 131 15 120 118 33 185
    13 164 178 162 33 177 36 27 31 6 211 108 86 126 143 127 82 145 39 74
    65 251 158 225 190 164 71 96 60 202 13 237 209 88 224 217 46 89 107
    126 87 142 71 201 30 128 215 82 139 195 135 237 160 171 118 223 252
    233 183 193 195 226 97 62 127 102 91 188 220 99 244 49 64 41 245 223
    181 123 184 229 1 200 195 243 39 204 0 75 196 19 246 46 165 233 56 5
    82 243 184 187 146 164 144 49 143 138 66 133 201 27 112 193 2 70 208
    248 107 2 72 41 132 216 91 167 49 124 213 94 3 55 183 237 167 154 33
    241 222 248 187 39 13 213 11 119 59 73 149 102 170 157 28 94 2 236
    102 158 68 4 11 93 230 99 107 107 211 142 167 121 1 207 222 130 179
    234 248 165 253 163 113 103 183 122 16 17 0 68 114 233 137 216 78 27
    169 239 232 114 87 220 217 94 89 92 143 229 61 144 49 182 239 241 85
    190 192 0 105 110 169 170 54 211 226 20 202 134 82 120 103 74 80 141
    117 122 239 29 20 205 137 203 237 38 164 50 149 16 42 103 133 212
    212 233 133 7 69 249 233 205 21 3 208 189 138 227 41 189 0 196 167
    253 235 18 201 188 121 242 249 103 147 204 96 83 96 184 229 213 2
    191 192 225 249 188 78 28 138 75 89 34 202 154 28 66 85 44 255 141
    227 174 35 187 139 249 149 151 8 104 10 178 156 250 153 231 80 72
    248 16 102 70 240 217 180 235 42 162 172 139 118 35 92 180 58 215
    203 62 18 193 93 30 170 133 166 161 127 78 122 104 247 133 36 87 54
    27 85 44 151 231 163 251 90 221 28 168 142 138 229 87 32 234 131 127
    248 166 205 241 74 203 73 204 204 167 48 38 26 132 24 0 82 206 121
    83 63 139 209 147 154 120 124 108 170 220 189 204 19 206 201 210 113
    5 203 43 67 154 63 212 203 116 24 236 34 60 230 225 212 165 143 125
    151 111 248 126 121 0 199 64 23 236 219 77 100 240 93 183 220 99 190
    209 135 98 2 55 3 110 207 228 111 99 186 87 122 105 238 95 231 149
    50 108 253 230 209 210 104 168 181 193 12 87 64 207 66 252 248 193
    235 5 127 170 223 87 46 161 170 240 0 133 135 242 61 21 27 134 104
    193 119 243 47 55 28 173 220 160 26 181 248 142 65 189 35 33 128 221
    56 51 245 250 131 160 245 81 43 155 67 140 85 239 180 198 138 113
    142 129 165 72 31 135 157 183 141 150 123 166 53 122 205 162 189 55
    197 222 82 162 164 101 235 67 104 221 68 48 188 185 196 2 116 159
    149 51 242 89 189 128 179 209 193 5 136 185 142 173 98 7 96 103 212
    108 6 150 15 220 192 228 162 196 206 197 120 205 207 225 150 183 236
    190 104 102 33 89 8 208 164 18 57 165 73 191 135 198 224 230 117 171
    69 78 136 220 180 105 215 20 184 99 113 87 170 228 123 34 250 43 230
    140 29 245 245 167 227 167 42 160 212 51 84 156 98 253 209 103 61 19
    231 37 177 121 39 16 21 172 49 97 35 77 192 37 39 136 52 25 46 10
    233 186 95 81 205 149 59 244 29 4 158 89 103 146 188 163 145 209 59
    120 62 123 215 125 173 130 237 23 221 233 106 3 239 156 52 55 134
    249 223 170 145 52 193 183 157 105 66 242 177 129 67 237 75 214 69
    173 249 132 34 17 140 11 19 158 105 70 71 18 33 242 35 236 28 203
    226 191 219 13 73 52 94 115 46 150 77 147 67 123 77 183 47 92 6 236
    58 57 55 151 114 68 112 109 252 178 139 139 30 77 208 15 238 127 169
    189 98 190 255 15 217 127 166 8 10 160 220 119 144 142 91 27 84 170
    96 131 129 155 216 232 168 34 190 152 152 208 247 167 101 241 222
    142 253 37 204 174 223 172 120 194 96 10 243 127 39 150 182 70 227
    18 223 150 158 233 115 251 187 175 14 198 109 187 99 197 188 189 66
    191 210 154 168 216 109 69 155 237 141 216 213 211 230 60 53 194 89
    240 166 198 181 119 178 107 216 148 113 199 253 230 150 0 48 71 227
    18 3 173 202 166 81 197 224 114 44 172 194 17 161 238 105 104 220
    145 67 206 58 64 112 154 254 119 131 55 132 229 206 47 59 30 40 114
    15 68 35 192 232 150 22 219 1 90 167 232 140 8 11 193 218 51 204 106
    50 209 223 209 193 197 130 19 121 38 153 195 8 208 142 160 241 3 172
    47 53 117 63 110 170 132 19 55 116 178 207 115 41 96 20 88 101 126
    96 36 49 139 234 4 46 223 82 193 66 240 161 26 248 14 243 117 152
    246 35 163 226 20 141 169 174 114 103 224 87 108 160 50 197 167 46
    207 183 174 70 117 79 23 69 250 27 249 224 52 118 18 117 121 193 99
    7 19 57 5 36 148 11 30 232 74 170 0 12 77 217 45 51 201 225 105 216
    113 163 139 224 236 61 84 72 202 142 15 30 152 54 173 74 185 109 111
    179 161 30 186 154 108 213 188 52 142 183 135 209 44 19 95 154 255
    30 36 239 167 38 217 141 245 75 109 183 85 51 125 1 196 44 136 37
    198 51 79 6 34 206 60 146 106 125 147 234 94 1 40 78 55 94 178 207
    142 14 186 218 16 180 63 109 34 159 41 139 181 32 121 11 80 13 223
    53 15 164 172 46 55 161 30 178 159 94 86 239 213 245 209 189 213 231
    198 91 148 211 233 158 211 233 95 108 59 153 50 224 90 141 216 153
    37 219 173 147 49 191 212 91 33 104 131 240 99 170 146 39 33 203 54
    3 194 147 48 108 22 172 229 82 207 19 217 32 99 216 119 243 47 42
    148 35 37 53 195 133 138 186 200 197 169 225 166 115 58 153 43 14
    176 183 97 191 134 251 231 5 69 178 228 96 188 215 148 246 206 171
    119 198 16 159 236 206 75 121 38 252 78 52 134 4 146 233 45 119 39
    183 111 88 51 57 92 246 32 20 8 27 171 128 223 16 160 172 200 131
    109 80 85 76 219 83 13 220 254 131 221 212 145 199 151 91 102 43 53
    169 26 219 199 2 155 4 5 37 146 107 209 175 184 176 155 231 243 119
    50 169 155 212 192 237 34 8 248 249 185 35 193 133 218 28 73 223 102
    167 93 202 79 25 5 250 151 95 170 67 102 249 58 72 178 253 119 18 4
    195 164 68 153 250 190 85 0 145 150 90 240 231 26 198 241 41 167 16
    94 244 41 214 226 245 107 218 188 172 153 138 157 30 224 77 233 25
    162 221 10 132 53 188 32 240 136 17 38 51 152 114 151 177 20 205 60
    38 197 110 209 133 31 225 147 119 212 205 58 204 5 228 5 51 19 96
    175 0 212 112 40 23 199 116 12 176 252 109 19 77 37 104 6 98 152 72
    95 18 84 24 66 13 42 74 122 130 154 115 166 96 111 216 161 70 174
    143 15 130 159 45 124 73 140 140 190 164 167 31 130 157 78 52 45 171
    171 67 237 50 179 242 130 179 163 41 104 250 39 247 91 229 94 165
    151 19 120 177 107 9 202 24 94 3 246 190 27 88 21 149 188 125 186
    163 160 52 190 37 75 34 237 153 82 243 148 244 84 13 92 14 71 220
    152 189 229 202 141 144 78 131 54 249 107 114 71 61 54 93 9 200 62
    233 31 235 105 176 174 190 223 160 227 6 95 247 227 163 61 159 160
    126 135 59 203 246 13 125 249 36 171 230 159 58 135 252 98 176 195
    125 152 81 218 227 159 174 113 34 34 57 13 45 204 9 97 0 0 61 120
    191 132 123 167 253 233 194 118 172 27 198 83 79 211 238 196 14 119
    185 230 54 48 179 87 89 144 171 197 53 92 120 36 154 62 22 87 97 117
    151 252 158 139 246 226 224 210 114 150 124 230 63 9 152 113 9 125
    134 105 172 198 249 12 197 176 62 4 166 69 223 205 204 178 159 90 8
    37 57 180 226 175 102 88 125 64 105 17 190 57 137 174 136 1 85 57
    139 206 161 230 3 94 255 72 64 176 183 133 169 24 223 232 71 96 130
    170 168 0 158 111 226 131 29 5 136 64 2 110 81 249 120 209 202 123
    192 52 58 3 59 113 247 21 251 108 26 149 227 120 63 26 161 6 174 202
    44 130 111 234 96 223 16 181 254 235 0 117 133 159 99 192 78 135 197
    149 135 152 204 211 231 154 111 71 19 7 127 167 232 109 165 21 250
    138 123 64 83 186 21 196 57 6 220 144 239 226 44 61 142 78 205 172
    26 157 170 69 126 222 98 52 14 243 119 92 175 168 236 146 150 92 54
    167 90 68 81 53 71 138 231 38 158 201 177 18 41 234 133 79 231 220 0
    79 150 97 108 221 162 55 127 48 51 164 17 143 245 98 196 104 84 32
    248 70 2 240 117 116 234 23 188 109 186 131 29 10 45 118 71 212 139
    29 96 164 159 178 60 82 20 71 249 75 147 172 228 139 86 227 132 15
    240 77 237 200 80 111 133 91 194 236 201 212 168 50 240 242 239 63
    169 102 130 196 187 165 98 84 223 197 133 33 48 109 116 22 116 184
    23 102 165 105 148 3 120 49 66 195 240 255 183 169 32 72 146 2 34
    119 15 16 50 38 137 223 97 201 1 171 5 151 149 190 225 231 77 243
    162 44 230 98 67 27 14 184 195 113 124 162 180 23 83 18 186 82 70
    172 196 49 72 138 192 133 91 24 250 166 164 200 72 229 37 226 182
    252 110 108 11 246 38 132 130 59 135 216 37 16 112 214 36 143 178 89
    150 43 34 120 44 230 21 73 212 218 48 12 237 215 147 223 252 110 108
    175 230 94 250 17 14 34 49 91 13 190 247 146 222 160 205 65 156 134
    100 76 255 20 47 92 168 187 202 75 39 188 57 164 135 152 28 29 74
    194 147 34 244 29 89 26 125 59 164 94 6 133 187 10 229 12 5 216 28
    97 242 114 102 0 100 16 46 186 160 168 34 255 125 47 123 146 121 241
    88 27 184 212 173 169 149 102 218 141 80 10 105 59 33 10 86 132 29
    160 2 33 81 150 124 77 177 233 240 202 43 117 123 93 222 214 130 167
    186 253 124 111 108 17 55 244 232 34 148 43 249 229 50 65 220 146
    117 53 33 68 192 17 45 143 209 251 240 165 215 197 17 168 217 105 7
    9 136 226 154 31 44 220 224 169 131 124 103 133 119 107 42 108 89
    128 221 220 222 78 20 128 247 50 26 42 154 229 183 21 32 84 179 208
    85 48 121 73 176 40 185 195 242 62 135 10 40 225 249 97 230 227 226
    168 128 45 155 155 243 228 237 236 245 197 134 151 146 154 221 254
    67 148 76 180 126 124 246 3 39 107 158 219 81 8 17 2 235 126 200 3
    59 217 191 148 15 120 176 161 201 44 66 51 36 120 41 242 232 105 165
    33 87 253 86 3 185 29 104 134 89 205 83 15 228 148 236 68 100 247
    202 193 7 151 11 20 219 54 129 242 120 6 152 44 114 225 33 75 99 53
    206 31 172 203 235 80 125 28 37 55 134 234 178 234 76 150 34 24 254
    178 196 209 95 179 208 118 171 60 80 81 198 24 229 61 182 102 27 59
    111 168 153 186 114 175 197 234 160 255 146 240 176 127 162 10 195 5
    84 23 108 176 207 196 128 212 137 34 41 187 233 176 190 61 23 53 178
    30 25 253 6 178 35 203 17 71 38 82 128 58 38 189 12 53 71 225 185
    148 171 187 75 29 51 91 214 213 196 231 153 53 124 116 60 85 251 222
    230 179 128 114 172 169 109 44 248 44 67 245 59 230 32 11 73 157 172
    230 74 0 83 59 251 246 64 12 119 207 88 195 163 23 222 91 199 92 92
    240 222 122 139 17 69 164 173 213 214 144 77 213 228 137 233 23 212
    131 102 221 150 75 88 51 115 23 74 231 79 163 13 15 132 249 105 117
    139 187 182 231 166 208 186 248 199 189 136 255 26 239 230 73 96 34
    174 48 206 123 98 251 8 63 160 30 189 52 96 97 187 248 92 50 190 87
    68 168 190 112 50 217 86 192 127 111 5 106 39 58 25 113 228 222 225
    170 52 82 205 45 167 113 80 113 104 68 155 117 204 224 254 166 242
    52 35 123 142 234 87 134 36 172 126 255 61 20 167 182 41 91 31 202
    253 127 176 221 27 67 167 69 63 240 26 234 148 7 2 251 183 151 114
    183 25 32 212 230 14 175 118 120 38 177 158 30 226 106 223 109 87
    227 94 12 110 42 148 210 171 46 67 147 182 160 244 171 211 52 76 189
    168 56 20 236 185 224 155 115 108 93 115 54 2 12 82 203 9 124 36 197
    213 38 197 210 186 11 79 31 242 144 200 169 97 147 205 107 63 155
    137 151 136 69 116 199 50 35 217 48 23 188 207 187 84 176 225 108 70
    30 205 2 56 217 135 27 20 139 206 83 75 150 120 218 233 182 142 32
    229 41 129 5 220 130 44 113 24 174 210 251 113 57 53 213 86 100 76
    120 151 135 179 13 113 123 67 17 64 213 119 171 94 186 163 149 21 45
    224 188 140 139 119 19 98 135 62 172 247 208 202 60 211 231 139 42
    28 47 254 115 144 188 75 181 176 3 204 182 82 119 131 33 180 69 184
    164 241 252 242 89 3 97 89 210 192 157 248 230 218 20 242 200 224 39
    37 169 68 116 219 140 222 182 74 127 206 119 220 118 213 61 19 110
    159 203 87 192 110 86 11 6 147 151 116 46 154 63 53 162 132 125 159
    241 160 178 140 126 146 47 65 58 85 244 150 27 252 252 202 37 93 103
    136 118 73 1 214 13 105 197 195 200 93 15 63 231 184 237 249 13 14
    202 55 211 192 226 80 42 175 115 235 136 199 7 9 144 193 65 27 85 5
    158 169 143 135 149 126 66 173 239 77 172 125 91 201 178 232 19 24
    29 106 212 26 198 155 209 125 47 19 44 57 0 35 183 1 141 56 33 184
    37 147 135 142 163 212 219 191 107 248 36 72 127 140 228 161 160 71
    121 150 59 42 205 4 193 54 200 165 204 183 37 93 107 19 132 181 141
    189 83 244 11 211 74 219 48 30 44 5 148 134 220 5 227 130 24 6 199
    251 30 219 245 11 118 78 224 123 3 213 189 63 64 115 167 178 59 239
    171 86 71 157 254 148 95 159 73 25 96 131 94 70 11 215 164 185 46
    163 139 215 129 209 230 215 223 182 204 9 0 114 245 102 84 50 45 8
    244 183 189 242 146 90 134 134 129 228 151 219 227 70 127 7 145 18
    49 178 143 244 12 1 150 131 17 113 95 245 128 227 60 73 243 153 204
    82 52 27 89 237 141 225 22 29 157 109 250 251 133 93 4 222 126 20
    106 44 125 186 94 180 6 99 166 213 252 157 45 142 96 182 18 2 8 165
    193 188 101 46 93 161 127 51 122 80 68 89 107 183 192 23 125 211 90
    150 47 45 33 58 60 40 35 82 197 78 17 13 26 168 68 190 163 159 194
    150 184 228 244 16 15 246 125 121 252 217 53 155 54 19 59 30 149 59
    137 167 170 169 98 188 242 203 195 150 250 198 192 242 217 117 51
    194 151 97 99 160 220 36 26 187 164 129 242 56 239 35 103 126 163
    219 246 105 118 212 68 10 33 80 165 4 6 29 134 214 86 192 113 55 121
    207 3 157 127 210 236 23 162 231 42 242 200 10 82 21 116 74 109 225
    106 134 72 217 95 239 127 39 214 37 166 199 4 244 22 211 239 119 217
    205 10 157 99 252 187 164 178 126 152 190 114 175 128 168 116 220
    192 174 90 219 187 172 38 122 198 57 10 57 216 137 235 172 253 241
    249 58 72 73 74 67 145 113 38 93 248 34 91 45 52 148 113 57 226 106
    135 47 147 211 241 174 255 16 136 1 30 221 73 142 183 110 67 155 148
    225 118 53 179 208 220 137 118 199 58 191 118 121 40 31 73 171 7 204
    136 216 183 236 16 0 61 39 55 231 228 136 103 28 241 50 78 150 127
    133 155 57 180 76 181 216 234 135 231 11 231 23 86 245 70 130 255
    149 253 78 126 120 255 150 50 167 46 181 247 189 53 70 50 255 10 62
    95 192 129 46 164 68 1 154 176 80 13 115 67 147 96 149 146 12 199
    195 235 126 107 184 21 36 246 103 147 84 146 43 126 87 105 231 184
    176 53 137 101 104 31 189 112 31 130 150 103 203 50 39 187 25 241
    148 4 60 102 177 9 86 158 172 72 206 178 137 232 7 222 177 44 87 90
    7 213 141 140 249 216 63 227 96 248 249 182 146 242 206 204 159 102
    65 219 93 176 249 234 247 127 117 16 219 149 184 190 206 114 4 238
    109 48 54 142 167 73 122 236 202 42 67 249 210 206 50 211 158 19 92
    45 190 97 222 17 163 185 58 252 177 36 134 56 200 57 148 137 61 140
    42 225 15 186 81 96 6 10 47 138 219 187 151 59 77 208 119 234 99 169
    248 146 218 6 243 97 170 218 79 61 251 247 127 37 2 75 31 94 79 245
    21 81 221 192 111 234 12 89 247 99 24 57 248 210 174 132 163 98 208
    44 25 26 16 5 39 168 84 60 186 128 215 70 86 232 121 51 129 164 120
    233 7 40 254 107 166 243 135 5 151 170 27 249 135 33 147 182 182 255
    127 1 111 28 185 125 35 104 255 7 27 15 199 23 227 111 4 208 175 225
    92 95 203 75 176 128 80 14 161 223 184 37 78 135 52 6 199 226 38 143
    45 61 53 62 102 232 160 53 107 128 149 143 169 141 214 226 88 69 253
    244 58 193 85 176 141 254 234 183 5 53 80 247 198 49 55 68 132 115
    244 1 90 235 218 43 86 75 156 124 50 35 238 83 155 249 13 241 57 43
    155 184 186 244 142 252 190 132 3 67 100 175 35 170 75 134 208 188
    113 242 133 93 224 237 228 76 195 213 191 109 37 147 182 70 50 18
    145 214 201 108 148 170 48 165 102 93 200 9 30 36 60 74 191 137 47
    37 248 226 29 12 55 8 8 71 17 139 198 58 20 96 153 9 26 97 16 238
    140 206 229 192 170 5 41 195 234 89 175 76 58 17 117 92 49 246 222
    153 46 222 161 163 177 143 198 207 74 99 143 90 87 76 177 229 232
    244 172 242 130 234 75 65 200 18 249 121 240 201 135 180 13 49 189
    56 101 48 159 186 249 70 207 209 251 124 202 190 189 178 119 119 26
    121 82 194 216 82 77 237 58 199 166 139 91 224 242 16 161 25 17 124
    246 190 162 204 164 224 13 181 158 134 54 95 65 162 164 174 52 223
    128 191 75 143 128 72 246 220 152 49 29 66 68 4 255 41 119 29 117
    111 201 157 250 85 86 242 90 63 39 204 206 235 45 217 15 114 166 155
    88 132 231 222 28 252 208 165 131 38 180 78 238 172 246 192 99 205
    102 89 192 13 237 109 91 131 133 176 189 47 1 109 200 0 50 58 134
    131 45 247 207 206 12 168 83 108 28 225 193 88 99 124 144 96 254 240
    45 128 86 133 35 130 183 181 105 110 104 128 162 175 212 250 170 120
    157 177 42 154 226 42 1 203 10 155 190 116 194 81 184 225 216 197
    196 152 83 181 60 219 110 161 15 166 182 240 180 166 150 11 250 169
    18 6 210 33 57 132 207 29 225 10 16 77 123 217 28 249 26 175 58 219
    44 134 249 122 155 99 13 198 4 2 112 12 145 162 49 236 254 2 141 241
    255 232 54 169 3 33 61 33 208 138 251 155 2 79 237 39 205 41 147 77
    101 176 20 249 170 184 26 71 250 171 212 47 191 227 73 228 231 160
    88 192 39 185 232 7 160 204 207 97 243 70 75 145 179 68 7 6 118 206
    203 232 72 59 176 13 10 61 70 232 124 93 21 255 30 41 190 60 174 16
    18 15 238 50 225 120 187 66 173 246 211 3 208 172 245 171 188 121 83
    196 189 8 91 175 207 232 211 10 204 192 75 220 215 99 56 3 10 250 88
    158 60 15 193 211 185 51 192 103 107 5 97 33 186 121 211 52 78 240
    121 29 115 127 29 53 179 224 82 93 68 186 176 153 213 247 42 106 183
    79 249 173 226 203 141 130 182 245 180 180 6 172 122 80 182 22 7 106
    21 9 228 22 150 152 103 15 162 139 42 157 153 70 119 243 132 14 5
    211 23 114 99 145 216 127 75 75 175 220 135 102 101 20 187 171 213
    219 121 78 142 182 184 72 220 134 219 14 9 75 99 16 197 193 132 71
    41 0 126 185 167 45 109 0 115 91 228 244 192 234 255 201 7 71 129
    142 209 106 31 150 235 132 40 79 120 173 100 178 12 9 79 36 79 178
    135 130 89 18 232 31 27 233 163 56 73 68 34 62 236 181 162 106 215
    243 9 184 238 178 0 187 42 61 66 222 127 156 234 190 128 109 119 146
    52 84 165 147 42 92 217 90 5 144 164 136 30 159 115 155 13 18 240
    133 63 59 77 178 216 104 80 243 209 151 190 83 167 229 136 186 230
    236 118 215 80 1 191 57 63 140 152 194 20 45 178 91 120 117 4 177
    174 78 13 37 45 131 108 48 151 151 248 222 105 109 115 157 100 233
    224 70 56 152 85 167 14 9 185 157 207 30 113 36 106 143 56 225 236
    51 24 202 51 218 128 130 111 187 240 203 234 98 193 54 220 15 40 186
    49 153 239 255 39 214 45 135 232 237 99 117 26 227 21 10 127 204 233
    96 65 205 63 152 172 164 215 119 41 116 18 205 143 248 241 231 254
    169 160 28 255 180 113 6 66 106 243 231 100 108 23 78 123 37 94 137
    201 14 43 115 121 134 18 7 52 70 47 48 153 140 166 215 66 99 65 213
    50 36 77 204 180 229 28 247 30 230 94 181 188 230 28 10 111 141 221
    192 226 243 120 150 250 78 174 86 2 50 202 252 4 13 201 163 40 134 1
    47 4 8 156 207 174 249 194 121 71 154 80 243 189 131 91 226 206 144
    250 170 195 5 252 161 181 180 220 194 87 79 32 100 41 205 80 243 38
    246 173 86 64 213 72 248 77 17 30 172 146 124 148 36 116 18 207 152
    231 123 62 26 250 155 98 10 84 205 36 54 171 154 149 74 152 58 62
    177 113 119 210 240 15 137 24 85 66 172 46 252 80 23 51 141 12 129
    62 119 65 35 57 191 17 151 126 169 219 44 251 241 160 11 106 108 34
    146 170 5 162 110 172 126 16 157 225 208 61 187 83 10 223 47 63 191
    179 199 223 193 231 150 121 99 143 4 245 142 46 230 252 93 209 137
    215 56 192 121 74 80 11 226 92 29 196 28 156 167 218 43 238 251 164
    192 113 143 247 13 154 212 194 199 77 36 69 181 49 102 102 26 58 206
    91 239 173 56 54 228 187 81 184 84 216 138 32 185 192 125 70 142 162
    134 39 119 138 108 113 140 164 102 233 50 205 21 92 234 147 215 216
    234 48 129 70 96 239 210 66 53 22 206 91 186 64 123 88 3 214 164 149
    98 212 189 127 156 238 198 43 250 44 79 248 207 253 117 189 52 38
    126 246 62 209 56 232 214 99 108 136 227 50 178 1 10 142 203 236 50
    119 252 157 65 209 226 120 67 1 251 127 235 158 1 190 175 239 116 76
    178 167 147 113 129 153 144 136 197 11 229 109 210 137 104 32 125
    177 160 118 169 145 26 172 251 22 254 2 9 81 121 215 77 137 49 1 186
    4 238 102 238 101 14 108 69 22 93 211 201 65 3 253 26 208 254 217
    110 252 45 106 241 57 225 112 90 77 122 163 190 246 76 85 179 18 182
    127 247 161 28 187 250 217 97 1 27 67 22 111 214 50 206 159 210 208
    25 58 5 177 104 175 82 62 30 247 80 255 142 201 139 101 164 112 239
    39 90 98 190 34 3 126 88 134 176 30 158 132 179 64 162 227 240 195 2
    120 12 3 175 86 101 39 88 229 128 154 151 234 149 184 145 174 143
    200 58 212 204 134 84 146 213 166 111 1 82 1 50 48 219 71 9 253 200
    223 199 126 153 186 240 6 1 122 40 252 187 19 189 133 2 188 142 79
    119 102 118 4 176 254 174 194 0 209 247 120 28 229 74 187 89 205 184
    62 81 94 39 97 215 144 196 239 10 255 207 172 214 158 184 139 121 63
    225 232 22 184 156 146 224 145 141 212 95 114 61 129 25 251 31 203
    229 0 213 205 166 222 254 62 103 52 130 104 207 97 201 89 83 226 249
    97 74 66 199 231 138 138 163 123 80 51 175 187 106 252 68 174 147 12
    101 0 171 81 250 64 226 78 211 24 175 16 99 72 220 45 118 222 35 195
    175 19 241 185 170 130 83 155 249 109 240 232 243 242 209 242 80 14
    215 192 23 2 23 164 75 15 94 213 25 133 42 192 124 209 48 187 151
    232 199 152 69 31 112 129 82 101 155 136 42 86 243 74 227 248 161
    112 56 204 30 122 187 110 46 157 247 182 19 247 39 145 187 45 54 7
    167 194 148 49 243 116 45 45 218 237 225 183 121 209 67 114 226 95
    191 39 167 34 250 134 226 43 208 118 44 218 155 100 109 159 128 247
    227 69 16 158 183 102 136 130 2 175 92 1 167 17 95 101 102 101 245
    218 178 154 51 154 72 210 248 80 8 59 74 120 149 126 55 253 207 66
    111 77 85 30 172 251 97 3 118 126 229 178 214 84 48 47 142 176 214
    102 226 80 94 59 124 0 78 6 97 10 82 225 228 10 52 19 82 221 217 72
    254 134 230 18 32 152 92 114 17 82 166 200 16 204 80 65 175 246 148
    70 173 193 158 217 178 64 30 107 214 10 9 17 236 2 21 140 136 91 140
    1 130 53 48 37 228 183 17 53 254 67 250 49 245 47 10 187 92 112 179
    148 235 37 122 175 183 2 119 164 212 167 229 15 212 141 135 187 136
    240 186 21 158 189 163 203 153 252 173 21 191 20 155 72 95 151 27 7
    16 221 102 129 206 79 86 195 147 120 105 179 221 137 88 157 206 114
    35 22 68 225 14 252 41 235 229 254 0 222 111 106 2 133 102 4 218 177
    37 228 76 168 42 118 205 248 176 4 67 148 42 228 2 78 9 202 116 144
    71 125 142 138 31 66 145 172 62 234 59 190 252 146 134 246 27 87 150
    176 240 64 67 144 19 183 10 203 3 95 201 20 169 134 61 190 62 215 57
    41 157 23 60 187 213 224 23 157 107 186 176 132 66 24 48 184 144 61
    95 52 56 74 147 57 135 201 5 236 177 5 55 13 225 183 200 142 245 196
    34 120 86 61 71 126 50 21 42 88 194 113 153 217 147 16 57 27 228 5
    211 112 138 108 7 113 173 248 161 28 118 203 172 249 115 148 60 17
    182 124 48 252 127 53 160 171 69 158 192 207 88 144 35 12 138 181 83
    201 172 234 52 165 18 160 96 14 251 97 79 98 55 15 180 220 162 27
    201 166 195 206 109 220 103 155 248 126 160 219 232 245 25 187 135
    47 46 114 69 138 215 129 71 25 152 186 255 101 25 154 17 37 34 174
    87 200 72 46 20 170 150 50 174 88 118 165 53 60 203 206 29 119 183
    117 122 244 229 188 217 155 179 26 252 139 221 201 90 135 178 60 190
    178 55 172 246 111 234 139 25 27 255 164 67 123 70 132 123 182 232
    73 188 185 50 114 252 178 190 48 112 220 107 65 142 187 74 51 243
    237 213 222 107 93 234 151 140 114 179 14 107 69 19 92 255 145 47
    216 146 200 91 38 123 232 183 155 137 15 142 183 17 78 70 61 176 177
    29 245 130 72 155 132 89 144 202 240 60 82 58 252 47 69 88 174 111
    212 91 117 136 231 30 145 28 168 4 203 35 68 207 198 233 249 237 92
    8 226 17 162 238 120 49 249 93 55 110 205 93 193 63 79 222 39 93 53
    88 203 137 72 161 110 108 157 64 8 251 140 66 24 103 54 228 144 92
    111 211 44 131 226 119 152 95 111 252 34 162 250 40 1 225 165 81 164
    31 122 213 201 145 138 137 37 151 68 93 253 129 156 186 68 117 22 64
    75 179 235 160 218 161 37 117 119 206 193 193 6 140 76 13 231 131
    129 32 168 238 207 165 202 206 71 126 104 175 70 232 234 230 164 205
    82 128 145 50 11 100 231 9 29 163 120 86 211 50 136 77 102 220 192
    240 187 49 13 85 107 180 58 187 130 68 223 100 189 45 196 201 184 36
    174 122 213 152 240 47 54 107 226 85 236 4 21 203 6 17 22 57 190 161
    218 136 110 78 52 250 187 73 39 98 244 209 177 70 154 236 93 241 132
    144 158 110 219 113 159 254 95 35 108 51 193 160 49 135 80 104 119
    50 95 144 202 212 172 140 15 102 192 238 174 12 23 233 97 73 37 155
    236 107 188 99 129 4 159 136 139 74 106 73 200 138 171 125 150 233
    199 109 35 110 235 222 82 175 219 45 20 212 186 44 110 49 180 188 7
    137 153 243 129 88 179 27 208 101 51 28 184 3 110 163 96 19 93 51
    167 236 59 99 18 182 195 67 25 178 182 243 188 255 223 121 31 6 63
    94 59 103 164 13 53 61 65 7 208 135 125 248 71 189 165 51 94 252 27
    106 206 142 231 84 119 160 220 248 210 161 74 34 58 226 127 103 170
    14 2 125 79 212 243 93 41 202 74 55 161 57 76 232 237 167 128 233
    182 146 141 172 201 144 124 202 147 66 166 21 255 65 197 178 191 157
    249 158 25 98 29 69 186 173 101 6 69 75 243 197 125 181 203 53 65 34
    220 98 77 35 2 152 156 227 140 107 160 237 81 102 7 70 195 144 56 37
    167 146 22 32 21 83 201 254 219 45 71 184 39 154 122 33 194 175 178
    34 10 243 39 198 13 14 168 209 113 87 90 251 126 212 117 137 27 200
    134 62 22 113 151 124 18 250 177 207 185 73 232 99 162 67 132 225
    144 14 18 235 240 57 118 26 223 197 9 103 44 13 113 161 172 130 65
    72 194 28 249 140 62 128 169 33 32 56 45 5 57 27 253 160 186 49 118
    27 53 238 187 208 244 25 34 230 75 29 212 186 127 42 60 16 210 132
    53 25 118 180 224 221 51 197 12 98 243 11 120 139 155 22 49 151 33
    167 12 35 195 71 220 238 50 38 85 55 23 94 7 213 67 194 253 208 254
    97 26 209 106 161 24 87 118 161 61 33 189 93 88 130 211 175 114 141
    57 88 204 11 129 157 74 243 91 235 2 34 159 232 114 116 23 211 142
    100 148 74 203 212 83 104 183 9 216 204 72 49 102 157 163 198 104 82
    39 196 167 31 159 166 235 122 196 91 119 22 158 26 149 245 34 85 201
    243 208 185 76 51 118 25 114 211 88 168 22 40 252 126 175 206 3 74
    218 119 72 61 80 0 154 97 198 83 64 45 178 50 72 113 114 86 28 110
    40 116 113 102 225 184 248 160 222 129 236 83 66 187 48 95 15 188
    241 230 207 236 42 173 26 170 37 12 252 40 147 190 153 140 100 156
    159 104 193 136 170 180 204 129 127 6 80 230 146 208 194 16 203 105
    222 55 95 214 231 70 113 29 131 108 146 255 18 237 120 84 187 89 170
    207 104 226 73 140 64 130 105 78 74 38 72 115 95 189 223 207 40 147
    36 183 127 111 194 12 96 63 144 218 140 30 36 247 234 48 159 151 60
    150 96 37 145 212 170 123 111 51 206 208 36 12 47 142 194 218 223
    102 237 89 246 229 17 127 123 93 95 33 37 5 94 211 98 40 33 218 184
    228 254 4 220 56 54 33 212 118 23 103 142 96 63 216 81 241 186 171
    245 176 65 173 202 71 210 182 131 117 178 120 36 58 240 62 220 245
    196 255 98 252 241 6 109 228 49 222 254 55 216 206 114 195 18 97 238
    101 243 93 207 59 161 207 19 113 121 17 176 94 125 170 16 188 197 2
    42 51 183 0 144 123 247 41 141 42 149 65 89 84 173 120 199 116 227
    247 211 79 10 159 63 113 148 48 220 39 82 206 160 119 223 242 230 56
    112 32 212 201 129 102 146 157 191 92 210 186 192 83 227 25 101 145
    174 61 10 95 1 164 16 247 20 63 123 198 86 126 182 63 150 187 158 55
    207 230 112 70 100 156 139 244 137 152 217 43 210 188 87 11 125 61
    166 113 200 139 8 255 65 253 208 216 184 116 104 140 215 219 191 172
    127 176 147 219 250 164 203 207 10 145 52 125 184 67 27 99 18 186
    242 205 91 46 249 131 56 35 196 220 121 26 10 228 133 127 125 98 141
    170 20 120 8 39 248 158 19 95 51 252 31 210 154 31 135 104 127 205
    40 25 69 236 173 194 139 171 138 242 110 37 191 181 112 100 53 182
    253 104 187 171 208 199 223 205 100 81 187 231 49 157 10 45 131 238
    249 228 111 105 234 94 124 220 73 180 100 39 181 89 109 103 191 207
    180 229 73 133 179 113 120 121 69 65 250 54 122 253 201 74 218 32 64
    207 182 200 97 115 229 169 51 208 22 126 246 51 181 8 179 123 251
    253 74 192 39 14 223 163 106 229 64 167 36 157 63 101 84 87 77 188
    86 151 165 131 215 183 193 114 176 86 59 107 10 135 111 103 117 45 6
    127 218 172 234 69 55 126 214 176 102 218 133 118 116 141 69 159 230
    102 230 192 192 199 215 95 131 4 252 19 207 154 196 158 53 48 222
    239 216 38 83 26 158 175 7 231 115 8 160 96 228 115 218 5 220 167 40
    120 227 181 81 223 248 6 234 113 101 161 108 195 92 72 250 162 72 7
    232 211 142 241 163 42 175 152 64 224 175 4 252 1 103 246 46 18 90
    23 101 76 207 182 194 20 36 10 83 235 115 22 40 193 202 15 191 222
    59 101 150 228 203 3 139 0 114 242 132 60 141 92 136 225 129 235 128
    36 130 7 143 15 19 127 225 215 59 185 182 95 107 244 161 245 158 163
    254 100 214 52 76 173 154 130 2 240 255 99 141 84 244 96 176 135 233
    13 108 16 237 28 133 21 174 134 162 23 231 212 30 144 162 242 77 209
    235 173 127 131 99 2 11 195 165 160 59 222 236 10 50 219 126 123 194
    17 159 77 235 47 148 82 143 17 108 70 108 253 71 181 17 203 174 45 4
    34 85 130 145 132 195 110 253 254 248 133 70 162 1 202 220 203 245
    198 89 164 119 226 109 55 17 136 135 75 138 16 217 134 199 2 20 65
    98 188 151 65 159 193 0 201 108 73 164 18 189 34 78 183 39 55 19 23
    82 81 110 97 74 55 80 1 131 197 52 188 237 104 244 70 101 121 244
    106 49 36 40 181 14 174 86 97 146 244 207 103 79 22 6 120 90 149 249
    116 15 65 11 124 242 22 185 46 61 25 242 244 60 115 137 172 34 227
    57 78 138 229 198 237 239 199 90 173 163 202 65 131 118 209 38 0 227
    12 215 95 101 238 100 252 109 110 237 195 175 188 141 50 11 146 144
    126 168 200 218 163 149 50 56 158 112 29 81 83 107 20 139 247 228 98
    116 115 174 15 242 170 232 60 76 37 245 235 100 83 196 13 167 214 86
    192 243 144 217 192 55 98 222 121 184 159 54 241 53 1 92 144 143 47
    3 198 63 8 178 191 236 204 169 37 47 52 217 234 182 8 193 175 248 73
    111 220 160 80 106 196 147 106 119 118 0 163 133 47 119 98 34 25 212
    23 202 248 218 114 167 52 149 43 220 52 170 147 46 122 126 227 4 3
    180 252 167 132 201 246 130 184 81 244 167 206 217 108 230 80 113 11
    229 14 222 102 161 191 226 113 41 86 86 167 26 21 56 71 120 243 4
    124 124 225 240 49 231 67 99 48 16 180 105 245 141 93 159 117 230 88
    21 197 86 237 223 22 251 174 94 208 55 244 113 201 1 205 124 27 154
    170 190 132 246 236 249 49 40 247 169 187 245 156 134 210 110 255 58
    246 236 12 78 167 114 228 229 116 232 11 158 194 43 214 58 216 102
    74 109 76 152 227 210 48 122 120 197 2 9 70 172 126 187 51 183 136
    141 151 4 142 153 198 15 187 221 137 201 9 71 115 248 12 183 159 63
    198 251 231 220 251 225 217 90 67 83 227 105 78 187 170 201 157 235
    250 245 158 63 29 124 86 146 40 207 52 10 178 147 236 26 149 74 15
    93 137 98 55 89 94 175 57 57 70 242 183 25 245 149 152 202 125 43 47
    68 21 5 226 119 240 229 20 241 76 111 13 10 34 173 12 132 88 106 144
    164 93 41 121 50 220 58 50 185 2 64 207 117 27 202 237 35 165 71 85
    179 167 220 123 152 75 56 43 158 41 243 199 250 246 98 80 71 102 203
    34 125 58 236 69 123 72 89 180 166 142 151 212 113 234 210 131 38 81
    221 174 129 212 53 179 196 226 152 190 25 45 175 237 4 187 66 17 233
    103 102 71 96 21 67 191 60 216 191 241 141 254 89 178 185 45 21 236
    248 171 252 142 135 152 86 195 94 88 63 250 80 15 52 210 34 221 79
    143 76 68 215 162 74 233 126 149 7 151 75 162 87 145 12 22 25 188
    124 98 102 166 37 173 0 43 109 117 115 6 204 10 114 142 162 194 22
    249 245 255 39 232 22 120 98 208 122 110 211 246 243 123 20 146 10
    193 226 120 6 108 160 40 208 35 190 122 248 77 220 202 168 138 208 5
    203 8 212 131 211 79 71 253 240 195 106 5 62 67 157 45 156 95 168 58
    149 180 44 59 146 79 33 155 137 135 98 47 166 244 104 157 93 239 130
    239 92 247 53 150 92 99 170 164 158 238 97 120 16 66 170 251 117 114
    223 226 212 247 211 188 236 77 75 146 133 104 67 90 208 176 165 182
    227 254 144 144 151 122 54 11 111 113 226 128 215 232 230 23 224 132
    244 76 99 109 61 91 137 125 176 111 188 251 161 146 153 42 64 222
    111 15 211 192 96 184 12 83 62 137 104 68 76 57 243 63 29 214 178
    138 60 9 240 154 111 39 54 205 75 93 237 199 217 235 205 254 157 148
    134 154 221 24 116 182 129 18 98 210 72 65 169 91 68 126 150 165 3
    228 83 246 136 219 195 181 36 110 226 140 153 247 142 188 231 19 155
    86 4 76 115 191 27 49 222 249 34 117 247 166 63 215 161 237 109 214
    249 128 138 38 241 234 127 214 90 24 137 71 148 201 236 205 201 161
    254 221 17 109 170 116 241 121 74 157 38 243 129 221 203 73 252 38
    40 31 38 190 56 190 47 188 80 25 153 152 244 197 241 155 196 48 5 66
    65 136 132 13 154 213 226 135 219 162 120 213 223 113 91 189 192 104
    126 159 147 208 81 156 8 242 177 21 251 130 26 145 117 240 126 100
    30 64 115 21 60 246 33 161 30 200 29 59 104 55 48 191 32 223 58 185
    193 35 220 162 215 237 138 246 55 5 62 201 32 27 13 88 108 88 6 242
    201 183 103 160 180 251 72 61 168 162 8 139 18 51 3 200 48 191 32
    149 132 167 251 203 31 61 181 243 86 172 38 116 117 232 165 35 250
    140 205 138 148 188 163 237 162 24 88 233 62 18 71 21 62 207 93 192
    209 48 179 239 111 61 218 222 117 68 10 169 2 133 197 155 82 197 144
    199 237 85 50 94 63 171 10 164 136 35 125 16 76 239 43 39 145 12 243
    24 115 211 5 173 33 93 126 140 128 226 218 229 171 140 225 229 228
    148 47 89 159 104 119 69 170 192 188 1 65 37 20 109 78 224 223 49 75
    115 117 179 157 188 254 165 39 76 141 47 39 239 136 166 119 20 139
    70 116 181 31 125 224 37 93 114 190 205 190 72 72 17 173 193 57 95
    180 197 124 96 181 220 247 104 161 97 36 250 180 46 150 59 86 157
    202 56 158 165 180 212 108 234 14 52 104 151 20 236 248 120 110 100
    195 8 15 143 217 163 90 216 2 78 8 150 208 50 201 6 201 157 47 165
    55 124 236 112 160 38 254 86 120 112 190 157 78 140 210 16 229 48
    165 196 48 154 7 129 248 77 109 43 217 67 147 228 181 53 129 245 119
    90 3 252 116 131 120 157 126 164 120 111 217 227 8 38 165 74 245 162
    19 193 239 148 118 221 186 18 70 108 104 95 130 246 86 163 147 175
    60 249 35 101 214 111 208 252 201 4 34 179 75 112 205 1 62 179 157
    124 118 113 123 8 69 177 148 198 69 75 145 194 215 214 84 251 237
    122 86 205 7 113 104 180 20 190 161 207 198 1 177 126 1 189 171 111
    85 157 230 188 226 9 15 12 20 247 52 95 185 240 59 109 115 212 72 68
    180 226 58 239 46 237 123 138 117 85 222 43 106 237 208 151 157 131
    153 1 71 216 191 124 172 4 40 19 182 111 171 120 229 65 67 227 9 23
    123 103 169 206 79 228 62 75 249 191 151 194 125 89 105 8 124 6 47
    236 183 88 4 42 96 69 139 84 5 115 163 100 98 71 20 156 105 242 26
    211 160 93 253 161 99 232 48 38 151 235 57 29 214 110 144 241 37 111
    130 253 208 97 110 116 249 98 40 196 177 235 8 76 159 89 69 162 38
    117 58 136 38 162 75 47 16 100 29 84 158 19 165 244 225 42 124 154
    16 46 10 128 125 134 244 91 140 40 124 212 129 96 39 68 20 140 167
    105 84 58 186 6 23 60 245 104 214 80 0 8 135 121 183 9 194 61 37 13
    56 149 128 22 68 209 65 160 143 155 13 44 130 209 72 103 43 140 147
    219 132 56 181 45 52 143 88 123 16 148 245 218 221 77 102 237 54 160
    210 235 143 7 175 77 220 7 162 1 12 46 215 19 151 207 191 243 34 223
    43 36 239 8 189 38 74 59 187 123 13 167 4 170 227 145 247 156 158 22
    210 82 39 175 12 180 45 244 35 35 55 207 128 164 35 229 198 165 114
    0 132 79 131 212 35 84 204 134 237 165 53 179 51 116 77 175 68 155
    75 123 27 205 185 205 198 57 200 252 190 194 98 29 118 164 13 73 241
    1 171 6 91 148 148 157 25 77 9 78 57 162 35 111 101 182 211 142 221
    56 111 154 175 37 57 172 10 34 161 55 151 51 237 51 13 72 82 242 242
    124 161 206 63 45 42 160 47 188 5 132 3 11 225 210 232 213 207 97
    178 76 109 98 42 100 149 203 234 104 90 111 179 184 27 151 245 151
    138 231 199 243 0 244 170 18 208 140 111 207 203 43 26 119 11 164 17
    254 95 129 84 57 67 202 21 192 236 222 38 212 213 164 18 136 235 254
    157 60 24 151 137 95 57 64 126 154 107 127 112 62 60 234 208 138 159
    203 14 56 62 51 16 148 2 49 17 239 252 10 178 139 10 187 11 11 229
    61 183 54 77 19 41 30 59 152 19 157 199 5 103 114 214 14 141 27 146
    119 217 5 115 154 97 75 27 160 131 32 220 233 204 3 171 198 28 49 33
    87 184 155 212 51 164 247 75 37 162 228 90 217 90 104 0 252 117 192
    74 177 65 142 130 126 248 1 8 20 146 200 200 23 85 3 195 114 60 102
    227 38 246 135 120 45 168 93 137 78 135 166 5 41 49 59 0 217 127 228
    188 193 79 254 108 179 225 113 234 1 100 121 143 105 170 1 4 93 98
    239 255 173 105 41 227 248 77 62 117 35 81 230 248 151 23 174 27 121
    16 114 111 34 241 113 215 120 169 35 46 173 192 97 93 143 102 165
    162 108 32 222 112 51 137 131 135 187 54 50 194 3 111 142 36 160 57
    140 120 253 40 150 65 218 33 224 68 141 85 24 34 27 13 134 166 28
    248 2 219 51 157 111 132 207 247 20 66 20 166 4 181 146 229 104 93
    196 192 87 213 1 19 202 239 233 246 94 247 2 226 15 199 88 217 100
    105 78 50 174 155 49 236 167 201 190 121 236 255 146 214 159 59 217
    75 83 90 191 124 206 217 97 203 230 110 183 107 191 109 224 4 182
    133 170 109 139 58 227 118 90 99 17 255 36 64 137 198 156 109 94 117
    209 186 253 243 254 168 103 138 188 10 131 17 29 208 191 166 142 160
    23 17 223 74 168 130 173 72 251 180 64 32 50 56 195 64 174 51 240
    105 85 118 253 141 123 107 79 110 191 118 160 42 206 192 41 100 16
    51 57 59 110 110 12 225 192 237 176 143 154 77 86 101 120 144 158 41
    79 191 220 33 42 240 103 117 101 219 27 179 154 99 163 12 180 199
    123 14 159 210 157 0 189 54 202 249 127 69 45 134 99 146 31 212 62
    21 82 239 17 234 96 47 8 126 143 78 63 162 65 129 66 41 254 175 233
    184 119 190 180 31 48 161 80 253 34 206 10 93 82 8 38 112 141 138 27
    237 80 141 27 7 219 216 86 27 252 156 10 52 223 124 166 255 136 72
    35 84 40 3 206 127 16 155 179 129 211 118 218 170 214 88 47 76 85 43
    140 27 130 75 7 148 53 213 48 58 72 139 242 135 227 255 123 90 20
    104 126 225 49 84 218 5 22 135 207 179 106 189 111 219 163 244 16
    196 65 44 44 40 143 214 246 64 122 49 128 7 162 218 97 215 118 59
    131 6 209 20 5 196 149 97 255 60 18 228 118 62 175 95 108 54 52 14
    224 89 115 32 209 59 41 12 44 241 164 187 132 100 84 35 250 56 157
    86 148 104 245 134 45 19 113 157 172 78 199 179 8 29 54 174 32 210
    164 78 23 36 130 46 114 114 246 154 111 37 10 35 206 128 117 159 93
    51 19 16 5 73 33 100 230 93 91 168 166 166 148 53 17 231 92 10 107
    223 32 222 229 171 16 17 104 30 226 25 75 200 187 192 11 74 89 49 61
    200 185 16 46 33 143 14 248 51 246 181 175 50 221 105 42 56 194 94
    34 239 76 184 49 26 189 24 207 34 75 181 145 186 83 84 3 10 232 189
    21 139 114 215 23 93 149 0 45 215 106 202 236 165 6 198 69 94 202
    135 174 214 94 91 117 87 57 39 59 41 117 235 80 176 19 245 253 159
    247 247 88 216 117 215 76 196 97 107 233 145 94 192 222 26 151 30
    184 37 120 8 61 150 57 113 196 242 146 202 44 26 167 201 110 141 234
    84 202 223 120 39 122 27 82 94 148 31 34 137 24 93 110 14 251 237 50
    236 187 217 200 178 194 164 28 74 26 77 242 33 89 42 140 120 238 52
    172 174 115 189 169 118 185 242 147 247 111 215 61 73 170 247 31 67
    230 117 226 229 190 35 34 163 77 45 214 77 38 3 7 58 49 147 82 220
    35 220 121 115 132 174 39 141 20 130 128 30 56 53 32 207 160 199 50
    2 221 40 105 162 94 204 109 43 248 107 242 32 126 62 94 5 236 43 206
    56 7 156 82 103 137 152 95 96 206 140 161 97 160 162 233 221 46 231
    16 105 176 25 147 239 163 116 224 118 35 106 78 246 150 142 255 107
    68 135 226 97 118 228 158 255 67 62 132 86 239 143 156 183 171 148
    125 255 173 17 136 123 135 130 122 91 173 181 70 82 191 84 77 53 177
    11 149 47 170 4 151 11 14 24 174 222 182 133 201 140 103 101 78 126
    158 224 37 133 144 24 181 170 14 79 32 192 243 52 209 169 91 233 193
    179 8 6 227 60 164 176 123 22 173 83 139 73 4 144 45 6 245 90 198
    116 176 247 52 5 251 206 103 149 205 192 234 23 222 93 15 83 121 219
    185 112 147 209 116 210 180 254 24 206 57 214 218 145 219 167 70 11
    94 92 1 200 8 51 215 44 129 237 14 10 201 189 168 192 127 24 52 62
    224 61 150 93 94 233 61 56 203 47 141 252 255 69 126 24 182 167 168
    0 121 83 252 236 244 153 141 153 44 126 236 234 29 36 195 227 114
    229 136 59 148 124 255 7 200 117 79 95 119 109 160 55 45 223 78 203
    205 78 103 43 70 26 28 103 74 236 146 86 38 154 80 109 10 124 16 132
    217 220 19 41 202 54 166 90 158 171 57 37 57 69 104 101 19 213 247
    173 177 202 23 221 159 135 146 216 245 147 178 94 205 25 128 85 237
    186 66 46 219 56 33 136 245 2 10 125 125 192 213 87 150 132 205 7
    235 1 100 14 56 251 11 101 57 234 90 181 162 209 36 124 196 208 60
    77 212 91 186 65 95 156 220 230 245 167 52 24 169 47 44 220 162 56
    56 58 141 46 120 185 187 57 218 253 186 235 184 95 27 102 82 105 245
    69 44 160 130 97 53 86 182 161 27 141 15 194 0 162 162 22 154 113 47
    97 188 37 162 95 171 51 111 56 35 232 36 241 158 77 141 240 109 152
    66 30 74 142 163 243 166 46 248 149 213 201 216 12 156 208 93 235
    240 171 47 252 155 176 167 253 234 118 138 84 161 100 244 194 69 67
    16 46 191 86 174 57 116 105 7 58 201 38 141 173 72 203 63 217 67 127
    30 151 75 121 144 190 47 180 140 100 158 91 137 239 64 226 46 119
    186 246 91 95 24 127 90 165 122 242 15 88 33 67 195 23 47 163 26 67
    29 152 193 179 187 147 152 171 217 35 108 230 134 157 227 130 184
    201 58 150 113 242 130 253 106 81 92 62 79 204 2 210 205 103 8 85
    222 10 146 129 50 121 255 152 140 161 204 134 240 210 72 92 98 170
    50 176 204 243 121 177 169 31 28 98 116 173 8 228 20 44 26 178 43 83
    30 42 186 84 163 43 152 11 195 16 24 68 211 89 167 10 191 71 59 231
    200 108 101 175 92 70 122 120 203 2 182 24 203 229 249 38 253 235
    139 118 18 204 200 14 157 213 37 86 246 61 15 183 47 137 162 238 110
    160 123 41 132 89 89 96 12 148 209 96 115 214 210 64 242 217 90 157
    42 102 63 153 2 53 233 237 10 236 159 32 185 43 62 110 35 65 128 115
    172 154 183 118 17 103 81 196 157 220 87 110 246 204 193 106 164 147
    95 73 245 93 182 112 129 44 231 171 139 51 73 118 240 71 178 235 21
    211 140 205 145 111 219 171 84 192 185 70 218 32 245 243 232 11 131
    221 151 14 99 239 97 195 121 94 234 96 82 188 238 160 229 27 80 194
    100 197 84 227 209 25 175 217 50 62 180 230 69 75 125 72 143 91 179
    134 98 52 230 245 198 12 253 247 67 247 0 111 53 29 160 103 202 14
    60 235 173 118 67 34 223 246 54 30 138 184 184 89 195 77 215 39 143
    156 121 51 81 219 30 64 172 114 222 18 149 195 138 217 243 109 5 181
    69 143 124 117 148 92 202 139 174 155 14 82 93 5 39 66 202 164 14
    102 72 188 40 36 138 167 22 163 205 83 179 47 251 224 2 12 147 99 36
    73 12 128 192 226 46 1 235 182 240 118 215 188 30 105 218 41 122 50
    176 190 138 25 3 91 108 69 223 114 239 3 103 226 249 80 193 157 122
    79 176 236 208 158 159 197 19 12 92 237 84 98 148 254 117 68 170 204
    213 179 201 254 184 4 79 84 156 211 67 58 187 4 161 6 137 162 163 17
    32 245 99 182 204 214 173 43 152 70 237 27 180 194 84 163 157 253
    251 141 204 44 241 30 154 233 161 169 188 250 144 8 30 90 99 223 16
    177 107 107 204 169 61 195 143 114 113 74 201 218 64 62 141 156 203
    90 128 226 143 164 228 19 194 39 103 21 246 255 111 134 202 92 167
    242 108 135 127 59 44 69 60 131 80 254 160 78 189 192 149 233 201 12
    37 220 201 35 94 173 134 135 117 137 36 61 24 164 204 51 191 57 166
    6 212 48 15 251 179 145 24 25 41 203 207 177 129 206 27 29 199 71 30
    90 238 231 35 201 37 191 13 185 199 92 156 48 236 183 104 174 98 246
    110 97 63 39 220 242 37 132 195 174 153 224 89 184 184 158 125 28 53
    18 86 179 196 244 18 57 219 36 137 89 107 160 217 249 69 172 177 100
    81 26 211 211 187 103 0 61 179 82 143 6 47 243 200 171 194 36 210
    210 18 170 191 34 151 97 31 145 68 124 210 59 16 124 189 189 243 192
    83 242 182 13 175 118 100 14 235 239 47 52 114 35 113 84 220 212 201
    104 113 231 57 249 212 53 48 243 40 228 140 181 168 76 103 101 128
    103 19 54 234 184 157 120 26 231 177 26 161 189 174 91 71 159 170
    228 242 168 163 61 53 24 6 148 220 63 106 172 207 32 135 57 205 243
    25 195 77 243 135 119 14 187 138 115 242 4 29 54 129 200 164 109 232
    58 50 134 69 205 40 84 10 151 22 239 216 33 93 64 208 239 186 3 188
    246 164 50 28 92 190 161 78 198 14 235 178 94 78 223 162 12 109 169
    190 90 142 174 11 157 180 231 230 131 195 220 53 112 239 97 95 242
    221 54 58 105 191 5 233 34 166 137 94 82 231 244 160 152 128 224 183
    145 232 252 129 160 44 207 71 20 207 198 101 199 77 103 119 174 202
    199 235 194 216 202 93 79 107 33 72 71 121 50 9 220 109 74 199 15
    139 115 195 109 174 60 211 5 75 46 250 211 243 227 199 25 234 185 81
    157 34 200 172 73 104 23 17 123 247 193 193 52 36 32 180 120 103 241
    123 91 47 165 151 38 151 89 21 174 43 91 16 136 18 250 73 100 176 67
    248 4 35 52 112 189 245 78 250 139 250 110 78 194 2 41 62 243 15 120
    51 78 183 239 1 245 96 91 165 227 60 60 2 65 161 28 230 54 88 164
    184 100 10 247 168 61 1 84 68 157 203 158 49 113 247 214 206 240 123
    3 195 1 30 180 191 104 56 254 59 159 96 60 3 161 100 7 131 0 124 246
    184 254 114 164 142 67 76 195 58 172 132 238 8 101 113 239 21 160
    195 184 60 131 232 131 12 151 196 48 219 114 245 57 33 179 48 202 97
    227 127 0 135 162 221 42 55 146 55 42 185 77 209 144 225 221 178 26
    158 76 152 85 119 251 89 66 119 147 12 225 17 97 37 122 174 69 106
    111 73 119 93 159 156 109 201 221 78 157 47 67 155 91 245 38 40 72
    78 92 194 159 149 136 116 244 224 204 245 44 81 12 2 40 134 14 96 6
    38 71 36 239 168 27 119 183 238 103 151 176 97 233 149 72 13 7 57
    225 145 128 138 116 169 27 55 19 83 119 115 7 9 231 182 201 62 53
    238 54 73 48 194 49 78 123 125 217 220 107 8 30 17 180 21 236 216 51
    202 130 141 9 10 53 100 196 37 43 155 145 0 59 14 230 80 173 145 143
    201 116 125 247 36 247 191 47 42 100 237 187 198 241 165 169 228 132
    241 210 152 32 114 220 184 65 6 209 34 222 181 215 102 164 17 39 99
    118 139 111 150 172 122 122 5 121 157 110 246 211 243 78 101 90 76
    69 213 88 91 159 125 247 137 4 18 245 99 34 43 80 130 195 254 27 6
    140 74 248 40 134 175 231 156 103 90 162 227 199 168 205 76 95 49 4
    182 138 234 28 52 171 168 75 80 43 162 204 193 194 35 39 147 3 165 7
    91 82 245 139 149 40 61 202 30 132 120 105 199 21 76 17 58 172 164
    163 199 37 21 182 115 122 24 253 188 211 45 149 232 90 94 189 44 154
    152 146 68 85 11 6 72 194 78 8 139 232 201 93 60 49 20 169 151 242
    138 2 250 75 92 116 244 225 249 33 221 104 6 98 42 12 35 86 186 50
    119 248 255 48 147 204 143 133 100 241 107 195 37 122 177 41 118 9
    199 231 190 65 231 210 60 64 249 201 137 246 219 2 15 21 129 84 168
    107 166 241 107 37 108 92 234 228 91 54 195 21 83 8 6 190 92 236 251
    74 168 180 39 93 139 164 120 124 64 182 226 4 191 143 201 47 179 80
    52 61 86 120 164 17 23 203 121 115 198 134 16 240 31 106 120 47 183
    149 42 122 244 5 161 139 79 24 27 7 128 16 77 204 247 38 200 222 162
    72 201 191 133 139 218 252 74 93 51 76 168 149 125 113 15 113 4 222
    96 250 163 44 67 46 38 157 203 159 40 93 240 164 186 236 54 173 121
    222 104 19 150 148 224 239 178 53 248 43 247 227 224 67 195 195 93
    43 16 186 45 75 31 7 187 18 204 45 151 32 36 128 251 179 149 115 215
    210 122 87 80 6 84 133 114 212 61 22 212 203 234 0 233 89 188 116
    178 77 91 63 145 61 158 200 233 157 28 228 76 62 17 81 61 7 172 167
    87 166 36 66 157 79 195 155 226 180 49 141 71 61 142 199 220 246 164
    50 42 237 143 103 250 218 200 242 0 78 122 160 125 189 95 174 161
    245 101 43 225 199 175 51 160 86 158 81 35 88 46 239 211 147 167 43
    144 125 147 51 246 189 22 158 127 52 231 57 190 86 227 56 148 46 85
    196 196 95 237 169 178 171 237 158 226 146 68 116 34 187 54 191 122
    173 158 16 127 82 187 157 127 43 151 255 255 85 239 198 46 180 53
    125 248 240 1 81 229 88 182 240 51 248 104 242 27 171 14 118 29 214
    116 119 45 5 252 20 38 94 194 153 163 182 179 59 228 136 221 67 41
    102 152 28 253 66 92 43 107 44 128 15 142 58 144 236 29 53 65 12 223
    149 159 193 244 75 244 60 230 221 184 167 68 94 190 177 0 153 68 69
    239 103 53 143 60 23 68 158 147 78 72 230 60 17 220 76 89 241 85 88
    17 17 32 151 203 94 178 78 210 176 33 156 96 102 176 96 189 107 130
    199 96 32 8 52 103 34 238 229 132 238 104 132 10 253 201 49 129 48
    155 132 36 201 216 73 227 243 179 152 164 155 209 194 8 164 208 108
    11 204 120 202 199 73 218 231 127 254 94 45 218 237 54 12 254 218
    197 156 149 4 197 163 79 74 41 167 94 221 153 239 125 99 217 8 229
    155 18 230 63 111 243 108 18 180 35 173 136 204 28 188 134 10 150 57
    61 181 82 99 200 71 44 199 42 221 5 178 33 24 60 23 220 118 110 186
    191 176 243 118 234 240 168 30 91 110 179 244 96 193 207 96 123 23
    208 163 184 183 91 44 133 123 195 72 232 23 38 217 250 10 99 31 79
    199 53 61 61 14 14 227 96 102 108 34 216 245 160 81 156 171 229 80
    114 44 226 164 132 88 134 150 169 111 218 29 166 34 69 104 246 140
    230 66 135 110 43 43 115 111 137 183 244 150 161 80 83 215 182 219
    112 3 7 254 247 249 57 208 251 249 12 80 201 141 222 155 47 169 157
    17 67 250 76 106 33 200 91 123 204 120 46 239 39 17 91 34 132 254
    185 119 122 183 125 62 107 44 253 217 9 96 255 62 5 120 183 101 115
    157 230 138 67 139 213 37 163 38 97 195 119 200 137 194 146 87 167
    60 19 135 250 206 57 193 131 216 206 137 155 246 107 75 5 20 93 16
    216 250 190 176 17 141 125 205 11 220 8 111 124 91 106 89 38 154 184
    174 224 227 225 76 27 159 128 25 37 134 192 86 25 119 59 203 222 78
    168 202 78 220 200 62 70 255 193 172 224 43 104 164 159 12 176 40
    245 154 80 110 221 107 210 28 142 152 149 14 113 151 62 234 81 37
    246 37 230 106 33 54 102 249 14 77 181 246 159 49 44 56 236 37 72
    118 230 119 8 177 60 207 255 244 17 86 146 74 41 106 195 20 216 58
    23 130 103 71 244 223 18 86 167 15 162 107 108 202 242 213 231 81
    183 24 164 181 38 155 109 58 21 179 197 89 179 195 205 152 220 157
    210 114 238 105 151 124 122 164 203 124 217 34 103 195 53 117 236
    200 206 94 23 56 132 47 28 226 115 110 90 131 239 19 207 139 104 85
    253 121 108 199 23 8 127 45 236 172 34 238 235 88 108 16 92 232 95
    251 192 174 43 71 115 58 76 161 17 178 229 214 114 80 110 31 159 244
    220 239 115 177 214 42 164 216 232 174 184 121 198 58 7 202 183 234
    197 108 6 247 113 152 103 162 239 10 90 83 87 108 12 234 101 190 158
    52 129 123 165 7 233 133 255 218 109 138 133 18 151 82 240 218 7 147
    114 42 32 121 93 194 77 156 135 181 139 143 43 84 115 174 115 205
    213 83 231 106 69 149 26 99 50 21 105 34 113 116 181 2 31 145 75 136
    183 28 84 77 15 216 151 105 5 223 41 215 184 227 129 185 200 227 16
    149 38 1 219 220 249 2 231 250 45 65 158 236 142 221 195 6 45 119
    186 253 53 122 1 248 145 187 103 163 93 61 196 16 22 80 189 91 22
    229 9 225 133 145 90 167 158 108 196 17 46 133 216 20 60 173 130 243
    181 226 19 226 65 189 32 148 133 197 177 216 230 138 179 57 234 61
    118 128 53 33 26 227 216 37 122 250 229 141 201 113 146 115 254 25
    202 103 231 185 134 27 24 20 166 25 214 101 219 134 158 249 124 149
    253 200 17 44 74 198 164 184 6 129 16 150 79 180 17 130 50 189 97
    102 78 21 107 73 254 7 230 120 81 116 199 252 73 165 241 142 105 127
    114 98 254 17 51 189 157 57 237 0 84 73 167 195 213 99 118 194 55
    198 96 8 59 218 138 140 98 42 118 20 200 221 104 101 222 139 236 235
    143 3 77 143 145 2 91 174 129 67 49 166 96 220 217 200 144 155 132
    245 110 140 139 106 158 71 233 45 199 119 2 25 83 254 232 92 143 157
    33 210 62 44 136 221 159 76 116 15 74 64 32 78 184 158 81 23 161 241
    155 20 40 139 196 161 253 19 82 102 164 19 17 93 142 9 216 85 200
    223 83 42 114 160 71 60 66 22 242 34 245 180 194 160 58 253 195 149
    173 191 191 193 62 86 107 13 65 19 175 13 178 49 75 255 251 196 58
    197 55 209 205 7 190 53 189 105 197 228 127 158 58 153 123 49 174
    142 14 58 204 217 140 194 59 224 58 131 57 50 49 248 181 136 160 203
    217 114 91 246 50 87 217 61 7 85 105 75 41 228 177 158 17 123 102 37
    222 1 171 114 149 118 77 70 19 79 191 169 225 226 230 190 36 60 188
    48 223 53 151 24 39 195 224 232 111 71 177 234 203 29 177 183 142
    132 251 139 16 40 41 157 23 18 200 241 163 98 223 36 171 146 113 236
    121 100 254 11 60 73 218 175 236 121 62 122 234 8 50 59 236 161 135
    1 18 184 101 53 137 236 17 42 92 251 170 180 108 45 82 82 178 233
    140 123 7 245 130 148 36 97 103 254 117 90 122 66 138 235 64 123 218
    142 12 211 90 75 231 232 164 43 251 18 110 220 229 94 187 43 179 122
    32 51 244 91 45 83 43 19 245 252 25 234 57 88 184 220 61 161 91 186
    155 31 251 82 231 21 228 254 139 2 178 165 99 236 80 143 62 254 157
    153 200 201 185 69 108 81 121 143 100 49 107 114 37 167 6 127 240 2
    245 241 19 211 242 231 125 219 106 59 219 148 189 161 120 188 123
    165 30 121 23 143 57 45 156 41 178 250 95 233 75 58 218 133 178 11
    213 129 234 215 114 72 33 118 120 142 191 145 195 118 169 135 41 181
    222 132 215 176 102 33 28 179 39 82 154 147 24 228 20 31 155 60 16
    60 48 62 91 208 209 151 171 116 120 188 228 136 32 227 124 224 20
    187 85 122 100 156 78 50 145 31 202 48 250 234 145 127 246 190 103
    156 129 137 37 5 19 125 14 30 46 223 153 251 39 252 200 238 238 74
    241 214 105 203 134 157 58 134 51 223 111 66 243 117 102 179 243 103
    215 80 96 182 97 32 189 240 92 61 162 43 164 204 39 149 168 99 93
    158 78 89 43 36 215 85 254 80 147 114 29 16 211 195 44 237 183 195 7
    60 160 129 4 177 252 82 228 200 2 228 174 92 97 156 78 16 146 254 74
    215 143 18 85 78 26 114 195 131 40 82 30 75 44 164 146 32 213 102
    227 74 13 131 167 163 15 252 10 77 20 114 75 112 121 232 177 77 64
    196 133 176 140 0 54 55 204 116 243 119 38 112 107 105 243 159 60
    136 92 103 64 239 43 20 61 84 56 12 198 111 89 41 238 135 75 145 149
    58 47 14 77 14 16 33 223 153 220 170 78 253 15 2 128 18 119 207 31
    57 78 182 178 240 244 62 18 40 61 139 131 102 93 160 218 98 141 11
    218 90 232 63 139 174 15 241 88 125 74 85 165 206 204 37 52 41 58
    179 62 124 168 38 253 140 175 251 169 35 33 168 193 33 189 212 73
    176 249 92 102 3 48 25 46 124 115 141 166 99 71 103 237 252 87 131
    81 67 185 98 167 182 145 8 134 162 40 202 90 115 185 115 43 187 9
    148 214 63 144 179 88 85 138 97 63 145 48 61 235 50 40 81 131 17 110
    34 188 97 2 111 183 172 138 144 92 79 228 122 245 206 105 75 46 111
    161 154 128 78 192 173 65 62 81 15 34 227 187 246 142 132 101 48 70
    51 111 68 219 102 84 74 17 97 84 69 213 136 24 250 240 159 133 137
    185 192 167 218 65 146 247 148 29 128 66 89 96 240 187 99 194 9 123
    17 71 42 9 251 68 161 33 154 252 161 216 137 250 133 149 187 84 232
    216 212 112 219 228 116 43 183 195 96 206 110 106 164 23 141 137 199
    10 57 8 157 30 193 85 203 52 254 176 73 226 117 49 7 40 182 152 162
    183 71 58 3 25 197 183 53 11 160 174 230 95 213 130 201 248 91 179
    225 140 35 3 211 5 43 48 175 10 231 94 179 178 238 101 234 133 130 8
    111 51 81 214 122 124 161 254 124 197 75 7 175 39 196 70 159 111 38
    242 77 101 107 23 72 237 34 227 112 243 141 156 181 229 129 71 103
    63 67 126 47 218 213 151 167 27 188 85 66 109 96 65 212 63 102 254
    37 20 63 207 220 35 14 65 208 230 135 190 131 66 215 139 223 22 33
    180 56 74 159 5 45 54 97 4 9 57 70 182 115 247 66 12 139 76 93 94 95
    167 87 78 84 6 9 137 77 11 113 18 96 228 158 84 167 31 8 6 154 178
    182 68 3 229 243 127 174 27 118 215 44 83 55 243 244 7 23 206 208
    124 223 53 59 167 8 135 15 49 197 34 246 136 79 187 29 31 84 57 218
    219 23 59 138 148 49 11 27 234 164 19 124 99 121 90 209 118 199 40
    106 118 232 199 27 242 128 176 80 152 41 65 175 129 95 72 214 43 35
    116 126 233 43 131 249 172 163 17 122 17 195 68 112 202 129 173 233
    55 153 140 71 252 50 225 9 142 93 233 106 46 45 210 11 56 25 173 211
    64 45 194 181 107 158 25 33 31 174 217 135 202 205 144 126 178 171
    175 201 233 40 204 251 176 210 182 86 42 107 26 100 73 2 230 131 229
    178 231 194 202 6 126 149 158 25 67 172 153 52 96 156 243 224 203 32
    159 173 101 123 254 229 11 6 225 67 147 247 220 175 60 81 95 233 152
    251 112 194 96 187 107 86 131 10 217 226 149 213 149 157 45 100 24
    221 129 124 148 233 159 31 24 254 187 103 206 243 45 167 152 253 93
    65 28 153 67 49 47 12 33 30 219 85 87 172 37 133 185 231 200 201 246
    14 26 83 153 78 4 21 9 15 205 92 175 113 107 108 196 190 55 165 44
    46 82 62 41 187 27 212 170 53 252 5 214 56 32 119 187 201 180 111 97
    232 156 135 236 98 48 142 106 182 186 191 227 50 206 207 180 31 133
    3 120 14 69 149 134 206 60 92 254 190 247 81 164 110 125 108 28 11
    136 40 30 163 180 118 24 205 210 217 85 173 144 51 39 202 211 201
    254 230 12 131 245 100 14 200 56 163 250 16 238 130 176 195 170 41
    144 192 159 209 87 244 140 3 91 218 174 218 82 38 28 17 94 190 40 64
    88 75 239 60 180 84 91 244 123 210 181 80 223 196 185 88 150 13 137
    23 159 120 143 233 52 204 51 105 140 231 70 167 189 105 200 245 219
    83 113 218 101 249 22 21 149 172 6 193 60 215 30 4 218 222 98 233 53
    232 175 101 148 34 8 95 93 44 184 32 230 27 100 223 241 141 7 62 128
    9 31 151 93 140 137 122 240 238 21 48 156 188 37 32 145 217 110 146
    26 23 83 184 182 153 147 194 63 133 189 132 248 187 30 9 196 182 164
    64 216 247 48 28 9 201 153 134 104 192 77 7 188 10 144 246 178 64 32
    33 48 244 45 15 78 140 41 21 201 235 203 10 27 15 216 205 81 34 15
    78 118 241 103 152 199 13 44 46 59 237 207 150 91 49 40 3 227 227 75
    138 203 103 4 192 223 81 96 237 161 63 129 109 36 213 118 201 56 146
    29 145 218 94 216 25 150 150 128 195 254 229 59 213 20 48 95 229 210
    111 2 201 241 149 113 158 27 48 167 62 144 150 108 178 156 11 169
    192 179 39 129 142 96 61 70 107 32 237 74 255 126 62 135 181 215 246
    4 205 115 192 151 164 40 144 118 168 5 221 212 71 51 35 97 255 71 24
    157 225 147 189 164 73 53 77 180 127 193 86 91 86 28 80 115 127 6
    211 29 189 134 212 214 37 43 215 241 98 18 133 238 35 241 240 39 52
    237 146 227 97 173 255 155 199 247 150 119 2 243 246 102 136 32 21
    183 85 151 184 119 221 148 48 87 251 190 242 95 180 45 168 27 231 79
    149 26 99 57 102 84 77 193 83 245 104 65 209 116 216 167 245 66 126
    186 240 156 225 145 118 111 105 198 154 171 185 209 179 134 234 41
    16 72 173 174 12 148 56 58 128 138 205 223 222 34 140 136 2 191 157
    4 44 205 238 164 93 253 249 236 247 9 146 0 76 195 36 33 201 162 55
    51 234 232 186 107 88 43 160 176 191 119 36 42 51 112 3 235 70 222
    240 175 49 70 125 108 150 152 181 23 169 48 56 109 72 12 152 199 8
    205 81 200 216 209 0 108 177 146 151 47 48 183 240 115 178 86 53 97
    130 31 216 162 204 62 226 255 173 8 61 47 68 198 114 37 92 221 178
    177 101 175 139 218 38 47 117 60 83 248 22 236 37 74 251 217 255 233
    136 173 246 41 249 42 32 96 199 84 216 37 130 59 108 37 22 138 238
    10 159 4 108 28 234 117 188 23 50 199 27 159 190 144 112 129 200 111
    107 223 207 206 41 6 64 135 52 174 133 15 21 109 138 15 124 186 207
    98 152 47 209 68 241 87 205 235 159 82 18 254 41 7 117 68 114 203
    206 95 173 90 49 122 205 127 121 33 69 86 28 205 90 11 233 43 106
    124 138 152 122 124 48 252 98 248 249 255 233 3 125 175 69 204 245
    217 36 57 192 88 27 61 211 144 13 5 151 224 183 184 125 143 24 229
    42 208 85 141 82 228 88 125 169 193 0 111 40 18 16 123 77 101 34 169
    41 198 205 229 162 203 197 173 215 216 47 51 147 65 37 206 98 111
    160 50 70 98 92 38 181 221 238 105 217 166 207 143 5 17 195 153 145
    94 227 4 165 207 61 113 231 100 15 74 51 49 72 227 46 229 54 151 39
    244 125 245 141 61 146 188 0 188 69 151 146 180 73 219 131 134 84
    132 5 157 52 178 128 183 84 75 1 195 148 137 204 185 132 37 183 83
    167 169 81 232 83 92 19 129 145 86 43 137 206 43 5 97 164 82 218 166
    166 174 237 134 210 212 121 156 22 48 149 140 140 39 147 236 39 5
    210 9 147 106 52 140 56 230 245 106 146 36 96 181 159 150 140 27 120
    107 192 58 220 158 82 130 201 60 198 123 127 105 23 171 132 236 253
    50 79 84 199 234 109 117 71 186 208 248 177 74 137 129 255 45 22 242
    56 124 5 224 220 239 201 155 243 58 6 46 211 121 233 181 176 201 201
    244 185 41 152 107 249 67 251 117 56 255 182 33 132 64 9 151 122 49
    125 91 249 120 130 236 220 243 223 7 101 143 138 242 88 144 91 56 72
    244 63 77 252 10 86 212 29 247 136 176 24 204 244 146 85 166 149 141
    34 231 151 60 17 53 251 118 102 206 70 141 62 83 16 245 115 205 21
    248 245 253 62 4 242 54 137 78 159 206 71 27 151 238 254 2 74 8 215
    205 235 165 184 239 194 163 208 9 127 167 174 54 191 52 94 247 219
    168 27 80 137 204 38 121 187 153 2 24 222 231 13 100 135 95 32 128 6
    47 116 49 80 62 114 187 103 43 52 134 5 157 240 150 0 214 125 240
    184 211 10 75 130 224 201 97 225 28 120 92 203 235 14 130 61 248 100
    226 203 241 18 145 216 209 189 2 119 0 103 244 181 154 37 201 107 86
    215 189 32 253 55 96 104 224 10 108 72 12 27 196 174 156 75 77 56 43
    136 31 124 187 196 17 108 255 71 40 34 186 101 247 17 36 98 230 185
    201 222 59 115 138 165 58 231 135 93 3 147 135 237 191 183 149 37 35
    49 63 132 194 204 135 190 228 251 120 201 101 190 1 62 175 149 236
    142 179 144 82 173 131 116 212 65 171 28 171 247 77 93 176 206 180
    130 22 197 200 190 38 186 56 103 161 179 143 80 132 202 29 55 53 30
    59 95 179 211 226 145 165 87 32 72 202 23 59 74 169 60 41 145 232 89
    164 139 34 31 12 112 229 39 75 49 112 154 95 19 151 91 210 107 136
    98 149 116 133 236 246 186 131 65 229 72 88 184 212 61 134 95 241
    145 22 239 77 153 66 208 112 212 174 29 217 177 127 86 201 148 243
    219 7 170 101 115 114 199 188 71 213 239 117 195 190 97 86 225 102
    241 120 16 28 90 177 124 22 151 163 209 9 24 38 107 20 206 73 88 229
    55 103 124 231 25 158 181 179 35 173 220 65 191 188 116 27 250 82
    108 242 246 206 119 18 112 46 86 55 128 195 203 124 154 83 185 254
    212 29 124 218 108 193 144 54 48 168 230 41 253 223 198 238 201 105
    72 156 40 165 191 195 83 196 191 190 33 228 168 18 120 173 233 223
    120 106 214 31 222 97 54 118 230 69 122 234 232 160 10 232 148 131
    28 105 12 32 111 196 158 138 157 142 143 206 32 106 209 76 166 188
    102 226 140 116 79 26 24 71 44 235 147 139 164 39 126 108 161 211
    247 46 182 154 89 34 73 35 170 142 17 235 144 230 232 230 23 232 165
    55 232 193 207 154 66 203 40 18 114 15 144 7 109 180 67 80 153 161
    147 87 122 241 190 205 134 80 202 210 192 226 136 225 216 74 177 88
    11 232 186 140 225 7 192 223 5 59 99 113 166 171 231 4 243 26 60 68
    176 171 83 247 43 228 36 7 71 214 24 74 168 85 60 10 236 184 173 215
    1 121 77 199 95 207 54 79 27 61 251 27 21 138 231 190 171 212 190
    109 72 2 231 204 65 249 11 17 223 101 141 97 184 9 84 168 105 171
    235 21 82 100 144 136 188 92 223 97 229 4 72 170 157 93 248 235 121
    77 170 10 212 217 54 116 95 29 229 197 48 204 97 8 70 126 127 165
    218 209 42 176 62 253 245 229 104 248 161 41 229 41 251 3 143 105
    189 152 133 185 69 189 40 254 79 111 171 206 203 75 165 65 232 182
    34 148 144 63 215 56 171 122 19 42 56 132 102 60 24 28 184 243 158
    165 136 28 252 69 155 179 244 160 208 132 6 138 155 136 226 180 184
    196 170 247 64 21 111 15 234 85 121 186 9 72 132 24 149 2 17 68 165
    240 26 79 119 138 185 212 1 29 202 183 34 239 163 64 69 203 120 103
    181 112 253 221 190 9 94 39 220 87 119 52 104 91 244 24 216 100 93
    234 198 94 0 111 20 199 168 128 161 90 36 21 117 41 218 164 126 81
    217 110 140 18 223 28 200 214 212 0 217 251 150 14 63 38 128 40 61
    188 114 163 163 29 144 83 49 208 179 208 107 98 160 181 219 23 10
    201 162 247 163 120 179 224 252 194 233 182 207 145 114 129 69 126
    45 120 57 168 29 178 61 113 199 127 142 216 80 193 195 56 194 39 23
    208 252 68 17 5 144 26 40 196 170 181 48 58 33 66 53 63 199 240 51
    135 101 155 104 164 73 236 36 121 189 129 54 128 61 236 73 145 21 94
    150 250 19 98 80 252 213 228 189 110 186 167 0 96 134 220 12 227 5
    215 218 73 213 2 27 34 13 197 47 25 24 86 87 172 84 40 9 10 218 86
    191 226 184 13 113 115 34 50 226 182 26 54 137 84 0 148 6 143 226
    162 119 223 39 140 249 142 54 201 62 53 156 228 50 187 17 68 107 148
    19 227 57 53 128 225 172 80 209 144 18 180 95 239 100 160 60 169 130
    235 32 79 218 27 119 91 97 224 205 249 119 79 97 232 82 107 14 126 9
    182 150 58 163 197 188 144 120 67 187 107 153 192 74 7 26 199 133 55
    208 13 177 29 104 82 73 189 128 79 30 228 26 129 251 233 190 241 91
    57 232 127 187 60 18 253 128 83 64 134 58 23 182 160 237 228 141 27
    191 201 61 125 208 6 40 146 57 146 213 214 56 184 165 189 131 241
    210 228 187 151 199 146 181 64 99 72 247 56 199 8 196 209 202 245 67
    41 202 144 212 220 176 211 5 78 226 238 139 187 133 177 31 118 155
    93 124 28 135 140 191 216 148 58 172 3 233 192 252 91 168 101 96 139
    59 146 159 214 109 108 117 195 56 29 119 34 190 242 69 151 96 226
    200 227 164 47 181 221 68 74 191 48 44 158 235 222 153 147 120 143
    110 98 156 158 118 183 94 0 208 145 126 180 78 251 224 97 71 73 50
    235 117 129 176 209 236 64 211 138 49 182 198 131 129 23 230 210 107
    239 155 120 42 218 133 99 157 176 227 123 236 236 86 211 70 197 59
    69 104 80 202 250 170 103 186 213 88 108 164 194 62 15 125 112 24
    198 200 78 0 6 112 37 203 61 24 143 203 181 26 248 29 133 16 245 205
    184 217 192 214 45 16 187 147 55 8 227 127 2 99 214 167 98 62 43 64
    111 148 175 39 61 129 205 192 189 142 128 13 191 124 178 49 154 158
    79 191 3 247 136 171 94 79 33 22 9 156 119 253 255 82 176 91 157 124
    135 47 103 25 8 92 121 216 147 240 238 225 130 105 118 168 88 207
    130 33 247 141 79 207 171 21 74 53 253 95 99 129 185 141 240 102 186
    98 51 162 149 79 200 20 220 171 142 209 6 253 83 219 231 77 209 235
    169 11 214 239 207 246 34 160 216 110 83 244 23 98 145 241 85 12 51
    1 149 1 239 20 204 110 199 251 106 240 35 238 245 236 157 1 115 200
    6 178 137 177 166 81 20 145 132 188 97 26 98 4 228 164 182 72 77 188
    66 241 210 18 227 112 97 85 200 52 148 198 46 241 54 34 58 244 76 64
    171 170 231 176 22 68 124 102 165 101 37 204 162 137 193 174 250 204
    157 64 86 114 107 215 195 151 60 169 41 196 240 28 2 31 119 223 142
    100 51 121 90 146 137 195 119 81 166 128 238 227 230 105 235 234 124
    145 199 243 64 220 96 132 221 11 27 193 13 138 102 132 93 111 217 31
    212 110 214 84 255 214 74 2 235 191 22 75 195 113 41 160 47 124 106
    120 52 213 15 149 32 105 162 62 91 186 107 176 152 80 104 206 59 249
    185 39 232 182 82 190 164 220 148 85 149 75 15 206 79 249 123 59 202
    32 132 238 238 57 60 101 218 91 158 247 159 77 134 22 246 61 131 227
    146 60 120 73 11 77 172 146 31 239 121 65 254 143 24 37 233 47 165
    177 253 244 74 120 172 107 50 190 9 31 150 129 166 161 132 49 161 6
    53 79 175 68 70 99 243 86 46 201 186 5 129 245 187 219 29 216 149
    173 58 38 165 214 168 16 214 128 71 193 74 122 111 72 18 133 72 116
    161 22 247 11 9 49 201 255 181 185 163 160 10 125 203 154 188 34 138
    206 112 132 51 191 236 113 19 68 43 247 77 144 42 250 57 135 25 70
    71 128 232 13 45 142 35 18 160 162 238 23 192 41 45 79 7 252 93 236
    118 232 162 174 85 73 130 60 44 203 182 204 59 38 55 138 79 20 249
    16 43 254 13 10 56 14 225 18 191 65 210 142 236 32 243 43 232 153
    205 1 203 36 67 95 82 144 142 103 57 251 239 125 47 155 249 40 253
    230 115 83 127 208 217 44 138 51 81 164 83 126 142 92 185 97 47 214
    122 81 236 78 245 75 118 133 49 48 210 75 62 122 83 20 43 37 81 130
    130 251 213 89 120 249 251 149 192 176 246 72 53 100 174 80 60 117
    92 223 140 179 243 194 52 7 1 132 93 191 171 112 239 30 155 129 147
    233 24 159 6 86 40 58 49 53 153 116 173 128 2 149 25 56 128 125 229
    45 90 19 102 163 83 62 32 251 82 224 60 164 171 227 211 140 131 169
    170 191 76 107 5 164 85 94 69 66 14 107 41 152 164 52 186 30 45 71
    139 157 119 45 214 61 211 186 1 79 235 176 52 95 40 7 236 150 192 93
    39 11 232 238 100 77 227 242 61 164 22 55 67 88 241 86 156 238 119
    144 160 250 168 50 207 158 253 140 16 127 99 100 110 193 174 179 182
    86 12 37 4 142 11 141 135 56 72 241 66 136 173 148 117 141 176 76
    204 177 145 253 31 220 4 235 103 131 213 56 99 221 103 204 178 216
    37 193 15 136 76 184 140 154 152 138 105 243 229 200 254 67 90 235 9
    100 36 168 124 27 140 222 194 233 170 102 200 252 159 105 12 54 200
    87 150 228 25 46 115 160 114 182 36 61 136 133 162 135 191 131 191
    253 73 9 246 240 199 243 58 134 138 125 54 186 253 157 205 111 243
    231 246 143 102 232 143 4 37 92 51 97 195 114 43 50 32 183 82 71 135
    10 147 7 160 104 51 205 144 72 48 172 4 34 95 136 243 72 212 3 158
    191 139 30 145 47 40 120 128 224 68 134 116 243 134 149 233 86 43
    211 1 66 164 174 152 60 246 90 222 131 207 153 41 17 241 29 236 163
    75 235 192 157 117 133 241 242 4 105 208 172 222 198 82 252 141 78
    90 134 38 67 73 13 201 17 119 178 18 176 224 41 71 96 91 248 214 64
    226 171 50 78 105 107 241 33 86 64 163 34 245 12 86 194 120 250 64
    136 153 171 97 19 83 142 244 125 3 19 208 255 231 0 92 133 157 71
    219 194 62 169 55 162 37 67 214 79 245 31 239 82 185 179 57 126 210
    191 180 1 88 219 82 22 104 31 95 38 148 61 26 217 117 74 120 77 172
    84 208 8 109 137 85 170 246 133 219 45 176 103 24 156 106 33 213 185
    251 150 179 46 133 114 96 74 185 114 18 104 173 223 188 238 178 71
    95 102 123 184 194 212 80 108 125 142 18 124 202 7 160 151 126 30 74
    226 130 125 186 164 103 2 64 60 60 96 132 26 188 227 147 67 104 103
    211 25 56 66 95 55 97 111 39 165 205 218 45 74 129 235 1 178 252 223
    211 230 83 35 135 223 171 226 51 247 162 62 134 1 82 145 12 67 130
    208 88 175 227 49 29 179 141 48 85 34 81 14 126 129 114 233 175 237
    112 98 198 176 197 108 222 63 69 99 167 202 131 217 215 41 225 125
    77 79 208 100 167 43 210 20 157 12 243 254 50 247 50 58 158 146 30
    56 180 156 54 97 77 62 115 17 221 47 208 138 25 76 243 222 71 177
    177 68 159 71 43 167 65 111 33 47 63 205 110 192 179 112 232 21 138
    156 81 157 63 21 238 255 13 53 147 236 177 28 165 201 15 193 131 39
    7 57 9 77 3 91 116 138 111 185 46 0 180 43 29 196 61 160 131 18 197
    170 75 229 123 243 109 40 145 39 19 11 61 37 240 50 182 87 136 40
    253 15 110 102 22 149 12 191 15 81 227 183 5 118 46 75 206 73 1 125
    230 43 49 100 41 220 183 4 254 229 145 144 70 126 185 191 95 35 127
    168 220 73 241 53 86 217 133 91 41 218 191 86 126 180 179 85 10 29
    243 166 159 79 75 178 194 115 193 88 57 166 245 96 80 235 248 62 30
    28 111 127 192 110 169 42 98 196 69 237 81 69 40 173 95 94 102 195
    195 79 201 33 212 19 46 114 42 37 103 169 92 154 117 197 132 121 51
    242 6 157 247 228 82 74 189 18 215 46 89 135 59 253 173 167 253 157
    126 210 227 20 232 203 131 97 32 143 90 201 241 201 82 122 64 172
    228 184 212 247 233 129 244 248 113 158 116 232 192 101 13 149 159
    193 137 236 190 239 236 193 103 220 25 41 156 253 164 92 224 118 196
    29 225 10 156 190 208 33 138 140 206 30 127 115 43 123 219 88 125 47
    201 192 151 209 38 115 255 54 173 25 27 225 115 253 228 100 31 93
    140 32 33 113 246 225 162 55 15 16 253 130 24 255 188 172 114 213
    245 91 234 72 181 71 254 66 10 227 233 55 90 168 92 114 166 205 23
    33 159 78 53 90 24 208 180 164 30 99 235 40 251 106 160 180 149 104
    22 187 208 213 36 189 85 210 187 117 177 154 2 14 114 152 166 137 95
    8 26 207 164 137 29 197 11 76 146 167 76 165 249 60 120 16 224 220
    216 253 199 207 251 50 82 3 82 63 47 104 27 163 187 95 84 97 20 254
    128 195 240 126 153 202 228 35 187 192 8 112 195 95 179 123 210 94
    171 24 249 79 255 121 77 138 25 126 130 184 187 228 32 114 245 89
    174 82 103 98 144 145 16 13 56 213 204 156 85 69 232 27 242 213 218
    233 147 221 230 244 83 103 167 170 116 108 104 42 217 133 13 192 165
    206 208 12 189 136 233 172 234 226 240 219 248 103 108 238 225 200
    192 231 109 233 201 233 246 105 183 33 225 194 99 133 159 167 83 216
    39 181 145 150 47 195 30 105 112 60 66 35 179 128 117 195 123 37 154
    73 4 66 83 155 224 173 35 170 72 136 97 210 219 219 55 222 248 218
    27 87 100 152 73 39 151 45 227 179 214 50 195 135 6 93 99 75 11 171
    251 150 42 220 201 65 175 7 198 18 64 209 145 252 240 105 146 210
    174 191 171 95 236 192 217 175 48 223 246 138 99 197 74 253 152 143
    95 209 140 138 74 174 24 248 249 37 238 86 160 29 217 254 70 67 156
    137 117 33 122 35 112 1 242 182 145 119 249 184 99 124 18 73 167 157
    143 56 216 189 136 154 99 20 195 25 55 208 184 244 223 195 65 166
    147 133 129 22 0 241 28 224 251 117 39 87 25 52 67 180 179 130 112
    102 189 16 203 195 81 26 65 199 25 141 132 165 148 149 29 108 32 120
    237 121 67 127 114 145 153 30 105 165 181 75 162 105 147 190 143 125
    228 171 236 50 122 58 150 42 59 89 227 135 102 97 52 129 242 35 150
    153 175 185 156 213 6 104 238 194 83 26 41 8 26 89 61 214 202 95 42
    61 48 86 41 217 195 31 18 105 76 119 144 168 217 159 94 213 207 217
    95 31 198 14 211 59 119 197 27 134 11 2 191 20 113 113 1 88 109 78
    103 159 124 31 52 185 164 73 186 222 98 166 181 112 46 3 138 96 74
    203 60 234 72 41 209 189 84 89 255 24 47 153 66 205 226 183 165 24 6
    236 62 4 177 46 28 125 176 71 213 194 113 36 176 180 185 250 182 89
    200 182 217 222 112 245 103 248 60 253 163 166 204 79 252 79 30 34
    131 151 131 42 67 100 14 223 57 213 12 5 49 139 73 178 150 17 168 37
    198 21 43 200 179 143 88 203 32 35 48 184 236 227 134 57 90 104 25
    211 196 204 71 40 171 173 238 103 77 113 160 232 49 40 209 0 40 140
    90 40 74 196 95 214 143 254 253 141 62 25 112 194 119 45 23 194 233
    136 82 192 240 246 184 147 185 8 72 76 30 165 246 194 220 184 215
    251 172 130 29 158 82 245 58 83 58 8 174 117 161 121 246 108 157 190
    102 235 197 233 6 88 181 34 109 96 75 216 150 48 183 13 128 123 154
    119 117 47 152 219 127 94 18 232 87 155 117 73 63 248 30 189 79 46
    243 195 92 48 62 87 28 145 201 57 0 88 123 95 137 3 227 77 229 63
    138 200 94 66 254 40 45 135 50 21 124 37 19 98 110 157 80 170 67 133
    52 129 219 97 59 180 144 98 89 187 195 176 209 82 148 75 54 113 170
    212 20 181 4 174 172 148 91 92 159 248 37 229 129 201 81 51 227 71
    19 15 15 136 46 214 205 134 190 110 32 167 183 149 146 229 17 107
    185 105 151 154 115 133 39 60 251 164 92 119 21 177 133 121 159 87
    158 210 172 131 10 132 13 52 230 12 189 240 92 110 115 178 191 163
    70 206 209 68 34 97 251 4 106 59 124 130 7 18 191 119 226 17 177 71
    164 216 145 17 11 44 91 140 253 156 86 77 73 12 118 198 43 196 82
    112 105 202 32 20 247 128 81 108 151 78 92 216 203 61 50 46 124 233
    159 234 241 46 218 195 185 10 129 239 42 210 162 219 113 195 56 220
    13 115 151 243 2 10 41 211 11 50 46 113 235 63 161 14 209 38 154 190
    109 44 167 34 137 106 93 64 240 171 42 181 120 246 162 162 215 58
    228 246 48 149 74 72 143 158 213 208 111 165 244 151 77 10 92 148 68
    206 225 23 175 64 48 116 119 221 31 189 34 47 216 238 225 175 111 47
    14 115 92 51 197 217 140 208 198 247 0 63 11 86 209 105 19 39 65 40
    141 222 241 48 248 77 63 246 189 97 30 185 194 52 73 15 92 90 132
    135 162 207 147 229 220 135 89 173 238 107 205 210 2 233 110 116 190
    18 90 132 125 123 110 30 105 49 45 230 177 25 57 118 243 57 238 92
    44 211 40 223 111 14 52 115 74 75 85 143 65 131 95 60 235 97 122 27
    50 46 6 98 143 128 14 33 200 148 135 112 182 99 27 81 36 124 138 9
    31 99 237 168 62 97 124 220 55 146 136 88 67 17 57 95 32 207 62 71
    219 83 196 103 58 116 20 10 246 218 164 124 35 255 109 219 70 17 114
    70 220 162 37 194 167 98 231 155 170 247 141 93 120 44 87 200 190
    214 218 21 118 235 159 38 244 61 137 177 238 67 210 198 197 154 54 8
    43 39 68 31 59 23 91 231 29 125 97 65 143 161 173 3 20 62 218 211
    113 70 5 87 56 84 177 11 101 154 169 86 178 197 134 219 201 81 143
    28 119 215 145 55 51 89 0 252 28 64 242 139 21 17 132 1 176 30 164
    53 131 147 15 159 252 177 232 165 29 225 45 255 1 131 222 212 33 34
    13 138 80 92 65 165 212 114 207 120 186 180 238 51 76 222 35 118 226
    45 110 3 182 48 58 107 0 223 57 1 254 161 122 182 171 235 33 124 98
    81 127 79 129 172 239 198 247 165 232 45 181 113 247 163 221 46 179
    152 29 155 130 129 180 170 76 105 139 222 228 162 103 202 81 177 244
    201 198 195 86 99 220 68 170 48 9 107 192 49 202 168 80 153 46 111
    97 152 121 59 203 34 93 60 123 98 185 209 200 149 33 129 249 182 211
    111 13 243 134 250 32 79 231 205 214 58 115 234 152 30 150 74 255
    167 115 162 102 18 145 186 10 110 106 88 24 230 22 22 240 67 133 237
    117 30 246 29 18 89 131 22 95 73 15 37 8 108 46 136 125 76 127 191
    165 4 95 36 245 185 207 224 134 16 151 91 121 93 69 186 88 119 115
    171 31 3 243 172 146 107 150 46 113 231 29 142 170 254 167 183 48
    217 177 9 250 67 216 204 175 6 169 150 40 42 229 51 236 41 50 88 136
    193 146 251 99 150 145 74 203 158 41 21 76 53 77 240 58 8 11 81 71
    175 189 205 222 101 248 157 191 135 61 36 100 234 22 63 147 104 74 5
    219 192 179 92 56 158 160 197 29 237 34 95 100 2 215 106 3 40 48 37
    174 119 178 59 204 210 34 129 236 203 248 60 245 240 225 228 239 70
    109 48 234 191 119 1 125 215 112 119 214 32 237 110 23 238 114 225
    250 96 202 139 235 160 141 161 3 213 38 222 92 175 74 162 115 13 204
    87 138 136 217 171 154 29 102 117 78 255 250 50 70 33 147 228 141 37
    71 5 97 31 167 107 184 247 166 139 92 99 254 164 176 201 108 237 144
    59 142 26 163 48 67 25 89 76 76 242 230 190 231 18 118 79 112 17 228
    235 124 13 69 129 31 212 44 23 72 45 196 246 77 199 93 124 158 181
    250 178 112 214 130 44 66 225 40 73 188 23 29 53 237 88 134 145 245
    117 119 81 20 137 177 77 248 252 221 27 59 3 223 187 199 228 128 163
    119 116 169 6 65 235 126 90 165 34 100 129 151 133 171 125 41 168
    254 226 216 179 238 236 212 117 38 239 233 126 255 123 60 137 78 129
    35 199 37 202 170 105 125 232 14 133 159 9 184 171 148 64 17 200 211
    143 150 103 115 119 111 212 243 164 76 153 211 255 149 110 53 204 95
    69 153 42 254 197 55 208 83 253 143 166 83 148 237 185 134 159 149
    173 82 62 207 106 184 18 180 191 226 25 33 99 113 82 209 180 252 135
    254 36 45 81 227 38 114 79 56 35 20 8 176 73 58 82 19 115 235 106 72
    171 28 68 153 25 194 13 80 206 46 96 3 112 164 46 182 177 191 63 34
    44 59 216 82 92 144 94 44 46 52 127 68 21 108 126 112 44 136 83 124
    14 169 214 184 30 185 196 222 71 141 229 24 180 181 24 35 5 64 172
    28 225 15 192 118 74 153 209 229 122 17 213 228 193 208 246 177 111
    220 196 155 40 180 211 170 209 200 213 55 225 13 25 100 139 123 220
    49 196 162 169 166 227 23 40 59 197 81 72 59 151 221 74 121 216 201
    67 186 115 249 122 223 197 1 50 201 18 184 212 82 144 105 6 255 86
    100 213 59 221 136 154 212 127 89 95 17 212 244 192 105 43 56 60 113
    65 239 52 151 148 219 100 167 21 136 231 134 30 151 41 70 44 52 68
    150 126 183 180 249 97 44 190 109 160 36 155 170 128 181 4 23 170 32
    80 8 137 71 235 31 238 116 161 150 216 111 12 200 184 155 246 247
    253 209 31 98 91 87 42 217 198 185 251 225 203 157 253 134 70 123 6
    178 60 0 14 31 60 146 9 124 8 43 206 198 81 194 241 77 128 221 78
    148 229 167 210 24 79 61 84 40 46 42 131 221 133 7 221 120 8 164 19
    187 192 140 95 122 157 24 211 19 88 138 17 6 231 215 16 100 181 66
    226 91 21 178 54 58 172 4 70 241 55 25 82 127 63 211 117 31 90 172
    67 75 84 120 243 212 4 97 179 190 6 237 2 96 36 146 45 191 227 60 66
    75 158 165 98 43 147 95 195 242 62 227 214 32 2 59 241 73 207 97 148
    194 56 223 67 221 187 76 113 207 218 217 174 203 252 239 226 40 184
    165 51 80 87 153 8 75 173 134 209 147 115 18 154 210 181 197 203 80
    86 31 47 193 75 228 120 25 159 103 204 80 250 244 226 212 181 69 122
    221 154 75 183 61 82 204 16 237 109 138 178 181 10 136 55 179 185 33
    111 84 4 8 179 120 215 108 244 29 235 183 151 55 92 68 238 223 155
    253 74 12 140 29 76 229 92 252 197 85 168 242 81 3 242 123 143 156
    250 162 79 142 183 207 122 62 176 68 41 223 126 48 19 81 244 218 233
    109 153 147 121 75 41 178 16 236 180 71 212 134 15 9 60 70 116 47 73
    59 65 67 221 239 116 87 35 174 238 3 89 70 22 140 110 92 202 161 31
    106 144 106 37 59 51 197 4 232 80 81 90 17 25 47 167 254 176 76 185
    121 41 18 38 192 150 54 163 224 40 153 186 93 132 47 50 29 182 224
    181 120 201 1 27 198 255 225 67 204 250 167 232 160 110 148 166 142
    136 144 3 177 73 239 212 38 58 220 120 35 128 237 208 167 207 164
    231 238 128 112 117 163 23 116 67 100 6 172 178 120 22 54 53 86 44
    152 115 6 144 218 201 90 252 205 25 235 95 134 184 82 144 50 136 148
    54 231 134 186 18 162 1 59 13 42 12 247 190 220 39 133 186 13 63 240
    111 13 171 214 24 5 42 72 25 87 175 98 44 165 169 150 108 195 6 35
    68 12 132 69 48 0 154 206 37 180 79 58 4 55 129 70 70 94 244 165 27
    99 153 67 185 34 228 33 35 59 107 145 66 62 137 188 131 215 177 63
    37 183 90 235 161 132 61 110 22 153 138 152 34 97 238 245 192 250 41
    54 104 222 87 253 67 252 142 144 181 157 76 227 144 119 180 53 50
    220 35 172 248 15 240 107 108 228 130 226 134 249 177 182 92 116 19
    10 205 197 143 94 107 88 84 154 195 134 132 107 188 152 239 26 27
    173 243 211 102 251 57 95 165 206 30 160 25 161 16 58 177 115 95 43
    137 116 85 196 178 189 45 71 213 164 86 85 226 190 145 4 217 235 225
    198 7 116 221 105 74 88 26 221 191 207 10 164 3 63 44 149 127 182
    232 248 154 10 147 57 96 10 29 218 123 59 154 133 98 7 206 123 24
    174 147 197 176 83 14 100 79 81 212 74 101 97 52 243 233 18 33 218
    110 206 200 154 37 167 68 228 185 177 133 7 91 131 213 208 137 179
    211 60 240 138 236 239 238 98 4 197 236 117 168 53 92 231 79 162 12
    25 68 129 14 55 178 201 148 138 12 102 1 60 23 20 219 37 81 228 44
    167 47 217 176 176 189 138 147 231 168 148 68 2 222 11 19 210 112 80
    42 144 212 235 8 22 101 226 132 68 32 0 247 180 199 19 4 225 176 209
    67 179 23 235 64 47 20 42 242 195 200 247 121 54 250 34 209 195 229
    176 11 135 13 142 27 234 255 86 42 221 236 171 17 87 123 194 184 1
    100 215 32 221 113 127 219 57 180 62 25 208 228 5 163 234 94 98 141
    82 70 56 58 15 195 172 80 21 90 84 183 130 250 135 153 7 43 245 220
    208 33 210 100 160 249 188 219 185 39 15 122 145 146 144 116 25 180
    95 118 163 158 146 157 47 65 250 63 143 198 89 114 18 85 134 210 99
    145 118 250 200 57 94 30 188 122 31 139 66 76 104 13 12 114 183 22
    51 116 57 146 104 153 194 4 87 19 81 127 190 24 172 98 93 130 130 10
    33 53 21 110 195 222 175 149 228 233 192 0 230 190 63 162 85 121 165
    200 181 137 163 165 245 91 193 180 77 199 7 112 155 162 155 181 98
    145 190 224 233 80 228 224 201 134 124 143 109 220 136 128 253 236
    141 84 212 129 24 23 129 123 84 6 199 43 52 94 168 19 20 111 65 154
    20 12 127 29 43 202 35 55 15 232 195 131 147 48 142 193 188 39 74
    104 70 237 56 99 211 255 86 125 127 78 121 71 177 126 228 134 118
    156 201 140 194 127 58 203 59 47 245 120 23 167 111 23 202 228 238
    243 77 5 63 254 206 207 1 32 14 201 172 157 176 242 251 35 43 248
    231 168 181 78 130 43 234 156 220 113 74 161 19 59 62 212 195 181 91
    233 69 89 173 5 161 203 144 244 160 141 135 166 195 59 153 180 154
    75 146 142 125 171 250 158 72 16 32 252 34 174 110 155 136 112 133
    158 96 178 236 211 238 156 146 79 86 241 125 202 64 107 147 158 160
    21 88 93 199 203 243 161 131 92 209 227 45 141 61 38 10 37 254 126
    25 105 203 48 136 107 227 33 16 238 64 171 223 48 102 3 145 115 214
    91 121 109 12 113 252 142 167 186 176 17 123 212 214 74 246 115 252
    131 69 79 209 234 56 6 205 247 85 207 230 162 171 241 104 237 91 128
    155 154 88 167 83 209 221 125 144 139 81 64 177 48 166 94 17 70 64
    169 89 190 146 137 166 6 95 211 56 173 138 249 201 208 39 14 84 4
    191 254 209 186 136 80 235 62 13 110 247 187 198 221 111 241 244 120
    34 203 79 60 75 82 85 153 175 115 25 31 224 208 124 163 29 36 239 44
    114 5 251 213 172 23 138 97 141 153 96 121 41 116 112 217 21 7 27
    191 37 45 209 211 228 146 13 216 16 255 216 131 218 203 143 39 5 33
    244 1 95 82 230 154 136 240 31 110 183 119 241 46 161 167 141 95 217
    90 128 233 177 90 53 178 216 38 37 68 95 220 112 131 217 53 23 77
    150 230 151 244 143 150 198 165 249 229 91 200 150 180 142 206 198
    178 157 196 181 241 82 65 34 228 234 50 43 150 28 39 48 167 37 99
    132 120 221 57 190 199 226 208 15 40 249 75 181 199 121 128 150 250
    51 228 255 148 111 123 203 74 6 137 124 21 211 80 220 208 241 183
    159 188 187 135 55 169 199 12 151 91 101 38 232 142 238 144 150 255
    232 250 19 251 101 170 192 255 16 61 192 57 14 139 17 24 91 96 232
    185 228 232 18 22 92 106 48 17 103 132 17 199 159 41 231 250 204 95
    75 57 63 178 135 33 132 21 125 152 95 36 202 159 84 23 54 249 20 201
    193 95 27 178 234 123 150 214 139 243 24 111 134 46 116 100 74 81 61
    137 106 55 116 37 19 138 35 64 132 153 199 198 121 90 216 217 119
    232 249 105 209 161 49 25 222 123 183 222 100 2 34 76 56 169 213 110
    84 16 101 35 172 140 105 71 26 174 44 252 228 201 184 110 31 200 240
    76 27 60 203 209 241 24 112 7 210 0 198 10 213 173 241 168 2 165 135
    57 80 45 110 227 157 91 77 92 33 87 161 5 202 245 159 95 46 105 120
    202 67 137 109 72 121 13 48 164 173 93 25 206 39 196 1 33 64 89 97
    206 186 30 19 204 134 137 136 229 168 62 99 50 49 133 8 99 136 197
    194 153 192 21 128 16 71 219 196 28 192 48 246 14 128 251 157 229
    153 134 112 3 84 83 195 220 178 153 220 13 39 185 239 242 17 116 1
    152 2 126 180 115 175 189 172 215 22 150 94 224 144 29 75 104 26 7
    97 191 125 236 17 84 174 245 127 59 213 16 90 38 213 184 36 10 161
    86 133 146 78 187 42 157 119 238 97 224 107 165 188 50 26 69 66 38
    82 17 233 129 65 15 21 13 239 174 177 222 91 230 23 11 231 117 92 93
    91 214 207 61 165 64 241 12 42 251 247 201 164 248 179 85 226 95 101
    198 37 182 195 207 8 193 147 56 79 172 220 99 86 109 143 99 57 8 227
    243 245 245 158 241 194 173 30 181 114 161 112 141 103 245 133 239
    220 140 163 222 245 168 69 164 105 233 63 31 122 225 229 183 179 163
    128 224 35 217 181 231 118 57 100 145 91 106 222 196 34 112 51 149
    66 189 165 255 150 176 150 40 229 195 254 152 205 61 108 180 170 96
    240 73 243 12 145 1 230 166 44 7 213 94 104 112 196 27 32 118 178
    210 58 42 116 107 33 34 117 127 91 60 24 13 193 148 71 96 10 43 132
    17 92 187 161 112 151 69 102 62 199 173 73 210 127 69 144 125 203 69
    175 160 86 21 142 93 69 172 200 197 134 56 41 236 5 103 61 163 118
    93 122 54 173 47 66 97 125 203 108 237 251 124 4 227 143 33 131 106
    152 43 111 133 237 227 228 149 120 74 205 143 207 42 180 38 98 52
    251 203 156 16 184 22 147 214 206 13 236 42 68 211 84 188 186 218 94
    48 170 71 177 76 151 104 97 15 159 53 200 148 116 193 153 133 78 53
    164 57 251 70 199 240 39 48 230 79 122 161 178 174 249 67 237 33 180
    64 61 176 101 99 156 255 225 234 77 111 116 250 29 56 79 175 129 55
    205 85 184 52 58 1 168 67 37 27 111 77 39 224 140 197 30 165 223 110
    106 112 138 67 8 126 123 242 105 218 6 64 101 207 181 137 253 166 63
    208 208 150 221 117 32 142 27 179 123 198 53 19 144 92 207 57 146 39
    246 204 196 51 232 151 220 7 20 31 168 241 68 152 33 130 160 242 68
    86 95 30 22 60 25 20 165 187 22 194 163 143 140 120 212 185 92 14
    169 66 142 251 255 87 218 4 222 38 64 68 136 23 224 30 40 143 129
    170 115 203 52 220 5 38 98 35 121 22 78 95 103 131 212 205 225 53
    226 179 3 244 163 131 147 95 241 46 104 1 56 154 54 186 216 244 234
    152 80 25 152 11 77 103 180 148 114 7 48 162 115 246 2 190 69 201
    255 60 175 118 16 101 93 53 194 72 194 5 29 142 55 103 168 103 217
    154 214 100 3 198 47 166 243 194 246 251 93 4 252 71 178 146 192 100
    13 136 220 55 253 215 32 236 144 191 61 98 76 116 232 64 192 19 6 12
    123 72 17 237 21 67 162 251 0 47 86 84 69 85 142 36 17 99 76 158 112
    97 237 181 98 80 5 252 5 12 212 78 224 243 140 214 19 23 98 52 176
    235 123 224 162 67 24 100 254 235 167 185 35 188 100 181 34 135 86
    243 141 237 231 216 218 225 151 35 163 131 66 183 79 32 34 81 224
    159 250 138 214 4 107 0 175 38 124 110 5 247 71 97 247 53 181 174 75
    110 17 213 100 30 53 134 121 128 13 242 41 128 33 5 7 224 174 84 169
    46 42 222 108 142 102 131 192 51 25 79 140 40 171 17 104 185 133 200
    76 165 166 253 16 11 150 106 230 220 11 95 221 81 217 224 81 176 179
    108 240 105 45 114 117 240 54 1 140 231 165 62 103 181 167 55 102 38
    205 176 133 49 239 182 71 226 171 88 98 79 22 24 164 119 172 96 30
    172 184 225 234 86 231 4 167 173 30 150 141 176 52 67 92 80 155 156
    85 246 185 21 59 144 253 130 67 251 68 232 106 204 95 252 98 80 29
    199 17 85 20 202 200 152 245 233 103 11 219 58 252 32 48 123 145 131
    185 227 30 87 68 243 97 27 146 75 30 5 17 21 228 13 79 3 52 107 255
    18 57 179 112 73 73 47 41 217 158 112 19 11 33 43 199 140 117 5 82
    37 212 66 159 101 49 75 109 133 41 85 243 213 245 24 234 163 185 108
    143 58 110 40 32 89 147 143 191 166 77 173 155 171 191 104 191 199
    12 66 102 72 83 27 48 2 103 39 20 24 46 132 126 56 62 112 186 80 118
    233 186 38 117 90 232 221 183 112 104 70 207 53 228 255 56 195 240
    73 121 184 210 65 180 139 12 245 15 128 164 109 208 161 68 223 21 68
    196 255 215 140 171 213 154 27 25 153 86 186 192 122 130 196 54 19
    131 12 41 177 101 246 79 218 180 80 15 154 221 71 206 0 48 65 161 42
    146 36 26 146 7 169 110 106 168 207 22 226 183 162 191 232 101 52
    176 97 200 97 179 147 186 12 197 82 71 198 158 80 158 150 157 112
    132 194 118 198 106 49 141 217 149 28 42 179 154 98 84 124 98 144 16
    159 55 18 42 143 162 105 120 58 183 250 63 83 188 176 48 50 45 51 62
    185 94 255 246 170 56 115 43 206 128 196 210 27 19 81 166 187 188
    149 129 28 105 34 51 233 19 139 201 45 225 14 120 62 213 44 55 172
    114 229 124 173 22 36 170 161 253 221 63 246 65 93 95 167 147 159
    147 68 78 232 244 19 127 58 25 123 255 151 54 17 118 120 9 176 243
    124 175 143 159 157 174 76 8 58 61 227 165 129 41 224 164 115 184
    106 240 166 168 174 21 114 178 7 158 52 160 99 149 238 243 226 194
    206 17 162 137 154 121 229 187 101 99 90 183 233 196 7 34 146 194
    151 52 138 3 26 49 147 139 88 188 145 168 57 138 136 18 196 92 71
    102 85 72 222 93 81 39 193 40 65 112 181 201 237 186 3 203 176 170
    91 187 107 156 196 10 148 174 47 80 221 47 61 243 130 97 11 87 155
    149 4 168 254 92 150 163 251 230 69 31 47 66 117 223 230 56 17 3 104
    23 248 112 156 147 79 224 134 103 33 106 152 126 213 51 130 93 158
    100 79 149 154 81 146 182 202 159 245 140 149 79 36 50 153 148 141
    118 104 144 69 92 185 94 30 62 240 122 210 12 165 106 16 227 76 13
    236 90 42 9 65 152 202 201 150 98 173 179 71 22 126 104 118 200 63
    201 165 123 97 145 50 66 98 105 248 90 184 100 196 189 154 67 30 190
    85 112 62 172 207 166 40 149 233 179 16 200 104 114 53 213 220 103
    238 168 16 180 94 73 68 1 22 241 200 65 59 100 185 236 193 174 80 3
    216 172 200 51 223 67 13 109 146 29 220 81 232 119 182 114 140 232
    248 156 233 100 88 173 93 11 9 26 53 246 186 15 97 82 206 242 101
    190 10 147 117 125 91 132 140 246 120 83 186 44 223 214 43 135 187
    53 15 80 139 90 120 230 50 217 142 201 114 122 94 224 254 40 141 162
    152 232 114 240 70 221 120 239 92 145 175 69 88 163 238 107 108 191
    184 54 241 37 124 185 125 52 229 68 243 149 225 10 103 238 104 59 3
    96 49 100 224 69 104 196 172 254 96 146 14 28 16 69 195 183 222 242
    122 75 185 1 142 5 247 103 239 15 106 134 186 23 240 28 206 226 171
    131 80 71 46 26 21 215 193 119 108 214 77 3 157 147 171 19 74 180
    160 141 185 190 72 207 56 190 118 235 11 226 252 246 5 107 85 158
    246 63 118 85 144 149 110 184 192 62 120 153 244 126 15 163 73 206
    145 143 188 172 142 24 156 63 220 79 11 28 104 42 38 125 15 199 173
    240 121 137 209 152 113 26 132 246 71 143 98 69 69 17 200 204 152 4
    194 185 32 123 87 113 80 34 10 67 200 22 67 233 123 166 168 170 160
    209 111 229 14 179 76 112 231 138 44 139 206 221 51 13 106 240 116
    63 227 229 109 154 24 195 151 64 110 154 8 15 162 149 195 185 221
    140 243 181 150 111 131 193 166 91 164 217 203 4 94 41 93 205 136
    162 107 79 195 10 172 64 73 196 226 233 162 147 113 25 197 1 51 18
    131 148 212 207 108 97 159 217 206 247 3 134 215 160 182 35 73 116
    51 100 109 137 147 72 86 45 230 174 224 236 16 151 250 42 254 102
    217 40 144 166 129 61 180 234 134 47 23 155 249 101 219 107 121 35
    173 245 59 109 217 232 82 164 125 37 157 106 110 207 190 32 241 67
    155 224 252 160 68 211 196 196 193 98 60 71 196 227 218 38 191 212
    241 92 2 216 102 175 165 127 44 18 223 218 203 214 89 101 27 48 198
    11 117 114 69 123 128 160 47 58 169 145 247 167 81 151 3 22 46 168
    120 151 201 73 107 156 17 1 19 13 16 72 5 47 101 166 176 41 63 81
    179 233 65 253 90 168 201 155 28 241 183 165 21 45 99 168 198 27 45
    255 245 108 132 178 76 226 12 79 45 184 212 15 189 166 67 25 71 152
    252 85 185 50 186 100 44 132 204 247 165 127 155 77 175 70 86 92 201
    74 7 49 72 24 54 53 6 255 195 232 167 220 90 169 220 180 177 183 59
    25 64 44 80 112 233 147 118 96 38 92 21 43 70 13 93 204 237 242 197
    53 20 227 44 205 162 174 162 213 187 193 183 242 42 97 72 47 113 38
    27 91 166 6 150 42 167 80 161 121 92 157 226 236 122 29 75 51 159
    132 17 100 25 35 215 139 122 201 42 229 207 22 55 204 116 34 36 75
    49 35 80 137 65 239 169 196 121 29 80 196 104 67 3 222 71 18 40 4
    197 77 101 199 223 17 139 246 30 114 148 152 23 212 99 114 3 196 137
    32 103 217 216 31 103 215 113 130 81 52 250 7 81 243 110 232 129 48
    25 93 250 208 225 41 249 75 112 238 242 99 168 208 238 80 0 53 73
    254 55 118 214 151 226 196 54 52 223 113 34 47 31 172 228 105 60 192
    212 34 84 117 26 120 87 203 218 77 9 245 14 110 77 73 14 102 165 97
    148 143 116 187 32 64 48 122 140 54 86 236 188 68 103 21 214 108 15
    181 164 89 28 55 175 178 181 188 249 195 180 89 140 177 30 146 130
    103 77 60 41 59 189 64 65 21 214 54 119 80 91 96 35 34 37 94 17 48
    180 181 75 188 26 111 34 232 132 92 77 160 17 127 99 179 88 44 168
    212 107 145 84 47 204 161 22 205 247 218 141 98 77 199 225 166 43 99
    105 216 224 139 224 230 122 196 216 24 218 140 91 54 208 243 201 120
    34 28 19 134 243 203 31 242 81 166 237 219 60 147 83 207 8 162 60
    156 185 184 11 246 143 46 237 105 156 101 14 200 140 75 247 233 215
    146 83 191 245 96 215 24 105 222 187 48 165 23 71 26 254 203 200 93
    125 146 184 173 50 206 144 169 126 53 41 118 233 20 188 107 199 25
    91 65 255 215 248 80 163 124 97 212 45 5 164 225 167 161 110 234 50
    169 189 91 122 42 122 228 215 73 47 40 1 243 222 44 194 163 229 228
    54 131 141 39 209 37 134 189 103 47 167 52 254 144 254 223 91 227
    148 35 82 37 88 236 220 54 143 19 224 33 35 171 181 135 144 174 189
    180 159 25 244 98 236 254 214 72 101 50 4 185 253 86 36 95 80 29 188
    248 37 216 161 137 93 147 55 241 25 150 130 203 187 24 54 133 149 45
    11 35 161 202 232 193 193 174 14 145 36 254 175 13 111 253 173 143
    36 181 100 217 82 32 44 111 146 92 54 159 226 89 168 225 122 254 87
    148 146 21 178 125 70 71 20 22 22 127 120 136 112 149 173 153 240
    171 120 236 80 189 74 76 223 200 32 222 4 97 210 27 193 24 31 9 16
    76 67 140 201 138 211 193 92 19 106 200 22 66 58 121 65 121 151 153
    204 83 92 216 33 239 39 252 228 29 247 237 241 117 215 11 64 31 24
    46 93 161 66 221 172 12 151 99 9 88 176 226 84 232 184 207 169 133
    144 7 138 35 91 149 94 162 153 138 79 247 193 105 207 92 15 15 81
    196 252 76 174 154 84 152 247 66 153 150 63 208 98 125 80 66 239 245
    176 76 68 109 36 188 31 252 199 125 208 181 98 10 63 107 83 76 231
    191 78 180 249 137 38 203 196 157 252 177 101 152 28 29 207 205 128
    55 5 0 203 68 190 116 253 63 3 186 131 145 87 206 222 140 79 88 4 71
    79 185 93 64 46 149 161 41 72 89 189 161 51 44 3 108 167 237 155 87
    233 174 213 101 152 175 72 181 93 220 230 9 195 223 234 172 189 63
    76 152 217 237 209 222 232 200 68 55 88 27 140 203 96 107 76 82 119
    114 132 246 80 230 135 156 250 71 29 200 226 230 74 162 46 85 226
    209 175 220 122 221 64 134 188 204 53 219 205 199 186 98 100 122 149
    174 160 215 132 254 36 85 63 10 116 245 17 175 144 86 27 154 142 208
    191 14 193 179 135 57 125 33 157 252 171 90 163 47 133 112 125 245
    169 223 86 208 114 101 136 108 27 203 164 45 227 97 223 15 215 87
    136 203 130 49 128 180 40 37 132 132 231 204 104 219 206 41 175 206
    56 38 120 126 193 3 174 215 15 126 98 23 125 180 111 95 74 152 153
    134 38 105 166 46 227 236 9 96 187 204 24 248 98 181 74 47 63 112
    195 64 220 212 103 241 123 194 80 86 245 133 186 136 62 150 21 28
    254 100 202 255 165 9 180 72 12 151 105 166 63 244 253 103 39 102 64
    10 222 214 117 158 114 43 69 189 232 44 56 223 101 88 49 246 161 51
    109 36 80 10 151 66 28 38 230 47 4 32 49 161 62 157 187 58 227 158
    180 55 23 73 81 65 210 132 30 119 72 81 147 211 19 20 107 112 151 59
    202 242 48 74 30 16 77 125 31 5 146 1 68 222 209 75 41 211 104 179
    230 47 94 132 192 201 199 223 74 38 111 39 20 17 93 123 124 215 102
    137 4 19 126 194 95 240 128 109 103 107 249 15 251 12 208 180 105 39
    104 238 211 118 124 177 73 43 237 157 66 113 20 238 249 206 251 156
    149 33 6 145 7 190 31 61 108 250 20 194 196 110 131 45 128 128 104
    121 66 29 105 243 191 246 100 193 215 153 104 70 26 217 6 19 8 77
    230 69 173 114 52 146 25 203 192 18 138 156 0 11 216 228 180 242 125
    201 99 11 253 139 239 161 10 204 204 140 154 254 101 54 141 194 224
    241 76 103 119 11 84 13 222 149 44 132 158 108 65 102 118 67 157 150
    126 247 109 0 63 9 17 21 115 92 41 184 202 205 24 109 224 210 216
    225 107 231 239 250 50 99 52 10 67 192 12 117 142 178 59 195 56 57
    213 168 98 16 143 31 13 231 194 42 204 117 196 157 78 228 229 233
    139 119 116 98 170 11 205 216 51 103 212 177 160 18 254 181 75 102
    242 158 232 49 247 119 78 217 46 234 163 211 100 194 2 172 252 117
    31 77 99 83 172 253 190 29 33 69 192 99 139 217 53 88 78 54 43 215
    43 75 108 96 42 180 136 157 106 16 218 104 67 18 183 191 191 213 96
    21 96 8 91 164 235 141 38 196 71 78 153 198 161 110 241 212 174 69
    107 161 196 159 115 78 2 237 16 149 168 119 226 237 255 242 3 162
    164 101 143 150 118 85 96 214 156 42 218 138 135 101 70 55 246 230
    225 172 172 9 72 121 240 138 135 65 101 14 178 32 64 39 236 196 233
    222 219 204 108 88 23 90 135 241 86 181 136 144 98 68 216 93 15 203
    42 157 92 122 228 139 164 186 74 167 74 176 28 197 207 81 187 127 47
    216 9 215 154 182 106 108 15 120 53 113 176 182 87 150 35 7 43 174
    24 3 216 172 210 53 111 245 58 95 114 238 185 167 145 24 224 238 77
    175 149 36 95 221 58 244 134 115 195 243 168 212 30 70 226 249 42
    171 142 99 237 0 107 209 179 140 103 194 61 59 149 118 97 90 68 192
    199 248 123 154 136 127 119 181 151 236 66 5 15 85 61 71 74 66 21
    252 241 66 194 86 99 211 59 105 23 55 148 128 29 15 205 147 184 57
    173 95 121 168 177 189 73 224 165 39 43 17 33 84 30 207 245 26 125
    142 169 118 115 181 161 119 41 51 219 183 117 33 114 182 52 109 122
    137 29 29 187 167 61 254 4 177 134 81 45 36 62 172 238 123 140 144
    69 186 2 176 63 216 74 41 173 8 188 120 164 248 80 81 203 47 193 2
    48 242 214 138 200 218 137 168 10 127 216 2 119 27 123 108 25 135
    121 229 216 16 87 214 255 188 152 78 161 105 168 125 96 208 67 76 35
    135 181 245 108 100 235 63 221 97 224 203 147 38 251 39 164 52 155
    91 13 174 140 148 35 221 213 250 17 61 137 100 144 63 102 114 116 3
    129 136 135 95 219 225 45 184 26 119 170 9 92 194 183 126 170 179 90
    1 44 39 189 130 157 191 173 134 53 208 77 50 143 75 51 38 230 22 50
    165 149 253 116 106 61 244 126 198 4 211 167 115 204 236 160 249 111
    91 55 82 233 51 232 152 28 30 54 147 174 207 236 202 60 71 35 188 81
    164 120 106 164 128 161 110 120 174 169 182 218 17 233 91 245 155
    201 254 199 97 155 253 10 44 237 205 119 232 174 63 89 217 180 101
    92 30 198 219 0 37 191 46 49 202 228 174 226 151 132 182 170 70 33
    98 5 37 116 120 206 233 61 242 23 35 86 246 89 57 128 196 248 24 247
    134 210 192 227 247 106 137 5 41 227 95 211 47 57 13 251 68 163 43
    83 111 165 6 33 107 65 52 107 219 140 178 70 67 92 76 9 93 253 180
    197 102 35 244 49 117 29 70 137 64 228 3 122 112 40 78 246 167 223
    146 194 56 5 44 39 70 82 51 211 199 160 8 78 208 63 74 136 49 156
    111 137 187 185 251 243 64 185 243 66 196 65 129 97 0 13 164 27 62
    222 252 22 21 109 226 139 61 10 125 77 229 249 128 134 157 163 44
    196 254 90 21 203 77 153 195 99 251 188 206 160 12 163 171 69 162 26
    166 116 121 54 55 140 136 183 29 229 234 247 146 227 227 177 96 74
    63 117 29 216 92 8 31 0 9 244 167 1 35 27 68 202 191 181 95 212 194
    5 43 213 92 141 151 31 59 143 240 143 196 12 241 44 76 250 42 137 11
    208 193 94 140 250 190 6 94 37 177 194 255 125 11 101 19 90 185 42
    185 4 188 77 161 221 32 74 53 79 254 104 138 200 125 144 83 143 61
    185 94 83 95 68 85 28 186 208 254 64 114 179 235 189 130 10 175 105
    101 11 16 16 23 62 95 225 25 215 247 65 193 35 144 109 110 118 236 9
    203 237 89 244 176 82 13 137 230 233 194 71 100 236 145 18 58 127 80
    122 93 92 160 121 3 215 122 13 29 6 161 79 223 202 220 7 17 223 44
    243 146 32 211 62 235 105 149 121 255 25 141 125 96 122 56 92 59 175
    231 8 111 53 195 146 141 169 61 240 22 153 254 26 59 181 134 104 181
    56 11 9 58 151 69 99 118 114 62 58 164 25 2 72 49 87 214 7 33 56 250
    100 137 137 51 133 94 193 213 20 32 208 109 161 61 189 218 17 123 85
    71 144 222 58 109 123 218 250 146 40 45 123 22 208 163 165 238 225
    186 206 70 146 221 34 147 3 235 163 118 68 140 180 82 144 242 19 229
    239 139 56 43 218 239 71 100 183 39 32 29 1 215 228 1 178 37 147 143
    73 119 247 59 32 253 252 168 232 215 203 244 233 19 108 234 33 248
    164 127 222 50 216 179 7 66 135 178 85 66 240 253 163 178 19 45 255
    163 54 53 78 67 5 197 243 230 7 15 54 224 121 161 154 4 85 252 174
    200 149 170 204 247 247 125 60 233 34 17 40 185 122 43 187 195 219
    137 178 157 117 220 251 6 17 221 206 221 234 237 134 143 4 27 244
    220 94 218 37 25 102 17 82 66 147 5 108 132 115 253 220 249 180 206
    91 128 156 162 29 181 151 102 231 41 202 244 128 86 111 57 12 86 173
    131 227 20 178 49 211 31 150 90 135 169 73 5 24 177 128 137 87 222
    139 253 210 11 50 131 27 243 18 201 148 231 158 169 190 108 43 52
    126 169 253 75 35 85 13 9 99 105 191 167 32 143 95 115 88 238 159 81
    62 123 244 96 65 239 158 8 155 84 191 3 72 89 178 37 79 156 216 45
    13 196 231 178 249 224 134 161 230 230 8 187 156 159 224 254 83 127
    66 239 191 200 107 196 188 93 220 177 85 106 152 26 43 139 119 42
    125 77 220 228 140 176 131 117 74 31 205 116 203 130 71 184 232 62
    152 35 169 20 17 50 200 118 195 127 102 237 86 192 149 181 50 217
    154 140 98 218 110 243 189 64 63 151 102 72 20 81 200 255 142 54 79
    15 88 111 44 48 181 232 75 198 129 15 55 229 222 32 47 200 235 58
    117 16 17 103 81 228 245 61 46 75 199 142 118 70 67 242 184 205 94
    172 186 89 119 48 147 244 72 248 201 5 155 176 202 27 134 238 248 27
    244 95 228 249 174 47 51 44 161 67 149 195 45 111 119 36 172 197 100
    78 236 247 17 113 215 251 172 76 189 98 180 147 150 130 24 54 12 110
    154 153 239 19 0 162 95 215 122 96 183 86 143 235 88 12 186 158 217
    178 31 84 161 112 185 96 229 50 255 126 28 36 205 98 85 232 4 175 2
    36 196 160 17 69 204 151 3 23 197 255 5 136 137 90 241 129 58 2 15
    237 163 128 186 74 238 75 6 129 185 46 165 1 64 106 42 38 13 84 23
    12 164 217 159 234 63 132 126 118 104 122 27 5 40 231 232 37 226 97
    73 52 190 59 25 151 136 216 140 159 218 232 58 79 171 89 183 248 103
    81 192 164 59 55 134 144 59 19 226 235 192 95 239 19 6 104 94 206
    157 54 185 14 250 102 28 132 243 197 187 186 89 238 203 135 177 222
    30 192 137 84 145 58 2 194 98 189 101 164 43 126 118 11 201 210 107
    153 172 151 78 83 206 225 211 45 141 63 20 45 33 158 129 255 70 183
    12 41 171 15 94 103 61 57 159 20 179 138 154 243 154 254 184 229 167
    135 207 71 146 249 109 24 249 8 96 156 3 59 48 196 240 55 21 86 80
    76 197 97 20 26 37 206 41 150 176 235 191 180 245 242 145 89 13 234
    57 194 113 188 212 131 139 65 86 255 86 11 195 157 221 123 197 168
    166 80 252 34 95 114 142 61 120 76 25 205 90 161 200 24 43 102 69 58
    244 29 214 1 33 48 128 215 181 133 133 207 156 194 112 206 196 169
    74 121 205 199 253 11 197 113 63 213 88 114 149 192 195 194 128 131
    172 122 22 127 245 154 42 248 27 11 31 33 170 152 205 32 219 250 5
    44 188 200 242 11 221 60 17 12 119 255 46 65 133 175 157 234 117 245
    249 109 45 175 253 152 155 159 95 51 96 208 245 255 198 158 160 136
    29 72 156 78 85 118 158 221 13 91 25 179 224 247 78 164 124 55 190
    162 249 77 188 81 64 232 153 9 0 123 214 91 149 71 65 214 73 239 244
    235 38 222 213 90 219 19 109 161 137 36 235 223 225 11 145 0 174 182
    196 218 56 20 179 35 52 46 189 179 128 60 172 15 218 162 235 201 147
    102 7 86 156 31 240 162 145 8 107 116 106 95 46 34 210 59 176 224 69
    239 215 55 241 99 212 67 244 29 104 15 220 19 121 222 49 136 125 149
    4 166 93 54 210 167 206 162 28 243 94 56 131 213 125 125 206 240 98
    58 103 11 96 215 61 149 32 93 99 202 217 223 125 208 113 8 37 229
    231 151 178 155 247 224 197 45 254 222 126 139 67 247 21 160 212 3
    61 8 40 13 70 215 121 33 168 132 254 67 11 121 12 155 225 97 240 148
    26 79 247 107 157 228 19 19 101 245 132 51 177 163 114 188 74 103 76
    164 149 94 225 200 63 3 95 62 68 142 68 197 80 87 233 86 34 155 220
    93 246 198 65 108 127 219 17 76 198 54 208 85 50 216 206 115 116 188
    52 123 173 70 201 101 247 65 62 68 7 73 110 164 230 196 114 21 124
    48 174 28 34 87 222 158 66 102 143 173 42 63 114 240 35 154 135 118
    178 196 174 209 128 59 163 17 174 12 56 64 111 72 4 239 65 244 196
    151 59 2 237 19 29 72 208 182 84 145 123 154 31 51 250 166 44 241
    249 121 106 41 199 7 122 241 41 170 232 121 150 130 37 63 32 176 24
    226 106 58 47 246 78 44 197 204 128 154 194 165 170 63 107 135 85
    203 98 191 199 61 186 147 27 119 186 128 227 23 62 42 241 58 91 239
    45 29 161 195 232 47 194 160 169 27 233 167 254 91 72 215 11 56 188
    186 164 216 126 88 67 117 44 104 241 72 99 92 65 233 105 209 96 78
    237 219 203 163 70 113 87 63 83 138 72 153 0 229 44 186 39 44 244
    145 113 101 191 122 190 87 12 204 72 182 51 221 202 113 25 5 200 109
    54 145 72 139 190 129 188 247 214 84 92 24 72 7 80 201 37 155 72 114
    19 190 39 84 31 104 142 69 175 100 16 195 168 201 23 136 153 6 106
    161 214 42 81 170 74 28 237 129 65 134 146 16 144 64 161 207 39 66
    198 235 19 74 68 186 213 174 159 54 243 121 228 245 74 244 218 149
    98 97 174 67 88 235 231 140 224 233 91 157 83 82 204 199 78 81 214
    20 97 191 193 5 92 196 167 75 230 93 182 77 195 222 102 196 134 5
    131 121 85 82 175 84 237 25 112 44 237 121 217 97 39 4 16 177 3 39
    183 72 149 10 174 216 209 119 18 254 18 194 155 215 157 87 241 208
    226 105 6 247 238 17 110 234 4 30 89 162 79 101 103 244 231 9 23 156
    42 102 148 38 75 51 1 81 89 82 192 13 205 218 207 179 110 138 132
    229 249 211 37 136 62 205 75 51 193 89 157 103 222 70 24 38 110 181
    118 197 169 147 207 249 247 3 73 214 108 158 106 207 238 190 205 193
    64 36 148 120 19 120 125 167 247 103 240 121 165 153 204 59 128 229
    66 147 84 122 218 83 11 136 80 205 36 251 198 157 114 149 217 145
    193 192 88 167 73 16 240 208 42 72 235 91 84 91 11 209 167 189 145
    193 170 192 216 42 31 98 132 84 198 104 75 214 16 214 37 115 150 169
    0 31 24 204 46 243 97 146 185 48 26 199 139 148 87 171 26 58 37 135
    194 151 121 207 79 122 59 236 74 126 65 165 104 169 175 113 117 51
    56 112 229 147 33 142 10 145 174 51 234 64 50 114 154 239 196 192
    114 223 252 69 156 83 70 174 221 228 86 248 91 175 72 97 186 181 221
    40 171 135 12 157 25 84 170 45 63 250 158 41 132 115 197 228 206 223
    58 193 12 85 99 210 134 215 25 235 118 143 89 211 182 123 255 101
    229 78 143 87 32 101 95 157 35 61 91 246 187 195 151 155 75 89 137 6
    23 10 60 151 187 246 62 234 92 144 140 242 187 54 28 95 149 174 125
    43 149 82 82 248 179 94 254 93 82 40 105 177 232 250 6 80 163 81 111
    254 28 205 162 73 2 174 76 102 85 132 47 176 86 167 38 142 105 115
    60 169 183 193 173 165 77 205 216 66 135 37 121 50 96 64 74 23 114
    127 93 168 25 195 147 159 149 141 163 62 236 206 141 124 220 76 97
    125 34 76 114 9 61 109 219 183 235 235 252 12 34 48 60 186 36 67 237
    97 229 246 175 174 67 76 171 216 174 155 17 11 168 246 209 239 254
    102 170 14 82 8 141 201 150 190 32 244 153 251 87 45 29 42 31 219 16
    82 156 61 221 214 67 98 112 140 223 70 60 217 228 166 211 204 112
    223 146 158 97 203 84 65 189 0 155 246 140 112 52 25 188 193 41 133
    8 80 66 63 201 164 163 16 45 18 237 113 26 195 127 66 10 140 80 163
    144 146 63 238 74 225 247 19 177 254 12 172 228 121 236 247 101 31
    83 168 35 194 168 58 92 82 130 223 227 205 118 190 49 107 221 205 74
    99 219 60 222 247 206 30 101 34 150 136 235 135 229 209 73 115 207
    149 54 16 49 246 205 147 191 117 8 138 211 149 50 59 203 210 177 172
    108 102 211 68 255 202 232 236 213 96 23 135 234 84 131 99 247 231
    141 197 186 114 136 86 85 204 10 81 133 118 69 76 39 151 221 40 241
    41 171 142 47 159 215 181 200 136 229 187 111 152 106 52 6 196 162 6
    107 56 120 116 179 231 71 155 74 147 103 189 30 122 203 249 159 155
    57 71 58 137 202 85 194 59 82 231 140 206 65 206 22 38 55 214 241
    208 78 41 194 211 234 202 94 224 220 241 26 217 76 233 76 101 229 92
    117 143 18 199 24 20 20 244 126 86 129 63 194 253 49 197 196 244 104
    169 19 157 54 16 59 27 213 116 47 205 24 229 219 144 45 2 16 26 218
    96 3 227 165 12 130 75 237 200 182 14 186 46 99 150 150 120 252 248
    182 9 62 235 98 254 105 211 131 46 192 173 109 129 190 66 213 103
    206 97 104 129 91 202 72 114 14 66 251 14 181 206 160 0 177 47 74
    123 250 63 130 182 235 146 232 229 209 252 182 108 172 238 75 145
    186 6 4 208 96 186 109 19 188 207 179 216 106 237 118 82 120 29 175
    37 219 47 188 1 199 136 75 235 29 9 128 217 64 1 213 60 252 175 119
    225 2 189 188 193 62 238 152 220 236 23 60 47 255 248 151 110 51 64
    201 147 100 214 123 57 205 153 170 84 106 124 85 241 223 21 164 28
    164 169 197 230 14 25 117 47 207 4 126 189 137 109 190 7 85 66 68 86
    75 219 190 118 92 14 95 101 241 110 14 212 239 183 19 5 103 25 90
    108 7 47 157 32 249 167 30 211 149 51 15 200 195 155 239 135 186 193
    149 247 183 70 92 246 117 233 18 238 24 194 182 87 220 33 248 4 137
    42 252 240 35 64 213 34 220 254 110 110 175 62 208 54 197 254 135 12
    224 113 120 212 223 235 4 243 221 189 82 71 93 210 179 133 133 255
    108 229 246 184 116 88 186 193 26 75 101 121 131 122 66 81 196 161
    238 101 35 163 233 65 61 82 172 93 107 117 118 225 126 24 52 134 12
    68 38 85 240 254 230 0 168 236 62 237 186 54 50 152 203 196 245 234
    47 133 63 226 220 164 101 153 199 18 67 218 215 35 155 114 137 144
    123 102 151 75 146 130 249 108 124 242 120 154 229 30 176 4 97 46
    250 82 224 25 32 100 89 139 217 1 46 192 97 23 11 128 64 148 180 189
    106 253 76 54 151 204 13 170 89 106 121 208 219 11 173 33 29 101 102
    25 60 36 229 177 82 26 92 179 132 196 118 54 182 91 12 249 200 129
    141 152 12 13 113 80 10 2 89 70 249 97 187 169 210 195 179 176 228
    105 5 177 53 53 159 156 120 166 127 203 1 236 197 31 115 167 148 153
    31 158 172 56 109 51 115 126 216 106 43 244 134 157 202 89 227 125
    149 93 18 56 117 177 166 36 113 218 77 31 135 202 221 177 40 74 144
    117 39 68 163 16 91 162 85 201 49 209 168 39 41 238 201 139 37 133
    137 7 240 189 133 157 30 82 12 37 7 96 95 20 49 145 130 59 75 15 16
    24 189 210 180 203 117 214 103 238 7 60 82 92 209 172 85 221 69 25
    35 32 211 120 193 186 203 70 95 96 215 239 39 101 182 172 172 16 107
    221 106 160 112 111 77 205 59 233 61 127 190 212 156 164 206 179 151
    201 200 2 200 249 82 84 152 77 193 156 244 18 188 138 234 44 187 200
    117 203 204 125 205 56 32 73 45 10 170 93 1 31 144 202 250 131 177
    153 162 155 236 21 84 192 85 45 195 163 168 184 147 26 222 206 83
    250 49 158 173 66 201 76 195 23 160 110 114 82 228 70 171 201 33 54
    42 191 34 188 67 216 28 185 36 154 175 57 160 184 213 171 27 124 15
    4 252 224 223 126 116 63 180 10 170 162 40 152 156 92 181 106 138
    252 214 203 5 89 127 87 156 38 76 48 134 222 36 75 16 62 78 243 86
    239 220 209 221 165 73 197 13 240 233 228 163 153 123 211 12 88 86
    164 138 46 116 231 131 133 219 187 86 188 227 222 102 202 15 38 182
    40 33 15 204 177 188 227 107 180 0 78 246 156 248 60 190 66 151 194
    63 6 154 208 159 82 162 4 223 147 180 27 126 105 156 90 84 164 199
    39 6 221 226 234 242 52 99 67 69 150 173 90 121 88 56 192 25 221 31
    162 234 123 76 3 229 87 181 128 22 231 160 164 109 20 224 82 105 150
    30 35 25 20 145 63 205 199 165 226 197 93 213 247 187 144 220 248
    136 8 239 186 20 56 110 136 49 198 47 214 37 63 222 153 16 23 232 38
    5 125 33 8 181 73 157 6 146 84 19 153 95 198 205 186 157 29 146 77
    55 120 241 159 206 184 173 201 206 104 12 181 218 252 71 253 36 8
    207 212 15 177 180 54 193 248 149 236 178 241 153 161 94 36 181 168
    56 235 250 67 68 25 37 119 147 49 224 89 113 57 164 68 98 98 151 34
    114 212 163 77 102 154 39 61 37 105 165 206 108 236 135 253 186 104
    180 14 214 120 44 67 231 227 99 237 3 243 5 6 82 51 38 37 107 248 91
    80 171 73 4 163 14 0 170 29 9 239 47 24 184 217 74 35 232 21 219 62
    13 211 88 116 246 18 61 170 239 186 20 176 152 11 0 19 65 234 163
    135 34 9 106 96 19 226 146 120 252 197 85 235 165 85 218 170 101 132
    118 235 190 11 93 26 241 12 68 219 227 94 137 162 250 180 140 143 96
    18 159 92 60 178 37 51 32 51 251 233 250 141 14 15 162 130 228 58 71
    148 233 207 87 51 12 242 245 104 91 224 243 152 43 52 119 13 55 203
    187 178 59 5 132 242 135 51 5 166 167 41 134 224 243 90 112 80 185
    22 22 59 27 49 46 247 92 99 188 251 40 105 30 51 146 104 207 86 214
    169 10 247 73 208 240 53 148 221 122 37 177 136 55 22 78 24 239 151
    186 105 122 6 110 77 198 95 90 193 10 18 97 45 55 255 185 43 18 131
    128 229 161 23 138 133 173 129 180 69 76 207 68 138 251 156 38 234
    12 24 17 100 162 246 250 242 139 158 21 142 30 59 252 128 13 9 225
    186 192 170 145 162 242 49 49 105 156 231 111 122 72 20 86 148 23 92
    167 73 30 156 167 26 17 17 186 158 118 54 230 236 86 80 3 153 108 18
    22 61 15 149 241 168 127 33 2 120 44 73 30 109 31 167 174 15 196 223
    228 185 154 157 234 197 7 118 70 35 66 155 10 52 232 148 231 105 54
    178 48 73 83 105 206 66 47 130 49 9 131 195 160 83 249 136 10 126 11
    23 193 61 122 145 98 227 127 53 4 57 30 254 154 233 23 185 255 224
    151 29 194 101 47 254 94 117 164 89 64 202 110 2 91 42 56 13 177 198
    83 211 225 228 124 17 165 111 176 19 173 125 161 98 243 155 147 230
    35 238 132 63 249 236 125 69 182 13 111 48 141 29 209 201 219 65 67
    205 184 208 177 39 243 73 253 180 206 242 200 198 9 86 243 121 237
    186 193 130 171 225 111 21 7 255 132 202 183 92 84 247 72 96 146 38
    20 146 130 126 0 203 234 231 150 190 90 75 5 85 14 33 80 210 189 226
    205 56 125 165 46 135 46 82 170 90 228 168 215 180 130 55 196 62 186
    35 125 157 156 243 87 195 109 17 193 80 121 103 136 112 93 221 109
    34 250 157 232 211 145 206 22 110 238 245 242 57 157 255 235 184 150
    106 230 180 26 149 116 106 246 226 8 207 237 75 227 23 105 125 84
    229 213 156 205 77 83 33 124 92 224 217 155 132 92 73 39 107 81 66
    35 15 91 129 221 107 85 38 192 235 223 168 216 179 86 90 66 75 218
    52 23 211 121 72 249 178 77 95 61 63 206 78 193 237 240 218 11 61 69
    128 191 63 84 75 67 48 85 186 63 16 135 74 68 169 192 224 119 52 253
    24 253 91 105 240 176 233 46 165 251 229 135 113 5 93 102 62 91 84
    75 48 0 26 120 43 241 242 147 185 249 204 48 226 71 147 104 18 220
    125 218 10 33 220 50 22 47 182 194 183 48 15 39 237 95 72 104 77 201
    31 105 23 147 41 237 102 118 27 56 118 17 241 168 198 207 157 165 85
    13 17 21 131 71 87 171 97 48 187 7 213 96 11 55 63 104 206 192 92 22
    66 63 248 37 214 98 22 19 108 130 148 46 220 69 83 11 130 53 148 35
    161 214 116 218 92 8 176 163 200 46 151 122 143 59 242 34 138 112
    144 177 56 20 3 79 115 86 232 44 104 101 109 149 92 96 161 4 144 81
    28 254 122 90 147 119 14 17 47 18 185 111 213 31 94 1 180 144 190 13
    144 200 6 57 5 137 151 194 56 250 111 251 127 105 158 176 49 248 15
    27 110 214 238 114 34 22 145 73 76 216 11 205 147 155 38 185 133 43
    175 161 10 97 242 79 54 99 62 9 178 91 158 132 254 36 106 117 7 235
    143 77 168 201 23 192 171 120 120 95 52 115 186 101 131 244 53 42
    246 5 141 250 22 22 73 67 69 6 198 150 28 100 99 28 59 232 177 224
    186 51 206 253 242 238 184 108 128 133 77 247 13 202 149 231 150 64
    0 58 14 251 120 114 158 211 128 210 112 233 193 157 133 90 138 229
    23 226 30 48 113 151 227 156 168 114 237 15 250 197 24 2 112 98 127
    161 18 173 163 77 228 28 92 248 226 21 43 154 145 251 153 242 28 208
    123 252 140 50 118 0 58 147 116 191 128 204 53 251 97 211 87 171 83
    22 166 152 235 121 179 189 188 85 4 14 3 228 139 42 170 188 248 212
    105 42 197 201 121 245 118 23 101 88 3 80 26 144 236 26 109 188 244
    124 125 89 92 151 253 220 37 55 220 105 250 216 84 140 86 179 102 71
    186 52 156 123 229 40 129 171 73 22 21 6 155 176 183 62 48 198 131
    32 110 200 107 189 76 19 82 23 241 117 14 190 84 23 25 153 159 118
    249 132 55 86 53 120 230 58 232 82 35 174 4 207 166 214 136 248 107
    95 244 11 243 52 201 12 178 188 186 202 181 74 120 14 65 3 185 148
    29 97 131 46 90 16 11 46 236 59 2 119 152 185 252 14 148 169 116 177
    145 101 23 54 78 255 244 75 32 50 243 78 65 123 106 193 125 24 97 85
    81 87 149 188 208 239 83 102 108 44 20 176 200 38 198 159 238 255
    179 212 113 142 130 17 239 77 65 128 59 72 124 10 126 168 173 227
    137 77 30 158 101 157 170 142 176 182 183 186 136 206 123 86 189 221
    60 138 99 26 129 237 34 130 169 32 140 27 160 176 227 131 8 88 73
    198 121 195 197 5 197 147 96 199 246 247 254 93 169 190 186 92 237
    19 196 213 202 76 156 6 38 255 205 24 230 182 122 66 115 202 45 248
    151 184 216 225 77 106 172 71 138 204 204 21 136 33 144 88 75 179 52
    72 37 144 187 80 10 223 49 71 108 69 243 242 26 107 247 139 32 16 19
    157 11 89 149 1 131 23 75 251 190 166 204 141 229 244 234 186 179
    125 190 207 94 7 92 212 177 157 7 140 219 87 196 126 94 44 84 48 37
    174 129 230 214 158 97 9 39 170 109 100 13 159 199 5 47 88 228 137
    71 111 49 242 189 39 39 68 12 128 68 152 248 114 60 213 127 117 130
    211 181 15 145 119 212 92 99 199 116 190 229 226 12 237 133 181 74
    165 225 179 183 194 248 86 101 130 124 122 113 172 123 50 195 97 26
    43 163 137 199 10 62 164 238 134 8 93 140 20 90 82 70 61 34 22 171
    30 30 79 7 250 148 6 1 62 244 122 118 194 37 130 89 72 242 81 129 12
    141 105 116 96 142 6 49 103 195 211 237 135 244 185 60 177 202 172
    36 15 140 148 213 167 190 56 237 99 209 39 184 77 44 238 236 229 173
    246 141 35 191 254 121 117 31 37 195 159 119 181 134 81 113 182 165
    210 230 130 228 252 255 191 106 18 216 25 104 61 213 131 19 86 187
    146 181 237 30 68 83 24 247 4 125 224 138 102 45 182 208 17 20 114
    29 57 133 202 118 34 13 3 19 47 68 194 138 170 128 245 237 46 82 189
    28 235 191 63 6 129 229 104 228 16 40 168 245 34 237 125 217 143 35
    53 107 113 136 236 215 106 13 198 91 16 31 101 251 221 252 228 106
    222 140 230 0 88 167 197 83 253 34 247 36 12 109 174 9 124 119 200
    110 39 254 240 106 119 164 185 30 138 98 215 38 74 170 70 221 97 138
    125 182 192 41 221 137 13 183 178 179 245 59 249 38 201 218 120 175
    89 95 150 76 13 171 206 125 131 88 176 208 90 122 90 131 101 23 94
    53 143 37 244 145 13 34 1 24 113 3 242 230 247 223 222 4 227 230 13
    167 145 235 106 165 98 27 244 225 87 129 166 135 106 31 11 168 229
    27 54 204 32 8 54 63 152 172 39 35 144 132 255 173 48 1 198 221 125
    57 188 175 143 80 103 188 150 77 203 85 55 198 142 23 137 52 246 132
    159 45 126 36 34 180 162 251 177 116 197 39 207 238 105 13 29 131
    255 240 188 71 212 162 121 180 255 36 117 206 116 148 165 47 19 67
    161 149 189 43 30 77 239 17 180 26 248 114 145 234 180 115 17 14 243
    28 48 9 82 126 132 140 164 135 29 73 191 221 58 16 107 60 245 70 195
    200 3 50 243 100 149 255 66 247 44 50 4 49 118 26 43 114 54 222 124
    35 133 150 207 26 236 16 118 88 126 170 59 1 152 170 13 122 67 141
    27 74 118 227 140 174 232 142 94 223 157 1 81 223 66 176 7 99 121 45
    66 0 175 137 250 98 70 58 89 43 16 144 58 186 206 252 248 9 17 98
    198 40 180 20 135 243 160 178 30 96 195 2 206 129 103 14 80 176 157
    27 235 169 255 0 121 29 79 124 163 221 59 237 122 29 181 86 253 16
    140 196 142 109 98 114 131 140 192 204 185 210 4 97 242 0 194 129 80
    81 148 33 252 46 193 171 27 73 75 59 143 248 104 58 224 159 233 204
    248 5 184 234 85 51 60 212 50 68 187 111 155 222 204 206 110 183 148
    170 94 96 90 169 246 107 88 253 185 213 247 156 150 71 136 191 159
    194 34 181 50 137 123 43 32 56 214 91 98 2 29 104 114 65 58 40 46
    134 153 9 25 109 55 123 117 8 209 89 145 199 182 60 12 156 24 250 68
    214 34 139 163 110 122 117 87 142 154 152 40 230 105 124 135 248 247
    199 110 79 170 30 114 96 90 237 45 111 158 130 65 17 108 57 196 162
    141 190 46 16 101 93 13 208 78 255 47 47 77 153 141 149 103 242 133
    25 61 129 88 204 12 184 50 52 129 42 68 88 3 155 118 111 55 27 233
    155 160 212 64 163 76 155 82 93 16 175 75 13 129 40 23 185 102 20 53
    44 135 129 140 201 51 162 171 8 6 20 109 204 245 132 227 240 229 57
    213 59 239 223 170 204 11 141 28 241 152 249 213 153 225 227 24 88
    194 74 165 178 139 222 137 145 164 206 227 25 59 23 77 99 145 210
    158 169 142 145 156 181 61 117 213 170 46 208 204 218 254 1 125 49
    166 228 85 168 83 123 158 15 2 206 139 74 152 55 196 171 192 216 219
    205 24 85 57 13 169 141 173 168 67 180 249 85 209 216 133 212 129
    123 225 54 61 255 102 130 192 149 245 9 143 42 53 181 242 86 98 174
    222 90 189 92 145 216 69 239 43 239 23 121 60 225 8 104 199 43 164
    130 103 7 51 138 96 130 227 58 242 222 241 227 134 70 83 247 235 83
    139 229 173 17 144 23 38 103 161 114 46 32 101 46 202 201 223 213
    230 115 122 107 72 57 154 178 206 81 30 223 150 124 181 207 227 125
    139 29 149 242 105 197 136 139 68 214 194 143 138 182 131 24 135 215
    26 12 2 75 100 196 40 180 39 230 226 74 130 44 43 198 217 92 130 156
    226 111 145 88 104 207 85 196 129 36 10 251 9 14 166 108 85 3 145
    149 209 196 58 127 241 6 225 42 196 231 40 91 89 118 10 116 85 61
    122 68 112 34 240 210 93 8 170 86 178 38 80 23 110 134 240 49 135 53
    15 179 3 172 241 4 253 242 85 145 232 172 97 211 213 184 181 225 163
    141 249 184 119 127 130 89 214 141 12 80 150 225 205 137 82 205 209
    33 184 76 104 241 206 197 209 5 110 52 123 129 204 62 205 48 44 194
    16 217 241 131 229 141 158 85 202 15 95 236 126 136 142 228 14 173
    146 152 70 216 187 178 129 99 39 61 238 0 22 193 11 96 23 19 114 33
    0 207 162 195 129 224 215 171 82 209 181 39 77 145 222 118 229 107
    87 55 119 209 195 208 24 152 154 235 207 156 52 117 159 70 27 240
    105 60 41 200 30 215 165 66 72 131 38 127 206 33 159 43 229 198 72
    155 187 73 106 42 248 37 68 166 174 219 129 154 172 14 20 130 68 37
    157 168 33 100 108 229 75 168 149 32 93 99 220 22 27 229 132 202 100
    141 154 237 231 20 182 124 244 179 115 28 215 168 23 253 53 223 183
    249 94 205 248 23 196 84 109 179 28 18 136 51 246 137 137 171 14 202
    49 162 104 5 223 134 206 210 173 53 89 88 203 68 61 141 16 125 160
    33 253 101 136 48 139 159 163 246 146 35 92 3 242 109 116 227 227
    248 224 106 6 158 119 49 15 230 230 75 63 234 165 151 132 253 44 13
    149 58 86 192 149 193 119 171 51 87 184 184 85 153 191 4 160 45 211
    14 200 113 223 125 183 9 83 34 15 199 24 154 182 132 236 63 169 185
    199 132 26 144 45 19 101 11 170 133 45 100 128 179 90 36 114 106 154
    12 187 28 129 250 76 38 101 253 124 253 97 3 223 149 23 126 179 219
    9 249 195 223 171 125 57 93 187 74 234 77 67 3 121 140 208 76 8 74
    105 115 111 9 51 124 157 222 223 224 225 154 232 180 137 157 106 244
    159 67 59 243 158 238 155 4 94 15 30 48 254 38 184 93 210 200 112
    183 141 168 160 254 198 202 10 216 16 45 123 74 77 229 172 243 202
    128 154 175 216 249 216 233 41 114 137 113 129 105 95 73 98 69 95 32
    231 52 210 101 53 181 232 48 113 108 242 57 38 123 164 90 157 179
    151 124 250 131 235 43 77 165 148 238 207 67 69 62 26 198 57 87 216
    79 166 236 79 55 29 202 234 107 116 59 27 14 220 90 64 127 89 128
    120 101 144 72 164 217 223 97 80 198 162 25 235 197 165 159 69 165
    180 205 252 66 195 3 253 0 6 12 73 248 134 36 240 184 233 124 63 213
    33 106 118 10 108 54 148 24 57 50 143 85 238 171 224 99 74 169 205
    251 96 156 144 24 199 208 236 81 91 73 200 8 200 193 7 81 144 29 250
    162 155 107 55 44 76 204 246 105 245 1 58 166 54 37 18 39 151 176
    148 164 135 139 37 209 155 115 62 110 96 157 26 219 195 17 110 255
    99 35 160 166 251 138 255 4 246 226 19 2 18 203 238 244 68 172 77 85
    231 0 231 144 6 188 240 81 4 84 27 238 63 84 0 187 177 21 254 24 245
    234 53 192 200 65 127 158 14 189 4 18 233 82 112 57 99 101 67 223 12
    72 231 219 165 6 90 59 60 146 239 113 230 210 58 111 175 122 241 60
    167 254 205 232 96 141 184 111 52 217 66 104 161 10 190 44 126 64 66
    56 76 109 236 235 131 197 194 97 116 212 1 140 160 12 148 52 174 206
    206 241 205 205 207 11 172 136 163 250 204 22 6 86 148 67 78 230 165
    18 8 152 69 97 118 93 144 242 165 201 37 252 90 153 71 217 181 213
    194 14 80 129 127 174 208 99 253 128 72 16 230 192 196 227 21 192
    172 84 58 160 17 151 158 1 9 168 44 165 90 20 131 204 48 194 79 128
    248 196 87 235 19 163 14 88 52 4 135 135 174 65 22 64 135 53 131 89
    44 186 49 111 126 143 145 90 136 9 3 160 46 103 25 221 174 97 97 5
    139 117 205 78 27 4 232 34 249 38 182 141 78 57 80 235 115 243 232
    106 201 246 187 120 98 131 234 66 222 3 42 8 141 193 168 213 192 207
    14 221 48 192 91 76 77 39 21 25 80 26 5 183 27 171 98 49 155 98 37
    11 52 155 160 128 17 38 230 190 77 127 160 200 96 249 144 140 48 6
    71 175 132 13 74 222 112 199 146 47 177 225 250 10 166 60 197 163 28
    83 168 115 190 178 106 207 26 41 52 218 172 97 119 200 202 227 91
    124 114 77 201 229 217 235 117 202 240 9 11 164 51 145 170 99 205
    180 112 157 52 65 107 51 212 210 223 128 188 218 78 11 134 252 231
    96 234 223 168 127 90 248 190 115 97 182 113 41 40 76 21 226 66 221
    80 183 15 199 51 173 192 77 117 0 23 85 219 43 68 248 147 193 7 85
    13 236 21 78 215 208 203 136 173 223 90 34 39 245 70 164 221 50 125
    25 36 222 63 165 90 50 250 202 92 143 163 227 120 208 76 81 227 92
    229 75 46 245 148 188 150 90 141 40 254 138 86 145 39 162 246 144
    178 61 224 70 209 16 255 167 137 67 161 19 104 79 10 27 197 103 189
    104 158 235 58 210 212 185 222 112 94 96 153 113 44 212 215 244 196
    3 120 76 9 167 206 32 31 52 9 80 147 87 245 170 118 0 61 209 246 167
    97 214 4 153 53 148 215 53 36 220 41 222 221 177 214 30 37 249 253
    239 132 169 71 221 220 32 144 219 14 147 14 93 203 37 204 218 250 35
    201 205 67 7 119 177 149 0 128 111 206 228 251 3 64 54 36 220 175
    224 1 248 119 10 129 18 185 167 222 107 72 175 7 226 209 24 104 24
    78 52 72 164 38 24 233 221 122 96 49 50 56 253 14 59 207 23 247 219
    237 31 18 195 58 188 174 233 31 164 13 243 246 136 60 19 254 224 143
    25 242 107 202 36 182 131 254 208 186 187 87 116 89 146 118 166 240
    238 242 7 187 58 96 48 163 235 50 190 168 112 35 51 243 202 187 229
    34 229 53 36 7 232 219 115 133 242 39 150 233 160 109 71 247 68 117
    18 37 26 77 152 65 129 32 29 195 150 240 15 26 0 239 199 112 19 59
    130 163 27 68 249 30 151 191 70 36 52 6 13 83 20 223 225 81 32 161
    140 34 159 193 20 178 70 215 81 203 78 174 92 14 101 153 98 161 43
    100 244 20 251 4 93 63 24 52 166 232 42 30 253 171 3 9 126 152 43 78
    237 120 108 137 244 246 32 247 137 29 25 18 79 66 195 87 226 243 66
    219 17 208 166 190 58 218 200 117 164 194 99 227 207 195 190 174 42
    165 158 45 226 195 219 32 134 8 49 150 202 47 13 221 81 172 89 192
    57 144 110 231 164 44 165 60 222 147 127 251 7 168 155 215 54 34 170
    179 155 101 62 92 147 54 25 147 55 68 183 174 33 200 183 82 17 97 30
    47 197 226 30 66 111 35 19 91 51 154 226 117 67 214 89 239 94 253 43
    44 242 138 239 14 210 144 122 4 137 159 244 180 138 14 79 170 37 184
    37 45 224 65 241 39 228 234 205 61 140 244 184 224 154 122 46 88 96
    41 11 161 19 154 146 31 224 13 39 220 77 1 162 60 59 44 68 196 228
    127 21 77 118 206 186 106 158 156 237 210 113 157 58 35 55 67 134 14
    186 102 239 113 10 155 239 141 230 13 67 122 14 192 59 122 208 37
    156 43 44 16 113 91 166 182 201 16 90 128 9 197 151 98 111 53 206 60
    181 115 164 44 27 86 173 99 227 43 1 113 128 25 138 243 133 156 86
    159 26 162 206 0 155 190 171 159 65 195 88 184 57 173 206 38 139 113
    218 252 29 4 72 25 181 153 188 230 143 6 222 54 43 101 38 6 231 64
    105 217 219 149 5 249 112 87 228 190 67 204 198 184 94 92 91 254 245
    75 154 194 240 50 89 69 56 118 244 249 80 219 75 232 130 55 217 211
    19 114 52 193 238 175 69 28 118 142 174 164 33 181 93 106 247 182
    133 143 84 200 232 6 246 97 105 130 163 45 61 75 167 50 157 58 230
    116 201 156 106 79 132 213 158 19 1 85 69 233 143 111 218 226 61 149
    18 52 250 50 111 230 15 145 19 239 123 63 2 2 164 50 190 161 60 19
    82 55 200 65 65 95 12 31 218 26 27 168 217 6 51 246 49 17 15 228 90
    3 10 94 28 0 253 107 48 209 1 145 5 145 127 193 100 67 233 248 165
    203 107 31 111 94 241 208 77 210 187 100 185 141 58 181 38 249 77 51
    77 6 125 248 104 67 5 101 17 127 212 66 88 166 149 232 174 238 162
    101 192 44 7 41 36 1 101 198 101 19 8 31 169 201 14 180 98 189 62 55
    124 52 105 165 31 118 126 101 240 121 166 152 49 55 36 60 17 45 216
    251 79 79 96 57 96 109 23 125 123 231 121 20 236 70 218 137 99 51
    227 243 158 225 201 118 56 103 133 56 101 172 25 230 162 5 86 102
    172 182 137 117 240 82 150 208 179 144 252 162 7 38 37 216 169 56
    238 144 52 19 104 68 158 133 212 145 218 20 49 22 173 27 11 184 159
    6 59 249 244 19 119 235 228 7 25 122 163 35 121 40 105 232 6 145 24
    15 60 103 228 120 185 197 63 163 54 119 182 95 129 189 210 145 117
    192 19 41 110 6 102 128 126 24 96 197 238 79 190 114 8 32 80 15 249
    30 193 166 102 234 165 24 7 250 238 64 183 78 166 91 75 110 240 202
    145 29 96 13 49 101 170 52 99 83 209 95 52 167 219 81 101 38 244 6
    166 157 158 74 116 152 193 227 39 243 108 240 247 132 190 1 8 202
    202 168 175 251 181 125 194 192 47 101 209 249 13 69 204 229 181 110
    34 129 35 27 138 209 12 237 185 170 207 146 20 83 136 44 19 130 189
    213 0 133 144 56 86 180 88 163 167 79 56 151 63 18 128 175 252 17 52
    122 239 173 48 32 218 235 123 225 114 165 233 20 170 109 209 45 130
    140 180 136 148 253 207 217 55 229 44 61 65 165 37 68 79 59 178 22
    206 53 108 50 37 12 189 180 180 24 21 49 62 119 240 54 137 57 92 187
    76 200 215 17 227 242 70 197 233 186 221 227 45 252 149 28 141 121
    107 162 198 166 159 133 197 106 245 109 62 26 239 211 202 249 95 174
    227 10 151 185 48 151 34 230 151 189 153 198 232 74 166 5 102 193 36
    119 169 126 206 75 24 105 44 40 201 50 203 36 34 175 255 98 196 242
    194 235 137 124 187 151 183 19 210 176 162 188 0 219 136 79 79 222
    245 163 177 129 36 7 55 76 34 103 137 97 70 91 134 141 49 229 90 33
    39 26 123 220 211 106 221 143 43 158 176 198 80 237 39 48 175 128
    177 249 48 78 118 199 209 101 205 58 49 204 64 2 217 118 147 22 27
    228 78 98 54 204 212 185 136 160 231 125 103 6 205 115 64 165 236
    164 245 126 49 16 179 202 64 252 109 25 172 66 40 95 254 246 87 106
    59 112 188 96 94 191 103 212 49 84 255 240 1 86 144 37 172 196 215
    84 23 83 61 236 88 44 118 254 106 170 129 178 160 34 207 180 79 10
    245 92 142 98 85 37 205 41 137 165 240 222 44 136 170 98 141 169 86
    200 144 200 84 8 182 20 149 186 126 99 179 97 219 59 108 113 226 0 3
    139 84 94 16 45 168 127 151 52 104 248 83 250 91 181 239 84 181 154
    163 192 156 73 32 136 193 100 236 197 117 142 178 109 236 210 201
    124 155 164 231 222 84 201 219 108 252 241 68 3 22 199 217 224 131
    226 20 82 144 39 177 200 244 201 64 229 24 143 74 216 55 102 119 157
    204 11 120 148 75 2 39 89 87 38 215 89 182 1 24 196 244 30 130 4 246
    96 65 59 93 23 246 201 147 226 254 31 18 27 153 191 77 220 231 233 8
    37 255 85 72 18 20 199 191 5 247 28 33 211 236 219 218 123 27 54 105
    5 226 61 200 214 58 20 158 3 150 98 140 64 194 228 7 102 154 240 27
    132 10 221 249 191 117 71 207 181 118 160 175 234 46 184 65 147 66
    59 177 241 37 247 224 14 249 127 215 40 69 233 156 179 128 172 236
    25 21 184 160 171 52 2 198 153 79 99 208 37 113 83 26 158 136 50 198
    128 202 55 17 118 112 47 213 44 86 20 186 208 31 173 197 153 116 178
    180 224 97 103 187 135 17 61 18 9 114 29 34 107 156 38 146 24 118
    105 235 130 124 107 216 130 151 159 125 224 231 174 170 102 100 114
    216 176 17 233 219 6 42 38 101 206 50 120 178 72 170 31 231 167 32
    223 154 177 194 144 7 96 142 175 62 233 203 224 103 123 169 195 32
    218 173 47 52 135 193 131 146 157 224 208 71 184 103 188 129 248 86
    100 249 184 241 99 176 157 141 128 56 35 190 120 136 13 125 166 239
    54 172 102 161 240 59 74 156 234 148 167 172 240 235 70 122 172 31
    128 107 11 188 39 161 59 86 57 0 153 148 97 43 182 146 37 56 220 98
    15 78 176 61 107 170 161 180 13 27 95 103 68 108 137 192 66 65 54
    147 196 223 77 117 46 140 144 50 30 192 237 96 27 168 255 66 45 84
    162 96 114 242 239 28 85 189 228 99 111 225 33 104 176 14 176 142
    227 61 217 42 160 22 166 92 62 210 41 148 14 7 10 29 213 227 61 223
    219 44 26 45 221 172 190 236 250 189 107 202 189 111 198 104 64 243
    195 48 30 110 19 241 232 205 3 71 201 70 165 148 188 195 40 33 25 68
    178 234 116 7 155 53 43 245 18 37 203 169 29 249 113 174 186 200 147
    238 33 96 85 183 105 193 251 180 42 67 64 112 251 144 82 35 29 199
    233 145 145 185 133 85 137 236 41 190 29 241 193 228 41 85 92 22 105
    180 117 31 250 162 227 242 172 220 242 238 150 204 175 26 217 111
    156 151 66 51 165 67 21 157 137 167 77 11 227 4 221 3 167 0 89 198
    36 173 146 31 173 4 227 48 205 254 221 144 81 66 16 254 173 215 177
    140 75 252 75 231 16 251 108 178 55 224 147 70 55 200 10 20 14 210
    210 197 233 6 89 150 1 151 82 120 207 193 169 86 63 108 51 183 132
    128 105 10 141 62 245 102 0 193 144 227 199 156 33 193 103 168 150
    196 228 202 163 229 45 185 154 220 117 43 106 124 98 116 171 202 48
    26 120 69 57 221 41 223 7 60 148 212 56 221 33 7 16 137 203 222 6 29
    207 171 75 203 214 154 124 32 18 115 140 164 239 53 235 158 8 86 109
    152 237 169 157 194 122 243 1 144 121 157 250 56 202 125 28 169 41
    236 184 123 229 141 161 210 25 225 131 239 174 30 155 196 250 140 1
    176 185 35 193 25 70 5 144 95 214 193 221 162 225 130 244 126 38 71
    120 79 144 199 172 107 229 173 108 239 114 100 67 109 73 147 180 100
    4 83 238 36 61 168 13 75 190 204 189 184 146 6 48 58 88 82 126 153
    34 46 220 148 145 84 167 213 33 137 70 230 12 31 23 204 194 51 42 13
    78 250 80 72 171 21 236 89 17 84 207 18 139 212 253 104 43 144 142
    75 170 39 183 157 158 27 153 185 175 169 123 234 18 149 126 249 59
    164 103 181 100 162 4 175 177 85 128 39 21 159 109 100 179 112 70
    245 238 175 197 87 179 225 44 170 8 72 51 73 215 133 217 207 30 45
    38 188 197 141 224 16 151 74 135 241 7 6 168 116 68 207 212 182 250
    12 83 195 168 157 20 210 35 242 134 119 114 251 61 37 122 59 159 49
    4 197 91 123 40 201 224 218 186 197 9 51 34 156 222 114 7 90 239 32
    192 81 71 56 92 120 150 5 29 78 163 93 236 106 36 38 78 212 166 221
    88 46 205 32 234 86 136 31 57 199 84 40 45 182 245 185 56 162 59 221
    20 18 44 148 50 253 42 126 163 155 149 220 10 0 126 40 82 107 77 215
    234 253 248 89 116 184 73 203 152 141 1 143 106 16 91 13 5 140 170 1
    173 237 253 94 4 209 5 0 165 57 40 236 94 179 125 207 198 204 105
    208 180 183 65 12 19 226 1 68 159 224 15 121 254 236 143 111 68 215
    44 220 210 193 234 54 245 188 79 230 90 37 188 226 74 137 71 222 24
    99 247 173 137 125 112 241 136 157 90 52 4 129 14 133 82 85 54 161
    59 10 83 63 179 196 12 223 214 7 6 180 88 169 57 115 41 16 248 103
    108 224 195 31 37 150 214 60 89 203 90 70 70 78 21 90 74 129 141 25
    208 156 23 145 21 249 135 252 172 166 128 163 45 71 177 188 35 76 19
    168 242 247 201 98 252 148 80 14 247 99 147 226 88 8 21 201 52 62
    107 38 22 180 8 107 96 242 166 82 194 134 171 215 112 123 180 43 146
    179 124 50 156 35 160 253 69 6 96 234 184 220 25 163 145 213 236 211
    243 218 175 130 168 110 217 51 130 2 92 150 216 216 213 52 174 93 44
    242 238 49 4 111 168 238 225 185 234 215 29 137 218 210 128 108 19
    103 47 167 175 9 155 11 9 95 253 244 96 66 30 180 242 212 11 0 227
    208 7 26 23 107 254 89 64 24 65 163 171 114 240 219 89 23 33 18 211
    184 128 77 5 93 2 196 231 116 115 153 140 184 163 239 127 49 5 76
    190 252 250 24 16 52 5 150 230 140 127 71 189 162 140 44 238 182 69
    138 203 116 60 28 203 214 145 103 224 115 25 17 202 19 93 107 6 200
    148 207 216 226 192 22 34 236 181 87 91 221 218 233 2 203 153 188
    217 161 199 159 244 236 173 52 68 146 106 156 99 139 139 100 77 179
    101 177 71 220 194 91 33 130 75 154 35 86 96 145 180 64 79 159 109
    117 99 184 19 246 154 194 79 247 177 48 229 131 190 218 41 44 6 181
    226 77 135 223 41 62 144 216 211 180 133 26 190 4 21 120 195 193 33
    38 215 18 175 150 42 6 3 167 69 101 245 119 6 236 174 251 35 248 232
    211 110 0 188 75 255 182 18 34 242 163 177 235 132 142 239 208 224
    15 131 164 153 12 254 206 65 92 250 69 88 26 45 2 127 236 118 134
    108 149 119 123 156 26 109 249 10 201 171 19 132 44 202 78 205 18
    172 42 94 96 216 186 189 96 59 234 69 191 109 184 164 172 95 114 15
    38 180 134 160 74 91 66 145 169 108 197 24 145 217 46 83 25 246 171
    120 116 67 180 79 241 245 176 65 245 43 159 75 202 40 54 235 230 161
    238 36 211 249 158 69 25 173 143 57 13 173 55 228 210 57 29 216 214
    233 124 70 45 183 138 188 76 5 175 242 127 169 107 206 13 96 87 92
    16 48 237 104 231 146 85 128 140 211 191 111 125 20 52 184 66 164 21
    229 129 0 60 96 30 152 110 236 168 127 217 221 156 162 122 214 29 80
    50 201 209 64 17 240 254 233 70 59 214 133 144 75 109 92 140 80 182
    122 83 13 90 24 157 158 23 237 159 45 131 157 103 219 206 9 113 123
    4 192 169 87 59 30 147 170 2 38 247 123 143 3 65 91 48 143 81 149
    160 187 220 116 205 47 90 170 77 234 199 84 106 122 143 133 30 111
    62 214 189 1 79 109 71 176 6 40 49 242 230 185 208 204 141 203 128
    50 52 101 15 62 117 86 130 217 104 231 127 193 10 97 0 139 231 121
    164 224 230 224 52 176 118 176 122 87 170 97 241 68 160 18 221 23
    240 130 17 69 14 0 134 72 108 123 173 125 78 91 105 69 237 232 125
    246 125 0 161 127 101 250 43 253 103 65 101 152 208 173 25 242 92 13
    48 61 245 235 115 77 3 170 103 127 49 71 164 26 106 179 141 10 216
    189 214 38 51 213 49 146 198 178 155 0 24 7 182 152 173 138 89 91
    129 120 201 126 194 244 204 213 242 38 89 67 183 152 108 240 223 198
    164 129 100 189 93 171 69 204 58 235 136 231 114 176 172 215 153 242
    142 241 216 86 50 116 22 55 243 138 85 50 229 202 75 219 19 209 150
    215 201 60 19 111 234 150 200 69 188 134 126 139 231 144 251 236 166
    26 251 130 115 158 197 125 199 89 79 59 144 12 193 90 18 188 89 4
    126 203 171 239 225 174 161 244 235 156 186 254 6 54 7 81 185 72 170
    6 176 110 224 136 207 255 88 231 127 90 19 117 46 38 89 60 134 4 25
    60 130 77 57 45 222 106 123 42 91 188 162 235 227 160 201 206 139 16
    117 113 233 237 179 54 213 229 100 106 61 51 73 73 6 174 219 70 61
    45 108 163 113 183 113 182 21 32 170 85 25 182 35 17 17 205 9 214
    125 108 125 38 194 17 44 156 111 192 167 152 205 205 186 80 197 159
    93 54 69 97 53 204 139 164 102 155 204 116 223 175 192 93 203 61 174
    238 254 203 146 236 0 23 149 45 69 175 32 254 77 63 61 183 40 214 64
    250 217 137 226 254 182 19 60 167 2 185 236 228 168 155 116 150 156
    14 22 229 202 29 205 196 25 95 100 229 115 209 176 36 17 176 166 161
    71 212 92 182 229 64 242 167 252 44 193 191 77 122 209 6 80 44 96
    177 203 73 49 141 37 121 108 16 176 191 27 200 72 179 115 72 193 70
    158 51 185 108 76 225 176 230 156 134 43 229 32 15 218 232 6 224 120
    3 163 248 161 180 123 180 245 204 105 64 211 71 180 229 192 216 52 4
    80 61 226 207 188 145 80 55 215 9 92 24 207 70 243 116 177 2 115 178
    159 47 128 5 41 243 152 54 105 229 110 220 108 65 213 224 7 85 247
    207 29 74 74 84 212 52 94 36 249 226 4 140 40 109 130 146 208 34 238
    77 166 108 6 194 246 109 176 232 129 177 26 109 1 90 19 30 199 198
    155 48 93 234 23 244 86 16 151 188 183 128 21 11 29 214 135 107 104
    39 254 142 131 249 8 186 40 6 190 150 117 119 12 88 158 82 167 146 7
    53 192 41 57 47 243 88 13 109 70 132 131 229 96 43 68 154 12 14 160
    238 242 108 59 226 196 250 103 248 88 45 167 91 15 10 155 148 29 215
    131 29 134 155 148 187 125 236 139 254 175 252 148 14 217 31 113 221
    146 26 71 130 16 235 183 102 68 130 91 250 95 253 74 125 72 70 17 58
    50 66 18 120 193 8 237 178 156 101 147 59 33 58 243 34 12 147 223
    236 40 170 113 168 172 90 201 14 179 224 153 5 27 185 75 124 196 32
    158 222 178 53 157 65 188 61 150 218 111 168 162 52 174 44 198 196
    92 164 225 20 198 179 212 100 145 90 206 83 44 162 139 54 169 1 68
    251 43 50 200 114 59 175 117 219 148 5 48 204 102 204 68 32 52 130
    214 192 117 213 209 6 25 35 137 4 11 1 178 23 239 68 118 177 81 109
    18 65 180 27 4 182 164 167 69 35 172 4 106 34 233 232 122 64 8 110
    149 55 35 109 226 7 61 82 144 216 225 26 25 162 193 126 192 113 120
    11 57 169 220 127 128 44 54 60 180 169 208 188 196 160 118 111 116
    248 34 98 151 21 21 76 41 106 127 23 36 68 230 82 178 213 253 4 180
    199 191 178 114 140 219 175 67 158 71 115 189 82 5 184 236 62 129 35
    224 113 232 44 64 18 172 205 100 195 19 61 128 236 98 196 199 1 13
    92 52 124 155 150 145 90 42 77 132 135 104 184 43 122 205 36 7 83
    173 81 110 30 74 146 251 219 239 188 30 175 17 252 102 150 2 143 128
    221 204 93 170 17 215 240 236 30 7 248 110 116 220 150 246 101 57 77
    5 9 129 48 249 2 165 38 252 107 232 116 72 24 84 75 217 229 194 161
    214 3 243 193 145 196 128 108 56 50 206 156 71 58 121 226 212 79 205
    113 48 158 173 184 195 208 31 55 9 124 12 112 191 203 31 168 10 169
    177 117 163 230 205 57 97 75 122 254 64 60 218 248 17 150 88 232 3
    120 254 172 47 50 102 124 166 124 184 234 96 222 228 120 182 166 44
    216 161 139 60 130 105 127 156 166 167 123 132 152 236 69 168 8 158
    26 151 210 171 76 121 78 31 166 174 75 178 106 202 180 36 239 92 82
    134 30 73 145 150 221 152 58 255 116 91 59 144 199 100 187 111 199
    27 33 246 190 62 91 117 179 241 66 78 162 29 240 70 58 9 153 39 130
    247 155 116 255 255 50 222 58 148 210 223 198 164 74 175 190 108 104
    236 59 112 223 26 207 229 229 32 50 35 218 96 226 145 86 93 19 102
    85 84 123 79 255 50 85 72 194 194 224 167 238 19 251 157 58 31 225
    94 123 255 86 60 42 32 121 99 228 183 4 143 91 83 222 234 48 110 0
    93 52 102 50 78 221 139 121 108 76 29 13 13 87 36 188 211 14 0 120
    77 247 26 122 207 52 1 27 137 120 209 130 65 139 178 153 119 228 173
    200 243 246 120 44 64 196 160 116 181 156 12 49 223 188 187 36 154
    250 208 187 101 79 152 38 206 28 163 128 96 229 161 230 143 243 100
    141 220 193 248 231 22 117 240 160 159 128 8 72 20 78 68 101 88 219
    162 59 16 216 10 236 67 41 191 79 234 120 206 254 2 38 190 139 154
    94 181 63 178 14 20 160 225 226 12 78 228 240 215 112 16 100 99 94
    201 58 241 172 195 174 38 150 214 191 201 100 69 231 85 12 46 30 130
    215 192 61 9 198 33 19 121 82 0 127 73 120 60 172 245 175 255 233
    156 216 88 81 1 109 138 218 55 219 176 43 92 11 36 40 99 43 207 151
    69 214 40 200 112 86 166 194 111 207 149 117 80 93 36 216 111 211 55
    106 77 238 219 30 171 119 178 229 152 128 65 54 166 145 111 55 44
    198 37 44 184 144 178 239 138 85 8 115 67 11 206 92 10 232 112 107
    233 131 153 0 62 61 137 250 56 60 226 254 54 254 218 118 187 22 81
    43 115 200 59 64 58 149 40 135 3 20 219 32 245 184 25 89 149 86 175
    105 204 251 102 236 225 192 21 13 133 216 13 65 119 52 177 18 250
    150 148 178 110 223 214 217 53 110 10 212 172 229 79 155 21 24 227
    233 16 235 245 208 83 71 64 127 82 219 38 148 89 14 233 180 210 77
    56 129 114 209 103 24 177 206 105 146 206 35 74 16 246 208 106 60
    216 38 81 119 135 124 239 20 9 59 112 79 6 249 186 212 198 112 29 3
    74 199 198 224 151 177 16 101 214 141 117 61 156 126 28 118 52 95 16
    38 100 173 201 17 228 186 115 96 100 64 39 117 192 46 147 215 220 27
    175 73 129 32 205 100 161 9 200 130 65 80 232 47 177 112 237 236 93
    196 222 117 229 81 71 17 153 191 28 179 140 5 160 140 114 142 137 11
    157 125 225 171 113 188 53 247 22 16 117 238 70 103 238 202 97 141
    182 64 4 60 118 167 20 195 144 39 206 91 104 139 246 72 164 27 41
    153 91 104 104 213 179 3 90 33 88 90 241 60 20 5 93 83 70 213 157 21
    204 39 181 126 200 178 161 129 247 49 139 210 201 54 64 31 247 216
    83 13 158 240 68 189 37 7 141 97 187 60 234 170 172 118 64 187 81 99
    122 184 111 4 180 39 10 87 244 124 89 125 42 161 68 245 52 68 229
    241 239 252 247 50 106 77 227 149 235 223 83 176 25 240 12 167 193
    245 126 128 242 33 124 50 124 184 34 65 207 233 43 176 140 242 60 46
    239 198 119 91 49 176 67 142 126 131 137 232 77 169 47 57 50 47 199
    205 209 130 202 85 131 216 122 27 224 138 245 23 92 220 17 44 211
    252 201 18 41 176 82 163 128 16 170 127 48 176 230 110 26 206 193
    226 95 11 55 34 203 19 209 79 187 18 245 160 207 90 60 33 208 221
    127 32 207 204 48 238 1 248 144 59 155 83 203 74 8 101 46 130 71 136
    97 236 109 245 56 195 186 192 46 138 145 249 112 213 85 84 155 111
    119 117 147 85 192 183 178 250 176 119 70 115 218 241 116 168 103
    143 135 242 68 111 116 155 196 4 127 70 62 69 201 130 146 47 66 80
    233 174 188 94 134 237 45 188 195 87 126 188 210 236 87 112 61 135
    123 210 231 221 19 203 221 200 139 205 14 215 115 97 14 32 117 222
    23 4 235 205 214 153 36 15 211 108 68 178 35 14 94 171 152 131 159
    32 20 120 180 62 36 8 11 74 103 152 62 70 69 206 135 132 234 197 43
    145 168 153 89 126 58 82 10 179 13 186 255 226 248 159 193 209 173
    24 149 140 135 96 88 156 66 57 84 90 83 22 73 184 98 237 129 180 188
    154 178 89 30 79 31 118 186 236 46 152 80 193 178 251 224 160 0 156
    99 102 112 225 57 133 160 247 74 244 109 155 65 250 26 86 99 234 140
    240 64 229 1 206 77 199 190 27 67 104 171 42 119 168 20 143 233 38 7
    122 189 16 106 94 12 227 117 97 80 163 234 64 203 166 132 85 255 101
    151 150 69 71 10 227 5 108 249 203 154 83 233 181 244 243 35 223 81
    247 49 184 171 16 233 177 211 202 63 137 147 90 96 6 7 43 15 186 50
    79 35 135 89 49 188 144 43 3 98 78 203 230 252 242 113 224 24 11 61
    161 52 173 58 188 46 239 108 167 217 148 153 205 195 183 81 232 38
    71 158 149 126 41 85 65 175 185 119 83 68 155 231 8 75 3 196 80 201
    180 5 117 134 173 235 74 12 26 196 6 142 133 86 107 168 199 136 27
    195 41 252 66 89 93 176 107 231 238 216 218 132 46 35 108 165 52 17
    251 0 185 127 171 93 15 255 145 162 194 24 221 118 125 173 153 202
    67 188 30 149 226 77 245 182 118 35 236 173 53 245 100 216 210 229
    119 215 79 146 20 153 151 196 196 73 236 231 80 55 161 53 118 109 70
    110 158 93 32 255 52 74 73 0 100 136 193 244 240 17 49 216 209 153
    66 67 66 230 41 134 0 177 37 77 71 185 5 168 93 79 40 114 136 54 22
    79 72 10 32 72 180 88 163 201 199 248 235 133 233 215 237 64 253 75
    254 223 178 75 139 33 206 154 186 23 163 245 96 224 111 71 231 180
    246 51 143 119 183 1 167 213 251 42 41 22 57 111 46 84 146 193 87
    235 113 217 216 133 148 122 149 245 147 60 117 114 73 212 83 13 171
    111 83 85 30 0 115 201 228 143 169 193 65 20 186 47 150 36 229 130
    189 132 75 57 219 170 185 178 229 181 199 51 76 200 207 137 92 129
    125 217 20 11 53 131 32 154 46 144 204 68 136 20 135 108 242 153 102
    138 146 84 86 209 161 109 55 86 115 2 46 139 177 156 166 144 116 154
    160 163 74 29 210 110 88 220 106 25 101 160 129 54 137 35 152 171
    184 112 65 53 112 110 211 6 72 53 44 233 120 112 171 23 100 92 213 8
    54 57 160 142 137 255 60 245 97 126 57 80 58 67 205 93 226 157 21 20
    194 163 122 74 158 85 86 166 206 177 150 76 150 110 164 55 211 70 95
    148 93 111 254 175 23 90 197 84 124 121 223 191 123 223 109 66 184
    75 12 247 108 0 118 138 44 221 234 180 188 64 205 120 101 141 193
    213 231 84 61 76 84 20 92 46 31 146 15 22 128 96 179 12 236 208 55
    178 194 87 94 162 167 166 47 9 147 176 219 49 120 46 243 204 24 100
    89 236 22 133 217 117 67 211 145 174 171 16 42 142 195 69 116 61 30
    22 94 250 36 82 52 231 216 68 116 77 86 39 134 14 162 155 185 187 17
    73 99 103 188 183 91 152 143 169 40 39 24 128 24 23 91 95 95 76 156
    94 100 147 124 83 245 68 56 241 79 203 29 208 14 187 36 33 90 29 8
    226 150 189 244 128 188 61 250 129 32 35 247 167 236 89 39 69 12 200
    68 79 5 179 15 208 149 47 241 101 154 52 64 24 232 127 154 75 52 235
    27 5 54 176 40 138 207 19 250 211 64 115 88 235 61 0 85 144 217 142
    164 141 119 148 8 23 84 78 99 146 33 143 45 220 61 205 52 247 110 66
    244 130 193 126 5 108 171 163 183 0 158 151 76 99 50 26 52 224 24 37
    195 42 224 183 73 93 65 113 148 144 230 18 14 63 42 73 169 234 206
    88 99 144 94 59 121 93 3 170 215 192 160 99 141 8 161 112 109 66 232
    191 190 162 205 174 44 90 210 48 156 7 109 187 26 126 239 170 186 2
    69 57 127 94 72 110 190 214 40 204 112 71 87 24 113 55 147 142 132
    113 154 180 64 102 172 33 89 20 41 213 252 143 7 145 33 167 178 244
    190 134 94 75 246 101 216 165 144 89 130 218 208 226 252 28 129 173
    171 18 55 211 168 229 179 116 234 150 0 50 11 143 35 115 30 203 230
    75 10 126 153 179 82 42 205 93 143 135 184 137 93 147 200 252 165
    149 66 82 92 141 52 151 198 248 32 116 27 163 216 228 24 130 203 115
    203 228 20 91 215 66 138 9 108 140 123 234 175 141 245 39 253 244
    212 206 7 47 18 248 7 15 48 220 71 85 248 154 88 221 171 176 30 159
    62 172 62 14 175 213 157 216 161 67 174 171 240 112 163 135 50 141
    154 114 15 197 121 241 189 152 201 251 171 207 157 100 171 225 183
    172 159 188 26 110 230 193 154 190 227 174 102 61 136 187 86 198 194
    152 235 107 83 31 90 155 245 70 182 113 50 74 128 83 139 248 70 0 47
    107 17 152 47 47 247 149 201 105 213 39 159 142 253 135 138 220 208
    165 144 73 71 185 210 243 118 9 177 171 72 131 13 188 248 252 129 71
    242 112 75 71 44 161 133 118 72 12 131 221 175 31 133 141 174 182 82
    45 1 110 238 207 230 8 13 138 171 193 47 57 235 128 182 138 172 86
    69 152 47 12 17 62 198 134 154 31 191 183 17 53 71 144 102 75 171
    101 188 24 220 32 224 200 4 255 150 211 219 94 75 13 159 16 180 247
    203 113 123 123 44 184 252 40 28 95 170 191 143 131 18 15 205 241
    166 97 216 99 24 136 139 86 106 240 206 117 205 251 16 207 105 193
    186 169 82 226 185 243 49 127 141 46 51 87 30 59 11 187 153 21 62
    151 95 52 207 40 109 96 99 55 198 192 145 18 8 22 174 141 29 192 75
    25 33 114 199 48 212 221 147 47 204 240 8 49 169 82 207 111 11 99 52
    202 200 166 122 156 225 172 150 26 21 84 218 105 170 244 254 179 198
    3 15 237 33 70 81 125 90 190 75 115 240 0 62 77 6 198 166 41 73 63
    121 245 215 147 144 237 130 40 197 200 201 188 186 228 73 208 116 22
    47 231 224 228 12 238 135 108 82 124 68 225 64 31 45 186 240 23 11
    68 200 142 74 11 15 132 84 107 159 251 2 243 118 196 161 1 30 94 252
    51 240 100 56 219 196 27 182 232 32 203 170 13 255 88 195 115 15 238
    13 13 169 1 142 115 179 37 112 155 64 224 16 144 193 163 220 237 171
    13 37 110 163 77 121 141 87 60 175 221 49 139 199 23 66 9 167 168
    186 20 104 125 150 80 102 19 18 9 175 241 116 60 150 223 228 160 40
    0 242 91 187 8 97 147 149 220 88 239 44 187 91 230 223 172 228 16
    187 228 11 138 150 246 81 128 198 87 87 58 110 44 132 244 100 85 253
    97 18 152 163 156 174 148 166 157 249 92 184 82 191 85 79 57 231 75
    122 93 201 87 141 159 164 199 148 145 245 166 24 213 232 113 254 214
    79 208 185 98 58 106 189 82 253 7 125 47 106 34 120 148 5 56 35 152
    137 67 62 193 37 104 203 138 244 138 183 73 45 52 139 244 14 128 44
    25 245 209 215 49 81 74 84 132 244 164 76 182 118 57 39 59 204 67
    146 159 44 47 127 84 32 16 199 82 240 34 211 128 2 132 23 24 185 93
    98 242 55 243 249 225 235 19 102 138 187 191 167 75 68 246 236 176
    242 39 151 80 201 130 121 138 237 57 240 155 110 234 99 93 220 6 217
    33 107 67 213 106 84 163 142 5 104 234 0 90 138 238 170 83 132 219
    41 26 173 237 36 108 214 54 77 176 136 115 193 246 164 143 170 76
    102 137 218 28 198 6 30 142 200 175 127 192 190 124 255 113 155 181
    165 190 224 195 100 207 55 3 175 254 239 92 186 124 13 169 1 79 168
    13 151 101 78 172 35 203 192 97 188 20 202 236 101 124 248 254 94 80
    73 104 249 87 83 59 249 146 174 207 105 118 118 60 202 197 166 209
    37 147 88 70 52 135 197 217 151 157 3 207 188 211 107 95 253 187 26
    113 116 68 137 121 251 111 15 123 235 130 136 243 17 107 32 165 77
    77 3 186 151 22 25 201 143 136 65 26 114 187 145 68 8 101 178 179 74
    50 128 225 47 229 235 32 88 39 21 76 64 62 159 53 65 131 210 72 199
    206 249 185 231 255 79 208 195 96 71 137 205 68 51 121 108 26 46 155
    96 121 32 122 186 243 79 201 22 38 148 105 135 75 37 221 121 209 68
    212 160 220 235 130 60 184 191 108 197 78 117 89 109 234 250 127 11
    26 8 168 202 8 51 63 31 234 11 177 188 56 235 104 147 76 20 210 46
    176 82 180 63 90 102 188 63 164 67 221 246 148 91 247 248 67 73 227
    58 135 11 32 19 247 107 9 251 25 132 115 95 1 29 47 20 94 15 221 121
    44 151 72 43 39 63 76 13 149 150 248 125 232 168 129 129 217 83 162
    254 29 222 192 16 210 49 125 245 82 37 21 196 63 60 126 99 174 192
    224 77 184 189 151 80 73 148 24 16 42 250 107 166 145 207 231 145
    247 253 99 134 57 34 100 64 219 133 126 99 67 222 10 40 235 203 88
    191 169 73 253 205 6 162 133 145 158 6 27 212 81 217 156 250 72 131
    200 50 229 248 87 136 30 26 74 162 175 154 151 0 41 176 46 221 253
    191 156 196 152 85 29 122 145 168 79 44 12 80 102 243 131 232 223
    144 1 32 238 75 112 107 105 114 91 254 219 118 215 148 76 231 237
    129 184 2 199 47 18 231 25 61 204 155 50 196 62 8 96 193 8 43 154
    134 190 175 38 243 31 5 194 71 13 223 249 11 251 118 205 218 2 190
    107 124 141 106 91 13 59 223 32 41 49 103 21 118 43 2 175 232 152
    175 195 103 32 203 151 18 169 146 250 206 237 188 31 222 18 6 86 210
    120 241 136 65 29 65 58 253 28 166 36 201 121 115 30 254 123 156 172
    25 122 25 243 97 197 191 68 100 24 110 79 233 108 2 209 141 174 147
    236 120 114 166 177 167 133 182 159 27 9 47 43 61 41 225 224 124 117
    161 67 52 89 83 248 190 192 33 132 107 60 107 166 83 39 4 255 139
    185 44 72 53 43 0 102 191 97 191 76 210 25 49 123 175 159 1 226 151
    251 87 192 109 193 13 151 13 145 174 36 183 107 151 205 209 43 45
    132 80 33 130 169 211 185 211 36 30 228 110 24 139 189 164 45 41 162
    162 226 107 21 106 139 249 225 135 65 133 104 42 119 230 96 90 222
    198 81 41 191 222 95 149 57 4 245 233 100 17 21 183 206 163 7 87 233
    205 224 235 86 25 37 223 105 110 37 129 27 28 99 65 49 199 158 113
    212 238 178 147 71 67 179 139 80 255 183 173 118 41 20 205 110 131
    81 251 195 251 242 5 59 112 140 3 77 16 45 63 170 87 116 131 246 118
    139 160 5 9 119 74 223 36 13 157 141 110 220 154 56 119 91 176 113
    51 161 111 165 251 3 127 35 113 83 178 68 67 203 118 200 233 156 89
    245 204 243 233 84 243 249 138 87 25 103 59 103 47 1 60 237 68 84
    121 175 89 117 28 73 219 252 141 159 134 61 31 205 219 71 182 166 51
    141 182 158 245 25 243 148 175 231 187 41 111 28 113 104 43 103 51
    130 119 24 196 103 157 2 170 174 60 122 233 178 73 236 135 37 241
    240 36 147 73 148 82 240 71 62 57 23 185 100 214 15 162 174 95 159
    202 21 127 51 69 31 166 207 0 197 127 22 130 10 137 142 18 8 58 44
    192 83 9 34 182 176 227 182 180 191 6 32 2 245 11 27 216 207 195 8
    50 238 104 145 225 128 4 89 158 179 100 116 146 133 153 23 133 13
    115 10 129 135 86 41 126 57 169 110 122 8 240 33 235 216 252 215 151
    73 129 98 210 177 29 14 108 203 32 155 64 249 54 123 166 170 183 255
    36 160 128 74 218 107 201 231 33 146 120 245 2 253 27 6 72 61 119 49
    43 221 255 229 134 7 19 52 112 238 169 237 126 244 231 95 172 190 21
    148 194 106 234 26 239 236 200 121 220 111 100 102 175 63 107 244
    135 208 44 157 235 196 161 126 7 231 183 55 215 204 11 105 5 25 158
    145 45 90 242 57 61 35 159 82 205 23 12 193 69 212 62 251 105 125
    185 236 102 148 56 131 181 140 65 60 134 203 195 43 253 48 195 141
    41 68 69 86 240 181 159 47 212 97 81 57 67 81 93 87 151 29 36 159 98
    149 187 19 243 31 137 157 1 212 165 134 174 131 121 32 20 107 15 189
    208 172 108 50 203 239 152 189 152 162 143 104 57 60 192 156 138 110
    56 230 174 185 234 76 214 54 11 232 194 85 229 127 59 177 225 154 77
    147 229 149 41 133 18 17 202 146 170 226 13 5 178 177 96 151 232 122
    51 126 144 172 109 104 47 140 213 239 101 193 98 96 22 223 18 77 206
    193 227 226 159 153 71 125 201 78 90 71 195 48 242 74 197 119 127
    195 135 10 116 136 77 130 103 81 142 17 180 98 190 7 181 174 237 168
    137 44 230 225 113 205 189 39 153 163 186 213 21 69 191 39 236 139
    156 172 151 221 216 125 192 113 181 63 57 241 92 32 185 3 185 7 78
    189 147 27 44 180 169 99 34 1 224 150 48 69 51 29 120 160 224 16 161
    146 173 96 141 198 120 4 172 94 243 179 132 82 200 21 97 151 184 46
    116 225 190 131 174 14 127 255 37 102 55 202 199 165 135 69 152 43
    121 132 209 27 108 70 119 24 224 95 114 36 202 249 100 87 4 179 152
    194 204 255 236 233 64 254 21 26 33 50 198 250 25 124 139 216 84 156
    197 27 155 85 213 43 224 152 131 138 35 30 228 22 112 126 127 245
    144 232 162 152 118 17 205 159 12 237 208 187 172 32 191 178 111 177
    142 69 45 69 215 197 172 143 175 219 63 168 152 52 215 103 144 91 78
    28 182 116 154 213 11 220 103 55 36 94 254 241 145 238 237 18 21 187
    230 216 207 156 226 39 4 103 196 34 68 250 43 176 60 242 242 123 196
    227 196 50 16 189 51 133 94 225 77 110 23 66 127 116 16 9 54 47 196
    175 94 158 149 211 175 28 170 211 238 32 251 113 214 135 94 9 41 145
    106 24 21 108 121 164 29 160 98 106 89 210 102 106 4 133 109 78 102
    178 225 109 35 238 245 149 62 176 221 227 167 60 126 162 248 33 115
    188 96 194 60 28 230 233 232 37 42 239 136 8 55 155 239 249 214 25
    50 239 97 197 250 85 176 251 242 200 16 30 131 148 252 129 140 42
    177 82 201 172 224 84 169 149 63 193 29 223 65 2 135 96 99 75 128 89
    159 235 33 239 112 35 93 208 126 196 203 72 201 56 2 218 131 95 26
    88 4 134 156 224 66 37 92 126 210 57 15 135 220 5 43 79 155 127 14
    207 242 52 212 141 190 247 26 219 206 216 38 142 115 130 134 82 20
    102 217 73 47 118 234 195 203 174 10 56 234 249 243 187 200 122 27
    24 172 7 9 63 193 103 6 143 148 11 255 205 51 78 142 113 171 219 27
    230 99 175 60 232 140 25 179 122 40 110 136 216 219 167 193 138 157
    7 89 152 21 249 156 223 11 210 91 168 222 228 92 71 226 109 7 188 3
    90 154 119 35 110 233 33 211 250 77 15 129 237 218 3 35 127 252 73
    209 138 97 190 22 44 172 17 255 220 205 39 225 105 101 166 240 110
    224 228 70 151 22 42 252 17 142 73 60 118 85 134 47 170 39 204 96
    224 49 60 92 221 80 161 133 114 198 102 242 47 51 101 254 38 194 95
    30 101 78 221 197 88 104 69 144 100 125 151 39 227 135 235 104 240
    166 1 174 145 123 109 106 28 150 123 8 235 26 249 151 75 193 50 149
    26 129 143 65 123 53 156 148 141 232 160 199 64 188 6 105 157 105
    101 202 202 94 73 155 118 45 128 56 146 239 53 221 37 251 120 27 98
    36 119 88 135 82 123 134 16 193 189 94 243 126 107 154 223 54 247
    155 227 192 127 208 51 109 176 131 244 95 219 112 175 160 108 187
    112 106 227 212 71 28 91 170 54 149 104 111 213 39 70 121 181 211
    152 111 215 65 252 92 70 102 113 23 146 118 96 26 194 192 72 10 99
    136 180 2 124 163 33 110 113 230 172 173 172 142 121 62 179 150 170
    215 74 86 147 31 76 165 120 243 9 102 245 150 93 160 91 140 70 86
    222 11 240 244 97 5 67 181 30 234 22 56 1 142 150 106 46 5 111 131
    166 59 5 79 172 158 147 25 93 89 21 15 146 203 20 7 93 212 23 233
    178 40 207 179 184 57 171 120 40 158 167 16 77 102 145 153 234 70 87
    15 112 36 86 18 125 21 229 141 121 43 205 149 208 140 51 166 175 201
    235 37 60 165 112 117 108 119 214 20 114 162 5 54 252 90 77 200 127
    215 155 117 161 16 234 174 231 0 62 219 103 109 60 53 250 116 158
    251 55 248 146 72 207 197 67 253 202 31 118 150 45 185 54 7 214 82
    186 45 2 203 248 144 222 134 15 242 165 8 250 66 145 31 114 50 124
    28 76 152 6 29 108 181 122 229 155 109 173 204 200 234 213 15 220 51
    217 165 207 65 9 108 240 25 148 39 52 139 164 28 235 209 111 136 155
    146 39 255 182 198 176 5 150 168 247 195 17 65 77 64 190 142 101 156
    88 208 71 209 55 71 177 15 159 112 241 196 230 130 84 222 177 183
    128 35 137 139 56 174 183 234 79 221 163 218 222 64 9 203 250 67 25
    93 111 146 175 23 109 44 21 190 124 214 204 58 161 232 201 35 59 88
    125 235 50 185 61 173 96 78 177 138 95 224 218 237 237 155 48 181
    128 172 44 190 29 49 168 215 207 127 29 94 125 96 165 226 94 253 204
    0 135 147 231 147 123 192 24 108 238 11 25 225 172 63 252 98 134 0
    22 144 74 183 6 116 142 196 19 120 166 211 61 181 55 88 142 87 132
    124 246 36 133 124 43 157 199 59 109 149 232 85 196 42 170 228 226
    13 186 118 153 104 254 206 37 228 43 225 118 238 197 138 138 56 87
    208 204 174 205 254 206 204 221 236 147 2 166 244 94 119 89 177 171
    105 7 228 242 214 54 27 221 159 241 119 227 146 9 170 153 75 90 218
    105 127 77 234 8 31 225 5 118 101 248 143 89 35 174 252 151 20 252
    172 192 117 255 139 104 226 130 228 41 52 5 138 140 68 14 211 173 8
    92 199 83 82 48 232 108 213 120 45 177 103 253 135 255 208 166 119
    98 239 246 41 163 122 93 111 70 111 226 190 160 140 24 164 158 253
    209 59 238 107 74 164 207 126 57 140 132 199 138 18 103 66 10 230
    161 117 104 37 35 193 67 165 128 137 57 60 17 42 23 255 81 82 174 60
    168 36 241 121 175 76 200 4 222 120 203 130 26 204 245 158 199 134
    195 44 124 178 224 233 216 108 185 63 31 94 73 30 241 18 176 253 93
    131 225 62 117 123 128 12 168 26 136 35 158 146 23 97 60 122 245 47
    190 218 198 96 205 179 159 193 74 231 16 136 72 78 19 49 173 247 176
    233 84 110 219 75 45 24 134 59 253 179 56 3 85 131 205 170 226 186
    219 210 181 20 26 201 195 224 10 46 230 63 88 252 54 97 104 178 90
    167 169 134 102 162 127 234 244 123 121 206 252 232 31 208 179 93
    149 182 17 84 241 37 213 195 44 168 212 51 177 143 18 4 56 232 28 93
    136 183 169 58 105 210 93 49 92 195 194 238 157 82 171 8 176 188 206
    235 108 140 195 32 29 234 47 250 247 232 80 34 7 252 165 48 38 110
    242 5 78 215 151 22 183 230 39 44 213 120 185 76 186 173 53 248 165
    99 116 175 250 40 97 43 210 121 78 52 152 213 235 248 127 25 241 239
    55 53 234 219 2 83 240 114 89 91 60 160 128 66 11 188 86 62 10 172
    77 41 5 12 122 233 243 223 178 70 127 195 204 86 73 138 105 252 53
    125 188 192 168 32 152 136 207 144 208 174 1 231 139 43 72 190 144
    72 224 150 47 141 199 180 178 82 68 20 198 36 194 175 128 54 47 226
    101 57 219 43 222 10 243 80 49 130 219 13 146 134 122 62 53 204 49
    110 194 163 139 101 74 242 97 159 46 128 52 205 71 37 127 7 66 149
    216 49 226 97 177 102 1 97 188 210 62 113 179 79 72 18 106 60 131 32
    56 238 77 165 150 37 122 151 195 230 132 87 177 66 79 21 8 121 80
    178 171 225 148 179 183 13 21 117 225 255 77 13 142 100 232 16 198
    178 207 227 224 222 94 23 47 242 238 79 35 84 56 191 181 23 221 42
    107 214 198 19 36 141 149 64 181 244 117 10 151 108 105 213 8 127
    106 38 4 7 52 129 74 128 251 233 121 5 240 37 108 149 42 193 68 132
    208 141 158 139 88 85 124 171 218 136 232 143 34 143 242 15 206 163
    190 33 146 253 243 249 91 103 62 22 242 123 47 138 139 99 233 200
    165 219 209 199 10 59 146 158 31 243 197 183 189 104 38 49 184 114
    185 86 31 4 141 197 136 70 212 159 111 223 154 48 189 222 194 233
    192 219 100 149 171 126 218 205 46 198 120 238 234 42 76 34 28 55
    104 242 174 66 136 150 156 223 254 118 118 86 203 239 253 97 207 10
    116 6 202 188 173 176 106 129 195 66 35 26 25 107 174 123 113 123
    186 244 239 28 196 253 125 206 251 84 90 57 136 145 102 6 15 253 94
    178 73 162 120 136 98 193 103 80 135 27 75 79 65 180 197 0 94 146 81
    29 63 201 171 198 171 129 120 220 197 205 150 136 67 141 189 248 233
    86 249 52 212 183 229 138 85 212 154 19 172 24 197 195 26 83 148 163
    40 182 43 33 219 198 158 101 156 4 42 151 31 124 91 204 127 248 201
    130 199 11 105 44 207 117 117 136 135 105 39 114 25 232 229 247 17
    46 150 92 254 121 65 112 84 103 6 36 1 191 188 28 167 248 106 57 32
    66 77 177 171 205 36 75 88 232 252 27 207 93 65 156 60 166 233 26
    194 181 179 8 136 34 38 155 251 48 192 22 170 86 171 2 49 242 26 119
    17 14 92 39 255 183 183 132 120 185 64 177 125 125 123 89 15 213 255
    229 41 233 217 56 241 191 205 117 233 223 179 22 65 87 49 183 128
    107 174 195 138 219 135 62 41 93 236 111 232 150 252 168 199 77 218
    151 128 136 114 234 209 233 3 158 73 246 90 149 117 196 253 239 83 5
    131 196 219 144 83 248 251 238 188 144 197 215 95 160 179 122 5 210
    166 146 59 136 243 59 141 14 237 193 155 220 184 166 131 57 187 46
    211 69 119 235 28 69 231 22 47 96 252 90 144 165 212 112 28 44 0 59
    119 125 94 199 63 178 181 181 99 58 221 3 143 147 202 170 22 86 234
    222 187 103 122 121 156 147 20 156 180 192 19 247 121 183 241 173
    219 69 196 147 19 167 64 174 226 153 26 228 1 48 36 170 232 130 107
    73 76 4 232 13 166 227 159 58 32 76 158 2 208 193 88 70 215 1 37 71
    54 158 72 23 134 135 76 130 97 58 244 239 81 49 87 166 167 66 25 187
    28 215 41 228 67 7 37 221 146 56 255 131 104 76 57 13 190 33 97 186
    168 147 108 66 66 251 107 96 10 248 9 140 172 9 70 107 163 57 154
    207 63 37 61 230 10 172 242 108 247 212 188 255 46 231 42 30 132 18
    100 49 88 205 206 44 28 58 10 178 63 136 54 129 38 173 248 94 226 71
    83 202 129 160 195 24 114 238 167 218 170 11 215 177 141 5 200 126
    136 26 29 240 246 202 206 100 94 181 242 19 47 186 129 183 251 130
    250 194 22 75 40 148 212 102 25 230 65 184 153 13 109 234 98 41 217
    151 136 52 238 235 151 158 86 150 175 196 168 146 243 126 129 127 77
    189 43 67 48 49 130 51 3 125 14 56 188 235 152 168 179 211 194 18 56
    97 5 56 122 214 199 131 241 163 24 156 89 211 117 240 191 49 155 199
    58 125 123 255 223 22 22 127 65 5 85 34 77 53 150 246 77 185 184 143
    1 150 241 45 157 200 15 166 173 246 98 58 59 242 221 122 55 155 123
    158 246 195 136 239 180 197 88 98 50 34 128 27 96 5 231 217 12 70
    101 71 212 33 77 164 175 23 128 55 39 1 142 175 118 245 104 12 151
    65 77 117 82 181 147 237 34 174 209 231 62 222 71 213 102 47 207 193
    123 186 88 250 176 140 202 223 55 128 101 36 222 232 24 91 241 73
    244 178 96 198 200 120 187 214 183 219 158 28 94 34 112 183 176 172
    142 40 187 219 140 115 102 40 211 94 55 23 6 142 239 54 180 65 69
    163 210 216 174 233 15 51 175 40 17 10 227 82 252 195 101 35 137 147
    40 104 243 23 174 235 178 1 222 57 45 233 172 220 108 232 29 175 8
    254 158 16 149 89 59 16 121 66 191 9 101 231 177 251 45 203 189 116
    19 1 34 129 113 40 160 78 200 49 237 234 210 232 250 51 176 65 84
    175 71 145 105 75 249 42 204 247 158 233 255 182 233 94 132 155 50
    10 172 8 164 121 198 103 250 251 143 166 152 125 57 199 233 105 189
    205 254 67 227 210 187 81 48 179 176 227 3 193 68 34 71 65 220 49
    239 24 141 25 17 30 82 107 109 195 203 233 28 233 109 6 2 56 12 34
    113 7 221 204 217 65 86 232 85 86 229 161 57 85 144 123 239 160 157
    114 56 33 8 10 58 9 23 101 84 38 120 90 255 83 55 48 169 176 32 83
    62 203 240 67 196 42 223 42 23 143 95 162 213 74 77 244 69 18 213
    206 185 195 69 190 97 208 130 148 45 89 19 92 70 98 84 46 130 115
    208 201 248 0 187 8 246 217 105 233 242 247 109 9 244 155 20 60 113
    81 78 27 207 184 159 23 210 230 32 206 174 206 34 27 63 70 254 185
    191 139 234 4 11 180 145 5 111 184 202 139 195 168 245 203 65 0 104
    239 99 161 240 95 84 158 84 85 246 136 61 194 211 149 167 185 54 40
    197 18 82 197 146 227 240 15 108 183 176 247 32 61 223 214 64 73 108
    180 200 19 172 195 57 177 140 125 112 29 206 226 65 216 190 201 134
    106 4 187 191 208 250 205 24 154 225 38 147 71 13 183 149 210 19 116
    62 9 99 15 54 72 67 173 99 116 195 237 104 233 5 20 230 141 166 40
    77 44 102 206 47 236 125 57 191 124 248 96 127 245 179 212 121 111
    65 183 32 38 180 235 61 161 92 243 214 196 140 254 129 112 70 14 217
    173 216 106 83 123 240 5 81 71 31 100 29 140 126 12 167 199 90 97 60
    17 248 222 194 236 134 96 149 203 201 254 186 46 226 204 183 84 192
    31 88 236 252 133 31 114 185 147 63 164 239 27 206 1 162 198 241 205
    207 133 224 94 175 125 42 198 108 149 85 254 24 213 222 45 38 125
    166 158 129 207 187 93 160 143 44 237 192 162 141 50 92 128 182 178
    172 81 110 118 30 193 133 176 66 87 34 168 222 54 129 237 179 228
    240 114 212 35 55 60 150 53 164 77 111 109 113 67 178 128 91 65 249
    113 140 77 52 146 55 219 1 20 181 179 40 72 162 196 7 52 90 160 47
    163 11 122 121 163 159 144 228 171 148 75 130 88 162 43 109 120 218
    125 213 238 61 204 111 129 61 134 246 140 212 47 18 118 135 147 18
    83 195 210 126 246 62 53 1 195 43 243 236 46 0 149 249 179 9 252 223
    100 190 171 244 251 186 37 141 43 84 208 51 182 106 36 126 246 50
    185 199 191 162 205 192 172 21 166 228 147 79 41 217 17 119 73 80
    239 3 175 35 211 160 7 225 237 66 5 220 253 95 160 139 34 42 1 6 206
    186 26 133 121 147 205 23 196 103 233 113 82 229 143 54 60 252 241
    20 5 247 171 205 51 49 201 63 46 41 225 150 166 24 229 231 40 164
    164 26 137 60 161 188 52 84 194 153 185 233 37 68 27 112 127 164 43
    108 15 182 72 10 136 249 212 67 142 83 66 53 239 74 160 28 53 203
    179 71 47 206 104 202 173 40 237 250 152 35 217 226 200 12 251 202
    126 93 242 196 157 215 118 66 139 177 164 116 68 70 192 216 78 120
    135 110 74 204 50 178 137 51 97 252 178 83 62 134 112 194 87 86 187
    134 92 43 171 249 118 29 191 64 84 108 1 242 231 227 103 72 241 136
    183 201 198 30 166 76 154 132 185 98 93 164 192 181 240 140 181 131
    83 241 231 57 105 3 136 64 94 197 159 229 105 205 70 162 116 67 182
    219 186 67 29 168 119 139 42 146 128 113 231 102 32 87 44 2 249 119
    22 16 226 120 168 17 206 222 139 150 113 242 113 110 235 241 0 21
    209 15 134 203 225 142 39 60 215 219 135 140 210 242 144 163 249 26
    133 43 233 67 133 166 211 122 2 163 63 186 255 150 31 103 151 70 253
    35 217 73 90 101 29 19 99 103 26 134 174 136 233 222 84 105 215 185
    102 7 251 179 238 109 251 113 223 20 111 251 45 217 209 96 150 192
    19 237 89 203 12 249 159 50 240 213 180 134 152 173 243 136 206 25
    175 16 43 165 81 204 57 215 210 235 94 34 160 180 74 86 92 101 121
    215 87 70 66 194 211 88 38 160 217 94 38 22 236 108 225 222 29 45
    124 101 90 139 144 6 11 172 24 5 138 160 145 194 25 205 172 33 156
    238 228 145 86 99 67 52 75 10 176 105 247 160 254 151 212 131 119
    179 174 112 54 159 89 232 141 62 161 167 176 82 128 197 1 1 219 210
    33 164 181 228 187 138 40 86 125 84 9 53 151 63 89 228 143 12 171
    144 126 202 41 73 39 41 60 118 71 74 207 17 48 234 242 93 188 238 34
    207 86 157 14 213 93 136 113 202 19 52 169 69 27 126 188 36 24 136
    83 200 179 75 108 2 228 179 208 196 212 181 45 141 13 0 33 15 134 68
    105 126 66 54 66 97 197 235 100 44 46 158 233 254 53 186 170 245 106
    52 234 192 150 66 187 159 232 66 13 22 115 74 97 207 26 176 70 137
    79 136 92 2 49 88 227 120 166 158 85 210 162 144 198 163 118 82 133
    131 243 195 243 235 17 89 163 156 195 159 208 145 179 173 208 48 132
    55 198 79 171 117 8 126 26 128 70 28 217 117 232 142 221 209 121 206
    74 62 226 116 14 48 92 219 201 103 249 12 245 103 15 12 131 161 173
    103 72 225 44 229 29 133 33 228 20 163 40 152 62 16 204 7 70 167 15
    219 180 56 22 158 173 58 133 237 81 221 196 110 175 216 137 74 138
    71 169 126 16 40 133 252 150 26 117 50 34 145 164 17 109 193 217 44
    46 128 61 57 30 218 200 75 160 223 21 151 76 243 50 174 112 126 74
    148 0 190 74 224 48 78 50 252 26 143 131 229 181 210 111 51 223 128
    245 81 65 86 47 21 130 161 173 163 123 175 198 77 81 39 157 213 37
    152 178 142 217 98 16 188 6 32 165 196 200 2 174 241 140 27 200 233
    124 161 72 214 56 0 129 53 103 21 179 23 175 226 128 110 207 226 190
    144 39 33 68 61 56 35 113 58 198 51 59 47 78 170 187 131 11 221 47
    95 143 78 205 199 83 78 229 108 43 133 108 94 30 239 234 126 106 115
    152 19 180 132 191 74 240 84 25 23 251 43 98 98 66 11 3 224 103 109
    30 2 88 133 18 103 187 61 0 67 234 48 218 114 236 57 255 215 187 86
    210 115 202 111 59 47 124 237 147 119 10 129 239 159 30 210 172 195
    254 109 123 218 180 100 157 35 125 54 65 62 244 194 234 73 115 144
    250 66 185 215 160 191 188 73 47 63 11 217 115 192 241 47 112 160
    163 243 218 165 125 245 118 159 244 26 45 94 81 35 222 187 207 183
    151 194 165 241 32 192 33 104 10 75 210 80 27 71 172 7 197 243 62
    226 241 127 166 11 150 51 175 167 73 52 1 91 208 132 214 61 72 83 45
    231 48 57 169 9 37 242 182 68 59 24 67 231 124 1 37 92 76 69 203 70
    42 195 203 102 47 80 107 204 208 39 115 35 76 145 79 253 151 102 96
    46 60 52 61 148 101 29 84 157 245 51 66 80 157 55 137 118 207 228 84
    199 150 68 176 231 134 72 158 41 177 199 224 95 58 228 235 112 32
    215 184 89 21 66 202 90 108 251 160 181 34 1 35 49 199 29 77 92 127
    50 38 185 126 165 199 207 222 9 89 208 130 23 106 217 39 9 68 8 133
    12 160 125 1 225 214 193 39 84 121 217 174 10 127 10 157 55 101 178
    206 142 70 238 216 119 171 249 83 144 66 181 33 170 242 176 156 197
    41 71 21 241 7 92 17 160 183 155 197 78 128 77 49 180 244 118 200
    121 116 98 157 156 55 15 221 11 217 27 237 145 53 24 240 130 218 69
    74 209 181 11 137 197 252 57 96 187 85 100 192 172 170 103 239 228 4
    242 203 96 17 156 139 243 193 53 219 190 78 73 4 89 232 164 201 117
    146 90 16 64 166 129 208 255 8 247 65 150 48 19 37 228 141 107 99 10
    124 34 105 199 133 47 8 25 159 131 204 111 242 193 74 249 138 247
    227 60 30 47 86 22 163 92 4 23 221 172 196 95 90 36 61 133 109 119
    118 88 17 10 215 193 188 162 66 3 2 96 197 205 99 226 125 241 13 73
    94 131 58 160 79 20 16 142 188 179 76 231 239 121 135 151 208 195
    142 185 54 217 109 184 185 157 132 39 9 201 139 143 18 151 189 1 100
    210 116 139 150 252 56 72 96 147 13 220 104 248 46 99 78 143 225 192
    159 210 154 247 42 252 170 35 147 98 163 50 232 43 68 246 90 64 215
    186 25 86 64 127 147 209 36 247 54 222 14 91 207 108 118 61 62 64
    242 217 192 109 42 77 171 46 178 65 76 41 235 231 113 226 144 9 4
    200 238 121 225 21 240 60 125 96 115 10 189 199 172 24 75 64 163 17
    126 1 160 100 52 77 240 77 200 11 158 186 228 228 134 90 105 109 220
    156 15 249 139 91 130 232 149 31 56 159 137 181 138 235 91 221 187
    214 173 136 190 143 129 103 26 87 242 25 50 153 235 190 2 131 233
    205 83 102 106 63 73 75 212 253 178 242 221 127 84 211 120 243 123
    105 28 26 117 5 69 11 218 114 235 234 37 114 48 185 136 6 242 202
    117 162 7 149 249 77 183 221 164 162 27 133 212 63 86 160 35 53 77
    52 117 221 168 125 72 164 191 64 133 246 150 75 142 191 191 22 194
    91 208 7 35 255 108 124 142 72 29 188 171 37 206 143 243 139 30 250
    89 192 144 249 85 116 124 58 213 111 198 84 70 201 33 35 180 40 151
    26 236 160 2 5 35 146 50 138 216 7 246 215 234 11 208 72 214 197 189
    188 69 15 49 9 18 219 211 165 32 82 86 202 195 224 207 31 179 233 60
    158 50 156 167 198 142 160 179 13 247 190 176 211 177 98 211 242 77
    241 66 202 148 27 90 175 68 62 190 159 99 112 73 172 206 134 153 76
    166 187 228 192 126 56 162 69 159 71 62 38 205 173 200 127 131 222
    149 27 79 102 14 47 51 144 81 56 218 244 33 208 17 212 70 235 189 73
    202 6 71 215 20 160 158 131 31 25 200 17 63 58 203 201 235 226 53
    232 175 149 95 44 195 56 221 241 80 54 156 10 32 65 85 155 106 224
    173 26 78 207 74 201 143 79 40 121 178 184 186 49 210 25 3 128 81
    107 2 46 119 55 170 24 2 236 255 228 61 255 172 6 151 47 138 239 81
    127 111 208 241 121 207 247 212 149 177 46 88 48 91 175 90 132 49
    112 161 187 79 244 24 87 23 242 215 106 105 23 45 223 26 44 67 10 34
    184 126 67 142 244 121 238 56 240 187 122 95 59 70 190 40 131 25 179
    249 189 18 156 90 198 38 254 139 90 183 131 115 200 214 243 73 138
    239 209 58 20 65 130 102 65 55 55 253 75 220 236 50 2 204 114 106
    123 207 64 227 222 60 67 143 137 72 43 128 74 108 97 219 101 131 46
    17 179 227 56 171 96 110 253 49 147 241 62 197 96 44 136 23 147 172
    96 63 89 85 130 211 247 24 117 32 59 32 30 199 221 140 162 163 77
    116 76 196 199 78 151 17 51 180 179 28 90 178 80 111 105 247 26 190
    205 1 132 225 222 138 166 157 38 255 134 167 253 8 44 243 23 115 233
    119 133 66 24 125 136 224 174 239 30 215 111 120 115 195 93 221 1 70
    86 222 24 196 89 21 1 146 217 229 91 86 233 24 118 63 203 124 84 83
    173 127 14 137 174 94 82 74 19 248 142 35 125 60 68 106 37 2 77 167
    242 206 253 22 53 178 187 12 232 6 150 94 209 248 248 53 94 77 26
    115 221 237 106 249 149 188 42 41 15 85 33 213 184 183 206 213 62
    101 20 144 253 32 138 77 185 143 33 52 45 43 156 229 106 130 108 199
    58 58 106 103 118 51 83 100 43 40 121 118 210 163 34 103 196 80 69
    160 200 11 48 53 30 163 17 234 252 175 186 94 194 94 88 55 168 8 179
    243 132 158 90 216 225 4 165 77 91 143 224 115 111 92 20 140 24 226
    106 15 176 133 90 91 44 165 127 8 217 199 70 80 48 124 177 240 243
    219 157 103 152 25 110 138 243 92 21 237 239 137 209 83 92 54 63 174
    54 114 105 18 189 185 139 147 25 14 167 171 96 28 53 142 237 145 32
    186 213 3 238 232 181 40 176 34 121 214 10 185 239 105 199 140 92
    225 2 235 193 107 107 105 124 211 65 9 116 97 25 99 48 186 51 20 222
    245 238 124 150 145 163 239 46 31 193 58 204 204 77 31 111 134 106
    142 253 75 210 125 109 68 247 146 77 180 244 69 1 192 191 226 253 67
    211 126 204 101 176 86 228 238 113 194 120 218 1 166 96 117 165 243
    18 156 117 4 100 172 165 108 197 113 18 161 128 6 142 173 17 129 193
    233 14 45 244 217 162 130 21 122 99 67 148 255 241 251 153 69 15 244
    151 180 122 189 128 172 117 128 115 6 140 177 66 135 213 144 249 106
    15 33 87 48 178 88 157 167 31 173 32 216 179 174 100 89 92 55 32 165
    50 105 254 254 100 138 12 76 19 173 227 183 81 22 63 132 0 74 89 56
    79 192 88 113 140 131 235 209 117 82 112 180 45 153 161 234 22 224
    152 161 202 231 145 199 29 72 192 143 203 202 15 146 185 74 101 235
    19 237 4 135 32 5 209 209 93 199 243 204 53 49 248 58 125 83 131 131
    114 163 92 201 135 65 105 217 79 94 240 221 148 8 33 48 41 97 63 251
    169 145 207 34 134 167 170 37 229 16 47 163 205 221 64 184 22 241
    255 19 250 98 81 25 11 113 95 21 35 200 179 80 162 26 194 234 172
    213 1 8 28 7 174 30 164 221 51 103 253 67 217 159 73 75 30 123 6 58
    69 96 65 107 2 23 8 58 236 143 182 102 243 23 36 224 148 50 19 103
    148 172 21 31 98 24 246 212 95 139 77 139 72 81 209 144 206 161 105
    226 83 158 211 159 148 172 121 78 18 142 230 145 49 208 121 142 186
    142 207 237 12 202 60 104 209 124 18 212 47 102 129 3 89 150 201 168
    171 131 81 200 60 90 220 11 117 75 133 196 205 152 174 46 240 8 238
    72 110 220 21 199 191 205 227 80 103 95 134 172 178 69 238 68 48 115
    93 20 179 244 217 10 117 90 241 105 117 156 185 30 149 102 72 58 244
    11 246 250 69 101 204 125 234 34 125 172 55 3 247 226 127 84 177 29
    172 231 242 107 180 180 51 231 0 182 224 71 58 114 92 95 176 96 194
    11 45 2 197 72 207 179 3 52 212 241 47 133 129 229 0 212 162 70 176
    148 230 196 166 25 81 56 114 83 224 110 12 219 178 68 104 247 42 205
    219 40 145 134 45 182 81 97 31 118 53 86 116 219 196 130 120 145 179
    241 81 44 156 109 201 219 141 247 159 191 74 192 207 177 53 139 130
    5 69 56 103 249 207 181 29 95 124 230 66 108 21 74 127 78 115 161
    197 70 244 134 147 160 243 155 160 45 168 189 24 73 209 67 230 4 67
    138 137 172 224 151 20 225 73 133 249 200 32 30 133 183 135 9 157
    210 55 250 0 199 129 82 146 206 170 84 88 174 126 242 87 70 33 240
    72 40 16 194 11 28 201 102 130 13 152 20 129 19 212 65 131 12 139
    110 171 229 87 83 201 44 135 215 55 68 226 191 46 64 193 225 204 0
    195 162 10 8 12 114 31 100 223 99 21 203 170 100 109 49 57 174 248
    118 202 15 12 25 229 25 168 170 230 116 57 252 117 157 138 76 137
    130 175 164 157 80 70 112 126 170 65 34 194 77 97 45 40 40 213 154
    100 137 180 72 42 223 239 237 75 219 130 240 51 220 26 134 175 164
    251 33 166 85 160 53 25 188 48 30 39 158 204 188 106 242 6 82 191
    110 47 243 190 58 58 112 118 239 145 87 68 47 44 134 109 51 168 42
    212 47 100 120 255 91 242 192 134 18 139 99 165 26 173 197 32 57 51
    113 35 63 168 9 28 167 95 80 102 188 157 106 129 94 15 165 157 200
    71 5 83 79 21 14 76 11 14 189 129 246 70 70 148 238 44 137 60 179
    150 22 152 178 252 233 101 87 63 38 171 53 7 58 187 14 53 16 133 62
    15 39 203 73 56 182 91 211 145 217 99 24 135 192 173 96 13 127 29 57
    46 64 60 221 59 3 225 131 229 22 24 245 120 22 9 222 157 78 63 229 9
    145 210 183 199 60 213 227 54 213 15 204 155 50 75 189 114 200 136
    219 55 162 121 244 236 120 231 158 225 90 244 7 96 37 39 190 0 70 82
    203 103 189 173 180 190 70 139 104 25 134 20 72 247 255 20 47 67 64
    125 129 247 107 227 100 210 34 253 58 203 221 221 149 199 255 152 29
    55 253 48 158 9 181 18 213 232 45 91 109 122 100 7 99 252 130 54 14
    80 64 212 94 238 198 161 42 133 232 198 26 55 203 194 49 182 135 178
    170 41 182 127 155 11 48 13 168 124 90 151 187 165 223 97 227 236
    157 211 82 238 140 233 107 104 14 131 23 208 192 237 77 110 192 214
    6 190 172 113 135 85 245 161 217 9 29 118 93 18 102 25 4 15 131 134
    228 77 138 154 190 123 18 19 180 142 49 254 213 207 233 168 25 112
    107 120 52 96 127 178 167 195 191 188 31 209 87 35 247 169 246 140
    133 251 107 35 22 30 233 106 204 15 129 45 216 207 6 155 27 242 236
    66 14 226 219 145 74 91 90 45 108 79 124 107 112 161 32 157 125 168
    127 100 24 112 70 114 117 54 118 235 180 231 72 23 249 122 20 100 36
    125 54 102 75 110 110 29 29 104 138 10 139 140 88 195 109 239 60 40
    198 167 57 100 62 30 225 118 234 211 239 149 212 73 47 228 153 83
    247 79 106 190 234 108 238 211 111 226 170 177 131 56 18 21 68 103
    23 91 10 51 4 250 109 22 178 251 117 0 230 194 127 27 7 248 104 66
    41 249 103 28 103 184 231 154 249 202 65 238 81 14 142 129 41 157 15
    228 141 176 27 213 212 4 54 240 147 195 205 164 165 75 200 116 78
    231 126 26 205 38 217 9 145 74 161 154 128 202 94 69 192 242 117 201
    214 188 0 124 125 71 20 173 249 140 114 194 238 76 27 118 72 41 242
    102 192 37 172 6 234 206 102 131 168 254 22 134 37 12 37 12 174 66
    71 36 97 202 42 254 244 110 252 98 114 20 73 33 92 240 205 103 67 1
    234 24 78 42 199 19 127 173 126 220 155 186 121 103 155 139 225 7
    210 240 72 111 0 17 77 73 76 225 127 69 195 255 231 131 59 126 90
    251 50 40 200 136 192 206 104 7 158 24 240 55 31 110 247 46 201 187
    31 221 151 100 222 4 44 209 44 17 200 213 48 31 31 93 116 135 101
    168 110 91 50 231 166 41 177 52 229 217 18 130 71 190 115 9 210 91
    182 58 173 67 122 226 76 190 116 153 60 88 121 116 203 189 111 229
    84 79 170 250 103 164 125 107 195 78 232 249 99 209 193 75 5 100 63
    75 12 92 217 50 19 71 2 155 19 72 143 6 32 192 117 101 223 78 34 206
    15 131 27 37 47 50 87 167 237 249 92 71 18 82 225 121 79 232 43 205
    49 21 47 40 37 29 13 61 28 2 219 159 44 187 118 208 128 18 221 89 49
    220 112 88 2 247 194 24 97 167 100 108 163 13 139 105 56 234 237 145
    115 165 255 254 101 140 199 127 202 86 56 133 113 117 98 133 229 217
    65 41 141 122 137 12 195 82 120 144 5 238 217 126 223 144 226 50 0
    109 195 196 201 87 33 71 169 50 133 189 94 63 92 94 217 201 5 188 18
    136 48 213 104 112 70 187 77 105 140 198 176 127 194 69 65 60 211
    157 23 47 50 234 79 114 224 5 169 158 132 147 217 112 211 213 226 83
    90 171 232 115 239 3 217 45 111 173 54 167 74 73 251 15 13 218 132
    40 136 239 53 70 235 174 127 115 169 88 140 219 40 28 92 211 237 227
    58 99 249 30 186 34 106 31 192 140 98 31 106 88 254 23 227 175 165
    220 100 254 158 249 110 192 41 141 112 227 45 134 174 152 50 254 84
    238 244 35 252 191 231 28 234 33 46 66 87 123 136 145 53 138 157 89
    114 37 197 84 200 90 35 139 102 221 232 132 117 203 189 17 199 176
    197 1 114 30 67 223 10 58 43 157 198 111 24 172 103 186 80 22 230
    101 120 101 16 168 89 127 57 131 212 227 94 142 145 19 60 50 206 3
    168 4 57 115 113 216 15 118 136 235 220 232 144 96 171 176 64 34 73
    82 146 218 43 152 183 56 246 112 141 37 38 114 191 125 64 121 99 254
    215 21 119 184 193 89 177 224 94 46 3 30 50 155 19 186 68 233 48 152
    208 121 75 216 4 67 211 176 106 214 229 202 118 207 115 238 97 161
    139 60 133 12 247 242 81 46 239 46 22 159 203 29 192 12 103 140 64
    98 25 150 135 46 227 99 197 199 164 142 82 205 8 174 119 174 63 181
    12 116 1 149 70 190 165 64 41 206 198 210 186 122 69 208 115 129 87
    49 15 104 190 209 157 218 55 39 241 164 192 209 29 118 166 230 121
    99 183 86 89 12 19 225 133 7 131 190 235 232 3 205 70 6 230 138 115
    145 41 48 234 97 221 174 232 130 205 104 12 152 80 50 104 158 135
    146 168 240 240 23 21 8 234 163 131 198 166 84 244 183 120 46 162 17
    253 118 56 202 162 247 148 45 186 23 140 8 117 116 159 181 86 160 88
    203 174 246 192 172 154 33 241 104 79 147 213 117 148 226 131 96 162
    41 118 90 159 239 44 199 158 183 69 128 107 31 194 249 215 231 115
    179 59 25 74 29 218 132 48 216 134 135 82 51 131 165 64 231 146 200
    137 221 106 46 32 156 15 35 31 126 223 0 221 183 33 170 38 95 167 7
    184 51 170 229 131 54 90 204 244 137 141 15 154 189 22 113 130 237
    48 30 26 149 106 234 210 192 127 94 144 9 142 223 107 56 82 223 226
    136 37 232 29 177 147 13 202 249 131 52 18 80 161 76 123 241 158 183
    183 62 44 131 60 169 19 165 188 39 46 82 254 44 131 150 145 11 185
    13 195 222 86 251 171 197 213 48 24 61 154 212 238 217 233 107 176
    156 37 166 75 114 5 129 65 11 252 142 132 204 78 72 103 155 78 11
    132 36 162 35 108 108 231 255 71 230 25 239 194 1 177 198 137 98 50
    125 124 128 118 24 35 200 60 0 119 53 27 196 148 12 65 159 35 164
    254 150 44 101 119 70 207 9 10 5 190 139 117 74 88 232 70 214 139
    106 123 128 220 169 4 111 227 21 154 141 132 165 0 213 15 216 212
    182 126 155 28 246 87 67 141 178 73 237 160 99 238 142 40 234 80 48
    10 242 40 24 214 171 131 54 66 30 176 189 137 194 175 27 100 41 193
    92 84 105 2 125 204 176 113 118 246 21 61 51 175 116 70 202 247 24
    161 150 71 213 225 95 225 37 215 234 18 2 103 7 51 157 251 245 54
    124 89 8 123 100 90 190 99 63 193 78 24 118 3 9 95 154 20 77 116 90
    159 8 248 111 127 227 221 201 171 1 122 34 197 33 63 92 173 59 112
    77 178 59 125 14 88 17 224 106 177 157 42 102 52 35 216 38 207 16
    237 134 104 181 94 195 226 94 73 41 117 58 161 3 133 212 187 96 232
    210 197 146 150 222 47 65 164 175 48 180 9 204 101 54 50 59 212 26
    182 187 60 85 16 245 196 108 100 179 14 140 220 105 8 151 46 34 57
    220 217 171 58 62 217 129 180 118 120 60 3 218 210 6 39 89 236 151
    64 132 236 20 206 126 116 103 119 236 146 240 46 186 202 20 26 246
    134 128 80 53 1 11 121 150 252 0 238 144 129 2 156 163 162 111 89
    219 113 167 47 47 110 49 33 199 125 81 61 133 249 251 196 209 78 135
    158 26 199 55 33 0 42 77 167 117 230 119 214 248 108 213 111 108 107
    123 200 146 104 99 11 180 191 169 209 52 56 27 110 161 169 232 211 8
    133 20 98 225 38 181 14 169 177 151 137 137 109 123 136 5 72 82 66
    124 28 165 126 133 50 75 47 107 183 3 175 236 25 69 63 135 54 132
    220 222 241 211 46 88 251 72 54 6 196 29 160 175 30 22 6 1 91 16 123
    144 224 250 132 107 198 106 113 233 23 48 182 121 143 114 191 53 25
    104 255 81 221 129 129 3 14 68 46 149 148 102 248 10 207 255 116 172
    213 101 19 130 165 100 202 163 49 189 145 197 150 246 190 185 112
    190 81 217 28 189 133 43 198 54 252 231 175 11 247 13 183 231 49 94
    171 154 34 86 224 214 150 210 108 222 163 195 248 184 52 44 45 82 86
    160 6 162 23 161 29 249 137 185 59 186 19 157 94 177 58 116 181 72
    86 139 78 121 189 124 159 253 159 22 157 213 107 172 244 166 101 47
    182 9 200 70 51 249 81 1 3 197 194 192 54 152 208 62 120 61 57 159
    199 111 115 248 1 51 28 61 218 185 255 192 130 3 197 150 184 238 50
    156 102 171 202 93 53 40 197 159 70 160 62 20 4 227 149 222 170 24
    67 122 143 5 215 82 75 202 76 192 71 184 4 246 9 169 101 75 54 146
    31 130 13 191 45 223 66 75 13 131 66 10 73 144 117 64 37 215 77 63
    23 144 218 155 247 154 78 151 81 229 234 80 43 229 131 121 241 43
    211 28 228 198 98 136 152 166 213 116 175 191 110 243 0 17 209 123
    32 58 205 202 18 214 111 15 250 89 62 189 164 91 185 228 32 67 141
    194 33 50 38 157 89 189 168 243 60 186 27 47 145 70 38 113 33 91 38
    60 216 106 149 1 110 193 163 157 47 60 206 167 129 50 195 63 4 51
    160 2 202 108 205 185 192 53 90 43 83 92 188 130 73 212 134 26 40
    215 112 197 221 84 223 154 56 251 99 36 71 43 5 191 211 3 179 7 87
    13 162 153 35 126 93 67 155 125 6 81 82 25 76 255 211 12 132 96 68 8
    156 93 235 112 158 69 205 159 118 202 82 63 100 247 135 59 234 55
    255 230 74 34 232 100 59 101 138 182 176 162 236 25 159 175 123 192
    20 2 4 179 209 75 137 40 108 254 181 123 35 191 98 154 124 240 89
    161 9 60 189 249 224 231 73 10 25 215 219 253 198 54 230 31 108 137
    18 135 71 13 97 2 184 96 97 47 219 138 203 145 139 46 125 234 112
    218 121 59 253 44 47 151 126 94 45 138 154 141 237 212 45 64 238 189
    197 194 173 191 250 159 196 45 94 184 241 27 191 93 65 45 93 156 232
    64 11 154 83 60 67 175 124 127 194 174 162 118 94 52 78 249 230 94
    123 97 105 36 224 160 28 174 52 3 196 153 72 20 136 161 164 152 252
    65 9 53 229 79 234 151 170 199 213 64 121 37 183 154 216 104 75 142
    170 91 173 91 209 155 10 104 24 141 1 84 191 212 107 63 7 122 243
    225 113 163 236 8 246 229 93 104 162 145 202 83 150 36 78 200 53 108
    94 173 60 5 209 4 123 206 18 23 46 80 134 41 97 218 242 241 148 112
    19 60 180 205 86 220 30 90 126 102 13 197 213 240 142 129 36 141 56
    178 3 253 72 238 182 244 65 97 93 166 17 190 142 112 57 167 150 120
    7 186 186 196 255 198 228 233 60 253 106 91 233 162 175 70 31 192
    217 214 153 36 250 45 205 189 235 145 207 102 164 87 108 146 159 98
    46 115 108 141 17 75 188 190 165 149 181 190 75 74 135 16 94 9 104
    160 85 223 216 237 13 25 78 18 64 254 148 147 18 223 164 5 197 141
    63 223 141 214 66 13 219 192 196 154 251 65 5 205 237 145 146 5 202
    53 75 46 124 150 218 214 94 39 36 66 94 216 29 33 76 52 28 101 187
    139 36 122 6 34 136 212 216 75 101 152 31 255 137 216 146 209 117 55
    150 242 142 143 85 90 23 28 11 109 249 62 142 23 220 131 237 14 184
    220 64 25 39 145 165 177 19 215 175 144 212 32 252 168 226 111 5 27
    14 220 246 68 186 247 99 250 223 211 90 218 42 91 43 198 184 219 6
    117 215 206 175 75 55 216 63 146 18 197 9 46 116 184 215 16 169 237
    242 5 229 201 81 114 67 65 101 165 142 255 137 4 173 240 140 159 11
    29 142 147 254 109 53 33 30 187 55 166 185 228 31 72 132 159 104 73
    124 8 51 187 133 208 249 137 101 94 168 221 206 234 187 93 174 211
    200 132 198 207 107 220 151 29 13 192 252 145 220 248 9 106 82 204
    85 235 195 155 95 126 182 225 42 10 109 28 76 81 103 82 166 60 190
    233 139 14 165 191 109 125 241 111 28 103 154 242 86 132 89 28 26 19
    24 134 55 138 55 139 116 49 48 184 244 16 142 231 142 80 195 58 132
    5 69 23 255 5 76 14 75 121 155 141 250 237 76 55 80 167 224 50 254
    176 202 191 249 94 53 176 68 217 18 215 247 29 93 179 248 51 146 124
    6 142 197 31 193 88 234 223 8 90 200 77 151 19 191 69 132 130 160 3
    36 133 220 120 191 131 122 167 119 144 240 212 56 209 244 208 184
    153 190 97 245 16 205 101 53 65 165 42 89 232 110 89 208 36 113 241
    26 118 145 21 238 14 226 66 218 224 22 90 124 164 90 36 39 217 6 107
    61 96 24 48 215 123 247 124 60 129 27 135 144 241 255 80 220 56 222
    153 238 76 91 95 152 107 24 28 211 10 112 161 90 162 187 207 7 169
    207 109 24 132 164 194 69 205 230 101 115 69 32 85 146 1 60 176 219
    220 109 60 6 22 126 5 155 146 132 111 139 44 88 225 56 137 4 241 55
    59 139 10 113 167 151 5 32 187 181 148 241 251 194 40 242 233 143 7
    71 181 44 29 192 211 167 217 102 14 252 159 159 123 148 231 21 28
    224 134 182 102 89 17 166 229 202 89 179 17 105 93 34 180 18 98 120
    25 87 175 188 205 226 107 73 136 183 87 182 251 116 17 61 187 194
    130 197 141 244 166 151 190 168 82 3 23 91 77 66 255 89 33 55 228
    123 39 123 160 248 5 167 161 84 46 124 59 181 31 50 188 134 67 114
    27 24 157 12 103 23 232 195 234 13 178 254 183 97 229 168 251 35 196
    152 66 129 32 120 206 104 163 150 189 253 24 227 103 154 176 164 215
    77 45 94 39 12 124 66 132 195 119 178 45 81 62 135 174 200 246 160
    47 1 136 82 208 161 186 54 27 243 21 242 233 73 150 34 171 50 140 75
    166 67 177 108 76 92 50 139 45 162 195 169 106 253 105 81 18 114 217
    220 199 64 252 136 59 210 9 118 34 81 10 210 18 15 156 139 25 141 8
    191 254 237 110 61 159 27 32 167 213 61 163 1 163 69 197 98 19 77 86
    50 246 235 161 22 253 106 237 18 19 124 219 15 35 225 149 130 182
    225 232 110 157 186 205 190 2 18 100 115 78 5 100 76 195 226 12 248
    236 19 67 172 7 242 240 34 186 203 198 137 139 244 52 183 3 1 115
    254 237 220 71 67 251 177 79 88 139 75 244 122 160 198 153 219 30
    189 108 100 100 85 183 104 186 54 45 66 158 153 63 31 235 73 242 238
    188 29 47 255 4 191 80 137 72 214 118 112 219 111 98 90 229 7 14 181
    127 155 154 160 27 156 255 11 224 20 189 127 134 8 56 75 104 244 84
    0 54 172 94 12 234 253 231 201 13 48 214 210 176 163 240 63 180 39
    119 35 144 28 79 218 33 4 247 200 226 157 16 48 94 159 51 219 78 147
    99 253 240 51 157 12 157 11 1 135 4 149 102 173 228 206 136 128 152
    144 156 95 194 201 20 154 44 64 75 2 230 207 255 48 143 136 55 211
    229 149 175 12 158 130 0 238 128 113 183 191 188 91 90 67 157 119 46
    0 76 153 5 195 89 112 97 34 207 132 69 161 52 37 91 135 48 215 33
    173 182 199 155 209 225 213 254 139 176 45 76 106 242 97 182 226 149
    135 162 84 76 188 75 186 14 39 141 217 171 111 183 246 106 25 101
    137 233 198 27 87 194 213 148 85 207 217 176 197 230 238 17 146 253
    140 100 254 61 227 91 42 33 221 42 43 110 231 98 207 195 202 74 7 99
    126 109 204 133 123 150 93 170 242 156 221 138 44 144 28 213 5 184
    91 0 87 143 162 107 97 47 138 160 75 126 247 190 241 141 164 131 140
    201 207 230 102 5 43 24 170 25 177 152 207 103 29 140 154 122 77 128
    6 134 53 221 181 97 208 158 168 111 250 3 241 133 79 213 192 6 18
    136 89 94 106 193 24 66 126 164 87 204 244 127 35 171 129 219 17 13
    241 57 73 13 131 255 63 157 104 222 110 186 44 215 107 60 150 252 9
    89 57 78 147 10 211 209 95 47 93 29 17 253 206 170 217 0 156 147 167
    195 117 43 216 230 127 186 197 100 145 248 243 51 251 72 15 102 190
    32 248 53 94 213 20 146 85 108 203 137 169 116 106 155 235 24 124 48
    133 118 6 67 162 73 213 79 170 97 171 233 88 242 182 109 160 97 29
    207 125 21 171 228 208 236 152 66 131 11 124 98 238 190 29 207 19 13
    18 132 39 245 71 140 186 216 72 235 188 214 118 106 64 235 27 250
    245 108 14 221 25 250 134 81 154 37 129 252 14 248 138 142 113 188
    168 223 16 251 127 95 59 214 233 90 247 207 27 56 231 174 116 192 10
    0 116 173 255 142 162 15 167 133 154 90 27 39 251 6 156 24 112 133
    124 82 14 197 228 206 94 42 147 235 232 218 228 98 118 42 33 225 65
    123 167 193 238 210 131 124 214 121 20 12 80 13 83 40 222 72 203 131
    155 35 219 232 168 229 70 66 18 227 186 39 70 236 207 100 18 47 63
    116 195 47 220 96 189 68 201 8 80 16 226 141 165 186 88 131 197 58
    214 193 40 245 241 56 53 147 17 156 36 190 224 173 183 4 131 246 236
    185 150 101 102 125 233 145 126 131 58 13 80 47 163 30 7 191 47 127
    30 215 43 87 47 192 158 215 190 188 158 248 21 7 10 109 234 187 99
    42 168 139 227 145 140 137 88 249 50 18 147 1 117 142 225 203 0 173
    56 153 99 191 210 63 176 154 48 148 214 17 236 100 129 59 124 127
    117 228 121 4 28 22 135 92 36 226 14 112 221 135 158 2 185 239 200
    92 223 33 159 141 73 49 43 202 157 97 11 252 184 109 224 32 16 224
    227 71 222 126 94 178 159 92 25 17 96 208 231 249 85 17 216 192 233
    254 101 165 172 32 232 21 193 141 107 234 202 120 194 175 95 18 87
    95 149 94 82 157 238 69 234 250 14 133 82 196 4 177 112 214 80 3 56
    35 78 85 26 42 171 122 93 132 22 219 255 82 232 101 125 234 96 28
    227 203 12 198 219 169 186 223 214 194 236 161 102 152 54 254 164
    218 48 249 211 203 85 69 123 150 190 101 51 186 36 33 9 210 167 28
    152 120 34 141 203 41 45 225 214 121 190 188 19 6 148 46 171 215 213
    173 3 124 1 83 189 60 107 131 136 36 240 102 99 114 106 32 46 225
    147 224 88 187 156 15 219 54 1 109 168 136 75 113 44 121 216 109 134
    249 1 225 99 121 17 48 33 167 46 68 200 30 48 252 147 159 30 11 248
    35 162 232 29 187 14 239 224 50 169 14 33 19 58 110 227 12 1 127 85
    215 198 220 50 191 29 86 231 24 127 49 226 113 243 81 97 58 42 127
    186 235 144 241 104 136 232 40 139 192 173 193 160 171 31 244 118
    219 203 192 28 85 154 156 116 96 202 153 140 233 156 249 53 101 8 29
    129 67 144 147 98 216 163 62 208 164 74 142 77 28 149 184 22 109 179
    248 97 236 153 245 214 36 119 51 64 31 186 100 107 34 3 204 57 248
    112 176 68 74 68 168 47 83 56 205 175 62 27 112 173 128 96 166 143
    20 209 128 91 201 165 27 195 127 167 99 45 218 191 30 77 221 147 14
    122 228 31 236 45 245 194 6 75 87 122 123 10 244 140 76 213 125 20
    182 9 202 28 163 188 78 9 162 65 14 64 12 203 212 35 87 62 231 134
    84 24 76 116 197 218 222 215 251 61 144 188 24 212 180 95 110 253
    215 211 74 80 82 24 131 114 231 7 145 229 37 254 156 54 155 147 34
    26 6 81 137 20 217 115 132 193 180 141 74 150 184 95 170 174 244 84
    177 21 195 249 51 94 243 83 164 59 175 237 8 77 173 235 42 182 3 213
    23 153 119 42 178 54 25 172 31 89 31 136 251 129 52 14 133 55 22 133
    136 252 215 89 13 239 158 111 15 217 249 149 118 226 161 217 100 167
    95 183 83 236 30 12 227 101 216 176 27 185 120 158 109 24 111 65 153
    75 72 185 75 242 41 68 163 97 119 222 200 92 162 12 216 179 43 181
    42 249 169 136 181 43 4 195 38 52 34 217 76 15 247 23 233 226 211
    176 254 61 155 127 75 178 4 2 143 244 84 233 62 231 10 177 131 21 96
    252 79 230 253 226 53 30 40 56 124 216 104 88 181 45 201 156 203 61
    207 217 95 161 252 27 215 188 221 91 186 47 189 50 80 89 180 108 140
    67 121 169 109 104 185 44 26 171 202 97 28 109 218 168 142 163 114
    105 83 182 105 231 177 98 81 152 21 3 79 14 99 204 38 203 213 90 203
    50 118 206 124 23 77 70 3 127 209 62 10 54 54 230 74 123 100 46 165
    243 13 146 143 39 92 20 142 134 184 64 109 124 238 163 14 204 4 23
    50 2 131 39 184 196 151 69 215 137 153 56 62 201 178 13 163 151 243
    121 158 140 141 61 50 197 12 70 211 103 192 223 132 94 133 94 166
    136 56 64 112 35 144 43 131 93 44 232 197 187 96 79 6 252 3 113 167
    135 17 23 96 185 213 69 103 15 8 22 56 197 86 208 157 159 205 143 36
    152 108 76 69 171 98 215 95 127 45 218 60 161 70 79 87 153 114 10
    166 175 15 11 71 169 133 147 18 1 226 238 167 3 186 253 152 208 108
    110 106 244 93 240 183 75 91 250 9 67 248 232 6 136 156 69 103 210
    27 108 64 237 77 206 255 188 96 253 201 145 173 161 198 224 83 254
    58 135 181 28 13 241 72 192 74 104 27 190 191 246 18 27 201 31 132
    221 7 12 44 100 71 5 231 134 5 35 173 17 90 129 90 158 227 245 216
    69 182 70 252 165 186 158 184 5 17 159 83 127 20 14 131 242 182 209
    244 121 210 148 158 71 203 99 176 165 213 194 227 43 129 226 84 182
    208 62 55 211 250 68 114 67 237 48 123 201 75 246 117 102 151 218
    176 166 42 148 245 93 105 161 222 107 108 20 18 27 27 242 200 27 195
    29 95 162 91 30 40 118 156 185 39 95 22 179 76 84 66 140 240 178 201</data></test_img>
<my_img type_id="opencv-matrix">
  <rows>128</rows>
  <cols>256</cols>
  <dt>"3u"</dt>
  <data>
    255 0 0 255 0 255 237 255 132 0 255 0 0 0 243 255 0 255 165 255 255
    255 0 255 65 255 0 0 0 255 255 0 0 0 255 48 255 76 139 0 0 255 0 255
    255 255 255 0 0 255 255 51 0 162 0 0 0 0 0 0 0 255 255 255 0 0 255 0
    255 255 166 204 0 255 0 252 255 255 85 54 255 24 255 0 255 0 252 255
    251 255 0 255 0 255 255 23 255 0 0 0 0 229 255 0 28 0 255 6 255 0 0
    0 0 90 85 255 255 0 180 0 255 0 255 0 255 0 255 0 255 255 255 0 0 0
    255 255 0 0 0 255 255 0 0 251 14 0 255 255 0 39 199 255 0 0 255 0 0
    0 255 74 0 138 255 255 0 0 255 255 140 38 0 0 2 255 255 196 255 255
    255 0 0 0 42 255 255 68 248 28 255 241 0 0 219 0 255 255 255 0 42
    239 201 174 255 255 0 255 76 255 0 145 255 0 255 0 255 255 0 255 131
    255 0 0 255 0 255 0 248 0 255 0 182 255 255 0 255 0 0 0 255 255 109
    53 255 0 0 255 226 255 255 0 0 0 160 218 0 255 96 255 255 255 0 0 75
    222 0 255 83 37 255 0 255 0 95 255 255 179 0 0 86 0 255 195 255 0
    255 0 123 255 0 255 88 0 255 0 0 0 255 0 175 0 0 255 255 80 0 255 0
    0 0 0 0 166 255 255 255 0 33 0 255 255 255 173 0 0 0 255 255 166 0
    255 0 112 0 255 255 190 0 0 255 64 255 255 255 0 255 15 205 0 255
    255 0 255 255 46 0 255 255 0 0 15 0 255 0 255 0 255 0 255 255 0 255
    0 0 255 0 107 255 255 255 0 255 255 255 255 195 0 56 255 0 100 0 255
    255 229 255 154 255 231 0 255 0 190 200 96 255 37 255 255 0 0 255
    255 255 249 255 0 0 5 255 36 0 0 255 0 255 224 255 0 0 255 255 255
    114 255 255 255 112 255 255 15 0 0 229 255 255 0 198 255 0 255 0 255
    58 0 193 255 255 0 0 253 0 98 255 0 110 190 178 255 0 0 0 111 255
    139 46 255 0 255 0 255 255 255 0 0 255 255 0 255 255 0 0 255 255 255
    41 0 0 0 255 189 199 126 10 0 0 255 17 255 0 0 0 255 0 255 0 0 0 255
    255 255 0 0 255 228 255 255 63 0 255 255 255 255 0 255 0 255 16 255
    0 0 0 255 255 0 0 255 0 255 255 210 112 0 255 0 221 0 0 255 0 184
    255 255 0 255 220 0 255 0 255 144 0 255 0 255 255 0 0 0 255 97 80 0
    0 0 255 255 190 255 255 0 128 0 255 203 113 255 0 255 218 0 0 0 0
    255 0 0 0 255 255 255 255 231 255 60 0 149 157 255 255 255 133 5 113
    0 181 0 0 0 0 255 0 0 135 102 0 12 255 255 255 181 175 237 255 0 0 0
    250 139 255 255 32 158 255 0 172 0 0 255 255 87 255 255 255 0 0 255
    255 255 255 255 0 252 17 219 235 255 0 255 255 255 138 0 255 116 18
    255 255 0 0 0 0 255 255 255 100 255 255 255 0 0 255 255 255 0 104 0
    198 255 255 255 85 40 0 0 0 0 255 69 255 0 255 0 0 255 255 255 0 0
    32 255 255 0 0 255 255 255 203 32 255 255 255 255 0 0 0 255 0 255
    123 255 255 255 255 255 0 0 255 30 255 255 255 0 255 255 255 0 0 255
    255 151 0 0 255 255 0 0 0 0 255 0 255 0 255 0 255 255 255 173 107 0
    255 0 255 0 30 255 255 0 68 209 238 0 194 0 0 255 255 255 0 0 0 74
    255 0 0 255 255 255 0 255 0 239 255 255 255 0 0 255 255 0 0 0 255 0
    0 255 255 255 0 0 255 255 255 243 0 0 255 0 0 255 255 255 0 0 0 255
    110 0 0 255 255 255 244 217 40 0 255 255 0 255 0 255 255 198 134 255
    255 255 16 255 0 0 255 0 44 207 208 255 255 0 0 255 255 0 0 29 177 0
    0 255 0 255 0 0 115 0 255 255 255 0 255 0 0 255 255 255 255 255 0
    255 0 255 0 161 255 255 255 0 255 0 167 0 216 255 255 89 0 0 255 0 0
    0 206 255 255 255 0 0 255 217 143 0 118 5 255 137 0 0 255 0 0 255
    255 0 0 255 255 2 0 49 255 195 255 0 0 202 255 255 0 255 0 0 255 255
    255 27 0 0 0 0 182 255 255 0 255 0 255 255 255 0 0 255 255 0 0 8 255
    255 0 0 35 255 255 255 255 255 0 255 12 255 0 255 0 0 0 255 99 57
    255 255 255 0 255 0 151 0 0 255 255 171 0 0 0 255 176 255 0 255 0 0
    0 255 0 255 0 255 112 0 200 255 0 255 0 255 0 0 0 255 255 147 0 0 2
    0 200 255 255 105 0 255 255 255 255 11 255 91 0 0 255 90 255 0 0 0
    255 255 0 255 0 255 0 255 0 0 255 255 255 255 0 0 0 0 0 255 255 255
    0 0 255 255 255 230 0 0 0 255 255 255 255 97 127 0 255 255 0 25 0
    255 0 255 0 0 25 255 255 0 0 0 255 0 139 0 0 255 0 0 255 0 209 255
    26 60 0 0 0 255 255 255 0 0 0 0 255 0 255 255 0 255 0 0 0 102 0 0
    255 255 255 255 0 0 0 255 14 255 0 0 0 0 0 233 0 78 0 198 255 0 255
    255 255 255 0 8 255 255 0 26 0 255 216 255 91 0 0 0 0 100 237 255
    255 0 255 255 255 0 255 0 255 255 0 0 0 255 255 64 255 68 0 0 0 128
    0 255 214 2 191 0 255 231 255 0 255 30 124 0 255 105 255 0 111 154
    255 160 255 0 255 0 0 0 255 255 0 255 0 255 0 0 255 0 0 0 0 0 255 0
    138 255 255 0 255 0 255 0 11 255 255 0 99 255 191 255 171 255 255 82
    255 0 248 0 0 255 210 255 0 125 0 0 182 90 0 91 255 81 144 255 0 0 0
    0 255 0 255 5 0 0 255 136 114 90 0 255 0 255 149 0 0 255 245 255 227
    255 0 0 130 255 255 0 255 154 0 71 255 255 0 0 255 0 255 0 0 0 0 0
    255 255 49 255 0 0 0 255 255 255 0 0 0 103 1 255 255 120 132 255 136
    197 255 255 0 0 0 255 255 255 0 255 255 230 255 247 255 0 0 255 71 0
    151 255 0 255 75 255 0 220 0 0 0 0 255 255 0 0 255 153 0 0 160 211
    255 0 168 0 255 232 255 0 0 255 255 255 255 0 0 0 213 28 0 0 255 255
    0 0 0 108 0 255 0 0 0 255 0 0 255 255 0 255 0 255 231 0 0 255 255 0
    0 0 152 255 255 0 9 255 255 0 0 0 0 255 255 255 0 0 255 0 255 0 255
    0 0 72 255 255 0 0 255 255 72 255 69 0 0 0 0 0 255 255 255 255 0 255
    0 255 255 0 255 161 255 62 0 255 208 255 255 0 0 0 166 54 0 255 0
    255 0 255 255 0 255 255 255 148 0 155 0 57 0 255 0 0 0 255 171 255 0
    255 0 0 0 255 255 0 255 0 0 0 0 0 0 255 0 177 0 0 0 255 255 255 0 0
    0 255 0 255 255 0 255 0 0 255 255 11 0 0 255 255 255 0 0 200 255 211
    0 49 0 255 255 255 0 255 255 0 61 0 0 0 255 0 0 0 255 0 139 255 0 0
    255 255 194 0 0 0 255 255 255 255 255 157 240 0 0 0 64 255 255 255
    255 0 145 0 255 255 255 123 0 0 255 255 0 0 0 255 255 255 138 255 0
    0 0 0 0 67 255 255 255 255 0 255 189 255 178 255 0 255 0 9 255 0 255
    255 0 47 0 0 198 255 255 255 255 255 0 255 255 255 255 255 0 0 255
    66 255 0 0 255 221 255 168 255 255 0 133 0 255 255 255 0 255 255 0
    155 255 170 0 0 255 255 0 0 0 0 255 255 255 255 203 255 121 0 133 0
    255 255 88 255 0 255 0 255 255 0 47 0 0 255 0 0 0 0 0 0 255 0 255 0
    255 0 255 255 255 0 0 44 142 157 255 0 0 0 255 255 255 0 0 0 255 162
    0 0 255 255 0 0 0 255 0 255 132 255 155 0 208 190 0 255 0 0 0 255
    255 0 0 241 118 255 0 0 0 0 255 31 0 0 0 0 255 255 255 0 0 40 255
    255 0 0 125 231 255 255 46 0 0 255 47 255 255 255 0 0 168 255 218
    255 255 255 197 255 108 0 0 255 127 235 255 109 0 255 255 87 255 0
    141 255 255 58 0 164 0 255 0 255 0 255 255 255 0 0 0 255 0 69 0 0 0
    255 255 255 0 255 0 201 173 255 255 255 0 255 0 0 255 0 255 255 0
    255 0 0 255 199 255 255 94 0 0 255 255 255 0 0 255 255 0 255 255 255
    0 6 0 255 0 0 0 255 0 255 0 255 255 0 0 255 255 0 0 255 255 0 0 0
    255 255 1 0 114 0 0 0 255 255 255 0 0 255 0 0 255 255 0 255 0 255 0
    0 255 154 255 255 0 255 0 255 255 0 0 122 255 183 255 0 0 255 237
    255 0 255 0 55 187 9 255 255 255 166 95 255 15 255 0 255 0 255 255
    255 255 255 0 0 0 242 0 255 0 0 0 255 255 0 0 255 0 255 0 203 245 0
    0 255 255 255 0 255 0 255 0 255 70 255 255 255 255 0 255 218 111 72
    0 139 0 255 255 255 0 0 0 255 108 255 255 255 0 0 255 51 119 0 0 255
    255 28 0 255 0 0 0 52 255 0 0 0 255 255 33 74 255 49 255 0 0 0 0 35
    242 255 255 0 0 0 255 174 12 255 81 76 0 0 0 255 0 255 255 255 211 0
    155 28 5 197 0 0 0 255 0 0 0 255 255 255 0 255 101 255 0 255 0 0 255
    255 0 0 0 151 255 197 0 255 255 0 255 0 0 0 255 255 46 255 255 0 225
    255 255 0 0 164 255 255 0 143 0 0 255 0 22 0 255 0 255 186 255 0 0 0
    255 255 255 0 239 0 255 255 255 10 0 172 0 255 255 0 77 0 0 255 255
    5 0 147 158 255 255 255 0 21 0 255 0 255 255 255 255 0 103 0 20 0
    255 255 0 0 255 255 128 0 0 255 255 0 0 0 255 255 255 0 0 0 0 199
    141 255 190 255 255 0 255 0 0 255 0 255 0 0 255 0 255 0 0 255 255
    255 255 255 0 0 0 255 255 255 0 0 0 0 0 255 255 255 255 255 215 46
    140 255 0 0 0 255 255 255 255 255 0 72 0 59 0 255 76 255 255 0 0 0
    196 255 255 255 97 255 0 0 255 0 255 0 255 255 89 0 0 255 76 255 0 0
    0 255 255 0 0 90 0 255 0 0 0 255 255 255 255 255 0 0 0 0 121 0 255
    255 0 255 0 170 0 0 0 0 255 255 167 0 0 255 255 255 180 0 0 185 0 0
    0 255 255 255 0 251 0 0 0 145 255 255 255 0 0 0 0 255 255 255 0 0 0
    255 118 255 0 255 235 255 0 255 0 56 255 255 0 255 0 127 0 255 255 0
    0 0 255 255 0 255 255 132 255 255 223 255 217 0 0 255 255 0 0 255
    202 152 0 0 255 255 255 0 255 121 111 0 142 255 255 255 0 255 0 255
    0 255 0 255 0 0 0 255 255 255 255 164 0 0 0 255 255 255 0 0 78 255
    255 255 0 255 0 255 0 0 30 0 255 0 255 0 69 255 255 229 255 0 144
    255 255 255 0 255 0 255 255 255 0 255 0 0 0 255 41 255 255 69 0 0
    255 255 0 255 0 255 0 255 0 0 255 255 163 0 255 255 255 255 255 0 0
    0 0 255 217 255 255 0 255 142 255 0 232 255 49 255 0 0 0 255 243 255
    0 0 255 255 0 0 255 0 41 0 0 255 0 255 255 255 0 255 255 137 0 0 0 0
    255 255 40 0 244 255 255 0 0 0 0 255 47 205 184 255 255 0 0 0 0 0 0
    0 14 202 243 255 255 91 0 0 255 0 255 255 0 0 0 255 255 123 0 255 0
    0 15 0 0 0 255 81 0 0 0 0 255 255 0 255 255 0 214 255 174 0 0 255
    103 0 255 0 255 131 194 255 159 89 255 0 255 0 0 0 0 255 255 0 0 0
    56 255 0 231 0 255 88 255 0 0 0 0 255 15 245 255 0 0 182 0 0 0 255
    255 255 255 0 0 0 255 0 255 255 0 255 0 255 0 233 0 255 255 0 0 255
    255 255 0 0 255 141 96 255 0 79 0 255 0 0 255 255 255 0 255 0 255 0
    255 0 255 255 220 149 255 0 255 0 147 0 172 0 255 0 0 0 0 255 255 0
    255 0 244 255 255 33 255 255 0 0 60 73 255 255 184 171 17 255 0 255
    255 0 255 0 0 0 0 245 0 255 0 255 255 0 0 0 244 135 250 15 255 0 0
    255 0 255 255 245 0 38 254 86 0 255 174 168 65 0 0 80 255 0 9 0 255
    186 255 255 0 0 52 0 255 0 255 255 255 255 0 0 150 255 255 0 255 12
    255 255 0 0 0 0 255 172 255 61 255 255 0 106 255 255 255 255 0 151
    255 255 255 223 255 0 255 0 72 255 174 255 0 0 255 255 255 211 255
    75 0 0 0 255 255 0 255 0 0 169 255 255 0 0 0 255 255 255 255 0 0 0 0
    255 255 255 95 0 230 255 0 0 255 255 255 0 0 132 0 255 255 255 255 0
    255 255 255 155 34 0 255 255 255 37 255 0 255 0 255 0 255 0 255 0 0
    104 114 0 255 172 255 0 0 0 0 255 65 165 0 184 255 255 106 11 0 23 0
    255 0 255 255 231 255 0 0 85 255 255 0 255 0 255 0 255 0 255 0 255
    255 255 0 0 174 255 0 0 0 0 255 255 160 0 255 255 255 0 220 0 0 208
    250 255 0 0 0 255 255 116 0 68 0 0 255 0 31 0 255 0 255 255 82 0 255
    124 255 0 255 146 255 0 255 0 162 255 0 255 0 0 0 0 255 255 0 0 0
    255 8 255 155 255 0 255 0 255 0 255 0 108 0 255 255 33 255 0 0 92
    255 255 0 0 10 255 255 255 0 163 222 255 0 223 122 255 23 255 255
    255 0 0 0 158 8 255 255 255 255 255 0 255 0 255 0 255 255 255 174 0
    0 255 0 255 0 228 255 0 255 255 120 0 0 255 255 0 0 255 255 255 222
    255 255 0 112 0 0 0 255 255 255 255 0 255 0 255 0 147 0 0 255 255
    255 255 0 0 251 255 200 255 0 0 0 255 255 62 255 0 0 0 255 63 255 0
    213 255 0 0 0 0 147 0 255 66 68 0 0 121 255 255 255 0 0 0 255 255
    255 0 33 0 255 0 0 255 255 170 0 35 0 255 0 255 255 255 0 0 0 0 0
    145 255 255 166 0 0 255 119 255 0 255 0 255 93 217 0 0 255 0 255 0 0
    255 0 255 0 38 255 0 255 0 0 179 0 0 0 255 255 0 0 0 220 255 255 0 0
    235 0 255 0 255 255 255 0 150 145 0 255 0 255 0 0 0 255 255 0 8 49
    127 147 0 221 0 255 109 0 0 255 0 255 0 255 0 5 0 255 209 0 100 0
    255 7 255 0 255 255 169 0 255 255 0 255 255 255 0 0 231 0 0 124 255
    0 0 0 255 255 64 0 210 0 255 125 255 144 0 160 0 251 255 255 255 255
    255 0 35 255 255 80 255 99 255 0 0 255 206 0 0 150 255 255 0 161 0
    255 90 255 0 0 0 255 154 255 255 255 0 255 255 0 0 0 31 255 255 10
    43 0 255 0 0 252 255 0 255 0 255 0 255 0 255 255 255 0 107 0 255 0 0
    0 255 140 255 0 255 0 0 255 255 0 255 0 255 0 255 0 255 0 0 255 255
    255 0 255 255 193 0 255 62 255 0 0 0 59 0 0 58 255 231 0 108 143 255
    240 0 141 0 255 255 255 194 0 0 255 0 82 179 255 255 0 0 0 255 255 0
    116 0 0 155 0 186 170 255 0 215 0 255 0 255 221 0 0 0 0 0 255 255
    255 0 0 0 255 87 0 255 255 255 0 249 0 0 0 0 81 255 255 38 0 114 255
    255 0 130 237 255 0 217 199 231 255 0 0 255 239 255 255 58 25 0 255
    0 21 0 255 255 255 0 226 48 255 255 0 255 0 255 0 247 255 0 255 255
    255 228 255 255 255 0 0 0 0 255 255 55 118 98 0 255 83 255 110 129 0
    255 10 255 0 122 255 255 24 255 135 0 0 255 0 0 255 187 0 255 0 0 0
    0 255 191 255 0 0 0 0 255 0 255 0 0 0 255 178 0 255 255 255 70 0 0
    255 255 91 118 255 0 0 255 0 255 0 223 0 255 255 255 200 255 152 0
    138 255 255 255 100 211 0 106 255 0 255 0 252 163 255 255 255 0 255
    0 154 0 0 156 8 255 0 0 0 0 255 255 32 0 255 255 255 255 0 0 0 255
    180 65 0 0 255 101 60 0 0 62 255 255 255 255 0 0 0 139 255 74 255 0
    255 0 255 0 0 0 0 255 143 255 255 0 0 0 255 148 0 0 40 224 28 5 0 0
    177 30 255 255 0 255 255 0 0 0 255 0 0 0 0 128 255 255 255 0 0 255
    231 255 255 255 255 255 103 0 200 0 255 255 255 255 160 0 0 0 74 255
    0 255 255 0 255 255 0 0 0 255 255 0 217 255 200 0 0 255 255 255 175
    0 255 0 255 6 255 0 0 0 255 255 0 39 0 0 255 0 255 255 255 0 255 255
    255 255 0 230 0 255 111 255 116 0 255 0 179 0 251 255 159 0 191 255
    255 255 23 0 0 0 0 0 255 255 255 255 255 0 0 0 96 188 195 255 255 0
    0 255 0 0 0 129 255 255 219 113 0 0 0 0 0 255 185 255 0 0 0 255 0
    254 220 123 73 255 0 0 0 73 255 255 0 0 0 255 154 0 0 255 255 0 0
    255 28 0 255 0 255 0 255 0 255 0 255 0 255 255 162 255 25 255 79 173
    255 0 0 255 96 216 255 0 255 255 0 0 255 13 252 0 255 255 34 255 0 0
    0 40 255 255 71 0 0 0 255 167 255 220 255 0 0 255 255 0 255 235 0
    250 0 114 255 232 84 0 214 255 255 255 114 240 255 206 0 0 151 0 255
    0 54 255 255 255 0 0 194 255 100 120 255 255 0 54 0 255 0 0 255 255
    255 0 0 40 0 255 255 48 0 0 0 255 255 145 0 0 255 255 0 0 255 255
    255 0 0 255 255 0 33 0 0 0 255 255 255 0 125 0 255 255 0 0 115 246 0
    0 157 255 255 255 124 255 0 0 255 0 232 255 255 0 255 0 255 0 0 0 0
    231 0 0 255 255 0 107 0 255 0 150 255 255 0 255 0 255 0 0 0 0 255 0
    255 0 0 0 255 0 255 0 221 0 255 255 0 255 0 0 0 191 255 0 0 0 255
    209 90 0 0 0 203 255 135 157 0 0 114 150 141 255 255 0 0 255 0 255
    255 0 0 0 255 255 255 0 255 0 0 196 0 255 0 0 255 0 0 23 0 0 0 76
    255 0 255 250 255 255 6 0 0 0 42 0 255 255 0 0 0 255 255 255 0 160
    255 0 0 255 0 0 255 255 0 229 255 255 0 22 255 255 0 80 0 255 255
    255 0 0 255 255 255 0 255 0 0 255 255 255 0 0 24 255 0 255 255 255
    30 0 0 153 255 103 0 119 76 255 255 0 0 0 0 0 255 255 255 255 255 0
    0 0 0 163 255 255 25 0 0 0 174 159 0 0 255 246 255 0 0 255 0 83 234
    255 0 0 255 255 0 255 222 0 178 255 84 0 255 0 255 0 52 255 0 255
    111 199 0 255 0 255 0 0 0 255 0 169 57 255 0 152 136 255 255 0 0 92
    255 0 0 255 38 0 0 0 139 0 255 255 0 255 0 109 109 255 255 0 255 255
    255 0 0 0 0 186 255 255 255 0 0 199 0 0 0 149 114 0 255 0 0 0 255
    255 255 255 255 255 0 0 120 0 0 0 81 255 0 0 255 112 255 155 255 255
    255 0 236 0 255 0 255 0 102 0 226 32 255 0 229 255 255 121 0 24 0
    255 255 38 194 0 255 0 241 166 255 0 0 0 0 0 255 241 255 0 0 0 0 255
    204 255 0 0 202 46 255 110 255 255 255 0 0 0 104 255 0 166 0 255 255
    255 255 151 0 255 255 0 131 0 0 0 255 255 255 0 0 0 33 0 255 209 255
    255 172 0 0 255 255 255 0 0 0 255 255 255 0 76 0 255 0 255 0 174 197
    255 0 255 0 0 167 134 255 255 255 0 0 0 255 255 255 0 255 235 101
    206 255 255 0 255 255 0 0 0 255 255 0 255 255 255 0 255 0 255 189
    123 0 0 255 31 137 0 226 255 255 40 0 38 0 0 255 0 255 0 255 0 0 255
    255 0 0 255 57 255 0 48 193 108 0 255 255 212 0 236 255 0 255 158
    215 0 0 0 0 255 0 255 0 128 0 255 255 0 0 0 255 255 0 255 200 255
    255 204 255 0 0 208 255 255 0 255 0 32 0 255 0 0 255 145 255 0 255 0
    0 255 0 255 0 255 0 0 255 0 85 255 0 232 0 255 0 119 206 255 255 0 0
    0 255 255 21 0 169 255 0 255 0 0 165 255 0 214 255 255 0 255 72 255
    0 255 0 255 58 255 0 0 255 0 0 255 242 255 0 239 0 16 0 255 0 0 0 0
    255 178 0 0 0 255 255 65 0 234 21 48 255 255 0 255 0 255 255 45 1 0
    255 109 86 67 255 255 52 255 0 255 0 76 0 255 255 255 0 0 0 0 35 47
    255 22 255 0 0 214 0 255 255 255 255 0 29 0 0 37 0 255 0 255 0 0 0
    255 0 12 255 0 0 0 255 0 183 255 253 255 255 255 0 0 0 0 60 255 0 0
    102 255 255 0 0 255 0 255 255 255 0 255 255 255 255 0 255 255 255 0
    0 0 255 0 0 255 0 255 255 255 214 0 0 255 0 255 0 0 0 0 255 255 255
    255 0 255 33 255 0 0 255 33 0 44 107 0 0 88 255 75 0 0 255 255 255 0
    0 255 213 0 29 255 255 255 255 157 0 255 0 255 0 0 0 255 0 255 0 128
    0 215 255 255 0 6 0 255 0 125 255 0 255 0 255 18 255 255 0 0 255 255
    35 250 255 0 0 0 0 175 255 255 255 255 255 195 0 0 0 255 0 98 255
    255 255 213 58 0 255 135 157 255 137 255 255 134 255 0 98 0 0 255
    132 255 191 255 0 206 0 255 255 0 255 0 0 0 25 255 255 201 0 148 238
    255 255 255 0 0 255 0 255 255 255 139 255 255 0 0 255 0 255 0 255
    255 255 0 0 131 204 160 0 255 255 255 192 255 244 255 163 0 255 121
    255 0 255 0 0 0 226 0 54 255 0 255 255 255 0 255 255 45 255 255 0
    255 0 151 0 255 255 0 0 49 100 80 31 255 255 0 0 29 0 0 0 130 255
    255 255 125 84 0 0 255 255 0 0 255 0 255 0 0 0 255 255 0 0 255 0 0 0
    0 98 255 255 255 255 0 255 0 255 0 64 122 255 0 197 255 255 0 0 255
    0 0 25 255 255 0 255 255 255 0 62 176 255 255 0 117 255 255 255 255
    0 69 255 255 255 255 0 0 255 255 0 0 0 255 161 30 0 0 255 0 255 78
    255 0 78 255 36 255 0 0 255 0 0 0 255 162 0 0 225 160 255 0 0 255
    255 57 0 0 255 39 0 255 255 255 0 0 0 101 0 216 255 255 255 255 0
    115 0 255 0 255 255 0 210 0 255 0 255 105 255 255 0 255 196 0 64 255
    0 255 255 255 0 0 0 0 74 180 255 113 255 255 255 0 0 0 235 0 156 0
    92 71 0 255 77 234 0 67 0 0 0 255 0 255 255 0 196 0 0 255 255 255 62
    0 0 0 0 255 255 255 255 255 0 169 0 0 0 255 255 0 79 0 255 255 255 0
    255 255 255 39 0 0 0 97 204 255 255 0 255 198 255 0 0 0 255 107 0 0
    255 255 0 0 0 0 0 255 0 0 0 255 255 19 0 255 255 255 0 0 255 84 0
    255 255 72 255 255 255 135 0 140 255 255 178 0 0 0 255 0 255 0 0 255
    0 255 0 255 255 255 54 138 0 127 105 255 0 0 0 255 0 255 186 34 123
    255 0 255 0 255 0 190 0 255 255 255 0 0 255 0 235 0 255 255 0 0 238
    255 44 95 0 255 0 255 0 255 255 255 0 0 126 195 255 0 255 0 255 0
    255 0 0 0 255 255 164 0 38 36 245 152 0 58 75 255 0 195 0 0 0 255
    255 255 255 0 0 0 255 0 255 0 255 0 255 255 255 0 0 255 255 0 0 255
    74 255 0 0 0 0 255 0 255 0 255 0 28 0 255 199 0 0 255 255 0 0 255
    255 0 255 255 255 0 0 0 0 255 255 176 0 0 16 255 255 246 0 255 0 255
    0 255 193 255 158 0 0 255 255 255 255 155 0 255 0 248 0 0 0 255 255
    255 0 255 0 230 0 255 255 255 21 0 0 0 255 255 0 0 0 0 255 0 255 0
    255 0 255 255 0 255 246 0 255 116 0 0 0 255 255 255 0 0 0 0 255 255
    9 241 0 255 0 212 255 159 0 0 185 0 0 255 214 255 0 0 0 0 255 255 0
    207 171 250 0 50 0 255 0 0 255 45 255 255 0 255 255 255 0 255 0 0 0
    255 29 182 0 255 255 255 0 0 145 0 0 255 7 197 148 0 255 145 0 255 0
    255 0 255 152 255 0 0 3 0 156 255 70 192 0 255 255 0 0 0 255 255 0 0
    0 147 192 255 82 0 174 0 255 0 255 0 0 0 255 255 255 255 159 0 0 255
    255 255 87 255 0 0 117 255 255 255 255 0 0 0 217 255 255 0 0 0 255
    255 255 0 0 243 255 255 98 0 255 255 175 0 0 255 0 81 0 255 0 255 0
    0 255 255 255 255 0 255 0 240 0 255 99 255 43 0 222 0 0 255 255 255
    255 111 0 98 0 255 255 255 0 255 252 234 0 0 0 0 0 255 0 255 0 5 255
    0 255 179 0 0 0 0 255 255 96 69 0 0 255 255 205 6 0 33 255 255 0 255
    149 255 255 255 255 255 86 0 0 0 255 0 255 255 0 255 255 201 26 0 11
    56 213 255 204 255 0 255 0 0 0 0 0 255 255 169 0 163 255 255 255 255
    234 0 0 255 255 255 0 0 0 138 0 255 0 255 0 0 255 255 255 227 255
    255 255 72 0 255 0 251 0 0 182 86 0 255 255 255 255 255 0 0 0 255
    255 255 255 255 0 0 255 255 255 0 0 0 255 255 255 0 255 255 0 0 0 0
    0 255 255 134 0 0 0 255 255 0 0 255 255 255 255 0 255 174 0 255 255
    66 0 0 0 255 255 255 205 0 0 0 255 255 0 0 255 0 255 255 255 221 255
    0 0 0 255 255 255 0 0 8 0 255 131 98 255 0 255 0 255 255 255 0 0 180
    255 165 0 255 73 255 255 255 93 0 255 255 177 0 0 255 0 255 255 0 0
    0 255 255 0 206 0 255 0 0 255 0 255 0 97 51 255 191 255 255 255 255
    49 0 255 0 255 255 255 255 187 156 255 255 80 255 247 0 0 255 255
    255 0 0 255 0 0 0 255 255 11 0 255 0 255 110 0 0 60 130 0 0 11 0 255
    0 21 0 255 255 255 47 255 238 255 0 255 0 0 0 255 0 0 159 0 1 0 166
    255 255 144 0 255 255 255 0 0 70 255 0 255 255 255 0 255 0 190 94 0
    255 255 0 254 0 255 0 255 0 252 0 255 0 255 0 255 0 54 249 255 0 0 0
    255 255 0 0 0 255 255 255 255 78 255 0 255 0 255 0 255 0 255 0 255
    104 255 0 69 47 0 244 0 255 0 0 255 0 255 255 255 38 0 0 87 0 255
    255 0 255 10 255 208 0 255 255 56 255 254 23 255 0 137 255 255 0 0
    58 109 255 142 0 255 255 255 0 0 0 0 34 255 0 255 255 255 255 0 255
    0 255 0 255 164 255 0 0 0 42 255 255 255 0 0 164 255 255 0 0 0 0 255
    255 255 255 255 255 0 174 255 255 0 110 255 227 255 168 255 0 255
    255 255 0 255 42 54 0 0 150 20 0 0 0 0 255 0 255 0 0 255 246 0 0 255
    237 0 255 255 255 0 0 172 0 163 255 255 0 255 0 0 0 0 172 29 0 0 255
    255 255 0 0 0 0 255 60 144 213 0 255 255 0 0 255 0 0 0 255 255 255
    255 255 0 26 255 174 9 0 0 117 0 0 0 255 0 25 255 255 174 0 0 0 0
    255 0 255 135 255 0 85 255 255 176 255 0 255 255 255 255 0 0 255 0
    255 0 205 255 255 140 255 0 211 103 255 0 255 255 255 227 0 48 255
    255 0 25 0 0 0 0 255 255 255 171 80 0 0 255 255 255 0 22 0 0 0 255 0
    255 0 255 255 255 255 109 0 0 171 255 255 255 0 0 0 0 255 255 0 90
    255 222 0 0 255 255 0 255 255 255 255 255 84 118 0 255 255 255 0 0 0
    0 255 0 255 0 0 229 255 255 0 255 0 0 0 255 44 255 255 0 0 0 187 255
    83 65 255 255 255 0 92 255 255 0 0 0 217 0 255 255 0 18 62 0 0 255
    255 255 255 255 255 255 255 0 0 0 0 255 140 255 0 255 104 255 0 28 0
    0 0 255 255 255 255 0 255 0 0 0 0 55 255 255 0 0 0 235 0 255 0 0 255
    255 255 163 42 48 0 241 255 0 255 0 96 255 255 199 255 0 206 0 255
    248 255 255 255 0 0 0 255 0 0 190 212 0 0 0 255 255 255 0 0 19 11
    255 255 0 0 0 0 170 255 255 0 0 255 0 0 0 0 255 155 255 0 255 27 255
    169 0 0 255 255 0 25 0 0 0 255 255 0 255 255 255 255 0 0 0 194 255 0
    78 5 77 255 255 245 0 0 0 255 255 0 0 0 255 255 205 0 0 255 183 0 0
    255 255 255 0 0 0 255 0 0 93 0 0 0 0 255 0 255 0 89 0 255 0 174 18
    130 0 25 0 255 0 250 255 0 41 0 255 255 241 0 111 0 0 255 255 0 0 0
    255 255 255 255 27 0 214 0 48 254 255 0 182 0 255 255 0 103 0 255
    100 255 0 162 255 0 255 0 255 255 238 255 255 0 255 0 0 255 0 0 255
    75 0 255 255 255 255 12 31 0 255 0 255 250 0 255 109 0 0 255 255 255
    255 0 190 255 255 255 0 171 255 223 188 0 255 0 0 255 255 45 0 32 0
    255 0 0 0 0 63 0 0 232 255 255 0 0 0 0 255 255 0 255 86 255 255 255
    0 77 255 255 187 61 0 255 0 0 0 0 0 189 255 255 255 255 0 255 255
    255 0 0 0 0 15 255 255 0 0 103 255 255 46 255 0 255 0 255 0 0 0 0 0
    255 0 255 0 255 0 255 0 255 0 255 0 0 255 255 255 0 103 0 0 255 0
    255 255 0 0 0 255 67 255 115 255 255 0 255 255 21 0 0 0 0 255 255 0
    255 255 255 255 255 255 106 0 0 255 144 237 94 0 97 0 0 28 22 255
    249 0 0 255 0 255 255 243 0 243 255 255 255 68 0 0 0 255 255 0 172
    10 255 0 109 255 185 0 71 255 102 0 112 0 255 0 0 0 123 255 0 0 0 0
    186 0 255 0 255 255 255 0 106 237 255 190 255 0 216 0 255 255 0 0 0
    255 86 255 0 0 255 255 0 0 0 255 255 255 0 0 0 123 0 255 198 106 0
    255 255 0 0 104 0 0 254 39 0 0 116 255 255 0 0 0 73 0 33 0 255 255
    123 214 255 255 140 255 0 255 255 255 249 255 0 255 0 255 0 0 70 255
    255 255 0 255 0 0 0 0 0 255 255 255 255 0 255 0 0 65 255 255 255 0
    255 0 186 255 0 5 255 255 68 0 0 255 255 255 0 0 169 255 0 255 43
    255 0 255 0 0 0 255 255 255 255 0 111 223 0 255 255 255 255 255 0 0
    0 0 255 255 255 0 0 255 255 255 0 139 244 255 0 0 255 255 50 0 0 0
    255 255 255 255 0 0 255 0 255 255 255 185 255 0 0 255 0 255 255 255
    50 144 0 255 0 197 0 255 255 0 255 255 123 204 0 255 88 0 0 255 255
    255 0 255 0 255 255 119 0 0 255 0 255 255 255 255 0 255 0 0 0 255
    173 255 0 0 0 152 255 255 219 0 151 0 255 111 255 0 11 0 255 0 0 0
    56 255 255 255 255 0 0 255 0 0 0 250 0 255 47 0 23 255 0 206 255 0 0
    153 255 255 0 255 255 255 87 100 0 189 0 100 255 255 128 135 255 0 0
    0 255 255 255 91 0 0 0 52 129 255 60 255 0 145 255 170 255 0 255 0
    80 0 255 255 255 226 255 255 255 0 134 111 255 0 0 0 119 0 220 255
    255 144 255 255 0 0 255 255 255 0 12 0 0 0 255 255 255 0 18 0 230
    255 255 0 49 255 255 0 0 0 0 255 0 255 0 0 188 0 0 255 255 145 0 146
    90 255 0 0 255 0 77 0 107 255 255 255 255 243 255 0 122 0 255 255
    255 0 255 0 255 255 255 255 255 0 0 255 255 255 0 255 142 255 0 0 0
    49 100 255 27 255 255 0 123 113 255 255 75 255 0 0 0 0 0 255 255 0
    255 255 0 255 189 255 0 26 0 129 255 255 0 251 95 255 0 173 120 255
    0 229 0 255 255 165 0 0 255 173 0 255 255 255 205 255 216 235 156 0
    255 194 0 0 245 255 255 255 255 0 255 255 255 0 0 255 0 255 0 0 255
    0 255 0 0 0 0 111 195 255 0 0 255 0 255 250 255 0 255 97 255 255 255
    255 77 200 255 255 255 255 119 0 0 0 255 0 255 64 255 0 255 148 255
    255 0 0 0 255 0 0 166 0 255 0 255 0 213 255 255 183 170 0 181 255 0
    112 255 255 0 0 0 206 0 255 85 249 255 255 0 255 0 92 0 255 0 255 0
    255 255 0 0 1 255 255 178 0 20 255 255 255 0 0 0 255 255 235 0 255 0
    78 255 255 255 0 0 162 255 255 255 0 255 0 0 38 0 0 0 255 0 255 0
    237 0 255 255 255 0 255 255 255 0 52 255 255 255 12 254 207 189 0 0
    138 255 255 255 208 0 1 0 220 255 255 255 255 0 255 255 0 255 158
    255 0 255 0 61 0 255 255 0 255 255 0 0 0 255 255 255 0 0 0 255 0 160
    121 255 255 0 255 0 0 0 255 0 0 141 255 255 103 0 0 0 255 0 255 255
    255 255 0 0 0 186 116 34 0 147 161 255 255 0 0 0 159 255 255 255 0
    221 255 255 0 255 0 0 39 255 255 255 0 0 0 0 255 0 255 20 255 255 0
    255 255 255 255 0 0 0 255 0 255 0 255 0 0 134 255 0 255 255 255 0 1
    255 0 0 255 255 255 0 255 134 0 42 255 255 255 0 255 0 255 17 255
    244 0 0 0 0 0 0 255 200 255 0 255 0 0 116 255 0 0 255 114 255 255 0
    43 255 255 0 0 225 185 72 92 237 255 184 92 237 255 255 0 0 0 251 0
    255 255 0 0 0 0 255 0 255 0 255 255 255 0 0 255 0 255 0 255 41 255 0
    239 255 255 255 248 255 0 0 0 255 255 255 0 255 0 94 0 150 0 255 0
    255 0 0 148 0 0 255 0 255 0 255 0 0 0 179 255 164 0 255 0 255 244
    255 0 144 0 255 0 145 255 255 117 0 0 0 255 151 0 255 255 13 255 0
    247 255 47 0 0 79 0 255 0 205 199 0 0 0 255 0 255 255 255 82 0 0 255
    255 255 96 0 247 255 255 0 0 0 0 255 77 255 0 0 255 0 0 209 255 0
    255 0 255 0 0 0 255 194 0 0 0 0 0 255 0 255 0 255 255 40 119 255 255
    255 255 0 0 0 0 255 203 255 255 82 0 255 86 255 51 0 208 255 0 0 0
    255 0 255 255 0 77 225 247 255 255 254 0 255 0 255 0 0 0 118 0 207
    115 86 255 0 0 0 255 255 0 255 249 255 0 0 202 255 255 255 255 24 0
    0 0 255 255 255 255 0 0 133 234 153 0 255 255 255 0 0 0 0 255 0 0 0
    255 255 0 255 0 255 0 0 255 255 0 249 95 255 255 0 0 0 255 255 0 255
    255 0 0 0 0 0 255 255 203 255 62 0 22 119 0 0 0 0 0 255 0 255 199
    255 255 0 0 32 255 254 255 255 255 0 0 255 255 255 255 255 255 114 0
    0 255 255 199 42 0 255 0 255 255 89 255 0 255 0 0 255 255 255 127 0
    0 159 0 255 255 255 0 255 255 0 0 0 255 255 255 0 0 255 35 255 0 0 0
    33 255 0 255 0 0 0 255 0 255 0 0 255 255 0 255 149 0 0 0 0 1 255 255
    110 0 0 186 255 155 0 24 255 255 215 190 255 0 90 255 240 247 15 0 0
    167 255 255 0 0 255 255 255 255 0 255 0 255 255 192 0 29 0 254 0 73
    140 0 163 255 255 255 255 0 0 168 0 255 255 255 255 90 0 255 0 0 0
    255 101 0 255 255 0 0 0 79 255 0 0 0 255 0 255 5 255 0 255 0 255 0
    255 112 255 0 255 0 255 0 255 0 0 255 255 255 0 0 255 34 241 0 255
    255 0 0 255 0 255 17 79 255 0 113 0 255 11 255 255 0 0 0 10 7 255 0
    169 255 255 0 0 0 255 255 255 0 0 0 255 16 255 0 0 0 0 84 0 42 0 255
    36 28 0 5 61 255 188 255 0 0 255 255 226 0 255 0 255 255 255 0 18 47
    0 255 255 255 135 255 198 52 0 0 0 208 0 192 255 84 0 0 203 0 0 255
    255 255 153 255 255 0 0 176 255 0 0 0 215 255 255 255 0 0 255 100 0
    203 255 255 0 0 255 0 255 0 255 255 255 84 0 255 206 40 0 255 255 0
    255 219 0 0 0 255 255 255 228 0 0 0 6 255 255 0 0 0 255 40 0 255 255
    24 0 0 132 255 0 35 0 133 0 0 0 0 255 255 0 255 255 0 165 0 0 255 0
    23 0 0 255 0 0 255 200 255 0 255 255 196 0 255 0 0 0 255 255 0 255 0
    0 189 1 255 0 0 0 255 255 255 105 255 0 0 0 0 0 255 255 0 255 172
    255 0 0 255 255 255 0 177 255 186 255 0 255 185 255 0 93 255 191 0
    224 229 109 0 255 255 255 0 0 0 255 132 255 0 255 0 255 0 134 255 0
    138 0 255 0 255 255 0 0 255 95 255 255 0 0 0 255 255 255 255 0 255 0
    239 255 255 0 0 255 255 255 242 255 0 9 0 255 255 0 0 0 255 255 250
    0 0 0 0 0 156 19 255 21 176 0 255 255 255 0 171 0 255 255 0 0 0 255
    0 251 255 255 72 0 0 0 229 255 255 255 255 255 255 135 255 255 255 0
    216 44 56 255 0 255 242 0 155 0 255 255 0 35 255 255 0 0 255 0 255
    255 255 255 255 0 255 0 255 255 70 0 0 145 255 0 255 0 0 98 255 98
    255 255 241 246 0 230 255 0 255 255 0 156 0 0 0 255 255 11 0 0 255
    255 255 0 0 49 255 0 255 255 0 0 0 255 51 0 94 0 200 255 255 0 98 0
    255 0 130 0 255 255 255 255 255 0 0 255 0 255 255 230 255 0 0 255
    255 255 146 0 255 0 255 0 0 255 255 0 40 0 0 255 255 0 255 0 255 0
    255 255 0 255 0 0 0 255 0 255 0 255 255 185 255 0 55 0 255 255 176 0
    0 0 0 51 9 72 255 188 0 0 254 120 255 0 0 0 0 0 0 102 255 255 255
    255 0 255 0 0 255 32 255 0 0 255 0 255 0 143 0 255 0 0 0 184 255 255
    0 0 0 255 255 255 0 0 199 255 255 0 255 255 0 0 201 83 0 0 255 255
    255 0 194 0 255 255 6 0 255 255 255 0 0 0 255 0 255 255 255 124 0 0
    0 0 149 154 255 0 0 0 255 0 91 0 29 255 0 255 0 255 255 0 0 0 255
    255 255 255 0 0 127 0 0 23 237 255 0 0 0 0 255 0 255 0 255 0 255 0
    255 255 0 0 0 255 0 0 0 255 255 0 0 255 255 56 81 255 255 2 51 0 255
    0 255 0 255 108 255 255 255 41 255 255 0 0 134 0 255 0 255 255 255 0
    249 0 0 0 255 255 255 0 0 0 62 0 127 0 93 255 0 255 0 255 0 43 255
    255 0 1 0 0 0 0 0 255 0 0 166 88 255 255 0 255 0 0 255 60 53 0 0 0
    255 255 255 0 163 126 255 255 140 0 235 0 192 175 255 255 255 0 0
    255 156 255 255 255 255 0 255 0 0 0 255 255 255 0 0 255 0 248 241
    255 255 0 0 255 255 0 0 255 255 255 243 255 54 255 255 255 0 255 0
    255 0 0 255 0 0 0 0 255 255 0 32 0 217 0 244 93 255 255 255 255 255
    255 35 0 90 188 72 0 0 0 255 255 0 255 255 0 0 0 66 0 255 255 0 255
    255 125 255 59 255 0 255 255 0 0 0 255 0 0 255 255 113 0 255 0 255 0
    255 0 0 0 183 36 0 0 255 0 23 0 255 0 129 255 192 191 0 0 0 255 255
    255 0 0 0 255 0 0 255 0 70 23 255 255 0 255 255 255 217 0 255 0 255
    217 255 43 0 255 255 0 0 0 0 0 0 255 255 0 255 255 255 0 255 0 143 0
    0 255 0 255 78 213 0 163 255 255 46 0 255 0 0 0 255 255 255 0 255
    255 0 0 0 255 0 0 255 255 0 0 0 240 103 255 0 255 0 255 255 0 0 255
    191 0 255 255 255 0 0 255 255 142 255 30 255 0 203 255 255 154 0 255
    255 0 255 0 110 255 255 255 0 0 0 139 0 255 0 0 255 255 0 0 255 255
    129 0 255 0 154 131 255 0 0 255 255 255 255 255 0 0 0 0 255 0 255 0
    255 0 255 255 255 0 255 153 255 111 255 0 0 0 255 255 255 255 255
    255 0 0 0 255 255 127 0 255 255 255 255 77 0 0 0 255 255 212 255 124
    255 48 0 255 239 255 0 255 0 255 0 255 0 255 255 255 0 0 255 0 44 0
    255 255 255 255 255 0 206 0 22 116 255 255 0 255 0 107 0 228 0 0 101
    255 0 255 0 255 231 255 0 0 0 0 0 255 0 255 255 65 0 0 0 51 255 0 0
    255 0 0 0 0 0 255 0 0 0 234 255 0 0 255 255 255 194 255 220 255 0 0
    150 255 26 139 0 0 255 145 0 0 255 0 255 45 255 255 255 0 247 0 0
    255 0 255 57 255 0 0 0 0 255 255 255 0 0 255 255 255 0 0 255 255 88
    255 38 138 101 69 255 255 0 0 216 255 0 0 103 4 255 255 0 161 255
    255 0 0 255 255 255 0 0 0 255 45 0 139 255 255 181 0 255 179 255 0
    255 255 0 0 255 0 57 0 255 0 0 15 0 255 0 0 0 0 0 255 255 255 60 0 0
    196 255 255 255 255 255 173 83 107 237 34 0 255 0 0 255 255 255 255
    0 255 0 209 255 0 255 255 0 0 0 26 145 0 255 106 11 0 255 0 59 255
    255 255 0 0 255 255 0 0 0 255 255 255 0 0 255 0 0 0 255 255 0 0 0
    193 0 0 127 255 0 255 0 0 0 255 255 0 0 28 41 255 255 255 179 255 0
    255 0 228 180 255 255 0 7 255 255 255 0 255 0 255 168 230 255 0 0 0
    0 255 255 21 127 0 28 0 144 0 255 255 255 255 0 0 0 255 0 255 32 0 0
    255 255 255 0 0 0 0 255 166 255 68 0 255 255 30 0 0 255 0 255 0 0 0
    0 0 238 0 255 99 255 0 3 25 44 0 255 0 255 0 0 255 255 255 0 0 255 0
    0 0 0 79 0 25 84 255 181 0 39 0 255 255 255 0 255 204 74 255 0 0 11
    0 255 0 255 199 255 232 255 180 218 0 211 255 255 0 0 0 255 255 0
    255 255 138 0 48 255 255 234 169 0 255 77 255 0 0 176 255 0 64 255
    255 0 0 0 255 15 216 255 0 255 0 255 7 0 255 246 255 0 0 98 255 0
    222 0 255 255 0 255 255 255 0 0 255 255 0 255 0 255 0 0 0 255 255
    255 0 199 0 255 0 255 0 0 255 255 205 0 255 255 30 0 0 255 0 255 71
    0 0 255 0 222 255 255 65 225 255 40 255 0 255 0 234 0 255 255 91 255
    0 0 0 255 255 0 0 0 110 0 0 0 0 255 32 255 0 17 255 204 255 0 255 0
    255 0 255 55 255 255 37 0 255 255 45 0 0 255 255 255 228 0 0 255 198
    255 105 0 83 0 22 118 255 175 0 255 0 255 255 255 255 255 13 255 0 0
    0 255 255 33 0 0 0 0 255 0 65 104 255 0 255 0 255 255 255 191 239 0
    0 0 0 255 0 181 0 255 241 255 0 0 221 0 255 60 0 36 200 47 146 255
    255 0 0 255 255 255 0 255 0 0 0 255 209 0 0 255 0 255 255 3 167 130
    0 255 130 255 51 255 164 0 162 0 255 0 0 0 255 53 20 0 0 255 107 255
    255 0 255 0 6 0 255 0 255 0 255 0 15 255 0 255 0 255 0 255 255 255 0
    255 255 0 0 255 255 0 255 186 62 255 152 0 0 255 255 0 0 0 0 0 255
    94 249 0 0 0 255 37 255 0 0 0 0 255 255 0 255 0 255 0 255 0 236 0
    255 255 255 0 0 255 144 243 0 153 53 255 0 0 255 40 255 0 255 0 255
    41 0 0 92 0 255 0 0 0 152 94 255 172 0 0 0 255 255 135 0 226 255 255
    0 0 0 255 255 0 255 255 255 0 0 244 255 255 0 0 0 255 0 0 0 255 0
    255 255 186 255 255 184 0 255 255 0 255 255 255 152 78 0 222 255 255
    255 0 0 255 255 51 0 68 255 28 255 0 249 0 255 0 255 20 255 0 0 0 0
    255 83 0 0 0 255 0 255 0 98 255 255 0 0 255 0 255 0 255 0 0 0 226
    255 0 0 31 0 255 0 255 255 255 0 0 255 26 0 0 255 148 0 37 0 255 255
    255 0 175 255 255 0 0 0 255 255 0 255 255 255 0 0 197 255 255 0 45
    255 0 255 0 73 0 124 0 255 0 5 95 239 255 0 0 0 166 0 255 255 0 0 0
    255 255 255 0 255 0 59 34 0 255 255 255 255 202 45 0 0 198 59 45 0
    255 0 255 0 0 10 255 255 0 255 0 255 68 91 0 0 0 0 255 255 255 57 0
    0 255 0 255 255 255 255 0 44 255 166 0 68 255 255 255 0 0 255 32 64
    0 0 255 0 255 0 255 0 255 0 128 226 255 0 255 0 255 0 255 0 251 255
    255 0 255 0 255 0 255 0 254 0 255 106 255 0 255 0 255 0 211 0 255
    255 0 0 0 255 215 146 0 0 255 255 255 255 0 24 66 255 255 0 255 174
    0 177 0 255 62 0 0 62 0 223 174 0 255 255 0 28 255 255 0 255 0 188 0
    255 255 255 156 155 0 255 255 177 0 0 0 255 255 255 255 255 0 0 255
    189 255 244 148 0 245 0 255 44 112 255 159 159 193 183 0 255 255 0
    207 0 255 0 0 85 255 255 124 67 0 0 0 0 255 0 255 255 255 0 0 98 0
    255 255 255 14 255 207 255 255 0 255 0 255 0 255 0 255 0 81 255 255
    28 0 0 0 255 255 255 27 65 91 0 0 255 232 0 245 255 255 0 0 0 255
    255 255 255 0 0 141 255 0 25 0 191 255 0 255 120 53 0 247 0 5 0 21
    255 41 0 255 255 255 0 13 0 0 255 0 255 212 255 255 0 0 0 255 255
    162 20 0 255 255 255 255 255 0 255 161 255 250 255 46 0 0 0 255 255
    255 255 255 61 255 255 0 0 0 141 0 255 0 255 255 66 0 0 0 49 255 255
    255 0 0 255 255 255 255 255 255 33 0 137 50 255 255 213 255 255 255
    255 0 255 0 251 0 0 0 255 255 255 0 0 0 214 255 0 136 0 255 0 255
    255 0 116 0 255 0 0 124 255 0 0 0 255 255 255 0 0 0 255 0 255 208 0
    255 0 255 0 255 255 255 0 0 108 255 255 0 255 24 0 255 255 255 134 0
    0 0 254 255 0 0 0 255 255 255 0 167 217 255 255 0 102 0 255 211 0
    102 255 255 234 0 0 255 0 255 0 255 0 0 0 255 255 0 255 255 255 11
    255 255 0 0 255 255 3 255 255 0 0 0 255 108 255 0 255 255 88 255 255
    212 255 0 255 0 0 255 255 255 255 0 255 255 0 255 0 224 0 0 0 255 0
    0 0 189 255 0 255 0 54 255 255 255 0 0 0 255 0 255 0 255 0 197 0 0 0
    255 255 255 0 255 255 0 255 255 193 31 255 0 255 255 255 255 0 52 2
    255 255 0 0 255 0 255 0 255 72 255 0 0 255 141 255 255 0 0 0 255 255
    255 0 255 255 255 0 255 255 203 0 0 0 255 0 235 0 47 0 255 255 255 0
    0 255 255 255 0 0 0 255 255 255 255 0 0 29 255 255 0 0 0 255 255 0 0
    0 255 0 0 0 0 255 49 255 255 0 0 0 255 188 194 18 255 255 255 0 255
    192 0 153 0 255 0 255 0 202 0 255 0 255 255 255 0 0 0 0 242 151 255
    255 133 0 0 0 0 255 255 0 0 198 0 255 0 91 255 255 255 0 255 0 0 0 0
    21 0 255 203 0 0 255 49 255 0 0 255 176 255 0 0 0 255 0 255 154 255
    0 0 255 255 0 255 0 0 30 255 255 0 0 255 0 0 0 0 0 255 204 0 136 255
    255 67 186 0 0 0 255 255 0 255 0 255 0 255 255 255 0 255 150 0 255 0
    255 255 0 0 127 0 0 0 255 0 0 255 0 255 0 255 0 255 94 0 0 255 46 94
    0 0 236 255 255 0 255 0 196 0 255 255 0 236 255 255 0 255 0 255 0
    192 0 255 171 255 0 0 221 240 255 255 255 255 205 0 0 0 255 0 255
    255 255 178 0 0 255 0 203 0 0 0 255 255 255 0 255 0 255 0 255 0 0 0
    255 255 22 43 255 18 255 255 255 255 255 255 255 148 0 0 0 0 255 0
    250 229 129 0 255 0 255 0 197 98 255 255 0 255 255 22 255 255 40 34
    0 0 0 255 0 255 0 56 255 152 255 0 255 0 0 245 255 255 255 0 85 165
    103 0 0 0 0 0 0 0 0 255 255 0 255 0 255 0 255 255 255 0 0 0 255 255
    255 255 8 255 0 255 0 255 255 255 152 0 0 120 255 0 180 19 0 255 0
    60 232 0 0 157 0 202 255 0 195 62 255 3 255 255 0 0 255 255 255 0
    255 0 102 255 0 8 0 255 255 0 0 216 152 0 0 0 255 29 255 88 0 0 255
    113 0 255 0 107 135 0 220 0 0 255 255 0 158 0 255 135 141 255 0 255
    0 0 0 255 255 48 0 0 79 255 255 0 0 255 191 255 59 0 255 0 0 255 255
    255 108 255 255 255 0 29 255 255 255 255 0 0 255 255 18 97 255 0 0 0
    144 255 0 249 0 255 0 255 36 0 0 0 183 0 0 255 0 255 255 0 255 0 255
    0 255 0 0 0 255 255 0 0 206 0 255 255 255 255 0 0 130 255 255 0 255
    0 168 255 0 255 255 0 0 174 0 255 0 255 0 255 255 0 0 0 255 255 144
    255 0 229 255 255 255 0 49 0 18 255 0 0 0 0 172 0 255 255 0 0 0 255
    3 227 255 255 255 255 0 159 255 255 0 0 20 0 255 0 255 255 255 0 68
    0 255 0 154 33 253 255 0 0 255 255 255 0 0 255 255 0 0 0 255 255 255
    242 0 140 0 0 0 236 170 0 255 255 255 0 255 0 255 0 255 230 255 0 0
    0 255 0 0 191 255 140 255 0 255 0 0 0 255 255 255 141 255 0 0 0 255
    255 0 0 0 0 255 244 255 255 0 215 113 255 255 87 0 0 38 255 0 255 0
    118 255 255 124 0 0 229 255 255 207 114 255 255 0 255 42 255 255 255
    255 0 143 255 255 255 0 71 0 255 130 255 0 0 0 255 255 0 0 78 0 255
    45 24 0 0 255 37 255 255 0 255 0 255 255 255 0 0 0 0 255 0 255 0 255
    255 255 0 255 0 121 0 0 169 0 255 0 213 113 0 255 51 255 0 0 0 255
    76 0 17 255 255 255 99 255 96 0 0 0 255 0 255 207 0 255 0 255 0 255
    0 255 0 213 53 0 255 0 255 255 242 255 0 166 0 90 255 65 133 132 255
    0 255 151 255 0 255 0 255 0 238 255 236 255 0 176 0 255 212 0 0 0
    255 43 0 0 255 74 0 0 255 229 157 0 0 0 0 0 255 228 120 255 0 255 0
    158 0 255 255 255 255 255 0 204 150 255 0 0 211 255 255 0 0 0 0 255
    255 150 255 0 178 0 0 0 255 0 0 23 255 255 255 255 0 255 255 52 217
    0 0 81 0 255 255 0 0 255 0 255 0 255 0 0 255 202 239 0 0 255 255 255
    255 237 0 0 255 255 255 179 0 255 255 0 0 0 0 109 255 0 191 255 255
    255 105 0 0 172 135 19 0 255 0 255 255 255 0 0 255 80 25 255 255 0 0
    168 0 124 255 255 0 255 255 255 0 97 0 255 48 0 77 69 255 76 0 255 0
    22 255 255 0 255 0 0 0 0 255 255 0 0 255 137 0 0 2 79 255 255 0 255
    255 255 0 0 247 0 0 0 255 0 0 255 255 255 255 0 0 0 255 255 0 255
    255 255 0 37 65 0 255 0 134 91 0 67 0 12 0 255 255 255 0 255 37 255
    255 255 255 0 96 255 255 0 198 0 255 99 255 0 255 78 255 255 0 0 0
    255 0 0 0 120 255 0 255 0 255 0 255 0 255 0 255 255 0 255 11 255 255
    255 0 0 0 255 255 255 0 0 255 255 74 0 0 255 255 0 0 0 0 26 255 255
    0 0 0 0 0 79 80 255 0 255 0 118 0 0 255 32 255 0 255 0 255 255 0 0 0
    255 255 68 0 255 255 0 83 46 0 255 0 255 0 255 234 150 0 255 255 0
    145 255 0 201 255 126 255 0 255 255 255 255 0 197 0 255 0 255 255
    169 220 0 173 88 0 255 255 0 0 0 255 255 0 0 255 0 87 255 255 255
    255 0 26 255 60 255 255 0 148 255 0 255 0 255 34 255 0 218 0 255 255
    0 174 182 0 103 255 153 192 0 0 255 54 170 0 255 0 215 255 0 255 255
    255 0 255 49 0 255 255 141 0 255 255 138 255 118 255 255 255 255 0
    255 0 255 0 0 4 191 255 255 0 0 255 21 209 0 0 65 0 0 0 255 255 131
    0 84 255 255 12 0 96 255 0 255 99 255 0 255 33 255 20 0 255 255 255
    0 41 42 255 255 255 0 255 255 0 255 125 0 255 0 255 255 255 0 0 255
    255 0 250 0 255 136 0 54 255 0 93 255 0 236 0 188 0 52 122 255 255
    255 0 0 255 255 255 0 0 0 255 255 0 255 187 255 255 255 255 0 255 0
    125 0 0 255 255 0 0 75 0 0 255 250 0 0 0 255 255 255 7 0 0 0 0 0 255
    0 255 255 255 255 0 0 255 208 255 0 255 14 0 255 255 0 255 0 255 0
    255 0 0 0 255 93 93 205 255 255 255 0 255 181 255 0 0 0 135 0 0 0 0
    255 255 255 0 255 243 255 0 0 255 255 0 40 0 255 135 0 0 112 255 0 0
    0 0 0 219 255 28 0 255 255 255 0 0 255 170 0 0 0 0 141 255 255 0 0
    255 255 255 86 255 59 255 255 167 108 0 255 188 0 0 255 255 0 0 255
    255 0 0 0 148 255 255 255 198 0 255 0 255 0 255 255 0 0 0 255 51 0 0
    0 255 255 0 255 0 0 0 255 255 153 0 0 112 0 0 255 0 255 123 131 12
    255 255 0 0 0 243 0 255 0 255 78 169 255 0 255 0 0 0 0 252 167 255
    48 45 0 176 255 0 255 77 255 0 0 35 0 255 68 255 255 255 205 0 255
    255 0 0 0 255 255 20 255 255 0 255 206 255 0 255 0 255 0 255 255 255
    74 255 0 255 0 255 6 0 0 170 142 64 0 0 0 255 255 0 0 51 255 255 0 0
    0 255 255 255 255 255 0 0 255 255 255 0 0 103 255 255 0 156 0 82 255
    255 0 0 255 255 255 255 0 221 0 255 255 255 230 0 0 255 255 255 2 0
    0 255 255 159 0 0 208 0 0 255 128 0 0 255 0 0 52 255 0 255 255 255
    255 119 0 0 21 214 255 242 0 0 0 255 0 99 255 255 119 0 0 145 255
    255 253 0 255 0 255 0 174 0 255 0 255 255 0 0 255 255 0 0 0 255 146
    255 0 193 192 0 255 0 255 255 255 0 0 0 255 190 113 0 133 0 255 0
    255 0 255 0 255 0 255 255 255 3 0 203 255 255 123 0 105 255 255 255
    0 0 255 12 0 0 178 0 255 75 0 0 255 255 255 0 185 219 255 0 0 255
    169 255 139 255 0 255 0 255 0 0 195 101 0 0 255 255 255 0 255 0 255
    255 255 0 0 170 65 255 0 0 202 0 67 228 255 131 0 0 255 255 0 255
    255 0 0 0 215 0 0 255 0 255 0 0 255 255 49 255 191 0 0 0 255 255 255
    0 0 0 251 0 255 0 0 0 0 255 0 255 0 0 255 255 187 255 0 255 0 255 0
    255 0 255 27 255 0 0 255 0 255 0 255 255 191 173 255 255 255 0 255 0
    255 255 0 255 255 255 61 0 255 255 255 95 0 255 0 255 0 255 67 255 0
    0 0 0 3 255 0 255 255 224 255 0 209 0 255 255 0 0 0 255 255 255 130
    0 255 0 255 255 106 255 0 0 249 0 255 43 127 170 255 0 255 62 0 255
    0 255 0 255 0 255 250 0 0 0 98 255 255 255 0 255 172 46 255 255 172
    0 0 255 255 255 255 0 20 0 0 0 255 0 145 123 0 139 255 255 255 0 255
    0 255 0 0 255 243 255 46 10 39 0 93 255 255 200 0 108 225 0 255 129
    0 0 255 255 255 126 255 0 255 0 255 0 0 139 255 0 255 0 255 0 206
    255 0 255 255 255 255 0 0 120 245 255 0 0 0 255 112 255 8 105 67 6
    255 0 68 150 255 255 101 0 0 0 127 0 163 0 255 255 0 0 255 255 255
    239 230 82 0 0 0 255 0 0 5 0 0 0 0 255 255 255 255 46 0 0 0 218 0
    255 0 0 255 150 28 255 160 255 0 0 0 255 255 217 195 0 200 255 0 255
    200 29 0 255 255 255 255 0 255 0 0 131 31 206 0 255 68 0 0 255 220
    255 0 255 0 152 61 255 0 0 255 0 255 0 0 254 10 211 255 255 0 80 255
    0 61 0 255 255 0 0 255 255 255 255 202 87 0 255 0 116 0 255 255 255
    255 255 0 0 0 0 255 255 255 0 255 0 255 12 0 0 255 255 0 0 0 0 0 255
    255 0 0 255 213 255 0 0 0 255 255 0 0 0 0 69 94 234 24 255 255 0 0 0
    255 255 255 255 198 255 130 0 255 0 252 255 0 255 58 0 0 255 0 229
    255 0 0 192 255 47 227 0 200 0 78 0 0 255 255 255 255 0 255 0 255 0
    42 67 255 255 0 182 0 0 255 255 0 0 0 255 255 255 255 0 255 255 255
    0 255 0 0 255 255 0 0 0 255 255 255 0 80 0 67 255 255 0 0 0 255 0
    210 82 255 0 0 0 169 255 51 0 255 0 255 104 255 255 0 255 193 0 0 0
    255 0 255 0 255 0 125 0 255 0 0 0 255 255 255 255 255 0 0 69 159 255
    255 0 255 255 255 0 255 0 255 0 255 255 255 0 255 124 255 142 255
    255 255 255 0 0 255 255 0 164 255 0 255 0 255 183 255 0 0 255 0 255
    0 255 255 0 112 255 0 0 0 255 0 0 255 0 255 255 85 44 255 255 255 0
    0 255 255 0 255 255 118 0 255 255 255 201 0 0 255 255 0 246 255 255
    255 0 0 196 255 0 155 0 210 0 0 255 0 0 255 255 0 199 0 255 255 106
    255 0 255 0 255 0 0 0 0 255 255 255 0 255 22 255 255 255 255 255 0 0
    0 255 241 255 0 255 255 255 0 134 78 255 194 255 0 0 0 255 255 39
    255 8 255 0 0 0 0 255 255 255 0 0 255 0 0 0 0 154 255 255 255 0 0
    115 255 255 0 0 255 0 0 15 255 0 255 255 88 0 255 0 0 255 203 49 255
    30 255 0 0 0 255 255 255 255 35 0 0 255 255 255 255 0 0 255 255 255
    255 255 0 0 233 255 0 0 111 0 143 221 7 255 0 0 255 0 255 0 0 0 0 0
    165 0 255 217 0 0 0 0 170 255 0 255 0 0 0 255 255 255 255 0 183 0
    255 255 255 0 0 255 0 33 0 255 0 0 255 0 168 0 255 255 255 255 0 0 0
    0 255 0 255 0 255 150 210 0 62 128 255 146 255 255 0 0 0 255 0 143
    255 255 255 0 155 0 255 0 255 255 255 0 34 0 255 223 255 0 0 0 255
    255 255 0 255 255 0 65 0 255 0 255 0 255 0 0 106 0 255 255 217 0 0
    167 0 0 175 255 0 0 255 255 255 255 129 0 255 255 126 255 255 0 255
    233 255 0 0 255 255 255 0 0 0 0 245 240 121 0 0 255 255 220 0 0 0 69
    255 99 255 0 0 255 159 0 187 255 255 255 10 182 0 0 189 255 255 255
    255 198 26 255 255 255 0 0 255 255 255 255 255 47 0 0 0 255 255 0 0
    0 255 0 0 255 0 255 255 255 255 0 0 255 0 255 66 255 255 255 0 0 0
    255 16 0 255 255 255 255 255 0 0 0 0 0 0 0 191 255 255 0 0 0 255 255
    0 55 0 255 255 0 0 96 0 226 0 255 0 0 0 255 255 255 255 0 0 11 0 255
    0 255 255 167 0 42 255 93 255 26 93 0 255 0 255 0 0 0 255 174 255
    255 0 0 72 0 118 0 255 94 79 0 0 255 0 203 0 255 255 255 255 144 255
    255 255 255 0 0 208 255 0 33 135 255 255 255 220 40 0 0 0 214 255
    255 255 0 39 255 255 255 0 0 91 0 0 255 255 255 0 236 0 255 0 0 0
    255 138 255 0 255 33 0 0 255 255 255 227 0 0 255 17 255 0 0 255 255
    255 255 0 0 255 255 0 46 255 124 0 255 0 255 213 255 211 255 85 252
    207 255 60 255 125 0 0 217 0 0 0 255 0 0 255 0 255 0 0 0 0 255 0 255
    192 0 255 255 255 255 255 0 0 255 255 255 238 1 255 0 0 0 0 0 0 255
    255 0 0 64 255 0 255 0 0 0 255 255 0 255 255 255 0 0 0 222 0 255 163
    166 0 0 255 255 38 255 65 131 0 255 255 0 0 255 0 255 0 255 251 255
    0 0 255 0 200 0 142 255 0 255 0 38 255 255 100 0 0 255 0 54 32 167 0
    0 255 0 255 0 255 255 255 0 0 255 255 79 79 0 0 255 255 255 193 0 0
    0 0 255 130 255 45 0 0 255 122 255 0 0 42 255 255 255 0 255 0 152 0
    255 255 125 255 0 255 0 255 0 255 0 0 0 255 255 0 255 187 255 0 0 0
    255 255 0 255 0 255 255 169 0 0 0 255 255 255 255 255 217 0 255 0 0
    0 255 255 255 0 0 0 0 0 255 0 0 0 255 255 255 255 0 255 0 255 0 0 0
    255 0 253 0 255 255 0 27 0 229 214 255 255 255 0 255 38 255 0 197
    255 0 255 0 0 0 95 255 255 255 0 255 0 255 0 255 19 0 255 0 0 0 255
    0 255 134 255 86 29 60 0 0 255 167 255 255 132 0 0 255 255 255 255 0
    255 255 0 0 0 154 255 0 255 49 0 0 255 0 255 167 255 78 167 0 0 0
    255 255 255 0 109 0 255 255 0 255 255 255 0 255 255 0 0 0 0 255 177
    255 255 255 0 0 0 255 255 255 0 255 0 255 0 0 0 255 255 0 0 255 0 82
    0 255 0 48 255 255 255 0 255 255 255 255 0 5 0 0 255 255 0 255 114
    158 120 255 71 0 255 255 138 87 0 255 255 255 216 37 255 255 255 0
    71 0 255 255 91 0 0 255 255 0 255 0 255 0 0 255 255 0 255 0 255 0 81
    255 255 0 14 0 0 0 255 255 0 255 255 255 0 241 0 255 0 255 0 255 0
    126 31 98 255 0 255 0 255 0 0 110 32 255 255 95 0 0 229 255 0 0 255
    0 255 171 255 0 0 255 255 0 0 44 255 100 255 29 245 0 255 192 0 255
    83 255 0 255 255 255 222 197 255 0 0 0 181 0 0 255 251 0 147 0 0 68
    0 193 0 255 255 255 255 0 0 0 255 0 0 255 255 255 0 0 255 233 0 0
    120 255 255 255 0 110 0 154 255 255 255 0 0 255 255 255 0 0 255 0
    255 0 0 244 0 120 0 0 0 255 0 255 255 255 0 0 0 255 255 0 159 255
    255 0 0 0 255 131 209 255 255 255 0 0 0 5 0 255 255 0 237 255 255
    242 0 0 255 255 0 0 0 243 216 255 255 0 0 255 255 0 0 255 255 255 0
    0 0 255 54 255 0 255 255 0 255 0 0 0 0 255 255 255 195 57 255 255
    255 15 196 0 255 213 0 0 0 255 124 0 0 119 0 255 197 0 0 96 255 0 0
    255 168 255 73 255 129 0 0 255 52 255 170 255 245 0 0 0 255 255 0 0
    255 0 255 0 255 0 159 0 0 0 5 255 255 255 213 0 156 232 118 0 255 0
    183 76 255 253 0 0 0 255 255 255 76 0 0 0 203 0 255 255 255 0 0 0
    255 56 255 0 255 0 255 143 255 242 255 0 53 0 255 0 37 0 60 0 248 0
    255 0 255 142 255 0 0 255 255 0 0 163 255 255 0 141 0 0 255 255 0
    255 255 197 0 0 0 255 255 255 255 0 255 101 0 0 255 0 173 173 0 0 0
    255 132 255 255 255 0 232 182 255 255 94 255 0 0 0 196 0 0 255 255
    255 255 0 0 0 255 255 255 0 255 255 255 0 0 0 255 255 255 50 16 0 0
    0 0 0 255 7 255 0 255 179 66 0 255 255 0 107 255 255 0 69 0 0 0 255
    30 0 0 255 0 255 0 147 255 0 255 0 255 0 255 0 233 36 255 124 0 140
    255 255 103 0 38 169 0 255 0 0 0 255 255 255 0 0 255 46 255 9 0 0
    255 255 255 255 255 0 0 0 0 0 0 255 255 255 255 255 0 0 255 217 255
    255 0 0 0 120 255 236 0 0 255 255 0 255 255 255 0 0 0 255 255 0 0
    255 255 137 0 0 255 255 255 178 255 0 255 147 255 0 0 0 0 0 255 30
    255 0 255 0 0 103 255 255 0 0 255 255 129 8 132 255 255 255 0 0 0
    255 255 213 0 0 0 255 0 0 255 138 0 0 0 87 255 255 255 176 255 0 0 0
    0 76 0 255 255 0 255 0 186 241 160 255 255 61 255 0 255 169 27 0 255
    255 255 0 0 0 255 0 33 230 52 255 0 255 21 255 0 255 129 255 255 255
    0 0 0 255 254 254 255 0 225 255 255 0 0 171 255 255 255 0 0 255 255
    255 0 0 0 255 0 255 0 255 255 0 255 0 255 0 30 164 0 0 255 255 245 0
    0 255 255 176 0 255 255 100 0 93 255 0 0 0 0 255 255 255 0 255 0 0 0
    255 255 180 255 0 0 255 255 0 255 255 64 0 255 255 0 0 0 255 0 0 0 0
    255 255 166 255 0 0 255 255 255 236 0 0 255 255 255 255 0 0 0 255 46
    0 255 184 0 255 0 200 70 255 0 253 0 255 0 0 0 255 255 255 0 255 255
    0 0 234 255 255 0 255 250 0 114 255 255 255 255 255 0 0 177 0 255
    255 59 0 29 0 255 255 255 0 255 0 255 0 0 255 0 255 0 242 118 255
    255 0 13 0 92 255 255 255 0 255 0 255 255 0 0 0 255 0 255 255 255
    255 0 0 255 255 255 255 0 0 0 255 255 207 106 0 9 0 0 0 255 5 0 0
    255 255 0 203 0 255 39 255 187 255 255 0 255 17 0 0 0 59 255 255 0
    255 9 0 221 0 0 0 225 255 111 255 0 255 0 255 255 255 255 0 255 251
    192 0 0 115 45 0 93 5 0 255 0 255 0 6 255 255 255 132 255 0 0 0 0
    255 255 255 144 0 255 255 0 0 0 0 255 255 3 0 0 0 175 255 0 0 233
    255 255 0 84 255 255 56 0 189 240 152 255 255 255 0 255 0 255 87 0
    101 0 255 0 255 42 14 0 138 255 21 255 0 255 0 0 0 255 255 255 0 0
    255 255 146 104 0 255 0 255 0 0 255 0 25 0 89 0 255 255 255 0 255 0
    255 187 0 0 255 255 0 0 255 255 255 255 143 0 255 0 128 0 0 140 255
    255 0 0 110 18 0 32 0 255 255 255 107 255 91 0 147 255 255 255 255
    37 0 0 255 112 255 0 170 255 0 255 86 255 0 0 255 255 255 255 0 0 0
    255 86 255 255 255 255 0 0 57 255 255 0 169 0 255 255 255 255 0 253
    115 255 255 0 0 205 151 255 255 0 0 0 255 255 255 6 0 190 0 181 255
    0 255 211 0 105 65 255 255 255 0 255 255 255 250 0 26 255 255 0 255
    0 255 255 0 0 0 0 255 255 255 255 22 174 255 255 255 0 0 255 255 0
    255 0 0 0 0 0 0 255 255 72 0 0 99 0 0 104 0 255 255 255 0 0 255 255
    55 25 0 185 255 155 73 55 255 255 0 146 255 164 255 255 255 0 0 255
    0 255 255 98 0 0 255 0 0 0 255 0 190 0 0 255 255 255 0 0 2 0 143 40
    237 255 255 255 0 0 0 255 34 0 0 0 255 0 255 0 0 0 0 0 255 0 134 23
    255 0 0 65 0 255 120 255 0 255 255 0 0 0 149 255 255 255 0 255 255
    255 0 255 0 255 0 255 255 0 0 0 0 255 255 255 204 0 255 70 255 0 255
    0 255 0 52 255 255 255 235 0 0 0 255 255 255 255 255 43 0 255 170
    255 0 0 0 255 255 0 255 0 255 255 0 0 0 255 255 255 0 245 234 0 255
    0 238 89 255 214 0 139 0 0 255 255 103 0 19 255 0 130 255 0 234 0 0
    0 31 163 255 0 63 0 255 0 77 0 255 255 0 243 0 0 0 255 0 0 0 255 255
    255 255 0 0 0 255 0 255 154 113 0 0 0 255 255 0 222 0 0 255 0 255 0
    0 255 0 0 0 0 0 0 255 255 28 0 0 167 0 255 126 255 0 255 255 0 0 255
    0 255 0 240 240 0 0 0 255 58 255 119 1 255 255 0 0 243 255 255 77
    255 255 255 0 255 0 255 255 255 168 0 255 238 215 0 0 219 0 255 14
    255 255 255 179 0 0 0 0 0 196 255 225 255 0 0 0 255 225 255 255 255
    255 0 0 0 255 255 255 0 0 255 255 239 255 20 255 0 255 255 0 50 0
    255 0 255 0 199 0 0 255 197 255 0 0 0 39 255 255 194 0 0 0 203 255
    255 0 13 77 0 2 0 255 19 0 255 0 255 0 0 46 255 255 0 192 255 255 0
    200 0 0 255 245 255 0 255 255 0 255 0 0 0 255 255 221 255 0 255 255
    255 0 255 82 255 255 255 0 0 255 30 2 255 0 255 0 35 255 0 255 0 0
    120 0 0 0 255 0 255 0 251 0 0 255 0 201 0 255 0 0 0 255 255 124 148
    250 255 255 255 0 0 0 255 255 0 0 255 255 0 0 178 0 0 0 255 0 255
    255 255 0 255 29 255 255 255 0 255 0 255 175 255 0 0 255 94 0 0 209
    0 0 189 113 255 0 255 0 255 255 0 255 0 255 0 255 0 0 255 255 255 0
    0 0 255 0 255 0 255 0 255 245 0 176 0 181 37 255 255 0 0 0 37 38 0 0
    188 0 255 255 49 225 0 0 0 0 0 102 255 0 0 148 255 0 0 255 0 255 0
    255 149 0 255 38 255 255 255 0 255 255 255 0 255 0 255 0 255 157 255
    255 255 0 255 0 45 0 75 79 255 43 0 0 3 0 255 212 255 0 144 0 255 91
    0 0 0 116 255 0 255 0 255 50 255 0 0 82 0 255 0 255 0 0 255 255 255
    255 0 0 255 255 255 255 251 0 255 179 255 0 0 0 0 255 255 0 0 0 0
    255 0 85 255 213 255 0 233 0 255 255 255 255 255 62 0 255 146 0 255
    255 255 0 255 0 0 0 0 0 255 0 255 255 255 177 0 255 107 255 0 255
    255 129 255 255 255 0 0 255 255 0 0 0 255 0 0 0 255 255 255 0 0 0 17
    0 0 255 255 245 0 219 0 131 0 110 255 131 234 0 54 0 0 0 255 37 0 36
    81 255 0 255 38 255 0 0 0 0 255 0 255 255 0 0 252 0 29 255 255 255
    255 255 30 0 0 214 69 230 255 53 255 0 255 0 157 255 255 0 0 255 0
    255 0 255 255 255 31 255 221 255 0 0 185 255 255 0 189 0 248 54 255
    0 156 0 255 0 255 255 0 170 115 184 0 0 255 255 255 146 255 255 62
    141 0 0 255 255 0 26 255 0 0 255 255 0 255 0 255 69 255 1 16 255 255
    0 255 255 255 255 255 140 0 138 255 255 57 0 0 0 255 0 255 0 255 0 0
    255 74 255 0 0 0 255 0 0 0 255 255 222 0 133 109 0 255 255 255 0 255
    250 255 0 255 255 16 135 0 228 255 152 58 255 0 122 0 207 255 0 255
    255 35 0 255 0 255 29 255 0 255 36 255 255 0 255 0 255 255 255 0 0 0
    0 255 255 255 255 0 204 0 255 59 255 0 0 255 255 0 0 255 255 44 0
    255 0 211 0 0 255 0 255 255 255 87 206 0 0 0 255 0 255 96 255 152
    255 255 255 142 0 0 0 0 187 104 255 109 0 255 0 0 255 255 255 203 0
    0 180 255 255 255 26 255 61 255 0 0 255 0 0 255 255 255 0 0 255 0
    255 255 255 0 0 0 255 255 255 255 0 0 255 0 255 162 0 193 241 255 0
    0 0 255 0 0 143 255 48 157 255 255 255 0 255 0 0 0 0 255 255 0 255 0
    0 0 0 255 0 0 0 0 255 255 59 0 0 255 0 255 0 0 255 0 255 166 81 255
    50 255 0 0 255 148 0 0 255 0 255 113 0 255 186 176 0 174 0 255 0 0 0
    255 255 255 235 0 53 0 255 255 255 255 0 236 0 0 164 255 0 0 0 154
    255 255 255 0 0 255 255 255 0 255 0 0 0 255 255 169 255 0 0 255 255
    0 0 115 222 198 149 0 0 255 0 0 103 0 255 255 172 255 255 61 255 0
    159 0 255 0 255 0 109 0 234 0 0 10 39 169 255 0 0 255 255 0 255 255
    194 0 0 255 255 14 0 0 255 255 255 255 0 0 255 255 140 255 0 255 57
    255 0 255 141 0 0 0 161 255 255 36 0 0 94 255 255 73 0 0 255 0 170
    188 255 167 0 174 0 255 255 255 0 0 255 113 255 255 0 0 0 183 204
    255 255 0 0 255 112 255 179 255 255 255 255 0 0 0 255 0 255 255 255
    255 0 255 0 255 0 255 255 0 211 5 0 0 209 0 0 255 0 255 0 28 147 255
    255 0 0 0 255 0 0 0 255 214 255 0 0 255 255 255 255 222 0 0 255 255
    50 255 51 0 255 0 255 0 0 186 0 255 0 255 0 220 255 255 255 0 0 183
    255 255 0 0 255 0 167 0 255 0 255 0 0 193 255 255 255 0 255 0 255
    241 255 255 226 255 255 109 0 0 0 255 255 255 23 0 255 255 140 239
    160 255 0 0 171 0 255 255 58 0 0 205 0 255 0 0 0 255 0 255 149 0 0
    255 0 255 0 255 0 0 255 255 255 0 255 0 255 57 164 255 0 255 0 255 0
    248 255 0 0 0 255 206 255 0 255 0 86 255 255 0 235 0 63 0 255 255 0
    255 0 255 255 0 255 0 255 0 0 255 255 255 0 0 0 0 0 255 255 255 188
    0 0 22 255 255 100 255 255 0 0 0 255 255 0 255 236 255 72 0 255 255
    255 255 0 0 54 0 0 0 255 255 0 255 71 116 255 255 255 0 255 255 0
    255 0 0 0 0 255 0 250 0 255 0 0 0 0 22 0 255 0 198 0 29 255 255 0 0
    0 0 255 0 255 0 0 0 255 255 255 0 0 0 0 217 255 255 255 0 0 255 0
    255 0 255 255 6 255 189 107 255 255 255 255 74 0 161 133 253 67 255
    0 255 0 255 0 0 0 102 2 255 255 255 255 255 255 0 255 0 0 0 255 255
    0 0 0 0 255 95 215 0 150 255 255 0 0 0 255 0 0 244 227 255 255 0 0 0
    0 0 239 255 255 8 0 0 255 0 0 255 0 255 0 255 255 255 255 0 0 0 71 0
    255 0 0 255 0 255 255 4 0 15 0 0 255 255 81 76 0 0 0 0 255 168 255 0
    174 0 255 255 0 0 12 0 255 0 255 0 0 0 255 255 198 255 0 173 176 181
    255 0 0 255 255 72 0 0 0 255 0 255 0 255 107 255 112 177 0 0 4 0 255
    255 255 0 0 0 255 255 218 255 0 0 255 0 0 35 143 255 0 255 255 255
    255 255 0 0 107 255 0 0 210 78 255 255 255 0 255 0 0 255 0 255 0 255
    255 255 255 0 37 0 0 255 255 255 255 234 0 255 0 255 0 0 63 255 255
    255 0 37 0 255 255 255 255 255 75 0 181 255 0 255 0 255 30 0 255 255
    0 123 255 0 255 255 0 0 0 0 62 255 255 230 0 0 255 0 54 0 255 255 0
    0 0 0 255 255 112 255 255 255 0 0 215 255 255 0 0 0 0 255 255 0 255
    255 0 0 0 255 255 255 0 0 255 255 255 150 110 0 255 255 255 0 85 0
    255 0 255 0 255 255 255 0 0 58 255 255 255 0 0 0 255 0 255 255 255
    255 255 255 0 45 0 255 255 255 0 200 86 0 255 0 254 255 255 136 0 0
    0 255 255 106 0 255 0 255 114 0 255 0 255 0 134 255 178 255 0 0 255
    0 0 255 0 255 0 255 0 0 0 0 255 76 255 0 255 255 255 0 0 255 255 255
    0 255 37 255 255 0 0 0 255 255 255 0 255 0 0 0 255 255 0 100 255 148
    0 0 0 255 0 0 255 0 255 255 255 255 0 0 255 0 255 0 255 0 0 255 255
    255 255 255 0 255 227 0 57 255 255 0 0 0 255 255 0 0 0 0 255 255 255
    0 0 0 255 255 141 15 255 0 0 255 255 255 255 255 0 198 0 236 0 0 255
    250 0 0 255 0 197 0 252 0 0 255 255 255 0 0 0 192 255 255 0 0 0 255
    255 57 0 255 255 255 255 255 104 215 0 0 0 0 162 0 0 0 0 255 255 165
    255 0 0 255 255 255 255 138 232 0 0 0 255 255 255 255 0 226 255 255
    0 0 0 202 255 255 255 0 69 255 96 255 0 0 255 0 255 236 0 48 164 0
    170 161 255 0 0 255 2 255 0 255 0 0 0 31 140 255 255 119 0 145 44 39
    255 255 23 0 255 255 255 255 255 0 255 255 0 0 255 0 255 0 255 0 255
    255 173 255 0 72 0 255 0 255 0 255 255 0 0 0 255 0 60 0 255 255 255
    0 0 0 255 2 0 0 0 37 0 0 255 255 0 0 255 0 255 255 255 36 255 231 0
    255 153 255 184 255 0 71 0 255 255 255 255 255 255 255 0 0 255 255
    255 255 0 0 255 198 0 0 105 255 255 0 59 0 255 255 0 255 255 0 0 34
    255 255 0 168 255 255 0 40 255 255 255 255 202 0 0 0 255 255 255 255
    179 16 0 0 71 255 180 255 0 255 152 0 0 255 255 0 64 0 255 214 0 13
    255 255 255 255 0 255 0 0 0 0 255 94 0 255 0 146 0 255 0 208 0 0 255
    0 255 255 255 0 0 0 0 155 255 255 255 219 0 0 255 255 0 64 255 0 255
    0 0 0 255 255 173 0 121 0 255 255 5 0 0 255 255 1 0 0 0 0 255 193 0
    0 0 0 157 255 255 0 0 0 255 210 40 7 200 0 0 255 0 178 243 255 255
    118 0 0 255 255 255 255 0 0 74 0 255 66 69 0 255 0 255 0 255 255 0
    255 0 255 0 0 0 0 96 255 255 255 0 255 0 255 0 31 0 0 0 255 0 255 0
    255 0 255 0 255 255 0 30 255 255 255 255 255 0 0 0 255 0 0 0 255 255
    0 0 0 255 255 0 0 255 255 231 0 0 255 255 0 0 0 0 255 255 255 0 255
    0 255 0 255 170 255 0 255 0 0 0 255 0 255 255 0 78 255 255 2 0 193
    255 0 24 0 0 0 255 0 0 0 0 0 0 0 255 0 255 255 111 0 255 0 0 0 0 255
    227 255 81 137 221 0 22 0 0 255 255 30 0 0 255 0 0 62 255 255 0 255
    0 255 0 53 0 255 255 255 0 255 255 255 255 211 0 0 255 245 233 0 0 0
    253 255 0 255 0 255 0 255 0 255 0 255 255 126 0 167 0 0 255 255 212
    0 0 255 0 0 133 0 255 255 0 0 0 109 255 235 255 0 255 0 0 175 255 0
    0 50 229 140 32 0 255 83 0 0 0 245 255 255 39 0 0 0 255 255 255 0 0
    171 255 0 0 64 0 255 0 210 0 223 0 77 0 164 255 255 0 0 241 255 0 0
    255 0 0 255 0 255 5 255 0 0 0 255 255 255 255 247 0 0 255 90 112 0
    255 255 255 255 0 177 0 181 255 255 0 255 255 255 255 0 0 0 0 0 0
    255 255 255 0 255 0 255 0 255 0 0 255 251 79 0 0 255 0 0 0 255 255
    255 255 0 255 255 255 156 16 132 255 255 141 0 255 0 0 0 255 255 255
    255 255 0 0 0 255 255 255 0 24 123 160 0 255 255 255 204 19 0 255 0
    255 43 0 226 0 0 0 255 0 255 238 255 211 255 0 133 0 255 70 117 0 33
    0 255 0 0 244 185 193 255 255 255 255 0 228 0 0 255 255 255 255 255
    36 255 0 200 0 255 255 255 255 0 255 0 255 0 255 0 0 225 255 255 0
    255 255 255 0 0 0 0 255 165 255 0 0 0 255 255 255 0 0 0 255 182 64 0
    0 0 255 255 0 0 229 255 255 255 143 0 0 149 255 255 255 0 0 0 0 255
    255 255 0 0 9 77 0 0 255 148 0 0 255 255 255 0 255 0 255 0 255 209 0
    0 212 0 255 0 0 255 0 0 0 0 0 0 255 0 255 0 24 0 255 16 255 0 142 92
    0 255 0 203 0 255 0 255 255 255 0 23 0 0 255 0 255 0 255 0 181 164
    255 128 255 255 14 255 0 0 0 255 84 0 0 137 22 255 0 0 0 0 255 255
    255 165 0 0 0 245 0 255 255 0 255 11 255 0 255 0 255 255 67 0 0 255
    31 255 0 255 255 0 0 0 255 0 199 0 255 0 0 255 255 0 255 0 255 0 0 0
    255 255 91 255 255 255 0 255 0 148 255 148 255 57 3 134 255 189 0 0
    0 255 255 255 40 242 43 215 255 0 238 0 255 28 255 0 255 119 255 0 0
    255 251 24 0 255 0 0 82 255 255 223 0 0 71 0 255 60 0 103 0 255 0
    255 0 61 0 255 255 0 0 255 255 255 0 0 0 0 0 255 255 255 255 0 0 115
    0 0 255 108 0 31 255 255 0 255 0 255 255 255 255 95 0 0 0 255 255
    255 0 0 0 255 207 168 255 24 255 0 61 0 255 255 213 0 0 249 255 85
    255 255 47 0 255 255 255 0 70 0 0 0 255 0 255 0 0 0 84 255 255 255 0
    28 138 134 255 0 255 255 174 0 0 255 0 111 255 0 83 82 255 100 255 0
    255 0 255 255 0 255 255 239 255 0 0 255 255 206 255 0 255 0 255 0
    255 255 255 0 192 0 0 41 0 80 0 255 0 27 255 255 0 255 0 255 38 255
    0 0 0 255 243 255 255 255 0 255 133 255 255 9 255 0 0 0 255 184 72 0
    255 184 0 0 0 255 255 0 23 0 255 255 0 0 0 0 0 136 255 54 0 255 255
    255 60 255 0 211 0 255 0 49 0 255 255 0 0 0 255 0 154 0 0 0 0 171
    255 255 185 255 0 231 0 255 144 0 0 255 0 0 72 255 255 255 0 0 255 0
    255 0 0 0 255 222 255 0 255 0 0 0 255 224 255 255 0 0 0 255 203 255
    255 242 0 0 0 0 113 255 255 0 255 0 0 255 255 234 255 0 255 237 187
    0 0 255 255 211 0 0 255 0 255 0 255 255 0 0 189 255 0 75 255 0 0 0 0
    77 0 255 255 255 255 0 64 0 105 0 103 255 255 255 0 9 0 0 0 255 88
    255 0 255 68 0 0 0 255 255 255 255 0 0 0 255 230 0 0 0 129 49 59 0
    178 255 255 255 255 0 255 255 173 0 255 255 255 0 0 41 255 23 151 0
    23 24 0 0 255 255 117 0 255 255 43 146 255 255 0 205 255 0 255 255 0
    0 0 0 255 86 248 63 0 255 0 255 9 255 0 255 0 0 0 35 255 0 88 0 255
    255 0 255 0 255 0 0 255 255 0 61 0 255 117 0 255 0 0 0 114 177 0 255
    0 255 0 255 0 255 26 105 0 0 0 255 255 0 0 0 255 255 0 22 255 0 255
    114 0 0 255 0 255 0 0 0 0 0 0 255 69 0 226 255 255 0 0 255 255 0 0 0
    0 255 0 0 0 255 255 255 0 0 7 0 0 255 2 255 184 0 0 0 255 255 255
    255 0 255 255 255 213 0 0 234 255 0 170 31 42 0 255 255 255 255 72 0
    255 193 153 148 0 255 255 0 0 255 255 255 0 0 0 255 204 0 255 255 0
    255 0 255 0 0 255 52 255 3 255 255 255 255 0 0 255 139 15 0 227 255
    0 0 255 255 119 255 0 118 76 54 0 0 0 255 255 63 255 0 0 93 255 255
    151 172 255 168 0 255 0 255 255 255 0 255 0 250 101 0 245 0 255 0
    255 0 0 0 255 255 0 0 173 255 65 21 0 255 0 0 0 255 255 250 0 255 0
    150 255 255 106 255 56 0 57 234 255 0 255 255 53 255 243 255 0 0 71
    255 0 255 0 145 151 255 0 0 0 0 210 132 255 255 45 0 226 32 255 0 0
    0 238 68 58 0 0 255 255 0 0 76 255 0 255 0 255 115 0 255 164 0 0 255
    255 0 255 36 255 252 255 0 110 203 0 0 0 255 255 255 0 70 0 255 255
    255 0 0 255 255 0 0 21 0 0 255 0 255 255 255 0 0 0 255 24 173 0 0
    255 183 255 255 0 255 255 173 255 76 0 255 0 0 255 255 0 255 44 0
    255 179 0 0 103 0 83 255 255 255 0 144 0 255 255 0 0 0 75 255 12 0 0
    255 255 0 255 0 0 0 255 0 255 0 255 255 255 80 0 122 255 0 26 0 0
    173 255 255 198 0 255 0 206 255 0 255 0 235 255 255 255 219 26 0 255
    0 255 0 222 255 255 255 202 103 255 255 255 0 0 0 255 255 255 0 0 0
    134 255 159 0 0 58 0 0 45 255 255 0 255 49 0 255 0 255 0 133 0 255 0
    255 255 0 0 0 89 255 255 255 237 0 0 0 255 255 255 255 0 0 0 71 0
    255 136 255 255 156 255 0 255 0 255 0 78 125 255 0 255 0 255 255 255
    43 0 0 255 0 0 0 255 0 0 0 255 0 0 254 255 255 255 255 0 0 152 255 0
    0 255 0 11 255 255 255 0 0 255 255 255 0 255 255 0 0 55 0 0 0 255
    255 255 17 255 0 216 255 255 0 0 0 255 205 0 255 107 255 0 0 255 255
    175 230 255 0 255 60 0 192 0 255 0 255 255 255 0 255 0 255 255 255 0
    255 255 255 138 0 156 255 255 255 0 0 142 243 255 255 255 0 255 0
    225 0 12 255 105 255 0 255 0 255 232 255 255 151 0 0 0 245 255 255 0
    255 144 255 0 0 0 0 0 0 255 255 255 193 0 255 150 255 0 3 255 0 0 0
    0 255 255 255 0 255 0 53 0 255 0 255 0 255 0 255 255 255 255 0 255 0
    212 255 82 201 255 255 0 255 255 0 0 0 0 255 0 0 21 0 130 0 255 255
    255 255 0 255 0 255 255 0 255 0 0 0 0 0 0 255 255 255 0 255 255 255
    0 0 0 0 255 255 255 0 0 0 255 255 0 0 255 108 0 0 255 185 255 255 0
    0 255 255 255 255 0 255 0 255 0 0 255 255 255 0 0 0 22 255 0 0 255
    255 0 138 0 255 177 255 255 0 173 255 255 0 255 22 255 168 0 222 0
    251 0 0 255 255 255 166 0 0 0 153 255 0 255 0 0 255 255 0 0 255 144
    255 82 0 255 255 0 162 255 255 255 0 0 255 255 255 255 30 255 0 255
    0 255 0 0 221 255 255 255 0 15 6 255 255 249 0 255 255 255 0 0 6 220
    0 196 74 255 0 0 0 0 255 255 255 0 0 26 255 255 255 0 0 0 0 255 255
    0 255 0 255 29 0 0 72 0 0 255 251 195 0 255 0 255 251 0 255 0 0 166
    255 255 255 255 149 0 0 0 245 255 0 255 255 255 255 0 125 255 242 13
    0 141 0 255 255 255 0 0 0 255 0 182 73 0 174 255 0 255 255 0 255 0
    255 255 98 0 255 0 0 255 0 255 181 255 0 255 0 0 106 194 0 0 255 255
    255 255 31 113 0 0 0 255 255 0 218 255 24 103 102 255 103 255 0 255
    91 63 195 0 255 255 255 0 255 13 255 0 0 0 0 171 96 0 255 255 255 0
    255 0 255 0 255 255 255 0 255 81 0 255 255 255 255 0 231 255 255 25
    255 0 255 0 255 0 255 0 255 0 255 255 0 0 0 255 0 62 0 79 255 0 255
    255 255 255 0 0 0 255 0 255 155 255 101 0 255 0 255 0 31 0 255 0 255
    0 106 18 255 0 0 255 75 255 0 214 240 255 216 255 0 160 255 255 255
    255 255 0 151 0 249 0 167 155 29 46 255 80 0 0 0 255 255 255 0 0 0 0
    255 255 0 0 154 255 14 255 255 255 255 255 255 255 0 0 255 255 255 0
    0 255 0 255 0 98 255 0 0 0 255 255 255 255 0 0 0 0 255 219 255 255
    255 255 255 0 0 0 255 255 188 255 0 0 0 255 255 0 255 0 255 193 255
    108 255 185 57 255 255 0 0 54 255 255 255 0 255 0 149 36 0 0 0 255 0
    255 158 0 220 0 255 255 255 74 255 0 255 0 189 0 0 192 255 255 91 0
    0 244 239 255 197 255 0 255 0 220 0 255 0 255 255 0 0 0 255 80 0 0 0
    255 0 255 255 255 0 0 0 0 255 255 85 249 0 0 255 0 0 0 255 0 0 180
    255 0 0 0 255 255 255 255 0 0 124 255 0 96 255 0 0 0 255 255 255 222
    255 0 0 0 124 87 0 255 255 255 0 255 255 0 127 0 0 255 255 255 0 93
    255 0 0 0 255 255 255 0 255 255 206 255 255 65 78 0 255 255 255 0 0
    0 255 105 255 255 0 255 0 255 156 0 0 0 255 255 255 0 0 255 18 255
    255 255 255 0 230 0 80 255 255 0 0 0 0 0 243 255 255 104 110 0 255
    255 255 0 0 255 255 255 255 0 100 0 59 0 255 0 255 0 0 0 255 0 188 0
    53 255 255 255 0 0 68 255 72 199 0 126 157 0 0 255 202 0 0 0 255 255
    255 0 30 0 255 0 0 0 255 118 122 115 0 255 8 255 255 255 0 255 255
    255 0 0 5 0 255 0 255 255 255 0 0 0 0 255 255 72 0 255 255 255 255
    255 0 56 255 255 111 214 255 255 255 0 255 255 255 251 0 166 0 0 255
    0 255 0 226 0 255 255 34 255 115 255 0 0 255 255 227 0 0 0 255 164
    74 0 255 255 0 0 255 255 255 255 0 0 111 137 255 255 255 0 0 255 46
    0 0 255 255 255 0 0 255 0 255 255 0 0 0 255 200 9 255 255 176 0 0 0
    122 255 255 33 0 0 255 0 0 236 255 197 255 255 255 0 0 107 255 255
    255 255 255 255 255 0 0 255 0 126 255 0 110 0 255 255 49 0 0 255 255
    0 255 78 255 0 0 0 0 255 0 255 255 0 0 154 255 255 255 0 255 0 255 0
    255 255 0 255 255 255 0 53 255 172 0 93 255 255 89 255 255 173 0 0
    255 150 139 0 215 3 255 0 0 168 133 255 0 0 255 255 0 0 0 131 255 0
    204 0 0 181 0 255 255 255 0 0 0 255 223 255 255 0 255 232 0 0 255 59
    36 13 0 255 255 152 0 0 0 199 146 79 0 0 165 0 255 89 255 0 255 0 85
    0 255 77 255 255 223 252 255 255 0 0 0 255 0 147 155 0 0 255 108 0
    129 0 255 239 255 0 255 0 96 255 255 255 0 0 68 229 0 171 255 226
    255 0 208 255 0 0 255 56 0 0 255 66 0 0 255 255 0 0 0 0 255 255 255
    0 0 0 0 255 255 0 0 255 255 0 0 0 0 0 145 159 255 0 0 0 255 207 255
    0 84 55 0 0 0 0 255 0 255 255 0 0 0 255 0 255 0 255 0 0 255 0 241 0
    54 0 127 0 0 0 255 255 255 0 255 0 0 0 16 60 255 255 255 255 0 12 0
    48 255 255 255 255 0 34 11 255 255 255 0 242 0 0 255 0 223 33 255 0
    32 0 247 255 97 0 255 255 255 0 0 255 156 12 0 0 254 255 255 0 0 0
    255 255 255 255 112 0 0 0 255 17 255 81 255 0 0 0 0 0 125 0 255 0
    255 55 255 255 255 0 255 255 255 0 0 0 255 255 0 255 255 22 255 0 64
    217 255 216 255 0 255 0 130 0 255 0 0 70 255 105 255 0 255 0 255 251
    124 255 0 255 26 255 0 255 0 255 0 255 255 0 17 0 0 0 234 0 255 255
    0 255 78 0 0 30 255 129 0 0 255 0 240 0 255 0 0 2 255 255 255 0 128
    0 255 255 0 255 0 255 6 0 255 251 88 255 0 0 205 255 0 0 255 255 255
    0 117 255 255 255 0 255 0 255 0 255 131 255 255 0 255 241 0 255 0 0
    0 166 24 255 255 255 40 0 255 255 255 0 255 0 0 255 255 0 255 240
    255 0 255 255 0 255 0 255 0 255 255 255 0 0 0 255 0 255 255 0 0 255
    27 0 255 0 26 0 255 255 0 255 255 255 0 0 0 255 255 127 0 125 0 0 0
    0 0 255 0 255 206 255 0 0 237 0 255 255 255 43 140 255 0 255 106 255
    0 255 0 0 255 75 255 0 0 0 0 255 0 255 0 255 255 255 238 0 255 0 81
    215 244 255 0 0 0 191 0 0 255 255 38 210 200 49 255 0 255 64 5 237 0
    0 0 92 169 255 255 255 255 90 88 0 0 255 0 0 207 255 255 255 255 245
    45 222 0 255 255 149 0 255 0 255 0 255 255 195 255 255 255 0 112 0 0
    255 0 0 148 0 0 255 255 255 0 0 83 255 180 0 40 210 255 255 255 214
    178 0 255 0 255 0 0 0 255 255 255 255 0 0 0 255 0 255 255 0 172 0
    255 25 0 0 0 28 79 255 255 0 0 0 255 0 255 0 0 114 255 255 12 255
    255 190 255 255 255 0 200 0 0 255 30 255 0 0 0 255 0 0 0 255 74 255
    0 0 0 255 255 255 0 56 255 255 0 0 0 255 0 255 6 255 0 0 255 246 77
    0 255 255 255 255 255 255 0 0 241 255 210 255 135 0 1 0 255 48 255
    133 13 0 0 0 0 0 255 255 255 0 0 255 0 88 0 255 255 255 248 12 0 0
    135 255 0 0 0 255 255 255 157 0 255 42 0 255 255 0 0 13 221 255 0 81
    0 255 0 0 255 0 255 18 255 255 0 0 0 255 186 0 79 47 255 0 0 0 0 0 0
    255 255 255 255 0 155 255 92 255 43 0 0 0 255 255 229 255 0 255 167
    255 0 104 0 255 0 0 0 0 255 0 0 0 0 252 0 0 202 255 0 212 0 255 0
    255 0 34 0 0 255 1 0 255 255 255 6 0 0 0 0 255 0 255 0 255 0 255 0 0
    0 255 255 255 0 245 255 0 0 255 0 255 255 255 255 255 255 255 0 0 62
    0 255 0 255 0 255 0 0 0 0 255 255 255 255 0 183 155 255 0 255 0 0 0
    255 255 239 60 255 255 255 0 0 0 255 255 0 0 0 0 255 255 255 236 0
    175 255 255 255 0 255 0 0 0 102 0 255 0 255 0 255 0 249 255 255 190
    47 255 0 60 72 255 0 0 255 202 0 50 203 0 145 0 232 255 255 255 255
    0 255 0 141 0 199 0 255 255 0 255 59 255 255 0 0 0 255 255 208 0 255
    0 255 255 255 0 0 0 255 255 72 2 0 0 0 0 255 255 255 0 0 255 0 255 0
    255 255 255 0 103 0 255 0 255 255 0 255 0 255 255 255 220 255 94 146
    0 255 0 255 0 0 208 255 0 0 0 0 0 189 255 255 255 0 255 0 0 255 255
    111 0 0 255 255 255 255 255 105 255 0 255 255 255 0 0 0 255 255 255
    255 255 0 255 0 255 0 255 71 255 0 255 255 0 0 140 255 255 0 255 255
    255 255 23 0 255 0 255 0 0 0 255 255 0 0 247 0 0 24 255 0 255 255
    152 255 0 0 0 255 121 255 255 255 0 255 0 255 255 255 255 0 0 74 102
    255 255 38 168 0 0 255 191 255 147 0 0 0 255 255 255 0 7 0 65 255
    255 0 255 255 0 24 0 255 110 255 0 255 255 0 255 0 129 255 255 89 0
    255 0 255 16 255 0 255 0 255 248 255 255 255 0 0 9 255 255 0 0 0 77
    0 0 0 255 0 255 94 0 255 0 112 133 255 217 255 255 255 0 0 255 0 255
    255 255 255 174 0 53 2 255 137 0 73 255 0 206 0 0 0 255 144 255 0
    123 0 255 255 255 4 255 248 255 0 0 0 0 255 114 255 0 0 0 0 255 255
    255 244 255 100 255 255 0 159 0 255 121 255 32 14 255 255 228 0 0
    149 0 255 255 0 0 0 88 107 255 255 255 53 255 91 255 25 0 0 255 255
    255 255 0 0 0 255 197 0 0 255 255 0 0 255 198 255 255 0 0 0 255 255
    255 0 255 0 0 13 0 0 0 255 0 0 255 0 0 0 255 255 0 0 0 255 0 0 255
    118 0 0 255 255 255 0 255 150 0 255 0 0 255 255 255 255 0 125 124 0
    0 255 255 0 0 0 255 224 255 255 0 146 255 255 148 96 255 118 255 219
    255 0 0 0 255 255 255 255 255 0 171 255 255 0 0 255 0 0 30 255 255
    255 255 0 0 0 255 103 53 255 0 255 0 0 22 0 255 255 0 252 0 213 0
    255 26 255 0 53 255 255 87 255 255 0 0 255 0 255 0 0 255 255 255 0
    255 0 255 0 255 0 0 0 255 0 255 255 0 0 0 255 255 0 255 0 255 0 0 0
    86 255 255 0 0 0 255 0 255 0 255 0 0 255 255 0 0 255 255 255 216 0 0
    0 255 255 0 74 0 0 240 255 255 15 0 255 255 255 0 255 0 255 0 255 0
    0 3 255 255 0 0 0 255 0 255 0 255 0 101 0 0 255 255 0 255 0 21 255
    255 255 255 255 255 255 255 0 255 172 167 0 0 0 236 255 225 255 0 7
    0 0 35 255 255 0 147 255 26 255 255 255 255 255 255 0 0 0 0 255 255
    255 255 0 255 0 255 0 255 255 255 255 32 0 255 0 255 80 40 255 195 0
    255 0 255 27 38 255 255 0 0 0 0 255 255 255 0 116 164 255 192 0 103
    255 70 0 255 43 194 0 0 255 255 255 245 255 255 0 0 0 0 0 255 255 0
    255 210 0 255 255 255 0 0 255 255 80 0 255 255 0 0 0 255 0 0 130 255
    0 0 255 0 255 255 0 218 0 255 0 0 0 0 199 209 0 255 255 255 255 0 0
    255 0 0 32 255 134 0 0 0 168 255 0 0 132 83 221 0 255 255 15 0 255
    255 119 153 255 0 0 0 0 0 255 255 220 255 130 0 0 255 255 0 0 0 255
    255 0 185 0 45 83 0 255 255 255 0 255 41 171 0 0 255 255 0 0 0 0 0
    255 255 32 0 0 255 255 0 0 30 173 255 255 225 255 255 255 255 0 255
    255 255 0 0 39 255 144 0 0 83 0 255 0 255 255 113 0 0 0 255 255 255
    71 0 0 0 255 0 0 0 255 255 0 162 0 77 255 0 165 0 132 0 0 255 0 255
    255 255 255 13 121 255 68 0 0 0 255 255 255 255 255 0 0 5 32 0 0 0
    255 0 255 0 131 0 167 0 0 140 255 255 255 0 255 255 255 0 0 0 0 0
    255 0 0 0 255 255 0 255 0 51 0 255 255 228 0 255 0 255 0 0 255 0 131
    0 255 0 0 0 0 255 0 255 255 0 0 0 255 255 255 229 0 0 0 255 255 0 35
    255 0 79 255 0 255 0 0 255 255 255 0 255 231 25 255 255 0 0 0 0 0 0
    9 255 255 195 255 0 0 0 83 0 0 0 255 255 255 0 0 14 208 0 0 118 255
    255 0 255 255 255 255 255 255 255 214 0 255 255 0 0 0 255 255 0 0
    255 0 0 167 255 83 255 71 0 0 255 255 255 0 0 0 255 255 0 0 0 218
    255 255 0 0 0 162 253 255 187 255 239 0 255 255 255 0 0 255 255 0 0
    0 59 197 192 255 0 0 255 88 0 255 255 59 0 0 255 0 0 0 255 73 255 0
    255 0 255 0 0 0 255 255 21 0 170 255 0 182 0 255 0 0 0 0 255 213 255
    255 0 129 255 255 255 0 217 255 255 255 0 0 0 255 0 0 0 255 255 255
    174 0 255 255 255 33 255 255 0 0 0 255 0 0 0 0 255 0 255 157 255 255
    255 0 32 255 0 0 125 255 255 0 255 255 255 0 255 0 255 0 255 255 0
    167 255 255 0 0 245 255 0 0 0 0 0 255 0 255 0 255 255 0 255 0 0 0
    255 0 0 143 254 255 167 33 255 88 0 0 0 255 0 0 110 112 255 255 255
    0 21 0 0 0 255 0 255 255 255 255 255 0 255 0 255 255 155 104 255 0
    255 0 0 0 255 0 0 255 255 0 156 99 255 89 117 198 0 255 0 255 0 107
    0 0 255 0 0 0 81 0 255 97 255 212 147 236 0 0 0 255 255 255 255 0
    255 0 255 62 255 0 0 255 0 255 0 255 0 0 255 255 255 157 0 0 251 134
    144 236 252 255 137 255 174 0 0 93 255 0 255 0 0 0 255 90 255 0 0 95
    255 218 255 255 255 110 43 0 0 0 199 0 255 255 255 0 0 255 255 89
    174 0 0 137 0 0 255 255 0 255 0 130 0 255 255 255 181 255 0 255 0
    255 255 255 0 0 0 255 255 255 255 0 0 0 255 255 0 255 255 255 255 0
    143 0 93 255 255 255 96 255 0 0 0 0 63 255 14 255 0 255 0 6 255 255
    255 0 0 93 255 0 0 0 255 5 255 0 70 0 255 255 73 0 0 0 0 66 255 255
    176 0 26 0 184 0 255 255 197 0 0 255 77 255 255 67 0 0 242 0 255 255
    255 0 0 103 255 150 255 0 255 0 160 255 41 255 0 189 0 255 78 255 0
    0 0 255 0 0 0 0 255 255 255 124 0 235 255 255 0 211 255 0 0 0 0 255
    255 255 0 0 151 0 255 0 213 255 255 255 0 255 0 255 0 0 255 255 0 27
    255 0 6 61 170 255 182 0 255 255 55 0 0 18 255 0 255 255 255 0 0 255
    0 0 255 0 255 193 47 117 0 0 0 0 0 255 255 0 0 253 255 255 255 42 0
    0 37 221 0 255 0 255 75 255 255 254 0 0 255 0 0 114 255 0 255 0 47
    255 255 0 127 255 37 255 25 0 255 0 0 255 51 255 0 0 0 255 255 255
    255 0 0 62 255 255 255 255 0 255 0 83 193 0 255 106 102 255 64 255 0
    255 255 255 255 157 255 255 255 0 0 0 111 255 122 0 255 255 0 0 0 0
    189 0 255 0 255 255 255 0 210 0 255 79 0 255 255 255 0 0 0 255 160
    255 0 171 174 255 255 255 0 0 0 255 0 255 97 255 0 0 0 0 123 230 255
    93 0 255 255 0 0 172 218 255 0 0 153 0 255 255 255 0 0 255 237 255
    255 0 0 255 255 255 0 0 255 255 255 255 255 255 0 136 0 0 0 248 0
    255 0 0 0 255 255 0 255 0 255 0 83 0 0 0 255 255 255 0 0 0 255 255
    255 255 255 0 255 57 255 70 22 255 0 0 0 211 255 0 255 255 255 255 0
    255 0 255 0 255 255 0 0 11 255 0 255 0 133 0 0 255 255 255 255 0 79
    0 255 0 255 0 255 0 255 0 255 0 255 255 0 0 0 0 255 0 184 255 255
    255 0 0 0 255 216 255 0 255 255 25 255 255 0 255 221 0 175 138 0 255
    105 255 255 0 255 0 255 0 0 191 0 0 0 255 0 0 86 199 255 255 255 0
    116 236 0 255 37 255 0 0 0 255 22 255 0 193 220 255 209 0 0 255 255
    255 255 0 0 255 2 109 0 255 0 179 0 0 255 28 255 0 255 255 219 0 255
    255 255 0 255 255 249 51 0 11 0 255 251 0 255 255 226 0 139 255 0
    226 0 255 255 255 255 0 0 255 255 255 0 58 45 255 255 0 0 0 255 29
    255 255 255 0 255 0 0 0 83 0 255 49 255 255 255 0 0 255 255 255 0
    255 255 248 0 126 255 249 255 0 134 145 255 255 57 2 255 255 0 255 0
    0 255 255 0 255 0 255 7 255 255 0 0 0 255 255 255 255 0 255 193 0 0
    255 79 255 194 255 255 0 0 0 255 255 255 255 139 255 0 255 255 255 0
    255 0 0 0 0 0 0 230 255 255 255 0 42 0 47 0 255 255 255 0 0 255 0
    140 0 255 0 0 0 255 255 255 0 0 255 255 169 0 255 0 197 255 0 174
    255 219 255 255 0 132 83 0 255 255 0 0 255 0 255 0 133 0 0 255 255
    255 255 255 255 0 255 255 255 0 255 0 255 188 0 0 0 255 0 255 143
    253 255 152 0 60 182 255 0 175 239 255 0 0 0 0 255 177 0 0 0 255 0
    255 0 255 255 0 255 0 255 0 150 0 181 255 0 255 255 55 0 255 255 255
    255 0 0 255 255 255 0 255 0 143 0 255 255 255 255 0 0 0 255 255 255
    0 125 255 0 255 0 255 255 255 0 255 0 255 255 255 229 255 255 255 0
    0 255 103 63 35 0 255 255 255 0 255 0 106 0 255 255 255 0 69 255 0
    255 187 255 0 0 0 0 255 0 255 255 247 0 255 255 0 0 0 255 255 96 0
    28 0 255 0 255 255 0 255 0 255 220 0 255 255 0 0 0 255 255 255 0 255
    0 255 0 255 255 255 255 0 255 0 0 0 18 255 176 0 255 0 0 238 181 255
    255 0 0 255 0 255 0 2 156 255 0 44 0 160 255 255 255 255 0 0 135 255
    153 0 255 0 0 0 255 255 0 0 0 255 255 255 0 0 197 0 0 255 0 255 255
    163 255 0 0 0 130 0 0 0 64 255 255 0 255 0 255 0 255 0 255 0 0 0 0
    194 81 255 0 255 84 0 0 0 255 17 0 0 255 255 255 255 0 0 255 255 255
    0 0 0 0 255 255 219 247 0 30 140 26 49 0 255 0 0 255 0 0 0 71 0 166
    0 255 0 0 255 0 255 0 0 0 255 0 255 0 0 231 0 255 0 113 65 255 115
    86 255 0 197 0 212 0 255 255 255 0 0 0 255 255 255 0 0 0 255 0 255 0
    255 0 255 0 0 255 255 255 114 255 99 0 255 142 255 39 0 144 14 0 0
    255 255 255 0 255 255 195 0 0 0 255 121 255 0 233 255 34 255 202 0
    255 0 145 0 255 0 0 0 255 0 255 255 139 0 0 255 255 255 255 0 0 255
    255 0 255 0 0 18 0 0 0 255 255 255 0 143 0 0 49 0 255 255 255 29 0
    255 255 255 212 255 0 0 0 0 255 255 0 0 0 0 0 255 216 205 255 255
    255 0 255 0 255 0 255 255 255 64 255 0 235 0 231 0 0 255 255 255 255
    0 119 0 0 255 255 32 255 0 255 0 0 245 37 255 219 255 255 255 0 0 0
    74 255 0 255 252 255 0 239 255 255 255 0 0 255 245 255 136 255 0 255
    173 0 255 255 255 255 94 255 209 255 0 0 0 2 0 233 255 31 0 255 255
    255 0 0 255 0 255 0 0 255 255 255 0 255 255 157 59 0 78 0 255 255
    255 255 42 0 255 0 0 176 255 0 255 0 86 0 0 255 255 255 0 6 111 255
    0 255 0 255 255 255 0 0 199 0 0 0 255 255 255 0 0 0 255 255 0 0 255
    0 99 255 255 233 0 165 0 255 131 255 0 0 255 255 0 255 255 0 255 47
    0 0 255 0 0 0 255 0 255 0 255 0 0 0 255 255 0 255 0 123 0 255 0 0 23
    76 0 0 255 255 255 255 0 0 0 0 255 255 216 0 255 13 255 255 218 0 0
    0 0 255 0 255 255 86 0 0 79 255 0 255 255 52 0 0 255 0 0 255 255 255
    255 255 255 0 0 0 255 88 164 0 255 62 0 0 255 255 255 0 0 0 255 255
    255 0 0 0 255 255 255 198 0 255 76 255 154 7 0 0 145 185 255 0 47
    169 255 0 0 0 255 0 184 0 255 0 255 0 255 255 0 77 255 255 255 255
    69 0 0 255 144 0 0 0 255 255 0 142 225 0 0 255 100 99 0 128 255 226
    0 0 255 0 135 0 0 0 0 255 255 0 0 84 255 255 255 219 255 0 0 0 255
    74 255 192 18 94 255 255 0 0 0 29 255 0 255 255 206 175 255 0 0 0
    103 0 0 255 109 0 255 255 0 255 183 0 0 0 255 0 255 0 255 255 255
    255 44 0 0 0 255 255 255 0 0 0 0 35 0 245 255 0 0 0 255 191 255 0
    140 0 255 255 0 0 0 255 72 255 255 184 0 0 0 255 255 255 255 255 255
    0 0 0 255 250 255 255 0 0 117 255 255 0 0 79 255 172 255 255 9 0 187
    57 255 0 255 94 131 0 200 0 255 0 254 255 169 255 0 255 0 255 0 128
    109 255 0 82 132 0 255 0 255 0 116 0 112 255 255 0 255 255 255 0 0 0
    255 255 216 0 0 0 0 255 82 255 255 115 255 0 255 0 100 0 255 130 255
    0 121 255 0 255 0 11 255 255 255 255 65 0 0 255 255 255 255 74 0 166
    0 255 255 255 0 229 87 255 255 39 93 224 26 255 255 255 24 48 255 0
    255 196 86 0 0 255 0 0 0 255 255 57 0 0 35 0 255 255 255 0 255 0 255
    0 184 0 255 0 255 0 33 255 0 0 0 255 0 255 10 255 63 101 62 133 222
    0 203 243 0 255 203 0 0 0 255 248 6 255 0 255 255 255 255 0 255 255
    255 0 0 230 255 255 255 19 255 0 140 255 41 255 9 0 167 255 0 255
    255 255 0 0 0 255 154 0 0 0 255 255 255 0 0 0 255 0 255 0 255 0 0
    255 255 255 55 255 0 0 255 255 255 0 255 0 0 255 255 255 255 0 0 255
    255 255 0 0 216 0 0 0 255 255 255 255 0 0 0 255 0 255 7 0 135 255 0
    0 132 255 225 0 255 229 0 255 255 244 0 255 243 255 0 255 28 0 0 0
    255 0 255 0 55 40 29 255 255 255 0 0 0 255 0 0 0 255 188 71 108 0
    255 255 255 255 0 255 255 0 94 0 255 8 255 0 0 0 0 0 255 0 0 179 255
    0 226 0 0 255 255 0 0 76 255 255 0 0 255 0 255 98 255 134 0 0 255 0
    14 0 0 209 244 255 255 210 0 0 0 255 255 0 63 156 64 255 0 0 255 255
    0 0 255 1 255 255 255 0 0 0 0 220 255 0 255 172 255 0 0 255 7 0 255
    0 0 0 247 255 10 0 255 0 255 0 157 61 255 255 255 198 0 152 255 0
    255 90 245 255 0 0 255 81 255 0 255 54 113 0 0 255 255 255 0 0 0 68
    255 255 255 0 255 255 255 0 0 0 64 255 0 214 0 255 255 255 255 255 0
    0 255 0 255 0 135 0 0 173 255 0 58 15 255 230 0 255 0 32 0 0 0 255 0
    255 255 220 0 255 255 255 55 0 0 0 255 234 255 195 0 0 0 255 0 255
    14 88 0 255 87 255 245 78 0 0 0 75 255 255 255 255 255 0 0 0 255 255
    255 0 0 0 0 0 255 255 255 0 0 0 0 255 0 171 255 0 0 0 255 176 0 0
    255 255 0 50 0 0 0 0 255 255 217 216 157 185 255 0 255 255 255 0 255
    255 255 255 0 0 0 0 213 255 255 0 0 0 255 136 128 0 0 255 255 255
    255 43 0 0 255 212 255 241 255 255 255 0 0 0 0 255 0 255 69 255 0 0
    255 255 255 0 110 255 255 110 0 138 0 255 255 0 255 0 0 255 0 125 90
    31 76 195 122 63 255 111 0 255 0 255 255 0 255 255 255 255 0 0 29 0
    255 0 255 255 255 136 0 61 255 255 127 0 189 255 255 205 255 255 255
    255 0 0 0 0 255 255 255 255 0 0 255 255 0 0 0 255 255 255 0 0 0 255
    0 255 166 255 126 0 0 255 0 223 0 255 0 187 209 255 255 255 0 0 255
    0 167 81 255 255 0 255 0 255 0 255 0 255 119 0 255 255 255 0 76 0
    255 255 22 0 0 144 0 47 174 223 0 0 0 255 28 0 26 192 0 255 0 0 255
    255 31 0 0 0 255 41 0 14 255 154 0 142 255 218 255 255 0 232 0 0 0 0
    255 255 255 71 0 0 0 0 0 255 0 95 0 255 0 255 0 255 43 0 226 255 0
    255 199 255 0 152 255 0 255 0 255 69 255 255 0 0 0 112 255 255 0 0
    91 255 255 255 0 255 167 108 255 11 0 255 255 0 206 0 255 255 255 0
    58 59 255 0 255 0 175 0 0 255 78 255 255 255 0 0 0 0 255 0 114 0 0 0
    255 255 255 0 255 255 255 0 0 255 255 255 0 253 0 106 0 255 255 143
    31 88 0 255 0 255 255 255 0 29 0 255 199 255 202 255 255 0 0 255 255
    255 0 0 0 0 0 255 255 157 0 255 255 199 178 38 0 255 255 255 74 0 0
    0 255 0 0 29 255 0 255 76 255 0 37 0 14 0 0 71 73 255 255 255 255 0
    255 97 255 0 0 0 255 211 255 255 141 0 0 255 255 255 0 255 0 255 0
    255 255 255 192 0 0 0 255 0 0 255 255 0 0 0 255 255 255 0 0 255 255
    255 255 0 0 0 0 255 255 255 0 0 255 0 157 0 0 255 255 255 255 95 0 0
    255 255 255 191 0 0 0 51 255 255 255 0 0 255 255 90 0 255 255 0 7 0
    0 245 0 255 255 255 216 0 255 121 255 255 255 0 31 0 0 0 21 74 255
    137 217 0 0 255 0 0 255 255 255 0 255 255 0 0 255 13 255 255 255 105
    0 255 0 39 0 255 255 255 255 144 0 0 255 0 255 76 255 0 92 255 0 0 0
    255 255 255 255 17 255 0 29 0 100 0 0 0 0 15 255 122 255 255 255 0
    255 0 0 202 145 0 187 255 255 0 255 0 38 0 223 255 145 0 0 255 0 0 0
    0 255 0 255 255 0 255 255 255 0 255 255 255 0 255 0 185 255 255 255
    8 0 255 0 87 0 255 16 255 61 0 0 0 0 255 0 153 0 255 255 0 0 0 255 0
    255 0 255 230 106 0 255 255 255 0 64 0 255 255 255 0 255 0 255 255
    255 0 0 0 255 144 146 255 0 0 151 255 255 0 0 255 135 0 0 0 255 33
    51 255 66 255 255 94 0 0 255 0 255 0 0 0 253 255 255 255 0 0 0 0 32
    255 255 255 255 0 255 0 255 219 252 232 0 255 0 255 0 255 255 209 0
    61 0 255 255 255 255 84 255 0 0 0 0 255 255 22 0 255 0 0 255 48 255
    0 0 0 255 255 255 0 255 202 255 255 255 184 216 255 0 255 0 0 0 255
    255 154 255 0 0 0 255 255 242 0 0 0 253 55 102 255 255 0 0 28 255
    255 0 202 255 255 224 235 0 255 0 242 255 255 126 240 213 255 0 86 0
    255 42 77 0 255 255 255 0 0 255 255 0 255 0 255 23 0 255 0 30 255
    255 255 0 0 0 255 255 255 0 255 255 0 0 58 255 255 255 255 255 0 255
    255 0 0 0 112 255 255 255 255 0 0 19 255 0 255 0 70 255 56 0 0 63
    141 0 255 0 11 0 0 255 0 255 0 255 142 255 26 0 253 0 255 255 157 0
    0 255 255 0 255 255 255 0 255 255 255 240 255 0 255 255 77 43 0 0 0
    255 255 0 0 138 65 0 255 0 179 1 0 0 0 255 150 54 0 152 0 131 0 100
    0 255 255 0 0 1 255 0 4 10 0 255 255 255 0 152 14 255 0 0 25 255 0 0
    0 255 106 255 0 255 0 255 227 81 0 255 0 255 43 255 0 255 0 255 101
    0 0 255 255 0 0 0 255 0 236 255 255 255 163 0 0 0 0 255 0 0 0 255
    255 255 0 0 255 0 0 0 0 0 0 255 237 216 255 66 0 26 0 122 0 255 255
    230 0 0 255 255 255 0 0 255 0 255 0 255 255 255 95 0 255 79 211 0 0
    255 0 255 255 255 0 0 0 255 255 172 0 80 0 0 0 63 255 255 255 0 255
    0 0 0 255 255 255 0 0 0 0 11 255 0 117 255 255 0 255 120 255 255 255
    55 0 0 0 255 0 255 255 123 0 0 182 0 255 0 255 255 255 104 0 255 255
    0 0 0 255 255 255 255 31 0 0 255 216 255 0 255 255 0 0 157 255 38
    255 0 255 124 255 0 120 255 243 255 255 30 0 135 0 255 13 255 0 0
    155 255 255 255 0 255 255 0 0 0 255 0 249 69 208 0 255 103 0 0 0 0
    108 255 104 0 0 255 0 255 0 255 255 255 0 0 0 255 111 255 255 243
    255 0 102 148 255 0 193 0 255 0 255 255 63 131 255 0 255 0 255 241 0
    0 0 255 0 255 0 255 14 128 232 0 255 0 255 0 255 0 19 0 255 255 25
    174 0 255 0 255 0 190 0 255 255 255 129 255 0 0 47 75 0 14 56 128
    255 0 0 0 255 255 255 255 0 255 0 255 186 255 212 255 255 123 169
    211 0 0 0 255 0 73 90 255 0 0 255 202 255 35 255 0 0 0 0 0 255 255
    255 127 255 0 255 0 74 0 121 0 255 255 255 255 255 0 255 0 255 163 0
    255 255 0 0 0 255 255 255 255 255 255 255 84 0 114 255 255 206 0 0
    255 255 255 0 255 255 255 216 210 128 255 0 255 0 255 255 255 2 0 0
    255 255 255 255 255 0 0 255 255 255 0 0 0 0 255 247 255 255 0 0 0
    255 255 255 0 0 0 255 255 0 0 91 0 255 65 183 0 255 89 255 0 255 255
    255 80 103 0 0 255 128 255 255 255 0 0 107 0 255 255 255 98 255 0
    255 0 255 0 0 194 0 255 0 255 0 255 0 255 135 131 0 0 0 255 162 255
    0 0 255 255 255 71 255 0 100 255 255 189 186 0 255 255 0 0 0 255 0
    255 0 0 0 60 255 0 255 0 224 17 52 255 157 188 0 255 171 255 0 0 0
    255 0 0 0 255 255 255 157 146 0 0 0 99 0 255 255 82 88 0 71 152 255
    76 255 0 255 0 100 255 255 255 0 217 0 255 0 255 255 255 10 0 51 0
    255 156 255 255 0 0 0 255 151 255 0 227 0 255 255 255 0 118 0 255 0
    255 118 0 255 255 255 255 0 0 0 253 255 0 49 255 255 255 36 0 87 0
    76 0 0 0 255 161 0 236 0 245 0 255 255 0 255 0 0 0 255 255 255 113
    255 0 0 255 0 255 255 255 255 0 255 0 0 0 58 255 0 0 0 255 113 0 0 0
    140 18 163 255 223 0 0 0 45 230 0 255 0 61 131 78 233 0 255 255 255
    76 255 0 0 255 255 0 255 255 0 0 0 0 0 198 0 197 0 85 13 0 0 57 8
    255 0 0 255 255 255 0 255 34 169 208 0 255 255 0 0 23 255 255 0 0 60
    255 96 0 255 0 246 177 255 0 75 0 255 0 255 255 0 255 250 0 0 255 0
    255 0 142 0 0 168 0 255 0 255 0 218 0 255 255 255 230 0 0 255 0 255
    0 255 255 255 0 0 0 0 119 75 255 0 255 147 255 0 62 255 255 255 0
    255 0 92 0 255 255 255 0 0 255 255 0 255 0 0 0 0 13 0 255 0 255 0 80
    0 255 255 255 9 143 193 20 0 255 33 255 0 255 0 255 0 255 241 0 154
    72 255 0 0 0 255 255 0 0 169 255 0 255 48 255 2 0 166 0 132 8 255 0
    39 255 226 255 0 0 255 38 248 0 0 0 48 255 56 255 255 255 209 255
    255 0 131 0 255 255 144 255 0 255 0 255 134 255 0 0 0 194 255 255
    255 219 255 0 255 0 255 69 255 0 149 255 255 255 139 0 0 0 255 255
    255 255 0 68 0 255 255 0 255 0 255 255 255 0 0 255 192 255 255 0 0 0
    0 255 255 255 58 36 255 108 0 201 255 0 0 0 255 255 0 0 215 0 255 0
    255 0 255 255 255 0 0 0 255 255 255 255 0 0 255 0 0 255 245 23 233
    255 255 0 255 0 255 0 255 0 46 0 255 255 0 0 0 255 0 255 255 255 0
    255 0 165 0 255 0 255 255 104 0 255 0 255 0 255 255 255 0 0 255 0
    255 250 255 255 0 255 0 255 220 255 0 245 255 0 0 0 155 255 0 0 3
    146 0 255 255 0 0 0 255 0 255 164 0 0 248 255 106 26 0 255 0 17 255
    255 255 0 0 0 255 0 255 192 0 255 27 255 0 0 255 0 91 0 255 255 255
    0 162 255 0 0 149 255 255 255 0 0 0 0 0 244 255 0 0 0 255 229 255
    111 255 255 255 0 255 0 0 255 255 255 0 0 0 255 0 144 255 255 255
    255 0 39 0 0 0 95 158 255 0 255 0 255 0 255 66 29 255 199 101 0 255
    255 87 0 0 0 0 107 255 0 0 0 255 255 0 21 255 78 239 0 0 138 0 0 255
    255 255 0 255 0 255 0 0 0 217 55 7 0 255 255 0 0 101 255 255 255 0 0
    255 255 0 0 151 255 108 0 0 0 255 255 255 255 0 0 0 255 255 255 0
    255 0 0 31 148 255 0 98 255 255 255 0 255 255 0 0 10 255 0 255 142 0
    0 255 255 0 0 0 0 234 255 255 0 0 0 255 220 0 0 0 255 0 255 0 255
    255 255 0 255 0 0 0 0 0 220 107 255 255 255 0 0 224 0 0 255 197 0 0
    0 255 0 255 0 255 173 255 255 0 255 255 0 0 255 255 191 0 0 255 255
    0 255 255 255 0 84 0 52 0 255 0 0 0 255 255 0 0 121 255 0 0 0 255
    255 255 255 0 255 0 0 255 255 255 0 237 0 0 255 255 0 114 255 255
    255 0 0 0 255 255 0 0 0 0 97 0 0 255 255 0 0 255 0 59 255 255 255 0
    0 0 40 42 255 0 0 0 221 0 255 0 255 0 255 0 255 196 0 255 0 255 0
    255 255 255 11 255 255 0 0 0 0 0 139 1 255 0 255 255 255 199 0 0 255
    255 255 0 255 0 255 0 255 255 0 255 0 247 0 255 255 255 112 255 255
    0 124 0 246 0 255 0 0 0 255 255 255 255 255 255 145 69 0 97 255 205
    240 255 255 255 127 105 119 255 255 255 255 0 0 0 123 125 0 255 0 18
    255 0 161 0 0 122 16 0 255 0 255 0 255 142 255 255 156 0 255 255 255
    72 0 255 172 255 14 0 255 0 255 255 255 255 255 0 0 0 255 0 0 97 255
    255 223 182 0 255 255 0 255 0 0 0 255 176 5 0 255 255 255 255 251
    255 0 0 0 242 255 222 255 0 70 247 255 0 0 0 211 255 255 255 138 0
    255 255 255 255 0 255 0 255 94 255 0 255 0 255 19 255 0 0 0 198 0
    255 0 255 0 149 122 255 0 233 0 255 255 0 0 255 0 255 255 0 0 255
    255 0 0 245 151 255 255 0 0 0 245 255 0 0 255 0 0 255 255 255 255
    255 0 255 255 0 117 0 255 255 255 0 0 0 0 0 76 255 255 0 255 0 76 0
    0 255 0 0 255 255 255 0 227 0 255 255 255 0 255 0 255 14 0 242 255
    255 0 0 255 0 255 101 255 0 255 0 255 0 255 255 255 0 102 0 0 255
    255 255 0 255 0 0 0 0 255 0 255 255 255 255 0 255 59 255 0 255 0 0
    255 180 255 0 0 255 255 105 212 255 108 0 255 0 85 0 255 255 0 255 0
    255 0 123 170 255 0 32 255 255 255 255 0 255 0 0 150 255 238 0 161
    255 255 0 0 255 255 0 0 0 0 253 88 41 0 255 43 255 0 0 255 255 19 0
    255 0 0 0 62 0 255 164 130 0 255 0 255 0 0 255 255 0 0 210 0 0 255
    255 0 255 88 0 0 255 255 255 0 0 0 0 0 255 255 0 0 58 255 255 255 0
    102 0 117 255 254 255 255 114 0 0 255 255 255 0 200 0 255 255 255
    219 255 255 255 0 0 0 255 0 0 0 255 255 255 255 255 0 0 153 0 255
    255 255 0 0 255 0 79 0 5 159 0 0 255 0 255 0 255 0 0 255 0 255 255
    234 0 0 255 255 0 255 0 0 0 255 255 255 0 255 0 255 255 255 0 0 0
    255 0 0 24 255 255 255 162 255 82 255 255 62 0 255 0 0 0 255 71 0
    255 255 0 0 255 255 69 255 0 0 75 255 255 255 0 255 255 0 255 255
    255 0 0 35 255 0 0 34 255 255 0 0 0 0 214 0 0 255 255 255 0 106 0
    255 255 123 255 0 0 255 255 255 0 0 0 243 0 225 255 255 255 1 255
    255 255 0 0 255 0 0 0 255 7 255 0 46 0 0 255 255 0 255 0 255 0 0 0
    173 0 0 255 255 255 255 0 255 38 216 0 255 0 255 0 255 255 255 255 0
    0 0 255 255 255 255 255 0 0 0 175 255 0 255 255 19 0 255 255 0 213 0
    0 0 255 255 0 255 255 255 40 0 0 49 255 255 88 0 255 0 255 255 0 8
    255 169 0 255 255 255 0 0 0 0 111 217 87 255 255 36 0 0 0 255 0 0
    231 255 0 0 210 0 255 99 255 0 255 0 255 0 9 255 255 0 0 0 255 255 0
    0 0 255 255 0 0 0 255 0 128 255 0 0 0 0 0 255 199 0 151 255 255 255
    0 255 0 255 93 255 0 179 0 202 255 255 255 222 0 0 107 255 255 255 0
    19 215 0 0 106 0 0 0 255 255 255 255 25 255 255 107 255 0 219 255
    255 0 0 0 255 255 0 159 0 255 0 0 255 0 0 127 29 0 0 180 255 255 255
    255 0 148 0 0 0 97 0 255 255 255 0 0 0 0 195 255 153 127 255 243 0
    189 255 0 255 255 0 242 0 255 255 255 255 215 255 0 0 0 220 191 255
    0 255 0 0 255 139 255 0 0 47 141 79 0 255 0 0 0 26 95 255 206 255
    255 0 0 251 0 255 255 255 0 237 0 255 0 0 210 255 255 0 247 0 0 255
    0 0 228 0 0 255 0 255 0 138 0 0 60 0 77 255 167 0 0 255 255 255 0
    255 255 255 255 255 255 255 27 0 255 0 146 0 202 140 255 0 0 0 255
    120 255 0 0 0 0 255 88 243 255 255 0 0 255 255 255 0 0 0 0 140 235
    254 0 0 99 24 255 0 175 0 255 0 255 225 255 255 0 255 239 61 0 0 255
    0 49 0 0 0 255 0 0 0 0 249 0 255 0 255 255 0 0 0 188 255 129 255 255
    0 0 0 255 0 47 255 255 85 0 0 255 0 255 255 198 255 0 177 255 255 0
    255 255 91 255 255 0 0 147 255 255 255 0 255 86 89 0 39 255 255 255
    255 0 0 0 255 255 0 99 255 144 255 0 255 0 94 51 255 255 255 0 0 0
    255 65 255 244 255 0 255 0 255 80 0 255 255 0 0 255 130 248 0 255 75
    255 0 255 255 236 73 0 255 255 255 0 0 0 145 255 0 0 0 255 255 0 251
    0 0 0 255 255 255 0 255 0 0 0 255 255 156 255 26 255 255 255 0 0 255
    255 255 0 0 255 0 255 255 255 0 80 0 255 255 0 0 0 0 0 255 255 255 0
    0 0 0 255 255 0 0 255 255 11 255 0 0 255 0 106 0 255 0 255 0 255 74
    0 240 0 0 0 255 255 255 0 255 255 0 255 0 0 0 0 255 0 0 255 117 255
    0 255 0 0 0 119 111 138 0 255 255 174 0 255 0 140 0 0 255 255 255
    255 0 0 0 0 255 0 255 255 0 0 255 255 255 0 141 255 0 0 0 255 181
    255 0 0 255 255 0 0 0 0 110 255 0 255 0 255 98 255 255 255 255 0 255
    0 0 170 255 255 0 79 0 255 0 0 0 172 255 255 255 255 92 0 0 158 255
    255 0 0 0 255 255 116 0 0 255 255 255 0 255 0 0 0 0 160 0 0 82 255 0
    0 0 255 179 255 255 103 197 0 0 235 0 255 255 0 0 255 0 255 0 255
    255 0 0 180 255 255 199 0 255 0 255 74 255 255 0 90 255 215 0 0 143
    0 255 255 255 255 255 255 0 0 255 255 150 0 0 255 36 255 0 0 0 0 255
    0 255 247 255 0 0 255 52 0 0 255 252 255 0 0 0 105 255 255 0 0 0 0
    255 0 255 255 255 0 31 0 255 0 255 255 0 0 0 0 0 0 167 255 0 255 255
    255 0 0 255 255 255 255 0 0 93 255 0 95 0 98 0 147 0 255 0 0 255 255
    41 0 255 0 255 0 255 0 255 255 255 0 0 83 255 255 255 0 255 36 50 0
    255 0 255 0 0 255 0 255 82 255 0 0 255 255 255 0 255 210 255 120 0
    255 212 255 255 255 0 11 255 153 255 0 255 0 255 255 51 0 215 0 0
    255 255 156 0 0 255 0 255 0 255 0 0 255 255 255 0 255 234 0 0 0 0 0
    255 61 255 0 255 255 255 0 255 239 0 0 0 0 255 255 0 255 0 0 11 252
    0 94 0 0 255 255 0 0 255 255 0 255 140 0 255 121 255 0 255 226 0 0
    255 255 205 0 0 0 93 0 255 0 220 0 255 0 255 223 255 0 255 0 170 0 0
    255 255 5 0 193 255 0 0 0 9 255 130 2 255 0 255 255 0 0 0 152 255 0
    156 0 255 0 0 229 255 0 255 0 255 255 255 0 0 255 255 0 0 0 255 0
    255 0 0 74 231 255 255 0 125 255 0 255 70 0 140 255 0 84 124 86 255
    255 255 0 64 0 255 0 255 255 255 42 0 0 69 191 0 255 255 255 255 0 0
    0 170 0 173 163 255 0 255 254 43 0 221 229 0 255 91 255 255 0 0 26
    255 255 255 0 187 0 255 255 255 0 255 0 255 0 192 0 255 255 0 0 0
    255 0 255 255 255 154 0 156 31 0 171 0 153 0 255 165 94 246 25 255
    225 255 255 255 0 255 0 255 201 14 255 0 168 255 145 255 0 255 255 0
    103 255 0 0 0 216 0 255 255 255 255 0 255 0 255 0 0 0 255 255 255 0
    0 0 0 0 0 255 255 0 255 131 82 0 0 0 255 0 255 0 255 255 255 0 0 0 0
    255 255 255 253 147 54 25 0 0 0 255 255 181 255 0 159 0 255 255 255
    0 0 0 255 47 255 255 135 255 0 255 255 63 255 141 0 0 240 255 0 0
    255 255 0 200 0 255 255 175 0 0 0 255 255 255 0 225 255 255 0 0 0 59
    255 255 255 64 18 0 0 0 255 255 0 0 255 255 255 0 0 0 255 255 255 0
    0 255 0 255 0 255 255 0 133 0 255 255 255 0 255 255 255 255 0 0 0
    129 138 255 91 0 0 255 255 0 255 240 255 255 255 255 102 255 0 255
    33 255 255 255 255 131 0 0 60 239 255 255 221 0 0 0 0 255 0 255 177
    117 0 255 255 255 0 130 61 79 255 134 255 255 255 0 0 0 255 255 255
    255 0 0 0 255 255 255 0 0 255 179 0 0 0 0 255 255 56 255 255 0 255 0
    0 0 0 255 237 255 183 255 0 201 186 0 255 255 255 0 20 62 0 84 0 0 0
    0 0 127 255 255 37 0 255 255 255 0 113 39 0 255 255 255 0 255 255 33
    0 255 143 0 0 167 21 255 255 255 117 81 255 68 255 0 0 0 0 255 255 0
    0 255 255 255 255 255 255 0 178 255 255 0 116 255 218 117 255 255 0
    255 0 255 0 38 255 212 255 106 75 255 0 0 255 0 255 0 255 0 0 255
    223 0 255 0 255 255 255 0 0 181 255 0 255 0 255 255 95 255 0 255 255
    0 0 143 255 255 0 0 0 255 255 124 142 255 0 147 0 255 255 255 0 63 0
    255 23 255 255 0 0 0 0 255 0 122 255 255 0 255 0 0 0 0 0 255 0 0 0 0
    255 255 255 255 0 0 0 0 0 255 111 255 255 255 255 0 0 171 255 224 0
    0 0 255 0 0 0 255 255 255 144 255 0 0 0 0 255 255 194 255 0 0 0 26
    255 255 255 74 0 0 255 109 255 0 255 255 255 0 255 0 255 89 0 255 0
    88 0 0 255 0 0 0 255 171 0 165 0 0 0 255 223 0 0 16 0 0 255 0 255 0
    255 120 255 138 255 29 255 136 0 0 0 255 255 0 255 0 255 0 255 255
    255 0 0 0 0 254 255 255 255 24 255 0 201 0 255 0 0 0 255 255 255 255
    0 0 0 0 115 0 255 255 255 0 225 198 0 255 255 0 0 0 0 0 0 255 0 0 0
    255 255 0 255 0 255 88 255 0 255 157 255 0 213 255 255 255 199 0 255
    255 255 47 0 0 255 255 0 255 0 0 108 0 0 8 255 0 255 0 255 255 255
    209 255 255 255 255 0 75 0 255 0 255 0 255 255 0 255 128 255 0 255 0
    255 0 255 255 255 217 39 0 162 255 0 114 0 255 100 255 0 0 123 255
    255 255 0 255 0 255 221 0 0 255 0 142 195 255 0 0 255 255 0 49 0 0 0
    255 255 0 0 0 0 255 255 0 0 0 255 255 255 255 0 0 255 90 255 45 106
    255 0 0 0 239 240 76 0 74 255 255 255 47 255 0 255 19 255 0 0 0 251
    255 255 0 0 115 255 0 0 255 241 0 0 255 0 0 0 0 255 250 0 255 0 202
    255 0 0 0 255 255 5 0 0 255 223 255 255 255 0 0 0 22 132 0 190 0 255
    255 0 219 0 32 0 155 255 0 0 0 255 255 0 0 0 255 0 255 119 0 40 0
    181 255 0 178 0 255 255 255 255 0 255 0 164 0 208 126 255 106 0 69 0
    255 0 0 0 255 255 255 255 0 255 0 0 0 255 255 0 255 255 0 249 255
    255 255 0 255 255 255 0 255 255 140 0 0 255 0 255 0 0 18 255 255 255
    236 0 0 255 255 255 32 0 0 0 0 255 0 0 0 255 255 255 197 0 159 255 0
    0 0 45 255 255 221 200 255 255 0 0 255 255 226 255 0 255 0 0 0 255
    255 255 255 59 255 255 0 4 27 255 224 255 255 0 255 0 255 0 0 0 255
    0 0 255 255 255 86 0 114 0 255 255 255 255 0 145 255 255 0 0 0 255 0
    0 0 255 0 0 0 0 255 255 0 0 255 0 255 255 59 0 0 255 0 0 0 255 0 225
    157 255 255 0 0 255 255 0 0 143 255 110 0 0 255 181 255 0 0 0 255
    255 0 255 0 255 0 255 66 185 0 0 83 255 255 85 0 19 0 0 255 5 255 0
    92 255 0 0 0 153 255 255 0 0 255 6 255 158 255 0 0 199 0 0 255 60
    255 255 255 0 0 255 255 255 0 0 0 198 255 73 0 0 0 255 0 255 255 255
    0 0 255 255 160 255 0 129 0 150 0 156 0 59 255 96 255 0 255 0 55 0 0
    0 255 0 255 0 255 255 0 0 57 255 145 0 0 0 0 255 255 255 0 88 0 153
    255 58 255 34 0 255 27 0 255 0 237 0 154 255 0 255 0 0 0 254 255 255
    255 0 255 0 255 0 255 255 255 255 0 255 0 0 34 0 254 0 255 73 57 0 0
    0 255 147 118 255 255 255 0 0 0 0 255 84 84 233 160 0 255 255 255 0
    0 255 46 62 0 0 0 56 137 255 255 255 0 255 0 255 255 255 0 0 0 255
    255 255 255 255 0 0 255 255 178 255 0 255 0 255 0 255 0 255 0 255
    255 255 0 123 225 255 255 255 255 0 0 0 195 255 0 0 255 255 255 204
    28 0 0 0 255 255 0 0 162 0 0 0 255 255 0 0 0 255 255 255 0 255 255 0
    255 0 255 0 0 0 0 255 0 255 0 0 255 255 255 0 0 0 255 0 34 0 255 255
    0 0 0 0 0 255 0 255 0 0 255 255 15 0 68 255 240 173 0 255 139 0 255
    0 0 255 255 255 49 255 0 0 0 255 255 255 0 34 255 255 255 0 0 0 255
    255 255 31 0 0 255 0 255 255 255 0 0 255 255 255 0 237 255 255 255
    255 255 0 0 0 255 0 0 0 203 22 0 255 0 255 0 117 113 237 0 0 255 255
    0 44 255 0 164 0 255 0 255 0 255 0 0 243 255 0 103 255 255 29 0 0 0
    0 255 255 255 0 255 0 0 0 0 255 243 0 174 255 0 0 221 0 70 255 0 255
    6 62 0 206 0 255 0 255 0 255 0 255 53 0 0 0 255 255 255 255 0 0 201
    255 255 0 0 255 0 112 0 255 255 255 0 255 0 255 1 255 255 0 0 0 255
    255 21 0 0 0 255 0 255 140 255 0 255 255 255 255 0 0 255 255 122 255
    120 255 0 0 62 0 255 0 255 0 255 29 0 122 0 0 91 0 255 194 255 255 0
    0 255 255 255 0 255 0 255 0 0 255 0 255 0 255 255 229 0 0 255 255
    117 132 0 0 0 0 0 96 255 197 255 0 255 0 255 255 0 0 0 255 0 0 255 0
    255 0 255 0 255 55 255 255 255 255 255 0 0 0 255 135 15 177 255 173
    255 57 255 255 0 184 255 255 0 255 0 255 0 255 0 255 0 255 63 255 0
    255 255 255 0 0 255 127 43 48 255 91 0 0 255 255 0 0 0 0 0 255 153
    255 0 13 0 255 0 255 78 0 0 255 255 0 0 0 255 0 242 255 255 96 255
    255 255 9 228 0 0 0 0 255 0 0 0 120 227 0 255 255 102 255 255 133
    123 0 96 0 255 255 255 255 255 0 87 0 76 0 255 255 0 255 0 255 230
    170 0 0 147 255 0 127 255 246 0 255 222 255 255 255 255 75 0 0 0 0
    255 255 226 184 0 0 0 0 255 169 255 137 0 255 0 0 0 0 255 255 39 0
    255 38 255 215 255 101 0 255 0 0 0 255 255 140 255 0 255 255 255 0
    255 255 255 0 255 0 255 0 56 255 255 94 255 255 230 255 0 151 0 255
    0 255 0 255 0 255 45 255 0 122 255 219 255 255 0 0 255 0 129 0 0 0
    255 255 255 0 250 255 0 0 0 255 255 255 0 0 255 255 255 0 0 255 255
    255 0 255 0 0 55 0 255 46 255 0 179 0 255 0 255 151 0 0 0 0 19 234
    255 255 255 255 0 0 255 255 255 255 0 100 0 26 109 255 0 255 0 255 0
    255 0 86 0 255 202 255 255 255 255 18 13 152 0 0 255 255 255 32 255
    0 0 0 190 66 255 0 0 255 255 255 255 0 255 0 255 0 255 255 0 0 255
    255 0 255 0 255 137 255 255 255 0 0 255 175 0 255 255 0 0 0 166 255
    255 0 255 255 255 55 0 0 255 226 0 255 0 255 0 255 87 0 255 255 255
    0 193 0 255 255 255 255 0 0 0 0 255 255 0 0 255 255 255 0 0 181 247
    195 202 231 0 0 255 255 255 119 0 255 255 255 255 255 0 170 158 0
    255 0 255 0 255 239 255 0 11 126 255 255 0 0 0 255 0 255 0 19 53 255
    0 0 0 255 156 52 255 99 250 255 0 60 117 0 255 255 255 255 145 0 0 0
    142 0 255 0 0 0 255 0 255 0 255 0 255 255 109 107 229 0 255 0 77 255
    255 0 0 100 255 255 0 255 0 255 0 0 101 0 207 128 72 0 255 0 100 162
    255 172 0 157 0 0 255 255 73 0 0 255 0 255 0 71 39 255 255 0 167 252
    255 0 0 0 255 0 0 0 255 206 0 0 0 1 200 195 0 249 0 73 255 255 255
    255 255 0 0 106 0 255 0 90 0 0 0 255 255 218 0 255 0 255 0 215 0 90
    174 0 155 0 0 255 93 255 0 79 225 232 255 178 73 0 215 255 255 0 255
    149 255 0 0 0 0 0 0 255 255 255 0 0 255 255 255 0 255 0 255 0 160
    255 121 255 0 0 0 255 255 40 0 195 255 0 99 0 255 255 158 133 0 81 0
    97 255 0 247 255 108 0 0 0 255 255 255 0 255 0 255 76 255 37 255 0
    98 0 0 255 177 255 255 69 0 0 0 255 191 255 0 0 255 0 196 0 0 255
    255 252 0 0 0 255 255 255 0 0 0 255 255 0 255 0 255 255 19 255 0 255
    0 172 46 255 0 0 0 255 255 255 0 143 0 255 255 190 0 0 0 43 132 255
    0 0 255 255 139 242 0 255 255 255 255 0 73 239 255 49 239 255 255
    255 247 0 0 255 195 255 0 207 0 0 182 255 255 0 43 0 72 255 194 95 0
    0 0 0 35 230 255 0 0 255 197 231 255 0 255 84 72 255 152 60 0 255
    255 65 0 0 255 0 0 46 255 0 152 114 255 233 0 0 255 0 201 255 255 0
    255 255 255 255 0 17 0 255 0 0 0 255 255 255 0 0 255 200 21 0 255
    255 255 0 96 154 0 0 0 248 255 255 0 0 0 0 242 0 0 0 0 0 0 0 255 255
    255 0 0 255 0 32 0 255 0 0 255 255 0 0 255 255 255 0 0 255 0 255 170
    255 0 0 255 255 0 0 0 47 255 0 59 191 255 0 106 0 0 12 255 255 0 156
    255 255 0 0 0 102 255 0 0 0 0 0 0 255 255 220 0 0 0 255 255 255 255
    255 0 78 255 255 0 0 255 0 125 0 1 124 0 255 255 255 255 255 0 255 0
    0 0 255 3 0 0 255 0 133 0 255 224 255 0 255 0 84 0 0 223 0 192 87
    255 255 255 255 0 0 0 84 255 149 255 255 255 0 74 0 0 0 255 186 0
    255 255 255 0 198 0 255 255 255 255 0 255 131 255 255 255 0 0 0 0
    255 0 255 255 0 25 0 255 0 218 157 255 151 0 97 117 255 185 0 249
    255 255 255 255 0 72 0 224 0 0 0 255 255 255 252 0 0 255 0 255 91
    255 255 255 0 0 0 255 255 255 0 255 255 0 0 0 255 0 0 34 0 255 0 255
    248 0 40 0 255 0 0 255 0 149 0 241 0 0 255 149 51 0 0 255 255 255 17
    54 0 255 200 0 213 255 0 255 255 255 0 0 0 0 255 0 255 255 255 0 255
    133 255 0 0 0 255 0 0 255 0 255 255 255 255 155 140 140 255 204 0 0
    255 255 14 0 255 255 0 255 0 255 0 255 255 255 0 255 0 255 255 255 0
    255 0 0 0 0 106 0 0 255 108 161 0 0 255 0 0 0 0 0 255 255 255 72 255
    0 65 0 0 0 173 255 0 255 0 255 0 255 0 255 0 0 0 255 255 255 221 0
    146 0 255 0 0 0 0 255 0 255 255 0 0 0 210 255 0 0 217 255 255 0 207
    0 65 0 255 0 255 0 255 0 255 255 0 0 0 59 255 63 255 255 255 0 255 0
    255 0 255 0 0 0 0 194 12 255 255 255 0 255 33 255 255 255 255 0 112
    184 0 0 255 0 255 255 0 0 0 255 255 0 0 203 255 99 255 0 255 0 0 0 0
    255 205 201 0 255 255 255 0 255 232 255 90 255 0 0 255 255 255 0 0 0
    255 255 199 255 233 0 255 255 0 255 0 221 134 255 255 255 0 255 0
    255 113 255 255 0 0 255 255 0 136 255 175 255 255 0 141 0 63 167 0 0
    0 255 21 0 255 255 255 0 173 125 255 0 255 238 0 0 0 255 89 0 255 23
    155 0 0 160 255 255 255 255 0 0 0 0 0 135 255 255 255 0 0 255 255
    255 123 255 0 0 255 0 255 0 0 35 255 0 181 0 0 0 0 255 33 79 0 255
    255 215 255 255 255 0 0 0 255 255 0 0 0 234 0 190 0 0 255 255 255
    255 0 0 0 255 0 255 0 255 233 255 0 0 0 255 0 0 0 0 255 255 255 215
    0 0 193 255 0 255 255 147 0 0 255 0 0 0 255 0 173 226 255 210 255
    255 255 0 0 0 255 255 255 0 255 213 204 0 0 255 255 149 189 255 0 0
    0 0 0 0 255 255 0 0 3 0 182 0 255 0 0 255 132 0 255 255 255 0 255 30
    255 255 3 0 255 255 255 103 238 196 255 16 0 255 255 255 0 62 0 0 94
    0 255 255 255 255 0 0 0 0 0 255 177 255 0 0 0 0 222 0 0 0 255 255
    255 0 255 255 255 255 0 209 0 0 0 0 0 73 255 255 255 0 127 0 103 0
    255 255 255 0 255 0 255 0 77 0 255 255 255 0 36 255 161 0 255 255
    225 0 255 255 223 0 0 255 255 255 255 255 0 255 0 255 143 255 255 0
    0 126 12 255 220 255 0 255 255 40 255 0 255 0 255 0 0 91 255 255 0 0
    0 255 160 255 0 0 131 255 0 255 0 255 226 255 255 255 255 0 0 255
    255 185 36 255 0 0 0 89 0 255 255 0 72 0 255 0 255 0 255 0 0 255 213
    0 255 255 0 181 231 255 255 0 152 0 113 145 255 255 255 0 0 0 0 0
    255 37 255 255 255 0 255 0 255 255 255 0 0 255 0 255 255 118 255 0 0
    246 0 255 0 0 0 0 0 0 0 0 0 255 255 255 0 0 0 20 255 0 255 255 0 255
    0 255 0 0 0 0 255 255 255 255 255 0 0 255 255 255 0 255 251 0 255
    255 255 0 255 255 241 0 255 0 0 25 255 211 255 0 0 255 255 171 255 0
    255 0 255 0 255 0 61 255 229 255 121 0 255 0 0 0 105 168 255 255 183
    0 255 0 255 0 0 35 210 255 47 255 255 0 0 5 0 177 0 255 0 255 255
    255 255 192 0 0 61 255 0 0 0 255 255 255 0 162 0 255 225 255 0 0 0
    255 255 182 0 0 0 99 54 0 255 255 0 0 23 51 119 135 0 17 255 15 247
    0 0 0 255 255 25 125 0 255 0 213 255 0 0 0 0 0 0 0 0 215 0 91 0 255
    255 0 255 0 255 0 255 255 255 204 0 0 255 255 255 255 255 255 0 0 0
    255 115 14 0 0 126 255 196 255 25 0 255 255 0 0 0 255 255 0 0 103
    255 188 0 0 0 255 51 84 0 255 255 255 0 0 27 0 255 255 255 255 255 0
    255 17 95 255 0 255 255 255 255 255 0 0 255 255 255 255 0 0 194 17
    151 0 255 255 0 0 165 0 218 0 255 14 255 255 0 255 0 145 0 168 255 0
    255 255 120 0 255 0 255 255 255 0 63 0 255 0 168 0 108 0 188 255 0
    255 206 255 0 0 101 255 255 255 0 0 255 253 255 109 0 0 0 0 255 62
    46 0 255 0 255 0 192 0 255 255 61 0 0 0 255 184 0 0 0 0 255 0 255 0
    255 255 255 0 0 0 255 255 255 255 0 255 132 255 0 255 0 255 214 255
    0 0 255 0 0 0 255 0 255 168 249 0 0 0 255 255 0 0 0 209 255 56 255
    78 255 255 0 0 228 255 255 255 0 0 255 0 255 255 255 0 255 255 255
    255 0 0 41 0 255 255 0 0 195 172 255 0 0 0 0 0 255 112 255 255 0 255
    90 255 0 241 0 0 255 0 255 0 0 112 255 255 195 0 255 0 228 189 255
    255 0 251 255 0 0 0 255 255 0 255 76 255 0 255 0 0 0 255 255 255 255
    0 0 0 255 255 0 70 0 255 140 0 0 0 23 6 0 197 255 255 4 0 34 170 0 0
    0 255 255 0 255 0 255 0 172 255 0 0 255 206 255 0 255 36 210 0 255
    255 255 66 0 125 195 255 155 150 0 255 255 255 0 0 255 255 0 0 255
    255 255 72 38 104 0 0 0 0 255 255 0 255 0 130 0 0 0 0 0 0 255 0 0
    225 255 255 255 251 255 255 0 0 255 0 255 255 255 255 0 69 255 255
    54 0 255 0 255 0 25 41 255 255 255 19 0 0 0 255 255 255 207 255 255
    169 255 0 0 0 0 255 0 255 0 255 0 0 0 0 0 255 0 255 255 0 116 255
    255 255 0 0 255 255 0 0 71 255 255 0 0 255 159 0 0 0 255 0 255 0 0 0
    0 207 25 0 255 185 255 0 185 0 255 204 0 0 7 0 255 0 255 255 0 0 255
    0 255 255 48 0 255 86 0 40 255 0 182 110 255 0 181 0 0 0 255 255 255
    0 255 249 255 0 0 237 255 255 255 0 0 255 255 255 0 255 255 0 0 47
    255 255 255 255 0 0 204 255 0 255 232 255 99 255 255 0 0 255 0 255
    190 0 0 55 0 21 0 0 0 0 0 255 0 255 0 255 0 233 255 152 0 255 0 0
    255 0 0 255 0 255 255 106 255 255 255 0 0 38 255 0 255 0 255 172 0 0
    255 255 0 255 255 255 143 0 255 255 255 0 161 0 0 255 255 0 255 0
    255 0 247 18 147 0 0 0 0 0 87 225 255 204 255 0 0 179 255 255 255 0
    255 102 0 255 109 227 0 255 0 0 0 0 252 255 238 255 255 0 0 255 0 98
    0 255 111 0 0 255 199 255 255 211 255 0 0 98 225 0 0 255 255 255 255
    0 255 21 255 0 0 126 255 255 255 0 0 255 255 207 0 255 0 0 0 0 255
    116 255 0 0 255 0 255 255 0 0 0 255 169 0 0 255 255 255 0 0 0 255 0
    0 0 255 0 0 0 255 0 255 159 255 255 0 0 0 255 0 206 255 255 255 7 0
    0 42 255 80 0 0 0 255 255 255 255 0 0 0 255 255 0 0 0 255 200 0 255
    255 206 0 117 255 0 255 255 241 0 242 255 255 0 0 0 255 156 255 255
    209 0 255 0 255 0 255 248 0 0 255 87 167 0 255 0 255 147 255 0 255 0
    0 0 162 255 0 0 237 0 255 255 0 255 0 255 0 255 0 0 255 13 255 153 0
    39 0 255 255 216 255 195 117 0 0 0 255 0 255 0 255 255 255 255 255
    255 0 0 0 0 255 255 0 255 255 255 0 255 0 255 0 151 0 0 226 79 255
    255 255 0 0 0 255 0 0 255 0 0 255 15 255 0 0 10 255 255 0 255 0 0 2
    255 255 255 255 0 0 0 255 255 255 255 0 255 0 255 255 255 255 214 0
    255 0 255 0 0 0 255 255 255 0 0 0 0 255 255 255 0 198 0 7 255 0 255
    255 255 0 255 0 0 0 255 40 255 255 0 88 255 125 0 255 17 49 255 0
    116 0 255 242 255 0 0 78 0 255 0 255 255 0 0 0 136 255 255 255 255 0
    0 0 255 105 255 0 0 0 255 57 255 0 255 0 255 255 255 0 113 0 136 0
    11 0 161 255 247 255 255 0 101 0 255 20 0 0 0 0 130 255 255 255 0 0
    0 129 119 0 255 0 0 0 255 254 0 255 255 255 0 255 0 255 0 0 0 0 255
    0 255 0 255 149 255 0 255 255 255 255 244 0 255 255 255 0 0 0 0 255
    198 255 0 255 0 255 255 0 102 83 255 255 0 179 0 255 255 0 255 0 255
    0 0 0 0 0 49 255 67 0 24 255 0 255 255 138 0 0 0 0 255 255 255 164 0
    0 255 255 255 54 0 0 255 255 255 255 168 54 0 207 255 255 255 255 0
    0 221 255 0 228 0 171 0 255 0 255 0 0 255 255 249 0 120 255 255 0 0
    206 255 255 177 255 255 208 0 0 0 255 0 131 255 75 0 0 0 21 0 255
    255 0 149 255 255 255 61 0 0 0 255 255 255 68 40 255 255 255 168 0
    196 0 0 0 255 0 255 0 255 255 255 0 218 0 0 239 255 255 0 0 0 0 255
    255 39 255 255 255 0 26 255 0 0 0 255 255 255 141 0 0 255 0 255 0
    255 169 0 0 255 0 255 0 255 255 0 0 0 29 255 0 166 0 0 223 0 255 0 0
    0 3 255 109 240 106 99 77 255 0 0 0 255 255 255 255 0 199 158 216 0
    0 42 0 255 0 243 255 255 233 0 0 0 255 255 142 0 255 255 10 230 255
    71 255 30 255 255 152 0 38 255 255 177 0 0 255 255 255 0 255 0 0 0 0
    139 255 92 0 0 0 124 255 255 0 183 124 255 0 104 255 255 255 0 0 71
    0 228 255 87 0 255 255 255 0 0 132 0 0 255 255 255 0 255 8 45 20 255
    0 255 55 255 0 255 255 0 0 255 255 80 0 0 255 159 16 0 255 0 255 0 0
    0 255 255 0 0 255 69 255 0 255 0 255 0 255 0 194 233 255 172 0 0 255
    0 220 0 255 255 255 94 217 0 156 255 255 0 0 0 0 109 255 255 132 0
    255 0 0 0 0 254 255 255 255 0 214 255 0 0 131 13 255 0 0 0 0 255 255
    255 0 139 0 255 255 0 255 0 25 0 149 33 0 255 0 255 0 255 0 255 255
    0 0 255 255 255 0 67 0 129 255 0 22 0 94 0 0 255 255 255 255 0 0 0
    118 98 255 145 0 123 255 255 0 70 255 255 255 247 0 0 0 33 0 255 0
    255 0 193 255 255 0 0 0 0 0 255 255 0 255 216 89 255 0 255 255 255
    99 64 0 0 3 255 186 255 0 255 27 0 69 255 0 88 0 0 48 255 255 42 0 0
    143 255 255 88 0 239 85 255 0 198 0 255 255 204 255 248 255 16 0 0 0
    255 0 253 255 0 0 0 224 255 141 0 0 0 255 0 43 215 0 255 0 0 0 255 0
    255 137 255 0 255 0 255 0 0 255 0 255 0 255 0 255 255 95 212 255 233
    255 255 162 0 255 255 0 255 0 0 0 255 55 100 44 131 255 255 185 255
    73 92 255 255 255 255 0 0 0 255 255 255 0 0 255 0 255 124 0 255 0
    146 0 255 255 251 0 0 255 255 255 0 0 0 255 255 0 255 0 255 0 0 50
    255 255 0 255 255 255 255 0 0 125 190 255 0 163 0 192 255 255 0 0
    255 0 255 182 173 0 0 0 255 0 255 0 255 255 255 0 32 0 6 0 122 210 0
    0 255 255 0 255 87 43 0 0 151 255 255 181 255 102 0 0 0 255 70 0 0
    236 120 143 255 255 255 0 255 0 0 0 0 255 255 255 255 0 0 0 0 255
    255 255 160 255 54 255 255 0 0 0 0 198 255 255 255 0 0 91 255 255
    139 0 113 0 75 0 255 255 0 65 0 255 0 0 0 255 0 0 0 0 108 255 255
    255 0 0 255 0 255 0 49 0 255 0 255 255 0 0 0 255 73 0 77 0 0 0 255
    40 255 149 143 0 0 39 0 255 242 255 0 0 255 65 255 0 255 0 255 255
    255 0 0 0 255 0 255 0 255 0 255 0 255 0 19 0 0 64 0 255 0 255 0 255
    0 0 255 255 0 0 255 0 13 0 255 0 0 0 255 255 0 0 0 255 255 0 0 0 36
    255 255 125 0 0 0 194 0 255 0 255 255 58 255 241 226 0 255 233 255 6
    0 0 255 255 255 0 0 7 0 255 27 221 112 0 255 0 0 0 255 255 255 0 177
    133 244 255 0 103 0 0 255 255 0 0 0 255 205 255 255 11 111 0 0 138
    255 191 255 0 66 255 113 255 0 255 255 255 255 0 0 0 0 255 255 202 0
    45 0 255 0 145 0 0 255 0 255 0 255 0 255 255 255 255 0 0 255 0 255
    255 255 255 0 0 255 144 255 255 255 255 0 255 71 0 0 0 255 0 151 255
    255 255 0 0 0 255 17 165 72 0 0 255 255 255 0 0 0 255 0 255 0 255 0
    0 255 0 255 0 255 0 255 0 181 102 255 255 0 0 0 243 255 255 0 92 255
    0 255 0 255 0 237 255 255 0 0 0 0 255 179 0 0 0 255 255 255 255 0 0
    0 255 0 0 0 0 255 62 255 0 255 0 168 0 255 28 255 0 0 0 255 255 197
    226 255 0 0 0 255 214 255 0 69 255 0 191 0 0 228 0 0 255 0 0 255 255
    0 0 206 255 255 255 0 84 0 0 255 0 255 33 255 255 255 0 255 0 255 0
    137 205 255 255 0 168 0 0 255 255 255 0 0 223 0 255 0 255 0 255 52 0
    135 255 203 0 255 0 255 0 255 0 216 0 58 0 255 255 255 0 0 0 0 0 0
    188 255 0 0 255 161 255 255 0 0 0 0 255 224 255 233 239 91 255 0 0
    255 25 255 0 255 234 255 201 255 10 0 43 0 255 78 0 211 255 0 0 255
    0 0 225 255 255 87 0 0 0 132 0 0 255 255 255 0 255 255 255 0 255 255
    0 0 0 255 118 255 105 0 0 0 224 0 255 255 0 0 0 255 12 255 255 135
    255 0 255 142 255 0 255 0 88 0 255 205 255 255 255 0 0 0 255 0 255
    88 255 116 255 0 57 83 255 255 207 0 255 255 255 0 0 0 255 243 255
    101 255 0 0 187 143 255 0 96 255 255 255 255 0 255 0 132 0 0 255 255
    237 255 0 0 255 0 255 0 255 1 255 255 78 255 0 173 0 255 255 0 0 0 0
    0 0 255 0 255 53 255 255 255 0 253 0 0 255 255 255 255 255 0 62 0
    255 0 255 0 0 0 251 255 255 0 57 224 255 255 0 255 255 255 0 0 0 3
    255 213 255 138 255 0 0 0 255 255 255 255 0 156 255 255 208 0 15 31
    255 255 255 0 0 0 255 255 0 0 0 255 211 255 255 0 81 0 0 255 230 52
    70 255 255 78 120 255 255 0 0 0 255 86 0 255 255 0 101 0 255 255 0 0
    255 0 151 69 21 255 0 0 0 255 0 0 0 0 255 146 213 255 68 135 152 255
    255 66 255 0 0 255 0 255 148 255 0 255 0 0 0 197 255 28 255 0 139
    206 255 255 159 0 22 255 0 0 255 0 255 253 0 159 0 0 255 255 0 0 255
    255 255 255 255 0 245 0 255 255 59 0 160 0 237 255 255 217 255 255
    17 255 0 255 0 0 0 255 0 255 255 0 255 0 154 0 255 255 20 255 70 0 0
    0 255 0 255 0 0 255 255 0 193 249 19 0 0 255 255 30 0 255 255 255
    255 0 0 0 3 255 169 255 255 120 85 0 0 0 255 255 255 255 255 0 0 255
    0 255 255 114 0 0 60 255 0 255 255 0 0 0 255 255 0 0 255 0 117 180
    255 0 255 0 0 255 115 87 0 0 0 255 255 255 0 255 0 116 0 0 255 0 255
    0 255 255 0 255 0 255 255 0 0 0 255 255 0 0 254 0 255 0 255 0 255
    255 255 0 0 0 255 0 0 255 0 255 0 255 0 255 0 255 255 0 0 0 255 0
    255 255 255 255 0 0 0 255 242 255 0 255 0 255 183 255 0 135 255 255
    255 255 0 0 0 255 255 0 0 255 255 0 255 0 255 255 255 0 177 0 0 0
    255 0 255 255 180 0 73 255 0 0 0 58 255 0 0 0 35 255 0 255 255 255
    255 0 0 0 0 0 0 255 255 255 255 0 255 0 255 255 255 0 20 255 255 0 0
    178 255 0 0 0 255 221 255 255 255 0 0 0 74 255 255 0 0 21 255 0 0
    255 255 0 94 0 255 4 24 255 161 255 0 255 0 255 0 96 255 255 255 0
    255 0 0 120 0 0 56 0 255 254 255 142 75 0 255 0 255 0 255 0 255 160
    0 41 255 227 7 238 0 255 0 0 255 255 255 0 255 255 255 0 255 0 0 0
    255 255 0 0 0 255 255 0 0 255 255 0 28 255 255 255 255 108 255 0 255
    0 0 0 255 0 0 0 0 203 0 255 112 255 0 255 255 0 255 255 0 0 0 255
    194 255 0 255 0 170 0 255 255 0 140 218 255 0 0 0 255 190 0 255 0
    255 255 0 255 0 93 0 255 255 255 255 0 0 0 255 0 255 0 255 0 255 126
    255 0 245 172 137 255 255 255 255 255 0 255 159 0 255 0 0 39 255 255
    255 202 255 0 0 0 255 255 0 255 0 255 146 255 255 255 0 255 0 255
    255 255 255 0 0 110 255 255 159 0 255 106 255 255 30 0 0 255 223 22
    255 127 57 255 0 255 62 255 255 67 0 140 170 169 0 255 255 0 0 255 0
    0 0 255 255 0 0 70 0 255 255 137 0 0 255 180 255 0 0 152 255 255 255
    0 0 2 255 0 0 0 255 255 182 0 0 0 0 255 127 255 0 0 255 255 0 0 0
    255 255 255 0 0 0 0 0 0 255 0 162 198 0 171 0 255 255 99 255 255 255
    0 0 0 0 195 0 255 0 255 0 255 255 255 0 130 0 0 0 255 0 255 0 255
    145 0 0 0 0 255 255 0 255 0 255 0 255 0 0 255 233 255 255 255 0 0
    213 255 255 0 134 255 255 44 63 0 255 164 255 255 255 0 0 90 0 0 255
    255 255 0 0 255 117 255 255 255 0 0 0 255 0 255 255 255 0 0 255 34
    255 40 0 0 143 255 255 255 151 0 0 0 0 0 153 255 255 217 0 36 248
    102 255 255 0 255 255 255 0 255 167 0 85 255 255 76 0 255 255 143 0
    0 18 182 255 0 255 149 255 255 0 0 119 0 255 255 255 255 0 255 0 255
    0 255 0 255 255 14 0 104 255 255 255 128 0 0 255 45 255 0 0 0 255 0
    255 0 255 255 0 245 255 255 77 255 255 0 0 0 255 0 255 209 255 45
    255 197 255 0 255 255 255 0 0 0 0 0 0 255 255 0 255 255 0 0 209 190
    78 3 255 0 53 0 255 255 0 255 0 47 0 0 255 255 24 0 72 255 255 0 0 0
    76 0 255 255 255 0 117 255 255 0 0 216 255 0 0 0 0 255 255 34 255
    119 255 0 0 121 255 255 255 0 0 0 39 43 255 255 255 0 0 0 247 255
    255 152 0 180 0 255 50 0 0 255 0 255 255 255 170 255 12 220 255 255
    0 0 0 50 0 255 167 255 21 0 0 0 0 0 255 67 255 255 255 255 0 69 0
    114 255 0 0 0 255 0 255 0 255 0 255 0 0 0 0 255 89 255 255 255 255 0
    0 7 10 0 0 0 255 255 20 255 0 255 0 148 234 196 223 0 255 10 255 0
    255 0 0 255 255 0 0 84 255 255 255 255 0 0 0 255 216 0 0 255 255 0 0
    255 0 255 255 0 255 255 255 212 113 0 255 218 33 0 10 255 0 255 0
    255 255 255 101 255 0 255 0 247 0 0 255 255 255 255 0 0 255 255 0 0
    188 0 255 255 255 117 0 255 255 255 0 0 0 0 255 0 255 255 255 203 0
    0 0 255 255 255 155 255 0 0 0 255 255 0 0 0 0 0 255 255 255 0 255 0
    0 255 0 0 0 255 0 255 255 255 255 0 255 0 11 0 0 255 0 255 0 255 0
    130 255 255 252 0 0 4 255 255 0 202 63 255 0 0 255 0 0 0 0 255 234 0
    0 0 255 1 41 0 255 0 255 0 255 0 255 255 0 219 0 255 0 255 0 255 255
    255 255 168 0 0 255 255 0 0 255 255 255 4 0 93 255 60 0 0 0 255 255
    255 0 0 255 107 0 255 255 255 0 255 0 255 0 255 255 0 0 0 255 0 75 0
    0 255 255 255 255 184 255 211 255 0 255 0 29 255 174 0 0 255 255 0 0
    255 0 0 0 255 0 255 0 255 255 0 0 0 0 255 0 0 255 255 0 0 255 50 0 0
    0 0 0 0 0 97 0 15 255 176 0 0 229 0 5 255 0 187 255 207 0 0 0 185
    165 162 255 178 0 148 0 180 0 0 255 255 0 0 0 255 255 250 255 97 43
    0 0 135 255 49 255 0 255 0 255 255 255 24 255 0 28 255 0 0 0 255 255
    255 0 0 0 253 255 0 233 0 255 255 0 0 0 255 255 255 0 0 0 177 255
    255 0 255 255 255 255 0 0 255 255 255 255 255 217 0 255 0 255 0 255
    255 0 255 183 0 0 0 255 255 255 211 114 255 0 0 0 0 0 255 255 255 0
    90 221 255 255 0 255 0 255 0 255 0 0 255 199 131 0 255 142 255 255
    255 255 0 0 0 0 0 255 255 0 0 255 255 0 0 0 255 25 0 255 0 144 46
    255 5 255 0 255 0 205 0 0 255 0 0 0 255 255 255 20 0 0 255 125 0 255
    255 255 197 0 255 0 130 255 239 110 0 255 255 255 0 0 0 255 255 0
    255 0 255 255 128 255 86 139 0 255 255 46 126 0 0 255 255 0 0 0 23
    255 255 0 255 0 255 255 255 0 0 0 255 0 0 0 255 255 255 255 255 0
    169 0 255 253 174 255 0 215 0 0 0 255 255 0 80 255 0 255 0 255 0 39
    255 0 58 0 0 255 255 255 0 0 0 0 0 0 255 3 0 0 0 255 255 255 0 0 255
    255 255 255 0 0 255 0 0 0 4 27 0 0 0 143 255 0 0 0 56 0 255 255 255
    0 255 0 0 255 255 255 0 255 181 43 0 161 255 0 255 0 255 0 95 63 255
    0 57 0 0 113 0 255 255 0 0 0 255 0 255 0 0 23 255 0 255 0 255 0 255
    255 255 0 255 0 103 0 24 0 255 255 27 0 255 107 255 0 255 255 255 0
    0 255 255 134 0 255 0 255 0 255 0 255 255 255 255 0 255 255 0 255 0
    255 0 0 22 255 230 0 0 0 0 250 243 255 145 173 255 255 83 0 0 0 97 0
    223 255 0 255 214 255 255 19 255 0 255 0 255 255 255 255 0 134 255 0
    16 21 73 58 255 0 255 0 255 26 255 255 157 255 0 0 255 255 70 179 36
    255 204 112 111 255 255 0 0 0 52 0 0 255 255 255 0 0 198 0 255 0 0 0
    0 255 0 255 0 0 104 255 169 255 0 0 0 52 255 0 255 166 0 225 0 165
    255 0 0 0 0 0 255 255 0 12 255 255 255 0 0 255 255 0 0 0 210 1 0 255
    255 0 0 0 255 255 0 0 255 110 54 183 255 0 0 255 255 18 0 255 255 0
    0 255 94 255 0 81 255 0 255 0 255 0 255 184 255 0 0 0 255 237 255 52
    255 97 255 255 255 0 255 0 255 0 255 0 0 113 126 0 0 255 255 218 0
    255 255 0 0 255 255 255 55 255 255 161 0 0 235 0 255 122 0 255 255
    71 0 190 0 0 0 255 251 255 0 68 0 217 255 255 19 0 0 255 0 255 0 255
    255 217 255 0 0 0 255 255 0 149 0 0 0 255 0 0 0 0 71 255 0 66 255
    117 255 187 0 255 255 255 0 255 255 255 87 255 255 0 0 0 255 255 255
    0 0 0 0 0 0 255 255 26 255 35 96 0 255 230 255 0 255 82 255 255 44
    109 255 0 0 0 0 0 0 255 255 0 0 0 255 255 0 0 255 0 251 0 255 225 0
    243 0 255 244 0 255 255 255 255 0 0 0 255 0 255 0 0 255 255 255 0 0
    136 145 255 0 255 0 0 0 255 0 132 255 0 255 0 255 0 35 255 0 255 129
    0 255 127 255 77 11 248 0 171 0 255 0 255 0 255 255 0 255 0 255 0 0
    255 0 0 0 255 255 223 0 255 128 0 255 255 219 0 0 255 0 32 255 0 0
    232 184 0 255 255 255 0 255 0 0 253 255 255 0 211 255 255 0 255 255
    0 0 0 0 0 0 0 255 255 229 0 84 0 255 0 134 9 255 0 103 80 255 240 0
    245 255 0 96 0 255 0 168 25 255 255 235 255 0 255 0 177 0 255 0 0 0
    0 200 255 25 255 101 93 255 62 0 0 255 90 255 91 59 109 0 0 255 254
    0 102 255 149 103 255 255 104 255 156 0 0 242 0 0 0 0 255 255 220
    255 0 0 0 206 101 255 255 52 255 0 255 255 255 76 255 0 0 255 232
    255 0 202 0 254 0 75 0 255 0 255 255 255 0 91 255 255 159 0 255 0
    255 76 0 255 0 255 255 255 159 0 0 0 255 0 0 0 255 255 255 0 255 0
    40 0 255 75 244 0 0 44 29 255 255 255 0 0 255 0 0 0 255 0 255 255
    255 255 0 0 0 255 255 255 255 255 0 0 255 0 255 0 96 0 255 0 255 101
    255 57 0 255 255 0 0 0 255 0 255 255 255 34 0 0 255 255 0 255 0 213
    255 33 0 0 0 0 0 255 255 175 0 255 200 255 0 255 255 0 255 176 206
    255 0 0 0 0 0 255 0 255 0 0 0 255 255 255 0 255 255 0 87 0 255 0 255
    0 255 255 0 0 0 0 255 255 255 19 0 0 0 0 255 0 255 0 33 255 88 131
    255 46 255 0 228 255 26 216 255 0 255 255 0 0 0 255 202 255 255 255
    255 0 0 255 255 175 0 101 255 255 255 255 255 18 0 0 255 0 0 0 255
    255 0 0 0 255 255 255 201 0 230 0 255 242 255 0 255 0 0 13 255 255 0
    0 0 255 0 172 255 255 255 0 0 0 0 0 182 255 255 255 255 0 0 0 255
    255 255 0 255 133 241 0 0 0 255 255 255 0 215 0 0 0 255 255 0 0 0 0
    255 255 255 0 235 0 0 0 255 255 140 0 0 255 0 255 0 63 0 255 0 0 143
    255 255 0 255 0 0 239 255 255 0 255 0 255 0 255 0 255 255 255 0 255
    255 255 92 0 255 255 255 255 223 121 0 255 255 255 133 0 0 255 0 0 0
    255 141 255 255 255 0 0 165 218 255 0 0 255 255 255 0 112 255 255
    255 255 0 0 255 255 0 0 255 0 0 255 0 255 0 255 0 255 255 255 0 0 0
    0 255 147 255 0 255 0 220 0 127 0 255 0 255 255 0 0 0 255 48 0 0 255
    0 255 0 155 0 255 255 0 255 181 38 0 0 0 185 255 255 255 96 0 0 0
    188 255 25 0 255 198 255 0 0 255 255 255 0 0 0 87 213 0 0 255 255
    255 0 87 0 0 0 0 35 0 255 255 255 255 0 255 0 255 0 255 0 0 236 149
    255 155 0 255 255 0 255 0 255 0 0 23 255 255 0 0 0 255 0 225 255 0 0
    0 0 255 212 255 255 255 120 0 0 0 0 0 177 255 255 199 196 0 0 63 0
    255 57 186 255 166 255 255 255 0 0 255 82 226 255 235 0 0 255 255 0
    0 247 255 255 0 0 255 255 255 0 0 0 0 0 0 255 0 255 153 255 103 0
    255 255 229 0 0 0 0 0 255 255 255 255 255 255 69 0 0 0 255 255 255
    48 0 231 138 0 100 9 0 255 255 187 0 0 255 255 255 0 228 0 0 0 249
    68 255 255 0 0 255 255 98 0 255 255 145 255 183 174 255 0 0 42 255
    175 255 75 255 255 255 69 0 0 255 0 255 0 255 0 0 255 255 255 19 0 0
    68 178 52 255 74 25 0 0 255 51 255 255 0 255 0 0 0 87 255 255 0 0
    255 255 255 0 0 32 255 255 255 0 0 0 0 255 255 255 0 0 0 27 255 255
    255 255 0 255 0 194 1 255 255 0 255 255 86 0 0 192 0 255 197 255 0 0
    67 0 0 0 191 255 255 255 0 162 0 0 0 255 0 184 113 191 255 255 0 255
    0 0 255 255 255 38 255 0 255 255 255 0 0 0 0 0 0 255 0 0 0 255 255
    255 255 0 0 0 255 255 255 206 129 0 255 0 255 0 0 95 255 255 74 135
    0 0 255 0 255 193 224 255 0 255 255 255 255 224 113 117 255 255 255
    255 0 0 0 0 255 115 0 0 255 69 0 115 255 0 0 0 255 0 255 255 255 0 0
    155 214 255 0 0 0 255 0 255 0 255 255 255 241 0 0 255 65 0 0 196 255
    255 255 255 0 0 210 0 255 255 0 211 0 255 255 255 0 255 0 127 0 0 0
    0 255 255 255 255 138 192 0 255 255 255 255 0 0 0 202 31 29 213 108
    0 0 255 0 255 1 0 255 0 255 139 255 0 255 255 255 0 0 0 61 119 255
    45 255 255 255 255 238 0 255 0 255 0 255 37 255 0 0 0 0 0 255 255
    255 0 0 7 255 255 0 149 0 255 0 0 8 255 0 255 255 0 255 255 255 0 64
    0 0 0 255 0 255 0 0 0 255 0 255 0 101 0 0 255 0 255 0 255 255 0 0
    255 58 141 0 0 255 255 255 255 0 31 255 0 0 255 255 0 8 51 99 255
    209 255 0 255 255 255 0 0 0 255 255 0 0 255 0 255 1 255 0 255 0 119
    0 255 0 0 156 0 0 0 0 255 0 20 0 0 255 0 255 255 155 255 0 233 0 55
    0 255 255 255 255 0 255 255 0 0 255 255 255 0 0 255 255 0 255 0 0 0
    255 0 255 0 255 106 255 255 255 0 255 0 0 255 71 255 255 0 255 0 255
    0 0 0 255 255 0 0 255 129 0 255 255 0 206 0 109 0 255 0 0 0 255 0
    255 0 209 255 255 255 45 190 0 255 0 0 0 255 255 0 0 0 255 0 255 255
    255 0 208 0 255 142 10 255 0 255 0 0 255 0 255 83 255 0 255 0 137 0
    156 222 0 53 58 255 255 255 255 236 255 255 0 0 255 0 0 0 255 255
    147 114 212 255 255 0 51 0 255 255 0 0 0 49 0 0 255 255 255 0 0 255
    255 255 153 255 255 0 255 0 0 0 255 255 255 154 0 198 255 255 255 59
    255 0 175 0 255 0 0 0 0 249 255 255 14 0 0 0 255 253 0 0 0 58 255 0
    0 191 255 255 255 97 255 255 0 0 162 217 255 142 0 255 255 255 255
    255 12 0 255 0 255 0 255 0 0 255 255 255 201 255 255 0 0 0 255 255 0
    0 0 100 0 255 255 0 193 0 0 0 0 255 0 0 0 255 255 209 0 67 0 255 0
    255 0 255 116 0 0 0 255 255 255 255 0 86 0 255 255 255 0 0 255 255 0
    255 0 255 255 255 184 255 109 0 59 255 255 255 0 0 0 255 255 217 255
    0 255 104 255 0 173 199 255 0 0 255 0 46 0 255 255 0 255 125 255 0
    173 0 255 255 255 0 255 0 0 251 255 60 228 255 255 0 0 255 0 237 255
    255 255 0 255 0 255 0 255 75 0 0 255 155 58 0 255 0 254 0 154 255 0
    141 0 255 255 255 126 61 0 255 0 255 255 255 0 255 255 0 255 164 255
    0 0 255 255 0 0 255 180 53 255 0 255 0 255 255 255 138 0 138 0 255 0
    255 255 255 255 255 255 0 0 255 146 113 0 255 255 255 116 255 0 0 0
    255 255 255 0 255 0 255 255 255 255 106 0 211 0 255 0 238 0 255 255
    255 255 255 0 0 0 255 173 0 0 0 255 255 255 0 252 255 0 0 0 255 0
    255 0 255 0 255 0 255 255 255 255 0 255 0 240 0 55 255 103 0 255 6
    255 255 88 0 0 255 0 0 0 255 255 255 207 255 255 0 0 0 255 255 255
    101 0 0 255 255 255 255 0 0 255 255 255 82 255 0 0 255 255 141 0 0
    255 255 59 0 87 255 237 180 0 0 255 0 255 0 153 255 255 255 0 156 0
    255 0 255 172 255 0 0 0 0 255 255 0 0 0 255 189 0 0 0 47 255 182 0
    255 255 255 0 45 255 0 0 0 255 0 255 0 13 0 0 255 255 255 0 184 255
    255 0 0 255 243 5 0 255 255 255 0 255 0 0 0 0 255 255 0 0 255 255
    118 255 0 0 0 255 0 255 0 255 0 38 0 255 0 0 125 23 0 0 255 0 255 0
    0 255 2 255 0 255 60 255 137 255 0 0 19 0 255 255 255 0 0 255 218
    255 178 0 148 255 255 0 0 255 208 0 0 255 0 255 0 255 255 255 53 255
    0 0 0 0 255 255 0 0 0 255 0 0 253 0 255 210 14 0 0 74 241 0 71 0 0
    255 255 16 163 206 0 0 255 0 14 0 255 0 10 0 0 255 255 212 0 255 255
    0 66 46 255 0 0 174 255 255 0 240 0 231 0 0 0 255 255 255 255 255 0
    255 62 255 255 0 255 255 255 0 255 0 36 36 0 255 255 255 0 0 0 255
    24 255 0 0 71 255 255 255 0 255 0 255 0 0 0 255 255 0 0 109 0 0 0
    255 255 255 247 255 0 255 0 0 16 95 255 0 255 0 255 0 39 255 255 0 0
    255 0 0 0 255 0 255 0 255 255 0 0 203 0 255 255 229 0 0 255 0 255
    226 255 0 41 0 255 255 0 255 255 255 0 59 0 184 0 255 95 165 255 212
    255 0 255 255 232 228 255 255 255 240 252 255 89 255 0 255 255 0 0
    144 59 0 0 0 161 255 0 133 255 255 0 0 255 255 0 60 0 119 0 255 0 0
    0 255 255 255 0 252 0 255 156 255 74 69 0 167 0 0 0 255 65 255 255 0
    0 23 218 255 255 0 229 7 25 214 0 255 202 255 255 0 0 0 255 255 0
    255 0 255 0 255 0 0 56 255 255 0 0 137 255 0 0 231 247 255 0 201 0
    255 0 255 0 255 255 255 255 0 0 55 0 255 255 0 255 255 0 255 255 255
    0 255 0 0 188 182 255 255 255 255 255 0 255 0 255 160 255 0 255 0
    255 0 255 28 255 255 0 0 44 255 254 0 255 255 255 0 0 0 255 255 255
    255 0 169 201 255 0 0 255 135 255 0 0 255 0 0 0 13 255 255 0 16 0 54
    0 255 255 244 130 0 0 255 130 74 0 255 0 0 255 142 255 0 0 0 255 255
    255 0 255 90 255 255 255 255 0 0 0 60 151 255 0 0 0 0 204 255 0 0 2
    255 255 74 0 88 0 0 0 255 255 255 0 0 0 255 0 255 127 0 255 150 255
    255 255 143 0 0 9 255 42 53 255 0 0 0 0 255 255 0 37 255 255 187 51
    33 238 0 0 255 0 255 0 255 0 255 0 255 255 255 0 0 0 183 0 255 255 0
    0 255 255 0 178 0 255 255 255 170 0 255 0 255 0 255 0 255 0 255 0
    255 0 0 0 194 255 0 228 102 255 0 255 0 0 0 255 230 0 0 0 0 255 0
    189 255 255 94 0 0 255 255 255 0 255 30 7 255 0 147 0 255 13 255 130
    255 255 255 0 255 255 0 255 0 0 233 255 255 255 255 255 255 72 0 0
    255 97 255 0 255 0 0 0 255 255 0 0 10 0 0 255 0 52 255 0 255 0 65
    255 0 255 126 255 0 0 0 255 0 255 0 0 183 255 0 255 0 255 255 59 255
    213 15 0 255 0 255 255 93 155 0 255 255 0 0 0 0 171 34 255 0 255 0
    255 0 255 255 255 255 0 255 90 255 0 240 255 144 255 255 21 173 0
    255 0 30 169 0 255 0 255 0 0 0 0 0 86 0 255 255 0 0 132 255 24 232 0
    61 255 0 255 0 0 40 255 255 0 0 0 255 23 255 255 255 0 255 0 0 255
    151 0 0 255 58 0 0 0 255 255 255 98 0 255 255 255 16 0 255 0 176 0
    255 0 255 255 255 0 0 31 201 255 0 255 0 255 0 255 0 255 255 241 68
    97 255 255 223 34 187 0 255 255 0 0 0 255 0 0 255 89 54 0 0 0 255
    255 255 0 0 255 255 255 255 0 255 0 255 104 255 0 255 0 255 0 81 255
    255 255 255 29 255 255 255 0 253 128 125 0 0 165 255 112 0 0 0 0 255
    255 152 0 0 255 255 0 0 255 255 0 255 0 255 0 255 0 43 174 255 200
    255 0 0 0 255 255 255 0 0 255 0 0 0 121 0 255 0 0 255 0 255 0 255
    255 255 0 255 0 255 0 0 0 79 255 255 182 0 0 0 255 255 0 0 0 255 255
    0 0 0 0 170 255 45 255 0 0 255 163 255 255 255 142 0 0 255 0 21 99
    204 162 255 0 0 0 255 231 255 0 255 255 226 0 0 255 90 255 0 255 255
    255 110 0 255 255 255 0 255 255 255 0 0 0 223 0 255 255 255 0 0 70 0
    255 255 127 0 255 0 253 255 0 0 0 0 255 255 0 0 0 0 18 255 255 0 0 0
    255 255 255 255 0 148 206 255 255 255 244 255 0 255 186 0 0 0 255 38
    234 68 255 0 255 255 255 0 255 0 0 239 255 255 0 0 0 0 255 255 255 0
    0 116 81 111 255 255 255 255 255 0 0 0 0 255 0 0 0 0 255 90 0 105 0
    255 255 255 255 0 255 0 255 0 0 166 255 255 0 255 255 255 0 152 0 0
    210 255 0 42 216 255 182 0 18 0 0 0 0 255 255 0 0 0 0 255 0 0 241 0
    123 0 121 255 255 255 0 0 0 255 0 255 51 255 42 255 0 255 255 0 0
    255 255 255 255 0 0 0 255 255 189 137 0 255 255 255 0 0 0 0 0 0 255
    83 255 0 0 0 49 91 255 255 0 0 255 0 255 0 0 115 255 255 255 0 0 0 0
    255 0 89 0 248 190 0 255 0 255 0 255 203 180 0 255 255 255 0 0 78 0
    255 0 255 201 0 0 255 0 255 255 0 255 0 255 0 255 255 0 201 255 255
    207 0 0 212 255 0 0 0 255 255 255 0 255 255 46 246 0 167 40 255 255
    255 15 139 0 0 233 60 255 255 255 0 0 0 255 49 255 50 0 0 0 69 86 1
    255 255 0 255 232 1 0 56 92 255 255 0 0 255 255 0 0 255 0 203 255 99
    255 0 255 0 205 0 0 0 0 132 0 0 0 0 255 255 36 0 0 255 255 0 5 0 0 0
    61 255 255 255 218 166 255 255 100 0 0 0 0 255 0 255 255 255 0 255 0
    159 255 175 255 0 0 0 198 0 0 74 0 0 0 255 255 255 0 0 0 255 255 0 0
    0 127 255 0 0 255 42 126 0 87 255 107 0 0 37 255 255 255 0 0 0 255
    165 255 0 255 255 255 255 54 0 0 255 255 0 78 255 255 255 0 255 255
    255 0 0 255 255 255 0 255 0 100 20 255 255 0 0 18 0 99 0 255 255 0 0
    255 255 0 255 0 255 0 255 255 0 0 255 255 255 0 0 0 255 0 255 255 0
    193 255 255 0 129 0 99 0 0 255 0 255 255 255 0 0 255 255 255 0 0 0 0
    113 255 255 255 255 0 8 0 4 255 0 0 180 255 255 70 0 0 255 253 255
    255 255 255 0 255 0 0 0 255 25 255 0 255 0 255 255 255 0 0 0 0 0 255
    255 255 0 0 0 0 255 255 43 228 10 131 0 255 255 255 255 255 0 0 0 0
    255 255 255 0 0 255 0 255 0 255 138 107 39 151 255 0 255 144 255 0 0
    0 0 255 226 0 95 0 255 0 21 155 86 146 255 255 0 0 255 255 255 0 255
    105 196 0 0 45 255 0 255 6 0 0 0 0 255 0 0 255 0 255 0 0 0 255 255
    122 0 0 38 255 191 255 158 253 221 0 0 146 255 111 0 39 0 255 150 0
    0 255 0 0 0 0 88 0 255 0 172 119 255 255 0 0 0 0 0 255 255 255 255 0
    0 0 76 0 45 255 255 255 255 0 0 250 255 0 0 255 0 255 255 0 255 0 0
    255 0 255 89 0 0 0 255 255 0 0 0 255 255 255 255 0 255 33 49 0 0 130
    1 255 0 141 255 255 0 8 0 255 255 0 94 255 213 255 255 0 255 118 255
    207 119 255 184 255 255 0 200 255 255 0 0 0 0 0 74 255 255 255 0 0
    255 1 0 0 0 28 255 166 255 0 0 0 0 255 255 246 255 239 0 228 255 0
    255 0 0 255 206 255 31 255 0 0 0 255 255 255 0 0 0 255 0 0 0 0 255
    255 210 239 0 0 0 255 255 255 0 255 0 228 0 0 0 47 255 0 255 255 255
    0 0 255 255 0 255 0 40 255 255 22 0 0 0 0 0 255 255 42 0 255 255 255
    0 255 0 0 255 149 255 0 255 0 2 0 255 0 255 0 255 0 255 255 255 0 0
    216 0 255 0 255 70 21 0 0 255 0 255 100 255 0 194 0 255 0 255 0 0 0
    48 255 0 255 255 255 141 0 255 0 0 0 0 255 0 255 0 255 70 255 255 0
    0 0 255 255 0 0 255 255 36 255 25 0 255 0 255 0 0 255 255 0 197 0
    255 95 75 255 255 0 0 0 255 9 255 0 255 0 255 0 173 255 255 0 161
    255 127 255 0 0 0 0 255 255 255 255 255 0 0 0 76 255 0 255 255 255 0
    0 0 255 59 0 192 0 255 43 255 0 0 59 255 255 255 16 0 255 0 0 84 245
    255 255 0 255 0 255 0 0 180 0 0 255 255 0 0 2 0 255 0 120 206 255 49
    123 0 0 255 244 255 255 255 255 0 107 0 180 255 97 255 0 0 0 0 255
    255 0 0 255 255 255 0 0 255 255 255 255 255 21 0 18 0 255 53 86 255
    0 0 227 255 255 255 255 255 0 0 0 255 0 255 0 255 255 255 95 200 0 0
    255 146 255 0 255 174 255 0 0 128 0 0 255 255 255 0 235 255 0 255
    209 255 0 255 255 255 255 255 255 255 7 255 217 0 255 0 147 135 0
    255 255 7 0 255 255 0 0 255 0 255 0 162 191 167 0 0 255 255 233 0
    255 0 255 0 0 255 255 255 0 0 0 0 255 255 226 0 0 135 122 255 255
    255 0 0 0 0 255 0 255 255 255 225 0 0 0 67 255 0 159 0 151 255 255 0
    0 0 241 255 255 0 102 255 255 255 0 42 0 255 0 255 255 255 0 165 0
    255 255 0 255 227 255 255 144 255 0 0 255 183 137 0 255 255 0 93 0
    255 126 255 0 255 255 255 0 0 110 0 0 0 255 0 0 0 0 255 255 255 119
    255 3 0 125 0 0 0 167 191 255 0 96 0 255 0 237 255 255 255 170 255
    255 0 0 0 0 255 255 0 0 1 255 114 255 255 0 0 255 216 0 255 0 255
    193 255 63 0 255 113 255 0 255 73 255 0 0 0 255 255 0 0 255 0 255
    147 255 0 0 237 255 255 255 0 0 0 255 255 255 0 0 0 255 90 255 0 0
    255 0 0 0 255 5 0 154 255 255 148 0 255 255 255 0 0 255 255 189 0 0
    255 255 202 0 60 0 255 255 0 255 0 0 0 255 255 0 0 255 255 255 255 0
    20 0 255 255 176 0 0 0 0 255 255 119 255 75 255 255 255 255 0 96 44
    255 255 0 0 20 255 255 255 255 255 255 255 204 17 0 255 0 255 0 255
    0 255 255 255 67 0 255 255 255 255 255 0 0 255 255 0 0 84 255 255
    255 0 255 15 255 255 0 0 49 160 255 0 245 255 255 0 255 0 255 0 0 0
    255 0 0 0 147 255 255 255 0 116 255 255 255 255 186 255 102 255 0
    255 160 255 255 0 255 0 255 255 176 0 255 0 193 255 255 0 142 255
    185 0 255 0 0 255 255 255 255 255 0 0 0 135 0 255 255 94 255 255 255
    0 255 0 255 0 255 255 255 0 0 255 255 220 0 255 0 0 255 0 255 255 0
    39 0 101 255 0 255 255 0 0 0 255 255 0 0 255 158 255 10 0 0 255 255
    255 255 0 255 130 0 0 0 255 255 255 255 0 255 81 78 0 255 56 168 0
    47 255 255 255 255 255 0 0 0 107 255 255 255 0 0 255 255 0 0 0 255
    255 0 54 0 43 255 115 255 0 255 0 0 0 255 0 0 0 255 0 255 255 255
    255 0 255 255 255 0 255 29 255 185 0 255 0 68 255 0 255 255 164 229
    0 0 236 255 255 25 0 0 255 0 255 0 255 255 255 34 18 207 148 0 255
    255 255 0 255 0 217 0 255 0 255 255 255 255 0 0 0 255 0 255 0 255 0
    255 0 255 125 255 0 0 0 0 0 255 5 255 0 255 0 255 117 53 0 255 0 0 0
    255 255 113 198 0 255 200 255 255 0 0 0 255 0 255 0 0 0 255 255 255
    255 255 0 255 255 0 96 0 255 0 0 255 255 114 0 146 255 0 0 255 0 255
    0 199 0 255 0 84 255 255 0 0 255 255 255 36 255 255 0 0 255 238 0
    100 0 255 0 0 255 19 255 0 0 0 255 0 255 35 3 0 0 255 255 255 157
    255 5 255 0 0 0 255 255 255 0 255 255 0 0 255 255 255 0 249 0 255
    205 255 255 0 0 187 255 0 0 0 168 255 0 255 0 255 0 255 0 255 164 0
    0 0 224 255 255 255 255 0 255 255 180 0 255 255 255 59 0 255 255 0 0
    0 255 0 73 255 255 255 0 0 0 0 0 192 29 255 103 255 0 255 0 247 0
    255 0 0 0 199 0 255 0 255 0 203 0 255 255 0 63 0 255 0 255 255 145 0
    255 0 255 0 0 0 0 100 0 255 255 255 0 255 0 255 0 0 216 0 255 0 255
    0 179 0 152 0 0 255 28 255 0 255 255 0 0 0 95 255 0 29 255 25 255
    174 0 0 255 121 0 0 255 255 172 255 0 255 0 0 255 255 0 183 0 255
    255 0 0 0 171 0 0 128 0 255 0 255 255 232 255 255 0 0 0 0 255 0 0 0
    255 255 255 255 0 255 255 0 202 255 255 255 0 0 0 10 0 0 255 255 255
    250 255 221 0 0 255 255 255 255 255 255 0 0 0 255 255 0 2 0 222 255
    255 0 255 0 255 255 0 0 0 193 47 238 255 255 0 4 255 0 255 0 255 0 0
    0 255 255 156 158 255 255 0 0 0 255 255 255 255 0 224 255 234 0 0 0
    0 235 185 0 255 0 255 0 255 0 255 0 0 0 255 255 0 0 10 255 255 0 0
    154 255 255 188 255 92 0 0 255 255 26 0 0 255 67 0 0 48 25 0 255 0 0
    0 19 255 255 255 255 0 92 242 0 0 0 255 8 0 255 30 0 0 5 255 255 255
    255 255 255 0 255 0 255 0 255 0 255 213 97 0 255 255 255 0 0 0 255
    255 67 221 66 255 0 255 255 255 0 0 0 255 204 0 255 0 11 0 255 0 255
    0 255 184 0 0 0 255 0 72 255 80 155 0 255 0 255 0 255 82 0 91 0 0 0
    255 0 255 255 255 0 255 0 255 0 255 45 0 0 252 0 255 0 255 0 0 0 168
    255 0 255 0 255 103 0 255 112 255 0 0 89 0 0 255 0 255 0 0 0 255 255
    0 255 0 255 0 230 255 31 30 0 0 0 246 0 255 0 255 0 0 39 0 97 0 255
    255 0 0 0 255 255 0 63 6 255 0 255 195 0 255 0 255 0 0 255 255 0 0 0
    0 255 0 255 0 0 119 255 0 0 0 255 255 255 0 255 0 255 0 0 0 0 255
    255 0 0 61 255 255 0 0 0 255 0 255 0 255 173 255 0 255 0 0 0 93 255
    255 0 255 0 0 255 255 255 0 0 255 255 255 0 255 77 255 0 0 0 164 93
    255 255 255 0 245 255 255 217 255 255 255 105 255 255 0 112 255 255
    0 255 255 0 255 0 255 75 61 255 0 0 255 255 0 12 163 14 0 100 102
    255 0 111 0 0 197 0 0 255 255 255 0 190 0 254 0 220 255 197 0 0 0 0
    0 0 255 58 0 255 255 19 77 255 255 255 0 210 0 255 255 206 255 0 255
    0 0 13 255 0 0 0 46 0 255 112 255 0 91 255 255 0 0 193 255 0 3 194 0
    255 0 255 255 255 0 0 186 0 255 255 255 255 0 255 0 0 171 255 8 165
    0 255 255 0 0 0 255 255 0 255 0 0 255 255 255 0 255 0 0 255 255 255
    0 28 0 0 254 255 0 255 106 255 0 0 255 0 255 0 255 255 0 251 0 159
    255 255 255 0 0 255 0 255 255 255 0 0 0 0 63 0 0 255 21 255 0 255 0
    47 16 255 255 0 255 0 255 0 255 123 255 222 255 0 0 255 102 255 0
    255 63 0 163 0 255 219 255 204 255 255 255 0 255 255 147 0 255 0 255
    255 255 255 0 47 175 255 0 0 0 255 255 0 255 0 255 255 255 0 255 255
    0 255 0 255 0 255 0 0 0 255 255 0 41 0 255 40 177 0 255 166 255 0
    255 0 0 255 255 181 0 0 0 255 255 0 0 0 255 255 21 0 50 255 255 255
    45 0 255 0 0 0 255 255 255 0 255 12 0 255 255 255 255 0 255 255 0 0
    255 64 255 0 0 255 0 255 255 255 255 178 0 0 86 255 255 0 95 0 255
    255 255 0 0 73 0 0 218 0 255 167 255 255 0 0 255 0 255 255 251 0 0
    176 0 255 251 255 255 190 255 0 0 16 255 31 0 255 255 255 0 0 0 0
    255 0 255 255 255 255 0 0 255 78 0 0 0 255 0 255 0 255 168 255 233
    14 95 0 0 255 255 255 0 0 0 255 136 0 17 0 255 255 255 255 0 255 255
    255 0 0 93 255 0 255 0 0 0 0 2 94 255 0 0 255 255 255 0 255 255 255
    0 255 255 255 255 203 255 149 0 0 255 255 255 0 255 255 0 112 255
    255 0 255 255 255 0 0 0 255 255 107 255 191 0 0 0 255 255 0 0 255 0
    255 255 39 255 0 59 0 255 0 111 89 255 77 0 0 255 255 0 0 27 255 255
    255 53 0 99 255 255 122 235 0 126 242 255 255 0 77 0 0 0 0 138 0 255
    255 0 0 255 255 255 0 40 0 255 0 255 187 255 0 0 0 255 255 80 255 0
    0 0 57 0 255 0 255 0 166 0 255 6 255 0 255 255 212 255 243 255 0 0 0
    255 0 255 169 0 63 255 255 0 0 255 255 27 255 255 255 0 0 255 255 0
    0 0 255 0 255 241 205 255 0 27 0 24 255 0 255 255 255 0 171 0 255 0
    0 0 193 255 85 0 0 255 255 255 152 255 0 255 70 255 0 196 57 79 255
    0 180 255 0 255 0 255 0 255 0 255 255 0 255 0 255 0 2 255 255 255
    255 0 0 255 255 255 179 48 0 0 255 183 255 0 255 1 39 0 239 55 255 0
    214 255 255 255 220 0 107 0 255 255 255 255 0 255 255 123 255 255 0
    0 255 255 255 0 0 0 255 239 189 0 255 255 255 255 0 255 255 72 0 0
    225 255 80 255 0 255 0 255 0 255 15 255 101 158 0 0 0 255 218 0 0
    114 0 255 86 255 205 255 0 0 255 140 255 0 0 255 0 36 0 0 0 90 255 0
    0 0 0 0 0 0 255 221 255 0 0 0 255 255 0 0 255 0 255 255 255 198 255
    255 255 0 92 0 0 46 255 255 40 0 0 175 255 255 255 0 0 0 27 255 148
    0 255 199 0 0 255 255 255 0 100 255 255 0 255 0 255 0 255 0 255 0 0
    0 0 255 0 255 0 255 0 255 126 0 0 74 255 255 255 255 0 0 0 0 255 255
    170 0 156 0 255 0 0 0 255 255 0 255 0 255 0 255 0 0 0 255 255 0 0
    140 255 255 255 0 0 0 187 255 255 0 0 0 255 166 255 0 255 0 198 255
    255 255 255 255 20 0 0 0 255 255 162 0 255 0 0 0 79 255 0 142 0 0 97
    199 0 0 105 255 0 255 0 255 0 185 18 0 255 0 249 255 185 255 0 255
    137 255 0 255 255 241 0 0 0 74 255 13 215 0 147 0 255 0 255 255 255
    0 154 0 255 0 0 255 255 0 242 255 0 0 0 0 41 255 255 152 0 0 0 0 255
    246 255 255 255 255 255 0 0 255 255 0 0 255 255 255 0 152 0 46 255
    255 0 0 0 0 0 0 0 255 0 0 255 0 62 255 255 255 0 0 0 0 255 204 132 0
    255 238 151 0 255 0 255 255 0 0 0 0 0 255 255 255 229 0 0 0 255 0 0
    0 255 0 26 149 255 77 255 255 255 255 255 0 0 0 18 255 0 255 0 0 255
    0 0 0 255 0 164 0 0 255 0 0 0 0 104 0 0 126 255 0 255 0 255 255 65 0
    0 101 255 255 0 255 255 255 0 0 0 167 0 0 113 158 255 255 0 255 255
    255 255 255 0 0 0 255 255 0 255 0 0 0 0 255 165 206 0 60 0 255 255 0
    255 255 255 0 0 0 118 0 255 255 255 0 0 255 0 255 255 0 255 255 3 0
    0 0 255 255 255 255 0 255 0 255 255 0 255 0 255 0 0 255 255 0 0 0
    255 255 0 255 60 255 0 255 0 255 255 110 255 0 172 0 0 255 0 0 255
    255 0 0 125 194 0 0 0 255 255 255 0 0 0 0 0 255 209 212 0 0 118 0
    255 0 255 255 0 0 0 64 255 255 127 255 0 0 255 0 0 62 0 228 177 0 0
    255 0 0 122 255 54 95 255 0 0 0 255 255 255 0 0 21 0 0 0 123 255 255
    255 0 209 255 169 0 255 255 163 161 0 255 255 0 0 255 255 255 0 0 0
    255 0 0 255 255 255 0 118 0 218 0 255 0 0 0 0 255 255 255 255 255 0
    0 0 182 255 0 0 0 0 255 0 222 0 255 182 0 255 255 0 0 255 0 0 255
    255 0 29 0 0 0 162 0 0 255 255 255 255 1 0 0 255 255 0 255 255 255
    214 0 0 255 134 255 255 0 168 255 255 0 0 255 255 255 0 0 255 0 0
    119 71 255 0 0 147 255 255 53 160 0 0 255 255 255 0 255 255 206 255
    0 155 255 255 255 255 0 0 255 0 255 201 206 0 0 255 255 0 0 187 0
    255 0 0 255 255 255 22 0 0 255 56 255 255 255 255 0 0 63 0 255 255
    21 255 0 255 255 255 14 0 0 0 0 0 0 255 0 0 0 0 0 255 255 255 0 255
    201 0 148 0 255 255 255 255 255 98 20 0 255 107 255 255 125 255 0
    255 34 255 0 209 0 255 0 255 255 0 0 0 255 173 64 0 255 255 255 88
    255 255 255 255 0 0 105 255 255 255 255 0 0 253 114 255 255 255 0 0
    255 255 255 142 0 0 255 72 161 0 255 255 255 0 255 0 255 0 0 255 255
    0 22 255 255 255 0 0 0 255 255 255 243 0 0 0 255 255 0 0 255 255 214
    54 255 255 0 255 0 0 0 254 90 0 255 0 255 255 255 255 0 0 255 255
    255 255 0 119 0 24 0 255 255 255 255 151 0 0 0 255 0 255 255 0 0 0
    37 255 255 228 8 0 0 255 255 0 130 255 11 255 0 255 15 0 255 42 0 0
    0 10 255 255 0 0 255 0 255 16 0 255 47 255 255 255 0 236 255 0 255 0
    155 0 120 109 0 97 0 255 255 0 0 0 255 0 255 255 255 255 0 255 57
    255 255 255 255 255 255 0 0 175 0 255 0 255 0 255 0 9 255 40 130 0 0
    255 0 0 0 255 0 140 255 122 0 255 234 255 0 255 197 115 186 0 255
    255 103 0 139 70 255 0 0 23 0 0 255 207 0 0 104 255 0 0 0 255 255
    255 255 143 0 98 0 0 0 0 0 0 255 152 0 0 255 255 0 0 0 0 0 255 255 0
    0 0 255 255 0 0 0 0 255 255 255 184 0 0 0 10 0 255 255 255 0 0 0 142
    198 0 255 255 112 0 255 0 68 255 255 255 255 0 255 204 0 0 255 255 0
    40 0 255 127 156 255 0 195 0 255 255 255 0 0 0 255 0 240 0 255 255
    33 255 0 0 255 255 255 0 255 136 255 0 0 0 255 63 255 0 0 0 103 64
    255 255 231 255 0 0 255 0 0 0 255 255 255 0 0 0 255 0 255 197 255 56
    255 0 0 177 13 255 6 0 255 50 0 255 0 223 0 255 255 255 255 250 0 0
    255 255 255 0 0 86 255 0 26 255 255 255 255 0 255 0 0 0 255 255 65
    27 0 255 0 255 219 20 0 255 0 0 0 0 131 255 30 255 0 255 255 255 255
    0 255 171 37 178 255 0 255 175 251 0 255 0 255 212 255 255 0 0 0 255
    255 0 0 0 0 255 255 255 0 0 0 255 0 0 97 255 255 226 255 94 255 255
    0 255 43 0 255 0 0 82 255 255 255 255 0 28 0 255 255 120 0 255 0 0 0
    0 97 255 0 255 255 255 233 0 0 0 33 0 255 0 0 0 255 255 0 0 0 0 255
    255 255 0 255 0 0 0 255 255 255 20 255 0 15 0 255 255 255 201 0 0 0
    0 255 255 255 255 0 255 0 255 255 219 1 109 28 0 255 28 255 255 255
    255 255 255 0 0 10 0 0 255 255 0 255 0 211 255 255 124 145 74 171 20
    255 0 138 0 0 96 255 255 255 255 0 0 255 0 71 4 229 241 255 0 0 0 0
    255 52 255 116 0 115 0 0 0 0 0 255 255 255 255 0 0 31 218 0 0 255
    180 255 0 76 255 255 0 0 0 255 255 255 120 255 0 159 0 0 0 255 0 0 0
    0 255 255 255 0 199 255 255 134 0 255 0 255 255 255 196 0 0 255 255
    0 255 0 255 98 128 0 0 255 0 177 0 127 0 134 221 175 255 0 0 255 255
    255 0 255 255 255 0 0 0 255 0 255 255 255 0 0 255 255 0 0 0 255 45
    255 255 255 100 0 255 0 0 81 255 255 255 218 142 0 0 255 41 0 255 0
    56 125 0 19 0 255 0 0 255 255 255 255 0 255 0 255 255 0 255 0 234 0
    255 0 0 0 255 9 0 0 116 0 0 0 0 255 255 36 255 255 0 84 145 0 111
    255 38 0 0 0 0 33 255 255 255 0 255 0 0 157 50 255 148 0 98 255 255
    0 0 255 0 0 0 164 255 255 255 0 255 0 255 0 255 62 255 0 0 0 0 255
    255 35 255 0 0 255 255 255 191 255 255 255 255 0 232 102 0 253 255
    246 0 255 0 0 0 255 0 193 0 255 113 56 0 255 0 26 244 255 0 0 69 255
    255 0 0 0 0 0 255 141 255 6 255 0 255 0 0 0 0 255 0 255 0 255 255
    103 0 80 255 255 0 0 255 255 255 255 255 0 181 0 0 0 9 255 117 0 84
    255 255 0 255 255 0 255 255 255 0 0 255 255 0 255 0 0 0 255 255 255
    0 0 0 255 47 0 255 0 255 255 255 198 0 255 255 255 255 138 0 0 0 255
    255 255 38 255 255 162 0 0 255 255 254 0 0 255 6 255 255 0 0 0 255
    120 255 0 255 0 105 169 0 255 0 68 0 255 255 255 0 255 0 255 0 255 0
    255 0 255 230 255 255 255 255 255 255 91 0 163 255 0 255 255 255 77
    255 255 255 0 242 0 0 0 255 255 255 255 255 0 255 0 240 255 255 255
    7 0 181 255 0 25 255 255 0 0 0 255 211 255 255 85 255 0 216 0 205
    255 255 0 255 255 255 0 0 0 255 255 255 0 0 0 255 0 0 0 0 255 0 24
    255 0 95 0 110 14 163 0 0 255 255 0 132 0 255 0 0 201 0 255 175 255
    255 134 0 255 0 255 0 0 0 255 0 255 145 0 195 255 0 0 0 255 0 255 0
    226 255 255 255 0 204 255 255 24 255 255 0 0 255 0 255 0 255 255 0
    255 0 251 0 255 255 255 0 255 0 255 0 0 255 0 255 0 255 255 0 0 255
    255 0 0 0 151 255 255 255 0 0 195 255 255 0 255 0 255 0 255 0 0 0
    255 255 216 255 255 0 0 255 0 0 0 255 255 104 0 0 0 255 0 255 0 255
    255 255 17 0 36 151 255 109 0 28 255 184 255 0 255 255 255 255 0 255
    119 255 0 7 169 255 255 0 168 96 255 218 0 0 255 0 0 133 0 255 255 0
    135 0 255 0 255 0 202 255 255 255 0 255 113 255 0 255 0 255 255 236
    0 0 0 255 255 255 0 255 0 0 0 255 62 0 0 255 255 255 0 0 0 0 255 203
    18 198 255 255 0 0 0 255 255 4 94 132 0 207 0 255 234 255 0 255 0 0
    0 0 255 147 0 75 183 158 0 173 0 0 0 255 255 255 255 200 0 170 0 255
    0 255 238 153 255 255 0 39 0 255 0 255 0 255 0 168 219 0 65 255 162
    255 51 211 0 255 255 255 255 255 255 255 0 0 0 0 11 255 255 170 255
    0 0 0 255 255 255 124 148 255 0 255 119 255 0 255 0 0 255 0 255 0
    255 255 0 0 0 255 255 255 255 184 68 0 255 109 135 98 255 0 117 176
    0 0 255 255 5 0 0 0 159 255 116 210 0 182 255 0 0 0 255 255 255 36 0
    255 255 255 140 0 0 255 0 15 0 133 255 177 255 255 0 0 0 255 255 255
    0 0 0 0 255 203 125 0 255 255 255 0 0 255 255 153 204 255 255 170
    255 255 0 0 255 209 0 0 0 30 79 255 255 255 0 0 255 255 255 26 0 255
    255 0 0 0 40 255 0 224 0 255 255 255 38 255 255 0 32 193 255 77 47
    255 255 0 255 255 137 255 0 0 33 1 157 255 255 0 0 233 242 255 255 0
    255 0 255 0 0 0 255 255 255 255 0 0 0 255 255 255 0 0 255 255 70 255
    0 255 0 255 171 255 255 0 220 143 255 255 255 0 220 255 0 0 0 255
    255 255 0 255 255 255 255 175 0 0 60 0 74 0 255 255 0 0 0 0 255 255
    255 255 0 255 29 255 123 255 0 96 0 255 255 255 99 255 0 0 255 0 0 0
    255 255 255 255 0 255 255 209 148 0 0 255 54 255 246 0 0 255 0 0 160
    216 255 132 94 0 70 132 255 247 0 0 56 0 0 0 255 255 228 255 0 255 0
    255 255 255 255 0 0 255 167 180 255 255 255 255 0 255 0 255 255 255
    0 0 0 255 0 0 48 255 187 0 0 18 255 255 101 0 0 0 224 255 255 255 0
    255 255 255 49 0 255 0 0 0 0 255 255 255 0 255 0 0 255 255 255 6 51
    0 144 0 255 18 108 0 232 0 0 255 255 75 0 255 0 255 255 0 255 255 87
    66 0 0 0 0 255 255 86 0 164 0 107 0 255 89 255 32 0 0 255 255 255
    255 0 255 255 255 0 0 0 255 0 255 255 255 255 0 122 255 255 0 0 255
    255 255 0 207 75 255 0 0 0 255 80 255 128 255 0 0 0 255 255 255 0
    156 255 255 0 197 0 0 124 255 0 0 255 255 235 255 255 155 0 216 0
    245 56 255 255 255 108 135 72 128 255 0 0 36 229 255 213 255 82 187
    0 0 255 255 252 0 255 255 149 255 225 46 255 0 151 255 0 0 255 255
    255 0 99 173 255 0 255 0 255 0 255 255 255 0 0 255 255 255 18 0 0 1
    255 102 0 255 0 255 164 255 0 255 255 255 0 255 255 255 187 138 255
    255 0 41 0 0 0 255 255 0 0 120 0 255 124 255 255 255 29 227 0 0 175
    255 255 26 255 0 255 0 125 0 255 255 255 0 255 0 255 0 0 255 255 255
    255 171 0 115 255 0 0 0 61 255 255 0 0 0 255 0 255 53 0 0 0 255 0 24
    0 34 255 0 0 161 0 0 0 0 255 255 69 0 255 255 0 255 0 0 220 0 0 255
    255 255 0 255 0 117 0 31 255 0 255 0 255 0 255 255 110 0 255 255 0 0
    183 255 255 158 149 0 255 255 255 0 0 255 255 184 0 255 0 255 0 255
    255 152 0 0 90 0 0 255 255 0 0 0 0 255 0 255 0 255 255 255 255 0 0 0
    209 182 0 255 0 255 0 201 23 255 0 212 0 255 0 0 0 255 255 0 0 0 255
    255 255 53 0 0 255 0 255 182 255 122 152 177 255 0 255 98 255 0 0 16
    255 241 172 35 0 0 0 255 89 58 0 255 255 255 240 0 146 168 184 255
    255 255 0 255 255 228 255 0 255 235 255 255 142 195 5 0 255 115 0 7
    255 0 255 0 255 104 178 255 0 255 255 255 0 255 0 255 0 255 220 255
    0 255 185 249 255 255 0 0 130 255 107 255 255 255 255 0 0 255 0 255
    255 255 255 0 255 0 255 138 92 249 255 255 227 0 0 73 255 0 0 252
    255 171 2 255 255 61 0 255 209 0 255 255 0 0 255 255 46 255 0 0 34
    255 255 69 0 0 223 255 255 0 0 0 0 255 0 0 0 255 255 255 0 255 0 69
    255 255 0 0 0 255 255 0 255 0 0 255 255 255 255 255 203 0 51 0 143
    255 0 255 161 255 255 0 255 0 0 0 0 255 255 255 0 0 152 255 255 142
    0 62 0 77 41 255 42 0 0 109 255 0 0 255 0 255 0 255 255 0 255 0 255
    11 255 255 0 77 255 0 0 255 233 102 59 255 0 24 15 0 255 255 0 255
    175 255 55 116 0 0 0 255 0 255 255 0 35 0 216 145 255 20 0 0 0 0 0
    85 0 0 255 0 255 0 0 0 255 0 0 251 255 73 255 0 0 255 255 255 0 0 0
    255 255 0 0 209 0 255 0 255 0 10 255 255 0 255 123 255 255 255 0 58
    255 255 255 0 0 0 255 255 0 0 255 255 0 255 212 255 0 64 255 128 0
    122 0 255 0 193 0 255 0 0 0 0 255 0 255 0 117 255 255 8 0 0 0 19 155
    255 255 172 0 255 255 0 255 0 116 0 255 0 234 255 0 224 0 0 0 255 0
    0 255 255 51 0 132 0 255 0 34 0 255 255 255 255 142 255 255 255 0 86
    255 255 216 255 255 0 0 0 255 0 255 0 204 255 111 0 255 255 244 0
    255 255 0 0 0 99 255 100 255 98 0 0 255 0 0 255 255 0 0 0 255 255 0
    255 0 255 0 0 255 74 255 0 0 255 0 0 0 255 255 160 255 255 255 255
    255 15 205 0 255 0 0 192 255 0 255 196 255 255 0 0 215 255 0 255 255
    100 255 255 255 0 255 0 255 255 255 0 0 0 255 61 0 0 0 187 255 0 0 0
    255 50 72 0 74 0 255 0 0 0 0 255 255 255 0 255 204 255 176 59 0 0 58
    255 0 0 255 255 255 255 255 88 255 255 0 0 0 0 65 0 255 255 0 200 0
    0 0 255 0 255 255 255 255 255 255 255 32 0 173 39 255 255 255 0 0
    255 255 255 0 255 89 255 0 0 255 0 255 0 255 0 0 0 255 255 148 126 0
    116 255 0 0 255 255 156 0 0 255 255 0 255 255 255 0 0 0 92 199 255
    255 0 255 255 0 0 0 0 255 0 255 255 255 0 255 255 255 52 0 255 0 255
    0 255 0 255 255 0 255 0 255 0 255 204 0 0 0 255 255 255 255 0 204 0
    0 255 131 255 40 0 255 226 162 255 255 0 255 0 255 0 0 0 53 255 0
    255 0 0 0 255 0 0 255 255 65 0 30 0 6 0 0 255 0 104 0 0 0 28 0 0 0
    127 221 255 223 50 0 28 255 255 87 255 136 0 255 255 0 152 0 253 154
    255 255 174 0 181 255 0 0 0 255 255 0 255 0 255 255 255 255 127 0 0
    255 0 255 0 255 137 255 0 0 255 190 156 0 255 0 87 0 255 255 0 0 0
    118 255 212 255 36 255 0 255 0 14 0 255 196 0 255 255 255 29 0 0 0
    14 255 255 255 255 255 255 188 0 64 0 255 56 185 0 0 0 13 0 255 0
    255 0 255 0 255 255 255 255 255 255 0 53 255 255 248 0 192 255 23 0
    0 255 255 0 0 255 0 255 255 255 0 24 255 0 255 255 48 244 0 255 255
    255 255 17 0 0 0 0 0 255 0 153 0 0 0 136 255 0 73 101 255 255 255 0
    255 0 255 0 0 255 255 255 0 25 255 255 0 0 145 91 12 191 255 255 0 0
    160 0 255 0 0 0 0 46 222 255 153 81 255 255 255 255 0 173 179 255 0
    0 36 184 0 0 125 1 255 255 255 0 255 242 0 0 239 0 255 255 255 255
    255 0 0 0 0 255 255 255 187 0 106 0 0 0 255 0 255 255 255 0 0 0 255
    255 255 255 0 45 255 0 0 189 255 138 169 0 255 255 0 41 255 153 255
    0 255 107 255 178 0 0 122 93 0 0 0 255 77 255 255 61 255 0 0 0 0 57
    255 0 255 0 0 102 255 222 21 0 231 0 255 255 0 0 0 255 0 255 0 255
    255 255 0 138 93 255 92 255 0 180 255 226 146 255 255 255 255 255
    147 0 0 0 73 255 255 0 97 0 255 103 255 0 0 255 0 255 0 0 255 255
    255 255 0 0 122 104 255 255 0 169 217 0 146 255 0 0 0 255 31 0 255
    255 255 142 250 0 0 253 191 48 0 0 0 104 255 0 255 255 255 0 0 255
    255 207 255 255 0 0 0 0 0 255 255 24 137 0 0 36 0 192 255 31 255 0
    11 0 255 0 0 255 255 7 255 0 255 0 255 132 0 0 0 10 244 255 104 0 0
    211 255 255 0 0 0 0 255 0 255 152 255 148 0 255 128 0 255 0 255 255
    0 0 0 72 255 255 255 255 0 0 255 255 255 0 72 0 107 255 255 184 0 0
    255 255 84 0 0 0 108 0 146 255 0 5 255 0 255 0 232 0 0 255 255 255
    255 255 0 75 147 0 0 92 0 0 0 0 180 255 24 255 0 255 0 154 110 255
    255 255 0 255 255 0 255 0 0 0 0 255 255 163 186 196 255 0 0 0 255 0
    87 255 255 0 0 87 255 165 0 0 255 255 164 255 0 255 0 255 117 255 0
    255 0 255 0 191 96 0 204 255 0 0 8 255 0 217 255 149 148 0 0 22 0
    255 0 77 255 255 0 0 255 255 255 255 255 0 0 255 255 0 255 0 0 0 0 0
    0 255 255 255 255 61 255 0 103 0 255 0 255 0 0 0 255 255 255 0 0 255
    0 255 167 255 0 0 0 255 255 0 255 0 0 0 255 0 255 0 0 128 255 0 255
    0 0 255 0 255 255 231 255 0 0 0 0 255 255 255 0 255 0 0 0 245 132
    255 0 0 206 255 255 45 202 0 255 92 68 0 88 61 0 0 0 255 0 245 0 0
    24 255 104 0 255 255 255 255 0 0 0 0 255 255 16 111 255 255 0 243 0
    0 0 255 255 0 91 0 255 255 0 0 255 255 255 0 0 0 255 0 0 88 255 255
    255 255 255 255 0 255 255 134 0 0 255 255 179 0 0 255 255 255 60 0
    14 109 95 255 0 0 16 252 255 255 255 0 0 192 255 0 0 0 255 255 255 0
    0 0 255 255 0 0 38 0 255 0 255 255 255 0 0 0 0 255 255 0 255 255 255
    216 141 0 255 32 255 255 255 255 255 255 0 29 0 255 255 255 0 170 0
    130 255 196 255 0 0 0 255 255 63 0 0 0 255 101 255 0 0 255 255 255 0
    0 255 255 255 0 0 0 0 0 0 255 255 219 129 0 6 255 138 0 255 0 0 129
    75 255 0 0 255 192 255 0 0 255 255 255 0 0 0 0 255 0 255 255 143 0 0
    0 255 255 0 0 0 0 255 0 255 255 255 0 255 0 0 0 103 255 255 255 0
    134 0 0 255 255 255 255 0 202 255 0 255 0 217 0 255 0 255 10 255 0 0
    0 0 255 255 255 0 255 255 255 255 255 86 255 255 36 255 0 255 0 0 0
    83 255 255 255 255 255 0 0 0 255 255 255 255 0 0 0 255 0 0 255 0 255
    0 255 0 0 0 218 255 170 0 255 0 0 0 255 255 255 255 255 0 0 0 0 255
    255 255 255 69 0 127 0 0 0 255 255 255 243 0 44 255 255 134 0 255 0
    0 255 0 255 0 0 0 255 255 255 0 0 0 0 255 255 0 0 0 255 53 255 255 0
    255 0 255 0 0 255 255 197 0 0 0 195 255 255 255 49 0 255 255 0 255 0
    255 0 0 255 255 0 8 0 0 0 0 255 0 224 0 0 0 255 0 0 94 255 255 255
    194 255 53 255 233 255 0 255 0 255 255 0 135 0 255 36 255 255 0 255
    0 0 150 0 255 0 0 0 255 255 24 0 246 0 0 229 255 198 0 255 0 255 0
    151 0 173 0 0 0 238 255 255 255 144 0 0 255 0 255 0 81 90 0 0 255
    110 255 255 255 255 255 0 0 125 255 255 17 124 0 255 69 255 0 0 225
    255 0 0 0 255 255 255 255 255 0 0 120 164 0 255 0 255 0 0 0 255 255
    255 106 255 0 0 255 255 0 255 0 106 0 255 255 0 255 153 255 0 101
    255 158 0 0 0 255 255 255 0 0 0 255 255 255 255 255 0 0 255 255 0 0
    255 255 255 249 0 68 160 212 0 0 0 0 255 0 75 0 255 255 0 255 255
    255 0 0 0 255 255 255 255 65 255 255 250 0 144 255 255 176 0 255 255
    0 0 255 0 0 255 255 255 0 255 255 78 115 0 255 0 0 255 178 0 0 255
    255 162 0 27 108 255 255 255 56 0 255 0 208 0 255 255 0 0 0 255 255
    255 0 0 0 255 78 0 0 54 255 226 255 0 255 0 0 0 0 255 179 255 0 255
    255 15 0 0 255 255 255 255 0 0 0 0 0 216 255 255 255 0 255 255 255 0
    0 0 255 44 136 255 0 255 138 0 255 233 72 93 82 0 255 0 255 0 255
    255 255 0 0 0 0 255 255 255 255 255 255 0 255 255 255 0 0 206 0 87
    255 200 255 255 0 85 255 82 255 130 255 0 0 191 255 255 74 255 82 0
    0 0 255 255 145 0 166 0 0 255 0 0 155 255 255 255 163 170 255 0 0 0
    97 255 243 0 255 255 255 0 0 33 255 0 0 0 255 0 73 255 255 255 0 0 0
    255 255 255 255 0 0 255 0 255 255 255 0 0 144 0 255 255 255 0 0 198
    255 238 0 0 0 236 255 255 64 56 0 0 255 255 0 255 16 12 255 255 255
    0 0 0 0 255 0 255 255 255 89 0 0 0 0 0 0 255 0 255 0 0 213 0 255 102
    248 242 255 255 255 24 255 0 0 116 255 255 221 255 0 79 0 15 0 255 0
    255 0 255 112 255 255 0 0 0 0 0 238 31 255 0 255 0 255 0 255 0 0 0 0
    255 233 255 0 255 0 0 0 255 255 0 255 255 0 0 0 255 51 0 255 255 0 0
    170 161 255 0 255 255 0 0 255 255 255 0 5 0 0 0 255 0 0 0 255 255
    255 0 242 0 255 105 255 255 255 255 255 230 0 0 127 255 255 113 0 0
    0 255 255 255 255 255 0 0 255 224 255 255 255 255 0 187 0 255 0 0
    255 255 255 0 0 150 255 0 237 0 255 70 255 0 0 255 255 255 0 0 0 0
    255 255 255 0 0 0 141 255 255 0 0 0 255 175 0 0 0 71 255 0 255 0 0
    254 255 255 255 0 202 0 255 0 0 0 255 255 255 0 0 0 255 255 0 251 0
    28 0 0 255 255 0 0 255 187 255 0 0 0 51 0 0 0 180 255 0 0 0 0 255 0
    255 255 238 115 0 255 255 255 0 0 255 117 124 255 255 0 255 0 0 0 0
    255 0 255 255 184 255 0 255 255 255 255 16 255 255 255 255 255 0 0
    255 255 0 17 255 255 0 0 50 255 0 255 0 255 0 55 0 255 255 255 76 0
    255 0 0 0 10 255 0 0 0 91 255 0 255 31 0 127 255 0 108 0 255 255 0
    254 255 0 255 255 0 0 0 0 0 135 255 0 67 0 255 0 255 11 0 255 0 255
    255 0 255 0 255 255 255 255 255 0 48 0 255 255 255 72 151 238 255 59
    255 0 239 9 255 228 255 0 255 255 255 0 217 255 0 0 0 255 196 255
    255 255 255 255 0 0 0 0 0 255 0 0 0 255 0 0 0 0 255 125 0 255 3 107
    0 255 255 255 255 255 0 70 0 0 255 23 135 255 137 0 255 255 255 0 0
    118 255 255 255 50 255 0 255 110 255 0 1 6 255 0 255 0 255 255 255 0
    0 0 0 0 255 255 255 0 0 255 0 49 0 163 234 255 0 255 0 255 255 255 0
    255 0 255 0 49 255 0 0 255 182 255 0 11 109 255 255 0 163 0 255 255
    255 0 0 0 255 0 0 93 255 255 0 255 0 0 255 255 0 0 168 0 255 189 255
    255 0 255 255 255 172 1 255 0 0 255 90 255 0 255 0 235 0 184 255 255
    255 0 239 0 0 0 255 0 0 0 255 67 255 35 0 255 0 255 20 0 0 0 255 0 0
    57 255 77 255 248 217 255 0 255 219 0 0 68 0 255 225 255 255 255 0
    255 0 255 255 219 136 255 255 255 165 19 0 255 0 255 255 255 255 0 0
    0 255 0 237 255 255 57 0 255 4 0 0 53 195 0 216 255 255 0 0 255 255
    255 0 255 70 0 0 0 255 118 255 0 232 212 0 255 255 0 0 0 255 0 255
    160 0 255 0 255 0 255 0 71 0 0 0 255 255 255 177 0 0 255 138 255 0
    255 255 248 255 0 255 67 255 255 0 0 255 255 255 0 0 0 0 255 0 255 0
    66 255 255 43 255 0 0 255 127 0 0 255 255 255 53 112 146 255 0 0 0 0
    0 34 255 24 0 255 255 255 0 107 255 0 0 73 255 171 255 0 0 255 255
    255 255 43 0 21 252 83 255 0 0 96 255 255 255 186 0 0 0 255 0 0 21
    255 0 0 0 255 0 255 0 0 255 255 255 0 0 255 44 255 0 88 0 255 255
    255 0 0 0 0 0 255 255 0 205 0 46 0 0 120 255 219 0 0 0 255 255 255
    206 255 255 0 0 255 255 0 255 0 255 255 255 255 255 0 0 0 255 255 0
    0 0 255 164 255 0 43 255 255 0 0 13 255 0 0 0 255 98 255 255 0 255 0
    0 0 255 255 255 43 255 255 157 0 0 0 255 0 101 0 224 235 255 120 255
    0 15 255 255 255 0 205 255 255 0 0 230 255 0 0 0 255 255 255 255 120
    98 0 255 216 137 255 0 0 0 0 28 255 127 0 0 255 255 0 0 0 0 0 0 0
    255 255 0 0 138 255 0 0 67 0 255 43 255 255 255 175 0 0 255 255 160
    255 0 0 0 0 110 0 255 255 90 0 255 255 255 184 255 255 255 0 0 218 0
    0 0 255 255 255 255 212 255 88 255 0 0 255 0 255 0 255 255 255 255 0
    0 255 0 186 0 255 255 255 0 255 255 255 126 255 255 255 255 32 143 0
    81 47 255 255 122 0 255 0 255 0 62 0 255 255 0 48 0 0 88 255 255 255
    255 191 255 0 255 255 255 0 0 0 255 255 255 0 255 105 255 0 22 0 0
    255 255 173 0 0 0 0 0 255 0 222 0 255 0 255 255 255 0 5 255 0 0 0
    255 255 255 0 255 0 232 255 255 0 129 255 255 0 255 255 255 121 0
    255 0 255 255 255 255 7 200 156 0 196 0 255 0 96 136 255 255 255 0 0
    195 255 0 0 0 168 114 0 255 255 255 0 255 0 255 0 255 255 0 0 0 4 87
    255 255 0 169 0 143 0 115 245 255 0 0 0 75 84 255 255 255 255 82 167
    255 0 255 255 0 0 255 0 76 255 0 255 0 255 255 255 255 255 247 0 255
    0 255 109 255 0 255 255 255 255 24 121 0 255 16 0 0 255 0 33 57 255
    0 255 0 0 0 39 255 0 255 0 255 0 255 0 237 255 255 47 103 0 255 0 0
    0 0 235 179 0 255 255 0 171 255 255 255 0 115 0 0 0 0 255 255 255
    105 0 0 255 0 255 0 255 0 36 253 0 255 255 255 0 0 255 255 255 0 255
    255 0 255 255 255 0 224 0 252 255 0 255 255 255 190 255 0 0 255 255
    0 0 0 135 255 255 255 0 14 250 0 0 0 156 255 0 0 0 255 0 0 255 0 255
    0 0 0 255 0 255 0 231 0 255 255 255 0 255 179 255 198 255 32 5 255
    231 0 0 239 255 255 255 0 255 194 0 255 255 183 0 0 0 255 220 255 0
    0 255 255 255 0 255 0 204 0 0 0 255 113 255 0 0 255 34 0 0 0 0 0 255
    255 0 0 0 151 76 254 255 255 0 109 255 0 255 221 255 136 0 171 255
    255 254 255 0 180 144 255 255 0 0 0 0 0 255 0 255 86 125 0 181 232 0
    255 199 0 113 255 215 0 0 255 0 50 0 247 255 134 0 0 255 255 255 37
    28 0 166 255 255 255 0 0 116 190 255 0 255 255 255 0 0 0 0 0 255 255
    255 0 0 0 255 255 255 0 0 0 42 0 255 255 255 255 255 255 0 0 62 255
    255 0 0 255 255 255 0 0 163 255 255 255 0 0 0 0 0 255 255 241 0 0
    255 0 0 255 255 0 0 0 0 0 255 217 131 255 255 255 0 242 255 255 0
    255 0 0 0 255 89 255 255 255 158 14 0 255 0 183 255 255 0 148 255 0
    0 35 255 255 0 255 183 255 0 0 255 145 0 0 0 255 255 0 0 255 255 166
    202 0 255 255 136 255 255 255 109 255 0 0 255 0 0 162 255 255 0 0
    255 12 215 0 0 255 255 59 0 0 0 126 0 0 152 255 255 255 0 26 0 138 0
    255 255 0 0 155 54 255 0 0 255 194 255 0 206 0 0 107 0 255 255 0 0
    255 0 255 0 136 0 252 255 255 255 0 255 0 255 0 0 79 0 255 255 255 0
    255 0 229 255 255 0 255 0 255 0 0 7 255 255 106 0 255 0 255 255 255
    255 164 0 0 0 255 4 255 255 255 255 116 198 0 255 255 119 0 0 30 255
    255 255 0 0 0 187 0 31 255 255 0 0 52 191 255 0 0 0 146 0 0 255 205
    255 255 0 0 0 255 0 0 0 255 255 255 0 255 0 255 0 255 255 255 0 0 0
    143 255 255 255 255 0 22 255 0 255 0 0 0 255 255 0 0 255 255 0 181 0
    0 0 0 106 255 255 255 255 138 0 142 66 255 255 190 0 255 255 7 255
    201 255 0 255 157 255 255 255 255 0 0 0 37 0 255 0 255 0 255 151 145
    0 255 0 255 0 0 0 255 255 153 255 0 0 0 255 255 255 0 0 0 255 255 49
    0 93 255 0 0 255 255 255 0 255 0 11 69 12 38 255 255 0 203 0 30 0
    255 0 255 0 0 0 255 0 255 0 219 0 0 0 255 0 138 53 255 255 0 255 255
    255 0 0 0 0 224 255 0 255 255 255 158 0 255 255 255 0 75 69 0 255 0
    0 179 255 255 255 255 255 82 40 0 255 0 255 168 0 255 255 0 255 131
    255 0 255 202 0 0 0 255 18 0 255 0 255 255 255 0 255 255 255 255 0
    255 255 0 134 255 255 255 0 0 0 255 0 191 42 0 0 255 0 255 91 0 0
    255 255 102 255 18 255 0 0 255 255 255 0 255 240 242 0 0 255 0 152
    49 255 0 255 0 255 0 159 255 255 255 255 255 0 0 0 0 255 255 0 0 0
    255 164 255 56 221 0 0 255 247 101 0 255 255 97 255 255 255 0 255 0
    0 255 255 255 29 255 0 0 11 255 0 255 0 255 255 0 0 184 255 66 199 0
    0 210 255 255 0 0 255 186 0 255 255 74 0 0 255 216 255 255 0 255 255
    255 35 0 146 255 255 64 0 184 255 0 255 0 255 45 255 0 12 0 198 255
    255 106 154 89 0 132 255 0 255 0 0 0 108 255 94 121 0 0 255 0 255 0
    255 0 0 0 0 0 255 255 255 71 0 255 0 255 255 255 114 255 0 0 255 0
    255 0 92 0 166 255 255 255 98 0 255 0 255 199 255 203 0 255 255 255
    0 0 0 0 0 20 255 0 255 142 255 255 0 0 0 255 0 255 0 0 0 255 0 255
    201 255 73 0 255 42 255 0 34 0 255 0 0 0 183 208 147 0 255 132 255 0
    117 255 255 255 0 0 0 0 255 8 97 0 0 255 0 98 16 255 105 255 0 255
    68 255 0 255 255 255 0 171 255 251 69 0 34 0 55 0 255 0 0 255 255
    255 255 0 222 255 255 0 0 0 0 255 255 0 255 161 0 157 255 153 255 0
    37 0 255 255 255 255 0 255 255 160 0 255 0 255 119 255 255 0 0 0 0 0
    255 255 255 255 0 255 157 255 255 0 255 201 0 0 255 255 0 255 25 255
    255 255 248 255 0 255 0 244 0 255 0 255 255 0 255 255 255 255 255 0
    0 0 255 0 255 0 255 0 0 255 255 89 0 0 255 255 193 79 223 2 0 0 51
    255 0 255 3 255 255 0 17 0 255 0 255 0 255 0 255 0 255 0 188 0 255 9
    75 255 0 255 124 0 255 255 255 0 0 136 255 0 255 255 255 255 255 255
    0 0 255 255 0 0 0 255 0 0 0 255 0 255 0 255 73 255 0 255 121 255 255
    127 0 0 33 9 0 124 255 255 0 0 255 70 255 255 255 0 0 255 0 255 146
    68 0 255 255 255 0 255 0 255 255 0 0 0 255 255 255 9 255 49 0 0 255
    255 255 255 148 255 0 0 255 136 255 0 166 0 255 118 255 0 255 0 0
    255 255 66 0 133 83 255 255 0 0 187 255 255 72 129 0 255 164 0 202 0
    125 0 0 37 255 255 150 249 0 227 0 255 255 189 0 0 0 128 142 0 0 255
    255 0 120 0 0 0 255 255 0 0 0 0 255 255 255 0 0 0 255 231 255 80 255
    0 203 0 255 0 0 0 0 0 0 255 255 0 0 0 222 255 255 0 255 91 255 0 0
    255 209 164 0 163 170 255 0 255 0 72 210 255 0 0 130 255 255 255 255
    0 0 173 255 0 0 0 255 0 0 0 255 81 249 0 128 0 0 0 255 255 0 0 255 0
    255 0 255 0 0 255 0 217 255 255 255 0 105 255 255 0 0 255 255 199
    255 0 255 209 174 255 255 255 153 0 136 227 68 255 255 255 255 0 255
    0 255 0 255 246 0 0 0 255 38 255 255 0 13 255 255 201 0 255 255 50 0
    229 255 50 0 0 0 255 0 255 0 255 255 255 0 255 0 80 0 122 40 0 255
    255 0 255 0 247 0 64 255 255 217 0 0 255 0 255 0 0 0 255 0 255 0 255
    255 231 0 0 255 255 0 255 0 255 255 255 0 255 0 0 105 255 255 2 0
    251 0 255 0 255 0 106 255 0 202 117 0 255 0 255 0 0 255 0 0 255 255
    255 0 108 0 255 255 43 0 0 0 255 255 0 0 0 0 0 255 0 173 255 0 255
    255 0 0 0 255 255 255 255 255 193 0 0 0 0 135 255 0 0 0 0 255 110
    217 255 255 0 0 0 255 0 255 0 237 0 0 29 255 255 203 0 0 255 255 255
    93 139 0 0 255 194 0 255 57 60 177 174 0 209 255 255 88 169 0 0 22
    255 0 255 216 255 0 126 0 255 0 0 255 138 28 0 0 0 255 255 255 0 255
    211 255 255 0 255 0 200 255 65 229 255 255 255 0 255 81 0 0 0 27 255
    255 65 0 0 255 255 255 196 0 186 0 0 0 255 113 255 0 0 0 255 255 0
    92 0 255 102 0 0 255 255 0 165 255 0 63 255 255 255 255 0 255 0 255
    173 255 255 144 88 255 0 255 189 0 0 255 199 255 79 0 0 255 255 0
    123 1 81 234 255 255 98 255 131 0 56 255 255 255 0 205 255 172 23
    162 255 0 0 255 255 255 243 0 0 255 237 255 40 255 0 41 0 0 130 255
    255 0 255 255 255 0 0 20 255 255 255 105 0 173 255 0 0 0 0 188 255 5
    255 71 0 0 115 0 169 255 255 0 0 0 255 0 59 0 255 87 255 0 217 0 255
    0 169 0 255 0 255 0 0 255 255 255 255 255 0 0 255 0 255 255 95 0 255
    0 0 0 255 0 207 37 0 255 0 0 0 158 255 180 0 255 61 255 62 0 0 255
    255 0 0 0 0 255 138 51 108 255 0 43 255 21 65 30 0 255 0 255 255 0 0
    255 255 86 222 0 239 255 255 255 41 130 0 0 0 167 255 255 255 255 0
    10 0 0 0 255 255 255 255 0 0 0 0 255 255 255 0 0 0 0 255 211 61 0
    255 255 255 255 184 255 0 23 0 103 0 255 255 255 247 255 0 255 0 0 0
    89 255 0 0 224 111 21 255 0 61 0 170 255 255 255 255 0 0 0 197 255 0
    255 80 0 255 118 255 0 255 255 255 0 211 0 255 255 255 0 0 0 255 49
    255 0 0 255 0 0 0 0 255 255 255 7 0 0 0 255 255 0 0 0 255 255 255 0
    40 255 17 255 0 178 26 21 255 178 255 255 0 0 47 0 255 255 0 0 40
    255 18 0 72 136 255 255 255 17 0 0 255 255 255 0 0 255 0 0 0 255 255
    252 255 0 189 0 244 177 255 0 0 0 255 7 233 0 255 255 255 0 0 0 255
    255 17 255 255 0 0 255 255 0 0 0 255 255 0 154 255 255 229 0 255 0
    255 0 0 0 255 0 255 255 212 0 0 0 255 255 0 0 0 255 255 0 0 212 255
    255 255 255 255 101 0 0 0 35 15 154 255 0 11 0 135 0 255 167 165 255
    29 255 134 0 28 255 0 7 255 210 255 0 0 10 255 255 255 236 0 0 0 255
    255 102 255 0 0 48 0 255 255 0 0 255 0 0 60 0 0 255 255 255 0 255
    255 145 0 174 255 12 255 255 255 0 255 0 255 0 255 230 255 104 255
    255 0 0 0 0 255 255 127 0 0 0 255 255 255 255 255 0 0 0 255 71 0 0 0
    240 255 255 0 33 255 255 0 0 0 0 255 255 0 0 255 255 0 0 0 1 255 255
    255 0 0 255 0 255 116 0 255 255 255 0 0 255 0 255 0 0 255 255 0 0 0
    255 97 255 0 217 0 255 7 20 0 218 156 21 0 255 255 255 134 0 255 0
    255 0 255 255 9 0 0 255 255 0 0 0 255 255 0 123 0 0 43 255 255 255 0
    0 255 0 255 151 0 0 255 0 0 0 0 0 0 0 255 255 255 0 59 0 0 255 255
    255 255 0 0 255 0 0 255 255 255 0 0 0 255 255 0 0 23 255 255 255 0
    255 0 137 255 0 217 255 255 0 0 255 0 242 0 0 249 0 255 255 0 0 0 0
    0 120 0 255 0 255 255 255 255 72 0 255 189 255 0 62 73 255 51 0 252
    0 98 0 255 255 0 18 0 0 255 0 112 157 0 255 17 255 0 0 255 255 0 114
    0 255 158 190 184 0 255 255 98 55 171 0 255 255 0 0 0 255 255 255 0
    0 0 255 255 0 213 255 255 0 255 0 196 0 32 0 255 255 0 0 226 255 255
    255 0 0 0 0 73 255 207 214 0 0 255 178 255 123 0 53 255 223 37 0 0 0
    255 108 255 0 0 0 255 0 114 0 12 0 0 13 0 56 87 0 255 255 255 0 255
    43 255 22 0 255 0 26 0 255 255 255 255 255 0 173 0 255 0 0 255 0 255
    255 255 28 12 242 255 85 255 219 255 255 255 164 0 0 0 255 255 255
    255 0 255 0 255 0 0 255 255 41 134 0 142 124 166 255 0 255 0 99 255
    171 255 255 0 255 0 168 0 205 87 0 0 0 0 215 7 255 255 255 0 177 0
    255 237 103 255 0 0 0 255 255 98 0 0 255 255 0 223 186 0 173 71 0 85
    255 255 66 0 0 255 255 0 0 0 125 255 255 255 0 255 0 255 255 0 54
    134 23 29 0 0 0 163 255 0 0 0 255 255 255 255 0 255 0 0 0 255 107 0
    116 225 160 0 255 0 255 255 255 255 72 0 25 255 0 255 255 178 110
    255 76 0 0 255 0 255 255 255 255 0 255 255 0 0 255 0 255 255 0 255
    255 255 255 0 0 255 109 255 0 255 0 255 255 0 0 6 0 255 178 255 255
    0 255 255 0 0 0 255 0 227 223 255 0 115 0 255 0 0 0 224 185 255 0
    255 255 255 0 0 230 2 66 255 0 255 0 0 255 255 0 255 255 255 0 0 0
    255 255 50 23 61 108 255 0 255 255 255 0 255 0 176 213 255 97 0 0 0
    255 0 255 0 60 0 255 110 165 255 0 255 161 255 0 255 255 0 0 0 101
    255 255 226 234 166 0 255 255 147 0 52 0 255 153 255 255 0 255 0 255
    255 255 79 0 10 0 255 255 255 167 0 184 255 255 255 255 255 255 0 0
    0 223 255 0 0 0 0 255 255 255 29 0 255 255 0 0 255 255 39 0 0 255
    255 255 200 85 91 255 0 0 0 0 255 255 0 0 0 255 0 255 134 0 0 255
    255 255 0 0 0 255 255 255 0 152 74 255 0 0 255 255 52 0 0 255 255 0
    133 0 255 255 255 255 0 0 255 255 0 255 0 0 181 255 255 255 156 0
    255 216 81 255 58 255 0 0 255 0 60 0 254 255 255 255 0 11 196 232
    193 108 0 0 255 0 161 255 255 6 255 0 0 255 255 255 0 255 255 255 0
    224 0 124 255 0 255 0 255 212 255 255 167 127 0 0 255 255 154 255 0
    255 0 255 0 125 0 174 0 255 32 255 190 94 255 74 255 171 255 0 0 60
    0 255 0 255 22 0 0 0 255 255 255 0 0 0 255 255 138 255 1 33 0 0 45
    70 255 0 255 212 255 255 255 0 255 0 255 0 255 255 255 223 0 0 255
    255 255 0 0 0 255 255 0 255 110 0 255 0 255 0 255 0 255 166 0 76 255
    255 154 255 255 0 255 0 225 253 219 255 0 0 255 255 0 0 255 255 255
    255 133 0 255 47 187 255 255 0 255 0 255 255 0 0 75 0 78 0 255 255
    255 0 0 0 0 255 230 0 0 255 255 0 255 255 0 0 208 255 255 0 0 0 255
    255 255 0 5 0 255 255 104 255 0 0 184 0 198 0 0 144 255 255 0 255 59
    154 0 255 125 255 255 46 255 0 255 0 0 255 247 31 0 255 255 157 61 0
    255 0 255 33 255 0 92 0 255 0 255 0 255 140 255 0 255 255 0 8 173
    255 0 255 255 255 99 140 0 0 0 255 255 255 0 255 255 0 0 173 255 133
    237 0 255 0 255 0 255 0 255 0 0 0 93 255 0 255 0 255 255 38 0 0 0
    255 255 90 207 37 255 255 255 255 0 183 0 255 255 255 255 255 0 99
    68 255 0 0 0 51 255 0 0 0 255 141 255 0 0 0 78 255 214 0 121 255 0
    255 114 26 255 0 255 0 53 255 0 0 0 0 0 0 85 0 0 0 0 0 198 255 0 255
    255 169 255 0 0 47 255 110 0 0 0 255 0 255 0 0 255 255 255 60 0 0 0
    0 0 255 255 92 0 0 0 255 255 0 255 0 0 0 255 255 0 0 144 255 0 255 0
    0 0 255 255 255 255 255 0 255 10 255 0 89 238 255 0 0 255 0 255 0 0
    255 0 255 59 154 255 255 255 255 67 0 0 89 95 0 255 255 255 255 252
    0 13 255 255 0 82 0 146 0 177 255 255 0 0 0 255 0 255 255 255 0 0 0
    255 255 143 0 126 0 195 242 0 255 255 255 255 209 0 0 255 168 255
    255 0 255 0 0 0 255 255 0 0 255 0 0 255 255 255 255 255 0 0 0 255
    255 255 0 255 255 255 0 107 255 255 0 0 255 141 168 0 0 0 143 197
    194 255 0 0 0 255 0 255 255 255 0 194 0 255 0 255 0 255 212 0 27 255
    255 0 0 255 255 255 111 255 255 60 179 0 255 255 255 255 0 255 0 193
    0 255 0 255 0 237 255 255 0 0 0 0 255 0 0 0 31 255 255 0 75 250 255
    255 0 255 0 1 0 0 255 16 255 133 7 245 24 255 0 0 221 99 255 255 0
    255 255 0 255 0 255 17 255 0 255 0 0 255 0 255 0 255 255 255 0 0 255
    255 255 255 236 0 255 0 255 0 255 255 0 0 0 162 255 255 152 255 0
    255 255 0 255 0 255 0 0 26 0 255 255 255 0 255 38 255 0 0 0 255 103
    255 0 255 255 225 22 0 255 255 255 0 255 255 255 255 0 0 0 255 0 255
    0 0 255 255 255 255 255 255 255 0 0 0 255 54 0 51 255 255 85 255 255
    255 180 0 0 149 0 255 0 255 0 0 207 177 255 0 255 0 0 117 66 60 0 41
    176 255 0 0 0 255 255 0 255 255 255 255 145 0 0 0 0 0 255 255 255
    255 0 255 0 255 0 0 0 255 0 63 0 255 199 255 167 0 255 0 255 0 0 240
    0 0 255 198 0 198 255 0 0 0 0 255 210 255 189 255 0 0 0 255 0 255
    255 255 255 0 0 0 163 255 0 199 0 255 0 21 0 110 255 142 255 37 255
    133 255 255 0 0 0 255 255 209 253 0 255 134 255 98 135 0 0 249 255 0
    255 0 0 255 20 119 0 15 0 0 255 0 255 255 255 84 255 7 255 105 0 0
    255 255 255 255 166 82 134 56 255 0 0 0 255 0 0 0 255 0 255 0 160 0
    0 219 255 0 255 70 255 0 54 0 255 0 233 0 0 0 255 108 255 0 234 0
    255 0 0 142 167 198 0 255 0 228 237 255 225 0 255 255 255 0 255 0 93
    0 255 54 0 255 255 255 255 0 0 0 255 255 255 0 0 255 0 255 0 255 100
    255 0 255 233 255 0 255 0 255 0 255 0 255 0 0 255 255 255 0 0 0 0
    255 0 255 0 255 0 255 255 0 0 59 0 0 255 255 228 0 0 254 255 3 255 0
    255 0 255 4 255 0 0 0 0 117 255 195 255 116 74 0 0 255 255 0 39 255
    255 255 255 255 255 255 0 0 255 247 90 0 0 255 255 208 244 255 255
    221 104 255 106 0 0 176 128 255 78 255 255 255 0 255 0 255 0 182 0 0
    0 161 115 107 53 255 255 255 148 0 0 142 255 51 0 255 255 0 255 0
    200 0 255 154 0 0 0 255 0 0 255 255 255 0 0 255 255 220 0 0 255 0
    115 255 255 255 255 255 255 255 165 16 82 255 0 69 250 113 0 0 255 0
    46 255 120 0 255 255 255 0 255 0 255 0 255 255 255 0 0 255 255 0 255
    255 255 255 0 82 0 0 0 255 255 0 0 255 255 0 106 255 255 0 255 255
    255 0 255 255 56 97 0 255 255 255 255 0 0 118 29 152 255 255 255 255
    230 255 255 0 0 218 115 255 93 0 190 0 255 196 255 255 0 255 0 0 0 0
    255 0 255 0 255 0 0 228 119 255 255 255 255 255 0 0 0 7 255 255 0
    197 255 255 207 255 166 0 255 255 5 0 255 255 53 121 252 243 255 0
    242 0 255 255 19 255 140 0 59 110 255 197 54 0 0 0 0 0 255 0 255 0
    255 0 0 0 0 0 255 0 255 0 255 255 0 255 170 255 255 255 255 0 0 0
    255 0 0 0 148 0 0 0 255 255 255 0 255 255 255 0 0 255 255 0 133 0 0
    0 255 0 255 0 0 115 255 255 236 0 0 100 255 5 255 0 64 0 255 255 0
    255 101 255 100 196 255 255 255 251 0 69 255 0 0 0 0 0 255 94 255
    255 0 255 255 252 0 255 255 36 0 0 227 0 255 255 255 0 255 180 255
    255 14 0 0 0 255 0 255 255 0 0 0 11 255 0 0 0 0 255 0 253 255 0 255
    0 144 0 6 4 255 255 255 136 193 255 255 255 0 0 0 182 45 81 0 255
    255 255 0 0 0 0 0 35 255 255 0 0 0 21 255 248 255 255 255 0 0 0 0 0
    255 255 255 73 0 106 0 0 255 0 255 255 0 0 66 255 255 255 0 0 0 255
    245 0 0 255 255 143 0 255 255 255 20 0 0 0 255 255 0 110 0 200 255
    255 0 0 255 255 255 0 255 0 0 0 255 0 255 255 179 194 0 255 0 0 246
    255 255 0 255 0 0 0 255 255 0 255 0 255 160 0 0 0 255 255 0 255 0
    255 0 97 29 255 255 0 134 255 0 255 0 255 255 0 54 0 255 255 0 199 0
    255 0 255 255 255 0 135 255 0 54 0 255 58 255 0 255 13 77 0 155 255
    255 0 0 52 163 255 244 0 255 255 255 77 255 255 0 0 0 0 0 0 255 0
    255 0 255 0 255 0 0 255 0 255 255 255 0 0 62 245 41 255 0 0 255 255
    147 232 235 157 0 0 255 249 255 0 0 114 255 255 255 0 255 255 166 0
    255 0 168 0 255 0 255 255 255 255 0 255 0 0 255 255 87 0 111 255 255
    255 0 0 0 0 255 0 103 255 255 0 75 76 255 0 46 255 255 0 255 0 255
    110 54 10 126 255 0 124 255 255 128 255 0 48 0 0 255 255 255 255 0 0
    0 255 0 255 22 255 0 82 255 0 0 117 209 255 255 0 255 0 0 255 255
    255 255 157 0 0 0 51 0 0 255 255 176 0 0 0 40 213 129 0 117 255 255
    51 0 0 255 80 255 0 255 251 72 255 240 0 255 0 0 194 255 0 0 255 155
    255 255 0 0 25 255 255 0 0 25 255 0 0 255 255 255 0 0 255 19 0 248 0
    51 0 255 0 255 0 0 0 153 0 67 230 0 255 255 255 0 0 255 0 0 0 150
    161 255 255 0 0 0 151 255 189 38 0 0 0 255 255 188 134 0 255 0 0 0
    255 140 255 0 0 0 255 255 255 0 255 0 0 0 60 255 166 0 0 255 0 255
    255 124 0 0 77 255 0 64 0 255 255 255 255 0 255 0 0 76 0 0 0 172 255
    255 255 46 0 255 0 255 255 255 192 0 255 0 255 0 255 0 0 0 255 0 255
    255 255 255 0 255 0 0 255 0 255 0 0 0 255 255 0 237 0 255 255 255
    255 0 255 0 255 33 0 255 0 255 0 255 0 0 0 255 79 176 0 255 255 255
    0 0 116 0 178 255 0 0 210 255 255 255 0 255 0 174 0 255 27 255 0 27
    0 255 255 255 255 0 255 255 255 255 0 0 192 255 0 0 255 0 255 0 8
    255 255 255 0 0 0 255 0 255 0 45 0 255 255 56 255 0 255 199 255 0 0
    255 0 0 255 0 255 0 255 0 0 0 193 255 255 92 255 255 0 0 0 255 0 255
    0 185 0 0 255 255 255 255 255 0 255 0 255 0 0 47 142 255 255 0 0 45
    255 255 0 216 255 255 68 255 255 255 0 255 51 0 255 0 149 255 255 0
    0 11 0 255 0 255 160 244 0 0 0 255 0 255 255 255 0 255 255 51 0 0
    255 255 165 0 0 255 115 88 0 0 115 255 54 0 0 0 0 255 255 255 255
    255 0 0 0 0 0 255 0 0 0 255 255 0 206 130 0 157 0 0 255 0 255 0 56 0
    0 0 0 255 0 255 255 0 0 145 255 0 179 0 255 106 255 0 64 255 128 0 0
    221 255 0 255 255 255 0 181 255 0 0 0 0 255 255 255 0 254 255 0 0 0
    255 54 255 0 50 0 255 191 255 0 255 0 59 255 255 255 0 0 0 255 255
    255 0 0 0 255 0 0 10 255 0 255 0 255 0 255 141 174 0 152 255 0 0 0
    41 0 255 122 255 246 255 0 255 21 236 255 159 255 0 203 0 255 255
    255 0 0 0 0 255 255 169 0 0 255 255 133 0 0 0 0 255 255 255 0 255 0
    255 0 0 0 0 255 0 255 85 255 0 0 255 255 105 0 86 30 255 135 135 0
    255 75 0 0 247 255 255 0 0 255 0 118 255 0 255 0 255 151 255 0 255 0
    255 0 255 0 255 16 0 0 0 0 0 255 0 255 0 255 0 255 0 255 255 255 0 0
    0 255 0 255 253 255 0 43 255 255 143 255 0 0 255 255 255 255 0 255 0
    255 0 255 0 255 0 206 0 0 255 249 0 255 255 255 35 127 255 255 255
    255 234 0 255 0 16 0 255 179 255 255 0 255 255 34 255 0 255 0 255 0
    255 6 255 0 255 0 255 200 0 0 0 255 0 0 101 255 255 0 0 40 255 255
    255 255 255 255 49 96 255 0 87 0 0 255 255 255 123 221 0 0 255 60
    255 83 233 0 255 255 0 0 0 0 255 0 255 0 255 0 0 3 255 197 219 0 0 0
    255 87 192 0 255 255 0 111 0 0 0 137 0 15 0 255 255 255 255 133 196
    0 0 0 188 255 255 0 142 255 255 0 0 255 75 255 0 255 0 255 255 1 255
    0 255 255 218 0 152 255 255 0 235 0 255 255 158 0 0 255 0 255 0 255
    0 0 0 255 0 255 0 0 0 214 212 0 0 255 0 66 0 0 255 255 255 255 194
    255 193 0 0 255 0 255 0 255 0 232 0 0 0 255 116 255 0 255 90 255 0 0
    255 255 0 0 255 207 0 0 255 255 255 255 218 69 0 0 0 0 255 63 0 255
    255 119 255 0 255 255 255 0 0 0 181 0 255 0 228 0 0 199 0 255 0 0 0
    172 255 255 255 255 37 0 0 219 134 255 0 0 255 0 0 137 255 255 0 255
    0 255 24 255 0 255 0 0 0 0 255 255 255 0 154 0 210 0 255 255 255 255
    255 0 50 0 255 0 0 255 255 22 255 0 0 255 255 0 230 121 250 0 0 0
    255 0 112 0 255 0 0 0 0 255 255 255 124 5 0 0 255 0 255 0 255 62 255
    255 0 0 202 207 255 17 255 255 0 0 0 255 0 255 255 0 0 0 145 0 120
    63 255 235 155 0 0 0 255 252 255 255 202 0 0 0 0 0 22 166 255 152 0
    151 255 255 235 0 0 255 0 0 0 255 0 255 255 255 0 0 0 0 255 0 0 255
    255 255 0 0 0 0 72 255 255 0 0 0 255 0 255 0 255 255 255 0 255 30 0
    0 255 0 0 255 0 255 0 0 255 0 255 0 0 223 255 255 0 0 0 0 255 255 0
    0 117 255 0 0 29 0 0 255 161 255 255 255 0 255 0 248 255 255 255 255
    0 119 12 127 37 0 0 0 77 255 0 255 0 255 255 255 255 255 0 255 0 255
    0 255 0 190 255 76 0 255 255 0 255 0 255 0 255 0 0 255 0 58 255 255
    255 255 0 0 164 255 255 10 255 84 255 255 255 0 0 0 196 80 255 0 0
    215 0 108 0 0 255 255 0 255 255 255 255 255 255 255 0 0 0 17 255 0
    71 0 255 0 255 0 255 182 0 255 187 189 238 255 152 255 0 255 0 36
    255 255 0 0 255 223 255 255 178 0 0 102 75 0 255 0 0 0 0 0 0 255 0
    255 0 255 0 63 0 255 0 0 0 255 212 0 0 0 0 255 255 255 0 0 255 0 31
    255 90 255 0 0 255 0 255 0 164 0 232 0 255 0 255 0 0 195 58 255 161
    240 0 0 255 95 255 0 0 255 255 255 0 255 0 55 99 0 138 255 255 147
    255 120 0 0 0 255 255 255 255 0 0 21 255 89 0 255 255 255 0 0 0 0
    255 211 243 255 48 255 226 255 255 0 0 175 255 103 97 0 255 255 0 3
    255 1 0 0 255 0 255 0 255 0 255 0 0 0 255 255 255 195 255 141 27 0 0
    255 255 255 0 0 178 0 255 255 0 0 0 255 255 0 255 169 0 255 255 212
    0 0 255 0 255 222 250 0 255 48 217 0 0 9 0 0 255 0 255 25 255 255 0
    0 255 255 113 91 255 255 255 0 255 0 0 0 125 255 255 116 0 255 0 255
    145 255 0 255 0 255 255 255 255 184 0 0 0 126 0 255 0 2 255 0 168
    255 0 0 255 255 255 255 80 0 0 0 255 0 133 0 246 255 0 0 111 0 203
    255 255 0 0 0 255 255 255 0 0 0 255 255 255 128 74 0 0 246 255 255 0
    0 209 255 156 255 87 0 255 171 255 0 255 11 139 0 88 20 78 0 0 255
    68 255 255 0 17 0 0 0 0 24 108 255 243 100 0 255 103 181 0 0 0 255
    255 255 0 0 255 0 255 0 255 255 0 0 0 65 108 0 0 255 255 255 185 255
    0 255 194 167 54 255 255 7 255 0 255 0 254 0 255 255 0 0 255 0 0 190
    255 0 0 0 255 255 255 0 255 0 255 0 255 0 0 0 47 255 0 0 0 255 0 255
    146 255 0 110 255 255 0 0 255 0 255 0 0 237 255 255 255 140 0 0 255
    0 0 255 255 0 0 0 200 0 255 255 255 0 255 255 255 255 255 0 0 0 0
    233 255 0 0 4 172 0 0 133 255 255 0 255 0 255 0 255 255 0 255 0 0 0
    255 0 255 0 255 0 101 0 0 255 0 255 96 177 0 255 229 255 0 0 0 255
    255 255 129 0 255 0 255 255 255 0 255 113 124 255 255 255 0 255 196
    255 113 255 255 176 0 0 255 161 255 255 0 0 0 0 255 172 255 0 109 0
    0 0 255 0 255 255 0 255 0 255 0 146 0 255 0 255 152 255 0 255 255 37
    106 86 231 255 0 255 0 255 255 255 0 0 0 154 0 255 255 255 0 0 0 89
    255 0 0 184 0 0 0 255 255 244 255 255 251 91 255 0 0 255 255 255 255
    230 255 255 0 142 0 255 246 255 28 0 0 0 0 255 0 255 255 46 0 0 255
    0 255 6 0 117 255 208 30 162 255 114 255 255 0 110 0 255 0 255 255
    255 93 255 255 0 0 158 0 255 0 255 0 0 0 255 0 5 0 0 255 0 255 0 255
    0 255 0 0 0 255 0 255 0 255 0 0 255 255 128 0 244 0 0 255 0 255 0
    140 0 255 255 255 0 255 255 113 0 0 255 255 0 192 255 0 28 255 111 0
    255 0 255 163 255 0 212 106 0 180 164 0 0 0 255 255 9 10 255 255 0
    255 255 159 255 0 251 53 103 0 0 255 255 0 255 255 0 255 0 0 0 0 0
    98 173 255 255 255 255 0 0 0 255 255 255 0 0 255 255 255 0 193 0 69
    0 255 0 255 0 0 0 255 255 119 0 0 0 255 165 255 255 0 255 0 255 255
    215 255 253 0 136 255 0 255 0 255 255 255 0 255 255 255 0 0 255 255
    255 138 77 255 0 0 229 255 255 255 0 0 255 61 255 0 255 255 0 255
    255 0 0 255 255 0 0 237 0 192 0 255 0 0 0 255 255 255 0 255 255 0
    255 0 0 0 0 255 215 255 0 0 255 255 147 0 0 255 255 0 0 0 255 255 0
    255 0 255 0 255 163 161 0 41 255 0 0 255 86 255 0 183 144 255 255
    255 56 0 255 0 250 96 0 255 13 255 255 255 255 0 114 17 0 0 60 255
    255 0 0 0 255 0 0 57 255 0 255 255 2 254 0 255 255 0 0 89 255 0 0 0
    255 255 255 0 0 255 255 255 139 255 251 0 0 255 0 23 0 255 255 255 0
    0 0 255 0 255 68 255 0 0 255 255 122 215 105 113 0 235 255 255 255
    255 255 0 0 23 255 0 118 86 255 26 0 227 255 255 139 255 255 255 0 0
    0 255 255 73 0 255 0 255 0 255 255 255 0 0 255 21 255 255 255 255 0
    255 0 255 0 255 255 0 119 255 255 255 195 255 0 255 0 250 255 241
    216 255 255 241 0 0 0 0 255 0 255 94 211 255 251 0 255 34 3 0 0 255
    255 0 0 51 255 255 0 104 255 255 144 255 0 255 0 33 0 255 255 255 74
    255 0 255 255 140 0 22 0 0 0 0 143 75 255 255 0 192 255 255 255 157
    0 0 255 255 0 0 255 255 255 54 232 0 0 0 255 255 0 255 0 255 0 255 0
    0 255 255 255 0 0 0 255 255 255 255 255 0 0 255 0 0 32 255 255 0 255
    0 255 0 255 255 114 83 0 255 255 18 127 131 255 255 0 0 0 255 255 0
    0 112 255 255 255 0 255 255 255 190 0 0 0 0 255 255 255 0 0 255 0
    255 0 152 255 255 255 0 255 255 0 0 0 255 255 255 0 0 0 255 63 129 0
    0 255 255 255 255 0 255 255 0 138 255 0 191 0 0 96 0 255 255 0 0 46
    255 255 255 255 0 255 255 0 255 0 0 0 255 255 0 0 175 0 135 0 255
    255 255 17 0 255 0 255 250 32 0 255 0 255 0 255 255 0 0 62 255 0 0 0
    255 255 255 0 0 255 255 0 255 255 255 0 0 255 255 255 255 255 118 14
    0 0 0 255 255 0 155 255 255 0 0 0 255 255 0 255 0 255 2 150 0 67 255
    213 255 0 0 0 255 255 255 126 255 0 0 0 25 255 0 216 0 255 0 255 255
    0 0 0 255 255 255 0 255 255 255 0 0 0 255 255 0 255 0 255 164 0 0
    255 222 0 33 255 255 82 255 221 0 196 203 255 255 255 255 255 0 13
    255 0 0 255 255 0 0 0 255 0 255 0 255 0 81 0 255 255 139 169 0 255
    255 254 255 255 194 206 0 255 0 0 255 255 255 255 0 66 17 255 255
    255 255 255 255 255 0 0 0 0 0 13 67 0 0 255 255 0 255 0 170 0 255
    143 255 0 255 0 0 0 255 255 255 255 255 0 255 255 0 0 0 255 255 210
    0 0 0 130 255 255 255 0 0 0 255 113 92 255 151 10 0 255 255 0 0 0 0
    255 0 207 0 255 0 255 0 125 245 0 255 0 0 0 56 255 255 0 255 149 255
    37 0 255 0 0 0 255 0 0 0 138 255 255 0 255 0 245 205 255 0 0 0 0 255
    0 255 0 0 169 255 112 0 255 234 0 0 0 0 255 255 99 0 0 255 255 255
    255 170 0 85 0 0 255 255 255 0 255 0 255 0 0 0 255 255 0 0 0 24 255
    255 255 0 255 53 0 0 255 0 255 126 255 0 123 0 255 0 204 255 255 0
    255 255 87 0 3 255 0 255 0 255 0 0 237 0 255 253 255 158 0 178 255
    255 0 0 0 0 0 255 0 255 0 255 255 255 0 255 0 85 7 60 255 0 0 0 255
    0 255 0 139 0 255 255 18 44 61 0 64 0 255 197 0 255 255 0 180 0 0
    177 180 255 0 0 0 64 65 255 255 0 0 24 255 255 255 255 0 15 0 0 0
    255 0 70 0 0 0 0 255 255 0 123 255 255 0 93 255 10 255 130 0 0 0 0
    255 255 235 179 172 255 0 0 0 118 255 105 0 0 255 255 255 0 0 255 0
    0 0 255 0 0 0 255 255 255 225 0 0 0 255 0 255 255 0 255 0 255 0 0 0
    202 255 0 0 116 255 0 0 0 255 0 255 0 255 255 255 7 255 0 255 255 0
    0 0 255 255 255 255 170 153 255 255 255 255 129 0 0 255 255 0 0 255
    0 255 255 255 35 255 0 0 62 188 255 142 255 255 146 0 0 49 92 0 255
    255 255 0 0 0 0 0 255 27 0 178 112 255 0 0 0 255 0 0 0 0 255 255 255
    0 0 161 0 255 0 48 255 255 255 0 0 198 255 255 255 241 0 0 0 0 255
    107 255 0 0 180 255 0 0 0 250 255 255 255 0 0 255 0 255 0 0 0 255
    255 210 0 0 255 0 1 168 255 255 0 0 0 4 255 255 255 255 0 0 255 42
    50 0 255 255 255 0 140 255 130 0 255 0 255 255 255 0 0 0 0 58 255 0
    0 255 255 255 0 0 0 0 247 255 255 166 0 255 0 142 0 255 255 255 0
    255 17 0 4 0 0 0 0 255 0 160 255 255 0 105 255 55 134 0 255 0 255 0
    220 255 0 0 0 255 255 255 0 255 238 0 0 255 255 255 255 255 0 0 0
    255 0 165 67 255 255 94 0 0 209 255 255 162 0 255 0 0 0 0 255 116
    255 255 0 248 172 0 0 88 255 0 96 71 255 255 0 255 52 255 0 255 0 0
    0 78 255 250 0 0 255 255 128 255 255 0 255 0 154 0 0 255 47 0 78 255
    0 255 255 255 0 0 0 255 0 0 255 255 0 255 217 255 0 255 251 23 255
    255 255 0 0 0 119 255 255 110 104 0 40 0 255 53 255 255 0 0 0 0 255
    255 114 0 0 255 255 255 255 0 255 0 255 0 0 238 255 255 255 255 0
    255 0 255 255 255 0 255 255 0 0 0 255 0 0 0 0 255 0 255 0 255 0 0
    140 255 255 220 0 255 255 239 0 0 0 0 255 255 255 0 0 255 255 255 0
    255 0 255 0 255 0 34 0 190 0 255 255 255 179 0 255 0 60 0 0 0 0 181
    255 140 52 0 0 254 0 255 255 255 255 0 9 0 0 23 255 255 255 60 0 0
    255 3 135 255 255 255 255 0 0 0 255 0 255 0 255 255 255 0 0 255 255
    255 0 138 0 255 4 0 0 0 255 255 99 135 0 244 0 255 0 255 255 0 118
    241 0 255 0 255 0 255 0 207 0 0 255 255 83 255 7 241 209 255 182 255
    134 0 0 0 255 0 255 255 255 255 0 0 0 255 255 0 0 255 255 255 0 255
    255 0 255 0 255 255 255 0 0 255 0 255 255 0 255 0 255 0 255 0 254 0
    255 229 0 0 0 255 0 0 0 255 255 255 217 255 0 255 255 255 0 0 0 255
    0 255 0 139 0 255 0 255 0 177 0 255 255 0 0 0 0 255 69 255 255 255 0
    255 0 255 255 255 123 0 125 255 255 0 254 0 10 255 0 0 154 0 0 0 255
    47 119 0 255 0 0 255 9 0 255 90 54 0 0 0 255 255 14 255 0 255 255 0
    117 146 0 255 55 255 120 241 255 0 0 0 0 80 0 255 255 220 255 0 28 0
    255 255 0 0 0 255 54 0 255 255 0 255 255 255 0 0 255 255 255 0 255
    255 255 0 255 185 255 255 5 255 255 149 255 0 0 255 255 0 0 255 255
    255 114 206 0 255 226 0 0 0 255 0 255 227 255 169 0 255 0 255 124 0
    255 0 255 255 255 0 255 0 255 151 255 0 255 46 0 255 0 117 255 125 0
    245 104 0 255 0 255 0 255 0 0 0 0 255 0 196 255 255 167 255 0 255
    255 255 0 0 20 255 255 0 255 255 0 0 0 255 255 255 245 0 0 103 60
    255 123 255 0 0 255 255 0 0 0 0 255 0 0 0 0 0 255 228 150 0 0 255
    255 255 0 47 255 255 0 0 0 255 255 200 0 0 207 255 0 255 0 255 0 35
    0 255 255 255 0 158 0 0 0 217 0 255 255 255 255 183 0 0 255 255 255
    0 0 0 255 255 255 0 255 255 255 0 0 255 247 255 184 0 255 116 0 0
    255 0 219 0 255 0 255 255 255 0 255 0 0 0 0 255 255 255 185 0 255
    107 0 92 0 255 255 0 114 255 0 0 79 255 0 0 192 255 74 0 172 255 0
    255 0 0 255 132 255 169 255 227 0 255 0 0 119 255 255 0 255 74 255
    204 84 255 255 0 44 0 0 0 0 255 255 255 251 0 255 50 255 0 255 0 137
    22 0 0 44 0 154 255 241 255 255 255 0 0 255 217 0 0 254 255 13 0 50
    0 255 255 66 0 245 101 255 234 0 0 255 255 255 255 0 60 0 255 0 255
    0 255 23 130 0 255 201 255 0 255 228 229 0 0 217 34 255 0 0 255 0
    255 0 0 0 0 255 0 0 178 255 255 0 0 0 255 0 0 186 255 6 0 132 0 255
    255 255 0 0 139 0 0 0 255 0 255 0 0 0 0 255 255 255 0 0 186 0 150 0
    6 255 255 255 255 0 255 0 243 196 4 255 111 0 0 255 255 65 255 195
    255 0 255 34 255 22 255 136 226 0 0 78 255 230 255 0 0 144 0 0 255
    255 255 0 0 0 0 0 0 255 47 207 0 0 255 0 255 0 255 0 255 255 247 255
    0 0 29 88 255 245 0 255 255 70 0 0 0 255 38 255 255 255 0 0 71 0 0
    93 0 255 255 255 0 0 0 0 143 255 255 255 95 255 255 0 255 255 255
    226 255 108 255 0 0 255 255 255 164 0 0 255 18 235 0 255 255 0 0 0
    91 0 0 255 0 255 111 0 41 71 255 0 255 106 255 255 5 0 255 0 115 67
    255 255 0 140 0 0 0 213 0 255 0 255 0 255 43 255 0 0 152 255 0 255
    255 0 255 0 9 255 0 3 41 0 0 0 83 187 255 0 0 213 100 255 255 0 0 0
    0 255 134 255 0 255 0 255 249 255 129 255 255 255 0 0 0 0 255 255
    255 0 255 255 0 0 49 255 255 255 255 0 0 110 255 255 0 121 0 255 125
    255 15 226 104 0 255 0 0 0 255 98 0 255 0 255 0 255 0 255 255 12 255
    0 0 255 255 0 0 255 255 255 116 255 0 255 0 255 0 255 55 255 255 255
    255 0 255 0 255 0 255 229 0 0 0 255 255 0 0 255 255 30 255 0 255 0
    255 0 255 0 255 255 255 0 0 0 255 0 255 40 255 0 255 255 0 255 255
    255 0 0 0 255 255 255 0 129 0 255 0 255 0 178 0 255 0 222 0 0 103 0
    255 0 255 0 0 151 255 255 0 255 255 255 137 0 44 186 255 0 0 70 255
    0 255 0 0 0 255 255 255 110 0 255 120 255 0 0 0 255 255 134 44 0 0 0
    255 255 179 0 255 114 255 255 131 0 0 255 255 0 0 255 255 40 0 220
    117 255 255 255 0 205 11 255 0 133 116 0 255 0 255 0 255 0 0 0 0 255
    255 94 36 255 0 255 0 0 170 255 255 51 181 0 63 0 0 0 255 255 9 0
    255 255 255 0 0 0 255 255 255 0 0 18 255 0 0 0 255 0 255 0 255 255 0
    0 0 255 6 0 0 0 255 0 255 255 255 0 0 255 255 255 124 255 255 255 0
    0 225 0 0 0 255 0 172 0 0 255 255 255 0 255 0 255 255 0 255 0 255 1
    255 255 129 248 0 227 194 0 237 170 0 0 255 255 255 255 0 255 0 255
    0 0 0 255 255 146 245 255 255 127 63 255 0 0 255 0 0 0 84 76 0 255
    255 255 0 0 184 0 255 0 255 0 255 0 0 0 0 0 255 255 255 255 255 255
    0 0 255 0 255 0 255 0 0 255 255 255 0 0 255 255 255 0 99 255 200 198
    255 233 0 0 0 255 0 0 255 255 255 0 255 0 224 132 235 255 255 126
    255 0 0 0 255 255 255 0 0 15 255 0 0 0 255 255 0 0 0 255 185 0 195
    255 0 0 0 255 255 255 96 0 0 0 255 255 92 10 0 255 156 255 0 74 164
    255 136 28 0 0 255 255 0 255 255 255 0 255 0 41 255 255 255 0 255 0
    255 255 255 0 255 0 255 0 0 0 255 155 0 0 0 0 255 255 0 255 0 0 255
    255 0 255 0 255 255 0 255 0 255 0 255 255 163 0 255 255 57 255 0 255
    0 255 255 255 255 255 202 0 160 0 242 255 174 0 0 245 0 255 0 0 255
    0 255 255 0 255 255 255 128 255 0 0 255 87 255 255 0 255 0 255 0 21
    0 255 85 0 173 0 255 255 0 255 0 0 255 110 255 0 255 179 255 255 0 0
    0 145 234 242 255 255 255 133 140 0 0 255 255 255 255 246 59 0 0 255
    0 204 0 255 0 255 0 0 204 0 0 6 0 0 0 255 255 220 182 0 179 255 255
    202 0 255 0 255 0 255 0 255 61 240 62 0 225 0 255 0 255 255 85 0 255
    255 0 147 135 255 0 0 0 255 0 0 0 255 255 255 0 255 255 255 255 0
    255 255 95 255 0 255 0 255 0 255 143 0 255 0 138 255 255 0 255 0 0
    140 0 0 255 255 65 0 9 0 255 255 0 88 255 255 167 255 95 0 0 0 255
    24 255 0 255 0 0 0 255 255 0 255 183 255 0 0 249 209 0 255 255 255
    255 255 0 255 255 127 0 134 0 0 231 255 239 255 191 0 64 0 0 177 255
    255 0 0 0 0 0 227 255 0 255 0 255 0 0 65 255 255 0 255 0 0 0 255 0
    37 48 255 255 6 0 255 255 255 212 0 0 0 255 255 255 123 0 0 110 90
    255 255 0 188 0 82 0 255 0 0 0 0 0 0 255 37 129 0 255 10 3 0 255 0 0
    0 147 0 0 0 255 255 255 255 0 255 0 0 0 0 255 255 0 0 0 255 255 255
    255 0 0 0 0 255 159 0 0 255 255 77 192 0 255 61 255 0 22 206 0 255 0
    100 0 0 255 255 255 0 0 0 0 255 163 0 255 0 255 2 255 255 251 0 0
    216 255 0 234 255 0 220 255 202 0 0 0 0 0 49 255 255 255 0 0 12 255
    255 0 75 0 47 255 96 255 255 68 0 0 255 0 255 0 255 255 196 0 255 0
    255 255 58 150 200 0 0 123 162 0 0 0 167 255 0 0 0 255 0 160 0 255 0
    0 0 255 255 167 22 0 0 255 255 255 255 0 0 0 30 255 255 255 0 255
    255 0 0 0 0 0 255 255 255 121 118 17 0 0 0 255 107 255 164 30 0 0 0
    0 53 255 255 0 255 255 255 0 181 255 255 255 255 0 255 255 255 0 0 0
    0 79 255 255 113 255 0 255 0 0 0 0 255 0 255 0 0 255 255 255 0 255 0
    196 182 0 255 255 255 0 255 255 199 0 76 255 0 255 0 179 55 0 255
    179 255 0 0 0 255 0 255 0 255 0 255 219 60 255 161 0 0 0 255 255 255
    255 8 0 0 0 255 255 0 0 82 255 255 0 255 144 255 255 0 255 255 178 0
    0 255 0 0 0 255 0 255 0 255 203 255 0 255 168 255 0 0 0 0 255 6 132
    127 255 255 255 0 0 255 0 255 0 203 168 0 255 0 84 0 0 0 255 0 255 0
    255 0 255 255 255 29 45 90 0 0 0 0 255 255 194 187 0 255 0 136 0 75
    0 255 0 229 255 0 0 0 255 255 0 0 0 255 255 255 255 0 0 255 255 255
    0 0 255 0 65 255 0 25 0 255 0 0 0 0 255 45 255 0 0 131 0 0 0 6 255
    151 37 0 0 0 99 34 0 0 0 76 255 255 80 255 0 0 0 255 255 255 0 0 255
    255 255 235 0 255 255 0 6 0 255 255 0 0 253 255 118 255 0 0 255 0 69
    0 0 255 0 255 175 0 234 0 0 0 91 255 255 0 0 170 255 0 0 0 255 255 0
    0 0 255 0 255 148 255 0 0 255 255 255 0 255 0 255 0 16 0 0 255 84 92
    0 255 0 0 57 117 255 0 153 255 255 255 0 255 0 255 0 0 255 85 255
    255 0 34 231 3 255 0 255 0 255 30 255 0 0 0 255 0 0 0 255 255 13 0
    131 255 6 255 0 0 0 209 255 255 255 237 255 0 255 255 255 255 255 0
    255 255 255 255 255 55 0 0 0 0 0 0 255 0 255 46 255 255 255 0 152
    130 255 0 0 255 255 0 0 0 255 255 255 0 210 200 0 175 255 255 0 0
    255 0 255 255 255 230 0 0 0 255 160 255 0 255 0 255 0 0 177 0 255
    255 255 255 81 255 0 0 0 255 0 236 255 255 234 0 0 255 255 152 255
    255 0 194 255 255 0 0 0 255 0 0 0 0 0 0 255 206 0 97 0 255 255 255
    255 255 255 0 0 92 255 75 0 0 0 0 255 120 255 0 0 133 255 255 0 255
    0 0 0 24 0 255 0 255 255 0 255 0 255 0 0 0 255 255 200 0 0 255 128
    255 255 0 0 88 20 255 255 255 255 0 255 255 255 0 46 0 251 0 0 182
    255 255 0 0 255 255 255 0 255 0 219 74 0 0 249 0 0 255 255 39 0 255
    255 255 0 255 0 0 0 255 255 255 255 255 0 255 255 255 0 255 0 255
    255 0 255 55 255 255 255 0 5 255 255 255 14 255 58 0 0 255 255 255
    74 0 0 0 5 255 0 0 0 0 255 67 226 0 0 255 215 255 255 0 255 255 255
    0 232 0 61 0 255 255 255 255 0 255 0 218 0 255 0 34 255 54 255 255
    255 25 0 255 222 255 0 0 20 255 0 255 51 255 0 0 255 255 25 255 0
    255 255 115 209 0 0 22 61 0 255 0 255 0 203 255 255 253 0 0 119 0 0
    165 46 229 23 62 255 255 0 0 255 255 0 0 0 255 255 178 0 0 0 255 255
    255 235 255 0 0 182 238 255 255 0 0 255 207 255 0 255 255 0 0 0 255
    202 255 198 255 69 0 255 0 226 255 255 0 0 0 0 255 0 0 0 255 0 0 255
    255 255 0 0 0 255 255 0 0 0 45 15 255 111 255 255 0 0 0 0 255 255
    255 66 0 0 0 255 255 5 255 255 159 0 255 255 58 0 255 110 0 0 0 0
    255 108 255 0 91 0 90 255 0 255 0 255 0 0 255 255 255 0 255 0 0 5
    255 255 0 0 255 255 255 0 0 0 0 255 0 64 255 255 255 245 0 255 255
    255 0 234 255 214 0 0 255 0 255 0 255 55 0 0 255 255 255 0 255 0 255
    253 255 0 255 0 229 0 255 255 0 0 0 192 255 0 0 241 255 255 255 174
    0 0 0 255 164 255 129 96 0 0 0 255 119 0 255 0 255 167 255 255 0 0
    255 255 65 0 0 255 0 255 255 0 0 255 255 255 0 146 255 255 255 255
    28 34 0 255 255 255 0 0 0 255 203 255 255 8 255 234 0 0 255 255 255
    0 255 0 255 0 255 0 255 0 129 0 0 42 0 255 132 255 153 0 255 0 255
    118 255 0 0 255 255 255 255 212 87 0 0 255 255 255 255 255 255 255
    255 0 0 0 255 255 0 255 0 0 0 164 255 255 255 0 0 236 0 255 255 0 0
    255 255 255 0 255 255 255 255 0 145 0 119 255 0 0 255 255 0 0 255
    255 255 0 0 0 211 255 255 161 0 0 0 255 0 255 0 255 255 255 0 0 70
    41 255 216 255 0 254 0 102 0 0 0 180 255 0 255 0 255 255 255 0 0 255
    255 193 0 0 255 255 236 239 0 0 0 178 0 255 125 255 0 255 255 255 0
    0 0 130 255 94 0 0 255 255 255 0 255 255 255 0 0 0 56 71 255 0 255 0
    46 255 255 255 255 255 121 255 0 255 0 0 0 255 0 255 0 253 0 0 0 0
    208 255 0 255 0 255 0 255 116 255 0 0 209 0 255 255 255 179 226 255
    0 0 255 255 255 0 0 0 255 0 255 190 0 0 223 255 0 116 255 255 0 133
    0 255 0 255 0 255 255 69 0 0 255 0 0 85 0 74 255 255 0 150 0 0 186
    255 255 51 0 0 0 0 255 0 0 255 0 114 0 208 255 0 186 0 255 0 255 255
    255 255 0 0 0 8 255 255 255 0 0 255 0 0 0 255 255 0 0 255 255 255
    255 0 246 0 255 0 255 0 255 0 255 0 255 255 255 0 187 0 0 0 141 0 0
    0 117 0 255 255 255 31 255 255 255 255 255 0 0 71 125 0 255 126 182
    152 0 4 0 0 0 255 255 255 0 255 255 255 0 0 0 255 205 255 0 255 0
    255 255 0 255 255 29 0 0 0 0 0 255 0 255 0 255 0 255 186 255 0 0 53
    248 0 255 0 223 199 255 0 255 120 255 0 55 0 182 0 255 255 255 0 0 0
    255 209 255 255 255 201 0 112 0 255 255 23 255 0 192 0 227 255 0 0
    255 255 0 0 0 217 49 255 38 255 86 255 212 255 255 255 126 0 0 94
    255 0 0 255 255 0 0 255 0 255 0 0 79 0 255 255 161 0 0 0 255 255 255
    122 0 107 19 255 0 255 90 17 3 255 0 255 14 255 0 0 255 232 255 255
    0 0 0 255 255 1 0 0 255 255 255 255 0 81 103 255 0 0 255 0 40 0 255
    255 255 255 255 255 0 0 0 255 109 255 255 255 255 255 255 255 0 126
    41 255 0 255 0 0 255 255 0 220 0 0 209 95 0 0 0 255 0 242 255 255
    255 255 0 0 170 255 255 94 255 0 86 101 255 0 0 255 0 0 255 0 255
    229 255 0 255 255 215 0 255 255 222 0 255 143 0 0 0 255 255 219 255
    0 255 0 0 0 255 0 255 0 255 255 255 0 0 255 0 242 0 255 255 0 0 255
    255 255 0 0 0 255 255 255 52 183 255 255 255 255 0 0 226 255 0 190 0
    36 255 255 255 0 0 220 255 0 255 255 255 0 0 255 255 0 19 14 179 0
    255 0 0 0 0 0 0 237 255 0 0 0 141 0 255 255 255 0 255 75 255 255 255
    0 0 210 255 255 11 255 0 164 0 255 255 0 144 0 255 0 255 255 255 0
    216 255 255 255 0 0 0 0 255 255 255 0 155 104 183 255 255 0 255 0 0
    88 255 0 241 0 0 0 255 255 255 0 0 0 0 247 0 255 196 235 0 0 255 0 0
    0 255 111 255 0 0 0 255 255 255 255 0 109 158 255 0 255 255 99 0 223
    170 255 255 255 255 0 0 0 0 97 255 255 10 255 255 255 0 255 0 255 0
    0 255 255 255 73 240 49 0 255 172 0 255 0 219 0 255 255 0 8 255 255
    255 0 0 255 255 255 0 255 0 5 255 255 61 0 82 255 0 0 0 0 0 0 255
    255 255 255 255 0 0 0 255 0 0 0 255 0 0 150 255 165 255 255 0 0 0
    255 255 0 0 0 255 255 158 0 194 0 255 28 251 0 255 0 255 255 255 255
    66 0 255 0 35 255 255 0 104 0 255 173 0 255 0 159 0 255 232 255 135
    0 255 230 162 0 255 198 255 255 0 255 13 121 0 255 255 0 255 255 94
    255 165 0 0 255 166 255 36 0 0 76 254 205 0 119 255 255 0 0 0 0 0
    255 153 89 255 0 73 0 255 0 255 181 255 0 144 255 86 255 228 186 0
    255 0 88 255 255 255 156 0 0 0 0 0 122 255 255 81 0 0 255 255 255 0
    25 255 255 255 154 0 0 255 255 0 255 255 255 255 227 0 0 150 0 209
    244 255 0 255 255 255 0 255 172 0 0 255 255 255 194 0 255 0 255 0 0
    2 255 0 148 255 255 255 0 255 255 230 0 45 0 0 164 255 250 52 0 255
    110 255 0 0 255 0 255 255 0 255 229 183 0 0 0 4 0 255 255 242 195 0
    29 0 255 255 255 0 255 25 217 0 0 0 255 132 0 255 146 255 255 255 0
    255 255 0 255 255 255 97 0 255 0 0 201 0 172 0 255 254 0 0 255 255
    255 0 136 255 255 255 0 0 148 255 255 255 244 255 255 0 156 0 0 255
    255 192 255 0 255 255 0 0 11 219 255 81 255 0 255 0 73 0 255 255 0
    255 0 255 0 0 0 255 0 0 255 0 0 0 255 255 255 255 0 0 0 255 67 255 0
    0 0 85 255 0 0 84 255 255 216 255 255 0 0 0 255 255 128 255 0 0 255
    96 255 7 255 0 0 156 200 255 255 0 0 0 255 168 255 0 255 0 255 0 0 0
    255 255 255 255 136 0 255 0 255 255 0 0 0 0 255 255 0 255 0 0 0 185
    128 255 255 255 0 236 0 255 255 255 79 255 255 0 255 0 255 0 205 0
    255 157 255 255 0 255 0 255 0 72 255 255 255 0 227 0 255 255 33 0 98
    0 255 0 255 215 0 0 0 255 95 0 0 0 255 255 255 255 0 0 255 0 92 242
    255 213 255 0 0 170 255 215 255 255 255 255 196 255 0 0 0 0 255 141
    255 255 0 0 169 0 255 0 0 0 255 255 0 33 26 255 255 255 0 0 255 255
    0 255 149 0 0 255 255 0 103 0 255 255 255 0 0 0 255 32 183 0 255 0
    255 0 255 0 0 255 255 255 0 0 0 255 255 164 255 0 0 0 75 0 255 255
    189 0 255 0 247 0 255 0 255 255 255 0 255 255 255 0 0 0 33 0 0 255
    255 255 255 0 0 0 0 255 255 255 0 0 214 255 255 0 0 255 255 255 61 1
    255 255 255 255 255 172 255 206 0 25 0 87 0 103 0 255 0 255 0 39 173
    251 119 255 24 255 255 0 255 0 0 255 255 0 0 0 255 0 0 255 255 255 0
    0 0 0 0 27 255 255 0 136 0 255 0 255 0 255 0 201 255 255 0 255 0 255
    0 255 0 115 255 255 0 0 0 255 255 255 245 24 255 255 0 0 159 255 0
    255 0 255 255 21 255 0 0 0 0 255 0 0 0 255 174 255 0 0 0 0 255 192
    255 255 255 0 51 0 0 0 255 255 0 0 52 255 0 159 0 255 255 255 0 255
    0 255 255 255 0 197 0 0 3 255 18 255 0 0 0 255 0 255 0 29 0 255 255
    0 229 148 0 255 0 255 36 255 0 255 112 255 0 0 255 0 185 0 121 255
    255 255 55 0 55 255 42 6 0 24 0 255 255 0 255 254 255 90 246 0 255
    179 255 255 0 0 0 255 255 0 255 0 255 0 92 0 0 255 175 81 0 255 0
    153 255 255 255 255 0 0 255 255 255 0 0 255 255 0 0 0 0 0 255 255
    255 255 99 0 255 255 53 163 255 0 0 62 0 231 255 255 0 223 0 255 51
    255 255 255 255 168 255 221 255 0 46 0 255 0 255 0 255 255 255 255 0
    0 255 80 255 255 255 255 0 0 255 255 238 255 1 255 0 0 208 0 115 0
    105 255 255 255 255 0 204 0 255 255 255 0 235 133 0 68 0 255 240 255
    0 0 0 255 0 0 0 0 255 255 0 124 0 255 255 255 183 0 255 255 160 0
    255 0 0 134 255 255 255 70 5 164 0 154 255 233 86 255 0 0 255 157
    219 44 0 255 255 20 0 0 0 255 0 160 255 255 255 0 255 0 0 255 255 69
    7 0 255 255 255 255 165 36 0 255 95 0 180 255 255 90 255 255 0 255 0
    255 0 28 0 1 255 255 255 0 255 255 0 0 255 255 0 0 0 0 0 255 255 47
    0 0 176 0 255 0 0 203 255 255 0 255 0 255 0 255 255 255 255 255 255
    0 0 255 127 0 0 255 0 0 59 255 255 63 0 0 0 37 255 255 0 0 0 255 255
    255 17 98 0 255 0 255 0 93 255 0 255 0 255 60 255 0 0 0 0 0 3 234
    255 255 0 183 0 255 112 214 0 166 0 0 0 108 255 37 255 255 255 0 0 0
    255 255 255 86 0 255 255 255 255 255 0 0 0 255 122 0 40 255 81 255 0
    255 0 0 64 255 0 255 0 255 255 55 255 0 255 0 255 255 0 255 255 184
    0 255 255 255 255 0 255 153 255 106 255 0 129 140 255 0 0 0 0 238 0
    255 0 255 27 255 255 0 255 0 255 255 255 78 0 0 255 0 255 0 255 174
    0 0 7 255 255 181 0 0 0 255 255 255 0 0 199 100 255 255 0 255 0 255
    0 255 0 0 255 0 255 0 0 0 255 0 0 112 255 255 255 0 0 87 0 255 0 0
    255 191 255 255 255 255 255 255 0 0 0 17 255 255 255 0 255 0 255 255
    0 0 0 255 255 132 211 0 93 0 255 59 255 200 0 0 0 255 255 255 0 255
    255 159 255 255 255 0 255 148 248 255 0 0 255 0 255 0 224 93 104 255
    0 255 0 255 0 255 255 50 0 255 255 0 0 255 129 0 255 0 190 33 255 0
    255 0 210 0 46 255 0 0 255 255 255 57 0 0 255 67 255 255 0 255 255 0
    255 255 255 168 0 222 0 0 255 0 255 154 0 235 0 255 255 255 0 0 0
    255 100 255 255 255 0 138 0 255 0 255 255 255 0 0 0 0 0 255 169 0
    255 0 0 255 114 0 0 255 0 255 198 255 255 0 255 226 255 0 255 0 0
    134 195 255 215 134 0 255 0 0 0 255 0 0 199 255 0 0 255 255 0 0 255
    255 255 0 255 38 255 0 0 255 255 255 0 228 255 0 255 0 224 0 0 0 255
    22 255 255 0 255 0 0 0 255 255 255 255 255 142 0 0 255 255 255 0 174
    255 64 13 0 255 255 255 0 0 0 255 0 255 0 255 0 255 0 0 32 255 255 0
    0 0 0 0 216 255 255 0 255 0 0 32 0 255 0 255 0 255 180 255 0 0 19 0
    0 255 255 255 0 0 0 73 198 0 255 0 0 255 0 0 0 0 255 0 255 0 255 97
    255 0 255 0 255 91 255 0 255 0 22 0 0 255 175 81 0 255 255 96 0 4
    255 0 255 255 123 0 55 255 255 0 143 0 0 255 30 148 162 55 255 0 0
    255 0 0 255 0 255 0 255 0 0 0 255 67 88 0 0 0 0 0 42 137 245 255 255
    0 0 255 255 34 255 255 255 0 0 0 255 0 0 0 0 255 124 255 255 255 0 0
    0 0 0 255 255 82 255 0 18 96 166 255 0 186 0 0 0 0 0 0 255 255 255
    143 0 230 0 0 18 255 255 0 117 0 108 255 0 0 0 255 0 255 0 126 255
    255 255 14 0 255 255 255 0 44 0 255 42 102 0 0 0 0 0 169 235 86 255
    0 0 0 255 148 151 0 255 0 255 249 0 0 255 255 0 0 0 0 255 255 255 0
    0 0 255 255 161 0 255 255 0 114 0 0 0 0 255 0 255 255 0 14 255 255
    104 0 210 255 255 255 0 0 0 120 0 255 255 255 255 51 0 0 0 255 0 255
    11 0 0 255 0 190 15 255 92 139 255 0 255 255 89 255 0 255 0 255 200
    255 255 0 0 255 85 255 42 255 0 255 0 255 0 255 0 255 0 35 0 255 255
    255 255 0 0 255 0 19 0 255 34 0 233 255 255 255 148 28 255 255 254 0
    0 0 255 255 208 255 0 0 0 255 255 255 0 0 191 78 255 59 255 255 255
    255 0 0 255 255 255 255 0 255 100 60 0 255 255 199 255 0 255 255 255
    0 0 255 242 0 0 0 0 119 255 139 0 0 0 255 194 60 185 0 255 0 213 0 0
    255 238 0 0 255 0 0 0 242 255 0 255 0 255 233 255 0 4 0 0 58 119 255
    0 90 0 255 255 255 255 59 0 230 0 0 255 255 255 0 255 8 255 255 255
    137 0 0 255 0 255 0 69 255 187 206 0 255 255 255 0 0 233 255 255 255
    0 255 125 0 0 255 0 0 0 0 255 0 121 255 0 255 255 0 0 0 13 255 255
    24 255 100 0 0 75 134 255 0 12 0 255 0 255 0 0 255 229 255 0 195 255
    255 6 0 0 255 255 0 0 0 255 255 255 0 0 0 255 0 255 255 0 255 8 255
    0 0 255 0 255 0 255 0 255 41 0 0 255 255 69 0 0 255 43 0 66 0 42 0
    201 0 0 255 31 26 255 0 255 0 255 0 0 0 25 255 255 229 255 0 138 0 0
    180 0 0 255 255 255 81 255 0 223 0 0 0 255 0 0 0 235 255 255 255 255
    0 0 0 85 255 255 255 0 0 80 141 0 116 255 0 255 230 32 0 0 255 255
    105 255 255 85 0 0 32 0 0 0 0 255 255 255 0 92 0 255 0 0 0 0 0 0 0 0
    255 255 255 0 0 0 255 0 116 255 255 255 255 0 0 0 255 255 255 0 255
    255 0 81 0 164 91 0 4 68 255 0 255 255 0 0 255 255 0 32 0 26 0 0 154
    244 255 255 255 0 0 255 200 255 0 255 0 0 0 209 255 185 255 255 0
    255 0 0 0 255 91 255 0 255 0 255 0 255 255 69 255 0 0 64 255 0 0 255
    255 0 0 18 0 55 0 255 0 255 27 0 0 255 255 0 141 255 21 255 0 0 255
    0 255 0 0 0 255 202 255 255 135 255 0 0 245 76 255 0 0 255 255 0 0
    255 255 255 0 120 255 0 255 255 0 0 0 0 65 0 166 187 255 51 255 0 0
    255 0 0 255 0 255 0 0 255 251 0 255 90 255 0 0 182 0 0 0 102 0 255 0
    255 0 255 0 255 0 252 86 0 255 0 255 0 234 255 255 0 77 0 138 255 0
    0 155 255 0 0 0 0 255 255 0 255 255 187 40 0 178 255 255 0 0 178 231
    255 90 255 0 171 255 207 0 0 255 255 0 3 255 255 0 0 0 255 255 255 0
    0 255 255 17 255 0 0 179 255 0 37 255 255 0 0 0 0 202 255 172 204 0
    0 255 151 255 0 0 0 255 0 119 45 255 255 0 255 0 255 0 0 0 0 0 83
    255 31 255 144 255 159 64 0 255 0 233 255 255 0 0 255 0 255 0 139 0
    0 255 255 255 255 27 230 255 255 0 255 255 255 9 0 178 0 255 255 255
    0 0 0 255 255 212 255 255 255 225 255 255 0 165 117 255 255 0 0 255
    103 255 82 255 255 255 255 255 0 255 0 0 255 255 255 0 255 0 255 0
    255 0 255 255 255 0 255 85 255 0 0 7 85 238 255 0 162 0 255 255 255
    255 0 0 255 0 154 0 0 255 196 255 255 0 0 0 255 0 0 0 255 255 255 0
    0 0 255 51 0 255 255 255 0 255 255 0 255 0 255 0 255 0 0 255 255 0 0
    193 73 197 255 255 0 0 177 0 0 0 0 255 255 255 0 0 255 0 255 0 255
    255 255 0 0 255 255 255 0 255 0 255 250 213 255 83 0 0 0 255 255 183
    37 0 0 255 255 255 0 255 0 33 115 212 0 255 255 0 0 0 255 255 255
    255 255 255 255 0 0 0 140 38 0 237 0 255 255 194 0 0 0 255 143 255
    255 169 255 231 255 0 255 255 0 0 255 71 255 125 255 0 255 0 255 0
    255 0 0 0 0 255 0 255 255 255 0 0 255 34 209 0 9 123 255 180 0 0 0
    255 255 134 0 0 255 0 255 255 255 232 161 255 255 255 0 0 250 168
    255 68 86 0 255 255 0 255 244 255 255 0 255 24 255 200 255 255 255
    255 255 0 0 255 255 255 255 255 0 255 255 255 255 7 15 0 255 255 101
    35 178 255 0 255 0 255 0 255 0 255 0 245 54 0 0 0 255 254 255 255 76
    0 255 0 0 0 0 255 255 255 0 255 0 229 0 255 255 255 0 255 255 255 0
    0 150 255 0 0 255 0 255 255 255 0 255 240 0 105 0 0 0 255 255 216 0
    255 255 0 255 0 255 0 0 244 255 255 255 0 0 255 253 255 115 0 255
    255 255 163 0 255 255 213 0 226 0 255 154 255 0 255 12 255 0 255 0
    255 255 0 255 0 255 0 255 255 58 0 255 255 212 0 255 0 186 0 255 255
    255 201 255 255 150 39 0 0 255 255 197 0 255 255 255 149 215 0 255 0
    0 255 255 255 255 255 0 158 183 150 100 0 0 255 0 255 255 151 0 42 0
    0 0 255 255 224 176 0 255 0 255 255 0 0 0 255 0 239 161 255 251 255
    0 0 0 73 255 255 0 0 52 198 110 0 116 255 255 0 134 0 102 255 96 0
    255 255 255 0 93 0 163 0 0 0 255 156 188 0 0 255 255 0 255 255 255
    255 255 255 0 154 255 255 0 0 0 0 0 0 0 255 255 102 0 0 0 111 0 255
    255 0 0 0 0 0 145 255 255 255 0 255 255 255 116 0 255 0 255 0 192
    255 0 107 0 0 255 0 255 19 0 38 251 49 135 255 122 0 0 252 255 0 255
    255 0 255 255 94 0 0 164 255 0 255 0 255 0 0 255 255 0 99 255 0 0
    129 0 255 255 255 66 0 0 255 130 0 255 0 0 0 255 0 255 200 255 0 255
    255 255 255 255 0 59 255 255 255 0 255 0 255 0 255 122 255 255 0 255
    0 0 0 227 255 225 0 0 37 0 255 0 255 0 0 0 246 19 255 255 0 255 0
    255 0 0 255 255 255 0 255 0 0 0 255 255 255 181 0 0 94 0 255 255 255
    0 0 179 255 255 0 0 0 255 255 79 0 255 0 0 143 0 0 0 255 0 255 180
    255 255 255 0 0 167 255 157 0 0 255 255 65 0 255 255 255 255 255 174
    0 0 0 0 255 255 255 255 246 255 255 255 70 0 255 0 255 0 0 0 0 255 0
    255 69 255 119 120 150 0 255 255 255 0 0 211 0 59 0 89 255 255 0 255
    0 71 0 255 0 0 0 198 255 224 0 0 255 0 255 0 0 0 255 0 255 0 0 255
    255 0 0 0 0 0 255 255 0 0 0 200 0 249 0 255 0 255 0 255 244 71 72
    255 0 34 0 0 0 148 0 0 18 14 255 0 255 0 0 0 255 255 237 0 228 255 0
    0 255 255 255 255 0 38 0 0 168 180 255 0 99 0 255 255 255 0 31 249
    255 0 255 13 255 0 0 255 0 0 0 0 154 0 255 255 246 184 0 0 255 255
    255 14 255 0 48 255 0 216 255 19 77 0 0 255 255 0 0 0 255 231 80 9 0
    255 255 255 195 0 0 0 0 255 0 255 255 0 0 0 255 223 113 0 255 255 0
    0 0 255 0 206 0 255 30 0 0 255 152 255 0 143 0 255 255 216 0 0 0 20
    255 255 255 0 0 0 0 4 255 0 255 0 255 143 255 0 0 255 83 0 0 255 0 0
    255 255 0 0 0 112 255 255 255 255 0 255 255 255 0 0 255 0 255 0 255
    0 255 0 255 0 255 255 255 0 0 0 255 0 0 0 113 255 0 201 0 255 0 255
    255 62 0 51 0 108 0 93 0 255 255 0 44 30 255 251 113 168 0 255 255 0
    90 0 0 99 255 255 255 36 229 255 234 0 0 0 154 0 255 255 0 255 0 0
    53 0 255 0 255 0 0 255 255 255 255 0 0 0 0 85 0 255 255 163 255 255
    255 0 0 0 116 255 255 0 0 0 0 161 255 255 0 255 0 0 255 255 0 0 255
    255 0 0 0 43 0 157 165 255 255 237 255 243 0 0 71 255 80 255 255 0
    255 0 255 255 0 0 197 255 124 182 0 0 0 0 255 255 0 0 0 255 0 255 61
    0 255 0 255 0 0 0 230 38 6 0 255 0 129 95 44 255 133 165 0 0 0 0 206
    255 249 0 0 255 255 136 81 255 126 0 0 0 255 255 0 0 5 255 255 0 6
    51 255 0 255 255 4 0 0 0 0 0 255 0 0 255 44 255 0 61 0 0 0 255 255
    255 67 0 255 255 255 0 0 0 0 255 255 0 186 53 0 255 94 255 255 133 0
    0 0 0 255 255 255 255 0 140 255 255 0 255 0 255 153 255 0 255 255
    255 155 0 0 0 0 0 0 0 0 0 255 0 0 0 0 163 255 255 0 0 0 255 255 154
    0 0 0 75 109 255 0 39 112 255 0 255 255 255 255 255 0 0 0 255 255
    157 0 0 198 0 255 0 175 255 255 0 0 255 0 255 0 255 0 255 201 0 255
    255 255 255 255 0 255 0 255 0 255 255 255 0 0 0 255 0 11 0 255 255 0
    255 29 255 255 255 0 0 255 0 90 255 0 47 0 255 0 0 0 0 255 0 0 255
    255 111 255 140 255 0 35 0 0 0 0 50 255 255 255 255 123 255 0 255 0
    255 193 255 0 255 124 0 255 104 255 255 255 0 0 148 255 255 157 35
    246 0 255 255 255 255 202 0 0 255 0 255 0 0 0 255 0 255 255 86 255 0
    0 18 196 188 31 255 0 68 0 76 0 255 255 255 117 0 77 255 255 255 0 0
    255 246 255 0 0 255 255 255 0 73 255 255 0 0 0 255 255 255 37 0 0
    193 255 0 209 0 171 0 255 0 0 255 30 255 255 255 0 255 0 0 0 111 0
    145 94 0 0 0 0 0 255 74 105 98 255 255 0 0 0 255 255 255 255 0 0 193
    0 182 8 0 255 21 192 83 255 0 0 255 255 255 0 212 0 0 255 0 133 255
    255 255 255 0 255 255 0 255 0 255 255 255 0 255 72 0 0 255 0 255 0 0
    0 204 255 151 255 0 215 0 0 255 255 0 0 0 0 255 255 22 0 0 0 3 255
    255 255 255 0 255 218 255 106 0 0 20 255 0 0 255 0 0 0 255 255 255 0
    0 255 59 255 0 255 0 0 0 0 255 211 0 0 0 0 255 0 255 0 255 255 0 159
    255 255 255 0 255 255 255 255 255 0 0 0 255 255 244 0 0 255 255 19
    255 0 255 89 0 255 205 255 255 0 255 148 255 255 192 233 0 255 0 255
    0 255 0 255 18 0 255 0 255 93 255 255 215 0 0 23 255 255 255 0 0 0
    255 255 255 0 0 0 0 0 255 38 255 255 255 54 0 0 255 255 255 255 7
    255 255 0 255 0 255 0 0 0 0 0 0 255 255 255 255 0 90 0 71 0 255 255
    185 0 0 186 0 255 0 0 0 0 255 255 0 171 0 0 139 255 255 255 163 255
    134 0 0 255 11 238 255 0 0 0 255 0 255 162 255 216 14 0 0 103 208 5
    255 255 255 0 0 0 255 255 255 255 31 183 37 224 173 0 0 255 255 0
    167 0 1 0 255 253 207 0 0 131 255 255 255 239 255 255 255 0 0 255
    255 247 255 0 0 200 0 255 0 255 0 255 255 255 70 255 0 226 137 0 255
    255 255 0 0 255 255 255 123 0 134 0 189 255 255 241 0 218 255 255
    255 0 0 255 78 0 107 0 255 255 0 255 0 255 87 255 0 96 255 255 163
    65 15 225 0 0 255 0 255 0 255 255 255 0 0 0 93 19 255 255 255 11 255
    0 0 0 255 0 201 0 83 0 0 0 255 178 0 0 0 255 255 255 102 131 0 0 252
    0 255 0 75 255 0 6 0 16 255 0 255 255 255 0 0 0 0 255 141 68 114 255
    0 0 0 255 48 0 130 111 255 0 255 0 218 0 255 255 255 0 255 255 255 0
    0 255 0 255 255 0 0 0 0 255 0 255 0 255 0 0 130 255 255 64 0 255 255
    255 255 255 78 0 255 255 255 0 255 255 189 255 255 255 0 255 0 0 0
    255 83 255 0 255 70 255 255 255 0 0 0 255 49 0 0 255 255 0 140 255
    255 0 255 0 255 255 255 255 0 0 255 0 255 255 122 60 0 0 255 0 0 255
    0 255 108 255 255 165 0 0 0 255 255 255 40 0 0 0 255 40 255 0 255
    169 255 200 178 0 255 255 255 0 255 0 0 0 0 0 255 0 255 255 255 0 0
    255 112 255 0 125 255 255 255 0 0 255 0 0 0 255 0 255 0 255 26 255
    255 255 0 0 255 255 227 255 255 255 255 0 0 0 37 0 255 201 255 255
    255 255 255 255 255 0 0 0 255 0 0 0 0 36 227 0 47 0 0 255 255 113
    255 255 0 0 255 0 48 255 229 255 0 0 0 0 0 0 0 185 255 241 0 255 180
    0 255 0 255 255 255 0 0 255 0 255 0 75 0 0 0 255 255 0 0 255 0 255 0
    0 255 0 0 40 0 117 255 0 0 0 255 64 255 0 0 0 255 0 0 0 255 255 255
    0 0 86 255 0 255 0 255 0 255 0 255 255 0 0 0 255 255 0 0 159 3 255
    255 81 255 255 0 0 0 255 150 255 38 155 255 0 255 0 255 255 0 67 255
    255 255 70 255 255 255 255 0 255 248 0 0 0 198 0 0 255 74 255 199 0
    0 255 255 255 255 255 0 0 0 0 255 0 255 96 0 255 0 255 0 255 255 255
    255 174 0 192 255 255 0 255 0 0 255 0 255 0 255 207 255 0 64 0 255
    255 0 5 0 0 0 255 229 255 0 255 0 255 255 255 0 0 0 255 255 255 255
    0 0 0 0 0 255 106 255 229 8 255 255 0 0 255 194 255 148 255 183 0
    208 255 255 255 0 205 0 0 255 115 0 0 0 255 255 255 0 185 0 0 0 0
    255 0 255 169 0 255 228 0 0 0 0 255 0 86 0 0 0 255 255 1 0 0 255 255
    0 0 0 0 241 54 81 255 255 0 102 255 225 0 0 0 255 0 255 0 205 0 0 0
    0 255 255 255 0 255 115 0 0 0 255 255 0 255 255 0 179 255 33 221 0 0
    0 255 255 255 137 255 0 0 255 255 255 0 208 255 255 255 8 0 55 255
    255 74 255 0 162 0 255 255 0 0 255 0 0 69 255 255 71 87 255 255 255
    151 138 13 116 0 255 0 0 0 255 255 255 0 0 0 200 0 103 135 0 255 255
    255 0 255 255 0 255 0 1 241 0 225 0 255 116 0 255 58 255 0 255 0 27
    0 0 0 255 255 255 0 227 134 0 0 255 0 0 205 255 0 0 0 0 0 54 255 37
    0 165 255 255 153 255 0 0 0 0 255 22 0 0 226 255 0 255 0 0 0 0 149 0
    0 96 255 255 0 0 255 0 255 0 255 0 0 0 225 255 0 0 28 255 105 255
    204 0 0 255 0 255 244 255 0 23 0 255 220 238 0 0 255 255 255 255 0 0
    0 255 106 255 0 255 252 255 230 245 0 255 209 176 202 0 0 255 19 255
    255 0 255 0 53 255 140 255 0 255 206 255 0 0 0 0 255 255 255 0 158 0
    97 221 255 216 18 67 255 254 255 0 0 172 255 255 103 255 0 133 89
    255 0 255 0 255 0 65 255 219 0 0 199 0 57 255 255 255 0 0 255 221 0
    0 255 255 0 0 255 255 255 255 0 19 255 255 0 0 0 255 255 255 0 122 0
    118 0 254 92 255 255 255 255 0 161 0 155 0 0 255 55 0 255 32 8 0 255
    149 0 215 59 255 182 0 0 0 0 64 255 174 0 0 75 255 255 0 0 255 0 255
    255 219 0 146 0 255 255 255 165 0 14 0 255 255 206 187 255 0 255 122
    255 255 255 0 0 255 255 208 255 0 0 255 101 255 0 0 0 114 0 0 255
    255 255 244 0 69 0 0 0 0 255 0 0 255 0 255 0 255 255 255 255 0 255
    255 255 167 0 0 255 0 0 255 152 126 0 255 255 255 0 0 0 255 186 0 0
    0 255 255 255 0 0 255 255 255 0 255 0 255 0 0 0 0 255 255 255 255 0
    0 255 0 255 255 255 231 0 210 0 255 0 255 255 0 0 255 255 255 0 0 33
    255 255 0 0 255 0 255 0 255 255 60 255 0 0 255 255 0 255 255 0 0 255
    67 158 0 0 0 255 255 137 0 0 0 255 56 255 202 0 0 0 255 255 255 0
    255 0 213 255 255 255 255 0 0 221 255 255 132 182 0 255 50 127 239
    255 255 216 0 0 255 11 255 255 82 81 0 39 255 255 0 255 35 255 255 0
    4 0 255 215 0 27 0 80 0 0 0 68 255 0 0 0 0 125 111 255 255 0 0 0 0
    161 255 0 150 0 86 20 139 0 0 0 0 155 255 255 255 51 255 255 255 0
    255 255 0 58 0 91 255 255 255 0 255 250 255 0 236 255 0 255 0 0 148
    255 255 206 0 104 255 255 255 0 255 255 255 0 0 237 0 255 0 243 255
    255 231 123 255 234 0 0 255 94 228 0 255 0 18 0 255 0 0 82 85 255 0
    0 129 0 0 255 0 0 0 255 255 248 0 0 197 255 255 0 0 78 117 255 0 0
    255 255 0 150 0 0 105 0 255 14 255 3 0 147 255 255 255 0 0 161 0 0
    255 116 0 255 0 0 144 255 255 255 0 0 0 255 255 255 0 0 0 255 255
    126 255 255 255 0 0 255 255 255 255 0 0 0 255 152 255 113 0 215 0 0
    0 255 255 255 0 255 0 0 255 0 255 255 139 255 237 124 151 255 255 0
    110 213 255 0 104 117 173 255 255 246 0 0 0 255 0 255 0 255 142 255
    26 0 0 255 255 255 255 214 0 0 0 255 253 255 0 153 231 255 165 0 9 0
    255 255 255 227 0 0 255 255 0 128 0 0 0 0 255 246 0 0 255 0 238 121
    255 0 0 255 2 255 255 0 19 0 255 0 255 0 28 0 0 113 255 178 255 255
    255 0 138 255 255 0 255 218 255 0 0 0 255 255 0 0 242 255 0 255 255
    255 46 255 109 255 0 255 255 255 0 255 0 255 255 255 171 0 0 0 229 0
    255 87 0 0 0 255 58 255 251 255 0 0 0 255 0 255 54 255 255 255 0 0 0
    0 255 255 255 58 237 95 255 0 0 0 255 255 255 255 0 255 255 225 0
    255 0 0 0 42 0 255 255 58 0 0 255 255 78 81 0 0 255 0 0 0 255 255
    255 0 119 0 255 255 0 0 0 49 255 255 0 0 0 255 0 0 255 255 255 255 0
    255 0 255 255 255 255 255 255 0 0 0 255 0 170 0 255 255 248 255 0 0
    255 38 255 0 255 0 255 20 255 0 179 255 158 0 0 255 255 0 0 0 159
    255 255 221 255 0 0 0 151 255 255 255 10 225 186 161 255 255 0 241 0
    255 114 255 255 105 165 255 255 255 0 0 0 255 255 155 0 255 0 0 0
    255 0 0 255 83 255 0 255 255 255 255 0 0 255 0 255 255 0 255 0 255 0
    255 255 255 0 245 255 0 0 0 254 0 255 0 255 255 255 255 125 255 255
    185 0 255 255 0 146 0 118 0 255 2 255 0 32 255 255 255 0 255 0 255
    255 255 0 0 215 0 0 255 0 0 0 120 255 255 255 255 0 0 0 15 0 0 39
    251 0 255 218 0 255 255 255 84 0 0 0 255 255 0 137 0 157 155 0 0 255
    255 121 0 0 255 0 255 148 0 0 255 255 255 0 255 201 255 0 0 0 0 116
    86 0 0 0 237 172 74 0 0 0 255 0 0 123 255 255 255 164 0 255 255 43
    255 255 255 255 237 0 0 255 175 255 255 4 0 0 0 0 255 255 129 210 0
    35 0 255 255 0 0 0 143 0 255 255 255 255 0 0 255 255 0 0 0 255 255
    255 0 144 0 255 0 255 0 255 172 255 102 0 245 0 0 0 0 29 255 255 0 0
    0 0 36 229 0 255 255 255 33 0 119 98 255 0 176 179 0 186 0 0 255 255
    6 0 255 34 255 0 0 0 0 183 255 255 0 0 255 190 255 255 255 255 0 0
    15 30 94 0 88 241 255 255 255 255 0 0 0 48 255 255 0 255 0 255 0 104
    255 255 255 255 255 0 0 0 0 255 255 255 74 255 0 0 255 255 255 0 104
    0 123 0 255 255 5 124 255 255 255 0 180 117 255 106 0 0 49 0 0 0 255
    130 255 0 0 255 255 247 0 255 0 41 0 255 208 0 0 32 183 255 255 0
    255 0 255 0 255 19 255 0 255 255 0 0 0 184 0 0 0 255 89 192 0 0 0
    255 255 255 255 99 255 0 0 255 165 0 0 0 255 255 0 255 0 255 0 0 255
    255 255 71 255 255 0 255 0 0 255 0 255 255 255 0 255 105 0 0 255 255
    0 0 7 255 0 0 0 255 255 255 255 202 255 255 255 0 255 0 255 0 205 0
    255 0 255 255 178 125 255 255 255 0 255 64 255 0 0 0 255 255 255 234
    255 0 255 0 255 255 255 0 0 0 46 0 166 255 255 0 0 0 255 0 255 167
    255 255 255 165 0 255 255 255 136 255 0 97 185 255 0 255 0 255 0 223
    0 255 10 0 0 255 53 132 104 255 0 0 48 255 255 0 0 0 203 0 0 255 192
    255 0 0 0 255 255 206 0 0 0 45 0 0 255 255 0 255 0 0 0 255 255 0 255
    0 0 255 195 255 0 255 136 0 0 123 0 0 255 255 255 0 0 0 255 0 212 0
    255 231 189 169 0 255 0 0 0 2 250 193 255 255 79 0 255 255 0 126 0
    173 0 0 0 255 255 255 173 0 0 255 255 255 0 255 0 0 0 255 255 255 0
    255 0 255 255 255 0 255 0 0 255 0 255 255 255 20 0 255 0 255 0 255 0
    0 0 255 0 255 132 255 255 255 255 3 0 255 0 255 0 255 255 0 0 255 0
    149 255 255 255 255 0 255 0 255 0 0 255 0 0 255 255 255 255 0 70 149
    255 0 0 0 255 181 0 255 0 255 0 0 0 255 0 0 0 56 76 0 255 67 255 0
    255 255 0 0 70 255 0 0 145 0 255 120 255 0 0 0 255 255 164 255 208 0
    231 255 255 255 224 0 0 0 255 196 255 0 0 0 0 255 0 123 0 255 255
    255 0 255 255 255 0 0 0 240 255 0 30 0 111 255 255 25 0 0 0 0 0 0 0
    255 255 0 255 182 210 48 150 255 255 0 0 255 0 172 255 255 0 255 0
    255 0 150 0 255 0 255 0 0 221 255 255 48 255 0 255 0 0 0 0 110 0 0 0
    46 76 255 255 255 0 255 255 0 255 255 206 52 0 255 0 165 0 0 255 0
    131 255 255 255 84 0 0 255 0 55 36 255 200 21 0 0 255 255 255 0 255
    0 255 255 0 255 168 0 0 0 0 255 51 255 0 0 236 0 94 255 0 255 255
    255 0 0 255 0 255 255 255 255 255 55 0 255 0 255 66 255 0 0 0 255 0
    255 255 0 255 119 255 0 0 0 248 255 35 255 0 0 0 62 0 0 255 0 0 255
    255 0 0 0 0 90 200 160 0 0 0 42 255 156 51 255 255 0 0 0 255 0 0 255
    43 255 255 255 255 0 0 0 0 249 255 255 255 22 0 0 0 255 255 126 255
    0 255 0 255 0 224 0 255 13 255 255 255 255 255 255 0 125 0 55 255 39
    0 0 0 255 255 255 0 255 0 199 0 255 0 150 0 0 255 0 193 255 0 255
    255 0 0 0 255 173 0 0 255 46 255 0 255 0 255 0 0 0 255 255 123 255 0
    0 255 220 190 48 255 255 0 0 0 255 5 255 0 0 255 169 255 0 255 255
    255 0 0 0 255 255 255 0 0 227 1 255 255 0 255 255 0 255 0 0 0 255
    255 0 0 33 255 255 0 0 180 255 0 49 0 255 255 255 0 255 255 21 255
    255 7 27 0 0 0 255 255 255 100 0 221 255 255 255 0 255 0 255 205 0
    97 255 255 0 0 0 0 255 98 108 255 255 0 0 255 255 255 0 255 0 255 0
    255 0 255 0 0 0 255 0 111 0 255 255 255 255 255 0 0 255 0 255 0 0 0
    0 255 255 255 0 0 0 255 137 0 255 0 0 0 0 0 255 0 62 0 0 227 255 0 0
    255 255 117 0 0 0 255 255 234 0 0 0 0 255 255 194 0 0 0 255 0 255 0
    0 0 0 134 0 0 255 255 255 0 255 50 255 0 148 0 102 0 0 0 255 255 255
    255 0 255 181 255 195 0 255 255 0 0 0 97 3 0 0 0 176 17 0 0 0 255
    255 0 0 20 255 0 0 255 255 0 0 0 255 255 255 106 18 0 255 0 255 255
    0 255 255 0 176 255 255 0 255 255 0 255 0 255 255 255 255 255 0 255
    0 0 255 255 255 90 216 255 93 0 0 244 57 255 255 209 255 255 0 0 0 0
    0 255 0 255 0 255 255 0 0 5 255 163 255 0 22 0 255 0 255 0 0 190 0
    255 0 255 169 255 0 255 123 255 255 255 0 0 255 0 255 0 255 182 255
    0 255 0 36 255 255 0 28 255 222 29 0 255 14 255 0 0 189 255 163 0 0
    255 255 153 0 0 0 255 0 241 0 0 0 255 255 28 0 0 255 255 0 0 255 255
    0 0 0 0 0 255 67 255 255 255 0 0 0 255 220 255 255 0 0 0 255 255 255
    255 186 0 0 0 0 255 0 161 255 0 255 0 244 0 255 0 0 255 223 255 194
    255 0 0 255 255 255 255 0 255 0 0 0 255 181 255 138 0 0 255 255 0 0
    0 0 209 255 172 0 0 2 0 0 248 255 239 63 120 255 255 255 0 0 0 0 255
    255 170 0 255 255 123 255 0 255 255 255 209 0 0 255 0 255 0 255 1
    255 255 255 255 255 255 0 255 37 255 19 255 255 4 0 0 255 255 255 0
    0 229 255 255 0 247 0 0 0 255 255 119 255 176 255 0 118 255 0 255 0
    0 0 197 0 255 0 0 0 255 0 0 0 255 255 255 255 0 255 255 255 0 255 58
    255 255 0 255 147 0 67 255 0 0 255 255 0 0 146 255 255 0 255 255 0 0
    119 255 255 49 0 0 0 255 255 255 0 0 0 141 0 255 238 255 45 0 255
    236 80 0 0 255 255 255 0 255 0 255 183 0 255 255 0 96 255 255 40 255
    255 190 0 0 0 255 240 255 79 139 110 0 0 255 0 0 0 255 65 255 0 11
    205 0 255 0 0 255 185 0 0 0 168 255 255 158 19 255 255 0 0 16 16 0
    255 41 255 255 179 78 202 0 0 0 19 255 0 255 0 255 255 255 0 0 255
    114 0 0 255 255 255 0 255 255 255 0 255 0 0 0 255 255 255 255 170 0
    255 0 149 0 0 0 255 255 0 0 0 255 255 255 183 0 0 255 255 255 0 255
    0 0 13 255 0 255 0 255 0 255 0 255 255 255 255 255 51 0 255 201 0 0
    0 0 255 255 0 0 0 255 255 107 255 0 255 4 255 0 209 255 255 174 0
    255 0 255 255 0 169 255 0 0 0 255 255 56 255 0 255 255 255 0 0 7 255
    255 0 0 255 255 255 0 255 0 255 15 255 0 161 25 0 0 157 255 0 0 255
    255 0 255 0 255 195 255 0 255 0 255 43 255 0 188 255 1 0 0 0 0 115
    255 0 18 255 255 255 221 132 0 0 0 0 255 255 255 255 200 0 255 0 144
    0 255 0 255 0 122 75 255 0 255 0 255 255 255 255 0 0 0 0 0 255 255
    218 68 255 0 0 255 255 255 0 0 255 201 252 187 255 0 255 0 255 0 255
    0 255 255 255 0 0 0 255 255 0 0 0 255 120 139 255 255 0 147 102 255
    255 0 255 0 255 150 255 255 255 202 0 255 0 255 0 0 0 171 0 0 102 0
    255 255 255 0 0 255 121 0 0 208 255 39 237 0 0 0 0 255 255 255 0 255
    255 0 57 0 255 0 0 0 0 255 0 0 255 151 255 255 240 0 255 104 255 0
    255 0 206 255 89 0 255 255 255 0 0 165 255 96 0 255 255 0 73 0 255
    255 21 0 72 0 0 208 135 255 147 255 45 255 255 233 0 26 255 255 0
    255 255 255 0 0 0 44 255 255 255 0 0 255 0 208 0 0 255 255 255 255
    162 108 0 255 0 0 0 131 255 255 255 0 0 0 255 255 255 0 0 255 255
    255 0 2 0 79 135 82 255 255 0 52 0 255 255 255 255 0 0 255 0 255 0
    255 0 255 255 255 0 255 255 206 0 0 153 255 0 255 0 22 0 255 255 0 0
    255 255 0 255 25 0 255 28 171 255 255 0 255 0 255 255 255 255 0 255
    255 255 255 0 0 0 255 255 255 0 255 255 255 0 0 255 162 255 255 143
    0 0 255 255 255 255 0 0 0 0 255 0 140 159 0 135 218 166 0 0 255 255
    255 255 0 255 0 0 0 223 255 230 255 0 131 255 0 0 0 0 0 142 0 0 153
    255 255 0 0 0 255 255 0 255 0 255 255 255 0 255 255 255 0 0 0 255
    255 0 0 255 255 224 0 245 0 255 0 0 0 255 255 0 255 255 0 0 0 255
    255 43 255 0 255 0 0 97 255 255 255 0 255 0 255 0 0 28 255 0 0 0 0 0
    0 0 0 255 239 255 121 255 0 166 247 255 255 255 0 0 0 0 2 255 255
    255 143 0 0 2 0 0 0 0 0 255 255 255 233 0 0 255 0 255 215 255 173
    255 228 255 249 255 0 0 13 0 13 0 0 0 255 0 197 0 255 0 255 0 0 240
    255 255 236 0 0 19 255 166 0 0 0 0 255 255 0 145 0 255 255 0 0 255
    128 0 0 0 0 0 0 255 0 255 255 255 0 0 18 255 3 0 0 255 127 0 0 0 255
    0 107 255 255 0 44 255 0 219 5 255 0 255 0 130 0 255 146 0 13 255
    255 0 82 255 122 49 0 51 255 0 90 255 255 255 0 0 0 7 255 255 255 0
    255 0 81 255 255 0 255 255 255 0 0 0 0 255 0 99 255 255 255 255 0 0
    255 139 0 0 0 255 255 0 0 255 255 0 0 92 0 49 0 255 255 75 0 255 0
    163 0 0 0 0 255 72 255 255 255 255 0 0 0 255 227 0 0 255 255 0 35 0
    255 13 0 255 255 137 0 0 255 255 255 255 255 255 123 5 215 255 0 196
    118 187 0 0 0 0 255 0 136 0 255 34 171 0 131 0 0 0 0 0 0 0 255 255 0
    255 0 23 0 255 136 179 0 255 0 255 130 255 0 0 187 255 255 0 0 0 255
    255 0 255 255 255 0 0 0 255 255 255 0 0 7 255 255 108 255 255 255
    255 255 0 255 0 0 0 255 255 255 173 0 0 0 255 255 255 0 255 0 255
    255 255 0 255 0 255 0 255 0 255 96 255 0 255 255 2 255 154 255 0 0
    255 136 0 255 255 255 123 0 255 255 149 255 0 129 255 255 0 180 0 0
    0 255 255 255 0 202 48 255 255 0 255 187 255 0 0 0 111 255 0 255 52
    255 0 61 0 255 255 255 0 252 0 49 255 0 0 123 255 255 255 0 255 0
    210 255 45 0 0 102 255 255 13 0 0 0 255 255 0 255 235 255 255 0 52
    102 0 255 0 255 255 255 0 255 0 255 201 255 255 26 255 165 0 0 0 56
    255 255 0 255 0 255 0 0 255 255 255 255 215 255 255 255 0 255 0 255
    255 255 0 0 0 0 255 255 0 0 0 0 0 255 255 0 255 137 221 0 209 0 255
    0 255 64 255 255 0 0 136 255 0 0 0 255 255 255 255 224 255 0 53 0
    255 188 0 0 255 255 117 0 255 0 255 0 0 0 255 255 0 0 255 255 121 40
    255 62 255 63 156 47 0 255 97 151 55 0 0 0 255 162 180 0 162 232 255
    255 255 0 255 0 255 0 87 255 255 0 255 0 19 255 0 255 0 0 0 0 0 0 25
    255 255 255 255 0 0 0 255 0 0 0 222 0 0 191 255 255 0 0 255 0 255 0
    255 255 0 255 255 255 0 255 0 0 0 0 0 0 172 0 255 187 0 219 0 0 0
    255 255 0 255 190 255 255 233 46 0 0 0 0 38 0 255 255 97 0 255 255
    123 255 24 0 0 0 255 255 0 255 66 0 255 255 0 172 96 0 255 153 89 0
    0 255 255 255 0 0 100 0 255 0 255 255 255 255 255 188 0 0 11 111 17
    255 255 33 255 255 255 0 255 255 255 255 163 171 38 0 0 255 255 255
    0 0 0 255 0 255 255 255 0 0 238 120 207 0 255 255 255 43 0 0 0 12
    255 36 0 0 255 255 0 0 50 255 255 0 0 0 0 255 255 255 0 255 245 255
    0 68 255 0 255 58 255 255 0 255 255 255 255 255 0 0 0 255 255 255
    255 255 255 0 0 0 0 157 255 224 165 0 0 37 255 105 255 0 255 0 240
    255 0 0 255 255 255 0 100 0 0 255 255 255 255 56 255 0 255 226 255 0
    255 255 255 255 61 0 2 219 255 210 255 146 255 0 0 0 0 157 255 0 255
    251 200 0 124 250 255 255 0 255 255 255 0 15 0 255 255 255 117 183 0
    101 0 106 255 201 255 0 255 87 83 52 0 0 255 255 0 255 0 255 0 255
    38 255 255 255 0 131 255 0 0 90 188 255 255 58 255 255 0 234 255 0 0
    211 194 255 0 187 255 0 0 0 0 54 255 131 0 0 255 89 255 0 18 193 0
    255 255 0 0 178 255 0 255 149 255 0 0 0 52 255 0 255 255 0 255 148
    255 0 0 255 234 255 103 0 255 0 0 255 68 255 255 255 0 255 0 0 255 0
    255 0 255 255 83 0 0 0 0 255 255 254 255 0 0 0 255 255 0 0 255 0 0 0
    255 255 0 57 0 0 0 255 0 0 0 255 18 0 0 0 255 36 255 255 0 255 255
    255 0 0 0 0 54 255 255 0 14 0 212 255 255 0 0 0 141 185 0 255 255 0
    0 0 0 74 36 111 0 47 0 53 255 255 0 0 254 134 255 255 0 0 0 255 255
    255 255 4 0 0 0 0 0 0 95 72 255 111 107 0 0 0 255 0 255 187 0 29 0
    255 0 255 0 255 215 0 0 0 255 255 55 0 0 0 0 255 255 0 0 0 255 255
    255 255 211 88 0 0 255 0 255 0 0 0 255 0 255 255 78 180 0 72 255 222
    255 0 0 0 255 255 255 0 255 255 255 0 0 0 255 0 0 0 0 255 0 255 116
    0 191 0 255 255 0 195 255 0 0 255 255 255 255 160 255 0 0 255 255
    255 0 0 215 252 255 255 255 0 0 23 255 255 255 0 0 255 0 0 0 255 255
    0 0 171 89 62 0 114 0 0 255 255 255 120 0 0 0 0 0 0 0 0 255 255 255
    0 0 255 255 255 255 0 255 255 255 0 0 0 0 0 255 0 250 0 255 0 255 0
    0 255 255 227 0 195 0 0 255 255 0 255 255 255 0 2 255 255 255 74 0
    100 0 255 0 255 255 0 34 255 255 255 0 255 228 0 0 255 34 255 0 255
    130 0 255 0 255 199 255 0 222 0 255 255 90 0 0 0 72 255 255 255 0 0
    0 255 0 255 255 0 78 0 100 0 255 0 81 0 154 0 255 255 255 0 0 255 0
    0 0 255 255 255 255 143 0 0 0 72 255 255 255 0 255 0 151 255 255 255
    52 255 255 183 0 0 130 255 255 0 0 0 255 0 193 64 114 255 255 255
    255 0 0 162 0 255 138 0 0 23 255 189 0 255 255 255 0 0 0 255 255 255
    255 255 0 0 0 255 209 255 0 28 0 255 0 0 0 255 255 255 255 255 255
    109 0 0 22 205 255 0 255 0 95 193 63 255 0 0 255 0 255 0 230 255 209
    255 255 0 255 0 255 0 255 255 27 195 255 0 255 0 255 255 255 0 206 0
    88 0 239 255 255 176 205 0 0 0 255 0 0 255 255 255 0 0 255 0 0 0 255
    255 169 36 0 255 255 64 255 0 0 0 255 96 255 0 182 224 255 255 255 0
    0 255 255 0 0 255 135 255 0 0 255 255 255 0 255 0 0 255 124 0 0 0
    255 255 255 12 251 0 147 101 255 255 255 0 0 0 25 0 4 0 0 0 255 255
    0 46 0 0 255 0 0 0 141 255 0 0 0 255 255 255 0 202 0 255 255 255 255
    0 255 255 0 0 0 0 0 0 255 255 0 47 63 255 0 7 255 255 42 0 0 255 255
    12 0 93 255 0 28 90 61 0 0 255 255 0 255 0 255 255 0 0 0 0 255 255
    139 0 255 0 255 0 255 0 255 0 0 124 0 255 157 255 255 0 0 255 0 255
    0 0 255 255 255 255 255 148 247 0 29 255 0 0 0 251 0 0 125 255 255
    255 0 0 255 255 244 209 0 175 179 255 105 70 255 0 0 0 255 255 255
    177 0 255 0 255 0 255 255 255 0 255 0 255 0 186 94 0 255 255 175 0
    255 255 255 0 0 108 226 255 0 86 64 0 0 255 19 255 98 255 255 0 231
    0 179 255 0 106 255 255 255 255 255 0 0 0 0 255 255 255 255 255 189
    0 255 0 7 255 0 0 0 255 0 0 255 255 255 0 50 0 255 204 255 0 255 16
    106 255 255 255 255 0 0 0 0 255 32 255 255 0 0 0 255 255 255 255 255
    0 0 0 255 7 255 0 39 255 250 248 20 0 150 255 255 255 0 255 0 255 81
    255 255 255 140 205 255 0 0 255 255 255 255 189 0 0 255 255 0 0 0
    255 255 0 0 233 0 0 255 255 255 255 255 244 255 255 0 0 19 0 0 48
    142 255 255 0 255 0 0 0 255 0 0 45 255 255 0 255 0 255 255 255 255
    25 46 0 0 255 58 255 0 0 0 255 0 255 0 188 0 255 0 0 197 0 0 28 255
    251 255 0 114 0 0 0 0 255 255 255 0 0 255 0 25 0 0 255 63 255 0 255
    0 0 0 255 255 255 114 255 0 0 0 0 0 0 0 255 255 255 0 0 255 0 0 255
    0 171 0 24 255 255 255 255 0 236 255 0 255 0 194 0 0 0 255 0 168 255
    255 0 0 160 255 186 0 0 0 74 255 255 214 75 0 255 0 255 255 255 0
    254 0 255 255 0 255 255 255 96 0 216 207 0 172 0 255 75 255 0 0 255
    159 255 0 255 255 255 91 255 255 255 0 0 0 95 0 255 0 0 0 0 0 255
    255 0 0 0 0 255 255 255 118 255 255 0 0 255 105 251 63 0 0 56 255
    169 255 0 255 0 101 255 0 255 0 255 200 47 255 255 255 0 0 0 255 255
    255 236 0 0 0 0 255 0 255 0 255 0 255 255 0 0 0 0 255 122 170 255 90
    255 0 215 0 255 49 0 0 0 0 0 255 255 255 0 0 255 255 255 51 0 255
    135 58 0 0 0 0 88 89 255 0 255 255 0 255 0 255 0 255 147 255 0 255
    255 215 255 131 0 0 158 255 255 255 0 0 255 255 0 0 132 224 0 71 146
    206 255 0 255 57 0 0 0 255 0 255 255 255 0 0 255 0 255 255 0 255 0
    255 0 194 0 255 0 140 234 79 162 0 0 0 255 255 0 0 0 255 255 52 255
    0 255 0 251 255 0 0 255 255 234 255 0 0 0 0 255 0 128 141 255 0 0
    255 0 0 0 92 255 255 0 0 0 255 248 255 142 0 179 104 255 255 0 0 255
    0 244 0 255 255 0 0 0 142 115 255 0 0 0 255 255 141 0 0 0 0 255 0
    255 255 255 255 175 0 150 255 0 77 0 255 233 75 0 255 134 0 255 255
    0 255 255 255 0 0 255 255 33 0 255 0 0 0 0 255 255 0 255 0 255 11 0
    95 255 0 0 255 255 255 255 255 255 255 255 0 0 255 0 255 107 0 255 0
    255 255 0 0 4 255 0 0 255 255 255 255 0 0 255 255 0 0 0 0 0 255 255
    255 0 0 0 255 148 255 68 0 0 255 255 255 0 255 255 255 255 38 0 255
    0 0 0 255 255 0 255 255 255 198 163 156 155 255 255 0 0 255 255 255
    255 255 0 0 0 0 255 255 109 255 0 0 0 0 0 0 255 0 0 70 70 255 255
    255 156 255 0 255 148 255 0 67 255 127 255 0 255 255 255 84 0 0 0 0
    255 14 255 0 255 0 255 0 218 0 255 255 0 0 0 255 205 255 0 255 255
    255 255 0 0 45 0 255 0 255 0 255 255 255 255 0 0 0 91 255 255 94 0 0
    0 0 0 252 255 255 0 255 0 160 3 255 206 0 0 145 255 138 138 255 196
    0 136 0 255 0 0 0 255 0 99 255 255 0 0 255 255 255 255 218 72 255
    255 255 0 189 67 255 255 255 0 0 0 255 255 255 68 255 97 136 255 238
    58 144 144 0 0 103 129 0 181 0 255 255 217 255 226 0 0 0 255 137 255
    0 0 255 255 0 76 0 255 0 0 0 255 210 255 0 76 255 0 255 0 255 0 255
    60 165 0 255 111 255 255 0 0 255 139 0 0 0 255 255 214 0 0 0 5 208 0
    0 255 255 85 255 0 0 0 255 255 0 0 255 255 150 125 0 0 0 0 255 255 0
    0 0 255 255 224 0 0 255 255 255 0 255 255 0 0 0 83 255 0 255 255 0
    255 255 255 0 221 255 255 0 255 0 255 255 255 0 0 0 255 0 255 255 8
    0 0 0 244 255 0 0 255 255 0 0 255 255 255 0 255 66 255 213 255 255 0
    0 0 232 255 255 255 0 0 233 0 255 153 0 255 0 176 255 0 0 255 255
    255 255 0 0 255 64 255 0 255 0 255 0 0 0 255 178 1 255 0 252 0 0 255
    255 0 0 255 58 0 0 255 255 0 0 89 35 255 165 0 0 0 255 255 43 255 0
    255 0 0 182 255 0 255 0 0 0 0 0 0 0 0 0 255 255 255 255 0 104 229
    255 255 255 0 0 1 255 255 0 255 0 0 0 255 0 0 181 226 255 23 255 255
    255 0 0 151 0 255 255 0 0 255 255 0 0 135 178 0 0 255 255 255 0 255
    0 0 0 59 255 255 0 255 0 255 0 0 0 255 255 246 255 0 255 255 67 120
    255 0 255 170 148 113 0 0 255 107 255 0 255 0 0 0 0 255 255 27 176
    148 219 0 0 255 255 255 0 255 43 0 0 0 255 27 255 0 255 0 0 223 0 37
    0 222 0 255 0 255 162 231 255 117 255 135 255 230 126 255 0 255 255
    184 0 255 0 64 115 0 0 0 255 255 101 0 0 165 86 255 0 0 0 0 255 0
    255 255 255 255 242 255 255 115 0 0 255 0 255 0 255 255 179 0 0 170
    255 23 0 202 150 255 57 255 140 255 0 255 0 0 0 255 0 201 99 0 255
    81 255 255 0 0 0 0 0 255 0 255 0 0 0 255 255 255 0 92 255 156 255 32
    255 255 148 0 21 255 255 255 0 180 0 45 255 0 94 110 255 255 255 192
    84 209 0 0 125 255 255 0 255 0 0 0 0 255 255 255 0 255 255 0 0 255
    255 255 0 255 0 0 0 255 255 0 0 0 255 226 255 98 255 255 32 0 228
    255 191 255 255 0 0 0 255 255 255 255 214 255 0 0 0 255 0 0 29 255
    255 0 0 0 255 255 255 0 149 0 0 255 196 255 0 255 0 0 255 223 0 0
    217 255 115 125 0 0 255 44 255 255 255 0 255 255 0 255 0 69 155 244
    0 255 255 255 0 46 0 173 255 255 255 0 0 255 0 0 0 255 255 189 0 255
    0 255 187 255 255 255 0 0 0 150 0 255 176 255 0 0 0 255 0 0 0 255 0
    255 255 0 255 255 0 255 0 255 0 255 0 200 0 255 0 255 255 0 255 0
    255 0 56 0 0 255 255 255 255 0 255 0 0 0 255 56 131 255 255 79 0 0 0
    221 255 0 239 0 0 0 255 255 255 186 255 0 0 0 255 255 63 47 0 255
    255 255 0 255 255 57 140 0 255 0 255 255 0 0 0 0 0 128 255 255 0 255
    255 255 0 0 0 0 120 255 234 255 118 0 0 255 255 255 255 0 0 0 255
    255 0 196 236 20 255 0 0 0 229 198 0 255 255 0 0 0 0 40 220 0 255 4
    28 255 0 0 0 255 248 255 255 0 0 206 255 0 0 237 0 255 0 0 255 255
    226 0 255 0 157 255 0 255 0 255 0 0 0 0 15 0 255 255 255 224 0 157 0
    255 0 0 0 255 254 0 0 228 255 0 0 113 255 0 255 0 230 255 245 255
    255 137 0 255 0 255 0 0 0 145 0 0 255 0 255 255 255 0 0 255 0 0 0
    255 255 47 195 0 211 0 0 255 255 0 255 255 0 0 0 255 0 133 255 0 255
    255 45 255 0 0 117 0 255 0 255 0 0 0 255 0 0 255 255 222 162 255 255
    255 0 0 0 0 255 57 255 255 0 255 67 0 0 255 255 255 0 0 0 255 51 54
    255 0 0 255 255 255 0 255 33 255 0 255 186 255 0 0 255 0 0 155 255
    255 255 0 0 0 0 0 168 255 71 0 0 0 255 0 255 0 0 255 255 255 160 0 0
    0 0 0 255 0 255 0 255 10 255 0 0 255 255 223 0 255 255 255 129 0 255
    0 255 0 255 255 103 0 0 255 250 0 255 52 151 255 255 255 255 255 32
    0 0 0 0 84 255 0 255 0 250 0 255 0 0 0 198 242 64 255 53 0 255 255
    255 0 0 198 0 112 255 255 0 0 102 0 0 255 133 0 0 255 0 25 0 255 255
    0 0 255 255 0 0 0 255 255 154 255 0 255 114 255 255 0 255 255 47 0 0
    201 0 0 255 255 142 255 255 37 246 0 67 255 255 166 0 255 0 255 255
    255 0 0 251 255 0 255 0 255 0 243 255 35 255 0 0 255 101 153 0 255 0
    255 0 255 0 255 185 255 0 0 0 0 255 0 0 255 0 123 0 255 255 255 139
    0 255 0 255 255 255 0 32 255 255 255 0 0 255 255 0 2 255 0 0 0 255 0
    0 98 255 255 0 0 0 0 87 102 0 43 0 0 0 215 0 255 0 255 255 255 255 0
    0 64 255 255 255 0 186 0 255 0 0 255 0 255 175 255 0 0 0 45 255 63
    255 96 121 255 255 255 0 0 255 0 255 0 255 255 255 255 198 0 0 220
    153 0 0 106 193 255 47 255 0 240 255 255 0 192 255 0 254 0 255 255 0
    0 65 0 255 0 255 184 255 6 0 255 255 255 255 24 184 0 0 255 255 0 0
    255 0 0 91 0 255 255 255 0 144 255 255 255 0 0 0 255 22 255 231 0
    255 0 255 0 255 255 255 0 0 0 255 0 255 0 255 255 0 0 255 255 255 2
    220 0 0 0 255 255 255 22 255 0 255 0 255 0 255 0 255 0 177 255 255
    129 0 0 255 255 255 0 81 0 106 255 0 255 0 0 0 74 255 255 255 32 255
    255 0 25 0 0 255 255 255 0 255 0 255 0 63 255 255 255 0 255 255 0
    255 0 82 173 0 0 255 255 0 0 87 255 255 255 255 0 255 0 4 29 255 102
    255 0 255 0 255 0 255 255 0 255 59 255 0 206 0 0 74 159 255 0 0 0
    255 255 255 128 255 0 0 99 0 0 0 0 255 255 255 0 255 0 101 65 255
    255 0 0 0 255 255 240 0 127 0 0 255 255 73 255 73 13 0 0 255 255 255
    0 0 103 198 0 255 0 255 209 0 0 255 0 254 1 255 0 255 0 255 0 255 0
    189 0 255 255 255 255 235 0 255 255 0 255 0 96 0 145 0 0 0 225 42 0
    255 0 255 255 255 255 139 255 0 255 255 93 0 255 33 0 34 0 0 40 0 0
    0 255 255 255 255 255 0 0 0 155 255 0 0 255 31 255 255 255 227 0 0
    211 255 255 122 0 0 230 255 255 255 255 65 255 0 0 0 255 255 151 255
    0 255 255 255 0 0 0 0 0 255 0 0 60 0 255 255 0 0 150 255 255 0 0 246
    255 255 255 255 0 255 112 255 4 255 0 0 255 0 255 255 255 29 0 0 255
    255 22 194 0 0 0 0 255 255 255 0 0 0 255 0 0 255 255 123 0 255 0 255
    216 185 0 255 20 255 255 0 255 255 0 151 255 255 255 255 99 0 0 195
    0 255 255 0 0 0 168 255 255 255 103 78 0 155 255 255 20 0 251 0 255
    255 255 0 0 0 255 27 255 255 255 252 0 227 255 255 0 0 0 255 255 255
    255 0 0 255 255 255 0 0 255 255 255 255 74 0 190 0 255 255 255 255
    255 0 0 61 255 0 0 0 255 255 255 255 255 0 124 0 181 255 0 0 145 255
    0 0 0 234 255 0 255 0 255 0 0 188 255 217 255 53 255 255 139 231 57
    0 0 255 255 0 0 0 122 194 255 255 0 255 0 255 85 255 0 224 255 255
    255 255 0 0 0 255 255 0 255 0 0 255 255 255 0 255 0 0 0 255 255 255
    0 0 245 255 255 223 0 255 255 255 0 255 0 255 0 0 255 139 94 65 0
    255 0 0 0 255 203 0 0 0 250 255 0 255 157 255 0 158 0 255 0 0 0 0
    255 238 0 167 0 255 255 255 0 0 0 17 255 37 0 255 255 0 0 0 255 255
    255 0 223 0 50 164 245 132 255 255 234 0 0 255 27 255 0 255 0 0 255
    255 255 51 255 0 255 123 255 0 0 27 195 255 0 0 0 0 255 0 255 255
    255 0 255 0 0 255 255 0 255 248 255 194 255 255 255 255 7 48 255 255
    22 255 123 0 0 255 234 255 0 0 107 255 255 255 0 255 186 0 147 0 255
    0 255 0 255 0 255 255 167 255 0 0 1 255 70 0 255 0 255 255 82 255 0
    255 73 255 0 255 255 255 255 0 0 0 255 255 255 0 0 0 255 189 183 244
    32 0 255 203 255 0 0 114 0 255 255 0 148 0 198 255 255 255 0 0 255 0
    255 0 255 255 255 70 255 0 0 0 0 82 0 255 255 250 0 0 0 0 255 0 0
    255 255 255 0 0 0 0 255 0 0 0 126 0 255 255 0 255 255 0 0 216 255
    255 255 0 255 255 255 255 253 0 0 255 47 255 0 255 0 255 255 28 255
    0 255 0 255 0 255 255 0 0 255 0 255 255 255 0 255 0 255 0 255 255
    236 0 255 0 27 255 255 255 0 255 255 255 0 0 0 255 255 169 0 255 0
    255 255 163 0 0 255 255 0 0 0 97 88 255 0 0 255 255 255 0 0 255 255
    0 0 0 255 28 0 41 108 255 255 0 0 255 0 0 0 0 255 255 255 0 98 255 0
    255 216 0 0 44 255 255 255 255 0 0 0 255 255 160 31 231 255 0 17 255
    255 0 255 217 255 21 104 0 255 0 255 190 255 0 0 255 255 255 255 0
    255 0 197 0 255 0 255 0 0 0 255 255 255 0 0 255 143 0 0 113 0 122
    255 255 0 255 0 0 134 255 0 255 0 100 255 255 255 0 255 0 0 97 148 0
    0 0 255 255 0 0 0 255 255 255 39 19 255 0 0 255 255 255 255 119 0 0
    82 89 0 0 0 0 255 0 255 107 255 255 255 255 255 38 0 147 0 0 196 223
    62 255 0 255 0 255 255 0 0 255 177 70 0 255 255 0 0 0 128 201 255
    250 0 255 243 184 220 0 255 235 255 87 0 0 120 255 255 0 0 255 0 0
    248 255 255 255 0 0 255 172 0 0 255 0 72 255 0 255 0 255 142 0 0 255
    255 71 0 0 106 0 255 255 255 255 0 0 0 0 0 255 0 0 0 255 255 0 92 0
    0 0 255 255 255 255 0 255 95 255 0 0 0 92 255 255 153 255 0 0 0 0
    255 116 255 255 255 0 0 0 255 255 0 0 255 255 255 0 0 255 255 255 0
    50 0 255 0 255 0 255 241 255 255 255 221 255 255 141 141 0 255 255
    16 0 0 0 255 106 255 0 255 0 255 0 255 78 79 255 255 123 255 0 0 0 0
    0 255 37 0 0 169 255 255 76 89 0 249 239 255 0 0 214 0 0 255 255 255
    186 0 0 253 255 0 255 0 77 255 0 255 0 255 0 255 0 172 0 255 66 255
    255 0 0 0 255 0 255 0 255 0 255 0 255 255 0 255 255 255 255 0 0 0 0
    255 255 255 0 197 0 255 0 204 57 0 74 255 156 247 0 7 255 255 255 0
    0 167 0 255 0 0 0 255 255 0 0 0 0 0 255 0 255 255 255 255 145 0 204
    0 255 255 255 0 173 0 255 0 0 0 255 255 0 41 255 47 174 255 117 0
    255 255 255 75 255 0 0 255 0 0 0 255 255 255 255 32 20 0 0 255 255
    255 0 255 0 255 255 0 0 143 255 255 0 81 0 255 233 255 0 157 51 255
    0 0 255 255 0 0 255 255 255 255 0 0 0 0 255 255 22 0 0 0 255 0 255 0
    255 255 166 50 0 255 137 255 29 0 255 255 255 0 0 255 156 87 255 0 0
    0 0 106 0 255 255 246 245 255 0 255 255 255 101 255 255 166 0 255
    255 0 0 0 134 0 255 0 255 0 0 255 255 0 0 255 0 0 0 0 0 255 0 255 0
    97 0 0 224 47 255 255 255 218 0 161 0 0 5 255 255 255 255 229 255
    255 0 0 255 255 255 0 255 0 0 255 255 0 255 255 0 255 255 179 255
    255 255 233 255 0 0 255 255 0 255 255 172 0 0 0 0 255 66 255 0 250 0
    255 0 140 11 255 0 214 255 255 22 73 242 0 0 0 197 255 255 46 255
    236 255 255 0 244 0 255 0 0 0 255 255 0 255 0 255 0 0 0 0 0 0 216
    255 224 0 255 0 0 158 0 0 109 37 0 255 0 0 255 255 255 0 255 0 255 0
    0 255 0 255 255 0 0 179 255 255 0 255 184 0 0 0 0 255 255 255 0 0 0
    0 0 255 255 96 255 255 0 255 137 4 255 255 0 44 255 255 255 0 55 0
    255 0 0 255 255 0 0 220 255 255 255 107 0 0 121 0 28 255 0 0 0 0 255
    255 255 0 0 0 255 198 255 0 0 125 255 255 0 0 0 255 255 63 0 255 255
    255 0 0 13 0 0 255 255 255 0 0 41 255 143 0 0 255 255 0 0 255 255 0
    0 0 255 0 0 46 0 0 0 255 0 255 255 255 0 0 0 0 255 0 255 228 255 255
    0 255 0 255 255 0 255 255 255 0 255 255 123 0 0 0 255 255 255 0 255
    0 220 56 255 93 105 255 0 0 0 0 0 255 255 0 0 78 255 255 255 0 44 56
    255 255 243 0 0 255 0 255 255 255 0 255 0 0 0 0 127 255 255 255 240
    255 0 24 0 0 255 0 0 0 255 255 255 95 97 255 255 0 0 113 255 255 171
    6 0 0 0 13 0 62 240 0 0 218 255 0 0 0 255 116 0 0 255 255 0 0 0 255
    126 0 0 0 0 255 255 255 181 0 0 126 0 0 0 70 0 255 255 0 227 255 255
    255 194 255 255 255 0 119 0 0 125 255 0 0 255 255 255 45 0 255 0 0
    97 174 255 0 0 106 0 0 125 255 255 107 255 173 0 0 0 0 255 0 137 187
    0 255 166 0 0 0 0 255 165 255 0 255 255 255 255 0 255 0 0 255 49 211
    102 0 128 255 189 0 0 0 0 0 255 255 0 255 255 255 48 0 255 109 255 0
    255 0 255 55 255 255 78 255 0 255 0 0 255 255 255 0 255 0 255 0 162
    0 255 255 255 0 0 255 255 255 255 0 255 0 255 141 255 255 255 205 0
    0 255 255 255 209 255 0 255 255 0 0 0 255 146 255 167 0 0 255 0 207
    140 0 0 255 237 16 0 255 255 255 255 255 0 49 0 125 0 0 0 255 255
    255 255 0 0 104 0 0 0 0 177 0 255 141 255 128 51 0 255 0 255 0 0 104
    255 255 0 255 0 0 255 62 94 0 159 39 87 255 92 0 255 154 255 255 216
    255 0 0 255 255 255 0 121 255 255 135 223 171 255 255 0 115 0 22 255
    255 0 128 255 42 255 0 0 0 137 255 255 255 255 0 0 0 0 0 255 255 255
    85 0 0 0 158 0 40 0 0 7 255 255 37 0 0 255 255 255 255 255 255 13 0
    0 47 255 0 0 255 255 0 255 255 0 0 0 0 255 0 255 255 255 255 0 0 0
    135 255 0 0 0 0 22 0 255 0 0 85 0 0 255 255 255 163 0 255 0 255 0 44
    255 255 255 0 255 255 255 39 45 0 0 0 0 0 0 65 0 0 0 168 0 255 255
    255 243 255 255 0 255 0 115 143 0 255 212 255 0 0 255 0 0 0 255 255
    255 0 0 0 255 99 0 0 8 255 0 255 0 239 0 255 86 128 0 0 0 0 255 255
    255 255 235 255 47 0 0 0 99 0 75 209 0 0 255 0 255 0 0 0 0 88 255
    255 0 0 0 0 255 21 255 0 0 0 71 66 255 0 255 0 27 0 255 0 255 0 198
    255 255 255 0 0 255 225 255 0 67 0 154 0 255 0 255 30 255 255 0 0 0
    0 255 234 255 0 98 0 255 255 235 96 80 0 165 0 0 255 202 212 255 239
    0 0 0 0 255 28 255 0 167 0 255 216 255 0 170 255 0 0 0 255 196 255 0
    255 0 255 192 236 43 255 0 255 0 0 0 255 255 171 0 0 240 15 0 255 0
    255 34 255 0 255 126 33 255 139 0 0 255 0 46 0 0 0 255 0 255 0 255 0
    0 0 0 255 196 121 226 255 0 255 255 235 0 0 0 191 255 53 255 255 3 0
    255 0 255 255 0 0 0 0 0 0 255 118 0 187 0 0 0 255 255 255 229 0 255
    255 255 255 255 66 0 255 0 255 0 255 255 255 202 0 0 0 0 255 255 255
    29 255 157 255 0 255 255 255 128 0 200 255 0 255 0 0 0 255 255 177
    255 0 255 0 255 255 0 0 0 255 255 125 0 218 255 142 255 0 255 255
    255 0 0 255 255 255 186 255 0 255 148 255 188 0 0 0 0 226 186 255 0
    255 0 255 0 255 0 138 0 0 106 255 255 97 255 255 255 0 0 0 0 255 171
    0 100 255 255 255 88 0 104 255 255 255 8 0 0 59 0 0 0 255 255 0 221
    255 255 255 46 0 0 255 255 255 0 0 255 188 255 255 65 0 0 255 124 0
    241 0 255 255 255 0 255 255 142 0 0 0 255 255 255 0 0 255 5 0 132
    255 201 255 0 0 0 0 255 169 0 255 0 0 0 255 255 255 255 99 0 0 0 211
    255 0 255 0 0 218 0 255 255 255 95 255 57 0 255 0 255 0 255 0 255
    255 255 255 249 0 168 0 0 0 255 233 0 106 83 0 0 0 0 0 255 19 0 0
    255 255 255 0 118 249 255 255 255 197 0 0 0 255 255 0 0 0 255 0 0 0
    166 255 114 0 11 0 36 0 62 255 255 255 0 0 0 0 0 137 255 0 255 196
    255 255 172 255 0 103 127 0 255 0 181 0 0 0 35 0 0 248 255 255 69 0
    0 242 3 144 255 61 183 255 255 255 124 255 0 0 255 255 0 225 0 0 91
    255 0 27 255 0 0 0 255 255 255 247 0 27 0 255 255 255 255 0 143 0 0
    255 255 255 255 0 255 199 255 0 255 0 255 255 255 0 94 0 0 255 255 0
    255 255 8 0 0 255 0 255 169 255 255 255 0 38 255 0 255 255 255 0 48
    0 255 0 0 255 0 0 0 214 255 19 0 255 0 64 0 130 255 255 0 218 255
    250 0 0 0 255 0 57 184 0 0 0 7 255 255 155 234 0 255 255 255 255 255
    168 255 255 0 0 0 255 255 145 0 46 255 1 255 58 151 0 0 0 0 255 109
    255 255 255 0 0 0 255 0 52 0 255 255 0 0 0 255 255 0 0 0 255 255 0 0
    0 0 231 83 255 255 152 0 255 73 200 98 255 255 0 195 0 255 0 55 255
    0 255 255 255 0 255 0 255 0 255 255 255 255 255 255 0 0 44 204 39
    102 71 97 0 255 0 0 0 255 255 255 0 0 241 255 37 0 0 37 0 186 0 52 0
    0 0 255 0 0 0 0 255 255 0 0 0 255 255 147 242 0 30 0 0 255 97 110 0
    160 1 197 0 199 0 0 0 255 255 255 164 255 255 0 255 255 255 0 0 224
    255 255 70 255 0 255 0 255 0 255 0 0 255 255 255 255 255 0 0 255 255
    189 47 0 0 255 10 255 255 0 11 0 191 255 255 255 0 255 255 255 235
    29 0 255 0 225 0 255 140 0 0 96 255 255 255 0 0 0 0 255 0 255 255
    255 0 0 255 255 0 0 0 0 0 110 255 90 0 0 0 0 0 0 255 25 172 255 255
    255 0 0 162 0 255 255 0 0 0 255 75 255 0 0 226 255 0 255 77 255 143
    0 0 0 0 255 255 255 0 0 255 86 0 0 0 255 255 255 255 0 255 179 255 0
    0 170 255 0 255 0 255 0 0 0 255 0 161 129 255 0 0 255 255 56 0 164
    255 0 18 67 255 0 0 190 0 255 0 255 255 255 255 0 255 179 0 255 255
    255 255 0 255 0 255 255 0 240 0 0 255 0 0 255 255 255 0 0 255 255 55
    255 0 247 0 0 18 0 158 0 255 255 0 0 0 0 76 0 255 255 255 255 255 0
    255 255 0 189 0 255 224 0 0 0 255 255 12 27 164 255 0 0 0 255 255 0
    0 255 0 0 0 0 255 255 0 0 0 255 255 142 0 0 255 255 192 0 255 255 62
    0 0 255 255 0 255 0 0 255 192 0 76 0 255 194 255 0 178 0 0 230 255
    255 255 0 214 0 255 255 25 0 0 183 255 255 255 0 255 245 255 255 255
    0 69 159 211 255 255 0 0 0 255 255 255 0 0 0 255 0 255 0 255 53 255
    255 255 0 0 0 255 0 0 0 168 255 255 255 255 0 0 35 255 255 95 0 0 0
    255 33 255 255 0 0 255 255 29 255 85 255 0 0 0 0 46 0 0 109 0 255
    169 0 163 255 255 0 255 0 23 0 255 255 0 0 255 255 0 198 0 255 0 0
    46 255 255 255 255 207 138 255 41 0 0 255 0 255 0 255 168 0 12 0 255
    174 255 0 62 0 0 0 0 196 0 255 255 255 255 0 0 0 255 0 255 0 255 255
    255 255 0 0 255 0 255 168 60 0 0 255 255 0 255 255 255 0 21 0 0 154
    155 255 0 255 15 0 255 0 255 0 255 255 255 0 0 4 168 86 255 255 255
    255 0 0 255 0 255 0 53 0 255 0 255 0 255 147 0 0 0 0 255 255 0 0 255
    121 255 255 255 0 255 255 0 0 0 255 0 0 223 70 255 255 255 255 0 239
    0 255 0 0 0 255 255 0 0 255 255 255 255 170 255 0 0 255 255 255 0
    255 0 255 0 0 0 0 255 140 4 0 0 0 255 109 0 0 112 255 255 0 0 0 0
    106 144 0 255 0 255 255 208 5 0 255 0 255 0 255 0 184 240 255 202
    240 0 255 177 197 0 255 0 104 0 255 255 255 25 0 152 0 9 0 26 255 0
    255 255 255 0 0 0 34 255 255 255 255 0 0 0 89 0 255 0 255 0 0 0 255
    255 255 90 255 115 0 0 173 72 255 0 226 0 0 221 0 0 0 0 255 255 234
    0 0 255 255 255 255 0 255 0 255 0 85 0 255 0 0 155 0 0 255 79 0 0 0
    0 255 78 255 0 255 255 0 0 0 250 255 255 0 255 255 255 0 255 0 255
    255 255 255 0 77 0 255 255 255 243 255 255 255 0 0 255 36 255 255
    255 255 48 232 255 255 255 0 0 0 0 0 255 255 172 255 0 255 227 255 0
    254 255 255 0 209 255 255 255 0 0 0 255 255 85 166 0 255 131 0 0 255
    255 0 92 0 255 123 255 255 255 255 0 0 0 0 210 255 244 41 0 255 255
    0 199 255 68 255 255 78 255 0 0 255 71 124 255 255 255 0 9 0 0 255
    255 0 147 186 255 64 255 0 117 255 0 255 0 255 0 255 0 255 0 0 255 0
    255 245 122 0 0 117 238 171 255 0 255 255 255 255 148 0 84 255 255 0
    169 255 255 0 0 0 0 99 255 215 0 0 123 0 255 207 255 255 255 53 0 0
    0 0 212 255 255 0 0 255 222 69 255 255 255 255 0 0 255 255 157 255 0
    0 0 255 196 157 57 255 119 0 224 255 0 0 0 63 238 255 0 255 0 255
    255 0 0 0 0 255 255 0 104 171 255 119 0 81 0 255 105 255 24 0 0 255
    0 0 224 52 55 0 127 211 255 255 0 151 255 0 255 0 255 255 0 0 0 255
    0 108 0 0 80 0 193 0 255 255 166 0 255 186 255 0 0 0 255 255 255 0
    84 0 0 37 0 216 255 0 255 255 42 194 255 198 0 255 255 255 56 255
    255 255 255 255 63 0 255 0 255 255 0 0 255 255 255 255 0 255 255 0
    240 0 0 255 255 255 255 0 0 0 255 0 255 0 255 0 0 255 0 255 255 218
    255 175 255 0 255 0 51 255 212 255 141 255 0 255 0 255 0 255 255 255
    238 0 0 0 255 0 0 255 0 104 0 0 0 0 0 255 255 255 24 255 255 243 0
    255 168 0 0 0 255 255 255 37 0 0 0 255 255 255 0 151 0 255 255 251 0
    4 219 0 0 255 149 131 0 255 0 255 255 19 0 43 0 155 255 0 190 0 255
    234 18 65 255 0 104 0 255 0 0 139 255 255 197 255 255 0 0 120 0 103
    255 255 0 0 0 255 0 244 154 0 42 118 255 0 0 255 189 255 0 22 255
    255 255 0 255 0 255 225 157 0 255 255 0 255 0 255 6 255 0 255 255 0
    255 0 255 213 0 0 0 0 255 255 122 255 0 255 0 255 0 0 255 169 255
    255 255 0 0 0 255 0 0 92 0 15 213 0 255 62 255 0 72 251 255 255 255
    0 0 0 255 27 174 255 255 255 255 0 0 255 44 0 0 255 255 0 0 255 255
    255 255 255 0 0 0 0 0 255 255 255 151 255 0 0 255 255 0 212 255 0
    255 0 255 0 255 70 255 0 255 0 0 0 0 255 0 232 255 192 255 0 255 255
    255 89 0 223 0 0 0 0 255 135 0 7 89 255 0 0 121 2 255 0 201 0 255
    255 0 0 0 255 255 255 0 0 255 255 0 29 255 255 0 255 255 255 255 139
    0 0 255 0 255 0 0 0 255 255 255 0 0 0 246 255 226 0 0 57 153 255 255
    255 255 77 255 154 0 0 169 255 172 0 0 255 255 255 255 0 0 0 0 0 255
    0 223 0 255 255 182 255 0 255 255 255 255 255 0 255 0 0 0 0 0 255
    255 255 255 116 71 76 255 255 255 255 0 0 28 255 255 81 139 0 123 0
    116 0 255 0 255 0 0 255 255 0 239 0 255 0 0 152 255 52 255 255 255
    20 255 255 255 0 0 125 255 255 255 0 0 0 0 255 0 0 180 171 255 255 0
    0 0 255 255 174 255 0 0 0 255 162 0 0 87 255 0 71 8 0 255 255 255 0
    0 139 202 0 255 255 255 115 0 0 255 255 255 0 255 0 255 0 0 0 115
    255 235 0 255 255 255 69 0 255 0 155 233 0 33 0 255 0 0 0 135 0 255
    255 255 0 0 255 255 255 153 211 27 0 255 255 255 0 0 0 255 0 255 129
    0 0 75 0 255 255 255 0 0 0 0 255 255 255 255 0 0 255 0 0 0 0 204 255
    255 255 28 133 0 255 255 240 0 66 0 255 0 255 246 0 32 255 161 0 255
    95 255 133 255 0 255 255 0 0 0 255 255 255 0 36 0 66 255 0 255 38 0
    255 255 255 0 0 0 255 0 0 0 255 255 0 255 0 255 255 0 255 255 0 0
    255 0 214 0 0 255 71 97 0 0 142 0 255 0 0 255 255 255 0 0 0 0 0 255
    255 255 255 0 0 255 148 255 0 24 255 255 255 12 28 107 174 0 255 0
    12 184 0 255 0 255 0 0 0 0 0 255 255 136 255 255 167 0 255 0 57 255
    0 56 0 255 255 255 255 255 255 255 0 255 102 255 255 255 0 0 25 9 0
    0 255 255 0 0 200 140 100 0 0 178 255 186 255 0 255 15 255 0 255 255
    255 255 0 0 0 255 98 255 0 255 0 0 0 255 255 255 255 0 255 218 230 0
    255 0 255 226 0 0 255 0 255 0 0 132 255 0 255 0 255 255 255 0 255 0
    255 0 80 0 0 255 255 255 0 0 0 255 0 189 60 0 198 0 220 57 63 255 0
    218 0 0 255 0 101 0 255 255 104 0 0 255 155 255 0 0 0 255 0 255 0
    255 30 0 0 0 255 255 255 255 25 255 255 255 0 0 0 255 134 255 0 0 0
    222 255 255 255 180 255 0 255 0 255 0 0 0 0 0 0 0 0 0 255 0 255 58 0
    135 255 0 0 0 255 255 15 0 0 255 255 0 229 192 255 33 255 255 255 0
    0 33 255 115 0 0 255 255 255 0 0 255 255 255 0 95 0 255 255 0 0 255
    150 255 255 102 255 0 0 0 255 143 0 0 255 255 255 41 0 0 0 255 255
    255 255 0 255 255 0 0 138 13 244 188 148 255 255 59 70 9 0 22 0 255
    255 255 155 255 255 0 0 209 255 255 0 255 255 255 0 0 255 255 255 0
    255 2 0 0 0 0 255 0 255 0 255 0 255 0 255 255 186 82 0 0 189 255 0 0
    255 255 255 0 24 0 255 0 96 255 255 255 0 255 255 0 0 0 255 0 255
    255 0 0 0 0 255 0 255 0 0 255 255 0 255 177 255 216 255 0 0 255 0
    255 0 0 255 255 255 255 0 126 0 255 255 0 0 0 255 255 240 255 0 255
    0 255 0 255 255 255 0 255 0 198 0 0 0 255 195 228 0 216 255 0 255
    255 255 255 0 0 0 186 62 0 255 255 255 255 0 0 0 0 255 255 0 0 0 0
    84 255 58 255 180 0 0 0 255 255 255 0 255 0 0 0 255 255 0 0 255 0
    255 255 255 255 0 0 255 255 255 0 73 0 255 255 0 0 255 0 130 0 0 255
    0 255 255 255 0 255 255 0 0 54 255 255 0 0 0 255 255 255 0 0 0 0 255
    255 255 0 255 0 0 1 0 255 255 255 83 0 118 0 255 255 0 51 0 0 0 155
    255 0 0 255 255 224 0 0 0 0 255 0 0 255 0 255 255 255 0 0 255 0 255
    255 255 0 230 0 255 255 217 0 0 255 255 255 0 255 90 255 0 255 0 255
    255 255 255 0 13 0 16 0 255 255 255 255 0 255 0 0 0 80 255 60 255
    231 0 0 0 255 255 255 255 0 255 0 0 0 255 255 255 34 255 0 255 255
    220 0 0 255 0 255 0 0 0 136 255 0 191 0 0 255 255 255 0 0 0 255 255
    183 0 0 255 95 0 0 255 0 255 255 0 0 0 0 0 0 0 255 255 0 0 160 216 0
    255 255 0 255 0 255 0 255 0 255 0 0 0 255 255 220 0 0 255 0 255 0
    169 0 0 0 255 255 0 0 255 255 0 0 0 255 0 0 255 0 24 255 255 255 0
    255 223 0 0 0 25 0 255 68 255 255 0 255 0 255 0 255 0 255 255 255
    121 255 128 255 255 255 255 255 0 255 90 0 255 255 255 0 139 0 86
    255 255 0 0 255 0 255 0 255 0 26 39 255 135 0 145 0 255 193 75 255 0
    255 237 255 0 0 255 255 255 0 0 71 181 0 0 165 0 62 232 255 0 255
    255 13 0 0 0 0 255 255 0 0 0 0 0 0 0 255 255 236 0 255 0 255 0 255 0
    0 255 255 255 0 255 176 141 0 85 195 255 255 0 0 0 255 0 255 0 0 255
    0 255 0 255 255 255 0 0 255 255 255 1 0 0 125 0 0 0 255 0 255 255 0
    255 0 0 255 98 0 255 0 0 0 0 255 255 95 0 0 79 255 255 0 206 192 255
    255 64 191 0 0 0 0 255 0 255 221 255 33 0 0 255 255 255 0 0 255 0
    255 0 255 255 0 255 0 0 0 0 0 255 255 255 0 0 0 0 255 188 71 192 0
    255 0 255 0 255 0 0 0 255 255 255 0 0 0 255 0 225 255 194 255 0 52 0
    255 205 0 255 255 255 255 0 255 0 255 3 255 255 0 11 188 255 255 0 0
    0 0 255 255 255 255 255 0 255 0 0 0 0 0 255 0 93 255 255 235 0 255
    38 191 255 255 0 255 255 255 0 0 4 255 255 0 177 255 255 0 0 0 0 202
    255 255 6 255 0 255 107 17 255 255 0 0 0 255 255 254 0 0 0 255 255
    215 0 255 0 240 255 255 67 0 0 255 255 0 255 0 187 0 232 0 0 0 255 0
    255 0 255 0 255 0 0 0 255 255 161 0 0 0 13 255 219 255 255 255 0 10
    0 0 255 59 85 255 0 197 0 255 255 98 0 0 255 118 255 255 0 0 0 48
    255 209 137 0 0 0 255 0 0 255 255 0 0 255 0 0 0 255 60 0 0 37 0 0
    255 36 0 255 0 255 0 255 143 255 6 0 255 255 255 255 0 0 0 0 255 255
    124 255 255 255 163 255 0 183 0 255 0 0 0 0 255 255 52 0 0 0 0 198
    255 22 44 26 89 255 255 255 92 85 255 0 0 0 0 0 255 255 255 0 0 0
    255 255 0 255 0 255 0 0 165 0 144 255 0 0 21 38 255 128 255 252 0 0
    0 0 0 7 255 255 32 0 41 0 0 235 0 59 107 255 255 0 255 0 255 46 0 0
    255 255 255 255 243 132 0 21 102 0 38 255 0 255 255 0 0 135 255 255
    255 7 255 0 232 255 255 207 255 255 0 0 0 255 255 31 255 104 0 0 55
    0 255 7 255 255 255 0 0 0 255 0 0 255 255 0 0 255 255 0 0 255 255 0
    0 28 255 0 185 0 180 255 0 90 0 0 0 125 255 108 255 255 0 255 0 22
    229 20 216 235 255 226 255 214 0 0 65 0 228 80 0 0 0 255 255 45 255
    6 0 0 0 0 255 0 255 154 169 255 2 0 0 255 255 38 255 0 255 0 0 0 255
    255 255 0 0 0 0 166 255 0 0 0 255 0 25 125 255 0 255 0 255 0 255 140
    255 0 89 192 255 255 0 255 21 255 255 255 255 0 0 255 255 255 234
    255 247 16 255 255 0 246 255 255 0 0 244 255 255 123 0 37 0 0 220
    255 0 255 247 255 255 150 0 0 204 0 0 255 255 255 0 194 0 0 0 255
    239 255 255 0 0 255 0 0 255 255 255 0 0 19 255 255 0 0 255 255 255
    206 6 255 255 0 255 9 255 0 68 0 255 60 123 255 255 255 0 255 0 0 0
    255 0 0 0 0 255 0 255 0 255 0 0 0 255 255 255 0 0 0 0 255 255 0 129
    0 0 255 75 255 255 0 255 255 0 255 255 255 255 251 0 255 175 0 125 0
    27 249 255 255 255 0 255 110 255 0 0 0 255 255 255 255 0 242 255 0
    255 255 0 122 0 255 255 255 255 255 255 0 0 0 12 255 0 0 255 100 255
    0 0 0 0 0 255 7 255 0 0 240 255 0 255 255 255 255 255 0 255 255 218
    0 255 255 255 133 0 255 0 0 0 255 255 255 255 84 0 0 0 0 0 161 141
    255 0 148 127 255 0 255 51 0 0 0 255 255 255 27 255 18 0 194 164 255
    0 255 0 0 83 227 255 255 0 0 0 255 255 131 255 0 70 198 0 0 255 255
    211 0 0 255 0 26 0 255 255 255 105 255 255 148 0 0 255 103 17 141
    255 255 255 0 0 0 255 255 29 255 0 0 255 0 0 0 255 255 6 0 0 255 255
    0 0 255 220 255 0 79 255 255 0 0 81 0 255 255 255 0 0 0 0 255 0 0 0
    255 110 255 91 255 26 0 255 144 0 0 255 40 255 0 85 0 255 0 198 130
    255 255 0 25 122 142 0 167 35 255 149 255 0 0 255 0 255 255 255 0
    255 57 255 0 194 4 255 0 0 0 174 29 0 0 255 160 244 0 0 255 0 255 0
    255 255 0 249 138 255 255 255 0 0 0 255 147 255 255 69 42 33 0 255
    255 255 60 224 255 255 255 0 255 255 52 255 255 0 0 0 255 255 255
    143 255 0 0 0 0 255 255 255 255 0 255 0 255 0 255 0 70 255 164 255 0
    227 242 7 0 0 0 209 0 255 96 255 0 0 255 255 0 0 0 255 71 0 0 0 0
    255 255 255 255 255 0 0 0 255 255 0 255 255 255 0 0 255 182 0 0 0
    255 255 0 255 0 0 255 255 255 255 0 0 0 0 0 255 0 255 255 47 0 255 0
    255 0 103 0 255 255 0 120 186 255 0 0 0 255 255 255 0 0 255 255 0
    255 255 255 0 255 0 192 0 15 255 255 0 255 255 0 255 0 255 0 0 255
    255 255 195 255 255 0 0 255 255 255 0 0 255 255 219 0 255 0 151 0 0
    186 255 0 255 255 255 0 0 67 179 0 255 0 0 0 255 255 0 254 255 255 0
    248 255 255 0 87 255 255 0 0 0 0 0 0 0 0 255 0 148 0 243 0 255 72
    255 34 255 0 2 44 0 255 255 255 205 0 0 249 255 255 0 255 255 0 0 0
    255 255 0 70 255 0 110 0 255 111 0 255 198 255 255 255 0 0 24 255 0
    255 255 255 15 255 0 255 0 255 248 0 0 0 255 141 147 255 255 255 0
    165 0 255 197 255 0 0 255 255 255 0 104 255 244 89 0 0 255 157 57 0
    133 244 255 0 132 98 255 255 0 0 57 255 175 255 255 255 255 0 34 255
    0 255 52 0 255 0 255 0 0 0 0 255 255 10 0 255 0 0 0 255 0 0 0 255 0
    0 255 255 255 0 0 83 38 0 255 107 255 0 0 0 162 255 255 0 32 0 221
    117 0 0 255 255 0 0 255 255 0 0 0 41 36 141 255 255 0 0 255 255 233
    197 255 0 0 193 0 255 0 255 0 255 0 255 0 255 69 0 255 0 255 0 0 0 0
    255 255 0 255 255 0 0 0 255 236 255 255 255 233 0 140 255 43 162 0 0
    255 255 0 0 17 0 255 255 255 0 0 255 28 255 228 255 255 0 0 0 36 255
    255 54 0 38 0 93 255 0 0 255 255 0 255 0 255 68 255 255 255 0 63 0
    154 0 255 255 255 0 0 0 255 255 255 0 0 0 255 255 255 255 255 110 14
    113 255 0 199 0 255 255 255 0 0 0 0 253 255 169 0 255 252 255 255
    246 255 255 255 184 255 255 0 255 0 255 255 31 0 255 0 0 200 255 255
    0 0 255 0 255 0 255 0 0 255 0 255 255 0 255 0 255 0 255 255 255 255
    0 0 0 255 255 255 156 171 0 255 0 255 0 255 0 255 0 255 126 0 0 255
    0 0 0 255 255 255 255 0 0 113 0 223 0 252 255 255 255 0 0 14 0 255
    149 148 146 0 255 2 255 75 0 159 164 255 255 255 0 255 0 255 132 255
    255 255 195 255 0 255 255 255 0 0 0 52 75 0 255 255 0 0 0 130 0 255
    0 255 0 137 11 255 0 255 0 0 0 255 255 255 0 0 255 255 105 255 255
    255 0 0 0 0 245 101 255 0 255 170 0 0 0 255 255 255 202 255 0 255 0
    0 0 255 255 0 255 177 0 210 0 255 255 70 255 164 0 255 0 255 255 255
    153 0 78 255 255 127 0 132 255 0 255 0 111 0 234 0 255 255 255 48
    255 255 255 159 0 0 14 0 226 255 255 0 255 255 0 255 0 0 0 0 0 255
    255 0 0 68 255 0 0 7 0 0 255 255 255 255 175 0 0 0 0 0 237 193 0 0
    255 111 160 0 255 255 0 87 0 255 0 0 0 255 255 0 0 0 0 255 0 0 255 0
    255 0 0 0 255 0 255 255 255 40 0 213 255 0 255 0 255 105 255 0 74
    255 255 255 181 255 0 255 125 255 0 117 0 255 0 136 0 255 255 122 95
    0 0 191 0 255 225 0 0 255 255 255 164 0 255 255 0 255 0 0 0 0 255
    255 255 255 0 0 0 255 255 204 255 0 255 0 255 255 0 0 72 214 0 255
    255 255 255 0 0 255 255 255 0 255 0 255 0 221 0 255 0 0 40 160 255 0
    0 255 0 16 0 255 255 255 255 255 0 0 0 255 255 0 0 0 255 0 255 0 154
    0 51 255 255 0 0 0 255 231 255 123 0 0 0 255 255 255 0 0 255 0 255
    33 187 0 0 255 0 0 0 255 255 255 0 255 0 255 0 0 0 255 0 255 0 255
    138 255 255 255 0 0 0 0 0 0 0 255 255 255 255 0 0 48 0 255 255 205 0
    16 70 40 0 0 2 255 255 0 255 255 255 36 0 255 0 0 0 29 0 255 29 255
    0 255 255 255 0 255 255 255 0 0 0 255 0 182 217 255 0 6 255 255 171
    108 0 255 0 255 255 255 255 0 255 255 194 252 0 0 255 255 0 255 0
    255 0 0 255 255 255 0 0 255 255 255 0 0 0 213 0 255 0 0 0 226 0 0 0
    0 255 255 0 255 255 0 0 255 70 255 0 170 0 0 255 100 80 255 255 0 0
    215 255 0 0 255 119 20 0 3 0 42 90 194 188 0 255 255 0 255 0 255 0
    255 255 255 160 92 0 0 255 255 0 0 0 205 255 255 255 0 255 0 0 0 255
    102 255 255 0 0 0 255 169 0 0 98 0 255 0 160 0 255 190 0 173 139 255
    255 186 0 238 0 255 255 248 0 215 0 255 255 0 0 0 255 255 255 0 79
    97 255 255 255 255 255 255 0 255 172 255 0 255 0 0 0 255 255 255 0
    59 0 0 255 255 0 0 0 255 255 255 255 255 255 0 0 255 255 91 45 0 0 0
    255 255 0 255 0 0 20 255 255 0 0 0 255 255 255 0 0 255 255 0 0 0 255
    255 87 0 0 0 232 255 136 255 255 92 0 0 0 255 255 255 0 0 0 0 255
    255 223 0 0 9 255 216 255 109 0 0 0 255 255 255 0 0 0 0 255 255 255
    163 0 255 255 45 0 255 255 0 255 255 70 0 0 255 255 255 57 255 0 0 0
    255 0 0 0 0 255 79 255 255 255 255 0 0 255 255 0 0 255 255 255 0 255
    107 255 255 255 255 29 255 255 115 0 0 79 255 180 0 140 109 0 0 255
    0 255 28 255 255 85 0 208 0 255 0 36 141 255 255 0 0 255 64 222 0
    255 0 255 41 255 0 255 255 0 255 41 255 255 0 0 0 255 255 0 152 255
    0 0 255 255 255 182 255 0 255 0 0 51 255 255 0 0 255 0 255 255 0 0 0
    119 0 154 255 240 0 255 255 255 0 255 255 255 103 0 255 0 255 152 0
    0 255 255 255 255 114 47 255 255 255 0 255 0 255 0 255 255 0 0 255 0
    237 0 0 0 255 255 58 224 0 255 255 92 51 0 0 255 0 255 255 0 0 0 255
    0 255 0 255 0 119 47 255 255 255 0 0 255 0 255 0 255 157 255 170 0 0
    0 255 255 255 0 0 0 255 255 255 255 0 199 255 0 0 0 255 255 157 56 0
    255 0 255 255 255 0 255 0 255 2 255 0 0 255 255 255 255 0 255 255
    255 0 0 255 255 20 0 38 0 255 255 0 0 255 255 255 29 0 0 255 255 255
    0 0 255 255 255 255 0 255 0 47 0 0 0 0 255 108 255 236 0 87 168 255
    255 160 74 0 0 255 0 255 0 255 182 0 0 0 0 210 168 255 225 255 255
    255 255 255 43 255 0 0 0 255 255 0 0 255 255 255 0 0 255 115 255 0
    213 0 215 50 255 154 0 0 5 0 255 188 0 255 74 32 0 64 164 255 255 0
    0 57 0 255 255 112 0 0 255 255 0 0 255 198 164 0 0 18 0 168 0 255
    245 255 255 0 255 0 0 255 66 255 255 121 0 104 255 86 0 0 0 255 255
    0 0 58 200 255 0 0 0 255 255 255 187 255 255 255 16 0 0 203 0 46 0
    223 221 255 12 255 50 255 0 0 0 190 255 198 255 255 255 255 0 255 0
    192 0 0 255 0 255 0 255 0 255 0 255 227 0 0 0 0 255 0 221 104 255 46
    0 30 0 0 255 255 255 255 0 0 0 173 0 255 0 255 0 0 0 255 255 255 0
    255 137 0 0 0 255 255 72 0 0 255 0 211 0 0 141 0 204 92 188 0 255
    255 255 0 0 255 0 255 255 255 255 0 0 0 255 255 255 199 0 0 157 108
    255 88 255 255 255 255 255 0 0 0 255 177 27 255 255 255 239 233 0
    255 0 255 0 255 0 255 0 255 0 255 183 255 88 255 255 255 255 0 0 0 0
    0 255 105 0 0 255 255 0 255 0 255 52 255 218 0 0 0 255 250 255 0 243
    54 95 136 255 109 255 255 255 0 255 205 245 55 255 177 255 0 178 0
    255 0 255 0 0 255 0 0 0 255 255 255 255 162 220 255 255 255 255 255
    0 0 0 26 255 0 255 0 246 0 255 112 255 255 0 255 88 59 0 0 0 0 96 0
    255 0 0 0 255 0 20 0 255 0 102 0 0 168 255 255 255 29 255 255 57 0 0
    0 255 255 172 0 255 255 89 0 0 10 0 0 0 255 255 0 0 0 87 255 0 255
    137 255 0 0 38 255 0 255 0 18 0 255 0 255 172 195 255 0 255 0 0 73 0
    255 255 191 255 255 255 0 255 255 45 0 0 0 0 255 199 255 0 51 255 0
    255 255 255 0 104 0 255 255 255 255 78 255 0 0 234 0 0 255 0 255 0
    44 0 255 0 255 0 255 181 236 255 255 255 0 0 141 0 255 255 255 69
    176 19 121 144 0 0 255 255 0 255 255 0 0 0 255 148 255 185 0 0 255
    255 197 0 255 111 255 255 0 255 76 255 0 255 255 125 11 255 0 0 0
    250 255 255 36 0 131 0 255 0 0 255 255 0 255 0 255 28 59 255 0 255 0
    244 0 0 255 255 255 95 255 0 255 0 0 255 255 0 255 32 0 0 255 255
    255 0 255 255 255 89 0 251 0 255 255 255 255 0 0 0 18 255 255 255 0
    0 0 255 0 0 0 255 0 255 0 255 0 236 251 255 23 0 0 0 255 195 0 0 255
    80 255 0 0 255 255 0 0 255 255 0 0 0 81 255 0 138 0 255 255 0 0 0
    155 255 80 255 0 255 120 210 0 0 255 255 0 255 255 219 255 0 209 0 0
    0 0 255 255 52 0 0 255 0 255 0 0 253 255 255 186 0 0 0 255 255 0 0 0
    255 255 84 255 0 255 0 0 255 255 245 0 0 16 255 0 255 255 0 0 255 0
    0 0 255 0 0 0 0 255 136 255 0 0 71 232 0 0 255 255 255 0 0 255 255
    255 0 255 0 0 255 0 0 0 255 255 0 255 114 0 12 196 255 255 93 255
    129 255 255 255 147 0 255 0 214 255 200 0 0 173 0 255 255 94 0 88 0
    255 123 255 0 217 0 0 0 0 0 0 0 140 255 0 255 238 255 0 57 0 0 0 255
    0 0 143 255 255 0 126 76 253 255 0 244 0 255 255 255 0 0 255 255 49
    255 0 255 255 255 0 51 0 255 0 255 255 98 255 255 0 255 0 255 255
    128 255 255 0 255 255 255 0 205 27 255 0 0 141 255 0 128 0 106 255 0
    0 255 59 0 239 255 255 72 0 0 255 149 255 0 0 0 255 255 238 181 255
    255 0 0 0 255 0 0 0 255 0 255 0 151 205 63 0 0 12 255 0 0 255 255
    255 0 0 255 0 76 0 255 255 255 0 0 217 255 0 0 105 255 0 0 0 255 255
    255 0 0 144 255 255 255 49 110 0 0 255 255 174 234 0 0 0 255 255 255
    255 255 37 0 164 121 255 0 63 214 0 0 0 0 255 71 0 0 0 255 0 255 255
    255 0 255 255 255 255 0 255 255 255 0 148 0 173 255 0 0 255 255 0
    255 0 255 215 255 0 0 0 255 255 63 255 0 0 0 255 133 255 255 0 0 0 0
    119 132 255 255 0 0 0 255 255 134 212 0 69 255 0 0 0 255 0 0 0 0 113
    255 255 255 255 0 255 0 255 0 255 0 117 81 255 255 0 146 0 255 255
    255 0 0 255 0 132 255 255 255 12 0 0 0 0 199 0 255 0 255 0 255 160
    255 0 31 0 0 90 255 255 255 97 255 0 255 255 255 255 91 0 0 0 255
    255 0 0 255 255 255 21 255 0 0 223 255 255 255 255 0 0 0 0 0 255 255
    255 0 255 0 255 255 190 255 255 255 0 0 0 145 255 0 86 255 255 0 110
    0 255 0 26 255 255 0 0 0 106 128 170 242 255 87 255 255 255 255 237
    0 255 213 255 0 231 62 198 215 205 234 0 202 255 255 0 255 0 252 0
    255 255 255 0 87 0 0 241 255 107 255 0 255 255 0 255 0 0 52 0 0 170
    255 255 237 0 255 69 4 0 112 255 0 255 0 255 0 0 255 255 0 0 0 255
    255 0 0 255 0 255 0 0 0 135 0 255 255 224 255 255 255 0 255 0 169
    174 255 255 255 0 255 173 125 0 255 0 21 255 0 255 255 255 0 0 0 255
    127 255 210 0 0 0 55 102 0 46 0 255 0 0 0 255 255 255 32 255 0 255 2
    0 0 255 0 255 255 213 0 0 0 115 212 255 255 0 112 0 0 255 255 0 0 0
    165 0 35 0 0 255 153 169 211 0 0 0 0 0 96 255 255 0 0 99 126 255 0
    255 255 0 0 0 255 255 255 23 0 125 255 255 0 255 122 255 255 255 104
    0 0 255 255 255 255 255 0 0 255 255 255 0 17 255 255 255 59 0 218 0
    255 0 255 0 60 255 255 255 0 255 0 90 220 255 255 255 0 0 255 255
    255 140 0 24 0 168 0 75 226 255 255 0 0 255 0 255 0 0 255 0 255 95
    255 255 0 0 255 142 255 0 255 0 255 0 0 255 255 255 0 0 255 255 255
    0 0 0 77 0 255 0 255 173 255 68 0 86 255 255 255 0 0 255 188 0 0 0
    255 255 255 0 0 255 0 0 84 235 0 255 42 81 0 255 255 255 255 255 190
    255 0 0 0 147 227 255 0 255 255 0 137 0 0 0 76 0 255 255 0 255 0 255
    0 0 255 255 50 255 91 106 0 0 0 255 70 255 0 0 0 255 255 0 225 0 255
    255 255 117 0 0 255 255 137 0 0 215 0 0 255 196 255 255 255 0 0 0 82
    0 255 34 0 255 0 123 255 217 255 0 0 0 255 255 0 0 255 255 0 255 255
    180 255 0 0 0 105 255 1 0 0 255 0 186 0 0 255 0 255 255 0 0 110 0
    255 0 255 255 0 255 255 255 0 0 0 255 0 0 0 0 255 0 255 162 255 218
    9 255 255 255 0 0 0 255 255 255 7 186 0 0 255 255 0 255 255 255 0 0
    0 255 0 255 0 0 0 0 255 255 255 0 0 255 46 255 0 0 183 255 170 255
    255 0 0 0 255 255 239 0 255 0 0 0 255 255 255 0 0 0 190 58 0 255 255
    255 255 193 0 0 0 255 255 255 214 102 0 45 255 255 8 11 255 255 0
    254 0 232 0 0 40 255 255 0 255 255 255 80 2 0 9 208 255 0 255 255
    255 0 253 0 255 0 255 0 255 0 255 0 0 0 255 0 255 0 255 255 146 193
    255 210 255 0 0 0 89 255 0 255 26 0 246 212 255 124 206 0 255 123
    255 255 0 255 0 255 0 0 5 255 0 29 255 255 0 226 255 0 0 0 15 255 0
    255 146 0 255 0 236 129 255 0 255 0 0 213 0 0 38 255 255 0 0 0 243
    122 255 0 0 0 0 0 0 255 255 0 255 0 255 57 255 187 167 185 255 0 255
    255 255 0 0 0 255 255 0 0 45 255 95 255 0 0 155 0 255 0 255 255 255
    0 0 255 0 35 207 255 67 0 255 0 0 0 255 255 0 112 0 255 0 255 0 0
    255 255 255 255 255 0 0 0 255 255 255 255 0 255 0 255 0 255 255 255
    255 0 255 0 82 0 255 255 0 0 255 255 0 255 248 255 0 0 255 255 96 0
    0 255 0 210 0 223 255 255 0 255 0 0 0 0 255 255 255 33 255 0 192 255
    71 0 255 196 255 0 17 255 0 0 255 255 255 0 0 255 108 240 226 0 172
    87 0 255 255 120 0 250 255 255 0 0 0 0 255 0 255 0 255 0 255 255 255
    0 0 0 255 255 135 0 255 255 0 255 0 255 212 0 255 39 255 0 0 0 0 255
    0 248 0 255 0 255 0 255 255 255 0 255 0 255 109 255 0 0 42 0 255 146
    255 0 255 250 255 255 255 86 0 162 255 255 12 16 0 255 247 255 0 0
    153 180 255 0 67 0 72 0 255 211 143 0 0 0 255 255 255 0 0 255 0 255
    255 0 0 255 255 255 0 51 0 62 136 255 255 255 0 255 255 255 77 255 0
    255 98 255 0 0 218 255 0 0 255 255 255 255 0 0 255 103 157 255 0 0 0
    255 255 255 82 0 0 212 255 0 0 0 0 52 255 255 0 0 0 255 19 255 255
    255 0 255 227 255 0 174 0 116 0 255 0 255 255 255 255 9 255 255 177
    0 255 255 232 21 6 255 0 9 79 188 0 0 0 255 0 255 225 164 255 182
    255 180 0 0 0 211 255 255 0 255 0 255 255 255 255 255 0 235 48 69 0
    255 0 255 0 255 0 255 14 255 0 255 0 0 0 255 102 255 0 255 0 255 0
    255 255 0 0 39 255 0 210 60 0 255 255 0 0 62 255 0 7 0 0 255 220 0 0
    211 255 0 255 0 237 0 255 126 255 140 0 0 0 255 0 255 255 255 255 0
    255 255 255 255 0 255 0 255 0 255 218 0 255 255 255 255 0 0 255 162
    100 0 0 0 0 255 0 78 0 0 0 0 255 255 0 0 0 0 255 255 255 255 0 255 0
    0 0 255 0 255 0 255 0 255 144 255 255 255 67 255 239 255 0 255 0 0
    255 255 226 0 0 0 255 255 51 0 0 255 255 0 0 0 255 79 255 255 0 0 0
    255 255 0 0 0 255 0 255 0 0 0 255 255 216 0 255 0 255 0 144 0 223 3
    255 255 255 255 0 0 0 161 255 0 0 255 0 255 0 255 0 0 255 255 126
    193 0 255 0 129 255 255 255 0 255 0 179 255 81 255 44 0 0 255 255 0
    255 0 255 255 255 0 255 0 102 0 165 255 255 231 0 255 255 53 0 187 0
    255 0 0 198 213 41 0 255 0 0 0 0 0 140 255 255 255 0 0 255 255 255 0
    0 0 255 0 255 0 255 0 80 0 255 0 255 0 0 0 180 89 0 0 22 0 0 0 0 255
    0 142 150 255 255 255 27 255 197 255 0 255 0 255 255 255 0 255 0 255
    0 255 0 0 255 194 255 5 0 255 255 255 0 224 0 255 0 255 255 255 0 0
    0 33 33 0 0 0 255 0 255 52 255 255 255 0 0 168 255 186 0 0 184 185
    255 6 0 165 164 209 0 0 0 191 255 255 227 255 255 0 0 255 39 207 0
    255 65 255 0 0 0 255 255 255 255 255 255 224 0 0 255 255 180 0 34 47
    255 0 0 0 255 0 181 0 255 255 0 46 0 225 45 255 255 0 239 255 0 0
    255 255 0 0 0 104 0 0 164 255 255 168 29 208 223 255 255 0 0 255 222
    250 255 0 0 0 255 255 0 0 0 233 255 255 135 0 0 148 160 255 0 0 0 0
    255 255 198 252 0 53 0 255 0 0 0 149 255 255 255 0 255 0 255 0 0 0 0
    255 101 255 181 0 0 255 255 255 0 11 0 0 231 255 255 229 0 255 0 255
    0 255 0 3 0 118 98 255 255 0 0 255 0 129 33 255 255 255 255 0 0 143
    0 0 255 3 0 0 0 0 255 255 250 255 0 255 0 0 0 255 255 255 0 0 0 62 0
    84 40 35 116 0 0 255 0 255 0 255 255 0 255 255 0 0 115 255 255 0 0
    229 255 255 0 0 0 255 255 0 0 0 255 0 132 255 103 0 255 253 255 196
    0 0 38 255 68 64 0 0 0 29 255 0 0 0 255 255 0 0 0 0 0 156 0 255 255
    255 255 0 0 0 146 255 255 87 255 214 255 0 0 0 207 0 0 0 0 121 0 248
    22 87 238 171 0 255 0 0 255 0 255 0 255 0 255 0 121 0 0 0 255 255
    255 255 30 255 0 255 0 0 0 255 255 255 0 0 0 0 255 0 129 0 255 0 255
    213 0 255 171 255 0 0 0 255 255 255 0 0 255 0 0 0 255 0 133 255 0
    255 255 0 161 0 255 0 0 0 48 255 168 74 141 255 130 0 0 0 47 94 255
    0 255 0 255 0 255 0 255 0 0 255 255 255 0 0 78 255 255 255 0 230 255
    165 101 0 0 0 255 0 0 255 0 255 255 0 0 0 77 137 255 255 0 0 0 0 0
    255 255 255 0 0 255 21 133 0 12 0 220 255 255 255 0 255 0 255 85 0 0
    255 255 255 213 255 255 0 0 255 0 255 0 0 81 0 113 255 255 255 0 0 0
    255 0 0 197 183 255 0 255 0 0 0 0 0 0 115 253 92 39 180 255 0 90 255
    0 0 0 0 255 255 255 0 194 0 255 255 255 255 0 0 0 255 0 255 235 84 0
    220 255 255 255 255 0 23 255 199 0 0 255 255 255 255 217 255 255 0 0
    0 255 0 6 0 255 255 0 0 167 255 255 0 0 255 0 255 0 255 220 0 64 255
    255 255 254 0 0 79 161 0 255 255 255 0 0 0 255 255 255 0 69 224 209
    255 255 0 0 255 0 255 0 0 211 255 255 255 0 255 0 255 255 255 255 0
    0 0 255 0 0 0 255 0 61 255 56 0 255 255 255 0 233 0 255 0 0 255 255
    255 255 58 0 46 238 255 178 32 0 0 39 255 76 0 248 143 255 255 136
    255 255 255 255 0 0 175 255 255 255 154 255 0 27 255 255 254 255 255
    100 34 0 0 255 29 255 255 255 255 172 0 0 0 226 255 71 255 0 0 0 48
    0 255 255 0 0 0 113 0 255 0 0 255 255 255 0 255 0 255 165 255 0 141
    255 255 255 0 0 0 255 255 255 0 0 189 255 0 0 0 255 255 255 0 0 255
    64 0 0 0 255 101 108 0 0 255 255 255 0 44 172 255 255 107 0 0 71 255
    255 255 0 0 0 255 255 0 0 255 209 255 0 255 0 11 236 0 0 0 0 255 255
    255 0 255 255 0 0 0 142 80 0 255 138 255 0 255 0 255 255 0 255 255
    255 255 0 0 0 182 0 255 255 255 0 0 0 0 255 255 0 0 0 255 255 255 97
    0 0 255 255 255 111 255 0 0 184 58 0 71 255 255 80 225 255 0 255 0
    255 255 255 0 255 255 255 0 138 49 0 0 23 0 0 0 255 255 0 0 135 221
    0 255 0 187 0 0 0 255 255 255 0 0 0 255 255 0 255 0 0 0 102 255 0
    255 255 176 0 255 255 0 0 255 0 255 121 0 0 0 255 255 255 0 122 255
    255 140 0 0 0 255 9 255 255 255 255 237 0 0 255 0 178 0 255 0 255 0
    89 255 0 0 0 0 255 255 0 0 0 40 255 255 203 103 255 60 0 255 255 255
    255 255 255 0 255 0 0 0 255 255 255 0 255 0 255 0 191 0 255 0 0 0
    255 255 0 0 0 255 255 0 0 0 44 0 255 136 255 0 255 185 255 255 0 0 0
    255 74 255 0 60 255 255 0 234 255 0 255 255 0 255 0 255 122 0 255 0
    0 188 0 255 254 255 0 0 255 0 255 0 255 255 255 255 255 255 0 0 0
    255 44 164 171 0 0 255 255 46 59 255 0 0 0 255 255 255 0 0 134 255 0
    79 0 0 0 255 255 0 0 126 255 255 46 0 0 255 88 255 0 0 207 255 255 0
    255 0 255 0 255 255 255 255 0 255 255 0 167 255 255 164 0 255 0 214
    0 151 0 255 255 0 77 255 94 0 255 255 255 232 94 255 0 255 0 255 0
    255 0 18 0 255 0 228 0 255 0 201 241 255 255 153 255 255 255 0 249
    255 254 255 255 55 255 255 55 0 0 255 0 255 0 237 0 24 0 198 255 0 0
    0 255 120 159 0 255 0 19 255 222 255 137 255 0 0 0 121 255 0 0 0 0
    255 255 255 0 0 0 78 197 255 160 0 255 243 0 0 0 255 122 255 255 0 0
    235 29 0 0 255 0 255 0 255 115 0 0 0 0 252 114 0 255 0 255 255 255
    255 0 0 0 255 255 255 0 0 255 255 255 255 0 255 0 255 75 250 0 255 0
    255 255 255 255 106 0 255 0 255 0 224 0 255 12 0 255 187 0 183 255 0
    0 0 255 255 126 37 255 0 0 255 255 0 0 216 0 0 200 47 0 242 255 255
    0 161 0 135 98 255 0 255 0 0 5 255 255 218 127 255 146 255 11 89 0
    255 255 255 255 133 255 0 0 255 255 255 0 160 73 0 255 0 0 255 0 119
    13 31 255 0 255 255 0 255 0 255 255 0 0 255 255 0 0 0 212 255 0 0 0
    255 255 207 255 30 0 0 0 255 255 255 255 0 255 0 0 0 255 255 255 230
    20 0 255 255 255 10 58 255 255 0 0 0 0 170 255 255 0 0 108 255 255
    208 255 0 174 0 255 0 0 0 255 255 0 0 255 255 255 0 0 0 255 255 0 0
    31 255 255 0 0 0 255 0 255 255 0 0 0 0 0 0 107 255 0 15 101 255 0
    255 255 255 255 255 255 0 255 255 0 0 255 255 0 0 130 41 0 0 255 87
    179 0 44 255 255 0 255 0 0 255 233 217 0 0 255 0 255 0 255 255 255
    255 0 0 230 255 231 255 0 125 0 41 255 255 255 0 0 0 255 255 0 0 0 0
    255 0 255 255 0 255 0 5 65 0 255 0 255 0 255 0 75 0 255 0 142 0 255
    255 255 0 255 255 0 0 255 0 255 0 0 0 255 255 0 255 0 255 0 0 0 0 0
    0 0 0 255 208 0 255 0 0 0 0 0 0 208 217 255 247 255 0 255 158 255 0
    65 255 0 255 255 0 201 0 255 255 0 0 0 255 46 0 0 0 255 255 255 0
    255 255 255 0 0 255 0 0 0 255 154 255 127 255 255 255 255 255 0 49 0
    0 0 27 255 83 132 49 16 255 0 0 255 255 147 255 255 40 255 255 0 186
    255 255 72 0 0 255 0 255 255 255 0 68 255 0 255 255 71 141 0 0 0 200
    255 255 128 0 0 124 0 255 255 255 255 255 26 0 0 0 255 255 0 0 0 0 5
    255 101 255 255 10 0 0 255 241 0 22 78 0 0 255 255 49 255 69 0 255
    255 83 255 0 255 0 0 255 0 0 255 255 0 255 0 0 0 255 0 0 255 255 255
    255 13 255 0 0 255 0 0 240 255 0 255 135 255 255 0 255 0 255 190 55
    0 0 8 255 0 0 0 0 0 118 0 0 255 255 182 255 255 0 0 211 255 0 132
    180 255 255 255 255 0 255 0 0 0 255 255 255 152 11 0 0 0 255 0 255 0
    255 0 133 0 255 240 255 255 0 54 0 255 0 255 255 78 0 0 0 142 255
    150 0 255 222 255 255 255 0 0 210 255 255 206 255 255 0 0 0 0 0 2
    255 255 249 52 202 0 0 0 61 255 255 255 0 92 0 0 255 255 0 0 0 255
    188 255 0 39 0 0 0 0 255 163 255 0 255 0 0 96 255 255 0 255 0 255 0
    255 0 255 0 183 0 255 255 0 159 0 255 255 255 0 0 144 0 0 198 164
    255 255 255 0 0 255 0 0 189 255 255 0 0 255 255 255 0 0 0 255 255
    255 243 0 173 0 0 124 255 42 0 255 255 0 0 255 255 191 0 0 0 255 255
    249 0 0 255 255 255 0 0 255 255 255 255 0 0 0 255 255 255 0 244 0 0
    0 0 0 255 255 12 255 255 255 79 0 0 186 255 0 255 255 255 0 0 0 255
    1 0 0 255 255 255 255 0 0 67 255 0 0 0 0 0 255 0 163 136 255 130 255
    191 0 0 87 151 255 0 0 90 244 129 255 255 0 0 0 255 255 0 0 191 255
    255 0 121 0 255 0 255 0 0 255 255 255 255 255 0 255 255 255 255 0
    255 255 236 0 0 108 0 151 0 0 67 255 0 0 0 255 0 79 0 0 255 255 182
    255 0 0 0 255 255 47 255 173 0 90 255 255 255 0 255 0 255 255 255 0
    49 0 255 0 0 114 0 255 185 0 255 7 255 0 255 255 0 39 255 255 31 255
    0 0 255 255 0 255 0 255 0 255 4 0 0 0 255 70 255 0 255 18 82 133 255
    0 142 0 0 0 255 255 0 255 255 0 0 0 201 237 11 0 0 0 255 0 0 0 255
    255 255 255 255 255 0 0 0 255 0 0 255 255 255 0 0 255 205 255 255 0
    0 0 255 255 91 15 114 255 255 0 255 0 134 0 239 243 141 0 86 0 255 0
    115 0 255 0 255 255 255 255 255 0 0 133 255 255 0 0 8 255 0 255 0
    255 0 0 170 255 255 255 0 255 108 0 255 80 255 255 0 125 0 255 0 255
    0 0 0 88 0 0 0 255 255 255 0 0 0 0 255 255 95 255 104 255 255 0 255
    214 0 108 255 0 255 0 255 255 255 0 255 0 120 0 220 0 0 255 255 255
    0 255 255 255 139 44 0 255 255 34 255 255 0 0 0 0 255 226 0 0 255 0
    0 0 255 98 255 0 0 255 0 255 0 255 0 136 255 255 0 76 0 230 255 238
    0 0 255 255 255 0 255 0 255 109 0 0 0 0 255 255 214 0 255 60 23 0 0
    0 246 2 87 0 0 255 43 255 255 0 255 0 200 97 0 255 255 255 180 182
    136 0 0 0 0 255 255 255 0 0 240 255 255 255 105 255 144 0 0 0 255
    255 78 0 0 255 255 255 255 43 255 0 0 255 255 51 255 0 0 255 255 255
    0 243 255 255 0 0 0 0 255 255 255 255 0 0 255 255 76 255 255 126 0
    30 255 255 36 28 0 246 255 255 0 255 0 2 0 255 0 0 252 255 255 255
    255 46 0 180 255 0 46 0 255 0 255 0 255 123 255 236 254 0 0 255 255
    229 0 110 205 0 255 0 255 0 255 255 255 124 84 0 255 255 255 219 255
    0 104 255 255 255 0 0 255 0 255 201 85 255 217 255 255 65 255 65 255
    0 0 255 61 0 255 0 255 0 189 255 255 0 0 255 255 110 0 0 255 255 0 0
    0 0 255 255 255 0 130 162 255 0 255 255 130 0 112 0 255 137 255 0
    255 0 206 0 255 0 0 255 255 178 40 0 255 255 0 0 0 255 255 255 155 0
    243 0 211 83 255 0 89 0 255 0 255 0 0 0 255 255 83 0 0 255 221 255
    255 255 255 255 0 255 0 0 0 0 255 255 0 16 170 255 238 255 255 0 255
    0 255 0 255 255 226 0 0 0 255 0 0 0 38 255 255 255 255 49 0 0 255
    255 0 255 255 255 255 0 255 255 255 245 43 0 0 0 255 255 207 231 173
    255 0 255 229 0 255 42 255 0 1 0 215 165 231 255 0 255 0 0 0 0 255
    255 255 255 255 0 0 255 255 255 255 173 255 0 0 144 255 0 0 255 0
    174 0 255 255 255 255 255 255 0 0 255 0 255 120 255 77 255 0 0 189
    87 0 0 0 0 255 255 0 214 52 255 148 0 255 255 255 0 255 57 255 0 0 0
    0 255 120 0 0 255 215 255 0 252 0 76 0 255 59 68 0 255 26 0 0 255
    255 50 0 255 255 146 0 255 255 255 255 0 94 195 255 0 0 255 255 255
    0 0 255 255 255 0 0 255 135 0 0 119 255 255 255 0 0 255 113 255 255
    0 255 255 255 255 0 0 109 255 255 0 255 0 255 0 255 76 255 0 242 177
    0 255 0 255 0 0 88 0 84 0 8 201 30 255 0 255 0 0 0 255 174 255 255 0
    255 0 0 255 138 195 0 144 0 162 255 255 0 0 0 72 255 0 0 173 255 0 0
    0 255 5 0 255 255 25 255 112 255 255 0 255 255 255 0 175 0 255 255 0
    0 0 255 0 0 44 255 255 255 219 0 0 255 255 255 255 255 0 0 0 249 0 0
    0 255 218 0 0 255 0 255 255 0 0 28 83 255 255 0 255 0 255 0 255 192
    0 255 0 0 0 118 255 255 255 255 38 255 0 0 255 0 255 170 255 0 255 0
    255 255 255 0 43 255 191 0 255 0 255 171 89 0 0 255 0 255 255 0 0 0
    255 255 0 0 0 255 0 255 10 255 223 0 0 255 0 255 255 255 0 255 0 179
    0 255 26 255 255 0 11 0 0 255 0 255 0 0 65 0 205 0 255 0 255 0 255 0
    0 0 255 0 255 207 0 255 240 255 0 0 0 255 0 255 0 0 0 21 255 255 89
    0 0 255 180 246 255 0 255 0 255 0 255 255 0 255 255 255 64 191 0 158
    215 0 255 0 255 115 0 255 0 255 0 255 255 0 83 0 255 216 180 255 255
    255 0 255 0 113 219 0 0 255 255 0 0 130 139 0 44 0 125 255 0 255 0
    255 45 0 115 0 214 45 135 79 78 13 0 255 255 83 255 194 224 33 255 0
    255 134 255 255 27 255 0 0 255 47 255 0 255 0 255 255 36 255 0 0 255
    255 0 0 11 255 0 0 0 0 255 0 0 0 255 255 255 0 255 57 255 0 94 0 26
    0 255 226 47 0 255 255 0 0 126 185 255 0 86 238 0 167 0 255 159 255
    255 209 34 0 80 255 255 255 0 0 74 0 0 255 255 255 0 93 255 255 115
    83 17 122 49 0 255 0 255 255 80 0 0 255 0 255 0 0 0 255 255 42 0 0
    149 255 255 0 0 0 255 255 255 0 0 0 0 0 255 255 0 0 0 255 0 255 134
    0 255 204 255 0 255 12 0 255 255 0 0 0 255 255 255 0 172 0 191 0 76
    0 225 0 255 247 255 0 255 255 255 0 0 164 255 255 255 0 0 199 255 38
    187 0 255 0 255 16 0 0 255 97 0 255 137 255 212 1 176 0 255 255 255
    0 0 255 235 0 0 0 255 255 251 255 0 255 156 0 255 248 0 255 255 0 0
    164 0 255 0 0 255 129 255 0 0 255 255 255 255 45 0 255 255 0 255 0
    255 0 178 0 178 0 18 137 0 0 0 255 240 255 255 0 142 255 255 255 255
    0 255 0 255 255 255 0 0 154 255 0 157 0 0 0 255 0 255 255 207 148
    234 95 0 255 255 255 186 0 115 255 255 255 0 0 0 87 255 214 75 172 0
    255 0 255 0 0 255 0 163 0 255 255 255 68 0 255 255 255 0 0 99 255 0
    205 255 255 0 255 255 255 202 0 0 255 255 0 0 0 111 255 255 0 0 0 0
    255 255 255 255 0 255 255 255 0 0 0 62 255 0 255 0 255 0 0 244 0 0
    255 255 255 255 166 0 255 79 255 0 255 0 0 145 255 255 55 0 0 0 255
    255 255 255 255 255 0 0 255 255 181 55 206 0 53 255 0 0 255 255 0
    255 171 159 0 0 255 53 255 0 126 175 255 0 235 255 255 0 235 0 0 194
    0 58 220 255 0 174 0 0 217 255 0 137 74 255 0 255 0 255 255 255 0
    255 0 255 0 255 255 0 255 0 255 157 255 255 255 75 0 0 255 255 255
    203 255 255 255 255 255 0 0 253 255 168 115 0 255 180 82 0 255 255
    255 0 0 255 210 255 136 255 255 0 118 255 135 0 255 49 255 0 255 0 0
    255 0 13 161 255 66 0 0 255 255 255 0 255 255 255 1 255 255 0 255
    147 255 0 0 0 255 163 0 0 255 255 0 0 255 0 80 0 255 226 255 116 0
    255 0 255 253 255 255 237 0 0 255 255 0 119 29 45 0 0 0 255 255 208
    87 0 76 255 255 255 0 255 0 0 255 255 234 0 189 55 255 124 0 0 0 0
    255 255 255 0 0 0 255 0 255 22 185 0 0 0 0 0 255 0 0 255 0 255 0 255
    0 255 0 255 0 255 11 255 0 0 190 255 255 255 113 255 0 15 148 255
    255 255 44 255 0 0 0 0 0 255 0 255 255 16 246 255 0 90 37 255 0 252
    0 255 0 255 90 0 0 0 150 255 0 255 255 255 0 255 255 164 255 0 255 0
    255 0 0 0 0 148 255 255 255 0 188 255 0 0 0 166 74 255 255 0 0 0 181
    255 255 255 255 255 255 255 0 0 255 255 255 0 0 255 0 0 255 0 7 67
    255 62 255 255 126 0 104 242 255 255 10 0 255 255 255 0 255 242 0
    255 255 0 0 255 0 255 255 0 169 255 0 255 161 0 0 0 255 0 13 0 255
    119 0 147 255 97 0 0 255 255 255 255 0 218 0 223 255 255 255 17 249
    203 0 0 255 0 255 255 255 0 0 0 255 255 0 0 195 255 0 0 255 255 0
    255 255 0 0 255 255 255 0 255 255 0 255 130 124 143 255 255 0 35 0
    255 176 0 0 124 255 255 255 0 0 255 255 0 0 255 255 0 0 255 255 0 0
    0 255 255 0 0 255 0 202 0 255 51 11 0 0 253 255 255 255 255 0 0 255
    255 0 0 47 102 255 0 243 255 255 255 0 243 10 255 255 255 255 0 255
    175 0 0 225 255 28 255 134 0 175 255 255 255 0 0 0 255 0 255 255 0 0
    0 255 155 0 255 0 255 0 255 0 0 16 255 0 236 77 100 0 0 255 0 138
    255 255 0 0 0 255 2 255 0 208 34 255 0 0 51 0 8 0 255 0 255 101 255
    0 0 11 255 255 0 46 255 0 0 0 18 0 215 0 0 255 66 255 246 0 0 255
    255 255 255 0 255 0 0 0 0 99 0 255 251 255 255 255 255 0 0 186 255
    255 0 0 236 0 255 0 255 233 255 255 255 255 0 0 0 255 255 0 0 0 0
    255 255 0 255 0 209 255 255 0 0 151 93 83 255 255 234 0 0 0 179 255
    0 138 50 0 0 0 0 227 0 104 255 255 243 0 255 0 102 255 0 255 0 247
    255 123 255 222 0 0 0 255 255 162 255 102 0 0 255 0 255 217 255 0
    158 255 255 255 24 0 0 0 255 113 71 0 0 0 255 255 255 255 255 255 0
    0 144 207 0 255 255 255 255 0 0 0 255 255 255 0 0 0 247 255 177 0
    255 169 142 255 0 0 69 255 255 255 255 255 0 0 226 255 255 255 0 192
    184 255 255 0 0 0 0 0 210 255 255 0 0 110 255 255 255 0 0 0 255 255
    255 63 255 0 0 0 255 255 255 255 133 174 255 0 0 0 0 0 255 222 0 57
    255 255 255 0 176 255 255 255 255 0 0 0 255 255 0 0 0 255 0 255 0
    255 0 135 50 255 0 0 255 0 38 0 67 255 255 0 0 255 0 0 0 255 242 255
    52 8 0 255 255 255 118 0 0 161 255 255 255 0 255 0 255 255 255 142 0
    255 195 0 62 0 255 255 0 0 130 255 0 255 0 0 255 255 255 34 59 0 0
    155 0 255 0 255 54 255 255 53 255 0 0 0 255 70 67 182 255 255 0 38 0
    255 255 255 0 0 255 0 255 255 80 12 143 202 0 0 0 255 186 0 246 255
    185 0 0 0 0 255 255 255 0 0 0 255 255 0 255 3 50 167 0 217 255 0 255
    255 255 0 82 0 0 131 255 0 255 0 255 56 255 0 0 255 0 255 0 0 0 0
    255 255 255 255 10 255 0 192 201 255 0 0 0 255 255 255 0 255 255 0
    255 255 255 0 255 255 198 0 0 0 0 255 129 0 2 232 196 255 0 0 0 0
    255 151 255 255 255 0 255 0 255 150 180 0 0 255 255 255 0 255 0 255
    0 183 0 255 255 255 0 0 0 255 255 20 0 255 255 255 255 238 255 255
    91 255 57 7 0 255 255 208 0 244 255 0 31 0 255 255 255 255 255 255
    102 0 255 0 255 0 191 255 0 0 255 0 0 0 255 55 255 113 255 255 0 0 0
    0 43 255 19 255 0 237 255 255 3 0 255 0 255 97 255 172 0 0 255 255
    255 50 0 132 255 82 0 255 255 255 0 255 85 255 255 255 255 0 255 255
    0 0 0 255 255 255 0 255 0 0 0 255 255 144 108 0 4 0 255 0 255 255
    255 0 0 0 255 0 255 157 240 19 255 0 0 0 76 161 0 0 59 22 131 116 0
    0 255 255 0 0 0 255 194 111 0 255 0 255 0 255 0 0 0 255 255 0 255
    187 76 0 0 0 255 0 0 210 255 235 0 0 0 255 0 161 0 255 0 196 167 0
    112 0 255 0 255 255 0 0 0 255 0 255 255 0 255 255 255 255 0 255 0 0
    84 0 12 0 202 255 255 0 0 0 0 255 0 255 0 51 0 255 255 0 255 0 0 255
    255 255 255 0 0 255 255 255 255 0 255 113 255 0 255 249 0 0 0 255
    255 255 150 0 0 255 255 0 0 180 255 255 255 227 255 255 0 0 0 255
    255 164 0 255 87 255 119 0 253 255 0 0 255 250 65 0 255 255 255 7 0
    155 255 255 255 245 255 181 0 146 0 255 0 0 0 119 227 0 0 0 0 0 255
    255 255 255 255 255 255 0 0 0 0 0 64 255 255 255 255 62 0 163 0 255
    147 255 255 0 0 255 0 0 51 255 255 0 0 148 44 0 0 0 0 43 169 255 0
    255 255 196 0 232 255 0 238 157 0 255 255 255 0 0 0 255 255 243 0
    255 29 255 255 255 0 255 255 255 0 0 0 0 255 0 95 0 255 255 0 0 28
    147 255 0 67 138 255 0 255 0 0 0 181 255 255 255 21 0 0 0 47 124 0
    255 182 255 0 255 242 255 0 255 0 255 0 0 255 255 148 160 0 255 110
    210 255 255 1 6 0 0 255 255 0 0 255 11 255 255 0 255 255 55 255 255
    255 255 255 0 0 0 193 255 255 255 37 0 255 255 255 0 0 0 255 255 0 0
    0 60 255 0 209 0 0 21 255 255 255 255 0 0 255 0 0 0 255 168 255 255
    0 0 164 194 0 0 255 0 255 255 255 0 255 0 0 255 255 255 0 255 0 255
    0 255 242 0 253 0 0 0 255 0 255 0 86 255 255 255 0 255 255 190 0 0 0
    146 255 0 224 0 255 0 255 255 255 255 255 0 138 0 0 134 0 6 27 0 255
    0 255 255 255 255 255 255 255 0 10 127 0 0 255 0 255 0 255 0 255 255
    171 241 131 25 0 255 255 0 255 255 255 0 255 255 255 0 0 255 255 255
    0 255 0 0 0 0 255 0 255 0 250 0 0 0 150 0 0 255 255 255 0 255 0 0 0
    0 0 0 136 0 255 255 255 0 0 255 0 19 255 255 0 0 42 0 255 255 255 0
    0 0 0 0 18 0 0 132 69 0 119 104 255 0 0 0 255 255 0 0 0 255 255 0
    255 0 255 0 0 0 255 255 255 122 0 255 0 0 255 255 255 255 0 255 0
    255 255 171 0 0 0 0 0 42 0 0 121 0 255 255 255 0 248 0 255 255 0 255
    255 255 0 0 255 255 0 0 0 0 0 0 255 253 251 0 255 255 0 255 255 255
    0 0 0 0 255 255 255 191 255 0 0 255 255 0 100 246 255 50 255 255 255
    255 0 0 0 255 160 255 255 103 56 206 13 0 255 76 0 244 255 255 233
    205 0 0 255 0 0 255 255 255 255 0 0 232 255 255 0 42 255 255 0 0 0
    255 255 0 255 255 55 255 255 228 10 0 255 255 0 255 255 255 0 20 0
    255 255 255 255 255 0 80 255 0 255 0 0 255 255 255 0 106 0 0 29 0 0
    0 0 255 0 243 255 255 251 255 0 0 255 255 255 0 0 0 0 255 25 255 40
    0 195 143 255 0 0 255 255 255 4 208 0 255 0 0 255 255 0 143 0 255
    255 255 53 255 105 20 0 0 255 255 255 0 0 2 255 0 0 0 0 65 0 159 190
    0 255 255 99 0 0 0 255 255 255 255 0 0 38 255 255 255 205 0 255 193
    255 0 255 0 83 255 255 140 0 131 255 245 0 27 255 0 255 0 255 197
    255 255 255 0 255 0 255 54 0 255 0 255 0 255 0 255 255 0 0 95 255
    255 255 255 255 149 255 71 0 255 255 255 245 0 0 152 255 255 255 0 0
    0 0 255 16 255 0 42 0 255 255 0 68 255 255 255 255 166 255 0 0 0 255
    0 255 0 126 0 0 0 255 7 125 0 255 183 255 0 0 236 0 255 0 0 255 255
    0 0 255 255 0 0 0 255 0 237 0 162 2 255 202 255 255 239 255 0 170 95
    255 0 0 124 255 218 255 255 0 255 0 96 0 88 255 255 255 0 0 173 194
    127 0 0 255 255 255 255 0 0 0 255 0 255 255 0 0 252 255 219 0 255
    255 0 169 255 255 255 255 0 0 0 0 255 0 255 0 0 20 255 0 255 255 255
    47 255 255 255 0 255 255 246 104 0 255 0 46 0 0 255 0 231 0 255 194
    0 255 255 0 0 255 255 255 255 255 0 0 0 0 255 255 0 0 255 255 255 0
    255 0 255 44 12 255 242 0 0 255 255 0 0 255 255 255 0 0 255 0 0 0
    255 184 255 0 255 255 0 180 255 0 107 0 255 255 0 0 229 255 255 255
    0 0 0 255 27 255 0 40 0 255 0 0 216 255 255 0 23 0 0 0 255 0 178 0 0
    255 255 0 0 255 214 255 13 0 255 255 249 0 255 255 255 0 255 255 127
    0 255 255 255 255 0 0 0 255 255 0 0 0 255 255 176 0 0 52 0 255 0 255
    0 0 0 255 255 0 0 238 0 255 106 0 255 255 0 0 255 255 255 0 202 0 0
    0 0 255 255 255 0 0 255 195 255 255 255 0 255 0 167 64 255 0 0 168
    255 255 255 255 255 0 0 255 255 0 0 0 148 0 8 255 255 255 0 255 0
    255 89 0 255 255 255 0 0 255 140 255 0 253 158 63 255 47 0 0 0 0 255
    99 0 0 255 51 255 0 255 255 255 255 108 255 64 50 255 255 0 0 255 0
    255 255 255 103 0 0 255 255 255 140 255 255 255 128 255 0 73 0 255 0
    44 255 255 0 0 180 0 255 255 208 0 0 254 0 255 0 255 0 255 165 0 0
    23 163 0 0 255 255 255 255 0 0 255 255 0 0 255 138 255 0 255 0 255 0
    0 255 0 255 198 222 255 224 0 255 0 255 0 255 0 0 255 255 255 113
    218 231 255 127 255 0 243 0 0 96 91 255 0 255 255 255 0 0 76 255 185
    0 0 83 255 255 42 0 0 255 255 0 0 255 255 0 0 0 255 255 255 255 0 0
    19 126 39 255 226 0 0 255 0 0 0 255 158 255 0 255 44 0 255 255 255
    255 0 0 0 0 0 0 255 0 255 123 255 0 255 0 130 255 255 0 0 255 0 255
    74 0 255 255 206 0 24 255 0 0 255 255 0 177 169 255 255 0 0 27 209
    70 0 0 255 0 55 255 168 0 119 203 255 255 0 0 0 0 0 209 0 0 255 0 0
    255 255 174 255 255 0 255 0 255 0 255 0 255 0 255 0 0 219 0 0 255
    255 0 0 137 49 255 255 0 0 0 255 255 255 255 255 210 0 92 0 0 0 0
    255 16 194 255 111 0 0 79 255 255 0 0 0 255 255 255 0 255 255 255 0
    0 255 255 255 0 255 255 255 0 0 0 0 204 175 255 0 255 0 255 144 241
    0 0 0 0 255 69 255 101 0 255 218 99 255 127 77 0 234 0 255 255 255
    255 0 0 42 255 255 0 255 52 255 177 255 0 139 0 255 0 255 0 0 125 0
    216 0 0 255 209 255 86 255 255 84 255 0 0 255 181 0 0 22 255 255 0
    255 0 255 34 0 0 33 255 255 209 0 255 0 255 0 255 0 255 0 255 0 255
    0 0 255 0 0 139 0 255 255 0 0 255 255 0 0 255 36 255 255 132 255 255
    255 0 132 59 255 72 0 0 255 255 255 0 0 0 0 255 255 0 23 255 255 0 0
    169 0 0 0 255 255 23 121 255 0 252 0 255 0 255 0 255 0 255 0 255 0
    255 0 0 0 255 0 223 0 255 255 255 0 0 255 255 255 0 0 0 0 0 110 214
    255 255 0 170 255 0 0 0 207 255 0 0 164 255 255 32 0 255 0 0 255 255
    255 0 255 255 112 0 255 255 0 255 0 255 0 0 121 0 255 0 255 0 255
    255 117 0 255 255 255 213 0 0 0 50 0 0 0 0 255 0 0 0 63 255 255 228
    0 255 0 1 0 153 255 255 0 0 255 80 0 255 0 0 0 255 255 55 51 0 235 0
    255 0 255 113 255 0 0 0 255 0 255 57 0 0 0 255 130 101 0 0 0 93 0 0
    255 0 0 0 255 0 255 0 255 0 255 255 255 0 255 72 255 0 0 0 0 255 255
    0 0 63 255 255 0 176 255 255 255 0 0 255 255 45 90 0 110 0 0 0 255
    255 255 0 0 17 255 0 255 255 255 255 255 0 0 0 0 255 251 255 255 0
    24 19 255 255 255 48 12 255 255 255 255 0 0 0 0 0 255 255 255 119 51
    255 228 255 0 255 0 0 0 0 255 0 0 0 179 0 255 255 0 255 255 50 255 0
    207 0 255 255 0 0 0 0 255 255 255 0 0 0 0 255 14 0 35 0 0 255 255 49
    0 0 3 255 255 0 0 0 20 103 255 0 0 255 255 4 0 0 199 255 255 0 123 0
    0 131 0 255 151 0 0 0 0 0 29 255 0 0 131 255 255 0 0 0 255 0 255 202
    255 255 0 255 0 0 255 255 255 0 160 0 255 255 255 0 0 255 255 0 0
    255 255 0 0 0 255 9 0 255 255 255 0 0 0 0 255 0 222 0 108 0 0 246
    174 255 255 255 255 0 0 255 128 0 0 255 0 0 0 0 233 0 138 0 0 255
    255 255 0 0 183 255 255 0 63 0 255 0 129 255 255 183 0 255 255 255
    255 255 17 133 0 255 0 255 255 255 255 255 0 44 0 255 0 0 0 255 255
    255 255 0 182 0 0 231 255 255 255 37 49 0 255 177 0 0 255 0 255 0
    255 0 6 0 255 255 255 0 176 255 255 0 152 255 255 0 0 187 128 44 255
    255 176 15 255 255 0 255 252 0 0 161 129 255 255 0 255 255 41 0 0 0
    255 255 255 110 255 0 0 0 255 255 255 255 0 255 0 255 0 0 0 255 255
    94 0 0 85 0 255 255 255 0 0 0 255 191 255 190 255 255 0 255 255 255
    255 0 0 0 184 0 255 0 0 0 255 255 255 0 104 0 0 201 255 159 253 0 0
    0 255 255 255 255 0 0 0 0 255 255 0 255 114 255 0 167 0 255 0 255 0
    0 0 255 255 255 0 255 255 139 126 31 255 255 237 255 0 255 0 255 255
    255 0 0 0 255 170 255 0 255 255 0 73 255 183 153 235 255 0 0 0 255 0
    255 36 255 0 0 0 255 255 255 32 255 114 255 0 255 207 0 182 0 255 0
    255 0 0 255 9 0 255 255 0 0 0 255 112 255 0 255 0 255 0 0 255 255
    127 0 0 0 255 255 255 0 0 0 255 0 255 0 0 0 255 255 241 255 0 0 0
    255 255 0 255 0 255 0 255 0 113 0 255 255 255 0 0 0 255 0 248 0 255
    0 139 0 255 0 255 0 126 255 255 255 62 0 0 110 255 199 0 255 0 0 96
    255 255 0 0 254 34 255 86 255 0 255 189 255 255 55 255 255 255 0 0
    148 255 0 0 208 255 255 0 23 255 255 140 0 80 0 0 0 255 255 255 255
    255 6 0 249 217 255 179 0 0 0 178 0 0 0 255 192 255 255 0 0 0 255 90
    0 255 255 0 129 0 255 255 0 255 255 255 108 0 255 255 0 234 255 0 0
    0 0 120 255 255 162 0 144 255 0 225 255 206 37 255 255 255 0 255 185
    255 0 0 255 0 89 0 0 0 255 255 0 255 255 255 214 0 255 0 255 255 255
    0 26 114 0 255 17 255 81 0 255 0 0 255 0 255 0 255 255 0 0 0 255 43
    202 255 0 255 255 255 0 134 0 255 255 255 255 0 0 0 0 0 255 255 255
    0 0 0 255 255 255 255 0 255 255 0 255 0 255 101 255 133 10 86 0 255
    255 255 255 163 45 255 255 0 255 0 255 0 0 10 142 0 0 174 255 0 0 0
    255 255 187 72 0 240 255 255 255 91 0 255 0 255 0 0 0 255 255 255 73
    255 255 255 0 0 0 0 0 0 255 0 0 255 255 0 255 0 255 0 255 255 0 255
    0 0 255 0 255 178 177 0 0 255 0 37 0 255 255 255 255 0 255 255 255 0
    0 255 0 255 255 0 0 111 0 0 0 111 255 255 255 74 0 0 255 126 255 183
    0 0 189 255 255 255 0 255 0 0 255 244 174 0 0 255 0 255 0 0 255 255
    255 0 255 255 0 0 0 255 255 11 0 0 255 255 0 255 255 255 195 255 0 0
    0 0 255 48 40 0 192 191 255 0 255 0 0 0 255 255 142 0 0 0 255 0 57 0
    0 0 255 28 67 18 255 0 255 0 255 255 194 0 0 0 255 0 25 0 255 255
    255 0 255 0 255 0 255 193 7 255 0 44 255 255 255 0 218 255 255 0 0 0
    186 224 0 0 0 255 210 255 255 40 0 203 0 255 0 255 0 255 255 0 0 255
    255 16 0 142 0 255 0 255 192 107 0 0 215 255 0 218 0 102 255 0 104
    255 0 255 0 0 0 0 255 255 166 0 0 0 255 255 255 0 132 0 0 0 0 255
    255 255 255 225 0 0 109 255 255 0 255 0 0 212 255 0 0 255 0 154 0
    255 0 255 255 0 86 255 255 255 255 0 0 255 159 255 255 0 0 255 0 71
    255 147 154 0 0 196 233 255 250 255 0 255 0 255 0 255 65 255 0 116 0
    255 0 255 0 0 0 217 255 255 222 0 255 0 112 0 255 72 0 0 255 78 0 0
    255 255 0 0 0 255 255 0 27 0 37 31 0 0 0 169 255 255 255 0 0 255 255
    0 255 0 255 0 255 255 255 0 0 0 0 240 255 255 0 255 108 255 0 1 0 0
    0 255 255 255 255 255 0 0 0 255 255 0 156 0 255 254 0 0 0 0 255 255
    93 223 0 255 0 42 0 215 160 69 0 7 0 0 0 255 255 119 0 97 255 26 0
    255 255 0 0 0 0 255 0 255 255 255 197 0 255 66 74 0 255 0 255 255
    255 0 0 255 255 0 255 0 0 255 255 255 133 40 0 255 0 255 0 0 255 56
    45 0 0 255 144 0 255 255 0 0 0 24 255 255 255 255 255 0 75 0 89 255
    255 0 0 255 255 255 255 0 0 0 0 255 58 0 0 0 255 255 255 52 0 0 255
    255 64 0 0 154 255 229 0 139 255 0 255 255 255 0 134 0 177 255 0 255
    255 181 235 71 0 255 0 255 255 137 0 125 115 255 0 0 34 62 0 108 0
    255 0 0 255 255 255 0 0 242 255 255 0 0 255 0 255 255 90 0 0 82 80 0
    255 0 255 0 66 0 255 149 151 255 255 0 0 231 255 255 255 0 255 0 255
    0 255 0 255 255 39 255 0 255 0 184 0 169 240 255 0 255 0 0 69 255
    255 255 255 139 0 236 214 0 53 255 0 174 255 255 0 0 255 255 255 0 0
    0 90 0 83 255 255 255 134 0 0 255 235 255 0 255 169 255 20 255 25 0
    31 255 1 0 255 255 255 0 0 0 0 0 255 0 255 255 0 243 0 255 255 255 0
    0 0 0 0 0 0 39 255 255 22 113 0 0 0 255 255 255 91 0 0 76 0 7 0 0 0
    255 0 0 243 137 255 255 0 0 22 255 0 255 116 255 0 255 0 255 166 255
    141 255 0 0 97 255 255 230 0 255 255 15 12 255 0 255 0 161 0 0 255
    255 58 255 255 255 0 0 255 0 255 0 151 255 10 146 0 255 35 0 0 255
    27 0 255 255 255 0 0 0 0 0 0 255 255 255 255 0 129 120 255 0 255 0 0
    255 255 255 0 255 0 255 255 0 255 7 0 0 0 204 0 0 0 255 255 0 130 0
    255 255 255 255 0 0 0 0 255 0 255 255 107 52 255 6 255 141 19 0 0
    105 0 0 47 82 77 255 0 0 0 0 255 255 255 0 255 0 0 255 208 0 0 0 255
    255 0 0 0 0 255 255 0 3 0 77 0 0 255 133 255 221 160 255 0 231 255
    255 237 255 0 0 0 255 255 255 0 255 121 255 255 255 255 255 0 255 0
    255 255 255 0 255 0 255 0 0 0 146 255 255 211 144 0 255 4 0 255 0 10
    0 221 255 255 255 255 0 255 0 255 0 133 255 0 255 255 255 255 0 78 0
    224 255 255 46 255 0 0 0 0 0 255 255 255 0 0 0 255 0 164 224 255 0
    255 0 65 0 255 0 255 255 52 0 255 255 255 0 255 198 0 0 255 255 255
    0 115 0 255 255 255 162 255 255 0 255 0 255 255 0 0 43 0 0 255 62
    255 0 0 0 255 7 255 255 0 0 255 255 0 255 0 255 0 255 103 0 197 96
    255 255 255 0 0 0 44 0 255 0 0 255 255 0 0 255 0 255 255 0 246 63 0
    255 0 107 0 255 0 0 87 255 255 0 0 214 255 255 0 0 201 181 255 255
    255 255 255 255 0 255 255 255 0 165 0 0 0 0 114 255 255 255 0 4 255
    255 0 153 0 0 237 0 191 255 255 0 255 32 233 189 255 226 208 0 255
    255 0 0 255 105 255 0 0 0 135 255 255 255 0 255 0 255 255 255 0 0
    255 255 255 0 112 255 0 255 0 255 0 0 255 255 255 0 0 255 202 255 0
    0 0 255 27 0 0 255 0 0 255 0 255 0 255 0 255 0 255 0 255 0 255 14
    255 255 216 0 255 0 255 255 0 38 255 255 0 0 255 255 255 0 255 255 0
    0 0 167 0 249 255 0 0 255 255 84 0 0 0 255 255 255 255 0 0 0 255 0
    255 254 255 110 0 255 139 255 157 0 159 115 253 255 255 0 0 209 239
    255 0 0 255 0 209 0 0 0 255 255 255 50 255 0 0 255 255 255 0 255 0
    255 0 255 0 136 255 255 255 0 197 0 255 5 0 255 0 0 0 255 255 255 31
    255 0 180 255 255 0 255 255 0 0 76 59 255 255 0 0 0 0 255 129 0 255
    0 255 0 227 0 255 22 255 217 255 0 150 0 138 0 255 255 0 0 0 233 0 0
    229 0 0 255 34 0 14 255 225 109 0 0 0 255 255 255 22 0 0 59 0 0 0 0
    0 255 209 255 0 76 72 255 0 0 0 255 244 0 255 255 255 255 61 0 0 0
    255 6 0 0 255 0 0 0 255 0 0 0 255 0 0 255 0 255 255 255 0 0 43 255
    255 144 0 255 0 0 0 0 0 255 0 0 255 181 255 0 0 255 68 0 0 255 255 0
    0 255 0 255 255 255 255 0 255 255 0 255 0 255 103 0 0 203 0 255 114
    255 0 243 15 255 255 57 255 0 255 0 255 0 151 0 0 255 0 0 0 255 234
    255 255 255 255 0 118 32 0 53 0 0 255 255 0 0 0 0 83 72 255 0 255 0
    255 0 255 0 255 255 255 16 255 255 255 0 0 255 0 255 0 255 0 255 255
    0 0 0 255 0 0 80 255 255 0 0 0 0 255 0 255 255 211 0 255 255 255 0 0
    255 255 0 232 234 255 255 0 255 168 255 0 0 0 255 150 89 26 255 152
    255 0 255 255 135 255 0 255 84 255 0 104 0 255 0 255 255 255 0 199
    197 255 0 229 255 24 0 0 255 255 255 0 0 0 255 0 0 0 0 0 255 255 255
    0 167 255 255 170 0 0 212 255 0 255 255 255 255 60 0 47 166 175 0 15
    77 255 255 255 255 255 0 255 0 0 255 255 255 75 216 255 0 0 0 0 255
    0 255 0 0 0 255 255 0 0 0 255 255 20 0 255 255 255 0 0 0 0 136 0 152
    233 0 255 0 238 43 255 0 116 0 0 185 165 0 0 14 255 255 255 0 0 255
    92 0 16 0 191 0 0 0 171 229 0 0 0 255 0 161 255 0 255 3 255 0 0 255
    255 0 0 0 0 255 11 255 255 255 199 255 0 0 255 255 14 255 0 0 48 255
    0 255 255 0 255 255 255 117 0 0 0 0 79 0 128 0 0 0 255 0 0 255 255
    205 0 255 255 40 0 0 255 0 57 0 255 28 0 0 255 255 255 255 255 0 255
    16 0 81 95 0 255 0 255 0 255 0 255 255 0 0 255 255 255 255 0 126 0
    255 175 0 255 255 0 255 0 255 0 255 0 185 255 174 255 0 0 255 255 0
    255 255 255 0 255 0 0 0 199 255 143 117 255 255 84 0 0 25 0 255 0
    255 0 230 0 255 252 0 146 224 255 0 255 0 0 0 0 255 41 0 0 0 255 0
    255 255 172 255 51 82 0 0 0 72 255 255 0 0 0 255 0 27 0 255 0 176 44
    255 255 255 255 0 0 221 152 255 0 255 255 0 13 0 0 0 0 59 255 60 0
    255 255 255 228 0 0 0 255 0 0 208 255 255 255 132 0 106 0 255 0 0 0
    255 0 255 255 0 255 255 252 255 0 0 255 0 0 255 255 0 0 0 0 124 255
    82 255 0 0 0 255 255 0 36 0 255 255 0 182 116 255 175 0 255 0 255 0
    255 0 159 255 33 255 0 255 0 0 140 255 255 255 255 255 0 0 147 255 0
    140 3 0 255 0 255 255 60 255 255 0 0 169 0 35 0 0 255 127 0 0 0 236
    0 76 187 0 0 255 71 191 255 178 0 255 0 255 0 0 0 0 0 255 255 255 0
    0 0 103 255 255 0 255 0 255 0 0 0 0 0 0 0 0 0 0 255 255 0 255 101
    255 117 0 255 19 0 255 93 0 0 255 255 0 0 52 241 8 255 0 159 0 0 255
    255 214 0 255 255 255 16 103 255 185 255 0 0 152 20 177 0 255 255
    255 0 0 64 169 201 0 255 0 46 192 0 255 255 151 255 255 255 0 0 0
    255 255 255 0 0 0 255 0 255 242 0 0 0 230 255 255 0 255 0 230 0 255
    65 212 0 255 0 0 186 255 255 138 255 0 0 0 255 255 0 0 0 255 104 245
    255 0 255 255 234 255 255 0 255 255 255 0 0 235 255 221 255 0 255 0
    52 255 0 68 0 5 255 0 0 255 32 116 55 255 0 0 255 255 80 0 83 0 255
    255 0 0 0 255 255 255 0 0 255 0 255 0 0 0 255 255 152 0 0 0 255 0
    255 242 224 255 0 255 255 255 0 255 0 255 112 255 0 132 102 255 0
    255 196 255 255 0 255 167 255 0 255 0 0 0 0 255 202 255 0 186 244 0
    255 0 255 129 255 0 0 0 78 255 255 255 162 222 255 0 255 255 255 0 0
    0 88 255 0 0 0 255 255 184 0 255 167 255 0 0 255 255 0 0 0 255 0 107
    0 255 255 255 130 227 255 0 0 0 255 0 255 0 0 0 140 255 0 24 0 255
    255 255 126 0 255 255 0 0 0 255 255 255 0 118 255 63 255 255 255 0 0
    107 255 165 0 0 194 255 255 0 67 255 255 0 255 255 255 0 0 0 0 255 0
    255 0 255 0 193 255 255 6 255 0 0 159 255 0 255 255 255 0 255 0 255
    0 255 156 0 16 0 255 255 229 0 255 0 0 0 255 0 255 0 185 205 27 125
    0 231 223 0 255 0 255 255 134 255 0 255 0 255 78 255 0 255 0 114 0
    255 0 255 255 0 0 255 255 255 255 87 0 255 255 255 0 0 0 0 255 255
    255 230 0 0 255 255 255 255 0 193 45 255 0 18 187 128 0 0 0 255 139
    0 0 255 255 255 0 242 0 0 255 158 103 0 0 0 255 109 255 168 255 164
    255 0 0 0 0 0 0 105 249 229 255 255 255 0 0 0 255 255 255 142 192 17
    255 150 109 0 103 0 255 0 0 255 255 255 255 0 255 0 255 0 255 140
    255 255 0 35 0 255 125 255 255 255 163 0 255 0 83 3 255 250 151 255
    134 0 78 0 0 39 255 255 0 255 255 255 0 0 0 0 255 255 255 255 0 255
    0 0 0 0 255 112 0 255 178 255 0 15 0 255 0 255 166 255 169 255 148 0
    0 255 0 0 0 182 255 0 255 255 0 0 0 73 255 0 255 0 255 255 191 0 0
    255 255 255 55 0 224 255 0 190 226 255 0 0 0 221 144 255 255 255 0
    68 0 0 255 255 205 0 0 255 255 228 0 255 0 148 23 0 255 255 255 0 0
    0 255 0 49 255 255 255 255 0 0 255 0 255 0 255 255 0 0 0 255 0 251
    118 255 0 255 0 255 255 27 255 255 255 255 0 0 0 179 255 255 255 255
    26 157 255 0 255 0 171 0 78 0 0 255 255 235 255 0 0 0 154 14 0 255 0
    255 0 0 61 255 255 0 255 0 255 255 0 224 255 211 0 0 41 167 255 95 0
    0 255 7 0 0 0 24 255 149 0 0 196 0 255 255 255 0 0 255 79 255 0 0 0
    255 255 255 0 0 255 0 255 90 4 0 89 255 222 0 36 255 0 255 187 149
    255 0 255 0 255 255 255 96 255 0 255 0 0 0 255 0 255 229 172 255 255
    0 255 0 0 0 255 0 0 255 255 255 0 0 0 255 255 255 255 255 0 0 0 255
    0 80 0 0 86 255 255 165 138 255 0 0 0 255 0 139 255 255 0 69 170 0
    255 255 0 255 0 255 255 0 0 0 0 0 255 255 255 0 8 0 0 87 124 92 255
    0 0 255 130 0 0 0 0 89 255 0 0 118 25 255 0 255 43 95 255 255 255
    255 0 79 0 255 0 116 44 255 0 206 0 255 0 200 0 49 0 255 39 255 202
    0 0 0 0 255 0 255 0 255 255 2 116 116 255 255 25 0 0 223 0 255 0 146
    255 255 0 255 255 255 255 185 255 0 0 162 255 0 255 0 255 35 0 0 0
    255 0 255 255 0 0 0 255 255 255 0 255 0 192 255 82 0 216 0 0 0 255
    255 255 0 0 255 255 255 18 150 0 0 255 255 0 0 0 255 246 0 162 255 0
    255 111 91 0 0 255 136 255 0 255 147 0 0 255 255 255 0 0 0 0 222 68
    255 0 255 0 229 0 255 255 255 0 0 255 255 255 0 0 143 0 0 255 255 0
    0 123 255 255 255 255 0 0 241 0 255 0 0 0 0 0 255 209 255 125 255
    255 103 255 0 0 0 93 255 232 0 0 0 255 255 255 255 0 0 0 12 179 255
    255 255 0 0 0 0 255 0 255 0 255 255 255 190 0 89 162 126 0 0 132 0
    180 0 255 255 255 0 0 0 119 255 0 255 255 0 0 0 201 0 97 255 255 255
    255 0 0 255 0 0 0 255 0 255 255 0 0 0 0 114 0 89 255 255 255 178 136
    239 255 255 255 0 0 255 119 255 255 255 0 0 0 255 0 255 0 255 0 0 0
    0 247 255 0 255 0 255 255 255 255 255 0 0 0 233 255 255 166 0 255 45
    255 255 255 255 255 0 255 0 255 0 255 0 0 255 0 255 255 255 0 255 0
    255 255 0 0 255 240 0 0 255 255 255 255 18 255 7 255 255 255 0 0 0
    180 0 255 0 255 0 255 0 255 142 255 0 255 0 255 0 255 0 176 255 102
    0 97 0 0 245 44 255 255 165 0 58 255 83 255 255 192 0 0 255 0 255 0
    50 255 0 0 0 255 255 255 0 170 255 0 46 0 0 255 196 44 119 255 0 0 0
    0 255 255 255 255 0 0 198 124 255 255 0 182 97 255 255 0 0 0 255 255
    93 216 0 0 0 255 255 255 255 0 0 80 255 0 255 0 11 255 0 255 0 255 0
    255 0 255 0 175 0 255 0 255 0 255 0 255 0 141 0 255 0 0 0 250 174 0
    0 255 0 0 0 255 255 254 255 255 0 0 0 255 255 16 0 255 246 145 255 0
    255 0 255 167 113 128 255 167 255 132 175 255 186 255 0 0 255 0 0 0
    255 255 0 255 48 0 255 0 0 255 255 88 255 255 0 0 5 255 0 0 0 255 0
    255 161 255 0 255 0 0 255 0 0 65 0 22 0 0 255 26 14 0 0 255 255 105
    0 0 255 255 255 0 255 0 0 0 255 0 255 0 255 255 255 0 0 0 44 144 255
    255 0 255 28 0 0 255 234 255 255 0 255 255 71 255 168 0 0 0 0 255
    255 0 255 0 192 0 255 255 0 0 0 50 94 244 0 0 0 0 0 255 255 0 183 0
    0 0 255 0 255 0 212 0 255 255 31 255 0 0 0 255 255 0 255 0 255 255
    168 0 255 105 0 0 181 149 255 255 255 0 242 255 255 255 0 0 0 255
    255 0 186 0 255 255 255 179 0 255 0 255 0 255 62 111 0 0 212 255 255
    255 0 0 0 255 255 255 255 0 255 0 123 116 0 255 0 0 0 0 255 0 253 0
    255 225 255 242 19 0 78 255 150 255 97 0 255 0 0 153 255 163 0 202
    255 250 255 255 0 0 255 255 255 255 240 157 255 255 255 0 0 255 255
    0 255 0 0 0 0 255 255 87 0 255 47 0 0 255 219 101 255 255 255 144 0
    0 0 255 255 84 164 0 38 0 255 255 0 255 0 0 255 239 90 0 126 155 255
    255 255 0 0 0 255 0 255 0 255 234 255 0 0 0 255 255 255 0 0 0 255 0
    240 118 255 255 0 69 0 255 0 165 255 255 67 0 0 92 255 255 134 159
    255 0 255 255 95 0 255 175 255 0 27 0 0 255 0 255 20 152 0 0 255 0
    255 255 0 0 0 88 115 0 0 255 255 255 154 0 0 0 113 255 173 255 0 6 0
    15 0 255 255 255 0 255 0 255 0 255 0 255 0 255 255 255 0 111 0 255 0
    255 255 35 0 255 224 11 0 111 255 255 255 255 255 255 0 255 52 0 255
    255 255 0 0 255 255 255 255 0 255 0 255 216 255 28 255 0 255 0 0 146
    194 220 0 255 142 232 0 0 255 255 201 255 255 189 153 0 255 0 0 0
    110 167 0 255 255 255 0 0 0 0 119 255 119 137 0 255 255 0 179 255 0
    255 255 255 0 0 255 255 255 255 255 0 0 255 255 255 255 0 255 0 0 0
    170 255 255 255 90 0 0 0 145 255 0 0 0 0 0 88 255 255 0 0 0 0 202
    255 255 90 0 199 0 255 35 255 250 255 70 0 230 255 190 255 0 0 0 0 0
    195 255 0 133 0 255 0 255 0 255 255 0 0 0 255 255 241 0 255 255 141
    255 0 255 255 255 25 0 0 0 255 255 0 255 255 0 255 255 255 0 255 0 0
    0 255 255 255 0 41 255 255 255 0 0 255 0 255 0 255 0 0 135 255 255 0
    255 255 255 0 255 255 0 0 0 0 0 255 241 255 0 0 255 255 255 255 0 0
    85 255 255 138 0 0 0 255 0 255 255 255 0 0 0 255 255 0 32 0 0 255
    255 255 255 255 0 0 255 255 255 255 86 0 40 253 255 122 223 255 145
    255 200 0 0 236 255 255 255 255 0 0 0 255 0 255 255 140 0 0 255 255
    0 0 71 0 0 0 154 0 255 0 255 255 255 0 241 230 122 127 255 129 0 0
    255 255 0 196 0 0 0 0 0 255 1 255 0 255 14 0 0 255 255 0 102 255 185
    0 255 0 255 0 0 0 255 0 61 0 0 23 255 255 255 255 0 0 0 232 255 0
    255 56 255 255 255 0 0 255 0 255 0 255 255 0 0 255 255 43 177 0 0
    128 255 0 255 28 255 255 0 0 255 0 255 0 255 0 255 79 255 0 0 241
    255 196 255 12 116 255 18 255 255 255 0 235 255 255 255 52 255 0 255
    0 255 0 74 0 255 32 0 255 194 45 244 0 205 255 0 0 172 0 255 0 255 0
    255 255 0 0 82 255 0 0 0 255 0 255 0 187 0 0 255 255 255 255 0 94 0
    12 255 255 255 0 255 0 255 255 255 0 0 0 194 149 0 0 255 0 0 255 0
    255 255 255 0 255 255 35 0 205 255 255 0 255 255 255 0 0 0 149 91 0
    0 255 255 255 0 0 0 0 83 0 255 176 255 103 195 0 0 255 0 255 0 255 0
    44 128 0 165 255 255 0 0 255 255 255 255 255 255 0 255 255 255 0 0
    103 0 0 255 255 255 254 0 0 255 255 255 90 235 255 0 0 255 170 255 0
    0 0 255 255 255 0 255 0 0 129 0 255 0 185 0 0 0 255 255 255 255 0 0
    83 244 0 255 255 0 0 0 255 255 71 255 255 255 255 255 255 255 0 0 0
    93 0 0 255 0 0 0 255 0 0 0 255 255 0 255 0 61 0 138 0 255 0 0 255
    255 0 153 0 0 255 0 236 0 255 255 255 0 255 255 255 0 255 157 255 0
    255 78 72 52 0 0 255 65 255 255 255 255 0 255 0 133 255 255 255 66 0
    0 0 0 0 0 255 255 255 239 0 0 0 0 255 255 255 255 0 0 24 0 255 255
    255 0 0 255 0 255 255 11 255 0 255 0 255 0 255 0 255 27 103 134 0
    135 0 255 255 255 140 255 0 0 0 46 255 255 255 10 255 249 0 255 0
    255 0 154 0 255 0 0 54 255 0 180 0 255 255 255 0 0 76 0 0 255 255 4
    202 0 255 0 255 0 0 0 0 0 255 255 255 0 255 202 255 0 0 167 255 0 0
    255 90 134 255 255 255 0 255 255 255 255 0 0 157 206 14 0 35 59 255
    255 0 255 255 0 0 25 0 255 255 0 255 255 255 137 0 255 5 255 0 0 0
    255 255 255 0 0 255 245 0 0 8 0 255 20 255 255 121 255 0 239 51 88 0
    0 255 142 255 0 0 0 255 123 0 0 255 6 255 255 255 0 0 255 0 255 0
    255 0 255 118 255 255 31 215 0 255 0 0 166 234 255 77 156 0 160 255
    0 255 0 255 0 255 0 0 0 255 255 0 0 0 255 0 0 255 255 255 162 0 0
    255 255 255 66 255 0 255 0 255 0 221 0 160 255 0 0 255 255 255 153 0
    0 0 255 0 255 0 206 0 255 255 0 150 0 255 0 0 12 0 234 0 255 255 255
    115 139 148 255 255 141 255 255 0 244 0 0 0 0 255 255 255 0 96 20 0
    255 255 179 255 0 0 206 0 255 169 218 255 255 255 16 39 0 255 255 0
    0 0 255 0 255 64 82 0 0 255 255 0 150 0 0 0 255 0 255 0 255 240 255
    169 255 255 255 255 146 163 0 0 0 255 120 255 248 255 0 67 90 0 255
    0 255 0 0 12 255 255 0 255 255 80 0 0 255 255 255 0 0 255 255 11 0
    255 255 210 255 255 255 0 232 255 255 0 255 0 255 0 0 0 255 0 0 0
    255 44 255 255 255 0 0 45 132 0 255 255 0 0 0 255 255 255 255 255 0
    255 0 255 0 255 0 0 65 255 255 0 0 0 135 206 0 0 255 255 255 0 186 0
    255 255 255 255 96 0 0 0 255 0 255 218 255 126 0 201 138 253 58 125
    0 255 0 255 255 181 255 1 255 0 255 0 255 97 120 255 255 0 0 0 0 140
    59 255 0 0 40 197 24 255 255 255 0 255 255 255 0 0 255 0 0 0 171 255
    0 219 29 255 0 255 0 255 0 0 167 255 0 34 0 0 252 0 255 255 219 0 0
    0 0 255 255 255 255 0 126 235 255 255 10 0 255 255 246 255 204 0 230
    255 255 0 255 0 0 0 255 0 255 0 28 255 0 49 47 0 255 255 255 0 122
    124 255 0 0 0 255 62 0 0 255 185 255 0 172 0 255 255 174 255 255 255
    107 1 0 255 32 0 255 255 255 255 255 0 14 0 136 255 255 255 0 255 0
    0 0 255 0 255 0 255 41 255 0 255 255 255 64 59 0 255 0 255 255 255 0
    255 0 255 199 0 172 0 0 255 0 255 93 255 0 255 23 255 0 255 81 0 0
    255 255 224 255 255 0 0 255 255 103 255 0 0 0 255 255 0 255 0 255 78
    255 0 0 0 255 0 255 0 255 255 152 0 0 255 255 255 0 0 235 255 255
    255 255 0 0 0 0 255 0 174 60 255 255 255 246 0 255 124 0 0 0 0 158 0
    255 0 255 0 255 0 255 255 255 255 0 0 0 255 255 0 0 255 255 0 0 0 0
    0 255 0 255 0 255 0 255 0 9 0 255 255 255 206 77 63 255 22 255 255 0
    255 255 11 0 0 0 253 0 255 255 255 255 0 173 255 255 255 75 0 53 145
    255 255 255 102 0 0 0 0 255 0 0 255 0 255 0 255 0 32 0 255 255 255
    192 255 255 255 0 0 0 182 255 255 60 0 255 255 255 255 96 74 125 255
    0 0 32 0 0 255 255 255 0 255 0 131 95 255 255 0 255 16 0 143 255 0
    255 0 231 0 227 1 255 255 206 0 0 0 255 255 0 255 0 17 255 227 255 0
    255 255 255 11 255 0 255 255 0 0 0 255 99 41 0 255 255 255 255 0 0
    255 255 0 255 1 0 255 247 148 0 0 0 255 255 255 0 0 255 255 255 255
    46 203 255 0 255 0 255 0 0 255 255 182 255 255 0 0 0 0 255 9 0 235
    255 0 255 255 0 29 0 255 0 255 0 255 0 0 0 0 0 0 0 0 255 255 0 0 0
    255 255 78 255 0 255 255 0 0 255 255 0 255 255 255 255 255 255 255
    255 255 0 255 0 255 255 255 0 255 255 255 0 0 84 255 255 16 0 255 0
    0 0 255 255 0 26 11 0 77 255 0 0 255 255 255 255 255 0 0 0 0 255 255
    255 255 0 0 0 128 255 0 73 0 255 0 255 48 117 0 0 0 0 255 247 255 0
    255 255 0 255 0 0 0 255 255 0 0 0 125 255 80 219 255 0 255 0 255 0 0
    0 255 0 0 255 0 0 255 255 255 0 0 255 0 255 255 0 255 0 255 255 85
    255 0 0 0 0 255 255 0 0 0 0 255 255 255 0 255 0 166 255 0 255 0 255
    0 255 0 58 0 0 73 255 255 255 255 0 205 255 0 0 255 255 255 51 255 0
    255 108 255 232 255 0 0 207 119 0 0 255 255 135 255 255 255 0 116 0
    0 142 45 228 255 129 255 51 0 255 246 58 56 0 0 129 255 0 21 110 255
    0 255 40 255 255 0 124 0 92 0 255 67 0 0 0 255 0 255 163 255 0 44 0
    255 0 0 0 255 255 0 0 0 255 31 39 255 255 0 255 218 0 255 110 0 255
    251 194 0 0 255 255 0 0 255 255 0 0 255 0 255 0 255 255 0 0 0 150
    248 0 255 255 230 255 192 0 255 0 255 0 255 132 0 0 255 0 0 0 0 255
    255 0 0 0 255 196 0 0 0 94 255 255 255 255 255 0 0 255 0 255 255 0
    95 255 255 255 32 0 0 0 181 0 255 0 175 255 0 255 20 0 255 108 0 0 0
    0 209 0 255 0 255 227 255 131 0 83 255 0 255 255 255 0 255 0 255 255
    0 0 255 8 211 0 255 255 0 0 156 255 0 255 0 255 0 255 104 0 96 0 0
    255 0 0 0 255 255 250 0 0 69 0 0 50 243 255 255 23 0 255 255 98 0
    255 255 255 0 255 43 255 0 255 0 255 0 255 0 0 255 255 255 255 0 100
    224 255 0 0 29 0 255 0 0 255 0 255 0 0 149 0 129 255 255 22 144 0
    255 255 0 167 0 255 255 255 150 0 0 255 0 6 0 255 0 0 255 0 255 255
    255 146 255 0 137 0 213 255 0 0 127 255 0 255 0 255 0 255 0 0 0 255
    0 255 255 255 0 0 0 0 182 255 84 0 98 0 255 12 255 0 255 255 255 163
    255 0 255 47 255 0 255 0 255 0 0 0 255 113 150 0 120 255 111 9 255 0
    0 255 255 0 0 0 255 255 255 145 180 0 0 189 172 255 148 96 0 171 0 0
    0 0 0 255 0 255 255 173 255 0 242 255 73 0 0 0 0 170 255 0 0 0 0 255
    0 249 0 0 255 255 0 196 198 14 0 0 255 247 255 0 0 255 255 255 0 255
    0 0 0 0 225 0 255 162 255 0 255 94 149 0 0 255 255 0 118 255 255 5
    255 251 5 0 0 255 0 39 255 252 255 255 255 0 17 76 255 147 84 0 169
    0 255 0 214 0 0 255 255 255 0 0 0 255 0 255 255 255 0 0 190 255 255
    15 106 0 0 0 0 255 147 255 222 255 255 255 0 62 0 0 0 255 0 255 6 69
    0 255 0 255 0 0 158 255 95 0 255 255 0 0 0 255 146 229 0 0 255 255
    255 0 205 255 180 255 0 0 0 255 255 255 113 79 33 255 0 0 255 255 0
    89 83 146 0 255 0 7 0 255 0 255 255 255 44 255 255 231 97 255 255
    255 0 255 0 176 68 0 0 255 57 255 0 241 0 255 255 255 0 0 187 0 255
    255 0 0 0 0 0 0 255 19 0 0 255 0 0 0 0 255 255 255 255 0 74 0 255 73
    255 255 255 0 0 255 0 36 0 0 20 255 255 255 255 0 255 0 191 0 255 0
    255 0 255 255 255 0 0 255 0 255 255 0 0 255 255 0 0 0 255 0 255 255
    56 255 0 32 183 255 255 152 0 190 255 0 0 255 255 78 52 0 0 0 0 255
    255 0 255 0 0 195 0 0 0 117 255 255 0 0 0 255 0 0 0 58 255 255 255</data></my_img>
<your_img type_id="opencv-matrix">
  <rows>128</rows>
  <cols>256</cols>
  <dt>"3u"</dt>
  <data>
    255 0 0 255 0 255 255 255 254 49 255 0 0 0 226 255 0 137 250 255 255
    255 0 255 0 255 48 0 0 255 255 0 0 0 255 233 255 16 60 0 0 255 0 255
    255 255 255 0 0 255 255 0 0 167 0 0 0 162 0 0 0 255 255 255 0 53 255
    0 255 255 255 255 0 255 0 129 255 255 0 79 255 52 255 0 255 0 255
    255 255 255 0 255 0 215 255 0 255 0 0 0 0 158 255 0 0 0 255 0 255 0
    0 0 0 78 90 255 255 0 209 0 255 0 255 0 255 0 255 0 255 255 255 0 0
    0 255 255 0 0 0 255 255 25 0 255 128 0 255 210 0 0 159 255 0 0 255 0
    0 0 239 241 0 199 255 255 0 0 255 255 145 4 0 53 17 255 255 186 255
    255 255 0 0 0 152 255 255 199 74 15 255 157 0 0 255 0 255 255 255 0
    0 248 212 183 255 255 0 255 197 255 0 75 255 0 255 0 255 176 0 255
    87 255 0 0 255 0 255 0 229 0 255 0 104 255 255 0 219 0 0 0 255 255
    77 180 255 0 0 150 146 248 255 0 0 0 255 0 0 255 112 255 232 234 0 0
    0 246 0 255 98 51 255 0 255 0 164 255 255 163 0 0 230 0 255 175 255
    0 255 0 255 215 0 255 114 0 255 0 0 0 255 0 197 0 0 255 255 105 0
    255 0 0 0 18 0 0 255 255 255 0 0 0 255 255 255 255 0 0 0 255 255 0
    65 255 0 97 0 255 255 149 0 0 249 0 255 255 255 0 255 28 194 42 255
    255 0 255 222 0 0 255 255 0 0 0 0 255 0 255 0 194 0 255 255 0 255 0
    199 255 0 0 255 255 255 0 255 255 255 255 255 0 100 255 0 187 30 255
    255 255 255 249 255 240 0 255 0 176 216 205 204 163 255 255 0 0 255
    255 255 135 255 0 0 0 255 29 88 0 255 0 255 87 255 0 183 255 255 255
    240 255 255 220 0 255 255 0 0 0 241 255 255 0 255 255 0 255 0 255 96
    0 254 255 255 0 0 145 0 119 252 0 141 171 127 255 0 0 0 231 255 68 0
    255 0 255 0 255 255 255 0 0 242 255 0 255 255 0 0 255 255 255 18 0 0
    0 255 255 235 196 0 0 0 255 0 255 0 0 0 255 45 255 0 0 0 255 255 255
    57 0 255 255 255 255 12 0 232 255 255 255 0 255 0 224 125 255 0 0 0
    255 255 0 0 255 0 255 79 111 131 0 255 0 255 0 0 255 0 99 255 255 0
    255 255 0 255 0 255 172 0 255 0 232 255 0 0 0 255 182 145 0 0 0 255
    255 228 229 255 0 233 0 255 255 233 255 0 255 96 0 0 0 0 255 0 0 0
    255 188 255 255 155 255 194 0 41 255 255 255 255 255 0 193 0 255 0 0
    0 0 206 0 0 200 0 27 0 236 255 255 158 255 87 255 0 0 0 255 159 255
    247 0 255 255 0 255 0 0 255 255 3 255 255 255 0 0 255 255 255 255
    170 0 255 44 255 255 255 0 255 255 255 144 20 255 0 0 255 255 0 0 0
    0 255 255 255 77 255 255 255 0 0 255 255 255 0 255 0 241 255 255 255
    211 241 0 0 12 0 255 87 193 0 255 0 0 255 255 255 0 0 20 255 255 0 0
    255 255 255 255 56 255 255 255 255 0 0 26 255 0 255 139 255 255 255
    224 255 0 0 255 0 255 255 255 0 255 255 255 0 0 147 255 175 0 0 255
    255 0 0 0 0 255 0 255 0 255 0 255 255 255 173 107 0 255 0 255 0 30
    255 255 0 68 209 238 0 194 0 0 255 255 255 0 0 0 74 255 0 0 255 255
    255 0 255 0 239 255 255 255 0 0 255 255 0 0 0 255 0 0 255 255 255 0
    0 255 255 255 243 0 0 255 0 0 255 255 255 0 0 0 255 110 0 0 255 255
    255 244 217 40 0 255 255 0 255 0 255 255 198 134 255 255 255 16 255
    0 0 255 0 44 207 208 255 255 0 0 255 255 0 0 29 177 0 0 255 0 255 0
    0 115 0 255 255 255 0 255 0 0 255 255 255 255 255 0 255 0 255 0 161
    255 255 255 0 255 0 167 0 216 255 255 89 0 0 255 0 0 0 206 255 255
    255 0 0 255 217 143 0 118 5 255 137 0 0 255 0 0 255 255 0 0 255 255
    2 0 49 255 195 255 0 0 202 255 255 0 255 0 0 255 255 255 27 0 0 0 0
    182 255 255 0 255 0 255 255 255 0 0 255 255 0 0 8 255 255 0 0 35 255
    255 255 255 255 0 255 12 255 0 255 0 0 0 255 99 57 255 255 255 0 255
    0 151 0 0 255 255 171 0 0 0 255 176 255 0 255 0 0 0 255 0 255 0 255
    112 0 200 255 0 255 0 255 0 0 0 255 255 147 0 0 2 0 200 255 255 105
    0 255 255 255 255 11 255 91 0 0 255 90 255 0 0 0 255 255 0 255 0 255
    0 255 0 0 255 255 255 255 0 0 0 0 0 255 255 255 0 0 255 255 255 230
    0 0 0 255 255 255 255 97 127 0 255 255 0 25 0 255 0 255 0 0 25 255
    255 0 0 0 255 0 139 0 0 255 0 0 255 0 209 255 26 60 0 0 0 255 255
    255 0 0 0 0 255 0 255 255 0 255 0 0 0 102 0 0 255 255 255 255 0 0 0
    255 14 255 0 0 0 0 0 233 0 78 0 198 255 0 255 255 255 255 0 8 255
    255 0 26 0 255 216 255 91 0 0 0 0 100 237 255 255 0 255 255 255 0
    255 0 255 255 0 0 0 255 255 64 255 68 0 0 0 128 0 255 214 2 191 0
    255 231 255 0 255 30 124 0 255 105 255 0 111 154 255 160 255 0 255 0
    0 0 255 255 0 255 0 255 0 0 255 0 0 0 0 0 255 0 138 255 255 0 255 0
    255 0 11 255 255 0 99 255 191 255 171 255 255 82 255 0 248 0 0 255
    210 255 0 125 0 0 182 90 0 91 255 81 144 255 0 0 0 0 255 0 255 5 0 0
    255 136 114 90 0 255 0 255 149 0 0 255 245 255 227 255 0 0 130 255
    255 0 255 154 0 71 255 255 0 0 255 0 255 0 0 0 0 0 255 255 49 255 0
    0 0 255 255 255 0 0 0 103 1 255 255 120 132 255 136 197 255 255 0 0
    0 255 255 255 0 255 255 230 255 247 255 0 0 255 71 0 151 255 0 255
    75 255 0 220 0 0 0 0 255 255 0 0 255 153 0 0 160 211 255 0 168 0 255
    232 255 0 0 255 255 255 255 0 0 0 213 28 0 0 255 255 0 0 0 108 0 255
    0 0 0 255 0 0 255 255 0 255 0 255 231 0 0 255 255 0 0 0 152 255 255
    0 9 255 255 0 0 0 0 255 255 255 0 0 255 0 255 0 255 0 0 72 255 255 0
    0 255 255 72 255 69 0 0 0 0 0 255 255 255 255 0 255 0 255 255 0 255
    161 255 62 0 255 208 255 255 0 0 0 166 54 0 255 0 255 0 255 255 0
    255 255 255 148 0 155 0 57 0 255 0 0 0 255 171 255 0 255 0 0 0 255
    255 0 255 0 0 0 0 0 0 255 0 177 0 0 0 255 255 255 0 0 0 255 0 255
    255 0 255 0 0 255 255 11 0 0 255 255 255 0 0 200 255 211 0 49 0 255
    255 255 0 255 255 0 61 0 0 0 255 0 0 0 255 0 139 255 0 0 255 255 194
    0 0 0 255 255 255 255 255 157 240 0 0 0 64 255 255 255 255 0 145 0
    255 255 255 123 0 0 255 255 0 0 0 255 255 255 138 255 0 0 0 0 0 67
    255 255 255 255 0 255 189 255 178 255 0 255 0 9 255 0 255 255 0 47 0
    0 198 255 255 255 255 255 0 255 255 255 255 255 0 0 255 66 255 0 0
    255 221 255 168 255 255 0 133 0 255 255 255 0 255 255 0 155 255 170
    0 0 255 255 0 0 0 0 255 255 255 255 203 255 121 0 133 0 255 255 88
    255 0 255 0 255 255 0 47 0 0 255 0 0 0 0 0 0 255 0 255 0 255 0 255
    255 255 0 0 44 142 157 255 0 0 0 255 255 255 0 0 0 255 162 0 0 255
    255 0 0 0 255 0 255 132 255 155 0 208 190 0 255 0 0 0 255 255 0 0
    241 118 255 0 0 0 0 255 31 0 0 0 0 255 255 255 0 0 40 255 255 0 0
    125 231 255 255 46 0 0 255 47 255 255 255 0 0 168 255 218 255 255
    255 197 255 108 0 0 255 127 235 255 109 0 255 255 87 255 0 141 255
    255 58 0 164 0 255 0 255 0 255 255 255 0 0 0 255 0 69 0 0 0 255 255
    255 0 255 0 201 173 255 255 255 0 255 0 0 255 0 255 255 0 255 0 0
    255 199 255 255 94 0 0 255 255 255 0 0 255 255 0 255 255 255 0 6 0
    255 0 0 0 255 0 255 0 255 255 0 0 255 255 0 0 255 255 0 0 0 255 255
    1 0 114 0 0 0 255 255 255 0 0 255 0 0 255 255 0 255 0 255 0 0 255
    154 255 255 0 255 0 255 255 0 0 122 255 183 255 0 0 255 237 255 0
    255 0 55 187 9 255 255 255 166 95 255 15 255 0 255 0 255 255 255 255
    255 0 0 0 242 0 255 0 0 0 255 255 0 0 255 0 255 0 203 245 0 0 255
    255 255 0 255 0 255 0 255 70 255 255 255 255 0 255 218 111 72 0 139
    0 255 255 255 0 0 0 255 108 255 255 255 0 0 255 51 119 0 0 255 255
    28 0 255 0 0 0 52 255 0 0 0 255 255 33 74 255 49 255 0 0 0 0 35 242
    255 255 0 0 0 255 174 12 255 81 76 0 0 0 255 0 255 255 255 211 0 155
    28 5 197 0 0 0 255 0 0 0 255 255 255 0 255 101 255 0 255 0 0 255 255
    0 0 0 151 255 197 0 255 255 0 255 0 0 0 255 255 46 255 255 0 225 255
    255 0 0 164 255 255 0 143 0 0 255 0 22 0 255 0 255 186 255 0 0 0 255
    255 255 0 239 0 255 255 255 10 0 172 0 255 255 0 77 0 0 255 255 5 0
    147 158 255 255 255 0 21 0 255 0 255 255 255 255 0 103 0 20 0 255
    255 0 0 255 255 128 0 0 255 255 0 0 0 255 255 255 0 0 0 0 199 141
    255 255 255 255 0 255 0 0 255 0 255 0 0 255 0 255 0 0 255 255 255
    255 255 0 0 0 255 255 255 0 0 0 0 0 255 255 255 255 255 215 46 140
    255 0 0 0 255 255 255 255 255 0 72 0 59 0 255 76 255 255 0 0 0 196
    255 255 255 97 255 0 0 255 0 255 0 255 255 89 0 0 255 76 255 0 0 0
    255 255 0 0 90 0 255 0 0 0 255 255 255 255 255 0 0 0 0 121 0 255 255
    0 255 0 170 0 0 0 0 255 255 167 0 0 255 255 255 180 0 0 185 0 0 0
    255 255 255 0 251 0 0 0 145 255 255 255 0 0 0 0 255 255 255 0 0 0
    255 118 255 0 255 235 255 0 255 0 56 255 255 0 255 0 127 0 255 255 0
    0 0 255 255 0 255 255 132 255 255 223 255 217 0 0 255 255 0 0 255
    202 152 0 0 255 255 255 0 255 121 111 0 142 255 255 255 0 255 0 255
    0 255 0 255 0 0 0 255 255 255 255 164 0 0 0 255 255 255 0 0 78 255
    255 255 0 255 0 255 0 0 30 0 255 0 255 0 69 255 255 229 255 0 144
    255 255 255 0 255 0 255 255 255 0 255 0 0 0 255 41 255 255 69 0 0
    255 255 0 255 0 255 0 255 0 0 255 255 163 0 255 255 255 255 255 0 0
    0 0 255 217 255 255 0 255 142 255 0 232 255 49 255 0 0 0 255 243 255
    0 0 255 255 0 0 255 0 41 0 0 255 0 255 255 255 0 255 255 137 0 0 0 0
    255 255 40 0 244 255 255 0 0 0 0 255 47 205 184 255 255 0 0 0 0 0 0
    0 14 202 243 255 255 91 0 0 255 0 255 255 0 0 0 255 255 123 0 255 0
    0 15 0 0 0 255 81 0 0 0 0 255 255 0 255 255 0 214 255 174 0 0 255
    103 0 255 0 255 131 194 255 159 89 255 0 255 0 0 0 0 255 255 0 0 0
    56 255 0 231 0 255 88 255 0 0 0 0 255 15 245 255 0 0 182 0 0 0 255
    255 255 255 0 0 0 255 0 255 255 0 255 0 255 0 233 0 255 255 0 0 255
    255 255 0 0 255 141 96 255 0 79 0 255 0 0 255 255 255 0 255 0 255 0
    255 0 255 255 220 149 255 0 255 0 147 0 172 0 255 0 0 0 0 255 255 0
    255 0 244 255 255 33 255 255 0 0 60 73 255 255 184 171 17 255 0 255
    255 0 255 0 0 0 0 245 0 255 0 255 255 0 0 0 244 135 250 15 255 0 0
    255 0 255 255 245 0 38 254 86 0 255 174 168 65 0 0 80 255 0 9 0 255
    186 255 255 0 0 52 0 255 0 255 255 255 255 0 0 150 255 255 0 255 12
    255 255 0 0 0 0 255 172 255 61 255 255 0 106 255 255 255 255 0 151
    255 255 255 223 255 0 255 0 72 255 174 255 0 0 255 255 255 211 255
    75 0 0 0 255 255 0 255 0 0 169 255 255 0 0 0 255 255 255 255 0 0 0 0
    255 255 255 95 0 230 255 0 0 255 255 255 0 0 132 0 255 255 255 255 0
    255 255 255 155 34 0 255 255 255 37 255 0 255 0 255 0 255 0 255 0 0
    104 114 0 255 172 255 0 0 0 0 255 65 165 0 184 255 255 106 11 0 23 0
    255 0 255 255 231 255 0 0 85 255 255 0 255 0 255 0 255 0 255 0 255
    255 255 0 0 174 255 0 0 0 0 255 255 255 0 255 255 255 0 220 0 0 208
    250 255 0 0 0 255 255 116 0 68 0 0 255 0 31 0 255 0 255 255 82 0 255
    124 255 0 255 146 255 0 255 0 162 255 0 255 0 0 0 0 255 255 0 0 0
    255 8 255 155 255 0 255 0 255 0 255 0 108 0 255 255 33 255 0 0 92
    255 255 0 0 10 255 255 255 0 163 222 255 0 223 122 255 23 255 255
    255 0 0 0 158 8 255 255 255 255 255 0 255 0 255 0 255 255 255 174 0
    0 255 0 255 0 228 255 0 255 255 120 0 0 255 255 0 0 255 255 255 222
    255 255 0 112 0 0 0 255 255 255 255 0 255 0 255 0 147 0 0 255 255
    255 255 0 0 251 255 200 255 0 0 0 255 255 62 255 0 0 0 255 63 255 0
    213 255 0 0 0 0 147 0 255 66 68 0 0 121 255 255 255 0 0 0 255 255
    255 0 33 0 255 0 0 255 255 170 0 35 0 255 0 255 255 255 0 0 0 0 0
    145 255 255 166 0 0 255 119 255 0 255 0 255 93 217 0 0 255 0 255 0 0
    255 0 255 0 38 255 0 255 0 0 179 0 0 0 255 255 0 0 0 220 255 255 0 0
    235 0 255 0 255 255 255 0 150 145 0 255 0 255 0 0 0 255 255 0 8 49
    127 147 0 221 0 255 109 0 0 255 0 255 0 255 0 5 0 255 209 0 100 0
    255 7 255 0 255 255 169 0 255 255 0 255 255 255 0 0 231 0 0 124 255
    0 0 0 255 255 64 0 210 0 255 125 255 144 0 160 0 251 255 255 255 255
    255 0 35 255 255 80 255 99 255 0 0 255 206 0 0 150 255 255 0 161 0
    255 90 255 0 0 0 255 154 255 255 255 0 255 255 0 0 0 31 255 255 10
    43 0 255 0 0 252 255 0 255 0 255 0 255 0 255 255 255 0 107 0 255 0 0
    0 255 140 255 0 255 0 0 255 255 0 255 0 255 0 255 0 255 0 0 255 255
    255 0 255 255 193 0 255 62 255 0 0 0 59 0 0 58 255 231 0 108 143 255
    240 0 141 0 255 255 255 194 0 0 255 0 82 179 255 255 0 0 0 255 255 0
    116 0 0 155 0 186 170 255 0 215 0 255 0 255 221 0 0 0 0 0 255 255
    255 0 0 0 255 87 0 255 255 255 0 249 0 0 0 0 81 255 255 38 0 114 255
    255 0 130 237 255 0 217 199 231 255 0 0 255 239 255 255 58 25 0 255
    0 21 0 255 255 255 0 226 48 255 255 0 255 0 255 0 247 255 0 255 255
    255 228 255 255 255 0 0 0 0 255 255 55 118 98 0 255 83 255 110 129 0
    255 10 255 0 122 255 255 24 255 135 0 0 255 0 0 255 187 0 255 0 0 0
    0 255 191 255 0 0 0 0 255 0 255 0 0 0 255 178 0 255 255 255 70 0 0
    255 255 91 118 255 0 0 255 0 255 0 223 0 255 255 255 200 255 152 0
    138 255 255 255 100 211 0 106 255 0 255 0 252 163 255 255 255 0 255
    0 154 0 0 156 8 255 0 0 0 0 255 255 32 0 255 255 255 255 0 0 0 255
    180 65 0 0 255 101 60 0 0 62 255 255 255 255 0 0 0 139 255 74 255 0
    255 0 255 0 0 0 0 255 143 255 255 0 0 0 255 148 0 0 40 224 28 5 0 0
    177 30 255 255 0 255 255 0 0 0 255 0 0 0 0 128 255 255 255 0 0 255
    255 233 255 255 255 255 103 0 200 0 255 255 255 255 160 0 0 0 74 255
    0 255 255 0 255 255 0 0 0 255 255 0 217 255 200 0 0 255 255 255 175
    0 255 0 255 6 255 0 0 0 255 255 0 39 0 0 255 0 255 255 255 0 255 255
    255 255 0 230 0 255 111 255 116 0 255 0 179 0 251 255 159 0 191 255
    255 255 23 0 0 0 0 0 255 255 255 255 255 0 0 0 96 188 195 255 255 0
    0 255 0 0 0 129 255 255 219 113 0 0 0 0 0 255 185 255 0 0 0 255 0
    254 220 123 73 255 0 0 0 73 255 255 0 0 0 255 154 0 0 255 255 0 0
    255 28 0 255 0 255 0 255 0 255 0 255 0 255 255 162 255 25 255 79 173
    255 0 0 255 96 216 255 0 255 255 0 0 255 13 252 0 255 255 34 255 0 0
    0 40 255 255 71 0 0 0 255 167 255 220 255 0 0 255 255 0 255 235 0
    250 0 114 255 232 84 0 214 255 255 255 114 240 255 206 0 0 151 0 255
    0 54 255 255 255 0 0 194 255 100 120 255 255 0 54 0 255 0 0 255 255
    255 0 0 40 0 255 255 48 0 0 0 255 255 145 0 0 255 255 0 0 255 255
    255 0 0 255 255 0 33 0 0 0 255 255 255 0 125 0 255 255 0 0 115 246 0
    0 157 255 255 255 124 255 0 0 255 0 232 255 255 0 255 0 255 0 0 0 0
    231 0 0 255 255 0 107 0 255 0 150 255 255 0 255 0 255 0 0 0 0 255 0
    255 0 0 0 255 0 255 0 221 0 255 255 0 255 0 0 0 191 255 0 0 0 255
    209 90 0 0 0 203 255 135 157 0 0 114 150 141 255 255 0 0 255 0 255
    255 0 0 0 255 255 255 0 255 0 0 196 0 255 0 0 255 0 0 23 0 0 0 76
    255 0 255 250 255 255 6 0 0 0 42 0 255 255 0 0 0 255 255 255 0 160
    255 0 0 255 0 0 255 255 0 229 255 255 0 22 255 255 0 80 0 255 255
    255 0 0 255 255 255 0 255 0 0 255 255 255 0 0 24 255 0 255 255 255
    30 0 0 153 255 103 0 119 76 255 255 0 0 0 0 0 255 255 255 255 255 0
    0 0 0 163 255 255 25 0 0 0 174 159 0 0 255 246 255 0 0 255 0 83 234
    255 0 0 255 255 0 255 222 0 178 255 84 0 255 0 255 0 52 255 0 255
    111 199 0 255 0 255 0 0 0 255 0 169 57 255 0 152 136 255 255 0 0 92
    255 0 0 255 38 0 0 0 139 0 255 255 0 255 0 109 109 255 255 0 255 255
    255 0 0 0 0 186 255 255 255 0 0 199 0 0 0 149 114 0 255 0 0 0 255
    255 255 255 255 255 0 0 120 0 0 0 81 255 0 0 255 112 255 155 255 255
    255 0 236 0 255 0 255 0 102 0 226 32 255 0 229 255 255 121 0 24 0
    255 255 38 194 0 255 0 241 166 255 0 0 0 0 0 255 241 255 0 0 0 0 255
    204 255 0 0 202 46 255 110 255 255 255 0 0 0 104 255 0 166 0 255 255
    255 255 151 0 255 255 0 131 0 0 0 255 255 255 0 0 0 33 0 255 209 255
    255 172 0 0 255 255 255 0 0 0 255 255 255 0 76 0 255 0 255 0 174 197
    255 0 255 0 0 167 134 255 255 255 0 0 0 255 255 255 0 255 235 101
    206 255 255 25 255 255 0 0 0 255 255 0 255 255 255 0 255 0 255 189
    123 0 0 255 31 137 0 226 255 255 40 0 38 0 0 255 0 255 0 255 0 0 255
    255 0 0 255 57 255 0 48 193 108 0 255 255 212 0 236 255 0 255 158
    215 0 0 0 0 255 0 255 0 128 0 255 255 0 0 0 255 255 0 255 200 255
    255 204 255 0 0 208 255 255 0 255 0 32 0 255 0 0 255 145 255 0 255 0
    0 255 0 255 0 255 0 0 255 0 85 255 0 232 0 255 0 119 206 255 255 0 0
    0 255 255 21 0 169 255 0 255 0 0 165 255 0 214 255 255 0 255 72 255
    0 255 0 255 58 255 0 0 255 0 0 255 242 255 0 239 0 16 0 255 0 0 0 0
    255 178 0 0 0 255 255 65 0 234 21 48 255 255 0 255 0 255 255 45 1 0
    255 109 86 67 255 255 52 255 0 255 0 76 0 255 255 255 0 0 0 0 35 47
    255 22 255 0 0 214 0 255 255 255 255 0 29 0 0 37 0 255 0 255 0 0 0
    255 0 12 255 0 0 0 255 0 183 255 253 255 255 255 0 0 0 0 60 255 0 0
    102 255 255 0 0 255 0 255 255 255 0 255 255 255 255 0 255 255 255 0
    0 0 255 0 0 255 0 255 255 255 214 0 0 255 0 255 0 0 0 0 255 255 255
    255 0 255 33 255 0 0 255 33 0 44 107 0 0 88 255 75 0 0 255 255 255 0
    0 255 213 0 29 255 255 255 255 157 0 255 0 255 0 0 0 255 0 255 0 128
    0 215 255 255 0 6 0 255 0 125 255 0 255 0 255 18 255 255 0 0 255 255
    35 250 255 0 0 0 0 175 255 255 255 255 255 195 0 0 0 255 0 98 255
    255 255 213 58 0 255 135 157 255 137 255 255 134 255 0 98 0 0 255
    132 255 191 255 0 206 0 255 255 0 255 0 0 0 25 255 255 201 0 148 238
    255 255 255 0 0 255 0 255 255 255 139 255 255 0 0 255 0 255 0 255
    255 255 0 0 131 204 160 0 255 255 255 192 255 244 255 163 0 255 121
    255 0 255 0 0 0 226 0 54 255 0 255 255 255 0 255 255 45 255 255 0
    255 0 151 0 255 255 0 0 49 100 80 31 255 255 0 0 29 0 0 0 130 255
    255 255 125 84 0 0 255 255 0 0 255 0 255 0 0 0 255 255 0 0 255 0 0 0
    0 98 255 255 255 255 0 255 0 255 0 64 122 255 0 197 255 255 0 0 255
    0 0 25 255 255 0 255 255 255 0 62 176 255 255 0 117 255 255 255 255
    0 69 255 255 255 255 0 0 255 255 0 0 0 255 161 30 0 0 255 0 255 78
    255 0 78 255 36 255 0 0 255 0 0 0 255 162 0 0 225 160 255 0 0 255
    255 57 0 0 255 39 0 255 255 255 0 0 0 101 0 216 255 255 255 255 0
    115 0 255 0 255 255 0 210 0 255 0 255 105 255 255 0 255 196 0 64 255
    0 255 255 255 0 0 0 0 74 180 255 113 255 255 255 0 0 0 235 0 156 0
    92 71 0 255 77 234 0 67 0 0 0 255 0 255 255 0 196 0 0 255 255 255 62
    0 0 0 0 255 255 255 255 255 0 169 0 0 0 255 255 0 79 0 255 255 255 0
    255 255 255 39 0 0 0 97 204 255 255 0 255 198 255 0 0 0 255 107 0 0
    255 255 0 0 0 0 0 255 0 0 0 255 255 73 0 255 255 196 0 0 255 84 0
    255 255 72 255 255 255 135 0 140 255 255 178 0 0 0 255 0 255 0 0 255
    0 255 0 255 255 255 54 138 0 127 105 255 0 0 0 255 0 255 186 34 123
    255 0 255 0 255 0 190 0 255 255 255 0 0 255 0 235 0 255 255 0 0 238
    255 44 95 0 255 0 255 0 255 255 255 0 0 126 195 255 0 255 0 255 0
    255 0 0 0 255 255 164 0 38 36 245 152 0 58 75 255 0 195 0 0 0 255
    255 255 255 0 0 0 255 0 255 0 255 0 255 255 255 0 0 255 255 0 0 255
    74 255 0 0 0 0 255 0 255 0 255 0 28 0 255 199 0 0 255 255 0 0 255
    255 0 255 255 255 0 0 0 0 255 255 176 0 0 16 255 255 246 0 255 0 255
    0 255 193 255 158 0 0 255 255 255 255 155 0 255 0 248 0 0 0 255 255
    255 0 255 0 230 0 255 255 255 21 0 0 0 255 255 0 0 0 0 255 0 255 0
    255 0 255 255 0 255 246 0 255 116 0 0 0 255 255 255 0 0 0 0 255 255
    9 241 0 255 0 212 255 159 0 0 185 0 0 255 214 255 0 0 0 0 255 255 0
    207 171 250 0 50 0 255 0 0 255 45 255 255 0 255 255 255 0 255 0 0 0
    255 29 182 0 255 255 255 0 0 145 0 0 255 7 197 148 0 255 145 0 255 0
    255 0 255 152 255 0 0 3 0 156 255 70 192 0 255 255 0 0 0 255 255 0 0
    0 147 192 255 82 0 174 0 255 0 255 0 0 0 255 255 255 255 159 0 0 255
    255 255 87 255 0 0 117 255 255 255 255 0 0 0 217 255 255 0 0 0 255
    255 255 0 0 243 255 255 98 0 255 255 175 0 0 255 0 81 0 255 0 255 0
    0 255 255 255 255 0 255 0 240 0 255 99 255 43 0 222 0 0 255 255 255
    255 111 0 98 0 255 255 255 0 255 252 234 0 0 0 0 0 255 0 255 0 5 255
    0 255 179 0 0 0 0 255 255 96 69 0 0 255 255 205 6 0 33 255 255 0 255
    149 255 255 255 255 255 86 0 0 0 255 0 255 255 0 255 255 201 26 0 11
    56 213 255 204 255 0 255 0 0 0 0 0 255 255 169 0 163 255 255 255 255
    234 0 0 255 255 255 0 0 0 138 0 255 0 255 0 0 255 255 255 227 255
    255 255 72 0 255 0 251 0 0 182 86 0 255 255 255 255 255 0 0 0 255
    255 255 255 255 0 0 255 255 255 0 0 0 255 255 255 0 255 255 0 0 0 0
    0 255 255 134 0 0 0 255 255 0 0 255 255 255 255 0 255 174 0 255 255
    66 0 0 0 255 255 255 205 0 0 0 255 255 0 0 255 0 255 255 255 221 255
    0 0 0 255 255 255 0 0 8 0 255 131 98 255 0 255 0 255 255 255 0 0 180
    255 165 0 255 73 255 255 255 93 0 255 255 177 0 0 255 0 255 255 0 0
    0 255 255 0 206 0 255 0 0 255 0 255 0 97 51 255 191 255 255 255 255
    49 0 255 0 255 255 255 255 187 156 255 255 80 255 247 0 0 255 255
    255 0 0 255 0 0 0 255 255 11 0 255 0 255 110 0 0 60 130 0 0 11 0 255
    0 21 0 255 255 255 47 255 238 255 0 255 0 0 0 255 0 0 159 0 1 0 166
    255 255 144 0 255 255 255 0 0 70 255 0 255 255 255 0 255 0 167 0 161
    255 255 0 254 0 255 0 255 0 252 0 255 0 255 0 255 0 54 249 255 0 0 0
    255 255 0 0 0 255 255 255 255 78 255 0 255 0 255 0 255 0 255 0 255
    104 255 0 69 47 0 244 0 255 0 0 255 0 255 255 255 38 0 0 87 0 255
    255 0 255 10 255 208 0 255 255 56 255 254 23 255 0 137 255 255 0 0
    58 109 255 142 0 255 255 255 0 0 0 0 34 255 0 255 255 255 255 0 255
    0 255 0 255 164 255 0 0 0 42 255 255 255 0 0 164 255 255 0 0 0 0 255
    255 255 255 255 255 0 174 255 255 0 110 255 227 255 168 255 0 255
    255 255 0 255 42 54 0 0 150 20 0 0 0 0 255 0 255 0 0 255 246 0 0 255
    237 0 255 255 255 0 0 172 0 163 255 255 0 255 0 0 0 0 172 29 0 0 255
    255 255 0 0 0 0 255 60 144 213 0 255 255 0 0 255 0 0 0 255 255 255
    255 255 0 26 255 174 9 0 0 117 0 0 0 255 0 25 255 255 174 0 0 0 0
    255 0 255 135 255 0 85 255 255 176 255 0 255 255 255 255 0 0 255 0
    255 0 205 255 255 140 255 0 211 103 255 0 255 255 255 227 0 48 255
    255 0 25 0 0 0 0 255 255 255 171 80 0 0 255 255 255 0 22 0 0 0 255 0
    255 0 255 255 255 255 109 0 0 171 255 255 255 0 0 0 0 255 255 0 90
    255 222 0 0 255 255 0 255 255 255 255 255 84 118 0 255 255 255 0 0 0
    0 255 0 255 0 0 229 255 255 0 255 0 0 0 255 44 255 255 0 0 0 187 255
    83 65 255 255 255 0 92 255 255 0 0 0 217 0 255 255 0 18 62 0 0 255
    255 255 255 255 255 255 255 0 0 0 0 255 140 255 0 255 104 255 0 28 0
    0 0 255 255 255 255 0 255 0 0 0 0 55 255 255 0 0 0 235 0 255 0 0 255
    255 255 163 42 48 0 241 255 0 255 0 96 255 255 199 255 0 206 0 255
    248 255 255 255 0 0 0 255 0 0 190 212 0 0 0 255 255 255 0 0 19 11
    255 255 0 0 0 0 170 255 255 0 0 255 0 0 0 0 255 155 255 0 255 27 255
    169 0 0 255 255 0 25 0 0 0 255 255 0 255 255 255 255 0 0 0 194 255 0
    78 5 77 255 255 245 0 0 0 255 255 0 0 0 255 255 205 0 0 255 183 0 0
    255 255 255 0 0 0 255 0 0 93 0 0 0 0 255 0 255 0 89 0 255 0 174 18
    130 0 25 0 255 0 250 255 0 41 0 255 255 241 0 111 0 0 255 255 0 0 0
    255 255 255 255 27 0 214 0 48 254 255 0 182 0 255 255 0 103 0 255
    100 255 0 162 255 0 255 0 255 255 238 255 255 0 255 0 0 255 0 0 255
    75 0 255 255 255 255 12 31 0 255 0 255 250 0 255 109 0 0 255 255 255
    255 0 190 255 255 255 0 171 255 223 188 0 255 0 0 255 255 45 0 32 0
    255 0 0 0 0 63 0 0 232 255 255 0 0 0 0 255 255 0 255 86 255 255 255
    0 77 255 255 187 61 0 255 0 0 0 0 0 189 255 255 255 255 0 255 255
    255 0 0 0 0 15 255 255 0 0 103 255 255 46 255 0 255 0 255 0 0 0 0 0
    255 0 255 0 255 0 255 0 255 0 255 0 0 255 255 255 0 103 0 0 255 0
    255 255 0 0 0 255 67 255 115 255 255 0 255 255 21 0 0 0 0 255 255 0
    255 255 255 255 255 255 106 0 0 255 144 237 94 0 97 0 0 28 22 255
    249 0 0 255 0 255 255 243 0 243 255 255 255 68 0 0 0 255 255 0 172
    10 255 0 109 255 185 0 71 255 102 0 112 0 255 0 0 0 123 255 0 0 0 0
    186 0 255 0 255 255 255 0 106 237 255 190 255 0 216 0 255 255 0 0 0
    255 86 255 0 0 255 255 0 0 0 255 255 255 0 0 0 123 0 255 198 106 0
    255 255 0 0 104 0 0 254 39 0 0 116 255 255 0 0 0 73 0 33 0 255 255
    123 214 255 255 140 255 0 255 255 255 249 255 0 255 0 255 0 0 70 255
    255 255 0 255 0 0 0 0 0 255 255 255 255 0 255 0 0 65 255 255 255 0
    255 0 186 255 0 5 255 255 68 0 0 255 255 255 0 0 169 255 0 255 43
    255 0 255 0 0 0 255 255 255 255 0 111 223 0 255 255 255 255 255 0 0
    0 0 255 255 255 0 0 255 255 255 0 139 244 255 0 0 255 255 50 0 0 0
    255 255 255 255 0 0 255 0 255 255 255 185 255 0 0 255 0 255 255 255
    50 144 0 255 0 197 0 255 255 0 255 255 123 204 0 255 88 0 0 255 255
    255 0 255 0 255 255 119 0 0 255 0 255 255 255 255 0 255 0 0 0 255
    173 255 0 0 0 152 255 255 219 0 151 0 255 111 255 0 11 0 255 0 0 0
    56 255 255 255 255 0 0 255 0 0 0 250 0 255 47 0 23 255 0 206 255 0 0
    153 255 255 0 255 255 255 87 100 0 189 0 100 255 255 128 135 255 0 0
    0 255 255 255 91 0 0 0 52 129 255 60 255 0 145 255 170 255 0 255 0
    80 0 255 255 255 226 255 255 255 0 134 111 255 0 0 0 119 0 220 255
    255 144 255 255 0 0 255 255 255 0 12 0 0 0 255 255 255 0 18 0 230
    255 255 0 49 255 255 0 0 0 0 255 0 255 0 0 188 0 0 255 255 145 0 146
    90 255 0 0 255 0 77 0 107 255 255 255 255 243 255 0 122 0 255 255
    255 0 255 0 255 255 255 255 255 0 0 255 255 255 0 255 142 255 0 0 0
    49 100 255 27 255 255 0 123 113 255 255 75 255 0 0 0 0 0 255 255 0
    255 255 0 255 189 255 0 26 0 129 255 255 0 251 95 255 0 173 120 255
    0 229 0 255 255 165 0 0 255 173 0 255 255 255 205 255 216 235 156 0
    255 194 0 0 245 255 255 255 255 0 255 255 255 0 0 255 0 255 0 0 255
    0 255 0 0 0 0 111 195 255 0 0 255 0 255 250 255 0 255 97 255 255 255
    255 77 200 255 255 255 255 119 0 0 0 255 0 255 64 255 0 255 148 255
    255 0 0 0 255 0 0 166 0 255 0 255 0 213 255 255 183 170 0 181 255 0
    112 255 255 0 0 0 206 0 255 85 249 255 255 0 255 0 92 0 255 0 255 0
    255 255 0 0 1 255 255 178 0 20 255 255 255 0 0 0 255 255 235 0 255 0
    78 255 255 255 0 0 162 255 255 255 0 255 0 0 38 0 0 0 255 0 255 0
    237 0 255 255 255 0 255 255 255 0 52 255 255 255 12 254 207 189 0 0
    138 255 255 255 208 0 1 0 220 255 255 255 255 0 255 255 0 255 158
    255 0 241 0 255 118 255 143 0 255 255 0 0 0 255 255 255 0 0 0 255 0
    160 121 255 255 0 255 0 0 0 255 0 0 141 255 255 103 0 0 0 255 0 255
    255 255 255 0 0 0 186 116 34 0 147 161 255 255 0 0 0 159 255 255 255
    0 221 255 255 0 255 0 0 39 255 255 255 0 0 0 0 255 0 255 20 255 255
    0 255 255 255 255 0 0 0 255 0 255 0 255 0 0 134 255 0 255 255 255 0
    1 255 0 0 255 255 255 0 255 134 0 42 255 255 255 0 255 0 255 17 255
    244 0 0 0 0 0 0 255 200 255 0 255 0 0 116 255 0 0 255 114 255 255 0
    43 255 255 0 0 225 185 72 92 237 255 184 92 237 255 255 0 0 0 251 0
    255 255 0 0 0 0 255 0 255 0 255 255 255 0 0 255 0 255 0 255 41 255 0
    239 255 255 255 248 255 0 0 0 255 255 255 0 255 0 94 0 150 0 255 0
    255 0 0 148 0 0 255 0 255 0 255 0 0 0 179 255 164 0 255 0 255 244
    255 0 144 0 255 0 145 255 255 117 0 0 0 255 151 0 255 255 13 255 0
    247 255 47 0 0 79 0 255 0 205 199 0 0 0 255 0 255 255 255 82 0 0 255
    255 255 96 0 247 255 255 0 0 0 0 255 77 255 0 0 255 0 0 209 255 0
    255 0 255 0 0 0 255 194 0 0 0 0 0 255 0 255 0 255 255 40 119 255 255
    255 255 0 0 0 0 255 203 255 255 82 0 255 86 255 51 0 208 255 0 0 0
    255 0 255 255 0 77 225 247 255 255 254 0 255 0 255 0 0 0 118 0 207
    115 86 255 0 0 0 255 255 0 255 249 255 0 0 202 255 255 255 255 24 0
    0 0 255 255 255 255 0 0 133 234 153 0 255 255 255 0 0 0 0 255 0 0 0
    255 255 0 255 0 255 0 0 255 255 0 249 95 255 255 0 0 0 255 255 0 255
    255 0 0 0 0 0 255 255 203 255 62 0 22 119 0 0 0 0 0 255 0 255 199
    255 255 0 0 32 255 254 255 255 255 0 0 255 255 255 255 255 255 114 0
    0 255 255 199 42 0 255 0 255 255 89 255 0 255 0 0 255 255 255 127 0
    0 159 0 255 255 255 0 255 255 0 0 0 255 255 255 0 0 255 35 255 0 0 0
    33 255 0 255 0 0 0 255 0 255 0 0 255 255 0 255 149 0 0 0 0 1 255 255
    110 0 0 186 255 155 0 24 255 255 215 190 255 0 90 255 240 247 15 0 0
    167 255 255 0 0 255 255 255 255 0 255 0 255 255 192 0 29 0 254 0 73
    140 0 163 255 255 255 255 0 0 168 0 255 255 255 255 90 0 255 0 0 0
    255 101 0 255 255 0 0 0 79 255 0 0 0 255 0 255 5 255 0 255 0 255 0
    255 112 255 0 255 0 255 0 255 0 0 255 255 255 0 0 255 34 241 0 255
    255 0 0 255 0 255 17 79 255 0 113 0 255 11 255 255 0 0 0 10 7 255 0
    169 255 255 0 0 0 255 255 255 0 0 0 255 16 255 0 0 0 0 84 0 42 0 255
    36 28 0 5 61 255 188 255 0 0 255 255 226 0 255 0 255 255 255 0 18 47
    0 255 255 255 135 255 198 52 0 0 0 208 0 192 255 84 0 0 203 0 0 255
    255 255 153 255 255 0 0 176 255 0 0 0 215 255 255 255 0 0 255 100 0
    203 255 255 0 0 255 0 219 0 255 255 255 84 0 255 206 40 0 255 255 0
    255 219 0 0 0 255 255 255 228 0 0 0 6 255 255 0 0 0 255 40 0 255 255
    24 0 0 132 255 0 35 0 133 0 0 0 0 255 255 0 255 255 0 165 0 0 255 0
    23 0 0 255 0 0 255 200 255 0 255 255 196 0 255 0 0 0 255 255 0 255 0
    0 189 1 255 0 0 0 255 255 255 105 255 0 0 0 0 0 255 255 0 255 172
    255 0 0 255 255 255 0 177 255 186 255 0 255 185 255 0 93 255 191 0
    224 229 109 0 255 255 255 0 0 0 255 132 255 0 255 0 255 0 134 255 0
    138 0 255 0 255 255 0 0 255 95 255 255 0 0 0 255 255 255 255 0 255 0
    239 255 255 0 0 255 255 255 242 255 0 9 0 255 255 0 0 0 255 255 250
    0 0 0 0 0 156 19 255 21 176 0 255 255 255 0 171 0 255 255 0 0 0 255
    0 251 255 255 72 0 0 0 229 255 255 255 255 255 255 135 255 255 255 0
    216 44 56 255 0 255 242 0 155 0 255 255 0 35 255 255 0 0 255 0 255
    255 255 255 255 0 255 0 255 255 70 0 0 145 255 0 255 0 0 98 255 98
    255 255 241 246 0 230 255 0 255 255 0 156 0 0 0 255 255 11 0 0 255
    255 255 0 0 49 255 0 255 255 0 0 0 255 51 0 94 0 200 255 255 0 98 0
    255 0 130 0 255 255 255 255 255 0 0 255 0 255 255 230 255 0 0 255
    255 255 146 0 255 0 255 0 0 255 255 0 40 0 0 255 255 0 255 0 255 0
    255 255 0 255 0 0 0 255 0 255 0 255 255 185 255 0 55 0 255 255 176 0
    0 0 0 51 9 72 255 188 0 0 254 120 255 0 0 0 0 0 0 102 255 255 255
    255 0 255 0 0 255 32 255 0 0 255 0 255 0 143 0 255 0 0 0 184 255 255
    0 0 0 255 255 255 0 0 199 255 255 0 255 255 0 0 201 83 0 0 255 255
    255 0 194 0 255 255 6 0 255 255 255 0 0 0 255 0 255 255 255 124 0 0
    0 0 149 154 255 0 0 0 255 0 91 0 29 255 0 255 0 255 255 0 0 0 255
    255 255 255 0 0 127 0 0 23 237 255 0 0 0 0 255 0 255 0 255 0 255 0
    255 255 0 0 0 255 0 0 0 255 255 0 0 255 255 56 81 255 255 2 51 0 255
    0 255 0 255 108 255 255 255 41 255 255 0 0 134 0 255 0 255 255 255 0
    249 0 0 0 255 255 255 0 0 0 62 0 127 0 93 255 0 255 0 255 0 43 255
    255 0 1 0 0 0 0 0 255 0 0 166 88 255 255 0 255 0 0 255 60 53 0 0 0
    255 255 255 0 163 126 255 255 140 0 235 0 192 175 255 255 255 0 0
    255 156 255 255 255 255 0 255 0 0 0 255 255 255 0 0 255 0 248 241
    255 255 0 0 255 255 0 0 255 255 255 243 255 54 255 255 255 0 255 0
    255 0 0 255 0 0 0 0 255 255 0 32 0 217 0 244 93 255 255 255 255 255
    255 35 0 90 188 72 0 0 0 255 255 0 255 255 0 0 0 66 0 255 255 0 255
    255 125 255 59 255 0 255 255 0 0 0 255 0 0 255 255 113 0 255 0 255 0
    255 0 0 0 183 36 0 0 255 0 23 0 255 0 129 255 192 191 0 0 0 255 255
    255 0 0 0 255 89 0 255 0 70 23 255 255 0 255 255 255 217 0 255 0 255
    217 255 43 0 255 255 0 0 0 0 0 0 255 255 0 255 255 255 0 255 0 143 0
    0 255 0 255 78 213 0 163 255 255 46 0 255 0 0 0 255 255 255 0 255
    255 0 0 0 255 0 0 255 255 0 0 0 240 103 255 0 255 0 255 255 0 0 255
    191 0 255 255 255 0 0 255 255 142 255 30 255 0 203 255 255 154 0 255
    255 0 255 0 110 255 255 255 0 0 0 139 0 255 0 0 255 255 0 0 255 255
    129 0 255 0 154 131 255 0 0 255 255 255 255 255 0 0 0 0 255 0 255 0
    255 0 255 255 255 0 255 153 255 111 255 0 0 0 255 255 255 255 255
    255 0 0 0 255 255 127 0 255 255 255 255 77 0 0 0 255 255 212 255 124
    255 48 0 255 239 255 0 255 0 255 0 255 0 255 255 255 0 0 255 0 44 0
    255 255 255 255 255 0 206 0 22 116 255 255 0 255 0 107 0 228 0 0 101
    255 0 255 0 255 231 255 0 0 0 0 0 255 0 255 255 65 0 0 0 51 255 0 0
    255 0 0 0 0 0 255 0 0 0 234 255 0 0 255 255 255 194 255 220 255 0 0
    150 255 26 139 0 0 255 145 0 0 255 0 255 45 255 255 255 0 247 0 0
    255 0 255 57 255 0 0 0 0 255 255 255 0 0 255 255 255 0 0 255 255 88
    255 38 138 101 69 255 255 0 0 216 255 0 0 103 4 255 255 0 161 255
    255 0 0 255 255 255 0 0 0 255 45 0 139 255 255 181 0 255 179 255 0
    255 255 0 0 255 0 57 0 255 0 0 15 0 255 0 0 0 0 0 255 255 255 60 0 0
    196 255 255 255 255 255 173 83 107 237 34 0 255 0 0 255 255 255 255
    0 255 0 209 255 0 255 255 0 0 0 26 145 0 255 106 11 0 255 0 59 255
    255 255 0 0 255 255 0 0 0 255 255 255 0 0 255 0 0 0 255 255 0 0 0
    193 0 0 127 255 0 255 0 0 0 255 255 0 0 28 41 255 255 255 179 255 0
    255 0 228 180 255 255 0 7 255 255 255 0 255 0 255 168 230 255 0 0 0
    0 255 255 21 127 0 28 0 144 0 255 255 255 255 0 0 0 255 0 255 32 0 0
    255 255 255 0 0 0 0 255 166 255 68 0 255 255 30 0 0 255 0 255 0 0 0
    0 0 238 0 255 99 255 0 3 25 44 0 255 0 255 0 0 255 255 255 0 0 255 0
    0 0 0 79 0 25 84 255 181 0 39 0 255 255 255 0 255 204 74 255 0 0 11
    0 255 0 255 199 255 232 255 180 218 0 211 255 255 0 0 0 255 255 0
    255 255 138 0 48 255 255 234 169 0 255 77 255 0 0 176 255 0 64 255
    255 0 0 0 255 15 216 255 0 255 0 255 7 0 255 246 255 0 0 98 255 0
    222 0 255 255 0 255 255 255 0 0 255 255 0 255 0 255 0 0 0 255 255
    255 0 199 0 255 0 255 0 0 255 255 205 0 255 255 30 0 0 255 0 255 71
    0 0 255 0 222 255 255 65 225 255 40 255 0 255 0 234 0 255 255 91 255
    0 0 0 255 255 0 0 0 110 0 0 0 0 255 32 255 0 17 255 204 255 0 255 0
    255 0 255 55 255 255 37 0 255 255 45 0 0 255 255 255 228 0 0 255 198
    255 105 0 83 0 22 118 255 109 0 255 0 255 255 255 255 255 13 255 0 0
    0 255 255 33 0 0 0 0 255 0 65 104 255 0 255 0 255 255 255 191 239 0
    0 0 0 255 0 181 0 255 241 255 0 0 221 0 255 60 0 36 200 47 146 255
    255 0 0 255 255 255 0 255 0 0 0 255 209 0 0 255 0 255 255 3 167 130
    0 255 130 255 51 255 164 0 162 0 255 0 0 0 255 53 20 0 0 255 107 255
    255 0 255 0 6 0 255 0 255 0 255 0 15 255 0 255 0 255 0 255 255 255 0
    255 255 0 0 255 255 0 255 186 62 255 152 0 0 255 255 0 0 0 0 0 255
    94 249 0 0 0 255 37 255 0 0 0 0 255 255 0 255 0 255 0 255 0 236 0
    255 255 255 0 0 255 144 243 0 153 53 255 0 0 255 40 255 0 255 0 255
    41 0 0 92 0 255 0 0 0 152 94 255 172 0 0 0 255 255 135 0 226 255 255
    0 0 0 255 255 0 255 255 255 0 0 244 255 255 0 0 0 255 0 0 0 255 0
    255 255 186 255 255 184 0 255 255 0 255 255 255 152 78 0 222 255 255
    255 0 0 255 255 51 0 68 255 28 255 0 249 0 255 0 255 20 255 0 0 0 0
    255 83 0 0 0 255 0 255 0 98 255 255 0 0 255 0 255 0 255 0 0 0 226
    255 0 0 31 0 255 0 255 255 255 0 0 255 26 0 0 255 148 0 37 0 255 255
    255 0 175 255 255 0 0 0 255 255 0 255 255 255 0 0 197 255 255 0 45
    255 0 255 0 73 0 124 0 255 0 5 95 239 255 0 0 0 166 0 255 255 0 0 0
    255 255 255 0 255 0 59 34 0 255 255 255 255 202 45 0 0 198 59 45 0
    255 0 255 0 0 10 255 255 0 255 0 255 68 91 0 0 0 0 255 255 255 57 0
    0 255 0 255 255 255 255 0 44 255 166 0 68 255 255 255 0 0 255 32 64
    0 0 255 0 255 0 255 0 255 0 128 226 255 0 255 0 255 0 255 0 251 255
    255 0 255 0 255 0 255 0 254 0 255 106 255 0 255 0 255 0 211 0 255
    255 0 0 0 255 215 146 0 0 255 255 255 255 0 24 66 255 255 0 255 174
    0 177 0 255 62 0 0 62 0 223 174 0 255 255 0 28 255 255 0 255 0 188 0
    255 255 255 156 155 0 255 255 177 0 0 0 255 255 255 255 255 0 0 255
    189 255 244 148 0 245 0 255 44 112 255 159 159 193 183 0 255 255 0
    207 0 255 0 0 85 255 255 124 67 0 0 0 0 255 0 255 255 255 0 0 98 0
    255 255 255 14 255 207 255 255 0 255 0 255 0 255 0 255 0 81 255 255
    28 0 0 0 255 255 255 27 65 91 0 0 255 232 0 245 255 255 0 0 0 255
    255 255 255 0 0 141 255 0 25 0 191 255 0 255 120 53 0 247 0 5 0 21
    255 41 0 255 255 255 0 13 0 0 255 0 255 212 255 255 0 0 0 255 255
    162 20 0 255 255 255 255 255 0 255 161 255 250 255 46 0 0 0 255 255
    255 255 255 61 255 255 0 0 0 141 0 255 0 255 255 66 0 0 0 49 255 255
    255 0 0 255 255 255 255 255 255 33 0 137 50 255 255 213 255 255 255
    255 0 255 0 251 0 0 0 255 255 255 0 0 0 214 255 0 136 0 255 0 255
    255 0 116 0 255 0 0 124 255 0 0 0 255 255 255 0 0 0 255 0 255 254 0
    255 0 255 0 255 255 255 0 0 108 255 255 0 255 24 0 255 255 255 134 0
    0 0 254 255 0 0 0 255 255 255 0 167 217 255 255 0 102 0 255 211 0
    102 255 255 234 0 0 255 0 255 0 255 0 0 0 255 255 0 255 255 255 11
    255 255 0 0 255 255 3 255 255 0 0 0 255 108 255 0 255 255 88 255 255
    212 255 0 255 0 0 255 255 255 255 0 255 255 0 255 0 224 0 0 0 255 0
    0 0 189 255 0 255 0 54 255 255 255 0 0 0 255 0 255 0 255 0 197 0 0 0
    255 255 255 0 255 255 0 255 255 193 31 255 0 255 255 255 255 0 52 2
    255 255 0 0 255 0 255 0 255 72 255 0 0 255 141 255 255 0 0 0 255 255
    255 0 255 255 255 0 255 255 203 0 0 0 255 0 235 0 47 0 255 255 255 0
    0 255 255 255 0 0 0 255 255 255 255 0 0 29 255 255 0 0 0 255 255 0 0
    0 255 0 0 0 0 255 49 255 255 0 0 0 255 188 194 18 255 255 255 0 255
    192 0 153 0 255 0 255 0 202 0 255 0 255 255 255 0 0 0 0 242 151 255
    255 133 0 0 0 0 255 255 0 0 198 0 255 0 91 255 255 255 0 255 0 0 0 0
    21 0 255 203 0 0 255 49 255 0 0 255 176 255 0 0 0 255 0 255 154 255
    0 0 255 255 0 255 0 0 30 255 255 0 0 255 0 0 0 0 0 255 204 0 136 255
    255 67 186 0 0 0 255 255 0 255 0 255 0 255 255 255 0 255 150 0 255 0
    255 255 0 0 127 0 0 0 255 0 0 255 0 255 0 255 0 255 94 0 0 255 46 94
    0 0 236 255 255 0 255 0 196 0 255 255 0 236 255 255 0 255 0 255 0
    192 0 255 171 255 0 0 221 240 255 255 255 255 205 0 0 0 255 0 255
    255 255 178 0 0 255 0 203 0 0 0 255 255 255 0 255 0 255 0 255 0 0 0
    255 255 22 43 255 18 255 255 255 255 255 255 255 148 0 0 0 0 255 0
    250 229 129 0 255 0 255 0 197 98 255 255 0 255 255 22 255 255 40 34
    0 0 0 255 0 255 0 56 255 152 255 0 255 0 0 245 255 255 255 0 85 165
    103 0 0 0 0 0 0 0 0 255 255 0 255 0 255 0 255 255 255 0 0 0 255 255
    255 255 8 255 0 255 0 255 255 255 152 0 0 120 255 0 180 19 0 255 0
    60 232 0 0 157 0 202 255 0 195 62 255 3 255 255 0 0 255 255 255 0
    255 0 102 255 0 8 0 255 255 0 0 216 152 0 0 0 255 29 255 88 0 0 255
    113 0 255 0 107 135 0 220 0 0 255 255 0 158 0 255 135 141 255 0 255
    0 0 0 255 255 48 0 0 79 255 255 0 0 255 191 255 59 0 255 0 0 255 255
    255 108 255 255 255 0 29 255 255 255 255 0 0 255 255 18 97 255 0 0 0
    144 255 0 249 0 255 0 255 36 0 0 0 183 0 0 255 0 255 255 0 255 0 255
    0 255 0 0 0 255 255 0 0 206 0 255 255 255 255 0 0 130 255 255 0 255
    0 168 255 0 255 255 0 0 174 0 255 0 255 0 255 255 0 0 0 255 255 144
    255 0 229 255 255 255 0 49 0 18 255 0 0 0 0 172 0 255 255 0 0 0 255
    3 227 255 255 255 255 0 159 255 255 0 0 20 0 255 0 255 255 255 0 0 0
    255 0 154 33 253 255 0 0 255 255 255 0 0 255 255 0 0 0 255 255 255
    242 0 140 0 0 0 236 170 0 255 255 255 0 255 0 255 0 255 230 255 0 0
    0 255 0 0 191 255 140 255 0 255 0 0 0 255 255 255 141 255 0 0 0 255
    255 0 0 0 0 255 244 255 255 0 215 113 255 255 87 0 0 38 255 0 255 0
    118 255 255 124 0 0 229 255 255 207 114 255 255 0 255 42 255 255 255
    255 0 143 255 255 255 0 71 0 255 130 255 0 0 0 255 255 0 0 78 0 255
    45 24 0 0 255 37 255 255 0 255 0 255 255 255 0 0 0 0 255 0 255 0 255
    255 255 0 255 0 121 0 0 169 0 255 0 213 113 0 255 51 255 0 0 0 255
    76 0 17 255 255 255 99 255 96 0 0 0 255 0 255 207 0 255 0 255 0 255
    0 255 0 213 53 0 255 0 255 255 242 255 0 166 0 90 255 65 133 132 255
    0 255 151 255 0 255 0 255 0 238 255 236 255 0 176 0 255 212 0 0 0
    255 43 0 0 255 74 0 0 255 229 157 0 0 0 0 0 255 228 120 255 0 255 0
    158 0 255 255 255 255 255 0 204 150 255 0 0 211 255 255 0 0 0 0 255
    255 150 255 0 178 0 0 0 255 0 0 23 255 255 255 255 0 255 255 52 217
    0 0 81 0 255 255 0 0 255 0 255 0 255 0 0 255 202 239 0 0 255 255 255
    255 237 0 0 255 255 255 179 0 255 255 0 0 0 0 109 255 0 191 255 255
    255 105 0 0 172 135 19 0 255 0 255 255 255 0 0 255 80 25 255 255 0 0
    168 0 124 255 255 0 255 255 255 0 97 0 255 48 0 77 69 255 76 0 255 0
    22 255 255 0 255 0 0 0 0 255 255 0 0 255 137 0 0 2 79 255 255 0 255
    255 255 0 0 247 0 0 0 255 0 0 255 255 255 255 0 0 0 255 255 0 255
    255 255 0 37 65 0 255 0 134 91 0 67 0 12 0 255 255 255 0 255 37 255
    255 255 255 0 96 255 255 0 198 0 255 99 255 0 255 78 255 255 0 0 0
    255 0 0 0 120 255 0 255 0 255 0 255 0 255 0 255 255 0 255 11 255 255
    255 0 0 0 255 255 255 0 0 255 255 74 0 0 255 255 0 0 0 0 26 255 255
    0 0 0 0 0 79 80 255 0 255 0 118 0 0 255 32 255 0 255 0 255 255 0 0 0
    255 255 68 0 255 255 0 83 46 0 255 0 255 0 255 234 150 0 255 255 0
    145 255 0 201 255 126 255 0 255 255 255 255 0 197 0 255 0 255 255
    169 220 0 173 88 0 255 255 0 0 0 255 255 0 0 255 0 87 255 255 255
    255 0 26 255 60 255 255 0 148 255 0 255 0 255 34 255 0 218 0 255 255
    0 174 182 0 103 255 153 192 0 0 255 54 170 0 255 0 215 255 0 255 255
    255 0 255 49 0 255 255 141 0 255 255 138 255 118 255 255 255 255 0
    255 0 255 0 0 4 191 255 255 0 0 255 21 209 0 0 65 0 0 0 255 255 131
    0 84 255 255 12 0 96 255 0 255 99 255 0 255 33 255 20 0 255 255 255
    0 41 42 255 255 255 0 255 255 0 255 125 0 255 0 255 255 255 0 0 255
    255 0 250 0 255 136 0 54 255 0 93 255 0 236 0 188 0 52 122 255 255
    255 0 0 255 255 255 0 0 0 255 255 0 255 187 255 255 255 255 0 255 0
    125 0 0 255 255 0 0 75 0 0 255 250 0 0 0 255 255 255 7 0 0 0 0 0 255
    0 255 255 255 255 0 0 255 208 255 0 255 14 0 255 255 0 255 0 255 0
    255 0 0 0 255 93 93 205 255 255 255 0 255 181 255 0 0 0 135 0 0 0 0
    255 255 255 0 255 243 255 0 0 255 255 0 40 0 255 135 0 0 112 255 0 0
    0 0 0 219 255 28 0 255 255 255 0 0 255 170 0 0 0 0 141 255 255 0 0
    255 255 255 86 255 59 255 255 167 108 0 255 188 0 0 255 255 0 0 255
    255 0 0 0 148 255 255 255 198 0 255 0 255 0 255 255 0 0 0 255 51 0 0
    0 255 255 0 255 0 0 0 255 255 153 0 0 112 0 0 255 0 255 123 131 12
    255 255 0 0 0 243 0 255 0 255 78 169 255 0 255 0 0 0 0 252 167 255
    48 45 0 176 255 0 255 77 255 0 0 35 0 255 68 255 255 255 205 0 255
    255 0 0 0 255 255 20 255 255 0 255 206 255 0 255 0 255 0 255 255 255
    74 255 0 255 0 255 6 0 0 170 142 64 0 0 0 255 255 0 0 51 255 255 0 0
    0 255 255 255 255 255 0 0 255 255 255 0 0 103 255 255 0 156 0 82 255
    255 0 0 255 255 255 255 0 221 0 255 255 255 230 0 0 255 255 255 2 0
    0 255 255 159 0 0 208 0 0 255 128 0 0 255 0 0 52 255 0 255 255 255
    255 119 0 0 21 214 255 242 0 0 0 255 0 99 255 255 119 0 0 145 255
    255 253 0 255 0 255 0 174 0 255 0 255 255 0 0 255 255 0 0 0 255 146
    255 0 193 192 0 255 0 255 255 255 0 0 0 255 190 113 0 133 0 255 0
    255 0 255 0 255 0 255 255 255 3 0 203 255 255 123 0 105 255 255 255
    0 0 255 12 0 0 178 0 255 75 0 0 255 255 255 0 185 219 255 0 0 255
    169 255 139 255 0 255 0 255 0 0 195 101 0 0 255 255 255 0 255 0 255
    255 255 0 0 170 65 255 0 0 202 0 67 228 255 131 0 0 255 255 0 255
    255 0 0 0 215 0 0 255 0 255 0 0 255 255 49 255 191 0 0 0 255 255 255
    0 0 0 251 0 255 0 0 0 0 255 0 255 0 0 255 255 187 255 0 255 0 255 0
    255 0 255 27 255 0 0 255 0 255 0 255 255 191 173 255 255 255 0 255 0
    255 255 0 255 255 255 61 0 255 255 255 95 0 255 0 255 0 255 67 255 0
    0 0 0 3 255 0 255 255 224 255 0 209 0 255 255 0 0 0 255 255 255 130
    0 255 0 255 255 106 255 0 0 249 0 255 43 127 170 255 0 255 62 0 255
    0 255 0 255 0 255 250 0 0 0 98 255 255 255 0 255 172 46 255 255 172
    0 0 255 255 255 255 0 20 0 0 0 255 0 145 123 0 139 255 255 255 0 255
    0 255 0 0 255 243 255 46 10 39 0 93 255 255 200 0 108 225 0 255 129
    0 0 255 255 255 126 255 0 255 0 255 0 0 139 255 0 255 0 255 0 206
    255 0 255 255 255 255 0 0 120 245 255 0 0 0 255 112 255 8 105 67 6
    255 0 68 150 255 255 101 0 0 0 127 0 163 0 255 255 0 0 255 255 255
    239 230 82 0 0 0 255 0 0 5 0 0 0 0 255 255 255 255 0 0 0 0 218 0 255
    0 0 255 150 28 255 160 255 0 0 0 255 255 217 195 0 200 255 0 255 200
    29 0 255 255 255 255 0 255 0 0 131 31 206 0 255 68 0 0 255 220 255 0
    255 0 152 61 255 0 0 255 0 255 0 0 254 10 211 255 255 0 80 255 0 61
    0 255 255 0 0 255 255 255 255 202 87 0 255 0 116 0 255 255 255 255
    255 0 0 0 0 255 255 255 0 255 0 255 12 0 0 255 255 0 0 0 0 0 255 255
    0 0 255 213 255 0 0 0 255 255 0 0 0 0 69 94 234 24 255 255 0 0 0 255
    255 255 255 198 255 130 0 255 0 252 255 0 255 58 0 0 255 0 229 255 0
    0 192 255 47 227 0 200 0 78 0 0 255 255 255 255 0 255 0 255 0 42 67
    255 255 0 182 0 0 255 255 0 0 0 255 255 255 255 0 255 255 255 0 255
    0 0 255 255 0 0 0 255 255 255 0 80 0 67 255 255 0 0 0 255 0 210 82
    255 0 0 0 169 255 51 0 255 0 255 104 255 255 0 255 193 0 0 0 255 0
    255 0 255 0 125 0 255 0 0 0 255 255 255 255 255 0 0 69 159 255 255 0
    255 255 255 0 255 0 255 0 255 255 255 0 255 124 255 142 255 255 255
    255 0 0 255 255 0 164 255 0 255 0 255 183 255 0 0 255 0 255 0 255
    255 0 112 255 0 0 0 255 0 0 255 0 255 255 85 44 255 255 255 0 0 255
    255 0 255 255 118 0 255 255 255 201 0 0 255 255 0 246 255 255 255 0
    0 196 255 0 155 0 210 0 0 255 0 0 255 255 0 199 0 255 255 106 255 0
    255 0 255 0 0 0 0 255 255 255 0 255 22 255 255 255 255 255 0 0 0 255
    241 255 0 255 255 255 0 134 78 255 194 255 0 0 0 255 255 39 255 8
    255 0 0 0 0 255 255 255 0 0 255 0 0 0 0 154 255 255 255 0 0 115 255
    255 0 0 255 0 0 15 255 0 255 255 88 0 255 0 0 255 203 49 255 30 255
    0 0 0 255 255 255 255 35 0 0 255 255 255 255 0 0 255 255 255 255 255
    0 0 233 255 0 0 111 0 143 221 7 255 0 0 255 0 255 0 0 0 0 0 165 0
    255 217 0 0 0 0 170 255 0 255 0 0 0 255 255 255 255 0 183 0 255 255
    255 0 0 255 0 33 0 255 0 0 255 0 168 0 255 255 255 255 0 0 0 0 255 0
    255 0 255 150 210 0 62 128 255 146 255 255 0 0 0 255 0 143 255 255
    255 0 155 0 255 0 255 255 255 0 34 0 255 223 255 0 0 0 255 255 255 0
    255 255 0 65 0 255 0 255 0 255 0 0 106 0 255 255 217 0 0 167 0 0 175
    255 0 0 255 255 255 255 129 0 255 255 126 255 255 0 255 233 255 0 0
    255 255 255 0 0 0 0 245 240 121 0 0 255 255 220 0 0 0 69 255 99 255
    0 0 255 159 0 187 255 255 255 10 182 0 0 189 255 255 255 255 198 26
    255 255 255 0 0 255 255 255 255 255 47 0 0 0 255 255 0 0 0 255 0 0
    255 0 255 255 255 255 0 0 255 0 255 66 255 255 255 0 0 0 255 16 0
    255 255 255 255 255 0 0 0 0 0 0 0 191 255 255 0 0 0 255 255 0 55 0
    255 255 0 0 96 0 226 0 255 0 0 0 255 255 255 255 0 0 0 0 255 0 255
    255 167 0 42 255 93 255 26 93 0 255 0 255 0 0 0 255 174 255 255 0 0
    72 0 118 0 255 94 79 0 0 255 0 203 0 255 255 255 255 144 255 255 255
    255 0 0 208 255 0 33 135 255 255 255 220 40 0 0 0 214 255 255 255 0
    39 255 255 255 0 0 91 0 0 255 255 255 0 236 0 255 0 0 0 255 138 255
    0 255 33 0 0 255 255 255 227 0 0 255 17 255 0 0 255 255 255 255 0 0
    255 255 0 46 255 124 0 255 0 255 213 255 211 255 85 252 207 255 60
    255 125 0 0 217 0 0 0 255 0 0 255 0 255 0 0 0 0 255 0 255 192 0 255
    255 255 255 255 0 0 255 255 255 238 1 255 0 0 0 0 0 0 255 255 0 0 64
    255 0 255 0 0 0 255 255 0 255 255 255 0 0 0 222 0 255 163 166 0 0
    255 255 38 255 65 131 0 255 255 0 0 255 0 255 0 255 251 255 0 0 255
    0 200 0 142 255 0 255 0 38 255 255 100 0 0 255 0 54 32 167 0 0 255 0
    255 0 255 255 255 0 0 255 255 79 79 0 0 255 255 255 193 0 0 0 0 255
    130 255 45 0 0 255 122 255 0 0 42 255 255 255 0 255 0 152 0 255 255
    125 255 0 255 0 255 0 255 0 0 0 255 255 0 255 187 255 0 0 0 255 255
    0 255 0 255 255 169 0 0 0 255 255 255 255 255 217 0 255 0 0 0 255
    255 255 0 0 0 0 0 255 0 0 0 255 255 255 255 0 255 0 255 0 0 0 255 0
    253 0 255 255 0 27 0 229 214 255 255 255 0 255 38 255 0 197 255 0
    255 0 0 0 95 255 255 255 0 255 0 255 0 255 19 0 255 0 0 0 255 0 255
    134 255 86 29 60 0 0 255 167 255 255 132 0 0 255 255 255 255 0 255
    255 0 0 0 154 255 0 255 49 0 0 255 0 255 167 255 78 167 0 0 0 255
    255 255 0 109 0 255 255 0 255 255 255 0 255 255 0 0 0 0 255 177 255
    255 255 0 0 0 255 255 255 0 255 0 255 0 0 0 255 255 0 0 255 0 82 0
    255 0 48 255 255 255 0 255 255 255 255 0 5 0 0 255 255 0 255 114 158
    120 255 71 0 255 255 138 87 0 255 255 255 216 37 255 255 255 0 71 0
    255 255 91 0 0 255 255 0 255 0 255 0 0 255 255 0 255 0 255 0 81 255
    255 0 14 0 0 0 255 255 0 255 255 255 0 241 0 255 0 255 0 255 0 126
    31 98 255 0 255 0 255 0 0 110 32 255 255 95 0 0 229 255 0 0 255 0
    255 171 255 0 0 255 255 0 0 44 255 100 255 29 245 0 255 192 0 255 83
    255 0 255 255 255 222 197 255 0 0 0 181 0 0 255 251 0 147 0 0 68 0
    193 0 255 255 255 255 0 0 0 255 0 0 255 255 255 0 0 255 233 0 0 120
    255 255 255 0 110 0 154 255 255 255 0 0 255 255 255 0 0 255 0 255 0
    0 244 0 120 0 0 0 255 0 255 255 255 0 0 0 255 255 0 159 255 255 0 0
    0 255 131 209 255 255 255 0 0 0 5 0 255 255 0 237 255 255 242 0 0
    255 255 0 0 0 243 216 255 255 0 0 255 255 0 0 255 255 255 0 0 0 255
    54 255 0 255 255 0 255 0 0 0 0 255 255 255 195 57 255 255 255 15 196
    0 255 213 0 0 0 255 175 0 0 119 0 255 197 0 0 96 255 0 0 255 168 255
    73 255 129 0 0 255 52 255 170 255 245 0 0 0 255 255 0 0 255 0 255 0
    255 0 159 0 0 0 5 255 255 255 213 0 156 232 118 0 255 0 183 76 255
    253 0 0 0 255 255 255 76 0 0 0 203 0 255 255 255 0 0 0 255 56 255 0
    255 0 255 143 255 242 255 0 53 0 255 0 37 0 60 0 248 0 255 0 255 142
    255 0 0 255 255 0 0 163 255 255 0 141 0 0 255 255 0 255 255 197 0 0
    0 255 255 255 255 0 255 101 0 0 255 0 173 173 0 0 0 255 132 255 255
    255 0 232 182 255 255 94 255 0 0 0 196 0 0 255 255 255 255 0 0 0 255
    255 255 0 255 255 255 0 0 0 255 255 255 50 16 0 0 0 0 0 255 7 255 0
    255 179 66 0 255 255 0 107 255 255 0 69 0 0 0 255 30 0 0 255 0 255 0
    147 255 0 255 0 255 0 255 0 233 36 255 124 0 140 255 255 103 0 38
    169 0 255 0 0 0 255 255 255 0 0 255 46 255 9 0 0 255 255 255 255 255
    0 0 0 0 0 0 255 255 255 255 255 0 0 255 217 255 255 0 0 0 120 255
    236 0 0 255 255 0 255 255 255 0 0 0 255 255 0 0 255 255 137 0 0 255
    255 255 178 255 0 255 147 255 0 0 0 0 0 255 30 255 0 255 0 0 103 255
    255 0 0 255 255 129 8 132 255 255 255 0 0 0 255 255 213 0 0 0 255 0
    0 255 138 0 0 0 87 255 255 255 176 255 0 0 0 0 76 0 255 255 0 255 0
    186 241 160 255 255 61 255 0 255 169 27 0 255 255 255 0 0 0 255 0 33
    230 52 255 0 255 21 255 0 255 129 255 255 255 0 0 0 255 254 254 255
    0 225 255 255 0 0 171 255 255 255 0 0 255 255 255 0 0 0 255 0 255 0
    255 255 0 255 0 255 0 30 164 0 0 255 255 245 0 0 255 255 176 0 255
    255 100 0 93 255 0 0 0 0 255 255 255 0 255 0 0 0 255 255 180 255 0 0
    255 255 0 255 255 64 0 255 255 0 0 0 255 0 0 0 0 255 255 166 255 0 0
    255 255 255 236 0 0 255 255 255 255 0 0 0 255 46 0 255 184 0 255 0
    200 70 255 0 253 0 255 0 0 0 255 255 255 0 255 255 0 0 234 255 255 0
    255 250 0 114 255 255 255 255 255 0 0 177 0 255 255 59 0 29 0 255
    255 255 0 255 0 255 0 0 255 0 255 0 242 118 255 255 0 13 0 92 255
    255 255 0 255 0 255 255 0 0 0 255 0 255 255 255 255 0 0 255 255 255
    255 0 0 0 255 255 207 106 0 9 0 0 0 255 5 0 0 255 255 0 203 0 255 39
    255 187 255 255 0 255 17 0 0 0 59 255 255 0 255 9 0 221 0 0 0 225
    255 111 255 0 255 0 255 255 255 255 0 255 251 192 0 0 115 45 0 93 5
    0 255 0 255 0 6 255 255 255 132 255 0 0 0 0 255 255 255 144 0 255
    255 0 0 0 0 255 255 3 0 0 0 175 255 0 0 233 255 255 0 84 255 255 56
    0 189 240 152 255 255 255 0 255 0 255 87 0 101 0 255 0 255 42 14 0
    138 255 21 255 0 255 0 0 0 255 255 255 0 0 255 255 146 104 0 255 0
    255 0 0 255 0 25 0 89 0 255 255 255 0 255 0 255 187 0 0 255 255 0 0
    255 255 255 255 143 0 255 0 128 0 0 140 255 255 0 0 110 18 0 32 0
    255 255 255 107 255 91 0 147 255 255 255 255 37 0 0 255 112 255 0
    170 255 0 255 86 255 0 0 255 255 255 255 0 0 0 255 86 255 255 255
    255 0 0 57 255 255 0 169 0 255 255 255 255 0 253 115 255 255 0 0 205
    151 255 255 0 0 0 255 255 255 6 0 190 0 181 255 0 255 211 0 105 65
    255 255 255 0 255 255 255 250 0 26 255 255 0 255 0 255 255 0 0 0 0
    255 255 255 255 22 174 255 255 255 0 0 255 255 0 255 0 0 0 0 0 0 255
    255 72 0 0 99 0 0 104 0 255 255 255 0 0 255 255 55 25 0 185 255 155
    73 55 255 255 0 146 255 164 255 255 255 0 0 255 0 255 255 98 0 0 255
    0 0 0 255 0 190 0 0 255 255 255 0 0 2 0 143 40 237 255 255 255 0 0 0
    255 34 0 0 0 255 0 255 0 0 0 0 0 255 0 134 23 255 0 0 65 0 255 120
    255 0 255 255 0 0 0 149 255 255 255 0 255 255 255 0 255 0 255 0 255
    255 0 0 0 0 255 255 255 204 0 255 70 255 0 255 0 255 0 52 255 255
    255 235 0 0 0 255 255 255 255 255 43 0 255 170 255 0 0 0 255 255 0
    255 0 255 255 0 0 0 255 255 255 0 245 234 0 255 0 238 89 255 214 0
    139 0 0 255 255 103 0 19 255 0 130 255 0 234 0 0 0 31 163 255 0 63 0
    255 0 77 0 255 255 0 243 0 0 0 255 0 0 0 255 255 255 255 0 0 0 255 0
    255 154 113 0 0 0 255 255 0 222 0 0 255 0 255 0 0 255 0 0 0 0 0 0
    255 255 28 0 0 167 0 255 126 255 0 255 255 0 0 255 0 255 0 240 240 0
    0 0 255 58 255 119 1 255 255 0 0 243 255 255 77 255 255 255 0 255 0
    255 255 255 168 0 255 238 215 0 0 219 0 255 14 255 255 255 179 0 0 0
    0 0 196 255 225 255 0 0 0 255 225 255 255 255 255 0 0 0 255 255 255
    0 0 255 255 239 255 20 255 0 255 255 0 50 0 255 0 255 0 199 0 0 255
    197 255 0 0 0 39 255 255 194 0 0 0 203 255 255 0 13 77 0 2 0 255 19
    0 255 0 255 0 0 46 255 255 0 192 255 255 0 200 0 0 255 245 255 0 255
    255 0 255 0 0 0 255 255 221 255 0 255 255 255 0 255 82 255 255 255 0
    0 255 30 2 255 0 255 0 35 255 0 255 0 0 120 0 0 0 255 0 255 0 251 0
    0 255 0 201 0 255 0 0 0 255 255 124 148 250 255 255 255 0 0 0 255
    255 0 0 255 255 0 0 178 0 0 0 255 0 255 255 255 0 255 29 255 255 255
    0 255 0 255 175 255 0 0 255 94 0 0 209 0 0 189 113 255 0 255 0 255
    255 0 255 0 255 0 255 0 0 255 255 255 0 0 0 255 0 255 0 255 0 255
    245 0 176 0 181 37 255 255 0 0 0 37 38 0 0 188 0 255 255 49 225 0 0
    0 0 0 102 255 0 0 148 255 0 0 255 0 255 0 255 149 0 255 38 255 255
    255 0 255 255 255 0 255 0 255 0 255 157 255 255 255 0 255 0 45 0 75
    79 255 43 0 0 3 0 255 212 255 0 144 0 255 123 0 0 0 0 255 0 255 0
    255 50 255 0 0 82 0 255 0 255 0 0 255 255 255 255 0 0 255 255 255
    255 251 0 255 179 255 0 0 0 0 255 255 0 0 0 0 255 0 85 255 213 255 0
    233 0 255 255 255 255 255 62 0 255 146 0 255 255 255 0 255 0 0 0 0 0
    255 0 255 255 255 177 0 255 107 255 0 255 255 129 255 255 255 0 0
    255 255 0 0 0 255 0 0 0 255 255 255 0 0 0 17 0 0 255 255 245 0 219 0
    131 0 110 255 131 234 0 54 0 0 0 255 37 0 36 81 255 0 255 38 255 0 0
    0 0 255 0 255 255 0 0 252 0 29 255 255 255 255 255 30 0 0 214 69 230
    255 53 255 0 255 0 157 255 255 0 0 255 0 255 0 255 255 255 31 255
    221 255 0 0 185 255 255 0 189 0 248 54 255 0 156 0 255 0 255 255 0
    170 115 184 0 0 255 255 255 146 255 255 62 141 0 0 255 255 0 26 255
    0 0 255 255 0 255 0 255 69 255 1 16 255 255 0 255 255 255 255 255
    140 0 138 255 255 57 0 0 0 255 0 255 0 255 0 0 255 74 255 0 0 0 255
    0 0 0 255 255 222 0 133 109 0 255 255 255 0 255 250 255 0 255 255 16
    135 0 228 255 152 58 255 0 122 0 207 255 0 255 255 35 0 255 0 255 29
    255 0 255 36 255 255 0 255 0 255 255 255 0 0 0 0 255 255 255 255 0
    204 0 255 59 255 0 0 255 255 0 0 255 255 44 0 255 0 211 0 0 255 0
    255 255 255 87 206 0 0 0 255 0 255 96 255 152 255 255 255 142 0 0 0
    0 187 104 255 109 0 255 0 0 255 255 255 203 0 0 180 255 255 255 26
    255 61 255 0 0 255 0 0 255 255 255 0 0 255 0 255 255 255 0 0 0 255
    255 255 255 0 0 255 0 255 162 0 193 241 255 0 0 0 255 0 0 143 255 48
    157 255 255 255 0 255 0 0 0 0 255 255 0 255 0 0 0 0 255 0 0 0 0 255
    255 59 0 0 255 0 255 0 0 255 0 255 166 81 255 50 255 0 0 255 148 0 0
    255 0 255 113 0 255 186 176 0 174 0 255 0 0 0 255 255 255 235 0 53 0
    255 255 255 255 0 236 0 0 164 255 0 0 0 154 255 255 255 0 0 255 255
    255 0 255 0 0 0 255 255 169 255 0 0 255 255 0 0 115 222 198 149 0 0
    255 0 0 103 0 255 255 172 255 255 61 255 0 159 0 255 0 255 0 109 0
    234 0 0 10 39 169 255 0 0 255 255 0 255 255 194 0 0 255 255 14 0 0
    255 255 255 255 0 0 255 255 140 255 0 255 57 255 0 255 141 0 0 0 161
    255 255 36 0 0 94 255 255 73 0 0 255 0 170 188 255 167 0 174 0 255
    255 255 0 0 255 113 255 255 0 0 0 183 204 255 255 0 0 255 112 255
    179 255 255 255 255 0 0 0 255 0 255 255 255 255 0 255 0 255 0 255
    255 0 211 5 0 0 209 0 0 255 0 255 0 28 147 255 255 0 0 0 255 0 0 0
    255 214 255 0 0 255 255 255 255 222 0 0 255 255 50 255 51 0 255 0
    255 0 0 186 0 255 0 255 0 220 255 255 255 0 0 183 255 255 0 0 255 0
    167 0 255 0 255 0 0 193 255 255 255 0 255 0 255 241 255 255 226 255
    255 109 0 0 0 255 255 255 0 0 255 255 11 239 160 255 0 0 171 0 255
    255 58 0 0 205 0 255 0 0 0 255 0 255 149 0 0 255 0 255 0 255 0 0 255
    255 255 0 255 0 255 57 164 255 0 255 0 255 0 248 255 0 0 0 255 206
    255 0 255 0 86 255 255 0 235 0 63 0 255 255 0 255 0 255 255 0 255 0
    255 0 0 255 255 255 0 0 0 0 0 255 255 255 188 0 0 22 255 255 100 255
    255 0 0 0 255 255 0 255 236 255 72 0 255 255 255 255 0 0 54 0 0 0
    255 255 0 255 71 116 255 255 255 0 255 255 0 255 0 0 0 0 255 0 250 0
    255 0 0 0 0 22 0 255 0 198 0 29 255 255 0 0 0 0 255 0 255 0 0 0 255
    255 255 0 0 0 0 217 255 255 255 0 0 255 0 255 0 255 255 6 255 189
    107 255 255 255 255 74 0 161 133 253 67 255 0 255 0 255 0 0 0 102 2
    255 255 255 255 255 255 0 255 0 0 0 255 255 0 0 0 0 255 95 215 0 150
    255 255 0 0 0 255 0 0 244 227 255 255 0 0 0 0 0 239 255 255 8 0 0
    255 0 0 255 0 255 0 255 255 255 255 0 0 0 71 0 255 0 0 255 0 255 255
    4 0 15 0 0 255 255 81 76 0 0 0 0 255 168 255 0 174 0 255 255 0 0 12
    0 255 0 255 0 0 0 255 255 198 255 0 173 176 181 255 0 0 255 255 72 0
    0 0 255 0 255 0 255 107 255 112 177 0 0 4 0 255 255 255 0 0 0 255
    255 218 255 0 0 255 0 0 35 143 255 0 255 255 255 255 255 0 0 107 255
    0 0 210 78 255 255 255 0 255 0 0 255 0 255 0 255 255 255 255 0 37 0
    0 255 255 255 255 234 0 255 0 255 0 0 63 255 255 255 0 37 0 255 255
    255 255 255 75 0 181 255 0 255 0 255 30 0 255 255 0 123 255 0 255
    255 0 0 0 0 62 255 255 230 0 0 255 0 54 0 255 255 0 0 0 0 255 255
    112 255 255 255 0 0 215 255 255 0 0 0 0 255 255 0 255 255 0 0 0 255
    255 255 0 0 255 255 255 150 110 0 255 255 255 0 85 0 255 0 255 0 255
    255 255 0 0 58 255 255 255 0 0 0 255 0 255 255 255 255 255 255 0 45
    0 255 255 255 0 200 86 0 255 0 254 255 255 136 0 0 0 255 255 106 0
    255 0 255 114 0 255 0 255 0 134 255 178 255 0 0 255 0 0 255 0 255 0
    255 0 0 0 0 255 76 255 0 255 255 255 0 0 255 255 255 0 255 37 255
    255 0 0 0 255 255 255 0 255 0 0 0 255 255 0 100 255 148 0 0 0 255 0
    0 255 0 255 255 255 255 0 0 255 0 255 0 255 0 0 255 255 255 255 255
    0 255 227 0 57 255 255 0 0 0 255 255 0 0 0 0 255 255 255 0 0 0 255
    255 141 15 255 0 0 255 255 255 255 255 0 198 0 236 0 0 255 250 0 0
    255 0 197 0 252 0 0 255 255 255 0 0 0 192 255 255 0 0 0 255 255 57 0
    255 255 255 255 255 104 215 0 0 0 0 162 0 0 0 0 255 255 165 255 0 0
    255 255 255 255 138 232 0 0 0 255 255 255 255 0 226 255 255 0 0 0
    202 255 255 255 0 69 255 96 255 0 0 255 0 255 236 0 48 164 0 170 161
    255 0 0 255 2 255 0 255 0 0 0 70 205 255 255 119 0 145 44 39 255 255
    23 0 255 255 255 255 255 0 255 255 0 0 255 0 255 0 255 0 255 255 173
    255 0 72 0 255 0 255 0 255 255 0 0 0 255 0 60 0 255 255 255 0 0 0
    255 2 0 0 0 37 0 0 255 255 0 0 255 0 255 255 255 36 255 231 0 255
    153 255 184 255 0 71 0 255 255 255 255 255 255 255 0 0 255 255 255
    255 0 0 255 198 0 0 105 255 255 0 59 0 255 255 0 255 255 0 0 34 255
    255 0 168 255 255 0 40 255 255 255 255 202 0 0 0 255 255 255 255 179
    16 0 0 71 255 180 255 0 255 152 0 0 255 255 0 64 0 255 214 0 13 255
    255 255 255 0 255 0 0 0 0 255 94 0 255 0 146 0 255 0 208 0 0 255 0
    255 255 255 0 0 0 0 155 255 255 255 219 0 0 255 255 0 64 255 0 255 0
    0 0 255 255 173 0 121 0 255 255 5 0 0 255 255 1 0 0 0 0 255 193 0 0
    0 0 157 255 255 0 0 0 255 210 40 7 200 0 0 255 0 178 243 255 255 118
    0 0 255 255 255 255 0 0 74 0 255 66 69 0 255 0 255 0 255 255 0 255 0
    255 0 0 0 0 96 255 255 255 0 255 0 255 0 31 0 0 0 255 0 255 0 255 0
    255 0 255 255 0 30 255 255 255 255 255 0 0 0 255 0 0 0 255 255 0 0 0
    255 255 0 0 255 255 231 0 0 255 255 0 0 0 0 255 255 255 0 255 0 255
    0 255 170 255 0 255 0 0 0 255 0 255 255 0 78 255 255 2 0 193 255 0
    24 0 0 0 255 0 0 0 0 0 0 0 255 0 255 255 111 0 255 0 0 0 0 255 227
    255 81 137 221 0 22 0 0 255 255 30 0 0 255 0 0 62 255 255 0 255 0
    255 0 53 0 255 255 255 0 255 255 255 255 211 0 0 255 245 233 0 0 0
    253 255 0 255 0 255 0 255 0 255 0 255 255 126 0 167 0 0 255 255 212
    0 0 255 0 0 133 0 255 255 0 0 0 109 255 235 255 0 255 0 0 175 255 0
    0 50 229 140 32 0 255 83 0 0 0 245 255 255 39 0 0 0 255 255 255 0 0
    171 255 0 0 64 0 255 0 210 0 223 0 77 0 164 255 255 0 0 241 255 0 0
    255 0 0 255 0 255 5 255 0 0 0 255 255 255 255 247 0 0 255 90 112 0
    255 255 255 255 0 177 0 181 255 255 0 255 255 255 255 0 0 0 0 0 0
    255 255 255 0 255 0 255 0 255 0 0 255 251 79 0 0 255 0 0 0 255 255
    255 255 0 255 255 255 156 16 132 255 255 141 0 255 0 0 0 255 255 255
    255 255 0 0 0 255 255 255 0 24 123 160 0 255 255 255 204 19 0 255 0
    255 43 0 226 0 0 0 255 0 255 238 255 211 255 0 133 0 255 70 117 0 33
    0 255 0 0 244 185 193 255 255 255 255 0 228 0 0 255 255 255 255 255
    36 255 0 200 0 255 255 255 255 0 255 0 255 0 255 0 0 225 255 255 0
    255 255 255 0 0 0 0 255 165 255 0 0 0 255 255 255 0 0 0 255 182 64 0
    0 0 255 255 0 0 229 255 255 255 143 0 0 149 255 255 255 0 0 0 0 255
    255 255 0 0 9 77 0 0 255 148 0 0 255 255 255 0 255 0 255 0 255 209 0
    0 212 0 255 0 0 225 0 0 0 0 0 0 255 0 255 0 24 0 255 16 255 0 142 92
    0 255 0 203 0 255 0 255 255 255 0 23 0 0 255 0 255 0 255 0 181 164
    255 128 255 255 14 255 0 0 0 255 84 0 0 137 22 255 0 0 0 0 255 255
    255 165 0 0 0 245 0 255 255 0 255 11 255 0 255 0 255 255 67 0 0 255
    31 255 0 255 255 0 0 0 255 0 199 0 255 0 0 255 255 0 255 0 255 0 0 0
    255 255 91 255 255 255 0 255 0 148 255 148 255 57 3 134 255 189 0 0
    0 255 255 255 40 242 43 215 255 0 238 0 255 28 255 0 255 119 255 0 0
    255 251 24 0 255 0 0 82 255 255 223 0 0 71 0 255 60 0 103 0 255 0
    255 0 61 0 255 255 0 0 255 255 255 0 0 0 0 0 255 255 255 255 0 0 115
    0 0 255 108 0 31 255 255 0 255 0 255 255 255 255 95 0 0 0 255 255
    255 0 0 0 255 207 168 255 24 255 0 61 0 255 255 213 0 0 249 255 85
    255 255 47 0 255 255 255 0 70 0 0 0 255 0 255 0 0 0 84 255 255 255 0
    28 138 134 255 0 255 255 174 0 0 255 0 111 255 0 83 82 255 100 255 0
    255 0 255 255 0 255 255 239 255 0 0 255 255 206 255 0 255 0 255 0
    255 255 255 0 192 0 0 41 0 80 0 255 0 27 255 255 0 255 0 255 38 255
    0 0 0 255 243 255 255 255 0 255 133 255 255 9 255 0 0 0 255 184 72 0
    255 184 0 0 0 255 255 0 23 0 255 255 0 0 0 0 0 136 255 54 0 255 255
    255 60 255 0 211 0 255 0 49 0 255 255 0 0 0 255 0 154 0 0 0 0 171
    255 255 185 255 0 231 0 255 144 0 0 255 0 0 72 255 255 255 0 0 255 0
    255 0 0 0 255 222 255 0 255 0 0 0 255 224 255 255 0 0 0 255 203 255
    255 242 0 0 0 0 113 255 255 0 255 0 0 255 255 234 255 0 255 237 187
    0 0 255 255 211 0 0 255 0 255 0 255 255 0 0 189 255 0 75 255 0 0 0 0
    77 0 255 255 255 255 0 64 0 105 0 103 255 255 255 0 9 0 0 0 255 88
    255 0 255 68 0 0 0 255 255 255 255 0 0 0 255 230 0 0 0 129 49 59 0
    178 255 255 255 255 0 255 255 173 0 255 255 255 0 0 41 255 23 151 0
    23 24 0 0 255 255 117 0 255 255 43 146 255 255 0 205 255 0 255 255 0
    0 0 0 255 86 248 63 0 255 0 255 9 255 0 255 0 0 0 35 255 0 88 0 255
    255 0 255 0 255 0 0 255 255 0 61 0 255 117 0 255 0 0 0 114 177 0 255
    0 255 0 255 0 255 26 105 0 0 0 255 255 0 0 0 255 255 0 22 255 0 255
    114 0 0 255 0 255 0 0 0 0 0 0 255 69 0 226 255 255 0 0 255 255 0 0 0
    0 255 0 0 0 255 255 255 0 0 7 0 0 255 2 255 184 0 0 0 255 255 255
    255 0 255 255 255 213 0 0 234 255 0 170 31 42 0 255 255 255 255 72 0
    255 193 153 148 0 255 255 0 0 255 255 255 0 0 0 255 204 0 255 255 0
    255 0 255 0 0 255 52 255 3 255 255 255 255 0 0 255 139 15 0 227 255
    0 0 255 255 119 255 0 118 76 54 0 0 0 255 255 63 255 0 0 93 255 255
    88 0 255 255 0 255 0 255 255 255 0 255 0 250 101 0 245 0 255 0 255 0
    0 0 255 255 0 0 173 255 65 21 0 255 0 0 0 255 255 250 0 255 0 150
    255 255 106 255 56 0 57 234 255 0 255 255 53 255 243 255 0 0 71 255
    0 255 0 145 151 255 0 0 0 0 210 132 255 255 45 0 226 32 255 0 0 0
    238 68 58 0 0 255 255 0 0 76 255 0 255 0 255 115 0 255 164 0 0 255
    255 0 255 36 255 252 255 0 110 203 0 0 0 255 255 255 0 70 0 255 255
    255 0 0 255 255 0 0 21 0 0 255 0 255 255 255 0 0 0 255 24 173 0 0
    255 183 255 255 0 255 255 173 255 76 0 255 0 0 255 255 0 255 44 0
    255 179 0 0 103 0 83 255 255 255 0 144 0 255 255 0 0 0 75 255 12 0 0
    255 255 0 255 0 0 0 255 0 255 0 255 255 255 80 0 122 255 0 26 0 0
    173 255 255 198 0 255 0 206 255 0 255 0 235 255 255 255 219 26 0 255
    0 255 0 222 255 255 255 202 103 255 255 255 0 0 0 255 255 255 0 0 0
    134 255 159 0 0 58 0 0 45 255 255 0 255 49 0 255 0 255 0 133 0 255 0
    255 255 0 0 0 89 255 255 255 237 0 0 0 255 255 255 255 0 0 0 71 0
    255 136 255 255 156 255 0 255 0 255 0 78 125 255 0 255 0 255 255 255
    43 0 0 255 0 0 0 255 0 0 0 255 0 0 254 255 255 255 255 0 0 152 255 0
    0 255 0 11 255 255 255 0 0 255 255 255 0 255 255 0 0 55 0 0 0 255
    255 255 17 255 0 216 255 255 0 0 0 255 205 0 255 107 255 0 0 255 255
    175 230 255 0 255 60 0 192 0 255 0 255 255 255 0 255 0 255 255 255 0
    255 255 255 138 0 156 255 255 255 0 0 142 243 255 255 255 0 255 0
    225 0 12 255 105 255 0 255 0 255 232 255 255 151 0 0 0 245 255 255 0
    255 144 255 0 0 0 0 0 0 255 255 255 193 0 255 150 255 0 3 255 0 0 0
    0 255 255 255 0 255 0 53 0 255 0 255 0 255 0 255 255 255 255 0 255 0
    212 255 82 201 255 255 0 255 255 0 0 0 0 255 0 0 21 0 130 0 255 255
    255 255 0 255 0 255 255 0 255 0 0 0 0 0 0 255 255 255 0 255 255 255
    0 0 0 0 255 255 255 0 0 0 255 255 0 0 255 108 0 0 255 185 255 255 0
    0 255 255 255 255 0 255 0 255 0 0 255 255 255 0 0 0 22 255 0 0 255
    255 0 138 0 255 177 255 255 0 173 255 255 0 255 22 255 168 0 222 0
    251 0 0 255 255 255 166 0 0 0 153 255 0 255 0 0 255 255 0 0 255 144
    255 82 0 255 255 0 162 255 255 255 0 0 255 255 255 255 30 255 0 255
    0 255 0 0 221 255 255 255 0 15 6 255 255 249 0 255 255 255 0 0 6 220
    0 196 74 255 0 0 0 0 255 255 255 0 0 26 255 255 255 0 0 0 0 255 255
    0 255 0 255 29 0 0 72 0 0 255 251 195 0 255 0 255 251 0 255 0 0 166
    255 255 255 255 149 0 0 0 245 255 0 255 255 255 255 0 125 255 242 13
    0 141 0 255 255 255 0 0 0 255 0 182 73 0 174 255 0 255 255 0 255 0
    255 255 98 0 255 0 0 255 0 255 228 255 0 255 0 75 106 194 0 0 255
    255 255 255 31 113 0 0 0 255 255 0 218 255 24 103 102 255 103 255 0
    255 91 63 195 0 255 255 255 0 255 13 255 0 0 0 0 171 96 0 255 255
    255 0 255 0 255 0 255 255 255 0 255 81 0 255 255 255 255 0 231 255
    255 25 255 0 255 0 255 0 255 0 255 0 255 255 0 0 0 255 0 62 0 79 255
    0 255 255 255 255 0 0 0 255 0 255 155 255 101 0 255 0 255 0 31 0 255
    0 255 0 106 18 255 0 0 255 75 255 0 214 240 255 216 255 0 160 255
    255 255 255 255 0 151 0 249 0 167 155 29 46 255 80 0 0 0 255 255 255
    0 0 0 0 255 255 0 0 154 255 14 255 255 255 255 255 255 255 0 0 255
    255 255 0 0 255 0 255 0 98 255 0 0 0 255 255 255 255 0 0 0 0 255 219
    255 255 255 255 255 0 0 0 255 255 188 255 0 0 0 255 255 0 255 0 255
    193 255 108 255 185 57 255 255 0 0 54 255 255 255 0 255 0 149 36 0 0
    0 255 0 255 158 0 220 0 255 255 255 74 255 0 255 0 189 0 0 192 255
    255 91 0 0 244 239 255 197 255 0 255 0 220 0 255 0 255 255 0 0 0 255
    80 0 0 0 255 0 255 255 255 0 0 0 0 255 255 85 249 0 0 255 0 0 0 255
    0 0 180 255 0 0 0 255 255 255 255 0 0 124 255 0 96 255 0 0 0 255 255
    255 222 255 0 0 0 124 87 0 255 255 255 0 255 255 0 127 0 0 255 255
    255 0 93 255 0 0 0 255 255 255 0 255 255 206 255 255 65 78 0 255 255
    255 0 0 0 255 105 255 255 0 255 0 255 156 0 0 0 255 255 255 0 0 255
    18 255 255 255 255 0 230 0 80 255 255 0 0 0 0 0 243 255 255 104 110
    0 255 255 255 0 0 255 255 255 255 0 100 0 59 0 255 0 255 0 0 0 255 0
    188 0 53 255 255 255 0 0 68 255 72 199 0 126 157 0 0 255 202 0 0 0
    255 255 255 0 30 0 255 0 0 0 255 118 122 115 0 255 8 255 255 255 0
    255 255 255 0 0 5 0 255 0 255 255 255 0 0 0 0 255 255 72 0 255 255
    255 255 255 0 56 255 255 111 214 255 255 255 0 255 255 255 251 0 166
    0 0 255 0 255 0 226 0 255 255 34 255 115 255 0 0 255 255 227 0 0 0
    255 164 74 0 255 255 0 0 255 255 255 255 0 0 111 137 255 255 255 0 0
    255 46 0 0 255 255 255 0 0 255 0 255 255 0 0 0 255 200 9 255 255 176
    0 0 0 122 255 255 33 0 0 255 0 0 236 255 197 255 255 255 0 0 107 255
    255 255 255 255 255 255 0 0 255 0 126 255 0 110 0 255 255 49 0 0 255
    255 0 255 78 255 0 0 0 0 255 0 255 255 0 0 154 255 255 255 0 255 0
    255 0 255 255 0 255 255 255 0 53 255 172 0 93 255 255 89 255 255 173
    0 0 255 150 139 0 215 3 255 0 0 168 133 255 0 0 255 255 0 0 0 131
    255 0 204 0 0 181 0 255 255 255 0 0 0 255 223 255 255 0 255 232 0 0
    255 59 36 13 0 255 255 152 0 0 0 199 146 79 0 0 165 0 255 89 255 0
    255 0 85 0 255 77 255 255 223 252 255 255 0 0 0 255 0 147 155 0 0
    255 108 0 129 0 255 165 255 0 255 0 96 255 255 255 0 0 68 229 0 171
    255 226 255 0 208 255 0 0 255 56 0 0 255 66 0 0 255 255 0 0 0 0 255
    255 255 0 0 0 0 255 255 0 0 255 255 0 0 0 0 0 145 159 255 0 0 0 255
    207 255 0 84 55 0 0 0 0 255 0 255 255 0 0 0 255 0 255 0 255 0 0 255
    0 241 0 54 0 127 0 0 0 255 255 255 0 255 0 0 0 16 60 255 255 255 255
    0 12 0 48 255 255 255 255 0 34 11 255 255 255 0 242 0 0 255 0 223 33
    255 0 32 0 247 255 97 0 255 255 255 0 0 255 156 12 0 0 254 255 255 0
    0 0 255 255 255 255 112 0 0 0 255 17 255 81 255 0 0 0 0 0 125 0 255
    0 255 55 255 255 255 0 255 255 255 0 0 0 255 255 0 255 255 22 255 0
    64 217 255 216 255 0 255 0 130 0 255 0 0 70 255 105 255 0 255 0 255
    251 124 255 0 255 26 255 0 255 0 255 0 255 255 0 17 0 0 0 234 0 255
    255 0 255 78 0 0 30 255 129 0 0 255 0 240 0 255 0 0 2 255 255 255 0
    128 0 255 255 0 255 0 255 6 0 255 251 88 255 0 0 205 255 0 0 255 255
    255 0 117 255 255 255 0 255 0 255 0 255 131 255 255 0 255 241 0 255
    0 0 0 166 24 255 255 255 40 0 255 255 255 0 255 0 0 255 255 0 255
    240 255 0 255 255 0 255 0 255 0 255 255 255 0 0 0 255 0 255 255 0 0
    255 27 0 255 0 26 0 255 255 0 255 255 255 0 0 0 255 255 127 0 125 0
    0 0 0 0 255 0 255 206 255 0 0 237 0 255 255 255 43 140 255 0 255 106
    255 0 255 0 0 255 75 255 0 0 0 0 255 0 255 0 255 255 255 238 0 255 0
    81 215 244 255 0 0 0 191 0 0 255 255 38 210 200 49 255 0 255 64 5
    237 0 0 0 92 169 255 255 255 255 90 88 0 0 255 0 0 207 255 255 255
    255 245 45 222 0 255 255 149 0 255 0 255 0 255 255 195 255 255 255 0
    112 0 0 255 0 0 148 0 0 255 255 255 0 0 83 255 180 0 40 210 255 255
    255 214 178 0 255 0 255 0 0 0 255 255 255 255 0 0 0 255 0 255 255 0
    172 0 255 25 0 0 0 28 79 255 255 0 0 0 255 0 255 0 0 114 255 255 12
    255 255 190 255 255 255 0 200 0 0 255 30 255 0 0 0 255 0 0 0 255 74
    255 0 0 0 255 255 255 0 56 255 255 0 0 0 255 0 255 6 255 0 0 255 246
    77 0 255 255 255 255 255 255 0 0 241 255 210 255 135 0 1 0 255 48
    255 133 13 0 0 0 0 0 255 255 255 0 0 255 0 88 0 255 255 255 248 12 0
    0 135 255 0 0 0 255 255 255 157 0 255 42 0 255 255 0 0 13 221 255 0
    81 0 255 0 0 255 0 255 18 255 255 0 0 0 255 186 0 79 47 255 0 0 0 0
    0 0 255 255 255 255 0 155 255 92 255 43 0 0 0 255 255 229 255 0 255
    167 255 0 104 0 255 0 0 0 0 255 0 0 0 0 252 0 0 202 255 0 212 0 255
    0 255 0 34 0 0 255 1 0 255 255 255 6 0 0 0 0 255 0 255 0 255 0 255 0
    0 0 255 255 255 0 245 255 0 0 255 0 255 255 255 255 255 255 255 0 0
    0 0 255 0 255 0 255 0 0 0 0 255 255 255 255 0 183 155 255 0 255 0 0
    0 255 255 239 60 255 255 255 0 0 0 255 255 0 0 0 0 255 255 255 236 0
    175 255 255 255 0 255 0 0 0 102 0 255 0 255 0 255 0 249 255 255 190
    47 255 0 60 72 255 0 0 255 202 0 50 203 0 145 0 232 255 255 255 255
    0 255 0 141 0 199 0 255 255 0 255 59 255 255 0 0 0 255 255 208 0 255
    0 255 255 255 0 0 0 255 255 72 2 0 0 0 0 255 255 255 0 0 255 0 255 0
    255 255 255 0 103 0 255 0 255 255 0 255 0 255 255 255 220 255 94 146
    0 255 0 255 0 0 208 255 0 0 0 0 0 189 255 255 255 0 255 0 0 255 255
    111 0 0 255 255 255 255 255 105 255 0 255 255 255 0 0 0 255 255 255
    255 255 0 255 0 255 0 255 71 255 0 255 255 0 0 140 255 255 0 255 255
    255 255 23 0 255 0 255 0 0 0 255 255 0 0 247 0 0 24 255 0 255 255
    152 255 0 0 0 255 121 255 255 255 0 255 0 255 255 255 255 0 0 74 102
    255 255 38 168 0 0 255 191 255 147 0 0 0 255 255 255 0 7 0 65 255
    255 0 255 255 0 24 0 255 110 255 0 255 255 0 255 0 129 255 255 89 0
    255 0 255 16 255 0 255 0 255 248 255 255 255 0 0 9 255 255 0 0 0 77
    0 0 0 255 0 255 94 0 255 0 112 133 255 217 255 255 255 0 0 255 0 255
    255 255 255 174 0 53 2 255 137 0 73 255 0 206 0 0 0 255 144 255 0
    123 0 255 255 255 4 255 248 255 0 0 0 0 255 114 255 0 0 0 0 255 255
    255 244 255 100 255 255 0 159 0 255 121 255 32 14 255 255 228 0 0
    149 0 255 255 0 0 0 88 107 255 255 255 53 255 91 255 25 0 0 255 255
    255 255 0 0 0 255 197 0 0 255 255 0 0 255 198 255 255 0 0 0 255 255
    255 0 255 0 0 13 0 0 0 255 0 0 255 0 0 0 255 255 0 0 0 255 0 0 255
    118 0 0 255 255 255 0 255 150 0 255 0 0 255 255 255 255 0 125 124 0
    0 255 255 0 0 0 255 224 255 255 0 146 255 255 148 96 255 118 255 219
    255 0 0 0 255 255 255 255 255 0 171 255 255 0 0 255 0 0 30 255 255
    255 255 0 0 0 255 103 53 255 0 255 0 0 22 0 255 255 0 252 0 213 0
    255 26 255 0 53 255 255 87 255 255 0 0 255 0 255 0 0 255 255 255 0
    255 0 255 0 255 0 0 0 255 0 255 255 0 0 0 255 255 0 255 0 255 0 0 0
    86 255 255 0 0 0 255 0 255 0 255 0 0 255 255 0 0 255 255 255 216 0 0
    0 255 255 0 74 0 0 240 255 255 15 0 255 255 255 0 255 0 255 0 255 0
    0 3 255 255 0 0 0 255 0 255 0 255 0 101 0 0 255 255 0 255 0 21 255
    255 255 255 255 255 255 255 0 255 172 167 0 0 0 236 255 225 255 0 7
    0 0 35 255 255 0 147 255 26 255 255 255 255 255 255 0 0 0 0 255 255
    255 255 0 255 0 255 0 255 255 255 255 32 0 255 0 255 80 40 255 195 0
    255 0 255 27 38 255 255 0 0 0 0 255 255 255 0 116 164 255 192 0 103
    255 70 0 255 43 194 0 0 255 255 255 235 219 255 0 0 0 0 0 255 255 0
    255 210 0 255 255 255 0 0 255 255 80 0 255 255 0 0 0 255 0 0 130 255
    0 0 255 0 255 255 0 218 0 255 0 0 0 0 199 209 0 255 255 255 255 0 0
    255 0 0 32 255 134 0 0 0 168 255 0 0 132 83 221 0 255 255 15 0 255
    255 119 153 255 0 0 0 0 0 255 255 220 255 130 0 0 255 255 0 0 0 255
    255 0 185 0 45 83 0 255 255 255 0 255 41 171 0 0 255 255 0 0 0 0 0
    255 255 32 0 0 255 255 0 0 30 173 255 255 225 255 255 255 255 0 255
    255 255 0 0 39 255 144 0 0 83 0 255 0 255 255 113 0 0 0 255 255 255
    71 0 0 0 255 0 0 0 255 255 0 162 0 77 255 0 165 0 132 0 0 255 0 255
    255 255 255 13 121 255 68 0 0 0 255 255 255 255 255 0 0 5 32 0 0 0
    255 0 255 0 131 0 167 0 0 140 255 255 255 0 255 255 255 0 0 0 0 0
    255 0 0 0 255 255 0 255 0 51 0 255 255 228 0 255 0 255 0 0 255 0 131
    0 255 0 0 0 0 255 0 255 255 0 0 0 255 255 255 229 0 0 0 255 255 0 35
    255 0 79 255 0 255 0 0 255 255 255 0 255 231 25 255 255 0 0 0 0 0 0
    9 255 255 195 255 0 0 0 83 0 0 0 255 255 255 0 0 14 208 0 0 118 255
    255 0 255 255 255 255 255 255 255 214 0 255 255 0 0 0 255 255 0 0
    255 0 0 167 255 83 255 71 0 0 255 255 255 0 0 0 255 255 0 0 0 218
    255 255 0 0 0 162 253 255 187 255 239 0 255 255 255 0 0 255 255 0 0
    0 59 197 192 255 0 0 255 88 0 255 255 59 0 0 255 0 0 0 255 73 255 0
    255 0 255 0 0 0 255 255 21 0 170 255 0 182 0 255 0 0 0 0 255 213 255
    255 0 129 255 255 255 0 217 255 255 255 0 0 0 255 0 0 0 255 255 255
    174 0 255 255 255 33 255 255 0 0 0 255 0 0 0 0 255 0 255 157 255 255
    255 0 32 255 0 0 125 255 255 0 255 255 255 0 255 0 255 0 255 255 0
    167 255 255 0 0 245 255 0 0 0 0 0 255 0 255 0 255 255 0 255 0 0 0
    255 0 0 143 254 255 167 33 255 88 0 0 0 255 0 0 110 112 255 255 255
    0 21 0 0 0 255 0 255 255 255 255 255 0 255 0 255 255 155 104 255 0
    255 0 0 0 255 0 0 255 255 0 156 99 255 89 117 198 0 255 0 255 0 107
    0 0 255 0 0 0 81 0 255 97 255 212 147 236 0 0 0 255 255 255 255 0
    255 0 255 62 255 0 0 255 0 255 0 255 0 0 255 255 255 157 0 0 251 134
    144 236 252 255 137 255 174 0 0 93 255 0 255 0 0 0 255 90 255 0 0 95
    255 218 255 255 255 110 43 0 0 0 199 0 255 255 255 0 0 255 255 89
    174 0 0 137 0 0 255 255 0 255 0 130 0 255 255 255 181 255 0 255 0
    255 255 255 0 0 0 255 255 255 255 0 0 0 255 255 0 255 255 255 255 0
    143 0 93 255 255 255 96 255 0 0 0 0 63 255 14 255 0 255 0 6 255 255
    255 0 0 93 255 0 0 0 255 5 255 0 70 0 255 255 73 0 0 0 0 66 255 255
    176 0 26 0 184 0 255 255 210 0 0 255 219 255 255 67 0 0 242 0 255
    255 255 0 0 103 255 150 255 0 255 0 160 255 41 255 0 189 0 255 78
    255 0 0 0 255 0 0 0 0 255 255 255 124 0 235 255 255 0 211 255 0 0 0
    0 255 255 255 0 0 151 0 255 0 213 255 255 255 0 255 0 255 0 0 255
    255 0 27 255 0 6 61 170 255 182 0 255 255 55 0 0 18 255 0 255 255
    255 0 0 255 0 0 255 0 255 193 47 117 0 0 0 0 0 255 255 0 0 253 255
    255 255 42 0 0 37 221 0 255 0 255 75 255 255 254 0 0 255 0 0 114 255
    0 255 0 47 255 255 0 127 255 37 255 25 0 255 0 0 255 51 255 0 0 0
    255 255 255 255 0 0 62 255 255 255 255 0 255 0 83 193 0 255 106 102
    255 64 255 0 255 255 255 255 157 255 255 255 0 0 0 111 255 122 0 255
    255 0 0 0 0 189 0 255 0 255 255 255 0 210 0 255 79 0 255 255 255 0 0
    0 255 160 255 0 171 174 255 255 255 0 0 0 255 0 255 97 255 0 0 0 0
    123 230 255 93 0 255 255 0 0 172 218 255 0 0 153 0 255 255 255 0 0
    255 237 255 255 0 0 255 255 255 0 0 255 255 255 255 255 255 0 136 0
    0 0 248 0 255 0 0 0 255 255 0 255 0 255 0 83 0 0 0 255 255 255 0 0 0
    255 255 255 255 255 0 255 57 255 70 22 255 0 0 0 211 255 0 255 255
    255 255 0 255 0 255 0 255 255 0 0 11 255 0 255 0 133 0 0 255 255 255
    255 0 79 0 255 0 255 0 255 0 255 0 255 0 255 255 0 0 0 0 255 0 184
    255 255 255 0 0 0 255 216 255 0 255 255 25 255 255 0 255 221 0 175
    138 0 255 105 255 255 0 255 0 255 0 0 191 0 0 0 255 0 0 86 199 255
    255 255 0 116 236 0 255 37 255 0 0 0 255 22 255 0 193 220 255 209 0
    0 255 255 255 255 0 0 255 2 109 0 255 0 179 0 0 255 28 255 0 255 255
    219 0 255 255 255 0 255 255 249 51 0 11 0 255 251 0 255 255 226 0
    139 255 0 226 0 255 255 255 255 0 0 255 255 255 0 58 45 255 255 0 0
    0 255 29 255 255 255 0 255 0 0 0 83 0 255 49 255 255 255 0 0 255 255
    255 0 255 255 248 0 126 255 249 255 0 134 145 255 255 57 2 255 255 0
    255 0 0 255 255 0 255 0 255 7 255 255 0 0 0 255 255 255 255 0 255
    193 0 0 255 79 255 194 255 255 0 0 0 255 255 255 255 139 255 0 255
    255 255 0 255 0 0 0 0 0 0 230 255 255 255 0 42 0 47 0 255 255 255 0
    0 255 0 140 0 255 0 0 0 255 255 255 0 0 255 255 169 0 255 0 197 255
    0 174 255 219 255 255 0 132 83 0 255 255 0 0 255 0 255 0 133 0 0 255
    255 255 255 255 255 0 255 255 255 0 255 0 255 188 0 0 0 255 0 255
    143 253 255 152 0 60 182 255 0 175 239 255 0 0 0 0 255 177 0 0 0 255
    0 255 0 255 255 0 255 0 255 0 150 0 181 255 0 255 255 55 0 255 255
    255 255 0 0 255 255 255 0 255 0 143 0 255 255 255 255 0 0 0 255 255
    255 0 125 255 0 255 0 255 255 255 0 255 0 255 255 255 229 255 255
    255 0 0 255 103 63 35 0 255 255 255 0 255 0 106 0 255 255 255 0 69
    255 0 255 187 255 0 0 0 0 255 0 255 255 247 0 255 255 0 0 0 255 255
    96 0 28 0 255 0 255 255 0 255 0 255 220 0 255 255 0 0 0 255 255 255
    0 255 0 255 0 255 255 255 255 0 255 0 0 0 18 255 176 0 255 0 0 238
    181 255 255 0 0 255 0 255 0 2 156 255 0 44 0 160 255 255 255 255 0 0
    135 255 153 0 255 0 0 0 255 255 0 0 0 255 255 255 0 0 197 0 0 255 0
    255 255 163 255 0 0 0 130 0 0 0 64 255 255 0 255 0 255 0 255 0 255 0
    0 0 0 194 81 255 0 255 84 0 0 0 255 17 0 0 255 255 255 255 0 0 255
    255 255 0 0 0 0 255 255 219 247 0 30 140 26 49 0 255 0 0 255 0 0 0
    71 0 166 0 255 0 0 255 0 255 0 0 0 255 0 255 0 0 231 0 255 0 113 65
    255 115 86 255 0 197 0 212 0 255 255 255 0 0 0 255 255 255 0 0 0 255
    0 255 0 255 0 255 0 0 255 255 255 114 255 99 0 255 142 255 39 0 144
    14 0 0 255 255 255 0 255 255 195 0 0 0 255 121 255 0 233 255 34 255
    202 0 255 0 145 0 255 0 0 0 255 0 255 255 139 0 0 255 255 255 255 0
    0 255 255 0 255 0 0 18 0 0 0 255 255 255 0 143 0 0 49 0 255 255 255
    29 0 255 255 255 212 255 0 0 0 0 255 255 0 0 0 0 0 255 216 205 255
    255 255 0 255 0 255 0 255 255 255 64 255 0 235 0 231 0 0 255 255 255
    255 0 119 0 0 255 255 32 255 0 255 0 0 245 37 255 219 255 255 255 0
    0 0 74 255 0 255 252 255 0 239 255 255 255 0 0 255 245 255 136 255 0
    255 173 0 255 255 255 255 94 255 209 255 0 0 0 2 0 233 255 31 0 255
    255 255 0 0 255 0 255 0 0 255 255 255 0 255 255 157 59 0 78 0 255
    255 255 255 42 0 255 0 0 176 255 0 255 0 86 0 0 255 255 255 0 6 111
    255 0 255 0 255 255 255 0 0 199 0 0 0 255 255 255 0 0 0 255 255 0 0
    255 0 99 255 255 233 0 165 0 255 131 255 0 0 255 255 0 255 255 0 255
    47 0 0 255 0 0 0 255 0 255 0 255 0 0 0 255 255 0 255 0 123 0 255 0 0
    23 76 0 0 255 255 255 255 0 0 0 0 255 255 216 0 255 13 255 255 218 0
    0 0 0 255 0 255 255 86 0 0 79 255 0 255 255 52 0 0 255 0 0 255 255
    255 255 255 255 0 0 0 255 88 164 0 255 62 0 0 255 255 255 0 0 0 255
    255 255 0 0 0 255 255 255 198 0 255 76 255 154 7 0 0 145 185 255 0
    47 169 255 0 0 0 255 0 184 0 255 0 255 0 255 255 0 77 255 255 255
    255 69 0 0 255 144 0 0 0 255 255 0 142 225 0 0 255 100 99 0 128 255
    226 0 0 255 0 135 0 0 0 0 255 255 0 0 84 255 255 255 219 255 0 0 0
    255 74 255 192 18 94 255 255 0 0 0 29 255 0 255 255 206 175 255 0 0
    0 103 0 0 255 109 0 255 255 0 255 183 0 0 0 255 0 255 0 255 255 255
    255 44 0 0 0 255 255 255 0 0 0 0 35 0 245 255 0 0 0 255 191 255 0
    140 0 255 255 0 0 0 255 0 255 255 184 0 0 0 255 255 255 255 255 255
    0 0 0 255 250 255 255 0 0 117 255 255 0 0 79 255 172 255 255 9 0 187
    57 255 0 255 94 131 0 200 0 255 0 254 255 169 255 0 255 0 255 0 128
    109 255 0 82 132 0 255 0 255 0 116 0 112 255 255 0 255 255 255 0 0 0
    255 255 216 0 0 0 0 255 82 255 255 115 255 0 255 0 100 0 255 130 255
    0 121 255 0 255 0 11 255 255 255 255 65 0 0 255 255 255 255 74 0 166
    0 255 255 255 0 229 87 255 255 39 93 224 26 255 255 255 24 48 255 0
    255 196 86 0 0 255 0 0 0 255 255 57 0 0 35 0 255 255 255 0 255 0 255
    0 184 0 255 0 255 0 33 255 0 0 0 255 0 255 10 255 63 101 62 133 222
    0 203 243 0 255 203 0 0 0 255 248 6 255 0 255 255 255 255 0 255 255
    255 0 0 230 255 255 255 19 255 0 140 255 41 255 9 0 167 255 0 255
    255 255 0 0 0 255 154 0 0 0 255 255 255 0 0 0 255 0 255 0 255 0 0
    255 255 255 55 255 0 0 255 255 255 0 255 0 0 255 255 255 255 0 0 255
    255 255 0 0 216 0 0 0 255 255 255 255 0 0 0 255 0 255 7 0 135 255 0
    0 132 255 225 0 255 229 0 255 255 244 0 255 243 255 0 255 28 0 0 0
    255 0 255 0 55 40 29 255 255 255 0 0 0 255 0 0 0 255 188 71 108 0
    255 255 255 255 0 255 255 0 94 0 255 8 255 0 0 0 0 0 255 0 0 179 255
    0 226 0 0 255 255 0 0 76 255 255 0 0 255 0 255 98 255 134 0 0 255 0
    14 0 0 209 244 255 255 210 0 0 0 255 255 0 63 156 64 255 0 0 255 255
    0 0 255 1 255 255 255 0 0 0 0 220 255 0 255 172 255 0 0 255 7 0 255
    0 0 0 247 255 10 0 255 0 255 0 157 61 255 255 255 198 0 152 255 0
    255 90 245 255 0 0 255 81 255 0 255 54 113 0 0 255 255 255 0 0 0 68
    255 255 255 0 255 255 255 0 0 0 64 255 0 214 0 255 255 255 255 255 0
    0 255 0 255 0 135 0 0 173 255 0 58 15 255 230 0 255 0 32 0 0 0 255 0
    255 255 220 0 255 255 255 55 0 0 0 255 234 255 195 0 0 0 255 0 255
    14 88 0 255 87 255 245 78 0 0 0 75 255 255 255 255 255 0 0 0 255 255
    255 0 0 0 0 0 255 255 255 0 0 0 0 255 0 171 255 0 0 0 255 176 0 0
    255 255 0 50 0 0 0 0 255 255 217 216 157 185 255 0 255 255 255 0 255
    255 255 255 0 0 0 0 213 255 255 0 0 0 255 136 128 0 0 255 255 255
    255 43 0 0 255 212 255 241 255 255 255 0 0 0 0 255 0 255 69 255 0 0
    255 255 255 0 110 255 255 110 0 138 0 255 255 0 255 0 0 255 0 125 90
    31 76 195 122 63 255 111 0 255 0 255 255 0 255 255 255 255 0 0 29 0
    255 0 255 255 255 136 0 61 255 255 127 0 189 255 255 205 255 255 255
    255 0 0 0 0 255 255 255 255 0 0 255 255 0 0 0 255 255 255 0 0 0 255
    0 255 166 255 126 0 0 255 0 223 0 255 0 187 209 255 255 255 0 0 255
    0 167 81 255 255 0 255 0 255 0 255 0 255 100 0 246 255 255 0 76 0
    255 255 22 0 0 144 0 47 174 223 0 0 0 255 28 0 26 192 0 255 0 0 255
    255 31 0 0 0 255 41 0 14 255 154 0 142 255 218 255 255 0 232 0 0 0 0
    255 255 255 71 0 0 0 0 0 255 0 95 0 255 0 255 0 255 43 0 226 255 0
    255 199 255 0 152 255 0 255 0 255 69 255 255 0 0 0 112 255 255 0 0
    91 255 255 255 0 255 167 108 255 11 0 255 255 0 206 0 255 255 255 0
    58 59 255 0 255 0 175 0 0 255 78 255 255 255 0 0 0 0 255 0 114 0 0 0
    255 255 255 0 255 255 255 0 0 255 255 255 0 253 0 106 0 255 255 143
    31 88 0 255 0 255 255 255 0 29 0 255 199 255 202 255 255 0 0 255 255
    255 0 0 0 0 0 255 255 157 0 255 255 199 178 38 0 255 255 255 74 0 0
    0 255 0 0 29 255 0 255 76 255 0 37 0 14 0 0 71 73 255 255 255 255 0
    255 97 255 0 0 0 255 211 255 255 141 0 0 255 255 255 0 255 0 255 0
    255 255 255 192 0 0 0 255 0 0 255 255 0 0 0 255 255 255 0 0 255 255
    255 255 0 0 0 0 255 255 255 0 0 255 0 157 0 0 255 255 255 255 95 0 0
    255 255 255 191 0 0 0 51 255 255 255 0 0 255 255 90 0 255 255 0 7 0
    0 245 0 255 255 255 216 0 255 121 255 255 255 0 31 0 0 0 21 74 255
    137 217 0 0 255 0 0 255 255 255 0 255 255 0 0 255 13 255 255 255 105
    0 255 0 39 0 255 255 255 255 144 0 0 255 0 255 76 255 0 92 255 0 0 0
    255 255 255 255 17 255 0 29 0 100 0 0 0 0 15 255 122 255 255 255 0
    255 0 0 202 145 0 187 255 255 0 255 0 38 0 223 255 145 0 0 255 0 0 0
    0 255 0 255 255 0 255 255 255 0 255 255 255 0 255 0 185 255 255 255
    8 0 255 0 87 0 255 16 255 61 0 0 0 0 255 0 153 0 255 255 0 0 0 255 0
    255 0 255 230 106 0 255 255 255 0 64 0 255 255 255 0 255 0 255 255
    255 0 0 0 255 144 146 255 0 0 151 255 255 0 0 255 135 0 0 0 255 33
    51 255 66 255 255 94 0 0 255 0 255 0 0 0 253 255 255 255 0 0 0 0 32
    255 255 255 255 0 255 0 255 219 252 232 0 255 0 255 0 255 255 209 0
    61 0 255 255 255 255 84 255 0 0 0 0 255 255 22 0 255 0 0 255 48 255
    0 0 0 255 255 255 0 255 202 255 255 255 184 216 255 0 255 0 0 0 255
    255 154 255 0 0 0 255 255 242 0 0 0 253 55 102 255 255 0 0 28 255
    255 0 202 255 255 224 235 0 255 0 242 255 255 126 240 213 255 0 86 0
    255 42 77 0 255 255 255 0 0 255 255 0 255 0 255 23 0 255 0 30 255
    255 255 0 0 0 255 255 255 0 255 255 0 0 58 255 255 255 255 255 0 255
    255 0 0 0 112 255 255 255 255 0 0 19 255 0 255 0 70 255 56 0 0 63
    141 0 255 0 11 0 0 255 0 255 0 255 142 255 26 0 253 0 255 255 157 0
    0 255 255 0 255 255 255 0 255 255 255 240 255 0 255 255 77 43 0 0 0
    255 255 0 0 138 65 0 255 0 179 1 0 0 0 255 150 54 0 152 0 131 0 255
    67 255 255 0 0 1 255 0 4 10 0 255 255 255 0 152 14 255 0 0 25 255 0
    0 0 255 106 255 0 255 0 255 227 81 0 255 0 255 43 255 0 255 0 255
    101 0 0 255 255 0 0 0 255 0 236 255 255 255 163 0 0 0 0 255 0 0 0
    255 255 255 0 0 255 0 0 0 0 0 0 255 237 216 255 66 0 26 0 122 0 255
    255 230 0 0 255 255 255 0 0 255 0 255 0 255 255 255 95 0 255 79 211
    0 0 255 0 255 255 255 0 0 0 255 255 172 0 80 0 0 0 63 255 255 255 0
    255 0 0 0 255 255 255 0 0 0 0 11 255 0 117 255 255 0 255 120 255 255
    255 55 0 0 0 255 0 255 255 123 0 0 182 0 255 0 255 255 255 104 0 255
    255 0 0 0 255 255 255 255 31 0 0 255 216 255 0 255 255 0 0 157 255
    38 255 0 255 124 255 0 120 255 243 255 255 30 0 135 0 255 13 255 0 0
    155 255 255 255 0 255 255 0 0 0 255 0 249 69 208 0 255 103 0 0 0 0
    108 255 104 0 0 255 0 255 0 255 255 255 0 0 0 255 111 255 255 243
    255 0 102 148 255 0 193 0 255 0 255 255 63 131 255 0 255 0 255 241 0
    0 0 255 0 255 0 255 14 128 232 0 255 0 255 0 255 0 19 0 255 255 25
    174 0 255 0 255 0 190 0 255 255 255 129 255 0 0 47 75 0 14 56 128
    255 0 0 0 255 255 255 255 0 255 0 255 186 255 212 255 255 123 169
    211 0 0 0 255 0 73 90 255 0 0 255 202 255 35 255 0 0 0 0 0 255 255
    255 127 255 0 255 0 74 0 121 0 255 255 255 255 255 0 255 0 255 163 0
    255 255 0 0 0 255 255 255 255 255 255 255 84 0 114 255 255 206 0 0
    255 255 255 0 255 255 255 216 210 128 255 0 255 0 255 255 255 2 0 0
    255 255 255 255 255 0 0 255 255 255 0 0 0 0 255 247 255 255 0 0 0
    255 255 255 0 0 0 255 255 0 0 91 0 255 65 183 0 255 89 255 0 255 255
    255 80 103 0 0 255 128 255 255 255 0 0 107 0 255 255 255 98 255 0
    255 0 255 0 0 194 0 255 0 255 0 255 0 255 135 131 0 0 0 255 162 255
    0 0 255 255 255 71 255 0 100 255 255 189 186 0 255 255 0 0 0 255 0
    255 0 0 0 60 255 0 255 0 224 17 52 255 157 188 0 255 171 255 0 0 0
    255 0 0 0 255 255 255 157 146 0 0 0 99 0 255 255 82 88 0 71 152 255
    76 255 0 255 0 100 255 255 255 0 217 0 255 0 255 255 255 10 0 51 0
    255 156 255 255 0 0 0 255 151 255 0 227 0 255 255 255 0 118 0 255 0
    255 118 0 255 255 255 255 0 0 0 253 255 0 49 255 255 255 36 0 87 0
    76 0 0 0 255 161 0 236 0 245 0 255 255 0 255 0 0 0 255 255 255 113
    255 0 0 255 0 255 255 255 255 0 255 0 0 0 58 255 0 0 0 255 113 0 0 0
    140 18 163 255 223 0 0 0 45 230 0 255 0 61 131 78 233 0 255 255 255
    76 255 0 0 255 255 0 255 255 0 0 0 0 0 198 0 197 0 85 13 0 0 57 8
    255 0 0 255 255 255 0 255 34 169 208 0 255 255 0 0 23 255 255 0 0 60
    255 96 0 255 0 246 177 255 0 75 0 255 0 255 255 128 255 250 0 0 255
    0 255 0 142 0 0 168 0 255 0 255 0 218 0 255 255 255 230 0 0 255 0
    255 0 255 255 255 0 0 0 0 119 75 255 0 255 147 255 0 62 255 255 255
    0 255 0 92 0 255 255 255 0 0 255 255 0 255 0 0 0 0 13 0 255 0 255 0
    80 0 255 255 255 9 143 193 20 0 255 33 255 0 255 0 255 0 255 241 0
    154 72 255 0 0 0 255 255 0 0 169 255 0 255 48 255 2 0 166 0 132 8
    255 0 39 255 226 255 0 0 255 38 248 0 0 0 48 255 56 255 255 255 209
    255 255 0 131 0 255 255 144 255 0 255 0 255 134 255 0 0 0 194 255
    255 255 219 255 0 255 0 255 69 255 0 149 255 255 255 139 0 0 0 255
    255 255 255 0 68 0 255 255 0 255 0 255 255 255 0 0 255 192 255 255 0
    0 0 0 255 255 255 58 36 255 108 0 201 255 0 0 0 255 255 0 0 215 0
    255 0 255 0 255 255 255 0 0 0 255 255 255 255 0 0 255 0 0 255 245 23
    233 255 255 0 255 0 255 0 255 0 46 0 255 255 0 0 0 255 0 255 255 255
    0 255 0 165 0 255 0 255 255 104 0 255 0 255 0 255 255 255 0 0 255 0
    255 250 255 255 0 255 0 255 220 255 0 245 255 0 0 0 155 255 0 0 3
    146 0 255 255 0 0 0 255 0 255 164 0 0 248 255 106 26 0 255 0 17 255
    255 255 0 0 0 255 0 255 192 0 255 27 255 0 0 255 0 91 0 255 255 255
    0 162 255 0 0 149 255 255 255 0 0 0 0 0 244 255 0 0 0 255 229 255
    111 255 255 255 0 255 0 0 255 255 255 0 0 0 255 0 144 255 255 255
    255 0 39 0 0 0 95 158 255 0 255 0 255 0 255 66 29 255 199 101 0 255
    255 87 0 0 0 0 107 255 0 0 0 255 255 0 21 255 78 239 0 0 138 0 0 255
    255 255 0 255 0 255 0 0 0 217 55 7 0 255 255 0 0 101 255 255 255 0 0
    255 255 0 0 151 255 108 0 0 0 255 255 255 255 0 0 0 255 255 255 0
    255 0 0 31 148 255 0 98 255 255 255 0 255 255 0 0 10 255 0 255 142 0
    0 255 255 0 0 0 0 234 255 255 0 0 0 255 220 0 0 0 255 0 255 0 255
    255 255 0 255 0 0 0 0 0 220 107 255 255 255 0 0 224 0 0 255 197 0 0
    0 255 0 255 0 255 173 255 255 0 255 255 0 0 255 255 191 0 0 255 255
    0 255 255 255 0 84 0 52 0 255 0 0 0 255 255 0 0 121 255 0 0 0 255
    255 255 255 0 255 0 0 255 255 255 0 237 0 0 255 255 0 114 255 255
    255 0 0 0 255 255 0 0 0 0 97 0 0 255 255 0 0 255 0 59 255 255 255 0
    0 0 40 42 255 0 0 0 221 0 255 0 255 0 255 0 255 196 0 255 0 255 0
    255 255 255 11 255 255 0 0 0 0 0 139 1 255 0 255 255 255 199 0 0 255
    255 255 0 255 0 255 0 255 255 0 255 0 247 0 255 255 255 112 255 255
    0 124 0 246 0 255 0 0 0 255 255 255 255 255 255 145 69 0 97 255 205
    240 255 255 255 127 105 119 255 255 255 255 0 0 0 123 125 0 255 0 18
    255 0 161 0 0 122 16 0 255 0 255 0 255 142 255 255 156 0 255 255 255
    37 0 255 255 255 14 0 255 0 255 255 255 255 255 0 0 0 255 0 0 97 255
    255 223 182 0 255 255 0 255 0 0 0 255 176 5 0 255 255 255 255 251
    255 0 0 0 242 255 222 255 0 70 247 255 0 0 0 211 255 255 255 138 0
    255 255 255 255 0 255 0 255 94 255 0 255 0 255 19 255 0 0 0 198 0
    255 0 255 0 149 122 255 0 233 0 255 255 0 0 255 0 255 255 0 0 255
    255 0 0 245 151 255 255 0 0 0 245 255 0 0 255 0 0 255 255 255 255
    255 0 255 255 0 117 0 255 255 255 0 0 0 0 0 76 255 255 0 255 0 76 0
    0 255 0 0 255 255 255 0 227 0 255 255 255 0 255 0 255 14 0 242 255
    255 0 0 255 0 255 101 255 0 255 0 255 0 255 255 255 0 102 0 0 255
    255 255 0 255 0 0 0 0 255 0 255 255 255 255 0 255 59 255 0 255 0 0
    255 180 255 0 0 255 255 105 212 255 108 0 255 0 85 0 255 255 0 255 0
    255 0 123 170 255 0 32 255 255 255 255 0 255 0 0 150 255 238 0 161
    255 255 0 0 255 255 0 0 0 0 253 88 41 0 255 43 255 0 0 255 255 19 0
    255 0 0 0 62 0 255 164 130 0 255 0 255 0 0 255 255 0 0 210 0 0 255
    255 0 255 88 0 0 255 255 255 0 0 0 0 0 255 255 0 0 58 255 255 255 0
    102 0 117 255 254 255 255 114 0 0 255 255 255 0 200 0 255 255 255
    219 255 255 255 0 0 0 255 0 0 0 255 255 255 255 255 0 0 153 0 255
    255 255 0 0 255 0 79 0 5 159 0 0 255 0 255 0 255 0 0 255 0 255 255
    234 0 0 255 255 0 255 0 0 0 255 255 255 0 255 0 255 255 255 0 0 0
    255 0 0 24 255 255 255 162 255 82 255 255 62 0 255 0 0 0 255 71 0
    255 255 0 0 255 255 69 255 0 0 75 255 255 255 0 255 255 0 255 255
    255 0 0 35 255 0 0 34 255 255 0 0 0 0 214 0 0 255 255 255 0 106 0
    255 255 123 255 0 0 255 255 255 0 0 0 243 0 225 255 255 255 1 255
    255 255 0 0 255 0 0 0 255 7 255 0 46 0 0 255 255 0 255 0 255 0 0 0
    173 0 0 255 255 255 255 0 255 38 216 0 255 0 255 0 255 255 255 255 0
    0 0 255 255 255 255 255 0 0 0 175 255 0 255 255 19 0 255 255 0 213 0
    0 0 255 255 0 255 255 255 40 0 0 49 255 255 88 0 255 0 255 255 0 8
    255 169 0 255 255 255 0 0 0 0 111 217 87 255 255 36 0 0 0 255 0 0
    231 255 0 0 210 0 255 99 255 0 255 0 255 0 9 255 255 0 0 0 255 255 0
    0 0 255 255 0 0 0 255 0 128 255 0 0 0 0 0 255 199 0 151 255 255 255
    0 255 0 255 93 255 0 179 0 202 255 255 255 222 0 0 107 255 255 255 0
    19 215 0 0 106 0 0 0 255 255 255 255 25 255 255 107 255 0 219 255
    255 0 0 0 255 255 0 159 0 255 0 0 255 0 0 127 29 0 0 180 255 255 255
    255 0 148 0 0 0 97 0 255 255 255 0 0 0 0 195 255 153 127 255 243 0
    189 255 0 255 255 0 242 0 255 255 255 255 215 255 0 0 0 220 191 255
    0 255 0 0 255 139 255 0 0 47 141 46 5 255 0 0 0 26 95 255 206 255
    255 0 0 251 0 255 255 255 0 237 0 255 0 0 210 255 255 0 247 0 0 255
    0 0 228 0 0 255 0 255 0 138 0 0 60 0 77 255 167 0 0 255 255 255 0
    255 255 255 255 255 255 255 27 0 255 0 146 0 202 140 255 0 0 0 255
    120 255 0 0 0 0 255 88 243 255 255 0 0 255 255 255 0 0 0 0 140 235
    254 0 0 99 24 255 0 175 0 255 0 255 225 255 255 0 255 239 61 0 0 255
    0 49 0 0 0 255 0 0 0 0 249 0 255 0 255 255 0 0 0 188 255 129 255 255
    0 0 0 255 0 47 255 255 85 0 0 255 0 255 255 198 255 0 177 255 255 0
    255 255 91 255 255 0 0 147 255 255 255 0 255 86 89 0 39 255 255 255
    255 0 0 0 255 255 0 99 255 144 255 0 255 0 94 51 255 255 255 0 0 0
    255 65 255 244 255 0 255 0 255 80 0 255 255 0 0 255 130 248 0 255 75
    255 0 255 255 236 73 0 255 255 255 0 0 0 145 255 0 0 0 255 255 0 251
    0 0 0 255 255 255 0 255 0 0 0 255 255 156 255 26 255 255 255 0 0 255
    255 255 0 0 255 0 255 255 255 0 80 0 255 255 0 0 0 0 0 255 255 255 0
    0 0 0 255 255 0 0 255 255 11 255 0 0 255 0 106 0 255 0 255 0 255 74
    0 240 0 0 0 255 255 255 0 255 255 0 255 0 0 0 0 255 0 0 255 117 255
    0 255 0 0 0 119 111 138 0 255 255 174 0 255 0 140 0 0 255 255 255
    255 0 0 0 0 255 0 255 255 0 0 255 255 255 0 141 255 0 0 0 255 181
    255 0 0 255 255 0 0 0 0 110 255 0 255 0 255 98 255 255 255 255 0 255
    0 0 170 255 255 0 79 0 255 0 0 0 172 255 255 255 255 92 0 0 158 255
    255 0 0 0 255 255 116 0 0 255 255 255 0 255 0 0 0 0 160 0 0 82 255 0
    0 0 255 179 255 255 103 197 0 0 235 0 255 255 0 0 255 0 255 0 255
    255 0 0 180 255 255 199 0 255 0 255 74 255 255 0 90 255 215 0 0 143
    0 255 255 255 255 255 255 0 0 255 255 150 0 0 255 36 255 0 0 0 0 255
    0 255 247 255 0 0 255 52 0 0 255 252 255 0 0 0 105 255 255 0 0 0 0
    255 0 255 255 255 0 31 0 255 0 255 255 0 0 0 0 0 0 167 255 0 255 255
    255 0 0 255 255 255 255 0 0 93 255 0 95 0 98 0 147 0 255 0 0 255 255
    41 0 255 0 255 0 255 0 255 255 255 0 0 83 255 255 255 0 255 36 50 0
    255 0 255 0 0 255 0 255 82 255 0 0 255 255 255 0 255 210 255 120 0
    255 212 255 255 255 0 11 255 153 255 0 255 0 255 255 51 0 215 0 0
    255 255 156 0 0 255 0 255 0 255 0 0 255 255 255 0 255 234 0 0 0 0 0
    255 61 255 0 255 255 255 0 255 239 0 0 0 0 255 255 0 255 0 0 11 252
    0 94 0 0 255 255 0 0 255 255 0 255 140 0 255 121 255 0 255 226 0 0
    255 255 205 0 0 0 93 0 255 0 220 0 255 0 255 223 255 0 255 0 170 0 0
    255 255 5 0 193 255 0 0 0 9 255 130 2 255 0 255 255 0 0 0 152 255 0
    156 0 255 0 0 229 255 55 204 0 255 255 255 0 0 255 255 0 0 0 255 0
    255 0 0 74 231 255 255 0 125 255 0 255 70 0 140 255 0 84 124 86 255
    255 255 0 64 0 255 0 255 255 255 42 0 0 69 191 0 255 255 255 255 0 0
    0 170 0 173 163 255 0 255 254 43 0 221 229 0 255 91 255 255 0 0 26
    255 255 255 0 187 0 255 255 255 0 255 0 255 0 192 0 255 255 0 0 0
    255 0 255 255 255 154 0 156 31 0 171 0 153 0 255 165 94 246 25 255
    225 255 255 255 0 255 0 255 201 14 255 0 168 255 145 255 0 255 255 0
    103 255 0 0 0 216 0 255 255 255 255 0 255 0 255 0 0 0 255 255 255 0
    0 0 0 0 0 255 255 0 255 131 82 0 0 0 255 0 255 0 255 255 255 0 0 0 0
    255 255 255 253 147 54 25 0 0 0 255 255 181 255 0 159 0 255 255 255
    0 0 0 255 47 255 255 135 255 0 255 255 63 255 141 0 0 240 255 0 0
    255 255 0 200 0 255 255 175 0 0 0 255 255 255 0 225 255 255 0 0 0 59
    255 255 255 64 18 0 0 0 255 255 0 0 255 255 255 0 0 0 255 255 255 0
    0 255 0 255 0 255 255 0 133 0 255 255 255 0 255 255 255 255 0 0 0
    129 138 255 91 0 0 255 255 0 255 240 255 255 255 255 102 255 0 255
    33 255 255 255 255 131 0 0 60 239 255 255 221 0 0 0 0 255 0 255 177
    117 0 255 255 255 0 130 61 79 255 134 255 255 255 0 0 0 255 255 255
    255 0 0 0 255 255 255 0 0 255 179 0 0 0 0 255 255 56 255 255 0 255 0
    0 0 0 255 237 255 183 255 0 201 186 0 255 255 255 0 20 62 0 84 0 0 0
    0 0 127 255 255 37 0 255 255 255 0 113 39 0 255 255 255 0 255 255 33
    0 255 143 0 0 167 21 255 255 255 117 81 255 68 255 0 0 0 0 255 255 0
    0 255 255 255 255 255 255 0 178 255 255 0 116 255 218 117 255 255 0
    255 0 255 0 38 255 212 255 106 75 255 0 0 255 0 255 0 255 0 0 255
    223 0 255 0 255 255 255 0 0 181 255 0 255 0 255 255 95 255 0 255 255
    0 0 143 255 255 0 0 0 255 255 124 142 255 0 147 0 255 255 255 0 63 0
    255 23 255 255 0 0 0 0 255 0 122 255 255 0 255 0 0 0 0 0 255 0 0 0 0
    255 255 255 255 0 0 0 0 0 255 111 255 255 255 255 0 0 171 255 224 0
    0 0 255 0 0 0 255 255 255 144 255 0 0 0 0 255 255 194 255 0 0 0 26
    255 255 255 74 0 0 255 109 255 0 255 255 255 0 255 0 255 89 0 255 0
    88 0 0 255 0 0 0 255 171 0 165 0 0 0 255 223 0 0 16 0 0 255 0 255 0
    255 120 255 138 255 29 255 136 0 0 0 255 255 0 255 0 255 0 255 255
    255 0 0 0 0 254 255 255 255 24 255 0 201 0 255 0 0 0 255 255 255 255
    0 0 0 0 115 0 255 255 255 0 225 198 0 255 255 0 0 0 0 0 0 255 0 0 0
    255 255 0 255 0 255 88 255 0 255 157 255 0 213 255 255 255 199 0 255
    255 255 47 0 0 255 255 0 255 0 0 108 0 0 8 255 0 255 0 255 255 255
    209 255 255 255 255 0 75 0 255 0 255 0 255 255 0 255 128 255 0 255 0
    255 0 255 255 255 217 39 0 162 255 0 114 0 255 100 255 0 0 123 255
    255 255 0 255 0 255 221 0 0 255 0 142 195 255 0 0 255 255 0 49 0 0 0
    255 255 0 0 0 0 255 255 0 0 0 255 255 255 255 0 0 255 90 255 45 106
    255 0 0 0 239 240 76 0 74 255 255 255 47 255 0 255 19 255 0 0 0 251
    255 255 0 0 115 255 0 0 255 241 0 0 255 0 0 0 0 255 250 0 255 0 202
    255 0 0 0 255 255 5 0 0 255 223 255 255 255 0 0 0 22 132 0 190 0 255
    255 0 219 0 32 0 155 255 0 0 0 255 255 0 0 0 255 0 255 119 0 40 0
    181 255 0 178 0 255 255 255 255 0 255 0 164 0 208 126 255 106 0 69 0
    255 0 0 0 255 255 255 255 0 255 0 0 0 255 255 0 255 255 0 249 255
    255 255 0 255 255 255 0 255 255 140 0 0 255 0 255 0 0 18 255 255 255
    236 0 0 255 255 255 32 0 0 0 0 255 0 0 0 255 255 255 197 0 159 255 0
    0 0 45 255 255 221 200 255 255 0 0 255 255 226 255 0 255 0 0 0 255
    255 255 255 59 255 255 0 4 27 255 224 255 255 0 255 0 255 0 0 0 255
    0 0 255 255 255 86 0 114 0 255 255 255 255 0 145 255 255 0 0 0 255 0
    0 0 255 0 0 0 0 255 255 0 0 255 0 255 255 59 0 0 255 0 0 0 255 0 225
    157 255 255 0 0 255 255 0 0 143 255 110 0 0 255 181 255 0 0 0 255
    255 0 255 0 255 0 255 66 185 0 0 83 255 255 85 0 19 0 0 255 5 255 0
    92 255 0 0 0 153 255 255 0 0 255 6 255 158 255 0 0 199 0 0 255 60
    255 255 255 0 0 255 255 255 0 0 0 198 255 73 0 0 0 255 0 255 255 255
    0 0 255 255 160 255 0 129 0 150 0 156 0 59 255 96 255 0 255 0 55 0 0
    0 255 0 255 0 255 255 0 0 57 255 145 0 0 0 0 255 255 255 0 88 0 153
    255 58 255 34 0 255 27 0 255 0 237 0 154 255 0 255 0 0 0 254 255 255
    255 0 255 0 255 0 255 255 255 255 0 255 0 0 34 0 254 0 255 73 57 0 0
    0 255 147 118 255 255 255 0 0 0 0 255 84 84 233 160 0 255 255 255 0
    0 255 46 62 0 0 0 56 137 255 255 255 0 255 0 255 255 255 0 0 0 255
    255 255 255 255 0 0 255 255 178 255 0 255 0 255 0 255 0 255 0 255
    255 255 0 123 225 255 255 255 255 0 0 0 195 255 0 0 255 255 255 204
    28 0 0 0 255 255 0 0 162 0 0 0 255 255 0 0 0 255 255 255 0 255 255 0
    255 0 255 0 0 0 0 255 0 255 0 0 255 255 255 0 0 0 255 0 34 0 255 255
    0 0 0 0 0 255 0 255 0 0 255 255 15 0 68 255 240 173 0 255 139 0 255
    0 0 255 255 255 49 255 0 0 0 255 255 255 0 34 255 255 255 0 0 0 255
    255 255 31 0 0 255 0 255 255 255 0 0 255 255 255 0 237 255 255 255
    255 255 0 0 0 255 0 0 0 203 22 0 255 0 255 0 117 113 237 0 0 255 255
    0 44 255 0 164 0 255 0 255 0 255 0 0 243 255 0 103 255 255 29 0 0 0
    0 255 255 255 0 255 0 0 0 0 255 243 0 129 255 0 0 145 0 70 255 0 255
    6 62 0 206 0 255 0 255 0 255 0 255 53 0 0 0 255 255 255 255 0 0 201
    255 255 0 0 255 0 112 0 255 255 255 0 255 0 255 1 255 255 0 0 0 255
    255 21 0 0 0 255 0 255 140 255 0 255 255 255 255 0 0 255 255 122 255
    120 255 0 0 62 0 255 0 255 0 255 29 0 122 0 0 91 0 255 194 255 255 0
    0 255 255 255 0 255 0 255 0 0 255 0 255 0 255 255 229 0 0 255 255
    117 132 0 0 0 0 0 96 255 197 255 0 255 0 255 255 0 0 0 255 0 0 255 0
    255 0 255 0 255 55 255 255 255 255 255 0 0 0 255 135 15 177 255 173
    255 57 255 255 0 184 255 255 0 255 0 255 0 255 0 255 0 255 63 255 0
    255 255 255 0 0 255 127 43 48 255 91 0 0 255 255 0 0 0 0 0 255 153
    255 0 13 0 255 0 255 78 0 0 255 255 0 0 0 255 0 242 255 255 96 255
    255 255 9 228 0 0 0 0 255 0 0 0 120 227 0 255 255 102 255 255 133
    123 0 96 0 255 255 255 255 255 0 87 0 76 0 255 255 0 255 0 255 230
    170 0 0 147 255 0 127 255 246 0 255 222 255 255 255 255 75 0 0 0 0
    255 255 226 184 0 0 0 0 255 169 255 137 0 255 0 0 0 0 255 255 39 0
    255 38 255 215 255 101 0 255 0 0 0 255 255 140 255 0 255 255 255 0
    255 255 255 0 255 0 255 0 56 255 255 94 255 255 230 255 0 151 0 255
    0 255 0 255 0 255 45 255 0 122 255 219 255 255 0 0 255 0 129 0 0 0
    255 255 255 0 250 255 0 0 0 255 255 255 0 0 255 255 255 0 0 255 255
    255 0 255 0 0 55 0 255 46 255 0 179 0 255 0 255 151 0 0 0 0 19 234
    255 255 255 255 0 0 255 255 255 255 0 100 0 26 109 255 0 255 0 255 0
    255 0 86 0 255 202 255 255 255 255 18 13 152 0 0 255 255 255 32 255
    0 0 0 190 66 255 0 0 255 255 255 255 0 255 0 255 0 255 255 0 0 255
    255 0 255 0 255 137 255 255 255 0 0 255 175 0 255 255 0 0 0 166 255
    255 0 255 255 255 55 0 0 255 226 0 255 0 255 0 255 87 0 255 255 255
    0 193 0 255 255 255 255 0 0 0 0 255 255 0 0 255 255 255 0 0 181 247
    195 202 231 0 0 255 255 255 119 0 255 255 255 255 255 0 170 158 0
    255 0 255 0 255 239 255 0 11 126 255 255 0 0 0 255 0 255 0 19 53 255
    0 0 0 255 156 52 255 99 250 255 0 60 117 0 255 255 255 255 145 0 0 0
    142 0 255 0 0 0 255 0 255 0 255 0 255 255 109 107 229 0 255 0 77 255
    255 0 0 100 255 255 0 255 0 255 0 0 101 0 207 128 72 0 255 0 100 162
    255 172 0 157 0 0 255 255 73 0 0 255 0 255 0 71 39 255 255 0 167 252
    255 0 0 0 255 0 0 0 255 206 0 0 0 1 200 195 0 249 0 73 255 255 255
    255 255 0 0 106 0 255 0 90 0 0 0 255 255 218 0 255 0 255 0 215 0 90
    174 0 155 0 0 255 93 255 0 79 225 232 255 178 73 0 215 255 255 0 255
    149 255 0 0 0 0 0 0 255 255 255 0 0 255 255 255 0 255 0 255 0 160
    255 121 255 0 0 0 255 255 0 0 195 255 0 99 0 255 255 158 133 0 81 0
    97 255 0 247 255 108 0 0 0 255 255 255 0 255 0 255 76 255 37 255 0
    98 0 0 255 177 255 255 69 0 0 0 255 191 255 0 0 255 0 196 0 0 255
    255 252 0 0 0 255 255 255 0 0 0 255 255 0 255 0 255 255 19 255 0 255
    0 172 46 255 0 0 0 255 255 255 0 143 0 255 255 190 0 0 0 43 132 255
    0 0 255 255 139 242 0 255 255 255 255 0 73 239 255 49 239 255 255
    255 247 0 0 255 195 255 0 207 0 0 182 255 255 0 43 0 72 255 194 95 0
    0 0 0 35 230 255 0 0 255 197 231 255 0 255 84 72 255 152 60 0 255
    255 65 0 0 255 0 0 46 255 0 152 114 255 233 0 0 255 0 201 255 255 0
    255 255 255 255 0 17 0 255 0 0 0 255 255 255 0 0 255 200 21 0 255
    255 255 0 96 154 0 0 0 248 255 255 0 0 0 0 242 0 0 0 0 0 0 0 255 255
    255 0 0 255 0 32 0 255 0 0 255 255 0 0 255 255 255 0 0 255 0 255 170
    255 0 0 255 255 0 0 0 47 255 0 59 191 255 0 106 0 0 12 255 255 0 156
    255 255 0 0 0 102 255 0 0 0 0 0 0 255 255 220 0 0 0 255 255 255 255
    255 0 78 255 255 0 0 255 0 125 0 1 124 0 255 255 255 255 255 0 255 0
    0 0 255 3 0 0 255 0 133 0 255 224 255 0 255 0 84 0 0 223 0 192 87
    255 255 255 255 0 0 0 84 255 149 255 255 255 0 74 0 0 0 255 186 0
    255 255 255 0 198 0 255 255 255 255 0 255 131 255 255 255 0 0 0 0
    255 0 255 255 0 25 0 255 0 218 157 255 151 0 97 117 255 185 0 249
    255 255 255 255 0 72 0 224 0 0 0 255 255 255 252 0 0 255 0 255 91
    255 255 255 0 0 0 255 255 255 0 255 255 0 0 0 255 0 0 34 0 255 0 255
    248 0 40 0 255 0 0 255 0 149 0 241 0 0 255 149 51 0 0 255 255 255 17
    54 0 255 200 0 213 255 0 255 255 255 0 0 0 0 255 0 255 255 255 0 255
    133 255 0 0 0 255 0 0 255 0 255 255 255 255 155 140 140 255 204 0 0
    255 255 14 0 255 255 0 255 0 255 0 255 255 255 0 255 0 255 255 255 0
    255 0 0 0 0 106 0 0 255 108 161 0 0 255 0 0 0 0 0 255 255 255 72 255
    0 65 0 0 0 173 255 0 255 0 255 0 255 0 255 0 0 0 255 255 255 221 0
    146 0 255 0 0 0 0 255 0 255 255 0 0 0 210 255 0 0 217 255 255 0 207
    0 65 0 255 0 255 0 255 0 255 255 0 0 0 59 255 63 255 255 255 0 255 0
    255 0 255 0 0 0 0 194 12 255 255 255 0 255 33 255 255 255 255 0 112
    184 0 0 255 0 255 255 0 0 0 255 255 0 0 203 255 99 255 0 255 0 0 0 0
    255 205 201 0 255 255 255 0 255 232 255 90 255 0 0 255 255 255 0 0 0
    255 255 199 255 233 0 255 255 0 255 0 221 134 255 255 255 0 255 0
    255 113 255 255 0 0 255 255 0 136 255 175 255 255 0 141 0 63 167 0 0
    0 255 21 0 255 255 255 0 173 125 255 0 255 238 0 0 0 255 89 0 255 23
    155 0 0 160 255 255 255 168 0 0 0 0 0 135 255 255 255 0 0 255 255
    255 123 255 0 0 255 0 255 0 0 35 255 0 181 0 0 0 0 255 33 79 0 255
    255 215 255 255 255 0 0 0 255 255 0 0 0 234 0 190 0 0 255 255 255
    255 0 0 0 255 0 255 0 255 233 255 0 0 0 255 0 0 0 0 255 255 255 215
    0 0 193 255 0 255 255 147 0 0 255 0 0 0 255 0 173 226 255 210 255
    255 255 0 0 0 255 255 255 0 255 213 204 0 0 255 255 149 189 255 0 0
    0 0 0 0 255 255 0 0 3 0 182 0 255 0 0 255 132 0 255 255 255 0 255 30
    255 255 3 0 255 255 255 103 238 196 255 16 0 255 255 255 0 62 0 0 94
    0 255 255 255 255 0 0 0 0 0 255 177 255 0 0 0 0 222 0 0 0 255 255
    255 0 255 255 255 255 0 209 0 0 0 0 0 73 255 255 255 0 127 0 103 0
    255 255 255 0 255 0 255 0 77 0 255 255 255 0 36 255 161 0 255 255
    225 0 255 255 223 0 0 255 255 255 255 255 0 255 0 255 143 255 255 0
    0 126 12 255 220 255 0 255 255 40 255 0 255 0 255 0 0 91 255 255 0 0
    0 255 160 255 0 0 131 255 0 255 0 255 226 255 255 255 255 0 0 255
    255 185 36 255 0 0 0 89 0 255 255 0 72 0 255 0 255 0 255 0 0 255 213
    0 255 255 0 181 231 255 255 0 152 0 113 145 255 255 255 0 0 0 0 0
    255 37 255 255 255 0 255 0 255 255 255 0 0 255 0 255 255 118 255 0 0
    246 0 255 0 0 0 0 0 0 0 0 0 255 255 255 0 0 0 20 255 0 255 255 0 255
    0 255 0 0 0 0 255 255 255 255 255 0 0 255 255 255 0 255 251 0 255
    255 255 0 255 255 241 0 255 0 0 25 255 211 255 0 0 255 255 171 255 0
    255 0 255 0 255 0 61 255 229 255 121 0 255 0 0 0 105 168 255 255 183
    0 255 0 255 0 0 35 210 255 47 255 255 0 0 5 0 177 0 255 0 255 255
    255 255 192 0 0 61 255 0 0 0 255 255 255 0 162 0 255 225 255 0 0 0
    255 255 182 0 0 0 99 54 0 255 255 0 0 23 51 119 135 0 17 255 15 247
    0 0 0 255 255 25 125 0 255 0 213 255 0 0 0 0 0 0 0 0 215 0 91 0 255
    255 0 255 0 255 0 255 255 255 204 0 0 255 255 255 255 255 255 0 0 0
    255 115 14 0 0 126 255 196 255 25 0 255 255 0 0 0 255 255 0 0 103
    255 188 0 0 0 255 51 84 0 255 255 255 0 0 27 0 255 255 255 255 255 0
    255 17 95 255 0 255 255 255 255 255 0 0 255 255 255 255 0 0 194 17
    151 0 255 255 0 0 165 0 218 0 255 14 255 255 0 255 0 145 0 168 255 0
    255 255 120 0 255 0 255 255 255 0 63 0 255 0 168 0 108 0 188 255 0
    255 206 255 0 0 101 255 255 255 0 0 255 253 255 109 0 0 0 0 255 62
    46 0 255 0 255 0 192 0 255 255 61 0 0 0 255 184 0 0 0 0 255 0 255 0
    255 255 255 0 0 0 255 255 255 255 0 255 132 255 0 255 0 255 214 255
    0 0 255 0 0 0 255 0 255 168 249 0 0 0 255 255 0 0 0 209 255 56 255
    78 255 255 0 0 228 255 255 255 0 0 255 0 255 255 255 0 210 255 255
    255 0 0 41 0 255 255 0 0 195 172 255 0 0 0 0 0 255 112 255 255 0 255
    90 255 0 241 0 0 255 0 255 0 0 112 255 255 195 0 255 0 228 189 255
    255 0 251 255 0 0 0 255 255 0 255 76 255 0 255 0 0 0 255 255 255 255
    0 0 0 255 255 0 70 0 255 140 0 0 0 23 6 0 197 255 255 4 0 34 170 0 0
    0 255 255 0 255 0 255 0 172 255 0 0 255 206 255 0 255 36 210 0 255
    255 255 66 0 125 195 255 155 150 0 255 255 255 0 0 255 255 0 0 255
    255 255 72 38 104 0 0 0 0 255 255 0 255 0 130 0 0 0 0 0 0 255 0 0
    225 255 255 255 251 255 255 0 0 255 0 255 255 255 255 0 69 255 255
    54 0 255 0 255 0 25 41 255 255 255 19 0 0 0 255 255 255 207 255 255
    169 255 0 0 0 0 255 0 255 0 255 0 0 0 0 0 255 0 255 255 0 116 255
    255 255 0 0 255 255 0 0 71 255 255 0 0 255 159 0 0 0 255 0 255 0 0 0
    0 207 25 0 255 185 255 0 185 0 255 204 0 0 7 0 255 0 255 255 0 0 255
    0 255 255 48 0 255 86 0 40 255 0 182 110 255 0 181 0 0 0 255 255 255
    0 255 249 255 0 0 237 255 255 255 0 0 255 255 255 0 255 255 0 0 47
    255 255 255 255 0 0 204 255 0 255 232 255 99 255 255 0 0 255 0 255
    190 0 0 55 0 21 0 0 0 0 0 255 0 255 0 255 0 233 255 152 0 255 0 0
    255 0 0 255 0 255 255 106 255 255 255 0 0 38 255 0 255 0 255 172 0 0
    255 255 0 255 255 255 143 0 255 255 255 0 161 0 0 255 255 0 255 0
    255 0 247 18 147 0 0 0 0 0 87 225 255 204 255 0 0 179 255 255 255 0
    255 102 0 255 109 227 0 255 0 0 0 0 252 255 238 255 255 0 0 255 0 98
    0 255 111 0 0 255 199 255 255 211 255 0 0 98 225 0 0 255 255 255 255
    0 255 21 255 0 0 126 255 255 255 0 0 255 255 207 0 255 0 0 0 0 255
    116 255 0 0 255 0 255 255 0 0 0 255 169 0 0 255 255 255 0 0 0 255 0
    0 0 255 0 0 0 255 0 255 159 255 255 0 0 0 255 0 206 255 255 255 7 0
    0 42 255 80 0 0 0 255 255 255 255 0 0 0 255 255 0 0 0 255 200 0 255
    255 206 0 117 255 0 255 255 241 0 242 255 255 0 0 0 255 156 255 255
    209 0 255 0 255 0 255 248 0 0 255 87 167 0 255 0 255 147 255 0 255 0
    0 0 162 255 0 0 237 0 255 255 0 255 0 255 0 255 0 0 255 13 255 153 0
    39 0 255 255 216 255 195 117 0 0 0 255 0 255 0 255 255 255 255 255
    255 0 0 0 0 255 255 0 255 255 255 0 255 0 255 0 151 0 0 226 79 255
    255 255 0 0 0 255 0 0 255 0 0 255 15 255 0 0 10 255 255 0 255 0 0 2
    255 255 255 255 0 0 0 255 255 255 255 0 255 0 255 255 255 255 214 0
    255 0 255 0 0 0 255 255 255 0 0 0 0 255 255 255 0 198 0 7 255 0 255
    255 255 0 255 0 0 0 255 40 255 255 0 88 255 125 0 255 17 49 255 0
    116 0 255 242 255 0 0 78 0 255 0 255 255 0 0 0 255 255 255 255 255 0
    0 0 255 105 255 0 0 0 255 57 255 0 255 0 255 255 255 0 113 0 136 0
    11 0 161 255 247 255 255 0 101 0 255 20 0 0 0 0 130 255 255 255 0 0
    0 129 119 0 255 0 0 0 255 254 0 255 255 255 0 255 0 255 0 0 0 0 255
    0 255 0 255 149 255 0 255 255 255 255 244 0 255 255 255 0 0 0 0 255
    198 255 0 255 0 255 255 0 102 83 255 255 0 179 0 255 255 0 255 0 255
    0 0 0 0 0 49 255 67 0 24 255 0 255 255 138 0 0 0 0 255 255 255 164 0
    0 255 255 255 54 0 0 255 255 255 255 168 54 0 207 255 255 255 255 0
    0 221 255 0 228 0 171 0 255 0 255 0 0 255 255 249 0 120 255 255 0 0
    206 255 255 177 255 255 208 0 0 0 255 0 131 255 75 0 0 0 21 0 255
    255 0 149 255 255 255 61 0 0 0 255 255 255 68 40 255 255 255 168 0
    196 0 0 0 255 0 255 0 255 255 255 0 218 0 0 239 255 255 0 0 0 0 255
    255 39 255 255 255 0 26 255 0 0 0 255 255 255 141 0 0 255 0 255 0
    255 169 0 0 255 0 255 0 255 255 0 0 0 29 255 0 166 0 0 223 0 255 0 0
    0 3 255 109 240 106 99 77 255 0 0 0 255 255 255 255 0 199 158 216 0
    0 42 0 255 0 243 255 255 233 0 0 0 255 255 142 0 255 255 10 230 255
    71 255 30 255 255 152 0 38 255 255 177 0 0 255 255 255 0 255 0 0 0 0
    139 255 92 0 0 0 124 255 255 0 183 124 255 0 104 255 255 255 0 0 71
    0 228 255 87 0 255 255 255 0 0 132 0 0 255 255 255 0 255 8 45 20 255
    0 255 55 255 0 255 255 0 0 255 255 80 0 0 255 159 16 0 255 0 255 0 0
    0 255 255 0 0 255 69 255 0 255 0 255 0 255 0 194 233 255 172 0 0 255
    0 220 0 255 255 255 94 217 0 156 255 255 0 0 0 0 109 255 255 132 0
    255 0 0 0 0 254 255 255 255 0 214 255 0 0 131 13 255 0 0 0 0 255 255
    255 0 139 0 255 255 0 255 0 25 0 149 33 0 255 0 255 0 255 0 255 255
    0 0 255 255 255 0 67 0 129 255 0 22 0 94 0 0 255 255 255 255 0 0 0
    118 98 255 145 0 123 255 255 0 70 255 255 255 247 0 0 0 33 0 255 0
    255 0 193 255 255 0 0 0 0 0 255 255 0 255 216 89 255 0 255 255 255
    99 64 0 0 3 255 186 255 0 255 27 0 69 255 0 88 0 0 48 255 255 42 0 0
    143 255 255 88 0 239 85 255 0 198 0 255 255 204 255 248 255 16 0 0 0
    255 0 253 255 0 0 0 224 255 141 0 0 0 255 0 43 215 0 255 0 0 0 255 0
    255 137 255 0 255 0 255 0 0 255 0 255 0 255 0 255 255 95 212 255 233
    255 255 162 0 255 255 0 255 0 0 0 255 55 100 44 131 255 255 185 255
    73 92 255 255 255 255 0 0 0 255 255 255 0 0 255 0 255 124 0 255 0
    146 0 255 255 251 0 0 255 255 255 0 0 0 255 255 0 255 0 255 0 0 50
    255 255 0 255 255 255 255 0 0 125 190 255 0 163 0 192 255 255 0 0
    255 0 255 182 173 0 0 0 255 0 255 0 255 255 255 0 32 0 6 0 255 255 0
    0 255 255 0 255 87 43 0 0 151 255 255 181 255 102 0 0 0 255 70 0 0
    236 120 143 255 255 255 0 255 0 0 0 0 255 255 255 255 0 0 0 0 255
    255 255 160 255 54 255 255 0 0 0 0 198 255 255 255 0 0 91 255 255
    139 0 113 0 75 0 255 255 0 65 0 255 0 0 0 255 0 0 0 0 108 255 255
    255 0 0 255 0 255 0 49 0 255 0 255 255 0 0 0 255 73 0 77 0 0 0 255
    40 255 149 143 0 0 39 0 255 242 255 0 0 255 65 255 0 255 0 255 255
    255 0 0 0 255 0 255 0 255 0 255 0 255 0 19 0 0 64 0 255 0 255 0 255
    0 0 255 255 0 0 255 0 13 0 255 0 0 0 255 255 0 0 0 255 255 0 0 0 36
    255 255 125 0 0 0 194 0 255 0 255 255 58 255 241 226 0 255 233 255 6
    0 0 255 255 255 0 0 7 0 255 27 221 112 0 255 0 0 0 255 255 255 0 177
    133 244 255 0 103 0 0 255 255 0 0 0 255 205 255 255 11 111 0 0 138
    255 191 255 0 66 255 113 255 0 255 255 255 255 0 0 0 0 255 255 202 0
    45 0 255 0 145 0 0 255 0 255 0 255 0 255 255 255 255 0 0 255 0 255
    255 255 255 0 0 255 144 255 255 255 255 0 255 71 0 0 0 255 0 151 255
    255 255 0 0 0 255 17 165 72 0 0 255 255 255 0 0 0 255 0 255 0 255 0
    0 255 0 255 0 255 0 255 0 181 102 255 255 0 0 0 243 255 255 0 92 255
    0 255 0 255 0 237 255 255 0 0 0 0 255 179 0 0 0 255 255 255 255 0 0
    0 255 0 0 0 0 255 62 255 0 255 0 168 0 255 28 255 0 0 0 255 255 197
    226 255 0 0 0 255 214 255 0 69 255 0 191 0 0 228 0 0 255 0 0 255 255
    0 0 206 255 255 255 0 84 0 0 255 0 255 33 255 255 255 0 255 0 255 0
    137 205 255 255 0 168 0 0 255 255 255 0 0 223 0 255 0 255 0 255 52 0
    135 255 203 0 255 0 255 0 255 0 216 0 58 0 255 255 255 0 0 0 0 0 0
    188 255 0 0 255 161 255 255 0 0 0 0 255 224 255 233 239 91 255 0 0
    255 25 255 0 255 234 255 201 255 10 0 43 0 255 78 0 211 255 0 0 255
    0 0 225 255 255 87 0 0 0 132 0 0 255 255 255 0 255 255 255 0 255 255
    0 0 0 255 118 255 105 0 0 0 224 0 255 255 0 0 0 255 12 255 255 135
    255 0 255 142 255 0 255 0 88 0 255 205 255 255 255 0 0 0 255 0 255
    88 255 116 255 0 57 83 255 255 207 0 255 255 255 0 0 0 255 243 255
    101 255 0 0 187 143 255 0 96 255 255 255 255 0 255 0 132 0 0 255 255
    237 255 0 0 255 0 255 0 255 1 255 255 78 255 0 173 0 255 255 0 0 0 0
    0 0 255 0 255 53 255 255 255 0 253 0 0 255 255 255 255 255 0 62 0
    255 0 255 0 0 0 251 255 255 0 57 224 255 255 0 255 255 255 0 0 0 3
    255 213 255 138 255 0 0 0 255 255 255 255 0 156 255 255 208 0 15 31
    255 255 255 0 0 0 255 255 0 0 0 255 211 255 255 0 81 0 0 255 230 52
    70 255 255 78 120 255 255 0 0 0 255 86 0 255 255 0 101 0 255 255 0 0
    255 0 40 69 21 255 0 0 0 255 0 0 0 0 255 146 213 255 68 135 152 255
    255 66 255 0 0 255 0 255 148 255 0 255 0 0 0 197 255 28 255 0 139
    206 255 255 159 0 22 255 0 0 255 0 255 253 0 159 0 0 255 255 0 0 255
    255 255 255 255 0 245 0 255 255 59 0 160 0 237 255 255 217 255 255
    17 255 0 255 0 0 0 255 0 255 255 0 255 0 154 0 255 255 20 255 70 0 0
    0 255 0 255 0 0 255 255 0 193 249 19 0 0 255 255 30 0 255 255 255
    255 0 0 0 3 255 169 255 255 120 85 0 0 0 255 255 255 255 255 0 0 255
    0 255 255 114 0 0 60 255 0 255 255 0 0 0 255 255 0 0 255 0 117 180
    255 0 255 0 0 255 115 87 0 0 0 255 255 255 0 255 0 116 0 0 255 0 255
    0 255 255 0 255 0 255 255 0 0 0 255 255 0 0 254 0 255 0 255 0 255
    255 255 0 0 0 255 0 0 255 0 255 0 255 0 255 0 255 255 0 0 0 255 0
    255 255 255 255 0 0 0 255 242 255 0 255 0 255 183 255 0 135 255 255
    255 255 0 0 0 255 255 0 0 255 255 0 255 0 255 255 255 0 177 0 0 0
    255 0 255 255 180 0 73 255 0 0 0 58 255 0 0 0 35 255 0 255 255 255
    255 0 0 0 0 0 0 255 255 255 255 0 255 0 255 255 255 0 20 255 255 0 0
    178 255 0 0 0 255 221 255 255 255 0 0 0 74 255 255 0 0 21 255 0 0
    255 255 0 94 0 255 4 24 255 161 255 0 255 0 255 0 96 255 255 255 0
    255 0 0 120 0 0 56 0 255 254 255 142 75 0 255 0 255 0 255 0 255 160
    0 41 255 227 7 238 0 255 0 0 255 255 255 0 255 255 255 0 255 0 0 0
    255 255 0 0 0 255 255 0 0 255 255 0 28 255 255 255 255 108 255 0 255
    0 0 0 255 0 0 0 0 203 0 255 112 255 0 255 255 0 255 255 0 0 0 255
    194 255 0 255 0 170 0 255 255 0 140 218 255 0 0 0 255 190 0 255 0
    255 255 0 255 0 93 0 255 255 255 255 0 0 0 255 0 255 0 255 0 255 126
    255 0 245 172 137 255 255 255 255 255 0 255 159 0 255 0 0 39 255 255
    255 202 255 0 0 0 255 255 0 255 0 255 146 255 255 255 0 255 0 255
    255 255 255 0 0 110 255 255 159 0 255 106 255 255 30 0 0 255 223 22
    255 127 57 255 0 255 62 255 255 67 0 140 170 169 0 255 255 0 0 255 0
    0 0 255 255 0 0 70 0 255 255 137 0 0 255 180 255 0 0 152 255 255 255
    0 0 2 255 0 0 0 255 255 182 0 0 0 0 255 127 255 0 0 255 255 0 0 0
    255 255 255 0 0 0 0 0 0 255 0 162 198 0 171 0 255 255 99 255 255 255
    0 0 0 0 195 0 255 0 255 0 255 255 255 0 130 0 0 0 255 0 255 0 255
    145 0 0 0 0 255 255 0 255 0 255 0 255 0 0 255 233 255 255 255 0 0
    213 255 255 0 134 255 255 44 63 0 255 164 255 255 255 0 0 90 0 0 255
    255 255 0 0 255 117 255 255 255 0 0 0 255 0 255 255 255 0 0 255 34
    255 40 0 0 143 255 255 255 151 0 0 0 0 0 153 255 255 217 0 36 248
    102 255 255 0 255 255 255 0 255 89 0 159 255 255 76 0 255 255 143 0
    0 18 182 255 0 255 149 255 255 0 0 119 0 255 255 255 255 0 255 0 255
    0 255 0 255 255 14 0 104 255 255 255 128 0 0 255 45 255 0 0 0 255 0
    255 0 255 255 0 245 255 255 77 255 255 0 0 0 255 0 255 209 255 45
    255 197 255 0 255 255 255 0 0 0 0 0 0 255 255 0 255 255 0 0 209 190
    78 3 255 0 53 0 255 255 0 255 0 47 0 0 255 255 24 0 72 255 255 0 0 0
    76 0 255 255 255 0 117 255 255 0 0 216 255 0 0 0 0 255 255 34 255
    119 255 0 0 121 255 255 255 0 0 0 39 43 255 255 255 0 0 0 247 255
    255 152 0 180 0 255 50 0 0 255 0 255 255 255 170 255 12 220 255 255
    0 0 0 50 0 255 167 255 21 0 0 0 0 0 255 67 255 255 255 255 0 69 0
    114 255 0 0 0 255 0 255 0 255 0 255 0 0 0 0 255 89 255 255 255 255 0
    0 7 10 0 0 0 255 255 20 255 0 255 0 148 234 196 223 0 255 10 255 0
    255 0 0 255 255 0 0 84 255 255 255 255 0 0 0 255 216 0 0 255 255 0 0
    255 0 255 255 0 255 255 255 212 113 0 255 218 33 0 10 255 0 255 0
    255 255 255 101 255 0 255 0 247 0 0 255 255 255 255 0 0 255 255 0 0
    188 0 255 255 255 117 0 255 255 255 0 0 0 0 255 0 255 255 255 203 0
    0 0 255 255 255 155 255 0 0 0 255 255 0 0 0 0 0 255 255 255 0 255 0
    0 255 0 0 0 255 0 255 255 255 255 0 255 0 11 0 0 255 0 255 0 255 0
    130 255 255 252 0 0 4 255 255 0 202 63 255 0 0 255 0 0 0 0 255 234 0
    0 0 255 1 41 0 255 0 255 0 255 0 255 255 0 219 0 255 0 255 0 255 255
    255 255 168 0 0 255 255 0 0 255 255 255 4 0 93 255 60 0 0 0 255 255
    255 0 0 255 107 0 255 255 255 0 255 0 255 0 255 255 0 0 0 255 0 75 0
    0 255 255 255 255 184 255 211 255 0 255 0 29 255 174 0 0 255 255 0 0
    255 0 0 0 255 0 255 0 255 255 0 0 0 0 255 0 0 255 255 0 0 255 50 0 0
    0 0 0 0 0 97 0 15 255 176 0 0 229 0 5 255 0 187 255 207 0 0 0 185
    165 162 255 178 0 148 0 180 0 0 255 255 0 0 0 255 255 250 255 97 43
    0 0 135 255 49 255 0 255 0 255 255 255 24 255 0 28 255 0 0 0 255 255
    255 0 0 0 253 255 0 233 0 255 255 0 0 0 255 255 255 0 0 0 177 255
    255 0 255 255 255 255 0 0 255 255 255 255 255 217 0 255 0 255 0 255
    255 0 255 183 0 0 0 255 255 255 211 114 255 0 0 0 0 0 255 255 255 0
    90 221 255 255 0 255 0 255 0 255 0 0 255 199 131 0 255 142 255 255
    255 255 0 0 0 0 0 255 255 0 0 255 255 0 0 0 255 25 0 255 0 144 46
    255 5 255 0 255 0 205 0 0 255 0 0 0 255 255 255 20 0 0 255 125 0 255
    255 255 197 0 255 0 130 255 239 110 0 255 255 255 0 0 0 255 255 0
    255 0 255 255 128 255 86 139 0 255 255 46 126 0 0 255 255 0 0 0 23
    255 255 0 255 0 255 255 255 0 0 0 255 106 0 0 255 255 255 255 255 0
    169 0 255 253 174 255 0 215 0 0 0 255 255 0 80 255 0 255 0 255 0 39
    255 0 58 0 0 255 255 255 0 0 0 0 0 0 255 3 0 0 0 255 255 255 0 0 255
    255 255 255 0 0 255 0 0 0 4 27 0 0 0 143 255 0 0 0 56 0 255 255 255
    0 255 0 0 255 255 255 0 255 181 43 0 161 255 0 255 0 255 0 95 63 255
    0 57 0 0 113 0 255 255 0 0 0 255 0 255 0 0 23 255 0 255 0 255 0 255
    255 255 0 255 0 103 0 24 0 255 255 27 0 255 107 255 0 255 255 255 0
    0 255 255 134 0 255 0 255 0 255 0 255 255 255 255 0 255 255 0 255 0
    255 0 0 22 255 230 0 0 0 0 250 243 255 145 173 255 255 83 0 0 0 97 0
    223 255 0 255 214 255 255 19 255 0 255 0 255 255 255 255 0 134 255 0
    16 21 73 58 255 0 255 0 255 26 255 255 157 255 0 0 255 255 70 179 36
    255 204 112 111 255 255 0 0 0 52 0 0 255 255 255 0 0 198 0 255 0 0 0
    0 255 0 255 0 0 104 255 169 255 0 0 0 52 255 0 255 166 0 225 0 165
    255 0 0 0 0 0 255 255 0 12 255 255 255 0 0 255 255 0 0 0 210 1 0 255
    255 0 0 0 255 255 0 0 255 110 54 183 255 0 0 255 255 18 0 255 255 0
    0 255 94 255 0 81 255 0 255 0 255 0 255 184 255 0 0 0 255 237 255 52
    255 97 255 255 255 0 255 0 255 0 255 0 0 113 126 0 0 255 255 218 0
    255 255 0 0 255 255 255 55 255 255 161 0 0 235 0 255 122 0 255 255
    71 0 190 0 0 0 255 251 255 0 68 0 217 255 255 19 0 0 255 0 255 0 255
    255 217 255 0 0 0 255 255 0 149 0 0 0 255 0 0 0 0 71 255 0 66 255
    117 255 187 0 255 255 255 0 255 255 255 87 255 255 0 0 0 255 255 255
    0 0 0 0 0 0 255 255 26 255 35 96 0 255 230 255 0 255 82 255 255 44
    109 255 0 0 0 0 0 0 255 255 0 0 0 255 255 0 0 255 0 251 0 255 225 0
    243 0 255 244 0 255 255 255 255 0 0 0 255 0 255 0 0 255 255 255 0 0
    136 145 255 0 255 0 0 0 255 0 132 255 0 255 0 255 0 35 255 0 255 129
    0 255 127 255 77 11 248 0 171 0 255 0 255 0 255 255 0 255 0 255 0 0
    255 0 0 0 255 255 223 0 255 128 0 255 255 219 0 0 255 0 32 255 0 0
    232 184 0 255 255 255 0 255 0 0 253 255 255 0 211 255 255 0 255 255
    0 0 0 0 0 0 0 255 255 229 0 84 0 255 0 134 9 255 0 103 80 255 240 0
    245 255 0 96 0 255 0 168 25 255 255 235 255 0 255 0 177 0 255 0 0 0
    0 200 255 25 255 101 93 255 62 0 0 255 90 255 91 59 109 0 0 255 254
    0 102 255 149 103 255 255 104 255 156 0 0 242 0 0 0 0 255 255 220
    255 0 0 0 206 101 255 255 52 255 0 255 255 255 76 255 0 0 255 232
    255 0 202 0 254 0 75 0 255 0 255 255 255 0 91 255 255 159 0 255 0
    255 76 0 255 0 255 255 255 159 0 0 0 255 0 0 0 255 255 255 0 255 0
    40 0 255 75 244 0 0 44 29 255 255 255 0 0 255 0 0 0 255 0 255 255
    255 255 0 0 0 255 255 255 255 255 0 0 255 0 255 0 96 0 255 0 255 101
    255 57 0 255 255 0 0 0 255 0 255 255 255 34 0 0 255 255 0 255 0 213
    255 33 0 0 0 0 0 255 255 175 0 255 200 255 0 255 255 0 255 176 206
    255 0 0 0 0 0 255 0 255 0 0 0 255 255 255 0 255 255 0 87 0 255 0 255
    0 255 255 0 0 0 0 255 255 255 19 0 0 0 0 255 0 255 0 33 255 88 131
    255 46 255 0 228 255 26 216 255 0 255 255 0 0 0 255 202 255 255 255
    255 0 0 255 255 175 0 101 255 255 255 255 255 18 0 0 255 0 0 0 255
    255 0 0 0 255 255 255 201 0 230 0 255 242 255 0 255 0 0 13 255 255 0
    0 0 255 0 172 255 255 255 0 0 0 0 0 182 255 255 255 255 0 0 0 255
    255 255 0 255 133 241 0 0 0 255 255 255 0 215 0 0 0 255 255 0 0 0 0
    255 255 255 0 235 0 0 0 255 255 140 0 0 255 0 255 0 63 0 255 0 0 143
    255 255 0 255 0 0 239 255 255 0 255 0 255 0 255 0 255 255 255 0 255
    255 255 92 0 255 255 255 255 223 121 0 255 255 255 133 0 0 255 0 0 0
    255 141 255 255 255 0 0 165 218 255 0 0 255 255 255 0 112 255 255
    255 255 0 0 255 255 0 0 255 0 0 255 0 255 0 255 0 255 255 255 0 0 0
    0 255 147 255 0 255 0 220 0 127 0 255 0 255 255 0 0 0 255 48 0 0 255
    0 255 0 155 0 255 255 0 255 181 38 0 0 0 185 255 255 255 96 0 0 0
    188 255 25 0 255 198 255 0 0 255 255 255 0 0 0 87 213 0 0 255 255
    255 0 87 0 0 0 0 35 0 255 255 255 255 0 255 0 255 0 255 0 0 236 149
    255 155 0 255 255 0 255 0 255 0 0 23 255 255 0 0 0 255 0 225 255 0 0
    0 0 255 212 255 255 255 120 0 0 0 0 0 177 255 255 199 196 0 0 63 0
    255 57 186 255 166 255 255 255 0 0 255 82 226 255 235 0 0 255 255 0
    0 247 255 255 0 0 255 255 255 0 0 0 0 0 0 255 0 255 153 255 103 0
    255 255 229 0 0 0 0 0 255 255 255 255 255 255 69 0 0 0 255 255 255
    48 0 231 138 0 100 9 0 255 255 187 0 0 255 255 255 0 228 0 0 0 249
    68 255 255 0 0 255 255 98 0 255 255 145 255 183 174 255 0 0 42 255
    175 255 75 255 255 255 69 0 0 255 0 255 0 255 0 0 255 255 255 19 0 0
    68 178 52 255 74 25 0 0 255 51 255 255 0 255 0 0 0 87 255 255 0 0
    255 255 255 0 0 32 255 255 255 0 0 0 0 255 255 255 0 0 0 27 255 255
    255 255 0 255 0 194 1 255 255 0 255 255 86 0 0 192 0 255 197 255 0 0
    67 0 0 0 191 255 255 255 0 162 0 0 0 255 0 184 113 191 255 255 0 255
    0 0 255 255 255 38 255 0 255 255 255 0 0 0 0 0 0 255 0 0 0 255 255
    255 255 0 0 0 255 255 255 206 129 0 255 0 255 0 0 95 255 255 74 135
    0 0 255 0 255 193 224 255 0 255 255 255 255 224 113 117 255 255 255
    255 0 0 0 0 255 115 0 0 255 69 0 115 255 0 0 0 228 0 255 255 255 0 0
    155 214 255 0 0 0 255 0 255 0 255 255 255 241 0 0 255 65 0 0 196 255
    255 255 255 0 0 210 0 255 255 0 211 0 255 255 255 0 255 0 127 0 0 0
    0 255 255 255 255 138 192 0 255 255 255 255 0 0 0 202 31 29 213 108
    0 0 255 0 255 1 0 255 0 255 139 255 0 255 255 255 0 0 0 61 119 255
    45 255 255 255 255 238 0 255 0 255 0 255 37 255 0 0 0 0 0 255 255
    255 0 0 7 255 255 0 149 0 255 0 0 8 255 0 255 255 0 255 255 255 0 64
    0 0 0 255 0 255 0 0 0 255 0 255 0 101 0 0 255 0 255 0 255 255 0 0
    255 58 141 0 0 255 255 255 255 0 31 255 0 0 255 255 0 8 51 99 255
    209 255 0 255 255 255 0 0 0 255 255 0 0 255 0 255 1 255 0 255 0 119
    0 255 0 0 156 0 0 0 0 255 0 20 0 0 255 0 255 255 155 255 0 233 0 55
    0 255 255 255 255 0 255 255 0 0 255 255 255 0 0 255 255 0 255 0 0 0
    255 0 255 0 255 106 255 255 255 0 255 0 0 255 71 255 255 0 255 0 255
    0 0 0 255 255 0 0 255 129 0 255 255 0 206 0 109 0 255 0 0 0 255 0
    255 0 209 255 255 255 45 190 0 255 0 0 0 255 255 0 0 0 255 0 255 255
    255 0 208 0 255 142 10 255 0 255 0 0 255 0 255 83 255 0 255 0 137 0
    156 222 0 53 58 255 255 255 255 236 255 255 0 0 255 0 0 0 255 255
    147 114 212 255 255 0 51 0 255 255 0 0 0 49 0 0 255 255 255 0 0 255
    255 255 153 255 255 0 255 0 0 0 255 255 255 154 0 198 255 255 255 59
    255 0 175 0 255 0 0 0 0 249 255 255 14 0 0 0 255 253 0 0 0 58 255 0
    0 191 255 255 255 97 255 255 0 0 162 217 255 142 0 255 255 255 255
    255 12 0 255 0 255 0 255 0 0 255 255 255 201 255 255 0 0 0 255 255 0
    0 0 100 0 255 255 0 193 0 0 0 0 255 0 0 0 255 255 209 0 67 0 255 0
    255 0 255 116 0 0 0 255 255 255 255 0 86 0 255 255 255 0 0 255 255 0
    255 0 255 255 255 184 255 109 0 59 255 255 255 0 0 0 255 255 217 255
    0 255 104 255 0 173 199 255 0 0 255 0 46 0 255 255 0 255 125 255 0
    173 0 255 255 255 0 255 0 0 251 255 60 228 255 255 0 0 255 0 237 255
    255 255 0 255 0 255 0 255 75 0 0 255 155 58 0 255 0 254 0 154 255 0
    141 0 255 255 255 126 61 0 255 0 255 255 255 0 255 255 0 255 164 255
    0 0 255 255 0 0 255 180 53 255 0 255 0 255 255 255 138 0 138 0 255 0
    255 255 255 255 255 255 0 0 255 146 113 0 255 255 255 116 255 0 0 0
    255 255 255 0 255 0 255 255 255 255 106 0 211 0 255 0 238 0 255 255
    255 255 255 0 0 0 255 173 0 0 0 255 255 255 0 252 255 0 0 0 255 0
    255 0 255 0 255 0 255 255 255 255 0 255 0 240 0 55 255 103 0 255 6
    255 255 88 0 0 255 0 0 0 255 255 255 207 255 255 0 0 0 255 255 255
    101 0 0 255 255 255 255 0 0 255 255 255 82 255 0 0 255 255 141 0 0
    255 255 59 0 87 255 255 233 0 0 255 0 255 0 153 255 255 255 0 156 0
    255 0 255 172 255 0 0 0 0 255 255 0 0 0 255 189 0 0 0 47 255 182 0
    255 255 255 0 45 255 0 0 0 255 0 255 0 13 0 0 255 255 255 0 184 255
    255 0 0 255 243 5 0 255 255 255 0 255 0 0 0 0 255 255 0 0 255 255
    118 255 0 0 0 255 0 255 0 255 0 38 0 255 0 0 125 23 0 0 255 0 255 0
    0 255 2 255 0 255 60 255 137 255 0 0 19 0 255 255 255 0 0 255 218
    255 178 0 148 255 255 0 0 255 208 0 0 255 0 255 0 255 255 255 53 255
    0 0 0 0 255 255 0 0 0 255 0 0 253 0 255 210 14 0 0 74 241 0 71 0 0
    255 255 16 163 206 0 0 255 0 14 0 255 0 10 0 0 255 255 212 0 255 255
    0 66 46 255 0 0 174 255 255 0 240 0 231 0 0 0 255 255 255 255 255 0
    255 62 255 255 0 255 255 255 0 255 0 36 36 0 255 255 255 0 0 0 255
    24 255 0 0 71 255 255 255 0 255 0 255 0 0 0 255 255 0 0 109 0 0 0
    255 255 255 247 255 0 255 0 0 16 95 255 0 255 0 255 0 39 255 255 0 0
    255 0 0 0 255 0 255 0 255 255 0 0 203 0 255 255 229 0 0 255 0 255
    226 255 0 41 0 255 255 0 255 255 255 0 59 0 184 0 255 95 165 255 212
    255 0 255 255 232 228 255 255 255 240 252 255 89 255 0 255 255 0 0
    144 59 0 0 0 161 255 0 133 255 255 0 0 255 255 0 60 0 119 0 255 0 0
    0 255 255 255 0 252 0 255 156 255 74 69 0 167 0 0 0 255 65 255 255 0
    0 23 218 255 255 0 229 7 25 214 0 255 202 255 255 0 0 0 255 255 0
    255 0 255 0 255 0 0 56 255 255 0 0 137 255 0 0 231 247 255 0 201 0
    255 0 255 0 255 255 255 255 0 0 55 0 255 255 0 255 255 0 255 255 255
    0 255 0 0 188 182 255 255 255 255 255 0 255 0 255 160 255 0 255 0
    255 0 255 28 255 255 0 0 44 255 254 0 255 255 255 0 0 0 255 255 255
    255 0 169 201 255 0 0 255 135 255 0 0 255 0 0 0 13 255 255 0 16 0 54
    0 255 255 244 130 0 0 255 130 74 0 255 0 0 255 142 255 0 0 0 255 255
    255 0 255 90 255 255 255 255 0 0 0 60 151 255 0 0 0 0 204 255 0 0 2
    255 255 74 0 88 0 0 0 255 255 255 0 0 0 255 0 255 127 0 255 150 255
    255 255 143 0 0 9 255 42 53 255 0 0 0 0 255 255 0 37 255 255 187 51
    33 238 0 0 255 0 255 0 255 0 255 0 255 255 255 0 0 0 183 0 255 255 0
    0 255 255 0 178 0 255 255 255 170 0 255 0 255 0 255 0 255 0 255 0
    255 0 0 0 194 255 0 228 102 255 0 255 0 0 0 255 230 0 0 0 0 255 0
    189 255 255 94 0 0 255 255 255 0 255 30 7 255 0 147 0 255 13 255 130
    255 255 255 0 255 255 0 255 0 0 233 255 255 255 255 255 255 72 0 0
    255 97 255 0 255 0 0 0 255 255 0 0 10 0 0 255 0 52 255 0 255 0 65
    255 0 255 126 255 0 0 0 255 0 255 0 0 183 255 0 255 0 255 255 59 255
    213 15 0 255 0 255 255 93 19 0 255 255 24 0 0 0 171 34 255 0 255 0
    255 0 255 255 255 255 0 255 90 255 0 240 255 144 255 255 21 173 0
    255 0 30 169 0 255 0 255 0 0 0 0 0 86 0 255 255 0 0 132 255 24 232 0
    61 255 0 255 0 0 40 255 255 0 0 0 255 23 255 255 255 0 255 0 0 255
    151 0 0 255 58 0 0 0 255 255 255 98 0 255 255 255 16 0 255 0 176 0
    255 0 255 255 255 0 0 31 201 255 0 255 0 255 0 255 0 255 255 241 68
    97 255 255 223 34 187 0 255 255 0 0 0 255 0 0 255 89 54 0 0 0 255
    255 255 0 0 255 255 255 255 0 255 0 255 104 255 0 255 0 255 0 81 255
    255 255 255 29 255 255 255 0 253 128 125 0 0 165 255 112 0 0 0 0 255
    255 152 0 0 255 255 0 0 255 255 0 255 0 255 0 255 0 43 174 255 200
    255 0 0 0 255 255 255 0 0 255 0 0 0 121 0 255 0 0 255 0 255 0 255
    255 255 0 255 0 255 0 0 0 79 255 255 182 0 0 0 255 255 0 0 0 255 255
    0 0 0 0 170 255 45 255 0 0 255 163 255 255 255 142 0 0 255 0 21 99
    204 162 255 0 0 0 255 231 255 0 255 255 226 0 0 255 90 255 0 255 255
    255 110 0 255 255 255 0 255 255 255 0 0 0 223 0 255 255 255 0 0 70 0
    255 255 127 0 255 0 253 255 0 0 0 0 255 255 0 0 0 0 18 255 255 0 0 0
    255 255 255 255 0 148 206 255 255 255 244 255 0 255 186 0 0 0 255 38
    234 68 255 0 255 255 255 0 255 0 0 239 255 255 0 0 0 0 255 255 255 0
    0 116 81 111 255 255 255 255 255 0 0 0 0 255 0 0 0 0 255 90 0 105 0
    255 255 255 255 0 255 0 255 0 0 166 255 255 0 255 255 255 0 152 0 0
    210 255 0 42 216 255 182 0 18 0 0 0 0 255 255 0 0 0 0 255 0 0 241 0
    123 0 121 255 255 255 0 0 0 255 0 255 51 255 42 255 0 255 255 0 0
    255 255 255 255 0 0 0 255 255 189 137 0 255 255 255 0 0 0 0 0 0 255
    83 255 0 0 0 49 91 255 255 0 0 255 0 255 0 0 115 255 255 255 0 0 0 0
    255 0 89 0 248 190 0 255 0 255 0 255 203 180 0 255 255 255 0 0 78 0
    255 0 255 201 0 0 255 0 255 255 0 255 0 255 0 255 255 0 201 255 255
    207 0 0 212 255 0 0 0 255 255 255 0 255 255 46 246 0 167 40 255 255
    255 15 139 0 0 233 60 255 255 255 0 0 0 255 49 255 50 0 0 0 69 86 1
    255 255 0 255 232 1 0 56 92 255 255 0 0 255 255 0 0 255 0 203 255 99
    255 0 255 0 205 0 0 0 0 132 0 0 0 0 255 255 36 0 0 255 255 0 5 0 0 0
    61 255 255 255 218 166 255 255 100 0 0 0 0 255 0 255 255 255 0 255 0
    159 255 175 255 0 0 0 198 0 0 74 0 0 0 255 255 255 0 0 0 255 255 0 0
    0 127 255 0 0 255 42 126 0 87 255 107 0 0 37 255 255 255 0 0 0 255
    165 255 0 255 255 255 255 54 0 0 255 255 0 78 255 255 255 0 255 255
    255 0 0 255 255 255 0 255 0 100 20 255 255 0 0 18 0 99 0 255 255 0 0
    255 255 0 255 0 255 0 255 255 0 0 255 255 255 0 0 0 255 0 255 255 0
    193 255 255 0 129 0 99 0 0 255 0 255 255 255 0 0 255 255 255 0 0 0 0
    113 255 255 255 255 0 8 0 4 255 0 0 180 255 255 70 0 0 255 253 255
    255 255 255 0 255 0 0 0 255 25 255 0 255 0 255 255 255 0 0 0 0 0 255
    255 255 0 0 0 0 255 255 43 228 10 131 0 255 255 255 255 255 0 0 0 0
    255 255 255 0 0 255 0 255 0 255 138 107 39 151 255 0 255 144 255 0 0
    0 0 255 226 0 95 0 255 0 21 155 86 146 255 255 0 0 255 255 255 0 255
    105 196 0 0 45 255 0 255 6 0 0 0 0 255 0 0 255 0 255 0 0 0 255 255
    122 0 0 38 255 191 255 158 253 221 0 0 146 255 111 0 39 0 255 150 0
    0 255 0 0 0 0 88 0 255 0 172 119 255 255 0 0 0 0 0 255 255 255 255 0
    0 0 76 0 45 255 255 255 255 0 0 250 255 0 0 255 0 255 255 0 255 0 0
    255 0 255 89 0 0 0 255 255 0 0 0 255 255 255 255 0 255 33 49 0 0 130
    1 255 0 141 255 255 0 8 0 255 255 0 94 255 213 255 255 0 255 118 255
    207 119 255 184 255 255 0 200 255 255 0 0 0 0 0 74 255 255 255 0 0
    255 1 0 0 0 28 255 166 255 0 0 0 0 255 255 246 255 239 0 228 255 0
    255 0 0 255 206 255 31 255 0 0 0 255 255 255 0 0 0 255 0 0 0 0 255
    255 210 239 0 0 0 255 255 255 0 255 0 228 0 0 0 47 255 0 255 255 255
    0 0 255 255 0 255 0 40 255 255 22 0 0 0 0 0 255 255 42 0 255 255 255
    0 255 0 0 255 149 255 0 255 0 2 0 255 0 255 0 255 0 255 255 255 0 0
    216 0 255 0 255 70 21 0 0 255 0 255 100 255 0 194 0 255 0 255 0 0 0
    48 255 0 255 255 255 141 0 255 0 0 0 0 255 0 255 0 255 70 255 255 0
    0 0 255 255 0 0 255 255 36 255 25 0 255 0 255 0 0 255 255 0 197 0
    255 95 75 255 255 0 0 0 255 9 255 0 255 0 255 0 173 255 255 0 161
    255 127 255 0 0 0 0 255 255 255 255 255 0 0 0 76 255 0 255 255 255 0
    0 0 255 59 0 192 0 255 43 255 0 0 59 255 255 255 16 0 255 0 0 84 245
    255 255 0 255 0 255 0 0 180 0 0 255 255 0 0 2 0 255 0 120 206 255 49
    123 0 0 255 244 255 255 255 255 0 107 0 180 255 97 255 0 0 0 0 255
    255 0 0 255 255 255 0 0 255 255 255 255 255 21 0 18 0 255 53 86 255
    0 0 227 255 255 255 255 255 0 0 0 255 0 255 0 255 255 255 95 200 0 0
    255 146 255 0 255 174 255 0 0 128 0 0 255 255 255 0 235 255 0 255
    209 255 0 255 255 255 255 255 255 255 7 255 217 0 255 0 147 135 0
    255 255 7 0 255 255 0 0 255 0 255 0 162 191 167 0 0 255 255 233 0
    255 0 255 0 0 255 255 255 0 0 0 0 255 255 226 0 0 135 122 255 255
    255 0 0 0 0 255 0 255 255 255 225 0 0 0 67 255 0 159 0 151 255 255 0
    0 0 241 255 255 0 102 255 255 255 0 42 0 255 0 255 255 255 0 165 0
    255 255 0 255 141 255 255 119 133 0 0 255 183 137 0 255 255 0 93 0
    255 126 255 0 255 255 255 0 0 110 0 0 0 255 0 0 0 0 255 255 255 119
    255 3 0 125 0 0 0 167 191 255 0 96 0 255 0 237 255 255 255 170 255
    255 0 0 0 0 255 255 0 0 1 255 114 255 255 0 0 255 216 0 255 0 255
    193 255 63 0 255 113 255 0 255 73 255 0 0 0 255 255 0 0 255 0 255
    147 255 0 0 237 255 255 255 0 0 0 255 255 255 0 0 0 255 90 255 0 0
    255 0 0 0 255 5 0 154 255 255 148 0 255 255 255 0 0 255 255 189 0 0
    255 255 202 0 60 0 255 255 0 255 0 0 0 255 255 0 0 255 255 255 255 0
    20 0 255 255 176 0 0 0 0 255 255 119 255 75 255 255 255 255 0 96 44
    255 255 0 0 20 255 255 255 255 255 255 255 204 17 0 255 0 255 0 255
    0 255 255 255 67 0 255 255 255 255 255 0 0 255 255 0 0 84 255 255
    255 0 255 15 255 255 0 0 49 160 255 0 245 255 255 0 255 0 255 0 0 0
    255 0 0 0 147 255 255 255 0 116 255 255 255 255 186 255 102 255 0
    255 160 255 255 0 255 0 255 255 176 0 255 0 193 255 255 0 142 255
    185 0 255 0 0 255 255 255 255 255 0 0 0 135 0 255 255 94 255 255 255
    0 255 0 255 0 255 255 255 0 0 255 255 220 0 255 0 0 255 0 255 255 0
    39 0 101 255 0 255 255 0 0 0 255 255 0 0 255 158 255 10 0 0 255 255
    255 255 0 255 130 0 0 0 255 255 255 255 0 255 81 78 0 255 56 168 0
    47 255 255 255 255 255 0 0 0 107 255 255 255 0 0 255 255 0 0 0 255
    255 0 54 0 43 255 115 255 0 255 0 0 0 255 0 0 0 255 0 255 255 255
    255 0 255 255 255 0 255 29 255 185 0 255 0 68 255 0 255 255 164 229
    0 0 236 255 255 25 0 0 255 0 255 0 255 255 255 34 18 207 148 0 255
    255 255 0 255 0 217 0 255 0 255 255 255 255 0 0 0 255 0 255 0 255 0
    255 0 255 125 255 0 0 0 0 0 255 5 255 0 255 0 255 117 53 0 255 0 0 0
    255 255 113 198 0 255 200 255 255 0 0 0 255 0 255 0 0 0 255 255 255
    255 255 0 255 255 0 96 0 255 0 0 255 255 114 0 146 255 0 0 255 0 255
    0 199 0 255 0 84 255 255 0 0 255 255 255 36 255 255 0 0 255 238 0
    100 0 255 0 0 255 19 255 0 0 0 255 0 255 35 3 0 0 255 255 255 157
    255 5 255 0 0 0 255 255 255 0 255 255 0 0 255 255 255 0 249 0 255
    205 255 255 0 0 187 255 0 0 0 168 255 0 255 0 255 0 255 0 255 164 0
    0 0 224 255 255 255 255 0 255 255 180 0 255 255 255 59 0 255 255 0 0
    0 255 0 73 255 255 255 0 0 0 0 0 192 29 255 103 255 0 255 0 247 0
    255 0 0 0 199 0 255 0 255 0 203 0 255 255 0 63 0 255 0 255 255 145 0
    255 0 255 0 0 0 0 100 0 255 255 255 0 255 0 255 0 0 216 0 255 0 255
    0 179 0 152 0 0 255 28 255 0 255 255 0 0 0 95 255 0 29 255 25 255
    174 0 0 255 121 0 0 255 255 172 255 0 255 0 0 255 255 0 183 0 255
    255 16 0 0 212 0 0 128 0 255 0 255 255 232 255 255 0 0 0 0 255 0 0 0
    255 255 255 255 0 255 255 0 202 255 255 255 0 0 0 10 0 0 255 255 255
    250 255 221 0 0 255 255 255 255 255 255 0 0 0 255 255 0 2 0 222 255
    255 0 255 0 255 255 0 0 0 193 47 238 255 255 0 4 255 0 255 0 255 0 0
    0 255 255 156 158 255 255 0 0 0 255 255 255 255 0 224 255 234 0 0 0
    0 235 185 0 255 0 255 0 255 0 255 0 0 0 255 255 0 0 10 255 255 0 0
    154 255 255 188 255 92 0 0 255 255 26 0 0 255 67 0 0 48 25 0 255 0 0
    0 19 255 255 255 255 0 92 242 0 0 0 255 8 0 255 30 0 0 5 255 255 255
    255 255 255 0 255 0 255 0 255 0 255 213 97 0 255 255 255 0 0 0 255
    255 67 221 66 255 0 255 255 255 0 0 0 255 204 0 255 0 11 0 255 0 255
    0 255 184 0 0 0 255 0 72 255 80 155 0 255 0 255 0 255 82 0 91 0 0 0
    255 0 255 255 255 0 255 0 255 0 255 45 0 0 252 0 255 0 255 0 0 0 168
    255 0 255 0 255 103 0 255 112 255 0 0 89 0 0 255 0 255 0 0 0 255 255
    0 255 0 255 0 230 255 31 30 0 0 0 246 0 255 0 255 0 0 39 0 97 0 255
    255 0 0 0 255 255 0 63 6 255 0 255 195 0 255 0 255 0 0 255 255 0 0 0
    0 255 0 255 0 0 119 255 0 0 0 255 255 255 0 255 0 255 0 0 0 0 255
    255 0 0 61 255 255 0 0 0 255 0 255 0 255 173 255 0 255 0 0 0 93 255
    255 0 255 0 0 255 255 255 0 0 255 255 255 0 255 77 255 0 0 0 164 93
    255 255 255 0 245 255 255 217 255 255 255 105 255 255 0 112 255 255
    0 255 255 0 255 0 255 75 61 255 0 0 255 255 0 12 163 14 0 100 102
    255 0 111 0 0 197 0 0 255 255 255 0 190 0 254 0 220 255 197 0 0 0 0
    0 0 255 58 0 255 255 19 77 255 255 255 0 210 0 255 255 206 255 0 255
    0 0 13 255 0 0 0 46 0 255 112 255 0 91 255 255 0 0 193 255 0 3 194 0
    255 0 255 255 255 0 0 186 0 255 255 255 255 0 255 0 0 171 255 8 165
    0 255 255 0 0 0 255 255 0 255 0 0 255 255 255 0 255 0 0 255 255 255
    0 28 0 0 254 255 0 255 106 255 0 0 255 0 255 0 255 255 0 251 0 159
    255 255 255 0 0 255 0 255 255 255 0 0 0 0 63 0 0 255 21 255 0 255 0
    47 16 255 255 0 255 0 255 0 255 123 255 222 255 0 0 255 102 255 0
    255 63 0 163 0 255 219 255 204 255 255 255 0 255 255 147 0 255 0 255
    255 255 255 0 47 175 255 0 0 0 255 255 0 255 0 255 255 255 0 255 255
    0 255 0 255 0 255 0 0 0 255 255 0 41 0 255 40 177 0 255 166 255 0
    255 0 0 255 255 181 0 0 0 255 255 0 0 0 255 255 21 0 50 255 255 255
    45 0 255 0 0 0 255 255 255 0 255 12 0 255 255 255 255 0 255 255 0 0
    255 64 255 0 0 255 0 255 255 255 255 178 0 0 86 255 255 0 95 0 255
    255 255 0 0 73 0 0 218 0 255 167 255 255 0 0 255 0 255 255 209 0 0
    255 0 255 251 255 255 190 255 0 0 16 255 31 0 255 255 255 0 0 0 0
    255 0 255 255 255 255 0 0 255 78 0 0 0 255 0 255 0 255 168 255 233
    14 95 0 0 255 255 255 0 0 0 255 136 0 17 0 255 255 255 255 0 255 255
    255 0 0 93 255 0 255 0 0 0 0 2 94 255 0 0 255 255 255 0 255 255 255
    0 255 255 255 255 203 255 149 0 0 255 255 255 0 255 255 0 112 255
    255 0 255 255 255 0 0 0 255 255 107 255 191 0 0 0 255 255 0 0 255 0
    255 255 39 255 0 59 0 255 0 111 89 255 77 0 0 255 255 0 0 27 255 255
    255 53 0 99 255 255 122 235 0 126 242 255 255 0 77 0 0 0 0 138 0 255
    255 0 0 255 255 255 0 40 0 255 0 255 187 255 0 0 0 255 255 80 255 0
    0 0 57 0 255 0 255 0 166 0 255 6 255 0 255 255 212 255 243 255 0 0 0
    255 0 255 169 0 63 255 255 0 0 255 255 27 255 255 255 0 0 255 255 0
    0 0 255 0 255 241 205 255 0 27 0 24 255 0 255 255 255 0 171 0 255 0
    0 0 193 255 85 0 0 255 255 255 152 255 0 255 70 255 0 196 57 79 255
    0 180 255 0 255 0 255 0 255 0 255 255 0 255 0 255 0 2 255 255 255
    255 0 0 255 255 255 179 48 0 0 255 183 255 0 255 1 39 0 239 55 255 0
    214 255 255 255 220 0 107 0 255 255 255 255 0 255 255 123 255 255 0
    0 255 255 255 0 0 0 255 239 189 0 255 255 255 255 0 255 255 72 0 0
    225 255 80 255 0 255 0 255 0 255 15 255 101 158 0 0 0 255 218 0 0
    114 0 255 86 255 205 255 0 0 255 140 255 0 0 255 0 36 0 0 0 90 255 0
    0 0 0 0 0 0 255 221 255 0 0 0 255 255 0 0 255 0 255 255 255 198 255
    255 255 0 92 0 0 46 255 255 40 0 0 175 255 255 255 0 0 0 27 255 148
    0 255 199 0 0 255 255 255 0 100 255 255 0 255 0 255 0 255 0 255 0 0
    0 0 255 0 255 0 255 0 255 126 0 0 74 255 255 255 255 0 0 0 0 255 255
    170 0 156 0 255 0 0 0 255 255 0 255 0 255 0 255 0 0 0 255 255 0 0
    140 255 255 255 0 0 0 187 255 255 0 0 0 255 166 255 0 255 0 198 255
    255 255 255 255 20 0 0 0 255 255 162 0 255 0 0 0 79 255 0 142 0 0 97
    199 0 0 105 255 0 255 0 255 0 185 18 0 255 0 249 255 185 255 0 255
    137 255 0 255 255 241 0 0 0 74 255 13 215 0 147 0 255 0 255 255 255
    0 154 0 255 0 0 255 255 0 242 255 0 0 0 0 41 255 255 152 0 0 0 0 255
    246 255 255 255 255 255 0 0 255 255 0 0 255 255 255 0 152 0 46 255
    255 0 0 0 0 0 0 0 255 0 0 255 0 62 255 255 255 0 0 0 0 255 204 132 0
    255 238 151 0 255 0 255 255 0 0 0 0 0 255 255 255 229 0 0 0 255 0 0
    0 255 0 26 149 255 77 255 255 255 255 255 0 0 0 18 255 0 255 0 0 255
    0 0 0 255 0 164 0 0 255 0 0 0 0 104 0 0 126 255 0 255 0 255 255 65 0
    0 101 255 255 0 255 255 255 0 0 0 167 0 0 113 158 255 255 0 255 255
    255 255 255 0 0 0 255 255 0 255 0 0 0 0 255 165 206 0 60 0 255 255 0
    255 255 255 0 0 0 118 0 255 255 255 0 0 255 0 255 255 0 255 255 3 0
    0 0 255 255 255 255 0 255 0 255 255 0 255 0 255 0 0 255 255 0 0 0
    255 255 0 255 60 255 0 255 0 255 255 110 255 0 172 0 0 255 0 0 255
    255 0 0 125 194 0 0 0 255 255 255 0 0 0 0 0 255 209 212 0 0 118 0
    255 0 255 255 0 0 0 64 255 255 127 255 0 0 255 0 0 62 0 228 177 0 0
    255 0 0 122 255 54 95 255 0 0 0 255 255 255 0 0 21 0 0 0 123 255 255
    255 0 209 255 169 0 255 255 163 161 0 255 255 0 0 255 255 255 0 0 0
    255 0 0 255 255 255 0 118 0 218 0 255 0 0 0 0 255 255 255 255 255 0
    0 0 182 255 0 0 0 0 255 0 222 0 255 182 0 255 255 0 0 255 0 0 255
    255 0 29 0 0 0 162 0 0 255 255 255 255 1 0 0 255 255 0 255 255 255
    214 0 0 255 134 255 255 0 168 255 255 0 0 255 255 255 0 0 255 0 0
    119 71 255 0 0 147 255 255 53 160 0 0 255 255 255 0 255 255 206 255
    0 155 255 255 255 255 0 0 255 0 255 201 206 0 0 255 255 0 0 187 0
    255 0 0 255 255 255 22 0 0 255 56 255 255 255 255 0 0 63 0 255 255
    21 255 0 255 255 255 14 0 0 0 0 0 0 255 0 0 0 0 0 255 255 255 0 255
    201 0 148 0 255 255 255 255 255 98 20 0 255 107 255 255 125 255 0
    255 34 255 0 209 0 255 0 255 255 0 0 0 255 173 64 0 255 255 255 88
    255 255 255 255 0 0 105 255 255 255 255 0 0 253 114 255 255 255 0 0
    255 255 255 142 0 0 255 72 161 0 255 255 255 0 255 0 255 0 0 255 255
    0 22 255 255 255 0 0 0 255 255 255 243 0 0 0 255 255 0 0 255 255 214
    54 255 255 0 255 0 0 0 254 90 0 255 0 255 255 255 255 0 0 255 255
    255 255 0 119 0 24 0 255 255 255 255 151 0 0 0 255 0 255 255 0 0 0
    37 255 255 228 8 0 0 255 255 0 130 255 11 255 0 255 15 0 255 42 0 0
    0 10 255 255 0 0 255 0 255 16 0 255 47 255 255 255 0 236 255 0 255 0
    155 0 120 109 0 97 0 255 255 0 0 0 255 0 255 255 255 255 0 255 57
    255 255 255 255 255 255 0 0 175 0 255 0 255 0 255 0 9 255 40 130 0 0
    255 0 0 0 255 0 140 255 122 0 255 234 255 0 255 197 115 186 0 255
    255 103 0 139 70 255 0 0 23 0 0 255 207 0 0 104 255 0 0 0 255 255
    255 255 143 0 98 0 0 0 0 0 0 255 152 0 0 255 255 0 0 0 0 0 255 255 0
    0 0 255 255 0 0 0 0 255 255 255 184 0 0 0 10 0 255 255 255 0 0 0 142
    198 0 255 255 112 0 255 0 68 255 255 255 255 0 255 204 0 0 255 255 0
    40 0 255 127 156 255 0 195 0 255 255 255 0 0 0 255 0 240 0 255 255
    33 255 0 0 255 255 255 0 255 136 255 0 0 0 255 63 255 0 0 0 103 64
    255 255 231 255 0 0 255 0 0 0 255 255 255 0 0 0 255 0 255 197 255 56
    255 0 0 188 137 255 83 144 255 50 0 255 0 223 0 255 255 255 255 250
    0 0 255 255 255 0 0 86 255 0 26 255 255 255 255 0 255 0 0 0 255 255
    65 27 0 255 0 255 219 20 0 255 0 0 0 0 131 255 30 255 0 255 255 255
    255 0 255 171 37 178 255 0 255 175 251 0 255 0 255 212 255 255 0 0 0
    255 255 0 0 0 0 255 255 255 0 0 0 255 0 0 97 255 255 226 255 94 255
    255 0 255 43 0 255 0 0 82 255 255 255 255 0 28 0 255 255 120 0 255 0
    0 0 0 97 255 0 255 255 255 233 0 0 0 33 0 255 0 0 0 255 255 0 0 0 0
    255 255 255 0 255 0 0 0 255 255 255 20 255 0 15 0 255 255 255 201 0
    0 0 0 255 255 255 255 0 255 0 255 255 219 1 109 28 0 255 28 255 255
    255 255 255 255 0 0 10 0 0 255 255 0 255 0 211 255 255 124 145 74
    171 20 255 0 138 0 0 96 255 255 255 255 0 0 255 0 71 4 229 241 255 0
    0 0 0 255 52 255 116 0 115 0 0 0 0 0 255 255 255 255 0 0 31 218 0 0
    255 180 255 0 76 255 255 0 0 0 255 255 255 120 255 0 159 0 0 0 255 0
    0 0 0 255 255 255 0 199 255 255 134 0 255 0 255 255 255 196 0 0 255
    255 0 255 0 255 98 128 0 0 255 0 177 0 127 0 134 221 175 255 0 0 255
    255 255 0 255 255 255 0 0 0 255 0 255 255 255 0 0 255 255 0 0 0 255
    45 255 255 255 100 0 255 0 0 81 255 255 255 218 142 0 0 255 41 0 255
    0 56 125 0 19 0 255 0 0 255 255 255 255 0 255 0 255 255 0 255 0 234
    0 255 0 0 0 255 9 0 0 116 0 0 0 0 255 255 36 255 255 0 84 145 0 111
    255 38 0 0 0 0 33 255 255 255 0 255 0 0 157 50 255 148 0 98 255 255
    0 0 255 0 0 0 164 255 255 255 0 255 0 255 0 255 62 255 0 0 0 0 255
    255 35 255 0 0 255 255 255 191 255 255 255 255 0 232 102 0 253 255
    246 0 255 0 0 0 255 0 193 0 255 113 56 0 255 0 26 244 255 0 0 69 255
    255 0 0 0 0 0 255 141 255 6 255 0 255 0 0 0 0 255 0 255 0 255 255
    103 0 80 255 255 0 0 255 255 255 255 255 0 181 0 0 0 9 255 117 0 84
    255 255 0 255 255 0 255 255 255 0 0 255 255 0 255 0 0 0 255 255 255
    0 0 0 255 47 0 255 0 255 255 255 198 0 255 255 255 255 138 0 0 0 255
    255 255 38 255 255 162 0 0 255 255 254 0 0 255 6 255 255 0 0 0 255
    120 255 0 255 0 105 169 0 255 0 68 0 255 255 255 0 255 0 255 0 255 0
    255 0 255 230 255 255 255 255 255 255 91 0 163 255 0 255 255 255 77
    255 255 255 0 242 0 0 0 255 255 255 255 255 0 255 0 240 255 255 255
    7 0 181 255 0 25 255 255 0 0 0 255 211 255 255 85 255 0 216 0 205
    255 255 0 255 255 255 0 0 0 255 255 255 0 0 0 255 0 0 0 0 255 0 24
    255 0 95 0 110 14 163 0 0 255 255 0 132 0 255 0 0 201 0 255 175 255
    255 134 0 255 0 255 0 0 0 255 0 255 145 0 195 255 0 0 0 255 0 255 0
    226 255 255 255 0 204 255 255 24 165 255 0 0 255 0 255 0 255 255 0
    255 0 251 0 255 255 255 0 255 0 255 0 0 255 0 255 0 255 255 0 0 255
    255 0 0 0 151 255 255 255 0 0 195 255 255 0 255 0 255 0 255 0 0 0
    255 255 216 255 255 0 0 255 0 0 0 255 255 104 0 0 0 255 0 255 0 255
    255 255 17 0 36 151 255 109 0 28 255 184 255 0 255 255 255 255 0 255
    119 255 0 7 169 255 255 0 168 96 255 218 0 0 255 0 0 133 0 255 255 0
    135 0 255 0 255 0 202 255 255 255 0 255 113 255 0 255 0 255 255 236
    0 0 0 255 255 255 0 255 0 0 0 255 62 0 0 255 255 255 0 0 0 0 255 203
    18 198 255 255 0 0 0 255 255 4 94 132 0 207 0 255 234 255 0 255 0 0
    0 0 255 147 0 75 183 158 0 173 0 0 0 255 255 255 255 200 0 170 0 255
    0 255 238 153 255 255 0 39 0 255 0 255 0 255 0 168 219 0 65 255 162
    255 51 211 0 255 255 255 255 255 255 255 0 0 0 0 11 255 255 170 255
    0 0 0 255 255 255 124 148 255 0 255 119 255 0 255 0 0 255 0 255 0
    255 255 0 0 0 255 255 255 255 184 68 0 255 109 135 98 255 0 117 176
    0 0 255 255 5 0 0 0 159 255 116 210 0 182 255 0 0 0 255 255 255 36 0
    255 255 255 140 0 0 255 0 15 0 133 255 177 255 255 0 0 0 255 255 255
    0 0 0 0 255 203 125 0 255 255 255 0 0 255 255 153 204 255 255 170
    255 255 0 0 255 209 0 0 0 30 79 255 255 255 0 0 255 255 255 26 0 255
    255 0 0 0 40 255 0 224 0 255 255 255 38 255 255 0 32 193 255 77 47
    255 255 0 255 255 137 255 0 0 33 1 157 255 255 0 0 233 242 255 255 0
    255 0 255 0 0 0 255 255 255 255 0 0 0 255 255 255 0 0 255 255 70 255
    0 255 0 255 171 255 255 0 220 143 255 255 255 0 220 255 0 0 0 255
    255 255 0 255 255 255 255 175 0 0 60 0 74 0 255 255 0 0 0 0 255 255
    255 255 0 255 29 255 123 255 0 96 0 255 255 255 99 255 0 0 255 0 0 0
    255 255 255 255 0 255 255 209 148 0 0 255 54 255 246 0 0 255 0 0 160
    216 255 132 94 0 70 132 255 247 0 0 56 0 0 0 255 255 228 255 0 255 0
    255 255 255 255 0 0 255 167 180 255 255 255 255 0 255 0 255 255 255
    0 0 0 255 0 0 48 255 187 0 0 18 255 255 101 0 0 0 224 255 255 255 0
    255 255 255 49 0 255 0 0 0 0 255 255 255 0 255 0 0 255 255 255 6 51
    0 144 0 255 18 108 0 232 0 0 255 255 75 0 255 0 255 255 0 255 255 87
    66 0 0 0 0 255 255 86 0 164 0 107 0 255 89 255 32 0 0 255 255 255
    255 0 255 255 255 0 0 0 255 0 255 255 255 255 0 122 255 255 0 0 255
    255 255 0 207 75 255 0 0 0 255 80 255 128 255 0 0 0 255 255 255 0
    156 255 255 0 197 0 0 124 255 0 0 255 255 235 255 255 155 0 216 0
    245 56 255 255 255 108 135 72 128 255 0 0 36 229 255 213 255 82 187
    0 0 255 255 252 0 255 255 149 255 225 46 255 0 151 255 0 0 255 255
    255 0 99 173 255 0 255 0 255 0 255 255 255 0 14 255 255 212 61 0 0 1
    255 102 0 255 0 255 164 255 0 255 255 255 0 255 255 255 187 138 255
    255 0 41 0 0 0 255 255 0 0 120 0 255 124 255 255 255 29 227 0 0 175
    255 255 26 255 0 255 0 125 0 255 255 255 0 255 0 255 0 0 255 255 255
    255 171 0 115 255 0 0 0 61 255 255 0 0 0 255 0 255 53 0 0 0 255 0 24
    0 34 255 0 0 161 0 0 0 0 255 255 69 0 255 255 0 255 0 0 220 0 0 255
    255 255 0 255 0 117 0 31 255 0 255 0 255 0 255 255 110 0 255 255 0 0
    183 255 255 158 149 0 255 255 255 0 0 255 255 184 0 255 0 255 0 255
    255 152 0 0 90 0 0 255 255 0 0 0 0 255 0 255 0 255 255 255 255 0 0 0
    209 182 0 255 0 255 0 201 23 255 0 212 0 255 0 0 0 255 255 0 0 0 255
    255 255 53 0 0 255 0 255 182 255 122 152 177 255 0 255 98 255 0 0 16
    255 241 172 35 0 0 0 255 89 58 0 255 255 255 240 0 146 168 184 255
    255 255 0 255 255 228 255 0 255 235 255 255 142 195 5 0 255 115 0 7
    255 0 255 0 255 104 178 255 0 255 255 255 0 255 0 255 0 255 220 255
    0 255 185 249 255 255 0 0 130 255 107 255 255 255 255 0 0 255 0 255
    255 255 255 0 255 0 255 138 92 249 255 255 227 0 0 73 255 0 0 252
    255 171 2 255 255 61 0 255 209 0 255 255 0 0 255 255 46 255 0 0 34
    255 255 69 0 0 223 255 255 0 0 0 0 255 0 0 0 255 255 255 0 255 0 69
    255 255 0 0 0 255 255 0 255 0 0 255 255 255 255 255 203 0 51 0 143
    255 0 255 161 255 255 0 255 0 0 0 0 255 255 255 0 0 152 255 255 142
    0 62 0 77 41 255 42 0 0 109 255 0 0 255 0 255 0 255 255 0 255 0 255
    11 255 255 0 77 255 0 0 255 233 102 59 255 0 24 15 0 255 255 0 255
    175 255 55 116 0 0 0 255 0 255 255 0 35 0 216 145 255 20 0 0 0 0 0
    85 0 0 255 0 255 0 0 0 255 0 0 251 255 73 255 0 0 255 255 255 0 0 0
    255 255 0 0 209 0 255 0 255 0 10 255 255 0 255 123 255 255 255 0 58
    255 255 255 0 0 0 255 255 0 0 255 255 0 255 212 255 0 64 255 128 0
    122 0 255 0 193 0 255 0 0 0 0 255 0 255 0 117 255 255 8 0 0 0 19 155
    255 255 172 0 255 255 0 255 0 116 0 255 0 234 255 0 224 0 0 0 255 0
    0 255 255 51 0 132 0 255 0 34 0 255 255 255 255 142 255 255 255 0 86
    255 255 216 255 255 0 0 0 255 0 255 0 204 255 111 0 255 255 244 0
    255 255 0 0 0 99 255 100 255 98 0 0 255 0 0 255 255 0 0 0 255 255 0
    255 0 255 0 0 255 74 255 0 0 255 0 0 0 255 255 160 255 255 255 255
    255 15 205 0 255 0 0 192 255 0 255 196 255 255 0 0 215 255 0 255 255
    100 255 255 255 0 255 0 255 255 255 0 0 0 255 61 0 0 0 187 255 0 0 0
    255 50 72 0 74 0 255 0 0 0 0 255 255 255 0 255 204 255 176 59 0 0 58
    255 0 0 255 255 255 255 255 88 255 255 0 0 0 0 65 0 255 255 0 200 0
    0 0 255 0 255 255 255 255 255 255 255 32 0 173 39 255 255 255 0 0
    255 255 255 0 255 89 255 0 0 255 0 255 0 255 0 0 0 255 255 148 126 0
    116 255 0 0 255 255 156 0 0 255 255 0 255 255 255 0 0 0 92 199 255
    255 0 255 255 0 0 0 0 255 0 255 255 255 0 255 255 255 52 0 255 0 255
    0 255 0 255 255 0 255 0 255 0 255 204 0 0 0 255 255 255 255 0 204 0
    0 255 131 255 40 0 255 226 162 255 255 0 255 0 255 0 0 0 53 255 0
    255 0 0 0 255 0 0 255 255 65 0 30 0 6 0 0 255 0 104 0 0 0 28 0 0 0
    127 221 255 223 50 0 28 255 255 87 255 136 0 255 255 0 152 0 253 154
    255 255 174 0 181 255 0 0 0 255 255 0 255 0 255 255 255 255 127 0 0
    255 0 255 0 255 137 255 0 0 255 190 156 0 255 0 87 0 255 255 0 0 0
    118 255 212 255 36 255 0 255 0 14 0 255 196 0 255 255 255 29 0 0 0
    14 255 255 255 255 255 255 188 0 64 0 255 56 185 0 0 0 13 0 255 0
    255 0 255 0 255 255 255 255 255 255 0 53 255 255 248 0 192 255 23 0
    0 255 255 0 0 255 0 255 255 255 0 24 255 0 255 255 48 244 0 255 255
    255 255 17 0 0 0 0 0 255 0 153 0 0 0 136 255 0 73 101 255 255 255 0
    255 0 255 0 0 255 255 255 0 25 255 255 0 0 145 91 12 191 255 255 0 0
    160 0 255 0 0 0 0 46 222 255 153 81 255 255 255 255 0 173 179 255 0
    0 36 184 0 0 125 1 255 255 255 0 255 242 0 0 239 0 255 255 255 255
    255 0 0 0 0 255 255 255 187 0 106 0 0 0 255 0 255 255 255 0 0 0 255
    255 255 255 0 45 255 0 0 189 255 138 169 0 255 255 0 41 255 153 255
    0 255 107 255 178 0 0 122 93 0 0 0 255 77 255 255 61 255 0 0 0 0 57
    255 0 255 0 0 102 255 222 21 0 231 0 255 255 0 0 0 255 0 255 0 255
    255 255 0 138 93 255 92 255 0 180 255 226 146 255 255 255 255 255
    147 0 0 0 73 255 255 0 97 0 255 103 255 0 0 255 0 255 0 0 255 255
    255 255 0 0 122 104 255 255 0 169 217 0 146 255 0 0 0 255 31 0 255
    255 255 142 250 0 0 253 191 48 0 0 0 104 255 0 255 255 255 0 0 255
    255 207 255 255 0 0 0 0 0 255 255 24 137 0 0 36 0 192 255 31 255 0
    11 0 255 0 0 255 255 7 255 0 255 0 255 132 0 0 0 10 244 255 104 0 0
    211 255 255 0 0 0 0 255 0 255 152 255 148 0 255 128 0 255 0 255 255
    0 0 0 72 255 255 255 255 0 0 255 255 255 0 72 0 107 255 255 184 0 0
    255 255 84 0 0 0 108 0 146 255 0 5 255 0 255 0 232 0 0 255 255 255
    255 255 0 75 147 0 0 92 0 0 0 0 180 255 24 255 0 255 0 154 110 255
    255 255 0 255 255 0 255 0 0 0 0 255 255 163 186 196 255 0 0 0 255 0
    87 255 255 0 0 87 255 165 0 0 255 255 164 255 0 255 0 255 117 255 0
    255 0 255 0 191 96 0 204 255 0 0 8 255 0 217 255 149 148 0 0 22 0
    255 0 77 255 255 0 0 255 255 255 255 255 0 0 158 255 48 255 0 0 0 0
    0 0 255 255 255 255 61 255 0 103 0 255 0 255 0 0 0 255 255 255 0 0
    255 0 255 167 255 0 0 0 255 255 0 255 0 0 0 255 0 255 0 0 128 255 0
    255 0 0 255 0 255 255 231 255 0 0 0 0 255 255 255 0 255 0 0 0 245
    132 255 0 0 206 255 255 45 202 0 255 92 68 0 88 61 0 0 0 255 0 245 0
    0 24 255 104 0 255 255 255 255 0 0 0 0 255 255 16 111 255 255 0 243
    0 0 0 255 255 0 91 0 255 255 0 0 255 255 255 0 0 0 255 0 0 88 255
    255 255 255 255 255 0 255 255 134 0 0 255 255 179 0 0 255 255 255 60
    0 14 109 95 255 0 0 16 252 255 255 255 0 0 192 255 0 0 0 255 255 255
    0 0 0 255 255 0 0 38 0 255 0 255 255 255 0 0 0 0 255 255 0 255 255
    255 216 141 0 255 32 255 255 255 255 255 255 0 29 0 255 255 255 0
    170 0 130 255 196 255 0 0 0 255 255 63 0 0 0 255 101 255 0 0 255 255
    255 0 0 255 255 255 0 0 0 0 0 0 255 255 219 129 0 6 255 138 0 255 0
    0 129 75 255 0 0 255 192 255 0 0 255 255 255 0 0 0 0 255 0 255 255
    143 0 0 0 255 255 0 0 0 0 255 0 255 255 255 0 255 0 0 0 103 255 255
    255 0 134 0 0 255 255 255 255 0 202 255 0 255 0 217 0 255 0 255 10
    255 0 0 0 0 255 255 255 0 255 255 255 255 255 86 255 255 36 255 0
    255 0 0 0 83 255 255 255 255 255 0 0 0 255 255 255 255 0 0 0 255 0 0
    255 0 255 0 255 0 0 0 218 255 170 0 255 0 0 0 255 255 255 255 255 0
    0 0 0 255 255 255 255 69 0 127 0 0 0 255 255 255 243 0 44 255 255
    134 0 255 0 0 255 0 255 0 0 0 255 255 255 0 0 0 0 255 255 0 0 0 255
    53 255 255 0 255 0 255 0 0 255 255 197 0 0 0 195 255 255 255 49 0
    255 255 0 255 0 255 0 0 255 255 0 8 0 0 0 0 255 0 224 0 0 0 255 0 0
    94 255 255 255 194 255 53 255 233 255 0 255 0 255 255 0 135 0 255 36
    255 255 0 255 0 0 150 0 255 0 0 0 255 255 24 0 246 0 0 229 255 198 0
    255 0 255 0 151 0 173 0 0 0 238 255 255 255 144 0 0 255 0 255 0 81
    90 0 0 255 110 255 255 255 255 255 0 0 125 255 255 17 124 0 255 69
    255 0 0 225 255 0 0 0 255 255 255 255 255 0 0 120 164 0 255 0 255 0
    0 0 255 255 255 106 255 0 0 255 255 0 255 0 106 0 255 255 0 255 153
    255 0 101 255 158 0 0 0 255 255 255 0 0 0 255 255 255 255 255 0 0
    255 255 0 0 255 255 255 249 0 68 160 212 0 0 0 0 255 0 75 0 255 255
    0 255 255 255 0 0 0 255 255 255 255 65 255 255 250 0 144 255 255 176
    0 255 255 0 0 255 0 0 255 255 255 0 255 255 78 115 0 255 0 0 255 178
    0 0 255 255 162 0 27 108 255 255 255 56 0 255 0 208 0 255 255 0 0 0
    255 255 255 0 0 0 255 78 0 0 54 255 226 255 0 255 0 0 0 0 255 179
    255 0 255 255 15 0 0 255 255 255 255 0 0 0 0 0 216 255 255 255 0 255
    255 255 0 0 0 255 44 136 255 0 255 138 0 255 233 72 93 82 0 255 0
    255 0 255 255 255 0 0 0 0 255 255 255 255 255 255 0 255 255 255 0 0
    206 0 87 255 200 255 255 0 85 255 82 255 130 255 0 0 191 255 255 74
    255 82 0 0 0 255 255 145 0 166 0 0 255 0 0 155 255 255 255 163 170
    255 0 0 0 97 255 243 0 255 255 255 0 0 33 255 0 0 0 255 0 73 255 255
    255 0 0 0 255 255 255 255 0 0 255 0 255 255 255 0 0 144 0 255 255
    255 0 0 198 255 238 0 0 0 236 255 255 64 56 0 0 255 255 0 255 16 12
    255 255 255 0 0 0 0 255 0 255 255 255 89 0 0 0 0 0 0 255 0 255 0 0
    213 0 255 102 248 242 255 255 255 24 255 0 0 116 255 255 221 255 0
    79 0 15 0 255 0 255 0 255 112 255 255 0 0 0 0 0 238 31 255 0 255 0
    255 0 255 0 0 0 0 255 233 255 0 255 0 0 0 255 255 0 255 255 0 0 0
    255 51 0 255 255 0 0 170 161 255 0 255 255 0 0 255 255 255 0 5 0 0 0
    255 0 0 0 255 255 255 0 242 0 255 105 255 255 255 255 255 230 0 0
    127 255 255 113 0 0 0 255 255 255 255 255 0 0 255 224 255 255 255
    255 0 187 0 255 0 0 255 255 255 0 0 150 255 0 237 0 255 70 255 0 0
    255 255 255 0 0 0 0 255 255 255 0 0 0 141 255 255 0 0 0 255 175 0 0
    0 71 255 0 255 0 0 254 255 255 255 0 202 0 255 0 0 0 255 255 255 0 0
    0 255 255 0 251 0 28 0 0 255 255 0 0 255 187 255 0 0 0 51 0 0 0 180
    255 0 0 0 0 255 0 255 255 238 115 0 255 255 255 0 0 255 117 124 255
    255 0 255 0 0 0 0 255 0 255 255 184 255 0 255 255 255 255 16 255 255
    255 255 255 0 0 255 255 0 17 255 255 0 0 50 255 0 255 0 255 0 55 0
    255 255 255 76 0 255 0 0 0 10 255 0 0 0 91 255 0 255 31 0 127 255 0
    108 0 255 255 0 254 255 0 255 255 0 0 0 0 0 135 255 0 67 0 255 0 255
    11 0 255 0 255 255 0 255 0 255 255 255 255 255 0 48 0 255 255 255 72
    151 238 255 59 255 0 239 9 255 228 255 0 255 255 255 0 217 255 0 0 0
    255 196 255 255 255 255 255 0 0 0 0 0 255 0 0 0 255 0 0 0 0 255 125
    0 255 3 107 0 255 255 255 255 255 0 70 0 0 255 23 135 255 137 0 255
    255 255 0 0 118 255 255 255 50 255 0 255 110 255 0 1 6 255 0 255 0
    255 255 255 0 0 0 0 0 255 255 255 0 0 255 0 49 0 163 234 255 0 255 0
    255 255 255 0 255 0 255 0 49 255 0 0 255 182 255 0 11 109 255 255 0
    163 0 255 255 255 0 0 0 255 0 0 93 255 255 0 255 0 0 255 255 0 0 168
    0 255 189 255 255 0 255 255 255 172 1 255 0 0 255 90 255 0 255 0 235
    0 184 255 255 255 0 239 0 0 0 255 0 0 0 255 67 255 35 0 255 0 255 20
    0 0 0 255 0 0 57 255 77 255 248 217 255 0 255 219 0 0 68 0 255 225
    255 255 255 0 255 0 255 255 219 136 255 255 255 165 19 0 255 0 255
    255 255 255 0 0 0 255 0 255 255 255 57 0 255 4 0 0 53 195 0 216 255
    255 0 0 255 255 255 0 255 70 0 0 0 255 118 255 0 232 212 0 255 255 0
    0 0 255 0 255 160 0 255 0 255 0 255 0 71 0 0 0 255 255 255 177 0 0
    255 138 255 0 255 255 248 255 0 255 67 255 255 0 0 255 255 255 0 0 0
    0 255 0 255 0 66 255 255 43 255 0 0 255 127 0 0 255 255 255 53 112
    146 255 0 0 0 0 0 34 255 24 0 255 255 255 0 107 255 0 0 73 255 171
    255 0 0 255 255 255 255 43 0 21 252 83 255 0 0 96 255 255 255 186 0
    0 0 255 0 0 21 255 0 0 0 255 0 255 0 0 255 255 255 0 0 255 44 255 0
    88 0 255 255 255 0 0 0 0 0 255 255 0 205 0 46 0 0 120 255 219 0 0 0
    255 255 255 206 255 255 0 0 255 255 0 255 0 255 255 255 255 255 0 0
    0 255 255 0 0 0 255 164 255 0 43 255 255 0 0 13 255 0 0 0 255 98 255
    255 0 255 0 0 0 255 255 255 43 255 255 157 0 0 0 255 0 101 0 224 235
    255 120 255 0 15 255 255 255 0 205 255 255 0 0 230 255 0 0 0 255 255
    255 255 120 98 0 255 216 137 255 0 0 0 0 28 255 127 0 0 255 255 0 0
    0 0 0 0 0 255 255 0 0 138 255 0 0 67 0 255 43 255 255 255 175 0 0
    255 255 160 255 0 0 0 0 110 0 255 255 90 0 255 255 255 184 255 255
    255 0 0 218 0 0 0 255 255 255 255 212 255 88 255 0 0 255 0 255 0 255
    255 255 255 0 0 255 0 186 0 255 255 255 0 255 255 255 126 255 255
    255 255 32 143 0 81 47 255 255 122 0 255 0 255 0 62 0 255 255 0 48 0
    0 88 255 255 255 255 191 255 0 255 255 255 0 0 0 255 255 255 0 255
    105 255 0 22 0 0 255 255 173 0 0 0 0 0 255 0 222 0 255 0 255 255 255
    0 5 255 0 0 0 255 255 255 0 255 0 232 255 255 0 129 255 255 0 255
    255 255 121 0 255 0 255 255 255 255 7 200 156 0 196 0 255 0 96 136
    255 255 255 0 0 195 255 0 0 0 168 114 0 255 255 255 0 255 0 255 0
    255 255 0 0 0 4 87 255 255 0 169 0 143 0 115 245 255 0 0 0 75 84 255
    255 255 255 82 167 255 0 255 255 0 0 255 0 76 255 0 255 0 255 255
    255 255 255 247 0 255 0 255 109 255 0 255 255 255 255 24 121 0 255
    16 0 0 255 0 33 57 255 0 255 0 0 0 39 255 0 255 0 255 0 255 0 237
    255 255 47 103 0 255 0 0 0 0 235 179 0 255 255 0 171 255 255 255 0
    115 0 0 0 0 255 255 255 105 0 0 255 0 255 0 255 0 36 253 0 255 255
    255 0 0 255 255 255 0 255 255 0 255 255 255 0 224 0 252 255 0 255
    255 255 190 255 0 0 255 255 0 0 0 135 255 255 255 0 14 250 0 0 0 156
    255 0 0 0 255 0 0 255 0 255 0 0 0 255 0 255 0 231 0 255 255 255 0
    255 179 255 198 255 32 5 255 231 0 0 239 255 255 255 0 255 194 0 255
    255 183 0 0 0 255 220 255 0 0 255 255 255 0 255 0 204 0 0 0 255 113
    255 0 0 255 34 0 0 0 0 0 255 255 0 0 0 151 76 255 255 255 0 0 255 0
    255 221 255 136 0 171 255 255 254 255 0 180 144 255 255 0 0 0 0 0
    255 0 255 86 125 0 181 232 0 255 199 0 113 255 215 0 0 255 0 50 0
    247 255 134 0 0 255 255 255 37 28 0 166 255 255 255 0 0 116 190 255
    0 255 255 255 0 0 0 0 0 255 255 255 0 0 0 255 255 255 0 0 0 42 0 255
    255 255 255 255 255 0 0 62 255 255 0 0 255 255 255 0 0 163 255 255
    255 0 0 0 0 0 255 255 241 0 0 255 0 0 255 255 0 0 0 0 0 255 217 131
    255 255 255 0 242 255 255 0 255 0 0 0 255 89 255 255 255 158 14 0
    255 0 183 255 255 0 148 255 0 0 35 255 255 0 255 183 255 0 0 255 145
    0 0 0 255 255 0 0 255 255 166 202 0 255 255 136 255 255 255 109 255
    0 0 255 0 0 162 255 255 0 0 255 12 215 0 0 255 255 59 0 0 0 126 0 0
    152 255 255 255 0 26 0 138 0 255 255 0 0 155 54 255 0 0 255 194 255
    0 206 0 0 107 0 255 255 0 0 255 0 255 0 136 0 252 255 255 255 0 255
    0 255 0 0 79 0 255 255 255 0 255 0 229 255 255 0 255 0 255 0 0 7 255
    255 106 0 255 0 255 255 255 255 164 0 0 0 255 4 255 255 255 255 116
    198 0 255 255 119 0 0 30 255 255 255 0 0 0 187 0 31 255 255 0 0 52
    191 255 0 0 0 146 0 0 255 205 255 255 0 0 0 255 0 0 0 255 255 255 0
    255 0 255 0 255 255 255 0 0 0 143 255 255 255 255 0 22 255 0 255 0 0
    0 255 255 0 0 255 255 0 181 0 0 0 0 106 255 255 255 255 138 0 142 66
    255 255 190 0 255 255 7 255 201 255 0 255 157 255 255 255 255 0 0 0
    37 0 255 0 255 0 255 151 145 0 255 0 255 0 0 0 255 255 153 255 0 0 0
    255 255 255 0 0 0 255 255 49 0 93 255 0 0 255 255 255 0 255 0 11 69
    12 38 255 255 0 203 0 30 0 255 0 255 0 0 0 255 0 255 0 219 0 0 0 255
    0 138 53 255 255 0 255 255 255 0 0 0 0 224 255 0 255 255 255 158 0
    255 255 255 0 75 69 0 255 0 0 179 255 255 255 255 255 82 40 0 255 0
    255 168 0 255 255 0 255 131 255 0 255 202 0 0 0 255 18 0 255 0 255
    255 255 0 255 255 255 255 0 255 255 0 134 255 255 255 0 0 0 255 0
    191 42 0 0 255 0 255 91 0 0 255 255 102 255 18 255 0 0 255 255 255 0
    255 240 242 0 0 255 0 152 49 255 0 255 0 255 0 159 255 255 255 255
    255 0 0 0 0 255 255 0 0 0 255 164 255 56 221 0 0 255 247 101 0 255
    255 97 255 255 255 0 255 0 0 255 255 255 29 255 0 0 11 255 0 255 0
    255 255 0 0 184 255 66 199 0 0 210 255 255 0 0 255 186 0 255 255 74
    0 0 255 216 255 255 0 255 255 255 35 0 146 255 255 64 0 184 255 0
    255 0 255 45 255 0 12 0 198 255 255 106 154 89 0 132 255 0 255 0 0 0
    108 255 94 121 0 0 255 0 255 0 255 0 0 0 0 0 255 255 255 71 0 255 0
    255 255 255 114 255 0 0 255 0 255 0 92 0 166 255 255 255 98 0 255 0
    255 199 255 203 0 255 255 255 0 0 0 0 0 0 255 0 255 142 255 255 0 0
    0 255 0 255 0 0 0 255 0 255 201 255 73 0 255 42 255 0 34 0 255 0 0 0
    183 208 147 0 255 132 255 0 117 255 255 255 0 0 0 0 255 8 97 0 0 255
    0 98 16 255 105 255 0 255 68 255 0 255 255 255 0 171 255 251 69 0 34
    0 55 0 255 0 0 255 255 255 255 0 222 255 255 0 0 0 0 255 255 0 255
    161 0 157 255 153 255 0 37 0 255 255 255 255 0 255 255 160 0 255 0
    255 119 255 255 0 0 0 0 0 255 255 255 255 0 255 157 255 255 0 255
    201 0 0 255 255 0 255 25 255 255 255 248 255 0 255 0 244 0 255 0 255
    255 0 255 255 255 255 255 0 0 0 255 0 255 0 255 0 0 255 255 89 0 0
    255 255 193 79 223 2 0 0 51 255 0 255 3 255 255 0 17 0 255 0 255 0
    255 0 255 0 255 0 188 0 255 9 75 255 0 255 124 0 255 255 255 0 0 136
    255 0 255 255 255 255 255 255 0 0 255 255 0 0 0 255 0 0 0 255 0 255
    0 255 73 255 0 255 121 255 255 127 0 0 33 9 0 124 255 255 0 0 255 70
    255 255 255 0 0 255 0 255 146 68 0 255 255 255 0 255 0 255 255 0 0 0
    255 255 255 9 255 49 0 0 255 255 255 255 148 255 0 0 255 136 255 0
    166 0 255 118 255 0 255 0 0 255 255 66 0 133 83 255 255 0 0 187 255
    255 72 129 0 255 164 0 202 0 125 0 0 37 255 255 150 249 0 227 0 255
    255 189 0 0 0 128 142 0 0 255 255 0 120 0 0 0 255 255 0 0 0 0 255
    255 255 0 0 0 255 231 255 80 255 0 203 0 255 0 0 0 0 0 0 255 255 0 0
    0 222 255 255 0 255 91 255 0 0 255 209 164 0 163 170 255 0 255 0 72
    210 255 0 0 130 255 255 255 255 0 0 173 255 0 0 0 255 0 0 0 255 81
    249 0 128 0 0 0 255 255 0 0 255 0 255 0 255 0 0 255 0 217 255 255
    255 0 105 255 255 0 0 255 255 199 255 0 255 209 174 255 255 255 153
    0 136 227 68 255 255 255 255 0 255 0 255 0 255 246 0 0 0 255 38 255
    255 0 13 255 255 201 0 255 255 50 0 229 255 50 0 0 0 255 0 255 0 255
    255 255 0 255 0 80 0 122 40 0 255 255 0 255 0 247 0 64 255 255 217 0
    0 255 0 255 0 0 0 255 0 255 0 255 255 231 0 0 255 255 0 255 0 255
    255 255 0 255 0 0 105 255 255 2 0 251 0 255 0 255 0 106 255 0 202
    117 0 255 0 255 0 0 255 0 0 255 255 255 0 108 0 255 255 43 0 0 0 255
    255 0 0 0 0 0 255 0 173 255 0 255 255 0 0 0 255 255 255 255 255 193
    0 0 0 0 135 255 0 0 0 0 255 110 217 255 255 0 0 0 255 0 255 0 237 0
    0 29 255 255 203 0 0 255 255 255 93 139 0 0 255 194 0 255 57 60 177
    174 0 209 255 255 88 169 0 0 22 255 0 255 216 255 0 126 0 255 0 0
    255 138 28 0 0 0 255 255 255 0 255 211 255 255 0 255 0 200 255 65
    229 255 255 255 0 255 81 0 0 0 27 255 255 65 0 0 255 255 255 196 0
    186 0 0 0 255 113 255 0 0 0 255 255 0 92 0 255 102 0 0 255 255 0 165
    255 0 63 255 255 255 255 0 255 0 255 173 255 255 144 88 255 0 255
    189 0 0 255 199 255 79 0 0 255 255 0 123 1 81 234 255 255 98 255 131
    0 56 255 255 255 0 205 255 172 23 162 255 0 0 255 255 255 243 0 0
    255 237 255 40 255 0 41 0 0 130 255 255 0 255 255 255 0 0 20 255 255
    255 105 0 173 255 0 0 0 0 188 255 5 255 71 0 0 115 0 169 255 255 0 0
    0 255 0 59 0 255 87 255 0 217 0 255 0 169 0 255 0 255 0 0 255 255
    255 255 255 0 0 255 0 255 255 95 0 255 0 0 0 255 0 207 37 0 255 0 0
    0 158 255 180 0 255 61 255 62 0 0 255 255 0 0 0 0 255 138 51 108 255
    0 43 255 21 65 30 0 255 0 255 255 0 0 255 255 86 222 0 239 255 255
    255 41 130 0 0 0 167 255 255 255 255 0 10 0 0 0 255 255 255 255 0 0
    0 0 255 255 255 0 0 0 0 255 211 61 0 255 255 255 255 184 255 0 23 0
    103 0 255 255 255 247 255 0 255 0 0 0 89 255 0 0 224 111 21 255 0 61
    0 170 255 255 255 255 0 0 0 197 255 0 255 80 0 255 118 255 0 255 255
    255 0 211 0 255 255 255 0 0 0 255 49 255 0 0 255 0 0 0 0 255 255 255
    7 0 0 0 255 255 0 0 0 255 255 255 0 40 255 17 255 0 178 26 21 255
    178 255 255 0 0 47 0 255 255 0 0 40 255 18 0 72 136 255 255 255 17 0
    0 255 255 255 0 0 255 0 0 0 255 255 252 255 0 189 0 244 177 255 0 0
    0 255 7 233 0 255 255 255 0 0 0 255 255 17 255 255 0 0 255 255 0 0 0
    255 255 0 154 255 255 229 0 255 0 255 0 0 0 255 0 255 255 212 0 0 0
    255 255 0 0 0 255 255 0 0 212 255 255 255 255 255 101 0 0 0 35 15
    154 255 0 11 0 135 0 255 167 165 255 29 255 134 0 28 255 0 7 255 210
    255 0 0 10 255 255 255 236 0 0 0 255 255 102 255 0 0 48 0 255 255 0
    0 255 0 0 60 0 0 255 255 255 0 255 255 145 0 174 255 12 255 255 255
    0 255 0 255 0 255 230 255 104 255 255 0 0 0 0 255 255 127 0 0 0 255
    255 255 255 255 0 0 0 255 71 0 0 0 240 255 255 0 33 255 255 0 0 0 0
    255 255 0 0 255 255 0 0 0 1 255 255 255 0 0 255 0 255 116 0 255 255
    255 0 0 255 0 255 0 0 255 255 0 0 0 255 97 255 0 217 0 255 7 20 0
    218 156 21 0 255 255 255 134 0 255 0 255 0 255 255 9 0 0 255 255 0 0
    0 255 255 0 123 0 0 43 255 255 255 0 0 255 0 255 151 0 0 255 0 0 0 0
    0 0 0 255 255 255 0 59 0 0 255 255 255 255 0 0 255 0 0 255 255 255 0
    0 0 255 255 0 0 23 255 255 255 0 255 0 137 255 0 217 255 255 0 0 255
    0 242 0 0 249 0 255 255 0 0 0 0 0 120 0 255 0 255 255 255 255 72 0
    255 189 255 0 62 73 255 51 0 252 0 98 0 255 255 0 18 0 0 255 0 112
    157 0 255 17 255 0 0 255 255 0 114 0 255 158 190 184 0 255 255 98 55
    171 0 255 255 0 0 0 255 255 255 0 0 0 255 255 0 213 255 255 0 255 0
    255 0 0 0 255 255 0 0 226 255 255 255 0 0 0 0 73 255 207 214 0 0 255
    178 255 123 0 53 255 223 37 0 0 0 255 108 255 0 0 0 255 0 114 0 12 0
    0 13 0 56 87 0 255 255 255 0 255 43 255 22 0 255 0 26 0 255 255 255
    255 255 0 173 0 255 0 0 255 0 255 255 255 28 12 242 255 85 255 219
    255 255 255 164 0 0 0 255 255 255 255 0 255 0 255 0 0 255 255 41 134
    0 142 124 166 255 0 255 0 99 255 171 255 255 0 255 0 168 0 205 87 0
    0 0 0 215 7 255 255 255 0 177 0 255 237 103 255 0 0 0 255 255 98 0 0
    255 255 0 223 186 0 173 71 0 85 255 255 66 0 0 255 255 0 0 0 125 255
    255 255 0 255 0 255 255 0 54 134 23 29 0 0 0 163 255 0 0 0 255 255
    255 255 0 255 0 0 0 255 107 0 116 225 160 0 255 0 255 255 255 255 72
    0 25 255 0 255 255 178 110 255 76 0 0 255 0 255 255 255 255 0 255
    255 0 0 255 0 255 255 0 255 255 255 255 0 0 255 109 255 0 255 0 255
    255 0 0 6 0 255 178 255 255 0 255 255 0 0 0 255 0 227 223 255 0 115
    0 255 0 0 0 224 185 255 0 255 255 255 0 0 230 2 66 255 0 255 0 0 255
    255 0 255 255 255 0 0 0 255 255 50 23 61 108 255 0 255 255 255 0 255
    0 176 213 255 97 0 0 0 255 0 255 0 60 0 255 110 165 255 0 255 161
    255 0 255 255 0 0 0 101 255 255 226 234 166 0 255 255 147 0 52 0 255
    153 255 255 0 255 0 255 255 255 79 0 10 0 255 255 255 167 0 184 255
    255 255 255 255 255 0 0 0 223 255 0 0 0 0 255 255 255 29 0 255 255 0
    0 255 255 39 0 0 255 255 255 200 85 91 255 0 0 0 0 255 255 0 0 0 255
    0 255 134 0 0 255 255 255 0 0 0 255 255 255 0 152 74 255 0 0 255 255
    52 0 0 255 255 0 133 0 255 255 255 255 0 0 255 255 0 255 0 0 181 255
    255 255 156 0 255 216 81 255 58 255 0 0 255 0 60 0 254 255 255 255 0
    11 196 232 193 108 0 0 255 0 161 255 255 6 255 0 0 255 255 255 0 255
    255 255 0 224 0 124 255 0 255 0 255 212 255 255 167 127 0 0 255 255
    154 255 0 255 0 255 0 125 0 174 0 255 32 255 190 94 255 74 255 171
    255 0 0 60 0 255 0 255 22 0 0 0 255 255 255 0 0 0 255 255 138 255 1
    33 0 0 45 70 255 0 255 212 255 255 255 0 255 0 255 0 255 255 255 223
    0 0 255 255 255 0 0 0 255 255 0 255 110 0 255 0 255 0 255 0 255 166
    0 76 255 255 154 255 255 0 255 0 225 253 219 255 0 0 255 255 0 0 255
    255 255 255 133 0 255 47 187 255 255 0 255 0 255 255 0 0 75 0 78 0
    255 255 255 0 0 0 0 255 230 0 0 255 255 0 255 255 0 0 208 255 255 0
    0 0 255 255 255 0 5 0 255 255 104 255 0 0 184 0 198 0 0 144 255 255
    0 255 59 154 0 255 125 255 255 46 255 0 255 0 0 255 247 31 0 255 255
    157 61 0 255 0 255 33 255 0 92 0 255 0 255 0 255 140 255 0 255 255 0
    8 173 255 0 255 255 255 99 140 0 0 0 255 255 255 39 255 255 0 0 173
    255 133 237 0 255 0 255 0 255 0 255 0 0 0 93 255 0 255 0 255 255 38
    0 0 0 255 255 90 207 37 255 255 255 255 0 183 0 255 255 255 255 255
    0 99 68 255 0 0 0 51 255 0 0 0 255 141 255 0 0 0 78 255 214 0 121
    255 0 255 114 26 255 0 255 0 53 255 0 0 0 0 0 0 85 0 0 0 0 0 198 255
    0 255 255 169 255 0 0 47 255 110 0 0 0 255 0 255 0 0 255 255 255 60
    0 0 0 0 0 255 255 92 0 0 0 255 255 0 255 0 0 0 255 255 0 0 144 255 0
    255 0 0 0 255 255 255 255 255 0 255 10 255 0 89 238 255 0 0 255 0
    255 0 0 255 0 255 59 154 255 255 255 255 67 0 0 89 95 0 255 255 255
    255 252 0 13 255 255 0 82 0 146 0 177 255 255 0 0 0 255 0 255 255
    255 0 0 0 255 255 143 0 126 0 195 242 0 255 255 255 255 209 0 0 255
    168 255 255 0 255 0 0 0 255 255 0 0 255 0 0 255 255 255 255 255 0 0
    0 255 255 255 0 255 255 255 0 107 255 255 0 0 255 141 168 0 0 0 143
    197 194 255 0 0 0 255 0 255 255 255 0 194 0 255 0 255 0 255 212 0 27
    255 255 0 0 255 255 255 111 255 255 60 179 0 255 255 255 255 0 255 0
    193 0 255 0 255 0 237 255 255 0 0 0 0 255 0 0 0 31 255 255 0 75 250
    255 255 0 255 0 1 0 0 255 16 255 133 7 245 24 255 0 0 221 99 255 255
    0 255 255 0 255 0 255 17 255 0 255 0 0 255 0 255 0 255 255 255 0 0
    255 255 255 255 236 0 255 0 255 0 255 255 0 0 0 162 255 255 152 255
    0 255 255 0 255 0 255 0 0 26 0 255 255 255 0 255 38 255 0 0 0 255
    103 255 0 255 255 225 22 0 255 255 255 0 255 255 255 255 0 0 0 255 0
    255 0 0 255 255 255 255 255 255 255 0 0 0 255 54 0 51 255 255 85 255
    255 255 180 0 0 149 0 255 0 255 0 0 207 177 255 0 255 0 0 117 66 60
    0 41 176 255 0 0 0 255 255 0 255 255 255 255 145 0 0 0 0 0 255 255
    255 255 0 255 0 255 0 0 0 255 0 63 0 255 199 255 167 0 255 0 255 0 0
    240 0 0 255 198 0 198 255 0 0 0 0 255 210 255 189 255 0 0 0 255 0
    255 255 255 255 0 0 0 163 255 0 199 0 255 0 21 0 110 255 142 255 37
    255 133 255 255 0 0 0 255 255 209 253 0 255 134 255 98 135 0 0 249
    255 0 255 0 0 255 20 119 0 15 0 0 255 0 255 255 255 84 255 7 255 105
    0 0 255 255 255 255 166 82 134 56 255 0 0 0 255 0 0 0 255 0 255 0
    160 0 0 219 255 0 255 70 255 0 54 0 255 0 233 0 0 0 255 108 255 0
    234 0 255 0 0 142 167 198 0 255 0 228 237 255 225 0 255 255 255 0
    255 0 93 0 255 54 0 255 255 255 255 0 0 0 255 255 255 0 0 255 0 255
    0 255 100 255 0 255 233 255 0 255 0 255 0 255 0 255 0 0 255 255 255
    0 0 0 0 255 0 255 0 255 0 255 255 0 0 59 0 0 255 255 228 0 0 254 255
    3 255 0 255 0 255 4 255 0 0 0 0 117 255 195 255 116 74 0 0 255 255 0
    0 255 255 255 255 255 255 255 0 0 255 247 90 0 0 255 255 208 244 255
    255 221 104 255 106 0 0 176 128 255 78 255 255 255 0 255 0 255 0 182
    0 0 0 161 115 107 53 255 255 255 148 0 0 142 255 51 0 255 255 0 255
    0 200 0 255 154 0 0 0 255 0 0 255 255 255 0 0 255 255 220 0 0 255 0
    115 255 255 255 255 255 255 255 165 16 82 255 0 69 250 113 0 0 255 0
    46 255 120 0 255 255 255 0 255 0 255 0 255 255 255 0 0 255 255 0 255
    255 255 255 0 82 0 0 0 255 255 0 0 255 255 0 106 255 255 0 255 255
    255 0 255 255 56 97 0 255 255 255 255 0 0 118 29 152 255 255 255 255
    230 255 255 0 0 218 115 255 93 0 190 0 255 196 255 255 0 255 0 0 0 0
    255 0 255 0 255 0 0 228 119 255 255 255 255 255 0 0 0 7 255 255 0
    197 255 255 207 255 166 0 255 255 5 0 255 255 53 121 252 243 255 0
    242 0 255 255 19 255 140 0 59 110 255 197 54 0 0 0 0 0 255 0 255 0
    255 0 0 0 0 0 255 0 255 0 255 255 0 255 170 255 255 255 255 0 0 0
    255 0 0 0 148 0 0 0 255 255 255 0 255 255 255 0 0 255 255 0 133 0 0
    0 255 0 255 0 0 115 255 255 236 0 0 100 255 5 255 0 64 0 255 255 0
    255 101 255 100 196 255 255 255 251 0 69 255 0 0 0 0 0 255 94 255
    255 0 255 255 252 0 255 255 36 0 0 227 0 255 255 255 0 255 180 255
    255 14 0 0 0 255 0 255 255 0 0 0 11 255 0 0 0 0 255 0 253 255 0 255
    0 144 0 6 4 255 255 255 136 193 255 255 255 0 0 0 182 45 81 0 255
    255 255 0 0 0 0 0 35 255 255 0 0 0 21 255 248 255 255 255 0 0 0 0 0
    255 255 255 73 0 106 0 0 255 0 255 255 0 0 66 255 255 255 0 0 0 255
    245 0 0 255 255 143 0 255 255 255 20 0 0 0 255 255 0 110 0 200 255
    255 0 0 255 255 255 0 255 0 0 0 255 0 255 255 179 194 0 255 0 0 246
    255 255 0 255 0 0 0 255 255 0 255 0 255 160 0 0 0 255 255 0 255 0
    255 0 97 29 255 255 0 134 255 0 255 0 255 255 0 54 0 255 255 0 199 0
    255 0 255 255 255 0 135 255 0 54 0 255 58 255 0 255 13 77 0 155 255
    255 0 0 52 163 255 244 0 255 255 255 77 255 255 0 0 0 0 0 0 255 0
    255 0 255 0 255 0 0 255 0 255 255 255 0 0 62 245 41 255 0 0 255 255
    147 232 235 157 0 0 255 249 255 0 0 114 255 255 255 0 255 255 166 0
    255 0 168 0 255 0 255 255 255 255 0 255 0 0 255 255 87 0 111 255 255
    255 0 0 0 0 255 0 103 255 255 0 75 76 255 0 46 255 255 0 255 0 255
    110 54 10 126 255 0 124 255 255 128 255 0 48 0 0 255 255 255 255 0 0
    0 255 0 255 22 255 0 82 255 0 0 117 209 255 255 0 255 0 0 255 255
    255 255 157 0 0 0 51 0 0 255 255 176 0 0 0 40 213 129 0 117 255 255
    51 0 0 255 80 255 0 255 251 72 255 240 0 255 0 0 194 255 0 0 255 155
    255 255 0 0 25 255 255 0 0 25 255 0 0 255 255 255 0 0 179 22 0 248 0
    51 0 255 0 255 0 0 0 153 0 67 230 0 255 255 255 0 0 255 0 0 0 150
    161 255 255 0 0 0 151 255 189 38 0 0 0 255 255 188 134 0 255 0 0 0
    255 140 255 0 0 0 255 255 255 0 255 0 0 0 60 255 166 0 0 255 0 255
    255 124 0 0 77 255 0 64 0 255 255 255 255 0 255 0 0 76 0 0 0 172 255
    255 255 46 0 255 0 255 255 255 192 0 255 0 255 0 255 0 0 0 255 0 255
    255 255 255 0 255 0 0 255 0 255 0 0 0 255 255 0 237 0 255 255 255
    255 0 255 0 255 33 0 255 0 255 0 255 0 0 0 255 79 176 0 255 255 255
    0 0 116 0 178 255 0 0 210 255 255 255 0 255 0 174 0 255 27 255 0 27
    0 255 255 255 255 0 255 255 255 255 0 0 192 255 0 0 255 0 255 0 8
    255 255 255 0 0 0 255 0 255 0 45 0 255 255 56 255 0 255 199 255 0 0
    255 0 0 255 0 255 0 255 0 0 0 193 255 255 92 255 255 0 0 0 255 0 255
    0 185 0 0 255 255 255 255 255 0 255 0 255 0 0 47 142 255 255 0 0 45
    255 255 0 216 255 255 68 255 255 255 0 255 51 0 255 0 149 255 255 0
    0 11 0 255 0 255 160 244 0 0 0 255 0 255 255 255 0 255 255 51 0 0
    255 255 165 0 0 255 115 88 0 0 115 255 54 0 0 0 0 255 255 255 255
    255 0 0 0 0 0 255 0 0 0 255 255 0 206 130 0 157 0 0 255 0 255 0 56 0
    0 0 0 255 0 255 255 0 0 145 255 0 179 0 255 106 255 0 64 255 128 0 0
    221 255 0 255 255 255 0 181 255 0 0 0 0 255 255 255 0 254 255 0 0 0
    255 54 255 0 50 0 255 191 255 0 255 0 59 255 255 255 0 0 0 255 255
    255 0 0 0 255 0 0 10 255 0 255 0 255 0 255 141 174 0 152 255 0 0 0
    41 0 255 122 255 246 255 0 255 21 236 255 159 255 0 203 0 255 255
    255 0 0 0 0 255 255 169 0 0 255 255 133 0 0 0 0 255 255 255 0 255 0
    255 0 0 0 0 255 0 255 85 255 0 0 255 255 105 0 86 30 255 135 135 0
    255 75 0 0 247 255 255 0 0 255 0 118 255 0 255 0 255 151 255 0 255 0
    255 0 255 0 255 16 0 0 0 0 0 255 0 255 0 255 0 255 0 255 255 255 0 0
    0 255 0 255 253 255 0 43 255 255 143 255 0 0 255 255 255 255 0 255 0
    255 0 255 0 255 0 206 0 0 255 249 0 255 255 255 35 127 255 255 255
    255 234 0 255 0 16 0 255 179 255 255 0 255 255 34 255 0 255 0 255 0
    255 6 255 0 255 0 255 200 0 0 0 255 0 0 101 255 255 0 0 40 255 255
    255 255 255 255 49 96 255 0 87 0 0 255 255 255 123 221 0 0 255 60
    255 83 233 0 255 255 0 0 0 0 255 0 255 0 255 0 0 3 255 197 219 0 0 0
    255 87 192 0 255 255 0 111 0 0 0 137 0 15 0 255 255 255 255 133 196
    0 0 0 188 255 255 0 142 255 255 0 0 255 75 255 0 255 0 255 255 1 255
    0 255 255 218 0 152 255 255 0 235 0 255 255 158 0 0 255 0 255 0 255
    0 0 0 255 0 255 0 0 0 214 212 0 0 255 0 66 0 0 255 255 255 255 194
    255 193 0 0 255 0 255 0 255 0 232 0 0 0 255 116 255 0 255 90 255 0 0
    255 255 0 0 255 207 0 0 255 255 255 255 218 69 0 0 0 0 255 63 0 255
    255 119 255 0 255 255 255 0 0 0 181 0 255 0 228 0 0 199 0 255 0 0 0
    172 255 255 255 255 37 0 0 219 134 255 0 0 255 0 0 137 255 255 0 255
    0 255 24 255 0 255 0 0 0 0 255 255 255 0 154 0 210 0 255 255 255 255
    255 0 50 0 255 0 0 255 255 22 255 0 0 255 255 0 230 121 250 0 0 0
    255 0 112 0 255 0 0 0 0 255 255 255 124 5 0 0 255 0 255 0 255 62 255
    255 0 0 202 207 255 17 255 255 0 0 0 255 0 255 255 0 0 0 145 0 120
    63 255 235 155 0 0 0 255 252 255 255 202 0 0 0 0 0 22 166 255 152 0
    151 255 255 235 0 0 255 0 0 0 255 0 255 255 255 0 0 0 0 255 0 0 255
    255 255 0 0 0 0 72 255 255 0 0 0 255 0 255 0 255 255 255 0 255 30 0
    0 255 0 0 255 0 255 0 0 255 0 255 0 0 223 255 255 0 0 0 0 255 255 0
    0 117 255 0 0 29 0 0 255 161 255 255 255 0 255 0 248 255 255 255 255
    0 119 12 127 37 0 0 0 77 255 0 255 0 255 255 255 255 255 0 255 0 255
    0 255 0 190 255 76 0 255 255 0 255 0 255 0 255 0 0 255 0 58 255 255
    255 255 0 0 164 255 255 10 255 84 255 255 255 0 0 0 196 80 255 0 0
    215 0 108 0 0 255 255 0 255 255 255 255 255 255 255 0 0 0 17 255 0
    71 0 255 0 255 0 255 182 0 255 187 189 238 255 152 255 0 255 0 36
    255 255 0 0 255 223 255 255 178 0 0 102 75 0 255 0 0 0 0 0 0 255 0
    255 0 255 0 63 0 255 0 0 0 255 212 0 0 0 0 255 255 255 0 0 255 0 31
    255 90 255 0 0 255 0 255 0 164 0 232 0 255 0 255 0 0 195 58 255 161
    240 0 0 255 95 255 0 0 255 255 255 0 255 0 55 99 0 138 255 255 147
    255 120 0 0 0 255 255 255 255 0 0 21 255 89 0 255 255 255 0 0 0 0
    255 211 243 255 48 255 226 255 255 0 0 175 255 103 97 0 255 255 0 3
    255 1 0 0 255 0 255 0 255 0 255 0 0 0 255 255 255 195 255 141 27 0 0
    255 255 255 0 0 178 0 255 255 0 0 0 255 255 0 255 169 0 255 255 212
    0 0 255 0 255 222 250 0 255 48 217 0 0 9 0 0 255 0 255 25 255 255 0
    0 255 255 113 91 255 255 255 0 255 0 0 0 125 255 255 116 0 255 0 255
    145 255 0 255 0 255 255 255 255 184 0 0 0 126 0 255 0 2 255 0 168
    255 0 0 255 255 255 255 80 0 0 0 255 0 133 0 246 255 0 0 111 0 203
    255 255 0 0 0 255 255 255 0 0 0 255 255 255 128 74 0 0 246 255 255 0
    0 209 255 156 255 87 0 255 171 255 0 255 11 139 0 88 20 78 0 0 255
    68 255 255 0 17 0 0 0 0 24 108 255 243 100 0 255 103 181 0 0 0 255
    255 255 0 0 255 0 255 0 255 255 0 0 0 65 108 0 0 255 255 255 185 255
    0 255 194 167 54 255 255 7 255 0 255 0 254 0 255 255 0 0 255 0 0 190
    255 0 0 0 255 255 255 0 255 0 255 0 255 0 0 0 47 255 0 0 0 255 0 255
    146 255 0 110 255 255 0 0 255 0 255 0 0 237 255 255 255 140 0 0 255
    0 0 255 255 0 0 0 200 0 255 255 255 0 255 255 255 255 255 0 0 0 0
    233 255 0 0 4 172 0 0 133 255 255 0 255 0 255 0 255 255 0 255 0 0 0
    255 0 255 0 255 0 101 0 0 255 0 255 96 177 0 255 229 255 0 0 0 255
    255 255 129 0 255 0 255 255 255 0 255 113 124 255 255 255 0 255 196
    255 113 255 255 176 0 0 255 161 255 255 0 0 0 0 255 172 255 0 109 0
    0 0 255 0 255 255 0 255 0 255 0 146 0 255 0 255 152 255 0 255 255 37
    106 86 231 255 0 255 0 255 255 255 0 0 0 154 0 255 255 255 0 0 0 89
    255 0 0 184 0 0 0 255 255 244 255 255 251 91 255 0 0 255 255 255 255
    230 255 255 0 142 0 255 246 255 28 0 0 0 0 255 0 255 255 46 0 0 255
    0 255 6 0 117 255 208 30 162 255 114 255 255 0 110 0 255 0 255 255
    255 93 255 255 0 0 158 0 255 0 255 0 0 0 255 0 5 0 0 255 0 255 0 255
    0 255 0 0 0 255 0 255 0 255 0 0 255 255 128 0 244 0 0 255 0 255 0
    140 0 255 255 255 0 255 255 113 0 0 255 255 0 192 255 0 28 255 111 0
    255 0 255 163 255 0 212 106 0 180 164 0 0 0 255 255 9 10 255 255 0
    255 255 159 255 0 251 53 103 0 0 255 255 0 255 255 0 255 0 0 0 0 0
    98 173 255 255 255 255 0 0 0 255 255 255 0 0 255 255 255 0 193 0 69
    0 255 0 255 0 0 0 255 255 119 0 0 0 255 165 255 255 0 255 0 255 255
    215 255 253 0 136 255 0 255 0 255 255 255 0 255 255 255 0 0 255 255
    255 138 77 255 0 0 229 255 255 255 0 0 255 61 255 0 255 255 0 255
    255 0 0 255 255 0 0 237 0 192 0 255 0 0 0 255 255 255 0 255 255 0
    255 0 0 0 0 255 215 255 0 0 255 255 147 0 0 255 255 0 0 0 255 255 0
    255 0 255 0 255 163 161 0 41 255 0 0 255 86 255 0 183 144 255 255
    255 56 0 255 0 250 96 0 255 13 255 255 255 255 0 114 17 0 0 60 255
    255 0 0 0 255 0 0 57 255 0 255 255 2 254 0 255 255 0 0 89 255 0 0 0
    255 255 255 0 0 255 255 255 139 255 251 0 0 255 0 23 0 255 255 255 0
    0 0 255 0 255 68 255 0 0 255 255 122 215 105 113 0 235 255 255 255
    255 255 0 0 23 255 0 118 86 255 26 0 227 255 255 139 255 255 255 0 0
    0 255 255 73 0 255 0 255 0 255 255 255 0 0 255 21 255 255 255 255 0
    255 0 255 0 255 255 0 119 255 255 255 195 255 0 255 0 250 255 241
    216 255 255 241 0 0 0 0 255 0 255 94 211 255 251 0 255 34 3 0 0 255
    255 0 0 51 255 255 0 104 255 255 144 255 0 255 0 33 0 255 255 255 74
    255 0 255 255 140 0 22 0 0 0 0 143 75 255 255 0 192 255 255 255 157
    0 0 255 255 0 0 255 255 255 54 232 0 0 0 255 255 0 255 0 255 0 255 0
    0 255 255 255 0 0 0 255 255 255 115 255 0 0 255 0 0 32 255 255 0 255
    0 255 0 255 255 114 83 0 255 255 18 127 131 255 255 0 0 0 255 255 0
    0 112 255 255 255 0 255 255 255 190 0 0 0 0 255 255 255 0 0 255 0
    255 0 152 255 255 255 0 255 255 0 0 0 255 255 255 0 0 0 255 63 129 0
    0 255 255 255 255 0 255 255 0 138 255 0 191 0 0 96 0 255 255 0 0 46
    255 255 255 255 0 255 255 0 255 0 0 0 255 255 0 0 175 0 135 0 255
    255 255 17 0 255 0 255 250 32 0 255 0 255 0 255 255 0 0 62 255 0 0 0
    255 255 255 0 0 255 255 0 255 255 255 0 0 255 255 255 255 255 118 14
    0 0 0 255 255 0 155 255 255 0 0 0 255 255 0 255 0 255 2 150 0 67 255
    213 255 0 0 0 255 255 255 126 255 0 0 0 25 255 0 216 0 255 0 255 255
    0 0 0 255 255 255 0 255 255 255 0 0 0 255 255 0 255 0 255 164 0 0
    255 222 0 33 255 255 82 255 221 0 196 203 255 255 255 255 255 0 13
    255 0 0 255 255 0 0 0 255 0 255 0 255 0 81 0 255 255 139 169 0 255
    255 254 255 255 194 206 0 255 0 0 255 255 255 255 0 66 17 255 255
    255 255 255 255 255 0 0 0 0 0 13 67 0 0 255 255 0 255 0 170 0 255
    143 255 0 255 0 0 0 255 255 255 255 255 0 255 255 0 0 0 255 255 210
    0 0 0 130 255 255 255 0 0 0 255 113 92 255 151 10 0 255 255 0 0 0 0
    255 0 207 0 255 0 255 0 125 245 0 255 0 0 0 56 255 255 0 255 149 255
    37 0 255 0 0 0 255 0 0 0 138 255 255 0 255 0 245 205 255 0 0 0 0 255
    0 255 0 0 169 255 112 0 255 234 0 0 0 0 255 255 99 0 0 255 255 255
    255 170 0 85 0 0 255 255 255 0 255 0 255 0 0 0 255 255 0 0 0 24 255
    255 255 0 255 53 0 0 255 0 255 126 255 0 123 0 255 0 204 255 255 0
    255 255 87 0 3 255 0 255 0 255 0 0 237 0 255 253 255 158 0 178 255
    255 0 0 0 0 0 255 0 255 0 255 255 255 0 255 0 85 7 60 255 0 0 0 255
    0 255 0 139 0 255 255 18 44 61 0 64 0 255 197 0 255 255 0 180 0 0
    177 180 255 0 0 0 64 65 255 255 0 0 24 255 255 255 255 0 15 0 0 0
    255 0 70 0 0 0 0 255 255 0 123 255 255 0 93 255 10 255 130 0 0 0 0
    255 255 235 179 172 255 0 0 0 118 255 105 0 0 255 255 255 0 0 255 0
    0 0 255 0 0 0 255 255 255 225 0 0 0 255 0 255 255 0 255 0 255 0 0 0
    202 255 0 0 116 255 0 0 0 255 0 255 0 255 255 255 7 255 0 255 255 0
    0 0 255 255 255 255 170 153 255 255 255 255 129 0 0 255 255 0 0 255
    0 255 255 255 35 255 0 0 62 188 255 142 255 255 146 0 0 49 92 0 255
    255 255 0 0 0 0 0 255 27 0 178 112 255 0 0 0 255 0 0 0 0 255 255 255
    0 0 161 0 255 0 48 255 255 255 0 0 198 255 255 255 241 0 0 0 0 255
    107 255 0 0 180 255 0 0 0 250 255 255 255 0 0 255 0 255 0 0 0 255
    255 210 0 0 255 0 1 168 255 255 0 0 0 12 212 255 255 255 0 0 255 42
    50 0 255 255 255 0 140 255 130 0 255 0 255 255 255 0 0 0 0 58 255 0
    0 255 255 255 0 0 0 0 247 255 255 166 0 255 0 142 0 255 255 255 0
    255 17 0 4 0 0 0 0 255 0 160 255 255 0 105 255 55 134 0 255 0 255 0
    220 255 0 0 0 255 255 255 0 255 238 0 0 255 255 255 255 255 0 0 0
    255 0 165 67 255 255 94 0 0 209 255 255 162 0 255 0 0 0 0 255 116
    255 255 0 248 172 0 0 88 255 0 96 71 255 255 0 255 52 255 0 255 0 0
    0 78 255 250 0 0 255 255 128 255 255 0 255 0 154 0 0 255 47 0 78 255
    0 255 255 255 0 0 0 255 0 0 255 255 0 255 217 255 0 255 251 23 255
    255 255 0 0 0 119 255 255 110 104 0 40 0 255 53 255 255 0 0 0 0 255
    255 114 0 0 255 255 255 255 0 255 0 255 0 0 238 255 255 255 255 0
    255 0 255 255 255 0 255 255 0 0 0 255 0 0 0 0 255 0 255 0 255 0 0
    140 255 255 220 0 255 255 239 0 0 0 0 255 255 255 0 0 255 255 255 0
    255 0 255 0 255 0 34 0 190 0 255 255 255 179 0 255 0 60 0 0 0 0 181
    255 140 52 0 0 254 0 255 255 255 255 0 9 0 0 23 255 255 255 60 0 0
    255 3 135 255 255 255 255 0 0 0 255 0 255 0 255 255 255 0 0 255 255
    255 0 138 0 255 4 0 0 0 255 255 99 135 0 244 0 255 0 255 255 0 118
    241 0 255 0 255 0 255 0 207 0 0 255 255 83 255 7 241 209 255 182 255
    134 0 0 0 255 0 255 255 255 255 0 0 0 255 255 0 0 255 255 255 0 255
    255 0 255 0 255 255 255 0 0 255 0 255 255 0 255 0 255 0 255 0 254 0
    255 229 0 0 0 255 0 0 0 255 255 255 217 255 0 255 255 255 0 0 0 255
    0 255 0 139 0 255 0 255 0 177 0 255 255 0 0 0 0 255 69 255 255 255 0
    255 0 255 255 255 123 0 125 255 255 0 254 0 10 255 0 0 154 0 0 0 255
    47 119 0 255 0 0 255 9 0 255 90 54 0 0 0 255 255 14 255 0 255 255 0
    117 146 0 255 55 255 120 241 255 0 0 0 0 80 0 255 255 220 255 0 28 0
    255 255 0 0 0 255 54 0 255 255 0 255 255 255 0 0 255 255 255 0 255
    255 255 0 255 185 255 255 5 255 255 149 255 0 0 255 255 0 0 255 255
    255 114 206 0 255 226 0 0 0 255 0 255 227 255 169 0 255 0 255 124 0
    255 0 255 255 255 0 255 0 255 151 255 0 255 46 0 255 0 117 255 125 0
    245 104 0 255 0 255 0 255 0 0 0 0 255 0 196 255 255 167 255 0 255
    255 255 0 0 20 255 255 0 255 255 0 0 0 255 255 255 245 0 0 103 60
    255 123 255 0 0 255 255 0 0 0 0 255 0 0 0 0 0 255 228 150 0 0 255
    255 255 0 47 255 255 0 0 0 255 255 200 0 0 207 255 0 255 0 255 0 35
    0 255 255 255 0 158 0 0 0 217 0 255 255 255 255 183 0 0 255 255 255
    0 0 0 255 255 255 0 255 255 255 0 0 255 247 255 184 0 255 116 0 0
    255 0 219 0 255 0 255 255 255 0 255 0 0 0 0 255 255 255 185 0 255
    160 25 72 0 255 180 0 114 255 0 0 79 255 0 0 192 255 74 0 172 255 0
    255 0 0 255 132 255 169 255 227 0 255 0 0 119 255 255 0 255 74 255
    204 84 255 255 0 44 0 0 0 0 255 255 255 251 0 255 50 255 0 255 0 137
    22 0 0 44 0 154 255 241 255 255 255 0 0 255 217 0 0 254 255 13 0 50
    0 255 255 66 0 245 101 255 234 0 0 255 255 255 255 0 60 0 255 0 255
    0 255 23 130 0 255 201 255 0 255 228 229 0 0 217 34 255 0 0 255 0
    255 0 0 0 0 255 0 0 178 255 255 0 0 0 255 0 0 186 255 6 0 132 0 255
    255 255 0 0 139 0 0 0 255 0 255 0 0 0 0 255 255 255 0 0 186 0 150 0
    6 255 255 255 255 0 255 0 243 196 4 255 111 0 0 255 255 65 255 195
    255 0 255 34 255 22 255 136 226 0 0 78 255 230 255 0 0 144 0 0 255
    255 255 0 0 0 0 0 0 255 47 207 0 0 255 0 255 0 255 0 255 255 247 255
    0 0 29 88 255 245 0 255 255 70 0 0 0 255 38 255 255 255 0 0 71 0 0
    93 0 255 255 255 0 0 0 0 143 255 255 255 95 255 255 0 255 255 255
    226 255 108 255 0 0 255 255 255 164 0 0 255 18 235 0 255 255 0 0 0
    91 0 0 255 0 255 111 0 41 71 255 0 255 106 255 255 5 0 255 0 115 67
    255 255 0 140 0 0 0 213 0 255 0 255 0 255 43 255 0 0 152 255 0 255
    255 0 255 0 9 255 0 3 41 0 0 0 83 187 255 0 0 213 100 255 255 0 0 0
    0 255 134 255 0 255 0 255 249 255 129 255 255 255 0 0 0 0 255 255
    255 0 255 255 0 0 49 255 255 255 255 0 0 110 255 255 0 121 0 255 125
    255 15 226 104 0 255 0 0 0 255 98 0 255 0 255 0 255 0 255 255 12 255
    0 0 255 255 0 0 255 255 255 116 255 0 255 0 255 0 255 55 255 255 255
    255 0 255 0 255 0 255 229 0 0 0 255 255 0 0 255 255 30 255 0 255 0
    255 0 255 0 255 255 255 0 0 0 255 0 255 40 255 0 255 255 0 255 255
    255 0 0 0 255 255 255 0 129 0 255 0 255 0 178 0 255 0 222 0 0 103 0
    255 0 255 0 0 151 255 255 0 255 255 255 137 0 44 186 255 0 0 70 255
    0 255 0 0 0 255 255 255 110 0 255 120 255 0 0 0 255 255 134 44 0 0 0
    255 255 179 0 255 114 255 255 131 0 0 255 255 0 0 255 255 40 0 220
    117 255 255 255 0 205 11 255 0 133 116 0 255 0 255 0 255 0 0 0 0 255
    255 94 36 255 0 255 0 0 170 255 255 51 181 0 63 0 0 0 255 255 9 0
    255 255 255 0 0 0 255 255 255 0 0 18 255 0 0 0 255 0 255 0 255 255 0
    0 0 255 6 0 0 0 255 0 255 255 255 0 0 255 255 255 124 255 255 255 0
    0 225 0 0 0 255 0 172 0 0 255 255 255 0 255 0 255 255 0 255 0 255 1
    255 255 129 248 0 227 194 0 237 170 0 0 255 255 255 255 0 255 0 255
    0 0 0 255 255 146 245 255 255 127 63 255 0 0 255 0 0 0 84 76 0 255
    255 255 0 0 184 0 255 0 255 0 255 0 0 0 0 0 255 255 255 255 255 255
    0 0 255 0 255 0 255 0 0 255 255 255 0 0 255 255 255 0 99 255 200 198
    255 233 0 0 0 255 0 0 255 255 255 0 255 0 224 132 235 255 255 126
    255 0 0 0 255 255 255 0 0 15 255 0 0 0 255 255 0 0 0 255 185 0 195
    255 0 0 0 255 255 255 96 0 0 0 255 255 92 10 0 255 156 255 0 74 164
    255 136 28 0 0 255 255 0 255 255 255 0 255 0 41 255 255 255 0 255 0
    255 255 255 0 255 0 255 0 0 0 255 155 0 0 0 0 255 255 0 255 0 0 255
    255 0 255 0 255 255 0 255 0 255 0 255 255 163 0 255 255 57 255 0 255
    0 255 255 255 255 255 202 0 160 0 242 255 174 0 0 245 0 255 0 0 255
    0 255 255 0 255 255 255 128 255 0 0 255 87 255 255 0 255 0 255 0 21
    0 255 85 0 173 0 255 255 0 255 0 0 255 110 255 0 255 179 255 255 0 0
    0 145 234 242 255 255 255 133 140 0 0 255 255 255 255 246 59 0 0 255
    0 204 0 255 0 255 0 0 204 0 0 6 0 0 0 255 255 220 182 0 179 255 255
    202 0 255 0 255 0 255 0 255 61 240 62 0 225 0 255 0 255 255 85 0 255
    255 0 147 135 255 0 0 0 255 0 0 0 255 255 255 0 255 255 255 255 0
    255 255 95 255 0 255 0 255 0 255 143 0 255 0 138 255 255 0 255 0 0
    140 0 0 255 255 65 0 9 0 255 255 0 88 255 255 167 255 95 0 0 0 255
    24 255 0 255 0 0 0 255 255 0 255 183 255 0 0 249 209 0 255 255 255
    255 255 0 255 255 127 0 134 0 0 231 255 239 255 191 0 64 0 0 177 255
    255 0 0 0 0 0 227 255 0 255 0 255 0 0 65 255 255 0 255 0 0 0 255 0
    37 48 255 255 6 0 255 255 255 212 0 0 0 255 255 255 123 0 0 110 90
    255 255 0 188 0 82 0 255 0 0 0 0 0 0 255 37 129 0 255 10 3 0 255 0 0
    0 147 0 0 0 255 255 255 255 0 255 0 0 0 0 255 255 0 0 0 255 255 255
    255 0 0 0 0 255 159 0 0 255 255 77 192 0 255 61 255 0 22 206 0 255 0
    100 0 0 255 255 255 0 0 0 0 255 163 0 255 0 255 2 255 255 251 0 0
    216 255 0 234 255 0 220 255 202 0 0 0 0 0 49 255 255 255 0 0 12 255
    255 0 75 0 47 255 96 255 255 68 0 0 255 0 255 0 255 255 196 0 255 0
    255 255 58 150 200 0 0 123 162 0 0 0 167 255 0 0 0 255 0 160 0 255 0
    0 0 255 255 167 22 0 0 255 255 255 255 0 0 0 30 255 255 255 0 255
    255 0 0 0 0 0 255 255 255 121 118 17 0 0 0 255 107 255 164 30 0 0 0
    0 53 255 255 0 255 255 255 0 181 255 255 255 255 0 255 255 255 0 0 0
    0 79 255 255 113 255 0 255 0 0 0 0 255 0 255 0 0 255 255 255 0 255 0
    196 182 0 255 255 255 0 255 255 199 0 76 255 0 255 0 179 55 0 255
    179 255 0 0 0 255 0 255 0 255 0 255 219 60 255 161 0 0 0 255 255 255
    255 8 0 0 0 255 255 0 0 82 255 255 0 255 144 255 255 0 255 255 178 0
    0 255 0 0 0 255 0 255 0 255 203 255 0 255 168 255 0 0 0 0 255 6 132
    127 255 255 255 0 0 255 0 255 0 0 171 0 255 0 84 0 0 0 255 0 255 0
    255 0 255 255 255 29 45 90 0 0 0 0 255 255 194 187 0 255 0 136 0 75
    0 255 0 229 255 0 0 0 255 255 0 0 0 255 255 255 255 0 0 255 255 255
    0 0 255 0 65 255 0 25 0 255 0 0 0 0 255 45 255 0 0 131 0 0 0 6 255
    151 37 0 0 0 99 34 0 0 0 76 255 255 80 255 0 0 0 255 255 255 0 0 255
    255 255 235 0 255 255 0 6 0 255 255 0 0 253 255 118 255 0 0 255 0 69
    0 0 255 0 255 175 0 234 0 0 0 91 255 255 0 0 170 255 0 0 0 255 255 0
    0 0 255 0 255 148 255 0 0 255 255 255 0 255 0 255 0 16 0 0 255 84 92
    0 255 0 0 57 117 255 0 153 255 255 255 0 255 0 255 0 0 255 85 255
    255 0 34 231 3 255 0 255 0 255 30 255 0 0 0 255 0 0 0 255 255 13 0
    131 255 6 255 0 0 0 209 255 255 255 237 255 0 255 255 255 255 255 0
    255 255 255 255 255 55 0 0 0 0 0 0 255 0 255 46 255 255 255 0 152
    130 255 0 0 255 255 0 0 0 255 255 255 0 210 200 0 175 255 255 0 0
    255 0 255 255 255 230 0 0 0 255 160 255 0 255 0 255 0 0 177 0 255
    255 255 255 81 255 0 0 0 255 0 236 255 255 234 0 0 255 255 152 255
    255 0 194 255 255 0 0 0 255 0 0 0 0 0 0 255 206 0 97 0 255 255 255
    255 255 255 0 0 92 255 75 0 0 0 0 255 120 255 0 0 133 255 255 0 255
    0 0 0 24 0 255 0 255 255 0 255 0 255 0 0 0 255 255 200 0 0 255 128
    255 255 0 0 88 20 255 255 255 255 0 255 255 255 0 46 0 251 0 0 182
    255 255 0 0 255 255 255 0 255 0 219 74 0 0 249 0 0 255 255 39 0 255
    255 255 0 255 0 0 0 255 255 255 255 255 0 255 255 255 0 255 0 255
    255 0 255 55 255 255 255 0 5 255 255 255 14 255 58 0 0 255 255 255
    74 0 0 0 5 255 0 0 0 0 255 67 226 0 0 255 215 255 255 0 255 255 255
    0 232 0 61 0 255 255 255 255 0 255 0 218 0 255 0 34 255 54 255 255
    255 25 0 255 222 255 0 0 20 255 0 255 51 255 0 0 255 255 25 255 0
    255 255 115 209 0 0 22 61 0 255 0 255 0 203 255 255 253 0 0 119 0 0
    165 46 229 23 62 255 255 0 0 255 255 0 0 0 255 255 178 0 0 0 255 255
    255 235 255 0 0 182 238 255 255 0 0 255 207 255 0 255 255 0 0 0 255
    202 255 198 255 69 0 255 0 226 255 255 0 0 0 0 255 0 0 0 255 0 0 255
    255 255 0 0 0 255 255 0 0 0 45 15 255 111 255 255 0 0 0 0 255 255
    255 66 0 0 0 255 255 5 255 255 159 0 255 255 58 0 255 110 0 0 0 0
    255 108 255 0 91 0 90 255 0 255 0 255 0 0 255 255 255 0 255 0 0 5
    255 255 0 0 255 255 255 0 0 0 0 255 0 64 255 255 255 245 0 255 255
    255 0 234 255 214 0 0 255 0 255 0 255 55 0 0 255 255 255 0 255 0 255
    253 255 0 255 0 229 0 255 255 0 0 0 192 255 0 0 241 255 255 255 174
    0 0 0 255 164 255 129 96 0 0 0 255 255 0 255 0 255 167 255 255 0 0
    255 255 65 0 0 255 0 255 255 0 0 255 255 255 0 146 255 255 255 255
    28 34 0 255 255 255 0 0 0 255 203 255 255 8 255 234 0 0 255 255 255
    0 255 0 255 0 255 0 255 0 129 0 0 42 0 255 132 255 153 0 255 0 255
    118 255 0 0 255 255 255 255 212 87 0 0 255 255 255 255 255 255 255
    255 0 0 0 255 255 0 255 0 0 0 164 255 255 255 0 0 236 0 255 255 0 0
    255 255 255 0 255 255 255 255 0 145 0 119 255 0 0 255 255 0 0 255
    255 255 0 0 0 211 255 255 161 0 0 0 255 0 255 0 255 255 255 0 0 70
    41 255 216 255 0 254 0 102 0 0 0 180 255 0 255 0 255 255 255 0 0 255
    255 193 0 0 255 255 236 239 0 0 0 178 0 255 125 255 0 255 255 255 0
    0 0 130 255 94 0 0 255 255 255 0 255 255 255 0 0 0 56 71 255 0 255 0
    46 255 255 255 255 255 121 255 0 255 0 0 0 255 0 255 0 253 0 0 0 0
    208 255 0 255 0 255 0 255 116 255 0 0 209 0 255 255 255 179 226 255
    0 0 255 255 255 0 0 0 255 0 255 190 0 0 223 255 0 116 255 255 0 133
    0 255 0 255 0 255 255 69 0 0 255 0 0 85 0 74 255 255 0 150 0 0 186
    255 255 51 0 0 0 0 255 0 0 255 0 114 0 208 255 0 186 0 255 0 255 255
    255 255 0 0 0 8 255 255 255 0 0 255 0 0 0 255 255 0 0 255 255 255
    255 0 246 0 255 0 255 0 255 0 255 0 255 255 255 0 187 0 0 0 141 0 0
    0 117 0 255 255 255 31 255 255 255 255 255 0 0 71 125 0 255 126 182
    152 0 4 0 0 0 255 255 255 0 255 255 255 0 0 0 255 205 255 0 255 0
    255 255 0 255 255 29 0 0 0 0 0 255 0 255 0 255 0 255 186 255 0 0 53
    248 0 255 0 223 199 255 0 255 120 255 0 55 0 182 0 255 255 255 0 0 0
    255 209 255 255 255 201 0 112 0 255 255 23 255 0 192 0 227 255 0 0
    255 255 0 0 0 217 49 255 38 255 86 255 212 255 255 255 126 0 0 94
    255 0 0 255 255 0 0 255 0 255 0 0 79 0 255 255 161 0 0 0 255 255 255
    122 0 107 19 255 0 255 90 17 3 255 0 255 14 255 0 0 255 232 255 255
    0 0 0 255 255 1 0 0 255 255 255 255 0 81 103 255 0 0 255 0 40 0 255
    255 255 255 255 255 0 0 0 255 109 255 255 255 255 255 255 255 0 126
    41 255 0 255 0 0 255 255 0 220 0 0 209 95 0 0 0 255 0 242 255 255
    255 255 0 0 170 255 255 94 255 0 86 101 255 0 0 255 0 0 255 0 255
    229 255 0 255 255 215 0 255 255 222 0 255 143 0 0 0 255 255 219 255
    0 255 0 0 0 255 0 255 0 255 255 255 0 0 255 0 242 0 255 255 0 0 255
    255 255 0 0 0 255 255 255 52 183 255 255 255 255 0 0 226 255 0 190 0
    36 255 255 255 0 0 220 255 0 255 255 255 0 0 255 255 0 19 14 179 0
    255 0 0 0 0 0 0 237 255 0 0 0 141 0 255 255 255 0 255 75 255 255 255
    0 0 210 255 255 11 255 0 164 0 255 255 0 144 0 255 0 255 255 255 0
    216 255 255 255 0 0 0 0 255 255 255 0 155 104 183 255 255 0 255 0 0
    88 255 0 241 0 0 0 255 255 255 0 0 0 0 247 0 255 196 235 0 0 255 0 0
    0 255 111 255 0 0 0 255 255 255 255 0 109 158 255 0 255 255 99 0 223
    170 255 255 255 255 0 0 0 0 97 255 255 10 255 255 255 0 255 0 255 0
    0 255 255 255 73 240 49 0 255 172 0 255 0 219 0 255 255 0 8 255 255
    255 0 0 255 255 255 0 255 0 5 255 255 61 0 82 255 0 0 0 0 0 0 255
    255 255 255 255 0 0 0 255 0 0 0 255 0 0 150 255 165 255 255 0 0 0
    255 255 0 0 0 255 255 158 0 194 0 255 28 251 0 255 0 255 255 255 255
    66 0 255 0 35 255 255 0 104 0 255 173 0 255 0 159 0 255 232 255 135
    0 255 230 162 0 255 198 255 255 0 255 13 121 0 255 255 0 255 255 94
    255 165 0 0 255 166 255 36 0 0 76 254 205 0 119 255 255 0 0 0 0 0
    255 153 89 255 0 73 0 255 0 255 181 255 0 144 255 86 255 228 186 0
    255 0 88 255 255 255 156 0 0 0 0 0 122 255 255 81 0 0 255 255 255 0
    25 255 255 255 154 0 0 255 255 0 255 255 255 255 227 0 0 150 0 209
    244 255 0 255 255 255 0 255 172 0 0 255 255 255 194 0 255 0 255 0 0
    2 255 0 148 255 255 255 0 255 255 230 0 45 0 0 164 255 250 52 0 255
    110 255 0 0 255 0 255 255 0 255 229 183 0 0 0 4 0 255 255 242 195 0
    29 0 255 255 255 0 255 25 217 0 0 0 255 132 0 255 146 255 255 255 0
    255 255 0 255 255 255 97 0 255 0 0 201 0 172 0 255 254 0 0 255 255
    255 0 136 255 255 255 0 0 148 255 255 255 244 255 255 0 156 0 0 255
    255 192 255 0 255 255 0 0 11 219 255 81 255 0 255 0 73 0 255 255 0
    255 0 255 0 0 0 255 0 0 255 0 0 0 255 255 255 255 0 0 0 255 67 255 0
    0 0 85 255 0 0 84 255 255 216 255 255 0 0 0 255 255 128 255 0 0 255
    96 255 7 255 0 0 156 200 255 255 0 0 0 255 168 255 0 255 0 255 0 0 0
    255 255 255 255 136 0 255 0 255 255 0 0 0 0 255 255 0 255 0 0 0 185
    128 255 255 255 0 236 0 255 255 255 79 255 255 0 255 0 255 0 205 0
    255 157 255 255 0 255 0 255 0 72 255 255 255 0 227 0 255 255 33 0 98
    0 255 0 255 215 0 0 0 255 95 0 0 0 255 255 255 255 0 0 255 0 92 242
    255 213 255 0 0 170 255 215 255 255 255 255 196 255 0 0 0 0 255 141
    255 255 0 0 169 0 255 0 0 0 255 255 0 33 26 255 255 255 0 0 255 255
    0 255 149 0 0 255 255 0 103 0 255 255 255 0 0 0 255 32 183 0 255 0
    255 0 255 0 0 255 255 255 0 0 0 255 255 164 255 0 0 0 75 0 255 255
    189 0 255 0 247 0 255 0 255 255 255 0 255 255 255 0 0 0 33 0 0 255
    255 255 255 0 0 0 0 255 255 255 0 0 214 255 255 0 0 255 255 255 61 1
    255 255 255 255 255 172 255 206 0 25 0 87 0 103 0 255 0 255 0 39 173
    251 119 255 24 255 255 0 255 0 0 255 255 0 0 0 255 0 0 255 255 255 0
    110 0 0 0 27 255 255 0 136 0 255 0 255 0 255 0 201 255 255 0 255 0
    255 0 255 0 115 255 255 0 0 0 255 255 255 245 24 255 255 0 0 159 255
    0 255 0 255 255 21 255 0 0 0 0 255 0 0 0 255 174 255 0 0 0 0 255 192
    255 255 255 0 51 0 0 0 255 255 0 0 52 255 0 159 0 255 255 255 0 255
    0 255 255 255 0 197 0 0 3 255 18 255 0 0 0 255 0 255 0 29 0 255 255
    0 229 148 0 255 0 255 36 255 0 255 112 255 0 0 255 0 185 0 121 255
    255 255 55 0 55 255 42 6 0 24 0 255 255 0 255 254 255 90 246 0 255
    179 255 255 0 0 0 255 255 0 255 0 255 0 92 0 0 255 175 81 0 255 0
    153 255 255 255 255 0 0 255 255 255 0 0 255 255 0 0 0 0 0 255 255
    255 255 99 0 255 255 53 163 255 0 0 62 0 231 255 255 0 223 0 255 51
    255 255 255 255 168 255 221 255 0 46 0 255 0 255 0 255 255 255 255 0
    0 255 80 255 255 255 255 0 0 255 255 238 255 1 255 0 0 208 0 115 0
    105 255 255 255 255 0 204 0 255 255 255 0 235 133 0 68 0 255 240 255
    0 0 0 255 0 0 0 0 255 255 0 124 0 255 255 255 183 0 255 255 160 0
    255 0 0 134 255 255 255 70 5 164 0 154 255 233 86 255 0 0 255 157
    219 44 0 255 255 20 0 0 0 255 0 160 255 255 255 0 255 0 0 255 255 69
    7 0 255 255 255 255 165 36 0 255 95 0 180 255 255 90 255 255 0 255 0
    255 0 28 0 1 255 255 255 0 255 255 0 0 255 255 0 0 0 0 0 255 255 47
    0 0 176 0 255 0 0 203 255 255 0 255 0 255 0 255 255 255 255 255 255
    0 0 255 127 0 0 255 0 0 59 255 255 63 0 0 0 37 255 255 0 0 0 255 255
    255 17 98 0 255 0 255 0 93 255 0 255 0 255 60 255 0 0 0 0 0 3 234
    255 255 0 183 0 255 112 214 0 166 0 0 0 108 255 37 255 255 255 0 0 0
    255 255 255 86 0 255 255 255 255 255 0 0 0 255 122 0 40 255 81 255 0
    255 0 0 64 255 0 255 0 255 255 55 255 0 255 0 255 255 0 255 255 184
    0 255 255 255 255 0 255 153 255 106 255 0 129 140 255 0 0 0 0 238 0
    255 0 255 27 255 255 0 255 0 255 255 255 78 0 0 255 0 255 0 255 174
    0 0 7 255 255 181 0 0 0 255 255 255 0 0 199 100 255 255 0 255 0 255
    0 255 0 0 255 0 255 0 0 0 255 0 0 112 255 255 255 0 0 87 0 255 0 0
    255 191 255 255 255 255 255 255 0 0 0 17 255 255 255 0 255 0 255 255
    0 0 0 255 255 132 211 0 93 0 255 59 255 200 0 0 0 255 255 255 0 255
    255 159 255 255 255 0 255 148 248 255 0 0 255 0 255 0 224 93 104 255
    0 255 0 255 0 255 255 50 0 255 255 0 0 255 129 0 255 0 190 33 255 0
    255 0 210 0 46 255 0 0 255 255 255 57 0 0 255 67 255 255 0 255 255 0
    255 255 255 168 0 222 0 0 255 0 255 154 0 235 0 255 255 255 0 0 0
    255 100 255 255 255 0 138 0 255 0 255 255 255 0 0 0 0 0 255 169 0
    255 0 0 255 114 0 0 255 0 255 23 255 255 0 255 226 255 0 255 0 0 134
    195 255 215 134 0 255 0 0 0 255 0 0 199 255 0 0 255 255 0 0 255 255
    255 0 255 38 255 0 0 255 255 255 0 228 255 0 255 0 224 0 0 0 255 22
    255 255 0 255 0 0 0 255 255 255 255 255 142 0 0 255 255 255 0 174
    255 64 13 0 255 255 255 0 0 0 255 0 255 0 255 0 255 0 0 32 255 255 0
    0 0 0 0 216 255 255 0 255 0 0 32 0 255 0 255 0 255 180 255 0 0 19 0
    0 255 255 255 0 0 0 73 198 0 255 0 0 255 0 0 0 0 255 0 255 0 255 97
    255 0 255 0 255 91 255 0 255 0 22 0 0 255 175 81 0 255 255 96 0 4
    255 0 255 255 123 0 55 255 255 0 143 0 0 255 30 148 162 55 255 0 0
    255 0 0 255 0 255 0 255 0 0 0 255 67 88 0 0 0 0 0 42 137 245 255 255
    0 0 255 255 34 255 255 255 0 0 0 255 0 0 0 0 255 124 255 255 255 0 0
    0 0 0 255 255 82 255 0 18 96 166 255 0 186 0 0 0 0 0 0 255 255 255
    143 0 230 0 0 18 255 255 0 117 0 108 255 0 0 0 255 0 255 0 126 255
    255 255 14 0 255 255 255 0 44 0 255 42 102 0 0 0 0 0 169 235 86 255
    0 0 0 255 148 151 0 255 0 255 249 0 0 255 255 0 0 0 0 255 255 255 0
    0 0 255 255 161 0 255 255 0 114 0 0 0 0 255 0 255 255 0 14 255 255
    104 0 210 255 255 255 0 0 0 120 0 255 255 255 255 51 0 0 0 255 0 255
    11 0 0 255 0 190 15 255 92 139 255 0 255 255 89 255 0 255 0 255 200
    255 255 0 0 255 85 255 42 255 0 255 0 255 0 255 0 255 0 35 0 255 255
    255 255 0 0 255 0 19 0 255 34 0 233 255 255 255 148 28 255 255 254 0
    0 0 255 255 208 255 0 0 0 255 255 255 0 0 191 78 255 59 255 255 255
    255 0 0 255 255 255 255 0 255 100 60 0 255 255 199 255 0 255 255 255
    0 0 255 242 0 0 0 0 119 255 139 0 0 0 255 194 60 185 0 255 0 213 0 0
    255 238 0 0 255 0 0 0 242 255 0 255 0 255 233 255 0 4 0 0 58 119 255
    0 90 0 255 255 255 255 59 0 230 0 0 255 255 255 0 255 8 255 255 255
    137 0 0 255 0 255 0 69 255 187 206 0 255 255 255 0 0 233 255 255 255
    0 255 125 0 0 255 0 0 0 0 255 0 121 255 0 255 255 0 0 0 13 255 255
    24 255 100 0 0 75 134 255 0 12 0 255 0 255 0 0 255 229 255 0 195 255
    255 6 0 0 255 255 0 0 0 255 255 255 0 0 0 255 0 255 255 0 255 8 255
    0 0 255 0 255 0 255 0 255 41 0 0 255 255 69 0 0 255 43 0 66 0 42 0
    201 0 0 255 31 26 255 0 255 0 255 0 0 0 25 255 255 229 255 0 138 0 0
    180 0 0 255 255 255 81 255 0 223 0 0 0 255 0 0 0 235 255 255 255 255
    0 0 0 85 255 255 255 0 0 80 141 0 116 255 0 255 230 32 0 0 255 255
    105 255 255 85 0 0 32 0 0 0 0 255 255 255 0 92 0 255 0 0 0 0 0 0 0 0
    255 255 255 0 0 0 255 0 116 255 255 255 255 0 0 0 255 255 255 0 255
    255 0 81 0 164 91 0 4 68 255 0 255 255 0 0 255 255 0 32 0 26 0 0 154
    244 255 255 255 0 0 255 200 255 0 255 0 0 0 209 255 185 255 255 0
    255 0 0 0 255 91 255 0 255 0 255 0 255 255 69 255 0 0 64 255 0 0 255
    255 0 0 18 0 55 0 255 0 255 27 0 0 255 255 0 141 255 21 255 0 0 255
    0 255 0 0 0 255 202 255 255 135 255 0 0 245 76 255 0 0 255 255 0 0
    255 255 255 0 120 255 0 255 255 0 0 0 0 65 0 166 187 255 51 255 0 0
    255 0 0 255 0 255 0 0 255 251 0 255 90 255 0 0 182 0 0 0 102 0 255 0
    255 0 255 0 255 0 252 86 0 255 0 255 0 234 255 255 0 77 0 138 255 0
    0 155 255 0 0 0 0 255 255 0 255 255 187 40 0 178 255 255 0 0 178 231
    255 90 255 0 171 255 207 0 0 255 255 0 3 255 255 0 0 0 255 255 255 0
    0 255 255 17 255 0 0 179 255 0 37 255 255 0 0 0 0 202 255 172 204 0
    0 255 151 255 0 0 0 255 0 119 45 255 255 0 255 0 255 0 0 0 0 0 83
    255 31 255 144 255 159 64 0 255 0 233 255 255 0 0 255 0 255 0 139 0
    0 255 255 255 255 27 230 255 255 0 255 255 255 9 0 178 0 255 255 255
    0 0 0 255 255 212 255 255 255 225 255 255 0 165 117 255 255 0 0 255
    103 255 82 255 255 255 255 255 0 255 0 0 255 255 255 0 255 0 255 0
    255 0 255 255 255 0 255 85 255 0 0 7 85 238 255 0 162 0 255 255 255
    255 0 0 255 0 154 0 0 255 196 255 255 0 0 0 255 0 0 0 255 255 255 0
    0 0 255 51 0 255 255 255 0 255 255 0 255 0 255 0 255 0 0 255 255 0 0
    193 73 197 255 255 0 0 177 0 0 0 0 255 255 255 0 0 255 0 255 0 255
    255 255 0 0 255 255 255 0 255 0 255 250 213 255 83 0 0 0 255 255 183
    37 0 0 255 255 255 0 255 0 33 115 212 0 255 255 0 0 0 255 255 255
    255 255 255 255 0 0 0 140 38 0 237 0 255 255 194 0 0 0 255 143 255
    255 169 255 231 255 0 255 255 0 0 255 71 255 125 255 0 255 0 255 0
    255 0 0 0 0 255 0 255 255 255 0 0 255 34 209 0 9 123 255 180 0 0 0
    255 255 134 0 0 255 0 255 255 255 232 161 255 255 255 0 0 250 168
    255 68 86 0 255 255 0 255 244 255 255 0 255 24 255 200 255 255 255
    255 255 0 0 255 255 255 255 255 0 255 255 255 255 7 15 0 255 255 101
    35 178 255 0 255 0 255 0 255 0 255 0 245 54 0 0 0 255 254 255 255 76
    0 255 0 0 0 0 255 255 255 0 255 0 229 0 255 255 255 0 255 255 255 0
    0 150 255 0 0 255 0 255 255 255 0 255 240 0 105 0 0 0 255 255 216 0
    255 255 0 255 0 255 0 0 244 255 255 255 0 0 255 253 255 115 0 255
    255 255 163 0 255 255 213 0 226 0 255 154 255 0 255 12 255 0 255 0
    255 255 0 255 0 255 0 255 255 58 0 255 255 212 0 255 0 186 0 255 255
    255 201 255 255 150 39 0 0 255 255 197 0 255 255 255 149 215 0 255 0
    0 255 255 255 255 255 0 158 183 150 100 0 0 255 0 255 255 193 0 32 0
    0 0 255 255 224 176 0 255 0 255 255 0 0 0 255 0 239 161 255 251 255
    0 0 0 73 255 255 0 0 52 198 110 0 116 255 255 0 134 0 102 255 96 0
    255 255 255 0 93 0 163 0 0 0 255 156 188 0 0 255 255 0 255 255 255
    255 255 255 0 154 255 255 0 0 0 0 0 0 0 255 255 102 0 0 0 111 0 255
    255 0 0 0 0 0 145 255 255 255 0 255 255 255 116 0 255 0 255 0 192
    255 0 107 0 0 255 0 255 19 0 38 251 49 135 255 122 0 0 252 255 0 255
    255 0 255 255 94 0 0 164 255 0 255 0 255 0 0 255 255 0 99 255 0 0
    129 0 255 255 255 66 0 0 255 130 0 255 0 0 0 255 0 255 200 255 0 255
    255 255 255 255 0 59 255 255 255 0 255 0 255 0 255 122 255 255 0 255
    0 0 0 227 255 225 0 0 37 0 255 0 255 0 0 0 246 19 255 255 0 255 0
    255 0 0 255 255 255 0 255 0 0 0 255 255 255 181 0 0 94 0 255 255 255
    0 0 179 255 255 0 0 0 255 255 79 0 255 0 0 143 0 0 0 255 0 255 180
    255 255 255 0 0 167 255 157 0 0 255 255 65 0 255 255 255 255 255 174
    0 0 0 0 255 255 255 255 246 255 255 255 70 0 255 0 255 0 0 0 0 255 0
    255 69 255 119 120 150 0 255 255 255 0 0 211 0 59 0 89 255 255 0 255
    0 71 0 255 0 0 0 198 255 224 0 0 255 0 255 0 0 0 255 0 255 0 0 255
    255 0 0 0 0 0 255 255 0 0 0 200 0 249 0 255 0 255 0 255 244 71 72
    255 0 34 0 0 0 148 0 0 18 14 255 0 255 0 0 0 255 255 237 0 228 255 0
    0 255 255 255 255 0 38 0 0 168 180 255 0 99 0 255 255 255 0 31 249
    255 0 255 13 255 0 0 255 0 0 0 0 154 0 255 255 246 184 0 0 255 255
    255 14 255 0 48 255 0 216 255 19 77 0 0 255 255 0 0 0 255 231 80 9 0
    255 255 255 195 0 0 0 0 255 0 255 255 0 0 0 255 223 113 0 255 255 0
    0 0 255 0 206 0 255 30 0 0 255 152 255 0 143 0 255 255 216 0 0 0 20
    255 255 255 0 0 0 0 4 255 0 255 0 255 143 255 0 0 255 83 0 0 255 0 0
    255 255 0 0 0 112 255 255 255 255 0 255 255 255 0 0 255 0 255 0 255
    0 255 0 255 0 255 255 255 0 0 0 255 0 0 0 113 255 0 201 0 255 0 255
    255 62 0 51 0 108 0 93 0 255 255 0 44 30 255 251 113 168 0 255 255 0
    90 0 0 99 255 255 255 36 229 255 234 0 0 0 154 0 255 255 0 255 0 0
    53 0 255 0 255 0 0 255 255 255 255 0 0 0 0 85 0 255 255 163 255 255
    255 0 0 0 116 255 255 0 0 0 0 161 255 255 0 255 0 0 255 255 0 0 255
    255 0 0 0 43 0 157 165 255 255 237 255 243 0 0 71 255 80 255 255 0
    255 0 255 255 0 0 197 255 124 182 0 0 0 0 255 255 0 0 0 255 0 255 61
    0 255 0 255 0 0 0 230 38 6 0 255 0 129 95 44 255 133 165 0 0 0 0 206
    255 249 0 0 255 255 136 81 255 126 0 0 0 255 255 0 0 5 255 255 0 6
    51 255 0 255 255 4 0 0 0 20 0 255 0 0 255 44 255 0 61 0 0 0 255 255
    255 67 0 255 255 255 0 0 0 0 255 255 0 186 53 0 255 94 255 255 133 0
    0 0 0 255 255 255 255 0 140 255 255 0 255 0 255 153 255 0 255 255
    255 155 0 0 0 0 0 0 0 0 0 255 0 0 0 0 163 255 255 0 0 0 255 255 154
    0 0 0 75 109 255 0 39 112 255 0 255 255 255 255 255 0 0 0 255 255
    157 0 0 198 0 255 0 175 255 255 0 0 255 0 255 0 255 0 255 201 0 255
    255 255 255 255 0 255 0 255 0 255 255 255 0 0 0 255 0 11 0 255 255 0
    255 29 255 255 255 0 0 255 0 90 255 0 47 0 255 0 0 0 0 255 0 0 255
    255 111 255 140 255 0 35 0 0 0 0 50 255 255 255 255 123 255 0 255 0
    255 193 255 0 255 124 0 255 104 255 255 255 0 0 148 255 255 157 35
    246 0 255 255 255 255 202 0 0 255 0 255 0 0 0 255 0 255 255 86 255 0
    0 18 196 188 31 255 0 68 0 76 0 255 255 255 117 0 77 255 255 255 0 0
    255 246 255 0 0 255 255 255 0 73 255 255 0 0 0 255 255 255 37 0 0
    193 255 0 209 0 171 0 255 0 0 255 30 255 255 255 0 255 0 0 0 111 0
    145 94 0 0 0 0 0 255 74 105 98 255 255 0 0 0 255 255 255 255 0 0 193
    0 182 8 0 255 21 192 83 255 0 0 255 255 255 0 212 0 0 255 0 133 255
    255 255 255 0 255 255 0 255 0 255 255 255 0 255 72 0 0 255 0 255 0 0
    0 204 255 151 255 0 215 0 0 255 255 0 0 0 0 255 255 22 0 0 0 3 255
    255 255 255 0 255 218 255 106 0 0 20 255 0 0 255 0 0 0 255 255 255 0
    0 255 59 255 0 255 0 0 0 0 255 211 0 0 0 0 255 0 255 0 255 255 0 159
    255 255 255 0 255 255 255 255 255 0 0 0 255 255 244 0 0 255 255 19
    255 0 255 89 0 255 205 255 255 0 255 148 255 255 192 233 0 255 0 255
    0 255 0 255 18 0 255 0 255 93 255 255 215 0 0 23 255 255 255 0 0 0
    255 255 255 0 0 0 0 0 255 38 255 255 255 54 0 0 255 255 255 255 7
    255 255 0 255 0 255 0 0 0 0 0 0 255 255 255 255 0 90 0 71 0 255 255
    185 0 0 186 0 255 0 0 0 0 255 255 0 171 0 0 139 255 255 255 163 255
    134 0 0 255 11 238 255 0 0 0 255 0 255 162 255 216 14 0 0 103 208 5
    255 255 255 0 0 0 255 255 255 255 31 183 37 224 173 0 0 255 255 0
    167 0 1 0 255 253 207 0 0 131 255 255 255 239 255 255 255 0 0 255
    255 247 255 0 0 200 0 255 0 255 0 255 255 255 70 255 0 226 137 0 255
    255 255 0 0 255 255 255 123 0 134 0 189 255 255 241 0 218 255 255
    255 0 0 255 78 0 107 0 255 255 0 255 0 255 87 255 0 96 255 255 163
    65 15 225 0 0 255 0 255 0 255 255 255 0 0 0 93 19 255 255 255 11 255
    0 0 0 255 0 201 0 83 0 0 0 255 178 0 0 0 255 255 255 102 131 0 0 252
    0 255 0 75 255 0 6 0 16 255 0 255 255 255 0 0 0 0 255 141 68 114 255
    0 0 0 255 48 0 130 111 255 0 255 0 255 0 255 255 255 0 255 255 255 0
    0 255 0 255 255 0 0 0 0 255 0 255 0 255 0 0 130 255 255 64 0 255 255
    255 255 255 78 0 255 255 255 0 255 255 189 255 255 255 0 255 0 0 0
    255 83 255 0 255 70 255 255 255 0 0 0 255 49 0 0 255 255 0 140 255
    255 0 255 0 255 255 255 255 0 0 255 0 255 255 122 60 0 0 255 0 0 255
    0 255 108 255 255 165 0 0 0 255 255 255 40 0 0 0 255 40 255 0 255
    169 255 200 178 0 255 255 255 0 255 0 0 0 0 0 255 0 255 255 255 0 0
    255 112 255 0 125 255 255 255 0 0 255 0 0 0 255 0 255 0 255 26 255
    255 255 0 0 255 255 227 255 255 255 255 0 0 0 37 0 255 201 255 255
    255 255 255 255 255 0 0 0 255 0 0 0 0 36 227 0 47 0 0 255 255 113
    255 255 0 0 255 0 48 255 229 255 0 0 0 0 0 0 0 185 255 241 0 255 180
    0 255 0 255 255 255 0 0 255 0 255 0 75 0 0 0 255 255 0 0 255 0 255 0
    0 255 0 0 40 0 117 255 0 0 0 255 64 255 0 0 0 255 0 0 0 255 255 255
    0 0 86 255 0 255 0 255 0 255 0 255 255 0 0 0 255 255 0 0 159 3 255
    255 81 255 255 0 0 0 255 150 255 38 155 255 0 255 0 255 255 0 67 255
    255 255 70 255 255 255 255 0 255 248 0 0 0 198 0 0 255 74 255 199 0
    0 255 255 255 255 255 0 0 0 0 255 0 255 96 0 255 0 255 0 255 255 255
    255 174 0 192 255 255 0 255 0 0 255 0 255 0 255 207 255 0 64 0 255
    255 0 5 0 0 0 255 229 255 0 255 0 255 255 255 0 0 0 255 255 255 255
    0 0 0 0 0 255 106 255 229 8 255 255 0 0 255 194 255 148 255 183 0
    208 255 255 255 0 205 0 0 255 115 0 0 0 255 255 255 0 185 0 0 0 0
    255 0 255 169 0 255 228 0 0 0 0 255 0 86 0 0 0 255 255 1 0 0 255 255
    0 0 0 0 241 54 81 255 255 0 102 255 225 0 0 0 255 0 255 0 205 0 0 0
    0 255 255 255 0 255 115 0 0 0 255 255 0 255 255 0 179 255 33 221 0 0
    0 255 255 255 137 255 0 0 255 255 255 0 208 255 255 255 8 0 55 255
    255 74 255 0 162 0 255 255 0 0 255 0 0 69 255 255 71 87 255 255 255
    151 138 13 116 0 255 0 0 0 255 255 255 0 0 0 200 0 103 135 0 255 255
    255 0 255 255 0 255 0 1 241 0 225 0 255 116 0 255 58 255 0 255 0 27
    0 0 0 255 255 255 0 227 134 0 0 255 0 0 205 255 0 0 0 0 0 54 255 37
    0 165 255 255 153 255 0 0 0 0 255 22 0 0 226 255 0 255 0 0 0 0 149 0
    0 96 255 255 0 0 255 0 255 0 255 0 0 0 225 255 0 0 28 255 105 255
    204 0 0 255 0 255 244 255 0 23 0 255 220 238 0 0 255 255 255 255 0 0
    0 255 106 255 0 255 252 255 230 245 0 255 209 176 202 0 0 255 19 255
    255 0 255 0 53 255 140 255 0 255 206 255 0 0 0 0 255 255 255 0 158 0
    97 221 255 216 18 67 255 254 255 0 0 172 255 255 103 255 0 133 89
    255 0 255 0 255 0 65 255 219 0 0 199 0 57 255 255 255 0 0 255 221 0
    0 255 255 0 0 255 255 255 255 0 19 255 255 0 0 0 255 255 255 0 122 0
    118 0 254 92 255 255 255 255 0 161 0 155 0 0 255 55 0 255 32 8 0 255
    149 0 215 59 255 182 0 0 0 0 64 255 174 0 0 75 255 255 0 0 255 0 255
    255 219 0 146 0 255 255 255 165 0 14 0 255 255 206 187 255 0 255 122
    255 255 255 0 0 255 255 208 255 0 0 255 101 255 0 0 0 114 0 0 255
    255 255 244 0 69 0 0 0 0 255 0 0 255 0 255 0 255 255 255 255 0 255
    255 255 167 0 0 255 0 0 255 152 126 0 255 255 255 0 0 0 255 186 0 0
    0 255 255 255 0 0 255 255 255 0 255 0 255 0 0 0 0 255 255 255 255 0
    0 255 0 255 255 255 231 0 210 0 255 0 255 255 0 0 255 255 255 0 0 33
    255 255 0 0 255 0 255 0 255 255 60 255 0 0 255 255 0 255 255 0 0 255
    67 158 0 0 0 255 255 137 0 0 0 255 56 255 202 0 0 0 255 255 255 0
    255 0 213 255 255 255 255 0 0 221 255 255 132 182 0 255 50 127 239
    255 255 216 0 0 255 11 255 255 82 81 0 39 255 255 0 255 35 255 255 0
    4 0 255 215 0 27 0 80 0 0 0 68 255 0 0 0 0 125 111 255 255 0 0 0 0
    161 255 0 150 0 86 20 139 0 0 0 0 155 255 255 255 51 255 255 255 0
    255 255 0 58 0 91 255 255 255 0 255 250 255 0 236 255 0 255 0 0 148
    255 255 206 0 104 255 255 255 0 255 255 255 0 0 237 0 255 0 243 255
    255 231 123 255 234 0 0 255 94 228 0 255 0 18 0 255 0 0 82 85 255 0
    0 129 0 0 255 0 0 0 255 255 248 0 0 197 255 255 0 0 78 117 255 0 0
    255 255 0 150 0 0 105 0 255 14 255 3 0 147 255 255 255 0 0 161 0 0
    255 116 0 255 0 0 144 255 255 255 0 0 0 255 255 255 0 0 0 255 255
    126 255 255 255 0 0 255 255 255 255 0 0 0 255 152 255 113 0 215 0 0
    0 255 255 255 0 255 0 0 255 0 255 255 139 255 237 124 151 255 255 0
    110 213 255 0 104 117 173 255 255 246 0 0 0 255 0 255 0 255 142 255
    26 0 0 255 255 255 255 214 0 0 0 255 253 255 0 153 231 255 165 0 9 0
    255 255 255 227 0 0 255 255 0 128 0 0 0 0 255 246 0 0 255 0 238 121
    255 0 0 255 2 255 255 0 19 0 255 0 255 0 28 0 0 113 255 178 255 255
    255 0 138 255 255 0 255 218 255 0 0 0 255 255 0 0 242 255 0 255 255
    255 46 255 109 255 0 255 255 255 0 255 0 255 255 255 171 0 0 0 229 0
    255 87 0 0 0 255 58 255 251 255 0 0 0 255 0 255 54 255 255 255 0 0 0
    0 255 255 255 58 237 95 255 0 0 0 255 255 255 255 0 255 255 225 0
    255 0 0 0 42 0 255 255 58 0 0 255 255 78 81 0 0 255 0 0 0 255 255
    255 0 119 0 255 255 0 0 0 49 255 255 0 0 0 255 0 0 255 255 255 255 0
    255 0 255 255 255 255 255 255 0 0 0 255 0 170 0 255 255 248 255 0 0
    255 38 255 0 255 0 255 20 255 0 179 255 158 0 0 255 255 0 0 0 159
    255 255 221 255 0 0 0 255 255 177 255 10 225 186 161 255 255 0 241 0
    255 114 255 255 105 165 255 255 255 0 0 0 255 255 155 0 255 0 0 0
    255 0 0 255 83 255 0 255 255 255 255 0 0 255 0 255 255 0 255 0 255 0
    255 255 255 0 245 255 0 0 0 254 0 255 0 255 255 255 255 125 255 255
    185 0 255 255 0 146 0 118 0 255 2 255 0 32 255 255 255 0 255 0 255
    255 255 0 0 215 0 0 255 0 0 0 120 255 255 255 255 0 0 0 15 0 0 39
    251 0 255 218 0 255 255 255 84 0 0 0 255 255 0 137 0 157 155 0 0 255
    255 121 0 0 255 0 255 148 0 0 255 255 255 0 255 201 255 0 0 0 0 116
    86 0 0 0 237 172 74 0 0 0 255 0 0 123 255 255 255 164 0 255 255 43
    255 255 255 255 237 0 0 255 175 255 255 4 0 0 0 0 255 255 129 210 0
    35 0 255 255 0 0 0 143 0 255 255 255 255 0 0 255 255 0 0 0 255 255
    255 0 144 0 255 0 255 0 255 172 255 102 0 245 0 0 0 0 29 255 255 0 0
    0 0 36 229 0 255 255 255 33 0 119 98 255 0 176 179 0 186 0 0 255 255
    6 0 255 34 255 0 0 0 0 183 255 255 0 0 255 190 255 255 255 255 0 0
    15 30 94 0 88 241 255 255 255 255 0 0 0 48 255 255 0 255 0 255 0 104
    255 255 255 255 255 0 0 0 0 255 255 255 74 255 0 0 255 255 255 0 104
    0 123 0 255 255 5 124 255 255 255 0 180 117 255 106 0 0 49 0 0 0 255
    130 255 0 0 255 255 247 0 255 0 41 0 255 208 0 0 32 183 255 255 0
    255 0 255 0 255 19 255 0 255 255 0 0 0 184 0 0 0 255 89 192 0 0 0
    255 255 255 255 99 255 0 0 255 165 0 0 0 255 255 0 255 0 255 0 0 255
    255 255 71 255 255 0 255 0 0 255 0 255 255 255 0 255 105 0 0 255 255
    0 0 7 255 0 0 0 255 255 255 255 202 255 255 255 0 255 0 255 0 205 0
    255 0 255 255 178 125 255 255 255 0 255 64 255 0 0 0 255 255 255 234
    255 0 255 0 255 255 255 0 0 0 46 0 166 255 255 0 0 0 255 0 255 167
    255 255 255 165 0 255 255 255 136 255 0 97 185 255 0 255 0 255 0 223
    0 255 10 0 0 255 53 132 104 255 0 0 48 255 255 0 0 0 203 0 0 255 192
    255 0 0 0 255 255 206 0 0 0 45 0 0 255 255 0 255 0 0 0 255 255 0 255
    0 0 255 195 255 0 255 136 0 0 123 0 0 255 255 255 0 0 0 255 0 212 0
    255 231 189 169 0 255 0 0 0 2 250 193 255 255 79 0 255 255 0 126 0
    173 0 0 0 255 255 255 173 0 0 255 255 255 0 255 0 0 0 255 255 255 0
    255 0 255 255 255 0 255 0 0 255 0 255 255 255 20 0 255 0 255 0 255 0
    0 0 255 0 255 132 255 255 255 255 3 0 255 0 255 0 255 255 0 0 255 0
    149 255 255 255 255 0 255 0 255 0 0 255 0 0 255 255 255 255 0 70 149
    255 0 0 0 255 181 0 255 0 255 0 0 0 255 0 0 0 56 76 0 255 67 255 0
    255 255 0 0 70 255 0 0 145 0 255 120 255 0 0 0 255 255 164 255 208 0
    231 255 255 255 224 0 0 0 255 196 255 0 0 0 0 255 0 123 0 255 255
    255 0 255 255 255 0 0 0 240 255 0 30 0 111 255 255 25 0 0 0 0 0 0 0
    255 255 0 255 182 210 48 150 255 255 0 0 255 0 172 255 255 0 255 0
    255 0 150 0 255 0 255 0 0 221 255 255 48 255 0 255 0 0 0 0 110 0 0 0
    46 76 255 255 255 0 255 255 0 255 255 206 52 0 255 0 165 0 0 255 0
    131 255 255 255 84 0 0 255 0 55 36 255 200 21 0 0 255 255 255 0 255
    0 255 255 0 255 168 0 0 0 0 255 51 255 0 0 236 0 94 255 0 255 255
    255 0 0 255 0 255 255 255 255 255 55 0 255 0 255 66 255 0 0 0 255 0
    255 255 0 255 119 255 0 0 0 248 255 35 255 0 0 0 62 0 0 255 0 0 255
    255 0 0 0 0 90 200 160 0 0 0 42 255 156 51 255 255 0 0 0 255 0 0 255
    43 255 255 255 255 0 0 0 0 249 255 255 255 22 0 0 0 255 255 126 255
    0 255 0 255 0 224 0 255 13 255 255 255 255 255 255 0 125 0 55 255 39
    0 0 0 255 255 255 0 255 0 199 0 255 0 150 0 0 255 0 193 255 0 255
    255 0 0 0 255 173 0 0 255 46 255 0 255 0 255 0 0 0 255 255 123 255 0
    0 255 220 190 48 255 255 0 0 0 255 5 255 0 0 255 169 255 0 255 255
    255 0 0 0 255 255 255 0 0 227 1 255 255 0 255 255 0 255 0 0 0 255
    255 0 0 33 255 255 0 0 180 255 0 49 0 255 255 255 0 255 255 21 255
    255 7 27 0 0 0 255 255 255 100 0 221 255 255 255 0 255 0 255 205 0
    97 255 255 0 0 0 0 255 98 108 255 255 0 0 255 255 255 0 255 0 255 0
    255 0 255 0 0 0 255 0 111 0 255 255 255 255 255 0 0 255 0 255 0 0 0
    0 255 255 255 0 0 0 255 137 0 255 0 0 0 0 0 255 0 62 0 0 227 255 0 0
    255 255 117 0 0 0 255 255 234 0 0 0 0 255 255 194 0 0 0 255 0 255 0
    0 0 0 134 0 0 255 255 255 0 255 50 255 0 148 0 102 0 0 0 255 255 255
    255 0 255 181 255 195 0 255 255 0 0 0 97 3 0 0 0 176 17 0 0 0 255
    255 0 0 20 255 0 0 255 255 0 0 0 255 255 255 106 18 0 255 0 255 255
    0 255 255 0 176 255 255 0 255 255 0 255 0 255 255 255 255 255 0 255
    0 0 255 255 255 90 216 255 93 0 0 244 57 255 255 209 255 255 0 0 0 0
    0 255 0 255 0 255 255 0 0 5 255 163 255 0 22 0 255 0 255 0 0 190 0
    255 0 255 169 255 0 255 123 255 255 255 0 0 255 0 255 0 255 182 255
    0 255 0 36 255 255 0 28 255 222 29 0 255 14 255 0 0 189 255 163 0 0
    255 255 153 0 0 0 255 0 241 0 0 0 255 255 28 0 0 255 255 0 0 255 255
    0 0 0 0 0 255 67 255 255 255 0 0 0 255 220 255 255 0 0 0 255 255 255
    255 186 0 0 0 0 255 0 161 255 0 255 0 244 0 255 0 0 255 223 255 194
    255 0 0 255 255 255 255 0 255 0 0 0 255 181 255 138 0 0 255 255 0 0
    0 0 209 255 172 0 0 2 0 0 248 255 239 63 120 255 255 255 0 0 0 0 255
    255 170 0 255 255 255 255 0 255 255 255 209 0 0 255 0 255 0 255 1
    255 255 255 255 255 255 0 255 37 255 19 255 255 4 0 0 255 255 255 0
    0 229 255 255 0 247 0 0 0 255 255 119 255 176 255 0 118 255 0 255 0
    0 0 197 0 255 0 0 0 255 0 0 0 255 255 255 255 0 255 255 255 0 255 58
    255 255 0 255 147 0 67 255 0 0 255 255 0 0 146 255 255 0 255 255 0 0
    119 255 255 49 0 0 0 255 255 255 0 0 0 141 0 255 238 255 45 0 255
    236 80 0 0 255 255 255 0 255 0 255 183 0 255 255 0 96 255 255 40 255
    255 190 0 0 0 255 240 255 79 139 110 0 0 255 0 0 0 255 65 255 0 11
    205 0 255 0 0 255 185 0 0 0 168 255 255 158 19 255 255 0 0 16 16 0
    255 41 255 255 179 78 202 0 0 0 19 255 0 255 0 255 255 255 0 0 255
    114 0 0 255 255 255 0 255 255 255 0 255 0 0 0 255 255 255 255 170 0
    255 0 149 0 0 0 255 255 0 0 0 255 255 255 183 0 0 255 255 255 0 255
    0 0 13 255 0 255 0 255 0 255 0 255 255 255 255 255 51 0 255 201 0 0
    0 0 255 255 0 0 0 255 255 107 255 0 255 4 255 0 209 255 255 174 0
    255 0 255 255 0 169 255 0 0 0 255 255 56 255 0 255 255 255 0 0 7 255
    255 0 0 255 255 255 0 255 0 255 15 255 0 161 25 0 0 157 255 0 0 255
    255 0 255 0 255 195 255 0 255 0 255 43 255 0 188 255 1 0 0 0 0 115
    255 0 18 255 255 255 221 132 0 0 0 0 255 255 255 255 200 0 255 0 144
    0 255 0 255 0 122 75 255 0 255 0 255 255 255 255 0 0 0 0 0 255 255
    218 68 255 0 0 255 255 255 0 0 255 201 252 187 255 0 255 0 255 0 255
    0 255 255 255 0 0 0 255 255 0 0 0 255 120 139 255 255 0 147 102 255
    255 0 255 0 255 150 255 255 255 202 0 255 0 255 0 0 0 171 0 0 102 0
    255 255 255 0 0 255 121 0 0 208 255 39 237 0 0 0 0 255 255 255 0 255
    255 0 57 0 255 0 0 0 0 255 0 0 255 151 255 255 240 0 255 104 255 0
    255 0 206 255 89 0 255 255 255 0 0 165 255 96 0 255 255 0 73 0 255
    255 21 0 72 0 0 208 135 255 147 255 45 255 255 233 0 26 255 255 0
    255 255 255 0 0 0 44 255 255 255 0 0 255 0 208 0 0 255 255 255 255
    162 108 0 255 0 0 0 131 255 255 255 0 0 0 255 255 255 0 0 255 255
    255 0 2 0 79 135 82 255 255 0 52 0 255 255 255 255 0 0 255 0 255 0
    255 0 255 255 255 0 255 255 206 0 0 153 255 0 255 0 22 0 255 255 0 0
    255 255 0 255 25 0 255 28 171 255 255 0 255 0 255 255 255 255 0 255
    255 255 255 0 0 0 255 255 255 0 255 255 255 0 0 255 162 255 255 143
    0 0 255 255 255 255 0 0 0 0 255 0 140 159 0 135 218 166 0 0 255 255
    255 255 0 255 0 0 0 223 255 230 255 0 131 255 0 0 0 0 0 142 0 0 153
    255 255 0 0 0 255 255 0 255 0 255 255 255 0 255 255 255 0 0 0 255
    255 0 0 255 255 224 0 245 0 255 0 0 0 255 255 0 255 255 0 0 0 255
    255 78 255 0 255 0 0 97 255 255 255 0 255 0 255 0 0 28 255 0 0 0 0 0
    0 0 0 255 239 255 121 255 0 166 247 255 255 255 0 0 0 0 2 255 255
    255 143 0 0 2 0 0 0 0 0 255 255 255 233 0 0 255 0 255 215 255 173
    255 228 255 249 255 0 0 13 0 13 0 0 0 255 0 197 0 255 0 255 0 0 240
    255 255 236 0 0 19 255 166 0 0 0 0 255 255 0 145 0 255 255 0 0 255
    128 0 0 0 0 0 0 255 0 255 255 255 0 0 18 255 3 0 0 255 127 0 0 0 255
    0 107 255 255 0 44 255 0 219 5 255 0 255 0 130 0 255 146 0 13 255
    255 0 82 255 122 49 0 51 255 0 90 255 255 255 0 0 0 7 255 255 255 0
    255 0 81 255 255 0 255 255 255 0 0 0 0 255 0 99 255 255 255 255 0 0
    255 139 0 0 0 255 255 0 0 255 255 0 0 92 0 49 0 255 255 75 0 255 0
    163 0 0 0 0 255 72 255 255 255 255 0 0 0 255 227 0 0 255 255 0 35 0
    255 13 0 255 255 137 0 0 255 255 255 255 255 255 123 5 215 255 0 196
    118 187 0 0 0 0 255 0 136 0 255 34 171 0 131 0 0 0 0 0 0 0 255 255 0
    255 0 23 0 255 136 179 0 255 0 255 130 255 0 0 187 255 255 0 0 0 255
    255 0 255 255 255 0 0 0 255 255 255 0 0 7 255 255 108 255 255 255
    255 255 0 255 0 0 0 255 255 255 173 0 0 0 255 255 255 0 255 0 255
    255 255 0 255 0 255 0 255 0 255 96 255 0 255 255 2 255 154 255 0 0
    255 136 0 255 255 255 123 0 255 255 149 255 0 129 255 255 0 180 0 0
    0 255 255 255 0 202 48 255 255 0 255 187 255 0 0 0 111 255 0 255 52
    255 0 61 0 255 255 255 0 252 0 49 255 0 0 123 255 255 255 0 255 0
    210 255 45 0 0 102 255 255 13 0 0 0 255 255 0 255 235 255 255 0 52
    102 0 255 0 255 255 255 0 255 0 255 201 255 255 26 255 165 0 0 0 56
    255 255 0 255 0 255 0 0 255 255 255 255 215 255 255 255 0 255 0 255
    255 255 0 0 0 0 255 255 0 0 0 0 0 255 255 0 255 137 221 0 209 0 255
    0 255 64 255 255 0 0 136 255 0 0 0 255 255 255 255 224 255 0 53 0
    255 188 0 0 255 255 117 0 255 0 255 0 0 0 255 255 0 0 255 255 121 40
    255 62 255 63 156 47 0 255 97 151 55 0 0 0 255 162 180 0 162 232 255
    255 255 0 255 0 255 0 87 255 255 0 255 0 19 255 0 255 0 0 0 0 0 0 25
    255 255 255 255 0 0 0 255 0 0 0 222 0 0 191 255 255 0 0 255 0 255 0
    255 255 0 255 255 255 0 255 0 0 0 0 0 0 172 0 255 187 0 219 0 0 0
    255 255 0 255 190 255 255 233 46 0 0 0 0 38 0 255 255 97 0 255 255
    123 255 24 0 0 0 255 255 0 255 66 0 255 255 0 172 96 0 255 153 89 0
    0 255 255 255 0 0 100 0 255 0 255 255 255 255 255 188 0 0 11 111 17
    255 255 33 255 255 255 0 255 255 255 255 163 171 38 0 0 255 255 255
    0 0 0 255 0 255 255 255 0 0 238 120 207 0 255 255 255 43 0 0 0 12
    255 36 0 0 255 255 0 0 0 255 255 0 0 0 0 255 255 255 0 255 245 255 0
    68 255 0 255 58 255 255 0 255 255 255 255 255 0 0 0 255 255 255 255
    255 255 0 0 0 0 157 255 224 165 0 0 37 255 105 255 0 255 0 240 255 0
    0 255 255 255 0 100 0 0 255 255 255 255 56 255 0 255 226 255 0 255
    255 255 255 61 0 2 219 255 210 255 146 255 0 0 0 0 157 255 0 255 251
    200 0 124 250 255 255 0 255 255 255 0 15 0 255 255 255 117 183 0 101
    0 106 255 201 255 0 255 87 83 52 0 0 255 255 0 255 0 255 0 255 38
    255 255 255 0 131 255 0 0 90 188 255 255 58 255 255 0 234 255 0 0
    211 194 255 0 187 255 0 0 0 0 54 255 131 0 0 255 89 255 0 18 193 0
    255 255 0 0 178 255 0 255 149 255 0 0 0 52 255 0 255 255 0 255 148
    255 0 0 255 234 255 103 0 255 0 0 255 68 255 255 255 0 255 0 0 255 0
    255 0 255 255 83 0 0 0 0 255 255 254 255 0 0 0 255 255 0 0 255 0 0 0
    255 255 0 57 0 0 0 255 0 0 0 255 18 0 0 0 255 36 255 255 0 255 255
    255 0 0 0 0 54 255 255 0 14 0 212 255 255 0 0 0 141 185 0 255 255 0
    0 0 0 74 36 111 0 47 0 53 255 255 0 0 254 134 255 255 0 0 0 255 255
    255 255 4 0 0 0 0 0 0 95 72 255 111 107 0 0 0 255 0 255 187 0 29 0
    255 0 255 0 255 215 0 0 0 255 255 55 0 0 0 0 255 255 0 0 0 255 255
    255 255 211 88 0 0 255 0 255 0 0 0 255 0 255 255 78 180 0 72 255 222
    255 0 0 0 255 255 255 0 255 255 255 0 0 0 255 0 0 0 0 255 0 255 116
    0 191 0 255 255 0 195 255 0 0 255 255 255 255 160 255 0 0 255 255
    255 0 0 215 252 255 255 255 0 0 23 255 255 255 0 0 255 0 0 0 255 255
    0 0 171 89 62 0 114 0 0 255 255 255 120 0 0 0 0 0 0 0 0 255 255 255
    0 0 255 255 255 255 0 255 255 255 0 0 0 0 0 255 0 250 0 255 0 255 0
    0 255 255 227 0 195 0 0 255 255 0 255 255 255 0 2 255 255 255 74 0
    100 0 255 0 255 255 0 34 255 255 255 0 255 228 0 0 255 34 255 0 255
    130 0 255 0 255 199 255 0 222 0 255 255 90 0 0 0 72 255 255 255 0 0
    0 255 0 255 255 0 78 0 100 0 255 0 81 0 154 0 255 255 255 0 0 255 0
    0 0 255 255 255 255 143 0 0 0 72 255 255 255 0 255 0 151 255 255 255
    52 255 255 183 0 0 130 255 255 0 0 0 255 0 193 64 114 255 255 255
    255 0 0 162 0 255 138 0 0 23 255 189 0 255 255 255 0 0 0 255 255 255
    255 255 0 0 0 255 209 255 0 28 0 255 0 0 0 255 255 255 255 255 255
    109 0 0 22 205 255 0 255 0 95 193 63 255 0 0 255 0 255 0 230 255 209
    255 255 0 255 0 255 0 255 255 27 195 255 0 255 0 255 255 255 0 206 0
    88 0 239 255 255 176 205 0 0 0 255 0 0 255 255 255 0 0 255 0 0 0 255
    255 169 36 0 255 255 64 255 0 0 0 255 96 255 0 182 224 255 255 255 0
    0 255 255 0 0 255 135 255 0 0 255 255 255 28 255 0 0 255 124 0 0 0
    255 255 255 12 251 0 147 101 255 255 255 0 0 0 25 0 4 0 0 0 255 255
    0 46 0 0 255 0 0 0 141 255 0 0 0 255 255 255 0 202 0 255 255 255 255
    0 255 255 0 0 0 0 0 0 255 255 0 47 63 255 0 7 255 255 42 0 0 255 255
    12 0 93 255 0 28 90 61 0 0 255 255 0 255 0 255 255 0 0 0 0 255 255
    139 0 255 0 255 0 255 0 255 0 0 124 0 255 157 255 255 0 0 255 0 255
    0 0 255 255 255 255 255 148 247 0 29 255 0 0 0 251 0 0 125 255 255
    255 0 0 255 255 244 209 0 175 179 255 105 70 255 0 0 0 255 255 255
    177 0 255 0 255 0 255 255 255 0 255 0 255 0 186 94 0 255 255 175 0
    255 255 255 0 0 108 226 255 0 86 64 0 0 255 19 255 98 255 255 0 231
    0 179 255 0 106 255 255 255 255 255 0 0 0 0 255 255 255 255 255 189
    0 255 0 7 255 0 0 0 255 0 0 255 255 255 0 50 0 255 204 255 0 255 16
    106 255 255 255 255 0 0 0 0 255 32 255 255 0 0 0 255 255 255 255 255
    0 0 0 255 7 255 0 39 255 250 248 20 0 150 255 255 255 0 255 0 255 81
    255 255 255 140 205 255 0 0 255 255 255 255 189 0 0 255 255 0 0 0
    255 255 0 0 233 0 0 255 255 255 255 255 244 255 255 0 0 19 0 0 48
    142 255 255 0 255 0 0 0 255 0 0 45 255 255 0 255 0 255 255 255 255
    25 46 0 0 255 58 255 0 0 0 255 0 255 0 188 0 255 0 0 197 0 0 28 255
    251 255 0 114 0 0 0 0 255 255 255 0 0 255 0 25 0 0 255 63 255 0 255
    0 0 0 255 255 255 114 255 0 0 0 0 0 0 0 255 255 255 0 0 255 0 0 255
    0 171 0 24 255 255 255 255 0 236 255 0 255 0 194 0 0 0 255 0 168 255
    255 0 0 160 255 186 0 0 0 74 255 255 214 75 0 255 0 255 255 255 0
    254 0 255 255 0 255 255 255 96 0 216 207 0 172 0 255 75 255 0 0 255
    159 255 0 255 255 255 91 255 255 255 0 0 0 95 0 255 0 0 0 0 0 255
    255 0 0 0 0 255 255 255 118 255 255 0 0 255 105 251 63 0 0 56 255
    169 255 0 255 0 101 255 0 255 0 255 200 47 255 255 255 0 0 0 255 255
    255 236 0 0 0 0 255 0 255 0 255 0 255 255 0 0 0 0 255 122 170 255 90
    255 0 215 0 255 49 0 0 0 0 0 255 255 255 0 0 255 255 255 51 0 255
    135 58 0 0 0 0 88 89 255 0 255 255 0 255 0 255 0 255 147 255 0 255
    255 215 255 131 0 0 158 255 255 255 0 0 255 255 0 0 132 224 0 71 146
    206 255 0 255 57 0 0 0 255 0 255 255 255 0 0 255 0 255 255 0 255 0
    255 0 194 0 255 0 140 234 79 162 0 0 0 255 255 0 0 0 255 255 52 255
    0 255 0 251 255 0 0 255 255 234 255 0 0 0 0 255 0 128 141 255 0 0
    255 0 0 0 92 255 255 0 0 0 255 248 255 142 0 179 104 255 255 0 0 255
    0 244 0 255 255 0 0 0 142 115 255 0 0 0 255 255 141 0 0 0 0 255 0
    255 255 255 255 175 0 150 255 0 77 0 255 233 175 0 223 92 118 184
    255 0 255 255 255 0 0 255 255 33 0 255 0 0 0 0 255 255 0 255 0 255
    11 0 95 255 0 0 255 255 255 255 255 255 255 255 0 0 255 0 255 107 0
    255 0 255 255 0 0 4 255 0 0 255 255 255 255 0 0 255 255 0 0 0 0 0
    255 255 255 0 0 0 255 148 255 68 0 0 255 255 255 0 255 255 255 255
    38 0 255 0 0 0 255 255 0 255 255 255 198 163 156 155 255 255 0 0 255
    255 255 255 255 0 0 0 0 255 255 109 255 0 0 0 0 0 0 255 0 0 70 70
    255 255 255 156 255 0 255 148 255 0 67 255 127 255 0 255 255 255 84
    0 0 0 0 255 14 255 0 255 0 255 0 218 0 255 255 0 0 0 255 205 255 0
    255 255 255 255 0 0 45 0 255 0 255 0 255 255 255 255 0 0 0 91 255
    255 94 0 0 0 0 0 252 255 255 0 255 0 160 3 255 206 0 0 145 255 138
    138 255 196 0 136 0 255 0 0 0 255 0 99 255 255 0 0 255 255 255 255
    218 72 255 255 255 0 189 67 255 255 255 0 0 0 255 255 255 68 255 97
    136 255 238 58 144 144 0 0 103 129 0 181 0 255 255 217 255 226 0 0 0
    255 137 255 0 0 255 255 0 76 0 255 0 0 0 255 210 255 0 76 255 0 255
    0 255 0 255 60 165 0 255 111 255 255 0 0 255 139 0 0 0 255 255 214 0
    0 0 5 208 0 0 255 255 85 255 0 0 0 255 255 0 0 255 255 150 125 0 0 0
    0 255 255 0 0 0 255 255 224 0 0 255 255 255 0 255 255 0 0 0 83 255 0
    255 255 0 255 255 255 0 221 255 255 0 255 0 255 255 255 0 0 0 255 0
    255 255 8 0 0 0 244 255 0 0 255 255 0 0 255 255 255 0 255 66 255 213
    255 255 0 0 0 232 255 255 255 0 0 233 0 255 153 0 255 0 176 255 0 0
    255 255 255 255 0 0 255 64 255 0 255 0 255 0 0 0 255 178 1 255 0 252
    0 0 255 255 0 0 255 58 0 0 255 255 0 0 89 35 255 165 0 0 0 255 255
    43 255 0 255 0 0 182 255 0 255 0 0 0 0 0 0 0 0 0 255 255 255 255 0
    104 229 255 255 255 0 0 1 255 255 0 255 0 0 0 255 0 0 181 226 255 23
    255 255 255 0 0 151 0 255 255 0 0 255 255 0 0 135 178 0 0 255 255
    255 0 255 0 0 0 59 255 255 0 255 0 255 0 0 0 255 255 246 255 0 255
    255 67 120 255 0 255 170 148 113 0 0 255 107 255 0 255 0 0 0 0 255
    255 27 176 148 219 0 0 255 255 255 0 255 43 0 0 0 255 27 255 0 255 0
    0 223 0 37 0 222 0 255 0 255 162 231 255 117 255 135 255 230 126 255
    0 255 255 184 0 255 0 64 115 0 0 0 255 255 101 0 0 165 86 255 0 0 0
    0 255 0 255 255 255 255 242 255 255 115 0 0 255 0 255 0 255 255 179
    0 0 170 255 23 0 202 150 255 57 255 140 255 0 255 0 0 0 255 0 201 99
    0 255 81 255 255 0 0 0 0 0 255 0 255 0 0 0 255 255 255 0 92 255 156
    255 32 255 255 148 0 21 255 255 255 0 180 0 45 255 0 94 110 255 255
    255 192 84 209 0 0 125 255 255 0 255 0 0 0 0 255 255 255 0 255 255 0
    0 255 255 255 0 255 0 0 0 255 255 0 0 0 255 226 255 98 255 255 32 0
    228 255 191 255 255 0 0 0 255 255 255 255 214 255 0 0 0 255 0 0 29
    255 255 0 0 0 255 255 255 0 149 0 0 255 196 255 0 255 0 0 255 223 0
    0 217 255 115 125 0 0 255 44 255 255 255 0 255 255 0 255 0 69 155
    244 0 255 255 255 0 46 0 173 255 255 255 0 0 255 0 0 0 255 255 189 0
    255 0 255 187 255 255 255 0 0 0 150 0 255 176 255 0 0 0 255 0 0 0
    255 0 255 255 0 255 255 0 255 0 255 0 255 0 200 0 255 0 255 255 0
    255 0 255 0 56 0 0 255 255 255 255 0 255 0 0 0 255 56 131 255 255 79
    0 0 0 221 255 0 239 0 0 0 255 255 255 186 255 0 0 0 255 255 63 47 0
    255 255 255 0 255 255 57 140 0 255 0 255 255 0 0 0 0 0 128 255 255 0
    255 255 255 0 0 0 0 120 255 234 255 118 0 0 255 255 255 255 0 0 0
    255 255 0 196 236 20 255 0 0 0 229 198 0 255 255 0 0 0 0 40 220 0
    255 4 28 255 0 0 0 255 248 255 255 0 0 206 255 0 0 237 0 255 0 0 255
    255 226 0 255 0 157 255 0 255 0 255 0 0 0 0 15 0 255 255 255 224 0
    157 0 255 0 0 0 255 254 0 0 228 255 0 0 113 255 0 255 0 230 255 245
    255 255 137 0 255 0 255 0 0 0 145 0 0 255 0 255 255 255 0 0 255 0 0
    0 255 255 47 195 0 211 0 0 255 255 0 255 255 0 0 0 255 0 133 255 0
    255 255 45 255 0 0 117 0 255 0 255 0 0 0 255 0 0 255 255 222 162 255
    255 255 0 0 0 0 255 57 255 255 0 255 67 0 0 255 255 255 0 0 0 255 51
    54 255 0 0 255 255 255 0 255 33 255 0 255 186 255 0 0 255 0 0 155
    255 255 255 0 0 0 0 0 168 255 71 0 0 0 255 0 255 0 0 255 255 255 160
    0 0 0 0 0 255 0 255 0 255 10 255 0 0 255 255 223 0 255 255 255 129 0
    255 0 255 0 255 255 103 0 0 255 250 0 255 52 151 255 255 255 255 255
    32 0 0 0 0 84 255 0 255 0 250 0 255 0 0 0 198 242 64 255 53 0 255
    255 255 0 0 198 0 112 255 255 0 0 102 0 0 255 133 0 0 255 0 25 0 255
    255 0 0 255 255 0 0 0 255 255 154 255 0 255 114 255 255 0 255 255 47
    0 0 201 0 0 255 255 142 255 255 37 246 0 67 255 255 166 0 255 0 255
    255 255 0 0 251 255 0 255 0 255 0 243 255 35 255 0 0 255 101 153 0
    255 0 255 0 255 0 255 185 255 0 0 0 0 255 0 0 255 0 123 0 255 255
    255 139 0 255 0 255 255 255 0 32 255 255 255 0 0 255 255 0 2 255 0 0
    0 255 0 0 98 255 255 0 0 0 0 87 102 0 43 0 0 0 215 0 255 0 255 255
    255 255 0 0 64 255 255 255 0 186 0 255 0 0 255 0 255 175 255 0 0 0
    45 255 63 255 96 121 255 255 255 0 0 255 0 255 0 255 255 255 255 198
    0 0 220 153 0 0 106 193 255 47 255 0 240 255 255 0 192 255 0 254 0
    255 255 0 0 65 0 255 0 255 184 255 6 0 255 255 255 255 24 184 0 0
    255 255 0 0 255 157 0 0 0 255 255 255 0 144 255 255 255 0 0 0 255 22
    255 231 0 255 0 255 0 255 255 255 0 0 0 255 0 255 0 255 255 0 0 255
    255 255 2 220 0 0 0 255 255 255 22 255 0 255 0 255 0 255 0 255 0 177
    255 255 129 0 0 255 255 255 0 81 0 106 255 0 255 0 0 0 74 255 255
    255 32 255 255 0 25 0 0 255 255 255 0 255 0 255 0 63 255 255 255 0
    255 255 0 255 0 82 173 0 0 255 255 0 0 87 255 255 255 255 0 255 0 4
    29 255 102 255 0 255 0 255 0 255 255 0 255 59 255 0 206 0 0 74 159
    255 0 0 0 255 255 255 128 255 0 0 99 0 0 0 0 255 255 255 0 255 0 101
    65 255 255 0 0 0 255 255 240 0 127 0 0 255 255 73 255 73 13 0 0 255
    255 255 0 0 103 198 0 255 0 255 209 0 0 255 0 254 1 255 0 255 0 255
    0 255 0 189 0 255 255 255 255 235 0 255 255 0 255 0 96 0 145 0 0 0
    225 42 0 255 0 255 255 255 255 139 255 0 255 255 93 0 255 33 0 34 0
    0 40 0 0 0 255 255 255 255 255 0 0 0 155 255 0 0 255 31 255 255 255
    227 0 0 211 255 255 122 0 0 230 255 255 255 255 65 255 0 0 0 255 255
    151 255 0 255 255 255 0 0 0 0 0 255 0 0 60 0 255 255 0 0 150 255 255
    0 0 246 255 255 255 255 0 255 112 255 4 255 0 0 255 0 255 255 255 29
    0 0 255 255 22 194 0 0 0 0 255 255 255 0 0 0 255 0 0 255 255 123 0
    255 0 255 216 185 0 255 20 255 255 0 255 255 0 151 255 255 255 255
    99 0 0 195 0 255 255 0 0 0 168 255 255 255 103 78 0 155 255 255 20 0
    251 0 255 255 255 0 0 0 255 27 255 255 255 252 0 227 255 255 0 0 0
    255 255 255 255 0 0 255 255 255 0 0 255 255 255 255 74 0 190 0 255
    255 255 255 255 0 0 61 255 0 0 0 255 255 255 255 255 0 124 0 181 255
    0 0 145 255 0 0 0 234 255 0 255 0 255 0 0 188 255 217 255 53 255 255
    139 231 57 0 0 255 255 0 0 0 122 194 255 255 0 255 0 255 85 255 0
    224 255 255 255 255 0 0 0 255 255 0 255 0 0 255 255 255 0 255 0 0 0
    255 255 255 0 0 245 255 255 223 0 255 255 255 0 255 0 255 0 0 255
    139 94 65 0 255 0 0 0 255 203 0 0 0 250 255 0 255 157 255 0 158 0
    255 0 0 0 0 255 238 0 167 0 255 255 255 0 0 0 17 255 37 0 255 255 0
    0 0 255 255 255 0 223 0 50 164 245 132 255 255 234 0 0 255 27 255 0
    255 0 0 255 255 255 51 255 0 255 123 255 0 0 27 195 255 0 0 0 0 255
    0 255 255 255 0 255 0 0 255 255 0 255 248 255 194 255 255 255 255 7
    48 255 255 22 255 123 0 0 255 234 255 0 0 107 255 255 255 0 255 186
    0 147 0 255 0 255 0 255 0 255 255 167 255 0 0 1 255 70 0 255 0 255
    255 82 255 0 255 73 255 0 255 255 255 255 0 0 0 255 255 255 0 0 0
    255 189 183 244 32 0 255 203 255 0 0 114 0 255 255 0 148 0 198 255
    255 255 0 0 255 0 255 0 255 255 255 70 255 0 0 0 0 82 0 255 255 250
    0 0 41 18 255 0 0 255 255 255 0 0 0 0 255 0 0 0 126 0 255 255 0 255
    255 0 0 216 255 255 255 0 255 255 255 255 253 0 0 255 47 255 0 255 0
    255 255 28 255 0 255 0 255 0 255 255 0 0 255 0 255 255 255 0 255 0
    255 0 255 255 236 0 255 0 27 255 255 255 0 255 255 255 0 0 0 255 255
    169 0 255 0 255 255 163 0 0 255 255 0 0 0 97 88 255 0 0 255 255 255
    0 0 255 255 0 0 0 255 28 0 41 108 255 255 0 0 255 0 0 0 0 255 255
    255 0 98 255 0 255 216 0 0 44 255 255 255 255 0 0 0 255 255 160 31
    231 255 0 17 255 255 0 255 217 255 21 104 0 255 0 255 190 255 0 0
    255 255 255 255 0 255 0 197 0 255 0 255 0 0 0 255 255 255 0 0 255
    143 0 0 113 0 122 255 255 0 255 0 0 134 255 0 255 0 100 255 255 255
    0 255 0 0 97 148 0 0 0 255 255 0 0 0 255 255 255 39 19 255 0 0 255
    255 255 255 119 0 0 82 89 0 0 0 0 255 0 255 107 255 255 255 255 255
    38 0 147 0 0 196 223 62 255 0 255 0 255 255 0 0 255 177 70 0 255 255
    0 0 0 128 201 255 250 0 255 243 184 220 0 255 235 255 87 0 0 120 255
    255 0 0 255 0 0 248 255 255 255 0 0 255 172 0 0 255 0 72 255 0 255 0
    255 142 0 0 255 255 71 0 0 106 0 255 255 255 255 0 0 0 0 0 255 0 0 0
    255 255 0 92 0 0 0 255 255 255 255 0 255 95 255 0 0 0 92 255 255 153
    255 0 0 0 0 255 116 255 255 255 0 0 0 255 255 0 0 255 255 255 0 0
    255 255 255 0 50 0 255 0 255 0 255 241 255 255 255 221 255 255 141
    141 0 255 255 16 0 0 0 255 106 255 0 255 0 255 0 255 78 79 255 255
    123 255 0 0 0 0 0 255 37 0 0 169 255 255 76 89 0 249 239 255 0 0 214
    0 0 255 255 255 186 0 0 253 255 0 255 0 77 255 0 255 0 255 0 255 0
    172 0 255 66 255 255 0 0 0 255 0 255 0 255 0 255 0 255 255 0 255 255
    255 255 0 0 0 0 255 255 255 0 197 0 255 0 204 57 0 74 255 156 247 0
    7 255 255 255 0 0 167 0 255 0 0 0 255 255 0 0 0 0 0 255 0 255 255
    255 255 145 0 204 0 255 255 255 0 173 0 255 0 0 0 255 255 0 41 255
    47 174 255 117 0 255 255 255 75 255 0 0 255 0 0 0 255 255 255 255 32
    20 0 0 255 255 255 0 255 0 255 255 0 0 143 255 255 0 81 0 255 233
    255 0 157 51 255 0 0 255 255 0 0 255 255 255 255 0 0 0 0 255 255 22
    0 0 0 255 0 255 0 255 255 166 50 0 255 137 255 29 0 255 255 255 0 0
    255 156 87 255 0 0 0 0 106 0 255 255 246 245 255 0 255 255 255 101
    255 255 166 0 255 255 0 0 0 134 0 255 0 255 0 0 255 255 0 0 255 0 0
    0 0 0 255 0 255 0 97 0 0 224 47 255 255 255 218 0 161 0 0 5 255 255
    255 255 229 255 255 0 0 255 255 255 0 255 0 0 255 255 0 255 255 0
    255 255 179 255 255 255 233 255 0 0 255 255 0 255 255 172 0 0 0 0
    255 66 255 0 250 0 255 0 140 11 255 0 226 255 231 36 160 242 0 0 0
    197 255 255 46 255 236 255 255 0 244 0 255 0 0 0 255 255 0 255 0 255
    0 0 0 0 0 0 216 255 224 0 255 0 0 158 0 0 109 37 0 255 0 0 255 255
    255 0 255 0 255 0 0 255 0 255 255 0 0 179 255 255 0 255 184 0 0 0 0
    255 255 255 0 0 0 0 0 255 255 96 255 255 0 255 137 4 255 255 0 44
    255 255 255 0 55 0 255 0 0 255 255 0 0 220 255 255 255 107 0 0 121 0
    28 255 0 0 0 0 255 255 255 0 0 0 255 198 255 0 0 125 255 255 0 0 0
    255 255 63 0 255 255 255 0 0 13 0 0 255 255 255 0 0 41 255 143 0 0
    255 255 0 0 255 255 0 0 0 255 0 0 46 0 0 0 255 0 255 255 255 0 0 0 0
    255 0 255 228 255 255 0 255 0 255 255 0 255 255 255 0 255 255 123 0
    0 0 255 255 255 0 255 0 220 56 255 93 105 255 0 0 0 0 0 255 255 0 0
    78 255 255 255 0 44 56 255 255 243 0 0 255 0 255 255 255 0 255 0 0 0
    0 127 255 255 255 240 255 0 24 0 0 255 0 0 0 255 255 255 95 97 255
    255 0 0 113 255 255 171 6 0 0 0 13 0 62 240 0 0 218 255 0 0 0 255
    116 0 0 255 255 0 0 0 255 126 0 0 0 0 255 255 255 181 0 0 126 0 0 0
    70 0 255 255 0 227 255 255 255 194 255 255 255 0 119 0 0 125 255 0 0
    255 255 255 45 0 255 0 0 97 174 255 0 0 106 0 0 125 255 255 107 255
    173 0 0 0 0 255 0 137 187 0 255 166 0 0 0 0 255 165 255 0 255 255
    255 255 0 255 0 0 255 49 211 102 0 128 255 189 0 0 0 0 0 255 255 0
    255 255 255 48 0 255 109 255 0 255 0 255 55 255 255 78 255 0 255 0 0
    255 255 255 0 255 0 255 0 162 0 255 255 255 0 0 255 255 255 255 0
    255 0 255 141 255 255 255 205 0 0 255 255 255 209 255 0 255 255 0 0
    0 255 146 255 167 0 0 255 0 207 140 0 0 255 237 16 0 255 255 255 255
    255 0 49 0 125 0 0 0 255 255 255 255 0 0 104 0 0 0 0 177 0 255 141
    255 128 51 0 255 0 255 0 0 104 255 255 0 255 0 0 255 62 94 0 159 39
    87 255 92 0 255 154 255 255 216 255 0 0 255 255 255 0 121 255 255
    135 223 171 255 255 0 115 0 22 255 255 0 128 255 42 255 0 0 0 137
    255 255 255 255 0 0 0 0 0 255 255 255 85 0 0 0 158 0 40 0 0 7 255
    255 37 0 0 255 255 255 255 255 255 13 0 0 47 255 0 0 255 255 0 255
    255 0 0 0 0 255 0 255 255 255 255 0 0 0 135 255 0 0 0 0 22 0 255 0 0
    85 0 0 255 255 255 163 0 255 0 255 0 44 255 255 255 0 255 255 255 39
    45 0 0 0 0 0 0 65 0 0 0 168 0 255 255 255 243 255 255 0 255 0 115
    143 0 255 212 255 0 0 255 0 0 0 255 255 255 0 0 0 255 99 0 0 8 255 0
    255 0 239 0 255 86 128 0 0 0 0 255 255 255 255 235 255 47 0 0 0 99 0
    75 209 0 0 255 0 255 0 0 0 0 88 255 255 0 0 0 0 255 21 255 0 0 0 71
    66 255 0 255 0 27 0 255 0 255 0 97 255 255 255 0 0 255 225 255 0 67
    0 154 0 255 0 255 30 255 255 0 0 0 0 255 234 255 0 98 0 255 255 235
    96 80 0 165 0 0 255 202 212 255 239 0 0 0 0 255 28 255 0 167 0 255
    216 255 0 170 255 0 0 0 255 196 255 0 255 0 255 192 236 43 255 0 255
    0 0 0 255 255 171 0 0 240 15 0 255 0 255 34 255 0 255 126 33 255 139
    0 0 255 0 46 0 0 0 255 0 255 0 255 0 0 0 0 255 196 121 226 255 0 255
    255 235 0 0 0 191 255 53 255 255 3 0 255 0 255 255 0 0 0 0 0 0 255
    118 0 187 0 0 0 255 255 255 229 0 255 255 255 255 255 66 0 255 0 255
    0 255 255 255 202 0 0 0 0 255 255 255 29 255 157 255 0 255 255 255
    128 0 200 255 0 255 0 0 0 255 255 177 255 0 255 0 255 255 0 0 0 255
    255 125 0 218 255 142 255 0 255 255 255 0 0 255 255 255 186 255 0
    255 148 255 188 0 0 0 0 226 186 255 0 255 0 255 0 255 0 138 0 0 106
    255 255 97 255 255 255 0 0 0 0 255 171 0 100 255 255 255 88 0 104
    255 255 255 8 0 0 59 0 0 0 255 255 0 221 255 255 255 46 0 0 255 255
    255 0 0 255 188 255 255 65 0 0 255 124 0 241 0 255 255 255 0 255 255
    142 0 0 0 255 255 255 0 0 255 5 0 132 255 201 255 0 0 0 0 255 169 0
    255 0 0 0 255 255 255 255 99 0 0 0 211 255 0 255 0 0 218 0 255 255
    255 95 255 57 0 255 0 255 0 255 0 255 255 255 255 249 0 168 0 0 0
    255 233 0 106 83 0 0 0 0 0 255 19 0 0 255 255 255 0 118 249 255 255
    255 197 0 0 0 255 255 0 0 0 255 0 0 0 166 255 114 0 11 0 36 0 62 255
    255 255 0 0 0 0 0 137 255 0 255 196 255 255 172 255 0 103 127 0 255
    0 181 0 0 0 35 0 0 248 255 255 69 0 0 242 3 144 255 61 183 255 255
    255 124 255 0 0 255 255 0 225 0 0 91 255 0 27 255 0 0 0 255 255 255
    247 0 27 0 255 255 255 255 0 143 0 0 255 255 255 255 0 255 199 255 0
    255 0 255 255 255 0 94 0 0 255 255 0 255 255 8 0 0 255 0 255 169 255
    255 255 0 38 255 0 255 255 255 0 48 0 255 0 0 255 0 0 0 214 255 19 0
    255 0 64 0 130 255 255 0 218 255 250 0 0 0 255 0 57 184 0 0 0 7 255
    255 155 234 0 255 255 255 255 255 168 255 255 0 0 0 255 255 145 0 46
    255 1 255 58 151 0 0 0 0 255 109 255 255 255 0 0 0 255 0 52 0 255
    255 0 0 0 255 255 0 0 0 255 255 0 0 0 0 231 83 255 255 152 0 255 73
    200 98 255 255 0 195 0 255 0 55 255 0 255 255 255 0 255 0 255 0 255
    255 255 255 255 255 0 0 44 204 39 102 71 97 0 255 0 0 0 255 255 255
    0 0 241 255 37 0 0 37 0 186 0 52 0 0 0 255 0 0 0 0 255 255 0 0 0 255
    255 147 242 0 30 0 0 255 97 110 0 160 1 197 0 199 0 0 0 255 255 255
    164 255 255 0 255 255 255 0 0 224 255 255 70 255 0 255 0 255 0 255 0
    0 255 255 255 255 255 0 0 255 255 189 17 0 0 255 88 255 255 0 11 0
    191 255 255 255 0 255 255 255 235 29 0 255 0 225 0 255 140 0 0 96
    255 255 255 0 0 0 0 255 0 255 255 255 0 0 255 255 0 0 0 0 0 110 255
    90 0 0 0 0 0 0 255 25 172 255 255 255 0 0 162 0 255 255 0 0 0 255 75
    255 0 0 226 255 0 255 77 255 143 0 0 0 0 255 255 255 0 0 255 86 0 0
    0 255 255 255 255 0 255 179 255 0 0 170 255 0 255 0 255 0 0 0 255 0
    161 129 255 0 0 255 255 56 0 164 255 0 18 67 255 0 0 190 0 255 0 255
    255 255 255 0 255 179 0 255 255 255 255 0 255 0 255 255 0 240 0 0
    255 0 0 255 255 255 0 0 255 255 55 255 0 247 0 0 18 0 158 0 255 255
    0 0 0 0 76 0 255 255 255 255 255 0 255 255 0 189 0 255 224 0 0 0 255
    255 12 27 164 255 0 0 0 255 255 0 0 255 0 0 0 0 255 255 0 0 0 255
    255 142 0 0 255 255 192 0 255 255 62 0 0 255 255 0 255 0 0 255 192 0
    76 0 255 194 255 0 178 0 0 230 255 255 255 0 214 0 255 255 25 0 0
    183 255 255 255 0 255 245 255 255 255 0 69 159 211 255 255 0 0 0 255
    255 255 0 0 0 255 0 255 0 255 53 255 255 255 0 0 0 255 0 0 0 168 255
    255 255 255 0 0 35 255 255 95 0 0 0 255 33 255 255 0 0 255 255 29
    255 85 255 0 0 0 0 46 0 0 109 0 255 169 0 163 255 255 0 255 0 23 0
    255 255 0 0 255 255 0 198 0 255 0 0 46 255 255 255 255 207 138 255
    41 0 0 255 0 255 0 255 168 0 12 0 255 174 255 0 62 0 0 0 0 196 0 255
    255 255 255 0 0 0 255 0 255 0 255 255 255 255 0 0 255 0 255 168 60 0
    0 255 255 0 255 255 255 0 21 0 0 154 155 255 0 255 15 0 255 0 255 0
    255 255 255 0 0 4 168 86 255 255 255 255 0 0 255 0 255 0 53 0 255 0
    255 0 255 147 0 0 0 0 255 255 0 0 255 121 255 255 255 0 255 255 0 0
    0 255 0 0 223 70 255 255 255 255 0 239 0 255 0 0 0 255 255 0 0 255
    255 255 255 170 255 0 0 255 255 255 0 255 0 255 0 0 0 0 255 140 4 0
    0 0 255 109 0 0 112 255 255 0 0 0 0 106 144 0 255 0 255 255 208 5 0
    255 0 255 0 255 0 184 240 255 202 240 0 255 177 197 0 255 0 104 0
    255 255 255 25 0 152 0 9 0 26 255 0 255 255 255 0 0 0 34 255 255 255
    255 0 0 0 89 0 255 0 255 0 0 0 255 255 255 90 255 115 0 0 173 72 255
    0 226 0 0 221 0 0 0 0 255 255 234 0 0 255 255 255 255 0 255 0 255 0
    85 0 255 0 0 155 0 0 255 79 0 0 0 0 255 78 255 0 255 255 0 0 0 250
    255 255 0 255 255 255 0 255 0 255 255 255 255 0 77 0 255 255 255 243
    255 255 255 0 0 255 36 255 255 255 255 48 232 255 255 255 0 0 0 0 0
    255 255 172 255 0 255 227 255 0 254 255 255 0 209 255 255 255 0 0 0
    255 255 85 166 0 255 131 0 0 255 255 0 92 0 255 123 255 255 255 255
    0 0 0 0 210 255 244 41 0 255 255 0 199 255 178 255 255 217 255 0 0
    255 71 124 255 255 255 0 9 0 0 255 255 0 147 186 255 64 255 0 117
    255 0 255 0 255 0 255 0 255 0 0 255 0 255 245 122 0 0 117 238 171
    255 0 255 255 255 255 148 0 84 255 255 0 169 255 255 0 0 0 0 99 255
    215 0 0 123 0 255 207 255 255 255 53 0 0 0 0 212 255 255 0 0 255 222
    69 255 255 255 255 0 0 255 255 157 255 0 0 0 255 196 157 57 255 119
    0 224 255 0 0 0 63 238 255 0 255 0 255 255 0 0 0 0 255 255 0 104 171
    255 119 0 81 0 255 105 255 24 0 0 255 0 0 224 52 55 0 127 211 255
    255 0 151 255 0 255 0 255 255 0 0 0 255 0 108 0 0 80 0 193 0 255 255
    166 0 255 186 255 0 0 0 255 255 255 0 84 0 0 37 0 216 255 0 255 255
    42 194 255 198 0 255 255 255 56 255 255 255 255 255 63 0 255 0 255
    255 0 0 255 255 255 255 0 255 255 0 240 0 0 255 255 255 255 0 0 0
    255 0 255 0 255 0 0 255 0 255 255 218 255 175 255 0 255 0 51 255 212
    255 141 255 0 255 0 255 0 255 255 255 238 0 0 0 255 0 0 255 0 104 0
    0 0 0 0 255 255 255 24 255 255 243 0 255 168 0 0 0 255 255 255 37 0
    0 0 255 255 255 0 151 0 255 255 251 0 4 219 0 0 255 149 131 0 255 0
    255 255 19 0 43 0 155 255 0 190 0 255 234 18 65 255 0 104 0 255 0 0
    139 255 255 197 255 255 0 0 120 0 103 255 255 0 0 0 255 0 244 154 0
    42 118 255 0 0 255 189 255 0 22 255 255 255 0 255 0 255 225 157 0
    255 255 0 255 0 255 6 255 0 255 255 0 255 0 255 213 0 0 0 0 255 255
    122 255 0 255 0 255 0 0 255 169 255 255 255 0 0 0 255 0 0 92 0 15
    213 0 255 62 255 0 72 251 255 255 255 0 0 0 255 27 174 255 255 255
    255 0 0 255 44 0 0 255 255 0 0 255 255 255 255 255 0 0 0 0 0 255 255
    255 151 255 0 0 255 255 0 212 255 0 255 0 255 0 255 70 255 0 255 0 0
    0 0 255 0 232 255 192 255 0 255 255 255 89 0 223 0 0 0 0 255 135 0 7
    89 255 0 0 121 2 255 0 201 0 255 255 0 0 0 255 255 255 0 0 255 255 0
    29 255 255 0 255 255 255 255 139 0 0 255 0 255 0 0 0 255 255 255 0 0
    0 246 255 226 0 0 57 153 255 255 255 255 77 255 154 0 0 169 255 172
    0 0 255 255 255 255 0 0 0 0 0 255 0 223 0 255 255 182 255 0 255 255
    255 255 255 0 255 0 0 0 0 0 255 255 255 255 116 71 76 255 255 255
    255 0 0 28 255 255 81 139 0 123 0 116 0 255 0 255 0 0 255 255 0 239
    0 255 0 0 152 255 52 255 255 255 20 255 255 255 0 0 125 255 255 255
    0 0 0 0 255 0 0 180 171 255 255 0 0 0 255 255 174 255 0 0 0 255 162
    0 0 87 255 0 71 8 0 255 255 255 0 0 139 202 0 255 255 255 115 0 0
    255 255 255 0 255 0 255 0 0 0 115 255 235 0 255 255 255 69 0 255 0
    155 233 0 33 0 255 0 0 0 135 0 255 255 255 0 0 255 255 255 153 211
    27 0 255 255 255 0 0 0 255 0 255 154 0 0 112 0 255 255 255 0 0 0 0
    255 255 255 255 0 0 255 0 0 0 0 204 255 255 255 28 133 0 255 255 240
    0 66 0 255 0 255 246 0 32 255 161 0 255 95 255 133 255 0 255 255 0 0
    0 255 255 255 0 36 0 66 255 0 255 38 0 255 255 255 0 0 0 255 0 0 0
    255 255 0 255 0 255 255 0 255 255 0 0 255 0 214 0 0 255 71 97 0 0
    142 0 255 0 0 255 255 255 0 0 0 0 0 255 255 255 255 0 0 255 148 255
    0 24 255 255 255 12 28 107 174 0 255 0 12 184 0 255 0 255 0 0 0 0 0
    255 255 136 255 255 167 0 255 0 57 255 0 56 0 255 255 255 255 255
    255 255 0 255 102 255 255 255 0 0 25 9 0 0 255 255 0 0 200 140 100 0
    0 178 255 186 255 0 255 15 255 0 255 255 255 255 0 0 0 255 98 255 0
    255 0 0 0 255 255 255 255 0 255 218 230 0 255 0 255 226 0 0 255 0
    255 0 0 132 255 0 255 0 255 255 255 0 255 0 255 0 80 0 0 255 255 255
    0 0 0 255 0 189 60 0 198 0 220 57 63 255 0 218 0 0 255 0 101 0 255
    255 104 0 0 255 155 255 0 0 0 255 0 255 0 255 30 0 0 0 255 255 255
    255 25 255 255 255 0 0 0 255 134 255 0 0 0 222 255 255 255 180 255 0
    255 0 255 0 0 0 0 0 0 0 0 0 255 0 255 58 0 135 255 0 0 0 255 255 15
    0 0 255 255 0 229 192 255 33 255 255 255 0 0 33 255 115 0 0 255 255
    255 0 0 255 255 255 0 95 0 255 255 0 0 255 150 255 255 102 255 0 0 0
    255 143 0 0 255 255 255 41 0 0 0 255 255 255 255 0 255 255 0 0 138
    13 244 188 148 255 255 59 70 9 0 22 0 255 255 255 155 255 255 0 0
    209 255 255 0 255 255 255 0 0 255 255 255 0 255 2 0 0 0 0 255 0 255
    0 255 0 255 0 255 255 186 82 0 0 189 255 0 0 255 255 255 0 24 0 255
    0 96 255 255 255 0 255 255 0 0 0 255 0 255 255 0 0 0 0 255 0 255 0 0
    255 255 0 255 177 255 216 255 0 0 255 0 255 0 0 255 255 255 255 0
    126 0 255 255 0 0 0 255 255 240 255 0 255 0 255 0 255 255 255 0 255
    0 198 0 0 0 255 195 228 0 216 255 0 255 255 255 255 0 0 0 186 62 0
    255 255 255 255 0 0 0 0 255 255 0 0 0 0 84 255 58 255 180 0 0 0 255
    255 255 0 255 0 0 0 255 255 0 0 255 0 255 255 255 255 0 0 255 255
    255 0 73 0 255 255 0 0 255 0 130 0 0 255 0 255 255 255 0 255 255 0 0
    54 255 255 0 0 0 255 255 255 0 0 0 0 255 255 255 0 255 0 0 1 0 255
    255 255 83 0 118 0 255 255 0 51 0 0 0 155 255 0 0 255 255 224 0 0 0
    0 255 0 0 255 0 255 255 255 0 0 255 0 255 255 255 0 230 0 255 255
    217 0 0 255 255 255 0 255 90 255 0 255 0 255 255 255 255 0 13 0 16 0
    255 255 255 255 0 255 0 0 0 80 255 60 255 231 0 0 0 255 255 255 255
    0 255 0 0 0 255 255 255 34 255 0 255 255 220 0 0 255 0 255 0 0 0 136
    255 0 191 0 0 255 255 255 0 0 0 255 255 161 0 96 255 95 0 0 255 0
    255 255 0 0 0 0 0 0 0 255 255 0 0 160 216 0 255 255 0 255 0 255 0
    255 0 255 0 0 0 255 255 220 0 0 255 0 255 0 169 0 0 0 255 255 0 0
    255 255 0 0 0 255 0 0 255 0 24 255 255 255 0 255 223 0 0 0 25 0 255
    68 255 255 0 255 0 255 0 255 0 255 255 255 121 255 128 255 255 255
    255 255 0 255 90 0 255 255 255 0 139 0 86 255 255 0 0 255 0 255 0
    255 0 26 39 255 135 0 145 0 255 193 75 255 0 255 237 255 0 0 255 255
    255 0 0 71 181 0 0 165 0 62 232 255 0 255 255 13 0 0 0 0 255 255 0 0
    0 0 0 0 0 255 255 236 0 255 0 255 0 255 0 0 255 255 255 0 255 176
    141 0 85 195 255 255 0 0 0 255 0 255 0 0 255 0 255 0 255 255 255 0 0
    255 255 255 1 0 0 125 0 0 0 255 0 255 255 0 255 0 0 255 98 0 255 0 0
    0 0 255 255 95 0 0 79 255 255 0 206 192 255 255 64 191 0 0 0 0 255 0
    255 221 255 33 0 0 255 255 255 0 0 255 0 255 0 255 255 0 255 0 0 0 0
    0 255 255 255 0 0 0 0 255 188 71 192 0 255 0 255 0 255 0 0 0 255 255
    255 0 0 0 255 0 225 255 194 255 0 52 0 255 205 0 255 255 255 255 0
    255 0 255 3 255 255 0 11 188 255 255 0 0 0 0 255 255 255 255 255 0
    255 0 0 0 0 0 255 0 93 255 255 235 0 255 38 191 255 255 0 255 255
    255 0 0 4 255 255 0 177 255 255 0 0 0 0 202 255 255 6 255 0 255 107
    17 255 255 0 0 0 255 255 254 0 0 0 255 255 215 0 255 0 240 255 255
    67 0 0 255 255 0 255 0 187 0 232 0 0 0 255 0 255 0 255 0 255 0 0 0
    255 255 161 0 0 0 13 255 219 255 255 255 0 10 0 0 255 59 85 255 0
    197 0 255 255 98 0 0 255 118 255 255 0 0 0 48 255 209 137 0 0 0 255
    0 0 255 255 0 0 255 0 0 0 255 60 0 0 37 0 0 255 36 0 255 0 255 0 255
    143 255 6 0 255 255 255 255 0 0 0 0 255 255 124 255 255 255 163 255
    0 183 0 255 0 0 0 0 255 255 52 0 0 0 0 198 255 22 44 26 89 255 255
    255 92 85 255 0 0 0 0 0 255 255 255 0 0 0 255 255 0 255 0 255 0 0
    165 0 144 255 0 0 21 38 255 128 255 252 0 0 0 0 0 7 255 255 32 0 41
    0 0 235 0 59 107 255 255 0 255 0 255 46 0 0 255 255 255 255 243 132
    0 21 102 0 38 255 0 255 255 0 0 135 255 255 255 7 255 0 232 255 255
    207 255 255 0 0 0 255 255 31 255 104 0 0 55 0 255 7 255 255 255 0 0
    0 255 0 0 255 255 0 0 255 255 0 0 255 255 0 0 28 255 0 185 0 180 255
    0 90 0 0 0 125 255 108 255 255 0 255 0 22 229 20 216 235 255 226 255
    214 0 0 65 0 228 80 0 0 0 255 255 45 255 6 0 0 0 0 255 0 255 154 169
    255 2 0 0 255 255 38 255 0 255 0 0 0 255 255 255 0 0 0 0 166 255 0 0
    0 255 0 25 125 255 0 255 0 255 0 255 140 255 0 89 192 255 255 0 255
    0 255 255 255 255 0 0 255 255 255 234 255 247 16 255 255 0 246 255
    255 0 0 244 255 255 123 0 37 0 0 220 255 0 255 247 255 255 150 0 0
    204 0 0 255 255 255 0 194 0 0 0 255 239 255 255 0 0 255 0 0 255 255
    255 0 0 19 255 255 0 0 255 255 255 206 6 255 255 0 255 9 255 0 68 0
    255 60 123 255 255 255 0 255 0 0 0 255 0 0 0 0 255 0 255 0 255 0 0 0
    255 255 255 0 0 0 0 255 255 0 129 0 0 255 75 255 255 0 255 255 0 255
    255 255 255 251 0 255 175 0 125 0 27 249 255 255 255 0 255 110 255 0
    0 0 255 255 255 255 0 242 255 0 255 255 0 122 0 255 255 255 255 255
    255 0 0 0 12 255 0 0 255 100 255 0 0 0 0 0 255 7 255 0 0 240 255 0
    255 255 255 255 255 0 255 255 218 0 255 255 255 133 0 255 0 0 0 255
    255 255 255 84 0 0 0 0 0 161 141 255 0 148 127 255 0 255 51 0 0 0
    255 255 255 27 255 18 0 194 164 255 0 255 0 0 83 227 255 255 0 0 0
    255 255 131 255 0 70 198 0 0 255 255 211 0 0 255 0 26 0 255 255 255
    105 255 255 148 0 0 255 103 17 141 255 255 255 0 0 0 255 255 29 255
    0 0 255 0 0 0 255 255 6 0 0 255 255 0 0 255 220 255 0 79 255 255 0 0
    81 0 255 255 255 0 0 0 0 255 0 0 0 255 110 255 91 255 26 0 255 144 0
    0 255 40 255 0 85 0 255 0 198 130 255 255 0 25 122 142 0 167 35 255
    149 255 0 0 255 0 255 255 255 0 255 57 255 0 194 4 255 0 0 0 174 29
    0 0 255 160 244 0 0 255 0 255 0 255 255 0 249 138 255 255 255 0 0 0
    255 147 255 255 69 42 33 0 255 255 255 60 224 255 255 255 0 255 255
    52 255 255 0 0 0 255 255 255 143 255 0 0 0 0 255 255 255 255 0 255 0
    255 0 255 0 70 255 164 255 0 227 242 7 0 0 0 209 0 255 96 255 0 0
    255 255 0 0 0 255 71 0 0 0 0 255 255 255 255 255 0 0 0 255 255 0 255
    255 255 0 0 255 182 0 0 0 255 255 0 255 0 0 255 255 255 255 0 0 0 0
    0 255 0 255 255 47 0 255 0 255 0 103 0 255 255 0 120 186 255 0 0 0
    255 255 255 0 0 255 255 0 255 255 255 0 255 0 192 0 15 255 255 0 255
    255 0 255 0 255 0 0 255 255 255 195 255 255 0 0 255 255 255 0 0 255
    255 219 0 255 0 151 0 0 186 255 0 255 255 255 0 0 67 179 0 255 0 0 0
    255 255 0 254 255 255 0 248 255 255 0 87 255 255 0 0 0 0 0 0 0 0 255
    0 148 0 243 0 255 72 255 34 255 0 2 44 0 255 255 255 205 0 0 249 255
    255 0 255 255 0 0 0 255 255 0 70 255 0 110 0 255 111 0 255 198 255
    255 255 0 0 24 255 0 255 255 255 15 255 0 255 0 255 248 0 0 0 255
    141 147 255 255 255 0 165 0 255 197 255 0 0 255 255 255 0 104 255
    244 89 0 0 255 157 57 0 133 244 255 0 132 98 255 255 0 0 57 255 175
    255 255 255 255 0 34 255 0 255 52 0 255 0 255 0 0 0 0 255 255 10 0
    255 0 0 0 255 0 0 0 255 0 0 255 255 255 0 0 53 0 0 255 107 255 0 0 0
    162 255 255 0 32 0 221 117 0 0 255 255 0 0 255 255 0 0 0 41 36 141
    255 255 0 0 255 255 233 197 255 0 0 193 0 255 0 255 0 255 0 255 0
    255 69 0 255 0 255 0 0 0 0 255 255 0 255 255 0 0 0 255 236 255 255
    255 233 0 140 255 43 162 0 0 255 255 0 0 17 0 255 255 255 0 0 255 28
    255 228 255 255 0 0 0 36 255 255 54 0 38 0 93 255 0 0 255 255 0 255
    0 255 68 255 255 255 0 63 0 154 0 255 255 255 0 0 0 255 255 255 0 0
    0 255 255 255 255 255 110 14 113 255 0 199 0 255 255 255 0 0 0 0 253
    255 169 0 255 252 255 255 246 255 255 255 184 255 255 0 255 0 255
    255 31 0 255 0 0 200 255 255 0 0 255 0 255 0 255 0 0 255 0 255 255 0
    255 0 255 0 255 255 255 255 0 0 0 255 255 255 156 171 0 255 0 255 0
    255 0 255 0 255 126 0 0 255 0 0 0 255 255 255 255 0 0 113 0 223 0
    252 255 255 255 0 0 14 0 255 149 148 146 0 255 2 255 75 0 159 164
    255 255 255 0 255 0 255 132 255 255 255 195 255 0 255 255 255 0 0 0
    52 75 0 255 255 0 0 0 130 0 255 0 255 0 137 11 255 0 255 0 0 0 255
    255 255 0 0 255 255 105 255 255 255 0 0 0 0 245 101 255 0 255 170 0
    0 0 255 255 255 202 255 0 255 0 0 0 255 255 0 255 177 0 210 0 255
    255 70 255 164 0 255 0 255 255 255 153 0 78 255 255 127 0 132 255 0
    255 0 111 0 234 0 255 255 255 48 255 255 255 159 0 0 14 0 226 255
    255 0 255 255 0 255 0 0 0 0 0 255 255 0 0 68 255 0 0 7 0 0 255 255
    255 255 175 0 0 0 0 0 237 193 0 0 255 111 160 0 255 255 0 87 0 255 0
    0 0 255 255 0 0 0 0 255 0 0 255 0 255 0 0 0 255 0 255 255 255 40 0
    213 255 0 255 0 255 105 255 0 74 255 255 255 181 255 0 255 125 255 0
    117 0 255 0 136 0 255 255 122 95 0 0 191 0 255 225 0 0 255 255 255
    164 0 255 255 0 255 0 0 0 0 255 255 255 255 0 0 0 255 255 204 255 0
    255 0 255 255 0 0 72 214 0 255 255 255 255 0 0 255 255 255 0 255 0
    255 0 221 0 255 0 0 40 160 255 0 0 255 0 16 0 255 255 255 255 255 0
    0 0 255 255 0 0 0 255 0 255 0 154 0 51 255 255 0 0 0 255 231 255 123
    0 0 0 255 255 255 0 0 255 0 255 33 187 0 0 255 0 0 0 255 255 255 0
    255 0 255 0 0 0 255 0 255 0 255 138 255 255 255 0 0 0 0 0 0 0 255
    255 255 255 0 0 48 0 255 255 205 0 16 70 40 0 0 2 255 255 0 255 255
    255 36 0 255 0 0 0 29 0 255 29 255 0 255 255 255 0 255 255 255 0 0 0
    255 0 182 217 255 0 6 255 255 171 108 0 255 0 255 255 255 255 0 255
    255 194 252 0 0 255 255 0 255 0 255 0 0 255 255 255 0 0 255 255 255
    0 0 0 213 0 255 0 0 0 226 0 0 0 0 255 255 0 255 255 0 0 255 70 255 0
    170 0 0 255 100 80 255 255 0 0 215 255 0 0 255 119 20 0 8 0 40 87 41
    255 0 255 255 0 255 0 255 0 255 255 255 160 92 0 0 255 255 0 0 0 205
    255 255 255 0 255 0 0 0 255 102 255 255 0 0 0 255 169 0 0 98 0 255 0
    160 0 255 190 0 173 139 255 255 186 0 238 0 255 255 248 0 215 0 255
    255 0 0 0 255 255 255 0 79 97 255 255 255 255 255 255 0 255 172 255
    0 255 0 0 0 255 255 255 0 59 0 0 255 255 0 0 0 255 255 255 255 255
    255 0 0 255 255 91 45 0 0 0 255 255 0 255 0 0 20 255 255 0 0 0 255
    255 255 0 0 255 255 0 0 0 255 255 87 0 0 0 232 255 136 255 255 92 0
    0 0 255 255 255 0 0 0 0 255 255 223 0 0 9 255 216 255 109 0 0 0 255
    255 255 0 0 0 0 255 255 255 163 0 255 255 45 0 255 255 0 255 255 70
    0 0 255 255 255 57 255 0 0 0 255 0 0 0 0 255 79 255 255 255 255 0 0
    255 255 0 0 255 255 255 0 255 107 255 255 255 255 29 255 255 115 0 0
    79 255 180 0 140 109 0 0 255 0 255 28 255 255 85 0 208 0 255 0 36
    141 255 255 0 0 255 64 222 0 255 0 255 41 255 0 255 255 0 255 41 255
    255 0 0 0 255 255 0 152 255 0 0 255 255 255 182 255 0 255 0 0 51 255
    255 0 0 255 0 255 255 0 0 0 119 0 154 255 240 0 255 255 255 0 255
    255 255 103 0 255 0 255 152 0 0 255 255 255 255 114 47 255 255 255 0
    255 0 255 0 255 255 0 0 255 0 237 0 0 0 255 255 58 224 0 255 255 92
    51 0 0 255 0 255 255 0 0 0 255 0 255 0 255 0 119 47 255 255 255 0 0
    255 0 255 0 255 157 255 170 0 0 0 255 255 255 0 0 0 255 255 255 255
    0 199 255 0 0 0 255 255 157 56 0 255 0 255 255 255 0 255 0 255 2 255
    0 0 255 255 255 255 0 255 255 255 0 0 255 255 20 0 38 0 255 255 0 0
    255 255 255 29 0 0 255 255 255 0 0 255 255 255 255 0 255 0 47 0 0 0
    0 255 108 255 236 0 87 168 255 255 160 74 0 0 255 0 255 0 255 182 0
    0 0 0 210 168 255 225 255 255 255 255 255 43 255 0 0 0 255 255 0 0
    255 255 255 0 0 255 115 255 0 213 0 215 50 255 154 0 0 5 0 255 188 0
    255 74 32 0 64 164 255 255 0 0 57 0 255 255 112 0 0 255 255 0 0 255
    198 164 0 0 18 0 168 0 255 245 255 255 0 255 0 0 255 66 255 255 121
    0 104 255 86 0 0 0 255 255 0 0 58 200 255 0 0 0 255 255 255 187 255
    255 255 16 0 0 203 0 46 0 223 221 255 12 255 50 255 0 0 0 190 255
    198 255 255 255 255 0 255 0 192 0 0 255 0 255 0 255 0 255 0 255 227
    0 0 0 0 255 0 221 104 255 46 0 30 0 0 255 255 255 255 0 0 0 173 0
    255 0 255 0 0 0 255 255 255 0 255 137 0 0 0 255 255 72 0 0 255 0 211
    0 0 141 0 204 92 188 0 255 255 255 0 0 255 0 255 255 255 255 0 0 0
    255 255 255 199 0 0 157 108 255 88 255 255 255 255 255 0 0 0 255 177
    27 255 255 255 239 233 0 255 0 255 0 255 0 255 0 255 0 255 183 255
    88 255 255 255 255 0 0 0 0 0 255 0 0 0 255 255 0 255 0 255 52 255
    218 0 0 0 255 250 255 0 243 54 95 136 255 109 255 255 255 0 255 205
    245 55 255 177 255 0 178 0 255 0 255 0 0 255 0 0 0 255 255 255 255
    162 220 255 255 255 255 255 0 0 0 26 255 0 255 0 246 0 255 112 255
    255 0 255 88 59 0 0 0 0 96 0 255 0 0 0 255 0 20 0 255 0 102 0 0 168
    255 255 255 29 255 255 57 0 0 0 255 255 172 0 255 255 89 0 0 10 0 0
    0 255 255 0 0 0 87 255 0 255 137 255 0 0 38 255 0 255 0 18 0 255 0
    255 172 195 255 0 255 0 0 73 0 255 255 191 255 255 255 0 255 255 45
    0 0 0 0 255 199 255 0 51 255 0 255 255 255 0 104 0 255 255 255 255
    78 255 0 0 234 0 0 255 0 255 0 44 0 255 0 255 0 255 181 236 255 255
    255 0 0 141 0 255 255 255 69 176 19 121 144 0 0 255 255 0 255 255 0
    0 0 255 148 255 185 0 0 255 255 197 0 255 111 255 255 0 255 76 255 0
    255 255 125 11 255 0 0 0 250 255 255 36 0 131 0 255 0 0 255 255 0
    255 0 255 28 59 255 0 255 0 244 0 0 255 255 255 95 255 0 255 0 0 255
    255 0 255 32 0 0 255 255 255 0 255 255 255 89 0 251 0 255 255 255
    255 0 0 0 18 255 255 255 0 0 0 255 0 0 0 255 0 255 0 255 0 236 251
    255 23 0 0 0 255 195 0 0 255 80 255 0 0 255 255 0 0 255 255 0 0 0 81
    255 0 138 0 255 255 0 0 0 155 255 80 255 0 255 120 210 0 0 255 255 0
    255 255 219 255 0 209 0 0 0 0 255 255 52 0 0 255 0 255 0 0 253 255
    255 186 0 0 0 255 255 0 0 0 255 255 84 255 0 255 0 0 255 255 245 0 0
    16 255 0 255 255 0 0 255 0 0 0 255 0 0 0 0 255 136 255 0 0 71 232 0
    0 255 255 255 0 0 255 255 255 0 255 0 0 255 0 0 0 255 255 0 255 114
    0 12 196 255 255 93 255 129 255 255 255 147 0 255 0 214 255 200 0 0
    173 0 255 255 94 0 88 0 255 123 255 0 217 0 0 0 0 0 0 0 140 255 0
    255 238 255 0 57 0 0 0 255 0 0 143 255 255 0 126 76 253 255 0 244 0
    255 255 255 0 0 255 255 49 255 0 255 255 255 0 51 0 255 0 255 255 98
    255 255 0 255 0 255 255 128 255 255 0 255 255 255 0 205 27 255 0 0
    141 255 0 128 0 106 255 0 0 255 59 0 239 255 255 72 0 0 255 149 255
    0 0 0 255 255 238 181 255 255 0 0 0 255 0 0 0 255 0 255 0 151 205 63
    0 0 12 255 0 0 255 255 255 0 0 255 0 76 0 255 255 255 0 0 217 255 0
    0 105 255 0 0 0 255 255 255 0 0 144 255 255 255 49 110 0 0 255 255
    174 234 0 0 0 255 255 255 255 255 37 0 164 121 255 0 63 214 0 0 0 0
    255 71 0 0 0 255 0 255 255 255 0 255 255 255 255 0 255 255 255 0 148
    0 173 255 0 0 255 255 0 255 0 255 215 255 0 0 0 255 255 63 255 0 0 0
    255 133 255 255 0 0 0 0 119 132 255 255 0 0 0 255 255 134 212 0 69
    255 0 0 0 255 0 0 0 0 113 255 255 255 255 0 129 0 255 49 255 0 117
    81 255 255 0 146 0 255 255 255 0 0 255 0 132 255 255 255 12 0 0 0 0
    199 0 255 0 255 0 255 160 255 0 31 0 0 90 255 255 255 97 255 0 255
    255 255 255 91 0 0 0 255 255 0 0 255 255 255 21 255 0 0 223 255 255
    255 255 0 0 0 0 0 255 255 255 0 255 0 255 255 190 255 255 255 0 0 0
    145 255 0 86 255 255 0 110 0 255 0 26 255 255 0 0 0 106 128 170 242
    255 87 255 255 255 255 237 0 255 213 255 0 231 62 198 215 205 234 0
    202 255 255 0 255 0 252 0 255 255 255 0 87 0 0 241 255 107 255 0 255
    255 0 255 0 0 52 0 0 170 255 255 237 0 255 69 4 0 112 255 0 255 0
    255 0 0 255 255 0 0 0 255 255 0 0 255 0 255 0 0 0 135 0 255 255 224
    255 255 255 0 255 0 169 174 255 255 255 0 255 173 125 0 255 0 21 255
    0 255 255 255 0 0 0 255 127 255 210 0 0 0 55 102 0 46 0 255 0 0 0
    255 255 255 32 255 0 255 2 0 0 255 0 255 255 213 0 0 0 115 212 255
    255 0 112 0 0 255 255 0 0 0 165 0 35 0 0 255 153 169 211 0 0 0 0 0
    96 255 255 0 0 99 126 255 0 255 255 0 0 0 255 255 255 23 0 125 255
    255 0 255 122 255 255 255 104 0 0 255 255 255 255 255 0 0 255 255
    255 0 17 255 255 255 59 0 218 0 255 0 255 0 60 255 255 255 0 255 0
    90 220 255 255 255 0 0 255 255 255 140 0 24 0 168 0 75 226 255 255 0
    0 255 0 255 0 0 255 0 255 95 255 255 0 0 255 142 255 0 255 0 255 0 0
    255 255 255 0 0 255 255 255 0 0 0 77 0 255 0 255 173 255 68 0 86 255
    255 255 0 0 255 188 0 0 0 255 255 255 0 0 255 0 0 84 235 0 255 42 81
    0 255 255 255 255 255 190 255 0 0 0 147 227 255 0 255 255 0 137 0 0
    0 76 0 255 255 0 255 0 255 0 0 255 255 50 255 91 106 0 0 0 255 70
    255 0 0 0 255 255 0 225 0 255 255 255 117 0 0 255 255 137 0 0 215 0
    0 255 196 255 255 255 0 0 0 82 0 255 34 0 255 0 123 255 217 255 0 0
    0 255 255 0 0 255 255 0 255 255 180 255 0 0 0 105 255 1 0 0 255 0
    186 0 0 255 0 255 255 0 0 110 0 255 0 255 255 0 255 255 255 0 0 0
    255 0 0 0 0 255 0 255 162 255 218 9 255 255 255 0 0 0 255 255 255 7
    186 0 0 255 255 0 255 255 255 0 0 0 255 0 255 0 0 0 0 255 255 255 0
    0 255 46 255 0 0 183 255 170 255 255 0 0 0 255 255 239 0 255 0 0 0
    255 255 255 0 0 0 190 58 0 255 255 255 255 193 0 0 0 255 255 255 214
    102 0 45 255 255 8 11 255 255 0 254 0 232 0 0 40 255 255 0 255 255
    255 80 2 0 9 208 255 0 255 255 255 0 253 0 255 0 255 0 255 0 255 0 0
    0 255 0 255 0 255 255 146 193 255 210 255 0 0 0 89 255 0 255 26 0
    246 212 255 124 206 0 255 123 255 255 0 255 0 255 0 0 5 255 0 29 255
    255 0 226 255 0 0 0 15 255 0 255 146 0 255 0 236 129 255 0 255 0 0
    213 0 0 137 255 255 0 38 0 243 122 255 0 0 0 0 0 0 255 255 0 255 0
    255 57 255 187 167 185 255 0 255 255 255 0 0 0 255 255 0 0 45 255 95
    255 0 0 155 0 255 0 255 255 255 0 0 255 0 35 207 255 67 0 255 0 0 0
    255 255 0 112 0 255 0 255 0 0 255 255 255 255 255 0 0 0 255 255 255
    255 0 255 0 255 0 255 255 255 255 0 255 0 82 0 255 255 0 0 255 255 0
    255 248 255 0 0 255 255 96 0 0 255 0 210 0 223 255 255 0 255 0 0 0 0
    255 255 255 33 255 0 192 255 71 0 255 196 255 0 17 255 0 0 255 255
    255 0 0 255 108 240 226 0 172 87 0 255 255 120 0 250 255 255 0 0 0 0
    255 0 255 0 255 0 255 255 255 0 0 0 255 255 135 0 255 255 0 255 0
    255 212 0 255 39 255 0 0 0 0 255 0 248 0 255 0 255 0 255 255 255 0
    255 0 255 109 255 0 0 42 0 255 146 255 0 255 250 255 255 255 86 0
    162 255 255 12 16 0 255 247 255 0 0 153 180 255 0 67 0 72 0 255 211
    143 0 0 0 255 255 255 0 0 255 0 255 255 0 0 255 255 255 0 51 0 62
    136 255 255 255 0 255 255 255 77 255 0 255 98 255 0 0 218 255 0 0
    255 255 255 255 0 0 255 103 157 255 0 0 0 255 255 255 82 0 0 212 255
    0 0 0 0 52 255 255 0 0 0 255 19 255 255 255 0 255 227 255 0 174 0
    116 0 255 0 255 255 255 255 9 255 255 177 0 255 255 232 21 6 255 0 9
    79 188 0 0 0 255 0 255 225 164 255 182 255 180 0 0 0 211 255 255 0
    255 0 255 255 255 255 255 0 235 48 69 0 255 0 255 0 255 0 255 14 255
    0 255 0 0 0 255 102 255 0 255 0 255 0 255 255 0 0 39 255 0 210 60 0
    255 255 0 0 62 255 0 7 0 0 255 220 0 0 211 255 0 255 0 237 0 255 126
    255 140 0 0 0 255 0 255 255 255 255 0 255 255 255 255 0 255 0 255 0
    255 218 0 255 255 255 255 0 0 255 162 100 0 0 0 0 255 0 78 0 0 0 0
    255 255 0 0 0 0 255 255 255 255 0 255 0 0 0 255 0 255 0 255 0 255
    144 255 255 255 67 255 239 255 0 255 0 0 255 255 226 0 0 0 255 255
    51 0 0 255 255 0 0 0 255 79 255 255 0 0 0 255 255 0 0 0 255 0 255 0
    0 0 255 255 216 0 255 0 255 0 144 0 223 3 255 255 255 255 0 0 0 161
    255 0 0 255 0 255 0 255 0 0 255 255 126 193 0 255 0 129 255 255 255
    0 255 0 179 255 81 255 44 0 0 255 255 0 255 0 255 255 255 0 255 0
    102 0 165 255 255 231 0 255 255 53 0 187 0 255 0 0 198 213 41 0 255
    0 0 0 0 0 140 255 255 255 0 0 255 255 255 0 0 0 255 0 255 0 255 0 80
    0 255 0 255 0 0 0 180 89 0 0 22 0 0 0 0 255 0 142 150 255 255 255 27
    255 197 255 0 255 0 255 255 255 0 255 0 255 0 255 0 0 255 194 255 5
    0 255 255 255 0 224 0 255 0 255 255 255 0 0 0 33 33 0 0 0 255 0 255
    52 255 255 255 0 0 168 255 186 0 0 184 185 255 6 0 165 164 209 0 0 0
    191 255 255 227 255 255 0 0 255 0 255 0 255 210 255 0 0 0 255 255
    255 255 255 255 224 0 0 255 255 180 0 34 47 255 0 0 0 255 0 181 0
    255 255 0 46 0 225 45 255 255 0 239 255 0 0 255 255 0 0 0 104 0 0
    164 255 255 168 29 208 223 255 255 0 0 255 222 250 255 0 0 0 255 255
    0 0 0 233 255 255 135 0 0 148 160 255 0 0 0 0 255 255 198 252 0 53 0
    255 0 0 0 149 255 255 255 0 255 0 255 0 0 0 0 255 101 255 181 0 0
    255 255 255 0 11 0 0 231 255 255 229 0 255 0 255 0 255 0 3 0 118 98
    255 255 0 0 255 0 129 33 255 255 255 255 0 0 143 0 0 255 3 0 0 0 0
    255 255 250 255 0 255 0 0 0 255 255 255 0 0 0 62 0 84 40 35 116 0 0
    255 0 255 0 255 255 0 255 255 0 0 115 255 255 0 0 229 255 255 0 0 0
    255 255 0 0 0 255 0 132 255 103 0 255 253 255 196 0 0 38 255 68 64 0
    0 0 29 255 0 0 0 255 255 0 0 0 0 0 156 0 255 255 255 255 0 0 0 146
    255 255 87 255 214 255 0 0 0 207 0 0 0 0 121 0 248 22 87 238 171 0
    255 0 0 255 0 255 0 255 0 255 0 121 0 0 0 255 255 255 255 30 255 0
    255 0 0 0 255 255 255 0 0 0 0 255 0 129 0 255 0 255 213 0 255 171
    255 0 0 0 255 255 255 0 0 255 0 0 0 255 0 133 255 0 255 255 0 161 0
    255 0 0 0 48 255 168 74 141 255 130 0 0 0 47 94 255 0 255 0 255 0
    255 0 255 0 0 255 255 255 0 0 78 255 255 255 0 230 255 165 101 0 0 0
    255 0 0 255 0 255 255 0 0 0 77 137 255 255 0 0 0 0 0 255 255 255 0 0
    255 21 133 0 12 0 220 255 255 255 0 255 0 255 85 0 0 255 255 255 213
    255 255 0 0 255 0 255 0 0 81 0 113 255 255 255 0 0 0 255 0 0 197 183
    255 0 255 0 0 0 0 0 0 115 253 92 39 180 255 0 90 255 0 0 0 0 255 255
    255 0 194 0 255 255 255 255 0 0 0 255 0 255 235 84 0 220 255 255 255
    255 0 23 255 199 0 0 255 255 255 255 217 255 255 0 0 0 255 0 6 0 255
    255 0 0 167 255 255 0 0 255 0 255 0 255 220 0 64 255 255 255 254 0 0
    79 161 0 255 255 255 0 0 0 255 255 255 0 69 224 209 255 255 0 0 255
    0 255 0 0 211 255 255 255 0 255 0 255 255 255 255 0 0 0 255 0 0 0
    255 0 61 255 56 0 255 255 255 0 233 0 255 0 0 255 255 255 255 58 0
    46 238 255 178 32 0 0 39 255 76 0 248 143 255 255 136 255 255 255
    255 0 0 175 255 255 255 154 255 0 27 255 255 254 255 255 100 34 0 0
    255 29 255 255 255 255 172 0 0 0 226 255 71 255 0 0 0 48 0 255 255 0
    0 0 113 0 255 0 0 255 255 255 0 255 0 255 165 255 0 141 255 255 255
    0 0 0 255 255 255 0 0 189 255 0 0 0 255 255 255 0 0 255 64 0 0 0 255
    101 108 0 0 255 255 255 0 44 172 255 255 107 0 0 71 255 255 255 0 0
    0 255 255 0 0 255 209 255 0 255 0 11 236 0 0 0 0 255 255 255 0 255
    255 0 0 0 142 80 0 255 138 255 0 255 0 255 255 0 255 255 255 255 0 0
    0 182 0 255 255 255 0 0 0 0 255 255 0 0 0 255 255 255 97 0 0 255 255
    255 111 255 0 0 184 58 0 71 255 255 80 225 255 0 255 0 255 255 255 0
    255 255 255 0 138 49 0 0 23 0 0 0 255 255 0 0 135 221 0 255 0 187 0
    0 0 255 255 255 0 0 0 255 255 0 255 0 0 0 102 255 0 255 255 176 0
    255 255 0 0 255 0 255 121 0 0 0 255 255 255 0 122 255 255 140 0 0 0
    255 9 255 255 255 255 237 0 0 255 0 178 0 255 0 255 0 89 255 0 0 0 0
    255 255 0 0 0 40 255 255 203 103 255 60 0 255 255 255 255 255 255 0
    255 0 0 0 255 255 255 0 255 0 255 0 191 0 255 0 0 0 255 255 0 0 0
    255 255 0 0 0 44 0 255 136 255 0 255 185 255 255 0 0 0 255 74 255 0
    60 255 255 0 234 255 0 255 255 0 255 0 255 122 0 255 0 0 188 0 255
    254 255 0 0 255 0 255 0 255 255 255 255 255 255 0 0 0 255 44 164 171
    0 0 255 255 46 59 255 0 0 0 255 255 255 0 0 134 255 0 79 0 0 0 255
    255 0 0 126 255 255 46 0 0 255 88 255 0 0 207 255 255 0 255 0 255 0
    255 255 255 255 0 255 255 0 167 255 255 164 0 255 0 214 0 151 0 255
    255 0 77 255 94 0 255 255 255 232 94 255 0 255 0 255 0 255 0 18 0
    255 0 228 0 255 0 201 241 255 255 153 255 255 255 0 249 255 254 255
    255 55 255 255 55 0 0 255 0 255 0 237 0 24 0 198 255 0 0 0 255 120
    159 0 255 0 19 255 222 255 137 255 0 0 0 121 255 0 0 0 0 255 255 255
    0 0 0 78 197 255 160 0 255 243 0 0 0 255 122 255 255 0 0 235 29 0 0
    255 0 255 0 255 115 0 0 0 0 252 114 0 255 0 255 255 255 255 0 0 0
    255 255 255 0 0 255 255 255 255 0 255 0 255 75 250 0 255 0 255 255
    255 255 106 0 255 0 255 0 224 0 255 12 0 255 187 0 183 255 0 0 0 255
    255 126 37 255 0 0 255 255 0 0 216 0 0 200 47 0 242 255 255 0 161 0
    135 98 255 0 255 0 0 5 255 255 218 127 255 146 255 11 89 0 255 255
    255 255 133 255 0 0 255 255 255 0 160 73 0 255 0 0 255 0 119 13 31
    255 0 255 255 0 255 0 255 255 0 0 255 255 0 0 0 212 255 0 0 0 255
    255 207 255 30 0 0 0 255 255 255 255 0 255 0 0 0 255 255 255 230 20
    0 255 255 255 10 58 255 255 0 0 0 0 170 255 255 0 0 108 255 255 208
    255 0 174 0 255 0 0 0 255 255 0 0 255 255 255 0 0 0 255 255 0 0 31
    255 255 0 0 0 255 0 255 255 0 0 0 0 0 0 107 255 0 15 101 255 0 255
    255 255 255 255 255 0 255 255 0 0 255 255 0 0 130 41 0 0 255 87 179
    0 44 255 255 0 255 0 0 255 233 217 0 0 255 0 255 0 255 255 255 255 0
    0 230 255 231 255 0 125 0 41 255 255 255 0 0 0 255 255 0 0 0 0 255 0
    255 255 0 255 0 5 65 0 255 0 255 0 255 0 75 0 255 0 142 0 255 255
    255 0 255 255 0 0 255 0 255 0 0 0 255 255 0 255 0 255 0 0 0 0 0 0 0
    0 255 208 0 255 0 0 0 0 0 0 208 217 255 247 255 0 255 158 255 0 65
    255 0 255 255 0 201 0 255 255 0 0 0 255 46 0 0 0 255 255 255 0 255
    255 255 0 0 255 0 0 0 255 154 255 127 255 255 255 255 255 0 49 0 0 0
    27 255 83 132 49 16 255 0 0 255 255 147 255 255 40 255 255 0 186 255
    255 72 0 0 255 0 255 255 255 0 68 255 0 255 255 71 141 0 0 0 200 255
    255 128 0 0 124 0 255 255 255 255 255 26 0 0 0 255 255 0 0 0 0 5 255
    101 255 255 10 0 0 255 241 0 22 78 0 0 255 255 49 255 69 0 255 255
    83 255 0 255 0 0 255 0 0 255 255 0 255 0 0 0 255 0 0 255 255 255 255
    13 255 0 0 255 0 0 240 255 0 255 135 255 255 0 255 0 255 190 55 0 0
    8 255 0 0 0 0 0 118 0 0 255 255 182 255 255 0 0 211 255 0 132 180
    255 255 255 255 0 255 0 0 0 255 255 255 152 11 0 0 0 255 0 255 0 255
    0 133 0 255 240 255 255 0 54 0 255 0 255 255 78 0 0 0 142 255 150 0
    255 222 255 255 255 0 0 210 255 255 206 255 255 0 0 0 0 0 2 255 255
    249 52 202 0 0 0 61 255 255 255 0 92 0 0 255 255 0 0 0 255 188 255 0
    39 0 0 0 0 255 163 255 0 255 0 0 96 255 255 0 255 0 255 0 255 0 255
    0 183 0 255 255 0 159 0 255 255 255 0 0 144 0 0 198 164 255 255 255
    0 0 255 0 0 189 255 255 0 0 255 255 255 0 0 0 255 255 255 243 0 173
    0 0 124 255 42 0 255 255 0 0 255 255 191 0 0 0 255 255 249 0 0 255
    255 255 0 0 255 255 255 255 0 0 0 255 255 255 0 244 0 0 0 0 0 255
    255 12 255 255 255 79 0 0 186 255 0 255 255 255 0 0 0 255 1 0 0 255
    255 255 255 0 0 67 255 0 0 0 0 0 255 0 163 136 255 130 255 191 0 0
    87 151 255 0 0 90 244 129 255 255 0 0 0 255 255 0 0 191 255 255 0
    121 0 255 0 255 0 0 255 255 255 255 255 0 255 255 255 255 0 255 255
    236 0 0 108 0 151 0 0 67 255 0 0 0 255 0 79 0 0 255 255 182 255 0 0
    0 255 255 47 255 173 0 90 255 255 255 0 255 0 255 255 255 0 49 0 255
    0 0 114 0 255 185 0 255 7 255 0 255 255 0 39 255 255 31 255 0 0 255
    255 0 255 0 255 0 255 4 0 0 0 255 70 255 0 255 18 82 133 255 0 142 0
    0 0 255 255 0 255 255 0 0 0 201 237 11 0 0 0 255 0 0 0 255 255 255
    255 255 255 0 0 0 255 0 0 255 255 255 0 0 255 205 255 255 0 0 0 255
    255 91 15 114 255 255 0 255 0 134 0 239 243 141 0 86 0 255 0 115 0
    255 0 255 255 255 255 255 0 0 133 255 255 0 0 8 255 0 255 0 255 0 0
    170 255 255 255 0 255 108 0 255 80 255 255 0 125 0 255 0 255 0 0 0
    88 0 0 0 255 255 255 0 0 0 0 255 255 95 255 104 255 255 0 255 214 0
    108 255 0 255 0 255 255 255 0 255 0 120 0 220 0 0 255 255 255 0 255
    255 255 139 44 0 255 255 34 255 255 0 0 0 0 255 226 0 0 255 0 0 0
    255 98 255 0 0 255 0 255 0 255 0 136 255 255 0 76 0 230 255 238 0 0
    255 255 255 0 255 0 255 109 0 0 0 0 255 255 214 0 255 60 23 0 0 0
    246 2 87 0 0 255 43 255 255 0 255 0 200 97 0 255 255 255 180 182 136
    0 0 0 0 255 255 255 0 0 240 255 255 255 105 255 144 0 0 0 255 255 78
    0 0 255 255 255 255 43 255 0 0 255 255 51 255 0 0 255 255 255 0 243
    255 255 0 0 0 0 255 255 255 255 0 0 255 255 76 255 255 126 0 30 255
    255 36 28 0 246 255 255 0 255 0 2 0 255 0 0 252 255 255 255 255 46 0
    180 255 0 46 0 255 0 255 0 255 123 255 236 254 0 0 255 255 229 0 110
    205 0 255 0 255 0 255 255 255 124 84 0 255 255 255 219 255 0 104 255
    255 255 0 0 255 0 255 201 85 255 217 255 255 65 255 65 255 0 0 255
    61 0 255 0 255 0 189 255 255 0 0 255 255 110 0 0 255 255 0 0 0 0 255
    255 255 0 130 162 255 0 255 255 130 0 112 0 255 137 255 0 255 0 206
    0 255 0 0 255 255 178 40 0 255 255 0 0 0 255 255 255 155 0 243 0 211
    83 255 0 89 0 255 0 255 0 0 0 255 255 83 0 0 255 221 255 255 255 255
    255 0 255 0 0 0 0 255 255 0 16 170 255 238 255 255 0 255 0 255 0 255
    255 226 0 0 0 255 0 0 0 38 255 255 255 255 49 0 0 255 255 0 255 255
    255 255 0 255 255 255 245 43 0 0 0 255 255 207 231 173 255 0 255 229
    0 255 42 255 0 1 0 215 165 231 255 0 255 0 0 0 0 255 255 255 255 255
    0 0 255 255 255 255 173 255 0 0 144 255 0 0 255 0 174 0 255 255 255
    255 255 255 0 0 255 0 255 120 255 77 255 0 0 189 87 0 0 0 0 255 255
    0 214 52 255 148 0 255 255 255 0 255 57 255 0 0 0 0 255 120 0 0 255
    215 255 0 252 0 76 0 255 59 68 0 255 26 0 0 255 255 50 0 255 255 146
    0 255 255 255 255 0 94 195 255 0 0 255 255 255 0 0 255 255 255 0 0
    255 135 0 0 119 255 255 255 0 0 255 113 255 255 0 255 255 255 255 0
    0 109 255 255 0 255 0 255 0 255 76 255 0 242 177 0 255 0 255 0 0 88
    0 84 0 8 201 30 255 0 255 0 0 0 255 174 255 255 0 255 0 0 255 138
    195 0 144 0 162 255 255 0 0 0 72 255 0 0 173 255 0 0 0 255 5 0 255
    255 25 255 112 255 255 0 255 255 255 0 175 0 255 255 0 0 0 255 0 0
    44 255 255 255 219 0 0 255 255 255 255 255 0 0 0 249 0 0 0 255 218 0
    0 255 0 255 255 0 0 28 83 255 255 0 255 0 255 0 255 192 0 255 0 0 0
    118 255 255 255 255 38 255 0 0 255 0 255 170 255 0 255 0 255 255 255
    0 43 255 191 0 255 0 255 171 89 0 0 255 0 255 255 0 0 0 255 255 0 0
    0 255 0 255 10 255 223 0 0 255 0 255 255 255 0 255 0 179 0 255 26
    255 255 0 11 0 0 255 0 255 0 0 65 0 205 0 255 0 255 0 255 0 0 0 255
    0 255 207 0 255 240 255 0 0 0 255 0 255 0 0 0 21 255 255 89 0 0 255
    180 246 255 0 255 0 255 0 255 255 0 255 255 255 64 191 0 158 215 0
    255 0 255 115 0 255 0 255 0 255 255 0 83 0 255 216 180 255 255 255 0
    255 0 113 219 0 0 255 255 0 0 130 139 0 44 0 125 255 0 255 0 255 45
    0 115 0 214 45 135 79 78 13 0 255 255 83 255 194 224 33 255 0 255
    134 255 255 27 255 0 0 255 47 255 0 255 0 255 255 36 255 0 0 255 255
    0 0 11 255 0 0 0 0 255 0 0 0 255 255 255 0 255 57 255 0 94 0 26 0
    255 226 47 0 255 255 0 0 126 185 255 0 86 238 0 167 0 255 159 255
    255 209 34 0 80 255 255 255 0 0 74 0 0 255 255 255 0 93 255 255 115
    83 17 122 49 0 255 0 255 255 80 0 0 255 0 255 0 0 0 255 255 42 0 0
    149 255 255 0 0 0 255 255 255 0 0 0 0 0 255 255 0 0 0 255 0 255 134
    0 255 204 255 0 255 12 0 255 255 0 0 0 255 255 255 0 172 0 191 0 76
    0 225 0 255 247 255 0 255 255 255 0 0 164 255 255 255 0 0 199 255 38
    187 0 255 0 255 16 0 0 255 97 0 255 137 255 212 1 176 0 255 255 255
    0 0 255 235 0 0 0 255 255 251 255 0 255 156 0 255 248 0 255 255 0 0
    164 0 255 0 0 255 129 255 0 0 255 255 255 255 45 0 255 255 0 255 0
    255 0 178 0 178 0 18 137 0 0 0 255 240 255 255 0 142 255 255 255 255
    0 255 0 255 255 255 0 0 154 255 0 157 0 0 0 255 0 255 255 207 148
    234 95 0 255 255 255 186 0 115 255 255 255 0 0 0 87 255 214 75 172 0
    255 0 255 0 0 255 0 163 0 255 255 255 68 0 255 255 255 0 0 99 255 0
    205 255 255 0 255 255 255 202 0 0 255 255 0 0 0 111 255 255 0 0 0 0
    255 255 255 255 0 255 255 255 0 0 0 62 255 0 255 0 255 0 0 244 0 0
    255 255 255 255 166 0 255 79 255 0 255 0 0 145 255 255 55 0 0 0 255
    255 255 255 255 255 0 0 255 255 181 55 206 0 53 255 0 0 255 255 0
    255 171 159 0 0 255 53 255 0 126 175 255 0 235 255 255 0 235 0 0 194
    0 58 220 255 0 174 0 0 217 255 0 137 74 255 0 255 0 255 255 255 0
    255 0 255 0 255 255 0 255 0 255 157 255 255 255 75 0 0 255 255 255
    203 255 255 255 255 255 0 0 253 255 168 115 0 255 180 82 0 255 255
    255 0 0 255 210 255 136 255 255 0 118 255 135 0 255 49 255 0 255 0 0
    255 0 13 161 255 66 0 0 255 255 255 0 255 255 255 1 255 255 0 255
    147 255 0 0 0 255 163 0 0 255 255 0 0 255 0 80 0 255 226 255 116 0
    255 0 255 253 255 255 237 0 0 255 255 0 119 29 45 0 0 0 255 255 208
    87 0 76 255 255 255 0 255 0 0 255 255 234 0 189 55 255 124 0 0 0 0
    255 255 255 0 0 0 255 0 255 22 185 0 0 0 0 0 255 0 0 255 0 255 0 255
    0 255 0 255 0 255 11 255 0 0 190 255 255 255 113 255 0 15 148 255
    255 255 44 255 0 0 0 0 0 255 0 255 255 16 246 255 0 90 37 255 0 252
    0 255 0 255 90 0 0 0 150 255 0 255 255 255 0 255 255 164 255 0 255 0
    255 0 0 0 0 148 255 255 255 0 148 255 0 0 0 166 74 255 255 0 0 0 181
    255 255 255 255 255 255 255 0 0 255 255 255 0 0 255 0 0 255 0 7 67
    255 62 255 255 126 0 104 242 255 255 10 0 255 255 255 0 255 242 0
    255 255 0 0 255 0 255 255 0 169 255 0 255 161 0 0 0 255 0 13 0 255
    119 0 147 255 97 0 0 255 255 255 255 0 218 0 223 255 255 255 17 249
    203 0 0 255 0 255 255 255 0 0 0 255 255 0 0 195 255 0 0 255 255 0
    255 255 0 0 255 255 255 0 255 255 0 255 130 124 143 255 255 0 35 0
    255 176 0 0 124 255 255 255 0 0 255 255 0 0 255 255 0 0 255 255 0 0
    0 255 255 0 0 255 0 202 0 255 51 11 0 0 253 255 255 255 255 0 0 255
    255 0 0 47 102 255 0 243 255 255 255 0 243 10 255 255 255 255 0 255
    175 0 0 225 255 28 255 134 0 175 255 255 255 0 0 0 255 0 255 255 0 0
    0 255 155 0 255 0 255 0 255 0 0 16 255 0 236 77 100 0 0 255 0 138
    255 255 0 0 0 255 2 255 0 208 34 255 0 0 51 0 8 0 255 0 255 101 255
    0 0 11 255 255 0 46 255 0 0 0 18 0 215 0 0 255 66 255 246 0 0 255
    255 255 255 0 255 0 0 0 0 99 0 255 251 255 255 255 255 0 0 186 255
    255 0 0 236 0 255 0 255 233 255 255 255 255 0 0 0 255 255 0 0 0 0
    255 255 0 255 0 209 255 255 0 0 151 93 83 255 255 234 0 0 0 179 255
    0 138 50 0 0 0 0 227 0 104 255 255 243 0 255 0 102 255 0 255 0 247
    255 123 255 222 0 0 0 255 255 162 255 102 0 0 255 0 255 217 255 0
    158 255 255 255 24 0 0 0 255 113 71 0 0 0 255 255 255 255 255 255 0
    0 144 207 0 255 255 255 255 0 0 0 255 255 255 0 0 0 247 255 177 0
    255 169 142 255 0 0 69 255 255 255 255 255 0 0 226 255 255 255 0 192
    184 255 255 0 0 0 0 0 210 255 255 0 0 110 255 255 255 0 0 0 255 255
    255 63 255 0 0 0 255 255 255 255 133 174 255 0 0 0 0 0 255 222 0 57
    255 255 255 0 176 255 255 255 255 0 0 0 255 255 0 0 0 255 0 255 0
    255 0 135 50 255 0 0 255 0 38 0 67 255 255 0 0 255 0 0 0 255 242 255
    52 8 0 255 255 255 118 0 0 161 255 255 255 0 255 0 255 255 255 142 0
    255 195 0 62 0 255 255 0 0 130 255 0 255 0 0 255 255 255 34 59 0 0
    155 0 255 0 255 54 255 255 53 255 0 0 0 255 70 67 182 255 255 0 38 0
    255 255 255 0 0 255 0 255 255 80 12 143 202 0 0 0 255 186 0 246 255
    185 0 0 0 0 255 255 255 0 0 0 255 255 0 255 3 50 167 0 217 255 0 255
    255 255 0 82 0 0 131 255 0 255 0 255 56 255 0 0 255 0 255 0 0 0 0
    255 255 255 255 10 255 0 192 201 255 0 0 0 255 255 255 0 255 255 0
    255 255 255 0 255 255 198 0 0 0 0 255 129 0 2 232 196 255 0 0 0 0
    255 151 255 255 255 0 255 0 255 150 180 0 0 255 255 255 0 255 0 255
    0 183 0 255 255 255 0 0 0 255 255 20 0 255 255 255 255 238 255 255
    91 255 57 7 0 255 255 49 0 187 255 0 31 0 255 255 255 255 255 255
    102 0 255 0 255 0 191 255 0 0 255 0 0 0 255 55 255 113 255 255 0 0 0
    0 43 255 19 255 0 237 255 255 3 0 255 0 255 97 255 172 0 0 255 255
    255 50 0 132 255 82 0 255 255 255 0 255 85 255 255 255 255 0 255 255
    0 0 0 255 255 255 0 255 0 0 0 255 255 144 108 0 4 0 255 0 255 255
    255 0 0 0 255 0 255 157 240 19 255 0 0 0 76 161 0 0 59 22 131 116 0
    0 255 255 0 0 0 255 194 111 0 255 0 255 0 255 0 0 0 255 255 0 255
    187 76 0 0 0 255 0 0 210 255 235 0 0 0 255 0 161 0 255 0 196 167 0
    112 0 255 0 255 255 0 0 0 255 0 255 255 0 255 255 255 255 0 255 0 0
    84 0 12 0 202 255 255 0 0 0 0 255 0 255 0 51 0 255 255 0 255 0 0 255
    255 255 255 0 0 255 255 255 255 0 255 113 255 0 255 249 0 0 0 255
    255 255 150 0 0 255 255 0 0 180 255 255 255 227 255 255 0 0 0 255
    255 164 0 255 87 255 119 0 253 255 0 0 255 250 65 0 255 255 255 7 0
    155 255 255 255 245 255 181 0 146 0 255 0 0 0 119 227 0 0 0 0 0 255
    255 255 255 255 255 255 0 0 0 0 0 64 255 255 255 255 62 0 163 0 255
    147 255 255 0 0 255 0 0 51 255 255 0 0 148 44 0 0 0 0 43 169 255 0
    255 255 196 0 232 255 0 238 157 0 255 255 255 0 0 0 255 255 243 0
    255 29 255 255 255 0 255 255 255 0 0 0 0 255 0 95 0 255 255 0 0 28
    147 255 0 67 138 255 0 255 0 0 0 181 255 255 255 21 0 0 0 47 124 0
    255 182 255 0 255 242 255 0 255 0 255 0 0 255 255 148 160 0 255 110
    210 255 255 1 6 0 0 255 255 0 0 255 11 255 255 0 255 255 55 255 255
    255 255 255 0 0 0 193 255 255 255 37 0 255 255 255 0 0 0 255 255 0 0
    0 60 255 0 209 0 0 21 255 255 255 255 0 0 255 0 0 0 255 168 255 255
    0 0 164 194 0 0 255 0 255 255 255 0 255 0 0 255 255 255 0 255 0 255
    0 255 242 0 253 0 0 0 255 0 255 0 86 255 255 255 0 255 255 190 0 0 0
    146 255 0 224 0 255 0 255 255 255 255 255 0 138 0 0 134 0 6 27 0 255
    0 255 255 255 255 255 255 255 0 10 127 0 0 255 0 255 0 255 0 255 255
    171 241 131 25 0 255 255 0 255 255 255 0 255 255 255 0 0 255 255 255
    0 255 0 0 0 0 255 0 255 0 250 0 0 0 150 0 0 255 255 255 0 255 0 0 0
    0 0 0 136 0 255 255 255 0 0 255 0 19 255 255 0 0 42 0 255 255 255 0
    0 0 0 0 18 0 0 132 69 0 119 104 255 0 0 0 255 255 0 0 0 255 255 0
    255 0 255 0 0 0 255 255 255 122 0 255 0 0 255 255 255 255 0 255 0
    255 255 171 0 0 0 0 0 42 0 0 121 0 255 255 255 0 248 0 255 255 0 255
    255 255 0 0 255 255 0 0 0 0 0 0 255 253 251 0 255 255 0 255 255 255
    0 0 0 0 255 255 255 191 255 0 0 255 255 0 100 246 255 50 255 255 255
    255 0 0 0 255 160 255 255 103 41 25 54 0 255 0 0 244 255 255 233 205
    0 0 255 0 0 255 255 255 255 0 0 232 255 255 0 42 255 255 0 0 0 255
    255 0 255 255 55 255 255 228 10 0 255 255 0 255 255 255 0 20 0 255
    255 255 255 255 0 80 255 0 255 0 0 255 255 255 0 106 0 0 29 0 0 0 0
    255 0 243 255 255 251 255 0 0 255 255 255 0 0 0 0 255 25 255 40 0
    195 143 255 0 0 255 255 255 4 208 0 255 0 0 255 255 0 143 0 255 255
    255 53 255 105 20 0 0 255 255 255 0 0 2 255 0 0 0 0 65 0 159 190 0
    255 255 99 0 0 0 255 255 255 255 0 0 38 255 255 255 205 0 255 193
    255 0 255 0 83 255 255 140 0 131 255 245 0 27 255 0 255 0 255 197
    255 255 255 0 255 0 255 54 0 255 0 255 0 255 0 255 255 0 0 95 255
    255 255 255 255 149 255 71 0 255 255 255 245 0 0 152 255 255 255 0 0
    0 0 255 16 255 0 42 0 255 255 0 68 255 255 255 255 166 255 0 0 0 255
    0 255 0 126 0 0 0 255 7 125 0 255 183 255 0 0 236 0 255 0 0 255 255
    0 0 255 255 0 0 0 255 0 237 0 162 2 255 202 255 255 239 255 0 170 95
    255 0 0 124 255 218 255 255 0 255 0 96 0 88 255 255 255 0 0 173 194
    127 0 0 255 255 255 255 0 0 0 255 0 255 255 0 0 252 255 219 0 255
    255 0 169 255 255 255 255 0 0 0 0 255 0 255 0 0 20 255 0 255 255 255
    47 255 255 255 0 255 255 246 104 0 255 0 46 0 0 255 0 231 0 255 194
    0 255 255 0 0 255 255 255 255 255 0 0 0 0 255 255 0 0 255 255 255 0
    255 0 255 44 12 255 242 0 0 255 255 0 0 255 255 255 0 0 255 0 0 0
    255 184 255 0 255 255 0 180 255 0 107 0 255 255 0 0 229 255 255 255
    0 0 0 255 27 255 0 40 0 255 0 0 216 255 255 0 23 0 0 0 255 0 178 0 0
    255 255 0 0 255 214 255 13 0 255 255 249 0 255 255 255 0 255 255 127
    0 255 255 255 255 0 0 0 255 255 0 0 0 255 255 176 0 0 52 0 255 0 255
    0 0 0 255 255 0 0 238 0 255 106 0 255 255 0 0 255 255 255 0 202 0 0
    0 0 255 255 255 0 0 255 195 255 255 255 0 255 0 167 64 255 0 0 168
    255 255 255 255 255 0 0 255 255 0 0 0 148 0 8 255 255 255 0 255 0
    255 89 0 255 255 255 0 0 255 140 255 0 253 158 63 255 47 0 0 0 0 255
    99 0 0 255 51 255 0 255 255 255 255 108 255 64 50 255 255 0 0 255 0
    255 255 255 103 0 0 255 255 255 140 255 255 255 128 255 0 73 0 255 0
    44 255 255 0 0 180 0 255 255 208 0 0 254 0 255 0 255 0 255 165 0 0
    23 163 0 0 255 255 255 255 0 0 255 255 0 0 255 138 255 0 255 0 255 0
    0 255 0 255 198 222 255 224 0 255 0 255 0 255 0 0 255 255 255 113
    218 231 255 127 255 0 243 0 0 96 91 255 0 255 255 255 0 0 76 255 185
    0 0 83 255 255 42 0 0 255 255 0 0 255 255 0 0 0 255 255 255 255 0 0
    19 126 39 255 226 0 0 255 0 0 0 255 158 255 0 255 44 0 255 255 255
    255 0 0 0 0 0 0 255 0 255 123 255 0 255 0 130 255 255 0 0 255 0 255
    74 0 255 255 206 0 24 255 0 0 255 255 0 177 169 255 255 0 0 27 209
    70 0 0 255 0 55 255 168 0 119 203 255 255 0 0 0 0 0 209 0 0 255 0 0
    255 255 174 255 255 0 255 0 255 0 255 0 255 0 255 0 0 219 0 0 255
    255 0 0 137 49 255 255 0 0 0 255 255 255 255 255 210 0 92 0 0 0 0
    255 16 194 255 111 0 0 79 255 255 0 0 0 255 255 255 0 255 255 255 0
    0 255 255 255 0 255 255 255 0 0 0 0 204 175 255 0 255 0 255 144 241
    0 0 0 0 255 69 255 101 0 255 218 99 255 127 77 0 234 0 255 255 255
    255 0 0 42 255 255 0 255 52 255 177 255 0 139 0 255 0 255 0 0 125 0
    216 0 0 255 209 255 86 255 255 84 255 0 0 255 181 0 0 22 255 255 0
    255 0 255 34 0 0 33 255 255 209 0 255 0 255 0 255 0 255 0 255 0 255
    0 0 255 0 0 139 0 255 255 0 0 255 255 0 0 255 36 255 255 132 255 255
    255 0 132 59 255 72 0 0 255 255 255 0 0 0 0 255 255 0 23 255 255 0 0
    169 0 0 0 255 255 23 121 255 0 252 0 255 0 255 0 255 0 255 0 255 0
    255 0 0 0 255 0 223 0 255 255 255 0 0 255 255 255 0 0 0 0 0 110 214
    255 255 0 170 255 0 0 0 207 255 0 0 164 255 255 32 0 255 0 0 255 255
    255 0 255 255 112 0 255 255 0 255 0 255 0 0 121 0 255 0 255 0 255
    255 117 0 255 255 255 213 0 0 0 50 0 0 0 0 255 0 0 0 63 255 255 228
    0 255 0 1 0 153 255 255 0 0 255 80 0 255 0 0 0 255 255 55 51 0 235 0
    255 0 255 113 255 0 0 0 255 0 255 57 0 0 0 255 130 101 0 0 0 93 0 0
    255 0 0 0 255 0 255 0 255 0 255 255 255 0 255 72 255 0 0 0 0 255 255
    0 0 63 255 255 0 176 255 255 255 0 0 255 255 45 90 0 110 0 0 0 255
    255 255 0 0 17 255 0 255 255 255 255 255 0 0 0 0 255 251 255 255 0
    24 19 255 255 255 48 12 255 255 255 255 0 0 0 0 0 255 255 255 119 51
    255 228 255 0 255 0 0 0 0 255 0 0 0 179 0 255 255 0 255 255 50 255 0
    207 0 255 255 0 0 0 0 255 255 255 0 0 0 0 255 14 0 35 0 0 255 255 49
    0 0 3 255 255 0 0 0 20 103 255 0 0 255 255 4 0 0 199 255 255 0 123 0
    0 131 0 255 151 0 0 0 0 0 29 255 0 0 131 255 255 0 0 0 255 0 255 202
    255 255 0 255 0 0 255 255 255 0 160 0 255 255 255 0 0 255 255 0 0
    255 255 0 0 0 255 9 0 255 255 255 0 0 0 0 255 0 222 0 108 0 0 246
    174 255 255 255 255 0 0 255 128 0 0 255 0 0 0 0 233 0 138 0 0 255
    255 255 0 0 183 255 255 0 63 0 255 0 129 255 255 183 0 255 255 255
    255 255 17 133 0 255 0 255 255 255 255 255 0 44 0 255 0 0 0 255 255
    255 255 0 182 0 0 231 255 255 255 37 49 0 255 177 0 0 255 0 255 0
    255 0 6 0 255 255 255 0 176 255 255 0 152 255 255 0 0 187 128 124
    255 255 80 236 255 255 0 255 252 0 0 161 129 255 255 0 255 255 41 0
    0 0 255 255 255 110 255 0 0 0 255 255 255 255 0 255 0 255 0 0 0 255
    255 94 0 0 85 0 255 255 255 0 0 0 255 191 255 190 255 255 0 255 255
    255 255 0 0 0 184 0 255 0 0 0 255 255 255 0 104 0 0 201 255 159 253
    0 0 0 255 255 255 255 0 0 0 0 255 255 0 255 114 255 0 167 0 255 0
    255 0 0 0 255 255 255 0 255 255 139 126 31 255 255 237 255 0 255 0
    255 255 255 0 0 0 255 170 255 0 255 255 0 73 255 183 153 235 255 0 0
    0 255 0 255 36 255 0 0 0 255 255 255 32 255 114 255 0 255 207 0 182
    0 255 0 255 0 0 255 9 0 255 255 0 0 0 255 112 255 0 255 0 255 0 0
    255 255 127 0 0 0 255 255 255 0 0 0 255 0 255 0 0 0 255 255 241 255
    0 0 0 255 255 0 255 0 255 0 255 0 113 0 255 255 255 0 0 0 255 0 248
    0 255 0 139 0 255 0 255 0 126 255 255 255 62 0 0 110 255 199 0 255 0
    0 96 255 255 0 0 254 34 255 86 255 0 255 189 255 255 55 255 255 255
    0 0 148 255 0 0 208 255 255 0 23 255 255 140 0 80 0 0 0 255 255 255
    255 255 6 0 249 217 255 179 0 0 0 178 0 0 0 255 192 255 255 0 0 0
    255 90 0 255 255 0 129 0 255 255 0 255 255 255 108 0 255 255 0 234
    255 0 0 0 0 120 255 255 162 0 144 255 0 225 255 206 37 255 255 255 0
    255 185 255 0 0 255 0 89 0 0 0 255 255 0 255 255 255 214 0 255 0 255
    255 255 0 26 114 0 255 17 255 81 0 255 0 0 255 0 255 0 255 255 0 0 0
    255 43 202 255 0 255 255 255 0 134 0 255 255 255 255 0 0 0 0 0 255
    255 255 0 0 0 255 255 255 255 0 255 255 0 255 0 255 101 255 133 10
    86 0 255 255 255 255 163 45 255 255 0 255 0 255 0 0 10 142 0 0 174
    255 0 0 0 255 255 187 72 0 240 255 255 255 91 0 255 0 255 0 0 0 255
    255 255 73 255 255 255 0 0 0 0 0 0 255 0 0 255 255 0 255 0 255 0 255
    255 0 255 0 0 255 0 255 178 177 0 0 255 0 37 0 255 255 255 255 0 255
    255 255 0 0 255 0 255 255 0 0 111 0 0 0 111 255 255 255 74 0 0 255
    126 255 183 0 0 189 255 255 255 0 255 0 0 255 244 174 0 0 255 0 255
    0 0 255 255 255 0 255 255 0 0 0 255 255 11 0 0 255 255 0 255 255 255
    195 255 0 0 0 0 255 48 40 0 192 191 255 0 255 0 0 0 255 255 142 0 0
    0 255 0 57 0 0 0 255 28 67 18 255 0 255 0 255 255 194 0 0 0 255 0 25
    0 255 255 255 0 255 0 255 0 255 193 7 255 0 44 255 255 255 0 218 255
    255 0 0 0 186 224 0 0 0 255 210 255 255 40 0 203 0 255 0 255 0 255
    255 0 0 255 255 16 0 142 0 255 0 255 192 107 0 0 215 255 0 218 0 102
    255 0 104 255 0 255 0 0 0 0 255 255 166 0 0 0 255 255 255 0 132 0 0
    0 0 255 255 255 255 225 0 0 109 255 255 0 255 0 0 212 255 0 0 255 0
    154 0 255 0 255 255 0 66 255 255 255 205 59 0 255 159 255 255 0 0
    255 0 71 255 147 154 0 0 196 233 255 250 255 0 255 0 255 0 255 65
    255 0 116 0 255 0 255 0 0 0 217 255 255 222 0 255 0 112 0 255 72 0 0
    255 78 0 0 255 255 0 0 0 255 255 0 27 0 37 31 0 0 0 169 255 255 255
    0 0 255 255 0 255 0 255 0 255 255 255 0 0 0 0 240 255 255 0 255 108
    255 0 1 0 0 0 255 255 255 255 255 0 0 0 255 255 0 156 0 255 254 0 0
    0 0 255 255 93 223 0 255 0 42 0 215 160 69 0 7 0 0 0 255 255 119 0
    97 255 26 0 255 255 0 0 0 0 255 0 255 255 255 197 0 255 66 74 0 255
    0 255 255 255 0 0 255 255 0 255 0 0 255 255 255 133 40 0 255 0 255 0
    0 255 56 45 0 0 255 144 0 255 255 0 0 0 24 255 255 255 255 255 0 75
    0 89 255 255 0 0 255 255 255 255 0 0 0 0 255 58 0 0 0 255 255 255 52
    0 0 255 255 64 0 0 154 255 229 0 139 255 0 255 255 255 0 134 0 177
    255 0 255 255 181 235 71 0 255 0 255 255 137 0 125 115 255 0 0 34 62
    0 108 0 255 0 0 255 255 255 0 0 242 255 255 0 0 255 0 255 255 90 0 0
    82 80 0 255 0 255 0 66 0 255 149 151 255 255 0 0 231 255 255 255 0
    255 0 255 0 255 0 255 255 39 255 0 255 0 184 0 169 240 255 0 255 0 0
    69 255 255 255 255 139 0 236 214 0 53 255 0 174 255 255 0 0 255 255
    255 0 0 0 90 0 83 255 255 255 134 0 0 255 235 255 0 255 169 255 20
    255 25 0 31 255 1 0 255 255 255 0 0 0 0 0 255 0 255 255 0 243 0 255
    255 255 0 0 0 0 0 0 0 39 255 255 22 113 0 0 0 255 255 255 91 0 0 76
    0 7 0 0 0 255 0 0 243 137 255 255 0 0 22 255 0 255 116 255 0 255 0
    255 166 255 141 255 0 0 97 255 255 230 0 255 255 15 12 255 0 255 0
    161 0 0 255 255 58 255 255 255 0 0 255 0 255 0 151 255 10 146 0 255
    35 0 0 255 27 0 255 255 255 0 0 0 0 0 0 255 255 255 255 0 129 120
    255 0 255 0 0 255 255 255 0 255 0 255 255 0 255 7 0 0 0 204 0 0 0
    255 255 0 130 0 255 255 255 255 0 0 0 0 255 0 255 255 107 52 255 6
    255 141 19 0 0 105 0 0 47 82 77 255 0 0 0 0 255 255 255 0 255 0 0
    255 208 0 0 0 255 255 0 0 0 0 255 255 0 3 0 77 0 0 255 133 255 221
    160 255 0 231 255 255 237 255 0 0 0 255 255 255 0 255 121 255 255
    255 255 255 0 255 0 255 255 255 0 255 0 255 0 0 0 146 255 255 211
    144 0 255 4 0 255 0 10 0 221 255 255 255 255 0 255 0 255 0 133 255 0
    255 255 255 255 0 78 0 224 255 255 46 255 0 0 0 0 0 255 255 255 0 0
    0 255 0 164 224 255 0 255 0 65 0 255 0 255 255 52 0 255 255 255 0
    255 198 0 0 255 255 255 0 115 0 255 255 255 162 255 255 0 255 0 255
    255 0 0 43 0 0 255 62 255 0 0 0 255 7 255 255 0 0 255 255 0 255 0
    255 0 255 103 0 197 96 255 255 255 0 0 0 157 0 255 0 0 255 255 0 0
    255 0 255 255 0 246 63 0 255 0 107 0 255 0 0 87 255 255 0 0 214 255
    255 0 0 201 181 255 255 255 255 255 255 0 255 255 255 0 165 0 0 0 0
    114 255 255 255 0 4 255 255 0 153 0 0 237 0 191 255 255 0 255 32 233
    189 255 226 208 0 255 255 0 0 255 105 255 0 0 0 135 255 255 255 0
    255 0 255 255 255 0 0 255 255 255 0 112 255 0 255 0 255 0 0 255 255
    255 0 0 255 202 255 0 0 0 255 27 0 0 255 0 0 255 0 255 0 255 0 255 0
    255 0 255 0 255 14 255 255 216 0 255 0 255 255 0 38 255 255 0 0 255
    255 255 0 255 255 0 0 0 167 0 249 255 0 0 255 255 84 0 0 0 255 255
    255 255 0 0 0 255 0 255 254 255 110 0 255 139 255 157 0 159 115 253
    255 255 0 0 209 239 255 0 0 255 0 209 0 0 0 255 255 255 50 255 0 0
    255 255 255 0 255 0 255 0 255 0 136 255 255 255 0 197 0 255 5 0 255
    0 0 0 255 255 255 31 255 0 180 255 255 0 255 255 0 0 76 59 255 255 0
    0 0 0 255 129 0 255 0 255 0 227 0 255 22 255 217 255 0 150 0 138 0
    255 255 0 0 0 233 0 0 229 0 0 255 34 0 14 255 225 109 0 0 0 255 255
    255 22 0 0 59 0 0 0 0 0 255 209 255 0 76 72 255 0 0 0 255 244 0 255
    255 255 255 61 0 0 0 255 6 0 0 255 0 0 0 255 0 0 0 255 0 0 255 0 255
    255 255 0 0 43 255 255 144 0 255 0 0 0 0 0 255 0 0 255 181 255 0 0
    255 68 0 0 255 255 0 0 255 0 255 255 255 255 0 255 255 0 255 0 255
    103 0 0 203 0 255 114 255 0 243 15 255 255 57 255 0 255 0 255 0 151
    0 0 255 0 0 0 255 234 255 255 255 255 0 118 32 0 53 0 0 255 255 0 0
    0 0 83 72 255 0 255 0 255 0 255 0 255 255 255 16 255 255 255 0 0 255
    0 255 0 255 0 255 255 0 0 0 255 0 0 80 255 255 0 0 0 0 255 0 255 255
    211 0 255 255 255 0 0 255 255 0 232 234 255 255 0 255 168 255 0 0 0
    255 150 89 26 255 152 255 0 255 255 135 255 0 255 84 255 0 104 0 255
    0 255 255 255 0 199 197 255 0 229 255 24 0 0 255 255 255 0 0 0 255 0
    0 0 0 0 255 255 255 0 167 255 255 170 0 0 212 255 0 255 255 255 255
    60 0 47 166 175 0 15 77 255 255 255 255 255 0 255 0 0 255 255 255 75
    216 255 0 0 0 0 255 0 255 0 0 0 255 255 0 0 0 255 255 20 0 255 255
    255 0 0 0 0 136 0 152 233 0 255 0 238 43 255 0 116 0 0 185 165 0 0
    14 255 255 255 0 0 255 92 0 16 0 191 0 0 0 171 229 0 0 0 255 0 161
    255 0 255 3 255 0 0 255 255 0 0 0 0 255 11 255 255 255 199 255 0 0
    255 255 14 255 0 0 48 255 0 255 255 0 255 255 255 117 0 0 0 0 79 0
    128 0 0 0 255 0 0 255 255 205 0 255 255 40 0 0 255 0 57 0 255 28 0 0
    255 255 255 255 255 0 255 16 0 81 95 0 255 0 255 0 255 0 255 255 0 0
    255 255 255 255 0 126 0 255 175 0 255 236 0 255 0 255 0 255 0 185
    255 174 255 0 0 255 255 0 255 255 255 0 255 0 0 0 199 255 143 117
    255 255 84 0 0 25 0 255 0 255 0 230 0 255 252 0 146 224 255 0 255 0
    0 0 0 255 41 0 0 0 255 0 255 255 172 255 51 82 0 0 0 72 255 255 0 0
    0 255 0 27 0 255 0 176 44 255 255 255 255 0 0 221 152 255 0 255 255
    0 13 0 0 0 0 59 255 60 0 255 255 255 228 0 0 0 255 0 0 208 255 255
    255 132 0 106 0 255 0 0 0 255 0 255 255 0 255 255 252 255 0 0 255 0
    0 255 255 0 0 0 0 124 255 82 255 0 0 0 255 255 0 36 0 255 255 0 182
    116 255 175 0 255 0 255 0 255 0 159 255 33 255 0 255 0 0 140 255 255
    255 255 255 0 0 147 255 0 140 3 0 255 0 255 255 60 255 255 0 0 169 0
    35 0 0 255 127 0 0 0 236 0 76 187 0 0 255 71 191 255 178 0 255 0 255
    0 0 0 0 0 255 255 255 0 0 0 103 255 255 0 255 0 255 0 0 0 0 0 0 0 0
    0 0 255 255 0 255 101 255 117 0 255 19 0 255 93 0 0 255 255 0 0 52
    241 8 255 0 159 0 0 255 255 214 0 255 255 255 16 103 255 185 255 0 0
    152 20 177 0 255 255 255 0 0 64 169 201 0 255 0 46 192 0 255 255 151
    255 255 255 0 0 0 255 255 255 0 0 0 255 0 255 242 0 0 0 230 255 255
    0 255 0 230 0 255 65 212 0 255 0 0 186 255 255 138 255 0 0 0 255 255
    0 0 0 255 104 245 255 0 255 255 234 255 255 0 255 255 255 0 0 235
    255 221 255 0 255 0 52 255 0 68 0 5 255 0 0 255 32 116 55 255 0 0
    255 255 80 0 83 0 255 255 0 0 0 255 255 255 0 0 255 0 255 0 0 0 255
    255 152 0 0 0 255 0 255 242 224 255 0 255 255 255 0 255 0 255 112
    255 0 132 102 255 0 255 196 255 255 0 255 167 255 0 255 0 0 0 0 255
    202 255 0 186 244 0 255 0 255 129 255 0 0 0 78 255 255 255 162 222
    255 0 255 255 255 0 0 0 88 255 0 0 0 255 255 184 0 255 167 255 0 0
    255 255 0 0 0 255 0 107 0 255 255 255 130 227 255 0 0 0 255 0 255 0
    0 0 140 255 0 24 0 255 255 255 126 0 255 255 0 0 0 255 255 255 0 118
    255 63 255 255 255 0 0 107 255 165 0 0 194 255 255 0 67 255 255 0
    255 255 255 0 0 0 0 255 0 255 0 255 0 193 255 255 6 255 0 0 159 255
    0 255 255 255 0 255 0 255 0 255 156 0 16 0 255 255 229 0 255 0 0 0
    255 0 255 0 185 205 27 125 0 231 223 0 255 0 255 255 134 255 0 255 0
    255 78 255 0 255 0 114 0 255 0 255 255 0 0 255 255 255 255 87 0 255
    255 255 0 0 0 0 255 255 255 230 0 0 255 255 255 255 0 193 45 255 0
    18 187 128 0 0 0 255 139 0 0 255 255 255 0 242 0 0 255 158 103 0 0 0
    255 109 255 168 255 164 255 0 0 0 0 0 0 105 249 229 255 255 255 0 0
    0 255 255 255 142 192 17 255 150 109 0 103 0 255 0 0 255 255 255 255
    0 255 0 255 0 255 140 255 255 0 35 0 255 125 255 255 255 163 0 255 0
    88 0 255 234 255 255 134 0 78 0 0 39 255 255 0 255 255 255 0 0 0 0
    255 255 255 255 0 255 0 0 0 0 255 112 0 255 178 255 0 15 0 255 0 255
    166 255 169 255 148 0 0 255 0 0 0 182 255 0 255 255 0 0 0 73 255 0
    255 0 255 255 191 0 0 255 255 255 55 0 224 255 0 190 226 255 0 0 0
    221 144 255 255 255 0 68 0 0 255 255 205 0 0 255 255 228 0 255 0 148
    23 0 255 255 255 0 0 0 255 0 49 255 255 255 255 0 0 255 0 255 0 255
    255 0 0 0 255 0 251 118 255 0 255 0 255 255 27 255 255 255 255 0 0 0
    179 255 255 255 255 26 157 255 0 255 0 171 0 78 0 0 255 255 235 255
    0 0 0 154 14 0 255 0 255 0 0 61 255 255 0 255 0 255 255 0 224 255
    211 0 0 41 167 255 95 0 0 255 7 0 0 0 24 255 149 0 0 196 0 255 255
    255 0 0 255 79 255 0 0 0 255 255 255 0 0 255 0 255 90 4 0 89 255 222
    0 36 255 0 255 187 149 255 0 255 0 255 255 255 96 255 0 255 0 0 0
    255 0 255 229 172 255 255 0 255 0 0 0 255 0 0 255 255 255 0 0 0 255
    255 255 255 255 0 0 0 255 0 80 0 0 86 255 255 165 138 255 0 0 0 255
    0 139 255 255 0 69 170 0 255 255 0 255 0 255 255 0 0 0 0 0 255 255
    255 0 8 0 0 87 124 92 255 0 0 255 130 0 0 0 0 89 255 0 0 118 25 255
    0 255 43 95 255 255 255 255 0 79 0 255 0 116 44 255 0 206 0 255 0
    200 0 49 0 255 39 255 202 0 0 0 0 255 0 255 0 255 255 2 116 116 255
    255 25 0 0 223 0 255 0 146 255 255 0 255 255 255 255 185 255 0 0 162
    255 0 255 0 255 35 0 0 0 255 0 255 255 0 0 0 255 255 255 0 255 0 192
    255 82 0 216 0 0 0 255 255 255 0 0 255 255 255 18 150 0 0 255 255 0
    0 0 255 246 0 162 255 0 255 111 91 0 0 255 136 255 0 255 147 0 0 255
    255 255 0 0 0 0 222 68 255 0 255 0 229 0 255 255 255 0 0 255 255 255
    0 0 143 0 0 255 255 0 0 123 255 255 255 255 0 0 241 0 255 0 0 0 0 0
    255 209 255 125 255 255 103 255 0 0 0 93 255 232 0 0 0 255 255 255
    255 0 0 0 12 179 255 255 255 0 0 0 0 255 0 255 0 255 255 255 190 0
    89 162 126 0 0 132 0 180 0 255 255 255 0 0 0 119 255 0 255 255 0 0 0
    201 0 97 255 255 255 255 0 0 255 0 0 0 255 0 255 255 0 0 0 0 114 0
    89 255 255 255 178 136 239 255 255 255 0 0 255 119 255 255 255 0 0 0
    255 0 255 0 255 0 0 0 0 247 255 0 255 0 255 255 255 255 255 0 0 0
    233 255 255 166 0 255 45 255 255 255 255 255 0 255 0 255 0 255 0 0
    255 0 255 255 255 0 255 0 255 255 0 0 255 240 0 0 255 255 255 255 18
    255 7 255 255 255 0 0 0 180 0 255 0 255 0 255 0 255 142 255 0 255 0
    255 0 255 0 176 255 102 0 97 0 0 245 44 255 255 165 0 58 255 83 255
    255 192 0 0 255 0 255 0 50 255 0 0 0 255 255 255 0 170 255 0 46 0 0
    255 196 200 77 255 0 0 0 0 255 255 255 255 0 0 198 124 255 255 0 182
    97 255 255 0 0 0 255 255 93 216 0 0 0 255 255 255 255 0 0 80 255 0
    255 0 11 255 0 255 0 255 0 255 0 255 0 175 0 255 0 255 0 255 0 255 0
    141 0 255 0 0 0 250 174 0 0 255 0 0 0 255 255 254 255 255 0 0 0 255
    255 16 0 255 246 145 255 0 255 0 255 167 113 128 255 167 255 132 175
    255 186 255 0 0 255 0 0 0 255 255 0 255 48 0 255 0 0 255 255 88 255
    255 0 0 5 255 0 0 0 255 0 255 161 255 0 255 0 0 255 0 0 65 0 22 0 0
    255 26 14 0 0 255 255 105 0 0 255 255 255 0 255 0 0 0 255 0 255 0
    255 255 255 0 0 0 44 144 255 255 0 255 28 0 0 255 234 255 255 0 255
    255 71 255 168 0 0 0 0 255 255 0 255 0 192 0 255 255 0 0 0 50 94 244
    0 0 0 0 0 255 255 0 183 0 0 0 255 0 255 0 212 0 255 255 31 255 0 0 0
    255 255 0 255 0 255 255 168 0 255 105 0 0 181 149 255 255 255 0 242
    255 255 255 0 0 0 255 255 0 186 0 255 255 255 179 0 255 0 255 0 255
    62 111 0 0 212 255 255 255 0 0 0 255 255 255 255 0 255 0 123 116 0
    255 0 0 0 0 255 0 253 0 255 225 255 242 19 0 78 255 150 255 97 0 255
    0 0 153 255 163 0 202 255 250 255 255 0 0 255 255 255 255 240 157
    255 255 255 0 0 255 255 0 255 0 0 0 0 255 255 87 0 255 47 0 0 255
    219 101 255 255 255 144 0 0 0 255 255 84 164 0 38 0 255 255 0 255 0
    0 255 239 90 0 126 155 255 255 255 0 0 0 255 0 255 0 255 234 255 0 0
    0 255 255 255 0 0 0 255 0 240 118 255 255 0 69 0 255 0 165 255 255
    67 0 0 92 255 255 134 159 255 0 255 255 95 0 255 175 255 0 27 0 0
    255 0 255 20 152 0 0 255 0 255 255 0 0 0 88 115 0 0 255 255 255 154
    0 0 0 113 255 173 255 0 6 0 15 0 255 255 255 0 255 0 255 0 255 0 255
    0 255 255 255 0 111 0 255 0 255 255 35 0 255 224 11 0 111 255 255
    255 255 255 255 0 255 52 0 255 255 255 0 0 255 255 255 255 0 255 0
    255 216 255 28 255 0 255 0 0 146 194 220 0 255 142 232 0 0 255 255
    201 255 255 189 153 0 255 0 0 0 110 167 0 255 255 255 0 0 0 0 119
    255 119 137 0 255 255 0 179 255 0 255 255 255 0 0 255 255 255 255
    255 0 0 255 255 255 255 0 255 0 0 0 170 255 255 255 90 0 0 0 145 255
    0 0 0 0 0 88 255 255 0 0 0 0 202 255 255 90 0 199 0 255 35 255 250
    255 70 0 230 255 190 255 0 0 0 0 0 195 255 0 133 0 255 0 255 0 255
    255 0 0 0 255 255 241 0 255 255 141 255 0 255 255 255 25 0 0 0 255
    255 0 255 255 0 255 255 255 0 255 0 0 0 255 255 255 0 41 255 255 255
    0 0 255 0 255 0 255 0 0 135 255 255 0 255 255 255 0 255 255 0 0 0 0
    0 255 241 255 0 0 255 255 255 255 0 0 85 255 255 138 0 0 0 255 0 255
    255 255 0 0 0 255 255 0 32 0 0 255 255 255 255 217 0 0 156 255 255
    255 86 0 40 253 255 122 223 255 145 255 200 0 0 236 255 255 255 255
    0 0 0 255 0 255 255 140 0 0 255 255 0 0 71 0 0 0 154 0 255 0 255 255
    255 0 241 230 122 127 255 129 0 0 255 255 0 196 0 0 0 0 0 255 1 255
    0 255 14 0 0 255 255 0 102 255 185 0 255 0 255 0 0 0 255 0 61 0 0 23
    255 255 255 255 0 0 0 232 255 0 255 56 255 255 255 0 0 255 0 255 0
    255 255 0 0 255 255 43 177 0 0 128 255 0 255 28 255 255 0 0 255 0
    255 0 255 0 255 79 255 0 0 241 255 196 255 12 116 255 18 255 255 255
    0 235 255 255 255 52 255 0 255 0 255 0 74 0 255 32 0 255 194 45 244
    0 205 255 0 0 172 0 255 0 255 0 255 255 0 0 82 255 0 0 0 255 0 255 0
    187 0 0 255 255 255 255 0 94 0 12 255 255 255 0 255 0 255 255 255 0
    0 0 194 149 0 0 255 0 0 255 0 255 255 255 0 255 255 35 0 205 255 255
    0 255 255 255 0 0 0 149 91 0 0 255 255 255 0 0 0 0 83 0 255 176 255
    103 195 0 0 255 0 255 0 255 0 44 128 0 165 255 255 0 0 255 255 255
    255 255 255 0 255 255 255 0 0 103 0 0 255 255 255 254 0 0 255 255
    255 90 235 255 0 0 255 170 255 0 0 0 255 255 255 0 255 0 0 129 0 255
    0 185 0 0 0 255 255 255 255 0 0 83 244 0 255 255 0 0 0 255 255 71
    255 255 255 255 255 255 255 0 0 0 93 0 0 255 0 0 0 255 0 0 0 255 255
    0 255 0 61 0 138 0 255 0 0 255 255 0 153 0 0 255 0 236 0 255 255 255
    0 255 255 255 0 255 157 255 0 255 78 72 52 0 0 255 65 255 255 255
    255 0 255 0 133 255 255 255 66 0 0 0 0 0 0 255 255 255 239 0 0 0 0
    255 255 255 255 0 0 24 0 255 255 255 0 0 255 0 255 255 11 255 0 255
    0 255 0 255 0 255 27 103 134 0 135 0 255 255 255 140 255 0 0 0 46
    255 255 255 10 255 249 0 255 0 255 0 154 0 255 0 0 54 255 0 180 0
    255 255 255 0 0 76 0 0 255 255 4 202 0 255 0 255 0 0 0 0 0 255 255
    255 0 255 202 255 0 0 167 255 0 0 255 90 134 255 255 255 0 255 255
    255 255 0 0 157 206 14 0 35 59 255 255 0 255 255 0 0 25 0 255 255 0
    255 255 255 137 0 255 5 255 0 0 0 255 255 255 0 0 255 245 0 0 8 0
    255 20 255 255 121 255 0 239 51 88 0 0 255 142 255 0 0 0 255 123 0 0
    255 6 255 255 255 0 0 255 0 255 0 255 0 255 118 255 255 31 215 0 255
    0 0 166 234 255 77 156 0 160 255 0 255 0 255 0 255 0 0 0 255 255 0 0
    0 255 0 0 255 255 255 162 0 0 255 255 255 66 255 0 255 0 255 0 221 0
    160 255 0 0 255 255 255 153 0 0 0 255 0 255 0 206 0 255 255 0 150 0
    255 0 0 12 0 234 0 255 255 255 115 139 148 255 255 141 255 255 0 244
    0 0 0 0 255 255 255 0 96 20 0 255 255 179 255 0 0 206 0 255 169 218
    255 255 255 16 39 0 255 255 0 0 0 255 0 255 64 82 0 0 255 255 0 150
    0 0 0 255 53 255 0 122 240 255 169 255 255 255 255 146 163 0 0 0 255
    120 255 248 255 0 67 90 0 255 0 255 0 0 12 255 255 0 255 255 80 0 0
    255 255 255 0 0 255 255 11 0 255 255 210 255 255 255 0 232 255 255 0
    255 0 255 0 0 0 255 0 0 0 255 44 255 255 255 0 0 45 132 0 255 255 0
    0 0 255 255 255 255 255 0 255 0 255 0 255 0 0 65 255 255 0 0 0 135
    206 0 0 255 255 255 0 186 0 255 255 255 255 96 0 0 0 255 0 255 218
    255 126 0 201 138 253 58 125 0 255 0 255 255 181 255 1 255 0 255 0
    255 97 120 255 255 0 0 0 0 140 59 255 0 0 40 197 24 255 255 255 0
    255 255 255 0 0 255 0 0 0 171 255 0 219 29 255 0 255 0 255 0 0 167
    255 0 34 0 0 252 0 255 255 219 0 0 0 0 255 255 255 255 0 126 235 255
    255 10 0 255 255 246 255 204 0 230 255 255 0 255 0 0 0 255 0 255 0
    28 255 0 49 47 0 255 255 255 0 122 124 255 0 0 0 255 62 0 0 255 185
    255 0 172 0 255 255 174 255 255 255 107 1 0 255 32 0 255 255 255 255
    255 0 14 0 136 255 255 255 0 255 0 0 0 255 0 255 0 255 41 255 0 255
    255 255 64 59 0 255 0 255 255 255 0 255 0 255 199 0 172 0 0 255 0
    255 93 255 0 255 23 255 0 255 81 0 0 255 255 224 255 255 0 0 255 255
    103 255 0 0 0 255 255 0 255 0 255 78 255 0 0 0 255 0 255 0 255 255
    152 0 0 255 255 255 0 0 235 255 255 255 255 0 0 0 0 255 0 174 60 255
    255 255 246 0 255 124 0 0 0 0 158 0 255 0 255 0 255 0 255 255 255
    255 0 0 0 255 255 0 0 255 255 0 0 0 0 0 255 0 255 0 255 0 255 0 9 0
    255 255 255 206 77 63 255 22 255 255 0 255 255 11 0 0 0 253 0 255
    255 255 255 0 173 255 255 255 75 0 53 145 255 255 255 102 0 0 0 0
    255 0 0 255 0 255 0 255 0 32 0 255 255 255 192 255 255 255 0 0 0 182
    255 255 60 0 255 255 255 255 96 74 125 255 0 0 32 0 0 255 255 255 0
    255 0 131 95 255 255 0 255 16 0 143 255 0 255 0 231 0 227 1 255 255
    206 0 0 0 255 255 0 255 0 17 255 227 255 0 255 255 255 11 255 0 255
    255 0 0 0 255 99 41 0 255 255 255 255 0 0 255 255 0 255 1 0 255 247
    148 0 0 0 255 255 255 0 0 255 255 255 255 46 203 255 0 255 0 255 0 0
    255 255 182 255 255 0 0 0 0 255 9 0 235 255 0 255 255 0 29 0 255 0
    255 0 255 0 0 0 0 0 0 0 0 255 255 0 0 0 255 255 78 255 0 255 255 0 0
    255 255 0 255 255 255 255 255 255 255 255 255 0 255 0 255 255 255 0
    255 255 255 0 0 84 255 255 16 0 255 0 0 0 255 255 0 26 11 0 77 255 0
    0 255 255 255 255 255 0 0 0 0 255 255 255 255 0 0 0 128 255 0 73 0
    255 0 255 48 117 0 0 0 0 255 247 255 0 255 255 0 255 0 0 0 255 255 0
    0 0 125 255 80 219 255 0 255 0 255 0 0 0 255 0 0 255 0 0 255 255 255
    0 0 255 0 255 255 0 255 0 255 255 85 255 0 0 0 0 255 255 0 0 0 0 255
    246 255 0 174 0 101 255 0 242 0 255 43 255 0 77 0 0 244 255 255 255
    255 0 55 255 0 0 255 255 255 90 98 0 255 53 255 255 255 0 0 48 198 0
    0 145 255 63 255 246 255 0 98 0 0 255 163 33 255 255 255 42 0 255
    190 0 205 23 0 242 255 0 33 229 255 0 255 0 255 255 0 231 0 128 0
    255 65 118 0 0 255 0 255 88 255 0 0 0 255 0 0 0 255 255 0 0 0 223 10
    144 255 255 0 255 255 54 255 156 0 255 145 255 0 0 255 255 0 47 255
    115 0 0 255 0 255 0 255 165 0 0 0 0 255 0 255 255 162 255 90 0 255 0
    255 0 255 88 43 0 216 0 0 0 0 255 255 0 72 0 255 255 0 0 0 54 255
    255 255 255 255 0 0 255 0 255 255 0 107 255 255 255 0 0 27 0 62 0
    255 0 255 255 0 255 14 0 255 141 0 0 0 0 255 0 255 0 255 172 255 255
    0 20 255 0 255 255 255 15 170 0 255 255 0 0 255 0 179 0 255 255 0 0
    210 255 0 255 0 255 0 244 134 0 99 0 0 255 0 0 0 255 255 231 27 0 0
    0 0 13 255 255 255 0 0 255 104 235 0 255 255 255 0 255 0 255 0 219 0
    255 0 255 0 0 255 255 255 255 0 110 184 255 0 0 0 0 255 0 0 255 0
    255 0 0 67 18 59 255 255 93 0 0 255 255 0 54 0 255 207 255 255 0 0
    255 0 160 0 255 0 0 255 0 255 255 255 184 255 0 255 0 255 255 0 0 38
    255 23 255 0 255 0 255 88 0 0 255 0 255 255 255 0 0 0 0 255 255 33 0
    113 0 255 0 255 0 255 255 255 217 255 0 255 96 255 0 255 0 255 0 0 0
    255 255 0 0 255 255 0 0 255 0 0 255 255 0 0 0 255 255 255 112 204
    118 0 167 40 255 179 188 0 110 0 0 0 0 0 246 0 255 255 255 255 0 97
    255 154 0 44 0 0 76 255 0 0 0 0 255 0 144 0 27 255 255 0 147 255 26
    0 0 255 255 255 0 74 255 255 255 0 255 0 0 0 0 255 0 255 166 205 0
    255 136 217 0 0 255 255 0 0 255 255 7 255 173 103 0 0 255 0 0 255
    173 255 255 255 0 0 186 255 7 117 0 181 0 255 0 134 0 0 255 255 255
    0 0 0 255 0 255 255 134 0 0 255 255 255 0 124 0 0 0 0 255 151 255 41
    255 255 255 0 118 8 0 0 255 0 255 0 33 0 255 0 255 0 171 230 255 0 0
    168 255 0 0 0 255 145 236 0 0 255 255 255 0 202 255 179 255 0 0 0
    255 244 255 231 0 0 255 0 0 255 255 0 255 72 148 0 255 0 136 0 255
    83 255 255 255 0 255 255 89 144 255 255 255 0 255 0 115 208 0 0 255
    172 255 0 233 0 255 255 255 0 0 150 0 255 255 0 0 0 0 0 0 255 4 0 0
    255 0 0 0 0 255 255 255 255 0 80 0 255 155 255 255 255 0 0 255 0 59
    0 0 0 255 255 255 255 0 255 0 224 0 255 122 255 17 255 255 255 0 197
    215 111 255 255 0 0 255 255 0 0 0 255 0 255 213 117 255 0 0 71 255
    255 255 0 27 255 0 0 255 255 214 110 0 0 0 0 255 255 0 255 0 0 255 0
    0 0 0 255 255 0 185 0 255 0 0 0 85 255 255 255</data></your_img>
</opencv_storage>
