<?xml version="1.0"?>
<opencv_storage>
<filter_type>0</filter_type>
<only_luma>0</only_luma>
<r1>1</r1>
<r2>2</r2>
<L2_diff>1.8995394178589713e+03</L2_diff>
<test_img type_id="opencv-matrix">
  <rows>128</rows>
  <cols>256</cols>
  <dt>"3u"</dt>
  <data>
    82 101 227 245 187 142 40 6 140 16 62 35 27 154 63 25 254 79 230 203
    161 55 236 223 87 9 22 135 13 74 6 58 62 183 19 7 40 152 40 71 171
    67 34 179 153 183 151 211 67 227 73 4 173 39 114 96 195 23 137 73
    117 206 14 2 199 83 133 60 56 21 147 84 146 161 107 226 44 51 161
    252 82 88 122 72 47 224 23 70 140 102 122 242 163 161 220 238 163
    246 95 65 169 140 222 43 113 0 19 92 107 44 67 176 231 81 107 204
    198 63 163 23 147 164 254 85 216 70 176 212 205 70 212 124 77 121 94
    202 33 17 153 91 87 15 247 184 25 53 209 43 50 225 56 154 212 166 26
    11 26 202 71 193 124 132 32 71 18 136 114 208 145 99 127 160 79 135
    76 75 252 251 100 249 227 19 109 55 80 36 168 23 174 191 11 152 129
    133 88 78 113 33 70 177 215 40 116 10 163 146 37 85 144 225 108 227
    221 250 124 82 237 13 210 62 244 177 231 4 5 91 213 50 129 40 133
    193 98 190 231 46 180 63 116 249 164 54 245 237 59 240 247 99 165
    171 219 246 220 116 129 14 112 146 197 114 14 9 250 122 110 149 2
    185 45 12 54 7 187 48 77 121 49 93 223 195 11 103 115 228 116 41 1
    79 35 215 39 250 96 160 250 83 191 236 3 158 254 178 37 77 94 37 110
    77 50 111 178 43 55 142 92 206 175 128 133 76 56 118 40 153 79 141
    72 67 210 48 113 146 251 15 58 51 156 154 57 25 175 76 27 161 140
    184 63 89 205 175 137 199 255 248 91 60 89 33 34 253 173 195 169 189
    100 73 88 196 159 245 91 119 255 57 27 114 183 132 253 189 45 149
    233 213 55 222 31 182 231 50 38 55 153 73 162 236 6 180 238 138 4 41
    227 191 12 203 113 214 87 37 255 179 17 112 196 251 67 177 189 135
    237 120 151 36 46 192 162 223 96 24 123 171 126 29 185 37 44 150 238
    7 113 141 205 76 173 81 58 204 19 61 234 131 58 204 124 242 28 253
    11 174 118 167 98 196 24 226 109 1 108 79 18 47 216 171 100 24 24
    163 48 154 159 55 136 79 212 244 122 22 117 51 199 90 180 239 69 172
    5 109 193 123 68 153 0 246 191 78 9 231 65 110 95 247 127 170 102
    139 245 120 20 19 240 113 12 77 249 209 28 111 249 160 81 171 55 3
    119 131 117 228 142 225 213 3 53 34 17 204 178 250 168 95 65 193 61
    253 254 17 232 169 78 117 26 213 82 162 90 161 204 114 36 139 242 32
    125 4 119 162 28 163 24 178 149 185 121 93 204 213 228 105 223 78
    119 57 28 57 186 57 24 222 249 170 108 167 136 110 2 179 117 163 169
    132 128 79 56 8 108 202 22 42 70 66 184 237 184 40 222 210 179 27 58
    82 177 187 131 180 220 110 6 247 172 184 79 58 68 32 103 29 189 57
    201 16 101 135 54 227 228 112 159 48 100 170 83 19 82 211 235 25 86
    205 218 185 35 39 65 209 8 12 133 156 55 126 188 17 26 216 124 133
    137 125 11 238 16 225 39 220 40 13 94 207 148 32 24 75 230 246 12
    113 137 142 104 73 118 25 140 134 210 23 139 74 102 45 204 130 33
    108 235 85 30 43 248 120 25 160 17 178 158 73 15 217 126 36 160 62
    250 180 220 61 194 100 220 186 37 22 78 127 149 242 235 43 190 67 37
    124 123 146 0 41 161 32 83 127 50 62 63 70 71 210 75 109 196 84 223
    98 78 159 185 96 96 56 238 179 45 25 135 100 155 182 145 164 149 215
    239 64 63 243 253 78 116 74 118 110 59 87 143 14 71 43 248 10 48 157
    5 227 29 213 116 67 158 48 67 55 122 226 184 108 199 204 106 224 187
    251 195 167 201 45 165 76 218 234 78 126 44 121 224 185 132 121 240
    253 177 70 30 102 14 12 84 134 253 127 106 170 54 133 45 241 60 116
    214 195 230 142 247 57 33 197 112 184 18 163 248 131 199 62 15 147
    254 243 209 94 98 240 171 143 140 40 190 142 60 221 225 66 165 103
    144 17 58 57 47 34 1 232 71 239 82 169 236 88 57 59 240 1 231 163
    139 27 68 240 144 51 117 199 5 44 242 54 40 148 33 59 16 119 187 182
    74 2 165 168 15 143 189 87 168 255 244 27 191 80 221 213 60 72 252
    242 196 96 241 195 185 35 182 155 45 74 119 69 110 77 106 72 99 83
    135 209 13 116 30 56 167 137 115 234 39 91 67 181 2 159 212 58 22 30
    16 71 252 57 186 242 114 237 159 41 92 222 128 67 21 15 184 20 219
    110 54 233 51 42 252 172 0 217 222 242 220 151 94 185 157 7 20 61 62
    140 30 205 91 251 233 161 73 100 165 153 147 232 55 249 9 51 75 148
    213 87 143 24 164 94 201 233 69 16 164 67 97 72 99 210 24 6 85 166
    225 202 153 236 247 124 33 62 146 248 218 78 11 255 219 154 160 222
    101 216 95 9 158 56 43 95 5 124 142 118 127 54 11 117 9 161 187 204
    47 157 81 89 56 198 18 10 26 148 200 5 143 133 70 119 168 66 52 90
    114 108 211 86 201 72 185 158 135 227 11 208 201 227 151 25 175 168
    59 77 201 190 114 58 211 25 159 158 234 60 206 180 173 70 4 25 121
    57 103 77 237 95 75 102 72 144 108 163 221 211 243 2 89 96 81 66 222
    30 52 0 177 79 234 18 185 26 186 110 104 66 121 41 150 132 98 6 20
    237 64 114 240 3 85 80 57 39 179 234 10 211 23 160 70 199 152 250
    250 146 128 84 92 121 100 84 80 204 112 118 17 38 241 88 44 169 45 4
    90 66 72 106 65 170 174 160 183 26 185 23 59 206 105 249 234 16 105
    168 116 104 23 1 238 107 42 208 171 51 6 170 53 201 42 51 110 118
    102 12 139 72 125 2 44 235 45 26 202 47 251 73 36 243 99 147 35 19
    136 102 135 154 65 205 247 115 248 149 230 108 96 137 125 5 233 213
    65 251 51 111 245 167 159 14 202 50 81 105 140 99 180 193 101 196 31
    217 182 113 226 172 47 92 40 113 155 243 112 230 17 147 126 55 155
    204 118 166 37 75 185 41 75 140 211 64 120 81 111 174 188 147 63 104
    37 129 8 205 138 193 120 81 234 238 88 249 222 250 116 236 120 139 3
    56 252 185 230 6 128 5 69 154 159 240 3 25 53 243 238 84 210 1 176 3
    121 203 158 106 59 41 62 225 190 168 72 139 205 14 70 251 62 187 249
    171 54 96 22 99 126 38 35 42 248 112 90 38 238 205 28 175 212 49 134
    93 156 49 126 217 146 108 50 252 245 205 202 84 186 21 108 185 128
    61 159 229 97 133 79 99 100 215 57 75 28 182 119 144 23 154 240 41
    171 167 189 110 100 37 0 191 217 71 118 3 161 40 6 128 87 74 238 92
    205 54 157 215 158 69 230 166 93 130 226 148 80 117 254 55 194 208
    94 134 130 140 121 112 161 226 96 108 213 182 29 222 163 52 97 234
    186 223 167 114 219 222 33 136 246 105 149 217 128 202 92 47 153 7
    110 100 79 21 209 189 96 215 60 109 72 22 92 132 177 179 220 109 94
    115 5 213 144 221 126 76 36 94 165 225 220 112 231 24 201 142 163 58
    199 174 56 126 8 192 163 221 104 194 6 120 35 83 247 187 204 12 209
    206 23 135 151 104 193 229 95 254 41 77 132 237 47 193 196 28 9 179
    72 47 13 52 48 217 33 50 16 181 153 49 192 118 147 160 235 18 8 182
    161 59 45 39 7 124 247 90 84 18 88 182 135 121 105 105 63 108 41 73
    238 222 51 242 168 253 192 56 254 24 216 240 26 55 166 103 149 47
    192 252 52 42 22 164 52 133 20 179 218 105 58 181 227 168 133 149
    230 215 34 175 85 226 114 211 205 212 195 100 88 61 112 110 196 22
    122 114 110 195 230 148 175 202 171 37 142 3 141 225 191 205 91 236
    221 90 224 64 252 120 125 165 46 150 157 33 231 46 8 103 76 38 231
    163 71 83 116 59 43 56 41 52 252 59 145 174 148 164 119 17 43 149 5
    125 81 175 108 121 105 137 54 220 169 83 219 175 85 251 13 212 96
    180 48 141 181 56 234 138 107 90 137 214 127 53 95 238 90 98 179 35
    254 230 87 15 41 222 227 162 241 124 200 238 185 40 106 177 251 122
    249 32 5 164 29 220 124 48 203 100 48 16 167 103 216 253 86 133 85
    244 59 246 57 180 12 200 240 33 255 58 125 250 36 148 95 228 72 12
    201 41 51 118 199 4 137 115 146 249 202 231 191 141 104 215 219 108
    173 163 240 144 166 56 213 1 87 106 163 212 117 207 177 245 16 79 42
    144 105 93 107 225 225 239 244 147 233 52 76 91 1 23 65 86 95 183 55
    132 98 80 28 50 85 192 133 32 140 56 29 220 73 249 255 143 250 198
    208 131 247 20 68 150 200 58 96 35 3 205 108 97 110 38 147 95 94 144
    39 7 23 53 48 136 66 17 3 86 143 158 25 63 86 195 234 63 174 84 16
    232 135 217 47 6 27 252 63 240 244 44 163 89 115 150 199 243 224 158
    51 122 237 138 250 193 38 88 86 182 197 225 241 72 24 199 11 3 166 9
    24 50 111 188 121 115 250 249 132 174 241 247 93 98 210 234 24 84
    148 197 217 132 238 233 226 184 176 9 186 155 221 10 157 156 12 172
    187 52 59 70 176 49 144 108 179 191 67 255 156 71 27 42 59 246 174
    232 174 73 104 169 104 70 6 134 165 241 87 97 12 131 116 161 221 14
    148 155 184 228 123 178 54 11 112 2 57 137 20 44 155 140 66 169 24
    62 221 69 2 22 178 117 181 66 181 21 192 67 141 38 33 222 4 228 153
    213 152 145 147 175 86 112 155 208 165 19 240 225 58 207 222 34 202
    10 54 145 247 4 207 11 148 5 155 146 27 237 21 120 83 46 92 59 203
    225 99 58 117 82 189 90 122 175 178 157 87 232 218 249 95 222 187
    120 83 91 0 18 156 142 213 45 158 179 86 170 156 89 45 159 85 255
    254 147 223 48 250 44 19 210 16 33 15 16 48 18 7 233 215 231 177 223
    232 191 124 193 251 242 25 160 69 81 96 249 104 163 108 112 249 167
    218 79 66 239 203 168 1 119 43 148 79 100 166 125 100 67 106 8 164
    155 170 91 25 135 95 196 51 235 4 109 89 19 32 49 183 238 90 183 202
    84 138 138 117 235 180 39 90 193 66 84 128 116 8 7 86 149 151 136 5
    6 168 11 3 214 147 70 207 45 148 139 24 136 226 211 199 180 188 38
    86 239 184 143 234 1 130 125 28 79 198 225 127 240 239 147 191 133
    145 163 185 40 222 43 227 155 145 124 246 243 95 156 166 144 109 9
    239 132 181 189 19 24 117 227 149 27 134 55 245 115 36 6 199 240 102
    109 116 50 16 36 113 164 199 224 58 190 43 15 169 235 132 92 133 177
    160 201 254 10 96 230 113 64 8 172 211 76 115 28 66 48 246 169 98 38
    28 196 234 249 223 146 31 21 39 73 66 40 192 193 245 17 65 0 209 146
    169 171 172 168 20 226 22 226 211 154 207 84 91 203 38 246 113 64
    203 35 49 191 93 66 54 46 94 128 18 240 49 95 79 92 179 8 198 26 117
    79 170 134 23 211 34 31 226 120 61 108 240 144 245 205 123 211 170
    150 83 183 114 237 113 13 232 186 26 38 84 183 116 159 170 249 19 0
    167 11 203 117 85 104 156 197 37 208 153 171 117 227 59 0 116 160
    127 35 182 51 207 154 176 212 77 89 218 109 185 3 67 27 249 105 28
    136 95 26 206 180 5 255 157 205 105 83 90 107 149 213 3 38 99 12 132
    71 109 229 44 245 107 190 166 67 86 4 60 146 9 182 201 142 229 240
    75 167 44 187 241 145 127 81 226 128 60 156 34 50 218 118 132 103
    200 227 102 229 152 50 181 242 171 59 129 31 47 23 144 119 162 19
    182 191 128 155 131 31 255 109 174 30 47 53 170 223 48 212 136 75
    208 30 27 110 148 229 104 40 231 188 18 111 224 85 209 1 85 162 56
    148 187 116 171 253 215 112 151 168 208 117 115 41 239 125 190 102
    235 117 39 92 206 118 155 236 164 89 19 131 75 29 57 111 62 89 31
    203 226 84 217 128 148 96 231 172 88 115 193 220 212 126 124 185 8 1
    39 208 147 170 194 235 222 213 151 169 8 42 228 237 121 209 151 67
    161 233 102 5 187 50 137 186 12 85 60 1 139 15 22 164 37 29 71 109
    105 114 69 104 29 6 196 55 102 140 69 250 184 162 48 63 35 219 204
    132 107 219 162 123 66 73 83 247 12 196 183 77 158 56 200 232 98 148
    246 207 1 76 221 208 236 184 242 50 29 150 156 199 184 212 181 148
    94 149 54 123 6 40 60 78 9 69 201 114 50 211 163 82 197 252 175 109
    148 57 62 180 101 33 124 16 197 69 103 100 249 61 123 239 146 158
    107 221 183 87 175 162 233 70 133 222 42 5 186 4 57 167 97 236 214
    243 23 99 214 105 30 89 207 161 223 249 147 230 171 238 50 94 93 229
    246 163 210 150 147 199 151 225 196 11 138 153 159 38 240 1 252 190
    85 16 28 10 26 238 135 85 168 11 151 186 195 72 177 164 68 199 253
    130 125 154 105 203 13 168 167 100 218 66 253 124 132 65 0 216 153
    230 8 2 19 232 162 78 29 138 194 152 119 229 102 148 107 68 45 235
    53 122 119 191 121 90 6 254 151 122 174 150 98 60 183 197 210 151
    190 243 72 155 144 198 23 230 199 144 188 34 0 158 115 143 25 114 77
    84 253 165 104 21 23 57 74 145 188 205 101 202 31 158 177 148 223
    230 251 52 33 36 49 229 111 82 100 4 25 128 93 167 57 242 153 116 20
    110 92 174 17 226 225 163 102 253 130 132 250 190 33 160 191 216 49
    254 185 171 13 47 207 122 247 144 3 190 186 76 19 57 23 110 117 123
    15 6 43 211 229 93 111 96 25 49 202 149 167 89 141 181 203 11 139 42
    206 217 0 174 38 104 54 115 2 172 124 164 239 185 154 87 73 49 69 43
    242 188 173 160 247 181 94 144 155 184 170 239 126 166 51 132 126
    245 209 20 18 22 88 252 63 96 152 222 36 240 96 75 67 8 94 63 70 206
    115 16 101 233 247 61 163 111 192 162 115 231 228 99 246 59 146 103
    206 245 78 11 49 147 69 108 216 253 169 222 9 168 244 144 61 219 172
    48 117 14 29 88 84 81 184 195 134 160 196 165 25 28 135 146 1 75 11
    188 50 124 200 177 36 176 131 48 215 10 133 183 54 39 88 192 89 189
    219 66 146 214 58 34 20 69 10 150 94 232 58 86 42 135 202 246 154
    240 34 61 70 66 160 59 18 165 102 168 105 108 24 143 108 249 4 18
    157 153 253 44 245 254 107 203 50 133 188 247 55 135 112 145 107 133
    116 177 33 157 131 8 222 183 27 138 147 164 19 117 29 83 131 153 177
    122 240 197 35 121 67 249 251 61 10 76 50 146 218 72 240 203 29 19
    250 142 189 59 15 221 193 21 219 220 174 250 212 130 59 1 64 144 46
    149 93 87 140 86 140 108 209 207 31 196 137 197 77 252 96 19 84 1
    221 177 16 74 156 48 28 56 41 189 28 118 86 114 198 53 96 207 170
    189 39 201 163 179 212 95 181 91 244 223 131 92 123 133 188 114 1
    113 247 189 33 215 223 82 38 233 69 110 10 43 156 216 30 148 35 141
    25 79 26 155 211 43 162 115 89 51 157 2 148 40 8 48 57 193 247 102
    32 99 1 201 61 193 28 44 132 64 200 64 128 88 8 228 215 253 222 40
    104 155 233 113 169 110 115 240 181 48 91 106 180 66 28 169 206 227
    84 186 11 208 24 95 24 193 209 222 96 104 253 242 161 146 245 4 198
    164 140 34 35 34 192 30 248 171 210 240 239 93 149 144 241 207 129
    248 27 210 255 24 150 239 222 181 7 98 132 175 152 137 42 165 98 220
    122 173 125 156 78 22 187 109 147 136 225 71 216 151 53 117 14 191
    172 49 46 209 188 196 156 155 194 238 80 9 243 191 34 242 79 46 108
    147 67 250 96 112 35 253 3 242 38 50 163 159 82 113 206 106 181 194
    222 239 249 9 29 46 248 223 223 156 86 52 27 63 29 6 151 197 241 110
    152 245 241 194 197 15 107 75 148 119 205 207 149 75 211 169 158 18
    169 19 24 146 94 112 48 165 41 61 38 116 73 18 108 184 114 191 227
    167 28 236 210 225 142 64 62 65 141 174 83 237 155 206 188 109 143
    215 142 51 168 204 139 63 124 27 242 218 23 49 57 79 207 144 49 103
    94 186 179 170 19 51 75 125 142 184 229 152 1 255 201 67 131 191 4
    17 23 156 56 203 45 206 188 150 133 157 63 1 182 208 77 212 216 120
    192 16 233 51 72 225 4 189 122 71 94 168 85 128 164 135 231 231 61
    122 78 86 123 20 59 198 237 194 48 29 84 149 214 79 105 200 27 86
    117 20 217 114 222 71 175 35 88 100 164 92 0 151 124 69 129 23 25
    104 221 180 50 201 217 156 65 119 1 252 185 156 69 82 156 123 58 224
    225 246 65 59 173 212 219 101 21 201 222 37 91 40 104 217 212 247
    202 0 30 102 195 181 131 105 70 220 114 20 13 101 55 163 19 79 69 86
    105 131 60 168 35 62 174 91 166 61 151 204 7 26 129 207 93 229 57
    254 229 94 17 165 190 76 66 83 125 44 24 119 193 235 165 91 169 192
    162 46 71 79 83 61 130 196 155 20 27 215 137 146 186 216 50 51 67 54
    172 189 228 246 216 117 59 156 253 219 119 72 31 184 132 1 220 60 74
    0 54 103 12 212 114 231 247 202 134 165 222 254 250 178 129 95 131
    119 244 21 95 159 158 19 37 58 127 113 118 26 150 220 39 5 50 235
    111 80 115 106 161 194 255 247 197 238 26 221 32 175 91 152 186 13
    151 87 109 2 186 250 157 68 247 63 66 172 246 12 166 161 133 120 20
    175 39 7 228 222 12 139 12 24 191 41 91 122 142 153 7 110 194 133 70
    13 198 218 235 15 206 184 106 136 47 79 197 179 231 110 46 220 214
    81 224 79 104 116 150 39 115 218 241 109 154 143 157 35 177 174 51
    68 149 186 171 62 40 221 170 96 210 252 208 67 229 139 90 125 136 69
    193 112 157 16 119 13 191 117 73 204 201 120 225 83 8 50 21 176 67
    62 124 116 108 121 43 126 45 182 48 176 229 223 198 159 148 30 144
    194 111 166 208 214 178 55 128 78 164 84 169 155 73 96 212 144 189
    146 113 202 244 107 35 149 244 185 125 59 135 221 125 165 95 99 127
    169 80 135 67 255 80 153 4 135 149 140 176 63 182 255 219 54 99 44 8
    180 243 185 11 59 39 187 191 176 100 95 184 28 198 230 24 113 161 78
    203 194 187 117 164 250 222 25 222 65 42 62 93 215 215 35 228 180
    226 50 134 53 173 47 243 33 201 5 106 230 4 243 195 69 254 204 13 14
    143 85 249 168 1 126 165 169 167 176 75 62 243 206 224 153 90 206 5
    133 218 191 100 254 79 92 197 205 39 191 137 146 32 177 112 152 5 5
    224 173 126 11 191 20 47 63 134 61 3 219 92 122 42 0 185 185 255 127
    72 253 127 209 46 42 202 62 182 76 175 94 4 198 48 235 61 140 72 3
    52 141 37 174 3 184 13 118 133 216 78 196 129 105 5 188 36 255 30 29
    176 175 16 128 240 41 37 77 57 83 235 176 216 101 54 232 106 73 58
    23 7 14 239 20 186 120 2 150 200 105 219 202 104 3 42 32 4 35 68 220
    61 148 96 145 73 237 180 111 120 14 197 254 76 231 37 100 11 104 175
    20 147 213 232 71 180 60 236 228 12 88 187 226 249 157 79 119 216 23
    88 103 58 34 132 172 6 178 226 214 166 254 119 86 222 245 100 19 89
    28 130 178 2 34 193 142 158 88 74 63 224 1 125 162 97 100 27 100 59
    196 83 202 4 206 192 31 37 215 98 36 194 90 245 141 102 84 181 214
    52 148 123 161 123 185 36 194 67 131 6 51 115 175 196 116 255 68 80
    102 129 194 205 125 55 148 55 181 225 137 4 206 40 28 153 99 244 249
    125 143 5 28 54 150 218 152 83 19 23 227 175 116 6 137 23 209 167
    244 137 62 243 181 219 146 165 53 100 31 152 28 173 148 182 191 170
    40 238 98 197 172 197 98 249 36 243 9 245 176 218 27 19 171 234 150
    195 200 2 66 123 244 20 138 132 40 165 17 147 30 129 237 118 104 39
    53 227 154 73 60 84 44 46 11 196 114 20 206 73 199 65 30 202 217 112
    41 216 214 174 168 57 130 65 123 164 69 133 13 94 31 5 140 42 8 147
    72 117 49 4 236 189 149 117 161 162 112 225 157 202 239 204 157 144
    248 139 182 103 0 13 135 227 164 7 224 180 66 227 179 81 23 55 141
    78 239 138 181 211 216 26 207 126 156 222 236 179 32 14 179 4 206
    241 206 149 157 187 216 247 67 157 237 83 151 97 237 182 49 45 143
    143 164 248 131 66 246 97 225 61 177 70 186 63 56 223 45 160 42 156
    177 107 36 113 254 157 16 17 252 177 248 118 151 186 27 208 140 16
    197 128 144 45 91 185 248 65 125 179 249 180 45 163 230 37 26 124
    174 27 132 183 245 109 7 26 229 117 16 253 93 206 212 52 204 161 103
    50 178 114 13 176 178 48 144 238 123 91 253 42 194 228 225 58 47 11
    184 13 209 6 46 55 153 199 43 39 65 55 15 2 212 103 241 173 89 74
    192 21 195 64 215 98 97 155 136 7 189 148 36 180 112 26 196 232 40
    99 34 158 124 243 63 130 139 238 132 118 111 70 244 227 253 204 6
    175 107 238 217 222 38 158 197 249 76 44 85 193 112 104 94 246 11
    198 29 17 39 115 93 130 84 169 96 106 68 232 88 19 163 89 47 147 189
    116 99 25 208 246 68 213 131 182 242 85 178 103 28 217 190 75 92 191
    220 181 48 177 183 249 239 92 221 149 205 214 142 206 126 56 108 84
    19 116 98 229 195 159 70 83 9 211 247 167 184 194 66 94 153 110 18
    78 130 128 140 248 245 122 226 230 203 51 182 37 27 25 255 53 169 68
    227 60 151 136 97 22 230 248 213 183 247 177 234 19 140 70 11 80 86
    48 125 140 113 227 93 105 102 165 170 101 48 243 231 224 110 140 129
    55 250 105 136 61 42 16 169 162 174 66 220 161 253 242 241 22 78 201
    163 247 220 24 177 51 184 8 208 175 218 219 231 232 44 245 54 184
    221 223 163 74 240 15 255 43 115 171 145 15 185 39 245 180 48 17 144
    237 177 136 144 104 237 44 111 252 179 80 112 230 136 148 111 168 72
    66 186 231 83 59 246 199 240 58 178 234 205 41 185 218 195 174 111
    235 76 197 8 33 215 149 166 192 120 172 101 58 95 57 4 6 104 239 91
    61 2 39 154 163 93 141 25 198 31 118 77 23 32 187 120 215 79 127 141
    62 111 213 37 215 176 211 253 83 47 65 185 217 222 105 117 9 164 92
    74 183 133 32 67 160 38 32 171 194 130 169 224 28 166 223 23 102 40
    185 70 46 152 27 54 220 157 212 16 190 95 246 14 47 91 186 140 1 30
    158 151 173 239 125 244 100 251 52 103 172 7 252 47 57 178 56 62 63
    10 178 157 35 24 194 204 29 0 115 128 127 242 58 99 17 204 228 221
    122 56 67 54 155 249 169 10 78 63 238 239 206 240 82 176 211 71 185
    177 38 105 236 87 107 76 151 56 61 40 14 132 138 190 0 216 241 56
    187 205 191 160 26 189 74 116 181 13 84 199 165 186 229 114 134 225
    12 220 8 161 28 83 23 89 191 135 25 176 46 210 227 134 182 85 68 83
    249 212 104 152 202 109 122 112 248 178 190 5 177 89 195 176 113 29
    114 3 195 220 15 166 142 111 82 222 142 193 86 53 234 97 198 171 162
    145 236 105 117 13 0 13 218 44 183 149 152 83 193 245 98 145 119 192
    118 182 82 103 86 63 120 247 114 113 140 117 36 72 99 50 89 230 159
    111 74 18 23 75 147 223 109 119 48 134 190 221 180 208 245 80 179 60
    163 204 253 197 104 197 6 97 92 210 49 125 9 97 6 107 213 136 100
    184 76 101 11 129 154 101 33 179 224 131 161 151 178 123 35 132 30
    174 16 86 219 126 129 57 162 29 120 6 86 126 200 38 33 40 32 122 5
    41 129 50 59 237 144 82 94 182 229 255 24 81 178 21 35 88 97 251 52
    24 138 36 159 153 81 29 200 80 40 173 14 207 118 24 183 110 18 19
    112 63 75 126 139 94 135 55 67 157 134 235 0 241 104 19 152 35 177
    138 190 163 233 0 39 209 178 69 0 209 89 33 150 166 235 187 85 200
    225 231 100 131 112 186 64 242 172 225 154 95 251 4 145 181 135 249
    17 235 7 102 125 2 95 79 7 95 96 239 197 28 52 22 20 240 196 217 17
    24 253 52 244 55 141 41 162 217 149 148 92 62 45 104 201 248 155 153
    179 18 202 167 208 21 34 74 226 151 169 148 7 181 221 252 168 225
    140 130 82 44 82 210 252 62 32 213 94 152 149 55 20 80 146 99 181
    139 129 195 44 217 47 214 147 103 68 174 196 71 154 247 63 4 1 136
    190 75 74 184 103 24 214 37 251 99 219 193 197 190 177 81 138 43 47
    116 140 124 220 125 52 120 229 229 163 144 75 39 58 232 238 32 47
    111 132 41 87 29 172 218 194 93 189 194 244 144 114 173 77 176 107
    221 186 152 135 238 56 11 217 93 203 131 231 131 133 38 249 32 224
    224 68 118 35 240 192 184 235 236 179 71 197 201 163 10 59 31 112
    134 49 87 75 126 197 66 22 129 144 12 164 103 186 180 225 145 231
    146 251 9 22 216 242 41 242 33 37 20 199 141 207 24 151 116 113 251
    235 40 189 195 82 165 223 121 31 226 168 28 142 167 218 145 64 41 19
    41 14 76 227 183 29 30 145 132 227 29 197 127 10 92 172 251 72 14
    176 78 194 176 43 96 47 247 27 99 7 248 129 105 245 6 211 147 166 12
    138 214 88 185 123 64 170 32 53 10 151 215 18 234 144 207 42 206 171
    1 93 19 14 183 72 146 139 117 218 132 64 2 13 207 135 93 245 44 194
    186 193 57 246 37 33 62 141 151 133 30 122 241 197 250 67 150 188 18
    71 161 36 127 0 23 113 172 112 221 154 156 51 55 119 167 53 174 106
    58 172 65 249 98 86 228 27 68 156 38 136 83 130 184 175 204 77 15 54
    156 46 73 119 36 92 178 194 183 243 33 149 160 72 105 243 102 135 48
    169 107 255 101 110 191 66 40 233 181 157 113 141 215 227 16 128 220
    33 215 107 4 121 211 89 159 98 158 90 61 114 143 110 245 236 170 87
    80 87 209 153 168 163 164 72 44 63 57 29 226 246 239 185 107 188 205
    221 85 62 138 244 74 136 130 137 231 105 38 1 97 248 165 67 72 182
    133 236 113 127 8 208 104 198 200 35 25 182 229 103 112 36 63 15 130
    254 222 223 208 40 233 155 42 125 43 166 224 155 160 99 254 252 208
    253 254 93 30 111 162 51 44 61 217 152 80 140 10 219 250 182 148 62
    8 72 128 0 98 120 133 87 95 255 94 153 9 175 183 239 116 82 206 197
    10 97 243 22 146 130 79 85 124 4 201 188 231 70 212 169 223 148 160
    171 87 191 104 29 137 45 237 172 222 131 27 131 13 150 100 238 191 1
    75 58 206 102 200 165 192 198 206 14 20 60 36 4 140 94 203 41 90 246
    249 47 83 202 181 130 248 7 75 201 254 176 203 149 251 170 27 1 89
    41 59 139 90 28 71 183 254 178 231 89 203 124 129 235 33 25 117 251
    40 127 201 38 2 35 187 110 219 241 243 100 92 216 84 96 251 88 133
    83 141 150 205 63 214 68 241 244 123 104 148 93 160 6 255 215 49 19
    165 11 168 60 98 77 73 35 238 187 185 239 243 32 184 34 0 140 51 252
    170 112 210 94 133 134 48 116 208 7 153 156 85 133 219 40 34 26 233
    60 83 242 50 12 125 118 49 115 228 87 88 237 109 11 65 96 247 242
    240 55 247 218 126 205 245 87 170 118 105 244 59 71 36 142 197 72
    126 49 159 93 100 15 239 188 63 172 175 216 75 118 48 137 219 117 56
    176 39 54 182 101 196 134 138 54 79 195 100 32 213 225 203 8 219 211
    32 59 232 167 162 84 64 184 183 128 238 121 64 189 204 166 15 98 44
    186 214 69 24 187 77 148 39 230 4 105 70 24 155 250 135 196 130 243
    232 46 89 45 215 134 218 121 85 9 145 231 221 26 91 60 244 90 227 43
    84 29 161 159 82 191 221 76 5 202 159 225 216 172 34 117 193 241 36
    160 213 172 4 115 145 144 187 200 190 186 115 219 73 45 38 27 36 115
    198 132 45 32 119 62 129 200 236 133 177 150 27 89 60 225 199 53 151
    202 21 74 23 66 130 169 46 238 37 210 116 64 73 178 231 39 30 83 119
    255 87 47 226 202 29 88 72 75 38 2 199 118 198 128 245 57 190 204 75
    40 3 168 25 142 180 33 202 224 20 247 5 40 36 220 175 230 183 53 172
    56 239 89 60 47 174 204 232 15 12 114 223 194 50 143 54 198 208 164
    200 65 245 206 248 248 15 126 214 119 160 103 64 32 133 98 44 31 233
    168 214 151 134 107 70 89 111 145 140 145 94 238 158 180 118 224 169
    202 132 22 161 216 208 172 2 241 99 225 48 76 46 91 37 42 166 145
    236 97 80 130 73 32 83 115 233 160 16 207 115 121 12 70 147 152 140
    163 145 60 153 250 87 35 176 10 188 133 247 117 16 53 4 104 187 65 4
    178 252 182 120 83 112 205 30 198 164 242 39 6 167 203 223 6 204 194
    144 188 253 0 219 239 42 206 13 29 74 216 49 206 64 162 249 90 17
    110 50 205 121 59 240 106 38 199 36 182 151 173 128 144 87 231 241
    24 35 30 115 72 169 59 244 195 39 37 117 199 59 167 143 194 74 56 56
    56 133 39 216 54 80 92 249 131 210 133 79 3 14 175 131 192 9 28 127
    25 210 207 180 127 130 199 213 150 78 217 85 21 73 25 218 164 191
    170 243 205 103 162 105 243 19 57 254 226 60 46 184 141 4 126 245 31
    26 252 187 155 223 162 57 33 114 69 34 74 70 220 119 205 31 59 251
    173 150 73 141 79 69 87 154 211 135 169 230 146 169 189 252 61 110
    151 66 28 54 165 87 235 32 216 1 42 234 254 189 110 56 163 82 97 188
    130 132 152 115 246 95 222 193 59 65 110 239 254 202 12 239 224 63
    176 53 8 180 133 225 86 41 224 197 234 60 153 193 231 5 3 64 165 242
    251 162 172 16 91 153 214 152 97 141 64 235 74 197 70 126 192 27 102
    110 229 40 108 27 171 104 115 57 134 201 168 100 66 184 54 212 72 40
    63 29 225 248 140 8 172 40 124 45 210 201 50 117 193 162 209 126 228
    54 70 125 58 205 14 233 47 124 178 254 116 18 144 242 75 141 75 18
    27 39 68 71 155 176 43 253 71 130 65 172 142 142 234 220 132 152 70
    162 114 238 114 226 91 248 29 6 113 77 51 246 192 69 177 1 101 162
    228 183 204 141 58 106 178 115 166 2 212 97 15 201 89 182 44 67 209
    57 35 197 206 7 79 70 254 231 247 137 34 66 22 174 116 13 154 36 109
    13 149 89 93 250 84 45 250 81 229 173 193 109 36 2 170 34 254 206
    194 234 62 151 199 163 181 187 49 193 17 60 229 239 124 239 181 0 66
    199 221 90 161 187 166 74 13 240 206 225 47 105 129 204 171 170 68
    78 139 204 19 11 242 164 250 96 195 243 223 201 155 193 11 193 105
    113 60 167 60 57 66 68 201 102 168 30 1 205 251 151 234 31 23 217
    128 77 54 138 152 174 27 75 218 109 8 97 134 2 75 142 68 28 250 93
    156 76 107 195 98 226 86 118 13 19 143 156 251 61 233 44 10 219 170
    244 53 127 100 100 247 143 107 92 116 91 3 76 57 132 170 127 14 72
    136 249 253 6 111 70 152 89 214 116 134 161 189 97 251 181 37 40 195
    20 102 118 185 177 239 68 68 177 110 202 123 126 117 121 22 221 18
    59 75 10 110 200 154 78 5 204 155 218 220 79 112 35 39 65 102 108 61
    52 39 186 153 135 220 202 63 137 56 128 147 151 129 114 56 73 49 200
    55 105 15 149 168 177 244 182 243 190 38 207 152 199 146 42 153 103
    52 148 237 242 11 238 217 154 115 219 216 123 163 129 204 178 61 216
    84 89 120 108 85 73 156 244 112 46 145 203 130 24 101 243 140 71 210
    87 65 35 92 231 147 247 99 165 19 16 45 84 43 197 8 180 232 211 204
    235 224 17 160 0 171 34 243 55 162 180 151 102 100 24 231 70 235 253
    141 103 28 58 84 94 21 75 18 19 86 1 100 255 249 192 20 93 111 242
    94 86 102 140 10 163 159 75 144 35 229 7 29 115 121 117 7 165 13 2
    32 229 253 49 70 13 100 136 133 237 190 73 113 104 77 135 7 0 188
    171 216 50 72 182 43 42 44 116 57 90 96 87 228 29 86 137 211 80 195
    58 134 47 253 164 85 112 58 22 127 98 162 20 196 19 62 245 4 253 79
    103 117 74 197 9 86 57 122 188 210 10 150 22 190 180 126 184 145 123
    129 213 80 84 111 253 75 136 174 2 14 238 189 193 146 116 134 44 3
    251 34 152 92 62 90 81 58 146 207 31 92 181 209 254 163 159 208 237
    63 133 25 32 117 142 164 216 90 123 112 159 212 173 83 23 37 56 70 7
    118 87 46 48 24 224 185 170 181 219 140 33 244 234 144 215 4 77 26
    201 211 81 213 171 32 17 234 130 126 62 69 127 195 85 212 175 111 90
    221 121 178 177 112 208 46 99 25 90 80 114 203 24 80 78 54 158 134
    57 35 12 172 217 4 170 207 37 119 193 236 82 22 29 4 213 159 136 60
    178 207 141 228 212 74 93 140 206 224 98 55 205 147 155 209 140 141
    100 135 7 73 97 109 134 126 14 41 61 23 138 146 103 180 52 24 54 240
    69 15 54 81 99 41 239 150 98 97 118 200 43 195 195 21 181 145 24 0
    189 184 244 201 158 33 155 21 126 126 200 239 6 77 181 44 225 237
    221 136 82 2 99 217 54 175 170 78 211 119 132 85 107 27 185 194 241
    243 23 235 220 67 104 175 194 36 110 227 214 229 90 32 16 192 163 38
    43 194 251 184 252 105 249 43 119 73 32 20 183 101 153 204 12 1 225
    179 232 241 140 178 10 174 148 113 128 106 183 32 34 209 253 216 75
    26 226 40 240 164 224 251 78 106 68 245 142 78 58 183 65 253 112 135
    224 225 6 249 75 113 21 125 200 193 151 168 60 168 97 47 164 136 32
    200 191 24 107 20 67 230 210 23 217 181 146 35 169 58 143 47 162 148
    93 137 205 251 30 64 43 200 61 145 11 87 149 185 188 119 11 161 55 1
    251 4 69 77 250 115 146 24 120 52 6 158 150 106 228 211 89 79 75 192
    235 66 1 47 250 15 59 45 23 42 151 231 104 244 179 80 162 140 183
    132 155 116 174 4 207 43 192 0 203 236 237 172 243 26 141 178 86 85
    109 60 69 127 148 161 166 136 152 33 213 101 87 90 60 111 202 219
    115 149 75 182 25 215 46 94 226 109 240 162 43 99 213 173 85 195 69
    253 39 67 192 241 231 255 173 15 236 112 9 147 3 31 82 222 183 236
    133 137 105 158 101 138 149 149 109 237 212 44 0 85 3 175 192 177
    121 54 95 193 116 152 238 171 139 238 86 156 90 200 147 188 123 142
    1 154 56 253 75 141 46 48 4 14 120 69 34 31 209 165 83 222 240 53 4
    109 155 0 174 128 133 9 228 8 99 59 26 53 166 183 249 197 3 238 30
    131 18 100 248 79 158 76 251 189 46 134 224 210 92 132 53 94 107 120
    104 223 5 65 86 198 253 254 98 203 212 119 17 211 89 237 107 162 132
    223 148 130 124 140 61 43 136 254 223 174 72 222 148 1 43 210 18 191
    67 114 32 32 197 234 58 141 205 189 185 10 148 188 14 22 131 49 83
    98 246 84 6 48 22 100 253 234 77 113 150 75 60 220 131 127 95 67 98
    149 216 174 236 237 173 138 224 170 110 132 177 33 2 140 235 195 23
    142 130 67 75 36 178 29 212 156 234 228 196 9 200 192 225 35 207 8
    16 239 71 250 196 95 189 245 198 49 94 57 47 209 243 168 110 205 157
    29 79 152 131 240 99 180 51 105 217 93 95 80 167 184 111 187 0 21
    207 13 228 117 248 127 142 206 203 5 104 93 225 235 143 189 35 32 38
    3 148 61 23 149 58 50 20 90 81 210 15 113 164 104 60 26 201 212 210
    112 61 15 110 31 13 93 156 15 132 16 197 176 209 8 181 28 12 216 84
    112 171 144 167 25 80 201 128 124 111 123 114 206 55 86 65 183 196
    168 159 180 39 15 113 230 47 17 7 235 125 110 243 139 50 178 232 199
    10 198 4 158 159 134 22 51 95 127 77 119 111 47 52 51 244 100 99 214
    34 137 159 57 135 224 134 113 173 203 50 217 97 161 105 70 161 205 6
    27 221 14 176 134 247 83 56 51 123 180 16 61 211 221 98 156 209 144
    201 145 227 250 245 87 42 243 221 194 64 208 86 78 19 38 164 158 40
    85 199 191 55 24 102 226 228 205 219 74 20 45 220 83 75 247 139 44
    58 185 224 178 130 73 225 212 5 35 174 36 53 66 2 11 11 220 77 20 98
    195 132 192 2 252 140 245 129 230 36 204 221 68 113 222 254 114 103
    78 145 134 185 69 219 245 255 89 140 73 149 108 115 66 0 10 125 147
    77 169 48 212 134 10 88 236 79 233 63 124 98 121 89 105 165 81 10
    255 207 194 189 73 99 206 1 180 209 111 193 180 47 131 201 136 177
    114 115 197 130 3 17 146 252 35 124 213 240 129 108 225 96 2 146 13
    139 38 216 110 234 16 183 28 142 254 195 47 24 80 227 249 63 27 20
    207 170 130 37 140 25 153 163 155 2 176 166 197 221 171 254 5 161
    152 118 219 198 107 23 253 174 2 35 28 226 191 166 209 237 198 158
    240 73 223 193 36 186 88 56 253 129 79 238 215 210 70 90 22 105 78
    252 119 147 168 177 91 54 144 168 161 156 83 143 166 210 234 21 63
    233 120 220 203 98 174 226 239 21 197 24 168 88 208 248 229 125 201
    243 92 235 48 54 117 84 249 0 149 90 190 202 95 240 19 44 190 187
    183 98 62 10 72 87 180 207 194 57 115 31 222 105 254 185 38 102 2
    227 155 51 79 115 109 125 84 217 90 84 114 15 229 194 251 149 198
    192 137 21 133 33 25 239 45 134 143 59 234 48 109 89 125 48 134 171
    188 39 121 245 178 184 177 254 58 51 54 127 118 169 46 176 202 65
    193 108 179 131 140 135 92 131 238 220 50 101 51 213 96 13 176 97
    234 57 107 255 55 126 230 192 116 81 8 251 39 24 110 44 153 61 171
    252 168 58 63 163 32 182 131 248 202 41 193 20 226 224 103 108 225
    114 196 195 37 249 151 68 209 210 58 89 118 68 198 215 213 98 201
    153 233 186 190 94 231 147 51 194 175 86 239 17 241 28 66 219 58 161
    121 202 101 16 254 163 102 169 118 77 214 202 69 9 163 208 242 223
    160 23 70 239 194 121 106 29 73 237 3 34 100 238 103 18 231 53 216
    148 169 173 252 138 156 114 244 41 72 0 10 7 59 13 231 30 195 195
    124 255 63 138 136 109 166 227 12 26 100 123 155 64 177 109 169 253
    180 90 63 35 32 24 212 136 89 107 171 111 250 244 203 206 37 246 131
    217 246 181 251 186 176 239 170 143 111 145 0 233 46 198 229 47 248
    197 225 241 192 23 219 232 107 201 140 149 49 38 135 100 139 219 32
    160 148 37 224 6 128 46 253 45 58 41 10 45 105 178 53 50 247 145 155
    133 31 172 255 197 150 128 189 128 31 189 11 5 57 213 16 204 71 254
    8 49 108 57 11 134 188 220 197 132 151 99 87 168 203 214 214 169 10
    60 168 222 12 100 242 220 44 168 6 117 197 27 97 254 134 177 126 156
    114 208 64 146 39 182 243 26 253 50 98 118 191 153 243 87 210 79 198
    244 30 24 149 170 255 67 229 62 3 241 107 135 190 63 38 125 219 16
    57 241 34 100 0 69 6 18 6 87 8 125 152 65 239 103 170 97 93 115 70
    18 10 188 245 207 142 252 127 47 163 83 70 218 231 12 68 100 204 2
    41 4 2 192 29 183 125 8 241 220 13 213 7 184 134 142 37 20 193 138 4
    229 165 109 222 228 148 50 199 166 72 91 179 60 91 173 192 147 155
    190 210 84 146 160 93 111 8 229 239 212 253 80 231 159 44 32 27 136
    247 243 99 244 37 7 5 9 239 237 13 211 252 210 30 192 107 114 121 69
    124 71 160 56 116 153 202 44 34 37 183 115 44 245 80 151 135 170 3
    158 63 195 11 233 177 170 178 84 29 55 137 194 58 108 241 163 175
    192 51 83 133 172 148 213 200 232 239 115 40 89 185 38 247 17 253 81
    157 93 43 235 136 213 9 102 167 44 122 250 71 30 22 48 0 4 240 156
    97 125 141 29 114 43 228 53 123 202 1 71 169 82 231 167 170 230 114
    88 154 107 88 250 247 247 187 249 127 217 200 178 13 138 97 40 206
    66 196 138 105 195 90 121 205 185 132 44 153 130 42 216 219 222 252
    104 41 26 147 181 87 215 194 136 48 133 95 167 88 97 171 69 185 207
    76 214 168 238 106 173 154 195 159 107 159 185 242 247 167 40 194
    171 0 180 215 132 157 166 151 141 252 19 208 198 89 52 45 208 245 67
    180 119 242 188 124 62 246 60 147 17 134 211 117 45 83 18 108 70 189
    54 209 161 249 91 36 15 216 160 46 30 88 201 220 25 104 138 105 78
    116 234 81 201 235 172 115 233 89 214 113 211 198 167 159 34 52 194
    226 254 63 239 84 242 1 126 130 47 119 151 16 55 54 29 148 77 58 187
    196 4 7 112 151 210 232 216 149 40 84 10 11 118 253 25 116 243 69
    199 80 88 161 56 71 126 97 152 241 182 7 186 176 133 31 81 248 209
    163 118 87 187 75 55 5 10 221 71 182 97 92 206 3 32 223 106 88 0 242
    6 181 168 224 152 165 190 75 189 79 191 137 6 166 69 94 218 62 250
    206 246 146 37 223 39 140 140 130 120 53 173 145 142 249 145 147 84
    135 107 190 13 185 78 66 189 146 125 227 173 128 118 231 210 231 144
    253 145 96 113 78 0 2 88 26 205 85 71 218 203 104 246 235 12 192 198
    199 234 70 205 113 99 68 193 185 28 255 182 41 197 3 211 1 2 240 161
    154 93 5 103 172 208 86 239 146 95 81 74 208 142 40 60 125 63 17 246
    124 1 83 58 202 165 242 204 82 114 220 140 208 252 189 25 159 191
    248 185 214 101 233 190 39 194 128 203 121 10 215 6 59 83 145 254 4
    21 4 207 8 47 33 173 196 36 51 180 93 63 86 101 141 154 128 174 82
    53 194 143 21 150 154 240 226 183 166 0 89 233 142 153 229 51 91 233
    147 13 229 148 189 130 169 6 130 245 19 165 6 186 44 140 216 203 61
    253 226 135 84 188 123 70 10 98 27 215 141 4 203 18 113 126 251 197
    14 247 192 165 133 184 130 53 37 158 237 133 18 95 111 22 50 7 107
    73 36 16 6 141 30 106 136 250 219 137 128 64 218 66 44 66 167 104
    199 149 199 238 134 192 44 140 211 207 185 224 254 198 123 183 235
    165 55 235 102 179 24 228 105 154 137 80 56 11 30 241 203 86 100 90
    121 179 65 67 121 99 103 195 199 250 128 145 45 75 122 204 187 80 5
    237 85 146 187 28 137 108 173 233 99 11 83 187 23 152 156 6 215 170
    62 60 213 39 214 239 140 141 155 143 139 132 215 33 101 46 36 124
    122 8 7 59 164 76 245 196 47 216 209 131 165 5 92 199 131 244 53 27
    92 184 57 195 69 201 147 139 6 205 230 183 149 14 33 60 98 80 238
    194 90 243 209 184 114 113 124 57 95 171 2 109 122 56 128 182 156
    246 148 54 247 92 141 62 84 249 47 122 84 168 159 75 229 201 125 245
    143 214 173 12 26 83 3 252 142 216 245 208 93 254 172 11 196 205 164
    214 41 80 145 172 136 201 232 49 126 247 214 248 192 67 131 2 110
    194 225 121 53 235 131 124 34 145 88 145 210 113 178 13 212 113 156
    138 194 176 149 90 249 205 91 99 216 199 91 162 1 224 95 164 9 64 15
    53 139 143 248 17 191 69 225 1 164 212 51 116 35 109 112 203 18 200
    228 160 205 15 4 52 96 93 189 177 46 150 146 89 158 28 123 97 99 103
    158 220 153 185 15 152 119 127 250 191 37 226 209 152 216 88 236 91
    74 42 240 174 175 253 21 39 150 143 171 167 38 153 11 177 171 100
    159 137 100 34 236 29 230 128 150 88 253 36 88 79 16 5 234 183 216
    107 250 186 21 253 252 161 66 230 60 127 174 181 191 188 18 227 243
    67 232 72 205 0 89 168 51 94 239 15 205 78 148 106 86 48 43 144 109
    53 229 241 124 198 61 96 151 165 65 137 158 137 22 37 216 14 21 157
    166 32 175 82 209 195 164 101 225 153 198 168 91 206 51 158 203 111
    226 202 202 58 114 66 104 2 166 177 213 108 113 187 59 110 52 252 42
    106 246 30 231 160 149 69 126 255 240 19 138 227 179 45 236 168 81
    28 153 114 233 13 172 195 140 89 145 193 252 195 129 44 64 216 148 2
    132 237 89 12 71 40 90 152 198 52 140 142 225 177 89 42 145 20 229
    159 113 65 167 134 146 196 179 30 91 130 139 10 26 9 7 183 181 43
    107 86 109 214 29 157 104 191 182 93 234 128 28 109 102 93 64 182 31
    15 64 38 10 15 182 181 154 251 122 9 176 190 53 185 140 255 88 123
    19 12 91 115 237 147 131 143 253 49 136 236 22 203 20 217 79 242 33
    181 237 232 250 47 109 124 217 129 55 246 246 146 113 186 80 156 145
    157 147 59 159 35 247 63 59 162 84 24 97 104 151 0 49 154 190 82 133
    203 180 91 124 132 188 189 249 250 10 100 222 179 192 218 53 73 187
    197 94 51 204 86 46 192 183 207 100 155 252 91 169 46 255 46 228 170
    205 17 23 177 205 86 243 117 113 221 63 86 5 74 81 122 205 12 171
    153 10 208 177 91 86 191 223 207 33 177 208 100 33 232 89 253 62 246
    41 36 112 108 205 66 62 39 151 95 222 13 30 41 222 125 221 16 105 16
    213 129 17 254 220 73 57 13 248 212 80 239 116 255 94 81 82 102 29
    16 137 226 205 236 241 76 253 101 38 74 151 61 209 58 214 91 14 239
    69 156 198 6 174 227 252 70 175 67 81 48 25 226 64 197 60 48 250 214
    167 200 120 228 253 4 225 155 97 157 136 75 78 62 58 18 90 165 207
    106 66 51 225 107 47 33 112 66 166 88 100 16 238 187 122 83 54 166
    239 152 170 241 224 46 205 53 98 143 157 230 140 151 228 93 93 204
    158 220 6 165 43 197 164 58 240 214 75 208 158 89 3 21 164 165 168 5
    46 87 97 40 244 248 82 66 144 97 184 120 224 76 175 199 87 35 196
    247 67 74 96 67 250 42 59 253 120 82 202 202 217 165 227 170 157 155
    20 131 239 163 85 32 223 63 171 192 27 180 159 159 156 20 94 52 161
    94 211 58 171 16 65 126 32 28 29 19 65 196 81 103 88 188 158 254 166
    46 226 82 131 214 162 246 9 173 237 157 166 14 149 81 180 30 124 216
    119 104 33 178 176 241 234 175 54 249 176 97 31 199 42 144 251 101 9
    148 1 48 96 55 107 5 31 180 199 123 86 59 87 113 226 175 140 139 160
    214 9 130 63 26 21 59 28 30 148 115 146 19 157 141 9 85 182 247 192
    8 140 94 149 143 80 240 86 76 6 148 64 201 247 57 69 93 204 44 16
    185 62 204 154 124 101 114 191 193 27 87 103 18 242 71 63 2 100 16
    178 197 11 44 21 128 156 108 70 111 134 203 88 235 212 139 14 218 88
    189 8 210 214 130 172 65 50 87 172 149 144 31 113 163 105 239 51 247
    191 3 242 254 206 135 159 112 222 139 171 10 17 191 162 170 129 221
    198 33 51 115 164 89 149 60 71 251 145 126 206 244 24 63 93 252 19
    103 87 159 114 49 172 192 118 36 107 83 109 147 41 181 56 92 90 88
    83 100 166 6 0 110 102 9 182 34 253 18 132 75 55 134 108 236 66 40
    232 204 197 196 36 134 26 130 182 128 149 248 235 81 145 1 213 117
    62 4 13 36 242 170 171 254 182 204 83 250 123 189 47 215 150 33 40
    154 107 217 35 239 59 235 76 243 68 242 99 51 152 132 66 19 29 130
    29 141 103 129 72 28 237 105 16 78 103 8 91 42 225 99 218 0 184 150
    153 50 5 210 100 183 147 116 116 223 245 122 165 141 156 177 254 249
    187 165 97 161 194 108 89 244 152 211 201 112 214 45 17 180 165 254
    110 178 189 251 7 22 107 161 52 171 138 223 44 129 243 121 46 191 16
    49 10 89 42 119 179 183 32 209 197 237 236 226 156 242 122 163 136
    132 17 159 216 90 239 248 173 111 227 126 249 198 10 238 249 207 176
    33 58 204 113 254 73 9 94 133 35 214 247 138 26 5 111 97 55 193 119
    181 27 126 106 153 232 79 139 13 202 253 52 102 211 87 15 174 174
    171 153 35 254 244 0 74 212 122 207 191 123 8 138 156 15 99 241 118
    85 38 58 127 180 169 90 175 178 18 215 135 129 208 122 46 162 4 231
    26 134 80 193 164 251 108 193 236 31 100 60 166 251 230 74 106 249
    192 56 191 11 182 49 135 81 177 122 175 14 226 101 235 103 141 2 116
    40 87 102 253 14 18 11 29 51 1 150 97 114 175 9 162 72 107 233 14
    217 137 116 157 158 30 185 106 78 46 164 243 141 187 1 95 7 59 143
    13 38 55 70 150 41 246 145 117 113 179 181 231 73 56 79 100 11 211
    132 0 67 20 200 91 244 128 164 218 231 242 87 157 4 82 61 139 252
    232 172 206 65 111 228 237 192 41 92 195 135 20 175 114 251 169 113
    194 37 182 39 249 79 174 166 126 180 133 248 198 233 169 134 163 195
    195 64 192 159 0 204 65 44 219 196 95 251 126 20 139 82 133 122 252
    56 154 70 89 44 227 2 243 8 100 93 122 28 248 243 46 83 74 7 212 205
    248 251 249 212 142 29 213 7 143 249 57 93 178 113 143 9 12 134 199
    157 156 52 219 248 23 189 76 41 22 65 26 12 232 157 168 28 66 81 123
    251 33 36 70 142 165 231 178 126 192 8 36 134 243 70 231 206 187 221
    89 229 255 65 234 55 156 9 213 234 79 124 166 66 172 238 188 255 230
    159 163 170 161 138 210 18 122 112 237 226 40 50 12 160 191 162 197
    235 248 169 220 83 51 98 3 149 102 23 251 4 153 136 117 110 93 251
    229 158 158 254 48 132 192 47 89 111 92 79 99 23 225 165 47 101 40
    125 15 66 33 146 248 128 231 212 102 88 167 98 67 226 71 241 154 74
    118 47 62 217 87 15 43 207 185 70 176 159 213 80 168 208 254 213 26
    21 96 78 166 183 211 104 229 218 36 70 131 42 25 26 97 100 174 98 67
    70 207 16 244 7 115 98 28 161 234 185 49 239 211 36 168 159 31 111
    175 162 8 192 70 46 19 212 192 202 22 161 24 67 51 206 72 222 16 64
    51 62 75 66 68 91 171 164 19 43 2 73 8 206 25 82 210 81 115 234 232
    187 112 163 104 211 131 220 18 40 253 252 65 213 166 234 136 90 79
    23 190 217 31 132 172 160 207 54 156 92 178 25 12 168 82 26 5 91 22
    18 132 20 212 177 212 251 61 244 36 78 108 136 28 127 39 62 58 126
    225 159 43 3 43 239 78 201 134 4 59 234 59 79 62 169 212 20 187 63
    217 16 167 250 89 151 62 1 226 60 240 170 85 184 192 129 141 32 126
    243 180 159 9 98 206 82 141 38 15 127 78 120 127 55 71 0 233 28 41
    178 127 75 101 177 2 1 44 99 198 221 159 191 232 106 231 18 98 54 76
    4 169 227 116 8 180 36 93 75 157 95 84 103 196 87 253 146 5 140 69
    148 110 57 162 139 107 222 101 114 194 203 186 200 95 254 196 151
    186 85 24 128 226 177 12 70 108 163 30 216 196 202 230 101 31 233 60
    211 220 231 249 151 36 114 104 144 81 27 116 146 79 84 17 92 200 149
    189 33 95 199 211 151 133 138 120 13 49 153 60 166 251 10 187 37 111
    92 134 75 154 19 230 84 216 46 180 150 228 68 163 170 238 186 68 52
    59 194 3 213 135 237 118 237 196 222 73 79 230 129 138 66 165 54 34
    62 29 153 153 51 135 185 153 108 93 7 3 83 53 16 42 187 16 158 115
    57 22 116 19 16 170 69 199 63 27 74 38 114 65 44 165 230 233 56 65
    45 218 114 142 150 53 46 131 151 162 147 8 239 253 2 56 127 125 115
    102 93 200 156 202 67 10 216 85 176 92 95 25 50 58 32 129 7 70 172
    92 137 162 191 190 112 42 236 160 201 216 43 72 87 212 15 116 31 73
    33 119 182 234 192 253 57 75 157 10 64 179 84 239 48 194 171 65 245
    117 179 46 94 1 154 216 44 210 246 151 189 12 202 141 133 82 177 122
    29 128 16 14 46 97 77 4 105 13 144 159 243 39 211 249 169 151 58 66
    235 177 201 59 37 253 188 6 146 100 92 183 13 36 247 26 156 87 154
    201 69 216 114 89 139 145 153 188 207 215 58 145 214 242 149 200 23
    53 67 114 166 229 83 143 169 144 189 205 43 197 236 52 17 234 150
    150 106 49 235 131 74 104 105 134 173 50 149 221 186 70 87 237 204
    23 104 116 201 34 160 46 143 192 13 120 187 127 104 26 173 90 234
    124 110 55 103 132 35 170 171 195 176 244 129 78 164 94 194 199 205
    115 174 110 206 142 193 162 251 165 207 85 191 91 229 69 142 218 167
    92 233 242 204 36 251 36 34 139 204 42 23 9 6 23 148 255 233 233 250
    195 185 252 111 240 101 3 174 218 89 54 31 109 49 67 50 193 118 212
    210 102 208 117 200 224 156 189 73 47 133 150 146 0 83 117 133 198
    90 212 144 165 209 138 111 172 147 139 6 33 98 13 159 58 110 240 135
    39 21 135 52 17 124 224 202 184 73 222 239 27 189 52 126 249 143 112
    237 186 65 188 238 76 85 203 99 85 53 35 13 154 164 176 249 109 88
    49 207 200 141 19 122 199 252 186 193 42 0 105 84 124 92 93 93 128
    47 200 244 176 234 57 5 219 196 179 200 47 200 28 251 108 215 186
    126 97 61 177 203 125 74 108 13 196 98 82 153 169 226 169 20 223 251
    142 149 23 197 231 58 242 35 246 71 54 26 49 129 88 44 32 18 229 81
    87 205 213 105 3 219 149 240 141 45 254 191 57 234 133 101 223 246 3
    87 217 191 243 25 70 204 126 9 157 155 87 150 230 250 113 45 117 215
    222 250 66 85 227 131 50 217 93 239 132 180 219 7 68 72 254 121 164
    231 59 202 47 3 148 104 56 104 176 103 40 2 99 144 13 31 24 154 210
    231 41 33 214 201 100 146 20 115 208 205 191 29 135 230 221 235 93
    99 227 166 208 54 235 228 232 46 104 134 156 24 74 179 44 127 35 89
    40 40 65 207 251 126 91 67 236 118 109 52 207 57 169 134 131 85 191
    168 220 71 93 11 206 5 54 247 3 18 18 149 172 104 34 22 74 5 181 30
    83 163 202 70 203 113 71 216 103 200 102 1 132 108 151 184 34 52 185
    90 33 149 195 161 120 119 104 247 222 152 173 83 213 72 114 5 130 27
    49 254 221 104 212 165 180 18 187 123 12 44 165 200 126 57 108 165
    221 169 9 73 246 230 221 28 205 153 89 94 135 102 107 227 209 95 143
    201 230 235 158 58 18 246 125 96 5 11 91 178 231 71 158 24 27 128
    202 82 48 224 247 81 215 253 121 11 75 124 83 175 76 225 233 107 192
    122 251 100 16 86 48 208 126 44 8 227 187 214 106 212 64 214 99 121
    254 54 125 225 2 38 97 73 103 100 165 148 36 9 203 136 225 78 120
    140 136 167 57 233 173 119 185 234 120 45 67 210 19 249 90 133 171
    55 114 227 243 115 99 234 133 119 21 107 173 123 20 161 65 11 11 166
    181 77 251 26 238 215 108 85 220 154 125 59 156 184 197 116 10 243
    49 206 16 209 162 79 34 204 24 206 188 145 128 29 239 114 128 164
    146 197 227 6 76 88 192 8 22 51 11 27 30 1 24 78 225 48 250 197 253
    130 198 199 101 89 167 166 251 82 176 211 16 177 90 170 77 85 59 154
    195 37 115 51 134 141 166 82 15 163 26 121 166 251 239 0 219 208 250
    10 195 144 94 251 234 194 79 246 229 244 213 18 177 97 69 133 25 51
    80 158 63 224 71 127 242 3 141 149 159 226 3 68 152 250 240 134 191
    44 175 163 187 120 1 177 22 67 126 248 168 97 239 6 195 160 109 145
    209 78 42 146 36 29 151 124 184 60 197 231 206 196 72 254 18 208 101
    242 164 139 116 114 207 134 248 178 83 143 197 61 61 197 30 43 191
    249 99 115 202 26 78 211 19 150 4 45 170 49 204 171 146 69 172 193
    135 135 40 101 254 87 6 126 83 249 224 121 205 47 215 0 15 68 135 17
    45 33 28 71 194 19 0 123 38 167 87 231 58 193 176 88 67 44 61 111
    158 212 255 34 36 54 248 27 225 137 110 105 36 199 33 223 247 227
    109 15 52 101 156 83 227 86 1 22 190 99 152 251 111 30 159 115 204 9
    71 6 88 12 227 48 215 226 98 6 37 16 231 199 0 81 145 1 215 128 217
    242 60 87 192 151 162 114 130 210 225 7 115 100 98 208 11 29 162 88
    146 77 88 191 6 124 83 124 35 22 64 51 41 15 61 156 165 56 9 92 154
    219 96 137 196 218 218 102 97 48 154 226 94 226 87 190 38 172 216 12
    12 176 247 48 136 153 42 178 193 169 253 38 175 166 210 9 204 147
    144 139 21 42 136 101 146 97 25 218 66 82 28 43 185 83 167 164 144
    236 62 32 156 203 11 239 57 57 220 64 219 228 144 231 71 8 244 204
    184 123 194 18 142 36 120 106 133 100 247 63 93 28 131 39 164 146 1
    144 111 242 113 88 126 147 42 66 10 198 121 190 89 59 247 52 252 221
    55 57 172 190 103 203 166 64 154 212 107 150 31 115 5 84 230 48 58
    82 91 240 66 225 14 80 178 77 3 42 207 27 157 199 107 189 146 22 2
    103 226 167 108 138 15 124 172 17 132 46 163 250 159 85 252 72 101
    249 36 124 58 82 133 164 254 50 170 224 9 28 106 212 141 21 16 205
    245 193 164 238 189 173 150 227 38 147 0 234 236 195 249 63 113 106
    132 208 110 168 46 66 171 6 59 110 239 249 36 174 247 169 206 142 62
    25 117 68 47 135 19 198 151 216 253 88 75 209 233 249 166 32 211 174
    118 220 17 69 213 15 134 213 2 101 193 175 3 118 42 66 143 163 119
    158 245 52 71 125 196 243 56 104 243 81 54 111 250 38 174 81 140 92
    62 189 175 176 226 55 13 217 194 147 20 243 240 87 42 147 159 94 113
    47 194 164 219 145 127 8 11 77 13 87 105 243 66 49 176 141 0 196 54
    167 229 108 85 123 253 68 244 32 29 212 20 74 212 75 239 93 141 119
    174 134 50 70 112 110 219 71 149 64 139 127 249 130 195 87 231 227
    62 248 248 93 139 55 252 247 138 97 170 231 52 234 207 145 20 173 35
    253 62 4 165 52 206 97 209 239 34 97 191 43 98 41 246 119 243 190 40
    43 146 154 144 75 105 168 52 131 169 250 76 240 119 165 195 14 99
    142 240 37 6 9 36 131 12 27 42 60 208 19 58 105 247 229 117 44 216
    209 92 154 110 243 11 252 36 48 93 133 174 201 135 236 246 118 113
    115 233 227 87 223 238 130 219 244 30 153 91 21 195 220 157 237 193
    14 61 165 45 250 1 145 1 61 34 55 252 150 202 236 178 43 200 21 175
    110 36 89 219 78 106 108 59 35 252 62 205 5 32 52 142 91 5 174 54
    107 27 41 114 89 146 144 247 81 57 217 62 75 234 166 248 58 39 135
    208 130 58 216 49 4 31 71 177 85 146 23 32 116 97 86 101 130 114 186
    215 242 132 211 7 186 208 108 19 36 238 84 108 231 114 27 161 136
    235 103 96 181 70 215 70 29 77 200 32 4 81 122 20 214 222 225 9 222
    6 133 246 243 96 17 221 64 171 6 142 57 3 156 27 183 203 23 246 88
    179 132 85 217 5 214 249 245 223 243 129 143 176 178 202 214 160 119
    126 203 85 24 221 27 15 185 75 177 89 29 60 99 250 209 134 60 98 176
    56 189 214 97 60 227 98 89 89 85 97 38 135 174 99 179 193 209 211
    110 139 208 215 130 162 138 193 247 21 136 235 18 154 70 63 152 33
    43 5 13 40 113 163 170 167 30 157 132 97 93 143 233 116 52 46 4 162
    159 31 51 34 174 227 118 136 62 45 173 7 10 181 217 251 206 154 107
    76 112 249 252 53 100 56 3 29 177 79 229 85 143 221 119 57 115 94
    217 250 219 130 11 186 151 125 51 7 122 132 38 22 228 4 190 147 74
    41 231 106 140 228 121 250 182 121 67 50 106 61 98 69 26 52 106 177
    135 112 250 69 133 106 144 186 233 136 108 117 2 141 112 173 217 127
    73 98 224 227 230 153 183 16 148 192 67 52 134 194 192 18 176 254
    105 40 3 100 33 209 144 193 232 192 162 96 46 121 193 171 29 30 115
    71 150 88 213 118 1 174 202 135 85 73 176 236 76 180 215 82 246 208
    95 139 104 197 108 140 254 66 86 104 65 252 244 131 8 100 75 86 6 1
    143 100 20 195 35 159 222 201 69 207 5 201 190 109 30 183 106 42 82
    192 201 119 69 27 145 160 255 218 90 101 53 127 178 160 203 147 126
    86 66 252 226 246 93 106 137 196 97 36 204 5 175 183 127 214 143 12
    182 134 241 160 41 25 128 51 206 170 228 17 223 46 159 235 95 5 147
    101 114 127 175 17 35 164 177 190 220 86 45 131 23 199 107 225 243
    18 17 66 24 240 99 27 15 143 185 77 94 252 210 162 254 54 87 106 81
    21 19 24 11 250 10 112 23 120 45 231 44 246 134 223 174 235 121 1
    248 149 123 157 148 61 73 27 103 91 207 131 66 28 65 183 37 36 136
    186 189 43 27 94 17 223 94 191 33 233 104 226 196 40 243 122 233 20
    13 154 0 237 41 104 19 19 173 48 244 127 210 83 111 19 244 185 133
    92 166 72 7 138 84 125 243 63 218 156 127 102 151 37 78 98 232 221
    36 251 189 110 173 204 150 80 166 92 1 217 13 219 225 235 140 162 42
    225 131 177 183 205 48 166 104 132 162 241 167 209 77 64 69 10 136
    229 211 100 159 48 120 40 185 160 102 112 144 70 239 0 17 178 17 220
    68 143 164 187 166 134 248 238 93 85 151 26 176 58 139 145 26 139 59
    146 112 103 167 181 91 62 232 87 60 199 187 111 234 188 100 120 150
    114 237 66 61 226 63 104 183 6 230 204 94 187 181 73 14 62 98 27 77
    36 194 44 229 37 32 117 52 50 171 88 247 54 122 215 183 119 204 210
    213 49 69 221 42 151 206 206 140 247 110 178 194 38 16 54 187 55 100
    130 190 134 233 236 132 28 110 71 208 12 141 41 124 75 235 23 11 213
    48 201 182 112 50 235 88 232 113 129 8 53 8 109 130 144 82 185 167
    221 212 20 136 28 215 41 124 20 27 172 155 128 17 133 37 208 116 108
    210 87 51 251 140 168 209 32 93 169 106 106 53 208 95 77 143 78 127
    15 205 88 147 254 111 233 146 110 28 210 49 19 43 188 80 68 233 254
    29 237 175 48 86 146 229 88 50 117 239 194 154 82 47 213 228 5 185
    225 12 8 88 128 9 22 100 132 119 102 26 129 216 194 82 64 37 175 238
    52 116 64 137 41 78 49 84 117 129 48 248 198 234 100 249 25 47 34 76
    188 5 139 242 214 228 189 15 246 109 198 152 30 73 20 35 162 131 153
    217 185 32 201 84 181 106 12 48 18 0 131 154 184 227 42 85 69 55 218
    201 205 122 119 10 88 115 88 49 219 223 221 206 38 87 251 80 250 66
    121 103 96 213 176 233 129 141 99 106 172 149 248 84 118 37 22 80
    167 243 201 139 63 98 223 154 71 116 199 44 215 191 105 221 115 242
    166 52 5 54 74 135 134 207 19 82 43 81 50 67 89 80 135 6 125 240 107
    212 139 111 79 87 37 70 111 10 213 158 62 224 177 244 103 114 242 49
    179 52 88 146 207 132 79 100 118 236 81 112 165 189 244 243 33 100
    108 29 158 43 165 153 59 24 188 200 165 208 58 72 222 224 62 132 55
    127 23 40 160 229 227 189 200 136 244 53 207 122 206 205 165 25 210
    216 217 203 77 167 232 25 135 211 105 133 160 68 72 18 211 27 28 14
    149 56 131 190 38 142 91 130 75 138 164 3 154 96 198 244 227 160 137
    64 247 218 209 43 89 97 62 71 50 94 122 63 44 22 153 176 164 36 240
    107 225 225 40 165 36 51 253 57 47 107 175 68 32 2 26 166 211 102 81
    84 246 239 240 28 224 61 131 253 179 157 62 254 78 75 81 82 151 183
    9 182 180 179 92 164 179 29 240 142 123 226 76 199 247 106 119 243
    19 135 20 13 242 151 206 4 108 165 17 246 29 142 230 201 236 201 183
    11 190 126 33 157 204 95 113 99 200 252 12 134 253 171 233 151 210
    84 228 57 24 130 182 114 178 228 123 139 70 250 82 131 188 103 131
    38 6 168 220 120 247 183 107 92 123 100 86 71 73 186 31 110 13 221
    107 103 98 170 175 41 135 167 40 210 176 63 5 25 122 248 240 249 111
    42 202 97 11 233 254 235 31 107 157 44 1 141 13 232 208 112 145 36
    213 109 133 208 140 156 144 65 96 37 217 108 92 233 35 172 89 1 215
    147 250 225 191 31 46 102 197 205 55 135 85 52 82 187 180 116 125
    215 109 47 250 188 142 229 230 54 44 10 254 52 42 176 236 165 131 88
    24 65 55 126 81 70 18 231 166 217 59 88 127 157 110 215 172 23 11 81
    220 240 210 184 156 76 29 128 215 110 99 3 100 148 228 160 16 162 53
    22 224 202 185 153 138 1 96 221 30 122 96 108 239 48 12 127 79 162
    79 169 164 40 133 93 190 19 118 170 190 102 177 152 141 21 184 143
    197 8 75 71 122 113 43 89 79 244 188 170 52 66 197 187 66 5 172 238
    230 80 20 202 191 216 31 96 3 12 7 53 30 72 223 5 15 96 106 150 171
    79 176 52 27 137 163 18 2 165 37 17 91 66 217 215 77 127 43 0 67 170
    48 145 182 189 101 76 50 227 235 224 84 176 118 165 113 148 155 251
    116 114 190 158 246 88 60 88 197 104 60 151 221 149 235 58 129 73 51
    244 253 145 79 167 47 177 161 64 147 155 165 210 47 145 123 53 204
    111 206 238 183 52 93 128 164 241 162 55 19 240 165 3 117 90 243 2
    100 111 209 215 144 128 186 184 145 9 185 75 147 220 190 9 216 119
    92 42 220 133 144 49 214 95 161 13 199 199 23 6 154 119 96 110 194
    197 211 66 226 135 134 135 96 104 57 243 236 21 167 230 142 245 240
    144 35 123 252 181 159 169 165 129 10 196 171 151 163 28 180 197 58
    27 77 231 209 237 135 125 0 21 2 87 103 149 238 216 138 58 209 157
    195 126 34 254 223 32 101 247 81 221 250 218 155 49 57 112 233 31
    233 177 166 139 156 25 153 138 126 100 178 147 7 73 61 19 171 242
    148 195 243 189 102 176 229 28 238 131 125 229 227 219 131 164 88
    202 150 78 141 104 84 13 11 38 163 200 164 207 183 255 7 67 102 206
    151 181 156 218 217 168 167 228 136 116 61 94 155 46 170 189 135 161
    51 52 174 87 160 65 46 168 156 232 149 240 29 222 73 96 113 175 55
    254 4 244 51 121 43 248 229 182 191 169 17 68 58 144 178 252 99 7 8
    221 74 32 148 107 137 98 210 244 180 246 91 76 250 172 179 143 239
    110 123 36 184 102 227 136 37 199 67 244 223 70 130 31 208 37 62 2 9
    236 202 11 37 118 152 191 154 108 47 104 28 239 138 12 72 232 208
    148 126 157 222 143 237 26 235 23 70 252 110 158 238 154 80 24 75
    214 68 105 67 123 152 55 225 121 49 199 59 65 89 22 157 157 100 90
    240 222 48 104 203 95 215 172 60 99 115 170 123 112 144 206 205 33
    97 163 253 170 159 163 189 17 14 238 159 249 150 209 244 207 103 239
    151 162 195 215 133 151 213 72 83 76 230 100 197 7 145 119 88 146
    254 228 233 217 35 28 29 239 17 45 242 64 152 189 241 167 82 224 37
    51 86 62 68 236 199 12 137 119 92 17 97 125 242 158 15 73 170 223 54
    236 186 179 82 116 212 152 145 214 191 223 194 28 91 199 54 100 101
    226 132 108 82 200 198 144 53 35 165 172 15 74 128 41 32 107 194 164
    159 29 36 36 147 200 195 82 79 158 111 217 151 228 71 118 217 74 56
    200 96 198 62 173 146 251 242 158 90 255 180 45 132 134 26 105 193
    245 220 131 10 245 21 114 219 36 243 111 122 166 70 15 158 242 184
    127 190 205 190 86 98 78 161 90 168 71 217 121 65 121 109 131 145
    136 82 189 234 0 43 227 254 91 53 34 71 186 116 136 66 229 61 57 141
    88 164 11 251 30 223 156 137 94 193 60 246 169 242 186 72 36 169 131
    129 161 164 240 191 166 78 71 136 114 234 45 203 234 16 170 87 42
    241 203 207 203 30 147 90 35 186 29 116 114 193 150 22 3 49 90 170
    91 182 30 150 34 222 78 107 159 191 236 220 83 242 137 199 155 157
    194 4 244 35 49 37 243 121 124 178 205 140 227 170 212 142 222 151
    203 80 208 43 210 221 155 98 176 135 9 82 69 198 199 39 58 249 2 194
    228 139 88 102 34 142 205 70 60 210 155 143 3 20 208 255 175 115 221
    213 101 28 133 246 64 167 108 191 35 70 186 150 48 238 163 208 249
    163 125 59 136 42 235 69 25 179 202 29 26 203 33 28 237 186 38 115
    54 168 103 45 70 124 13 1 196 149 215 210 197 248 151 87 103 244 19
    14 79 74 149 134 53 69 169 220 220 37 237 246 169 44 6 162 43 250
    140 92 38 128 243 247 85 48 43 141 80 11 189 100 49 44 87 220 94 193
    61 11 46 233 253 205 171 129 80 58 192 44 32 194 125 109 92 66 65
    218 245 27 7 162 90 25 7 33 9 205 89 19 112 139 10 201 150 139 169
    209 79 116 120 46 38 65 112 88 200 111 254 226 195 90 37 219 86 165
    170 27 67 42 71 231 124 185 112 247 197 103 236 231 218 180 202 204
    242 207 103 246 196 201 157 40 251 65 94 17 208 142 90 173 245 160
    203 128 69 175 152 99 144 175 158 102 134 30 28 117 16 38 100 41 108
    233 33 168 192 38 79 232 4 63 94 219 12 53 79 71 148 84 73 237 64
    237 36 22 72 207 10 110 78 50 198 82 21 217 25 61 90 25 101 118 208
    246 38 97 94 85 247 140 242 124 4 152 142 249 190 100 129 166 83 87
    197 87 25 22 94 69 24 112 124 21 86 251 97 15 227 241 5 189 105 246
    141 44 5 203 249 182 20 108 180 184 183 63 51 167 181 198 201 2 24
    206 103 4 44 126 93 75 159 152 139 202 154 174 175 197 148 194 177
    149 164 249 79 153 144 113 47 203 117 143 224 79 222 30 19 97 208 96
    198 37 74 199 130 226 28 239 4 76 248 241 51 180 243 245 89 54 102
    133 44 135 106 67 34 88 159 57 147 123 12 193 160 78 84 103 184 214
    70 184 20 205 72 19 132 255 196 114 52 84 177 126 113 168 148 14 164
    111 156 117 207 103 200 126 60 198 246 249 70 123 2 150 53 215 99
    234 35 115 162 163 25 202 198 87 205 115 192 224 171 28 222 160 44
    86 202 189 99 98 13 26 145 34 250 7 90 215 21 30 165 130 4 214 20
    133 122 54 64 75 181 113 166 222 194 70 253 172 212 40 232 229 21
    198 199 214 115 176 132 155 164 19 255 7 42 61 186 64 137 183 4 82
    122 152 164 40 117 3 244 66 131 229 18 84 107 151 168 59 178 106 0
    196 53 25 239 188 92 106 50 34 243 35 244 216 42 175 102 69 123 80
    120 9 158 94 100 31 105 178 147 108 155 148 11 26 62 182 90 162 79
    195 136 110 196 65 192 106 72 57 93 255 34 195 7 71 142 79 195 179
    249 32 56 246 103 76 138 86 9 40 15 97 226 114 53 141 228 153 64 195
    251 236 19 228 82 64 136 212 235 255 139 31 63 126 93 208 10 187 145
    131 79 86 138 0 12 173 206 201 85 140 120 5 229 137 151 121 173 20
    232 38 173 158 139 105 244 143 30 232 112 95 66 22 39 31 39 103 237
    27 194 176 248 46 188 211 228 140 243 133 162 103 110 196 147 205 38
    81 77 120 172 234 26 41 231 94 202 216 227 74 80 5 122 111 47 106 33
    9 100 218 201 5 156 103 40 71 147 90 166 12 150 37 180 202 111 195
    192 49 128 68 253 225 3 60 33 209 59 208 99 141 135 237 189 80 67 48
    155 95 179 199 130 214 236 8 25 222 217 107 133 253 52 96 177 25 109
    228 197 155 12 69 206 132 184 157 196 41 56 6 189 59 134 182 18 95
    227 219 56 232 18 11 80 112 141 249 6 98 98 160 99 245 56 49 23 228
    2 218 173 43 182 59 198 99 253 242 250 186 28 19 201 158 149 250 115
    127 63 132 20 113 16 113 10 105 137 122 185 228 22 228 52 239 178
    187 123 27 121 162 47 117 164 207 30 78 220 177 127 98 141 55 170
    107 87 202 88 171 193 26 136 131 178 31 81 249 64 126 199 216 159 0
    34 161 122 114 233 114 19 125 170 188 140 214 34 236 148 101 188 213
    141 107 12 121 247 40 10 103 186 31 104 198 80 134 7 103 62 46 82 61
    64 149 66 2 63 96 136 204 78 47 62 116 249 196 65 145 212 2 190 61
    123 198 139 131 49 174 91 109 123 187 144 143 108 200 120 73 0 90 5
    18 79 183 66 51 144 91 105 131 116 150 171 26 0 87 221 75 76 58 39
    18 18 224 88 35 219 53 40 102 43 165 145 21 69 84 53 219 227 104 145
    217 110 210 172 71 221 126 45 206 191 150 186 59 82 224 133 102 68 5
    20 165 147 148 248 191 162 235 107 57 180 50 93 161 19 91 58 106 57
    37 167 37 234 84 246 227 230 13 143 228 14 145 159 88 164 65 105 75
    124 130 203 3 131 176 13 95 19 165 182 93 225 151 210 174 232 21 53
    248 167 223 42 7 214 51 244 158 89 23 51 190 72 66 17 193 150 5 119
    255 2 192 241 108 157 212 234 230 200 48 173 169 232 234 197 59 150
    175 52 19 66 102 214 223 18 80 201 212 31 54 81 39 165 207 18 25 19
    84 196 88 58 16 44 149 94 60 89 98 242 84 158 213 241 179 245 73 80
    129 164 119 134 83 215 228 70 18 181 7 44 11 71 128 247 197 101 227
    148 214 181 185 148 131 4 158 64 131 145 96 54 96 108 241 109 132 95
    178 136 23 225 0 30 54 85 76 180 253 125 81 245 247 89 1 225 169 184
    132 169 35 151 96 246 128 252 55 184 128 240 63 235 168 190 164 204
    75 155 162 67 88 86 79 44 16 173 187 42 240 198 41 129 191 249 16
    210 110 18 128 192 175 183 231 240 174 149 210 123 247 66 138 149 97
    204 39 138 138 118 121 158 160 194 132 139 73 98 128 73 11 58 72 244
    172 23 64 177 58 229 222 21 140 92 130 82 217 25 139 30 34 165 215
    224 106 234 68 222 42 186 118 143 174 79 129 220 221 240 205 85 244
    189 103 50 191 135 195 136 130 37 4 150 156 5 72 38 125 181 216 107
    218 173 136 235 98 188 204 111 1 252 93 187 44 64 201 18 119 246 50
    176 156 66 206 152 144 237 17 235 7 158 47 168 196 115 165 139 136
    23 143 112 52 95 147 205 150 81 133 64 227 220 5 63 173 138 20 61
    145 154 30 74 177 34 226 119 219 205 174 107 49 124 149 19 4 206 88
    3 213 65 29 31 12 205 67 22 123 178 17 75 190 187 146 240 184 138
    227 176 62 74 26 52 61 27 135 52 239 5 89 75 75 140 134 143 188 97 8
    27 228 102 145 4 28 1 203 180 81 220 173 251 35 91 62 112 244 214 89
    201 151 244 134 78 36 214 69 126 242 119 140 207 240 48 224 220 111
    49 2 168 94 187 180 241 25 101 146 36 122 140 90 14 226 138 89 121
    192 24 190 137 6 2 236 113 72 169 12 141 237 75 38 63 239 206 245 22
    191 62 174 166 77 32 87 116 40 28 122 105 78 199 81 118 46 92 191 65
    198 232 45 68 144 82 75 195 204 68 108 213 10 231 106 128 64 159 241
    181 79 84 77 57 54 247 127 28 252 163 116 247 216 225 159 92 188 158
    179 54 80 185 124 35 68 186 68 238 153 47 221 187 131 154 192 181 87
    124 176 57 204 22 163 18 45 9 85 64 48 94 4 82 148 140 202 208 212
    67 59 196 22 141 47 113 18 5 31 150 223 63 92 249 85 244 193 187 94
    134 202 193 189 251 19 187 93 26 145 208 204 172 41 141 232 217 231
    145 84 142 78 69 226 198 68 10 219 109 108 36 31 39 146 149 104 147
    201 40 203 152 131 35 30 217 188 176 80 92 41 144 78 64 99 131 109
    112 188 114 207 57 18 29 195 68 69 96 90 243 121 124 107 64 96 118
    24 219 181 211 211 100 135 54 38 33 129 130 54 102 76 79 248 226 15
    2 108 107 82 161 205 220 86 62 196 176 170 145 13 73 182 79 28 78
    211 186 143 52 166 169 136 80 45 19 196 193 228 123 62 3 179 239 91
    99 165 235 123 215 183 173 236 140 74 245 106 225 241 95 231 192 145
    96 10 242 45 193 126 110 128 238 112 98 21 248 74 161 190 150 126 15
    154 237 103 84 50 78 222 52 92 248 19 9 130 186 187 133 26 39 65 177
    161 142 191 111 199 214 37 47 82 150 223 136 210 233 195 107 205 213
    123 120 109 26 120 54 119 251 145 32 225 173 13 25 236 73 187 38 185
    155 70 218 233 166 16 133 199 18 52 66 12 197 77 161 22 45 100 190
    74 140 46 50 225 72 232 228 144 96 74 221 242 41 169 137 234 17 249
    100 170 39 188 225 90 148 112 105 147 196 208 52 245 177 152 250 207
    4 75 45 2 54 189 113 185 197 176 3 29 186 48 208 155 165 151 226 226
    41 255 49 62 12 131 187 34 6 152 68 251 196 130 160 178 4 146 187 14
    114 249 254 152 196 47 196 117 62 141 187 173 137 181 103 149 140
    199 112 254 167 101 232 217 6 207 56 37 53 127 16 2 2 183 249 63 43
    106 5 13 44 135 227 160 240 195 157 54 143 184 3 121 91 222 171 82
    20 114 114 7 120 40 173 79 63 179 42 80 26 215 192 22 47 172 218 227
    121 89 194 116 126 139 236 209 153 92 106 130 137 234 46 7 176 120
    182 90 104 1 20 86 250 128 226 137 90 105 184 59 140 124 205 72 4
    113 142 207 139 13 218 39 68 170 59 168 219 13 142 146 68 176 240
    220 188 21 107 132 207 108 26 229 185 211 117 250 197 35 44 138 178
    189 233 15 237 55 72 168 180 54 52 235 21 96 173 218 168 177 45 120
    233 2 227 169 242 61 223 80 221 252 248 208 222 161 82 20 193 31 26
    112 140 245 128 87 7 204 39 196 188 69 8 96 173 140 197 250 128 48
    209 196 233 220 154 120 182 30 173 109 227 119 97 143 167 85 99 30
    31 218 35 1 100 67 217 187 121 81 67 210 38 246 18 58 83 150 45 201
    213 183 167 27 255 134 37 73 6 54 62 186 139 229 186 183 32 26 225
    77 178 241 239 55 202 160 42 48 185 177 204 213 29 181 245 165 99
    134 25 250 254 167 67 63 38 113 164 252 90 82 225 91 86 225 201 34
    35 23 74 139 205 159 48 211 138 200 55 128 222 152 124 107 71 156
    243 140 28 225 167 92 248 132 47 153 236 172 40 175 253 251 21 85 45
    117 108 152 51 88 34 166 42 250 206 117 207 107 68 134 242 240 139
    54 173 134 102 125 183 60 142 125 92 131 172 155 253 150 238 184 209
    103 238 84 178 205 57 59 14 219 247 11 244 161 69 3 94 194 0 85 247
    53 128 133 3 105 23 174 152 133 184 27 200 200 24 58 94 206 182 30
    193 206 106 246 83 105 104 229 38 178 48 153 247 154 155 86 123 173
    87 142 186 135 196 164 248 105 248 144 72 59 126 174 176 180 39 133
    224 156 242 46 20 48 100 196 159 68 244 204 107 218 166 33 16 75 16
    6 77 23 60 163 20 249 47 247 74 24 105 127 159 62 105 56 230 74 2
    212 95 203 91 160 218 101 51 165 41 234 139 48 213 178 78 249 96 235
    185 181 207 73 171 221 42 10 102 72 14 118 53 81 132 205 100 188 24
    249 165 25 185 79 104 115 78 203 77 200 152 187 196 240 134 17 224
    168 135 180 251 72 186 35 161 9 85 60 168 242 79 183 40 196 207 197
    58 248 147 202 243 96 222 40 192 67 108 160 245 113 79 246 232 204 7
    87 77 172 125 134 26 157 226 45 228 60 108 201 158 113 97 194 184 68
    243 15 112 94 218 152 252 157 20 56 52 4 36 191 217 33 54 4 92 117
    245 94 86 165 178 167 49 4 42 255 236 178 240 89 86 35 28 56 185 21
    37 108 23 139 201 87 232 7 49 74 94 2 50 227 25 80 242 35 121 127
    232 230 220 105 3 168 161 158 32 239 174 93 42 153 2 194 150 227 131
    81 239 115 54 62 206 231 210 219 211 223 231 253 191 21 181 232 149
    53 180 118 123 194 22 189 252 33 122 167 0 166 74 250 197 68 132 33
    182 40 244 44 64 104 146 162 106 123 96 203 14 230 58 238 135 57 238
    7 205 127 202 70 111 3 121 38 93 194 4 242 159 80 139 93 77 44 112
    81 150 161 44 105 227 38 30 193 19 149 17 20 140 50 72 104 250 29 72
    34 216 156 14 48 125 2 160 129 3 126 147 212 13 48 238 57 142 238 66
    189 153 41 177 162 196 126 48 10 127 168 234 214 164 50 118 173 135
    240 247 162 135 14 34 225 89 81 52 240 7 85 184 180 226 47 188 245
    122 150 187 199 136 53 214 126 134 221 56 121 225 100 220 136 72 14
    139 212 185 203 99 220 130 214 80 92 66 230 209 109 254 175 1 106 32
    162 32 149 43 151 164 190 118 18 21 133 80 1 223 236 174 90 245 209
    150 132 43 220 80 220 124 42 117 55 68 127 42 228 26 129 99 192 8
    195 119 209 76 190 161 248 106 181 188 130 124 84 183 91 156 111 32
    228 137 255 193 100 182 222 84 109 98 247 239 151 195 217 45 247 26
    1 84 117 226 183 204 118 246 2 128 113 22 252 226 109 36 120 212 217
    252 182 45 136 202 93 204 250 23 201 4 29 20 212 208 179 254 214 59
    117 84 115 91 95 163 252 134 74 125 27 142 141 173 162 54 160 31 249
    226 140 59 81 50 57 1 193 132 95 62 213 136 192 4 144 177 86 229 102
    81 25 179 14 101 246 127 236 59 211 100 66 252 150 123 158 249 118
    157 132 184 232 30 44 128 160 21 179 31 163 50 6 77 167 89 173 228
    230 40 59 27 247 24 123 175 93 140 167 252 255 37 225 246 234 247 62
    13 223 106 82 128 128 177 69 68 117 12 77 201 22 39 211 83 196 132
    251 159 234 74 176 97 140 176 148 184 56 2 68 39 56 125 73 84 68 39
    39 237 167 228 46 67 242 41 83 181 126 73 44 66 44 15 254 139 106
    229 201 83 133 188 113 6 139 33 84 202 138 215 182 95 221 98 168 241
    118 39 3 88 80 34 195 152 46 32 237 180 40 232 41 212 22 13 181 15
    40 38 73 247 223 61 176 37 88 191 124 210 84 146 18 242 198 42 25
    210 182 43 254 49 6 126 91 28 121 217 67 129 76 241 6 34 90 141 163
    130 37 122 50 116 43 222 254 116 98 250 33 231 9 141 185 42 177 34
    35 186 188 34 199 6 156 47 250 166 95 199 37 36 0 61 224 191 108 238
    102 92 186 209 221 112 81 183 37 87 151 81 191 255 123 178 177 170
    222 51 60 111 88 73 145 25 137 194 143 231 12 168 90 84 227 206 7 54
    156 147 249 68 87 9 158 221 127 221 20 157 163 188 161 149 217 130
    180 80 233 194 39 242 129 146 135 211 83 22 133 161 94 174 97 122
    138 21 2 36 178 35 12 170 67 42 0 178 248 108 188 247 136 101 36 73
    23 112 99 155 131 164 209 170 74 228 186 185 240 235 112 11 97 17
    210 97 146 106 228 88 20 89 236 214 159 128 205 109 209 176 79 66
    210 255 102 206 194 210 239 137 154 36 196 183 146 119 121 191 134
    165 29 3 10 94 210 219 62 8 17 200 85 133 70 83 230 29 62 112 185 12
    88 228 230 1 187 190 81 219 17 234 208 71 102 54 138 127 239 188 45
    231 99 71 88 58 151 159 152 196 90 152 106 122 188 73 223 109 135 40
    54 96 41 78 142 223 105 50 44 21 84 201 216 227 47 104 135 188 94
    172 23 195 220 240 136 248 224 185 209 205 239 21 53 212 164 106 245
    134 209 142 247 25 21 145 52 224 36 10 130 59 161 193 70 213 35 137
    248 137 222 62 44 247 16 61 119 210 10 163 229 203 80 220 146 96 119
    125 88 14 149 26 233 77 177 239 246 32 44 236 114 136 113 159 157
    164 70 11 241 155 171 247 161 132 64 237 103 3 154 195 44 54 191 183
    151 195 236 209 133 196 58 223 39 116 151 114 186 210 230 65 101 65
    103 81 99 138 21 76 31 224 168 146 2 115 173 130 126 45 246 249 147
    227 239 183 25 29 242 79 163 189 58 212 17 201 68 226 239 225 109 49
    150 233 229 105 230 209 40 8 210 23 15 249 190 180 100 229 144 211
    26 100 64 79 191 183 200 158 241 10 193 95 62 99 14 40 147 146 13
    250 235 109 59 165 64 60 36 23 137 150 177 94 151 177 78 58 17 209
    188 13 161 105 243 177 154 180 76 25 23 122 76 245 133 60 101 148 48
    159 245 156 212 152 222 90 170 195 44 54 161 134 94 156 208 76 233
    247 77 186 163 230 190 114 203 180 108 173 187 233 99 101 75 178 123
    238 43 221 142 17 27 38 244 235 67 173 241 59 230 158 189 61 128 30
    150 226 123 172 7 165 244 213 254 223 91 3 198 243 49 168 163 237 52
    180 226 90 46 136 200 215 82 59 243 101 245 184 222 229 86 216 97 91
    71 99 142 212 200 191 10 237 66 103 236 42 184 169 69 88 1 110 66
    145 191 6 251 188 179 251 46 22 186 15 204 129 215 140 86 32 17 120
    159 42 234 29 52 121 48 179 133 25 146 15 221 193 17 233 85 109 38
    213 169 13 182 81 112 228 173 123 6 213 238 26 45 185 30 30 82 172 0
    83 206 169 13 118 66 128 98 143 28 0 43 164 14 194 167 188 191 76 61
    47 185 22 5 47 240 130 82 203 212 127 132 192 23 65 242 92 210 118
    251 87 214 140 149 182 99 166 73 69 190 222 163 187 138 174 124 215
    23 101 73 252 8 252 148 54 233 129 230 121 10 6 131 204 32 151 31 75
    119 216 222 29 228 173 140 46 1 62 209 0 32 158 137 90 32 117 49 172
    83 175 229 4 127 126 45 56 58 198 178 247 188 39 100 254 50 198 189
    130 131 23 13 172 103 203 159 248 149 15 23 255 96 151 176 0 54 138
    109 137 123 134 175 14 210 246 101 57 92 135 90 232 255 218 46 189
    66 102 151 80 116 192 39 132 8 0 173 147 169 83 228 237 86 200 16
    117 161 45 251 147 201 73 153 142 30 149 124 73 139 59 50 89 250 246
    116 127 81 19 25 132 132 242 250 143 37 133 43 186 215 67 234 65 30
    13 212 217 11 97 168 13 152 103 11 3 172 83 40 83 15 150 54 18 189
    81 126 152 59 172 183 21 146 172 44 255 39 131 120 59 106 170 120
    243 220 30 95 6 146 118 227 172 121 209 216 91 116 35 232 219 89 7
    100 207 6 10 230 164 52 247 114 119 38 114 202 245 119 26 60 63 36 8
    55 112 77 31 122 200 217 24 164 199 105 213 211 89 203 87 61 108 142
    99 105 141 145 7 134 192 192 122 249 55 76 142 40 154 239 125 152
    143 206 205 246 175 32 252 43 18 112 226 186 110 122 68 13 228 244
    80 102 127 92 215 126 180 124 167 107 181 132 16 133 190 22 231 254
    134 80 157 124 192 242 113 76 111 252 106 67 30 26 63 243 32 245 82
    166 47 79 202 210 16 209 96 30 172 136 249 95 212 42 99 159 56 40
    173 218 190 194 168 65 153 249 182 164 145 169 254 21 55 189 238 41
    153 207 92 228 64 240 56 71 204 150 84 202 71 147 227 158 243 64 133
    1 165 80 51 149 191 108 69 94 239 195 115 227 61 173 134 194 173 210
    212 68 252 195 254 42 241 82 129 209 154 227 32 61 62 154 92 25 168
    255 204 13 150 241 207 147 80 116 216 1 133 134 117 118 219 213 33 8
    159 58 202 162 219 145 149 13 23 155 0 10 67 54 213 31 225 23 128
    254 35 96 122 113 123 101 93 73 245 45 52 139 63 47 63 140 173 57 59
    25 86 23 49 53 146 202 146 54 248 25 149 99 42 163 209 101 4 183 48
    68 52 254 101 205 178 29 54 168 198 168 148 5 230 60 235 176 58 184
    192 179 152 81 155 190 96 44 86 133 194 132 252 44 92 180 62 134 192
    99 118 44 151 33 161 147 222 103 143 203 250 142 143 151 110 151 209
    148 197 13 202 68 140 156 2 159 37 7 205 161 66 125 18 208 141 25 78
    167 230 244 102 104 175 152 145 155 207 58 10 226 3 234 240 96 14 46
    215 77 10 154 170 132 19 157 45 12 71 154 217 173 224 175 113 188 3
    88 42 68 97 100 42 81 216 84 114 126 131 2 36 151 93 211 59 213 102
    135 134 37 246 124 126 110 103 161 49 112 244 7 218 126 130 135 111
    7 132 49 195 47 193 221 119 112 5 56 64 120 7 23 119 150 222 151 227
    213 127 104 41 96 215 162 177 83 6 110 18 175 20 109 231 43 162 50
    234 23 240 176 43 17 80 134 98 179 237 194 32 186 4 33 240 46 16 169
    159 102 221 9 18 9 104 238 107 61 145 64 205 151 241 92 59 229 51 65
    198 211 82 137 204 66 22 146 162 189 17 230 8 203 142 1 101 45 42
    222 96 140 145 2 14 122 8 198 89 209 119 159 106 215 147 13 33 247
    205 1 156 255 230 142 226 73 3 243 148 114 228 108 46 17 79 23 37
    187 165 176 144 252 141 250 11 216 243 4 250 71 191 67 252 240 161
    137 218 241 58 176 17 182 241 231 164 108 237 121 0 65 145 17 217
    187 11 81 253 81 138 55 26 122 246 60 248 146 26 37 55 132 5 96 107
    93 220 215 196 37 46 169 229 50 247 112 87 36 192 4 62 130 131 36
    192 96 94 106 41 120 194 153 180 80 77 231 199 57 161 192 119 98 233
    191 210 191 70 254 69 80 185 169 78 81 214 218 19 227 151 164 233 5
    162 72 35 59 144 74 17 202 140 108 75 167 33 42 83 206 186 229 227
    48 94 56 104 250 235 153 219 143 124 250 193 6 167 24 118 151 136 34
    204 117 218 217 171 93 199 188 214 92 89 1 51 67 30 124 113 64 7 128
    250 67 95 154 130 15 175 69 25 100 134 194 10 108 175 175 176 113
    186 182 173 241 236 97 120 52 124 55 2 62 162 187 240 65 157 122 246
    4 168 10 160 7 236 99 135 148 224 24 103 103 84 136 205 151 193 73
    177 186 234 54 38 140 114 156 90 41 71 235 255 31 161 170 142 14 147
    197 53 210 199 96 204 22 187 224 57 82 45 187 75 36 133 36 39 172 51
    54 148 212 154 98 61 4 61 159 145 41 167 83 100 60 180 54 173 174 31
    228 199 223 104 243 10 224 210 199 39 124 96 25 196 177 38 101 126
    126 25 162 201 50 2 196 96 140 97 86 82 69 203 98 158 78 177 74 146
    141 3 69 101 64 63 161 170 26 39 182 248 251 9 25 157 187 127 201 95
    234 117 160 217 134 4 87 159 37 84 41 160 227 88 198 100 132 243 75
    7 17 169 88 215 21 144 26 205 187 245 191 230 197 110 112 167 66 155
    120 255 85 247 92 102 62 160 238 32 130 164 207 115 199 5 168 94 11
    3 19 81 255 148 106 72 244 236 39 13 30 204 118 234 162 130 183 113
    2 228 234 97 201 156 29 36 108 166 52 137 93 229 3 112 228 230 201
    240 101 179 232 154 118 71 209 241 152 53 17 221 56 125 76 165 222
    244 144 240 192 113 72 103 117 175 89 244 141 218 77 36 22 115 53
    212 201 105 54 187 151 47 72 233 50 82 237 186 18 61 148 160 13 137
    26 198 70 191 243 237 172 76 210 48 15 143 240 160 129 52 193 60 23
    212 169 150 208 99 58 68 171 41 43 225 35 55 11 168 119 65 185 58
    214 12 203 246 22 68 129 219 189 250 28 145 19 118 119 129 235 246
    184 68 13 79 23 32 209 80 82 147 229 129 5 17 125 218 169 41 169 108
    101 61 46 118 249 60 198 220 77 187 51 245 69 205 125 27 189 135 13
    3 214 17 49 244 93 81 112 58 117 36 137 194 164 242 234 43 188 236 3
    230 54 110 142 13 102 241 133 234 12 54 213 58 4 148 154 144 191 113
    80 243 213 219 91 47 113 34 247 188 78 194 180 19 86 244 163 196 179
    202 42 154 29 169 203 154 172 114 253 25 142 158 174 117 16 18 73
    206 185 49 229 180 131 89 191 239 172 250 190 251 70 10 55 233 247
    208 120 176 95 191 119 52 39 243 48 39 175 147 107 71 153 145 98 106
    38 193 16 152 242 17 221 42 133 43 151 152 145 232 7 35 15 99 230
    180 98 1 248 51 121 238 194 230 52 59 2 128 76 102 141 174 101 62
    235 200 95 178 112 174 199 88 152 21 203 202 105 12 200 91 116 10 27
    125 75 202 165 163 28 20 123 107 45 190 42 125 28 173 131 56 69 253
    90 84 170 33 72 222 5 23 121 222 141 191 105 222 173 102 164 40 101
    109 97 222 152 168 96 72 236 207 6 202 85 242 239 151 148 245 233
    120 95 229 221 149 248 72 0 154 122 211 150 230 26 217 8 38 54 190
    78 101 82 77 206 172 10 25 97 97 235 124 130 219 1 239 170 205 22
    124 54 193 7 223 247 62 164 10 4 183 211 141 177 113 89 94 46 27 141
    66 115 220 213 198 75 66 113 97 11 1 85 84 57 36 236 114 200 175 9
    67 122 109 4 207 95 112 138 46 242 172 253 210 99 250 121 132 118 14
    143 171 113 42 175 101 0 108 109 70 144 22 165 7 109 2 232 117 179
    17 61 140 13 222 157 77 240 149 58 218 93 210 153 223 186 248 221
    232 106 6 118 46 208 239 253 154 92 165 230 242 93 106 229 22 143
    179 134 205 241 58 24 237 5 226 89 98 252 240 15 247 248 74 52 158
    165 115 165 9 38 40 52 67 247 238 68 134 96 5 15 63 40 92 126 26 221
    59 145 145 65 198 230 198 150 158 214 82 169 3 129 83 25 236 95 22
    148 140 45 155 195 48 67 187 11 221 242 202 166 88 68 156 231 46 155
    238 45 17 149 63 178 124 235 218 224 219 225 251 49 140 68 31 243
    151 52 167 69 14 240 201 134 151 4 182 66 75 147 192 234 250 154 161
    204 170 106 105 180 182 33 163 134 46 126 37 163 176 22 36 255 116
    170 179 159 25 167 229 1 27 202 155 212 46 72 186 115 45 44 174 176
    76 62 47 41 251 76 248 128 183 9 45 81 185 159 157 191 32 131 43 70
    231 163 24 144 232 66 61 138 167 225 23 218 229 248 88 151 204 106
    146 61 137 170 212 76 66 221 151 86 182 54 62 202 83 20 89 16 204 60
    226 66 232 155 103 192 130 137 74 244 11 168 168 223 126 131 44 229
    191 160 123 111 118 2 59 159 227 24 103 97 96 89 236 78 234 155 223
    216 107 22 38 77 39 147 203 188 118 212 68 99 77 228 247 206 44 244
    46 26 246 241 201 173 214 141 99 215 176 246 237 201 27 121 223 239
    183 178 5 132 68 162 250 135 68 216 76 139 35 55 59 197 173 159 84
    155 12 87 227 109 19 123 31 216 135 153 15 186 220 54 200 174 37 103
    154 149 123 146 131 113 154 232 32 22 55 53 54 115 36 181 176 236
    222 9 137 120 53 7 83 23 253 96 245 151 82 214 248 224 85 107 35 198
    55 212 247 11 128 238 107 144 52 221 141 30 131 17 238 105 36 87 240
    136 240 46 171 3 235 97 177 233 50 114 47 126 223 127 239 179 213
    112 12 160 191 88 6 219 191 2 198 124 187 89 49 252 247 137 164 165
    73 41 31 74 21 65 198 115 41 52 245 212 58 158 27 35 135 225 12 252
    239 118 252 61 127 245 22 207 74 160 50 166 123 101 254 252 215 185
    157 5 49 126 69 48 240 16 5 78 102 191 158 219 210 37 250 45 167 218
    11 28 131 214 179 113 180 119 106 202 21 168 1 88 75 242 132 141 55
    221 176 142 86 190 57 58 100 92 101 76 8 163 194 3 81 146 179 147
    116 134 45 180 155 164 140 170 55 22 4 102 52 157 171 245 6 120 56
    105 205 22 84 58 227 236 149 102 55 241 227 104 55 85 51 71 128 99
    53 72 187 190 27 57 197 93 226 83 99 221 246 243 221 254 246 179 60
    250 43 73 167 208 196 64 18 116 110 12 84 50 112 114 183 135 146 170
    201 24 55 113 96 226 155 49 31 96 11 92 17 10 90 222 48 199 217 204
    206 159 247 148 219 153 208 62 240 120 255 180 15 44 185 93 163 211
    122 84 225 228 163 36 185 219 52 109 118 248 23 35 185 149 245 130
    102 77 13 73 33 206 139 90 206 201 34 147 43 103 230 196 169 202 40
    101 108 58 126 16 185 156 50 216 68 8 27 222 147 46 163 219 84 217
    240 100 136 112 28 198 44 78 251 143 96 172 252 107 7 246 198 229 56
    213 90 167 98 159 154 65 124 142 20 39 174 141 9 234 1 106 225 105
    47 187 254 63 247 18 148 1 110 224 245 131 184 36 255 9 42 117 105
    216 222 118 117 203 217 61 12 130 64 129 24 6 190 219 204 3 6 79 166
    136 254 205 55 237 68 56 220 30 184 74 33 253 212 13 103 132 201 115
    2 195 213 222 186 71 137 188 254 252 245 34 34 200 199 135 122 236
    119 226 86 147 211 30 147 67 4 116 120 21 94 85 21 26 3 177 204 107
    40 51 123 239 30 116 249 190 178 200 66 121 183 158 55 29 236 176 44
    115 247 74 147 14 153 66 55 178 124 17 179 254 231 75 23 77 145 213
    24 114 193 18 0 97 175 173 100 213 140 140 58 233 14 0 6 198 87 226
    221 131 138 84 162 176 71 69 222 170 244 39 59 33 115 141 128 7 157
    136 63 89 179 113 57 204 127 79 207 234 64 111 34 182 95 17 209 178
    108 223 225 212 173 77 52 243 36 118 23 62 158 108 77 94 107 114 31
    167 240 51 65 220 156 175 193 187 170 227 115 105 17 194 121 92 136
    136 63 83 14 199 108 133 167 89 102 36 191 127 38 90 149 4 53 4 237
    106 238 122 95 59 17 237 134 118 56 8 181 215 231 8 248 39 253 118
    39 69 3 171 147 125 218 49 179 67 27 102 179 223 163 201 201 167 249
    23 230 246 162 65 62 97 178 63 26 230 122 182 194 158 243 181 84 119
    155 4 109 52 85 187 230 242 228 199 54 92 35 165 24 198 43 227 219
    41 92 109 30 251 248 58 182 197 68 221 119 232 30 110 181 130 245
    148 123 79 119 176 121 100 29 80 91 254 230 27 30 112 120 121 56 170
    128 20 111 14 109 40 213 53 10 234 199 33 214 213 250 29 90 36 234
    60 255 164 108 44 93 247 223 157 101 224 95 234 197 225 120 229 88
    234 201 0 174 27 177 231 208 43 53 235 40 23 226 232 22 31 183 222 7
    105 107 92 158 90 129 158 27 148 153 237 254 200 159 224 29 176 225
    253 17 129 225 122 9 29 25 51 108 127 149 9 76 185 62 93 232 211 26
    41 20 217 130 59 146 97 215 224 56 196 200 191 178 164 137 133 165
    63 217 35 136 179 50 109 77 241 163 240 166 91 143 48 176 45 63 157
    186 191 137 128 232 109 129 115 159 51 162 37 86 151 111 94 216 158
    138 138 10 57 147 183 251 175 157 90 80 4 0 174 120 77 58 181 47 136
    127 153 88 217 243 11 35 19 21 22 142 120 109 172 208 129 65 98 143
    64 39 69 122 156 248 171 184 112 78 209 124 251 178 38 82 151 186
    136 217 151 131 82 226 118 218 55 61 244 35 44 236 152 7 10 192 255
    80 193 100 21 11 218 98 215 198 172 162 9 158 105 194 110 79 52 170
    153 24 91 185 165 242 197 98 103 110 234 170 3 93 251 168 226 55 68
    64 43 238 193 56 120 238 148 185 24 165 155 254 102 245 202 183 185
    218 211 213 2 54 157 5 212 15 223 13 119 74 115 24 62 116 9 51 100
    66 74 105 150 15 173 60 47 160 205 215 255 27 98 33 59 87 174 251
    124 136 111 0 159 126 182 208 12 151 165 235 201 2 58 212 24 154 81
    5 5 12 124 189 157 197 225 49 156 133 159 179 100 157 169 230 22 213
    72 228 79 66 87 181 193 56 221 138 104 73 239 152 53 199 252 217 60
    244 65 55 222 152 45 184 226 101 29 184 100 39 196 68 18 71 11 207
    189 201 9 163 27 41 175 173 249 229 123 105 217 247 121 129 144 190
    77 214 213 88 185 82 248 55 211 236 92 33 37 69 106 35 165 74 89 119
    72 113 77 138 69 82 73 110 0 42 198 70 105 250 237 38 240 225 154 41
    150 209 60 197 242 137 175 69 195 186 5 189 105 3 3 187 144 23 147
    190 5 213 164 85 243 239 217 19 142 59 40 214 79 72 204 55 136 96 14
    81 57 20 120 113 163 212 35 95 104 195 198 60 174 30 47 112 134 22
    118 242 243 31 22 235 44 167 35 237 16 48 214 180 23 82 217 30 34 95
    65 106 69 8 160 229 12 165 119 35 179 249 31 196 12 170 65 4 28 210
    118 198 162 179 233 140 228 233 234 198 244 152 97 149 225 40 231 88
    198 36 17 118 158 244 211 112 177 127 64 21 179 180 222 23 202 6 61
    3 252 9 222 44 177 195 176 54 150 77 166 74 24 210 114 215 231 19 7
    14 41 176 190 199 13 17 68 171 93 225 37 143 41 29 153 113 160 34 41
    22 33 175 135 185 135 240 162 222 24 252 131 98 46 26 114 5 156 16
    111 183 164 220 110 89 203 13 229 59 143 149 246 78 125 222 189 1 0
    118 202 163 239 249 58 189 214 224 154 219 52 135 41 213 234 205 168
    221 206 139 132 27 211 137 226 35 242 50 194 111 154 235 163 147 101
    143 201 191 164 3 90 33 31 80 67 156 203 147 149 2 145 45 124 144
    166 101 169 91 21 61 227 118 113 78 141 62 129 86 243 79 1 165 92
    184 167 92 52 232 126 153 192 153 102 241 15 52 144 134 44 0 140 71
    179 9 218 28 75 241 178 130 37 204 188 115 204 254 42 28 249 101 166
    126 10 231 134 183 31 115 228 92 59 157 10 8 253 68 209 158 236 206
    233 59 254 102 61 232 24 150 213 115 171 33 128 48 118 9 111 211 133
    35 17 6 124 189 42 64 210 117 88 208 27 27 236 5 145 200 98 39 82 26
    217 150 12 48 8 234 192 47 34 84 154 254 254 36 61 115 231 55 24 71
    126 72 41 30 139 159 152 80 124 114 29 52 36 60 24 7 185 179 153 133
    50 204 233 33 146 74 245 238 44 67 60 28 197 110 225 119 134 225 128
    18 102 179 121 84 86 227 44 101 200 243 191 227 59 103 26 65 209 49
    83 45 219 119 20 235 210 48 255 235 75 39 125 63 84 48 100 25 182 85
    215 62 104 19 248 58 102 36 186 0 166 202 161 1 214 157 62 81 31 16
    187 140 244 100 244 36 161 93 26 181 135 211 177 107 135 218 150 127
    158 173 14 74 91 157 82 215 2 229 73 133 38 17 190 228 22 244 168
    249 189 206 56 86 2 168 199 64 178 183 223 89 232 119 102 234 215 97
    158 97 117 69 60 79 25 144 171 53 192 77 106 108 20 199 131 174 52
    86 48 142 213 88 64 127 188 223 42 153 119 73 220 58 51 89 212 109
    37 47 107 253 154 14 7 54 27 181 144 148 215 186 185 177 238 105 124
    151 195 27 189 85 118 135 2 203 54 90 170 225 127 31 177 249 148 63
    47 227 123 33 252 28 235 229 94 228 224 73 143 247 47 253 190 32 113
    44 0 234 91 144 193 188 45 240 177 203 67 9 242 46 226 21 13 100 135
    89 29 120 102 39 3 60 104 40 240 134 57 182 203 16 173 57 78 2 235
    168 56 49 50 212 154 17 148 179 36 104 66 153 95 229 250 127 58 181
    59 245 81 52 60 240 75 238 82 240 94 30 207 170 231 97 3 55 127 24
    122 250 235 247 215 68 220 220 8 211 140 248 167 104 64 176 198 162
    27 69 40 247 170 236 201 1 30 50 235 5 212 157 175 150 0 118 206 9
    105 12 210 213 4 135 90 100 151 63 20 215 204 108 219 138 195 2 106
    126 188 119 217 11 4 97 166 161 64 241 125 115 247 96 184 50 9 233
    122 221 72 194 81 113 127 87 209 113 34 203 39 101 164 16 217 178 30
    171 93 72 231 217 165 230 215 128 196 211 137 244 18 32 116 84 96 72
    128 118 18 92 133 94 59 44 40 207 226 35 218 6 181 2 230 45 43 31 56
    199 169 8 86 252 173 99 124 187 241 158 172 129 31 85 83 29 214 165
    140 215 172 57 186 11 96 100 237 27 253 90 22 164 88 72 103 165 144
    36 201 19 30 32 212 174 191 156 70 231 105 197 233 155 205 252 149
    171 25 57 67 26 44 175 63 241 188 123 134 226 11 247 79 88 8 70 8
    175 123 41 3 91 102 138 42 206 40 115 138 184 221 57 181 158 168 138
    203 80 158 62 209 87 216 187 158 32 145 81 40 120 82 28 111 243 160
    160 253 86 53 16 118 238 191 94 71 162 120 251 171 48 210 140 220 40
    248 94 243 41 49 100 227 135 9 4 94 135 241 145 56 223 212 126 57
    126 241 2 237 152 67 68 27 77 245 11 63 215 61 184 38 94 193 40 128
    230 249 12 144 235 235 6 113 49 85 6 90 228 247 218 211 210 71 211
    44 50 153 37 95 222 24 124 144 36 206 92 45 239 247 79 208 108 63
    207 199 172 74 52 249 118 173 1 183 58 197 215 189 133 18 112 70 206
    48 93 54 210 148 131 0 115 195 22 44 62 180 69 8 108 252 111 221 46
    51 151 187 142 26 192 203 233 223 160 14 238 102 203 96 118 135 129
    99 211 239 88 254 215 21 163 33 4 34 95 0 119 49 121 45 40 52 130 25
    230 43 50 27 108 28 70 45 157 54 174 154 111 250 118 30 245 198 206
    242 62 82 218 222 251 159 11 91 108 254 49 108 73 130 53 36 124 138
    91 76 60 42 194 185 145 112 186 38 58 144 161 124 46 68 234 44 126
    211 177 41 0 14 76 173 198 35 209 200 14 142 199 254 92 74 233 103
    227 226 146 170 132 96 27 154 23 89 73 225 193 13 107 244 13 3 118
    39 189 95 1 115 166 236 218 211 15 63 113 108 173 205 240 225 171
    126 173 145 153 76 241 119 190 77 247 158 105 248 202 126 198 62 252
    229 98 11 207 69 177 166 160 103 231 209 253 237 33 210 108 72 43
    201 106 126 11 215 199 171 127 103 67 12 236 72 125 178 208 114 16
    10 167 124 80 47 177 224 52 120 200 233 101 22 0 119 44 6 57 236 121
    206 214 223 32 151 21 189 187 203 56 198 44 2 98 183 191 51 183 249
    161 60 0 16 29 240 58 141 30 201 207 141 236 133 58 252 12 231 171
    154 48 208 155 245 216 133 101 43 124 132 13 19 72 57 92 221 218 228
    242 58 87 101 75 148 174 128 181 100 229 18 122 234 59 16 23 62 93
    196 18 98 14 90 196 189 85 101 11 113 76 8 146 210 172 190 60 203 40
    146 161 198 218 88 194 186 182 122 55 66 68 177 131 66 206 92 164 70
    234 85 129 249 210 144 93 220 201 240 73 208 109 87 41 138 76 197 58
    72 74 91 70 64 110 0 78 37 234 160 156 136 47 148 27 86 30 134 108
    139 211 224 252 206 208 8 243 35 60 2 207 215 153 161 147 75 147 116
    47 217 220 33 102 55 58 38 213 240 162 148 26 164 252 146 236 29 221
    147 59 147 210 212 233 98 17 178 227 168 165 139 219 80 82 169 245
    232 203 7 170 131 138 121 132 90 185 110 208 220 150 157 67 10 216
    193 159 122 182 37 80 144 166 251 105 176 146 102 64 42 210 209 46
    231 195 65 159 94 215 147 210 63 232 160 16 243 203 205 219 131 239
    213 212 95 206 93 186 186 191 61 46 96 112 13 195 146 200 114 165 85
    156 31 99 225 35 12 138 93 148 215 66 201 179 140 27 126 37 78 180
    95 81 70 168 4 68 112 129 100 253 217 184 128 96 162 62 162 55 106
    176 1 162 68 213 82 75 166 96 139 242 156 221 182 65 219 15 111 221
    170 187 22 232 255 125 6 145 37 6 203 23 54 191 11 89 59 236 195 122
    225 120 224 48 89 238 238 229 186 73 206 112 235 52 80 98 3 184 209
    246 39 100 109 78 226 69 242 186 29 133 40 109 126 101 34 213 251
    134 86 189 82 111 7 10 131 195 31 209 171 251 207 130 205 130 82 236
    154 66 27 107 118 154 226 50 71 152 124 89 220 134 146 32 101 52 203
    150 64 30 164 85 154 31 22 212 215 251 7 33 130 237 70 112 203 118
    164 83 232 167 50 47 250 79 29 210 38 144 93 151 118 191 128 45 215
    58 228 145 42 111 180 228 63 206 216 78 9 216 130 147 3 121 84 139
    171 42 225 90 154 32 125 79 236 117 133 12 89 197 249 11 103 132 30
    228 77 239 90 31 9 44 65 189 175 14 50 69 192 62 57 236 208 83 218
    17 100 168 50 38 189 44 5 119 193 94 14 230 50 210 29 72 73 110 216
    98 184 72 0 177 135 35 68 139 68 178 67 252 184 192 93 78 35 186 24
    243 116 8 142 17 252 85 25 253 199 192 71 9 57 179 194 74 59 218 240
    146 195 119 209 6 38 204 249 52 177 71 171 191 166 91 88 9 61 41 156
    160 135 28 31 241 201 94 55 220 109 70 26 249 231 17 162 166 22 42
    169 80 142 106 226 222 39 237 54 91 178 223 150 202 128 94 168 23 54
    131 19 15 63 249 187 211 52 188 218 99 169 252 113 251 98 217 148 45
    236 18 212 186 19 125 225 195 138 240 5 191 212 180 41 98 171 25 248
    143 25 215 227 233 152 16 216 241 222 15 18 57 124 170 254 24 190 61
    188 193 235 200 57 183 68 14 168 86 103 51 126 116 186 25 48 29 48 9
    145 179 237 190 85 249 81 19 163 40 176 225 142 209 113 235 147 162
    72 51 217 193 50 102 176 141 20 189 177 18 3 23 98 232 66 223 152
    166 233 206 229 98 117 136 226 0 213 176 80 240 154 243 207 116 38
    190 67 7 216 127 206 135 32 243 180 230 116 139 168 85 216 185 199
    23 39 71 228 121 233 59 23 108 93 197 157 33 53 242 48 102 25 31 56
    255 49 154 119 238 150 136 217 242 236 64 122 112 6 171 116 49 187
    72 62 96 212 108 137 22 77 103 244 139 249 133 76 21 23 242 202 36
    194 193 220 219 71 78 249 183 220 207 175 121 244 67 203 183 61 118
    68 88 87 161 163 207 240 31 202 181 69 253 168 105 181 101 207 86
    228 214 111 94 15 250 194 6 210 75 150 23 12 187 109 42 8 99 114 214
    238 196 224 228 88 164 117 179 19 222 192 16 85 108 29 250 102 23 53
    55 239 202 195 52 110 116 122 117 124 211 11 92 56 238 174 200 149
    53 255 181 72 222 246 23 240 210 206 139 188 35 244 241 172 19 50 80
    6 180 132 225 164 184 11 140 181 7 233 43 2 84 110 154 225 172 222
    121 17 226 173 248 22 76 148 133 220 128 199 139 122 217 76 244 197
    141 172 127 205 168 242 95 53 165 3 53 111 200 29 216 201 105 102 4
    246 57 242 88 255 178 174 189 33 73 13 99 17 211 219 176 25 55 114
    180 247 144 108 170 241 129 17 72 128 165 129 173 18 197 115 234 15
    55 106 133 177 39 124 65 2 238 33 80 107 143 92 2 26 177 29 36 165
    57 86 172 74 196 73 62 160 124 30 155 168 160 41 193 206 47 133 132
    168 175 178 189 235 170 194 253 181 160 124 161 186 176 162 91 25
    141 17 201 171 121 67 238 121 171 191 194 96 218 159 12 97 142 43
    202 144 14 224 203 124 130 222 117 247 149 94 169 106 30 198 211 56
    191 211 179 86 125 92 5 73 207 160 208 27 65 155 22 38 109 50 228
    130 245 115 44 130 55 192 204 166 200 18 25 198 240 186 53 112 97
    116 141 106 133 228 54 230 248 198 146 180 163 219 243 230 25 132
    174 247 28 64 3 196 213 184 253 192 15 70 226 58 191 29 197 78 204
    206 78 225 196 109 163 23 141 55 141 221 53 223 158 158 89 224 104
    191 44 93 147 16 235 165 58 234 30 57 92 97 244 164 53 121 58 64 88
    209 40 235 24 194 125 251 194 161 234 92 218 112 86 16 233 4 197 96
    5 21 199 245 223 147 249 248 38 187 37 152 122 110 162 88 55 184 161
    58 112 196 10 200 80 43 206 10 119 151 121 17 135 86 22 77 176 180
    128 202 4 217 247 240 54 217 245 78 144 34 144 214 25 193 0 109 240
    247 235 25 204 55 221 49 66 21 143 243 92 1 104 52 160 140 105 166
    112 25 179 31 246 194 196 227 151 25 92 102 78 103 134 14 27 196 167
    234 211 230 30 132 73 61 242 53 47 70 63 22 177 241 125 88 21 178
    132 49 48 255 7 193 52 87 212 30 228 14 0 227 145 23 196 139 236 65
    149 239 76 230 206 245 238 30 48 191 105 139 198 46 224 1 232 91 195
    158 69 243 21 32 58 192 222 13 192 37 109 76 231 242 143 137 5 123
    132 227 38 64 96 194 72 224 139 70 216 249 103 135 109 67 63 128 68
    10 173 44 41 189 211 140 106 240 213 210 250 95 250 90 226 226 222
    251 158 86 73 38 66 197 124 48 90 193 134 197 18 60 52 200 151 194
    62 253 102 43 1 23 234 164 129 205 95 195 187 133 225 216 140 185 0
    126 109 144 140 79 239 177 90 20 158 62 79 125 189 114 238 22 6 94
    182 233 240 170 50 177 193 6 200 247 40 220 192 85 49 50 203 204 212
    249 143 185 35 76 0 143 156 238 2 12 64 88 115 253 5 3 8 69 32 140
    124 87 219 179 222 83 204 8 252 37 117 190 199 14 208 63 21 46 129
    23 7 71 234 204 204 113 34 244 180 7 68 67 51 186 172 33 57 142 136
    152 36 68 4 29 205 163 74 1 76 254 216 237 132 243 197 106 236 169 8
    109 38 27 171 116 105 37 68 162 165 182 26 15 60 35 162 83 179 50 95
    210 97 251 121 59 184 164 217 31 190 124 40 108 224 19 119 195 102
    103 88 252 41 61 22 11 39 94 80 194 137 12 230 169 131 112 250 35
    155 251 72 126 154 74 47 94 147 112 14 254 22 97 155 249 193 49 100
    1 102 232 178 245 97 238 79 203 1 250 111 106 76 237 116 185 229 125
    64 227 89 171 102 88 58 219 139 103 186 87 61 154 30 123 129 234 236
    6 159 45 20 9 95 127 70 113 98 130 49 25 100 85 81 149 37 53 61 69
    243 37 216 220 211 228 15 57 163 156 49 238 7 174 245 40 96 139 153
    30 166 182 61 7 33 167 145 6 56 222 118 181 122 16 187 4 127 232 171
    116 202 149 119 77 144 100 114 67 34 165 234 105 254 29 204 181 157
    239 201 225 192 211 122 169 172 13 227 21 166 0 213 74 19 153 165 89
    189 51 232 230 27 187 133 251 166 222 35 158 246 184 66 155 79 67 6
    76 193 66 70 19 179 34 199 155 104 106 240 28 243 219 49 161 239 161
    222 56 11 247 114 79 24 169 225 58 74 238 39 187 3 29 5 78 49 81 165
    199 118 100 146 121 47 36 53 39 56 130 134 250 124 238 105 63 4 155
    209 52 203 236 156 98 30 227 224 170 85 233 159 248 202 39 26 247
    120 37 55 48 69 100 203 157 56 246 116 133 108 97 149 226 40 236 128
    185 92 130 237 211 221 126 55 9 92 251 31 240 183 112 8 196 107 156
    206 217 74 52 253 76 136 190 136 78 17 100 38 225 70 102 137 8 58 1
    122 77 118 178 202 186 203 250 25 53 246 233 23 52 129 150 113 95
    186 212 230 219 241 232 155 193 95 93 185 123 165 92 121 66 98 162
    38 164 41 69 226 128 236 160 218 229 195 169 212 61 61 192 214 53 25
    109 179 201 226 76 143 137 180 41 138 105 255 30 55 182 49 205 60
    126 0 123 123 25 149 246 205 126 57 47 200 185 216 207 18 254 82 148
    108 77 122 163 40 234 32 236 232 146 53 242 90 207 249 249 184 198
    247 128 63 209 54 245 215 128 160 202 118 255 202 230 80 69 64 119
    217 113 206 241 147 39 34 248 98 66 76 246 145 4 99 83 7 29 40 19 84
    105 96 128 175 51 191 170 67 225 2 89 204 54 74 148 86 220 155 240
    19 122 66 197 162 174 205 197 67 182 184 237 239 66 0 58 84 215 59
    69 161 130 134 110 102 122 135 182 100 230 231 223 111 28 196 176 56
    33 25 31 98 180 5 7 58 253 64 237 33 150 140 238 97 84 189 127 29 17
    57 216 227 236 218 77 36 220 178 185 227 225 121 196 252 219 13 2
    174 196 39 114 29 232 108 207 157 18 218 221 10 78 127 117 235 26
    191 141 145 89 165 42 156 205 59 168 13 26 152 149 126 162 90 78 119
    118 115 186 174 217 150 170 27 208 178 214 13 242 135 141 45 222 79
    19 117 210 91 114 238 158 126 47 4 132 223 237 167 32 211 69 114 73
    164 23 15 198 149 59 80 139 15 156 231 57 243 29 47 75 19 218 95 39
    112 32 169 246 116 47 229 171 0 161 10 85 224 223 93 180 60 185 213
    195 26 10 167 177 210 251 187 243 211 218 173 76 192 154 177 104 240
    179 99 37 128 209 16 50 81 135 110 40 160 76 33 72 46 244 131 180 32
    114 217 1 28 92 141 238 225 136 211 200 24 94 229 52 75 155 255 238
    254 93 202 65 186 177 133 237 147 52 134 39 181 58 20 176 82 44 215
    171 46 173 56 30 65 102 36 238 242 132 68 160 153 1 147 208 162 74
    109 55 191 158 65 134 26 170 180 237 227 130 109 181 19 198 67 116
    174 24 219 150 87 178 170 178 150 54 85 187 193 189 155 177 221 251
    158 138 127 39 58 165 181 254 56 56 145 49 126 227 48 37 77 145 245
    151 207 5 204 100 17 204 131 95 127 38 254 196 9 242 176 216 102 235
    192 235 213 181 204 96 12 189 88 238 114 78 101 36 164 33 122 62 106
    227 110 246 244 168 242 101 119 102 213 181 123 87 27 131 238 188
    126 17 127 94 184 63 242 233 246 35 5 28 118 36 130 33 142 249 100 7
    220 8 228 112 15 19 165 237 245 103 251 196 152 144 195 190 185 192
    250 168 59 194 214 240 22 41 226 13 12 203 174 86 77 26 196 160 66
    153 214 130 131 74 202 92 4 220 212 151 5 22 93 158 117 152 157 5 20
    151 121 160 110 178 138 221 168 8 27 95 66 134 148 227 105 129 48
    170 194 228 119 213 185 22 237 148 237 110 148 31 60 138 111 23 141
    55 52 80 240 141 242 173 17 205 51 84 39 161 48 234 129 104 120 182
    185 16 246 67 177 5 141 214 246 223 43 11 213 158 234 164 103 216
    214 165 110 104 89 57 248 207 195 180 11 216 183 110 5 37 186 237
    144 228 46 165 68 206 47 60 134 174 140 25 27 218 83 100 161 146 10
    70 7 16 7 66 5 235 29 77 1 78 80 131 233 130 84 164 59 135 154 136
    127 168 52 39 216 55 240 232 203 110 39 35 67 56 58 109 65 3 156 170
    160 181 68 46 205 89 189 184 196 205 112 79 184 2 92 240 4 54 246 48
    108 78 146 52 21 120 25 190 34 144 148 94 120 133 64 70 120 245 97
    38 11 229 104 78 47 154 153 203 222 58 58 32 155 93 27 25 226 252
    169 224 244 0 102 199 66 179 66 178 191 182 135 144 127 193 214 206
    79 238 159 83 104 30 108 19 163 11 171 30 242 9 33 48 175 68 110 168
    56 72 155 214 5 1 27 24 102 138 201 74 242 250 222 210 14 38 213 241
    26 32 249 153 229 172 13 92 236 198 15 220 176 19 227 159 153 154 49
    61 202 198 107 113 138 22 35 243 94 189 8 187 52 241 122 69 254 78
    63 179 185 157 231 63 173 106 99 199 70 69 174 82 174 116 44 61 200
    36 219 43 116 254 82 126 15 244 183 48 98 3 194 28 97 76 63 27 240
    144 196 106 124 138 54 117 238 56 188 71 57 31 154 155 115 93 175
    218 221 244 45 90 236 15 240 121 161 188 15 124 247 97 109 200 64 79
    63 253 220 111 58 163 236 123 66 150 29 34 226 81 173 40 223 180 34
    213 108 71 160 113 111 243 35 110 238 214 11 19 149 136 244 49 81 36
    130 139 251 0 129 95 252 184 120 139 125 76 225 36 193 207 99 3 90
    36 128 247 166 193 127 94 252 45 188 128 113 105 201 153 19 254 73
    205 243 119 243 37 66 43 197 86 97 120 121 93 201 180 79 140 134 156
    34 222 68 228 235 236 190 190 161 94 68 28 150 37 219 133 75 181 107
    165 14 135 147 228 173 253 216 103 84 83 206 219 155 169 168 166 151
    222 120 118 48 191 146 15 23 117 93 91 64 124 177 221 70 195 84 56
    140 135 8 176 75 127 212 94 113 211 175 135 182 75 103 40 181 68 174
    251 119 192 25 161 118 173 199 217 185 62 36 86 169 90 98 220 156 86
    6 0 99 143 215 185 87 8 66 208 63 207 109 181 92 254 227 95 148 208
    216 82 102 254 137 38 116 239 53 154 217 111 160 84 97 184 118 173
    93 23 224 89 147 214 226 171 75 146 43 253 30 7 106 12 144 198 199
    66 107 59 17 71 137 196 189 248 165 242 11 117 197 182 29 177 251
    224 210 172 178 126 195 126 169 221 6 211 125 201 128 165 242 28 89
    191 94 117 184 31 172 164 71 62 22 127 145 104 28 76 163 44 120 164
    26 37 224 19 118 165 253 101 103 40 53 46 49 98 243 120 3 185 88 167
    237 28 10 190 16 43 47 174 168 184 183 220 70 1 215 133 57 192 38 86
    39 250 169 97 155 185 132 55 1 10 208 178 252 25 20 20 233 71 63 193
    253 91 23 131 225 149 36 158 94 244 225 172 13 127 208 238 186 176
    31 121 12 242 239 145 85 201 98 36 80 81 39 17 142 210 243 133 161
    121 135 247 22 98 216 119 202 222 212 191 135 29 102 200 179 19 167
    23 66 137 134 140 238 152 131 82 189 35 31 216 215 102 144 175 75
    215 229 27 4 20 78 7 218 224 88 201 243 8 41 201 21 71 29 25 106 117
    222 230 236 40 137 185 6 137 35 220 105 124 197 147 193 101 35 80
    213 131 134 99 156 167 93 255 105 212 96 241 80 220 101 213 28 29
    239 91 38 123 108 40 25 233 92 255 156 223 31 164 144 76 189 219 150
    49 152 192 160 188 30 186 64 94 72 78 205 74 130 241 104 176 96 30 6
    33 201 167 173 204 143 99 40 73 12 25 192 72 41 220 21 50 73 144 161
    149 227 113 164 189 74 204 109 128 14 220 102 40 41 45 26 143 185 68
    193 178 199 4 108 101 17 162 97 94 29 169 5 46 173 197 71 14 201 128
    115 186 137 211 160 106 171 77 155 215 111 93 149 167 53 105 92 166
    45 204 216 26 200 23 211 91 89 241 177 236 252 19 59 5 3 57 148 253
    10 234 165 46 51 99 89 58 153 224 163 215 165 251 125 130 199 201
    243 103 11 50 17 69 29 30 137 182 144 38 29 236 40 57 127 45 113 103
    225 175 178 64 188 34 173 69 187 46 51 152 132 30 168 168 231 129
    113 144 53 8 17 237 186 138 243 193 31 140 210 251 146 106 30 130
    175 241 134 118 231 204 250 80 56 105 210 206 188 199 55 230 17 141
    62 160 243 31 109 129 138 126 207 33 69 18 130 225 108 199 233 147
    43 102 130 189 160 183 158 48 162 75 91 47 22 102 212 227 234 169 28
    167 114 77 88 250 195 65 129 14 58 130 59 151 101 83 6 54 65 105 1
    127 201 192 36 149 76 19 157 174 121 173 237 128 161 248 120 133 182
    37 133 163 96 24 1 250 79 141 169 206 176 8 37 229 114 211 133 177
    162 245 65 7 200 215 148 217 207 119 132 240 237 203 112 118 249 127
    211 239 220 227 225 81 102 64 165 169 254 16 221 128 155 251 56 105
    198 213 161 181 53 45 193 127 66 3 52 218 86 108 107 220 187 231 217
    243 247 2 228 207 26 28 78 59 110 131 233 105 176 6 135 146 163 195
    224 124 195 195 163 103 196 183 47 239 178 72 170 73 65 32 131 246
    94 153 6 134 142 104 191 134 153 147 210 21 128 185 159 86 64 37 163
    226 5 99 135 112 28 247 149 210 223 127 110 149 121 167 218 221 155
    97 253 56 239 129 236 58 76 19 145 124 215 217 248 144 252 9 171 66
    52 208 35 225 150 113 92 130 120 226 197 245 232 21 65 154 60 33 112
    68 67 191 148 236 226 243 160 255 62 154 162 20 49 56 37 173 86 198
    64 136 240 238 75 38 43 162 142 173 167 1 1 166 222 203 19 184 190
    228 56 181 1 43 241 33 191 13 8 212 154 111 140 240 87 55 39 41 35
    106 155 149 141 220 162 32 116 190 109 177 229 38 34 189 24 83 201
    174 49 113 79 25 148 174 109 178 199 71 195 209 234 49 98 213 226
    142 34 19 231 240 36 5 90 245 1 160 248 114 24 152 193 233 155 139
    198 28 121 209 144 77 247 112 88 233 56 110 36 177 169 106 27 68 224
    172 175 230 44 205 226 191 171 85 187 49 126 179 154 218 65 136 176
    201 16 116 145 121 24 173 21 211 51 13 148 239 172 128 33 17 161 73
    184 210 208 213 231 166 83 126 68 23 0 243 205 133 60 155 148 194 50
    233 90 231 47 150 185 193 159 101 62 180 82 54 185 241 188 232 52
    142 16 18 189 84 32 92 53 233 15 30 194 188 47 105 11 65 193 18 187
    21 105 135 33 6 183 128 150 84 243 203 162 124 242 174 14 190 79 253
    164 16 181 186 37 11 130 62 92 97 140 6 148 214 99 221 45 59 167 118
    217 63 45 77 221 203 235 228 122 95 70 175 217 4 175 156 25 174 20
    225 92 208 57 114 107 123 189 18 115 125 58 120 239 146 69 170 197
    152 241 179 8 182 28 139 97 206 250 195 4 213 96 238 160 92 48 204
    169 82 62 96 59 254 254 177 244 243 31 166 110 252 61 238 194 124 52
    151 139 239 16 191 180 101 33 49 45 76 54 246 130 229 75 36 125 205
    119 30 241 224 26 82 192 150 228 138 202 129 24 60 235 5 140 250 49
    187 221 70 9 242 17 0 174 72 60 126 182 135 89 177 48 87 46 189 253
    156 81 240 240 180 156 100 132 114 50 120 238 61 78 164 38 23 34 239
    76 20 247 167 76 107 24 163 107 135 7 123 59 181 38 81 241 166 107
    92 231 79 196 25 255 159 9 184 165 107 253 105 2 232 152 44 187 148
    247 78 242 75 116 193 3 243 10 245 38 55 189 63 102 33 177 249 162
    213 190 134 223 105 17 133 195 155 42 237 208 100 151 123 250 156
    178 31 128 19 14 153 74 36 84 87 117 145 243 37 56 16 62 37 185 164
    71 215 158 82 36 3 170 9 3 97 213 21 189 10 246 47 82 160 114 215
    181 51 42 209 240 103 28 96 198 139 50 156 153 88 244 56 64 69 237
    84 127 68 7 85 75 172 97 87 248 211 90 144 112 113 73 130 235 121 72
    116 141 12 39 185 112 5 215 116 198 50 156 65 31 201 195 183 56 104
    173 170 76 229 14 82 163 152 119 170 233 190 98 176 89 161 84 108
    246 13 166 141 167 124 121 232 182 99 104 14 180 135 220 169 228 154
    92 190 90 235 87 226 0 216 49 171 51 167 247 249 189 237 228 188 2
    47 202 116 206 39 190 248 134 0 197 13 211 164 21 155 143 74 221 114
    149 148 14 136 242 61 21 76 158 209 70 98 216 180 125 41 244 136 77
    92 182 194 69 211 146 244 81 207 59 232 149 55 156 157 57 60 119 120
    126 193 207 115 54 159 196 0 125 10 216 255 205 106 0 56 80 22 221
    49 92 20 66 166 232 229 114 95 94 225 182 30 153 24 253 206 48 230
    213 89 17 254 231 40 14 245 156 165 151 219 2 49 254 7 202 247 80
    113 4 6 115 111 247 70 176 158 230 80 48 137 129 42 168 93 96 82 201
    163 139 113 42 225 35 198 153 109 235 36 151 68 95 109 75 73 53 106
    34 61 241 220 136 116 108 78 97 141 5 69 182 132 207 230 35 9 38 128
    75 19 116 190 184 85 184 55 32 28 81 135 54 216 243 200 170 104 165
    46 217 207 163 254 159 211 105 215 99 127 7 106 66 30 207 28 218 56
    218 1 242 77 24 192 242 125 113 135 66 157 248 86 235 37 28 177 90
    189 238 30 178 82 114 253 27 1 63 4 90 253 77 235 188 201 73 231 0
    102 87 59 18 188 36 24 252 170 35 24 107 178 241 7 240 224 45 111
    197 181 139 248 231 65 11 188 166 202 202 163 217 147 125 55 17 180
    80 244 67 0 200 190 111 152 81 177 158 222 116 63 134 191 124 49 53
    59 115 92 116 233 109 70 3 128 197 110 146 19 65 97 44 251 116 163
    81 243 214 109 131 160 238 97 57 92 37 238 85 16 30 9 253 170 87 63
    162 230 166 149 13 69 0 83 231 118 8 128 24 202 165 161 189 19 177
    229 127 126 208 3 134 120 13 207 144 115 207 200 204 132 3 203 169
    196 108 91 168 182 193 132 55 28 52 37 33 231 55 85 215 123 195 239
    7 61 19 11 28 213 147 148 60 136 209 149 167 134 182 24 7 236 148 9
    51 222 199 236 255 10 148 170 1 75 102 140 30 248 168 29 83 39 21 40
    170 170 56 241 114 211 234 44 13 248 233 243 131 83 210 208 91 249
    70 224 1 100 24 133 214 148 91 15 188 39 221 117 2 199 41 23 152 249
    96 107 248 188 45 117 227 209 5 109 133 78 227 130 34 34 178 152 248
    23 115 175 170 55 222 22 16 219 45 225 21 174 158 6 112 25 12 169
    161 170 74 17 79 129 115 38 115 55 186 150 15 14 78 25 113 17 87 188
    8 67 126 226 127 177 117 162 152 113 32 110 180 117 36 171 170 231 7
    139 217 124 177 213 162 224 111 116 160 70 84 215 113 216 227 210
    224 28 56 230 22 178 252 152 181 211 102 181 247 241 200 223 57 128
    29 247 168 32 198 174 164 2 88 43 107 188 76 234 42 187 57 4 179 231
    44 32 39 63 129 16 123 4 69 18 45 9 180 185 38 37 95 204 133 137 131
    111 170 148 59 175 96 150 202 148 57 27 158 211 82 52 4 228 90 81
    201 165 115 131 149 102 252 174 189 53 171 135 146 7 171 125 98 53
    25 221 222 200 155 239 32 221 204 239 224 65 190 234 39 9 146 221
    250 223 121 13 75 195 194 205 29 9 168 31 219 49 193 85 252 66 107
    155 220 117 68 124 2 19 27 12 46 155 103 7 143 19 30 39 71 68 28 136
    65 242 233 250 75 175 206 95 66 157 162 106 83 157 80 13 220 45 210
    56 254 66 255 245 13 134 124 22 101 117 115 140 39 216 145 244 255
    38 21 118 222 250 210 88 87 97 101 78 182 211 37 215 175 70 41 190
    121 90 165 33 238 101 160 118 167 137 225 111 162 183 44 178 119 3
    31 206 122 151 157 218 127 45 163 186 16 176 55 115 16 91 47 146 119
    56 187 94 19 76 49 213 42 37 226 224 242 60 71 225 28 186 250 162
    210 227 28 27 65 91 244 89 215 102 31 138 188 39 35 120 34 224 241
    182 243 180 253 59 236 167 23 29 248 231 206 114 14 231 29 161 154
    78 76 183 138 124 131 207 58 138 1 252 141 150 4 110 74 76 121 171
    110 72 35 124 100 85 189 135 200 236 103 225 164 158 121 135 145 27
    10 24 177 131 28 157 104 86 233 33 112 30 122 43 160 241 252 10 156
    97 219 223 170 230 92 197 202 180 190 239 144 11 118 10 115 63 1 80
    203 229 7 171 167 127 182 62 63 145 113 222 76 92 236 158 174 23 86
    203 220 137 115 58 99 54 37 201 119 207 135 194 79 250 223 55 192 15
    161 170 185 173 208 9 34 155 82 179 198 203 26 26 185 244 119 5 84
    134 42 37 254 74 149 89 229 141 97 228 253 232 232 191 180 254 236
    220 77 181 38 16 140 38 207 165 225 36 29 194 65 47 143 134 137 71
    25 246 108 205 217 56 243 54 44 143 23 49 232 213 102 24 141 13 112
    76 122 184 250 86 10 221 71 59 116 236 23 133 72 100 104 61 65 228
    163 179 34 99 55 197 71 69 17 35 189 166 46 160 80 4 210 142 26 246
    227 246 33 124 248 23 81 148 62 123 215 197 250 18 41 3 186 39 81
    157 251 13 95 129 31 47 113 1 51 242 185 241 13 48 224 93 106 228
    241 178 46 87 230 201 212 213 142 168 136 120 58 149 210 104 209 125
    23 230 26 178 167 230 178 189 242 191 254 207 80 93 176 8 60 223 91
    203 129 237 27 145 148 132 226 167 224 101 65 181 225 156 224 19 179
    95 148 230 239 121 33 107 195 4 224 138 109 141 119 138 186 20 219
    144 67 215 158 49 167 107 104 203 88 243 236 201 29 15 68 109 78 89
    115 42 182 163 49 56 111 8 52 39 227 65 26 121 2 121 98 39 56 236
    145 203 226 7 6 234 84 121 78 31 241 2 152 176 96 22 190 254 83 252
    242 162 64 45 134 204 199 65 129 161 193 38 202 9 142 91 254 172 160
    191 199 64 119 154 9 151 129 153 54 39 121 149 180 246 10 60 169 159
    19 61 134 20 83 54 93 193 98 88 250 115 51 135 149 195 23 62 36 149
    86 154 191 36 33 83 245 99 44 185 124 87 75 168 61 57 219 16 201 123
    232 64 198 28 195 175 249 251 106 117 157 171 86 218 252 33 64 209
    228 205 99 74 145 39 139 214 118 185 142 174 47 206 97 199 40 183
    100 139 130 189 243 248 57 194 248 21 28 101 68 4 248 51 248 180 30
    64 246 27 156 92 73 217 160 108 47 225 20 253 240 176 205 81 146 157
    240 189 97 34 151 254 33 251 65 138 72 5 178 166 210 51 201 237 158
    247 57 235 225 144 125 129 240 17 104 33 186 55 162 244 45 50 14 81
    78 21 66 134 130 209 157 233 235 183 94 41 92 203 50 12 21 134 98
    114 11 150 178 244 209 225 160 162 34 61 85 137 153 168 10 237 78 85
    113 156 180 131 121 100 22 72 174 75 57 235 135 201 58 206 176 211
    141 14 92 88 179 202 51 7 238 50 37 239 49 252 179 217 236 12 133
    139 12 9 98 136 181 110 147 158 185 15 94 80 27 63 14 52 135 237 137
    136 13 45 242 26 97 54 124 231 116 234 225 135 85 170 131 159 157 6
    179 236 65 5 223 205 147 97 69 114 93 175 65 126 113 82 20 4 79 208
    234 64 136 98 32 39 3 254 201 75 173 36 205 163 220 199 67 163 250
    44 235 132 57 134 108 3 25 6 17 219 9 227 126 223 50 21 103 56 150
    108 65 145 149 19 40 57 79 187 169 113 8 216 238 235 130 26 16 237
    105 27 169 215 117 249 237 46 45 54 176 105 36 173 106 96 36 143 120
    231 176 186 107 33 195 117 45 73 234 165 182 115 184 33 216 242 161
    16 249 13 24 107 69 216 191 52 149 243 245 184 243 11 160 211 139
    128 8 53 68 56 119 115 203 220 147 137 114 54 22 252 245 132 99 203
    78 224 12 115 7 178 171 1 64 159 215 125 221 182 96 127 167 166 233
    242 192 82 49 31 108 250 187 147 151 13 3 214 232 155 203 185 198
    193 222 236 193 99 136 153 183 250 24 40 192 180 217 201 10 112 137
    181 40 32 229 67 40 209 68 156 94 106 65 50 175 221 91 23 108 38 30
    183 158 11 68 251 167 26 155 190 187 193 30 184 9 86 249 163 212 57
    197 106 109 99 63 171 31 137 73 171 97 39 151 141 253 178 26 75 2 82
    211 239 25 112 74 126 53 37 249 110 216 84 161 169 186 174 225 144
    201 11 167 195 181 177 10 105 74 53 105 14 81 17 202 114 65 125 127
    105 115 52 186 166 5 38 41 60 85 22 56 21 252 163 3 229 16 167 219
    23 251 241 51 91 239 54 131 114 210 121 160 156 3 112 26 7 56 199
    248 144 244 206 109 44 213 87 243 13 5 46 249 198 144 236 73 91 129
    150 193 159 184 251 8 117 111 21 229 216 173 113 11 80 207 248 78
    241 254 172 221 7 191 60 17 149 165 238 203 127 52 189 105 254 216
    179 5 64 45 252 162 45 40 161 11 181 159 244 223 38 60 35 10 11 122
    41 124 75 170 90 158 102 148 65 72 136 72 156 29 43 217 176 119 220
    215 47 71 205 119 141 251 111 238 85 225 134 146 208 49 139 149 76
    84 250 251 85 142 24 150 18 84 68 175 179 50 41 247 14 203 57 34 108
    116 231 39 101 198 212 120 32 233 149 210 141 134 14 7 182 38 130
    101 195 182 175 41 107 196 246 216 153 152 90 14 236 231 152 48 230
    164 168 200 22 140 21 162 188 9 3 54 16 23 83 107 179 103 122 180 77
    87 2 184 105 116 208 218 112 251 111 57 26 65 92 193 96 77 224 167
    83 101 208 18 89 234 138 77 51 29 51 182 51 163 8 197 88 186 174 75
    228 118 156 97 181 210 150 189 131 248 146 76 180 107 238 155 146 39
    132 118 10 150 154 128 25 25 115 221 31 63 16 11 134 201 106 30 170
    43 207 238 233 109 79 254 197 57 134 82 27 91 172 39 251 118 162 23
    212 129 153 86 171 75 75 41 187 60 67 86 29 219 44 161 226 68 70 252
    124 115 75 135 119 0 194 246 111 161 61 146 254 68 112 189 14 214 98
    105 77 113 201 75 120 11 212 188 87 196 189 188 190 124 220 18 89
    235 162 122 225 224 145 0 82 253 244 53 45 17 68 161 83 196 178 165
    5 163 182 239 123 130 22 149 106 242 15 180 195 46 7 28 11 69 246
    247 87 217 52 173 209 26 250 232 186 244 136 139 237 118 175 181 6
    134 122 87 234 133 70 72 249 19 245 17 198 73 169 226 87 81 72 91 55
    241 124 176 15 90 55 51 74 14 211 196 146 122 165 180 161 113 168
    101 164 188 81 186 68 36 21 146 153 7 67 99 212 29 222 112 138 169
    163 101 157 28 94 25 249 139 240 231 107 54 103 216 180 246 82 75
    223 208 202 238 67 107 158 122 65 180 183 66 224 1 201 112 100 46
    102 218 210 34 233 195 200 162 9 165 182 15 134 185 6 50 36 229 56
    21 36 198 52 73 153 8 32 252 59 193 55 217 14 211 233 181 127 116
    214 218 87 57 22 223 177 210 169 135 61 114 0 35 197 40 195 66 4 224
    207 22 130 227 121 137 19 48 219 132 82 88 36 182 29 101 150 216 26
    121 189 73 198 27 169 246 53 119 148 245 4 13 34 159 47 176 125 100
    100 114 236 5 101 200 135 19 62 105 102 116 134 118 229 47 108 123
    166 7 10 189 65 220 226 108 141 67 89 223 213 229 229 223 34 32 221
    102 45 142 140 57 26 164 75 147 154 224 158 203 150 19 204 105 81 26
    234 244 74 63 217 113 191 132 171 166 72 178 112 248 25 60 176 138
    137 180 49 133 153 25 246 24 162 76 83 43 89 59 246 203 249 40 124
    45 185 238 193 221 18 105 135 204 123 216 100 125 11 216 66 26 122
    111 118 44 171 202 57 66 5 202 212 162 95 53 227 117 199 71 203 64 0
    15 253 8 161 142 132 38 147 53 172 222 111 228 248 7 195 207 78 39
    64 157 36 20 95 249 27 203 217 239 112 58 132 173 134 248 233 179
    132 150 124 35 25 34 6 42 46 123 253 193 152 242 155 163 178 217 109
    98 164 236 239 244 105 116 177 213 38 58 79 68 154 201 39 61 70 24
    168 213 124 180 123 94 98 191 84 225 171 155 15 248 28 26 102 139
    181 99 134 107 108 81 135 148 123 194 158 51 114 7 182 253 229 244
    25 197 27 73 26 207 240 62 19 38 202 3 252 179 84 86 241 64 154 143
    4 43 42 10 150 55 133 181 215 139 120 163 65 155 184 98 235 116 196
    10 53 186 115 50 217 192 3 239 220 13 13 168 206 111 201 13 180 73
    195 38 64 11 204 153 244 248 168 212 36 213 15 224 111 152 31 2 102
    178 198 49 65 140 233 129 132 109 160 16 195 189 20 2 160 90 78 197
    253 5 128 81 74 213 232 1 187 38 210 153 247 219 14 249 100 200 151
    120 2 144 140 138 55 76 157 154 217 184 129 110 214 205 226 198 27
    212 72 221 55 176 96 234 40 127 10 8 190 34 181 77 77 254 16 186 77
    109 79 79 135 148 192 2 100 151 23 55 64 212 190 106 71 137 181 104
    67 106 162 212 167 189 147 118 237 250 103 6 56 240 104 65 87 91 253
    134 61 17 15 66 113 32 43 65 97 235 24 237 10 159 16 10 70 237 135
    139 202 238 13 66 46 172 231 242 27 94 2 68 215 177 173 206 117 57
    107 140 142 238 158 55 236 223 146 111 243 191 88 25 186 97 177 96
    221 255 18 181 93 61 215 216 58 154 157 150 146 168 88 203 42 4 163
    184 110 164 128 188 225 153 186 214 170 81 246 25 181 222 67 222 216
    190 126 45 224 196 113 217 108 93 210 28 16 120 200 234 12 206 37
    218 241 6 201 92 185 27 99 94 82 88 24 104 247 138 208 2 121 78 157
    161 194 148 255 175 213 61 249 222 106 245 187 82 164 61 142 216 106
    102 251 210 163 104 130 44 19 232 67 160 108 196 60 53 193 231 82 38
    96 189 251 194 125 83 219 183 185 192 177 96 54 17 74 220 246 177
    154 41 188 97 5 100 233 174 157 82 205 234 33 89 56 169 176 73 123
    49 142 109 184 226 106 225 127 227 94 153 27 92 135 142 33 240 70 81
    248 143 247 53 55 96 49 213 107 55 1 150 4 42 140 110 45 130 43 78
    185 164 80 237 72 123 46 130 11 139 86 12 170 242 24 81 105 29 158
    68 178 0 8 23 231 6 237 220 147 14 28 220 58 189 36 71 114 128 84
    147 85 79 4 192 139 79 162 151 161 148 130 166 244 217 61 31 18 154
    55 200 39 162 122 203 235 218 63 209 42 157 77 43 99 13 15 221 249
    183 30 210 235 203 252 106 65 161 82 147 176 210 84 196 107 209 246
    96 29 88 88 44 67 197 176 10 224 45 174 101 124 79 9 169 124 248 55
    70 136 136 182 77 249 136 125 61 250 182 130 43 36 170 4 179 170 248
    7 181 222 76 232 182 144 102 251 164 5 6 74 25 64 144 111 144 85 91
    106 97 101 71 116 77 73 0 121 198 152 16 233 160 198 202 99 128 107
    29 20 238 216 253 254 117 254 225 38 215 60 75 216 144 20 21 242 193
    238 244 252 77 83 37 62 113 241 234 233 87 173 158 29 156 239 121 88
    135 189 137 208 161 164 177 43 120 195 114 173 203 243 249 172 162
    38 50 186 239 32 129 196 35 102 39 244 18 70 52 143 205 81 84 106 40
    146 62 7 178 48 235 153 190 37 217 105 5 231 23 11 38 135 37 198 117
    224 214 93 99 110 34 24 127 254 100 175 181 98 5 169 82 30 2 252 138
    246 227 51 200 114 149 127 211 131 195 248 146 29 67 168 195 157 55
    47 225 64 86 184 147 29 158 171 34 52 139 59 73 218 98 147 166 90
    251 165 75 254 165 93 209 136 60 183 151 41 133 15 58 8 34 80 85 152
    213 143 170 161 224 90 108 151 155 111 69 203 86 195 218 252 52 124
    93 161 236 126 173 90 250 189 106 27 128 160 23 162 234 246 19 18 38
    41 9 126 151 30 39 121 198 171 188 37 222 44 2 251 27 185 169 228 41
    238 67 58 40 50 149 189 138 169 145 106 10 119 14 159 181 3 103 49
    124 137 61 160 230 89 254 51 79 191 176 239 226 76 191 133 98 249 64
    248 33 20 203 163 233 245 146 203 242 255 2 164 154 91 15 195 39 166
    247 232 129 191 173 71 19 246 128 248 192 6 98 208 194 249 170 166
    220 86 20 210 26 95 37 52 113 125 90 224 234 182 107 75 186 217 22
    39 39 117 0 107 49 121 211 29 234 158 242 164 32 243 112 45 184 192
    66 233 23 91 123 198 67 224 230 9 2 81 180 132 251 12 119 211 254 28
    32 39 155 12 9 242 46 59 80 92 223 203 11 173 128 200 178 223 89 155
    211 223 64 18 43 223 169 224 137 182 56 29 68 77 97 144 192 125 192
    68 39 44 104 158 80 78 105 97 209 34 178 230 161 81 81 78 27 36 19
    112 114 5 77 30 128 151 217 43 244 136 248 65 207 91 61 239 113 189
    208 114 2 199 55 52 100 49 248 244 159 144 10 199 232 58 5 105 197
    137 23 32 174 162 132 128 120 100 8 8 165 164 86 5 243 91 115 27 97
    210 10 189 223 71 69 106 80 86 178 96 234 188 21 227 13 148 66 210
    184 24 67 217 87 174 90 144 233 63 14 183 40 49 152 167 205 132 79
    241 235 101 110 22 194 164 143 56 41 246 209 83 113 161 85 251 250
    40 222 114 120 119 197 159 127 187 213 176 26 75 11 87 170 211 92 27
    218 128 185 18 255 9 66 120 174 88 91 204 65 129 76 38 253 70 35 162
    190 53 59 175 153 229 20 165 103 226 46 234 116 203 208 121 18 128
    104 100 210 212 196 185 213 158 9 145 204 64 92 133 81 167 130 1 60
    64 16 188 43 168 180 145 169 129 10 79 88 130 111 84 54 223 16 12
    125 136 37 143 240 0 182 213 54 167 88 1 125 165 167 155 53 5 157
    188 220 165 33 78 64 95 127 184 175 105 83 51 213 224 26 128 22 171
    47 68 215 242 169 255 63 177 148 2 114 58 199 56 193 13 241 23 39 60
    74 185 110 225 249 158 133 35 176 149 148 65 130 38 115 126 6 245
    249 33 204 192 157 148 254 250 222 2 3 167 101 188 64 104 20 176 49
    242 141 35 13 199 2 5 210 29 195 251 167 78 177 21 212 2 148 129 129
    59 21 116 85 174 61 217 25 254 79 6 22 35 52 193 37 239 35 174 2 255
    87 32 247 169 105 165 219 105 1 142 52 37 74 237 221 23 201 2 185
    250 146 189 233 213 237 44 128 201 47 207 35 230 219 84 124 30 29
    174 188 46 187 2 103 217 125 199 107 85 252 192 239 6 172 141 216
    237 91 7 77 141 27 40 228 44 206 157 22 140 106 248 34 201 198 74 93
    187 206 43 85 95 238 36 167 182 147 152 211 200 80 244 144 81 179 48
    147 160 230 190 186 228 129 192 110 141 107 243 81 144 164 50 209
    108 56 134 16 9 212 128 218 111 225 68 81 251 162 18 166 150 72 85
    68 149 4 92 116 144 86 76 220 185 5 187 94 25 68 172 124 50 246 19
    211 140 180 48 118 139 203 220 78 12 39 40 169 127 150 24 171 28 198
    114 230 33 192 230 233 155 131 231 126 117 137 230 234 34 81 4 251
    25 208 178 68 192 33 7 55 174 205 50 121 137 219 180 196 254 199 52
    212 52 243 168 185 220 72 58 158 154 144 161 122 40 216 144 164 217
    202 2 218 48 232 137 91 106 81 102 95 109 111 85 93 55 63 195 15 58
    157 29 80 167 158 132 133 30 78 82 161 40 48 72 236 231 6 185 91 218
    9 223 130 57 165 29 83 74 248 252 21 103 157 181 202 80 125 162 192
    185 246 16 120 35 74 103 234 1 152 191 180 246 108 209 106 241 191
    33 249 213 6 112 228 243 4 6 55 15 65 120 247 38 204 231 235 215 112
    84 216 122 132 155 12 142 184 27 62 9 231 159 44 253 188 8 100 80 45
    246 14 15 241 212 208 218 103 189 106 60 91 183 243 219 174 183 104
    89 126 6 60 150 57 144 144 20 105 6 34 253 89 254 150 107 253 253
    160 93 17 173 26 236 142 122 242 243 28 1 196 234 222 44 137 74 207
    156 255 243 37 133 216 200 167 140 169 28 127 143 224 215 8 17 80
    186 26 193 5 0 77 75 248 163 128 76 202 140 124 159 253 45 53 5 160
    200 199 200 231 132 208 126 56 199 22 215 80 215 175 247 239 171 101
    250 4 209 118 225 156 52 69 4 12 80 19 219 30 222 205 93 57 59 195
    212 91 4 133 245 72 44 152 16 193 57 223 18 79 107 164 78 69 170 169
    170 137 22 183 82 20 123 19 242 171 99 125 247 91 213 68 66 183 70
    150 206 106 159 131 30 141 243 52 203 35 27 139 15 244 52 152 193 17
    9 139 227 80 80 218 22 40 27 237 113 239 173 196 169 17 32 61 117 62
    101 153 56 227 44 23 244 151 39 3 170 132 212 74 207 15 128 116 218
    18 159 199 106 242 31 149 199 253 167 71 43 190 72 144 151 138 115
    126 216 0 47 142 13 206 240 170 230 208 42 164 253 181 210 214 77 19
    17 97 70 217 101 141 48 34 91 143 32 147 181 74 66 231 224 226 177
    244 231 247 16 15 65 238 169 221 179 156 97 8 96 217 105 226 209 64
    243 77 99 245 142 100 174 210 110 205 153 232 34 172 210 122 45 118
    184 114 224 132 21 245 2 235 152 7 234 123 2 34 97 90 248 127 153
    222 128 97 40 36 221 32 164 221 3 210 145 114 23 62 148 75 143 243
    143 70 117 35 75 46 62 142 221 51 44 201 207 242 26 89 9 43 249 242
    173 84 255 126 196 192 232 13 168 31 6 89 247 32 80 112 67 200 253
    26 185 42 194 207 32 191 206 9 204 97 84 40 204 108 212 239 19 223
    174 17 51 59 87 135 249 209 255 15 231 130 182 245 148 59 29 60 145
    53 224 158 213 94 115 202 218 157 169 206 25 93 163 119 151 202 240
    194 147 48 237 82 173 71 67 16 69 3 86 51 251 3 96 250 255 65 215 61
    79 51 122 225 235 101 6 117 48 18 37 163 117 114 198 32 110 6 3 39
    178 38 117 246 4 240 44 10 210 111 141 166 50 219 30 196 16 146 144
    8 121 88 64 110 30 108 207 54 94 117 53 113 169 114 194 63 65 167 78
    13 35 212 147 78 230 79 84 102 69 187 253 95 111 3 139 48 85 161 40
    101 163 220 247 228 202 15 55 98 54 139 0 146 244 250 98 219 2 215
    138 136 108 97 206 180 128 225 184 253 29 2 66 150 62 57 146 248 216
    92 208 249 10 92 62 96 66 43 189 40 83 116 176 177 118 252 206 93
    119 110 16 211 115 20 157 107 52 115 4 48 34 109 224 186 154 156 230
    16 68 91 175 70 168 115 68 249 121 221 73 176 12 122 7 30 103 157
    100 100 183 168 68 118 59 176 80 90 102 127 130 180 129 243 11 6 104
    131 108 111 61 109 131 109 126 145 112 128 117 216 221 212 232 141
    183 52 180 225 143 133 18 76 82 250 110 99 148 68 22 33 15 11 60 136
    77 255 101 235 51 166 197 147 124 79 208 103 169 30 176 219 7 15 255
    88 79 78 136 108 216 187 89 23 213 201 140 128 105 247 156 145 1 125
    78 123 174 98 219 115 234 181 31 174 140 208 133 245 221 30 46 242
    148 24 54 234 185 214 226 104 246 83 139 196 6 34 41 238 229 73 213
    35 43 67 54 208 158 191 108 112 37 181 35 116 85 146 146 49 134 239
    218 105 62 113 58 191 74 180 251 102 245 159 51 36 3 85 8 122 201
    116 11 244 119 148 105 226 4 88 122 106 143 83 91 221 39 115 83 118
    149 220 10 218 176 96 35 203 151 89 134 188 220 118 10 107 98 141 84
    81 246 15 229 2 217 205 134 62 110 148 20 118 19 105 232 229 71 160
    228 145 180 202 84 53 2 34 121 175 242 114 23 53 24 223 20 136 154
    219 122 189 235 11 149 168 117 71 1 136 4 43 244 95 80 36 11 38 2
    167 54 152 183 130 26 67 70 130 57 230 217 116 236 91 230 50 20 225
    239 194 54 74 177 86 154 110 242 66 20 23 53 26 125 17 215 220 113
    241 86 75 184 40 186 73 161 160 91 109 18 34 208 123 43 34 200 143
    206 63 173 139 6 163 144 67 184 27 158 8 218 21 178 206 156 117 105
    138 13 159 109 10 242 172 53 15 140 30 165 99 26 25 119 242 202 170
    98 69 82 51 188 128 200 122 169 35 166 85 40 99 239 141 33 127 152
    152 43 199 224 185 102 236 91 111 40 117 92 151 71 171 191 171 148
    49 249 85 82 96 224 243 209 42 144 195 10 63 29 82 2 106 159 117 29
    148 87 148 144 142 229 166 13 212 98 112 173 4 232 4 252 166 109 22
    95 245 161 132 35 26 88 80 61 75 199 12 120 197 205 123 144 89 83 78
    117 46 98 77 38 51 140 16 151 247 165 142 90 251 111 7 102 185 13 46
    235 2 140 146 250 176 22 107 190 131 245 64 226 30 36 95 1 136 246
    119 167 63 187 210 91 153 91 139 211 193 160 143 67 105 76 105 131
    81 117 4 162 240 115 232 227 205 198 22 113 179 169 57 155 240 234
    151 245 3 73 96 63 29 254 227 131 20 28 197 48 22 91 96 234 111 23
    178 84 246 55 157 93 232 208 115 220 46 93 47 234 246 53 251 202 34
    28 80 142 244 221 53 43 143 223 252 13 148 234 108 12 255 212 244
    194 209 133 188 202 45 129 153 246 56 71 159 37 130 52 173 198 211
    240 139 190 152 253 46 252 100 111 22 103 180 252 27 242 88 189 20
    60 204 124 119 33 191 187 100 20 182 60 255 28 171 99 3 43 134 118
    224 72 67 98 74 203 222 61 16 18 209 169 83 11 22 170 227 31 87 1 17
    128 136 36 132 79 87 52 242 110 18 100 56 118 239 249 234 232 228 22
    74 116 247 94 184 149 12 204 122 61 195 74 216 75 75 131 247 36 237
    113 114 106 169 8 179 47 80 235 39 90 7 97 128 140 239 125 175 34 72
    128 158 70 107 115 39 129 199 235 252 160 66 93 70 100 131 11 43 160
    146 26 156 5 106 219 158 43 120 45 149 215 54 224 61 183 69 137 119
    100 5 92 109 120 118 52 131 221 65 113 59 18 89 131 235 96 224 165
    147 121 114 65 6 9 132 199 128 198 150 34 108 144 160 67 1 9 62 8
    160 7 187 192 109 79 159 195 59 41 168 30 35 50 187 69 142 253 10
    122 41 110 12 62 39 6 134 133 78 186 97 147 165 86 138 119 255 91
    111 228 48 210 153 28 199 54 159 177 80 49 28 225 22 21 26 1 169 97
    225 123 224 181 58 193 191 189 225 122 219 254 147 142 119 194 100
    36 31 74 175 16 122 129 110 217 41 88 63 168 205 168 36 224 47 83 80
    180 25 112 58 245 22 130 163 170 181 235 232 38 89 218 67 151 49 57
    185 63 168 94 24 60 52 225 177 14 250 100 28 99 100 149 238 241 14
    142 207 186 148 254 23 0 192 128 246 3 17 140 194 42 150 211 202 219
    247 83 32 145 145 181 167 242 27 107 46 9 25 45 47 190 182 171 86 6
    252 225 0 14 249 207 150 166 72 189 44 72 217 149 53 21 199 251 110
    235 84 244 61 240 149 214 225 188 180 129 112 198 143 57 3 69 178
    172 1 100 53 203 147 192 120 209 96 104 107 114 16 12 80 124 112 10
    175 182 218 11 252 93 97 146 58 240 168 171 231 97 184 229 186 81 95
    205 91 159 221 13 164 155 212 101 176 161 76 109 94 142 148 148 115
    54 251 195 115 77 64 44 226 98 207 205 205 130 222 173 117 64 77 103
    79 95 87 198 129 176 226 233 154 136 49 245 70 104 118 108 30 215
    241 109 74 145 50 59 86 204 252 185 116 226 118 217 165 167 30 71 54
    95 131 142 147 232 52 98 113 124 97 122 188 33 249 241 59 195 183
    175 232 179 215 11 102 70 125 145 239 22 180 79 166 180 205 123 219
    114 9 245 19 28 188 29 34 69 127 38 83 113 232 200 109 89 169 45 248
    145 216 162 169 248 55 117 78 49 218 192 15 86 116 13 168 73 135 244
    196 224 40 204 231 46 224 229 207 80 184 197 160 77 78 74 99 107 47
    9 22 188 204 79 29 17 14 237 152 250 175 78 176 228 16 242 99 245
    182 16 55 44 36 158 92 96 65 100 130 138 207 162 77 215 225 5 64 142
    233 194 237 139 150 246 241 162 83 158 106 118 181 7 212 215 127 231
    162 29 27 0 111 249 223 152 194 246 160 128 122 125 179 131 48 221
    74 28 142 177 252 124 49 97 234 247 117 125 0 47 81 150 188 46 2 79
    2 101 48 32 117 101 15 17 201 15 216 13 135 124 141 195 23 207 84
    213 1 120 176 29 16 14 107 182 203 10 89 153 120 205 128 109 98 169
    185 123 240 103 15 171 5 94 214 47 219 226 215 101 230 16 114 161 71
    246 89 198 172 141 200 137 45 80 75 46 170 239 161 199 193 134 188
    67 204 52 143 112 29 92 230 166 17 106 232 202 40 52 32 2 3 230 8
    228 100 222 24 222 35 113 182 194 218 9 221 191 88 164 232 82 155 22
    90 160 151 185 205 34 1 159 118 122 236 130 30 227 210 157 167 250
    104 43 128 191 44 91 115 109 102 40 75 172 10 224 203 246 173 22 36
    245 114 102 19 164 36 191 37 125 231 206 91 5 230 247 205 226 22 229
    181 89 113 37 12 101 208 149 193 170 122 19 172 72 153 193 220 2 79
    108 157 158 17 89 64 69 177 212 243 147 211 61 125 37 136 219 50 20
    136 199 180 95 80 168 71 148 239 86 98 201 99 244 16 98 50 246 209
    50 209 168 207 147 255 102 28 73 202 103 7 199 241 201 8 37 200 138
    191 195 239 114 72 195 165 240 233 51 43 191 44 77 118 148 153 55
    172 227 73 180 216 244 44 123 237 80 109 98 43 221 85 24 15 138 233
    156 99 102 205 10 202 96 36 141 206 141 9 33 94 100 198 250 45 181
    187 103 212 195 166 197 31 41 2 44 109 22 72 116 167 4 253 178 249
    99 138 52 191 160 233 17 178 55 62 214 25 198 36 164 32 186 243 105
    182 233 139 209 99 219 96 133 198 71 48 91 180 58 181 54 185 64 129
    99 220 46 168 57 153 194 82 83 17 249 12 150 200 27 207 244 86 38
    143 207 243 1 250 35 41 30 152 194 239 34 149 180 69 86 218 151 26
    62 252 31 18 152 133 215 80 46 121 16 179 135 83 56 14 255 195 93 90
    62 91 0 28 84 192 47 23 152 70 17 47 250 137 221 58 157 117 45 75 23
    128 250 198 27 141 225 187 196 228 249 50 140 193 167 131 78 104 73
    119 195 89 17 199 224 144 13 239 253 97 184 253 13 0 44 84 248 120
    249 222 33 25 46 134 34 161 220 16 238 82 106 20 55 48 37 243 140 53
    110 26 101 118 63 96 43 254 191 97 58 222 180 162 142 78 17 140 73
    124 199 172 102 136 165 186 82 206 220 86 73 88 150 179 171 23 54
    238 174 42 127 98 50 87 74 254 179 82 113 243 34 111 12 14 132 140
    230 144 80 15 116 83 11 194 167 245 28 238 57 50 101 120 115 4 78 81
    161 125 209 77 65 225 58 63 231 37 222 239 48 130 127 160 15 63 190
    6 46 135 37 126 80 10 154 75 30 238 217 116 168 166 209 35 233 237
    104 174 0 94 45 203 197 129 64 70 135 130 53 61 11 49 234 64 186 41
    45 15 134 129 159 194 164 99 3 8 110 6 193 193 194 14 222 99 68 145
    2 20 61 209 218 198 123 52 225 12 73 213 49 107 25 235 225 182 84
    171 215 253 97 81 178 140 11 121 118 105 149 144 148 233 9 39 167
    230 87 195 88 220 149 80 22 41 38 81 96 62 240 167 86 159 210 31 225
    204 220 218 74 239 21 114 96 14 215 87 25 47 55 145 207 151 179 39
    121 101 123 113 89 145 86 126 12 188 137 212 116 33 145 242 210 56
    65 3 44 22 108 176 19 223 199 200 18 116 212 27 172 213 80 2 55 145
    26 170 238 210 249 241 81 34 218 45 153 152 95 250 164 204 220 177
    159 4 234 132 155 155 136 136 139 162 139 29 157 63 235 83 100 201
    19 29 228 54 164 138 31 175 242 105 111 61 70 164 178 168 142 161 78
    37 234 13 21 211 110 114 247 163 158 171 173 158 91 30 9 71 240 232
    92 135 130 85 168 79 248 34 230 179 196 17 202 46 196 250 114 230
    178 238 18 59 85 155 82 174 18 232 127 140 243 54 55 41 37 209 115
    108 54 44 122 126 45 169 83 202 149 174 105 246 146 149 130 145 43
    178 210 92 2 31 209 40 113 20 170 98 181 48 240 71 230 23 112 102 28
    96 251 80 118 137 54 138 232 146 219 239 30 131 130 181 81 211 199
    204 134 244 120 111 89 168 215 228 64 197 134 104 49 9 53 156 155
    191 11 189 113 123 45 212 15 182 164 112 115 130 72 60 250 5 208 84
    78 21 107 165 215 132 220 255 98 7 78 223 197 42 34 159 113 188 229
    164 210 143 248 186 22 55 233 225 176 191 34 151 8 106 222 222 8 82
    56 34 253 241 2 230 115 83 36 230 160 137 9 218 17 109 36 242 176 15
    56 174 45 235 96 195 39 9 192 61 202 180 25 115 232 128 130 217 14
    40 168 223 176 66 109 2 151 242 64 27 85 81 221 43 219 182 113 195
    199 24 150 238 130 122 241 251 82 138 41 55 200 109 155 166 96 136
    60 151 206 70 74 130 145 132 162 95 241 119 164 43 213 0 219 167 223
    137 157 246 89 88 31 39 56 140 112 139 160 47 87 224 186 74 106 186
    166 219 94 208 39 231 68 101 68 153 189 14 185 27 157 223 16 243 173
    150 167 63 146 81 24 228 138 194 38 17 164 0 229 21 11 62 47 131 224
    241 198 102 59 82 165 248 87 52 113 109 240 104 48 40 72 173 169 7
    239 117 84 118 236 77 39 222 7 110 126 32 97 22 163 220 16 233 103
    73 204 233 20 190 184 220 157 243 92 26 33 218 131 219 93 219 48 80
    81 158 126 239 184 177 221 13 95 15 233 42 205 137 223 171 218 15 21
    212 131 8 69 43 181 232 226 48 12 173 91 111 168 82 220 50 216 148
    230 179 104 96 11 69 153 231 197 64 226 84 230 137 243 120 64 136
    193 249 208 242 73 150 94 63 43 171 61 173 16 163 162 162 164 49 88
    136 81 47 182 35 181 94 144 122 143 7 112 103 71 205 87 56 175 157
    151 216 26 216 154 164 224 0 13 128 227 107 151 222 116 77 172 49
    109 176 20 218 233 66 7 184 121 194 249 1 136 253 49 112 240 240 97
    221 176 110 220 189 8 21 104 61 62 120 71 75 43 181 24 119 224 148
    155 187 105 221 67 149 49 109 10 254 218 234 111 220 36 123 48 214
    190 187 34 33 131 207 107 205 92 158 212 208 159 17 99 65 189 219 81
    6 34 214 23 82 202 96 60 21 245 80 27 255 104 168 66 224 231 108 180
    178 85 176 122 47 92 203 49 183 250 33 69 195 229 154 2 155 107 238
    182 195 216 152 254 77 36 45 255 27 78 163 234 13 104 173 169 35 100
    190 198 124 114 80 149 152 19 168 254 104 115 87 149 237 154 149 196
    91 102 230 209 130 203 155 99 36 101 82 244 110 118 200 140 19 123
    159 167 69 54 5 115 5 206 183 87 141 130 158 124 66 104 112 56 69 2
    204 189 49 164 142 236 190 253 44 255 26 37 9 197 159 69 141 132 162
    218 163 184 210 221 90 210 194 83 15 21 54 104 183 24 44 4 45 238 94
    249 42 117 239 172 53 135 209 210 104 146 54 137 43 30 199 10 7 166
    21 6 172 193 57 74 61 143 97 139 238 131 49 204 253 54 175 174 223
    131 97 251 174 97 20 173 204 208 40 50 147 165 97 104 119 70 169 46
    118 54 94 77 149 76 7 89 178 9 152 200 97 84 211 70 124 254 168 90
    104 247 118 238 65 11 213 76 191 222 233 7 133 249 200 227 152 179
    191 229 61 228 59 107 109 26 104 123 151 193 24 149 220 92 169 201
    232 154 63 234 183 197 9 98 126 28 8 111 203 148 105 235 123 170 74
    184 1 204 101 19 222 81 211 254 219 119 91 245 115 47 237 146 9 176
    215 121 136 130 49 196 16 207 8 37 42 209 155 13 187 29 57 23 139
    203 241 132 69 201 226 136 208 179 151 237 223 13 100 55 40 146 140
    51 14 210 145 77 172 143 92 223 26 153 185 203 99 2 116 113 173 158
    95 143 131 147 176 166 213 141 54 140 42 62 10 116 182 60 190 2 191
    104 57 94 39 237 105 179 147 74 209 120 246 204 43 24 26 206 171 23
    180 133 64 93 33 33 122 246 196 166 33 85 41 167 13 48 96 16 210 85
    163 227 194 204 32 173 250 157 243 162 45 126 4 76 203 174 15 248
    173 129 225 182 234 148 20 204 3 13 82 245 101 35 224 49 167 171 48
    28 69 197 190 34 222 132 14 161 42 116 70 204 60 185 48 28 63 69 100
    109 206 63 137 58 32 97 207 10 124 159 76 190 38 194 170 122 118 160
    163 35 44 178 111 239 56 80 167 39 233 71 134 38 85 209 216 255 238
    171 178 216 108 37 35 103 149 248 142 70 160 234 101 244 139 3 131
    247 90 35 177 201 242 99 193 52 83 8 88 165 17 213 61 40 92 30 85 3
    202 160 186 203 137 174 105 102 220 9 230 79 78 51 64 5 31 205 5 134
    190 126 69 2 105 59 115 185 221 207 132 39 74 34 203 218 59 103 186
    96 40 207 227 64 221 22 167 186 123 29 174 223 72 205 120 48 194 235
    186 185 237 66 56 174 128 85 130 84 21 123 153 103 107 29 182 90 68
    221 72 66 17 211 28 112 151 209 53 48 214 67 8 251 75 123 248 48 204
    251 69 244 129 145 204 97 177 217 225 161 13 88 103 19 155 87 68 153
    75 72 130 52 233 251 32 118 131 40 247 71 249 113 28 183 163 255 63
    177 158 234 9 47 37 39 226 36 95 23 177 141 142 222 25 241 149 63
    108 74 16 221 72 172 167 29 113 23 67 252 12 100 64 38 72 1 200 152
    97 190 30 134 91 136 217 134 112 130 174 156 44 136 150 183 164 47
    78 29 101 145 221 172 173 188 39 44 3 184 184 197 194 198 238 131
    202 176 170 23 62 1 175 160 217 61 134 105 233 167 97 21 225 214 106
    10 194 77 96 167 16 36 173 228 103 85 244 229 9 133 171 34 46 80 90
    3 77 170 121 123 52 192 207 99 184 13 250 97 32 170 36 136 251 132
    27 188 78 125 74 99 107 75 249 203 80 18 133 247 114 169 195 232 179
    231 63 213 88 116 221 89 32 73 23 215 57 4 53 190 2 6 79 1 206 118
    89 191 210 46 103 224 86 22 95 90 237 166 31 246 66 170 191 222 75
    199 61 151 54 158 241 87 228 91 146 177 168 154 164 91 76 195 198
    183 193 43 220 19 191 102 58 90 183 21 71 128 246 136 180 119 196 27
    243 254 19 106 140 34 26 33 105 32 179 237 206 98 120 96 124 232 27
    26 131 139 15 132 78 156 29 130 29 7 220 15 46 101 168 11 249 209
    103 25 178 131 214 19 190 216 191 172 119 170 78 106 169 77 204 117
    58 235 176 215 89 180 97 93 86 66 159 217 62 159 151 20 18 93 203
    131 64 148 85 54 178 46 58 51 167 4 211 162 229 207 208 21 96 107
    205 57 250 1 84 52 179 17 159 108 211 64 218 183 142 31 218 90 47 26
    244 236 59 0 84 249 105 248 170 85 117 107 92 66 112 72 8 114 228 26
    64 60 60 123 151 17 123 9 196 242 69 10 167 217 10 27 228 99 167 162
    227 71 128 165 193 6 103 73 199 38 159 247 17 116 93 210 49 153 215
    83 189 141 183 157 72 63 204 111 79 47 28 70 232 241 63 60 244 212
    32 161 236 138 27 0 239 100 32 20 189 19 56 175 235 57 218 142 227
    217 170 139 242 18 83 152 156 107 144 180 210 185 91 22 217 21 56 50
    183 42 185 84 139 52 124 230 39 42 137 241 40 31 195 129 153 94 188
    219 97 4 109 107 204 146 231 59 154 213 48 13 100 17 128 97 244 236
    32 138 157 210 131 47 57 10 46 72 21 233 218 137 250 178 217 4 197
    223 235 33 136 5 239 120 66 182 214 101 139 35 98 66 59 92 138 85
    146 237 246 243 49 245 101 63 54 37 112 163 66 206 137 118 116 176
    224 60 30 154 130 132 245 92 30 231 70 172 76 236 194 76 255 208 134
    227 138 157 71 199 14 118 81 204 226 190 134 218 73 92 212 84 121
    122 219 177 53 78 249 128 137 53 127 182 93 133 116 180 103 152 251
    182 181 88 26 106 107 128 81 51 166 48 17 47 205 193 25 119 147 39
    11 20 231 213 104 177 220 116 25 248 62 33 93 23 225 93 86 28 244
    174 180 170 177 224 61 20 232 135 103 33 203 251 82 157 253 231 246
    251 23 63 46 27 225 239 50 181 206 233 123 225 16 2 170 131 218 35 8
    192 74 0 130 40 235 15 158 87 32 120 113 70 119 226 185 134 50 59
    111 109 53 21 48 206 32 45 62 160 101 197 178 48 245 173 144 16 162
    200 112 239 220 190 236 87 88 20 99 253 156 241 167 205 54 125 25
    134 16 100 34 0 20 254 3 240 59 2 119 210 71 51 199 219 165 220 44
    209 43 210 206 126 101 23 199 26 129 186 165 30 15 172 79 65 231 168
    15 90 148 72 28 43 26 138 237 50 247 133 227 47 152 122 221 76 60
    215 231 64 89 51 152 147 38 23 165 185 200 150 224 41 176 33 83 12
    107 81 50 148 10 37 188 252 250 192 215 254 185 15 169 6 221 68 86
    177 12 149 216 90 4 242 4 72 254 78 221 128 116 239 137 100 95 131
    127 15 134 99 168 168 224 18 18 18 218 63 174 250 61 200 171 37 26
    73 63 57 217 166 171 7 4 235 36 45 0 234 191 199 56 21 196 198 97
    220 88 210 127 74 80 137 179 48 45 147 11 232 205 34 171 137 52 78
    156 152 31 10 165 140 122 151 250 106 153 205 198 21 199 114 170 243
    75 108 34 139 85 176 247 249 135 142 180 208 193 157 202 199 202 99
    205 189 223 196 16 216 91 229 184 31 254 228 213 40 227 36 46 217 35
    140 135 119 122 124 180 77 32 243 30 27 81 245 116 39 205 154 171
    182 180 101 71 86 229 13 142 19 108 161 241 73 52 135 103 193 122
    199 212 132 11 39 6 124 109 204 218 253 147 206 177 230 213 187 44
    250 114 20 131 131 54 42 174 62 14 20 242 255 140 112 112 89 125 108
    144 68 48 166 22 169 10 241 115 5 96 23 44 178 230 180 172 200 104
    215 20 162 114 161 78 233 246 182 187 77 159 56 222 217 185 203 21
    181 13 185 110 174 73 53 176 115 218 195 154 39 66 77 158 56 184 70
    181 135 228 74 157 69 135 79 208 93 119 237 158 214 63 83 76 235 165
    183 204 9 232 46 203 122 36 76 172 179 90 34 28 186 48 140 195 120
    20 96 35 11 111 211 144 151 109 54 138 136 92 27 63 88 40 89 23 58
    189 239 206 82 249 116 163 146 239 213 50 66 156 112 187 250 118 93
    116 94 212 242 221 243 0 150 87 217 52 65 233 50 252 81 226 111 28
    58 238 98 127 12 42 215 39 225 169 37 56 227 243 43 175 109 179 87
    250 27 29 129 27 79 134 180 69 179 175 26 57 127 58 162 117 212 99
    150 249 97 43 185 75 17 178 232 39 142 169 144 31 193 215 221 157
    155 5 53 36 188 40 120 13 213 159 210 71 144 90 132 252 20 13 71 27
    199 252 159 23 124 106 109 226 59 243 224 147 252 96 240 163 11 199
    79 234 246 124 197 67 183 80 203 248 6 5 233 190 182 20 200 143 46
    51 190 31 186 55 248 126 239 56 205 248 134 140 249 26 38 185 85 229
    119 91 117 150 212 107 161 235 250 35 20 28 28 206 183 209 196 87 1
    58 177 54 152 13 182 63 231 138 207 177 164 229 115 105 213 121 30 0
    27 132 251 131 160 39 172 22 47 194 104 182 92 38 189 10 15 186 191
    210 115 247 139 188 115 14 212 151 153 80 2 157 230 86 36 168 96 117
    225 105 237 139 223 216 105 191 215 89 146 87 152 150 252 33 222 31
    110 166 222 52 55 31 8 207 159 69 49 100 139 86 189 234 195 172 58
    185 221 179 184 60 25 50 199 219 42 151 48 101 56 137 208 118 188 36
    30 176 143 147 221 38 186 223 177 183 199 241 237 90 89 51 230 139
    111 114 237 175 218 10 130 235 222 80 134 3 77 77 135 239 196 201
    139 79 129 15 255 153 173 155 215 188 31 52 136 62 36 167 58 176 156
    225 108 207 159 152 200 133 208 73 33 45 26 198 195 206 44 55 107
    229 204 5 219 104 143 201 120 183 171 80 137 104 165 184 142 99 212
    237 244 194 203 47 65 157 6 235 9 130 106 150 62 41 146 172 204 2
    199 11 168 82 103 99 206 231 195 249 0 109 98 128 102 226 50 217 120
    109 35 45 144 193 190 30 135 98 55 152 62 106 157 129 99 120 25 185
    172 147 154 26 57 202 247 123 158 70 181 192 3 154 124 138 177 128 9
    34 91 121 253 170 187 144 59 218 101 220 32 251 61 104 254 108 34
    173 200 86 22 91 218 243 138 245 82 6 181 222 159 93 205 160 11 168
    81 157 224 148 208 87 128 127 102 83 135 73 247 154 71 6 49 224 207
    161 22 161 247 95 205 62 75 20 33 98 188 77 127 131 27 21 117 254
    143 38 229 16 74 60 206 66 45 37 247 243 194 47 227 25 204 183 169
    123 41 145 3 107 67 143 72 120 133 117 127 83 95 25 204 197 58 225
    33 63 152 236 128 238 227 121 40 227 16 127 220 84 140 155 247 54
    168 213 145 32 115 203 247 52 246 194 61 126 44 234 181 78 160 64
    233 39 83 30 206 246 176 32 232 94 117 32 90 244 20 227 229 22 240
    106 171 250 202 92 81 252 165 222 217 202 249 204 228 196 130 150 48
    154 32 142 6 137 170 44 157 114 243 195 31 117 200 68 246 235 196
    205 3 147 46 213 197 158 242 51 13 74 21 148 31 210 10 8 122 124 232
    204 24 132 10 195 2 102 26 56 23 61 27 46 236 190 192 220 240 134 38
    242 42 119 209 230 134 45 107 243 133 171 152 216 216 59 18 122 247
    101 12 158 86 100 19 206 85 82 252 38 5 230 114 124 34 2 122 228 148
    90 163 10 68 138 99 30 185 148 104 159 108 78 152 154 179 156 111
    119 65 43 236 97 4 134 196 56 16 209 113 113 199 202 71 156 51 58 52
    251 143 61 165 84 1 128 12 215 22 108 81 6 35 22 238 117 143 215 153
    14 63 145 235 22 203 175 8 211 121 64 129 155 206 250 102 241 121 45
    129 32 110 26 128 140 183 194 208 55 162 67 188 164 237 88 128 8 215
    75 121 17 108 140 56 145 76 21 9 202 25 246 29 210 1 27 105 87 28
    126 140 120 240 55 233 135 193 242 179 56 180 179 50 7 108 254 193
    179 145 154 134 78 107 141 7 79 108 190 118 195 166 22 126 87 204
    130 20 78 202 207 109 32 219 111 18 218 107 120 81 116 113 240 140
    42 31 209 23 63 73 58 177 84 181 51 156 37 234 172 196 67 57 225 155
    22 91 38 238 16 217 75 116 112 202 199 177 80 126 109 247 46 112 53
    68 213 129 185 111 137 25 4 168 0 90 23 147 191 22 165 143 77 203
    226 163 62 55 185 70 150 107 199 170 81 38 228 216 136 75 69 63 125
    68 181 109 150 207 174 146 66 226 103 37 114 7 10 207 173 70 153 96
    137 164 169 209 233 207 164 94 91 123 126 28 37 27 209 229 24 244
    102 121 154 74 46 191 201 67 72 96 122 143 228 212 119 161 205 144
    64 117 52 0 140 99 143 178 11 230 191 140 59 92 81 167 214 43 218 98
    118 183 99 247 2 161 189 15 14 235 15 114 72 50 59 20 145 120 21 61
    197 35 196 231 104 129 53 200 165 171 121 252 110 235 225 193 50 30
    197 101 162 97 177 206 118 158 61 5 207 214 40 32 202 110 176 118
    122 248 161 240 109 49 137 210 236 146 164 242 80 10 124 179 212 217
    208 239 60 25 158 203 138 228 64 86 133 222 83 42 239 88 179 4 235
    160 66 30 74 18 57 57 226 94 219 155 186 143 94 109 119 166 47 253
    119 53 148 250 150 245 68 128 18 57 146 96 54 193 152 73 190 254 158
    44 169 161 217 66 198 190 224 113 195 103 27 96 203 97 157 57 96 171
    30 51 130 140 247 63 108 33 146 240 0 185 61 0 105 91 61 81 155 7
    210 29 35 203 17 185 245 81 200 30 86 2 71 226 246 7 177 77 227 66
    245 159 52 34 166 193 17 166 160 53 154 243 118 74 45 250 192 63 212
    216 145 143 203 47 139 252 106 53 25 167 101 114 159 16 139 82 92
    240 235 142 218 31 218 105 184 128 20 14 173 179 129 206 242 68 199
    22 83 15 65 35 227 96 251 204 92 83 86 26 158 28 6 212 92 94 186 217
    216 174 3 186 242 208 12 203 180 95 61 115 40 10 155 238 246 218 147
    246 233 245 94 233 0 0 66 2 226 198 225 126 242 169 137 40 197 92
    177 143 228 52 152 7 4 163 217 151 202 62 228 29 30 1 41 38 188 40
    103 204 71 119 13 44 179 169 86 214 230 205 199 56 161 3 225 199 228
    5 224 230 31 224 246 187 94 238 211 223 67 93 221 34 73 72 64 172 42
    34 61 58 32 128 248 169 236 5 155 125 64 81 63 149 251 51 114 201
    214 99 15 140 193 43 56 109 6 58 29 66 218 25 184 202 127 255 242
    233 188 162 33 201 42 100 96 236 97 138 224 155 254 210 95 215 138
    150 0 12 178 103 13 63 148 109 17 166 237 28 159 206 242 200 195 241
    145 188 70 212 11 248 207 111 163 7 154 75 25 125 130 186 135 125
    240 9 187 179 5 197 240 197 98 83 29 218 133 105 116 17 147 248 151
    86 94 167 42 204 96 141 126 12 95 133 57 254 165 163 81 19 40 223
    154 103 169 14 237 173 250 156 252 47 152 134 193 10 190 163 140 208
    152 3 1 239 218 205 17 167 182 129 183 41 140 16 33 118 109 227 152
    65 32 81 76 178 146 229 214 176 13 130 0 159 52 19 255 172 168 184
    95 26 222 30 64 229 81 81 166 130 137 97 47 197 154 66 250 61 115
    225 164 134 148 16 7 37 218 242 172 36 164 205 57 104 107 20 181 11
    241 250 94 143 73 82 106 153 202 244 247 158 31 170 212 155 223 51
    225 211 35 222 216 192 2 215 115 198 64 3 44 33 19 60 43 222 142 139
    195 182 85 66 254 129 88 38 187 195 143 7 218 50 131 92 111 111 197
    20 173 72 213 119 85 38 39 184 146 168 121 144 183 145 114 79 73 23
    246 24 242 204 159 228 58 44 66 178 148 146 169 125 224 51 151 155
    24 10 243 202 152 173 46 61 11 66 42 46 194 51 58 73 209 105 204 55
    245 120 89 4 249 79 172 23 155 43 39 122 23 111 126 229 9 109 3 241
    222 11 15 41 99 79 134 81 244 32 32 185 7 242 25 115 185 31 218 146
    155 106 238 140 71 198 22 167 62 16 180 113 192 11 154 196 137 76 18
    147 180 225 172 30 148 145 243 135 216 254 250 209 0 27 89 191 226
    50 139 95 241 21 73 191 237 143 76 247 128 112 119 1 242 75 123 222
    102 159 41 129 248 51 29 6 82 61 133 15 26 233 6 175 54 20 221 30 87
    180 119 166 83 128 193 146 206 74 9 46 194 96 76 235 36 52 201 166
    247 53 14 236 51 215 241 232 23 88 32 226 2 76 225 46 220 16 247 116
    207 153 197 144 120 93 144 229 83 84 180 152 33 22 177 186 111 33
    173 196 148 2 12 26 222 192 155 106 52 120 143 5 114 22 68 15 92 83
    201 232 255 146 139 165 81 7 202 135 246 207 47 84 243 151 129 200
    74 18 67 17 142 133 86 143 115 97 182 141 158 150 27 255 72 193 160
    76 53 73 32 113 133 15 236 141 211 83 167 236 70 178 128 134 172 186
    174 154 33 201 197 175 248 47 160 103 53 232 73 183 13 104 55 159
    142 18 87 138 148 188 234 206 180 52 171 42 137 77 4 1 13 110 62 170
    18 191 46 121 138 14 60 234 224 57 113 25 60 16 18 233 30 211 107 78
    131 14 64 169 131 25 102 40 107 158 55 227 166 122 241 45 139 32 13
    9 115 85 219 68 192 196 176 250 228 118 3 213 254 33 82 190 92 167
    108 110 94 206 41 93 67 3 167 18 222 154 157 96 38 80 196 247 172
    109 180 127 135 83 13 81 84 225 225 35 214 67 59 227 29 29 2 240 87
    7 212 79 250 103 69 28 241 232 218 5 41 137 91 201 102 187 98 194 72
    76 176 119 219 153 154 28 37 32 127 96 155 106 61 203 207 38 88 114
    26 99 122 104 139 162 98 107 249 136 59 100 2 201 180 69 51 30 124
    107 45 76 172 76 36 59 126 95 68 33 3 68 245 134 82 74 225 227 168
    161 151 67 42 245 194 172 182 114 78 107 109 129 190 185 52 198 95
    199 39 101 78 174 60 46 29 142 16 29 208 255 147 199 29 170 20 152
    149 166 67 165 138 205 52 136 90 218 196 162 82 54 92 236 37 214 160
    80 52 135 103 201 66 42 80 219 243 85 5 171 1 75 235 33 200 212 72
    100 128 254 61 83 218 211 150 60 134 63 48 85 6 107 46 169 154 85 73
    8 146 193 236 147 226 29 18 113 215 140 83 70 141 49 73 109 183 208
    234 160 113 227 229 38 166 231 201 120 113 148 10 196 61 0 194 52
    162 99 201 250 182 138 108 85 54 254 220 181 63 29 17 195 120 159
    214 39 179 131 190 201 181 37 14 134 150 251 79 24 188 187 83 157 40
    138 182 241 230 239 246 96 66 0 106 12 68 195 130 216 203 175 100 0
    9 168 211 176 149 174 216 212 25 68 30 22 198 240 17 90 182 197 252
    154 158 201 118 29 223 57 201 90 169 222 176 191 78 120 164 190 111
    171 7 242 28 40 200 220 177 192 235 240 113 139 97 78 79 47 43 123
    128 77 110 251 27 141 30 49 82 252 180 60 6 213 116 20 178 0 74 114
    252 27 205 196 241 136 173 115 35 250 226 138 125 15 99 26 203 55 77
    197 133 46 35 14 148 232 107 50 250 230 73 93 35 185 160 113 103 117
    243 105 227 64 114 100 129 103 41 98 224 123 203 170 47 225 42 56
    254 98 242 94 90 138 185 20 204 135 248 39 173 17 134 203 239 64 104
    228 48 60 92 133 205 118 46 14 156 74 135 219 26 196 71 111 132 34
    235 96 216 120 237 129 60 9 38 68 30 201 208 66 216 45 102 42 128 32
    171 244 245 64 222 228 210 164 90 37 95 160 229 96 36 16 151 57 195
    254 246 225 181 246 0 42 19 220 27 237 58 71 154 194 12 233 197 224
    185 98 132 7 168 199 215 218 176 224 69 232 14 16 38 184 69 63 97 78
    220 159 209 199 36 240 39 162 41 218 13 130 205 55 62 117 19 20 147
    117 120 111 224 66 209 90 107 136 65 90 153 234 182 112 45 42 11 111
    165 40 31 14 3 181 56 222 159 233 165 29 126 146 114 175 139 132 226
    98 106 93 114 102 139 144 145 71 180 142 34 180 145 235 59 42 26 91
    205 241 78 30 155 160 98 40 116 50 127 131 3 96 48 69 43 177 69 113
    93 139 233 228 60 248 190 19 99 211 51 180 251 110 72 21 14 58 67
    254 30 31 41 220 82 230 149 47 165 14 153 199 222 96 100 157 190 84
    145 159 219 255 212 242 37 252 228 148 171 160 9 47 231 25 250 81 61
    81 63 65 189 88 101 110 232 12 15 175 173 188 185 0 177 50 141 139
    175 138 97 0 174 110 213 236 76 51 84 151 86 204 125 158 82 71 216 2
    110 155 230 86 183 213 241 101 23 9 102 181 227 196 4 115 246 60 24
    98 4 157 152 244 32 115 202 117 139 71 126 38 90 214 7 12 203 10 173
    149 42 127 142 31 150 231 56 227 83 233 75 78 128 153 246 25 2 108
    107 115 131 80 162 170 214 114 163 151 80 188 236 89 67 46 206 122
    24 82 162 41 1 162 20 81 159 69 19 36 153 69 110 85 31 125 219 118
    210 218 110 171 105 209 227 77 176 159 246 11 241 72 59 239 110 237
    110 188 25 123 53 40 48 152 146 122 216 69 98 149 93 159 221 189 69
    97 8 0 19 49 10 190 12 100 21 217 9 122 195 183 133 184 141 88 158
    130 210 54 16 108 125 23 45 234 201 184 101 222 76 157 251 26 14 37
    6 137 74 75 46 131 79 112 2 195 42 68 45 58 124 141 145 250 134 188
    84 61 14 59 44 82 195 254 123 164 128 142 9 74 243 233 123 71 137
    179 232 248 35 188 141 226 218 241 70 207 77 39 164 24 244 92 143
    126 137 29 125 186 164 90 192 34 245 87 196 161 41 33 173 94 182 105
    139 36 120 172 236 6 139 63 233 160 110 58 155 206 129 159 196 166
    198 166 117 142 41 219 136 140 59 170 85 155 170 215 249 198 186 157
    160 189 167 100 254 70 54 16 216 107 176 137 215 86 121 116 142 137
    192 165 152 172 155 201 179 21 247 109 128 204 152 91 95 20 48 105
    220 60 245 23 219 19 66 70 34 249 98 110 1 74 181 25 115 125 253 181
    190 92 165 131 189 186 143 170 218 44 0 203 198 134 101 222 195 68
    170 178 52 132 228 126 171 117 26 234 20 133 171 120 218 135 25 14
    85 166 50 128 170 151 228 236 213 121 187 38 38 60 147 60 162 64 236
    16 68 206 212 24 245 105 57 247 93 48 151 95 13 176 59 34 141 9 79
    179 253 50 173 164 244 203 159 187 66 227 217 80 18 169 148 254 194
    169 5 201 112 180 123 184 254 158 27 182 137 244 247 174 160 97 143
    79 219 55 102 62 50 121 163 43 92 139 17 108 29 49 137 151 67 227 72
    144 149 54 43 59 189 22 97 88 201 125 121 233 246 148 142 28 176 116
    30 28 82 209 81 51 158 90 151 179 240 155 154 26 227 254 142 98 70
    27 209 225 249 16 132 149 248 112 250 41 122 71 125 27 20 251 67 117
    125 182 84 35 54 92 91 150 105 76 199 87 21 83 250 151 217 43 50 221
    92 195 177 160 254 148 161 15 24 11 68 111 22 30 3 179 101 38 17 86
    29 231 246 246 216 42 158 108 162 138 99 35 200 46 178 87 77 93 150
    186 26 192 241 82 151 108 17 230 148 94 68 11 70 198 196 102 139 214
    131 194 176 52 251 108 105 0 32 155 32 246 237 170 137 102 199 219
    121 213 232 75 40 184 140 151 8 4 43 178 249 24 43 233 37 14 100 208
    115 88 151 127 22 127 36 90 76 161 169 177 240 93 30 51 28 205 219 7
    89 234 93 26 79 115 209 68 108 144 200 177 23 90 255 238 241 186 223
    53 254 12 26 1 237 207 202 148 174 72 185 2 179 113 115 197 13 213
    43 193 115 19 198 68 104 134 225 53 66 98 18 104 33 46 53 127 67 36
    245 63 155 87 113 156 65 174 120 230 210 122 205 29 224 251 177 41
    213 230 97 142 65 34 241 186 85 146 187 125 43 121 29 131 62 52 132
    120 200 8 197 63 149 153 45 14 125 73 174 145 95 229 188 82 39 156
    186 79 57 169 129 205 68 44 217 85 1 133 158 226 148 57 31 46 80 41
    170 71 111 56 9 114 245 183 254 181 160 25 247 168 141 178 107 39
    131 183 205 92 216 235 119 101 190 2 10 251 169 225 154 204 215 6 88
    23 72 29 103 177 34 11 181 217 179 102 198 221 142 134 161 228 169
    72 89 233 39 72 226 27 42 44 159 4 4 21 172 101 230 181 80 149 6 238
    176 1 20 199 58 113 144 84 216 134 192 247 99 170 211 226 185 203
    197 125 34 183 254 157 5 15 26 40 106 101 68 200 158 32 221 17 186
    56 86 15 50 201 102 40 15 133 255 85 107 147 78 154 59 247 205 172
    38 205 206 251 135 6 86 195 82 38 74 61 69 233 80 173 199 205 200
    138 183 74 118 39 155 148 33 123 208 28 49 172 252 148 166 198 117
    124 29 159 191 171 181 87 216 136 208 148 117 150 70 183 7 253 10
    100 78 90 186 230 147 27 105 62 89 149 175 38 52 135 9 159 227 16
    248 176 183 13 78 130 5 112 255 153 26 48 227 179 249 132 53 126 212
    29 59 64 25 63 103 144 69 78 223 142 24 132 0 151 253 36 142 101 101
    44 140 180 12 164 250 105 210 139 67 191 206 184 40 215 29 173 57
    235 108 179 250 0 31 228 219 168 26 2 99 206 114 247 210 177 179 196
    31 165 107 79 204 56 111 36 38 14 135 86 249 3 110 10 37 181 4 122
    103 139 116 12 223 12 34 27 66 186 67 121 236 128 58 206 60 240 207
    125 107 83 198 90 193 58 87 231 70 137 166 138 158 55 39 74 200 239
    95 86 8 16 154 131 160 11 242 189 155 41 241 97 94 20 217 51 56 6
    119 107 102 8 29 52 224 175 177 140 49 134 157 176 115 41 138 215
    149 108 254 31 93 19 156 133 208 29 127 142 251 225 62 17 25 82 204
    76 11 16 155 128 244 212 112 226 252 188 132 191 131 53 222 77 245
    194 84 198 56 232 129 36 164 242 251 207 118 201 111 72 34 19 0 189
    7 32 3 85 242 211 129 232 35 241 6 53 151 75 154 226 185 51 215 154
    23 37 173 19 223 40 235 184 221 112 243 83 163 120 220 253 23 94 201
    22 60 2 22 41 222 1 150 224 37 107 14 118 14 108 227 63 145 213 152
    11 7 141 50 211 67 37 123 84 98 161 130 204 234 106 141 122 191 218
    197 63 64 192 42 85 198 184 155 105 114 74 218 243 161 255 199 25
    120 24 194 38 134 126 147 241 178 99 64 146 71 110 34 128 200 90 73
    203 176 248 113 226 132 44 17 100 186 67 245 60 85 253 148 118 223
    117 209 42 171 137 162 41 251 5 49 46 71 17 95 140 128 15 169 116
    112 245 55 72 33 144 202 205 196 123 205 21 191 209 174 109 93 132
    22 159 71 166 80 1 23 40 50 139 86 234 101 252 99 119 191 199 155 44
    196 22 28 160 193 164 100 195 114 237 102 172 107 61 96 38 60 45 6
    36 96 180 182 50 7 19 115 41 152 0 193 198 185 139 94 244 48 47 253
    118 10 129 235 152 114 164 242 240 147 132 106 187 250 190 65 117
    235 187 175 230 187 241 18 81 216 30 241 2 165 41 31 130 205 191 199
    60 92 45 155 232 18 232 46 157 210 242 145 181 96 14 181 82 37 8 84
    121 237 128 189 101 196 34 61 10 141 237 185 219 49 145 193 147 205
    36 215 168 118 209 93 1 135 10 111 213 206 215 244 167 36 131 175
    185 179 210 76 233 16 117 152 200 231 242 101 252 141 46 73 154 142
    154 80 85 88 12 122 175 1 185 237 169 235 75 61 187 165 54 94 0 132
    175 252 114 108 67 150 71 235 168 6 143 43 197 213 168 74 50 224 251
    210 121 35 62 138 134 108 132 45 96 124 44 8 21 138 153 77 107 162
    125 195 192 173 76 36 100 38 2 146 36 113 189 254 156 147 153 123
    223 176 127 162 82 135 31 193 214 238 81 23 237 114 128 106 209 73
    102 204 79 131 64 148 216 97 142 192 46 169 193 135 234 125 128 30
    55 162 241 17 141 162 72 118 15 103 204 95 177 122 59 33 30 250 57
    83 134 56 153 105 0 205 134 106 81 150 241 35 37 41 205 177 108 218
    226 99 90 18 83 174 149 4 90 4 124 112 0 29 31 161 64 32 130 227 149
    11 140 193 26 119 60 198 148 76 129 91 188 226 81 140 192 121 225
    106 150 19 54 221 164 170 62 23 69 63 79 217 107 158 21 163 11 37 43
    50 80 6 221 8 10 103 105 16 84 52 5 123 99 179 6 34 111 203 74 112
    238 201 231 8 57 48 155 170 85 173 95 204 58 57 32 161 203 244 216
    204 162 45 88 105 29 84 154 40 204 1 217 117 36 133 191 190 36 135
    27 154 80 247 42 133 112 108 114 195 13 37 26 147 84 183 19 79 133
    101 252 194 61 20 136 89 71 43 60 239 129 36 97 98 83 214 165 68 147
    239 47 86 189 219 67 135 156 115 183 5 255 18 111 65 81 125 251 60
    55 6 172 49 8 62 203 129 226 118 16 223 38 18 25 196 0 150 168 122
    158 179 192 164 109 206 208 175 108 176 146 162 153 120 6 201 225 60
    49 222 251 110 198 110 220 29 231 95 204 231 34 4 224 149 52 177 126
    81 38 40 156 186 219 44 1 174 18 237 62 39 196 113 77 78 253 234 79
    7 114 110 48 105 152 161 191 123 139 14 99 91 2 155 179 148 230 106
    18 178 224 238 219 194 187 227 197 31 58 133 198 180 223 52 92 237
    144 97 58 168 93 152 158 142 153 32 35 33 201 100 238 168 229 230
    226 111 154 89 83 108 210 145 77 32 109 121 37 254 27 10 146 4 59 17
    181 66 206 24 176 10 27 143 218 111 142 69 227 77 61 14 48 9 212 153
    236 213 116 210 207 30 138 65 127 140 85 226 39 162 123 199 62 85
    157 37 28 120 207 27 242 63 235 36 160 244 112 178 95 120 48 254 133
    12 220 0 19 209 168 4 92 230 244 83 123 69 207 209 182 80 166 236
    152 71 244 135 156 74 30 139 42 141 67 38 50 140 120 146 34 186 85
    108 121 119 187 174 13 85 91 90 251 56 25 9 162 36 105 161 65 196
    246 243 88 160 13 214 171 193 197 67 46 229 69 64 77 25 102 194 23
    100 12 36 190 216 92 217 97 223 40 239 178 0 162 233 239 172 81 74
    68 248 112 118 10 133 57 145 133 212 2 203 106 106 218 183 65 40 162
    74 130 210 46 50 219 16 154 23 108 34 24 255 151 52 184 123 223 253
    15 66 219 60 167 189 252 234 5 119 83 154 7 156 99 84 210 222 154
    148 132 78 187 73 158 240 68 19 219 53 32 248 18 90 170 161 203 30
    135 188 167 195 233 118 139 205 181 176 128 175 27 230 57 59 207 141
    20 39 42 88 4 33 50 70 127 128 52 118 112 19 17 215 129 51 95 188 70
    177 239 161 239 220 207 43 181 90 104 156 52 193 46 76 24 122 2 146
    21 53 24 63 50 191 58 201 190 224 184 78 243 253 6 180 42 124 158
    239 5 113 30 147 47 54 125 21 188 53 19 175 246 107 162 178 31 79
    104 85 225 167 134 218 38 196 95 55 204 233 218 27 251 129 221 29
    242 28 179 19 112 178 180 181 29 173 186 118 194 4 148 54 40 115 127
    238 182 223 71 230 76 164 98 15 120 116 102 173 20 83 126 93 232 42
    34 251 205 235 174 175 35 197 255 20 209 48 52 209 53 181 182 234 35
    239 31 142 174 253 241 139 78 83 50 148 126 127 21 216 87 39 220 192
    203 130 195 115 213 163 49 180 237 213 248 85 230 182 130 130 185
    111 206 203 17 218 90 0 140 138 178 13 56 167 89 77 164 138 59 37 99
    215 78 196 59 153 215 53 79 201 143 22 107 155 30 195 79 84 130 114
    170 206 88 228 176 108 68 62 71 225 114 1 255 245 117 240 7 223 229
    149 163 59 33 84 253 42 213 73 98 139 203 79 127 33 145 89 243 92 65
    51 79 96 39 230 11 83 237 164 117 161 70 47 59 76 236 220 99 236 18
    27 86 34 192 74 126 162 51 22 99 182 89 43 148 237 237 66 81 40 161
    161 195 246 184 71 221 48 96 147 243 80 151 88 132 207 237 220 22
    173 238 223 226 89 233 202 224 146 164 18 193 169 30 73 138 80 107
    135 172 82 52 147 138 60 169 119 78 222 186 67 163 108 128 162 234
    19 210 232 218 234 18 138 148 163 250 146 94 35 93 210 174 238 249
    142 93 237 224 85 173 194 28 99 72 171 66 210 211 239 171 69 236 156
    71 111 209 53 31 140 173 99 118 185 237 198 211 95 50 8 95 228 218
    138 28 125 49 86 234 37 219 241 221 65 100 138 220 56 78 101 157 176
    98 217 168 121 7 153 11 39 124 97 84 233 12 170 95 2 241 204 182 113
    156 119 1 12 156 62 249 6 249 42 251 60 106 39 120 85 44 243 39 108
    137 19 79 119 153 57 61 45 133 144 3 74 144 151 160 217 35 99 24 175
    232 221 240 101 216 93 28 39 32 199 104 58 70 81 230 243 4 54 75 161
    237 42 83 122 127 32 149 181 86 61 68 65 202 20 162 8 91 50 95 17
    236 79 245 18 38 233 105 247 156 36 9 226 188 158 211 111 130 186 27
    64 50 65 164 124 66 158 25 29 97 176 79 102 170 108 105 76 179 132
    48 146 196 116 92 211 180 142 195 44 172 21 21 171 104 228 240 246
    110 237 59 105 98 82 177 54 77 58 243 81 157 96 8 105 44 104 203 133
    2 53 233 139 208 5 216 35 255 57 140 102 159 6 107 172 147 251 79 44
    51 12 201 161 136 167 23 165 50 246 16 48 241 190 68 22 176 253 113
    24 98 21 119 13 25 55 190 222 52 132 242 22 100 178 100 111 138 66
    200 39 21 25 137 123 244 243 204 130 92 74 48 63 247 106 31 16 4 32
    167 159 191 57 135 174 94 141 111 245 105 22 103 61 117 81 137 109
    104 127 51 1 37 88 24 123 2 240 78 195 20 54 194 159 70 173 208 196
    185 137 78 114 149 207 181 177 202 29 228 28 123 105 120 9 251 211
    199 40 73 87 188 58 41 82 159 123 59 16 11 154 238 102 27 234 86 235
    210 55 99 246 109 220 90 15 19 227 138 130 149 10 206 39 123 231 101
    173 41 17 94 116 2 46 140 133 223 130 154 32 114 55 7 197 223 1 101
    177 108 22 156 58 133 106 94 119 1 81 114 116 165 146 202 28 26 29
    38 214 17 144 15 144 21 38 43 97 243 90 71 190 152 98 252 46 56 223
    232 171 253 129 195 33 241 19 223 168 132 188 121 94 180 84 230 172
    42 62 170 103 69 157 176 134 235 106 57 128 27 128 8 177 94 209 219
    94 91 153 91 248 44 158 67 97 232 108 121 112 144 143 69 69 134 198
    189 220 58 29 86 241 175 18 255 241 181 149 72 35 145 221 240 140 53
    200 253 199 131 141 13 26 229 142 109 191 115 184 40 244 240 53 218
    206 138 210 53 42 95 51 18 191 63 86 227 85 160 172 5 64 250 29 164
    128 41 51 156 76 204 177 184 49 156 31 119 9 6 204 123 135 213 8 100
    57 217 48 31 245 218 241 41 24 88 169 131 204 103 67 184 235 152 166
    238 155 198 40 188 133 46 247 13 109 87 214 35 143 123 140 115 228
    164 54 234 224 80 15 44 140 182 30 111 162 4 249 238 183 24 36 34 95
    36 189 143 191 148 240 222 217 126 79 237 7 35 192 74 136 216 229
    133 115 177 171 111 159 56 121 87 146 173 12 175 58 85 95 57 65 98
    180 238 194 136 172 114 128 55 216 178 79 52 156 177 64 86 51 109 84
    107 87 4 184 114 124 45 91 102 183 102 233 2 64 116 33 82 146 30 214
    195 83 102 194 185 80 3 127 195 245 98 16 198 171 15 199 130 52 168
    251 89 203 230 125 25 159 151 98 122 163 176 85 89 220 191 114 119
    92 180 114 184 232 92 179 134 95 35 228 239 247 58 151 215 221 58 31
    155 97 166 110 136 131 172 245 158 79 95 217 23 42 161 239 148 177 5
    38 237 161 176 171 102 232 182 153 189 37 156 100 0 209 67 71 233 87
    9 211 212 225 206 122 99 28 59 141 16 56 189 187 79 156 246 86 152
    114 147 121 178 177 207 140 73 184 135 114 149 127 20 144 14 113 222
    186 237 92 146 64 209 10 48 75 48 6 28 228 67 246 53 14 194 40 8 204
    236 104 154 37 165 201 137 102 163 148 110 230 73 182 88 163 52 136
    96 35 166 208 163 57 224 158 62 229 125 204 231 124 228 192 50 206
    95 48 207 127 214 217 33 213 167 160 42 210 86 108 145 209 202 210
    138 49 181 30 223 249 154 242 44 34 87 12 199 141 180 33 25 246 209
    219 203 137 53 177 12 183 127 6 177 136 146 252 47 31 114 170 7 227
    1 244 130 85 224 142 224 219 112 61 18 234 28 178 64 166 168 105 71
    91 89 239 53 144 184 140 21 245 30 156 98 85 157 66 69 225 172 252
    230 100 114 66 131 237 28 111 185 53 167 34 108 45 149 224 209 26
    147 101 195 254 84 198 24 5 84 154 98 237 123 198 37 199 105 158 178
    73 105 207 160 192 118 43 48 19 73 207 133 29 60 190 245 179 128 146
    143 29 99 216 69 105 143 36 112 100 32 117 203 55 31 117 131 16 85
    122 41 140 133 22 220 6 35 51 244 75 0 113 148 235 4 202 38 180 75
    146 17 133 224 230 105 85 71 157 149 156 138 87 247 200 38 127 81 83
    232 8 150 162 135 165 49 161 185 70 214 160 41 80 143 97 18 100 167
    73 95 220 69 11 88 190 192 255 121 239 185 169 127 49 168 167 95 50
    141 114 234 39 244 35 1 51 164 196 179 206 63 214 226 13 42 16 169
    205 99 15 168 33 178 150 79 199 61 221 211 54 16 175 30 94 77 216 0
    85 144 65 230 211 66 29 55 71 188 49 49 9 206 171 122 4 228 78 215
    125 67 51 95 124 182 166 15 172 80 234 121 149 11 219 233 204 64 237
    127 145 134 77 52 81 216 205 23 215 211 88 111 210 185 98 52 92 23
    95 208 43 26 48 252 82 93 164 86 245 101 61 78 242 104 35 144 154
    137 100 226 40 236 207 81 49 37 212 83 131 21 16 63 201 197 121 51
    12 167 220 187 244 224 22 153 86 107 27 70 36 133 50 166 66 11 78
    239 73 14 207 221 139 165 162 224 9 186 171 232 167 238 178 217 5
    224 0 24 166 237 0 19 2 69 17 125 225 18 72 142 70 114 196 132 206
    149 16 161 117 178 5 163 22 42 55 113 54 9 238 10 66 183 239 124 79
    252 18 169 241 144 232 10 236 29 102 36 22 111 55 241 14 201 213 165
    31 178 117 27 193 28 236 20 175 147 119 70 228 91 35 243 169 12 92
    237 98 78 219 159 147 231 42 46 126 237 107 101 174 255 213 97 170
    241 103 114 216 183 57 50 100 188 114 53 164 97 166 226 210 158 114
    77 108 183 92 187 63 37 60 59 116 7 242 122 85 21 83 213 170 156 162
    133 72 43 163 39 77 39 107 142 109 50 197 106 204 48 34 249 167 68
    242 253 151 18 179 58 70 178 153 92 134 11 24 246 149 23 43 233 27
    197 28 218 182 158 25 49 133 117 172 5 64 0 135 221 251 59 159 241
    248 10 1 198 117 107 158 0 15 123 139 211 233 58 84 5 123 232 140
    204 170 144 216 222 170 139 152 132 75 44 231 18 18 88 50 50 209 7
    201 156 74 84 252 114 151 122 179 24 35 25 21 66 218 128 28 237 159
    35 172 110 200 51 143 150 128 135 40 44 167 204 123 80 217 197 229
    84 86 129 239 98 106 236 220 242 166 190 20 42 214 203 229 80 112 60
    70 169 176 81 32 116 50 53 80 71 248 121 158 197 140 7 139 138 20
    228 111 104 232 161 215 96 244 75 103 41 233 50 93 255 30 106 209
    107 56 67 59 87 61 217 164 134 213 21 13 229 109 66 240 59 62 35 3
    16 23 242 33 205 1 91 34 15 71 158 179 4 63 171 95 111 208 56 6 138
    166 233 102 179 115 134 18 164 146 215 252 190 252 115 70 89 202 54
    211 31 33 157 184 110 168 100 245 121 12 41 57 154 141 42 83 81 1
    192 244 252 48 151 235 14 249 51 199 90 241 62 160 165 231 28 240
    189 130 181 3 204 166 0 132 186 41 84 24 20 224 51 116 84 11 50 54
    20 244 176 18 10 43 199 206 158 153 2 115 224 62 232 37 180 19 10 52
    195 192 17 76 81 150 176 96 179 58 186 208 121 134 201 99 44 35 15
    239 48 83 201 217 40 171 170 61 244 28 228 26 51 24 244 255 148 79
    133 219 80 47 155 14 244 72 235 142 53 41 157 244 239 108 181 91 145
    127 60 2 83 133 79 177 147 119 66 231 16 117 244 61 74 105 3 36 109
    227 35 143 7 66 25 43 205 126 12 6 221 94 196 7 227 197 155 180 24
    172 1 238 216 160 169 58 165 93 200 159 180 81 136 214 223 119 41 47
    104 25 228 56 164 15 16 157 41 23 52 73 120 53 99 4 68 21 18 57 145
    82 235 88 203 242 37 123 58 249 142 58 116 107 168 144 207 15 119
    210 151 164 251 59 240 70 187 61 245 54 250 4 67 154 46 15 92 144
    202 128 96 31 26 19 70 121 171 14 243 215 88 157 217 39 2 28 106 128
    122 140 28 8 177 65 253 153 42 174 184 158 45 132 58 192 85 198 99
    220 34 231 235 18 72 103 174 158 25 24 210 225 86 218 141 209 197 58
    31 241 48 201 162 152 199 96 203 214 201 58 91 55 193 59 13 113 91
    14 205 106 111 144 149 150 6 169 148 51 56 25 172 123 120 109 70 9
    81 6 139 65 34 24 205 97 4 0 69 66 133 249 179 247 115 229 128 45
    233 29 69 111 181 104 187 83 26 152 65 71 247 71 250 21 181 132 125
    232 225 20 20 181 46 253 173 211 5 248 158 27 45 150 159 60 214 27
    43 189 145 116 230 115 108 58 52 133 178 255 153 215 239 102 223 215
    89 4 108 129 176 117 35 239 189 88 182 1 163 30 217 107 223 77 26
    161 139 81 154 17 171 79 254 178 118 24 229 170 158 69 5 72 93 18
    187 177 60 159 34 44 238 167 11 25 39 17 196 138 195 62 45 87 43 41
    151 199 87 167 241 94 178 9 28 97 68 211 183 209 132 193 200 131 49
    157 135 19 198 51 240 219 241 205 17 28 197 101 236 246 113 91 74 15
    181 107 133 66 223 5 60 26 159 48 0 247 209 7 97 209 222 120 196 7
    33 106 22 226 188 41 146 157 35 7 91 238 186 108 186 197 203 96 61
    170 162 215 134 156 16 175 155 232 66 105 129 119 121 12 145 111 199
    60 39 49 183 120 50 65 179 170 90 61 148 237 211 30 50 138 18 60 48
    172 93 20 142 31 80 31 73 239 6 157 64 243 34 138 195 217 116 94 79
    250 183 229 87 234 5 156 8 232 6 52 38 133 68 37 24 120 248 186 52
    148 49 86 218 229 90 24 163 167 171 46 212 171 67 117 250 138 133
    150 62 179 50 91 39 158 132 233 236 244 95 116 104 32 253 111 248 65
    221 109 179 109 200 195 218 13 215 249 218 124 66 67 132 96 205 50
    126 225 13 74 158 18 4 2 175 156 13 148 167 61 37 37 240 213 246 93
    163 113 117 106 183 220 195 205 82 134 70 200 211 165 105 94 52 252
    99 132 51 175 201 162 35 53 144 96 180 76 167 35 91 55 34 181 211 64
    182 56 93 32 195 189 57 212 4 37 3 89 77 122 56 123 20 164 196 174
    212 93 139 23 61 107 96 241 175 158 20 74 213 11 78 93 200 38 225 92
    148 145 125 88 177 8 177 145 20 88 165 24 34 192 184 129 225 238 200
    211 145 112 100 57 118 144 130 14 149 201 168 35 131 146 73 172 187
    185 89 71 255 128 107 0 147 61 7 163 83 128 173 186 190 125 235 253
    167 176 155 179 134 124 185 112 43 251 139 69 146 10 126 190 96 179
    97 124 180 102 136 129 247 16 245 237 210 100 135 3 2 122 181 165
    111 147 47 161 76 133 225 34 221 152 93 157 194 139 251 47 148 30 55
    20 164 254 237 47 106 197 187 134 239 32 62 84 234 249 161 118 237
    76 64 200 30 242 159 169 253 238 114 226 107 31 169 215 151 4 174 18
    100 207 220 64 104 250 140 232 103 248 213 56 68 176 70 194 241 137
    198 100 186 43 205 221 190 236 107 86 21 103 156 70 41 25 242 71 69
    214 191 156 123 102 26 40 59 57 239 190 152 142 226 92 30 96 141 78
    0 213 37 207 75 186 5 112 185 56 153 224 114 11 20 161 0 148 15 38
    87 21 11 139 85 254 0 101 131 248 36 202 210 86 187 163 64 120 152
    105 14 121 251 76 106 254 122 2 21 155 237 63 131 241 211 230 142 26
    232 143 248 108 30 90 53 165 232 229 252 188 104 74 22 35 35 234 128
    196 130 246 55 48 165 113 15 223 173 102 234 173 242 26 190 37 228
    198 12 184 101 115 31 24 248 131 47 11 141 128 80 161 95 89 103 180
    118 40 104 166 106 0 178 187 89 29 145 150 76 122 238 38 93 7 82 9
    220 234 176 35 133 6 234 196 15 234 0 199 172 105 49 1 174 205 25
    138 202 124 134 142 235 46 36 127 78 73 153 179 151 143 210 96 30
    248 18 130 141 63 247 231 220 151 17 103 191 247 126 52 200 26 184
    138 95 99 172 39 161 81 15 58 84 70 66 102 151 114 194 134 230 100
    59 84 251 159 158 105 193 181 131 80 107 142 89 45 209 120 251 105
    183 135 244 194 19 237 215 66 209 196 215 153 212 61 203 155 144 132
    52 219 207 84 212 149 60 132 153 50 185 41 49 148 175 107 166 122
    175 51 234 189 143 72 35 180 195 10 203 201 72 157 195 163 70 166
    221 67 153 157 253 183 219 217 80 134 210 114 184 250 28 71 137 83
    183 94 225 236 35 36 121 80 58 237 6 176 56 250 81 109 206 185 113
    119 234 103 0 89 86 76 157 88 143 171 34 186 135 83 210 195 3 37 61
    7 142 216 84 175 64 102 6 139 255 89 144 187 96 192 2 219 5 236 2
    172 247 11 255 154 143 104 45 144 232 214 179 10 79 205 9 38 173 112
    153 95 199 55 7 138 172 115 135 13 238 51 51 134 236 162 118 0 35 90
    60 88 10 253 246 223 178 16 135 142 131 54 184 49 172 236 185 10 25
    135 84 96 40 183 25 245 129 92 23 181 159 25 28 197 162 245 189 150
    82 69 107 123 58 196 90 95 145 146 98 197 252 86 174 186 115 55 223
    253 226 192 125 255 177 8 78 250 143 223 184 135 12 155 151 74 12
    102 114 214 214 246 55 163 85 82 66 227 92 183 159 191 152 66 42 92
    2 142 161 78 166 20 24 200 59 250 6 82 165 118 152 101 79 131 252 71
    217 136 154 177 172 181 42 222 7 75 122 51 187 5 244 99 0 194 175 8
    70 185 208 109 73 185 115 114 47 220 160 244 22 57 252 233 99 36 144
    247 195 251 246 40 30 46 16 234 178 207 146 247 41 148 213 225 183
    42 206 136 156 66 154 184 35 135 214 230 70 246 67 215 191 171 247
    251 11 182 215 187 61 175 222 42 127 234 161 184 28 157 213 186 137
    137 8 101 103 141 105 133 115 164 32 254 16 47 139 238 72 146 1 48
    242 116 171 34 32 144 7 15 38 176 134 28 200 159 78 107 163 32 190
    198 4 12 56 162 115 105 139 152 175 13 213 215 80 9 155 76 80 35 164
    142 240 121 10 135 41 231 242 95 141 120 236 204 87 78 153 19 168
    134 105 99 196 152 139 167 136 155 42 96 122 99 192 228 32 39 67 94
    118 235 115 37 130 57 8 232 50 23 223 121 116 169 254 14 14 198 52
    155 45 145 163 212 167 160 28 120 174 246 138 226 241 101 30 80 58
    229 153 76 128 171 159 104 146 64 87 84 157 145 195 194 201 207 95
    124 100 135 109 128 229 146 218 9 191 51 61 100 94 17 246 98 164 35
    170 189 18 178 192 57 122 179 189 192 9 42 216 118 120 158 209 7 150
    110 63 17 253 84 189 194 75 225 63 230 49 112 235 136 247 57 235 88
    63 196 41 129 231 235 64 220 98 253 220 8 140 57 82 239 191 170 131
    247 7 114 64 139 216 255 90 36 163 111 175 89 173 141 100 221 198
    152 66 85 97 196 24 85 42 207 117 133 230 101 146 195 76 25 37 166
    95 160 149 109 160 20 91 69 212 195 44 108 130 10 232 93 167 213 4
    86 35 248 248 241 207 53 182 7 90 65 131 116 120 200 6 156 95 61 78
    190 242 86 120 106 201 229 107 64 227 165 201 233 242 189 92 22 58
    61 87 206 192 51 11 35 28 224 202 55 139 28 119 11 12 56 0 103 222
    14 193 145 222 37 206 118 249 113 171 75 27 222 65 249 238 240 124
    79 26 250 84 56 235 138 132 25 44 147 91 79 201 123 16 116 169 237
    238 99 122 88 97 242 117 215 242 115 2 251 163 185 108 138 103 208
    142 254 43 147 192 195 50 194 221 244 165 242 227 74 225 190 203 143
    236 213 196 162 231 154 239 74 172 94 243 26 189 226 28 96 106 98
    117 235 21 158 238 220 35 80 243 11 181 135 89 6 53 247 27 168 6 117
    228 149 162 155 172 115 232 40 38 19 16 44 147 194 13 158 75 238 175
    243 244 198 191 115 243 230 200 241 52 112 52 209 190 251 178 90 246
    232 248 144 159 20 78 232 59 82 188 236 94 48 242 88 68 75 221 254
    134 225 188 68 53 29 183 1 160 162 37 172 69 11 102 78 25 53 66 203
    86 2 76 32 186 208 35 80 187 182 53 168 83 254 126 197 142 183 218
    116 149 2 253 160 172 137 221 141 196 219 85 84 110 31 37 254 243
    210 116 230 101 26 100 118 54 83 115 140 30 108 199 82 128 82 46 142
    215 104 124 21 186 81 48 146 194 246 25 199 50 171 241 8 107 121 5
    33 246 115 44 250 90 36 36 240 147 59 55 112 194 165 61 184 76 202
    17 49 255 161 74 231 76 83 230 250 191 54 51 223 231 64 122 250 3
    191 41 169 251 18 33 157 145 34 113 101 251 94 215 72 97 126 72 12
    252 31 54 220 221 248 104 147 33 37 69 134 61 103 32 166 80 218 103
    7 98 253 67 78 190 60 241 171 229 23 145 80 173 195 255 161 200 13
    93 74 253 195 70 165 231 13 238 109 62 90 203 46 1 86 179 39 156 84
    227 54 231 49 125 39 43 25 67 58 28 172 58 57 135 250 60 160 149 0
    252 125 132 100 31 120 122 75 192 235 86 72 53 202 1 190 212 130 117
    126 30 224 155 172 193 129 197 183 202 114 197 28 75 112 5 29 219
    202 254 162 231 17 112 22 77 56 53 5 157 25 143 81 201 143 46 241
    110 43 250 214 90 15 132 78 83 252 181 234 253 83 64 88 233 136 219
    249 112 159 20 92 56 212 73 67 180 223 22 1 210 135 243 145 247 241
    197 190 158 7 159 97 24 101 9 249 56 118 8 220 199 9 83 39 130 4 94
    171 51 161 138 63 203 135 123 209 202 214 233 68 226 11 12 118 29
    117 130 100 71 176 254 188 55 156 14 107 182 229 201 69 117 4 83 13
    202 73 111 84 203 184 131 59 119 112 113 183 27 193 235 55 228 76
    107 186 161 104 67 201 77 116 125 90 210 116 254 6 193 182 139 52 9
    3 105 13 27 245 113 204 6 17 227 148 209 0 47 103 35 177 246 112 165
    137 207 179 117 35 124 109 141 52 184 8 196 242 98 132 69 227 111 22
    113 50 158 107 204 157 64 89 102 244 27 87 72 176 65 130 39 97 237
    243 218 195 192 130 107 80 117 246 239 162 206 239 117 118 228 214
    10 110 18 38 130 178 30 50 242 134 36 215 83 1 197 93 49 206 66 101
    245 17 86 91 239 60 203 255 63 205 227 117 119 154 210 53 39 237 144
    73 208 177 41 68 254 254 234 82 207 116 101 48 5 204 123 183 11 44
    229 70 134 85 158 149 186 185 251 51 247 157 132 214 161 107 118 4
    242 13 228 60 151 244 46 117 22 244 160 112 178 139 186 119 152 26
    85 15 127 46 30 194 153 43 72 201 139 44 146 116 76 63 84 118 49 85
    131 216 190 48 225 32 9 56 92 63 182 246 94 197 153 11 89 179 180
    124 2 67 145 38 137 82 2 149 239 121 31 229 130 85 178 57 151 214 53
    17 242 210 50 205 62 62 206 21 171 115 94 196 43 216 165 102 242 49
    20 190 100 157 50 90 204 114 198 108 203 189 208 53 15 25 253 153
    163 82 116 203 128 148 240 193 100 93 158 237 0 103 250 29 96 70 9
    65 193 223 69 143 40 119 210 229 242 73 20 252 151 68 206 50 13 37
    48 222 95 224 172 51 105 40 92 246 255 115 45 31 25 108 73 78 153
    164 14 100 13 28 203 151 70 21 2 90 158 63 187 241 29 228 20 234 92
    96 148 94 72 138 177 204 68 103 216 202 127 1 158 172 187 9 181 3
    108 129 62 92 162 30 170 67 198 60 207 65 116 128 240 188 221 238
    110 159 90 144 79 184 229 98 175 72 172 34 46 139 206 197 5 182 213
    139 97 28 201 126 208 70 77 53 41 108 137 95 215 35 249 105 245 83
    37 243 153 158 251 86 144 186 152 223 215 68 230 137 56 39 90 129
    229 103 49 87 43 251 229 105 56 228 63 223 18 150 57 62 226 254 51
    234 116 140 142 39 218 180 138 127 247 65 93 119 83 12 158 185 70
    122 29 67 97 234 168 160 118 215 48 128 99 119 16 215 53 1 124 138
    251 190 231 209 17 242 247 127 234 129 7 184 43 115 54 60 148 247
    179 26 12 144 149 43 238 56 101 183 130 241 205 11 23 45 70 43 28 22
    73 64 201 99 66 129 32 89 252 61 67 45 139 110 10 125 137 107 65 243
    97 63 28 117 44 152 95 252 96 82 249 87 84 112 243 20 122 47 238 79
    153 13 1 47 130 59 118 28 178 65 52 152 181 252 217 221 116 45 97 19
    209 189 13 189 156 45 43 244 127 59 11 77 60 185 121 243 141 101 221
    149 26 179 184 250 219 162 51 13 131 15 5 171 179 142 60 105 109 11
    113 179 29 82 181 135 113 93 251 102 22 155 92 53 21 147 222 195 126
    202 124 119 245 192 32 144 172 194 15 148 119 137 253 244 101 81 237
    73 74 131 44 119 191 243 104 37 181 3 238 131 128 19 141 152 52 129
    124 208 168 152 142 10 7 43 31 170 86 36 209 27 135 254 90 221 180
    164 46 92 162 0 119 98 7 175 38 79 68 53 103 71 91 115 30 252 45 92
    111 112 138 237 141 176 151 93 101 90 63 66 133 182 11 136 252 86 3
    219 44 226 181 228 137 80 199 98 179 244 109 87 71 83 195 239 181
    224 22 130 146 92 214 122 89 115 64 104 110 0 37 17 60 206 198 10
    128 89 233 62 226 65 173 195 75 155 222 8 24 93 245 11 152 195 23
    140 33 20 146 23 209 65 118 221 187 190 92 35 216 41 40 46 183 196
    50 4 109 202 217 169 241 71 175 72 210 12 175 112 39 131 245 246 157
    175 45 19 38 144 208 169 70 85 215 165 102 126 73 49 191 12 172 228
    16 195 114 210 199 25 154 248 102 63 9 58 15 195 13 51 188 191 240
    17 114 42 83 78 98 105 29 44 183 249 248 67 139 240 27 215 232 44 60
    81 47 205 103 15 148 153 190 19 15 155 50 181 232 99 199 105 212 130
    58 67 57 39 158 64 167 121 205 217 121 139 212 238 103 57 57 228 215
    28 97 219 98 55 43 94 138 117 245 201 28 36 82 200 127 8 232 93 168
    158 219 71 58 51 87 227 207 250 43 171 31 157 27 207 58 29 117 29
    102 154 252 154 132 57 62 169 218 96 115 74 6 70 186 48 66 67 7 68
    27 171 201 35 81 1 169 232 101 154 191 95 210 107 169 142 248 190
    215 108 6 209 166 120 112 112 95 227 152 46 197 106 80 91 157 0 25
    246 174 64 102 223 192 248 120 174 192 86 206 168 191 7 12 102 150
    218 41 55 206 119 9 213 113 140 227 60 57 27 152 54 214 158 138 26
    73 213 113 64 27 108 161 216 158 229 63 228 110 22 63 4 197 212 139
    130 152 169 87 101 249 48 2 87 205 56 147 230 166 41 138 215 241 136
    242 200 38 195 192 160 147 7 54 108 108 175 25 0 184 192 90 36 125
    151 115 49 250 44 29 37 25 169 2 45 22 186 163 194 189 127 107 50 63
    226 218 206 43 211 112 160 191 35 62 78 222 72 214 133 221 68 14 99
    188 225 91 239 227 222 52 239 194 196 59 116 14 40 33 235 213 168
    241 221 63 78 40 232 90 123 143 200 13 39 149 190 232 53 157 22 85
    129 228 106 251 209 201 204 174 25 131 72 28 131 117 48 74 232 127 0
    146 135 7 133 103 202 34 233 172 248 250 167 141 168 95 82 41 213
    130 235 75 63 131 72 189 136 112 182 13 136 26 170 63 136 195 171
    153 129 200 135 137 46 42 155 198 168 7 15 58 114 194 123 119 8 158
    98 9 93 190 204 152 160 66 154 31 42 168 86 221 95 19 102 89 147 63
    126 154 55 90 98 63 147 89 20 148 221 81 19 88 180 10 101 182 42 141
    202 138 112 205 181 222 171 236 178 150 153 163 143 210 149 52 170
    210 29 246 213 33 118 224 244 133 199 13 56 156 78 227 99 117 160 6
    125 78 115 247 167 125 11 177 170 118 24 0 177 88 93 6 238 162 152
    164 166 104 182 35 144 231 14 32 182 72 51 163 129 153 255 136 60
    249 89 143 244 120 131 95 148 189 247 65 67 167 8 198 194 198 122
    102 91 52 112 21 247 140 102 168 70 8 24 74 174 111 170 172 100 71
    132 251 214 82 210 19 97 106 208 194 119 83 95 110 92 107 51 188 156
    114 50 51 144 55 47 141 224 103 106 36 209 97 92 171 17 190 46 25
    116 236 174 243 231 156 61 211 104 65 60 101 243 195 21 231 217 16
    153 116 15 225 251 252 175 190 161 165 184 197 114 111 204 148 215
    69 223 123 61 195 238 54 233 46 246 22 64 215 93 146 105 85 236 16
    88 23 9 89 227 20 115 13 42 116 198 105 102 152 13 52 71 215 35 2
    229 236 153 230 36 16 14 175 253 195 68 255 180 118 126 141 147 17
    174 252 153 20 251 115 152 42 116 223 141 101 226 210 206 91 128 56
    186 201 181 204 166 37 173 87 215 117 175 60 103 49 91 214 214 195
    220 206 150 211 226 197 239 91 50 157 176 192 58 133 37 76 143 112
    29 48 88 230 181 200 86 118 127 77 235 202 137 131 43 121 214 79 14
    107 95 8 153 34 254 111 104 7 20 107 114 110 215 236 251 80 4 150
    113 146 236 130 247 190 39 173 98 147 37 232 152 8 126 118 198 255
    196 156 235 254 60 131 23 127 209 178 162 113 65 14 47 80 197 113
    138 60 27 17 164 12 195 55 96 137 116 168 145 64 96 170 152 51 196
    223 22 58 61 53 178 64 66 54 228 219 9 77 224 96 37 4 0 9 193 191
    166 150 10 95 228 143 120 107 57 149 160 119 222 70 57 31 8 206 71
    83 36 92 186 151 227 179 135 220 176 234 220 215 218 75 141 244 191
    186 211 221 83 151 163 117 20 12 114 88 38 208 31 90 120 53 219 49 7
    161 42 120 78 179 1 199 5 56 33 147 78 11 44 250 105 55 246 180 173
    97 123 150 10 12 166 232 152 31 135 133 120 122 129 96 53 39 111 188
    233 90 33 180 86 254 134 189 83 27 120 49 45 222 120 58 237 174 175
    123 219 13 137 162 25 13 140 98 2 50 77 17 92 205 104 37 187 170 237
    183 130 198 154 104 30 207 41 109 9 136 140 220 132 83 43 146 217 14
    88 186 152 169 83 194 21 218 245 162 226 205 140 48 165 245 194 145
    84 212 75 145 158 188 23 46 189 231 165 2 200 140 78 143 41 56 76 97
    193 160 192 91 88 216 137 249 17 207 173 228 181 252 7 133 233 221
    85 175 88 115 131 227 96 34 108 5 220 155 194 86 74 54 23 252 12 183
    62 51 77 178 165 225 152 47 17 143 189 7 76 13 18 119 53 118 14 143
    117 21 201 16 253 131 171 149 166 243 71 208 117 237 5 77 228 203
    211 222 51 243 235 243 214 146 229 223 100 119 243 229 69 44 104 61
    60 53 40 75 160 103 120 241 202 123 8 200 83 98 18 41 164 175 36 19
    19 67 139 48 84 63 158 188 79 227 106 181 89 111 109 155 44 60 41
    179 166 221 109 247 60 41 152 48 212 130 151 243 121 136 206 220 253
    54 214 56 88 189 3 134 106 5 36 190 85 2 139 226 253 239 161 62 255
    248 19 21 137 185 143 23 163 203 132 245 150 14 230 13 204 3 160 87
    24 89 102 234 228 120 84 62 22 21 118 157 224 152 159 141 39 250 43
    120 176 135 99 148 134 184 52 162 149 48 74 130 78 193 165 177 198
    216 196 170 132 153 131 160 170 5 151 118 216 49 148 185 248 36 56
    134 61 221 122 1 241 218 133 158 140 36 164 79 214 125 184 206 248
    103 195 0 248 224 84 55 203 46 22 154 41 66 147 250 0 21 217 81 70
    133 150 67 43 215 3 197 250 149 123 11 96 10 102 21 230 24 194 228
    108 17 144 4 155 30 198 171 39 213 36 8 98 222 9 115 137 72 102 1
    184 219 80 157 43 44 196 189 74 163 224 101 95 6 39 113 152 212 40
    127 125 232 240 192 19 118 99 125 229 28 82 142 81 22 84 190 108 251
    219 115 42 44 247 208 42 195 107 190 24 14 168 158 49 96 147 160 78
    203 221 1 160 162 49 12 130 141 3 179 141 231 173 44 185 86 161 64
    160 118 177 165 248 206 218 137 97 239 74 208 120 247 12 132 156 61
    185 28 28 254 128 139 122 81 13 26 166 221 84 239 197 52 37 160 228
    183 108 97 36 13 196 149 255 224 18 37 225 104 187 183 190 147 51
    146 57 75 19 198 155 37 165 123 78 37 55 219 244 56 173 25 13 73 106
    54 63 12 128 229 111 71 2 188 127 150 148 52 118 192 146 75 80 29 48
    148 236 245 47 101 201 44 193 52 10 255 115 227 185 7 199 100 214
    136 218 226 207 221 215 189 48 151 34 223 82 152 185 132 129 107 182
    185 159 190 38 186 24 163 114 230 39 71 248 108 227 249 71 111 14 12
    251 254 99 42 211 254 248 70 67 235 77 87 54 227 85 157 248 219 43
    235 205 168 97 32 225 150 151 14 225 135 10 106 231 200 122 173 69
    163 42 226 166 246 2 1 165 34 171 141 130 72 171 22 144 248 25 113
    202 240 142 55 213 175 22 210 65 120 45 206 188 212 0 255 203 28 128
    138 224 146 96 169 193 195 0 162 30 199 121 104 172 59 61 218 0 176
    27 233 78 59 198 243 139 5 236 56 250 93 246 112 62 23 176 55 203
    133 170 123 83 27 92 145 169 250 130 229 249 93 153 146 148 173 43
    64 71 227 105 11 129 137 186 89 176 169 70 126 179 157 180 219 158
    26 139 31 100 131 169 120 33 95 161 152 248 145 56 52 155 186 178
    170 150 246 237 15 168 12 25 74 43 239 169 129 197 149 144 147 95
    195 200 222 120 249 222 2 141 205 192 211 42 70 129 5 35 49 220 246
    72 13 142 208 26 204 201 8 135 71 115 150 15 171 232 223 115 105 211
    235 22 110 119 44 71 1 86 56 4 55 114 185 90 246 89 10 170 253 194
    181 112 93 150 168 106 221 211 234 226 12 120 235 79 74 1 159 53 14
    145 107 228 171 100 189 251 10 211 233 94 234 234 82 181 217 175 181
    1 155 2 86 130 200 121 43 40 237 177 102 152 121 170 24 51 83 172
    115 72 58 96 34 146 179 47 22 37 53 146 18 186 22 226 69 234 13 103
    3 213 92 194 92 122 172 53 253 105 44 197 161 91 8 66 45 176 149 19
    33 187 21 218 95 238 83 4 182 25 82 37 93 196 34 221 46 105 95 164
    33 85 41 154 65 55 13 140 210 129 95 187 42 195 108 43 102 200 193
    46 158 99 71 15 22 76 137 245 215 107 4 200 226 40 227 69 197 205 66
    85 62 150 111 233 47 172 101 161 39 205 125 105 202 141 91 166 103
    165 106 226 69 45 204 51 197 211 5 211 214 19 213 166 149 109 74 233
    4 161 187 214 226 179 206 84 16 92 124 68 145 6 163 62 243 194 0 214
    52 7 246 69 222 29 183 213 67 174 45 215 75 7 232 171 60 210 0 182 4
    194 204 240 111 252 128 230 214 196 123 115 211 121 36 0 17 218 114
    239 182 118 35 231 66 146 71 45 187 210 188 64 188 123 179 223 92
    186 208 73 99 31 202 111 84 254 249 112 173 231 49 122 94 27 172 27
    170 5 239 229 54 139 50 154 95 206 17 3 171 241 104 104 44 148 157
    205 13 82 136 116 96 204 164 213 222 5 26 208 222 160 23 130 69 223
    144 168 174 129 34 228 244 111 199 94 233 165 91 158 78 66 253 136
    151 191 74 197 116 36 3 144 219 139 21 239 91 219 120 202 214 212
    201 176 239 72 50 106 150 146 107 190 249 189 200 211 223 18 61 152
    21 226 238 10 8 208 142 93 89 88 153 222 88 98 200 79 225 138 95 231
    61 80 45 111 242 145 45 149 89 182 149 57 202 159 237 205 169 166
    160 42 139 13 2 78 233 119 220 253 231 23 248 178 167 179 244 142
    249 64 174 226 74 72 214 253 105 96 90 30 18 207 205 138 22 30 251
    133 206 109 117 150 211 101 171 97 185 150 230 33 214 167 136 45 60
    23 200 94 46 197 184 24 55 204 179 221 51 93 129 210 215 111 162 110
    246 244 162 189 187 116 235 112 20 178 64 17 127 191 208 81 18 138
    49 37 61 214 24 86 184 40 230 236 38 32 130 219 56 147 151 132 71
    209 126 27 254 76 239 230 129 229 74 173 219 218 93 14 93 180 61 135
    78 125 250 173 71 82 149 147 29 105 213 50 175 132 60 9 218 47 9 36
    133 22 120 245 192 34 19 141 213 184 120 100 70 15 106 249 94 126
    180 181 15 202 233 0 185 137 42 100 220 161 85 122 59 105 54 59 130
    44 248 222 81 98 81 204 157 202 89 246 115 15 161 19 46 15 117 49
    255 68 204 146 155 244 95 237 244 186 214 73 241 100 235 52 240 113
    36 176 144 103 221 182 29 167 241 106 177 129 135 138 166 24 182 154
    16 187 212 221 43 53 157 13 18 183 101 232 42 199 102 244 237 25 187
    223 11 191 168 254 37 94 34 185 145 131 205 127 243 88 30 4 248 46
    81 173 235 40 92 253 181 9 83 235 104 99 58 255 241 207 131 167 211
    20 95 32 239 148 34 51 111 94 39 173 232 198 245 243 56 128 134 238
    190 42 49 15 4 129 130 23 139 250 180 17 160 201 246 20 90 117 40
    241 174 167 112 54 188 190 235 110 146 196 6 197 103 251 197 139 87
    254 92 107 190 251 240 142 60 251 162 50 211 220 230 127 83 166 113
    55 118 233 54 240 39 148 59 152 34 139 40 35 105 254 96 206 119 134
    27 8 210 85 125 29 97 60 160 53 46 151 19 0 120 51 141 140 254 105 6
    3 232 244 10 71 126 63 42 11 91 105 26 187 199 255 254 165 184 220
    72 136 242 232 115 178 238 3 83 19 135 170 97 16 253 18 185 58 116
    64 184 177 48 53 157 167 105 35 220 154 41 201 171 63 254 80 195 186
    180 146 51 16 208 203 38 195 52 95 59 88 133 187 44 243 43 31 142 31
    109 100 255 112 163 145 60 155 56 29 96 169 60 233 94 208 212 92 234
    1 51 38 73 183 86 186 9 67 70 200 86 62 148 234 18 89 69 231 83 34
    15 25 18 226 142 143 96 168 188 7 117 170 81 61 27 149 103 76 1 144
    208 31 137 70 44 152 125 168 146 67 251 125 54 125 67 203 36 97 131
    164 243 108 170 200 147 60 31 150 220 255 104 4 11 129 195 111 215
    26 134 102 194 66 232 44 63 238 12 84 170 202 176 29 36 255 158 104
    187 129 135 89 19 81 239 96 103 244 49 8 246 55 208 238 214 189 66
    247 51 4 68 103 251 195 154 182 144 46 190 194 54 166 242 205 92 213
    227 213 0 249 194 223 130 102 82 58 217 143 214 39 160 205 247 94
    209 160 52 75 22 174 197 177 178 233 98 212 5 124 110 43 25 48 118
    151 29 85 124 215 104 137 200 28 123 99 134 14 104 217 230 72 32 127
    197 109 224 6 114 57 249 101 175 114 172 246 68 215 9 119 160 215
    145 61 68 78 228 81 65 226 159 219 57 108 38 94 185 137 90 56 243
    116 159 174 254 51 231 226 3 248 250 202 42 2 124 200 49 182 217 198
    23 215 110 6 232 112 255 20 51 25 249 41 91 93 99 168 129 139 20 75
    19 74 201 208 253 187 253 234 243 224 85 115 246 191 5 95 73 98 215
    236 253 42 136 207 186 208 223 85 182 97 123 63 158 72 171 224 192
    46 55 48 235 162 89 148 180 163 23 100 79 146 98 70 55 243 238 200
    95 176 45 168 221 220 55 111 205 254 16 8 191 226 127 155 154 46 130
    100 78 196 203 131 29 213 136 51 112 146 179 247 112 89 46 218 65 25
    41 229 218 159 153 111 6 152 122 77 70 182 70 21 39 35 156 35 188 57
    236 72 153 8 90 171 64 103 53 31 71 110 237 237 3 58 168 38 109 89
    119 166 208 47 142 103 135 36 168 237 165 4 86 120 39 185 56 218 191
    112 27 67 54 64 74 214 12 151 24 116 217 135 32 167 197 202 201 50
    246 255 215 101 90 49 54 1 9 51 28 185 247 69 58 107 164 103 159 236
    2 121 165 172 64 131 53 89 62 237 3 34 65 44 170 161 126 23 190 28
    55 135 73 23 207 209 145 2 46 62 91 190 237 29 108 152 151 88 182
    113 119 85 89 158 86 41 24 122 102 159 165 50 54 79 156 135 225 246
    35 190 116 168 192 146 27 92 153 201 110 3 144 143 66 40 132 120 226
    39 48 52 250 210 201 222 113 126 154 14 168 81 200 190 185 112 232
    209 111 62 52 197 242 131 13 153 22 46 87 220 56 76 15 142 136 165
    133 78 224 13 118 198 96 20 63 30 6 109 107 87 51 45 42 183 221 51
    115 83 169 179 143 92 123 163 154 111 6 21 74 230 214 148 185 13 13
    92 201 29 173 205 248 84 2 97 183 219 109 161 145 161 93 130 0 200
    92 36 255 203 98 3 157 119 195 181 96 239 207 59 12 215 147 88 173
    73 228 103 188 238 224 102 23 232 30 70 84 86 98 122 218 40 229 177
    177 119 19 70 181 43 29 221 236 233 137 72 72 105 88 50 110 133 58
    23 134 221 198 32 226 234 239 153 12 87 155 168 155 147 245 73 215
    240 81 250 112 196 247 75 178 88 242 146 158 34 61 3 150 156 39 232
    177 38 40 63 43 209 54 221 122 85 219 53 120 101 41 252 78 47 157 72
    22 141 39 200 118 69 239 107 116 56 87 233 118 149 115 133 9 190 160
    227 55 235 100 11 222 137 44 128 200 210 188 67 235 117 102 198 12
    46 31 78 172 210 94 209 57 75 66 157 166 174 188 77 131 45 66 100
    209 120 206 232 83 122 113 133 41 138 235 124 168 57 31 49 179 84
    255 103 137 241 105 61 121 132 27 236 139 206 162 234 224 240 101
    129 174 217 201 164 75 150 93 30 60 56 8 165 184 148 71 180 136 202
    159 50 191 124 218 11 147 17 223 224 241 32 46 211 84 67 233 131 63
    23 155 26 32 232 119 68 59 70 32 69 44 172 85 225 112 31 202 48 109
    84 32 41 85 86 12 170 249 190 170 40 47 207 178 122 152 191 27 157
    30 222 144 187 99 15 74 171 66 171 23 188 250 94 127 59 68 228 159
    218 7 86 243 165 85 24 128 93 191 164 65 38 187 138 242 206 219 204
    61 82 179 229 53 119 121 109 188 190 161 204 18 238 128 5 115 158
    247 223 251 236 149 237 226 168 116 149 55 16 224 89 73 236 124 255
    120 198 95 127 44 112 198 18 214 183 121 47 32 211 183 140 169 74
    189 184 206 49 80 11 110 186 59 249 168 79 120 81 73 167 136 1 38
    125 255 25 196 88 55 111 211 52 239 144 225 208 139 254 230 201 39
    239 56 78 18 49 24 121 168 102 52 229 230 101 132 176 0 113 113 218
    150 97 77 225 193 205 128 225 72 108 147 19 20 176 6 7 137 70 66 164
    74 244 100 38 20 9 233 247 34 101 196 142 97 60 141 74 84 122 46 230
    95 139 22 186 180 51 94 48 151 139 108 31 226 20 73 5 237 37 5 170
    132 61 81 148 240 136 81 222 87 150 7 250 33 141 110 210 135 136 121
    158 156 189 211 93 147 181 169 239 213 75 2 112 180 20 61 45 101 96
    78 72 137 50 16 223 254 200 1 104 41 0 157 31 254 87 36 26 242 149
    156 233 192 31 2 30 172 6 38 177 156 67 126 1 115 171 64 82 164 219
    147 211 59 4 214 174 82 155 175 151 156 101 165 40 118 249 60 65 121
    171 78 252 162 182 108 241 105 119 104 79 47 93 54 133 242 173 186
    253 163 7 75 218 250 0 11 74 21 116 3 103 31 166 254 140 94 84 182
    73 209 63 155 191 72 51 168 249 247 175 236 228 78 39 45 1 84 172 38
    156 237 63 247 215 32 71 32 248 147 38 17 127 149 15 96 111 146 78
    170 40 135 42 248 164 8 236 203 208 103 146 47 122 164 204 75 197 54
    193 241 183 86 182 197 72 49 32 198 46 93 194 208 28 172 18 144 245
    135 157 30 163 209 187 118 176 105 53 226 29 138 104 115 45 93 253
    223 238 227 234 176 145 217 24 64 185 237 89 203 232 197 32 175 40
    235 25 189 26 196 158 177 92 165 207 127 91 210 240 200 75 54 23 99
    183 203 207 1 85 103 1 81 140 34 176 124 65 232 62 107 151 182 46 29
    222 5 152 211 87 143 35 172 90 232 106 213 185 243 26 179 49 121 201
    108 242 35 122 34 135 26 184 70 126 26 27 102 73 159 227 81 176 253
    119 135 225 193 131 239 124 94 220 128 192 150 236 137 30 135 191
    119 203 57 221 148 73 244 17 179 223 241 125 86 15 107 251 80 91 104
    201 152 120 225 37 0 117 40 93 248 95 143 56 7 234 20 224 104 191
    227 109 157 112 206 17 31 244 207 192 255 235 108 32 57 7 63 58 51
    223 185 196 8 236 155 30 99 22 27 19 189 201 194 192 32 241 169 171
    49 57 175 126 189 81 124 231 235 101 211 206 131 156 250 113 228 198
    29 147 76 241 182 131 227 22 211 116 154 132 175 59 85 39 82 120 16
    56 55 184 126 193 115 77 23 100 254 42 204 30 105 67 43 46 233 166
    118 245 233 247 74 113 245 130 43 19 4 138 127 147 37 214 237 254
    152 191 61 9 140 202 30 155 217 40 242 120 72 192 20 59 197 228 43
    220 238 217 244 240 229 150 234 32 139 80 136 229 19 79 153 72 29 83
    211 219 141 244 238 33 19 59 198 87 150 139 43 41 212 58 182 113 38
    169 246 235 79 254 170 121 240 220 72 227 227 55 85 99 195 212 52 91
    41 223 167 162 0 86 100 65 109 66 232 34 144 35 255 94 163 184 1 195
    91 239 179 252 73 126 22 65 198 11 187 254 202 239 179 61 224 193
    124 168 51 202 206 197 177 50 53 128 54 188 14 70 233 131 249 140 41
    225 8 114 85 70 55 141 191 116 219 249 212 239 169 236 12 209 216 77
    47 8 195 218 211 207 214 206 204 209 210 135 47 102 37 223 129 7 65
    95 144 169 147 135 192 228 37 253 141 205 169 89 95 242 77 78 81 231
    25 56 112 66 85 230 138 228 252 7 216 235 147 233 41 182 226 165 215
    26 229 149 214 228 25 248 187 193 134 230 88 102 202 227 118 167 175
    122 177 166 141 27 214 128 134 207 92 214 117 62 202 162 97 172 183
    24 12 122 145 0 58 118 205 8 133 30 146 21 178 216 198 188 210 49 74
    30 24 136 231 73 46 249 243 71 53 30 225 82 87 215 74 88 32 169 250
    250 111 88 176 177 245 89 200 97 98 23 55 116 28 29 34 232 67 28 45
    253 4 138 72 19 150 83 179 154 224 81 241 88 180 217 58 136 37 234 8
    94 136 50 27 26 183 124 66 20 229 115 45 147 246 130 152 196 1 185
    220 193 127 9 14 44 129 79 119 64 189 127 223 91 180 159 39 203 82
    28 178 72 67 129 23 229 2 129 227 7 183 78 108 215 42 49 91 251 227
    108 207 175 46 158 209 188 88 113 42 152 79 71 63 55 52 33 12 73 15
    99 175 76 255 129 175 1 193 149 62 64 81 237 124 138 126 33 227 213
    36 89 32 5 127 101 1 85 67 175 135 227 43 40 255 183 225 250 184 67
    174 141 10 150 143 202 177 160 123 150 247 250 244 119 246 88 85 9
    110 162 153 7 24 224 239 71 10 192 78 0 88 143 143 175 249 254 254
    230 214 203 21 68 124 241 87 112 4 92 92 53 51 39 30 191 129 240 161
    97 95 208 104 81 83 238 186 100 100 26 214 150 193 187 219 112 38
    187 244 32 28 209 185 57 95 61 249 210 88 112 211 250 216 27 242 66
    88 142 156 75 229 181 188 7 159 12 100 44 219 181 107 151 147 181
    121 165 0 199 251 49 223 166 65 235 202 10 114 221 183 99 120 252 86
    249 9 20 67 35 205 68 95 233 145 173 248 157 11 238 210 103 227 146
    48 118 140 145 62 217 113 37 203 146 219 144 227 204 156 126 38 94
    177 117 138 159 119 166 199 144 117 40 43 183 250 21 133 177 113 179
    215 176 34 151 197 159 169 204 4 116 115 83 219 19 211 27 165 249
    189 18 100 238 140 149 192 169 122 244 250 111 181 83 251 106 253 26
    82 189 54 219 165 73 180 220 32 254 179 35 89 154 51 96 197 167 58
    13 35 140 240 177 114 27 8 107 63 63 137 46 116 48 29 229 148 59 141
    182 138 145 39 167 125 18 208 6 72 200 33 2 145 236 24 54 211 145 53
    114 122 213 222 172 102 177 8 21 130 12 174 78 54 100 6 122 127 227
    150 130 210 103 116 238 62 198 2 208 229 135 67 243 38 15 66 177 221
    240 175 238 36 194 75 103 98 12 91 227 130 89 161 119 112 68 97 229
    19 234 213 94 184 131 252 78 72 3 12 195 29 39 13 31 186 172 234 193
    104 27 165 228 36 96 99 125 183 234 125 186 64 65 80 127 4 117 246
    197 95 99 82 50 79 100 254 15 25 190 247 104 241 126 218 247 37 38
    185 72 20 214 111 156 111 119 153 177 196 170 50 205 213 28 121 46
    155 99 72 222 197 170 142 133 255 4 165 25 45 22 165 149 33 123 247
    213 74 141 132 230 218 220 131 136 49 107 190 188 33 174 84 96 3 196
    203 11 234 179 233 196 188 214 186 19 84 63 142 189 235 215 217 114
    222 12 168 61 227 211 139 15 139 32 14 247 30 85 107 214 192 200 16
    212 83 41 119 253 228 122 180 92 83 43 121 126 147 149 207 55 118 99
    197 38 48 111 85 217 205 185 190 137 211 28 129 71 119 152 176 190 2
    194 123 208 2 165 68 104 35 187 39 244 115 41 165 65 4 9 139 247 90
    39 143 199 59 83 1 247 220 40 70 142 28 30 53 206 252 50 147 171 220
    245 113 20 151 195 12 38 8 127 31 234 166 215 56 123 223 25 128 144
    72 211 96 12 78 249 84 56 88 196 237 5 168 247 127 246 147 114 221
    213 131 83 43 135 89 103 157 77 86 229 23 17 62 235 12 244 21 140 79
    140 78 137 27 252 156 84 110 97 107 187 228 95 254 180 57 89 223 159
    190 196 196 122 172 29 143 249 59 177 113 124 209 44 128 139 251 134
    114 252 187 12 184 13 235 68 239 244 29 68 34 196 137 80 85 178 166
    226 98 61 126 218 75 231 146 65 254 110 132 198 130 28 49 152 254
    213 112 164 129 216 64 92 187 94 119 141 177 173 198 129 202 230 171
    166 65 188 133 246 230 73 165 70 164 109 177 156 1 82 50 220 137 69
    223 205 93 247 218 12 151 229 188 237 100 171 202 42 200 57 88 0 72
    136 129 67 162 184 208 4 88 15 226 136 135 5 23 208 185 79 255 176
    192 123 30 70 10 62 239 166 231 46 203 66 149 67 205 35 26 162 151 1
    218 25 186 234 123 154 117 177 116 1 57 121 200 200 107 47 38 109
    160 39 221 29 208 112 46 219 125 123 150 229 100 108 240 121 100 136
    141 40 65 26 33 56 48 80 196 147 43 169 235 34 215 0 128 88 201 30
    25 148 103 217 43 33 83 84 191 24 122 21 173 61 29 127 22 233 100 32
    251 105 194 113 249 251 194 252 63 164 166 239 84 65 163 54 31 207
    180 160 208 194 197 104 113 255 22 159 87 51 23 214 16 82 113 218
    229 224 180 220 215 53 56 150 42 31 243 248 191 27 142 171 203 28
    178 117 39 198 104 222 200 130 115 50 154 5 251 106 168 42 203 2 39
    77 132 84 237 154 79 62 65 204 77 66 82 169 114 37 223 27 111 41 114
    173 79 158 211 193 107 70 31 142 155 32 190 93 244 179 255 231 44
    201 135 246 186 7 231 38 242 208 217 226 216 48 151 25 56 158 238
    152 157 163 26 137 75 34 64 152 7 25 45 93 46 131 205 152 48 172 110
    164 165 54 230 172 26 223 46 178 127 153 43 213 143 162 26 171 124
    171 207 83 19 210 221 142 102 124 218 200 90 145 72 78 128 223 246
    214 244 233 124 42 247 225 218 186 120 224 235 254 190 123 191 95
    140 239 74 69 131 180 221 159 109 118 230 146 137 35 166 52 160 0
    102 83 238 225 167 14 69 84 95 249 140 61 129 62 10 164 31 35 1 244
    190 230 83 68 32 2 226 226 221 167 200 11 22 37 39 82 107 66 182 212
    133 60 205 26 175 7 108 245 87 111 63 227 95 106 239 4 26 157 59 217
    228 88 68 104 207 46 207 19 92 232 62 87 151 68 42 30 59 158 240 3
    211 105 92 106 68 206 71 91 16 55 114 95 110 128 53 75 172 213 97 40
    102 80 182 231 173 92 121 78 39 131 217 70 136 52 233 60 78 231 152
    130 228 50 175 242 34 159 70 32 162 45 0 151 91 214 209 65 57 32 234
    50 253 224 117 237 105 11 63 132 239 10 252 248 17 172 33 235 155 28
    124 246 255 229 16 182 147 220 96 54 38 234 207 245 10 36 193 165
    124 142 79 167 106 170 117 30 123 37 212 243 162 143 150 15 45 38
    189 10 253 155 87 157 145 212 107 140 53 53 173 143 219 205 141 144
    79 26 94 216 84 190 119 101 162 167 196 77 111 82 197 169 54 233 80
    13 53 47 68 40 15 5 224 243 172 5 114 22 25 36 119 234 55 24 136 107
    37 176 148 245 255 167 78 177 51 6 240 165 177 16 67 232 47 182 139
    54 94 197 180 103 166 233 105 204 74 31 233 165 98 14 164 203 178 96
    249 128 11 247 105 123 189 52 61 63 118 81 230 114 248 195 220 39
    188 33 220 215 240 193 144 35 189 22 10 106 165 4 48 222 250 4 27
    163 10 104 246 18 247 125 124 240 105 215 191 227 205 42 215 185 2
    48 66 117 100 27 219 161 17 229 119 29 189 219 103 248 50 30 31 38
    124 162 20 85 129 226 31 143 112 202 22 244 4 140 135 53 79 136 31
    196 203 112 75 34 157 4 181 171 60 120 191 17 202 198 63 26 91 195
    73 93 251 26 71 128 76 173 113 168 59 206 141 76 84 180 39 96 149
    219 49 39 124 120 198 142 255 169 222 64 194 223 164 12 40 136 158
    128 203 163 243 162 154 83 138 9 177 49 166 62 163 193 132 115 164
    28 239 165 90 192 203 79 77 11 103 16 93 92 185 42 73 117 192 60 121
    245 68 139 54 222 79 247 194 217 100 18 46 35 183 46 176 106 234 239
    24 54 7 245 203 227 193 212 231 14 59 239 185 108 59 112 192 60 225
    62 223 250 95 239 81 206 158 121 108 162 12 80 57 17 210 17 167 198
    132 177 204 65 99 4 196 10 171 11 134 117 85 36 69 255 19 63 162 112
    182 255 241 9 184 111 90 164 79 107 169 44 39 12 239 210 115 189 241
    159 178 173 141 143 218 104 156 47 48 50 131 225 92 213 131 147 190
    216 251 58 161 46 118 168 14 170 119 243 249 65 62 214 27 20 81 210
    44 150 87 124 132 128 69 27 76 180 121 234 31 132 160 82 137 27 94
    188 208 3 42 143 213 100 247 253 189 117 231 74 51 60 92 119 254 216
    17 214 29 156 221 45 142 155 192 208 16 8 26 168 122 199 128 232 4
    208 52 204 10 255 243 88 232 141 164 14 152 168 168 55 146 103 100
    49 17 173 224 228 208 212 200 18 159 19 71 35 17 118 181 203 207 198
    35 202 237 11 195 245 220 211 146 82 58 40 32 51 150 175 40 213 133
    173 251 198 197 103 94 116 182 81 65 48 228 215 200 1 207 212 60 237
    88 95 88 179 88 109 8 203 239 81 47 7 227 15 60 11 171 6 82 130 50
    91 194 38 4 161 137 12 84 183 54 92 252 19 221 76 149 18 205 227 82
    140 102 105 205 66 90 155 245 83 4 104 153 238 147 84 158 111 145
    215 112 182 190 131 177 180 154 28 142 225 59 97 187 173 63 34 42 48
    251 61 221 74 252 58 22 19 76 159 74 68 247 223 186 108 192 119 235
    43 133 226 49 168 36 68 222 157 49 142 254 102 179 233 19 134 59 116
    20 63 121 216 72 164 195 174 129 81 207 123 242 222 213 178 84 202
    47 119 20 219 51 251 168 25 63 155 189 103 83 123 212 181 110 72 4
    108 103 59 146 243 8 12 199 223 19 137 151 89 245 239 154 22 81 26 5
    137 127 11 59 91 184 110 224 198 38 69 85 103 234 14 71 152 23 68 85
    45 191 24 253 91 242 167 107 195 76 28 233 97 195 44 65 77 71 58 202
    131 16 0 211 196 213 186 0 77 116 207 143 91 127 188 15 233 190 118
    141 244 16 17 53 109 21 115 193 105 169 16 33 5 156 152 224 52 91
    151 39 159 31 198 191 33 39 125 18 223 180 27 114 146 31 214 200 226
    201 39 74 206 113 255 169 26 4 152 70 229 196 197 98 164 254 173 231
    7 106 105 64 104 197 129 8 164 255 118 23 223 58 30 193 185 160 148
    215 104 236 193 102 190 208 164 192 235 239 144 21 125 157 21 82 81
    61 108 127 206 251 120 180 97 232 92 217 81 122 95 66 61 237 190 232
    13 201 147 167 92 120 107 166 144 240 226 112 14 103 182 128 29 61
    228 234 166 44 128 15 187 52 231 220 25 98 121 59 107 45 11 118 24
    120 1 254 90 7 224 189 124 104 14 3 143 19 156 63 137 199 208 50 81
    185 183 201 128 102 13 50 199 110 69 32 188 168 15 88 59 140 108 68
    176 68 98 166 232 215 16 42 40 140 151 171 36 173 193 181 220 251
    198 33 78 139 144 16 19 188 119 132 172 210 37 59 161 137 187 232
    145 236 134 173 46 158 31 134 79 164 255 156 254 206 7 120 191 214
    26 78 88 137 126 195 75 188 115 234 192 88 94 166 24 227 155 182 127
    190 37 47 248 200 121 10 195 254 57 100 84 239 238 251 32 213 191
    228 93 140 23 134 206 236 232 216 178 237 102 229 152 121 22 133 73
    11 195 238 170 101 1 193 241 199 188 176 234 38 42 80 171 167 170 93
    196 92 83 224 81 239 49 15 85 249 246 29 84 191 184 112 49 162 239
    107 86 43 115 178 54 210 22 229 120 217 132 248 30 196 219 198 243
    99 82 70 127 3 130 93 69 122 224 22 65 144 181 253 20 230 14 174 92
    110 129 132 125 107 41 44 233 187 112 202 130 129 60 162 45 171 191
    79 224 223 20 146 153 203 217 44 130 131 141 218 67 129 222 187 100
    42 26 238 145 101 52 112 73 88 230 2 141 56 233 15 216 153 125 85
    197 105 252 20 183 40 37 161 217 20 149 11 104 161 141 16 110 208
    198 238 234 251 125 33 92 14 121 157 153 122 102 192 153 56 197 33
    102 75 209 118 106 207 46 19 168 68 88 8 112 191 241 45 214 93 33
    237 20 254 206 190 162 178 54 77 58 101 29 202 166 125 113 167 249
    159 222 237 40 242 53 155 89 126 67 43 100 11 233 176 167 54 18 224
    89 72 127 178 151 94 35 17 94 151 54 149 164 197 107 81 52 249 177
    239 132 104 19 51 26 228 24 1 206 105 28 47 146 46 201 110 107 120
    123 52 170 104 39 130 252 111 190 247 73 59 249 127 12 96 222 160
    191 133 225 6 120 88 136 9 107 10 190 37 32 59 7 57 182 33 159 183
    58 211 87 137 31 78 115 49 150 32 135 76 12 58 191 195 229 194 20
    204 247 227 90 140 132 17 101 201 170 136 79 171 101 219 22 136 48
    24 183 163 176 88 73 43 180 111 59 0 191 190 202 5 100 243 233 154
    211 5 125 81 136 210 72 245 63 28 192 156 58 191 201 83 141 209 27
    34 211 230 18 146 73 2 1 91 160 204 137 199 235 96 35 201 132 144 48
    205 145 196 80 255 255 154 212 211 9 33 149 162 199 46 59 172 96 130
    8 134 67 50 100 67 222 77 208 41 24 165 59 171 207 224 160 202 241 2
    54 162 46 86 12 47 178 164 109 254 173 222 102 124 184 208 109 255
    89 196 235 135 132 183 188 253 249 68 161 113 29 162 77 245 153 233
    12 6 8 61 94 221 33 124 30 226 62 183 250 249 167 167 47 188 115 232
    51 196 112 80 181 15 62 82 3 197 11 186 108 87 35 133 242 165 45 182
    89 69 158 140 243 116 144 172 6 175 7 83 215 211 204 192 247 107 89
    120 221 230 253 220 202 232 73 47 133 229 235 61 50 181 143 38 79 69
    9 88 231 5 0 194 129 87 128 39 209 92 185 105 205 143 223 69 113 164
    80 145 197 255 78 16 16 71 100 134 39 136 38 20 9 210 19 124 135 0
    193 254 159 38 73 248 198 11 246 124 53 95 168 174 95 131 157 46 243
    57 180 193 142 94 116 27 250 41 229 163 160 217 84 165 183 245 199
    114 209 128 49 48 209 252 124 161 200 150 209 130 246 76 80 161 222
    145 75 26 102 72 108 210 16 254 211 210 208 28 133 9 252 33 249 60
    51 23 31 64 208 18 221 223 14 43 71 156 200 176 245 161 127 227 185
    47 87 29 140 97 255 175 130 173 154 96 131 7 205 228 164 183 212 88
    168 222 142 170 46 187 43 203 163 188 206 30 16 19 40 64 42 214 191
    79 202 80 221 239 108 220 238 211 190 42 192 109 187 4 79 252 118
    214 92 38 64 8 69 114 243 129 214 85 174 55 62 32 175 133 5 233 143
    39 63 202 153 228 235 120 22 91 100 48 38 135 209 226 36 45 186 36
    165 211 137 70 52 135 115 31 69 96 255 209 69 38 175 157 11 146 66
    243 156 173 177 112 17 213 92 226 44 237 124 18 140 66 239 225 32 87
    118 108 1 129 72 76 135 236 36 37 154 146 27 2 156 63 176 38 183 11
    235 116 28 140 67 198 132 243 22 234 54 22 208 146 58 242 1 223 202
    211 99 209 77 126 196 111 193 67 132 210 125 79 63 112 131 179 29 82
    33 204 170 51 69 215 92 149 119 88 245 192 210 101 235 8 239 164 93
    155 91 30 232 111 124 144 220 89 171 43 134 233 177 193 89 192 148
    208 107 62 237 245 209 144 0 41 41 52 240 219 229 151 103 49 173 165
    107 12 132 246 193 170 243 8 112 68 25 129 57 65 178 48 176 8 103
    152 196 36 235 158 99 200 108 164 213 65 54 80 212 9 113 72 113 202
    43 164 199 12 14 233 45 135 169 21 194 255 247 37 162 155 87 89 208
    96 75 192 4 54 53 83 227 74 108 185 123 220 189 197 188 255 193 67
    41 149 126 122 77 101 108 107 12 177 36 26 215 41 6 208 14 204 174
    47 19 221 232 6 227 31 129 80 3 84 240 219 237 118 174 106 224 146
    104 84 43 202 117 73 91 187 55 38 208 206 66 150 32 248 213 62 44
    254 229 212 14 201 9 172 189 201 7 90 31 12 169 235 100 107 214 212
    201 63 18 249 57 77 60 2 223 104 198 146 58 78 90 79 120 9 98 4 101
    232 248 246 240 49 179 244 78 11 222 148 49 202 135 244 26 208 233
    218 232 70 34 76 229 50 35 66 135 154 61 218 211 183 133 104 136 126
    222 67 189 244 114 250 248 254 117 209 245 61 27 194 165 86 111 128
    68 165 176 249 174 105 23 25 248 93 187 140 137 120 5 109 240 11 3
    74 171 146 132 235 160 34 192 127 19 249 167 180 254 214 112 51 113
    20 62 77 92 140 5 184 142 83 10 75 20 30 28 191 76 126 107 102 246
    225 16 0 10 116 230 214 120 197 102 194 243 148 77 255 74 124 242
    197 12 216 81 191 33 0 167 170 190 108 56 249 170 194 127 6 74 183
    199 50 110 39 50 9 167 32 133 54 159 184 215 118 178 42 210 188 222
    232 196 11 206 76 123 177 166 85 160 31 229 238 87 205 156 11 216
    199 154 207 113 29 191 112 107 50 250 207 90 104 239 94 100 193 136
    242 164 168 204 47 61 139 194 78 157 32 207 217 93 244 182 6 119 24
    191 17 0 224 184 235 151 68 14 229 150 137 211 132 111 235 128 8 18
    240 51 41 204 85 139 62 66 194 199 56 46 148 209 114 28 39 223 198
    163 208 18 64 28 155 97 200 161 250 209 28 24 57 15 188 143 16 135
    164 101 66 60 250 224 59 110 226 181 76 62 40 206 216 54 190 66 115
    180 181 177 65 81 231 70 209 86 200 220 60 220 150 51 42 141 236 131
    20 173 49 65 201 81 185 57 248 48 141 3 219 163 117 66 29 192 76 149
    135 35 224 34 8 234 126 33 98 1 64 221 188 49 162 204 7 111 98 235
    137 214 240 35 51 0 88 242 255 240 234 22 145 72 34 2 209 46 79 193
    185 100 179 43 218 12 241 209 37 106 105 239 111 244 218 224 186 223
    142 12 240 116 235 214 33 230 168 198 169 16 32 126 246 208 237 229
    111 150 241 41 63 30 229 124 224 247 210 29 193 48 86 57 32 77 163
    166 223 20 174 219 20 131 87 179 212 227 14 80 47 17 197 1 47 24 139
    87 170 119 17 179 42 215 175 55 36 232 14 126 170 31 55 231 246 161
    121 78 77 28 35 38 52 37 93 236 215 4 206 237 205 23 9 84 102 171
    156 38 203 193 254 103 119 104 75 19 80 165 121 76 89 57 20 73 37
    112 7 76 64 96 161 144 98 138 0 8 189 114 231 15 172 19 175 124 251
    111 50 26 47 235 243 182 221 181 114 251 69 42 156 185 98 184 66 215
    4 88 4 58 122 235 238 75 140 243 173 183 194 232 16 75 98 28 136 98
    132 249 51 177 68 12 142 172 184 0 221 60 201 132 133 236 123 21 13
    128 205 80 114 102 148 208 85 44 211 125 199 2 147 159 94 203 205 6
    71 57 143 144 16 190 208 239 72 39 198 233 21 250 51 22 21 188 154
    189 120 81 122 245 82 111 173 232 50 86 12 236 126 84 192 133 200
    108 24 90 190 7 241 253 171 191 136 112 189 253 203 16 65 87 187 129
    12 82 88 5 74 116 239 171 45 11 184 164 219 97 80 154 102 151 155
    249 67 112 94 147 36 212 163 193 106 47 52 143 226 127 60 221 1 104
    77 253 103 214 6 59 211 233 40 116 119 248 47 136 44 31 227 188 233
    108 209 5 69 39 206 115 254 137 220 198 127 0 201 131 217 4 35 201
    104 117 112 79 49 136 111 255 15 226 29 101 202 236 250 162 92 90 35
    191 201 139 2 30 9 196 248 255 1 9 216 70 50 28 99 119 64 67 199 162
    100 243 79 107 17 133 180 127 164 203 193 107 37 224 132 160 26 124
    120 17 245 94 193 156 52 128 130 174 64 66 123 205 83 248 104 168 64
    21 209 119 13 248 113 103 231 238 195 52 100 175 51 204 249 101 159
    51 91 232 244 190 138 119 224 179 161 146 33 169 236 250 16 83 246
    119 201 211 1 214 89 85 196 91 227 130 26 139 94 209 128 38 207 167
    5 111 130 238 100 127 252 142 212 15 6 92 38 157 47 192 233 125 56
    193 104 188 154 211 177 37 222 243 96 55 2 251 71 224 155 54 19 132
    179 86 128 8 184 236 170 52 13 214 190 177 68 3 129 54 191 78 102 95
    118 106 78 232 250 133 200 69 18 102 112 79 215 123 246 99 172 137
    118 72 5 109 34 142 197 247 0 208 196 103 42 219 100 74 185 40 168
    236 36 66 252 203 203 1 200 145 0 117 69 233 91 108 83 81 61 120 195
    36 89 61 2 5 73 71 93 132 197 108 8 134 234 145 138 229 97 156 99
    113 179 153 126 69 222 204 99 85 156 180 37 172 39 53 131 51 94 79
    54 68 98 80 230 116 120 138 88 156 118 224 229 29 7 227 110 53 220
    171 215 187 124 113 215 92 20 212 248 180 168 183 175 54 67 1 185
    184 239 185 59 47 141 166 46 238 154 150 187 26 253 154 111 189 73
    61 123 229 191 165 45 36 241 139 106 193 54 216 171 205 185 111 44
    190 138 78 233 26 34 146 220 2 62 137 151 105 96 185 6 147 216 79
    248 92 142 145 78 29 249 43 117 67 104 97 71 25 152 60 119 145 165
    142 2 13 196 232 237 254 129 150 40 43 180 92 190 90 133 60 111 131
    244 173 121 59 98 117 134 15 77 22 112 167 209 191 1 7 33 92 12 66
    65 202 6 7 98 93 134 228 38 221 74 213 108 21 103 98 102 240 184 105
    45 16 183 254 14 95 0 184 207 137 56 64 115 90 223 131 193 173 71
    111 37 115 94 75 118 204 59 18 143 199 135 192 109 138 89 189 122
    196 141 105 40 123 40 52 160 192 104 38 179 135 137 156 60 131 37 63
    53 82 199 252 221 174 218 196 29 250 172 87 130 147 130 181 221 80
    40 40 227 15 63 215 169 103 105 195 200 202 133 112 198 194 91 135
    163 166 191 241 0 244 76 252 30 13 203 147 24 34 12 139 203 233 225
    82 189 209 7 82 136 168 76 64 40 16 47 177 145 72 72 23 114 95 99
    220 140 154 108 13 166 3 45 4 32 223 9 85 122 187 152 16 63 31 244
    91 22 167 55 200 199 75 95 31 203 103 39 68 238 164 14 56 233 135 3
    67 43 123 101 92 35 116 41 19 104 66 190 157 47 183 73 231 3 180 64
    192 50 223 41 157 164 86 175 108 188 72 30 216 121 80 248 150 64 201
    43 196 249 139 175 177 91 192 126 60 25 195 9 140 235 14 165 180 194
    151 216 190 137 148 16 47 129 220 222 62 57 55 93 13 2 170 253 157
    175 6 27 24 20 203 233 42 60 209 246 135 54 125 239 137 37 139 233
    164 11 231 203 93 128 91 240 167 74 212 58 98 167 86 117 39 169 71
    114 101 176 152 7 169 170 218 7 0 210 126 157 45 251 199 231 85 17
    191 100 136 171 216 79 26 86 246 64 102 22 191 122 38 11 57 67 178
    163 235 180 204 34 128 43 136 82 27 32 99 184 162 11 247 231 40 201
    209 24 95 22 197 58 208 252 203 36 9 203 233 66 179 34 140 217 26
    162 212 227 71 2 90 8 72 242 204 86 103 146 132 13 192 149 80 239 46
    224 106 106 72 222 65 32 118 105 114 150 162 140 146 130 218 58 222
    227 85 231 180 1 46 157 105 41 21 154 226 181 25 181 195 39 96 76 53
    182 188 139 205 172 240 232 5 113 46 210 241 45 163 181 165 6 68 197
    97 31 248 45 73 123 253 47 25 204 30 34 91 21 210 222 13 79 242 124
    25 206 78 122 135 100 24 170 164 194 167 15 154 197 32 232 234 170
    198 157 111 100 138 158 215 95 143 142 22 54 80 123 36 208 180 255
    63 74 254 121 133 189 28 96 230 98 113 208 214 114 122 129 182 178
    252 197 149 11 84 61 187 229 107 215 239 228 139 16 200 59 182 110
    108 76 128 82 207 179 128 176 156 202 129 194 61 160 248 113 218 190
    78 221 6 214 12 175 30 195 89 31 100 0 24 174 37 104 25 44 21 188 49
    174 6 0 156 213 17 162 127 38 184 235 251 5 127 138 156 15 160 13
    187 72 251 235 22 151 44 128 115 69 107 163 107 30 164 217 20 243
    249 186 214 27 189 251 176 71 33 214 197 100 115 84 45 97 154 96 115
    229 147 77 255 232 124 118 166 50 247 152 199 132 254 75 218 125 152
    110 46 154 247 188 7 236 220 14 173 148 223 152 135 104 55 172 119
    188 13 61 44 179 180 2 76 112 97 239 14 128 143 77 236 20 180 129
    152 77 106 198 179 97 87 178 21 38 167 245 247 106 93 160 182 114 3
    237 195 17 203 189 73 33 160 30 118 63 35 192 28 210 167 46 148 193
    4 72 173 236 181 215 81 150 11 228 170 216 177 170 86 229 181 80 15
    197 123 228 190 177 255 30 45 229 11 195 221 187 57 84 8 159 110 174
    25 23 119 204 190 236 226 154 53 184 114 231 46 224 244 170 5 253 4
    252 197 94 13 136 137 30 10 155 22 208 217 183 233 211 188 133 106
    233 242 207 163 38 135 178 183 90 252 112 232 113 24 73 194 156 169
    132 56 237 222 144 28 21 223 255 206 123 64 34 99 247 54 70 237 229
    100 69 110 237 100 193 40 88 248 151 58 146 44 39 148 90 238 131 144
    166 191 36 18 196 69 138 113 97 157 53 5 84 185 237 16 244 243 173
    152 30 96 153 181 96 173 153 179 221 113 198 204 228 65 85 137 69
    177 126 51 164 52 168 254 60 246 56 5 65 211 40 235 30 221 89 243
    216 3 113 160 232 253 9 23 172 216 65 155 16 93 8 144 203 13 207 217
    221 206 12 45 55 15 25 138 33 109 21 72 159 126 19 115 23 10 194 127
    225 170 187 58 190 75 172 95 222 199 187 74 118 66 9 38 91 165 146 4
    239 9 244 225 97 2 160 49 226 246 38 58 182 86 188 56 93 234 17 236
    238 158 60 34 19 14 82 89 223 25 134 56 24 219 188 205 222 190 210
    115 253 51 47 214 117 181 134 242 105 24 237 96 222 27 185 30 43 160
    161 18 30 209 160 107 81 245 153 253 245 88 47 177 56 41 119 109 145
    1 50 108 69 173 100 213 96 175 214 41 240 87 195 159 74 149 69 21
    246 62 150 197 150 68 98 181 68 41 225 6 117 4 97 15 159 63 250 149
    90 196 107 97 193 9 186 142 247 137 1 66 25 121 154 242 139 59 6 124
    157 203 187 123 85 106 251 32 168 150 216 126 52 148 12 170 90 32
    155 213 248 91 158 32 216 170 235 52 32 177 15 159 57 179 77 18 55
    161 157 176 249 94 201 225 5 112 35 244 27 75 226 129 191 39 70 38
    41 204 16 238 45 69 208 230 197 82 209 19 67 84 125 207 251 227 47
    74 140 194 2 119 208 128 188 127 80 156 197 137 184 72 185 64 140
    139 61 217 141 28 150 127 226 13 68 122 202 243 93 238 99 215 56 202
    96 188 6 178 161 158 213 174 79 16 242 30 248 107 190 6 8 73 59 215
    96 22 17 21 91 185 168 192 150 51 24 160 122 45 162 89 162 10 49 52
    249 93 208 229 73 101 94 25 19 242 172 2 233 135 165 15 53 158 245
    204 133 232 253 83 50 53 82 80 48 47 137 198 182 238 78 57 100 195
    181 146 193 245 215 50 80 165 60 129 4 50 74 224 57 64 140 32 182
    246 214 97 111 242 39 26 23 222 129 8 181 190 251 150 120 92 96 143
    204 71 119 113 187 139 169 101 28 108 181 130 131 120 94 97 16 124
    72 101 74 169 42 99 25 135 143 26 215 211 42 98 223 9 67 233 114 107
    130 222 193 251 229 227 206 232 155 155 179 251 207 22 24 159 104 66
    200 160 163 138 95 107 47 67 95 198 49 241 99 15 48 198 153 211 20
    239 98 16 123 111 111 233 25 210 159 221 180 160 2 69 163 150 117
    121 101 141 225 116 205 145 32 228 181 106 114 108 150 51 127 243 88
    183 254 30 235 181 161 1 121 106 142 36 99 3 25 238 51 111 25 218
    138 64 111 7 193 135 194 181 81 142 205 187 221 86 65 2 191 125 165
    137 144 161 72 92 107 102 59 121 69 151 191 234 110 39 134 202 206
    206 50 242 156 217 11 85 164 4 223 127 9 36 86 148 51 153 131 45 125
    226 199 86 74 241 74 177 16 43 154 77 104 94 137 107 190 120 184 153
    73 229 239 134 176 244 17 197 60 110 125 222 11 179 101 50 42 217
    171 219 157 185 230 91 201 213 114 107 0 90 190 72 239 93 111 2 131
    130 8 22 119 63 103 47 179 50 58 195 56 246 229 49 39 254 75 118 242
    35 61 134 33 230 142 158 23 56 223 144 88 199 211 170 193 238 128
    109 220 107 132 130 251 78 54 100 96 192 255 0 102 16 48 170 172 23
    74 22 70 36 105 158 134 200 249 171 136 187 228 18 147 122 177 190 3
    230 212 185 79 75 236 210 50 192 255 98 169 250 39 78 8 107 22 75 55
    91 6 253 102 36 223 90 205 172 65 146 87 178 245 146 139 114 205 122
    132 162 9 166 48 212 202 139 235 75 205 62 188 242 196 182 181 157
    186 102 101 52 14 7 101 83 74 229 237 210 217 23 11 171 191 137 153
    219 119 87 34 136 213 140 102 60 44 217 229 136 193 204 92 136 115
    50 14 23 113 27 153 186 179 59 194 206 113 20 172 254 9 219 238 198
    7 204 53 186 53 83 162 210 0 248 33 135 11 24 125 62 82 143 238 230
    116 247 132 56 108 207 95 198 135 172 87 175 137 225 187 190 230 35
    78 254 127 149 126 133 90 158 157 243 35 172 254 33 207 69 94 1 172
    232 149 89 19 69 125 92 177 115 39 205 112 57 135 143 135 146 255 79
    185 119 13 88 5 157 237 161 142 234 158 8 200 91 226 176 123 3 234
    208 87 246 67 177 118 136 35 126 244 177 24 60 70 247 37 139 116 136
    156 2 65 108 93 30 67 167 10 239 57 119 8 164 92 53 68 37 163 122 1
    182 67 33 188 232 50 181 49 160 131 74 1 100 220 99 114 65 201 253
    51 223 15 170 26 63 150 19 241 0 149 58 25 163 124 175 56 228 230
    161 192 195 58 177 11 169 62 111 23 171 99 129 30 211 151 103 128
    112 109 68 246 159 188 18 0 88 31 157 161 206 108 252 9 154 36 90
    245 103 254 65 173 149 216 58 155 139 233 187 30 200 81 100 150 49
    48 145 169 2 65 52 171 24 243 26 121 2 202 252 223 15 194 236 157 37
    187 48 221 205 20 134 251 222 16 57 58 33 174 74 130 51 67 214 2 119
    244 64 104 147 214 28 165 226 247 96 53 172 230 96 38 95 174 20 145
    222 236 213 192 207 15 71 42 205 167 211 72 43 36 155 190 127 29 64
    70 235 192 255 140 182 235 140 207 124 67 45 117 42 127 165 153 125
    18 155 109 62 110 246 121 230 165 205 171 156 90 15 87 226 160 161
    105 17 29 146 125 41 113 144 110 76 234 66 56 234 216 35 199 89 184
    109 236 121 167 150 1 201 42 178 166 200 189 130 170 152 161 93 78
    238 247 230 238 51 213 118 134 112 244 78 252 45 70 145 141 153 26
    142 135 123 254 196 140 252 187 211 249 79 125 125 143 244 107 16
    115 82 172 148 84 87 215 52 20 165 6 197 209 224 66 119 241 211 11
    16 206 203 97 71 124 14 228 98 246 238 62 4 6 226 77 255 219 42 11
    139 115 7 122 107 141 2 200 39 86 116 184 135 113 105 239 185 3 29
    140 199 29 67 188 186 235 250 242 118 197 75 112 185 150 251 131 156
    163 137 47 21 32 6 249 148 123 233 131 181 167 208 44 72 101 119 142
    247 7 2 149 67 197 24 99 123 122 60 119 86 226 23 184 6 54 64 228
    152 38 101 141 97 2 159 64 198 154 29 27 44 168 102 167 110 250 42
    90 61 56 237 247 114 191 118 178 58 194 37 98 255 61 235 24 98 234
    23 155 107 29 219 4 32 25 170 104 141 211 241 17 51 125 115 69 99 83
    225 168 113 158 194 108 251 252 114 156 68 106 143 103 142 148 36 32
    218 74 63 234 221 159 60 91 88 6 187 84 134 153 227 202 47 250 102
    219 16 172 21 67 55 254 20 173 31 206 183 249 155 59 92 63 148 41
    244 233 188 229 122 104 56 35 199 39 105 245 126 224 157 244 70 33
    248 216 179 225 254 91 59 35 176 238 68 227 59 157 121 232 107 2 118
    210 93 217 79 253 112 227 38 40 153 69 173 9 106 128 69 226 242 66
    216 10 127 142 79 211 59 222 251 40 173 227 53 166 226 240 119 28
    244 42 162 87 107 71 153 48 154 247 234 188 185 191 244 140 0 111
    109 69 127 86 227 225 72 178 232 81 241 248 204 170 20 161 3 251 118
    226 251 222 168 37 222 28 52 170 208 229 89 28 195 10 159 146 87 240
    218 228 175 104 22 151 21 135 89 186 51 132 106 15 251 193 138 112
    13 166 39 2 29 205 24 77 150 43 132 46 126 211 177 66 171 139 217
    168 32 94 68 1 106 155 174 74 164 155 60 97 211 36 86 178 141 211
    210 29 96 102 174 6 29 191 242 2 208 72 1 36 37 44 65 85 58 49 163
    96 13 153 91 130 190 6 173 35 170 192 136 133 142 184 71 86 129 170
    155 151 219 99 110 96 177 238 214 194 31 151 197 77 183 89 186 104
    67 242 108 207 231 212 252 39 198 140 51 76 173 230 244 132 76 184
    61 141 36 194 80 222 198 68 14 26 177 137 118 29 34 26 180 113 73 76
    20 146 122 214 132 122 45 100 207 173 159 86 185 179 137 209 105 179
    104 54 41 229 128 71 57 181 129 245 155 177 131 214 131 82 11 26 147
    147 155 107 138 7 148 48 69 5 2 24 57 82 52 11 30 40 38 55 9 161 64
    227 240 99 126 109 51 152 4 28 70 56 196 37 38 168 210 31 230 179 58
    11 8 237 82 88 97 0 195 164 253 186 72 62 251 216 47 75 242 107 242
    58 132 197 173 86 49 52 209 74 142 202 119 119 137 4 130 175 70 201
    101 108 6 88 59 155 52 52 243 229 246 18 4 216 254 105 4 221 221 204
    36 78 232 119 95 161 208 102 248 198 53 229 34 63 199 90 253 118 213
    240 50 252 164 173 237 156 209 255 90 155 149 236 23 71 36 124 190
    46 253 140 63 47 27 116 152 99 142 61 81 193 18 171 128 14 30 54 19
    152 44 180 46 203 254 249 107 21 102 138 110 242 6 194 182 43 77 3
    189 220 219 198 255 73 170 56 215 187 219 15 234 122 21 81 82 22 86
    120 238 119 205 58 169 234 170 73 25 33 9 170 221 198 190 208 185 45
    161 155 149 212 237 171 253 153 21 240 221 210 96 95 2 19 135 16 21
    238 155 219 222 93 91 224 165 243 117 23 170 99 255 46 199 181 26
    231 90 26 227 12 152 238 80 224 87 76 85 19 60 146 201 168 197 85
    240 186 67 153 182 213 44 2 43 75 207 232 150 137 219 107 194 215
    116 42 159 213 85 73 104 137 67 210 128 229 123 44 20 244 252 236
    207 78 84 176 120 219 133 80 0 80 159 214 180 188 62 252 196 116 216
    189 125 151 115 176 183 244 244 175 157 255 88 198 142 145 151 212
    207 237 126 13 164 207 4 121 62 214 238 156 147 248 202 188 199 201
    105 10 146 54 54 120 61 167 63 145 24 104 190 254 206 249 114 0 77
    244 209 123 122 208 15 191 0 96 85 138 197 96 188 196 57 236 103 183
    113 121 55 115 201 135 202 0 186 77 157 236 244 92 190 100 20 247
    224 178 167 190 243 139 114 65 207 26 71 108 44 69 141 26 20 105 24
    186 212 68 66 11 20 102 214 21 32 181 176 77 89 142 255 6 124 102 69
    165 87 66 165 170 178 99 201 206 232 19 180 147 52 203 89 215 198 17
    30 20 0 147 154 106 103 218 100 49 182 128 31 221 157 87 177 254 30
    104 223 5 58 136 90 70 98 161 47 126 75 83 156 68 207 164 35 196 202
    234 153 203 51 98 184 175 23 20 42 131 99 207 120 73 110 160 121 7
    92 8 28 166 213 148 55 138 148 120 57 126 29 3 84 186 235 67 6 27
    245 13 7 142 93 13 44 40 214 124 128 134 176 65 234 32 119 103 75 13
    171 37 41 140 156 240 37 93 239 74 214 45 205 43 126 252 17 239 195
    51 212 168 34 13 32 53 3 9 106 71 72 183 225 30 68 104 170 158 180
    173 168 191 91 195 235 112 125 175 1 139 215 140 49 202 152 178 27
    135 203 210 159 244 7 6 188 103 115 87 157 244 188 184 219 184 106
    233 126 180 177 188 145 245 24 117 64 138 154 215 214 82 205 166 187
    22 203 110 157 105 126 63 255 3 219 222 242 243 108 168 112 119 65 7
    172 58 162 33 88 6 100 36 54 196 161 10 243 116 198 181 126 226 22
    19 97 214 194 21 57 200 229 254 69 0 137 100 210 104 157 200 19 235
    218 82 163 177 172 233 6 145 230 216 56 36 42 6 86 35 196 133 52 253
    119 27 72 33 30 171 66 47 103 97 111 237 123 236 49 71 110 126 234
    86 56 120 41 6 0 10 45 113 13 23 154 82 16 149 225 130 213 188 126
    216 223 175 79 199 150 125 241 187 244 117 48 180 85 114 206 228 57
    230 237 239 79 175 58 29 124 69 49 107 109 193 167 147 42 251 31 62
    110 32 230 217 132 43 216 72 129 162 14 218 147 175 204 105 33 224
    133 186 174 0 159 149 7 49 43 197 242 179 117 209 219 70 240 42 225
    88 204 251 44 226 92 221 133 40 24 206 204 206 0 12 231 102 15 20 52
    27 226 227 68 15 154 124 208 91 163 240 8 31 231 35 142 36 89 20 97
    33 97 246 2 54 78 114 162 251 89 223 30 140 137 209 126 140 135 196
    147 88 211 134 60 72 67 242 82 38 18 229 118 95 162 192 210 169 110
    253 42 215 121 167 111 154 15 66 142 117 13 201 141 250 253 204 123
    34 122 61 86 182 40 13 155 235 225 172 205 215 215 78 187 95 251 231
    251 172 80 73 39 200 197 170 81 53 210 120 205 74 93 63 34 193 46 3
    68 194 83 233 125 247 55 51 245 235 234 134 234 220 98 185 187 27
    182 9 94 19 161 124 28 238 84 6 182 7 37 73 33 135 91 105 43 6 226 2
    223 159 246 23 109 40 34 178 24 149 7 205 107 77 153 142 205 131 20
    87 231 62 128 231 113 57 160 58 121 128 197 187 124 139 6 197 140 57
    204 99 110 131 190 104 234 57 29 13 223 63 178 38 21 75 66 62 136 80
    81 9 115 96 41 157 31 82 64 81 161 49 77 226 27 161 158 46 174 140
    151 211 241 255 89 59 218 102 252 96 146 52 214 30 250 10 173 200 86
    65 110 195 54 34 86 108 37 107 101 3 179 194 142 249 15 235 54 74
    225 18 189 117 187 83 6 157 172 231 209 201 35 147 99 74 137 153 28
    75 45 220 87 199 151 78 125 211 239 239 192 24 33 142 57 245 200 89
    86 28 108 105 75 113 85 181 48 54 214 15 207 89 250 250 108 255 206
    79 237 105 209 153 132 20 220 244 208 205 44 46 228 78 249 52 46 23
    34 242 17 84 252 27 47 214 89 191 51 234 10 144 158 71 26 157 119 35
    73 136 70 195 51 54 209 75 236 132 11 90 139 231 115 152 222 64 152
    193 123 106 128 11 3 40 50 52 83 249 82 59 138 89 179 93 75 239 30
    247 14 76 17 132 148 138 43 16 208 26 200 114 88 171 13 7 16 255 193
    105 181 35 254 114 209 130 213 77 201 154 223 180 60 227 136 164 75
    123 98 24 104 43 137 168 44 91 98 39 186 48 92 70 8 222 104 186 108
    127 40 126 60 125 51 71 143 144 139 29 32 117 151 128 17 120 188 135
    38 212 172 176 177 43 197 69 81 84 123 221 1 231 3 212 193 185 129
    114 79 43 254 31 67 68 40 42 128 185 123 11 89 49 243 26 18 12 159
    129 200 178 113 20 203 127 126 1 4 180 36 41 170 126 123 251 250 110
    138 152 39 235 182 241 29 37 154 104 119 183 231 214 1 106 184 212
    239 54 215 126 181 228 190 9 83 211 113 79 141 177 11 146 249 102
    219 208 27 206 74 30 155 192 205 199 217 110 10 11 255 10 110 184 47
    226 2 138 235 71 254 101 102 167 104 50 177 146 212 213 86 11 121 81
    129 147 161 231 84 21 27 28 141 50 152 18 182 178 114 185 186 104
    105 246 92 13 57 13 82 58 252 236 77 136 104 163 66 32 141 215 144
    130 176 125 255 223 216 157 130 122 187 170 131 61 194 218 252 244
    44 90 222 91 165 38 244 81 16 120 44 82 218 176 147 195 143 163 126
    198 235 48 11 64 150 158 171 70 200 230 12 182 4 29 128 233 84 65
    191 94 65 246 213 255 140 126 118 170 168 180 27 56 68 6 151 194 49
    70 119 162 110 45 143 243 128 22 199 61 121 99 41 221 107 215 196
    147 74 166 202 102 48 100 186 141 155 62 132 41 208 11 245 220 97 74
    150 245 4 132 197 210 53 27 231 232 28 23 251 78 110 72 124 225 8 43
    134 142 76 1 130 165 208 180 125 57 104 108 132 123 103 119 112 174
    106 93 177 240 249 200 75 84 253 143 92 48 215 192 77 136 96 82 107
    80 110 106 217 110 159 147 180 119 180 82 195 73 202 105 253 152 157
    187 12 250 42 107 11 137 67 173 179 198 67 172 103 79 142 230 214 62
    169 3 128 41 38 62 241 251 150 105 13 102 231 55 149 108 24 199 65
    223 210 127 195 208 162 52 62 127 8 201 23 181 214 182 7 250 5 200
    71 190 242 32 216 52 129 134 65 233 150 153 144 184 134 61 38 31 3 1
    61 168 46 245 183 111 224 30 119 10 195 179 13 127 228 107 48 114
    147 30 238 23 91 57 8 98 8 9 26 95 211 175 138 32 49 60 143 240 246
    181 124 49 60 144 13 42 117 231 15 178 231 214 179 145 12 57 166 148
    72 42 204 77 126 84 49 182 57 19 13 88 180 177 165 34 240 4 224 222
    180 25 82 47 43 209 145 36 24 13 14 33 154 27 251 85 242 109 111 146
    64 110 205 161 21 67 105 115 199 208 31 174 80 169 222 179 146 124
    182 245 27 145 167 241 179 187 147 9 75 184 190 4 212 176 118 252
    149 211 202 171 0 97 59 132 89 208 107 166 55 210 233 47 231 33 88
    240 191 8 221 198 249 23 22 87 136 152 64 209 170 132 109 197 65 80
    85 49 100 64 208 98 188 12 124 77 51 105 219 161 213 48 241 194 216
    232 173 220 132 140 8 42 230 166 39 61 122 39 116 196 221 70 33 186
    118 102 152 106 117 245 27 85 147 221 44 74 86 169 37 129 191 179 12
    224 188 88 63 107 71 243 81 127 209 225 192 184 67 143 194 84 82 27
    166 105 169 62 109 216 209 224 137 61 123 6 162 86 86 160 199 6 7
    239 249 143 89 28 127 232 61 76 114 250 18 70 106 184 148 111 138
    238 41 53 207 98 12 27 15 178 48 229 209 115 174 60 79 69 73 172 177
    72 243 225 189 237 61 235 22 1 250 151 107 202 183 22 142 27 42 2
    169 169 70 204 126 79 15 201 178 221 111 44 132 28 225 192 165 136
    101 166 22 251 115 247 152 224 102 64 116 46 61 194 87 72 90 76 154
    213 68 183 218 67 59 210 72 4 236 181 118 122 117 250 56 26 102 90
    161 128 200 170 202 148 219 44 234 115 112 158 172 216 77 15 251 37
    205 63 201 192 79 99 208 203 0 32 239 63 87 151 91 158 251 9 131 95
    56 101 79 165 139 242 111 214 189 8 108 142 219 249 13 102 181 95 44
    147 10 139 64 49 247 185 119 88 72 129 35 253 167 200 227 132 111
    126 16 102 48 111 184 131 231 39 253 183 21 45 230 47 245 174 2 5
    108 108 129 208 78 215 107 133 152 148 220 64 172 23 222 40 12 48 14
    46 222 201 183 227 134 226 137 226 30 25 201 151 49 64 161 204 117
    218 94 49 155 168 105 125 33 164 89 152 37 149 181 115 114 178 156
    221 99 157 99 11 9 27 5 114 190 219 233 215 250 60 112 113 185 18
    221 216 206 23 104 56 125 116 67 179 98 178 36 16 161 153 94 86 96
    207 97 203 69 65 101 33 88 88 102 35 130 215 51 20 139 154 175 241
    198 3 108 29 42 173 197 147 67 238 141 161 47 78 120 76 21 186 41
    229 192 222 233 131 177 29 192 71 75 213 118 95 187 54 41 26 28 54
    94 242 96 88 221 112 30 219 121 172 236 136 83 70 52 94 139 6 113 32
    222 249 128 153 96 35 194 140 239 117 190 220 214 244 91 93 225 124
    255 155 185 22 45 243 109 143 89 86 114 165 153 209 216 176 197 21
    157 46 133 221 134 112 250 205 221 21 22 61 246 238 113 46 220 252
    162 57 24 212 84 207 77 187 33 145 143 155 192 47 124 253 155 182
    106 68 241 36 189 254 11 246 83 234 80 44 41 203 204 6 170 38 161 88
    123 84 173 2 53 237 167 106 154 86 238 213 101 6 32 110 66 43 8 234
    66 129 20 77 9 111 249 146 112 196 164 137 47 4 125 126 239 9 139 94
    23 62 191 234 80 108 210 11 40 143 110 225 217 213 252 149 148 49
    149 85 50 62 222 46 207 124 7 216 41 212 242 193 237 226 27 59 149
    199 62 68 99 17 159 160 16 174 122 59 193 218 204 181 93 193 197 89
    76 252 174 89 176 12 41 58 12 72 202 27 93 159 29 227 245 7 159 190
    27 253 209 27 166 150 147 117 31 101 218 168 245 6 72 106 154 101
    137 179 153 157 158 189 172 225 228 109 201 240 106 175 80 19 83 153
    145 185 129 8 35 196 49 55 90 249 167 155 31 108 169 204 83 122 0
    190 219 173 54 228 174 253 130 184 247 172 87 184 5 220 5 167 166 27
    78 122 176 78 143 59 51 22 241 18 136 42 79 17 122 127 96 148 37 35
    224 188 22 231 85 28 35 111 74 57 86 28 250 98 129 168 114 23 85 69
    94 17 217 117 38 161 143 37 82 116 143 237 49 178 48 246 206 179 60
    171 230 209 85 232 91 89 45 97 230 88 5 92 78 105 108 184 21 62 99
    244 220 59 228 62 181 17 49 128 143 92 75 236 104 49 61 43 177 169
    58 40 145 16 103 166 13 131 32 14 76 49 131 153 100 79 151 138 86
    224 21 236 31 235 42 186 65 210 42 168 230 5 130 139 68 76 9 162 87
    199 223 24 66 143 94 118 98 16 117 122 172 115 207 120 198 194 233
    127 149 15 85 153 133 91 14 140 139 96 95 248 206 28 21 136 34 175
    130 18 20 35 41 208 195 73 11 30 65 175 207 98 102 91 4 99 25 173
    111 59 230 42 121 179 38 134 143 118 75 193 223 163 19 243 234 154
    117 46 196 193 205 6 166 204 65 146 118 51 41 92 163 153 96 16 4 197
    171 15 26 225 195 117 53 33 76 254 230 181 14 86 69 196 29 151 211
    232 126 226 42 242 117 51 12 186 58 195 0 233 24 241 54 85 101 33 60
    10 255 175 192 9 18 70 68 71 100 199 166 231 40 63 87 194 98 220 79
    128 171 37 235 205 120 188 66 100 182 141 180 34 231 100 222 190 42
    199 53 52 246 185 139 66 252 107 138 232 31 130 182 144 217 190 147
    42 111 2 79 136 13 177 161 43 11 60 42 234 158 10 227 19 83 105 238
    35 25 21 193 0 149 89 178 62 17 91 2 208 151 110 74 39 44 128 139
    154 95 219 241 76 255 182 134 35 196 28 102 215 212 56 204 253 155
    117 0 17 142 55 193 230 43 189 118 8 82 85 36 85 245 42 205 215 26
    180 123 2 156 71 37 67 249 147 242 203 63 208 22 170 104 254 178 132
    56 95 232 103 8 162 92 27 241 66 2 233 195 83 209 5 43 145 130 148
    151 134 118 178 29 233 217 197 186 84 219 34 68 84 247 247 50 178
    200 19 98 75 131 157 128 42 149 125 70 90 129 165 51 50 248 253 78
    249 38 74 3 58 104 216 233 138 38 57 172 21 107 220 226 217 79 50
    115 57 189 60 175 135 178 72 142 83 105 8 13 33 222 117 160 111 208
    67 136 251 105 135 91 181 199 193 165 208 163 25 64 104 154 70 220
    221 245 56 230 206 1 76 116 80 235 156 208 146 142 151 174 252 178
    71 190 205 126 86 254 168 205 97 231 21 197 84 47 163 219 17 90 119
    116 165 143 169 43 33 225 183 233 16 161 180 198 99 123 235 162 57
    74 247 115 189 103 96 67 2 107 217 249 93 7 180 93 118 189 12 34 77
    163 171 140 219 237 210 199 105 22 135 153 189 75 142 58 188 237 60
    161 99 86 93 182 139 155 197 254 163 103 235 254 62 153 113 94 96 33
    40 92 179 220 174 176 218 137 152 151 180 213 63 177 195 67 112 38
    237 200 117 43 103 198 230 110 120 114 59 89 150 230 169 80 231 178
    64 64 108 226 199 164 79 50 65 83 95 244 59 0 180 14 245 173 156 82
    200 142 241 6 218 40 251 226 247 160 253 66 216 81 12 116 181 4 64
    241 72 217 101 31 118 21 171 191 80 233 119 92 43 63 118 160 252 39
    76 140 55 76 14 129 231 194 157 35 78 192 135 162 118 83 103 222 48
    165 245 28 51 46 245 30 173 170 19 233 211 192 93 108 152 228 44 59
    188 93 165 150 188 129 91 64 32 69 24 134 89 168 246 224 74 181 172
    84 182 89 55 64 255 41 193 159 85 198 207 140 88 77 166 155 46 51
    156 53 222 110 38 63 111 198 254 224 160 139 62 235 57 218 254 150
    228 103 126 68 114 129 165 146 180 142 255 72 229 211 171 186 82 123
    204 1 251 52 224 163 74 172 194 78 202 31 91 17 45 115 240 185 177
    121 214 64 153 45 78 152 187 198 54 222 163 134 180 128 86 97 183
    184 2 208 198 226 246 72 210 145 199 187 224 36 159 28 198 228 177
    114 178 195 230 126 186 54 184 58 187 10 49 171 95 187 6 172 103 244
    27 29 192 126 197 134 104 125 53 241 151 207 222 58 222 11 12 191 98
    189 199 83 51 69 107 200 6 171 190 16 53 139 105 12 39 202 60 247 39
    76 47 190 247 41 165 45 164 17 228 251 93 106 90 109 76 110 208 117
    145 93 138 99 99 209 132 86 18 39 13 142 180 147 243 3 19 75 174 156
    77 57 89 107 62 168 135 252 107 144 183 50 63 247 59 31 42 104 164
    122 0 35 84 207 208 0 192 182 242 79 13 224 49 246 52 180 81 240 153
    108 106 163 161 16 217 100 232 120 255 143 155 177 159 78 195 5 180
    60 100 206 125 156 70 41 52 169 45 78 250 87 10 226 41 181 194 246
    210 235 242 23 22 37 167 72 92 55 130 1 195 166 150 112 224 113 211
    155 238 228 153 78 239 102 56 19 101 254 11 185 250 100 87 99 192 15
    110 106 67 32 249 248 34 37 231 80 54 150 48 145 68 180 186 11 77 91
    136 114 32 30 245 79 144 1 42 195 16 1 56 14 251 62 202 182 30 77
    208 15 172 204 152 231 206 55 200 48 134 54 174 129 113 253 43 218
    70 122 74 221 124 123 252 44 61 184 184 191 140 132 25 135 148 188
    159 29 188 197 152 57 205 129 109 58 113 155 198 98 182 82 86 155
    200 120 238 125 71 38 224 51 48 39 38 99 48 21 195 247 149 230 197
    53 53 246 211 168 244 36 174 179 133 241 218 120 93 15 236 89 62 151
    62 34 48 213 99 42 11 1 93 91 236 128 217 155 118 5 7 230 82 36 142
    242 54 227 214 176 29 132 194 39 139 85 79 13 171 96 241 14 57 14
    205 108 14 34 7 83 225 84 102 91 168 203 180 80 85 176 203 72 84 227
    83 168 100 182 115 156 229 189 228 65 164 207 112 51 39 113 246 219
    86 134 221 183 184 181 17 14 250 97 139 16 156 37 128 230 181 235
    251 0 55 107 14 175 222 191 131 21 207 168 187 187 180 154 106 15 96
    238 85 252 209 134 29 207 219 208 106 28 142 188 173 193 40 203 52
    211 232 170 72 37 147 213 213 42 158 209 70 121 68 12 64 239 17 105
    149 119 222 246 167 174 125 216 159 11 241 193 23 77 249 128 130 112
    71 111 2 29 92 22 180 170 55 254 115 12 43 237 232 212 80 88 121 118
    146 192 10 152 244 222 180 95 141 33 197 128 8 193 46 122 37 125 80
    152 56 190 32 46 40 198 82 26 190 89 112 186 240 175 96 250 22 176
    171 172 245 11 3 188 53 74 122 118 36 230 213 60 58 183 26 14 100
    221 42 100 112 177 147 230 37 146 21 171 227 47 15 181 241 233 224
    72 151 225 35 141 19 35 121 118 183 108 214 11 198 179 86 222 102 63
    29 80 126 247 93 178 136 144 19 148 88 214 170 46 165 250 243 194
    233 166 81 171 96 64 32 205 209 40 233 249 210 115 61 56 207 124 54
    217 43 98 223 3 8 8 232 44 227 196 228 57 31 96 124 66 164 178 204
    153 218 89 233 65 115 50 167 178 118 210 65 181 190 15 62 81 161 188
    9 204 62 222 186 110 125 156 92 30 2 230 69 6 55 254 156 238 152 119
    15 230 39 159 165 141 49 63 181 102 167 239 238 168 20 245 180 37 26
    155 149 199 142 192 201 38 213 200 212 61 132 68 2 158 255 42 7 5 6
    157 226 45 153 164 237 230 156 125 21 210 94 161 189 109 236 125 170
    48 171 15 218 220 115 244 217 166 198 243 130 52 188 140 233 32 11
    16 188 143 249 71 44 18 40 225 56 79 55 169 194 81 234 152 102 178
    154 73 3 70 107 254 124 251 96 214 126 177 69 219 90 177 65 18 114
    138 238 199 126 167 157 162 23 220 208 91 222 123 159 106 206 193
    204 187 138 34 9 46 47 147 201 58 91 44 0 45 125 193 143 30 78 53
    215 170 176 19 218 177 145 157 28 70 54 135 51 185 235 62 148 3 127
    28 140 79 200 185 55 89 172 7 97 206 236 227 153 111 95 68 92 94 143
    31 165 165 8 72 89 251 154 226 240 114 2 34 173 140 89 235 221 48
    116 42 0 102 11 154 91 14 15 176 196 239 233 248 97 87 210 188 238
    46 65 34 195 100 94 95 96 249 219 15 125 236 34 107 188 154 245 10
    124 27 151 4 109 171 172 139 216 94 80 7 9 24 107 124 215 22 201 239
    43 151 63 129 15 182 12 104 175 132 237 205 150 239 141 121 132 115
    205 176 54 40 14 31 250 66 215 144 56 179 242 176 20 14 6 172 149 54
    49 146 128 54 131 43 140 128 119 104 100 12 7 184 66 202 250 59 131
    209 181 188 250 165 134 96 123 6 247 150 19 41 7 139 55 163 59 73
    125 1 205 229 1 78 92 254 213 238 219 170 2 26 7 207 172 39 131 209
    193 52 141 19 78 161 148 29 120 25 87 247 248 181 119 249 123 162
    237 1 16 167 76 15 66 102 104 220 51 144 179 36 4 17 16 154 61 64
    200 110 108 207 18 65 151 74 244 231 164 164 166 106 133 241 119 225
    246 181 60 224 83 67 235 46 54 16 25 163 97 11 9 139 194 158 200 80
    158 105 204 69 152 148 12 35 144 228 11 81 59 123 71 165 1 56 143
    227 243 190 197 166 7 133 9 63 113 195 66 75 4 42 32 144 9 128 120
    145 186 83 50 14 60 244 46 92 85 3 209 10 36 80 195 195 65 54 248
    208 249 239 129 54 55 221 203 113 176 72 231 53 95 146 206 93 230
    219 82 206 232 224 215 98 77 220 147 57 65 253 196 156 158 134 118
    208 163 2 152 195 152 147 56 197 146 60 93 229 232 119 62 27 108 132
    82 89 75 51 110 183 19 16 55 102 132 38 235 87 211 51 175 28 112 49
    17 94 203 18 43 25 114 47 32 71 255 229 16 111 92 99 84 198 135 84
    16 97 6 94 223 112 177 216 175 27 163 63 174 78 70 186 96 33 180 161
    86 169 51 229 148 105 121 135 54 40 65 120 174 157 193 157 79 88 249
    219 132 160 79 225 43 86 251 205 241 235 53 245 110 230 102 190 0
    126 252 109 55 192 57 171 230 156 199 5 166 106 29 126 215 42 217 97
    190 138 65 27 57 129 219 252 78 85 1 227 18 192 111 229 126 246 51
    190 65 108 217 29 180 204 203 147 245 159 93 115 53 5 33 251 179 246
    55 164 81 7 42 32 118 124 166 102 124 44 221 116 25 100 230 142 182
    198 47 249 15 184 18 247 63 249 61 169 246 104 231 225 203 44 73 25
    245 93 51 210 193 144 39 163 133 25 219 15 73 40 95 23 161 251 162
    103 198 15 246 14 180 188 239 211 167 14 37 220 81 224 186 30 166
    126 117 249 171 201 55 71 203 152 39 150 148 38 167 180 162 71 122
    34 186 26 135 226 23 248 209 253 172 142 120 78 237 87 88 98 128 78
    223 136 247 127 242 100 154 188 120 3 183 214 112 207 233 250 215
    223 32 149 247 132 18 219 71 124 138 73 229 126 97 159 223 225 140
    71 75 249 72 127 24 240 24 120 164 222 40 39 153 3 132 116 222 152
    44 219 184 143 122 238 11 62 47 41 21 117 205 180 124 168 104 212
    198 86 22 11 227 240 33 11 184 148 24 202 52 154 140 74 86 252 229
    95 48 200 5 97 6 237 114 39 32 52 182 126 105 131 103 99 117 159 147
    115 206 93 158 144 144 244 59 250 107 119 21 146 143 134 125 192 131
    76 191 66 213 233 245 12 88 90 45 191 126 255 238 137 144 250 136
    121 80 40 113 103 150 77 141 174 199 69 191 66 61 202 177 48 224 79
    228 197 66 9 39 221 179 15 63 179 32 105 10 127 83 244 192 137 203
    46 164 3 102 93 12 84 33 12 60 224 83 6 169 64 133 9 235 179 239 142
    75 90 1 64 131 34 9 113 175 42 2 151 63 46 69 51 196 168 134 189 81
    26 122 20 30 187 170 174 163 68 69 9 58 92 189 155 100 110 83 59 26
    253 148 54 113 116 160 114 99 24 9 220 128 15 78 116 253 101 234 96
    27 62 164 16 9 240 14 249 95 22 195 91 70 192 42 130 235 74 60 24 83
    115 98 217 8 3 95 113 92 105 167 125 198 206 220 33 157 240 41 227
    226 103 41 135 32 85 177 167 94 71 202 150 167 115 63 96 199 100 134
    28 170 49 135 8 97 240 251 161 120 251 240 233 56 103 69 20 156 16
    68 43 3 59 33 77 178 29 208 116 35 73 54 21 139 237 74 43 217 223
    144 220 200 247 155 28 166 251 4 255 249 51 27 189 101 75 188 225 38
    46 191 191 49 205 144 114 218 165 1 42 65 109 242 182 221 102 115
    233 232 161 20 217 109 164 228 239 42 80 217 171 1 69 116 19 170 39
    30 83 161 190 55 110 74 128 30 15 236 235 228 15 219 197 234 227 150
    31 254 153 123 28 18 61 133 253 81 35 223 0 50 141 38 114 107 59 66
    142 156 79 151 225 253 210 9 149 132 133 255 125 161 174 159 8 67
    209 146 130 108 233 130 80 150 113 148 85 90 51 182 81 49 206 28 205
    28 190 40 172 72 242 230 42 157 103 97 3 71 29 29 142 109 204 53 207
    195 135 202 86 15 35 86 208 134 220 198 239 254 118 13 36 66 228 144
    222 29 105 34 249 4 203 244 215 214 127 165 225 210 93 251 103 18 19
    152 166 174 246 147 215 37 127 139 138 59 254 197 78 104 48 235 227
    140 107 227 208 106 157 241 15 28 45 246 70 56 154 105 66 236 187 91
    231 76 90 188 162 25 18 85 235 195 34 72 97 33 115 116 12 91 58 135
    48 144 93 82 193 53 92 229 28 197 193 32 152 165 25 183 63 19 54 50
    7 76 157 85 167 126 245 218 1 28 176 195 219 132 72 112 187 240 221
    5 76 198 170 225 16 152 191 77 14 113 15 232 22 176 41 183 245 205
    43 205 70 135 68 173 105 151 44 38 12 207 39 95 228 96 152 213 23 21
    206 89 229 56 254 123 214 168 95 87 2 85 238 188 251 101 103 188 230
    182 116 80 29 232 150 208 42 69 208 6 86 200 125 78 65 136 40 89 239
    190 98 244 204 57 248 150 200 81 60 170 76 99 153 108 230 218 44 68
    241 250 80 26 227 85 160 211 19 27 220 105 70 33 246 31 22 207 92
    213 7 243 29 159 69 240 198 49 15 123 247 115 144 167 55 61 155 177
    221 22 195 243 217 184 19 92 241 124 9 219 246 251 72 202 184 102 59
    70 127 245 123 2 67 163 35 191 232 252 108 87 240 114 129 70 6 136
    88 238 182 126 232 25 225 28 0 82 200 200 170 107 138 153 13 185 148
    120 70 94 118 240 64 175 60 163 252 205 18 226 180 180 179 137 171
    220 108 147 60 239 51 87 241 130 69 12 177 55 57 98 158 0 59 47 52
    224 172 63 108 184 13 18 152 53 46 67 245 162 113 0 218 130 229 169
    132 156 165 200 32 145 59 235 65 41 229 178 203 178 2 159 128 200
    174 150 99 81 15 108 105 24 142 166 133 39 158 151 63 223 179 72 83
    214 227 241 231 184 181 251 76 42 4 79 50 105 79 175 134 11 182 46
    130 155 139 137 29 69 225 190 89 55 11 50 183 18 216 218 227 193 61
    47 214 221 120 45 170 242 251 153 225 145 157 6 114 233 66 165 28
    125 92 62 165 116 36 190 136 103 156 79 216 8 0 139 6 27 199 43 150
    211 126 178 249 254 36 145 247 79 106 158 233 107 156 207 4 137 204
    121 130 214 72 60 69 244 230 181 191 182 236 154 78 199 80 73 70 160
    168 76 14 189 227 188 247 34 202 211 234 70 95 11 178 133 27 59 128
    44 156 85 40 137 32 234 57 81 44 142 174 180 52 201 100 123 158 206
    192 94 161 92 249 163 142 31 17 246 21 81 211 46 205 205 100 199 173
    159 97 48 19 42 126 73 44 139 202 154 245 222 211 134 31 255 228 255
    128 150 250 224 128 148 162 179 129 195 113 73 104 128 253 159 222
    160 95 233 88 84 185 209 156 255 8 161 33 64 164 247 108 219 126 141
    146 197 135 37 59 27 217 144 162 179 236 157 44 218 10 102 22 242
    195 24 93 190 163 4 245 90 234 137 19 19 31 195 226 69 1 67 113 139
    231 251 89 248 192 107 255 204 193 31 186 61 23 19 214 242 88 59 67
    124 143 220 182 160 178 208 32 70 204 237 163 213 89 85 146 38 214
    116 203 32 250 161 50 44 181 57 241 122 139 62 36 205 66 83 7 139
    115 174 167 119 189 206 33 98 240 59 208 84 240 51 137 118 127 145
    192 74 230 15 253 172 62 160 31 161 6 57 54 173 150 20 228 48 117 58
    192 37 143 150 81 186 32 192 53 142 67 13 243 83 252 181 3 251 251
    205 241 119 32 220 72 254 180 235 40 188 149 92 161 132 6 120 60 108
    242 42 222 118 123 164 204 249 17 166 35 251 1 41 8 225 217 180 244
    244 68 155 29 199 215 18 121 61 34 221 2 229 40 76 155 164 22 236
    111 216 137 238 180 197 86 80 233 238 116 160 16 100 52 78 236 26 71
    12 78 111 26 134 96 111 45 118 246 73 131 26 104 76 222 196 71 244
    136 79 169 24 50 182 184 175 53 148 228 169 2 188 175 131 162 158
    207 243 167 177 5 74 158 5 115 132 80 42 84 97 29 208 198 195 125
    250 195 53 41 51 34 94 75 5 89 106 83 166 67 229 107 42 132 219 166
    86 56 166 7 248 109 63 99 33 31 116 191 211 255 239 99 11 125 227
    205 252 97 220 210 157 163 43 123 222 207 22 216 144 190 89 242 53
    188 46 99 134 203 169 134 111 154 126 50 98 202 145 250 32 244 10 26
    32 48 177 71 133 80 169 67 40 251 0 13 105 14 159 179 174 86 60 215
    99 60 225 80 245 99 59 216 202 223 178 169 254 238 236 97 100 221
    190 248 159 24 164 65 227 240 69 14 128 106 103 10 24 243 144 169
    149 137 170 202 150 102 247 181 132 103 199 27 210 208 194 60 78 107
    251 164 202 32 111 223 138 207 183 21 242 115 17 138 37 143 34 50
    122 254 178 234 86 3 11 100 187 230 121 48 244 196 5 90 206 37 114
    198 23 5 18 26 99 207 196 69 82 76 136 224 136 160 172 246 167 127 6
    128 244 224 235 164 83 36 103 225 4 220 109 169 238 222 239 249 5 32
    115 151 226 113 122 27 198 223 77 246 210 187 243 184 111 249 173 18
    211 148 236 159 236 146 213 214 123 202 81 95 207 145 24 39 63 149
    184 205 226 172 87 83 108 231 99 108 133 96 203 194 231 210 27 68
    240 210 99 215 226 222 148 175 17 36 126 8 38 173 82 31 193 194 198
    166 189 23 243 100 124 220 233 132 184 14 207 101 193 49 243 108 36
    96 246 230 154 63 80 63 35 231 152 56 58 251 93 94 180 97 251 65 11
    214 104 145 120 122 143 205 24 193 128 116 106 183 241 227 245 187
    110 165 236 176 88 191 142 105 98 144 203 85 41 246 67 241 194 234
    34 84 28 197 217 105 169 47 54 77 24 100 200 209 80 205 80 221 144 7
    172 182 7 15 178 220 155 45 161 166 208 220 22 14 112 118 14 221 93
    147 151 237 114 119 40 24 111 107 57 83 91 78 136 132 245 123 185
    164 75 115 254 131 99 251 183 53 62 73 195 132 3 95 77 255 125 237
    62 175 188 200 161 175 178 229 38 157 45 6 119 207 165 60 129 215
    251 217 73 243 187 35 238 173 197 126 15 194 52 230 197 69 187 41
    188 4 3 240 42 164 174 253 210 1 99 113 92 71 64 144 151 90 179 155
    167 235 20 144 168 22 8 21 190 203 35 210 127 122 87 85 113 155 209
    34 161 165 221 118 237 104 24 56 62 231 30 127 199 139 73 25 147 212
    43 23 9 169 157 171 8 72 54 20 66 34 93 232 137 115 186 137 90 64 1
    132 156 11 164 47 208 173 75 200 44 241 142 139 54 88 232 118 234 91
    207 11 199 155 137 104 106 216 10 118 91 163 146 37 139 78 195 250
    77 46 165 115 44 225 121 85 247 118 207 242 216 102 200 152 173 166
    54 242 208 97 82 201 191 44 28 54 97 68 162 208 1 224 31 231 237 253
    110 61 134 173 251 71 79 85 124 227 248 132 23 196 239 223 247 150
    205 130 64 35 90 229 242 173 190 252 131 125 173 185 85 221 164 24
    113 143 1 60 240 29 61 207 238 89 55 211 131 18 121 34 147 77 242
    109 207 179 17 160 102 7 201 75 117 132 9 241 135 238 224 82 47 109
    253 157 84 221 14 228 138 193 12 25 177 203 116 23 61 247 46 198 238
    188 164 221 80 244 171 20 168 242 208 196 142 37 100 9 47 136 60 165
    127 214 179 241 181 11 118 110 161 132 16 27 107 38 172 120 51 149
    40 128 66 51 218 71 175 146 221 57 253 147 31 217 229 152 214 108 20
    226 105 136 209 103 7 179 2 59 39 100 188 148 115 56 233 80 107 2
    121 54 144 112 116 123 210 204 86 66 170 148 254 119 22 16 154 169
    243 120 3 238 154 240 44 116 31 64 129 55 77 203 33 103 104 172 182
    238 57 58 105 137 141 99 35 131 248 96 212 107 146 114 254 243 159
    96 189 248 54 44 127 175 140 168 143 43 126 96 109 6 105 115 214 133
    251 169 20 78 41 152 24 137 144 38 156 83 31 247 100 41 88 157 55
    211 178 60 209 226 199 97 69 243 208 162 113 9 10 63 126 205 188 192
    237 21 251 105 91 34 131 245 150 3 147 80 101 249 30 32 198 43 165
    193 98 61 65 37 204 64 47 118 231 216 59 154 37 216 171 198 247 234
    247 213 48 93 253 22 74 90 60 31 106 72 199 141 139 5 42 59 121 33
    122 30 84 117 221 25 142 237 63 4 183 34 100 2 168 27 126 168 194
    165 72 234 150 98 18 157 244 62 242 180 84 133 43 54 227 43 102 209
    178 18 91 154 159 100 166 20 116 221 56 136 242 208 110 67 174 144
    200 220 146 253 254 155 162 84 12 97 20 154 89 234 89 186 29 119 116
    134 97 29 117 103 220 198 48 10 231 234 69 183 157 72 77 211 205 169
    117 204 30 25 157 171 185 49 128 121 157 42 46 109 219 166 189 40
    112 247 179 144 115 202 201 203 119 141 203 197 69 125 143 79 91 190
    213 4 1 85 130 38 235 247 229 207 127 91 8 222 39 242 144 61 30 157
    54 172 63 102 250 206 187 231 210 195 13 49 149 45 169 190 227 225
    120 158 107 181 211 39 17 207 110 84 236 157 53 186 191 175 30 209
    174 198 188 5 130 142 208 121 58 35 208 112 197 1 39 55 176 209 21
    242 134 178 188 52 101 223 35 178 187 164 201 217 118 156 88 219 18
    3 51 122 241 59 80 134 56 55 31 245 246 203 153 254 157 8 31 219 17
    21 18 189 107 183 133 220 47 224 212 213 190 18 108 54 183 96 149
    103 245 183 11 26 25 74 86 142 37 93 111 123 135 200 128 49 171 124
    127 85 201 3 71 42 19 141 156 22 62 31 88 181 92 116 181 255 179 100
    148 155 76 65 193 158 59 56 95 56 138 137 238 158 27 241 33 52 124
    75 84 65 240 176 141 12 133 143 95 147 84 105 35 236 216 169 178 197
    139 240 205 193 107 46 252 207 221 174 17 118 32 24 99 93 174 174
    145 90 175 59 159 199 242 143 49 240 175 228 187 42 104 24 195 12 96
    198 23 221 87 8 165 178 245 190 122 248 96 80 43 48 20 179 90 90 241
    157 109 59 44 155 73 100 177 251 86 107 38 107 138 158 62 185 72 79
    159 143 121 120 60 46 77 100 0 154 124 185 150 158 175 181 120 214
    248 13 212 230 95 126 177 133 187 65 5 222 33 239 73 139 39 43 200
    176 67 225 44 62 19 101 200 203 16 43 226 248 177 117 9 14 148 197
    201 148 142 151 82 228 42 36 16 72 30 51 92 130 15 20 162 169 58 46
    49 68 54 64 145 227 96 235 235 110 189 96 138 90 96 225 227 94 140
    102 123 163 151 102 242 83 219 108 213 42 18 142 187 120 64 223 59
    207 254 14 128 165 26 32 68 134 21 88 246 77 161 205 13 215 103 62
    72 155 210 227 215 244 130 139 203 36 162 125 82 89 206 217 90 98
    156 51 23 122 128 181 161 240 240 75 102 16 24 4 197 76 6 154 22 130
    98 52 94 212 237 12 52 12 89 0 75 47 136 224 204 51 103 187 41 112
    255 115 174 157 43 88 49 160 252 29 131 74 96 23 19 186 228 129 170
    175 60 208 112 88 25 3 12 30 175 249 148 34 107 129 148 13 26 81 183
    152 48 115 23 14 163 118 93 11 46 224 78 190 31 231 29 182 107 140
    184 78 229 236 113 88 217 21 193 243 56 9 41 31 44 108 82 135 206
    181 24 134 121 30 49 156 207 31 132 82 31 141 221 68 119 237 223 112
    134 249 164 252 13 114 95 80 147 219 6 171 208 201 75 20 177 79 10
    234 236 1 118 73 128 71 98 125 83 205 57 199 51 95 172 139 51 196 74
    180 172 244 201 44 240 36 171 94 110 253 118 164 210 172 134 186 159
    244 65 245 239 177 46 6 110 255 71 140 142 72 168 196 251 58 156 181
    150 22 98 237 195 91 206 96 175 223 200 103 251 74 74 174 21 74 79
    138 43 36 237 76 120 25 244 202 216 45 131 34 179 11 209 96 10 78 53
    10 160 102 155 69 235 12 8 28 197 41 164 78 9 142 58 201 163 136 176
    121 57 236 251 80 30 107 57 102 87 227 148 237 216 117 69 121 58 50
    212 191 112 181 149 143 119 118 152 97 207 58 74 192 32 54 57 151
    225 2 130 20 207 253 52 84 206 253 12 218 138 195 2 226 209 148 34
    136 182 70 128 163 116 90 40 57 219 36 167 23 58 96 26 1 65 247 115
    51 173 158 54 173 186 46 247 185 111 142 119 50 97 254 102 126 184
    195 52 135 221 223 154 148 135 205 30 101 191 16 3 201 68 101 168
    146 102 254 101 104 68 212 174 126 152 62 227 16 155 245 85 172 38
    220 219 162 61 61 49 7 196 75 139 26 226 60 243 115 198 74 103 157
    110 214 29 191 12 244 203 238 122 102 160 155 195 227 123 107 147 58
    210 167 117 196 68 21 250 33 49 192 60 228 52 35 180 77 119 217 197
    153 37 67 118 156 75 172 206 203 156 10 226 136 182 107 245 68 249
    117 196 240 37 186 113 228 57 132 2 120 236 241 200 72 92 222 219 42
    145 243 204 210 195 50 113 16 144 34 117 157 5 197 82 132 107 23 88
    26 155 61 37 4 157 53 248 250 148 233 21 24 229 243 249 56 240 70
    203 215 51 213 175 54 57 104 32 211 49 254 160 218 136 140 97 159
    195 45 162 28 109 41 147 155 148 248 91 226 80 7 2 140 36 94 25 105
    40 59 6 125 170 96 225 255 217 130 66 26 148 184 187 34 18 97 153
    217 37 53 164 69 105 217 20 248 240 106 67 61 25 157 158 56 222 72
    130 169 204 95 206 54 51 209 175 202 201 99 119 1 50 35 68 69 146
    187 255 40 93 242 159 91 35 83 158 83 247 106 204 52 128 199 56 9 91
    101 17 157 92 112 54 255 211 181 135 100 57 161 6 135 169 179 30 29
    168 58 52 116 110 54 78 8 238 8 220 247 124 54 172 144 136 156 170
    184 114 92 245 2 134 179 118 227 81 66 232 202 73 58 58 101 193 191
    138 77 127 153 59 58 222 184 34 108 145 58 243 109 34 198 177 165
    117 189 141 85 93 228 69 192 38 97 228 39 76 206 74 83 184 145 22
    186 171 240 72 108 100 120 116 6 230 216 184 52 198 216 245 193 189
    41 73 2 236 232 152 123 139 206 87 234 132 142 93 16 132 179 127 167
    147 190 195 10 224 121 242 14 181 173 42 99 151 97 225 134 11 27 222
    25 158 11 163 185 9 32 212 82 140 165 231 146 192 156 215 255 182 39
    191 129 0 40 181 11 182 222 92 217 248 121 229 145 98 117 241 135
    231 233 107 16 193 10 88 59 11 170 4 11 121 225 49 246 221 216 154
    167 148 55 10 211 209 233 215 225 42 28 240 32 169 109 156 157 184
    102 12 123 228 187 83 186 18 254 92 61 106 35 0 7 230 167 74 246 8
    95 60 166 158 28 233 232 103 221 65 251 56 250 101 111 22 115 45 145
    116 96 184 77 95 154 212 255 151 160 191 134 189 248 212 35 63 207
    176 147 179 165 77 80 105 140 97 232 204 49 210 96 230 223 3 212 105
    74 58 15 251 194 124 248 32 236 207 38 249 252 69 249 168 53 122 108
    74 150 151 101 234 188 113 172 87 224 153 72 29 74 102 124 107 39 50
    6 71 208 42 119 179 182 178 69 102 87 62 167 235 62 236 57 228 35
    146 101 104 199 221 104 23 187 221 17 57 4 93 42 243 110 158 243 220
    231 249 167 80 240 206 79 58 3 152 107 223 201 217 69 223 6 202 17
    229 200 41 207 51 134 237 153 9 189 157 21 93 20 191 170 241 235 47
    192 56 205 255 55 231 174 128 151 114 214 208 183 43 163 14 186 238
    211 128 111 243 144 251 152 164 11 207 194 235 117 76 255 198 75 84
    244 141 208 227 145 47 213 45 164 96 82 69 175 17 101 101 140 85 19
    49 179 127 157 116 156 23 45 123 173 179 93 160 97 26 42 199 243 5
    58 33 118 78 128 92 130 34 157 250 114 210 44 86 130 149 54 224 81
    223 129 236 44 113 202 188 132 207 216 8 167 3 71 217 85 243 220 169
    100 248 88 33 186 122 220 90 177 43 47 84 55 62 104 24 167 61 77 45
    228 4 160 175 42 104 46 254 179 208 188 220 168 68 158 94 155 56 33
    98 31 231 21 32 48 127 5 1 148 177 83 22 190 191 90 81 175 146 26
    155 100 118 184 69 141 113 1 168 145 4 49 226 157 18 116 91 245 221
    182 253 140 129 244 240 165 44 34 111 86 20 221 76 4 173 110 60 0
    130 192 231 57 66 101 184 50 129 83 193 93 34 87 198 34 18 13 186
    203 96 57 121 177 3 12 27 180 49 2 138 7 227 212 242 90 223 169 252
    200 227 162 162 189 93 174 27 14 210 72 74 250 99 93 108 234 133 222
    107 230 6 38 82 53 126 91 213 228 154 21 110 58 175 191 116 57 118
    70 106 81 67 182 39 38 135 36 121 234 95 141 20 236 158 172 57 225
    132 53 210 137 181 198 203 146 247 133 254 77 22 130 226 71 115 120
    51 6 17 104 153 119 106 9 111 25 250 149 10 100 13 103 153 49 27 20
    14 152 211 29 17 173 2 13 148 179 35 183 33 16 225 147 228 82 190
    113 33 14 0 225 110 218 226 175 11 214 150 196 232 237 238 1 152 207
    16 132 245 212 55 1 232 12 229 227 147 156 54 105 199 72 218 7 154
    193 171 207 70 134 23 101 229 31 116 176 236 159 65 224 245 178 152
    201 103 214 237 40 246 12 11 226 173 45 172 194 123 92 41 225 189 45
    109 113 67 178 206 218 173 185 125 175 247 145 120 151 91 120 30 105
    59 51 3 61 17 93 100 200 175 106 66 62 56 176 61 169 248 75 182 81
    14 138 165 70 158 163 137 159 251 89 10 14 231 107 173 116 44 13 247
    2 17 108 183 246 94 220 3 165 242 188 191 42 186 144 33 97 8 234 129
    189 90 205 188 90 133 154 180 255 178 214 135 11 4 127 25 57 9 245
    71 68 195 227 39 187 30 236 214 243 9 207 147 132 81 38 130 238 101
    214 101 12 94 146 7 96 58 203 13 207 18 123 134 252 19 102 15 97 194
    35 161 58 206 94 252 181 6 253 17 210 150 191 128 238 172 238 189 92
    70 158 83 86 146 54 162 210 1 249 20 39 80 105 157 174 161 11 118 66
    154 113 14 189 11 206 215 93 45 27 38 51 199 194 18 95 68 37 161 224
    190 119 162 127 21 226 60 50 47 242 190 248 69 14 102 225 136 207
    178 145 116 96 72 132 243 236 245 209 235 24 81 134 121 20 61 49 202
    105 84 79 206 156 170 166 254 52 237 240 74 216 226 224 207 131 88
    86 114 163 114 108 85 153 120 142 211 196 22 177 148 100 22 27 146
    17 235 131 33 140 44 236 49 159 249 103 255 204 100 34 214 47 203 50
    16 203 115 198 158 136 62 50 41 192 153 148 199 97 33 118 65 132 48
    238 45 228 150 7 248 74 47 76 206 227 58 254 200 61 248 157 88 193
    86 22 127 46 0 218 65 129 231 36 247 86 108 146 29 83 111 112 176
    171 157 139 73 116 229 154 253 21 73 166 237 85 211 217 224 251 14
    155 69 33 88 169 96 228 166 80 47 90 173 136 89 88 108 104 97 165
    214 116 112 201 120 162 156 12 123 146 209 15 160 38 85 234 216 82
    250 165 119 71 53 208 184 104 244 59 21 106 58 171 156 225 156 244
    122 32 207 132 145 254 224 100 123 142 180 145 208 18 63 30 245 41
    56 65 5 250 10 13 229 65 151 95 230 254 100 86 6 26 209 85 114 145
    124 194 82 149 98 83 0 96 95 77 45 230 181 216 41 242 56 87 48 48 28
    144 58 53 33 56 163 127 230 221 209 22 232 85 98 244 128 8 73 141
    247 154 159 199 132 78 244 120 201 40 248 39 213 241 56 190 93 30
    236 117 131 106 80 52 67 194 235 180 212 90 141 38 124 184 66 149
    137 164 217 77 60 0 150 251 106 84 53 80 157 229 199 43 17 53 5 235
    59 35 93 227 234 109 175 157 39 79 108 153 46 42 89 188 124 89 228
    92 132 118 175 203 250 227 63 52 143 255 178 207 96 29 174 244 185
    26 50 232 49 216 22 43 247 108 184 17 97 147 233 69 151 81 44 93 51
    43 61 103 252 105 255 19 176 105 23 39 36 147 125 42 173 7 147 116
    164 95 125 14 32 117 73 231 92 254 22 82 157 241 47 178 246 192 140
    93 104 60 115 143 211 24 44 35 158 184 90 124 174 189 237 145 20 96
    12 90 127 238 17 224 235 182 129 192 82 224 235 51 206 204 209 157
    126 6 113 117 3 77 249 141 168 189 36 66 114 10 204 192 208 118 52
    178 11 123 36 184 98 2 134 233 62 237 214 42 14 227 217 30 216 25 78
    17 244 65 30 155 123 225 131 110 39 24 10 141 43 38 128 142 32 210
    29 181 228 2 124 219 223 4 180 205 241 232 161 182 4 160 48 82 82
    222 221 245 251 217 133 221 229 100 183 37 232 35 21 26 166 211 91
    205 85 102 148 135 102 172 109 253 23 131 135 16 242 2 103 141 49 18
    191 149 210 118 173 56 200 7 158 138 137 185 92 104 104 164 129 214
    254 78 112 30 21 4 116 239 194 157 203 174 184 221 231 60 192 89 149
    133 234 116 218 74 133 209 222 94 45 200 11 144 68 145 241 101 52 13
    8 146 165 226 18 212 182 158 153 194 93 99 209 46 122 217 50 22 171
    28 131 106 118 1 209 168 218 19 14 127 173 90 148 30 156 138 164 244
    70 8 19 138 38 94 103 135 154 255 176 196 11 52 246 187 178 116 47
    195 173 113 14 216 255 164 95 85 58 140 207 198 172 179 101 12 142
    210 146 104 110 187 32 74 220 252 60 163 230 4 49 152 26 163 180 137
    180 152 28 35 196 169 0 232 53 211 245 26 115 213 76 81 7 161 253
    236 105 143 189 14 51 151 132 202 70 234 126 219 47 208 42 227 240
    154 152 6 122 150 58 195 248 134 230 134 104 70 140 159 188 177 29
    17 204 10 224 158 20 81 186 49 215 71 158 236 8 194 24 154 102 152
    108 253 169 137 181 203 1 175 170 183 226 134 33 253 108 126 49 174
    17 220 221 163 181 63 223 123 65 252 205 208 30 239 182 84 4 49 123
    192 152 167 230 106 52 84 225 152 130 80 211 156 63 143 161 44 33
    128 73 25 22 84 210 20 219 65 171 64 212 44 62 50 62 167 165 168 150
    46 32 15 227 15 186 115 197 83 241 88 165 91 134 178 101 50 139 170
    219 99 230 105 156 170 227 155 127 103 244 164 147 78 254 12 248 134
    116 56 107 193 96 200 114 204 167 182 40 107 251 136 148 111 58 100
    117 18 176 221 209 100 0 4 36 57 105 109 184 134 242 234 195 113 243
    200 180 249 82 201 228 244 247 137 29 248 185 46 197 70 36 107 230
    172 147 166 235 94 33 98 118 228 95 98 189 46 75 213 92 43 235 95
    228 234 109 75 229 234 64 127 186 228 223 2 7 67 95 167 16 239 38
    170 192 64 54 171 128 160 104 63 81 184 174 21 238 148 134 123 61
    124 114 42 145 103 80 17 158 137 9 227 252 167 67 141 87 120 200 1
    112 221 195 6 251 155 147 2 36 148 106 192 213 87 207 18 128 177 18
    155 100 244 28 10 116 185 160 50 83 168 89 47 10 233 29 139 214 140
    170 55 76 174 177 160 233 51 7 184 216 12 134 19 178 147 208 181 240
    76 0 159 31 229 34 115 85 153 200 2 106 44 179 50 32 191 245 229 251
    247 140 62 102 194 43 3 28 23 165 239 105 232 89 7 212 243 157 224
    102 109 195 67 246 89 219 206 230 190 155 157 36 30 26 246 164 0 95
    154 62 175 247 187 37 20 102 230 226 148 40 253 153 38 51 8 35 172
    17 199 133 215 210 232 80 67 90 68 223 119 4 134 148 73 177 192 218
    158 194 19 249 247 137 11 40 105 185 31 52 23 241 156 205 124 243
    145 136 145 105 195 153 75 103 147 138 198 106 68 19 176 217 17 211
    154 157 224 74 243 67 76 143 106 195 170 128 44 253 72 98 212 48 91
    123 135 239 236 216 189 114 186 75 168 208 133 54 230 125 178 67 37
    255 33 172 134 243 191 194 93 227 145 59 33 5 93 135 127 10 129 183
    48 39 158 50 203 137 23 250 101 161 63 161 250 22 70 106 41 37 131
    181 57 133 163 18 185 60 243 167 189 240 149 219 10 183 84 137 117
    164 125 176 222 189 120 209 48 175 235 84 144 61 229 221 49 112 140
    74 208 89 27 36 55 116 71 223 218 62 72 95 16 68 75 41 40 109 152 84
    255 222 13 5 242 238 144 202 217 155 133 56 253 144 82 55 156 238 93
    20 70 85 251 44 226 112 197 211 176 108 154 131 191 3 188 232 171 49
    106 64 158 213 31 88 88 69 51 161 78 102 238 197 52 190 99 70 98 127
    47 65 222 237 125 119 251 75 192 54 117 157 137 207 174 61 39 160
    125 102 117 245 64 3 73 233 163 98 226 19 189 97 82 99 88 36 207 245
    209 217 29 71 114 221 50 83 83 67 164 31 121 154 142 12 157 202 196
    253 186 226 218 4 39 67 22 200 233 243 36 192 10 190 34 76 28 170
    162 151 51 251 219 26 123 169 84 235 174 241 41 230 219 3 32 36 13
    119 212 196 25 163 145 225 189 153 200 59 126 8 138 177 90 49 168
    177 101 105 247 252 224 25 142 3 155 243 252 106 120 255 173 30 82
    236 222 2 97 25 7 8 178 43 191 72 100 104 244 253 108 245 17 71 190
    0 116 180 23 250 245 168 183 177 163 48 238 131 255 219 143 208 188
    158 98 115 142 232 191 159 59 27 68 175 159 88 159 165 40 83 149 152
    180 23 113 140 94 249 215 1 205 108 49 142 114 53 62 11 7 67 10 160
    181 95 242 137 113 77 55 159 37 174 175 167 172 27 181 202 135 78
    182 6 19 234 71 163 71 195 131 57 102 46 121 168 214 36 141 228 78
    78 203 134 227 139 12 150 232 147 41 142 183 205 107 89 170 72 168
    160 13 40 57 67 120 101 182 201 143 98 21 228 206 202 190 186 7 199
    192 105 241 140 79 38 148 164 120 208 183 54 238 209 236 101 168 219
    16 255 164 52 201 172 6 247 234 90 152 171 188 172 61 158 76 136 223
    80 180 164 151 94 94 157 86 141 36 211 25 42 218 18 148 0 180 123
    140 69 245 7 47 221 226 94 166 100 174 110 75 101 153 180 43 79 243
    96 109 10 213 179 86 69 49 240 117 224 73 126 202 55 102 254 95 34
    190 92 85 24 203 154 74 250 49 69 84 120 15 230 209 187 232 55 139
    28 64 191 72 44 247 39 59 9 245 132 126 133 106 136 154 61 185 240
    83 238 61 231 162 118 113 243 232 136 106 101 24 67 69 134 5 56 231
    44 47 119 33 79 97 241 129 16 25 244 6 145 45 44 212 180 11 198 20
    33 102 78 117 103 192 210 20 163 87 189 227 173 199 151 171 91 132
    144 254 186 226 158 53 137 209 131 124 215 92 228 83 255 76 122 48
    142 158 168 124 253 150 219 215 52 244 28 19 218 210 175 59 156 82
    151 121 183 169 32 243 116 25 218 162 10 178 172 67 186 109 250 139
    108 69 157 194 76 189 78 169 55 84 180 2 105 194 83 125 28 144 234
    219 134 161 80 93 165 208 216 56 222 44 64 156 37 184 157 61 39 92
    255 38 145 186 245 247 221 101 63 62 197 227 180 12 16 233 253 148
    181 172 78 234 249 155 226 252 11 158 168 0 34 146 163 189 47 94 232
    144 5 69 246 242 174 157 15 27 67 46 3 98 175 139 190 115 90 123 146
    124 129 223 207 126 199 93 25 201 130 101 51 1 248 154 67 154 35 12
    196 143 207 178 142 232 181 141 19 89 97 90 159 35 88 10 109 144 253
    160 117 189 156 133 42 38 76 105 113 168 162 37 221 30 105 177 102
    144 236 105 99 217 56 164 243 44 94 52 156 118 28 142 19 41 39 18
    161 182 229 231 189 211 210 223 140 80 129 90 17 242 178 214 136 182
    140 248 233 60 192 155 183 87 109 19 185 253 66 128 160 48 26 166 38
    110 148 17 76 127 209 162 1 130 41 101 231 186 7 149 81 228 134 248
    200 161 3 24 87 224 236 216 79 223 180 168 161 117 56 216 102 217
    233 213 123 43 251 235 183 197 84 4 97 62 164 200 221 36 156 176 26
    178 78 53 123 1 156 51 85 15 161 17 29 97 47 73 113 102 163 61 119
    184 198 141 242 199 39 76 232 2 234 137 3 58 53 163 224 69 253 169
    48 84 78 102 169 76 69 38 4 144 38 68 72 200 75 9 47 230 55 247 26
    226 199 124 103 64 96 240 134 225 3 183 78 100 112 223 72 40 217 33
    22 159 115 207 107 121 70 104 1 127 53 166 89 112 145 204 250 200 52
    187 137 19 174 37 119 59 155 6 254 78 226 88 73 84 77 132 116 196
    197 222 101 52 138 103 29 218 138 18 246 65 80 149 64 208 41 124 234
    154 181 213 53 203 253 219 131 71 199 230 138 201 1 107 254 110 194
    7 1 202 202 70 106 142 207 229 31 137 234 62 41 81 171 205 127 207
    45 55 80 27 186 190 194 11 7 218 159 255 131 203 175 72 144 194 176
    199 41 150 17 208 214 102 125 91 167 84 25 122 103 6 139 134 128 218
    167 214 119 7 6 148 172 17 144 11 180 178 84 179 20 5 237 39 31 99
    11 134 232 91 31 55 191 135 216 39 138 49 105 240 152 238 221 25 211
    136 121 182 1 88 171 77 23 190 235 156 94 138 178 166 139 252 200 67
    231 218 94 207 92 95 240 176 57 138 255 62 55 29 11 48 80 144 91 226
    191 60 169 114 94 252 155 195 135 140 2 145 209 61 90 193 7 157 123
    174 43 35 198 198 185 244 30 92 245 67 33 196 231 50 52 241 235 27
    195 168 167 66 38 124 224 251 4 120 196 68 29 18 82 7 91 71 8 214 33
    76 105 78 65 192 57 76 138 17 163 227 86 223 7 63 140 81 149 164 38
    143 241 26 231 176 190 33 146 236 213 122 15 202 126 79 238 88 230
    219 255 5 12 107 223 113 214 249 106 55 253 120 226 106 96 235 162
    213 10 46 169 173 39 100 10 9 242 226 34 117 136 193 114 99 17 244
    97 21 221 230 212 159 115 171 183 144 94 254 196 226 243 12 136 63
    31 119 6 140 209 43 142 142 83 120 183 84 212 210 92 209 197 238 122
    167 198 69 164 122 23 219 136 239 93 245 168 241 57 112 167 41 255
    240 78 33 0 140 109 83 199 48 184 51 162 164 238 89 235 81 2 115 48
    136 207 139 76 155 28 43 16 31 116 30 202 201 74 103 87 8 51 107 63
    255 202 165 146 80 24 59 18 80 207 154 154 70 204 149 126 122 77 255
    138 126 170 181 228 148 32 211 187 34 32 13 62 131 112 113 14 124 34
    90 67 88 197 96 39 21 188 16 8 12 247 189 144 233 127 187 145 44 248
    124 242 39 111 0 13 130 135 190 186 229 52 114 79 90 112 92 214 153
    128 63 66 127 209 187 210 204 55 217 179 170 50 158 46 187 174 2 214
    90 240 230 186 61 200 165 193 93 105 42 193 84 161 18 180 133 179 26
    12 188 20 209 128 130 96 48 41 116 124 30 126 221 200 206 223 125 18
    113 182 241 204 91 88 188 234 16 140 168 174 98 61 80 220 144 210 91
    87 18 50 24 19 21 128 115 49 171 74 186 136 80 46 48 154 51 18 17 18
    94 73 198 198 126 58 197 161 177 81 22 205 179 194 228 211 247 58 40
    215 137 230 162 142 157 59 223 213 188 43 186 252 197 159 216 144
    167 90 205 140 166 215 162 141 80 107 37 236 231 243 254 35 141 148
    31 179 117 58 73 127 140 121 245 178 93 88 122 240 6 136 96 57 251
    178 11 197 136 199 20 164 207 130 133 11 250 234 218 108 205 12 30
    248 160 206 33 120 9 126 52 142 81 230 127 11 50 98 229 152 255 235
    99 83 176 231 47 150 89 143 165 57 209 156 113 87 20 156 106 161 124
    139 61 166 186 165 99 91 218 47 246 180 241 85 100 149 93 219 241
    240 96 185 8 150 254 82 77 196 178 17 29 160 83 10 36 8 124 78 23
    207 221 242 171 146 132 206 215 222 125 1 2 106 68 163 130 56 155
    221 197 46 59 37 95 64 198 136 253 205 30 6 242 206 193 116 244 6 23
    230 223 74 219 107 33 113 133 88 132 83 172 71 214 127 90 52 103 112
    35 22 100 219 247 53 21 14 154 232 58 37 247 172 206 183 225 143 217
    23 82 92 192 35 91 252 133 8 41 64 227 138 87 69 11 217 53 228 88
    181 252 17 61 201 244 43 54 183 214 16 78 15 39 66 227 239 247 20
    230 95 119 228 128 18 175 148 170 111 10 238 43 133 155 16 132 225
    252 30 221 160 173 112 82 102 109 88 92 207 73 206 217 141 118 23 84
    10 238 171 243 139 183 198 151 156 208 61 134 134 144 168 47 121 150
    160 239 167 196 116 228 132 42 20 42 201 100 64 165 72 159 194 9 58
    93 42 56 62 7 114 190 227 52 250 151 159 120 196 86 209 55 211 168
    239 209 104 207 179 11 207 120 103 148 202 219 12 30 205 175 30 124
    184 10 198 175 16 9 134 207 191 234 32 86 131 67 79 174 243 130 246
    78 214 8 26 181 110 118 171 237 83 58 47 252 29 84 76 198 210 177 49
    3 49 51 174 74 165 225 193 92 204 222 219 65 41 98 230 103 6 255 233
    70 56 49 254 57 67 210 130 50 74 187 37 111 81 44 24 231 226 32 204
    43 29 82 103 142 43 4 102 252 190 36 69 136 54 60 108 31 113 245 241
    186 137 235 165 220 253 221 144 44 65 225 187 82 124 79 169 117 77
    141 24 18 50 115 166 3 226 25 231 93 204 143 49 92 62 163 206 34 151
    49 220 218 91 33 177 81 116 255 113 226 10 169 1 123 133 249 123 151
    243 62 89 147 84 10 135 189 59 212 211 25 222 218 167 7 101 1 224 59
    62 158 145 46 16 253 51 93 198 171 253 178 189 184 113 135 118 94
    247 128 246 6 147 197 227 249 8 23 59 230 112 133 129 53 77 198 123
    99 218 62 91 89 145 76 253 206 147 149 214 176 84 83 31 228 103 103
    154 147 182 179 148 145 98 135 58 74 215 73 238 86 172 27 193 71 134
    246 222 62 83 74 154 110 65 144 41 236 76 160 168 47 79 100 74 10 80
    160 90 145 150 208 51 183 178 240 141 99 166 203 21 37 27 78 255 46
    13 202 200 21 47 226 192 254 105 235 177 209 61 188 221 156 89 57
    208 22 23 78 84 87 134 79 70 153 106 56 41 228 199 66 37 1 215 253
    128 136 180 112 57 248 137 7 4 72 187 177 28 26 181 254 180 72 105
    53 111 245 132 8 88 187 55 226 55 67 139 198 222 229 85 74 223 230
    105 129 75 224 97 35 183 102 131 147 53 92 51 69 251 234 192 40 139
    34 72 113 79 21 231 161 32 80 143 228 101 116 117 174 66 8 24 151
    188 211 140 211 182 170 42 135 186 219 157 231 111 80 252 221 166 87
    225 114 97 3 208 218 153 99 180 57 24 192 102 146 36 211 41 50 108
    245 28 134 118 74 67 166 95 205 131 169 186 29 45 203 60 191 105 135
    217 175 223 35 38 194 116 233 195 219 199 255 191 232 42 39 127 230
    184 102 38 98 152 107 5 22 223 124 103 14 204 209 144 109 250 231
    245 151 8 42 22 185 88 149 114 120 55 42 94 184 159 190 86 190 155
    206 4 159 180 44 206 202 226 98 215 161 85 53 239 167 187 174 211 37
    207 116 181 33 22 12 226 232 182 28 155 237 138 38 200 134 77 248 23
    189 190 190 155 221 4 248 248 154 0 252 132 21 126 103 237 222 25
    237 43 33 231 28 188 177 91 58 138 181 155 182 182 188 214 238 240
    207 59 209 111 25 107 225 113 171 59 206 158 246 7 165 186 154 141
    15 252 140 44 66 154 253 91 177 40 1 188 89 126 139 159 234 6 134 51
    152 102 53 214 141 98 33 182 232 37 214 174 54 163 187 105 44 1 71
    213 233 3 150 26 57 218 135 138 56 122 129 248 157 86 112 161 137 15
    128 25 93 99 70 172 16 56 202 151 218 56 147 20 81 2 148 125 110 33
    144 66 140 82 103 154 19 121 245 45 223 102 208 130 49 112 94 57 119
    156 252 85 197 210 74 13 180 108 75 126 197 161 43 71 108 215 54 201
    52 18 11 250 15 197 99 170 174 34 68 54 44 124 31 54 20 79 179 173
    194 185 253 42 131 254 237 27 37 11 166 212 96 55 252 53 173 203 25
    20 92 143 178 174 7 37 140 91 174 99 236 83 147 157 96 34 243 200 68
    53 56 238 136 171 100 201 232 186 189 169 236 104 20 131 165 49 13
    26 211 249 109 173 169 150 24 74 199 184 253 218 113 87 49 53 148 33
    233 249 54 132 24 194 177 197 183 219 30 251 103 129 234 215 158 245
    16 179 198 85 232 224 32 176 157 59 136 4 62 129 206 74 116 31 179
    170 126 169 63 86 131 35 146 104 89 19 81 146 76 163 244 113 69 138
    75 108 46 75 232 190 59 184 123 195 40 81 185 178 28 229 7 28 119
    142 28 85 99 44 173 208 213 193 211 69 171 95 1 116 149 75 216 134
    183 160 214 75 196 248 84 78 130 54 76 77 73 29 2 36 81 88 84 113
    252 188 76 98 0 155 254 147 254 187 53 194 253 220 209 64 92 157 63
    231 102 20 214 186 139 32 153 203 40 173 243 138 138 252 193 203 220
    178 241 86 207 112 86 199 121 33 65 214 102 50 145 196 84 143 7 219
    226 105 2 223 70 23 14 120 46 137 8 134 66 134 31 80 109 57 94 206
    19 198 104 135 102 118 124 189 10 25 15 255 6 86 123 94 226 117 229
    85 18 225 201 101 154 79 166 50 29 112 226 116 197 63 116 2 64 250 6
    8 214 191 45 155 156 255 107 78 58 14 240 113 206 6 51 69 252 177
    206 26 196 248 5 43 81 99 170 47 69 164 183 211 71 247 230 188 2 113
    109 34 141 181 166 33 61 42 206 47 78 18 8 54 50 112 242 122 147 234
    142 207 168 80 178 249 70 246 197 24 91 66 85 227 111 177 104 110
    140 189 120 219 214 77 137 244 154 27 244 242 208 49 61 204 238 4
    112 82 161 21 232 22 135 9 254 63 52 21 11 244 136 225 123 167 254
    144 45 160 176 94 197 65 133 144 247 77 241 144 17 113 129 254 166
    164 132 215 85 10 129 2 217 34 242 179 54 232 195 120 18 20 61 158
    151 110 175 162 151 16 58 75 37 70 154 95 233 236 52 201 1 124 187
    181 105 82 163 217 173 114 81 89 252 124 38 160 137 90 119 92 220
    116 176 95 114 41 228 53 27 87 201 86 52 56 116 12 138 215 58 247 65
    117 176 48 120 239 249 230 138 194 29 11 62 72 86 97 130 97 88 13
    244 196 138 0 232 249 146 148 56 12 1 229 238 77 159 43 253 204 255
    234 117 249 211 206 4 252 108 173 0 244 67 153 14 13 48 248 240 179
    254 161 221 215 68 140 77 192 164 238 85 182 197 123 123 175 145 105
    251 153 216 69 127 90 38 241 116 198 122 209 238 121 239 201 206 155
    54 220 57 190 230 99 204 230 37 0 175 206 135 128 116 86 162 43 223
    126 245 158 75 67 216 144 191 208 18 28 233 98 236 82 209 37 12 210
    60 213 241 253 58 79 92 214 152 173 197 183 86 16 33 104 70 230 250
    225 251 224 13 187 13 222 115 13 62 118 252 71 65 44 228 167 16 67
    212 237 153 107 248 3 49 227 151 210 210 118 179 91 37 35 219 117 50
    62 46 48 134 60 115 244 129 233 154 0 154 43 37 74 149 122 204 48
    228 198 245 197 219 28 242 200 76 238 121 124 63 0 123 11 122 80 28
    148 183 82 98 197 96 26 125 238 112 71 30 239 250 88 163 8 239 177
    48 127 19 194 231 38 78 152 30 203 36 67 4 245 15 122 245 98 120 93
    20 75 161 93 111 111 229 60 252 182 42 106 209 241 127 13 4 240 229
    98 32 54 224 198 156 186 119 43 165 16 22 205 129 53 14 166 239 33
    222 228 232 161 164 90 37 231 18 171 224 68 33 16 130 252 243 23 59
    92 208 109 59 182 141 207 105 249 3 84 207 5 183 179 47 238 206 19 8
    72 8 160 164 70 91 1 35 212 109 55 202 148 65 193 222 12 144 108 183
    188 163 232 16 146 175 138 189 29 224 163 190 172 64 2 201 233 255
    74 252 18 14 40 81 174 162 22 132 175 138 80 209 26 186 238 123 42
    45 171 240 159 245 170 222 50 128 44 51 30 24 139 9 29 83 196 90 107
    146 51 13 32 195 252 125 228 57 2 189 224 125 193 215 128 127 165
    242 7 89 126 172 100 151 98 53 251 177 70 255 97 191 32 120 93 174
    180 99 145 62 221 57 158 61 53 16 158 42 231 170 60 91 28 175 162 6
    226 7 112 188 17 243 121 150 197 65 173 9 101 38 154 250 10 204 27
    187 120 56 119 232 148 222 119 10 195 251 154 203 202 245 141 202
    177 69 191 193 82 217 102 236 190 119 30 169 184 82 127 208 29 199
    61 161 67 246 187 18 24 77 108 138 2 5 30 149 247 40 213 32 148 31
    142 164 160 24 6 169 122 67 181 164 131 146 26 247 208 195 167 131
    50 3 22 165 222 148 17 175 13 222 249 245 199 20 153 35 138 187 131
    106 247 205 38 20 244 141 61 42 104 124 227 214 17 43 141 228 76 215
    187 102 218 37 238 32 15 49 54 70 154 147 182 109 10 52 50 171 193
    239 239 2 138 6 153 133 214 201 80 180 9 247 108 198 133 10 220 21
    24 137 207 33 189 54 58 166 88 166 189 178 25 21 150 35 242 120 128
    132 152 131 218 49 251 47 82 150 89 248 224 206 86 245 127 252 88 1
    167 209 72 144 141 79 83 45 89 231 161 180 148 98 165 253 159 167 42
    47 138 14 149 148 133 239 36 228 113 250 225 139 205 192 184 209 90
    92 223 53 229 81 245 48 57 122 217 251 223 151 67 108 17 54 121 186
    79 249 207 87 111 226 205 114 2 253 19 177 132 136 113 72 175 150
    109 224 13 124 222 8 71 155 126 91 34 64 17 144 78 245 144 93 40 33
    109 48 19 92 169 91 116 167 219 82 222 41 197 28 1 203 223 12 64 113
    100 21 55 41 244 152 218 122 193 230 179 129 9 214 228 219 88 60 179
    247 43 133 58 236 19 204 144 57 139 128 83 196 8 77 0 120 87 155 38
    65 134 183 91 112 109 133 181 20 22 9 120 220 204 214 178 168 154 39
    12 18 97 31 71 250 32 251 72 10 250 13 138 95 252 120 75 201 81 147
    101 79 209 8 18 222 151 58 138 150 202 35 144 224 232 178 41 148 21
    242 171 138 184 168 45 100 171 167 200 221 30 183 231 142 200 13 81
    40 133 189 74 154 23 87 9 145 148 231 82 147 143 61 220 186 83 127
    118 181 94 178 126 92 98 11 7 65 150 251 124 90 199 194 37 87 67 12
    133 16 81 140 239 89 45 201 146 54 111 151 209 86 118 141 252 114
    122 178 204 156 113 72 139 212 89 167 80 14 41 131 224 244 27 168
    118 112 26 35 192 187 148 56 137 227 180 16 186 246 163 136 171 240
    202 182 232 51 149 5 223 154 64 34 224 53 181 124 238 203 64 86 84
    110 229 165 39 236 240 14 12 165 52 71 80 46 83 112 132 96 229 184
    242 53 177 250 238 174 162 188 39 158 172 215 0 145 108 152 33 74
    117 112 114 146 45 138 163 70 133 236 232 39 161 151 203 243 45 182
    233 176 17 29 17 164 27 236 165 81 230 221 135 60 34 145 229 162 37
    109 40 6 143 76 219 49 167 250 85 38 242 41 188 102 67 2 77 175 77
    184 254 122 248 251 41 236 127 246 97 47 193 227 42 50 38 20 107 150
    24 67 91 63 0 225 71 25 248 226 65 101 32 170 228 162 131 235 201 10
    56 182 41 253 52 14 87 39 195 193 47 8 6 14 239 134 220 40 45 3 54
    171 141 71 9 27 29 10 194 126 49 75 216 172 128 63 129 217 240 79
    183 194 216 255 13 126 82 82 118 73 68 179 223 204 241 28 9 200 99
    196 134 180 137 80 141 41 156 97 112 126 247 83 210 179 199 249 20
    201 113 254 194 229 87 191 208 58 196 232 92 67 37 173 233 240 220
    193 131 124 9 173 223 143 192 181 156 228 213 168 44 206 102 98 36
    21 76 154 129 180 109 230 239 216 117 102 88 59 195 93 60 226 150
    103 39 99 18 141 229 197 28 50 26 8 207 41 50 167 54 17 237 199 163
    140 86 171 186 176 192 111 24 26 203 53 204 163 76 189 10 93 180 43
    42 158 13 194 17 248 105 159 79 129 110 117 39 187 89 71 107 133 90
    197 43 47 167 121 142 7 187 106 115 74 36 97 33 254 1 246 236 229
    172 65 18 23 78 145 102 158 22 61 196 66 37 122 78 113 191 183 38
    238 239 30 115 244 0 28 55 29 223 36 7 69 180 76 191 172 54 158 94
    61 83 40 175 227 137 135 95 49 155 85 166 206 247 13 160 206 117 94
    212 119 109 38 252 45 99 14 188 207 239 128 221 117 235 19 198 79 50
    108 145 184 219 51 47 208 143 75 197 0 251 134 255 61 219 168 178
    157 47 46 75 50 100 26 73 136 155 252 112 39 86 95 103 18 35 52 81
    158 72 69 203 100 141 106 249 241 164 144 99 26 159 155 212 235 11
    142 52 220 190 40 97 110 39 129 216 206 155 148 9 202 121 179 145 27
    54 28 203 146 127 245 221 163 16 208 53 61 120 233 103 134 44 208 59
    95 118 23 1 55 215 18 129 4 173 142 147 55 132 161 225 244 47 16 167
    167 145 5 209 152 81 165 147 70 30 28 210 149 246 52 231 90 132 215
    85 224 135 244 84 55 248 118 165 210 227 141 40 244 84 199 149 215
    44 3 95 178 21 158 210 238 72 129 127 179 46 16 73 202 220 98 126 97
    130 206 119 231 171 234 18 128 196 171 7 154 50 139 39 157 212 87 11
    181 168 162 249 10 123 35 143 110 15 129 57 154 244 225 14 249 95 20
    144 12 159 158 102 50 68 95 169 196 18 233 16 177 193 214 237 254
    253 63 138 108 21 222 157 130 211 153 120 143 196 225 200 255 219
    248 131 167 168 89 83 242 237 203 182 37 96 93 80 220 225 49 114 206
    65 93 195 77 213 133 226 73 211 28 110 15 57 118 5 247 55 39 236 33
    150 65 119 132 23 190 212 223 7 166 239 147 95 181 87 241 194 156
    102 146 60 223 103 212 24 148 30 21 239 72 88 38 128 32 243 50 55
    202 191 39 45 80 162 245 58 44 247 214 232 55 58 252 230 147 113 176
    13 147 210 250 255 124 100 174 70 152 62 106 6 140 171 77 66 188 90
    12 126 75 232 33 104 162 65 216 122 254 215 172 233 63 148 233 166
    164 116 142 63 20 150 227 200 108 86 123 104 85 91 159 110 209 202
    199 41 168 131 241 177 95 1 53 168 135 209 136 28 185 99 181 1 235
    11 217 20 22 125 147 88 226 209 195 171 145 104 83 92 161 99 241 182
    213 208 27 85 4 172 170 130 60 73 180 162 137 193 214 183 156 122
    185 49 142 174 82 170 53 186 229 85 105 10 49 2 66 212 19 168 148
    221 57 106 79 183 91 17 20 18 236 48 166 150 247 23 5 227 56 193 86
    150 124 89 9 21 138 183 69 39 133 205 15 110 89 185 232 250 10 56
    102 12 74 162 111 113 34 13 91 70 231 228 0 143 95 230 160 79 1 3
    109 153 157 23 226 40 58 59 97 132 153 228 158 176 126 17 162 82 207
    17 96 240 226 53 182 196 183 22 171 65 75 225 65 88 114 206 213 69
    16 211 211 252 64 217 141 127 232 10 122 66 200 36 197 181 33 120
    155 100 194 113 234 69 35 253 115 181 80 218 213 104 24 194 108 181
    157 253 223 142 29 231 100 101 56 156 0 126 35 157 138 60 154 118
    251 5 199 117 75 21 222 164 68 205 147 170 184 71 195 213 103 96 14
    106 66 180 122 4 138 192 150 83 242 221 166 166 105 254 245 105 166
    117 112 58 122 85 126 240 5 239 174 177 33 52 181 42 162 66 169 54
    242 93 169 22 206 194 129 37 129 245 18 60 51 120 204 52 187 168 70
    89 126 15 59 177 78 227 224 249 39 36 191 230 189 57 91 142 183 165
    41 202 13 213 174 164 24 48 28 107 17 78 77 203 161 115 66 236 151 1
    20 31 172 84 169 132 53 230 210 62 23 96 243 130 30 131 63 102 208
    234 141 97 85 116 176 93 118 13 102 61 250 75 21 216 172 182 70 203
    40 201 69 175 146 41 123 219 142 22 200 136 10 116 81 170 102 26 40
    234 85 142 9 156 90 66 102 12 31 74 29 35 116 4 118 4 33 26 238 106
    95 55 218 171 252 9 2 42 172 202 154 169 37 207 124 37 126 89 142 49
    208 105 135 54 6 190 115 57 41 109 92 201 101 120 160 104 87 40 242
    96 0 149 237 9 46 106 233 76 115 141 32 0 141 41 219 25 153 183 115
    149 42 14 63 22 204 230 51 254 208 127 14 130 211 166 175 154 242 92
    107 236 34 174 177 166 65 127 232 232 114 130 239 236 13 21 182 76
    124 138 54 21 186 191 150 106 13 130 96 233 147 137 159 112 196 127
    235 61 196 57 14 60 87 134 44 44 24 139 86 131 32 201 233 62 27 151
    37 220 196 102 142 183 117 188 4 61 47 2 219 161 45 245 34 81 99 56
    53 59 96 113 237 251 96 197 40 202 122 60 216 48 56 24 229 93 227 44
    118 168 8 185 227 150 13 132 199 225 44 39 97 163 23 187 182 18 247
    197 148 86 26 232 76 252 230 174 30 59 94 192 24 252 135 58 210 11
    64 228 135 230 130 64 202 197 210 132 99 160 253 77 187 159 24 2 69
    145 97 93 78 187 0 251 233 30 54 25 215 43 207 48 107 135 103 48 132
    115 19 24 140 214 218 242 121 83 81 161 96 47 188 110 10 180 186 94
    112 159 194 80 98 221 174 131 108 21 224 125 169 155 79 248 50 175
    245 252 103 200 113 98 18 77 151 231 238 146 155 85 202 177 11 27
    163 248 239 87 241 197 221 110 91 45 203 155 199 65 97 101 252 237
    72 33 185 17 53 148 153 32 187 4 139 140 73 90 228 177 4 59 22 186
    163 29 46 240 0 206 211 30 251 48 216 183 107 204 12 29 245 81 41
    190 253 137 197 7 4 88 190 119 116 70 254 217 246 167 215 3 198 255
    78 5 2 110 115 135 90 234 176 245 228 81 9 99 134 151 100 110 45 74
    138 176 2 21 54 164 68 70 236 26 217 23 96 54 28 104 124 121 225 114
    189 206 66 25 1 10 121 58 136 192 86 158 105 217 3 22 57 88 156 43
    79 171 153 45 230 127 251 15 102 25 27 88 246 8 123 11 248 140 63
    225 22 114 41 92 52 77 148 222 104 24 209 196 117 243 9 38 209 12 48
    86 46 98 39 183 97 131 103 111 115 37 84 96 87 204 25 89 167 254 217
    99 76 149 126 253 240 32 54 153 58 126 187 123 197 187 251 43 253
    201 233 150 192 124 40 70 24 249 106 171 229 154 114 225 229 174 245
    188 108 60 53 33 55 235 66 24 162 64 80 30 12 2 134 39 143 248 95
    156 214 157 99 18 68 157 59 253 48 127 182 151 221 251 176 66 116
    169 209 178 225 113 240 100 185 216 52 153 197 238 72 91 236 163 59
    244 202 236 81 234 218 157 81 184 184 218 26 175 128 103 166 255 60
    234 211 120 119 219 136 104 118 205 171 193 86 31 147 70 155 222 213
    104 236 162 5 2 15 198 246 95 150 127 226 117 149 208 40 69 196 96
    61 155 133 61 30 192 25 188 61 197 87 225 154 208 30 23 223 134 74
    50 83 21 94 24 178 148 29 46 49 210 23 93 21 60 254 55 82 152 155
    252 162 208 117 44 232 19 28 137 95 163 0 8 243 68 138 80 3 68 160 5
    25 181 102 37 123 100 167 252 252 63 239 160 31 172 27 163 86 85 85
    18 4 201 170 165 235 154 43 238 8 102 24 147 67 75 86 241 95 232 154
    200 57 43 82 223 17 120 123 29 40 41 255 194 171 252 80 72 200 119
    12 184 126 98 39 131 59 57 28 90 39 174 239 43 198 137 176 98 109 5
    130 2 90 210 179 174 189 153 243 83 0 142 228 18 93 82 64 99 192 69
    146 47 132 220 46 247 32 36 185 25 9 99 198 109 221 18 53 50 221 145
    52 163 100 2 137 226 73 26 38 234 134 19 75 237 169 120 132 206 203
    141 136 155 81 130 99 55 78 54 10 198 53 102 78 210 206 106 172 199
    183 219 171 30 76 210 87 196 250 175 51 32 16 63 254 123 72 178 123
    78 113 207 187 254 237 16 121 101 252 83 158 129 75 36 20 120 102
    229 248 142 142 166 250 142 87 240 201 155 191 64 228 37 66 152 7 78
    34 249 41 137 226 142 4 34 146 103 9 103 84 39 124 10 214 250 165
    221 17 109 81 237 65 130 122 232 12 222 72 97 190 142 27 33 26 187
    95 130 227 65 153 120 30 97 193 151 95 185 112 33 24 228 160 31 50
    172 211 246 191 193 213 110 219 154 161 163 187 66 146 146 101 254
    54 124 74 250 131 31 237 108 156 5 102 144 30 59 44 3 148 127 255 98
    42 218 208 116 104 202 220 20 0 96 197 51 125 206 16 14 124 110 121
    39 117 8 160 222 193 252 151 40 62 170 15 96 99 234 17 236 206 102
    219 25 217 124 241 156 17 190 48 143 193 204 199 71 15 79 86 248 225
    55 62 86 177 75 58 23 186 8 189 223 236 126 14 68 192 191 176 248 90
    162 77 131 251 242 31 60 253 70 79 39 101 115 29 252 110 25 192 160
    222 124 227 87 198 160 176 206 175 253 6 23 4 223 223 88 139 187 77
    228 243 245 243 31 161 105 213 99 244 162 202 131 0 48 202 93 183
    207 66 42 177 249 235 61 238 99 81 192 54 224 112 96 89 27 230 162
    197 182 252 169 214 146 255 206 95 102 69 3 240 147 104 249 228 161
    135 26 114 143 222 37 238 166 242 98 174 138 83 125 129 70 170 68
    110 154 49 83 17 135 80 66 169 128 60 193 235 207 3 148 119 117 197
    207 69 243 244 57 119 235 26 125 5 221 152 190 83 159 253 68 182 153
    197 28 144 42 218 240 74 230 81 220 253 152 6 141 94 181 84 163 16
    191 85 94 92 39 143 251 72 138 238 90 126 54 116 136 196 116 204 22
    214 185 178 21 157 186 158 24 138 132 11 114 194 104 138 78 238 130
    64 190 58 175 226 117 149 224 97 76 247 46 168 228 217 21 150 25 211
    80 114 128 62 124 117 158 139 96 115 191 1 147 181 28 7 78 215 53
    122 195 37 117 43 185 77 173 169 115 211 126 40 20 162 144 182 128
    244 132 122 60 94 72 16 83 5 216 102 164 113 182 85 131 152 41 34 68
    149 245 46 219 225 45 139 194 12 145 24 131 110 78 168 173 147 220
    25 59 83 130 226 167 39 224 251 218 119 214 235 137 128 159 201 122
    41 89 205 138 61 16 169 245 253 133 126 151 66 174 61 216 32 105 242
    177 230 198 176 98 83 156 251 166 156 228 104 19 14 90 210 86 86 90
    79 137 244 15 100 236 177 218 70 192 114 117 33 24 35 236 59 243 182
    37 172 200 182 33 247 236 164 39 19 50 143 13 58 228 19 201 66 108
    117 243 91 207 174 66 132 83 127 80 218 42 107 16 230 65 119 31 57
    103 170 112 150 101 29 10 97 243 153 128 89 0 208 117 227 105 222
    212 248 151 190 188 90 3 171 136 169 78 39 51 207 239 18 203 192 41
    6 255 9 130 143 99 250 172 104 18 147 28 13 85 50 237 150 230 195 92
    103 129 192 86 129 162 221 207 85 52 95 30 181 23 114 3 243 171 158
    140 222 17 214 150 178 20 68 171 76 95 188 30 8 121 254 197 225 234
    132 203 66 187 100 223 144 254 242 120 63 135 0 176 169 254 28 218
    215 100 224 201 158 45 46 150 47 64 23 199 126 154 237 169 216 148
    24 92 81 153 117 160 9 238 31 75 229 110 29 48 119 108 61 174 239
    174 73 183 239 231 78 229 216 63 84 198 65 62 128 40 218 74 103 55
    14 126 231 222 233 30 246 5 108 195 15 149 10 78 140 168 64 24 171
    76 214 89 65 196 158 255 77 166 53 253 23 95 60 32 43 71 85 63 33
    224 177 190 184 207 40 154 220 205 31 229 129 211 123 158 239 176
    143 246 4 137 137 223 79 38 112 114 38 162 103 165 120 2 20 176 67
    218 169 25 14 107 70 249 183 126 123 249 159 168 150 233 224 123 38
    220 140 64 12 218 29 116 96 153 9 156 64 201 233 253 207 139 5 114
    208 220 114 127 11 171 162 171 234 195 203 215 69 58 191 199 30 202
    62 193 245 52 178 99 150 125 32 235 150 60 109 88 123 17 158 207 151
    247 243 7 14 154 196 167 132 190 105 22 175 124 250 41 24 137 205
    206 155 176 168 181 115 40 146 187 95 115 207 229 110 71 253 85 6 51
    112 81 8 248 249 67 220 163 159 107 176 119 169 165 137 9 149 94 24
    139 222 5 114 131 27 33 61 67 167 189 76 17 167 219 163 15 212 201
    55 225 113 122 145 121 203 74 61 118 97 117 41 216 18 192 138 199 62
    38 190 249 213 74 249 132 200 86 70 78 26 41 121 222 173 46 238 36
    118 47 170 121 187 94 218 178 59 2 42 93 2 188 117 68 159 225 35 195
    205 231 9 120 238 31 245 45 27 80 229 118 23 106 37 94 238 159 113
    252 179 215 38 20 141 58 200 64 211 110 180 10 77 240 166 30 234 155
    199 134 223 228 102 161 4 236 26 246 163 104 210 151 216 35 115 227
    82 91 189 14 66 35 116 147 89 253 180 87 66 85 239 138 123 231 156
    59 12 221 164 167 100 9 175 141 121 66 165 11 183 9 85 122 184 32
    104 97 218 26 161 214 133 88 200 217 227 26 235 108 46 216 161 133
    215 245 220 251 89 159 50 147 115 15 189 182 68 144 102 4 217 84 188
    231 45 174 214 255 243 7 137 89 9 154 81 210 106 106 203 188 207 70
    34 182 70 159 189 10 59 152 216 114 108 30 68 232 108 55 95 246 79
    110 246 150 134 26 163 206 37 247 254 14 57 34 5 162 50 23 1 3 13 85
    110 76 105 38 80 48 55 234 240 87 198 6 95 180 240 254 85 155 26 125
    235 62 63 182 155 22 243 48 20 56 28 84 113 137 45 143 57 59 77 208
    248 235 201 86 167 132 42 150 99 221 55 16 239 77 199 49 212 154 119
    202 21 111 253 211 146 117 92 188 178 14 148 73 122 158 237 229 231
    4 241 86 250 165 31 118 119 45 65 55 237 179 245 71 184 128 21 233
    203 6 174 158 23 80 104 181 178 230 148 4 101 209 191 168 217 158
    196 41 209 186 38 158 152 240 177 193 161 219 194 111 23 46 255 120
    219 34 212 116 208 55 254 202 75 13 254 234 23 15 94 31 54 200 11
    124 3 151 151 26 246 47 89 51 127 113 91 182 60 169 130 164 88 141
    38 107 47 221 89 192 180 177 132 162 213 59 186 127 0 127 109 177 53
    0 64 3 177 130 173 241 31 92 7 47 4 132 230 76 104 122 165 176 110
    90 247 14 241 29 0 186 174 178 103 52 202 111 86 99 200 234 34 180
    207 216 180 113 208 242 135 242 167 69 169 187 8 14 213 161 12 23
    178 160 26 2 193 14 87 115 148 135 164 199 30 109 32 154 61 175 113
    59 179 2 174 22 187 45 137 121 132 74 14 75 60 241 182 33 22 14 252
    214 158 161 102 199 4 211 221 32 32 150 157 160 250 68 245 72 30 206
    135 120 148 82 37 74 130 221 177 123 242 112 128 88 170 238 50 212
    231 103 241 189 219 69 59 238 26 80 106 75 113 151 139 220 90 71 245
    158 230 109 48 165 247 53 35 164 240 113 55 55 210 3 117 194 150 190
    69 111 150 245 232 68 180 183 227 243 238 134 14 111 167 76 210 165
    199 37 166 222 239 55 223 167 245 177 18 5 163 129 161 51 84 119 121
    77 150 99 161 239 82 192 219 226 25 231 130 132 34 192 159 191 175
    70 104 252 105 164 75 214 227 138 35 194 169 140 196 57 1 90 236 85
    6 157 77 24 213 177 141 190 240 133 74 112 61 126 141 99 235 132 63
    49 207 202 64 59 137 179 168 255 176 110 49 90 57 30 247 88 132 113
    212 9 171 231 243 175 187 106 187 230 211 85 61 148 6 164 65 233 210
    217 56 60 127 16 84 67 68 190 80 117 95 214 193 194 73 97 157 204
    146 8 152 64 215 235 153 163 27 162 195 122 178 100 159 30 162 175 4
    133 243 128 170 72 64 124 81 107 126 197 114 142 220 243 238 4 69 15
    234 70 166 252 207 231 79 94 114 190 180 30 44 73 56 194 146 146 25
    26 148 205 242 38 42 128 183 123 157 27 214 43 80 49 166 222 134 34
    194 196 10 76 209 233 187 159 215 55 239 52 243 234 190 52 240 255
    114 81 95 210 173 86 118 135 129 183 183 198 137 60 63 115 54 134 75
    83 231 235 229 60 218 85 212 113 48 121 50 27 86 46 8 86 180 178 198
    87 55 209 151 242 31 170 125 73 26 198 146 72 46 186 1 208 231 55
    195 114 72 177 204 77 105 77 143 2 81 48 209 148 105 171 69 20 246
    204 40 51 167 166 13 155 233 72 176 82 228 145 199 166 233 30 130
    200 17 241 26 28 52 177 229 17 18 23 141 157 209 206 55 230 47 152
    95 137 253 47 102 48 252 85 6 213 52 202 114 61 77 228 12 188 234 28
    84 87 59 172 104 116 205 166 229 229 166 4 207 223 135 198 171 160
    79 237 188 48 216 2 102 129 174 187 128 163 183 123 232 104 230 203
    130 89 162 26 75 119 172 143 230 136 39 108 147 241 104 143 239 92
    147 115 171 58 148 114 176 203 162 84 132 252 140 82 73 147 183 21
    28 1 37 30 91 22 211 247 101 96 132 21 109 173 159 137 139 126 254
    122 249 117 138 138 135 229 147 27 93 52 89 74 103 202 69 71 120 144
    113 165 131 78 243 115 6 181 137 121 7 206 76 205 140 64 65 170 98
    230 11 44 73 68 198 153 1 85 212 94 121 218 135 73 4 129 135 192 174
    102 121 211 156 61 248 196 65 180 251 199 132 110 138 57 23 184 142
    156 74 112 57 28 235 6 178 58 4 200 212 154 96 91 144 167 199 41 190
    113 165 236 11 174 184 111 226 235 180 42 27 47 62 11 157 31 180 101
    107 249 204 139 122 204 106 38 235 89 214 214 105 93 59 55 19 26 157
    162 54 141 116 35 241 218 35 35 157 112 194 184 166 140 219 89 232
    204 251 137 28 169 78 72 242 135 42 130 156 0 232 178 157 200 233
    121 8 154 214 79 91 198 35 58 121 154 235 96 46 225 24 90 235 210 91
    124 77 135 90 69 11 207 102 20 157 54 11 109 230 126 250 52 214 195
    51 101 111 49 203 173 241 15 130 114 139 178 21 210 46 20 36 160 96
    157 65 136 34 224 86 8 166 52 145 136 56 122 248 73 194 233 46 211
    190 46 180 34 31 10 169 102 67 135 204 8 189 94 86 5 40 27 14 13 169
    133 18 107 110 121 169 1 195 188 122 116 154 95 100 97 37 8 190 198
    112 250 30 120 235 101 88 142 227 156 46 240 108 203 99 118 152 86
    13 208 93 39 56 75 75 240 13 57 252 105 222 177 33 57 4 98 130 127
    220 41 98 157 246 151 207 4 53 34 8 198 59 33 65 169 14 7 243 225 63
    177 203 191 132 170 28 197 49 134 136 89 106 196 109 136 96 23 39 36
    210 39 125 204 116 150 6 195 4 157 72 87 251 89 169 190 141 137 210
    145 29 43 1 72 157 246 66 133 11 79 114 40 95 53 247 101 16 147 229
    230 156 169 167 224 98 134 111 90 80 50 75 133 190 85 199 130 60 173
    245 220 14 117 44 228 79 178 183 79 179 20 214 109 199 185 184 225 0
    205 138 43 194 217 149 174 45 198 7 118 33 138 80 164 217 233 35 249
    173 194 147 2 134 252 57 176 48 119 101 70 244 6 194 124 51 91 148
    66 190 35 152 75 10 20 22 230 179 192 96 110 218 27 120 109 181 115
    37 47 246 249 231 142 40 218 251 75 22 26 160 87 147 82 112 91 80
    222 119 17 35 19 3 152 253 186 18 207 252 194 182 4 182 124 92 193
    205 120 51 87 99 120 174 93 76 113 75 254 197 7 79 248 101 137 42
    251 252 119 112 219 149 137 94 171 161 72 92 73 35 29 126 11 210 60
    242 146 233 154 206 221 123 53 208 245 135 185 44 71 108 5 22 114
    126 237 141 51 187 149 6 215 63 108 44 37 82 54 157 29 98 18 96 230
    152 63 178 185 131 96 92 245 110 22 62 171 115 168 25 182 192 153
    128 139 115 51 81 181 14 155 165 20 133 7 180 65 38 69 177 245 125
    17 187 58 140 150 21 247 43 201 119 229 108 148 168 98 91 108 20 17
    255 41 196 194 144 68 56 230 238 159 4 221 161 204 216 54 222 117
    140 37 123 15 227 15 21 138 137 137 215 105 88 242 56 147 170 129 60
    16 98 109 27 48 157 206 59 103 117 68 134 72 98 107 158 86 63 31 41
    73 252 127 48 207 137 103 89 191 109 79 41 8 151 62 181 40 43 225 91
    101 170 21 185 182 152 177 187 29 42 67 155 100 97 14 53 77 252 100
    16 108 179 233 147 212 169 253 254 212 163 48 201 224 65 178 83 68
    34 169 45 185 11 193 208 181 39 225 21 178 63 32 213 75 220 233 253
    5 159 116 8 100 145 129 94 238 107 24 124 151 44 232 197 121 133 207
    61 160 237 105 123 137 127 88 127 93 35 43 197 58 156 188 169 107 36
    65 243 155 139 142 244 121 187 150 28 170 194 80 176 105 114 254 209
    196 247 255 36 90 247 174 19 217 152 132 161 197 66 199 126 226 60
    182 229 152 51 56 217 162 55 79 9 46 13 30 115 202 89 158 245 150 61
    64 13 214 161 107 194 245 151 77 104 13 23 159 142 42 236 120 193 76
    230 176 170 92 111 73 28 68 144 24 174 141 19 234 200 169 49 58 111
    224 205 229 140 54 149 147 117 157 56 99 59 125 2 108 41 31 67 136
    81 58 128 19 150 93 161 175 116 182 81 174 217 203 155 89 199 51 92
    203 66 24 126 118 26 37 192 17 100 255 39 196 0 47 38 236 35 39 226
    76 168 134 148 228 224 89 198 139 46 158 73 38 193 186 232 251 180
    186 239 233 173 187 36 31 33 101 112 22 49 2 210 80 57 121 222 118
    76 60 248 8 36 97 111 22 34 101 95 255 110 130 245 198 138 71 189 87
    35 67 244 171 50 63 51 240 160 2 126 215 2 25 61 180 0 46 132 147
    254 156 187 225 21 239 152 160 104 26 127 115 113 43 129 133 245 31
    167 195 23 47 164 252 173 20 3 249 133 81 174 142 82 66 137 213 70
    128 140 184 95 236 99 187 243 198 166 220 144 241 247 48 196 82 130
    148 162 89 209 160 8 44 184 204 225 112 35 106 248 134 237 95 211
    202 109 120 143 96 172 216 174 64 12 224 149 116 108 202 44 133 64
    187 169 103 36 110 239 69 174 81 84 178 121 190 132 128 152 18 141
    31 217 236 187 25 106 165 238 77 202 224 84 211 3 98 135 97 135 138
    220 253 69 235 251 113 97 97 250 147 205 149 215 248 53 83 76 28 132
    53 130 98 127 21 181 90 245 123 42 68 13 121 217 72 107 202 155 150
    38 0 87 224 46 234 218 211 36 196 250 249 26 29 242 175 115 4 133
    204 86 194 213 152 135 89 254 139 69 160 252 56 46 2 149 188 70 183
    62 78 121 70 108 240 250 172 34 31 178 219 233 74 27 184 23 252 106
    187 105 196 219 181 38 83 31 219 50 223 20 163 252 167 235 162 75
    157 83 148 176 199 137 28 55 151 192 153 139 183 53 22 204 144 97 12
    151 21 140 142 248 209 252 97 57 28 86 15 195 83 83 111 21 230 129
    38 138 101 44 32 38 181 77 63 57 191 163 9 84 119 194 55 142 41 195
    40 147 187 181 16 204 84 87 167 222 100 156 221 12 212 5 168 104 77
    21 119 236 125 75 83 133 78 51 131 252 65 223 114 75 56 123 175 60
    237 110 115 23 74 2 148 173 212 86 158 91 19 189 65 54 69 207 52 211
    7 230 207 186 197 37 156 226 248 80 87 21 96 114 128 162 239 118 145
    63 157 189 18 39 190 199 86 197 214 27 72 162 143 198 155 34 21 24
    110 154 230 137 87 2 39 57 26 71 144 178 254 197 243 171 99 241 192
    115 48 114 254 24 252 152 40 106 192 28 0 183 195 252 80 171 75 180
    91 208 0 236 227 70 214 165 55 199 128 150 182 177 107 157 4 88 170
    105 184 74 84 34 65 66 239 249 242 225 64 177 53 20 213 0 128 7 17
    108 86 107 223 167 159 180 49 24 31 140 181 72 200 154 94 167 92 68
    71 61 146 86 41 137 44 14 114 81 210 147 197 235 130 164 138 189 29
    123 168 85 243 67 33 156 92 13 113 106 2 252 159 225 5 126 106 10
    253 180 234 76 52 167 133 113 225 14 68 239 147 45 222 185 120 205
    127 181 108 176 56 8 240 103 5 249 106 211 112 237 127 37 187 144
    101 171 80 47 82 227 162 157 102 116 85 181 69 210 80 47 164 148 75
    97 77 61 173 169 62 123 197 171 21 161 43 29 68 65 188 165 186 85
    157 82 240 175 201 251 26 143 23 241 127 95 210 226 169 92 49 169
    163 239 77 20 189 27 230 115 145 179 234 130 0 180 174 249 92 208 98
    27 143 200 50 161 89 164 74 237 160 242 176 104 162 106 56 32 108 39
    212 166 222 239 90 2 157 13 185 251 203 236 105 217 10 90 196 86 247
    212 199 253 195 137 22 54 73 55 61 153 200 157 47 48 184 192 177 116
    102 190 122 40 146 249 175 40 5 36 146 166 3 228 82 226 106 226 173
    139 252 44 232 246 3 63 238 39 91 173 215 10 174 166 148 204 1 108
    153 25 61 68 100 167 172 56 36 76 66 79 251 47 218 143 139 202 180
    66 66 167 23 145 23 183 136 42 226 226 128 107 76 60 163 249 17 57
    165 191 211 191 200 214 84 154 202 92 156 43 140 36 92 71 182 215
    121 52 204 189 42 214 57 85 40 109 119 206 61 221 93 47 101 12 115
    120 178 51 19 69 223 33 89 189 61 68 113 126 98 124 112 88 186 202
    57 251 168 183 48 147 94 85 227 124 134 83 194 107 50 60 249 50 97
    159 208 8 41 206 21 104 192 49 55 252 217 22 148 213 212 186 153 104
    125 160 137 178 44 111 162 46 34 228 75 76 11 247 198 149 160 80 0
    137 123 219 206 225 253 93 20 129 197 208 95 255 178 7 33 189 147 48
    182 117 127 146 122 33 101 122 215 60 251 222 17 204 240 149 178 36
    188 130 233 170 190 230 135 106 168 5 9 54 193 56 48 37 37 249 185
    61 174 246 199 160 205 94 226 28 100 129 221 51 161 44 79 131 54 110
    68 229 160 102 234 89 142 241 138 72 112 176 250 233 163 196 238 71
    129 129 96 84 31 16 90 186 15 0 52 109 160 25 178 119 90 42 161 4
    116 161 228 145 3 113 103 61 59 47 245 171 255 18 232 139 148 116
    234 145 108 64 85 246 77 138 81 159 178 194 125 81 163 225 128 197
    116 219 109 76 62 48 58 153 159 53 77 182 139 228 119 201 231 157 13
    211 223 135 207 233 174 254 48 168 243 44 244 163 87 214 209 239 118
    40 124 42 172 223 23 218 232 12 245 148 254 89 37 86 92 4 55 149 75
    67 3 161 107 224 77 85 119 44 76 241 56 82 45 110 92 104 86 58 6 215
    54 235 42 223 87 88 112 83 41 238 94 146 28 167 207 18 205 143 144
    215 70 183 242 96 3 166 158 97 231 199 37 75 168 0 75 228 150 51 102
    30 70 53 60 149 159 175 168 38 95 160 89 143 80 253 98 231 255 38
    134 179 60 83 116 101 151 221 149 60 105 220 22 133 22 102 184 58
    127 152 39 139 244 62 183 135 215 161 125 143 252 150 2 208 14 150
    166 243 236 73 177 55 216 220 220 121 58 178 49 251 180 134 79 138
    25 54 21 162 141 17 6 151 215 228 229 197 82 91 214 205 7 253 197
    152 32 55 233 92 51 40 115 246 187 57 177 207 238 38 65 242 48 172
    146 150 88 99 12 101 152 72 146 1 82 163 46 33 35 49 175 247 229 217
    162 140 123 29 42 224 96 77 177 252 101 115 217 83 76 229 3 145 182
    195 214 138 77 181 124 128 43 74 145 251 182 38 137 104 10 239 16
    234 22 244 238 153 38 103 30 176 77 83 179 106 141 23 244 70 158 150
    207 245 129 4 11 71 34 7 73 11 228 176 222 164 39 159 40 2 121 218
    155 93 189 54 114 235 152 99 234 72 41 157 100 36 250 28 129 0 219
    74 16 104 152 209 247 241 184 132 13 131 212 83 198 44 226 205 107
    242 42 168 221 238 103 69 27 10 229 106 226 180 205 167 86 208 66
    246 33 57 16 173 212 177 166 254 146 127 70 52 132 251 244 25 81 28
    3 185 38 47 45 247 65 92 194 62 246 182 244 56 24 27 182 111 112 130
    186 235 167 123 158 91 251 117 178 248 10 228 53 68 209 60 235 64
    187 75 73 51 58 60 31 99 130 124 132 39 117 240 111 187 20 197 121
    71 201 72 167 119 100 60 117 68 224 182 146 51 151 74 246 3 30 53
    163 59 147 64 36 152 111 62 101 124 172 39 243 123 62 242 203 187
    165 175 25 90 246 189 164 59 242 190 206 112 24 104 79 3 112 144 167
    33 10 179 44 44 146 133 20 227 60 235 56 72 164 127 41 181 61 110 96
    175 85 244 21 13 178 65 84 35 30 233 48 158 55 20 180 168 55 156 201
    21 81 152 106 46 139 250 32 18 45 76 101 243 153 208 17 23 221 182
    10 68 6 148 228 251 87 84 161 187 127 190 151 181 245 76 204 101 182
    183 32 244 82 174 211 24 172 169 152 23 75 91 251 110 255 77 118 192
    49 164 40 234 11 160 198 119 21 219 108 107 21 193 74 1 104 183 237
    57 2 31 15 21 170 157 63 117 140 195 182 191 56 112 233 91 197 143
    52 117 106 179 66 122 178 240 186 218 121 32 191 248 134 81 232 170
    246 191 202 85 225 1 109 245 214 189 140 127 244 138 145 94 107 182
    39 8 50 234 33 149 153 249 26 11 229 178 216 18 174 109 197 114 184
    42 57 117 109 128 84 226 15 147 118 41 91 114 171 13 62 203 133 74
    175 99 86 200 123 162 65 148 35 53 240 18 72 231 79 45 187 68 165
    104 141 160 254 61 63 208 53 100 164 132 65 61 40 140 99 160 225 148
    85 60 29 250 209 170 195 212 145 191 172 110 156 202 213 139 1 255
    106 139 7 21 164 19 148 179 117 180 33 17 131 53 9 35 220 164 231 17
    65 29 235 27 46 30 219 63 204 165 159 83 213 114 122 172 147 56 179
    2 217 98 79 101 111 17 89 54 211 152 199 197 19 79 134 34 109 196 74
    231 69 124 47 3 221 60 46 202 240 161 209 220 238 253 238 207 49 183
    60 111 43 29 233 41 32 33 214 10 23 224 176 138 224 196 188 73 5 1
    32 219 230 25 97 79 159 55 230 170 232 97 155 185 183 225 191 212 10
    18 206 11 149 34 203 21 148 134 108 78 180 172 214 155 115 232 132
    71 235 26 129 100 190 100 163 103 39 94 143 120 108 181 27 127 90
    151 186 104 67 8 58 42 173 236 129 109 97 210 31 133 104 181 169 169
    51 24 120 39 34 21 32 253 152 22 17 149 59 107 69 51 18 120 64 245
    128 152 25 177 16 163 76 70 45 52 186 174 200 22 225 37 14 221 107
    91 172 33 144 99 199 245 161 226 97 214 228 32 108 230 123 93 241
    152 108 5 75 89 89 171 234 9 189 229 235 220 246 218 47 134 176 233
    80 200 175 198 247 161 161 107 212 84 103 154 154 135 98 166 91 47
    234 190 137 176 51 118 184 3 35 126 168 164 181 20 149 141 110 205
    11 63 210 10 69 174 130 173 178 216 248 21 16 220 148 131 74 75 41
    114 157 88 137 36 102 114 249 223 195 3 132 81 122 170 202 234 111
    233 233 254 49 131 104 72 61 203 17 247 53 180 132 234 235 242 128
    27 37 254 57 68 38 247 82 149 90 108 84 207 32 98 38 42 52 84 95 108
    216 4 245 90 101 231 176 40 32 251 115 34 177 162 250 38 16 177 172
    21 254 142 244 217 85 121 96 108 89 126 246 145 176 165 124 191 103
    119 204 130 74 169 50 18 124 177 126 37 90 120 191 84 35 134 135 77
    221 62 246 172 236 103 127 215 161 179 247 138 176 15 188 53 157 11
    124 182 102 168 20 65 92 96 253 121 254 119 233 213 209 147 83 178
    158 188 75 241 237 150 181 222 248 169 197 146 191 154 114 24 140
    188 166 241 10 149 150 9 145 12 80 227 208 208 247 110 240 108 12
    235 148 157 72 183 78 160 32 73 123 39 50 46 108 210 104 89 174 2
    216 156 7 20 255 56 181 149 134 44 76 16 247 47 88 110 213 56 149
    143 45 88 58 16 22 245 175 8 235 158 205 18 69 178 190 12 134 127
    154 7 203 177 175 73 110 0 243 66 71 1 47 137 228 125 185 226 200
    151 17 247 33 27 118 106 62 10 208 105 245 38 149 146 160 1 203 188
    103 185 19 214 152 123 228 28 57 185 184 246 93 198 227 251 249 192
    190 196 101 219 157 29 243 34 167 200 86 152 144 151 249 205 76 102
    134 241 231 45 64 253 163 32 81 180 155 48 124 80 102 20 166 248 197
    122 134 19 134 111 84 196 209 73 86 167 239 29 188 72 210 158 2 31
    163 169 187 5 222 224 29 145 104 218 81 165 101 160 249 40 161 141
    242 19 245 195 153 142 46 80 108 173 163 48 215 126 202 205 127 180
    9 7 73 73 254 65 210 60 16 178 78 68 212 227 217 166 146 8 7 123 149
    48 81 180 115 203 237 52 76 184 31 47 15 15 138 73 41 201 154 173
    157 170 61 36 67 80 95 0 25 194 100 171 84 173 130 165 106 77 2 174
    62 151 156 13 78 51 154 7 94 60 66 43 67 249 111 64 34 134 52 59 73
    209 198 208 159 242 19 125 167 67 48 33 221 132 111 221 227 160 78
    177 176 238 225 171 174 117 97 255 31 81 208 214 255 205 200 233 235
    167 145 83 154 218 41 117 221 227 27 16 8 236 53 7 39 82 249 7 61 80
    25 193 104 58 195 51 186 213 14 96 235 56 51 120 10 66 254 135 163
    212 125 8 135 83 34 190 132 120 25 18 20 22 118 207 205 192 159 165
    183 146 109 19 81 69 169 37 199 253 48 136 38 45 140 164 19 164 90
    19 163 75 59 55 28 151 114 174 83 217 92 166 81 202 66 244 232 93 27
    66 254 145 87 243 52 207 125 156 39 74 208 13 194 154 41 182 4 69
    156 71 202 166 108 199 233 191 229 207 145 60 234 171 140 124 219
    117 76 125 230 104 60 24 115 35 8 105 91 97 212 120 136 226 48 93
    163 26 39 128 231 129 79 241 7 5 118 104 10 173 71 167 184 210 121
    235 44 62 190 12 239 195 165 226 80 136 107 193 105 247 98 11 115 85
    242 13 239 128 218 188 37 173 188 48 47 130 145 9 220 27 219 101 56
    127 192 186 128 27 69 174 221 75 238 1 180 134 6 167 234 50 132 148
    219 40 104 198 222 32 200 205 164 42 143 85 28 234 253 218 188 217
    79 207 88 105 242 131 57 213 229 219 251 224 105 169 255 243 37 235
    130 169 224 148 195 226 88 61 183 197 133 11 111 202 53 90 64 71 224
    183 190 250 138 202 198 17 118 31 52 13 159 215 122 203 159 172 29
    153 11 158 92 189 50 22 236 87 28 208 188 89 182 111 1 50 230 224 16
    167 231 128 185 102 174 21 243 226 16 71 80 40 64 165 161 119 178
    244 15 1 26 156 16 82 103 223 113 60 21 248 196 119 166 23 106 121
    159 150 72 219 51 54 243 49 155 116 167 148 189 121 55 155 16 224
    232 33 67 29 51 156 27 12 175 26 105 27 162 118 59 220 165 227 165
    213 52 214 174 50 11 21 164 125 147 255 102 99 29 229 222 125 134
    142 214 247 188 123 136 4 25 193 141 126 202 118 44 83 14 76 94 216
    190 13 50 131 3 240 215 190 129 130 54 110 134 109 104 49 183 49 73
    127 16 28 8 251 10 181 137 212 176 243 71 191 95 156 118 146 126 233
    248 211 66 4 14 158 9 79 253 97 19 72 241 141 142 209 254 93 169 252
    148 226 174 90 68 184 226 67 71 94 201 228 86 149 160 12 194 208 11
    134 167 222 45 42 134 234 250 119 137 220 95 104 182 96 23 152 185
    222 80 125 130 140 77 198 57 34 225 185 37 155 90 183 234 125 228
    237 171 149 1 6 237 58 182 60 247 249 13 246 16 218 222 10 105 43
    147 179 102 225 234 94 186 72 148 128 37 208 187 207 34 237 158 76
    142 202 184 136 6 194 203 128 212 196 12 232 54 244 174 77 180 63
    150 251 184 209 33 71 53 50 172 171 20 213 41 68 54 97 110 77 50 21
    75 52 63 68 133 6 180 182 207 208 118 118 99 216 128 47 57 44 244 73
    240 89 187 152 234 45 224 84 118 153 52 147 24 209 190 125 127 218
    247 247 32 163 94 208 216 64 29 210 94 86 111 132 250 22 162 87 18
    58 42 115 193 243 131 227 189 148 151 78 3 16 148 63 235 22 237 226
    185 243 155 22 145 238 236 63 230 17 31 99 34 0 186 88 169 203 205
    189 212 119 109 44 167 6 216 166 188 227 48 165 127 47 9 41 133 59
    43 128 88 209 58 95 82 211 50 184 82 134 59 167 176 205 17 190 88 43
    184 15 157 8 237 120 135 91 120 169 187 89 149 237 39 97 228 234 30
    99 122 21 94 224 69 131 31 255 116 130 140 38 40 167 225 73 111 169
    174 46 98 112 78 224 2 13 233 221 7 207 35 200 20 130 95 60 149 15 9
    112 178 179 151 73 159 95 221 159 24 104 30 178 229 98 95 48 46 251
    12 162 202 251 222 232 27 167 239 151 241 164 114 198 14 109 232 184
    82 223 34 66 150 97 54 42 95 250 232 65 246 166 60 122 253 171 99
    225 215 148 51 59 189 82 12 6 44 243 101 174 62 243 182 186 141 108
    150 160 104 59 157 117 94 6 111 96 107 10 252 198 250 55 184 211 221
    76 83 58 27 90 172 77 149 25 200 60 147 209 178 176 72 238 37 68 52
    34 178 99 145 16 17 213 52 249 110 216 181 33 30 225 135 104 162 231
    111 56 74 54 46 209 168 30 189 77 116 186 110 66 217 153 92 248 13
    165 239 215 107 173 58 67 151 198 21 120 89 164 0 133 173 170 238
    143 149 31 224 4 149 179 53 134 117 246 240 144 173 32 169 89 227
    127 94 23 213 210 244 44 130 240 44 192 246 248 89 46 2 250 175 233
    85 45 255 209 58 251 6 69 57 113 86 52 7 82 32 209 122 156 117 213
    22 98 236 78 249 32 147 193 116 30 79 23 146 130 32 28 178 250 75 84
    83 22 255 233 105 114 196 1 8 33 171 204 45 33 36 15 13 40 201 24
    102 87 58 68 224 221 54 164 43 180 59 126 167 122 212 162 151 119 61
    249 0 57 181 213 103 124 208 102 133 42 214 216 203 133 61 253 182
    228 94 22 214 158 131 32 239 109 236 167 45 71 24 179 103 205 98 33
    61 184 79 133 153 196 191 152 166 21 114 59 58 163 205 40 80 11 19
    179 164 177 95 204 84 38 114 66 253 73 35 82 208 195 175 104 67 156
    109 15 17 53 183 191 252 166 210 236 129 237 186 168 68 223 139 49 5
    226 40 124 19 136 71 80 203 2 126 41 106 201 206 255 232 52 74 95 9
    115 131 40 188 116 61 206 206 162 24 212 11 160 156 56 68 227 99 160
    37 236 107 233 61 3 45 107 3 16 96 94 204 237 156 22 162 155 207 18
    16 90 23 88 195 123 235 52 177 173 120 212 59 118 194 97 119 243 223
    19 221 30 252 242 74 139 113 193 214 118 35 90 20 75 151 134 129 87
    70 245 18 50 217 203 172 202 31 165 138 80 159 4 112 50 116 236 100
    195 22 26 215 106 90 173 97 212 14 105 155 82 175 186 23 140 208 249
    74 111 3 223 146 217 161 15 164 129 166 6 15 38 40 125 185 60 109 86
    101 204 164 65 23 68 37 196 219 116 26 92 146 236 82 124 13 35 248
    237 48 131 1 242 245 253 93 185 168 13 218 88 110 116 229 155 144 83
    56 96 50 214 32 50 254 23 186 43 230 98 170 212 240 233 231 131 99
    171 208 182 153 78 180 107 22 167 94 48 11 96 43 85 77 173 114 147
    172 167 9 172 222 170 135 230 9 122 214 59 116 193 85 231 175 1 188
    104 216 24 100 158 168 101 162 75 135 168 252 96 48 215 155 9 214
    190 42 119 228 143 115 127 102 181 211 103 32 10 29 221 63 146 155
    192 245 244 141 139 12 183 87 180 178 221 126 42 163 31 96 102 204
    177 79 6 225 77 89 213 21 210 24 7 200 170 68 186 47 209 211 162 61
    253 92 253 38 255 120 227 182 122 112 61 17 183 56 69 254 230 197 99
    1 85 177 153 29 33 204 216 148 90 244 59 248 51 58 83 196 127 138 6
    134 199 194 114 159 103 22 191 212 164 92 24 27 113 213 112 245 163
    88 8 82 220 147 185 20 65 64 30 102 119 142 31 140 216 44 163 103
    109 140 192 247 243 95 38 175 195 152 167 163 198 235 116 94 72 169
    43 92 137 28 124 64 191 54 250 154 152 51 123 144 129 144 116 210 60
    168 73 96 112 206 200 145 187 146 156 4 28 173 63 140 142 105 203
    216 44 115 182 51 232 63 185 93 139 196 48 249 47 25 1 249 164 26
    254 210 104 46 13 226 8 112 168 229 247 53 20 73 123 170 37 26 85
    230 136 249 219 212 177 208 234 105 34 104 217 147 67 235 214 208 50
    82 60 162 140 117 246 30 181 86 220 175 147 206 180 224 255 233 168
    155 130 140 190 222 141 240 183 126 177 171 232 183 61 185 236 92 30
    195 59 141 212 142 72 15 166 109 50 183 158 141 11 131 173 216 191
    49 126 1 240 139 73 244 51 230 127 237 41 115 117 184 247 15 133 149
    122 152 7 53 211 15 71 73 87 180 62 216 144 172 168 162 107 183 116
    94 202 56 142 60 216 202 210 98 225 57 142 198 102 242 35 88 223 219
    201 143 123 121 67 39 28 119 81 57 147 145 53 84 90 165 37 116 77 2
    57 75 100 24 178 149 68 122 241 225 6 171 156 189 132 224 213 191
    191 137 136 12 208 239 161 242 4 46 104 170 49 76 34 16 15 11 28 194
    20 116 181 189 125 127 33 66 98 19 86 185 41 123 26 124 67 241 121
    209 117 183 229 22 88 105 216 3 142 90 13 26 88 13 55 11 135 240 58
    92 22 182 106 105 14 142 111 219 252 112 246 161 206 68 32 100 207
    49 159 127 107 12 132 183 251 174 12 110 84 67 228 29 126 166 87 205
    226 194 205 16 33 196 36 231 56 234 178 139 168 167 125 105 138 110
    142 64 139 136 145 228 138 13 76 182 232 121 208 106 108 75 40 60
    242 30 230 133 181 185 216 128 123 85 171 101 228 194 246 232 54 240
    180 191 195 255 40 197 4 39 102 33 75 155 64 8 202 76 108 78 108 191
    163 143 153 147 12 247 72 33 131 153 120 127 71 149 151 109 123 174
    187 230 30 93 89 26 167 47 161 112 235 137 95 87 149 77 30 98 190
    214 148 81 255 131 195 6 47 40 140 178 112 211 35 159 222 142 222 71
    227 138 229 178 216 155 59 29 175 72 59 121 202 127 214 48 203 142
    17 116 104 248 56 78 158 171 111 104 25 93 119 219 29 88 23 66 154
    161 241 55 177 216 235 213 146 216 209 145 108 93 82 100 20 207 83
    240 93 116 143 131 215 52 138 65 84 193 81 202 214 38 47 184 9 146
    183 16 214 119 119 255 121 105 226 11 13 231 35 42 1 85 122 7 2 236
    194 165 108 90 160 230 242 43 141 134 188 191 180 249 182 68 243 120
    240 254 1 248 153 98 4 40 99 92 115 174 242 12 103 56 213 10 193 86
    11 151 215 67 254 164 170 45 140 82 196 178 247 251 83 4 23 208 219
    156 85 116 234 163 175 50 44 163 165 94 88 23 141 185 227 214 249 41
    253 205 167 191 199 79 46 83 196 22 124 76 133 37 140 196 96 12 226
    61 160 10 214 159 207 152 218 221 227 242 145 241 134 248 160 101
    232 186 160 27 193 31 52 94 217 108 154 185 130 253 224 84 85 187
    204 89 29 42 171 114 188 109 48 120 160 50 202 252 248 134 102 251
    73 166 93 228 24 76 183 186 108 133 241 4 72 199 171 194 106 211 73
    216 199 220 128 115 109 167 31 71 137 32 208 64 218 134 101 3 84 62
    157 3 56 29 54 173 169 5 179 37 60 227 188 120 120 215 147 243 3 180
    182 107 120 185 176 253 181 80 156 141 97 42 222 37 59 169 66 84 175
    6 74 4 200 96 64 74 42 230 81 97 247 251 139 21 109 204 16 162 34 21
    110 207 50 96 255 108 196 24 161 233 220 37 205 206 157 119 89 189
    77 84 237 78 40 160 111 235 43 46 173 211 98 221 129 38 17 186 17
    242 252 46 44 183 27 102 166 216 79 150 65 202 196 67 56 155 168 28
    152 201 52 227 108 171 224 235 103 219 248 196 162 116 166 153 82 14
    123 194 153 145 133 186 95 56 196 185 202 132 183 191 168 99 95 135
    137 29 133 45 190 15 156 193 103 81 21 6 149 34 104 7 72 33 2 112
    206 219 218 42 37 12 221 99 210 105 254 96 0 54 97 8 166 150 188 147
    246 83 154 158 29 176 76 105 207 222 9 206 78 30 154 160 8 237 187
    172 187 107 182 28 1 89 79 253 103 177 155 143 197 89 172 55 110 19
    48 78 55 12 115 51 13 174 146 21 143 4 33 48 164 234 41 98 145 125
    104 216 67 228 131 154 178 162 196 240 81 56 61 130 80 161 148 0 35
    203 43 49 113 153 113 193 0 75 68 231 112 224 65 162 79 128 49 108
    127 142 86 23 77 108 168 228 97 163 10 102 157 171 51 36 129 253 248
    27 3 207 156 223 203 97 11 85 146 153 15 75 37 139 101 132 24 113
    171 207 241 217 185 254 129 55 59 182 116 43 137 156 96 11 108 235
    41 54 10 95 74 238 185 153 164 89 201 152 122 27 246 89 68 36 108 55
    165 103 56 32 162 87 162 161 20 177 87 184 40 241 144 173 1 124 134
    160 122 158 195 107 24 102 157 167 75 117 9 51 106 145 185 206 215
    120 15 129 233 209 181 211 231 63 197 114 6 99 144 18 22 177 180 45
    129 229 244 159 189 54 99 147 221 19 171 75 25 217 172 167 152 157
    60 83 168 230 80 92 90 79 107 184 150 34 140 196 124 250 152 100 224
    40 244 153 249 83 5 224 248 56 64 71 4 195 206 188 183 5 146 120 255
    10 10 149 20 91 81 230 144 236 216 207 251 196 188 152 197 94 223 98
    17 147 247 252 177 48 155 168 45 211 193 2 90 189 207 67 220 166 41
    200 98 162 13 95 41 39 140 164 10 33 226 87 122 172 162 82 108 189
    76 26 79 55 246 65 166 144 243 8 45 179 68 51 74 146 186 74 53 148
    201 243 156 135 178 147 151 68 54 59 89 152 7 5 48 154 136 17 71 48
    167 249 138 4 173 34 227 82 145 3 67 56 56 198 14 198 230 63 146 177
    68 203 21 200 63 226 98 208 37 219 226 216 147 66 202 195 198 234 35
    122 192 40 200 253 7 225 68 207 48 61 136 218 2 0 202 144 109 221 76
    138 254 86 220 194 217 84 222 208 92 239 219 249 79 7 87 162 193 195
    245 69 216 201 56 136 159 210 69 120 108 117 103 20 249 197 168 200
    213 77 55 31 69 152 66 221 200 239 188 212 79 2 227 248 44 89 127
    106 28 10 163 235 5 246 112 69 70 213 72 173 187 6 227 126 224 10
    135 56 59 102 166 150 241 160 94 195 174 252 84 223 148 52 79 19 226
    234 106 139 186 21 90 155 14 224 227 247 221 230 163 24 171 157 115
    49 51 43 119 49 81 168 221 61 122 151 166 54 78 37 26 66 238 137 163
    164 113 31 102 110 249 30 156 162 7 197 104 252 155 232 177 66 92 5
    208 194 132 166 131 192 232 78 239 5 65 1 164 172 43 124 164 119 11
    27 112 38 124 71 144 158 128 221 17 218 25 47 158 137 81 207 2 47
    246 188 170 238 83 224 222 87 166 91 82 35 165 113 184 237 41 199 2
    143 13 45 189 74 117 227 176 76 175 230 35 1 99 9 12 133 158 182 145
    18 179 214 54 149 242 93 58 89 170 83 220 45 137 165 82 156 93 62
    110 178 207 43 230 162 169 189 230 92 181 19 234 222 135 76 101 198
    53 39 240 97 228 72 249 112 225 234 1 0 117 167 212 240 149 165 221
    50 140 186 229 180 26 190 228 161 64 210 68 112 150 164 188 90 233
    231 204 188 18 97 4 192 213 0 57 60 185 48 43 172 92 148 116 221 7
    216 133 5 93 234 61 194 252 37 75 82 68 3 0 124 201 153 204 214 253
    115 44 140 80 195 37 30 169 86 159 224 196 201 143 141 184 167 178
    131 205 13 101 75 103 127 113 131 110 95 41 114 128 195 13 1 204 123
    88 232 39 82 142 99 29 138 60 206 66 34 116 237 15 147 4 86 56 216 0
    192 14 213 215 156 127 24 117 80 39 254 100 20 51 94 217 123 242 73
    63 144 29 183 184 54 38 101 11 70 129 35 250 13 238 167 43 64 168 97
    197 84 208 246 11 171 25 72 78 222 49 109 245 144 7 24 114 193 136
    75 10 236 129 248 170 69 16 3 107 219 100 47 220 120 24 133 79 61
    203 181 174 155 39 210 137 69 220 22 56 26 0 180 154 186 23 220 19
    131 137 144 128 243 41 82 189 3 119 231 98 73 11 27 76 174 155 103
    46 18 106 223 10 248 246 44 138 161 173 214 218 15 209 36 202 72 31
    48 241 154 200 183 62 121 186 137 253 141 165 22 131 34 50 119 44
    255 128 135 154 16 34 13 98 184 12 121 96 90 167 2 85 243 126 133 21
    40 141 139 111 185 162 192 228 119 181 37 30 49 93 194 144 167 149
    236 85 163 143 150 1 207 28 221 221 230 108 66 205 35 86 116 40 159
    18 131 115 240 238 173 247 91 185 69 173 166 65 250 112 62 53 10 209
    80 119 205 180 22 63 144 44 245 200 197 11 109 94 242 233 41 92 57
    190 58 45 213 229 65 221 141 116 187 51 249 179 166 160 200 186 141
    114 86 233 197 155 128 9 55 202 3 43 97 28 25 58 66 241 137 24 186
    168 68 213 108 58 128 175 19 94 253 64 203 178 35 190 143 7 132 34
    35 66 167 132 137 145 49 45 231 138 145 248 177 247 18 33 117 170 32
    254 252 119 15 250 83 181 115 93 7 21 142 95 144 194 6 253 237 150
    154 61 75 191 23 226 4 125 25 251 200 106 146 41 87 97 186 57 246
    148 165 185 27 205 151 121 238 211 234 201 100 123 156 224 30 250 61
    75 29 148 86 95 204 171 194 8 165 20 178 227 43 95 10 184 151 61 151
    35 217 106 90 3 34 107 196 190 98 193 184 185 192 247 27 244 40 229
    63 6 229 244 172 5 22 146 224 61 220 43 47 140 81 170 242 222 126 98
    55 119 227 219 116 56 9 140 17 222 247 34 205 218 137 222 169 154 91
    147 149 11 199 205 51 77 209 195 206 131 32 198 25 15 211 13 81 208
    92 216 20 89 134 33 34 179 109 97 168 152 111 96 201 83 55 156 130
    253 138 51 76 116 241 173 179 87 23 156 94 160 141 197 195 224 11
    155 65 78 241 157 47 23 9 77 34 244 11 92 212 144 242 134 86 3 234
    112 144 201 116 141 33 56 113 56 5 30 108 78 69 195 203 81 185 119
    128 48 47 222 41 145 50 81 40 65 168 2 12 27 90 67 6 90 130 196 170
    205 177 78 244 181 223 224 248 50 118 191 1 76 108 213 147 68 136
    157 151 72 250 240 207 62 197 241 58 162 157 159 48 182 157 56 148
    232 53 36 254 30 95 22 130 160 82 124 42 59 252 84 144 97 160 148
    228 227 215 168 99 62 204 154 22 172 50 238 114 107 13 38 201 89 29
    117 247 168 59 226 40 141 6 55 116 203 17 7 46 199 71 207 1 143 1
    118 217 212 156 40 13 246 69 72 3 160 119 45 168 20 96 152 154 235
    44 29 159 144 134 65 203 224 154 84 127 222 122 108 147 202 35 220
    125 166 27 28 26 6 179 176 251 9 2 238 33 163 14 94 138 10 148 89
    106 63 7 99 112 16 194 77 231 126 135 1 202 138 158 195 195 45 15
    205 195 56 249 201 4 27 134 235 157 11 135 89 109 102 203 144 97 37
    50 116 22 222 177 165 93 136 236 169 167 160 137 99 147 18 97 18 193
    139 172 156 136 175 26 71 198 101 82 163 219 0 65 95 156 252 35 216
    197 192 218 2 227 23 43 207 141 87 141 141 102 253 248 28 89 81 22
    33 113 250 83 69 131 75 6 105 56 33 234 73 133 14 158 64 151 29 50
    88 220 170 56 162 182 35 244 193 85 215 113 180 8 209 183 36 190 56
    247 100 93 219 246 182 128 7 69 18 11 61 133 242 192 8 60 191 63 183
    39 194 178 7 93 203 92 175 176 252 158 231 143 63 75 225 28 39 81
    243 88 9 168 125 110 66 200 92 81 8 111 116 178 159 117 90 97 119 16
    51 112 133 102 13 213 30 176 179 0 54 55 28 186 55 73 108 21 148 139
    141 183 165 228 179 182 129 79 12 131 126 128 36 27 172 30 52 91 174
    203 139 254 158 81 125 9 94 190 45 242 64 138 189 24 222 109 118 52
    210 226 188 10 20 202 165 235 38 69 245 118 54 90 47 56 123 119 97
    120 150 4 196 42 42 106 20 95 222 222 168 149 83 224 157 107 154 130
    120 111 209 62 120 177 119 159 132 200 192 173 58 81 50 42 46 98 36
    241 49 209 160 95 69 19 20 202 236 231 242 154 1 207 54 116 112 39
    178 59 92 185 119 223 188 47 227 254 211 225 76 136 1 158 109 0 118
    201 205 198 209 204 102 61 226 103 112 199 76 63 185 254 108 35 209
    139 172 173 116 165 152 133 161 122 232 255 210 1 173 141 55 220 76
    75 77 141 21 173 99 102 116 191 4 5 89 64 15 233 14 198 63 19 205
    161 135 153 4 37 252 238 172 22 199 85 132 21 7 3 122 165 67 90 134
    65 152 155 27 67 203 60 50 22 107 61 129 42 6 241 167 126 251 117
    118 46 160 186 215 75 172 109 7 126 241 144 147 178 62 67 86 168 60
    198 204 56 215 49 170 244 206 135 233 34 222 108 151 149 54 251 128
    99 182 109 137 119 181 65 19 129 107 75 159 116 130 240 226 220 117
    220 244 244 221 101 207 177 58 78 107 61 199 109 36 2 186 103 104 51
    104 205 10 27 33 29 77 186 101 15 159 86 55 126 174 59 184 188 40
    123 125 88 186 123 96 193 176 59 51 214 74 190 234 25 49 184 174 30
    14 248 62 169 217 245 149 175 192 109 116 54 128 73 130 211 10 165
    209 240 123 230 147 149 114 74 180 211 255 78 239 80 90 198 241 250
    63 108 200 155 50 242 137 54 105 135 107 27 199 8 75 231 5 66 227 24
    165 120 237 210 245 214 171 179 124 107 172 131 226 27 12 20 84 31
    143 195 7 103 209 37 128 205 97 85 249 191 118 223 231 173 243 111
    172 126 80 8 120 63 5 173 109 236 87 176 248 79 120 82 150 222 168
    88 216 172 143 43 237 211 149 98 233 230 95 180 106 174 251 12 56 95
    71 33 29 104 251 161 208 169 125 100 133 186 215 108 129 86 188 205
    237 51 26 138 0 19 239 173 46 82 155 114 84 171 213 252 116 5 105
    122 231 170 239 17 131 14 1 176 153 216 72 212 98 59 239 166 182 89
    72 100 24 250 47 235 114 248 189 234 134 128 158 26 124 255 128 170
    168 18 43 165 197 225 148 24 69 160 197 144 143 66 132 117 125 50
    124 50 96 137 24 247 193 78 170 35 65 170 55 138 139 154 152 237 136
    240 246 129 128 167 136 106 17 114 164 184 198 202 6 192 35 132 117
    138 196 210 131 1 39 40 40 78 187 186 41 64 82 221 166 12 49 171 129
    43 71 107 152 125 91 9 26 50 148 79 210 245 162 248 254 20 71 247 90
    122 130 81 3 172 89 224 74 118 205 252 99 168 137 250 211 127 1 83
    44 251 93 162 8 213 31 112 148 169 11 123 94 117 47 217 108 179 177
    63 159 134 131 207 102 170 23 95 12 230 38 102 40 25 166 161 131 109
    30 224 230 222 135 253 68 159 112 246 28 235 147 53 113 34 145 54 79
    155 192 103 71 186 240 126 196 2 134 17 119 138 162 139 22 151 44
    188 4 114 253 157 75 202 115 212 224 140 106 29 105 231 200 211 45
    38 180 190 79 245 62 232 46 223 177 10 201 0 202 145 248 184 7 196
    143 235 60 247 131 133 194 117 245 27 56 134 87 112 125 156 55 159
    232 14 100 193 241 152 41 69 76 253 156 160 32 181 219 52 103 77 64
    54 2 201 12 4 224 89 85 182 48 134 36 67 124 162 241 245 205 78 230
    106 7 86 106 40 166 165 206 14 161 175 44 57 88 250 164 194 177 65
    91 122 86 8 71 113 203 72 208 184 79 53 23 196 92 43 46 252 207 78
    93 62 4 76 155 102 152 89 236 225 125 33 201 233 62 141 166 26 207
    57 23 40 55 65 12 104 96 62 28 73 50 50 191 133 157 194 20 59 142
    167 103 212 11 51 21 103 110 65 63 63 216 39 206 252 219 6 243 228
    176 68 48 186 230 221 198 53 112 121 187 33 22 6 255 103 176 182 112
    159 195 0 54 171 4 28 1 69 108 89 227 138 84 107 244 60 151 79 104
    55 155 96 31 154 67 124 117 75 141 82 150 115 254 63 171 215 154 248
    7 230 150 144 124 64 166 85 194 116 40 46 25 217 135 113 230 196 44
    202 166 89 150 232 118 32 114 222 112 36 152 1 248 95 78 53 12 112
    192 67 89 36 126 119 151 9 150 222 97 142 154 207 29 137 208 186 106
    179 159 144 144 70 221 244 175 246 156 140 97 77 11 92 203 104 151
    130 72 86 167 114 29 58 66 171 65 251 96 33 100 131 5 66 23 5 1 12
    21 200 176 165 165 229 22 119 225 15 251 125 247 76 205 86 142 239
    187 123 54 166 25 91 76 19 142 41 139 140 14 73 42 43 108 225 162 28
    25 57 249 94 132 199 188 119 139 202 28 4 126 49 197 63 208 145 214
    1 69 244 203 172 119 139 49 150 83 213 183 72 166 157 191 103 132
    114 209 9 44 214 142 212 255 182 192 232 210 195 43 125 244 46 210
    82 110 149 203 235 140 127 31 151 141 186 169 253 73 191 4 159 122
    239 26 205 195 129 227 38 151 91 243 29 164 255 203 63 156 147 59 72
    161 131 170 141 228 0 59 28 49 120 34 141 56 203 66 214 136 44 43
    101 200 178 236 44 184 51 181 107 3 154 236 109 123 98 252 1 194 214
    206 124 220 102 204 168 211 95 238 140 126 38 251 80 240 12 94 91
    205 171 68 238 8 185 43 21 211 215 72 236 113 160 195 255 212 9 160
    125 205 53 62 143 132 133 129 246 0 255 20 254 149 120 121 187 81
    149 110 71 103 64 203 122 134 41 118 76 38 191 185 45 95 144 172 194
    73 164 74 18 126 5 49 119 133 199 200 24 177 58 80 2 51 98 108 31
    125 218 0 185 215 166 194 137 215 75 111 178 57 201 44 122 30 231
    159 129 101 68 123 77 87 187 209 220 247 143 47 105 45 255 114 12
    160 125 63 191 145 68 130 252 249 156 190 78 230 36 74 152 109 138
    32 208 42 24 78 243 68 62 142 32 106 160 78 102 16 30 195 176 244
    220 100 165 14 199 215 226 103 218 60 123 184 144 40 188 107 70 86
    94 39 4 101 191 120 46 161 179 157 120 101 194 79 12 111 74 28 119
    12 38 37 125 158 6 159 177 150 85 2 154 31 99 88 247 71 65 194 217
    61 224 40 105 172 115 125 4 178 171 239 45 159 47 235 47 75 231 70
    191 122 189 35 166 71 161 45 218 102 132 187 68 220 215 50 108 152
    47 65 101 108 175 71 137 138 214 103 67 21 47 27 203 73 62 205 161
    186 73 6 130 182 179 110 116 98 176 178 99 54 220 54 200 134 70 69
    235 133 75 27 232 149 191 37 241 126 4 79 99 26 46 173 132 60 254 74
    16 244 192 171 212 148 148 44 166 63 21 218 121 168 134 97 252 244
    170 99 236 158 1 202 45 196 63 161 67 167 81 152 189 36 186 52 113
    87 178 193 54 127 184 184 164 148 133 234 130 178 47 249 173 184 78
    239 212 5 181 198 36 186 142 123 122 194 27 117 4 163 33 211 177 205
    230 176 203 88 219 13 111 93 104 139 178 127 246 97 21 114 0 139 22
    161 76 100 67 166 126 8 85 121 254 130 215 103 4 195 61 40 68 167
    130 183 88 160 139 226 159 77 18 64 141 224 139 146 255 228 33 234
    156 89 190 49 219 162 133 158 116 197 84 75 131 72 240 74 104 68 183
    226 110 56 224 152 96 107 128 253 189 98 105 145 20 31 163 201 160
    11 82 136 130 71 155 173 69 77 231 225 88 29 63 202 156 47 136 162
    76 104 62 159 124 163 21 67 217 57 1 243 33 192 223 172 164 159 206
    115 122 56 206 62 18 58 56 186 118 142 252 251 190 198 147 150 18 76
    190 244 219 95 76 225 195 98 71 2 112 10 114 194 128 112 67 198 102
    132 50 63 69 10 137 38 215 171 150 28 251 39 158 25 106 171 33 68
    180 62 136 166 187 139 239 65 1 255 230 98 221 187 210 42 199 17 45
    222 49 103 34 109 46 167 193 69 116 171 93 187 33 110 39 96 236 50
    241 200 207 66 111 165 131 19 251 56 57 43 4 168 246 17 41 63 130
    121 4 184 5 114 103 255 50 73 207 148 173 165 96 100 64 7 185 57 158
    131 30 249 15 200 242 51 250 219 29 160 107 84 34 82 147 63 150 133
    191 236 70 175 180 189 222 18 165 32 84 153 86 137 208 120 1 22 27
    14 37 46 248 221 226 215 82 230 122 55 150 240 101 161 177 51 188
    116 130 47 105 36 162 90 172 43 83 26 245 188 90 232 135 55 112 28
    140 207 101 213 225 255 68 132 118 121 244 152 165 248 210 56 115 58
    83 107 69 52 66 98 82 237 218 141 37 114 202 106 27 250 182 238 196
    197 17 50 84 227 228 70 157 250 19 203 28 203 20 178 91 102 45 224
    84 109 112 85 87 62 187 241 8 38 175 204 77 211 237 192 36 99 112
    224 69 245 172 59 58 182 58 69 134 224 231 170 255 155 254 172 166
    167 193 73 49 59 1 127 132 32 133 192 239 244 106 92 20 161 103 130
    35 134 225 136 93 116 192 248 8 225 35 100 163 234 156 219 240 192
    22 74 66 189 134 129 192 77 138 245 28 227 82 179 113 122 15 1 52 46
    168 78 222 43 67 220 63 247 126 188 179 161 171 44 175 53 19 8 1 26
    229 167 229 2 21 142 120 47 27 222 161 203 186 168 228 139 11 192
    107 95 71 232 214 215 63 138 57 216 222 101 132 145 105 28 224 213
    170 1 177 72 15 223 202 50 226 252 93 35 126 98 86 23 183 97 196 192
    217 12 32 228 10 101 141 106 251 88 70 66 181 230 64 64 57 145 144
    250 141 127 36 229 180 153 109 255 58 181 56 110 245 237 67 253 187
    68 218 123 134 132 184 70 3 214 29 249 48 18 221 239 34 220 13 200
    38 77 163 49 140 171 143 165 153 84 138 14 146 165 81 186 83 137 63
    23 208 176 176 98 202 166 2 73 215 60 4 252 223 42 103 3 49 107 223
    144 39 236 137 235 100 157 203 251 190 192 213 19 107 154 208 226 45
    101 110 67 111 153 117 173 155 143 162 204 189 108 60 3 173 124 92
    31 57 28 138 71 230 129 191 124 253 134 176 251 28 134 84 226 173
    101 31 156 10 204 152 182 4 233 186 182 16 226 118 84 13 85 51 25
    113 110 0 174 48 251 248 180 73 224 104 84 122 0 74 116 130 178 243
    200 189 186 79 102 7 57 181 163 97 129 17 174 247 168 86 255 162 45
    79 2 32 155 54 216 214 181 60 191 184 75 5 212 68 71 55 240 86 181
    13 250 239 94 196 234 30 84 174 243 74 64 97 150 142 88 44 234 240
    209 191 56 172 244 210 114 66 243 55 30 241 209 216 13 136 21 69 163
    104 232 235 49 22 166 2 190 95 228 39 210 196 69 130 150 3 52 24 25
    254 168 191 157 249 124 174 6 162 231 100 79 236 98 221 22 41 138
    248 198 194 97 102 177 143 225 125 69 30 56 93 27 140 242 28 65 92
    178 234 39 224 181 236 149 188 249 105 78 202 228 93 50 61 34 229
    144 157 91 11 251 190 36 4 99 23 19 146 134 210 43 196 25 181 192
    200 153 196 241 228 129 61 204 204 144 48 133 244 179 38 4 73 106 78
    75 80 231 39 40 133 149 185 181 162 223 189 168 38 42 253 173 35 16
    44 134 208 127 75 209 130 86 172 213 114 157 34 3 86 24 127 128 158
    132 148 123 188 56 147 114 45 101 203 246 70 88 64 57 72 170 50 151
    80 1 17 95 12 130 122 175 180 187 55 56 13 18 58 251 207 164 246 132
    14 243 237 157 88 196 171 17 142 81 113 72 221 223 11 90 141 236 171
    145 34 145 54 83 39 112 226 142 190 237 129 216 18 129 84 208 192
    122 152 214 238 125 178 88 194 206 86 219 208 249 25 75 164 153 129
    201 220 46 170 245 72 90 80 212 33 16 255 67 170 205 52 9 88 180 94
    86 59 130 6 170 187 8 228 176 216 15 46 11 115 219 157 17 129 111 44
    48 75 135 175 138 133 67 89 110 28 116 208 208 41 41 241 226 42 27
    235 195 169 30 24 206 146 210 95 98 19 21 245 239 95 91 203 29 70 37
    89 59 211 231 3 228 63 181 71 25 55 175 129 55 41 215 223 208 186
    162 221 153 152 217 232 190 166 22 219 226 112 236 75 178 255 245
    242 222 172 235 69 233 18 75 101 158 119 99 160 39 149 64 157 238
    250 84 54 133 87 107 229 55 161 116 15 27 92 232 135 234 217 83 12
    33 193 236 188 204 150 2 123 106 234 210 65 116 29 67 250 253 161 99
    154 192 38 123 119 173 130 194 105 212 228 145 142 168 138 235 19 77
    5 107 71 1 25 127 38 36 185 34 12 205 207 36 124 154 9 4 221 104 84
    39 55 221 38 24 185 107 189 215 111 97 1 128 197 166 65 220 242 186
    170 92 97 6 27 236 194 25 65 144 192 171 51 251 72 190 146 155 24
    136 161 90 147 70 181 86 102 135 111 155 130 208 230 169 211 242 94
    188 196 192 75 226 34 243 103 41 67 16 229 113 193 127 224 24 186
    187 29 161 230 231 167 69 126 179 19 37 216 164 188 144 131 60 58
    144 58 156 68 128 4 169 58 185 2 96 5 224 232 54 115 24 16 138 16
    159 161 63 175 45 165 39 82 201 227 112 114 104 96 161 54 201 174 39
    115 24 107 149 200 147 107 211 168 220 118 139 254 38 86 68 228 109
    49 44 82 216 205 4 236 252 186 161 75 191 217 131 136 170 197 179 57
    216 254 173 159 125 237 117 181 91 182 13 214 216 124 106 98 72 177
    42 207 9 76 97 90 191 26 80 95 8 139 30 168 207 185 90 180 84 134 94
    6 99 71 52 235 185 56 48 231 61 164 109 191 164 246 254 67 142 171
    84 141 136 114 136 77 5 22 36 68 185 44 87 44 205 30 78 237 240 232
    104 210 62 89 92 131 77 49 106 170 2 177 139 242 230 193 167 163 172
    230 86 183 40 144 160 199 87 174 166 207 203 109 236 130 45 174 3 2
    245 169 136 116 253 114 79 148 62 148 214 89 191 116 201 152 162 138
    35 250 28 14 7 38 234 190 47 194 66 51 40 221 102 220 240 120 24 194
    51 194 131 36 68 19 4 80 87 187 192 116 5 185 250 199 71 199 202 150
    20 165 97 227 18 246 204 54 159 60 146 41 164 238 212 244 70 204 70
    171 9 243 103 20 238 247 89 44 55 122 192 45 161 46 83 191 192 223
    68 66 41 242 255 2 243 113 255 168 59 29 193 216 239 67 63 35 9 212
    191 233 94 199 226 88 184 217 194 46 134 92 72 88 49 198 237 48 130
    166 153 112 133 60 213 234 223 134 167 204 170 57 77 228 179 245 155
    111 47 41 140 104 107 129 50 96 4 26 188 48 45 79 173 73 27 201 184
    41 233 110 20 4 138 199 124 59 113 247 244 98 112 249 192 47 167 222
    133 192 33 12 189 11 105 151 227 63 235 144 170 136 149 214 125 220
    14 20 24 242 177 178 244 25 238 178 251 0 171 129 196 17 87 69 219
    65 63 30 5 200 18 69 67 132 165 36 187 95 21 40 88 121 105 175 241
    102 146 231 200 212 239 32 40 210 110 6 118 43 98 179 245 71 235 0
    59 19 67 193 69 185 119 97 153 192 182 70 161 206 201 107 51 226 251
    86 135 191 99 73 11 61 137 175 233 112 215 226 235 237 163 88 87 12
    55 236 132 225 73 43 11 172 164 135 212 67 166 35 243 190 110 69 233
    83 138 18 51 220 133 217 126 235 233 237 85 118 38 152 16 3 228 46
    151 61 146 214 30 76 41 141 214 95 129 23 224 117 170 97 134 97 41
    213 40 242 3 131 176 203 89 203 31 72 163 202 77 37 23 156 116 150
    199 150 192 206 227 16 180 2 81 53 235 149 226 131 92 106 92 135 156
    228 69 211 61 77 202 45 201 160 168 236 45 84 162 234 146 165 117 37
    249 71 21 8 146 89 68 158 202 147 19 32 182 74 26 123 130 53 208 203
    140 80 49 13 101 116 43 206 55 165 91 101 92 222 238 30 106 36 64
    208 77 122 171 180 162 65 227 217 231 16 83 43 212 24 235 148 220 38
    248 97 29 56 69 11 192 15 139 123 65 182 179 133 208 143 76 2 163 65
    114 24 107 86 48 53 87 126 88 201 150 147 77 169 236 90 68 2 201 227
    21 42 162 104 155 228 169 92 54 224 166 33 59 43 95 176 152 127 150
    157 120 161 168 172 76 135 96 138 176 201 57 79 60 183 192 25 154
    245 250 12 234 55 167 72 217 1 84 0 231 248 217 114 157 132 239 208
    84 126 166 243 134 47 163 40 218 75 0 32 112 106 102 95 79 174 193
    37 79 50 237 41 56 126 198 107 132 192 0 113 249 138 121 93 33 110
    89 128 254 243 216 5 70 44 205 184 193 107 8 75 106 93 179 95 161 96
    250 15 243 125 146 143 230 102 185 184 151 109 220 151 172 5 72 32
    226 224 152 181 137 242 219 157 21 133 50 81 250 122 175 102 137 135
    172 161 101 178 113 127 64 50 16 78 155 105 102 41 236 21 175 169
    190 149 138 131 100 244 159 73 247 10 237 63 64 34 174 108 48 141
    201 65 244 173 172 43 92 178 219 234 128 164 140 81 182 232 90 242
    161 233 105 131 220 118 31 121 212 220 196 197 7 21 183 8 41 53 201
    216 102 115 245 28 222 140 137 21 19 78 144 223 99 251 99 61 129 65
    71 174 237 128 100 175 172 222 27 179 52 1 156 220 229 128 10 76 218
    88 138 110 99 199 38 41 193 119 45 255 40 18 125 37 124 104 51 4 184
    122 72 6 175 202 164 189 252 92 250 145 29 175 167 63 77 189 246 18
    139 96 133 148 223 63 36 222 132 183 4 2 229 85 13 200 171 251 12
    246 144 105 232 250 208 79 240 22 168 212 191 235 229 193 81 144 94
    87 36 181 118 179 73 61 69 179 249 14 102 66 126 87 229 164 59 116
    48 250 75 92 67 229 62 127 100 82 27 248 181 83 238 227 152 42 209
    243 220 194 19 2 169 176 179 185 10 234 240 241 151 16 117 154 131
    85 195 149 193 166 183 236 99 118 98 215 47 111 138 109 21 60 213
    133 250 178 244 59 57 97 19 182 6 189 133 250 160 143 92 134 51 19
    120 86 228 104 245 115 130 0 28 115 242 190 186 211 94 172 80 90 133
    107 66 2 249 37 124 107 27 174 0 200 249 31 59 124 239 184 229 143
    236 175 198 248 147 79 105 4 79 8 78 212 204 252 250 15 91 237 164
    83 103 144 31 173 232 244 136 154 178 186 8 173 178 17 51 26 232 211
    111 56 233 244 208 114 189 250 240 126 123 189 58 98 31 217 239 209
    58 178 55 202 216 185 243 71 9 209 163 208 52 146 57 239 144 45 232
    192 250 120 27 241 172 23 114 187 244 192 190 206 15 214 226 105 112
    37 209 217 136 189 227 128 81 138 225 82 175 67 56 207 237 114 149
    200 213 23 121 145 8 191 223 122 123 226 166 163 119 151 134 73 111
    32 208 24 163 200 73 63 155 163 165 97 16 123 65 135 168 162 198 194
    56 63 42 183 255 199 193 9 119 180 72 67 220 53 96 121 87 70 249 148
    53 166 12 69 49 92 70 102 193 230 106 159 187 34 22 182 212 180 231
    250 209 147 185 248 110 48 39 71 100 203 133 91 255 50 125 131 84
    225 29 123 93 33 124 176 231 178 6 171 43 69 111 191 206 42 134 213
    127 135 32 12 14 64 251 60 130 110 202 234 141 22 197 209 54 166 204
    113 157 62 250 152 138 151 250 174 208 150 178 77 75 106 42 96 10
    103 144 68 1 203 51 238 235 46 67 133 189 221 150 74 237 212 97 108
    13 151 209 87 201 137 230 168 188 229 233 181 230 212 7 220 122 228
    164 132 16 44 48 50 220 125 124 111 141 22 88 201 51 157 248 126 105
    13 77 245 177 105 41 225 196 245 235 55 89 68 214 164 68 133 238 140
    94 227 110 10 255 49 14 215 140 146 194 67 152 221 68 101 1 181 127
    160 213 62 111 141 48 72 179 245 214 43 226 186 119 252 181 203 19
    66 64 116 234 170 71 212 240 51 54 50 182 212 29 2 49 162 231 119 35
    181 225 166 225 177 192 189 95 239 131 78 221 190 27 191 94 44 107
    142 85 72 204 182 198 200 249 210 204 146 99 192 143 215 114 146 187
    209 153 112 12 6 38 53 16 197 247 81 103 225 92 55 157 245 160 164
    196 254 151 108 229 112 86 55 43 26 178 160 186 23 82 117 157 46 252
    246 181 28 72 46 215 146 247 9 221 50 63 185 170 193 48 83 34 102 69
    39 32 248 62 194 118 5 95 38 160 241 57 163 197 221 73 100 45 101
    105 133 147 190 145 215 78 109 240 151 238 255 229 48 35 146 221 249
    209 41 51 128 237 248 230 127 245 174 237 167 10 1 68 92 87 190 92
    123 214 205 28 40 77 48 4 36 5 128 176 168 243 232 142 84 53 211 12
    241 159 32 56 4 59 223 175 215 90 244 206 139 126 33 226 161 168 35
    94 155 73 130 202 156 171 252 235 206 99 0 14 198 196 37 183 239 25
    224 12 28 96 51 198 89 222 140 111 231 242 150 133 63 232 217 146
    154 190 95 178 113 117 192 164 161 52 183 232 41 142 228 123 180 130
    169 207 237 205 154 172 238 83 97 170 169 5 53 42 199 12 18 233 162
    69 140 43 81 144 73 231 253 161 216 161 69 179 166 238 140 159 195
    92 125 244 55 17 122 94 115 236 11 87 195 90 210 246 73 15 183 143 8
    185 95 210 197 62 160 16 228 116 4 181 149 23 156 127 47 174 107 46
    119 202 224 85 217 188 96 145 40 83 125 27 143 109 223 77 159 203
    241 10 117 43 213 94 145 228 137 56 233 253 107 156 85 155 147 74 99
    73 112 40 134 156 114 64 155 185 50 83 211 45 102 241 183 32 81 241
    19 206 241 11 195 189 210 2 98 7 48 66 157 10 150 236 181 11 201 56
    206 98 88 22 214 88 108 37 121 98 235 158 237 221 87 212 15 179 175
    21 90 126 182 49 156 81 43 225 163 157 217 241 50 233 236 39 201 36
    68 235 130 143 17 119 128 37 81 150 105 117 162 238 141 5 91 84 141
    54 207 91 236 184 176 14 148 245 133 101 25 170 222 162 31 57 20 239
    204 64 114 221 198 53 144 79 76 47 229 194 85 164 25 207 240 145 118
    135 1 162 245 87 1 31 218 198 117 85 13 13 55 32 49 203 68 173 145
    49 144 247 119 142 129 193 237 145 129 240 4 198 118 189 116 90 108
    217 227 93 124 191 70 65 222 104 96 131 214 165 64 136 128 41 184
    241 70 124 222 99 198 46 96 64 132 168 106 105 11 191 62 244 181 36
    67 224 19 177 53 7 151 214 184 224 113 147 91 96 185 41 82 200 224
    190 79 115 227 70 79 19 4 92 49 51 207 184 56 174 45 195 68 242 38
    29 47 87 54 111 101 135 172 116 205 134 204 220 196 145 181 237 255
    75 207 21 210 85 192 166 71 200 135 136 193 228 237 138 203 234 165
    52 212 136 245 46 240 24 187 8 133 70 141 130 198 153 252 246 82 195
    168 123 227 51 208 136 117 235 249 0 1 4 72 126 5 229 141 189 166
    233 203 245 153 183 252 124 153 189 224 241 98 87 244 181 98 235 1
    245 1 218 169 221 83 109 198 227 253 203 103 200 190 110 20 32 29
    250 183 58 219 184 39 53 216 173 223 78 219 246 170 208 134 141 133
    120 45 163 69 201 90 255 19 183 180 228 85 73 236 16 70 111 73 75
    121 130 137 153 184 171 156 201 210 23 178 141 28 214 90 120 209 205
    164 46 128 169 44 33 253 82 6 117 233 143 197 168 83 212 48 146 145
    145 26 228 237 66 199 7 16 124 47 74 130 254 79 82 166 149 122 0 146
    234 84 96 7 127 108 196 173 200 127 9 130 123 165 130 155 61 110 119
    248 1 247 27 180 89 65 205 139 83 168 216 209 37 33 141 87 3 115 237
    202 212 12 100 75 164 194 210 239 159 157 248 238 106 51 91 53 121 4
    68 153 159 135 231 207 147 160 62 165 137 228 83 98 64 126 156 222
    148 76 9 168 184 242 68 57 172 64 201 132 250 3 188 197 80 173 43 26
    191 206 41 208 59 187 247 78 105 44 118 232 255 225 52 186 255 122
    163 64 243 192 69 192 226 226 210 158 76 113 11 66 27 112 250 28 46
    66 211 249 61 41 68 106 34 183 225 178 42 165 13 175 205 165 52 32
    24 81 96 173 249 108 66 89 16 201 35 222 18 126 165 213 58 142 15
    166 199 52 15 128 161 52 2 72 180 193 61 18 107 36 114 233 21 37 144
    242 128 242 131 146 61 172 166 88 118 107 53 244 199 62 166 74 128
    160 142 92 156 77 135 141 124 114 113 109 20 139 118 251 242 42 119
    174 164 93 170 219 213 184 104 11 242 5 0 155 178 23 235 1 175 41
    117 216 99 134 159 143 210 161 119 25 55 162 52 16 53 206 4 73 112
    141 176 220 145 146 246 122 130 122 0 136 81 95 160 12 148 47 241
    243 120 148 124 238 129 65 94 52 203 46 6 125 216 155 19 165 168 144
    109 27 58 125 164 106 250 64 185 226 208 248 76 20 96 194 69 38 150
    79 52 98 34 44 217 27 75 221 37 62 231 237 132 74 195 177 78 225 160
    148 17 43 253 179 5 233 218 144 218 219 110 47 43 212 119 144 75 14
    79 8 217 106 42 158 254 187 111 32 15 211 242 102 192 81 64 133 140
    43 53 150 11 37 150 70 208 102 142 41 69 98 245 194 106 195 221 177
    38 157 95 57 46 181 86 96 195 178 104 169 190 62 161 94 231 76 153
    50 25 249 86 83 199 111 242 153 187 54 124 95 207 110 82 249 157 90
    155 199 56 216 132 54 109 6 38 184 129 152 169 71 221 70 235 148 213
    69 121 155 123 229 145 16 115 130 122 73 30 2 154 209 30 143 120 155
    54 73 177 197 146 7 74 51 189 115 116 174 199 6 142 158 11 59 80 58
    74 104 109 23 101 218 92 204 246 96 168 145 23 121 201 192 158 206
    154 19 165 21 200 69 74 122 205 88 24 129 50 250 83 94 234 168 134
    168 173 204 163 69 187 19 140 170 214 2 167 27 237 203 170 82 206 65
    172 41 157 41 9 80 101 136 127 41 122 20 50 167 86 205 35 72 52 49
    26 36 172 147 205 75 204 152 121 144 241 199 140 46 65 148 58 123
    227 213 193 24 148 102 165 239 67 38 143 9 104 249 67 246 14 1 248
    17 41 72 89 93 156 96 232 183 21 181 89 77 191 216 9 81 227 98 55
    163 157 64 218 87 180 78 108 114 83 222 39 110 104 9 235 69 222 123
    59 27 173 177 168 224 237 53 72 111 207 206 218 252 38 163 96 87 128
    165 106 180 163 55 102 89 189 49 147 77 6 49 48 160 167 9 139 16 217
    78 153 45 114 201 236 192 52 195 108 74 23 228 157 28 144 152 52 223
    131 176 61 54 53 198 90 42 60 110 214 21 21 239 215 48 212 152 60
    173 237 59 1 95 62 151 137 47 137 154 63 181 30 20 15 155 166 225
    130 150 172 2 151 108 193 173 54 126 77 154 32 55 158 6 73 206 0 152
    192 50 48 194 87 166 40 74 141 234 161 145 88 110 164 230 216 65 249
    141 7 129 3 68 84 94 110 21 116 103 106 93 93 32 126 182 45 112 234
    80 192 39 148 182 43 243 223 131 72 220 106 242 131 13 246 64 153
    187 38 215 192 241 180 3 1 125 113 109 51 122 157 232 91 137 22 225
    174 181 246 88 125 243 252 1 5 225 18 64 24 67 234 7 92 14 35 232 77
    10 61 80 90 158 108 191 143 253 111 241 198 211 63 101 86 29 62 123
    101 78 30 192 84 207 221 211 2 131 208 45 123 58 192 103 194 48 210
    28 173 214 106 189 222 11 183 63 54 183 13 250 77 36 118 182 155 101
    21 74 227 137 53 5 58 62 30 7 9 4 146 126 212 178 97 38 23 195 225
    36 8 170 36 47 34 147 235 192 78 22 47 246 48 4 189 155 80 76 139
    169 92 109 17 254 173 98 169 61 72 140 185 192 242 174 2 202 146 227
    51 38 255 247 218 195 248 6 66 137 151 204 58 154 0 86 173 233 85
    130 150 232 177 189 204 151 50 65 117 35 213 207 76 201 13 220 44 49
    160 224 64 199 125 72 118 86 138 91 162 206 44 240 139 102 75 216
    140 162 181 104 11 23 39 199 27 10 175 158 11 4 131 73 176 69 68 202
    121 232 54 59 74 24 247 189 133 107 173 221 6 11 76 191 213 163 172
    62 185 205 5 153 172 87 22 78 164 115 126 120 12 235 189 60 59 40 29
    190 62 105 30 253 30 104 128 84 137 205 29 154 130 83 78 42 38 145
    203 3 7 184 117 144 115 10 43 64 160 176 27 173 202 91 252 45 200 99
    238 81 161 25 182 222 80 125 24 181 237 98 18 186 190 20 233 0 197
    43 82 11 129 234 127 214 10 116 104 145 7 110 107 33 166 50 121 66
    113 133 148 222 5 200 172 176 32 189 43 161 228 227 11 108 61 90 254
    98 225 98 158 240 25 202 202 83 213 147 143 143 109 88 115 44 88 62
    189 61 175 54 67 91 176 109 181 199 178 14 81 205 31 158 80 45 212
    134 6 171 213 145 130 238 180 188 194 176 182 134 42 238 57 16 244
    225 85 216 201 82 132 180 146 186 110 34 78 162 116 51 92 76 232 191
    111 74 36 113 184 99 157 7 0 57 181 97 72 149 129 244 109 109 66 133
    91 128 214 87 119 141 162 161 195 23 133 154 50 213 29 223 129 219
    193 189 59 155 144 54 18 170 53 33 200 51 53 140 159 147 134 171 181
    130 111 162 142 241 198 160 116 152 165 214 178 89 225 236 111 232
    112 185 84 247 81 137 251 112 88 1 180 226 19 188 196 121 12 53 238
    98 49 115 218 31 51 181 18 234 170 79 62 127 86 239 15 63 25 122 187
    81 39 125 216 50 144 211 181 152 208 67 169 9 231 10 28 154 28 32
    135 93 45 104 7 133 77 136 88 165 55 55 30 86 242 33 104 139 178 129
    66 213 101 76 190 238 117 70 162 94 198 118 228 9 138 216 89 35 129
    153 205 35 153 172 107 201 33 243 82 86 234 112 180 3 124 162 2 186
    17 5 12 105 174 97 253 43 78 194 91 180 12 28 148 19 15 73 123 64
    200 251 190 199 223 147 147 157 230 124 134 103 132 206 245 50 77 8
    87 35 71 216 249 221 231 247 35 110 231 3 96 215 164 153 233 179 35
    196 192 221 76 11 117 16 53 123 174 38 48 197 118 182 34 223 55 59
    44 26 199 117 138 211 38 227 78 172 126 20 105 192 12 157 32 233 158
    54 139 184 135 141 130 110 215 74 2 29 99 231 26 35 40 186 6 188 235
    126 35 164 234 232 161 189 84 158 38 166 32 121 76 123 106 168 210
    211 0 47 2 87 241 91 171 156 37 115 238 207 75 154 223 27 154 131
    126 249 76 54 195 89 29 217 67 238 128 8 203 104 52 142 196 154 198
    76 22 211 189 77 94 41 233 254 243 27 160 169 144 14 14 203 186 92
    27 24 100 114 155 76 204 157 75 57 173 156 119 58 102 118 101 232
    209 107 140 124 189 222 248 12 147 169 37 33 201 198 205 11 56 48
    133 205 247 206 19 178 165 132 228 155 182 69 131 159 40 21 12 14 29
    246 45 200 9 3 187 78 135 176 207 158 178 195 242 10 132 0 248 129
    183 244 252 6 246 194 149 23 162 135 143 39 45 222 203 116 199 235
    81 210 92 149 156 36 136 217 119 169 180 216 198 99 210 35 52 36 172
    242 82 53 66 120 133 164 181 199 171 198 16 213 5 78 58 29 55 253 74
    138 99 225 186 27 32 250 237 63 80 13 202 47 187 211 184 5 106 40
    118 36 244 9 225 197 221 61 11 184 53 226 162 154 248 202 90 189 188
    234 5 75 146 182 228 211 149 230 55 96 242 168 127 68 208 41 46 108
    181 179 149 32 202 133 202 36 110 111 245 125 250 49 109 245 215 149
    66 199 162 140 115 158 246 251 253 44 150 37 141 229 219 169 151 72
    130 230 26 80 9 45 148 120 68 34 25 30 102 9 229 168 2 157 222 104
    227 154 175 102 83 117 80 87 59 57 132 49 139 157 124 163 145 66 4
    49 51 224 32 8 126 190 17 204 89 7 64 206 84 108 34 158 243 207 233
    77 22 153 178 164 254 72 37 200 228 223 230 226 57 152 203 224 184
    212 224 13 186 91 80 240 9 193 215 70 245 94 84 86 20 2 2 251 238
    236 132 203 233 99 203 44 20 44 71 123 244 148 47 187 112 166 13 54
    205 132 205 111 17 85 166 243 177 132 254 170 132 24 22 39 126 232
    164 160 59 228 66 121 67 67 44 137 23 93 209 100 5 96 219 156 231
    119 178 209 182 95 75 23 80 239 23 184 104 18 194 237 1 181 207 80
    157 85 234 228 220 72 67 8 195 157 237 67 245 204 74 78 40 195 88 6
    208 240 179 165 123 103 127 216 122 244 242 249 31 194 255 227 137
    210 17 144 142 108 236 233 160 23 222 99 24 193 6 125 30 180 175 164
    67 35 36 62 15 71 60 156 174 248 200 170 233 20 88 190 138 230 122 2
    247 212 126 196 48 131 128 108 106 53 28 119 213 112 15 206 22 153
    40 149 175 119 5 75 214 156 52 152 172 193 30 124 124 188 5 155 13
    216 253 64 125 104 254 13 204 108 33 252 54 16 39 58 70 83 148 162
    141 144 157 60 148 30 105 21 11 20 34 158 52 44 141 6 3 1 192 179 55
    149 251 115 235 155 95 129 132 104 85 126 200 200 177 12 245 52 81
    227 189 47 65 181 156 232 243 253 129 113 163 76 167 124 73 16 91
    195 125 205 178 11 166 244 166 1 21 221 83 177 140 231 138 29 226 85
    97 38 193 161 71 83 138 192 16 224 239 230 212 157 170 39 184 181
    208 158 107 92 44 9 6 128 207 131 59 145 252 190 98 36 94 135 144 72
    17 79 105 61 113 164 61 83 175 88 92 66 131 119 176 249 109 56 179
    144 15 34 198 98 86 148 235 240 83 115 131 180 31 121 200 149 30 194
    88 230 202 122 42 185 230 238 57 112 7 71 207 23 98 100 29 198 219
    131 44 214 173 94 189 239 78 193 69 77 30 135 39 9 128 150 28 64 42
    240 177 161 70 49 85 41 189 104 104 28 19 242 44 131 228 251 151 151
    57 8 169 14 76 34 208 193 52 28 80 46 117 212 198 214 134 158 161 21
    19 207 221 251 116 92 101 16 41 182 127 235 116 57 108 50 137 34 92
    58 39 168 144 81 59 91 222 130 91 182 148 4 73 32 161 55 225 176 47
    42 61 201 148 204 202 24 142 78 154 224 59 149 100 111 69 190 245
    250 28 35 46 237 251 102 161 210 238 130 229 10 69 170 107 195 59 95
    153 14 90 57 215 54 42 61 228 186 97 181 21 131 131 250 23 212 226
    238 42 156 119 121 88 59 13 6 39 76 233 170 156 95 7 113 102 99 99
    145 38 117 7 209 123 141 238 61 255 18 0 112 176 201 40 88 160 190
    130 198 199 169 176 143 106 102 7 63 174 182 81 194 55 51 199 242
    103 139 142 35 150 93 64 133 190 142 25 147 121 102 44 83 53 250 200
    105 114 224 78 22 58 190 131 114 189 203 157 129 99 7 131 192 55 136
    7 104 7 49 48 130 85 173 113 246 10 144 162 20 160 163 126 189 199
    219 155 184 194 36 207 17 68 40 17 124 34 243 62 85 142 252 40 234
    141 222 224 8 217 231 157 142 217 3 215 241 28 90 150 77 76 134 32
    100 72 128 37 117 167 39 227 198 88 119 231 152 178 254 182 219 175
    224 184 11 156 33 61 156 202 164 36 47 240 117 96 216 69 151 39 117
    101 157 217 198 142 145 212 241 129 166 93 201 234 49 77 241 100 6
    44 3 157 115 203 130 99 170 94 88 137 107 201 100 230 196 220 88 184
    183 26 127 164 52 139 24 34 213 104 26 20 104 175 13 69 229 161 116
    251 243 60 123 223 79 154 6 191 235 76 22 94 50 148 176 155 91 6 192
    161 206 12 84 227 9 61 200 181 99 147 21 35 154 8 123 148 174 122 13
    209 217 8 198 177 132 21 72 183 61 192 2 225 223 79 49 243 171 188
    227 27 71 124 196 42 98 214 64 32 31 53 7 49 84 220 186 237 123 54
    184 84 52 148 16 3 236 84 233 178 14 103 1 194 115 199 216 184 186
    168 7 71 88 75 146 37 66 251 98 26 27 93 181 56 7 128 82 133 10 114
    114 157 76 65 81 170 133 203 206 93 87 69 172 53 190 233 235 106 193
    200 105 50 102 126 242 167 0 88 87 114 25 240 77 137 245 248 236 61
    119 248 248 48 26 160 37 219 238 159 69 226 111 255 165 131 241 96 0
    150 166 100 121 212 133 162 249 100 198 253 94 32 173 81 126 165 128
    33 124 33 60 40 201 46 77 81 167 197 150 104 75 52 67 31 249 0 186
    33 5 45 60 211 245 59 178 146 182 175 71 142 207 59 203 99 254 15
    251 71 124 113 69 71 248 108 234 246 73 21 113 163 161 76 13 2 249
    69 68 171 7 107 254 137 30 111 33 140 218 147 121 85 154 42 41 95 95
    54 73 52 212 152 133 32 51 211 49 30 129 114 181 243 148 26 101 243
    164 100 250 113 51 144 21 217 52 37 175 36 4 52 137 132 126 85 8 13
    90 204 234 85 110 22 252 174 72 38 232 186 70 224 70 233 66 1 249 59
    137 254 170 196 13 255 251 100 65 86 99 128 180 161 40 2 181 242 234
    115 142 95 172 119 85 244 9 218 155 8 216 74 142 232 88 145 1 208
    237 34 112 161 235 9 235 165 17 223 101 21 78 16 82 57 126 201 116
    161 22 74 19 86 66 132 98 250 101 176 180 176 46 98 238 250 130 107
    244 97 239 137 114 177 136 217 158 18 198 252 222 28 196 240 62 115
    147 94 204 19 15 13 125 236 40 50 211 106 122 32 209 213 168 126 87
    207 53 115 21 170 132 24 127 107 216 229 220 230 13 64 233 169 216
    175 243 17 160 110 113 27 132 182 254 58 219 219 160 179 223 163 104
    181 198 242 134 151 107 87 204 89 51 11 15 70 181 89 140 14 186 107
    167 135 86 180 20 204 102 20 66 47 188 212 120 1 167 186 20 113 234
    74 132 39 207 127 97 65 129 252 126 100 36 100 193 99 38 188 151 149
    174 23 198 3 72 63 199 181 246 38 162 125 69 175 54 52 243 184 185
    163 241 25 54 86 161 171 56 195 22 185 206 18 153 249 95 71 110 214
    41 158 83 144 215 245 116 109 8 125 129 213 153 98 133 89 145 83 8
    95 164 184 34 78 45 59 70 39 103 178 120 37 212 143 35 249 78 206
    132 101 132 92 194 153 249 115 76 50 171 46 55 223 77 120 15 100 39
    52 136 239 149 225 29 6 136 176 89 143 145 243 43 128 53 248 153 244
    109 129 85 2 59 238 104 135 162 136 2 169 82 42 29 168 147 170 147
    86 245 99 238 129 166 35 55 137 64 179 201 194 176 36 2 62 133 31
    121 132 65 24 200 217 33 57 167 83 72 194 238 201 172 36 76 25 207
    62 77 217 35 136 199 113 74 125 198 214 229 250 191 25 66 211 38 166
    215 33 109 135 227 55 97 187 230 56 153 22 139 190 75 169 0 58 196
    137 185 143 67 46 1 93 87 11 204 236 124 66 244 148 167 217 100 169
    171 151 166 134 226 177 129 78 217 18 12 114 23 188 74 71 64 45 233
    175 175 145 125 115 28 208 228 30 207 50 77 120 244 88 144 180 74
    104 190 152 113 60 19 163 101 86 13 187 82 114 236 47 140 105 3 151
    242 47 224 255 246 39 75 128 56 59 14 49 8 139 165 186 41 117 197
    117 60 4 27 56 0 209 169 64 117 58 221 215 216 12 191 245 5 204 233
    181 186 212 144 128 211 197 25 66 180 118 27 32 151 148 95 182 18
    193 125 14 186 64 219 214 219 222 107 90 86 255 163 15 200 30 255
    133 148 74 65 71 57 121 192 68 28 172 133 112 126 8 87 212 20 106
    206 135 147 196 234 105 216 29 15 57 159 90 255 17 235 204 122 0 198
    182 83 169 167 202 36 200 177 133 26 87 184 222 96 201 237 29 169
    183 195 134 200 75 72 251 8 70 8 175 187 21 12 249 230 132 160 145
    92 130 197 57 47 59 252 100 20 33 84 205 65 97 237 115 185 70 253 1
    182 248 47 22 185 243 197 241 141 7 7 71 221 115 88 220 40 99 134
    176 209 150 28 218 150 156 13 212 97 211 129 56 223 117 81 52 76 154
    112 204 113 73 129 83 177 69 130 147 47 24 147 19 122 216 180 176
    247 250 200 95 58 69 11 45 232 140 94 180 83 75 245 52 203 75 11 142
    193 52 16 109 178 207 69 4 62 167 156 32 118 50 50 23 203 111 35 44
    36 62 17 175 128 155 93 215 43 160 14 139 173 228 239 249 238</data></test_img>
<my_img type_id="opencv-matrix">
  <rows>128</rows>
  <cols>256</cols>
  <dt>"3u"</dt>
  <data>
    0 0 255 255 255 174 0 0 255 0 0 0 0 122 8 0 255 0 255 255 21 0 255
    255 102 0 0 255 0 34 0 42 0 255 0 0 0 255 1 0 241 15 0 255 255 255
    255 255 0 255 0 0 255 0 255 0 255 0 93 10 243 255 0 0 255 191 255 0
    0 0 220 0 191 208 62 255 0 0 56 255 191 0 0 0 0 255 0 0 0 0 108 255
    255 255 255 255 255 255 0 0 255 200 255 0 75 0 0 77 0 0 0 255 255 0
    239 255 255 0 200 0 109 255 255 0 255 0 255 146 255 0 255 0 0 85 7
    255 0 0 255 0 0 0 255 255 0 0 255 0 0 255 0 255 255 255 0 0 0 255 66
    255 93 255 0 0 0 255 152 255 81 149 155 255 169 64 0 22 255 255 187
    255 255 0 0 0 245 0 255 0 255 255 0 255 108 250 0 0 0 0 0 255 255 0
    0 0 255 255 0 0 0 255 0 255 255 255 86 0 255 0 255 0 255 255 255 0 0
    0 255 0 0 0 125 165 255 255 255 0 255 0 54 255 255 0 255 255 0 255
    255 0 100 22 255 255 255 0 36 0 226 255 255 24 0 0 255 255 246 255 0
    255 0 0 0 0 255 0 0 0 0 238 255 255 0 0 156 255 192 0 0 0 0 255 0
    255 0 255 255 28 255 255 0 255 255 255 0 0 0 0 18 0 0 255 255 0 0
    132 0 255 255 255 254 0 0 72 0 239 0 255 0 0 255 0 97 237 255 0 0 0
    255 77 0 0 255 119 0 255 255 255 0 0 255 255 159 255 255 255 82 0 0
    0 0 255 255 255 255 255 0 0 0 255 255 255 34 69 255 0 0 0 255 255
    255 255 0 153 255 255 0 255 0 255 255 0 0 0 255 187 255 255 0 255
    255 37 0 0 255 255 0 255 0 255 0 0 255 255 0 146 255 255 0 255 255
    158 255 139 255 0 0 255 255 255 0 0 123 255 255 0 205 0 54 235 255 0
    0 253 255 109 255 7 4 255 0 0 255 255 0 255 8 255 0 255 0 255 0 255
    0 255 0 255 156 0 92 0 0 0 255 255 0 0 0 255 0 253 255 0 97 0 255
    255 255 0 0 0 255 20 255 255 0 255 0 255 255 255 0 180 0 255 255 242
    0 255 0 165 0 255 217 225 0 223 255 41 0 0 255 83 0 0 255 255 0 0
    255 255 0 255 0 0 0 255 200 255 255 255 255 0 0 0 0 255 255 255 130
    0 0 255 0 255 255 0 255 160 0 0 0 255 0 255 0 255 255 41 0 125 255 0
    161 0 147 255 0 255 0 255 255 255 0 0 255 255 255 0 255 0 161 0 0 0
    255 0 0 255 255 255 0 187 112 142 0 255 55 255 255 137 210 0 0 0 255
    255 0 0 0 0 255 255 205 0 255 255 255 0 0 0 255 234 211 255 255 0 0
    255 255 255 0 0 0 0 255 0 255 0 255 0 0 56 3 255 255 0 147 0 255 181
    0 0 0 255 255 0 0 255 255 255 0 0 0 255 0 0 108 255 0 255 255 0 0
    255 18 255 121 166 0 255 0 255 0 255 0 0 55 255 255 0 0 0 255 255 0
    0 191 255 40 0 0 0 255 0 255 0 245 0 126 0 255 34 0 162 255 0 0 0
    255 255 0 0 0 255 255 0 0 255 255 0 0 0 255 255 255 0 255 3 255 255
    0 0 0 255 255 255 255 0 255 0 0 255 163 255 0 0 151 0 0 147 0 0 0 0
    64 255 0 180 255 24 255 0 17 255 255 0 0 0 255 255 0 0 198 79 255
    255 255 118 255 255 255 0 0 255 255 0 0 0 105 7 45 0 255 0 0 0 255 0
    0 255 0 255 0 255 50 107 255 0 0 0 255 255 242 120 255 255 110 255
    255 255 255 246 255 0 215 0 255 255 0 76 0 181 255 255 64 0 255 255
    255 0 0 0 0 0 22 184 255 255 0 225 0 255 0 255 0 78 255 255 255 58
    255 0 0 255 10 255 0 255 255 255 255 0 0 210 255 255 255 0 0 255 255
    125 71 0 255 210 0 255 255 93 255 0 255 0 0 58 0 0 0 255 0 255 0 255
    255 0 0 0 255 0 255 255 198 0 0 255 181 0 0 255 0 0 255 0 0 176 0 0
    0 255 255 255 0 0 255 255 0 58 255 0 255 255 255 0 147 0 255 255 0 0
    255 255 255 0 255 255 255 0 255 144 0 0 127 2 0 132 46 0 0 0 26 255
    0 0 0 65 214 255 154 255 0 0 0 255 0 255 255 0 0 0 0 0 255 0 218 255
    76 255 104 0 0 255 224 0 0 0 255 0 255 250 0 255 0 0 255 228 0 255
    255 255 255 179 139 255 255 0 0 0 0 255 0 255 0 255 255 255 0 0 255
    175 194 255 0 255 0 0 0 255 255 0 255 0 255 168 255 255 44 0 158 89
    0 0 243 255 0 0 0 255 255 255 235 255 255 140 0 0 67 255 255 0 0 255
    255 255 49 255 82 255 0 0 255 0 0 0 0 228 255 155 198 0 0 0 0 255
    255 255 0 231 0 0 0 255 0 0 0 255 255 0 255 60 0 255 255 0 0 0 0 0
    255 0 255 0 255 248 191 255 0 255 255 255 13 0 255 146 0 0 255 255
    255 0 255 0 255 26 255 0 255 255 255 0 0 0 29 0 252 0 255 142 0 0 0
    205 126 176 255 255 255 0 0 0 114 128 255 0 42 0 255 0 255 0 255 0
    255 32 148 0 255 0 244 255 58 0 0 255 175 115 255 0 7 0 0 0 255 255
    0 255 0 255 0 255 235 255 255 255 220 0 96 48 0 98 0 255 210 0 0 0
    255 255 0 172 0 0 0 4 18 68 0 255 255 154 255 0 255 0 0 242 171 255
    255 0 0 231 255 0 0 0 255 123 0 255 255 74 0 255 24 255 0 0 6 0 200
    0 215 0 168 0 0 255 0 0 255 0 255 0 0 255 9 255 0 0 132 2 0 255 0
    255 255 0 255 137 255 0 60 12 0 0 255 255 0 255 0 255 255 255 255 0
    255 0 0 0 232 51 255 255 0 255 0 255 255 255 255 255 0 0 0 170 56
    255 8 255 0 180 140 0 233 255 234 221 0 59 255 0 62 24 255 30 0 0
    158 255 255 255 0 48 0 255 0 255 162 255 0 0 255 255 0 255 255 255 0
    255 140 183 0 0 255 255 255 0 142 0 0 255 255 255 0 0 0 255 255 161
    255 0 203 0 255 255 255 42 0 0 0 255 255 255 0 221 255 0 0 255 0 255
    255 255 0 0 0 0 255 0 0 0 255 183 109 0 255 255 0 255 255 0 255 0
    221 0 255 255 226 0 0 255 255 255 255 0 255 0 175 255 255 0 194 255
    255 130 0 0 90 255 0 0 0 255 100 0 0 255 255 0 245 66 255 155 0 0 0
    255 255 93 215 0 254 0 0 79 70 0 255 0 255 0 255 255 255 98 255 216
    89 187 255 188 49 0 255 0 255 255 0 238 220 237 0 0 255 255 0 87 255
    255 0 255 64 0 0 255 255 255 12 171 255 255 0 85 255 154 255 255 255
    255 90 0 245 0 27 83 3 0 255 255 95 255 0 110 0 0 19 74 255 255 255
    254 0 0 0 255 144 255 1 0 0 0 255 255 255 0 255 0 255 116 166 0 255
    255 0 0 0 255 255 255 85 255 0 0 0 0 255 255 255 0 255 255 0 102 0
    92 255 255 0 255 0 0 0 255 96 255 203 0 0 255 207 0 0 0 0 255 0 0 0
    255 255 0 175 50 255 149 255 0 0 255 255 187 0 0 0 255 255 0 0 0 119
    255 82 117 0 144 0 175 0 15 255 255 0 255 173 255 255 0 255 0 255
    255 0 0 255 12 255 0 255 255 0 0 0 255 0 36 0 255 255 0 0 255 255
    255 0 225 255 255 0 49 0 255 0 255 255 255 255 2 0 0 149 137 255 0
    165 41 55 255 255 142 255 255 255 0 0 0 178 255 255 255 0 255 255 0
    255 0 255 255 255 162 0 178 218 0 255 0 0 1 0 0 255 255 81 0 140 0 0
    0 0 0 255 64 141 167 255 255 0 0 0 240 0 77 0 255 40 255 0 255 0 255
    193 0 255 255 0 255 0 255 0 219 0 0 255 0 255 117 0 0 255 255 44 0 0
    255 184 0 219 0 255 255 0 0 0 255 255 255 255 0 255 255 148 0 62 222
    255 64 255 0 0 111 0 255 136 0 255 0 0 0 192 222 255 255 0 37 0 255
    0 255 0 255 0 255 255 0 255 0 201 255 0 154 67 255 14 0 204 0 0 89
    255 0 0 0 255 255 255 255 72 168 0 255 255 0 255 163 255 0 255 0 255
    0 0 31 255 255 0 255 255 255 0 0 0 255 0 0 0 255 255 255 255 255 255
    0 0 0 0 0 0 154 93 255 0 255 17 0 0 0 167 255 255 0 35 0 0 255 0 255
    255 255 255 255 255 112 255 0 0 240 255 0 19 0 0 255 255 51 0 0 187
    33 217 255 0 0 0 0 72 255 0 0 0 0 255 255 0 0 0 255 255 44 255 0 0
    255 255 255 0 0 0 255 115 255 255 0 255 0 27 138 255 255 255 78 0 0
    255 255 255 174 0 0 0 244 255 255 255 78 0 234 0 0 227 0 0 0 178 233
    166 133 255 255 195 255 255 255 0 39 255 255 0 0 16 255 255 1 255
    255 255 200 255 0 255 255 255 0 255 98 0 255 255 0 0 0 255 0 159 183
    210 255 29 255 255 85 0 0 0 255 255 255 125 0 0 255 0 0 0 62 255 255
    0 0 0 105 255 255 255 0 10 184 255 255 255 211 0 0 67 0 0 147 0 0 77
    255 0 80 0 0 255 0 0 0 255 26 255 0 255 0 255 0 173 0 0 255 0 255
    151 255 0 235 42 142 0 93 255 255 210 0 255 255 0 255 255 0 255 0 52
    127 255 0 255 0 255 0 246 255 0 255 0 255 0 0 0 0 255 255 255 0 0 0
    255 0 255 180 157 196 0 255 255 255 0 255 255 255 0 0 0 0 255 225
    255 0 145 255 156 255 135 103 0 18 0 255 255 0 255 0 255 0 0 255 0 0
    0 0 0 0 0 255 255 255 246 255 255 255 50 255 255 255 0 255 0 178 0
    255 0 155 0 0 255 255 255 0 0 255 255 255 0 149 0 255 0 183 255 255
    210 0 0 0 255 249 255 0 0 196 0 255 0 255 0 91 0 0 0 0 255 255 123
    208 255 0 10 0 248 255 255 0 0 255 0 0 255 124 0 0 126 255 255 211 0
    0 255 0 0 255 255 99 255 0 255 192 0 0 255 255 255 255 215 0 0 255
    255 103 255 0 255 0 0 0 255 255 159 255 255 184 233 0 245 241 255 0
    255 0 255 89 0 0 255 255 44 49 245 0 27 0 255 255 255 255 0 0 147
    255 255 0 242 0 255 0 0 0 255 255 255 245 78 0 0 0 0 255 255 255 0
    255 0 0 255 255 255 0 0 219 255 255 255 0 0 255 70 0 0 255 255 139
    94 0 0 0 255 255 0 0 0 255 255 255 255 255 0 0 0 0 0 0 255 255 255 0
    0 0 255 255 255 255 255 255 0 255 0 255 255 229 255 81 0 255 0 255
    253 15 255 0 0 255 0 0 0 0 0 255 0 255 0 0 0 0 255 0 255 0 153 0 255
    169 0 255 0 0 255 72 0 0 255 166 255 255 155 255 213 39 0 255 159
    255 0 0 255 255 0 0 0 255 59 255 255 255 0 0 255 0 255 47 0 0 253
    255 0 255 255 255 189 255 0 0 144 255 255 0 255 0 255 165 255 255 0
    0 255 219 255 0 17 0 255 208 0 0 76 0 255 255 0 255 255 255 0 32 0
    69 255 255 0 0 25 0 234 0 152 255 0 255 0 255 255 45 0 0 0 85 0 255
    255 136 255 255 0 187 0 255 255 255 159 0 255 203 4 99 0 0 255 226
    18 39 255 255 101 255 167 0 255 255 255 0 187 0 0 0 255 216 255 0
    255 255 255 0 36 0 255 111 255 0 0 0 255 255 0 255 69 0 255 0 0 0
    255 255 23 0 255 255 0 0 255 255 255 0 0 162 38 229 255 0 255 255
    255 0 255 216 255 0 29 0 255 64 255 116 255 10 0 0 255 48 255 255
    255 0 0 241 0 0 0 17 0 82 0 255 255 0 255 0 23 0 255 135 0 0 255 255
    255 86 0 255 0 0 0 255 230 255 194 255 255 255 244 217 0 0 255 255
    200 255 9 0 255 255 101 0 250 0 255 240 0 0 0 0 255 0 0 212 7 0 0 12
    177 93 0 10 0 0 255 0 0 0 0 255 255 255 0 0 0 255 255 224 54 255 255
    9 0 70 26 255 0 255 255 9 144 0 255 255 0 233 255 225 0 0 255 255
    255 255 255 0 0 0 255 255 255 255 156 110 0 255 0 255 0 0 0 0 0 70
    255 180 0 255 167 0 255 255 255 115 100 0 0 176 35 0 192 0 255 0 67
    0 255 0 105 255 139 207 54 255 219 0 255 255 255 0 255 255 0 0 255 0
    0 146 77 255 255 255 0 65 255 0 0 0 255 252 255 255 170 255 229 255
    0 0 0 255 255 255 253 223 12 255 255 255 255 0 255 38 255 0 255 0
    255 255 255 0 0 0 0 255 255 0 179 0 255 255 255 6 255 43 0 255 255
    211 0 255 0 255 0 255 255 0 255 0 255 137 0 0 0 255 255 255 0 0 0
    255 255 0 0 161 212 255 142 255 99 255 0 23 0 255 0 174 0 255 0 0 0
    255 255 255 255 237 27 0 123 255 255 255 255 255 0 255 126 255 0 255
    255 255 255 0 0 255 75 255 0 0 0 6 255 255 230 0 0 0 23 248 255 255
    44 255 0 143 170 255 255 255 255 0 0 0 0 255 255 12 0 0 0 250 27 255
    0 255 252 139 0 208 0 255 0 255 255 255 0 255 235 255 255 210 0 213
    239 255 0 255 255 255 0 0 255 255 255 157 0 255 255 179 0 0 0 255
    255 255 0 0 0 255 255 120 0 0 0 0 255 255 255 0 156 255 255 0 86 0
    255 255 0 255 0 255 0 142 0 255 122 255 255 255 236 0 0 0 0 0 255
    255 228 93 255 255 0 6 88 255 146 255 0 255 0 37 10 255 255 0 0 0 43
    255 0 241 0 255 0 255 39 0 0 0 0 0 176 255 0 0 0 255 255 0 246 59
    255 163 138 255 255 38 255 0 5 68 255 255 0 0 0 255 0 11 255 255 255
    255 0 247 255 254 0 255 255 0 23 0 0 0 0 156 255 255 123 255 255 255
    0 0 0 255 0 0 0 255 0 186 255 255 0 136 222 0 255 0 255 227 0 0 0
    255 200 255 255 0 255 255 0 0 0 0 0 255 1 255 0 0 0 255 255 255 207
    255 0 0 0 27 134 0 0 255 0 255 0 86 0 177 3 255 0 0 221 244 255 0
    255 255 183 255 0 255 255 255 0 35 0 255 0 255 0 255 0 218 3 0 255
    255 0 255 199 255 0 190 0 0 88 255 198 255 255 255 0 0 0 255 255 0 0
    0 7 255 255 0 255 235 0 0 255 255 255 0 0 255 255 0 255 255 255 255
    255 255 0 0 0 255 0 216 0 0 147 0 127 100 255 255 0 255 0 255 0 255
    0 0 0 0 255 255 0 0 255 0 0 0 0 255 0 166 0 188 255 0 0 255 255 255
    0 255 255 253 255 0 255 22 255 255 96 0 16 255 255 0 0 0 255 255 0
    255 255 84 0 255 0 0 0 0 164 255 0 255 0 255 0 0 0 255 255 0 255 43
    3 0 178 0 255 0 0 0 0 255 255 130 0 0 0 255 0 255 0 0 163 0 255 0 0
    0 0 255 255 255 255 0 0 89 255 82 157 0 255 255 255 0 0 0 255 0 0
    255 255 255 0 255 0 255 0 0 0 255 255 255 0 86 255 255 255 0 255 0
    255 255 255 0 0 0 255 0 255 6 255 255 255 0 14 255 255 255 150 255 0
    255 255 0 148 255 255 255 0 0 255 255 255 223 0 231 73 255 0 255 255
    143 3 0 255 51 255 39 255 0 255 255 0 0 0 255 233 0 0 255 255 255 44
    255 255 255 0 0 255 255 0 255 54 0 0 247 0 255 0 255 0 255 0 255 0 0
    218 255 64 0 255 0 255 255 255 255 255 0 0 0 255 255 255 255 0 0 0 0
    0 0 255 255 255 0 233 255 255 255 255 0 0 0 179 77 255 255 255 0 255
    255 255 0 71 0 0 37 125 255 0 255 0 0 0 167 0 0 208 255 0 255 255
    255 0 255 255 255 137 0 0 0 255 255 0 255 163 255 255 0 119 255 209
    0 255 255 255 0 0 0 255 255 0 0 0 159 255 255 0 0 0 255 255 255 0 0
    0 130 134 255 255 150 0 255 255 0 73 255 0 0 0 255 0 255 0 255 255
    255 255 100 0 0 255 255 240 255 255 62 255 0 255 0 13 255 0 255 104
    61 85 110 0 0 165 255 255 255 0 0 0 135 21 0 0 255 255 255 0 0 0 255
    255 31 0 255 0 0 0 0 255 235 255 0 255 0 233 40 255 14 0 97 255 233
    244 0 0 58 255 255 0 255 255 255 0 0 0 255 255 255 0 0 255 32 0 255
    255 255 0 0 255 255 255 0 0 255 255 0 0 0 3 255 255 255 255 0 0 0
    255 255 167 43 0 255 255 0 0 193 16 255 0 64 0 0 86 212 0 255 0 0
    255 2 245 0 255 255 0 0 0 255 0 255 0 255 255 0 0 217 255 0 0 11 210
    0 0 0 255 255 255 0 255 255 255 0 0 0 0 0 218 255 255 0 0 255 0 255
    255 255 0 0 0 0 251 241 255 255 255 0 0 255 255 255 0 0 0 255 255 0
    255 0 53 0 0 0 0 255 0 255 255 255 0 0 255 255 255 50 0 0 255 8 255
    0 104 132 255 0 0 0 255 78 0 0 255 255 0 0 0 255 49 0 0 0 255 255
    255 255 255 255 0 255 0 255 83 255 255 0 255 0 0 0 255 255 255 0 255
    0 199 194 255 0 255 237 230 74 0 215 0 0 255 255 0 0 0 0 255 0 176
    14 255 255 0 0 255 255 0 0 255 255 255 0 255 255 221 53 0 0 255 255
    255 0 0 255 255 60 255 0 150 37 168 0 255 255 255 0 255 245 187 0
    178 255 0 0 164 255 255 0 0 233 254 0 255 255 255 0 255 0 59 8 140 0
    255 46 255 0 26 0 255 54 0 255 255 255 255 32 0 0 0 255 0 0 0 255
    110 255 0 165 0 255 0 245 255 255 255 72 0 0 167 255 0 245 255 255
    255 0 0 0 255 126 255 35 0 0 255 255 255 0 82 255 255 0 0 38 255 255
    122 0 145 255 255 255 0 0 160 255 0 255 0 255 0 176 0 235 255 247
    182 0 255 255 255 0 0 0 0 255 255 255 0 0 0 255 255 255 109 0 255 0
    255 255 0 0 255 0 255 255 255 0 255 255 255 0 255 0 0 0 255 255 255
    0 255 255 255 0 116 0 255 0 255 0 255 0 106 255 0 255 189 90 255 255
    0 0 120 44 255 255 0 0 39 255 255 255 0 0 255 255 255 255 0 249 0
    154 255 255 0 255 0 229 204 255 0 255 52 247 0 255 255 63 0 0 255
    255 255 0 255 0 0 0 161 0 0 255 18 255 0 0 255 255 255 110 0 255 0
    255 0 0 255 0 255 0 143 0 0 255 0 255 0 255 0 0 0 255 0 255 0 255 0
    255 46 255 36 255 0 72 0 255 0 255 0 0 255 255 0 252 255 0 0 0 15 0
    255 255 255 0 0 255 132 72 0 0 0 0 255 0 255 0 0 188 255 235 255 255
    76 0 0 0 0 0 0 255 0 255 0 207 0 255 255 0 0 0 234 255 205 255 0 0 0
    0 255 0 255 255 255 0 123 0 255 255 0 0 89 255 255 255 0 88 255 0 35
    0 0 0 167 255 0 255 255 255 255 255 0 0 255 255 173 0 0 0 255 255 0
    0 255 255 255 0 164 0 255 0 255 255 207 123 0 0 0 255 0 255 0 255
    255 0 0 255 46 0 255 177 255 240 0 0 255 255 0 181 0 255 39 255 0
    255 0 247 0 0 102 255 255 161 255 0 0 0 251 255 255 194 0 88 0 255
    255 198 0 255 0 0 93 0 255 255 87 95 0 0 0 255 255 255 0 0 0 255 255
    210 0 96 0 255 255 255 0 0 255 255 255 53 255 0 1 0 255 0 158 46 255
    255 255 0 255 0 255 144 255 0 255 0 255 0 255 255 255 0 0 149 255
    255 255 255 0 0 0 255 0 193 61 0 255 0 23 0 255 255 255 0 0 0 255
    255 0 0 79 0 0 0 255 183 0 255 0 255 0 0 255 255 126 0 255 255 255
    201 0 255 35 248 255 0 255 0 143 0 0 218 0 0 246 71 143 0 0 255 255
    251 73 26 255 82 255 118 255 255 255 143 255 255 196 255 0 0 0 210
    255 255 0 255 255 0 255 255 0 0 0 244 0 255 138 255 255 255 0 255 0
    255 255 255 255 0 0 255 0 255 255 255 105 0 255 255 255 0 187 255 0
    88 0 255 255 0 0 0 238 255 255 143 0 255 0 255 0 255 0 255 0 0 255 0
    255 0 255 240 0 0 0 255 255 0 0 255 255 255 77 117 249 0 255 171 0
    255 255 252 0 23 255 255 0 0 255 255 197 0 255 255 0 0 61 203 0 173
    255 255 0 0 0 255 109 0 255 163 255 210 0 255 0 61 0 255 0 0 247 196
    0 84 255 115 71 255 0 255 255 255 0 0 0 255 0 255 0 0 0 255 255 0 0
    87 0 0 0 255 64 255 193 0 0 255 0 255 0 255 0 0 2 200 0 255 186 0
    157 120 0 255 255 0 0 0 255 175 255 0 175 41 255 144 0 0 0 255 255
    255 255 0 103 0 255 255 255 0 215 255 255 0 0 0 255 40 186 0 255 0
    255 0 0 0 255 0 255 19 255 0 44 0 255 0 0 255 0 0 174 255 0 0 0 255
    255 22 255 87 255 255 0 153 0 0 255 255 0 0 255 255 255 0 156 255
    255 255 0 255 0 255 255 255 255 0 0 66 0 0 0 0 255 255 255 0 0 0 255
    255 255 224 255 0 0 255 0 0 0 0 25 255 255 255 35 255 255 255 0 255
    0 0 0 255 0 255 0 255 0 255 140 33 0 255 255 255 189 255 171 255 0
    255 0 0 0 55 0 0 81 232 255 0 0 123 255 233 0 0 255 255 255 227 0 0
    0 255 8 255 0 0 0 255 216 255 0 255 166 255 255 255 0 0 255 255 255
    255 0 255 0 255 0 255 15 255 255 255 255 0 255 0 255 255 255 255 0
    255 0 255 0 255 0 255 0 255 0 255 255 0 0 95 255 255 0 255 0 255 0
    174 255 255 0 0 255 159 255 185 255 0 0 255 255 0 0 255 255 255 0
    255 255 255 0 193 255 255 255 0 255 0 255 0 0 255 255 255 255 161
    255 0 0 211 0 0 0 212 255 218 0 0 0 244 255 0 237 0 255 0 255 0 0 0
    255 255 255 0 106 0 38 0 255 0 255 215 255 255 0 0 0 255 255 255 29
    0 0 255 0 54 255 219 0 0 124 0 0 255 255 255 255 255 0 255 255 0 0 0
    255 128 0 0 0 0 255 240 255 0 255 0 255 0 0 0 255 255 0 0 248 255
    224 255 0 255 0 255 0 0 255 0 255 0 0 238 123 0 0 0 255 255 0 0 255
    255 0 0 0 244 255 255 0 0 0 255 255 255 131 0 0 0 255 255 255 0 0 0
    255 255 255 255 0 211 255 0 255 215 0 0 255 0 255 0 255 0 0 0 0 255
    146 255 0 255 255 0 255 255 255 246 0 255 178 134 223 0 0 255 255
    230 255 208 134 255 0 255 0 255 0 0 0 0 255 236 0 255 0 255 255 255
    255 0 0 0 255 255 0 86 255 14 66 132 255 255 255 0 241 0 255 255 21
    0 0 0 255 255 0 255 0 16 0 255 255 235 0 0 255 0 255 195 255 0 255 0
    225 0 0 0 255 0 255 10 162 0 255 255 0 23 0 255 127 255 0 253 0 0 40
    255 255 17 255 136 0 0 0 0 0 255 255 255 0 0 0 0 255 255 162 155 0
    101 255 255 255 255 255 0 255 0 255 247 255 255 0 228 0 193 0 255 0
    229 0 0 0 107 255 162 11 255 13 0 0 243 248 13 0 255 255 225 255 255
    255 255 0 40 0 216 0 0 255 153 188 0 255 0 150 0 255 157 255 0 0 0 0
    50 0 0 0 0 0 255 255 0 0 255 255 255 0 0 255 0 0 6 255 255 0 0 0 0
    255 57 192 0 255 209 0 255 0 255 106 0 255 18 0 0 255 0 0 50 255 0
    166 0 0 255 255 255 0 255 193 0 78 0 255 0 255 255 255 0 0 255 255 0
    0 255 128 0 0 255 255 255 0 255 255 255 0 214 0 255 0 255 255 255
    255 0 255 0 190 220 200 255 0 255 0 70 151 0 0 0 0 80 186 255 255 0
    0 0 0 255 255 255 0 0 255 0 255 0 255 0 223 255 255 109 0 0 0 0 255
    255 255 0 255 0 255 255 255 0 0 0 255 255 255 235 0 255 255 255 169
    255 61 198 0 0 0 255 255 0 0 255 132 255 169 0 0 0 255 64 255 255 54
    255 0 255 0 255 8 34 0 255 255 24 255 255 0 0 0 255 255 44 0 212 212
    0 255 0 255 0 255 225 255 255 255 0 27 0 0 0 255 228 255 155 0 0 255
    255 255 15 0 0 0 255 255 0 0 0 255 0 0 0 255 255 255 0 255 255 255
    255 0 255 0 255 0 255 67 255 66 255 0 0 255 0 255 255 255 0 119 0
    255 0 255 255 0 0 0 255 255 255 255 255 255 0 255 255 255 0 0 0 255
    255 0 0 0 110 255 0 0 139 255 0 211 0 255 197 255 3 255 151 255 0 0
    243 255 0 255 0 0 0 255 255 255 0 60 0 255 255 255 0 161 95 0 255
    255 0 0 255 255 0 106 255 255 255 57 0 0 0 0 0 255 255 0 0 136 250
    255 0 255 0 0 0 255 255 0 0 255 0 255 255 0 72 0 255 0 223 0 255 212
    93 255 0 255 0 255 0 0 255 252 255 24 0 255 0 0 0 255 255 0 255 88
    255 0 255 255 0 0 0 0 255 0 115 73 91 255 255 0 0 0 255 255 88 255 0
    255 218 255 0 255 0 0 0 157 255 255 0 0 255 255 255 0 255 143 0 0
    255 0 255 0 0 0 255 38 255 255 255 0 0 0 255 0 255 10 0 255 0 255 31
    0 255 0 0 204 0 101 0 145 255 255 255 0 0 0 255 0 0 38 0 0 255 255
    255 255 0 217 88 142 131 255 0 212 0 255 115 255 7 225 166 0 0 255
    255 197 0 143 255 255 0 85 255 0 255 0 0 0 255 76 255 0 255 64 14 0
    14 120 255 255 206 0 0 0 255 151 255 255 251 0 0 0 0 0 255 255 255
    255 0 195 255 255 0 0 37 255 0 160 91 255 255 0 0 0 177 255 255 0 0
    255 255 255 66 255 0 255 33 255 164 0 0 222 255 175 93 0 0 0 221 255
    255 255 255 0 255 253 0 0 0 255 255 255 139 0 255 255 255 255 255 0
    0 0 253 0 0 0 255 255 0 0 0 255 255 255 255 0 0 0 55 0 255 0 124 0 0
    255 0 142 0 255 255 255 0 0 255 255 0 0 255 0 255 0 131 0 0 0 255
    255 255 0 255 255 255 0 255 237 82 255 117 0 20 0 255 255 255 221 0
    197 0 255 152 255 255 0 0 0 255 35 255 190 255 255 255 0 0 0 0 0 255
    0 255 0 65 255 255 0 0 255 255 69 255 0 0 247 255 226 255 255 255
    255 0 0 0 0 0 255 0 0 0 255 255 255 255 0 255 213 250 255 0 0 0 255
    0 255 255 0 0 0 255 224 255 255 255 0 0 255 13 0 255 0 255 0 255 25
    255 0 255 0 255 255 212 0 255 0 177 0 255 255 0 0 255 0 255 0 192 0
    0 0 255 255 255 255 255 0 255 0 0 0 0 255 193 255 255 0 255 0 0 83
    255 0 255 108 218 85 255 0 0 0 255 0 0 255 0 0 56 143 51 0 255 0 0
    255 255 0 0 0 255 255 255 0 255 255 82 167 255 72 96 0 0 255 0 0 0
    255 255 0 159 0 255 0 163 0 255 255 0 255 141 255 0 0 0 255 255 255
    0 255 0 0 255 108 255 255 0 0 0 255 166 0 255 255 255 0 255 255 0 0
    255 255 255 0 0 185 255 255 255 0 0 240 255 255 0 0 0 255 255 0 0
    255 0 255 0 255 0 0 0 0 211 255 0 255 165 255 255 0 0 0 255 255 255
    96 0 0 255 255 255 0 0 0 255 0 255 0 0 0 255 122 0 255 255 0 0 132
    255 255 255 210 0 17 255 255 0 145 255 255 0 0 70 255 255 255 255
    255 0 255 0 0 0 0 0 175 255 255 0 0 0 0 255 255 255 255 255 255 0 0
    0 255 255 0 127 255 0 0 0 130 34 255 0 255 0 255 0 0 0 255 255 0 0 0
    201 255 0 0 255 255 0 0 0 0 0 0 255 20 255 0 255 0 255 255 0 0 0 255
    0 255 255 0 255 255 0 255 0 0 0 255 255 255 215 0 255 0 255 0 7 0
    255 255 255 0 0 186 255 255 0 0 0 255 255 255 255 0 255 255 255 255
    0 0 255 255 181 0 58 0 255 0 0 0 255 255 255 255 235 0 0 0 203 181 0
    88 13 255 236 255 0 255 255 255 187 0 255 255 255 255 0 255 0 255 0
    143 0 10 0 0 255 238 255 0 176 0 0 0 0 242 255 255 0 255 255 255 0 0
    168 255 255 255 0 0 255 255 255 0 210 0 255 255 255 0 0 0 0 255 255
    0 0 255 255 255 0 0 36 255 0 255 255 255 0 0 255 255 255 0 215 255
    255 255 255 0 255 255 34 255 0 0 0 255 0 255 0 255 255 20 0 41 0 255
    143 0 255 0 0 255 0 255 160 255 66 63 0 255 255 0 0 0 255 0 255 81
    255 255 0 0 0 255 0 255 176 255 0 0 0 0 255 0 255 0 92 0 255 177 255
    173 0 0 0 255 255 255 0 0 78 0 255 255 255 0 130 255 255 255 0 255
    36 0 0 0 255 255 255 255 255 255 0 255 0 255 0 0 255 255 0 0 255 255
    0 0 255 0 0 255 255 237 255 255 0 0 133 0 0 0 0 255 255 255 0 0 255
    255 255 0 213 0 0 0 255 255 255 244 255 254 255 255 255 0 209 241 0
    0 0 255 0 255 0 255 0 0 255 255 255 0 0 223 0 0 230 0 0 150 0 255 28
    255 255 0 0 0 255 255 255 0 255 255 38 206 0 0 255 255 255 12 0 255
    255 255 0 128 255 255 0 0 0 255 255 255 249 227 0 0 155 255 255 0
    255 0 255 78 255 0 199 255 0 0 0 255 0 122 0 255 48 192 0 182 255
    255 0 0 255 0 255 0 0 0 0 255 255 255 0 255 0 127 0 255 255 2 0 255
    255 255 204 255 0 0 189 0 255 0 255 0 95 255 255 175 0 0 255 125 255
    0 0 0 0 40 0 255 255 0 255 0 211 0 148 0 255 255 255 53 51 0 255 0
    255 0 255 0 255 0 0 4 0 0 255 255 0 255 0 0 105 255 255 255 88 0 0
    255 0 255 0 255 0 0 255 42 255 0 45 255 0 0 255 255 0 0 0 255 255
    255 239 0 0 0 255 39 0 255 0 255 0 89 0 132 255 0 0 255 0 255 255
    255 0 0 0 242 0 255 255 255 255 0 86 255 255 232 255 0 242 0 67 255
    255 255 255 226 0 0 255 255 0 255 255 255 0 0 255 255 255 0 0 53 255
    236 255 0 163 255 255 0 0 255 255 255 0 255 255 255 255 87 255 0 255
    0 255 0 255 0 0 0 0 255 58 230 0 0 242 255 255 255 0 0 255 186 0 0
    168 236 255 0 0 255 9 0 41 145 0 11 0 0 0 255 11 209 0 0 255 16 255
    38 85 0 0 255 255 255 63 255 0 0 255 255 255 0 0 0 0 255 174 187 0
    80 70 0 0 0 255 235 88 0 0 255 255 255 0 25 0 255 0 255 157 208 116
    255 117 255 241 0 0 255 0 24 0 255 255 255 0 0 255 41 255 0 188 0
    255 0 255 0 15 0 0 255 255 255 0 0 255 255 255 255 0 0 0 0 0 164 255
    0 0 0 255 255 194 255 255 0 255 0 152 132 255 9 255 0 35 0 255 0 0 0
    255 255 255 255 255 255 104 0 255 255 255 251 0 255 0 0 255 255 255
    0 255 166 255 0 255 255 254 65 99 255 255 0 255 0 146 141 140 0 0
    255 255 0 0 227 255 50 0 183 255 175 0 255 124 0 0 0 255 158 255 0
    220 0 0 0 0 0 255 0 255 255 255 255 255 255 0 255 0 255 0 255 0 255
    193 255 0 0 0 255 0 255 255 255 0 0 0 0 133 0 0 0 0 0 0 40 255 255
    255 0 0 0 255 94 188 0 232 0 191 255 0 225 0 255 0 0 31 255 103 0
    255 0 0 0 255 255 0 0 0 2 181 255 255 251 0 0 37 97 29 0 0 255 255
    255 0 0 255 0 0 0 94 0 0 68 69 255 0 44 0 255 0 255 0 96 0 255 221
    157 0 0 0 255 0 255 0 255 0 5 255 0 255 0 192 111 0 255 0 0 0 255
    255 255 0 250 0 255 255 191 255 144 171 202 255 0 0 167 255 243 243
    131 0 0 255 255 255 195 187 0 0 0 255 0 255 0 34 0 0 35 218 255 0 0
    221 255 255 96 255 255 255 0 96 0 0 191 255 255 255 0 0 0 255 255
    255 0 0 0 0 61 0 255 101 0 0 0 255 255 255 255 255 2 0 255 255 170
    255 0 0 0 255 255 0 255 211 0 0 255 229 163 0 27 22 255 205 255 168
    115 0 255 104 255 255 116 255 0 146 0 0 0 213 255 0 0 0 0 255 141 0
    0 0 239 255 0 255 252 0 30 255 255 122 0 0 0 255 255 255 0 255 255
    155 255 255 0 0 99 255 255 0 0 255 255 255 255 0 255 0 141 0 0 166
    255 202 255 0 0 0 0 255 163 255 255 0 0 0 255 174 0 0 0 39 0 255 238
    0 0 0 255 0 255 255 0 255 137 0 0 255 255 255 255 255 0 255 0 139
    255 255 255 0 0 252 0 255 255 255 255 0 0 111 255 0 255 255 0 255 89
    255 0 11 0 255 255 255 255 0 255 255 0 0 255 255 0 0 255 255 255 0 0
    0 255 217 0 0 255 255 255 255 0 255 0 186 0 0 0 255 255 255 255 0 0
    226 255 255 255 43 142 0 255 206 201 0 70 255 0 0 255 255 255 20 0
    255 0 255 133 255 255 0 0 0 255 52 86 0 255 0 255 0 255 255 255 0
    255 0 255 0 2 255 255 155 91 0 38 0 0 193 255 0 255 255 0 0 0 37 255
    255 0 255 255 255 0 255 0 212 0 255 255 111 179 255 255 0 0 0 255 0
    100 0 0 61 255 255 171 0 0 0 0 255 0 205 0 255 0 255 0 15 0 0 255 12
    181 255 255 0 0 0 255 255 0 0 0 255 13 151 0 0 0 255 255 145 255 236
    0 34 161 255 104 255 0 255 0 255 0 255 0 255 255 255 255 255 0 172
    220 96 102 0 0 7 77 212 181 255 94 231 0 255 152 161 0 0 233 255 255
    195 34 0 255 0 255 0 0 255 182 255 237 0 0 255 255 0 255 10 255 0 0
    39 255 255 255 255 0 255 98 0 161 0 0 0 255 255 255 57 255 0 255 0
    47 247 87 236 255 255 0 0 0 0 255 255 255 0 0 82 255 255 255 255 255
    0 255 0 255 0 255 53 255 0 188 0 255 0 255 0 255 0 0 0 0 248 90 0 0
    255 122 42 255 255 0 0 0 255 0 255 17 255 0 255 0 137 0 0 0 252 255
    255 255 0 255 0 255 0 199 255 0 150 0 255 65 0 0 255 255 0 0 0 59
    129 226 50 255 0 0 0 255 255 255 0 255 255 119 0 255 1 255 0 255 59
    255 255 121 98 162 0 0 0 255 255 197 0 255 255 0 0 255 0 255 0 95 0
    0 244 255 0 88 255 255 255 0 255 255 0 0 125 0 0 0 255 0 0 0 0 214
    255 255 19 1 9 0 0 255 245 43 0 0 0 142 255 255 255 255 241 147 255
    255 217 237 255 0 0 205 255 255 0 41 0 0 0 0 255 0 255 140 255 255
    255 0 255 255 255 0 255 0 0 255 213 255 255 0 255 255 255 0 0 0 0
    255 255 255 158 255 185 0 0 255 103 255 0 255 0 99 255 172 0 4 255
    255 154 255 0 0 255 0 255 0 255 59 255 237 255 0 0 0 255 255 255 255
    0 0 0 0 254 37 0 255 0 0 0 136 65 255 0 105 255 0 0 0 255 255 255 9
    0 0 76 0 0 0 255 0 88 0 255 202 255 0 188 0 0 255 0 217 255 255 101
    0 0 255 255 255 0 255 79 255 0 0 0 255 255 255 197 255 0 0 166 255 0
    0 0 255 128 251 255 0 0 255 255 255 0 255 0 255 255 208 0 0 0 255 16
    100 124 0 0 0 255 102 0 255 0 255 255 89 32 255 146 42 245 255 0 255
    0 255 0 44 255 255 0 0 255 0 255 7 255 0 0 0 213 255 0 0 255 255 111
    74 255 123 255 62 255 255 255 0 0 255 255 255 0 255 0 0 0 0 255 255
    0 175 255 255 0 0 0 255 255 255 255 0 0 0 255 0 0 255 30 0 0 255 255
    255 82 0 255 255 0 0 255 13 168 0 0 0 0 255 0 0 0 255 176 255 0 255
    0 255 0 255 0 255 255 0 0 255 255 0 0 0 169 152 255 0 255 255 255 0
    0 0 255 255 255 0 0 0 255 255 0 255 0 255 0 0 0 255 9 255 87 132 0
    228 0 255 255 24 0 255 255 255 118 0 69 255 0 255 255 209 255 255 0
    0 255 58 255 37 190 255 139 0 0 194 255 0 0 255 255 255 0 255 128 0
    146 0 255 0 255 31 255 0 124 0 255 255 255 0 0 0 255 255 0 0 0 255
    255 255 0 194 0 255 44 226 0 197 255 255 255 195 255 0 255 0 206 255
    255 0 0 255 255 0 0 0 255 255 219 226 255 255 255 255 0 255 255 0
    255 0 0 255 94 0 255 255 255 0 0 0 0 0 255 75 255 245 255 0 0 4 255
    210 255 0 66 255 255 255 0 0 255 107 255 228 0 219 255 255 0 255 0
    255 0 255 255 255 180 255 255 18 255 0 0 58 0 255 0 152 0 255 255
    181 255 0 0 255 255 255 0 0 0 0 0 255 255 255 0 1 0 255 47 255 255 0
    0 0 255 255 0 0 89 244 203 0 255 0 0 0 0 255 255 255 95 255 255 255
    0 64 0 0 255 0 153 138 0 255 0 15 0 184 0 255 250 255 0 0 255 255
    255 255 255 0 0 0 255 75 255 0 241 255 0 255 0 255 255 226 255 0 255
    255 255 0 0 0 255 49 0 255 0 255 0 0 255 0 189 255 255 0 0 0 255 0 0
    0 0 207 0 255 255 233 0 0 255 0 255 128 255 255 0 154 0 255 255 94 0
    255 253 255 255 0 255 88 0 255 255 0 0 34 65 255 255 255 0 255 158
    255 67 255 0 255 255 0 136 255 0 255 0 255 0 0 255 0 255 36 255 64 0
    255 255 255 151 0 0 255 255 0 0 98 255 255 255 142 0 0 255 255 222 0
    0 0 255 0 0 0 255 183 0 255 0 255 0 255 255 255 1 104 0 255 0 0 0 0
    0 0 0 255 0 255 255 255 255 0 255 0 255 255 255 0 0 17 255 255 0 255
    80 255 255 255 207 0 0 0 0 255 255 56 0 255 29 255 255 255 255 0 255
    0 255 255 179 255 255 255 255 207 255 0 255 0 255 0 255 255 0 255
    255 255 255 255 0 255 255 201 255 158 167 0 0 54 0 236 255 0 233 153
    0 255 0 255 0 255 0 0 0 0 0 0 193 0 0 255 255 255 0 0 255 255 255 33
    170 255 167 0 255 0 0 0 255 0 255 66 255 0 0 0 0 0 86 255 255 255
    215 230 0 0 228 255 255 255 198 0 0 255 255 0 23 255 255 0 122 0 246
    215 0 32 255 255 255 0 144 30 255 0 183 0 255 255 0 255 0 195 0 255
    69 255 0 255 11 255 255 0 0 162 255 255 28 255 0 0 255 255 255 255 0
    0 255 255 0 0 255 0 255 0 5 0 0 0 255 0 85 255 0 255 181 255 0 5 244
    0 0 0 255 255 255 255 255 182 0 104 0 237 255 255 0 0 0 255 0 0 0 0
    255 0 255 0 0 255 255 0 255 0 255 255 148 0 0 255 62 0 255 176 132
    255 255 255 0 255 255 99 0 126 0 0 209 255 176 255 214 255 0 220 255
    0 0 0 255 255 255 255 6 255 255 0 0 0 216 255 255 169 255 0 0 0 0
    255 255 0 255 255 255 0 196 70 142 0 0 179 0 255 0 57 255 255 0 0 0
    255 255 0 255 0 255 126 255 0 255 0 255 0 255 251 255 147 0 0 0 255
    255 0 0 255 255 255 255 0 0 0 255 24 255 255 255 255 0 0 0 255 0 255
    0 255 0 255 0 0 255 255 255 0 118 149 0 155 255 0 0 0 0 0 0 255 255
    223 0 255 0 168 0 255 0 185 255 0 0 249 0 255 198 255 255 0 0 129
    129 0 255 255 255 97 255 0 255 255 255 0 11 0 0 255 0 255 8 106 255
    0 135 255 255 122 0 109 0 0 255 255 255 255 0 0 0 255 255 0 255 255
    255 0 183 0 255 0 0 255 0 209 255 0 255 255 255 0 181 207 255 159 0
    141 180 255 255 215 0 243 255 0 175 255 135 255 80 108 144 255 0 255
    255 59 0 0 255 255 0 180 1 255 231 255 0 255 0 192 0 253 255 255 0 0
    0 227 0 255 0 255 255 255 0 0 0 255 255 0 0 0 255 255 0 0 10 0 0 0
    255 0 255 255 255 0 255 0 255 0 255 255 255 96 0 0 255 255 255 0 255
    0 255 0 118 100 81 0 255 0 0 0 0 255 0 0 255 255 0 0 0 215 255 255
    255 255 0 0 0 0 46 255 0 0 255 0 255 0 17 255 0 0 167 0 255 255 255
    0 255 255 87 0 0 255 255 144 0 0 255 44 0 0 0 255 24 255 0 9 255 0 0
    255 24 123 0 255 0 255 30 255 255 255 255 0 255 0 255 89 0 132 0 0
    255 0 255 255 255 255 0 255 0 255 255 255 239 0 53 138 201 255 255
    255 0 255 0 255 0 255 0 0 255 255 208 255 227 0 0 255 255 255 89 255
    3 255 4 0 0 0 0 0 255 0 25 255 255 30 255 255 0 183 255 255 255 0
    255 0 55 0 255 255 0 255 255 0 255 0 255 0 0 255 255 255 0 0 184 232
    255 0 255 164 26 0 0 255 133 0 0 0 0 0 255 255 0 0 0 255 255 255 255
    0 0 209 84 255 255 118 0 117 255 255 255 255 35 255 255 0 244 111
    255 99 0 255 0 0 0 255 255 0 0 0 255 0 0 0 255 255 0 0 255 73 0 0 0
    171 255 255 192 0 0 255 27 0 48 201 255 255 255 44 0 0 255 255 255
    255 0 67 255 255 0 255 255 255 0 210 0 0 255 0 255 0 255 0 245 255
    255 0 255 255 170 36 255 97 0 0 0 0 255 83 0 255 0 203 255 255 255 0
    255 255 255 141 255 98 0 0 218 255 255 0 0 255 0 46 0 255 0 0 0 0 65
    0 56 174 255 255 193 0 0 255 0 0 0 255 47 255 212 255 255 164 255 0
    108 255 255 255 255 255 255 54 255 255 255 0 255 0 255 0 255 0 255
    212 0 0 0 0 255 255 86 0 0 121 255 0 0 0 0 0 255 255 255 178 37 0 0
    0 255 255 0 0 255 124 255 255 0 0 233 255 255 69 0 0 255 10 255 255
    0 255 236 0 0 242 0 255 255 229 0 255 255 255 149 255 0 48 0 0 255
    140 0 0 0 158 144 255 255 0 255 255 255 255 0 0 255 255 255 0 0 0
    255 0 255 0 255 137 255 0 255 255 255 250 0 0 0 105 208 255 255 33
    255 255 255 21 0 0 0 0 255 0 24 0 0 183 255 255 255 61 0 255 67 0 0
    38 255 0 127 0 143 197 0 255 255 255 255 87 255 255 0 0 0 0 255 255
    255 255 255 18 255 180 0 255 255 255 255 0 4 40 255 255 255 255 0 0
    255 255 255 255 0 181 0 157 255 255 165 0 255 95 144 0 191 0 103 255
    65 255 0 255 0 255 0 255 167 157 0 255 255 0 60 255 255 0 255 0 255
    144 255 0 0 0 0 196 186 255 0 255 0 255 0 255 255 0 132 0 154 92 255
    0 255 255 255 255 0 0 0 31 98 255 255 0 0 255 0 255 0 121 0 0 0 255
    255 211 255 0 148 93 255 255 255 0 255 255 255 255 0 255 0 0 0 255
    255 255 255 0 0 0 255 255 255 0 255 0 255 255 85 241 82 252 0 255 0
    255 0 255 0 255 0 252 0 0 0 255 255 255 0 255 255 0 255 255 255 0
    255 0 115 255 255 255 255 0 255 255 0 255 0 255 0 0 255 63 0 255 0
    255 0 255 54 0 0 0 149 73 0 255 255 172 255 0 25 77 255 0 255 166
    126 0 0 255 0 0 64 255 0 253 0 255 255 255 0 255 217 255 255 23 255
    0 84 255 0 255 244 255 0 100 0 27 0 255 255 255 42 186 255 0 12 0
    255 0 172 255 0 255 255 255 0 212 255 255 0 0 255 255 0 255 248 9 0
    255 94 255 0 255 255 0 0 54 255 255 255 0 0 0 255 255 0 141 255 73 0
    0 0 9 255 255 0 106 34 255 228 86 0 125 0 255 255 83 0 246 110 255
    255 255 0 0 218 255 0 0 0 0 255 255 0 0 0 238 255 0 66 0 255 255 22
    255 0 0 0 0 1 0 255 0 0 0 0 0 0 255 255 255 255 0 0 121 255 0 255 84
    255 0 255 0 0 4 86 255 80 255 219 255 0 48 255 0 255 0 255 0 255 0
    255 255 255 255 0 0 10 255 0 0 255 255 226 0 255 0 71 255 255 255 0
    183 0 255 0 57 113 235 0 81 255 252 0 0 255 255 0 158 255 255 0 0 1
    255 255 255 255 0 0 255 255 255 255 0 0 255 255 0 0 255 0 0 255 203
    255 0 65 255 0 255 0 255 0 255 255 255 0 0 68 255 0 255 72 75 255 63
    37 0 0 201 160 255 0 255 255 0 255 195 89 0 255 255 255 0 255 227
    210 0 255 0 255 0 255 0 0 16 151 255 0 0 0 255 55 255 0 0 0 255 202
    255 0 1 0 255 73 0 255 255 0 0 0 255 255 77 255 0 255 1 0 0 53 0 0
    60 255 255 255 255 0 255 27 0 0 231 0 255 0 255 0 0 255 0 255 255 0
    255 255 255 0 255 0 0 0 0 255 78 255 0 0 255 255 255 255 0 255 255 0
    255 159 0 221 255 0 0 0 0 0 39 244 255 0 0 0 255 11 0 0 0 0 255 0 0
    0 255 255 255 0 0 210 255 206 255 255 255 0 255 0 4 72 255 255 92 77
    255 0 0 255 255 255 0 196 0 255 255 0 255 255 0 255 255 0 0 0 255
    255 255 0 0 0 68 35 255 255 93 0 168 107 255 0 255 16 255 255 0 0
    255 255 0 0 44 41 255 0 0 255 114 0 249 255 255 152 255 255 189 0 0
    0 255 255 0 0 255 0 255 146 0 255 255 255 255 0 10 0 255 0 255 0 179
    0 40 255 0 0 0 0 0 255 0 0 0 255 255 255 255 0 255 0 255 255 255 255
    0 255 255 152 255 0 57 0 255 0 255 255 229 6 0 255 255 255 255 255 0
    255 238 160 0 255 0 255 255 0 0 75 0 0 136 0 0 0 0 255 255 165 49 0
    0 80 255 255 0 226 255 255 0 8 0 0 0 0 0 0 255 173 255 0 255 42 0 0
    255 255 255 0 90 160 255 255 0 255 0 0 0 110 0 255 255 0 0 0 255 0 0
    255 0 255 255 187 0 84 255 255 0 0 0 0 255 132 0 0 0 0 255 255 0 0 0
    255 175 209 0 245 255 255 28 255 255 171 0 255 0 255 0 255 255 255
    255 0 0 0 255 165 255 0 0 255 0 255 0 255 213 0 255 255 255 0 94 5
    255 255 255 0 0 255 255 255 90 255 255 0 0 0 255 211 52 0 14 255 94
    255 255 255 0 0 0 255 0 168 0 255 0 0 255 255 81 0 113 0 0 186 0 255
    0 166 0 0 0 88 255 0 0 76 159 0 255 0 255 0 255 0 0 255 0 255 0 0
    255 255 255 255 0 153 0 32 255 40 255 255 255 0 136 0 255 84 169 0 0
    0 255 255 255 255 255 255 0 255 4 255 0 255 134 0 0 255 211 255 0
    255 0 255 0 255 0 255 0 21 255 255 0 0 0 178 0 255 255 34 0 0 255
    236 0 0 132 0 6 0 255 132 255 0 255 255 180 0 0 255 67 255 0 36 0
    255 255 53 129 0 72 255 255 255 255 149 0 255 255 24 0 255 255 255
    255 208 248 0 0 214 146 255 0 255 255 255 0 0 0 255 0 255 170 255 0
    231 255 226 0 255 0 0 0 0 0 255 255 255 0 255 255 255 255 255 161
    255 0 255 176 59 0 97 255 0 255 255 255 0 255 255 255 95 0 255 255
    255 68 0 0 255 146 255 0 0 0 255 0 255 255 255 0 0 0 255 0 255 197
    255 0 0 6 204 255 0 45 0 255 255 35 127 224 64 0 145 255 255 118 0
    255 255 0 0 255 255 255 255 0 0 255 89 0 15 255 255 3 0 0 164 255
    255 126 146 255 0 255 235 154 221 220 0 255 0 255 0 217 0 255 218
    255 109 255 255 0 0 0 255 255 255 0 0 255 255 0 255 0 255 0 182 0
    255 0 255 0 255 0 255 0 131 0 173 0 255 255 255 0 0 0 0 73 0 212 255
    255 255 0 17 90 0 255 0 255 0 255 84 255 0 255 0 0 0 76 255 255 255
    0 0 0 161 255 0 0 0 0 255 0 255 106 230 0 255 255 255 0 36 0 0 0 255
    255 0 0 0 255 63 255 0 162 255 255 255 0 234 0 0 0 255 255 255 247
    255 0 0 255 255 255 0 0 255 139 0 201 107 255 255 39 255 0 255 0 255
    0 255 115 0 192 0 255 243 255 201 0 255 255 255 0 255 255 0 255 0 0
    255 255 171 255 251 0 0 0 255 118 255 0 255 0 255 0 255 0 255 0 112
    0 87 0 255 255 123 0 0 0 255 255 255 255 255 255 189 0 205 0 129 255
    0 0 255 138 231 0 0 122 255 190 167 0 255 255 0 255 0 0 0 0 0 0 255
    255 255 0 0 0 255 255 0 0 0 208 255 255 255 255 255 0 0 0 255 0 255
    255 255 255 0 255 255 0 255 0 255 0 255 255 90 100 133 0 206 255 255
    255 255 87 39 98 255 238 255 0 2 0 255 255 0 0 0 255 255 255 255 255
    255 255 255 0 0 4 0 179 255 0 255 0 178 39 45 138 0 255 255 255 169
    255 0 160 255 0 0 0 234 0 0 0 255 215 0 146 0 131 0 0 0 255 255 201
    255 255 0 0 173 0 0 255 129 255 117 0 0 0 0 255 0 0 0 255 255 0 255
    255 255 0 255 255 255 255 0 0 0 2 255 237 255 109 255 255 0 0 255 0
    0 0 105 255 255 0 18 0 255 0 255 0 255 0 0 211 255 255 0 255 255 0
    255 93 0 255 51 255 0 255 0 0 0 255 255 255 0 255 0 149 0 255 0 255
    0 0 0 0 0 0 0 0 255 255 0 0 0 67 0 255 0 0 255 73 149 255 255 255 0
    184 0 255 0 255 0 0 255 255 0 220 255 255 105 0 0 0 255 255 0 0 200
    255 255 0 255 69 255 0 0 255 187 22 0 0 0 0 0 0 255 255 255 255 0
    255 0 33 0 202 0 255 0 0 0 255 255 255 0 0 0 255 160 255 0 0 0 255 0
    0 0 255 255 0 255 0 255 0 255 255 118 117 0 0 255 0 255 255 37 255
    255 126 59 0 0 255 255 255 0 0 255 190 255 0 0 0 0 255 161 0 0 0 255
    0 0 255 197 33 121 255 0 0 0 255 255 255 255 255 255 135 255 0 255 0
    0 0 255 255 255 0 255 0 199 0 255 0 120 0 255 82 255 255 0 0 0 203
    98 0 77 255 200 255 0 150 255 255 225 255 0 255 255 255 220 0 0 144
    255 255 0 0 0 248 0 255 255 255 244 0 0 255 0 255 255 255 255 219 0
    0 0 255 0 0 0 255 0 0 0 0 255 255 255 0 0 255 255 255 206 255 150 0
    0 255 20 173 255 0 236 0 107 0 255 0 255 0 255 0 255 0 255 76 255 0
    255 219 255 255 0 0 0 255 0 255 0 255 0 255 255 255 0 0 255 0 255 2
    255 0 0 0 0 255 255 37 85 255 255 92 0 0 0 0 0 0 0 255 0 255 0 31 0
    0 0 0 255 166 255 0 0 0 0 140 0 0 255 255 255 0 0 0 255 233 255 210
    0 0 2 255 255 110 0 255 255 0 0 0 255 29 45 0 255 255 255 0 0 255 11
    255 0 193 0 0 0 0 129 0 0 255 0 255 216 255 255 0 0 255 255 255 255
    0 0 0 255 0 255 0 57 0 0 255 255 255 255 0 0 4 0 0 255 41 255 0 255
    55 68 255 93 255 0 0 0 175 255 0 255 255 132 255 0 255 229 255 94
    255 255 0 123 0 0 0 0 203 0 12 0 245 14 255 0 255 255 255 0 0 0 255
    255 255 0 0 255 255 0 0 0 204 123 0 0 255 0 65 0 255 255 0 255 0 0
    55 188 206 255 255 255 0 233 255 255 186 255 0 0 0 20 255 255 0 25
    153 255 211 255 0 255 255 0 0 255 255 100 0 0 255 255 0 0 0 188 150
    0 255 255 255 0 0 255 255 0 118 66 255 0 255 0 255 255 0 29 255 123
    0 0 255 158 255 0 74 0 0 0 0 255 255 255 255 255 6 0 197 0 255 255
    255 0 255 0 255 0 255 163 255 255 255 0 255 56 255 0 255 255 244 0
    255 255 255 0 255 0 0 255 255 0 0 0 0 0 255 255 255 255 255 175 109
    255 31 255 0 0 255 255 51 0 0 141 0 0 0 255 255 255 255 0 250 0 255
    255 255 255 0 0 255 255 255 0 0 82 255 255 0 255 216 255 255 0 0 255
    255 255 0 0 16 0 255 0 255 255 195 0 0 193 0 0 136 255 255 255 0 255
    255 0 255 0 255 255 255 138 255 255 0 255 255 137 35 255 223 18 0 0
    0 255 255 255 255 11 0 0 255 255 255 0 129 255 255 255 255 0 0 17 43
    135 56 109 0 0 0 255 255 255 255 0 0 242 255 255 255 0 255 0 255 0
    255 255 255 0 0 255 255 255 0 0 0 255 163 0 219 255 255 63 0 255 255
    126 52 0 255 255 0 255 0 255 0 0 0 40 255 0 0 0 0 255 75 119 255 255
    0 0 255 255 255 127 0 255 255 0 255 208 255 255 255 0 0 255 255 255
    0 25 188 97 0 230 197 0 217 255 255 127 0 0 255 255 255 0 0 255 194
    0 255 0 255 255 255 255 0 0 0 255 146 255 255 145 255 0 0 255 164 0
    255 255 141 0 0 3 255 0 0 0 255 255 255 0 0 255 255 162 136 0 0 255
    255 255 0 56 255 255 255 0 0 255 255 255 0 255 255 255 0 0 136 247 0
    4 255 0 255 0 38 0 0 0 255 255 53 0 0 255 0 0 0 255 0 255 0 179 0
    255 255 255 0 106 0 255 0 0 255 0 0 0 255 255 226 0 0 145 0 255 0 30
    24 255 2 255 33 0 255 159 255 0 0 42 176 255 255 0 0 255 0 0 236 255
    255 0 0 160 255 255 132 255 0 255 0 255 0 27 0 0 255 255 10 255 52
    227 0 255 104 0 0 255 255 234 0 0 255 255 58 0 0 255 255 255 0 255
    51 0 0 0 14 116 255 255 0 45 255 255 255 251 0 0 255 255 173 0 0 193
    255 255 0 122 0 0 255 255 0 0 255 255 14 255 255 77 0 0 255 0 255 0
    255 255 92 255 101 255 121 0 0 0 255 0 0 0 255 255 255 0 255 0 255 0
    139 255 0 98 255 0 0 0 0 88 160 255 108 0 0 255 255 255 0 0 255 157
    220 0 255 231 188 255 255 0 0 0 255 0 255 0 255 36 0 190 255 255 83
    0 255 202 0 0 161 255 255 0 255 0 0 0 255 255 0 255 0 255 255 0 41
    255 255 0 0 255 255 255 10 0 255 0 255 0 255 255 212 0 255 0 255 255
    219 4 0 255 44 19 0 255 255 255 0 0 0 255 0 0 0 0 0 0 0 0 63 255 0
    255 120 255 97 255 255 165 0 123 255 255 0 165 255 0 255 0 255 0 0 0
    255 255 0 11 0 148 255 255 43 0 255 0 83 255 255 255 0 255 255 255 0
    255 0 6 255 255 187 0 255 255 255 255 0 255 0 0 77 0 0 0 255 100 255
    0 254 255 0 255 137 255 255 0 0 85 255 255 0 255 0 255 255 255 88 0
    255 0 0 6 255 255 114 255 0 255 83 136 224 255 0 0 152 0 0 255 147
    255 0 255 255 255 255 0 255 0 255 0 255 255 197 0 0 255 255 255 255
    0 46 255 0 0 255 0 0 255 255 149 76 255 0 0 255 0 86 0 0 229 0 255
    196 196 0 255 255 225 49 0 208 255 0 0 0 0 255 255 34 255 0 255 0 0
    0 255 0 0 0 0 0 255 0 0 82 0 255 0 255 0 255 255 78 0 0 0 2 255 255
    255 0 0 0 255 0 255 198 0 86 0 255 0 255 255 255 127 0 0 0 255 255
    255 0 0 0 255 0 255 255 71 0 184 161 255 0 44 0 156 0 255 0 255 255
    207 0 0 0 255 255 0 0 183 0 255 85 255 255 0 0 255 253 255 0 255 255
    255 0 0 0 176 255 0 0 255 141 255 0 0 255 0 138 0 255 0 0 101 0 0 0
    72 255 255 0 0 0 151 255 0 158 255 255 255 0 0 0 191 255 0 255 0 255
    0 255 255 0 0 202 255 31 9 79 0 155 255 255 255 0 255 0 255 0 255 70
    255 0 0 0 255 255 99 0 0 255 0 82 0 0 255 57 178 203 243 255 0 0 67
    255 0 255 0 0 255 0 255 255 255 255 0 0 255 255 255 126 255 0 158 0
    89 0 255 0 255 0 46 0 0 0 255 0 0 255 0 255 19 0 0 255 0 0 0 255 255
    255 0 0 255 0 255 214 0 0 112 255 0 249 253 0 7 255 255 255 0 0 0 82
    255 0 0 0 0 255 0 255 0 0 255 0 0 0 255 0 126 255 200 255 223 0 0
    133 255 255 98 0 0 220 248 0 174 0 255 255 255 0 255 8 110 255 0 0 0
    0 218 255 255 0 255 255 0 0 54 255 255 0 0 255 255 255 255 255 255
    255 101 255 0 0 0 255 255 255 255 0 0 99 117 255 170 255 0 0 195 0 0
    245 255 255 0 159 255 255 255 187 0 0 154 192 0 255 0 255 226 255
    255 0 0 255 255 255 187 0 255 255 255 255 0 0 255 0 255 255 0 182
    255 255 0 0 0 0 123 255 81 255 255 0 0 215 255 255 0 0 255 0 0 0 255
    0 243 0 255 48 0 206 255 255 255 0 0 255 255 165 0 255 255 62 0 222
    255 56 0 0 255 135 255 255 149 0 0 0 0 68 160 255 0 0 255 255 0 247
    0 255 255 208 0 1 255 0 255 0 0 255 0 0 255 20 255 0 247 27 255 30 0
    0 0 152 255 0 255 0 217 0 255 77 255 0 255 255 0 255 255 0 31 0 255
    255 101 0 147 255 0 255 255 255 0 200 0 255 0 0 224 0 255 7 255 255
    0 0 255 0 0 0 255 255 255 116 0 0 176 255 227 0 0 200 0 209 224 255
    0 255 84 255 255 0 255 118 255 0 0 0 0 255 0 0 0 0 255 0 0 0 255 255
    0 0 255 255 75 53 0 255 0 255 0 0 0 77 255 255 15 255 255 0 0 0 255
    255 0 255 255 255 255 255 0 243 0 0 255 255 255 255 255 0 0 255 0
    255 0 255 0 0 0 0 255 255 255 255 255 0 255 0 255 0 0 71 255 133 102
    0 0 0 255 0 255 0 0 0 255 33 0 255 0 255 0 0 0 144 255 255 255 0 0
    200 0 0 255 255 255 0 0 179 255 255 20 255 0 0 0 0 255 108 255 0 0
    37 0 0 0 124 0 255 255 255 78 255 0 255 255 0 0 0 255 45 255 255 36
    0 144 255 255 0 0 255 0 255 0 0 125 255 0 0 0 208 0 255 255 255 0
    255 0 255 255 255 0 0 255 0 255 0 190 0 0 155 0 255 255 0 255 0 255
    0 0 255 0 255 255 255 255 255 30 240 114 255 255 255 84 224 0 255 0
    0 255 0 0 255 151 255 0 0 0 119 255 255 0 0 65 255 0 255 255 144 0
    255 72 184 111 14 0 0 119 227 71 255 255 255 255 49 76 255 255 0 62
    255 255 255 0 240 255 0 255 0 42 169 0 0 0 0 0 229 255 255 255 0 255
    184 54 0 140 255 255 0 0 0 255 255 0 0 0 255 255 255 0 0 0 255 0 0
    255 255 255 255 255 0 0 255 255 255 0 0 0 0 0 255 0 255 0 255 255
    255 0 0 0 255 255 255 58 0 255 255 255 0 0 255 119 3 0 255 0 255 156
    145 0 255 89 241 255 97 255 170 249 0 0 93 0 243 0 0 0 99 255 128 69
    255 0 123 0 255 255 255 232 38 81 0 178 0 255 255 0 0 0 255 255 255
    0 144 0 255 255 0 0 156 255 255 0 255 255 114 0 0 0 0 255 246 255
    255 255 255 0 0 244 220 255 0 0 255 0 236 16 255 13 0 130 255 87 0 0
    255 255 0 149 255 17 255 255 62 198 50 255 233 255 255 3 0 0 0 255
    255 164 0 168 12 233 0 0 187 255 0 188 0 255 255 255 0 240 0 255 255
    22 0 249 0 0 0 255 255 184 0 0 86 255 255 255 0 0 0 255 255 255 255
    255 12 0 0 255 255 255 0 0 182 255 165 0 231 0 255 255 255 255 230 0
    255 215 255 255 0 0 96 0 255 227 255 0 255 0 255 255 121 0 54 113
    255 147 146 0 0 156 255 255 255 0 0 0 0 255 29 255 255 0 0 0 0 255 0
    0 0 202 255 0 0 255 255 238 255 0 0 0 0 0 0 0 0 255 0 255 0 255 0
    255 0 255 0 255 255 255 0 0 255 67 241 255 255 0 0 0 0 188 255 72 0
    0 0 255 0 0 172 255 255 19 0 31 0 255 0 255 0 255 55 255 174 0 255
    14 255 0 0 29 0 255 0 172 0 0 255 0 255 0 255 0 0 0 255 255 126 0
    255 16 0 40 4 107 255 0 255 58 255 0 255 0 0 60 255 255 0 255 255
    146 217 255 187 41 154 44 0 255 0 255 255 255 0 255 0 255 126 255
    255 255 0 172 0 255 220 255 255 255 0 0 0 0 255 255 255 0 255 0 105
    0 255 255 0 0 255 0 255 0 0 255 0 255 0 255 110 255 196 154 255 255
    0 0 255 0 255 0 255 148 0 220 0 228 27 77 255 138 0 0 255 0 0 186
    255 176 255 255 0 34 255 161 255 0 0 255 12 0 255 0 255 244 116 255
    255 117 0 0 138 0 123 0 255 46 255 0 0 0 86 0 255 68 255 0 81 255
    255 197 255 255 255 0 0 255 0 209 255 255 41 255 0 255 255 0 0 0 255
    0 0 38 255 193 255 255 0 0 112 0 255 0 161 0 189 106 255 0 0 150 0
    255 138 49 0 255 27 255 18 255 0 0 0 255 60 233 0 252 255 255 255 0
    255 0 255 0 36 0 0 255 255 255 0 42 0 255 227 255 246 0 0 255 255
    255 255 0 53 255 70 41 0 255 176 0 206 0 255 0 255 25 255 255 196
    255 0 86 0 255 0 0 0 255 0 0 255 255 0 255 255 0 0 255 255 0 0 0 255
    255 62 0 0 255 255 0 255 255 0 0 0 255 0 0 0 255 0 0 0 163 255 255 0
    0 0 255 255 0 111 0 255 0 0 0 111 0 255 0 255 255 255 65 255 0 0 0 0
    255 0 0 255 255 255 225 0 255 0 255 216 0 0 0 0 255 52 255 255 255 0
    255 0 255 220 0 0 0 0 10 255 255 255 0 0 0 0 255 255 255 111 9 0 0 0
    0 0 255 255 255 255 0 0 255 0 255 0 0 0 0 255 255 255 152 210 24 127
    255 255 255 0 30 0 0 0 255 255 255 0 0 0 255 255 0 0 255 0 255 255 0
    255 41 255 255 0 0 0 0 255 109 255 0 54 0 17 0 0 156 0 255 0 231 255
    226 255 228 14 0 0 0 0 173 0 255 101 0 255 255 255 59 19 255 0 255 0
    229 23 255 232 0 31 168 255 0 0 0 255 255 255 0 0 25 0 237 0 255 255
    0 0 175 255 255 181 0 0 255 255 0 151 0 255 0 0 255 255 255 255 255
    55 255 0 255 0 255 255 255 0 255 255 255 207 0 143 255 0 0 255 155
    255 236 0 0 0 255 0 0 0 255 144 255 255 0 255 6 180 7 240 255 0 221
    0 255 255 255 248 0 0 255 255 255 0 26 0 0 0 0 88 255 0 0 0 255 255
    255 0 255 54 255 255 0 102 0 0 255 0 2 0 255 0 0 0 0 255 255 0 0 0
    255 255 255 0 255 0 195 255 231 255 0 255 0 0 0 87 143 255 0 255 255
    255 73 35 255 0 255 165 0 255 0 255 255 114 188 255 0 77 0 0 255 255
    255 0 0 255 0 255 0 171 255 255 255 134 255 0 255 0 0 255 255 0 0 0
    255 255 0 174 255 255 255 0 255 0 255 0 0 0 202 36 255 255 20 239 0
    255 13 255 255 135 85 0 0 223 255 197 255 255 14 0 255 143 17 0 0
    255 0 229 0 255 0 83 0 255 255 0 0 112 0 255 255 0 0 0 105 255 255
    255 0 0 177 0 0 255 255 255 0 108 0 0 0 147 0 255 255 0 9 0 255 0 57
    255 255 230 192 0 28 0 255 255 0 255 0 255 0 0 255 22 255 255 255 0
    0 0 255 255 0 44 0 0 0 255 255 89 187 255 0 0 255 255 255 255 255 0
    0 0 255 0 0 136 255 255 165 0 0 0 0 255 0 0 0 255 255 255 0 0 0 137
    218 255 255 0 0 0 255 255 255 255 255 0 0 220 255 96 0 0 160 255 255
    255 0 165 0 0 255 255 255 255 0 0 0 255 0 28 0 195 255 0 0 30 89 239
    167 255 255 0 211 33 255 0 109 144 255 0 255 73 247 0 255 231 255 0
    0 0 227 135 0 0 0 255 255 255 0 0 255 255 0 0 250 255 255 0 0 255
    255 255 0 50 0 0 0 0 0 131 255 0 0 0 255 179 255 76 211 0 0 255 255
    0 0 255 0 0 0 0 255 255 13 105 0 0 0 255 0 168 255 255 0 0 0 255 255
    255 0 255 0 255 81 255 255 255 198 0 255 255 255 0 0 0 255 86 0 216
    255 255 255 0 65 0 0 255 255 255 0 17 0 255 255 0 158 255 255 255 0
    255 0 0 255 147 255 255 255 0 0 0 255 255 147 0 0 255 255 0 163 33
    255 0 0 0 255 255 255 0 255 255 240 0 158 0 255 255 255 0 255 129
    137 0 255 255 255 0 255 14 255 0 255 255 0 0 234 159 0 0 255 255 255
    0 255 28 255 7 0 0 0 255 255 0 106 255 248 255 255 233 0 0 255 255
    255 255 26 0 0 255 255 210 201 0 255 255 0 0 0 255 255 255 255 0 0 0
    0 0 0 255 255 255 10 0 255 255 242 0 0 255 255 0 0 255 0 255 255 255
    219 0 0 0 255 0 255 255 255 230 102 0 255 35 197 243 255 255 0 0 0 0
    231 255 207 255 255 255 0 166 255 0 255 0 45 255 255 255 42 250 22
    255 188 0 115 180 108 0 0 0 207 255 255 255 255 255 0 0 0 255 241
    255 96 255 255 255 255 255 134 43 0 0 255 0 178 255 255 180 0 0 255
    26 255 0 0 255 222 255 84 255 0 255 0 0 0 255 0 255 0 255 0 255 0
    255 255 255 255 241 0 0 0 255 255 255 0 0 0 255 0 0 193 0 42 0 255
    255 255 255 0 0 255 206 255 91 255 125 108 0 255 128 255 155 0 207 0
    255 255 0 231 0 255 0 0 0 0 255 255 0 0 54 255 255 255 204 0 0 0 255
    21 0 0 255 255 195 0 131 255 73 255 0 255 0 75 255 0 255 255 255 0 0
    0 255 0 0 62 0 255 0 255 184 0 255 0 0 0 0 244 255 0 25 255 255 0 0
    255 255 255 255 0 69 45 255 70 0 238 255 255 0 0 4 255 255 255 255
    95 0 0 255 255 255 239 255 255 255 0 255 222 255 209 255 0 255 255 0
    0 0 255 0 255 0 179 0 54 17 255 255 255 255 0 0 0 255 0 0 255 0 255
    231 255 192 0 255 0 0 0 0 74 255 255 0 74 131 175 0 188 28 255 250 0
    0 136 255 0 255 255 255 0 92 255 255 248 255 255 255 255 0 0 255 0 0
    0 255 0 82 0 255 255 239 0 0 255 255 0 0 101 0 0 0 255 255 255 0 0 0
    215 255 255 0 0 148 94 255 255 255 0 180 255 0 0 255 64 255 0 255 60
    255 255 198 0 255 255 0 92 40 0 0 255 255 255 255 0 255 0 18 255 0
    255 203 255 206 0 0 77 255 255 112 255 255 255 0 0 0 255 0 255 13
    255 82 31 0 80 130 125 251 0 255 255 0 0 255 255 66 0 0 35 255 74
    255 0 255 0 0 108 0 255 0 255 0 255 68 255 0 255 0 255 255 255 151 0
    0 227 88 212 218 255 255 255 255 0 0 222 0 255 0 255 255 0 0 0 0 255
    255 255 255 0 36 0 0 255 0 171 152 255 255 0 0 0 46 255 0 255 0 255
    0 255 0 0 241 255 255 255 0 255 0 254 255 255 255 0 255 0 0 0 255 0
    161 150 255 198 255 138 255 0 255 0 255 0 255 0 255 255 255 0 255
    255 0 0 0 255 255 0 0 255 0 255 255 255 0 0 0 255 255 0 0 255 255
    255 0 0 255 255 255 32 255 255 0 0 129 255 0 255 73 255 0 0 255 255
    0 255 255 255 255 240 0 0 68 0 255 0 0 255 255 0 0 225 0 0 255 255 0
    38 0 255 101 0 0 44 0 0 255 117 255 218 255 255 90 0 28 255 0 0 0 0
    255 215 0 0 255 255 255 0 255 255 255 0 0 183 0 255 64 0 0 255 255
    255 0 0 0 32 41 0 255 8 0 0 0 255 156 255 0 0 0 255 255 255 255 0 0
    0 255 0 0 255 255 223 0 0 0 255 255 0 0 255 255 0 0 0 0 255 114 0 75
    255 0 255 255 248 255 255 38 63 0 0 0 0 56 12 255 91 255 255 255 0 0
    255 0 255 221 0 0 0 0 255 30 255 57 255 255 157 255 255 255 208 255
    255 255 255 0 255 255 255 237 0 255 0 191 0 255 250 106 0 255 255
    255 0 0 231 255 69 44 255 255 153 78 0 0 0 0 0 0 0 50 255 0 255 255
    0 0 255 0 12 0 255 0 0 0 255 255 51 0 255 0 255 0 0 0 255 0 1 0 0
    255 91 0 255 0 15 0 0 0 228 255 255 0 0 0 0 255 255 255 0 0 80 126
    255 255 43 0 255 0 0 255 0 0 0 0 0 0 168 0 0 25 255 0 0 255 255 0
    255 0 255 4 0 0 255 255 255 0 13 255 255 255 0 0 141 255 255 147 0 0
    255 0 0 0 129 0 6 167 221 105 255 19 255 255 255 130 255 193 147 255
    255 0 132 0 135 0 255 152 0 255 55 255 0 0 0 255 187 255 0 0 255 86
    255 0 255 0 0 255 255 0 255 255 255 0 0 0 255 0 159 48 0 0 133 255
    200 144 30 0 255 241 0 0 0 255 255 0 255 0 255 0 0 0 255 255 0 0 0
    255 255 105 255 255 0 177 48 255 0 255 174 255 0 0 255 255 255 0 215
    0 172 0 255 0 255 0 140 0 255 0 255 255 0 247 0 255 255 255 0 255 99
    0 0 255 255 255 50 0 0 198 0 255 0 0 255 0 0 0 255 0 255 0 255 57 0
    0 0 255 0 255 255 255 0 255 42 255 0 255 255 0 255 233 255 19 115
    169 121 255 0 255 0 0 0 255 116 236 255 0 0 198 255 255 0 255 0 255
    0 255 255 0 0 0 255 249 0 140 121 0 255 0 0 255 255 35 0 0 0 255 0
    255 255 0 132 0 0 181 0 158 0 255 0 104 0 99 255 255 255 255 212 0 0
    0 255 20 255 0 255 183 0 255 5 255 0 0 0 0 255 0 255 0 0 0 0 255 255
    255 0 0 255 0 128 201 133 0 0 0 65 255 0 0 255 255 255 0 255 255 255
    0 255 0 0 0 255 255 255 92 0 0 146 7 255 0 255 255 113 18 0 60 0 0
    255 255 255 92 179 0 0 255 136 255 0 255 0 255 0 255 75 200 239 255
    213 0 255 67 58 0 0 0 0 0 119 255 0 255 74 255 0 255 255 255 106 255
    64 170 0 0 255 255 255 0 0 0 255 255 255 0 0 255 0 255 255 255 0 0 0
    69 255 0 0 0 0 197 255 255 0 255 0 0 0 255 0 255 0 204 0 255 255 142
    255 255 0 0 0 255 255 0 0 0 255 0 255 0 255 23 255 255 0 0 0 255 0
    255 255 156 255 255 0 0 255 255 0 0 255 0 0 255 0 59 255 255 255 0 0
    255 136 255 255 255 0 0 0 255 0 255 86 0 97 255 255 0 255 0 0 0 215
    255 255 0 0 0 255 81 255 0 0 0 255 0 255 168 0 255 0 255 0 255 255
    255 248 0 0 209 255 255 255 67 255 0 255 0 255 0 87 0 58 87 255 255
    255 0 255 0 255 255 255 41 0 180 234 0 255 255 255 0 0 255 255 193 0
    0 0 246 1 0 255 160 255 255 0 255 255 255 0 0 255 0 255 255 255 241
    0 0 111 254 255 255 39 0 0 255 255 85 255 0 255 1 0 255 255 146 0 0
    182 255 0 0 30 255 0 0 255 223 255 0 182 0 22 2 0 143 255 0 0 0 105
    255 255 0 0 0 255 255 255 105 122 255 0 255 0 114 255 208 255 0 194
    0 118 32 255 101 255 85 255 179 0 0 0 0 0 0 255 0 0 150 31 49 4 230
    255 255 0 0 0 255 255 179 0 0 0 0 255 0 0 255 0 0 0 0 255 255 0 0 0
    0 255 255 97 228 255 106 255 255 0 255 0 0 255 255 255 255 0 0 255
    255 190 0 0 0 242 255 85 255 255 255 255 0 0 255 0 47 255 0 213 0 82
    0 0 255 0 255 0 255 255 255 0 88 255 0 152 245 43 255 0 81 0 255 92
    255 0 99 255 0 0 0 255 255 141 255 164 255 255 255 0 0 255 255 255 0
    0 255 0 255 255 0 0 0 255 0 0 0 255 220 0 105 255 0 255 255 77 166
    255 255 255 255 0 255 188 255 255 255 0 177 255 0 0 0 194 255 255 0
    0 255 255 0 0 0 0 255 255 0 0 0 82 255 136 0 0 0 255 241 0 0 0 255 0
    255 255 255 228 255 0 0 0 255 99 15 0 255 255 0 0 255 0 0 0 0 255
    255 255 0 255 77 255 255 255 112 178 0 137 0 255 113 0 0 0 211 255
    82 147 0 255 255 0 255 0 0 0 0 0 255 255 55 0 255 255 0 0 255 255
    255 0 255 0 255 0 255 0 255 0 255 0 255 0 255 71 255 185 255 0 255
    255 0 0 137 55 0 0 152 255 0 255 255 0 255 255 255 0 255 0 0 60 255
    255 255 255 255 229 0 255 89 255 0 184 127 201 255 0 255 0 150 0 255
    152 255 227 196 0 0 209 57 0 0 84 255 255 0 0 216 2 255 255 0 152 0
    255 0 255 0 255 0 0 255 255 255 0 255 0 255 0 255 42 255 234 0 156
    255 255 255 193 0 255 229 187 0 255 255 255 108 255 0 0 255 255 0 0
    0 255 255 255 5 255 255 0 255 0 255 173 0 0 255 46 255 0 0 255 0 105
    255 0 233 249 0 203 255 255 255 0 255 0 255 0 255 255 150 255 0 255
    0 255 0 0 0 139 255 194 0 0 0 255 255 0 0 84 255 0 32 183 255 0 0
    255 0 255 0 255 255 255 27 0 27 35 0 0 255 231 0 255 0 0 0 0 255 0 0
    92 255 0 0 171 255 255 255 255 199 255 255 8 0 0 0 0 0 255 0 255 0 0
    0 0 13 255 215 255 0 0 0 255 255 255 0 0 0 255 255 86 255 255 255 0
    0 0 154 255 255 0 255 180 255 33 41 0 248 0 199 255 221 205 168 255
    0 255 255 189 0 0 255 0 255 255 255 0 0 90 27 255 221 0 0 255 255 55
    0 248 0 255 0 0 0 255 255 0 0 0 255 255 0 0 0 255 255 255 0 255 0
    255 190 0 0 1 255 0 0 11 169 0 255 1 223 0 0 255 0 255 255 0 0 0 0 0
    255 255 73 0 255 0 255 0 199 0 255 255 255 0 0 0 0 0 255 255 0 255
    217 169 255 255 255 193 0 255 255 255 0 0 255 168 0 0 255 12 255 174
    3 255 255 172 93 255 255 0 148 255 0 255 0 255 0 0 0 0 24 0 103 0 0
    83 255 255 255 255 0 0 255 0 255 0 133 0 0 0 214 255 0 0 255 0 255
    192 255 0 215 255 255 255 255 0 255 0 0 0 255 255 205 0 15 255 255
    255 255 0 225 0 0 255 255 0 0 255 255 46 0 0 0 255 255 255 199 255 0
    255 255 184 0 0 255 255 255 0 81 0 251 0 0 46 0 187 0 255 224 255 0
    0 0 255 0 0 0 61 255 230 255 0 2 0 170 0 255 255 255 255 50 255 0 0
    0 243 255 0 0 0 174 255 255 0 0 78 52 2 255 255 255 0 0 255 255 255
    219 0 0 255 23 0 0 255 255 167 0 99 255 197 0 0 0 255 255 255 0 0 0
    255 255 0 0 65 255 251 255 203 255 255 137 0 255 15 255 255 0 255
    255 114 88 0 255 0 255 98 114 218 255 0 0 0 255 53 255 255 255 0 0
    255 255 255 0 0 0 255 0 205 255 0 0 170 255 255 52 0 0 0 255 255 186
    255 119 255 255 0 0 0 88 255 0 255 255 255 57 255 255 189 233 5 0
    189 0 155 255 76 0 255 255 0 0 255 0 255 0 255 81 0 255 255 255 0
    197 255 0 0 0 0 255 0 255 0 0 0 255 0 19 0 0 255 2 255 255 221 0 0
    255 255 0 255 0 255 0 255 0 145 0 255 255 200 143 0 0 255 255 255 0
    255 255 255 255 255 0 0 0 0 0 255 48 255 255 240 0 0 255 0 255 167
    255 181 255 255 0 255 0 0 0 255 255 0 0 255 0 255 255 255 255 238 0
    54 255 0 0 255 255 255 139 0 255 36 0 181 255 255 24 255 0 255 78
    255 0 255 171 171 255 255 0 255 0 0 0 255 0 0 0 255 255 111 0 0 0 0
    0 189 255 255 255 255 176 0 72 255 0 0 0 255 255 0 0 0 198 0 32 0
    255 0 0 255 0 0 0 255 255 0 0 253 255 255 19 0 255 15 16 162 255 255
    134 0 0 9 255 255 0 0 255 3 255 6 30 0 0 0 255 255 255 34 0 0 255 0
    255 240 255 0 0 0 162 255 255 0 255 0 0 90 65 215 255 0 205 225 0
    255 255 255 255 0 0 101 255 0 0 255 213 255 57 255 255 0 0 0 255 255
    255 0 255 0 0 255 255 0 0 255 0 16 34 255 255 255 0 0 255 0 255 7
    255 0 255 0 255 255 255 255 255 96 0 0 255 0 0 0 255 255 150 116 0
    255 0 255 255 0 0 0 223 95 255 255 193 0 255 255 255 255 84 0 255 0
    255 122 255 148 0 70 255 100 0 0 0 255 0 0 0 0 255 255 0 0 0 255 0
    255 0 0 0 185 0 255 255 255 255 0 255 223 0 0 0 0 0 255 255 255 255
    112 0 0 255 0 255 255 255 0 255 14 0 0 167 255 255 255 0 255 255 255
    0 0 0 255 255 255 0 0 0 67 255 255 51 0 255 0 0 255 255 0 0 0 0 255
    255 123 0 255 255 255 0 106 255 255 157 0 0 255 255 255 0 255 255
    136 255 0 0 0 255 135 0 255 255 255 0 0 0 255 255 255 0 156 0 255 0
    255 255 245 255 0 0 233 255 255 255 0 124 18 255 158 255 52 208 0 0
    90 197 3 255 157 255 239 255 0 255 0 255 255 0 0 0 255 255 0 255 158
    0 0 82 255 0 0 255 148 232 90 0 52 0 255 229 255 255 0 255 255 0 0 0
    255 255 0 255 255 195 255 0 249 0 255 0 193 0 255 255 205 255 0 74
    255 0 253 255 201 255 255 255 0 255 248 0 0 0 255 255 255 0 0 255
    255 255 0 0 0 110 255 104 0 255 255 251 255 255 0 0 0 0 0 72 0 0 255
    0 255 0 255 0 0 116 86 255 0 0 0 255 0 0 255 94 255 0 255 255 142 0
    236 0 255 110 0 255 255 0 255 0 255 255 255 255 0 255 255 0 0 0 54 0
    22 0 188 182 255 0 213 0 255 255 0 255 0 38 164 0 255 0 255 89 255
    255 255 233 0 255 255 183 156 255 0 255 0 255 0 0 0 255 255 0 255 0
    255 255 255 0 255 103 255 255 96 255 0 255 0 17 255 255 10 0 255 255
    255 0 0 0 255 38 57 0 172 255 0 255 0 255 255 255 0 23 255 255 0 255
    0 141 0 255 255 255 255 0 0 0 0 0 255 255 0 0 0 39 156 255 0 58 243
    255 255 0 0 0 255 255 255 255 106 0 0 0 0 255 0 0 32 0 255 255 0 255
    0 0 0 117 0 0 255 0 0 255 0 22 37 255 255 255 0 0 255 255 138 0 255
    255 147 0 255 0 255 191 255 17 0 255 80 0 0 255 255 255 255 255 255
    255 255 255 0 255 255 255 0 225 191 76 248 0 255 255 0 0 181 0 239 0
    255 255 0 0 0 255 0 255 0 0 0 255 241 0 58 0 255 0 255 0 255 239 0
    255 0 255 0 255 0 11 0 0 0 0 255 0 255 255 20 113 116 151 0 0 216
    255 0 0 14 255 0 0 255 0 255 0 0 255 0 0 0 255 0 0 0 255 255 0 0 44
    0 255 154 0 17 255 255 0 0 255 0 230 255 173 255 117 0 255 255 255 0
    0 0 43 255 255 255 212 0 0 143 109 255 255 255 2 0 0 255 19 43 0 255
    0 2 255 255 255 0 255 255 171 121 255 255 129 0 231 177 255 255 0 0
    255 120 255 142 0 0 0 255 255 255 0 255 169 255 0 0 0 255 255 255
    255 255 0 143 0 255 0 255 0 255 255 255 66 0 0 61 0 0 255 255 255 0
    255 255 255 151 0 255 0 255 0 0 61 0 0 208 0 255 0 255 0 255 0 255 0
    255 0 255 9 255 153 255 255 0 0 0 255 168 255 44 0 255 177 255 255
    82 225 255 0 0 0 255 255 255 164 255 0 255 0 0 0 9 255 169 255 0 255
    0 0 0 0 255 255 0 0 0 255 255 255 201 0 80 255 178 255 255 0 255 0 0
    0 255 255 255 255 255 0 0 0 55 0 10 255 255 155 0 0 0 255 64 255 255
    0 243 0 255 255 255 0 0 0 0 0 255 217 142 0 255 13 255 0 85 235 0
    255 0 70 0 255 0 14 255 125 255 0 255 0 61 255 94 89 90 255 0 184
    255 255 255 0 0 55 255 0 255 0 255 0 0 0 204 127 255 255 255 0 0 0
    255 0 198 255 0 92 255 255 255 0 255 255 255 255 0 0 255 52 7 17 255
    255 0 51 0 0 26 255 0 0 255 0 255 142 255 2 255 0 255 0 191 255 255
    255 0 0 0 0 8 255 93 255 0 0 0 255 255 255 0 0 255 0 36 255 255 89 0
    0 0 0 255 231 169 255 255 0 38 255 55 0 0 0 0 255 208 255 255 0 255
    0 255 255 80 0 0 0 0 0 255 95 0 0 255 255 0 255 0 255 0 0 255 0 0 0
    199 255 255 0 255 0 0 255 0 255 0 255 0 255 247 0 0 193 255 0 255 0
    0 0 0 0 0 255 0 144 0 255 0 0 0 255 255 255 0 111 0 0 0 255 255 255
    0 255 0 255 0 3 255 44 255 0 0 255 255 0 255 0 255 0 255 255 0 255 0
    0 0 0 255 255 235 255 0 0 255 255 255 140 0 255 0 0 177 62 255 255 0
    191 255 255 255 0 0 0 113 0 78 0 57 255 100 255 0 226 0 238 255 255
    0 0 251 255 255 0 0 0 255 255 255 255 0 177 0 255 255 117 255 0 102
    0 255 255 0 255 0 140 255 255 0 0 119 255 255 255 0 255 255 0 0 0
    255 30 0 255 0 0 0 241 255 191 255 255 255 0 0 0 0 102 0 255 166 255
    255 255 0 255 222 255 255 255 177 0 0 0 255 28 199 0 255 0 0 0 255
    255 215 0 255 40 255 255 0 0 255 255 82 255 255 255 255 42 228 0 255
    255 214 16 36 255 129 255 0 0 0 204 255 255 0 0 0 255 121 254 0 60
    255 0 16 71 255 0 249 255 255 0 169 255 0 255 0 255 255 0 12 0 220
    255 255 255 0 255 34 49 0 0 50 255 221 255 0 0 20 63 255 0 255 0 155
    0 0 0 0 0 255 255 114 0 0 0 0 255 255 255 0 0 176 255 0 255 0 255
    185 255 66 255 255 166 255 255 255 0 0 255 255 0 255 0 255 255 255 0
    0 134 0 255 0 0 41 0 255 255 0 255 0 46 255 255 255 0 0 255 0 82 0
    255 0 255 255 255 0 255 162 211 21 84 11 0 255 0 255 0 255 255 255 0
    0 255 129 226 0 255 255 245 0 0 255 224 255 255 255 0 0 255 0 0 208
    255 0 0 176 255 255 255 255 255 54 255 0 255 0 68 0 0 255 255 255 0
    199 0 0 77 155 255 0 73 0 255 255 98 0 0 255 131 103 0 255 255 255
    255 255 179 0 0 255 0 220 255 0 255 0 255 0 255 255 255 0 0 67 255
    255 206 255 224 0 0 255 0 0 255 255 255 0 255 235 255 0 0 0 106 255
    255 255 179 255 0 255 0 0 0 0 0 137 255 0 255 255 203 0 255 1 0 0 0
    218 255 255 95 255 255 0 0 0 255 255 0 106 0 255 255 255 255 0 0 0
    251 23 255 107 0 0 0 0 255 255 162 255 0 255 0 255 255 0 0 255 132
    155 20 255 3 255 255 70 174 180 255 207 55 255 255 48 255 255 255 0
    48 0 255 48 255 0 255 175 0 0 0 255 255 0 123 255 0 255 255 255 0 29
    0 108 255 255 255 0 89 255 255 255 255 0 0 255 255 0 255 211 255 0
    255 255 0 0 179 255 255 0 0 255 0 255 255 255 255 93 255 19 0 0 0 31
    255 255 255 0 255 0 68 255 0 255 255 12 0 0 67 0 226 255 0 255 255
    255 255 0 0 233 0 255 0 255 255 18 0 0 41 255 0 255 0 0 0 0 255 195
    0 81 0 255 255 0 255 0 188 0 255 255 0 173 0 153 255 255 222 0 255
    255 0 0 255 0 0 0 255 0 40 255 255 0 139 0 255 165 240 0 0 0 255 0
    255 217 255 255 0 0 0 255 0 0 0 255 255 0 255 255 255 241 235 0 0
    255 0 255 114 255 35 255 59 145 255 0 255 0 0 255 255 207 255 249
    255 0 255 0 0 0 255 0 255 205 0 255 229 255 149 0 0 156 255 0 114 0
    0 0 255 255 0 255 182 255 0 0 0 255 0 0 121 145 255 0 255 0 232 0
    255 255 0 216 214 0 0 0 255 255 255 244 0 0 255 0 255 255 119 0 0 0
    255 174 255 255 255 6 0 0 255 215 255 255 0 0 156 205 162 101 98 255
    0 255 255 226 0 0 0 0 255 255 255 0 136 0 56 213 35 78 255 0 129 0 0
    255 88 240 0 255 255 0 255 0 0 144 0 255 13 255 0 230 66 0 136 187 0
    255 0 0 0 255 255 183 211 0 0 0 75 255 255 255 166 0 0 0 255 255 78
    255 0 0 0 255 255 0 0 255 0 255 0 0 0 255 63 0 0 0 255 0 0 255 0 255
    255 192 255 255 0 0 255 0 255 0 182 85 0 0 225 255 255 255 0 0 0 148
    179 255 88 109 255 255 0 0 0 255 255 0 0 199 255 0 0 255 255 0 255
    18 8 0 25 255 255 255 0 0 0 0 0 0 142 0 0 225 255 255 0 122 209 255
    255 255 0 255 0 0 110 255 0 255 225 129 0 146 255 255 146 255 0 0 0
    0 255 255 0 255 0 255 255 255 255 0 255 0 0 0 255 255 143 3 0 0 255
    255 75 0 8 0 255 189 255 0 255 56 255 114 0 25 255 0 255 255 197 0
    229 105 255 255 0 0 0 255 128 0 0 0 0 255 0 255 0 255 0 0 255 255 0
    255 31 0 141 110 255 0 255 0 72 22 0 0 255 255 255 255 193 0 255 255
    235 92 233 255 255 0 0 115 255 0 0 255 0 255 0 255 0 1 255 255 0 206
    0 91 255 255 255 0 255 0 255 0 0 244 255 180 0 0 255 255 0 255 0 255
    55 255 255 255 169 0 255 255 255 0 255 0 149 255 255 255 0 0 0 166 0
    0 255 255 255 0 84 255 255 0 0 0 255 0 162 14 56 163 255 255 0 0 0 0
    255 255 255 255 255 0 0 255 0 0 0 0 255 0 255 0 194 255 0 0 0 255
    174 0 0 0 255 0 0 181 0 0 0 126 255 0 0 0 184 0 0 0 255 255 179 0
    255 0 255 0 0 255 255 14 0 255 0 0 0 255 76 255 255 0 0 255 255 173
    243 0 255 4 255 255 0 153 255 255 216 0 255 255 65 0 0 0 255 128 255
    0 0 133 0 176 255 201 233 0 223 0 255 255 255 45 99 255 255 60 151 0
    158 42 255 255 255 0 255 0 122 255 0 198 0 0 255 255 0 0 0 255 154 0
    0 196 255 255 0 0 169 255 255 255 218 0 0 255 0 255 255 149 0 0 255
    0 0 255 255 255 0 255 0 0 0 255 255 255 255 187 64 255 0 0 0 134 90
    0 0 5 255 0 155 98 241 0 0 255 0 255 0 255 65 46 0 0 255 255 255 0
    122 255 0 0 255 0 255 129 255 0 119 0 255 0 255 0 255 255 153 0 0 0
    0 134 0 0 100 255 255 255 255 255 94 0 0 0 255 255 255 0 0 255 0 255
    0 47 255 0 255 0 255 0 255 255 0 0 0 151 255 255 255 255 0 160 0 16
    255 0 0 255 255 255 255 0 0 0 255 255 148 0 112 0 255 255 255 0 62
    255 0 37 255 255 0 129 255 18 0 255 255 255 0 255 0 255 181 0 0 0 0
    255 255 255 161 0 0 0 0 255 0 255 0 255 0 255 86 0 0 255 255 0 15
    255 255 255 255 0 0 255 182 255 255 0 0 0 0 0 0 255 156 255 7 255 65
    255 0 255 255 0 255 0 255 0 255 255 255 222 255 255 0 255 0 255 255
    255 255 0 255 72 0 0 193 0 255 123 0 0 255 183 0 0 0 0 255 0 255 255
    0 0 0 120 0 56 19 119 255 255 255 0 0 255 255 0 255 0 146 0 255 0 0
    155 255 0 255 0 0 0 0 255 255 255 242 0 0 255 255 43 121 255 255 0
    255 255 255 214 0 255 0 147 255 255 20 0 255 255 0 255 192 255 255 0
    255 0 36 0 255 0 0 255 218 209 0 255 0 0 0 255 255 255 255 0 0 0 80
    255 255 255 255 0 112 255 255 0 250 0 255 198 255 0 255 129 255 255
    255 0 255 255 255 0 0 0 0 0 0 255 0 0 0 153 255 20 55 146 134 0 155
    0 0 0 255 255 0 0 255 255 142 0 255 255 255 255 255 6 191 0 232 0 0
    0 255 255 255 0 238 159 255 0 255 0 255 0 255 0 255 255 255 0 85 0
    36 129 255 255 255 0 229 255 255 0 0 255 255 255 0 0 1 255 255 0 219
    191 162 0 102 255 0 255 255 0 255 0 255 255 0 0 0 255 0 8 133 0 0
    255 0 0 181 255 255 0 0 0 0 244 255 0 198 0 221 0 255 0 255 123 0
    255 128 255 0 255 0 255 255 255 0 86 0 0 255 255 0 124 77 144 0 255
    255 0 0 255 0 252 43 0 0 0 255 0 216 0 255 33 255 142 0 0 0 0 0 216
    255 0 0 255 255 255 0 0 52 255 166 255 0 255 0 255 255 225 0 0 255 0
    0 0 230 255 0 255 0 255 255 0 0 0 255 18 255 0 211 0 255 255 255 255
    255 255 171 0 217 0 255 0 255 0 255 0 0 0 191 255 0 0 17 255 179 255
    0 255 0 0 0 0 1 255 238 0 0 255 255 0 0 0 255 121 255 238 237 0 125
    0 255 255 126 255 175 0 0 74 255 0 255 175 255 0 0 255 255 255 255 0
    255 255 104 0 0 255 255 255 0 0 255 0 120 0 255 255 255 255 255 255
    0 0 141 0 255 0 255 199 255 0 0 0 156 0 255 255 80 0 255 228 0 0 255
    0 137 255 255 0 0 114 255 0 161 0 255 0 255 255 255 255 0 255 0 0 53
    255 255 186 0 245 0 0 255 255 255 255 0 0 0 255 0 0 255 0 0 0 255 47
    0 255 0 255 0 255 255 0 0 0 255 255 255 0 255 0 207 174 0 255 255
    255 0 0 0 0 0 255 0 0 255 255 16 0 0 62 255 255 0 119 181 82 0 0 39
    255 0 255 255 0 255 0 255 0 255 136 0 255 69 0 0 255 0 0 255 123 0
    100 0 50 0 216 255 255 255 255 0 255 255 0 255 0 139 0 0 0 255 255
    255 0 0 255 0 0 246 255 147 255 0 0 255 255 255 0 0 0 0 255 202 55
    255 111 0 0 255 255 255 255 255 0 0 0 189 255 204 255 135 255 0 255
    104 255 255 0 0 0 255 255 0 255 112 255 0 255 255 255 255 255 255 0
    0 0 255 255 255 0 255 94 255 0 0 0 255 0 0 255 255 152 0 216 255 73
    115 0 255 0 66 255 0 255 0 255 0 136 255 255 255 0 0 0 173 255 255 8
    0 255 0 128 255 255 255 0 0 0 218 87 166 157 255 0 0 255 255 0 255 0
    255 255 0 38 0 255 255 0 0 255 0 255 0 0 97 0 255 255 255 0 0 60 255
    0 255 0 138 0 255 0 133 0 255 255 0 254 0 72 255 0 0 0 255 195 255 0
    255 226 0 209 0 0 0 64 255 255 255 0 0 255 255 0 76 0 255 255 192
    103 255 255 0 0 255 255 255 255 0 0 102 4 255 80 255 0 255 0 0 0 255
    54 40 0 82 255 255 0 0 23 51 255 255 135 255 0 255 255 255 0 255 0
    255 0 255 255 11 114 0 0 255 255 255 255 54 41 0 0 0 255 0 0 255 255
    255 0 0 144 0 0 0 121 1 0 0 255 113 255 255 0 0 79 255 0 255 0 31 50
    0 255 255 255 255 0 255 96 255 0 0 255 255 192 0 255 0 0 0 118 0 255
    0 255 0 217 0 255 81 255 0 0 79 0 255 255 202 255 23 0 255 0 255 223
    255 255 255 255 255 36 0 0 0 255 255 255 0 0 52 255 255 0 0 255 0
    255 239 255 255 255 0 0 255 0 255 0 255 255 255 0 255 255 0 0 0 255
    137 255 0 0 0 0 0 255 255 0 88 0 0 0 0 0 130 255 0 255 0 255 92 0
    255 255 255 166 255 255 0 255 0 189 0 0 255 0 0 41 152 0 255 255 0 0
    255 0 255 255 255 255 0 22 255 255 0 255 255 0 0 248 0 255 0 255 255
    255 255 255 255 0 47 0 0 255 255 0 198 0 0 255 255 175 236 0 255 0 0
    169 255 255 255 199 146 255 190 79 26 255 255 0 204 255 0 14 0 255
    219 0 0 255 102 255 227 34 0 255 255 0 0 255 255 255 0 0 255 0 0 0
    255 255 67 0 0 0 255 0 255 52 255 0 0 0 255 255 255 255 0 71 0 81
    255 126 0 132 255 0 0 231 248 255 0 255 255 255 0 155 255 154 147 0
    255 255 255 0 0 255 255 130 156 0 0 255 169 0 18 0 255 0 255 0 255
    174 0 255 0 255 0 255 0 255 234 255 0 0 0 255 255 255 191 151 0 0 0
    255 255 0 0 0 0 0 255 0 255 217 255 255 36 0 0 0 0 255 255 255 95
    255 0 0 0 255 255 255 0 255 0 0 255 255 255 255 255 108 0 255 107
    255 255 255 0 0 255 255 247 255 0 0 0 255 255 255 0 255 0 255 0 0 0
    255 255 255 31 85 0 63 255 235 0 12 0 255 250 255 0 255 255 0 255
    255 0 0 255 255 0 255 5 186 184 255 0 0 0 0 0 0 0 255 255 255 255 0
    91 43 0 0 0 0 255 0 255 0 0 255 255 255 0 0 0 255 0 255 255 0 41 255
    63 251 0 255 255 0 161 0 255 0 0 0 255 248 255 0 123 0 255 0 255 255
    0 0 0 0 255 204 255 255 255 0 0 255 255 91 0 255 255 0 255 0 255 0 0
    255 255 255 255 255 0 0 0 0 0 0 255 141 0 0 255 255 0 255 0 0 0 255
    0 255 255 0 255 0 0 255 0 255 0 255 0 132 0 70 255 255 255 255 94 0
    0 0 213 0 255 0 0 0 119 255 255 255 255 0 255 0 255 255 0 0 74 255
    255 181 255 159 0 255 0 255 0 0 0 255 255 255 0 255 255 255 0 255 0
    0 24 199 35 0 0 255 255 0 0 28 255 255 133 0 0 248 61 255 255 255 0
    0 0 35 0 255 255 255 0 0 0 139 255 0 0 0 255 255 80 0 0 255 255 255
    0 0 0 0 197 0 0 0 255 255 0 0 255 171 255 0 10 255 255 255 255 255
    255 255 0 255 0 64 255 255 255 0 0 163 119 0 0 0 255 148 235 209 255
    255 255 0 0 2 0 255 255 0 0 0 0 240 0 0 0 255 0 240 255 255 255 159
    255 25 255 121 255 0 255 208 255 104 0 0 255 255 255 255 0 0 255 255
    255 0 255 255 0 135 99 255 0 0 249 255 255 255 40 0 0 0 0 255 0 189
    255 255 0 240 0 181 255 255 255 255 0 50 6 0 53 0 255 255 0 255 0 0
    0 255 222 0 0 255 152 255 255 255 191 0 0 255 0 0 255 159 0 255 255
    0 0 255 255 255 0 255 0 255 1 132 183 90 101 250 0 0 255 255 0 255 0
    124 255 21 0 231 255 0 255 0 255 0 209 255 255 0 255 0 255 0 0 0 85
    255 255 173 21 255 255 0 0 134 0 150 0 0 255 255 255 0 0 0 255 255
    255 255 0 255 0 0 255 0 255 0 0 255 255 0 0 255 255 0 0 255 255 255
    255 0 0 255 255 255 255 0 0 255 255 227 0 255 56 255 0 255 255 0 255
    0 0 77 255 0 188 100 0 0 0 255 255 224 0 0 115 255 0 0 255 255 255
    255 0 106 255 200 0 0 255 255 0 146 255 0 255 0 245 0 6 110 224 0
    255 255 255 0 0 0 183 255 0 82 255 0 0 112 255 255 62 255 139 255 0
    255 0 0 0 255 13 255 255 106 15 0 255 189 0 0 255 255 255 0 0 0 229
    255 64 0 255 70 31 4 255 174 0 157 149 0 255 255 31 0 0 255 115 0
    255 182 211 255 255 255 255 16 0 255 0 0 0 149 255 255 0 0 0 231 0
    255 255 0 0 255 255 255 255 255 226 255 136 49 0 255 128 107 51 185
    0 0 0 255 28 255 255 0 78 0 255 58 0 19 255 0 0 0 255 125 255 0 0 0
    0 255 255 207 0 0 255 255 255 0 255 0 255 37 0 0 0 221 255 255 255 0
    255 0 0 0 255 255 255 255 255 207 255 0 255 255 255 0 0 0 137 0 0
    255 208 255 255 255 255 255 107 0 255 0 6 0 0 243 255 255 255 255 0
    0 0 255 0 255 0 255 255 0 0 0 0 255 255 0 176 255 0 255 36 255 0 0
    225 155 255 109 121 0 47 255 221 0 0 0 255 255 255 0 0 0 255 156 0
    255 255 0 0 0 157 0 255 0 0 255 255 0 255 255 255 0 0 0 255 0 255
    255 40 0 0 255 255 255 0 255 0 255 255 255 0 255 0 255 255 0 42 0
    255 255 255 0 0 255 0 0 255 255 0 0 255 255 0 0 0 219 81 184 255 156
    0 76 0 255 255 255 121 255 0 255 255 255 0 93 255 255 0 0 0 0 255
    255 203 0 99 255 0 235 255 255 0 0 0 255 185 0 11 105 255 255 0 255
    255 255 184 187 255 168 177 0 255 0 255 255 0 0 0 255 255 255 179 0
    184 0 255 0 0 210 255 255 212 138 255 0 150 0 249 0 255 0 113 255 55
    21 255 255 255 0 0 0 0 255 255 255 196 0 1 0 0 255 188 125 0 255 0
    117 154 203 255 255 255 0 0 0 0 0 141 68 255 249 255 255 0 120 255 0
    0 0 81 255 255 255 255 15 0 255 214 255 255 0 0 40 255 255 255 227
    255 0 255 71 255 0 0 255 0 92 255 255 0 0 222 255 65 255 0 0 0 255
    78 255 255 255 254 0 232 0 255 63 0 0 255 255 0 0 255 255 255 255 0
    0 237 255 255 0 0 255 255 255 0 0 0 44 255 255 0 0 255 196 255 0 221
    202 255 0 255 255 255 206 255 255 255 0 0 255 0 255 0 255 0 208 0 72
    0 0 0 0 0 93 0 0 0 255 0 255 0 0 6 255 255 255 0 0 0 0 0 255 255 255
    2 0 0 164 255 255 242 0 42 255 255 255 0 0 255 0 255 0 0 0 0 224 255
    255 255 255 0 126 29 255 255 0 255 71 255 0 255 0 255 0 0 3 255 255
    0 255 0 0 0 255 194 0 255 255 255 0 255 0 0 255 255 0 255 255 255 0
    229 128 0 255 0 0 0 0 255 255 255 0 197 0 0 255 250 255 255 0 0 255
    255 85 33 27 255 0 255 255 0 255 0 255 0 255 255 0 0 0 0 80 0 255 76
    103 113 0 221 151 255 0 0 12 41 0 0 255 0 5 255 255 0 255 255 255 0
    48 255 0 255 255 114 255 0 255 255 0 255 0 0 0 255 120 0 0 255 0 255
    3 0 255 255 255 0 0 0 0 255 126 0 255 82 227 49 0 0 0 0 209 255 255
    255 0 0 0 255 255 0 255 0 0 74 0 0 255 255 255 0 0 255 0 255 0 255 0
    0 255 255 0 75 255 0 0 0 0 0 0 0 255 255 0 255 0 0 255 255 0 255 0
    255 0 0 0 255 118 255 255 255 255 0 255 255 255 255 255 0 0 70 255 0
    255 0 255 0 0 0 255 255 255 170 255 82 0 0 255 255 255 0 255 0 0 0
    255 0 255 0 255 255 255 0 67 0 255 0 0 255 0 255 255 0 0 0 0 255 255
    255 0 0 0 255 66 255 0 87 0 0 255 225 255 0 0 0 0 255 255 255 40 255
    248 255 0 255 136 1 0 0 239 0 255 0 37 255 255 255 141 0 255 0 255 0
    255 255 255 0 255 255 255 0 0 0 255 255 255 255 0 255 255 255 204
    255 0 0 0 255 255 255 166 255 255 59 0 0 255 0 255 0 255 0 255 0 235
    255 255 131 0 140 255 255 245 0 0 0 0 0 124 255 255 255 255 0 131 0
    255 255 255 255 255 0 0 0 255 0 166 0 255 0 152 34 255 0 0 129 0 255
    135 1 0 255 102 255 244 255 202 255 0 0 173 255 0 0 56 0 255 0 255 0
    0 255 255 207 0 255 255 255 255 255 0 0 255 121 255 0 0 255 255 255
    0 0 255 33 8 81 0 0 255 0 255 134 255 255 255 0 255 87 0 255 0 175
    255 57 255 0 62 0 255 0 135 255 255 0 0 0 255 255 0 13 255 194 236
    255 0 0 255 0 255 255 173 0 0 0 255 255 0 0 0 255 255 0 0 0 255 255
    255 0 0 37 255 0 0 0 254 0 0 0 255 255 177 0 191 225 0 0 0 0 0 0 255
    255 255 0 0 255 255 0 211 0 255 255 0 0 0 0 255 29 255 81 255 255
    253 0 0 255 128 137 8 255 0 0 255 255 255 255 0 0 0 0 255 0 0 0 255
    146 0 255 255 0 255 255 85 0 113 0 169 0 31 0 255 56 255 0 129 0 255
    0 244 0 255 0 255 255 255 0 255 145 0 0 0 0 255 233 255 0 255 0 255
    0 0 255 18 255 109 0 237 255 90 202 255 200 0 0 0 255 0 255 0 255 0
    255 0 0 255 255 0 255 25 255 207 255 0 0 0 255 255 0 255 197 255 0
    255 0 204 255 255 16 255 9 94 0 0 0 0 255 255 24 255 0 255 67 0 255
    29 255 0 0 0 255 255 0 0 86 255 255 0 94 0 0 255 0 0 0 255 169 0 0
    170 255 255 0 0 0 0 255 228 255 255 255 255 255 255 46 108 107 255 0
    255 112 144 248 0 255 0 34 255 255 0 0 255 255 250 0 0 255 255 0 255
    0 255 232 255 255 245 0 17 255 10 255 255 0 0 0 0 255 0 255 233 255
    0 255 255 255 0 0 255 0 255 0 0 0 255 0 0 202 88 0 0 0 60 0 255 159
    0 139 255 0 255 0 61 0 255 255 0 0 0 255 76 0 187 255 0 197 0 255 29
    255 255 200 0 255 43 255 0 7 0 255 0 255 0 255 0 0 255 255 255 0 0 0
    0 0 0 255 255 255 255 0 255 255 0 255 109 255 208 0 0 255 255 255 0
    0 0 255 255 255 255 0 0 0 255 0 255 255 255 0 0 210 255 0 0 0 255
    255 0 18 0 125 255 0 0 255 255 0 255 154 255 0 137 0 255 255 255 0 0
    0 216 255 0 255 255 39 255 132 255 0 0 255 165 255 0 255 0 0 191 161
    255 0 0 255 0 29 255 0 255 255 0 0 0 0 255 255 255 255 255 0 255 255
    98 255 0 0 0 58 110 0 255 209 0 153 255 0 0 0 0 255 255 0 255 0 255
    0 255 0 0 0 0 255 199 0 0 255 255 0 0 212 255 255 255 4 0 0 0 0 255
    255 255 255 255 0 242 0 57 0 255 0 255 0 0 228 0 113 88 255 238 0
    255 0 0 0 255 255 255 165 0 255 108 242 255 255 255 255 255 255 0 0
    0 0 0 255 39 255 251 194 0 255 0 255 0 70 0 0 0 255 215 0 0 53 48
    255 0 255 0 0 255 255 255 0 243 255 255 149 255 0 255 0 255 0 255
    255 142 0 189 0 0 155 0 0 0 255 255 255 255 0 0 0 147 255 255 0 0
    163 255 255 255 0 255 26 255 0 255 0 255 0 0 79 255 255 0 0 0 255
    255 99 0 255 255 0 0 0 255 0 255 222 155 0 0 0 255 0 0 255 5 255 0
    58 255 0 255 255 255 0 139 255 255 0 0 0 0 0 0 255 255 255 255 255 0
    255 0 0 76 0 106 255 0 0 220 17 255 0 0 255 255 137 179 0 0 255 255
    110 0 0 255 0 255 0 255 0 255 255 255 253 0 8 0 255 0 0 0 255 247 78
    0 143 255 0 0 0 255 0 0 0 255 255 255 0 0 46 255 96 0 255 255 255
    255 255 0 255 121 255 0 255 176 165 97 255 255 4 255 255 0 241 0 0 0
    145 0 255 0 255 0 15 0 159 0 255 0 0 0 226 0 111 0 131 0 255 239 237
    255 177 0 255 255 255 255 0 0 255 255 255 255 0 65 180 255 0 220 40
    255 0 0 187 255 0 0 0 0 255 203 255 102 255 0 0 122 255 0 0 0 255 0
    255 255 255 0 0 0 0 255 255 0 255 255 0 255 255 255 0 0 255 142 255
    255 255 255 0 0 0 212 0 2 114 255 255 0 73 255 0 0 0 0 255 82 0 0
    255 255 255 255 0 0 0 99 255 255 255 255 255 0 255 0 255 0 255 0 255
    0 255 182 80 255 255 0 206 0 255 255 218 0 255 0 255 175 249 0 255
    255 255 255 0 255 0 0 0 255 0 139 0 255 255 255 97 0 0 0 255 0 154
    255 255 0 0 0 255 36 0 0 255 255 0 255 255 255 0 0 0 93 0 0 0 255 79
    255 255 255 0 93 0 255 255 255 0 255 0 0 0 255 255 0 255 255 255 0 0
    0 0 255 0 147 0 255 255 255 255 255 0 255 0 255 159 255 0 255 140
    255 255 144 0 0 231 255 0 0 0 0 0 255 255 255 255 0 0 0 0 227 255 78
    255 0 255 0 194 255 46 0 0 49 76 255 0 0 0 98 255 255 57 17 0 87 0 0
    31 255 255 255 0 207 0 219 207 255 255 0 255 255 255 255 0 0 24 255
    202 0 255 0 255 0 255 0 176 255 255 153 0 255 255 255 0 255 0 235 0
    255 62 255 0 0 0 217 0 0 135 0 15 0 255 255 161 113 0 255 0 0 0 182
    0 218 255 255 255 255 255 0 255 0 0 0 255 255 255 201 40 0 136 25 0
    255 255 0 0 0 0 0 255 255 255 173 0 0 255 31 255 0 255 101 0 0 255
    255 255 0 0 255 255 255 242 71 255 0 0 38 255 255 255 0 255 104 255
    0 128 0 255 247 255 255 221 255 0 0 255 249 255 0 255 0 0 235 152
    255 0 255 197 0 0 0 255 255 0 255 255 0 201 0 255 113 255 0 255 0 0
    255 255 255 255 0 255 255 255 19 255 0 255 255 255 0 0 0 81 0 255
    255 255 0 255 0 255 0 227 255 0 0 8 206 255 255 0 255 255 255 0 0 0
    156 255 0 85 0 255 0 83 30 218 5 255 255 255 67 0 255 0 255 0 0 255
    0 255 0 255 23 0 66 30 122 255 250 255 255 0 206 0 0 255 255 178 0
    255 255 133 0 0 0 0 255 0 0 255 0 0 0 255 255 10 255 0 255 0 0 255
    255 255 255 0 255 50 255 0 0 0 0 255 255 255 0 0 0 0 255 0 255 255 0
    92 0 255 2 0 0 255 255 255 0 255 188 109 0 0 94 255 0 255 147 255
    255 177 254 0 5 255 255 0 0 0 191 255 255 0 0 141 0 80 255 156 255 0
    0 0 255 238 0 0 255 20 225 0 0 255 255 255 0 0 0 255 62 0 255 20 255
    0 255 2 0 0 255 17 0 255 0 202 0 255 36 255 0 0 255 0 255 220 0 0
    209 255 0 255 255 0 0 255 241 255 0 0 43 255 255 0 255 0 255 0 0 5
    255 138 75 0 0 255 255 0 0 130 0 255 35 255 0 0 0 0 17 255 255 0 0 0
    255 0 0 255 255 0 255 0 151 210 0 0 255 0 0 201 255 163 0 255 0 255
    0 0 0 82 255 81 255 0 0 255 151 0 0 255 0 182 0 255 255 255 0 0 0
    255 0 255 130 0 255 0 255 0 0 255 255 255 0 0 0 255 255 0 0 255 255
    176 255 27 255 0 0 193 255 0 223 0 255 255 255 0 35 0 0 0 255 255 55
    0 0 255 255 0 0 255 56 0 0 255 255 0 255 223 0 0 255 0 67 255 255
    255 0 255 0 0 255 255 255 255 198 0 255 0 0 255 0 0 0 255 255 255 0
    255 210 79 97 255 107 255 38 255 255 0 255 0 255 255 0 204 255 255
    255 255 0 255 255 255 0 0 184 39 255 72 0 255 255 255 0 0 255 255
    255 0 0 0 255 255 255 0 255 0 255 255 255 255 0 49 0 0 255 0 106 0
    255 19 255 0 0 0 0 0 210 255 255 255 0 255 1 0 0 0 255 255 255 255 0
    255 209 255 0 0 255 255 25 0 210 255 0 255 255 0 0 0 0 255 0 255 77
    255 255 255 255 0 0 0 255 0 255 255 0 255 161 255 255 255 0 247 0 0
    255 255 255 0 0 255 255 255 0 49 199 31 255 255 255 0 0 0 255 255
    255 0 0 0 0 255 178 0 0 255 0 255 0 37 0 255 0 255 0 255 0 0 255 255
    255 0 12 0 0 166 255 0 255 0 0 0 255 255 255 0 0 0 255 255 255 22 0
    0 0 255 255 0 255 255 255 255 0 0 255 255 255 176 255 0 255 0 255
    205 0 113 0 0 0 130 255 255 255 0 255 92 8 255 255 0 255 0 255 0 255
    255 0 0 0 255 255 0 255 14 234 0 0 255 195 0 0 0 171 255 255 255 255
    255 0 255 0 255 0 255 255 0 0 0 0 255 145 0 0 0 255 255 255 0 35 0
    21 245 170 255 0 0 0 255 255 255 34 0 255 193 0 255 255 0 255 255
    255 0 97 0 255 255 255 0 0 0 0 255 0 255 176 159 0 157 255 0 255 0 0
    0 0 255 255 255 255 0 0 255 255 255 0 0 255 69 255 191 255 122 74
    255 0 255 255 255 247 0 255 255 255 20 0 255 0 0 72 255 0 255 255 25
    117 0 255 0 255 0 255 151 255 255 0 0 0 0 0 255 255 255 0 0 148 255
    255 52 0 255 255 57 0 0 75 255 35 255 0 255 177 255 0 0 0 255 255 0
    18 0 0 255 0 68 0 255 0 0 0 255 0 0 246 0 49 255 89 255 0 132 190 38
    0 223 255 119 0 255 255 0 0 0 226 251 248 255 255 255 255 255 255
    227 144 193 255 255 255 48 0 167 0 255 255 36 0 255 12 255 143 255 0
    255 179 0 0 55 0 255 20 0 255 255 16 88 255 255 255 228 36 105 50 0
    255 255 0 255 255 255 169 155 0 0 0 255 255 255 0 0 255 0 0 0 0 255
    130 255 163 0 0 0 255 255 255 255 0 0 255 255 255 0 24 0 120 246 208
    0 255 0 255 255 255 141 211 186 255 255 255 0 40 255 255 0 0 0 255
    255 255 255 140 0 0 255 0 255 0 255 0 255 255 82 255 255 221 189 0
    95 0 255 255 0 255 230 255 0 255 66 255 0 0 33 0 255 246 0 255 0 0 0
    166 255 255 0 0 0 0 0 255 0 255 0 255 0 255 255 255 255 0 255 0 81 0
    255 0 255 0 0 0 255 255 255 163 255 255 0 203 0 255 38 58 177 0 65
    255 174 0 0 255 0 255 0 0 255 0 50 255 244 0 255 0 0 0 255 255 151
    255 0 255 255 255 0 255 255 0 0 0 239 255 0 255 0 184 255 255 255 0
    255 0 255 0 0 0 255 255 129 0 0 0 255 255 167 42 189 0 201 0 255 255
    255 255 205 0 0 0 96 111 64 0 0 255 255 255 255 255 0 110 0 0 255 70
    0 0 0 0 255 255 255 0 0 255 100 0 0 255 0 254 0 72 255 0 255 0 0 255
    215 0 255 111 255 0 83 255 0 255 255 255 255 0 0 235 255 196 255 0
    255 0 255 0 255 191 102 255 0 0 0 255 255 0 255 0 0 0 255 255 255
    120 0 6 255 255 0 0 0 255 177 255 0 0 255 255 132 145 0 0 89 0 0 0
    137 0 0 255 255 193 0 255 255 255 255 0 255 0 255 255 255 255 255 0
    0 0 0 255 0 0 27 255 255 255 0 0 0 255 62 255 0 255 86 0 0 0 255 255
    134 255 0 255 255 255 255 255 94 255 0 0 0 78 164 0 255 255 160 0
    255 0 40 0 255 255 255 0 0 0 255 255 255 212 0 107 190 0 193 255 0
    255 255 0 0 0 255 255 255 255 255 255 0 0 0 255 255 255 0 0 0 162
    223 255 0 0 0 0 0 255 0 0 255 255 255 0 255 0 255 0 255 255 255 0
    255 0 0 0 205 0 0 0 255 255 255 0 0 255 255 0 0 0 0 255 255 0 0 232
    255 255 0 0 0 0 255 255 0 0 0 255 255 255 0 255 255 211 255 209 0 0
    0 0 255 255 0 0 0 255 255 255 0 0 0 0 255 68 255 0 0 255 167 255 27
    0 255 224 255 0 255 0 0 0 255 0 91 255 39 0 0 255 0 0 0 0 0 74 0 255
    255 0 255 61 255 0 255 0 241 255 0 174 105 0 0 48 102 201 0 255 0 0
    204 255 255 0 0 0 0 255 255 255 0 255 0 255 0 255 0 255 0 255 0 255
    255 255 0 255 99 255 0 173 0 255 121 20 178 39 0 255 0 0 106 255 255
    0 165 0 0 0 2 179 0 110 0 48 0 0 0 38 147 153 0 0 0 11 255 0 255 255
    255 255 0 0 235 255 0 255 0 255 255 0 0 70 255 0 255 255 0 0 0 255
    255 0 0 255 182 255 0 0 255 0 255 255 255 172 255 163 82 0 50 255 45
    0 0 255 255 0 255 0 187 221 255 255 255 255 255 255 0 229 255 0 255
    0 255 0 255 0 0 0 255 78 255 0 255 255 0 178 0 255 222 255 0 255 255
    255 0 178 0 0 0 0 255 0 0 0 255 0 255 179 147 0 255 0 255 255 0 54
    255 255 255 0 0 255 155 0 0 255 255 0 0 255 0 255 0 0 0 97 0 38 255
    255 36 177 252 143 0 0 0 0 0 195 135 255 180 255 7 0 0 255 255 0 255
    255 10 0 0 255 255 255 0 255 255 255 255 0 0 255 255 0 0 0 0 179 255
    255 0 255 0 82 0 0 30 255 0 255 73 255 0 0 255 255 255 0 0 0 0 255 0
    255 215 146 0 255 0 255 255 255 53 0 255 0 255 255 255 84 0 0 0 255
    0 126 255 0 0 0 226 0 129 255 255 255 255 255 0 0 255 255 0 0 197
    255 185 0 255 255 255 255 255 255 255 242 0 0 217 123 252 0 122 32 0
    255 0 160 0 0 255 88 255 154 255 255 255 255 255 0 0 255 255 0 0 0
    255 255 255 0 255 83 255 0 213 202 255 0 0 255 0 255 0 255 0 133 88
    0 255 255 255 0 0 0 255 255 255 255 0 255 0 225 0 10 0 235 0 255 0
    255 255 255 0 255 0 255 255 255 255 255 255 253 0 255 0 255 255 255
    0 255 0 255 255 255 0 0 0 68 255 255 255 255 0 0 0 255 0 0 29 255 85
    0 0 0 0 0 0 0 123 2 213 168 241 0 255 255 139 255 0 19 255 39 0 255
    101 255 255 255 0 0 0 255 220 255 255 255 0 42 234 255 255 0 0 0 0
    255 0 57 74 255 110 0 85 72 114 255 0 255 255 255 0 0 255 255 0 0 0
    0 251 255 0 0 0 255 0 255 0 255 116 255 0 0 255 255 0 0 0 255 255
    255 255 0 0 248 156 255 255 255 0 255 255 255 0 0 255 255 0 0 0 255
    255 255 203 0 255 255 0 0 18 64 255 0 255 71 255 0 244 0 198 255 192
    255 0 0 141 255 255 101 0 0 0 0 129 255 255 255 3 255 0 255 109 255
    0 255 0 255 0 255 0 0 0 255 47 197 255 255 45 0 0 154 255 255 255 0
    255 0 71 9 255 0 0 255 170 0 0 0 0 176 255 0 255 0 0 0 0 255 156 0 0
    0 255 255 255 0 255 255 0 0 0 21 255 255 0 236 0 255 255 255 0 0 149
    255 255 255 255 255 255 255 117 0 255 0 234 119 255 255 0 0 84 255 0
    0 0 125 255 0 255 4 0 0 0 255 255 255 0 50 255 0 0 0 248 255 255 255
    255 255 0 0 255 0 0 0 255 255 255 0 255 0 255 255 195 255 255 0 253
    0 255 0 0 103 0 61 255 255 0 255 0 0 0 0 0 255 255 76 0 165 255 0
    255 255 255 0 0 0 255 232 0 92 0 255 255 255 255 71 0 255 0 255 0 76
    255 0 255 225 0 88 255 255 192 0 0 255 255 180 14 125 255 255 255 0
    78 0 0 255 255 255 0 0 73 0 255 255 0 0 0 3 255 129 255 0 255 0 0
    255 137 0 0 0 255 255 0 255 185 255 0 255 255 255 255 255 254 66 0
    255 135 255 100 38 0 0 255 0 114 0 91 255 129 255 255 255 255 0 0 68
    255 255 111 0 0 123 255 255 255 0 190 0 255 0 255 255 255 0 0 0 255
    0 186 0 255 255 172 0 255 0 255 107 0 0 255 255 255 83 255 109 141 0
    231 138 255 255 255 255 0 255 255 255 0 0 241 0 0 255 255 42 0 0 255
    130 111 93 255 0 19 0 255 0 0 255 255 255 0 0 144 255 112 255 237 0
    0 255 143 255 35 255 140 255 81 0 0 0 0 130 255 255 0 0 0 255 255
    255 43 255 255 0 255 201 255 201 255 0 0 180 66 0 238 0 0 0 255 255
    255 255 0 255 0 0 0 255 0 255 220 125 0 255 255 0 255 0 255 0 170
    255 255 255 0 0 254 255 255 106 0 255 255 255 173 0 0 0 255 255 255
    235 0 255 255 0 0 0 255 255 255 255 0 211 0 255 0 0 246 255 255 0 0
    255 198 144 255 255 0 0 0 0 0 0 0 255 0 146 0 0 5 255 255 217 0 237
    0 255 252 255 255 214 0 0 255 0 255 255 255 0 0 0 0 0 0 23 0 0 220
    255 255 255 0 0 255 0 255 255 255 255 92 0 150 0 125 255 0 0 255 0
    184 0 242 0 0 206 0 255 0 255 10 141 162 255 0 0 186 255 0 0 0 255
    185 75 0 217 255 255 255 0 0 0 255 0 0 0 255 255 255 255 255 0 0 255
    0 255 0 255 255 255 0 212 0 255 255 255 0 255 150 0 0 0 255 0 255 0
    255 0 255 0 0 0 255 0 126 255 0 0 255 255 0 0 0 0 172 101 255 0 255
    255 255 255 0 0 255 255 0 0 255 255 255 235 0 142 255 255 0 255 249
    0 255 255 255 102 0 0 255 255 116 244 7 0 0 255 0 255 0 255 0 255 0
    0 255 0 0 88 255 61 255 0 255 41 104 192 0 0 163 0 255 16 0 0 255 0
    255 0 132 255 0 162 0 255 255 0 84 0 255 0 243 0 16 0 255 71 255 0 0
    0 0 87 255 0 255 0 0 0 217 232 17 0 255 255 255 255 0 0 255 0 255 58
    255 201 0 89 255 255 255 255 0 0 0 255 255 0 0 255 255 255 0 70 0 0
    255 45 255 0 255 241 0 255 73 0 72 140 66 255 0 187 255 255 0 0 229
    230 255 0 0 0 255 42 255 0 54 0 255 199 255 192 88 0 255 0 255 255
    165 0 0 0 109 255 255 255 0 0 255 0 255 83 250 56 255 255 0 255 0
    255 255 148 255 0 0 0 255 0 201 118 34 130 255 255 0 200 0 255 0 255
    0 255 255 255 255 255 253 0 0 0 255 0 255 100 0 255 0 255 0 31 0 255
    211 255 255 0 0 0 255 255 255 40 205 255 217 255 68 221 0 255 255 0
    0 0 53 0 0 209 229 255 0 255 0 0 0 255 0 255 0 194 255 69 93 255 255
    0 255 0 0 0 255 0 255 255 1 255 0 255 0 255 255 255 255 0 0 0 255 0
    47 255 255 0 0 0 0 255 255 255 0 0 0 255 0 255 0 255 0 255 255 12
    255 255 255 0 0 255 188 0 5 255 0 135 255 126 181 0 0 255 255 255 5
    0 255 0 255 255 255 250 0 185 0 255 0 0 0 0 255 255 255 0 102 0 0 0
    255 255 255 255 26 255 0 255 255 255 0 163 255 255 255 255 247 14
    255 98 177 255 0 255 0 255 72 240 255 0 0 255 255 0 255 0 255 255 0
    0 0 255 255 0 0 0 104 0 50 123 0 0 255 0 103 255 255 184 0 0 0 0 0
    95 255 240 0 98 22 255 255 0 0 255 0 0 0 213 255 255 255 255 0 0 255
    255 0 255 0 0 0 255 198 0 100 255 255 0 0 0 255 255 255 0 0 0 255 0
    127 255 255 0 0 224 255 255 0 14 0 255 255 255 0 0 255 255 255 255 0
    85 0 255 255 255 0 255 93 0 0 0 0 0 153 255 255 225 173 51 255 255 0
    0 255 82 255 255 255 255 72 0 33 255 255 0 73 0 0 107 255 255 255
    255 255 0 255 0 0 255 255 43 225 121 184 255 255 0 0 0 0 0 255 255
    57 255 255 0 0 255 0 0 0 0 172 119 255 255 255 0 34 252 0 255 0 255
    60 238 255 255 255 0 0 0 255 255 251 34 0 255 0 255 0 255 0 255 0
    255 31 255 0 0 255 0 13 77 35 0 0 255 133 255 255 255 0 222 134 0
    255 255 163 0 51 255 255 255 0 255 0 0 0 0 255 0 0 255 172 255 0 0 0
    0 255 255 255 255 255 211 0 0 0 0 255 38 0 255 0 0 0 29 255 255 255
    177 236 130 109 255 0 255 0 255 146 32 0 0 0 62 255 0 255 255 255 0
    0 0 0 255 0 255 0 208 0 0 255 255 0 0 255 124 243 255 75 255 255 0
    186 0 233 255 7 131 141 255 0 0 0 255 0 255 255 0 255 0 255 0 0 255
    255 255 255 0 0 0 0 41 255 255 0 255 255 63 0 0 0 0 255 255 244 255
    255 255 123 37 255 255 255 59 0 0 0 0 0 0 110 255 255 0 0 255 0 0
    255 0 0 0 255 206 255 0 227 0 255 0 255 0 0 0 255 0 232 255 255 148
    118 34 0 0 0 255 255 255 255 255 0 0 255 255 21 0 0 141 255 255 88
    65 255 255 255 0 0 0 255 255 255 255 0 255 0 255 0 255 255 0 90 0
    255 255 255 0 0 0 175 255 0 255 255 255 0 0 0 255 255 255 255 0 255
    0 0 0 0 0 255 255 255 255 0 255 0 0 0 255 255 0 0 0 0 135 59 255 161
    0 0 0 0 11 0 255 255 255 0 232 0 0 149 255 196 182 255 181 176 255
    77 208 232 0 255 255 0 0 0 255 0 222 255 255 255 0 0 255 15 255 0
    255 242 255 0 0 255 255 143 255 221 0 0 255 255 255 0 0 255 96 255
    255 255 255 255 0 0 0 255 134 255 0 255 0 255 255 0 5 245 255 255
    191 0 0 255 255 0 0 0 255 0 0 0 255 255 255 255 255 255 0 255 255 0
    0 0 0 184 132 255 38 255 0 203 0 255 255 255 0 255 255 180 54 255
    255 0 255 255 0 255 0 0 0 255 255 9 255 0 111 255 210 255 74 255 2
    255 0 255 255 255 4 0 0 255 255 0 104 89 139 0 255 103 255 255 255 0
    70 0 90 255 255 255 0 255 0 255 75 255 0 43 0 68 117 255 214 255 208
    255 0 248 0 0 255 0 255 92 195 0 0 53 255 255 255 255 0 0 148 0 0 0
    0 0 255 184 255 255 255 97 255 0 255 255 0 0 0 0 255 0 255 0 255 255
    255 0 0 0 242 255 255 255 0 0 226 255 255 0 255 255 255 0 209 0 0
    255 0 255 0 0 255 255 255 66 255 0 0 0 0 0 196 255 192 255 255 103 0
    0 255 68 255 255 0 0 144 0 90 255 255 0 27 18 0 238 255 214 255 231
    0 255 255 255 0 0 255 255 91 0 0 255 255 0 0 0 255 0 255 255 2 0 160
    255 255 255 0 255 0 255 255 255 0 255 0 0 255 0 0 0 255 255 125 0 0
    255 255 195 255 0 255 255 255 152 0 73 0 255 255 155 255 0 69 62 255
    0 61 0 217 0 255 0 255 0 0 255 255 255 0 0 0 236 0 255 255 255 255
    255 255 1 255 0 0 0 255 255 248 0 255 97 255 0 255 81 255 0 255 245
    255 188 0 0 255 0 0 253 255 255 255 0 36 0 0 255 107 0 0 0 255 0 0
    164 255 0 0 0 0 255 0 255 0 255 215 0 0 255 35 255 0 255 255 255 255
    255 255 0 255 0 255 74 0 255 244 0 0 125 0 134 0 224 0 60 255 255
    255 0 0 224 255 255 0 0 0 255 255 255 255 0 0 0 126 255 0 255 255 0
    255 0 255 87 255 0 0 0 86 255 0 181 0 0 188 255 204 0 0 245 255 255
    255 0 255 0 219 0 255 255 255 0 255 76 255 207 0 0 255 255 0 0 0 0
    255 255 255 255 255 0 97 0 255 0 255 255 171 0 255 2 255 0 255 255
    255 0 0 0 0 0 255 255 255 0 0 0 255 91 0 255 255 0 0 255 255 255 175
    255 102 0 0 255 0 137 255 0 255 254 51 0 255 0 0 255 0 0 255 255 255
    167 255 0 0 0 255 255 255 0 255 255 255 151 0 168 0 0 255 255 195
    157 255 0 0 0 255 0 0 255 255 0 10 0 255 0 255 0 48 0 255 0 0 255
    255 187 0 255 0 255 0 255 182 0 159 255 72 255 0 0 255 255 0 255 0
    255 0 255 0 0 255 0 255 0 255 0 5 255 0 0 0 255 255 255 255 255 211
    255 0 0 0 255 223 0 255 255 0 255 67 255 197 255 0 0 0 0 255 163 0 0
    0 255 255 255 0 0 0 0 0 255 255 68 255 255 0 0 0 255 0 0 0 255 0 255
    0 255 0 0 19 197 255 229 0 0 255 255 175 0 0 255 255 0 44 255 106
    255 0 0 0 255 45 255 0 0 0 0 255 0 0 255 255 39 73 0 0 0 255 255 47
    0 82 213 0 0 255 0 0 255 0 255 0 174 0 0 255 255 255 0 0 255 255 0
    255 0 200 236 255 179 255 255 255 0 182 17 212 0 0 255 0 185 124 255
    0 0 255 255 0 0 0 201 59 255 255 255 255 0 255 0 255 0 255 0 255 0
    217 0 255 255 255 174 255 255 255 0 0 255 255 255 0 255 255 255 0
    255 0 255 167 0 151 88 0 255 255 219 117 0 255 255 0 0 0 255 255 0 0
    255 255 165 0 255 119 0 0 255 255 0 255 143 255 0 255 0 255 240 0
    255 255 0 0 35 126 253 255 255 195 0 54 255 0 76 0 255 255 255 0 0 0
    189 0 255 0 0 0 0 255 255 255 0 0 21 255 255 0 0 0 255 255 0 255 224
    0 0 255 255 0 0 255 255 255 255 255 0 0 255 0 255 255 136 0 0 0 159
    102 255 0 255 255 255 0 0 0 214 0 255 0 15 0 255 255 26 73 0 255 0
    255 255 26 255 0 255 0 114 172 130 0 0 0 0 82 255 255 197 0 0 0 0
    177 0 0 255 255 255 255 0 0 0 97 0 0 83 255 255 212 255 0 0 0 0 22 0
    255 255 255 255 0 246 0 255 255 255 255 113 255 0 255 43 148 0 62 0
    0 255 0 255 0 255 0 255 0 0 142 255 255 0 151 0 27 255 158 255 0 0
    97 53 255 255 0 229 0 199 255 0 0 0 0 28 255 0 255 219 255 0 255 0
    14 0 0 0 255 0 0 255 255 0 0 94 255 255 0 255 255 0 0 255 217 255
    255 255 0 0 255 255 255 255 146 255 249 0 0 0 255 150 255 0 0 255
    255 53 106 0 255 255 255 0 0 255 255 255 0 0 0 210 10 231 255 171 0
    0 0 255 153 255 0 0 0 0 255 141 255 0 255 255 0 183 255 255 157 0 0
    0 255 238 0 0 0 255 255 87 0 255 255 255 255 0 0 0 220 255 255 0 103
    0 255 255 255 239 0 255 255 255 0 255 0 0 139 0 255 122 169 255 255
    255 0 0 255 255 255 0 0 255 255 255 218 0 0 0 0 0 255 0 0 255 255
    255 255 0 0 0 0 0 255 255 55 0 0 255 152 255 186 188 0 0 255 212 0 0
    255 255 255 255 0 9 219 0 0 0 255 0 255 216 0 0 0 0 0 255 255 0 255
    0 255 255 0 0 255 255 255 0 0 255 255 0 255 0 255 0 0 0 255 255 247
    85 0 255 0 255 255 0 255 0 0 255 255 192 181 255 255 0 66 255 255 0
    2 128 0 255 80 0 0 255 255 255 0 132 133 255 0 255 0 0 255 0 255 0
    255 255 0 0 0 0 255 255 255 0 0 0 128 255 0 0 0 255 255 0 0 44 0 71
    0 144 255 0 0 221 255 161 255 0 255 255 141 0 145 255 55 0 255 255
    255 0 132 251 90 255 255 255 255 0 155 0 0 46 255 0 255 255 255 255
    0 0 255 0 255 255 255 103 255 0 255 255 255 255 255 0 0 0 255 255 0
    255 147 255 0 0 0 0 255 34 255 0 255 0 0 255 255 0 0 0 0 255 0 255 0
    206 0 0 0 255 255 0 0 0 255 255 255 173 255 105 255 0 108 0 255 255
    255 0 0 255 255 0 0 0 255 0 0 255 250 73 0 79 0 255 152 255 0 255 0
    255 0 255 160 37 0 0 255 255 255 0 255 0 255 255 255 255 0 255 255 0
    0 79 255 255 255 0 0 0 255 255 255 0 0 255 0 255 0 255 0 255 0 83
    255 255 72 0 178 0 0 0 0 117 226 255 0 149 0 0 0 0 0 0 63 0 255 255
    255 0 255 255 0 0 241 255 52 41 232 0 0 255 0 255 0 255 0 255 255 0
    65 79 0 52 4 237 255 0 255 255 255 255 0 0 0 255 255 255 0 0 45 0 0
    255 255 0 255 78 13 0 255 255 34 255 0 255 0 255 0 255 255 255 242
    240 255 0 255 0 0 0 255 60 255 255 255 0 0 173 255 0 255 0 100 0 0 0
    255 161 0 255 116 0 0 0 255 0 0 255 255 255 0 0 255 0 140 255 255
    255 255 0 0 0 0 255 166 255 0 0 79 255 0 0 0 0 255 255 255 255 0 255
    0 255 224 0 0 255 255 255 0 0 255 0 255 255 0 0 255 195 23 16 255 0
    255 0 255 105 255 0 0 0 0 138 255 176 43 0 123 161 0 255 213 255 255
    60 255 238 158 93 255 113 0 0 0 255 255 0 187 119 151 255 0 29 0 0 0
    255 255 255 0 120 0 255 255 104 255 0 255 255 255 255 255 255 0 36 0
    181 0 0 30 255 255 0 200 255 113 179 0 0 218 116 255 0 0 255 239 255
    0 0 255 255 255 31 0 0 0 0 255 0 255 0 255 60 255 255 0 240 0 255
    255 255 255 248 0 0 7 0 255 255 255 0 0 255 255 225 0 52 253 0 0 255
    0 255 0 255 0 124 255 255 255 255 69 255 255 255 255 15 255 0 0 22 0
    255 255 255 0 0 255 0 0 52 255 226 0 0 255 181 255 255 0 255 0 0 3 0
    0 255 255 185 0 255 0 160 0 132 255 255 33 0 255 0 138 171 255 0 114
    0 67 0 0 0 255 209 255 0 158 0 255 0 0 0 0 255 255 0 97 0 0 255 201
    0 255 255 255 0 255 255 0 0 0 0 116 255 255 255 0 0 0 255 0 73 255
    255 0 0 0 0 0 0 0 0 255 255 255 0 0 255 37 160 255 255 255 0 0 255
    255 255 255 164 175 0 13 0 12 255 255 255 255 0 255 0 255 112 255
    162 165 255 255 255 255 0 0 238 0 0 255 39 255 0 255 0 123 143 255
    255 138 255 0 0 63 255 255 255 0 255 0 255 255 255 0 0 0 255 0 255
    158 255 191 222 0 255 0 255 4 21 255 255 0 0 8 37 255 0 255 255 255
    0 0 0 211 151 0 0 0 255 255 0 0 103 0 0 0 255 28 0 0 0 211 0 0 0 255
    214 255 255 0 0 255 106 89 0 0 255 0 208 255 0 0 202 255 0 255 255
    195 0 0 175 255 255 0 255 255 255 0 255 0 228 0 255 255 255 255 255
    0 0 255 0 255 255 255 0 0 0 255 255 255 0 0 195 255 0 0 255 0 0 0
    129 255 121 0 255 75 0 242 189 255 0 0 0 255 198 255 255 0 0 0 255
    45 0 255 0 197 0 59 0 0 255 0 255 0 255 0 252 0 255 124 255 255 54 0
    130 255 0 255 255 0 0 255 255 255 8 0 67 0 193 255 123 255 128 255 0
    255 0 255 0 255 0 248 98 255 255 255 0 255 255 0 0 0 0 0 255 0 255
    116 0 0 255 0 255 0 0 255 255 225 0 255 0 255 255 255 246 0 159 247
    255 255 0 0 105 255 0 255 0 142 0 0 255 165 255 0 255 255 255 255 0
    255 255 255 22 0 255 0 0 0 255 0 255 255 14 0 0 0 16 0 0 150 109 255
    86 255 255 255 0 0 0 255 0 0 0 255 113 255 0 99 255 255 255 255 255
    255 0 0 0 255 178 255 0 255 0 0 0 255 255 255 54 0 0 0 255 200 0 255
    0 255 0 255 255 255 156 0 0 31 255 255 0 0 255 0 0 255 0 255 255 255
    255 0 0 87 0 0 1 206 255 0 255 255 255 0 121 0 0 0 0 0 219 255 255 0
    0 0 255 0 0 0 225 255 31 255 255 207 0 255 255 239 238 0 255 255 0 0
    255 255 255 0 0 48 0 255 0 255 255 169 0 0 200 255 255 0 162 0 0 0 0
    255 255 0 210 0 255 255 255 209 0 164 255 0 255 0 0 255 255 0 0 0 0
    255 0 255 15 255 0 0 95 0 255 0 0 255 255 0 0 0 75 255 255 0 0 255
    255 255 124 0 0 255 93 0 126 255 255 255 255 0 0 0 255 218 0 255 0
    134 0 183 4 255 255 255 0 0 255 130 0 0 255 255 255 0 255 0 255 255
    255 0 255 0 0 0 0 255 255 0 0 255 255 255 255 0 154 255 255 137 0 0
    0 0 0 255 255 255 255 33 64 0 0 255 255 255 0 255 17 255 0 187 0 255
    255 0 0 0 255 227 255 255 71 65 255 239 255 255 255 0 0 0 0 255 255
    255 0 0 0 255 255 255 255 227 255 177 255 255 255 30 0 83 255 255 0
    0 255 255 255 255 0 60 0 255 0 0 255 0 0 255 0 187 0 0 0 0 255 255
    95 0 0 0 0 255 224 0 6 255 255 0 14 255 255 255 0 33 0 0 255 255 255
    0 255 0 0 0 0 255 0 255 0 255 0 0 29 255 255 255 0 0 0 112 255 255 0
    74 0 177 0 0 255 100 255 0 255 0 255 255 255 105 255 0 255 255 255
    255 0 0 145 0 34 0 167 0 255 167 0 49 179 0 62 0 255 255 0 0 0 164
    255 0 0 0 255 255 0 255 0 255 255 0 255 255 0 0 255 0 255 0 255 255
    255 255 0 0 0 0 0 255 255 255 255 255 6 0 255 0 255 0 0 0 255 255
    255 255 0 0 0 247 255 255 255 255 0 0 0 0 255 255 255 0 0 0 255 255
    0 255 255 255 255 0 255 0 0 148 255 255 255 121 0 255 0 255 255 255
    0 0 0 255 202 122 0 255 0 187 255 255 255 0 0 0 0 0 178 0 255 0 255
    65 255 137 255 0 0 207 22 220 0 0 255 255 123 255 255 0 0 242 255
    255 255 0 255 0 255 255 255 212 0 255 41 0 0 255 255 0 255 0 255 0
    123 0 255 158 0 0 255 0 255 0 0 26 77 255 0 158 255 255 47 0 255 67
    255 255 111 0 0 255 0 255 92 255 255 255 0 0 255 255 255 255 46 0 0
    255 255 255 0 255 255 255 250 0 93 0 255 255 0 0 0 0 0 0 52 255 138
    204 255 0 0 0 255 106 179 255 255 255 255 160 0 0 0 252 255 30 0 255
    205 0 0 255 0 19 255 255 0 0 0 0 255 0 255 0 255 99 255 151 0 255 0
    140 0 255 255 44 255 19 255 148 0 71 0 255 255 255 0 230 197 0 255
    255 133 0 0 189 255 0 0 0 0 255 255 235 0 255 0 255 255 255 0 0 255
    255 0 155 0 0 0 255 0 255 79 255 0 255 63 255 0 255 0 71 0 255 0 0
    87 0 255 0 255 255 0 0 255 198 103 0 99 0 0 255 255 235 218 0 225
    255 0 0 255 0 255 0 13 13 251 255 0 177 0 255 255 0 255 255 241 255
    52 206 0 0 255 255 69 255 255 56 0 0 255 255 0 0 0 0 255 117 255 255
    152 0 251 255 255 0 255 0 255 0 255 0 255 255 0 0 0 0 0 255 255 0
    255 0 188 185 0 255 255 255 255 72 14 255 22 255 255 0 15 139 49 255
    165 0 0 255 0 255 0 255 0 255 255 137 0 0 67 0 255 123 255 0 0 0 0 0
    0 255 255 115 0 255 255 255 72 255 0 161 255 0 255 0 0 0 255 255 0 0
    0 255 0 255 64 255 255 245 0 255 0 52 0 255 48 255 255 0 0 0 255 255
    255 0 0 255 255 255 255 0 116 0 181 0 255 255 0 255 0 255 19 132 0
    205 255 255 0 255 255 255 223 0 16 255 0 255 255 0 0 0 255 0 0 0 255
    80 223 103 0 0 255 0 255 0 255 0 255 255 255 0 0 255 255 0 0 0 255
    255 255 255 235 23 0 0 0 255 0 255 0 0 255 255 0 176 255 255 0 0 0
    255 255 0 0 0 255 0 166 255 255 0 11 255 10 255 0 255 255 0 0 114
    255 0 0 0 255 0 255 0 0 234 84 255 0 1 255 255 0 0 45 140 0 100 178
    255 0 210 167 220 0 0 233 73 255 255 84 0 0 0 255 255 255 255 255 0
    0 255 110 0 255 255 0 0 61 0 255 69 255 211 255 245 0 255 0 0 0 255
    255 61 0 255 1 255 189 255 255 0 255 35 255 0 0 80 251 255 255 0 0
    170 0 255 0 255 0 149 0 0 0 255 255 255 0 0 0 255 255 255 255 0 14 0
    255 0 255 0 255 0 255 0 0 0 10 3 0 255 255 0 0 0 255 255 255 0 0 255
    0 255 0 255 0 0 0 255 0 255 0 255 0 255 0 255 255 255 255 255 0 255
    255 0 0 0 255 0 0 12 255 0 255 255 255 0 0 0 66 255 255 255 255 181
    248 122 0 0 0 0 0 0 255 255 255 255 255 56 255 255 255 0 0 140 255
    255 255 0 216 255 255 0 0 0 0 255 255 0 0 0 0 217 255 137 255 161 0
    0 255 0 255 255 231 0 255 0 0 0 154 255 60 255 63 85 0 0 173 209 255
    255 0 0 0 182 255 255 255 0 255 0 0 0 255 255 0 0 0 255 0 255 229
    199 0 255 0 255 154 0 0 0 0 255 0 185 255 255 255 97 106 0 65 255 0
    255 22 255 0 0 138 102 0 255 166 0 255 255 0 0 255 255 127 255 0 255
    0 255 0 39 0 255 255 255 255 248 255 0 255 0 255 174 255 0 0 19 255
    255 0 0 127 255 196 204 0 255 0 255 255 0 0 59 0 119 255 255 0 0 0 0
    255 255 0 200 0 255 255 255 255 0 255 0 255 96 52 0 255 246 255 0 0
    255 255 255 255 0 0 255 255 255 255 0 255 0 255 0 255 15 255 0 90 0
    0 255 0 255 0 0 255 0 255 0 47 0 0 255 255 255 0 171 150 0 0 0 255
    255 210 0 255 255 0 0 0 209 255 255 255 0 132 255 255 0 0 0 255 200
    0 0 73 255 210 114 0 0 0 255 0 0 58 0 255 0 255 0 255 0 0 0 255 255
    255 255 255 0 0 0 255 255 255 0 0 0 0 255 255 255 255 0 0 0 247 229
    255 255 0 255 255 255 0 255 255 94 0 255 0 255 61 255 255 0 14 0 0
    255 255 0 255 211 255 255 255 76 255 0 0 217 255 87 204 48 212 255
    23 255 204 255 0 255 0 255 205 0 255 255 255 15 0 255 245 0 255 127
    255 255 0 0 177 255 255 0 255 0 255 255 0 255 0 255 0 255 0 0 0 0 0
    255 255 255 0 9 0 255 33 255 255 255 120 255 0 255 255 0 255 250 0
    205 0 194 255 1 5 255 255 246 141 0 0 0 255 0 255 119 255 0 0 255
    255 0 0 0 255 255 255 15 0 255 255 255 255 255 0 0 0 0 255 255 213
    255 0 255 0 0 0 255 255 208 19 255 255 0 0 0 255 255 0 52 0 255 36
    255 255 0 255 61 255 0 222 0 11 162 255 0 255 0 0 255 255 255 0 0 0
    0 255 0 175 0 255 0 0 197 255 0 187 0 0 146 255 5 255 0 255 0 103 0
    255 0 0 255 255 42 0 99 0 255 176 255 0 0 0 255 0 255 255 146 0 0
    255 0 255 0 31 76 255 0 167 0 0 0 255 255 107 255 255 200 101 123
    255 255 255 0 0 0 255 0 255 0 255 0 255 255 255 0 255 0 255 9 15 0 0
    0 255 255 250 0 255 255 255 255 86 0 19 0 217 255 255 0 255 0 255
    255 0 0 0 0 0 100 255 255 0 255 0 255 34 114 84 0 228 255 255 0 0 66
    55 255 0 255 16 0 0 255 255 94 0 0 255 0 255 255 255 0 255 255 0 255
    39 79 87 255 255 0 0 0 0 0 255 163 255 0 26 0 57 48 0 117 0 65 0 255
    255 255 0 255 255 255 255 0 255 0 0 0 255 255 255 255 127 255 255 0
    255 0 0 255 0 0 0 255 255 255 255 255 0 3 0 0 176 255 255 255 0 220
    0 0 255 255 0 0 0 255 255 255 255 165 255 0 0 255 30 237 255 255 255
    238 252 0 0 255 255 0 0 255 0 11 0 255 0 0 0 255 255 144 0 49 0 208
    0 0 255 0 255 54 255 0 255 0 0 255 0 0 0 255 0 255 4 255 255 0 0 0 0
    0 26 255 199 255 82 19 0 255 0 0 0 255 255 255 255 0 201 25 255 0
    255 174 255 255 179 0 0 255 255 255 0 0 255 27 0 255 255 0 255 255 0
    0 75 5 0 255 0 148 73 71 255 241 0 255 193 89 255 255 0 255 255 37
    96 0 0 0 0 0 79 74 255 167 255 12 255 0 0 228 205 255 0 255 0 255
    255 255 0 0 0 255 255 0 212 0 255 255 51 0 0 91 0 255 255 255 0 0 0
    0 0 255 255 0 0 0 255 255 255 0 255 0 0 255 0 255 0 255 0 255 0 0 0
    0 255 255 255 255 255 118 0 0 0 255 255 0 45 0 135 255 87 180 255
    187 255 0 0 116 255 255 255 0 255 0 0 255 0 255 0 0 25 255 255 255
    35 255 255 255 0 255 52 72 0 255 0 255 255 255 0 255 37 0 0 255 234
    255 224 0 0 255 255 255 255 255 255 0 0 255 0 255 0 0 0 237 0 255
    255 227 0 0 255 255 0 0 0 182 0 187 0 181 255 0 255 132 255 255 0
    255 41 0 180 255 0 255 0 0 0 255 38 255 255 0 0 0 255 243 255 0 244
    255 255 0 0 0 202 0 0 255 0 0 0 0 255 255 0 165 0 255 255 255 0 255
    255 255 0 0 0 255 255 255 71 255 0 0 0 0 0 71 255 113 255 0 0 0 108
    255 36 0 0 0 255 0 255 255 255 0 0 53 0 0 0 205 173 0 0 0 255 165
    255 0 255 26 255 0 247 0 0 255 127 255 255 136 0 255 0 0 0 0 255 255
    229 0 0 255 255 0 0 18 255 255 0 0 255 207 255 35 133 0 0 0 255 255
    152 0 255 0 150 0 51 255 0 255 255 53 0 0 0 0 255 0 255 255 0 255 0
    255 0 255 255 0 0 255 0 160 0 255 255 100 0 255 0 0 143 255 255 50 0
    255 255 0 0 0 255 255 120 0 0 255 255 103 0 65 205 255 255 0 255 0
    123 0 255 255 44 255 255 255 0 0 0 183 255 255 0 0 255 0 255 0 255 0
    0 0 255 0 0 255 0 56 0 0 255 0 0 255 255 0 0 251 255 255 0 255 0 255
    0 255 0 255 255 198 0 164 0 3 255 255 255 255 255 65 0 164 255 142 0
    228 231 255 0 0 0 0 0 255 0 255 255 255 255 80 0 0 0 255 0 57 0 255
    0 0 0 141 0 145 255 0 255 255 0 255 0 0 88 255 255 255 0 0 148 255
    255 255 0 0 0 194 118 255 255 0 0 0 255 255 0 255 0 255 0 0 255 255
    255 255 0 255 134 0 104 0 255 0 255 0 255 0 0 0 0 255 26 255 255 255
    185 0 255 163 255 0 255 0 129 52 0 255 255 0 255 255 231 0 255 255
    255 0 0 175 96 255 0 0 0 255 0 255 138 0 0 255 0 0 255 0 255 255 255
    0 255 0 255 0 255 255 192 0 0 101 0 255 0 255 0 255 0 0 0 0 0 255 0
    255 0 255 0 255 0 0 255 255 0 213 255 85 0 18 0 0 0 255 255 0 196 0
    255 255 116 255 255 255 255 0 0 255 0 255 0 255 255 10 0 0 0 251 255
    0 255 0 130 255 127 221 0 0 255 255 255 0 3 0 255 255 0 0 40 163 0 0
    255 0 255 239 0 213 115 255 0 255 104 45 0 255 255 0 29 0 255 0 134
    255 113 255 255 255 154 255 255 103 255 0 255 30 255 255 247 255 102
    255 0 255 9 255 0 151 255 0 255 44 61 0 0 0 255 84 255 0 255 0 124
    255 255 0 138 232 0 63 0 142 0 0 255 255 0 141 255 255 0 255 0 0 0
    255 222 0 255 0 255 0 255 0 0 88 255 255 44 0 0 0 255 96 255 0 255 0
    255 189 255 0 255 255 255 125 98 255 0 0 135 255 255 0 0 0 255 0 255
    239 236 255 0 0 0 255 255 0 0 0 255 255 255 255 255 0 255 0 255 255
    255 255 0 0 37 255 255 255 0 0 255 255 255 255 255 0 255 0 255 99 88
    0 2 148 117 191 69 0 0 0 21 255 0 0 255 0 0 255 255 255 147 0 29 0
    255 0 0 0 255 255 0 255 0 255 0 255 229 0 214 0 0 16 255 255 0 0 255
    255 255 0 2 97 255 255 255 0 126 0 27 0 255 0 208 255 255 255 0 171
    0 255 255 0 255 181 0 52 255 255 0 0 0 0 0 133 255 0 255 255 255 255
    2 0 255 35 231 255 0 255 255 0 0 0 255 255 0 255 255 0 0 0 0 255 0 0
    255 255 255 255 86 255 0 0 0 255 255 255 255 255 0 41 0 0 0 255 46
    255 255 0 0 0 0 255 13 255 0 21 255 255 201 0 0 89 0 255 0 255 255
    255 0 0 255 255 255 0 0 0 255 255 255 255 0 0 255 255 255 222 177 0
    85 255 255 255 0 0 0 255 0 255 0 0 0 72 255 204 193 0 255 191 230
    255 255 0 0 0 255 255 255 255 255 56 255 168 0 255 0 255 0 255 229
    255 255 252 0 255 0 255 22 255 255 0 0 0 0 245 0 255 0 255 255 18 0
    0 255 255 0 0 95 255 89 0 255 0 255 0 255 0 153 135 255 2 0 255 255
    255 255 0 255 49 0 0 0 255 255 0 33 255 0 255 0 0 255 0 255 255 168
    95 0 0 241 255 0 255 0 0 26 0 255 0 255 152 0 0 236 255 124 0 255 0
    0 0 255 167 255 252 255 152 0 0 0 255 48 0 255 0 255 0 0 255 255 0 0
    255 231 255 0 255 0 235 139 255 0 255 255 153 255 0 183 255 255 202
    0 0 255 0 255 131 255 9 188 255 0 0 201 0 255 255 255 255 210 0 40
    255 255 255 255 0 0 0 0 0 255 255 255 0 0 0 255 0 227 238 0 0 255
    255 255 53 255 255 255 0 0 0 255 255 255 255 169 0 0 0 255 199 255
    255 0 255 0 163 255 255 22 59 255 0 255 53 255 0 255 255 0 0 0 255
    255 255 255 0 255 0 255 204 0 255 74 0 0 0 69 255 250 255 255 255 0
    0 0 255 0 255 255 0 255 106 163 0 0 255 0 199 255 255 0 8 0 15 0 0
    211 255 0 0 255 255 255 0 0 0 0 255 255 255 0 255 52 255 255 255 0
    255 0 0 90 255 0 0 0 0 255 255 0 255 0 255 255 0 255 255 0 255 0 0 0
    233 255 255 255 0 255 255 0 0 0 0 255 255 255 255 0 255 0 255 255
    255 0 0 0 255 0 255 224 255 0 0 255 255 255 66 255 0 0 0 59 255 255
    255 255 23 0 255 0 255 0 207 0 0 0 255 0 255 0 0 255 255 0 255 0 0 0
    196 255 255 0 0 92 0 0 0 255 255 56 255 0 0 0 0 0 255 127 2 255 0
    255 0 0 255 255 255 148 0 255 0 255 0 255 216 0 45 0 95 0 0 232 255
    0 0 0 0 81 255 255 255 0 0 255 0 0 0 255 255 193 255 0 115 0 42 255
    255 0 216 0 109 0 251 95 0 83 241 255 255 255 255 0 0 0 11 102 0 255
    255 255 0 255 0 255 255 31 52 0 255 255 111 255 255 255 0 0 0 255 12
    0 255 255 255 94 255 255 0 0 0 0 0 0 255 0 0 0 255 255 36 255 255 51
    0 0 0 255 87 0 167 252 174 255 0 0 0 110 255 255 246 134 255 0 17 0
    255 0 108 33 0 255 119 255 0 255 0 203 0 0 97 255 0 62 255 255 0 6 0
    255 0 0 0 184 87 255 255 255 0 0 0 255 169 13 2 123 88 54 194 255
    196 153 138 255 255 255 255 0 168 0 246 255 255 226 0 0 71 255 255
    166 130 0 0 0 0 0 0 255 53 255 0 255 0 255 255 191 230 0 255 0 255 0
    255 255 0 0 255 0 0 0 195 43 255 255 0 0 255 255 255 47 67 255 255
    71 0 33 0 0 226 0 255 0 255 255 0 255 0 255 255 255 255 0 0 255 94 0
    0 255 255 255 255 0 255 0 121 255 0 0 0 255 255 132 255 0 0 0 0 255
    255 255 107 218 0 255 0 204 118 255 255 0 72 255 255 131 0 0 0 232 0
    255 255 255 255 161 0 0 0 0 0 252 188 208 0 255 51 255 34 255 0 0
    126 69 0 0 0 255 0 176 0 172 16 255 0 255 164 247 0 255 255 66 84
    255 255 144 0 0 0 255 125 0 255 0 255 0 255 255 248 0 0 255 0 0 0
    255 255 255 0 152 222 182 255 255 0 0 0 0 15 255 255 255 0 0 0 255 0
    255 0 255 178 255 255 0 169 255 255 53 0 167 0 0 255 92 80 0 0 0 0
    255 0 255 255 189 0 0 0 40 0 255 255 179 255 0 255 0 0 255 255 255 0
    0 255 0 255 153 255 0 0 0 0 0 0 0 255 255 255 255 20 0 208 0 255 0
    255 255 204 0 0 0 255 73 0 0 255 77 255 0 255 235 0 255 255 0 255 0
    255 0 255 0 255 255 255 176 0 99 0 255 0 0 255 255 0 0 252 0 255 0 0
    0 0 255 255 255 1 0 0 0 255 14 255 197 255 0 255 0 0 0 255 203 0 64
    22 83 0 255 255 255 3 255 0 0 0 255 0 255 0 255 255 255 234 0 255 0
    0 0 255 255 255 0 255 255 0 0 0 0 0 255 255 255 0 2 0 241 111 255
    255 255 0 255 0 19 251 0 255 0 255 47 33 0 0 255 255 199 0 0 0 0 139
    0 255 0 62 255 255 255 255 75 0 0 0 0 130 0 0 0 94 0 96 255 255 172
    149 255 0 0 94 255 0 0 255 0 173 255 255 255 0 0 255 32 255 0 255 0
    0 0 0 255 255 255 122 0 255 255 0 114 0 90 255 255 255 255 0 0 0 115
    220 0 45 0 119 255 50 255 255 255 255 0 0 255 255 0 255 255 255 255
    255 0 119 0 0 0 255 255 255 0 0 255 0 0 0 255 255 0 0 255 110 255 0
    255 0 255 255 86 255 0 0 0 255 255 145 255 255 0 0 0 230 255 255 0 0
    255 255 255 0 249 255 255 0 255 255 255 255 162 0 255 255 0 255 255
    255 0 0 255 0 92 0 255 255 255 255 55 255 66 255 0 255 0 17 0 204 97
    255 0 255 89 255 0 0 255 253 0 0 255 255 229 0 255 0 255 0 255 0 0 0
    255 255 255 0 0 0 0 255 255 0 0 0 255 255 0 0 0 255 255 0 34 0 0 46
    255 0 255 0 31 0 255 117 0 0 0 0 255 255 255 255 255 0 0 0 255 0 147
    32 0 255 136 0 255 0 255 0 49 0 255 0 255 0 255 43 255 0 255 0 32
    255 0 0 0 160 255 255 255 210 255 0 3 255 255 0 0 0 0 78 255 255 255
    255 0 0 95 165 118 0 0 255 255 0 167 0 139 255 255 0 14 0 207 255 0
    255 0 255 0 255 1 48 0 0 255 255 197 0 56 255 0 0 0 0 0 211 255 91
    255 255 255 46 0 0 0 0 191 255 255 255 57 0 94 243 255 0 0 0 65 0
    255 0 255 255 49 0 255 255 0 0 246 0 0 0 165 110 255 255 0 213 0 255
    0 0 0 0 68 255 0 255 0 226 255 0 167 0 255 67 102 255 0 255 255 0
    255 0 255 255 0 0 0 255 35 0 0 0 255 14 255 228 255 255 0 255 255
    255 255 0 255 255 60 255 69 255 51 0 0 0 255 0 0 176 240 255 0 0 0
    255 255 255 0 255 0 255 0 255 0 175 0 255 0 255 48 255 255 255 255 0
    0 255 42 197 0 0 255 69 255 0 0 0 0 255 255 0 255 114 0 0 0 255 255
    255 0 141 255 255 255 255 0 0 207 255 255 0 0 85 255 0 164 255 255
    255 255 0 0 0 87 255 255 255 0 167 0 0 0 0 0 255 255 255 0 0 255 255
    0 0 255 255 255 255 0 111 0 74 255 167 0 0 255 255 130 255 0 255 0
    255 64 255 255 255 255 255 82 255 198 0 0 0 255 255 0 142 0 255 123
    255 0 255 0 202 121 231 0 0 0 205 255 0 255 255 255 0 255 150 0 116
    0 255 255 255 255 0 255 255 144 0 0 255 48 126 255 0 255 122 255 138
    255 123 0 0 0 112 255 255 9 0 255 255 255 0 0 0 255 81 255 219 255
    13 255 255 105 0 0 114 17 0 0 255 172 255 255 255 146 0 0 255 0 181
    0 34 0 255 255 219 0 163 0 0 0 255 255 255 0 255 103 255 255 255 0 0
    0 0 216 255 255 255 0 0 0 255 222 0 255 0 255 255 0 245 255 255 255
    255 255 0 0 0 255 82 255 0 139 0 255 255 255 255 255 109 0 255 0 0
    255 0 0 0 255 0 0 61 255 255 129 0 255 0 255 213 255 255 255 255 0 0
    0 0 255 255 0 0 28 0 255 0 17 255 255 255 0 143 255 0 255 255 255 0
    134 255 255 0 0 0 76 255 0 0 0 255 255 36 0 0 0 255 255 255 255 0 81
    255 0 255 15 255 255 0 0 0 0 255 247 0 0 102 187 103 255 90 0 255
    255 0 0 37 255 255 255 0 255 255 255 255 0 0 91 0 255 0 255 255 255
    255 255 0 0 0 43 255 255 255 255 255 200 0 173 190 255 255 0 255 0 0
    120 255 255 57 0 0 255 255 77 0 0 0 0 255 255 0 0 0 0 255 0 0 255 12
    0 0 255 0 255 0 42 167 255 255 0 255 0 255 0 197 255 0 0 0 182 255
    255 0 0 255 208 255 211 33 0 223 255 247 255 0 0 255 0 0 255 0 255
    255 255 0 255 0 0 130 0 255 0 255 176 255 255 149 0 0 0 0 187 255
    255 255 255 26 255 0 255 0 255 0 0 0 255 255 0 22 255 255 0 0 0 0 0
    255 0 255 0 255 0 255 0 150 255 255 255 0 255 248 83 255 255 169 73
    0 0 255 255 255 233 0 0 223 255 255 255 76 0 255 255 255 255 255 134
    0 145 255 0 0 39 0 0 0 0 255 0 255 255 255 247 0 0 255 43 145 0 255
    0 255 0 255 255 255 0 0 255 255 255 255 0 255 255 255 31 0 0 10 255
    255 255 255 126 0 150 0 255 255 255 0 0 0 255 255 0 0 0 0 255 255
    255 195 255 0 0 0 255 255 0 0 239 255 255 0 0 163 0 255 255 0 0 255
    163 255 0 40 0 255 255 0 255 229 255 255 255 0 0 0 255 25 0 255 255
    255 0 0 255 208 255 255 255 171 0 255 255 255 255 0 0 255 0 137 0
    236 157 0 255 255 0 255 255 255 0 8 255 114 0 0 61 255 0 0 0 255 255
    255 0 0 255 0 255 0 0 189 255 255 0 0 0 68 255 255 0 226 40 168 255
    255 255 255 0 0 0 0 226 0 0 0 255 0 255 255 255 0 66 0 255 198 255 0
    255 0 0 255 0 255 0 255 0 255 255 169 255 255 191 255 19 255 0 164
    255 0 0 0 255 0 255 0 255 0 255 0 255 0 255 0 255 255 0 16 0 255 0
    255 255 0 255 255 0 0 224 255 255 0 255 0 0 0 255 255 255 0 210 103
    0 10 255 15 0 0 255 0 0 185 255 255 0 0 0 0 255 82 0 0 0 255 255 140
    0 0 141 0 0 200 255 0 0 255 0 0 0 255 26 255 0 255 0 0 0 0 255 255
    255 0 0 255 255 255 255 255 0 0 255 253 204 0 0 0 255 251 0 0 255
    255 136 0 255 255 69 255 255 0 0 0 0 255 255 255 255 0 0 0 255 0 255
    255 0 255 0 180 0 0 0 0 255 255 5 0 0 0 69 0 0 0 255 255 0 0 255 255
    255 241 0 0 0 0 152 255 255 0 143 141 255 0 255 255 0 0 0 255 255
    255 0 0 255 255 0 109 0 0 0 0 255 255 7 79 255 0 17 0 0 159 255 255
    255 0 0 22 0 0 255 190 255 0 255 0 0 197 195 119 0 0 0 255 111 255 0
    0 255 8 0 255 0 255 255 0 255 131 255 0 0 255 0 0 0 0 252 0 0 76 0 0
    255 255 90 255 146 255 0 255 255 201 206 0 0 0 255 255 255 0 48 255
    180 10 0 0 0 255 0 255 0 0 0 157 48 255 255 255 0 0 0 0 0 255 255
    255 0 255 29 116 158 0 0 0 255 255 255 85 0 255 0 68 255 0 0 0 255
    255 255 0 255 255 255 0 0 255 255 0 0 0 255 255 255 104 255 0 0 95
    255 0 255 0 255 164 0 0 0 0 27 0 0 255 255 0 96 255 0 255 255 255
    255 0 255 0 0 0 0 255 0 0 0 0 255 255 255 255 0 194 6 93 72 0 255 46
    255 0 255 71 255 0 0 81 255 255 0 0 0 0 0 91 255 0 255 255 255 0 0
    255 0 240 255 66 0 0 167 0 217 255 255 255 255 0 0 255 0 170 169 126
    255 255 255 255 169 255 0 255 255 255 243 0 255 255 0 255 0 255 0
    255 0 252 255 0 0 255 0 255 115 0 255 255 12 0 0 0 255 255 255 255 0
    0 0 255 0 0 255 39 97 255 255 69 171 255 255 0 0 0 57 255 255 0 9 36
    0 255 0 255 0 255 208 255 0 255 0 255 255 171 255 179 255 0 0 0 255
    0 255 0 255 0 255 255 6 0 0 0 255 255 0 0 0 0 61 0 255 0 255 0 255 0
    255 255 255 41 147 0 255 255 154 0 0 255 0 0 0 255 0 255 0 255 0 255
    0 255 0 0 37 255 10 0 0 0 243 255 255 255 255 0 97 0 255 0 255 245
    255 98 255 0 0 0 255 255 255 0 255 255 255 0 0 0 255 255 255 0 255
    77 249 0 255 0 255 167 75 43 150 0 0 255 0 255 0 0 0 245 255 255 255
    255 255 64 0 0 255 255 0 0 206 0 255 255 176 255 255 255 255 0 0 255
    255 255 255 0 0 0 20 255 255 0 0 0 143 255 255 0 255 65 0 0 255 210
    255 0 255 0 48 0 255 255 0 0 255 0 255 0 255 0 0 225 104 255 227 0
    77 255 168 249 255 0 0 169 255 255 0 0 0 255 255 0 0 0 0 255 0 255
    41 195 255 255 0 255 255 0 255 255 255 1 0 0 0 255 255 255 255 163
    128 0 255 255 0 34 0 211 48 255 0 255 0 255 0 255 0 255 255 255 255
    128 255 0 147 0 0 0 227 132 207 164 0 0 255 255 0 6 255 255 255 0
    255 0 255 0 30 0 129 255 0 255 0 95 255 0 255 255 255 255 0 255 0 0
    255 255 255 0 0 255 0 255 0 0 0 0 65 255 255 255 0 0 0 255 255 0 0
    147 215 255 0 0 0 151 255 255 0 255 80 67 237 255 7 0 255 0 121 226
    0 0 0 255 255 0 255 36 52 255 255 0 255 255 255 255 255 0 0 0 255
    255 255 0 255 0 0 0 255 194 255 255 255 255 0 80 0 255 0 255 0 255
    255 255 0 0 255 255 0 0 0 255 255 255 0 0 63 107 61 255 0 255 0 255
    255 255 255 74 0 0 0 255 255 255 0 255 0 255 255 255 53 0 0 203 255
    255 255 0 255 0 28 0 255 0 255 0 255 242 255 211 0 52 0 0 0 255 0
    255 0 255 139 255 0 0 168 93 255 73 0 129 255 186 255 0 215 255 255
    255 0 0 0 255 199 255 255 74 33 255 0 44 4 0 255 255 0 0 176 201 255
    255 0 150 255 0 234 255 255 33 255 191 255 255 255 0 0 0 2 161 255 0
    83 0 255 0 241 255 255 145 255 64 255 0 255 0 50 0 255 255 255 27
    255 0 119 0 255 255 255 0 0 84 255 107 255 0 255 255 255 255 0 0 0
    255 255 0 0 0 255 0 174 255 0 0 0 255 0 0 255 138 243 0 255 255 164
    246 166 0 255 0 0 0 255 0 255 255 0 0 255 255 255 0 0 0 255 233 255
    255 237 255 0 0 0 255 0 187 166 255 0 47 255 255 0 0 255 255 81 0 22
    255 197 0 255 255 0 0 0 36 255 159 188 255 0 121 255 255 255 255 255
    254 0 0 46 255 79 255 255 192 0 32 255 255 0 0 0 255 0 255 221 0 255
    10 255 0 0 6 255 0 0 0 255 255 0 140 0 255 255 255 0 255 0 0 0 255
    255 0 0 57 127 255 30 255 255 255 0 255 255 48 0 0 0 122 255 0 0 0 0
    255 32 255 0 220 255 255 0 0 255 255 45 255 0 131 3 0 255 0 0 255 0
    0 255 255 46 24 0 227 66 255 255 216 0 164 255 0 151 255 255 40 0
    255 204 0 0 255 255 255 0 0 0 255 172 0 123 0 255 0 255 0 83 0 255 0
    0 0 213 0 255 255 0 0 255 0 206 255 171 144 0 255 182 255 0 0 255 0
    255 255 255 0 0 255 255 255 29 255 119 255 0 255 0 160 0 0 0 255 184
    255 0 255 255 0 255 255 255 0 0 255 255 255 0 0 207 0 0 224 255 244
    0 255 82 255 0 255 0 255 0 0 255 0 255 255 255 0 0 255 0 0 255 149 0
    221 255 255 0 255 0 255 0 255 0 0 0 255 255 0 255 0 0 0 163 255 255
    23 0 255 255 99 255 191 255 255 255 0 0 0 0 184 148 0 0 255 255 82
    146 255 39 255 0 255 255 255 0 0 0 207 255 93 0 51 0 255 255 255 255
    158 0 255 0 0 0 73 255 76 255 0 255 213 0 0 0 255 15 255 230 0 255 0
    255 255 0 0 0 255 255 0 255 255 94 0 0 0 5 255 255 255 0 189 0 255 0
    0 0 0 255 0 196 255 255 255 0 197 255 255 255 210 0 0 0 0 186 255 0
    255 23 255 255 255 255 192 0 255 0 0 0 255 194 0 255 0 255 255 0 0 0
    231 255 0 255 152 0 255 0 120 0 255 0 255 0 0 0 0 239 79 255 0 187 0
    0 0 255 0 71 148 0 255 0 255 135 114 122 255 255 0 0 255 255 255 0 0
    148 0 255 0 147 0 0 255 255 255 255 255 255 255 129 0 0 72 255 255
    126 0 0 255 79 255 0 0 102 255 87 0 255 255 255 139 255 0 0 0 143
    255 0 255 0 0 0 0 0 0 255 255 255 255 255 255 0 104 255 0 255 0 0 0
    0 0 0 255 0 255 255 255 0 0 0 0 65 255 255 255 37 0 0 0 255 255 0 0
    255 0 0 190 255 0 255 0 255 255 0 0 255 255 166 255 0 0 255 255 255
    255 255 0 0 213 255 0 20 0 0 215 255 192 200 0 255 0 149 255 0 0 0
    255 0 255 115 255 0 0 206 0 0 255 0 170 255 0 255 255 0 255 0 74 255
    0 255 255 255 209 0 0 139 0 255 0 239 128 74 0 0 0 255 255 0 0 0 0
    255 0 255 0 0 255 255 255 0 255 137 255 0 0 0 0 255 0 0 0 255 255
    114 255 0 255 255 0 0 50 0 255 0 255 218 0 0 0 0 255 0 193 0 0 0 0
    255 255 4 255 0 0 0 255 255 255 0 255 255 255 0 184 255 255 233 0 0
    0 0 172 255 255 255 255 0 0 0 255 255 255 255 255 255 0 255 255 255
    0 0 0 255 255 255 0 166 0 255 255 11 0 255 255 0 0 255 179 0 174 0 0
    255 255 0 84 255 255 0 255 146 0 0 76 47 0 0 255 255 0 0 255 255 0
    255 0 255 9 0 0 0 255 255 175 0 255 0 175 61 0 0 0 255 255 0 0 0 255
    121 255 228 255 255 255 0 255 0 84 255 211 0 0 0 255 0 0 0 255 0 0 0
    0 255 19 199 255 255 0 31 255 87 0 0 0 255 255 0 255 0 255 255 255 0
    255 0 255 0 255 255 0 255 0 164 121 255 169 242 0 2 178 255 255 255
    0 255 0 255 0 0 0 255 0 0 108 255 255 255 0 255 0 255 255 0 0 132 0
    0 0 0 0 255 255 255 0 0 0 224 255 0 0 0 255 0 147 56 255 0 139 0 0
    255 0 0 0 255 0 255 240 0 0 255 99 255 0 255 255 255 255 231 148 0 0
    255 194 255 52 0 255 234 255 0 255 0 0 0 0 255 255 139 255 21 0 0 0
    255 255 0 72 0 0 255 0 115 0 255 0 255 255 255 255 255 0 0 31 255 0
    255 0 10 0 255 0 255 0 255 0 255 255 244 0 255 0 0 0 255 255 0 0 0
    255 173 255 79 0 59 33 141 101 159 0 0 212 255 0 0 0 0 124 255 0 114
    0 255 255 0 0 238 255 0 0 255 184 255 220 255 0 234 255 255 0 57 0
    255 0 255 255 0 0 0 255 0 255 255 0 255 122 255 166 0 0 255 76 54 0
    0 0 255 255 0 0 255 255 0 255 255 151 0 0 255 129 7 0 255 0 0 228
    255 0 255 149 255 255 255 155 255 0 0 79 255 22 195 255 255 255 69 0
    255 0 0 0 255 0 255 0 135 0 255 255 0 0 37 255 0 0 255 249 255 0 255
    255 0 0 111 61 255 246 255 0 255 255 0 0 78 0 255 173 255 255 0 159
    255 255 61 0 0 0 0 0 0 255 255 97 255 147 255 0 255 255 255 0 0 0
    255 0 137 145 255 125 117 0 191 0 0 0 200 0 204 255 255 255 0 255 0
    0 0 0 193 255 0 255 146 0 240 255 255 0 0 73 201 255 255 0 0 255 0
    255 0 255 255 0 255 255 58 255 78 255 0 255 0 0 0 255 255 255 69 255
    0 0 255 0 146 0 255 230 0 0 255 0 186 0 255 255 61 140 0 255 0 137
    255 255 255 64 0 0 96 255 0 0 225 0 0 0 255 255 0 212 255 0 0 0 255
    255 182 255 255 17 0 255 0 0 0 0 255 0 0 0 255 255 255 255 255 255 0
    0 255 230 144 0 255 255 0 102 255 255 255 255 0 0 0 0 255 255 0 255
    255 255 155 255 0 0 255 255 255 0 0 181 105 0 255 0 255 0 255 0 0 71
    0 0 30 255 255 119 0 0 196 114 0 0 0 255 0 0 0 255 160 245 255 0 255
    239 255 0 0 255 145 255 255 255 255 0 0 0 0 255 238 255 201 255 0
    189 0 255 0 211 0 0 0 255 0 255 0 0 101 255 0 0 255 255 228 255 0
    255 0 255 255 0 2 0 255 0 251 255 255 0 0 255 0 117 255 255 0 0 193
    0 0 0 0 255 255 0 255 0 255 0 255 148 255 0 45 255 255 0 0 0 255 255
    0 0 182 255 255 177 255 0 255 0 0 0 71 121 112 165 0 0 255 255 255
    255 255 255 255 0 221 0 255 90 87 92 0 255 255 179 0 255 0 0 255 66
    255 245 73 255 71 19 0 255 169 0 153 0 255 255 255 0 0 0 255 37 255
    255 0 255 255 0 0 0 17 0 255 255 255 0 0 255 0 0 0 255 255 255 0 0
    209 255 0 255 0 255 155 0 0 255 255 0 0 0 0 255 255 0 72 0 0 148 255
    49 0 0 255 112 255 173 255 0 255 255 255 0 255 107 255 255 27 52 0
    109 6 255 255 255 48 0 162 255 255 130 255 169 255 0 255 255 255 255
    0 255 19 255 165 0 255 255 255 0 255 0 0 255 0 255 125 51 0 171 136
    0 0 255 0 0 0 255 95 0 252 125 255 255 255 0 57 0 255 0 231 0 64 255
    255 0 0 121 191 255 207 255 255 255 0 0 0 117 101 255 255 255 242
    255 70 255 255 255 0 255 117 0 84 158 0 0 255 0 0 0 255 255 255 0 0
    0 81 255 121 0 0 255 0 255 0 255 100 0 0 0 0 187 255 255 143 255 0
    255 0 255 0 125 0 255 255 255 255 0 45 0 255 255 255 255 0 255 0 255
    17 255 0 0 180 115 255 255 255 0 0 0 241 0 255 0 255 255 255 0 241 0
    60 0 255 34 0 255 255 255 0 0 0 255 255 111 255 0 255 0 255 80 0 0
    255 255 142 0 0 255 0 255 255 255 0 9 0 0 102 255 255 255 1 0 255
    255 0 0 0 11 0 0 0 0 255 255 255 0 255 93 227 0 255 255 0 0 155 40
    255 255 39 0 0 0 255 255 255 255 0 255 0 255 0 0 255 0 255 0 255 0 0
    0 255 255 109 0 0 255 0 255 172 0 0 255 255 0 179 0 255 0 255 0 0 0
    0 80 192 255 0 255 255 0 0 160 0 255 0 255 0 255 255 44 0 147 0 0
    255 255 0 255 204 255 0 255 255 255 232 255 0 0 0 255 0 206 0 255
    255 255 0 99 0 255 255 0 0 0 0 255 255 255 0 0 112 73 255 0 255 255
    107 255 0 255 92 0 252 0 255 255 0 255 0 159 0 255 255 0 0 255 255
    255 0 255 81 0 0 255 0 255 0 255 122 255 0 255 255 201 255 255 0 0
    161 52 255 49 0 0 203 255 100 151 255 255 0 0 0 0 255 255 255 255 0
    0 0 255 20 255 0 255 0 255 73 255 255 255 255 103 187 255 53 0 0 0
    144 255 93 255 0 255 0 0 255 173 255 0 0 255 0 0 255 255 255 10 255
    255 255 20 0 255 255 255 0 0 255 255 207 0 144 0 35 255 0 255 203
    255 255 55 255 255 0 202 0 255 12 255 0 255 0 12 255 255 0 0 0 0 255
    222 0 0 0 65 0 255 255 255 255 0 116 255 255 255 0 0 0 255 255 0 255
    0 0 0 255 255 255 255 0 0 18 255 243 255 0 233 255 255 184 255 255
    255 0 0 0 255 255 255 0 255 255 255 0 200 255 255 0 181 0 0 0 255
    255 255 255 0 0 0 0 255 136 255 228 255 255 0 0 0 106 0 255 0 255
    255 255 102 255 65 255 232 253 255 0 0 0 0 255 255 255 0 0 105 255
    255 0 255 0 255 255 255 255 161 0 60 128 255 255 82 0 255 255 255
    255 255 0 0 255 0 255 0 255 64 142 0 0 255 192 255 0 255 0 255 0 0 0
    255 255 255 255 0 0 0 255 86 255 0 255 124 92 0 0 179 255 255 0 0 0
    0 55 0 0 255 194 95 23 0 255 255 255 177 0 0 255 255 243 184 0 255
    255 0 150 0 255 255 255 0 0 51 214 255 255 255 0 0 255 0 255 0 255 0
    193 255 22 0 255 255 0 0 0 255 255 255 255 0 0 255 255 202 65 255
    255 0 61 0 255 255 255 255 0 255 0 0 0 203 0 255 255 0 0 0 255 255
    255 0 78 255 208 255 0 0 0 0 0 255 0 206 0 0 0 255 255 255 0 255 0
    59 0 255 0 0 0 255 255 255 0 255 0 255 255 255 45 0 255 0 255 0 255
    0 6 234 161 76 0 0 0 255 255 0 255 0 0 168 255 94 255 255 255 0 255
    0 255 240 41 255 116 255 0 255 255 241 0 55 255 255 0 255 255 0 0 0
    255 255 40 0 0 255 0 0 0 255 255 255 0 255 0 16 0 0 255 0 255 255 0
    255 0 255 255 255 0 0 255 255 255 255 147 255 255 255 255 0 119 0
    255 0 233 0 255 255 0 178 181 255 255 0 10 255 0 255 255 255 255 0
    86 0 255 255 255 255 0 0 0 0 255 0 255 0 0 0 255 255 255 0 255 0 255
    0 83 0 0 0 0 0 0 255 255 255 255 255 213 0 255 0 169 255 255 74 0 0
    255 0 236 94 255 255 0 0 204 255 49 0 255 0 0 0 255 5 0 255 0 0 255
    156 255 0 0 28 255 255 62 255 0 0 173 61 0 255 255 151 126 202 0 178
    255 255 255 103 0 0 0 255 0 0 139 255 0 0 255 155 228 255 255 0 255
    0 0 0 255 198 0 0 100 0 255 0 255 0 106 15 0 0 0 255 119 255 255 255
    0 0 134 255 0 255 210 0 255 45 0 0 159 255 255 56 255 167 0 208 0
    255 0 116 204 255 255 255 0 244 0 255 255 255 0 75 0 255 96 113 0
    255 70 0 255 0 0 0 255 0 255 0 255 0 0 6 121 0 198 241 172 255 0 255
    70 255 255 255 0 255 255 0 0 0 255 255 255 64 255 137 0 223 39 0 0 0
    255 106 255 255 0 73 0 255 0 0 0 255 255 0 0 255 109 0 255 0 233 0
    188 142 255 0 0 0 255 0 0 0 0 255 0 255 0 93 0 255 208 255 0 0 255
    255 0 0 0 255 0 255 0 234 0 255 255 255 0 70 84 255 0 0 0 0 255 129
    255 0 136 0 0 255 0 116 0 153 255 0 255 227 2 255 255 247 0 0 255 0
    180 10 255 255 0 0 255 255 255 0 0 0 152 0 253 80 255 255 175 219 0
    255 0 0 0 0 0 255 255 0 134 0 228 89 255 255 255 255 255 0 130 21
    137 0 0 0 255 255 0 255 0 255 255 0 0 255 255 3 0 0 27 189 255 255 0
    255 255 130 0 0 0 0 175 120 74 255 0 255 255 255 0 0 0 145 255 0 255
    0 0 255 0 255 0 255 255 0 0 255 0 255 0 0 0 0 255 0 0 0 255 0 255
    255 86 149 0 255 244 255 0 255 0 255 255 255 0 0 255 44 255 0 255
    255 255 95 0 0 255 255 0 0 255 114 255 0 0 255 255 255 5 0 60 255
    255 83 255 255 0 0 0 255 255 255 255 255 0 0 117 255 255 255 0 0 0
    255 0 0 255 0 255 0 255 255 31 0 0 0 0 0 255 13 255 255 255 0 36 80
    15 253 0 255 68 0 0 255 165 255 0 126 0 56 69 238 0 255 209 35 255
    255 108 0 255 149 255 0 255 255 255 0 255 0 0 0 255 0 255 0 239 255
    0 0 207 255 255 0 0 0 170 255 0 242 0 0 65 72 124 0 255 0 255 0 0
    255 0 255 255 5 255 0 0 0 0 255 255 0 255 0 255 0 255 255 0 0 230
    255 0 122 191 15 255 255 0 0 0 255 255 0 255 255 255 177 255 0 208
    255 255 0 0 253 213 214 255 0 200 0 102 255 255 133 255 0 255 135
    255 206 0 0 247 255 255 255 255 40 255 0 115 0 68 0 255 0 255 253
    147 0 0 0 233 0 0 255 0 96 182 255 255 113 0 255 255 255 0 255 126
    255 0 17 0 0 98 255 255 255 90 255 255 255 0 255 0 0 0 0 255 255 255
    0 255 199 84 0 255 0 255 224 255 0 0 0 0 255 255 0 255 0 255 0 0 0 0
    0 255 0 255 255 0 61 0 0 255 225 0 255 255 255 255 0 77 0 255 255
    255 0 255 255 0 255 255 255 0 255 255 255 0 0 255 0 0 0 0 255 0 0 0
    0 0 11 255 255 255 0 132 60 0 0 0 255 255 0 2 255 255 119 0 213 255
    0 0 231 0 0 0 64 255 0 255 255 165 255 255 255 100 162 0 255 0 225 0
    255 0 0 255 251 255 255 0 255 219 151 0 0 255 207 0 0 162 28 0 238
    255 0 203 255 255 255 255 255 0 255 0 255 0 255 255 80 255 0 255 0 0
    23 255 255 255 69 255 0 255 221 0 255 255 255 0 0 0 255 233 255 0 0
    255 255 234 0 0 255 0 255 0 255 101 0 0 146 43 255 255 255 0 0 0 255
    255 0 207 0 255 177 255 135 255 0 255 95 255 0 255 158 255 255 0 0 0
    255 255 255 0 101 222 247 255 0 255 0 0 170 130 255 205 0 0 0 0 255
    201 255 255 255 0 0 0 255 0 0 255 255 255 255 73 0 255 0 0 255 21 69
    255 166 241 113 0 255 255 0 255 0 58 255 255 130 176 0 0 0 255 255
    255 0 165 255 0 0 141 0 255 0 255 255 38 76 0 0 96 251 255 255 255
    116 0 88 255 213 255 0 255 255 0 255 255 255 0 255 0 255 0 0 0 0 0 0
    0 255 255 144 255 255 0 0 255 0 0 0 255 255 255 0 255 0 255 0 255 58
    255 0 255 0 255 208 0 0 0 255 255 255 0 255 255 255 192 0 0 0 255 0
    255 255 255 255 0 0 0 255 220 255 255 245 255 0 255 4 0 0 255 255
    255 163 0 0 0 0 0 0 255 0 0 0 255 0 255 0 255 46 83 0 255 0 255 0
    197 0 0 0 0 73 124 255 0 5 0 255 255 0 0 0 0 0 255 0 255 0 0 255 0
    255 0 55 255 0 255 31 171 0 255 255 0 255 0 248 0 0 255 139 255 0
    255 255 120 0 0 205 255 255 255 0 132 38 255 28 255 255 255 255 0 0
    1 255 255 0 189 0 255 0 0 255 255 255 0 255 255 0 18 0 255 0 44 255
    4 0 0 237 255 0 0 0 89 78 110 0 0 255 0 246 0 0 255 0 41 255 20 222
    0 0 255 158 255 0 0 0 255 162 0 255 0 0 255 255 255 0 0 255 0 255
    255 255 0 0 0 255 0 22 255 0 255 0 255 9 255 255 255 73 87 65 255
    255 0 74 255 255 0 0 255 255 212 0 255 255 255 0 0 0 255 255 255 0 0
    28 255 0 63 0 92 0 0 0 255 255 255 255 107 65 0 0 255 122 255 255 0
    0 255 255 255 255 0 0 0 0 255 255 59 120 51 82 255 255 249 79 0 255
    0 255 134 0 0 0 0 250 142 0 255 22 255 0 199 255 0 255 65 170 255
    255 248 174 0 255 255 255 255 0 188 0 0 255 41 255 0 168 0 255 131 0
    0 0 255 255 255 255 255 0 255 0 255 0 0 0 0 255 0 255 0 255 0 255 0
    0 0 255 255 0 0 0 0 0 0 255 0 255 62 90 0 0 0 255 255 0 34 0 0 222 0
    255 255 255 255 18 255 0 0 0 200 0 255 0 255 255 255 255 255 0 0 255
    255 0 0 255 255 255 0 0 0 255 0 0 0 0 255 0 255 255 255 48 0 0 255
    255 255 0 255 255 138 0 0 0 0 255 255 0 255 0 0 255 0 0 0 255 166 0
    255 31 255 0 0 0 255 255 255 0 0 150 0 255 0 255 0 255 0 0 255 89
    255 255 255 0 0 0 145 110 255 0 0 255 255 0 0 36 0 0 43 147 255 246
    0 255 255 255 0 0 0 255 255 0 0 0 255 123 0 17 255 0 0 0 255 147 0 0
    0 0 255 255 78 0 255 255 255 146 144 0 0 255 255 255 255 0 0 0 9 191
    255 255 0 255 0 255 0 112 0 255 0 0 0 117 0 0 255 255 255 255 0 255
    0 255 122 255 0 255 241 255 0 66 27 255 255 255 0 0 0 255 0 255 255
    15 0 242 0 255 0 0 0 255 255 73 0 61 0 0 255 0 255 255 0 0 53 255 0
    0 255 255 255 0 84 123 0 20 0 0 0 255 255 28 0 0 152 255 255 255 255
    0 0 67 255 255 0 0 124 0 0 0 255 255 255 255 85 255 255 0 255 255
    255 136 0 255 0 255 0 0 255 0 255 0 255 255 255 102 0 0 0 255 255
    255 0 0 0 255 23 255 255 0 224 127 255 255 255 0 0 213 255 255 0 0
    255 255 0 148 0 255 152 255 255 255 255 37 0 0 0 0 0 255 54 255 255
    255 0 0 0 255 255 255 255 255 255 255 0 0 0 0 255 255 0 0 115 255
    255 249 121 255 255 0 255 0 255 0 255 255 255 255 0 148 211 255 0
    255 0 255 0 0 255 255 133 255 255 255 23 20 5 99 0 0 0 98 18 83 0
    255 0 255 0 0 0 255 255 0 0 255 187 0 135 0 152 0 255 0 255 255 255
    60 201 0 0 255 255 199 0 0 0 0 255 0 3 255 255 0 0 0 255 255 97 0
    255 255 83 0 0 255 255 30 0 0 255 71 255 0 26 54 74 1 0 56 255 255
    255 255 0 255 0 0 255 110 255 0 81 184 255 0 255 11 255 0 134 0 255
    255 255 0 135 255 0 0 0 192 255 88 0 0 196 0 255 255 0 255 0 130 18
    0 255 0 255 74 255 218 0 0 0 0 0 255 255 0 255 0 30 0 103 0 255 255
    255 0 255 255 255 231 0 0 0 255 255 0 0 0 195 0 255 255 255 255 255
    255 0 0 0 255 0 255 0 60 0 255 0 255 255 255 255 94 0 0 255 255 255
    255 255 255 0 255 0 0 0 255 0 0 0 0 255 255 255 255 0 255 0 255 0
    255 0 129 255 0 0 0 0 0 255 66 146 89 255 0 255 0 0 72 0 0 242 255
    255 255 0 0 0 255 255 0 0 0 0 255 0 255 255 255 114 0 0 245 255 219
    168 255 255 211 185 0 0 152 255 0 189 22 255 47 0 255 188 255 0 0 0
    144 255 255 0 0 180 255 255 0 119 0 194 255 0 0 0 106 0 255 0 0 0
    229 255 255 66 255 224 0 0 255 0 255 255 255 0 0 0 0 0 255 0 0 0 255
    120 255 199 0 135 0 255 255 255 0 0 167 255 0 33 181 255 255 255 255
    0 255 255 255 255 253 0 0 255 0 255 0 137 0 0 0 255 0 177 196 255 0
    0 183 255 255 255 0 255 0 255 2 255 18 0 0 255 242 255 255 0 0 0 255
    0 255 151 198 0 0 255 0 129 255 255 0 255 255 255 70 0 0 0 255 255
    255 0 0 255 215 0 0 0 255 255 255 0 21 255 255 255 19 0 0 34 255 0 0
    255 0 255 0 0 178 0 0 120 255 0 255 0 255 0 121 0 255 255 0 0 132
    255 0 121 0 215 255 255 219 255 254 0 255 255 0 0 0 255 0 0 0 230 0
    0 255 0 38 209 0 0 0 255 191 36 0 0 155 255 242 255 255 0 203 0 255
    255 0 255 0 255 0 255 0 0 255 144 255 0 255 0 180 0 0 0 189 255 185
    255 0 49 30 0 255 255 255 0 71 0 0 0 0 0 255 0 255 0 255 0 255 255
    255 255 255 255 0 107 223 255 0 0 0 239 0 0 255 255 255 0 255 19 255
    255 0 0 0 0 255 113 0 0 240 0 102 0 255 0 4 0 0 0 216 255 255 168
    255 25 0 0 0 0 0 255 255 255 255 41 0 0 0 255 255 153 0 0 255 255
    255 0 137 78 255 255 255 0 212 0 0 255 0 255 0 255 116 255 0 246 255
    255 56 255 0 255 42 255 228 1 0 129 0 255 114 61 0 167 255 255 0 0 0
    255 215 27 0 187 255 151 244 255 255 255 255 139 225 0 255 64 255 0
    250 0 149 255 255 255 255 96 49 255 255 255 0 255 0 0 0 255 0 255 0
    255 75 255 0 90 0 255 255 135 96 255 202 255 0 255 0 255 255 255 104
    0 0 0 137 255 0 255 0 255 0 0 23 0 255 131 37 0 0 255 0 72 174 255
    255 255 0 255 111 255 222 230 255 255 0 0 255 255 255 0 255 255 0
    233 45 0 62 255 224 220 111 0 255 0 142 191 249 255 211 0 0 0 255 0
    60 214 255 255 255 255 242 255 0 0 0 255 0 255 0 255 0 22 161 255 0
    255 86 0 255 0 102 0 0 0 255 0 0 222 0 0 255 255 0 255 240 255 255
    255 255 0 255 255 96 0 186 229 255 106 143 0 255 0 255 0 255 255 255
    0 227 0 255 255 255 255 0 255 0 255 0 0 0 0 0 255 20 0 255 0 28 0 0
    162 255 0 255 0 255 251 0 0 0 255 0 43 0 255 171 62 255 255 255 142
    0 255 242 0 0 0 255 0 0 107 0 94 234 255 183 0 0 255 255 255 0 0 0
    255 255 255 0 207 86 255 166 255 0 81 0 0 0 0 255 0 233 177 255 0 0
    0 94 63 236 0 0 255 0 0 0 255 255 255 0 0 255 1 255 207 248 255 232
    219 0 0 0 0 255 0 0 0 255 79 0 0 0 0 255 255 255 255 0 255 19 255 83
    59 0 255 0 255 0 0 0 255 255 0 255 255 190 229 0 0 255 255 155 0 0 0
    255 255 132 0 255 255 255 255 0 255 150 179 0 0 255 0 255 255 255
    131 0 251 255 67 255 255 0 0 255 255 255 0 0 0 255 255 0 0 255 0 0 0
    255 255 0 174 0 0 247 0 0 0 244 255 255 255 0 0 0 0 255 255 0 109
    255 188 0 0 159 255 0 149 255 255 114 0 0 255 255 255 169 255 0 255
    0 0 0 255 255 255 17 255 0 255 0 255 0 97 255 0 255 0 255 0 0 255 0
    193 205 255 0 0 0 0 0 0 0 0 179 0 0 255 47 255 0 0 233 0 255 167 255
    255 0 255 0 255 255 255 0 255 255 129 242 0 0 255 255 7 187 255 255
    0 145 0 210 0 0 255 0 255 0 255 0 255 225 0 0 2 0 255 117 44 255 255
    18 0 255 255 0 0 228 255 255 0 0 255 0 0 0 255 255 255 0 0 0 32 0
    255 182 237 0 0 39 255 255 255 252 255 0 255 255 254 112 0 0 241 172
    255 0 255 255 161 201 255 0 0 255 255 255 116 255 255 0 1 0 0 0 171
    255 0 0 210 255 255 43 255 255 255 9 255 255 195 47 118 255 0 7 255
    0 0 0 255 0 0 0 255 150 255 255 0 226 0 255 32 0 0 255 23 0 101 0
    255 157 255 255 0 219 255 255 255 255 246 0 0 255 255 255 0 0 0 0
    159 105 152 255 255 0 255 0 255 0 78 0 0 255 67 0 0 227 255 130 0
    255 0 146 0 255 255 255 0 255 255 255 116 0 0 255 224 0 0 0 0 255 0
    224 255 255 255 0 255 0 41 0 255 183 0 78 255 0 0 255 255 255 255
    255 54 0 0 255 255 255 255 0 255 9 255 255 10 255 0 255 0 255 0 0 0
    0 255 255 255 0 0 0 117 255 255 0 0 182 0 240 255 0 255 255 255 0 0
    40 0 255 255 255 0 0 255 255 255 0 0 232 255 0 0 0 0 123 184 155 0
    30 255 237 0 0 0 255 255 0 209 0 57 0 146 255 0 223 255 45 255 0 0
    255 255 255 0 255 0 255 0 255 190 255 255 0 0 255 255 255 0 0 0 255
    0 255 255 255 128 255 0 225 94 136 255 31 231 0 0 0 255 7 255 0 197
    0 0 255 0 255 82 255 229 0 255 0 0 0 0 255 0 255 255 138 0 255 0 255
    255 0 2 0 255 0 255 0 0 255 42 253 255 255 255 0 0 0 255 255 96 0 0
    0 255 255 255 0 255 248 255 0 255 0 1 0 255 0 0 0 213 244 128 0 0 0
    255 255 255 246 0 22 255 248 23 0 226 255 255 0 255 0 79 0 255 214
    255 0 23 238 255 255 0 0 0 109 255 102 0 0 255 67 255 255 161 255
    255 255 251 183 26 0 255 0 255 255 0 255 0 255 0 0 7 255 255 255 120
    255 0 0 0 0 0 255 0 0 0 80 255 255 67 255 0 255 0 0 2 104 255 255
    255 0 255 26 0 0 255 0 255 0 255 197 255 0 255 0 203 161 255 255 0 0
    255 0 0 0 0 0 255 0 255 255 0 174 0 0 0 93 255 81 255 255 255 0 0 8
    58 255 0 0 150 0 42 120 156 255 255 0 54 0 255 255 255 0 0 255 0 0
    255 255 255 0 0 0 255 255 255 255 255 0 249 0 255 0 126 125 255 255
    255 0 0 52 0 225 0 220 255 10 0 255 255 255 71 255 26 0 0 0 255 0
    255 0 0 255 255 36 255 130 255 0 255 0 255 0 255 0 0 0 0 0 44 165
    228 0 255 151 255 255 0 0 0 205 255 255 255 0 183 0 255 255 255 168
    0 240 0 247 0 255 0 0 0 0 0 255 0 255 0 255 4 22 255 255 255 0 229 0
    0 233 255 255 0 236 0 255 91 255 0 5 66 0 0 0 0 0 0 255 255 0 0 0
    101 0 255 0 255 255 255 255 0 255 0 0 255 127 0 252 255 244 34 57
    255 255 88 0 0 255 255 255 0 0 255 255 255 255 255 255 0 0 255 0 255
    0 255 0 0 12 255 255 255 0 0 0 220 255 0 255 0 201 255 255 255 149 0
    0 255 0 0 0 0 52 255 107 255 59 255 0 0 0 179 255 255 255 0 255 255
    255 255 0 255 255 255 255 173 0 0 0 249 255 255 255 255 46 0 0 210
    255 255 255 0 255 0 0 0 255 255 255 57 255 0 0 0 255 255 255 0 0 0 0
    0 255 0 157 255 255 255 0 0 255 255 0 0 0 255 255 255 161 255 0 246
    0 255 197 0 99 0 255 255 255 0 0 255 255 255 0 0 0 184 165 7 46 0 0
    169 0 0 0 255 255 0 63 245 151 255 255 255 0 0 0 0 0 255 0 255 255
    255 255 80 65 44 255 255 195 255 0 26 0 255 255 255 0 0 255 41 255 0
    255 0 0 255 124 114 0 255 255 255 141 184 0 67 255 81 255 52 255 0 0
    186 255 0 214 216 105 0 0 61 255 126 255 132 0 0 0 255 0 0 96 0 233
    0 0 255 106 135 0 255 255 0 0 0 255 236 255 255 255 149 0 0 11 255
    255 0 0 0 255 135 0 0 0 255 0 0 248 255 218 0 139 255 0 168 0 255
    255 0 0 132 255 255 0 0 255 0 255 71 255 0 0 255 255 255 0 0 0 0 191
    255 0 255 0 255 0 0 0 0 0 0 255 0 0 0 206 0 0 0 0 255 255 255 0 0 81
    255 46 0 255 255 255 0 0 0 255 255 0 255 105 255 0 0 0 247 255 255
    255 255 219 0 0 0 0 56 255 0 255 0 255 0 0 220 255 255 0 255 0 255 0
    255 0 181 0 218 72 255 0 0 0 255 10 255 0 0 41 88 255 255 0 0 240
    118 0 0 0 255 255 0 0 0 247 255 255 84 80 255 0 0 255 255 0 135 188
    0 255 0 255 0 117 0 251 234 255 0 0 0 255 0 0 0 255 183 255 112 0
    255 0 0 0 255 0 226 204 92 255 167 255 121 0 255 255 255 95 255 119
    255 255 60 0 255 255 0 0 255 255 29 255 0 255 0 255 0 255 255 0 0
    255 255 0 174 191 5 0 0 210 255 255 0 0 209 0 255 0 0 255 0 0 0 255
    255 0 0 28 18 0 0 209 169 255 167 89 0 0 0 0 220 207 255 255 0 0 255
    255 255 255 255 255 255 255 0 0 0 255 255 255 0 0 255 255 5 0 255 0
    213 255 150 255 0 0 0 255 0 255 77 255 255 255 0 255 0 0 31 255 255
    0 0 120 255 66 255 0 0 255 0 0 0 255 0 255 0 255 0 0 232 255 141 255
    9 255 128 0 0 0 0 255 255 255 255 37 255 255 0 30 0 0 215 5 255 0
    255 169 255 0 0 255 0 0 0 255 0 255 0 255 0 255 255 187 255 0 62 0
    255 255 0 255 0 0 255 255 0 57 255 255 0 0 0 255 255 255 0 255 255
    255 0 255 255 74 0 0 153 0 255 0 0 0 255 255 255 0 255 0 243 12 255
    255 255 0 0 0 255 255 0 0 0 255 0 64 189 0 255 255 255 0 44 0 255
    255 255 142 0 0 255 76 0 0 0 109 255 0 94 0 0 255 255 0 255 0 255 0
    255 174 0 97 255 255 255 0 0 0 255 48 126 0 230 0 255 245 255 0 255
    54 255 255 255 0 0 226 9 227 255 0 0 255 0 255 0 48 0 0 255 255 0
    144 80 255 255 0 0 255 0 255 255 255 255 0 107 0 255 0 255 0 0 255
    255 255 64 175 0 236 0 255 255 0 0 255 0 0 255 0 0 216 255 255 0 0
    255 255 255 255 82 255 255 255 255 0 255 0 255 0 0 255 255 0 0 0 101
    0 0 0 0 255 133 0 255 0 0 0 255 255 0 0 255 0 191 255 255 255 255
    255 0 165 83 0 255 0 255 0 94 0 255 0 255 0 82 0 0 0 255 0 255 255
    255 126 47 255 255 0 235 0 255 255 255 0 0 0 255 0 0 68 0 255 0 0
    192 255 255 255 255 0 0 0 57 255 255 0 255 0 255 0 0 255 255 255 0
    255 0 255 0 255 0 255 0 68 255 255 255 0 190 255 249 255 0 255 0 0
    38 78 255 255 255 0 255 0 255 0 0 60 215 237 255 0 0 200 190 255 0 0
    255 255 255 145 193 0 230 255 0 255 0 0 241 0 255 216 255 0 255 0
    255 255 255 255 255 0 0 0 255 255 151 0 255 0 0 255 255 255 0 255
    189 255 136 0 248 255 255 255 0 255 255 0 150 255 239 255 255 0 255
    0 0 195 255 255 0 0 255 198 62 255 255 0 0 30 255 0 255 0 136 255 0
    39 255 255 0 0 151 0 255 0 0 0 11 219 255 0 255 199 142 0 0 179 255
    12 0 255 255 169 255 0 255 255 255 253 0 0 0 255 0 255 0 37 185 255
    0 64 0 255 165 255 18 5 0 0 179 0 255 0 0 255 255 0 255 18 0 0 0 255
    255 164 255 0 0 0 0 255 0 255 169 0 0 27 255 72 0 255 255 255 0 0 0
    255 235 255 255 255 0 255 0 197 0 255 0 203 0 137 255 255 255 0 71
    255 255 255 0 255 255 255 0 255 0 255 255 0 0 255 0 56 255 255 0 0
    100 255 0 134 0 118 255 255 0 255 0 255 255 255 0 255 255 255 255 0
    0 0 255 255 255 0 0 0 255 255 255 255 102 0 255 255 54 255 255 0 11
    0 255 0 255 255 255 165 0 255 194 0 15 255 0 0 122 255 0 0 255 255
    255 255 0 0 0 0 255 255 255 0 0 0 8 255 0 255 255 255 0 9 251 255 0
    0 72 255 255 241 255 237 232 0 238 0 0 0 87 116 255 0 228 0 0 255
    255 255 86 255 122 0 0 255 0 255 0 255 0 255 0 159 0 64 0 0 255 0
    255 119 0 0 207 255 0 0 0 255 190 0 0 213 255 255 255 0 0 0 255 255
    255 255 0 255 0 0 0 0 255 244 0 0 0 255 255 0 0 0 255 255 0 0 62 255
    0 255 255 0 0 0 0 255 0 255 0 69 0 0 0 255 35 255 0 0 255 149 255 60
    0 0 255 255 255 255 170 120 194 0 0 0 0 255 255 0 255 0 0 0 255 0 26
    160 109 78 0 255 0 0 255 255 0 0 255 255 255 255 0 255 0 0 0 0 255
    255 255 0 255 0 97 15 0 255 0 0 0 255 141 255 0 0 0 0 255 255 108 0
    0 255 135 255 0 255 0 255 0 255 0 245 0 0 255 255 255 21 0 0 0 255
    255 149 255 0 255 0 255 0 0 255 255 0 0 255 255 255 0 24 0 255 0 0 0
    255 255 0 80 255 0 57 79 116 212 255 0 255 0 0 0 255 0 255 255 255
    79 0 0 0 0 255 170 0 0 0 0 255 255 255 0 214 241 0 255 55 255 128 0
    0 7 210 0 255 255 10 255 0 0 0 86 0 238 0 255 0 255 0 0 255 183 0
    245 255 255 255 0 0 0 52 255 255 255 255 0 255 0 208 0 194 0 255 255
    255 0 0 5 255 0 0 0 255 255 0 0 0 255 255 227 0 255 24 255 242 0 0
    255 255 255 0 0 0 255 255 183 193 0 255 0 255 255 156 255 0 0 118 8
    0 0 173 255 255 148 255 0 0 0 0 255 255 0 201 163 255 0 255 0 255
    216 204 0 0 0 0 88 255 255 255 0 0 0 0 255 0 255 0 255 0 0 0 160 255
    109 0 255 255 64 255 0 0 255 255 255 255 0 255 0 255 0 255 45 255
    255 15 0 255 149 255 176 0 0 68 181 0 151 255 255 255 54 0 129 0 255
    0 255 0 255 255 6 0 19 0 255 0 0 0 121 255 160 108 43 215 247 0 0
    100 255 255 255 0 0 0 255 255 0 255 255 255 255 0 0 197 255 255 99 0
    255 255 255 255 45 0 0 255 255 246 255 0 255 0 255 255 0 255 255 151
    255 0 0 0 0 0 255 0 67 255 144 255 132 0 0 255 0 255 106 0 0 255 0
    255 255 255 0 255 0 137 0 0 255 255 255 255 0 176 0 255 0 0 255 255
    255 0 0 0 255 205 255 0 0 255 255 255 98 255 127 255 0 251 255 0 255
    0 26 0 255 0 151 29 68 255 255 207 0 255 255 103 0 0 255 255 0 56
    159 0 255 255 255 0 0 0 174 0 255 64 255 194 255 255 255 49 0 255 0
    0 244 0 255 255 255 71 0 255 255 136 255 0 37 0 223 255 0 255 0 72
    96 0 0 0 255 255 255 89 255 0 0 0 255 229 0 0 255 255 0 0 0 223 16 0
    0 0 255 48 87 0 116 0 255 63 255 0 0 0 0 44 255 0 255 255 0 33 255
    255 0 0 249 255 255 0 0 142 255 0 255 51 0 87 255 53 255 255 16 0 54
    255 0 0 181 255 76 0 255 255 0 12 0 255 0 214 255 20 255 177 0 0 255
    255 255 0 3 255 255 0 0 241 105 255 0 255 173 255 255 255 0 0 255 0
    0 255 255 255 108 0 0 255 255 255 255 0 255 255 238 155 0 255 0 0
    255 19 102 255 0 0 255 255 255 255 63 38 0 0 91 0 0 255 255 60 255
    255 0 59 0 126 107 255 255 255 96 0 255 99 255 0 250 0 255 0 173 255
    255 255 0 255 0 255 0 10 0 0 0 0 255 208 255 0 0 255 0 0 255 255 0
    83 0 124 255 178 0 249 255 167 255 0 255 0 255 0 0 84 0 255 255 255
    0 255 255 0 255 178 255 255 255 255 255 0 255 0 0 255 255 255 255 0
    255 52 255 0 255 0 0 0 255 255 255 129 0 71 0 255 255 255 255 0 0 0
    0 255 224 255 0 0 255 255 255 255 111 0 255 0 255 120 0 212 255 255
    255 0 0 0 255 0 255 0 255 126 0 255 0 255 255 0 0 0 255 0 255 0 255
    124 125 0 6 2 255 0 255 213 255 0 255 0 255 0 255 168 0 0 255 255
    255 255 0 0 0 255 255 0 151 255 80 255 0 117 0 255 255 255 0 160 14
    255 255 67 255 0 0 0 255 0 255 99 255 0 255 16 255 231 0 0 255 255
    255 20 0 0 0 42 255 191 0 0 255 255 230 137 209 73 0 0 255 0 66 255
    22 177 0 0 175 255 0 0 0 255 0 0 0 0 196 255 0 255 0 0 0 255 4 0 211
    255 255 0 255 0 255 0 207 0 255 255 255 153 0 0 252 192 255 28 0 255
    255 0 0 0 0 255 0 210 255 221 255 0 86 221 139 255 171 0 0 255 148 0
    114 231 206 189 255 0 0 0 255 255 255 0 255 255 255 52 0 255 255 148
    0 126 13 255 0 255 0 0 0 255 255 255 255 0 255 255 0 0 0 255 255 41
    0 131 0 255 255 0 255 0 255 255 3 0 255 0 204 0 255 0 6 153 124 255
    255 0 0 0 0 255 0 0 0 255 255 255 0 255 0 255 204 0 0 0 255 255 255
    0 176 0 255 0 111 0 255 255 255 0 255 0 255 159 0 0 6 255 255 0 255
    255 0 32 255 255 164 0 0 0 68 255 0 0 0 255 0 0 255 105 255 0 0 53
    255 147 0 0 226 255 0 255 0 255 255 0 0 0 255 120 255 0 0 0 255 255
    128 0 0 255 255 255 255 255 0 255 0 91 0 0 0 255 0 255 0 0 0 255 0 0
    255 255 255 255 45 255 0 255 255 255 255 255 111 255 0 255 0 0 234
    255 0 0 0 0 0 255 255 0 0 0 0 0 255 255 255 168 0 255 0 255 0 255 0
    0 0 0 0 0 255 0 0 255 255 255 0 255 0 255 255 93 255 0 255 0 204 0 0
    28 0 255 0 255 255 255 0 255 170 0 255 0 255 0 255 0 191 55 255 30 0
    255 255 0 0 255 26 0 255 255 255 255 0 0 0 255 0 0 209 255 255 0 203
    255 61 67 255 255 0 0 0 255 97 0 26 0 255 255 255 255 0 0 164 255
    237 255 0 0 0 0 213 0 255 39 0 0 0 255 255 255 255 147 0 0 255 0 123
    0 255 255 66 0 255 176 255 0 0 255 255 20 255 255 255 0 255 0 0 255
    255 80 0 0 0 255 224 0 0 255 0 255 0 255 255 255 0 0 218 255 255 0 0
    0 255 255 255 0 255 255 255 0 0 255 255 149 185 0 0 0 255 255 255 0
    0 0 198 255 151 255 129 210 255 255 255 255 224 98 0 0 255 0 0 0 0 0
    255 0 255 113 0 0 255 164 255 255 255 0 0 0 0 97 255 254 0 255 255 0
    255 199 255 0 170 187 255 193 0 0 255 255 81 0 255 255 255 0 0 59
    255 55 0 255 255 255 205 133 0 0 255 255 255 0 0 0 10 255 255 86 0
    110 0 0 0 0 255 21 255 255 255 0 99 186 0 255 0 205 255 239 255 0
    255 0 9 0 255 0 220 255 0 4 255 37 0 0 0 25 0 255 255 255 255 0 0
    255 57 0 255 0 0 0 0 0 0 255 0 255 0 255 0 0 116 255 255 0 0 255 147
    255 255 0 0 112 255 255 0 255 0 227 0 255 255 255 255 255 255 21 0 0
    255 0 255 0 0 242 255 2 236 5 255 152 0 0 0 255 255 0 0 0 0 255 255
    255 0 130 255 0 255 0 255 0 255 0 255 198 255 0 255 255 2 235 0 255
    246 0 224 255 0 0 0 0 255 31 230 0 0 0 0 0 255 255 0 0 0 255 255 255
    215 0 0 255 0 255 0 255 0 0 0 255 255 0 0 0 255 255 0 255 0 255 255
    218 255 255 0 0 0 0 255 0 100 255 255 0 187 200 0 255 0 255 0 0 0
    255 255 255 0 71 255 103 0 116 0 255 0 255 47 0 0 172 255 255 91 255
    81 255 0 0 0 0 139 46 255 0 255 0 255 0 145 255 93 0 0 0 0 255 255 0
    232 0 0 0 0 255 123 0 0 255 70 255 0 255 255 129 255 0 112 0 255 255
    255 151 0 255 0 255 139 167 0 0 255 255 232 0 0 137 0 255 1 255 0 0
    255 0 0 0 0 255 0 25 0 0 0 0 0 255 82 255 0 255 255 0 143 0 255 175
    0 8 0 255 64 255 0 240 255 255 200 255 0 255 0 255 0 255 0 255 0 0
    255 55 0 63 230 255 205 186 0 0 0 0 39 255 0 255 255 47 255 255 0 0
    0 185 103 176 255 0 0 255 141 255 39 0 176 255 255 0 14 0 255 32 255
    0 255 0 255 255 0 0 104 255 255 0 0 255 255 0 255 255 255 176 0 0
    255 0 255 31 255 255 43 255 255 255 0 84 0 255 0 0 0 0 0 255 125 113
    255 164 255 0 255 255 0 0 0 255 192 255 255 0 0 0 0 255 0 0 0 255
    100 0 0 0 52 91 255 255 255 15 255 0 0 255 0 0 0 255 113 255 29 0 0
    0 0 255 0 255 0 129 0 255 255 255 0 0 162 0 255 207 255 0 255 255 0
    0 243 255 0 255 0 0 192 243 166 255 209 0 0 0 244 255 255 245 255
    255 0 255 255 0 0 18 255 234 156 0 255 255 0 255 0 255 0 255 219 255
    0 0 255 255 0 255 0 209 0 255 192 130 0 255 255 255 0 0 0 0 0 246
    255 14 217 0 0 255 255 0 0 0 0 255 255 255 0 0 0 0 0 255 255 0 255
    255 17 255 0 0 0 0 255 255 255 26 255 205 0 0 116 221 0 255 0 255
    255 255 255 0 0 255 0 255 255 218 0 0 0 255 5 255 0 255 0 0 0 255 0
    0 255 255 0 6 255 255 186 255 0 0 0 0 255 255 0 255 255 0 0 0 255
    255 51 255 255 255 6 0 255 255 255 46 255 0 255 255 255 0 0 255 181
    134 0 181 0 255 0 0 0 255 145 0 0 255 255 0 0 255 255 255 0 0 133 0
    24 0 255 161 0 190 0 0 0 0 255 0 255 0 255 0 255 255 255 91 0 0 255
    255 255 0 255 0 255 0 255 0 0 0 255 0 0 0 255 255 255 0 0 0 78 255
    255 0 0 255 255 255 0 255 219 48 0 255 255 255 167 0 239 0 5 0 215 0
    255 255 255 78 0 0 0 255 0 255 0 255 0 255 19 255 255 255 0 255 255
    255 107 0 0 255 0 255 0 220 255 0 0 255 0 0 0 255 255 0 132 255 0 0
    0 255 255 255 0 255 11 143 19 255 255 255 255 0 231 0 255 255 213 8
    16 0 255 58 255 0 255 255 255 0 0 255 30 255 0 255 0 20 0 0 255 255
    182 255 0 0 0 255 255 12 255 0 0 0 0 0 221 0 52 0 106 255 255 255 0
    158 0 0 0 4 255 255 255 0 14 255 0 58 0 255 0 255 0 149 50 191 0 255
    0 255 118 0 0 255 0 0 109 255 0 255 255 255 255 0 0 134 0 63 243 247
    0 255 255 255 0 37 180 67 255 255 167 0 0 255 255 101 0 181 0 0 216
    0 127 255 255 250 28 255 255 255 255 139 255 130 238 255 47 0 255
    255 0 34 0 0 255 224 255 15 117 255 0 255 0 255 0 255 255 255 73 0 0
    0 125 255 255 0 255 0 215 0 208 255 0 255 134 16 0 255 255 255 0 106
    0 0 0 255 255 255 0 0 255 255 173 255 0 0 0 255 255 255 132 255 0 0
    255 0 255 204 255 255 255 215 255 0 0 255 255 255 0 136 0 0 255 255
    0 5 255 255 255 0 255 255 0 0 213 0 255 255 122 255 0 255 0 255 255
    255 255 0 0 0 248 255 0 0 0 255 0 0 255 255 255 198 115 0 0 0 0 255
    255 190 190 255 0 0 0 164 248 0 255 0 255 0 255 0 0 172 0 255 255 0
    0 0 255 0 255 0 17 0 0 0 255 148 255 0 172 0 255 0 255 255 0 255 255
    0 48 141 0 0 220 255 20 122 255 0 0 0 255 255 0 0 255 255 255 60 0
    255 241 255 0 0 0 0 184 255 255 255 255 21 0 0 0 0 255 49 255 84 255
    0 0 62 83 0 255 255 0 255 217 255 0 230 0 255 255 0 255 0 96 0 0 255
    255 0 0 90 159 107 255 31 68 0 255 112 0 164 255 148 0 255 255 7 0
    95 255 189 255 255 0 210 0 63 0 255 255 255 0 0 0 255 255 0 255 0
    255 217 82 0 0 255 255 0 255 255 228 149 245 255 0 0 0 0 0 255 255
    255 251 255 89 0 255 0 243 0 0 255 255 255 253 0 0 255 255 100 0 255
    0 255 0 0 0 255 0 255 0 0 0 0 42 0 78 255 10 255 142 255 0 0 0 255
    255 70 0 255 255 255 0 53 74 0 0 255 0 255 0 255 243 255 194 0 255
    255 0 255 255 255 0 255 0 255 225 0 9 0 255 255 148 255 34 0 39 255
    0 255 0 0 96 255 118 201 0 255 0 255 255 255 0 0 187 255 0 255 255 0
    255 255 255 0 255 255 0 148 0 255 255 255 255 0 0 255 255 255 255 0
    0 192 52 238 99 255 255 0 0 0 0 0 255 0 255 0 255 0 128 255 255 255
    0 255 24 0 0 0 0 186 0 108 255 0 148 47 200 255 255 0 0 0 0 255 255
    0 241 0 0 0 255 255 255 61 255 0 255 0 255 0 255 0 255 255 0 255 214
    255 0 0 255 255 255 255 0 0 255 0 0 255 67 255 67 255 0 0 83 255 85
    199 0 255 0 0 79 255 255 98 0 0 57 5 0 0 255 255 255 255 0 230 193
    255 0 179 0 255 255 255 0 0 139 91 255 0 255 0 255 0 24 0 255 62 0 0
    255 255 255 255 255 0 0 52 177 0 255 42 0 138 255 20 255 255 93 255
    234 0 0 255 255 255 255 132 255 0 0 0 255 255 255 80 81 0 255 255 0
    0 63 124 255 255 255 0 218 0 184 0 255 0 255 143 255 71 0 0 0 0 156
    255 147 154 0 0 255 0 255 0 0 255 216 255 0 94 8 255 0 255 0 255 255
    224 255 0 255 0 31 108 0 255 0 255 0 0 255 141 0 0 255 255 249 0 255
    99 50 0 255 255 255 0 0 255 255 51 0 0 255 255 255 255 0 0 0 0 255
    255 255 81 255 0 147 255 255 255 0 255 175 228 0 227 255 0 255 255
    255 0 255 0 255 172 255 255 255 0 255 255 255 0 255 255 0 0 255 255
    255 0 132 255 255 141 255 0 23 133 255 0 255 0 255 0 255 0 0 28 255
    0 91 0 0 255 255 255 0 0 158 0 0 0 255 255 0 255 230 151 0 180 0 255
    255 0 0 0 255 0 0 198 173 255 0 255 255 57 0 234 0 180 0 255 255 255
    221 0 0 0 255 255 52 0 127 255 255 232 0 207 0 255 54 49 0 255 255
    72 255 255 255 0 0 0 240 255 255 0 0 0 0 122 255 0 0 57 0 0 255 0 0
    255 121 115 255 255 0 0 255 0 119 0 205 255 255 255 255 0 46 255 255
    25 255 255 150 0 0 0 255 255 0 0 255 255 126 212 0 0 0 218 165 255
    255 255 255 0 92 0 255 23 83 255 188 255 0 255 0 222 0 67 0 255 0
    255 0 255 255 0 255 255 0 0 255 255 255 0 0 255 189 255 255 255 0
    255 0 0 0 255 49 255 179 0 255 0 255 0 0 255 119 255 0 255 0 0 255 0
    124 255 255 0 255 0 255 255 0 0 0 0 255 255 255 0 255 0 0 0 255 255
    255 0 0 255 180 255 0 255 48 0 255 255 102 0 154 0 255 0 0 0 255 0
    255 255 195 143 255 0 0 0 216 13 255 255 181 113 0 65 0 255 255 0 0
    226 0 255 0 255 255 0 0 0 255 255 255 255 0 255 0 0 0 76 255 128 255
    0 255 0 0 0 255 255 0 0 0 255 255 22 0 255 255 255 255 255 255 119 0
    0 0 50 255 255 0 0 0 0 255 255 0 255 0 121 0 0 0 0 136 255 0 255 3
    255 0 255 9 255 0 199 0 0 255 0 255 255 255 0 0 0 255 35 53 255 255
    211 0 0 221 0 163 255 173 0 0 133 255 255 0 0 0 0 255 124 255 255
    233 0 255 255 255 0 188 0 255 235 255 0 255 255 255 0 255 214 255
    255 255 255 0 255 178 255 96 255 255 255 14 255 255 255 0 255 0 255
    0 255 255 0 0 0 59 88 255 0 221 255 255 0 0 255 0 255 151 0 0 0 255
    0 255 0 0 255 255 255 0 255 193 255 0 0 0 0 0 255 255 0 181 0 255
    255 255 255 220 255 0 255 255 255 255 0 0 0 255 255 255 246 0 255
    255 255 218 30 0 0 255 0 0 255 255 205 0 255 24 0 0 255 255 255 255
    255 0 0 0 255 0 255 255 0 255 0 0 221 0 0 36 0 255 4 0 0 0 255 255 0
    0 255 255 0 255 0 255 47 255 0 255 255 0 58 0 255 255 255 0 255 132
    255 255 38 159 0 0 0 255 255 255 13 255 0 0 0 197 0 126 0 255 0 0
    255 166 114 0 0 176 255 0 157 0 255 0 0 255 255 255 0 255 0 255 255
    0 20 0 0 0 255 61 43 255 0 0 0 255 255 0 0 26 255 255 0 255 0 255 0
    0 255 255 77 255 0 0 255 255 255 0 0 255 255 4 0 255 0 208 0 255 255
    0 0 193 255 0 0 0 255 0 255 0 130 0 0 0 255 0 0 255 255 255 109 116
    0 0 0 255 0 192 0 255 0 255 0 0 0 255 203 0 255 0 255 255 255 0 0 0
    255 255 255 255 255 0 0 0 255 255 138 95 255 0 255 0 132 91 255 0 0
    0 255 0 255 0 255 0 255 0 255 0 0 0 0 0 0 255 0 0 30 255 0 249 36 0
    255 109 255 0 0 0 89 0 255 255 0 0 0 255 0 255 255 188 0 29 0 255
    255 214 255 0 255 255 255 0 255 0 40 0 0 0 255 255 255 255 255 0 147
    0 164 0 37 0 255 0 255 4 255 255 0 255 0 0 255 255 103 0 0 0 0 255
    255 255 255 0 0 0 255 198 255 255 178 220 0 125 0 255 0 167 255 255
    0 0 255 145 255 0 255 255 255 255 0 0 235 179 0 0 0 255 0 155 0 255
    255 0 0 0 255 0 48 255 0 255 127 0 255 0 126 255 255 255 255 0 255 0
    0 2 0 191 238 141 0 255 255 255 0 78 0 0 255 255 255 0 39 0 0 0 255
    0 121 0 255 255 207 0 0 236 252 113 0 255 255 0 255 0 31 255 255 8 0
    255 0 26 0 0 255 0 255 0 255 255 243 0 0 0 0 0 0 255 255 255 0 0 255
    255 255 0 0 0 0 255 255 0 205 0 255 255 99 0 24 75 255 0 255 0 255
    255 0 246 0 255 180 0 0 0 255 211 255 255 0 111 0 255 0 0 0 255 0 0
    0 0 255 255 255 255 255 146 0 0 0 255 255 154 255 255 107 91 255 255
    0 71 0 0 213 255 0 0 255 255 0 255 106 0 255 0 0 255 24 0 255 0 30 0
    255 0 255 255 0 255 255 135 74 255 255 0 0 255 249 46 255 130 0 0
    255 255 255 0 255 211 124 0 0 255 213 255 0 0 255 97 255 0 255 0 255
    255 255 0 255 53 202 255 255 16 4 0 255 0 255 0 255 255 0 0 0 255
    255 63 225 149 255 62 255 0 189 0 75 0 0 255 255 0 28 255 255 0 12
    250 0 0 0 255 0 0 153 255 255 0 255 0 0 0 0 0 255 255 253 255 154 0
    0 255 255 255 0 0 210 11 153 0 0 255 255 188 0 255 255 87 255 0 255
    255 0 0 255 255 0 238 0 0 255 0 255 0 0 255 0 255 255 44 255 0 0 255
    39 255 0 0 255 68 255 0 255 255 255 0 0 0 255 255 152 0 0 212 145
    255 255 255 0 0 255 255 0 0 255 1 0 0 0 0 255 255 0 5 0 89 255 255
    255 0 0 255 255 0 255 0 0 0 0 255 82 255 255 0 0 0 56 255 255 48 0 0
    0 0 0 9 255 255 0 0 0 0 255 255 0 0 0 0 128 128 255 255 0 255 0 255
    0 255 72 5 0 224 255 255 0 0 255 255 182 0 255 255 255 0 255 0 255
    122 173 59 255 0 255 0 255 0 255 0 83 0 255 255 255 255 53 167 0 92
    0 255 255 0 225 0 253 0 0 255 255 255 0 227 255 48 40 0 255 229 255
    0 0 0 0 0 255 0 255 0 255 112 255 0 0 255 254 255 255 4 144 132 159
    255 255 89 255 170 0 0 0 85 255 0 0 0 0 255 255 167 0 255 0 255 0
    211 0 70 255 255 0 255 198 86 0 0 255 160 255 0 255 0 30 0 0 0 255
    255 0 33 0 0 40 255 255 255 80 255 0 179 0 154 0 255 0 0 0 255 255
    255 255 255 0 255 255 255 255 220 0 255 0 102 0 0 255 255 255 0 0 15
    255 0 255 0 0 159 255 255 255 0 0 0 0 4 0 0 0 56 255 255 0 0 0 132
    255 0 33 0 74 109 0 54 0 255 0 255 0 0 0 169 0 255 0 255 0 0 255 0 0
    111 255 0 255 0 255 0 255 0 0 0 255 0 191 0 255 0 0 115 255 255 255
    255 62 0 0 0 255 255 0 255 255 0 0 255 234 0 0 0 0 255 199 255 0 161
    255 124 0 255 255 255 255 211 0 0 0 0 0 255 255 255 0 29 0 0 156 255
    0 95 234 58 137 0 255 171 0 177 100 0 0 255 255 255 175 255 0 180
    255 255 0 224 230 255 0 0 55 255 255 255 116 0 255 0 65 131 0 190
    255 255 0 0 220 0 255 182 255 0 255 183 0 0 224 255 255 255 89 0 0 0
    0 255 30 0 255 0 124 255 0 255 255 255 0 0 120 0 0 62 0 255 0 153 0
    0 0 0 0 78 0 255 0 71 0 0 73 255 255 255 222 187 0 0 0 0 190 165 0
    255 255 170 0 255 0 255 255 255 110 0 255 0 255 255 255 0 0 0 255
    255 255 255 0 178 0 132 255 119 4 95 0 255 255 0 0 0 89 255 255 0 45
    0 255 0 255 0 150 255 117 190 255 0 0 0 255 0 255 255 0 188 0 0 255
    0 255 0 62 255 255 255 0 0 255 0 0 0 255 255 0 0 0 159 255 195 255 0
    255 0 255 0 255 0 0 185 255 255 255 255 0 0 0 255 255 197 0 0 255
    255 169 0 0 0 228 0 255 255 0 255 13 255 255 0 255 255 71 25 0 64 0
    255 0 0 255 255 255 0 32 0 0 0 235 0 0 0 255 255 255 20 0 255 0 255
    255 0 0 0 15 255 0 0 255 255 255 0 0 106 0 255 255 1 255 0 255 99 0
    0 0 0 255 0 255 217 255 255 0 0 255 255 0 0 0 255 255 0 0 255 163 0
    0 46 253 240 255 255 0 0 33 255 255 0 255 0 255 255 255 0 0 0 0 255
    255 255 0 255 0 255 0 255 0 0 0 0 91 255 255 241 6 0 0 255 255 198 0
    0 0 0 255 0 0 0 0 0 0 255 255 0 0 0 255 255 255 148 255 112 255 0
    255 0 255 255 255 0 0 255 189 255 0 47 153 255 255 0 255 63 0 20 175
    0 0 255 255 0 0 255 255 255 0 117 255 0 255 255 255 0 0 0 255 255 0
    0 255 255 0 255 0 255 255 0 24 0 255 0 255 255 255 0 0 255 102 0 0
    95 255 255 255 255 0 255 162 0 0 0 255 255 255 148 252 112 1 143 255
    0 0 0 255 43 255 255 255 0 102 255 255 255 255 109 0 255 255 255 171
    0 0 253 243 254 0 0 255 255 35 0 12 220 192 0 255 0 0 0 0 255 0 0 0
    255 255 255 255 255 0 0 0 255 255 255 0 216 118 255 255 0 0 0 255 0
    255 176 255 0 0 0 206 255 0 255 255 255 0 255 255 255 0 63 0 0 0 255
    255 255 255 255 0 0 0 255 0 154 66 255 0 0 205 255 255 0 238 0 0 47
    255 191 255 255 255 255 255 0 146 0 0 179 0 0 0 255 197 0 231 155 0
    20 0 255 0 255 106 255 255 159 14 255 0 0 0 255 255 255 0 0 161 11
    255 255 152 255 0 143 0 255 0 255 255 255 255 0 255 255 255 0 0 255
    255 255 0 0 0 238 255 164 195 0 255 0 0 51 255 255 155 255 0 197 0 0
    255 172 255 0 0 0 0 255 0 200 235 0 95 11 111 255 0 0 255 255 168 0
    0 255 0 92 163 0 243 255 255 0 255 255 255 255 255 245 255 4 190 129
    255 140 0 77 255 0 255 255 0 140 255 255 104 255 0 0 255 179 255 187
    47 206 0 0 0 153 255 255 104 0 255 255 45 0 0 255 0 109 0 255 255
    255 196 255 0 132 0 145 255 0 0 236 31 0 189 36 255 255 255 0 255 0
    255 255 50 120 0 255 255 255 0 0 207 0 255 255 255 53 0 0 0 0 0 255
    255 86 123 0 0 0 0 255 32 255 255 0 0 212 255 255 0 255 0 0 33 255
    255 255 0 0 187 0 82 0 255 255 173 0 0 140 0 0 255 255 203 8 0 255
    23 43 245 0 255 0 0 0 255 255 255 255 255 0 255 0 0 0 255 255 255 0
    255 255 0 39 68 0 255 255 255 255 255 116 255 127 255 146 0 255 140
    255 0 255 0 8 255 255 0 255 0 255 0 0 255 25 219 33 5 255 0 14 0 0 0
    255 0 0 0 0 89 255 255 0 148 0 89 0 255 0 0 255 255 255 255 0 0 0
    255 255 255 0 255 255 41 51 0 206 0 255 255 255 0 255 0 255 0 86 255
    255 0 255 255 255 0 196 0 255 255 255 255 124 0 255 0 255 0 255 0
    102 0 0 255 255 255 255 255 0 251 255 255 255 0 0 167 255 255 0 0 0
    99 194 255 0 0 0 255 255 255 0 0 55 0 255 255 255 3 0 53 255 170 0 0
    25 0 255 0 255 88 170 0 0 172 84 118 255 255 255 0 0 105 120 255 255
    145 255 255 0 255 0 196 0 255 37 0 0 0 255 255 255 255 255 255 0 0 0
    91 255 255 255 74 0 0 0 0 255 116 255 0 0 0 255 0 255 0 108 29 230
    255 28 0 0 255 205 0 255 255 0 0 0 0 255 0 0 0 255 255 0 0 255 221 0
    0 0 0 255 255 255 0 0 25 255 255 7 0 0 197 255 224 255 0 0 0 0 255
    32 0 0 0 255 255 255 223 96 255 188 255 255 255 255 0 234 255 255
    255 255 255 0 111 255 52 0 0 0 150 0 255 0 0 43 0 255 0 0 94 0 255 0
    255 0 255 0 0 0 255 0 0 0 255 104 0 255 255 164 0 113 197 0 0 225
    255 238 0 65 55 222 204 255 92 0 0 21 255 255 0 0 255 0 255 255 255
    0 0 57 0 0 255 33 0 255 255 255 2 255 0 255 71 0 0 120 255 0 0 0 0
    255 255 0 0 169 255 255 255 120 255 154 177 0 255 0 213 0 255 255
    255 120 0 0 139 255 0 0 255 255 255 0 255 0 255 255 255 255 226 0 0
    255 255 255 255 0 255 0 255 255 255 0 0 255 255 252 0 255 234 90 182
    0 0 0 0 255 255 225 0 0 255 233 255 0 255 206 255 255 255 0 200 255
    255 0 255 0 0 30 255 9 0 0 0 255 255 255 0 0 0 0 255 0 255 0 0 0 255
    255 255 11 0 0 149 255 0 0 0 0 186 0 145 0 0 67 0 255 0 255 71 255
    193 239 255 0 255 0 255 0 0 255 255 255 255 0 255 255 255 255 111
    255 255 0 180 255 255 0 0 0 99 0 0 0 0 255 158 7 255 255 255 0 255
    62 0 0 0 255 255 0 0 0 128 255 0 0 57 255 255 0 255 0 255 51 65 181
    255 0 0 0 255 142 255 66 255 0 0 212 0 255 255 255 255 0 3 255 255
    255 0 255 0 62 255 0 205 0 0 0 255 0 0 89 255 255 255 22 0 255 255 0
    0 174 255 108 0 147 255 255 255 152 0 255 0 255 0 255 0 0 0 0 255
    255 255 0 0 0 0 232 255 255 255 52 255 0 255 0 124 255 172 0 255 116
    255 0 255 124 0 0 0 0 255 221 255 255 255 255 127 208 124 104 255
    255 0 255 0 255 0 255 221 255 0 0 135 0 255 103 0 255 255 255 218
    213 0 149 0 255 0 255 255 255 0 102 0 255 255 183 0 255 14 0 195 0 0
    255 255 0 0 255 102 7 199 147 0 0 255 0 255 255 255 130 0 186 0 255
    0 255 0 255 255 255 0 7 0 255 0 255 255 38 255 0 0 0 255 0 89 134 0
    0 0 255 255 10 236 0 0 255 255 0 255 255 240 0 0 0 41 163 255 0 27 0
    255 255 255 0 0 0 232 255 0 0 240 0 0 0 255 76 255 255 107 0 0 255
    255 0 255 0 255 0 0 255 255 0 0 120 255 12 255 255 0 255 93 0 0 62
    61 0 255 185 255 255 0 255 0 255 0 85 0 255 131 255 255 255 0 0 255
    0 255 0 255 0 87 131 135 255 0 0 255 167 255 0 0 0 0 213 255 16 255
    255 0 0 255 255 255 33 0 0 0 255 115 255 255 0 0 255 0 255 222 208
    169 0 116 0 0 0 255 255 0 255 119 0 0 0 255 255 0 255 0 0 34 51 0 0
    0 255 255 8 0 0 255 255 255 106 0 14 255 255 0 7 0 0 255 255 255 0 0
    255 0 255 0 0 255 65 255 255 0 255 0 255 0 255 255 255 255 255 255 0
    115 0 255 0 255 255 205 82 0 235 255 255 255 0 255 0 255 0 255 0 0
    255 188 255 255 107 0 0 0 255 255 1 0 255 255 255 0 0 255 0 101 0
    255 0 255 255 255 0 255 255 255 0 0 255 169 222 0 255 0 0 59 255 255
    171 255 0 255 0 255 255 255 0 0 255 0 255 94 255 0 139 0 124 255 0 0
    255 255 0 0 255 255 0 255 0 0 0 255 255 255 0 255 255 0 3 244 255
    147 57 255 255 255 0 255 0 255 138 152 163 0 0 255 0 255 0 255 0 1
    255 255 255 0 255 0 255 0 255 0 0 0 255 0 255 140 255 0 0 0 0 255
    255 255 119 255 255 0 224 81 255 252 0 0 64 255 50 0 97 0 255 145
    255 149 0 133 105 255 255 255 255 0 0 0 255 246 255 255 0 0 182 255
    255 205 0 0 199 255 255 111 255 255 255 0 255 0 0 0 0 255 255 131
    255 255 73 48 0 255 255 255 175 255 255 0 0 255 255 255 0 0 140 0 0
    0 255 255 0 0 0 255 0 255 255 0 79 0 255 236 0 255 255 255 0 0 255
    255 0 0 202 0 55 0 0 0 0 0 207 255 0 255 0 0 139 255 255 255 0 0 101
    255 0 255 255 255 255 0 127 255 0 0 0 255 0 0 103 74 255 255 255 245
    255 0 255 255 212 255 255 0 255 255 255 255 0 255 0 58 147 255 108 0
    0 255 255 0 255 140 255 0 0 0 255 65 0 0 0 0 255 255 45 0 0 0 255 0
    255 0 255 0 255 0 7 0 255 0 255 0 37 255 0 255 0 0 255 221 255 0 0 0
    255 255 0 0 255 0 255 0 255 0 0 255 0 0 0 54 255 0 255 0 148 0 255 0
    33 0 255 0 0 0 255 255 181 0 169 0 255 38 0 0 255 255 0 255 213 0 0
    0 0 82 255 255 0 0 148 255 0 255 0 255 255 0 0 0 255 0 255 0 255 0
    246 0 255 227 255 255 175 0 232 0 255 239 255 39 0 255 0 255 255 0
    255 255 0 255 198 170 222 0 255 0 255 255 255 255 255 255 0 0 0 216
    0 255 0 255 0 255 255 0 255 0 0 255 0 255 0 255 255 0 255 0 255 0 0
    255 255 0 255 0 255 0 255 255 255 0 255 0 255 255 255 32 33 255 143
    0 0 0 255 122 255 255 8 0 255 0 162 0 0 255 255 255 0 189 88 255 255
    0 255 255 0 0 0 255 0 202 255 255 216 221 255 0 0 38 0 255 0 255 0
    255 255 0 139 0 255 255 255 0 0 196 255 130 91 0 255 196 255 0 0 0
    214 0 255 255 255 255 0 0 255 255 232 0 53 0 255 226 255 255 127 0
    255 255 119 255 0 255 192 0 234 0 0 255 255 193 255 0 255 199 0 0
    255 255 255 0 255 0 255 0 255 255 255 255 255 255 0 0 0 112 197 128
    255 255 255 255 255 255 0 0 0 0 255 255 0 0 255 161 68 0 24 188 255
    0 0 255 0 255 99 135 255 0 0 0 101 255 255 0 0 81 255 45 0 185 255
    255 255 255 217 255 0 0 0 0 0 255 100 255 255 255 0 255 171 255 145
    255 0 255 0 255 255 11 0 255 255 152 0 0 0 0 255 255 150 0 0 255 255
    255 18 5 174 255 0 255 0 255 171 255 0 255 255 255 0 0 0 255 0 41
    255 255 0 0 255 255 255 0 0 0 255 255 0 0 0 255 255 204 190 255 209
    255 181 0 243 0 0 66 255 255 0 0 255 0 0 0 255 0 11 255 0 255 255 0
    0 0 255 0 172 67 227 17 255 98 0 255 37 255 255 153 255 0 255 255
    255 0 0 0 255 0 132 0 237 255 255 0 0 255 255 0 0 255 0 255 0 0 0
    255 0 0 0 204 0 255 255 255 0 0 37 255 255 5 44 0 0 10 255 145 82
    255 255 0 255 255 0 255 0 0 28 255 255 0 0 0 0 0 0 100 0 255 255 0 0
    0 255 255 255 3 255 0 0 255 0 0 0 255 0 255 0 255 0 255 255 0 255
    255 255 255 0 255 0 255 0 255 80 0 118 135 255 255 255 0 0 255 184
    255 0 221 200 255 0 239 202 0 255 255 255 0 0 110 0 0 255 82 255 0
    255 2 255 255 0 253 255 0 255 255 255 0 0 0 255 255 80 255 242 255 0
    0 0 255 0 99 255 255 0 0 255 255 0 0 255 0 0 0 255 255 255 20 215
    255 0 0 0 255 255 0 0 142 0 0 213 255 255 255 255 0 101 0 255 255 0
    0 0 0 255 208 0 219 255 255 0 253 255 255 0 0 11 0 255 255 255 0 0
    255 255 255 246 255 242 0 255 0 255 255 255 0 255 0 0 72 255 255 141
    0 255 255 0 255 255 255 36 33 54 0 2 0 255 0 255 0 255 0 255 0 111 0
    0 0 255 9 255 74 161 0 0 255 23 96 0 222 0 255 0 62 255 0 0 0 0 255
    255 255 0 0 0 255 255 0 0 121 0 0 0 64 0 0 255 255 255 255 255 255
    255 0 255 255 255 153 215 255 0 0 0 255 191 54 0 255 0 255 0 178 0
    255 255 0 0 249 255 67 0 255 255 0 255 255 0 255 0 255 255 255 63 0
    0 255 255 0 255 0 8 0 49 147 255 0 255 0 0 255 0 255 50 255 39 229
    251 68 83 0 0 0 255 0 255 0 255 255 0 255 0 0 0 33 255 86 255 0 0 0
    255 0 0 255 255 0 0 0 255 3 0 0 0 0 255 137 255 0 255 255 0 216 255
    36 0 0 217 1 0 0 255 255 0 30 0 0 255 255 255 31 0 255 95 0 90 0 255
    0 14 134 165 255 0 255 255 178 0 0 199 255 255 40 0 0 0 255 140 255
    0 255 0 255 0 255 0 0 255 0 131 255 255 209 0 0 255 255 0 255 255
    255 0 0 0 255 217 175 255 0 0 255 0 255 255 255 255 0 255 0 0 0 0
    255 255 255 255 128 0 255 255 0 255 255 255 0 255 255 255 0 255 255
    255 20 0 0 0 255 103 255 0 255 255 255 0 255 156 0 0 0 255 255 255
    214 255 7 255 0 188 0 0 0 0 255 255 0 0 68 255 0 135 255 0 167 0 111
    0 19 255 255 0 0 36 255 65 255 0 255 0 255 0 255 0 83 255 0 255 0 73
    248 255 255 0 0 0 255 0 0 255 255 255 0 0 0 0 255 255 34 0 255 0 255
    255 255 0 255 255 0 255 255 255 0 0 95 255 0 255 255 255 0 255 31 0
    255 175 255 0 0 0 255 0 61 84 182 255 255 255 0 0 0 0 255 255 255
    112 255 255 255 255 0 214 255 255 0 0 0 0 255 255 255 0 218 239 255
    255 255 0 255 0 59 0 224 0 255 255 255 0 0 0 255 255 0 245 255 255 0
    0 0 255 81 0 0 255 255 255 0 58 0 255 255 255 0 85 255 255 0 0 255
    255 214 255 115 0 128 0 41 255 255 230 0 255 148 0 46 255 255 255 91
    0 0 255 0 0 0 255 255 255 255 0 0 195 111 0 0 255 0 0 0 0 255 0 255
    0 255 0 255 0 2 255 159 174 0 0 0 249 255 255 0 0 231 0 107 0 255
    255 255 0 36 5 255 0 255 255 255 0 0 255 0 255 0 255 255 173 0 0 0
    31 0 255 0 201 0 115 255 243 0 255 255 255 255 0 255 255 255 0 0 0 0
    0 0 0 0 255 255 0 0 0 255 0 255 255 0 255 255 255 0 246 0 137 0 255
    0 0 0 0 255 255 255 0 255 0 0 123 0 0 255 255 255 0 0 0 186 255 255
    0 13 161 255 0 255 126 0 0 197 255 0 0 0 134 224 255 255 0 0 0 255
    255 255 255 0 255 0 255 255 255 0 0 255 255 111 0 199 255 0 0 227
    162 255 0 0 0 255 255 255 255 174 0 232 0 200 0 255 255 255 0 255
    255 0 0 0 255 255 255 0 255 0 0 0 255 23 0 0 136 163 167 255 0 255 0
    164 255 255 0 0 0 0 170 94 0 0 0 0 255 255 0 0 0 255 184 98 0 38 255
    234 143 0 0 0 255 255 255 255 0 0 0 255 0 255 255 255 0 0 0 255 255
    124 255 62 255 0 146 0 255 0 0 255 255 174 0 180 207 255 167 255 255
    255 0 0 255 255 0 196 0 255 0 255 255 255 214 0 255 0 0 0 0 255 162
    255 0 255 255 255 53 0 68 174 0 0 255 255 255 182 0 0 42 0 0 129 0 0
    0 171 255 255 0 255 255 255 3 0 0 244 255 236 178 255 0 184 255 0
    255 22 255 255 0 255 0 255 204 255 0 0 0 255 248 0 255 255 0 0 0 0
    255 0 255 0 0 255 0 5 96 15 255 0 0 93 0 0 255 0 255 170 32 255 0 0
    0 111 255 190 255 0 196 0 255 149 255 0 255 0 0 255 176 0 0 255 255
    255 0 255 0 76 255 0 0 0 39 255 255 6 255 0 0 0 73 255 255 255 0 0 0
    0 0 255 255 255 255 0 167 178 147 0 194 255 255 255 0 0 0 255 143
    255 76 255 255 180 0 0 153 0 255 0 255 90 255 255 255 0 51 242 255
    255 255 80 146 0 0 0 0 0 255 255 255 0 255 202 255 237 0 255 0 255 0
    154 0 255 255 255 0 0 252 9 0 255 255 0 0 227 0 0 255 138 0 0 0 0 0
    0 255 19 255 70 0 255 0 179 0 0 0 0 0 0 255 255 255 0 0 0 210 255
    192 26 255 0 204 0 255 249 255 0 0 0 255 0 148 0 255 255 119 0 0 0
    255 255 255 0 27 255 255 58 0 192 0 255 181 0 0 255 143 255 255 255
    255 0 0 255 255 0 95 0 11 255 255 183 255 0 255 0 0 0 169 255 255
    255 255 112 255 255 255 141 9 0 0 255 115 0 255 0 255 0 255 0 0 0 0
    255 0 255 255 170 0 0 255 255 46 233 0 255 255 255 0 0 0 166 255 0
    255 255 0 0 0 0 255 27 0 0 15 255 0 255 0 0 0 255 0 255 64 255 255
    37 255 255 255 0 255 0 96 0 0 0 111 255 0 0 255 255 191 0 255 0 0 81
    255 2 0 0 255 255 255 0 255 0 1 0 0 0 255 0 0 42 0 0 213 147 255 131
    0 0 0 255 255 0 0 255 237 120 0 162 0 0 255 0 255 5 255 0 255 255 0
    0 0 255 245 255 0 255 0 222 0 255 0 0 255 71 0 0 223 255 206 10 255
    0 157 0 255 0 255 0 255 54 240 38 239 255 255 255 76 117 214 255 255
    255 0 0 140 255 0 0 0 181 97 0 52 0 0 0 255 255 255 0 0 0 0 250 0
    255 0 0 0 255 255 255 255 255 0 0 0 255 0 0 255 255 0 101 0 255 255
    0 0 255 255 243 255 0 0 255 255 15 152 255 225 192 39 255 0 255 255
    78 0 0 255 0 255 232 255 0 255 14 0 0 7 0 0 0 143 255 255 255 255
    255 0 0 255 255 0 0 61 0 255 0 6 0 255 255 149 0 0 255 0 255 0 255
    255 0 0 197 255 255 255 255 255 93 0 0 0 200 255 0 115 255 0 255 255
    0 0 0 255 255 0 0 83 255 0 105 0 255 0 255 0 42 0 255 255 0 255 255
    255 0 149 0 215 252 255 0 255 0 255 255 255 0 255 255 0 0 0 255 0
    139 200 255 0 255 0 255 255 255 120 0 255 255 255 208 89 47 0 255 0
    255 0 93 0 0 255 255 255 255 255 255 239 255 0 0 255 255 0 255 255
    255 0 255 0 255 0 255 0 255 94 227 0 175 255 48 0 255 255 255 0 0 0
    23 255 255 255 0 0 0 0 0 192 0 186 205 0 255 0 75 255 246 0 0 255 0
    255 255 0 255 0 255 0 255 0 255 255 255 0 80 0 219 255 194 255 0 233
    0 210 0 255 0 179 0 0 0 43 255 255 71 255 255 0 12 255 255 117 255
    123 0 255 45 255 228 255 0 0 0 255 0 255 0 255 115 0 255 0 255 255
    255 0 0 0 10 255 0 0 0 255 255 255 255 0 0 82 0 0 255 178 111 0 0
    255 0 255 1 255 255 39 177 166 255 0 0 255 255 255 255 255 154 0 0 0
    0 0 0 255 255 255 0 255 242 0 67 0 0 0 255 255 255 255 0 255 255 255
    0 0 255 199 255 0 10 255 255 0 255 255 255 96 255 177 255 255 0 50 0
    255 255 0 255 0 255 0 255 150 255 0 0 0 110 161 0 0 0 255 88 255 69
    0 0 10 255 0 255 0 90 0 0 0 255 224 255 255 255 255 0 0 255 255 0 0
    0 153 26 92 0 255 255 255 255 255 0 0 40 255 0 94 255 0 255 84 51
    163 0 75 242 255 0 255 255 255 255 255 255 255 255 0 67 0 180 255 0
    0 169 0 0 0 255 255 255 255 255 0 0 0 255 198 255 84 0 0 255 24 255
    0 0 255 255 255 33 255 0 228 255 255 0 255 255 0 0 0 255 255 0 0 0
    255 255 255 0 0 95 0 144 0 255 0 255 0 255 0 255 255 0 255 0 255 255
    255 0 93 0 0 255 0 255 255 255 255 255 0 255 255 38 84 0 255 255 255
    255 0 0 195 0 235 0 0 255 184 255 95 0 255 0 255 0 0 0 0 255 0 255
    255 255 255 175 255 0 255 255 0 0 0 255 255 255 255 255 255 255 255
    255 173 0 119 0 255 161 0 0 28 255 255 218 201 255 255 0 255 15 255
    88 0 115 255 0 48 0 255 0 0 0 0 0 255 255 255 255 0 255 255 255 255
    0 255 255 222 255 0 255 85 255 255 0 255 255 255 104 255 0 14 255
    255 235 255 255 85 255 225 255 0 255 255 255 255 0 255 0 0 255 255
    53 255 255 0 0 189 255 0 0 4 255 0 255 0 188 0 255 255 255 255 255 0
    0 0 0 255 255 0 0 255 255 0 0 0 255 108 15 255 0 0 0 255 255 255 45
    0 255 204 255 0 255 0 152 0 0 119 0 0 0 255 0 0 0 255 0 255 0 0 169
    0 255 103 255 0 255 0 255 255 0 170 0 255 0 157 204 0 0 0 255 255 0
    0 255 0 0 71 255 255 72 255 0 255 255 255 251 0 0 0 255 30 175 0 255
    0 255 162 230 98 0 255 0 0 148 44 0 227 0 255 0 222 255 0 255 0 193
    255 0 0 0 255 255 183 255 173 0 233 255 255 0 0 0 255 19 0 0 111 0 0
    0 0 0 0 255 0 255 0 255 0 255 211 0 0 0 255 255 102 0 0 255 255 0 0
    0 0 255 255 0 0 0 255 151 255 0 0 255 255 255 255 255 57 255 43 0
    255 63 255 247 209 0 219 255 255 255 0 255 0 0 0 203 255 255 0 0 255
    255 55 0 255 0 0 0 52 147 255 255 255 255 255 255 243 0 0 95 255 0
    60 0 136 71 0 0 0 0 255 254 255 80 115 0 255 0 0 0 255 255 0 0 0 255
    206 255 255 255 0 0 255 255 0 0 255 255 0 0 0 255 255 0 0 255 255
    255 0 255 0 0 0 255 0 255 255 255 0 116 0 117 0 255 255 35 23 255
    255 0 123 0 255 255 0 255 124 57 255 255 0 0 255 255 5 0 255 0 255 0
    0 0 0 255 0 0 255 212 255 255 255 0 255 255 241 255 6 0 247 93 255 0
    255 15 0 255 73 255 0 255 255 188 52 0 0 221 130 112 141 0 255 255
    255 0 0 0 255 255 0 0 199 112 255 255 255 0 255 255 255 255 255 0 0
    121 0 255 0 255 0 255 255 255 0 0 255 255 110 203 0 202 255 255 0
    212 0 255 212 255 0 0 109 0 255 157 222 255 255 0 255 255 0 0 61 0
    63 255 255 0 0 0 255 255 255 0 0 0 0 0 0 255 27 0 0 0 255 255 0 0
    255 210 40 0 171 198 0 255 0 104 255 0 0 68 255 0 0 255 255 0 0 46
    255 255 255 0 199 0 0 216 0 255 0 0 0 0 82 0 255 131 254 255 141 69
    255 0 255 0 255 250 229 0 255 0 0 0 255 255 255 217 255 0 255 0 0 0
    0 133 255 255 0 255 152 0 58 0 255 0 255 255 0 221 0 255 0 0 0 0 255
    0 0 0 0 255 255 255 255 0 0 201 255 0 0 0 219 255 255 89 255 0 26 0
    11 0 165 255 255 70 0 0 0 15 136 255 0 0 155 255 137 255 0 255 255 0
    0 255 83 0 255 72 255 0 0 180 255 255 192 0 255 255 0 0 0 255 14 0
    255 255 126 255 68 255 0 255 0 0 0 255 255 0 234 255 255 0 0 0 255
    255 255 42 0 0 119 255 255 0 255 0 84 0 255 255 0 255 159 255 255
    255 255 255 0 0 0 255 255 255 255 255 0 255 0 94 0 255 255 255 0 35
    0 0 255 0 0 0 255 255 255 0 255 0 0 17 255 255 255 255 0 0 0 138 38
    255 108 255 0 139 0 255 0 0 0 0 255 255 255 255 255 255 0 184 0 94
    189 255 255 0 255 0 255 0 255 0 170 0 255 0 255 25 0 255 0 0 0 255
    255 43 0 0 255 0 0 0 255 255 0 0 255 0 0 0 255 255 0 53 255 255 255
    0 0 234 255 0 0 0 255 0 255 120 255 0 114 255 0 0 20 0 255 0 0 2 255
    49 0 0 255 255 0 0 255 255 255 0 199 255 255 234 3 0 15 0 40 61 57
    123 255 0 0 0 255 0 255 0 255 0 255 0 23 0 255 255 0 0 0 44 255 255
    193 255 255 0 0 255 255 255 146 255 137 255 0 255 255 0 255 0 255
    255 0 211 137 255 13 169 255 255 0 255 0 255 0 255 255 0 0 0 255 191
    92 0 255 255 255 0 0 0 255 86 255 255 5 255 0 255 255 253 0 0 145
    255 255 0 255 153 255 0 0 255 0 28 178 255 255 255 0 255 255 255 255
    0 189 255 255 255 0 255 0 255 255 255 255 0 0 0 255 164 0 255 255
    238 255 255 0 0 255 255 255 0 134 255 0 255 0 0 0 41 122 230 0 255
    255 255 0 0 0 255 157 114 0 0 255 255 0 255 255 255 0 0 0 0 0 255
    255 255 0 255 0 255 0 255 0 0 71 255 0 255 0 255 255 204 80 139 255
    2 0 0 0 255 255 184 0 0 0 255 0 255 0 255 0 3 255 247 33 91 255 0 0
    255 142 189 55 255 0 0 0 0 0 0 112 255 15 0 83 255 0 255 0 255 0 255
    0 0 255 0 255 0 0 0 0 255 0 124 0 255 9 0 255 0 255 0 0 255 0 255 13
    255 255 255 255 0 255 208 255 112 0 39 0 0 255 255 255 255 255 255 0
    0 255 0 234 0 0 0 255 0 76 0 255 255 255 255 255 255 0 0 0 0 0 255
    255 255 0 255 171 255 0 159 176 0 252 27 255 255 0 148 0 255 0 255 0
    255 0 255 0 0 0 255 130 255 255 0 0 0 255 0 0 0 226 230 0 255 0 0 0
    150 255 0 255 255 255 0 0 0 0 255 0 255 0 255 255 255 255 0 255 161
    255 255 0 255 0 255 255 255 255 255 0 0 0 0 121 255 255 159 255 0
    255 0 0 0 255 0 0 0 0 0 173 255 255 0 255 210 255 255 0 255 255 0
    255 0 255 0 255 0 255 132 255 0 255 109 255 255 0 0 255 255 24 0 82
    255 255 0 162 0 0 0 255 255 255 255 255 0 0 255 255 255 111 27 255
    255 255 255 1 244 0 153 255 0 0 28 255 255 255 0 0 255 255 255 0 255
    0 255 0 60 0 255 255 255 0 0 0 49 255 244 63 0 0 0 255 0 0 0 255 255
    255 0 0 0 0 255 255 255 255 255 0 0 0 0 0 0 0 255 255 255 0 255 0
    255 0 91 255 74 253 0 255 105 255 255 0 0 161 99 255 255 0 0 2 255 0
    255 0 0 255 0 11 255 0 0 0 168 255 255 0 255 0 0 0 0 255 125 0 0 0
    210 255 144 39 0 0 255 255 59 0 0 3 255 255 255 39 0 0 0 156 255 0
    255 0 255 0 0 255 255 158 255 0 184 255 0 212 0 0 255 0 0 130 103
    255 255 0 0 0 255 0 255 255 228 255 0 0 0 52 255 0 255 255 0 132 0
    255 180 0 57 255 255 255 0 193 237 255 0 0 0 255 255 255 0 0 255 255
    255 255 0 255 16 255 109 0 13 0 255 255 255 255 255 0 0 0 255 0 255
    206 0 255 184 255 134 0 0 0 255 69 255 255 255 194 0 0 0 255 9 255
    14 155 255 255 255 0 38 0 255 255 85 255 0 0 0 0 234 0 0 0 255 255
    255 0 0 0 0 0 255 255 0 0 89 255 0 210 255 255 255 224 0 103 0 0 255
    255 255 0 0 255 0 255 174 0 0 255 255 88 203 255 71 190 0 0 255 255
    0 0 255 255 255 38 255 45 0 255 255 255 255 0 7 0 255 0 255 0 255
    255 255 0 142 0 255 255 255 255 189 0 155 0 0 191 157 0 0 255 255 0
    0 146 0 0 255 0 255 0 50 255 0 255 188 255 255 0 255 255 0 0 0 255 0
    0 255 255 0 255 0 0 255 255 36 255 0 0 0 0 255 255 0 62 67 255 0 229
    0 255 0 255 0 203 0 0 0 113 0 255 255 209 24 0 157 0 255 255 0 0 255
    0 255 255 0 0 0 255 106 193 255 0 0 84 12 255 0 183 0 255 101 0 0
    219 0 255 187 255 0 0 0 88 255 161 255 209 255 0 255 255 255 0 0 98
    255 255 255 233 255 79 255 0 255 0 255 0 255 0 255 255 255 28 255 0
    255 100 24 255 255 112 0 0 0 0 196 85 255 0 0 133 255 0 0 255 0 234
    0 255 0 255 255 255 0 0 0 0 255 0 149 62 255 255 0 0 0 255 255 255
    255 255 255 0 0 255 255 248 0 0 255 0 255 0 255 255 84 255 0 255 81
    255 34 255 0 0 0 0 255 0 255 255 255 255 255 0 74 0 255 0 255 0 255
    0 0 0 0 255 0 0 0 0 255 255 255 0 137 0 151 255 7 225 255 0 0 0 255
    255 185 255 255 103 255 227 125 255 255 25 255 0 0 0 59 255 39 255 0
    227 255 255 255 0 16 0 0 255 0 88 0 255 255 0 0 255 0 0 0 255 0 255
    0 255 45 255 0 0 0 255 255 255 0 245 214 0 255 0 255 255 255 0 0 0
    255 35 255 255 255 63 255 0 0 0 0 185 255 255 0 255 0 255 255 0 0
    125 255 255 0 0 0 255 27 255 0 255 0 255 0 255 0 255 255 32 255 46
    119 0 255 199 255 0 255 184 17 0 0 255 255 255 255 255 255 0 255 0 0
    0 0 200 255 255 255 183 0 255 255 0 255 255 255 255 177 0 0 0 0 7
    255 255 0 255 14 255 255 255 255 0 47 113 255 0 0 0 255 255 255 0
    187 255 0 255 0 51 0 255 0 0 0 255 255 0 0 0 255 0 0 0 255 0 32 0 0
    227 255 0 0 255 255 0 0 49 0 0 255 0 255 0 232 0 255 255 117 0 53 93
    255 0 0 200 255 0 0 0 255 255 240 0 80 103 255 255 96 255 237 236
    255 255 203 0 179 255 0 138 255 255 25 0 0 0 255 0 255 0 255 0 0 0 9
    255 0 0 255 255 255 0 255 22 255 0 203 255 0 255 0 11 255 255 0 145
    255 145 255 255 0 255 0 152 0 0 210 255 0 255 255 255 16 0 255 1 255
    255 255 255 0 255 0 255 0 255 0 255 87 0 0 255 255 0 0 129 255 255
    189 0 0 120 0 190 255 255 0 0 151 255 0 0 0 213 255 255 255 0 0 0 0
    255 149 0 0 0 255 181 255 255 0 0 48 136 255 0 0 52 0 0 0 0 255 0
    255 0 255 255 176 157 0 0 255 4 255 0 0 0 0 63 255 102 0 0 255 255
    255 255 0 0 0 255 250 138 0 255 0 255 232 255 255 255 0 0 0 159 0
    255 255 193 255 0 0 0 255 255 255 0 0 255 0 232 0 255 255 41 0 204 0
    255 255 0 0 72 0 255 255 255 255 0 0 255 255 255 235 0 0 213 0 255
    255 255 0 12 255 255 255 0 0 0 0 0 255 0 0 255 255 194 0 255 0 0 255
    255 255 201 255 84 255 255 73 255 240 254 255 255 255 0 0 0 255 0 0
    0 0 13 40 255 255 0 127 0 255 109 255 0 83 0 0 0 255 255 255 0 255
    244 255 0 0 0 255 252 255 255 0 0 0 255 179 0 0 255 255 255 0 69 0
    255 0 255 255 0 25 63 0 0 0 0 146 0 145 0 255 0 0 255 255 255 0 0 0
    255 0 152 0 255 255 255 0 0 255 255 255 255 23 0 0 255 0 0 0 255 255
    0 0 0 255 12 0 255 0 0 255 255 255 0 0 0 174 255 255 0 255 170 255
    255 255 255 0 0 255 232 0 0 255 0 255 255 255 0 0 90 241 255 255 187
    255 0 255 0 255 0 41 0 145 255 248 255 242 0 152 255 255 0 0 0 207 0
    255 0 255 43 255 255 0 0 69 0 255 216 255 158 255 0 0 255 255 95 0
    255 255 0 0 0 255 255 255 0 255 255 255 0 124 0 0 255 255 255 255 33
    255 0 255 123 136 0 77 0 0 255 255 255 0 0 255 255 255 255 255 255 0
    0 0 255 255 217 0 255 63 0 255 207 255 0 0 0 255 255 0 0 243 255 0 0
    107 255 182 0 0 0 255 0 255 0 255 78 255 51 255 0 128 255 255 255 0
    18 0 180 0 238 37 125 165 255 0 0 95 255 255 0 255 0 255 0 233 109
    255 255 0 0 0 255 255 141 255 8 111 0 217 0 255 255 106 255 255 0 0
    255 255 255 0 176 86 152 255 0 102 255 255 0 0 0 255 181 184 0 146 0
    0 255 0 255 0 255 0 255 149 142 0 255 0 255 0 255 0 0 230 255 0 197
    0 31 255 63 0 0 255 255 255 255 255 0 0 0 0 109 255 253 196 0 255
    209 0 255 0 0 0 255 81 238 255 0 0 255 6 72 0 148 255 255 0 255 0 0
    255 0 255 255 255 248 255 0 105 0 0 0 255 165 255 0 0 255 255 255
    255 0 255 0 255 0 255 31 0 0 0 255 255 255 0 0 255 0 23 93 255 255 0
    0 0 0 101 0 255 255 255 0 0 0 255 255 255 239 132 0 0 0 255 0 0 255
    91 0 0 255 0 255 225 119 4 234 30 255 0 0 0 255 255 255 255 0 0 255
    107 0 0 255 255 255 34 255 0 184 0 255 0 255 0 255 0 0 0 0 0 255 0
    255 255 0 255 36 245 0 0 209 0 255 0 255 0 0 0 255 255 255 204 0 255
    255 255 0 184 155 0 0 255 255 222 0 255 24 255 0 0 0 0 255 255 255
    30 0 0 255 40 0 0 255 255 255 0 0 255 255 255 255 0 10 0 131 255 16
    255 0 0 255 170 0 255 240 179 89 255 0 0 233 255 0 141 0 0 0 0 255
    255 255 255 255 0 0 255 77 255 0 255 0 255 0 255 255 255 255 255 0 0
    246 255 255 0 0 255 3 255 0 255 28 0 12 0 255 9 255 0 0 156 0 255
    255 255 255 255 255 0 0 229 70 0 0 0 255 255 141 255 234 255 0 255
    255 255 0 255 0 255 255 0 0 70 255 255 255 0 0 0 0 153 0 255 255 255
    0 0 0 136 255 255 0 249 0 255 0 255 255 255 255 255 0 255 0 255 0
    255 0 72 214 0 0 137 0 255 0 255 0 57 0 255 255 255 0 224 0 0 57 116
    255 42 223 255 0 247 0 0 255 255 255 255 255 0 0 0 255 255 255 255
    255 255 0 0 90 255 255 0 0 255 206 0 0 0 0 0 255 0 0 255 255 10 0 0
    255 0 255 0 255 255 255 0 19 136 0 151 255 255 0 0 0 0 216 255 0 255
    0 0 0 255 0 161 18 0 255 255 255 0 0 255 255 0 255 87 0 0 255 255 0
    0 179 0 255 0 255 255 252 0 186 0 255 0 255 186 255 255 0 120 255
    255 255 255 255 0 0 0 255 255 99 187 255 252 255 0 255 0 0 99 255
    255 0 0 91 177 0 255 0 255 255 255 255 0 255 0 255 0 255 0 57 0 0 0
    255 0 255 255 0 0 0 124 255 255 255 43 181 255 255 0 0 0 255 0 255
    255 174 171 255 0 0 0 255 255 255 218 234 0 201 255 255 255 0 255 0
    255 255 255 255 0 0 0 0 0 12 255 255 0 255 0 255 255 0 255 255 255
    255 0 255 0 255 0 0 255 70 255 0 0 0 0 0 0 255 0 255 0 255 0 0 0 255
    91 0 255 0 0 0 223 255 255 255 86 0 0 57 0 0 255 255 255 0 0 255 0
    242 255 246 0 0 234 255 0 0 0 255 255 0 0 255 255 0 0 0 255 205 255
    57 113 0 255 0 255 0 255 11 0 124 96 255 255 0 0 0 0 0 0 0 0 255 255
    0 0 118 255 0 0 255 0 255 0 255 0 255 228 0 68 0 255 209 255 0 255 0
    0 255 255 0 255 0 255 188 255 26 255 0 0 255 12 255 0 155 255 111 0
    0 213 106 255 0 0 0 255 161 0 0 255 0 146 0 30 255 255 255 0 255 0
    255 168 122 162 0 0 255 35 53 148 255 4 253 0 38 255 218 255 0 255
    255 255 0 0 255 255 255 225 0 0 0 0 255 255 255 104 0 0 255 255 0 0
    179 255 255 255 255 0 0 0 0 32 57 0 255 0 255 0 153 133 255 0 255
    243 0 255 34 255 255 0 0 0 255 0 148 0 89 255 0 255 162 0 0 255 0
    182 51 0 255 255 255 0 255 4 228 0 255 207 0 255 0 0 0 0 255 57 23
    144 64 255 255 255 255 255 255 0 0 233 255 196 0 0 0 103 0 255 0 0
    255 0 0 255 0 255 201 0 0 255 255 0 255 0 255 0 0 0 255 255 255 0
    101 0 255 243 0 0 0 255 0 60 0 255 0 0 255 255 0 111 0 255 255 0 0
    255 255 255 0 255 0 255 255 255 0 0 0 0 255 255 47 84 255 255 255 0
    0 255 0 0 0 0 255 83 255 242 0 0 55 36 255 0 0 0 0 255 255 255 255 0
    255 255 0 0 255 255 0 255 17 255 0 255 255 255 255 0 0 0 255 39 0 0
    111 255 0 255 255 255 35 0 216 65 255 0 254 255 156 255 255 255 8
    255 255 0 0 255 255 118 0 0 0 213 255 255 255 0 0 0 255 0 255 33 177
    0 0 0 255 0 0 0 231 255 255 255 255 0 218 158 0 255 255 255 255 255
    0 0 165 0 0 0 0 246 0 255 45 255 0 0 0 0 0 255 0 92 0 0 255 255 0 0
    0 198 255 255 68 194 0 255 255 255 0 255 0 255 255 255 0 255 76 255
    0 0 255 255 255 123 0 255 255 255 165 0 0 255 255 0 0 0 0 0 255 0
    255 0 255 255 255 88 255 0 255 119 255 255 255 0 255 0 198 139 255 0
    197 0 255 255 78 255 90 0 255 255 255 255 0 0 255 0 0 0 255 255 45 0
    255 0 0 78 142 255 255 214 255 0 0 84 255 0 242 0 255 255 76 255 255
    0 144 0 255 0 0 255 255 255 0 0 0 255 255 255 255 140 57 255 77 0 0
    255 0 0 255 73 255 0 0 255 255 0 0 255 255 0 0 0 255 255 255 255 0 0
    0 255 0 255 255 255 255 0 0 0 0 255 181 0 118 255 0 0 0 255 255 0 0
    255 255 0 0 0 255 255 0 255 0 33 255 255 173 0 0 255 0 255 33 255
    255 0 255 255 0 0 198 255 255 0 181 0 0 255 0 255 0 255 0 240 0 255
    255 188 0 0 255 22 255 186 18 255 0 0 255 255 0 0 0 0 255 255 0 239
    255 0 97 0 255 255 255 255 0 0 0 0 255 255 255 255 0 255 0 0 0 255 0
    0 221 255 144 255 0 255 0 255 255 0 0 0 255 0 255 255 255 255 255
    251 0 255 51 255 255 0 255 255 255 255 0 0 0 255 255 255 255 87 48
    255 0 0 0 255 255 255 255 255 0 255 0 51 0 0 0 255 255 255 0 231 255
    0 169 0 255 255 255 0 0 0 0 255 0 6 0 255 0 255 255 0 176 0 255 209
    15 0 255 0 166 134 0 0 255 255 255 0 0 64 0 0 0 0 0 255 255 255 0
    255 255 255 0 0 0 194 255 255 0 255 255 255 0 215 0 0 0 64 255 162
    198 0 0 0 144 0 227 0 0 0 205 151 255 72 3 0 0 255 80 255 0 255 0
    255 253 255 61 0 0 0 255 255 255 255 255 0 255 0 0 0 255 8 255 0 255
    0 0 0 0 255 255 255 0 28 255 255 255 255 255 0 0 26 0 255 0 213 255
    0 255 0 0 255 255 255 0 255 0 255 116 255 255 208 0 0 71 255 68 0 0
    255 255 0 0 255 133 255 0 255 187 255 255 255 0 0 0 255 108 0 255
    255 255 0 0 255 255 0 255 0 0 0 255 255 255 0 0 208 255 0 255 122
    255 0 0 0 255 27 0 255 144 255 0 0 0 255 0 255 255 255 255 0 2 255
    255 255 0 0 0 255 255 0 0 0 0 0 199 255 255 0 0 255 255 255 85 0 255
    0 255 250 255 0 154 0 255 0 255 255 255 0 0 0 158 255 222 0 255 0 26
    0 255 160 255 0 0 255 255 0 240 0 255 0 142 0 0 255 255 255 0 255 0
    0 0 255 197 255 0 255 255 149 0 255 168 255 0 0 255 255 86 0 0 0 148
    0 255 0 255 0 5 255 255 255 146 0 0 0 255 255 255 0 0 0 255 255 255
    0 0 255 0 49 0 92 71 61 0 233 255 88 255 0 0 0 10 255 53 255 255 255
    0 0 255 255 255 0 110 0 0 255 62 255 137 0 0 212 255 0 0 0 255 0 255
    0 238 0 0 255 139 0 255 0 93 255 255 255 0 0 255 0 255 255 130 62 0
    3 255 255 169 87 162 255 255 255 42 0 255 255 255 0 0 255 171 255
    255 0 255 0 0 255 115 255 103 0 255 0 255 220 0 255 255 0 0 118 255
    0 156 255 255 255 0 0 178 0 74 0 255 255 217 0 227 0 255 115 255 136
    0 255 255 0 0 0 255 76 255 65 0 0 183 255 0 0 0 255 255 255 0 0 255
    255 255 0 0 255 0 255 0 0 0 66 0 22 255 255 133 255 0 0 0 114 0 255
    16 255 0 255 18 0 0 0 0 0 255 255 255 0 255 255 116 0 255 225 0 84 0
    255 255 0 0 255 255 255 0 255 31 0 155 0 255 0 241 0 0 0 246 255 0
    255 0 0 0 51 131 84 255 255 13 0 255 255 255 50 255 0 225 0 30 255
    175 68 0 255 255 146 0 255 255 0 123 0 66 105 0 107 23 31 0 0 0 255
    212 83 255 0 85 37 255 255 0 0 255 222 0 255 255 255 250 109 184 255
    0 0 255 255 255 255 164 255 0 0 0 255 255 255 255 0 0 26 222 0 255
    237 255 180 0 255 255 172 129 0 0 71 255 255 195 0 0 255 255 0 255 0
    255 124 255 255 167 0 255 197 232 255 0 0 50 255 0 0 183 255 117 0
    255 0 255 255 5 255 0 195 0 142 0 255 0 208 0 0 0 160 0 241 0 140
    171 255 255 0 0 255 255 255 255 245 0 0 0 255 71 255 0 0 0 105 255
    255 247 30 0 0 77 174 0 0 0 0 255 255 255 0 0 0 151 0 255 0 255 0 0
    0 184 172 255 0 255 35 255 0 0 0 0 20 255 255 78 0 0 255 255 0 0 0
    255 255 154 0 0 84 0 255 232 255 255 0 34 0 152 0 67 185 255 0 0 95
    255 255 255 0 195 0 211 241 255 110 255 0 0 0 0 255 255 19 0 255 255
    255 255 0 23 0 0 0 0 255 255 255 255 255 255 0 255 77 0 0 199 255
    255 255 0 0 0 255 0 0 255 255 35 0 255 255 255 16 104 255 255 0 0
    255 255 255 255 0 255 0 255 0 0 255 255 0 0 0 38 255 255 255 0 255
    229 0 38 166 255 115 0 0 0 0 255 255 0 0 0 0 183 113 255 255 87 93 0
    255 0 0 0 0 255 0 0 255 255 255 0 0 0 255 244 0 188 0 255 255 0 0 0
    255 9 0 28 255 255 0 0 255 255 0 0 0 255 152 207 0 45 0 0 0 127 255
    255 0 255 0 255 0 255 0 255 0 255 0 255 255 9 253 148 255 0 0 255
    141 146 255 108 0 255 0 255 255 255 202 143 39 255 0 0 0 255 0 243
    255 0 175 255 255 144 255 255 234 103 0 0 213 255 255 32 0 0 0 0 0
    255 255 255 225 0 0 0 0 255 255 0 0 255 255 20 0 23 255 0 0 145 255
    255 0 255 255 0 122 0 255 255 28 255 0 67 255 0 255 0 255 0 92 106
    255 255 0 255 255 255 0 0 255 136 230 0 255 255 255 0 0 255 0 255
    255 255 0 0 0 255 0 27 0 255 147 0 0 0 0 255 255 255 255 255 0 46 0
    255 0 0 0 169 255 228 0 255 255 124 255 255 0 62 0 255 0 255 255 255
    0 0 255 255 6 255 0 175 255 0 255 255 255 0 0 0 0 130 255 255 0 0 0
    175 0 222 255 0 255 0 255 0 110 0 255 0 0 159 48 75 255 89 210 255 0
    255 0 255 255 172 255 228 0 0 174 92 0 0 255 255 255 0 151 255 0 0 0
    0 176 255 202 255 236 255 255 0 22 0 255 255 0 255 143 255 0 0 255 0
    0 255 0 0 255 255 0 0 255 0 0 0 0 255 255 0 0 255 187 0 172 0 255 49
    95 0 255 255 255 255 0 0 255 0 255 255 255 255 136 128 0 217 195 255
    138 255 0 0 0 0 255 0 255 255 255 0 0 255 90 255 194 0 63 255 0 0
    255 255 0 72 111 255 255 255 255 255 0 0 0 255 255 117 255 255 255
    133 0 170 0 255 0 131 0 3 70 255 255 92 255 107 255 211 132 0 36 255
    115 255 255 0 255 0 255 0 255 0 255 0 0 3 0 0 255 65 255 0 0 0 255 0
    255 0 0 169 255 0 255 0 0 255 255 255 0 147 15 255 0 255 0 255 0 255
    255 0 35 0 255 0 26 202 255 0 0 47 255 0 255 255 255 197 0 255 255
    255 0 0 255 255 7 0 0 0 0 255 221 122 255 29 0 255 255 255 0 247 0
    255 81 255 38 255 0 255 168 60 0 0 255 255 241 0 255 255 0 255 145
    255 240 49 0 0 255 146 255 0 0 0 255 255 0 0 195 0 255 0 0 255 0 255
    0 255 120 255 0 163 255 255 255 0 255 0 0 241 255 255 0 70 108 255 0
    0 255 255 0 255 217 172 0 255 0 98 0 0 255 0 255 104 0 206 255 0 0
    214 255 255 255 0 154 0 255 151 255 127 245 0 255 255 0 0 255 64 255
    255 255 255 0 0 255 0 255 255 255 0 0 0 255 38 255 0 0 0 255 255 255
    255 174 0 255 0 255 0 255 255 255 0 255 0 255 255 148 0 255 167 0 0
    186 0 255 255 255 255 255 255 0 0 255 255 255 115 0 114 127 255 0
    255 100 255 0 0 0 255 255 255 0 0 255 255 206 0 0 255 255 255 181 0
    0 185 255 0 0 255 255 0 0 0 255 112 255 0 0 255 255 0 166 0 0 255 67
    255 0 255 255 255 0 0 255 100 215 106 255 255 0 0 0 255 255 0 255
    255 255 150 0 0 255 255 0 255 121 246 255 0 255 255 255 0 0 88 0 255
    255 0 87 0 229 255 132 255 0 0 0 255 0 255 0 255 0 255 255 0 0 180
    255 255 0 0 55 255 7 255 0 0 0 168 255 0 255 255 255 255 0 0 0 0 0
    208 0 123 0 16 255 255 0 47 0 0 255 226 255 218 255 0 255 0 255 0
    255 255 255 0 170 0 0 0 131 255 255 0 255 0 255 255 204 0 116 0 255
    255 0 0 255 76 246 0 0 255 0 255 255 255 0 0 0 0 0 80 255 0 115 0 0
    255 255 255 255 214 255 0 255 0 0 255 117 255 192 255 0 0 255 128
    255 0 255 0 0 255 255 0 0 255 255 37 0 255 255 255 255 0 0 157 0 0
    132 105 255 0 0 50 0 255 0 255 0 255 255 0 255 0 255 242 78 20 0 0
    255 34 255 255 215 0 0 252 0 0 255 0 255 0 8 0 255 0 255 225 26 255
    129 0 255 0 255 251 255 50 0 0 0 125 255 255 163 0 0 207 255 255 255
    0 63 0 255 0 255 130 255 255 0 70 0 196 0 0 255 255 255 0 255 0 255
    255 255 0 0 255 0 255 38 255 8 0 0 201 255 255 255 77 255 255 0 0 0
    255 0 0 255 255 255 0 0 0 0 255 0 255 0 0 255 255 255 0 255 0 0 0
    255 255 255 255 0 0 101 255 0 31 255 255 255 22 0 255 255 73 255 0
    255 0 148 207 0 255 121 0 255 109 255 0 0 120 255 255 0 255 0 255 0
    255 0 255 0 255 255 255 255 208 0 0 255 0 255 94 255 0 0 0 46 255 14
    0 0 0 32 255 255 255 0 0 0 85 255 0 255 0 255 0 0 0 255 247 255 255
    57 28 0 0 0 255 255 0 255 255 255 0 0 166 255 255 0 255 255 0 0 0 0
    0 0 0 164 255 255 255 0 0 0 254 255 233 255 255 255 0 0 255 54 128 0
    0 0 255 0 0 0 0 255 255 255 0 43 255 0 0 0 255 106 0 248 255 255 154
    71 0 88 255 255 20 122 0 255 255 255 71 0 88 255 255 124 242 0 79 0
    202 0 0 0 255 0 33 0 149 156 0 255 255 0 0 255 0 0 255 81 38 0 255
    255 255 255 255 134 255 0 97 255 255 255 0 0 255 0 0 255 255 255 245
    125 0 0 0 0 255 0 255 0 0 0 255 255 255 0 255 0 0 0 132 32 255 0 255
    33 255 255 255 0 0 255 250 161 0 0 37 255 255 255 0 0 255 255 255 0
    0 153 0 170 255 114 255 255 0 255 252 255 0 144 111 255 0 0 0 0 255
    0 255 0 255 214 0 0 0 255 255 255 255 0 33 255 255 255 0 0 0 255 223
    255 202 161 254 0 0 44 84 0 255 0 255 255 255 0 0 0 255 255 255 0
    255 218 255 0 0 255 0 255 195 0 0 0 222 22 255 0 0 0 255 255 168 0
    255 0 255 0 0 255 16 164 0 188 0 255 255 255 178 0 255 255 226 34
    255 0 255 0 88 0 255 0 255 0 0 0 255 255 255 233 85 255 0 255 255 1
    0 0 0 255 82 255 0 159 0 217 0 0 0 220 0 218 0 255 0 0 232 0 255 255
    0 0 255 12 255 255 0 0 90 0 255 255 216 0 0 255 165 0 255 255 255
    255 255 133 42 255 0 181 91 255 0 0 0 194 255 255 0 0 0 0 255 255 0
    0 0 0 0 0 80 249 255 255 209 80 236 255 0 170 1 255 255 0 255 255
    255 0 0 255 255 0 255 255 95 255 255 0 0 0 255 0 91 0 0 0 255 238 0
    255 187 255 255 0 0 0 255 255 69 255 0 255 255 244 255 0 241 0 255
    255 109 255 0 255 0 255 255 255 254 255 255 255 0 82 0 0 0 0 0 0 255
    255 255 255 0 0 156 255 171 129 255 64 3 0 255 255 255 0 0 0 255 255
    87 255 255 0 220 0 0 0 0 0 0 255 255 255 0 255 221 0 0 205 255 0 255
    255 255 0 255 0 255 0 0 0 255 0 255 0 255 0 0 114 0 0 187 255 255 83
    255 0 0 0 255 60 255 45 255 0 255 250 255 255 255 255 0 0 255 83 255
    3 172 0 255 255 255 0 255 255 0 255 0 8 0 255 255 255 0 0 0 197 147
    255 15 0 255 0 0 172 0 255 255 255 29 255 229 0 0 0 255 255 255 233
    255 158 0 255 0 255 179 0 0 255 255 0 255 0 255 23 93 0 27 255 255 0
    0 0 255 0 255 95 255 205 0 0 0 0 0 0 255 0 255 0 209 0 255 0 0 0 0
    134 61 0 255 0 0 255 255 0 255 0 255 251 0 0 0 255 81 0 0 255 255 0
    255 0 255 0 0 175 0 255 0 255 0 0 213 203 255 0 255 255 255 167 255
    0 255 0 255 0 161 0 255 0 122 0 255 92 117 91 25 177 0 255 255 255 0
    0 0 0 255 255 255 64 255 0 238 0 144 255 146 255 0 255 34 255 0 255
    121 255 255 0 255 0 194 136 0 22 255 255 0 0 0 255 0 255 0 33 0 255
    255 255 0 255 255 255 0 255 0 255 255 0 146 255 255 0 0 0 0 255 103
    143 0 0 255 0 255 255 0 197 194 255 0 216 255 255 0 0 255 255 0 0 0
    255 0 255 255 255 255 255 255 0 0 0 255 255 255 0 0 0 221 255 231 0
    0 0 255 255 255 161 34 255 216 255 186 0 0 0 0 198 239 255 255 0 141
    0 140 0 255 0 255 255 255 255 255 0 0 0 255 255 255 0 0 0 255 112 0
    198 211 255 95 255 0 0 255 255 0 255 0 255 0 255 255 68 255 0 255 0
    255 255 255 255 0 229 16 171 0 0 255 255 255 255 0 255 0 253 0 255 0
    255 0 0 82 255 253 0 38 206 255 255 255 147 255 255 255 255 0 0 0
    255 255 18 0 0 0 255 156 21 0 255 0 0 239 0 255 255 255 0 99 255 255
    0 0 255 255 180 0 115 0 255 0 255 255 0 0 0 255 59 255 255 0 0 255
    81 0 251 99 255 0 255 0 74 0 255 0 0 207 255 255 0 0 252 255 0 0 54
    255 255 255 255 47 144 0 0 255 162 255 188 255 255 255 0 0 0 0 255
    255 74 255 0 255 246 255 0 0 0 194 255 255 0 0 37 0 255 0 30 0 255 0
    129 0 255 0 255 0 0 0 255 231 0 144 42 164 0 255 0 255 140 0 0 0 255
    0 255 96 255 0 0 0 0 255 255 0 255 0 255 0 255 0 0 255 0 255 0 159
    255 0 90 0 0 255 0 0 0 255 13 255 255 255 0 0 70 255 0 0 0 255 255
    122 22 201 0 255 255 47 196 0 0 174 255 252 255 0 0 255 0 0 255 255
    255 0 0 0 0 210 0 239 246 255 255 0 255 14 255 0 255 0 0 0 255 0 255
    0 255 255 255 255 0 102 0 114 0 255 255 255 255 31 0 0 0 255 0 0 255
    0 255 121 255 0 0 255 255 255 255 255 0 0 0 255 255 41 255 0 255 182
    255 0 0 0 255 89 255 0 255 0 255 0 0 160 57 255 0 23 23 10 255 255 0
    255 0 63 132 0 255 16 255 255 0 142 255 0 254 255 255 255 0 255 0
    255 0 96 0 111 0 255 255 255 255 255 255 255 139 0 12 35 0 102 21
    255 255 0 7 255 0 255 255 255 255 0 255 0 255 136 255 255 255 255 0
    255 0 0 255 255 255 0 0 231 0 255 124 0 255 255 255 35 207 0 255 0
    255 12 255 26 0 0 0 255 255 228 125 0 255 0 0 0 255 0 0 99 0 79 0
    161 255 255 0 54 168 255 255 0 0 0 0 118 255 255 0 255 0 0 0 255 0 0
    110 255 255 255 0 0 0 255 0 0 217 255 0 255 0 0 0 0 0 0 24 0 0 255 0
    0 132 0 91 255 0 247 0 255 255 255 80 67 255 0 3 0 255 235 255 255 0
    0 0 255 255 255 255 0 184 255 0 255 110 255 100 0 255 0 255 255 255
    255 0 255 0 0 0 255 255 255 255 0 255 0 107 0 255 0 255 255 0 0 0
    255 182 221 0 0 0 255 227 0 0 0 255 255 255 255 34 0 25 255 255 255
    0 249 255 120 255 101 255 0 0 0 255 125 0 0 255 177 255 141 255 0
    255 255 0 0 0 255 255 255 0 255 0 255 0 141 0 0 0 0 181 0 0 0 0 0 0
    0 229 0 255 255 108 64 0 0 255 0 0 4 0 255 0 0 70 255 0 255 255 0 0
    0 255 230 0 0 0 255 255 255 255 0 0 255 255 0 0 255 0 255 0 255 255
    255 0 0 0 255 0 151 255 239 0 237 0 140 226 0 255 0 0 0 164 0 254 0
    0 255 255 255 0 0 255 255 68 0 255 255 255 0 0 255 177 237 255 255
    145 255 255 0 255 0 0 185 0 255 0 255 255 0 255 237 255 255 255 255
    255 0 255 255 255 0 0 0 0 255 0 255 172 0 0 0 148 255 31 93 0 0 255
    0 255 255 0 0 0 0 221 0 255 0 255 255 255 0 0 0 126 93 255 0 255 255
    0 0 0 255 255 255 211 255 0 249 0 255 223 255 0 255 83 0 0 0 0 0 0
    255 192 255 0 249 255 255 0 0 0 0 255 255 255 255 255 255 0 55 136
    192 255 255 255 255 132 0 255 255 255 44 0 0 0 0 0 0 255 255 255 255
    0 0 255 255 255 97 0 255 0 255 0 255 255 0 255 0 0 255 0 255 255 130
    255 0 116 0 0 0 225 255 255 255 0 255 255 0 37 255 255 0 0 0 21 255
    255 151 0 255 0 255 255 25 0 201 255 0 0 0 170 0 255 255 255 0 0 0
    255 255 255 200 0 0 255 147 255 112 0 0 5 255 255 255 255 0 255 255
    175 255 255 216 48 55 246 255 255 255 150 164 255 0 255 0 255 10 255
    255 255 93 0 200 255 0 0 0 255 255 255 22 255 243 241 255 255 55 0
    255 0 0 185 0 255 0 255 0 0 255 255 255 255 0 0 0 255 255 255 0 255
    0 255 0 0 0 232 255 108 242 255 0 255 0 255 0 0 0 0 255 250 255 0
    178 0 255 255 255 67 255 0 0 255 255 255 253 255 255 124 135 0 255 0
    0 0 0 0 226 0 0 0 0 255 255 18 0 0 0 143 255 0 0 255 255 11 0 99 255
    0 145 41 183 255 0 0 204 255 255 0 255 237 255 0 233 54 0 255 1 255
    255 0 0 0 0 180 255 219 0 255 0 0 255 83 0 255 209 0 226 255 0 52
    255 0 0 255 175 77 109 255 0 61 0 92 225 0 255 158 0 159 255 255 255
    255 0 16 255 255 0 0 0 255 40 255 114 0 170 255 255 0 0 0 0 255 255
    255 0 179 144 255 0 158 0 0 95 255 255 0 0 0 255 0 0 217 255 0 0 0
    255 139 181 137 255 0 255 0 205 0 109 0 255 0 0 221 255 255 0 0 255
    0 255 0 255 0 240 255 0 255 255 0 255 244 0 0 0 0 0 0 142 0 255 255
    255 0 0 0 255 229 255 255 62 255 0 255 255 255 95 239 0 255 255 255
    0 255 255 255 0 199 255 255 255 255 0 0 255 248 147 0 255 255 255
    255 255 255 0 255 83 255 255 255 188 255 0 153 0 195 255 255 255 0
    255 255 255 0 255 50 255 0 255 0 255 0 255 255 255 255 0 255 122 0 0
    0 255 0 255 0 89 0 0 0 0 196 255 0 255 70 247 255 187 255 0 0 63 255
    255 0 0 255 255 255 0 0 70 0 255 83 255 255 0 255 255 43 152 255 255
    255 0 255 255 255 0 0 0 0 102 0 255 183 0 255 152 0 0 0 0 255 0 0 0
    0 40 255 255 255 0 0 0 218 255 0 0 61 0 0 0 0 0 134 0 0 166 0 0 129
    255 255 255 255 108 255 255 255 0 255 255 59 255 255 255 0 0 178 0
    115 255 255 0 255 255 255 0 255 0 0 192 0 0 255 80 255 255 255 0 255
    0 0 0 0 255 255 187 0 255 0 115 255 0 255 185 255 255 89 0 255 241
    255 212 0 255 255 0 0 0 255 255 211 110 240 255 0 255 0 255 2 255
    255 0 255 10 255 0 0 0 255 255 255 0 0 255 94 0 0 0 0 255 255 0 0
    255 255 255 125 255 255 0 0 255 0 255 0 64 0 0 0 113 255 0 0 0 255
    255 255 0 255 0 171 153 255 90 60 0 255 244 100 255 120 0 0 0 255 2
    0 0 255 209 0 255 255 231 255 0 255 0 255 0 255 73 240 0 58 25 255 0
    203 153 255 255 255 123 0 0 0 0 255 0 0 255 255 255 238 255 255 255
    0 156 0 255 255 255 246 0 0 0 255 255 255 0 0 255 182 255 0 0 0 0
    255 0 0 0 255 0 255 255 255 0 0 255 255 255 0 255 255 0 255 255 0
    255 0 137 0 238 190 0 255 0 0 255 0 0 65 0 255 178 0 0 0 255 0 255
    255 255 0 0 0 0 255 0 255 0 255 0 0 255 255 255 98 0 0 255 0 66 255
    113 0 255 0 59 0 255 255 67 172 0 255 255 0 255 0 255 0 255 0 255 0
    0 0 255 0 255 0 0 0 0 0 255 0 128 0 129 164 0 240 0 23 0 117 90 0 0
    255 0 252 255 0 211 120 255 255 255 255 0 0 255 0 255 0 255 0 255 0
    255 0 255 255 0 0 12 255 0 0 0 96 0 0 0 0 255 255 255 255 0 255 0 0
    255 0 255 47 255 0 0 22 255 255 255 255 0 122 0 14 255 253 0 0 0 255
    172 255 0 0 0 255 255 255 255 0 0 28 0 255 255 0 0 0 107 0 0 138 43
    255 0 0 255 0 255 0 255 255 164 255 255 0 255 14 255 136 78 0 255
    255 255 164 0 0 255 18 255 0 0 0 0 255 0 234 255 0 0 255 0 255 0 255
    0 255 230 0 0 254 43 0 0 255 175 255 0 0 255 0 255 39 0 0 255 255
    193 139 255 0 255 255 125 186 255 0 0 0 0 0 103 255 25 0 83 4 181 0
    0 255 0 255 0 0 0 255 255 255 27 0 255 0 255 114 160 255 0 0 0 255
    255 177 255 0 255 0 255 0 255 0 255 255 255 255 0 255 94 255 0 233 0
    0 143 0 255 255 0 20 0 0 255 0 0 0 0 255 0 255 10 255 0 255 0 255 0
    0 255 255 198 0 0 255 255 176 0 0 255 203 0 255 245 255 255 0 255 0
    116 0 94 255 0 255 0 255 255 255 159 0 0 0 255 0 5 0 0 0 218 255 255
    0 0 0 255 0 0 0 255 129 255 255 48 0 255 255 42 0 0 255 0 0 0 45 133
    255 255 0 1 133 0 255 255 255 0 0 203 23 0 255 255 255 0 0 255 255
    255 0 227 87 255 255 255 0 0 255 0 0 129 141 0 243 255 255 255 255 0
    255 0 0 226 255 255 255 255 31 0 0 255 0 115 255 30 255 0 0 255 98
    255 0 144 48 156 0 184 255 255 255 0 0 205 0 0 255 255 255 71 0 0 0
    255 0 255 0 255 255 210 255 90 117 103 255 2 0 0 0 117 0 255 255 0
    38 7 134 0 0 255 255 252 0 159 115 255 255 255 119 163 204 255 245
    197 0 255 255 255 255 0 0 255 0 255 0 255 0 0 0 0 111 255 255 241
    255 103 34 69 255 255 0 0 0 210 255 255 0 255 255 0 255 0 0 255 255
    32 0 255 0 0 255 255 255 0 0 0 255 255 255 0 0 0 0 255 255 0 0 255
    255 0 0 182 255 177 0 255 58 255 0 0 255 105 255 233 195 0 255 255
    86 0 0 255 70 255 0 142 0 255 0 255 255 154 0 49 255 0 255 255 255 0
    0 255 255 0 0 255 35 109 0 255 255 0 0 219 255 31 0 92 255 255 255
    128 0 11 45 226 113 0 0 75 255 0 0 171 255 255 255 0 0 255 136 0 0
    255 255 64 177 101 0 61 0 43 0 255 0 255 64 255 0 255 0 255 0 255 0
    255 255 255 255 0 255 0 206 0 178 0 255 255 255 0 255 0 0 218 255
    255 0 167 0 205 0 0 0 255 255 255 0 0 0 255 0 255 0 0 255 0 255 255
    255 255 255 255 0 0 172 0 255 0 255 255 255 0 255 0 255 0 255 255 0
    255 0 190 61 0 255 251 255 255 255 153 6 0 0 0 0 0 255 0 255 255 255
    255 0 59 0 255 255 0 244 255 186 19 0 255 0 255 0 0 0 0 193 0 0 0
    205 255 255 215 0 0 0 255 255 255 255 0 0 44 223 0 0 0 255 0 255 255
    255 255 97 0 0 227 243 0 0 255 0 143 8 0 255 0 0 0 110 255 255 255 0
    255 0 255 255 255 0 0 0 0 255 255 0 0 0 0 0 255 0 255 0 255 0 0 225
    0 255 255 255 0 0 0 255 255 255 0 190 0 255 255 255 109 193 255 255
    0 0 243 255 255 255 50 0 0 255 255 0 255 229 172 255 20 255 255 255
    0 0 0 227 100 255 0 35 0 255 255 0 255 0 141 255 255 0 255 255 255 0
    0 0 219 255 0 255 185 255 35 255 17 120 0 0 19 0 255 0 255 0 189 0 0
    55 255 249 255 0 255 255 255 255 255 255 44 196 0 0 255 255 0 0 193
    0 54 255 255 0 0 129 255 0 255 0 34 255 0 0 67 255 0 0 0 255 0 255
    123 255 0 255 255 162 0 0 4 255 0 64 246 255 255 255 0 255 255 19 0
    0 255 0 255 0 17 255 255 255 255 0 130 0 255 0 255 255 255 0 0 255
    255 255 0 0 177 255 0 4 231 255 0 0 0 255 113 84 202 255 0 33 255
    141 0 0 0 255 0 255 255 255 255 0 0 0 0 255 255 0 255 255 245 255 0
    255 0 0 255 255 255 255 255 0 255 0 0 0 255 255 0 255 207 0 0 255
    255 255 118 0 168 0 255 255 255 255 0 255 0 255 0 255 255 255 189 0
    0 0 0 255 113 0 0 60 255 255 82 255 255 0 0 255 0 0 255 255 122 113
    14 255 0 0 0 28 255 158 255 255 255 0 255 0 255 0 6 213 255 255 0 0
    255 0 255 0 255 255 0 104 255 255 0 0 255 0 0 0 102 255 255 0 203 0
    0 31 0 214 243 255 187 255 255 0 0 255 255 255 0 32 255 255 0 227 0
    6 0 0 255 255 75 0 0 0 0 255 255 255 255 201 0 66 0 0 0 117 255 174
    255 0 255 253 0 0 255 13 255 116 0 0 0 255 146 255 0 255 0 45 150 86
    255 0 255 0 255 0 0 0 0 0 255 255 255 255 0 255 140 255 0 0 255 255
    0 0 0 255 107 255 0 0 228 255 179 112 0 255 0 255 0 255 214 137 0
    255 23 255 35 255 69 0 0 0 0 0 255 255 255 255 255 0 255 13 255 0
    255 255 255 0 145 0 171 250 0 255 29 255 0 0 255 207 0 0 0 255 179
    255 0 0 0 0 209 0 89 0 255 255 0 0 73 255 255 255 255 0 0 0 0 255
    255 98 0 255 75 255 0 0 0 42 0 255 0 255 255 255 255 33 198 0 152 0
    86 255 68 0 255 0 0 0 0 31 0 255 158 251 244 140 0 255 104 255 255
    255 0 0 0 24 255 0 11 0 255 255 236 103 0 0 255 255 255 0 234 255
    255 255 0 0 255 200 255 227 255 0 0 255 255 255 0 53 0 255 233 255
    255 255 255 0 103 0 255 255 25 0 255 255 255 0 0 0 255 255 0 0 255
    255 255 0 0 255 0 255 0 255 0 80 125 255 219 0 0 255 255 255 0 0 255
    0 255 255 0 255 0 255 0 0 0 255 255 0 248 0 255 0 255 46 255 0 0 255
    255 0 115 0 255 255 76 0 0 162 0 0 0 255 78 255 0 0 0 146 255 255
    181 255 255 255 0 0 255 28 255 0 46 0 0 0 255 255 161 0 255 0 0 0 0
    255 255 255 255 229 252 0 255 0 0 0 255 0 255 255 0 255 0 255 255
    255 255 255 0 0 255 255 0 0 0 0 109 255 0 178 153 0 255 255 255 255
    0 255 228 0 0 255 255 250 255 0 0 0 0 0 255 26 0 18 0 255 255 0 222
    222 0 255 255 0 255 255 255 0 0 0 255 255 255 0 21 0 255 0 175 255
    210 108 121 140 255 255 255 0 255 255 15 255 0 0 0 255 255 255 0 0 0
    255 0 0 0 255 255 88 0 0 255 255 0 37 0 255 255 255 0 255 214 255 33
    255 255 255 0 255 0 255 0 255 221 0 0 105 255 155 202 0 0 0 255 0
    255 0 126 0 242 255 178 142 0 0 255 255 0 255 0 0 0 0 0 0 0 0 255 0
    255 230 207 0 191 0 0 0 255 80 0 255 255 0 0 255 255 255 0 217 0 255
    255 255 0 225 255 255 0 255 0 0 0 6 255 0 0 0 0 255 194 255 0 0 29
    255 255 0 255 0 255 0 0 96 255 29 0 255 53 0 0 0 255 213 63 0 250 0
    67 255 0 139 0 0 25 0 255 255 72 0 53 255 0 255 0 255 0 255 0 255 0
    255 0 209 255 0 127 148 16 0 0 117 251 255 255 0 0 157 237 160 0 0
    49 47 255 0 255 0 255 255 255 255 0 0 0 255 83 182 0 253 188 61 4
    255 255 0 0 114 0 255 243 0 0 0 0 255 255 0 0 0 0 255 255 164 0 0 0
    5 0 255 255 64 255 0 78 255 0 255 0 0 0 255 255 255 0 255 255 255 0
    0 255 255 255 0 255 255 73 255 34 0 0 0 255 255 0 0 0 255 255 0 0
    255 255 255 0 0 0 255 255 255 0 0 0 255 0 255 255 255 0 255 0 255 0
    0 0 255 0 255 0 255 0 255 0 0 0 0 0 0 255 255 255 0 0 0 0 0 26 255
    255 255 0 0 0 255 84 255 0 0 185 0 255 255 255 255 0 0 255 227 255 0
    255 194 255 233 0 255 0 0 255 252 255 0 255 15 255 255 0 0 255 255
    255 255 255 0 0 0 0 144 0 255 255 0 0 0 0 255 255 0 255 0 86 237 255
    0 0 0 255 0 255 0 255 43 0 0 0 255 255 109 0 0 0 255 111 255 0 255
    255 0 255 180 255 0 255 0 255 255 255 0 255 255 255 123 0 0 116 12
    255 255 0 255 125 0 0 0 0 0 255 0 255 255 0 212 106 0 184 0 0 0 255
    255 255 255 0 255 0 255 0 255 255 164 0 110 255 0 0 175 154 0 255 0
    0 255 255 23 255 0 0 89 255 255 255 239 13 93 0 255 255 255 255 0
    255 0 0 0 255 255 0 255 255 0 0 0 255 243 98 0 109 12 77 0 170 202 0
    0 255 255 199 255 0 120 0 0 52 255 255 162 0 0 255 0 0 255 255 255 0
    0 202 0 255 0 255 47 255 4 255 0 135 0 0 0 255 60 255 0 255 0 141
    255 106 237 0 209 255 255 255 255 214 0 0 0 187 0 255 255 255 0 255
    255 0 0 0 0 255 235 255 61 3 0 255 255 255 0 250 255 234 0 255 201
    255 0 255 0 255 0 0 255 255 0 0 88 208 255 255 255 0 0 255 255 255 0
    249 255 255 0 0 255 255 0 0 255 169 255 104 0 0 0 88 255 255 0 0 255
    41 134 255 0 0 0 255 255 0 255 255 255 255 0 0 95 255 255 0 96 0 255
    255 0 186 0 0 0 227 255 255 255 255 122 0 255 255 0 211 0 255 0 0 0
    0 211 255 255 255 255 158 255 255 255 255 0 255 255 0 9 0 255 255 0
    0 0 255 255 194 0 0 0 0 255 255 255 79 255 255 0 0 31 255 255 255 42
    0 0 98 116 255 139 0 255 0 255 255 255 0 255 0 255 0 255 0 255 255
    255 8 255 0 255 0 0 0 255 0 0 255 0 255 166 0 3 0 255 255 237 255 33
    36 0 0 173 255 255 0 0 218 0 0 0 200 255 255 140 0 0 255 255 255 0 0
    0 255 0 255 255 0 0 0 255 0 255 138 0 255 255 255 0 0 255 255 0 0
    255 65 255 125 255 217 0 0 0 0 0 243 92 255 255 255 0 142 255 0 255
    0 0 0 255 0 255 141 4 255 255 255 0 0 255 253 0 0 247 36 255 169 0 0
    0 255 255 255 0 234 0 255 0 255 255 127 255 0 69 0 154 150 255 152
    255 13 255 0 255 255 255 160 89 114 255 0 255 0 255 12 35 135 255 0
    255 0 183 0 0 63 255 255 255 78 255 0 205 0 0 208 255 255 0 255 116
    255 203 71 0 223 180 255 0 255 255 255 255 0 243 145 255 255 255 0 0
    0 255 255 255 0 255 255 255 0 255 0 255 0 255 0 0 255 0 255 0 255 31
    255 0 0 244 117 255 255 0 0 0 255 255 255 255 0 255 0 0 255 148 255
    255 120 0 0 0 255 0 255 255 0 0 255 131 0 0 255 46 255 0 0 0 255 255
    0 255 0 255 0 255 255 0 0 0 0 0 0 255 0 104 2 0 0 106 255 224 0 0 0
    0 255 255 255 255 0 0 0 255 255 170 0 0 0 0 255 255 255 0 255 89 0 0
    255 0 0 0 255 255 255 0 0 0 255 255 0 255 255 255 0 0 255 0 255 0
    255 0 255 116 3 50 234 255 0 255 0 255 110 255 61 255 255 255 0 255
    0 171 0 149 255 251 255 0 0 0 246 0 64 255 205 0 255 0 255 255 255
    255 255 255 0 0 0 255 0 40 0 157 0 255 255 255 0 255 0 255 222 255
    255 255 0 255 0 0 0 75 255 0 255 255 101 42 0 255 0 250 0 1 0 255
    255 0 0 255 5 6 255 0 217 10 255 255 0 0 0 220 0 0 0 255 98 148 0 0
    255 0 0 0 0 255 16 255 114 0 0 255 0 255 255 255 255 255 0 255 0 143
    0 255 255 151 255 0 255 0 182 0 255 185 215 255 0 0 215 255 255 0
    107 0 48 255 255 54 0 255 255 255 0 255 22 191 0 208 255 255 0 255 0
    0 0 255 176 255 0 0 0 255 0 0 0 0 0 0 0 255 255 255 255 255 0 0 255
    255 217 255 0 252 55 221 255 255 0 0 0 255 237 121 255 0 0 0 255 143
    0 0 0 255 0 255 139 255 255 74 0 0 255 0 0 0 255 0 255 255 255 0 53
    255 0 187 0 89 0 255 141 255 0 0 0 255 114 0 0 0 0 255 23 0 0 255
    255 208 0 0 238 255 156 0 255 70 255 0 255 1 145 255 255 255 0 255
    255 0 0 0 0 255 255 0 0 255 255 255 255 0 0 255 94 255 0 102 0 170
    255 255 255 255 0 0 0 0 255 255 255 0 0 255 255 255 255 255 145 0 0
    17 255 0 255 255 255 0 255 255 255 0 0 2 255 255 255 0 149 0 255 255
    255 0 0 255 255 255 0 110 255 118 14 0 0 0 255 0 0 7 0 255 255 172 6
    74 255 253 0 255 255 0 0 255 255 178 0 0 180 0 0 0 0 255 255 0 255 0
    0 0 255 255 255 0 0 0 255 255 255 0 255 255 255 255 0 32 0 255 191 0
    255 0 255 0 255 0 255 0 255 0 65 0 255 0 0 255 0 63 255 255 255 0
    255 0 84 199 255 255 0 0 255 59 95 0 163 0 255 255 0 0 255 0 0 0 255
    0 0 0 255 205 255 0 0 0 255 255 0 0 252 255 255 255 0 167 255 0 85 0
    0 72 168 255 0 255 0 198 255 115 255 0 46 0 0 151 255 0 255 191 204
    0 14 95 255 138 0 201 255 255 255 255 255 0 255 0 0 0 255 255 0 255
    255 255 0 0 0 255 255 0 255 0 237 255 0 0 0 255 0 255 255 255 0 0 0
    0 0 255 236 255 0 255 0 255 0 185 0 255 255 0 255 0 255 255 0 0 0
    255 255 0 255 0 255 208 160 0 255 0 0 0 255 0 0 0 255 255 255 0 255
    0 255 0 255 255 255 0 0 255 0 204 255 255 255 0 255 219 0 0 160 150
    255 255 255 255 0 255 255 255 0 0 0 0 255 255 0 0 0 0 255 255 0 60
    132 255 255 140 1 0 255 0 255 179 96 255 155 255 0 255 0 255 255 179
    255 255 255 255 255 115 0 255 255 255 0 0 0 255 255 255 0 0 0 0 255
    0 7 0 237 255 0 255 1 142 255 255 0 0 21 19 255 144 255 0 255 69 255
    0 255 0 255 0 0 0 207 255 255 35 255 166 198 0 255 255 94 255 91 185
    0 255 255 255 255 255 0 0 0 0 255 255 0 0 0 0 0 255 255 255 0 0 0
    255 255 255 0 255 255 255 255 0 0 0 175 0 255 255 0 175 0 243 0 163
    15 255 243 0 0 255 0 0 255 255 255 172 0 0 16 13 20 205 0 255 195 0
    0 0 255 253 255 255 143 0 0 241 244 152 255 255 0 7 0 0 14 0 255 0 0
    0 113 255 255 255 255 0 0 255 255 255 0 0 0 255 0 0 0 0 255 255 0 0
    255 0 3 255 255 255 0 255 0 255 0 0 255 255 228 255 132 52 0 0 0 126
    128 255 0 255 255 8 238 0 255 0 255 0 89 255 218 255 255 255 255 110
    0 0 205 255 255 39 0 0 0 255 43 255 0 0 255 255 255 0 0 0 255 219 0
    0 255 255 0 79 0 255 40 244 54 0 0 0 255 0 255 255 0 190 112 255 255
    255 255 255 0 110 0 255 255 0 0 0 255 0 255 38 44 25 0 255 255 0 0 0
    255 255 255 255 255 0 0 0 255 255 0 255 255 255 0 46 0 0 164 255 0
    76 0 0 255 255 255 0 255 165 255 255 0 0 255 0 0 0 0 243 255 0 255
    255 55 0 0 0 255 0 0 244 255 85 255 0 0 181 131 255 255 255 173 0 0
    103 255 0 255 255 255 0 255 13 0 255 57 0 0 0 255 128 0 0 255 255
    255 255 0 251 0 255 0 255 174 0 0 165 255 0 0 0 188 0 255 0 0 23 255
    255 255 255 255 0 71 0 0 155 255 0 8 0 0 0 255 0 215 160 255 255 183
    0 0 0 255 0 0 0 0 255 0 0 0 255 255 0 0 255 255 255 255 0 0 0 255
    255 0 255 0 255 0 0 0 255 35 255 255 0 243 255 255 255 0 0 255 153 0
    0 255 255 255 63 0 232 255 255 0 193 255 255 255 0 255 83 0 0 255
    255 0 0 0 19 88 79 108 0 0 218 255 0 0 23 85 255 0 255 0 255 0 255 0
    255 0 0 0 255 0 0 0 81 0 0 37 255 255 0 0 0 206 0 255 255 0 0 0 0 25
    255 2 255 255 255 0 255 0 255 0 0 241 0 0 255 255 0 129 0 255 68 170
    0 255 0 0 0 172 255 255 255 0 0 40 255 255 75 255 0 255 0 0 255 255
    255 255 0 255 0 255 0 255 0 57 255 221 0 255 0 255 255 255 255 0 255
    0 0 46 255 0 255 0 255 166 0 0 0 255 255 255 0 0 0 255 0 255 0 255 0
    255 0 112 0 114 255 0 255 168 255 255 255 147 0 36 0 0 0 255 255 255
    0 255 0 0 0 0 26 255 255 122 0 0 255 0 0 0 255 255 255 255 0 255 0
    255 0 255 0 255 0 255 255 55 255 255 255 0 0 0 255 0 0 255 255 255 0
    0 132 0 255 0 37 0 25 0 255 255 255 0 255 0 255 0 255 211 255 255
    184 0 0 255 91 255 227 0 0 0 255 255 255 255 0 0 255 255 0 35 99 0
    183 255 255 0 22 0 255 0 53 255 0 255 255 255 203 149 74 0 255 0 0 0
    183 0 255 120 255 80 255 0 255 255 0 0 187 255 25 255 255 255 255
    171 0 255 255 200 0 255 47 116 33 45 255 0 0 255 255 255 134 0 0 255
    0 255 0 255 0 255 196 255 0 0 233 0 231 3 255 224 0 255 223 255 113
    255 0 0 0 0 0 15 255 255 27 137 78 255 255 0 0 0 255 255 0 0 99 255
    0 255 0 255 0 0 0 255 255 169 0 255 0 70 0 255 255 0 0 0 255 255 101
    122 0 0 255 255 255 113 255 0 133 255 45 255 0 255 0 255 0 68 187
    255 231 255 228 0 125 0 255 255 255 0 0 0 0 255 197 255 255 148 77
    255 190 0 0 0 215 161 255 0 255 189 255 0 255 0 149 255 255 0 255 0
    255 255 0 0 0 255 255 0 0 255 0 255 0 255 0 255 255 209 255 0 255 0
    100 0 0 122 0 0 0 255 160 0 255 0 255 0 255 255 255 255 5 0 0 92 255
    0 0 159 255 0 0 203 153 0 0 0 255 255 255 255 0 0 0 0 0 255 255 255
    255 0 17 0 0 254 255 255 91 41 0 0 0 255 235 0 51 0 255 255 0 0 0
    255 162 0 0 0 255 166 255 0 0 0 174 0 0 255 0 255 0 0 85 73 0 255 0
    255 255 81 0 0 0 121 255 255 0 0 0 255 116 0 255 208 255 255 255 0
    48 255 0 255 255 178 0 189 0 0 255 255 0 0 255 255 255 0 0 0 255 0
    114 0 255 0 38 0 0 255 255 96 0 255 255 255 0 0 0 0 255 0 184 0 0 0
    0 0 255 0 255 110 0 0 0 0 185 255 0 0 255 255 118 255 255 255 0 0
    140 255 0 255 255 9 0 255 120 0 255 255 0 0 170 255 0 255 0 255 255
    255 0 0 0 153 255 255 255 0 29 255 255 180 0 255 0 255 255 255 0 0
    255 255 0 0 253 0 255 0 0 129 255 255 0 5 0 203 0 0 255 255 255 0
    255 255 255 255 0 0 255 255 255 0 0 0 112 255 36 0 255 0 0 0 0 163 0
    0 0 195 164 0 0 255 255 255 0 0 0 68 255 0 255 255 255 0 0 255 171
    158 31 255 84 0 186 255 255 0 0 0 255 0 0 255 0 255 0 255 0 255 0
    255 255 0 255 0 230 0 76 0 0 255 17 255 0 255 255 255 255 0 0 0 59
    255 135 255 255 255 255 198 0 0 0 255 255 255 0 35 0 255 0 255 255
    255 255 0 175 255 255 0 255 0 0 0 49 255 255 255 214 255 0 208 32 45
    0 255 255 0 0 0 255 255 213 39 255 255 174 255 255 0 0 0 255 0 0 34
    26 0 255 255 0 255 0 87 255 255 0 0 65 255 255 0 0 0 0 61 0 0 13 0
    166 0 255 135 0 255 0 0 255 0 255 255 0 225 216 0 255 0 0 0 0 0 22
    255 0 73 225 255 255 0 0 255 255 255 0 0 0 255 255 255 0 0 255 255
    255 0 255 246 30 0 133 0 255 0 255 0 255 255 255 0 255 0 89 0 255 29
    255 0 0 0 255 0 154 255 255 255 255 0 0 255 0 255 0 255 0 255 255 1
    0 0 0 255 255 255 0 99 255 255 255 0 0 0 255 255 255 0 0 255 0 0 255
    109 54 0 57 0 179 255 255 124 255 255 0 255 255 255 0 0 125 0 55 73
    146 255 255 0 0 255 255 0 0 255 159 255 255 0 0 255 0 83 0 255 0 0
    255 74 255 0 255 0 255 0 255 255 0 0 0 255 255 106 119 0 0 167 166
    255 0 255 255 255 255 0 4 255 53 0 255 255 255 0 255 255 68 0 0 39
    255 86 0 0 255 0 255 255 255 15 0 255 125 255 0 0 131 0 255 255 0
    255 0 255 0 0 0 255 255 255 0 22 255 0 255 255 255 0 0 0 255 0 235 0
    255 255 255 0 255 255 255 1 163 255 255 0 255 0 255 0 174 255 255 0
    0 255 0 66 15 255 0 0 0 0 255 255 86 26 208 0 0 95 0 0 0 255 255 14
    0 255 36 255 32 15 255 246 255 0 181 0 255 0 0 254 255 255 179 0 39
    7 255 255 255 66 0 0 0 0 0 255 163 210 0 0 185 61 255 255 0 0 255
    255 255 255 212 255 255 0 0 0 131 0 171 0 248 188 0 255 0 255 222
    255 219 0 0 255 255 0 0 0 0 255 0 255 255 255 103 0 0 255 255 224 0
    255 255 255 30 255 174 234 0 113 255 99 180 0 224 0 0 254 76 0 255
    235 58 177 0 255 0 0 129 0 0 255 0 255 255 60 255 255 255 0 218 255
    0 0 160 255 255 82 229 0 76 255 166 187 255 0 0 0 255 255 255 173
    255 255 255 0 255 0 0 0 255 255 0 0 253 255 255 255 0 255 255 255 0
    0 0 255 195 0 0 209 0 255 101 0 253 0 255 0 0 0 255 255 255 0 255 0
    155 124 255 255 0 103 0 255 255 255 0 0 255 0 0 255 0 255 255 0 255
    215 255 26 0 0 0 176 0 0 255 255 255 255 255 255 0 0 255 255 255 0
    67 255 255 93 0 0 255 47 255 5 0 0 0 255 255 255 0 0 255 0 0 255 255
    137 255 0 255 0 103 5 255 152 255 0 255 255 255 158 0 0 0 255 100
    255 255 255 255 0 255 0 0 0 255 255 0 0 255 255 0 255 90 255 189 0 0
    0 255 255 40 0 0 75 160 255 255 19 255 190 0 255 255 255 0 255 0 0 0
    255 255 19 0 0 84 255 255 255 255 255 255 0 0 255 255 255 255 0 0 76
    0 255 0 255 0 255 104 0 0 255 0 255 172 103 0 0 255 0 60 0 82 170
    255 255 58 255 255 0 0 255 0 255 0 255 0 51 0 255 62 255 0 255 0 255
    255 0 255 0 255 0 0 0 222 255 0 255 0 168 0 255 0 0 64 0 255 0 255 0
    255 0 0 255 149 255 255 0 255 255 255 255 0 0 255 0 255 255 255 0
    255 0 0 119 255 0 0 0 0 255 0 255 0 211 255 255 255 0 255 0 255 0 0
    0 255 255 255 255 255 0 255 0 255 255 0 0 0 0 255 0 255 0 210 255
    255 0 255 10 255 0 255 255 255 0 0 255 255 220 255 0 0 0 26 255 0 29
    0 0 255 0 255 0 0 0 255 255 0 251 0 71 32 255 255 0 255 255 82 22 0
    0 255 255 255 0 106 255 255 0 252 255 174 227 236 255 255 255 228 0
    0 255 0 255 74 0 0 10 0 0 255 255 255 110 255 255 2 0 0 2 70 0 0 0 0
    11 255 0 255 0 0 0 255 182 18 0 255 0 255 0 87 0 0 0 0 255 255 255
    255 0 0 0 255 255 255 0 255 255 155 44 0 255 255 255 0 255 59 255 0
    255 0 255 0 0 113 255 255 218 172 255 57 0 0 255 255 255 0 255 0 0 0
    0 255 0 255 0 255 1 0 255 0 0 0 0 229 255 239 47 0 255 35 0 255 52
    255 0 0 255 255 255 255 246 255 255 255 0 0 255 255 255 255 0 184 0
    255 255 0 0 157 6 56 0 0 255 255 255 120 255 207 255 42 0 255 205
    236 0 255 0 255 255 255 0 0 0 255 255 255 0 65 255 255 237 227 0 255
    137 0 152 0 255 0 0 0 255 255 255 0 0 0 0 255 255 0 0 255 255 0 0
    245 0 81 255 0 0 0 0 38 255 255 0 0 0 247 255 159 255 255 255 255 0
    0 97 255 255 255 204 0 0 0 255 0 255 0 255 255 255 255 255 0 0 0 255
    255 0 0 0 255 255 0 255 223 255 255 255 107 255 156 0 255 107 255
    248 255 75 255 255 169 255 0 44 255 255 0 0 0 201 255 255 255 167 0
    0 0 255 75 95 123 0 255 255 255 191 0 0 255 255 0 255 255 255 182
    255 0 0 184 0 0 96 0 0 255 255 255 0 225 0 255 0 193 255 255 0 255 0
    255 0 255 0 255 0 0 0 255 255 255 0 0 0 0 255 166 0 0 255 0 0 255 57
    255 0 0 255 28 255 0 252 243 255 0 255 0 0 0 255 255 255 255 12 0
    255 255 255 56 255 83 0 0 140 255 0 0 255 0 255 255 255 0 0 0 255
    255 58 255 0 0 0 0 0 255 255 0 255 0 255 83 0 255 223 0 0 255 255
    230 0 76 255 255 255 0 0 0 255 0 255 0 206 255 255 173 0 0 0 221 164
    0 0 0 0 227 0 255 148 255 0 0 191 255 255 44 255 255 0 0 0 255 31 0
    0 0 255 0 255 0 242 255 255 159 255 255 255 0 139 0 0 93 255 255 0 0
    255 255 255 0 255 216 0 255 255 255 255 0 255 0 255 255 0 255 0 255
    0 0 255 0 255 255 255 255 0 0 0 2 39 0 255 255 16 182 255 255 255 0
    255 255 0 0 0 255 255 0 255 57 180 0 0 104 255 255 0 248 238 255 138
    255 0 0 0 0 255 0 255 255 157 0 0 255 255 0 0 0 255 255 255 0 0 0 0
    0 0 0 255 255 128 255 255 0 0 0 0 255 0 255 0 255 217 0 255 0 255 42
    125 0 15 255 190 255 0 255 0 255 208 255 63 33 255 0 0 29 255 255 0
    94 0 255 255 87 0 0 158 0 255 167 13 255 99 255 255 255 0 255 255
    255 72 0 255 255 80 0 255 255 0 0 0 143 0 255 255 0 255 0 255 255
    255 0 0 0 255 255 0 0 0 52 255 255 71 0 255 255 255 255 66 255 48 0
    0 0 255 255 255 255 255 0 146 255 255 0 255 135 0 31 229 0 0 255 0 0
    255 255 0 0 255 255 0 211 0 255 0 255 250 255 245 0 166 10 0 255 0 0
    0 0 255 126 255 255 0 0 76 255 255 0 255 0 255 210 255 0 0 255 255
    63 0 0 255 0 255 255 255 235 255 109 255 0 0 97 255 255 255 222 0 0
    0 0 214 0 187 2 255 255 255 255 0 2 11 255 111 0 0 0 58 255 130 0
    255 0 0 0 0 255 0 255 62 255 0 255 0 0 255 255 255 255 70 0 255 222
    255 255 255 0 255 0 0 0 255 255 255 95 0 255 18 255 0 0 0 240 0 61
    63 255 255 0 0 255 255 255 0 0 0 255 255 255 81 0 255 172 255 0 0 0
    0 88 73 95 255 0 0 0 255 255 255 0 0 0 255 255 0 0 83 255 0 255 6
    123 67 255 255 213 0 255 255 0 0 0 255 255 255 201 0 25 0 96 0 0 0
    255 200 255 255 0 0 0 255 0 255 52 0 255 23 0 255 108 0 0 233 0 255
    255 0 255 255 255 0 0 255 255 255 0 0 0 0 140 255 255 255 255 0 255
    0 3 0 232 255 255 0 0 104 255 255 0 0 255 0 255 243 175 0 0 0 255 0
    0 0 255 255 0 0 0 255 21 255 255 255 255 255 0 0 255 0 0 0 0 0 98 0
    255 220 255 0 0 0 255 0 48 0 0 0 255 0 255 255 102 0 255 0 36 0 193
    0 255 255 255 255 0 255 232 0 0 96 255 0 255 255 0 0 0 0 255 0 11
    255 255 0 0 255 255 0 255 0 210 255 0 207 255 255 0 0 250 231 255
    255 180 255 255 244 255 0 0 2 0 255 0 255 0 255 0 92 209 207 0 0 0 0
    255 255 0 0 255 255 0 255 35 0 0 255 255 255 0 255 0 0 225 255 255 0
    163 122 209 0 0 71 255 255 255 0 0 255 255 126 0 255 255 255 0 36
    255 255 0 164 0 0 199 255 255 0 0 0 36 0 255 255 255 255 0 0 0 255 0
    255 177 0 0 255 0 204 0 22 255 255 255 255 255 255 0 0 114 0 255 255
    255 255 0 42 72 255 255 0 0 255 86 40 255 133 0 189 255 255 0 255
    255 255 255 0 0 255 255 0 0 0 255 229 255 0 0 0 255 255 0 255 156
    255 209 7 0 255 0 255 255 255 255 255 0 247 23 255 0 0 0 255 255 0 0
    118 0 0 0 255 255 255 255 255 170 0 0 255 0 0 0 255 64 255 34 255 0
    255 255 255 255 0 0 0 255 0 229 0 255 255 0 0 0 89 51 255 0 0 0 141
    255 255 92 0 255 0 255 0 255 0 0 0 0 237 255 0 0 0 0 255 0 108 255
    255 255 65 135 224 109 0 255 255 32 0 0 0 234 255 255 255 0 255 0 0
    0 0 0 0 255 255 186 0 72 255 0 213 0 0 0 255 255 255 255 184 127 255
    255 255 0 0 255 255 255 255 0 127 0 0 0 69 255 216 255 0 255 0 255
    255 255 87 0 255 255 255 255 0 0 0 255 0 0 255 0 255 0 0 121 255 255
    255 108 255 59 168 0 0 0 144 148 27 255 255 189 0 0 247 0 196 194
    255 0 0 0 140 19 255 19 177 0 0 207 255 170 255 0 20 0 179 0 148 106
    255 255 73 80 163 255 255 255 0 222 255 46 94 255 139 255 0 0 255 0
    255 0 200 0 0 255 255 5 255 0 0 0 58 255 255 0 0 255 255 255 71 0 0
    255 255 255 255 4 58 0 255 0 0 0 52 0 6 107 255 0 0 255 255 67 0 0
    64 0 0 232 255 239 255 255 0 255 0 181 0 0 255 255 0 255 0 136 182
    255 34 255 0 255 92 255 0 0 150 255 107 0 255 43 255 255 0 157 55 0
    0 0 216 0 16 255 0 255 255 0 255 0 0 0 230 255 255 255 255 126 98
    255 0 255 94 0 0 255 255 105 4 136 0 0 5 35 255 223 255 255 0 0 0 0
    0 255 0 0 255 0 255 75 0 175 255 255 0 0 0 49 0 0 0 255 255 255 0 0
    255 0 0 255 141 255 255 0 0 0 255 255 0 255 0 0 0 0 204 255 109 164
    255 0 255 155 196 0 0 0 0 255 255 206 0 128 255 255 0 0 99 255 255 0
    0 0 0 255 240 0 0 0 255 0 255 0 255 0 255 0 242 190 18 255 255 173 0
    255 0 255 255 0 0 0 0 0 80 68 255 255 255 0 165 163 0 0 255 255 0
    150 0 0 162 255 0 78 255 255 0 0 255 255 255 0 51 0 80 78 255 0 255
    255 255 0 0 128 0 0 255 255 0 121 0 255 0 0 232 0 255 0 255 0 98 57
    255 0 255 0 209 255 255 255 0 255 0 60 0 0 255 244 247 151 255 0 255
    249 255 0 255 255 255 0 0 40 255 0 201 24 0 255 255 255 0 255 245
    255 0 0 255 255 174 255 0 255 255 255 0 255 0 0 255 0 0 0 255 0 0
    255 0 173 0 255 255 255 0 241 0 255 0 255 144 0 0 0 0 255 0 255 0
    255 0 0 0 255 0 255 0 0 121 0 255 255 255 200 31 0 255 255 0 0 0 0
    64 0 255 255 255 255 160 0 147 0 0 255 255 163 255 255 35 0 10 211 0
    255 0 0 255 0 0 0 255 255 0 0 0 255 255 0 17 196 255 0 255 0 255 0
    255 255 160 0 71 255 0 130 255 135 0 0 0 255 0 255 0 0 0 0 0 0 255
    255 0 255 68 0 227 255 0 255 255 255 91 0 0 0 255 29 244 255 255 0
    234 255 255 125 136 139 255 0 29 88 0 0 255 0 186 0 255 28 255 0 0 0
    255 255 0 156 0 255 0 255 255 128 255 0 255 255 255 0 0 0 0 255 0
    255 0 255 0 255 0 255 0 0 255 60 255 0 255 0 255 255 255 0 0 0 255
    255 255 138 0 90 0 255 255 255 111 0 0 255 0 0 255 182 255 0 0 255 0
    183 255 255 125 0 0 76 255 0 255 255 255 109 0 255 112 255 0 255 0
    255 161 255 255 0 255 0 255 0 5 0 118 255 255 255 0 114 255 255 0
    211 255 255 255 255 0 80 0 204 0 0 255 0 255 0 255 124 0 0 0 255 0 0
    0 255 0 255 255 255 255 0 0 255 255 255 0 255 0 255 255 0 255 255 0
    0 0 0 255 0 255 82 255 67 125 0 255 255 0 255 0 214 0 252 248 166
    255 41 255 0 0 0 255 0 194 0 15 0 0 0 255 255 42 255 255 255 9 0 0
    255 255 255 0 0 35 255 255 0 0 255 4 46 255 0 255 255 255 0 0 0 143
    255 0 255 0 159 233 255 57 255 0 0 255 255 255 255 23 84 0 0 0 0 0
    255 255 255 0 24 255 255 0 0 0 255 11 255 0 255 0 255 255 0 0 59 0 0
    255 0 46 0 255 255 255 159 44 0 214 0 255 229 255 0 0 169 0 0 0 237
    0 0 0 255 0 255 255 255 0 183 255 197 195 255 255 255 0 255 0 0 255
    255 255 0 0 255 255 30 0 0 28 255 255 11 0 183 91 0 0 255 255 0 0 72
    19 255 109 0 255 195 255 0 255 171 5 0 255 0 255 0 20 255 0 0 235 0
    100 255 171 0 255 236 255 0 0 211 0 94 0 255 255 255 0 255 255 255
    255 255 0 0 0 255 255 98 0 0 255 0 255 250 255 0 0 53 255 0 255 255
    255 255 0 255 37 255 0 255 255 0 0 171 0 255 65 0 0 255 0 255 0 255
    187 0 0 255 0 255 120 255 55 178 120 255 255 255 0 230 39 0 0 255 0
    255 255 91 255 255 172 255 0 83 0 255 231 255 255 206 0 255 0 66 0 0
    255 0 0 0 255 0 255 255 255 248 255 207 0 0 255 255 255 255 255 0 0
    255 0 255 0 211 255 255 0 0 74 255 255 0 255 0 255 23 0 0 0 0 0 255
    255 1 255 0 0 0 255 255 0 255 255 0 255 0 255 0 255 0 92 0 0 0 199
    78 167 255 0 80 213 255 255 255 255 207 191 255 255 255 0 0 255 255
    255 255 255 0 0 0 0 236 255 255 0 255 0 255 255 0 255 14 0 0 0 255
    255 24 255 0 255 204 0 255 255 0 255 255 0 0 0 0 222 95 11 255 255
    24 185 0 255 61 0 0 0 135 255 243 0 0 0 0 255 0 0 255 255 255 0 65 0
    12 255 255 0 255 0 255 0 255 0 0 255 255 0 0 255 255 0 0 0 255 0 255
    29 199 255 255 255 255 205 0 255 255 25 0 0 255 0 255 191 255 0 255
    0 255 0 255 255 0 235 0 255 255 255 0 221 255 0 0 0 255 255 255 255
    0 154 0 255 255 0 255 255 135 175 28 255 255 255 0 79 0 255 255 255
    0 0 255 178 255 0 255 0 255 255 255 0 0 255 255 0 0 255 191 255 255
    255 0 255 0 255 0 177 0 255 0 234 134 186 0 0 0 255 255 255 0 255 0
    0 170 255 255 184 238 0 0 0 255 255 0 0 0 211 27 255 0 0 0 157 255
    190 255 0 0 0 255 0 255 0 255 62 255 0 0 255 255 255 194 255 0 101 0
    0 255 20 255 255 255 68 255 0 0 255 200 255 0 255 0 0 0 0 0 69 0 255
    0 70 0 255 0 183 255 0 0 0 255 255 255 255 255 255 0 255 119 255 0 0
    0 0 255 0 0 0 255 0 0 255 255 0 0 255 255 16 0 255 221 0 9 42 19 255
    0 42 0 0 255 255 0 0 255 255 0 0 0 255 255 255 255 29 0 255 255 255
    0 0 0 104 0 255 0 0 255 43 0 0 255 255 255 0 0 0 255 0 255 0 255 77
    0 0 255 0 0 0 255 255 34 0 255 255 0 0 0 255 0 0 0 0 255 255 255 0
    255 220 255 149 255 4 180 255 0 114 0 0 255 0 52 255 58 174 0 255 10
    255 75 255 0 0 0 0 255 32 255 255 255 0 0 0 255 255 51 0 78 0 189 75
    0 255 0 0 94 0 109 255 41 255 0 255 246 255 0 255 89 0 255 48 255
    198 255 47 255 255 255 0 0 43 255 204 255 113 0 0 0 140 255 255 114
    0 199 0 255 255 0 0 0 12 251 0 0 0 0 255 255 0 0 250 0 0 202 255 0
    255 0 0 255 255 255 0 255 90 0 0 0 255 147 255 255 255 0 255 134 255
    255 255 255 0 251 255 0 255 255 255 0 0 255 0 255 255 204 103 0 0
    255 0 255 0 255 255 255 255 0 30 0 119 255 0 98 214 255 255 0 255
    255 255 0 134 22 255 255 0 255 0 0 255 255 0 204 255 0 0 0 255 255 0
    0 36 0 255 255 255 255 178 0 232 255 221 0 103 31 141 0 58 0 71 0 0
    0 233 32 255 255 163 0 0 0 255 0 255 255 170 255 0 0 0 255 0 255 219
    255 234 255 0 0 0 255 255 255 0 0 0 255 0 0 0 255 255 0 255 0 255
    255 255 255 0 255 127 0 44 0 255 192 255 0 255 164 0 0 136 255 255
    255 255 255 0 0 255 0 0 0 255 0 125 192 255 0 255 0 255 255 255 0
    255 52 255 0 0 255 255 255 255 0 0 0 187 0 0 0 255 0 255 0 255 49
    255 0 0 0 81 255 0 199 0 255 30 255 255 0 255 0 255 0 255 79 255 255
    255 236 0 0 255 0 19 146 0 255 255 0 255 0 0 0 0 255 255 255 0 198 0
    255 162 0 255 0 255 255 255 0 0 0 0 255 255 0 0 0 0 255 255 255 217
    44 0 0 255 0 0 0 255 255 255 0 0 0 255 255 255 255 67 0 0 0 219 255
    255 255 255 255 0 0 4 221 0 0 0 255 0 18 0 255 255 255 79 255 0 255
    255 0 255 255 255 255 49 0 0 127 255 116 14 0 255 44 192 255 255 0
    255 113 129 0 0 255 0 255 229 0 139 0 255 0 255 255 44 255 201 122 0
    255 0 255 0 0 255 23 255 227 114 0 0 0 255 255 255 255 108 0 184 0
    255 0 255 0 255 142 0 255 0 0 0 255 255 0 255 167 0 255 255 138 255
    0 0 0 0 0 255 0 191 255 0 255 32 0 110 0 0 0 0 255 255 255 0 0 0 255
    255 255 0 0 67 255 0 230 255 255 255 0 255 0 0 0 255 176 255 255 0 0
    0 255 142 188 0 0 48 64 255 255 162 15 255 211 255 175 0 255 253 255
    0 255 0 21 255 255 0 255 255 36 0 0 185 255 187 255 0 0 0 0 255 211
    255 130 255 7 0 221 12 255 255 255 0 0 51 255 255 255 0 0 0 255 0 0
    0 0 255 0 0 255 0 90 0 255 255 160 0 0 0 255 51 212 220 255 255 82
    255 0 7 0 89 0 0 0 255 255 255 0 255 0 39 0 0 0 255 4 0 0 0 255 255
    255 255 255 0 255 0 255 255 255 0 0 255 255 154 190 255 54 0 255 192
    255 0 255 0 255 255 0 255 0 0 255 208 247 0 43 0 0 248 255 255 255 0
    123 0 131 244 55 231 99 255 255 0 0 0 239 255 157 62 0 0 211 255 255
    0 0 0 0 255 0 0 87 255 255 150 255 255 0 0 45 255 0 0 21 255 255 0
    255 0 0 0 189 255 255 255 0 0 1 255 255 255 0 0 255 255 255 0 0 255
    0 255 0 0 255 98 255 0 0 0 255 9 255 38 0 0 0 0 0 34 255 55 255 0
    255 157 0 0 0 255 255 0 255 0 255 238 255 0 255 0 0 0 0 255 124 255
    0 150 0 255 0 255 255 255 38 0 0 0 242 255 255 0 0 0 255 255 24 90
    255 255 255 255 0 0 0 119 169 255 0 255 255 255 67 255 25 255 255 0
    255 255 255 255 0 0 139 0 0 0 255 255 255 255 0 0 28 0 255 255 255 0
    0 255 0 116 0 255 0 0 0 255 39 255 255 0 0 255 255 0 255 0 0 0 255 0
    0 104 47 255 31 255 0 0 0 238 0 0 255 255 0 255 0 255 255 0 233 255
    255 0 136 255 255 255 181 255 0 255 0 0 0 255 255 255 255 255 219
    203 255 0 255 0 255 0 0 0 255 255 38 255 0 0 54 210 0 255 74 255 0
    109 255 0 255 0 255 0 0 0 255 255 255 0 255 0 255 0 255 245 255 255
    0 109 0 255 217 255 255 0 110 0 0 0 0 255 255 255 153 255 255 255
    255 0 255 0 255 0 255 40 255 0 225 255 255 32 0 255 0 91 0 255 255
    151 0 0 0 255 255 255 0 255 255 255 255 255 91 0 255 0 97 255 0 0
    255 0 255 0 255 0 255 255 255 0 0 0 255 0 217 0 145 152 255 255 0 0
    0 193 0 110 0 136 228 255 255 255 0 0 255 255 255 0 0 255 255 0 0
    255 255 255 0 0 0 112 255 255 255 255 0 0 255 255 167 0 12 134 0 0
    255 255 0 255 255 0 0 248 0 255 255 255 255 150 0 0 255 255 0 255 0
    255 255 0 0 255 0 0 0 255 255 255 255 172 255 0 0 229 59 255 0 255 0
    255 0 255 0 255 255 255 255 0 0 13 0 167 255 255 255 6 103 0 85 255
    255 255 0 0 255 0 255 12 0 0 255 0 255 0 255 255 0 255 0 255 0 255 0
    255 255 233 255 255 0 249 241 255 255 109 0 255 38 255 0 155 0 255
    255 151 255 0 255 0 0 255 255 255 0 255 255 58 0 0 84 255 255 255
    255 0 0 0 255 255 0 0 255 166 18 255 255 0 0 167 76 0 0 44 255 0 255
    0 255 0 255 0 0 0 0 255 255 255 255 0 0 0 255 0 255 52 255 0 255 0
    255 0 255 255 22 0 93 166 255 0 255 0 195 255 255 0 0 44 255 0 249 0
    255 0 255 169 198 0 33 255 0 255 108 255 255 255 0 50 255 255 255 1
    0 0 0 0 255 255 255 84 0 0 0 7 189 81 255 16 255 255 255 0 255 255
    255 255 0 255 255 255 255 0 0 255 255 0 255 0 0 0 255 255 231 237
    255 0 0 0 54 255 29 185 255 0 0 255 52 0 255 0 255 255 0 0 255 255 0
    0 255 255 255 0 0 0 20 255 0 255 0 255 255 28 0 220 255 255 110 0 0
    255 255 0 255 255 253 142 0 0 231 0 255 92 24 0 138 47 0 255 255 255
    0 0 70 255 255 0 0 255 255 0 255 255 255 0 0 255 149 255 255 0 255 0
    173 255 0 255 46 255 0 0 0 255 149 0 0 255 0 0 0 255 0 255 255 255
    253 0 0 255 255 235 255 0 0 255 255 0 0 0 255 255 255 255 255 61 0
    82 0 255 0 167 122 255 255 0 178 0 255 0 0 255 255 255 255 255 0 0 0
    255 0 0 0 0 254 255 255 255 0 0 204 255 255 255 0 0 255 0 255 0 255
    255 255 255 87 245 0 0 0 255 255 0 0 197 0 255 255 255 0 0 120 255
    255 255 0 255 255 0 0 0 0 255 0 255 121 255 255 255 0 0 0 5 255 32 0
    90 78 0 255 255 255 160 182 0 255 255 255 0 0 0 255 0 0 0 255 184
    255 0 255 255 195 0 33 255 93 0 0 37 244 255 0 0 0 132 255 0 255 240
    159 255 0 255 0 0 0 0 255 136 255 0 255 0 113 255 0 0 109 194 255
    255 255 255 0 31 0 255 255 255 0 255 235 255 0 0 255 0 255 33 255
    255 255 0 255 255 0 0 0 54 255 255 0 255 255 0 0 135 0 255 106 0 255
    25 210 0 212 255 0 0 48 0 0 255 255 0 19 185 0 248 0 255 116 255 255
    255 255 0 255 0 222 0 202 64 255 255 255 0 250 0 255 255 64 29 0 255
    255 56 0 131 217 255 40 0 0 0 1 19 255 255 0 0 0 0 0 0 0 0 69 41 0
    255 255 0 0 255 255 255 249 255 0 58 0 255 15 0 0 255 255 144 0 0 0
    255 0 255 0 255 255 255 140 255 182 255 0 255 255 255 0 0 0 179 255
    0 46 0 0 0 150 0 119 255 255 0 255 32 24 0 81 0 0 255 255 255 0 255
    0 255 0 209 174 255 255 215 0 0 255 135 255 106 255 0 0 0 255 255 0
    255 0 255 0 71 0 0 0 255 255 255 255 0 0 0 255 0 40 0 0 255 0 210
    255 255 0 5 255 255 255 255 255 255 0 0 0 0 255 255 255 0 255 0 255
    0 0 0 255 218 255 0 255 255 0 0 104 63 255 18 255 0 255 255 0 0 0 0
    255 255 255 0 255 15 255 255 255 255 0 0 0 228 255 0 0 255 255 0 0
    255 255 255 0 62 0 255 255 255 0 144 255 255 0 55 255 255 0 28 0 0 0
    255 0 255 0 0 168 255 255 195 255 0 0 239 0 0 255 0 255 255 247 255
    255 60 0 255 169 255 255 0 255 242 255 0 0 160 255 255 255 0 0 0 255
    255 121 255 255 0 0 255 255 255 0 0 0 87 255 255 0 255 0 0 88 255
    169 0 0 0 0 0 166 255 0 255 102 48 0 0 255 0 255 255 255 225 0 255
    255 255 0 255 0 0 255 0 255 0 255 255 0 0 0 255 255 255 0 182 255 0
    0 255 116 255 102 0 227 255 161 0 86 255 255 52 0 255 0 255 255 0 0
    0 0 102 61 255 255 0 0 0 255 255 255 255 121 0 255 255 255 255 185 0
    0 216 143 156 255 101 0 255 211 255 14 0 255 0 255 156 0 255 255 0
    255 255 0 211 255 255 255 0 77 0 69 255 138 255 176 229 19 0 255 0
    255 0 255 0 0 255 0 97 0 255 0 255 21 255 0 0 255 255 7 255 0 255 48
    0 212 255 166 0 75 255 0 59 0 255 255 0 0 0 255 28 255 0 245 255 0
    116 255 149 0 255 0 0 0 223 255 47 255 0 20 0 104 0 255 255 255 255
    0 129 0 0 255 23 0 255 0 0 0 255 137 89 0 177 255 46 0 255 255 0 255
    0 255 41 0 45 255 255 255 0 0 0 0 0 255 0 0 255 0 0 226 0 0 145 255
    204 0 0 255 0 27 0 0 255 255 0 255 0 0 0 0 114 44 255 255 0 255 0
    255 255 147 255 114 255 0 9 97 255 255 255 70 0 33 202 255 81 255 0
    255 0 255 0 38 0 171 81 255 0 255 228 255 255 0 255 0 0 255 255 255
    0 188 0 96 179 255 255 0 255 0 0 255 154 0 255 255 0 255 0 255 110
    88 0 131 255 0 255 0 255 0 110 255 0 105 255 0 0 0 255 255 255 166
    79 0 0 255 255 255 0 255 0 0 0 0 255 124 0 0 0 255 0 46 255 255 255
    255 0 0 0 255 255 255 0 0 255 255 255 255 94 0 255 255 255 255 255 0
    253 62 0 0 255 255 255 0 128 255 191 0 0 255 255 255 75 0 0 0 0 0 0
    255 255 255 158 0 35 0 0 0 255 255 114 255 0 0 255 255 0 0 0 255 255
    43 0 0 0 255 255 255 255 160 255 255 132 0 17 23 169 255 0 13 0 197
    143 255 220 152 255 255 167 0 0 0 90 107 253 255 0 255 0 0 0 0 255
    255 131 0 255 0 255 255 0 0 0 255 193 0 216 0 0 0 0 255 255 255 255
    255 255 255 255 195 18 93 44 0 255 255 255 0 255 255 255 255 0 255
    19 255 0 0 0 255 255 14 45 0 0 0 255 0 60 173 0 0 132 255 255 0 0 0
    120 255 255 0 0 0 255 206 255 255 255 0 0 0 255 255 255 0 249 127
    255 141 63 0 255 0 255 255 255 0 0 255 255 255 255 0 0 0 0 255 255
    255 0 64 255 0 255 0 0 219 0 255 0 255 0 255 0 0 0 5 55 123 0 107 0
    15 255 255 255 255 255 0 0 255 0 255 50 0 0 0 255 255 0 255 255 0 0
    0 189 255 67 0 0 0 255 0 145 0 255 0 0 0 255 0 255 0 255 255 129 0 0
    0 255 33 255 0 209 0 255 116 255 0 0 255 0 0 148 179 255 0 206 0 198
    0 214 0 255 0 0 0 255 255 255 0 72 201 0 255 0 221 0 255 0 255 0 255
    0 0 0 62 198 185 255 255 255 0 0 172 0 0 255 153 0 255 83 0 45 57
    255 0 255 255 255 255 255 0 255 255 255 0 0 255 255 192 255 0 5 255
    159 255 0 0 255 255 16 0 71 255 255 0 172 255 0 0 0 255 255 255 255
    0 0 0 0 255 255 255 0 0 255 255 255 70 255 85 0 206 255 255 255 0
    251 0 255 255 73 151 5 255 0 0 0 199 0 254 255 0 255 255 255 0 0 0
    255 255 0 93 0 255 255 0 148 0 0 255 0 0 0 0 255 255 120 0 0 255 182
    255 0 220 0 78 255 255 255 255 0 255 207 0 190 0 141 121 0 0 255 255
    255 0 0 210 99 234 255 255 0 255 255 0 255 0 0 255 138 0 218 255 133
    0 0 0 0 0 255 0 255 255 0 37 0 0 255 154 255 0 0 0 111 255 0 0 255 0
    255 143 255 0 0 255 255 255 255 0 0 255 0 0 255 255 0 0 255 255 0
    255 255 255 0 0 122 255 255 0 26 255 137 0 0 0 0 0 0 0 255 0 0 0 14
    42 255 0 0 188 0 255 255 152 255 0 0 0 219 255 133 0 255 255 0 255
    158 255 0 171 255 255 217 0 255 255 0 255 0 255 255 255 0 0 0 255 31
    255 255 0 0 255 154 255 0 0 255 255 255 0 0 255 255 0 24 0 0 255 255
    0 10 139 255 0 0 0 255 0 0 255 255 255 97 0 255 135 255 0 255 255
    255 255 0 0 43 0 138 0 207 255 0 250 55 135 0 213 0 255 255 0 255
    255 255 24 255 255 0 93 0 0 255 190 255 0 255 198 255 0 0 46 0 255
    255 46 0 0 1 78 147 255 0 255 0 255 231 255 0 255 0 0 0 0 171 255
    255 0 255 0 0 0 0 66 0 255 255 7 0 0 0 0 47 0 255 255 255 255 0 0 0
    0 8 255 255 253 0 255 255 0 135 0 255 97 0 143 255 255 115 0 255 255
    0 0 0 0 255 178 228 0 69 0 92 41 60 255 4 0 0 255 0 0 0 255 255 255
    255 151 255 180 0 255 31 255 0 0 0 0 237 121 255 255 255 0 85 0 0
    140 0 255 255 53 0 0 75 255 255 255 255 0 255 79 255 0 34 0 255 255
    0 213 0 255 255 255 0 255 203 255 0 45 0 255 0 255 0 255 255 255 0 0
    255 0 255 110 201 0 0 0 224 94 0 104 255 255 255 255 0 0 101 255 255
    255 0 0 255 255 0 178 255 255 33 0 0 255 255 255 0 193 0 44 0 0 0 0
    22 0 255 0 255 216 0 0 0 255 0 0 0 0 0 29 255 255 255 0 255 255 255
    0 0 255 237 255 255 255 255 0 0 255 147 255 255 157 41 0 255 255 255
    0 246 255 255 253 255 195 173 0 199 14 207 255 255 163 0 0 0 255 255
    255 255 0 0 160 0 255 36 0 0 48 255 152 255 255 0 0 47 255 0 25 0 0
    255 255 0 255 0 255 0 255 255 164 25 0 255 255 255 8 255 0 0 255 255
    255 0 70 0 127 0 255 30 255 89 0 0 0 255 255 255 255 0 0 255 255 0
    157 0 237 255 0 255 255 163 108 0 255 51 255 0 214 0 255 255 255 0 0
    255 0 255 255 255 0 0 0 0 255 255 255 0 103 0 255 255 0 18 255 255 0
    0 255 153 0 0 0 255 0 0 255 255 255 1 0 0 255 255 255 46 0 0 0 34
    255 96 0 240 255 255 0 0 0 140 0 255 121 255 255 0 0 255 255 255 0
    255 0 0 255 255 95 255 0 0 0 83 0 56 0 233 0 255 122 0 0 0 173 0 0 0
    255 255 0 0 0 255 255 0 0 255 216 255 255 255 153 255 0 62 0 255 0 0
    255 255 0 0 0 255 230 2 0 0 255 0 255 0 255 255 0 0 255 255 0 0 255
    255 0 0 0 0 0 255 255 255 0 255 0 255 255 67 0 185 255 255 255 0 255
    1 207 255 0 117 255 255 0 255 209 255 197 0 109 0 20 0 255 0 255 255
    178 255 0 0 0 255 255 255 0 255 242 255 255 255 0 6 159 255 255 0 0
    79 255 255 153 255 0 255 151 0 0 0 255 149 9 255 0 255 255 0 0 0 105
    11 0 0 255 255 255 0 255 93 255 0 255 0 255 0 255 150 255 255 121
    255 255 0 255 0 109 174 255 255 0 0 255 255 0 118 255 0 255 187 0 0
    126 255 255 255 0 0 0 0 88 255 255 0 255 0 255 0 0 255 54 238 255
    255 0 0 0 255 0 0 0 255 255 255 0 0 0 0 255 0 255 255 255 0 255 255
    255 0 0 185 255 41 0 255 255 0 0 0 255 0 0 255 0 0 0 255 0 254 0 0 0
    255 255 0 255 0 0 0 113 255 0 0 139 255 255 0 0 146 78 0 114 0 0 255
    255 255 0 255 141 255 255 255 40 0 0 255 255 0 0 0 255 170 0 192 0 0
    0 255 255 0 255 0 255 22 255 255 0 0 0 255 255 0 93 0 255 255 12 0
    215 0 0 255 0 255 0 184 0 159 174 255 208 216 255 0 88 255 0 0 150
    255 147 255 255 0 255 255 255 0 0 0 255 0 0 216 191 0 0 255 0 0 252
    255 255 255 255 255 145 56 0 0 255 29 255 0 55 255 255 255 0 0 0 255
    255 255 0 0 0 255 132 155 255 0 0 0 237 0 255 255 208 225 255 255 0
    0 0 255 116 255 167 255 255 255 255 252 146 128 0 0 255 0 255 0 255
    0 255 0 255 255 255 0 0 0 255 156 0 137 0 255 0 255 255 0 11 0 0 0 0
    236 37 255 232 255 0 255 205 255 245 0 153 255 0 0 0 32 255 0 0 255
    255 0 0 255 255 255 0 255 231 255 0 255 255 255 31 0 255 0 0 0 0 138
    13 0 7 255 90 0 0 255 255 0 0 0 255 255 255 109 181 81 0 255 255 0 0
    0 255 255 0 0 255 255 255 0 0 0 255 255 134 0 0 255 0 255 0 0 32 255
    255 255 0 0 255 255 64 1 0 255 51 0 255 105 255 255 0 0 0 0 255 255
    255 0 204 0 73 5 0 0 255 213 0 0 79 255 0 33 113 255 0 0 0 114 255
    255 0 255 255 179 0 3 255 255 215 255 0 0 255 255 255 0 255 0 0 0
    255 255 255 171 153 0 0 255 0 255 0 255 0 56 37 255 0 255 0 99 0 255
    0 255 82 255 241 0 0 255 0 255 47 0 255 255 255 0 0 255 0 255 204
    255 255 255 255 255 0 0 0 255 255 129 0 0 255 0 0 0 255 170 0 0 255
    255 93 0 255 255 255 255 0 0 0 255 20 255 107 255 0 0 0 255 255 251
    0 255 98 255 0 255 114 0 255 215 255 0 255 77 0 0 255 251 255 242
    255 0 255 255 255 0 0 0 255 255 206 0 84 255 221 0 94 226 0 255 0
    255 137 255 0 255 0 255 255 255 0 255 213 0 23 33 255 255 0 255 0 0
    255 0 255 33 39 0 0 255 235 255 194 255 255 255 255 255 0 255 0 0 0
    255 196 255 0 255 255 255 0 204 255 255 242 0 255 255 0 0 183 255
    123 109 0 0 255 104 90 68 255 255 0 184 0 255 0 0 255 248 120 0 234
    255 0 255 45 0 255 255 12 0 0 78 255 255 0 0 0 40 255 72 98 0 231 0
    255 230 0 0 255 255 0 59 0 58 0 47 255 0 0 255 250 255 0 255 0 0 0
    255 54 244 0 255 0 255 0 74 170 0 134 255 0 255 0 255 0 0 0 0 0 198
    190 255 0 255 255 7 0 255 29 0 92 255 255 0 0 40 255 14 255 0 0 0
    255 0 255 39 255 255 0 0 0 106 224 0 0 0 0 255 230 255 255 255 0 255
    255 255 0 0 0 255 255 244 0 255 0 255 255 0 0 11 255 255 255 0 0 255
    0 255 94 255 0 171 0 0 0 255 255 0 0 0 255 167 255 0 255 255 255 237
    255 255 0 0 233 255 0 0 0 255 255 138 255 215 141 0 0 255 255 255
    255 44 0 0 0 77 0 255 255 0 15 0 255 232 255 194 255 0 255 16 230
    255 255 255 255 0 255 255 241 255 255 0 93 255 0 188 0 0 102 255 0
    255 0 225 255 255 255 0 0 132 0 255 193 0 0 0 186 0 255 255 121 0 82
    0 152 0 0 255 255 0 255 41 255 0 188 255 255 0 255 0 0 34 255 0 0 0
    0 255 255 255 255 255 0 255 0 0 51 255 0 255 0 255 47 255 96 255 255
    43 0 0 0 0 0 0 0 0 0 81 0 0 251 255 255 0 0 0 181 255 255 255 111 0
    255 255 255 255 0 0 255 77 255 0 0 255 255 118 0 180 255 0 165 255 0
    255 255 255 255 255 255 255 0 255 0 169 255 188 0 0 255 0 0 119 255
    6 80 0 255 255 182 0 255 0 0 0 255 0 255 0 255 0 180 0 10 0 35 0 255
    0 255 0 110 0 177 225 255 0 0 0 255 0 0 151 57 255 255 255 0 0 255
    255 0 255 0 255 0 0 0 255 185 255 0 0 0 0 255 0 0 255 255 0 225 255
    255 157 0 0 0 255 34 255 0 0 0 255 255 233 0 255 255 0 0 0 201 255 0
    0 255 255 255 0 255 255 255 0 0 0 0 255 255 255 0 0 0 255 0 121 0 0
    0 0 214 255 255 197 255 222 255 255 0 12 255 0 255 255 0 0 0 83 255
    0 255 0 255 0 255 17 255 255 0 255 255 84 0 255 255 255 0 0 255 255
    0 10 0 255 0 255 0 237 0 255 0 0 0 0 255 255 255 0 255 255 54 0 162
    255 48 255 0 255 91 255 0 255 63 0 0 122 255 136 255 0 255 0 0 63 0
    255 0 255 120 0 255 255 144 0 0 0 255 255 89 255 255 232 0 0 0 0 0
    161 129 255 255 0 255 0 151 196 255 0 0 255 255 255 0 0 50 255 0 0
    95 208 0 11 29 255 133 255 0 10 0 255 0 0 0 255 90 0 0 173 0 125 255
    48 255 0 255 236 0 0 255 255 255 176 255 0 0 0 10 46 131 249 0 0 0
    255 255 216 0 255 255 255 255 0 0 0 255 255 0 8 0 255 255 255 255 0
    255 188 255 0 255 0 255 0 255 0 255 0 0 0 255 255 255 255 255 255
    255 0 238 0 255 154 255 0 255 168 255 0 70 162 5 255 255 255 0 0 0 0
    255 0 255 176 255 255 0 255 255 255 255 0 255 0 255 255 49 255 253 0
    0 107 255 255 95 27 0 255 0 255 84 255 206 0 0 255 255 255 107 0 0
    255 88 255 0 255 0 0 255 0 255 255 255 0 0 0 255 204 255 255 255 0 0
    0 0 0 255 255 255 255 255 0 255 0 255 138 0 0 255 255 0 0 0 255 255
    0 0 255 255 255 38 255 0 0 255 255 255 255 236 255 0 0 0 255 112 0 0
    0 0 229 12 0 255 255 255 198 0 209 0 0 0 255 111 255 0 255 255 255
    255 255 0 255 255 0 255 0 218 0 0 255 0 95 0 0 255 214 0 255 255 0 0
    167 255 3 0 0 255 255 0 255 0 255 255 0 0 0 255 255 0 0 255 0 255 0
    0 0 255 0 0 255 255 201 0 0 0 255 78 56 0 255 0 255 210 0 0 255 255
    108 0 0 255 255 0 0 0 255 255 255 255 64 0 254 0 0 255 189 0 0 145
    255 0 255 255 255 239 98 24 0 255 0 255 255 0 0 0 154 255 255 0 0 0
    255 93 0 255 136 255 2 255 0 0 255 0 255 121 0 255 255 0 0 0 0 255
    255 15 0 0 0 255 76 0 122 144 0 255 255 0 156 0 255 255 255 255 0
    240 255 255 255 0 255 255 255 255 0 0 255 255 255 0 255 0 0 0 61 255
    255 0 178 255 157 0 255 0 255 255 185 0 0 255 255 60 255 234 255 0
    255 0 0 0 0 255 0 0 0 255 73 255 255 0 0 0 255 255 191 255 0 0 134
    255 156 255 255 137 255 255 255 0 0 0 255 29 255 19 0 255 255 0 255
    0 255 0 28 0 255 255 0 27 0 255 0 255 0 0 0 255 0 255 255 0 0 0 255
    255 0 255 0 22 227 0 255 0 126 255 0 255 0 0 0 255 255 0 255 0 255 0
    0 0 255 255 255 0 0 198 255 255 255 198 255 179 255 225 0 207 255 0
    255 0 255 255 191 0 255 229 52 121 255 0 255 0 255 0 255 255 0 0 0
    237 255 0 0 0 153 255 0 255 0 255 0 255 255 255 0 0 255 240 91 255
    255 255 0 0 255 255 255 251 189 0 0 0 255 255 255 0 220 0 255 255
    255 255 0 0 0 255 255 201 110 255 255 0 0 255 246 0 0 0 255 255 255
    0 0 0 255 180 255 255 0 255 0 255 0 0 0 0 0 251 255 255 0 0 0 0 255
    255 255 255 0 114 0 255 190 255 255 0 255 0 255 0 255 41 0 255 0 0
    37 255 0 153 0 0 185 0 255 255 255 0 0 179 0 255 149 255 0 255 96
    255 0 255 0 0 73 0 255 255 255 0 255 255 255 0 0 98 255 0 95 52 156
    0 0 0 255 255 255 0 35 255 255 255 179 0 0 84 0 141 255 200 255 0
    255 0 255 255 154 201 255 255 255 0 0 255 0 255 0 255 0 0 0 255 255
    255 196 0 0 0 0 95 255 0 255 255 0 23 255 255 142 0 255 0 255 37 226
    70 0 241 255 246 255 0 255 255 0 25 247 255 101 0 0 0 255 184 255 89
    11 0 0 0 0 0 118 255 0 84 70 255 0 255 0 255 0 0 255 255 0 0 161 255
    0 0 0 255 255 255 0 255 255 240 0 0 255 255 255 0 0 205 255 0 255 0
    255 0 255 0 0 72 231 25 255 0 0 0 239 29 255 0 0 175 255 61 0 0 255
    255 0 0 0 178 255 255 255 255 255 144 0 0 0 25 0 0 255 0 255 0 0 255
    0 212 0 255 255 0 255 0 187 111 26 255 0 0 255 255 0 131 255 255 0
    146 255 255 255 0 0 0 255 255 238 255 255 0 0 0 255 255 255 0 201
    255 255 255 0 0 0 255 255 0 255 0 0 0 202 114 255 0 112 0 0 255 255
    0 0 75 255 0 255 157 137 115 0 0 0 255 255 132 141 219 255 0 0 0 0
    255 0 214 255 255 135 0 255 255 0 185 186 255 0 85 54 255 0 175 255
    255 129 0 0 222 255 101 187 0 0 0 135 255 255 0 255 99 240 0 0 255
    255 255 0 143 255 255 0 208 255 255 123 0 255 255 255 255 0 91 0 255
    0 72 0 255 0 219 0 255 255 0 0 0 255 255 255 0 255 255 0 0 255 0 165
    0 0 51 0 254 0 255 105 255 0 188 255 255 255 223 255 0 255 255 255 0
    69 0 255 0 0 140 232 251 255 0 105 178 0 255 255 255 0 0 151 255 255
    0 255 255 255 0 0 0 255 8 255 177 0 255 255 232 0 0 255 255 255 0 0
    0 0 255 0 255 0 255 255 0 0 255 41 255 13 0 0 0 255 98 255 255 169
    255 255 0 255 95 255 0 0 255 255 0 0 0 0 255 255 0 0 0 0 0 255 0 0
    255 255 0 0 0 255 255 255 255 255 255 0 0 255 0 255 0 0 0 0 255 255
    119 0 0 0 255 241 255 0 0 0 0 255 255 238 0 0 0 0 255 184 0 0 255
    255 246 0 0 255 255 0 211 255 255 255 0 0 0 45 97 0 7 255 255 255
    255 0 0 255 0 255 255 243 255 0 255 0 241 0 203 0 255 0 255 255 255
    255 0 255 0 255 141 255 0 255 255 0 255 255 0 0 0 133 255 255 255
    255 9 0 0 255 255 255 255 25 255 255 255 255 0 255 21 58 0 0 0 255 5
    226 0 255 255 255 13 0 0 0 255 0 0 255 255 166 0 0 0 255 255 255 0 0
    0 0 255 0 0 77 0 0 255 255 255 0 0 255 255 255 255 60 0 0 255 0 255
    255 0 255 0 12 255 20 0 184 0 255 0 255 0 255 0 244 0 255 0 255 0 45
    82 177 255 255 0 0 255 113 255 0 255 0 146 0 0 35 0 255 0 255 255
    255 255 0 0 0 61 255 255 229 0 0 255 0 0 147 0 255 255 255 0 255 255
    0 0 255 0 0 0 0 255 0 0 0 255 255 255 255 0 154 63 0 0 0 255 255 255
    163 0 0 255 0 255 255 255 0 255 162 235 5 255 0 255 0 255 0 0 0 255
    255 255 0 255 0 255 0 255 0 0 0 189 255 255 0 0 255 255 0 255 0 255
    0 255 0 255 255 255 179 0 0 18 0 0 0 0 255 255 255 125 0 0 149 217 0
    0 0 201 184 0 0 255 0 105 0 255 255 255 7 0 0 129 255 255 255 0 20 0
    255 255 0 30 0 0 0 255 255 183 255 0 255 168 255 255 0 0 0 255 159
    227 255 255 243 0 255 0 0 27 255 69 103 0 255 0 255 255 0 0 0 255 0
    225 0 255 255 255 0 83 255 255 255 0 0 237 255 230 0 255 90 0 255
    255 0 0 0 255 255 255 0 255 0 0 255 0 255 160 255 0 0 255 95 255 255
    255 137 0 255 0 255 224 255 0 0 0 255 0 255 255 255 0 38 255 255 0 0
    0 255 255 130 0 40 168 255 0 255 255 255 0 255 218 255 0 255 0 255 0
    255 255 0 0 215 255 255 255 0 10 0 255 116 0 15 0 255 255 255 0 255
    0 0 115 0 255 255 235 0 0 0 255 255 0 255 0 255 144 255 255 255 255
    0 0 0 0 255 106 185 255 152 0 116 255 255 255 255 255 255 128 255
    143 0 0 255 255 255 255 0 0 0 0 255 255 0 67 255 0 0 255 0 255 0 255
    0 255 0 255 0 0 255 0 255 0 0 255 0 255 0 201 29 0 255 255 255 0 255
    255 255 0 255 0 255 255 255 0 100 0 255 0 255 0 21 0 0 255 0 175 0
    255 0 255 0 0 255 255 0 0 0 255 255 0 0 255 255 255 0 0 255 255 255
    0 255 0 182 255 255 255 61 0 148 0 255 0 16 0 168 255 0 0 255 176 0
    255 0 255 0 81 247 0 255 0 255 255 255 255 0 18 255 255 234 255 97 0
    0 255 255 255 130 26 228 0 0 0 255 0 255 255 255 0 0 81 255 255 0 0
    0 255 219 255 196 0 255 0 255 0 255 0 255 0 0 0 192 0 255 255 255
    255 117 0 61 0 255 0 255 255 255 255 0 0 0 255 255 255 0 0 255 255
    200 255 255 169 255 192 255 0 104 255 0 255 0 255 255 231 255 0 0 0
    0 255 0 255 131 255 0 33 0 255 94 0 0 0 255 0 255 255 255 0 0 255 0
    255 0 255 137 0 0 0 255 255 78 0 0 255 0 129 0 255 255 255 0 0 30 0
    139 255 255 129 0 0 0 0 255 255 0 46 0 255 255 0 0 0 255 255 255 0
    255 0 0 0 0 107 255 255 255 255 0 0 220 0 255 0 178 255 255 0 255
    183 255 0 68 0 0 255 0 0 0 255 255 0 0 255 255 255 0 255 255 241 255
    0 93 0 255 0 255 255 0 0 255 8 255 0 255 0 0 255 2 255 0 255 255 217
    0 223 0 255 5 255 255 255 0 255 84 28 0 255 0 135 0 255 171 0 255 0
    255 0 255 0 0 0 255 255 0 255 255 112 231 0 255 255 108 0 0 0 38 255
    68 0 255 208 178 0 255 255 255 60 0 255 255 61 113 81 3 0 0 125 86
    255 0 255 255 255 0 0 255 0 255 0 255 0 255 0 255 0 255 255 154 0 68
    255 0 0 0 90 255 0 255 255 127 60 110 0 0 255 4 255 255 255 0 0 255
    255 255 0 0 191 255 255 0 255 0 255 255 255 0 0 0 161 0 0 0 255 251
    101 0 255 255 0 0 0 255 233 255 0 0 255 255 0 0 12 255 255 0 0 0 225
    255 255 255 0 0 33 255 0 33 0 0 0 255 0 0 255 255 255 0 255 0 255 0
    255 0 0 255 255 255 0 255 91 0 25 0 255 19 0 0 255 160 255 0 215 27
    58 118 0 0 8 0 0 255 0 255 0 0 0 255 0 46 0 255 255 255 0 0 0 255
    255 47 255 0 255 0 0 225 11 255 0 255 0 51 0 0 255 0 0 0 42 28 255
    171 136 255 0 0 0 255 93 0 184 255 0 0 39 255 233 252 173 0 0 255 1
    255 0 255 255 255 193 0 0 0 0 255 255 0 255 255 187 0 0 255 245 255
    165 255 0 1 255 0 255 255 255 0 59 255 255 0 218 255 255 0 0 255 0
    255 0 0 0 255 255 255 0 0 29 0 255 255 235 3 34 255 0 255 0 255 0 0
    0 81 255 0 0 0 255 0 139 0 255 255 0 0 79 0 255 255 183 0 255 196
    255 0 0 0 0 255 255 0 255 0 106 122 0 0 0 0 217 255 255 0 255 0 255
    255 21 255 0 0 0 255 2 255 0 35 131 0 255 255 118 0 0 255 255 0 0 0
    255 0 247 255 0 255 255 194 0 0 255 0 255 255 255 0 0 0 255 0 255
    219 0 255 0 0 255 167 255 0 0 255 255 255 0 0 44 255 0 255 138 0 0 0
    255 0 255 0 255 0 255 255 0 0 0 255 0 255 0 179 111 0 0 250 35 0 0
    102 255 255 255 0 0 0 255 31 0 255 171 0 255 255 0 69 131 255 0 88
    255 255 46 56 0 255 40 125 255 0 255 0 255 255 255 0 255 41 0 0 0
    165 255 255 43 157 0 255 255 0 0 255 255 255 0 255 255 255 0 0 0 255
    255 255 0 0 0 255 255 0 0 117 0 106 160 255 0 255 0 255 107 135 0
    255 255 0 0 0 255 204 0 0 255 0 255 255 0 255 0 255 252 140 255 0 0
    255 0 0 235 255 255 255 0 0 17 255 155 51 0 255 255 255 81 225 0 255
    255 17 0 0 222 0 216 0 255 255 255 255 0 0 10 189 255 0 0 0 0 131
    255 0 0 0 255 82 0 255 0 255 0 0 0 0 163 255 243 255 131 255 255 0 0
    0 0 226 0 255 255 0 255 0 255 0 0 0 200 255 0 37 148 255 0 255 84
    255 0 38 0 0 0 255 0 128 0 255 135 0 255 0 178 0 88 0 0 255 255 31 0
    255 255 148 255 0 0 255 0 0 0 0 190 0 255 25 255 0 171 255 0 0 114
    64 255 0 0 255 255 255 30 0 217 255 255 255 0 0 120 0 172 246 220
    255 84 255 0 255 224 255 255 255 48 0 0 0 255 101 255 255 250 0 255
    255 255 255 255 53 0 0 0 0 255 0 0 255 0 145 0 0 0 62 0 255 255 56
    166 255 222 0 0 0 255 0 255 0 4 255 255 255 255 255 0 0 211 255 255
    255 34 255 58 255 255 0 171 255 255 0 56 255 245 0 255 255 255 0 255
    255 255 0 255 255 255 0 59 0 44 91 255 0 255 255 142 121 255 123 67
    0 255 255 241 0 0 204 0 233 255 255 70 255 255 0 0 0 255 255 0 105
    81 255 61 255 255 0 0 244 10 0 248 181 0 0 255 0 255 0 255 0 255 255
    255 0 0 255 255 0 0 0 0 127 0 255 255 0 0 0 255 0 0 0 102 255 0 0 11
    255 255 255 255 255 0 255 0 0 78 213 255 0 0 255 208 124 0 0 7 255 0
    0 255 206 0 78 0 255 255 255 0 255 253 0 255 0 255 0 132 0 0 0 255
    255 255 255 255 0 255 0 255 0 255 0 130 0 255 0 255 255 255 0 0 0
    255 0 200 1 0 0 0 255 255 255 255 0 95 255 255 0 255 255 161 0 255 0
    0 0 0 0 255 255 0 255 112 255 97 255 0 150 0 0 255 255 255 255 255
    255 0 0 103 255 0 38 0 0 122 255 86 55 0 101 255 0 255 0 2 132 0 0 0
    255 255 255 0 0 0 255 255 0 111 0 0 255 255 0 0 0 255 55 0 0 255 255
    21 107 255 255 146 209 19 0 162 0 0 0 0 0 255 0 100 0 255 255 94 12
    255 255 255 255 0 0 255 0 255 255 255 0 0 0 0 255 255 0 255 0 0 0
    255 255 255 255 0 146 0 255 17 255 44 75 0 0 175 87 255 255 83 129
    255 255 0 0 255 255 255 255 0 255 0 133 175 0 34 0 255 0 255 255 255
    0 0 231 0 0 0 132 0 28 0 255 255 255 255 0 208 0 255 0 182 0 255 0
    255 0 16 255 255 0 0 0 255 0 255 255 0 255 0 0 0 255 255 3 255 113 0
    0 255 255 0 0 255 255 255 255 255 255 0 255 57 244 127 255 0 55 161
    0 255 0 106 23 255 214 0 255 0 255 0 247 116 0 0 0 0 135 253 255 0 0
    255 255 50 36 255 255 0 0 0 255 0 191 255 0 0 17 255 255 0 92 0 78
    255 255 255 19 0 0 144 0 210 0 255 0 255 255 0 255 0 255 202 255 109
    0 149 0 211 255 255 255 0 0 0 125 255 255 0 0 0 255 0 0 0 245 0 255
    255 255 0 0 0 134 255 255 255 0 65 0 253 255 255 0 0 255 79 0 0 0 81
    0 255 0 0 255 255 255 39 255 0 255 125 255 255 255 255 0 0 0 255 255
    140 20 239 0 255 255 255 255 0 61 0 255 0 255 255 255 0 0 0 255 33
    255 255 0 0 255 255 255 0 255 0 0 255 0 255 0 0 0 0 255 255 255 255
    255 198 255 113 255 255 213 0 0 0 255 224 22 255 255 255 220 0 43 0
    255 0 255 197 255 99 255 229 0 105 255 0 255 0 54 207 0 0 0 154 0
    190 255 96 0 255 255 255 0 255 2 248 255 255 0 255 255 45 0 255 0 0
    0 255 255 255 0 255 255 0 255 255 255 0 128 0 255 255 0 255 0 255
    255 234 0 98 0 255 0 255 0 255 0 156 0 0 255 255 0 158 255 22 159 0
    83 86 255 209 255 0 255 255 255 0 161 255 225 0 4 19 0 0 255 121 171
    0 255 0 0 182 0 255 255 0 176 255 27 0 255 0 255 255 255 0 255 0 255
    40 153 51 15 191 13 255 0 107 38 255 0 255 255 0 0 0 255 0 160 255 0
    53 0 255 0 255 255 137 255 7 0 0 248 104 255 85 255 0 134 0 0 0 0 30
    0 255 6 247 0 255 0 255 255 0 0 0 255 255 0 255 255 0 166 255 0 255
    0 22 0 28 173 255 255 255 0 0 0 255 255 154 0 255 255 255 74 255 255
    119 38 255 255 66 0 0 255 129 0 0 255 255 255 40 0 255 0 255 0 255 0
    0 255 255 255 255 255 0 0 160 255 255 255 255 0 0 0 0 255 103 0 0
    123 255 255 0 0 255 255 255 0 255 0 107 0 0 0 255 141 255 142 0 255
    255 210 0 255 255 255 0 0 0 255 0 0 255 0 255 0 174 0 255 0 255 255
    0 150 0 232 0 255 0 234 0 255 0 80 0 0 0 255 255 255 0 0 0 0 255 255
    48 0 0 255 218 255 0 255 255 255 255 255 255 0 0 255 148 255 0 0 0
    255 255 0 255 255 0 0 255 0 140 161 67 255 255 148 0 213 0 0 0 0 255
    255 255 244 0 10 41 255 0 255 255 255 255 0 0 8 0 255 0 216 0 255
    167 255 0 255 0 255 255 255 0 0 255 0 255 255 0 0 0 255 255 255 255
    53 255 0 255 0 255 72 255 255 106 0 0 0 255 122 255 0 255 255 170
    255 255 255 0 0 211 0 44 0 255 104 255 255 255 255 4 0 0 0 255 107
    255 0 255 0 255 255 255 0 0 102 0 0 255 255 255 0 103 255 255 1 255
    147 0 0 255 45 0 255 0 255 0 69 0 0 0 255 255 255 0 255 0 35 255 0
    255 0 85 255 255 0 0 255 2 255 0 0 255 255 255 0 255 0 255 0 255 0 0
    0 0 46 0 0 255 255 255 255 255 0 175 255 255 0 255 8 255 149 167 255
    255 138 255 0 255 254 255 0 0 11 92 0 255 143 255 0 0 0 176 0 255
    255 0 0 0 0 255 199 201 0 255 51 255 54 255 255 24 0 255 65 93 0 255
    0 255 0 255 0 255 0 255 255 255 246 0 0 0 255 255 147 0 0 255 255
    255 255 255 255 255 0 0 255 255 0 255 0 255 255 0 255 0 76 172 0 255
    255 25 0 0 190 0 9 255 255 255 255 0 0 140 255 255 255 255 0 0 255
    255 255 0 0 0 255 255 255 255 255 255 0 0 116 255 0 87 255 255 93 0
    255 0 0 0 0 0 0 255 255 0 255 97 146 0 255 200 255 255 255 0 255 0 0
    155 255 0 0 91 0 0 0 0 255 255 0 0 255 255 221 0 255 255 0 255 0 7
    24 255 255 0 0 114 0 216 0 255 0 255 153 255 0 0 255 255 255 0 255
    255 255 41 0 0 0 0 162 255 255 0 255 0 46 0 255 27 255 0 255 255 0 0
    0 81 0 255 121 0 1 255 0 255 255 255 0 64 255 0 255 0 0 0 255 255 0
    0 0 107 255 255 0 255 255 255 0 0 17 0 255 0 255 0 255 0 8 255 255 0
    255 0 255 217 255 255 60 255 0 255 0 255 116 59 255 255 255 0 88 255
    167 205 255 0 10 0 52 91 0 255 255 0 0 0 255 135 255 255 255 0 0 255
    255 211 65 0 173 255 255 0 255 0 255 0 73 224 255 0 113 71 255 0 255
    255 215 0 255 255 255 0 255 0 0 255 155 137 255 255 255 255 0 70 0
    255 0 0 255 224 78 255 42 0 255 176 255 255 0 158 255 255 255 0 114
    0 0 243 0 255 79 116 255 255 255 0 0 195 113 255 255 0 0 160 255 255
    32 0 0 255 0 0 0 255 0 32 255 255 131 0 255 228 0 255 255 0 0 0 0
    255 77 0 0 0 0 0 101 119 21 0 0 0 0 255 255 181 255 0 0 254 255 255
    0 62 0 69 255 0 0 122 255 0 255 0 0 0 0 30 163 255 0 135 0 0 0 255
    255 255 255 0 255 156 0 255 104 255 0 0 255 0 255 0 255 255 45 253 0
    0 255 255 255 0 0 255 255 0 222 0 34 255 255 255 255 0 255 0 255 183
    0 173 97 0 0 0 255 255 255 0 250 0 0 255 255 0 255 203 0 0 1 255 255
    255 255 0 0 255 255 118 255 251 255 0 255 255 0 255 153 255 122 255
    87 255 255 0 0 0 255 154 255 0 255 0 255 0 255 255 0 0 255 255 0 0 0
    0 0 255 0 255 0 195 216 0 255 0 0 0 255 39 0 255 0 176 138 255 0 255
    0 175 0 255 0 255 255 249 155 68 255 0 255 183 0 178 12 255 0 0 0 0
    255 255 255 255 0 119 0 0 0 160 255 36 0 141 251 195 70 0 255 0 255
    0 0 255 255 255 0 0 255 0 0 0 255 255 0 119 255 255 3 0 255 255 255
    255 146 0 255 255 0 0 255 255 0 0 255 255 0 0 255 0 95 0 200 255 255
    255 0 208 0 255 9 255 170 0 255 0 255 0 255 0 255 247 255 0 0 0 0
    255 255 0 0 0 255 255 255 191 0 255 0 255 255 0 0 216 255 255 255 0
    255 0 0 255 219 105 255 0 0 0 125 255 255 255 255 35 0 0 255 255 0
    255 255 75 255 255 255 0 0 255 0 50 0 26 63 255 177 255 0 0 255 255
    255 0 0 255 255 0 0 110 255 24 0 0 255 0 0 255 255 255 0 0 255 255
    255 0 255 235 255 255 255 0 0 0 255 3 255 138 255 0 255 255 255 0
    255 218 255 255 0 0 201 255 255 0 132 134 255 0 255 103 255 255 0
    255 175 255 0 255 0 65 0 255 255 255 220 0 0 255 0 78 0 255 255 255
    0 255 255 255 255 0 0 0 255 27 0 0 0 0 255 255 255 255 255 119 0 0 0
    255 255 145 255 0 0 0 255 255 0 0 0 255 255 255 255 0 0 0 0 0 255 0
    255 0 255 0 255 255 255 255 31 0 255 255 255 0 0 0 0 255 0 255 255
    255 0 0 3 0 0 10 0 255 0 0 0 255 255 255 0 0 255 255 255 0 238 0 255
    255 255 226 0 45 255 0 255 0 206 0 240 147 0 39 255 255 255 0 0 126
    0 34 251 255 0 31 255 255 255 0 0 0 255 0 255 255 255 255 0 10 0 255
    255 0 0 0 0 255 182 206 0 0 255 255 255 0 0 86 255 52 255 0 255 0 23
    0 255 255 177 0 255 255 0 0 255 255 255 249 255 0 255 0 255 255 255
    0 255 255 0 0 0 255 255 0 0 72 116 255 255 255 146 0 0 16 0 0 0 0
    255 255 255 0 255 0 255 233 0 69 0 0 0 0 0 0 255 255 255 0 0 255 255
    255 0 255 0 0 0 255 255 0 0 255 0 255 255 0 255 0 19 255 255 107 104
    0 255 0 0 0 255 255 118 1 0 0 255 255 0 0 179 255 0 48 255 0 173 0
    255 0 255 255 255 0 114 255 0 255 0 0 0 255 255 0 0 0 255 255 255
    255 0 255 0 116 146 181 255 0 74 0 255 0 0 255 60 255 0 41 0 255 0
    255 255 0 0 0 79 118 0 33 255 255 255 255 55 0 255 255 121 255 255
    92 0 255 255 0 255 0 169 131 255 255 255 255 255 72 255 121 255 255
    255 0 131 0 0 125 255 255 255 21 0 20 255 255 0 232 255 0 242 63 255
    0 255 102 255 255 180 0 149 255 255 0 0 255 255 0 0 0 0 0 0 0 255
    255 252 44 0 0 60 255 184 68 255 0 255 0 255 0 24 0 185 255 204 0 0
    0 29 0 72 255 0 0 0 249 155 104 157 0 255 37 0 255 64 255 0 255 0
    255 50 0 0 255 200 255 0 0 0 0 255 226 0 0 255 0 59 255 102 0 0 135
    54 255 255 0 73 255 178 0 255 255 0 255 255 255 0 49 52 0 0 255 194
    255 0 0 0 0 255 0 255 0 0 255 255 168 0 0 255 143 255 0 54 134 255
    255 0 234 197 0 255 255 255 0 0 0 0 0 255 0 255 0 130 255 255 255 97
    255 1 0 255 0 255 255 255 168 0 0 0 0 222 189 27 138 89 26 255 255 0
    0 43 117 255 255 255 8 255 0 255 255 255 121 0 150 0 97 255 96 0 0
    218 0 255 97 252 255 255 67 0 57 255 0 20 255 0 0 255 255 255 143 0
    255 0 95 255 255 0 188 0 255 0 0 0 255 140 0 255 0 0 0 255 143 255 0
    255 255 0 6 0 0 255 255 255 0 239 20 250 255 0 255 0 0 0 255 74 255
    0 198 0 255 164 0 240 0 152 12 0 0 255 0 255 255 0 255 255 48 255 0
    0 0 255 161 0 149 255 0 255 0 88 0 0 0 0 0 255 255 0 16 215 62 255 0
    255 199 255 143 51 71 111 0 0 0 255 255 255 255 0 255 255 0 0 255
    255 210 0 255 65 255 0 68 0 0 0 255 0 0 0 109 138 255 0 0 255 181
    255 255 0 0 0 135 165 114 255 0 191 104 255 255 255 0 0 0 0 255 0 0
    0 120 0 0 255 255 0 81 255 255 108 165 0 255 0 255 53 0 0 255 149
    165 0 0 0 0 255 0 208 255 97 255 0 255 0 169 0 118 255 0 255 83 57
    255 255 247 0 0 0 0 255 255 52 158 0 0 255 0 0 0 255 0 0 44 255 255
    220 255 72 255 0 255 0 32 0 0 0 46 255 107 255 0 0 255 255 255 0 0 0
    255 0 197 255 0 230 0 255 18 255 255 255 255 0 185 2 0 255 255 215
    255 0 255 0 255 0 141 0 255 255 255 0 255 235 255 0 0 0 255 122 255
    0 0 107 0 255 0 255 0 0 0 255 0 255 0 255 155 0 0 0 255 255 255 0 0
    255 0 192 0 255 123 0 0 255 255 255 0 0 255 255 0 0 0 255 1 255 16 0
    0 0 255 255 0 0 0 0 255 255 255 0 255 255 255 255 0 255 0 77 255 255
    8 0 0 0 61 255 62 0 0 0 255 255 0 0 255 0 0 0 255 255 145 21 255 229
    255 0 237 118 0 0 0 0 0 255 0 255 0 255 157 255 89 255 255 0 0 255
    255 255 186 0 0 59 0 0 114 255 255 202 0 255 255 0 255 0 151 0 0 0 0
    255 0 0 0 151 255 255 0 255 255 174 95 0 255 7 0 0 255 225 255 0 255
    225 255 0 163 0 0 0 255 0 124 255 0 255 0 255 0 0 0 255 255 255 0
    142 0 255 221 0 255 0 255 0 255 0 255 214 121 58 0 0 0 255 0 255 255
    255 0 0 255 255 255 0 255 255 255 255 0 255 0 255 0 114 0 255 0 0 67
    255 229 255 54 0 255 0 255 255 255 0 0 0 0 0 0 172 255 0 0 30 109
    255 0 140 0 255 115 0 0 0 13 255 119 0 255 49 168 0 255 78 41 0 0
    255 0 255 0 0 255 171 0 83 0 255 255 255 255 255 0 0 0 255 244 143 0
    0 0 255 67 0 0 255 255 125 255 255 255 255 255 84 0 255 255 0 255 0
    0 0 255 0 255 0 255 255 255 0 255 0 255 0 0 255 0 255 255 255 0 250
    0 0 0 196 255 84 255 0 0 64 123 0 255 255 190 125 255 0 255 255 0 0
    214 190 0 255 0 0 0 255 0 212 255 255 0 0 0 255 164 255 0 255 206
    255 157 0 255 255 144 255 0 0 255 255 255 255 255 0 16 255 255 0 255
    207 255 158 255 0 255 0 255 0 255 255 255 0 0 255 255 0 0 0 0 0 0 96
    255 0 255 255 255 0 0 0 255 255 157 255 255 255 0 0 0 0 36 255 0 255
    93 255 0 255 226 255 0 0 0 0 0 239 0 255 100 0 255 255 255 0 0 0 255
    255 255 0 0 143 255 191 255 0 128 0 255 0 186 0 0 0 110 227 0 70 0
    255 0 255 255 57 241 0 255 255 255 255 0 255 0 0 255 0 0 86 0 0 0
    255 0 0 255 0 255 0 0 0 255 0 0 255 130 255 0 255 255 255 13 255 52
    0 245 0 0 255 255 255 255 67 255 255 255 255 255 0 0 0 134 255 0 0 0
    255 0 0 220 255 0 155 0 255 0 0 189 169 0 0 116 145 255 0 244 255
    255 255 0 255 0 0 0 255 255 0 0 0 255 255 0 0 255 0 0 0 255 0 0 109
    255 255 255 148 255 0 255 225 255 0 0 143 18 239 0 155 124 255 0 255
    255 0 0 255 255 255 0 0 255 43 112 255 255 0 0 201 255 0 255 139 255
    134 255 0 255 255 255 130 196 255 255 255 0 255 0 251 148 255 0 255
    255 0 0 255 255 255 41 0 0 255 47 255 0 255 255 175 80 0 0 255 255
    250 0 0 255 244 255 78 255 0 87 0 255 255 0 0 0 255 19 231 0 0 255 0
    255 197 47 255 0 15 0 255 255 255 0 0 143 255 110 255 255 0 255 0 0
    219 125 151 61 255 255 0 255 255 193 0 0 255 56 255 90 255 255 0 0 0
    0 255 0 255 0 255 0 255 0 255 69 0 0 0 17 255 0 11 255 255 255 0 0 0
    255 0 255 177 255 0 255 255 255 0 0 255 255 162 0 157 255 201 255
    255 149 115 0 255 213 0 231 255 0 0 0 19 255 0 255 0 0 0 0 72 255
    255 255 0 0 255 255 255 0 0 255 0 255 38 255 0 255 255 255 0 0 0 255
    0 255 0 255 255 255 255 255 0 9 0 180 255 255 172 0 0 238 255 255
    255 255 0 0 255 255 171 0 126 0 255 0 255 255 255 0 0 0 48 0 255 190
    0 0 0 255 45 0 77 166 0 0 0 255 0 0 0 255 255 0 0 5 255 0 255 0 255
    0 255 219 255 0 255 0 120 255 255 255 87 255 0 255 0 255 0 11 0 79
    255 255 0 0 227 0 0 10 255 0 255 0 0 0 0 255 33 255 26 255 0 0 0 255
    255 255 0 141 0 0 255 0 0 0 255 0 255 0 255 255 255 176 0 255 255
    255 0 0 0 194 0 149 255 255 50 107 0 255 255 0 0 210 255 208 255 255
    0 0 169 255 255 255 0 0 0 153 255 255 195 0 0 0 0 0 0 255 255 255
    255 255 31 0 255 255 0 0 0 255 0 255 98 0 63 255 0 0 255 255 255 0
    255 0 255 0 255 0 255 255 0 255 46 0 255 0 255 237 255 56 127 0 0
    255 0 255 0 103 0 0 0 255 255 255 255 0 255 0 0 255 0 218 0 0 0 37 0
    255 255 255 255 0 0 0 255 255 0 255 255 0 149 0 23 0 0 255 80 0 62 0
    0 41 0 255 255 255 255 132 255 157 255 0 78 255 0 255 0 0 87 43 0 0
    0 0 255 255 255 0 0 0 0 255 255 255 0 0 25 173 138 255 0 0 255 255 0
    255 156 71 255 0 255 147 80 0 0 255 0 0 255 0 255 0 255 113 0 174
    255 63 255 0 0 0 255 241 247 0 255 0 255 0 255 0 0 123 255 0 0 0 0
    255 255 0 114 255 255 0 255 0 0 0 0 255 255 255 0 255 0 255 255 255
    255 0 77 0 255 38 0 255 255 255 0 0 255 255 255 0 0 224 0 255 0 255
    255 255 0 0 255 255 255 0 255 0 0 0 255 0 255 0 255 0 255 255 255
    189 46 255 0 0 0 105 0 255 255 255 255 16 0 89 0 255 255 255 255 0
    255 0 0 187 13 255 255 255 255 255 255 0 0 0 0 0 255 255 223 0 0 255
    255 255 0 136 255 0 0 107 255 255 0 0 0 153 255 0 255 0 255 0 255
    255 84 255 0 255 255 0 0 255 0 94 112 255 0 255 255 255 255 0 169
    255 0 0 0 134 255 255 0 0 0 120 0 255 0 255 0 239 255 255 0 0 230 0
    210 0 255 255 0 255 255 255 0 0 0 255 255 0 0 67 255 255 255 255 255
    12 122 255 63 255 0 255 0 0 0 255 255 0 0 255 255 0 255 0 0 0 101
    202 255 0 255 35 0 0 0 193 223 255 0 0 0 255 0 0 255 17 0 64 255 47
    0 111 58 255 255 0 255 255 255 0 255 0 0 255 27 255 0 255 0 0 0 255
    0 74 141 255 0 0 255 0 215 118 0 0 255 255 0 0 255 255 249 171 0 105
    255 41 255 0 175 158 0 0 255 11 0 0 255 255 255 230 0 0 10 65 255
    255 255 255 0 0 105 255 255 71 255 88 0 0 255 255 0 246 0 255 120 0
    0 19 18 255 0 255 255 0 255 255 119 255 0 255 208 255 255 255 255
    196 54 108 0 0 0 255 146 0 0 0 255 255 0 21 255 255 255 255 0 255 0
    255 0 255 0 198 0 56 255 0 0 0 255 255 0 255 0 255 255 180 0 0 255
    255 255 255 255 255 0 102 228 191 10 0 0 159 255 0 0 0 46 255 0 255
    0 205 0 202 0 102 255 255 255 0 0 0 0 0 0 255 255 255 0 255 0 255 53
    255 239 0 0 0 255 0 75 0 255 255 255 11 0 87 255 0 255 10 255 116 0
    0 0 77 255 255 0 0 255 239 255 7 255 255 225 0 255 255 255 255 255
    255 255 0 211 255 0 255 141 66 255 255 255 114 0 0 0 222 255 0 255
    255 0 255 255 255 0 0 0 0 0 0 255 0 0 0 255 233 255 0 0 0 0 83 255 0
    58 0 255 0 255 0 0 0 255 0 255 0 255 0 0 0 0 0 255 125 242 0 255 255
    0 232 255 255 178 0 255 255 35 0 170 255 255 255 255 0 0 159 0 72
    255 255 0 0 0 0 0 0 120 255 255 255 0 0 255 0 255 0 255 74 255 255 0
    150 255 0 0 0 0 237 255 90 0 0 255 0 162 0 234 255 0 211 106 0 176
    255 0 255 0 255 95 198 255 255 255 0 150 0 255 238 255 255 0 190 0
    255 255 255 159 0 255 0 255 255 255 0 255 0 0 0 255 189 0 0 88 255
    255 255 255 0 35 255 255 0 255 255 255 0 0 255 255 0 0 231 255 255 0
    255 255 255 0 0 255 0 255 251 255 0 151 0 0 255 26 28 0 67 255 0 0 0
    0 223 255 255 255 255 53 0 0 0 255 21 0 255 255 165 0 251 140 0 255
    0 255 255 255 255 136 0 255 249 132 0 0 200 255 255 0 0 138 0 255 0
    255 0 255 255 255 0 0 0 255 0 197 255 0 255 0 255 0 192 129 255 255
    174 0 0 0 45 0 0 0 255 255 255 255 0 168 0 0 159 255 255 0 255 0 224
    255 255 21 255 0 0 144 182 0 255 0 255 0 255 0 0 0 190 255 255 255
    255 41 0 0 255 0 255 0 255 255 61 255 0 255 255 255 242 0 0 0 255 0
    255 255 255 255 0 255 0 255 0 0 0 255 255 255 196 255 191 163 0 0
    211 255 255 0 0 0 0 255 0 0 0 255 8 0 255 0 255 255 255 0 0 0 255
    171 186 127 255 255 255 0 103 0 255 255 141 255 0 255 0 0 255 0 255
    0 255 27 48 0 0 0 0 0 255 78 195 0 9 255 0 255 0 255 110 0 242 0 255
    0 0 0 35 0 255 255 255 0 169 0 255 0 0 0 255 149 255 0 0 192 106 0 0
    114 255 0 255 0 0 255 255 255 230 135 0 0 255 255 255 0 255 255 255
    0 0 106 0 0 104 230 255 0 0 255 0 0 161 255 0 255 0 255 0 0 207 255
    0 255 0 100 0 255 113 255 0 0 255 37 59 0 0 255 0 255 0 0 255 255 0
    255 255 0 0 255 0 0 252 255 0 0 0 0 176 255 255 255 0 0 255 255 0 0
    0 255 255 255 0 0 53 255 65 255 39 255 255 0 255 123 195 255 0 255 0
    255 255 0 223 255 255 0 0 0 255 0 255 0 0 255 0 255 0 255 0 255 96
    255 0 255 142 151 0 255 0 0 0 255 255 0 0 0 0 0 255 255 0 0 50 255
    255 255 0 15 255 66 255 132 0 243 0 255 0 0 44 255 255 255 0 0 235
    255 68 0 255 255 255 255 255 11 255 0 194 255 255 125 51 50 255 37 0
    0 23 255 0 0 0 255 0 255 255 255 0 0 255 255 255 0 216 0 255 70 255
    0 0 172 0 255 0 255 0 186 0 0 0 34 255 0 0 255 255 0 255 191 61 255
    93 255 0 206 0 0 255 0 131 255 0 0 255 0 255 0 255 255 255 0 0 255 0
    233 255 255 0 0 0 173 71 255 255 255 0 0 0 255 255 255 255 255 163
    255 236 0 255 255 255 136 0 255 177 255 0 0 255 0 222 255 159 222 0
    0 50 0 0 0 255 255 255 0 0 0 255 0 0 0 255 0 255 236 255 0 255 0 240
    36 132 0 180 0 255 0 194 30 157 0 96 0 255 255 255 255 0 0 147 0 77
    255 0 255 29 163 0 0 255 0 0 255 255 93 255 255 255 255 255 255 0
    255 0 0 0 0 255 0 0 0 255 0 0 255 255 255 255 255 255 0 0 0 0 255
    255 0 0 0 255 0 255 255 255 0 255 255 255 255 255 255 0 0 255 0 255
    0 255 0 255 0 0 0 255 241 255 214 135 255 255 0 255 0 255 0 255 54
    255 0 0 0 179 226 241 255 0 255 0 255 255 29 13 0 0 0 255 255 255 0
    0 255 0 119 0 255 238 230 0 0 133 0 0 0 0 255 255 0 0 255 193 233 0
    18 0 132 0 255 66 255 0 255 0 255 0 0 0 0 255 255 255 0 255 0 0 255
    94 30 242 0 102 62 255 255 205 255 0 255 255 0 114 255 174 0 255 255
    161 0 0 57 157 255 255 0 255 255 255 255 255 255 0 111 146 255 0 224
    255 255 255 149 255 0 255 0 0 190 68 255 32 127 0 0 255 255 243 63 0
    255 255 0 0 0 255 197 255 0 0 255 255 255 0 0 255 0 0 169 195 255
    209 255 255 0 0 255 255 255 0 0 0 109 255 51 99 0 0 0 255 255 255 0
    0 0 85 255 255 255 0 255 255 255 0 106 0 0 0 255 0 255 0 255 0 255
    255 255 0 0 0 255 0 0 0 255 0 255 0 255 0 255 0 0 0 0 0 0 255 124
    255 0 255 0 4 255 149 0 0 255 64 0 255 255 255 0 0 39 255 0 255 82
    255 255 17 0 0 102 0 107 255 255 255 181 115 209 0 255 255 255 0 185
    0 0 255 255 67 0 0 193 255 0 0 14 255 0 255 0 255 231 255 0 180 255
    255 255 255 251 255 0 255 0 255 0 203 255 139 255 0 0 0 0 255 72 255
    0 255 255 255 173 0 255 80 255 0 255 255 0 161 255 255 255 255 172
    255 254 0 0 114 255 255 255 0 156 206 0 127 0 0 255 255 255 255 13
    255 0 0 255 99 255 0 255 0 255 0 97 255 0 0 0 163 255 129 0 255 0
    255 151 0 0 255 0 255 0 255 0 6 0 255 0 54 0 255 0 221 59 0 47 0 0 0
    255 255 0 255 255 255 0 0 255 255 0 83 0 255 0 255 255 255 0 255 0
    255 0 1 0 0 13 255 236 255 255 255 255 0 255 0 0 61 0 0 0 255 0 255
    0 255 172 145 0 255 255 178 143 0 255 108 255 255 0 0 255 255 255 0
    255 195 255 255 194 255 192 22 255 255 0 255 0 255 169 0 143 108 255
    255 255 0 0 0 255 255 0 0 255 255 0 0 255 255 0 35 0 0 0 255 255 255
    0 85 0 66 0 112 255 255 0 0 149 255 0 252 0 255 145 0 0 255 255 255
    0 255 255 0 125 0 255 0 255 0 238 255 0 255 0 255 0 255 255 255 164
    0 0 84 255 193 0 247 255 255 255 187 255 0 0 39 0 255 0 255 0 0 74 0
    0 255 255 255 255 255 0 0 228 255 0 0 255 190 255 255 0 53 255 0 0 0
    0 174 3 0 255 255 255 255 255 0 0 0 0 7 0 0 255 117 255 0 255 73 255
    0 0 0 255 5 255 177 0 0 0 255 0 95 0 0 0 0 255 189 0 0 182 0 0 0 255
    255 255 255 255 0 192 255 0 0 0 255 37 49 255 255 255 0 201 255 255
    255 255 0 149 0 255 0 0 255 255 255 255 253 255 255 146 156 0 147
    255 0 251 255 255 0 0 0 255 2 0 0 0 255 0 0 0 0 255 57 0 255 0 255
    255 0 0 255 0 0 0 0 0 255 229 255 255 79 0 92 110 0 255 255 143 0 0
    0 0 0 255 255 255 255 114 245 255 119 0 17 0 255 0 255 255 0 0 0 0 0
    255 0 255 0 0 255 114 0 0 0 255 156 255 0 255 0 255 0 204 0 255 255
    0 0 0 255 255 0 255 0 255 114 255 0 0 255 0 255 164 0 255 0 0 192 15
    255 97 0 255 255 255 255 255 165 0 255 226 255 255 255 0 0 255 255 0
    0 0 255 0 0 1 59 213 255 255 226 255 0 0 255 0 0 0 255 255 165 255 0
    0 0 255 0 255 0 234 255 255 23 255 0 0 186 0 255 248 255 255 0 255 0
    255 87 255 0 0 91 0 255 0 255 37 255 255 0 206 148 0 0 0 255 0 255 0
    255 0 0 0 255 255 5 0 0 255 255 0 255 0 255 0 0 255 255 0 76 82 255
    0 0 255 255 0 255 255 255 0 0 0 0 255 255 255 43 255 0 255 0 0 255 0
    0 255 255 255 255 254 0 255 255 255 0 255 115 255 255 199 255 255 0
    0 255 255 44 0 0 255 0 0 0 0 255 255 255 255 255 255 255 0 247 0 0 0
    71 255 192 255 194 255 0 255 0 255 158 255 0 0 255 0 0 255 255 255
    255 0 0 0 255 255 0 150 255 93 255 0 255 0 255 255 0 0 0 0 0 177 246
    255 255 255 0 0 0 255 0 30 149 255 0 0 0 255 255 119 227 0 0 128 243
    255 90 255 0 0 255 0 255 0 255 255 255 155 0 81 0 255 255 0 0 0 25
    160 0 0 255 0 200 0 212 90 0 255 255 255 175 255 0 255 255 0 0 0 86
    255 255 255 0 0 0 255 255 3 0 0 255 255 255 0 0 0 0 255 253 255 255
    185 0 0 0 0 255 255 255 0 0 197 0 255 255 255 0 139 0 114 255 0 82 0
    255 0 149 78 0 0 0 255 0 255 0 255 255 255 0 255 0 191 52 134 0 255
    255 255 0 0 0 255 0 78 255 103 0 0 255 255 255 255 255 71 193 255
    147 255 22 0 0 255 255 0 0 49 255 255 0 255 0 0 255 255 0 255 255
    255 0 0 255 255 255 166 11 255 0 122 255 0 0 255 255 255 0 151 0 255
    0 255 0 0 255 255 0 0 0 255 255 124 255 255 255 79 0 0 255 0 255 0
    255 255 0 255 0 255 255 0 0 0 111 255 45 255 255 0 255 0 174 24 0
    255 251 255 0 255 216 0 10 255 255 87 0 255 255 255 255 255 0 255 0
    255 255 127 23 0 255 255 255 255 0 0 0 0 220 255 0 255 0 63 0 70 130
    168 0 0 151 0 152 0 96 0 255 255 255 255 0 0 0 255 2 0 0 0 255 0 255
    0 255 141 255 0 255 0 255 241 0 255 0 255 217 142 0 255 255 255 0
    114 0 255 255 0 0 255 151 0 89 125 255 0 255 0 0 0 0 84 255 255 215
    255 255 255 219 0 0 0 255 0 255 0 255 255 255 255 171 0 217 255 255
    0 255 0 0 0 0 0 255 0 255 255 255 255 255 33 169 0 255 0 255 255 255
    255 0 255 111 0 0 0 67 0 0 0 246 255 0 255 0 255 0 255 0 14 0 255
    255 255 0 99 0 0 255 0 255 0 255 181 255 0 80 255 153 0 47 255 0 138
    255 255 0 23 0 0 65 255 0 150 0 255 255 255 0 0 0 255 255 0 44 255
    255 0 0 0 105 255 0 0 255 255 0 255 0 255 0 246 53 43 221 0 0 5 255
    255 255 0 255 247 255 183 0 0 0 255 255 76 0 0 0 255 0 255 176 255
    255 255 0 211 255 255 255 255 128 255 0 150 255 255 153 255 0 0 255
    16 0 0 88 255 255 0 255 179 0 87 255 235 0 255 255 89 0 0 255 178 0
    0 0 255 0 255 0 255 255 255 37 0 255 164 0 0 141 116 145 0 0 0 165 0
    255 255 255 0 190 255 255 0 0 0 0 93 255 0 213 0 255 0 255 255 180
    255 0 255 0 0 0 0 255 204 213 0 0 255 0 255 38 255 148 0 0 255 191
    186 204 255 57 0 0 0 0 255 255 0 255 0 229 249 0 0 172 255 0 255 0
    221 255 255 71 109 0 168 47 255 0 136 0 255 0 0 255 255 255 0 209 0
    255 0 184 229 0 0 27 255 255 213 67 0 240 0 255 180 0 0 255 255 255
    0 71 255 0 255 255 255 0 0 0 255 255 255 0 0 255 255 0 255 0 0 0 107
    186 0 0 0 0 255 22 255 133 255 0 0 255 175 255 0 255 255 255 0 0 0
    255 115 0 0 255 255 62 0 0 0 255 255 255 27 255 0 0 0 255 255 0 0 0
    0 0 0 255 0 25 0 0 0 255 255 0 177 0 255 0 86 66 255 255 255 0 108 0
    255 0 66 255 255 1 167 255 0 121 0 255 255 255 89 0 255 255 255 0 0
    255 255 117 0 255 131 255 193 0 0 0 255 165 255 0 0 0 255 0 237 255
    255 255 211 251 0 6 0 73 255 255 0 0 0 0 255 255 255 131 255 0 0 79
    0 255 0 0 0 255 255 255 66 0 249 219 0 0 0 255 255 255 150 214 255
    107 255 139 255 0 255 0 0 0 255 0 255 0 223 25 0 255 0 163 0 42 255
    255 255 255 0 0 0 0 96 255 41 255 0 0 255 255 255 0 231 0 255 119 0
    0 255 0 188 0 255 14 255 0 0 0 127 0 0 83 51 255 255 123 0 255 255
    255 0 0 0 0 0 255 10 255 0 129 255 255 255 0 164 255 38 108 255 255
    0 255 0 255 255 43 6 88 255 255 255 0 0 0 0 255 211 153 132 0 255 0
    0 255 255 255 255 0 255 255 0 255 0 0 0 185 255 192 239 0 0 255 0 0
    255 118 255 0 20 123 254 255 116 0 0 255 255 0 174 0 255 209 255 255
    0 192 255 255 0 0 0 0 255 255 0 116 0 61 255 255 0 0 0 0 255 255 60
    0 0 255 255 129 0 0 0 255 255 0 0 0 255 255 255 92 255 134 0 255 0
    255 103 255 255 252 0 0 69 0 255 0 0 255 0 255 0 255 0 255 255 255
    255 255 158 0 233 255 255 157 0 134 0 0 255 0 0 0 0 0 0 50 198 8 255
    134 255 0 153 255 255 247 255 0 180 255 0 121 255 198 255 255 0 255
    147 255 0 186 43 255 0 255 0 207 255 255 0 0 255 255 0 255 255 0 0
    255 94 0 0 69 255 255 156 0 0 0 255 0 229 0 255 255 255 0 7 0 255 0
    255 255 255 181 0 228 0 176 0 255 255 195 0 255 66 176 255 0 255 0 0
    255 255 0 190 0 255 255 255 0 255 0 255 0 255 10 255 255 248 0 0 0
    255 0 0 255 255 255 0 0 73 255 155 0 0 255 255 255 0 255 0 255 0 0 0
    255 255 202 0 0 255 255 62 45 0 0 255 255 255 0 0 0 0 255 165 255
    121 0 0 0 255 255 255 0 0 0 0 199 100 171 0 194 255 0 255 74 20 36
    255 255 255 37 0 255 255 95 0 162 255 255 0 0 0 171 0 43 134 0 189 0
    255 0 255 255 255 0 0 255 255 255 0 255 0 255 0 156 0 255 255 255
    255 57 233 0 0 127 0 255 206 170 255 255 0 57 255 0 255 0 255 0 27
    255 0 255 0 0 0 255 255 0 255 255 0 0 0 255 0 0 255 255 255 0 0 0
    255 255 0 0 0 255 216 255 229 255 249 255 255 0 0 0 255 192 0 255
    255 255 0 0 0 255 255 113 255 0 255 0 255 168 255 255 190 255 255
    255 255 0 36 255 246 255 220 255 236 0 119 255 255 78 0 255 255 91 0
    255 0 255 255 255 0 0 182 127 0 255 255 252 0 76 255 255 255 0 69 0
    255 166 0 255 0 255 150 255 0 8 100 255 255 0 255 255 205 255 0 0
    255 0 0 7 0 255 0 255 255 255 25 255 9 255 215 134 255 0 255 0 255
    255 255 0 255 0 156 255 188 255 0 0 255 255 255 220 155 242 0 0 0
    255 138 14 167 255 0 0 21 255 0 255 0 0 0 0 255 0 255 234 0 174 255
    255 0 127 129 255 15 255 255 255 255 80 6 0 255 255 255 255 0 0 0
    255 0 7 0 0 0 0 0 255 0 57 255 255 255 34 0 0 0 0 0 255 0 140 0 81 0
    255 109 255 162 255 255 0 0 103 255 0 218 0 0 0 144 0 0 0 255 255 0
    0 0 255 213 221 0 0 57 255 255 0 255 255 255 0 0 8 255 0 255 32 122
    0 236 255 255 255 0 0 0 0 255 0 104 41 0 255 255 255 255 0 0 255 0
    255 0 255 255 255 113 255 232 19 236 31 255 0 211 101 255 255 37 0 0
    174 255 240 255 147 87 0 0 0 255 0 255 0 255 255 255 157 154 0 244 0
    255 255 255 255 0 255 174 255 255 255 0 255 0 0 0 0 0 156 0 0 255 0
    102 0 60 255 255 183 32 98 0 255 0 0 0 255 220 67 0 255 104 0 67 255
    255 255 0 0 0 0 255 0 206 53 255 255 206 0 128 0 0 52 255 255 255 0
    255 255 255 0 0 0 255 255 255 255 0 115 255 112 255 0 255 0 255 255
    255 180 0 0 255 0 0 0 255 255 255 0 255 107 0 255 0 255 0 0 203 255
    214 0 0 148 255 255 0 0 0 0 255 255 255 0 255 255 255 255 65 255 255
    255 53 35 0 162 0 255 0 255 0 55 224 255 255 0 0 0 0 255 88 255 255
    0 0 147 0 255 255 0 255 89 253 255 255 0 255 0 0 255 0 0 0 144 0 0 0
    255 255 255 0 0 255 255 255 0 0 91 255 255 255 255 255 0 255 77 255
    255 0 255 73 0 0 0 0 10 203 220 255 0 0 0 255 0 255 0 0 0 255 0 255
    79 255 0 81 0 255 194 255 255 0 0 0 255 255 255 0 0 255 255 250 0 0
    255 255 91 0 0 0 255 255 255 255 0 255 226 255 255 255 0 0 0 255 0
    255 0 203 0 255 255 136 0 255 0 255 0 255 184 255 255 255 255 255
    255 0 255 90 255 48 0 255 239 255 0 255 0 0 0 255 240 135 255 51 255
    255 0 0 255 255 38 0 0 255 255 255 0 0 0 201 0 255 255 255 103 0 255
    0 255 42 255 0 0 213 255 136 158 255 0 0 255 255 255 0 255 0 255 255
    255 28 202 0 255 0 0 255 0 255 0 255 99 185 0 0 78 255 0 0 0 0 221
    255 0 255 0 0 255 255 164 0 255 111 255 0 255 255 72 0 255 255 255
    255 72 71 0 173 0 255 0 29 255 59 39 255 0 0 0 255 0 0 0 0 255 0 163
    255 255 255 0 0 255 0 137 0 0 0 255 0 20 255 201 255 0 255 255 255 0
    255 255 255 242 0 255 0 18 255 0 0 178 228 255 0 0 255 255 125 255
    66 31 0 105 0 255 255 0 0 200 0 199 243 255 0 76 0 255 255 0 0 167
    255 0 8 255 0 255 0 255 255 255 0 255 255 255 82 0 255 255 0 0 0 255
    175 155 7 221 0 0 255 255 255 0 246 255 255 0 56 47 100 0 255 0 255
    0 255 255 255 0 0 0 255 0 57 0 0 0 0 34 255 255 255 0 0 0 255 41 255
    0 255 10 0 0 110 0 255 255 255 166 255 0 108 251 0 221 0 255 255 255
    0 255 0 0 0 255 0 255 255 255 255 219 255 0 0 0 0 255 105 255 26 54
    255 0 255 0 215 0 42 0 11 0 66 0 0 255 255 0 255 0 0 0 255 255 0 116
    0 255 97 255 0 255 205 255 150 172 255 255 0 0 0 68 208 255 185 0 0
    255 0 27 0 255 255 255 0 114 0 255 78 255 0 255 0 115 0 65 255 255
    78 0 0 102 255 255 0 255 0 0 255 255 0 0 21 255 255 0 0 255 255 255
    255 0 0 85 255 255 0 0 0 255 159 195 0 0 255 255 255 255 255 255 0 0
    0 255 117 0 255 255 0 0 20 255 0 0 0 0 14 255 255 255 146 83 255 4
    191 0 255 0 34 0 178 0 255 0 41 0 179 217 255 158 0 255 0 255 0 255
    118 255 0 108 95 255 255 202 235 91 0 0 255 255 0 247 0 0 0 255 255
    255 255 0 0 0 255 255 255 255 255 0 255 0 0 51 184 0 0 160 255 0 53
    255 255 255 255 0 103 178 255 0 216 0 0 255 255 255 255 158 0 11 255
    255 0 0 0 0 77 255 255 0 0 254 255 255 255 0 255 0 255 255 255 0 0
    255 255 0 0 0 0 255 255 255 255 0 255 255 255 0 0 58 0 0 0 255 27
    255 255 255 255 255 255 98 255 30 255 0 0 241 255 255 255 0 0 225 0
    255 255 0 0 243 255 69 255 255 0 255 0 255 0 0 0 0 255 238 0 0 255 8
    132 169 185 0 0 255 0 0 24 0 255 0 255 125 255 0 0 255 0 0 0 255 255
    0 0 97 255 255 96 255 255 88 255 0 0 86 0 255 0 0 0 255 255 0 0 0
    255 255 255 0 255 0 255 0 194 0 0 0 0 255 0 255 255 84 0 255 0 255 0
    255 0 255 0 255 0 255 255 255 167 0 255 255 255 255 0 196 245 77 189
    255 0 255 0 255 0 0 162 255 0 0 246 255 6 255 0 0 255 0 255 186 255
    0 255 255 0 255 255 255 0 0 0 188 255 255 255 0 255 209 0 255 126
    255 0 0 50 37 117 0 255 255 255 255 255 0 0 0 0 255 0 255 229 255
    255 255 0 0 255 255 0 0 227 60 0 0 242 255 0 255 0 160 0 255 11 255
    255 0 255 0 255 0 167 0 0 0 188 255 255 213 0 255 77 255 0 255 162 0
    0 0 255 255 255 0 255 0 0 102 0 255 255 255 255 255 0 0 255 255 248
    0 0 0 126 0 5 211 255 0 183 88 255 0 0 0 0 0 255 255 255 236 61 0 72
    255 255 0 255 143 0 255 0 255 255 255 255 0 0 0 255 255 255 176 0
    255 255 0 255 0 0 0 255 255 0 255 198 255 0 0 248 0 204 104 255 255
    73 255 0 255 0 0 165 255 16 255 0 0 255 255 255 255 41 255 255 51
    255 0 0 0 211 255 255 255 0 255 0 35 0 0 255 0 255 255 148 149 255
    255 0 0 21 0 0 59 255 248 9 0 255 255 0 208 255 38 0 0 255 0 255 0
    135 255 202 77 0 0 255 255 255 0 255 130 255 55 255 0 173 0 255 255
    0 0 0 255 0 0 255 147 255 0 255 72 255 255 0 0 0 255 255 255 177 223
    255 0 119 255 255 255 0 255 255 255 0 255 0 226 255 255 255 0 255
    255 255 255 0 0 0 255 255 0 0 0 255 0 0 255 0 255 163 255 0 255 0 0
    0 255 0 255 255 0 41 0 0 0 0 1 255 255 255 255 255 0 0 0 59 255 0 0
    81 155 255 255 255 255 132 48 255 255 255 169 255 0 60 0 197 211 255
    255 56 25 0 78 255 255 0 0 255 255 0 255 0 61 0 114 0 131 11 255 0 0
    0 255 0 255 0 255 0 255 0 255 0 255 255 255 139 0 0 0 20 255 255 0 0
    0 255 141 255 0 0 0 0 255 255 0 0 104 0 0 111 0 255 0 255 97 0 0 255
    155 255 0 255 255 0 255 0 0 0 255 0 255 255 255 0 0 245 255 244 0 0
    255 255 255 255 0 0 0 226 255 255 0 255 158 0 30 0 0 255 255 255 255
    0 255 254 4 255 0 0 0 0 255 255 255 0 255 0 255 107 255 244 255 0 0
    67 0 255 255 249 0 0 0 0 255 255 67 0 0 0 255 0 255 255 0 141 164
    255 255 255 0 255 0 255 0 0 0 255 255 255 255 0 0 255 69 255 208 255
    0 255 0 0 206 0 255 255 255 255 0 0 0 110 255 0 7 18 255 192 0 29
    255 255 89 0 0 148 247 26 247 255 255 255 196 255 0 0 0 69 255 137
    204 97 255 0 255 0 255 0 255 0 255 255 255 31 0 255 0 0 117 0 255 0
    247 0 255 255 181 255 0 255 0 255 207 0 255 10 0 0 0 255 69 144 255
    255 0 0 0 0 255 255 255 0 0 0 255 255 0 0 0 255 0 0 255 255 0 255
    130 33 255 0 255 255 255 138 255 255 0 0 0 255 255 255 160 0 0 255 0
    0 0 0 0 0 0 255 255 0 255 255 0 255 0 0 43 131 0 0 255 39 255 255 0
    255 255 0 198 0 0 0 255 255 255 0 0 0 255 215 255 255 255 255 0 0 0
    255 0 255 255 98 0 255 0 255 0 9 0 0 56 255 18 255 0 255 255 255 87
    0 0 255 0 255 0 121 0 255 255 255 0 0 46 0 255 0 255 255 255 74 0
    255 116 69 255 255 255 255 0 12 80 255 0 255 0 0 0 255 110 0 255 255
    255 0 255 0 255 255 0 0 0 255 255 0 255 0 255 0 36 0 0 127 255 255
    23 255 153 255 235 255 0 255 0 255 0 0 255 255 255 0 0 77 255 0 255
    0 0 72 0 255 255 255 59 0 0 0 255 255 182 0 0 119 0 255 255 0 201
    255 82 255 0 179 0 12 157 0 255 255 0 0 255 255 255 145 0 255 0 0
    197 0 0 255 255 255 0 103 211 0 0 255 185 85 255 45 126 95 255 0 0
    177 255 255 159 0 0 49 255 255 255 0 0 162 0 252 133 255 215 255 0 0
    0 6 255 255 0 0 0 67 0 255 0 0 255 175 255 36 0 0 255 201 255 255 82
    182 0 0 255 0 0 0 0 0 0 255 255 133 255 50 146 0 0 255 2 193 0 0 0
    175 255 0 0 0 147 0 0 0 51 255 255 255 202 0 255 241 255 255 255 0
    32 255 0 0 0 255 255 0 181 255 229 0 255 255 255 0 196 255 0 151 143
    255 0 255 248 0 255 255 0 0 255 0 138 0 236 255 64 0 0 0 255 0 255 0
    255 0 255 255 255 212 0 0 255 130 0 255 0 255 215 30 0 0 255 0 0 0
    255 255 0 255 0 255 0 0 47 255 0 0 0 255 0 255 0 231 0 90 255 255 14
    0 0 255 43 119 0 119 255 0 255 0 138 255 255 255 0 0 62 255 142 0
    255 255 160 0 9 255 37 255 0 255 0 255 37 255 0 0 0 0 255 255 255 0
    0 255 0 255 0 0 190 0 222 0 136 0 0 0 172 0 255 0 255 35 196 0 255
    57 255 255 255 0 0 255 255 0 255 255 0 0 136 255 255 0 33 0 78 195
    255 255 0 0 0 255 0 255 255 255 0 126 255 255 255 251 255 74 255 0 0
    0 255 255 255 178 255 214 0 0 255 160 49 216 255 0 0 184 255 255 0
    246 255 255 255 0 255 0 0 255 255 0 0 255 52 255 255 0 0 0 0 0 103
    255 33 0 0 99 0 106 0 0 255 0 255 0 255 0 255 0 0 0 255 255 0 159
    255 0 255 255 0 255 0 255 0 255 255 0 255 0 255 0 16 255 255 255 163
    0 0 0 0 0 255 255 255 0 0 255 0 255 0 255 255 0 0 255 28 255 120 255
    118 255 68 0 0 255 0 0 18 255 101 0 255 255 213 0 255 0 0 0 0 81 255
    110 69 0 224 130 0 0 98 255 136 0 255 0 255 255 0 0 0 0 255 0 99 0 0
    151 0 255 255 255 255 255 255 44 0 0 181 51 255 0 0 255 0 0 0 255
    255 142 255 252 0 37 0 0 255 0 255 0 33 255 0 255 59 151 0 255 255
    255 0 0 255 255 255 0 0 255 255 0 0 0 0 52 91 167 193 150 0 255 0 0
    50 0 0 255 255 160 0 31 255 255 0 38 49 162 159 255 0 199 255 33 255
    0 255 255 255 0 0 0 0 0 148 0 255 0 255 214 147 0 0 0 255 255 255
    255 158 0 255 0 102 0 0 255 0 0 255 253 255 255 0 255 255 255 255 0
    84 0 255 0 0 70 255 255 255 255 255 0 0 255 237 255 250 0 0 255 255
    0 0 255 102 255 255 0 12 170 234 87 0 255 255 255 0 255 156 0 255 0
    255 0 190 0 255 0 251 16 255 0 0 0 249 0 255 0 255 0 0 255 255 255 2
    0 0 255 255 255 0 255 0 255 0 0 0 235 255 0 31 0 107 255 194 0 0 255
    0 0 0 255 20 196 0 0 255 255 255 255 0 82 0 255 227 255 0 255 0 0 0
    255 255 235 157 0 0 0 255 0 255 255 0 255 0 223 255 255 225 255 0
    255 24 255 126 0 255 58 0 255 0 215 153 255 0 0 45 154 147 65 0 0
    255 255 255 0 255 255 255 255 8 255 255 45 0 0 46 255 0 0 0 255 92
    19 1 255 255 0 0 0 0 126 255 255 0 255 0 0 0 255 0 255 255 0 0 0 173
    253 98 0 255 255 0 0 253 88 255 255 0 0 255 255 0 0 255 0 255 255
    255 227 255 255 164 60 0 111 6 0 255 0 158 255 255 41 255 221 145 0
    0 255 255 255 0 255 0 0 255 255 255 0 0 130 255 0 255 85 0 76 178 42
    0 255 0 59 255 0 0 255 0 255 0 255 255 255 255 132 226 0 0 255 40
    255 0 0 0 7 0 232 255 0 0 255 0 255 192 74 0 255 248 0 255 255 255
    255 157 255 0 0 0 0 0 0 255 0 255 0 255 255 63 121 0 255 255 255 0
    255 0 255 0 255 255 255 0 255 255 0 255 42 255 255 0 0 0 0 0 0 130
    255 255 255 218 0 0 0 255 255 11 0 0 255 255 255 12 0 88 0 0 255 255
    0 0 245 0 0 243 255 255 0 0 0 16 255 255 255 0 77 0 0 255 99 255 34
    255 0 0 255 211 255 0 0 0 0 255 0 255 0 255 252 255 127 236 70 0 182
    255 255 255 255 0 0 255 255 255 149 0 0 197 255 255 249 0 255 87 255
    0 89 0 0 175 0 255 255 45 130 0 0 255 0 93 17 164 0 255 155 255 255
    38 226 236 255 7 0 0 209 255 255 255 0 255 0 94 0 211 255 255 255 0
    0 0 0 151 255 255 0 0 0 255 255 0 0 255 255 0 0 197 255 157 189 0 0
    0 192 148 255 255 255 255 255 0 0 255 64 255 128 55 0 255 0 255 0
    148 255 255 0 85 0 255 255 200 0 0 0 255 29 255 0 255 0 255 239 255
    0 255 0 67 0 255 97 255 255 0 105 232 179 255 89 255 0 27 0 255 0 0
    0 0 255 255 193 0 0 255 255 255 37 255 0 216 24 255 0 255 147 49 0 0
    255 0 0 255 255 0 0 153 255 91 255 0 146 0 255 255 255 226 0 255 0
    255 0 36 255 255 0 255 97 255 255 188 0 0 0 255 255 255 0 0 255 255
    22 255 0 255 0 255 255 0 255 0 255 255 255 255 0 255 65 255 0 255 40
    211 255 32 255 0 0 41 0 228 243 129 0 255 255 0 148 255 255 255 0 0
    0 255 222 175 0 255 255 0 118 0 0 0 0 255 0 0 255 0 5 255 0 107 0 0
    0 255 255 255 255 0 255 134 0 0 181 0 255 255 255 0 222 255 0 0 0
    255 255 255 159 0 0 253 0 0 0 34 255 0 255 255 0 0 0 255 0 0 0 255
    255 127 0 0 0 0 255 0 47 0 255 255 255 0 255 255 0 80 235 0 255 0 0
    0 0 137 0 107 31 0 0 0 46 0 255 255 255 221 0 0 0 255 255 255 0 0 0
    154 200 0 0 0 255 0 255 255 255 0 255 255 255 0 0 255 255 255 255 0
    0 111 255 0 0 0 255 109 255 47 255 255 255 0 0 255 0 0 0 0 253 34
    255 130 0 0 255 0 255 0 0 0 255 205 0 255 0 255 169 86 255 0 255 85
    255 0 138 255 255 255 0 255 255 255 39 0 255 198 255 0 0 0 0 255 123
    227 255 255 0 255 115 52 255 255 0 0 97 255 255 0 215 0 255 0 0 0 0
    255 255 0 0 0 226 246 50 0 240 255 213 168 255 255 0 188 255 255 0
    255 255 214 127 0 255 255 255 255 62 144 2 0 0 0 255 230 199 70 16 0
    255 235 0 0 0 255 0 255 0 0 0 110 0 0 0 0 0 0 0 255 255 255 255 255
    0 0 255 0 255 0 255 0 255 0 255 255 255 148 0 146 0 0 0 0 255 0 255
    255 0 0 0 0 205 255 255 0 0 0 255 198 242 255 255 174 255 255 0 0 77
    0 255 0 255 200 255 0 0 255 255 255 0 0 0 0 0 255 248 0 255 194 255
    0 255 50 255 0 0 255 255 255 255 255 255 255 255 255 0 0 255 0 255 0
    123 255 255 255 128 16 0 200 26 255 130 255 0 255 0 255 0 255 0 255
    255 147 255 0 255 0 255 0 255 255 255 0 145 218 0 0 255 20 255 169
    255 0 0 0 0 195 0 255 0 255 0 255 0 0 0 0 255 255 255 0 255 0 255 21
    0 153 255 220 255 0 255 0 255 247 255 0 255 0 255 190 255 0 255 0 0
    0 255 14 255 0 0 0 255 255 0 255 0 255 0 0 255 255 0 255 0 171 255
    255 255 0 255 139 255 0 0 100 18 255 0 255 0 255 0 255 55 18 0 186 0
    19 0 0 0 0 255 255 255 0 22 0 0 255 255 0 0 131 255 255 0 255 0 0 70
    0 0 59 255 255 255 0 255 0 154 0 0 51 0 0 85 255 0 255 255 255 255 0
    255 0 0 255 0 255 0 175 0 255 255 255 0 0 215 0 69 255 255 255 255
    125 0 0 0 255 255 0 114 161 186 255 240 0 0 255 255 228 255 0 255 0
    0 212 7 255 0 255 0 0 0 255 27 0 0 0 80 255 100 30 0 0 255 255 255
    255 23 24 0 255 255 255 0 255 0 143 255 244 0 255 169 0 132 0 0 0
    120 255 214 0 255 255 255 133 105 255 0 0 0 75 0 59 0 0 0 255 255 0
    255 255 255 174 0 191 0 204 0 255 0 0 254 255 0 255 0 0 255 0 79 0
    255 255 255 0 255 0 255 0 48 255 0 255 0 255 0 255 0 255 0 255 88
    101 255 0 255 255 0 0 204 0 0 0 0 255 0 237 167 255 33 0 0 19 0 255
    18 0 255 255 255 0 0 255 255 255 0 36 0 255 255 47 0 255 0 255 0 0 0
    255 0 0 0 255 241 255 0 255 132 0 0 0 0 0 11 102 0 255 0 0 255 255
    255 255 135 255 0 157 0 0 255 0 255 28 0 255 255 255 0 255 255 0 255
    0 255 0 255 0 120 0 255 255 0 255 0 158 0 255 255 0 139 255 255 161
    11 0 255 115 255 0 255 255 255 0 255 255 0 53 255 0 255 43 255 255
    255 0 60 0 255 0 255 223 255 255 77 255 0 255 0 255 0 93 60 255 163
    255 0 0 204 0 255 0 255 0 16 18 255 255 0 0 0 255 170 255 96 0 255 0
    0 0 255 255 255 0 167 130 255 255 0 0 0 20 255 255 70 255 255 0 255
    101 0 197 0 255 229 194 68 75 255 162 0 255 0 255 0 24 0 255 255 29
    0 255 255 78 0 47 255 255 101 0 5 0 0 255 255 255 0 0 236 91 115 255
    249 0 0 255 255 0 0 0 255 249 0 96 255 0 83 0 255 255 255 0 0 255
    152 0 255 0 255 255 142 212 255 255 0 207 0 255 0 0 0 0 255 234 61
    255 255 255 255 255 255 0 0 255 255 255 0 0 255 255 0 0 0 0 0 188
    255 91 0 0 255 0 186 0 0 32 0 129 0 255 80 255 0 255 0 255 0 157 143
    0 0 255 0 106 209 255 255 255 0 0 255 255 0 255 255 255 0 255 0 34
    255 0 224 0 10 0 255 255 0 23 255 14 255 0 0 0 0 255 0 255 255 255 0
    195 140 255 0 255 0 0 0 0 255 255 0 0 0 255 255 0 187 0 220 0 255 0
    0 176 255 255 232 105 0 0 0 255 0 255 163 0 255 0 255 255 17 255 255
    0 250 123 0 0 0 225 0 189 23 255 255 0 112 242 255 255 0 13 0 0 255
    0 150 255 58 0 0 0 0 0 0 255 255 255 255 0 255 0 0 88 255 207 255 35
    0 255 0 255 0 193 0 255 0 255 0 0 0 255 255 0 255 171 0 0 0 176 251
    65 255 255 255 0 109 0 181 255 228 255 255 255 0 91 0 0 0 104 0 0 0
    68 255 255 0 0 172 255 0 0 255 255 255 255 255 0 0 0 255 255 0 145
    255 0 255 0 255 0 255 0 20 0 255 0 230 0 56 23 0 255 255 0 0 42 255
    0 255 255 255 0 0 0 255 0 255 246 0 0 255 0 0 0 255 255 108 255 222
    255 144 255 255 255 0 0 0 0 97 83 0 49 255 255 255 0 0 0 255 110 255
    0 116 255 170 0 131 255 255 0 255 0 52 219 255 255 255 255 255 0 0 0
    255 103 0 228 0 105 255 0 255 0 255 85 252 0 0 0 0 255 0 255 0 0 255
    0 255 35 255 255 255 255 0 255 0 0 0 0 0 255 255 255 0 0 160 214 0 0
    255 255 255 246 255 255 145 0 255 0 54 0 255 255 255 0 0 0 255 255
    142 213 0 0 0 255 255 255 0 172 0 0 255 255 0 255 255 0 0 138 58 23
    0 255 0 255 255 255 0 0 255 0 0 101 183 255 0 0 0 255 255 0 0 0 255
    255 255 0 34 0 255 178 255 7 255 0 249 0 162 255 255 0 255 254 0 255
    0 255 201 255 0 0 255 0 255 0 0 255 255 0 255 0 255 0 107 168 0 224
    255 255 201 255 0 0 0 187 255 125 255 0 176 0 0 255 255 255 0 255
    255 0 108 255 0 0 255 255 0 0 0 0 72 255 255 0 255 0 255 0 255 255
    255 255 255 255 0 0 218 255 255 0 0 0 0 0 195 255 255 96 255 255 255
    255 31 0 0 255 246 23 0 0 0 255 0 255 149 255 0 255 186 255 255 0 0
    0 255 200 223 0 46 0 255 128 255 0 255 255 255 0 255 0 116 0 59 0 0
    88 215 0 161 0 255 255 255 0 255 152 0 0 0 0 0 216 255 255 255 255
    255 0 0 0 0 255 255 18 0 0 255 255 255 0 255 255 0 0 0 0 250 0 255
    255 255 0 255 255 47 0 255 0 0 0 255 0 255 0 255 255 70 255 255 0 44
    255 255 0 0 0 212 168 0 0 255 255 255 229 0 255 255 255 0 0 255 0 0
    255 255 255 0 0 0 0 216 255 255 255 0 0 185 0 255 0 255 0 255 255 9
    255 255 0 0 0 0 255 255 255 9 255 51 255 0 255 255 71 0 255 195 255
    0 0 0 255 255 255 0 0 255 242 255 32 0 0 0 0 0 255 255 0 0 114 255
    255 0 255 79 255 141 255 255 0 0 255 255 0 0 0 0 255 255 255 0 0 255
    255 0 0 0 0 0 255 184 255 0 236 0 255 159 255 64 255 255 255 163 0
    255 255 66 0 95 255 255 0 0 0 189 0 2 0 255 0 0 0 255 255 255 142
    255 255 255 0 0 255 255 0 0 0 255 255 18 0 255 10 0 211 255 81 255 0
    0 0 0 255 159 255 54 255 128 255 0 255 0 0 0 255 255 0 0 0 0 0 255
    70 255 0 0 0 0 0 240 188 255 254 255 0 0 0 0 0 255 255 255 255 0 0
    255 255 255 0 240 255 0 255 0 75 87 255 255 0 0 253 255 246 255 0
    109 0 0 0 144 255 255 255 255 122 255 0 0 0 255 255 59 0 255 255 129
    255 0 255 255 0 255 255 255 0 0 140 255 91 255 255 0 255 255 0 31 0
    255 0 0 255 0 255 255 0 0 0 255 108 109 0 93 0 255 158 0 255 252 255
    0 0 0 167 255 255 0 110 57 0 0 0 165 255 208 220 0 0 43 0 159 255
    255 0 0 255 255 0 0 255 255 255 0 0 255 255 255 63 0 0 0 255 255 127
    0 255 0 0 0 71 0 255 255 0 255 0 255 0 0 0 255 51 0 0 255 255 255
    255 255 255 0 129 255 255 255 195 0 255 255 141 255 0 250 255 255
    255 255 195 255 0 255 0 0 0 255 180 0 157 0 148 0 255 255 255 0 0 0
    0 31 255 0 255 0 0 0 38 255 255 255 255 0 0 0 255 255 255 255 213 0
    0 70 255 255 77 0 0 0 255 255 255 29 140 255 0 49 0 255 101 255 0
    255 255 255 59 255 38 255 0 0 0 82 0 0 0 0 0 16 255 0 0 255 255 0
    144 0 0 0 255 245 64 0 105 255 0 0 121 39 255 255 166 0 0 206 255
    241 0 255 255 255 255 0 0 0 0 255 255 0 0 26 255 255 0 255 0 255 99
    255 0 0 255 41 255 0 255 0 69 208 22 156 0 255 255 243 255 255 0 255
    89 255 0 255 0 255 8 0 0 0 255 0 255 0 255 0 255 94 0 30 255 255 255
    0 117 44 0 0 255 255 255 84 5 0 0 255 0 255 0 112 0 255 0 255 0 0 0
    255 255 93 0 0 0 164 0 202 255 0 255 0 255 0 0 255 255 0 7 95 0 255
    0 255 255 0 0 0 129 255 255 3 0 255 255 255 217 228 255 0 48 0 255 0
    0 0 0 255 255 0 255 255 255 47 0 187 255 110 195 255 255 126 0 255
    255 255 67 0 255 32 255 0 255 0 255 255 255 0 0 0 255 0 255 0 0 54
    135 255 0 0 65 0 194 0 255 255 255 0 255 0 255 0 0 0 0 0 255 255 91
    0 255 0 255 0 255 214 255 255 0 0 255 0 145 129 125 255 0 0 0 0 0
    255 0 0 0 255 0 0 255 255 255 0 255 0 0 26 255 0 0 136 255 0 255 75
    255 255 255 0 255 156 255 29 255 0 255 255 255 0 255 212 255 255 0
    255 120 0 184 0 0 255 255 255 158 255 10 0 101 0 154 255 0 255 0 255
    125 255 255 0 255 0 0 0 0 255 255 1 255 0 0 0 255 218 255 255 243 0
    255 0 255 0 0 0 0 0 74 171 255 255 0 0 255 255 255 0 255 255 198 0
    255 6 255 0 255 255 0 199 0 228 0 255 255 255 255 0 255 0 255 0 255
    0 0 255 255 157 0 0 39 255 0 193 0 0 255 255 255 0 0 0 255 255 0 255
    0 255 131 0 0 255 255 255 0 0 0 0 255 255 255 0 255 255 0 255 255
    255 0 0 0 0 6 0 255 255 0 197 0 238 0 110 0 255 255 255 122 118 255
    255 0 0 255 255 255 185 0 0 0 255 61 204 255 0 8 0 0 255 0 0 0 255 0
    0 255 255 0 255 0 0 0 255 255 117 0 0 255 255 0 22 255 255 0 0 255
    255 255 0 0 255 0 166 144 255 21 255 255 255 91 179 255 255 255 0 0
    0 255 255 237 255 0 255 255 255 0 255 140 255 0 145 0 255 0 0 0 0
    255 0 0 0 201 255 0 255 0 0 0 0 0 63 255 255 0 0 255 255 255 255 0 0
    255 28 0 0 0 136 98 255 0 255 0 0 0 44 255 0 255 0 0 255 255 146 0
    173 255 255 0 0 255 255 0 114 255 195 0 0 0 164 255 255 0 255 255
    255 255 157 0 0 0 0 255 160 255 0 0 0 255 255 234 255 0 255 0 255
    255 147 0 255 0 0 0 0 255 0 255 25 255 255 255 0 195 0 75 0 0 255 0
    255 0 255 255 0 0 0 255 255 58 173 0 255 222 255 34 94 69 0 255 0
    255 0 255 178 255 0 255 0 0 255 255 0 0 0 255 255 195 255 225 255
    255 255 0 255 0 0 0 255 255 255 80 0 0 0 255 255 255 0 255 0 0 192 0
    255 251 255 255 0 0 254 255 255 255 0 0 255 0 0 0 255 87 59 255 255
    121 0 0 255 0 0 0 52 0 255 255 255 0 0 0 88 255 0 255 0 255 0 0 0
    255 255 0 0 0 0 255 0 252 255 255 114 0 255 255 255 0 0 0 255 0 255
    0 255 0 255 84 0 0 128 0 255 0 46 160 86 245 255 114 255 188 0 0 255
    0 255 0 0 0 0 0 0 167 46 255 0 36 0 255 255 0 0 0 255 255 0 0 152
    255 255 255 255 0 0 255 255 0 0 0 0 255 247 177 167 9 0 255 255 223
    0 11 0 255 255 255 0 0 0 255 255 0 255 255 255 0 255 0 255 0 255 0 0
    0 255 255 255 0 164 0 255 255 0 137 255 255 255 0 190 0 255 0 0 0
    175 194 0 0 179 255 255 0 0 0 255 0 0 35 255 255 200 219 0 83 255
    255 47 0 0 0 0 51 255 255 255 0 0 0 255 255 255 0 0 0 95 0 255 0 255
    0 255 0 255 0 148 0 255 0 255 92 198 0 255 169 255 0 0 0 255 255 232
    247 35 255 255 255 0 0 0 0 255 0 255 0 100 47 255 255 0 255 255 255
    0 0 0 38 255 155 255 0 255 0 226 40 255 255 121 126 0 255 255 0 255
    0 255 0 0 0 255 28 0 0 255 0 255 255 255 0 0 255 255 255 85 101 172
    2 255 255 0 255 255 255 0 255 255 0 0 0 255 255 255 255 0 0 255 0 0
    0 255 255 81 0 255 0 255 25 177 0 0 0 171 255 186 255 52 0 0 0 0 255
    255 62 31 255 255 255 0 255 0 0 44 255 255 0 0 0 255 31 212 0 6 255
    0 0 255 44 0 255 0 0 0 0 255 0 0 0 255 128 0 0 251 255 255 170 255 0
    255 64 0 255 255 0 0 255 255 0 255 0 255 255 255 0 0 255 255 255 0 0
    255 0 0 255 133 255 0 255 0 0 255 255 255 0 255 0 255 165 255 255
    255 205 0 231 0 0 0 255 76 255 0 0 0 255 255 0 198 0 155 73 255 255
    0 0 0 255 0 53 0 255 0 253 0 0 0 255 255 0 255 255 91 0 255 255 255
    255 0 0 255 255 186 255 0 255 255 255 0 0 31 7 124 0 255 132 255 255
    255 255 0 0 0 255 0 246 252 25 0 0 255 197 255 255 255 0 0 0 0 255 0
    255 73 255 217 255 62 163 0 0 35 0 255 0 255 8 225 0 0 75 255 255
    255 255 1 255 0 132 255 0 0 0 255 0 118 36 0 128 0 255 255 0 0 0 255
    255 255 172 255 255 255 255 255 0 0 0 15 0 0 255 255 255 255 0 0 255
    255 0 0 82 0 255 255 255 145 255 255 255 0 255 255 0 0 0 255 255 66
    0 255 255 255 0 255 255 255 255 0 255 0 0 0 255 255 255 0 137 0 255
    255 255 255 0 0 255 255 255 0 232 0 255 45 0 255 255 255 0 0 255 247
    0 0 160 255 255 217 255 0 255 255 0 0 0 255 255 112 255 255 98 0 55
    255 0 255 0 0 255 255 198 255 255 255 0 0 0 0 255 255 73 136 255 255
    255 0 255 239 0 221 0 255 0 255 255 0 0 255 255 168 29 0 56 0 127
    255 255 255 255 0 0 0 255 255 255 255 0 73 161 30 13 255 0 123 0 0 0
    255 255 0 255 0 36 0 132 0 0 255 255 255 255 255 0 0 158 255 255 255
    255 171 168 255 255 0 0 0 0 192 255 184 0 255 0 0 209 130 255 0 236
    0 0 0 255 255 255 0 255 0 6 120 255 255 0 20 255 255 255 0 0 0 0 255
    0 174 3 255 255 13 0 255 255 0 64 255 0 151 0 255 33 152 0 255 255
    255 190 232 40 0 59 0 30 0 138 254 20 0 255 0 255 255 0 0 0 255 255
    189 0 255 255 0 0 0 181 255 24 255 67 255 53 255 255 255 255 255 255
    0 255 194 255 229 255 0 0 0 0 255 5 134 2 142 0 0 255 0 255 255 228
    0 0 0 255 255 90 0 255 255 255 255 0 0 0 255 161 0 71 255 255 63 255
    79 0 255 0 0 255 183 255 255 0 109 255 0 0 0 255 25 255 255 0 37 25
    0 0 255 255 255 0 255 255 9 255 255 255 0 0 0 255 255 255 0 255 255
    0 0 0 255 255 0 0 0 255 255 138 0 130 255 255 255 194 170 255 117
    255 0 78 255 255 0 255 0 0 0 255 0 0 255 255 237 230 255 255 255 220
    0 255 198 255 0 204 255 255 255 181 0 0 0 0 0 255 255 0 236 255 0 0
    137 255 193 245 255 255 246 0 255 0 182 0 0 0 255 255 255 0 19 0 64
    0 255 255 255 0 0 0 255 0 255 0 255 0 0 255 255 255 0 0 0 51 0 0 0
    255 0 255 144 0 0 0 255 255 0 255 255 255 0 0 0 0 66 218 43 255 255
    255 0 0 255 9 255 255 255 0 0 107 255 255 255 0 0 0 255 255 255 0
    255 255 255 112 0 0 0 253 64 255 0 101 255 255 0 0 0 0 0 0 0 200 230
    247 255 255 245 0 0 255 0 255 231 0 0 0 0 255 255 255 0 255 255 159
    0 0 255 255 255 0 0 234 0 151 255 202 171 255 255 255 0 0 0 255 255
    0 229 255 0 255 0 0 0 0 255 0 255 0 151 255 255 250 24 0 255 255 255
    78 255 0 255 0 0 255 156 192 0 251 255 0 0 255 206 255 38 186 255
    255 255 227 255 255 0 37 154 255 0 0 0 255 0 0 255 255 80 0 0 0 141
    0 255 255 255 255 146 0 254 255 255 197 255 255 0 183 255 0 0 87 118
    79 255 0 0 116 0 255 255 91 0 168 255 0 255 0 255 255 0 97 0 255 28
    0 228 255 0 194 255 0 255 0 0 146 255 255 0 255 255 0 253 0 0 56 0
    255 0 255 0 255 255 255 0 19 0 255 0 255 255 98 0 255 255 49 121 0
    255 168 0 173 0 134 0 255 239 159 57 255 255 0 0 255 0 50 255 255 0
    0 255 0 255 255 0 255 255 255 0 184 0 0 0 57 0 255 255 255 0 255 0
    255 0 0 0 255 16 255 0 67 95 255 150 255 255 40 255 0 255 255 0 0 27
    255 0 136 0 0 255 255 255 255 255 0 255 255 0 255 0 0 255 115 55 0
    255 0 0 0 255 0 220 255 255 255 0 0 0 255 0 255 0 255 255 255 0 14
    255 192 0 0 218 255 255 0 0 0 255 255 0 0 255 255 0 171 0 0 0 255
    255 51 164 0 255 255 255 5 0 0 233 255 0 0 0 255 255 161 0 0 0 0 0 0
    255 57 255 3 0 99 255 101 255 57 255 255 255 85 255 0 255 82 255 0 0
    53 255 255 157 99 255 28 0 255 31 106 181 255 255 0 0 0 0 255 255 0
    0 255 0 255 0 35 0 255 255 24 45 0 232 0 255 214 0 0 255 0 255 0 0 0
    255 255 255 136 54 40 61 183 0 0 255 255 255 0 0 255 55 0 0 0 0 0 0
    255 255 0 255 0 255 105 255 0 0 0 131 0 82 19 249 255 0 255 43 255
    255 255 0 255 255 255 0 255 0 255 0 255 80 0 255 151 182 255 255 255
    121 255 255 255 0 255 0 255 0 255 0 255 0 255 0 239 12 255 255 255
    255 0 206 255 0 255 0 255 0 255 255 255 0 0 0 0 144 0 255 188 255 84
    255 255 255 255 183 255 0 17 255 255 255 0 0 255 255 0 255 0 255 0
    255 0 255 0 0 255 255 255 255 0 255 255 222 0 0 0 255 255 202 255
    255 0 0 255 255 255 0 255 255 255 255 0 41 40 234 0 255 0 255 0 255
    0 255 234 255 0 0 255 0 82 81 0 0 129 255 117 34 255 255 255 246 255
    0 255 255 0 215 0 255 255 255 214 0 178 99 0 0 255 0 0 0 255 255 240
    255 0 255 0 255 105 43 0 255 255 0 255 0 0 34 0 59 23 255 0 0 255
    255 0 0 255 255 46 96 0 0 0 255 255 255 31 0 10 0 255 207 150 0 243
    0 255 0 255 0 255 0 0 255 255 0 255 255 255 0 0 8 94 0 0 255 255 255
    0 0 0 255 255 255 255 69 255 255 255 213 0 0 0 159 0 33 255 255 255
    255 255 221 37 0 237 255 255 0 0 0 178 255 255 49 0 0 255 255 255 0
    0 23 0 255 140 255 0 255 255 255 255 0 0 236 255 0 175 0 255 255 1 0
    0 114 255 255 255 0 229 255 83 255 0 255 255 48 248 255 255 255 255
    0 141 0 0 0 234 255 0 0 0 255 255 0 0 0 0 0 255 255 255 0 52 0 255
    255 255 0 0 0 0 111 255 255 215 0 157 0 255 0 255 0 255 255 255 0
    255 0 255 255 0 0 152 255 0 0 0 255 255 0 0 0 0 245 255 0 0 36 255
    255 255 16 155 0 255 255 0 0 0 0 255 255 0 75 0 255 202 221 0 91 0
    216 255 255 79 122 81 0 24 255 255 255 0 22 255 178 0 154 255 255
    255 67 0 255 0 0 0 255 0 255 0 255 0 196 255 11 133 206 230 255 255
    0 0 0 249 0 0 0 255 0 0 0 234 255 255 255 255 255 117 255 117 0 185
    86 216 255 0 24 0 255 255 6 42 113 255 255 0 0 0 255 0 0 23 255 255
    0 192 255 255 0 0 0 0 255 0 255 0 255 255 255 255 0 0 109 255 17 0
    243 138 85 0 0 0 255 0 194 255 0 0 255 255 151 0 177 255 79 255 255
    54 0 0 255 255 0 255 255 255 255 255 23 0 0 255 234 255 0 0 0 0 255
    0 0 202 255 255 0 0 0 255 255 158 255 0 0 218 187 0 0 255 0 0 212 0
    255 27 255 0 0 0 255 255 0 255 255 255 0 255 0 0 0 255 73 0 215 255
    255 209 255 0 255 0 255 0 177 0 0 255 0 0 255 17 255 18 255 0 87 39
    255 0 52 255 140 70 169 255 0 255 233 0 0 0 0 255 180 62 255 0 255 0
    255 0 255 0 0 65 255 255 142 0 130 182 255 0 0 0 199 255 0 125 14
    255 0 0 255 255 255 0 0 0 255 0 224 255 255 0 144 233 0 0 0 0 112 43
    129 0 0 255 19 255 255 180 255 0 0 60 255 255 255 255 255 0 255 0
    255 0 37 234 255 93 0 153 0 255 0 54 255 255 236 73 221 255 255 0
    255 0 255 141 255 0 62 0 255 255 255 0 255 0 255 0 255 0 0 0 41 255
    245 0 0 0 0 255 84 255 0 0 0 0 0 0 255 163 255 0 255 117 6 0 255 255
    137 0 0 110 0 67 255 255 255 0 101 0 255 255 0 0 0 0 98 255 174 255
    0 0 255 0 64 0 46 1 251 0 255 255 0 255 0 178 255 255 0 0 255 175 0
    28 255 0 255 0 255 0 0 45 0 255 0 0 0 0 255 0 255 0 0 0 176 255 255
    255 255 0 0 5 255 255 255 255 0 170 0 58 0 160 0 255 208 0 64 0 255
    0 255 0 0 0 0 255 255 0 255 0 255 0 255 0 0 255 255 255 0 255 0 0 0
    255 156 27 71 219 0 255 176 255 0 0 0 255 64 0 0 178 255 0 0 255 255
    0 255 122 0 255 255 0 0 0 0 206 255 0 0 255 119 255 0 0 0 203 255
    255 133 129 239 0 169 153 255 255 0 130 43 162 0 0 255 0 29 255 0
    255 255 0 0 255 255 255 0 0 209 255 255 135 0 0 255 255 255 0 255
    137 0 16 0 3 0 29 255 0 255 0 255 123 0 0 255 227 0 0 255 10 255 0
    253 191 0 255 255 255 0 255 146 255 55 0 255 0 255 212 0 255 255 255
    255 0 0 126 43 45 0 45 169 255 0 58 0 255 255 255 255 0 255 255 255
    0 0 255 0 0 0 26 255 0 0 0 0 255 0 0 0 1 0 255 0 255 115 255 0 255
    255 255 0 109 0 0 0 160 77 0 0 255 0 255 255 255 0 61 255 0 70 0 255
    0 255 0 255 0 130 255 255 255 255 0 255 0 0 255 0 255 0 0 0 255 255
    0 0 0 255 255 0 0 0 0 0 0 0 0 255 77 255 255 137 0 0 255 255 0 0 255
    0 0 0 255 255 255 0 0 0 255 0 0 255 255 0 0 248 255 0 0 0 255 255
    139 191 0 0 0 255 255 255 255 0 255 233 255 0 0 255 255 255 255 255
    0 0 23 255 255 0 187 0 0 158 255 0 0 148 255 255 255 255 248 0 0 0 0
    255 255 0 255 0 255 0 64 184 255 0 255 0 0 0 0 187 228 255 255 0 255
    0 0 0 255 255 255 255 0 0 0 0 255 0 0 255 255 0 0 122 92 255 0 0 255
    255 255 0 0 0 0 255 255 171 128 255 255 0 0 0 255 255 255 245 0 255
    255 0 255 218 0 0 0 255 94 79 87 0 255 255 0 0 0 0 255 0 193 0 255 0
    60 15 69 170 255 0 255 60 51 0 0 0 255 255 0 0 255 255 255 0 0 0 0
    255 255 0 124 255 0 255 0 255 25 255 0 255 0 255 255 79 125 0 255
    255 166 0 189 255 0 255 0 255 0 81 0 204 255 57 255 0 255 105 255 0
    0 0 0 255 0 173 0 0 255 255 255 0 255 70 255 0 255 0 255 255 255 0 0
    0 94 255 0 255 42 255 255 0 235 198 0 255 126 104 178 69 0 193 0 65
    0 255 0 255 0 0 0 255 62 255 255 202 0 0 255 0 106 0 0 255 52 0 255
    255 255 50 255 255 255 255 255 255 89 0 255 0 0 255 255 0 255 255 76
    0 255 194 255 0 0 0 255 253 0 16 0 255 255 188 0 0 37 255 60 255 0 0
    0 255 0 0 255 171 255 0 0 0 255 0 230 255 35 192 0 255 255 255 0 62
    131 0 255 0 255 0 255 172 219 0 255 0 0 0 126 0 0 255 0 0 0 243 255
    0 255 255 140 0 255 255 255 255 193 0 255 255 255 255 0 255 255 72
    255 0 255 0 255 0 176 255 0 0 0 232 255 0 255 255 171 0 0 255 84 0 0
    255 0 0 209 0 255 255 104 0 255 179 255 0 0 0 255 255 0 0 98 255 0
    255 255 255 48 255 0 255 0 255 0 0 215 0 0 255 251 0 186 0 255 0 255
    3 255 0 0 0 131 255 0 59 255 255 159 4 255 0 14 255 255 0 0 255 0
    255 0 255 0 255 255 55 0 181 232 255 0 71 255 0 255 0 255 0 93 255
    124 255 0 0 255 0 255 0 0 0 86 255 178 255 0 0 255 98 255 0 0 164 0
    0 0 210 0 255 255 255 255 255 32 225 255 255 70 22 0 255 255 255 0 0
    0 0 0 0 255 255 255 255 255 0 84 255 0 148 255 255 255 255 239 0 255
    255 255 0 0 0 0 6 198 255 0 0 255 236 255 0 255 0 0 0 0 255 204 255
    255 0 255 104 255 0 0 87 255 0 172 0 255 102 0 41 255 255 73 255 151
    255 0 0 0 228 255 0 0 0 255 0 255 255 255 0 244 255 255 116 255 0
    140 0 255 0 2 0 0 0 255 255 255 0 0 0 0 255 111 255 58 0 43 255 255
    97 215 255 0 172 191 255 255 0 0 35 0 0 255 0 255 145 0 255 98 0 49
    255 255 255 0 0 255 255 0 0 0 255 255 255 0 168 84 255 0 0 255 255
    63 0 0 154 159 255 77 255 231 0 0 255 224 255 0 0 126 0 255 255 0 0
    111 255 255 255 0 149 31 0 0 255 255 255 0 0 0 229 255 255 255 0 165
    255 255 255 152 255 0 255 255 41 0 0 0 0 255 0 255 0 0 255 0 182 255
    255 148 255 255 255 0 0 0 255 178 255 255 255 0 255 255 255 0 255
    100 152 0 0 255 255 235 255 255 55 255 0 255 0 0 204 255 190 171 255
    255 255 0 255 0 0 0 255 255 0 0 0 165 255 255 238 255 255 255 0 255
    0 0 0 0 0 255 0 255 0 255 255 0 0 255 255 0 0 0 255 0 255 255 255 0
    81 0 224 0 255 0 255 255 255 0 0 125 0 255 255 255 255 255 0 255 255
    255 0 0 0 255 255 255 255 255 0 0 255 255 255 0 255 0 0 0 255 180
    255 0 255 195 255 0 0 0 255 0 255 0 0 255 255 255 0 255 255 144 79 0
    255 255 255 0 201 0 255 255 255 255 49 0 116 255 0 0 0 0 255 255 37
    0 0 0 73 0 255 204 0 68 255 255 255 203 255 0 0 26 0 0 0 0 41 0 53
    255 188 255 255 0 0 0 121 255 0 0 88 255 0 255 0 0 0 255 0 24 0 94
    255 255 255 0 0 0 255 255 255 0 0 255 255 255 255 255 0 0 255 255
    255 255 255 0 234 0 0 255 0 255 255 0 255 10 0 33 0 0 0 255 255 255
    77 255 255 187 255 0 0 0 0 243 255 255 0 255 137 255 0 0 255 255 255
    120 0 0 255 255 255 125 255 255 255 0 0 0 255 255 192 255 0 255 0
    214 0 0 0 219 0 178 255 0 0 0 255 255 255 0 255 255 255 53 0 0 0 255
    0 255 0 0 255 255 0 255 255 60 162 0 255 255 255 0 0 0 255 178 255 0
    255 255 0 0 0 255 0 0 255 255 255 255 6 0 3 255 0 255 255 255 0 255
    255 255 254 255 0 248 0 214 255 255 255 0 255 151 0 255 0 254 0 255
    255 255 0 0 0 0 0 0 0 242 255 255 255 213 255 0 0 255 217 255 70 0
    255 255 255 255 0 215 255 255 0 0 0 114 255 243 0 255 0 93 0 255 255
    177 0 0 255 255 0 255 138 255 0 77 0 255 0 21 0 255 255 0 65 0 255 0
    255 0 76 255 0 0 0 0 132 0 255 255 255 58 255 0 255 0 6 0 0 0 0 255
    137 0 255 0 0 0 255 255 0 0 255 129 255 201 0 38 148 0 0 0 255 255
    255 0 255 0 200 255 255 0 0 127 54 255 255 255 172 0 255 160 255 12
    0 0 0 255 255 255 223 0 255 255 255 0 0 255 0 255 208 255 143 0 255
    0 96 0 255 255 0 52 0 255 0 255 255 255 255 179 255 0 113 243 255 65
    197 85 0 0 0 255 255 69 0 237 255 255 0 0 47 255 255 55 0 0 30 79
    255 91 0 0 255 0 17 0 50 255 255 255 143 0 255 49 0 0 255 255 0 18
    255 255 0 0 8 255 0 220 255 255 0 224 0 255 255 91 0 255 255 255 0 0
    0 0 255 0 0 0 0 255 255 27 0 255 255 0 255 255 0 255 0 0 0 189 0 0
    255 255 0 0 0 255 255 255 0 0 0 0 255 255 0 0 0 255 0 193 255 255
    255 0 0 0 255 0 0 0 255 255 0 0 0 0 255 255 255 255 228 255 57 0 0
    255 255 255 0 144 8 0 0 255 255 255 35 0 0 0 159 0 52 0 0 255 255 0
    0 0 255 0 0 255 255 0 0 0 202 0 255 255 0 0 0 255 255 255 255 0 0 0
    171 255 0 240 0 0 0 255 255 255 0 0 0 255 255 197 255 143 255 80 255
    0 0 255 160 255 0 100 131 0 39 14 255 0 0 0 255 255 0 255 0 107 39
    255 0 255 255 255 0 115 0 255 0 0 0 0 0 24 255 255 255 0 0 0 87 162
    4 255 0 82 0 255 140 132 255 75 255 0 0 0 255 255 0 0 255 255 217
    255 255 255 255 50 206 0 0 0 255 255 45 255 0 0 255 255 0 183 79 0
    169 0 0 255 255 255 0 255 72 227 0 0 0 255 255 123 77 255 0 0 0 255
    205 0 255 255 255 65 0 0 140 255 17 252 0 0 0 9 0 255 38 255 0 255 0
    255 99 0 213 255 42 255 178 255 255 255 255 0 255 0 0 0 0 255 0 255
    0 0 0 255 0 255 66 255 255 0 255 255 255 0 255 0 255 255 0 0 221 46
    66 180 0 212 0 218 0 65 108 0 255 255 38 86 255 240 255 255 255 255
    255 255 255 0 219 0 0 255 255 232 0 0 255 255 131 255 32 255 0 255 0
    199 255 255 153 23 239 255 0 116 128 255 255 0 0 255 255 0 0 0 255
    109 255 17 33 133 27 0 1 123 255 52 255 159 255 0 239 255 0 217 255
    27 255 0 0 255 88 0 0 0 170 0 0 255 255 241 255 255 0 0 255 0 255 0
    255 255 0 0 0 0 255 255 192 0 0 255 255 255 0 0 255 0 0 255 255 0
    234 0 0 255 0 201 255 255 187 0 255 255 0 255 190 231 0 0 255 0 255
    0 255 255 95 0 255 255 255 255 0 0 235 255 0 246 255 0 0 0 0 0 0 62
    255 255 255 244 0 162 143 8 222 0 0 255 170 255 229 0 0 0 255 0 255
    255 255 200 255 0 0 0 47 171 0 0 255 157 0 0 7 255 0 0 255 0 255 0
    160 85 255 0 0 0 255 245 255 255 0 0 0 221 0 255 255 255 79 255 255
    0 0 15 255 255 255 0 19 0 230 0 255 0 255 255 255 255 0 0 255 255 27
    0 0 0 255 255 251 0 255 0 255 255 255 255 0 0 255 183 132 0 191 164
    255 255 0 255 255 0 0 123 0 255 255 255 0 145 0 47 0 255 0 0 0 255
    255 255 218 80 0 0 0 255 0 255 0 0 0 0 255 255 0 136 178 255 147 0
    171 255 0 255 0 255 0 255 0 255 0 0 0 255 234 255 255 0 0 0 255 255
    0 0 0 255 41 86 205 0 195 255 255 0 0 0 179 255 255 73 0 174 0 0 0
    255 0 0 0 255 227 61 0 0 255 0 0 0 65 255 255 0 0 29 255 255 65 255
    221 0 255 0 255 0 0 255 0 0 0 255 255 255 0 0 0 90 255 255 0 0 0 255
    255 33 0 255 255 0 255 0 255 0 0 255 0 171 255 255 248 0 255 255 0 0
    0 0 255 255 255 0 0 255 255 255 71 94 0 255 172 0 255 0 255 122 0
    255 0 255 255 0 255 0 255 255 0 122 120 255 0 255 240 0 255 68 0 0 0
    0 0 76 255 255 255 0 0 0 45 0 255 114 255 0 255 255 255 0 3 255 255
    183 0 255 38 255 29 16 255 255 255 0 0 255 255 255 0 177 255 0 0 216
    110 255 0 0 0 67 255 0 0 255 71 25 0 255 255 255 241 0 255 0 197 0
    255 189 0 0 0 255 255 255 255 0 0 255 255 255 145 255 0 255 0 200 0
    170 255 255 0 255 255 255 255 255 151 0 255 255 255 169 58 0 166 255
    65 0 0 0 0 255 0 200 0 255 208 255 255 0 255 0 255 170 0 0 0 255 255
    231 0 73 255 0 18 255 0 115 0 255 0 0 0 71 255 192 0 0 235 255 156 0
    255 255 138 255 0 255 0 0 0 255 255 255 0 18 0 0 108 0 0 255 255 255
    98 255 0 0 0 255 255 0 255 0 255 250 0 217 255 134 0 0 255 0 246 0
    119 255 255 0 0 0 41 174 255 172 0 111 130 255 0 0 55 255 255 0 0 0
    0 0 0 212 255 216 0 255 141 0 255 0 255 219 0 0 13 255 255 255 87 91
    0 255 0 0 255 0 255 0 0 0 0 0 255 255 255 0 0 51 255 123 219 255 255
    0 147 0 255 123 255 4 116 0 0 0 255 42 255 242 198 0 255 0 0 0 255
    220 255 255 0 255 0 255 255 255 0 0 254 0 255 255 255 255 0 0 0 146
    0 17 54 0 0 255 255 0 0 196 0 0 255 255 255 255 0 0 0 255 0 16 255 0
    245 255 0 0 10 255 255 255 255 142 0 0 184 33 255 255 0 245 157 255
    0 0 114 255 0 177 0 191 255 0 196 0 0 255 143 255 255 0 0 0 0 0 0
    255 255 128 0 255 255 255 255 0 255 251 145 197 0 255 255 255 0 255
    0 0 0 0 255 113 0 0 0 255 255 255 224 0 0 0 255 255 0 255 0 0 0 255
    44 255 255 0 146 255 255 45 0 0 255 0 221 0 255 0 255 255 0 255 0 0
    0 255 0 255 255 255 0 0 173 0 19 0 0 0 233 255 255 0 255 255 255 0 0
    0 0 0 255 255 0 0 0 255 255 255 0 255 255 0 255 255 255 255 255 15 0
    255 255 0 0 255 220 0 0 161 255 0 255 0 255 164 0 255 0 255 255 255
    255 0 0 0 255 255 0 255 0 255 255 255 0 0 0 0 75 255 8 0 100 255 255
    140 0 0 255 0 184 255 158 255 197 255 22 255 0 0 0 255 0 255 0 255
    221 255 0 157 213 0 255 175 255 0 255 176 232 0 0 255 255 164 255
    255 0 59 255 255 106 255 0 0 255 0 0 0 255 255 0 0 255 255 255 164 0
    0 240 255 0 0 0 255 255 0 0 8 255 115 0 255 0 255 0 255 0 255 255 0
    0 59 255 255 255 0 0 0 0 255 197 16 255 0 25 0 255 255 255 0 255 101
    255 0 255 0 255 115 0 255 255 0 0 0 255 182 255 97 0 44 0 255 103
    255 86 0 0 186 0 56 255 255 255 255 255 255 0 0 0 0 0 255 255 119
    147 0 0 255 23 255 0 0 249 255 17 0 89 255 255 0 0 0 255 255 0 130 0
    0 0 255 227 0 0 0 31 0 255 51 255 17 255 0 255 0 231 173 255 255 255
    255</data></my_img>
<your_img type_id="opencv-matrix">
  <rows>128</rows>
  <cols>256</cols>
  <dt>"3u"</dt>
  <data>
    0 0 255 255 255 203 0 0 255 0 0 0 0 255 45 0 255 0 255 255 27 0 255
    255 0 0 0 218 0 0 0 0 0 255 0 0 0 255 0 133 255 0 0 255 201 255 207
    255 0 255 19 0 255 0 255 0 255 0 67 60 255 255 0 0 255 129 244 0 0 0
    140 0 93 255 0 255 0 0 55 255 131 0 46 13 0 255 0 0 0 0 25 255 255
    255 255 255 255 255 0 0 255 152 255 0 243 0 0 48 0 0 0 255 255 26
    230 232 255 0 255 0 91 179 255 0 255 0 217 146 255 0 255 0 0 74 49
    255 0 0 255 0 0 0 255 255 0 0 255 20 0 255 69 230 255 255 0 0 0 255
    98 255 0 255 0 0 0 255 255 255 141 200 58 181 211 208 0 88 255 255
    255 255 255 0 0 0 210 0 255 0 255 255 0 255 40 31 0 137 0 0 0 230
    255 0 0 0 255 255 0 0 0 255 0 255 255 255 142 0 255 0 255 0 255 255
    255 0 0 0 255 0 27 0 195 137 255 255 255 0 255 0 56 255 255 35 255
    255 0 255 255 0 111 0 255 255 255 0 0 0 255 255 255 168 0 0 255 128
    254 255 0 255 69 0 0 0 255 0 97 0 0 255 255 255 0 0 255 255 216 0 0
    0 0 255 0 255 0 106 255 0 255 255 0 255 255 255 0 0 0 0 0 0 32 255
    255 0 0 213 91 255 255 255 171 0 0 0 0 165 0 207 93 19 255 0 47 255
    255 0 0 0 255 93 0 0 255 165 0 255 255 255 0 0 255 255 94 255 255
    255 205 0 0 0 0 255 255 255 255 255 73 17 0 255 203 255 0 143 255 0
    0 0 255 255 255 255 0 255 255 255 0 255 0 255 255 0 0 0 177 255 225
    255 0 255 255 77 0 0 255 255 0 255 0 255 0 0 255 255 0 188 255 255 0
    255 100 255 255 161 255 0 0 255 255 255 0 0 185 255 255 0 160 0 80
    255 255 0 0 255 255 157 148 0 0 255 0 107 255 248 0 255 196 255 0
    255 0 255 0 255 0 255 0 255 250 0 221 0 0 0 255 255 0 0 0 255 0 255
    255 0 122 0 255 255 255 0 0 0 255 0 255 255 0 255 0 196 255 255 0 61
    0 255 201 255 0 255 0 0 0 255 176 174 0 255 255 255 0 0 255 0 0 15
    255 255 0 0 255 255 71 251 0 0 0 255 107 255 255 255 255 0 0 0 0 255
    255 255 245 0 0 255 0 255 255 0 255 155 0 41 0 255 0 255 0 255 255
    228 0 0 255 0 222 0 0 255 0 255 0 255 255 255 0 0 255 255 255 0 255
    0 69 0 0 0 255 0 0 255 255 204 0 124 255 31 0 255 33 255 255 155 255
    0 0 0 255 255 0 0 0 0 255 255 255 0 255 255 255 0 0 0 255 255 223
    255 198 0 0 255 248 255 0 0 0 0 255 0 255 0 255 0 0 236 4 255 255 0
    255 0 255 123 0 0 0 255 255 0 0 255 255 255 0 0 4 255 0 0 186 255 0
    255 255 0 0 255 0 255 123 255 0 255 0 255 0 255 0 0 38 255 176 0 0 0
    255 255 0 45 54 255 130 0 22 0 255 0 255 0 112 0 0 11 255 0 0 184
    255 0 0 0 255 255 0 0 0 255 255 0 0 255 255 0 0 0 255 212 255 0 255
    169 255 255 0 0 0 255 255 255 255 0 255 0 0 246 97 255 0 0 197 22 0
    242 0 0 0 0 64 255 0 180 255 24 255 0 17 255 255 0 0 0 255 255 0 0
    198 79 255 255 255 118 255 255 255 0 0 255 255 0 0 0 105 7 45 0 255
    0 0 0 255 0 0 255 0 255 0 255 50 107 255 0 0 0 255 255 242 120 255
    255 110 255 255 255 255 246 255 0 215 0 255 255 0 76 0 181 255 255
    64 0 255 255 255 0 0 0 0 0 22 184 255 255 0 225 0 255 0 255 0 78 255
    255 255 58 255 0 0 255 10 255 0 255 255 255 255 0 0 210 255 255 255
    0 0 255 255 125 71 0 255 210 0 255 255 93 255 0 255 0 0 58 0 0 0 255
    0 255 0 255 255 0 0 0 255 0 255 255 198 0 0 255 181 0 0 255 0 0 255
    0 0 176 0 0 0 255 255 255 0 0 255 255 0 58 255 0 255 255 255 0 147 0
    255 255 0 0 255 255 255 0 255 255 255 0 255 144 0 0 127 2 0 132 46 0
    0 0 26 255 0 0 0 65 214 255 154 255 0 0 0 255 0 255 255 0 0 0 0 0
    255 0 218 255 76 255 104 0 0 255 224 0 0 0 255 0 255 250 0 255 0 0
    255 228 0 255 255 255 255 179 139 255 255 0 0 0 0 255 0 255 0 255
    255 255 0 0 255 175 194 255 0 255 0 0 0 255 255 0 255 0 255 168 255
    255 44 0 158 89 0 0 243 255 0 0 0 255 255 255 235 255 255 140 0 0 67
    255 255 0 0 255 255 255 49 255 82 255 0 0 255 0 0 0 0 228 255 155
    198 0 0 0 0 255 255 255 0 231 0 0 0 255 0 0 0 255 255 0 255 60 0 255
    255 0 0 0 0 0 255 0 255 0 255 248 191 255 0 255 255 255 13 0 255 146
    0 0 255 255 255 0 255 0 255 26 255 0 255 255 255 0 0 0 29 0 252 0
    255 142 0 0 0 205 126 176 255 255 255 0 0 0 114 128 255 0 42 0 255 0
    255 0 255 0 255 32 148 0 255 0 244 255 58 0 0 255 175 115 255 0 7 0
    0 0 255 255 0 255 0 255 0 255 235 255 255 255 220 0 96 48 0 98 0 255
    210 0 0 0 255 255 0 172 0 0 0 4 18 68 0 255 255 154 255 0 255 0 0
    242 171 255 255 0 0 231 255 0 0 0 255 123 0 255 255 74 0 255 24 255
    0 0 6 0 200 0 215 0 168 0 0 255 0 0 255 0 255 0 0 255 9 255 0 0 132
    2 0 255 0 255 255 0 255 137 255 0 60 12 0 0 255 255 0 255 0 255 255
    255 255 0 255 0 0 0 232 51 255 255 0 255 0 255 255 255 255 255 0 0 0
    170 56 255 8 255 0 180 140 0 233 255 234 221 0 59 255 0 62 24 255 30
    0 0 158 255 255 255 0 48 0 255 0 255 162 255 0 0 255 255 0 255 255
    255 0 255 140 183 0 0 255 255 255 0 142 0 0 255 255 255 0 0 0 255
    255 161 255 0 203 0 255 255 255 42 0 0 0 255 255 255 0 221 255 0 0
    255 0 255 255 255 0 0 0 0 255 0 0 0 255 183 109 0 255 255 0 255 255
    0 255 0 221 0 255 255 226 0 0 255 255 255 255 0 255 0 175 255 255 0
    194 255 255 130 0 0 90 255 0 0 0 255 100 0 0 255 255 0 245 66 255
    155 0 0 0 255 255 93 215 0 254 0 0 79 70 0 255 0 255 0 255 255 255 0
    255 96 0 187 255 188 49 0 255 0 255 255 0 238 220 237 0 0 255 255 0
    87 255 255 0 255 64 0 0 255 255 255 12 171 255 255 0 85 255 154 255
    255 255 255 90 0 245 0 27 83 3 0 255 255 95 255 0 110 0 0 19 74 255
    255 255 254 0 0 0 255 144 255 1 0 0 0 255 255 255 0 255 0 255 116
    166 0 255 255 0 0 0 255 255 255 85 255 0 0 0 0 255 255 255 0 255 255
    0 102 0 92 255 255 0 255 0 0 0 255 96 255 203 0 0 255 207 0 0 0 0
    255 0 0 0 255 255 0 175 50 255 149 255 0 0 255 255 187 0 0 0 255 255
    0 0 0 119 255 82 117 0 144 0 175 0 15 255 255 0 255 173 255 255 0
    255 0 255 255 0 0 255 12 255 0 255 255 0 0 0 255 0 36 0 255 255 0 0
    255 255 255 0 225 255 255 0 49 0 255 0 255 255 255 255 2 0 0 149 137
    255 0 165 41 55 255 255 142 255 255 255 0 0 0 178 255 255 255 0 255
    255 0 255 0 255 255 255 162 0 178 218 0 255 0 0 1 0 0 255 255 81 0
    140 0 0 0 0 0 255 64 141 167 255 255 0 0 0 240 0 77 0 255 40 255 0
    255 0 255 193 0 255 255 0 255 0 255 0 219 0 0 255 0 255 117 0 0 255
    255 44 0 0 255 184 0 219 0 255 255 0 0 0 255 255 255 255 0 255 255
    148 0 62 222 255 64 255 0 0 111 0 255 136 0 255 0 0 0 192 222 255
    255 0 37 0 255 0 255 0 255 0 255 255 0 255 0 201 255 0 154 67 255 14
    0 204 0 0 89 255 0 0 0 255 255 255 255 72 168 0 255 255 0 255 163
    255 0 255 0 255 0 0 31 255 255 0 255 255 255 0 0 0 255 0 0 0 255 255
    255 255 255 255 0 0 0 0 0 0 154 93 255 0 255 17 0 0 0 167 255 255 0
    35 0 0 255 0 255 255 255 255 255 255 112 255 0 0 240 255 0 19 0 0
    255 255 51 0 0 187 33 217 255 0 0 0 0 72 255 0 0 0 0 255 255 0 0 0
    255 255 44 255 0 0 255 255 255 0 0 0 255 115 255 255 0 255 0 27 138
    255 255 255 78 0 0 255 255 255 174 0 0 0 244 255 255 255 78 0 234 0
    0 227 0 0 0 178 233 166 133 255 255 195 255 255 255 0 39 255 255 0 0
    16 255 255 1 255 255 255 200 255 0 255 255 255 0 255 98 0 255 255 0
    0 0 255 0 159 183 210 255 29 255 255 85 0 0 0 255 255 255 125 0 0
    255 0 0 0 62 255 255 0 0 0 105 255 255 255 0 10 184 255 255 255 211
    0 0 67 0 0 147 0 0 77 255 0 80 0 0 255 0 0 0 255 26 255 0 255 0 255
    0 173 0 0 255 0 255 151 255 0 235 42 142 0 93 255 255 210 0 255 255
    0 255 255 0 255 0 52 127 255 0 255 0 255 0 246 255 0 255 0 255 0 0 0
    0 255 255 255 0 0 0 255 0 255 180 157 196 0 255 255 255 0 255 255
    255 0 0 0 0 255 225 255 0 145 255 156 255 135 103 0 18 0 255 255 0
    255 0 255 0 0 255 0 0 0 0 0 0 0 255 255 255 246 255 255 255 50 255
    255 255 0 255 0 178 0 255 0 155 0 0 255 255 255 0 0 255 255 255 0
    149 0 255 0 183 255 255 210 0 29 0 255 255 255 0 0 196 0 255 0 255 0
    91 0 0 0 0 255 255 123 208 255 0 10 0 248 255 255 0 0 255 0 0 255
    124 0 0 126 255 255 211 0 0 255 0 0 255 255 99 255 0 255 192 0 0 255
    255 255 255 215 0 0 255 255 103 255 0 255 0 0 0 255 255 159 255 255
    184 233 0 245 241 255 0 255 0 255 89 0 0 255 255 44 49 245 0 27 0
    255 255 255 255 0 0 147 255 255 0 242 0 255 0 0 0 255 255 255 245 78
    0 0 0 0 255 255 255 0 255 0 0 255 255 255 0 0 219 255 255 255 0 0
    255 70 0 0 255 255 139 94 0 0 0 255 255 0 0 0 255 255 255 255 255 0
    0 0 0 0 0 255 255 255 0 0 0 255 255 255 255 255 255 0 255 0 255 255
    229 255 81 0 255 0 255 253 15 255 0 0 255 0 0 0 0 0 255 0 255 0 0 0
    0 255 0 255 0 153 0 255 169 0 255 0 0 255 72 0 0 255 166 255 255 155
    255 213 39 0 255 159 255 0 0 255 255 0 0 0 255 59 255 255 255 0 0
    255 0 255 47 0 0 253 255 0 255 255 255 189 255 0 0 144 255 255 0 255
    0 255 165 255 255 0 0 255 219 255 0 17 0 255 208 0 0 76 0 255 255 0
    255 255 255 0 32 0 69 255 255 0 0 25 0 234 0 152 255 0 255 0 255 255
    45 0 0 0 85 0 255 255 136 255 255 0 187 0 255 255 255 159 0 255 203
    4 99 0 0 255 226 18 39 255 255 101 255 167 0 255 255 255 0 187 0 0 0
    255 216 255 0 255 255 255 0 36 0 255 111 255 0 0 0 255 255 0 255 69
    0 255 0 0 0 255 255 23 0 255 255 0 0 255 255 255 0 0 162 38 229 255
    0 255 255 255 0 255 216 255 0 29 0 255 64 255 116 255 10 0 0 255 48
    255 255 255 0 0 241 0 0 0 17 0 82 0 255 255 0 255 0 23 0 255 135 0 0
    255 255 255 86 0 255 0 0 0 255 230 255 194 255 255 255 244 217 0 0
    255 255 200 255 9 0 255 255 101 0 250 0 255 240 0 0 0 0 255 0 0 212
    7 0 0 12 177 93 0 10 0 0 255 0 0 0 0 255 255 255 0 0 0 255 255 224
    54 255 255 9 0 70 26 255 0 255 255 9 144 0 255 255 0 233 255 225 0 0
    255 255 255 255 255 0 0 0 255 255 255 255 156 110 0 255 0 255 0 0 0
    0 0 70 255 180 0 255 167 0 255 255 255 115 100 0 0 176 35 0 192 0
    255 0 67 0 255 0 105 255 139 207 54 255 219 0 255 255 255 0 255 255
    0 0 255 0 0 146 77 255 255 255 0 65 255 0 0 0 255 252 255 255 170
    255 229 255 0 0 0 255 255 255 253 223 12 255 255 255 255 0 255 38
    255 0 255 0 255 255 255 0 0 0 0 255 255 0 179 0 255 255 255 6 255 43
    0 255 255 211 0 255 0 255 0 255 255 0 255 0 255 137 0 0 0 255 255
    255 0 0 0 255 255 0 0 161 212 255 142 255 99 255 0 23 0 255 0 174 0
    255 0 0 0 255 255 255 255 237 27 0 123 255 255 255 255 255 0 255 126
    255 0 255 255 255 255 0 0 255 75 255 0 0 0 6 255 255 230 0 0 0 23
    248 255 255 44 255 0 143 170 255 255 255 255 0 0 0 0 255 255 12 0 0
    0 255 178 255 0 255 255 139 0 208 0 255 0 255 255 255 0 255 235 255
    255 210 0 213 239 255 0 255 255 255 0 0 255 255 255 157 0 255 255
    179 0 0 0 255 255 255 0 0 0 255 255 120 0 0 0 0 255 255 255 0 156
    255 255 0 86 0 255 255 0 255 0 255 0 142 0 255 122 255 255 255 236 0
    0 0 0 0 255 255 228 93 255 255 0 6 88 255 146 255 0 255 0 37 10 255
    255 0 0 0 43 255 0 241 0 255 0 255 39 0 0 0 0 0 176 255 0 0 0 255
    255 0 246 59 255 163 138 255 255 38 255 0 5 68 255 255 0 0 0 255 0
    11 255 255 255 255 0 247 255 254 0 255 255 0 23 0 0 0 0 156 255 255
    123 255 255 255 0 0 0 255 0 0 0 255 0 186 255 255 0 136 222 0 255 0
    255 227 0 0 0 255 200 255 255 0 255 255 0 0 0 0 0 255 1 255 0 0 0
    255 255 255 207 255 0 0 0 27 134 0 0 255 0 255 0 86 0 177 3 255 0 0
    221 244 255 0 255 255 183 255 0 255 255 255 0 35 0 255 0 255 0 255 0
    218 3 0 255 255 0 255 199 255 0 190 0 0 88 255 198 255 255 255 0 0 0
    255 255 0 0 0 7 255 255 0 255 235 0 0 255 255 255 0 0 255 255 0 255
    255 255 255 255 255 0 0 0 255 0 216 0 0 147 0 127 100 255 255 0 255
    0 255 0 255 0 0 0 0 255 255 0 0 255 0 0 0 0 255 0 166 0 188 255 0 0
    255 255 255 0 255 255 253 255 0 255 22 255 255 96 0 16 255 255 0 0 0
    255 255 0 255 255 84 0 255 0 0 0 0 164 255 0 255 0 255 0 0 0 255 255
    0 255 43 3 0 178 0 255 0 0 0 0 255 255 130 0 0 0 255 0 255 0 0 163 0
    255 0 0 0 0 255 255 255 255 0 0 89 255 82 157 0 255 255 255 0 0 0
    255 0 0 255 255 255 0 255 0 255 0 0 0 255 255 255 0 86 255 255 255 0
    255 0 255 255 255 0 0 0 255 0 255 6 255 255 255 0 14 255 255 255 150
    255 0 255 255 0 148 255 255 255 0 0 255 255 255 223 0 231 73 255 0
    255 255 143 3 0 255 51 255 39 255 0 255 255 0 0 0 255 233 0 0 255
    255 255 44 255 255 255 0 0 255 255 0 255 54 0 0 247 0 255 0 255 0
    255 0 255 0 0 218 255 64 0 255 0 255 255 255 255 255 0 0 0 255 255
    255 255 0 0 0 0 0 0 255 255 255 0 233 255 255 255 255 0 0 0 179 77
    255 255 255 0 255 255 255 0 71 0 0 37 125 255 0 255 0 0 0 167 0 0
    208 255 0 255 255 255 0 255 255 255 137 0 0 0 255 255 0 255 163 255
    255 0 119 255 209 0 255 255 255 0 0 0 255 255 0 0 0 159 255 255 0 0
    0 255 255 255 0 0 0 130 134 255 255 150 0 255 255 0 73 255 0 0 0 255
    0 255 0 255 255 255 255 100 0 0 255 255 240 255 255 62 255 0 255 0
    13 255 0 255 104 61 85 110 0 0 165 255 255 255 0 0 0 135 21 0 0 255
    255 255 0 0 0 255 255 31 0 255 0 0 0 0 255 235 255 0 255 0 233 40
    255 14 0 97 255 233 244 0 0 58 255 255 0 255 255 255 0 0 0 255 255
    255 0 0 255 32 0 255 255 255 0 0 255 255 255 0 0 255 255 0 0 0 3 255
    255 255 255 0 0 0 255 255 167 43 0 255 255 0 0 193 16 255 0 64 0 0
    86 212 0 255 0 0 255 2 245 0 255 255 0 0 0 255 0 255 0 255 255 0 0
    217 255 0 0 11 210 0 0 0 255 255 255 0 255 255 255 0 0 0 0 0 218 255
    255 0 0 255 0 255 255 255 0 0 0 0 251 241 255 255 255 0 0 255 255
    255 0 0 0 255 255 0 255 0 53 0 0 0 0 255 0 255 255 255 0 0 255 255
    255 50 0 0 255 8 255 0 104 132 255 0 0 0 255 78 0 0 255 255 0 0 0
    255 49 0 0 0 255 255 255 255 255 255 0 255 0 255 83 255 255 0 255 0
    0 0 255 255 255 0 255 0 199 194 255 0 255 237 230 74 0 215 0 0 255
    255 0 0 0 0 255 0 176 14 255 255 0 0 255 255 0 0 255 255 255 0 255
    255 221 53 0 0 255 255 255 0 0 255 255 60 255 0 150 37 168 0 255 255
    255 0 255 245 187 0 178 255 0 0 164 255 255 0 0 233 254 0 255 255
    255 0 255 0 59 8 140 0 255 46 255 0 26 0 255 54 0 255 255 255 255 32
    0 0 0 255 0 0 0 255 110 255 0 165 0 255 0 245 255 255 255 72 0 0 167
    255 0 245 255 255 255 0 0 0 255 126 255 35 0 0 255 255 255 0 82 255
    255 0 0 38 255 255 122 0 145 255 255 255 0 0 160 255 0 255 0 255 0
    176 0 235 255 247 182 0 255 255 255 0 0 0 0 255 255 255 0 0 0 255
    255 255 109 0 255 0 255 255 0 0 255 0 255 255 255 0 255 255 255 0
    255 0 0 0 255 255 255 0 255 255 255 0 116 0 255 0 255 0 255 0 106
    255 0 255 189 90 255 255 0 0 120 44 255 255 0 0 39 255 255 255 0 0
    255 255 255 255 0 249 0 154 255 255 0 255 0 229 204 255 0 255 52 247
    0 255 255 63 0 0 255 255 255 0 255 0 0 0 161 0 0 255 18 255 0 0 255
    255 255 110 0 255 0 255 0 0 255 0 255 0 143 0 0 255 0 255 0 255 0 0
    0 255 0 255 0 255 0 255 46 255 36 255 0 72 0 255 0 255 0 0 255 255 0
    252 255 0 0 0 15 0 255 255 255 0 0 255 132 72 0 0 0 0 255 0 255 0 0
    188 255 235 255 255 76 0 0 0 0 0 0 255 0 255 0 207 0 255 255 0 0 0
    234 255 205 255 0 0 0 0 255 0 255 255 255 0 123 0 255 255 0 0 89 255
    255 255 0 88 255 0 35 0 0 0 167 255 0 255 255 255 255 255 0 0 255
    255 173 0 0 0 255 255 0 0 255 255 255 0 164 0 255 0 255 255 207 123
    0 0 0 255 0 255 0 255 255 0 0 255 46 0 255 177 255 240 0 0 255 255 0
    181 0 255 39 255 0 255 0 247 0 0 102 255 255 161 255 0 0 0 251 255
    255 194 0 88 0 255 255 198 0 255 0 0 93 0 255 255 87 95 0 0 0 255
    255 255 0 0 0 255 255 210 0 96 0 255 255 255 0 0 255 255 255 53 255
    0 1 0 255 0 158 46 255 255 255 0 255 0 255 144 255 0 255 0 255 0 255
    255 255 0 0 149 255 255 255 255 0 0 0 255 0 193 61 0 255 0 23 0 255
    255 255 0 0 0 255 255 0 0 79 0 0 0 255 255 0 179 0 255 0 0 255 255
    126 0 255 255 255 201 0 255 35 248 255 0 255 0 143 0 0 218 0 0 246
    71 143 0 0 255 255 251 73 26 255 82 255 118 255 255 255 143 255 255
    196 255 0 0 0 210 255 255 0 255 255 0 255 255 0 0 0 244 0 255 138
    255 255 255 0 255 0 255 255 255 255 0 0 255 0 255 255 255 105 0 255
    255 255 0 187 255 0 88 0 255 255 0 0 0 238 255 255 143 0 255 0 255 0
    255 0 255 0 0 255 0 255 0 255 240 0 0 0 255 255 0 0 255 255 255 77
    117 249 0 255 171 0 255 255 252 0 23 255 255 0 0 255 255 197 0 255
    255 0 0 61 203 0 173 255 255 0 0 0 255 109 0 255 163 255 210 0 255 0
    61 0 255 0 0 247 196 0 84 255 115 71 255 0 255 255 255 0 0 0 255 0
    255 0 0 0 255 255 0 0 87 0 0 0 255 64 255 193 0 0 255 0 255 0 255 0
    0 2 200 0 255 186 0 157 120 0 255 255 0 0 0 255 175 255 0 175 41 255
    144 0 0 0 255 255 255 255 0 103 0 255 255 255 0 215 255 255 0 0 0
    255 40 186 0 255 0 255 0 0 0 255 0 255 19 255 0 44 0 255 0 0 255 0 0
    174 255 0 0 0 255 255 22 255 87 255 255 0 153 0 0 255 255 0 0 255
    255 255 0 156 255 255 255 0 255 0 255 255 255 255 0 0 66 0 0 0 0 255
    255 255 0 0 0 255 255 255 224 255 0 0 255 0 0 0 0 25 255 255 255 35
    255 255 255 0 255 0 0 0 255 0 255 0 255 0 255 140 33 0 255 255 255
    189 255 171 255 0 255 0 0 0 55 0 0 81 232 255 0 0 123 255 233 0 0
    255 255 255 227 0 0 0 255 8 255 0 0 0 255 216 255 0 255 166 255 255
    255 0 0 255 255 255 255 0 255 0 255 0 255 15 255 255 255 255 0 255 0
    255 255 255 255 0 255 0 255 0 255 0 255 0 255 0 255 255 0 0 95 255
    255 0 255 0 255 0 174 255 255 0 0 255 159 255 185 255 0 0 255 255 0
    0 255 255 255 0 255 255 255 0 193 255 255 255 0 255 0 255 0 0 255
    255 255 255 161 255 0 0 211 0 0 0 212 255 218 0 0 0 244 255 0 237 0
    255 0 255 0 0 0 255 255 255 0 106 0 38 0 255 0 255 215 255 255 0 0 0
    255 255 255 29 0 0 255 0 54 255 219 0 0 124 0 0 255 255 255 255 255
    0 255 255 0 0 0 255 128 0 0 0 0 255 240 255 0 255 0 255 0 0 0 255
    255 0 0 248 255 224 255 0 255 0 255 0 0 255 0 255 0 0 238 123 0 0 0
    255 255 0 0 255 255 0 0 0 244 255 255 0 0 0 255 255 255 131 0 0 0
    255 255 255 0 0 0 255 255 255 255 0 211 255 0 255 215 0 0 255 0 255
    0 255 0 0 0 0 255 146 255 0 255 255 0 255 255 255 246 0 255 178 134
    223 0 0 255 255 230 255 208 134 255 0 255 0 255 0 0 0 0 255 236 0
    255 0 255 255 255 255 0 0 0 255 255 0 86 255 14 66 132 255 255 255 0
    241 0 255 255 21 0 0 0 255 255 0 255 0 16 0 255 255 235 0 0 255 0
    255 195 255 0 255 0 225 0 0 0 255 0 255 10 162 0 255 255 0 23 0 255
    127 255 0 253 0 0 136 255 255 219 255 136 0 0 0 0 0 255 255 255 0 0
    0 0 255 255 162 155 0 101 255 255 255 255 255 0 255 0 255 247 255
    255 0 228 0 193 0 255 0 229 0 0 0 107 255 162 11 255 13 0 0 243 248
    13 0 255 255 225 255 255 255 255 0 40 0 216 0 0 255 153 188 0 255 0
    150 0 255 157 255 0 0 0 0 50 0 0 0 0 0 255 255 0 0 255 255 255 0 0
    255 0 0 6 255 255 0 0 0 0 255 57 192 0 255 209 0 255 0 255 106 0 255
    18 0 0 255 0 0 50 255 0 166 0 0 255 255 255 0 255 193 0 78 0 255 0
    255 255 255 0 0 255 255 0 0 255 128 0 0 255 255 255 0 255 255 255 0
    214 0 255 0 255 255 255 255 0 255 0 190 220 200 255 0 255 0 70 151 0
    0 0 0 80 186 255 255 0 0 0 0 255 255 255 0 0 255 0 255 0 255 0 223
    255 255 109 0 0 0 0 255 255 255 0 255 0 255 255 255 0 0 0 255 255
    255 235 0 255 255 255 169 255 61 198 0 0 0 255 255 0 0 255 132 255
    169 0 0 0 255 64 255 255 54 255 0 255 0 255 8 34 0 255 255 24 255
    255 0 0 0 255 255 44 0 212 212 0 255 0 255 0 255 225 255 255 255 0
    27 0 0 0 255 228 255 155 0 0 255 255 255 15 0 0 0 255 255 0 0 0 255
    0 0 0 255 255 255 0 255 255 255 255 0 255 0 255 0 255 67 255 66 255
    0 0 255 0 255 255 255 0 119 0 255 0 255 255 0 0 0 255 255 255 255
    255 255 0 255 255 255 0 0 0 255 255 0 0 0 110 255 0 0 139 255 0 211
    0 255 197 255 3 255 151 255 0 0 243 255 0 255 0 0 0 255 255 255 0 60
    0 255 255 255 0 161 95 0 255 255 0 0 255 255 0 106 255 255 255 57 0
    0 0 0 0 255 255 0 0 136 250 255 0 255 0 0 0 255 255 0 0 255 0 255
    255 0 72 0 255 0 223 0 255 212 93 255 0 255 0 255 0 0 255 252 255 24
    0 255 0 0 0 255 255 0 255 88 255 0 255 255 0 0 0 0 255 0 115 73 91
    255 255 0 0 0 255 255 88 255 0 255 218 255 0 255 0 0 0 157 255 255 0
    0 255 255 255 0 255 143 0 0 255 0 255 0 0 0 255 38 255 255 255 0 0 0
    255 0 255 10 0 255 0 255 31 0 255 0 0 204 0 101 0 145 255 255 255 0
    0 0 255 0 0 38 0 0 255 255 255 255 0 217 88 142 131 255 0 212 0 255
    115 255 7 225 166 0 0 255 255 197 0 143 255 255 0 85 255 0 255 0 0 0
    255 76 255 0 255 64 14 0 14 120 255 255 206 0 0 0 255 151 255 255
    251 0 0 0 0 0 255 255 255 255 0 195 255 255 0 0 37 255 0 160 91 255
    255 0 0 0 177 255 255 0 0 255 255 255 66 255 0 255 33 255 164 0 0
    222 255 175 93 0 0 0 221 255 255 255 255 0 255 253 0 0 0 255 255 255
    139 0 255 255 255 255 255 0 0 0 253 0 0 0 255 255 0 0 0 255 255 255
    255 0 0 0 55 0 255 0 124 0 0 255 0 142 0 255 255 255 0 0 255 255 0 0
    255 0 255 0 131 0 0 0 255 255 255 0 255 255 255 0 255 237 82 255 117
    0 20 0 255 255 255 221 0 197 0 255 135 255 255 0 0 0 255 35 255 190
    255 255 255 0 0 0 0 0 255 0 255 0 65 255 255 0 0 255 255 69 255 0 0
    247 255 226 255 255 255 255 0 0 0 0 0 255 0 0 0 255 255 255 255 0
    255 213 250 255 0 0 0 255 0 255 255 0 0 0 255 224 255 255 255 0 0
    255 13 0 255 0 255 0 255 25 255 0 255 0 255 255 212 0 255 0 177 0
    255 255 0 0 255 0 255 0 192 0 0 0 255 255 255 255 255 0 255 0 0 0 0
    255 193 255 255 0 255 0 0 83 255 0 255 108 218 85 255 0 0 0 255 0 0
    255 0 0 56 143 51 0 255 0 0 255 255 0 0 0 255 255 255 0 255 255 82
    167 255 72 96 0 0 255 0 0 0 255 255 0 159 0 255 0 163 0 255 255 0
    255 141 255 0 0 0 255 255 255 0 255 0 0 255 108 255 255 0 0 0 255
    166 0 255 255 255 0 255 255 0 0 255 255 255 0 0 185 255 255 255 0 0
    240 255 255 0 0 0 255 255 0 0 255 0 255 0 255 0 0 0 0 211 255 0 255
    165 255 255 0 0 0 255 255 255 96 0 0 255 255 255 0 0 0 255 0 255 0 0
    0 255 122 0 255 255 0 0 132 255 255 255 210 0 17 255 255 0 145 255
    255 0 0 70 255 255 255 255 255 0 255 0 0 0 0 0 175 255 255 0 0 0 0
    255 255 255 255 255 255 0 0 0 255 255 0 127 255 0 0 0 130 34 255 0
    255 0 255 0 0 0 255 255 0 0 0 201 255 0 0 255 255 0 0 0 0 0 0 255 20
    255 0 255 0 255 255 0 0 0 255 0 255 255 0 255 255 0 255 0 0 0 255
    255 255 215 0 255 0 255 0 7 0 255 255 255 0 0 186 255 255 0 0 0 255
    255 255 255 0 255 255 255 255 0 0 255 255 181 0 58 0 255 0 0 0 255
    255 255 255 235 0 0 0 203 181 0 88 13 255 236 255 0 255 255 255 187
    0 255 255 255 255 0 255 0 255 0 143 0 10 0 0 255 238 255 0 176 0 0 0
    0 242 255 255 0 255 255 255 0 0 168 255 255 255 0 0 255 255 255 0
    210 0 255 255 255 0 0 0 0 255 255 0 0 255 255 255 0 0 36 255 0 255
    255 255 0 0 255 255 255 0 215 255 255 255 255 0 255 255 34 255 0 0 0
    255 0 255 0 255 255 20 0 41 0 255 143 0 255 0 0 255 0 255 160 255 66
    63 0 255 255 0 0 0 255 0 255 81 255 255 0 0 0 255 0 255 176 255 0 0
    0 0 255 0 255 0 92 0 255 177 255 173 0 0 0 255 255 255 0 0 78 0 255
    255 255 0 130 255 255 255 0 255 36 0 0 0 255 255 255 255 255 255 0
    255 0 255 0 0 255 255 0 0 255 255 0 0 255 0 0 255 255 237 255 255 0
    0 133 0 0 0 0 255 255 255 0 0 255 255 255 0 213 0 0 0 255 255 255
    244 255 254 255 255 255 0 209 241 0 0 0 255 0 255 0 255 0 0 255 255
    255 0 0 223 0 0 230 0 0 150 0 255 28 255 255 0 0 0 255 255 255 0 255
    255 38 206 0 0 255 255 255 12 0 255 255 255 0 128 255 255 0 0 0 255
    255 255 249 227 0 0 155 255 255 0 255 0 255 78 255 0 199 255 0 0 0
    255 0 122 0 255 48 192 0 182 255 255 0 0 255 0 255 0 0 0 0 255 255
    255 0 255 0 127 0 255 255 2 0 255 255 255 204 255 0 0 189 0 255 0
    255 0 95 255 255 175 0 0 255 125 255 0 0 0 0 40 0 255 255 0 255 0
    211 0 148 0 255 255 255 53 51 0 255 0 255 0 255 0 255 0 0 4 0 0 255
    255 0 255 0 0 105 255 255 255 88 0 0 255 0 255 0 255 0 0 255 42 255
    0 45 255 0 0 255 255 0 0 0 255 255 255 239 0 0 0 255 39 0 255 0 255
    0 89 0 132 255 0 0 255 0 255 255 255 0 0 0 242 0 255 255 255 255 0
    86 255 255 232 255 0 242 0 67 255 255 255 255 226 0 0 255 255 0 255
    255 255 0 0 255 255 255 0 0 53 255 236 255 0 163 255 255 0 0 255 255
    255 0 255 255 255 255 87 255 0 255 0 255 0 255 0 0 0 0 255 58 230 0
    0 242 255 255 255 0 0 255 186 0 0 168 236 255 0 0 255 9 0 41 145 0
    11 0 0 0 255 11 209 0 0 255 16 255 38 85 0 0 255 255 255 63 255 0 0
    255 255 255 0 0 0 0 255 174 187 0 80 70 0 0 0 255 235 88 0 0 255 255
    255 0 25 0 255 0 255 157 208 116 255 117 255 241 0 0 255 0 24 0 255
    255 255 0 0 255 41 255 0 188 0 255 0 255 0 15 0 0 255 255 255 0 0
    255 255 255 255 0 0 0 0 0 164 255 0 0 0 255 255 194 255 255 0 255 0
    152 132 255 9 255 0 35 0 255 0 0 0 255 255 255 255 255 255 104 0 255
    255 255 251 0 255 0 0 255 255 255 0 255 166 255 0 255 255 254 65 99
    255 255 0 255 0 146 141 140 0 0 255 255 0 0 227 255 50 0 183 255 175
    0 255 124 0 0 0 255 158 255 0 220 0 0 0 0 0 255 0 255 255 255 255
    255 255 0 255 0 255 0 255 0 255 193 255 0 0 0 255 0 255 255 255 0 0
    0 0 133 0 0 0 0 0 0 40 255 255 255 0 0 0 255 94 188 0 232 0 191 255
    0 225 0 255 0 0 31 255 103 0 255 0 0 0 255 255 0 0 0 2 181 255 255
    251 0 0 37 97 29 0 0 255 255 255 0 0 255 0 0 0 94 0 0 68 69 255 0 44
    0 255 0 255 0 96 0 255 221 157 0 0 0 255 0 255 0 255 0 5 255 0 255 0
    192 111 0 255 0 0 0 255 255 255 0 250 0 255 255 191 255 144 171 202
    255 0 0 167 255 243 243 131 0 0 255 255 255 195 187 0 0 0 255 0 255
    0 34 0 0 35 218 255 0 0 221 255 255 96 255 255 255 0 96 0 0 191 255
    255 255 0 0 0 255 255 255 0 0 0 0 61 0 255 101 0 0 0 255 255 255 255
    255 2 0 255 255 170 255 0 0 0 255 255 0 255 211 0 0 255 229 163 0 27
    22 255 205 255 168 115 0 255 104 255 255 116 255 0 146 0 0 0 213 255
    0 0 0 0 255 141 0 0 0 239 255 0 255 252 0 30 255 255 122 0 0 0 255
    255 255 0 255 255 155 255 255 0 0 99 255 255 0 0 255 255 255 255 0
    255 0 141 0 0 166 255 202 255 0 0 0 0 255 163 255 255 0 0 0 255 174
    0 0 0 39 0 255 238 0 0 0 255 0 255 255 0 255 137 0 0 255 255 255 255
    255 0 255 0 139 255 255 255 0 0 252 0 255 255 255 255 0 0 115 255 0
    189 255 0 255 89 255 0 11 0 255 255 255 255 0 255 255 0 0 255 255 0
    0 255 255 255 0 0 0 255 217 0 0 255 255 255 255 0 255 0 186 0 0 0
    255 255 255 255 0 0 226 255 255 255 43 142 0 255 206 201 0 70 255 0
    0 255 255 255 20 0 255 0 255 133 255 255 0 0 0 255 52 86 0 255 0 255
    0 255 255 255 0 255 0 255 0 2 255 255 155 91 0 38 0 0 193 255 0 255
    255 0 0 0 37 255 255 0 255 255 255 0 255 0 212 0 255 255 111 179 255
    255 0 0 0 255 0 100 0 0 61 255 255 171 0 0 0 0 255 0 205 0 255 0 255
    0 15 0 0 255 12 181 255 255 0 0 0 255 255 0 0 0 255 13 151 0 0 0 255
    255 145 255 236 0 34 161 255 104 255 0 255 0 255 0 255 0 255 255 255
    255 255 0 172 220 96 102 0 0 7 77 212 181 255 94 231 0 255 152 161 0
    0 233 255 255 195 34 0 255 0 255 0 0 255 182 255 237 0 0 255 255 0
    255 10 255 0 0 39 255 255 255 255 0 255 98 0 161 0 0 0 255 255 255
    57 255 0 255 0 47 247 87 236 255 255 0 0 0 0 255 255 255 0 0 82 255
    255 255 255 255 0 255 0 255 0 255 53 255 0 188 0 255 0 255 0 255 0 0
    0 0 248 90 0 0 255 122 42 255 255 0 0 0 255 0 255 17 255 0 255 0 137
    0 0 0 252 255 255 255 0 255 0 255 0 199 255 0 150 0 255 65 0 0 255
    255 0 0 0 59 129 226 50 255 0 0 0 255 255 255 0 255 255 119 0 255 1
    255 0 255 59 255 255 121 98 162 0 0 0 255 255 197 0 255 255 0 0 255
    0 255 0 95 0 0 244 255 0 88 255 255 255 0 255 255 0 0 125 0 0 0 255
    0 0 0 0 214 255 255 19 1 9 0 0 255 245 43 0 0 0 142 255 255 255 255
    241 147 255 255 217 237 255 0 0 205 255 255 0 41 0 0 0 0 255 0 255
    140 255 255 255 0 255 255 255 0 255 0 0 255 213 255 255 0 255 255
    255 0 0 0 0 255 255 255 158 255 185 0 0 255 103 255 0 255 0 99 255
    172 0 4 255 255 154 255 0 0 255 0 255 0 255 59 255 237 255 0 0 0 255
    255 255 255 0 0 0 0 254 37 0 255 0 0 0 136 65 255 0 105 255 0 0 0
    255 255 255 9 0 0 76 0 0 0 255 0 88 0 255 202 255 0 188 0 0 255 0
    217 255 255 101 0 0 255 255 255 0 255 79 255 0 0 0 255 255 255 197
    255 0 0 166 255 0 0 0 255 128 251 255 0 0 255 255 255 0 255 0 255
    255 208 0 0 0 255 16 100 124 0 0 0 255 102 0 255 0 255 255 89 32 255
    146 42 245 255 0 255 0 255 0 44 255 255 0 0 255 0 255 7 255 0 0 0
    213 255 0 0 255 255 111 74 255 123 255 62 255 255 255 0 0 255 255
    255 0 255 0 0 0 0 255 255 0 175 255 255 0 0 0 255 255 255 255 0 0 0
    255 0 0 255 30 0 0 255 255 255 82 0 255 255 0 0 255 13 168 0 0 0 0
    255 0 0 0 255 176 255 0 255 0 255 0 255 0 255 255 0 0 255 255 0 0 0
    169 152 255 0 255 255 255 0 0 0 255 255 255 0 0 0 255 255 0 255 0
    255 0 0 0 255 174 255 0 145 0 228 0 255 255 24 0 255 255 255 118 0
    69 255 0 255 255 209 255 255 0 0 255 58 255 37 190 255 139 0 0 194
    255 0 0 255 255 255 0 255 128 0 146 0 255 0 255 31 255 0 124 0 255
    255 255 0 0 0 255 255 0 0 0 255 255 255 0 194 0 255 44 226 0 197 255
    255 255 195 255 0 255 0 206 255 255 0 0 255 255 0 0 0 255 255 219
    226 255 255 255 255 0 255 255 0 255 0 0 255 94 0 255 255 255 0 0 0 0
    0 255 75 255 245 255 0 0 4 255 210 255 0 66 255 255 255 0 0 255 107
    255 228 0 219 255 255 0 255 0 255 0 255 255 255 180 255 255 18 255 0
    0 58 0 255 0 152 0 255 255 181 255 0 0 255 255 255 0 0 0 0 0 255 255
    255 0 1 0 255 47 255 255 0 0 0 255 255 0 0 89 244 203 0 255 0 0 0 0
    255 255 255 95 255 255 255 0 64 0 0 255 0 153 138 0 255 0 15 0 184 0
    255 250 255 0 0 255 255 255 255 255 0 0 0 255 75 255 0 241 255 0 255
    0 255 255 226 255 0 255 255 255 0 0 0 255 49 0 255 0 255 0 0 255 0
    189 255 255 0 0 0 255 0 0 0 0 207 0 255 255 233 0 0 255 0 255 128
    255 255 0 154 0 255 255 94 0 255 253 255 255 0 255 88 0 255 255 0 0
    34 65 255 255 255 0 255 158 255 67 255 0 255 255 0 136 255 0 255 0
    255 0 0 255 0 255 36 255 64 0 255 255 255 151 0 0 255 255 0 0 98 255
    255 255 142 0 0 255 255 222 0 0 0 255 0 0 0 255 183 0 255 0 255 0
    255 255 255 1 104 0 255 0 0 0 0 0 0 0 255 0 255 255 255 255 0 255 0
    255 255 255 0 0 17 255 255 0 255 80 255 255 255 207 0 0 0 0 255 255
    56 0 255 29 255 255 255 255 0 255 0 255 255 179 255 255 255 255 207
    255 0 255 0 255 0 255 255 0 255 255 255 255 255 0 255 255 201 255
    158 167 0 0 54 0 236 255 0 233 153 0 255 0 255 0 255 0 0 0 0 0 0 193
    0 0 255 255 255 0 0 255 255 255 33 170 255 167 0 255 0 0 0 255 0 255
    66 255 0 0 0 0 0 86 255 255 255 215 230 0 0 228 255 255 255 198 0 0
    255 255 0 23 255 255 0 122 0 246 215 0 32 255 255 255 0 144 30 255 0
    183 0 255 255 0 255 0 195 0 255 69 255 0 255 11 255 255 0 0 162 255
    255 28 255 0 0 255 255 255 255 0 0 255 255 0 0 255 0 255 0 5 0 0 0
    255 0 85 255 0 255 181 255 0 5 244 0 0 0 255 255 255 255 255 182 0
    104 0 237 255 255 0 0 0 255 0 0 0 0 255 0 255 0 0 255 255 0 255 0
    255 255 148 0 0 255 62 0 255 176 132 255 255 255 0 255 255 99 0 126
    0 0 209 255 176 255 214 255 0 220 255 0 0 0 255 255 255 255 6 255
    255 0 0 0 216 255 255 169 255 0 0 0 0 255 255 0 255 255 255 0 196 70
    142 0 0 179 0 255 0 57 255 255 0 0 0 255 255 0 255 0 255 126 255 0
    255 0 255 0 255 251 255 147 0 0 0 255 255 0 0 255 255 255 255 0 0 0
    255 24 255 255 255 255 0 0 0 255 0 255 0 255 0 255 0 0 255 255 255 0
    106 0 0 178 255 0 0 0 0 0 0 255 255 223 0 255 0 168 0 255 0 185 255
    0 0 249 0 255 198 255 255 0 0 129 129 0 255 255 255 97 255 0 255 255
    255 0 11 0 0 255 0 255 8 106 255 0 135 255 255 122 0 109 0 0 255 255
    255 255 0 0 0 255 255 0 255 255 255 0 183 0 255 0 0 255 0 209 255 0
    255 255 255 0 181 207 255 159 0 141 180 255 255 215 0 243 255 0 175
    255 135 255 80 108 144 255 0 255 255 59 0 0 255 255 0 180 1 255 231
    255 0 255 0 192 0 253 255 255 0 0 0 227 0 255 0 255 255 255 0 0 0
    255 255 0 0 0 255 255 0 0 10 0 0 0 255 0 255 255 255 0 255 0 255 0
    255 255 255 96 0 0 255 255 255 0 255 0 255 0 118 100 81 0 255 0 0 0
    0 255 0 0 255 255 0 0 0 215 255 255 255 255 0 0 0 0 46 255 0 0 255 0
    255 0 17 255 0 0 167 0 255 255 255 0 255 255 87 0 0 255 255 144 0 0
    255 44 0 0 0 255 24 255 0 9 255 0 0 255 24 123 0 255 0 255 30 255
    255 255 255 0 255 0 255 89 0 132 0 0 255 0 255 255 255 255 0 255 0
    255 255 255 239 0 53 138 201 255 255 255 0 255 0 255 0 255 0 0 255
    255 208 255 227 0 0 255 255 255 89 255 3 255 4 0 0 0 0 0 255 0 25
    255 255 30 255 255 0 183 255 255 255 0 255 0 55 0 255 255 0 255 255
    0 255 0 255 0 0 255 255 255 0 0 184 232 255 0 255 164 26 0 0 255 133
    0 0 0 0 0 255 255 0 0 0 255 255 255 255 0 0 209 84 255 255 118 0 117
    255 255 255 255 35 255 255 0 244 111 255 99 0 255 0 0 0 255 255 0 0
    0 255 0 0 0 255 255 0 0 255 73 0 0 0 171 255 255 192 0 0 255 27 0 48
    201 255 255 255 44 0 0 255 255 255 255 0 67 255 255 0 255 255 255 0
    210 0 0 255 0 255 0 255 0 245 255 255 0 255 255 170 36 255 97 0 0 0
    0 255 83 0 255 0 203 255 255 255 0 255 255 255 141 255 98 0 0 218
    255 255 0 0 255 0 46 0 255 0 0 0 0 65 0 56 174 255 255 193 0 0 255 0
    0 0 255 47 255 212 255 255 164 255 0 108 255 255 255 255 255 255 54
    255 255 255 0 255 0 255 0 255 0 255 212 0 0 0 0 255 255 86 0 0 121
    255 0 0 0 0 0 255 255 255 178 37 0 0 0 255 255 0 0 255 124 255 255 0
    0 233 255 255 69 0 0 255 10 255 255 0 255 236 0 0 242 0 255 255 229
    0 255 255 255 149 255 0 48 0 0 255 140 0 0 0 158 144 255 255 0 255
    255 255 255 0 0 255 255 255 0 0 0 255 0 255 0 255 137 255 0 255 255
    255 250 0 0 0 105 208 255 255 33 255 255 255 21 0 0 0 0 255 0 24 0 0
    183 255 255 255 61 0 255 67 0 0 38 255 0 127 0 143 197 0 255 255 255
    255 87 255 255 0 0 0 0 255 255 255 255 255 18 255 180 0 255 255 255
    255 0 4 40 255 255 255 255 0 0 255 255 255 255 0 181 0 157 255 255
    165 0 255 95 144 0 191 0 103 255 65 255 0 255 0 255 0 255 167 157 0
    255 255 0 60 255 255 0 255 0 255 144 255 0 0 0 31 255 96 255 0 255 0
    255 0 255 255 0 132 0 154 92 255 0 255 255 255 255 0 0 0 31 98 255
    255 0 0 255 0 255 0 121 0 0 0 255 255 211 255 0 148 93 255 255 255 0
    255 255 255 255 0 255 0 0 0 255 255 255 255 0 0 0 255 255 255 0 255
    0 255 255 85 241 82 252 0 255 0 255 0 255 0 255 0 252 0 0 0 255 255
    255 0 255 255 0 255 255 255 0 255 0 115 255 255 255 255 0 255 255 0
    255 0 255 0 0 255 63 0 255 0 255 0 255 54 0 0 0 149 73 0 255 255 172
    255 0 25 77 255 0 255 166 126 0 0 255 0 0 64 255 0 253 0 255 255 255
    0 255 217 255 255 23 255 0 84 255 0 255 244 255 0 100 0 27 0 255 255
    255 42 186 255 0 12 0 255 0 172 255 0 255 255 255 0 212 255 255 0 0
    255 255 0 255 248 9 0 255 94 255 0 255 255 0 0 54 255 255 255 0 0 0
    255 255 0 141 255 73 0 0 0 9 255 255 0 106 34 255 228 86 0 125 0 255
    255 83 0 246 110 255 255 255 0 0 218 255 0 0 0 0 255 255 0 0 0 238
    255 0 66 0 255 255 22 255 0 0 0 0 1 0 255 0 0 0 0 0 0 255 255 255
    255 0 0 121 255 0 255 84 255 0 255 0 0 4 86 255 80 255 219 255 0 48
    255 0 255 0 255 0 255 0 255 255 255 255 0 0 10 255 0 0 255 255 226 0
    255 0 71 255 255 255 0 183 0 255 0 57 113 235 0 81 255 252 0 0 255
    255 0 158 255 255 0 0 1 255 255 255 255 0 0 255 255 255 255 0 0 255
    255 0 0 255 0 0 255 203 255 0 65 255 0 255 0 255 0 255 255 255 0 0
    68 255 0 255 72 75 255 63 37 0 0 201 160 255 0 255 255 0 255 195 89
    0 255 255 255 0 255 227 210 0 255 0 255 0 255 0 0 16 151 255 0 0 0
    255 55 255 0 0 0 255 202 255 0 1 0 255 73 0 255 255 0 0 0 255 255 77
    255 0 255 1 0 0 53 0 0 60 255 255 255 255 0 255 27 0 0 231 0 255 0
    255 0 0 255 0 255 255 0 255 255 255 0 255 0 0 0 0 255 78 255 0 0 255
    255 255 255 0 255 255 0 255 159 0 221 255 0 0 0 0 0 39 244 255 0 0 0
    255 11 0 0 0 0 255 0 0 0 255 255 255 0 0 210 255 206 255 255 255 0
    255 0 4 72 255 255 92 77 255 0 0 255 255 255 0 196 0 255 255 0 255
    255 0 255 255 0 0 0 255 255 255 0 0 0 68 35 255 255 93 0 168 107 255
    0 255 16 255 255 0 0 255 255 0 0 44 41 255 0 0 255 114 0 249 255 255
    152 255 255 189 0 0 0 255 255 0 0 255 0 255 146 0 255 255 255 255 0
    10 0 255 0 255 0 179 0 40 255 0 0 0 0 0 255 0 0 0 255 255 255 255 0
    255 0 255 255 255 255 0 255 255 152 255 0 57 0 255 0 255 255 229 6 0
    255 255 255 255 255 0 255 238 160 0 255 0 255 255 0 0 75 0 0 136 0 0
    0 0 255 255 165 49 0 0 80 255 255 0 226 255 255 0 8 0 0 0 0 0 0 255
    173 255 0 255 42 0 0 255 255 255 0 90 160 255 255 0 255 0 0 0 110 0
    255 255 0 0 0 255 0 0 255 0 255 255 255 0 178 255 255 0 0 0 0 255
    132 0 0 0 0 255 255 0 0 0 255 175 209 0 245 255 255 28 255 255 171 0
    255 0 255 0 255 255 255 255 0 0 0 255 165 255 0 0 255 0 255 0 255
    213 0 255 255 255 0 94 5 255 255 255 0 0 255 255 255 90 255 255 0 0
    0 255 211 52 0 14 255 94 255 255 255 0 0 0 255 0 168 0 255 0 0 255
    255 81 0 113 0 0 186 0 255 0 166 0 0 0 88 255 0 0 76 159 0 255 0 255
    0 255 0 0 255 0 255 0 0 255 255 255 255 0 153 0 32 255 40 255 255
    255 0 136 0 255 84 169 0 0 0 255 255 255 255 255 255 0 255 4 255 0
    255 134 0 0 255 211 255 0 255 0 255 0 255 0 255 0 21 255 255 0 0 0
    178 0 255 255 34 0 0 255 236 0 0 132 0 6 0 255 132 255 0 255 255 180
    0 0 255 67 255 0 36 0 255 255 53 129 0 72 255 255 255 255 149 0 255
    255 24 0 255 255 255 255 208 248 0 0 214 146 255 0 255 255 255 0 0 0
    255 0 255 170 255 0 231 255 226 0 255 0 0 0 0 0 255 255 255 0 255
    255 255 255 255 161 255 0 255 176 59 0 97 255 0 255 255 255 0 255
    255 255 95 0 255 255 255 68 0 0 255 146 255 0 0 0 255 0 255 255 255
    0 0 0 255 0 255 197 255 0 0 6 204 255 0 45 0 255 255 35 127 224 64 0
    145 255 255 118 0 255 255 0 0 255 255 255 255 0 0 255 89 0 15 255
    255 3 0 0 164 255 255 126 146 255 0 255 235 154 221 220 0 255 0 255
    0 217 0 255 218 255 109 255 255 0 0 0 255 255 255 0 0 255 255 0 255
    0 255 0 182 0 255 0 255 0 255 0 255 0 131 0 173 0 255 255 255 0 0 0
    0 73 0 212 255 255 255 0 17 90 0 255 0 255 0 255 84 255 0 255 0 0 0
    76 255 255 255 0 0 0 161 255 0 0 0 0 255 0 255 106 230 0 255 255 255
    0 36 0 0 0 255 255 0 0 0 255 63 255 0 162 255 255 255 0 234 0 0 0
    255 255 255 247 255 0 0 255 255 255 0 0 255 139 0 201 107 255 255 39
    255 0 255 0 255 0 255 115 0 192 0 255 243 255 201 0 255 255 255 0
    255 255 0 255 0 0 255 255 171 255 251 0 0 0 255 118 255 0 255 0 255
    0 255 0 255 0 112 0 87 0 255 255 123 0 0 0 255 255 255 255 255 255
    189 0 205 0 129 255 0 0 255 138 231 0 0 122 255 190 167 0 255 255 0
    255 0 0 0 0 0 0 255 255 255 0 0 0 255 255 0 0 0 208 255 255 255 255
    255 0 0 0 255 0 255 255 255 255 0 255 255 0 255 0 255 0 255 255 90
    100 133 0 206 255 255 255 255 87 39 98 255 238 255 0 2 0 255 255 0 0
    0 255 255 255 255 255 255 255 255 0 0 4 0 179 255 0 255 0 178 39 45
    138 0 255 255 255 169 255 0 160 255 0 0 0 234 0 0 0 255 215 0 146 0
    131 0 0 0 255 255 201 255 255 0 0 173 0 0 255 129 255 117 0 0 0 0
    255 0 0 0 255 255 0 255 255 255 0 255 255 255 255 0 0 0 2 255 237
    255 109 255 255 0 0 255 0 0 0 105 255 255 0 18 0 255 0 255 0 255 0 0
    211 255 255 0 255 255 0 215 75 0 255 56 255 0 255 0 0 0 255 255 255
    0 255 0 149 0 255 0 255 0 0 0 0 0 0 0 0 255 255 0 0 0 67 0 255 0 0
    255 73 149 255 255 255 0 184 0 255 0 255 0 0 255 255 0 220 255 255
    105 0 0 0 255 255 0 0 200 255 255 0 255 69 255 0 0 255 187 22 0 0 0
    0 0 0 255 255 255 255 0 255 0 33 0 202 0 255 0 0 0 255 255 255 0 0 0
    255 160 255 0 0 0 255 0 0 0 255 255 0 255 0 255 0 255 255 118 117 0
    0 255 0 255 255 37 255 255 126 59 0 0 255 255 255 0 0 255 190 255 0
    0 0 0 255 161 0 0 0 255 0 0 255 197 33 121 255 0 0 0 255 255 255 255
    255 255 135 255 0 255 0 0 0 255 255 255 0 255 0 199 0 255 0 120 0
    255 82 255 255 0 0 0 203 98 0 77 255 200 255 0 150 255 255 225 255 0
    255 255 255 220 0 0 144 255 255 0 0 0 248 0 255 255 255 244 0 0 255
    0 255 255 255 255 219 0 0 0 255 0 0 0 255 0 0 0 0 255 255 255 0 0
    255 255 255 206 255 150 0 0 255 20 173 255 0 236 0 107 0 255 0 255 0
    255 0 255 0 255 76 255 0 255 219 255 255 0 0 0 255 0 255 0 255 0 255
    255 255 0 0 255 0 255 2 255 0 0 0 0 255 255 37 85 255 255 92 0 0 0 0
    0 0 0 255 0 255 0 31 0 0 0 0 255 166 255 0 0 0 0 140 0 0 255 255 255
    0 0 0 255 233 255 210 0 0 2 255 255 110 0 255 255 0 0 0 255 29 45 0
    255 255 255 0 0 255 11 255 0 193 0 0 0 0 129 0 0 255 0 255 216 255
    255 0 0 255 255 255 255 0 0 0 255 0 255 0 57 0 0 255 255 255 255 0 0
    4 0 0 255 41 255 0 255 55 68 255 93 255 0 0 0 175 255 0 255 255 132
    255 0 255 229 255 94 255 255 0 123 0 0 0 0 203 0 12 0 245 14 255 0
    255 255 255 0 0 0 255 255 255 0 0 255 255 0 0 0 204 123 0 0 255 0 65
    0 255 255 0 255 0 0 55 188 206 255 255 255 0 233 255 255 186 255 0 0
    0 20 255 255 0 25 153 255 211 255 0 255 255 0 0 255 255 100 0 0 255
    255 0 0 0 188 150 0 255 255 255 0 0 255 255 0 118 66 255 0 255 0 255
    255 0 29 255 123 0 0 255 158 255 0 74 0 0 0 0 255 255 255 255 255 6
    0 197 0 255 255 255 0 255 0 255 0 255 163 255 255 255 0 255 56 255 0
    255 255 244 0 255 255 255 0 255 0 0 255 255 0 0 0 0 0 255 255 255
    255 255 175 109 255 31 255 0 0 255 255 51 0 0 141 0 0 0 255 255 255
    255 0 250 0 255 255 255 255 0 0 255 255 255 0 0 82 255 255 0 255 216
    255 255 0 0 255 255 255 0 0 16 0 255 0 255 255 195 0 0 193 0 0 136
    255 255 255 0 255 255 0 255 0 255 255 255 138 255 255 0 255 255 137
    35 255 223 18 0 0 0 255 255 255 255 11 0 0 255 255 255 0 129 255 255
    255 255 0 0 17 43 135 56 109 0 0 0 255 255 255 255 0 0 242 255 255
    255 0 255 0 255 0 255 255 255 0 0 255 255 255 0 0 0 255 163 0 219
    255 255 63 0 255 255 126 52 0 255 255 0 255 0 255 0 0 0 40 255 0 0 0
    0 255 75 119 255 255 0 0 255 255 255 127 0 255 255 0 255 208 255 255
    255 0 0 255 255 255 0 25 188 97 0 230 197 0 217 255 255 127 0 0 255
    255 255 0 0 255 194 0 255 0 255 255 255 255 0 0 0 255 146 255 255
    145 255 0 0 255 164 0 255 255 141 0 0 3 255 0 0 0 255 255 255 0 0
    255 255 162 136 0 0 255 255 255 0 56 255 255 255 0 0 255 255 255 0
    255 255 255 0 0 136 247 0 4 255 0 255 0 38 0 0 0 255 255 53 0 0 255
    0 0 0 255 0 255 0 179 0 255 255 255 0 106 0 255 0 0 255 0 0 0 255
    255 226 0 0 145 0 255 0 30 24 255 2 255 33 0 255 159 255 0 0 42 176
    255 255 0 0 255 0 0 236 255 255 0 0 160 255 255 132 255 0 255 0 255
    0 27 0 0 255 255 10 255 52 227 0 255 104 0 0 255 255 234 0 0 255 255
    58 0 0 255 255 255 0 255 51 0 0 0 14 116 255 255 0 45 255 255 255
    251 0 0 255 255 173 0 0 193 255 255 0 122 0 0 255 255 0 0 255 255 14
    255 255 77 0 0 255 0 255 0 255 255 92 255 101 255 121 0 0 0 255 0 0
    0 255 255 255 0 255 0 255 0 139 255 0 98 255 0 0 0 0 88 160 255 108
    0 0 255 255 255 0 0 255 157 220 0 255 231 188 255 255 0 0 0 255 0
    255 0 255 36 0 190 255 255 83 0 255 202 0 0 161 255 255 0 255 0 0 0
    255 255 0 255 0 255 255 0 41 255 255 0 0 255 255 255 10 0 255 0 255
    0 255 255 212 0 255 0 255 255 219 4 0 255 44 19 0 255 255 255 0 0 0
    255 0 0 0 0 0 0 0 0 63 255 0 255 120 255 97 255 255 165 0 123 255
    255 0 165 255 0 255 0 255 0 0 0 255 255 0 11 0 148 255 255 43 0 255
    0 83 255 255 255 0 255 255 255 0 255 0 6 255 255 187 0 255 255 255
    255 0 255 0 0 77 0 0 0 255 100 255 0 254 255 0 255 137 255 255 0 0
    85 255 255 0 255 0 255 255 255 88 0 255 0 0 6 255 255 114 255 0 255
    83 136 224 255 0 0 152 0 0 255 147 255 0 255 255 255 255 0 255 0 255
    0 255 255 197 0 0 255 255 255 255 0 46 255 0 0 255 0 0 255 255 149
    76 255 0 0 255 0 86 0 0 229 0 255 196 196 0 255 255 225 49 0 208 255
    0 0 0 0 255 255 34 255 0 255 0 0 0 255 0 0 0 0 0 255 0 0 82 0 255 0
    255 0 255 255 78 0 0 0 2 255 255 255 0 0 0 255 0 255 198 0 86 0 255
    0 255 255 255 127 0 0 0 255 255 255 0 0 0 255 0 255 255 71 0 184 161
    255 0 44 0 156 0 255 0 255 255 207 0 0 0 255 255 0 0 183 0 255 85
    255 255 0 0 255 253 255 0 255 255 255 0 0 0 176 255 0 0 255 141 255
    0 0 255 0 138 0 255 0 0 101 0 0 0 72 255 255 0 0 0 151 255 0 158 255
    255 255 0 0 0 191 255 0 255 0 255 0 255 255 0 0 202 255 31 9 79 0
    155 255 255 255 0 255 0 255 0 255 70 255 0 0 0 255 255 99 0 0 255 0
    82 0 0 255 57 178 203 243 255 0 0 67 255 0 255 0 0 255 0 255 255 255
    255 0 0 255 255 255 126 255 0 158 0 89 0 255 0 255 0 46 0 0 0 255 0
    0 255 0 255 19 0 0 255 0 0 0 255 255 255 0 0 255 0 255 214 0 0 112
    255 0 249 253 0 7 255 255 255 0 0 0 82 255 0 0 0 0 255 0 255 0 0 255
    0 0 0 255 0 126 255 200 255 223 0 0 133 255 255 98 0 0 220 248 0 174
    0 255 255 255 0 255 8 110 255 0 0 0 0 218 255 255 0 255 255 0 0 54
    255 255 0 0 255 255 255 255 255 255 255 101 255 0 0 0 255 255 255
    255 0 0 99 117 255 170 255 0 0 195 0 0 245 255 255 0 159 255 255 255
    187 0 0 154 192 0 255 0 255 226 255 255 0 0 255 255 255 187 0 255
    255 255 255 0 0 255 0 255 255 0 182 255 255 0 0 0 0 123 255 81 255
    255 0 0 215 255 255 0 0 255 0 0 0 255 0 243 0 255 48 0 206 255 255
    255 0 0 255 255 165 0 255 255 62 0 222 255 56 0 0 255 135 255 255
    149 0 0 0 0 68 160 255 0 0 255 255 0 247 0 255 255 208 0 1 255 0 255
    0 0 255 0 0 255 20 255 0 247 27 255 30 0 0 0 152 255 0 255 0 217 0
    255 77 255 0 255 255 0 255 255 0 31 0 255 255 101 0 147 255 0 255
    255 255 0 200 0 255 0 0 224 0 255 7 255 255 0 0 255 0 0 0 255 255
    255 116 0 0 176 255 227 0 0 200 0 209 224 255 0 255 84 255 255 0 255
    118 255 0 0 0 0 255 0 0 0 0 255 0 0 0 255 255 0 0 255 255 75 53 0
    255 0 255 0 0 0 77 255 255 15 255 255 0 0 0 255 255 0 255 255 255
    255 255 0 243 0 0 255 255 255 255 255 0 0 255 0 255 0 255 0 0 0 0
    255 255 255 255 255 0 255 0 255 0 0 71 255 133 102 0 0 0 255 0 255 0
    0 0 255 33 0 255 0 255 0 0 0 144 255 255 255 0 0 200 0 0 255 255 255
    0 0 179 255 255 20 255 0 0 0 0 255 108 255 0 0 37 0 0 0 124 0 255
    255 255 78 255 0 255 255 0 0 0 255 45 255 255 36 0 144 255 255 0 0
    255 0 255 0 0 125 255 0 0 0 208 0 255 255 255 0 255 0 255 255 255 0
    0 255 0 255 0 190 0 0 155 0 255 255 0 255 0 255 0 0 255 0 255 255
    255 255 255 30 240 114 255 255 255 84 224 0 255 0 0 255 0 0 255 151
    255 0 0 0 119 255 255 0 0 65 255 0 255 255 144 0 255 72 184 111 14 0
    0 119 227 71 255 255 255 255 49 76 255 255 0 62 255 255 255 0 240
    255 0 255 0 42 169 0 0 0 0 0 229 255 255 255 0 255 184 54 0 140 255
    255 0 0 0 255 255 0 0 0 255 255 255 0 0 0 255 0 0 255 255 255 255
    255 0 0 255 255 255 0 0 0 0 0 255 0 255 0 255 255 255 0 0 0 255 255
    255 58 0 255 255 255 0 0 255 119 3 0 255 0 255 156 145 0 255 89 241
    255 97 255 170 249 0 0 93 0 243 0 0 0 99 255 128 69 255 0 123 0 255
    255 255 232 38 81 0 178 0 255 255 0 0 0 255 255 255 0 144 0 255 255
    0 0 156 255 255 0 255 255 114 0 0 0 0 255 246 255 255 255 255 0 0
    139 255 255 0 0 205 0 236 16 255 13 0 130 255 87 0 0 255 255 0 149
    255 17 255 255 62 198 50 255 233 255 255 3 0 0 0 255 255 164 0 168
    12 233 0 0 187 255 0 188 0 255 255 255 0 240 0 255 255 22 0 249 0 0
    0 255 255 184 0 0 86 255 255 255 0 0 0 255 255 255 255 255 12 0 0
    255 255 255 0 0 182 255 165 0 231 0 255 255 255 255 230 0 255 215
    255 255 0 0 96 0 255 227 255 0 255 0 255 255 121 0 54 113 255 147
    146 0 0 156 255 255 255 0 0 0 0 255 29 255 255 0 0 0 0 255 0 0 0 202
    255 0 0 255 255 238 255 0 0 0 0 0 0 0 0 255 0 255 0 255 0 255 0 255
    0 255 255 255 0 0 255 67 241 255 255 0 0 0 0 188 255 72 0 0 0 255 0
    0 172 255 255 19 0 31 0 255 0 255 0 255 55 255 174 0 255 14 255 0 0
    29 0 255 0 172 0 0 255 0 255 0 255 0 0 0 255 255 126 0 255 16 0 40 4
    107 255 0 255 58 255 0 255 0 0 60 255 255 0 255 255 146 217 255 187
    41 154 44 0 255 0 255 255 255 0 255 0 255 126 255 255 255 0 172 0
    255 220 255 255 255 0 0 0 0 255 255 255 0 255 0 105 0 255 255 0 0
    255 0 255 0 0 255 0 255 0 255 110 255 196 154 255 255 0 0 255 0 255
    0 255 148 0 220 0 228 27 77 255 138 0 0 255 0 0 186 255 176 255 255
    0 34 255 161 255 0 0 255 12 0 255 0 255 244 116 255 255 117 0 0 138
    0 123 0 255 46 255 0 0 0 86 0 255 68 255 0 81 255 255 197 255 255
    255 0 0 255 0 209 255 255 41 255 0 255 255 0 0 0 255 0 0 38 255 193
    255 255 0 0 112 0 255 0 161 0 189 106 255 0 0 150 0 255 138 49 0 255
    27 255 18 255 0 0 0 255 60 233 0 252 255 255 255 0 255 0 255 0 36 0
    0 255 255 255 0 42 0 255 227 255 246 0 0 255 255 255 255 0 53 255 70
    41 0 255 176 0 206 0 255 0 255 25 255 255 196 255 0 86 0 255 0 0 0
    255 0 0 255 255 0 255 255 0 0 255 255 0 0 0 255 255 62 0 0 255 255 0
    255 255 0 0 0 255 0 0 0 255 0 0 0 163 255 255 0 0 0 255 255 0 111 0
    255 0 0 0 111 0 255 0 255 255 255 65 255 0 0 0 0 255 0 0 255 255 255
    225 0 255 0 255 216 0 0 0 0 255 52 255 255 255 0 255 0 255 220 0 0 0
    0 10 255 255 255 0 0 0 0 255 255 255 111 9 0 0 0 0 0 255 255 255 255
    0 0 255 0 255 0 0 0 0 255 255 255 152 210 24 127 255 255 255 0 30 0
    0 0 255 255 255 0 0 0 255 255 0 0 255 0 255 255 0 255 41 255 255 0 0
    0 0 255 109 255 0 54 0 17 0 0 156 0 255 0 231 255 226 255 228 14 0 0
    0 0 173 0 255 101 0 255 255 255 59 19 255 0 255 0 229 23 255 232 0
    31 168 255 0 0 0 255 255 255 0 0 25 0 237 0 255 255 0 0 175 255 255
    181 0 0 255 255 0 151 0 255 0 0 255 255 255 255 255 55 255 0 255 0
    255 255 255 0 255 255 255 207 0 143 255 0 0 255 155 255 236 0 0 0
    255 0 0 0 255 144 255 245 0 255 82 84 7 240 255 0 221 0 255 255 255
    248 0 0 255 255 255 0 26 0 0 0 0 88 255 0 0 0 255 255 255 0 255 54
    255 255 0 102 0 0 255 0 2 0 255 0 0 0 0 255 255 0 0 0 255 255 255 0
    255 0 195 255 231 255 0 255 0 0 0 87 143 255 0 255 255 255 73 35 255
    0 255 165 0 255 0 255 255 114 188 255 0 77 0 0 255 255 255 0 0 255 0
    255 0 171 255 255 255 134 255 0 255 0 0 255 255 0 0 0 255 255 0 174
    255 255 255 0 255 0 255 0 0 0 202 36 255 255 20 239 0 255 13 255 255
    135 85 0 0 223 255 197 255 255 14 0 255 143 17 0 0 255 0 229 0 255 0
    83 0 255 255 0 0 112 0 255 255 0 0 0 105 255 255 255 0 0 177 0 0 255
    255 255 0 108 0 0 0 147 0 255 255 0 9 0 255 0 57 255 255 230 192 0
    28 0 255 255 0 255 0 255 0 0 255 22 255 255 255 0 0 0 255 255 0 44 0
    0 0 255 255 89 187 255 0 0 255 255 255 255 255 0 0 0 255 0 0 136 255
    255 165 0 0 0 0 255 0 0 0 255 255 255 0 0 0 137 218 255 255 0 0 0
    255 255 255 255 255 0 0 220 255 96 0 0 160 255 255 255 0 165 0 0 255
    255 255 255 0 0 0 255 0 28 0 195 255 0 0 30 89 239 167 255 255 0 211
    33 255 0 109 144 255 0 255 73 247 0 255 231 255 0 0 0 227 135 0 0 0
    255 255 255 0 0 255 255 0 0 250 255 255 0 0 255 255 255 0 50 0 0 0 0
    0 131 255 0 0 0 255 179 255 76 211 0 0 255 255 0 0 255 0 0 0 0 255
    255 13 105 0 0 0 255 0 168 255 255 0 0 0 255 255 255 0 255 0 255 81
    255 255 255 198 0 255 255 255 0 0 0 255 86 0 216 255 255 255 0 65 0
    0 255 255 255 0 17 0 255 255 0 158 255 255 255 0 255 0 0 255 147 255
    255 255 0 0 0 255 255 147 0 0 255 255 0 163 33 255 0 0 0 255 255 255
    0 255 255 240 0 158 0 255 255 255 0 255 129 137 0 255 255 255 0 255
    14 255 0 255 255 0 0 234 159 0 0 255 255 255 0 255 28 255 7 0 0 0
    255 255 0 106 255 248 255 255 233 0 0 255 255 255 255 26 0 0 255 255
    210 201 0 255 255 0 0 0 255 255 255 255 0 0 0 0 0 0 255 255 255 10 0
    255 255 242 0 0 255 255 0 0 255 0 255 255 255 219 0 0 0 255 0 255
    255 255 230 102 0 255 35 197 243 255 255 0 0 0 0 231 255 207 255 255
    255 0 166 255 0 255 0 45 255 255 255 42 250 22 255 188 0 115 180 108
    0 0 0 207 255 255 255 255 255 0 0 0 255 241 255 96 255 255 255 255
    255 134 43 0 0 255 0 178 255 255 180 0 0 255 26 255 0 0 255 222 255
    84 255 0 255 0 0 0 255 0 255 0 255 0 255 0 255 255 255 255 241 0 0 0
    255 255 255 0 0 0 255 0 0 193 0 42 0 255 255 255 255 0 0 255 206 255
    91 255 125 108 0 255 128 255 155 0 207 0 255 255 0 231 0 255 0 0 0 0
    255 255 0 0 54 255 255 255 204 0 0 0 255 21 0 0 255 255 195 0 131
    255 73 255 0 255 0 75 255 0 255 255 255 0 0 0 255 86 0 120 0 255 0
    255 184 0 255 0 0 0 0 244 255 0 25 255 255 0 0 255 255 255 255 0 69
    45 255 70 0 238 255 255 0 0 4 255 255 255 255 95 0 0 255 255 255 239
    255 255 255 0 255 222 255 209 255 0 255 255 0 0 0 255 0 255 0 179 0
    54 17 255 255 255 255 0 0 0 255 0 0 255 0 255 231 255 192 0 255 0 0
    0 0 74 255 255 0 74 131 175 0 188 28 255 250 0 0 136 255 0 255 255
    255 0 92 255 255 248 255 255 255 255 0 0 255 0 0 0 255 0 82 0 255
    255 239 0 0 255 255 0 0 101 0 0 0 255 255 255 0 0 0 215 255 255 0 0
    148 94 255 255 255 0 180 255 0 0 255 64 255 0 255 60 255 255 198 0
    255 255 0 92 40 0 0 255 255 255 255 0 255 0 18 255 0 255 203 255 206
    0 0 77 255 255 112 255 255 255 0 0 0 255 0 255 13 255 82 31 0 80 130
    125 251 0 255 255 0 0 255 255 66 0 0 35 255 74 255 0 255 0 0 108 0
    255 0 255 0 255 68 255 0 255 0 255 255 255 151 0 0 227 88 212 218
    255 255 255 255 0 0 222 0 255 0 255 255 0 0 0 0 255 255 255 255 0 36
    0 0 255 0 171 152 255 255 0 0 0 46 255 0 255 0 255 0 255 0 0 241 255
    255 255 0 255 0 254 255 255 255 0 255 0 0 0 255 0 161 150 255 198
    255 138 255 0 255 0 255 0 255 0 255 255 255 0 255 255 0 0 0 255 255
    0 0 255 0 255 255 255 0 0 0 255 255 0 0 255 255 255 0 0 255 255 255
    32 255 255 0 0 129 255 0 255 73 255 0 0 255 255 0 255 255 255 255
    240 0 0 68 0 255 0 0 255 255 0 0 225 0 0 255 255 0 38 0 255 101 0 0
    44 0 0 255 117 255 218 255 255 90 0 28 255 0 0 0 0 255 215 0 0 255
    255 255 0 255 255 255 0 0 183 0 255 64 0 0 255 255 255 0 0 0 32 41 0
    255 8 0 0 0 255 156 255 0 0 0 255 255 255 255 0 0 0 255 0 0 255 255
    223 0 0 0 255 255 0 0 255 255 0 0 0 0 255 114 0 75 255 0 255 255 248
    255 255 38 63 0 0 0 0 56 12 255 91 255 255 255 0 0 255 0 255 221 0 0
    0 0 255 30 255 57 255 255 157 255 255 255 208 255 255 255 255 0 255
    255 255 237 0 255 0 191 0 255 250 106 0 255 255 255 0 0 231 255 69
    44 255 255 153 78 0 0 0 0 0 0 0 50 255 0 255 255 0 0 255 0 12 0 255
    0 0 0 255 255 51 0 255 0 255 0 0 0 255 0 1 0 0 255 91 0 255 0 15 0 0
    0 228 255 255 0 0 0 0 255 255 255 0 0 80 126 255 255 43 0 255 0 0
    255 0 0 0 0 0 0 168 0 0 25 255 0 0 255 255 0 255 0 255 4 0 0 255 255
    255 0 13 255 255 255 0 0 141 255 255 147 0 0 255 0 0 0 129 0 6 167
    221 105 255 19 255 255 255 130 255 193 147 255 255 0 132 0 135 0 255
    152 0 255 55 255 0 0 0 255 187 255 0 0 255 86 255 0 255 0 0 255 255
    0 255 255 255 0 0 0 255 0 159 48 0 0 133 255 200 144 30 0 255 241 0
    0 0 255 255 0 255 0 255 0 0 0 255 255 0 0 0 255 255 88 240 255 0 238
    48 255 0 255 174 255 0 0 255 255 255 0 215 0 172 0 255 0 255 0 140 0
    255 0 255 255 0 247 0 255 255 255 0 255 99 0 0 255 255 255 50 0 0
    198 0 255 0 0 255 0 0 0 255 0 255 0 255 57 0 0 0 255 0 255 255 255 0
    255 42 255 0 255 255 0 255 233 255 19 115 169 121 255 0 255 0 0 0
    255 116 236 255 0 0 198 255 255 0 255 0 255 0 255 255 0 0 0 255 249
    0 140 121 0 255 0 0 255 255 35 0 0 0 255 0 255 255 0 132 0 0 181 0
    158 0 255 0 104 0 99 255 255 255 255 212 0 0 0 255 20 255 0 255 183
    0 255 5 255 0 0 0 0 255 0 255 0 0 0 0 255 255 255 0 0 255 0 128 201
    133 0 0 0 65 255 0 0 255 255 255 0 255 255 255 0 255 0 0 0 255 255
    255 92 0 0 146 7 255 0 255 255 113 18 0 60 0 0 255 255 255 92 179 0
    0 255 136 255 0 255 0 255 0 255 75 200 239 255 213 0 255 67 58 0 0 0
    0 0 119 255 0 255 74 255 0 255 255 255 106 255 64 170 0 0 255 255
    255 0 0 0 255 255 255 0 0 255 0 255 255 255 0 0 0 69 255 0 0 0 0 197
    255 255 0 255 0 0 0 255 0 255 0 204 0 255 255 142 255 255 0 0 0 255
    255 0 0 0 255 0 255 0 255 23 255 255 0 0 0 255 0 255 255 156 255 255
    0 0 255 255 0 0 255 0 0 255 0 59 255 255 255 0 0 255 136 255 255 255
    0 0 0 255 0 255 86 0 97 255 255 0 255 0 0 0 215 255 255 0 0 0 255 81
    255 0 0 0 255 0 255 168 0 255 0 255 0 255 255 255 248 0 0 209 255
    255 255 67 255 0 255 0 255 0 87 0 58 87 255 255 255 0 255 0 255 255
    255 41 0 180 234 0 255 255 255 0 0 255 255 193 0 0 0 246 1 0 255 160
    255 255 0 255 255 255 0 0 255 0 255 255 255 241 0 0 111 254 255 255
    39 0 0 255 255 85 255 0 255 1 0 255 255 146 0 0 182 255 0 0 30 255 0
    0 255 223 255 0 182 0 22 2 0 143 255 0 0 0 105 255 255 0 0 0 255 255
    255 105 122 255 0 255 0 114 255 208 255 0 194 0 118 32 255 101 255
    85 255 179 0 0 0 0 0 0 255 0 0 150 31 49 4 230 255 255 0 0 0 255 255
    179 0 0 0 0 255 0 0 255 0 0 0 0 255 255 0 0 0 0 255 255 97 228 255
    106 255 255 0 255 0 0 255 255 255 255 0 0 255 255 190 0 0 0 242 255
    85 255 255 255 255 0 0 255 0 47 255 0 213 0 82 0 0 255 0 255 0 255
    255 255 0 88 255 0 152 245 43 255 0 81 0 255 92 255 0 99 255 0 0 0
    255 255 141 255 164 255 255 255 0 0 255 255 255 0 0 255 0 255 255 0
    0 0 255 0 0 0 255 220 0 105 255 0 255 255 77 166 255 255 255 255 0
    255 188 255 255 255 0 177 255 0 0 0 194 255 255 0 0 255 255 0 0 0 0
    255 255 0 0 0 82 255 136 0 0 0 255 241 0 0 0 255 0 255 255 255 228
    255 0 0 0 255 99 15 0 255 255 0 0 255 0 0 0 0 255 255 255 0 255 77
    255 255 255 112 178 0 137 0 255 113 0 0 0 211 255 82 187 0 255 255 0
    255 0 0 0 0 0 255 255 55 0 255 255 0 0 255 255 255 0 255 0 255 0 255
    0 255 0 255 0 255 0 255 71 255 185 255 0 255 255 0 0 137 55 0 0 152
    255 0 255 255 0 255 255 255 0 255 0 0 60 255 255 255 255 255 229 0
    255 89 255 0 184 127 201 255 0 255 0 150 0 255 152 255 227 196 0 0
    209 57 0 0 84 255 255 0 0 216 2 255 255 0 152 0 255 0 255 0 255 0 0
    255 255 255 0 255 0 255 0 255 42 255 234 0 156 255 255 255 193 0 255
    229 187 0 255 255 255 108 255 0 0 255 255 0 0 0 255 255 255 5 255
    255 0 255 0 255 173 0 0 255 46 255 0 0 255 0 105 255 0 233 249 0 203
    255 255 255 0 255 0 255 0 255 255 150 255 0 255 0 255 0 0 0 139 255
    194 0 0 0 255 255 0 0 84 255 0 32 183 255 0 0 255 0 255 0 255 255
    255 27 0 27 35 0 0 255 231 0 255 0 0 0 0 255 0 0 92 255 0 0 171 255
    255 255 255 199 255 255 8 0 0 0 0 0 255 0 255 0 0 0 0 13 255 215 255
    0 0 0 255 255 255 0 0 0 255 255 86 255 255 255 0 0 0 154 255 255 0
    255 180 255 33 41 0 248 0 199 255 221 205 168 255 0 255 255 189 0 0
    255 0 255 255 255 0 0 90 27 255 221 0 0 255 255 55 0 248 0 255 0 0 0
    255 255 0 0 0 255 255 0 0 0 255 255 255 0 255 0 255 190 0 0 1 255 0
    0 11 169 0 255 1 223 0 0 255 0 255 255 0 0 0 0 0 255 255 73 0 255 0
    255 0 199 0 255 255 255 0 0 0 0 0 255 255 0 255 217 169 255 255 255
    193 0 255 255 255 0 0 255 168 0 0 255 12 255 174 3 255 255 172 93
    255 255 0 148 255 0 255 0 255 0 0 0 0 24 0 103 0 0 83 255 255 255
    255 0 0 255 0 255 0 133 0 0 0 214 255 0 0 255 0 255 192 255 0 215
    255 255 255 255 0 255 0 0 0 255 255 205 0 15 255 255 255 255 0 225 0
    0 255 255 0 0 255 255 46 0 0 0 255 255 255 199 255 0 255 255 184 0 0
    255 255 255 0 81 0 251 0 0 46 0 187 0 255 224 255 0 0 0 255 0 0 0 61
    255 230 255 0 2 0 170 0 255 255 255 255 50 255 0 0 0 243 255 0 0 0
    174 255 255 0 0 78 52 2 255 255 255 0 0 255 255 255 219 0 0 255 23 0
    0 255 255 167 0 99 255 197 0 0 0 255 255 255 0 0 0 255 255 0 0 65
    255 251 255 203 255 255 137 0 255 15 255 255 0 255 255 114 88 0 255
    0 255 98 114 218 255 0 0 0 255 53 255 255 255 0 0 255 255 255 0 0 0
    255 0 205 255 0 0 170 255 255 52 0 0 0 255 255 186 255 119 255 255 0
    0 0 88 255 0 255 255 255 57 255 255 189 233 5 0 189 0 155 255 76 0
    255 255 0 0 255 0 255 0 255 81 0 255 255 255 0 197 255 0 0 0 0 255 0
    255 0 0 0 255 0 19 0 0 255 2 255 255 221 0 0 255 255 0 255 0 255 0
    255 0 145 0 255 255 200 143 0 0 255 255 255 0 255 255 255 255 255 0
    0 0 0 0 255 48 255 255 240 0 0 255 0 255 167 255 181 255 255 0 255 0
    0 0 255 255 0 0 184 0 255 255 255 255 238 0 54 255 0 0 255 255 255
    139 0 255 36 0 181 255 255 24 255 0 255 78 255 0 255 171 171 255 255
    0 255 0 0 0 255 0 0 0 255 255 111 0 0 0 0 0 189 255 255 255 255 176
    0 72 255 0 0 0 255 255 0 0 0 198 0 32 0 255 0 0 255 0 0 0 255 255 0
    0 253 255 255 19 0 255 15 16 162 255 255 134 0 0 9 255 255 0 0 255 3
    255 6 30 0 0 0 255 255 255 34 0 0 255 0 255 240 255 0 0 0 162 255
    255 0 255 0 0 90 65 215 255 0 205 225 0 255 255 255 255 0 0 101 255
    0 0 255 213 255 57 255 255 0 0 0 255 255 255 0 255 0 0 255 255 0 0
    255 0 16 34 255 255 255 0 0 255 0 255 7 255 0 255 0 255 255 255 255
    255 96 0 0 255 0 0 0 255 255 150 116 0 255 0 255 255 0 0 0 223 95
    255 255 193 0 255 255 255 255 84 0 255 0 255 122 255 148 0 70 255
    100 0 0 0 255 0 0 0 0 255 255 0 0 0 255 0 255 0 0 0 185 0 255 255
    255 255 0 255 223 0 0 0 0 0 255 255 255 255 112 0 0 255 0 255 255
    255 0 255 14 0 0 167 255 255 255 0 255 255 255 0 0 0 255 255 255 0 0
    0 67 255 255 51 0 255 0 0 255 255 0 0 0 0 255 255 123 0 255 255 255
    0 106 255 255 157 0 0 255 255 255 0 255 255 136 255 0 0 0 255 135 0
    255 255 255 0 0 0 255 255 255 0 156 0 255 0 255 255 245 255 0 0 233
    255 255 255 0 124 18 255 158 255 52 208 0 0 90 197 3 255 157 255 239
    255 0 255 0 255 255 0 0 0 255 255 0 255 158 0 0 82 255 0 0 255 148
    232 90 0 52 0 255 229 255 255 0 255 255 0 0 0 255 255 0 255 255 195
    255 0 249 0 255 0 193 0 255 255 205 255 0 74 255 0 253 255 201 255
    255 255 0 255 248 0 0 0 255 255 255 0 0 255 255 255 0 0 0 110 255
    104 0 255 255 251 255 255 0 0 0 0 0 72 0 0 255 0 255 0 255 0 0 116
    86 255 0 0 0 255 0 0 255 94 255 0 255 255 142 0 236 0 255 110 0 255
    255 0 255 0 255 255 255 255 0 255 255 0 0 0 54 0 22 0 188 182 255 0
    213 0 255 255 0 255 0 38 164 0 255 0 255 89 255 255 255 233 0 255
    255 183 156 255 0 255 0 255 0 0 0 255 255 0 255 0 255 255 255 0 255
    103 255 255 96 255 0 255 0 17 255 255 10 0 255 255 255 0 0 0 255 38
    57 0 172 255 0 255 0 255 255 255 0 23 255 255 0 255 0 141 0 255 255
    255 255 0 0 0 0 0 255 255 0 0 0 39 156 255 0 58 243 255 255 0 0 0
    255 255 255 255 106 0 0 0 0 255 0 0 32 0 255 255 0 255 0 0 0 117 0 0
    255 0 0 255 0 22 37 255 255 255 0 0 255 255 138 0 255 255 147 0 255
    0 255 191 255 17 0 255 80 0 0 255 255 255 255 255 255 255 255 255 0
    255 255 255 0 225 191 76 248 0 255 255 0 0 181 0 239 0 255 255 0 0 0
    255 0 255 0 0 0 255 241 0 58 0 255 0 255 0 255 239 0 255 0 255 0 255
    0 11 0 0 0 0 255 0 255 255 20 113 116 151 0 0 207 255 0 0 14 255 0 0
    255 0 255 0 0 255 0 0 0 255 0 0 0 255 255 0 0 44 0 255 154 0 17 255
    255 0 0 255 0 230 255 173 255 117 0 255 255 255 0 0 0 43 255 255 255
    212 0 0 143 109 255 255 255 2 0 0 255 19 43 0 255 0 2 255 255 255 0
    255 255 171 121 255 255 129 0 231 177 255 255 0 0 255 120 255 142 0
    0 0 255 255 255 0 255 169 255 0 0 0 255 255 255 255 255 0 143 0 255
    0 255 0 255 255 255 66 0 0 61 0 0 255 255 255 0 255 255 255 151 0
    255 0 255 0 0 61 0 0 208 0 255 0 255 0 255 0 255 0 255 0 255 9 255
    153 255 255 0 0 0 255 168 255 44 0 255 177 255 255 82 225 255 0 0 0
    255 255 255 164 255 0 255 0 0 0 9 255 169 255 0 255 0 0 0 0 255 255
    0 0 0 255 255 255 201 0 80 255 178 255 255 0 255 0 0 0 255 255 255
    255 255 0 0 0 55 0 10 255 255 155 0 0 0 255 64 255 255 0 243 0 255
    255 255 0 0 0 0 0 255 217 142 0 255 13 255 0 85 235 0 255 0 70 0 255
    0 14 255 125 255 0 255 0 61 255 94 89 90 255 0 184 255 255 255 0 0
    55 255 0 255 0 255 0 0 0 204 127 255 255 255 0 0 0 255 0 198 255 0
    92 255 255 255 0 255 255 255 255 0 0 255 52 7 17 255 255 0 51 0 0 26
    255 0 0 255 0 255 142 255 2 255 0 255 0 191 255 255 255 0 0 0 0 8
    255 93 255 0 0 0 255 255 255 0 0 255 0 36 255 255 89 0 0 0 0 255 231
    169 255 255 0 38 255 55 0 0 0 0 255 208 255 255 0 255 0 255 255 80 0
    0 0 0 0 255 95 0 0 255 255 0 255 0 255 0 0 255 0 0 0 199 255 255 0
    255 0 0 255 0 255 0 255 0 255 247 0 0 193 255 0 255 0 0 0 0 0 0 255
    0 144 0 255 0 0 0 255 255 255 0 111 0 0 0 255 255 255 0 255 0 255 0
    3 255 44 255 0 0 255 255 0 255 0 255 0 255 255 0 255 0 0 0 0 255 255
    235 255 0 0 255 255 255 140 0 255 0 0 177 62 255 255 0 191 255 255
    255 0 0 0 113 0 78 0 57 255 100 255 0 226 0 238 255 255 0 0 251 255
    255 0 0 0 255 255 255 255 0 177 0 255 255 117 255 0 102 0 255 255 0
    255 0 140 255 255 0 0 119 255 255 255 0 255 255 0 0 0 255 30 0 255 0
    0 0 241 255 191 255 255 255 0 0 0 0 102 0 255 166 255 255 255 0 255
    222 255 255 255 177 0 0 0 255 28 199 0 255 0 0 0 255 255 215 0 255
    40 255 255 0 0 255 255 82 255 255 255 255 42 228 0 255 255 214 16 36
    255 129 255 0 0 0 204 255 255 0 0 0 255 121 254 0 60 255 0 16 71 255
    0 249 255 255 0 169 255 0 255 0 255 255 0 12 0 220 255 255 255 0 255
    34 49 0 0 50 255 221 255 0 0 20 63 255 0 255 0 155 0 0 0 0 0 255 255
    114 0 0 0 0 255 255 255 0 0 176 255 0 255 0 255 185 255 66 255 255
    166 255 255 255 0 0 255 255 0 255 0 255 255 255 0 0 134 0 255 0 0 41
    0 255 255 0 255 0 46 255 255 255 0 0 255 0 82 0 255 0 255 255 255 0
    255 162 211 21 84 11 0 255 0 255 0 255 255 255 0 0 255 129 226 0 255
    255 245 0 0 255 224 255 255 255 0 0 255 0 0 208 255 0 0 176 255 255
    255 255 255 54 255 0 255 0 68 0 0 255 255 255 0 199 0 0 77 155 255 0
    73 0 255 255 98 0 0 255 131 103 0 255 255 255 255 255 179 0 0 255 0
    220 255 0 255 0 255 0 255 255 255 0 0 67 255 255 206 255 224 0 0 255
    0 0 255 255 255 0 255 235 255 0 0 0 106 255 255 255 179 255 0 255 0
    0 0 0 0 137 255 0 255 255 203 0 255 1 0 0 0 218 255 255 95 255 255 0
    0 0 255 255 0 106 0 255 255 255 255 0 0 0 251 23 255 107 0 0 0 0 255
    255 162 255 0 255 0 255 255 0 0 255 132 155 20 255 3 255 255 70 174
    180 255 207 55 255 255 48 255 255 255 0 48 0 255 48 255 0 255 175 0
    0 0 255 255 0 123 255 0 255 255 255 0 29 0 108 255 255 255 0 89 255
    255 255 255 0 0 255 255 0 255 211 255 0 255 255 0 0 179 255 255 0 0
    255 0 255 255 255 255 93 255 19 0 0 0 31 255 255 255 0 255 0 68 255
    0 255 255 12 0 0 67 0 226 255 0 255 255 255 255 0 0 233 0 255 0 255
    255 18 0 0 41 255 0 255 0 0 0 0 255 195 0 81 0 255 255 0 255 0 188 0
    255 255 0 173 0 153 255 255 222 0 255 255 0 0 255 0 0 0 255 0 40 255
    255 0 139 0 255 165 240 0 0 0 255 0 255 217 255 255 0 0 0 255 0 0 0
    255 255 0 255 255 255 241 235 0 0 255 0 255 114 255 35 255 59 145
    255 0 255 0 0 255 255 207 255 249 255 0 255 0 0 0 255 0 255 205 0
    255 229 255 149 0 0 156 255 0 114 0 0 0 255 255 0 255 182 255 0 0 0
    255 0 0 121 145 255 0 255 0 232 0 255 255 0 216 214 0 0 0 255 255
    255 244 0 0 255 0 255 255 119 0 0 0 255 174 255 255 255 6 0 0 255
    215 255 255 0 0 156 205 162 101 98 255 0 255 255 226 0 0 0 0 255 255
    255 0 136 0 56 213 35 78 255 0 129 0 0 255 88 240 0 255 255 0 255 0
    0 144 0 255 13 255 0 230 66 0 136 187 0 255 0 0 0 255 255 183 211 0
    0 0 75 255 255 255 166 0 0 0 255 255 78 255 0 0 0 255 255 0 0 255 0
    255 0 0 0 255 63 0 0 0 255 0 0 255 0 255 255 192 255 255 0 0 255 0
    255 0 182 85 0 0 225 255 255 255 0 0 0 148 179 255 88 109 255 255 0
    0 0 255 255 0 0 199 255 0 0 255 255 0 255 18 8 0 25 255 255 255 0 0
    0 0 0 0 142 0 0 225 255 255 0 122 209 255 255 255 0 255 0 0 110 255
    0 255 225 129 0 146 255 255 146 255 0 0 0 0 255 255 0 255 0 255 255
    255 255 0 255 0 0 0 255 255 143 3 0 0 255 255 75 0 8 0 255 189 255 0
    255 56 255 114 0 25 255 0 255 255 197 0 229 105 255 255 0 0 0 255
    128 0 0 0 0 255 0 255 0 255 0 0 255 255 0 255 31 0 141 110 255 0 255
    0 72 22 0 0 255 255 255 255 193 0 255 255 235 92 233 255 255 0 0 115
    255 0 0 255 0 255 0 255 0 0 255 255 0 206 0 91 255 255 255 0 255 0
    255 0 0 244 255 180 0 0 255 255 0 255 0 255 55 255 255 255 169 0 255
    255 255 0 255 0 149 255 255 255 0 0 0 166 0 0 255 255 255 0 84 255
    255 0 0 0 255 0 162 14 56 163 255 255 0 0 0 0 255 255 255 255 255 0
    0 255 0 0 0 0 255 0 255 0 194 255 0 0 0 255 174 0 0 0 255 0 0 181 0
    0 0 126 255 0 0 0 184 0 0 0 255 255 179 0 255 0 255 0 0 255 255 14 0
    255 0 0 0 255 76 255 255 0 0 255 255 173 243 0 255 4 255 255 0 153
    255 255 216 0 255 255 65 0 0 0 255 128 255 0 0 133 0 176 255 201 233
    0 223 0 255 255 255 45 99 255 255 60 151 0 158 42 255 255 255 0 255
    0 122 255 0 198 0 0 255 255 0 0 0 255 154 0 0 196 255 255 0 0 169
    255 255 255 218 0 0 255 0 255 255 149 0 0 255 0 0 255 255 255 0 255
    0 0 0 255 255 255 255 187 64 255 0 0 0 134 90 0 0 5 255 0 155 98 241
    0 0 255 0 255 0 255 65 46 0 0 255 255 255 0 122 255 0 0 255 0 255
    129 255 0 119 0 255 0 255 0 255 255 153 0 0 0 0 134 0 0 100 255 255
    255 255 255 94 0 0 0 255 255 255 0 0 255 0 255 0 47 255 0 255 0 255
    0 255 255 0 0 0 151 255 255 255 255 0 160 0 16 255 0 0 255 255 255
    255 0 0 0 255 255 148 0 112 0 255 255 255 0 62 255 0 37 255 255 0
    129 255 18 0 255 255 255 0 255 0 255 181 0 0 0 0 255 255 255 161 0 0
    0 0 255 0 255 0 255 0 255 86 0 0 255 255 0 15 255 255 255 255 0 0
    255 182 255 255 0 0 0 0 0 0 255 156 255 7 255 65 255 0 255 255 0 255
    0 255 0 255 255 255 222 255 255 0 255 0 255 255 255 255 0 255 72 0 0
    193 0 255 123 0 0 255 183 0 0 0 0 255 0 255 255 0 0 0 120 0 56 19
    119 255 255 255 0 0 255 255 0 255 0 146 0 255 0 0 155 255 0 255 0 0
    0 0 255 255 255 242 0 0 255 255 43 121 255 255 0 255 255 255 214 0
    255 0 147 255 255 20 0 255 255 0 255 192 255 255 0 255 0 36 0 255 0
    0 255 218 209 0 255 0 0 0 255 255 255 255 0 0 0 80 255 255 255 255 0
    112 255 255 0 250 0 255 198 255 0 255 129 255 255 255 0 255 255 255
    0 0 0 0 0 0 255 0 0 0 153 255 20 55 146 134 0 155 0 0 0 255 255 0 0
    255 255 142 0 255 255 255 255 255 6 191 0 232 0 0 0 255 255 255 0
    238 159 255 0 255 0 255 0 255 0 255 255 255 0 85 0 36 129 255 255
    255 0 229 255 255 0 0 255 255 255 0 0 1 255 255 0 219 191 162 0 102
    255 0 255 255 0 255 0 255 255 0 0 0 255 0 8 133 0 0 255 0 0 181 255
    255 0 0 0 0 244 255 0 198 0 221 0 255 0 255 123 0 255 128 255 0 255
    0 255 255 255 0 86 0 0 255 255 0 124 77 144 0 255 255 0 0 255 0 252
    43 0 0 0 255 0 216 0 255 33 255 142 0 0 0 0 0 216 255 0 0 255 255
    255 0 0 52 255 166 255 0 255 0 255 255 164 0 0 255 0 0 0 230 255 0
    255 0 255 255 0 0 0 255 18 255 0 211 0 255 255 255 255 255 255 171 0
    217 0 255 0 255 0 255 0 0 0 191 255 0 0 17 255 179 255 0 255 0 0 0 0
    1 255 238 0 0 255 255 0 0 0 255 121 255 238 237 0 125 0 255 255 126
    255 175 0 0 74 255 0 255 175 255 0 0 255 255 255 255 0 255 255 104 0
    0 255 255 255 0 0 255 0 120 0 255 255 255 255 255 255 0 0 141 0 255
    0 255 199 255 0 0 0 156 0 255 255 80 0 255 228 0 0 255 0 137 255 255
    0 0 114 255 0 161 0 255 0 255 255 255 255 0 255 0 0 53 255 255 186 0
    245 0 0 255 255 255 255 0 0 0 255 0 0 255 0 0 0 255 47 0 255 0 255 0
    255 255 0 0 0 255 255 255 0 255 0 207 174 0 255 255 255 0 0 0 0 0
    255 0 0 255 255 16 0 0 62 255 255 0 119 181 82 0 0 39 255 0 255 255
    0 255 0 255 0 255 136 0 255 69 0 0 255 0 0 255 123 0 100 0 50 0 216
    255 255 255 255 0 255 255 0 255 0 139 0 0 0 255 255 255 0 0 255 0 0
    246 255 147 255 0 0 255 255 255 0 0 0 0 255 202 55 255 111 0 0 255
    255 255 255 255 0 0 0 189 255 204 255 135 255 0 255 104 255 255 0 0
    0 255 255 0 255 112 255 0 255 255 255 255 255 255 0 0 0 255 255 255
    0 255 94 255 0 0 0 255 0 0 255 255 152 0 216 255 73 115 0 255 0 66
    255 0 255 0 255 0 136 255 255 255 0 0 0 173 255 255 8 0 255 0 128
    255 255 255 0 0 0 218 87 166 157 255 0 0 255 255 0 255 0 255 255 0
    38 0 255 255 0 0 255 0 255 0 0 97 0 255 255 255 0 0 60 255 0 255 0
    138 0 255 0 133 0 255 255 0 254 0 72 255 0 0 0 255 195 255 0 255 226
    0 209 0 0 0 64 255 255 255 0 0 255 255 0 76 0 255 255 192 103 255
    255 0 0 255 255 255 255 0 0 102 4 255 80 255 0 255 0 0 0 255 54 40 0
    82 255 255 0 0 23 51 255 255 135 255 0 255 255 255 0 255 0 255 0 255
    255 11 114 0 0 255 255 255 255 54 41 0 0 0 255 0 0 255 255 255 0 0
    144 0 0 0 121 1 0 0 255 113 255 255 0 0 79 255 0 255 0 31 50 0 255
    255 255 255 0 255 96 255 0 0 255 255 192 0 255 0 0 0 118 0 255 0 255
    0 217 0 255 81 255 0 0 79 0 255 255 202 255 23 0 255 0 255 223 255
    255 255 255 255 36 0 0 0 255 255 255 0 0 52 255 255 0 0 255 0 255
    239 255 255 255 0 0 255 0 255 0 255 255 255 0 255 255 0 0 0 255 137
    255 0 0 0 0 0 255 255 0 88 0 0 0 0 0 130 255 0 255 0 255 92 0 255
    255 255 166 255 255 0 255 0 189 0 0 255 0 0 41 152 0 255 255 0 0 255
    0 255 255 255 255 0 22 255 255 0 255 255 0 0 248 0 255 0 255 255 255
    255 255 255 0 47 0 0 255 255 0 198 0 0 255 255 175 236 0 255 0 0 169
    255 255 255 199 146 255 190 79 26 255 255 0 204 255 0 14 0 255 219 0
    0 255 102 255 227 34 0 255 255 0 0 255 255 255 0 0 255 0 0 0 255 255
    103 0 0 0 255 0 255 52 255 0 0 0 255 255 255 255 0 71 0 81 255 126 0
    132 255 0 0 231 248 255 0 255 255 255 0 155 255 154 147 0 255 255
    255 0 0 255 255 130 156 0 0 255 169 0 18 0 255 0 255 0 255 174 0 255
    0 255 0 255 0 255 234 255 0 0 0 255 255 255 191 151 0 0 0 255 255 0
    0 0 0 0 255 0 255 217 255 255 36 0 0 0 0 255 255 255 95 255 0 0 0
    255 255 255 0 255 0 0 255 255 255 255 255 108 0 255 107 255 255 255
    0 0 255 255 247 255 0 0 0 255 255 255 0 255 0 255 0 0 0 255 255 255
    31 85 0 63 255 235 0 12 0 255 250 255 0 255 255 0 255 255 0 0 255
    255 0 255 5 186 184 255 0 0 0 0 0 0 0 255 255 255 255 0 91 43 0 0 0
    0 255 0 255 0 0 255 255 255 0 0 0 255 0 255 255 0 41 255 63 251 0
    255 255 0 161 0 255 0 0 0 255 248 255 0 123 0 255 0 255 255 0 0 0 0
    255 204 255 255 255 0 0 255 255 91 0 255 255 0 255 0 255 0 0 255 255
    255 255 255 0 0 0 0 0 0 255 141 0 0 255 255 0 255 0 0 0 255 0 255
    255 0 255 0 0 255 0 255 0 255 0 132 0 70 255 255 255 255 94 0 0 0
    213 0 255 0 0 0 119 255 255 255 255 0 255 0 255 255 0 0 74 255 255
    181 255 159 0 255 0 255 0 0 0 255 255 255 0 255 255 255 0 255 0 0 24
    199 35 0 0 255 255 0 0 28 255 255 133 0 0 248 61 255 255 255 0 0 0
    35 0 255 255 255 0 0 0 139 255 0 0 0 255 255 80 0 0 255 255 255 0 0
    0 0 197 0 0 0 255 255 0 0 255 171 255 0 10 255 255 255 255 255 255
    255 0 255 0 64 255 255 255 0 0 163 119 0 0 0 255 148 235 209 255 255
    255 0 0 2 0 255 255 0 0 0 0 240 0 0 0 255 0 240 255 255 255 159 255
    25 255 121 255 0 255 208 255 104 0 0 255 255 255 255 0 0 255 255 255
    0 255 255 0 135 99 255 0 0 249 255 255 255 40 0 0 0 0 255 0 189 255
    255 0 240 0 181 255 255 255 255 0 50 6 0 53 0 255 255 0 255 0 0 0
    255 222 0 0 255 152 255 255 255 191 0 0 255 0 0 255 159 0 255 255 0
    0 255 255 255 0 255 0 255 1 132 183 90 101 250 0 0 255 255 0 255 0
    124 255 21 0 231 255 0 255 0 255 0 209 255 255 0 255 0 255 0 0 0 85
    255 255 173 21 255 255 0 0 134 0 150 0 0 255 255 255 0 0 0 255 255
    255 255 0 255 0 0 255 0 255 0 0 255 255 0 0 255 255 0 0 255 255 255
    255 0 0 255 255 255 255 0 0 255 255 227 0 255 56 255 0 255 255 0 255
    0 0 77 255 0 188 100 0 0 0 255 255 224 0 0 115 255 0 0 255 255 255
    255 0 106 255 200 0 0 255 255 0 146 255 0 255 0 245 0 6 110 224 0
    255 255 255 0 0 0 183 255 0 82 255 0 0 112 255 255 62 255 139 255 0
    255 0 0 0 255 13 255 255 106 15 0 255 189 0 0 255 255 255 0 0 0 229
    255 64 0 255 70 31 4 255 174 0 157 149 0 255 255 31 0 0 255 115 0
    255 182 211 255 255 255 255 0 0 255 0 0 0 149 255 255 0 0 0 231 0
    255 255 0 0 255 255 255 255 255 226 255 136 49 0 255 128 107 51 185
    0 0 0 255 28 255 255 0 78 0 255 58 0 19 255 0 0 0 255 125 255 0 0 0
    0 255 255 207 0 0 255 255 255 0 255 0 255 37 0 0 0 221 255 255 255 0
    255 0 0 0 255 255 255 255 255 207 255 0 255 255 255 0 0 0 137 0 0
    255 208 255 255 255 255 255 107 0 255 0 6 0 0 243 255 255 255 255 0
    0 0 255 0 255 0 255 255 0 0 0 0 255 255 0 176 255 0 255 36 255 0 0
    225 155 255 109 121 0 47 255 221 0 0 0 255 255 255 0 0 0 255 156 0
    255 255 0 0 0 157 0 255 0 0 255 255 0 255 255 255 0 0 0 255 0 255
    255 40 0 0 255 255 255 0 255 0 255 255 255 0 255 0 255 255 0 42 0
    255 255 255 0 0 255 0 0 255 255 0 0 255 255 0 0 0 219 81 184 255 156
    0 76 0 255 255 255 121 255 0 255 255 255 0 93 255 255 0 0 0 0 255
    255 203 0 99 255 0 235 255 255 0 0 0 255 185 0 11 105 255 255 0 255
    255 255 184 187 255 168 177 0 255 0 255 255 0 0 0 255 255 255 179 0
    184 0 255 0 0 210 255 255 212 138 255 0 150 0 249 0 255 0 113 255 55
    21 255 255 255 0 0 0 0 255 255 255 196 0 1 0 0 255 188 125 0 255 0
    117 154 203 255 255 255 0 0 0 0 0 141 68 255 249 255 255 0 120 255 0
    0 0 81 255 255 255 255 15 0 255 214 255 255 0 0 40 255 255 255 227
    255 0 255 71 255 0 0 255 0 92 255 255 0 0 222 255 65 255 0 0 0 255
    78 255 255 255 254 0 232 0 255 63 0 0 255 255 0 0 255 255 255 255 0
    0 237 255 255 0 0 255 255 255 0 0 0 44 255 255 0 0 255 196 255 0 221
    202 255 0 255 255 255 206 255 255 255 0 0 255 0 255 0 255 0 208 0 72
    0 0 0 0 0 93 0 0 0 255 0 255 0 0 6 255 255 255 0 0 0 0 0 255 255 255
    2 0 0 164 255 255 242 0 42 255 255 255 0 0 255 0 255 0 0 0 0 224 255
    255 255 255 0 126 29 255 255 0 255 71 255 0 255 0 255 0 0 3 255 255
    0 255 0 0 0 255 194 0 255 255 255 0 255 0 0 255 255 0 255 255 255 0
    229 128 0 255 0 0 0 0 255 255 255 0 197 0 0 255 250 255 255 0 0 255
    255 85 33 27 255 0 255 255 0 255 0 255 0 255 255 0 0 0 0 80 0 255 76
    103 113 0 221 151 255 0 0 12 41 0 0 255 0 5 255 255 0 255 255 255 0
    48 255 0 255 255 114 255 0 255 255 0 255 0 0 0 255 120 0 0 255 0 255
    3 0 255 255 255 0 0 0 0 255 126 0 255 82 227 49 0 0 0 0 209 255 255
    255 0 0 0 255 255 0 255 0 0 74 0 0 255 255 255 0 0 255 0 255 0 255 0
    0 255 255 0 75 255 0 0 0 0 0 0 0 255 255 0 255 0 0 255 255 0 255 0
    255 0 0 0 255 118 255 255 255 255 0 255 255 255 255 255 0 0 70 255 0
    255 0 255 0 0 0 255 255 255 170 255 82 0 0 255 255 255 0 255 0 0 0
    255 0 255 0 255 255 255 0 67 0 255 0 0 255 0 255 255 0 0 0 0 255 255
    255 0 0 0 255 66 255 0 87 0 0 255 225 255 0 0 0 0 255 255 255 40 255
    248 255 0 255 136 1 0 0 239 0 255 0 37 255 255 255 141 0 255 0 255 0
    255 255 255 0 255 255 255 0 0 0 255 255 255 255 0 255 255 255 204
    255 0 0 0 255 255 255 166 255 255 59 0 0 255 0 255 0 255 0 255 0 235
    255 255 131 0 140 255 255 245 0 0 0 0 0 124 255 255 255 255 0 131 0
    255 255 255 255 255 0 0 0 255 0 166 0 255 0 152 34 255 0 0 129 0 255
    135 1 0 255 102 255 244 255 202 255 0 0 173 255 0 0 56 0 255 0 255 0
    0 255 255 207 0 255 255 255 255 255 0 0 255 121 255 0 0 255 255 255
    0 0 255 33 8 81 0 0 255 0 255 134 255 255 255 0 255 87 0 255 0 175
    255 57 255 0 62 0 255 0 135 255 255 0 0 0 255 255 0 13 255 194 236
    255 0 0 255 0 255 255 173 0 0 0 255 255 0 0 0 255 255 0 0 0 255 255
    255 0 0 37 255 0 0 0 254 0 0 0 255 255 177 0 191 225 0 0 0 0 0 0 255
    255 255 0 0 255 255 0 211 0 255 255 0 0 0 0 255 29 255 81 255 255
    253 0 0 255 128 137 8 255 0 0 255 255 255 255 0 0 0 0 255 0 0 0 255
    146 0 255 255 0 255 255 85 0 113 0 169 0 31 0 255 56 255 0 129 0 255
    0 244 0 255 0 255 255 255 0 255 145 0 0 0 0 255 233 255 0 255 0 255
    0 0 255 18 255 109 0 237 255 90 202 255 200 0 0 0 255 0 255 0 255 0
    255 0 0 255 255 0 255 25 255 207 255 0 0 0 255 255 0 255 197 255 0
    255 0 204 255 255 16 255 9 94 0 0 0 0 255 255 24 255 0 255 67 0 255
    29 255 0 0 0 255 255 0 0 86 255 255 0 94 0 0 255 0 0 0 255 169 0 0
    170 255 255 0 0 0 0 255 228 255 255 255 255 255 255 46 108 107 255 0
    255 112 144 248 0 255 0 34 255 255 0 0 255 255 250 0 0 255 255 0 255
    0 255 232 255 255 245 0 17 255 10 255 255 0 0 0 0 255 0 255 233 255
    0 255 255 255 0 0 255 0 255 0 0 0 255 0 0 202 88 0 0 0 60 0 255 159
    0 139 255 0 255 0 61 0 255 255 0 0 0 255 76 0 187 255 0 197 0 255 29
    255 255 200 0 255 43 255 0 7 0 255 0 255 0 255 0 0 255 255 255 0 0 0
    0 0 0 255 255 255 255 0 255 255 0 255 109 255 208 0 0 255 255 255 0
    0 0 255 255 255 255 0 0 0 255 0 255 255 255 0 0 210 255 0 0 0 255
    255 0 18 0 125 255 0 0 255 255 0 255 154 255 0 137 0 255 255 255 0 0
    0 216 255 0 255 255 39 255 132 255 0 0 255 165 255 0 255 0 0 191 161
    255 0 0 255 0 29 255 0 255 255 0 0 0 0 255 255 255 255 255 0 255 255
    98 255 0 0 0 58 110 0 255 209 0 153 255 0 0 0 0 255 255 0 255 0 255
    0 255 0 0 0 0 255 199 0 0 255 255 0 0 212 255 255 255 4 0 0 0 0 255
    255 255 255 255 0 242 0 57 0 255 0 255 0 0 228 0 113 88 255 238 0
    255 0 0 0 255 255 255 165 0 255 167 255 255 137 255 255 255 255 0 0
    0 0 0 255 39 255 251 194 0 255 0 255 0 70 0 0 0 255 215 0 0 53 48
    255 0 255 0 0 255 255 255 0 243 255 255 149 255 0 255 0 255 0 255
    255 142 0 189 0 0 155 0 0 0 255 255 255 255 0 0 0 147 255 255 0 0
    163 255 255 255 0 255 26 255 0 255 0 255 0 0 79 255 255 0 0 0 255
    255 99 0 255 255 0 0 0 255 0 255 222 155 0 0 0 255 0 0 255 5 255 0
    58 255 0 255 255 255 0 139 255 255 0 0 0 0 0 0 255 255 255 255 255 0
    255 0 0 76 0 106 255 0 0 220 17 255 0 0 255 255 137 179 0 0 255 255
    110 0 0 255 0 255 0 255 0 255 255 255 253 0 8 0 255 0 0 0 255 247 78
    0 143 255 0 0 0 255 0 0 0 255 255 255 0 0 46 255 96 0 255 255 255
    255 255 0 255 121 255 0 255 176 165 97 255 255 4 255 255 0 241 0 0 0
    145 0 255 0 255 0 15 0 159 0 255 0 0 0 226 0 111 0 131 0 255 239 237
    255 177 0 255 255 255 255 0 0 255 255 255 255 0 65 180 255 0 220 40
    255 0 0 187 255 0 0 0 0 255 203 255 102 255 0 0 122 255 0 0 0 255 0
    255 255 255 0 0 0 0 255 255 0 255 255 0 255 255 255 0 0 255 142 255
    255 255 255 0 0 0 212 0 2 114 255 255 0 73 255 0 0 0 0 255 82 0 0
    255 255 255 255 0 0 0 99 255 255 255 255 255 0 255 0 255 0 255 0 255
    0 255 182 80 255 255 0 206 0 255 255 218 0 255 0 255 175 249 0 255
    255 255 255 0 255 0 0 0 255 0 139 0 255 255 255 97 0 0 0 255 0 154
    255 255 0 0 0 255 36 0 0 255 255 0 255 255 255 0 0 0 93 0 0 0 255 79
    255 255 255 0 93 0 255 255 255 0 255 0 0 0 255 255 0 255 255 255 0 0
    0 0 255 0 147 0 255 255 255 255 255 0 255 0 255 159 255 0 255 140
    255 255 144 0 0 231 255 0 0 0 0 0 255 255 255 255 0 0 0 0 227 255 78
    255 0 255 0 194 255 46 0 0 49 76 255 0 0 0 98 255 255 57 17 0 87 0 0
    31 255 255 255 0 207 0 219 207 255 255 0 255 255 255 255 0 0 24 255
    202 0 255 0 255 0 255 0 176 255 255 153 0 255 255 255 0 255 0 235 0
    255 62 255 0 0 0 217 0 0 135 0 15 0 255 255 161 113 0 255 0 0 0 182
    0 218 255 255 255 255 255 0 255 0 0 0 255 255 255 201 40 0 136 25 0
    255 255 0 0 0 0 0 255 255 255 173 0 0 255 31 255 0 255 101 0 0 255
    255 255 0 0 255 255 255 242 71 255 0 0 38 255 255 255 0 255 104 255
    0 128 0 255 247 255 255 221 255 0 0 255 249 255 0 255 0 0 235 152
    255 0 255 197 0 0 0 255 255 0 255 255 0 201 0 255 113 255 0 255 0 0
    255 255 255 255 0 255 255 255 19 255 0 255 255 255 0 0 0 81 0 255
    255 255 0 255 0 255 0 227 255 0 0 8 206 255 255 0 255 255 255 0 0 0
    156 255 0 85 0 255 0 83 30 218 5 255 255 255 67 0 255 0 255 0 0 255
    0 255 0 255 23 0 66 30 122 255 250 255 255 0 206 0 0 255 255 178 0
    255 255 220 0 0 0 0 255 0 0 255 0 0 0 255 255 10 255 0 255 0 0 255
    255 255 255 0 255 50 255 0 0 0 0 255 255 255 0 0 0 0 255 0 255 255 0
    92 0 255 2 0 0 255 255 255 0 255 188 109 0 0 94 255 0 255 147 255
    255 177 254 0 5 255 255 0 0 0 191 255 255 0 0 141 0 80 255 156 255 0
    0 0 255 238 0 0 255 20 225 0 0 255 255 255 0 0 0 255 62 0 255 20 255
    0 255 2 0 0 255 17 0 255 0 202 0 255 36 255 0 0 255 0 255 220 0 0
    209 255 0 255 255 0 0 255 241 255 0 0 43 255 255 0 255 0 255 0 0 5
    255 138 75 0 0 255 255 0 0 130 0 255 35 255 0 0 0 0 17 255 255 0 0 0
    255 0 0 255 255 0 255 0 151 210 0 0 255 0 0 201 255 163 0 255 0 255
    0 0 0 82 255 81 255 0 0 255 151 0 0 255 0 182 0 255 255 255 0 0 0
    255 0 255 130 0 255 0 255 0 0 255 255 255 0 0 0 255 255 0 0 255 255
    176 255 27 255 0 0 193 255 0 223 0 255 255 255 0 35 0 0 0 255 255 55
    0 0 255 255 0 0 255 56 0 0 255 255 0 255 223 0 0 255 0 67 255 255
    255 0 255 0 0 255 255 255 255 198 0 255 0 0 255 0 0 0 255 255 255 0
    255 210 79 97 255 107 255 38 255 255 0 255 0 255 255 0 204 255 255
    255 255 0 255 255 255 0 0 184 39 255 72 0 255 255 255 0 0 255 255
    255 0 0 0 255 255 255 0 255 0 255 255 255 255 0 49 0 0 255 0 106 0
    255 19 255 0 0 0 0 0 210 255 255 255 0 255 1 0 0 0 255 255 255 255 0
    255 209 255 0 0 255 255 25 0 210 255 0 255 255 0 0 0 0 255 0 255 77
    255 255 255 255 0 0 0 255 0 255 255 0 255 161 255 255 255 0 247 0 0
    255 255 255 0 0 255 255 255 0 49 199 31 255 255 255 0 0 0 255 255
    255 0 0 0 0 255 178 0 0 255 0 255 0 37 0 255 0 255 0 255 0 0 255 255
    255 0 12 0 0 166 255 0 255 0 0 0 255 255 255 0 0 0 255 255 255 22 0
    0 0 255 255 0 255 255 255 255 0 0 255 255 255 176 255 0 255 0 255
    205 0 113 0 0 0 130 255 255 255 0 255 92 8 255 255 0 255 0 255 0 255
    255 0 0 0 255 255 0 255 14 234 0 0 255 195 0 0 0 171 255 255 255 255
    255 0 255 0 255 0 255 255 0 0 0 0 255 145 0 0 0 255 255 255 0 35 0
    21 245 170 255 0 0 0 255 255 255 34 0 255 193 0 255 255 0 255 255
    255 0 97 0 255 255 255 0 0 0 0 255 0 255 176 159 0 157 255 0 255 0 0
    0 0 255 255 255 255 0 0 255 255 255 0 0 255 69 255 191 255 122 74
    255 0 255 255 255 247 0 255 255 255 20 0 255 0 0 72 255 0 255 255 25
    117 0 255 0 255 0 255 151 255 255 0 0 0 0 0 255 255 255 0 0 148 255
    255 52 0 255 255 57 0 0 75 255 35 255 0 255 177 255 0 0 0 255 255 0
    18 0 0 255 0 68 0 255 0 0 0 255 0 0 246 0 49 255 89 255 0 132 190 38
    0 223 255 119 0 255 255 0 0 0 226 251 248 255 255 255 255 255 255
    227 16 18 255 255 255 97 0 167 0 255 255 36 0 255 12 255 143 255 0
    255 179 0 0 55 0 255 20 0 255 255 16 88 255 255 255 228 36 105 50 0
    255 255 0 255 255 255 169 155 0 0 0 255 255 255 0 0 255 0 0 0 0 255
    130 255 163 0 0 0 255 255 255 255 0 0 255 255 255 0 24 0 120 246 208
    0 255 0 255 255 255 141 211 186 255 255 255 0 40 255 255 0 0 0 255
    255 255 255 140 0 0 255 0 255 0 255 0 255 255 82 255 255 221 189 0
    95 0 255 255 0 255 230 255 0 255 66 255 0 0 33 0 255 246 0 255 0 0 0
    166 255 255 0 0 0 0 0 255 0 255 0 255 0 255 255 255 255 0 255 0 81 0
    255 0 255 0 0 0 255 255 255 163 255 255 0 203 0 255 38 58 177 0 65
    255 174 0 0 255 0 255 0 0 255 0 50 255 244 0 255 0 0 0 255 255 151
    255 0 255 255 255 0 255 255 0 0 0 239 255 0 255 0 184 255 255 255 0
    255 0 255 0 0 0 255 255 129 0 0 0 255 255 167 42 189 0 201 0 255 255
    255 255 205 0 0 0 96 111 64 0 0 255 255 255 255 255 0 110 0 0 255 70
    0 0 0 0 255 255 255 0 0 255 100 0 0 255 0 254 0 72 255 0 255 0 0 255
    215 0 255 111 255 0 83 255 0 255 255 255 255 0 0 235 255 196 255 0
    255 0 255 0 255 191 102 255 0 0 0 255 255 0 255 0 0 0 255 255 255
    120 0 6 255 255 0 0 0 255 177 255 0 0 255 255 132 145 0 0 89 0 0 0
    137 0 0 255 255 193 0 255 255 255 255 0 255 0 255 255 255 255 255 0
    0 0 0 255 0 0 27 255 255 255 0 0 0 255 62 255 0 255 86 0 0 0 255 255
    134 255 0 255 255 255 255 255 94 255 0 0 0 78 164 0 255 255 160 0
    255 0 40 0 255 255 255 0 0 0 255 255 255 212 0 107 190 0 193 255 0
    255 255 0 0 0 255 255 255 255 255 255 0 0 0 255 255 255 0 0 0 162
    223 255 0 0 0 0 0 255 0 0 255 255 255 0 255 0 255 0 255 255 255 0
    255 0 0 0 205 0 0 0 255 255 255 0 0 255 255 0 0 0 0 255 255 0 0 232
    255 255 0 0 0 0 255 255 0 0 0 255 255 255 0 255 255 211 255 209 0 0
    0 0 255 255 0 0 0 255 255 255 0 0 0 0 255 68 255 0 0 255 167 255 27
    0 255 224 255 0 255 0 0 0 255 0 91 255 39 0 0 255 0 0 0 0 0 74 0 255
    255 0 255 61 255 0 255 0 241 255 0 174 105 0 0 48 102 201 0 255 0 0
    204 255 255 0 0 0 0 255 255 255 0 255 0 255 0 255 0 255 0 255 0 255
    255 255 0 255 99 255 0 173 0 255 121 20 178 39 0 255 0 0 106 255 255
    0 165 0 0 0 2 179 0 110 0 48 0 0 0 38 147 153 0 0 0 11 255 0 255 255
    255 255 0 0 235 255 0 255 0 255 255 0 0 70 255 0 255 255 0 0 0 255
    255 0 0 255 182 255 0 0 255 0 255 255 255 172 255 163 82 0 50 255 45
    0 0 255 255 0 255 0 187 221 255 255 255 255 255 255 0 229 255 0 255
    0 255 0 255 0 0 0 255 78 255 0 255 255 0 178 0 255 222 255 0 255 255
    255 0 178 0 0 0 0 255 0 0 0 255 0 255 179 147 0 255 0 255 255 0 54
    255 255 255 0 0 255 155 0 0 255 255 0 0 255 0 255 0 0 0 97 0 38 255
    255 36 177 252 143 0 0 0 0 0 195 135 255 180 255 7 0 0 255 255 0 255
    255 10 0 0 255 255 255 0 255 255 255 255 0 0 255 255 0 0 0 0 179 255
    255 0 255 0 82 0 0 30 255 0 255 73 255 0 0 255 255 255 0 0 0 0 255 0
    255 215 146 0 255 0 255 255 255 53 0 255 0 255 255 255 84 0 0 0 255
    0 126 255 0 0 0 226 0 129 255 255 255 255 255 0 0 255 255 0 0 197
    255 185 0 255 255 255 255 255 255 255 242 0 0 217 123 252 0 122 32 0
    255 0 160 0 0 255 88 255 154 255 255 255 255 255 0 0 255 255 0 0 0
    255 255 255 0 255 83 255 0 213 202 255 0 0 255 0 255 0 255 0 133 88
    0 255 255 255 0 0 0 255 255 255 255 0 255 0 225 0 10 0 235 0 255 0
    255 255 255 0 255 0 255 255 255 255 255 255 253 0 255 0 255 255 255
    0 255 0 255 255 255 0 0 0 68 255 255 255 255 0 0 0 255 0 0 29 255 85
    0 0 0 0 0 0 0 123 2 213 168 241 0 255 255 139 255 0 19 255 39 0 255
    101 255 255 255 0 0 0 255 220 255 255 255 0 42 234 255 255 0 0 0 0
    255 0 57 74 255 110 0 85 72 114 255 0 255 255 255 0 0 255 255 0 0 0
    0 251 255 0 0 0 255 0 255 0 255 116 255 0 0 255 255 0 0 0 255 255
    255 255 0 0 248 156 255 255 255 0 255 255 255 0 0 255 255 0 0 0 255
    255 255 203 0 255 255 0 0 18 64 255 0 255 71 255 0 244 0 198 255 192
    255 0 0 141 255 255 101 0 0 0 0 129 255 255 255 3 255 0 255 109 255
    0 255 0 255 0 255 0 0 0 255 47 197 255 255 45 0 0 154 255 255 255 0
    255 0 71 9 255 0 0 255 170 0 0 0 0 176 255 0 255 0 0 0 0 255 156 0 0
    0 255 255 255 0 255 255 0 0 0 21 255 255 0 236 0 255 255 255 0 0 149
    255 255 255 255 255 255 255 117 0 255 0 234 119 255 255 0 0 84 255 0
    0 0 125 255 0 255 4 0 0 0 255 255 255 0 50 255 0 0 0 248 255 255 255
    255 255 0 0 255 0 0 0 255 255 255 0 255 0 255 255 195 255 255 0 253
    0 255 0 0 103 0 61 255 255 0 255 0 0 0 0 0 255 255 76 0 165 255 0
    255 255 255 0 0 0 255 232 0 92 0 255 255 255 255 71 0 255 0 255 0 76
    255 0 255 225 0 88 255 255 192 0 0 255 255 180 14 125 255 255 255 0
    78 0 0 255 255 255 0 0 73 0 255 255 0 0 0 3 255 129 255 0 255 0 0
    255 137 0 0 0 255 255 0 255 185 255 0 255 255 255 255 255 254 66 0
    255 135 255 100 38 0 0 255 0 114 0 91 255 129 255 255 255 255 0 0 68
    255 255 111 0 0 123 255 255 255 0 190 0 255 0 255 255 255 0 0 0 255
    0 186 0 255 255 172 0 255 0 255 107 0 0 255 255 255 83 255 109 141 0
    231 138 255 255 255 255 0 255 255 255 0 0 241 0 0 255 255 42 0 0 255
    130 111 93 255 0 19 0 255 0 0 255 255 255 0 0 144 255 109 255 255 0
    0 255 143 255 35 255 140 255 81 0 0 0 0 130 255 255 0 0 0 255 255
    255 43 255 255 0 255 201 255 201 255 0 0 180 66 0 238 0 0 0 255 255
    255 255 0 255 0 0 0 255 0 255 220 125 0 255 255 0 255 0 255 0 170
    255 255 255 0 0 254 255 255 106 0 255 255 255 173 0 0 0 255 255 255
    235 0 255 255 0 0 0 255 255 255 255 0 211 0 255 0 0 246 255 255 0 0
    255 198 144 255 255 0 0 0 0 0 0 0 255 0 146 0 0 5 255 255 217 0 237
    0 255 252 255 255 214 0 0 255 0 255 255 255 0 0 0 0 0 0 23 0 0 220
    255 255 255 0 0 255 0 255 255 255 255 92 0 150 0 125 255 0 0 255 0
    184 0 242 0 0 206 0 255 0 255 10 141 162 255 0 0 186 255 0 0 0 255
    185 75 0 217 255 255 255 0 0 0 255 0 0 0 255 255 255 255 255 0 0 255
    0 255 0 255 255 255 0 212 0 255 255 255 0 255 150 0 0 0 255 0 255 0
    255 0 255 0 0 0 255 0 126 255 0 0 255 255 0 0 0 0 172 101 255 0 255
    255 255 255 0 0 255 255 0 0 255 255 255 235 0 142 255 255 0 255 249
    0 255 255 255 102 0 0 255 255 116 244 7 0 0 255 0 255 0 255 0 255 0
    0 255 0 0 88 255 61 255 0 255 41 104 192 0 0 163 0 255 16 0 0 255 0
    255 0 132 255 0 162 0 255 255 0 84 0 255 0 243 0 16 0 255 71 255 0 0
    0 0 87 255 0 255 0 0 0 217 232 17 0 255 255 255 255 0 0 255 0 255 58
    255 201 0 89 255 255 255 255 0 0 0 255 255 0 0 255 255 255 0 70 0 0
    255 45 255 0 255 241 0 255 73 0 72 140 66 255 0 187 255 255 0 0 229
    230 255 0 0 0 255 42 255 0 54 0 255 199 255 192 88 0 255 0 255 255
    165 0 0 0 109 255 255 255 0 0 255 0 255 83 250 56 255 255 0 255 0
    255 255 148 255 0 0 0 255 0 201 118 34 130 255 255 0 200 0 255 0 255
    0 255 255 255 255 255 253 0 0 0 255 0 255 100 0 255 0 255 0 31 0 255
    211 255 255 0 0 0 255 255 255 40 205 255 217 255 68 221 0 255 255 0
    0 0 53 0 0 209 229 255 0 255 0 0 0 255 0 255 0 194 255 69 93 255 255
    0 255 0 0 0 255 0 255 255 1 255 0 255 0 255 255 255 255 0 0 0 255 0
    47 255 255 0 0 0 0 255 255 255 0 0 0 255 0 255 0 255 0 255 255 12
    255 255 255 0 0 255 188 0 5 255 0 135 255 126 181 0 0 255 255 255 5
    0 255 0 255 255 255 250 0 185 0 255 0 0 0 0 255 255 255 0 102 0 0 0
    255 255 255 255 26 255 0 255 255 255 0 163 255 255 255 255 247 14
    255 98 177 255 0 255 0 255 72 240 255 0 0 255 255 0 255 0 255 255 0
    0 0 255 255 0 0 0 104 0 50 123 0 0 255 0 103 255 255 184 0 0 0 0 0
    95 255 240 0 98 22 255 255 0 0 255 0 0 0 213 255 255 255 255 0 0 255
    255 0 255 0 0 0 255 198 0 100 255 255 0 0 0 255 255 255 0 0 0 255 0
    127 255 255 0 0 224 255 255 0 14 0 255 255 255 0 0 255 255 255 255 0
    85 0 255 255 255 0 255 225 0 0 0 0 0 153 255 255 225 173 51 255 255
    0 0 255 82 255 255 255 255 72 0 33 255 255 0 73 0 0 107 255 255 255
    255 255 0 255 0 0 255 255 43 225 121 184 255 255 0 0 0 0 0 255 255
    57 255 255 0 0 255 0 0 0 0 172 119 255 255 255 0 34 252 0 255 0 255
    60 238 255 255 255 0 0 0 255 255 251 34 0 255 0 255 0 255 0 255 0
    255 31 255 0 0 255 0 13 77 35 0 0 255 133 255 255 255 0 222 134 0
    255 255 163 0 51 255 255 255 0 255 0 0 0 0 255 0 0 255 172 255 0 0 0
    0 255 255 255 255 255 211 0 0 0 0 255 38 0 255 0 0 0 29 255 255 255
    177 236 130 109 255 0 255 0 255 146 32 0 0 0 62 255 0 255 255 255 0
    0 0 0 255 0 255 0 208 0 0 255 255 0 0 255 124 243 255 75 255 255 0
    186 0 233 255 7 131 141 255 0 0 0 255 0 255 255 0 255 0 255 0 0 255
    255 255 255 0 0 0 0 41 255 255 0 255 255 63 0 0 0 0 255 255 244 255
    255 255 123 37 255 255 255 59 0 0 0 0 0 0 110 255 255 0 0 255 0 0
    255 0 0 0 255 206 255 0 227 0 255 0 255 0 0 0 255 0 232 255 255 148
    118 34 0 0 0 255 255 255 255 255 0 0 255 255 21 0 0 141 255 255 88
    65 255 255 255 0 0 0 255 255 255 255 0 255 0 255 0 255 255 0 90 0
    255 255 255 0 0 0 175 255 0 255 255 255 0 0 0 255 255 255 255 0 255
    0 0 0 0 0 255 255 255 255 0 255 0 0 0 255 255 0 0 0 0 135 59 255 161
    0 0 0 0 11 0 255 255 255 0 232 0 0 149 255 196 182 255 181 176 255
    77 208 232 0 255 255 0 0 0 255 0 222 255 255 255 0 0 255 15 255 0
    255 242 255 0 0 255 255 143 255 221 0 0 255 255 255 0 0 255 96 255
    255 255 255 255 0 0 0 255 134 255 0 255 0 255 255 0 5 245 255 255
    191 0 0 255 255 0 0 0 255 0 0 0 255 255 255 255 255 255 0 255 255 0
    0 0 0 184 132 255 38 255 0 203 0 255 255 255 0 255 255 180 54 255
    255 0 255 255 0 255 0 0 0 255 255 9 255 0 111 255 210 255 74 255 2
    255 0 255 255 255 4 0 0 255 255 0 104 89 139 0 255 103 255 255 255 0
    70 0 90 255 255 255 0 255 0 255 75 255 0 43 0 68 117 255 214 255 208
    255 0 248 0 0 255 0 255 92 195 0 0 53 255 255 255 255 0 0 148 0 0 0
    0 0 255 184 255 255 255 97 255 0 255 255 0 0 0 0 255 0 255 0 255 255
    255 0 0 0 242 255 255 255 0 0 226 255 255 0 255 255 255 0 209 0 0
    255 0 255 0 0 255 255 255 66 255 0 0 0 0 0 196 255 192 255 255 103 0
    0 255 68 255 255 0 0 144 0 90 255 255 0 27 18 0 238 255 214 255 231
    0 255 255 255 0 0 255 255 91 0 0 255 255 0 0 0 255 0 255 255 2 0 160
    255 255 255 0 255 0 255 255 255 0 255 0 0 255 0 0 0 255 255 125 0 0
    255 255 195 255 0 255 255 255 152 0 73 0 255 255 155 255 0 69 62 255
    0 61 0 217 0 255 0 255 0 0 255 255 255 0 0 0 236 0 255 255 255 255
    255 255 155 255 0 0 0 255 255 248 0 255 97 255 0 255 81 255 0 255
    245 255 188 0 0 255 0 0 253 255 255 255 0 36 0 0 255 107 0 0 0 255 0
    0 164 255 0 0 0 0 255 0 255 0 255 215 0 0 255 35 255 0 255 255 255
    255 255 255 0 255 0 255 74 0 255 244 0 0 125 0 134 0 224 0 60 255
    255 255 0 0 224 255 255 0 0 0 255 255 255 255 0 0 0 126 255 0 255
    255 0 255 0 255 87 255 0 0 0 86 255 0 181 0 0 188 255 204 0 0 245
    255 255 255 0 255 0 219 0 255 255 255 0 255 76 255 207 0 0 255 255 0
    0 0 0 255 255 255 255 255 0 97 0 255 0 255 255 171 0 255 2 255 0 255
    255 255 0 0 0 0 0 255 255 255 0 0 0 255 91 0 255 255 0 0 255 255 255
    175 255 102 0 0 255 0 137 255 0 255 254 51 0 255 0 0 255 0 0 255 255
    255 167 255 0 0 0 255 255 255 0 255 255 255 151 0 168 0 0 255 255
    195 157 255 0 0 0 255 0 0 255 255 0 10 0 255 0 255 0 48 0 255 0 0
    255 255 187 0 255 0 255 0 255 182 0 159 255 72 255 0 0 255 255 0 255
    0 255 0 255 0 0 255 0 255 0 255 0 5 255 0 0 0 255 255 255 255 255
    211 255 0 0 0 255 223 0 255 255 0 255 67 255 197 255 0 0 0 0 255 163
    0 0 0 255 255 255 0 0 0 0 0 255 255 68 255 255 0 0 0 255 0 0 0 255 0
    255 0 255 0 0 19 197 255 229 0 0 255 255 175 0 0 255 255 0 44 255
    106 255 0 0 0 255 45 255 0 0 0 0 255 0 0 255 255 39 73 0 0 0 255 255
    47 0 82 213 0 0 255 0 0 255 0 255 0 174 0 0 255 255 255 0 0 255 255
    0 255 0 200 236 255 179 255 255 255 0 182 17 212 0 0 255 0 185 124
    255 0 0 255 255 0 0 0 201 59 255 255 255 255 0 255 0 255 0 255 0 255
    0 217 0 255 255 255 174 255 255 255 0 0 255 255 255 0 255 255 255 0
    255 0 255 167 0 151 88 0 255 255 219 117 0 255 255 0 0 0 255 255 0 0
    255 255 165 0 255 119 0 0 255 255 0 255 143 255 0 255 0 255 240 0
    255 255 0 0 35 126 253 255 255 195 0 54 255 0 76 0 255 255 255 0 0 0
    189 0 255 0 0 0 0 255 255 255 0 0 21 255 255 0 0 0 255 255 0 255 224
    0 0 255 255 0 0 255 255 255 255 255 0 0 255 0 255 255 136 0 0 0 159
    102 255 0 255 255 255 0 0 0 214 0 255 0 15 0 255 255 26 73 0 255 0
    255 255 26 255 0 255 0 114 172 130 0 0 0 0 82 255 255 197 0 0 0 0
    177 0 0 255 255 255 255 0 0 0 97 0 0 83 255 255 212 255 0 0 0 0 22 0
    255 255 255 255 0 246 0 255 255 255 255 113 255 0 255 43 148 0 62 0
    0 255 0 255 0 255 0 255 0 0 142 255 255 0 151 0 27 255 158 255 0 0
    97 53 255 255 0 229 0 199 255 0 0 0 0 28 255 0 255 219 255 0 255 0
    14 0 0 0 255 0 0 255 255 0 0 94 255 255 0 255 255 0 0 255 217 255
    255 255 0 0 255 255 255 255 146 255 249 0 0 0 255 150 255 0 0 255
    255 53 137 0 255 255 255 0 0 255 255 255 0 0 0 210 10 231 255 171 0
    0 0 255 153 255 0 0 0 0 255 141 255 0 255 255 0 183 255 255 157 0 0
    0 255 238 0 0 0 255 255 87 0 255 255 255 255 0 0 0 220 255 255 0 103
    0 255 255 255 239 0 255 255 255 0 255 0 0 139 0 255 122 169 255 255
    255 0 0 255 255 255 0 0 255 255 255 218 0 0 0 0 0 255 0 0 255 255
    255 255 0 0 0 0 0 255 255 55 0 0 255 152 255 186 188 0 0 255 212 0 0
    255 255 255 255 0 9 219 0 0 0 255 0 255 216 0 0 0 0 0 255 255 0 255
    0 255 255 0 0 255 255 255 0 0 255 255 0 255 0 255 0 0 0 255 255 247
    85 0 255 0 255 255 0 255 0 0 255 255 192 181 255 255 0 66 255 255 0
    2 128 0 255 80 0 0 255 255 255 0 132 133 255 0 255 0 0 255 0 255 0
    255 255 0 0 0 0 255 255 255 0 0 0 128 255 0 0 0 255 255 0 0 44 0 71
    0 144 255 0 0 221 255 161 255 0 255 255 141 0 145 255 55 0 255 255
    255 0 132 251 90 255 255 255 255 0 155 0 0 46 255 0 255 255 255 255
    0 0 255 0 255 255 255 103 255 0 255 255 255 255 255 0 0 0 255 255 0
    255 147 255 0 0 0 0 255 34 255 0 255 0 0 255 255 0 0 0 0 255 0 255 0
    206 0 0 0 255 255 0 0 0 255 255 255 173 255 105 255 0 108 0 255 255
    255 0 0 255 255 0 0 0 255 0 0 255 250 73 0 79 0 255 152 255 0 255 0
    255 0 255 160 37 0 0 255 255 255 0 255 0 255 255 255 255 0 255 255 0
    0 79 255 255 255 0 0 0 255 255 255 0 0 255 0 255 0 255 0 255 0 83
    255 255 72 0 178 0 0 0 0 117 226 255 0 149 0 0 0 0 0 0 63 0 255 255
    255 0 255 255 0 0 241 255 52 41 232 0 0 255 0 255 0 255 0 255 255 0
    65 79 0 52 4 237 255 0 255 255 255 255 0 0 0 255 255 255 0 0 45 0 0
    255 255 0 255 78 13 0 255 255 34 255 0 255 0 255 0 255 255 255 242
    240 255 0 255 0 0 0 255 60 255 255 255 0 0 173 255 0 255 0 100 0 0 0
    255 161 0 255 116 0 0 0 255 0 0 255 255 255 0 0 255 0 140 255 255
    255 255 0 0 0 0 255 166 255 0 0 79 255 0 0 0 0 255 255 255 255 0 255
    0 255 224 0 0 255 255 255 0 0 255 0 255 255 0 0 255 195 23 16 255 0
    255 0 255 105 255 0 0 0 0 138 255 176 43 0 123 161 0 255 213 255 255
    60 255 238 158 93 255 113 0 0 0 255 255 0 187 119 151 255 0 29 0 0 0
    255 255 255 0 120 0 255 255 104 255 0 255 255 255 255 255 255 0 36 0
    181 0 0 30 255 255 0 200 255 113 179 0 0 218 116 255 0 0 255 239 255
    0 0 255 255 255 31 0 0 0 0 255 0 255 0 255 60 255 255 0 240 0 255
    255 255 255 248 0 0 7 0 255 255 255 0 0 255 255 225 0 52 253 0 0 255
    0 255 0 255 0 124 255 255 255 255 69 255 255 255 255 15 255 0 0 22 0
    255 255 255 0 0 255 0 0 52 255 226 0 0 255 181 255 255 0 255 0 0 3 0
    0 255 255 185 0 255 0 255 0 183 255 255 33 0 255 0 138 171 255 0 114
    0 67 0 0 0 255 209 255 0 158 0 255 0 0 0 0 255 255 0 97 0 0 255 201
    0 255 255 255 0 255 255 0 0 0 0 116 255 255 255 0 0 0 255 0 73 255
    255 0 0 0 0 0 0 0 0 255 255 255 0 0 255 37 160 255 255 255 0 0 255
    255 255 255 164 175 0 13 0 12 255 255 255 255 0 255 0 255 112 255
    162 165 255 255 255 255 0 0 238 0 0 255 39 255 0 255 0 123 143 255
    255 138 255 0 0 63 255 255 255 0 255 0 255 255 255 0 0 0 255 0 255
    158 255 191 222 0 255 0 255 4 21 255 255 0 0 8 37 255 0 255 255 255
    0 0 0 211 151 0 0 0 255 255 0 0 103 0 0 0 255 28 0 0 0 211 0 0 0 255
    214 255 255 0 0 255 106 89 0 0 255 0 208 255 0 0 202 255 0 255 255
    195 0 0 175 255 255 0 255 255 255 0 255 0 228 0 255 255 255 255 255
    0 0 255 0 255 255 255 0 0 0 255 255 255 0 0 195 255 0 0 255 0 0 0
    129 255 121 0 255 75 0 242 189 255 0 0 0 255 198 255 255 0 0 0 255
    45 0 255 0 197 0 59 0 0 255 0 255 0 255 0 252 0 255 124 255 255 54 0
    130 255 0 255 255 0 0 255 255 255 8 0 67 0 193 255 123 255 128 255 0
    255 0 255 0 255 0 248 98 255 255 255 0 255 255 0 0 0 0 0 255 0 255
    116 0 0 255 0 255 0 0 255 255 225 0 255 0 255 255 255 246 0 159 247
    255 255 0 0 105 255 0 255 0 142 0 0 255 165 255 0 255 255 255 255 0
    255 255 255 22 0 255 0 0 0 255 0 255 255 14 0 0 0 16 0 0 150 109 255
    86 255 255 255 0 0 0 255 0 0 0 255 113 255 0 99 255 255 255 255 255
    255 0 0 0 255 178 255 0 255 0 0 0 255 255 255 54 0 0 0 255 200 0 255
    0 255 0 255 255 255 156 0 0 31 255 255 0 0 255 0 0 255 0 255 255 255
    255 0 0 87 0 0 1 206 255 0 255 255 255 0 121 0 0 0 0 0 219 255 255 0
    0 0 255 0 0 0 225 255 31 255 255 207 0 255 255 239 238 0 255 255 0 0
    255 255 255 0 0 48 0 255 0 255 255 169 0 0 200 255 255 0 162 0 0 0 0
    255 255 0 210 0 255 255 255 209 0 164 255 0 255 0 0 255 255 0 0 0 0
    255 0 255 15 255 0 0 95 0 255 0 0 255 255 0 0 0 75 255 255 0 0 255
    255 255 124 0 0 255 93 0 126 255 255 255 255 0 0 0 255 218 0 255 0
    134 0 183 4 255 255 255 0 0 255 130 0 0 255 255 255 0 255 0 255 255
    255 0 255 0 0 0 0 255 255 0 0 255 255 255 255 0 154 255 255 137 0 0
    0 0 0 255 255 255 255 33 64 0 0 255 255 255 0 255 17 255 0 187 0 255
    255 0 0 0 255 227 255 255 71 65 255 239 255 255 255 0 0 0 0 255 255
    255 0 0 0 255 255 255 255 227 255 177 255 255 255 30 0 83 255 255 0
    0 255 255 255 255 0 60 0 255 0 0 255 0 0 255 0 187 0 0 0 0 255 255
    95 0 0 0 0 255 224 0 6 255 255 0 14 255 255 255 0 33 0 0 255 255 255
    0 255 0 0 0 0 255 0 255 0 255 0 0 44 255 255 255 0 0 0 112 255 255 0
    74 0 177 0 0 255 100 255 0 255 0 255 255 255 105 255 0 255 255 255
    255 0 0 145 0 34 0 167 0 255 167 0 49 179 0 62 0 255 255 0 0 0 164
    255 0 0 0 255 255 0 255 0 255 255 0 255 255 0 0 255 0 255 0 255 255
    255 255 0 0 0 0 0 255 255 255 255 255 6 0 255 0 255 0 0 0 255 255
    255 255 0 0 0 247 255 255 255 255 0 0 0 0 255 255 255 0 0 0 255 255
    0 255 255 255 255 0 255 0 0 148 255 255 255 121 0 255 0 255 255 255
    0 0 0 255 202 122 0 255 0 187 255 255 255 0 0 0 0 0 178 0 255 0 255
    65 255 137 255 0 0 207 22 220 0 0 255 255 123 255 255 0 0 242 255
    255 255 0 255 0 255 255 255 212 0 255 41 0 0 255 255 0 255 0 255 0
    123 0 255 158 0 0 255 0 255 0 0 26 77 255 0 158 255 255 47 0 255 67
    255 255 111 0 0 255 0 255 92 255 255 255 0 0 255 255 255 255 46 0 0
    255 255 255 0 255 255 255 250 0 93 0 255 255 0 0 0 0 0 0 52 255 138
    204 255 0 0 0 255 106 179 255 255 255 255 160 0 0 0 252 255 30 0 255
    205 0 0 255 0 19 255 255 0 0 0 0 255 0 255 0 255 99 255 151 0 255 0
    140 0 255 255 44 255 19 255 148 0 71 0 255 255 255 0 230 197 0 255
    255 133 0 0 189 255 0 0 0 0 255 255 235 0 255 0 255 255 255 0 0 255
    255 0 155 0 0 0 255 0 255 79 255 0 255 63 255 0 255 0 71 0 255 0 0
    87 0 255 0 255 255 0 0 255 198 103 0 99 0 0 255 255 235 218 0 225
    255 0 0 255 0 255 0 13 13 251 255 0 177 0 255 255 0 255 255 241 255
    52 206 0 0 255 255 69 255 255 56 0 0 255 255 0 0 0 0 255 117 255 255
    152 0 251 255 255 0 255 0 255 0 255 0 255 255 0 0 0 0 0 255 255 0
    255 0 188 185 0 255 255 255 255 72 14 255 22 255 255 0 15 139 49 255
    165 0 0 255 0 255 0 255 0 255 255 137 0 0 67 0 255 123 255 0 0 0 0 0
    0 255 255 115 0 255 255 255 72 255 0 161 255 0 255 0 0 0 255 255 0 0
    0 255 0 255 64 255 255 245 0 255 0 52 0 255 48 255 255 0 0 0 255 255
    255 0 0 255 255 255 255 0 116 0 181 0 255 255 0 255 0 255 19 132 0
    205 255 255 0 255 255 255 223 0 16 255 0 255 255 0 0 0 255 0 0 0 255
    80 223 103 0 0 255 0 255 0 255 0 255 255 255 0 0 255 255 0 0 0 255
    255 255 255 235 23 0 0 0 255 0 255 0 0 255 255 0 176 255 255 0 0 0
    255 255 0 0 0 255 0 166 255 255 0 11 255 10 255 0 255 255 0 0 114
    255 0 0 0 255 0 255 0 0 234 84 255 0 1 255 255 0 0 45 140 0 100 178
    255 0 210 167 220 0 0 233 73 255 255 84 0 0 0 255 255 255 255 255 0
    0 255 110 0 255 255 0 0 61 0 255 69 255 211 255 245 0 255 0 0 0 255
    255 61 0 255 1 255 189 255 255 0 255 35 255 0 0 80 251 255 255 0 0
    170 0 255 0 255 0 149 0 0 0 255 255 255 0 0 0 255 255 255 255 0 107
    0 255 0 255 0 255 0 255 0 0 0 10 3 0 255 255 0 0 0 255 255 255 0 0
    255 0 255 0 255 0 0 0 255 0 255 0 255 0 255 0 255 255 255 255 255 0
    255 255 0 0 0 255 0 0 12 255 0 255 255 255 0 0 0 66 255 255 255 255
    181 248 122 0 0 0 0 0 0 255 255 255 255 255 56 255 255 255 0 0 140
    255 255 255 0 216 255 255 0 0 0 0 255 255 0 0 0 0 217 255 137 255
    161 0 0 255 0 255 255 231 0 255 0 0 0 154 255 60 255 63 85 0 0 173
    209 255 255 0 0 0 182 255 255 255 0 255 0 0 0 255 255 0 0 0 255 0
    255 229 199 0 255 0 255 154 0 0 0 0 255 0 185 255 255 255 97 106 0
    65 255 0 255 22 255 0 0 138 102 0 255 166 0 255 255 0 0 255 255 127
    255 0 255 0 255 0 39 0 255 255 255 255 248 255 0 255 0 255 174 255 0
    0 19 255 255 0 0 127 255 196 204 0 255 0 255 255 0 0 59 0 119 255
    255 0 0 0 0 255 255 0 200 0 255 255 255 255 0 255 0 255 96 52 0 255
    246 255 0 0 255 255 255 255 0 0 255 255 255 255 0 255 0 255 0 255 15
    255 0 90 0 0 255 0 255 0 0 255 0 255 0 47 0 0 255 255 255 0 171 150
    0 0 0 255 255 210 0 255 255 0 0 0 209 255 255 255 0 132 255 255 0 0
    0 255 200 0 0 73 255 210 114 0 0 0 255 0 0 58 0 255 0 255 0 255 0 0
    0 255 255 255 255 255 0 0 0 255 255 255 0 0 0 0 255 255 255 255 0 0
    0 247 229 255 255 0 255 255 255 0 255 255 94 0 255 0 255 61 255 255
    0 14 0 0 255 255 0 255 211 255 255 255 76 255 0 0 217 255 87 204 48
    212 255 23 255 204 255 0 255 0 255 205 0 255 255 255 15 0 255 245 0
    255 127 255 255 0 0 177 255 255 0 255 0 255 255 0 255 0 255 0 255 0
    0 0 0 0 255 255 255 0 9 0 255 33 255 255 255 120 255 0 255 255 0 255
    250 0 205 0 194 255 1 5 255 255 246 141 0 0 0 255 0 255 119 255 0 0
    255 255 0 0 0 255 255 255 15 0 255 255 255 255 255 0 0 0 0 255 255
    213 255 0 255 0 0 0 255 255 208 19 255 255 0 0 0 255 255 0 52 0 255
    36 255 255 0 255 61 255 0 222 0 11 162 255 0 255 0 0 255 255 255 0 0
    0 0 255 0 175 0 255 0 0 197 255 0 187 0 0 146 255 5 255 0 255 0 103
    0 255 0 0 255 255 42 0 99 0 255 176 255 0 0 0 255 0 255 255 146 0 0
    255 0 255 0 31 76 255 0 167 0 0 0 255 255 107 255 255 200 101 123
    255 255 255 0 0 0 255 0 255 0 255 0 255 255 255 0 255 0 255 9 15 0 0
    0 255 255 250 0 255 255 255 255 86 0 19 0 217 255 255 0 255 0 255
    255 0 0 0 0 0 100 255 255 0 255 0 255 34 114 84 0 228 255 255 0 0 66
    55 255 0 255 16 0 0 255 255 94 0 0 255 0 255 255 255 0 255 255 0 255
    39 79 87 255 255 0 0 0 0 0 255 163 255 0 26 0 57 48 0 117 0 65 0 255
    255 255 0 255 255 255 255 0 255 0 0 0 255 255 255 255 127 255 255 0
    255 0 0 255 0 0 0 255 255 255 255 255 0 3 0 0 176 255 255 255 0 220
    0 0 255 255 0 0 0 255 255 255 255 165 255 0 0 255 30 237 255 255 255
    238 252 0 0 255 255 0 0 255 0 11 0 255 0 0 0 255 255 144 0 49 0 208
    0 0 255 0 255 54 255 0 255 0 0 255 0 0 0 255 0 255 4 255 255 0 0 0 0
    0 26 255 199 255 82 19 0 255 0 0 0 255 255 255 255 0 201 25 255 0
    255 174 255 255 179 0 0 255 255 255 0 0 255 27 0 255 255 0 255 255 0
    0 75 5 0 255 0 148 73 71 255 241 0 255 193 89 255 255 0 255 255 37
    96 0 0 0 0 0 79 74 255 167 255 12 255 0 0 228 205 255 0 255 0 255
    255 255 0 0 0 255 255 0 212 0 255 255 51 0 0 91 0 255 255 255 0 0 0
    0 0 255 255 0 0 0 255 255 255 0 255 0 0 255 0 255 0 255 0 255 0 0 0
    0 255 255 255 255 255 118 0 0 0 255 255 0 45 0 135 255 87 180 255
    187 255 0 0 116 255 255 255 0 255 0 0 255 0 255 0 0 25 255 255 255
    35 255 255 255 0 255 52 72 0 255 0 255 255 255 0 255 37 0 0 255 234
    255 224 0 0 255 255 255 255 255 255 0 0 255 0 255 0 0 0 237 0 255
    255 227 0 0 255 255 0 0 0 182 0 187 0 181 255 0 255 132 255 255 0
    255 41 0 180 255 0 255 0 0 0 255 38 255 255 0 0 0 255 243 255 0 244
    255 255 0 0 0 202 0 0 255 0 0 0 0 255 255 0 165 0 255 255 255 0 255
    255 255 0 0 0 255 255 255 71 255 0 0 0 0 0 71 255 113 255 0 0 0 108
    255 36 0 0 0 255 0 255 255 255 0 0 53 0 0 0 205 173 0 0 0 255 165
    255 0 255 26 255 0 247 0 0 255 127 255 255 136 0 255 0 0 0 0 255 255
    229 0 0 255 255 0 0 18 255 255 0 0 255 207 255 35 133 0 0 0 255 255
    152 0 255 0 150 0 51 255 0 255 255 53 0 0 0 0 255 0 255 255 0 255 0
    255 0 255 255 0 0 255 0 160 0 255 255 100 0 255 0 0 143 255 255 50 0
    255 255 0 0 0 255 255 120 0 0 255 255 103 0 65 205 255 255 0 255 0
    123 0 255 255 44 255 255 255 0 0 0 183 255 255 0 0 255 0 255 0 255 0
    0 0 255 0 0 255 0 56 0 0 255 0 0 255 255 0 0 251 255 255 0 255 0 255
    0 255 0 255 255 198 0 164 0 3 255 255 255 255 255 65 0 164 255 142 0
    228 231 255 0 0 0 0 0 255 0 255 255 255 255 80 0 0 0 255 0 57 0 255
    0 0 0 141 0 145 255 0 255 255 0 255 0 0 88 255 255 255 0 0 148 255
    255 255 0 0 0 194 118 255 255 0 0 0 255 255 0 255 0 255 0 0 255 255
    255 255 0 255 134 0 104 0 255 0 255 0 255 0 0 0 0 255 26 255 255 255
    185 0 255 163 255 0 255 0 129 52 0 255 255 0 255 255 231 0 255 255
    255 0 0 175 96 255 0 0 0 255 0 255 138 0 0 255 0 0 255 0 255 255 255
    0 255 0 255 0 255 255 192 0 0 101 0 255 0 255 0 255 0 0 0 0 0 255 0
    255 0 255 0 255 0 0 255 255 0 213 255 85 0 18 0 0 0 255 255 0 159 0
    255 255 116 255 255 255 255 0 0 255 0 255 0 255 255 10 0 0 0 251 255
    0 255 0 130 255 127 221 0 0 255 255 255 0 3 0 255 255 0 0 40 163 0 0
    255 0 255 239 0 213 115 255 0 255 104 45 0 255 255 0 29 0 255 0 134
    255 113 255 255 255 154 255 255 103 255 0 255 30 255 255 247 255 102
    255 0 255 9 255 0 151 255 0 255 44 61 0 0 0 255 84 255 0 255 0 124
    255 255 0 138 232 0 63 0 142 0 0 255 255 0 141 255 255 0 255 0 0 0
    255 222 0 255 0 255 0 255 0 0 88 255 255 44 0 0 0 255 96 255 0 255 0
    255 189 255 0 255 255 255 125 98 255 0 0 135 255 255 0 0 0 255 0 255
    239 236 255 0 0 0 255 255 0 0 0 255 255 255 255 255 0 255 0 255 255
    255 255 0 0 37 255 255 255 0 0 255 255 255 255 255 0 255 0 255 99 88
    0 2 148 117 191 69 0 0 0 21 255 0 0 255 0 0 255 255 255 147 0 29 0
    255 0 0 0 255 255 0 255 0 255 0 255 229 0 214 0 0 16 255 255 0 0 255
    255 255 0 2 97 255 255 255 0 126 0 27 0 255 0 208 255 255 255 0 171
    0 255 255 0 255 181 0 52 255 255 0 0 0 0 0 133 255 0 255 255 255 255
    2 0 255 35 231 255 0 255 255 0 0 0 255 255 0 255 255 0 0 0 0 255 0 0
    255 255 255 255 86 255 0 0 0 255 255 255 255 255 0 41 0 0 0 255 46
    255 255 0 0 0 0 255 13 255 0 21 255 255 201 0 0 89 0 255 0 255 255
    255 0 0 255 255 255 0 0 0 255 255 255 255 0 0 255 255 255 222 177 0
    85 255 255 255 0 0 0 255 0 255 0 0 0 72 255 204 193 0 255 191 230
    255 255 0 0 0 255 255 255 255 255 56 255 168 0 255 0 255 0 255 229
    255 255 252 0 255 0 255 22 255 255 0 0 0 0 245 0 255 0 255 255 18 0
    0 255 255 0 0 95 255 89 0 255 0 255 0 255 0 153 135 255 2 0 255 255
    255 255 0 255 49 0 0 0 255 255 0 33 255 0 255 0 0 255 0 255 255 168
    95 0 0 241 255 0 255 0 0 26 0 255 0 255 152 0 0 236 255 124 0 255 0
    0 0 255 167 255 252 255 152 0 0 0 255 48 0 255 0 255 0 0 255 255 0 0
    255 231 255 0 255 0 235 139 255 0 255 255 153 255 0 183 255 255 202
    0 0 255 0 255 131 255 9 188 255 0 0 201 0 255 255 255 255 210 0 40
    255 255 255 255 0 0 0 0 0 255 255 255 0 0 0 255 0 227 238 0 0 255
    255 255 53 255 255 255 0 0 0 255 255 255 255 169 0 0 0 255 199 255
    255 0 255 0 163 255 255 22 59 255 0 255 53 255 0 255 255 0 0 0 255
    255 255 255 0 255 0 255 204 0 255 74 0 0 0 69 255 250 255 255 255 0
    0 0 255 0 255 255 0 255 106 163 0 0 255 0 199 255 255 0 8 0 15 0 0
    211 255 0 0 255 255 255 0 0 0 0 255 255 255 0 255 52 255 255 255 0
    255 0 0 90 255 0 0 0 0 255 255 0 255 0 255 255 0 255 255 0 255 0 0 0
    233 255 255 255 0 255 255 0 0 0 0 255 255 255 255 0 255 0 255 255
    255 0 0 0 255 0 255 224 255 0 16 255 255 255 66 255 0 0 0 59 255 255
    255 255 23 0 255 0 255 0 207 0 0 0 255 0 255 0 0 255 255 0 255 0 0 0
    196 255 255 0 0 92 0 0 0 255 255 56 255 0 0 0 0 0 255 127 2 255 0
    255 0 0 255 255 255 148 0 255 0 255 0 255 216 0 45 0 95 0 0 232 255
    0 0 0 0 81 255 255 255 0 0 255 0 0 0 255 255 193 255 0 115 0 42 255
    255 0 216 0 109 0 251 95 0 83 241 255 255 255 255 0 0 0 11 102 0 255
    255 255 0 255 0 255 255 31 52 0 255 255 111 255 255 255 0 0 0 255 12
    0 255 255 255 94 255 255 0 0 0 0 0 0 255 0 0 0 255 255 36 255 255 51
    0 0 0 255 87 0 167 252 174 255 0 0 0 110 255 255 246 134 255 0 17 0
    255 0 108 33 0 255 119 255 0 255 0 203 0 0 97 255 0 62 255 255 0 6 0
    255 0 0 0 184 87 255 255 255 0 0 0 255 169 13 2 123 88 54 194 255
    196 153 138 255 255 255 255 0 168 0 246 255 255 226 0 0 71 255 255
    166 130 0 0 0 0 0 0 255 53 255 0 255 0 255 255 191 230 0 255 0 255 0
    255 255 0 0 255 0 0 0 195 43 255 255 0 0 255 255 255 47 67 255 255
    71 0 33 0 0 226 0 255 0 255 255 0 255 0 255 255 255 255 0 0 255 94 0
    0 255 255 255 255 0 255 0 121 255 0 0 0 255 255 132 255 0 0 0 0 255
    255 255 107 218 0 255 0 204 118 255 255 0 72 255 255 131 0 0 0 232 0
    255 255 255 255 161 0 0 0 0 0 252 188 208 0 255 51 255 34 255 0 0
    126 69 0 0 0 255 0 176 0 172 16 255 0 255 164 247 0 255 255 66 84
    255 255 144 0 0 0 255 125 0 255 0 255 0 255 255 248 0 0 255 0 0 0
    255 255 255 0 152 222 182 255 255 0 0 0 0 15 255 255 255 0 0 0 255 0
    255 0 255 178 255 255 0 169 255 255 53 0 167 0 0 255 92 80 0 0 0 0
    255 0 255 255 189 0 0 0 40 0 255 255 179 255 0 255 0 0 255 255 255 0
    0 255 0 255 153 255 0 0 0 0 0 0 0 255 255 255 255 20 0 208 0 255 0
    255 255 204 0 0 0 255 73 0 0 255 77 255 0 255 235 0 255 255 0 255 0
    255 0 255 0 255 255 255 176 0 99 0 255 0 0 255 255 0 0 252 0 255 0 0
    0 0 255 255 255 1 0 0 0 255 14 255 197 255 0 255 0 0 0 255 203 0 64
    22 83 0 255 255 255 3 255 0 0 0 255 0 255 0 255 255 255 234 0 255 0
    0 0 255 255 255 0 255 255 0 0 0 0 0 255 255 255 0 2 0 241 111 255
    255 255 0 255 0 19 251 0 255 0 255 47 33 0 0 255 255 199 0 0 0 0 139
    0 255 0 62 255 255 255 255 75 0 0 0 0 130 0 0 0 94 0 96 255 255 172
    149 255 0 0 94 255 0 0 255 0 173 255 255 255 0 0 255 32 255 0 255 0
    0 0 0 255 255 255 122 0 255 255 0 114 0 90 255 255 255 255 0 0 0 115
    220 0 45 0 119 255 50 255 255 255 255 0 0 255 255 0 255 255 255 255
    255 0 119 0 0 0 255 255 255 0 0 255 0 0 0 255 255 0 0 255 110 255 0
    255 0 255 255 211 255 0 0 0 255 255 145 255 255 0 0 0 230 255 255 0
    0 255 255 255 0 249 255 255 0 255 255 255 255 162 0 255 255 0 255
    255 255 0 0 255 0 92 0 255 255 255 255 55 255 66 255 0 255 0 17 0
    204 97 255 0 255 89 255 0 0 255 253 0 0 255 255 229 0 255 0 255 0
    255 0 0 0 255 255 255 0 0 0 0 255 255 0 0 0 255 255 0 0 0 255 255 0
    34 0 0 46 255 0 255 0 31 0 255 117 0 0 0 0 255 255 255 255 255 0 0 0
    255 0 147 32 0 255 136 0 255 0 255 0 49 0 255 0 255 0 255 43 255 0
    255 0 32 255 0 0 0 160 255 255 255 210 255 0 3 255 255 0 0 0 0 78
    255 255 255 255 0 0 95 165 118 0 0 255 255 0 167 0 139 255 255 0 14
    0 207 255 0 255 0 255 0 255 1 48 0 0 255 255 197 0 56 255 0 0 0 0 0
    211 255 91 255 255 255 46 0 0 0 0 191 255 255 255 57 0 94 243 255 0
    0 0 65 0 255 0 255 255 49 0 255 255 0 0 246 0 0 0 165 110 255 255 0
    213 0 255 0 0 0 0 68 255 0 255 0 226 255 0 167 0 255 67 102 255 0
    255 255 0 255 0 255 255 0 0 0 255 35 0 0 0 255 14 255 228 255 255 0
    255 255 255 255 0 255 255 60 255 69 255 51 0 0 0 255 0 0 176 240 255
    0 0 0 255 255 255 0 255 0 255 0 255 0 175 0 255 0 255 48 255 255 255
    255 0 0 255 42 197 0 0 255 69 255 0 0 0 0 255 255 0 255 114 0 0 0
    255 255 255 0 141 255 255 255 255 0 0 207 255 255 0 0 85 255 0 164
    255 255 255 255 0 0 0 87 255 255 255 0 167 0 0 0 0 0 255 255 255 0 0
    255 255 0 0 255 255 255 255 0 111 0 74 255 167 0 0 255 255 130 255 0
    255 0 255 64 255 255 255 255 255 82 255 198 0 0 0 255 255 0 142 0
    255 123 255 0 255 0 202 121 231 0 0 0 205 255 0 255 255 255 0 255
    150 0 116 0 255 255 255 255 0 255 255 144 0 0 255 48 126 255 0 255
    122 255 138 255 123 0 0 0 112 255 255 9 0 255 255 255 0 0 0 255 81
    255 219 255 13 255 255 105 0 0 114 17 0 0 255 172 255 255 255 146 0
    0 255 0 181 0 34 0 255 255 219 0 163 0 0 0 255 255 255 0 255 103 255
    255 255 0 0 0 0 216 255 255 255 0 0 0 255 222 0 255 0 255 255 0 245
    255 255 255 255 255 0 0 0 255 82 255 0 139 0 255 255 255 255 255 109
    0 255 0 0 255 0 0 0 255 0 0 61 255 255 129 0 255 0 255 213 255 255
    255 255 0 0 0 0 255 255 0 0 28 0 255 0 17 255 255 255 0 143 255 0
    255 255 255 0 134 255 255 0 0 0 76 255 0 0 0 255 255 36 0 0 0 255
    255 255 255 0 81 255 0 255 15 255 255 0 0 0 0 255 247 0 0 102 187
    103 255 90 0 255 255 0 0 37 255 255 255 0 255 255 255 255 0 0 91 0
    255 0 255 255 255 255 255 0 0 0 43 255 255 255 255 255 200 0 173 190
    255 255 0 255 0 0 120 255 255 57 0 0 255 255 77 0 0 0 0 255 255 0 0
    0 0 255 0 0 255 12 0 0 255 0 255 0 42 167 255 255 0 255 0 255 0 255
    255 0 0 0 182 255 255 0 0 255 208 255 211 33 0 223 255 247 255 0 0
    255 0 0 255 0 255 255 255 0 255 0 0 130 0 255 0 255 176 255 255 149
    0 0 0 0 187 255 255 255 255 26 255 0 255 0 255 0 0 0 255 255 0 22
    255 255 0 0 0 0 0 255 0 255 0 255 0 255 0 150 255 255 255 0 255 248
    83 255 255 169 73 0 0 255 255 255 233 0 0 223 255 255 255 76 0 255
    255 255 255 255 134 0 145 255 0 0 39 0 0 0 0 255 0 255 255 255 247 0
    0 255 43 145 0 255 0 255 0 255 255 255 0 0 255 255 255 255 0 255 255
    255 31 0 0 10 255 255 255 255 126 0 150 0 255 255 255 0 0 0 255 255
    0 0 0 0 255 255 255 195 255 0 0 0 255 255 0 0 239 255 255 0 0 163 0
    255 255 0 0 255 163 255 0 40 0 255 255 0 255 229 255 255 255 0 0 0
    255 25 0 255 255 255 0 0 255 208 255 255 255 171 0 255 255 255 255 0
    0 255 0 137 0 236 157 0 255 255 0 255 255 255 0 8 255 114 0 0 61 255
    0 0 0 255 255 255 0 0 255 0 255 0 0 189 255 255 0 0 0 68 255 255 0
    226 40 168 255 255 255 255 0 0 0 0 226 0 0 0 255 0 255 255 255 0 66
    0 255 198 255 0 255 0 0 255 0 255 0 255 0 255 255 169 255 255 191
    255 19 255 0 164 255 0 0 0 255 0 255 0 255 0 255 0 255 0 255 0 255
    255 0 16 0 255 0 255 255 0 255 255 0 0 224 255 255 0 255 0 0 0 255
    255 255 0 210 103 0 10 255 15 0 0 255 0 0 185 255 255 0 0 0 0 255 82
    0 0 0 255 255 140 0 0 141 0 0 200 255 0 0 255 0 0 0 255 26 255 0 255
    0 0 0 0 255 255 255 0 0 255 255 255 255 255 0 0 255 253 204 0 0 0
    255 251 0 0 255 255 136 0 255 255 69 255 255 0 0 0 0 255 255 255 255
    0 0 0 255 0 255 255 0 255 0 180 0 0 0 0 255 255 5 0 0 0 69 0 0 0 255
    255 0 0 255 255 255 241 0 0 0 0 152 255 255 0 143 141 255 0 255 255
    0 0 0 255 255 255 0 0 255 255 0 109 0 0 0 0 255 255 7 79 255 0 17 0
    0 159 255 255 255 0 0 22 0 0 255 190 255 0 255 0 0 197 195 119 0 0 0
    255 111 255 0 0 255 8 0 255 0 255 255 0 255 131 255 0 0 255 0 0 0 0
    252 0 0 76 0 0 255 255 90 255 146 255 0 255 255 201 206 0 0 0 255
    255 255 0 48 255 180 10 0 0 0 255 0 255 0 0 0 157 48 255 255 255 0 0
    0 0 0 255 255 255 0 255 29 116 158 0 0 0 255 255 255 85 0 255 0 68
    255 0 0 0 255 255 255 0 255 255 255 0 0 255 255 0 0 0 255 255 255
    104 255 0 0 95 255 0 255 0 255 164 0 0 0 0 27 0 0 255 255 0 96 255 0
    255 255 255 255 0 255 0 0 0 0 255 0 0 0 0 255 255 255 255 0 194 6 93
    72 0 255 46 255 0 255 71 255 0 0 81 255 255 0 0 0 0 0 91 255 0 255
    255 255 0 0 255 0 240 255 66 0 0 167 0 217 255 255 255 255 0 0 255 0
    170 169 126 255 255 255 255 169 255 0 255 255 255 129 0 255 255 81
    255 0 255 0 255 0 252 255 0 0 255 0 255 115 0 255 255 12 0 0 0 255
    255 255 255 0 0 0 255 0 0 255 39 97 255 255 69 171 255 255 0 0 0 57
    255 255 0 9 36 0 255 0 255 0 255 208 255 0 255 0 255 255 171 255 179
    255 0 0 0 255 0 255 0 255 0 255 255 6 0 0 0 255 255 0 0 0 0 61 0 255
    0 255 0 255 0 255 255 255 41 147 0 255 255 154 0 0 255 0 0 0 255 0
    255 0 255 0 255 0 255 0 0 37 255 10 0 0 0 243 255 255 255 255 0 97 0
    255 0 255 245 255 98 255 0 0 0 255 255 255 0 255 255 255 0 0 0 255
    255 255 0 255 77 249 0 255 0 255 167 75 43 150 0 0 255 0 255 0 0 0
    245 255 255 255 255 255 64 0 0 255 255 0 0 206 0 255 255 176 255 255
    255 255 0 0 255 255 255 255 0 0 0 20 255 255 0 0 0 143 255 255 0 255
    65 0 0 255 210 255 0 255 0 48 0 255 255 0 0 255 0 255 0 255 0 0 225
    104 255 227 0 77 255 168 249 255 0 0 169 255 255 0 0 0 255 255 0 0 0
    0 255 0 255 41 195 255 255 0 255 255 0 255 255 255 1 0 0 0 255 255
    255 255 163 128 0 255 255 0 34 0 211 48 255 0 255 0 255 0 255 0 255
    255 255 255 128 255 0 147 0 0 0 227 132 207 164 0 0 255 255 0 6 255
    255 255 0 255 0 255 0 30 0 129 255 0 255 0 95 255 0 255 255 255 255
    0 255 0 0 255 255 255 0 0 255 0 255 0 0 0 0 65 255 255 255 0 0 0 255
    255 0 0 147 215 255 0 0 0 151 255 255 0 255 80 67 237 255 7 0 255 0
    121 226 0 0 0 255 255 0 255 36 52 255 255 0 255 255 255 255 255 0 0
    0 255 255 255 0 255 0 0 0 255 194 255 255 255 255 0 80 0 255 0 255 0
    255 255 255 0 0 255 255 0 0 0 255 255 255 0 0 63 107 61 255 0 255 0
    255 255 255 255 74 0 0 0 255 255 255 0 255 0 255 255 255 53 0 0 203
    255 255 255 0 255 0 28 0 255 0 255 0 255 242 255 211 0 52 0 0 0 255
    0 255 0 255 139 255 0 0 168 93 255 73 0 129 255 186 255 0 215 255
    255 255 0 0 0 255 199 255 255 74 33 255 0 44 4 0 255 255 0 0 176 201
    255 255 0 150 255 0 234 255 255 33 255 191 255 255 255 0 0 0 2 161
    255 0 83 0 255 0 241 255 255 145 255 64 255 0 255 0 50 0 255 255 255
    27 255 0 119 0 255 255 255 0 0 84 255 107 255 0 255 255 255 255 0 0
    0 255 255 0 0 0 255 0 174 255 0 0 0 255 0 0 255 138 243 0 255 255
    164 246 166 0 255 0 0 0 255 0 255 255 0 0 255 255 255 0 0 0 255 233
    255 255 237 255 0 0 0 255 0 187 166 255 0 47 255 255 0 0 255 255 81
    0 22 255 197 0 255 255 0 0 0 36 255 159 188 255 0 121 255 255 255
    255 255 254 0 0 46 255 79 255 255 192 0 32 255 255 0 0 0 255 0 255
    221 0 255 10 255 0 0 6 255 0 0 0 255 255 0 140 0 255 255 255 0 255 0
    0 0 255 255 0 0 57 127 255 30 255 255 255 0 255 255 48 0 0 0 122 255
    0 0 0 0 255 167 255 0 255 255 255 0 0 255 255 45 255 0 131 3 0 255 0
    0 255 0 0 255 255 46 24 0 227 66 255 255 216 0 164 255 0 151 255 255
    40 0 255 204 0 0 255 255 255 0 0 0 255 172 0 123 0 255 0 255 0 83 0
    255 0 0 0 213 0 255 255 0 0 255 0 206 255 171 144 0 255 182 255 0 0
    255 0 255 255 255 0 0 255 255 255 29 255 119 255 0 255 0 160 0 0 0
    255 184 255 0 255 255 0 255 255 255 0 0 255 255 255 0 0 207 0 0 224
    255 244 0 255 82 255 0 255 0 255 0 0 255 0 255 255 255 0 0 255 0 0
    255 149 0 221 255 255 0 255 0 255 0 255 0 0 0 255 255 0 255 0 0 0
    163 255 255 23 0 255 255 99 255 191 255 255 255 0 0 0 0 184 148 0 0
    255 255 82 146 255 39 255 0 255 255 255 0 0 0 207 255 93 0 51 0 255
    255 255 255 158 0 255 0 0 0 73 255 76 255 0 255 213 0 0 0 255 15 255
    230 0 255 0 255 255 0 0 0 255 255 0 255 255 94 0 0 0 5 255 255 255 0
    189 0 255 0 0 0 0 255 0 196 255 255 255 0 197 255 255 255 210 0 0 0
    0 186 255 0 255 23 255 255 255 255 192 0 255 0 0 0 255 194 0 255 0
    255 255 0 0 0 231 255 0 255 152 0 255 0 120 0 255 0 255 0 0 0 0 239
    79 255 0 187 0 0 0 255 0 71 148 0 255 0 255 135 114 122 255 255 0 0
    255 255 255 0 0 148 0 255 0 147 0 0 255 255 255 255 255 255 255 129
    0 0 72 255 255 126 0 0 255 79 255 0 0 102 255 87 0 255 255 255 139
    255 0 0 0 143 255 0 255 0 0 0 0 0 0 255 255 255 255 255 255 0 104
    255 0 255 0 0 0 0 0 0 255 0 255 255 255 0 0 0 0 65 255 255 255 37 0
    0 0 255 255 0 0 255 0 0 190 255 0 255 0 255 255 0 0 255 255 166 255
    0 0 255 255 255 255 255 0 0 213 255 0 20 0 0 215 255 192 200 0 255 0
    149 255 0 0 0 255 0 255 115 255 0 0 206 0 0 255 0 170 255 0 255 255
    0 255 0 74 255 0 255 255 255 209 0 0 139 0 255 0 239 128 74 0 0 0
    255 255 0 0 0 0 255 0 255 0 0 255 255 255 0 255 137 255 0 0 0 0 255
    0 0 0 255 255 114 255 0 255 255 0 0 50 0 255 0 255 218 0 0 0 0 255 0
    193 0 0 0 0 255 255 4 255 0 0 0 255 255 255 0 255 255 255 0 184 255
    255 233 0 0 0 0 172 255 255 255 255 0 0 0 255 255 255 255 255 255 0
    255 255 255 0 0 0 255 255 255 0 166 0 255 255 11 0 255 255 0 0 255
    179 0 174 0 0 255 255 0 84 255 255 0 255 146 0 0 76 47 0 0 255 255 0
    0 255 255 0 255 0 255 9 0 0 0 255 255 175 0 255 0 175 61 0 0 0 255
    255 0 0 0 255 121 255 228 255 255 255 0 255 0 84 255 211 0 0 0 255 0
    0 0 255 0 0 0 0 255 19 199 255 255 0 31 255 87 0 0 0 255 255 0 255 0
    255 255 255 0 255 0 255 0 255 255 0 255 0 164 121 255 169 242 0 2
    178 255 255 255 0 255 0 255 0 0 0 255 0 0 108 255 255 255 0 255 0
    255 255 0 0 0 0 0 0 0 0 255 255 255 0 0 0 224 255 0 0 0 255 0 147 56
    255 0 139 0 0 255 0 0 0 255 0 255 240 0 0 255 99 255 0 255 255 255
    255 231 148 0 0 255 194 255 52 0 255 234 255 0 255 0 0 0 0 255 255
    139 255 21 0 0 0 255 255 0 72 0 0 255 0 115 0 255 0 255 255 255 255
    255 0 0 31 255 0 255 0 10 0 255 0 255 0 255 0 255 255 244 0 255 0 0
    0 255 255 0 0 0 255 173 255 79 0 59 33 141 101 159 0 0 212 255 0 0 0
    0 124 255 0 114 0 255 255 0 0 238 255 0 0 255 184 255 220 255 0 234
    255 255 0 57 0 255 0 255 255 0 0 0 255 0 255 255 0 255 122 255 166 0
    0 255 76 54 0 0 0 255 255 0 0 255 255 0 255 255 151 0 0 255 129 7 0
    255 0 0 228 255 0 255 149 255 255 255 155 255 0 0 79 255 22 195 255
    255 255 69 0 255 0 0 0 255 0 255 0 135 0 255 255 0 0 37 255 0 0 255
    249 255 0 255 255 0 0 111 61 255 246 255 0 255 255 0 0 78 0 255 173
    255 255 0 159 255 255 61 0 0 0 0 0 0 255 255 97 255 147 255 0 255
    255 255 0 0 0 255 0 137 145 255 125 117 0 191 0 0 0 200 0 204 255
    255 255 0 255 0 0 0 0 193 255 0 255 146 0 240 255 255 0 0 73 201 255
    255 0 0 255 0 255 0 255 255 0 255 255 58 255 78 255 0 255 0 0 0 255
    255 255 69 255 0 0 255 0 146 0 255 230 0 0 255 0 186 0 255 255 61
    140 0 255 0 137 255 255 255 64 0 0 96 255 0 0 225 0 0 0 255 255 0
    212 255 0 0 0 255 255 182 255 255 17 0 255 0 0 0 0 255 0 0 0 255 255
    255 255 255 255 0 0 255 230 144 0 255 255 0 102 255 255 255 255 0 0
    0 0 255 255 0 255 255 255 155 255 0 0 255 255 255 0 0 181 105 0 255
    0 255 0 255 0 0 71 0 0 30 255 255 119 0 0 196 114 0 0 0 255 0 0 0
    255 160 245 255 0 255 239 255 0 0 255 145 255 255 255 255 0 0 0 0
    255 238 255 201 255 0 189 0 255 0 211 0 0 0 255 0 255 0 0 101 255 0
    0 255 255 228 255 0 255 0 255 255 0 2 0 255 0 251 255 255 0 0 255 0
    117 255 255 0 0 193 0 0 0 0 255 255 0 255 0 255 0 255 148 255 0 45
    255 255 0 0 0 255 255 0 0 182 255 255 177 255 0 255 0 0 0 71 121 112
    165 0 0 255 255 255 255 255 255 255 0 221 0 255 90 87 92 0 255 255
    179 0 255 0 0 255 66 255 245 73 255 71 19 0 255 169 0 153 0 255 255
    255 0 0 0 255 37 255 255 0 255 255 0 0 0 17 0 255 255 255 0 0 255 0
    0 0 255 255 255 0 0 209 255 0 255 0 255 155 0 0 255 255 0 0 0 0 255
    255 0 72 0 0 148 255 49 0 0 255 112 255 173 255 0 255 255 255 0 255
    107 255 255 27 52 0 109 6 255 255 255 48 0 162 255 255 130 255 169
    255 0 255 255 255 255 0 255 19 255 165 0 255 255 255 0 255 0 0 255 0
    255 125 51 0 171 136 0 0 255 0 0 0 255 95 0 252 125 255 255 255 0 57
    0 255 0 231 0 64 255 255 0 0 0 151 255 255 255 255 255 0 0 0 117 101
    255 255 255 242 255 70 255 255 255 0 255 117 0 84 158 0 0 255 0 0 0
    255 255 255 0 0 0 81 255 121 0 0 255 0 255 0 255 100 0 0 0 0 187 255
    255 143 255 0 255 0 255 0 125 0 255 255 255 255 0 45 0 255 255 255
    255 0 255 0 255 17 255 0 0 180 115 255 255 255 0 0 0 241 0 255 0 255
    255 255 0 241 0 60 0 255 34 0 255 255 255 0 0 0 255 255 111 255 0
    255 0 255 80 0 0 255 255 142 0 0 255 0 255 255 255 0 9 0 0 102 255
    255 255 1 0 255 255 0 0 0 11 0 0 0 0 255 255 255 0 255 93 227 0 255
    255 0 0 155 40 255 255 39 0 0 0 255 255 255 255 0 255 0 255 0 0 255
    0 255 0 255 0 0 0 255 255 109 0 0 255 0 255 172 0 0 255 255 0 179 0
    255 0 255 0 0 0 0 80 192 255 0 255 255 0 0 160 0 255 0 255 0 255 255
    44 0 147 0 0 255 255 0 255 204 255 0 255 255 255 232 255 0 0 0 255 0
    206 0 255 255 255 0 99 0 255 255 0 0 0 0 255 255 255 0 0 112 73 255
    0 255 255 107 255 0 255 92 0 252 0 255 255 0 255 0 159 0 255 255 0 0
    255 255 255 0 255 81 0 0 255 0 255 0 255 122 255 0 255 255 201 255
    255 0 0 161 52 255 49 0 0 203 255 100 151 255 255 0 0 0 0 255 255
    255 255 0 0 0 255 20 255 0 255 0 255 73 255 255 255 255 103 187 255
    53 0 0 0 144 255 93 255 0 255 0 0 255 173 255 0 0 255 0 0 255 255
    255 10 255 255 255 20 0 255 255 255 0 0 255 255 207 0 144 0 35 255 0
    255 203 255 255 55 255 255 0 202 0 255 12 255 0 255 0 12 255 255 0 0
    0 0 255 222 0 0 0 65 0 255 255 255 255 0 116 255 255 255 0 0 0 255
    255 0 255 0 0 0 255 255 255 255 0 0 18 255 243 255 0 233 255 255 184
    255 255 255 0 0 0 255 255 255 0 255 255 255 0 200 255 255 0 181 0 0
    0 255 255 255 255 0 0 0 0 255 136 255 228 255 255 0 0 0 106 0 255 0
    255 255 255 102 255 65 255 232 253 255 0 0 0 0 255 255 255 0 0 105
    255 255 0 255 0 255 255 255 255 161 0 60 128 255 255 82 0 255 255
    255 255 255 0 0 255 0 255 0 255 64 142 0 0 255 192 255 0 255 0 255 0
    0 0 255 255 255 255 0 0 0 255 86 255 0 255 124 92 0 0 179 255 255 0
    0 0 0 55 0 0 255 194 95 23 0 255 255 255 177 0 0 255 255 243 184 0
    255 255 0 150 0 255 255 255 0 0 51 214 255 255 255 0 0 255 0 255 0
    255 0 193 255 22 0 255 255 0 0 0 255 255 255 255 0 0 255 255 202 65
    255 255 0 61 0 255 255 255 255 0 255 0 0 0 203 0 255 255 0 0 0 255
    255 255 0 78 255 208 255 0 0 0 0 0 255 0 206 0 0 0 255 255 255 0 255
    0 59 0 255 0 0 0 255 255 255 0 255 0 255 255 255 45 0 255 0 255 0
    255 0 6 234 161 76 0 0 0 255 255 0 255 0 0 168 255 94 255 255 255 0
    255 0 255 240 41 255 116 255 0 255 255 241 0 55 255 255 0 255 255 0
    0 0 255 255 195 0 0 255 0 0 0 255 255 255 0 255 0 16 0 0 255 0 255
    255 0 255 0 255 255 255 0 0 255 255 255 255 147 255 255 255 255 0
    119 0 255 0 233 0 255 255 0 178 181 255 255 0 10 255 0 255 255 255
    255 0 86 0 255 255 255 255 0 0 0 0 255 0 255 0 0 0 255 255 255 0 255
    0 255 0 83 0 0 0 0 0 0 255 255 255 255 255 213 0 255 0 169 255 255
    74 0 0 255 0 236 94 255 255 0 0 204 255 49 0 255 0 0 0 255 5 0 255 0
    0 255 156 255 0 0 28 255 255 62 255 0 0 173 61 0 255 255 151 126 202
    0 178 255 255 255 103 0 0 0 255 0 0 139 255 0 0 255 155 228 255 255
    0 255 0 0 0 255 198 0 0 100 0 255 0 255 0 106 15 0 0 0 255 119 255
    255 255 0 0 134 255 0 255 210 0 255 45 0 0 159 255 255 56 255 167 0
    208 0 255 0 116 204 255 255 255 0 244 0 255 255 255 0 75 0 255 96
    113 0 255 70 0 255 0 0 0 255 0 255 0 255 0 0 6 121 0 198 241 172 255
    0 255 70 255 255 255 0 255 255 0 0 0 255 255 255 64 255 137 0 223 39
    0 0 0 255 106 255 255 0 73 0 255 0 0 0 255 255 0 0 255 109 0 255 0
    233 0 188 142 255 0 0 0 255 0 0 0 0 255 0 255 0 93 0 255 208 255 0 0
    255 255 0 0 0 255 0 255 0 234 0 255 255 255 0 70 84 255 0 0 0 0 255
    129 255 0 136 0 0 255 0 116 0 153 255 0 255 227 2 255 255 247 0 0
    255 0 180 10 255 255 0 0 255 255 255 0 0 0 152 0 253 80 255 255 175
    219 0 255 0 0 0 0 0 255 255 0 134 0 228 89 255 255 255 255 255 0 130
    21 137 0 0 0 255 255 0 255 0 255 255 0 0 255 255 3 0 0 27 189 255
    255 0 255 255 130 0 0 0 0 175 120 74 255 0 255 255 255 0 0 0 145 255
    0 255 0 0 255 0 255 0 255 255 0 0 255 0 255 0 0 0 0 255 0 0 0 255 0
    255 255 86 149 0 255 244 255 0 255 0 255 255 255 0 0 255 44 255 0
    255 255 255 95 0 0 255 255 0 0 255 114 255 0 0 255 255 255 5 0 60
    255 255 83 255 255 0 0 0 255 255 255 255 255 0 0 117 255 255 255 0 0
    0 255 0 0 255 0 255 0 255 255 31 0 0 0 0 0 255 13 255 255 255 0 36
    80 15 253 0 255 68 0 0 255 165 255 0 126 0 56 69 238 0 255 209 35
    255 255 108 0 255 149 255 0 255 255 255 0 255 0 0 0 255 0 255 0 239
    255 0 0 207 255 255 0 0 0 170 255 0 242 0 0 65 72 124 0 255 0 255 0
    0 255 0 255 255 5 255 0 0 0 0 255 255 0 255 0 255 0 255 255 0 0 230
    255 0 122 191 15 255 255 0 0 0 255 255 0 255 255 255 177 255 0 208
    255 255 0 0 253 213 214 255 0 200 0 102 255 255 133 255 0 255 135
    255 206 0 0 247 255 255 255 255 40 255 0 115 0 68 0 255 0 255 253
    147 0 0 0 233 0 0 255 0 96 182 255 255 113 0 255 255 255 0 255 126
    255 0 17 0 0 98 255 255 255 90 255 255 255 0 255 0 0 0 0 255 255 255
    0 255 199 84 0 255 0 255 224 255 0 0 0 0 255 255 0 255 0 255 0 0 0 0
    0 255 0 255 255 0 61 0 0 255 225 0 255 255 255 255 0 77 0 255 255
    255 0 255 255 0 255 255 255 0 255 255 255 0 0 255 0 0 0 0 255 0 0 0
    0 0 11 255 255 255 0 132 60 0 0 0 255 255 0 2 255 255 119 0 213 255
    0 0 231 0 0 0 64 255 0 255 255 165 255 255 255 100 162 0 255 0 225 0
    255 0 0 255 251 255 255 0 255 219 151 0 0 255 207 0 0 162 28 0 238
    255 0 203 255 255 255 255 255 0 255 0 255 0 255 255 80 255 0 255 0 0
    23 255 255 255 69 255 0 255 221 0 255 255 255 0 0 0 255 233 255 0 0
    255 255 234 0 0 255 0 255 0 255 101 0 0 146 43 255 255 255 0 0 0 255
    255 0 207 0 255 177 255 135 255 0 255 95 255 0 255 158 255 255 0 0 0
    255 255 255 0 101 222 247 255 0 255 0 0 170 130 255 205 0 0 0 0 255
    201 255 255 255 0 0 0 255 0 0 255 255 255 255 73 0 255 0 0 255 21 69
    255 166 241 113 0 255 255 0 255 0 58 255 255 130 176 0 0 0 255 255
    255 0 165 255 0 0 141 0 255 0 255 255 38 76 0 0 96 251 255 255 255
    116 0 88 255 213 255 0 255 255 0 255 255 255 0 255 0 255 0 0 0 0 0 0
    0 255 255 144 255 255 0 0 255 0 0 0 255 255 255 0 255 0 255 0 255 58
    255 0 255 0 255 208 0 0 0 255 255 255 0 255 255 255 192 0 0 0 255 0
    255 255 255 255 0 0 0 255 220 255 255 245 255 0 255 4 0 0 255 255
    255 163 0 0 0 0 0 0 255 0 0 0 255 0 255 0 255 46 83 0 255 0 255 0
    197 0 0 0 0 73 124 255 0 5 0 255 255 0 0 0 0 0 255 0 255 0 0 255 0
    255 0 55 255 0 255 31 171 0 255 255 0 255 0 248 0 0 255 139 255 0
    255 255 120 0 0 205 255 255 255 0 132 38 255 28 255 255 255 255 0 0
    1 255 255 0 189 0 255 0 0 255 255 255 0 255 255 0 18 0 255 0 44 255
    4 0 0 237 255 0 0 0 89 78 110 0 0 255 0 246 0 0 255 0 41 255 20 222
    0 0 255 158 255 0 0 0 255 162 0 255 0 0 255 255 255 0 0 255 0 255
    255 255 0 0 0 255 0 22 255 0 255 0 255 9 255 255 255 73 87 65 255
    255 0 74 255 255 0 0 255 255 212 0 255 255 255 0 0 0 255 255 255 0 0
    28 255 0 63 0 92 0 0 0 255 255 255 255 107 65 0 0 255 122 255 255 0
    0 255 255 255 255 0 0 0 0 255 255 59 120 51 82 255 255 249 79 0 255
    0 255 134 0 0 0 0 250 142 0 255 22 255 0 199 255 0 255 65 170 255
    255 248 174 0 255 255 255 255 0 188 0 0 255 41 255 0 168 0 255 131 0
    0 0 255 255 255 255 255 0 255 0 255 0 0 0 0 255 0 255 0 255 0 255 0
    0 0 255 255 0 0 0 0 0 0 255 0 255 62 90 0 0 0 255 255 0 34 0 0 222 0
    255 255 255 255 18 255 0 0 0 200 0 255 0 255 255 255 255 255 0 0 255
    255 0 0 255 255 255 0 0 0 255 0 0 0 0 255 0 255 255 255 48 0 0 255
    255 255 0 255 255 138 0 0 0 0 255 255 0 255 0 0 255 0 0 0 255 166 0
    255 31 255 0 0 0 255 255 255 0 0 150 0 255 0 255 0 255 0 0 255 89
    255 255 255 0 0 0 145 110 255 0 0 255 255 0 0 36 0 0 43 147 255 246
    0 255 255 255 0 0 0 255 255 0 0 0 255 123 0 17 255 0 0 0 255 147 0 0
    0 0 255 255 78 0 255 255 255 146 144 0 0 255 255 255 255 0 0 0 9 191
    255 255 0 255 0 255 0 112 0 255 0 0 0 117 0 0 255 255 255 255 0 255
    0 255 122 255 0 255 241 255 0 66 27 255 255 255 0 0 0 255 0 255 255
    15 0 242 0 255 0 0 0 255 255 73 0 61 0 0 255 0 255 255 0 0 53 255 0
    0 255 255 255 0 84 123 0 20 0 0 0 255 255 28 0 0 152 255 255 255 255
    0 0 67 255 255 0 0 124 0 0 0 255 255 255 255 85 255 255 0 255 255
    255 136 0 255 0 255 0 0 255 0 255 0 255 255 255 102 0 0 0 255 255
    255 0 0 0 255 23 255 255 0 224 127 255 255 255 0 0 213 255 255 0 0
    255 255 0 148 0 255 152 255 255 255 255 37 0 0 0 0 0 255 54 255 255
    255 0 0 0 255 255 255 255 255 255 255 0 0 0 0 255 255 0 0 115 255
    255 249 121 255 255 0 255 0 255 0 255 255 255 255 0 148 211 255 0
    255 0 255 0 0 255 255 133 255 255 255 23 20 5 99 0 0 0 98 18 83 0
    255 0 255 0 0 0 255 255 0 0 255 187 0 135 0 152 0 255 0 255 255 255
    60 201 0 0 255 255 199 0 0 0 0 255 0 3 255 255 0 0 0 255 255 97 0
    255 255 83 0 0 255 255 30 0 0 255 71 255 0 26 54 74 1 0 56 255 255
    255 255 0 255 0 0 255 110 255 0 81 184 255 0 255 11 255 0 134 0 255
    255 255 0 135 255 0 0 0 192 255 88 0 0 196 0 255 255 0 255 0 130 18
    0 255 0 255 74 255 218 0 0 0 0 0 255 255 0 255 0 30 0 103 0 255 255
    255 0 255 255 255 231 0 0 0 255 255 0 0 0 195 0 255 255 255 255 255
    255 0 0 0 255 0 255 0 60 0 255 0 255 255 255 255 94 0 0 255 255 255
    255 255 255 0 255 0 0 0 255 0 0 0 0 255 255 255 255 0 255 0 255 0
    255 0 129 255 0 0 0 0 0 255 66 146 89 255 0 255 0 0 72 0 0 242 255
    255 255 0 0 0 255 255 0 0 0 0 255 0 255 255 255 114 0 0 245 255 219
    168 255 255 211 185 0 0 152 255 0 189 22 255 47 0 255 188 255 0 0 0
    144 255 255 0 0 180 255 255 0 119 0 194 255 0 0 0 106 0 255 0 0 0
    229 255 255 66 255 224 0 0 255 0 255 255 255 0 0 0 0 0 255 0 0 0 255
    120 255 199 0 135 0 255 255 255 0 0 167 255 0 33 181 255 255 255 255
    0 255 255 255 255 253 0 0 255 0 255 0 137 0 0 0 255 0 177 196 255 0
    0 183 255 255 255 0 255 0 255 2 255 18 0 0 255 242 255 255 0 0 0 255
    0 255 151 198 0 0 255 0 129 255 255 0 255 255 255 70 0 0 0 255 255
    255 0 0 255 215 0 0 0 255 255 255 0 21 255 255 255 19 0 0 34 255 0 0
    255 0 255 0 0 178 0 0 120 255 0 255 0 255 0 97 0 255 255 0 0 132 255
    0 121 0 215 255 255 219 255 254 0 255 255 0 0 0 255 0 0 0 230 0 0
    255 0 38 209 0 0 0 255 191 36 0 0 155 255 242 255 255 0 203 0 255
    255 0 255 0 255 0 255 0 0 255 144 255 0 255 0 180 0 0 0 189 255 185
    255 0 49 30 0 255 255 255 0 71 0 0 0 0 0 255 0 255 0 255 0 255 255
    255 255 255 255 0 107 223 255 0 0 0 239 0 0 255 255 255 0 255 19 255
    255 0 0 0 0 255 113 0 0 240 0 102 0 255 0 4 0 0 0 216 255 255 168
    255 25 0 0 0 0 0 255 255 255 255 41 0 0 0 255 255 153 0 0 255 255
    255 0 137 78 255 255 255 0 212 0 0 255 0 255 0 255 116 255 0 246 255
    255 56 255 0 255 42 255 228 1 0 129 0 255 114 61 0 167 255 255 0 0 0
    255 215 27 0 187 255 151 244 255 255 255 255 139 225 0 255 64 255 0
    250 0 149 255 255 255 255 96 49 255 255 255 0 255 0 0 0 255 0 255 0
    255 75 255 0 90 0 255 255 135 96 255 202 255 0 255 0 255 255 255 104
    0 0 0 137 255 0 255 0 255 0 0 23 0 255 131 37 0 0 255 0 72 174 255
    255 255 0 255 111 255 222 230 255 255 0 0 255 255 255 0 255 255 0
    233 45 0 62 255 224 220 111 0 255 0 142 191 249 255 211 0 0 0 255 0
    60 214 255 255 255 255 242 255 0 0 0 255 0 255 0 255 0 22 161 255 0
    255 86 0 255 0 102 0 0 0 255 0 0 222 0 0 255 255 0 255 240 255 255
    255 255 0 255 255 96 0 186 229 255 106 143 0 255 0 255 0 255 255 255
    0 227 0 255 255 255 255 0 255 0 255 0 0 0 0 0 255 20 0 255 0 28 0 0
    162 255 0 255 0 255 251 0 0 0 255 0 43 0 255 171 62 255 255 255 142
    0 255 242 0 0 0 255 0 0 107 0 94 234 255 183 0 0 255 255 255 0 0 0
    255 255 255 0 207 86 255 166 255 0 81 0 0 0 0 255 0 233 177 255 0 0
    0 94 63 236 0 0 255 0 0 0 255 255 255 0 0 255 1 255 207 248 255 232
    219 0 0 0 0 255 0 0 0 255 79 0 0 0 0 255 255 255 255 0 255 19 255 83
    59 0 255 0 255 0 0 0 255 255 0 255 255 190 229 0 0 255 255 155 0 0 0
    255 255 132 0 255 255 255 255 0 255 150 179 0 0 255 0 255 255 255
    131 0 251 255 67 255 255 0 0 255 255 255 0 0 0 255 255 0 0 255 0 0 0
    255 255 0 174 0 0 247 0 0 0 244 255 255 255 0 0 0 0 255 255 0 109
    255 188 0 0 159 255 0 149 255 255 114 0 0 255 255 255 169 255 0 255
    0 0 0 255 255 255 17 255 0 255 0 255 0 97 255 0 255 0 255 0 0 255 0
    193 205 255 0 0 0 0 0 0 0 0 179 0 0 255 47 255 0 0 233 0 255 167 255
    255 0 255 0 255 255 255 0 255 255 129 242 0 0 255 255 7 187 255 255
    0 145 0 210 0 0 255 0 255 0 255 0 255 225 0 0 2 0 255 117 44 255 255
    18 0 255 255 0 0 228 255 255 0 0 255 0 0 0 255 255 255 0 0 0 32 0
    255 182 237 0 0 39 255 255 255 252 255 0 255 255 254 112 0 0 241 172
    255 66 255 255 213 255 194 0 0 255 255 255 116 255 255 0 1 0 0 0 171
    255 0 0 210 255 255 43 255 255 255 9 255 255 195 47 118 255 0 7 255
    0 0 0 255 0 0 0 255 150 255 255 0 226 0 255 32 0 0 255 23 0 101 0
    255 157 255 255 0 219 255 255 255 255 246 0 0 255 255 255 0 0 0 0
    159 105 152 255 255 0 255 0 255 0 78 0 0 255 67 0 0 227 255 130 0
    255 0 146 0 255 255 255 0 255 255 255 116 0 0 255 224 0 0 0 0 255 0
    224 255 255 255 0 255 0 41 0 255 183 0 78 255 0 0 255 255 255 255
    255 54 0 0 255 255 255 255 0 255 9 255 255 10 255 0 255 0 255 0 0 0
    0 255 255 255 0 0 0 117 255 255 0 0 182 0 240 255 0 255 255 255 0 0
    40 0 255 255 255 0 0 255 255 255 0 0 232 255 0 0 0 0 123 184 155 0
    30 255 237 0 0 0 255 255 0 209 0 57 0 146 255 0 223 255 45 255 0 0
    255 255 255 0 255 0 255 0 255 190 255 255 0 0 255 255 255 0 0 0 255
    0 255 255 255 128 255 0 225 94 136 255 31 231 0 0 0 255 7 255 0 197
    0 0 255 0 255 82 255 229 0 255 0 0 0 0 255 0 255 255 138 0 255 0 255
    255 0 2 0 255 0 255 0 0 255 42 253 255 255 255 0 0 0 255 255 96 0 0
    0 255 255 255 0 255 248 255 0 255 0 1 0 255 0 0 0 213 244 128 0 0 0
    255 255 255 246 0 22 255 248 23 0 226 255 255 0 255 0 79 0 255 214
    255 0 23 238 255 255 0 0 0 109 255 102 0 0 255 67 255 255 161 255
    255 255 251 183 26 0 255 0 255 255 0 255 0 255 0 0 7 255 255 255 120
    255 0 0 0 0 0 255 0 0 0 80 255 255 67 255 0 255 0 0 2 104 255 255
    255 0 255 26 0 0 255 0 255 0 255 197 255 0 255 0 203 161 255 255 0 0
    255 0 0 0 0 0 255 0 255 255 0 174 0 0 0 93 255 81 255 255 255 0 0 8
    58 255 0 0 150 0 42 120 156 255 255 0 54 0 255 255 255 0 0 255 0 0
    255 255 255 0 0 0 255 255 255 255 255 0 249 0 255 0 126 125 255 255
    255 0 0 52 0 225 0 220 255 10 0 255 255 255 71 255 26 0 0 0 255 0
    255 0 0 255 255 36 255 130 255 0 255 0 255 0 255 0 0 0 0 0 44 165
    228 0 255 151 255 255 0 0 0 205 255 255 255 0 183 0 255 255 255 168
    0 240 0 247 0 255 0 0 0 0 0 255 0 255 0 255 4 22 255 255 255 0 229 0
    0 233 255 255 0 236 0 255 91 255 0 5 66 0 0 0 0 0 0 255 255 0 0 0
    101 0 255 0 255 255 255 255 0 255 0 0 255 127 0 252 255 244 34 57
    255 255 88 0 0 255 255 255 0 0 255 255 255 255 255 255 0 0 255 0 255
    0 255 0 0 12 255 255 255 0 0 0 220 255 0 255 0 201 255 255 255 149 0
    0 255 0 0 0 0 52 255 107 255 59 255 0 0 0 179 255 255 255 0 255 255
    255 255 0 255 255 255 255 173 0 0 0 249 255 255 255 255 46 0 0 210
    255 255 255 0 255 0 0 0 255 255 255 57 255 0 0 0 255 255 255 0 0 0 0
    0 255 0 157 255 255 255 0 0 255 255 51 0 0 166 255 255 161 255 0 246
    0 255 197 0 99 0 255 255 255 0 0 255 255 255 0 0 0 184 165 7 46 0 0
    169 0 0 0 255 255 0 63 245 151 255 255 255 0 0 0 0 0 255 0 255 255
    255 255 80 65 44 255 255 195 255 0 26 0 255 255 255 0 0 255 41 255 0
    255 0 0 255 124 114 0 255 255 255 141 184 0 67 255 81 255 52 255 0 0
    186 255 0 214 216 105 0 0 61 255 126 255 132 0 0 0 255 0 0 96 0 233
    0 0 255 106 135 0 255 255 0 0 0 255 236 255 255 255 149 0 0 11 255
    255 0 0 0 255 135 0 0 0 255 0 0 248 255 218 0 139 255 0 168 0 255
    255 0 0 132 255 255 0 0 255 0 255 71 255 0 0 255 255 255 0 0 0 0 191
    255 0 255 0 255 0 0 0 0 0 0 255 0 0 0 206 0 0 0 0 255 255 255 0 0 81
    255 46 0 255 255 255 0 0 0 255 255 0 255 105 255 0 0 0 247 255 255
    255 255 219 0 0 0 0 56 255 0 255 0 255 0 0 220 255 255 0 255 0 255 0
    255 0 181 0 218 72 255 0 0 0 255 10 255 0 0 41 88 255 255 0 0 240
    118 0 0 0 255 255 0 0 0 247 255 255 84 80 255 0 0 255 255 0 135 188
    0 255 0 255 0 117 0 251 234 255 0 0 0 255 0 0 0 255 183 255 112 0
    255 0 0 0 255 0 226 204 92 255 167 255 121 0 255 255 255 95 255 119
    255 255 60 0 255 255 0 0 255 255 29 255 0 255 0 255 0 255 255 0 0
    255 255 0 174 191 5 0 0 210 255 255 0 0 209 0 255 0 0 255 0 0 0 255
    255 0 0 28 18 0 0 209 169 255 167 89 0 0 0 0 220 207 255 255 0 0 255
    255 255 255 255 255 255 255 0 0 0 255 255 255 0 0 255 255 5 0 255 0
    213 255 150 255 0 0 0 255 0 255 77 255 255 255 0 255 0 0 31 255 255
    0 0 120 255 66 255 0 0 255 0 0 0 255 0 255 0 255 0 0 232 255 141 255
    9 255 128 0 0 0 0 255 255 255 255 37 255 255 0 30 0 0 215 5 255 0
    255 169 255 0 0 255 0 0 0 255 0 255 0 255 0 255 255 187 255 0 62 0
    255 255 0 255 0 0 255 255 0 57 255 255 0 0 0 255 255 255 0 255 255
    255 0 255 255 74 0 0 153 0 255 0 0 0 255 255 255 0 255 0 243 12 255
    255 255 0 0 0 255 255 0 0 0 255 0 64 189 0 255 255 255 0 44 0 255
    255 255 142 0 0 255 76 0 0 0 109 255 0 94 0 0 255 255 0 255 0 255 0
    255 174 0 97 255 255 255 0 0 0 255 48 126 0 230 0 255 245 255 0 255
    54 255 255 255 0 0 226 9 227 255 0 0 255 0 255 0 48 0 0 255 255 0
    144 80 255 255 0 0 255 0 255 255 255 255 0 107 0 255 0 255 0 0 255
    255 255 64 175 0 236 0 255 255 0 0 255 0 0 255 0 0 216 255 255 0 0
    255 255 255 255 82 255 255 255 255 0 255 0 255 0 0 255 255 0 0 0 101
    0 0 0 0 255 133 0 255 0 0 0 255 255 0 0 255 0 191 255 255 255 255
    255 0 165 83 0 255 0 255 0 94 0 255 0 255 0 82 0 0 0 255 0 255 255
    255 126 47 255 255 0 235 0 255 255 255 0 11 0 255 0 0 68 0 255 0 0
    192 255 255 255 255 0 0 0 57 255 255 0 255 0 255 0 0 255 255 255 0
    255 0 255 0 255 0 255 0 68 255 255 255 0 190 255 249 255 0 255 0 0
    38 78 255 255 255 0 255 0 255 0 0 60 215 237 255 0 0 200 190 255 0 0
    255 255 255 145 193 0 230 255 0 255 0 0 241 0 255 216 255 0 255 0
    255 255 255 255 255 0 0 0 255 255 151 0 255 0 0 255 255 255 0 255
    189 255 136 0 248 255 255 255 0 255 255 0 150 255 239 255 255 0 255
    0 0 195 255 255 0 0 255 198 62 255 255 0 0 30 255 0 255 0 136 255 0
    39 255 255 0 0 151 0 255 0 0 0 11 219 255 0 255 199 142 0 0 179 255
    12 0 255 255 169 255 0 255 255 255 253 0 0 0 255 0 255 0 37 185 255
    0 64 0 255 165 255 18 5 0 0 179 0 255 0 0 255 255 0 255 18 0 0 0 255
    255 164 255 0 0 0 0 255 0 255 169 0 0 27 255 72 0 255 255 255 0 0 0
    255 235 255 255 255 0 255 0 197 0 255 0 203 0 137 255 255 255 0 71
    255 255 255 0 255 255 255 0 255 0 255 255 0 0 255 0 56 255 255 0 0
    100 255 0 134 0 118 255 255 0 255 0 255 255 255 0 255 255 255 255 0
    0 0 255 255 255 0 0 0 255 255 255 255 102 0 255 255 54 255 255 0 11
    0 255 0 255 255 255 165 0 255 194 0 15 255 0 0 122 255 0 0 255 255
    255 255 0 0 0 0 255 255 255 0 0 0 8 255 0 255 255 255 0 9 251 255 0
    0 72 255 255 241 255 237 232 0 238 0 0 0 87 116 255 0 228 0 0 255
    255 255 86 255 122 0 0 255 0 255 0 255 0 255 0 159 0 64 0 0 255 0
    255 119 0 0 207 255 0 0 0 255 190 0 0 213 255 255 255 0 0 0 255 255
    255 255 0 255 0 0 0 0 255 244 0 0 0 255 255 0 0 0 255 255 0 0 62 255
    0 255 255 0 0 0 0 255 0 255 0 69 0 0 0 255 35 255 0 0 255 149 255 60
    0 0 255 255 255 255 170 120 194 0 0 0 0 255 255 0 255 0 0 0 255 0 26
    160 109 78 0 255 0 0 255 255 0 0 255 255 255 255 0 255 0 0 0 0 255
    255 255 0 255 0 97 15 0 255 0 0 0 255 141 255 0 0 0 0 255 255 108 0
    0 255 135 255 0 255 0 255 0 255 0 245 0 0 255 255 255 21 0 0 0 255
    255 149 255 0 255 0 255 0 0 255 255 0 0 255 255 255 0 24 0 255 0 0 0
    255 255 0 80 255 0 57 79 116 212 255 0 255 0 0 0 255 0 255 255 255
    79 0 0 0 0 255 170 0 0 0 0 255 255 255 0 214 241 0 255 55 255 128 0
    0 7 210 0 255 255 10 255 0 0 0 86 0 238 0 255 0 255 0 0 255 183 0
    245 255 255 255 0 0 0 52 255 255 255 255 0 255 0 208 0 194 0 255 255
    255 0 0 5 255 0 0 0 255 255 0 0 0 255 255 227 0 255 24 255 242 0 0
    255 255 255 0 0 0 255 255 183 193 0 255 0 255 255 156 255 0 0 118 8
    0 0 173 255 255 148 255 0 0 0 0 255 255 0 201 163 255 0 255 0 255
    216 204 0 0 0 0 88 255 255 255 0 0 0 0 255 0 255 0 255 0 0 0 211 255
    109 0 255 255 64 255 0 0 255 255 255 255 0 255 0 255 0 255 45 255
    255 15 0 255 149 255 176 0 0 68 181 0 151 255 255 255 54 0 129 0 255
    0 255 0 255 255 6 0 19 0 255 0 0 0 121 255 160 108 43 215 247 0 0
    100 255 255 255 0 0 0 255 255 0 255 255 255 255 0 0 197 255 255 99 0
    255 255 255 255 45 0 0 255 255 246 255 0 255 0 255 255 0 255 255 151
    255 0 0 0 0 0 255 0 67 255 144 255 132 0 0 255 0 255 106 0 0 255 0
    255 255 255 0 255 0 137 0 0 255 255 255 255 0 176 0 255 0 0 255 255
    255 0 0 0 255 205 255 0 0 255 255 255 98 255 127 255 0 251 255 0 255
    0 26 0 255 0 151 29 68 255 255 207 0 255 255 103 0 0 255 255 0 56
    159 0 255 255 255 0 0 0 174 0 255 64 255 194 255 255 255 49 0 255 0
    0 244 0 255 255 255 71 0 255 255 136 255 0 37 0 223 255 0 255 0 72
    96 0 0 0 255 255 255 89 255 0 0 0 255 229 0 0 255 255 0 0 0 223 16 0
    0 0 255 48 87 0 116 0 255 63 255 0 0 0 0 44 255 0 255 255 0 33 255
    255 0 0 249 255 255 0 0 142 255 0 255 51 0 87 255 53 255 255 16 0 54
    255 0 0 181 255 76 0 255 255 0 12 0 255 0 214 255 20 255 177 0 0 255
    255 255 0 3 255 255 0 0 241 105 255 0 255 173 255 255 255 0 0 255 0
    0 255 255 255 108 0 0 255 255 255 255 0 255 255 238 155 0 255 0 0
    255 19 102 255 0 0 255 255 255 255 63 38 0 0 91 0 0 255 255 60 255
    255 0 59 0 126 107 255 255 255 96 0 255 99 255 0 250 0 255 0 173 255
    255 255 0 255 0 255 0 10 0 0 0 0 255 208 255 0 0 255 0 0 255 255 0
    83 0 124 255 178 0 249 255 167 255 0 255 0 255 0 0 84 0 255 255 255
    0 255 255 0 255 178 255 255 255 255 255 0 255 0 0 255 255 255 255 0
    255 52 255 0 255 0 0 0 255 255 255 129 0 71 0 255 255 255 255 0 0 0
    0 255 224 255 0 0 255 255 255 255 111 0 255 0 255 120 0 212 255 255
    255 0 0 0 255 0 255 0 255 126 0 255 0 255 255 0 0 0 255 0 255 0 255
    124 125 0 6 2 255 0 255 213 255 0 255 0 255 0 255 168 0 0 255 255
    255 255 0 0 0 255 255 0 151 255 80 255 0 117 0 255 255 255 0 160 14
    255 255 67 255 0 0 0 255 0 255 99 255 0 255 16 255 231 0 0 255 255
    255 20 0 0 0 42 255 191 0 0 255 255 230 137 209 73 0 0 255 0 66 255
    22 177 0 0 175 255 0 0 0 255 0 0 0 0 196 255 0 255 0 0 0 255 4 0 211
    255 255 0 255 0 255 0 207 0 255 255 255 153 0 0 252 192 255 28 0 255
    255 0 0 0 0 255 0 210 255 221 255 0 86 221 139 255 171 0 0 255 148 0
    114 231 206 189 255 0 0 0 255 255 255 0 255 255 255 52 0 255 255 148
    0 126 13 255 0 255 0 0 0 255 255 255 255 0 255 255 0 0 0 255 255 41
    0 131 0 255 255 0 255 0 255 255 3 0 255 0 204 0 255 0 6 153 124 255
    255 0 0 0 0 255 0 0 0 255 255 255 0 255 19 255 204 0 0 0 255 255 255
    0 176 0 255 0 111 0 255 255 255 0 255 0 255 159 0 0 6 255 255 0 255
    255 0 32 255 255 164 0 0 0 68 255 0 0 0 255 0 0 255 105 255 0 0 53
    255 147 0 0 226 255 0 255 0 255 255 0 0 0 255 120 255 0 0 0 255 255
    128 0 0 255 255 255 255 255 0 255 0 91 0 0 0 255 0 255 0 0 0 255 0 0
    255 255 255 255 45 255 0 255 255 255 255 255 111 255 0 255 0 0 234
    255 0 0 0 0 0 255 255 0 0 0 0 0 255 255 255 168 0 255 0 255 0 255 0
    0 0 0 0 0 255 0 0 255 255 255 0 255 0 255 255 93 255 0 255 0 204 0 0
    28 0 255 0 255 255 255 0 255 170 0 255 0 255 0 255 0 191 55 255 30 0
    255 255 0 0 255 26 0 255 255 255 255 0 0 0 255 0 0 209 255 255 0 203
    255 61 67 255 255 0 0 0 255 97 0 26 0 255 255 255 255 0 0 164 255
    237 255 0 0 0 0 213 0 255 39 0 0 0 255 255 255 255 147 0 0 255 0 123
    0 255 255 66 0 255 176 255 0 0 255 255 20 255 255 255 0 255 0 0 255
    255 80 0 0 0 255 224 0 0 255 0 255 0 255 255 255 0 0 218 255 255 0 0
    0 255 255 255 0 255 255 255 0 0 255 255 149 185 0 0 0 255 255 255 0
    0 0 198 255 151 255 129 210 255 255 255 255 224 98 0 0 255 0 0 0 0 0
    255 0 255 113 0 0 255 164 255 255 255 0 0 0 0 97 255 254 0 255 255 0
    255 199 255 0 170 187 255 193 0 0 255 255 81 0 255 255 255 0 0 59
    255 55 0 255 255 255 205 133 0 0 255 255 255 0 0 0 10 255 255 86 0
    110 0 0 0 0 255 21 255 255 255 0 99 186 0 255 0 205 255 239 255 0
    255 0 9 0 255 0 220 255 0 4 255 37 0 0 0 25 0 255 255 255 255 0 0
    255 57 0 255 0 0 0 0 0 0 255 0 255 0 255 0 0 116 255 255 0 0 255 147
    255 255 0 0 112 255 255 0 255 0 227 0 255 255 255 255 255 255 21 0 0
    255 0 255 0 0 242 255 2 236 5 255 152 0 0 0 255 255 0 0 0 0 255 255
    255 0 130 255 0 255 0 255 0 255 0 255 198 255 0 255 255 2 235 0 255
    246 0 224 255 0 0 0 0 255 31 230 0 0 0 0 0 255 255 0 0 0 255 255 255
    215 0 0 255 0 255 0 255 0 0 0 255 255 0 0 0 255 255 0 255 0 255 255
    218 255 255 0 0 0 0 255 0 100 255 255 0 187 200 0 255 0 255 0 0 0
    255 255 255 0 71 255 103 0 116 0 255 0 255 47 0 0 172 255 255 91 255
    81 255 0 0 0 0 139 46 255 0 255 0 255 0 145 255 93 0 0 0 0 255 255 0
    232 0 0 0 0 255 123 0 0 255 70 255 0 255 255 129 255 0 112 0 255 255
    255 151 0 255 0 255 139 167 0 0 255 255 232 0 0 137 0 255 1 255 0 0
    255 0 0 0 0 255 0 25 0 0 0 0 0 255 82 255 0 255 255 0 143 0 255 175
    0 8 0 255 64 255 0 240 255 255 200 255 0 255 0 255 0 255 0 255 0 0
    255 55 0 63 230 255 205 186 0 0 0 0 39 255 0 255 255 47 255 255 0 0
    0 224 255 244 255 0 0 255 141 255 39 0 176 255 255 0 14 0 255 32 255
    0 255 0 255 255 0 0 104 255 255 0 0 255 255 0 255 255 255 176 0 0
    255 0 255 31 255 255 43 255 255 255 0 84 0 255 0 0 0 0 0 255 125 113
    255 164 255 0 255 255 0 0 0 255 192 255 255 0 0 0 0 255 0 0 0 255
    100 0 0 0 52 91 255 255 255 15 255 0 0 255 0 0 0 255 113 255 29 0 0
    0 0 255 0 255 0 129 0 255 255 255 0 0 162 0 255 207 255 0 255 255 0
    0 243 255 0 255 0 0 192 243 166 255 209 0 0 0 244 255 255 245 255
    255 0 255 255 0 0 18 255 234 156 0 255 255 0 255 0 255 0 255 219 255
    0 0 255 255 0 255 0 209 0 255 192 130 0 255 255 255 0 0 0 0 0 246
    255 14 217 0 0 255 255 0 0 0 0 255 255 255 0 0 0 0 0 255 255 0 255
    255 17 255 0 0 0 0 255 255 255 26 255 205 0 0 116 221 0 255 0 255
    255 255 255 0 0 255 0 255 255 218 0 0 0 255 5 255 0 255 0 0 0 255 0
    0 255 255 0 6 255 255 186 255 0 0 0 0 255 255 0 255 255 0 0 0 255
    255 51 255 255 255 6 0 255 255 255 46 255 0 255 255 255 0 0 255 181
    134 0 181 0 255 0 0 0 255 145 0 0 255 255 0 0 255 255 255 0 0 133 0
    24 0 255 161 0 190 0 0 0 0 255 0 255 0 255 0 255 255 255 91 0 0 255
    255 255 0 255 0 255 0 255 0 0 0 255 0 0 0 255 255 255 0 0 0 78 255
    255 0 0 255 255 255 0 255 219 48 0 255 255 255 167 0 239 0 5 0 215 0
    255 255 255 78 0 0 0 255 0 255 0 255 0 255 19 255 255 255 0 255 255
    255 107 0 0 255 0 255 0 220 255 0 0 255 0 0 0 255 255 0 132 255 0 0
    0 255 255 255 0 255 11 143 19 255 255 255 255 0 231 0 255 255 213 8
    16 0 255 58 255 0 255 255 255 0 0 255 30 255 0 255 0 20 0 0 255 255
    182 255 0 0 0 255 255 12 255 0 0 0 0 0 221 0 52 0 106 255 255 255 0
    158 0 0 0 4 255 255 255 0 14 255 0 58 0 255 0 255 0 149 50 191 0 255
    0 255 118 0 0 255 0 0 109 255 0 255 255 255 255 0 0 134 0 63 243 247
    0 255 255 255 0 37 180 67 255 255 167 0 0 255 255 101 0 181 0 0 216
    0 127 255 255 250 28 255 255 255 255 139 255 130 238 255 47 0 255
    255 0 34 0 0 255 224 255 15 117 255 0 255 0 255 0 255 255 255 73 0 0
    0 125 255 255 0 255 0 215 0 208 255 0 255 134 16 0 255 255 255 0 106
    0 0 0 255 255 255 0 0 255 255 173 255 0 0 0 255 255 255 132 255 0 0
    255 0 255 204 255 255 255 215 255 0 0 255 255 255 0 136 0 0 255 255
    0 5 255 255 255 0 255 255 0 0 213 0 255 255 122 255 0 255 0 255 255
    255 255 0 0 0 248 255 0 0 0 255 0 0 255 255 255 198 115 0 0 0 0 255
    255 190 190 255 0 0 0 164 248 0 255 0 255 0 255 0 0 172 0 255 255 0
    0 0 255 0 255 0 17 0 0 0 255 148 255 0 172 0 255 0 255 255 0 255 255
    0 48 141 0 0 220 255 128 141 255 0 0 0 255 255 0 0 255 255 255 60 0
    255 241 255 0 0 0 0 184 255 255 255 255 21 0 0 0 0 255 49 255 84 255
    0 0 62 83 0 255 255 0 255 217 255 0 230 0 255 255 0 255 0 96 0 0 255
    255 0 0 90 159 107 255 31 68 0 255 112 0 164 255 148 0 255 255 7 0
    95 255 189 255 255 0 210 0 63 0 255 255 255 0 0 0 255 255 0 255 0
    255 217 82 0 0 255 255 0 255 255 228 149 245 255 0 0 0 0 0 255 255
    255 251 255 89 0 255 0 243 0 0 255 255 255 253 0 0 255 255 100 0 255
    0 255 0 0 0 255 0 255 0 0 0 0 42 0 78 255 10 255 142 255 0 0 0 255
    255 70 0 255 255 255 0 53 74 0 0 255 0 255 0 255 243 255 194 0 255
    255 0 255 255 255 0 255 0 255 225 0 9 0 255 255 148 255 34 0 39 255
    0 255 0 0 96 255 118 201 0 255 0 255 255 255 0 0 187 255 0 255 255 0
    255 255 255 0 255 255 0 148 0 255 255 255 255 0 0 255 255 255 255 0
    0 192 52 238 99 255 255 0 0 0 0 0 255 0 255 0 255 0 128 255 255 255
    0 255 24 0 0 0 0 186 0 108 255 0 148 47 200 255 255 0 0 0 0 255 255
    0 241 0 0 0 255 255 255 61 255 0 255 0 255 0 255 0 255 255 0 255 214
    255 0 0 255 255 255 255 0 0 255 0 0 255 67 255 67 255 0 0 83 255 85
    199 0 255 0 0 79 255 255 98 0 0 57 5 0 0 255 255 255 255 0 230 193
    255 0 179 0 255 255 255 0 0 139 91 255 0 255 0 255 0 24 0 255 62 0 0
    255 255 255 255 255 0 0 52 177 0 255 42 0 138 255 20 255 255 93 255
    234 0 0 255 255 255 255 132 255 0 0 0 255 255 255 80 81 0 255 255 0
    0 63 124 255 255 255 0 218 0 184 0 255 0 255 143 255 71 0 0 0 0 156
    255 147 154 0 0 255 0 255 0 0 255 216 255 0 94 8 255 0 255 0 255 255
    224 255 0 255 0 31 108 0 255 0 255 0 0 255 141 0 0 255 255 249 0 255
    99 50 0 255 255 255 0 0 255 255 51 0 0 255 255 255 255 0 0 0 0 255
    255 255 81 255 0 147 255 255 255 0 255 175 228 0 227 255 0 255 255
    255 0 255 0 255 172 255 255 255 0 255 255 255 0 255 255 0 0 255 255
    255 0 132 255 255 141 255 0 23 133 255 0 255 0 255 0 255 0 0 28 255
    0 91 0 0 255 255 255 0 0 158 0 0 0 255 255 0 255 230 151 0 180 0 255
    255 0 0 0 255 0 0 198 173 255 0 255 255 57 0 234 0 180 0 255 255 255
    221 0 0 0 255 255 52 0 127 255 255 232 0 207 0 255 54 49 0 255 255
    72 255 255 255 0 0 0 240 255 255 0 0 0 0 122 255 0 0 57 0 0 255 0 0
    255 121 115 255 255 0 0 255 0 119 0 205 255 255 255 255 0 46 255 255
    25 255 255 150 0 0 0 255 255 0 0 255 255 126 212 0 0 0 218 165 255
    255 255 255 0 92 0 255 23 83 255 188 255 0 255 0 222 0 67 0 255 0
    255 0 255 255 0 255 255 0 0 255 255 255 0 0 255 189 255 255 255 0
    255 0 0 0 255 49 255 179 0 255 0 255 0 0 255 119 255 0 255 0 0 255 0
    87 255 255 0 255 0 255 255 0 0 0 0 255 255 255 0 255 0 0 0 255 255
    255 0 0 255 180 255 0 255 48 0 255 255 102 0 154 0 255 0 0 0 255 0
    255 255 195 143 255 0 0 0 216 13 255 255 181 113 0 65 0 255 255 0 0
    226 0 255 0 255 255 0 0 0 255 255 255 255 0 255 0 0 0 76 255 128 255
    0 255 0 0 0 255 255 0 0 0 255 255 22 0 255 255 255 255 255 255 119 0
    0 0 50 255 255 0 0 0 0 255 255 0 255 0 121 0 0 0 0 136 255 0 255 3
    255 0 255 9 255 0 199 0 0 255 0 255 255 255 0 0 0 255 35 53 255 255
    211 0 0 221 0 163 255 173 0 0 133 255 255 0 0 0 0 255 124 255 255
    233 0 255 255 255 0 188 0 255 235 255 0 255 255 255 0 255 214 255
    255 255 255 0 255 178 255 96 255 255 255 14 255 255 255 0 255 0 255
    0 255 255 0 0 0 59 88 255 0 221 255 255 0 0 255 0 255 151 0 0 0 255
    0 255 0 0 255 255 255 0 255 193 255 0 0 0 0 0 255 255 0 181 0 255
    255 255 255 220 255 0 255 255 255 255 0 0 0 255 255 255 246 0 255
    255 255 218 30 0 0 255 0 0 255 255 205 0 255 24 0 0 255 255 255 255
    255 0 0 0 255 0 255 255 0 255 0 0 221 0 0 36 0 255 4 0 0 0 255 255 0
    0 255 255 0 255 0 255 47 255 0 255 255 0 58 0 255 255 255 0 255 132
    255 255 38 159 0 0 0 255 255 255 13 255 0 0 0 197 0 126 0 255 0 0
    255 166 114 0 0 176 255 0 157 0 255 0 0 255 255 255 0 255 0 255 255
    0 20 0 0 0 255 61 43 255 0 0 0 255 255 0 0 26 255 255 0 255 0 255 0
    0 255 255 77 255 0 0 255 255 255 0 0 255 255 4 0 255 0 208 0 255 255
    0 0 193 255 0 0 0 255 0 255 0 130 0 0 0 255 0 0 255 255 255 109 116
    0 0 0 255 0 192 0 255 0 255 0 0 0 255 203 0 255 0 255 255 255 0 0 0
    255 255 255 255 255 0 0 0 255 255 138 95 255 0 255 0 132 91 255 0 0
    0 255 0 255 0 255 0 255 0 255 0 0 0 0 0 0 255 0 0 30 255 0 249 36 0
    255 109 255 0 0 0 89 0 255 255 0 0 0 255 0 255 255 188 0 29 0 255
    255 214 255 0 255 255 255 0 255 0 40 0 0 0 255 255 255 255 255 0 147
    0 164 0 37 0 255 0 255 4 255 255 0 255 0 0 255 255 103 0 0 0 0 255
    255 255 255 0 0 0 255 198 255 255 178 220 0 125 0 255 0 167 255 255
    0 0 255 145 255 0 255 255 255 255 0 0 235 179 0 0 0 255 0 155 0 255
    255 0 0 0 255 0 48 255 0 255 127 0 255 0 126 255 255 255 255 0 255 0
    0 2 0 191 238 141 0 255 255 255 0 78 0 0 255 255 255 0 39 0 0 0 255
    0 121 0 255 255 207 0 0 236 252 113 0 255 255 0 255 0 31 255 255 8 0
    255 0 26 0 0 255 0 255 0 255 255 243 0 0 0 0 0 0 255 255 255 0 0 255
    255 255 0 0 0 0 255 255 0 205 0 255 255 99 0 24 75 255 0 255 0 255
    255 0 246 0 255 180 0 0 0 255 211 255 255 0 111 0 255 0 31 0 255 0 0
    0 0 255 255 255 255 255 146 0 0 0 255 255 154 255 255 107 91 255 255
    0 71 0 0 213 255 0 0 255 255 0 255 106 0 255 0 0 255 24 0 255 0 30 0
    255 0 255 255 0 255 255 135 74 255 255 0 0 255 249 46 255 130 0 0
    255 255 255 0 255 211 124 0 0 255 213 255 0 0 255 97 255 0 255 0 255
    255 255 0 255 53 202 255 255 16 4 0 255 0 255 0 255 255 0 0 0 255
    255 63 225 149 255 62 255 0 189 0 75 0 0 255 255 0 28 255 255 0 12
    250 0 0 0 255 0 0 153 255 255 0 255 0 0 0 0 0 255 255 253 255 154 0
    0 255 255 255 0 0 210 11 153 0 0 255 255 188 0 255 255 87 255 0 255
    255 0 0 255 255 0 238 0 0 255 0 255 0 0 255 0 255 255 44 255 0 0 255
    39 255 0 0 255 68 255 0 255 255 255 0 0 0 255 255 152 0 0 212 145
    255 255 255 0 0 255 255 0 0 255 1 0 0 0 0 255 255 0 5 0 89 255 255
    255 0 0 255 255 0 255 0 0 0 0 255 82 255 255 0 0 0 56 255 255 48 0 0
    0 0 0 9 255 255 0 0 0 0 255 255 0 0 0 0 128 128 255 255 0 255 0 255
    0 255 72 5 0 224 255 255 0 0 255 255 182 0 255 255 255 0 255 0 255
    122 173 59 255 0 255 0 255 0 255 0 83 0 255 255 255 255 53 167 0 92
    0 255 255 0 225 0 253 0 0 255 255 255 0 227 255 48 40 0 255 229 255
    0 0 0 0 0 255 0 255 0 255 112 255 0 0 255 254 255 255 4 144 132 159
    255 255 89 255 170 0 0 0 85 255 0 0 0 0 255 255 167 0 255 0 255 0
    211 0 70 255 255 0 255 198 86 0 0 255 160 255 0 255 0 30 0 0 0 255
    255 0 33 0 0 40 255 255 255 80 255 0 179 0 154 0 255 0 0 0 255 255
    255 255 255 0 255 255 255 255 220 0 255 0 102 0 0 255 255 255 0 0 15
    255 0 255 0 0 159 255 255 255 0 0 0 0 4 0 0 0 56 255 255 0 0 0 132
    255 0 33 0 74 109 0 54 0 255 0 255 0 0 0 169 0 255 0 255 0 0 255 0 0
    111 255 0 255 0 255 0 255 0 0 0 255 0 191 0 255 0 0 115 255 255 255
    255 62 0 0 0 255 255 0 255 255 0 0 255 234 0 0 0 0 255 199 255 0 161
    255 124 0 255 255 255 255 211 0 0 0 0 0 255 255 255 0 29 0 0 156 255
    0 95 234 58 137 0 255 171 0 177 100 0 0 255 255 255 175 255 0 180
    255 255 0 224 230 255 0 0 55 255 255 255 116 0 255 0 65 131 0 190
    255 255 0 0 220 0 255 182 255 0 255 183 0 0 224 255 255 255 89 0 0 0
    0 255 30 0 255 0 124 255 0 255 255 255 0 0 120 0 0 62 0 255 0 153 0
    0 0 0 0 78 0 255 0 71 0 0 73 255 255 255 222 187 0 0 0 0 190 165 0
    255 255 170 0 255 0 255 255 255 110 0 255 0 255 255 255 0 0 0 255
    255 255 255 0 178 0 132 255 119 4 95 0 255 255 0 0 0 89 255 255 0 45
    0 255 0 255 0 150 255 117 190 255 0 0 0 255 0 255 255 0 188 0 0 255
    0 255 0 62 255 255 255 0 0 255 0 0 0 255 255 0 0 0 132 255 215 255 0
    255 0 255 0 255 0 0 185 255 255 255 255 0 0 0 255 255 197 0 0 255
    255 169 0 0 0 228 0 255 255 0 255 13 255 255 0 255 255 71 25 0 64 0
    255 0 0 255 255 255 0 32 0 0 0 235 0 0 0 255 255 255 20 0 255 0 255
    255 0 0 0 15 255 0 0 255 255 255 0 0 106 0 255 255 1 255 0 255 99 0
    0 0 0 255 0 255 217 255 255 0 0 255 255 0 0 0 255 255 0 0 255 163 0
    0 46 253 240 255 255 0 0 33 255 255 0 255 0 255 255 255 0 0 0 0 255
    255 255 0 255 0 255 0 255 0 0 0 0 91 255 255 241 6 0 0 255 255 198 0
    0 0 0 255 0 0 0 0 0 0 255 255 0 0 0 255 255 255 148 255 112 255 0
    255 0 255 255 255 0 0 255 189 255 0 47 153 255 255 0 255 63 0 20 175
    0 0 255 255 0 0 255 255 255 0 117 255 0 255 255 255 0 0 0 255 255 0
    0 255 255 0 255 0 255 255 0 24 0 255 0 255 255 255 0 0 255 102 0 0
    95 255 255 255 255 0 255 162 0 0 0 255 255 255 148 252 112 1 143 255
    0 0 0 255 43 255 255 255 0 102 255 255 255 255 109 0 255 255 255 171
    0 0 253 243 254 0 0 255 255 35 0 12 220 192 0 255 0 0 0 0 255 0 0 0
    255 255 255 255 255 0 0 0 255 255 255 0 216 118 255 255 0 0 0 255 0
    255 176 255 0 0 0 206 255 0 255 255 255 0 255 255 255 0 63 0 0 0 255
    255 255 255 255 0 0 0 255 0 154 66 255 0 0 205 255 255 0 238 0 0 47
    255 191 255 255 255 255 255 0 146 0 0 179 0 0 0 255 197 0 231 155 0
    20 0 255 0 255 106 255 255 159 14 255 0 0 0 255 255 255 0 0 161 11
    255 255 152 255 0 143 0 255 0 255 255 255 255 0 255 255 255 0 0 255
    255 255 0 0 0 238 255 164 195 0 255 0 0 51 255 255 155 255 0 197 0 0
    255 172 255 0 0 0 0 255 0 200 235 0 95 11 111 255 0 0 255 255 168 0
    0 255 0 92 163 0 243 255 255 0 255 255 255 255 255 245 255 4 190 129
    255 140 0 77 255 0 255 255 0 140 255 255 104 255 0 0 255 179 255 187
    47 206 0 0 0 153 255 255 104 0 255 255 45 0 0 255 0 109 0 255 255
    255 196 255 0 132 0 145 255 0 0 236 31 0 189 36 255 255 255 0 255 0
    255 255 50 120 0 255 255 255 0 0 207 0 255 255 255 53 0 0 0 0 0 255
    255 86 123 0 0 0 0 255 32 255 255 0 0 212 255 255 0 255 0 0 33 255
    255 255 0 0 187 0 82 0 255 255 173 0 0 140 0 0 255 255 203 8 0 255
    23 43 245 0 255 0 0 0 255 255 255 255 255 0 255 0 0 0 255 255 255 0
    255 255 0 39 68 0 255 255 255 255 255 116 255 127 255 146 0 255 140
    255 0 255 0 8 255 255 0 255 0 255 0 0 255 25 219 33 5 255 0 14 0 0 0
    255 0 0 0 0 89 255 255 0 148 0 89 0 255 0 0 255 255 255 255 0 0 0
    255 255 255 0 255 255 41 51 0 206 0 255 255 255 0 255 0 255 0 86 255
    255 0 255 255 255 0 196 0 255 255 255 255 124 0 255 0 255 0 255 0
    102 0 0 255 255 255 255 255 0 251 255 255 255 0 0 167 255 255 0 0 0
    99 194 255 0 0 0 255 255 255 0 0 55 0 255 255 255 3 0 53 255 170 0 0
    25 0 255 0 255 88 170 0 0 172 84 118 255 255 255 0 0 105 120 255 255
    145 255 255 0 255 0 196 0 255 37 0 0 0 255 255 255 255 255 255 0 0 0
    91 255 255 255 74 0 0 0 0 255 116 255 0 0 0 255 0 255 0 108 29 230
    255 28 0 0 255 205 0 255 255 0 0 0 0 255 0 0 0 255 255 0 0 255 221 0
    0 0 0 255 255 255 0 0 25 255 255 7 0 0 197 255 224 255 0 0 0 0 255
    32 0 0 0 255 255 255 223 96 255 188 255 255 255 255 0 234 255 255
    255 255 255 0 111 255 52 0 0 0 150 0 255 0 0 43 0 255 0 0 94 0 255 0
    255 0 255 0 0 0 255 0 0 0 255 104 0 255 255 164 0 113 197 0 0 225
    255 238 0 65 55 222 204 255 92 0 0 21 255 255 0 0 255 0 255 255 255
    0 0 57 0 0 255 33 0 255 255 255 2 255 0 255 71 0 0 120 255 0 0 0 0
    255 255 0 0 169 255 255 255 120 255 154 177 0 255 0 213 0 255 255
    255 120 0 0 139 255 0 0 255 255 255 0 255 0 255 255 255 255 226 0 0
    255 255 255 255 0 255 0 255 255 255 0 0 255 255 252 0 255 234 90 182
    0 0 0 0 255 255 225 0 0 255 233 255 0 255 206 255 255 255 0 200 255
    255 0 255 0 0 30 255 9 0 0 0 255 255 255 0 0 0 0 255 0 255 0 0 0 255
    255 255 11 0 0 149 255 0 0 0 0 186 0 145 0 0 67 0 255 0 255 71 255
    193 239 255 0 255 0 255 0 0 255 255 255 255 0 255 255 255 255 111
    255 255 0 180 255 255 0 0 0 99 0 0 0 0 255 158 7 255 255 255 0 255
    62 0 0 0 255 255 0 0 0 128 255 0 0 57 255 255 0 255 0 255 51 65 181
    255 0 0 0 255 142 255 66 255 0 0 212 0 255 255 255 255 0 3 255 255
    255 0 255 0 62 255 0 205 0 0 0 255 0 0 89 255 255 255 22 0 255 255 0
    0 174 255 108 0 147 255 255 255 152 0 255 0 255 0 255 0 0 0 0 255
    255 255 0 0 0 0 232 255 255 255 52 255 0 255 0 124 255 172 0 255 116
    255 0 255 124 0 0 0 0 255 221 255 255 255 255 127 208 124 104 255
    255 0 255 0 255 0 255 221 255 0 0 135 0 255 103 0 255 255 255 218
    213 0 149 0 255 0 255 255 255 0 102 0 255 255 183 0 255 14 0 195 0 0
    255 255 0 0 255 102 7 199 147 0 0 255 0 255 255 255 130 0 186 0 255
    0 255 0 255 255 255 0 7 0 255 0 255 255 38 255 0 0 0 255 0 89 134 0
    0 0 255 255 10 236 0 0 255 255 0 255 255 240 0 0 0 41 163 255 0 27 0
    255 255 255 0 0 0 232 255 0 0 240 0 0 0 255 76 255 255 107 0 0 255
    255 0 255 0 255 0 0 255 255 0 0 120 255 12 255 255 0 255 93 0 0 62
    61 0 255 185 255 255 0 255 0 255 0 85 0 255 131 255 255 255 0 0 255
    0 255 0 255 0 87 131 135 255 0 0 255 167 255 0 0 0 0 213 255 16 255
    255 0 0 255 255 255 33 0 0 0 255 255 255 255 0 0 255 0 255 222 208
    169 0 116 0 0 0 255 255 0 255 119 0 0 0 255 255 0 255 0 0 34 51 0 0
    0 255 255 8 0 0 255 255 255 106 0 14 255 255 0 7 0 0 255 255 255 0 0
    255 0 255 0 0 255 65 255 255 0 255 0 255 0 255 255 255 255 255 255 0
    115 0 255 0 255 255 205 82 0 235 255 255 255 0 255 0 255 0 255 0 0
    255 188 255 255 107 0 0 0 255 255 1 0 255 255 255 0 0 255 0 101 0
    255 0 255 255 255 0 255 255 255 0 0 255 169 222 0 255 0 0 59 255 255
    171 255 0 255 0 255 255 255 0 0 255 0 255 94 255 0 139 0 124 255 0 0
    255 255 0 0 255 255 0 255 0 0 0 255 255 255 0 255 255 0 3 244 255
    147 57 255 255 255 0 255 0 255 138 152 163 0 0 255 0 255 0 255 0 1
    255 255 255 0 255 0 255 0 255 0 0 0 255 0 255 140 255 0 0 0 0 255
    255 255 119 255 255 0 224 81 255 252 0 0 64 255 50 0 97 0 255 145
    255 149 0 133 105 255 255 255 255 0 0 0 255 246 255 255 0 0 182 255
    255 205 0 0 199 255 255 111 255 255 255 0 255 0 0 0 0 255 255 131
    255 255 73 48 0 255 255 255 175 255 255 0 0 255 255 255 0 0 140 0 0
    0 255 255 0 0 0 255 0 255 255 0 79 0 255 236 0 255 255 255 0 0 255
    255 0 0 202 0 55 0 0 0 0 0 207 255 0 255 0 0 139 255 255 255 0 0 101
    255 0 255 255 255 255 0 127 255 0 0 0 255 0 0 103 74 255 255 255 245
    255 0 255 255 212 255 255 0 255 255 255 255 0 255 0 58 147 255 108 0
    0 255 255 0 255 140 255 0 0 0 255 65 0 0 0 0 255 255 45 0 0 0 255 0
    255 0 255 0 255 0 7 0 255 0 255 0 37 255 0 255 0 0 255 221 255 0 0 0
    255 255 0 0 255 0 255 0 255 0 0 255 0 0 0 54 255 0 255 0 148 0 255 0
    33 0 255 0 0 0 255 255 181 0 169 0 255 38 0 0 255 255 0 255 213 0 0
    0 0 82 255 255 0 0 148 255 0 255 0 255 255 0 0 0 255 0 255 0 255 0
    246 0 255 227 255 255 175 0 232 0 255 239 255 39 0 255 0 255 255 0
    255 255 0 255 198 170 222 0 255 0 255 255 255 255 255 255 0 0 0 216
    0 255 0 255 0 255 255 0 255 0 0 255 0 255 0 255 255 0 255 0 255 0 0
    255 255 0 255 0 255 0 255 255 255 0 255 0 255 255 255 32 33 255 143
    0 0 0 255 122 255 255 8 0 255 0 162 0 0 255 255 255 0 189 88 255 255
    0 255 255 0 0 0 255 0 202 255 255 216 221 255 0 0 38 0 255 0 255 0
    255 255 0 139 0 255 255 255 0 0 196 255 130 91 0 255 196 255 0 0 0
    214 0 255 255 255 255 0 0 255 255 232 0 53 0 255 226 255 255 127 0
    255 255 119 255 0 255 192 0 234 0 0 255 255 193 255 0 255 199 0 0
    255 255 255 0 255 0 255 0 255 255 255 255 255 255 0 0 0 112 197 128
    255 255 255 255 255 255 0 0 0 0 255 255 0 0 255 161 68 0 24 188 255
    0 0 255 0 255 99 135 255 0 0 0 101 255 255 0 0 81 255 45 0 185 255
    255 255 255 217 150 0 40 0 0 0 255 100 255 255 255 0 255 171 255 145
    255 0 255 0 255 255 11 0 255 255 152 0 0 0 0 255 255 150 0 0 255 255
    255 18 5 174 255 0 255 0 255 171 255 0 255 255 255 0 0 0 255 0 41
    255 255 0 0 255 255 255 0 0 0 255 255 0 0 0 255 255 204 190 255 209
    255 181 0 243 0 0 66 255 255 0 0 255 0 0 0 255 0 11 255 0 255 255 0
    0 0 255 0 172 67 227 17 255 98 0 255 37 255 255 153 255 0 255 255
    255 0 0 0 255 0 132 0 237 255 255 0 0 255 255 0 0 255 0 255 0 0 0
    255 0 0 0 204 0 255 255 255 0 0 37 255 255 5 44 0 0 10 255 145 82
    255 255 0 255 255 0 255 0 0 28 255 255 0 0 0 0 0 0 100 0 255 255 0 0
    0 255 255 255 3 255 0 0 255 0 0 0 255 0 255 0 255 0 255 255 0 255
    255 255 255 0 255 0 255 0 255 80 0 118 135 255 255 255 0 0 255 184
    255 0 221 200 255 0 239 202 0 255 255 255 0 0 110 0 0 255 82 255 0
    255 2 255 255 0 253 255 0 255 255 255 0 0 0 255 255 80 255 242 255 0
    0 0 255 0 99 255 255 0 0 255 255 0 0 255 0 0 0 255 255 255 20 215
    255 0 0 0 255 255 0 0 142 0 0 213 255 255 255 255 0 101 0 255 255 0
    0 0 0 255 208 0 219 255 255 0 253 255 255 0 0 11 0 255 255 255 0 0
    255 255 255 246 255 242 0 255 0 255 255 255 0 255 0 0 72 255 255 141
    0 255 255 0 255 255 255 36 33 54 0 2 0 255 0 255 0 255 0 255 0 111 0
    0 0 255 9 255 74 161 0 0 255 23 96 0 222 0 255 0 62 255 0 0 0 0 255
    255 255 0 0 0 255 255 0 0 121 0 0 0 64 0 0 255 255 255 255 255 255
    255 0 255 255 255 153 215 255 0 0 0 255 191 54 0 255 0 255 0 178 0
    255 255 0 0 249 255 67 0 255 255 0 255 255 0 255 0 255 255 255 63 0
    0 255 255 0 255 0 8 0 49 147 255 0 255 0 0 255 0 255 50 255 39 229
    251 68 83 0 0 0 255 0 255 0 255 255 0 255 0 0 0 33 255 86 255 0 0 0
    255 0 0 255 255 0 0 0 255 3 0 0 0 0 255 137 255 0 255 255 0 216 255
    36 0 0 217 1 0 0 255 255 0 30 0 0 255 255 255 31 0 255 95 0 90 0 255
    0 14 134 165 255 0 255 255 178 0 0 199 255 255 40 0 0 0 255 140 255
    0 255 0 255 0 255 0 0 255 0 131 255 255 209 0 0 255 255 0 255 255
    255 0 0 0 255 217 175 255 0 0 255 0 255 255 255 255 0 255 0 0 0 0
    255 255 255 255 128 0 255 255 0 255 255 255 0 255 255 255 0 255 255
    255 20 0 0 0 255 103 255 0 255 255 255 0 255 156 0 0 0 255 255 255
    214 255 7 255 0 188 0 0 0 0 255 255 0 0 68 255 0 135 255 0 167 0 111
    0 19 255 255 0 0 36 255 65 255 0 255 0 255 0 255 0 83 255 0 255 0 73
    248 255 255 0 0 0 255 0 0 255 255 255 0 0 0 0 255 255 34 0 255 0 255
    255 255 0 255 255 0 255 255 255 0 0 95 255 0 255 255 255 0 255 31 0
    255 175 255 0 0 0 255 0 49 0 219 255 255 255 0 0 0 0 255 255 255 112
    255 255 255 255 0 214 255 255 0 0 0 0 255 255 255 0 218 239 255 255
    255 0 255 0 59 0 224 0 255 255 255 0 0 0 255 255 0 245 255 255 0 0 0
    255 81 0 0 255 255 255 0 58 0 255 255 255 0 85 255 255 0 0 255 255
    214 255 115 0 128 0 41 255 255 230 0 255 148 0 46 255 255 255 91 0 0
    255 0 0 0 255 255 255 255 0 0 195 111 0 0 255 0 0 0 0 255 0 255 0
    255 0 255 0 2 255 159 174 0 0 0 249 255 255 0 0 231 0 107 0 255 255
    255 0 36 5 255 0 255 255 255 0 0 255 0 255 0 255 255 173 0 0 0 31 0
    255 0 201 0 115 255 243 0 255 255 255 255 0 255 255 255 0 0 0 0 0 0
    0 0 255 255 0 0 0 255 0 255 255 0 255 255 255 0 246 0 137 0 255 0 0
    0 0 255 255 255 0 255 0 0 123 0 0 255 255 255 0 0 0 186 255 255 0 13
    161 255 0 255 126 0 0 197 255 0 0 0 134 224 255 255 0 0 0 255 255
    255 255 0 255 0 255 255 255 0 0 255 255 111 0 199 255 0 0 227 162
    255 0 0 0 255 255 255 255 174 0 232 0 200 0 255 255 255 0 255 255 0
    0 0 255 255 255 0 255 0 0 0 255 23 0 0 136 163 167 255 0 255 0 164
    255 255 0 0 0 0 170 94 0 0 0 0 255 255 0 0 0 255 184 98 0 38 255 234
    143 0 0 0 255 255 255 255 0 0 0 255 0 255 255 255 0 0 0 255 255 124
    255 62 255 0 146 0 255 0 0 255 255 174 0 180 207 255 167 255 255 255
    0 0 255 255 0 196 0 255 0 255 255 255 214 0 255 0 0 0 0 255 162 255
    0 255 255 255 53 0 68 174 0 0 255 255 255 182 0 0 42 0 0 129 0 0 0
    171 255 255 0 255 255 255 3 0 0 244 255 236 178 255 0 184 255 0 255
    22 255 255 0 255 0 255 204 255 0 0 0 255 248 0 255 255 0 0 0 0 255 0
    255 0 0 255 0 5 96 15 255 0 0 93 0 0 255 0 255 170 32 255 0 0 0 111
    255 190 255 0 196 0 255 149 255 0 255 0 0 255 176 0 0 255 255 255 0
    255 0 76 255 0 0 0 39 255 255 6 255 0 0 0 73 255 255 255 0 0 0 0 0
    255 255 255 255 0 167 178 147 0 194 255 255 255 0 0 0 255 143 255 76
    255 255 180 0 0 153 0 255 0 255 90 255 255 255 0 51 242 255 255 255
    80 146 0 0 0 0 0 255 255 255 0 255 202 255 237 0 255 0 255 0 154 0
    255 255 255 0 0 252 9 0 255 255 0 0 227 0 0 255 138 0 0 0 0 0 0 255
    19 255 70 0 255 0 179 0 0 0 0 0 0 255 255 255 0 0 0 210 255 192 26
    255 0 204 0 255 249 255 0 0 0 255 0 148 0 255 255 119 0 0 0 255 255
    255 0 27 255 255 58 0 192 0 255 181 0 0 255 143 255 255 255 255 0 0
    255 255 0 95 0 11 255 255 183 255 0 255 0 0 0 169 255 255 255 255
    112 255 255 255 141 9 0 0 255 115 0 255 0 255 0 255 0 0 0 0 255 0
    255 255 170 0 0 255 255 46 233 0 255 255 255 0 0 0 166 255 0 255 255
    0 0 0 0 255 27 0 0 15 255 0 255 0 31 0 255 0 255 64 255 255 37 255
    255 255 0 255 0 96 0 0 0 111 255 0 0 255 255 191 0 255 0 0 81 255 2
    0 0 255 255 255 0 255 0 1 0 0 0 255 0 0 42 0 0 213 147 255 131 0 0 0
    255 255 0 0 255 237 120 0 162 0 0 255 0 255 5 255 0 255 255 0 0 0
    255 245 255 0 255 0 222 0 255 0 0 255 71 0 0 223 255 206 10 255 0
    157 0 255 0 255 0 255 54 240 38 239 255 255 255 76 117 214 255 255
    255 0 0 140 255 0 0 0 181 97 0 52 0 0 0 255 255 255 0 0 0 0 250 0
    255 0 0 0 255 255 255 255 255 0 0 0 255 0 0 255 255 0 101 0 255 255
    0 0 255 255 243 255 0 0 255 255 15 152 255 225 192 39 255 0 255 255
    78 0 0 255 0 255 232 255 0 255 14 0 0 7 0 0 0 143 255 255 255 255
    255 0 0 255 255 0 0 61 0 255 0 6 0 255 255 149 0 0 255 0 255 0 255
    255 0 0 197 255 255 255 255 255 93 0 0 0 200 255 0 115 255 0 255 255
    0 0 0 255 255 0 0 83 255 0 105 0 255 0 255 0 42 0 255 255 0 255 255
    255 0 149 0 215 252 255 0 255 0 255 255 255 0 255 255 0 0 0 255 0
    139 200 255 0 255 0 255 255 255 120 0 255 255 255 208 89 47 0 255 0
    255 0 93 0 0 255 255 255 255 255 255 239 255 0 0 255 255 0 255 255
    255 0 255 0 255 0 255 0 255 94 227 0 175 255 48 0 255 255 255 0 0 0
    23 255 255 255 0 0 0 0 0 192 0 186 205 0 255 0 75 255 246 0 0 255 0
    255 255 0 255 0 255 0 255 0 255 255 255 0 80 0 219 255 194 255 0 233
    0 210 0 255 0 179 0 0 0 43 255 255 71 255 255 0 12 255 255 117 255
    123 0 255 45 255 228 255 0 0 0 255 0 255 0 255 115 0 255 0 255 255
    255 0 0 0 10 255 0 0 0 255 255 255 255 0 0 82 0 0 255 178 111 0 0
    255 0 255 1 255 255 39 177 166 255 0 0 255 255 255 255 255 154 0 0 0
    0 0 0 255 255 255 0 255 242 0 67 0 0 0 255 255 255 255 0 255 255 255
    0 0 255 199 255 0 10 255 255 0 255 255 255 96 255 177 255 255 0 50 0
    255 255 0 255 0 255 0 255 150 255 0 0 0 110 161 0 0 0 255 88 255 69
    0 0 10 255 0 255 0 90 0 0 0 255 224 255 255 255 255 0 0 255 255 0 0
    0 153 26 92 0 255 255 255 255 255 0 0 40 255 0 94 255 0 255 84 51
    163 0 75 242 255 0 255 255 255 255 255 255 255 255 0 67 0 180 255 0
    0 169 0 0 0 255 255 255 255 255 0 0 0 255 198 255 84 0 0 255 24 255
    0 0 255 255 255 33 255 0 228 255 255 0 255 255 0 0 0 255 255 0 0 0
    255 255 255 0 0 95 0 144 0 255 0 255 0 255 0 255 255 0 255 0 255 255
    255 0 93 0 0 255 0 255 255 255 255 255 0 255 255 38 84 0 255 255 255
    255 0 0 195 0 235 0 0 255 184 255 95 0 255 0 255 0 0 0 0 255 0 255
    255 255 255 175 255 0 255 255 0 0 0 255 255 255 255 255 255 255 255
    255 173 0 119 0 255 161 0 0 28 255 255 218 201 255 255 0 255 15 255
    0 37 0 255 0 71 0 255 0 0 0 0 0 255 255 255 255 0 255 255 255 255 0
    255 255 222 255 0 255 85 255 255 0 255 255 255 104 255 0 14 255 255
    235 255 255 85 255 225 255 0 255 255 255 255 0 255 0 0 255 255 53
    255 255 0 0 189 255 0 0 4 255 0 255 0 188 0 255 255 255 255 255 0 0
    0 0 255 255 0 0 255 255 0 0 0 255 108 15 255 0 0 0 255 255 255 45 0
    255 204 255 0 255 0 152 0 0 119 0 0 0 255 0 0 0 255 0 255 0 0 169 0
    255 103 255 0 255 0 255 255 0 170 0 255 0 157 204 0 0 0 255 255 0 0
    255 0 0 71 255 255 72 255 0 255 255 255 251 0 0 0 255 30 175 0 255 0
    255 162 230 98 0 255 0 0 148 44 0 227 0 255 0 222 255 0 255 0 193
    255 0 0 0 255 255 183 255 173 0 233 255 255 0 0 0 255 19 0 0 111 0 0
    0 0 0 0 255 0 255 0 255 0 255 211 0 0 0 255 255 102 0 0 255 255 0 0
    0 0 255 255 0 0 0 255 151 255 0 0 255 255 255 255 255 57 255 43 0
    255 63 255 247 209 0 219 255 255 255 0 255 0 0 0 203 255 255 0 0 255
    255 55 0 255 0 0 0 52 147 255 255 255 255 255 255 243 0 0 95 255 0
    60 0 136 71 0 0 0 0 255 254 255 80 115 0 255 0 0 0 255 255 0 0 0 255
    206 255 255 255 0 0 255 255 0 0 255 255 0 0 0 255 255 0 0 255 255
    255 0 255 0 0 0 255 0 255 255 255 0 116 0 117 0 255 255 35 23 255
    255 0 123 0 255 255 0 255 124 57 255 255 0 0 255 255 5 0 255 0 255 0
    0 0 0 255 0 0 255 212 255 255 255 0 255 255 241 255 6 0 247 93 255 0
    255 15 0 255 73 255 0 255 255 188 52 0 0 221 130 112 141 0 255 255
    255 0 0 0 255 255 0 0 199 112 255 255 255 0 255 255 255 255 255 0 0
    121 0 255 0 255 0 255 255 255 0 0 255 255 110 203 0 202 255 255 0
    212 0 255 212 255 0 0 109 0 255 157 222 255 255 0 255 255 0 0 61 0
    63 255 255 0 0 0 255 255 255 0 0 0 0 0 0 255 27 0 0 0 255 255 0 0
    255 210 40 0 171 198 0 255 0 104 255 0 0 68 255 0 0 255 255 0 0 46
    255 255 255 0 199 0 0 216 0 255 0 0 0 0 82 0 255 131 254 255 141 69
    255 0 255 0 255 250 229 0 255 0 0 0 255 255 255 217 255 0 255 0 0 0
    0 133 255 255 0 255 152 0 58 0 255 0 255 255 0 221 0 255 0 0 0 0 255
    0 0 0 0 255 255 255 255 0 0 201 255 0 0 0 219 255 255 89 255 0 26 0
    11 0 165 255 255 70 0 0 0 15 136 255 0 0 155 255 137 255 0 255 255 0
    0 255 83 0 255 72 255 0 0 180 255 255 192 0 255 255 0 0 0 255 14 0
    255 255 126 255 68 255 0 255 0 0 0 255 255 0 234 255 255 0 0 0 255
    255 255 42 0 0 119 255 255 0 255 0 84 0 255 255 0 255 159 255 255
    255 255 255 0 0 0 255 255 255 255 255 0 255 0 94 0 255 255 255 0 35
    0 0 255 0 0 0 255 255 255 0 255 0 0 17 255 255 255 255 0 0 0 138 38
    255 108 255 0 139 0 255 0 0 0 0 255 255 255 255 255 255 0 184 0 94
    189 255 255 0 255 0 255 0 255 0 170 0 255 0 255 25 0 255 0 0 0 255
    255 43 0 0 255 0 0 0 255 255 0 0 255 0 0 0 255 255 0 53 255 255 255
    0 0 234 255 0 0 0 255 0 255 120 255 0 114 255 0 0 20 0 255 0 0 2 255
    49 0 0 255 255 0 0 255 255 255 0 199 255 255 234 3 0 15 0 40 61 57
    123 255 0 0 0 255 0 255 0 255 0 255 0 23 0 255 255 0 0 0 44 255 255
    193 255 255 0 0 255 255 255 146 255 137 255 0 255 255 0 255 0 255
    255 0 211 137 255 13 169 255 255 0 255 0 255 0 255 255 0 0 0 255 191
    92 0 255 255 255 0 0 0 255 86 255 255 5 255 0 255 255 253 0 0 145
    255 255 0 255 153 255 0 0 255 0 28 178 255 255 255 0 255 255 255 255
    0 189 255 255 255 0 255 0 255 255 255 255 0 0 0 255 164 0 255 255
    238 255 255 0 0 255 255 255 0 134 255 0 255 0 0 0 41 122 230 0 255
    255 255 0 0 0 255 157 114 0 0 255 255 0 255 255 255 0 0 0 0 0 255
    255 255 0 255 0 255 0 255 0 0 71 255 0 255 0 255 255 204 80 139 255
    2 0 0 0 255 255 184 0 0 0 255 0 255 0 255 0 3 255 247 33 91 255 0 0
    255 142 189 55 255 0 0 0 0 0 0 112 255 15 0 83 255 0 255 0 255 0 255
    0 0 255 0 255 0 0 0 0 255 0 124 0 255 9 0 255 0 255 0 0 255 0 255 13
    255 255 255 255 0 255 208 255 112 0 39 0 0 255 255 255 255 255 255 0
    0 255 0 234 0 0 0 255 0 76 0 255 255 255 255 255 255 0 0 0 0 0 255
    255 255 0 255 171 255 0 159 176 0 252 27 255 255 0 148 0 255 0 255 0
    255 0 255 0 0 0 255 130 255 255 0 0 0 255 0 0 0 226 230 0 255 0 0 0
    150 255 0 255 255 255 0 0 0 0 255 0 255 0 255 255 255 255 0 255 161
    255 255 0 255 0 255 255 255 255 255 0 0 0 0 121 255 255 159 255 0
    255 0 0 0 255 0 0 0 0 0 173 255 255 0 255 210 255 255 0 255 255 0
    255 0 255 0 255 0 255 132 255 0 255 109 255 255 0 0 255 255 24 0 82
    255 255 0 162 0 0 0 255 255 255 255 255 0 0 255 255 255 111 27 255
    255 255 255 1 244 0 153 255 0 0 28 255 255 255 0 0 255 255 255 0 255
    0 255 0 60 0 255 255 255 0 0 0 49 255 244 63 0 0 0 255 0 0 0 255 255
    255 0 0 0 0 255 255 255 255 255 0 0 0 0 0 0 0 255 255 255 0 255 0
    255 0 91 255 74 253 0 255 105 255 255 0 0 161 99 255 255 0 0 2 255 0
    255 0 0 255 0 11 255 0 0 0 168 255 255 0 255 0 0 0 0 255 125 0 0 0
    210 255 144 39 0 0 255 255 59 0 0 3 255 255 255 39 0 0 0 156 255 0
    255 0 255 0 0 255 255 158 255 0 184 255 0 212 0 0 255 0 0 130 103
    255 255 0 0 0 255 0 255 255 228 255 0 0 0 52 255 0 255 255 0 132 0
    255 180 0 57 255 255 255 0 193 237 255 0 0 0 255 255 255 0 0 255 255
    255 255 0 255 16 255 109 0 13 0 255 255 255 255 255 0 0 0 255 0 255
    206 0 255 184 255 134 0 0 0 255 69 255 255 255 194 0 0 0 255 9 255
    14 155 255 255 255 0 38 0 255 255 85 255 0 0 0 0 234 0 0 0 255 255
    255 0 0 0 0 0 255 255 0 0 89 255 0 210 255 255 255 224 0 103 0 0 255
    255 255 0 0 255 0 255 174 0 0 255 255 88 203 255 71 190 0 0 255 255
    0 0 255 255 255 38 255 45 0 255 255 255 255 0 7 0 255 0 255 0 255
    255 255 0 142 0 255 255 255 255 189 0 155 0 0 191 157 0 0 255 255 0
    0 146 0 0 255 0 255 0 50 255 0 255 188 255 255 0 255 255 0 0 0 255 0
    0 255 255 0 255 0 0 255 255 36 255 0 0 0 0 255 255 0 62 67 255 0 229
    0 255 0 255 0 203 0 0 0 113 0 255 255 209 24 0 157 0 255 255 0 0 255
    0 255 255 0 0 0 255 106 193 255 0 0 84 12 255 0 183 0 255 101 0 0
    219 0 255 187 255 0 0 0 88 255 161 255 209 255 0 255 255 255 0 0 98
    255 255 255 233 255 79 255 0 255 0 255 0 255 0 255 255 255 28 255 0
    255 100 24 255 255 112 0 0 0 0 196 85 255 0 0 133 255 0 0 255 0 234
    0 255 0 255 255 255 0 0 0 0 255 0 149 62 255 255 0 0 0 255 255 255
    255 255 255 0 0 255 255 248 0 0 255 0 255 0 255 255 84 255 0 255 81
    255 34 255 0 0 0 0 255 0 255 255 255 255 255 0 74 0 255 0 255 0 255
    0 0 0 0 255 0 0 0 0 255 255 255 0 137 0 151 255 7 225 255 0 0 0 255
    255 185 255 255 103 255 227 125 255 255 25 255 0 0 0 59 255 39 255 0
    227 255 255 255 0 16 0 0 255 0 88 0 255 255 0 0 255 0 0 0 255 0 255
    0 255 45 255 0 0 0 255 255 255 0 245 214 0 255 0 255 255 255 0 0 0
    255 35 255 255 255 63 255 0 0 0 0 185 255 255 0 255 0 255 255 0 0
    125 255 255 0 0 0 255 27 255 0 255 0 255 0 255 0 255 255 32 255 46
    119 0 255 199 255 0 255 184 17 0 0 255 255 255 255 255 255 0 255 0 0
    0 0 200 255 255 255 183 0 255 255 0 255 255 255 255 177 0 0 0 0 7
    255 255 0 255 14 255 255 255 255 0 47 113 255 0 0 0 255 255 255 0
    187 255 0 255 0 51 0 255 0 0 0 255 255 0 0 0 255 0 0 0 255 0 32 0 0
    227 255 0 0 255 255 0 0 49 0 0 255 0 255 0 232 0 255 255 117 0 53 93
    255 0 0 200 255 0 0 0 255 255 240 0 80 103 255 255 96 255 237 236
    255 255 203 0 179 255 0 138 255 255 25 0 0 0 255 0 255 0 255 0 0 0 9
    255 0 0 255 255 255 0 255 22 255 0 203 255 0 255 0 11 255 255 0 145
    255 145 255 255 0 255 0 152 0 0 210 255 0 255 255 255 16 0 255 1 255
    255 255 255 0 255 0 255 0 255 0 255 87 0 0 255 255 0 0 129 255 255
    189 0 0 120 0 190 255 255 0 0 151 255 0 0 0 213 255 255 255 0 0 0 0
    255 149 0 0 0 255 181 255 255 0 0 48 136 255 0 0 52 0 0 0 0 255 0
    255 0 255 255 176 157 0 0 255 4 255 0 0 0 0 63 255 181 0 0 255 255
    255 255 0 0 0 255 250 138 0 255 0 255 232 255 255 255 0 0 0 159 0
    255 255 193 255 0 0 0 255 255 255 0 0 255 0 232 0 255 255 41 0 204 0
    255 255 0 0 72 0 255 255 255 255 0 0 255 255 255 235 0 0 213 0 255
    255 255 0 12 255 255 255 0 0 0 0 0 255 0 0 255 255 194 0 255 0 0 255
    255 255 201 255 84 255 255 73 255 240 254 255 255 255 0 0 0 255 0 0
    0 0 13 40 255 255 0 127 0 255 109 255 0 83 0 0 0 255 255 255 0 255
    244 255 0 0 0 255 252 255 255 0 0 0 255 179 0 0 255 255 255 0 69 0
    255 0 255 255 0 25 63 0 0 0 0 146 0 145 0 255 0 0 255 255 255 0 0 0
    255 0 152 0 255 255 255 0 0 255 255 255 255 23 0 0 255 0 0 0 255 255
    0 0 0 255 12 0 255 0 0 255 255 255 0 0 0 174 255 255 0 255 170 255
    255 255 255 0 0 255 232 0 0 255 0 255 255 255 0 0 90 241 255 255 187
    255 0 255 0 255 0 41 0 145 255 248 255 242 0 152 255 255 0 0 0 207 0
    255 0 255 43 255 255 0 0 69 0 255 216 255 158 255 0 0 255 255 95 0
    255 255 0 0 0 255 255 255 0 255 255 255 0 124 0 0 255 255 255 255 33
    255 0 255 123 136 0 77 0 0 255 255 255 0 0 255 255 255 255 255 255 0
    0 0 255 255 217 0 255 63 0 255 207 255 0 0 0 255 255 0 0 243 255 0 0
    107 255 182 0 0 0 255 0 255 0 255 78 255 51 255 0 128 255 255 255 0
    18 0 180 0 238 37 125 165 255 0 0 95 255 255 0 255 0 255 0 233 109
    255 255 0 0 0 255 255 141 255 8 111 0 217 0 255 255 106 255 255 0 0
    255 255 255 0 176 86 152 255 0 102 255 255 0 0 0 255 181 184 0 146 0
    0 255 0 255 0 255 0 255 149 142 0 255 0 255 0 255 0 0 230 255 0 197
    0 31 255 63 0 0 255 255 255 255 255 0 0 0 0 109 255 253 196 0 255
    209 0 255 0 0 0 255 81 238 255 0 0 255 6 72 0 148 255 255 0 255 0 0
    255 0 255 255 255 248 255 0 105 0 0 0 255 165 255 0 0 255 255 255
    255 0 255 0 255 0 255 31 0 0 0 255 255 255 0 0 255 0 23 93 255 255 0
    0 0 0 101 0 255 255 255 0 0 0 255 255 255 239 132 0 0 0 255 0 0 255
    91 0 0 255 0 255 225 119 4 234 30 255 0 0 0 255 255 255 255 0 0 255
    107 0 0 255 255 255 34 255 0 184 0 255 0 255 0 255 0 0 0 0 0 255 0
    255 255 0 255 36 245 0 0 209 0 255 0 255 0 0 0 255 255 255 204 0 255
    255 255 0 184 155 0 0 255 255 222 0 255 24 255 0 0 0 0 255 255 255
    30 0 0 255 40 0 0 255 255 255 0 0 255 255 255 255 0 10 0 131 255 16
    255 0 0 255 170 0 255 240 179 89 255 0 0 233 255 0 141 0 0 0 0 255
    255 255 255 255 0 0 255 77 255 0 255 0 255 0 255 255 255 255 255 0 0
    246 255 255 0 0 255 3 255 0 255 28 0 12 0 255 9 255 0 0 156 0 255
    255 255 255 255 255 0 0 229 70 0 0 0 255 255 141 255 234 255 0 255
    255 255 0 255 0 255 255 0 0 70 255 255 255 0 0 0 0 153 0 255 255 255
    0 0 0 136 255 255 0 249 0 255 0 255 255 255 255 255 0 255 0 255 0
    255 0 72 214 0 0 137 0 255 0 255 0 57 0 255 255 255 0 224 0 0 57 116
    255 42 223 255 0 247 0 0 255 255 255 255 255 0 0 0 255 255 255 255
    255 255 0 0 90 255 255 0 0 255 206 0 0 0 0 0 255 0 0 255 255 10 0 0
    255 0 255 0 255 255 255 0 19 136 0 151 255 255 0 0 0 0 216 255 0 255
    0 0 0 255 0 161 18 0 255 255 255 0 0 255 255 0 255 87 0 0 255 255 0
    0 179 0 255 0 255 255 252 0 186 0 255 0 255 186 255 255 0 120 255
    255 255 255 255 0 0 0 255 255 99 187 255 252 255 0 255 0 0 99 255
    255 0 0 91 177 0 255 0 255 255 255 255 0 255 0 255 0 255 0 57 0 0 0
    255 0 255 255 0 0 0 124 255 255 255 43 181 255 255 0 0 0 255 0 255
    255 174 171 255 0 0 0 255 255 255 218 234 0 201 255 255 255 0 255 0
    255 255 255 255 0 0 0 0 0 12 255 255 0 255 0 255 255 0 255 255 255
    255 0 255 0 255 0 0 255 70 255 0 0 0 0 0 0 255 0 255 0 255 0 0 0 255
    91 0 255 0 0 0 223 255 255 255 86 0 0 57 0 0 255 255 255 0 0 255 0
    242 255 246 0 0 234 255 0 0 0 255 255 0 0 255 255 0 0 0 255 205 255
    57 113 0 255 0 255 0 255 11 0 124 96 255 255 0 0 0 0 0 0 0 0 255 255
    0 0 118 255 0 0 255 0 255 0 255 0 255 228 0 68 0 255 209 255 0 255 0
    0 255 255 0 255 0 255 188 255 26 255 0 0 255 12 255 0 155 255 111 0
    0 213 106 255 0 0 0 255 161 0 0 255 0 146 0 30 255 255 255 0 255 0
    255 168 122 162 0 0 255 35 53 148 255 4 253 0 38 255 218 255 0 255
    255 255 0 0 255 255 255 225 0 0 0 0 255 255 255 104 0 0 255 255 0 0
    179 255 255 255 255 0 0 0 0 32 57 0 255 0 255 0 153 133 255 0 255
    243 0 255 34 255 255 0 0 0 255 0 148 0 89 255 0 255 162 0 0 255 0
    182 51 0 255 255 255 0 255 4 228 0 255 207 0 255 0 0 0 0 255 57 23
    144 64 255 255 255 255 255 255 0 0 233 255 196 0 0 0 103 0 255 0 0
    255 0 0 255 0 255 201 0 0 255 255 0 255 0 255 0 0 0 255 255 255 0
    101 0 255 243 0 0 0 255 0 60 0 255 0 0 255 255 0 111 0 255 255 0 0
    255 255 255 0 255 0 255 255 255 0 0 0 0 255 255 47 84 255 255 255 0
    0 255 0 0 0 0 255 83 255 242 0 0 55 36 255 0 0 0 0 255 255 255 255 0
    255 255 0 0 255 255 0 255 17 255 0 255 255 255 255 0 0 0 255 39 0 0
    111 255 0 255 255 255 35 0 216 65 255 0 254 255 156 255 255 255 8
    255 255 0 0 255 255 118 0 0 0 213 255 255 255 0 0 0 255 0 255 33 177
    0 0 0 255 0 0 0 231 255 255 255 255 0 218 158 0 255 255 255 255 255
    0 0 165 0 0 0 0 246 0 255 45 255 0 0 0 0 0 255 0 92 0 0 255 255 0 0
    0 198 255 255 87 96 0 255 255 255 0 255 0 255 255 255 0 255 76 255 0
    0 255 255 255 123 0 255 255 255 165 0 0 255 255 0 0 0 0 0 255 0 255
    0 255 255 255 88 255 0 255 119 255 255 255 0 255 0 198 139 255 0 197
    0 255 255 78 255 90 0 255 255 255 255 0 0 255 0 0 0 255 255 45 0 255
    0 0 78 142 255 255 214 255 0 0 84 255 0 242 0 255 255 76 255 255 0
    144 0 255 0 0 255 255 255 0 0 0 255 255 255 255 140 57 255 77 0 0
    255 0 0 255 73 255 0 0 255 255 0 0 255 255 0 0 0 255 255 255 255 0 0
    0 255 0 255 255 255 255 0 0 0 0 255 181 0 118 255 0 0 0 255 255 0 0
    255 255 0 0 0 255 255 0 255 0 33 255 255 173 0 0 255 0 255 33 255
    255 0 255 255 0 0 198 255 255 0 181 0 0 255 0 255 0 255 0 240 0 255
    255 188 0 0 255 22 255 186 18 255 0 0 255 255 0 0 0 0 255 255 0 239
    255 0 97 0 255 255 255 255 0 0 0 0 255 255 255 255 0 255 0 0 0 255 0
    0 221 255 144 255 0 255 0 255 255 0 0 0 255 0 255 255 255 255 255
    251 0 255 51 255 255 0 255 255 255 255 0 0 0 255 255 255 255 87 48
    255 0 0 0 255 255 255 255 255 0 255 0 51 0 0 0 255 255 255 0 231 255
    0 169 0 255 255 255 0 0 0 0 255 0 6 0 255 0 255 255 0 176 0 255 209
    15 0 255 0 166 134 0 0 255 255 255 0 0 64 0 0 0 0 0 255 255 255 0
    255 255 255 0 0 0 194 255 255 0 255 255 255 0 215 0 0 0 64 255 162
    198 0 0 0 144 0 227 0 0 0 205 151 255 72 3 0 0 255 80 255 0 255 0
    255 253 255 61 0 0 0 255 255 255 255 255 0 255 0 0 0 255 8 255 0 255
    0 0 0 0 255 255 255 0 28 255 255 255 255 255 0 0 26 0 255 0 213 255
    0 255 0 0 255 255 255 0 255 0 255 116 255 255 208 0 0 71 255 68 0 0
    255 255 0 0 255 133 255 0 255 187 255 255 255 0 0 0 255 108 0 255
    255 255 0 0 255 255 0 255 0 0 0 255 255 255 0 0 208 255 0 255 122
    255 0 0 0 255 27 0 255 144 255 0 0 0 255 0 255 255 255 255 0 2 255
    255 255 0 0 0 255 255 0 0 0 0 0 199 255 255 0 0 255 255 255 85 0 255
    0 255 250 255 0 154 0 255 0 255 255 255 0 0 0 158 255 222 0 255 0 26
    0 255 160 255 0 0 255 255 0 240 0 255 0 142 0 0 255 255 255 0 255 0
    0 0 255 197 255 0 255 255 149 0 255 168 255 0 0 255 255 86 0 0 0 148
    0 255 0 255 0 5 255 255 255 146 0 0 0 255 255 255 0 0 0 255 255 255
    0 0 255 0 49 0 92 71 61 0 233 255 88 255 0 0 0 10 255 53 255 255 255
    0 0 255 255 255 0 110 0 0 255 62 255 137 0 0 212 255 0 0 0 255 0 255
    0 238 0 0 255 139 0 255 0 93 255 255 255 0 0 255 0 255 255 130 62 0
    3 255 255 169 87 162 255 255 255 42 0 255 255 255 0 0 255 171 255
    255 0 255 0 0 255 115 255 103 0 255 0 255 220 0 255 255 0 0 118 255
    0 156 255 255 255 0 0 178 0 74 0 255 255 237 0 255 0 255 115 255 136
    0 255 255 0 0 0 255 76 255 65 0 0 183 255 0 0 0 255 255 255 0 0 255
    255 255 0 0 255 0 255 0 0 0 66 0 22 255 255 133 255 0 0 0 114 0 255
    16 255 0 255 18 0 0 0 0 0 255 255 255 0 255 255 116 0 255 225 0 84 0
    255 255 0 0 255 255 255 0 255 31 0 155 0 255 0 241 0 0 0 246 255 0
    255 0 0 0 51 131 84 255 255 13 0 255 255 255 50 255 0 225 0 30 255
    175 68 0 255 255 146 0 255 255 0 123 0 66 105 0 107 23 31 0 0 0 255
    212 83 255 0 85 37 255 255 0 0 255 222 0 255 255 255 250 109 184 255
    0 0 255 255 255 255 164 255 0 0 0 255 255 255 255 0 0 26 222 0 255
    237 255 180 0 255 255 172 129 0 0 71 255 255 195 0 0 255 255 0 255 0
    255 124 255 255 167 0 255 197 232 255 0 0 50 255 0 0 183 255 117 0
    255 0 255 255 5 255 0 195 0 142 0 255 0 208 0 0 0 160 0 241 0 140
    171 255 255 0 0 255 255 255 255 245 0 0 0 255 71 255 0 0 0 105 255
    255 247 30 0 0 77 174 0 0 0 0 255 255 255 0 0 0 151 0 255 0 255 0 0
    0 184 172 255 0 255 35 255 0 0 0 0 20 255 255 78 0 0 255 255 0 0 0
    255 255 154 0 0 84 0 255 232 255 255 0 34 0 152 0 67 185 255 0 0 95
    255 255 255 0 195 0 211 241 255 110 255 0 0 0 0 255 255 19 0 255 255
    255 255 0 23 0 0 0 0 255 255 255 255 255 255 0 255 77 0 0 199 255
    255 255 0 0 0 255 0 0 255 255 35 0 255 255 255 16 104 255 255 0 0
    255 255 255 255 0 255 0 255 0 0 255 255 0 0 0 38 255 255 255 0 255
    229 0 38 166 255 115 0 0 0 0 255 255 0 0 0 0 183 113 255 255 87 93 0
    255 0 0 0 0 255 0 0 255 255 255 0 0 0 255 244 0 188 0 255 255 0 0 0
    255 9 0 28 255 255 0 0 255 255 0 0 0 255 152 207 0 45 0 0 0 127 255
    255 0 255 0 255 0 255 0 255 0 255 0 255 255 9 253 148 255 0 0 255
    141 146 255 108 0 255 0 255 255 255 202 143 39 255 0 0 0 255 0 243
    255 0 175 255 255 144 255 255 234 103 0 0 213 255 255 32 0 0 0 0 0
    255 255 255 225 0 0 0 0 255 255 0 0 255 255 20 0 23 255 0 0 145 255
    255 0 255 255 0 122 0 255 255 28 255 0 67 255 0 255 0 255 0 92 106
    255 255 0 255 255 255 0 0 255 136 230 0 255 255 255 0 0 255 0 255
    255 255 0 0 0 255 0 27 0 255 147 0 0 0 0 255 255 255 255 255 0 46 0
    255 0 0 0 169 255 228 0 255 255 124 255 255 0 62 0 255 0 255 255 255
    0 0 255 255 6 255 0 175 255 0 255 255 255 0 0 0 0 130 255 255 0 0 0
    175 0 222 255 0 255 0 255 0 110 0 255 0 0 159 48 75 255 89 210 255 0
    255 0 255 255 172 255 228 0 0 174 92 0 0 255 255 255 0 151 255 0 0 0
    0 176 255 202 255 236 255 255 0 22 0 255 255 0 255 143 255 0 0 255 0
    0 255 0 0 255 255 0 0 255 0 0 0 0 255 255 0 0 255 255 0 123 59 255
    69 95 0 255 255 255 255 0 0 255 0 255 255 255 255 136 128 0 217 195
    255 138 255 0 0 0 0 255 0 255 255 255 0 0 255 90 255 194 0 63 255 0
    0 255 255 0 72 111 255 255 255 255 255 0 0 0 255 255 117 255 255 255
    133 0 170 0 255 0 131 0 3 70 255 255 92 255 107 255 211 132 0 36 255
    115 255 255 0 255 0 255 0 255 0 255 0 0 3 0 0 255 65 255 0 0 0 255 0
    255 0 0 169 255 0 255 0 0 255 255 255 0 147 15 255 0 255 0 255 0 255
    255 0 35 0 255 0 26 202 255 0 0 47 255 0 255 255 255 197 0 255 255
    255 0 0 255 255 7 0 0 0 0 255 221 122 255 29 0 255 255 255 0 247 0
    255 81 255 38 255 0 255 168 60 0 0 255 255 241 0 255 255 0 255 145
    255 240 49 0 0 255 146 255 0 0 0 255 255 0 0 195 0 255 0 0 255 0 255
    0 255 120 255 0 163 255 255 255 0 255 0 0 241 255 255 0 70 108 255 0
    0 255 255 0 255 217 172 0 255 0 98 0 0 255 0 255 104 0 206 255 0 0
    214 255 255 255 0 154 0 255 151 255 127 245 0 255 255 0 0 255 64 255
    255 255 255 0 0 255 0 255 255 255 0 0 0 255 38 255 0 0 0 255 255 255
    255 174 0 255 0 255 0 255 255 255 0 255 0 255 255 148 0 255 167 0 0
    186 0 255 255 255 255 255 255 0 0 255 255 255 115 0 114 127 255 0
    255 100 255 0 0 0 255 255 255 0 0 255 255 206 0 0 255 255 255 181 0
    0 185 255 0 0 255 255 0 0 0 255 112 255 0 0 255 255 0 166 0 0 255 67
    255 0 255 255 255 0 0 255 100 215 106 255 255 0 0 0 255 255 0 255
    255 255 150 0 0 255 255 0 255 121 246 255 0 255 255 255 0 0 88 0 255
    255 0 87 0 229 255 132 255 0 0 0 255 0 255 0 255 0 255 255 0 0 180
    255 255 0 0 55 255 7 255 0 0 0 168 255 0 255 255 255 255 0 0 0 0 0
    208 0 123 0 16 255 255 0 47 0 0 255 226 255 218 255 0 255 0 255 0
    255 255 255 0 170 0 0 0 131 255 255 0 255 0 255 255 204 0 116 0 255
    255 0 0 255 76 246 0 0 255 0 255 255 255 0 0 0 0 0 80 255 0 115 0 0
    255 255 255 255 214 255 0 255 0 0 255 117 255 192 255 0 0 255 128
    255 0 255 0 0 255 255 0 0 255 255 37 0 255 255 255 255 0 0 157 0 0
    132 105 255 0 0 50 0 255 0 255 0 255 255 0 255 0 255 242 78 20 0 0
    255 34 255 255 215 0 0 252 0 0 255 0 255 0 8 0 255 0 255 225 26 255
    129 0 255 0 255 251 255 50 0 0 0 125 255 255 163 0 0 207 255 255 255
    0 63 0 255 0 255 130 255 255 0 70 0 196 0 0 255 255 255 0 255 0 255
    255 255 0 0 255 0 255 38 255 8 0 0 201 255 255 255 77 255 255 0 0 0
    255 0 0 255 255 255 0 0 0 0 255 0 255 0 0 255 255 255 0 255 0 0 0
    255 255 255 255 0 0 101 255 0 31 255 255 255 22 0 255 255 73 255 0
    255 0 148 207 0 255 121 0 255 109 255 0 0 120 255 255 0 255 0 255 0
    255 0 255 0 255 255 255 255 208 0 0 255 0 255 0 255 0 0 12 46 255 14
    0 0 0 32 255 255 255 0 0 0 85 255 0 255 0 255 0 0 0 255 247 255 255
    57 28 0 0 0 255 255 0 255 255 255 0 0 166 255 255 0 255 255 0 0 0 0
    0 0 0 164 255 255 255 0 0 0 254 255 233 255 255 255 0 0 255 54 128 0
    0 0 255 0 0 0 0 255 255 255 0 43 255 0 0 0 255 106 0 248 255 255 154
    71 0 88 255 255 20 122 0 255 255 255 71 0 88 255 255 124 242 0 79 0
    202 0 0 0 255 0 33 0 149 156 0 255 255 0 0 255 0 0 255 81 38 0 255
    255 255 255 255 134 255 0 97 255 255 255 0 0 255 0 0 255 255 255 245
    125 0 0 0 0 255 0 255 0 0 0 255 255 255 0 255 0 0 0 132 32 255 0 255
    33 255 255 255 0 0 255 250 161 0 0 37 255 255 255 0 0 255 255 255 0
    0 153 0 170 255 114 255 255 0 255 252 255 0 144 111 255 0 0 0 0 255
    0 255 0 255 214 0 0 0 255 255 255 255 0 33 255 255 255 0 0 0 255 223
    255 202 161 254 0 0 44 84 0 255 0 255 255 255 0 0 0 255 255 255 0
    255 218 255 0 0 255 0 255 195 0 0 0 222 22 255 0 0 0 255 255 168 0
    255 0 255 0 0 255 16 164 0 188 0 255 255 255 178 0 255 255 226 34
    255 0 255 0 88 0 255 0 255 0 0 0 255 255 255 233 85 255 0 255 255 1
    0 0 0 255 82 255 0 159 0 217 0 0 0 220 0 218 0 255 0 0 232 0 255 255
    0 0 255 12 255 255 0 0 90 0 255 255 216 0 0 255 165 0 255 255 255
    255 255 133 42 255 0 181 91 255 0 0 0 194 255 255 0 0 0 0 255 255 0
    0 0 0 0 0 80 249 255 255 209 80 236 255 0 170 1 255 255 0 255 255
    255 0 0 255 255 0 255 255 95 255 255 0 0 0 255 0 91 0 0 0 255 238 0
    255 187 255 255 0 0 0 255 255 69 255 0 255 255 244 255 0 241 0 255
    255 109 255 0 255 0 255 255 255 254 255 255 255 0 82 0 0 0 0 0 0 255
    255 255 255 0 0 156 255 171 129 255 64 3 0 255 255 255 0 0 0 255 255
    87 255 255 0 220 0 0 0 0 0 0 255 255 255 0 255 221 0 0 205 255 0 255
    255 255 0 255 0 255 0 0 0 255 0 255 0 255 0 0 114 0 0 187 255 255 83
    255 0 0 0 255 60 255 45 255 0 255 250 255 255 255 255 0 0 255 83 255
    3 172 0 255 255 255 0 255 255 0 255 0 8 0 255 255 255 0 0 0 197 147
    255 15 0 255 0 0 172 0 255 255 255 29 255 229 0 0 0 255 255 255 233
    255 158 0 255 0 255 179 0 0 255 255 0 255 0 255 23 93 0 27 255 255 0
    0 0 255 0 255 95 255 205 0 0 0 0 0 0 255 0 255 0 209 0 255 0 0 0 0
    134 61 0 255 0 0 255 255 0 255 0 255 251 0 0 0 255 81 0 0 255 255 0
    255 0 255 0 0 175 0 255 0 255 0 0 213 203 255 0 255 255 255 167 255
    0 255 0 255 0 161 0 255 0 122 0 255 92 117 91 25 177 0 255 255 255 0
    0 0 0 255 255 255 64 255 0 238 0 144 255 146 255 0 255 34 255 0 255
    121 255 255 0 255 0 194 136 0 22 255 255 0 0 0 255 0 255 0 33 0 255
    255 255 0 255 255 255 0 255 0 255 255 0 146 255 255 0 0 0 0 255 103
    143 0 0 255 0 255 255 0 197 194 255 0 216 255 255 0 0 255 255 0 0 0
    255 0 255 255 255 255 255 255 0 0 0 255 255 255 0 0 0 221 255 231 0
    0 0 255 255 255 161 34 255 216 255 186 0 0 0 0 198 239 255 255 0 141
    0 140 0 255 0 255 255 255 255 255 0 0 0 255 255 255 0 0 0 255 112 0
    198 211 255 95 255 0 0 255 255 0 255 0 255 0 255 255 68 255 0 255 0
    255 255 255 255 0 229 16 171 0 0 255 255 255 255 0 255 0 253 0 255 0
    255 0 0 82 255 253 0 38 206 255 255 255 147 255 255 255 255 0 0 0
    255 255 18 0 0 0 255 156 21 0 255 0 0 239 0 255 255 255 0 99 255 255
    0 0 255 255 180 0 115 0 255 0 255 255 0 0 0 255 59 255 255 0 0 255
    81 0 251 99 255 0 255 0 74 0 255 0 0 207 255 255 0 0 252 255 0 0 54
    255 255 255 255 47 144 0 0 255 162 255 188 255 255 255 0 0 0 0 255
    255 74 255 0 255 246 255 0 0 0 194 255 255 0 0 37 0 255 0 30 0 255 0
    129 0 255 0 255 0 0 0 255 231 0 144 42 164 0 255 0 255 140 0 0 0 255
    0 255 96 255 0 0 0 0 255 255 0 255 0 255 0 255 0 0 255 0 255 0 159
    255 0 90 0 0 255 0 0 0 255 13 255 255 255 0 0 70 255 0 0 0 255 255
    122 22 201 0 255 255 47 196 0 0 174 255 252 255 0 0 255 0 0 255 255
    255 0 0 0 0 210 0 239 246 255 255 0 255 14 255 0 255 0 0 0 255 0 255
    0 255 255 255 255 0 102 0 114 0 255 255 255 255 31 0 0 0 255 0 0 255
    0 255 121 255 0 0 255 255 255 255 255 0 0 0 255 255 41 255 0 255 182
    255 0 0 0 255 89 255 0 255 0 255 0 0 160 57 255 0 23 23 10 255 255 0
    255 0 63 132 0 255 16 255 255 0 142 255 0 254 255 255 255 0 255 0
    255 0 96 0 111 0 255 255 255 255 255 255 255 139 0 12 35 0 102 21
    255 255 0 7 255 0 255 255 255 255 0 255 0 255 136 255 255 255 255 0
    255 0 0 255 255 255 0 0 231 0 255 124 0 255 255 255 35 207 0 255 0
    255 12 255 26 0 0 0 255 255 228 125 0 255 0 0 0 255 0 0 99 0 79 0
    161 255 255 0 54 168 255 255 0 0 0 0 118 255 255 0 255 0 0 0 255 0 0
    110 255 255 255 0 0 0 255 0 0 217 255 0 255 0 0 0 0 0 0 24 0 0 255 0
    0 132 0 91 255 0 247 0 255 255 255 80 67 255 0 3 0 255 235 255 255 0
    0 0 255 255 255 255 0 184 255 0 255 110 255 100 0 255 0 255 255 255
    255 0 255 0 0 0 255 255 255 255 0 255 0 107 0 255 0 255 255 0 0 0
    255 182 221 0 0 0 255 227 0 0 0 255 255 255 255 34 0 25 255 255 255
    0 249 255 120 255 101 255 0 0 0 255 125 0 0 255 177 255 141 255 0
    255 255 0 0 0 255 255 255 0 255 0 255 0 141 0 0 0 0 181 0 0 0 0 0 0
    0 229 0 255 255 108 64 0 0 255 0 0 4 0 255 0 0 70 255 0 255 235 0 0
    0 255 230 0 0 0 255 255 255 255 0 0 255 255 0 0 255 0 255 0 255 255
    255 0 0 0 255 0 151 255 239 0 237 0 140 226 0 255 0 0 0 164 0 254 0
    0 255 255 255 0 0 255 255 68 0 255 255 255 0 0 255 177 237 255 255
    145 255 255 0 255 0 0 185 0 255 0 255 255 0 255 237 255 255 255 255
    255 0 255 255 255 0 0 0 0 255 0 255 172 0 0 0 148 255 31 93 0 0 255
    0 255 255 0 0 0 0 221 0 255 0 255 255 255 0 0 0 126 93 255 0 255 255
    0 0 0 255 255 255 211 255 0 249 0 255 223 255 0 255 83 0 0 0 0 0 0
    255 192 255 0 249 255 255 0 0 0 0 255 255 255 255 255 255 0 55 136
    192 255 255 255 255 132 0 255 255 255 44 0 0 0 0 0 0 255 255 255 255
    0 0 255 255 255 97 0 255 0 255 0 255 255 0 255 0 0 255 0 255 255 130
    255 0 116 0 0 0 225 255 255 255 0 255 255 0 37 255 255 0 0 0 21 255
    255 151 0 255 0 255 255 25 0 201 255 0 0 0 170 0 255 255 255 0 0 0
    255 255 255 200 0 0 255 147 255 112 0 0 5 255 255 255 255 0 255 255
    175 255 255 216 48 55 246 255 255 255 150 164 255 0 255 0 255 10 255
    255 255 93 0 200 255 0 0 0 255 255 255 22 255 243 241 255 255 55 0
    255 0 0 185 0 255 0 255 0 0 255 255 255 255 0 0 0 255 255 255 0 255
    0 255 0 0 0 232 255 108 242 255 0 255 0 255 0 0 0 0 255 250 255 0
    178 0 255 255 255 67 255 0 0 255 255 255 253 255 255 124 135 0 255 0
    0 0 0 0 226 0 0 0 0 255 255 18 0 0 0 143 255 0 0 255 255 11 0 99 255
    0 145 41 183 255 0 0 204 255 255 0 255 237 255 0 233 54 0 255 1 255
    255 0 0 0 0 180 255 219 0 255 0 0 255 83 0 255 209 0 226 255 0 52
    255 0 0 255 175 77 109 255 0 61 0 92 225 0 255 158 0 159 255 255 255
    255 0 16 255 255 0 0 0 255 40 255 114 0 170 255 255 0 0 0 0 255 255
    255 0 179 144 255 0 158 0 0 95 255 255 0 0 0 255 0 0 217 255 0 0 0
    255 139 181 137 255 0 255 0 205 0 109 0 255 0 0 221 255 255 0 0 255
    0 255 0 255 0 240 255 0 255 255 0 255 244 0 0 0 0 0 0 142 0 255 255
    255 0 0 0 255 229 255 255 62 255 0 255 255 255 95 239 0 255 255 255
    0 255 255 255 0 199 255 255 255 255 0 0 255 248 147 0 255 255 255
    255 255 255 0 255 83 255 255 255 188 255 0 153 0 195 255 255 255 0
    255 255 255 0 255 50 255 0 255 0 255 0 255 255 255 255 0 255 122 0 0
    0 255 0 255 0 89 0 0 0 0 196 255 0 255 70 247 255 187 255 0 0 63 255
    255 0 0 255 255 255 0 0 70 0 255 83 255 255 0 255 255 43 152 255 255
    255 0 255 255 255 0 0 0 0 102 0 255 183 0 255 152 0 0 0 0 255 0 0 0
    0 40 255 255 255 0 0 0 218 255 0 0 61 0 0 0 0 0 134 0 0 166 0 0 129
    255 255 255 255 108 255 255 255 0 255 255 59 255 255 255 0 0 178 0
    115 255 255 0 255 255 255 0 255 0 0 28 0 0 161 115 255 255 255 0 255
    0 0 0 0 255 255 187 0 255 0 115 255 0 255 185 255 255 89 0 255 241
    255 212 0 255 255 0 0 0 255 255 211 110 240 255 0 255 0 255 2 255
    255 0 255 10 255 0 0 0 255 255 255 0 0 255 94 0 0 0 0 255 255 0 0
    255 255 255 125 255 255 0 0 255 0 255 0 64 0 0 0 113 255 0 0 0 255
    255 255 0 255 0 171 153 255 90 60 0 255 244 100 255 120 0 0 0 255 2
    0 0 255 209 0 255 255 231 255 0 255 0 255 0 255 73 240 0 58 25 255 0
    203 153 255 255 255 123 0 0 0 0 255 0 0 255 255 255 238 255 255 255
    0 156 0 255 255 255 246 0 0 0 255 255 255 0 0 255 182 255 0 0 0 0
    255 0 0 0 255 0 255 255 255 0 0 255 255 255 0 255 255 0 255 255 0
    255 0 137 0 238 190 0 255 0 0 255 0 0 65 0 255 178 0 0 0 255 0 255
    255 255 0 0 0 0 255 0 255 0 255 0 0 255 255 255 98 0 0 255 0 66 255
    113 0 255 0 59 0 255 255 67 172 0 255 255 0 255 0 255 0 255 0 255 0
    0 0 255 0 255 0 0 0 0 0 255 0 128 0 129 164 0 240 0 23 0 117 90 0 0
    255 0 252 255 0 211 120 255 255 255 255 0 0 255 0 255 0 255 0 255 0
    255 0 255 255 0 0 12 255 0 0 0 96 0 0 0 0 255 255 255 255 0 255 0 0
    255 0 255 47 255 0 0 22 255 255 255 255 0 122 0 14 255 253 0 0 0 255
    172 255 0 0 0 255 255 255 255 0 0 28 0 255 255 0 0 0 107 0 0 138 43
    255 0 0 255 0 255 0 255 255 164 255 255 0 255 14 255 136 78 0 255
    255 255 164 0 0 255 18 255 0 0 0 0 255 0 234 255 0 0 255 0 255 0 255
    0 255 230 0 0 254 43 0 0 255 175 255 0 0 255 0 255 39 0 0 255 255
    193 139 255 0 255 255 125 186 255 0 0 0 0 0 103 255 25 0 83 4 181 0
    0 255 0 255 0 0 0 255 255 255 27 0 255 0 255 114 160 255 0 0 0 255
    255 177 255 0 255 0 255 0 255 0 255 255 255 255 0 255 94 255 0 233 0
    0 143 0 255 255 0 20 0 0 255 0 0 0 0 255 0 255 10 255 0 255 0 255 0
    0 255 255 198 0 0 255 255 176 0 0 255 203 0 255 245 255 255 0 255 0
    116 0 94 255 0 255 0 255 255 255 159 0 0 0 255 0 5 0 0 0 218 255 255
    0 0 0 255 0 0 0 255 129 255 255 48 0 255 255 42 0 0 255 0 0 0 45 133
    255 255 0 1 133 0 255 255 255 0 0 203 23 0 255 255 255 0 0 255 255
    255 0 227 87 255 255 255 0 0 255 0 0 129 141 0 243 255 255 255 255 0
    255 0 0 226 255 255 255 255 31 0 0 255 0 115 255 30 255 0 0 255 98
    255 0 144 48 156 0 184 255 255 255 0 0 205 0 0 255 255 255 71 0 0 0
    255 0 255 0 255 255 210 255 90 117 103 255 2 0 0 0 117 0 255 255 0
    38 7 134 0 0 255 255 252 0 159 115 255 255 255 119 163 204 255 245
    197 0 255 255 255 255 0 0 255 0 255 0 255 0 0 0 0 111 255 255 241
    255 103 34 69 255 255 0 0 0 210 255 255 0 255 255 0 255 0 0 255 255
    32 0 255 0 0 255 255 255 0 0 0 255 255 255 0 0 0 0 255 255 0 0 255
    255 0 0 182 255 177 0 255 58 255 0 0 255 105 255 233 195 0 255 255
    86 0 0 255 70 255 0 142 0 255 0 255 255 154 0 49 255 0 255 255 255 0
    0 255 255 0 0 255 35 109 0 255 255 0 0 219 255 31 0 92 255 255 255
    128 0 11 45 226 113 0 0 75 255 0 0 171 255 255 255 0 0 255 136 0 0
    255 255 64 177 101 0 61 0 43 0 255 0 255 64 255 0 255 0 255 0 255 0
    255 255 255 255 0 255 0 206 0 178 0 255 255 255 0 255 0 0 218 255
    255 0 167 0 205 0 0 0 255 255 255 0 0 0 255 0 255 0 0 255 0 255 255
    255 255 255 255 0 0 172 0 255 0 255 255 255 0 255 0 255 0 255 255 0
    255 0 190 61 0 255 251 255 255 255 153 6 0 0 0 0 0 255 0 255 255 255
    255 0 59 0 255 255 0 244 255 186 19 0 255 0 255 0 0 0 0 193 0 0 0
    205 255 255 215 0 0 0 255 255 255 255 0 0 44 223 0 0 0 255 0 255 255
    255 255 97 0 0 227 243 0 0 255 0 143 8 0 255 0 0 0 110 255 255 255 0
    255 0 255 255 255 0 0 0 0 255 255 0 0 0 0 0 255 0 255 0 255 0 0 225
    0 255 255 255 0 0 0 255 255 255 0 190 0 255 255 255 109 193 255 255
    0 0 243 255 255 255 50 0 0 255 255 0 255 229 172 255 20 255 255 255
    0 0 0 227 100 255 0 35 0 255 255 0 255 0 141 255 255 0 255 255 255 0
    0 0 219 255 0 255 185 255 35 255 17 120 0 0 19 0 255 0 255 0 189 0 0
    55 255 249 255 0 255 255 255 255 255 255 44 196 0 0 255 255 0 0 193
    0 54 255 255 0 0 129 255 0 255 0 34 255 0 0 67 255 0 0 0 255 0 255
    123 255 0 255 255 162 0 0 4 255 0 64 246 255 255 255 0 255 255 19 0
    0 255 0 255 0 17 255 255 255 255 0 130 0 255 0 255 255 255 0 0 255
    255 255 0 0 177 255 0 4 231 255 0 0 0 255 113 84 202 255 0 33 255
    141 0 0 0 255 0 255 255 255 255 0 0 0 0 255 255 0 255 255 245 255 0
    255 0 0 255 255 255 255 255 0 255 0 0 0 255 255 0 255 207 0 0 255
    255 255 118 0 168 0 255 255 255 255 0 255 0 255 0 255 255 255 189 0
    0 0 0 255 113 0 0 60 255 255 82 255 255 0 0 255 0 0 255 255 122 113
    14 255 0 0 0 28 255 158 255 255 255 0 255 0 255 0 6 213 255 255 0 0
    255 0 255 0 255 255 0 104 255 255 0 0 255 0 0 0 102 255 255 0 203 0
    0 31 0 214 243 255 187 255 255 0 0 255 255 255 0 32 255 255 0 227 0
    6 0 0 255 255 75 0 0 0 0 255 255 255 255 201 0 66 0 0 0 117 255 174
    255 0 255 253 0 0 255 13 255 116 0 0 0 255 146 255 0 255 0 45 150 86
    255 0 255 0 255 0 0 0 0 0 255 255 255 255 0 255 140 255 0 0 255 255
    0 0 0 255 107 255 0 0 228 255 179 112 0 255 0 255 0 255 214 137 0
    255 23 255 35 255 69 0 0 0 0 0 255 255 255 255 255 0 255 13 255 0
    255 255 255 0 0 0 181 255 0 255 29 255 0 0 255 207 0 0 0 255 179 255
    0 0 0 0 209 0 89 0 255 255 0 0 73 255 255 255 255 0 0 0 0 255 255 98
    0 255 75 255 0 0 0 42 0 255 0 255 255 255 255 33 198 0 152 0 86 255
    68 0 255 0 0 0 0 31 0 255 158 251 244 140 0 255 104 255 255 255 0 0
    0 24 255 0 11 0 255 255 236 103 0 0 255 255 255 0 234 255 255 255 0
    0 255 200 255 227 255 0 0 255 255 255 0 53 0 255 233 255 255 255 255
    0 103 0 255 255 25 0 255 255 255 0 0 0 255 255 0 0 255 255 255 0 0
    255 0 255 0 255 0 80 125 255 219 0 0 255 255 255 0 0 255 0 255 255 0
    255 0 255 0 0 0 255 255 0 248 0 255 0 255 46 255 0 0 255 255 0 115 0
    255 255 76 0 0 162 0 0 0 255 78 255 0 0 0 146 255 255 181 255 255
    255 0 0 255 28 255 0 46 0 0 0 255 255 161 0 255 0 0 0 0 255 255 255
    255 229 252 0 255 0 0 0 255 0 255 255 0 255 0 255 255 255 255 255 0
    0 255 255 0 0 0 0 109 255 0 178 153 0 255 255 255 255 0 255 228 0 0
    255 255 250 255 0 0 0 0 0 255 26 0 18 0 255 255 0 222 222 0 255 255
    0 255 255 255 0 0 0 255 255 255 0 21 0 255 0 175 255 210 108 121 140
    255 255 255 0 255 255 15 255 0 0 0 255 255 255 0 0 0 255 0 0 0 255
    255 88 0 0 255 255 0 37 0 255 255 255 0 255 214 255 33 255 255 255 0
    255 0 255 0 255 221 0 0 105 255 155 202 0 0 0 255 0 255 0 126 0 242
    255 178 142 0 0 255 255 0 255 0 0 0 0 0 0 0 0 255 0 255 230 207 0
    191 0 0 0 255 80 0 255 255 0 0 255 255 255 0 217 0 255 255 255 0 225
    255 255 0 255 0 0 0 6 255 0 0 0 0 255 194 255 0 0 29 255 255 0 255 0
    255 0 0 96 255 29 0 255 53 0 0 0 255 213 63 0 250 0 67 255 0 139 0 0
    25 0 255 255 72 0 53 255 0 255 0 255 0 255 0 255 0 255 0 209 255 0
    127 148 16 0 0 117 251 255 255 0 0 157 237 160 0 0 49 47 255 0 255 0
    255 255 255 255 0 0 0 255 83 182 0 253 188 61 4 255 255 0 0 114 0
    255 243 0 0 0 0 255 255 0 0 0 0 255 255 164 0 0 0 5 0 255 255 64 255
    0 78 255 0 255 0 0 0 255 255 255 0 255 255 255 0 0 255 255 255 0 255
    255 73 255 34 0 0 0 255 255 0 0 0 255 255 0 0 255 255 255 0 0 0 255
    255 255 0 0 0 255 0 255 255 255 0 255 0 255 0 0 0 255 0 255 0 255 0
    255 0 0 0 0 0 0 255 255 255 0 0 0 0 0 26 255 255 255 0 0 0 255 84
    255 0 0 185 0 255 255 255 255 0 0 255 227 255 0 255 194 255 233 0
    255 0 0 255 252 255 0 255 15 255 255 0 0 255 255 255 255 255 0 0 0 0
    144 0 255 255 0 0 0 0 255 255 0 255 0 86 237 255 0 0 0 255 0 255 0
    255 43 0 0 0 255 255 109 0 0 0 255 111 255 0 255 255 0 255 180 255 0
    255 0 255 255 255 0 255 255 255 123 0 0 116 12 255 255 0 255 11 0 0
    0 0 0 255 0 255 255 0 212 106 0 184 0 0 0 255 255 255 255 0 255 0
    255 0 255 255 164 0 110 255 0 0 175 154 0 255 0 0 255 255 23 255 0 0
    89 255 255 255 239 13 93 0 255 255 255 255 0 255 0 0 0 255 255 0 255
    255 0 0 0 255 243 98 0 109 12 77 0 170 202 0 0 255 255 199 255 0 120
    0 0 52 255 255 162 0 0 255 0 0 255 255 255 0 0 202 0 255 0 255 47
    255 4 255 0 135 0 0 0 255 60 255 0 255 0 141 255 106 237 0 209 255
    255 255 255 214 0 0 0 187 0 255 255 255 0 255 255 0 0 0 0 255 235
    255 61 3 0 255 255 255 0 250 255 234 0 255 201 255 0 255 0 255 0 0
    255 255 0 0 88 208 255 255 255 0 0 255 255 255 0 249 255 255 0 0 255
    255 0 0 255 169 255 104 0 0 0 88 255 255 0 0 255 41 134 255 0 0 0
    255 255 0 255 255 255 255 0 0 95 255 255 0 96 0 255 255 0 186 0 0 0
    227 255 255 255 255 122 0 255 255 0 211 0 255 0 0 0 0 211 255 255
    255 255 158 255 255 255 255 0 255 255 0 9 0 255 255 0 0 0 255 255
    194 0 0 0 0 255 255 255 79 255 255 0 0 31 255 255 255 42 0 0 98 116
    255 139 0 255 0 255 255 255 0 255 0 255 0 255 0 255 255 255 8 255 0
    255 0 0 0 255 0 0 255 0 255 166 0 3 0 255 255 237 255 33 36 0 0 173
    255 255 0 0 218 0 0 0 200 255 255 140 0 0 255 255 255 0 0 0 255 0
    255 255 0 0 0 255 0 255 138 0 255 255 255 0 0 255 255 0 0 255 65 255
    125 255 217 0 0 0 0 0 243 92 255 255 255 0 142 255 0 255 0 0 0 255 0
    255 141 4 255 255 255 0 0 255 253 0 0 247 36 255 169 0 0 0 255 255
    255 0 234 0 255 0 255 255 127 255 0 69 0 154 150 255 152 255 13 255
    0 255 255 255 160 89 114 255 0 255 0 255 12 35 135 255 0 255 0 183 0
    0 63 255 255 255 78 255 0 205 0 0 208 255 255 0 255 116 255 203 71 0
    223 180 255 0 255 255 255 255 0 243 145 255 255 255 0 0 0 255 255
    255 0 255 255 255 0 255 0 255 0 255 0 0 255 0 255 0 255 31 255 0 0
    244 117 255 255 0 0 0 255 255 255 255 0 255 0 0 255 148 255 255 120
    0 0 0 255 0 255 255 0 0 255 131 0 0 255 46 255 0 0 0 255 255 0 255 0
    255 0 255 255 0 0 0 0 0 0 255 0 104 2 0 0 106 255 224 0 0 0 0 255
    255 255 255 0 0 0 255 255 170 0 0 0 0 255 255 255 0 255 89 0 0 255 0
    0 0 255 255 255 0 0 0 255 255 0 255 255 255 0 0 255 0 255 0 255 0
    255 116 3 50 234 255 0 255 0 255 110 255 61 255 255 255 0 255 0 171
    0 149 255 251 255 0 0 0 246 0 64 255 205 0 255 0 255 255 255 255 255
    255 0 0 0 255 0 40 0 157 0 255 255 255 0 255 0 255 222 255 255 255 0
    255 0 0 0 75 255 0 255 255 101 42 0 255 0 250 0 1 0 255 255 0 0 255
    5 6 255 0 217 10 255 255 0 0 0 220 0 0 0 255 98 148 0 0 255 0 0 0 0
    255 16 255 114 0 0 245 0 255 255 255 255 255 0 255 0 143 0 255 255
    151 255 0 255 0 182 0 255 185 215 255 0 0 215 255 255 0 107 0 48 255
    255 54 0 255 255 255 0 255 22 191 0 208 255 255 0 255 0 0 0 255 176
    255 0 0 0 255 0 0 0 0 0 0 0 255 255 255 255 255 0 0 255 255 217 255
    0 252 55 221 255 255 0 0 0 255 237 121 255 0 0 0 255 143 0 0 0 255 0
    255 139 255 255 74 0 0 255 0 0 0 255 0 255 255 255 0 53 255 0 187 0
    89 0 255 141 255 0 0 0 255 114 0 0 0 0 255 23 0 0 255 255 208 0 0
    238 255 156 0 255 70 255 0 255 1 145 255 255 255 0 255 255 0 0 0 0
    255 255 0 0 255 255 255 255 0 0 255 94 255 0 102 0 170 255 255 255
    255 0 0 0 0 255 255 255 0 0 255 255 255 255 255 145 0 0 17 255 0 255
    255 255 0 255 255 255 0 0 2 255 255 255 0 149 0 255 255 255 0 0 255
    255 255 0 110 255 118 14 0 0 0 255 0 0 7 0 255 255 172 6 74 255 253
    0 255 255 0 0 255 255 178 0 0 180 0 0 0 0 255 255 0 255 0 0 0 255
    255 255 0 0 0 255 255 255 0 255 255 255 255 0 32 0 255 191 0 255 0
    255 0 255 0 255 0 255 0 65 0 255 0 0 255 0 63 255 255 255 0 255 0 84
    199 255 255 0 0 255 59 95 0 163 0 255 255 0 0 255 0 0 0 255 0 0 0
    255 205 255 0 0 0 255 255 0 0 252 255 255 255 0 167 255 0 85 0 0 72
    168 255 0 255 0 198 255 115 255 0 46 0 0 151 255 0 255 191 204 0 14
    95 255 138 0 201 255 255 255 255 255 0 255 0 0 0 255 255 0 255 255
    255 0 0 0 255 255 0 255 0 237 255 0 0 0 255 0 255 255 255 0 0 0 0 0
    255 236 255 0 255 0 255 0 185 0 255 255 0 255 0 255 255 0 0 0 255
    255 0 255 0 255 208 160 0 255 0 0 0 255 0 0 0 255 255 255 0 255 0
    255 0 255 255 255 0 0 255 0 204 255 255 255 0 255 219 0 0 160 150
    255 255 255 255 0 255 255 255 0 0 0 0 255 255 0 0 0 0 255 255 0 60
    132 255 255 140 1 0 255 0 255 179 96 255 155 255 0 255 0 255 255 179
    255 255 255 255 255 115 0 255 255 255 0 0 0 255 255 255 0 0 0 0 255
    0 7 0 237 255 0 255 1 142 255 255 0 0 21 19 255 144 255 0 255 69 255
    0 255 0 255 0 0 0 207 255 255 35 255 166 198 0 255 255 94 255 91 185
    0 255 255 255 255 255 0 0 0 0 255 255 0 0 0 0 0 255 255 255 0 0 0
    255 255 255 0 255 255 255 255 0 0 0 175 0 255 255 0 175 0 243 0 163
    15 255 243 0 0 255 0 0 255 255 255 172 0 0 16 13 20 205 0 255 195 0
    0 0 255 253 255 255 143 0 0 241 244 152 255 255 0 7 0 0 14 0 255 0 0
    0 113 255 255 255 255 0 0 255 255 255 0 0 0 255 0 0 0 0 255 255 0 0
    255 0 3 255 255 255 0 255 0 255 0 0 255 255 228 255 132 52 0 0 0 126
    128 255 0 255 255 8 238 0 255 0 255 0 89 255 218 255 255 255 255 110
    0 0 205 255 255 39 0 0 0 255 43 255 0 0 255 255 255 0 0 0 255 219 0
    0 255 255 0 79 0 255 40 244 54 0 0 0 255 0 255 255 0 190 112 255 255
    255 255 255 0 110 0 255 255 0 0 0 255 0 255 38 44 25 0 255 255 0 0 0
    255 255 255 255 255 0 0 0 255 255 0 255 255 255 0 46 0 0 164 255 0
    76 0 0 255 255 255 0 255 165 255 255 0 0 255 0 0 0 0 243 255 0 255
    255 55 0 0 0 255 0 0 244 255 85 255 0 0 181 131 255 255 255 173 0 0
    103 255 0 255 255 255 0 255 13 0 255 57 0 0 0 255 128 0 0 255 255
    255 255 0 251 0 255 0 255 174 0 0 165 255 0 0 0 188 0 255 0 0 23 255
    255 255 255 255 0 71 0 0 155 255 0 8 0 0 0 255 0 215 160 255 255 183
    0 0 0 255 0 0 0 0 255 0 0 0 255 255 0 0 255 255 255 255 0 0 0 255
    255 0 255 0 255 0 0 0 255 35 255 255 0 243 255 255 255 0 0 255 153 0
    0 255 255 255 63 0 232 255 255 0 193 255 255 255 0 255 83 0 0 255
    255 0 0 0 19 88 79 108 0 0 218 255 0 0 23 85 255 0 255 0 255 0 255 0
    255 0 0 0 255 0 0 0 81 0 0 37 255 255 0 0 0 206 0 255 255 0 0 0 0 25
    255 2 255 255 255 0 255 0 255 0 0 241 0 0 255 255 0 129 0 255 68 170
    0 255 0 0 0 172 255 255 255 0 0 40 255 255 75 255 0 255 0 0 255 255
    255 255 0 255 0 255 0 255 0 57 255 221 0 255 0 255 255 255 255 0 255
    0 0 46 255 0 255 0 255 166 0 0 0 255 255 255 0 0 0 255 0 255 0 255 0
    255 0 112 0 114 255 0 255 168 255 255 255 147 0 36 0 0 0 255 255 255
    0 255 0 0 0 0 26 255 255 122 0 0 255 0 0 0 255 255 255 255 0 255 0
    255 0 255 0 255 0 255 255 55 255 255 255 0 0 0 255 0 0 255 255 255 0
    0 132 0 255 0 37 0 25 0 255 255 255 0 255 0 255 0 255 211 255 255
    184 0 0 255 91 255 227 0 0 0 255 255 255 255 0 0 255 255 0 35 99 0
    183 255 255 0 22 0 255 0 53 255 0 255 255 255 203 149 74 0 255 0 0 0
    183 0 255 120 255 80 255 0 255 255 0 0 187 255 25 255 255 255 255
    171 0 255 255 200 0 255 47 116 33 45 255 0 0 255 255 255 134 0 0 255
    0 255 0 255 0 255 196 255 0 0 233 0 231 3 255 224 0 255 223 255 113
    255 0 0 0 0 0 15 255 255 27 137 78 255 255 0 0 0 255 255 0 0 99 255
    0 255 0 255 0 0 0 255 255 169 0 255 0 70 0 255 255 0 0 0 255 255 101
    122 0 0 255 255 255 113 255 0 133 255 45 255 0 255 0 255 0 68 187
    255 231 255 228 0 125 0 255 255 255 0 0 0 0 255 197 255 255 148 77
    255 190 0 0 0 215 161 255 0 255 189 255 0 255 0 149 255 255 0 255 0
    255 255 0 0 0 255 255 0 0 255 0 255 0 255 0 255 255 209 255 0 255 0
    100 0 0 122 0 0 0 255 160 0 255 0 255 0 255 255 255 255 5 0 0 92 255
    0 0 159 255 0 0 203 153 0 0 0 255 255 255 255 0 0 0 0 0 255 255 255
    255 0 17 0 0 254 255 255 91 41 0 0 0 255 255 0 186 0 255 255 0 0 0
    255 162 0 0 0 255 166 255 0 0 0 174 0 0 255 0 255 0 0 85 73 0 255 0
    255 255 81 0 0 0 121 255 255 0 0 0 255 116 0 255 208 255 255 255 0
    48 255 0 255 255 178 0 189 0 0 255 255 0 0 255 255 255 0 0 0 255 0
    114 0 255 0 38 0 0 255 255 96 0 255 255 255 0 0 0 0 255 0 184 0 0 0
    0 0 255 0 255 110 0 0 0 0 185 255 0 0 255 255 118 255 255 255 0 0
    140 255 0 255 255 9 0 255 120 0 255 255 0 0 170 255 0 255 0 255 255
    255 0 0 0 153 255 255 255 0 29 255 255 180 0 255 0 255 255 255 0 0
    255 255 0 0 253 0 255 0 0 129 255 255 0 5 0 203 0 0 255 255 255 0
    255 255 255 255 0 0 255 255 255 0 0 0 112 255 36 0 255 0 0 0 0 163 0
    0 0 195 164 0 0 255 255 255 0 0 0 68 255 0 255 255 255 0 0 255 171
    158 31 255 84 0 186 255 255 0 0 0 255 0 0 255 0 255 0 255 0 255 0
    255 255 0 255 0 230 0 76 0 0 255 17 255 0 255 255 255 255 0 0 0 59
    255 135 255 255 255 255 198 0 0 0 255 255 255 0 35 0 255 0 255 255
    255 255 0 175 255 255 0 255 0 0 0 49 255 255 255 214 255 0 208 32 45
    0 255 255 0 0 0 255 255 213 39 255 255 174 255 255 0 0 0 255 0 0 34
    26 0 255 255 0 255 0 87 255 255 0 0 65 255 255 0 0 0 0 61 0 0 13 0
    166 0 255 135 0 255 0 0 255 0 255 255 0 225 216 0 255 0 0 0 0 0 22
    255 0 73 225 255 255 0 0 255 255 255 0 0 0 255 255 255 0 0 255 255
    255 0 255 246 30 0 133 0 255 0 255 0 255 255 255 0 255 0 89 0 255 29
    255 0 0 0 255 0 154 255 255 255 255 0 0 255 0 255 0 255 0 255 255 1
    0 0 0 255 255 255 0 99 255 255 255 0 0 0 255 255 255 0 0 255 0 0 255
    109 54 0 57 0 179 255 255 124 255 255 0 255 255 255 0 0 125 0 55 73
    146 255 255 0 0 255 255 0 0 255 159 255 255 0 0 255 0 83 0 255 0 0
    255 74 255 0 255 0 255 0 255 255 0 0 0 255 255 106 119 0 0 167 166
    255 0 255 255 255 255 0 4 255 53 0 255 255 255 0 255 255 68 0 0 39
    255 86 0 0 255 0 255 255 255 15 0 255 125 255 0 0 131 0 255 255 0
    255 0 255 0 0 0 255 255 255 0 22 255 0 255 255 255 0 0 0 255 0 235 0
    255 255 255 0 255 255 255 1 163 255 255 0 255 0 255 0 174 255 255 0
    0 255 0 66 15 255 0 0 0 0 255 255 86 26 208 0 0 95 0 0 0 255 255 14
    0 255 36 255 32 15 255 246 255 0 181 0 255 0 0 254 255 255 179 0 39
    7 255 255 255 66 0 0 0 0 0 255 163 210 0 0 185 61 255 255 0 0 255
    255 255 255 212 255 255 0 0 0 131 0 171 0 248 188 0 255 0 255 222
    255 219 0 0 255 255 0 0 0 0 255 0 255 255 255 103 0 0 255 255 224 0
    255 255 255 30 255 174 234 0 113 255 99 180 0 224 0 0 254 76 0 255
    235 58 177 0 255 0 0 129 0 0 255 0 255 255 60 255 255 255 0 255 255
    0 0 160 255 255 82 229 0 76 255 166 187 255 0 0 0 255 255 255 173
    255 255 255 0 255 0 0 0 255 255 0 0 253 255 255 255 0 255 255 255 0
    0 0 255 195 0 0 209 0 255 101 0 253 0 255 0 0 0 255 255 255 0 255 0
    155 124 255 255 0 103 0 255 255 255 0 0 255 0 0 255 0 255 255 0 255
    215 255 26 0 0 0 176 0 0 255 255 255 255 255 255 0 0 255 255 255 0
    67 255 255 93 0 0 255 47 255 5 0 0 0 255 255 255 0 0 255 0 0 255 255
    137 255 0 255 0 103 5 255 152 255 0 255 255 255 158 0 0 0 255 100
    255 255 255 255 0 255 0 0 0 255 255 0 0 255 255 0 255 90 255 189 0 0
    0 255 255 40 0 0 75 160 255 255 19 255 190 0 255 255 255 0 255 0 0 0
    255 255 19 0 0 84 255 255 255 255 255 255 0 0 255 255 255 255 0 0 76
    0 255 0 255 0 255 104 0 0 255 0 255 172 103 0 0 255 0 60 0 82 170
    255 255 58 255 255 0 0 255 0 255 0 255 0 51 0 255 62 255 0 255 0 255
    255 0 255 0 255 0 0 0 222 255 0 255 0 168 0 255 0 0 64 0 255 0 255 0
    255 0 0 255 149 255 255 0 255 255 255 255 0 0 255 0 255 255 255 0
    255 0 0 119 255 0 0 0 0 255 0 255 0 211 255 255 255 0 255 0 255 0 0
    0 255 255 255 255 255 0 255 0 255 255 0 0 0 0 255 0 255 0 210 255
    255 0 255 10 255 0 255 255 255 0 0 255 255 220 255 0 0 0 26 255 0 29
    0 0 255 0 255 0 0 0 255 255 0 251 0 71 32 255 255 0 255 255 82 22 0
    0 255 255 255 0 106 255 255 0 252 255 174 227 236 255 255 255 228 0
    0 255 0 255 74 0 0 10 0 0 255 255 255 110 255 255 2 0 0 2 70 0 0 0 0
    11 255 0 255 0 0 0 255 182 18 0 255 0 255 0 87 0 0 0 0 255 255 255
    255 0 0 0 255 255 255 0 255 255 155 44 0 255 255 255 0 255 59 255 0
    255 0 255 0 0 113 255 255 218 172 255 57 0 0 255 255 255 0 255 0 0 0
    0 255 0 255 0 255 1 0 255 0 0 0 0 229 255 239 47 0 255 35 0 255 52
    255 0 0 255 255 255 255 246 255 255 255 0 0 255 255 255 255 0 184 0
    255 255 0 0 157 6 56 0 0 255 255 255 120 255 207 255 42 0 255 205
    236 0 255 0 255 255 255 0 0 0 255 255 255 0 65 255 255 237 227 0 255
    137 0 152 0 255 0 0 0 255 255 255 0 0 0 0 255 255 0 0 255 255 0 0
    245 0 81 255 0 0 0 0 38 255 255 0 0 0 247 255 159 255 255 255 255 0
    0 97 255 255 255 204 0 0 0 255 0 255 0 255 255 255 255 255 0 0 0 255
    255 0 0 0 255 255 0 255 223 255 255 255 107 255 156 0 255 107 255
    248 255 75 255 255 169 255 0 44 255 255 0 0 0 201 255 255 255 167 0
    0 0 255 75 95 123 0 255 255 255 191 0 0 255 255 0 255 255 255 182
    255 0 0 184 0 0 96 0 0 255 255 255 0 225 0 255 0 193 255 255 0 255 0
    255 0 255 0 255 0 0 0 255 255 255 0 0 0 0 255 166 0 0 255 0 0 255 57
    255 0 0 255 0 255 0 255 54 255 0 255 0 0 0 255 255 255 255 12 0 255
    255 255 56 255 83 0 0 140 255 0 0 255 0 255 255 255 0 0 0 255 255 58
    255 0 0 0 0 0 255 255 0 255 0 255 83 0 255 223 0 0 255 255 230 0 76
    255 255 255 0 0 0 255 0 255 0 206 255 255 173 0 0 0 221 164 0 0 0 0
    227 0 255 148 255 0 0 191 255 255 44 255 255 0 0 0 255 31 0 0 0 255
    0 255 0 242 255 255 159 255 255 255 0 139 0 0 93 255 255 0 0 255 255
    255 0 255 216 0 255 255 255 255 0 255 0 255 255 0 255 0 255 0 0 255
    0 255 255 255 255 0 0 0 2 39 0 255 255 16 182 255 255 255 0 255 255
    0 0 0 255 255 0 255 57 180 0 0 104 255 255 0 248 238 255 138 255 0 0
    0 0 255 0 255 255 157 0 0 255 255 0 0 0 255 255 255 0 0 0 0 0 0 0
    255 255 128 255 255 0 0 0 0 255 0 255 0 255 217 0 255 0 255 42 125 0
    15 255 190 255 0 255 0 255 208 255 63 33 255 0 0 29 255 255 0 94 0
    255 255 87 0 0 158 0 255 167 13 255 99 255 255 255 0 255 255 255 72
    0 255 255 80 0 255 255 0 0 0 143 0 255 255 0 255 0 255 255 255 0 0 0
    255 255 0 0 0 52 255 255 71 0 255 255 255 255 66 255 48 0 0 0 255
    255 255 255 255 0 146 255 255 0 255 135 0 31 229 0 0 255 0 0 255 255
    0 0 255 255 0 211 0 255 0 255 250 255 245 0 166 10 0 255 0 0 0 0 255
    126 255 255 0 0 76 255 255 0 255 0 255 210 255 0 0 255 255 63 0 0
    255 0 255 255 255 235 255 109 255 0 0 97 255 255 255 222 0 0 0 0 214
    0 187 2 255 255 255 255 0 2 11 255 111 0 0 0 58 255 130 0 255 0 0 0
    0 255 0 255 62 255 0 255 0 0 255 255 255 255 70 0 255 222 255 255
    255 0 255 0 0 0 255 255 255 95 0 255 18 255 0 0 0 240 0 61 63 255
    255 0 0 255 255 255 0 0 0 255 255 255 81 0 255 172 255 0 0 0 0 88 73
    95 255 0 0 0 255 255 255 0 0 0 255 255 0 0 83 255 0 255 6 123 67 255
    255 213 0 255 255 0 0 0 255 255 255 201 0 25 0 96 0 0 0 255 200 255
    255 0 0 0 255 0 255 52 0 255 23 0 255 108 0 0 233 0 255 255 0 255
    255 255 0 0 255 255 255 0 0 0 0 140 255 255 255 255 0 255 0 3 0 232
    255 255 0 0 104 255 255 0 0 255 0 255 243 175 0 0 0 255 0 0 0 255
    255 0 0 0 255 21 255 255 255 255 255 0 0 255 0 0 0 0 0 98 0 255 220
    255 0 0 0 255 0 48 0 0 0 255 0 255 255 102 0 255 0 36 0 193 0 255
    255 255 255 0 255 232 0 0 96 255 0 255 255 0 0 0 0 255 0 11 255 255
    0 0 255 255 0 255 0 210 255 0 207 255 255 0 0 250 231 255 255 180
    255 255 244 255 0 0 2 0 255 0 255 0 255 0 92 209 207 0 0 0 0 255 255
    0 0 255 255 0 255 35 0 0 255 255 255 0 255 0 0 225 255 255 0 163 122
    209 0 0 71 255 255 255 0 0 255 255 126 0 255 255 255 0 36 255 255 0
    164 0 0 199 255 255 0 0 0 0 0 255 255 255 255 0 0 0 255 0 255 177 0
    0 255 0 204 0 22 255 255 255 255 255 255 0 0 114 0 255 255 255 255 0
    42 72 255 255 0 0 255 86 40 255 133 0 189 255 255 0 255 255 255 255
    0 0 255 255 0 0 0 255 229 255 0 0 0 255 255 0 255 156 255 209 7 0
    255 0 255 255 255 255 255 0 247 23 255 0 0 0 255 255 0 0 118 0 0 0
    255 255 255 255 255 170 0 0 255 0 0 0 255 64 255 34 255 0 255 255
    255 255 0 0 0 255 0 229 0 255 255 0 0 0 89 51 255 0 0 0 141 255 255
    92 0 255 0 255 0 255 0 0 0 0 237 255 0 0 0 0 255 0 108 255 255 255
    65 135 224 109 0 255 255 32 0 0 0 234 255 255 255 0 255 0 0 0 0 0 0
    255 255 186 0 72 255 0 213 0 0 0 255 255 255 255 184 127 255 255 255
    0 0 255 255 255 255 0 127 0 0 0 69 255 216 255 0 255 0 255 255 255
    87 0 255 255 255 255 0 0 0 255 0 0 255 0 255 0 0 121 255 255 255 108
    255 59 168 0 0 0 144 148 27 255 255 189 0 0 247 0 196 194 255 0 0 0
    140 19 255 19 177 0 0 207 255 170 255 0 20 0 179 0 148 106 255 255
    73 80 163 255 255 255 0 222 255 46 94 255 139 255 0 0 255 0 255 0
    200 0 0 255 255 5 255 0 0 0 58 255 255 0 0 255 255 255 71 0 0 255
    255 255 255 4 58 0 255 0 0 0 52 0 6 107 255 0 0 255 255 67 0 0 64 0
    0 232 255 239 255 255 0 255 0 181 0 0 255 255 0 255 0 136 182 255 34
    255 0 255 92 255 0 0 150 255 107 0 255 43 255 255 0 157 55 0 0 0 216
    0 16 255 0 255 255 0 255 0 0 0 230 255 255 255 255 126 98 255 0 255
    94 0 0 255 255 105 4 136 0 0 5 35 255 223 255 255 0 0 0 0 0 255 0 0
    255 0 255 75 0 175 255 255 0 0 0 49 0 0 0 255 255 255 0 0 255 0 0
    255 141 255 255 0 0 0 255 255 0 255 0 0 0 0 204 255 109 164 255 0
    255 155 196 0 0 0 0 255 255 206 0 128 255 255 0 0 99 255 255 0 0 0 0
    255 240 0 0 0 255 0 255 0 255 0 255 0 242 190 18 255 255 173 0 255 0
    255 255 0 0 0 0 0 80 68 255 255 255 0 165 163 0 0 255 255 0 150 0 0
    162 255 0 78 255 255 0 0 255 255 255 0 51 0 80 78 255 0 255 255 255
    0 0 128 0 0 255 255 0 121 0 255 0 0 232 0 255 0 255 0 98 57 255 0
    255 0 209 255 255 255 0 255 0 60 0 0 255 244 247 151 255 0 255 249
    255 0 255 255 255 0 0 40 255 0 201 24 0 255 255 255 0 255 245 255 0
    0 255 255 174 255 0 255 255 255 0 255 0 0 255 0 0 0 255 0 0 255 0
    173 0 255 255 255 0 241 0 255 0 255 144 0 0 0 0 255 0 255 0 255 0 0
    0 255 0 255 0 0 121 0 255 255 255 200 31 0 255 255 0 0 0 0 64 0 255
    255 255 255 160 0 147 0 0 255 255 163 255 255 35 0 10 211 0 255 0 0
    255 0 0 0 255 255 0 0 0 255 255 0 17 196 255 0 255 0 255 0 255 255
    160 0 71 255 0 130 255 135 0 0 0 255 0 255 0 0 0 0 0 0 255 255 0 255
    68 0 227 255 0 255 255 255 91 0 0 0 255 29 244 255 255 0 234 255 255
    125 136 139 255 0 29 88 0 0 255 0 186 0 255 28 255 0 0 0 255 255 0
    156 0 255 0 255 255 128 255 0 255 255 255 0 0 0 0 255 0 255 0 255 0
    255 0 255 0 0 255 60 255 0 255 0 255 255 255 0 0 0 255 255 255 138 0
    90 0 255 255 255 111 0 0 255 0 0 255 182 255 0 0 255 0 183 255 255
    125 0 0 76 255 0 255 255 255 109 0 255 112 255 0 255 0 255 161 255
    255 0 255 0 255 0 5 0 118 255 255 255 0 114 255 255 0 211 255 255
    255 255 0 80 0 204 0 0 255 0 255 0 255 124 0 0 0 255 0 0 0 255 0 255
    255 255 255 0 0 255 255 255 0 255 0 255 255 0 255 255 0 0 0 0 255 0
    255 82 255 67 125 0 255 255 0 255 0 214 0 252 248 166 255 41 255 0 0
    0 255 0 194 0 15 0 0 0 255 255 42 255 255 255 9 0 0 255 255 255 0 0
    35 255 255 0 0 255 4 46 255 0 255 255 255 0 0 0 143 255 0 255 0 159
    233 255 57 255 0 0 255 255 255 255 23 84 0 0 0 0 0 255 255 255 0 24
    255 255 0 0 0 255 11 255 0 255 0 255 255 0 0 59 0 0 255 0 46 0 255
    255 255 159 44 0 214 0 255 229 255 0 0 169 0 0 0 237 0 0 0 255 0 255
    255 255 0 183 255 197 195 255 255 255 0 255 0 0 255 255 255 0 0 255
    255 30 0 0 28 255 255 11 0 183 91 0 0 255 255 0 0 72 19 255 109 0
    255 195 255 0 255 171 5 0 255 0 255 0 20 255 0 0 235 0 100 255 171 0
    255 236 255 0 0 211 0 94 0 255 255 255 0 255 255 255 255 255 0 0 0
    255 255 98 0 0 255 0 255 250 255 0 0 53 255 0 255 255 255 255 0 255
    37 255 0 255 255 0 0 171 0 255 65 0 0 255 0 255 0 255 187 0 0 255 0
    255 120 255 55 178 120 255 255 255 0 230 39 0 0 255 0 255 255 91 255
    255 172 255 0 83 0 255 231 255 255 206 0 255 0 66 0 0 255 0 0 0 255
    0 255 255 255 248 255 207 0 0 255 255 255 255 255 0 0 255 0 255 0
    211 255 255 0 0 74 255 255 0 255 0 255 23 0 0 0 0 0 255 255 1 255 0
    0 0 255 255 0 255 255 0 255 0 255 0 255 0 92 0 0 0 199 78 167 255 0
    80 213 255 255 255 255 207 191 255 255 255 0 0 255 255 255 255 255 0
    0 0 0 236 255 255 0 255 0 255 255 0 255 14 0 0 0 255 255 24 255 0
    255 204 0 255 255 0 255 255 0 0 0 0 222 95 11 255 255 24 185 0 255
    61 0 0 0 135 255 243 0 0 0 0 255 0 0 255 255 255 0 65 0 12 255 255 0
    255 0 255 0 255 0 0 255 255 0 0 255 255 0 0 0 255 0 255 29 199 255
    255 255 255 205 0 255 255 25 0 0 255 0 255 191 255 0 255 0 255 0 255
    255 0 235 0 255 255 255 0 221 255 0 0 0 255 255 255 255 0 154 0 255
    255 0 255 255 135 175 28 255 255 255 0 79 0 255 255 255 0 0 255 178
    255 0 255 0 255 255 255 0 0 255 255 0 0 255 191 255 255 255 0 255 0
    255 0 249 0 255 0 234 134 186 0 0 0 255 255 255 0 255 0 0 170 255
    255 184 238 0 0 0 255 255 0 0 0 211 27 255 0 0 0 157 255 190 255 0 0
    0 255 0 255 0 255 62 255 0 0 255 255 255 194 255 0 101 0 0 255 20
    255 255 255 68 255 0 0 255 200 255 0 255 0 0 0 0 0 69 0 255 0 70 0
    255 0 183 255 0 0 0 255 255 255 255 255 255 0 255 119 255 0 0 0 0
    255 0 0 0 255 0 0 255 255 0 0 255 255 16 0 255 221 0 9 42 19 255 0
    42 0 0 255 255 0 0 255 255 0 0 0 255 255 255 255 29 0 255 255 255 0
    0 0 104 0 255 0 0 255 43 0 0 255 255 255 0 0 0 255 0 255 0 255 77 0
    0 255 0 0 0 255 255 34 0 255 255 0 0 0 255 0 0 0 0 255 255 255 0 255
    220 255 149 255 4 180 255 0 114 0 0 255 0 52 255 58 174 0 255 10 255
    75 255 0 0 0 0 255 32 255 255 255 0 0 0 255 255 51 0 78 0 189 75 0
    255 0 0 94 0 109 255 41 255 0 255 246 255 0 255 89 0 255 48 255 198
    255 47 255 255 255 0 0 43 255 204 255 113 0 0 0 140 255 255 114 0
    199 0 255 255 0 0 0 12 251 0 0 0 0 255 255 0 0 250 0 0 202 255 0 255
    0 0 255 255 255 0 255 90 0 0 0 255 147 255 255 255 0 255 134 255 255
    255 255 0 251 255 0 255 255 255 0 0 255 0 255 255 204 103 0 0 255 0
    255 0 255 255 255 255 0 30 0 119 255 0 98 214 255 255 0 255 255 255
    0 134 22 255 255 0 255 0 0 255 255 0 204 255 0 0 0 255 255 0 0 36 0
    255 255 255 255 178 0 232 255 221 0 103 31 141 0 58 0 71 0 0 0 233
    32 255 255 163 0 0 0 255 0 255 255 170 255 0 0 0 255 0 255 219 255
    234 255 0 0 0 255 255 255 0 0 0 255 0 0 0 255 255 0 255 0 255 255
    255 255 0 255 127 0 44 0 255 192 255 0 255 164 0 0 136 255 255 255
    255 255 0 0 255 0 0 0 255 0 125 192 255 0 255 0 255 255 255 0 255 52
    255 0 0 255 255 255 255 0 0 0 187 0 0 0 255 0 255 0 255 49 255 0 0 0
    81 255 0 199 0 255 30 255 255 0 255 0 255 0 255 79 255 255 255 236 0
    0 255 0 19 146 0 255 255 0 255 0 0 0 0 255 255 255 0 198 0 255 162 0
    255 0 255 255 255 0 0 0 0 255 255 0 0 0 0 255 255 255 217 44 0 0 255
    0 0 0 255 255 255 0 0 0 255 255 255 255 67 0 0 0 219 255 255 255 255
    255 0 0 4 221 0 0 0 255 0 18 0 255 255 255 79 255 0 255 255 0 255
    255 255 255 49 0 0 127 255 116 14 0 255 44 192 255 255 0 255 113 129
    0 0 255 0 255 229 0 139 0 255 0 255 255 44 255 201 122 0 255 0 255 0
    0 255 23 255 227 114 0 0 0 255 255 255 255 108 0 184 0 255 0 255 0
    255 142 0 255 0 0 0 255 255 0 255 167 0 255 255 138 255 0 0 0 0 0
    255 0 191 255 0 255 32 0 110 0 0 0 0 255 255 255 0 0 0 255 255 255 0
    0 67 255 0 230 255 255 255 0 255 0 0 0 255 176 255 255 0 0 0 255 191
    180 0 0 0 64 255 255 162 15 255 211 255 175 0 255 253 255 0 255 0 21
    255 255 0 255 255 36 0 0 185 255 187 255 0 0 0 0 255 211 255 130 255
    7 0 221 12 255 255 255 0 0 51 255 255 255 0 0 0 255 0 0 0 0 255 0 0
    255 0 90 0 255 255 160 0 0 0 255 51 212 220 255 255 82 255 0 7 0 89
    0 0 0 255 255 255 0 255 0 39 0 0 0 255 4 0 0 0 255 255 255 255 255 0
    255 0 255 255 255 0 0 255 255 154 190 255 54 0 255 192 255 0 255 0
    255 255 0 255 0 0 255 208 247 0 43 0 0 248 255 255 255 0 123 0 131
    244 55 231 99 255 255 0 0 0 239 255 157 62 0 0 211 255 255 0 0 0 0
    255 0 0 87 255 255 150 255 255 0 0 45 255 0 0 21 255 255 0 255 0 0 0
    189 255 255 255 0 0 1 255 255 255 0 0 255 255 255 0 0 255 0 255 0 0
    255 98 255 0 0 0 255 9 255 38 0 0 0 0 0 34 255 55 255 0 255 157 0 0
    0 255 255 0 255 0 255 238 255 0 255 0 0 0 0 255 124 255 0 150 0 255
    0 255 255 255 38 0 0 0 242 255 255 0 0 0 255 255 24 90 255 255 255
    255 0 0 0 119 169 255 0 255 255 255 67 255 25 255 255 0 255 255 255
    255 0 0 139 0 0 0 255 255 255 255 0 0 28 0 255 255 255 0 0 255 0 116
    0 255 0 0 0 255 39 255 255 0 0 255 255 0 255 0 0 0 255 0 0 104 47
    255 31 255 0 0 0 238 0 0 255 255 0 255 0 255 255 0 233 255 255 0 136
    255 255 255 181 255 0 255 0 0 0 255 255 255 255 255 219 203 255 0
    255 0 255 0 0 0 255 255 38 255 0 0 54 210 0 255 74 255 0 109 255 0
    255 0 255 0 0 0 255 255 255 0 255 0 255 0 255 245 255 255 0 109 0
    255 217 255 255 0 110 0 0 0 0 255 255 255 153 255 255 255 255 0 255
    0 255 0 255 40 255 0 225 255 255 32 0 255 0 91 0 255 255 151 0 0 0
    255 255 255 0 255 255 255 255 255 91 0 255 0 97 255 0 0 255 0 255 0
    255 0 255 255 255 0 0 0 255 0 217 0 145 152 255 255 0 0 0 193 0 110
    0 136 228 255 255 255 0 0 255 255 255 0 0 255 255 0 0 255 255 255 0
    0 0 112 255 255 255 255 0 0 255 255 167 0 12 134 0 0 255 255 0 255
    255 0 0 248 0 255 255 255 255 150 0 0 255 255 0 255 0 255 255 0 0
    255 0 0 0 255 255 255 255 172 255 0 0 229 59 255 0 255 0 255 0 255 0
    255 255 255 255 0 0 13 0 167 255 255 255 6 103 0 85 255 255 255 0 0
    255 0 255 12 0 0 255 0 255 0 255 255 0 255 0 255 0 255 0 255 255 233
    255 255 0 249 241 255 255 109 0 255 38 255 0 155 0 255 255 151 255 0
    255 0 0 255 255 255 0 255 255 58 0 0 84 255 255 255 255 0 0 0 255
    255 0 0 255 166 18 255 255 0 0 167 76 0 0 44 255 0 255 0 255 0 255 0
    0 0 0 255 255 255 255 0 0 0 255 0 255 52 255 0 255 0 255 0 255 255
    22 0 93 166 255 0 255 0 195 255 255 0 0 44 255 0 249 0 255 0 255 169
    198 0 33 255 0 255 108 255 195 255 0 0 255 255 255 1 0 0 0 0 255 255
    255 84 0 0 0 7 189 81 255 16 255 255 255 0 255 255 255 255 0 255 255
    255 255 0 0 255 255 0 255 0 0 0 255 255 231 237 255 0 0 0 54 255 29
    185 255 0 0 255 52 0 255 0 255 255 0 0 255 255 0 0 255 255 255 0 0 0
    20 255 0 255 0 255 255 28 0 220 255 255 110 0 0 255 255 0 255 255
    253 142 0 0 231 0 255 92 24 0 138 47 0 255 255 255 0 0 70 255 255 0
    0 255 255 0 255 255 255 0 0 255 149 255 255 0 255 0 173 255 0 255 46
    255 0 0 0 255 149 0 0 255 0 0 0 255 0 255 255 255 253 0 0 255 255
    235 255 0 0 255 255 0 0 0 255 255 255 255 255 61 0 82 0 255 0 167
    122 255 255 0 178 0 255 0 0 255 255 255 255 255 0 0 0 255 0 0 0 0
    254 255 255 255 0 0 204 255 255 255 0 0 255 0 255 0 255 255 255 255
    87 245 0 0 0 255 255 0 0 197 0 255 255 255 0 0 120 255 255 255 0 255
    255 0 0 0 0 255 0 255 121 255 255 255 0 0 0 5 255 32 0 90 78 0 255
    255 255 160 182 0 255 255 255 0 0 0 255 0 0 0 255 184 255 0 255 255
    195 0 33 255 93 0 0 37 244 255 0 0 0 132 255 0 255 240 159 255 0 255
    0 0 0 0 255 136 255 0 255 0 113 255 0 0 109 194 255 255 255 255 0 31
    0 255 255 255 0 255 235 255 0 0 255 0 255 33 255 255 255 0 255 255 0
    0 0 54 255 255 0 255 255 0 0 135 0 255 106 0 255 25 210 0 212 255 0
    0 48 0 0 255 255 0 19 185 0 248 0 255 116 255 255 255 255 0 255 0
    222 0 202 64 255 255 255 0 250 0 255 255 64 29 0 255 255 56 0 131
    217 255 40 0 0 0 1 19 255 255 0 0 0 0 0 0 0 0 69 41 0 255 255 0 0
    255 255 255 249 255 0 58 0 255 15 0 0 255 255 144 0 0 0 255 0 255 0
    255 255 255 140 255 182 255 0 255 255 255 0 0 0 179 255 0 46 0 0 0
    150 0 119 255 255 0 255 32 24 0 81 0 0 255 255 255 0 255 0 255 0 209
    174 255 255 215 0 0 255 135 255 106 255 0 0 0 255 255 0 255 0 255 0
    71 0 0 0 255 255 255 255 0 0 0 255 0 40 0 0 255 0 210 255 255 0 5
    255 255 255 255 255 255 0 0 0 0 255 255 255 0 255 0 255 0 0 0 255
    218 255 0 255 255 0 0 104 63 255 18 255 0 255 255 0 0 0 0 255 255
    255 0 255 15 255 255 255 255 0 0 0 228 255 0 0 255 255 0 0 255 255
    255 0 62 0 255 255 255 0 144 255 255 0 55 255 255 0 28 0 0 0 255 0
    255 0 0 168 255 255 195 255 0 0 239 0 0 255 0 255 255 247 255 255 60
    0 255 169 255 255 0 255 242 255 0 0 160 255 255 255 0 0 0 255 255
    121 255 255 0 0 255 255 255 0 0 0 87 255 255 0 255 0 0 88 255 169 0
    0 0 0 0 166 255 0 255 102 48 0 0 255 0 255 255 255 225 0 255 255 255
    0 255 0 0 255 0 255 0 255 255 0 0 0 255 255 255 0 182 255 0 0 255
    116 255 102 0 227 255 161 0 86 255 255 52 0 255 0 255 255 0 0 0 0
    255 140 255 255 0 0 0 255 255 255 255 121 0 255 255 255 255 185 0 0
    216 143 156 255 101 0 255 211 255 14 0 255 0 255 156 0 255 255 0 255
    255 0 211 255 255 255 0 77 0 69 255 138 255 176 229 19 0 255 0 255 0
    255 0 0 255 0 97 0 255 0 255 21 255 0 0 255 255 7 255 0 255 48 0 212
    255 166 0 75 255 0 59 0 255 255 0 0 0 255 28 255 0 245 255 0 116 255
    149 0 255 0 0 0 223 255 47 255 0 20 0 104 0 255 255 255 255 0 129 0
    0 255 23 0 255 0 0 0 255 137 89 0 177 255 46 0 255 255 0 255 0 255
    41 0 45 255 255 255 0 0 0 0 0 255 0 0 255 0 0 226 0 0 145 255 204 0
    0 255 0 27 0 0 255 255 0 255 0 0 0 0 114 44 255 255 0 255 0 255 255
    147 255 114 255 0 9 97 255 255 255 70 0 33 202 255 81 255 0 255 0
    255 0 38 0 171 81 255 0 255 228 255 255 0 255 0 0 255 255 255 0 188
    0 96 179 255 255 0 255 0 0 255 154 0 255 255 0 255 0 255 110 88 0
    131 255 0 255 0 255 0 110 255 0 105 255 0 0 0 255 255 255 166 79 0 0
    255 255 255 0 255 0 0 0 0 255 124 0 0 0 255 0 46 255 255 255 255 0 0
    0 255 255 255 0 0 255 255 255 255 94 0 255 255 255 255 255 0 253 62
    0 0 255 255 255 0 128 255 191 0 0 255 255 255 75 0 0 0 0 0 0 255 255
    255 158 0 35 0 0 0 255 255 114 255 0 0 255 255 0 0 0 255 255 43 0 0
    0 255 255 255 255 160 255 255 132 0 17 23 169 255 0 13 0 197 143 255
    220 152 255 255 167 0 0 0 90 107 253 255 0 255 0 0 0 0 255 255 131 0
    255 0 255 255 0 0 0 255 193 0 216 0 0 0 0 255 255 255 255 255 255
    255 255 195 18 93 44 0 255 255 255 0 255 255 255 255 0 255 19 255 0
    0 0 255 255 14 45 0 0 0 255 0 60 173 0 0 132 255 255 0 0 0 120 255
    255 0 0 0 255 206 255 255 255 0 0 0 255 255 255 0 249 127 255 141 63
    0 255 0 255 255 255 0 0 255 255 255 255 0 0 0 0 255 255 255 0 64 255
    0 255 0 0 219 0 255 0 255 0 255 0 0 0 5 55 123 0 107 0 15 255 255
    255 255 255 0 0 255 0 255 50 0 0 0 255 255 0 255 255 0 0 0 189 255
    67 0 0 0 255 0 145 0 255 0 0 0 255 0 255 0 255 255 129 0 0 0 255 33
    255 0 209 0 255 116 255 0 0 255 0 0 148 179 255 0 206 0 198 0 214 0
    255 0 0 0 255 255 255 0 72 201 0 255 0 221 0 255 0 255 0 255 0 0 0
    62 198 185 255 255 255 0 0 172 0 0 255 153 0 255 83 0 45 57 255 0
    255 255 255 255 255 0 255 255 255 0 0 255 255 192 255 0 5 255 159
    255 0 0 255 255 16 0 71 255 255 0 172 255 0 0 0 255 255 255 255 0 0
    0 0 255 255 255 0 0 255 255 255 70 255 85 0 206 255 255 255 0 251 0
    255 255 73 151 5 255 0 0 0 199 0 254 255 0 255 255 255 0 0 0 255 255
    0 93 0 255 255 0 148 0 0 255 0 0 0 0 255 255 120 0 0 255 182 255 0
    220 0 78 255 255 255 255 0 255 255 72 217 0 141 121 0 0 255 255 255
    0 0 210 99 234 255 255 0 255 255 0 255 0 0 255 138 0 218 255 133 0 0
    0 0 0 255 0 255 255 0 37 0 0 255 154 255 0 0 0 111 255 0 0 255 0 255
    143 255 0 0 255 255 255 255 0 0 255 0 0 255 255 0 0 255 255 0 255
    255 255 0 0 122 255 255 0 26 255 137 0 0 0 0 0 0 0 255 0 0 0 14 42
    255 0 0 188 0 255 255 152 255 0 0 0 219 255 133 0 255 255 0 255 158
    255 0 171 255 255 217 0 255 255 0 255 0 255 255 255 0 0 0 255 31 255
    255 0 0 255 154 255 0 0 255 255 255 0 0 255 255 0 24 0 0 255 255 0
    10 139 255 0 0 0 255 0 0 255 255 255 97 0 255 135 255 0 255 255 255
    255 0 0 43 0 138 0 207 255 0 250 55 135 0 213 0 255 255 0 255 255
    255 24 255 255 0 93 0 0 255 190 255 0 255 198 255 0 0 46 0 255 255
    46 0 0 1 78 147 255 0 255 0 255 231 255 0 255 0 0 0 0 171 255 255 0
    255 0 0 0 0 66 0 255 255 7 0 0 0 0 47 0 255 255 255 255 0 0 0 0 8
    255 255 253 0 255 255 0 135 0 255 97 0 143 255 255 115 0 255 255 0 0
    0 0 255 178 228 0 69 0 92 41 60 255 4 0 0 255 0 0 0 255 255 255 255
    151 255 180 0 255 31 255 0 0 0 0 237 121 255 255 255 0 85 0 0 140 0
    255 255 53 0 0 75 255 255 255 255 0 255 79 255 0 34 0 255 255 0 213
    0 255 255 255 0 255 203 255 0 45 0 255 0 255 0 255 255 255 0 0 255 0
    255 110 201 0 0 0 224 94 0 104 255 255 255 255 0 0 101 255 255 255 0
    0 255 255 0 178 255 255 33 0 0 255 255 255 0 193 0 44 0 0 0 0 22 0
    255 0 255 216 0 0 0 255 0 0 0 0 0 29 255 255 255 0 255 255 255 0 0
    255 237 255 255 255 255 0 0 255 147 255 255 157 41 0 255 255 255 0
    246 255 255 253 255 195 173 0 199 14 207 255 255 163 0 0 0 255 255
    255 255 0 0 160 0 255 36 0 0 48 255 152 255 255 0 0 47 255 0 25 0 0
    255 255 0 255 0 255 0 255 255 164 25 0 255 255 255 8 255 0 0 255 255
    255 0 70 0 127 0 255 30 255 89 0 0 0 255 255 255 255 0 0 255 255 0
    157 0 237 255 0 255 255 163 108 0 255 51 255 0 214 0 255 255 255 0 0
    255 0 255 255 255 0 0 0 0 255 255 255 0 103 0 255 255 0 18 255 255 0
    0 255 153 0 0 0 255 0 0 255 255 255 1 0 0 255 255 255 46 0 0 0 34
    255 96 0 240 255 255 0 0 0 140 0 255 121 255 255 0 0 255 255 255 0
    255 0 0 255 255 95 255 0 0 0 83 0 56 0 233 0 255 122 0 0 0 173 0 0 0
    255 255 0 0 0 255 255 0 0 255 216 255 255 255 153 255 0 62 0 255 0 0
    255 255 0 0 0 255 230 2 0 0 255 0 255 0 255 255 0 0 255 255 0 0 255
    255 0 0 0 0 0 255 255 255 0 255 0 255 255 67 0 185 255 255 255 0 255
    1 207 255 0 117 255 255 0 255 209 255 197 0 109 0 20 0 255 0 255 255
    178 255 0 0 0 255 255 255 0 255 181 255 255 255 0 6 159 255 255 0 0
    79 255 255 153 255 0 255 151 0 0 0 255 149 9 255 0 255 255 0 0 0 105
    11 0 0 255 255 255 0 255 93 255 0 255 0 255 0 255 150 255 255 121
    255 255 0 255 0 109 174 255 255 0 0 255 255 0 118 255 0 255 187 0 0
    126 255 255 255 0 0 0 0 88 255 255 0 255 0 255 0 0 255 54 238 255
    255 0 0 0 255 0 0 0 255 255 255 0 0 0 0 255 0 255 255 255 0 255 255
    255 0 0 185 255 41 0 255 255 0 0 0 255 0 0 255 0 0 0 255 0 254 0 0 0
    255 255 0 255 0 0 0 113 255 0 0 139 255 255 0 0 146 78 0 114 0 0 255
    255 255 0 255 141 255 255 255 40 0 0 255 255 0 0 0 255 170 0 192 0 0
    0 255 255 0 255 0 255 22 255 255 0 0 0 255 255 0 93 0 255 255 12 0
    215 0 0 255 0 255 0 184 0 159 174 255 208 216 255 0 88 255 0 0 150
    255 147 255 255 0 255 255 255 0 0 0 255 0 0 216 191 0 0 255 0 0 252
    255 255 255 255 255 145 56 0 0 255 29 255 0 55 255 255 255 0 0 0 255
    255 255 0 0 0 255 132 155 255 0 0 0 237 0 255 255 208 225 255 255 0
    0 0 255 116 255 167 255 255 255 255 252 146 128 0 0 255 0 255 0 255
    0 255 0 255 255 255 0 0 0 255 156 0 137 0 255 0 255 255 0 11 0 0 0 0
    236 37 255 232 255 0 255 205 255 245 0 153 255 0 0 0 32 255 0 0 255
    255 0 0 255 255 255 0 255 231 255 0 255 255 255 31 0 255 0 0 0 0 138
    13 0 7 255 90 0 0 255 255 0 0 0 255 255 255 109 181 81 0 255 255 0 0
    0 255 255 0 0 255 255 255 0 0 0 255 255 134 0 0 255 0 255 0 0 32 255
    255 255 0 0 255 255 64 1 0 255 51 0 255 105 255 255 0 0 0 0 255 255
    255 0 204 0 73 5 0 0 255 213 0 0 79 255 0 33 113 255 0 0 0 114 255
    255 0 255 255 179 0 3 255 255 215 255 0 0 255 255 255 0 255 0 0 0
    255 255 255 171 153 0 0 255 0 255 0 255 0 56 37 255 0 255 0 99 0 255
    0 255 82 255 241 0 0 255 0 255 47 0 255 255 255 0 0 255 0 255 204
    255 255 255 255 255 0 0 0 255 255 129 0 0 255 0 0 0 255 170 0 0 255
    255 93 0 255 255 255 255 0 0 0 255 20 255 107 255 0 0 0 255 255 251
    0 255 98 255 0 255 114 0 255 215 255 0 255 77 0 0 255 251 255 242
    255 0 255 255 255 0 0 0 255 255 206 0 84 255 221 0 94 226 0 255 0
    255 137 255 0 255 0 255 255 255 0 255 213 0 23 33 255 255 0 255 0 0
    255 0 255 33 39 0 0 255 235 255 194 255 255 255 255 255 0 255 0 0 0
    255 196 255 0 255 255 255 0 204 255 255 242 0 255 255 0 0 183 255
    123 109 0 0 255 104 90 68 255 255 0 184 0 255 0 0 255 248 120 0 234
    255 0 255 45 0 255 255 12 0 0 78 255 255 0 0 0 40 255 72 98 0 231 0
    255 230 0 0 255 255 0 59 0 58 0 47 255 0 0 255 250 255 0 255 0 0 0
    255 54 244 0 255 0 255 0 74 170 0 134 255 0 255 0 255 0 0 0 0 0 141
    190 255 0 255 255 7 0 255 29 0 92 255 255 0 0 40 255 14 255 0 0 0
    255 0 255 39 255 255 0 0 0 106 224 0 0 0 0 255 230 255 255 255 0 255
    255 255 0 0 0 255 255 244 0 255 0 255 255 0 0 11 255 255 255 0 0 255
    0 255 94 255 0 171 0 0 0 255 255 0 0 0 255 167 255 0 255 255 255 237
    255 255 0 0 233 255 0 0 0 255 255 138 255 215 141 0 0 255 255 255
    255 44 0 0 0 77 0 255 255 0 15 0 255 232 255 194 255 0 255 16 230
    255 255 255 255 0 255 255 241 255 255 0 93 255 0 188 0 0 102 255 0
    255 0 225 255 255 255 0 0 132 0 255 193 0 0 0 186 0 255 255 121 0 82
    0 152 0 0 255 255 0 255 41 255 0 188 255 255 0 255 0 0 34 255 0 0 0
    0 255 255 255 255 255 0 255 0 0 51 255 0 255 0 255 47 255 96 255 255
    43 0 0 0 0 0 0 0 0 0 81 0 0 251 255 255 0 0 0 181 255 255 255 111 0
    255 255 255 255 0 0 255 77 255 0 0 255 255 118 0 180 255 0 165 255 0
    255 255 255 255 255 255 255 0 255 0 169 255 188 0 0 255 0 0 119 255
    6 80 0 255 255 182 0 255 0 0 0 255 0 255 0 255 0 180 0 10 0 35 0 255
    0 255 0 110 0 177 225 255 0 0 0 255 0 0 151 57 255 255 255 0 0 255
    255 0 255 0 255 0 0 0 255 185 255 0 0 0 0 255 0 0 255 255 0 225 255
    255 157 0 0 0 255 34 255 0 0 0 255 255 233 0 255 255 0 0 0 201 255 0
    0 255 255 255 0 255 255 255 0 0 0 0 255 255 255 0 0 0 255 0 121 0 0
    0 0 214 255 255 197 255 222 255 255 0 12 255 0 255 255 0 0 0 83 255
    0 255 0 255 0 255 17 255 255 0 255 255 84 0 255 255 255 0 0 255 255
    0 10 0 255 0 255 0 237 0 255 0 0 0 0 255 255 255 0 255 255 54 0 162
    255 48 255 0 255 91 255 0 255 63 0 0 122 255 136 255 0 255 0 0 63 0
    255 0 255 120 0 255 255 144 0 0 0 255 255 89 255 255 232 0 0 0 0 0
    161 129 255 255 0 255 0 151 196 255 0 0 255 255 255 0 0 50 255 0 0
    95 208 0 11 29 255 133 255 0 10 0 255 0 0 0 255 90 0 0 173 0 125 255
    48 255 0 255 236 0 0 255 255 255 176 255 0 0 0 10 46 131 249 0 0 0
    255 255 216 0 255 255 255 255 0 0 0 255 255 0 8 0 255 255 255 255 0
    255 188 255 0 255 0 255 0 255 0 255 0 0 0 255 255 255 255 255 255
    255 0 238 0 255 154 255 0 255 168 255 0 70 162 5 255 255 255 0 0 0 0
    255 0 255 176 255 255 0 255 255 255 255 0 255 0 255 255 49 255 253 0
    0 107 255 255 95 27 0 255 0 255 84 255 206 0 0 255 255 255 107 0 0
    255 88 255 0 255 0 0 255 0 255 255 255 0 0 0 255 204 255 255 255 0 0
    0 0 0 255 255 255 255 255 0 255 0 255 138 0 0 255 255 0 0 0 255 255
    0 0 255 255 255 38 255 0 0 255 255 255 255 236 255 0 0 0 255 112 0 0
    0 0 229 12 0 255 255 255 198 0 209 0 0 0 255 111 255 0 255 255 255
    255 255 0 255 255 0 255 0 218 0 0 255 0 95 0 0 255 214 0 255 255 0 0
    167 255 3 0 0 255 255 0 255 0 255 255 0 0 0 255 255 0 0 255 0 255 0
    0 0 255 0 0 255 255 201 0 0 0 255 78 56 0 255 0 255 210 0 0 255 255
    108 0 0 255 255 0 0 0 255 255 255 255 64 0 254 0 0 255 189 0 0 145
    255 0 255 255 255 239 98 24 0 255 0 255 255 0 0 0 154 255 255 0 0 0
    255 93 0 255 136 255 2 255 0 0 255 0 255 121 0 255 255 0 0 0 0 255
    255 15 0 0 0 255 76 0 122 144 0 255 255 0 156 0 255 255 255 255 0
    240 255 255 255 0 255 255 255 255 0 0 255 255 255 0 255 0 0 0 61 255
    255 0 178 255 157 0 255 0 255 255 185 0 0 255 255 60 255 234 255 0
    255 0 0 0 0 255 0 0 0 255 73 255 255 0 0 0 255 255 191 255 0 0 134
    255 156 255 255 137 255 255 255 0 0 0 255 29 255 19 0 255 255 0 255
    0 255 0 28 0 255 255 0 27 0 255 0 255 0 0 0 255 0 255 255 0 0 0 255
    255 0 255 0 22 227 0 255 0 126 255 0 255 0 0 0 255 255 0 255 0 255 0
    0 0 255 255 255 0 0 198 255 255 255 198 255 179 255 225 0 207 255 0
    255 0 255 255 191 0 255 229 52 121 255 0 255 0 255 0 255 255 0 0 0
    237 255 0 0 0 153 255 0 255 0 255 0 255 255 255 0 0 255 240 91 255
    255 255 0 0 255 255 255 251 189 0 0 0 255 255 255 0 220 0 255 255
    255 255 0 0 0 255 255 201 110 255 255 0 0 255 246 0 0 0 255 255 255
    0 0 0 255 180 255 255 0 255 0 255 0 0 0 0 0 251 255 255 0 0 0 0 255
    255 255 255 0 114 0 255 190 255 255 0 255 0 255 0 255 41 0 255 0 0
    37 255 0 153 0 0 185 0 255 255 255 0 0 179 0 255 149 255 0 255 96
    255 0 255 0 0 73 0 255 255 255 0 255 255 255 0 0 98 255 0 95 52 156
    0 0 0 255 255 255 0 35 255 255 255 179 0 0 84 0 141 255 200 255 0
    255 0 255 255 154 201 255 255 255 0 0 255 0 255 0 255 0 0 0 255 255
    255 196 0 0 0 0 95 255 0 255 255 0 23 255 255 142 0 255 0 255 37 226
    70 0 241 255 246 255 0 255 255 0 25 247 255 101 0 0 0 255 184 255 89
    11 0 0 0 0 0 118 255 0 84 70 255 0 255 0 255 0 0 255 255 0 0 161 255
    0 0 0 255 255 255 0 255 255 240 0 0 255 255 255 0 0 205 255 0 255 0
    255 0 255 0 0 72 231 25 255 0 0 0 239 29 255 0 0 175 255 61 0 0 255
    255 0 0 0 178 255 255 255 255 255 144 0 0 0 25 0 0 255 0 255 0 0 255
    0 212 0 255 255 0 255 0 187 111 26 255 0 0 255 255 0 131 255 255 0
    146 255 255 255 0 0 0 255 255 238 255 255 0 0 0 255 255 255 0 201
    255 255 255 0 0 0 255 255 0 255 0 0 0 202 114 255 0 112 0 0 255 255
    0 0 75 255 0 255 157 137 115 0 0 0 255 255 132 141 219 255 0 0 0 0
    255 0 214 255 255 135 0 255 255 0 185 186 255 0 85 54 255 0 175 255
    255 129 0 0 222 255 101 187 0 0 0 211 255 255 0 255 99 240 0 0 255
    255 255 0 143 255 255 0 208 255 255 123 0 255 255 255 255 0 91 0 255
    0 72 0 255 0 219 0 255 255 0 0 0 255 255 255 0 255 255 0 0 255 0 165
    0 0 51 0 254 0 255 105 255 0 188 255 255 255 223 255 0 255 255 255 0
    69 0 255 0 0 140 232 251 255 0 105 178 0 255 255 255 0 0 151 255 255
    0 255 255 255 0 0 0 255 8 255 177 0 255 255 232 0 0 255 255 255 0 0
    0 0 255 0 255 0 255 255 0 0 255 41 255 13 0 0 0 255 98 255 255 169
    255 255 0 255 95 255 0 0 255 255 0 0 0 0 255 255 0 0 0 0 0 255 0 0
    255 255 0 0 0 255 255 255 255 255 255 0 0 255 0 255 0 0 0 0 255 255
    119 0 0 0 255 241 255 0 0 0 0 255 255 238 0 0 0 0 255 184 0 0 255
    255 246 0 0 255 255 0 211 255 255 255 0 0 0 45 97 0 7 255 255 255
    255 0 0 255 0 255 255 243 255 0 255 0 241 0 203 0 255 0 255 255 255
    255 0 255 0 255 141 255 0 255 255 0 255 255 0 0 0 133 255 255 255
    255 9 0 0 255 255 255 255 25 255 255 255 255 0 255 21 58 0 0 0 255 5
    226 0 255 255 255 13 0 0 0 255 0 0 255 255 166 0 0 0 255 255 255 0 0
    0 0 255 0 0 77 0 0 255 255 255 0 0 255 255 255 255 60 0 0 255 0 255
    255 0 255 0 12 255 20 0 184 0 255 0 255 0 255 0 244 0 255 0 255 0 45
    82 177 255 255 0 0 255 113 255 0 255 0 146 0 0 35 0 255 0 255 255
    255 255 0 0 0 61 255 255 229 0 0 255 0 0 147 0 255 255 255 0 255 255
    0 0 255 0 0 0 0 255 0 0 0 255 255 255 255 0 154 63 0 0 0 255 255 255
    163 0 0 255 0 255 255 255 0 255 162 235 5 255 0 255 0 255 0 0 0 255
    255 255 0 255 0 255 0 255 0 0 0 189 255 255 0 0 255 255 0 255 0 255
    0 255 0 255 255 255 179 0 0 18 0 0 0 0 255 255 255 125 0 0 149 217 0
    0 0 201 184 0 0 255 0 105 0 255 255 255 7 0 0 129 255 255 255 0 20 0
    255 255 0 30 0 0 0 255 255 183 255 0 255 168 255 255 0 0 0 255 159
    227 255 255 243 0 255 0 0 27 255 69 103 0 255 0 255 255 0 0 0 255 0
    225 0 255 255 255 0 83 255 255 255 0 0 237 255 230 0 255 90 0 255
    255 0 0 0 255 255 255 0 255 0 0 255 0 255 160 255 0 0 255 95 255 255
    255 137 0 255 0 255 224 255 0 0 0 255 0 255 255 255 0 38 255 255 0 0
    0 255 255 130 0 40 168 255 0 255 255 255 0 255 218 255 0 255 0 255 0
    255 255 0 0 215 255 255 255 0 10 0 255 116 0 15 0 255 255 255 0 255
    0 0 115 0 255 255 235 0 0 0 255 255 0 255 0 255 144 255 255 255 255
    0 0 0 0 255 106 185 255 152 0 116 255 255 255 255 255 255 128 255
    143 0 0 255 255 255 255 0 0 0 0 255 255 0 67 255 0 0 255 0 255 0 255
    0 255 0 255 0 0 255 0 255 0 0 255 0 255 0 201 29 0 255 255 255 0 255
    255 255 0 255 0 255 255 255 0 100 0 255 0 255 0 0 0 0 255 0 175 0
    255 0 255 0 0 255 255 0 0 0 255 255 0 0 255 255 255 0 0 255 255 255
    0 255 0 182 255 255 255 61 0 148 0 255 0 16 0 168 255 0 0 255 176 0
    255 0 255 0 81 247 0 255 0 255 255 255 255 0 18 255 255 234 255 97 0
    0 255 255 255 130 26 228 0 0 0 255 0 255 255 255 0 0 81 255 255 0 0
    0 255 219 255 196 0 255 0 255 0 255 0 255 0 0 0 192 0 255 255 255
    255 117 0 61 0 255 0 255 255 255 255 0 0 0 255 255 255 0 0 255 255
    200 255 255 169 255 192 255 0 104 255 0 255 0 255 255 231 255 0 0 0
    0 255 0 255 131 255 0 33 0 255 94 0 0 0 255 0 255 255 255 0 0 255 0
    255 0 255 137 0 0 0 255 255 78 0 0 255 0 129 0 255 255 255 0 0 30 0
    139 255 255 129 0 0 0 0 255 255 0 46 0 255 255 0 0 0 255 255 255 0
    255 0 0 0 0 107 255 255 255 255 0 0 220 0 255 0 178 255 255 0 255
    183 255 0 68 0 0 255 0 0 0 255 255 0 0 255 255 255 0 255 255 241 255
    0 93 0 255 0 255 255 0 0 255 8 255 0 255 0 0 255 2 255 0 255 255 217
    0 223 0 255 5 255 255 255 0 255 84 28 0 255 0 135 0 255 171 0 255 0
    255 0 255 0 0 0 255 255 0 255 255 112 231 0 255 255 108 0 0 0 38 255
    68 0 255 208 178 0 255 255 255 60 0 255 255 61 113 81 3 0 0 125 86
    255 0 255 255 255 0 0 255 0 255 0 255 0 255 0 255 0 255 255 154 0 68
    255 0 0 0 90 255 0 255 255 127 60 110 0 0 255 4 255 255 255 0 0 255
    255 255 0 0 191 255 255 0 255 0 255 255 255 0 0 0 161 0 0 0 255 251
    101 0 255 255 0 0 0 255 233 255 0 0 255 255 0 0 12 255 255 0 0 0 225
    255 255 255 0 0 33 255 0 33 0 0 0 255 0 0 255 255 255 0 255 0 255 0
    255 0 0 255 255 255 0 255 91 0 25 0 255 19 0 0 255 160 255 0 215 27
    58 118 0 0 8 0 0 255 0 255 0 0 0 255 0 46 0 255 255 255 0 0 0 255
    255 47 255 0 255 0 0 225 11 255 0 255 0 51 0 0 255 0 0 0 42 28 255
    171 136 255 0 0 0 255 93 0 184 255 0 0 39 255 233 252 173 0 0 255 1
    255 0 255 255 255 193 0 0 0 0 255 255 0 255 255 187 0 0 255 245 255
    165 255 0 1 255 0 255 255 255 0 59 255 255 0 218 255 255 0 0 255 0
    255 0 0 0 255 255 255 0 0 29 0 255 255 235 3 34 255 0 255 0 255 0 0
    0 81 255 0 0 0 255 0 139 0 255 255 0 0 79 0 255 255 183 0 255 196
    255 0 0 0 0 255 255 0 255 0 106 122 0 0 0 0 217 255 255 0 255 0 255
    255 21 255 0 0 0 255 2 255 0 35 131 0 255 255 118 0 0 255 255 0 0 0
    255 0 247 255 0 255 255 194 0 0 255 0 255 255 255 0 0 0 255 0 255
    219 0 255 0 0 255 167 255 0 0 255 255 255 0 0 44 255 0 255 138 0 0 0
    255 0 255 0 255 0 255 255 0 0 0 255 0 255 0 179 111 0 0 250 35 0 0
    102 255 255 255 0 0 0 255 0 0 255 109 0 255 255 0 69 131 255 0 88
    255 255 46 56 0 255 40 125 255 0 255 0 255 255 255 0 255 41 0 0 0
    165 255 255 43 157 0 255 255 0 0 255 255 255 0 255 255 255 0 0 0 255
    255 255 0 0 0 255 255 0 0 117 0 106 160 255 0 255 0 255 107 135 0
    255 255 0 0 0 255 204 0 0 255 0 255 255 0 255 0 255 252 140 255 0 0
    255 0 0 235 255 255 255 0 0 17 255 155 51 0 255 255 255 81 225 0 255
    255 17 0 0 222 0 216 0 255 255 255 255 0 0 10 189 255 0 0 0 0 131
    255 0 0 0 255 82 0 255 0 255 0 0 0 0 163 255 243 255 131 255 255 0 0
    0 0 226 0 255 255 0 255 0 255 0 0 0 200 255 0 37 148 255 0 255 84
    255 0 38 0 0 0 255 0 128 0 255 135 0 255 0 178 0 88 0 0 255 255 31 0
    255 255 148 255 0 0 255 0 0 0 0 190 0 255 25 255 0 171 255 0 0 114
    64 255 0 0 255 255 255 30 0 217 255 255 255 0 0 120 0 172 246 220
    255 84 255 0 255 224 255 255 255 48 0 0 0 255 101 255 255 250 0 255
    255 255 255 255 53 0 0 0 0 255 0 0 255 0 145 0 0 0 62 0 255 255 56
    166 255 222 0 0 0 255 0 255 0 4 255 255 255 255 255 0 0 211 255 255
    255 34 255 58 255 255 0 171 255 255 0 56 255 245 0 255 255 255 0 255
    255 255 0 255 255 255 0 59 0 44 91 255 0 255 255 142 121 255 123 67
    0 255 255 241 0 0 204 0 233 255 255 70 255 255 0 0 0 255 255 0 105
    81 255 61 255 255 0 0 244 10 0 248 181 0 0 255 0 255 0 255 0 255 255
    255 0 0 255 255 0 0 0 0 127 0 255 255 0 0 0 255 0 0 0 102 255 0 0 11
    255 255 255 255 255 0 255 0 0 78 213 255 0 0 255 208 124 0 0 7 255 0
    0 255 206 0 78 0 255 255 255 0 255 253 0 255 0 255 0 132 0 0 0 255
    255 255 255 255 0 255 0 255 0 255 0 130 0 255 0 255 255 255 0 0 0
    255 0 200 1 0 0 0 255 255 255 255 0 95 255 255 0 255 255 161 0 255 0
    0 0 0 0 255 255 0 255 112 255 97 255 0 150 0 0 255 255 255 255 255
    255 0 0 103 255 0 38 0 0 122 255 86 55 0 101 255 0 255 0 2 132 0 0 0
    255 255 255 0 0 0 255 255 0 111 0 0 255 255 0 0 0 255 55 0 0 255 255
    21 107 255 255 146 209 19 0 162 0 0 0 0 0 255 0 100 0 255 255 94 12
    255 255 255 255 0 0 255 0 255 255 255 0 0 0 0 255 255 0 255 0 0 0
    255 255 255 255 0 146 0 255 17 255 44 75 0 0 175 87 255 255 83 129
    255 255 0 0 255 255 255 255 0 255 0 133 175 0 34 0 255 0 255 255 255
    0 0 231 0 0 0 132 0 28 0 255 255 255 255 0 208 0 255 0 182 0 255 0
    255 0 16 255 255 0 0 0 255 0 255 255 0 255 0 0 0 255 255 3 255 113 0
    0 255 255 0 0 255 255 255 255 255 255 0 255 57 244 127 255 0 55 161
    0 255 0 106 23 255 214 0 255 0 255 0 247 116 0 0 0 0 135 253 255 0 0
    255 255 50 36 255 255 0 0 0 255 0 191 255 0 0 0 255 255 0 69 0 78
    255 255 255 19 0 0 144 0 210 0 255 0 255 255 0 255 0 255 202 255 109
    0 149 0 211 255 255 255 0 0 0 125 255 255 0 0 0 255 0 0 0 245 0 255
    255 255 0 0 0 134 255 255 255 0 65 0 253 255 255 0 0 255 79 0 0 0 81
    0 255 0 0 255 255 255 39 255 0 255 125 255 255 255 255 0 0 0 255 255
    140 20 239 0 255 255 255 255 0 61 0 255 0 255 255 255 0 0 0 255 33
    255 255 0 0 255 255 255 0 255 0 0 255 0 255 0 0 0 0 255 255 255 255
    255 198 255 113 255 255 213 0 0 0 255 224 22 255 255 255 220 0 43 0
    255 0 255 197 255 99 255 229 0 105 255 0 255 0 54 207 0 0 0 154 0
    190 255 96 0 255 255 255 0 255 2 248 255 255 0 255 255 45 0 255 0 0
    0 255 255 255 0 255 255 0 255 255 255 0 128 0 255 255 0 255 0 255
    255 234 0 98 0 255 0 255 0 255 0 156 0 0 255 255 0 158 255 22 159 0
    83 86 255 209 255 0 255 255 255 0 161 255 225 0 4 19 0 0 255 121 171
    0 255 0 0 182 0 255 255 0 176 255 27 0 255 0 255 255 255 0 255 0 255
    40 153 51 15 191 13 255 0 107 38 255 0 255 255 0 0 0 255 0 160 255 0
    53 0 255 0 255 255 137 255 7 0 0 248 104 255 85 255 0 134 0 0 0 0 30
    0 255 6 247 0 255 0 255 255 0 0 0 255 255 0 255 255 0 166 255 0 255
    0 22 0 28 173 255 255 255 0 0 0 255 255 154 0 255 255 255 74 255 255
    119 38 255 255 66 0 0 255 129 0 0 255 255 255 40 0 255 0 255 0 255 0
    0 255 255 255 255 255 0 0 160 255 255 255 255 0 0 0 0 255 103 0 0
    123 255 255 0 0 255 255 255 0 255 0 107 0 0 0 255 141 255 142 0 255
    255 210 0 255 255 255 0 0 0 255 0 0 255 0 255 0 174 0 255 0 255 255
    0 150 0 232 0 255 0 234 0 255 0 80 0 0 0 255 255 255 0 0 0 0 255 255
    48 0 0 255 218 255 0 255 255 255 255 255 255 0 0 255 148 255 0 0 0
    255 255 0 255 255 0 0 255 0 140 161 67 255 255 148 0 213 0 0 0 0 255
    255 255 244 0 10 41 255 0 255 255 255 255 0 0 8 0 255 0 216 0 255
    167 255 0 255 0 255 255 255 0 0 255 0 255 255 0 0 0 255 255 255 255
    53 255 0 255 0 255 72 255 255 106 0 0 0 255 122 255 0 255 255 170
    255 255 255 0 0 211 0 44 0 255 104 255 255 255 255 4 0 0 0 255 107
    255 0 255 0 255 255 255 0 0 102 0 0 255 255 255 0 103 255 255 1 255
    147 0 0 255 45 0 255 0 255 0 69 0 0 0 255 255 255 0 255 0 35 255 0
    255 0 85 255 255 0 0 255 2 255 0 0 255 255 255 0 255 0 255 0 255 0 0
    0 0 46 0 0 255 255 255 255 255 0 175 255 255 0 255 8 255 149 167 255
    255 138 255 0 255 254 255 0 0 11 92 0 255 143 255 0 0 0 176 0 255
    255 0 0 0 0 255 199 201 0 255 51 255 54 255 255 24 0 255 65 93 0 255
    0 255 0 255 0 255 0 255 255 255 246 0 0 0 255 255 147 0 0 255 255
    255 255 255 255 255 0 0 174 255 0 255 0 255 255 0 255 0 76 172 0 255
    255 25 0 0 190 0 9 255 255 255 255 0 0 140 255 255 255 255 0 0 255
    255 255 0 0 0 255 255 255 255 255 255 0 0 116 255 0 87 255 255 93 0
    255 0 0 0 0 0 0 255 255 0 255 97 146 0 255 200 255 255 255 0 255 0 0
    155 255 0 0 91 0 0 0 0 255 255 0 0 255 255 221 0 255 255 0 255 0 7
    24 255 255 0 0 114 0 216 0 255 0 255 153 255 0 0 255 255 255 0 255
    255 255 41 0 0 0 0 162 255 255 0 255 0 46 0 255 27 255 0 255 255 0 0
    0 81 0 255 121 0 1 255 0 255 255 255 0 64 255 0 255 0 0 0 255 255 0
    0 0 107 255 255 0 255 255 255 0 0 17 0 255 0 255 0 255 0 8 255 255 0
    255 0 255 217 255 255 60 255 0 255 0 255 116 59 255 255 255 0 88 255
    167 205 255 0 10 0 52 91 0 255 255 0 0 0 255 135 255 255 255 0 0 255
    255 211 65 0 173 255 255 0 255 0 255 0 73 224 255 0 113 71 255 0 255
    255 215 0 255 255 255 0 255 0 0 255 155 137 255 255 255 255 0 70 0
    255 0 0 255 224 78 255 42 0 255 176 255 255 0 158 255 255 255 0 114
    0 0 243 0 255 79 116 255 255 255 0 0 195 113 255 255 0 0 160 255 255
    32 0 0 255 0 0 0 255 0 32 255 255 131 0 255 228 0 255 255 0 0 0 0
    255 77 0 0 0 0 0 101 119 21 0 0 0 0 255 255 181 255 0 0 254 255 255
    0 62 0 69 255 0 0 122 255 0 255 0 0 0 0 30 163 255 0 135 0 0 0 255
    255 255 255 0 255 156 0 255 104 255 0 0 255 0 255 0 255 255 45 253 0
    0 255 255 255 0 0 255 255 0 222 0 34 255 255 255 255 0 255 0 255 183
    0 173 97 0 0 0 255 255 255 0 250 0 0 255 255 0 255 203 0 0 1 255 255
    255 255 0 0 255 255 118 255 251 255 0 255 255 0 255 153 255 122 255
    87 255 255 0 0 0 255 154 255 0 255 0 255 0 255 255 0 0 255 255 0 0 0
    0 0 255 0 255 0 195 216 0 255 0 0 0 255 39 0 255 0 176 138 255 0 255
    0 175 0 255 0 255 255 249 155 68 255 0 255 183 0 178 12 255 0 0 0 0
    255 255 255 255 0 119 0 0 0 160 255 36 0 141 251 195 70 0 255 0 255
    0 0 255 255 255 0 0 255 0 0 0 255 255 0 119 255 255 3 0 255 255 255
    255 146 0 255 255 0 0 255 255 0 0 255 255 0 0 255 0 95 0 200 255 255
    255 0 208 0 255 9 255 170 0 255 0 255 0 255 0 255 247 255 0 0 0 0
    255 255 0 0 0 255 255 255 191 0 255 0 255 255 0 0 216 255 255 255 0
    255 0 0 255 219 105 255 0 0 0 125 255 255 255 255 35 0 0 255 255 0
    255 255 75 255 255 255 0 0 255 0 50 0 26 63 255 177 255 0 0 255 255
    255 0 0 255 255 0 0 110 255 24 0 0 255 0 0 255 255 255 0 0 255 255
    255 0 255 235 255 255 255 0 0 0 255 3 255 138 255 0 255 255 255 0
    255 218 255 255 0 0 201 255 255 0 132 134 255 0 255 103 255 255 0
    255 175 255 0 255 0 65 0 255 255 255 220 0 0 255 0 78 0 255 255 255
    0 255 255 255 255 0 0 0 255 27 0 0 0 0 255 255 255 255 255 119 0 0 0
    255 255 145 255 0 0 0 255 255 0 0 0 255 255 255 255 0 0 0 0 0 255 0
    255 0 255 0 255 255 255 255 31 0 255 255 255 0 0 0 0 255 0 255 255
    255 0 0 3 0 0 10 0 255 0 0 0 255 255 255 0 0 255 255 255 0 238 0 255
    255 255 226 0 45 255 0 255 0 206 0 240 147 0 39 255 255 255 0 0 126
    0 34 251 255 0 31 255 255 255 0 0 0 255 0 255 255 255 255 0 10 0 255
    255 0 0 0 0 255 182 206 0 0 255 255 255 0 0 86 255 52 255 0 255 0 23
    0 255 255 177 0 255 255 0 0 255 255 255 249 255 0 255 0 255 255 255
    0 255 255 0 0 0 255 255 0 0 72 116 255 255 255 146 0 0 16 0 0 0 0
    255 255 255 0 255 0 255 233 0 69 0 0 0 0 0 0 255 255 255 0 0 255 255
    255 0 255 0 0 0 255 255 0 0 255 0 255 255 0 255 0 19 255 255 107 104
    0 255 0 0 0 255 255 118 1 0 0 255 255 0 0 179 255 0 48 255 0 173 0
    255 0 255 255 255 0 114 255 0 255 0 0 0 255 255 0 0 0 255 255 255
    255 0 255 0 116 146 181 255 0 74 0 255 0 0 255 60 255 0 41 0 255 0
    255 255 0 0 0 79 118 0 33 255 255 255 255 55 0 255 255 121 255 255
    92 0 255 255 0 255 0 169 131 255 255 255 255 255 72 255 121 255 255
    255 0 131 0 0 125 255 255 255 21 0 20 255 255 0 232 255 0 242 63 255
    0 255 102 255 255 180 0 149 255 255 0 0 255 255 0 0 0 0 0 0 0 255
    255 252 44 0 0 60 255 184 68 255 0 255 0 255 0 24 0 185 255 204 0 0
    0 29 0 72 255 0 0 0 249 155 104 157 0 255 37 0 255 64 255 0 255 0
    255 50 0 0 255 200 255 0 0 0 0 255 226 0 0 255 0 59 255 102 0 0 135
    54 255 255 0 73 255 178 0 255 255 0 255 255 255 0 49 52 0 0 255 194
    255 0 0 0 0 255 0 255 0 0 255 255 168 0 0 255 143 255 0 54 134 255
    255 0 234 197 0 255 255 255 0 0 0 0 0 255 0 255 0 130 255 255 255 97
    255 1 0 255 0 255 255 255 168 0 0 0 0 222 189 27 138 89 26 255 255 0
    0 43 117 255 255 255 8 255 0 255 255 255 121 0 150 0 97 255 96 0 0
    218 0 255 97 252 255 255 67 0 57 255 0 20 255 0 0 255 255 255 143 0
    255 0 95 255 255 0 188 0 255 0 0 0 255 140 0 255 0 0 0 255 143 255 0
    255 255 0 6 0 0 255 255 255 0 239 20 250 255 0 255 0 0 0 255 74 255
    0 198 0 255 164 0 240 0 152 12 0 0 255 0 255 255 0 255 255 48 255 0
    0 0 255 161 0 149 255 0 255 0 88 0 0 0 0 0 255 255 0 16 215 62 255 0
    255 199 255 143 51 71 111 0 0 0 255 255 255 255 0 255 255 0 0 255
    255 210 0 255 65 255 0 68 0 0 0 255 0 0 0 109 138 255 0 0 255 181
    255 255 0 0 0 135 165 114 255 0 191 104 255 255 255 0 0 0 0 255 0 0
    0 120 0 0 255 255 0 81 255 255 108 165 0 255 0 255 53 0 0 255 149 94
    0 0 0 0 248 0 208 255 97 255 0 255 0 169 0 118 255 0 255 83 57 255
    255 247 0 0 0 0 255 255 52 158 0 0 255 0 0 0 255 0 0 44 255 255 220
    255 72 255 0 255 0 32 0 0 0 46 255 107 255 0 0 255 255 255 0 0 0 255
    0 197 255 0 230 0 255 18 255 255 255 255 0 185 2 0 255 255 215 255 0
    255 0 255 0 141 0 255 255 255 0 255 235 255 0 0 0 255 122 255 0 0
    107 0 255 0 255 0 0 0 255 0 255 0 255 155 0 0 0 255 255 255 0 0 255
    0 192 0 255 123 0 0 255 255 255 0 0 255 255 0 0 0 255 1 255 16 0 0 0
    255 255 0 0 0 0 255 255 255 0 255 255 255 255 0 255 0 77 255 255 8 0
    0 0 61 255 62 0 0 0 255 255 0 0 255 0 0 0 255 255 145 21 255 229 255
    0 237 118 0 0 0 0 0 255 0 255 0 255 157 255 89 255 255 0 0 255 255
    255 186 0 0 59 0 0 114 255 255 202 0 255 255 0 255 0 151 0 0 0 0 255
    0 0 0 151 255 255 0 255 255 174 95 0 255 7 0 0 255 225 255 0 255 225
    255 0 163 0 0 0 255 0 124 255 0 255 0 255 0 0 0 255 255 255 0 142 0
    255 221 0 255 0 255 0 255 0 255 214 121 58 0 0 0 255 0 255 255 255 0
    0 255 255 255 0 255 255 255 255 0 255 0 255 0 114 0 255 0 0 67 255
    229 255 54 0 255 0 255 255 255 0 0 0 0 0 0 172 255 0 0 30 109 255 0
    140 0 255 115 0 0 0 13 255 119 0 255 49 168 0 255 78 41 0 0 255 0
    255 0 0 255 171 0 83 0 255 255 255 255 255 0 0 0 255 244 143 0 0 0
    255 67 0 0 255 255 125 255 255 255 255 255 84 0 255 255 0 255 0 0 0
    255 0 255 0 255 255 255 0 255 0 255 0 0 255 0 255 255 255 0 250 0 0
    0 196 255 84 255 0 0 64 123 0 255 255 190 125 255 0 255 255 0 0 214
    190 0 255 0 0 0 255 0 212 255 255 0 0 0 255 164 255 0 255 206 255
    157 0 255 255 144 255 0 0 255 255 255 255 255 0 16 255 255 0 255 207
    255 158 255 0 255 0 255 0 255 255 255 0 0 255 255 0 0 0 0 0 0 96 255
    0 255 255 255 0 0 0 255 255 157 255 255 255 0 0 0 0 36 255 0 255 93
    255 0 255 226 255 0 0 0 0 0 239 0 255 100 0 255 255 255 0 0 0 255
    255 255 0 0 143 255 191 255 0 128 0 255 0 186 0 0 0 110 227 0 70 0
    255 0 255 255 57 241 0 255 255 255 255 0 255 0 0 255 0 0 86 0 0 0
    255 0 0 255 0 255 0 0 0 255 0 0 255 130 255 0 255 255 255 13 255 52
    0 245 0 0 255 255 255 255 67 255 255 255 255 255 0 0 0 134 255 0 0 0
    255 0 0 220 255 0 155 0 255 0 0 189 169 0 0 116 145 255 0 244 255
    255 255 0 255 0 0 0 255 255 0 0 0 255 255 0 0 255 0 0 0 255 0 0 109
    255 255 255 148 255 0 255 225 255 0 0 143 18 239 0 155 124 255 0 255
    255 0 0 255 255 255 0 0 255 43 112 255 255 0 0 201 255 0 255 139 255
    134 255 0 255 255 255 130 196 255 255 255 0 255 0 251 148 255 0 255
    154 0 0 255 255 255 41 0 0 255 47 255 0 255 255 175 80 0 0 255 255
    250 0 0 255 244 255 78 255 0 87 0 255 255 0 0 0 255 19 231 0 0 255 0
    255 197 47 255 0 15 0 255 255 255 0 0 143 255 110 255 255 0 255 0 0
    219 125 151 61 255 255 0 255 255 193 0 0 255 56 255 90 255 255 0 0 0
    0 255 0 255 0 255 0 255 0 255 69 0 0 0 17 255 0 11 255 255 255 0 0 0
    255 0 255 177 255 0 255 255 255 0 0 255 255 162 0 157 255 201 255
    255 149 115 0 255 213 0 231 255 0 0 0 19 255 0 255 0 0 0 0 72 255
    255 255 0 0 255 255 255 0 0 255 0 255 38 255 0 255 255 255 0 0 0 255
    0 255 0 255 255 255 255 255 0 9 0 180 255 255 172 0 0 238 255 255
    255 255 0 0 255 255 171 0 126 0 255 0 255 255 255 0 0 0 48 0 255 190
    0 0 0 255 45 0 77 166 0 0 0 255 0 0 0 255 255 0 0 5 255 0 255 0 255
    0 255 219 255 0 255 0 120 255 255 255 87 255 0 255 0 255 0 11 0 79
    255 255 0 0 227 0 0 10 255 0 255 0 0 0 0 255 33 255 26 255 0 0 0 255
    255 255 0 141 0 0 255 0 0 0 255 0 255 0 255 255 255 176 0 255 255
    255 0 0 0 194 0 149 255 255 50 107 0 255 255 0 0 210 255 208 255 255
    0 0 169 255 255 255 0 0 0 153 255 255 195 0 0 0 0 0 0 255 255 255
    255 255 31 0 255 255 0 0 0 255 0 255 98 0 63 255 0 0 255 255 255 0
    255 0 255 0 255 0 255 255 0 255 46 0 255 0 255 237 255 56 127 0 0
    255 0 255 0 103 0 0 0 255 255 255 255 0 255 0 0 255 0 218 0 0 0 37 0
    255 255 255 255 0 0 0 255 255 0 255 255 0 149 0 23 0 0 255 80 0 62 0
    0 41 0 255 255 255 255 132 255 157 255 0 78 255 0 255 0 0 87 43 0 0
    0 0 255 255 255 0 0 0 0 255 255 255 0 0 25 173 138 255 0 0 255 255 0
    255 156 71 255 0 255 147 80 0 0 255 0 0 255 0 255 0 255 113 0 174
    255 63 255 0 0 0 255 241 247 0 255 0 255 0 255 0 0 123 255 0 0 0 0
    255 255 0 114 255 255 0 255 0 0 0 0 255 255 255 0 255 0 255 255 255
    255 0 77 0 255 38 0 255 255 255 0 0 255 255 255 0 0 224 0 255 0 255
    255 255 0 0 255 255 255 0 255 0 0 0 255 0 255 0 255 0 255 255 255
    189 46 255 0 0 0 105 0 255 255 255 255 16 0 89 0 255 255 255 255 0
    255 0 0 187 13 255 255 255 255 255 255 0 0 0 0 0 255 255 223 0 0 255
    255 255 0 136 255 0 0 107 255 255 0 0 0 153 255 0 255 0 255 0 255
    255 84 255 0 255 255 0 0 255 0 94 112 255 0 255 255 255 255 0 169
    255 0 0 0 134 255 255 0 0 0 120 0 255 0 255 0 239 255 255 0 0 230 0
    210 0 255 255 0 255 255 255 0 0 0 255 255 0 0 67 255 255 255 255 255
    12 122 255 63 255 0 255 0 0 0 255 255 0 0 255 255 0 255 0 0 0 101
    202 255 0 255 35 0 0 0 193 223 255 0 0 0 255 0 0 255 17 0 64 255 47
    0 111 58 255 255 0 255 189 255 0 255 0 0 255 27 255 0 255 0 0 0 255
    0 74 141 255 0 0 255 0 215 118 0 0 255 255 0 0 255 255 249 171 0 105
    255 41 255 0 175 158 0 0 255 11 0 0 255 255 255 230 0 0 10 65 255
    255 255 255 0 0 105 255 255 71 255 88 0 0 255 255 0 246 0 255 120 0
    0 19 18 255 0 255 255 0 255 255 119 255 0 255 208 255 255 255 255
    196 54 108 0 0 0 255 146 0 0 0 255 255 0 21 255 255 255 255 0 255 0
    255 0 255 0 198 0 56 255 0 0 0 255 255 0 255 0 255 255 180 0 0 255
    255 255 255 255 255 0 102 228 191 10 0 0 159 255 0 0 0 46 255 0 255
    0 205 0 202 0 102 255 255 255 0 0 0 0 0 0 255 255 255 0 255 0 255 53
    255 239 0 0 0 255 0 75 0 255 255 255 11 0 87 255 0 255 10 255 116 0
    0 0 77 255 255 0 0 255 239 255 7 255 255 225 0 255 255 255 255 255
    255 255 0 211 255 0 255 141 66 255 255 255 114 0 0 0 222 255 0 255
    255 0 255 255 255 0 0 0 0 0 0 255 0 0 0 255 233 255 0 0 0 0 83 255 0
    58 0 255 0 255 0 0 0 255 0 255 0 255 0 0 0 0 0 255 125 242 0 255 255
    0 232 255 255 178 0 255 255 35 0 170 255 255 255 255 0 0 159 0 72
    255 255 0 0 0 0 0 0 120 255 255 255 0 0 255 0 255 0 255 74 255 255 0
    150 255 0 0 0 0 237 255 90 0 0 255 0 162 0 234 255 0 211 106 0 176
    255 0 255 0 255 95 198 255 255 255 0 150 0 255 238 255 255 0 190 0
    255 255 255 159 0 255 0 255 255 255 0 255 0 0 0 255 189 0 0 88 255
    255 255 255 0 35 255 255 0 255 255 255 0 0 255 255 0 0 231 255 255 0
    255 255 255 0 0 255 0 255 251 255 0 151 0 0 255 26 28 0 67 255 0 0 0
    0 223 255 255 255 255 53 0 0 0 255 21 0 255 255 165 0 251 140 0 255
    0 255 255 255 255 136 0 255 249 132 0 0 200 255 255 0 0 138 0 255 0
    255 0 255 255 255 0 0 0 255 0 197 255 0 255 0 255 0 192 129 255 255
    174 0 0 0 45 0 0 0 255 255 255 255 0 168 0 0 159 255 255 0 255 0 224
    255 255 21 255 0 0 144 182 0 255 0 255 0 255 0 0 0 190 255 255 255
    255 41 0 0 255 0 255 0 255 255 61 255 0 255 255 255 242 0 0 0 255 0
    255 255 255 255 0 255 0 255 0 0 0 255 255 255 196 255 191 163 0 0
    211 255 255 0 0 0 0 255 0 0 0 255 8 0 255 0 255 255 255 0 0 0 255
    171 186 127 255 255 255 0 103 0 255 255 141 255 0 255 0 0 255 0 255
    0 255 27 48 0 0 0 0 0 255 78 195 0 9 255 0 255 0 255 110 0 242 0 255
    0 0 0 35 0 255 255 255 0 169 0 255 0 0 0 255 149 255 0 0 192 106 0 0
    114 255 0 255 0 0 255 255 255 230 135 0 0 255 255 255 0 255 255 255
    0 0 106 0 0 104 230 255 0 0 255 0 0 161 255 0 255 0 255 0 0 207 255
    0 255 0 100 0 255 113 255 0 0 255 37 59 0 0 255 0 255 0 0 255 255 0
    255 255 0 0 255 0 0 252 255 0 0 0 48 255 255 255 255 0 0 255 255 0 0
    0 255 255 255 0 0 53 255 65 255 39 255 255 0 255 123 195 255 0 255 0
    255 255 0 223 255 255 0 0 0 255 0 255 0 0 255 0 255 0 255 0 255 96
    255 0 255 142 151 0 255 0 0 0 255 255 0 0 0 0 0 255 255 0 0 50 255
    255 255 0 15 255 66 255 132 0 243 0 255 0 0 44 255 255 255 0 0 235
    255 68 0 255 255 255 255 255 11 255 0 194 255 255 125 51 50 255 37 0
    0 23 255 0 0 0 255 0 255 255 255 0 0 255 255 255 0 216 0 255 70 255
    0 0 172 0 255 0 255 0 186 0 0 0 34 255 0 0 255 255 0 255 191 61 255
    93 255 0 206 0 0 255 0 131 255 0 0 255 0 255 0 255 255 255 0 0 255 0
    233 255 255 0 0 0 173 71 255 255 255 0 0 0 255 255 255 255 255 163
    255 236 0 255 255 255 136 0 255 177 255 0 0 255 0 222 255 159 222 0
    0 50 0 0 0 255 255 255 0 0 0 255 0 0 0 255 0 255 236 255 0 255 0 240
    36 132 0 180 0 255 0 194 30 157 0 96 0 255 255 255 255 0 0 147 0 77
    255 0 255 29 163 0 0 255 0 0 255 255 93 255 255 255 255 255 255 0
    255 0 0 0 0 255 0 0 0 255 0 0 255 255 255 255 255 255 0 0 0 0 255
    255 0 0 0 255 0 255 255 255 0 255 255 255 255 255 255 0 0 255 0 255
    0 255 0 255 0 0 0 255 241 255 214 135 255 255 0 255 0 255 0 255 54
    255 0 0 0 179 226 241 255 0 255 0 255 255 29 13 0 0 0 255 255 255 0
    0 255 0 119 0 255 238 230 0 0 133 0 0 0 0 255 255 0 0 255 193 233 0
    18 0 132 0 255 66 255 0 255 0 255 0 0 0 0 255 255 255 0 255 0 0 255
    94 30 242 0 102 62 255 255 205 255 0 255 255 0 114 255 174 0 255 255
    161 0 0 57 157 255 255 0 255 255 255 255 255 255 0 111 146 255 0 224
    255 255 255 149 255 0 255 0 0 190 68 255 32 127 0 0 255 255 243 63 0
    255 255 0 0 0 255 197 255 0 0 255 255 255 0 0 255 0 0 169 195 255
    209 255 255 0 0 255 255 255 0 0 0 109 255 51 99 0 0 0 255 255 255 0
    0 0 85 255 255 255 0 255 255 255 0 106 0 0 0 255 0 255 0 255 0 255
    255 255 0 0 0 255 0 0 0 255 0 255 0 255 0 255 0 0 0 0 0 0 255 124
    255 0 255 0 4 255 149 0 0 255 64 0 255 255 255 0 0 39 255 0 255 82
    255 255 17 0 0 102 0 107 255 255 255 181 115 209 0 255 255 255 0 185
    0 0 255 255 67 0 0 193 255 0 0 14 255 0 255 0 255 231 255 0 180 255
    255 255 255 251 255 0 255 0 255 0 203 255 139 255 0 0 0 0 255 72 255
    0 255 255 255 173 0 255 80 255 0 255 255 0 161 255 255 255 255 172
    255 254 0 0 114 255 255 255 0 156 206 0 127 0 0 255 255 255 255 13
    255 0 0 255 99 255 0 255 0 255 0 97 255 0 0 0 163 255 129 0 255 0
    255 151 0 0 255 0 255 0 255 0 6 0 255 0 54 0 255 0 221 59 0 47 0 0 0
    255 255 0 255 255 255 0 0 255 255 0 83 0 255 0 255 255 255 0 255 0
    255 0 209 0 0 0 255 236 255 255 255 255 0 255 0 0 61 0 0 0 255 0 255
    0 255 172 145 0 255 255 178 143 0 255 108 255 255 0 0 255 255 255 0
    255 195 255 255 194 255 192 22 255 255 0 255 0 255 169 0 143 108 255
    255 255 0 0 0 255 255 0 0 255 255 0 0 255 255 0 35 0 0 0 255 255 255
    0 85 0 66 0 112 255 255 0 0 149 255 0 252 0 255 145 0 0 255 255 255
    0 255 255 0 125 0 255 0 255 0 238 255 0 255 0 255 0 255 255 255 164
    0 0 84 255 193 0 247 255 255 255 187 255 0 0 39 0 255 0 255 0 0 74 0
    0 255 255 255 255 255 0 0 228 255 0 0 255 190 255 255 0 53 255 0 0 0
    0 174 3 0 255 255 255 255 255 0 0 0 0 7 0 0 255 117 255 0 255 73 255
    0 0 0 255 5 255 177 0 0 0 255 0 95 0 0 0 0 255 189 0 0 182 0 0 0 255
    255 255 255 255 0 192 255 0 0 0 255 37 49 255 255 255 0 201 255 255
    255 255 0 149 0 255 0 0 255 255 255 255 253 255 255 146 156 0 147
    255 0 251 255 255 0 0 0 255 2 0 0 0 255 0 0 0 0 255 57 0 255 0 255
    255 0 0 255 0 0 0 0 0 255 229 255 255 79 0 92 110 0 255 255 143 0 0
    0 0 0 255 255 255 255 114 245 255 119 0 17 0 255 0 255 255 0 0 0 0 0
    255 0 255 0 0 255 114 0 0 0 255 156 255 0 255 0 255 0 204 0 255 255
    0 0 0 255 255 0 255 0 255 114 255 0 0 255 0 255 164 0 255 0 0 192 15
    255 97 0 255 255 255 255 255 165 0 255 226 255 255 255 0 0 255 255 0
    0 0 255 0 0 1 59 213 255 255 226 255 0 0 255 0 0 0 255 255 165 255 0
    0 0 255 0 255 0 234 255 255 23 255 0 0 186 0 255 248 255 255 0 255 0
    255 87 255 0 0 91 0 255 0 255 37 255 255 0 206 148 0 0 0 255 0 255 0
    255 0 0 0 255 255 5 0 0 255 255 0 255 0 255 0 0 255 255 0 76 82 255
    0 0 255 255 0 255 255 255 0 0 0 0 255 255 255 43 255 0 255 0 0 255 0
    0 255 255 255 255 254 0 255 255 255 0 255 115 255 255 199 255 255 0
    0 255 255 44 0 0 255 0 0 0 0 255 255 255 255 255 255 255 0 247 0 0 0
    71 255 192 255 194 255 0 255 0 255 158 255 0 0 255 0 0 255 255 255
    255 0 0 0 255 255 0 150 255 93 255 0 255 0 255 255 0 0 0 0 0 177 246
    255 255 255 0 0 0 255 0 30 149 255 0 0 0 255 255 119 227 0 0 128 243
    255 90 255 0 0 255 0 255 0 255 255 255 155 0 81 0 255 255 0 0 0 25
    160 0 0 255 0 200 0 212 90 0 255 255 255 175 255 0 255 255 0 0 0 86
    255 255 255 0 0 0 255 255 3 0 0 255 255 255 0 0 0 0 255 253 255 255
    185 0 0 0 0 255 255 255 0 0 197 0 255 255 255 0 139 0 114 255 0 82 0
    255 0 149 78 0 0 0 255 0 255 0 255 255 255 0 255 0 191 52 134 0 255
    255 255 0 0 0 255 0 78 255 103 0 0 255 255 255 255 255 71 193 255
    147 255 22 0 0 255 255 0 0 49 255 255 0 255 0 0 255 255 0 255 63 255
    0 0 255 255 255 166 11 255 0 122 255 0 0 255 255 255 0 151 0 255 0
    255 0 0 255 255 0 0 0 255 255 124 255 255 255 79 0 0 255 0 255 0 255
    255 0 255 0 255 255 0 0 0 111 255 45 255 255 0 255 0 174 24 0 255
    251 255 0 255 216 0 10 255 255 87 0 255 255 255 255 255 0 255 0 255
    255 127 23 0 255 255 255 255 0 0 0 0 220 255 0 255 0 63 0 70 130 168
    0 0 151 0 152 0 96 0 255 255 255 255 0 0 0 255 2 0 0 0 255 0 255 0
    255 141 255 0 255 0 255 241 0 255 0 255 217 142 0 255 255 255 0 114
    0 255 255 0 0 255 151 0 89 125 255 0 255 0 0 0 0 84 255 255 215 255
    255 255 219 0 0 0 255 0 255 0 255 255 255 255 171 0 217 255 255 0
    255 0 0 0 0 0 255 0 255 255 255 255 255 33 169 0 255 0 255 255 255
    255 0 255 111 0 0 0 67 0 0 0 246 255 0 255 0 255 0 255 0 14 0 255
    255 255 0 99 0 0 255 0 255 0 255 181 255 0 80 255 153 0 47 255 0 138
    255 255 0 23 0 0 65 255 0 150 0 255 255 255 0 0 0 255 255 0 44 255
    255 0 0 0 105 255 0 0 255 255 0 255 0 255 0 246 53 43 221 0 0 5 255
    255 255 0 255 247 255 183 0 0 0 255 255 76 0 0 0 255 0 255 176 255
    255 255 0 211 255 255 255 255 128 255 0 150 255 255 153 255 0 0 255
    16 0 0 88 255 255 0 255 179 0 87 255 235 0 255 255 89 0 0 255 178 0
    0 0 255 0 255 0 255 255 255 37 0 255 164 0 0 141 116 145 0 0 0 165 0
    255 255 255 0 190 255 255 0 0 0 0 93 255 0 213 0 255 0 255 255 180
    255 0 255 0 0 0 0 255 204 213 0 0 255 0 255 38 255 148 0 0 255 191
    186 204 255 57 0 0 0 0 255 255 0 255 0 229 249 0 0 172 255 0 255 0
    221 255 255 71 109 0 168 47 255 0 136 0 255 0 0 255 255 255 0 209 0
    255 0 184 229 0 0 27 255 255 213 67 0 240 0 255 180 0 0 255 255 255
    0 71 255 0 255 255 255 0 0 0 255 255 255 0 0 255 255 0 255 0 0 0 107
    186 0 0 0 0 255 22 255 133 255 0 0 255 175 255 0 255 255 255 0 0 0
    255 115 0 0 255 255 62 0 0 0 255 255 255 27 255 0 0 0 255 255 0 0 0
    0 0 0 255 0 25 0 0 0 255 255 0 177 0 255 0 86 66 255 255 255 0 108 0
    255 0 66 255 255 1 167 255 0 121 0 255 255 255 89 0 255 255 255 0 0
    255 255 117 0 255 131 255 193 0 0 0 255 165 255 0 0 0 255 0 237 255
    255 255 211 251 0 6 0 73 255 255 0 0 0 0 255 255 255 131 255 0 0 79
    0 255 0 0 0 255 255 255 66 0 249 219 0 0 0 255 255 255 150 214 255
    107 255 139 255 0 255 0 0 0 255 0 255 0 223 25 0 255 0 163 0 42 255
    255 255 255 0 0 0 0 96 255 41 255 0 0 255 255 255 0 231 0 255 119 0
    0 255 0 188 0 255 14 255 0 0 0 127 0 0 83 51 255 255 123 0 255 255
    255 0 0 0 0 0 255 10 255 0 129 255 255 255 0 164 255 38 108 255 255
    0 255 0 255 255 43 6 0 255 255 255 0 0 0 0 255 211 153 132 0 255 0 0
    255 255 255 255 0 255 255 0 255 0 0 0 185 255 192 239 0 0 255 0 0
    255 118 255 0 20 123 254 255 116 0 0 255 255 0 174 0 255 209 255 255
    0 192 255 255 0 0 0 0 255 255 0 116 0 61 255 255 0 0 0 0 255 255 60
    0 0 255 255 129 0 0 0 255 255 0 0 0 255 255 255 92 255 134 0 255 0
    255 103 255 255 252 0 0 69 0 255 0 0 255 0 255 0 255 0 255 255 255
    255 255 158 0 233 255 255 157 0 134 0 0 255 0 0 0 0 0 0 50 198 8 255
    134 255 0 153 255 255 247 255 0 180 255 0 121 255 198 255 255 0 255
    147 255 0 186 43 255 0 255 0 207 255 255 0 0 255 255 0 255 255 0 0
    255 94 0 0 69 255 255 156 0 0 0 255 0 229 0 255 255 255 0 7 0 255 0
    255 255 255 181 0 228 0 176 0 255 255 195 0 255 66 176 255 0 255 0 0
    255 255 0 190 0 255 255 255 0 255 0 255 0 255 10 255 255 248 0 0 0
    255 0 0 255 255 255 0 0 73 255 155 0 0 255 255 255 0 255 0 255 0 0 0
    255 255 202 0 0 255 255 62 45 0 0 255 255 255 0 0 0 0 255 165 255
    121 0 0 0 255 255 255 0 0 0 0 199 100 171 0 194 255 0 255 74 20 36
    255 255 255 37 0 255 255 95 0 162 255 255 0 0 0 171 0 43 134 0 189 0
    255 0 255 255 255 0 0 255 255 255 0 255 0 255 0 156 0 255 255 255
    255 57 233 0 0 127 0 255 206 170 255 255 0 57 255 0 255 0 255 0 27
    255 0 255 0 0 0 255 255 0 255 255 0 0 0 255 0 0 255 255 255 0 0 0
    255 255 0 0 0 255 216 255 229 255 249 255 255 0 0 0 255 192 0 255
    255 255 0 0 0 255 255 113 255 0 255 0 255 168 255 255 190 255 255
    255 255 0 36 255 246 255 220 255 236 0 119 255 255 78 0 255 255 91 0
    255 0 255 255 255 0 0 182 127 0 255 255 252 0 76 255 255 255 0 69 0
    255 166 0 255 0 255 150 255 0 8 100 255 255 0 255 255 205 255 0 0
    255 0 0 7 0 255 0 255 255 255 25 255 9 255 215 134 255 0 255 0 255
    255 255 0 255 0 156 255 188 255 0 0 255 255 255 220 155 242 0 0 0
    255 138 14 167 255 0 0 21 255 0 255 0 0 0 0 255 0 255 234 0 174 255
    255 0 127 129 255 15 255 255 255 255 80 6 0 255 255 255 255 0 0 0
    255 0 7 0 0 0 0 0 255 0 57 255 255 255 34 0 0 0 0 0 255 0 140 0 81 0
    255 109 255 162 255 255 0 0 103 255 0 218 0 0 0 144 0 0 0 255 255 0
    0 0 255 213 221 0 0 57 255 255 0 255 255 255 0 0 8 255 0 255 32 122
    0 236 255 255 255 0 0 0 0 255 0 104 41 0 255 255 255 255 0 0 255 0
    255 0 255 255 255 113 255 232 19 236 31 255 0 211 101 255 255 37 0 0
    174 255 240 255 147 87 0 0 0 255 0 255 0 255 255 255 157 154 0 244 0
    255 255 255 255 0 255 174 255 255 255 0 255 0 0 0 0 0 156 0 0 255 0
    102 0 60 255 255 183 32 98 0 255 0 0 0 255 220 67 0 255 104 0 67 255
    255 255 0 0 0 0 232 0 169 182 255 255 206 0 128 0 0 52 255 255 255 0
    255 255 255 0 0 0 255 255 255 255 0 115 255 112 255 0 255 0 255 255
    255 180 0 0 255 0 0 0 255 255 255 0 255 107 0 255 0 255 0 0 203 255
    214 0 0 148 255 255 0 0 0 0 255 255 255 0 255 255 255 255 65 255 255
    255 53 35 0 162 0 255 0 255 0 55 224 255 255 0 0 0 0 255 88 255 255
    0 0 147 0 255 255 0 255 89 253 255 255 0 255 0 0 255 0 0 0 144 0 0 0
    255 255 255 0 0 255 255 255 0 0 91 255 255 255 255 255 0 255 77 255
    255 0 255 73 0 0 0 0 10 203 220 255 0 0 0 255 0 255 0 0 0 255 0 255
    79 255 0 81 0 255 194 255 255 0 0 0 255 255 255 0 0 255 255 250 0 0
    255 255 91 0 0 0 255 255 255 255 0 255 226 255 255 255 0 0 0 255 0
    255 0 203 0 255 255 136 0 255 0 255 0 255 184 255 255 255 255 255
    255 0 255 90 255 48 0 255 239 255 0 255 0 0 0 255 240 135 255 51 255
    255 0 0 255 255 38 0 0 255 255 255 0 0 0 201 0 255 255 255 103 0 255
    0 255 42 255 0 0 213 255 136 158 255 0 0 255 255 255 0 255 0 255 255
    255 28 202 0 255 0 0 255 0 255 0 255 99 185 0 0 78 255 0 0 0 0 221
    255 0 255 0 0 255 255 164 0 255 111 255 0 255 255 72 0 255 255 255
    255 72 71 0 173 0 255 0 29 255 59 39 255 0 0 0 255 0 0 0 0 255 0 163
    255 255 255 0 0 255 0 137 0 0 0 255 0 20 255 201 255 0 255 255 255 0
    255 255 255 242 0 255 0 18 255 0 0 178 228 255 0 0 255 255 125 255
    66 31 0 105 0 255 255 0 0 200 0 199 243 255 0 76 0 255 255 0 0 167
    255 0 8 255 0 255 0 255 255 255 0 255 255 255 82 0 255 255 0 0 0 255
    175 155 7 221 0 0 255 255 255 0 246 255 255 0 56 47 100 0 255 0 255
    0 255 255 255 0 0 0 255 0 57 0 0 0 0 34 255 255 255 0 0 0 255 41 255
    0 255 10 0 0 110 0 255 255 255 166 255 0 108 251 0 221 0 255 255 255
    0 255 0 0 0 255 0 255 255 255 255 219 255 0 0 0 0 255 105 255 26 54
    255 0 255 0 215 0 42 0 11 0 66 0 0 255 255 0 255 0 0 0 255 255 0 116
    0 255 97 255 0 255 205 255 150 172 255 255 0 0 0 68 208 255 185 0 0
    255 0 27 0 255 255 255 0 114 0 255 78 255 0 255 0 115 0 65 255 255
    78 0 0 102 255 255 0 255 0 0 255 255 0 0 21 255 255 0 0 255 255 255
    255 0 0 85 255 255 0 0 0 255 159 195 0 0 255 255 255 255 255 255 0 0
    0 255 117 0 255 255 0 0 20 255 0 0 0 0 14 255 255 255 146 83 255 4
    191 0 255 0 34 0 178 0 255 0 41 0 179 217 255 158 0 255 0 255 0 255
    118 255 0 108 95 255 255 202 235 91 0 0 255 255 0 247 0 0 0 255 255
    255 255 0 0 0 255 255 255 255 255 0 255 0 0 51 184 0 0 160 255 0 53
    255 255 255 255 0 103 178 255 0 216 0 0 255 255 255 255 158 0 11 255
    255 0 0 0 0 77 255 255 0 0 254 255 255 255 0 255 0 255 255 255 0 0
    255 255 0 0 0 0 255 255 255 255 0 255 255 255 0 0 58 0 0 0 255 27
    255 255 255 255 255 255 98 255 30 255 0 0 241 255 255 255 0 0 225 0
    255 255 0 0 243 255 69 255 255 0 255 0 255 0 0 0 0 255 238 0 0 255 8
    132 169 185 0 0 255 0 0 24 0 255 0 255 125 255 0 0 255 0 0 0 255 255
    0 0 97 255 255 96 255 255 88 255 0 0 86 0 255 0 0 0 255 255 0 0 0
    255 255 255 0 255 0 255 0 194 0 0 0 0 255 0 255 255 84 0 255 0 255 0
    255 0 255 0 255 0 255 255 255 167 0 255 255 255 255 0 196 245 77 189
    255 0 255 0 255 0 0 162 255 0 0 246 255 6 255 0 0 255 0 255 186 255
    0 255 255 0 255 255 255 0 0 0 188 255 255 255 0 255 209 0 255 126
    255 0 0 50 37 117 0 255 255 255 255 255 0 0 0 0 255 0 255 229 255
    255 255 0 0 255 255 0 0 227 60 0 0 242 255 0 255 0 160 0 255 11 255
    255 0 255 0 255 0 167 0 0 0 188 255 255 213 0 255 77 255 0 255 162 0
    0 0 255 255 255 0 255 0 0 102 0 255 255 255 255 255 0 0 255 255 248
    0 0 0 126 0 5 211 255 0 183 88 255 0 0 0 0 0 255 255 255 236 61 0 72
    255 255 0 255 143 0 255 0 255 255 255 255 0 0 0 255 255 255 176 0
    255 255 0 255 0 0 0 255 255 0 255 198 255 0 0 248 0 204 104 255 255
    73 255 0 255 0 0 165 255 16 255 0 0 255 255 255 255 41 255 255 51
    255 0 0 0 211 255 255 255 0 255 0 35 0 0 255 0 255 255 148 149 255
    255 0 0 21 0 0 59 255 248 9 0 255 255 0 208 255 38 0 0 255 0 255 0
    135 255 202 77 0 0 255 255 255 0 255 130 255 55 255 0 173 0 255 255
    0 0 0 255 0 0 255 147 255 0 255 72 255 255 0 0 0 255 255 255 177 223
    255 0 119 255 255 255 0 255 255 255 0 255 0 226 255 255 255 0 255
    255 255 255 0 0 0 255 255 0 0 0 255 0 0 255 0 255 163 255 0 255 0 0
    0 255 0 255 255 0 41 0 0 0 0 1 255 255 255 255 255 0 0 0 59 255 0 0
    81 155 255 255 255 255 132 48 255 255 255 169 255 0 60 0 197 211 255
    255 56 25 0 78 255 255 0 0 255 255 0 255 0 61 0 114 0 131 11 255 0 0
    0 255 0 255 0 255 0 255 0 255 0 255 255 255 139 0 0 0 20 255 255 0 0
    0 255 141 255 0 0 0 0 255 255 0 0 104 0 0 111 0 255 0 255 97 0 0 255
    155 255 0 255 255 0 255 0 0 0 255 0 255 255 255 0 0 245 255 244 0 0
    255 255 255 255 0 0 0 226 255 255 0 255 158 0 30 0 0 255 255 255 255
    0 255 254 4 255 0 0 0 0 255 255 255 0 255 0 255 107 255 244 255 0 0
    67 0 255 255 249 0 0 0 0 255 255 67 0 0 0 255 0 255 255 0 141 164
    255 255 255 0 255 0 255 0 0 0 255 255 255 255 0 0 255 69 255 208 255
    0 255 0 0 206 0 255 255 255 255 0 0 0 110 255 0 7 18 255 192 0 29
    255 255 89 0 0 148 247 26 247 255 255 255 196 255 0 0 0 69 255 137
    204 97 255 0 255 0 255 0 255 0 255 255 255 31 0 255 0 0 117 0 255 0
    247 0 255 255 181 255 0 255 0 255 207 0 255 10 0 0 0 255 69 144 255
    255 0 0 0 0 255 255 255 0 0 0 255 255 0 0 0 255 0 0 255 255 0 255
    130 33 255 0 255 255 255 138 255 255 0 0 0 255 255 255 160 0 0 255 0
    0 0 0 0 0 0 255 255 0 255 255 0 255 0 0 43 131 0 0 255 39 255 255 0
    255 255 0 198 0 0 0 255 255 255 0 0 0 255 215 255 255 255 255 0 0 0
    255 0 255 255 98 0 255 0 255 0 9 0 0 56 255 18 255 0 255 255 255 87
    0 0 255 0 255 0 121 0 255 255 255 0 0 46 0 255 0 255 255 255 74 0
    255 116 69 255 255 255 255 0 12 80 255 0 255 0 0 0 255 110 0 255 255
    255 0 255 0 255 255 0 0 0 255 255 0 255 0 255 0 36 0 0 127 255 255
    23 255 153 255 235 255 0 255 0 255 0 0 255 255 255 0 0 77 255 0 255
    0 0 72 0 255 255 255 59 0 0 0 255 255 182 0 0 119 0 255 255 0 201
    255 82 255 0 179 0 12 157 0 255 255 0 0 255 255 255 145 0 255 0 0
    197 0 0 255 255 255 0 103 211 0 0 255 185 85 255 45 126 95 255 0 0
    177 255 255 159 0 0 49 255 255 255 0 0 162 0 252 133 255 215 255 0 0
    0 6 255 255 0 0 0 67 0 255 0 0 255 175 255 36 0 0 255 201 255 255 82
    182 0 0 255 0 0 0 0 0 0 255 255 133 255 50 146 0 0 255 2 193 0 0 0
    175 255 0 0 0 147 0 0 0 51 255 255 255 202 0 255 241 255 255 255 0
    32 255 0 0 0 255 255 0 181 255 229 0 255 255 255 0 196 255 0 151 143
    255 0 255 248 0 255 255 0 0 255 0 138 0 236 255 64 0 0 0 255 0 255 0
    255 0 255 255 255 212 0 0 255 130 0 255 0 255 215 30 0 0 255 0 0 0
    255 255 0 255 0 255 0 0 47 255 0 0 0 255 0 255 0 231 0 90 255 255 14
    0 0 255 43 119 0 119 255 0 255 0 138 255 255 255 0 0 62 255 142 0
    255 255 160 0 9 255 37 255 0 255 0 255 37 255 0 0 0 0 255 255 255 0
    0 255 0 255 0 0 190 0 222 0 136 0 0 0 172 0 255 0 255 35 196 0 255
    57 255 255 255 0 0 255 255 0 255 255 0 0 136 255 255 0 33 0 78 195
    255 255 0 0 0 255 0 255 255 255 0 126 255 255 255 251 255 74 255 0 0
    0 255 255 255 178 255 214 0 0 255 160 49 216 255 0 0 184 255 255 0
    246 255 255 255 0 255 0 0 255 255 0 0 255 52 255 255 0 0 0 0 0 103
    255 33 0 0 99 0 106 0 0 255 0 255 0 255 0 255 0 0 0 255 255 0 159
    255 0 255 255 0 255 0 255 0 255 255 0 255 0 255 0 16 255 255 255 163
    0 0 0 0 0 255 255 255 0 0 255 0 255 0 255 255 0 0 255 28 255 120 255
    118 255 68 0 0 255 0 0 18 255 101 0 255 255 213 0 255 0 0 0 0 81 255
    110 69 0 224 130 0 0 98 255 136 0 255 0 255 255 0 0 0 0 255 0 99 0 0
    151 0 255 255 255 255 255 255 44 0 0 181 51 255 0 0 255 0 0 0 255
    255 142 255 199 0 0 0 0 255 0 255 0 33 255 0 255 59 151 0 255 255
    255 0 0 255 255 255 0 0 255 255 0 0 0 0 52 91 167 193 150 0 255 0 0
    50 0 0 255 255 160 0 31 255 255 0 38 49 162 159 255 0 199 255 33 255
    0 255 255 255 0 0 0 0 0 148 0 255 0 255 214 147 0 0 0 255 255 255
    255 158 0 255 0 102 0 0 255 0 0 255 253 255 255 0 255 255 255 255 0
    84 0 255 0 0 70 255 255 255 255 255 0 0 255 237 255 250 0 0 255 255
    0 0 255 102 255 255 0 12 170 234 87 0 255 255 255 0 255 156 0 255 0
    255 0 190 0 255 0 251 16 255 0 0 0 249 0 255 0 255 0 0 255 255 255 2
    0 0 255 255 255 0 255 0 255 0 0 0 235 255 0 31 0 107 255 194 0 0 255
    0 0 0 255 20 196 0 0 255 255 255 255 0 82 0 255 227 255 0 255 0 0 0
    255 255 235 157 0 0 0 255 0 255 255 0 255 0 223 255 255 225 255 0
    255 24 255 126 0 255 58 0 255 0 215 153 255 0 0 45 154 147 65 0 0
    255 255 255 0 255 255 255 255 8 255 255 45 0 0 46 255 0 0 0 255 92
    19 1 255 255 0 0 0 0 126 255 255 0 255 0 0 0 255 0 255 255 0 0 0 173
    253 98 0 255 255 0 0 253 88 255 255 0 0 255 255 0 0 255 0 255 255
    255 227 255 255 164 60 0 111 6 0 255 0 158 255 255 41 255 221 145 0
    0 255 255 255 0 255 0 0 255 255 255 0 0 130 255 0 255 85 0 76 178 42
    0 255 0 59 255 0 0 255 0 255 0 255 255 255 255 132 226 0 0 255 40
    255 0 0 0 7 0 232 255 0 0 255 0 255 192 74 0 255 248 0 255 255 255
    255 157 255 0 0 0 0 0 0 255 0 255 0 255 255 63 121 0 255 255 255 0
    255 0 255 0 255 255 255 0 255 255 0 255 42 255 255 0 0 0 0 0 0 130
    255 255 255 218 0 0 0 255 255 11 0 0 255 255 255 12 0 88 0 0 255 255
    0 0 245 0 0 243 255 255 0 0 0 16 255 255 255 0 77 0 0 255 99 255 34
    255 0 0 255 211 255 0 0 0 0 255 0 255 0 255 252 255 127 236 70 0 182
    255 255 255 255 0 0 255 255 255 149 0 0 197 255 255 249 0 255 87 255
    0 89 0 0 175 0 255 255 45 130 0 0 255 0 93 17 164 0 255 155 255 255
    38 226 236 255 7 0 0 209 255 255 255 0 255 0 94 0 211 255 255 255 0
    0 0 0 151 255 255 0 0 0 255 255 0 0 255 255 0 0 197 255 157 189 0 0
    0 192 148 255 255 255 255 255 0 0 255 64 255 128 55 0 255 0 255 0
    148 255 255 0 85 0 255 255 200 0 0 0 255 29 255 0 255 0 255 239 255
    0 255 0 67 0 255 97 255 255 0 105 232 179 255 89 255 0 27 0 255 0 0
    0 0 255 255 193 0 0 255 255 255 37 255 0 216 24 255 0 255 147 49 0 0
    255 0 0 255 255 0 0 153 255 91 255 0 146 0 255 255 255 226 0 255 0
    255 0 36 255 255 0 255 97 255 255 188 0 0 0 255 255 255 0 0 255 255
    22 255 0 255 0 255 255 0 255 0 255 255 255 255 0 255 65 255 0 255 40
    211 255 32 255 0 0 41 0 228 243 129 0 255 255 0 0 255 255 255 0 0 0
    255 222 175 0 255 255 0 118 0 0 0 0 255 0 0 255 0 5 255 0 107 0 0 0
    255 255 255 255 0 255 134 0 0 181 0 255 255 255 0 222 255 0 0 0 255
    255 255 159 0 0 253 0 0 0 34 255 0 255 255 0 0 0 255 0 0 0 255 255
    127 0 0 0 0 255 0 47 0 255 255 255 0 255 255 0 80 235 0 255 0 0 0 0
    137 0 107 31 0 0 0 46 0 255 255 255 221 0 0 0 255 255 255 0 0 0 154
    200 0 0 0 255 0 255 255 255 0 255 255 255 0 0 255 255 255 255 0 0
    111 255 0 0 0 255 109 255 47 255 255 255 0 0 255 0 0 0 0 253 34 255
    130 0 0 255 0 255 0 0 0 255 205 0 255 0 255 169 86 255 0 255 85 255
    0 138 255 255 255 0 255 255 255 39 0 255 198 255 0 0 0 0 255 123 227
    255 255 0 255 115 52 255 255 0 0 97 255 255 0 215 0 255 0 0 0 0 255
    255 0 0 0 226 246 50 0 240 255 213 168 255 255 0 188 255 255 0 255
    255 214 127 0 255 255 255 255 62 144 2 0 0 0 255 230 199 70 16 0 255
    235 0 0 0 255 0 255 0 0 0 110 0 0 0 0 0 0 0 255 255 255 255 255 0 0
    255 0 255 0 255 0 255 0 255 255 255 148 0 146 0 0 0 0 255 0 255 255
    0 0 0 0 205 255 255 0 0 0 255 198 242 255 255 174 255 255 0 0 77 0
    255 0 255 200 255 0 0 255 255 255 0 0 0 0 0 255 248 0 255 194 255 0
    255 50 255 0 0 255 255 255 255 255 255 255 255 255 0 0 255 0 255 0
    123 255 255 255 128 16 0 200 26 255 130 255 0 255 0 255 0 255 0 255
    255 147 255 0 255 0 255 0 255 255 255 0 145 218 0 0 255 20 255 169
    255 0 0 0 0 195 0 255 0 255 0 255 0 0 0 0 255 255 255 0 255 0 255 21
    0 153 255 220 255 0 255 0 255 247 255 0 255 0 255 190 255 0 255 0 0
    0 255 14 255 0 0 0 255 255 0 255 0 255 0 0 255 255 0 255 0 171 255
    255 255 0 255 139 255 0 0 100 18 255 0 255 0 255 0 255 55 18 0 186 0
    19 0 0 0 0 255 255 255 0 22 0 0 255 255 0 0 131 255 255 0 255 0 0 70
    0 0 59 255 255 255 0 255 0 154 0 0 51 0 0 85 255 0 255 255 255 255 0
    255 0 0 255 0 255 0 175 0 255 255 255 0 0 215 0 69 255 255 255 255
    125 0 0 0 255 255 0 114 161 186 255 240 0 0 255 255 228 255 0 255 0
    0 212 7 255 0 255 0 0 0 255 27 0 0 0 80 255 100 30 0 0 255 255 255
    255 23 24 0 255 255 255 0 255 0 143 255 244 0 255 169 0 132 0 0 0
    120 255 214 0 255 255 255 133 105 255 0 0 0 75 0 59 0 0 0 255 255 0
    255 255 255 174 0 191 0 204 0 255 0 0 254 255 0 255 0 0 255 0 79 0
    255 255 255 0 255 0 255 0 48 255 0 255 0 255 0 255 0 255 0 255 88
    101 255 0 255 255 0 0 204 0 0 0 0 255 0 237 167 255 33 0 0 19 0 255
    18 0 255 255 255 0 0 255 255 255 0 36 0 255 255 47 0 255 0 255 0 0 0
    255 0 0 0 255 241 255 0 255 132 0 0 74 0 0 0 171 119 255 0 0 255 255
    255 255 135 255 0 157 0 0 255 0 255 28 0 255 255 255 0 255 255 0 255
    0 255 0 255 0 120 0 255 255 0 255 0 158 0 255 255 0 139 255 255 161
    11 0 255 115 255 0 255 255 255 0 255 255 0 53 255 0 255 43 255 255
    255 0 60 0 255 0 255 223 255 255 77 255 0 255 0 255 0 93 60 255 163
    255 0 0 204 0 255 0 255 0 16 18 255 255 0 0 0 255 170 255 96 0 255 0
    0 0 255 255 255 0 167 130 255 255 0 0 0 20 255 255 70 255 255 0 255
    101 0 197 0 255 229 194 68 75 255 162 0 255 0 255 0 24 0 255 255 29
    0 255 255 78 0 47 255 255 101 0 5 0 0 255 255 255 0 0 236 91 115 255
    249 0 0 255 255 0 0 0 255 249 0 96 255 0 83 0 255 255 255 0 0 255
    152 0 255 0 255 255 142 212 255 255 0 207 0 255 0 0 0 0 255 234 61
    255 255 255 255 255 255 0 0 255 255 255 0 0 255 255 0 0 0 0 0 188
    255 91 0 0 255 0 186 0 0 32 0 129 0 255 80 255 0 255 0 255 0 157 143
    0 0 255 0 106 209 255 255 255 0 0 255 255 0 255 255 255 0 255 0 34
    255 0 224 0 10 0 255 255 0 23 255 14 255 0 0 0 0 255 0 255 255 255 0
    195 140 255 0 255 0 0 0 0 255 255 0 0 0 255 255 0 187 0 220 0 255 0
    0 176 255 255 232 105 0 0 0 255 0 255 163 0 255 0 255 255 17 255 255
    0 250 123 0 0 0 225 0 189 23 255 255 0 112 242 255 255 0 13 0 0 255
    0 150 255 58 0 0 0 0 0 0 255 255 255 255 0 255 0 0 88 255 207 255 35
    0 255 0 255 0 193 0 255 0 255 0 0 0 255 255 0 255 171 0 0 0 176 251
    65 255 255 255 0 109 0 181 255 228 255 255 255 0 91 0 0 0 104 0 0 0
    68 255 255 0 0 172 255 0 0 255 255 255 255 255 0 0 0 255 255 0 145
    255 0 255 0 255 0 255 0 20 0 255 0 230 0 56 23 0 255 255 0 0 42 255
    0 255 255 255 0 0 0 255 0 255 246 0 0 255 0 0 0 255 255 108 255 222
    255 144 255 255 255 0 0 0 0 97 83 0 49 255 255 255 0 0 0 255 110 255
    0 116 255 170 0 131 255 255 0 255 0 52 219 255 255 255 255 255 0 0 0
    255 103 0 228 0 105 255 0 255 0 255 85 252 0 0 0 0 255 0 255 0 0 255
    0 255 35 255 255 255 255 0 255 0 0 0 0 0 255 255 255 0 0 160 214 0 0
    255 255 255 246 255 255 145 0 255 0 54 0 255 255 255 0 0 0 255 255
    142 213 0 0 0 255 255 255 0 172 0 0 255 255 0 255 255 0 0 138 58 23
    0 255 0 255 255 255 0 0 255 0 0 101 183 255 0 0 0 255 255 0 0 0 255
    255 255 0 34 0 255 178 255 7 255 0 249 0 162 255 255 0 255 254 0 255
    0 255 201 255 0 0 255 0 255 0 0 255 255 0 255 0 255 0 107 168 0 224
    255 255 201 255 0 0 0 187 255 125 255 0 176 0 0 255 255 255 0 255
    255 0 108 255 0 0 255 255 0 0 0 0 72 255 255 0 255 0 255 0 255 255
    255 255 255 255 0 0 218 255 255 0 0 0 0 0 195 255 255 116 255 255
    255 255 17 0 0 255 246 23 0 0 0 255 0 255 149 255 0 255 186 255 255
    0 0 0 255 200 223 0 46 0 255 128 255 0 255 255 255 0 255 0 116 0 59
    0 0 88 215 0 161 0 255 255 255 0 255 152 0 0 0 0 0 216 255 255 255
    255 255 0 0 0 0 255 255 18 0 0 255 255 255 0 255 255 0 0 0 0 250 0
    255 255 255 0 255 255 47 0 255 0 0 0 255 0 255 0 255 255 70 255 255
    0 44 255 255 0 0 0 212 168 0 0 255 255 255 229 0 255 255 255 0 0 255
    0 0 255 255 255 0 0 0 0 216 255 255 255 0 0 185 0 255 0 255 0 255
    255 9 255 255 0 0 0 0 255 255 255 9 255 51 255 0 255 255 71 0 255
    195 255 0 0 0 255 255 255 0 0 255 242 255 32 0 0 0 0 0 255 255 0 0
    114 255 255 0 255 79 255 141 255 255 0 0 255 255 0 0 0 0 255 255 255
    0 0 255 255 0 0 0 0 0 255 184 255 0 236 0 255 159 255 64 255 255 255
    163 0 255 255 66 0 95 255 255 0 0 0 189 0 2 0 255 0 0 0 255 255 255
    142 255 255 255 0 0 255 255 0 0 0 255 255 18 0 255 10 0 211 255 81
    255 0 0 0 0 255 159 255 54 255 128 255 0 255 0 0 0 255 255 0 0 0 0 0
    255 70 255 0 0 0 0 0 240 188 255 254 255 0 0 0 0 0 255 255 255 255 0
    0 255 255 255 0 240 255 0 255 0 75 87 255 255 0 0 253 255 246 255 0
    109 0 0 0 144 255 255 255 255 122 255 0 0 0 255 255 59 0 255 255 129
    255 0 255 255 0 255 255 255 0 0 140 255 91 255 255 0 255 255 0 31 0
    255 0 0 255 0 255 255 0 0 0 255 108 109 0 93 0 255 158 0 255 252 255
    0 0 0 167 255 255 0 110 57 0 0 0 165 255 208 220 0 0 43 0 159 255
    255 0 0 255 255 0 0 255 255 255 0 0 255 255 255 63 0 0 0 255 255 127
    0 255 0 0 0 71 0 255 255 0 255 0 255 0 0 0 255 51 0 0 255 255 255
    255 255 255 0 129 255 255 255 195 0 255 255 141 255 0 250 255 255
    255 255 195 255 0 255 0 0 0 255 180 0 157 0 148 0 255 255 255 0 0 0
    0 31 255 0 255 0 0 0 38 255 255 255 255 0 0 0 255 255 255 255 213 0
    0 70 255 255 77 0 0 0 255 255 255 29 140 255 0 49 0 255 101 255 0
    255 255 255 59 255 38 255 0 0 0 82 0 0 0 0 0 16 255 0 0 255 255 0
    144 0 0 0 255 245 64 0 105 255 0 0 121 39 255 255 166 0 0 206 255
    241 0 255 255 255 255 0 0 0 0 255 255 0 0 26 255 255 0 255 0 255 99
    255 0 0 255 41 255 0 255 0 69 208 22 156 0 255 255 243 255 255 0 255
    89 255 0 255 0 255 8 0 0 0 255 0 255 0 255 0 255 94 0 30 255 255 255
    0 117 44 0 0 255 255 255 84 5 0 0 255 0 255 0 112 0 255 0 255 0 0 0
    255 255 93 0 0 0 164 0 202 255 0 255 0 255 0 0 255 255 0 7 95 0 255
    0 255 255 0 0 0 129 255 255 3 0 255 255 255 217 228 255 0 48 0 255 0
    0 0 0 255 255 0 255 255 255 47 0 187 255 110 195 255 255 126 0 255
    255 255 0 0 255 92 255 0 255 0 255 255 255 0 0 0 255 0 255 0 0 54
    135 255 0 0 65 0 194 0 255 255 255 0 255 0 255 0 0 0 0 0 255 255 91
    0 255 0 255 0 255 214 255 255 0 0 255 0 145 129 125 255 0 0 0 0 0
    255 0 0 0 255 0 0 255 255 255 0 255 0 0 26 255 0 0 136 255 0 255 75
    255 255 255 0 255 156 255 29 255 0 255 255 255 0 255 212 255 255 0
    255 120 0 184 0 0 255 255 255 158 255 10 0 101 0 154 255 0 255 0 255
    125 255 255 0 255 0 0 0 0 255 255 1 255 0 0 0 255 218 255 255 243 0
    255 0 255 0 0 0 0 0 74 171 255 255 0 0 255 255 255 0 255 255 198 0
    255 6 255 0 255 255 0 199 0 228 0 255 255 255 255 0 255 0 255 0 255
    0 0 255 255 157 0 0 39 255 0 193 0 0 255 255 255 0 0 0 255 255 0 255
    0 255 131 0 0 255 255 255 0 0 0 0 255 255 255 0 255 255 0 255 255
    255 0 0 0 0 6 0 255 255 0 197 0 238 0 110 0 255 255 255 122 118 255
    255 0 0 255 255 255 185 0 0 0 255 61 204 255 0 8 0 0 255 0 0 0 255 0
    0 255 255 0 255 0 0 0 255 255 117 0 0 255 255 0 22 255 255 0 0 255
    255 255 0 0 255 0 166 144 255 21 255 255 255 91 179 255 255 255 0 0
    0 255 255 237 255 0 255 255 255 0 255 140 255 0 145 0 255 0 0 0 0
    255 0 0 0 201 255 0 255 0 0 0 0 0 63 255 255 0 0 255 255 255 255 0 0
    255 28 0 0 0 136 98 255 0 255 0 0 0 44 255 0 255 0 0 255 255 146 0
    173 255 255 0 0 255 255 0 114 255 195 0 0 0 164 255 255 0 255 255
    255 255 157 0 0 0 0 255 160 255 0 0 0 255 255 234 255 0 255 0 255
    255 147 0 255 0 0 0 0 255 0 255 25 255 255 255 0 195 0 75 0 0 255 0
    255 0 255 255 0 0 0 255 255 58 173 0 255 222 255 34 94 69 0 255 0
    255 0 255 178 255 0 255 0 0 255 255 0 0 0 255 255 195 255 225 255
    255 255 0 255 0 0 0 255 255 255 80 0 0 0 255 255 255 0 255 0 0 192 0
    255 251 255 255 0 0 254 255 255 255 0 0 255 0 0 0 255 87 59 255 255
    121 0 0 255 0 0 0 52 0 255 255 255 0 0 0 88 255 0 255 0 255 0 0 0
    255 255 0 0 0 0 255 0 252 255 255 114 0 255 255 255 0 0 0 255 0 255
    0 255 0 255 84 0 0 128 0 255 0 46 160 86 245 255 114 255 188 0 0 255
    0 255 0 0 0 0 0 0 167 46 255 0 36 0 255 255 0 0 0 255 255 0 0 152
    255 255 255 255 0 0 255 255 0 0 0 0 255 247 177 167 9 0 255 255 223
    0 11 0 255 255 255 0 0 0 255 255 0 255 255 255 0 255 0 255 0 255 0 0
    0 255 255 255 0 164 0 255 255 0 137 255 255 255 0 190 0 255 0 0 0
    175 194 0 0 179 255 255 0 0 0 255 0 0 35 255 255 200 219 0 83 255
    255 47 0 0 0 0 51 255 255 255 0 0 0 255 255 255 0 0 0 95 0 255 0 255
    0 255 0 255 0 148 0 255 0 255 92 198 0 255 169 255 0 0 0 255 255 232
    146 48 255 255 255 0 0 0 0 255 0 255 0 100 47 255 255 0 255 255 255
    0 0 0 38 255 155 255 0 255 0 226 40 255 255 121 126 0 255 255 0 255
    0 255 0 0 0 255 28 0 0 255 0 255 255 255 0 0 255 255 255 85 101 172
    2 255 255 0 255 255 255 0 255 255 0 0 0 255 255 255 255 0 0 255 0 0
    0 255 255 81 0 255 0 255 25 177 0 0 0 171 255 186 255 52 0 0 0 0 255
    255 62 31 255 255 255 0 255 0 0 44 255 255 0 0 0 255 31 212 0 6 255
    0 0 255 44 0 255 0 0 0 0 255 0 0 0 255 128 0 0 251 255 255 170 255 0
    255 64 0 255 255 0 0 255 255 0 255 0 255 255 255 0 0 255 255 255 0 0
    255 0 0 255 133 255 0 255 0 0 255 255 255 0 255 0 255 165 255 255
    255 205 0 231 0 0 0 255 76 255 0 0 0 255 255 0 198 0 155 73 255 255
    0 0 0 255 0 53 0 255 0 253 0 0 0 255 255 0 255 255 91 0 255 255 255
    255 0 0 255 255 186 255 0 255 255 255 0 0 31 7 124 0 255 132 255 255
    255 255 0 0 0 255 0 246 252 25 0 0 255 197 255 255 255 0 0 0 0 255 0
    255 73 255 217 255 62 163 0 0 35 0 255 0 255 8 225 0 0 75 255 255
    255 255 1 255 0 132 255 0 0 0 255 0 118 36 0 128 0 255 255 0 0 0 255
    255 255 172 255 255 255 255 255 0 0 0 15 0 0 255 255 255 255 0 0 255
    255 0 0 82 0 255 255 255 145 255 255 255 0 255 255 0 0 0 255 255 66
    0 255 255 255 0 255 255 255 255 0 255 0 0 0 255 255 255 0 137 0 255
    255 255 255 0 0 255 255 255 0 232 0 255 45 0 255 255 255 0 0 255 247
    0 0 160 255 255 217 255 0 255 255 0 0 0 255 255 112 255 255 98 0 55
    255 0 255 0 0 255 255 198 255 255 255 0 0 0 0 255 255 73 136 255 255
    255 0 255 239 0 221 0 255 0 255 255 0 0 255 255 168 29 0 56 0 127
    255 255 255 255 0 0 0 255 255 255 255 0 73 161 30 13 255 0 123 0 0 0
    255 255 0 255 0 36 0 132 0 0 255 255 255 255 255 0 0 158 255 255 255
    255 171 168 255 255 0 0 0 0 192 255 184 0 255 0 0 209 130 255 0 236
    0 0 0 255 255 255 0 255 0 6 120 255 255 0 20 255 255 255 0 0 0 0 255
    0 174 3 255 255 13 0 255 255 0 64 255 0 151 0 255 33 152 0 255 255
    255 190 232 40 0 59 0 30 0 138 254 20 0 255 0 255 255 0 0 0 255 255
    189 0 255 255 0 0 0 181 255 24 255 67 255 53 255 255 255 255 255 255
    0 255 194 255 229 255 0 0 0 0 255 5 134 2 142 0 0 255 0 255 255 228
    0 0 0 255 255 90 0 255 255 255 255 0 0 0 255 161 0 71 255 255 63 255
    79 0 255 0 0 255 183 255 255 0 109 255 0 0 0 255 25 255 255 0 37 25
    0 0 255 255 255 0 255 255 9 255 255 255 0 0 0 255 255 255 0 255 255
    0 0 0 255 255 0 0 0 255 255 138 0 130 255 255 255 194 170 255 117
    255 0 78 255 255 0 255 0 0 0 255 0 0 255 255 237 230 255 255 255 220
    0 255 198 255 0 204 255 255 255 181 0 0 0 0 0 255 255 0 188 255 0 0
    137 255 193 245 255 255 246 0 255 0 182 0 0 0 255 255 255 0 19 0 64
    0 255 255 255 0 0 0 255 0 255 0 255 0 0 255 255 255 0 0 0 51 0 0 0
    255 0 255 144 0 0 0 255 255 0 255 255 255 0 0 0 0 66 218 43 255 255
    255 0 0 255 9 255 255 255 0 0 107 255 255 255 0 0 0 255 255 255 0
    255 255 255 112 0 0 0 253 64 255 0 101 255 255 0 0 0 0 0 0 0 200 230
    247 255 255 245 0 0 255 0 255 231 0 0 0 0 255 255 255 0 255 255 159
    0 0 255 255 255 0 0 234 0 151 255 202 171 255 255 255 0 0 0 255 255
    0 229 255 0 255 0 0 0 0 255 0 255 0 151 255 255 250 24 0 255 255 255
    78 255 0 255 0 0 255 156 192 0 251 255 0 0 255 206 255 38 186 255
    255 255 227 255 255 0 37 154 255 0 0 0 255 0 0 255 255 80 0 0 0 141
    0 255 255 255 255 146 0 254 255 255 197 255 255 0 183 255 0 0 87 118
    79 255 0 0 116 0 255 255 91 0 168 255 0 255 0 255 255 0 97 0 255 28
    0 228 255 0 194 255 0 255 0 0 146 255 255 0 255 255 0 253 0 0 56 0
    255 0 255 0 255 255 255 0 19 0 255 0 255 255 98 0 255 255 49 121 0
    255 168 0 173 0 134 0 255 239 159 57 255 255 0 0 255 0 50 255 255 0
    0 255 0 255 255 0 255 255 255 0 184 0 0 0 57 0 255 255 255 0 255 0
    255 0 0 0 255 16 255 0 67 95 255 150 255 255 40 255 0 255 255 0 0 27
    255 0 136 0 0 255 255 255 255 255 0 255 255 0 255 0 0 255 115 55 0
    255 0 0 0 255 0 220 255 255 255 0 0 0 255 0 255 0 255 255 255 0 14
    255 192 0 0 218 255 255 0 0 0 255 255 0 0 255 255 0 171 0 0 0 255
    255 51 164 0 255 255 255 5 0 0 233 255 0 0 0 255 255 161 0 0 0 0 0 0
    255 57 255 3 0 99 255 101 255 57 255 255 255 85 255 0 255 82 255 0 0
    53 255 255 157 99 255 28 0 255 31 106 181 255 255 0 0 0 0 255 255 0
    0 255 0 255 0 35 0 255 255 24 45 0 232 0 255 214 0 0 255 0 255 0 0 0
    255 255 255 136 54 40 61 183 0 0 255 255 255 0 0 255 55 0 0 0 0 0 0
    255 255 0 255 0 255 105 255 0 0 0 131 0 82 19 249 255 0 255 43 255
    255 255 0 255 255 255 0 255 0 255 0 255 80 0 255 151 182 255 255 255
    121 255 255 255 0 255 0 255 0 255 0 255 0 255 0 239 12 255 255 255
    255 0 206 255 0 255 0 255 0 255 255 255 0 0 0 0 144 0 255 188 255 84
    255 255 255 255 183 255 0 17 255 255 255 0 0 255 255 0 255 0 255 0
    255 0 255 0 0 255 255 255 255 0 255 255 222 0 0 0 255 255 202 255
    255 0 0 255 255 255 0 255 255 255 255 0 41 40 234 0 255 0 255 0 255
    0 255 234 255 0 0 255 0 82 81 0 0 129 255 117 34 255 255 255 246 255
    0 255 255 0 215 0 255 255 255 214 0 178 99 0 0 255 0 0 0 255 255 240
    255 0 255 0 255 105 43 0 255 255 0 255 0 0 34 0 59 23 255 0 0 255
    255 0 0 255 255 255 31 0 0 0 255 255 255 31 0 10 0 255 207 150 0 243
    0 255 0 255 0 255 0 0 255 255 0 255 255 255 0 0 8 94 0 0 255 255 255
    0 0 0 255 255 255 255 69 255 255 255 213 0 0 0 159 0 33 255 255 255
    255 255 221 37 0 237 255 255 0 0 0 178 255 255 49 0 0 255 255 255 0
    0 23 0 255 140 255 0 255 255 255 255 0 0 236 255 0 175 0 255 255 1 0
    0 114 255 255 255 0 229 255 83 255 0 255 255 48 248 255 255 255 255
    0 141 0 0 0 234 255 0 0 0 255 255 0 0 0 0 0 255 255 255 0 52 0 255
    255 255 0 0 0 0 111 255 255 215 0 157 0 255 0 255 0 255 255 255 0
    255 0 255 255 0 0 152 255 0 0 0 255 255 0 0 0 0 245 255 0 0 36 255
    255 255 16 155 0 255 255 0 0 0 0 255 255 0 75 0 255 202 221 0 91 0
    216 255 255 79 122 81 0 24 255 255 255 0 22 255 178 0 154 255 255
    255 67 0 255 0 0 0 255 0 255 0 255 0 196 255 11 133 206 230 255 255
    0 0 0 249 0 0 0 255 0 0 0 234 255 255 255 255 255 117 255 117 0 185
    86 216 255 0 24 0 255 255 6 42 113 255 255 0 0 0 255 0 0 23 255 255
    0 192 255 255 0 0 0 0 255 0 255 0 255 255 255 255 0 0 109 255 17 0
    243 138 85 0 0 0 255 0 194 255 0 0 255 255 151 0 177 255 79 255 255
    54 0 0 255 255 0 255 255 255 255 255 23 0 0 255 234 255 0 0 0 0 255
    0 0 202 255 255 0 0 0 255 255 158 255 0 0 218 187 0 0 255 0 0 212 0
    255 27 255 0 0 0 255 255 0 255 255 255 0 255 0 0 0 255 73 0 215 255
    255 209 255 0 255 0 255 0 177 0 0 255 0 0 255 17 255 18 255 0 87 39
    255 0 52 255 140 70 169 255 0 255 233 0 0 0 0 255 180 62 255 0 255 0
    255 0 255 0 0 65 255 255 142 0 130 182 255 0 0 0 199 255 0 125 14
    255 0 0 255 255 255 0 0 0 255 0 224 255 255 0 144 233 0 0 0 0 112 43
    129 0 0 255 19 255 255 180 255 0 0 60 255 255 255 255 255 0 255 0
    255 0 37 234 255 93 0 153 0 255 0 54 255 255 236 73 221 255 255 0
    255 0 255 141 255 0 62 0 255 255 255 0 255 0 255 0 255 0 0 0 41 255
    245 0 0 0 0 255 84 255 0 0 0 0 0 0 255 163 255 0 255 117 6 0 255 255
    137 0 0 110 0 67 255 255 255 0 101 0 255 255 0 0 0 0 98 255 174 255
    0 0 255 0 64 0 46 1 251 0 255 255 0 255 0 178 255 255 0 0 255 175 0
    28 255 0 255 0 255 0 0 45 0 255 0 0 0 0 255 0 255 0 0 0 176 255 255
    255 255 0 0 5 255 255 255 255 0 170 0 58 0 160 0 255 208 0 64 0 255
    0 255 0 0 0 0 255 255 0 255 0 255 0 255 0 0 255 255 255 0 255 0 0 0
    255 156 27 71 219 0 255 176 255 0 0 0 255 64 0 0 178 255 0 0 255 255
    0 255 122 0 255 255 0 0 0 0 206 255 0 0 255 119 255 0 0 0 203 255
    255 133 129 239 0 169 153 255 255 0 130 43 162 0 0 255 0 29 255 0
    255 255 0 0 255 255 255 0 0 151 255 255 97 0 0 255 255 255 0 255 137
    0 16 0 3 0 29 255 0 255 0 255 123 0 0 255 227 0 0 255 10 255 0 253
    191 0 255 255 255 0 255 146 255 55 0 255 0 255 212 0 255 255 255 255
    0 0 126 43 45 0 45 169 255 0 58 0 255 255 255 255 0 255 255 255 0 0
    255 0 0 0 26 255 0 0 0 0 255 0 0 0 1 0 255 0 255 115 255 0 255 255
    255 0 109 0 0 0 160 77 0 0 255 0 255 255 255 0 61 255 0 70 0 255 0
    255 0 255 0 130 255 255 255 255 0 255 0 0 255 0 255 0 0 0 255 255 0
    0 0 255 255 0 0 0 0 0 0 0 0 255 77 255 255 137 0 0 255 255 0 0 255 0
    0 0 255 255 255 0 0 0 255 0 0 255 255 0 0 248 255 0 0 0 255 255 139
    191 0 0 0 255 255 255 255 0 255 233 255 0 0 255 255 255 255 255 0 0
    23 255 255 0 187 0 0 158 255 0 0 148 255 255 255 255 248 0 0 0 0 255
    255 0 255 0 255 0 64 184 255 0 255 0 0 0 0 187 228 255 255 0 255 0 0
    0 255 255 255 255 0 0 0 0 255 0 0 255 255 0 0 122 92 255 0 0 255 255
    255 0 0 0 0 255 255 171 128 255 255 0 0 0 255 255 255 245 0 255 255
    0 255 218 0 0 0 255 94 79 87 0 255 255 0 0 0 0 255 0 193 0 255 0 60
    15 69 170 255 0 255 60 51 0 0 0 255 255 0 0 255 255 255 0 0 0 0 255
    255 0 124 255 0 255 0 255 25 255 0 255 0 255 255 79 125 0 255 255
    166 0 189 255 0 255 0 255 0 81 0 204 255 57 255 0 255 105 255 0 0 0
    0 255 0 173 0 0 255 255 255 0 255 70 255 0 255 0 255 255 255 0 0 0
    94 255 0 255 42 255 255 0 235 198 0 255 126 104 178 69 0 193 0 65 0
    255 0 255 0 0 0 255 62 255 255 202 0 0 255 0 106 0 0 255 52 0 255
    255 255 50 255 255 255 255 255 255 89 0 255 0 0 255 255 0 255 255 76
    0 255 194 255 0 0 0 255 253 0 16 0 255 255 188 0 0 37 255 60 255 0 0
    0 255 0 0 255 171 255 0 0 0 255 0 230 255 35 192 0 255 255 255 0 62
    131 0 255 0 255 0 255 172 219 0 255 0 0 0 126 0 0 255 0 0 0 243 255
    0 255 255 140 0 255 255 255 255 193 0 255 255 255 255 0 255 255 72
    255 0 255 0 255 0 176 255 0 0 0 232 255 0 255 255 171 0 0 255 84 0 0
    255 0 0 209 0 255 255 104 0 255 179 255 0 0 0 255 255 0 0 98 255 0
    255 255 255 48 255 0 255 0 255 0 0 215 0 0 255 251 0 186 0 255 0 255
    3 255 0 0 0 131 255 0 59 255 255 159 4 255 0 14 255 255 0 0 255 0
    255 0 255 0 255 255 55 0 181 232 255 0 71 255 0 255 0 255 0 93 255
    124 255 0 0 255 0 255 0 0 0 86 255 178 255 0 0 255 98 255 0 0 164 0
    0 0 210 0 255 255 255 255 255 32 225 255 255 70 22 0 255 255 255 0 0
    0 0 0 0 255 255 255 255 255 0 84 255 0 148 255 255 255 255 239 0 255
    255 255 0 0 0 0 6 198 255 0 0 255 236 255 0 255 0 0 0 0 255 204 255
    255 0 255 104 255 0 0 0 255 0 172 0 255 102 0 41 255 255 73 255 151
    255 0 0 0 228 255 0 0 0 255 0 255 255 255 0 244 255 255 116 255 0
    140 0 255 0 2 0 0 0 255 255 255 0 0 0 0 255 111 255 58 0 43 255 255
    97 215 255 0 172 191 255 255 0 0 35 0 0 255 0 255 145 0 255 98 0 49
    255 255 255 0 0 255 255 0 0 0 255 255 255 0 168 84 255 0 0 255 255
    63 0 0 154 159 255 77 255 231 0 0 255 224 255 0 0 126 0 255 255 0 0
    111 255 255 255 0 149 31 0 0 255 255 255 0 0 0 229 255 255 255 0 165
    255 255 255 152 255 0 255 255 41 0 0 0 0 255 0 255 0 0 255 0 182 255
    255 148 255 255 255 0 0 0 255 178 255 255 255 0 255 255 255 0 255
    100 152 0 0 255 255 235 255 255 55 255 0 255 0 0 204 255 190 171 255
    255 255 0 255 0 0 0 255 255 0 0 0 165 255 255 238 255 255 255 0 255
    0 0 0 0 0 255 0 255 0 255 255 0 0 255 255 0 0 0 255 0 255 255 255 0
    81 0 224 0 255 0 255 255 255 0 0 125 0 255 255 255 255 255 0 255 255
    255 0 0 0 255 255 255 255 255 0 0 255 255 255 0 255 0 0 0 255 180
    255 0 255 195 255 0 0 0 255 0 255 0 0 255 255 255 0 255 255 144 79 0
    255 255 255 0 201 0 255 255 255 255 49 0 116 255 0 0 0 0 255 255 37
    0 0 0 73 0 255 204 0 68 255 255 255 203 255 0 0 26 0 0 0 0 41 0 53
    255 188 255 255 0 0 0 121 255 0 0 88 255 0 255 0 0 0 255 0 24 0 94
    255 255 255 0 0 0 255 255 255 0 0 255 255 255 255 255 0 0 255 255
    255 255 255 0 234 0 0 255 0 255 255 0 255 10 0 33 0 0 0 255 255 255
    77 255 255 187 255 0 0 0 0 243 255 255 0 255 137 255 0 0 255 255 255
    120 0 0 255 255 255 125 255 255 255 0 0 0 255 255 192 255 0 255 0
    214 0 0 0 219 0 178 255 0 0 0 255 255 255 0 255 255 255 53 0 0 0 255
    0 255 0 0 255 255 0 255 255 60 162 0 255 255 255 0 0 0 255 178 255 0
    255 255 0 0 0 255 0 0 255 255 255 255 6 0 3 255 0 255 255 255 0 255
    255 255 254 255 0 248 0 214 255 255 255 0 255 151 0 255 0 254 0 255
    255 255 0 0 0 0 0 0 0 242 255 255 255 213 255 0 0 255 217 255 70 0
    255 255 255 255 0 215 255 255 0 0 0 114 255 243 0 255 0 93 0 255 255
    177 0 0 255 255 0 255 138 255 0 77 0 255 0 21 0 255 255 0 65 0 255 0
    255 0 76 255 0 0 0 0 132 0 255 255 255 58 255 0 255 0 6 0 0 0 0 255
    137 0 255 0 0 0 255 255 0 0 255 129 255 201 0 38 148 0 0 0 255 255
    255 0 255 0 200 255 255 0 0 127 54 255 255 255 172 0 255 160 255 12
    0 0 0 255 255 255 223 0 255 255 255 0 0 255 0 255 208 255 143 0 255
    0 96 0 255 255 0 52 0 255 0 255 255 255 255 179 255 0 113 243 255 65
    197 85 0 0 0 255 255 69 0 237 255 255 0 0 47 255 255 55 0 0 30 79
    255 91 0 0 255 0 17 0 50 255 255 255 143 0 255 49 0 0 255 255 0 131
    255 255 0 0 8 255 0 220 255 255 0 224 0 255 255 91 0 255 255 255 0 0
    0 0 255 0 0 0 0 255 255 27 0 255 255 0 255 255 0 255 0 0 0 189 0 0
    255 255 0 0 0 255 255 255 0 0 0 0 255 255 0 0 0 255 0 193 255 255
    255 0 0 0 255 0 0 0 255 255 0 0 0 0 255 255 255 255 228 255 57 0 0
    255 255 255 0 144 8 0 0 255 255 255 35 0 0 0 159 0 52 0 0 255 255 0
    0 0 255 0 0 255 255 0 0 0 202 0 255 255 0 0 0 255 255 255 255 0 0 0
    171 255 0 240 0 0 0 255 255 255 0 0 0 255 255 197 255 143 255 80 255
    0 0 255 160 255 0 100 131 0 39 14 255 0 0 0 255 255 0 255 0 107 39
    255 0 255 255 255 0 115 0 255 0 0 0 0 0 24 255 255 255 0 0 0 87 162
    4 255 0 82 0 255 140 132 255 75 255 0 0 0 255 255 0 0 255 255 217
    255 255 255 255 50 206 0 0 0 255 255 45 255 0 0 255 255 0 183 79 0
    169 0 0 255 255 255 0 255 72 227 0 0 0 255 255 123 77 255 0 0 0 255
    205 0 255 255 255 65 0 0 140 255 17 252 0 0 0 9 0 255 38 255 0 255 0
    255 99 0 213 255 42 255 178 255 255 255 255 0 255 0 0 0 0 255 0 255
    0 0 0 255 0 255 66 255 255 0 255 255 255 0 255 0 255 255 0 0 221 46
    66 180 0 212 0 218 0 65 108 0 255 255 38 86 255 240 255 255 255 255
    255 255 255 0 219 0 0 255 255 232 0 0 255 255 131 255 32 255 0 255 0
    199 255 255 153 23 239 255 0 116 128 255 255 0 0 255 255 0 0 0 255
    109 255 17 33 133 27 0 1 123 255 52 255 159 255 0 239 255 0 217 255
    27 255 0 0 255 88 0 0 0 170 0 0 255 255 241 255 255 0 0 255 0 255 0
    255 255 0 0 0 0 255 255 192 0 0 255 255 255 0 0 255 0 0 255 255 0
    234 0 0 255 0 201 255 255 187 0 255 255 0 255 190 231 0 0 255 0 255
    0 255 255 95 0 255 255 255 255 0 0 235 255 0 246 255 0 0 0 0 0 0 62
    255 255 255 244 0 162 143 8 222 0 0 255 170 255 229 0 0 0 255 0 255
    255 255 200 255 0 0 0 47 171 0 0 255 157 0 0 7 255 0 0 255 0 255 0
    160 85 255 0 0 0 255 245 255 255 0 0 0 221 0 255 255 255 79 255 255
    0 0 15 255 255 255 0 19 0 230 0 255 0 255 255 255 255 0 0 255 255 27
    0 0 0 255 255 251 0 255 0 255 255 255 255 0 0 255 183 132 0 191 164
    255 255 0 255 255 0 0 123 0 255 255 255 0 145 0 47 0 255 0 0 0 255
    255 255 218 80 0 0 0 255 0 255 0 0 0 0 255 255 0 136 178 255 147 0
    171 255 0 255 0 255 0 255 0 255 0 0 0 255 234 255 255 0 0 0 255 255
    0 0 0 255 41 86 205 0 195 255 255 0 0 0 179 255 255 73 0 174 0 0 0
    255 0 0 0 255 227 61 0 0 255 0 0 0 65 255 255 0 0 29 255 255 65 255
    221 0 255 0 255 0 0 255 0 0 0 255 255 255 0 0 0 90 255 255 0 0 0 255
    255 33 0 255 255 0 255 0 255 0 0 255 0 171 255 255 255 0 255 255 0 0
    0 4 255 255 255 0 0 255 255 255 46 0 0 255 255 0 255 0 255 233 0 255
    0 255 255 0 255 0 255 255 0 0 0 255 0 255 255 0 255 170 0 0 0 170 0
    153 255 255 255 0 0 0 170 0 255 146 255 0 255 255 255 0 92 255 255 0
    0 255 127 255 0 228 255 255 255 0 0 255 255 255 0 189 255 0 0 160 71
    255 0 0 0 54 255 0 0 255 199 0 0 255 255 255 152 7 255 0 172 0 255
    102 0 74 65 255 255 255 255 0 0 255 255 255 160 255 0 246 81 255 0
    90 255 255 0 255 255 255 255 255 255 0 255 255 255 22 0 0 194 255
    231 0 0 0 0 255 0 255 0 255 171 255 255 0 255 0 255 255 0 0 0 255
    255 245 0 138 255 0 224 255 0 0 0 255 0 0 0 106 255 223 2 0 255 255
    230 0 107 255 197 255 0 255 0 0 0 255 255 255 0 36 79 0 0 0 0 255
    255 255 166 255 0 0 0 205 255 0 210 0 255 255 0 255 255 117 0 0 255
    0 255 0 165 255 255 33 0 0 56 252 255 255 0 85 234 238 0 0 208 255
    255 0 0 0 0 0 0 255 255 38 0 255 139 0 255 0 255 255 0 0 0 255 255
    255 196 83 0 255 0 0 255 0 255 0 0 0 0 29 255 255 255 0 0 0 255 124
    122 255 255 0 255 0 255 22 255 125 149 0 0 0 255 0 166 255 60 0 255
    0 0 0 181 125 255 255 0 255 30 255 255 255 0 0 244 0 255 255 255 243
    0 0 0 193 0 11 0 0 0 255 255 36 0 255 22 0 227 255 255 255 0 0 0 255
    61 0 255 0 255 255 0 0 0 255 255 255 255 198 0 0 181 34 255 247 0
    255 255 255 0 64 149 255 0 48 0 255 255 81 108 0 0 255 178 255 150 0
    0 0 0 49 0 255 255 35 0 255 255 255 255 175 255 46 107 252 0 255 255
    247 0 255 0 0 0 0 255 167 0 0 0 255 255 255 255 0 0 0 255 255 0 255
    0 0 0 255 0 255 255 0 247 255 255 0 0 0 255 0 255 0 244 13 255 255 0
    255 0 0 0 255 0 255 255 255 0 0 255 50 0 0 0 0 212 255 255 0 254 255
    255 0 0 0 0 0 255 255 0 57 0 255 255 255 0 70 255 0 255 255 255 255
    218 0 61 255 255 0 0 255 255 0 0 255 193 54 255 0 255 17 0 255 0 255
    255 255 255 0 0 41 255 255 0 255 0 255 214 255 0 0 0 0 46 247 0 0
    142 255 255 42 0 0 255 0 120 255 193 255 78 255 89 255 0 0 0 255 0
    255 0 255 247 255 0 141 255 75 159 231 240 0 255 114 253 0 0 254 255
    122 228 255 0 12 255 255 0 255 108 0 255 0 0 0 255 255 0 0 255 255
    255 255 136 0 49 255 0 0 0 255 255 0 0 0 255 167 126 255 0 255 0 255
    0 255 255 0 0 22 255 255 255 0 0 0 0 255 255 132 255 0 0 0 255 255
    255 0 255 66 255 0 255 0 255 180 0 255 166 0 0 0 255 255 255 0 0 130
    2 255 85 255 221 0 0 226 0 0 255 255 255 255 255 255 157 0 0 0 0 255
    255 148 0 0 0 255 0 255 0 0 57 255 0 0 211 255 255 0 0 0 255 255 22
    220 0 0 0 255 255 0 0 0 71 0 255 223 255 0 255 0 255 0 255 182 255
    255 255 255</data></your_img>
</opencv_storage>
