<?xml version="1.0"?>
<opencv_storage>
<filter_type>0</filter_type>
<only_luma>0</only_luma>
<r1>1</r1>
<r2>2</r2>
<L2_diff>1.9463658443365678e+03</L2_diff>
<test_img type_id="opencv-matrix">
  <rows>128</rows>
  <cols>256</cols>
  <dt>"3u"</dt>
  <data>
    144 30 251 36 255 105 99 55 173 46 125 221 85 191 57 90 8 117 242 31
    201 242 48 231 64 1 63 140 47 118 226 6 208 141 29 254 2 17 220 199
    10 253 21 255 88 109 251 46 171 195 31 49 169 249 140 48 250 10 72
    194 25 179 169 133 128 143 112 224 249 152 1 30 70 226 35 129 238
    226 58 136 74 164 219 253 236 207 109 125 163 5 242 30 88 177 96 146
    110 20 6 31 134 64 39 181 134 233 139 16 124 210 106 184 231 207 33
    128 144 153 102 185 236 42 21 178 245 61 74 8 66 196 215 76 20 42
    155 181 187 109 197 30 131 226 69 102 233 98 103 201 76 254 205 75
    38 89 101 151 219 128 75 37 110 100 124 24 35 215 238 122 190 129
    226 27 44 92 253 35 240 242 104 204 240 167 2 254 160 167 84 141 221
    227 210 120 136 94 203 250 178 128 34 234 154 249 30 140 195 179 173
    243 64 34 43 94 170 178 250 181 222 210 9 18 218 2 8 38 49 102 142
    138 92 30 5 62 61 5 241 133 12 28 152 14 173 99 160 109 2 196 137
    124 133 243 250 186 41 62 121 152 155 176 46 145 25 12 31 236 184 81
    212 249 229 227 37 31 4 1 59 190 78 1 227 125 37 122 9 79 71 41 201
    33 3 210 239 89 174 154 21 249 14 237 177 13 19 71 156 47 122 225
    139 62 127 43 218 100 3 207 63 72 246 145 21 187 206 137 227 39 34
    68 75 188 65 29 86 81 233 208 67 92 26 212 166 68 200 225 104 238
    230 198 51 114 193 89 187 37 38 148 68 106 35 82 233 21 224 125 138
    155 55 255 117 177 88 234 171 61 95 111 21 124 230 230 22 207 39 116
    29 13 246 20 124 13 117 187 53 8 161 28 118 160 73 119 68 253 186 10
    95 13 168 98 59 16 133 52 200 173 169 8 154 10 251 171 121 125 52
    161 79 121 31 88 236 13 232 155 147 30 251 54 167 114 254 199 54 242
    176 106 43 92 206 69 37 16 191 69 134 34 129 177 224 135 1 114 165
    251 219 39 143 89 17 213 236 198 39 193 173 153 44 80 251 67 13 134
    172 199 82 142 179 91 197 215 219 60 60 67 111 175 4 223 32 200 138
    123 162 243 243 150 38 51 106 153 240 101 169 8 106 169 222 3 239
    219 178 171 191 173 155 139 246 110 198 24 64 217 148 218 105 154
    154 168 193 244 141 235 102 183 48 240 39 116 89 15 27 73 237 119
    136 193 17 167 236 183 76 57 181 4 54 109 75 176 9 224 8 67 234 243
    39 146 75 55 122 32 153 14 88 89 47 45 59 122 54 94 253 165 187 39
    38 109 36 107 214 148 131 24 131 99 66 48 43 22 22 12 23 194 208 78
    124 221 151 230 187 90 135 170 115 19 1 93 172 148 58 227 206 100 76
    24 102 157 2 185 215 157 162 224 24 167 181 124 197 246 115 87 133
    173 95 78 160 52 96 240 54 6 124 215 194 215 161 33 124 244 117 192
    179 157 72 141 82 78 129 139 129 25 134 179 180 176 32 165 49 223
    254 161 6 57 116 233 216 144 40 134 153 149 35 181 46 135 253 96 142
    100 39 89 107 118 108 100 199 61 209 0 9 79 107 80 2 121 195 207 41
    94 232 186 79 87 13 215 204 88 249 72 8 136 210 145 238 7 144 157 77
    104 171 235 23 101 197 89 76 63 255 228 53 81 52 50 204 163 141 99
    240 102 195 201 108 178 10 168 21 253 165 255 79 250 121 112 3 110
    233 169 35 121 120 80 31 121 238 23 88 90 209 76 184 129 250 136 242
    13 185 176 194 185 1 219 255 78 4 139 17 153 216 101 9 38 165 103 87
    3 35 97 252 108 147 212 70 174 29 161 213 84 235 70 201 84 167 155
    98 148 143 164 92 86 12 255 86 202 24 188 186 67 180 1 39 42 104 88
    40 200 158 229 59 22 46 183 29 92 149 121 225 208 57 247 209 247 78
    217 99 186 23 107 114 223 24 245 73 81 73 6 66 48 240 63 205 253 97
    56 154 180 109 100 208 127 179 49 239 146 3 177 142 92 249 44 64 210
    33 51 238 170 253 252 20 36 42 205 171 134 217 133 96 3 156 236 134
    32 210 233 111 208 52 27 4 134 185 50 154 174 112 175 31 169 2 199
    245 49 67 30 14 141 56 143 48 131 140 218 216 238 234 51 168 24 161
    188 216 96 132 174 241 20 178 206 83 120 152 57 82 126 89 3 147 156
    96 123 111 125 191 33 134 247 241 60 238 89 224 206 53 12 54 196 111
    137 124 178 95 60 153 58 141 239 202 28 96 215 22 186 181 73 225 68
    1 7 78 29 137 246 203 69 173 116 112 26 201 84 197 23 201 135 153
    236 190 21 6 215 71 164 214 15 134 2 230 165 84 198 75 236 130 33 52
    88 70 127 32 175 38 98 63 224 135 95 155 230 181 221 176 59 17 70
    208 129 16 110 76 141 250 100 94 39 221 166 71 157 234 44 228 40 69
    154 98 44 46 225 36 212 174 24 226 177 22 130 234 210 58 170 96 237
    152 123 104 136 120 7 121 76 232 176 108 101 171 207 232 145 11 166
    214 224 89 103 203 220 35 17 216 201 246 235 201 102 121 164 104 63
    198 71 37 7 90 114 109 105 252 39 147 204 87 37 118 67 126 80 216
    145 69 7 1 122 84 162 66 89 199 7 92 10 246 233 33 7 205 253 98 82
    195 207 97 148 184 210 11 248 238 225 30 238 77 188 174 88 154 2 129
    223 190 227 240 200 40 177 249 245 53 129 246 70 77 86 42 44 76 133
    202 50 20 140 253 229 102 249 63 19 15 194 18 141 98 31 35 32 4 58
    109 8 163 203 217 215 181 227 138 181 114 83 87 0 118 216 199 113 18
    197 226 79 153 110 213 46 154 243 57 27 205 109 200 201 202 114 36
    28 166 186 50 229 139 195 77 108 102 73 31 243 116 118 187 225 100
    254 111 194 31 27 66 61 112 175 63 102 158 95 76 135 91 217 254 204
    82 43 155 184 202 11 200 23 119 155 25 148 128 198 119 81 52 187 142
    233 82 160 196 18 10 19 88 140 90 189 118 252 237 69 27 25 150 236
    63 73 7 227 63 54 137 163 11 193 254 176 4 54 229 54 86 70 118 159
    85 165 55 204 65 100 169 33 104 134 106 60 229 230 95 130 189 187
    250 18 26 156 85 126 239 191 131 183 128 35 178 92 91 245 36 241 165
    76 156 153 133 80 49 16 87 7 193 241 205 182 125 61 38 70 124 131 77
    114 246 128 106 48 72 144 105 143 175 164 150 221 17 226 180 131 0
    53 141 9 121 233 186 133 132 18 161 55 17 244 157 102 195 235 174
    213 160 11 129 78 92 177 31 164 252 244 151 188 244 92 216 42 56 229
    83 79 15 210 63 93 250 235 87 217 10 208 163 26 183 251 18 25 79 228
    243 165 78 17 147 156 113 51 143 112 242 242 32 127 19 172 241 91 99
    119 240 72 156 213 21 122 37 175 148 46 252 135 8 186 32 86 27 85 14
    17 166 203 162 162 14 66 129 77 208 248 191 114 233 144 16 191 198
    38 77 175 28 113 3 195 118 100 194 146 122 45 151 174 180 156 212 55
    214 105 129 0 23 175 201 162 120 58 189 185 234 96 100 176 53 149 25
    243 230 61 203 30 224 86 55 196 165 136 190 143 34 87 42 131 52 185
    27 108 155 214 177 100 30 243 234 21 203 79 57 253 191 167 78 110
    212 162 128 255 209 218 33 151 104 64 36 72 216 243 120 2 170 9 35
    103 150 231 86 167 190 136 225 214 229 112 184 245 12 169 151 93 74
    195 135 118 48 87 203 59 84 214 105 96 235 165 172 10 40 195 59 9
    234 252 255 73 122 141 88 217 102 4 244 4 235 55 25 71 105 174 62
    247 251 115 174 206 215 137 49 44 166 180 146 222 78 47 76 221 66 62
    76 39 197 141 228 29 250 79 87 111 234 157 217 24 46 208 31 25 242
    227 42 44 173 135 190 240 56 176 80 60 166 185 136 22 100 140 121
    123 30 48 128 86 219 205 187 82 46 85 184 0 114 137 176 38 157 52
    205 11 178 94 132 1 253 63 10 9 200 242 224 41 210 254 168 40 245
    115 111 63 191 14 235 156 195 29 103 238 116 35 177 3 249 42 92 166
    24 125 19 243 155 165 93 178 19 122 143 3 58 0 116 191 54 80 88 152
    241 203 105 225 202 112 10 244 179 211 82 222 61 8 206 36 221 50 214
    19 143 40 29 92 63 77 64 118 144 111 54 224 7 158 96 54 125 33 8 2
    202 181 194 195 30 153 150 96 238 173 79 127 15 164 155 132 241 235
    171 193 243 6 220 21 76 191 227 202 78 109 198 200 231 76 246 206
    107 70 231 204 92 250 74 54 0 36 22 161 254 123 111 235 144 103 5
    127 67 7 1 238 106 225 130 222 129 185 42 94 180 4 237 169 175 127
    176 47 118 89 30 183 48 235 16 102 218 125 255 153 1 226 69 93 105
    218 181 214 83 238 218 136 165 189 89 225 37 49 41 138 110 246 62 30
    127 71 206 66 227 99 74 31 189 15 46 187 143 132 189 53 149 114 94
    64 171 255 199 200 211 140 47 1 209 143 241 65 192 204 162 188 161
    101 99 12 15 213 169 208 75 123 187 214 217 2 206 173 33 210 199 48
    253 147 186 132 126 70 21 9 141 23 207 126 140 78 180 118 78 58 215
    204 111 129 66 152 8 52 155 211 249 64 205 106 49 148 158 142 176 5
    33 61 163 56 26 153 167 95 81 50 19 161 187 85 230 237 22 37 94 59
    162 255 32 17 101 137 149 128 86 162 112 146 1 77 8 7 173 196 90 245
    30 94 255 180 245 245 173 250 157 142 184 159 50 225 21 192 82 120
    33 109 15 43 73 251 154 237 6 167 243 239 186 208 254 105 221 136 33
    37 142 232 104 152 192 173 251 116 145 103 17 60 46 230 218 121 166
    131 34 217 123 145 70 128 214 114 216 20 74 94 235 147 120 37 21 197
    45 130 73 232 129 197 102 224 26 84 100 246 116 118 114 40 5 176 193
    77 196 181 22 65 236 200 208 57 19 59 13 81 34 59 26 114 43 88 219
    101 144 188 228 150 108 195 16 164 142 89 33 46 118 70 250 235 107
    29 204 212 82 105 131 9 67 64 101 90 171 20 133 113 210 103 238 251
    228 75 57 116 158 120 255 51 194 24 54 3 106 90 218 69 174 185 177
    30 37 94 78 115 239 193 86 240 110 120 4 162 128 204 224 42 115 239
    121 140 131 55 62 35 112 188 91 137 25 172 49 217 61 69 216 200 90
    49 218 111 132 249 132 215 239 220 162 139 40 61 156 39 178 52 1 76
    249 14 164 253 121 221 45 139 187 45 45 219 253 254 110 248 24 214
    190 77 99 175 16 183 80 66 59 247 245 4 43 22 11 144 162 0 102 11 66
    20 199 135 180 243 231 65 45 155 68 35 109 124 172 240 28 53 225 115
    48 151 156 185 148 84 196 243 150 49 202 86 107 127 95 5 142 184 127
    123 144 247 131 55 159 170 22 24 254 189 212 239 27 146 166 140 63
    160 56 238 104 208 19 52 102 51 248 162 231 138 44 2 242 141 86 228
    209 209 239 196 79 104 93 103 142 182 102 27 147 32 202 171 120 104
    61 103 114 213 234 99 182 121 226 18 85 95 152 246 68 171 12 111 232
    167 150 49 15 12 153 176 129 127 107 197 180 219 128 76 98 54 188 2
    250 203 175 128 211 167 236 103 228 81 220 197 238 92 41 90 101 24
    254 178 8 104 165 113 185 161 59 111 174 60 154 218 44 248 44 26 8
    65 138 240 236 173 230 182 76 141 154 176 252 170 190 193 21 149 215
    44 87 160 30 227 57 219 24 160 245 130 4 229 255 148 92 222 137 130
    18 14 129 211 139 100 127 144 165 18 42 28 26 186 148 89 84 14 125
    27 211 77 247 172 136 151 86 14 123 234 45 190 117 41 165 25 153 111
    178 35 181 224 165 45 231 120 137 181 48 13 61 246 15 52 86 169 166
    242 248 57 165 28 159 180 52 115 29 179 208 120 166 203 69 9 26 62
    125 189 16 100 76 87 234 87 94 203 166 139 236 20 140 102 78 62 16
    123 118 177 93 95 147 197 169 104 156 241 176 33 196 37 59 185 75 7
    210 103 187 115 26 110 57 2 124 143 114 4 128 190 162 235 233 5 215
    9 220 86 134 154 11 54 133 134 106 196 167 79 82 5 11 134 149 42 233
    139 139 38 58 247 48 200 14 209 43 238 139 149 33 4 225 3 79 130 134
    184 246 149 217 214 85 252 247 115 67 182 135 175 245 250 186 137
    113 123 220 116 212 194 183 50 86 31 4 207 241 14 160 229 223 8 22
    204 105 127 215 147 19 118 111 245 102 84 14 183 192 125 77 52 156
    94 107 166 56 11 228 160 165 80 104 29 174 182 226 201 248 194 214
    48 142 35 151 244 43 114 245 127 241 16 129 152 236 81 252 253 100
    66 128 220 159 150 150 99 102 56 21 15 125 48 80 221 147 134 69 189
    17 150 139 164 94 167 53 134 15 219 131 221 217 144 179 151 214 40
    61 18 144 222 243 76 75 37 184 167 82 195 177 227 136 66 76 199 93
    199 249 66 245 249 0 31 22 17 241 178 61 204 128 217 124 104 140 86
    139 169 82 87 176 211 237 21 63 8 37 193 139 130 103 2 65 141 7 163
    104 134 63 7 213 38 37 75 247 56 234 58 123 87 213 118 108 121 144
    13 113 155 105 91 216 22 51 47 96 93 161 209 182 243 206 191 96 33
    103 155 251 103 143 228 163 131 71 184 208 177 115 5 139 74 43 233
    68 24 3 223 186 234 88 163 208 80 71 144 152 45 160 56 152 95 52 44
    111 181 84 248 238 177 167 206 250 137 189 54 91 177 174 92 11 74
    227 47 23 84 24 145 136 200 115 141 243 174 231 218 249 254 172 36
    234 229 233 32 233 36 51 37 32 73 135 40 252 252 130 9 168 109 68
    144 142 128 165 222 109 242 5 114 169 20 182 217 7 40 67 39 83 145
    241 245 188 141 34 88 185 39 236 189 34 100 148 18 103 220 14 105
    188 203 45 241 40 18 184 202 129 66 238 59 91 255 89 149 205 209 198
    220 79 163 45 77 172 51 120 56 4 219 216 82 164 135 233 21 255 79 70
    188 79 101 175 88 185 61 11 120 216 211 213 199 112 107 215 85 136
    34 79 91 158 226 39 190 108 57 159 7 35 187 102 89 33 251 98 53 114
    58 204 120 191 121 103 184 18 96 68 171 115 157 18 233 165 68 255 26
    186 59 35 100 8 61 109 134 149 103 241 164 213 198 130 36 227 214 93
    230 203 232 8 55 81 139 184 105 43 6 99 117 245 210 90 116 84 251 64
    95 3 25 60 132 111 172 32 212 131 159 129 99 69 17 177 250 158 145
    17 189 118 101 251 6 38 110 112 125 88 68 28 83 87 173 212 184 183
    96 88 184 234 87 31 41 231 47 146 191 208 191 245 189 158 251 187
    226 245 8 189 65 78 88 2 20 174 4 47 59 169 178 222 72 154 137 197
    224 22 182 125 127 187 163 180 145 246 15 6 123 12 212 61 241 4 66
    171 155 31 193 35 88 137 251 169 106 86 68 25 219 33 2 3 221 120 146
    134 30 255 195 191 93 200 49 164 51 37 70 203 222 14 230 63 157 183
    124 244 223 147 122 77 221 94 239 198 6 26 142 18 1 124 0 166 102
    124 54 58 116 224 79 102 249 210 234 183 103 63 64 133 88 85 185 33
    57 153 29 191 143 235 35 247 61 127 4 197 8 141 12 199 231 189 12
    213 190 49 206 132 243 131 165 9 206 194 19 196 86 1 40 215 203 0 98
    66 79 144 187 40 168 144 242 107 71 104 66 134 93 62 18 199 239 249
    232 199 65 39 157 178 86 221 43 35 42 95 173 203 118 41 4 62 67 163
    190 81 205 172 53 60 181 242 163 137 249 97 49 20 114 6 145 188 84
    45 203 140 42 112 254 80 6 80 46 98 216 252 197 142 87 149 224 252
    76 161 98 77 190 222 38 113 228 226 116 159 7 181 36 146 135 126 202
    214 55 229 199 43 167 146 69 132 181 204 251 27 111 36 207 176 112
    53 162 157 12 217 4 53 36 74 240 148 96 164 84 16 84 52 237 98 171
    145 2 233 4 27 114 249 12 201 215 70 58 204 5 67 139 253 44 147 161
    222 1 116 235 251 129 145 49 65 211 10 62 114 159 46 193 197 41 179
    124 94 208 246 2 121 238 70 96 120 241 164 27 105 100 183 231 79 41
    164 129 34 51 135 31 231 70 35 135 7 226 55 69 236 43 92 59 183 65
    201 168 88 83 223 25 237 11 73 198 247 222 224 158 227 22 19 18 172
    220 134 58 149 26 118 112 109 204 80 44 149 101 23 78 227 213 214
    155 62 36 178 1 201 25 90 135 117 187 153 51 22 94 139 116 65 227 71
    28 18 226 179 61 125 111 78 39 7 60 198 161 201 196 203 174 95 131
    102 99 30 141 176 140 31 9 62 240 203 54 2 47 250 57 51 190 148 186
    135 223 34 62 81 59 245 104 84 207 180 60 179 35 177 22 211 206 164
    207 50 230 89 60 52 102 49 255 129 34 198 211 238 70 75 82 106 48 77
    37 56 47 160 56 132 131 120 43 58 98 246 193 37 199 9 98 70 204 150
    50 254 203 46 191 126 206 71 5 5 119 15 148 243 115 251 234 224 36
    10 236 221 215 165 27 44 43 60 83 89 53 175 223 78 102 23 40 98 71
    149 51 53 72 110 102 234 179 75 245 219 183 114 53 96 242 87 200 197
    245 158 175 165 150 2 107 153 43 68 195 243 223 241 87 12 28 53 59
    248 211 39 182 213 75 249 39 240 4 31 170 167 104 242 129 193 215 1
    0 218 18 4 69 252 211 26 25 207 196 247 232 194 241 18 250 86 45 227
    104 249 76 18 94 34 89 120 79 203 166 194 223 163 72 32 5 107 216
    114 80 122 96 123 125 206 31 42 217 106 127 82 163 85 140 43 38 62
    182 67 212 218 187 100 136 216 203 16 129 250 217 231 119 78 108 8
    170 168 176 174 145 86 33 94 29 217 220 0 158 76 1 82 47 65 102 160
    26 73 74 177 97 175 28 112 122 57 188 69 25 249 81 69 245 1 79 49
    224 101 91 145 42 90 232 71 15 76 60 23 239 170 48 191 216 68 90 249
    248 180 180 144 16 42 224 67 101 184 72 189 254 184 32 63 147 254
    193 118 27 31 107 244 91 254 4 60 156 107 248 243 243 58 233 110 66
    87 74 93 254 85 113 57 215 179 167 166 209 47 182 30 33 107 166 133
    84 11 213 6 185 60 250 82 70 254 104 51 62 247 31 80 122 19 249 151
    37 191 251 138 103 178 58 62 235 23 104 87 135 21 126 114 224 135 59
    164 237 108 5 79 19 62 235 52 44 152 127 5 56 244 249 212 33 42 82
    90 200 72 38 114 202 37 114 68 251 241 121 60 252 11 124 124 171 7
    36 35 250 107 43 82 168 128 13 229 163 103 78 228 240 224 94 132 101
    21 38 149 106 149 250 41 241 166 73 145 17 222 115 222 184 146 121
    42 228 54 124 223 100 155 96 79 28 105 49 108 29 45 113 160 249 161
    235 163 90 252 179 54 213 132 185 166 62 119 20 127 66 163 216 234
    75 49 18 140 65 242 246 46 246 231 39 115 60 13 88 129 109 228 253
    235 201 102 129 179 235 34 29 246 11 12 139 207 164 227 116 110 150
    103 55 51 227 163 63 166 170 138 100 137 98 249 153 176 14 15 206 69
    90 228 145 89 209 160 216 144 239 157 241 208 121 81 202 139 5 199
    205 194 254 80 202 137 186 248 162 90 211 193 241 123 94 125 55 200
    226 35 249 169 100 33 97 131 189 106 36 110 118 226 156 62 150 7 141
    147 19 202 18 184 225 101 163 38 99 197 166 111 185 218 173 123 174
    74 44 136 81 64 93 219 23 118 127 113 5 41 7 230 223 29 111 31 52 76
    213 115 122 131 20 66 228 160 254 126 227 176 90 38 134 207 245 124
    192 71 6 248 95 31 107 63 184 117 53 152 122 59 100 20 217 250 137
    245 166 221 146 250 112 81 104 223 46 208 29 143 203 75 162 194 79
    200 99 55 192 202 138 80 137 140 202 236 20 222 19 48 97 66 51 124
    107 65 42 41 38 88 184 44 47 68 143 178 229 126 229 219 85 132 139
    22 205 207 199 147 67 34 122 220 68 104 208 189 51 71 255 96 185 101
    31 40 141 213 38 84 77 56 181 154 255 110 103 228 243 207 189 218
    214 217 30 101 38 79 58 161 58 182 75 133 170 244 11 33 96 166 45 81
    127 99 203 228 198 82 101 106 176 124 143 99 41 111 79 247 56 218
    185 212 25 94 64 18 106 15 87 201 51 120 37 21 62 156 189 16 69 157
    151 146 49 168 244 247 74 177 207 182 246 242 84 183 50 23 23 207 39
    238 244 219 203 7 21 124 3 140 22 99 217 185 22 108 255 141 63 87
    105 240 246 94 14 43 16 107 244 212 208 243 163 217 96 120 98 54 126
    139 18 167 207 8 106 75 107 186 128 72 252 13 149 110 42 168 141 205
    166 150 34 77 199 52 202 13 18 160 20 204 237 131 130 212 90 81 87
    155 167 9 24 217 235 2 104 133 111 8 139 161 95 12 96 48 152 232 144
    184 70 228 236 235 31 17 188 131 236 143 96 3 14 178 64 4 11 192 26
    148 124 123 36 16 196 92 80 208 129 194 230 250 69 234 251 169 250
    129 184 129 121 227 212 60 60 138 218 100 162 230 191 211 10 87 90
    143 246 153 252 113 159 40 245 225 159 1 243 23 80 255 92 50 196 64
    71 90 92 227 230 21 204 214 32 144 132 96 202 229 20 81 122 105 252
    217 226 158 76 148 117 26 112 73 184 57 54 163 209 49 239 19 145 182
    79 160 128 220 186 143 127 7 135 191 41 4 206 30 49 64 121 87 144
    169 125 176 125 110 190 12 90 23 19 24 89 90 72 78 28 103 3 149 181
    84 207 238 113 127 230 66 227 168 172 124 239 61 203 92 171 250 154
    119 152 201 14 77 47 104 237 10 149 166 218 178 102 210 57 236 92
    196 41 219 9 193 71 14 165 191 49 92 162 87 130 230 228 23 64 67 14
    115 97 10 124 166 245 56 77 110 143 91 199 41 113 255 88 53 86 38
    149 253 91 46 140 136 128 71 179 17 60 231 144 34 148 75 3 124 210
    30 76 57 53 80 212 42 212 142 234 19 205 216 25 44 205 231 156 189
    116 74 252 227 14 184 16 227 246 117 91 14 224 40 235 33 23 97 10 97
    125 229 128 27 9 99 165 219 7 7 165 187 227 149 225 125 226 248 153
    168 63 211 242 202 175 133 45 125 193 98 88 177 173 150 134 218 201
    82 19 238 123 116 36 177 221 200 154 189 250 124 227 117 204 116 154
    61 162 5 185 243 81 192 2 161 113 108 193 18 177 119 111 76 211 37
    99 22 50 252 139 56 168 199 2 238 51 97 127 120 44 37 235 49 29 72
    40 45 171 71 156 126 133 34 177 216 16 135 198 200 125 183 13 45 66
    139 243 18 36 104 76 77 148 157 126 36 96 140 67 214 174 77 240 44
    77 208 5 45 201 213 78 8 126 220 224 79 164 196 29 111 63 183 6 108
    69 223 97 93 169 168 230 177 27 225 96 186 8 188 254 248 84 112 94
    247 116 76 65 37 75 149 138 213 122 81 187 120 28 125 236 51 213 18
    150 218 206 15 234 191 201 201 234 74 3 225 197 211 92 243 33 92 51
    55 112 139 191 148 159 46 127 232 249 178 94 85 35 15 165 25 21 1
    179 201 6 106 114 207 93 208 137 4 194 78 3 161 26 187 186 231 106
    111 47 27 0 158 188 99 32 219 212 210 80 90 165 218 89 223 132 2 64
    119 125 126 139 192 53 209 195 35 109 122 79 174 244 124 244 102 32
    101 243 90 76 170 83 244 4 90 6 199 62 156 248 46 48 131 99 62 151
    40 251 225 156 212 42 118 166 229 107 123 181 234 118 82 216 63 163
    199 250 164 48 52 6 180 208 100 56 102 219 245 242 202 164 60 150
    238 226 104 123 252 217 28 92 61 34 29 254 74 175 182 15 138 155 141
    12 62 79 225 70 206 92 224 130 174 27 21 140 140 32 67 129 172 139
    128 44 199 1 182 239 238 146 236 34 140 115 21 123 138 123 215 75 57
    115 130 217 70 18 58 206 155 3 124 165 213 102 93 63 91 128 78 223
    172 96 139 16 198 161 179 206 22 2 89 58 192 201 35 79 0 206 63 205
    222 79 230 175 87 154 140 110 128 87 41 159 227 127 39 40 98 61 52
    211 249 128 213 165 193 59 77 205 46 221 110 48 30 21 69 137 118 209
    54 133 44 186 75 200 169 96 246 13 21 22 211 22 127 30 126 90 33 114
    27 238 224 205 20 80 47 54 115 189 97 70 173 31 237 199 145 64 86 42
    13 208 228 31 170 49 166 175 214 61 118 41 83 170 134 138 73 144 194
    247 149 159 177 171 84 175 147 243 3 235 188 204 139 184 51 184 204
    171 33 11 189 80 148 14 104 158 82 238 106 178 55 12 33 2 93 131 144
    211 108 163 101 148 227 135 231 190 155 76 92 231 135 127 127 118
    181 227 223 249 213 190 65 44 174 150 23 104 248 210 237 255 187 197
    216 135 56 205 33 236 164 78 50 144 226 180 183 53 46 231 146 35 5
    22 141 219 16 234 192 136 157 94 228 224 67 40 194 254 122 102 185
    179 28 90 240 22 135 116 104 211 151 71 156 50 71 186 244 28 43 169
    37 150 144 124 141 211 220 54 188 179 237 170 218 59 66 42 66 61 34
    212 53 139 63 179 232 160 17 251 231 241 211 166 95 6 36 190 193 157
    6 151 35 199 36 248 63 30 131 102 109 157 243 31 125 180 160 46 180
    77 210 153 119 223 198 2 48 145 162 223 95 148 0 216 226 100 164 13
    70 98 131 176 51 139 151 192 208 36 120 117 199 94 224 86 115 34 77
    182 34 176 225 41 54 228 19 227 123 205 238 49 161 22 67 226 111 217
    105 130 77 111 242 236 38 245 236 124 163 204 46 142 128 131 56 100
    196 45 112 171 186 37 128 152 136 134 157 162 101 192 135 180 243
    112 64 91 32 152 15 95 213 86 205 134 78 104 51 191 217 137 66 23 37
    114 184 129 92 252 1 107 191 60 26 171 210 167 73 55 180 140 96 7 32
    38 24 214 43 57 183 28 98 68 117 131 105 45 253 91 16 136 196 228
    130 139 111 69 194 193 35 252 10 216 102 143 112 96 135 46 116 55 52
    242 69 177 38 218 247 41 234 222 76 168 180 178 125 1 2 187 132 168
    181 55 113 224 23 123 236 61 143 244 36 75 252 70 66 45 237 161 236
    70 216 99 19 229 249 58 77 137 216 25 61 212 177 90 174 12 25 188 64
    131 166 15 184 183 105 4 95 132 162 147 105 106 50 61 114 193 31 90
    159 162 114 19 75 235 227 123 52 16 54 157 253 54 80 225 180 73 28
    11 54 252 100 189 197 227 138 223 37 206 165 14 195 66 19 29 203 68
    195 249 151 12 98 247 56 229 14 232 56 217 229 107 176 7 203 175 157
    190 216 46 142 95 73 81 171 55 49 206 192 130 91 192 79 23 86 220
    176 189 89 229 226 109 214 173 103 106 228 143 127 194 253 147 235
    157 234 90 77 133 147 92 231 199 108 104 71 249 44 121 153 110 228
    165 105 15 218 182 163 147 47 156 179 82 97 110 38 55 74 76 65 118
    157 123 190 138 219 20 142 11 220 99 13 54 60 123 124 8 74 95 179 32
    49 4 99 27 50 73 157 158 171 6 80 147 168 8 153 153 181 78 133 158
    138 90 34 10 198 75 9 64 210 81 56 152 171 68 158 138 177 15 110 192
    3 181 88 239 217 127 206 213 66 28 2 204 247 156 149 124 120 53 41
    104 196 71 161 226 228 79 75 39 204 165 182 13 26 14 143 190 226 240
    188 121 106 147 240 194 23 238 138 19 84 133 50 26 175 30 40 210 144
    77 231 231 134 158 66 228 3 130 195 97 100 75 0 49 203 56 148 211
    254 35 58 103 69 156 222 60 207 171 53 40 206 124 129 94 64 125 2 50
    213 123 237 24 158 0 20 210 56 92 19 64 251 166 234 186 178 53 165
    137 198 136 71 160 169 10 228 234 182 193 11 80 110 6 240 139 209
    255 141 188 153 253 155 59 177 82 169 254 9 142 244 120 166 29 165
    239 15 55 15 200 167 62 247 175 1 78 252 113 168 133 231 218 81 213
    155 40 79 37 202 164 204 6 37 122 156 201 19 3 12 81 147 249 214 188
    8 77 174 164 12 30 176 66 179 113 37 91 62 202 38 174 11 184 94 251
    69 36 117 14 140 25 87 150 7 51 193 133 158 77 202 216 229 105 129
    95 203 90 150 128 80 17 142 135 212 27 160 123 117 67 163 123 194
    152 35 97 240 195 25 143 179 0 10 164 130 164 122 101 174 1 121 111
    155 74 154 130 150 174 30 181 161 162 70 182 10 47 232 28 215 67 122
    223 74 225 243 24 40 50 146 67 124 221 37 93 141 246 43 43 109 231
    22 79 160 120 20 168 173 91 132 119 173 238 47 165 97 10 165 197 181
    64 132 177 52 88 100 24 241 160 247 130 254 187 223 11 113 227 242
    206 47 68 196 127 1 97 72 252 210 241 123 43 151 61 174 136 125 163
    243 82 78 93 11 78 122 95 41 72 37 62 62 204 9 175 139 117 227 47
    107 45 73 20 142 92 49 27 103 113 86 145 90 208 242 229 223 171 36
    229 68 29 195 84 213 179 224 181 123 102 239 235 173 72 159 220 58
    20 177 150 57 39 244 93 179 110 220 135 108 85 148 142 68 73 39 24
    19 41 221 148 187 253 158 242 28 86 181 31 227 73 140 153 46 49 170
    117 77 162 226 168 14 32 171 56 227 8 76 123 245 240 56 135 151 88
    67 105 167 127 45 192 164 223 80 178 157 209 92 225 172 102 61 13
    208 62 248 1 211 166 3 22 242 22 126 189 122 120 179 84 85 244 96 68
    248 63 84 245 178 66 94 106 145 205 45 99 160 193 29 12 9 94 151 1
    240 250 61 129 86 165 17 71 181 194 30 23 20 75 245 83 235 48 245 19
    194 52 190 156 7 142 237 172 212 83 236 242 59 53 131 138 167 252
    203 83 248 218 22 164 16 210 220 179 219 41 235 60 251 199 174 117
    203 198 1 202 51 186 5 154 41 188 171 57 251 227 235 69 169 158 18
    111 143 98 122 145 215 176 203 55 71 162 83 77 205 239 153 74 182
    207 46 88 41 24 73 66 117 251 204 218 155 74 82 75 191 155 98 28 33
    81 32 227 106 124 72 105 142 101 71 79 165 43 26 169 17 79 98 156
    206 226 148 177 86 123 222 123 107 71 193 54 86 94 158 149 75 189
    237 210 44 221 8 252 52 49 63 32 251 5 178 34 128 128 78 243 6 146
    231 157 42 81 238 99 46 216 39 83 188 216 97 204 190 91 138 153 136
    116 213 234 163 50 195 186 163 241 10 10 183 208 23 180 208 2 107
    237 217 53 24 136 99 121 102 12 165 45 72 104 14 239 25 28 223 126 7
    234 140 70 124 102 194 26 136 239 39 214 201 230 155 155 147 117 121
    177 226 255 72 213 71 0 134 36 36 255 163 231 200 190 89 69 244 5 33
    254 68 180 227 204 221 64 198 66 146 81 230 27 42 61 57 236 34 169
    71 53 14 178 164 63 165 251 102 194 22 242 168 110 49 221 37 72 211
    167 98 200 192 178 164 245 225 107 32 9 133 153 143 87 55 25 143 156
    21 12 201 69 8 252 130 98 126 251 56 138 108 213 4 195 89 135 86 40
    222 172 188 77 177 106 248 193 226 164 231 169 92 133 134 119 16 67
    58 71 42 184 13 197 128 131 41 72 5 184 15 251 184 52 252 73 116 155
    250 152 75 147 50 205 97 105 189 14 80 110 1 129 135 99 178 75 102
    108 199 180 150 60 55 245 226 83 206 216 251 230 231 196 184 166 100
    49 51 20 161 224 97 63 141 161 230 166 185 89 165 76 14 204 135 222
    207 139 252 70 70 42 170 55 202 243 14 119 65 69 141 83 115 206 191
    167 209 140 199 158 43 95 124 82 162 249 54 255 10 79 138 233 124
    103 234 182 205 206 40 69 182 185 100 169 63 75 155 216 176 210 238
    180 201 93 42 152 186 141 215 207 106 47 143 30 229 31 144 181 240
    20 244 162 251 52 194 24 51 240 220 225 176 95 20 224 81 194 34 137
    145 34 187 239 132 13 88 58 113 56 159 112 192 166 110 141 238 228
    68 199 200 49 241 220 162 94 32 169 99 181 250 47 241 154 78 3 101 1
    211 78 171 20 216 224 115 221 243 98 173 31 128 237 149 226 200 150
    235 101 114 148 116 205 238 88 217 118 71 82 175 235 100 167 99 124
    240 104 200 91 47 64 24 226 82 142 86 226 209 190 216 161 231 43 45
    109 213 23 137 238 52 24 220 244 35 237 16 234 181 164 108 225 132
    200 117 149 170 241 57 118 179 74 125 192 26 140 122 53 175 144 6
    224 104 73 34 161 130 234 143 55 248 139 142 21 200 140 155 223 211
    69 164 93 105 97 46 159 102 188 32 51 89 38 153 111 211 73 75 111 65
    122 162 117 164 103 139 231 85 255 244 199 155 57 195 156 15 11 243
    181 21 44 122 241 188 87 109 143 137 70 161 132 190 44 96 43 193 76
    110 118 85 139 140 77 163 125 34 118 239 75 63 18 61 14 54 219 148
    251 82 34 175 180 134 140 65 159 124 181 23 166 184 249 14 12 24 1
    128 152 52 209 5 6 151 11 207 235 83 249 145 111 166 204 54 119 27
    58 83 114 234 80 248 142 36 150 112 165 54 190 245 93 69 88 224 115
    202 117 254 52 113 190 145 150 165 196 137 199 13 246 10 225 27 130
    70 238 45 221 240 153 85 88 19 22 107 198 28 2 14 86 152 199 169 44
    185 116 172 24 165 162 182 196 129 86 144 70 166 230 151 147 27 129
    104 89 250 46 199 100 37 228 43 13 246 33 198 219 133 61 47 237 224
    49 124 89 188 16 68 178 216 211 43 222 93 226 168 175 152 70 119 208
    191 163 180 142 218 108 137 140 207 226 126 38 186 214 227 115 27
    197 10 208 249 141 171 100 207 200 159 56 202 3 118 85 167 19 178
    207 76 214 134 235 46 179 63 126 179 186 126 29 24 124 160 253 102
    51 196 222 208 184 150 255 98 226 144 24 215 9 44 155 222 247 65 227
    18 158 137 9 251 79 79 202 126 222 11 115 48 88 178 170 216 253 113
    70 204 123 77 51 48 153 106 83 184 79 247 223 23 49 169 146 162 217
    111 94 67 94 158 254 130 84 180 166 223 9 160 242 115 152 154 117 78
    138 146 56 71 115 114 236 180 237 97 220 88 80 85 63 19 155 196 82
    19 188 189 18 96 166 20 28 228 17 242 24 7 212 182 248 211 171 12
    121 219 1 13 67 246 2 129 184 140 115 190 100 119 81 126 88 110 165
    106 4 138 72 6 6 155 155 138 56 52 153 147 72 194 94 163 52 101 174
    37 196 79 43 208 49 48 80 135 97 85 177 105 143 8 8 51 212 152 78 35
    75 95 212 243 251 155 215 228 182 68 245 200 207 153 218 201 193 107
    213 144 110 152 62 113 61 27 233 64 68 85 119 232 133 133 80 85 25
    208 239 13 38 237 185 9 125 186 214 129 35 38 179 34 26 49 68 107
    121 29 179 246 146 144 48 200 198 181 246 140 48 73 201 55 56 83 172
    16 53 183 202 59 140 184 250 56 248 136 152 115 54 64 54 173 14 200
    85 76 29 172 32 155 148 240 254 110 146 177 216 23 114 218 178 73 7
    114 164 84 107 172 181 5 220 96 47 227 138 69 252 45 198 59 3 4 250
    173 143 26 5 154 78 158 94 183 158 109 119 219 193 114 193 125 7 40
    64 195 179 207 167 139 24 213 67 156 121 192 99 142 79 183 163 80 46
    154 205 164 221 96 44 194 89 59 100 77 91 206 15 88 168 131 220 200
    109 58 68 155 198 202 220 46 50 8 85 132 219 38 61 175 157 89 162
    182 158 216 144 186 152 15 106 93 156 231 126 117 113 64 128 36 121
    63 173 203 214 141 124 238 71 144 227 120 24 206 107 234 122 183 11
    70 164 211 193 126 34 98 179 33 24 35 62 65 48 198 149 151 103 167
    146 92 133 255 206 225 69 104 102 242 135 50 70 110 68 104 144 150
    139 173 161 173 57 181 163 61 79 189 224 48 200 204 51 44 108 41 213
    22 115 130 201 79 233 184 194 163 238 75 211 57 180 48 253 214 245
    133 24 228 59 125 136 132 91 241 119 204 188 168 239 108 199 29 40
    92 92 67 177 162 247 227 250 244 119 110 130 151 2 11 18 220 135 51
    167 236 120 60 215 51 79 87 207 73 177 78 147 71 19 169 81 224 234
    96 168 160 207 237 42 199 144 60 96 11 159 244 192 209 247 22 76 22
    66 71 10 6 46 138 210 196 177 163 214 178 187 137 27 125 228 232 199
    67 131 236 76 158 38 88 111 76 199 218 75 38 36 75 169 189 212 210
    170 99 28 47 75 238 238 212 177 122 160 49 240 109 194 119 237 219
    75 156 240 63 120 156 144 127 12 113 177 231 252 187 77 153 169 15
    109 80 39 59 145 120 166 245 34 132 44 86 33 103 106 247 150 64 185
    124 171 222 12 168 23 44 164 119 202 177 21 238 74 186 84 149 146
    220 111 8 204 33 104 223 112 170 133 248 43 42 86 176 213 76 64 47
    153 129 163 161 131 56 250 213 111 73 156 140 113 45 81 88 106 177
    231 6 79 110 99 141 165 5 174 173 121 92 177 217 54 254 226 185 143
    136 144 189 161 143 231 35 125 211 8 252 230 208 181 136 138 15 228
    211 101 245 114 128 25 11 184 130 176 69 49 183 125 113 242 90 100
    221 195 6 179 180 17 182 72 179 46 220 168 20 110 56 235 136 37 113
    29 215 247 127 200 254 185 77 180 19 27 230 177 206 88 250 175 186
    24 84 199 252 253 68 63 156 50 57 137 153 206 140 76 43 160 29 6 23
    63 233 14 184 146 25 157 121 137 122 112 238 213 17 109 37 244 17
    203 70 33 253 54 59 11 231 206 27 23 54 143 214 101 84 35 118 152 55
    239 179 24 110 207 234 70 224 17 106 71 235 90 243 121 58 222 191 44
    105 14 247 72 234 30 117 211 32 26 223 31 212 54 191 192 211 37 192
    118 251 9 248 99 173 0 121 227 36 248 128 209 215 40 113 220 147 141
    72 127 112 149 134 28 160 243 9 235 44 213 163 23 28 46 150 65 18 50
    131 51 180 164 132 193 192 228 31 245 144 153 157 239 232 70 174 134
    80 126 174 195 207 12 244 55 25 11 47 253 23 97 138 62 45 243 32 23
    17 113 12 82 76 163 210 101 78 35 165 142 120 207 9 18 183 206 120
    88 135 208 47 101 124 74 134 224 196 60 176 138 185 219 87 64 31 50
    107 78 149 253 151 32 24 202 182 24 156 124 206 194 106 100 156 88 9
    47 239 19 102 195 172 231 31 185 190 213 165 242 83 146 105 249 253
    139 111 231 27 86 157 170 168 43 132 187 180 86 214 147 101 119 9 22
    226 247 193 78 89 181 108 28 209 232 166 75 152 68 141 95 210 226
    207 199 98 149 44 209 5 153 99 222 206 228 34 127 213 38 50 44 192
    43 174 128 143 124 212 80 157 193 113 0 93 35 86 14 93 168 91 171
    162 137 122 184 71 63 12 13 162 80 80 76 177 228 214 222 80 21 101
    216 195 31 248 33 220 39 206 210 145 106 140 5 145 37 205 2 155 241
    154 45 4 207 88 83 252 6 188 151 125 101 226 204 159 6 254 50 130
    204 74 170 188 249 114 9 192 21 120 15 98 210 131 110 111 71 160 16
    87 200 94 41 122 219 181 234 44 209 30 218 228 121 134 109 131 203 3
    251 170 0 76 173 214 152 121 246 192 67 145 59 215 184 34 28 212 214
    130 133 198 250 164 41 179 44 158 117 164 26 230 83 35 209 180 35 67
    100 233 2 136 213 0 22 1 193 230 125 157 46 60 180 153 64 26 91 172
    158 111 130 1 180 100 71 175 216 70 126 158 95 220 116 95 188 235
    219 200 132 193 149 100 90 99 242 25 193 170 147 196 121 139 117 223
    136 247 237 120 206 118 46 67 49 199 184 217 110 96 116 180 247 55 9
    44 133 32 199 5 184 137 201 62 238 222 3 142 153 136 209 180 213 106
    96 119 43 77 215 68 22 155 152 12 60 47 27 63 3 1 79 198 250 40 105
    177 232 234 199 158 70 178 200 190 237 4 251 89 41 130 10 30 246 100
    23 84 233 177 160 154 50 138 246 0 172 177 82 105 164 135 51 114 159
    232 245 10 122 197 111 60 224 212 98 105 241 46 234 243 186 222 205
    130 188 227 121 165 97 108 240 67 108 204 163 229 169 123 233 128
    201 185 55 89 251 23 127 246 3 20 134 44 253 24 191 90 126 186 144
    219 67 155 199 216 215 139 62 155 204 166 165 196 228 111 184 0 86
    181 70 130 108 49 192 95 176 115 135 88 24 122 49 44 152 48 231 125
    125 141 21 179 143 1 105 184 61 149 142 103 20 206 30 180 130 141 61
    110 251 61 201 141 176 105 128 48 76 64 177 153 184 79 134 46 142 9
    101 53 212 235 179 63 174 207 220 246 174 85 245 203 204 171 236 108
    65 197 170 116 90 22 147 133 196 255 171 58 47 90 100 33 163 217 65
    15 89 5 59 167 107 50 18 243 148 238 180 58 36 94 118 69 197 105 209
    192 229 46 236 166 138 0 178 248 133 133 253 0 189 170 110 185 129
    154 210 39 106 11 138 177 13 82 130 247 56 236 46 134 128 106 250
    180 76 87 150 160 200 51 213 52 130 197 75 157 38 156 144 48 82 37
    235 167 217 72 228 76 118 35 83 17 28 53 144 40 156 187 220 156 185
    102 230 239 250 58 93 144 202 149 155 77 210 7 181 75 160 116 8 159
    170 140 56 120 58 206 168 120 246 8 51 99 157 227 0 150 192 155 227
    175 64 86 213 201 113 42 0 71 142 0 243 131 44 173 128 24 27 220 198
    117 246 194 74 235 86 142 16 215 167 128 5 9 177 229 157 188 100 252
    76 117 63 50 32 14 75 243 240 215 254 49 167 50 115 17 198 209 170
    170 231 174 113 58 78 231 108 183 18 205 146 252 138 227 86 60 229 1
    70 153 26 191 85 153 96 74 72 242 77 16 231 77 149 111 57 236 157 28
    155 137 192 246 212 99 161 57 110 128 92 138 5 44 60 144 231 133 198
    26 71 145 64 25 181 20 36 151 119 155 114 100 15 120 114 91 66 99
    255 75 111 239 71 113 190 128 106 252 230 61 142 56 145 9 222 55 132
    63 230 21 174 117 55 157 118 92 187 49 21 230 145 15 190 237 17 47
    62 245 126 102 91 148 179 177 7 91 44 113 239 58 250 109 56 184 32
    135 104 126 242 238 218 79 252 122 23 129 24 31 238 208 204 52 106
    163 133 93 95 221 179 111 22 1 180 200 202 115 47 116 227 182 247
    212 170 170 238 119 42 29 173 121 27 73 173 4 252 32 173 205 30 197
    17 63 77 242 192 175 189 18 89 241 150 65 171 62 78 158 1 11 250 196
    63 208 199 170 220 127 218 247 147 237 186 106 68 43 179 68 26 128
    246 229 153 163 47 72 180 75 199 151 43 151 91 71 200 46 205 163 103
    145 133 71 53 215 162 161 120 1 252 220 198 60 175 79 171 202 93 124
    130 137 100 246 155 76 178 192 84 86 170 107 236 75 146 109 108 231
    142 146 41 169 232 250 168 48 183 173 195 98 160 77 11 191 230 236
    155 79 224 115 144 62 107 234 198 31 48 247 108 191 54 201 121 17
    114 179 124 85 28 103 68 58 177 211 85 141 45 105 71 127 162 166 151
    153 8 218 167 18 123 141 200 160 140 81 232 225 21 108 250 247 99 86
    208 83 35 168 96 242 192 174 175 114 240 185 186 87 69 170 121 84
    183 242 166 109 184 7 86 45 211 86 245 154 110 142 12 224 187 36 232
    206 13 100 142 230 68 14 24 18 210 225 195 68 242 208 52 132 6 137
    26 181 203 146 180 94 68 201 101 255 240 137 97 26 53 11 225 41 233
    244 191 221 138 13 41 11 173 194 213 43 76 10 8 236 31 186 129 167
    122 125 142 112 205 58 140 51 45 123 208 187 44 211 214 15 3 188 2 0
    176 137 233 74 176 23 177 159 182 198 8 86 107 62 213 146 32 159 58
    139 0 135 22 211 113 137 25 181 103 40 167 10 133 253 29 120 152 232
    69 144 98 169 144 157 44 246 44 68 94 201 147 218 151 167 227 144
    231 58 210 12 117 12 87 160 84 145 113 98 205 48 203 130 212 147 184
    169 41 252 97 66 229 137 3 231 5 78 49 108 6 156 88 54 207 247 48 2
    17 7 99 190 160 212 232 242 30 65 81 147 109 216 74 47 85 204 76 52
    179 17 204 140 18 67 149 96 138 34 187 248 118 58 73 163 89 202 180
    86 78 177 142 239 27 179 106 16 157 252 96 11 65 3 9 70 135 9 164 8
    189 166 58 42 83 167 169 125 138 232 181 66 218 234 217 87 93 56 172
    240 194 6 154 76 172 183 193 17 207 222 52 185 143 208 99 28 24 134
    87 68 135 62 182 223 39 92 203 164 126 159 29 99 255 195 165 67 27
    130 35 99 228 219 241 8 10 181 186 62 100 116 112 237 128 159 215
    132 73 118 218 185 211 160 15 19 127 136 244 121 251 77 19 6 101 51
    241 130 151 69 11 232 179 50 125 83 244 147 144 112 194 24 223 104 9
    236 47 212 207 202 15 6 161 239 191 150 254 107 170 19 158 181 28
    226 86 41 79 196 215 171 129 159 223 38 203 176 205 222 133 171 14
    143 71 144 176 40 228 185 227 178 222 141 89 212 0 76 119 148 160 77
    248 112 172 60 16 26 187 102 249 71 203 214 103 147 202 59 89 24 5
    139 66 107 127 214 51 18 130 131 61 251 171 34 231 248 105 72 38 63
    221 249 179 192 162 242 71 243 57 49 96 180 26 231 187 127 40 238 5
    102 26 110 10 31 169 92 81 234 214 195 179 65 204 62 164 122 88 194
    157 162 35 26 231 230 95 166 112 88 60 74 7 222 116 33 133 56 35 52
    253 35 104 137 121 70 206 201 96 116 85 188 219 119 169 206 47 202
    126 249 154 106 28 217 155 82 44 214 80 116 91 208 234 114 237 112
    239 42 89 254 200 23 105 241 191 161 42 163 194 195 81 156 227 94
    221 116 27 104 202 5 171 229 34 184 149 157 224 226 34 45 241 139 9
    175 63 163 145 155 24 84 15 68 28 44 226 30 170 64 200 232 250 4 157
    64 191 129 80 138 236 10 251 189 59 238 59 87 42 92 55 22 237 127
    187 249 194 199 169 108 67 77 203 241 244 78 174 101 244 66 220 25
    65 3 37 109 156 11 199 113 148 169 126 208 7 219 71 170 98 151 105
    233 146 149 232 201 164 99 51 246 167 159 177 166 242 143 133 52 82
    142 21 50 215 169 253 243 243 15 17 229 215 190 60 205 171 216 54
    159 232 65 9 47 14 217 85 253 222 129 89 64 20 209 3 28 132 139 83
    164 122 33 222 10 14 28 255 95 217 99 204 233 146 185 22 84 46 154
    76 16 178 165 122 21 121 141 122 139 188 115 26 245 131 123 79 240
    145 204 201 90 217 144 181 78 112 140 140 127 212 45 176 177 67 131
    118 53 29 181 47 205 36 86 226 84 251 78 252 177 203 110 123 112 100
    83 56 185 33 91 34 215 151 191 80 201 221 109 6 86 254 211 87 189 55
    9 87 235 97 152 27 30 47 13 23 53 229 224 194 224 237 209 107 136 9
    75 172 33 8 164 64 165 110 191 148 178 10 142 40 204 136 187 37 250
    224 193 112 9 124 176 19 162 16 107 176 137 36 147 102 16 207 170 73
    234 55 39 199 68 99 45 172 133 122 4 86 36 210 63 189 122 196 7 253
    66 138 211 36 184 25 87 42 111 53 87 14 17 224 113 32 112 92 48 248
    3 70 169 196 149 50 25 56 99 70 235 120 198 85 44 38 154 200 226 3
    202 202 89 141 137 178 104 218 149 240 234 53 10 134 173 86 34 13 92
    94 106 57 24 200 5 198 188 91 48 174 55 235 167 244 78 111 248 81
    227 194 48 40 140 93 159 154 208 251 211 119 201 241 201 182 82 52
    14 233 216 165 56 154 200 121 128 224 20 42 226 193 58 109 187 157
    178 204 216 113 234 116 99 178 214 69 21 82 28 1 125 155 189 205 204
    31 96 185 218 193 195 164 177 229 5 188 160 219 99 62 245 184 137
    208 11 40 179 128 45 223 105 156 110 139 81 14 17 71 218 143 88 228
    19 11 167 6 60 29 234 218 193 208 170 110 42 203 46 141 185 14 12
    183 45 104 153 48 206 121 219 37 134 17 128 19 228 126 119 142 241 5
    194 243 220 119 86 6 103 19 63 59 223 236 117 73 243 67 138 5 103 14
    183 23 5 182 112 16 95 64 5 245 35 131 107 137 207 105 32 13 192 92
    98 35 15 134 176 75 85 22 190 224 233 125 96 106 118 209 188 6 125
    161 146 139 223 59 121 4 60 47 29 90 233 153 130 146 231 179 88 42
    242 39 245 144 242 143 164 229 143 152 55 5 96 138 12 166 62 174 175
    104 204 11 134 153 128 118 132 194 207 255 95 145 188 135 62 6 7 0
    44 129 146 212 129 223 135 95 119 45 159 13 145 19 185 235 38 106
    176 29 46 128 224 53 136 12 115 36 148 232 13 244 85 204 64 169 120
    193 33 57 16 165 203 201 117 123 32 249 168 80 125 200 137 69 3 214
    228 188 38 55 223 181 51 78 146 134 182 12 223 44 239 238 233 245
    230 242 221 146 40 242 171 22 80 78 160 71 205 46 56 166 8 35 51 154
    200 11 179 204 253 133 76 120 141 53 145 34 175 137 188 187 210 72
    50 202 156 47 219 105 61 247 111 129 102 203 165 177 32 232 192 105
    210 10 114 135 118 178 222 228 142 158 24 206 199 131 41 5 43 252
    104 63 142 249 52 207 51 17 3 204 242 4 65 148 204 67 215 92 30 60
    152 190 190 121 155 134 220 230 187 32 223 10 74 100 67 204 183 97
    43 115 233 114 152 96 255 34 106 41 43 149 26 172 185 135 119 134
    219 53 147 191 121 226 221 84 62 175 204 204 65 201 81 170 232 254
    157 141 12 20 1 194 20 140 19 23 134 73 252 10 173 87 164 141 11 219
    57 8 78 162 96 212 170 150 182 51 209 211 45 51 16 201 72 131 230 27
    42 115 119 13 88 245 151 218 155 170 135 251 177 240 100 66 227 142
    126 72 145 151 114 24 71 140 18 80 67 0 39 178 13 183 194 80 72 18
    90 197 78 47 159 24 70 34 21 121 67 183 46 62 221 133 153 245 184 88
    115 60 170 40 66 251 92 10 196 82 121 73 244 171 7 18 254 204 23 164
    93 33 50 49 143 244 222 59 71 153 46 118 184 65 160 93 221 32 143
    128 245 45 122 232 93 7 129 120 41 45 54 100 28 116 134 39 242 168
    56 158 80 57 110 65 242 61 150 98 106 252 211 225 67 207 148 250 173
    72 113 26 28 242 24 69 156 147 34 39 130 94 212 156 185 38 201 152
    183 158 112 25 70 170 248 118 12 31 117 159 164 52 231 60 255 107 96
    57 107 228 87 94 186 234 188 194 172 154 105 249 240 201 27 2 178
    194 25 248 60 226 37 3 71 109 82 131 123 52 1 177 193 251 244 242 39
    119 17 211 177 56 245 5 77 216 188 72 149 66 192 183 249 44 118 136
    161 204 120 3 188 134 205 177 166 217 195 184 95 211 22 1 61 121 46
    158 48 181 196 21 245 211 244 155 237 249 238 91 45 53 139 178 64
    192 57 214 88 83 125 176 197 70 133 238 142 14 51 201 46 167 221 166
    77 153 188 179 17 207 105 232 31 223 175 26 195 192 40 224 95 236 0
    246 50 244 49 4 87 174 62 242 225 226 88 231 210 147 125 33 95 96 23
    144 198 114 9 139 151 96 53 176 51 191 108 26 223 135 156 54 236 111
    41 60 126 204 239 191 209 192 203 216 136 47 21 233 30 132 232 144
    155 255 148 9 84 14 85 154 70 194 211 219 64 69 73 175 220 6 144 14
    135 186 101 190 255 159 115 132 90 142 198 3 54 44 101 167 86 229
    255 222 216 172 44 14 219 101 253 117 122 117 237 224 113 118 37 41
    173 14 49 144 163 244 16 247 112 209 52 221 31 24 52 11 175 222 127
    99 92 157 10 182 71 60 101 113 65 43 68 226 183 249 88 62 93 150 126
    111 144 120 112 164 147 162 146 130 213 222 59 216 106 117 140 70
    102 30 170 121 151 43 234 25 72 6 37 10 178 91 185 27 19 204 87 206
    233 191 232 190 59 191 189 49 91 8 3 67 192 166 250 48 68 75 130 34
    212 46 109 81 156 148 2 111 212 16 236 86 212 160 140 159 78 122 38
    230 46 174 182 34 202 218 254 76 4 59 240 57 157 206 218 218 214 218
    68 83 8 119 53 224 120 16 214 202 229 91 174 219 13 191 101 60 110
    203 21 38 201 1 41 197 5 88 176 220 74 234 88 17 240 62 75 62 240
    179 41 150 246 40 175 2 72 80 214 205 163 84 189 111 131 236 215 24
    239 250 125 1 53 142 222 39 190 118 45 248 96 150 29 182 251 125 152
    128 56 190 11 216 130 167 128 135 211 175 76 6 154 166 80 23 168 233
    149 79 211 255 42 108 71 134 182 132 8 36 108 1 168 46 210 254 161
    231 249 120 203 4 16 78 160 189 191 137 9 33 229 125 135 160 132 229
    94 158 144 4 158 217 151 2 243 212 101 117 174 9 165 201 145 98 218
    22 171 187 222 213 192 173 132 106 219 195 4 10 189 63 29 254 42 173
    4 14 229 66 231 158 70 44 218 255 236 45 246 172 200 195 142 218 204
    77 59 85 82 89 139 220 35 193 208 62 131 174 82 116 229 66 222 155
    90 18 181 201 81 110 119 50 138 253 219 137 45 119 138 187 216 78 65
    81 133 47 15 203 21 173 126 166 38 223 245 50 191 90 180 110 220 54
    143 160 183 89 77 179 167 196 114 226 214 151 128 21 184 240 254 26
    63 117 46 55 215 153 214 27 195 210 75 109 59 110 115 120 108 163
    164 10 3 204 2 98 17 66 16 16 232 33 105 3 72 197 227 241 217 61 55
    216 57 225 10 42 99 228 55 80 255 39 163 4 0 47 98 116 177 10 130 25
    162 204 161 211 142 239 14 59 122 106 100 102 92 110 100 114 17 133
    136 250 139 99 231 58 220 237 175 226 194 28 30 198 255 180 220 65
    225 232 124 63 237 57 45 80 41 164 14 182 221 238 228 49 179 14 63
    12 9 238 148 19 217 229 245 179 76 5 226 250 196 94 23 209 120 147
    20 90 35 148 31 207 36 143 124 1 209 99 238 28 16 194 201 91 46 223
    235 249 244 175 217 207 120 157 242 236 32 232 117 222 44 37 5 79
    172 197 32 177 145 201 173 41 192 141 47 148 169 244 206 137 215 146
    123 36 19 14 40 39 133 164 15 7 214 91 239 205 81 63 96 140 180 170
    224 136 93 70 54 37 63 64 243 94 97 170 239 194 159 83 50 142 169 50
    119 93 2 76 186 120 166 91 204 193 171 36 89 108 187 132 172 30 175
    175 39 37 190 66 77 174 193 186 157 80 164 239 230 187 84 139 58 205
    245 43 13 8 90 254 209 88 117 126 133 125 3 156 10 84 9 168 52 41
    157 33 192 92 209 61 25 114 228 84 68 64 37 49 64 34 93 86 240 87 74
    1 227 218 184 68 218 172 251 242 163 38 247 205 193 132 85 245 121
    63 231 18 75 221 66 239 164 89 250 99 205 240 209 143 35 247 184 9
    243 45 224 45 48 92 193 60 78 178 128 130 113 125 23 138 78 150 201
    79 198 251 26 38 210 114 132 255 125 69 53 10 144 161 126 41 1 34
    195 227 196 169 65 218 187 219 80 111 93 141 204 172 118 97 125 40
    191 98 49 5 102 53 98 201 206 168 159 209 218 66 127 204 111 125 191
    162 136 190 155 149 234 214 13 84 237 206 80 199 97 244 2 223 62 177
    197 183 43 251 199 39 34 117 187 13 65 78 144 241 116 49 54 133 78
    102 9 159 212 164 77 23 59 232 42 122 27 224 153 194 217 2 202 224
    187 71 26 143 190 121 196 105 190 31 72 173 161 61 106 239 211 113
    163 58 183 62 126 210 83 19 21 251 127 69 215 234 1 106 4 130 50 56
    36 187 8 0 136 19 17 133 196 210 184 91 66 133 255 77 186 124 179
    240 106 166 167 253 66 248 102 75 47 112 62 194 217 250 129 40 171
    76 217 136 89 18 128 14 43 135 180 88 149 145 247 64 130 40 168 200
    43 198 57 5 239 244 13 187 141 65 38 136 150 236 238 139 115 5 196
    233 158 202 194 54 33 203 136 71 179 245 30 220 28 13 165 182 228
    213 220 37 227 164 144 21 18 137 254 103 96 199 74 191 104 62 126
    217 157 118 40 38 205 127 254 62 163 234 208 17 45 88 25 96 94 165
    112 234 129 40 172 215 168 164 121 211 155 148 233 99 81 243 206 194
    67 217 255 93 160 29 105 185 13 41 23 138 206 94 198 191 240 254 3
    159 58 109 198 184 189 240 118 159 131 120 111 67 76 19 213 232 60
    212 225 31 141 143 113 208 5 205 144 25 217 144 77 21 158 46 61 202
    210 86 245 44 169 242 243 51 123 163 142 249 3 36 113 126 35 138 21
    104 4 216 124 198 139 159 84 118 53 19 176 4 60 134 24 203 24 46 46
    152 149 32 123 42 183 79 166 54 115 174 141 130 201 238 74 111 57
    163 85 77 12 145 106 242 149 106 51 75 88 11 248 79 112 231 167 95
    88 114 43 109 248 214 84 209 98 108 87 141 241 38 112 187 155 104
    207 71 229 21 118 159 27 31 18 102 4 137 3 105 61 186 22 115 157 74
    193 155 171 36 165 185 201 96 192 98 214 117 110 126 171 45 79 87
    238 57 112 103 205 159 5 151 195 217 197 98 60 194 96 112 52 234 112
    27 124 209 192 44 34 81 171 24 8 49 213 73 157 20 46 61 169 84 1 168
    148 115 181 220 30 163 31 63 46 103 185 189 6 25 173 77 55 226 228
    169 10 7 72 101 151 240 190 223 160 165 223 115 223 183 33 159 7 197
    170 249 66 120 230 169 16 121 219 61 147 64 21 58 247 76 246 4 232
    126 126 226 39 130 236 195 55 202 205 200 60 204 195 54 146 66 30 1
    238 76 246 197 170 162 6 123 93 183 247 214 113 4 198 224 44 19 184
    187 182 63 102 182 155 172 116 94 129 230 83 34 130 78 194 214 78 30
    59 235 0 194 122 226 233 23 237 243 222 9 120 173 141 81 173 156 184
    243 56 119 117 95 176 128 208 170 53 133 202 213 33 251 27 113 226
    178 165 209 193 127 243 167 183 14 182 237 207 209 179 58 28 121 157
    229 79 75 205 4 255 229 62 131 76 170 207 25 8 121 241 88 97 99 60
    125 223 87 233 1 76 46 107 113 66 185 165 231 174 172 87 24 171 239
    167 202 245 115 238 150 122 36 248 193 44 250 46 70 42 52 129 213
    181 42 157 24 0 178 60 103 147 77 19 103 14 61 10 97 83 5 105 186
    115 64 176 250 156 226 223 236 227 254 221 172 34 72 206 33 195 211
    243 111 87 227 47 208 219 115 194 77 30 40 45 177 88 204 16 157 245
    160 37 215 109 50 81 129 174 216 32 69 169 110 76 199 86 157 103 142
    121 203 81 107 189 96 192 167 37 174 129 65 103 3 48 11 252 72 124
    255 88 9 143 218 80 244 154 94 239 41 41 18 192 153 97 214 71 161 33
    6 173 99 11 135 165 228 130 211 13 54 24 129 12 80 39 26 188 47 161
    9 175 32 98 174 120 124 224 94 246 129 137 15 36 44 44 112 40 180
    184 66 151 18 129 139 177 146 23 121 168 194 124 241 81 100 235 202
    221 229 24 7 64 185 6 86 14 221 136 147 241 220 178 250 81 242 205
    92 53 35 203 81 103 92 150 28 196 123 69 24 60 95 136 66 187 62 117
    253 220 89 96 22 70 237 111 85 40 56 14 233 4 63 247 126 56 125 2
    215 51 129 108 232 23 107 64 14 175 189 249 251 242 4 255 175 38 27
    198 26 32 98 65 209 169 192 86 181 180 8 103 142 45 228 136 156 163
    99 192 86 169 76 244 206 8 53 231 120 195 18 50 184 170 15 113 138
    102 120 237 94 139 244 47 130 59 220 179 211 95 28 245 171 57 129 55
    82 143 30 235 88 61 159 235 194 63 153 5 90 30 223 0 42 214 7 255 73
    248 78 99 234 170 95 52 134 66 184 42 157 16 176 78 115 113 93 129
    91 243 32 208 128 64 61 104 97 121 169 107 173 102 131 250 179 191
    208 222 182 8 68 246 100 30 226 58 93 190 0 8 129 8 162 195 187 235
    31 101 26 239 34 52 92 91 74 245 253 229 110 36 149 151 101 238 2
    255 149 98 39 46 37 116 158 154 127 109 247 234 73 45 51 109 184 223
    83 207 230 130 247 64 144 165 240 16 123 4 221 54 248 15 16 240 164
    57 9 250 179 172 205 77 214 208 85 110 97 109 57 127 231 60 104 123
    86 216 215 97 193 62 237 79 22 106 233 166 245 69 16 130 91 237 214
    144 166 110 180 213 89 151 36 183 191 9 24 148 240 9 79 52 7 40 154
    29 151 202 242 153 16 250 177 39 49 71 225 255 81 249 225 64 144 168
    78 183 221 63 157 206 51 140 251 98 126 177 243 213 240 218 38 183
    16 107 184 94 36 92 38 143 39 161 215 85 155 251 39 185 114 234 63
    24 171 210 195 127 233 71 183 79 206 64 52 228 167 124 25 239 114
    147 151 132 252 188 218 108 72 129 56 250 213 191 122 154 69 143 10
    1 130 113 153 207 223 49 228 82 191 60 100 147 0 211 202 208 137 215
    114 19 115 149 5 185 20 97 44 165 131 191 157 148 252 7 162 120 176
    97 140 6 40 183 141 138 71 61 143 16 175 113 31 109 219 250 80 254
    163 248 226 141 179 42 191 95 156 230 158 30 140 60 160 226 210 5
    210 117 247 199 229 140 142 246 87 77 82 8 92 207 159 102 254 119 36
    255 212 35 218 12 53 227 246 4 112 224 3 250 40 123 82 4 170 240 34
    18 236 29 118 38 250 197 217 60 179 92 227 165 234 224 201 218 18
    156 80 72 234 204 24 172 38 126 236 179 173 66 66 254 197 40 108 61
    246 235 7 17 125 86 169 87 2 156 86 90 115 158 54 175 227 238 79 181
    151 105 70 90 35 217 144 181 233 148 200 202 87 51 212 138 120 44 50
    43 91 22 80 207 177 93 14 228 123 6 99 198 85 52 203 168 184 247 120
    38 50 123 124 34 150 220 29 99 46 193 211 37 47 206 105 216 185 187
    29 201 186 245 36 151 63 33 69 158 20 228 160 179 59 205 226 86 88
    44 239 113 175 253 102 111 187 126 173 146 129 159 213 150 64 130 2
    72 242 33 124 104 28 44 92 38 243 172 222 132 191 132 148 106 53 170
    252 204 115 105 22 90 221 29 188 81 40 166 164 185 104 111 202 223
    93 10 155 229 244 227 246 106 142 79 127 255 132 174 104 194 102 117
    210 221 5 148 62 126 137 133 5 62 253 19 254 157 153 83 15 173 253
    176 201 19 152 115 103 19 176 149 86 137 210 238 101 66 167 108 50
    190 167 3 121 179 197 170 172 53 115 134 77 107 47 73 95 222 172 180
    164 123 24 241 68 116 85 223 187 64 212 43 95 237 233 185 156 123
    208 86 138 206 158 67 8 230 56 230 163 170 184 156 71 211 144 78 40
    105 207 113 70 84 204 148 173 120 41 208 63 103 39 6 27 29 212 180
    39 70 39 111 224 20 157 66 97 2 31 232 112 69 153 221 28 138 126 101
    208 146 33 218 83 227 177 132 30 131 207 38 130 232 222 152 46 254
    63 122 9 131 91 55 162 220 2 251 52 160 251 90 149 74 253 156 36 211
    161 32 186 106 17 73 66 242 94 42 134 243 125 52 174 205 40 169 3 86
    219 195 218 238 154 47 151 156 254 123 213 99 211 77 165 160 35 57
    63 116 189 176 168 55 93 6 45 112 229 105 20 170 150 22 226 221 68
    199 104 157 4 11 13 108 225 116 101 114 121 247 79 216 45 18 137 237
    220 35 56 44 213 20 139 73 252 132 201 75 180 151 161 5 198 133 196
    180 164 187 152 208 75 228 46 243 254 135 218 66 180 45 116 146 107
    166 86 134 180 176 23 236 139 183 211 192 199 84 102 32 73 29 190 54
    179 135 34 181 83 64 246 111 70 233 145 134 247 117 181 83 154 204
    252 67 86 16 18 70 21 161 29 80 51 67 145 214 83 227 230 205 25 212
    108 126 173 155 23 56 236 182 75 180 138 43 43 45 251 14 82 139 21
    168 145 48 109 173 245 117 185 14 150 18 84 83 120 11 170 181 158
    238 105 62 105 34 118 224 122 6 73 224 2 116 11 162 24 149 75 24 213
    82 167 187 193 215 139 219 142 159 93 110 233 250 51 45 105 238 108
    192 115 119 32 52 180 79 92 31 232 20 70 28 32 186 83 56 176 137 138
    125 148 127 151 19 212 130 106 153 188 181 236 211 165 248 143 63
    190 78 228 254 81 195 195 237 61 61 73 126 194 127 30 82 201 59 205
    219 228 241 59 178 93 221 35 97 172 208 186 232 146 118 133 174 221
    177 173 237 220 234 48 251 152 94 91 141 173 15 36 86 146 7 31 76 23
    5 154 153 81 0 118 98 108 147 157 155 168 55 57 75 92 83 1 26 178
    227 223 115 24 116 210 173 113 102 99 111 235 157 221 32 250 235 146
    237 0 186 99 123 171 107 52 15 38 127 107 124 146 53 119 151 119 127
    244 27 123 252 1 222 69 53 24 214 169 168 207 132 254 103 137 135
    204 87 225 150 246 253 99 200 125 182 247 224 10 244 84 88 44 19 79
    230 54 239 252 64 62 219 2 104 140 169 44 110 205 72 160 81 223 170
    179 25 67 102 33 224 78 82 67 215 10 59 255 27 249 176 1 212 144 100
    238 207 128 191 57 93 136 104 114 227 27 180 195 244 119 160 127 149
    251 122 173 228 128 134 19 2 77 111 7 153 234 141 75 216 254 32 208
    219 172 67 36 19 241 53 18 226 77 45 113 176 52 42 29 66 8 22 91 74
    244 147 40 141 14 202 243 69 121 145 253 212 134 247 197 169 246 222
    248 184 204 168 29 75 197 96 2 69 148 75 214 142 207 147 240 175 76
    202 2 91 110 234 167 181 43 239 138 161 98 158 167 61 54 173 144 193
    165 75 182 174 187 216 174 131 10 164 21 234 82 67 112 17 1 68 152
    252 161 29 103 133 92 120 13 78 73 52 19 130 246 165 159 99 79 109
    23 71 177 37 60 165 19 56 108 186 251 183 209 246 225 63 227 225 30
    201 75 84 95 137 42 3 207 100 232 186 219 250 18 134 182 230 228 44
    171 250 246 222 225 200 51 188 169 83 74 160 194 99 89 6 238 156 63
    233 100 86 230 234 210 108 51 69 117 195 142 178 107 213 15 228 189
    58 162 226 66 49 184 0 22 185 65 45 48 90 65 12 220 245 32 158 201 6
    100 153 80 20 86 169 168 156 166 251 239 103 164 52 117 51 118 178
    21 143 91 227 204 103 34 133 18 240 40 137 59 162 248 53 3 198 249
    219 88 31 104 6 213 176 40 80 202 187 154 192 56 184 27 145 179 112
    224 179 106 104 29 131 36 9 11 143 133 59 248 121 27 222 39 203 253
    202 94 161 116 177 119 199 239 147 84 188 222 139 193 193 168 225
    232 156 166 65 152 52 27 55 88 127 120 29 103 1 12 140 113 234 239
    89 232 41 166 252 3 11 1 136 89 30 9 74 5 74 225 158 123 253 114 171
    107 14 219 77 94 202 184 155 171 190 27 180 113 38 232 238 161 172
    101 184 22 14 6 225 116 54 233 155 185 145 236 231 176 195 79 55 253
    78 1 139 124 228 126 173 118 144 160 186 77 41 107 231 171 37 21 242
    151 182 226 111 64 244 96 45 119 159 125 204 174 104 221 67 78 181
    63 95 51 138 155 203 40 108 111 225 125 201 118 8 76 248 237 204 171
    66 58 203 15 2 221 78 34 164 49 91 57 48 65 99 186 152 167 132 108
    159 161 36 189 50 46 75 197 182 117 133 77 177 169 215 170 200 143
    199 152 94 47 73 236 45 91 118 212 17 94 22 255 80 131 118 9 114 229
    117 251 125 51 145 90 116 211 48 104 47 53 13 181 1 90 175 49 219
    134 120 142 31 34 239 180 161 91 82 131 49 77 186 46 193 67 136 213
    62 85 85 219 51 47 159 106 109 138 182 147 104 43 225 108 59 83 106
    82 228 150 202 8 153 215 71 78 104 82 92 38 227 106 250 134 66 229
    45 120 248 125 149 79 146 11 32 160 80 112 212 59 43 4 178 60 233
    103 42 31 110 165 9 35 116 204 164 125 184 221 6 118 106 147 33 142
    72 160 219 242 222 210 27 39 243 251 196 41 192 115 218 93 54 241 12
    202 79 43 22 237 28 207 252 201 58 25 196 165 67 86 143 120 114 75
    49 231 239 189 16 142 255 215 28 44 11 114 44 154 215 146 82 25 118
    28 109 236 250 1 221 215 167 255 47 120 87 30 42 197 95 22 86 49 191
    59 150 128 104 207 209 10 169 178 176 214 88 68 19 114 14 9 7 202
    161 173 215 213 243 225 25 57 129 175 142 15 100 244 143 41 15 76
    212 94 216 132 179 53 13 221 127 210 39 222 192 221 145 191 42 127
    33 78 121 243 150 182 99 25 152 240 132 184 46 16 67 44 249 228 32
    232 7 42 8 134 253 176 100 101 118 217 156 14 19 199 149 112 169 176
    174 197 222 58 232 229 71 84 42 22 230 165 169 160 159 235 224 154
    212 209 212 167 207 107 209 116 169 252 143 63 198 6 52 129 134 15 4
    227 149 209 109 143 175 243 37 218 98 24 223 61 162 161 205 116 202
    103 103 8 68 76 39 253 230 135 233 194 121 1 196 35 66 88 3 132 20
    181 47 62 45 188 211 80 250 93 107 45 112 123 112 234 104 100 188
    180 5 40 31 67 192 192 47 12 232 148 190 161 65 208 240 117 68 242
    200 144 75 64 164 78 23 8 35 158 7 205 106 75 233 206 135 21 47 83
    203 72 8 82 142 142 24 75 215 209 148 98 152 185 177 155 251 155 183
    27 146 225 61 56 184 1 117 46 178 24 14 243 98 167 244 162 64 70 25
    7 232 217 236 244 21 121 127 144 245 241 122 2 37 119 201 19 15 174
    116 219 61 171 191 34 158 166 135 139 172 228 79 27 126 104 47 100
    173 247 192 32 105 79 11 212 50 193 192 10 179 87 43 191 191 10 22
    66 11 155 102 129 213 6 194 203 212 19 31 130 122 44 164 32 247 61
    209 99 196 16 147 120 203 222 65 246 2 136 156 8 100 223 0 54 133 43
    98 84 182 89 195 4 19 226 240 112 145 154 33 160 165 110 74 47 103
    85 149 79 211 251 16 214 131 206 37 156 17 47 41 66 112 179 105 39
    180 153 61 83 31 197 92 108 121 249 51 247 112 61 93 199 122 69 174
    102 92 149 6 114 131 169 58 69 139 228 167 113 221 166 71 135 82 197
    237 148 210 83 245 70 125 179 24 70 233 148 242 210 45 53 96 174 82
    182 244 126 219 53 87 143 132 75 61 55 63 249 20 221 18 40 71 83 218
    149 23 232 16 182 70 145 99 157 43 52 217 231 206 23 221 36 188 106
    93 61 20 47 240 13 233 67 4 159 53 227 72 88 109 224 244 126 117 99
    202 208 92 202 69 185 134 62 23 241 31 191 185 78 198 170 149 226 13
    173 244 221 111 225 102 84 16 184 191 238 252 240 115 149 179 181 65
    2 205 164 207 47 19 238 122 83 253 163 232 249 16 1 184 126 108 122
    224 208 142 45 146 51 50 224 210 27 3 121 64 113 247 15 9 38 143 164
    34 161 255 236 16 221 61 84 82 37 170 3 45 245 242 225 51 183 238
    185 181 48 212 236 57 49 248 87 65 42 106 165 86 1 202 55 106 29 250
    144 187 165 84 134 112 252 0 121 186 111 124 61 223 53 46 170 91 29
    36 10 244 61 47 99 200 70 175 205 211 110 158 92 133 167 109 88 97
    100 156 71 69 142 140 72 33 122 238 80 197 168 4 175 1 215 104 82
    100 162 52 78 224 251 96 143 70 209 39 99 19 179 191 32 163 119 145
    67 177 134 209 93 192 92 90 144 215 20 160 195 85 61 52 129 150 200
    96 109 30 113 142 221 159 220 193 13 144 244 221 171 98 115 6 73 220
    250 166 84 54 53 125 4 249 174 216 82 211 136 194 83 31 94 198 228 9
    220 255 40 219 227 37 72 139 155 63 219 102 102 206 94 36 90 95 93
    20 222 96 240 177 230 33 59 227 209 49 146 146 119 81 194 217 151 30
    131 137 226 192 70 182 238 0 82 104 21 192 227 68 67 229 129 198 101
    142 6 147 206 155 172 234 124 129 67 97 12 85 203 200 38 113 26 102
    152 207 218 161 143 201 62 170 40 57 139 173 35 174 121 20 36 46 255
    69 248 171 134 185 67 41 172 41 33 236 19 248 192 21 160 161 32 211
    122 131 63 185 12 52 21 36 35 18 140 190 247 183 22 30 104 148 121
    64 211 14 19 34 18 130 19 0 240 240 136 31 54 36 169 251 106 196 122
    149 52 213 224 74 90 97 251 71 91 244 57 116 147 21 245 131 176 156
    204 22 36 72 220 147 95 154 120 173 2 199 43 255 106 85 97 119 108
    235 92 250 26 208 3 186 206 48 206 22 141 82 1 232 90 37 202 145 145
    253 119 32 0 232 205 23 188 87 63 198 249 126 192 11 1 180 36 30 247
    206 175 174 184 159 235 35 136 246 165 189 236 96 31 37 66 201 176
    199 142 249 249 197 70 94 220 34 154 239 69 88 16 7 24 199 25 18 53
    164 193 242 73 93 169 48 127 146 15 254 214 244 179 54 102 80 190 65
    159 118 172 248 93 196 125 225 49 72 225 205 84 112 112 64 79 23 38
    204 129 87 110 55 249 192 220 28 25 115 71 106 105 42 113 111 77 203
    184 172 14 241 218 65 203 157 181 199 207 18 239 197 231 44 55 26
    168 178 78 241 200 227 237 172 155 58 153 120 42 129 124 51 200 150
    24 23 128 152 106 118 14 255 8 119 83 246 66 232 151 232 186 113 220
    219 162 31 234 228 207 224 114 9 233 81 89 132 208 238 170 159 168
    16 143 28 192 190 52 229 228 93 197 102 89 176 100 48 196 243 176
    213 254 215 87 211 73 255 175 64 122 161 129 238 105 0 67 158 180 65
    230 208 37 69 43 89 148 203 27 222 233 46 180 60 22 220 230 39 34
    176 104 138 201 141 67 83 202 244 38 131 21 189 163 110 73 184 221 3
    32 114 46 98 214 148 146 229 84 224 39 247 90 23 154 134 68 139 222
    183 70 87 207 230 140 152 96 47 86 28 10 63 62 172 117 214 191 27
    152 146 63 11 164 56 125 116 106 1 16 213 228 50 56 253 164 107 152
    212 128 196 125 146 9 121 143 133 86 81 174 194 151 126 241 217 232
    105 85 19 114 196 186 108 141 74 17 84 215 74 164 82 102 162 202 199
    227 104 245 65 90 167 192 244 9 106 90 175 146 219 23 142 132 11 209
    233 181 202 228 56 33 82 155 208 250 178 30 156 65 202 57 254 224
    110 220 156 66 227 35 159 236 200 163 141 198 72 127 139 123 38 49
    238 152 234 87 119 118 137 138 139 174 184 86 158 10 67 241 66 230
    179 90 179 51 69 161 107 250 179 136 175 33 151 213 155 49 143 32
    131 44 11 210 2 46 118 130 53 103 149 218 50 81 77 141 68 93 176 170
    2 212 182 59 222 43 36 203 38 119 234 1 121 176 147 166 152 76 166
    70 175 23 14 205 75 50 73 22 172 100 156 252 19 224 250 212 123 39
    23 216 3 225 248 18 170 226 5 22 54 101 30 173 168 253 248 209 16 48
    10 82 221 67 137 68 113 76 140 221 115 161 79 115 200 140 175 70 109
    137 86 123 48 22 229 246 4 205 241 169 139 157 33 105 75 59 62 45
    127 234 195 122 56 195 118 120 16 121 246 99 147 203 50 248 89 82
    210 56 54 76 165 250 160 173 81 255 185 217 195 60 78 100 246 224
    172 219 136 140 142 125 198 243 103 50 136 70 208 114 141 136 194 83
    130 14 113 34 164 8 62 228 155 207 133 9 254 168 252 58 168 208 246
    178 69 125 224 194 206 253 188 198 10 78 52 156 169 53 103 249 129
    204 216 43 233 156 38 203 136 29 12 94 106 116 92 37 30 144 234 231
    39 12 130 112 149 54 69 86 32 152 148 86 137 186 42 156 201 167 122
    147 125 88 148 203 170 34 202 191 161 54 141 166 208 179 62 65 60
    128 174 45 54 28 113 50 244 87 234 35 54 220 32 61 225 101 143 188
    218 245 165 23 115 131 14 130 167 60 162 137 192 54 2 81 110 162 249
    3 57 22 49 137 141 186 100 11 49 86 208 107 213 183 147 128 204 18
    212 35 39 144 112 38 201 7 124 108 18 153 152 251 188 244 200 91 133
    99 188 154 63 185 148 148 24 106 0 134 122 74 8 81 125 171 23 101
    108 34 149 180 72 18 191 52 185 190 93 226 93 39 24 115 10 94 144
    121 255 111 19 216 158 241 180 2 12 223 235 107 29 80 12 245 1 145
    64 141 123 167 120 17 209 161 185 63 221 90 52 162 186 159 93 71 237
    12 126 26 165 134 115 211 60 189 224 3 4 222 197 142 73 229 84 159
    219 56 102 189 53 155 97 174 148 123 138 208 159 203 184 37 176 59
    81 222 52 193 37 110 218 101 146 170 150 33 145 242 139 96 250 210
    134 46 139 102 0 110 254 227 254 132 234 193 77 90 48 236 148 130
    205 121 137 168 251 162 140 207 213 87 185 227 162 183 132 206 15 82
    250 205 9 182 119 91 35 23 7 42 144 14 137 84 11 136 45 140 248 69
    18 138 234 116 188 117 214 242 12 118 140 246 63 35 147 139 197 219
    246 253 12 222 117 215 95 87 179 58 47 175 27 255 82 74 81 137 107
    153 122 126 79 31 156 72 208 219 75 237 247 62 145 121 16 57 235 151
    102 57 20 231 236 44 104 92 51 212 153 115 230 207 58 251 33 182 101
    248 91 14 38 199 31 202 78 32 136 15 253 65 2 135 176 34 238 137 150
    8 243 6 110 48 123 52 29 151 89 50 171 115 247 23 153 231 77 241 50
    222 127 219 214 59 57 14 0 81 228 142 142 33 9 221 123 201 215 134
    18 3 245 74 41 131 242 97 223 228 248 227 88 93 23 226 154 61 188
    243 169 147 81 133 230 212 59 188 175 76 141 51 161 61 198 197 75 81
    48 184 238 49 145 74 51 103 41 156 241 223 98 50 254 184 52 96 177
    182 247 236 81 123 45 216 200 201 48 191 26 208 201 143 119 201 40
    201 138 255 56 9 108 171 19 189 94 246 148 214 185 216 147 101 146
    114 50 130 86 80 181 156 34 129 145 208 102 164 243 185 148 119 114
    139 241 249 116 56 96 97 194 242 130 58 159 212 41 249 62 35 186 124
    22 146 198 136 16 107 157 222 237 153 31 240 214 72 245 234 38 172
    67 46 79 55 105 11 105 185 205 115 253 153 164 120 237 210 137 203
    157 56 68 53 33 215 145 66 136 113 170 28 93 203 149 249 166 31 46
    237 233 87 235 165 223 242 134 190 251 203 247 14 2 241 22 125 117
    242 26 16 22 234 232 136 154 190 167 102 18 137 236 125 88 60 57 243
    38 182 86 54 32 123 9 55 18 164 141 82 155 46 200 5 203 106 10 148
    148 8 69 197 18 81 254 114 82 217 2 250 208 10 216 56 20 134 63 224
    106 86 96 233 106 110 185 44 218 106 86 51 107 48 183 19 210 178 254
    96 209 138 230 205 153 0 46 50 217 130 88 229 202 4 31 204 40 214 44
    180 206 108 90 154 64 246 5 5 224 47 228 175 183 131 108 234 186 133
    198 123 67 82 145 151 232 22 1 189 39 236 248 195 26 41 237 135 221
    83 152 17 103 37 148 215 143 55 169 195 173 93 86 26 236 239 232 208
    105 211 127 2 172 63 44 17 243 115 26 22 181 158 83 25 117 75 158
    207 177 120 183 85 74 235 186 65 32 197 159 196 157 109 22 58 124
    117 146 193 6 167 255 116 250 167 195 21 192 223 148 123 204 235 178
    139 44 236 55 197 57 41 208 154 20 169 88 168 214 83 229 110 26 155
    74 153 146 187 212 157 159 4 109 156 85 213 57 9 37 140 93 41 234 23
    231 40 238 74 249 177 40 247 242 131 90 177 127 92 202 198 172 83
    233 124 8 11 146 20 30 125 17 56 194 15 102 226 199 118 49 87 190
    134 97 103 101 63 58 78 121 156 229 106 189 179 29 254 211 3 215 36
    252 112 57 230 183 72 173 70 206 66 45 210 122 164 213 251 238 125
    201 234 163 71 89 153 200 41 251 240 130 111 228 39 152 156 184 48
    157 18 220 59 29 89 173 77 123 182 106 82 216 219 84 216 92 231 104
    238 36 99 253 194 150 115 73 200 178 69 145 185 125 78 167 198 241
    21 153 146 122 82 105 140 105 0 49 65 62 107 18 217 25 199 170 77 97
    9 81 29 190 140 250 13 203 188 102 63 87 15 137 96 26 120 45 18 244
    108 59 103 26 42 33 69 32 212 20 119 241 231 193 43 27 236 13 178
    101 88 237 195 251 21 249 181 165 93 254 189 112 211 55 94 50 8 192
    133 249 16 87 76 171 26 241 141 21 107 215 74 231 4 163 118 186 189
    175 242 7 164 13 197 53 116 6 10 145 10 82 147 181 56 178 150 125 42
    75 170 250 246 66 215 78 79 201 234 16 111 120 234 211 173 68 116 47
    29 51 44 29 163 152 165 21 12 10 230 118 118 208 208 200 243 16 28
    169 132 165 47 204 232 146 87 166 32 44 84 10 121 31 136 113 47 31
    72 20 191 95 137 81 68 126 16 251 194 127 70 113 22 40 93 4 205 106
    102 205 116 198 251 133 169 175 78 151 166 76 133 203 142 225 108
    191 87 64 200 108 194 8 190 135 70 75 10 76 128 183 94 205 223 119
    230 24 61 135 99 104 220 77 88 9 124 98 237 49 158 168 239 37 80 4
    222 232 32 171 208 168 39 204 4 73 247 0 112 94 218 72 87 204 140 9
    207 53 148 170 98 234 204 201 107 222 44 100 189 139 209 82 27 245
    173 218 35 31 229 153 57 107 169 3 81 76 88 217 37 86 114 230 48 7
    166 21 159 170 139 49 105 90 143 12 238 180 114 21 5 23 51 85 255 67
    237 172 203 219 239 152 23 194 3 34 5 181 43 104 78 17 237 125 119
    249 41 208 120 154 130 131 56 165 58 178 217 49 126 12 235 206 112
    115 92 78 95 194 119 129 156 75 54 136 243 90 76 138 204 217 10 60
    95 156 246 73 154 57 181 255 205 5 250 182 85 97 108 211 66 48 58 41
    86 192 50 186 97 89 129 179 163 69 12 180 59 130 151 128 113 95 101
    128 156 10 96 169 44 189 192 250 40 98 194 38 68 27 142 138 148 68
    106 25 197 226 115 221 29 72 89 54 2 33 66 84 240 2 139 33 57 218 85
    156 66 138 76 91 151 205 76 184 254 45 51 31 74 15 3 23 29 133 127
    166 153 19 233 193 185 177 202 97 151 74 54 229 200 225 244 244 27
    131 94 115 208 113 147 103 7 2 214 2 227 68 78 139 152 127 79 148
    211 20 241 182 202 37 55 120 43 112 225 179 94 51 87 236 103 74 214
    86 174 187 172 63 53 183 90 93 7 193 46 102 50 62 185 181 252 91 174
    221 252 126 158 137 160 54 72 226 131 160 197 186 89 234 117 252 221
    68 64 15 89 229 87 114 232 105 209 44 28 81 28 251 144 246 210 3 81
    237 136 220 107 233 195 115 24 192 27 56 16 61 137 226 64 89 82 169
    17 71 40 72 230 12 111 254 168 85 230 36 210 228 49 79 37 108 230 70
    8 122 185 162 54 163 40 34 237 58 202 36 150 199 34 222 241 210 33
    178 66 34 157 66 43 188 93 105 79 178 155 148 52 105 167 211 147 216
    32 214 189 228 116 146 29 221 45 31 39 91 117 4 20 203 170 227 176
    117 115 79 183 124 27 20 80 42 98 176 124 50 98 215 58 178 234 154
    170 217 57 173 253 246 126 250 255 107 183 106 99 218 151 168 234
    237 59 93 76 163 107 177 68 233 119 184 250 156 172 135 158 166 218
    145 54 108 108 213 193 10 207 194 158 239 179 25 233 68 124 91 117
    121 196 103 77 7 39 157 42 23 236 3 30 222 232 111 59 246 45 42 21
    188 14 153 252 111 97 119 227 255 140 155 132 187 23 239 236 122 196
    32 55 66 36 11 67 79 85 40 255 227 70 5 88 38 206 233 203 130 167
    143 66 54 206 30 22 125 149 200 22 202 127 219 108 226 16 204 91 193
    166 173 1 161 145 200 146 55 151 102 28 95 210 91 213 111 95 220 192
    69 111 186 148 254 68 80 221 34 91 140 74 138 68 180 100 15 121 204
    123 78 25 38 157 137 227 132 33 10 176 73 2 125 199 235 184 112 21
    86 153 49 89 137 193 48 203 155 172 244 121 38 58 125 201 23 49 254
    225 255 3 246 64 129 249 14 140 150 11 208 224 111 165 86 238 187
    152 174 233 25 60 6 75 79 4 62 60 222 85 72 54 106 51 21 132 32 132
    111 231 95 199 104 46 176 220 255 77 194 173 167 250 130 253 31 161
    164 173 87 240 51 23 46 131 196 19 99 249 57 179 244 74 61 198 186
    211 57 242 167 169 37 222 147 52 17 177 78 100 153 193 183 151 174
    204 247 58 67 221 198 163 178 53 1 226 153 34 111 145 186 166 136 63
    102 29 158 24 182 180 65 101 6 182 28 62 164 39 46 133 214 41 185
    234 164 20 57 227 79 185 47 203 9 89 79 99 57 128 199 246 109 130
    181 240 10 158 168 56 137 122 149 233 222 36 226 4 136 239 59 170
    146 60 45 139 91 10 51 235 53 225 90 40 168 249 194 96 182 192 163
    133 97 192 138 166 122 192 71 251 181 89 194 191 103 58 127 5 242
    222 218 75 120 232 166 237 223 76 130 147 238 198 38 0 231 143 14 20
    87 142 54 156 37 71 9 150 50 158 118 100 52 167 155 187 87 109 245
    108 67 40 53 17 24 56 203 116 174 58 57 69 85 94 1 72 8 35 148 41
    228 157 32 142 98 36 195 13 204 27 162 110 144 109 161 135 63 103
    101 155 204 92 234 60 16 58 239 15 196 147 206 39 241 67 230 189 204
    212 45 206 235 74 111 125 95 65 22 208 52 42 42 84 87 215 140 36 57
    190 205 124 163 246 17 156 143 226 55 30 81 50 85 171 22 233 5 155
    218 145 237 169 191 28 169 45 246 52 130 238 189 85 98 48 1 162 203
    3 5 245 196 234 183 182 91 126 206 214 239 137 130 48 170 10 143 170
    40 161 150 121 20 145 113 14 3 110 94 5 51 225 138 253 83 209 167 21
    61 179 203 159 216 134 72 77 6 179 23 27 157 181 147 98 224 121 233
    220 44 227 247 72 181 196 149 20 97 227 56 192 43 148 252 130 81 31
    38 164 137 170 141 211 147 55 96 91 168 163 146 169 110 50 248 179
    135 141 180 160 213 188 134 100 8 115 139 116 75 1 98 235 197 0 205
    130 33 112 10 80 23 32 187 56 15 20 255 15 172 232 108 243 28 172 18
    146 120 84 59 84 135 246 41 211 74 43 225 62 188 62 132 172 5 219
    170 174 65 81 229 74 86 19 193 59 124 181 207 90 53 225 193 226 33
    255 196 241 229 177 94 61 30 54 76 142 142 165 204 164 199 113 243
    107 70 117 74 196 161 55 43 139 41 43 43 141 248 221 107 19 189 89
    250 225 121 230 211 228 177 70 81 173 220 37 248 238 33 53 139 101
    124 102 214 191 219 244 253 34 209 116 136 183 103 18 223 73 198 47
    39 40 10 212 93 146 217 13 16 6 155 152 81 160 196 244 57 141 152 25
    158 165 244 228 109 177 78 120 123 198 136 65 153 87 8 233 68 81 103
    90 185 64 44 62 91 139 243 7 51 230 22 46 1 158 45 190 130 39 211 24
    242 24 240 1 76 67 167 152 248 23 36 215 25 173 189 22 80 170 32 223
    74 248 224 216 61 53 99 27 47 79 201 115 108 40 156 126 67 8 151 88
    48 220 91 73 82 105 117 105 127 250 161 40 175 192 183 77 22 46 41
    51 207 143 53 223 168 58 66 140 105 106 16 31 125 166 164 255 6 112
    179 215 240 127 181 42 130 12 204 168 53 42 55 174 180 156 52 130
    229 78 228 7 19 217 11 90 105 244 188 244 36 237 14 215 92 213 121
    85 51 159 116 230 188 33 143 2 109 15 97 192 39 12 16 115 199 55 122
    51 3 44 229 55 37 6 161 189 26 102 249 62 245 252 130 240 56 211 76
    226 133 90 177 176 69 109 28 119 100 131 176 12 215 213 209 106 8
    163 27 70 111 48 174 179 50 243 213 24 65 18 243 172 101 67 162 79
    91 253 247 241 149 255 71 41 230 193 245 156 69 125 55 219 188 132
    204 73 42 236 41 152 28 222 221 61 16 203 1 148 84 95 135 46 179 151
    89 144 168 207 85 51 106 157 250 150 73 251 135 111 110 54 220 18 88
    3 224 70 168 41 253 138 89 40 18 154 231 168 254 182 47 171 132 143
    237 223 102 67 68 117 28 169 250 57 142 153 203 98 125 24 129 42 247
    254 19 20 150 16 98 180 139 255 160 112 106 102 61 227 228 216 78
    240 36 100 108 253 228 183 217 62 163 27 122 189 104 151 132 145 48
    87 16 176 122 114 71 180 93 19 209 178 220 146 92 97 252 161 243 139
    144 145 150 10 166 11 83 126 166 34 222 196 19 71 109 105 35 16 86 5
    231 33 115 196 230 89 161 87 41 162 43 128 77 50 123 214 108 191 128
    122 62 178 158 30 241 254 45 245 252 121 99 176 253 123 212 110 199
    185 142 198 14 128 221 222 117 216 41 49 91 118 64 143 145 134 91
    254 154 63 54 117 78 175 68 92 92 150 85 80 5 214 154 182 255 24 242
    211 10 205 243 198 46 227 205 0 102 27 37 224 11 43 237 169 209 97
    249 115 248 121 200 39 176 249 125 201 194 224 94 175 106 187 193
    141 18 166 48 238 199 57 4 246 198 81 117 37 237 197 127 179 215 79
    46 222 6 125 168 50 239 20 220 142 132 2 162 144 221 184 81 86 229
    113 82 28 138 140 83 48 249 188 9 148 33 148 153 116 6 163 245 237
    163 86 47 169 206 76 56 11 21 106 168 80 108 149 166 197 162 185 21
    216 138 55 43 54 43 22 171 0 20 198 93 129 158 96 213 112 47 192 7
    65 153 84 155 202 56 21 127 68 192 32 108 15 213 153 143 188 159 242
    120 40 134 196 135 206 178 175 134 230 165 92 73 140 251 251 215 93
    226 182 176 227 100 3 63 136 166 95 45 67 253 181 187 9 179 137 29
    27 65 219 228 207 177 7 5 167 16 238 83 158 238 182 61 92 212 177 65
    166 94 142 244 98 110 184 246 42 175 40 253 105 215 233 89 191 29
    197 161 121 210 101 61 163 6 5 103 19 35 106 189 67 24 73 223 254
    147 103 149 204 26 79 56 161 69 137 147 128 142 131 42 80 148 208 41
    255 179 106 116 37 15 20 76 29 24 163 189 44 109 155 203 148 59 3 69
    144 139 7 193 214 91 160 144 24 115 160 78 82 239 237 61 155 246 68
    16 105 104 66 98 68 133 150 254 40 42 111 50 12 128 98 171 117 16 92
    4 57 191 242 208 131 199 175 84 240 89 225 20 173 148 196 234 107 48
    255 115 105 214 174 173 175 234 17 82 196 56 242 19 43 177 59 155
    255 35 197 122 86 72 232 130 62 118 67 133 78 8 144 243 192 214 66
    83 56 122 24 223 227 203 189 210 153 179 118 142 187 58 26 175 158
    224 231 33 68 164 154 255 111 189 45 55 105 108 57 246 56 208 131
    110 153 98 56 183 226 19 39 221 26 42 129 70 116 80 46 23 98 150 214
    65 34 97 34 151 74 32 30 74 235 154 110 192 140 119 239 89 54 155
    164 228 165 50 244 111 197 220 114 251 42 24 232 214 14 184 148 188
    55 168 212 140 2 155 195 33 219 181 164 148 235 165 101 138 100 186
    27 196 50 177 250 166 54 173 202 65 16 218 28 133 193 86 49 197 98
    239 13 155 77 223 116 10 84 100 58 189 105 54 228 19 223 38 75 219
    71 195 34 77 195 47 0 32 49 13 68 70 156 145 217 229 205 86 86 87
    136 89 71 160 112 91 146 247 172 176 16 225 24 128 96 73 69 46 118
    207 236 36 165 80 99 144 252 130 122 224 68 136 120 13 139 226 209
    101 80 180 19 154 161 132 236 229 108 174 143 163 220 162 154 95 52
    33 197 91 216 225 11 186 158 11 243 9 220 33 72 1 131 80 179 112 42
    0 159 120 93 221 229 90 150 130 112 120 10 76 244 1 46 167 51 104 86
    119 226 193 86 194 52 58 181 62 100 140 214 247 38 63 23 80 43 95 3
    105 144 178 46 201 70 238 37 194 10 110 241 118 170 251 182 131 172
    232 165 250 129 123 131 85 61 127 179 127 120 27 39 34 135 252 131
    243 184 105 39 156 131 113 216 135 165 240 3 113 59 134 141 132 31
    220 140 134 91 130 203 110 132 14 59 198 98 50 216 114 29 41 70 46
    148 178 36 150 199 162 201 141 227 10 101 236 8 167 131 110 46 9 241
    250 195 12 116 65 233 139 204 110 89 51 232 211 55 3 70 89 4 207 0
    112 10 144 164 216 119 2 52 169 127 45 90 110 156 43 115 13 14 183
    195 86 87 119 236 188 118 99 239 205 128 95 14 32 240 32 177 23 213
    245 205 38 252 110 129 24 177 235 158 152 195 28 173 251 24 71 223
    86 197 19 45 112 32 196 32 218 228 122 199 225 90 185 242 231 1 50
    64 149 17 233 3 207 165 210 50 253 71 21 204 2 77 55 52 2 238 85 22
    126 146 134 207 71 57 147 88 23 114 157 14 227 231 210 38 203 252
    242 26 126 78 219 8 10 220 15 163 211 27 195 95 100 108 110 16 237
    160 179 65 203 250 129 74 115 149 187 204 66 173 172 1 186 180 133
    49 65 175 130 79 174 197 229 237 126 76 88 169 1 54 187 140 99 247
    168 203 179 39 26 158 5 227 234 60 66 73 131 134 224 3 198 56 17 68
    204 65 29 30 138 255 203 144 251 37 244 59 148 6 104 207 218 218 42
    141 186 251 20 235 112 59 213 247 88 43 215 40 96 168 38 169 126 66
    218 37 253 167 70 243 167 54 177 103 196 102 16 188 84 41 43 63 161
    141 181 106 99 63 189 112 8 16 191 127 232 247 244 255 8 32 105 249
    199 8 171 255 42 229 231 3 38 48 241 225 17 49 46 198 18 22 16 1 71
    164 197 225 134 184 192 118 92 101 204 62 185 163 250 3 4 127 135
    212 251 76 65 217 106 245 46 165 214 161 128 132 145 120 116 175 92
    52 89 137 239 229 131 137 38 213 19 4 229 216 231 157 228 64 62 16
    43 104 194 38 38 7 54 12 60 231 207 22 74 153 38 94 227 168 30 26 74
    22 172 179 38 168 225 214 239 117 108 136 229 215 8 164 170 215 123
    81 109 89 36 117 47 203 215 138 187 84 42 218 245 13 20 109 121 81 8
    159 98 105 98 28 84 115 238 163 146 90 28 123 135 150 7 31 159 9 29
    112 232 229 18 32 231 150 117 80 206 121 230 167 76 66 211 135 164
    211 104 148 43 250 2 207 235 178 91 5 90 2 89 36 124 14 187 160 22
    191 171 113 27 251 225 205 105 198 206 208 159 64 75 114 23 7 139 74
    61 95 170 34 78 115 200 13 166 76 59 32 217 201 44 235 202 58 119
    133 111 8 40 94 68 206 144 69 27 115 118 181 108 113 62 164 20 224
    216 201 145 165 81 229 51 158 162 130 50 199 116 50 197 255 147 21
    237 203 25 14 206 85 30 99 103 127 188 85 245 188 24 193 140 246 120
    71 80 140 197 153 99 76 249 179 230 183 193 185 246 76 142 83 140
    123 22 1 67 22 35 21 66 212 133 200 244 9 13 215 170 11 219 6 177 19
    113 89 198 29 61 144 61 108 92 191 17 189 89 126 76 224 94 92 24 95
    172 153 79 199 252 169 20 95 105 142 213 106 165 186 116 226 74 111
    241 42 10 30 71 250 59 144 127 133 187 80 250 36 18 26 121 198 209
    160 25 148 1 145 22 126 111 140 209 221 36 126 20 69 214 197 138 97
    84 113 148 188 210 127 226 103 122 179 211 65 134 85 112 48 171 139
    69 113 234 102 200 135 97 238 13 63 86 149 69 255 28 51 199 46 165
    112 250 135 20 196 79 231 36 173 185 6 122 59 96 109 203 10 78 86
    139 59 62 71 123 13 91 124 93 5 32 208 53 44 205 101 170 198 249 84
    88 120 35 224 60 190 251 168 94 126 132 190 74 1 11 123 159 49 227
    201 197 141 130 116 200 205 45 137 91 180 145 231 63 147 219 115 160
    154 148 149 193 80 83 205 197 201 7 166 221 157 235 197 63 73 164
    107 242 123 44 139 124 59 155 252 180 212 138 48 150 216 238 66 221
    250 18 199 31 56 12 51 236 219 218 80 88 85 45 188 160 103 214 112
    226 110 77 137 162 95 241 245 235 100 108 241 95 140 150 197 141 1
    168 109 252 90 119 250 29 234 50 223 139 0 139 16 28 93 73 9 59 56
    206 213 38 98 83 33 108 62 229 82 183 59 253 0 27 181 103 66 155 20
    177 109 182 167 108 62 22 164 66 117 56 162 1 72 233 149 73 15 131
    95 3 240 93 118 33 38 216 72 182 143 23 60 108 109 236 105 124 190
    102 89 2 169 232 160 123 11 162 32 10 63 19 136 4 100 60 21 155 202
    249 47 6 158 216 145 138 91 146 89 53 231 129 221 107 125 99 120 211
    247 132 137 205 119 179 164 3 210 36 111 15 1 27 203 24 8 239 150 47
    12 84 88 229 149 236 13 155 180 55 26 224 162 170 56 144 113 51 98
    83 117 80 100 232 212 42 175 84 209 96 238 215 134 68 78 60 58 228
    236 29 62 25 68 92 100 220 178 83 208 24 76 230 6 103 235 88 24 22
    214 139 19 53 10 71 238 112 51 184 181 237 35 182 100 185 126 140
    126 209 224 174 15 118 11 236 131 129 96 230 160 68 253 253 151 22
    53 160 248 132 68 151 158 50 124 252 94 233 254 251 243 76 45 223
    202 81 177 136 237 116 175 146 3 216 242 119 81 228 0 56 152 50 148
    164 1 125 17 167 49 150 221 164 243 31 206 49 78 180 20 141 254 56 7
    164 68 113 163 210 26 85 251 205 116 222 98 43 132 7 46 212 198 220
    66 250 109 82 120 148 104 28 21 40 247 166 96 8 223 106 255 57 124
    30 79 103 171 240 162 122 166 193 178 19 45 249 164 212 247 46 251
    23 231 210 246 183 157 215 77 105 91 204 115 17 84 168 15 79 128 143
    77 2 130 217 176 178 18 122 63 216 16 76 101 38 42 50 2 182 28 215
    13 35 165 108 29 121 205 35 195 210 90 43 93 143 194 185 238 72 248
    8 237 92 155 148 123 7 7 98 141 41 139 27 105 59 67 21 66 143 38 70
    231 131 196 236 110 53 143 192 9 160 236 130 218 36 19 116 111 100
    155 176 167 34 201 173 98 51 157 140 33 201 166 134 39 185 197 193
    129 58 127 227 7 178 62 48 70 62 160 149 75 47 90 34 148 34 93 20 21
    117 190 211 29 246 161 40 88 195 248 174 112 159 81 131 134 218 20
    24 149 241 163 23 247 56 217 53 44 107 57 127 49 248 187 96 22 197
    192 127 250 64 247 183 142 152 49 119 131 243 69 163 57 187 185 182
    130 140 3 224 217 238 168 84 34 39 153 123 10 75 148 241 206 196 32
    104 178 211 88 166 245 161 29 199 221 79 100 17 219 151 70 249 86 27
    62 161 71 111 227 76 236 228 191 187 188 146 169 203 248 209 178 122
    92 207 181 163 122 74 234 82 185 192 186 250 28 146 193 249 192 136
    23 165 78 244 62 38 48 98 57 38 214 218 28 126 99 92 124 101 193 18
    62 45 232 248 149 189 2 199 20 148 117 198 27 115 195 202 56 251 61
    189 61 4 250 51 56 168 237 145 238 76 133 115 51 104 9 28 4 136 60
    56 67 234 34 15 9 160 250 220 189 77 146 182 149 162 147 197 196 232
    89 219 237 212 90 62 189 97 236 98 34 87 2 169 116 10 21 67 231 97
    77 88 72 38 200 128 220 42 248 239 193 136 74 129 248 206 254 103
    136 53 102 70 193 71 2 152 201 226 153 182 187 111 248 245 188 117
    109 59 204 82 239 173 244 224 50 146 237 14 178 199 67 185 210 122
    39 22 3 139 95 127 99 82 182 31 83 153 220 104 49 144 22 170 77 64
    99 184 12 67 161 165 133 16 252 167 233 79 148 147 32 2 239 35 66
    173 36 234 91 186 133 10 2 250 188 7 152 177 194 226 161 180 49 34
    249 18 79 214 44 167 220 247 119 54 234 150 202 70 218 23 174 36 245
    5 82 21 182 182 94 128 80 66 210 255 24 17 7 156 228 250 221 64 146
    115 27 150 122 20 153 154 141 189 123 8 212 129 192 2 165 7 32 233
    167 71 123 58 0 34 176 65 97 60 189 68 124 195 79 241 127 238 226
    195 82 115 90 12 225 142 67 5 140 70 62 130 139 165 69 45 124 204 62
    151 222 158 242 207 187 87 54 174 93 69 184 90 101 116 216 160 150
    148 75 210 28 84 77 238 254 102 93 213 160 42 18 196 142 218 120 251
    42 153 81 166 101 145 156 98 192 247 122 167 8 5 125 112 96 226 52
    93 233 238 80 58 122 191 70 113 176 128 98 80 154 172 197 212 5 160
    81 185 93 93 161 213 111 146 0 133 36 221 32 203 220 11 163 113 127
    172 18 78 138 240 226 46 76 47 142 197 250 177 3 37 1 74 17 156 175
    5 111 26 41 74 241 124 168 217 211 66 31 40 243 82 14 85 114 110 88
    213 61 86 179 120 173 115 64 49 34 10 223 93 78 45 194 137 17 63 84
    138 162 65 115 126 172 19 228 31 150 63 119 100 98 86 22 31 164 171
    209 109 157 118 18 155 126 168 184 229 93 151 193 127 45 165 191 17
    118 7 83 136 167 249 96 166 236 133 160 188 77 163 122 168 57 94 206
    128 201 62 231 225 191 254 174 232 150 196 106 87 187 211 190 70 216
    169 31 39 226 139 173 22 75 57 110 130 236 250 232 143 78 36 178 150
    35 234 190 209 173 145 191 30 181 121 201 133 60 242 75 141 150 248
    36 34 225 70 130 167 234 12 251 118 171 173 210 59 1 148 217 167 69
    19 254 80 142 198 31 164 19 220 130 110 104 93 12 28 56 0 93 8 146
    150 178 179 9 130 62 155 175 15 51 163 64 72 171 25 102 114 163 163
    15 51 158 169 240 166 76 133 100 150 24 19 16 207 253 164 193 210
    113 32 108 153 112 190 243 14 197 124 129 202 243 226 73 151 146 107
    211 129 70 179 126 80 51 8 102 144 252 182 195 211 194 50 115 169
    239 9 57 102 106 94 52 171 89 63 197 63 16 4 32 58 53 56 153 100 95
    25 33 148 201 17 9 62 226 42 87 150 74 56 195 78 12 124 100 174 131
    27 58 31 124 66 66 7 225 146 24 131 79 188 43 196 35 44 25 242 114
    51 229 179 17 109 171 173 129 106 129 17 19 30 102 145 138 58 69 11
    232 148 76 219 43 100 153 158 158 7 248 166 81 68 80 250 45 157 102
    187 136 71 153 57 85 50 216 150 159 150 174 114 136 41 121 170 143
    190 120 235 150 84 233 246 70 150 20 230 159 29 148 173 222 142 123
    64 249 229 7 46 124 240 12 233 97 101 168 150 26 182 165 206 244 154
    99 186 171 28 64 23 106 228 106 30 176 199 35 131 57 242 109 183 54
    163 41 2 201 47 232 91 12 120 28 222 116 4 157 51 195 155 201 12 139
    98 38 230 226 19 55 202 198 88 163 230 200 118 135 154 61 85 25 71
    147 105 208 58 15 30 23 141 231 111 64 154 106 8 117 204 20 240 125
    150 213 28 243 207 28 195 255 37 78 116 252 81 180 226 225 40 140 84
    75 109 126 100 188 252 165 176 54 239 239 202 34 196 119 144 159 126
    175 238 148 58 11 238 249 161 248 85 85 112 118 125 174 104 90 4 78
    46 127 238 99 162 74 121 74 227 89 95 127 212 60 145 40 26 69 226
    147 97 127 76 160 160 77 134 184 125 180 21 219 133 47 88 41 37 144
    0 22 46 155 246 140 22 216 76 181 105 192 172 210 124 116 206 202 66
    5 236 89 177 242 40 201 225 214 53 58 204 225 163 180 231 71 95 216
    250 160 139 117 148 216 12 54 145 16 170 50 140 140 37 127 248 236
    102 228 69 5 253 197 243 38 99 150 118 161 186 245 236 58 154 99 161
    53 45 151 220 109 182 238 40 153 89 155 60 73 14 16 222 83 74 227 88
    241 137 98 232 189 200 178 239 42 238 120 224 214 23 154 189 175 107
    147 6 52 27 84 4 45 157 250 201 123 23 216 24 226 70 167 60 94 168
    167 136 248 254 155 230 235 30 62 217 201 78 215 165 172 242 65 162
    66 85 198 98 131 234 77 23 188 105 193 8 184 21 79 95 154 138 66 239
    99 46 133 188 19 205 132 24 100 14 251 230 189 244 193 158 119 13
    184 103 228 191 161 108 95 166 54 73 112 212 49 97 82 174 168 31 222
    219 110 44 78 176 176 229 131 114 93 107 65 44 232 73 2 250 74 240
    173 193 197 31 94 153 54 226 65 201 98 224 16 231 11 82 182 120 89 5
    160 241 134 35 71 80 70 14 205 29 183 107 154 23 248 0 159 138 43 98
    129 123 96 210 5 51 121 67 249 123 179 179 21 65 169 105 156 8 53
    159 172 202 64 95 180 58 159 225 42 65 150 146 251 231 49 105 159
    251 147 53 236 181 57 172 31 255 163 164 71 129 180 81 250 36 44 55
    9 56 199 210 97 24 43 254 164 165 96 92 246 146 169 149 153 95 147
    64 250 59 130 211 160 199 108 209 58 53 237 44 114 190 52 145 198
    113 84 139 98 16 213 117 187 215 226 126 50 83 146 95 219 193 60 182
    34 174 233 214 148 238 141 62 32 37 162 59 129 207 57 104 250 213 19
    176 85 217 29 202 156 44 224 238 44 8 101 228 132 166 147 136 76 250
    31 39 117 5 48 162 13 32 184 189 91 245 15 182 80 31 224 137 45 179
    25 244 150 168 17 175 50 238 129 100 89 24 67 228 22 32 103 116 68
    71 51 128 39 206 44 177 199 141 99 63 14 197 127 81 235 63 28 228 12
    85 175 135 151 207 228 133 238 243 243 152 130 97 69 106 152 72 187
    126 150 36 217 228 77 63 112 181 108 69 187 136 92 36 175 40 213 69
    34 233 98 215 54 11 27 61 160 120 139 187 104 234 185 45 204 236 94
    212 126 145 211 19 215 243 121 67 21 137 50 41 40 83 150 124 188 223
    210 94 24 235 214 232 66 58 43 172 75 167 63 153 157 11 152 20 39
    199 172 34 41 65 85 10 119 93 62 66 192 209 226 6 5 67 118 218 223
    252 113 161 65 198 247 121 5 72 230 243 106 250 89 156 240 63 244 35
    153 48 242 175 239 149 197 216 21 120 34 249 142 229 40 199 190 245
    231 151 235 1 251 237 24 71 175 17 163 37 5 31 56 175 4 112 234 42
    206 172 95 113 220 38 224 173 103 90 221 151 25 144 144 56 200 85
    202 94 222 190 37 6 61 202 214 58 244 147 146 63 18 201 11 45 179
    141 75 122 27 84 123 113 59 51 148 113 9 100 42 241 100 20 178 148
    140 63 80 123 147 244 90 173 194 172 227 1 246 206 140 58 187 62 232
    253 25 172 32 140 33 63 51 164 67 147 107 68 233 246 221 10 181 231
    215 0 24 196 30 239 220 78 194 191 163 43 27 18 197 116 0 150 169
    140 54 175 221 110 147 215 27 6 237 121 35 226 79 230 200 44 107 232
    164 129 15 43 21 220 122 86 227 102 213 142 195 60 217 168 16 226
    122 1 70 70 229 89 140 57 203 73 191 193 209 153 197 147 174 29 132
    62 155 118 193 245 129 10 49 255 159 144 9 107 47 213 228 119 180 69
    190 147 64 179 242 85 2 169 209 226 180 197 98 203 26 154 143 7 137
    30 212 181 231 40 36 101 38 113 102 120 35 48 48 92 197 119 221 113
    218 94 216 194 24 192 50 63 116 163 30 91 144 14 61 63 195 127 208
    130 55 53 221 83 214 184 155 177 203 9 141 70 6 184 123 9 186 155
    227 148 167 54 21 98 255 19 113 212 18 59 4 90 23 106 114 238 253
    108 114 74 16 250 26 250 43 61 227 133 83 20 165 195 56 46 145 101
    49 211 11 122 182 253 174 42 212 247 22 141 164 193 76 235 185 43 15
    240 188 222 51 29 79 138 55 12 237 110 106 162 163 208 57 113 218
    129 141 165 170 107 48 195 78 6 231 40 199 165 239 202 143 93 27 86
    171 92 59 69 93 148 188 114 204 104 195 70 126 20 160 46 233 89 206
    25 99 61 98 212 187 249 246 101 29 212 49 233 73 1 253 14 209 74 122
    88 121 142 173 175 135 188 115 152 248 51 2 142 201 205 12 4 174 16
    65 2 223 88 189 238 192 76 212 117 141 202 187 126 177 71 160 117 97
    141 112 43 49 110 1 110 97 11 218 153 114 148 118 132 168 53 73 149
    204 188 103 153 184 38 8 195 246 37 85 33 148 205 171 159 104 1 245
    196 68 62 139 36 131 216 62 56 216 14 220 211 104 235 8 126 143 13
    108 219 151 173 223 179 131 46 206 91 235 179 180 90 127 96 126 180
    209 101 119 11 147 235 127 212 50 142 100 49 219 109 73 13 75 64 250
    98 92 33 201 190 10 210 96 241 3 40 122 248 205 72 13 157 246 251 18
    185 42 187 3 124 0 197 84 188 54 4 193 22 173 204 21 152 36 132 164
    107 227 219 221 203 2 103 242 47 144 51 125 172 158 102 195 134 170
    27 119 204 70 124 222 13 243 239 63 192 0 80 138 190 143 170 196 88
    215 33 154 191 94 247 24 9 131 197 145 172 107 208 34 169 39 119 162
    171 110 87 9 71 28 215 174 29 147 222 202 26 164 68 245 202 80 68
    119 165 127 118 147 170 129 64 75 130 29 127 10 174 140 87 13 186
    134 210 153 65 79 9 209 95 68 44 210 166 47 65 250 236 250 161 81 61
    46 30 39 233 134 59 251 116 76 197 230 17 184 113 116 144 9 151 42
    250 14 244 93 173 32 38 22 173 223 206 153 93 15 162 187 187 14 79
    117 169 88 193 165 182 115 47 58 181 63 32 10 91 220 220 27 32 140
    14 236 217 180 166 111 32 134 194 114 171 193 156 35 226 141 98 195
    204 157 222 187 66 232 99 160 233 197 36 181 189 85 216 83 61 234
    198 208 30 19 172 34 208 189 243 116 104 34 188 43 44 165 168 31 69
    141 179 228 116 106 83 25 13 150 191 175 246 247 68 146 28 239 140
    98 222 50 180 223 30 197 232 96 87 66 162 56 34 186 96 239 111 161
    11 183 16 53 84 208 177 217 63 244 163 28 66 16 119 124 159 20 244
    243 105 116 85 127 134 2 195 79 77 59 12 114 77 194 180 172 150 116
    190 125 99 111 234 56 84 70 136 173 230 110 98 96 201 66 156 151 204
    143 220 222 198 108 114 150 137 171 95 141 23 200 173 5 80 101 235
    123 237 166 145 83 70 229 187 187 158 209 68 140 38 204 174 115 193
    17 38 179 20 79 7 127 168 15 131 77 29 29 179 203 138 130 142 198
    122 107 138 115 29 153 137 110 4 230 195 189 28 51 199 17 140 150
    116 38 226 101 119 84 61 216 248 160 36 158 67 38 103 6 193 11 171
    15 120 155 238 164 58 15 43 73 103 3 200 17 174 203 109 240 49 105
    30 155 67 244 18 22 5 82 28 204 7 247 117 9 170 84 202 85 164 171
    167 39 104 96 122 212 241 59 28 64 32 180 162 114 18 163 14 248 150
    85 58 90 103 243 213 101 51 49 84 189 214 31 158 218 252 112 191 141
    45 46 47 84 42 195 58 7 142 106 189 10 223 202 143 123 180 81 93 110
    192 177 91 89 80 236 151 28 117 31 169 220 242 186 74 55 234 92 191
    86 7 53 156 39 240 163 115 29 131 89 99 221 200 121 75 29 160 41 242
    227 34 223 86 232 110 230 23 98 185 57 107 57 74 61 41 129 105 26 52
    251 151 145 86 171 125 193 112 59 132 47 36 73 88 218 233 164 171
    185 39 35 141 194 90 181 192 80 146 201 119 59 14 4 222 254 77 87 90
    153 44 95 99 248 218 56 57 194 67 75 188 213 234 95 74 84 20 146 216
    39 157 92 156 243 91 0 51 5 0 0 194 23 233 177 158 248 8 224 96 172
    230 35 123 5 140 224 115 34 172 143 33 16 24 234 155 184 158 238 42
    109 189 44 219 89 88 117 60 201 122 48 136 181 44 120 59 163 109 151
    168 66 118 24 66 71 149 106 184 237 89 117 48 114 20 132 178 50 145
    28 180 83 41 174 237 156 251 221 228 240 185 216 186 75 202 94 60
    174 31 148 41 116 77 102 126 194 172 208 23 176 44 70 143 205 219
    109 82 255 81 173 238 209 166 42 223 150 87 15 163 76 1 203 3 174
    173 65 55 123 172 58 224 152 156 216 66 55 66 221 3 5 64 155 139 73
    188 204 26 22 141 39 206 3 254 129 123 72 113 245 74 169 199 225 240
    190 124 79 220 152 183 176 4 148 129 242 201 241 166 141 243 191 166
    59 156 69 232 254 40 91 58 67 198 40 144 87 106 87 81 69 254 189 250
    177 112 156 254 255 253 101 152 34 33 221 229 114 251 153 41 230 10
    54 92 144 215 68 39 40 75 232 13 134 209 15 197 150 123 27 62 247
    243 223 134 42 13 27 110 70 27 70 51 190 154 72 14 239 33 40 249 162
    159 91 48 120 116 202 124 151 176 95 67 212 81 51 217 247 143 39 25
    148 163 160 208 183 45 89 255 219 212 129 200 147 159 229 139 120
    128 74 179 232 130 200 53 55 102 105 73 30 211 85 68 136 33 145 39
    100 247 94 238 105 186 91 241 89 232 169 101 3 30 113 253 89 26 89
    82 112 200 86 86 176 217 81 18 207 3 107 196 51 7 92 152 118 45 147
    222 3 240 54 216 143 57 137 129 68 78 122 164 77 93 100 89 143 161
    114 123 65 249 212 199 4 125 106 241 87 58 69 2 29 220 199 105 145
    112 68 177 1 71 119 246 130 90 67 222 145 98 160 223 232 52 153 83
    137 135 100 33 167 100 31 146 123 43 161 134 145 219 19 255 136 30
    236 167 150 46 218 25 131 37 74 204 241 227 181 227 8 132 170 146
    253 214 128 198 126 189 168 34 178 23 95 14 118 207 74 188 134 106
    32 181 119 19 7 90 229 7 187 2 96 3 4 144 123 30 188 4 199 77 15 35
    110 104 61 58 249 31 218 106 137 115 163 213 87 66 101 28 51 122 48
    175 42 159 60 45 186 204 35 187 224 218 53 229 73 49 88 90 209 20
    189 89 145 113 122 143 20 231 103 182 112 231 121 23 95 44 181 52 0
    97 97 41 246 89 109 88 141 58 186 89 199 164 93 220 9 5 93 126 71
    245 124 179 110 112 190 244 25 109 10 30 114 4 21 51 85 204 185 196
    143 220 186 91 93 158 141 102 198 226 156 47 173 3 0 138 121 209 42
    19 174 40 71 153 173 26 235 38 250 212 181 45 134 100 186 217 252 54
    117 79 84 20 254 233 34 129 130 19 19 69 79 213 129 77 103 119 252
    133 154 118 139 83 167 240 35 20 16 198 148 1 101 186 223 233 10 219
    53 96 127 17 16 16 162 202 241 138 114 27 64 204 2 204 232 124 118
    107 139 210 219 71 43 95 108 177 138 23 77 48 229 51 32 218 104 58
    133 197 165 180 231 47 59 214 13 134 220 130 92 165 101 201 90 18
    117 125 163 219 29 164 126 23 224 99 137 52 254 6 230 217 207 154 36
    115 196 227 137 27 47 170 91 195 18 57 170 152 180 92 151 3 70 239
    25 113 46 240 64 40 187 76 106 200 136 48 225 32 87 23 97 210 141
    217 28 234 102 44 247 58 105 24 243 131 193 155 244 28 15 228 60 134
    223 215 87 142 143 229 246 49 102 156 164 254 117 27 119 24 27 214
    254 20 111 63 31 79 150 121 109 101 156 158 239 212 15 177 113 134
    150 146 23 33 97 41 229 77 102 40 234 240 153 79 104 3 241 196 32 49
    132 201 13 138 3 212 151 96 35 251 135 23 125 88 182 148 189 90 236
    72 131 26 11 61 102 184 163 98 4 133 0 151 62 197 24 21 212 146 238
    147 158 240 186 160 90 63 176 104 205 44 101 162 65 176 62 124 170
    62 21 14 226 174 97 88 54 76 184 65 194 95 170 61 48 147 40 12 109
    161 29 31 137 198 50 10 16 37 166 186 101 89 166 51 242 183 235 229
    249 181 251 9 226 174 112 154 236 139 84 159 29 34 65 144 33 231 96
    234 44 155 44 6 38 252 219 48 45 73 113 222 16 120 45 73 115 179 217
    84 78 166 41 89 74 145 106 102 190 183 5 254 4 64 90 205 214 123 152
    131 8 223 164 172 183 27 69 163 147 81 222 219 195 104 187 169 106
    80 8 160 106 182 25 150 0 204 209 253 28 11 164 209 139 89 186 114
    171 19 104 8 172 212 1 130 163 186 203 199 35 74 81 235 154 67 52
    137 225 53 70 73 57 184 255 194 12 102 80 87 78 163 166 250 120 12
    135 80 222 98 176 163 36 123 216 77 235 34 171 142 221 59 130 76 197
    234 248 183 86 118 47 91 57 146 46 12 211 79 209 8 18 217 200 98 244
    100 197 107 118 85 151 35 174 225 129 170 153 133 174 31 136 109 122
    120 241 200 84 224 66 123 40 237 228 4 7 10 7 77 64 21 159 255 190
    120 224 6 13 153 25 210 97 42 14 100 163 252 140 148 158 102 88 200
    20 121 18 228 116 181 190 251 155 80 85 122 42 44 197 183 13 232 190
    114 233 154 153 180 70 130 132 187 121 174 233 31 22 104 55 123 188
    218 198 73 123 110 27 52 47 202 155 68 198 140 94 105 123 250 99 101
    54 9 56 210 151 51 92 216 240 190 144 225 191 41 93 24 82 145 133 35
    0 172 56 85 100 232 44 181 114 192 223 212 185 247 231 83 20 176 208
    248 79 27 136 114 71 100 153 77 9 150 78 62 68 39 142 194 114 99 228
    88 190 218 24 113 91 72 133 66 85 25 65 136 243 114 195 83 196 67 4
    17 133 134 213 46 122 8 152 106 191 245 167 104 83 35 247 243 33 26
    58 153 182 154 18 199 0 167 238 239 120 214 242 131 6 99 159 0 208
    27 243 87 133 21 11 204 253 143 197 186 101 185 134 255 79 239 237
    65 179 174 17 251 226 222 59 75 141 102 157 212 74 112 201 123 9 235
    154 147 200 116 50 180 187 135 124 153 145 29 29 101 46 223 23 137
    185 191 156 116 88 26 188 23 220 200 69 216 150 6 143 20 73 107 197
    221 98 17 26 53 36 189 233 53 53 182 160 30 174 101 16 188 181 136
    123 99 93 201 154 91 245 34 70 118 44 190 97 9 154 172 225 9 238 78
    143 91 221 48 70 5 201 223 207 208 128 198 61 91 187 85 42 24 27 26
    78 234 223 116 57 7 222 122 135 46 212 25 114 137 166 194 188 102
    194 93 200 62 88 252 115 86 221 137 167 209 20 158 20 84 173 31 42
    84 128 238 0 73 157 118 98 57 167 83 37 225 220 113 141 208 235 110
    6 216 249 223 54 171 86 195 132 16 20 113 235 4 20 219 221 129 43
    152 20 45 192 166 42 82 108 224 29 233 10 50 54 211 86 124 252 23
    227 233 236 73 188 116 211 15 211 19 91 134 125 35 127 208 122 57
    189 165 24 55 211 197 78 200 46 216 238 149 81 36 126 190 95 63 76
    50 162 148 150 204 241 197 0 238 155 118 71 141 20 65 153 102 237
    124 19 51 182 102 227 65 176 235 235 75 212 224 144 243 8 29 102 136
    255 226 95 162 252 44 141 213 41 78 98 191 138 140 61 65 88 122 77
    89 249 150 66 14 221 91 220 4 203 23 89 41 8 28 90 153 72 188 108
    164 120 118 124 35 117 21 167 139 178 113 7 212 226 183 124 27 213
    74 53 76 201 235 23 115 241 111 123 199 62 62 7 251 106 97 13 190 86
    248 180 53 141 250 144 58 102 237 85 207 10 171 14 201 186 32 60 23
    91 51 191 41 12 51 65 116 108 50 185 25 177 174 11 25 74 13 132 13
    176 167 203 165 121 226 56 13 111 251 90 24 217 32 237 151 221 94
    252 7 150 129 65 236 244 135 84 203 150 160 6 92 8 132 114 194 29
    117 189 120 114 223 98 162 62 63 105 118 10 112 75 145 94 133 143
    142 252 157 53 129 132 245 114 83 99 146 55 128 73 8 17 191 241 34
    43 75 141 95 201 104 14 169 104 92 53 11 134 165 89 52 57 193 91 77
    228 101 25 121 153 49 133 203 200 177 119 87 96 182 0 250 69 220 255
    64 68 225 150 123 40 14 198 187 187 201 230 160 103 142 34 12 127
    207 203 69 29 179 57 175 77 239 86 152 131 104 206 183 69 174 113 52
    217 245 13 112 145 162 224 177 157 177 252 183 183 79 175 98 148 60
    32 63 84 222 205 150 82 7 232 212 150 197 79 219 107 56 230 40 18 42
    208 255 214 193 125 112 79 84 154 2 86 134 40 125 5 168 56 241 185
    190 201 255 66 155 20 20 243 92 33 222 189 137 133 239 146 202 101
    212 170 11 131 219 26 102 110 157 125 88 15 253 222 185 62 73 19 163
    91 225 147 158 88 14 117 157 126 29 141 204 138 67 157 122 211 91
    148 176 207 228 33 189 221 110 251 0 206 117 124 93 180 21 17 87 243
    44 3 20 104 214 188 206 33 160 74 177 114 36 112 241 136 179 115 224
    159 6 139 91 113 104 198 217 117 32 184 192 211 164 183 227 142 32
    185 156 131 121 150 38 217 141 21 26 39 201 132 160 85 71 222 0 247
    9 216 127 202 116 235 70 43 159 11 189 51 129 92 249 46 214 114 110
    50 131 113 240 110 14 148 110 89 154 152 153 172 65 200 162 56 242
    125 43 17 108 57 225 34 147 100 59 72 74 153 54 20 226 6 171 150 149
    144 143 187 221 65 75 87 151 142 173 134 255 123 187 20 233 239 160
    94 98 60 130 197 116 152 81 60 125 226 55 141 253 42 6 48 174 159 17
    120 138 100 212 139 222 24 146 123 111 51 141 9 48 16 141 162 37 89
    216 107 186 177 168 70 151 41 172 84 236 239 124 171 162 98 217 0
    216 254 203 245 208 73 128 117 76 205 24 204 129 200 1 40 252 71 69
    86 0 230 90 39 41 118 39 158 2 70 125 98 113 229 210 14 43 104 72
    113 150 172 17 198 106 241 50 201 79 150 129 104 85 151 188 122 65
    50 38 181 9 48 241 165 132 54 224 250 62 234 61 109 120 115 138 222
    28 242 134 80 31 131 151 225 30 199 87 2 194 3 147 244 251 200 53 71
    62 229 194 31 233 170 147 91 110 115 0 149 162 198 135 79 232 188
    121 255 171 82 6 153 122 140 9 100 156 174 28 240 59 43 11 242 104
    190 131 122 85 104 22 66 153 232 241 186 33 83 35 144 121 165 238
    108 183 42 221 7 83 153 211 10 24 74 156 107 187 215 41 43 45 203
    110 212 10 77 174 99 247 218 158 100 189 155 84 232 134 250 157 152
    207 24 83 102 180 217 198 88 26 243 122 180 50 43 77 242 137 209 9
    15 238 234 23 150 133 115 240 139 188 71 88 75 145 23 40 100 8 44
    109 248 193 115 98 227 43 110 2 90 4 156 199 21 78 72 102 167 188
    192 69 136 82 196 218 124 205 177 202 190 85 17 51 169 66 38 161 176
    101 98 104 54 0 192 67 56 15 24 168 218 6 78 31 54 128 89 232 15 59
    185 171 180 87 20 73 68 255 135 84 230 17 161 221 113 82 201 123 34
    213 120 73 161 39 140 116 236 14 171 192 48 123 140 106 247 202 197
    8 200 235 82 119 129 86 37 137 5 36 94 129 62 120 212 175 136 231
    129 45 28 1 150 104 247 251 78 170 25 147 186 225 100 25 122 8 167
    76 23 135 115 245 222 246 190 20 238 47 148 103 121 11 3 202 178 113
    198 128 248 62 107 244 124 126 114 65 204 78 235 2 0 23 85 96 95 147
    12 87 51 199 70 237 135 61 195 101 118 237 187 76 162 62 228 206 77
    38 106 253 228 156 136 192 44 225 219 203 208 211 50 195 61 50 197
    173 154 31 110 62 113 217 237 165 72 85 186 173 47 173 225 53 133
    119 210 47 90 17 108 184 152 54 116 162 176 68 229 171 54 141 93 101
    147 16 62 218 199 56 78 101 137 86 158 201 204 56 154 129 196 107
    180 17 198 127 162 89 98 186 167 170 70 203 170 172 151 192 254 70
    167 32 7 159 65 58 217 13 115 177 56 116 190 69 145 151 61 230 26
    196 85 216 19 100 218 239 132 232 176 173 164 21 231 51 100 167 47
    64 210 236 136 51 236 132 218 236 69 221 253 73 223 169 37 66 43 32
    203 67 26 192 25 6 101 31 111 234 189 189 64 185 214 50 192 242 197
    84 121 85 40 203 102 226 156 27 79 170 201 11 180 5 245 254 52 29
    129 137 125 190 94 212 37 232 119 109 117 190 128 108 82 243 160 167
    94 205 199 132 217 204 232 176 247 90 121 18 212 102 65 253 106 35
    104 239 211 112 111 252 204 42 17 9 91 6 55 27 192 80 203 24 186 114
    207 145 30 131 73 111 198 202 90 168 230 66 155 210 229 50 203 46
    113 26 52 147 212 42 114 13 171 148 240 37 120 221 2 208 151 131 20
    33 160 208 143 173 147 22 192 220 98 6 183 134 95 228 204 98 14 82
    85 214 109 146 81 127 170 152 122 245 210 64 32 189 60 74 13 46 63
    45 100 12 119 104 146 144 237 54 107 77 107 109 242 36 186 175 48 18
    56 203 117 28 113 67 156 254 71 126 151 140 16 208 31 230 161 226
    249 134 181 233 45 133 85 159 154 83 140 140 184 30 56 31 22 25 165
    67 130 149 214 23 46 205 201 230 169 149 170 51 81 215 237 104 30
    200 151 186 226 206 115 177 59 184 22 70 224 35 187 176 238 99 70 94
    122 254 87 186 94 167 74 122 241 69 121 154 60 136 174 19 181 65 16
    128 157 131 172 224 84 80 117 117 40 96 48 243 177 244 209 16 14 22
    54 117 197 213 101 140 183 243 201 194 157 180 81 127 74 164 144 217
    57 182 219 8 38 39 14 51 131 67 162 242 70 166 49 241 239 213 192 69
    242 153 248 99 37 174 112 161 111 178 203 245 57 7 212 109 78 132
    116 54 183 237 105 185 15 106 232 49 172 120 149 41 248 188 58 240
    117 98 186 2 7 122 26 171 148 181 151 190 180 87 125 210 1 50 238 95
    72 226 0 239 252 47 73 122 188 92 50 235 38 129 173 18 181 195 37 80
    28 89 208 79 252 188 53 12 82 111 152 49 59 36 6 196 216 46 221 74
    226 216 255 250 154 173 20 87 48 86 61 66 213 133 251 88 137 107 59
    70 83 224 232 61 54 208 96 90 175 241 159 193 84 72 107 196 174 50
    152 17 66 213 213 82 240 166 32 106 163 254 56 171 46 228 185 179
    190 79 220 69 192 44 124 75 255 184 38 63 19 211 1 73 235 189 156 37
    90 36 50 193 159 97 163 54 130 182 155 26 255 52 163 80 97 30 109
    112 125 197 19 87 169 153 237 42 121 18 188 108 170 81 229 231 226
    12 209 239 22 121 163 50 145 34 46 55 202 83 245 41 20 191 52 7 143
    63 144 60 118 170 100 89 28 7 159 233 149 194 137 214 57 32 216 196
    161 224 248 58 217 37 24 139 38 25 43 135 231 130 164 121 73 170 248
    224 53 95 125 9 68 208 234 122 106 60 166 197 60 67 35 7 63 207 206
    85 9 99 166 99 54 241 42 94 84 250 77 157 32 141 128 163 205 96 3
    109 157 19 145 153 234 190 153 111 65 132 86 17 128 224 189 18 31 96
    140 121 172 83 117 202 103 222 34 245 71 79 11 87 165 7 73 254 180
    157 210 58 201 122 24 229 55 32 242 146 192 247 155 115 37 223 165
    91 144 190 252 235 18 131 224 179 206 91 186 111 221 72 232 68 168
    130 251 247 248 40 132 29 24 143 130 136 146 53 247 101 68 213 173
    184 214 91 224 46 48 121 7 53 49 64 109 118 171 211 146 87 145 142
    131 101 187 144 224 185 16 141 51 67 2 69 192 122 107 12 219 82 214
    132 185 31 90 170 160 76 33 9 17 91 128 188 159 166 68 234 241 3 10
    115 91 221 101 177 88 6 136 99 147 226 114 249 222 29 205 182 241 19
    23 210 140 242 47 51 191 253 217 166 8 230 72 125 83 146 146 19 127
    116 58 86 91 128 145 191 39 47 85 210 201 79 237 68 222 114 141 157
    8 77 107 114 90 36 187 68 208 128 120 159 252 199 91 74 251 124 148
    87 229 69 2 10 114 210 102 165 152 252 40 125 25 54 21 199 47 122 69
    252 123 202 149 19 222 62 14 162 68 68 126 114 194 227 54 151 20 151
    253 141 110 64 227 189 254 224 141 65 186 46 50 148 129 110 95 33
    253 130 234 238 84 171 112 122 81 132 2 204 60 245 238 111 18 188
    196 7 99 131 99 135 123 237 151 10 244 196 84 71 20 219 203 115 9 19
    199 234 140 97 164 255 186 239 67 19 31 214 8 45 159 239 117 249 60
    143 18 134 2 209 201 187 70 29 55 67 135 56 205 170 51 115 71 251 85
    82 133 217 183 133 162 156 223 1 7 251 215 137 196 153 13 121 81 42
    230 57 78 32 173 156 21 188 152 205 85 250 204 81 167 132 26 49 32
    151 193 232 71 32 127 85 221 227 160 27 68 176 178 202 174 226 171
    96 242 111 193 92 192 104 37 200 111 179 42 106 115 187 117 27 231
    114 87 138 54 172 83 98 118 148 78 106 18 214 222 194 253 196 1 79
    126 168 122 20 194 149 146 15 234 196 61 42 81 11 64 190 119 16 198
    156 249 207 224 197 18 28 131 169 14 215 74 107 150 204 233 66 31 17
    53 24 212 183 53 247 74 145 213 34 213 138 118 84 27 80 132 200 101
    82 178 48 175 26 33 190 97 134 230 130 87 232 54 5 244 115 87 100 36
    95 92 171 19 52 144 21 240 75 158 122 167 208 133 70 123 113 235 24
    39 24 189 95 10 72 125 175 92 146 13 21 27 29 242 224 83 240 197 208
    11 187 58 26 186 1 201 54 17 99 186 149 255 187 230 251 185 151 169
    238 149 93 25 107 223 169 72 69 12 247 67 12 184 214 84 114 252 107
    134 105 246 42 229 60 32 41 111 73 211 16 44 53 217 31 93 241 48 4
    235 178 5 180 170 81 79 240 3 7 22 135 184 198 87 86 170 180 141 251
    39 54 247 25 188 194 33 173 176 57 18 247 207 227 56 13 11 200 217
    11 61 116 101 158 90 10 107 42 94 182 238 98 116 172 29 72 56 88 85
    123 116 180 41 14 182 31 143 238 170 135 96 214 223 194 103 174 212
    113 45 189 18 34 23 3 89 40 245 154 95 43 20 5 20 76 52 74 186 128
    79 61 139 254 157 73 107 229 68 129 33 160 33 22 129 196 182 187 0
    158 86 108 246 180 131 82 231 239 184 105 170 185 220 199 117 84 199
    241 18 220 12 106 29 134 126 160 133 43 200 178 88 113 3 142 6 164
    253 178 211 57 135 203 206 227 35 143 21 245 142 221 183 231 85 35
    120 43 217 190 249 18 23 133 29 172 149 187 174 62 154 41 240 45 253
    248 38 85 15 153 158 240 83 158 166 64 163 128 126 61 195 122 126 33
    40 251 8 146 146 25 205 220 183 81 113 57 209 82 45 75 112 15 239
    135 215 111 197 87 198 194 176 25 160 45 17 112 96 65 154 88 136 17
    155 160 226 166 57 164 27 232 37 83 114 5 35 206 205 155 40 176 166
    84 46 77 144 117 56 62 228 69 243 252 194 0 250 68 3 91 23 117 16
    252 187 43 215 166 77 97 196 153 223 85 9 31 202 232 143 145 98 240
    115 110 18 190 194 203 214 12 166 230 62 94 180 119 244 160 105 142
    135 4 127 217 73 249 8 13 164 222 160 222 39 10 98 159 236 113 61 67
    216 39 23 167 239 66 172 202 70 216 117 43 97 148 0 19 31 59 107 157
    114 144 27 69 4 150 164 240 155 56 113 26 252 45 208 208 198 122 146
    52 76 190 190 161 229 11 187 66 30 247 35 83 139 250 15 73 215 247
    87 169 79 101 10 47 88 168 61 246 86 83 200 81 225 54 0 107 118 120
    232 11 57 10 119 186 189 152 45 25 184 139 45 1 30 5 130 99 48 55
    149 126 83 80 122 27 102 33 4 7 136 11 211 1 102 200 249 76 204 44
    32 189 90 173 109 197 255 146 222 176 68 125 190 239 66 154 33 103
    143 114 177 212 49 221 110 11 217 39 46 7 119 180 179 50 99 143 14
    50 136 135 140 248 42 99 233 88 173 203 210 194 168 247 202 46 31 23
    248 192 46 26 163 96 231 237 240 149 233 142 248 184 222 54 183 205
    216 149 96 39 68 207 92 203 210 181 178 221 129 147 45 185 237 170
    141 247 2 85 135 208 76 161 181 70 77 109 99 28 82 130 171 81 138 38
    206 33 113 62 29 134 143 55 225 130 40 2 135 235 113 35 222 47 217
    48 150 219 255 223 147 20 50 59 23 250 77 255 14 214 210 45 200 135
    8 136 203 61 127 243 49 221 188 24 75 37 25 212 66 140 217 239 242
    224 167 193 168 130 176 48 183 167 142 204 255 94 174 229 173 43 170
    150 142 102 214 231 6 20 21 87 10 53 220 43 171 235 4 241 56 133 241
    34 242 77 116 182 119 65 32 219 93 108 202 29 196 179 48 9 250 74
    139 107 116 16 223 189 12 18 233 130 194 115 40 8 17 191 8 226 234
    62 83 187 213 99 91 137 58 76 63 84 156 243 107 60 28 6 131 128 8
    155 246 139 49 230 44 57 240 126 142 62 139 108 41 129 171 134 118
    171 254 127 10 210 226 128 175 121 170 156 254 18 196 2 94 232 110
    67 101 15 2 200 110 204 71 127 24 11 226 93 228 200 115 139 154 62
    92 228 18 178 240 182 101 210 35 90 118 191 4 176 30 34 173 123 234
    29 7 233 165 1 93 95 84 119 216 210 168 219 191 12 1 117 62 76 251
    249 75 241 4 55 88 197 95 11 178 38 17 129 25 241 119 173 157 168 59
    51 83 114 99 81 23 11 52 95 156 209 231 41 122 129 211 90 22 48 254
    140 122 197 3 76 115 12 67 191 34 111 114 40 226 204 72 216 76 70
    234 28 10 55 198 120 85 33 135 182 36 25 52 100 145 1 158 208 155
    106 161 124 42 212 249 120 219 194 255 181 95 71 141 149 212 91 252
    194 12 119 144 191 247 10 183 2 164 84 240 152 32 185 28 161 142 75
    229 137 73 149 90 211 210 85 244 67 226 165 93 128 99 103 82 63 70
    212 10 45 171 222 36 61 105 120 79 69 138 42 205 5 105 45 163 252 11
    146 102 227 80 151 45 26 211 132 127 64 45 111 168 6 196 63 49 152
    98 27 70 149 153 92 7 50 130 169 128 95 243 105 21 84 80 102 56 104
    144 127 254 224 240 28 198 126 160 50 44 10 22 42 157 109 183 124
    177 196 0 9 126 181 151 254 35 202 217 95 4 112 44 149 168 163 252
    208 185 88 40 116 203 127 18 252 191 87 189 139 85 160 197 66 252 40
    38 93 162 9 27 220 117 14 250 182 181 128 151 149 103 146 171 36 222
    91 186 40 233 186 255 119 183 6 27 116 147 123 13 96 209 154 20 57
    91 183 64 33 176 114 46 210 74 120 185 5 189 90 202 8 198 185 14 11
    214 8 171 176 58 27 124 146 67 237 247 69 53 173 249 117 0 196 160
    101 225 189 122 210 139 85 37 197 2 30 218 164 104 237 202 219 150
    156 48 220 209 33 129 20 2 194 19 93 141 134 44 9 83 248 186 162 24
    52 168 54 120 188 108 222 177 63 170 147 77 89 135 151 188 193 246
    99 201 232 195 180 238 158 19 53 244 202 22 5 220 111 228 136 200
    201 65 92 90 107 145 248 223 146 206 230 168 101 201 4 250 52 87 182
    169 9 15 23 237 92 187 128 61 143 240 8 81 145 162 53 150 65 38 58
    100 86 200 184 90 129 59 12 255 175 174 53 166 41 128 10 189 87 5 61
    85 70 213 44 61 231 158 28 89 85 30 189 170 198 216 114 243 182 133
    156 186 142 36 176 245 203 45 236 250 189 195 35 254 241 169 237 248
    40 105 193 226 252 114 116 57 10 117 235 142 171 121 162 88 76 94 18
    111 28 107 214 155 239 78 101 233 39 208 106 215 55 37 152 156 108
    137 195 53 76 76 54 193 4 28 119 38 46 21 213 16 34 135 34 251 203 4
    76 107 126 82 79 96 201 40 14 53 140 3 47 171 253 33 28 145 29 25
    129 167 31 97 155 74 29 82 176 145 82 107 32 118 129 201 57 122 170
    26 144 39 156 51 214 64 178 189 20 88 191 206 216 211 104 215 214 92
    169 30 184 69 17 171 170 138 166 226 156 63 218 183 24 69 77 56 102
    238 237 7 184 141 47 4 194 38 162 181 48 164 31 75 152 8 173 195 216
    94 86 53 12 80 245 208 61 165 54 142 35 110 173 60 233 252 226 252
    243 4 218 216 49 173 117 93 66 157 234 17 122 206 217 107 199 246
    192 130 31 77 135 166 89 79 136 85 233 210 101 110 155 146 210 162
    36 165 30 114 62 174 207 112 24 186 106 24 125 172 111 179 223 131
    129 212 181 0 240 140 232 27 67 164 86 53 45 133 117 6 216 190 227
    68 223 110 30 1 74 65 191 99 56 237 3 158 23 230 101 178 205 207 217
    224 0 72 80 108 230 125 5 217 101 116 137 206 56 169 175 136 173 144
    93 242 204 145 185 93 234 60 220 216 79 217 161 172 49 23 24 42 13
    100 95 202 48 178 111 43 145 10 84 2 148 114 44 211 153 179 185 4
    156 135 35 55 156 177 205 104 138 86 148 174 157 246 217 144 3 71
    208 100 180 243 204 105 21 220 78 31 71 118 244 159 127 57 31 203
    149 201 209 203 201 9 202 207 157 207 201 37 185 255 77 126 163 100
    28 100 40 205 158 10 198 198 118 113 171 205 136 34 94 82 253 243
    240 165 94 245 230 28 136 114 245 132 8 247 95 40 27 113 46 188 154
    210 89 116 209 93 85 2 78 80 224 25 216 147 70 23 114 4 46 239 12
    101 36 194 161 99 99 14 63 123 75 56 1 6 17 206 201 174 210 74 148
    18 29 233 230 149 76 148 82 175 157 254 163 120 242 17 133 140 36 7
    174 66 231 231 174 17 145 125 5 111 52 204 154 229 249 228 120 225
    120 12 51 255 124 214 253 225 55 249 216 221 212 221 136 10 239 197
    110 37 254 90 231 148 105 92 8 226 202 53 76 22 235 72 173 31 172 19
    108 239 65 255 223 187 209 22 161 167 64 59 188 163 25 160 145 103
    11 208 135 153 110 25 230 195 168 29 198 9 157 138 132 201 102 121
    229 94 216 123 109 230 58 43 89 109 84 60 236 115 104 76 68 133 125
    194 56 156 68 25 108 131 121 243 55 159 166 144 143 125 183 120 203
    111 47 167 108 132 26 128 223 73 242 26 21 136 34 114 111 211 69 191
    209 229 124 120 44 206 170 193 180 229 17 112 184 0 161 239 121 69
    134 121 192 207 66 229 220 135 11 97 253 223 114 173 225 201 121 200
    38 33 101 60 150 156 134 50 58 12 75 27 162 210 237 121 51 86 20 156
    189 171 234 10 71 37 114 32 31 244 238 103 247 34 213 178 39 27 107
    176 8 230 178 115 58 133 253 186 229 150 228 193 189 89 247 168 212
    12 230 42 117 241 247 207 53 41 116 239 116 203 47 140 173 160 75 79
    218 48 155 2 118 28 127 160 34 187 137 192 69 86 192 97 93 39 144 0
    92 8 136 235 107 177 187 253 223 104 172 180 240 252 55 136 76 115
    68 103 123 220 14 5 76 15 65 192 44 163 16 20 237 4 3 186 48 238 205
    80 90 217 88 157 51 204 7 125 74 187 103 39 0 114 239 231 53 179 166
    220 41 227 196 104 153 218 152 176 6 98 193 107 240 243 47 153 157
    92 195 119 131 183 161 177 63 189 168 255 193 102 136 132 78 107 122
    38 111 79 254 80 77 38 72 188 224 176 30 149 115 12 78 239 21 157
    196 144 171 30 167 152 63 164 218 87 91 121 151 3 119 126 111 18 225
    150 7 65 223 122 228 164 230 125 97 80 9 8 255 66 104 36 59 62 135
    74 243 67 44 210 228 24 20 189 239 16 84 244 139 95 0 120 12 108 25
    237 139 239 24 195 21 114 188 196 126 10 214 183 237 103 52 88 56
    149 212 147 227 23 83 74 238 66 179 97 164 141 135 116 40 206 43 19
    56 177 71 157 25 195 180 205 37 175 45 196 131 50 25 14 238 118 254
    95 227 149 44 10 215 235 167 203 130 17 138 64 169 14 165 238 130
    169 74 185 57 226 224 170 127 22 250 59 145 40 109 69 53 200 203 154
    23 65 192 186 226 45 115 135 114 173 244 196 166 250 8 243 235 200
    31 53 59 154 114 99 82 201 39 132 74 56 6 232 214 20 96 130 47 12
    121 145 27 3 111 132 237 216 63 147 210 117 33 236 7 32 87 39 0 215
    125 201 176 138 53 152 19 71 109 11 41 174 7 46 197 89 210 99 28 135
    12 91 113 153 109 39 156 95 184 127 247 255 204 23 14 193 161 246 43
    113 128 89 236 22 153 199 27 217 230 233 72 34 45 192 111 187 142 8
    1 142 187 234 13 83 201 165 10 22 206 64 136 207 204 247 115 100 145
    243 206 41 31 206 94 116 69 224 149 31 186 25 105 171 161 242 116
    250 99 255 60 86 151 145 97 169 174 134 230 200 96 2 41 88 173 72
    246 165 66 76 202 137 204 46 146 242 239 207 160 171 125 57 188 131
    75 222 198 211 232 165 239 9 72 74 250 113 91 93 219 79 52 135 151
    131 89 172 112 176 167 134 143 152 121 174 223 12 132 108 237 188 52
    42 53 211 172 138 102 73 102 187 197 18 245 70 121 104 9 184 172 219
    90 6 113 199 74 196 10 21 5 41 241 187 36 45 235 158 51 216 192 217
    20 88 204 75 237 232 31 220 50 122 38 36 157 134 133 162 247 50 247
    87 202 26 192 120 33 107 224 158 59 242 104 200 199 5 92 200 203 120
    36 96 176 250 98 0 17 254 90 217 6 123 93 172 215 23 122 203 68 80
    11 247 132 23 136 108 70 24 117 119 255 186 110 37 130 238 59 201
    246 32 222 207 67 78 26 53 162 159 90 51 42 132 162 121 116 233 151
    1 158 136 182 24 85 255 99 62 38 203 135 97 149 243 183 93 197 213
    160 116 49 241 79 143 180 14 141 199 205 28 119 225 42 118 191 78 21
    19 38 189 224 215 101 115 200 198 1 188 166 87 16 35 58 228 178 200
    195 219 133 129 97 253 210 146 188 39 179 36 136 1 2 45 24 76 186
    204 83 87 65 48 2 173 70 211 108 199 243 71 243 85 25 150 131 78 205
    125 175 111 44 27 23 20 252 188 138 116 160 49 0 234 142 18 150 222
    50 196 229 190 249 126 255 223 48 27 122 190 106 153 79 179 56 112
    59 243 196 140 97 8 25 26 89 125 152 67 218 6 164 198 159 8 65 82 16
    233 160 68 206 168 29 19 250 33 175 148 253 120 10 40 107 10 164 11
    117 216 152 67 137 127 194 103 207 196 46 161 164 217 126 189 238 35
    200 128 170 63 10 141 134 0 189 80 255 176 84 184 55 157 205 216 196
    24 29 167 111 162 47 146 36 214 11 69 11 161 228 102 129 27 223 251
    30 236 223 62 42 83 175 44 208 251 80 240 31 47 16 88 14 201 133 60
    64 192 209 121 156 217 250 105 21 48 121 73 93 64 68 80 118 18 177
    189 207 88 238 11 239 6 139 190 164 140 127 125 13 199 128 111 178
    112 231 53 157 153 141 51 30 69 216 223 198 61 141 165 131 235 50
    243 196 173 215 174 109 33 177 203 80 176 55 240 230 218 145 148 109
    236 228 204 176 120 68 223 132 71 89 45 77 116 34 158 206 9 63 227
    94 148 75 212 153 123 211 244 112 199 147 201 223 152 223 135 69 72
    52 49 98 194 186 72 190 82 76 6 212 163 67 118 168 225 70 126 171
    151 15 19 149 252 203 59 246 79 204 203 161 172 109 48 224 100 74
    135 182 205 0 16 123 252 144 98 122 43 23 69 43 189 82 235 58 146
    247 168 236 143 176 103 44 143 123 3 182 83 146 43 144 54 65 55 150
    92 86 120 36 123 172 103 232 48 233 98 233 99 166 56 34 103 100 61
    251 100 27 194 44 122 108 106 97 99 138 136 3 213 232 173 69 90 157
    173 161 211 173 89 161 243 155 110 199 96 228 228 245 51 148 70 20
    177 34 17 229 178 50 78 168 101 34 152 152 106 212 78 189 239 115 72
    107 192 49 14 253 37 242 19 6 9 45 235 87 49 17 182 52 110 55 19 128
    38 34 95 214 117 91 120 221 255 14 190 219 220 161 189 164 232 237
    58 143 68 130 38 78 11 240 129 107 86 73 101 121 120 158 187 173 159
    198 220 12 29 5 9 115 219 121 240 97 59 172 246 102 108 193 187 83
    155 199 142 126 8 92 28 193 199 87 100 99 158 172 25 205 90 169 5
    220 103 19 192 108 153 141 182 234 29 179 255 61 9 45 255 93 200 76
    184 99 154 209 66 43 85 249 67 173 141 13 242 235 206 206 105 104 6
    167 154 88 3 51 92 148 66 233 252 62 21 176 49 43 102 154 72 209 128
    78 136 57 104 184 32 18 234 182 249 181 217 210 167 114 135 31 246
    44 49 104 54 233 107 149 19 110 186 170 7 47 108 211 214 107 177 24
    86 31 81 58 11 121 101 196 79 2 8 148 76 146 24 185 114 132 201 235
    213 228 162 223 112 233 235 71 170 155 234 213 170 43 241 89 239 176
    148 5 201 61 68 34 2 146 111 172 251 17 139 225 106 140 94 211 10 12
    203 234 117 68 4 37 10 194 191 149 99 61 28 117 161 250 63 19 4 104
    155 149 37 91 242 124 85 118 229 113 153 54 206 31 37 203 68 19 100
    227 49 80 22 248 45 85 114 98 234 197 13 142 225 91 32 164 221 29
    235 10 26 158 70 106 8 180 226 152 247 217 128 25 254 129 93 83 167
    113 41 145 183 63 130 195 155 89 135 132 120 7 172 119 19 162 167
    202 156 246 242 124 194 136 196 107 157 172 120 71 173 136 155 112
    83 215 207 11 125 16 3 169 50 65 182 251 16 179 135 111 4 17 147 90
    43 73 118 229 101 98 84 182 181 78 183 174 178 246 242 29 232 79 31
    240 109 160 66 4 69 53 81 234 39 93 226 134 195 104 175 102 192 48
    39 11 226 129 53 250 3 51 192 104 232 240 154 211 78 66 227 157 107
    63 233 187 108 27 19 103 193 82 38 128 175 230 242 140 3 139 8 58
    230 204 130 56 53 152 57 63 158 37 244 193 65 5 71 141 25 226 225
    250 51 72 105 140 172 124 222 82 229 36 100 29 137 13 229 28 28 205
    101 222 192 227 52 196 74 213 13 2 115 196 127 89 81 14 65 170 138
    209 204 35 35 187 23 129 157 32 160 80 52 241 175 174 57 158 33 231
    197 235 236 216 170 48 11 214 69 223 114 44 103 62 95 194 200 142 77
    187 230 80 243 238 218 157 5 220 53 89 160 180 126 230 41 50 175 202
    239 161 216 154 117 168 114 249 169 7 147 120 132 126 48 30 105 71
    58 102 71 217 1 240 215 182 179 186 49 129 96 250 127 82 214 17 187
    209 82 220 222 140 168 120 119 35 88 117 70 144 114 34 46 37 73 105
    21 193 245 61 146 151 136 183 51 204 246 246 113 119 34 113 131 153
    212 139 20 15 158 202 233 230 133 167 254 105 89 163 97 144 112 189
    171 55 129 12 138 65 92 136 245 51 9 222 132 233 249 224 167 15 221
    157 72 0 243 35 116 24 103 203 131 31 228 87 222 32 148 21 88 228 91
    156 20 203 121 43 24 103 214 189 118 15 79 29 176 241 49 142 166 89
    38 245 235 73 232 209 78 158 55 206 7 90 35 225 25 42 228 46 254 77
    170 127 255 234 202 71 209 98 91 159 135 9 214 159 36 145 204 190 37
    132 249 194 53 227 249 49 236 93 189 149 40 99 66 2 21 222 252 122
    23 171 30 153 217 254 72 177 1 127 74 171 121 245 47 101 93 246 174
    198 98 26 30 135 106 158 41 26 98 204 255 76 168 173 132 67 76 159
    89 185 248 220 71 251 196 64 7 240 158 41 60 242 143 47 22 241 108
    107 89 38 6 38 102 13 37 237 91 87 154 216 101 55 43 179 90 95 2 2
    34 194 219 83 16 135 249 250 54 30 60 91 116 239 177 130 228 10 146
    144 58 85 195 44 176 8 14 255 211 182 160 50 201 124 60 126 26 213
    45 241 159 59 3 65 61 239 47 104 23 42 114 210 195 197 109 103 231
    214 211 220 162 173 134 155 20 84 106 169 77 255 103 100 43 180 6 52
    113 70 226 255 186 211 86 128 47 195 45 218 247 176 73 69 103 201
    171 220 102 62 34 169 189 240 142 218 177 139 52 203 220 126 146 238
    119 64 249 21 229 134 76 76 61 187 209 178 105 238 153 141 72 95 116
    32 112 191 108 1 224 143 80 216 132 242 74 4 12 32 246 134 131 143
    31 251 241 29 216 191 92 31 217 219 1 171 72 31 232 214 103 53 182
    65 152 255 131 196 239 140 32 31 116 118 39 195 29 186 20 135 24 9
    42 237 152 41 14 133 216 217 6 15 178 180 177 153 125 64 50 176 31
    17 180 220 55 247 36 43 111 3 154 239 157 141 127 117 14 198 186 196
    149 207 69 169 194 96 113 200 87 88 188 16 149 143 77 69 58 213 115
    113 66 14 118 38 138 98 98 8 35 27 53 117 72 251 79 187 131 32 173
    71 178 202 54 94 201 55 214 117 37 81 196 63 203 45 108 171 133 67
    186 178 127 80 89 31 91 244 47 72 165 5 42 198 228 91 110 127 97 137
    30 229 68 87 195 4 230 4 75 242 112 141 11 131 81 129 170 207 185 3
    174 214 205 72 36 154 126 218 50 96 3 148 246 214 131 6 229 114 89 3
    40 97 153 221 44 191 167 164 80 240 50 208 78 153 71 24 239 12 44
    183 221 77 21 255 221 136 244 38 254 155 57 212 194 219 219 42 250
    246 28 133 88 237 185 135 82 82 201 93 101 166 126 186 133 207 24
    105 181 104 204 81 223 36 239 192 24 244 204 110 38 66 102 163 65 67
    95 112 0 73 45 94 18 246 195 183 223 159 34 115 221 148 140 244 146
    84 24 21 31 129 186 104 74 211 77 26 100 122 132 52 236 91 159 96
    180 50 199 216 173 228 97 184 195 123 11 192 146 187 24 1 185 118
    169 238 114 105 31 76 128 119 126 105 85 114 120 185 5 249 34 180 89
    68 192 99 3 146 134 248 60 210 48 247 14 81 249 86 220 20 60 66 31
    244 228 104 212 32 53 255 178 9 169 93 144 223 162 209 218 93 20 12
    71 169 6 109 97 202 232 81 152 221 243 104 248 59 14 128 249 122 141
    233 221 151 137 205 239 72 248 150 213 117 8 44 124 225 182 231 28
    220 142 142 46 247 73 252 86 35 10 100 159 194 223 202 164 174 36
    195 127 62 15 110 171 104 64 88 142 60 205 47 240 134 245 8 10 190
    48 48 0 93 139 56 189 200 35 44 166 240 94 69 213 48 109 160 166 109
    214 29 186 250 50 126 205 214 168 165 68 77 125 178 98 229 38 242
    145 112 109 144 34 28 79 13 48 7 100 133 191 198 103 54 165 142 68
    180 145 98 52 181 118 249 167 190 23 254 201 203 169 192 177 155 77
    5 168 185 160 187 138 183 143 241 98 178 127 148 116 231 85 239 55
    96 105 119 26 130 242 71 91 201 250 63 27 205 211 118 150 62 71 108
    166 14 33 242 137 152 206 17 90 234 145 195 4 130 190 254 192 103 90
    60 228 238 238 208 3 7 90 116 44 162 146 200 174 95 25 132 149 189
    79 215 220 80 50 191 44 204 42 196 103 19 221 206 61 159 182 223 157
    50 83 109 227 255 101 215 171 114 209 38 1 193 123 52 176 112 92 133
    155 88 101 99 144 249 176 138 219 57 63 38 135 188 58 221 173 74 131
    173 111 127 28 92 30 14 248 42 70 145 218 125 20 176 156 42 254 130
    45 113 139 175 67 123 80 185 124 70 135 68 193 142 194 41 160 58 193
    58 148 251 22 155 219 204 149 116 237 91 92 164 174 58 137 203 42
    192 65 165 0 22 151 161 70 121 169 199 190 46 113 155 219 234 222 41
    212 255 40 98 219 75 79 46 116 173 131 171 114 235 172 219 62 80 46
    123 13 5 31 93 76 151 208 239 133 104 169 62 224 247 81 111 240 239
    242 72 190 39 74 196 222 111 195 118 92 169 223 141 2 238 9 74 19
    223 127 199 102 3 188 211 188 217 55 98 210 197 248 241 224 92 36 38
    57 42 27 83 232 92 103 129 205 61 166 244 130 221 83 35 130 140 43
    48 249 192 73 95 50 242 126 34 233 214 83 215 80 5 45 146 65 174 78
    190 81 192 52 68 246 45 233 148 73 235 143 223 94 47 250 146 131 250
    3 15 112 52 204 60 217 238 96 206 12 32 131 198 140 229 152 193 149
    73 178 142 184 140 210 180 141 179 76 232 153 72 122 51 170 211 196
    67 251 55 76 188 130 181 28 5 234 210 230 158 5 207 31 21 204 249
    158 132 133 177 127 214 157 54 249 202 131 169 126 166 225 246 144
    224 150 149 245 47 148 227 30 210 175 232 36 183 49 183 63 4 68 53
    253 12 115 39 88 109 110 134 152 134 130 67 12 77 234 254 24 208 93
    104 219 129 61 200 156 124 184 29 127 92 246 13 148 206 119 185 106
    108 135 215 127 54 39 220 178 204 220 5 146 84 19 67 156 29 19 94
    186 209 161 187 12 239 108 16 14 51 154 238 73 1 36 36 145 189 62 70
    193 78 125 67 204 226 246 181 53 218 255 70 239 62 224 114 40 82 195
    126 40 92 164 227 66 172 211 92 95 215 223 172 151 49 109 179 129
    251 61 96 94 235 107 69 206 107 178 203 121 156 172 79 224 47 143 92
    163 112 126 18 203 16 94 152 81 58 15 48 135 116 213 41 28 105 58
    210 177 19 99 243 113 219 231 238 8 132 190 99 98 4 36 184 53 84 241
    131 107 69 153 62 49 140 28 245 25 104 23 210 163 20 3 6 65 137 241
    52 158 248 86 62 15 233 195 131 244 151 236 7 127 181 211 18 117 93
    101 85 199 166 38 243 74 208 201 151 9 103 110 215 133 152 144 194
    134 175 68 182 216 237 53 109 229 125 253 151 225 194 216 52 239 211
    150 100 234 198 233 36 124 72 47 222 90 101 48 17 84 149 176 91 7
    117 252 14 221 11 193 36 238 52 12 41 132 56 40 13 81 62 183 1 231
    250 242 200 38 19 8 89 21 150 239 226 205 217 230 33 40 19 194 166
    124 63 181 40 173 187 218 15 157 229 43 36 232 129 133 12 76 70 159
    249 131 146 64 81 252 124 123 13 27 2 247 120 189 125 62 139 104 123
    164 75 78 76 52 54 87 55 25 248 40 228 91 140 92 61 64 219 137 191
    252 41 109 251 68 17 65 56 119 250 195 111 39 196 89 73 161 69 87 14
    200 26 22 177 74 124 88 220 200 187 116 197 61 245 17 167 106 37 7
    170 197 55 216 238 122 98 95 40 104 160 113 202 142 226 54 58 57 247
    3 149 187 72 61 162 109 229 10 168 144 167 76 114 147 101 47 123 39
    96 37 250 62 65 178 34 139 171 5 91 237 186 105 192 12 252 1 88 3
    142 22 150 211 107 225 197 110 210 248 105 200 33 14 118 230 242 152
    138 220 90 253 152 41 29 147 246 40 80 120 255 104 43 166 234 40 185
    154 211 73 199 8 78 42 76 146 1 13 11 45 93 231 146 193 96 220 198
    146 236 249 83 154 110 4 87 48 200 70 214 198 56 96 214 251 105 58
    46 108 128 235 113 38 209 68 237 235 54 100 152 133 112 17 199 4 165
    179 161 119 45 219 6 71 221 59 28 105 32 8 132 30 219 17 26 166 185
    217 104 60 51 110 228 85 22 143 171 114 15 168 189 172 200 244 73
    106 31 104 71 101 170 4 193 160 67 45 100 36 212 119 202 208 220 184
    181 116 71 35 50 62 187 198 63 185 225 12 173 50 172 42 192 189 99
    95 122 11 232 39 9 223 6 171 3 222 110 24 10 214 197 4 52 174 167 37
    234 191 87 148 187 192 190 201 52 149 218 203 187 174 171 89 129 94
    250 210 64 25 7 161 73 133 97 12 92 47 120 83 129 247 167 144 201
    166 246 204 235 199 223 179 191 97 164 50 203 1 167 80 171 91 72 6
    184 119 145 191 58 124 90 121 39 163 157 55 22 41 135 134 57 152 131
    40 86 60 125 169 226 32 173 93 171 248 115 72 98 193 157 226 75 189
    82 169 195 85 165 181 221 214 206 175 173 0 180 131 211 213 89 46 38
    240 214 19 171 148 144 251 228 17 118 14 213 56 150 116 78 141 73 8
    45 20 197 139 244 126 156 67 166 216 202 78 36 1 31 232 175 251 234
    130 95 4 171 85 2 247 179 21 139 78 30 126 103 137 207 182 92 201
    227 120 128 194 174 46 229 178 197 186 111 103 135 203 140 187 184 1
    188 8 144 14 41 110 240 140 36 76 52 94 209 181 4 13 62 234 71 230
    192 233 70 144 53 17 185 116 201 150 213 64 57 206 78 102 242 16 186
    175 52 236 149 208 56 25 103 75 154 134 212 15 254 91 95 103 190 159
    40 173 255 176 92 61 179 193 188 124 2 199 213 44 111 74 195 206 20
    8 53 158 240 110 158 213 117 177 145 3 173 141 66 78 232 117 108 68
    247 44 209 173 8 74 178 73 152 169 29 116 11 95 157 69 242 115 53 16
    48 206 252 137 159 105 36 117 141 175 52 52 28 170 61 167 82 112 181
    144 223 62 225 135 40 75 81 119 120 65 217 219 169 66 10 107 139 220
    245 26 242 207 229 119 10 144 23 69 199 207 89 102 215 1 213 231 97
    144 49 141 174 231 115 15 125 80 220 137 211 151 122 139 196 23 29
    38 222 5 209 253 153 179 6 102 75 133 127 244 9 247 235 181 115 52
    15 204 66 40 151 218 19 90 152 156 130 108 110 111 106 224 30 74 139
    82 34 44 27 62 88 63 138 11 232 52 199 252 233 145 134 185 43 96 37
    223 236 175 35 50 233 152 228 133 181 16 6 44 66 65 20 7 74 217 245
    69 213 122 181 254 98 168 217 247 5 90 187 49 197 172 180 84 64 190
    147 186 26 47 60 144 220 55 228 100 214 70 134 157 171 151 35 53 74
    35 225 106 35 162 46 208 78 111 199 96 34 60 232 165 173 169 138 100
    89 150 125 135 223 131 114 117 175 153 188 222 52 178 193 110 127
    237 68 78 29 117 49 156 115 241 65 112 139 125 182 77 254 85 190 149
    132 157 142 249 59 170 45 27 139 106 34 183 24 226 27 113 120 204 4
    201 86 105 121 180 99 203 146 255 156 136 194 100 32 39 167 224 114
    78 62 109 103 180 172 244 157 73 203 239 14 123 79 30 169 135 171
    172 25 40 37 76 105 40 141 21 141 8 210 97 187 241 27 211 30 115 115
    17 230 112 32 133 171 132 115 104 137 179 254 143 182 195 97 107 108
    108 237 5 107 76 233 194 239 213 190 81 47 13 3 233 172 205 13 94 99
    51 92 34 230 243 10 232 191 76 171 67 52 237 99 175 183 19 13 128 98
    197 63 219 175 251 28 57 145 146 35 189 182 4 35 230 5 220 99 184
    105 111 98 174 40 90 147 182 46 135 145 84 159 186 213 239 16 155 95
    122 204 173 53 82 15 153 45 212 247 34 98 110 59 152 228 243 8 42 92
    247 101 147 84 82 11 89 7 250 226 12 68 125 160 237 182 67 241 24
    227 86 212 38 125 20 242 3 85 117 203 13 69 242 16 116 196 169 181
    154 109 149 136 99 71 72 248 168 166 61 164 143 249 246 245 191 112
    157 175 40 109 69 116 121 188 16 171 138 51 17 50 70 243 114 160 68
    162 88 151 176 184 137 154 111 157 224 209 238 193 212 235 72 45 102
    146 71 29 233 4 109 213 221 225 227 136 201 190 152 245 178 214 244
    217 97 1 142 102 90 184 78 14 122 247 246 241 67 166 63 26 191 144
    232 96 89 173 132 121 108 123 24 77 208 52 26 240 138 78 101 77 228
    69 31 32 222 52 105 183 128 42 86 11 16 126 40 235 99 100 67 105 238
    168 218 172 219 252 131 216 227 49 116 137 17 53 167 78 196 62 135
    200 164 180 15 193 18 38 73 180 65 119 57 222 43 76 47 231 82 76 97
    144 18 193 173 92 113 130 227 79 17 17 3 6 237 107 95 100 223 83 158
    255 147 206 212 67 217 150 64 40 54 195 9 38 182 11 50 196 86 183 40
    91 236 122 232 122 29 21 24 237 249 175 109 84 213 51 135 35 116 143
    157 23 195 60 161 170 127 68 175 247 131 60 13 253 109 36 87 189 9
    14 180 156 86 84 72 164 228 199 143 12 247 185 85 200 137 46 59 18
    27 115 74 135 193 200 190 160 181 25 199 241 176 159 35 184 80 11
    234 174 212 123 196 82 130 220 89 186 105 185 9 140 237 10 161 72
    114 44 163 237 196 208 11 9 206 221 222 18 179 3 243 26 3 241 69 107
    238 170 206 142 125 8 197 136 148 61 57 67 104 97 25 207 207 30 113
    225 208 30 26 115 7 12 189 136 21 251 95 160 229 236 156 8 217 128
    157 197 235 26 188 150 54 113 56 169 203 218 113 46 246 160 28 252
    141 55 241 4 5 219 20 178 73 100 137 200 13 114 205 9 14 60 203 64
    99 54 29 129 32 86 94 224 19 2 18 238 49 95 193 7 118 15 73 225 106
    124 100 51 65 105 150 6 174 81 105 125 83 210 232 80 206 100 120 214
    101 46 215 156 51 155 45 106 146 19 113 250 90 178 224 42 49 83 193
    152 148 125 92 213 11 63 186 245 99 37 67 154 215 3 187 7 211 137 74
    111 250 16 162 134 174 27 87 184 54 181 123 197 173 253 244 40 39
    141 191 28 105 18 98 223 26 2 171 2 104 116 130 201 55 23 75 186 250
    114 218 18 207 10 44 103 134 195 31 83 117 171 224 217 245 75 123 63
    64 79 195 5 253 1 150 127 243 140 122 153 177 99 209 246 254 16 31
    51 132 217 162 48 11 76 137 121 10 7 164 101 221 61 114 72 36 243 85
    182 122 7 127 88 0 226 176 76 190 204 31 90 143 209 139 142 159 155
    22 21 199 79 108 111 65 50 129 187 149 157 134 11 215 92 177 87 165
    8 235 47 245 173 42 17 83 24 179 130 232 164 121 210 67 5 92 23 188
    18 56 127 32 93 90 122 106 213 200 31 238 41 28 148 195 26 181 173
    119 105 9 224 88 152 226 72 153 146 172 16 134 116 195 245 43 174
    215 188 189 161 174 59 63 27 1 122 54 97 245 39 250 245 198 38 201
    228 42 84 27 3 56 11 207 244 166 86 56 167 3 197 244 97 158 214 164
    129 41 220 78 15 60 62 7 124 244 209 245 36 150 73 29 5 12 44 91 22
    241 255 129 157 43 14 11 247 140 30 59 170 125 54 35 151 226 227 72
    171 192 213 38 120 119 159 134 246 194 158 185 171 144 174 114 110
    138 216 242 197 115 69 74 10 156 116 3 95 162 97 153 232 230 85 192
    185 76 123 227 119 97 134 101 83 153 209 15 3 104 91 50 90 48 223
    224 64 182 101 95 67 195 67 195 28 177 39 39 121 189 72 84 56 87 220
    106 63 102 217 106 133 69 41 216 21 54 215 194 243 188 26 79 58 21
    219 18 127 191 191 43 188 127 21 23 248 71 237 240 166 66 132 56 206
    81 108 123 7 251 93 158 237 1 40 142 214 251 51 177 17 141 239 217
    250 81 238 1 177 232 222 108 186 227 31 50 169 185 168 238 115 233
    149 43 52 35 222 111 241 128 90 122 118 33 48 103 33 233 129 167 120
    11 106 131 78 46 139 217 24 62 249 198 53 103 156 131 138 63 3 31
    200 243 72 74 42 177 106 249 126 58 13 146 76 32 2 57 101 161 231 44
    208 137 153 27 218 124 123 128 27 88 233 217 101 221 107 19 7 183
    255 159 207 40 83 9 57 252 31 180 213 195 219 186 55 155 103 129 60
    127 206 78 69 149 133 220 66 18 88 38 95 63 150 210 232 6 240 25 230
    174 89 21 200 185 228 119 147 196 179 175 99 202 122 158 131 216 206
    13 182 79 186 81 26 76 72 57 180 192 231 107 181 91 107 218 135 206
    214 94 9 92 73 53 251 166 163 45 162 217 104 133 5 253 97 109 113
    108 70 200 245 241 144 160 111 2 188 248 133 49 78 41 13 23 35 211
    180 231 137 61 174 238 7 238 1 114 27 230 76 118 58 135 48 147 223
    127 46 110 153 176 224 87 236 100 145 107 151 162 0 57 16 59 95 44
    88 57 198 207 65 131 154 77 65 189 69 215 189 109 41 55 43 61 82 23
    135 207 240 161 202 193 127 100 216 17 174 82 126 224 79 145 8 153
    30 48 170 110 65 172 9 159 217 34 77 187 65 7 29 139 190 133 144 31
    106 68 6 160 123 124 101 81 136 31 141 210 94 75 27 158 103 36 133
    35 236 215 241 54 254 121 120 145 222 225 171 144 199 103 194 81 218
    87 253 61 134 79 205 130 171 179 220 31 217 109 6 246 43 231 7 120
    219 205 220 56 226 27 134 225 150 120 199 175 31 122 8 217 31 133
    164 129 145 35 255 76 69 241 30 99 186 86 40 89 245 213 1 253 1 66
    144 237 164 99 192 60 194 226 198 17 245 76 29 148 16 211 111 119
    176 125 142 233 17 224 77 28 217 49 92 183 168 80 186 104 122 213
    158 111 69 241 86 231 197 157 235 76 82 218 7 171 201 137 129 44 115
    17 169 27 18 170 207 84 234 60 34 4 208 11 185 102 41 23 254 254 82
    117 149 7 210 148 168 94 147 176 43 251 4 127 245 236 34 6 66 71 119
    226 25 169 104 120 249 229 61 222 225 122 100 227 201 205 83 202 151
    105 211 136 39 205 115 34 199 199 35 234 87 121 9 15 82 5 193 71 231
    209 91 64 112 73 48 187 54 17 66 205 141 174 11 211 217 43 179 22 25
    52 3 252 84 229 111 53 9 242 27 32 186 144 185 139 9 155 32 37 71
    230 239 117 90 59 230 248 66 186 117 255 6 119 59 57 122 69 141 77
    217 171 232 41 141 176 38 107 117 51 32 89 148 68 219 88 9 45 239
    218 31 168 35 47 102 119 87 221 221 82 103 216 116 61 27 188 244 239
    57 51 139 178 131 139 246 137 18 43 245 165 231 164 114 218 73 95 7
    220 83 26 239 112 125 191 79 152 235 105 113 111 60 252 235 130 250
    132 152 254 215 230 220 85 64 244 177 213 181 140 107 153 39 204 97
    93 168 59 36 18 136 41 98 129 10 207 244 13 214 21 142 88 147 57 49
    37 31 171 60 102 125 145 61 189 35 28 146 124 172 34 182 234 32 66
    166 59 119 132 139 201 179 6 206 238 159 139 33 210 202 168 1 122
    179 60 209 109 30 105 2 3 244 152 158 101 31 106 79 84 186 239 79
    137 59 26 92 199 85 71 106 137 134 62 250 30 168 62 47 180 179 130
    117 152 6 182 233 166 192 4 215 21 237 43 88 206 57 19 239 164 78 77
    229 160 80 160 252 43 177 44 147 249 103 209 62 76 23 98 204 135 183
    117 131 13 2 253 96 33 178 90 58 16 214 153 134 21 220 80 38 32 19
    246 199 45 241 9 211 51 184 162 202 185 205 201 96 28 99 119 111 127
    41 189 103 122 253 199 222 166 4 117 0 114 71 65 18 239 89 173 250
    172 178 17 144 123 127 51 4 253 92 73 39 174 102 41 230 33 25 62 251
    253 214 116 218 181 154 153 171 156 81 54 89 40 207 121 89 129 69 57
    171 80 194 160 63 203 103 38 159 89 12 76 130 12 131 250 91 142 177
    196 214 187 78 124 15 206 29 150 5 231 21 26 58 0 255 192 140 29 158
    126 27 29 53 184 147 26 194 136 70 243 169 12 40 121 143 106 245 249
    148 66 121 226 27 121 75 114 3 184 10 120 59 195 38 117 165 140 240
    56 112 220 254 37 218 13 251 1 124 38 168 231 207 39 227 173 94 220
    217 215 105 18 124 162 180 210 30 101 67 68 140 182 113 121 108 118
    175 134 7 159 254 87 72 63 198 84 147 196 67 162 161 145 12 166 44
    199 199 196 33 22 173 54 136 226 66 59 128 168 180 226 214 140 47
    105 194 103 211 83 105 47 32 230 18 3 184 35 149 61 246 158 230 33
    189 17 189 44 63 151 161 115 123 130 176 109 211 213 192 63 133 26
    132 129 117 16 248 112 2 30 224 147 3 215 86 14 141 73 173 133 184
    19 209 251 204 229 179 76 242 194 73 178 4 120 52 49 35 214 85 76
    149 233 125 247 235 204 240 121 50 36 123 232 231 55 92 130 85 95
    130 44 155 53 74 116 182 90 239 193 74 156 252 54 179 157 148 184
    214 182 41 27 29 147 253 50 8 25 70 116 245 88 213 192 13 235 199
    182 202 162 230 158 130 103 235 214 3 23 78 113 120 82 25 2 9 85 73
    217 73 218 255 127 86 153 20 52 79 204 99 136 217 97 218 237 185 48
    8 143 199 229 86 221 83 72 237 30 219 232 76 3 251 79 240 114 150
    131 73 70 242 104 33 78 54 78 154 128 57 166 83 141 184 220 72 123
    122 206 135 24 55 91 186 241 21 120 224 84 144 50 200 238 8 34 30 3
    241 124 219 205 1 11 57 38 187 106 90 2 203 53 228 159 124 199 244
    102 249 105 69 129 12 14 207 148 57 113 212 116 92 229 105 93 194 68
    196 156 248 108 149 60 63 29 7 208 60 67 215 85 232 58 231 14 98 207
    37 147 144 177 62 102 194 175 62 254 147 240 78 192 203 236 214 156
    208 215 104 230 22 233 212 191 222 58 77 96 22 232 111 231 38 60 236
    27 101 194 68 240 39 107 203 195 183 94 249 95 195 2 69 132 223 219
    209 205 138 110 94 214 169 242 251 143 220 100 38 78 97 190 68 100
    46 126 246 157 239 35 250 124 88 187 169 150 40 158 237 89 28 97 99
    165 147 20 136 65 66 224 211 71 90 86 202 29 178 55 25 31 237 102 55
    57 115 205 114 179 248 85 184 150 100 233 125 66 221 174 240 43 113
    188 227 43 11 26 48 203 1 194 55 197 182 223 123 191 18 248 98 127
    253 16 234 117 215 235 128 225 19 78 126 110 46 32 122 162 67 195
    174 121 180 19 98 233 70 207 190 186 63 247 38 202 118 27 187 140
    237 129 255 176 90 213 4 211 188 124 123 121 219 129 244 30 200 120
    119 86 194 151 156 43 112 25 101 223 204 205 163 191 234 46 209 242
    245 117 188 86 112 31 188 143 149 150 45 238 45 86 16 225 255 231 0
    208 137 58 193 115 203 165 154 40 249 212 92 73 27 123 163 140 153
    88 199 113 224 210 20 23 168 38 210 71 231 93 226 108 249 93 166 244
    134 55 180 166 220 187 186 155 58 71 189 72 117 171 57 88 75 81 227
    143 90 228 83 134 224 144 67 158 148 208 12 121 252 5 14 253 227 18
    67 93 4 196 45 24 11 70 3 28 240 79 94 88 223 10 211 51 140 232 4
    174 252 128 212 190 167 85 242 40 154 10 189 229 120 222 22 8 92 29
    61 7 223 225 57 76 254 14 130 1 120 194 77 101 205 94 60 36 186 100
    180 17 251 81 233 144 160 104 193 73 38 223 233 248 248 9 78 44 183
    125 79 142 39 64 184 175 237 212 154 57 187 248 28 201 247 73 51 165
    138 69 106 136 148 172 51 218 19 180 118 222 15 120 139 36 80 145 75
    72 229 197 69 114 72 101 183 67 231 175 220 172 120 162 40 108 71 88
    147 211 2 13 64 41 182 104 49 82 111 188 54 142 187 128 7 240 86 149
    0 167 198 202 178 184 40 104 18 180 116 121 242 59 161 5 155 14 208
    56 252 25 97 115 44 23 243 202 108 142 43 179 1 19 41 73 12 176 241
    16 75 108 107 90 130 144 246 113 103 95 48 165 200 162 164 217 11
    119 201 154 215 72 170 187 47 124 212 249 232 116 223 187 79 253 75
    56 4 112 141 42 8 122 107 3 25 106 159 163 247 198 185 97 246 60 167
    134 226 174 105 158 34 149 243 138 10 148 43 221 144 6 40 35 84 236
    2 206 23 50 69 216 66 177 129 152 205 7 148 125 165 251 34 62 4 35
    16 52 150 48 105 0 229 109 76 41 15 219 60 15 213 159 212 185 103 87
    79 56 20 61 115 224 195 236 165 243 250 222 174 180 57 117 218 170
    44 196 26 232 35 157 106 247 202 18 159 89 19 101 29 68 196 150 209
    165 40 7 199 195 88 216 46 193 23 196 255 228 191 196 208 31 246 5
    79 75 229 124 200 102 77 163 131 105 26 212 233 50 110 253 223 50 3
    145 50 187 110 105 32 167 164 254 162 71 45 38 68 1 69 136 247 169
    240 86 147 191 14 23 66 0 37 124 183 135 37 63 136 167 94 33 116 33
    48 32 8 32 185 154 4 241 204 99 154 156 59 237 139 235 144 108 150
    113 1 206 181 183 44 72 41 148 25 114 127 213 95 205 237 123 52 22
    31 47 116 8 198 62 63 171 42 209 196 246 66 127 249 143 28 67 127 76
    122 204 109 99 177 100 145 36 125 94 152 71 91 239 182 52 73 224 135
    34 36 67 32 2 123 185 145 22 156 151 192 11 95 2 110 117 134 80 253
    201 8 157 226 236 205 163 107 12 140 220 181 233 114 27 228 103 71
    52 54 89 177 51 141 124 105 17 147 255 28 234 24 85 7 186 59 170 31
    46 132 161 251 204 180 115 128 29 186 166 213 115 97 47 52 122 178 4
    143 5 249 212 181 148 159 137 33 199 206 213 221 53 169 207 36 211
    40 181 145 130 122 124 87 148 162 134 49 241 213 99 183 52 63 248 19
    206 179 197 103 24 31 81 101 236 182 186 159 128 21 92 120 243 196
    77 53 140 172 183 124 6 107 11 49 215 80 64 244 220 129 62 198 58
    239 167 236 37 106 150 255 20 189 132 3 130 30 19 88 71 237 242 74
    27 14 33 97 178 226 17 125 84 195 91 101 174 104 19 93 209 94 89 217
    91 96 217 52 125 89 234 209 43 129 197 36 65 173 206 13 129 87 186
    53 21 241 64 183 59 92 9 38 187 180 65 167 172 220 92 184 173 51 124
    173 182 135 48 209 218 245 101 78 220 183 143 249 47 114 225 254 221
    167 136 183 86 136 205 98 157 105 228 230 3 106 54 207 247 190 194 1
    232 255 45 113 171 207 143 241 177 211 194 61 240 216 71 60 75 81
    167 66 23 181 226 50 157 143 46 194 10 140 86 56 25 134 76 142 188
    178 161 149 34 13 177 6 41 91 118 119 124 151 116 157 127 27 127 24
    82 31 138 129 153 34 113 182 108 102 17 26 41 138 200 68 49 144 161
    14 184 226 212 67 75 38 118 19 50 135 168 201 167 228 10 213 251 180
    127 89 106 112 86 98 133 66 185 245 105 30 13 212 50 27 101 125 174
    156 102 238 137 103 4 151 158 117 27 180 251 90 226 59 47 209 114 26
    217 116 4 172 156 66 105 132 239 214 17 12 255 147 8 76 61 170 6 201
    71 96 214 180 26 115 4 52 1 1 114 243 195 157 135 2 212 74 94 50 120
    233 62 59 222 87 30 138 63 230 63 10 124 243 249 83 150 231 96 6 188
    252 176 88 2 8 26 65 200 128 156 218 41 182 67 192 114 182 43 18 248
    105 194 173 56 228 57 94 233 238 203 35 228 217 17 34 99 27 200 221
    133 21 207 210 197 10 53 76 16 106 36 200 152 149 70 202 19 117 24 5
    74 98 14 164 76 105 185 221 49 15 193 133 84 15 124 238 65 58 38 242
    46 165 71 115 82 59 208 86 116 250 10 100 212 220 3 126 80 4 188 131
    193 12 230 228 243 228 40 131 4 116 231 141 194 43 20 249 211 22 15
    198 245 179 224 137 5 111 185 169 43 23 28 7 135 50 57 36 98 39 228
    198 221 208 98 196 224 228 226 33 98 235 239 34 128 73 96 35 150 113
    144 214 113 123 201 163 1 148 123 249 146 232 34 140 3 9 41 151 58 7
    184 109 147 228 214 253 122 56 92 23 73 106 158 159 76 129 232 117
    171 109 146 145 197 216 140 103 74 140 249 64 156 46 160 165 140 252
    173 65 30 49 134 64 14 85 79 208 29 182 1 142 164 194 161 232 48 216
    167 244 61 80 143 12 198 230 226 173 152 135 3 49 156 241 153 142 72
    82 94 223 236 127 129 189 142 241 53 111 168 185 59 238 222 3 81 67
    100 217 79 224 162 80 19 69 91 177 82 204 37 239 49 6 168 89 172 5
    236 96 193 181 174 107 157 97 152 213 220 112 194 203 74 254 129 220
    231 93 55 236 170 135 39 93 159 42 232 228 103 131 3 153 1 142 70 82
    102 57 76 254 190 104 15 169 42 96 118 93 79 201 22 108 137 59 208
    117 203 36 176 232 109 214 79 93 69 200 129 195 43 244 251 78 68 77
    111 1 194 243 141 73 96 185 241 178 71 24 21 94 18 226 53 68 208 133
    49 238 199 192 3 37 190 112 166 5 108 174 192 136 149 55 9 109 29 80
    34 93 110 69 49 33 98 141 40 90 14 95 144 15 95 188 69 188 88 207 10
    197 235 77 213 221 239 46 95 187 34 211 204 12 182 255 182 80 1 247
    60 54 5 77 107 193 119 110 205 13 127 44 151 46 223 71 192 80 11 8
    93 104 157 213 193 254 49 6 5 248 28 12 177 150 72 148 255 101 106
    118 44 162 37 119 134 190 215 48 178 56 159 125 131 37 80 14 211 121
    177 42 216 138 217 189 165 116 191 31 239 29 75 140 188 237 28 140
    26 127 96 210 165 188 48 136 182 191 206 141 117 139 240 94 115 97
    117 238 132 208 162 116 179 242 183 156 47 79 50 213 217 69 32 101
    12 44 106 165 51 170 50 94 201 46 193 48 165 246 114 51 44 169 193
    49 218 187 180 73 79 146 154 96 15 154 136 93 188 122 72 74 100 253
    66 157 97 45 64 144 150 30 109 47 108 23 227 111 13 34 127 194 94 14
    213 40 49 59 158 82 16 197 185 155 222 160 132 59 138 168 8 219 229
    43 49 75 22 229 166 109 147 181 112 204 41 197 32 20 85 93 221 120
    44 63 45 183 94 219 58 72 223 27 229 82 167 58 166 0 250 88 168 214
    190 89 35 147 23 56 0 97 118 195 10 132 135 127 28 26 92 79 178 180
    64 192 157 196 42 189 123 174 197 34 252 166 231 157 249 22 92 26
    151 179 225 28 4 38 253 252 217 212 148 30 122 28 219 78 108 11 64
    32 60 0 247 194 165 61 199 112 226 197 73 53 54 17 99 172 148 55 125
    203 134 15 249 19 158 29 9 128 59 123 15 244 197 41 240 124 78 62
    175 205 243 48 74 44 141 148 21 167 82 43 240 48 16 174 86 133 161
    196 23 64 212 237 227 142 105 43 51 223 222 124 48 115 171 144 65
    227 36 70 74 237 155 114 66 253 21 32 42 217 45 116 207 248 56 133
    177 243 11 112 130 37 116 241 113 15 176 240 190 154 204 171 211 172
    253 227 247 24 68 152 180 177 47 146 226 56 137 214 69 5 188 239 145
    241 102 7 202 3 153 236 27 211 84 16 234 128 7 114 216 190 145 212
    72 125 58 80 204 143 149 35 197 8 116 139 146 57 233 116 180 165 136
    228 109 247 21 94 211 199 250 132 190 250 59 29 42 36 5 156 158 255
    222 199 212 178 189 154 29 125 142 139 236 47 36 6 123 186 90 46 131
    109 226 247 7 79 98 71 252 133 128 249 54 153 18 209 15 39 54 82 121
    28 167 22 179 184 9 12 119 239 210 44 160 197 205 148 123 9 78 49
    118 31 72 40 19 171 213 180 141 223 61 90 199 6 237 190 122 129 92
    233 134 33 218 169 182 134 193 239 250 3 39 80 166 173 20 75 243 158
    137 199 217 205 115 210 133 175 6 163 135 149 242 201 6 228 156 229
    234 59 158 85 123 172 152 214 233 202 245 89 201 17 130 8 183 207
    168 17 174 254 52 103 101 37 129 212 162 105 113 174 140 128 55 105
    51 57 126 126 227 198 161 162 71 39 194 62 45 251 243 152 222 214
    152 248 54 121 4 86 13 60 104 44 80 1 232 189 33 246 81 33 32 39 169
    65 192 141 236 187 110 233 250 243 136 89 96 72 150 146 114 203 78
    254 66 234 244 118 113 249 1 233 165 40 180 43 185 0 80 27 217 235
    79 145 110 101 55 242 168 231 94 245 41 168 132 246 77 30 62 246 238
    130 37 160 52 77 116 122 15 30 126 189 95 246 252 144 45 117 74 222
    198 239 228 116 146 27 244 194 140 67 123 174 172 135 112 120 254
    109 99 229 164 91 184 255 44 31 113 148 204 37 71 207 111 181 139 25
    167 66 240 253 141 218 7 29 114 177 197 130 87 208 140 198 138 173
    74 66 176 184 134 157 4 9 72 116 43 106 10 23 33 90 206 38 158 19 97
    141 71 97 228 25 93 78 28 150 23 174 103 73 218 72 153 167 20 196
    253 55 235 98 47 150 62 113 59 103 3 126 2 133 99 58 172 119 3 234
    166 14 93 199 205 17 20 20 59 124 113 70 66 21 119 113 27 188 108
    235 217 62 170 31 139 0 167 166 118 138 165 0 181 22 168 15 50 105
    132 140 95 40 87 20 145 97 168 255 23 91 183 168 194 223 246 41 56
    42 134 192 241 218 10 52 208 100 24 79 8 199 151 7 148 21 145 5 226
    253 203 9 151 62 42 181 214 225 131 34 122 92 212 236 90 25 141 115
    252 40 31 103 213 90 34 186 150 163 226 164 81 196 134 92 52 96 2 35
    45 85 209 175 21 179 35 130 222 112 79 248 74 17 149 192 216 187 130
    13 97 246 167 74 42 33 208 133 137 188 175 216 119 26 64 12 95 243
    37 226 221 96 219 122 58 2 183 108 159 117 107 56 119 74 60 38 222
    255 37 161 112 184 36 42 241 58 151 88 110 130 224 19 227 18 48 152
    41 240 81 42 155 125 190 188 63 180 50 68 10 173 55 96 222 161 175
    209 58 239 100 95 107 214 16 157 173 39 106 110 98 167 95 81 27 157
    167 183 58 100 219 30 195 49 178 152 164 135 29 37 138 39 10 180 107
    181 163 132 162 225 120 121 174 229 119 117 128 23 73 99 129 167 99
    195 45 210 177 188 36 136 197 49 199 57 52 109 135 229 158 166 88
    206 22 163 91 71 235 217 40 116 84 213 229 227 97 39 202 24 46 33
    254 170 73 15 30 199 175 90 221 135 19 164 222 130 161 213 146 130
    168 177 224 235 42 124 113 18 76 43 133 190 81 150 136 74 150 96 38
    234 237 141 10 90 219 89 174 1 123 184 196 25 105 23 237 164 50 121
    36 181 200 150 135 17 71 107 123 169 254 86 199 152 201 38 73 43 74
    47 121 210 54 12 53 147 43 223 46 97 132 47 119 14 124 95 193 151
    205 185 5 99 206 112 175 249 194 34 50 76 161 41 68 205 199 82 69
    225 73 12 190 137 65 165 150 120 128 206 91 32 209 92 225 10 83 102
    130 2 212 27 164 39 120 4 199 62 94 96 121 234 67 117 4 29 142 33 98
    130 120 186 228 248 200 9 3 207 8 239 121 92 160 161 233 31 153 53
    174 184 100 126 33 29 38 26 226 196 112 96 139 124 132 221 56 190 16
    143 36 72 206 246 38 98 140 149 158 121 31 8 169 224 41 12 79 162
    251 180 188 120 213 230 133 0 204 23 255 104 190 170 224 59 223 67
    97 179 146 92 253 148 201 183 146 178 133 62 191 57 110 57 139 30 69
    89 183 242 104 155 72 80 144 1 229 32 27 247 214 8 167 22 128 145 58
    231 110 155 5 147 30 154 159 153 1 117 201 68 13 156 85 240 11 81
    152 192 166 220 13 240 253 14 124 148 235 74 176 119 173 192 173 129
    6 217 239 184 209 58 134 176 250 67 194 114 18 20 148 49 195 90 66 3
    175 174 193 55 90 150 88 156 249 28 210 195 170 244 76 216 44 85 89
    217 91 115 1 113 35 14 212 87 50 121 242 63 208 62 208 220 241 158
    159 91 240 209 34 186 20 85 117 63 189 224 231 222 58 63 4 5 72 185
    11 110 13 112 177 50 117 2 45 47 102 201 168 99 177 152 83 184 28
    154 131 243 229 120 95 39 214 16 250 249 52 167 31 19 151 201 25 117
    17 171 171 130 154 59 153 128 137 138 165 161 141 173 117 161 253
    178 41 187 111 207 173 48 103 196 209 103 149 239 178 121 223 229
    251 165 236 177 160 245 28 87 30 199 7 185 243 0 42 161 226 91 60
    225 111 149 202 76 87 1 111 128 186 246 186 216 145 231 8 41 138 231
    191 82 202 50 202 68 111 127 126 97 233 208 62 225 102 243 31 151
    247 147 230 210 197 171 143 172 95 124 8 55 59 129 36 185 43 182 73
    132 123 243 113 220 153 61 41 65 45 140 218 180 202 246 1 235 111 65
    154 11 209 146 137 161 1 222 213 39 158 84 25 122 72 116 57 154 65
    40 85 18 254 141 113 27 248 206 161 15 206 202 0 121 106 53 80 144
    157 206 54 242 114 56 159 36 206 91 251 63 21 144 135 255 93 24 58
    115 110 131 94 6 199 123 83 36 210 237 70 248 181 94 165 58 247 225
    98 213 200 17 231 175 154 170 11 42 41 159 231 253 2 201 117 137 126
    224 10 73 209 162 139 227 147 206 174 179 221 135 139 185 73 155 158
    106 151 104 35 35 157 135 97 125 195 3 247 54 128 21 173 250 178 62
    224 57 91 7 229 203 222 11 79 184 10 172 7 134 165 204 4 237 217 107
    231 211 154 119 253 109 109 226 137 189 13 199 110 117 30 79 77 185
    178 21 224 28 80 117 163 67 118 192 112 85 166 63 118 223 187 16 240
    65 132 218 143 136 244 120 140 221 115 65 188 162 242 247 205 130 37
    240 74 213 239 155 190 191 239 236 101 234 124 207 92 35 36 214 173
    88 238 243 192 101 213 237 110 133 122 199 101 94 22 121 136 212 171
    53 28 140 202 14 9 13 8 183 166 222 233 62 231 2 148 50 156 149 194
    242 229 20 229 221 174 252 202 41 67 6 164 183 134 37 216 53 182 167
    2 111 124 168 246 38 234 151 244 234 34 6 172 252 149 131 76 187 217
    248 143 150 61 35 227 185 34 184 131 111 71 104 250 63 182 190 183
    51 129 65 194 144 4 65 209 15 108 29 173 246 209 139 14 130 179 17
    71 132 86 53 202 231 43 241 245 48 201 84 57 232 243 107 248 2 148
    58 113 9 165 234 96 245 181 0 74 176 41 171 167 243 179 225 199 221
    84 204 106 213 235 3 237 34 249 85 143 115 93 232 253 115 230 130
    185 111 114 192 242 145 35 251 76 204 0 166 68 3 70 165 253 76 181
    214 55 152 98 42 106 3 117 86 67 34 20 81 43 3 93 158 49 85 16 230
    86 79 37 47 82 234 59 8 198 174 218 197 169 122 215 38 70 252 77 128
    158 73 127 54 100 75 190 4 162 107 11 105 7 96 137 246 253 135 22
    145 24 71 205 223 90 207 28 108 125 46 124 109 172 213 109 62 172 69
    107 137 229 24 0 220 0 122 62 31 65 85 245 60 49 186 216 82 118 251
    163 145 94 236 6 157 249 128 10 152 41 235 213 141 243 220 210 110
    210 244 5 49 4 125 14 83 194 86 111 172 98 3 47 101 252 149 121 142
    214 232 226 0 179 234 186 239 188 109 249 208 115 108 234 168 7 22
    11 36 96 125 121 137 195 175 206 87 40 2 88 10 171 133 67 13 110 43
    113 56 137 238 37 69 28 232 44 1 67 195 117 235 250 84 189 179 255
    97 28 59 106 92 14 29 238 187 180 87 153 124 123 61 113 214 181 94
    75 237 117 126 15 225 171 244 104 37 18 108 11 197 7 31 242 73 2 198
    65 175 84 95 87 58 23 82 230 144 82 48 250 110 119 153 38 247 246
    220 193 12 101 90 58 24 166 141 118 166 201 65 193 28 166 93 224 101
    230 48 183 182 85 111 117 54 118 237 189 249 110 40 25 41 178 242
    221 202 54 221 46 19 83 196 99 100 127 234 216 75 138 199 194 247 72
    20 73 21 231 172 172 197 228 38 25 233 95 234 209 6 194 249 64 9 237
    210 122 234 199 32 170 49 12 72 172 119 78 144 180 215 137 84 26 200
    8 157 155 86 26 72 209 182 241 16 113 85 126 222 142 100 55 27 124
    81 192 162 107 137 238 2 105 90 157 115 16 242 202 88 169 180 150
    117 101 0 114 99 138 47 125 91 77 73 171 191 67 145 180 180 238 249
    148 68 94 120 70 11 253 90 240 162 49 116 197 215 62 173 181 119 13
    116 150 114 92 51 10 68 96 181 4 205 86 240 237 184 138 248 53 121
    81 94 131 40 29 78 20 134 129 143 108 143 148 92 128 96 1 136 81 28
    166 241 154 112 66 161 208 180 94 206 242 202 47 75 195 91 6 149 18
    233 161 13 209 31 102 129 18 75 242 229 183 221 103 21 118 22 209
    183 61 110 166 245 181 246 100 224 219 175 26 204 54 238 138 147 0
    148 194 50 10 231 232 53 74 245 32 233 225 43 162 27 183 96 190 113
    66 126 171 64 32 12 17 73 201 254 240 172 15 74 67 166 159 250 169
    237 214 161 234 90 237 151 225 83 244 101 13 216 173 167 86 103 104
    237 79 57 206 6 188 182 224 140 63 78 79 134 73 254 120 188 33 63 69
    245 81 27 1 148 64 52 98 84 127 130 80 177 100 61 177 134 188 247 55
    117 139 110 222 210 139 80 80 143 214 151 249 238 152 250 26 20 232
    136 27 11 63 46 156 153 41 152 66 218 67 34 126 6 218 205 80 50 67
    37 181 21 99 26 196 42 241 44 71 253 199 132 240 27 208 206 82 133
    193 111 126 187 216 59 240 49 90 199 127 138 238 174 168 66 114 243
    28 249 55 131 248 134 124 31 142 228 85 89 32 70 56 162 92 113 210
    177 34 176 1 247 186 236 251 65 223 248 175 97 145 89 251 100 219 59
    222 6 63 135 165 122 203 162 238 36 34 150 42 233 12 86 231 153 152
    253 94 40 197 230 109 141 92 55 42 208 233 57 216 189 167 206 10 203
    72 33 136 119 56 227 204 5 45 1 145 20 139 94 209 200 53 3 228 207
    223 43 237 48 92 80 180 62 100 151 52 68 99 202 3 95 219 6 235 37 79
    40 221 146 60 50 112 219 162 198 253 0 128 110 99 212 67 232 19 242
    76 229 10 6 135 146 140 107 109 251 60 109 104 200 186 185 230 43 82
    248 242 151 228 203 69 156 11 35 8 185 149 238 29 63 91 163 135 204
    119 50 18 10 104 8 217 231 83 171 22 216 125 114 100 167 8 71 129
    120 180 159 207 144 71 236 5 21 155 173 128 150 138 170 177 153 118
    243 203 239 0 80 50 12 209 19 112 135 196 91 77 6 213 125 20 34 178
    201 253 150 20 1 196 62 11 5 106 118 254 222 169 194 181 246 52 175
    53 101 201 30 227 35 243 255 98 233 23 225 114 238 128 97 131 76 148
    163 144 177 43 216 134 202 111 40 162 149 73 72 174 205 209 49 212
    129 167 136 112 163 59 161 60 206 156 153 186 244 254 32 19 110 85
    225 84 206 147 117 29 25 191 193 224 126 84 48 16 174 94 133 7 207
    208 87 203 137 69 106 217 233 29 241 48 187 14 40 15 142 151 189 12
    138 100 168 187 203 29 198 237 93 67 49 154 61 101 111 165 107 172
    14 89 224 178 230 117 189 162 171 45 14 33 123 191 27 73 83 247 116
    253 217 189 136 174 233 102 241 152 49 207 208 8 48 197 166 33 100
    187 33 222 253 225 6 215 167 88 84 156 85 244 48 35 113 213 233 94
    198 44 156 67 197 88 46 58 169 175 46 36 131 133 195 162 198 15 152
    222 40 230 153 207 97 226 182 219 241 216 223 197 186 62 2 252 17 58
    0 22 123 106 6 169 160 100 8 135 95 223 133 236 127 7 239 133 205
    168 217 112 233 151 27 57 218 214 152 110 144 145 21 180 41 210 209
    29 152 140 48 109 180 235 150 0 108 226 57 46 237 245 248 137 187
    199 250 244 48 118 217 97 219 199 146 110 108 100 205 202 186 66 169
    27 142 185 217 233 139 251 7 170 60 103 144 44 198 17 54 194 133 48
    237 217 218 203 22 194 51 1 179 147 44 233 55 110 19 27 105 126 7
    220 33 18 70 108 183 53 60 151 216 142 39 26 205 226 152 75 62 239
    125 149 1 38 1 196 161 226 243 252 55 194 219 173 147 192 132 207 59
    79 109 230 208 229 169 182 237 92 37 196 94 25 218 67 198 26 171 10
    60 179 143 62 132 154 9 74 91 200 71 190 63 167 121 239 213 140 115
    79 237 4 158 178 221 116 114 49 101 86 66 185 116 142 206 46 57 143
    90 215 43 84 87 19 7 248 95 182 201 200 36 33 77 179 102 87 101 159
    112 249 186 106 166 178 229 246 110 187 104 167 104 131 16 170 45 67
    101 192 234 33 236 113 146 141 126 135 190 243 23 241 33 37 88 61
    149 28 183 128 55 81 92 115 178 179 93 246 250 217 210 244 55 248
    245 221 235 216 138 21 11 152 97 106 19 9 53 13 53 150 106 17 6 3 26
    66 183 1 141 67 13 103 78 31 1 97 158 192 70 225 77 187 51 254 43
    106 219 121 52 213 182 91 6 43 142 151 64 212 154 165 204 74 216 38
    194 206 42 210 75 64 10 187 17 6 134 139 213 13 36 243 40 75 121 183
    230 136 108 61 160 57 179 145 88 122 57 106 188 130 128 73 27 203
    217 68 196 17 249 84 166 134 153 37 221 199 81 28 103 79 85 39 185
    43 217 244 91 162 15 173 20 139 57 216 221 41 198 244 45 98 254 104
    199 208 86 40 27 139 234 180 71 247 183 79 62 32 185 147 22 49 67
    169 205 87 69 140 148 181 63 35 44 60 39 155 240 207 207 204 88 92
    12 160 65 171 117 200 245 109 5 14 252 170 106 207 32 221 230 155 98
    180 138 146 44 50 121 72 75 161 17 58 102 168 204 181 10 123 135 184
    57 243 160 65 39 123 80 148 37 16 2 65 239 160 64 183 162 206 157
    136 8 180 164 216 45 212 128 186 130 227 61 188 123 36 63 235 66 142
    98 116 120 127 58 127 200 173 248 166 234 77 131 176 73 201 194 42
    239 255 148 235 207 181 19 128 212 211 119 202 207 16 248 60 29 236
    119 191 13 217 64 73 212 22 87 172 217 213 111 174 178 79 151 143 32
    123 176 213 62 82 160 112 205 16 139 130 181 33 152 8 19 91 28 77 41
    105 86 212 163 134 232 153 167 148 43 199 184 193 136 148 249 65 173
    93 131 33 152 173 232 1 251 30 32 39 249 39 219 188 199 168 60 85
    126 158 191 209 84 201 112 175 31 234 84 47 225 213 156 255 205 88
    27 107 176 248 186 44 18 202 166 40 240 14 119 108 231 9 233 155 193
    233 245 214 204 32 176 148 25 160 55 110 158 92 108 255 152 229 207
    39 37 248 0 172 110 66 182 39 120 169 172 152 66 108 82 215 78 210
    96 113 130 138 27 1 129 141 147 37 109 94 78 83 48 22 215 136 221
    249 147 204 255 120 125 81 148 88 212 73 103 108 254 123 167 14 205
    248 30 84 3 224 21 36 79 190 203 56 113 28 253 130 227 63 197 174 98
    234 75 59 224 105 51 244 110 252 147 179 253 171 70 218 81 98 172
    244 157 172 90 182 117 9 50 176 167 155 60 152 42 195 132 35 62 70
    159 5 231 32 22 76 113 78 227 109 43 10 206 65 31 112 31 211 57 67 7
    71 66 102 9 37 248 35 8 116 100 150 44 236 164 41 7 203 112 184 195
    183 6 186 105 134 43 177 190 108 233 64 227 193 187 76 197 143 31
    121 106 176 184 115 11 115 250 128 141 81 50 76 125 69 70 150 191
    170 68 135 53 209 112 117 182 174 134 142 250 147 127 103 77 57 241
    133 204 59 229 154 169 19 43 140 222 139 20 71 140 192 114 188 133
    42 83 4 223 235 41 90 11 32 232 110 116 206 248 211 237 191 167 25
    127 170 166 128 25 162 147 144 238 79 92 86 152 250 72 218 127 97
    233 254 33 171 191 15 203 166 250 200 249 152 133 139 190 217 139
    189 120 243 184 169 95 84 183 9 192 58 192 182 28 141 230 248 3 208
    174 108 217 66 95 227 14 202 93 205 182 227 187 112 98 252 85 49 71
    176 101 167 132 219 116 54 182 148 68 217 151 225 200 31 229 112 239
    139 56 113 48 207 157 175 39 120 228 205 3 35 73 105 101 214 202 178
    152 90 201 109 184 22 175 96 250 73 94 190 68 32 146 168 44 9 134
    161 39 172 19 170 226 165 146 2 62 12 108 55 53 40 181 8 246 117 105
    216 130 100 184 156 7 243 235 235 166 162 229 164 65 138 127 250 105
    211 88 185 85 113 250 72 177 61 67 163 146 139 207 78 45 122 84 190
    136 191 11 16 24 10 144 198 149 7 255 64 221 158 28 32 227 210 247
    193 59 179 60 87 161 236 75 225 155 232 176 177 34 93 123 155 242 41
    131 79 48 59 172 45 141 160 136 193 230 244 105 172 3 202 30 134 36
    99 65 107 146 212 207 65 85 170 66 25 219 39 54 71 190 21 235 200
    232 107 103 113 181 107 178 125 238 120 34 48 45 187 146 2 4 7 222
    174 150 154 221 77 242 110 236 193 222 224 51 11 92 178 171 162 137
    147 47 208 82 90 95 44 97 224 182 15 236 162 208 176 171 174 120 94
    66 217 205 171 9 80 233 19 242 143 225 17 28 41 87 221 247 95 136
    169 141 130 220 24 160 183 50 156 155 210 121 255 217 249 208 170 81
    243 236 40 184 145 237 57 12 135 153 102 130 103 89 117 97 115 1 245
    118 175 87 240 134 142 231 183 198 215 51 135 240 218 135 240 120 16
    37 211 69 55 152 203 117 7 13 16 87 104 157 157 10 81 121 12 47 140
    97 161 6 68 175 26 122 111 31 252 30 238 60 186 112 200 85 116 25 72
    6 64 69 100 23 85 219 137 193 33 94 206 71 145 232 66 122 107 219
    221 159 62 10 105 40 110 226 88 99 180 37 75 177 177 201 38 4 134 6
    255 239 198 173 124 110 169 214 134 4 96 225 2 73 163 172 72 114 167
    165 131 60 221 192 31 65 235 131 228 155 6 235 236 211 147 121 202
    35 183 149 155 211 153 160 183 177 42 143 33 127 42 186 88 137 198
    128 19 169 13 144 121 43 120 105 156 100 249 13 150 201 80 70 27 241
    147 246 108 136 217 153 151 119 241 67 29 229 7 84 178 232 238 17 92
    97 156 28 192 67 202 190 94 121 24 116 228 70 9 167 107 101 119 223
    194 175 49 38 170 226 89 190 233 47 10 207 113 47 218 65 111 175 114
    224 119 115 127 18 168 52 145 142 241 18 81 128 80 232 12 9 18 83
    118 128 111 243 243 176 160 222 142 45 146 182 164 124 40 71 37 27
    47 173 175 53 114 198 185 73 58 81 29 51 192 211 82 202 45 148 240
    60 140 134 248 61 204 139 73 127 114 116 59 173 57 102 215 85 175
    134 245 174 21 220 251 200 103 228 198 106 247 129 87 214 43 182 1
    226 10 151 242 201 185 98 130 106 96 105 161 220 174 236 246 95 245
    135 241 225 191 6 93 101 5 14 89 123 215 178 108 239 157 241 237 37
    195 188 138 245 233 174 47 191 25 35 243 153 31 146 158 158 155 90
    158 23 0 95 47 55 226 246 125 241 221 152 134 12 58 66 240 42 83 130
    106 31 35 146 159 14 252 51 211 68 87 176 140 86 92 45 215 185 135
    18 132 22 17 102 194 255 211 20 21 215 231 15 209 13 153 161 187 229
    45 110 223 146 91 91 47 184 24 147 255 179 89 130 97 3 130 170 170
    209 168 59 224 25 219 139 125 243 138 201 249 187 248 38 198 37 32
    244 31 168 97 57 41 37 49 86 180 30 6 116 120 194 253 39 211 168 40
    62 142 236 148 65 38 239 132 42 171 139 159 251 132 228 142 183 17
    214 112 126 56 208 95 107 64 104 168 55 85 58 196 92 74 19 29 107
    148 111 195 54 16 72 19 245 255 227 169 120 84 225 54 123 165 190
    246 81 232 237 115 217 46 87 27 239 236 87 248 192 232 99 165 190 2
    252 80 121 82 11 252 187 51 165 11 127 182 227 46 61 42 4 225 90 114
    250 16 131 5 91 178 25 179 99 126 183 0 67 118 21 173 125 119 193 18
    177 167 94 180 137 16 75 117 224 251 242 20 159 57 195 54 30 81 90
    237 56 116 98 110 210 117 188 34 186 133 165 22 57 83 163 31 69 192
    136 26 94 72 42 190 181 182 127 192 38 46 152 239 98 226 207 27 174
    125 31 9 7 121 159 33 78 51 154 149 139 251 169 202 244 0 50 199 115
    63 229 126 201 182 244 98 212 95 195 174 220 75 210 182 30 149 41
    236 36 107 245 193 118 221 227 158 214 14 171 223 114 108 41 116 116
    106 129 135 185 232 105 90 160 142 16 126 190 110 218 196 111 14 93
    244 135 214 108 92 178 61 102 51 82 145 72 132 4 41 14 160 248 51
    173 50 212 72 26 155 219 42 129 182 148 59 235 94 177 225 160 103 62
    166 42 162 190 251 179 49 180 199 101 44 110 19 179 205 251 227 161
    204 70 98 186 163 153 104 242 62 100 90 87 200 62 159 4 247 253 108
    75 114 218 188 228 123 225 12 115 100 246 199 252 5 67 69 38 228 218
    250 146 175 75 171 163 123 10 142 89 153 113 149 200 187 97 67 36
    187 146 244 112 152 77 123 101 248 181 195 107 118 151 116 79 191
    211 170 47 159 193 156 93 210 87 90 35 145 173 242 184 166 32 145 99
    230 91 126 143 217 199 160 70 29 170 29 225 160 26 146 125 112 100
    173 207 180 221 241 219 88 170 222 216 211 115 131 149 246 134 39
    104 2 197 66 114 216 140 73 25 237 1 76 198 149 61 143 77 27 194 94
    172 248 253 158 152 187 77 155 217 130 42 37 108 201 67 230 209 4 41
    139 14 178 48 211 37 144 38 253 159 103 38 235 71 147 47 135 149 163
    80 152 129 146 43 63 72 113 206 234 230 30 217 223 94 72 186 3 164
    240 118 231 204 52 174 37 232 124 225 85 169 176 190 47 82 246 162
    32 190 226 25 136 198 72 26 80 106 48 224 135 25 46 62 233 157 75 43
    60 84 168 191 173 119 230 153 238 25 182 232 125 108 243 9 217 155
    227 50 85 73 54 158 255 212 190 193 145 178 255 105 236 227 154 43
    36 31 15 184 49 252 198 189 2 6 216 151 199 195 72 155 128 121 197
    189 164 47 200 68 32 147 160 107 71 21 190 196 116 126 126 158 9 168
    44 89 77 212 162 108 72 105 226 99 148 152 159 135 34 67 133 81 226
    245 12 177 50 73 67 175 214 150 237 252 161 58 59 219 187 87 224 210
    126 103 77 146 180 80 139 250 240 248 209 115 197 136 125 111 86 157
    150 215 225 158 1 31 174 129 239 184 27 154 100 112 43 70 129 19 54
    168 193 26 114 132 209 183 106 125 103 86 31 96 225 164 154 100 100
    156 98 164 156 128 127 76 118 149 131 177 44 238 40 52 145 190 171
    198 165 21 171 189 46 57 80 126 63 185 125 79 119 151 138 210 204
    105 91 173 66 106 218 148 162 39 249 5 155 164 69 215 19 56 80 7 160
    78 63 84 37 120 88 38 201 48 184 112 217 213 181 128 172 157 130 158
    109 178 55 158 120 231 181 210 116 148 147 99 13 13 13 171 42 41 81
    233 171 216 75 247 203 252 21 218 42 22 98 211 81 104 56 40 142 194
    117 83 12 30 201 100 54 143 92 12 180 67 5 55 84 251 171 68 115 6
    240 159 219 85 195 82 191 43 210 169 185 75 99 5 7 39 94 27 39 194
    183 226 22 167 101 149 224 47 218 111 110 246 8 24 165 58 47 9 174
    187 111 253 200 165 171 228 43 208 203 209 253 169 202 195 222 222
    91 190 248 93 69 157 216 181 172 16 99 198 187 9 252 121 150 201 1
    137 129 63 59 109 197 5 122 75 14 218 102 208 93 212 250 108 207 127
    230 102 180 4 13 142 97 145 104 129 129 249 236 198 172 249 250 69
    180 23 150 156 189 254 47 162 220 54 190 69 238 223 15 134 60 83 107
    79 12 7 38 185 61 141 45 153 50 202 243 38 64 74 143 147 113 119 213
    152 177 182 109 241 72 57 179 221 50 37 253 186 82 78 144 161 224 77
    110 137 164 119 56 205 41 251 25 177 203 46 61 69 39 90 46 53 179 4
    106 59 79 122 148 21 183 190 39 30 134 102 68 216 111 203 137 14 40
    175 22 69 45 102 144 97 192 121 57 167 195 12 48 23 103 254 245 42
    47 15 211 72 114 182 87 229 70 181 167 125 202 232 70 14 99 202 90
    110 91 107 5 48 167 169 34 247 111 89 160 197 211 48 209 52 205 198
    158 33 57 198 191 110 229 236 198 157 3 4 34 167 154 23 158 44 239
    207 69 130 94 191 56 245 175 182 174 44 15 129 85 186 216 40 69 206
    151 24 88 207 73 109 34 72 146 46 163 135 244 125 67 147 71 242 235
    188 95 196 47 150 146 194 98 105 204 133 226 137 217 94 2 114 208
    189 200 115 179 96 253 203 17 35 159 152 157 233 197 95 80 203 181
    112 50 82 73 154 65 145 64 121 230 10 78 1 128 241 113 47 69 220 155
    90 11 107 66 11 58 220 143 119 170 41 250 186 164 86 169 112 171 114
    203 202 223 140 159 230 81 11 62 45 31 111 95 227 242 162 51 86 141
    179 18 188 107 232 116 175 123 36 40 161 156 176 22 158 169 4 218 37
    112 169 53 65 48 130 227 163 115 199 71 43 1 62 41 143 170 15 206
    238 61 193 196 25 168 227 255 165 39 217 93 80 66 143 54 72 34 239
    180 106 121 57 240 50 50 189 220 167 116 14 125 28 20 212 204 10 149
    56 144 78 219 238 167 38 65 48 2 176 54 71 58 182 124 93 200 40 172
    46 52 230 94 138 246 111 201 78 129 179 226 93 142 140 107 199 141
    68 139 227 73 197 7 247 144 49 55 201 58 81 79 214 181 228 231 251
    48 213 221 244 245 232 50 69 108 96 210 253 50 252 47 227 84 214 215
    228 76 152 75 99 64 24 119 21 15 132 17 61 177 165 66 69 200 2 117
    244 133 42 7 127 66 250 129 247 173 177 71 240 239 10 25 94 16 205 6
    126 201 193 192 223 239 23 37 43 17 127 127 76 172 39 36 50 201 132
    67 158 148 91 19 225 66 104 16 202 34 20 118 175 138 220 181 44 214
    208 127 179 15 42 198 80 203 181 194 89 177 147 49 129 171 17 167 95
    240 213 184 214 156 179 197 96 231 145 202 95 29 132 6 34 99 85 95
    209 158 91 26 24 90 224 95 137 21 18 7 239 230 184 166 98 183 51 104
    140 119 186 196 41 182 3 60 105 82 115 18 180 71 105 139 98 178 7 64
    34 96 151 215 205 54 140 204 203 113 46 28 169 109 33 127 44 156 161
    180 92 250 208 23 138 164 200 42 146 35 134 136 7 209 105 143 143
    159 20 67 155 141 197 239 167 15 172 5 21 241 97 77 134 160 185 151
    210 33 88 82 23 237 84 162 53 236 131 31 116 48 245 85 4 91 108 152
    176 233 196 116 174 230 46 76 209 248 23 227 166 215 119 33 72 18 37
    101 42 241 176 169 154 158 151 121 214 45 181 62 92 137 96 145 216
    252 86 45 129 236 78 111 238 158 65 54 229 67 136 151 12 55 140 95
    102 81 169 179 200 29 217 179 215 4 112 191 66 50 143 243 229 103
    233 235 25 165 213 207 85 164 28 123 62 184 32 117 76 103 43 25 210
    31 237 65 177 187 167 163 153 209 159 42 101 94 166 227 208 31 49
    119 149 55 42 216 215 228 100 62 67 129 247 222 70 38 166 96 32 139
    187 26 156 178 185 44 94 155 163 189 179 99 250 36 34 145 72 239 214
    137 47 52 99 176 220 143 73 38 205 121 177 35 74 199 156 189 94 43 4
    231 171 223 239 22 24 27 248 59 134 101 81 75 189 252 145 113 231
    118 253 119 186 133 220 45 64 104 117 159 15 207 31 118 41 28 163 1
    184 4 230 60 62 194 173 191 40 121 55 199 166 253 188 134 148 43 130
    86 36 98 4 84 32 71 223 84 232 51 147 123 191 15 56 153 199 173 29
    10 26 254 233 255 148 60 157 62 136 165 39 129 235 226 191 25 67 33
    83 51 161 121 145 87 211 64 28 198 191 189 3 91 219 178 163 122 129
    214 182 156 9 55 196 12 199 142 33 60 81 199 224 74 0 130 26 153 95
    95 235 129 103 13 236 45 154 138 188 166 219 3 101 229 186 198 4 195
    155 89 66 109 50 91 128 223 91 58 137 169 244 39 14 14 109 214 115
    223 226 184 230 240 129 42 208 234 31 181 235 3 118 221 148 204 152
    152 76 99 66 156 203 19 172 106 234 71 220 212 238 105 113 74 134 71
    97 52 145 234 159 92 40 114 111 218 252 199 41 211 93 80 206 146 88
    221 202 48 220 228 137 162 210 159 88 78 186 72 144 183 54 6 130 89
    22 90 198 80 129 38 204 174 95 139 240 134 224 59 45 73 43 103 230
    152 32 153 112 101 12 107 194 196 195 4 80 57 73 168 193 1 85 131 47
    79 175 10 68 35 100 186 164 38 165 153 82 23 128 245 184 167 49 226
    71 149 37 126 251 101 3 214 120 177 170 103 29 159 92 203 43 117 208
    103 74 73 61 238 220 32 158 31 216 184 12 128 107 196 203 199 234 20
    108 21 221 45 164 57 200 67 79 52 242 79 108 88 220 114 109 166 231
    98 148 141 157 110 71 170 60 215 126 32 245 248 19 15 222 100 220 11
    153 223 222 162 132 88 84 215 159 6 211 254 213 178 148 166 65 70
    126 84 211 45 162 5 17 163 234 240 37 115 223 196 92 195 251 49 76
    108 239 66 133 228 103 171 236 223 17 53 122 25 150 93 159 161 51 92
    9 98 102 186 76 40 137 17 64 77 102 249 19 251 159 97 61 3 222 209
    192 222 154 80 119 253 243 166 188 232 255 214 133 127 41 101 208
    143 39 10 3 78 114 248 25 12 56 13 204 99 241 83 153 91 11 221 136
    96 235 26 92 25 88 107 115 65 254 186 68 244 162 140 249 114 228 52
    223 119 10 117 198 83 239 89 183 246 247 239 254 133 87 154 201 23
    114 210 232 169 201 127 153 253 191 86 164 19 36 191 227 168 124 116
    184 168 101 243 138 90 117 8 5 167 149 154 15 61 222 227 4 112 227
    252 39 163 39 35 217 102 120 151 227 9 248 35 187 80 66 61 215 169
    181 50 160 48 23 139 27 81 66 143 173 131 122 226 18 195 51 196 8 88
    130 251 238 65 93 99 245 40 154 175 213 74 130 70 223 29 187 144 140
    21 29 170 114 22 69 94 76 66 101 1 48 64 182 130 143 130 27 227 47
    82 130 170 242 68 171 172 27 191 64 7 204 147 132 41 216 46 146 234
    77 19 62 161 28 58 78 137 115 40 199 166 40 213 222 105 72 6 181 37
    27 44 226 44 71 222 25 95 134 91 247 94 185 0 65 16 129 182 111 135
    6 3 115 111 236 49 121 230 145 58 49 52 4 214 191 212 51 133 218 60
    214 113 231 223 183 246 188 206 1 15 243 254 135 56 5 102 66 1 132
    169 24 228 208 77 57 11 168 216 180 28 100 185 19 43 103 55 233 234
    35 197 167 241 79 84 51 161 215 52 99 87 18 217 137 172 29 47 128 60
    24 81 173 70 136 155 180 56 222 17 53 90 186 141 154 184 136 54 24
    99 16 40 132 26 192 190 175 224 23 75 152 200 220 182 135 87 108 108
    173 201 160 37 41 149 252 72 26 195 32 25 233 111 231 32 228 111 6
    36 1 229 137 110 244 124 32 27 20 50 212 42 82 225 225 136 129 174
    171 191 220 106 172 79 12 7 17 240 62 172 154 159 80 164 180 104 204
    182 14 125 28 244 0 149 46 149 153 220 40 111 128 217 56 55 196 26
    160 22 183 150 99 120 59 92 38 172 100 180 109 222 75 129 151 8 188
    103 17 62 53 167 100 215 219 65 211 16 163 26 124 136 170 229 147
    217 201 187 199 106 233 54 224 42 124 46 225 4 206 151 221 255 97
    242 201 160 94 0 156 246 97 208 73 185 241 214 122 247 33 251 231 60
    125 217 72 204 209 165 198 255 208 116 106 220 153 197 140 254 156
    151 78 16 164 166 238 109 238 26 240 135 253 128 247 196 166 35 162
    194 141 32 249 162 62 16 194 12 81 78 40 57 152 138 42 156 214 100
    23 32 130 147 2 5 240 164 65 141 216 253 68 3 6 4 255 15 100 31 42
    15 192 231 231 138 36 221 162 50 185 156 112 200 32 250 162 91 85
    222 86 235 48 33 39 49 175 72 99 156 162 151 183 27 173 121 84 237
    142 95 206 148 6 63 26 153 41 141 44 4 89 180 226 109 206 167 140
    148 15 12 164 120 59 80 208 54 8 190 171 14 130 228 81 182 28 53 201
    4 38 97 22 226 77 152 111 57 24 99 114 84 42 123 100 99 117 198 199
    14 17 243 185 100 205 66 199 47 53 247 189 86 78 4 101 54 214 214
    235 35 111 122 180 254 100 18 140 138 119 75 47 242 137 247 170 32
    203 110 248 241 113 139 47 146 126 186 59 204 67 68 56 150 254 1 34
    27 4 2 71 85 244 73 217 67 243 38 212 147 219 202 241 16 176 189 35
    206 115 231 126 30 204 45 169 105 55 43 24 144 6 3 167 74 203 135
    230 154 215 21 222 142 155 173 61 181 35 62 59 90 216 150 181 81 31
    40 21 33 164 179 52 176 71 32 248 120 240 102 132 18 130 40 89 55
    140 180 24 158 16 69 233 254 197 246 16 67 160 235 195 183 110 30 47
    47 222 6 225 207 0 115 213 18 116 245 100 94 193 227 172 148 175 181
    220 10 138 18 31 149 234 151 224 33 112 115 182 208 235 200 46 191
    167 39 192 115 164 202 84 24 228 37 72 236 126 209 44 108 203 78 230
    17 194 200 82 56 131 104 248 159 195 226 249 38 226 133 145 121 20
    91 223 14 83 94 193 52 50 215 224 131 83 33 119 178 16 222 217 37 69
    117 98 142 20 178 225 123 179 83 173 219 249 206 81 21 116 174 137
    116 107 52 16 47 38 169 62 26 118 11 210 72 111 234 225 134 196 18
    107 34 139 200 120 193 70 214 218 103 149 90 64 246 110 223 235 136
    39 149 123 11 254 79 225 62 69 234 96 97 246 172 86 4 21 227 61 239
    98 8 156 133 153 106 115 119 48 146 242 65 194 168 167 79 104 239
    128 170 159 182 116 125 212 190 166 167 116 145 35 216 74 150 194 0
    44 118 134 197 126 83 132 108 232 39 2 197 126 86 215 130 84 249 232
    122 175 58 18 32 66 24 169 189 82 18 84 212 176 50 119 120 117 15
    120 148 157 38 71 213 23 75 82 1 84 144 187 113 202 43 24 224 221
    176 224 254 178 70 222 80 49 96 252 234 99 15 137 57 18 143 137 213
    153 146 236 102 10 7 168 156 114 206 141 232 58 183 87 194 32 139 17
    172 134 231 209 122 230 118 145 105 114 88 93 234 70 153 70 219 14
    132 134 73 61 66 103 200 220 177 245 110 180 173 218 0 186 226 156
    36 176 215 104 22 74 137 82 35 79 24 66 219 15 52 173 197 57 39 53
    224 194 79 246 238 101 37 160 0 71 77 76 232 167 197 241 97 8 189 61
    160 46 242 117 198 27 188 248 33 121 48 142 183 79 15 5 111 12 88
    142 73 127 120 56 162 190 237 98 35 207 162 222 210 111 2 234 16 109
    233 225 21 192 39 82 82 177 18 13 218 124 38 32 244 134 28 26 100
    224 134 194 195 137 249 243 113 158 165 147 171 9 35 51 13 130 93 36
    72 182 187 95 225 141 206 19 155 26 36 230 254 251 12 187 157 7 163
    70 208 231 85 123 243 234 175 218 234 232 33 68 165 40 12 156 201 29
    222 230 150 79 251 141 177 116 98 129 202 158 54 218 56 188 183 230
    224 243 89 118 144 69 174 76 206 217 233 116 253 251 106 116 169 44
    67 120 21 145 96 211 36 164 170 26 127 56 250 25 73 59 188 208 53 97
    111 90 148 83 102 169 89 202 111 121 41 101 202 161 30 44 224 169
    146 116 23 220 84 62 168 111 33 35 198 248 69 196 184 96 187 228 86
    81 85 49 169 151 193 29 123 37 164 65 225 240 7 137 227 176 124 235
    47 81 5 96 252 114 134 53 243 222 216 222 173 46 101 12 83 255 172
    137 40 41 241 144 190 193 175 82 183 142 25 125 20 21 104 124 185 74
    115 37 100 24 145 32 40 150 6 103 127 245 191 101 231 151 152 11 116
    107 56 3 186 192 140 206 125 233 236 32 34 245 154 61 144 98 37 184
    16 232 192 163 140 16 201 77 27 54 128 28 169 152 1 118 152 148 83
    159 223 89 145 207 222 42 208 17 207 186 159 152 188 107 178 77 171
    112 230 63 4 157 255 73 188 189 167 127 252 15 243 243 80 47 123 17
    206 167 91 99 246 225 30 64 42 90 122 190 242 142 41 224 153 220 42
    42 104 140 2 148 161 170 225 58 50 11 243 22 145 247 57 77 51 224
    240 233 246 193 140 41 150 251 230 252 121 123 133 150 34 0 252 15 7
    188 57 158 154 34 49 159 150 3 162 133 15 42 0 172 161 123 140 43
    158 214 181 18 92 92 54 24 126 249 159 228 35 33 56 89 225 105 82 30
    57 157 13 107 207 135 195 120 41 13 233 176 1 177 99 115 149 223 36
    66 120 128 119 165 242 133 5 203 84 142 6 24 242 169 215 164 62 134
    255 48 231 245 0 116 233 155 126 98 111 217 17 86 163 117 156 173
    178 59 46 120 149 185 12 92 134 106 121 252 194 25 45 49 84 42 75
    152 92 1 170 254 3 40 125 186 203 120 13 103 164 164 9 83 156 107 86
    193 22 111 231 228 43 112 229 210 206 227 228 23 196 12 62 223 234
    242 195 210 36 94 169 82 126 156 67 145 200 97 83 181 64 161 39 177
    229 184 125 157 114 9 143 201 112 62 4 140 180 57 84 189 187 164 173
    18 46 57 26 75 87 221 145 199 76 74 136 61 127 3 73 198 72 132 32 27
    225 214 108 176 111 159 6 239 137 70 80 85 232 85 234 91 40 247 50
    109 3 229 139 229 86 132 168 190 114 201 132 93 227 105 7 189 224
    182 201 145 72 193 7 108 4 231 35 22 26 213 123 226 54 164 29 115
    165 86 147 138 91 105 127 254 92 90 126 210 120 141 79 105 193 116
    119 189 232 86 111 178 221 191 199 225 65 0 107 13 234 142 55 202
    233 13 9 75 116 138 42 87 68 158 131 150 249 69 155 238 170 204 91
    96 243 60 243 56 162 36 80 15 68 209 99 194 202 230 104 160 98 246
    143 13 72 221 146 97 44 79 46 221 249 138 223 6 100 89 108 229 149
    137 68 80 126 95 135 182 32 186 15 89 176 251 119 14 131 46 178 189
    16 75 55 185 235 179 19 79 41 85 201 87 87 217 145 67 104 233 72 36
    165 91 58 15 138 1 131 178 108 187 112 194 2 51 145 157 156 30 113
    136 51 51 113 84 69 23 21 153 210 41 176 6 41 46 46 178 14 249 58
    236 143 255 216 143 195 231 146 218 62 76 216 213 167 99 37 167 88
    246 118 26 216 66 167 139 153 240 51 240 235 45 38 109 248 118 2 229
    203 144 250 214 98 64 208 115 238 96 158 167 185 62 140 166 243 236
    205 7 52 84 251 73 70 210 190 53 199 19 189 187 58 229 31 78 150 9
    56 178 255 159 145 153 252 70 35 101 23 83 195 196 121 91 127 85 105
    78 238 16 35 55 97 40 134 189 38 182 49 102 240 179 132 146 154 77
    238 53 172 107 76 26 104 238 63 232 89 19 202 80 4 157 126 41 227
    113 254 103 48 42 21 141 13 116 204 248 42 255 223 120 162 224 6 197
    104 89 56 8 152 40 110 156 153 253 96 251 237 133 52 140 13 22 239
    74 107 124 6 240 94 104 93 113 168 36 230 52 132 245 112 68 197 175
    35 218 208 108 55 174 147 69 247 87 50 101 174 63 61 157 141 154 248
    113 26 213 167 208 2 111 226 29 140 92 154 199 75 131 64 1 203 23 79
    184 123 61 118 77 159 57 100 188 214 118 113 159 186 35 189 96 255
    184 151 129 139 5 8 169 30 10 85 55 233 158 135 61 61 101 191 226
    129 41 78 29 240 16 187 105 40 115 86 64 233 93 72 111 211 115 223
    103 20 200 91 205 41 189 155 133 118 1 119 126 224 164 208 35 97 170
    171 35 183 40 50 208 63 126 84 247 202 111 132 57 172 147 244 152
    220 210 195 189 3 31 168 188 254 15 81 164 83 110 205 122 65 159 116
    107 123 198 56 236 90 231 113 151 39 85 34 251 68 64 186 101 193 63
    100 164 253 190 182 59 234 30 172 184 60 133 43 76 24 224 17 107 48
    14 33 200 201 241 106 255 39 192 54 80 227 110 186 87 134 4 208 5
    122 83 236 237 150 101 44 112 238 211 166 195 8 26 210 76 94 43 248
    37 81 154 23 123 240 42 90 134 76 213 141 166 187 86 3 251 70 88 51
    58 176 231 199 157 139 67 40 53 29 30 231 133 10 143 91 80 62 129 51
    241 156 158 44 131 73 36 94 115 60 90 224 14 76 126 76 28 90 89 245
    114 163 103 186 167 199 58 243 123 239 92 218 200 22 96 123 41 85
    136 41 13 209 252 124 160 140 49 217 86 59 229 185 207 90 174 165
    230 177 34 123 246 210 106 114 32 121 179 121 44 236 173 102 79 61
    248 121 103 219 106 197 177 21 165 69 34 178 213 29 234 70 35 216
    214 170 81 86 91 31 131 32 140 231 88 45 177 66 255 225 165 104 75
    152 77 35 44 144 220 234 1 143 110 181 216 203 157 228 95 133 22 14
    119 107 135 250 216 133 203 239 202 250 206 53 105 115 80 117 207
    242 202 4 19 133 135 102 195 86 20 150 140 120 194 95 150 182 51 206
    139 62 103 169 207 89 98 95 159 133 201 8 82 154 43 141 164 35 21
    211 63 2 221 153 218 49 178 220 155 115 23 146 149 186 199 55 27 205
    74 59 138 192 249 21 111 8 172 188 210 164 155 150 179 5 117 201 59
    132 223 128 144 58 190 238 150 106 124 74 197 145 129 120 99 217 36
    208 150 34 186 61 12 152 102 1 170 46 158 1 186 76 107 105 6 145 52
    176 192 8 215 28 25 37 231 26 136 146 126 229 138 230 42 211 70 208
    85 33 83 13 229 90 6 1 218 240 172 194 135 31 138 242 120 45 151 42
    14 11 55 124 71 216 43 149 21 252 70 66 215 96 20 252 182 26 109 23
    118 149 211 242 102 247 209 125 201 52 115 186 222 89 99 5 75 34 18
    132 134 236 166 73 3 84 9 243 210 98 3 246 232 72 180 152 206 194
    228 78 31 188 11 161 191 123 87 116 229 240 113 120 93 134 200 85
    163 106 122 131 17 179 81 243 245 182 30 34 72 73 50 128 208 232 27
    94 22 253 159 191 172 187 203 78 103 72 175 102 116 137 154 177 136
    117 80 74 54 222 73 93 133 232 43 125 187 44 212 73 202 151 252 146
    0 223 222 190 18 206 122 20 109 45 2 42 9 247 85 85 37 164 215 63
    238 32 194 114 20 9 204 118 218 144 175 150 123 9 185 16 162 83 73
    69 133 79 74 165 16 187 146 222 228 104 75 153 87 134 115 174 224
    208 207 200 140 220 94 157 251 192 45 126 176 119 202 221 230 77 221
    100 144 11 114 88 147 128 44 73 58 64 103 115 21 43 26 181 24 103
    194 147 45 128 252 65 163 82 202 235 52 54 246 241 24 156 6 70 166
    206 41 223 107 2 78 209 254 58 184 112 112 237 123 5 121 248 135 127
    93 233 126 243 35 97 194 152 223 144 228 222 191 6 247 91 73 189 103
    168 194 179 101 88 161 61 137 152 168 20 137 128 13 127 154 113 251
    156 2 136 219 254 189 138 228 218 195 72 59 34 243 217 180 231 208
    100 88 41 105 242 80 252 131 241 214 176 124 252 180 83 31 212 181
    48 187 84 239 196 99 213 94 112 9 60 143 58 226 132 254 152 228 216
    187 67 118 23 175 30 40 76 162 64 64 169 99 229 56 151 197 101 107
    232 107 184 172 18 30 44 199 113 143 69 85 117 91 35 193 163 81 59
    100 99 76 74 149 84 141 0 166 82 242 29 107 121 208 8 119 73 120 157
    252 7 241 15 137 72 56 133 146 66 108 153 92 146 22 47 21 41 230 74
    97 64 181 144 52 138 122 215 252 236 90 189 63 198 42 210 172 19 118
    73 155 194 89 203 151 30 37 251 46 229 161 190 186 226 207 247 224
    210 110 199 108 156 79 123 239 157 146 122 43 64 50 90 46 133 56 222
    56 1 127 55 22 123 180 172 196 23 225 90 32 84 177 249 211 56 118 96
    250 109 166 210 58 99 24 53 66 177 222 232 63 56 250 249 18 244 216
    72 123 202 178 49 211 175 50 88 159 249 23 233 34 46 32 44 58 228
    127 87 243 113 81 101 233 251 229 59 187 238 253 95 29 69 88 21 8
    174 101 111 63 176 240 84 44 85 22 57 141 138 1 198 153 181 178 60
    46 200 222 35 47 195 75 156 118 128 202 26 206 190 48 224 177 236 93
    58 124 109 41 43 214 171 18 255 80 74 179 242 221 21 199 145 164 25
    248 19 251 97 84 118 109 47 82 153 184 12 31 124 172 59 23 209 179
    168 172 238 104 23 203 206 81 126 6 8 211 52 145 41 81 240 206 54 39
    172 66 239 117 217 236 123 80 146 39 51 5 201 252 70 119 201 114 9
    15 90 132 227 168 219 217 204 101 25 109 235 154 210 149 65 140 195
    125 104 188 40 150 182 39 0 54 191 147 195 210 220 39 37 118 100 73
    99 183 95 201 111 241 48 50 116 241 222 152 226 33 77 44 190 140 249
    105 94 170 228 130 109 255 182 238 54 15 174 10 241 220 116 176 30
    24 172 247 59 114 139 228 214 81 80 15 194 161 18 250 140 241 223
    198 128 139 28 99 13 35 106 254 4 151 2 148 168 66 50 201 194 186
    156 2 92 211 48 95 25 80 209 191 146 170 156 186 4 100 5 4 38 110
    213 111 66 55 47 215 18 34 231 159 26 80 77 68 196 175 116 18 181
    120 255 59 51 82 25 66 2 71 130 60 131 113 35 104 96 72 50 216 185
    18 144 24 91 132 11 82 167 3 217 122 81 50 140 182 162 240 254 169
    50 16 231 19 147 8 113 51 255 243 52 80 252 97 16 226 70 112 83 181
    37 77 31 166 229 12 255 27 167 132 101 95 157 198 130 132 135 112 15
    21 33 26 215 196 63 244 12 90 220 5 88 105 60 39 43 16 112 23 199
    127 66 9 21 80 182 100 141 246 60 134 234 181 22 120 236 228 254 111
    127 241 3 93 201 52 103 11 194 164 27 107 134 67 152 102 21 194 230
    185 101 156 185 254 171 190 219 195 105 117 105 44 170 144 74 223
    132 141 194 3 9 25 87 238 199 220 241 226 170 248 235 105 215 243 73
    34 88 126 207 160 31 25 223 254 225 203 255 13 162 53 92 147 52 3
    201 154 176 12 201 128 84 157 43 253 223 72 26 86 205 5 151 115 98
    73 22 68 85 176 116 182 60 53 177 63 120 128 52 239 130 221 6 193
    254 3 226 140 224 211 15 175 190 188 75 162 76 135 119 205 61 59 19
    201 91 146 234 189 119 83 36 17 162 139 37 66 194 137 244 119 173 39
    182 87 204 12 91 174 42 146 195 32 230 83 147 58 99 203 146 216 15
    117 141 104 135 52 128 242 239 46 238 39 151 128 109 171 110 11 227
    30 35 131 152 8 68 65 60 156 141 184 169 95 1 203 51 249 153 107 138
    13 203 63 83 179 120 113 2 155 89 227 102 218 248 11 40 19 191 31 3
    66 83 164 250 179 77 227 198 13 130 7 38 170 141 166 189 48 247 0
    131 120 134 89 138 18 8 17 221 134 66 96 43 197 167 213 240 156 186
    196 200 1 67 208 18 223 108 246 15 39 231 217 208 207 201 250 38 112
    189 78 126 173 80 178 166 132 155 56 101 175 35 124 159 149 248 222
    238 163 20 42 174 119 253 95 247 96 207 241 25 159 119 38 127 167
    214 12 105 16 183 232 39 95 201 176 128 195 237 219 33 253 210 81 71
    112 133 226 146 127 115 44 242 204 111 23 169 124 72 49 185 85 91
    113 229 80 9 64 82 68 237 72 163 66 247 24 40 140 66 45 160 168 218
    214 233 34 4 159 99 126 89 239 57 154 239 145 73 7 33 112 174 195
    150 55 93 177 29 158 206 181 138 156 88 174 191 168 66 250 93 119
    238 197 84 43 11 94 45 51 205 199 221 129 19 180 1 204 30 99 80 215
    246 162 174 185 182 175 44 5 203 102 139 189 38 23 44 73 179 147 212
    34 148 210 109 153 167 4 236 202 231 36 230 180 30 169 226 178 139
    243 14 2 64 35 113 33 233 30 204 189 7 50 178 205 224 101 20 194 165
    41 201 81 62 64 197 208 233 156 29 158 165 3 160 192 233 201 151 190
    136 179 36 72 1 216 38 170 231 61 65 17 170 130 85 144 87 82 112 157
    220 111 154 173 233 61 26 193 162 30 167 77 120 20 127 222 136 84
    182 106 126 24 10 19 248 188 90 36 68 200 29 86 29 6 153 45 201 160
    252 225 18 139 186 251 15 21 164 125 155 170 89 7 114 171 117 148
    163 119 20 246 216 117 36 112 147 228 199 169 67 221 31 4 237 60 240
    123 11 236 68 89 133 228 221 90 92 59 86 199 187 90 20 54 38 193 51
    57 80 89 130 204 26 186 201 23 188 60 144 179 122 99 116 244 144 65
    42 232 53 135 126 248 205 50 104 34 68 93 34 173 211 102 130 2 8 198
    172 228 252 198 187 61 172 56 13 253 148 236 159 205 213 240 139 110
    106 158 106 211 167 30 182 148 4 106 20 93 52 240 252 14 197 80 212
    61 112 21 139 76 202 35 62 201 127 52 52 173 199 48 190 170 124 82
    57 169 245 178 57 217 13 43 218 210 28 100 4 158 16 76 62 110 210
    137 4 55 223 61 15 173 160 172 192 30 228 59 122 217 115 199 221 126
    186 134 252 8 37 116 195 212 149 180 94 91 191 179 133 200 14 65 87
    38 40 33 118 146 228 200 117 117 194 184 108 1 159 109 87 243 128
    114 81 84 218 235 238 227 26 76 244 216 121 235 102 186 129 95 62 18
    153 121 223 2 232 219 24 191 247 130 228 244 186 8 171 43 30 71 78
    28 157 225 73 27 62 94 56 92 185 252 93 194 18 219 91 179 218 177 55
    157 188 165 135 80 43 15 29 28 198 145 172 7 117 96 26 212 57 23 145
    152 55 5 91 206 96 206 13 103 9 117 20 239 139 241 52 41 86 52 134
    22 84 203 154 32 185 3 49 162 232 183 127 140 122 139 123 128 182 36
    8 215 86 80 229 97 30 135 181 102 78 68 168 229 89 30 200 205 231
    121 40 252 72 233 30 16 108 154 169 178 14 188 141 65 0 77 245 227
    107 139 237 246 84 231 148 86 85 200 101 52 144 98 83 97 4 29 159 0
    208 142 204 240 161 79 2 41 35 41 3 249 241 136 105 34 97 68 220 68
    189 240 73 204 120 237 69 44 34 229 50 60 183 205 229 134 239 3 241
    69 93 154 144 242 208 203 13 190 23 139 195 85 68 192 98 51 180 121
    28 182 120 192 77 165 12 154 152 212 2 233 200 122 29 89 155 147 206
    186 187 84 182 0 104 0 15 65 75 11 7 50 47 22 48 92 221 64 137 96
    159 104 58 65 44 113 123 71 174 43 171 64 119 71 183 77 27 165 202 6
    117 175 197 182 3 24 244 34 115 220 203 68 89 52 105 80 210 252 247
    47 234 233 28 188 165 190 176 246 240 215 166 117 255 140 78 177 186
    225 111 122 200 190 95 117 99 127 119 198 168 19 29 170 40 164 137
    58 147 43 170 78 74 98 112 59 106 201 228 244 2 115 141 133 62 138
    248 21 81 121 239 143 192 70 130 163 164 164 70 185 67 139 88 145 45
    169 119 204 176 198 29 10 81 95 150 20 227 101 122 235 44 137 2 151
    164 64 82 39 87 203 1 179 121 1 63 40 104 233 100 50 145 86 211 85
    27 177 72 11 33 88 51 158 29 107 38 188 88 79 120 66 115 239 125 156
    174 213 70 102 76 98 249 32 249 44 163 238 20 206 4 214 211 242 54
    54 221 186 131 87 94 107 94 165 248 211 52 202 233 153 109 94 173 92
    57 111 93 20 57 73 143 222 216 117 176 107 188 12 207 175 71 51 89
    64 182 128 31 19 162 193 49 41 43 119 60 131 113 175 249 165 130 159
    171 46 178 123 84 3 197 123 50 219 154 175 139 102 36 152 210 65 146
    147 92 183 97 137 113 247 119 246 61 11 104 231 247 69 109 17 171 87
    130 80 24 186 249 216 22 193 178 102 137 178 120 202 32 141 15 161
    61 242 101 205 60 255 218 195 144 202 51 14 141 63 184 172 251 178
    62 73 136 80 236 246 119 157 222 224 88 61 82 215 195 195 166 105
    150 10 2 132 107 34 138 67 2 99 12 175 139 46 194 47 29 234 137 187
    124 76 95 140 34 251 172 254 46 9 93 29 46 200 119 233 242 1 227 96
    45 130 146 95 254 99 23 99 15 186 196 242 139 67 107 65 2 21 239 59
    56 180 100 39 144 37 135 79 60 119 113 67 194 121 109 72 26 102 129
    82 238 7 44 218 248 33 93 96 156 232 94 55 52 127 127 153 38 187 169
    48 121 134 52 253 159 133 5 179 93 73 142 0 179 129 106 223 75 68
    232 61 56 43 151 140 117 174 110 18 8 81 234 84 176 11 85 177 227
    137 127 131 185 119 33 248 16 85 166 208 214 94 242 216 107 66 35
    165 161 124 197 232 50 45 171 186 87 13 49 238 134 54 128 139 97 114
    12 42 34 186 221 25 119 227 200 168 137 27 46 163 113 117 214 86 145
    91 215 80 207 232 182 197 16 202 130 150 169 58 234 110 196 157 96
    163 9 85 147 221 43 218 72 229 9 190 169 80 86 64 173 37 112 46 8
    236 233 74 96 116 106 102 244 212 110 23 23 42 11 242 137 181 24 128
    131 209 152 222 158 127 114 190 220 62 144 7 21 156 195 100 36 212
    128 93 187 167 164 239 177 210 252 210 162 134 76 61 72 18 133 219
    201 222 109 132 60 179 200 9 113 110 86 187 57 221 97 109 246 204 16
    125 82 7 135 140 71 61 144 107 118 116 19 96 21 140 36 168 153 58
    239 225 185 126 181 157 70 48 183 155 45 212 251 54 217 181 246 238
    68 152 174 235 251 105 42 250 117 179 244 77 118 73 87 33 215 219
    115 190 241 139 200 192 147 15 242 182 63 120 153 185 229 218 103
    234 1 189 10 188 86 107 16 222 217 105 169 118 105 241 74 66 62 137
    49 38 97 90 141 188 181 124 97 98 91 125 107 74 107 227 120 218 220
    209 42 48 45 123 211 9 60 159 173 65 132 186 167 14 141 202 218 117
    36 142 201 181 16 156 252 88 65 141 112 194 81 103 79 48 237 137 138
    57 148 236 235 138 192 238 236 121 125 134 140 171 166 79 126 178
    184 234 240 225 124 226 140 174 237 33 180 4 222 173 190 114 176 79
    225 22 160 78 51 146 191 225 248 252 208 149 204 68 239 7 109 33 111
    246 219 54 201 115 159 130 240 236 170 47 81 225 8 68 52 131 163 48
    208 174 229 13 73 182 237 17 26 76 56 66 10 192 105 87 150 77 18 130
    189 32 102 229 94 78 75 25 69 38 213 83 239 100 162 15 76 157 124 25
    195 185 143 148 134 178 39 26 9 208 160 174 47 138 79 6 129 153 115
    52 236 127 190 133 170 60 218 50 48 198 131 129 6 80 234 123 195 43
    43 115 190 202 194 86 255 187 115 28 223 36 28 126 82 215 211 5 163
    156 3 14 89 209 122 107 135 144 63 124 226 113 210 48 141 48 93 185
    130 97 117 1 194 65 9 22 126 170 242 144 109 207 201 155 55 58 123
    81 7 159 238 8 133 120 142 218 110 132 144 43 170 216 221 145 90 254
    136 169 111 197 79 239 10 84 47 245 222 174 223 39 151 61 193 21 199
    93 49 43 105 53 67 184 206 53 1 55 157 127 59 30 214 125 166 229 82
    204 37 192 236 215 93 182 203 228 146 231 192 129 4 129 226 245 41
    151 140 80 116 17 122 93 187 174 44 213 106 138 251 29 225 119 40 1
    98 204 98 71 94 95 35 60 153 118 158 212 85 245 5 56 119 156 52 4
    117 198 44 130 184 1 94 153 210 212 217 130 86 145 54 190 194 91 99
    27 100 145 143 187 216 98 0 155 45 234 70 125 147 77 182 32 133 152
    199 191 221 24 59 46 179 71 72 153 130 184 110 42 160 116 79 102 168
    50 186 149 173 64 107 117 148 225 247 35 66 5 52 153 6 197 47 120
    102 88 25 12 27 239 210 75 156 84 21 148 248 191 120 68 49 188 149
    108 23 59 21 48 17 37 163 82 188 126 132 23 95 41 150 200 48 136 12
    53 130 4 123 177 158 185 251 192 121 120 154 76 39 36 138 83 226 26
    245 69 100 64 254 28 78 31 254 112 54 223 87 16 176 194 156 74 15
    215 146 2 162 137 242 159 204 233 15 220 221 149 87 132 45 57 41 217
    177 64 33 151 118 174 117 249 238 20 168 18 199 160 34 99 162 175
    151 174 244 153 216 3 141 140 89 214 113 205 71 51 137 140 235 155
    226 185 253 173 66 116 156 48 104 241 8 156 255 63 112 229 99 105 50
    190 64 244 147 162 149 56 108 101 191 106 110 178 37 252 242 90 15
    78 34 23 214 194 105 65 95 84 147 205 202 175 49 12 106 156 251 106
    98 65 58 181 169 176 107 10 100 144 218 238 148 55 23 77 218 71 113
    242 229 176 157 112 57 61 6 173 248 20 39 226 120 156 115 3 29 96
    220 116 128 210 66 140 141 37 214 144 35 117 153 214 122 109 91 2 8
    65 8 100 200 201 185 220 138 253 130 65 251 231 42 34 1 63 175 107
    140 223 150 148 74 78 56 50 17 160 198 64 203 206 138 100 239 9 42
    102 185 45 204 154 184 89 65 221 157 201 163 212 186 174 142 49 39
    19 30 27 20 83 60 95 58 212 179 248 111 189 184 8 103 29 246 223 96
    27 202 249 113 18 73 128 79 15 5 57 145 179 245 247 204 27 4 148 81
    101 144 198 94 233 73 143 45 132 209 108 117 165 82 240 70 159 135
    210 85 220 41 151 113 253 233 116 165 148 139 119 200 61 234 131 105
    147 47 37 162 242 159 88 58 108 1 27 247 140 31 195 74 23 184 229
    179 103 159 82 187 125 36 171 245 27 48 53 144 144 241 141 32 28 91
    61 168 162 244 22 248 198 76 131 88 90 60 31 225 114 70 138 63 179
    214 0 149 217 75 186 160 81 150 128 197 171 119 242 130 90 70 90 188
    198 221 220 67 249 82 196 42 46 77 215 124 9 149 12 219 102 201 102
    74 52 189 106 220 55 127 72 27 251 55 78 134 113 61 238 135 218 32
    29 138 65 10 78 114 247 243 240 168 2 244 98 136 19 143 139 56 62
    145 182 79 63 217 99 188 238 114 183 196 53 231 221 47 169 243 225
    171 182 177 15 245 65 198 205 86 94 195 87 167 244 209 73 242 33 4
    102 176 149 109 167 62 44 104 164 44 82 203 74 210 217 249 4 200 52
    52 36 61 174 126 92 94 239 114 182 108 83 226 228 249 138 154 79 202
    165 2 41 90 4 31 106 164 177 207 141 79 175 19 218 38 183 133 87 135
    234 223 214 119 147 137 208 20 231 13 188 44 172 12 193 192 197 67
    38 25 13 147 25 8 79 17 116 21 248 1 134 139 81 188 212 22 7 12 94
    128 228 234 47 54 93 61 76 208 240 50 36 5 43 60 42 6 237 81 124 14
    83 75 215 107 206 15 3 120 184 140 128 187 174 85 25 95 75 152 196
    222 245 10 64 57 171 200 13 227 52 47 189 116 169 134 158 146 13 203
    15 85 178 213 132 140 116 139 30 53 154 200 238 28 46 34 80 58 22
    156 185 89 64 172 146 58 25 129 25 189 153 77 223 117 121 186 193
    253 116 150 194 98 6 62 103 120 21 180 67 20 229 251 53 23 231 0 135
    177 79 105 250 59 221 103 25 77 123 245 180 183 128 219 8 4 106 221
    223 75 134 56 94 186 44 175 23 186 195 71 56 222 35 60 101 183 181
    109 80 220 49 195 243 190 56 10 181 16 37 123 249 38 93 163 172 54
    103 174 153 87 235 108 208 194 215 179 10 1 147 81 202 116 0 169 162
    73 255 131 246 207 50 148 213 63 242 109 159 200 70 151 51 58 24 26
    74 6 179 176 84 203 240 119 202 155 14 227 134 43 214 255 151 228 90
    51 191 37 51 169 37 27 102 231 14 208 170 176 126 192 247 152 220
    118 113 227 56 155 223 183 63 244 24 247 254 12 61 35 70 23 136 46
    251 216 182 30 216 230 241 163 132 73 169 32 190 218 129 84 240 26
    24 137 238 149 94 32 93 49 48 210 173 137 63 54 193 2 31 246 137 186
    96 117 222 63 76 140 152 29 34 49 218 138 59 45 151 241 80 86 144
    182 156 148 250 154 220 41 175 88 47 214 116 55 206 48 245 236 190
    124 236 219 182 140 4 180 60 110 165 144 108 125 108 143 174 189 149
    152 124 79 26 167 122 230 62 247 227 11 167 133 70 103 190 150 17 6
    53 65 227 150 199 149 5 49 62 82 110 73 220 188 232 4 211 130 121 19
    96 99 6 95 236 138 48 182 210 104 216 15 55 113 87 59 21 67 25 86
    249 36 164 53 61 135 122 55 89 43 29 33 27 140 154 171 9 95 249 58
    128 64 53 141 138 127 89 136 119 106 182 139 250 163 205 255 216 100
    115 150 220 5 184 137 228 88 125 174 38 4 238 143 243 125 117 41 197
    27 171 0 170 90 27 8 233 53 157 229 204 183 48 200 182 56 216 98 154
    92 75 129 104 28 129 139 86 89 0 156 159 93 1 14 50 28 170 188 103
    58 111 149 48 159 58 184 163 136 146 27 72 199 83 249 232 104 203 8
    49 182 98 132 1 76 230 174 11 195 2 17 102 71 216 12 50 31 168 150
    80 65 100 16 1 169 244 141 83 43 14 200 23 244 99 230 192 176 244
    194 177 7 147 156 200 16 84 19 6 52 211 188 168 147 150 189 252 23
    111 112 74 52 122 25 247 30 60 60 60 108 208 153 112 150 44 153 6 47
    163 84 52 71 146 96 125 238 30 143 56 70 216 179 52 205 43 188 219
    43 67 216 236 109 243 21 231 45 207 125 233 97 250 49 58 201 251 17
    18 57 100 248 143 143 218 2 162 128 29 111 75 28 136 90 202 51 119
    54 210 105 47 0 200 78 69 7 17 102 146 57 218 128 108 122 177 106
    139 219 205 10 251 173 156 30 84 246 165 204 57 120 25 73 223 47 247
    72 186 225 238 135 179 70 39 180 10 15 190 139 62 28 102 7 212 204
    173 81 162 188 88 54 32 156 124 27 218 228 209 227 15 196 0 174 19
    52 118 188 46 53 42 244 62 10 74 57 202 184 225 96 51 63 139 116 9
    217 96 186 238 181 241 77 125 29 26 143 196 242 196 85 3 3 148 172
    242 78 219 243 143 201 0 219 96 2 164 234 238 52 82 1 189 22 201 81
    103 241 112 167 45 81 108 183 48 114 17 66 34 95 133 159 205 31 111
    104 180 56 199 19 151 85 71 138 130 161 57 104 11 237 202 144 101 38
    95 132 137 254 211 206 44 224 202 235 124 90 2 62 41 104 64 158 212
    142 4 173 66 36 11 165 0 50 122 69 184 156 39 230 147 219 206 99 90
    201 90 53 192 198 88 79 139 44 81 139 131 36 140 192 36 56 238 34
    194 141 151 232 26 252 90 166 159 79 254 202 47 238 43 136 22 27 61
    57 24 215 82 92 92 13 212 10 18 54 158 48 5 46 5 222 81 9 96 7 234
    173 149 7 168 37 215 177 207 81 170 49 80 180 175 36 130 70 113 113
    48 83 66 170 241 162 148 179 49 249 58 181 209 35 223 91 50 58 190
    217 27 134 84 45 124 224 244 112 25 212 217 166 104 37 56 153 176 3
    13 73 53 137 211 223 27 141 52 239 159 76 80 101 98 158 219 205 3
    246 48 69 61 127 105 221 134 31 111 29 30 19 55 136 114 73 120 127
    57 9 63 134 75 126 170 151 80 62 35 26 27 23 60 15 53 245 69 198 34
    15 96 139 203 154 61 1 39 30 97 38 31 63 65 67 43 10 206 145 231 226
    199 201 252 229 202 90 233 9 141 127 245 135 185 6 58 69 206 75 60
    136 159 250 126 30 49 108 30 133 192 188 168 44 76 14 236 243 159
    120 194 32 133 70 232 31 149 177 215 100 164 121 181 132 136 24 71
    142 39 55 108 87 212 86 31 40 42 219 191 194 253 24 126 147 193 229
    179 129 215 73 102 180 108 107 60 140 183 184 106 150 86 61 160 106
    194 72 1 28 175 127 83 214 120 215 220 184 216 199 81 182 10 13 230
    224 166 190 73 86 189 48 140 120 155 204 130 86 104 151 70 237 238
    67 203 231 35 212 222 214 223 32 33 142 47 151 63 76 210 93 87 216
    207 91 80 13 44 215 95 138 150 144 177 24 109 195 242 12 148 234 211
    42 218 199 248 198 123 2 47 131 156 239 2 211 209 181 96 247 164 4
    37 19 12 139 124 4 124 172 39 65 238 115 30 122 92 34 198 226 163
    168 22 134 37 183 30 68 68 157 40 246 253 15 50 40 118 194 26 228
    248 173 67 148 231 26 38 228 146 168 131 156 104 115 128 208 81 6 4
    144 61 162 184 254 53 124 158 234 56 72 70 84 73 26 248 97 183 53
    139 71 146 121 63 128 173 200 204 46 196 252 138 124 144 164 203 222
    224 152 205 236 122 10 83 57 19 101 243 3 130 239 219 198 107 101 9
    183 66 164 193 38 244 92 210 115 78 45 203 69 172 102 247 114 156
    162 96 82 235 208 136 42 92 13 218 243 27 44 146 108 255 199 224 179
    170 233 40 157 75 42 58 213 41 52 124 123 97 9 226 55 169 198 18 87
    239 236 86 123 24 110 70 154 147 84 214 18 106 148 219 108 27 22 83
    115 251 249 255 164 72 224 69 140 207 111 47 14 154 168 21 168 249
    101 115 23 107 224 54 126 112 190 0 32 29 42 161 97 47 129 192 183
    16 134 183 80 60 105 35 80 156 22 30 39 194 91 5 40 5 113 94 77 227
    114 111 90 135 235 171 26 252 195 183 156 163 66 217 164 20 119 87
    91 148 172 62 178 0 83 47 100 145 23 203 80 122 165 225 87 213 100
    45 233 39 170 103 39 150 112 144 42 116 150 78 176 156 51 19 215 100
    33 17 82 214 212 192 188 172 252 21 242 97 237 239 122 162 6 204 227
    229 198 157 213 181 97 85 3 57 141 207 88 47 25 251 183 20 55 60 91
    38 177 251 121 245 137 41 218 80 42 142 87 101 217 40 35 204 243 108
    216 57 177 213 87 242 25 200 184 181 92 148 193 239 55 96 203 140 68
    236 46 4 99 104 119 220 234 218 115 102 241 78 143 51 163 226 200
    183 14 124 154 189 163 95 172 239 234 95 177 46 239 145 5 158 248
    132 191 242 144 159 43 30 124 143 62 188 212 73 180 24 129 21 79 241
    124 127 27 93 126 75 228 174 54 94 104 28 22 7 101 161 205 236 165
    137 44 92 3 6 53 112 21 93 132 159 26 232 36 24 122 216 72 32 10 94
    255 251 132 26 28 141 151 221 51 188 24 55 183 193 45 71 223 240 41
    163 43 153 176 43 120 164 239 247 110 186 220 63 133 93 55 60 212
    186 252 220 204 211 175 242 165 182 69 15 201 93 76 68 219 181 134
    14 160 175 182 212 49 213 131 59 77 236 236 11 2 117 76 15 234 208
    74 241 57 130 34 132 95 90 184 175 122 106 169 237 169 112 55 219 99
    185 201 88 118 131 131 214 50 44 29 61 169 148 141 203 61 142 223 60
    253 179 35 179 62 131 74 108 224 11 163 21 32 22 25 59 64 140 100
    137 248 41 57 253 115 248 185 24 47 65 51 100 219 0 193 102 20 48
    238 101 220 6 118 176 56 84 63 188 37 250 240 124 114 10 205 47 108
    224 66 164 74 0 85 80 78 22 238 99 83 69 5 85 26 50 88 52 93 43 170
    253 31 15 16 174 59 61 22 185 63 221 219 182 219 96 34 89 189 190 3
    118 40 234 218 109 235 118 99 197 100 204 59 131 243 226 101 44 252
    66 206 227 243 195 7 113 70 217 201 232 51 17 190 220 53 147 93 165
    232 7 175 13 173 159 88 139 201 22 14 168 65 250 243 221 24 44 69 54
    72 80 228 207 140 109 79 32 219 18 132 89 186 95 173 125 170 199 94
    10 170 157 159 91 103 73 25 213 124 3 146 75 158 89 54 53 184 195
    241 127 247 160 3 28 63 178 62 224 32 199 12 2 28 106 213 223 239
    219 63 133 62 47 107 103 192 173 237 174 167 122 3 230 2 240 75 245
    189 120 82 210 122 27 75 216 101 57 137 61 186 157 39 66 114 67 253
    35 152 122 46 162 134 212 135 221 45 78 189 232 197 228 133 248 14
    35 223 130 68 7 183 136 41 38 154 71 147 129 113 9 89 248 38 212 150
    106 159 186 28 116 22 73 200 1 164 241 24 67 48 84 130 157 15 161
    134 6 39 89 249 20 53 154 36 254 233 68 114 116 209 46 230 96 24 47
    115 59 109 26 149 18 58 125 132 181 191 93 229 102 154 209 60 130 22
    107 28 196 67 219 58 207 56 144 192 118 65 158 7 162 149 68 166 163
    176 204 206 134 139 166 61 187 196 249 190 78 155 163 218 250 122
    214 80 17 29 122 97 219 128 149 245 121 40 23 165 91 3 123 131 85
    162 150 80 182 239 19 49 158 160 106 60 73 215 192 94 16 229 86 52
    76 105 204 224 129 164 41 145 81 255 250 19 240 148 61 178 54 187
    112 1 129 252 238 181 179 80 32 164 205 240 241 220 162 160 45 171
    159 2 6 163 71 45 95 4 221 105 201 132 156 226 110 61 150 45 31 173
    113 107 85 149 57 247 146 110 27 109 47 199 127 116 234 139 99 237
    157 150 141 84 3 208 156 29 149 98 76 55 97 183 125 106 123 93 82 21
    151 95 231 63 250 50 215 219 7 163 156 200 170 251 17 37 188 252 101
    200 233 44 239 186 144 71 97 83 80 120 47 178 166 133 236 189 167
    133 144 67 174 245 153 235 250 158 92 5 206 95 22 59 237 117 209 30
    111 144 104 11 12 29 36 19 137 229 168 135 200 171 163 228 56 67 152
    195 85 115 112 46 149 79 149 196 48 42 79 134 196 135 217 124 248 11
    122 203 11 5 127 208 199 16 239 238 148 73 251 123 78 221 99 104 34
    241 231 48 174 40 232 71 101 174 11 89 78 81 36 28 67 55 60 240 94
    96 128 72 247 238 95 42 166 43 64 30 252 83 84 182 159 99 31 164 220
    55 176 201 82 78 199 132 182 107 213 188 102 139 137 59 232 101 127
    89 253 175 54 209 148 74 62 16 171 237 146 62 139 199 123 120 9 97
    227 146 187 3 117 185 23 27 121 32 15 59 181 192 50 120 25 205 81 80
    167 155 56 235 106 203 99 120 220 4 191 238 201 192 57 249 238 108
    202 34 177 243 71 244 183 174 88 240 111 200 242 226 102 45 97 133
    180 155 135 162 135 219 37 253 92 101 52 243 131 228 93 202 75 144
    29 71 179 180 166 36 145 135 103 11 236 240 177 115 112 203 65 74 81
    73 255 88 42 80 68 254 235 183 78 26 5 51 153 89 235 178 116 62 248
    118 119 152 229 17 69 235 148 189 210 185 34 206 28 173 188 93 103
    69 25 34 108 136 18 82 221 4 32 179 26 238 26 251 231 185 58 175 117
    219 136 9 233 24 238 79 18 5 133 21 90 155 24 69 125 16 14 183 42
    238 176 0 229 126 220 112 122 22 182 192 158 155 69 23 80 75 168 234
    3 19 244 94 70 10 45 146 244 109 9 212 30 123 175 234 10 12 119 49
    164 113 88 130 129 111 186 82 82 50 140 59 28 197 86 173 97 22 64 47
    39 93 30 195 65 129 160 63 189 233 117 18 183 118 53 45 190 52 239 1
    19 134 86 203 115 203 199 207 85 150 246 159 247 189 44 188 218 109
    29 74 91 136 193 53 228 96 142 239 108 192 68 87 204 134 250 225 15
    94 190 214 63 32 163 138 130 54 150 71 25 194 96 195 113 126 105 78
    216 191 73 47 58 163 67 32 143 245 228 243 214 103 98 39 242 1 44 98
    128 190 55 235 177 225 139 255 45 130 101 250 175 69 48 162 204 187
    182 161 26 38 62 112 122 155 96 152 101 64 196 47 74 228 47 7 13 123
    175 217 58 2 156 68 223 105 82 146 206 126 146 238 127 175 88 75 39
    245 238 92 131 58 205 111 94 114 0 100 29 81 203 181 185 147 107 41
    44 74 37 123 83 98 34 68 234 141 53 7 55 55 161 220 152 23 45 220
    116 130 61 238 170 39 232 103 83 222 68 48 0 105 218 7 0 197 241 202
    129 57 62 239 228 152 54 76 124 169 93 127 225 85 159 81 77 163 80
    100 254 184 102 49 198 104 86 159 86 104 134 108 196 126 70 207 203
    211 63 215 69 100 90 167 218 186 4 212 164 155 96 234 155 148 235
    126 72 94 24 173 218 43 53 158 208 123 137 96 230 244 218 129 28 154
    121 49 118 29 41 128 248 213 3 168 237 211 52 112 124 63 69 50 143
    100 148 234 147 194 159 4 110 73 35 36 230 81 84 181 200 70 156 203
    13 177 136 62 79 192 115 61 112 247 248 65 239 83 145 123 213 57 237
    118 51 3 224 109 104 27 221 144 204 129 96 19 250 6 165 49 193 61
    117 188 29 54 25 14 184 145 204 108 69 195 75 134 75 109 245 218 178
    235 137 134 240 3 171 220 178 227 186 187 57 10 37 234 109 249 120
    234 220 192 15 206 181 220 181 157 128 230 209 237 148 187 197 200
    189 201 77 191 111 60 66 14 237 2 201 76 159 118 34 26 56 221 206
    220 177 39 193 105 141 18 147 230 104 142 43 113 110 89 245 238 193
    63 251 54 0 250 175 223 221 198 222 133 170 24 232 66 232 170 65 162
    245 205 161 203 17 149 154 43 201 144 85 104 44 239 20 174 102 21 80
    198 46 170 80 116 245 30 151 238 72 230 245 41 76 80 190 14 206 33
    225 183 95 0 220 46 0 97 109 186 161 132 57 161 76 144 240 218 251
    170 62 84 127 0 166 150 157 179 159 141 191 216 107 40 142 27 95 49
    179 121 131 52 49 86 32 112 123 175 147 195 163 130 161 132 95 162
    152 111 83 98 191 224 70 111 36 209 8 120 159 78 253 220 108 210 211
    108 55 24 134 105 58 93 171 161 140 26 89 29 128 55 249 95 0 65 40
    229 57 187 198 224 193 23 105 203 199 189 193 64 88 139 46 181 4 50
    40 221 177 115 151 13 210 170 172 224 207 247 169 19 251 161 72 221
    78 235 80 211 114 130 239 218 18 229 197 131 183 36 13 81 190 138
    135 16 149 178 77 147 250 254 202 39 224 97 230 140 28 244 143 213
    29 111 140 190 169 227 175 255 133 121 71 121 242 225 117 24 176 174
    36 11 60 36 5 52 233 233 200 26 152 26 23 57 88 22 145 15 249 107 83
    174 25 235 98 235 139 212 250 46 151 42 117 176 180 100 136 165 212
    40 1 20 68 117 134 71 60 244 187 153 180 181 234 48 93 218 207 89 88
    251 226 231 223 113 208 71 197 253 235 88 23 207 121 77 55 158 187
    182 183 162 45 52 73 32 241 179 230 158 119 35 55 76 55 62 62 233
    143 252 238 15 105 55 96 156 191 59 122 187 80 32 134 235 157 8 57
    59 144 77 150 121 235 161 187 175 88 234 174 99 117 119 134 31 52 11
    232 89 11 158 195 127 43 123 166 135 90 148 156 33 73 119 45 19 27
    230 118 136 56 57 223 42 40 221 245 216 131 248 139 228 205 68 51
    241 158 38 175 163 193 255 141 155 97 213 172 132 173 236 251 22 85
    110 153 169 125 236 221 138 35 53 89 46 206 251 78 209 104 101 26
    109 105 133 207 247 11 103 86 229 156 172 60 83 232 142 231 47 106
    176 30 167 25 17 246 173 21 114 111 3 62 7 85 79 178 18 182 214 149
    148 19 35 206 248 25 170 96 9 241 156 250 196 157 75 226 188 12 57
    187 86 124 220 125 43 189 105 205 21 199 234 153 145 49 133 235 217
    143 79 245 99 226 134 220 180 241 15 83 219 82 61 26 196 240 224 153
    42 27 147 57 197 80 206 23 125 26 155 167 28 35 38 59 196 244 124
    117 240 242 32 63 178 113 58 240 212 211 69 164 190 91 197 213 94 97
    62 239 209 70 133 77 102 66 6 95 97 88 50 148 106 142 41 86 123 5
    126 187 84 95 221 227 35 183 255 13 90 144 99 70 71 162 111 4 89 173
    216 83 223 110 180 246 102 60 28 12 61 175 203 0 136 201 122 16 130
    251 248 121 231 32 246 241 33 5 119 249 87 79 99 235 43 208 225 89
    12 64 42 157 122 39 136 52 3 145 3 52 49 187 229 51 101 152 220 153
    230 105 187 220 109 225 19 142 93 43 211 36 224 24 174 103 249 72 65
    163 199 120 150 49 177 87 222 63 34 236 61 183 180 148 9 101 234 198
    222 80 165 143 48 85 65 66 121 155 154 220 246 143 48 35 158 39 8
    187 51 104 165 103 188 0 173 197 23 162 208 82 169 196 46 214 2 168
    198 225 246 172 235 188 154 61 146 64 169 12 162 35 64 130 110 35
    110 165 253 78 97 212 79 149 7 22 184 60 109 223 56 84 100 63 84 23
    238 24 22 73 119 103 178 47 131 144 35 224 180 241 195 40 126 0 198
    18 17 169 118 164 33 164 103 117 230 216 31 166 233 227 146 112 84
    254 78 163 197 151 70 81 178 18 75 73 204 19 200 61 233 137 191 143
    107 157 16 148 135 172 64 38 37 180 12 78 76 120 92 72 206 184 133
    28 86 97 142 36 85 170 6 221 203 129 127 156 22 194 118 219 133 92
    222 42 89 111 3 28 106 203 170 52 177 51 150 245 96 247 124 17 205
    26 82 209 44 183 250 46 222 137 112 73 255 191 230 142 160 81 59 96
    81 252 212 83 17 121 37 145 241 99 194 189 18 88 77 51 198 179 133
    190 239 56 56 101 26 89 200 245 42 16 214 147 89 209 73 39 3 147 26
    97 74 36 186 77 106 210 173 1 45 200 158 12 6 7 81 194 28 138 152
    131 3 213 176 250 92 214 161 0 116 84 245 111 68 24 103 104 40 161
    182 55 213 124 138 155 240 246 32 232 143 33 173 172 185 5 8 94 38
    62 128 14 98 45 148 159 52 127 132 178 50 35 233 126 218 68 34 228
    21 69 174 198 54 129 234 92 201 242 20 46 175 101 70 184 4 90 211 38
    71 227 190 249 2 178 120 111 217 124 58 184 192 81 16 46 29 184 38
    237 42 159 132 208 70 176 9 48 60 16 250 154 20 30 101 15 1 136 201
    17 5 120 164 32 109 66 81 83 161 40 87 190 222 50 136 108 30 103 51
    54 245 113 131 216 21 106 14 226 83 54 182 172 3 40 195 215 103 1 81
    78 73 94 72 84 114 199 50 127 53 218 229 113 253 180 192 220 230 199
    58 54 37 25 69 177 139 169 29 226 95 53 213 90 188 139 157 5 169 50
    138 0 234 88 6 172 111 250 189 190 149 115 102 187 249 103 85 115
    105 1 140 12 119 244 177 34 83 78 241 169 72 36 201 196 209 26 103
    203 241 115 168 161 117 249 247 58 227 52 182 139 94 173 157 16 204
    58 209 225 38 13 58 228 75 208 174 68 64 227 38 17 225 251 192 228
    36 197 242 149 103 55 104 255 194 78 64 67 181 76 98 200 54 241 66
    81 34 38 128 126 234 155 235 32 143 12 193 239 88 48 131 196 221 76
    248 118 199 54 95 108 94 24 62 196 24 96 199 228 4 26 40 148 162 1
    125 112 184 62 13 163 13 143 34 154 155 209 251 204 197 197 129 182
    6 157 206 154 94 92 64 24 135 114 124 55 250 8 228 89 206 83 181 77
    163 26 91 175 61 250 83 214 114 10 28 48 117 234 6 139 52 123 98 84
    166 11 27 154 184 242 61 122 191 254 0 76 34 24 25 138 195 223 97 67
    153 167 66 250 230 54 105 69 145 160 159 171 152 117 82 174 42 130
    135 137 75 95 2 40 149 13 196 27 51 91 96 189 35 22 130 157 177 162
    229 135 79 211 46 55 200 233 196 79 100 128 212 193 179 50 234 133
    167 14 196 106 21 49 72 226 145 103 128 149 133 21 46 79 247 174 211
    158 120 154 127 180 185 213 68 67 26 51 230 190 6 100 98 127 62 128
    30 45 209 215 145 169 92 249 87 198 40 151 241 230 131 181 18 38 90
    249 28 44 177 24 161 159 171 103 45 63 0 196 189 204 11 73 121 219
    54 163 59 226 160 24 144 53 144 160 232 187 170 208 142 132 33 199
    83 40 221 182 241 114 194 192 166 54 174 44 67 110 182 27 184 12 149
    215 158 62 229 139 147 81 27 104 241 192 114 164 112 250 91 37 38
    251 120 200 47 220 109 96 119 157 104 186 75 121 198 34 86 62 225 82
    41 147 202 32 124 84 72 222 241 157 207 177 13 122 12 106 102 243 79
    69 82 76 48 189 124 78 203 140 219 166 68 71 23 6 162 21 2 73 116
    141 56 241 62 123 65 193 177 77 100 45 48 197 236 225 98 172 85 150
    134 241 53 56 122 121 68 224 195 25 47 137 233 71 68 171 185 130 216
    7 244 51 158 18 125 19 237 24 89 248 156 157 87 245 62 74 151 81 150
    128 202 244 148 203 171 35 227 248 60 59 42 196 21 47 172 163 125
    113 83 167 48 26 160 114 22 218 115 248 249 129 110 236 160 30 201
    29 212 170 88 95 248 221 148 138 226 20 37 56 28 190 134 34 44 20 30
    148 103 226 72 35 69 125 97 159 156 235 114 187 25 112 140 121 6 202
    194 146 106 91 20 13 145 154 140 31 75 18 162 41 121 189 116 148 112
    130 251 242 22 66 202 234 30 231 126 226 205 179 101 192 194 81 151
    139 57 97 215 193 172 254 102 137 230 27 207 58 52 213 184 150 199
    162 126 110 28 177 6 179 178 200 202 181 111 124 241 6 255 62 40 128
    159 187 107 33 185 137 43 168 109 144 229 164 115 156 184 253 177
    205 234 213 16 38 80 53 111 27 58 193 143 215 228 128 55 219 221 215
    39 112 247 241 255 213 246 86 29 151 202 118 213 197 209 152 134 197
    79 146 161 151 171 144 224 176 215 216 214 149 61 245 173 64 74 103
    242 207 76 48 88 55 34 152 121 144 59 58 158 64 128 168 81 191 89 93
    131 195 210 138 168 90 154 77 138 15 13 79 57 184 187 241 19 119 66
    228 236 180 187 62 61 61 185 13 30 91 195 146 100 2 143 209 7 91 112
    130 219 176 134 133 218 189 9 122 166 67 238 242 3 126 169 141 69 13
    170 234 73 121 32 147 87 207 177 194 206 161 53 59 253 113 41 44 189
    232 96 31 24 68 32 61 100 151 237 253 117 250 181 41 240 17 255 241
    237 33 105 42 7 255 55 44 108 4 169 21 42 34 197 22 230 172 64 77
    103 79 18 122 82 183 174 118 219 213 69 55 15 176 105 102 84 4 129
    240 119 101 178 29 163 132 182 79 14 100 85 91 203 223 197 19 53 149
    204 94 55 233 232 244 182 10 192 171 26 19 237 217 25 94 152 187 34
    248 209 115 143 229 112 111 114 90 176 121 188 148 252 17 113 124
    167 145 158 179 234 158 74 111 193 201 34 174 232 92 204 75 113 42
    222 67 9 26 103 196 101 134 31 237 133 209 131 29 227 222 216 110
    179 127 38 17 43 192 109 207 127 173 208 142 97 146 165 202 120 191
    111 122 163 117 115 34 185 51 216 80 238 241 97 216 226 243 89 188 3
    99 70 235 98 206 108 101 23 103 84 168 217 112 45 64 61 197 12 181
    183 52 5 227 104 7 49 210 61 195 132 154 241 193 134 80 1 166 105 10
    61 91 168 99 58 20 248 149 163 253 108 86 8 103 226 106 72 26 119 41
    177 169 46 77 186 185 54 114 255 127 148 207 137 232 206 127 51 82 4
    189 160 5 114 44 18 21 76 238 104 63 166 133 99 103 176 196 233 119
    214 193 195 97 210 123 141 253 250 228 228 229 160 119 227 254 87 54
    116 59 224 60 34 226 254 77 168 71 206 110 135 255 190 199 82 117
    200 131 137 215 202 72 55 11 22 139 7 60 82 70 95 216 5 161 78 68
    121 24 100 93 126 213 99 219 100 40 8 34 44 73 75 33 6 52 17 45 135
    135 141 39 87 83 221 148 210 204 163 88 255 122 164 54 252 11 179 96
    157 202 161 76 55 6 21 226 228 56 18 16 145 189 14 104 123 28 39 242
    84 185 183 36 46 146 86 98 193 146 214 254 127 149 253 99 134 235 23
    194 38 112 244 251 159 78 124 132 124 190 182 148 219 158 202 251
    151 192 115 1 17 141 83 115 73 148 104 1 176 132 58 37 207 231 70 62
    110 3 117 146 103 200 91 157 205 71 116 75 157 245 89 198 127 163 77
    92 198 194 219 165 240 62 36 143 79 59 167 57 91 108 183 151 120 180
    94 230 125 182 36 220 36 65 41 172 101 138 35 107 207 14 182 123 90
    150 172 209 134 173 255 150 122 181 100 21 53 88 144 51 240 204 137
    247 75 107 179 22 36 251 255 68 73 42 254 115 213 242 39 53 181 204
    93 17 182 218 234 223 56 24 98 197 124 143 29 180 207 117 144 166 11
    227 205 147 140 79 18 142 68 76 66 100 48 49 150 188 220 136 236 110
    42 158 46 83 89 7 227 78 90 118 70 56 6 229 42 15 0 118 74 145 74
    235 63 145 188 234 150 136 52 194 201 35 106 183 59 27 198 120 13 30
    166 225 93 5 109 128 236 248 8 114 238 102 58 75 196 252 60 217 216
    223 80 111 91 37 138 200 95 143 46 7 123 210 27 92 239 171 183 86
    184 230 204 155 127 146 153 174 43 233 252 225 240 189 241 84 237 49
    26 231 157 210 6 92 90 138 116 8 213 154 113 251 76 105 238 59 50
    209 144 7 210 78 250 113 109 116 70 29 79 104 32 17 138 32 111 131
    10 70 126 222 27 205 238 241 14 223 11 70 156 94 198 178 51 222 166
    94 160 214 91 254 48 89 191 160 204 254 110 176 166 3 244 192 228
    140 226 71 36 215 141 178 117 152 78 235 248 209 247 31 194 130 23
    230 87 31 58 81 223 157 236 131 205 210 240 216 54 102 78 147 132
    227 63 92 117 91 207 187 99 141 183 185 39 48 85 166 131 195 163 198
    20 2 138 189 85 165 189 105 160 244 15 56 255 84 35 246 142 69 94
    112 206 205 53 117 26 218 89 5 250 183 233 66 60 60 253 122 249 137
    214 239 250 116 71 249 2 120 32 65 109 104 230 131 180 207 92 203
    236 150 38 211 242 108 39 181 216 129 251 94 196 166 220 220 21 122
    115 59 31 85 16 52 230 230 213 141 155 173 188 23 64 15 49 79 76 1
    149 232 115 147 209 243 101 43 12 37 177 38 140 153 72 236 235 83 48
    221 52 254 76 136 203 159 153 222 222 20 237 153 101 155 210 188 14
    234 112 125 247 85 121 113 181 82 105 68 28 222 173 135 154 121 234
    148 118 85 167 30 186 253 7 209 24 137 238 255 145 34 241 5 49 224
    166 109 11 199 9 123 26 215 100 164 216 100 213 1 60 221 231 72 67 6
    40 23 52 211 43 27 232 221 163 114 246 145 168 79 66 247 188 247 71
    53 125 215 166 240 51 171 71 63 232 159 235 162 8 16 128 211 60 82
    40 25 55 216 60 189 120 1 236 129 84 67 211 171 12 234 242 216 40
    253 146 73 2 102 221 150 246 94 239 212 71 173 232 35 14 215 14 157
    144 28 3 127 95 17 232 73 73 225 83 107 98 37 8 18 61 49 248 101 148
    222 59 62 2 157 183 30 131 80 187 4 74 73 122 117 208 28 235 158 170
    29 111 42 229 3 193 55 114 220 140 200 75 124 223 52 189 249 186 126
    63 112 170 2 112 66 118 38 23 174 117 24 62 200 224 187 126 219 49
    179 232 147 6 18 75 42 81 19 207 125 118 70 129 96 244 35 86 228 240
    228 229 209 189 189 255 206 242 46 107 145 72 108 160 231 237 233
    223 8 63 141 37 250 157 254 50 30 251 249 169 153 178 181 93 134 102
    165 189 56 12 245 196 148 82 251 110 31 158 42 248 254 28 16 138 153
    23 0 195 113 226 169 51 189 234 27 166 139 160 122 87 247 50 41 162
    50 247 238 107 51 14 124 131 7 128 141 107 109 113 67 181 183 74 158
    19 193 231 226 85 119 228 1 46 58 6 255 91 219 229 65 28 240 128 145
    168 50 175 2 49 226 223 159 36 44 225 247 121 30 194 26 205 126 132
    197 167 232 155 218 97 238 177 157 29 253 254 109 220 132 230 226 26
    134 48 63 60 202 46 72 165 193 19 12 205 146 66 226 34 36 136 89 213
    101 161 174 198 158 156 233 162 93 150 61 16 224 124 107 42 219 47
    93 4 100 49 45 77 227 244 180 137 177 61 121 210 244 65 176 71 143
    128 137 93 151 210 203 68 119 252 67 248 110 94 73 169 166 143 51
    186 131 204 147 4 1 180 169 70 78 187 236 171 134 96 102 48 117 126
    5 179 255 88 216 195 19 189 56 237 247 207 236 226 141 88 127 205 11
    150 248 132 14 93 183 175 133 202 137 189 114 124 211 9 226 92 61
    243 59 86 118 16 125 219 92 180 233 160 59 32 92 1 204 81 159 96 100
    171 96 37 188 161 92 67 161 236 172 133 211 235 52 141 191 109 209
    237 145 97 142 218 134 167 151 250 88 105 159 77 255 27 160 205 70
    91 27 42 207 167 253 70 136 136 147 218 195 59 223 53 192 201 198
    223 44 186 70 120 168 69 150 86 219 252 200 215 131 149 126 221 3
    163 64 31 205 255 22 20 237 159 147 87 127 39 107 137 25 90 163 227
    197 4 162 249 62 251 101 73 126 142 121 36 207 66 9 215 38 115 130
    23 173 104 128 84 130 47 222 102 198 114 252 227 59 196 185 250 209
    125 190 241 250 199 169 125 14 227 233 225 172 223 62 48 163 196 90
    185 48 146 124 210 105 25 244 146 207 100 80 232 160 216 145 15 146
    189 31 51 122 2 148 107 0 175 86 110 113 219 97 78 247 144 125 203
    163 99 194 194 109 244 144 250 247 60 223 83 12 94 15 215 234 87 65
    110 59 16 175 182 53 13 141 103 141 214 207 224 19 49 52 241 181 69
    178 240 197 0 93 193 55 131 209 118 151 94 248 247 138 121 169 190
    20 31 11 134 254 85 67 72 160 140 96 152 21 126 154 43 195 78 185
    101 166 242 247 22 190 96 4 178 100 36 157 154 146 105 114 80 114 25
    40 100 1 214 120 108 78 100 217 250 16 0 170 134 87 230 218 119 101
    172 159 207 83 135 252 148 222 121 245 248 141 35 211 69 75 93 29
    170 88 122 100 225 218 96 219 169 246 59 61 89 35 14 213 224 12 129
    240 229 147 191 70 57 231 64 0 5 47 150 127 67 181 134 122 124 18
    146 224 254 130 47 102 168 116 202 131 176 218 116 73 178 93 63 224
    251 226 190 9 236 215 117 16 219 8 162 3 25 70 156 51 214 70 227 238
    176 177 251 41 217 83 131 27 204 106 171 223 40 25 225 9 189 228 66
    57 249 136 41 135 238 159 101 124 128 253 116 151 17 167 187 3 161
    239 253 222 194 85 212 221 122 150 112 170 235 174 185 65 154 251 1
    185 151 137 2 89 179 127 223 76 88 181 122 154 227 169 31 168 129
    139 153 28 116 163 185 110 135 18 190 210 35 47 47 127 159 176 11
    133 177 150 56 178 93 154 15 231 125 241 3 209 167 25 94 22 77 40 97
    38 172 12 5 171 132 162 164 133 214 161 154 103 4 169 226 125 18 154
    170 110 235 185 191 32 60 208 136 64 78 46 101 236 104 125 162 144
    70 171 172 254 42 252 117 59 149 108 108 168 37 226 141 204 121 225
    108 254 219 178 149 134 53 39 161 72 63 95 2 169 51 47 220 67 59 182
    75 118 120 10 193 40 159 115 213 132 160 26 179 95 45 150 122 14 167
    120 189 226 198 162 50 168 246 158 134 225 212 10 96 240 167 169 206
    108 165 196 223 156 192 162 231 79 194 57 92 88 41 118 42 146 111
    177 32 67 205 46 243 3 234 101 36 144 218 8 64 125 247 153 89 145
    112 148 72 249 207 230 191 98 48 26 110 88 231 240 255 89 179 76 194
    228 43 114 147 178 76 245 82 157 241 6 249 228 83 202 71 5 214 240
    130 8 19 5 9 146 145 128 62 225 75 254 116 161 0 66 202 163 154 228
    253 119 24 250 12 240 76 184 124 165 79 153 160 149 87 86 122 214 83
    165 172 200 247 44 22 130 238 54 163 195 164 224 85 85 121 192 76
    113 127 162 245 3 36 222 142 152 206 137 47 196 108 57 200 25 81 163
    217 239 10 14 152 74 244 163 106 196 105 137 243 234 41 234 245 162
    140 26 22 179 224 193 155 81 49 244 216 207 162 149 26 228 176 33 83
    189 159 156 200 50 141 4 32 219 64 159 244 216 143 62 97 24 255 112
    145 78 238 68 198 62 243 20 41 243 88 104 97 47 234 28 156 94 135
    183 207 12 78 9 14 34 234 236 195 168 200 198 225 122 212 178 144
    107 244 29 36 2 255 86 89 52 178 135 246 10 120 165 172 203 13 105
    229 187 22 208 74 70 199 102 3 233 246 217 3 194 40 163 239 230 84
    138 212 195 196 42 226 162 161 218 129 247 100 59 49 70 106 18 131
    53 243 200 100 67 74 12 87 171 111 107 183 82 243 223 45 200 181 227
    104 100 193 229 208 159 202 21 224 234 179 232 221 124 29 141 120 65
    123 158 128 120 129 192 17 218 214 215 188 46 149 97 249 27 120 242
    119 17 106 100 28 24 79 112 247 98 173 105 235 208 188 61 155 44 122
    230 203 226 8 158 95 201 129 243 190 87 146 227 165 237 137 15 129
    53 147 34 55 113 65 121 149 220 102 81 131 168 146 11 157 11 18 218
    242 27 14 126 130 39 97 133 100 178 77 235 176 200 248 132 216 110
    209 46 134 203 37 218 68 64 143 54 132 111 185 11 199 175 194 177
    249 93 236 80 177 148 58 150 109 70 210 227 214 217 243 181 120 97
    90 49 31 127 50 206 248 186 158 21 9 47 125 69 232 112 66 128 81 155
    188 128 131 131 189 36 205 98 86 123 67 211 168 69 78 99 98 95 52
    215 253 9 89 114 110 64 74 68 32 160 197 59 92 120 189 108 121 135
    140 125 5 143 26 56 151 190 82 250 176 117 128 44 183 204 149 211
    253 58 53 6 236 166 84 61 222 227 244 219 239 241 202 170 113 147
    153 14 207 89 114 92 93 243 75 133 138 35 157 233 104 86 26 213 138
    170 147 104 6 79 84 167 62 90 189 203 117 155 208 22 106 51 161 239
    231 188 99 32 53 53 43 3 38 55 183 100 227 125 232 46 88 33 75 2 193
    44 249 198 55 188 194 31 205 70 224 230 141 142 99 227 155 135 153
    238 159 252 21 21 172 42 14 110 4 180 212 251 142 141 161 175 181
    218 51 176 232 135 117 196 221 227 27 253 56 222 26 150 183 6 54 38
    28 58 77 227 173 229 110 80 254 247 36 1 213 66 218 188 26 20 230
    147 136 10 75 154 160 131 228 242 156 234 210 213 207 1 229 178 254
    99 239 85 62 71 1 72 115 242 48 58 174 2 204 139 58 56 65 204 38 224
    32 193 6 53 99 1 48 15 35 3 50 155 102 236 129 35 95 142 23 53 111
    244 201 98 152 112 55 216 166 72 233 55 218 70 186 232 239 232 138
    246 217 154 0 22 179 148 98 90 170 16 190 188 235 69 90 1 30 120 108
    138 165 20 98 251 13 248 166 50 230 249 106 35 249 255 137 65 216
    177 0 70 186 100 131 68 206 222 189 186 119 158 182 95 118 98 201 88
    24 23 204 64 59 66 232 185 248 40 10 200 237 137 140 199 214 105 34
    112 195 114 113 205 255 254 137 120 137 88 250 162 249 247 158 36 40
    219 108 196 19 25 92 151 212 106 114 217 203 218 186 250 179 187 186
    96 239 166 17 138 140 203 220 50 242 96 174 156 167 220 45 11 248
    236 39 217 14 92 18 136 242 116 87 116 203 161 37 25 193 90 208 114
    68 221 29 117 68 54 206 226 170 88 88 71 180 33 131 81 69 45 163 213
    38 171 231 189 37 91 193 191 186 81 15 66 85 234 236 135 210 56 218
    48 26 153 252 59 170 136 216 19 84 163 80 15 164 139 58 109 102 201
    127 52 237 18 230 65 31 47 138 255 168 7 39 76 20 104 161 171 68 119
    82 102 154 208 130 195 111 237 230 34 64 86 191 94 217 120 108 13
    198 116 64 202 177 137 107 109 37 89 34 251 161 15 7 74 66 84 120 99
    25 252 79 95 178 182 57 74 187 14 35 250 53 46 16 100 189 50 27 212
    215 133 58 195 77 61 163 71 153 52 89 88 64 25 242 97 150 7 165 255
    202 22 70 91 193 45 42 239 45 236 88 58 253 180 205 73 35 128 222 73
    224 23 109 166 55 101 64 216 130 29 148 43 164 90 228 255 77 61 151
    166 2 192 180 164 34 9 90 39 138 99 34 42 159 56 245 70 103 114 118
    186 172 109 6 75 213 182 206 188 44 81 243 239 192 48 208 200 216 71
    235 66 151 190 220 74 74 86 97 186 207 94 250 32 189 50 31 174 154
    200 84 146 53 186 162 183 225 34 79 211 68 124 6 27 172 34 244 209
    39 216 122 223 106 4 149 1 59 129 83 79 222 157 74 91 26 142 133 162
    161 126 24 128 177 212 37 57 44 52 129 40 47 218 119 58 216 228 230
    2 235 13 95 49 209 209 189 199 35 84 221 127 157 42 125 244 147 115
    255 4 106 39 239 193 231 60 132 119 22 105 160 79 164 79 55 197 125
    165 136 222 241 55 87 26 116 220 36 214 97 124 200 88 69 26 118 99
    224 233 216 51 190 204 125 215 109 114 32 182 237 216 78 59 142 167
    231 121 94 4 145 158 187 87 7 13 97 125 255 177 160 191 248 160 114
    240 205 80 149 79 46 4 178 61 156 78 16 37 210 32 65 117 181 119 219
    107 65 204 28 85 62 110 179 26 79 65 111 242 94 137 239 50 28 134
    180 104 211 186 50 57 24 180 176 161 137 159 235 111 219 109 104 21
    100 244 252 213 79 175 194 71 224 110 89 147 65 83 21 230 246 130
    233 63 134 224 107 54 76 161 254 38 20 172 204 132 201 200 70 53 76
    187 167 22 131 120 89 171 154 119 78 241 17 84 96 10 50 159 116 186
    29 113 124 9 48 199 140 33 192 62 138 78 22 99 115 25 14 192 102 156
    199 255 104 196 158 54 167 152 200 149 255 223 238 250 39 199 244
    230 98 103 130 108 89 64 39 236 179 32 139 222 89 255 33 216 125 70
    200 125 60 139 110 159 148 205 230 215 140 212 138 66 243 125 111 9
    79 220 99 35 48 128 176 200 144 18 153 70 226 22 53 200 203 15 0 48
    158 31 54 51 15 72 197 244 88 186 236 79 125 8 83 180 149 202 202
    163 61 159 203 179 232 209 96 171 254 177 102 57 102 104 138 120 229
    56 139 244 198 181 175 177 184 23 6 93 68 76 255 191 31 54 104 57 51
    246 207 158 71 130 141 214 229 84 98 140 251 21 21 15 143 241 57 215
    231 229 126 217 142 188 107 190 163 16 251 227 54 52 2 184 54 151
    164 16 108 124 161 133 166 49 36 250 116 169 12 78 79 122 35 248 142
    235 207 86 195 236 200 68 145 147 148 227 21 132 65 100 98 144 126
    246 177 212 29 108 75 102 1 129 37 171 233 209 203 74 132 3 113 196
    154 39 202 102 59 57 154 222 47 87 90 247 89 26 172 109 221 53 173
    122 241 114 85 138 174 220 14 171 177 240 226 210 136 154 97 89 235
    177 138 208 123 131 186 143 249 178 160 11 155 142 36 104 123 17 255
    127 61 115 251 125 155 225 132 25 80 138 191 137 65 99 103 22 245
    172 254 197 213 52 218 54 37 45 95 159 140 10 121 49 72 55 206 144
    245 130 32 242 228 124 160 38 114 127 120 25 226 25 129 138 204 114
    94 189 101 188 152 82 169 205 79 55 167 205 85 170 203 158 157 111
    43 1 179 177 123 1 67 136 188 8 199 109 252 177 141 12 194 102 213
    160 186 105 253 20 141 157 133 162 106 95 51 119 134 102 151 78 109
    27 33 29 62 90 239 148 104 201 192 194 1 214 111 10 241 186 58 7 75
    109 4 130 71 245 231 94 10 133 119 11 206 69 156 116 199 3 234 197
    247 93 167 97 119 229 148 177 165 76 137 163 21 4 208 220 32 200 116
    9 211 97 244 157 131 228 120 49 34 113 128 108 151 238 27 224 20 2
    188 246 125 93 100 20 159 55 25 165 94 240 101 255 161 12 43 61 10
    191 217 20 227 45 41 244 150 174 111 189 231 44 143 202 237 46 129
    212 91 87 241 42 5 94 172 119 212 9 247 121 20 251 171 139 72 15 2
    151 103 161 38 188 193 133 181 92 50 223 195 106 17 220 43 162 100
    91 136 83 161 226 137 249 178 228 166 32 249 33 191 122 251 97 139
    105 61 114 34 194 111 54 226 130 150 125 117 65 230 118 253 180 226
    157 245 104 104 236 198 143 16 98 145 222 56 83 246 23 18 219 105
    196 54 20 133 12 95 218 196 251 226 73 168 199 56 83 232 243 107 95
    166 219 85 144 64 251 173 17 65 122 172 89 152 213 39 83 130 106 133
    206 248 156 7 32 153 107 76 219 78 173 78 240 237 67 242 218 122 6
    22 118 229 86 180 189 83 135 131 211 49 15 219 141 53 85 153 67 148
    41 139 201 54 35 125 141 155 249 59 169 179 243 55 236 7 191 150 226
    131 220 140 213 239 105 190 216 61 230 77 131 184 182 69 212 51 69
    254 246 71 133 22 56 241 36 104 106 197 88 13 52 71 227 131 73 49 39
    254 200 252 114 110 135 29 236 179 47 26 248 205 39 124 219 165 161
    71 234 120 190 192 78 140 63 231 159 227 215 109 60 51 213 179 122
    139 108 159 112 177 150 101 226 222 169 3 28 62 245 1 60 185 10 87
    159 128 183 67 248 115 113 159 165 248 249 37 101 232 35 202 7 179
    244 245 113 137 136 215 56 5 205 113 82 127 208 20 190 121 234 164
    32 94 46 56 177 8 2 234 62 158 122 191 223 17 42 202 67 34 29 82 127
    15 235 147 23 70 14 214 251 248 194 248 7 159 62 91 178 100 229 163
    185 6 48 173 162 156 239 212 169 44 190 30 176 242 198 66 214 65 27
    134 138 165 177 177 39 238 246 146 90 122 167 75 218 47 133 147 135
    38 184 132 122 67 94 56 193 18 128 243 233 164 105 214 253 232 93
    116 151 95 243 26 189 234 121 106 78 179 47 69 165 163 166 61 167
    138 125 58 234 177 103 248 251 138 40 127 199 116 251 241 149 71 67
    178 114 238 161 219 82 183 116 254 4 32 157 117 234 222 64 19 84 137
    96 212 164 117 56 223 92 31 1 47 208 196 69 245 247 217 154 172 94
    90 248 121 182 161 40 195 245 125 48 232 186 89 37 231 12 231 22 159
    2 21 88 110 23 44 84 21 158 68 0 239 217 154 28 120 122 103 42 252
    72 172 43 91 12 23 148 141 99 108 15 113 105 9 44 127 163 232 213
    117 133 69 193 246 202 140 110 199 67 242 193 207 94 217 36 102 120
    43 25 149 217 23 96 228 118 38 246 187 182 197 252 44 170 26 100 48
    201 203 174 5 10 166 6 223 5 24 113 218 246 136 53 222 56 33 108 58
    3 214 84 93 131 188 119 63 109 81 82 111 230 10 19 14 49 174 130 212
    154 175 44 58 35 161 160 194 252 133 157 128 197 124 183 198 4 129
    158 193 15 139 196 60 124 185 230 221 111 165 47 229 166 216 85 118
    36 144 59 209 49 4 174 0 40 159 95 157 182 110 201 11 181 78 20 131
    116 32 52 187 124 65 62 84 137 92 206 80 180 195 64 197 184 44 222
    151 6 124 136 218 252 255 9 58 32 200 80 21 39 64 180 138 133 31 30
    198 92 160 153 131 48 20 198 227 241 194 248 118 214 25 74 39 117 54
    235 79 9 227 35 250 232 255 233 138 155 106 195 151 75 48 182 106 2
    199 106 189 251 118 26 2 39 14 127 120 29 203 18 29 186 17 68 240
    231 6 123 94 230 8 80 168 128 222 201 226 110 102 165 81 67 65 16
    200 35 232 136 96 253 226 188 129 206 60 8 111 158 37 87 138 15 11
    129 216 254 232 40 35 39 242 39 106 232 224 229 25 140 124 253 104
    240 28 162 128 7 129 101 188 247 164 82 162 130 241 127 228 6 246
    202 99 21 116 32 156 182 251 24 240 243 79 129 227 95 191 152 226 0
    209 247 232 165 62 61 58 8 3 35 26 155 246 251 70 184 246 178 39 142
    117 132 254 244 180 19 207 121 196 154 148 253 212 155 2 204 226 209
    111 169 91 163 251 56 243 217 179 137 183 94 94 48 210 203 225 126
    229 145 57 14 13 106 16 12 132 118 165 144 153 144 122 185 119 236
    159 254 165 234 214 247 98 242 167 88 234 238 190 239 148 121 104 5
    248 79 1 209 69 148 64 159 88 127 132 81 148 255 129 157 74 194 98 1
    105 36 241 87 41 11 175 95 61 172 133 58 74 149 160 210 72 111 247
    249 112 232 170 98 199 252 133 152 46 212 163 34 168 164 173 16 213
    175 100 52 4 150 133 169 138 235 5 70 45 244 170 81 124 3 21 64 14
    236 224 235 226 219 168 23 29 73 251 42 219 130 43 8 218 224 224 170
    38 67 79 49 194 122 30 144 54 208 56 192 73 58 200 147 231 35 186
    254 239 75 79 28 121 201 74 244 193 125 16 95 161 124 170 238 243
    164 169 64 132 171 167 8 184 25 17 130 244 187 73 78 249 120 189 177
    61 213 96 128 247 122 157 180 184 234 250 251 240 154 255 146 254 84
    80 44 203 143 15 85 46 234 36 141 213 18 207 77 223 208 168 161 4 68
    179 83 150 197 13 210 63 29 7 201 134 219 200 160 23 16 168 141 50
    234 92 96 180 94 222 77 14 46 13 21 36 234 71 28 105 12 161 125 144
    194 90 17 226 104 12 162 92 183 125 241 241 226 153 233 104 165 66
    222 40 153 176 203 48 12 128 136 130 141 12 31 53 165 146 88 66 204
    196 73 250 126 207 134 156 141 68 57 82 64 143 59 106 208 46 53 191
    167 68 98 117 239 32 231 252 112 249 104 87 0 149 94 218 75 40 20 27
    8 70 149 64 201 15 36 86 106 242 154 40 162 185 106 45 2 15 51 210
    190 254 84 194 216 239 108 2 82 91 156 59 77 105 244 182 3 31 6 102
    14 114 98 149 145 15 85 236 44 10 227 253 41 85 206 189 141 253 71
    216 55 80 159 255 42 178 130 111 115 212 56 102 101 254 207 20 74 92
    124 21 147 222 240 104 16 86 126 130 30 224 234 7 31 14 197 217 48 9
    119 63 76 189 48 25 184 208 90 72 79 195 248 167 159 18 218 161 158
    203 187 231 126 99 233 117 11 235 80 73 222 185 26 26 166 167 166
    111 56 205 94 172 218 51 20 155 166 4 164 120 175 88 112 175 96 231
    188 28 47 112 155 199 150 172 227 39 3 193 28 37 198 34 47 32 38 249
    0 255 56 15 243 149 113 85 113 208 252 160 175 8 38 37 67 202 5 112
    195 218 244 111 82 77 200 58 179 167 120 165 238 94 158 5 119 154
    237 3 195 221 191 90 63 57 13 61 158 240 40 246 128 109 188 244 103
    99 233 78 40 218 58 130 211 159 7 149 114 25 81 0 209 93 148 163 229
    33 209 82 160 29 66 234 151 34 185 82 127 204 238 129 9 239 225 23
    126 83 122 87 84 198 59 108 28 101 136 219 206 123 70 189 126 253 53
    131 110 198 176 42 235 20 243 235 109 132 208 47 160 59 252 148 90
    11 167 55 253 124 137 81 133 83 239 106 168 19 114 111 189 15 25 118
    157 207 165 177 60 88 236 177 0 68 99 220 121 171 181 103 75 57 230
    142 224 233 44 195 49 44 229 22 11 131 93 154 127 13 61 47 164 115
    140 100 200 199 95 193 77 27 185 227 237 130 65 134 92 121 87 65 126
    6 46 225 75 230 173 128 169 87 171 117 71 27 247 162 98 165 199 221
    28 24 231 31 62 23 78 131 254 167 59 59 116 243 33 73 223 211 117
    127 52 131 85 254 150 240 121 38 103 56 89 36 253 176 244 186 138 47
    131 183 100 143 195 254 61 204 167 111 251 24 153 146 39 62 175 168
    29 31 163 253 186 246 29 97 173 100 80 63 185 232 210 76 9 49 41 75
    109 188 72 241 249 6 107 205 130 197 33 67 165 136 227 0 17 124 111
    192 96 16 97 162 210 105 91 163 198 148 162 211 241 98 5 47 109 247
    1 138 160 173 46 208 209 187 43 111 100 237 166 187 160 214 188 153
    230 110 184 143 218 71 198 159 240 93 140 85 151 32 207 216 138 212
    207 49 208 1 132 33 113 45 89 126 159 167 93 51 15 182 33 252 227 91
    57 106 19 118 34 206 248 211 176 62 77 156 205 6 32 181 55 19 230 81
    177 228 151 222 213 139 89 126 92 24 216 41 250 143 6 205 187 1 9 83
    183 129 219 21 43 31 75 66 209 231 195 12 126 17 5 7 165 90 89 166
    90 255 244 58 172 135 199 180 49 193 194 117 99 141 174 156 130 162
    13 197 158 131 78 126 49 62 239 126 155 182 239 186 73 69 55 148 16
    114 49 164 176 226 180 170 16 121 67 135 201 106 237 80 17 194 51
    124 217 48 187 102 68 184 11 29 202 69 18 71 133 99 148 208 203 158
    238 34 141 26 243 42 148 96 86 243 241 37 203 54 95 156 226 109 169
    54 214 165 93 58 167 231 117 211 205 205 226 221 62 229 243 106 115
    150 154 208 248 26 60 196 46 94 24 150 162 72 252 196 161 65 92 163
    242 255 159 236 239 103 50 41 52 19 112 27 16 228 140 171 108 118 62
    234 49 91 43 185 161 5 43 204 240 84 10 171 103 92 76 218 5 205 236
    57 245 247 115 246 222 44 226 14 196 248 206 21 139 78 244 10 203
    185 69 249 96 37 39 31 85 218 84 127 55 9 224 250 204 91 83 120 22
    161 60 26 219 88 194 225 173 100 74 25 1 2 86 251 169 203 231 162
    241 220 32 203 199 183 1 26 124 68 22 117 93 187 22 67 193 216 197
    14 153 188 26 167 92 219 244 141 134 108 20 250 234 105 102 185 12
    86 13 140 1 31 137 33 221 49 103 119 99 141 56 16 195 87 9 168 199
    163 5 190 25 3 122 83 138 77 98 37 183 67 188 143 235 230 211 129
    183 222 202 11 58 229 251 126 130 213 49 4 66 20 165 101 77 161 151
    191 148 42 209 203 122 58 217 109 87 143 196 165 1 226 10 118 103
    173 209 8 80 96 16 85 31 2 32 228 115 255 47 42 174 241 45 88 102
    172 252 104 136 133 38 99 31 149 107 199 104 174 165 127 38 161 228
    123 153 25 98 53 73 84 134 2 114 198 146 181 35 152 250 34 250 159
    79 79 90 90 107 148 197 27 49 9 16 4 16 151 43 50 12 161 255 129 242
    148 222 97 171 59 233 123 156 81 44 191 59 36 215 72 59 128 81 215
    135 71 237 234 218 68 243 34 23 7 151 118 253 125 49 50 204 110 234
    165 158 151 225 56 99 54 56 119 69 9 192 230 86 5 173 218 222 162
    191 243 5 249 39 154 111 169 117 135 13 112 236 154 2 238 31 43 192
    122 3 33 157 167 172 1 173 206 54 77 69 166 67 172 69 100 204 241 15
    202 201 168 145 145 48 205 94 9 141 186 6 147 61 249 48 226 163 96
    121 66 174 125 194 202 19 100 123 224 204 223 208 73 33 192 151 53
    14 228 237 78 192 153 230 247 129 65 65 255 163 56 5 60 163 170 190
    44 190 158 192 155 245 118 15 223 2 143 239 230 107 146 117 163 4 90
    125 106 44 111 51 72 248 40 24 25 250 53 213 237 27 104 15 79 211
    241 34 185 121 139 121 246 55 239 253 223 135 99 249 8 42 142 169
    234 231 156 163 113 65 210 120 254 196 252 56 206 133 185 249 34 223
    242 52 56 108 78 201 154 70 10 70 8 33 208 8 86 174 202 249 252 223
    11 99 63 102 83 167 176 98 89 91 47 36 58 142 199 204 105 210 40 127
    55 217 97 7 58 201 170 88 161 232 235 62 143 192 199 61 88 240 121
    209 9 58 70 248 59 190 136 166 220 192 46 76 246 80 10 70 108 115 32
    64 73 156 102 89 118 166 152 152 217 172 17 156 86 85 233 67 137 91
    159 202 183 105 49 11 110 114 85 156 51 166 131 234 90 179 144 248
    165 105 146 225 247 168 55 55 75 207 10 102 173 177 150 11 182 148
    31 111 205 11 197 129 213 216 119 48 115 220 202 111 203 47 122 168
    169 146 158 172 38 43 224 131 94 189 47 237 168 144 28 228 133 152
    103 52 157 139 246 89 168 128 19 130 74 28 25 96 166 210 68 155 63
    139 48 178 136 235 208 158 23 241 129 98 237 6 250 79 231 49 75 124
    52 76 163 76 247 180 44 190 78 194 212 210 238 38 16 157 116 223 179
    82 252 31 75 192 147 110 132 223 155 142 148 74 61 38 216 117 242
    118 144 250 71 206 120 207 125 129 240 80 182 204 107 234 13 105 167
    215 10 155 175 127 202 127 102 142 179 215 243 209 26 52 20 135 53
    76 238 228 198 125 207 180 197 4 120 239 141 37 89 120 79 142 235
    234 246 68 97 71 83 48 208 147 154 227 118 218 63 186 229 68 186 231
    89 57 226 150 181 123 160 150 172 87 247 77 84 180 245 119 63 114
    156 192 7 142 31 160 247 128 168 235 243 197 131 254 16 75 5 234 72
    203 250 31 95 219 15 230 187 46 216 65 186 119 161 179 54 86 59 92
    83 38 35 194 11 234 14 93 80 132 14 100 135 152 169 239 187 0 220
    164 133 251 76 195 211 52 223 195 103 152 117 29 232 131 209 167 10
    22 219 230 168 63 71 125 36 219 155 188 19 134 45 235 91 69 51 232
    160 59 70 3 228 93 88 215 56 176 11 148 51 119 53 188 219 91 76 84 0
    173 232 75 100 154 188 214 32 231 74 123 78 72 106 121 21 20 222 170
    254 237 88 77 34 248 181 176 177 36 112 145 112 235 124 55 201 40
    134 119 36 20 73 132 44 69 104 182 100 68 238 152 37 133 63 131 128
    50 96 225 100 129 15 238 177 184 205 221 45 161 222 10 30 233 47 158
    78 18 242 45 222 117 32 19 193 86 9 139 28 53 245 110 57 96 213 225
    242 209 43 168 140 105 115 121 179 90 219 156 161 164 119 36 210 7
    17 197 61 115 187 200 99 98 255 135 75 108 10 244 180 79 159 98 235
    62 254 95 193 22 187 149 50 152 176 33 247 152 65 17 149 233 43 24
    211 144 114 209 174 199 216 159 81 239 156 146 203 65 158 98 28 104
    193 116 238 159 86 121 235 142 5 154 95 108 251 115 30 126 119 11
    231 207 74 50 11 13 74 226 179 176 105 136 101 228 242 242 232 36
    243 252 21 158 116 169 69 121 37 236 24 90 170 11 0 147 101 166 183
    168 32 0 237 245 233 16 202 237 176 64 64 62 251 55 109 153 94 233
    12 102 35 67 170 13 26 239 47 49 62 184 252 137 224 201 19 182 207
    127 198 247 246 75 175 29 34 191 8 229 138 200 104 106 79 98 180 149
    80 63 177 187 171 57 68 134 63 144 14 48 16 86 14 140 138 142 97 224
    121 128 181 201 160 224 34 193 105 108 52 19 3 115 25 39 121 49 213
    166 136 15 39 129 63 10 200 90 22 149 133 242 34 153 81 122 116 150
    243 223 72 18 220 207 38 252 141 82 197 52 249 200 216 59 173 93 163
    12 244 99 55 139 95 167 30 225 7 104 77 101 13 53 71 32 135 43 187
    212 173 225 170 78 73 182 207 23 247 94 219 33 145 88 43 230 190 110
    117 37 239 200 94 16 3 80 140 106 110 41 9 21 143 119 197 134 29 14
    138 169 176 110 173 22 29 27 76 86 209 230 149 167 139 239 59 29 194
    210 177 143 178 142 138 75 122 65 190 161 83 171 7 123 17 38 211 243
    30 244 116 123 87 15 204 28 144 102 207 238 73 130 109 48 161 94 52
    237 48 9 57 245 51 99 157 75 205 145 219 144 24 42 188 84 66 128 1
    60 114 204 17 191 73 98 0 83 53 159 69 5 126 163 209 247 83 221 136
    17 23 49 173 108 198 189 105 166 244 171 161 81 199 183 59 8 185 247
    136 187 36 28 169 129 165 36 52 249 124 43 140 64 150 222 118 127
    116 121 58 72 186 81 103 46 66 167 116 87 33 163 122 205 220 203 205
    229 76 185 69 162 2 229 237 101 134 113 180 227 16 244 196 207 25
    232 210 180 67 250 159 191 82 198 221 135 38 226 91 10 192 3 38 235
    51 249 58 217 243 129 64 234 117 247 57 78 246 103 233 153 221 183
    183 119 84 222 234 165 237 201 234 217 160 38 122 57 244 202 102 208
    63 218 72 110 254 17 215 2 242 207 207 48 233 194 215 228 146 31 122
    63 39 96 210 199 184 220 141 216 105 14 243 164 157 55 231 133 185
    48 33 13 207 151 131 16 137 98 133 121 48 102 11 92 43 220 157 28 23
    16 38 90 27 137 30 151 226 253 70 243 160 80 29 242 201 8 156 142
    215 107 189 181 123 211 77 182 51 84 84 27 140 139 48 127 93 13 209
    207 248 1 143 211 122 245 230 22 183 176 32 156 167 21 220 152 41
    193 119 200 224 116 178 249 230 214 176 73 186 11 192 232 122 242 68
    182 110 83 48 134 174 184 248 182 109 139 20 218 41 218 249 15 25 71
    177 122 253 113 16 32 218 104 246 56 101 69 234 160 50 149 20 5 22
    245 216 235 108 71 152 194 71 33 218 149 185 117 144 234 30 143 2
    201 131 55 74 3 41 20 135 40 235 90 90 131 161 82 210 65 107 139 42
    181 115 223 188 190 28 70 197 146 213 195 171 31 146 120 47 193 240
    104 31 34 153 187 52 137 145 95 89 68 117 221 46 189 150 102 139 157
    30 66 124 86 207 60 148 92 45 55 29 196 246 21 84 123 31 218 125 203
    228 128 125 203 232 130 47 217 137 204 230 151 226 197 111 16 138 83
    207 19 245 250 77 66 47 77 153 236 202 38 179 77 236 185 36 114 242
    81 194 85 195 160 133 136 0 44 138 205 112 249 204 206 133 205 88 2
    74 60 55 163 192 148 245 68 164 251 163 227 159 59 243 94 105 10 111
    86 116 39 71 245 97 95 102 130 105 230 154 13 37 17 114 89 10 104 98
    184 172 148 70 227 14 79 97 21 223 38 54 88 132 81 194 16 68 136 35
    18 238 3 18 236 16 27 98 201 49 38 40 220 47 88 174 193 227 6 248 13
    34 232 7 204 113 243 253 36 44 99 185 205 92 16 75 230 224 191 100
    244 42 220 148 153 221 244 72 92 248 67 220 192 142 22 105 10 54 238
    202 227 217 145 110 89 79 155 4 58 48 224 103 35 233 37 212 113 139
    251 158 171 102 72 19 45 48 200 70 127 50 57 180 71 139 167 226 125
    238 164 98 186 21 57 71 14 251 15 196 50 40 57 116 242 238 52 183
    108 17 187 78 154 22 72 6 100 39 205 43 249 153 242 163 81 229 197
    127 116 229 83 11 209 43 118 54 122 157 250 30 93 75 134 70 217 92
    81 114 209 26 224 67 92 255 105 209 251 117 90 101 73 54 0 237 158
    20 64 205 128 203 46 213 38 89 15 72 158 75 39 79 49 196 137 59 118
    71 17 167 155 160 21 85 43 82 27 0 130 219 238 196 113 87 80 5 8 69
    187 2 218 239 33 73 136 196 96 52 80 65 43 220 151 51 109 25 254 211
    224 8 157 151 237 158 67 163 40 135 114 206 83 174 231 251 58 249 21
    134 157 250 201 53 219 253 119 124 218 151 233 24 31 76 50 86 113
    108 48 173 225 0 57 249 194 214 225 158 224 87 74 70 216 45 21 185
    14 191 223 55 198 56 140 253 127 96 87 32 143 128 218 202 21 250 205
    182 156 202 162 115 198 11 95 38 208 93 32 103 196 173 240 70 102
    121 214 223 254 232 55 164 231 133 218 72 7 99 105 181 244 78 200 68
    149 116 82 164 54 65 172 153 233 254 148 153 30 252 193 166 51 209
    99 56 124 27 15 83 227 175 106 48 88 219 151 167 208 240 92 175 210
    115 118 48 53 49 38 78 44 43 143 117 5 13 230 128 187 62 64 126 102
    139 200 219 104 99 69 188 124 204 223 59 15 199 231 11 236 52 201
    215 179 208 242 238 65 185 126 209 234 195 76 167 215 199 127 234
    206 189 106 171 207 237 169 34 140 48 197 197 19 61 139 175 207 186
    131 227 110 179 142 255 180 126 168 191 215 194 135 102 228 183 193
    252 153 248 54 78 148 32 10 171 102 32 67 73 53 223 28 65 82 98 136
    66 187 164 171 56 219 88 242 137 77 121 173 88 24 114 103 132 114
    191 15 215 169 143 25 139 36 121 177 52 175 219 134 231 64 59 99 253
    19 9 14 187 151 146 114 85 131 8 183 181 97 36 138 52 97 61 140 21
    91 190 8 89 221 209 62 241 162 45 86 203 108 5 210 89 77 207 14 117
    178 146 203 63 181 229 255 50 246 249 59 17 216 108 0 227 3 39 250
    33 124 77 185 110 88 186 170 78 240 60 194 159 88 16 128 38 20 101
    230 231 6 71 88 141 145 181 68 212 224 174 165 140 172 147 16 104 81
    157 120 249 143 75 101 247 46 222 72 232 162 218 253 109 93 75 149
    22 118 16 134 172 24 127 138 8 159 214 195 18 185 39 15 89 152 117
    173 103 154 27 5 168 187 87 79 233 77 75 250 45 201 89 23 153 47 24
    175 255 201 165 54 195 73 35 167 62 110 226 112 57 218 207 204 107
    223 0 187 248 44 96 14 176 207 132 199 171 231 193 209 191 61 185
    154 194 14 134 179 215 92 185 2 36 23 36 153 4 18 220 132 179 33 13
    47 1 161 110 30 31 12 117 189 46 43 102 203 163 198 186 92 8 34 119
    105 149 82 180 170 232 94 235 119 123 97 134 117 16 21 129 40 153 74
    23 161 209 40 176 7 124 222 79 140 182 51 33 70 148 132 37 38 46 241
    41 68 57 0 56 241 143 143 102 156 231 226 160 139 216 70 139 226 220
    186 100 236 36 101 5 40 172 252 106 79 131 133 7 111 242 46 45 79
    153 50 36 250 52 133 105 189 186 80 255 78 142 52 164 151 37 221 73
    56 111 145 143 154 134 25 192 23 64 43 59 229 176 106 209 145 4 79
    10 78 118 156 88 232 226 13 175 116 24 80 34 125 156 226 94 143 138
    103 19 169 188 212 201 209 213 172 95 93 61 151 109 81 124 77 83 58
    212 78 178 254 104 52 46 230 215 16 166 120 151 142 30 59 194 182
    125 244 26 103 168 77 150 103 239 164 58 108 161 31 87 107 95 27 53
    12 82 201 32 48 131 11 39 150 213 201 226 226 43 66 239 37 203 23
    136 206 150 155 66 90 77 16 246 170 11 74 100 200 234 217 10 35 20
    199 154 163 29 179 239 190 95 169 106 242 21 215 50 39 239 223 103
    98 96 33 124 205 81 108 206 157 138 175 37 229 44 69 88 2 179 246 59
    190 162 243 17 191 171 91 66 5 10 105 104 206 143 142 66 255 227 31
    20 27 27 182 130 143 96 193 110 58 218 214 229 62 182 117 96 159 36
    54 18 12 214 241 14 81 246 213 121 209 236 9 165 146 132 140 126 105
    30 186 248 17 65 150 95 39 1 105 67 132 90 214 170 49 255 58 249 113
    223 182 119 146 74 11 204 123 44 76 148 195 195 79 32 212 145 157
    192 14 244 13 216 28 73 39 48 139 178 53 2 142 181 11 161 148 146
    193 17 217 45 214 155 251 160 183 123 55 109 80 53 39 15 226 207 190
    201 252 64 40 211 60 203 90 178 229 107 171 4 45 228 186 139 70 137
    36 127 212 20 61 56 114 172 231 204 107 235 83 175 133 190 89 171
    189 149 238 202 83 78 230 200 134 136 127 92 131 1 146 26 140 43 57
    33 37 221 74 217 141 142 196 212 58 108 55 210 12 193 157 69 72 236
    158 167 149 34 207 42 173 110 173 67 204 124 169 180 12 137 182 49
    248 234 69 145 155 57 214 249 22 229 169 124 10 217 233 52 92 204
    106 18 223 51 39 163 23 73 84 102 234 31 110 122 71 186 117 76 40
    187 212 153 146 194 172 95 224 59 24 115 197 3 1 247 48 78 150 63 86
    194 113 73 178 51 108 61 160 62 62 174 184 89 150 133 149 26 209 89
    107 99 168 195 35 18 116 57 208 208 228 61 125 67 151 2 109 247 201
    136 221 254 232 240 242 241 177 216 228 102 175 43 235 58 226 141
    236 234 208 89 220 187 172 70 86 11 162 65 51 137 105 153 62 80 96
    57 168 85 209 224 50 211 72 200 108 11 213 63 57 90 137 19 107 194
    46 139 241 222 73 24 28 171 96 96 165 22 100 121 72 52 187 58 88 231
    246 195 224 246 183 138 112 250 207 14 122 168 13 170 74 232 18 161
    64 7 175 25 128 59 150 21 9 190 72 174 80 201 122 129 140 108 87 62
    205 99 103 18 204 77 137 23 55 165 127 219 104 144 60 247 113 221
    167 50 221 60 192 203 16 1 142 144 184 232 121 24 23 209 207 132 235
    216 202 112 93 122 110 100 84 46 230 71 221 47 248 250 249 31 80 237
    67 29 36 75 31 111 87 232 132 235 225 140 53 122 177 149 84 3 218
    110 66 156 162 102 87 70 132 180 127 85 78 47 126 74 109 229 83 60
    245 204 15 35 208 246 171 125 33 17 90 200 83 35 33 81 131 86 170
    215 225 58 5 205 243 185 122 78 35 17 81 120 18 135 130 120 205 143
    111 81 154 46 71 195 72 157 171 30 6 76 156 194 179 34 185 174 100
    45 107 26 174 14 200 47 94 59 238 129 156 78 187 14 128 91 26 249
    242 44 51 127 243 141 126 51 215 150 252 197 250 98 11 3 166 67 60
    209 89 159 81 243 201 212 156 75 113 92 212 155 102 246 44 183 21 97
    65 149 115 211 228 10 96 6 191 236 30 191 29 187 242 189 7 206 79 39
    195 238 181 153 14 200 140 44 22 137 93 143 139 70 72 253 182 158 85
    103 57 80 31 122 7 181 122 59 241 89 242 145 254 79 60 64 40 68 83
    34 192 118 190 78 76 13 230 21 88 235 48 4 104 130 208 84 182 189 59
    206 144 201 187 122 229 127 181 76 232 220 235 247 77 43 31 77 248
    88 83 65 37 172 122 56 107 243 208 25 252 181 101 150 16 96 102 55
    35 182 237 118 14 139 14 131 128 147 29 250 253 204 200 0 209 109
    235 43 120 213 219 65 0 177 66 137 96 47 235 245 187 145 60 188 55
    188 54 186 14 232 254 192 100 156 183 125 27 130 105 2 98 134 253
    139 196 244 83 135 99 159 235 100 0 90 111 180 111 195 4 164 187 27
    13 143 66 160 78 66 3 231 1 234 94 197 114 226 118 216 220 191 169
    87 247 86 224 58 52 17 48 18 68 176 107 33 48 64 190 69 16 171 121
    184 155 113 121 30 21 236 181 247 141 137 31 150 208 120 85 113 56
    225 210 71 27 81 4 118 235 174 211 170 120 29 48 175 82 236 117 153
    94 238 14 219 255 229 181 162 77 77 58 41 136 76 231 99 127 69 20 23
    172 162 204 64 246 56 156 105 160 164 129 29 188 203 131 51 37 143
    208 90 45 85 144 119 227 65 183 98 40 201 113 76 174 76 206 157 62
    113 169 170 134 83 178 184 169 124 188 48 219 181 67 228 143 117 32
    50 187 1 70 214 146 61 8 55 129 189 216 188 1 230 220 1 5 25 243 200
    24 94 53 222 189 54 62 124 163 242 150 81 198 139 82 166 128 118 31
    240 16 71 215 86 16 230 173 138 11 58 233 28 192 82 190 201 79 148
    184 244 34 172 163 187 26 71 163 217 164 217 58 10 171 252 222 106
    246 138 108 72 154 10 39 184 93 13 193 92 193 231 43 92 225 172 199
    238 195 30 104 104 156 43 128 185 233 191 129 16 168 178 129 120 203
    186 129 164 138 72 30 173 234 155 184 162 215 200 247 117 211 30 13
    193 108 13 193 13 255 204 131 218 203 11 132 9 126 192 146 210 134
    133 104 114 74 87 228 91 58 156 212 126 146 125 26 40 112 188 131
    161 14 68 120 71 0 175 21 57 45 10 212 243 181 240 165 214 112 47
    142 15 113 17 156 148 97 249 187 250 149 61 195 99 171 53 64 217 251
    16 22 143 165 185 222 71 175 221 217 2 76 229 255 184 113 28 35 64
    23 132 147 64 232 242 178 153 79 26 164 250 230 253 17 215 210 229
    138 154 205 222 137 143 158 205 219 238 120 60 45 138 97 216 78 237
    245 255 158 128 102 226 155 190 213 42 120 190 191 64 131 132 55 247
    222 158 112 227 88 13 51 136 12 248 92 117 167 130 149 184 26 207 69
    104 202 175 53 236 10 110 231 84 72 169 28 122 55 173 162 149 111 9
    74 32 16 240 245 79 122 72 177 238 200 15 132 53 255 205 241 178 116
    216 193 109 211 222 89 146 25 68 10 33 147 160 206 202 5 63 98 224
    15 200 26 225 159 89 177 195 178 171 0 43 33 206 254 94 108 28 125
    27 93 61 147 111 151 94 6 153 190 90 47 108 211 20 23 131 168 18 202
    252 33 132 146 219 227 69 19 174 223 209 144 48 129 53 128 61 200 75
    138 77 253 187 144 36 84 91 206 12 41 81 130 74 208 26 252 11 165 45
    168 87 25 201 114 149 126 38 104 68 205 110 226 12 101 112 122 48
    254 254 152 203 176 205 26 30 81 185 85 110 171 251 35 166 252 82
    206 105 199 176 70 25 224 239 178 2 46 188 99 110 65 39 155 195 22
    159 72 176 190 117 116 44 156 19 201 122 4 236 239 172 35 246 177
    245 244 100 115 217 227 252 108 242 82 242 237 134 204 200 68 71 122
    167 98 239 201 0 193 44 252 154 113 52 107 143 201 106 145 5 134 68
    132 254 159 191 10 202 155 32 118 51 128 167 74 163 145 56 24 170
    121 9 218 4 75 190 230 179 164 220 195 195 34 30 202 62 3 138 192
    181 87 230 132 170 203 42 237 181 191 36 32 168 170 25 227 194 49
    131 170 19 16 85 112 51 74 144 74 245 214 207 205 206 98 216 240 14
    212 239 190 177 244 94 221 59 158 12 199 92 204 222 150 254 17 101
    57 24 31 183 99 114 158 189 212 55 93 110 114 156 71 49 45 212 95
    249 0 68 168 203 154 60 177 180 23 91 191 120 33 228 148 25 87 242
    63 37 240 174 110 51 74 209 40 129 127 192 157 55 185 39 27 18 12
    176 225 105 163 78 104 110 106 245 69 79 180 246 201 166 169 165 118
    1 211 198 6 15 126 170 127 140 3 172 127 239 13 88 125 127 56 115
    100 159 168 38 228 40 145 65 197 177 20 200 101 252 157 168 168 129
    167 101 47 213 137 11 254 241 247 33 212 15 247 222 222 53 226 166
    16 129 131 41 11 177 208 94 226 215 148 202 96 122 220 229 227 65 2
    32 155 220 84 29 211 171 207 135 47 200 237 106 240 205 247 112 48
    175 18 212 16 112 214 140 251 44 77 79 160 110 192 179 127 152 146
    246 6 255 66 144 111 89 210 12 177 10 3 239 71 209 62 169 88 194 161
    23 29 98 64 50 91 154 130 48 227 8 235 187 78 170 133 130 50 9 129
    249 83 128 120 215 110 228 180 242 160 140 107 7 245 179 80 104 36
    205 59 241 244 241 174 77 78 121 96 133 140 157 52 58 83 199 197 133
    85 68 173 99 215 66 213 144 204 73 191 60 60 59 169 174 105 222 48
    51 180 123 33 3 83 117 21 21 136 228 171 105 104 135 1 172 162 49
    125 200 108 168 191 12 173 68 157 114 4 105 163 214 186 97 31 187 64
    50 238 126 74 114 241 37 76 67 237 37 201 80 202 144 27 32 99 163 30
    138 86 82 225 122 157 90 190 8 227 245 69 208 224 245 41 164 190 146
    208 239 115 129 216 210 193 246 94 34 204 56 23 143 174 157 103 77
    228 95 154 0 27 118 72 125 44 193 187 35 111 199 90 164 128 115 163
    69 32 166 237 249 78 115 238 207 39 198 117 56 90 78 118 21 78 240
    209 69 94 121 35 178 36 194 40 223 160 250 69 206 176 103 110 164
    177 250 191 234 37 233 116 50 94 133 121 74 211 79 98 250 40 225 218
    33 244 127 68 19 158 199 8 60 112 7 27 0 36 249 181 3 78 221 106 180
    158 3 141 105 168 112 190 74 155 28 180 112 249 13 185 136 93 58 51
    253 154 94 10 173 30 146 107 50 81 51 228 62 178 5 150 254 39 179
    218 9 116 115 76 203 184 172 188 84 127 77 150 204 127 230 67 138 44
    97 111 48 55 211 213 6 111 105 137 102 55 225 21 166 197 146 234 10
    131 60 117 187 64 248 205 127 126 111 148 114 140 66 219 220 85 232
    220 218 48 10 144 85 252 39 157 225 67 189 150 224 79 105 89 103 107
    77 114 233 47 156 244 107 71 207 229 169 10 64 75 181 121 16 235 69
    108 57 34 152 19 10 236 50 166 144 81 187 8 30 91 118 251 169 201
    181 28 72 39 134 184 4 152 253 156 156 34 157 47 129 56 38 221 168
    27 67 121 67 213 28 21 215 70 173 210 66 18 140 8 90 67 18 187 251
    62 50 42 235 137 126 113 226 99 7 32 124 252 150 14 209 231 28 87
    143 194 91 39 249 120 125 195 3 168 32 76 209 173 142 152 106 25 12
    171 168 250 82 225 85 213 98 249 188 97 199 168 208 3 175 209 43 135
    42 243 144 95 217 168 28 212 175 152 125 128 133 236 180 127 186 40
    221 125 83 105 0 35 209 159 57 84 215 33 110 129 252 36 249 146 205
    162 143 206 2 99 138 212 13 239 125 231 180 13 171 248 41 118 194
    124 45 192 132 208 89 47 143 215 252 127 2 116 88 137 163 239 235
    138 167 23 48 17 123 119 214 101 52 20 133 138 244 224 143 155 113
    93 252 249 237 63 167 105 153 134 254 19 241 155 25 244 45 208 0 92
    144 200 81 168 23 23 105 104 112 179 234 81 0 251 94 4 72 116 54 251
    8 123 13 65 140 218 173 187 36 216 215 55 132 65 223 109 68 136 177
    214 146 26 233 221 117 164 128 154 135 111 155 112 6 113 63 82 24 50
    220 204 220 15 163 11 145 188 76 81 169 73 227 196 189 223 218 17
    150 47 1 33 85 82 173 214 122 104 136 36 59 82 238 227 56 56 14 153
    173 41 27 109 239 51 44 50 155 200 109 199 167 5 170 245 7 137 80 70
    162 152 21 83 25 10 236 92 76 142 216 237 201 158 76 8 3 157 129 166
    2 147 145 52 127 78 126 24 138 56 133 89 254 255 199 181 28 115 32
    216 161 21 243 33 103 14 16 113 239 73 119 20 251 220 180 21 180 83
    35 104 3 119 24 201 47 209 179 231 242 214 125 92 254 140 71 125 231
    138 132 172 175 23 58 111 194 183 201 210 217 4 139 210 174 182 28
    50 41 59 193 96 7 100 28 249 145 195 86 121 237 229 68 213 2 187 152
    156 72 161 150 242 37 224 211 194 155 13 78 120 182 247 97 32 11 118
    18 225 9 202 122 194 82 252 101 95 98 172 84 111 69 13 153 208 153
    203 12 222 50 10 43 188 62 28 65 200 176 93 49 186 187 97 169 173 63
    15 252 50 2 12 166 232 154 12 16 99 132 130 0 63 164 56 10 7 88 186
    193 71 140 244 28 219 108 34 189 213 4 106 193 106 189 213 205 189
    252 61 187 28 253 69 91 161 32 20 193 6 240 136 171 126 0 225 68 130
    224 83 137 147 17 226 63 1 203 248 43 106 35 107 25 10 72 155 254
    229 195 8 130 114 174 89 124 177 150 29 102 22 1 147 116 161 127 153
    94 158 133 4 224 47 114 119 205 14 124 159 178 12 217 228 133 0 217
    10 114 98 83 46 143 214 230 194 101 238 26 100 2 65 25 147 97 48 177
    211 227 73 37 57 61 189 44 139 63 65 91 158 163 182 66 23 76 200 232
    40 81 154 207 159 80 253 99 32 137 132 134 96 227 10 162 63 181 108
    1 26 29 250 87 231 218 205 131 205 246 218 189 184 249 65 236 156 10
    137 42 166 39 243 73 242 8 238 166 79 205 5 126 233 127 240 218 45
    237 103 59 143 220 41 77 233 77 186 60 236 206 146 154 9 222 184 150
    188 165 49 83 63 150 116 238 107 237 213 184 172 163 188 239 223 234
    58 235 112 132 124 182 105 206 191 67 165 122 29 7 210 47 226 245 5
    102 232 78 79 235 50 214 163 106 242 203 184 144 136 172 13 38 90 48
    16 136 190 92 97 206 226 120 94 29 122 138 47 38 124 97 233 64 119
    69 92 12 162 228 178 201 28 7 66 79 163 89 207 68 43 32 188 35 42
    203 24 251 236 69 134 55 71 48 219 224 9 43 140 107 13 45 97 145 77
    52 181 88 207 244 58 142 170 30 240 119 85 69 255 80 133 228 1 190
    132 181 184 138 130 4 38 29 12 188 189 105 120 8 90 132 117 185 220
    184 34 123 122 16 212 142 8 243 21 76 184 99 80 143 118 39 196 195
    112 137 239 17 157 45 232 101 42 253 188 39 100 73 113 3 11 118 243
    7 189 118 52 46 186 140 48 112 20 177 229 38 118 118 42 185 186 103
    58 68 28 247 185 170 89 244 224 199 173 99 189 204 40 54 88 30 241
    191 197 38 84 170 175 206 227 78 0 114 16 56 207 172 58 231 66 157
    109 254 225 194 144 215 138 207 28 75 52 22 98 167 60 124 13 152 191
    133 166 124 245 204 173 201 87 239 55 88 191 76 185 5 56 228 119 34
    90 127 69 37 113 117 137 253 78 215 188 146 187 131 177 68 32 188 48
    118 32 179 36 5 55 217 48 236 178 148 110 223 198 114 170 106 112
    128 111 252 198 220 5 126 66 183 31 74 167 144 142 172 137 79 124
    136 83 236 168 89 176 140 196 232 18 103 87 144 106 7 108 31 88 177
    36 16 93 100 36 213 181 109 198 64 182 79 104 106 72 195 128 171 222
    222 115 180 227 194 167 106 25 84 197 151 82 225 206 142 243 64 146
    11 239 72 29 241 185 210 98 68 94 216 176 224 150 120 7 188 233 171
    185 18 129 157 104 69 132 139 230 247 85 7 192 79 30 225 165 118 99
    43 65 140 172 13 190 182 12 233 11 40 47 27 192 214 6 177 106 13 237
    130 89 249 50 114 118 56 72 64 228 126 111 20 63 2 223 66 187 133
    230 131 59 35 150 158 157 43 234 148 144 33 111 205 29 185 41 83 121
    248 144 207 127 130 44 218 165 11 189 170 57 103 15 80 22 125 29 90
    159 35 147 82 130 194 9 68 190 219 170 140 147 92 99 247 21 208 67
    207 169 194 46 207 14 249 174 149 201 189 128 38 24 182 9 72 95 165
    10 199 95 113 154 228 137 195 68 87 161 214 178 180 102 222 59 86
    211 31 172 191 201 48 148 157 49 155 68 35 237 71 141 149 76 251 219
    231 69 26 128 41 250 57 251 88 204 81 0 62 98 126 34 163 34 127 118
    252 92 236 90 135 150 29 106 178 147 194 193 28 139 108 0 5 188 209
    21 214 136 139 19 143 175 48 203 11 44 240 146 23 115 40 226 132 112
    60 163 25 160 170 43 1 228 5 237 4 102 254 199 46 237 55 18 155 5 42
    7 163 217 158 34 233 4 110 70 108 193 27 91 76 87 194 200 108 63 103
    115 72 56 209 109 79 163 144 60 149 205 188 111 13 196 70 139 91 65
    34 18 199 200 16 185 136 121 219 250 138 108 128 8 48 86 54 88 235
    113 130 51 44 207 133 123 27 59 31 96 120 246 128 0 210 22 24 41 231
    40 239 249 244 112 219 64 180 87 170 131 141 173 194 56 84 237 24 78
    71 103 119 175 8 250 206 133 161 250 229 54 54 177 72 60 190 48 229
    152 78 186 4 228 209 83 177 185 6 35 227 201 233 115 246 219 8 169
    144 232 89 233 73 53 205 65 141 48 223 164 22 131 0 139 154 170 1
    211 232 33 187 149 96 231 33 28 148 133 159 183 39 67 151 55 57 181
    137 171 3 108 101 251 237 65 208 45 29 186 188 24 250 147 232 4 20
    106 210 212 68 103 236 46 137 221 71 89 185 68 178 177 16 244 164 89
    209 106 20 135 224 253 119 68 131 196 250 16 20 136 108 42 111 47 64
    142 72 108 78 190 151 121 153 178 184 60 184 64 216 109 38 165 163
    83 229 214 32 108 144 49 217 247 183 53 241 199 127 164 146 135 182
    183 123 70 1 48 34 162 185 144 126 154 222 117 169 109 202 81 166
    120 52 161 45 67 223 102 234 197 24 24 246 250 216 77 194 230 110 29
    54 131 205 14 86 187 153 196 197 84 248 153 17 26 156 127 119 73 171
    209 175 181 33 70 70 159 246 207 43 80 118 197 31 43 223 163 98 46
    129 24 236 122 2 227 108 71 121 203 187 42 18 233 15 219 144 146 159
    170 19 17 199 197 1 217 130 246 21 174 16 90 157 183 47 22 186 88
    216 240 119 29 13 46 5 100 190 80 201 242 0 106 214 165 176 71 205
    102 125 163 222 43 159 11 95 135 90 124 224 25 137 65 71 32 19 107
    239 194 64 141 188 20 144 120 197 57 227 48 226 222 155 76 160 85 78
    62 42 48 214 22 249 111 191 127 238 208 51 226 77 73 69 86 172 216
    90 167 40 118 83 241 144 135 21 42 254 150 184 190 212 102 235 54
    196 11 20 149 115 230 210 141 127 206 56 200 250 154 219 44 64 87 49
    195 8 2 235 88 126 77 55 88 32 111 92 77 15 34 1 115 234 212 236 34
    232 97 178 120 30 159 202 172 156 130 223 200 243 128 48 52 189 69
    90 178 110 185 157 84 18 101 228 43 228 167 125 171 1 219 129 166
    243 33 79 60 7 83 124 89 248 138 43 4 86 238 63 202 80 200 223 154
    253 197 4 39 237 181 50 198 84 11 127 221 173 32 54 178 176 24 29 94
    204 150 207 45 117 69 228 40 119 103 254 123 238 82 227 31 27 111
    194 152 172 229 32 199 76 171 144 57 153 65 178 186 203 33 206 206
    146 188 30 121 45 185 152 62 220 102 26 33 201 139 166 45 205 246 32
    111 18 144 114 151 229 9 98 136 76 109 223 23 114 103 243 95 142 123
    183 220 199 75 240 232 2 81 178 74 190 102 171 161 174 186 158 58 14
    168 252 201 34 67 38 189 115 139 177 104 31 210 149 48 128 29 67 249
    56 210 164 34 183 154 58 5 196 15 192 90 251 122 231 151 115 102 95
    55 93 85 243 63 200 109 25 233 33 50 174 242 19 18 90 8 16 229 131
    238 136 117 197 57 243 3 237 49 76 184 155 52 112 143 120 113 150
    203 193 13 98 217 63 83 17 137 4 110 44 101 24 145 46 154 151 10 242
    94 145 24 57 200 56 5 124 198 127 191 205 1 84 226 209 139 32 23 37
    181 63 57 218 163 18 98 211 152 65 196 128 232 176 107 30 185 162
    148 155 224 193 194 239 39 182 147 251 6 60 79 119 96 13 190 214 142
    242 234 160 90 172 41 54 145 252 120 113 215 184 154 12 191 170 120
    134 122 138 248 3 229 199 174 11 204 31 86 25 38 88 49 202 72 216
    239 148 146 40 204 79 223 69 5 14 33 129 124 29 179 98 132 25 34 254
    251 255 100 164 59 6 37 152 190 155 202 146 110 25 112 13 211 39 161
    64 170 19 167 26 226 161 163 108 78 45 117 102 43 90 164 112 11 9 58
    49 206 182 179 172 34 117 77 26 129 228 173 252 248 68 105 107 153
    159 215 21 65 250 243 35 170 52 124 100 6 14 235 189 177 18 134 246
    209 233 48 68 164 225 210 133 86 129 251 112 158 188 198 82 18 23 38
    255 91 226 27 32 253 27 113 221 115 229 163 126 28 215 43 10 180 92
    152 228 36 56 246 19 37 81 220 141 38 242 114 161 49 182 12 179 62
    101 146 211 81 148 193 136 31 83 4 249 112 160 142 103 77 109 167 32
    153 219 45 232 178 6 8 48 204 2 219 241 3 171 106 163 74 228 145 138
    8 85 169 81 251 14 215 223 113 233 38 16 115 148 170 113 119 247 8
    104 105 20 143 36 74 217 52 229 4 196 193 176 85 39 159 209 71 226
    191 109 36 97 191 192 75 199 83 188 179 233 181 47 137 36 40 216 249
    114 173 219 159 49 32 253 67 217 153 105 138 66 250 243 148 39 223
    197 55 161 8 17 246 189 24 181 128 33 124 196 44 158 234 155 188 24
    178 29 162 143 251 213 155 36 9 10 228 13 41 231 128 14 209 60 253
    18 111 170 232 41 235 155 186 40 194 189 14 241 77 76 50 232 184 185
    45 206 80 161 13 146 15 150 137 244 183 7 186 197 251 231 106 197
    142 77 101 12 247 99 85 14 130 161 204 130 122 218 87 251 47 86 200
    61 88 226 115 148 34 63 160 204 140 162 255 255 58 101 186 66 175
    106 242 193 150 239 127 92 230 58 163 24 91 22 116 190 80 75 119 21
    8 127 40 186 239 239 125 6 98 31 11 61 197 187 251 94 115 104 31 88
    23 240 6 15 232 132 59 248 43 90 99 58 29 70 12 125 134 168 89 51
    142 65 233 111 188 11 52 119 140 214 91 56 195 116 154 151 221 228
    211 129 104 146 46 1 38 91 237 83 60 170 4 81 134 146 42 78 164 31
    222 177 17 65 18 206 202 86 138 67 36 55 130 246 168 208 195 175 100
    77 186 159 59 233 65 223 235 244 45 94 183 147 214 57 41 97 222 58
    226 215 111 37 116 214 142 0 173 218 92 141 224 244 78 215 33 37 253
    189 61 3 40 61 39 254 15 121 43 234 207 120 169 62 168 221 91 34 140
    81 106 103 25 212 117 250 37 142 15 40 207 5 143 90 30 68 159 245 7
    61 195 90 123 50 34 199 22 38 36 237 55 110 168 174 175 79 178 66
    161 51 55 93 43 136 107 234 87 129 213 66 119 233 22 45 89 133 70
    156 186 252 242 148 66 208 138 194 212 238 163 8 117 245 149 158 159
    200 243 247 64 221 4 247 197 243 241 234 203 148 189 131 133 225 187
    159 246 132 8 189 29 227 47 81 43 37 37 100 228 146 34 99 204 176 96
    165 33 214 123 92 86 190 34 203 13 143 207 223 8 146 156 147 143 73
    151 217 177 102 176 50 150 229 41 195 93 106 125 212 219 7 44 207
    170 27 181 3 61 198 129 118 48 179 86 181 179 159 105 168 18 90 200
    209 143 128 102 234 78 91 87 194 127 17 56 75 25 139 170 177 211 10
    140 160 178 57 222 43 4 130 123 229 181 196 160 195 50 38 109 111
    195 2 11 36 151 216 137 172 58 114 65 196 194 38 81 237 68 136 54
    223 252 254 176 29 161 130 253 83 90 46 213 139 241 255 216 208 224
    86 92 15 229 242 217 122 198 77 178 194 51 42 230 249 137 79 169 76
    142 239 106 181 236 69 26 63 202 130 17 37 130 77 42 85 110 113 144
    214 189 9 42 10 211 134 252 244 244 26 201 217 16 181 228 54 124 1
    21 121 197 41 36 141 37 37 118 20 106 189 243 1 30 233 178 182 103
    80 106 195 144 135 194 1 72 92 245 229 177 85 178 85 168 109 168 189
    158 59 110 154 57 142 40 29 219 159 93 160 152 113 165 19 225 159 78
    143 38 101 82 100 40 76 167 7 164 26 29 222 80 109 56 100 6 102 141
    250 202 200 163 196 116 250 184 17 110 255 79 251 77 26 41 62 94 135
    109 87 81 217 9 98 20 145 35 235 168 55 124 99 212 209 188 66 66 38
    42 4 35 118 102 17 106 3 87 76 136 177 173 57 145 185 239 38 181 222
    189 148 229 145 215 136 246 5 111 5 240 20 225 113 147 135 56 42 121
    99 62 182 79 229 159 26 79 18 23 135 225 193 61 86 119 98 194 113 8
    12 150 116 140 10 204 184 39 199 142 201 114 72 100 148 127 35 113
    155 59 100 76 39 172 210 255 124 210 122 230 110 155 201 100 153 169
    141 150 40 14 130 0 248 136 100 30 155 95 107 6 62 152 200 146 242
    135 49 220 22 145 102 52 144 115 158 80 99 63 190 246 222 56 124 5
    91 120 191 62 87 151 188 74 99 148 38 157 205 72 186 195 12 104 69
    202 143 161 179 182 183 238 212 168 140 89 214 168 113 184 44 202 59
    92 155 176 52 205 78 153 240 91 125 1 223 179 45 62 52 19 171 103
    149 135 51 139 161 80 164 119 43 204 52 142 131 104 158 83 234 25
    190 176 184 170 30 205 115 191 227 205 199 114 36 106 241 12 112 12
    164 75 158 223 84 1 219 124 6 65 150 30 185 239 144 150 7 10 142 66
    108 201 39 89 163 182 144 80 199 201 217 76 124 250 162 247 164 191
    69 194 249 27 85 137 180 14 207 29 53 163 62 192 205 214 130 90 231
    242 12 81 84 251 14 19 35 234 11 18 231 233 26 233 193 122 218 236
    239 56 140 205 167 242 253 177 181 203 45 111 127 9 182 51 150 96
    217 52 221 238 230 103 36 119 7 113 213 4 251 227 77 199 178 240 169
    47 21 11 203 1 66 252 154 215 249 132 150 97 167 3 168 199 35 180
    180 210 126 197 241 26 107 171 38 3 109 246 66 5 14 5 203 89 201 200
    110 216 114 123 131 196 245 209 206 40 139 250 32 85 131 0 245 139
    225 180 142 145 185 19 157 226 226 153 112 56 67 176 70 106 61 218
    36 252 165 232 231 77 123 7 36 199 100 207 29 1 16 252 21 61 78 48
    91 108 70 121 172 45 228 249 239 140 129 83 105 218 179 133 210 80
    78 143 198 180 165 183 190 251 18 25 96 79 240 7 0 211 5 223 26 2
    134 235 34 0 183 146 118 74 245 92 137 38 176 174 208 32 164 127 99
    158 175 177 109 19 64 57 168 9 37 16 77 152 10 76 185 154 234 51 203
    173 67 86 163 107 39 42 194 41 238 156 220 71 18 155 94 118 210 135
    199 20 129 121 200 72 194 18 183 81 199 252 185 209 156 106 59 106
    225 152 80 72 202 216 167 252 205 145 58 23 19 34 32 253 99 43 162
    49 182 200 239 49 65 157 231 146 78 239 71 42 56 67 1 123 19 112 211
    62 194 103 142 172 125 118 90 133 51 166 114 25 162 222 157 36 101
    182 206 77 163 47 249 216 8 106 184 195 185 91 148 160 12 61 150 45
    246 129 37 35 92 10 120 88 82 5 107 175 1 29 53 82 101 161 164 133
    235 43 107 194 191 43 153 2 153 136 111 222 14 136 90 170 96 218 75
    141 189 137 59 61 68 240 30 241 110 133 60 158 243 108 218 229 221 9
    233 67 219 92 50 42 188 227 159 99 4 214 127 13 170 119 89 226 166
    153 178 160 254 233 189 211 228 44 63 248 61 85 68 218 117 150 95
    246 103 93 94 201 158 21 17 15 201 56 46 87 212 58 215 7 101 165 222
    184 239 246 29 230 223 136 192 147 84 151 122 208 107 127 66 186 154
    188 94 203 224 117 39 227 115 92 118 233 70 142 243 232 190 24 39
    255 79 17 192 30 100 71 16 60 215 35 172 51 205 47 189 234 20 179
    110 226 117 32 33 253 229 209 54 227 120 134 33 136 107 6 45 124 93
    208 148 3 249 119 177 135 150 7 20 176 64 211 54 81 230 0 85 7 140
    51 6 128 24 81 189 188 237 39 207 70 109 88 225 2 80 210 124 225 91
    43 176 88 63 163 179 69 33 93 167 187 155 174 67 52 15 92 72 13 157
    231 204 226 66 38 23 62 31 173 223 150 254 140 134 67 12 199 151 0
    75 123 86 149 86 0 23 71 219 6 2 162 11 216 143 57 63 197 249 79 108
    171 91 129 181 58 1 158 189 31 188 237 175 164 90 138 218 55 212 106
    227 141 179 178 135 93 87 165 12 13 24 184 138 185 69 244 43 127 244
    140 21 160 47 239 183 33 159 8 124 114 59 92 1 184 120 236 65 0 143
    133 252 164 253 113 244 127 61 198 225 76 120 210 146 173 9 98 54
    229 134 133 145 124 68 121 145 174 3 218 27 68 238 211 106 166 179
    41 191 201 248 139 5 27 46 132 3 169 54 4 199 39 105 77 150 129 140
    70 56 27 149 150 152 77 139 194 65 139 224 98 65 178 69 172 244 27
    137 228 3 160 68 219 90 210 233 64 63 203 65 190 229 227 158 43 163
    78 48 204 30 213 181 20 60 72 232 104 144 77 219 231 89 183 186 217
    72 112 239 237 157 5 161 24 226 205 211 155 108 135 100 177 19 211
    251 88 77 231 40 226 226 204 72 129 118 6 1 107 6 108 242 247 36 7
    124 60 163 112 231 229 53 144 93 86 22 67 104 66 0 39 46 16 87 248
    71 84 204 15 243 148 165 66 158 192 152 90 71 148 28 84 3 169 200
    243 85 70 128 240 190 94 135 147 43 254 230 102 218 57 245 28 102
    209 98 199 148 91 5 117 23 233 100 79 53 42 56 54 109 143 140 222
    241 150 91 37 12 94 17 86 176 74 58 253 141 29 239 163 44 218 6 179
    157 197 111 148 111 102 7 109 181 245 40 108 78 194 227 73 0 55 30
    193 222 21 26 11 26 203 96 178 234 1 125 156 185 128 47 74 99 107
    233 193 245 221 242 116 16 142 167 48 169 248 211 153 72 111 54 20
    97 160 12 143 207 131 252 251 230 217 126 1 78 121 45 129 239 40 85
    13 4 16 61 140 237 248 125 245 13 65 128 176 161 99 108 6 40 26 138
    82 61 21 149 215 163 164 22 181 8 69 184 17 112 144 119 96 116 218
    69 30 51 27 77 178 133 243 111 255 127 202 45 184 62 185 13 188 29
    45 8 0 184 213 66 18 235 110 146 103 187 122 39 178 220 156 117 250
    32 144 39 171 12 245 7 103 11 235 255 173 163 167 130 167 92 150 198
    227 243 127 251 116 37 192 251 149 140 107 175 201 150 92 86 96 62
    128 171 5 164 128 248 135 10 254 79 247 196 49 174 80 31 120 27 147
    129 104 100 68 20 1 188 190 48 251 0 14 250 186 242 246 195 102 228
    196 5 183 30 38 33 25 35 255 229 239 44 214 161 26 75 151 155 221
    138 73 222 208 250 214 250 190 132 34 0 89 8 175 8 159 55 25 77 187
    95 11 132 56 147 63 144 207 30 62 51 40 143 41 175 133 237 132 22
    223 87 162 62 60 5 10 248 166 47 235 54 251 45 254 146 23 76 188 183
    220 127 251 142 186 250 148 33 87 196 52 91 242 243 246 177 237 208
    251 68 52 29 136 194 22 71 77 15 232 79 144 6 222 125 120 137 34 50
    97 7 25 223 219 171 81 94 44 228 226 143 203 102 100 127 121 242 40
    77 77 18 174 56 213 67 166 235 208 175 27 193 235 184 197 232 5 189
    83 115 12 127 82 33 207 71 36 136 91 6 113 173 183 75 73 184 56 42
    94 29 223 240 125 230 37 36 109 32 244 203 219 21 244 21 243 138 168
    142 58 75 104 111 138 247 198 236 8 168 126 56 175 8 129 47 165 179
    63 163 253 150 161 62 191 222 68 206 186 156 145 198 204 215 23 155
    116 140 36 195 116 216 175 72 22 10 91 57 242 63 91 132 209 122 119
    217 197 202 241 228 53 178 56 4 149 97 47 40 12 103 89 68 53 132 67
    97 87 49 22 12 184 15 173 216 31 67 215 141 218 233 27 40 100 24 184
    162 214 152 32 148 62 92 213 238 207 213 231 41 90 59 72 88 233 22
    143 85 135 213 101 94 200 89 190 184 63 224 233 7 193 68 130 171 101
    217 216 254 245 54 182 206 33 17 203 95 88 34 33 61 17 208 31 68 189
    239 42 222 33 36 246 161 13 199 37 55 190 90 181 244 226 69 105 75 9
    104 13 184 34 51 25 251 157 180 154 197 3 91 5 10 156 131 195 131
    117 35 164 78 40 169 176 29 187 142 107 39 35 98 53 135 91 83 224 33
    18 164 129 65 196 18 203 162 216 86 242 161 146 245 17 72 32 235 163
    62 115 205 23 249 215 205 108 35 167 235 79 87 106 246 179 57 224
    168 19 130 19 217 39 118 128 20 81 88 207 40 44 76 17 15 23 246 136
    205 198 254 201 228 90 24 116 87 141 22 246 91 129 135 214 59 6 89
    180 246 114 112 249 83 133 70 132 201 0 160 153 138 212 73 74 246
    181 2 7 107 40 13 178 213 81 70 172 152 102 120 20 43 145 215 130
    158 1 254 238 120 100 79 133 57 147 61 202 171 182 163 170 178 253
    59 90 56 152 186 61 161 15 112 159 141 235 230 156 232 195 107 152
    200 236 54 47 22 187 188 174 6 183 235 87 133 145 232 26 134 60 89
    250 217 37 246 24 236 212 107 165 30 56 214 71 249 54 221 37 154 192
    214 11 92 193 124 61 155 26 197 102 220 15 194 44 162 22 131 54 196
    156 36 128 238 104 38 211 191 85 233 248 64 180 8 228 73 119 43 147
    213 200 235 126 131 195 1 119 205 35 254 212 226 217 159 116 116 216
    169 188 16 12 251 34 26 233 91 162 4 6 14 146 103 5 77 25 207 202 19
    112 16 218 173 145 83 161 189 130 162 227 124 25 220 157 142 190 181
    138 121 170 208 193 183 220 92 246 160 134 246 221 59 24 248 17 68
    139 210 154 35 135 61 175 253 28 105 99 188 247 130 108 193 210 149
    90 190 156 19 185 202 111 146 62 136 12 191 47 234 111 116 209 196
    195 182 158 194 26 49 185 155 107 234 88 181 145 127 119 103 204 24
    138 205 252 61 133 141 94 140 129 54 67 244 181 94 145 114 233 73
    182 68 243 47 36 133 137 115 99 169 55 132 99 187 20 184 207 67 218
    186 239 92 50 159 7 196 234 205 73 146 19 117 49 92 251 163 189 127
    15 54 254 47 136 65 102 128 207 77 88 158 104 241 253 127 110 102
    107 246 43 61 254 105 172 19 32 26 141 210 248 74 145 75 45 169 223
    162 96 121 131 94 177 221 163 5 107 224 87 249 115 73 5 161 252 53
    180 194 152 141 19 81 233 25 188 143 115 34 84 194 125 161 74 142 36
    69 146 253 67 39 75 230 177 237 127 150 138 143 203 47 93 43 93 43
    70 177 164 171 114 253 67 255 30 8 43 185 47 253 188 230 237 153 107
    163 78 225 205 87 222 170 214 172 146 182 61 54 237 88 140 1 76 87
    203 4 65 37 232 239 0 196 30 77 8 243 163 13 153 124 36 201 9 61 125
    230 217 3 195 239 152 118 4 210 106 179 241 69 97 83 145 214 35 60
    158 85 234 203 30 14 119 242 171 167 59 210 117 12 96 30 4 148 58
    137 157 229 247 109 7 105 48 72 67 48 222 149 52 145 213 213 113 34
    159 158 93 226 179 125 135 62 69 224 118 9 1 47 253 156 55 186 125
    157 185 175 177 121 126 51 37 135 246 0 98 220 238 171 202 145 155
    67 175 199 228 4 131 236 200 151 193 189 75 194 211 70 6 31 224 216
    248 53 233 219 204 212 81 33 185 147 241 197 103 214 102 218 40 63
    58 152 17 163 84 151 19 16 43 209 22 112 82 194 243 100 208 40 139
    228 106 43 77 171 87 22 131 197 184 176 72 214 128 244 253 247 252
    134 196 224 36 38 96 16 127 115 83 239 232 210 14 35 19 15 80 169 69
    250 160 210 128 240 60 142 141 254 34 27 133 185 111 94 231 76 39
    127 198 243 178 58 25 166 74 200 225 12 57 2 142 108 206 11 237 248
    36 147 201 69 123 241 5 181 244 141 143 55 246 123 23 174 243 204 69
    233 181 213 154 155 10 185 113 198 185 158 90 139 62 12 226 132 102
    191 244 53 226 206 137 44 90 240 83 22 20 185 144 214 234 206 204 90
    15 231 171 43 145 183 207 235 179 150 34 89 43 185 89 62 171 112 33
    178 67 227 107 130 232 73 83 83 59 106 102 229 162 72 103 46 49 128
    113 111 166 128 16 112 183 196 80 167 49 48 239 226 22 129 73 83 52
    116 68 158 101 122 44 241 151 87 102 47 184 158 230 45 145 60 162
    119 239 55 244 245 55 102 255 204 150 191 139 36 11 171 64 181 143
    93 209 249 81 123 80 247 248 209 4 140 163 79 62 49 34 124 31 14 221
    141 90 102 25 1 123 19 74 199 162 52 195 98 135 207 25 254 130 223
    65 34 199 236 103 183 195 128 209 136 134 135 209 166 118 242 62 58
    0 100 7 59 233 78 113 254 161 246 133 30 14 170 247 159 63 100 123
    141 9 208 54 141 145 44 1 42 82 225 230 16 235 12 17 254 208 59 226
    106 32 51 135 216 56 0 147 186 193 64 148 66 28 197 64 139 17 162 53
    95 109 33 253 86 75 253 246 119 66 168 105 133 38 18 197 222 25 203
    112 178 61 172 31 162 237 196 228 188 161 43 161 132 112 91 246 237
    157 219 40 18 103 223 234 140 219 162 134 41 75 122 200 116 229 125
    217 255 238 154 200 94 195 34 108 240 190 146 145 7 185 126 85 173
    35 100 54 68 58 48 140 231 12 229 139 146 68 186 135 177 171 97 45
    177 53 99 199 213 102 52 2 227 221 148 193 60 195 159 166 210 249 57
    50 30 255 33 238 226 42 19 124 119 248 222 166 233 3 102 164 59 148
    167 47 205 35 207 236 72 209 152 240 21 82 66 165 64 241 207 142 70
    87 108 253 222 72 178 160 236 102 134 45 219 201 245 80 243 12 180
    55 217 161 89 180 225 116 130 247 104 16 142 136 38 134 128 255 43
    95 171 6 29 30 216 147 21 15 177 225 95 174 72 231 53 245 129 240 91
    192 57 55 33 39 67 229 54 233 109 187 60 208 22 102 212 56 240 227
    30 149 135 140 134 148 97 139 109 195 127 19 20 212 140 98 22 158 88
    243 23 131 147 93 255 29 24 42 118 219 9 189 227 253 28 173 7 15 126
    19 86 62 84 165 123 163 118 195 226 127 114 135 4 185 22 184 159 59
    196 229 65 105 93 67 123 61 40 127 210 35 241 17 176 132 120 229 131
    54 221 191 51 92 123 59 120 33 20 218 96 242 240 3 127 23 62 206 149
    108 150 229 166 20 136 252 131 146 201 64 79 189 167 102 177 66 7 62
    77 248 45 128 102 222 234 183 109 103 148 10 169 66 247 139 105 88
    73 64 173 63 159 225 83 92 194 231 103 215 130 50 245 234 127 61 252
    46 34 58 187 111 40 105 185 48 46 158 25 168 37 166 189 37 5 61 198
    46 108 98 43 126 54 60 177 186 241 128 216 112 150 40 171 10 182 69
    185 85 173 142 84 129 12 47 46 200 135 106 93 95 169 172 47 155 175
    53 179 17 223 97 80 83 171 13 8 134 129 41 121 175 29 127 128 102 11
    1 121 188 217 39 60 117 46 93 237 148 143 187 79 140 226 114 65 145
    110 222 169 185 228 152 148 203 4 173 20 159 153 170 29 111 56 64 12
    158 190 106 216 98 203 165 192 123 214 27 115 42 66 29 238 205 75
    176 5 109 138 141 140 71 193 102 232 20 237 134 177 55 21 61 182 180
    195 70 234 30 141 118 190 207 172 196 246 167 206 37 122 205 72 201
    246 195 253 233 115 39 108 147 78 201 175 149 234 77 222 124 83 228
    141 70 189 74 90 178 201 239 91 163 121 186 188 86 216 150 172 25 22
    187 87 114 101 94 22 216 2 12 29 153 160 106 208 236 68 23 58 171
    219 190 164 166 162 209 45 254 59 178 82 206 255 25 40 5 204 211 114
    235 4 74 152 94 174 249 223 145 147 254 218 173 44 227 162 22 126 22
    162 16 215 1 253 3 131 91 162 203 180 82 214 46 107 139 30 54 42 12
    220 17 40 181 29 174 104 35 97 176 58 126 236 147 181 34 93 39 200
    20 12 0 150 32 230 175 251 254 140 50 14 132 116 18 209 173 21 8 232
    14 101 3 233 77 165 169 185 227 55 117 3 149 72 24 212 37 222 9 229
    201 6 18 20 24 68 229 2 183 95 168 219 167 83 111 138 169 89 205 168
    152 251 134 80 163 86 170 38 121 31 92 234 136 156 10 228 35 251 173
    43 216 22 170 143 113 200 253 108 251 223 140 189 154 167 148 146
    255 129 84 93 158 254 119 231 2 6 138 133 209 144 170 226 157 65 152
    109 23 163 194 66 85 230 155 181 10 244 209 169 38 101 37 66 68 22
    155 100 112 197 139 130 8 45 239 158 123 148 81 7 199 107 255 33 134
    2 186 111 167 198 47 220 247 51 33 43 9 90 178 109 141 215 210 75 15
    227 170 141 159 178 179 80 9 23 154 43 214 113 102 252 118 70 248
    247 190 31 190 78 183 161 235 105 39 196 34 163 38 61 134 69 45 40
    112 27 238 58 105 48 111 201 19 193 12 185 238 122 44 216 17 4 75 41
    85 89 80 233 178 65 165 171 135 2 234 25 254 229 201 143 252 82 119
    116 246 226 51 201 108 110 70 136 178 41 36 31 251 111 125 106 37 47
    44 128 254 8 84 241 13 30 143 175 67 93 110 27 223 170 27 70 213 158
    163 159 200 188 55 53 181 192 52 114 66 178 187 212 109 222 65 34
    112 88 180 242 80 15 7 158 19 87 61 23 116 183 252 15 249 51 230 246
    210 25 223 188 184 92 205 97 45 172 79 5 245 73 156 90 7 34 38 139
    111 224 60 174 132 22 108 163 247 10 96 66 73 31 64 85 202 237 238
    203 245 161 171 228 159 7 99 71 208 172 176 219 127 204 36 52 216
    166 207 116 198 155 90 95 168 189 199 90 168 195 244 146 145 150 153
    163 75 117 106 221 225 225 158 245 70 202 163 110 174 180 7 47 221
    105 72 67 194 181 194 244 251 238 225 199 125 161 92 19 84 3 169 43
    3 37 86 85 211 37 193 211 79 168 217 0 47 171 95 245 199 237 83 62
    20 174 37 30 230 69 39 51 143 164 102 80 193 112 113 14 82 98 127
    116 240 5 47 128 10 75 42 152 78 23 111 240 4 185 26 58 23 237 186
    235 48 110 254 87 193 81 244 86 241 24 252 76 97 99 31 111 198 172
    46 50 185 61 31 195 128 152 71 77 248 8 124 249 240 191 72 118 27 62
    15 111 169 161 245 30 124 239 101 31 225 237 33 211 5 212 34 255 171
    92 82 65 90 169 139 212 212 97 112 108 240 186 128 243 193 213 137
    53 133 252 171 227 231 20 5 152 14 34 232 176 220 78 25 51 39 215 44
    252 234 167 26 29 42 238 25 105 33 147 172 138 13 167 173 186 40 18
    15 173 89 160 122 131 186 33 133 228 165 152 131 101 74 83 96 33 109
    125 159 31 144 161 236 127 157 85 211 12 164 103 190 163 200 189 232
    83 108 193 124 91 207 144 158 92 143 55 218 115 185 3 4 120 146 197
    119 208 186 200 100 249 201 106 125 23 152 73 128 92 87 248 167 172
    12 135 181 114 46 99 178 49 173 235 224 84 247 57 177 19 38 177 110
    44 223 45 71 6 193 67 124 66 236 202 163 81 40 9 108 88 9 183 197
    139 4 47 119 4 52 135 92 61 163 244 6 216 218 107 126 120 203 190
    199 36 36 67 99 191 159 39 94 102 185 149 184 234 98 243 231 0 27 87
    233 116 68 197 82 102 177 255 159 222 248 244 233 89 228 152 201 93
    149 13 77 119 212 171 224 127 142 225 21 254 196 9 8 241 216 73 183
    195 32 226 154 220 156 58 41 231 157 72 151 91 125 186 201 235 228
    219 147 142 110 145 145 161 221 194 65 127 217 25 253 15 171 36 176
    144 49 182 165 130 194 135 75 10 103 53 226 115 28 163 209 247 83 8
    136 116 184 222 69 141 208 125 36 10 188 4 67 129 33 192 140 75 96
    50 68 31 190 38 8 71 26 204 96 164 8 131 253 137 115 175 241 11 52
    21 103 9 25 7 155 222 133 34 18 166 87 21 167 174 141 42 59 153 222
    75 212 151 188 18 219 87 211 176 76 118 75 124 127 136 222 113 56 83
    67 153 60 174 3 47 211 45 233 215 32 152 88 120 142 171 137 55 72 61
    94 165 95 91 244 241 62 140 158 23 174 21 80 186 208 147 60 60 234
    236 98 92 140 88 123 21 17 79 26 78 28 121 158 59 97 98 167 214 45
    163 68 133 76 20 3 80 127 172 231 112 86 165 153 201 40 27 151 184
    137 74 190 215 66 251 248 198 20 26 88 165 112 56 101 19 74 206 173
    234 250 136 149 232 43 131 232 178 40 52 238 184 17 13 207 154 91
    162 167 128 15 114 217 140 229 129 13 174 113 40 179 93 233 117 58 6
    159 120 21 241 59 96 167 117 181 17 14 19 1 247 7 85 7 98 142 58 106
    78 166 147 204 124 176 73 251 110 137 6 165 158 131 38 79 195 111 80
    16 57 175 26 116 154 217 166 65 63 167 39 68 185 201 100 111 95 182
    144 114 7 21 148 197 225 21 188 95 10 62 198 147 233 51 8 193 40 197
    8 196 140 233 157 12 119 76 9 103 164 27 116 196 161 5 128 164 164
    154 77 8 2 55 182 227 50 40 239 221 45 207 1 89 106 33 122 152 185
    22 23 111 164 127 19 168 20 72 53 208 65 14 221 124 7 221 11 161 202
    103 190 134 60 138 116 188 224 107 112 21 65 102 251 146 1 89 38 45
    212 204 177 5 105 80 28 239 124 102 144 209 54 151 168 71 1 145 145
    80 189 29 127 93 217 55 27 135 189 100 186 30 116 216 195 173 225
    125 179 72 230 173 144 219 58 159 0 105 71 44 202 139 205 201 80 184
    188 160 51 58 7 226 44 158 53 246 82 41 70 194 225 58 167 66 63 98
    16 120 113 181 197 124 18 99 32 232 102 65 0 226 187 217 127 182 40
    7 95 42 143 202 75 155 76 195 146 234 237 228 141 49 82 218 221 160
    17 248 83 110 254 3 100 232 149 11 242 55 53 129 244 220 128 224 207
    137 210 215 179 219 41 37 206 51 239 237 143 112 28 64 176 86 143
    162 184 223 154 219 84 1 124 100 21 242 251 105 128 150 17 223 133
    177 41 244 158 163 82 9 222 86 39 147 31 156 205 111 249 161 187 227
    210 124 169 245 100 62 104 40 148 32 8 13 131 127 133 50 184 189 102
    239 28 103 167 54 201 169 116 71 21 17 174 157 167 127 221 74 233 60
    5 96 61 153 178 196 211 108 92 235 189 145 92 222 155 152 184 85 12
    163 255 73 230 15 30 211 121 137 174 224 51 143 123 31 12 8 162 130
    200 114 236 124 5 36 133 207 232 84 128 198 1 102 45 208 171 215 244
    130 53 20 236 81 235 230 17 79 140 226 69 206 42 233 119 194 27 32
    55 209 173 2 203 72 94 54 107 101 99 42 239 35 40 234 113 157 98 52
    177 182 156 72 249 22 33 17 94 252 221 156 178 129 2 53 192 202 44
    253 68 185 207 78 10 157 0 214 122 191 163 58 215 61 253 187 224 181
    148 255 180 154 144 246 178 255 156 247 204 245 234 174 27 229 140
    191 170 81 94 43 94 218 217 173 198 253 36 1 38 147 229 69 224 143
    85 138 214 243 226 41 80 108 248 62 102 102 229 215 104 178 185 101
    61 224 50 66 69 110 92 236 14 171 109 53 143 41 21 13 245 100 230
    167 25 110 5 229 110 188 193 254 172 234 240 136 203 149 99 199 191
    166 145 86 56 56 135 135 15 99 192 255 193 56 240 207 202 141 213
    236 111 219 134 52 224 4 27 162 214 118 0 46 114 182 213 37 125 13
    145 162 219 68 85 0 54 39 127 180 237 25 190 47 93 137 206 9 1 80 95
    85 187 5 107 227 74 3 52 41 195 187 11 21 140 85 3 161 100 15 19 86
    228 94 113 1 207 167 179 115 120 202 64 212 57 1 143 220 109 105 233
    61 247 106 151 14 45 37 26 247 73 39 159 143 229 70 254 122 188 17
    250 248 46 46 41 99 215 126 57 171 162 139 93 203 152 50 143 17 232
    187 197 136 28 33 131 222 179 138 114 49 108 196 239 155 231 164 218
    246 163 168 95 38 109 142 113 213 3 227 140 10 157 226 2 122 206 169
    157 200 125 77 214 158 203 198 163 0 48 52 66 138 2 107 51 89 106 82
    244 41 248 27 0 110 226 18 137 161 129 122 241 81 143 117 50 80 100
    29 22 107 60 143 155 37 176 188 19 104 119 113 133 198 143 87 77 245
    37 38 149 82 52 118 142 16 164 169 39 132 97 40 145 47 4 60 79 102
    102 74 106 118 52 113 60 61 19 210 195 114 249 68 242 139 211 26 180
    200 210 254 10 7 41 86 71 111 228 157 6 226 250 255 85 138 203 13 14
    179 151 155 252 0 254 107 212 249 50 103 134 140 127 2 186 62 96 53
    193 143 54 240 163 180 250 7 253 108 179 136 169 241 39 172 57 118
    42 225 196 251 88 46 191 132 107 232 48 186 123 136 217 138 7 97 25
    255 189 156 225 246 80 246 79 134 0 64 120 56 66 56 177 247 4 50 174
    52 24 131 82 139 164 50 233 15 156 212 39 171 178 123 152 152 239
    161 145 116 186 64 26 213 19 103 222 8 90 146 223 238 136 43 20 7
    134 6 187 113 28 94 171 54 112 216 67 31 222 80 237 109 35 122 126
    38 163 108 98 203 180 85 76 203 45 170 165 178 56 86 127 73 238 190
    85 66 152 13 7 148 170 205 67 91 208 66 144 165 91 84 41 139 213 59
    46 246 12 52 79 23 13 107 230 231 112 181 51 49 128 9 160 242 135 37
    35 228 185 200 98 112 126 235 60 18 42 115 112 182 210 69 243 181 5
    12 25 127 24 32 76 36 235 68 138 124 12 78 21 23 113 121 188 113 50
    204 132 197 251 14 192 48 183 52 154 196 201 244 183 192 237 91 246
    94 57 43 97 237 165 231 159 16 17 196 159 60 219 65 94 239 67 12 213
    100 55 248 171 40 120 82 5 215 51 75 18 40 97 14 219 93 165 183 216
    9 152 110 26 150 252 123 193 150 142 17 20 235 152 93 181 101 212 21
    165 72 239 183 176 207 54 134 75 134 34 191 138 148 227 7 238 240
    163 72 65 223 203 30 99 169 188 58 59 7 26 246 140 104 74 214 22 96
    112 110 91 103 195 138 5 112 23 255 23 247 6 247 223 105 218 101 93
    73 230 118 90 163 5 60 66 183 214 92 111 1 180 236 159 249 237 23
    121 58 126 82 95 138 134 188 85 218 35 202 105 106 145 140 163 139
    176 101 159 42 82 12 70 92 110 41 3 83 43 221 177 146 181 226 142
    233 217 122 12 18 159 247 225 221 70 184 55 23 17 29 212 116 224 111
    57 77 78 104 236 51 112 0 167 249 175 52 155 35 241 84 152 218 108
    176 162 244 143 90 34 87 45 4 200 110 167 107 255 160 166 251 33 194
    234 83 158 19 101 194 121 17 203 227 207 134 249 174 29 113 183 230
    212 175 184 139 67 176 28 102 117 78 67 229 227 98 200 5 34 158 64
    212 173 225 166 39 247 222 48 5 175 182 94 103 222 112 114 44 242
    155 253 56 39 140 222 72 14 90 193 101 71 145 124 191 246 162 49 146
    21 150 47 12 119 68 213 181 119 207 232 192 205 191 239 151 234 17
    14 45 187 17 102 223 141 203 141 227 58 172 150 65 99 221 108 67 43
    35 213 94 6 41 228 177 113 225 54 115 32 149 163 88 186 228 168 219
    71 72 199 180 229 72 55 135 242 56 2 33 253 216 200 28 94 164 7 106
    113 120 232 183 139 15 73 152 119 26 105 97 154 137 76 210 52 222
    143 59 135 1 71 209 251 98 88 4 185 137 112 168 140 159 101 58 191
    25 118 27 160 198 51 85 225 215 214 85 233 178 222 218 80 122 119
    190 236 165 229 18 205 166 233 185 146 241 103 85 183 71 177 31 203
    105 131 12 75 57 188 30 153 165 25 203 176 150 127 240 46 21 133 22
    56 196 236 7 44 210 191 126 130 131 16 104 90 231 194 118 15 155 36
    135 158 19 64 147 173 202 5 239 127 90 248 154 51 113 188 77 188 27
    247 194 116 150 6 108 163 101 12 232 136 34 168 47 153 104 105 2 63
    239 110 255 169 107 178 203 125 70 228 34 229 95 119 218 232 21 240
    69 219 79 203 139 235 181 137 40 168 142 31 203 94 252 13 38 56 19
    63 213 213 96 148 216 245 14 115 210 174 178 151 143 5 215 235 154
    45 216 214 142 8 173 75 11 222 89 90 148 74 120 222 244 147 147 71
    115 193 194 126 213 183 32 141 177 155 181 58 167 43 183 215 193 193
    16 2 92 16 67 7 56 246 150 96 89 10 240 5 133 251 241 48 151 68 53
    65 11 157 58 126 54 35 246 37 129 75 237 31 105 174 6 181 254 51 130
    106 143 141 62 14 52 86 169 132 18 154 143 79 53 223 67 127 114 7 42
    203 159 163 252 240 93 230 72 46 140 96 130 178 123 254 195 243 122
    2 113 198 213 128 199 44 78 4 119 179 70 176 238 211 159 176 191 116
    181 23 111 253 131 135 67 123 120 83 10 37 70 155 190 178 119 79 163
    219 32 8 186 63 101 72 69 67 65 226 90 82 191 191 70 68 223 201 199
    142 74 145 245 206 219 48 114 8 206 188 240 115 191 192 77 175 118
    80 2 210 73 129 61 224 157 133 3 224 68 10 229 239 160 147 225 49 95
    236 231 107 137 217 55 75 40 223 168 50 37 234 173 60 201 151 146 72
    244 41 187 211 185 250 244 159 215 19 96 181 117 217 114 2 155 185
    65 14 238 14 221 208 202 210 205 239 142 55 206 80 45 218 6 12 151
    180 18 182 152 16 100 29 237 161 74 222 84 49 92 25 131 192 232 255
    103 197 94 98 205 98 140 210 159 77 136 203 237 166 164 151 189 156
    173 10 72 68 245 203 130 87 15 105 125 203 54 72 20 42 121 148 85 87
    244 168 87 108 54 125 127 106 69 133 192 255 145 195 79 124 23 139
    111 68 20 97 90 202 115 135 91 97 16 108 123 180 8 47 245 61 50 47
    192 62 211 10 37 15 137 188 104 57 208 250 102 235 192 233 223 117
    227 109 170 156 5 46 82 108 51 160 40 198 180 105 33 177 226 40 163
    250 250 56 145 142 125 6 71 227 249 147 75 147 107 39 217 121 29 155
    228 166 230 207 53 167 19 218 240 242 19 102 144 86 67 208 95 171
    135 93 182 59 232 28 179 77 166 76 44 100 160 241 145 3 41 8 168 107
    249 112 69 237 161 36 19 141 157 182 158 203 232 82 66 230 205 32 51
    145 186 210 106 251 204 164 61 186 170 16 37 63 131 57 84 75 208 114
    0 208 181 42 167 86 224 153 74 172 201 8 147 198 238 0 174 38 209
    174 73 88 218 203 108 148 40 130 88 143 61 179 144 43 182 211 251
    103 54 158 190 6 104 196 192 158 217 56 158 219 153 48 131 147 243
    184 137 129 237 207 191 204 111 68 215 109 46 29 189 175 144 170 129
    40 108 17 225 221 8 23 99 197 106 247 231 73 52 134 60 234 100 94
    186 60 110 253 136 111 25 5 81 126 89 49 114 41 57 28 240 158 43 8
    131 98 153 232 251 201 63 149 248 35 237 61 204 15 239 202 33 146
    179 31 239 78 111 97 91 81 110 237 27 83 166 123 223 88 133 168 253
    115 92 133 253 70 37 61 152 50 126 223 137 2 50 119 226 171 95 47
    181 18 105 137 116 35 210 32 172 14 183 42 122 201 250 209 141 246
    39 30 164 25 58 178 193 154 201 186 160 24 12 253 11 100 128 84 41
    137 203 47 207 131 6 95 138 53 132 97 114 76 250 40 149 75 245 3 84
    50 55 29 102 15 33 67 160 192 173 30 70 12 192 12 248 119 57 183 197
    203 8 52 241 46 77 30 29 112 239 63 83 222 58 228 130 145 179 10 61
    127 152 120 173 42 141 33 52 41 137 116 24 200 159 60 177 211 136 23
    136 132 142 160 42 38 28 215 55 141 227 249 68 81 161 155 34 201 200
    72 247 208 232 131 17 55 69 43 109 237 24 250 96 49 147 152 165 32
    254 250 135 116 28 137 138 23 202 196 83 205 234 214 233 158 212 224
    240 253 129 165 160 96 93 148 70 143 226 79 184 220 90 94 165 9 167
    177 33 146 91 28 120 70 123 31 194 227 24 154 92 35 82 192 249 57
    244 175 153 191 187 136 80 208 180 251 214 207 230 9 10 93 35 15 94
    141 108 227 92 225 184 197 61 218 140 170 177 44 165 174 250 223 173
    207 70 175 73 82 217 199 70 113 62 123 63 62 204 189 79 118 251 184
    221 231 16 214 177 237 23 193 130 29 255 145 239 106 157 74 48 229
    228 48 19 125 189 156 3 21 220 197 141 91 116 130 146 76 132 247 127
    121 54 155 116 79 99 255 175 42 170 229 12 201 223 199 140 53 39 82
    162 131 131 238 162 29 147 209 124 68 93 54 214 9 223 246 176 244
    229 213 204 208 80 239 90 199 134 107 67 35 147 121 130 122 36 164
    123 179 175 16 247 142 182 139 55 114 98 149 159 45 8 211 224 160
    243 58 154 21 127 232 160 2 98 244 101 168 172 249 39 24 180 187 189
    27 22 166 184 29 31 171 193 219 11 233 48 188 225 98 215 26 101 218
    131 91 32 228 125 65 172 173 193 186 8 121 144 206 120 176 132 46
    104 103 68 151 171 81 93 188 53 10 255 197 6 240 156 238 124 202 109
    164 77 250 126 189 204 160 39 82 2 26 177 114 99 133 34 158 4 118
    131 177 12 193 26 74 211 124 202 11 131 189 247 43 111 36 163 28 231
    59 106 223 139 206 238 112 9 14 15 24 231 85 190 92 162 58 213 61 68
    74 206 151 218 18 121 23 245 120 224 35 182 146 153 104 104 116 80 7
    115 112 47 49 228 157 187 95 139 121 49 54 152 245 249 45 211 184
    178 90 118 89 247 184 186 184 63 141 92 144 16 130 224 235 21 172
    254 22 83 189 101 248 132 230 233 33 179 29 164 82 253 94 213 137 3
    0 120 174 248 253 22 167 186 70 84 212 153 86 114 28 97 196 129 169
    211 253 119 53 255 49 37 1 18 12 100 247 187 191 29 196 83 251 57
    113 45 75 15 216 77 139 138 224 47 136 191 10 192 78 116 98 185 136
    171 62 58 239 146 5 45 119 76 86 211 199 141 226 229 216 108 150 16
    122 45 12 186 165 201 43 107 121 140 181 74 79 60 30 82 192 71 100
    142 34 173 139 79 154 80 219 52 227 181 197 51 95 112 46 89 153 122
    218 82 196 6 20 116 62 58 250 33 208 100 30 238 69 50 79 126 245 12
    108 173 160 63 2 146 124 249 60 227 133 7 247 135 205 15 165 101 176
    222 218 204 32 213 139 84 24 116 104 154 134 54 222 144 36 95 121
    104 245 198 223 218 6 247 72 202 184 242 25 141 181 104 81 75 46 41
    11 18 104 233 183 0 175 157 137 104 124 45 30 164 232 237 167 203 11
    226 205 208 4 49 167 212 149 156 243 176 184 91 243 205 73 141 217
    165 69 127 208 224 68 121 43 52 60 174 85 107 180 10 21 135 110 155
    87 212 26 113 151 127 76 235 246 95 43 226 17 64 132 109 205 24 114
    131 253 122 178 94 215 184 66 148 26 183 211 184 219 141 63 231 138
    24 119 96 235 38 89 109 149 168 232 88 196 165 252 176 159 172 108
    159 113 206 193 111 16 132 207 48 140 196 124 148 91 239 170 58 28
    45 160 4 188 181 123 146 64 30 221 109 171 11 34 205 231 254 117 31
    17 16 244 37 208 76 112 104 111 69 21 14 202 73 70 202 214 23 166
    251 100 221 132 1 59 136 113 192 16 58 28 28 253 22 28 136 244 10
    130 9 95 179 89 63 1 20 120 95 99 192 26 76 187 195 98 238 180 184
    94 30 45 135 151 140 192 246 183 16 34 126 49 13 28 110 74 178 145
    87 44 5 160 190 43 11 255 142 209 72 183 87 18 38 107 60 73 185 101
    239 121 58 46 60 223 229 87 190 4 231 144 65 29 218 143 11 245 87
    175 25 190 102 94 216 183 182 21 103 158 238 91 125 103 251 182 159
    78 192 71 32 106 124 62 128 149 90 241 153 86 114 124 120 16 167 133
    221 160 26 154 104 175 61 129 18 6 70 103 207 244 214 136 39 5 40
    164 133 103 217 116 139 228 112 148 108 57 79 204 212 32 211 239 114
    154 60 62 255 7 182 56 147 11 79 216 57 175 187 124 147 5 225 156
    239 196 19 102 206 243 223 56 47 157 182 198 35 90 163 207 116 42
    140 31 98 45 202 11 168 68 40 223 215 109 230 250 38 179 201 17 171
    11 208 139 192 98 248 130 23 69 184 0 92 165 148 17 39 186 23 254 24
    181 143 194 105 65 243 243 44 141 78 39 84 150 13 52 149 47 116 206
    238 135 21 63 219 5 46 150 241 101 33 128 131 243 170 11 170 64 86
    226 32 196 134 215 174 162 119 168 87 144 103 66 157 228 163 21 36
    106 215 212 148 50 78 178 245 151 110 213 203 149 72 133 237 86 176
    154 204 93 19 186 107 175 60 13 205 16 251 131 0 0 151 6 31 230 225
    38 236 227 213 71 106 106 117 223 162 249 33 194 195 121 108 240 234
    37 145 242 206 150 15 137 87 58 216 249 90 246 83 137 231 194 249
    151 120 73 37 202 194 220 197 56 34 210 221 195 216 23 89 76 94 217
    202 75 60 14 39 64 41 9 75 134 210 238 197 122 127 123 254 14 135 21
    2 227 86 74 43 207 140 99 188 76 73 67 52 194 86 92 112 93 137 148
    149 223 154 196 155 52 56 128 211 181 85 151 164 229 236 177 48 229
    43 134 121 16 178 202 118 46 54 143 206 34 174 15 204 248 212 159
    155 47 241 131 82 177 247 230 184 244 95 98 71 219 163 76 133 86 17
    122 152 134 47 230 62 15 175 52 143 155 52 113 209 2 126 199 154 237
    56 29 239 77 117 146 212 218 223 231 78 111 144 104 213 200 187 197
    37 7 209 129 182 118 199 65 178 168 95 185 125 241 144 111 144 87
    146 162 102 37 52 106 184 237 63 242 86 65 178 86 26 185 78 161 184
    111 32 208 72 185 44 7 139 9 241 181 180 58 69 90 251 116 34 207 162
    13 228 179 68 217 232 75 149 64 75 9 248 130 49 253 93 57 160 141
    165 220 218 169 61 182 209 243 180 201 99 53 131 4 162 156 187 185
    21 254 36 79 149 200 250 248 175 227 199 182 48 42 93 242 89 28 3 18
    10 202 2 5 151 59 43 192 63 170 192 48 44 122 55 17 236 128 132 0
    227 78 206 173 145 91 238 228 24 140 242 199 222 88 142 51 111 204
    115 192 103 147 228 85 5 108 231 136 121 218 85 152 73 106 96 167
    143 69 142 70 8 221 244 14 2 6 110 176 63 236 157 233 156 220 30 9
    52 199 115 151 223 11 51 31 198 92 84 124 222 94 39 62 104 17 108
    136 179 109 209 99 58 250 241 206 177 205 73 206 238 35 170 120 136
    4 39 178 172 120 193 94 162 35 79 132 128 237 159 214 46 52 229 45
    68 230 147 165 94 178 16 97 50 152 83 213 104 125 141 235 154 235
    123 86 116 38 69 92 186 210 251 130 59 255 147 229 23 44 5 170 100
    213 137 164 171 29 99 195 250 141 251 138 125 159 185 147 25 173 118
    108 80 212 250 129 251 13 197 60 127 201 234 170 130 237 70 82 46 82
    90 173 43 21 106 204 149 224 3 136 132 198 228 50 76 60 22 180 69
    249 61 74 64 141 110 188 244 175 175 39 121 252 173 225 197 173 177
    153 103 102 119 45 141 3 167 131 175 151 175 94 79 254 63 246 223 8
    27 215 22 141 40 1 84 120 38 147 99 193 212 157 212 138 39 127 11
    152 116 101 216 251 92 155 172 112 144 163 174 118 51 48 198 89 86
    44 5 222 142 54 145 60 170 7 3 90 169 182 166 125 152 182 6 100 135
    135 32 42 131 197 230 188 182 81 124 75 82 232 108 41 41 233 121 161
    125 185 48 181 58 171 251 69 12 47 6 18 91 156 64 144 160 192 220 82
    109 181 95 142 63 156 19 33 218 111 193 229 128 220 136 158 216 100
    234 64 16 79 11 217 29 107 231 13 122 24 18 80 221 195 173 99 198
    120 144 176 205 77 188 173 222 253 27 4 153 52 96 46 100 91 188 49
    122 236 71 83 229 51 131 163 243 225 78 14 80 99 210 177 246 198 47
    77 99 191 200 112 59 40 17 86 191 201 29 123 244 172 165 85 239 116
    202 209 202 178 255 30 40 45 71 147 175 157 37 66 19 65 85 6 89 181
    80 227 242 168 83 246 239 167 150 217 227 5 131 141 207 214 65 96
    200 104 207 38 90 13 47 160 20 221 200 18 68 157 152 204 134 173 186
    168 75 26 198 18 64 167 251 27 253 215 118 164 169 254 144 188 182
    39 56 115 114 22 50 4 82 228 107 238 229 48 194 173 235 5 13 170 143
    65 32 115 80 149 180 71 29 134 31 81 246 37 196 186 172 61 140 28 5
    48 196 219 127 188 37 57 200 242 187 19 209 136 221 42 63 33 34 143
    26 227 66 42 255 109 162 34 199 43 158 109 180 152 170 34 198 241 79
    178 15 221 246 82 118 8 188 80 156 167 27 148 204 5 148 40 114 148
    217 112 50 84 79 172 246 88 101 254 91 31 254 252 24 150 35 254 186
    247 171 213 191 1 188 246 110 110 57 157 182 19 72 6 13 184 176 224
    197 152 94 7 105 251 35 41 59 228 157 35 161 198 215 237 5 204 102
    184 187 211 200 232 150 212 143 183 116 128 122 77 227 169 2 21 110
    71 204 219 168 28 12 206 16 104 10 94 21 1 101 150 147 135 185 230
    212 58 177 25 138 36 149 68 240 216 212 198 80 251 60 20 252 138 102
    138 36 248 100 119 211 56 249 44 171 49 106 250 117 163 12 230 178
    130 84 100 106 37 187 18 94 42 40 97 56 241 63 227 179 11 199 149 83
    228 183 248 129 237 37 254 180 228 66 244 197 54 206 7 55 155 148 76
    250 8 239 247 83 244 151 207 174 152 69 88 50 220 227 72 36 55 245
    236 254 220 113 206 91 21 51 113 136 114 215 94 94 149 242 98 86 98
    87 219 9 154 142 63 250 117 13 22 172 43 78 135 218 184 167 248 103
    193 228 195 146 111 51 111 37 238 11 223 53 249 127 50 0 4 181 250
    115 162 150 248 231 64 31 76 164 88 58 193 108 2 188 22 52 58 60 140
    113 37 180 141 223 58 80 106 35 36 49 60 70 254 153 142 31 131 241
    188 154 153 13 158 146 77 13 35 0 205 182 163 251 146 104 171 184
    110 115 21 160 58 211 159 55 77 25 112 193 124 94 13 240 198 34 40
    168 109 81 134 94 225 217 159 231 75 12 137 207 242 176 44 170 97
    166 250 178 10 113 6 123 127 106 252 122 166 249 152 31 90 237 161
    27 60 24 231 106 209 219 245 188 222 192 181 109 58 89 142 208 71 39
    186 193 237 135 44 203 17 68 125 239 231 173 107 201 113 198 138 254
    78 163 74 173 234 1 25 89 193 199 88 247 4 186 156 117 53 16 230 202
    88 20 89 172 64 240 193 52 207 26 93 214 247 9 27 181 118 46 145 19
    252 123 76 87 39 201 236 178 58 166 74 44 160 156 250 94 202 70 175
    86 10 46 9 163 163 237 174 67 77 148 241 75 116 202 94 188 7 154 47
    128 154 49 208 208 137 88 132 140 108 212 156 247 235 16 29 193 90
    199 159 138 197 144 191 46 197 242 95 231 43 210 113 232 252 19 172
    89 98 13 223 248 58 83 246 140 103 98 106 96 206 52 64 112 219 168
    30 35 240 71 62 93 22 5 95 16 243 32 131 77 35 93 138 80 139 101 51
    198 221 179 149 145 84 91 253 175 176 31 16 65 201 80 219 189 176
    157 93 19 143 177 14 252 224 184 53 212 227 125 36 132 73 74 193 246
    232 51 98 227 14 24 73 81 248 201 25 201 109 187 247 22 16 64 254 45
    12 94 234 120 228 1 20 77 120 58 224 139 67 40 165 27 142 86 38 75
    228 34 185 186 67 72 181 162 55 81 149 219 182 88 142 52 124 222 150
    19 38 142 105 47 185 64 113 138 64 17 245 135 161 106 62 218 232 127
    34 99 39 56 138 68 71 62 216 26 180 194 119 10 247 88 77 29 202 154
    92 69 114 89 154 105 7 119 239 134 195 7 131 89 15 27 245 126 251
    244 135 70 116 132 238 65 154 52 123 13 137 255 252 141 216 167 125
    10 46 86 169 24 97 123 111 66 125 123 218 33 139 156 121 140 236 231
    82 211 36 235 57 140 61 191 250 106 174 227 189 213 39 149 6 200 130
    201 205 167 147 12 237 107 132 62 5 6 110 218 133 238 122 164 155
    107 150 85 2 246 33 198 115 75 243 172 210 96 29 145 20 130 251 242
    242 52 197 176 93 119 91 142 216 112 9 18 168 203 53 234 46 137 177
    227 239 64 108 194 2 84 244 212 215 16 15 39 76 57 132 149 26 229
    230 216 231 29 1 230 179 226 201 96 56 28 165 235 238 76 0 158 110
    87 215 172 6 94 130 180 203 102 137 18 239 129 30 127 231 50 59 87
    149 89 29 23 115 17 12 249 112 79 239 46 153 197 34 95 252 86 240 47
    161 23 76 181 63 226 55 121 55 206 252 189 249 121 180 172 54 1 187
    126 128 135 137 136 57 85 42 88 41 105 10 134 176 205 168 49 43 95
    110 216 177 43 218 102 0 171 218 109 207 127 104 83 14 20 250 17 89
    21 218 57 103 247 27 35 193 22 55 18 173 79 126 183 103 228 251 72
    72 141 115 242 77 116 164 243 27 75 117 63 116 4 137 102 181 95 40
    180 197 219 143 239 11 125 202 153 106 209 71 166 155 105 2 19 238
    207 82 115 141 52 166 85 239 91 88 149 72 60 224 123 101 198 156 180
    115 181 211 209 36 40 226 207 118 137 176 32 148 144 174 121 10 255
    217 86 124 17 154 155 41 83 132 106 167 226 78 27 220 255 30 137 36
    65 199 137 242 114 205 220 229 55 163 82 72 113 118 200 25 217 73
    147 107 134 98 183 166 163 253 142 229 112 224 115 56 22 113 125 158
    164 40 202 14 37 198 169 59 74 141 180 165 180 96 194 250 113 83 249
    195 241 89 251 6 109 197 242 209 242 22 109 74 173 160 202 58 205
    109 33 118 212 35 58 97 148 4 218 235 105 207 253 100 111 79 172 192
    204 233 178 159 221 167 113 81 240 226 154 36 121 242 217 251 217 95
    142 38 113 40 65 83 57 192 97 4 166 73 234 207 115 218 187 173 238
    115 188 98 93 145 60 124 132 167 54 132 242 6 224 222 85 138 51 253
    103 124 141 13 173 80 132 153 86 121 21 170 119 48 203 179 71 212
    229 115 73 27 228 27 229 163 208 44 78 216 238 183 128 212 161 131
    123 185 92 183 106 45 68 82 149 254 30 35 108 251 26 170 15 79 235
    181 153 37 105 188 218 162 181 46 181 45 109 11 155 78 199 111 159
    155 104 252 166 82 202 16 163 66 123 1 185 203 250 23 176 70 139 72
    58 184 87 174 21 131 74 136 83 99 213 102 75 232 85 231 114 66 93
    120 32 47 185 110 35 93 13 254 109 252 133 86 15 221 8 223 146 168
    109 102 82 219 174 44 31 223 38 42 255 40 195 201 251 78 27 162 154
    43 8 64 247 217 70 49 172 205 239 124 95 99 4 11 78 221 33 22 168
    201 200 6 217 33 162 95 222 110 103 2 92 237 72 205 97 165 156 196
    24 115 3 180 195 53 53 175 155 108 107 61 4 29 62 125 145 244 48 41
    131 207 159 171 6 100 172 162 252 137 81 25 26 32 79 56 141 145 116
    251 220 206 36 135 144 88 106 127 93 68 228 232 228 52 204 197 104 9
    97 120 20 99 212 10 89 106 68 197 234 0 52 152 81 166 67 183 187 226
    124 75 249 21 75 228 79 211 232 221 43 18 162 26 137 213 32 175 36
    236 102 232 25 81 6 136 250 21 32 208 130 86 46 166 200 68 20 109 80
    17 194 103 242 65 189 70 32 219 16 3 20 203 222 212 100 193 33 214
    209 195 35 177 169 49 52 56 162 205 155 253 6 41 250 233 229 166 10
    192 197 90 52 108 75 153 218 97 156 128 52 38 64 89 17 241 202 142
    253 59 226 48 154 35 196 203 183 54 187 241 188 94 26 92 241 158 87
    38 80 194 130 80 127 231 30 45 135 195 14 5 153 244 42 250 251 70
    211 208 28 101 16 111 164 40 34 122 92 100 28 71 159 212 254 10 239
    231 67 154 71 19 211 239 217 48 196 26 225 175 132 16 192 145 134 79
    237 146 227 19 86 114 38 214 100 28 43 194 250 12 240 237 255 6 53
    62 169 89 67 151 127 161 55 249 233 30 144 152 168 233 151 246 255
    124 148 53 26 184 4 62 97 92 188 241 74 12 24 57 66 109 81 40 126 57
    10 27 103 214 188 95 178 206 219 105 42 141 41 206 236 231 51 243
    244 159 182 13 18 28 224 209 232 94 86 67 154 127 176 238 67 226 111
    108 2 213 209 254 193 84 55 222 28 81 137 222 201 158 27 185 80 15
    191 140 92 32 147 90 230 199 98 14 149 181 152 28 89 248 205 65 7 35
    184 170 1 231 69 135 85 16 220 199 164 184 1 201 180 78 163 150 23
    31 8 139 156 156 19 19 0 189 138 133 236 26 2 116 30 201 17 26 167
    56 89 228 209 122 197 62 88 152 19 97 77 213 52 89 248 32 163 94 214
    118 168 123 14 221 248 228 247 221 144 157 159 248 81 243 217 141 69
    4 163 29 237 28 142 161 250 10 205 23 67 200 112 185 235 66 107 35
    174 170 185 176 185 162 108 103 162 133 18 252 182 183 143 57 165
    234 226 77 14 116 7 154 213 14 37 81 44 79 247 19 154 25 203 213 76
    20 24 117 118 223 207 80 128 174 31 75 230 179 149 111 228 67 222
    158 49 122 64 42 216 96 227 185 6 61 118 111 236 0 244 156 142 113
    13 196 53 151 149 245 59 248 121 189 156 60 109 190 227 196 213 112
    35 115 3 40 93 15 177 144 128 208 139 38 111 255 230 110 164 228 127
    51 156 151 81 8 253 229 37 130 13 237 191 118 252 57 147 72 169 12
    88 157 21 114 77 78 160 213 227 5 31 162 209 52 130 126 57 21 40 96
    97 85 122 45 106 124 233 109 141 159 107 16 4 42 48 137 143 131 9 67
    55 17 121 185 223 193 237 213 239 4 255 190 108 234 34 163 166 67
    207 233 73 14 78 93 217 119 68 243 159 81 231 11 71 61 161 245 96
    227 2 219 209 6 220 142 224 29 11 165 197 80 165 163 57 249 55 171
    119 114 72 129 25 28 106 42 182 245 135 80 218 70 64 170 41 185 166
    111 236 130 77 196 209 137 1 233 3 231 37 211 38 94 129 139 75 95
    145 66 242 151 68 116 76 213 139 38 7 246 101 35 59 110 156 62 76
    195 242 218 109 212 108 91 230 214 138 91 237 103 201 79 6 225 38
    133 88 250 98 186 130 113 116 235 16 190 45 206 85 183 140 232 119
    101 63 190 217 225 129 20 250 66 77 140 116 50 84 27 181 106 102 243
    61 127 79 210 31 11 90 73 103 130 99 64 86 81 203 37 22 199 255 172
    79 155 11 31 211 60 183 27 145 231 181 111 103 126 55 69 86 166 185
    121 63 167 220 14 97 226 214 143 220 202 56 116 109 201 74 24 184
    208 87 121 31 198 251 103 246 215 191 172 186 56 98 202 133 196 16
    177 158 95 163 95 46 236 241 45 162 246 216 101 112 5 70 176 24 237
    41 48 162 5 43 92 247 104 110 190 89 30 17 153 1 183 248 1 223 4 42
    216 247 219 80 238 85 87 160 207 130 159 13 219 119 62 140 205 69
    229 86 191 62 101 92 31 240 124 144 168 83 247 110 211 11 120 221 20
    34 203 207 117 50 204 69 247 115 200 61 201 37 37 4 109 177 112 199
    155 24 220 164 211 116 168 133 6 51 141 37 147 153 85 242 114 238 82
    233 11 84 128 56 26 166 122 14 224 217 54 70 114 137 144 160 46 250
    240 177 162 86 47 225 213 137 197 8 4 95 205 217 176 203 65 56 185
    230 219 23 130 57 229 46 240 116 82 168 163 13 251 234 15 32 107 42
    125 113 35 101 183 13 43 215 240 174 24 24 128 161 84 218 222 175
    160 23 107 196 163 59 61 145 153 190 9 174 2 229 148 61 115 64 163
    240 207 122 81 8 203 148 247 127 44 79 60 12 76 163 228 100 62 57
    166 55 234 175 185 252 7 44 213 222 40 227 37 183 226 6 65 77 17 184
    107 125 57 227 124 157 146 83 102 15 125 180 246 197 251 84 33 181
    243 101 231 200 24 24 233 131 95 34 38 60 115 141 19 22 114 213 23
    222 213 212 239 240 225 195 117 184 52 168 92 213 34 112 86 162 159
    30 2 28 235 157 121 24 52 9 208 156 105 88 55 79 225 107 65 145 180
    116 118 202 213 130 233 92 219 93 119 61 182 147 243 42 48 2 8 197
    135 63 159 254 150 59 19 177 25 167 158 75 241 171 174 81 151 85 244
    206 13 45 3 58 158 186 110 245 10 213 161 157 96 58 43 201 241 53
    191 137 110 254 182 212 230 209 47 198 202 22 234 129 172 103 218
    165 170 129 238 145 252 115 32 41 156 43 166 96 90 167 160 12 12 64
    221 91 3 231 155 149 38 68 63 61 134 110 65 2 133 151 170 162 61 76
    45 119 20 27 1 165 228 46 1 93 63 238 75 33 41 216 202 173 248 25
    229 69 63 117 141 160 10 49 38 32 230 146 155 99 84 164 169 35 105
    71 112 48 215 144 108 189 242 144 34 126 196 82 165 30 97 191 3 218
    130 187 190 37 190 53 94 36 157 177 210 72 115 236 209 67 148 217
    142 179 189 227 232 110 200 212 204 54 168 186 14 227 77 66 62 117
    76 219 51 109 225 76 58 91 62 74 70 105 138 241 45 249 86 246 63 7
    15 22 143 229 197 107 215 73 22 217 45 109 216 245 194 2 67 149 183
    170 211 74 15 80 16 163 1 130 217 49 178 164 36 164 181 82 68 189 35
    94 94 34 135 67 61 160 253 197 14 123 94 153 202 241 183 31 176 16
    32 37 166 195 198 147 231 23 71 189 164 104 43 28 73 63 17 59 206
    186 109 96 115 75 128 245 196 152 255 138 76 214 92 172 163 201 253
    133 127 134 37 143 151 102 170 189 206 50 77 96 190 175 71 102 229
    248 231 100 104 13 218 33 78 115 37 20 203 73 19 86 164 167 200 182
    240 247 126 49 223 35 39 62 76 229 70 156 101 167 106 207 251 248 76
    250 117 120 50 194 140 126 17 10 183 15 100 169 241 210 200 127 203
    80 253 172 35 217 2 190 230 63 114 133 140 63 8 167 29 88 193 123 88
    1 189 3 66 7 145 73 215 212 86 178 148 43 243 123 85 54 182 167 85
    65 62 51 174 119 63 34 60 246 69 23 39 201 238 208 72 122 72 224 69
    173 113 108 195 50 235 135 103 94 247 18 170 5 82 238 78 76 159 46
    235 156 7 171 87 223 5 19 116 23 220 231 178 44 169 99 137 52 137
    161 215 152 8 101 141 7 255 198 198 42 142 59 204 146 202 101 111 24
    163 74 199 83 216 234 116 181 50 131 200 169 110 167 213 149 108 93
    206 226 246 125 16 217 164 32 213 6 120 107 204 106 103 195 179 242
    193 240 127 69 248 71 243 83 75 222 194 149 255 38 113 227 51 255
    122 214 3 203 23 71 96 173 143 193 151 141 57 15 25 10 221 181 50
    150 116 88 125 93 76 161 76 214 172 68 187 173 189 126 2 139 53 121
    23 86 62 17 162 35 237 180 189 178 161 139 65 153 101 192 129 87 162
    4 241 93 127 49 238 72 27 203 203 135 214 46 223 135 206 162 45 248
    232 223 49 124 6 32 75 238 119 163 58 134 89 47 222 84 50 79 14 158
    85 175 201 244 181 183 222 165 66 42 169 22 135 0 10 69 156 183 202
    143 198 72 67 149 31 102 239 29 4 30 55 122 149 12 198 118 190 196
    200 33 77 110 220 227 20 242 249 2 9 39 67 150 135 224 209 44 191 60
    246 132 246 166 147 145 126 30 207 176 82 0 15 31 30 38 88 51 49 80
    175 167 101 48 181 190 165 77 65 232 178 150 29 0 25 126 117 217 74
    73 158 46 23 37 156 148 227 57 79 198 183 27 116 25 114 180 151 191
    185 234 113 23 125 29 138 173 96 167 75 161 113 110 151 103 148 61
    216 221 29 253 34 54 212 131 131 222 10 111 201 146 140 180 11 125
    102 173 18 6 38 133 37 107 105 126 50 76 198 107 153 188 25 144 73
    82 26 159 163 14 141 232 28 128 145 190 244 15 160 62 44 31 68 94
    203 204 69 143 92 214 74 0 152 11 101 95 33 206 30 232 74 82 139 9
    246 37 145 17 79 242 36 130 96 250 159 153 237 235 230 249 156 226
    141 76 40 195 230 178 160 127 144 75 79 181 219 234 132 83 106 147
    186 77 174 49 95 120 151 56 32 153 5 161 7 27 48 90 73 14 51 43 196
    184 240 1 198 43 251 172 183 245 88 123 73 133 70 160 128 40 224 132
    123 21 87 115 156 117 212 32 245 215 4 243 125 33 213 250 76 131 178
    121 231 24 176 172 59 95 94 55 147 227 125 231 164 222 202 88 104
    100 221 118 6 168 44 14 249 201 118 111 249 243 196 68 190 127 104
    136 216 74 237 127 173 118 165 242 38 23 252 191 11 249 114 106 43
    187 173 74 107 173 249 56 37 242 144 101 238 191 168 171 214 25 224
    36 59 191 222 108 192 131 238 191 176 35 23 146 117 10 35 170 91 62
    223 170 33 179 54 39 190 85 58 98 150 134 56 181 71 25 108 190 44 19
    52 238 122 162 238 129 79 244 42 111 123 113 152 25 15 35 233 116
    240 47 45 251 240 123 188 6 28 159 236 26 39 78 50 221 78 7 229 53
    182 243 118 223 102 30 242 56 206 50 3 255 28 77 176 122 193 20 227
    9 24 158 93 190 192 227 73 213 86 249 207 172 177 99 138 168 127 155
    24 194 204 251 200 8 193 159 165 100 84 193 67 76 189 103 174 131
    217 169 101 128 214 28 192 216 151 41 212 167 247 203 183 240 20 147
    150 151 187 34 28 162 125 19 140 125 43 127 248 147 154 97 54 78 156
    188 65 218 73 190 189 200 46 99 156 151 126 46 114 33 37 149 119 138
    134 7 227 83 183 62 7 67 195 236 234 115 22 70 185 205 225 135 41
    175 222 189 8 23 75 223 65 187 237 229 183 123 58 208 2 214 32 89
    225 88 117 146 172 92 193 71 92 20 190 144 183 117 133 145 165 88 33
    24 160 151 77 12 171 19 113 228 107 28 9 50 112 152 51 254 129 123
    12 22 193 162 127 3 202 139 205 153 82 23 49 153 181 211 66 186 2
    193 147 36 173 43 134 181 63 205 44 117 4 78 167 33 89 2 81 136 63
    235 155 147 104 200 193 128 111 164 205 152 251 244 203 250 210 175
    166 177 191 194 98 14 138 239 113 98 236 245 254 152 101 159 154 23
    30 41 230 93 197 215 41 242 126 212 156 240 238 133 35 82 213 198 19
    97 150 227 187 6 231 23 103 156 87 243 165 170 110 191 169 153 228 8
    54 247 147 2 171 50 75 129 147 22 29 68 90 151 107 92 229 194 238
    232 204 72 172 150 165 181 246 238 168 28 153 219 177 65 34 127 80
    183 63 174 97 195 89 138 119 3 232 211 137 94 217 168 201 231 64 113
    64 43 95 236 212 91 4 28 12 75 17 166 87 187 209 95 154 213 22 221
    47 205 79 149 234 13 109 142 81 80 4 106 149 95 70 149 180 200 47 80
    178 149 136 241 42 212 201 213 182 166 124 55 6 90 113 133 225 84
    134 57 133 45 216 142 188 150 143 113 231 97 175 185 81 96 174 97 1
    247 13 32 13 38 9 199 161 250 90 100 103 50 27 129 9 201 55 32 210
    165 85 131 38 181 100 158 2 67 178 5 161 43 247 47 71 17 172 47 108
    116 99 158 190 206 29 160 51 90 65 238 79 197 79 202 185 143 230 189
    69 135 76 239 34 88 110 203 200 250 207 38 13 104 152 46 167 46 7 27
    219 149 154 69 249 49 24 163 222 59 11 130 34 3 97 214 102 90 121 23
    213 9 176 183 215 32 220 26 79 114 85 60 119 234 7 42 193 228 197
    233 226 165 114 21 147 120 240 209 244 238 254 90 188 161 254 29 198
    132 255 233 174 219 35 142 212 87 22 238 233 88 216 119 203 44 13
    217 171 131 2 181 73 199 147 236 13 69 85 214 117 118 165 212 94 140
    232 153 106 199 180 90 229 43 131 204 181 220 105 180 254 83 89 107
    149 187 109 39 180 16 152 227 2 84 238 84 187 184 253 244 50 113 186
    160 33 54 239 153 3 74 66 107 250 230 56 135 70 122 20 185 207 115
    112 144 46 61 152 220 138 225 253 167 119 71 3 197 156 90 244 119 90
    211 5 90 214 122 110 108 94 125 199 215 206 31 142 230 17 151 202 44
    166 62 23 157 4 254 107 134 87 226 196 254 14 99 251 148 212 24 160
    240 190 95 127 92 247 227 24 104 136 184 156 108 141 176 229 103 220
    35 69 86 89 183 117 115 155 235 15 179 79 197 215 185 133 4 208 119
    86 167 209 200 72 250 63 222 52 114 190 134 56 148 235 59 210 77 247
    173 242 77 138 63 1 72 204 62 43 234 175 97 0 57 232 93 239 212 215
    222 8 246 167 117 235 247 196 176 96 104 126 48 200 200 87 34 204
    166 81 162 93 243 50 184 27 195 100 127 157 7 167 207 57 43 164 39
    11 245 132 173 10 174 26 78 160 110 18 139 162 97 157 20 214 192 161
    40 166 219 139 252 209 136 168 248 17 48 211 251 225 73 38 191 192
    214 162 96 114 15 5 82 244 93 239 195 120 61 68 7 106 53 248 202 75
    252 123 198 71 145 176 54 124 99 6 180 49 110 69 81 130 4 245 74 91
    213 29 9 56 114 193 214 190 70 89 151 194 208 218 184 162 35 201 185
    237 201 194 114 39 101 46 205 121 38 208 16 132 11 193 157 40 78 200
    150 65 152 222 238 225 118 201 107 122 112 217 63 54 110 137 219 72
    164 49 102 85 193 19 51 57 209 141 241 35 0 2 46 103 188 251 108 115
    133 167 237 30 138 34 186 158 32 154 148 124 236 3 52 221 75 57 111
    209 27 103 118 201 244 18 60 251 126 175 21 217 67 252 88 17 243 133
    7 230 123 180 183 84 105 220 77 203 237 39 69 85 152 250 156 67 160
    173 34 151 205 120 112 76 54 3 30 96 99 228 211 192 140 20 43 243
    118 245 17 146 49 42 120 74 163 41 183 200 159 130 149 27 70 186 30
    213 189 3 54 247 216 197 187 93 254 203 185 38 15 79 140 251 232 119
    76 56 127 156 97 251 184 62 46 83 17 105 28 197 252 18 150 83 224
    133 92 216 105 239 144 126 68 41 229 114 56 167 96 158 2 163 163 102
    33 253 128 241 46 150 148 247 48 105 100 145 182 234 126 213 248 210
    128 11 229 245 173 62 122 207 101 31 9 84 4 21 140 42 84 3 19 51 147
    218 245 179 103 115 213 126 228 17 211 92 77 14 68 2 50 203 38 223
    110 195 152 43 5 2 2 72 251 203 93 24 29 207 36 218 63 52 76 233 141
    19 57 76 34 225 184 86 206 27 145 131 49 83 54 253 117 89 239 86 126
    16 72 70 31 196 128 16 29 221 167 0 51 174 52 131 194 78 156 198 14
    159 137 5 38 58 237 228 148 168 121 211 14 81 92 9 157 204 119 96
    255 116 133 148 251 31 194 153 114 96 190 170 177 251 227 11 65 252
    94 175 18 203 201 172 75 85 231 220 41 155 8 100 159 183 164 249 87
    196 147 12 102 178 49 46 108 173 58 201 36 31 187 7 179 206 88 247
    51 124 243 78 199 217 242 38 143 227 60 28 100 24 87 84 67 154 211
    245 78 49 50 159 170 242 154 65 89 67 27 126 18 102 161 130 113 149
    126 141 141 60 56 56 44 142 133 249 247 247 138 56 199 94 18 51 17
    73 44 107 194 222 177 244 184 41 195 129 108 175 82 252 221 207 122
    30 138 41 64 227 198 130 22 183 174 26 140 182 219 120 39 34 129 86
    49 48 12 246 62 89 14 251 75 49 237 79 11 254 60 150 122 191 214 238
    0 242 37 65 190 160 172 173 103 165 214 104 106 135 28 63 194 45 59
    232 50 19 243 100 176 234 107 252 88 180 45 59 1 31 246 146 228 134
    60 190 93 66 38 119 205 75 133 152 207 205 130 52 84 252 138 100 42
    15 154 183 117 151 141 88 114 35 4 232 71 144 203 40 228 140 53 123
    142 250 62 57 225 21 199 71 41 13 31 93 143 1 255 223 0 128 14 162
    236 127 71 73 124 111 125 59 183 183 150 171 8 49 168 180 194 128
    228 144 92 184 165 85 158 4 234 121 176 7 221 200 26 65 36 45 145
    116 197 192 30 237 63 55 68 225 130 6 121 180 137 99 174 62 67 204 6
    201 53 89 135 228 100 87 196 83 12 202 174 114 219 122 37 189 171 54
    20 181 24 104 110 183 237 195 17 106 60 174 169 132 142 123 161 52
    107 247 173 249 249 130 216 197 209 194 128 218 222 42 168 125 159
    93 170 97 189 43 215 62 202 5 138 228 134 89 71 167 57 157 0 214 58
    185 16 36 133 63 20 117 180 11 15 4 216 171 241 172 12 211 252 196
    82 211 38 175 21 170 112 11 219 190 48 225 121 31 179 208 187 0 81
    61 158 139 216 216 137 53 203 221 201 138 162 246 135 237 143 52 36
    4 222 225 68 135 26 198 175 149 27 4 12 70 34 242 218 29 93 151 123
    160 161 95 51 133 108 118 59 46 9 36 221 18 152 240 158 4 145 20 243
    44 164 254 156 78 138 251 141 126 31 191 3 189 202 85 104 96 22 230
    64 161 241 112 106 178 170 104 131 1 70 31 117 255 13 248 92 201 116
    110 122 108 157 24 79 231 59 36 112 47 26 33 55 43 17 187 90 133 4
    253 249 246 75 88 233 247 27 200 54 62 237 177 146 244 169 19 49 230
    175 202 70 116 4 34 111 51 234 62 60 172 87 88 37 100 206 26 13 7
    144 175 175 225 139 252 7 125 13 178 8 162 127 173 163 147 70 111
    222 103 53 137 29 213 202 14 251 63 135 19 230 184 35 6 206 6 112
    113 85 14 168 3 94 11 7 111 84 129 89 239 250 217 216 149 173 42 100
    115 67 191 76 232 64 253 88 42 139 130 109 69 13 140 8 1 200 198 4
    171 253 164 71 51 202 65 180 13 50 202 235 80 89 64 255 151 175 99
    58 2 203 122 74 78 187 106 131 190 224 5 89 251 48 86 158 105 183
    103 16 5 121 92 52 191 50 141 126 182 100 235 67 250 111 166 66 137
    232 48 248 146 205 46 206 6 83 238 30 171 244 212 101 186 56 3 81 23
    169 149 241 252 173 116 131 241 12 32 29 137 73 10 175 11 29 204 189
    234 177 166 208 239 43 243 205 111 74 163 55 107 102 49 243 255 87
    210 172 107 31 212 179 13 43 91 25 184 186 202 29 36 12 255 219 180
    42 104 51 171 211 54 2 147 9 238 58 37 226 82 32 25 85 241 8 245 73
    213 245 219 163 229 169 203 149 158 218 232 226 212 7 200 87 40 13
    13 242 85 127 144 210 235 107 134 179 142 54 1 2 161 183 45 55 55 27
    93 0 163 72 52 53 201 40 153 20 171 37 208 253 217 18 193 105 98 36
    92 157 132 139 86 18 245 184 105 253 30 90 187 182 103 73 74 202 32
    113 213 42 231 216 31 210 182 46 130 216 92 22 179 103 165 44 60 193
    76 184 199 10 201 186 40 94 182 44 190 39 130 230 208 196 145 89 213
    73 133 173 130 165 8 45 137 211 153 109 61 197 50 183 144 115 141
    214 17 191 77 183 110 49 42 135 113 44 150 4 250 198 238 43 141 17
    63 58 6 104 141 190 74 231 181 194 46 210 138 71 244 109 214 128 252
    217 81 169 249 152 114 134 140 124 26 19 225 79 7 198 90 133 18 67
    79 33 121 137 199 102 24 50 9 91 251 252 77 20 209 101 237 181 73 97
    197 131 74 14 183 211 176 3 171 195 172 246 184 252 19 69 176 120
    255 205 87 62 243 77 225 146 199 131 51 177 142 188 96 156 112 15
    122 39 88 89 241 162 180 138 234 21 4 46 27 175 185 251 23 162 60 16
    157 111 208 52 93 213 175 74 124 76 123 183 180 197 85 20 116 53 7
    176 8 19 56 69 248 103 55 125 180 109 134 106 212 146 101 254 217 82
    56 33 34 139 85 166 77 95 186 225 49 142 97 145 110 241 191 184 76
    121 233 248 144 209 226 47 227 174 182 153 58 52 17 199 28 129 51 13
    240 211 222 21 60 65 135 187 244 7 124 228 143 33 209 238 53 87 231
    219 112 161 99 195 221 45 33 57 35 39 228 46 17 90 15 209 221 185 21
    234 138 92 215 43 91 253 39 88 42 147 114 148 6 143 53 88 109 168
    212 186 30 117 205 233 242 114 223 45 237 0 117 208 89 131 188 98
    208 130 52 23 246 157 146 71 60 235 218 196 35 38 177 162 230 236
    137 83 24 93 243 19 172 55 108 94 131 99 110 240 53 195 152 213 167
    151 166 182 220 97 97 120 43 131 232 66 5 230 31 236 94 187 79 67
    180 9 174 135 53 229 30 159 202 164 117 109 25 226 85 157 234 145 22
    162 45 89 119 64 96 226 102 211 115 140 179 255 229 248 160 49 30
    136 218 64 27 38 175 202 201 176 28 110 72 127 127 99 188 223 178
    174 132 151 66 143 129 129 22 44 162 237 160 206 97 166 205 227 137
    18 158 31 70 85 246 129 211 92 124 65 192 9 181 100 93 82 152 151
    151 127 88 146 210 121 246 49 52 240 84 61 8 163 116 235 163 238 11
    104 25 166 48 52 89 122 46 87 140 63 164 231 40 60 252 40 41 74 150
    147 207 64 98 2 3 184 245 32 1 31 207 130 133 204 73 238 206 117 141
    132 134 194 217 86 116 71 63 202 42 28 223 168 173 184 16 67 72 17
    103 196 199 82 118 201 220 170 15 134 216 66 48 59 174 131 228 46 84
    215 16 101 57 225 18 1 18 46 222 94 243 80 247 103 128 220 194 99
    129 113 51 233 50 203 99 72 202 217 235 190 77 57 88 57 229 196 177
    198 90 234 12 6 224 94 245 215 76 87 68 178 207 249 140 81 113 39
    236 98 169 0 94 172 50 166 113 87 105 146 41 91 231 18 225 183 91
    234 89 0 101 234 216 79 62 104 80 136 195 244 35 112 32 158 59 241
    152 38 25 209 30 198 61 142 165 122 45 14 155 169 190 180 139 34 238
    189 148 143 35 90 84 144 131 179 255 227 8 32 155 107 89 130 130 176
    80 110 193 17 206 97 17 208 98 68 106 140 89 237 122 34 51 103 167
    11 132 96 111 32 214 223 117 2 209 109 72 51 247 233 29 132 178 133
    41 200 20 192 62 183 244 5 193 211 241 192 149 115 155 40 29 46 138
    56 18 170 190 61 65 119 121 166 26 202 187 6 215 214 82 112 1 32 194
    153 1 179 32 89 77 130 217 186 242 156 67 105 127 177 20 7 94 156
    199 99 116 66 68 169 188 136 171 29 1 21 252 232 49 186 252 213 110
    29 221 67 167 128 152 198 180 157 157 110 6 174 5 54 152 50 67 93
    210 162 251 136 213 194 233 133 249 171 186 112 206 159 238 163 50
    168 33 0 233 169 161 120 96 97 125 195 205 104 40 139 211 60 32 48
    141 147 166 63 252 111 239 253 102 245 101 112 162 220 58 252 162
    222 123 70 34 210 100 86 194 206 234 71 97 41 166 194 177 103 26 73
    50 170 113 202 47 170 115 118 1 16 54 137 50 100 105 159 216 152 57
    153 28 18 25 186 157 69 117 32 216 204 153 140 75 45 219 192 157 148
    224 160 143 153 229 135 16 178 140 7 119 55 19 138 177 90 206 200
    202 203 149 244 55 180 24 21 15 252 94 239 105 205 85 185 67 234 191
    152 109 18 77 113 134 156 21 240 226 166 56 127 169 76 46 203 110
    187 105 232 143 5 182 108 24 126 211 106 45 117 89 167 73 80 121 247
    31 119 8 177 149 112 1 121 203 13 239 0 42 102 248 253 49 12 116 208
    68 242 149 115 172 203 107 201 8 90 99 189 18 233 252 124 164 52 24
    51 202 110 221 168 156 139 192 95 62 27 167 82 25 71 44 251 119 203
    134 246 151 13 205 15 142 140 124 121 74 246 124 31 180 249 36 80
    143 55 215 95 151 34 205 122 195 247 124 72 30 56 196 128 253 205 10
    15 90 219 53 10 140 144 170 115 43 125 234 182 110 100 79 185 6 234
    98 233 193 65 138 121 226 208 164 63 147 150 177 6 72 39 15 164 249
    18 254 181 250 85 161 223 20 60 142 41 75 191 145 162 54 142 108 154
    47 226 43 240 15 105 127 33 107 226 49 224 69 242 82 141 12 252 80
    233 65 213 161 158 231 176 9 29 208 75 119 204 30 250 82 99 19 145
    159 91 228 253 83 197 41 91 108 228 145 164 237 185 3 8 29 255 244
    185 68 198 34 234 7 109 23 247 123 160 216 53 201 181 102 118 118 5
    254 0 204 169 227 96 40 218 184 61 144 135 98 179 85 87 144 52 75 38
    72 99 100 88 14 15 43 154 160 35 170 70 19 39 76 232 118 49 73 208
    18 219 73 206 54 255 2 194 81 122 36 163 50 11 204 200 138 129 206
    143 34 208 214 205 70 240 178 208 220 133 189 18 35 84 176 225 239
    15 54 176 140 191 241 24 98 160 216 228 136 136 202 54 135 114 24
    174 148 115 153 109 25 138 239 25 28 219 49 68 220 220 184 22 130
    227 230 28 82 223 67 24 27 180 240 107 123 28 145 223 70 150 159 108
    135 223 94 153 38 111 180 225 181 235 27 87 120 226 167 103 154 222
    35 73 211 141 230 22 3 255 179 163 27 36 152 192 185 193 75 5 40 47
    42 32 237 2 221 241 195 152 71 90 105 94 102 161 163 1 229 47 118 59
    52 90 21 170 132 217 44 179 152 87 73 100 3 4 229 195 210 50 124 125
    60 143 37 158 176 47 79 141 15 120 52 250 240 48 51 173 100 129 157
    13 236 51 193 208 152 63 232 82 139 30 129 190 68 119 117 220 184 53
    46 252 236 162 164 6 50 214 14 154 223 214 40 238 118 38 246 150 244
    170 121 196 197 223 76 190 66 112 139 209 229 127 163 100 20 133 102
    69 218 61 251 220 131 56 174 118 91 249 47 169 23 24 201 33 185 51
    229 239 31 189 62 21 136 208 216 146 47 199 46 187 4 91 210 129 11
    196 233 102 152 214 138 208 50 27 157 73 176 136 47 141 93 211 105
    80 94 58 171 181 149 15 95 11 201 22 147 18 190 134 12 250 224 212
    93 231 25 253 150 168 205 189 73 91 148 180 54 6 30 84 234 142 249
    107 23 253 43 231 136 70 245 3 193 51 127 253 194 63 81 208 22 130
    100 37 55 225 167 113 95 177 114 53 44 113 170 141 115 199 20 32 225
    116 158 80 136 166 222 71 185 144 190 242 38 175 161 72 126 64 203
    50 125 220 81 203 7 110 123 37 173 166 65 211 57 68 241 100 148 157
    177 13 77 28 47 194 171 86 3 106 208 59 8 39 236 65 113 84 74 123
    216 23 75 15 59 255 221 56 205 81 185 24 229 156 119 146 92 86 173
    134 175 23 215 57 66 222 57 79 213 229 138 83 134 6 141 46 99 81 5
    23 231 155 47 17 21 70 82 81 55 60 38 166 191 117 44 175 123 164 100
    172 149 111 173 243 159 41 196 11 67 119 47 132 196 131 223 209 2
    168 26 112 237 212 5 196 242 140 154 84 255 70 47 240 68 14 25 125
    253 31 36 223 68 86 90 32 221 233 1 38 244 31 70 254 66 223 255 110
    41 35 38 33 204 150 208 213 61 239 207 224 132 242 253 248 16 159 49
    87 99 16 215 46 232 149 167 68 252 131 8 79 222 244 246 62 52 60 157
    149 97 74 71 20 176 200 128 51 82 252 157 199 60 20 223 158 226 119
    224 85 203 134 206 51 136 124 109 11 195 91 36 97 159 227 249 98 162
    167 29 235 159 200 212 55 221 68 5 195 243 28 93 232 242 126 191 90
    79 72 116 40 77 91 242 55 83 2 244 31 250 210 27 205 109 55 47 0 215
    14 0 71 201 130 212 186 181 121 49 167 88 225 182 170 51 41 19 187
    88 196 198 232 112 149 194 60 142 87 174 199 181 225 136 143 11 38
    207 47 77 226 178 137 86 33 208 5 226 242 182 192 151 243 83 2 197
    219 132 131 60 172 234 115 210 51 19 74 167 70 224 242 27 73 3 171
    167 179 144 4 81 32 15 199 148 229 114 16 210 36 185 179 63 7 26 46
    57 129 154 92 125 184 189 143 234 38 81 212 41 101 49 124 105 254 6
    95 78 37 238 54 254 236 18 88 235 201 41 90 127 232 244 92 188 0 42
    238 206 0 85 52 60 91 71 148 74 18 149 41 51 44 229 5 124 40 235 75
    87 1 19 4 220 77 74 104 37 138 26 28 129 130 178 152 69 167 112 48
    32 245 35 11 194 19 12 217 51 99 168 253 18 10 247 170 96 73 243 22
    114 164 74 175 73 224 209 180 87 180 225 205 71 199 79 172 172 222
    76 47 17 42 137 166 152 101 173 140 223 220 245 110 58 173 80 85 171
    217 3 197 90 233 35 187 140 110 215 142 196 149 23 110 7 183 150 177
    193 246 37 118 164 64 157 169 128 250 17 171 240 158 141 236 167 203
    242 68 221 77 186 97 89 201 162 97 144 246 228 231 131 49 105 38 9
    210 93 38 17 26 90 85 17 251 252 52 28 205 236 122 18 9 216 45 60 39
    148 120 8 95 46 245 109 47 117 26 150 162 127 139 225 110 110 59 172
    135 214 207 77 131 206 81 164 49 86 192 19 173 64 63 116 59 165 53
    150 127 84 61 223 87 147 252 212 182 22 188 97 103 176 116 67 32 34
    230 82 244 115 121 227 75 91 5 20 39 141 142 214 7 190 42 26 26 90
    240 232 191 117 1 130 3 251 122 136 215 145 174 15 162 197 121 207
    163 93 66 212 14 8 28 177 181 147 124 27 75 198 70 157 80 61 143 18
    124 214 129 77 172 176 135 55 112 99 28 10 103 64 8 124 127 54 228
    108 21 114 133 107 231 158 23 163 250 111 124 204 156 81 215 120 78
    178 167 248 216 163 225 118 163 244 116 106 157 157 145 242 23 136
    130 18 68 86 156 228 199 179 38 144 66 9 178 124 8 18 144 123 86 37
    125 51 22 225 79 96 191 72 130 141 110 239 158 53 148 36 24 148 150
    232 129 179 135 38 139 92 2 2 161 94 115 145 76 190 171 143 77 154
    12 9 53 193 110 86 39 126 220 33 99 180 207 190 112 81 18 52 15 244
    205 97 34 249 156 65 72 157 175 226 44 77 7 121 0 73 199 6 98 228 96
    193 54 142 203 48 3 47 194 170 219 69 210 108 242 208 181 143 249
    100 252 49 124 244 138 43 29 99 246 234 4 123 80 28 181 55 140 68 1
    38 5 16 8 174 157 50 152 216 246 151 234 134 228 35 129 133 12 62
    221 95 171 57 13 180 82 114 220 91 251 145 153 23 88 18 77 189 199
    92 165 13 191 29 225 207 80 153 136 148 195 122 229 164 56 80 118
    221 97 237 83 5 76 60 180 227 165 94 58 20 78 125 75 92 237 156 55
    70 238 195 174 207 43 244 65 190 215 228 249 119 198 21 170 164 86
    54 34 213 3 236 48 221 161 75 153 90 138 96 89 61 111 19 164 191 150
    117 187 123 52 0 140 77 242 90 84 16 27 247 55 95 60 219 57 100 86
    143 36 186 193 184 54 96 104 92 150 15 188 169 128 156 229 218 11
    211 149 128 59 34 113 98 95 34 222 169 204 13 207 102 166 174 89 192
    148 14 151 96 117 79 124 225 60 154 10 37 37 124 123 123 205 153 219
    28 111 124 63 246 137 171 230 110 201 39 218 102 179 52 234 79 3 22
    81 117 185 177 233 144 228 21 38 111 166 76 150 225 16 155 37 8 36
    180 32 96 8 104 179 163 15 164 108 125 217 138 31 112 171 164 244
    112 84 225 11 160 181 64 207 25 51 169 220 7 171 127 161 200 239 211
    98 101 96 213 48 160 155 77 93 9 193 241 35 79 78 201 120 125 181
    113 129 3 90 132 62 255 225 61 44 235 34 49 139 117 37 40 219 86 198
    210 44 80 41 158 54 122 214 78 34 215 76 2 1 217 3 252 63 223 139
    182 32 54 175 37 145 48 171 61 204 9 178 44 1 98 191 221 162 193 246
    237 39 133 107 38 229 63 12 136 67 186 204 195 41 189 113 20 45 14
    142 203 232 51 238 11 129 195 220 224 143 60 139 72 77 53 26 247 1
    181 238 197 184 7 48 126 219 182 20 103 172 155 200 171 214 47 83
    157 254 127 254 12 154 196 129 21 171 255 152 164 100 39 201 64 234
    46 80 131 222 59 175 157 167 97 247 55 166 50 111 67 158 174 13 32
    177 87 86 213 215 16 237 228 33 69 143 218 130 205 113 202 220 53
    218 65 2 142 206 26 111 4 86 15 28 214 98 150 125 81 108 248 205 129
    86 79 183 202 236 7 225 34 157 89 130 186 174 217 52 249 215 63 237
    2 178 138 134 204 81 208 136 153 194 112 43 106 116 251 237 54 136
    13 10 214 185 68 92 137 157 246 67 253 142 190 220 122 41 232 218
    148 15 49 144 201 243 163 164 205 123 248 23 56 181 175 182 139 99
    248 5 231 23 143 34 229 94 120 95 175 113 68 155 82 93 72 103 63 27
    169 2 162 26 205 160 94 43 194 25 40 142 107 112 83 128 255 208 234
    35 12 98 48 41 158 215 150 53 255 151 25 181 177 242 127 156 133 144
    6 121 86 199 162 68 205 94 248 116 186 170 94 205 122 43 236 70 232
    111 54 196 189 112 69 70 25 208 23 46 120 119 179 180 249 141 112 73
    137 112 206 60 0 153 131 230 88 5 70 199 56 205 253 76 177 216 75
    170 247 216 250 17 30 163 160 7 12 111 44 177 248 123 7 22 190 169
    18 47 226 207 125 249 17 65 146 172 136 197 254 185 26 185 39 206 7
    38 229 219 31 184 74 32 132 157 252 84 104 148 148 197 179 199 51
    197 195 225 229 6 29 56 129 97 21 208 146 181 179 146 236 201 242 34
    25 146 232 32 220 58 160 135 23 212 18 255 209 251 238 59 241 14 128
    42 93 35 53 142 16 237 217 15 250 34 7 70 47 22 179 89 145 75 12 4
    238 185 94 81 24 55 25 37 217 88 26 81 104 0 196 148 254 214 13 196
    26 86 115 139 139 94 81 43 45 181 44 156 33 8 228 187 57 15 158 21
    233 16 74 165 28 61 188 15 166 228 40 51 25 97 33 244 85 190 157 192
    11 23 108 162 39 169 159 51 73 158 221 11 230 226 191 170 213 22 183
    145 104 110 250 26 157 250 95 95 40 202 118 182 220 245 37 237 65
    240 163 67 206 3 71 8 79 96 136 138 115 40 10 106 242 119 173 244 41
    94 139 255 37 42 55 178 211 61 93 122 152 148 75 34 30 54 123 217
    253 108 97 167 196 78 28 244 248 178 28 96 102 195 20 18 156 173 173
    255 125 179 216 17 185 232 146 187 87 251 145 178 145 57 52 70 41
    245 37 64 98 104 117 128 124 161 70 74 142 206 74 145 26 204 197 71
    188 120 242 66 131 206 6 126 166 50 73 137 249 248 129 108 235 235
    195 130 86 223 240 255 181 40 191 234 184 77 241 108 124 128 102 214
    170 181 217 43 72 57 128 28 88 216 102 182 130 193 249 126 137 160
    117 203 102 164 133 36 42 50 50 38 236 181 28 19 242 116 151 99 38
    179 58 192 147 19 128 124 27 19 40 88 180 22 84 69 130 37 217 133
    150 93 53 162 106 42 252 210 176 130 162 127 165 177 203 74 108 200
    7 189 96 113 235 159 244 229 248 233 44 6 198 246 65 79 214 63 185
    43 81 199 113 171 130 101 219 97 126 233 17 60 28 158 229 42 240 58
    65 188 165 45 0 191 108 101 209 81 96 49 50 123 48 42 5 175 184 86
    203 46 10 226 122 183 139 68 13 46 161 231 39 38 198 144 105 17 181
    84 214 22 9 226 142 8 254 152 90 5 94 189 130 253 63 215 169 37 41
    50 54 29 126 172 32 78 39 51 81 79 228 19 80 42 33 64 216 176 162 81
    102 114 22 30 236 187 97 33 53 205 190 21 22 117 57 155 5 78 6 126
    208 19 44 254 3 134 199 211 125 7 213 71 190 91 88 237 228 55 88 90
    89 184 83 44 73 115 18 9 49 208 64 191 165 51 230 69 18 248 7 8 110
    247 116 37 175 233 28 46 207 99 227 41 108 96 35 215 18 48 222 152
    12 97 82 250 219 134 240 184 175 190 46 136 56 237 248 141 26 237 76
    244 1 158 196 93 45 146 238 121 125 205 217 241 95 172 249 204 241
    89 81 237 36 86 9 28 95 219 170 173 78 75 19 251 203 159 122 5 196
    154 3 145 193 253 137 10 117 242 163 189 110 1 46 220 227 95 81 6
    194 157 162 13 241 148 58 52 137 237 106 222 66 241 101 105 13 155
    52 177 23 240 107 106 155 28 144 239 96 249 8 176 155 202 184 159
    243 34 107 98 9 231 98 227 166 169 220 19 156 239 147 136 110 95 23
    182 169 101 84 183 63 14 199 57 164 18 145 119 140 74 67 116 124 50
    219 252 153 230 87 162 166 33 118 66 81 220 231 252 139 211 163 123
    195 64 169 219 179 66 138 88 93 46 65 148 135 163 56 214 149 114 112
    219 13 2 27 105 20 96 215 122 20 173 105 129 98 142 26 91 146 224
    181 75 107 132 57 87 200 125 52 46 254 146 126 35 145 66 26 191 241
    20 223 154 75 198 111 170 8 53 176 236 218 165 162 213 210 22 169 36
    141 144 70 175 105 14 232 112 79 237 113 20 214 148 38 55 51 0 142
    23 2 195 167 127 84 201 76 225 221 121 81 230 186 101 44 113 122 220
    48 175 6 211 240 156 159 70 96 171 159 103 99 238 158 60 69 239 62
    203 50 1 193 59 221 172 101 121 104 252 38 236 130 162 114 160 141
    220 80 108 57 236 188 250 176 108 203 157 54 105 111 7 131 33 88 45
    86 189 217 8 14 66 220 160 249 30 45 80 39 181 1 8 167 184 119 163
    136 110 242 239 229 93 51 178 131 126 90 175 169 124 128 143 69 79
    220 90 153 200 101 164 35 237 79 182 88 27 220 234 93 171 158 246 38
    10 26 38 244 221 113 205 131 176 70 51 163 187 123 118 153 138 59
    193 9 201 120 89 7 220 14 33 94 119 39 78 69 152 228 224 71 55 149
    204 139 192 194 238 217 123 169 116 77 138 114 179 212 64 9 96 223
    232 157 86 242 19 59 39 107 201 145 13 56 49 246 71 112 43 151 110
    123 83 12 62 223 167 70 79 159 25 186 255 228 144 46 152 117 111 241
    115 69 100 230 62 241 50 48 131 149 244 226 1 201 89 85 223 95 145
    89 141 24 102 170 207 126 9 29 235 25 151 48 153 71 234 121 17 96
    156 98 216 120 170 229 34 40 44 66 51 186 82 88 87 40 245 235 78 59
    60 145 190 102 75 4 227 204 69 57 158 229 252 146 253 222 24 84 109
    240 0 110 239 117 99 189 9 46 251 212 88 134 123 56 63 88 247 23 220
    117 16 141 57 59 154 24 7 59 191 224 195 24 73 212 68 46 45 176 194
    122 63 107 173 53 137 141 203 12 177 204 115 248 17 206 165 96 147
    82 71 4 145 160 157 215 221 127 21 97 99 140 194 123 150 162 101 228
    157 120 197 4 3 112 121 49 104 4 109 98 153 72 136 6 39 252 126 106
    235 146 103 32 231 0 247 136 96 186 68 255 101 154 51 239 42 224 29
    27 116 55 38 95 137 174 199 158 73 97 71 116 128 201 88 104 204 79
    166 112 100 219 190 95 184 63 37 215 187 62 57 26 111 31 37 146 87
    26 90 110 134 210 213 120 158 167 192 114 124 181 103 193 7 23 7 226
    110 246 115 192 203 255 20 109 167 124 82 183 177 205 77 238 228 200
    233 45 131 101 4 107 7 121 48 241 24 49 50 35 108 224 188 7 192 222
    223 84 98 215 163 188 139 51 29 254 97 50 53 70 56 176 217 164 63
    117 131 129 133 165 214 103 60 81 183 33 176 6 9 184 186 66 242 243
    41 217 128 133 61 110 169 32 30 198 184 134 76 144 227 168 124 98 9
    63 249 17 190 23 213 177 199 79 177 83 3 138 50 237 106 11 62 255 10
    33 240 91 119 118 33 61 82 9 143 28 218 160 166 100 203 57 14 64 179
    26 119 67 67 232 36 234 228 17 44 189 147 153 205 152 27 97 10 101
    139 62 199 151 37 69 40 105 201 155 153 29 110 221 174 3 120 83 60
    239 167 250 188 122 200 12 103 63 160 78 53 176 133 121 88 22 167
    115 13 129 170 87 4 146 234 38 13 34 160 95 190 59 92 200 207 157 49
    159 44 45 51 136 101 67 171 116 254 253 174 187 126 242 179 3 167 49
    208 46 40 195 5 91 2 95 239 188 196 154 217 156 178 131 204 244 29
    159 210 23 192 42 72 143 177 219 179 29 133 107 124 202 198 57 249
    112 217 126 40 151 124 72 151 109 44 113 9 82 145 32 60 191 92 206
    45 132 236 60 173 130 138 191 148 55 153 7 144 3 164 83 29 35 151 25
    78 47 186 127 40 195 147 74 159 21 242 80 124 241 67 106 174 242 12
    73 145 230 56 140 53 182 232 247 174 116 146 100 125 171 16 200 222
    209 65 240 77 188 94 78 119 98 115 138 179 11 222 214 86 189 129 18
    119 246 207 157 40 234 170 151 142 39 27 254 31 150 96 76 133 19 222
    69 242 172 4 140 11 199 94 138 74 58 41 58 146 248 138 197 209 130
    226 73 151 121 110 228 244 222 36 33 226 166 56 169 182 215 129 166
    47 151 96 193 45 24 69 70 205 204 164 189 158 156 58 102 127 211 163
    251 168 119 147 166 30 168 101 175 211 69 230 58 251 59 2 155 231 17
    43 15 166 147 196 5 76 113 86 115 156 173 124 118 190 104 62 33 33
    176 153 184 250 84 121 21 161 151 34 143 199 10 111 85 141 84 71 65
    84 142 7 220 255 78 79 42 211 127 196 160 168 229 15 75 242 26 173
    244 226 159 134 218 48 236 248 206 111 80 200 204 121 117 243 146 43
    36 76 203 63 71 11 128 227 62 163 178 51 223 185 249 50 209 90 165
    136 103 234 113 75 143 2 244 251 226 111 223 166 212 137 239 89 55
    36 166 18 106 1 62 131 83 157 35 54 165 206 236 129 144 201 68 142
    90 35 16 193 191 12 105 53 95 204 64 156 147 182 188 176 31 113 172
    207 229 251 126 86 80 223 28 27 221 23 13 2 144 20 107 54 194 174
    143 26 231 14 181 192 244 174 112 24 20 79 250 176 116 9 251 163 52
    137 160 219 104 67 36 108 116 192 13 107 152 72 96 165 45 114 13 55
    194 21 31 171 203 135 193 52 220 74 248 159 46 140 242 3 79 104 33
    158 26 146 233 79 118 71 93 48 139 123 207 41 83 235 252 28 41 164
    218 106 7 118 57 244 114 149 58 254 106 15 247 185 176 75 58 64 142
    103 49 226 16 86 52 59 156 106 155 22 65 218 25 146 207 209 84 120
    103 119 17 56 180 117 228 144 177 2 28 144 55 192 50 36 103 152 152
    43 186 233 88 35 83 174 232 162 56 203 52 201 89 87 104 39 46 203
    222 93 87 144 207 137 95 91 93 207 239 129 255 61 13 73 33 134 63
    193 222 234 79 94 1 106 250 46 185 76 122 22 184 194 135 115 78 206
    174 68 201 88 214 13 77 140 198 66 31 85 97 144 210 48 26 131 121 40
    151 63 48 53 119 157 226 209 179 20 156 17 129 136 174 87 81 200 109
    140 70 240 182 9 35 148 119 153 233 242 253 162 104 111 4 167 239
    240 231 5 248 124 2 98 117 241 46 209 118 242 178 84 100 54 90 211
    195 31 77 185 70 96 60 150 44 109 129 108 247 247 201 89 61 116 201
    83 10 5 231 55 253 247 174 196 62 43 53 174 207 221 200 208 117 91
    127 156 167 26 153 1 3 192 36 52 60 96 250 105 146 121 83 248 139 0
    249 188 208 32 243 103 10 187 159 95 58 113 213 157 195 68 32 31 229
    242 228 30 139 3 106 123 7 86 173 118 138 83 112 22 77 239 188 2 67
    127 161 189 254 150 170 24 80 135 115 223 236 150 114 76 46 104 154
    233 199 203 197 83 18 87 8 148 51 184 169 48 170 166 246 212 173 183
    28 151 77 192 61 156 121 134 67 121 169 141 237 192 103 84 62 113 91
    7 130 207 120 230 33 201 23 193 52 184 82 20 111 40 130 56 1 172 190
    25 26 48 2 65 135 5 13 130 143 163 232 128 117 129 164 70 36 151 73
    17 162 174 175 120 139 10 7 162 135 61 151 194 231 140 11 160 33 136
    124 233 140 229 211 90 82 143 234 125 221 18 216 173 233 155 57 144
    206 143 118 168 15 205 203 237 63 97 80 188 67 121 216 77 118 36 115
    55 121 10 32 70 214 121 217 34 133 235 70 6 58 241 95 155 78 28 101
    191 116 175 194 177 225 13 154 130 113 43 34 188 76 249 150 55 63
    208 113 62 161 132 99 241 49 41 90 194 70 188 150 250 4 228 99 246
    150 134 16 49 168 10 137 172 254 138 101 75 184 34 137 34 255 140 45
    118 180 133 140 23 141 56 23 253 185 178 79 119 163 175 46 164 71
    165 142 12 238 202 43 187 95 67 239 203 124 35 72 208 227 158 208
    169 147 114 110 27 180 120 120 7 210 28 72 16 172 228 226 20 175 86
    105 133 71 9 245 227 72 230 0 60 75 169 220 249 115 88 187 163 118
    143 30 247 190 68 124 181 134 244 212 15 160 177 216 165 170 8 226
    12 52 17 215 92 9 241 87 116 220 58 228 240 191 96 163 184 215 98
    101 37 195 254 35 249 201 214 45 101 229 173 233 50 114 207 216 96
    30 44 30 79 245 86 137 11 88 246 1 155 240 142 47 187 120 173 130
    247 71 154 60 218 188 92 132 165 37 18 237 108 228 57 227 222 247 16
    0 29 225 126 124 117 118 54 108 9 157 116 65 96 43 111 109 230 254
    54 48 179 177 113 27 29 97 247 91 224 241 247 90 73 126 135 79 97
    226 78 165 61 78 158 241 13 255 192 161 188 44 172 58 128 119 37 159
    104 125 18 86 158 209 35 186 130 131 207 24 249 50 117 57 203 116
    160 108 97 212 27 233 113 37 109 131 48 215 153 232 218 62 124 136
    211 98 93 234 130 157 36 131 119 236 153 222 251 50 234 48 225 73
    126 6 189 227 78 109 139 239 245 240 192 153 114 138 77 43 217 121
    184 196 110 132 184 100 215 33 65 48 17 40 54 16 37 47 150 22 220
    160 236 119 246 113 126 253 17 131 215 156 64 244 26 39 48 231 89
    167 65 99 166 216 94 139 41 214 150 160 189 156 243 141 25 25 94 7
    176 203 47 156 50 0 24 61 118 81 198 190 87 49 136 188 236 237 206
    45 121 45 254 179 220 95 182 232 212 159 224 3 15 134 107 155 51 154
    126 48 115 100 215 203 202 12 150 145 17 192 47 82 78 124 128 246
    168 160 251 199 247 191 86 87 148 76 86 61 227 227 25 82 5 122 123
    112 24 28 219 83 12 217 103 153 12 37 67 130 163 172 169 96 45 20
    210 70 39 127 209 238 42 25 161 175 196 78 242 241 160 108 120 20
    202 194 180 4 174 116 243 201 205 31 4 85 21 95 190 25 137 225 208
    176 69 150 14 1 254 175 31 45 127 126 212 100 181 236 58 114 234 15
    41 58 37 123 29 48 120 76 71 166 218 221 139 81 120 54 38 176 147 56
    42 159 15 177 132 138 92 7 177 110 93 181 185 62 39 244 157 105 48
    14 3 80 33 73 214 178 189 99 92 31 38 219 28 69 250 133 163 184 231
    250 189 222 124 67 88 101 213 200 14 171 160 208 239 140 159 179 76
    60 220 184 65 201 206 136 171 31 42 130 118 144 163 87 3 80 132 8 57
    112 213 109 152 182 5 179 171 224 191 205 59 196 15 221 197 78 138
    245 50 69 182 36 75 210 73 81 6 226 67 69 146 202 92 179 42 73 15
    113 27 103 40 179 111 69 187 148 121 35 55 135 158 108 224 29 107 61
    198 66 49 150 204 39 8 101 226 90 142 22 122 221 75 158 145 82 130
    76 33 253 52 198 242 215 69 201 100 110 255 51 41 123 116 157 133 22
    173 70 214 178 173 102 233 77 37 198 209 215 126 114 122 116 254 218
    89 245 8 62 168 186 126 80 115 76 162 18 165 40 67 4 168 60 4 14 29
    116 25 225 91 83 160 91 99 215 44 26 134 179 66 159 13 193 99 27 115
    158 48 90 168 20 9 212 234 52 37 248 106 219 29 152 143 12 188 28 88
    97 231 10 0 31 52 56 118 15 153 5 54 165 127 189 235 255 151 193 243
    115 127 178 183 175 89 239 229 76 149 59 215 181 6 189 175 162 69 60
    198 85 0 145 202 77 91 241 41 98 248 29 206 230 204 3 221 184 4 221
    30 32 191 15 237 39 152 84 128 67 250 159 217 123 105 246 88 207 140
    184 180 84 74 223 242 5 235 98 48 29 144 127 190 223 166 197 131 105
    128 220 102 97 185 228 27 63 213 61 133 32 45 111 187 152 7 224 236
    134 48 218 183 93 101 247 53 119 209 8 132 155 58 247 153 57 119 128
    179 104 83 116 213 158 95 117 71 46 97 111 149 245 251 139 168 239
    124 27 162 19 166 165 224 64 154 145 185 15 223 238 93 164 131 59 44
    159 58 174 94 127 98 127 179 65 48 34 231 191 222 13 198 10 234 209
    210 54 124 57 114 14 74 1 95 55 71 230 109 246 210 50 131 201 170
    173 108 124 31 133 166 19 85 71 69 109 221 214 67 8 15 7 23 241 160
    215 85 159 6 77 231 101 228 240 206 204 222 226 42 146 50 230 165
    246 213 16 140 110 146 208 147 231 63 171 143 100 123 150 231 137
    246 133 6 132 187 220 83 123 195 242 174 57 205 171 75 6 142 192 199
    153 9 77 81 58 138 19 78 250 150 84 30 176 214 236 136 175 231 255
    98 18 17 112 229 108 12 105 80 25 160 249 80 249 152 202 158 148 36
    223 184 67 63 68 126 125 83 228 127 208 250 104 105 172 23 77 108 79
    61 182 228 227 113 74 112 151 104 153 249 253 102 125 133 133 71 7
    24 121 195 30 180 25 110 223 88 152 94 31 223 246 237 100 182 73 16
    223 223 199 205 216 108 14 133 28 93 92 151 144 98 136 44 29 126 168
    207 104 74 172 145 9 197 119 42 49 39 90 188 178 5 235 126 249 7 214
    101 47 181 203 104 161 207 87 96 124 169 247 46 222 126 40 207 250
    91 210 54 199 203 49 25 219 70 226 96 247 239 144 250 116 22 50 138
    154 47 42 158 143 39 247 234 69 224 132 159 190 13 192 138 25 60 67
    189 59 108 145 237 74 10 150 6 112 184 108 102 209 127 133 245 55
    128 102 135 207 101 53 177 231 217 178 171 89 115 241 242 2 179 112
    30 59 211 180 174 59 200 201 1 6 18 64 50 143 241 174 254 64 63 43
    197 23 194 222 244 24 49 158 128 132 160 134 117 104 105 138 132 41
    219 186 214 13 82 171 205 224 106 217 226 247 176 99 5 116 57 24 116
    150 3 240 111 100 92 65 211 192 130 112 144 209 251 16 33 102 107
    139 216 231 71 37 190 38 210 24 36 225 25 250 65 114 1 39 197 152
    195 29 212 53 6 100 237 240 23 11 161 216 108 244 222 169 103 246
    224 115 101 129 38 150 215 188 196 225 80 0 58 57 211 112 1 25 246
    92 27 236 239 89 206 22 120 232 156 63 107 9 173 181 155 128 107 58
    12 148 64 89 29 8 97 189 249 48 157 89 187 24 0 71 26 192 124 100
    119 59 105 230 82 19 214 253 216 117 114 196 10 95 89 38 185 26 52
    225 32 169 21 227 21 56 130 184 216 133 38 146 50 152 87 126 163 201
    78 65 62 13 175 6 106 253 139 134 162 32 9 120 83 218 80 178 138 48
    106 210 198 189 203 151 75 244 29 8 164 129 76 64 148 131 90 232 18
    105 49 20 86 72 79 18 31 243 208 144 225 210 144 100 194 134 2 89
    106 124 121 239 190 86 66 250 125 217 29 191 15 17 183 146 144 180
    196 250 246 105 56 91 244 235 228 183 91 208 177 127 157 161 61 225
    35 231 94 251 60 10 32 41 221 199 187 151 88 126 228 250 247 114 148
    20 87 124 86 188 68 104 212 194 65 201 252 255 49 2 161 253 31 78
    110 38 21 209 24 96 132 169 66 75 253 128 212 172 159 23 109 13 84
    17 31 54 53 43 155 209 112 174 75 96 130 88 60 64 242 227 244 237
    229 218 143 198 23 68 96 0 45 20 77 8 143 138 64 177 79 112 88 139
    197 89 54 124 43 222 113 85 19 183 101 44 12 247 77 218 7 210 150 68
    62 126 135 76 138 255 225 198 163 142 210 7 123 201 91 126 212 89 91
    2 43 180 125 50 223 232 204 151 183 156 230 179 229 251 217 161 29
    89 188 34 107 241 231 212 76 223 111 54 74 134 226 197 205 183 199
    69 103 230 56 137 58 150 86 28 143 101 209 68 100 42 32 76 114 56
    254 250 226 76 162 187 44 211 20 231 187 243 65 98 103 58 239 90 98
    85 143 151 117 128 234 164 49 165 153 168 222 104 221 191 189 137 84
    160 176 119 34 172 36 85 107 157 110 66 230 34 24 23 104 234 117 227
    190 121 62 2 133 200 217 33 97 88 245 189 187 82 117 37 202 66 205
    17 103 168 225 86 32 170 140 243 136 35 105 27 246 141 125 37 131 81
    236 94 11 194 88 52 70 69 67 35 207 184 103 115 100 43 168 195 28
    108 222 170 53 105 30 41 165 98 156 63 194 77 188 60 60 79 218 129
    130 193 212 89 204 120 14 214 138 245 151 166 201 250 108 50 145 252
    64 46 241 255 202 192 249 154 17 170 54 189 217 137 94 112 226 27
    227 206 27 229 60 34 255 160 62 53 36 95 169 20 98 126 230 203 171 7
    8 56 184 52 22 156 69 222 222 30 158 134 0 135 73 232 229 200 158 61
    176 38 128 249 104 167 8 143 154 174 157 211 168 44 72 241 97 221
    163 224 40 210 219 129 66 11 138 102 129 17 234 150 150 176 23 20
    206 6 121 73 184 218 137 252 252 34 127 135 90 229 102 38 30 122 65
    111 137 143 103 237 206 144 39 201 109 109 116 65 25 144 192 221 245
    74 223 14 88 32 10 144 194 74 251 206 32 107 37 37 151 63 122 17 66
    83 140 7 7 136 222 13 98 212 86 226 187 52 23 173 251 136 205 185
    144 193 158 67 202 93 171 223 162 81 63 8 228 58 206 174 195 218 239
    250 11 6 120 246 118 251 17 35 91 193 253 115 39 217 22 137 40 28
    242 217 150 165 32 87 9 252 145 234 129 134 223 176 223 164 245 78
    115 3 192 90 54 32 180 90 208 159 200 200 191 162 200 153 84 74 123
    112 208 212 91 82 253 9 38 7 130 149 121 218 225 187 125 79 17 59
    204 194 94 94 22 229 131 30 102 159 171 62 45 0 10 249 167 47 78 120
    128 203 19 99 243 250 161 15 214 123 64 202 96 98 59 175 212 131 29
    201 253 12 59 192 169 188 157 101 22 135 30 216 193 192 98 48 135 64
    120 77 7 96 203 95 89 34 237 24 157 127 87 182 104 152 147 141 195
    21 30 142 91 76 222 251 5 130 107 74 80 186 243 70 85 202 108 168 61
    116 55 14 83 57 116 86 255 147 235 227 138 100 6 201 233 241 27 158
    216 133 235 254 213 250 111 211 144 115 254 153 250 8 26 40 234 168
    87 157 194 61 56 116 168 80 102 5 50 97 59 209 91 150 114 131 69 101
    233 101 104 49 186 128 8 124 204 83 204 47 192 28 222 153 116 38 101
    41 146 161 147 39 221 2 82 254 203 100 19 153 70 220 79 231 95 93
    248 132 62 6 127 32 113 191 147 126 75 71 32 201 183 66 8 5 248 113
    49 218 76 155 234 245 244 97 130 0 218 89 125 218 177 63 201 79 85
    120 236 233 106 73 15 216 103 220 233 253 126 191 59 50 57 161 158
    55 224 168 72 154 125 170 52 229 12 151 92 244 67 80 63 4 69 63 246
    59 173 138 47 0 217 183 52 87 151 51 189 65 182 18 17 11 21 174 112
    51 110 51 159 207 145 113 15 23 253 36 138 19 160 244 82 120 163 24
    42 14 80 39 247 65 213 194 71 98 191 190 136 33 227 42 106 137 71 60
    29 3 156 175 45 144 227 71 27 167 2 141 138 56 21 22 123 15 101 52
    88 50 158 45 147 223 28 204 23 33 0 189 142 178 100 161 193 207 52
    119 188 67 104 201 184 6 33 111 98 75 122 199 117 90 207 254 221 164
    79 128 223 222 88 113 170 222 246 40 69 153 128 251 0 248 255 69 109
    138 202 180 149 220 37 80 181 54 196 21 22 168 21 215 144 139 94 137
    255 95 172 150 147 247 209 184 115 208 58 82 129 200 110 92 67 14 90
    19 225 172 39 89 65 204 138 105 69 160 220 94 142 137 236 181 205
    129 94 90 219 137 192 77 133 1 92 235 52 68 79 73 51 46 128 145 239
    119 131 78 237 79 109 129 44 147 163 227 30 181 163 123 17 129 144
    162 62 210 162 238 232 109 144 180 32 213 165 155 31 83 222 87 180
    108 100 124 67 253 118 39 195 227 179 66 132 89 93 71 224 83 110 11
    13 1 19 6 86 199 110 123 103 245 119 13 37 76 161 142 233 211 233
    148 189 211 24 99 210 231 193 101 175 34 255 210 127 18 31 92 250 61
    58 255 248 2 25 72 205 163 167 111 239 193 65 94 120 12 168 202 53
    239 81 148 232 208 68 117 87 250 101 234 20 32 236 236 19 209 217
    185 150 236 200 63 232 70 122 110 97 237 36 11 80 152 62 133 124 107
    215 111 89 200 180 193 226 159 229 108 88 189 65 18 247 214 11 101
    81 31 21 199 106 9 219 128 178 29 86 127 212 23 155 130 129 222 236
    204 209 41 178 211 73 170 72 180 27 229 240 145 166 108 122 20 45
    241 43 63 16 126 234 123 132 82 27 73 237 29 160 18 52 100 11 226
    161 191 13 87 157 192 118 179 214 28 46 194 155 92 165 129 118 79
    183 177 44 8 166 48 144 235 206 106 57 199 202 216 171 185 144 137
    115 128 195 130 50 193 2 64 23 167 237 10 128 240 161 249 148 211
    109 154 49 48 155 228 167 118 130 219 215 40 195 223 95 122 48 96
    223 251 148 127 103 219 96 250 11 82 178 126 173 72 50 180 35 220
    128 113 220 118 132 7 122 168 88 83 107 242 237 55 116 95 50 213 145
    242 169 226 2 35 222 139 148 230 129 199 121 17 76 173 64 183 248
    117 49 130 97 139 73 48 157 27 229 22 240 254 22 145 93 99 192 226
    100 12 134 90 60 173 133 40 92 62 195 96 253 139 173 232 198 104 2
    29 19 102 248 138 15 218 251 31 93 93 158 93 59 131 49 23 241 137
    252 219 179 75 2 194 224 75 189 85 181 217 254 245 84 28 213 104 18
    99 127 201 38 61 96 89 195 97 39 85 30 151 0 220 131 189 107 101 197
    27 19 1 10 193 80 126 105 47 79 92 217 246 193 23 155 32 244 64 29 0
    84 55 237 204 114 3 114 187 181 195 143 121 252 128 156 143 216 220
    227 117 119 84 185 221 70 64 130 216 242 4 46 76 137 145 55 63 241
    27 10 200 136 198 207 78 66 172 87 203 135 12 181 121 100 250 82 103
    175 250 179 20 204 111 60 6 31 189 223 212 204 119 141 111 152 6 124
    250 246 180 249 10 109 95 44 202 67 128 26 45 50 247 44 63 46 213
    100 76 198 81 246 61 159 92 13 231 4 18 142 64 143 103 142 165 250
    245 102 204 46 60 54 38 129 126 236 156 120 212 245 212 37 170 120
    132 41 213 32 92 96 224 67 249 248 129 98 141 48 117 219 203 185 147
    206 180 160 99 104 75 37 168 79 132 210 172 93 123 226 227 121 131 7
    152 34 194 229 71 92 167 215 242 4 127 129 119 78 141 166 204 50 185
    59 49 1 151 181 206 49 85 122 157 219 95 59 173 29 240 253 17 160 1
    230 190 80 101 111 223 39 251 85 246 134 33 192 78 0 107 82 95 58
    206 246 57 21 238 25 2 196 221 117 67 126 25 163 172 220 155 167 104
    55 234 94 10 224 179 77 109 4 43 199 159 209 144 100 35 170 252 77
    252 95 204 233 3 72 190 53 217 217 188 50 220 17 36 12 189 73 168 34
    66 235 95 184 213 82 147 66 41 46 255 255 219 220 119 3 28 233 58
    247 227 232 179 241 213 42 178 43 183 45 83 104 101 249 85 240 15 54
    211 63 83 181 231 234 72 152 125 13 95 108 78 54 93 251 110 51 237
    51 23 22 250 237 47 103 83 236 216 102 127 79 90 220 18 212 65 132
    48 75 177 21 176 4 17 234 188 94 211 117 160 216 34 171 160 70 196
    234 227 195 78 26 106 181 89 125 120 229 65 5 1 80 102 226 150 166
    71 22 33 176 173 190 236 145 159 3 91 112 165 27 151 15 210 224 38
    30 52 61 66 9 15 161 74 135 194 141 222 88 79 91 115 223 144 184 111
    173 234 249 219 190 95</data></test_img>
<my_img type_id="opencv-matrix">
  <rows>128</rows>
  <cols>256</cols>
  <dt>"3u"</dt>
  <data>
    255 0 255 0 255 0 119 0 255 0 196 255 0 255 0 0 0 58 255 0 172 255
    109 255 0 0 0 82 0 174 255 0 255 255 0 255 0 0 183 255 0 255 0 255 0
    211 255 0 255 255 0 0 255 255 149 0 255 0 0 255 0 255 252 255 0 101
    0 255 255 255 0 0 0 255 0 255 255 255 0 0 0 147 255 255 255 255 130
    0 255 0 255 0 0 212 206 255 178 0 0 0 255 51 0 255 255 255 0 0 68
    255 6 255 255 255 0 0 189 123 72 255 255 0 0 255 255 0 0 0 0 255 255
    0 0 0 255 255 255 162 184 0 255 255 0 0 255 255 0 134 79 255 255 0 0
    0 134 255 255 5 0 0 170 175 94 0 0 255 255 137 255 0 255 0 0 0 255 0
    255 255 76 255 255 154 0 255 255 255 0 73 255 255 255 0 145 0 255
    255 255 0 0 255 147 255 0 176 255 255 227 255 0 0 0 0 255 255 255
    255 255 255 0 0 255 0 0 0 0 61 255 255 0 0 0 0 0 0 255 255 0 0 222 0
    255 0 255 0 0 255 219 206 0 255 255 219 0 0 54 255 255 255 0 255 0 0
    0 255 255 0 255 255 255 255 0 0 0 0 0 255 0 0 255 255 0 0 0 37 67 0
    255 0 0 255 255 255 142 255 0 255 0 255 255 0 0 0 255 0 255 255 255
    0 167 0 255 168 0 249 0 0 255 255 0 255 255 255 255 0 0 0 0 255 0 0
    0 0 255 255 0 0 0 255 255 0 236 255 0 255 255 255 0 0 255 115 255 0
    0 255 117 13 0 0 255 0 255 174 255 227 0 255 0 255 0 255 255 0 0 0 0
    216 255 255 0 255 0 0 0 0 255 0 114 0 255 255 0 0 150 0 124 255 0
    255 0 255 255 0 0 0 255 0 99 0 209 0 255 255 255 0 255 0 255 255 250
    57 0 255 0 249 0 27 255 0 255 255 255 0 255 0 255 0 255 255 0 255
    255 0 0 0 255 0 0 0 255 0 78 0 255 255 255 22 0 0 255 255 255 0 131
    0 0 255 255 255 0 255 255 139 0 17 255 0 0 9 255 255 85 154 255 0
    255 255 255 0 0 0 147 255 0 255 0 255 0 54 187 255 255 59 0 0 63 255
    255 0 158 0 255 55 255 0 255 255 255 209 255 113 255 122 255 127 255
    0 0 255 255 255 0 242 28 175 255 255 166 255 0 255 0 255 0 255 0 0 0
    0 255 255 255 255 0 255 255 255 121 0 255 0 0 153 0 255 0 255 0 89
    255 255 0 129 0 50 107 0 255 0 231 0 0 0 0 0 0 0 255 255 255 0 0 0 0
    223 255 194 255 0 5 64 207 0 0 0 0 0 0 255 255 96 0 255 255 255 208
    0 255 255 117 0 0 3 255 255 9 255 255 78 0 0 0 255 0 255 255 255 186
    255 0 255 142 193 232 255 12 0 202 253 34 0 75 0 34 255 0 0 61 255
    255 255 127 0 0 255 211 255 255 255 0 140 0 0 171 214 27 0 215 255
    255 255 0 255 0 255 255 255 0 0 149 255 255 255 0 10 255 222 0 208 0
    255 255 226 255 0 0 0 8 255 203 23 255 0 255 0 0 0 235 0 0 255 255
    255 0 0 255 255 0 0 0 255 255 168 255 0 0 0 255 255 255 0 184 245 0
    66 255 255 0 35 255 67 0 0 255 255 0 0 0 0 255 255 222 0 255 0 255
    255 0 107 0 255 0 255 0 255 0 255 0 130 0 0 255 255 0 76 154 0 0 231
    255 0 163 0 255 0 255 37 255 0 255 0 255 255 255 154 0 255 255 59 0
    0 0 255 255 176 0 0 255 163 255 0 0 0 255 241 92 255 0 142 0 165 255
    2 255 0 255 0 255 104 40 255 255 255 0 0 0 255 0 255 0 255 255 0 204
    0 0 0 0 152 0 255 255 255 0 0 0 255 0 27 168 255 255 255 0 255 255
    255 0 255 0 255 0 126 49 255 0 255 0 20 0 0 37 0 255 0 255 255 72 0
    166 255 126 0 255 104 255 0 255 255 0 0 255 124 255 0 0 148 0 0 255
    255 255 255 0 0 0 255 255 255 255 151 0 0 255 255 91 0 181 255 98
    255 0 0 0 255 250 0 102 255 0 255 0 17 0 255 255 84 0 0 0 255 0 255
    0 0 0 255 255 255 255 0 255 0 255 255 255 0 255 255 255 0 255 255 12
    120 9 0 50 255 0 0 255 255 69 18 7 233 255 0 255 255 255 0 255 0 255
    255 0 0 0 255 125 255 196 245 7 0 115 0 246 255 255 0 0 255 0 228
    255 115 255 0 0 0 0 0 221 255 255 0 255 134 225 0 255 0 255 0 255
    154 255 255 255 0 0 255 0 255 255 0 0 0 255 255 0 225 0 255 84 0 0
    172 0 255 0 255 0 95 0 255 110 0 172 255 255 255 255 0 0 0 255 255 0
    0 63 255 255 0 0 0 255 196 0 16 255 0 255 0 9 206 0 0 0 255 0 255
    203 0 255 255 0 237 255 255 0 240 0 255 167 154 45 124 167 0 113 0
    255 255 0 0 169 255 255 76 0 255 255 255 0 0 255 255 0 0 138 255 255
    255 255 0 34 255 110 0 255 0 0 0 8 0 82 202 255 0 255 255 39 0 81 0
    174 0 255 255 0 0 0 181 92 250 5 5 255 0 40 0 255 255 0 0 255 255 0
    0 255 255 0 255 174 255 0 255 255 255 0 255 5 255 255 0 209 0 0 255
    255 255 255 221 0 248 255 255 0 16 255 0 0 0 0 0 0 225 255 0 0 191
    255 255 117 255 0 0 0 255 0 255 0 42 0 0 0 0 163 0 255 255 255 255
    255 255 0 232 106 0 0 0 107 255 255 70 0 255 255 0 121 0 255 0 255
    255 0 0 166 0 255 255 255 0 0 0 176 255 0 255 9 255 0 0 0 0 0 255
    222 255 208 255 0 255 0 255 0 0 0 0 0 255 0 136 233 165 0 102 0 255
    255 255 0 0 255 247 255 0 255 0 255 255 0 255 255 255 46 0 0 255 255
    255 0 255 255 0 0 0 103 255 0 217 218 255 255 0 0 0 255 255 0 0 0
    255 0 167 0 81 0 255 255 255 0 0 255 0 43 0 42 255 0 255 0 255 30
    125 255 0 255 0 37 0 255 255 50 0 255 255 255 0 0 0 0 195 255 255
    255 255 119 0 255 138 0 255 0 255 121 75 255 247 255 0 0 0 0 0 255
    255 255 255 115 0 0 0 49 175 81 81 255 121 0 0 62 185 152 130 221
    255 212 255 0 255 255 232 0 0 0 0 163 255 255 118 72 0 124 0 0 255
    50 119 255 255 255 255 255 0 26 0 218 255 0 255 255 255 255 69 255
    15 255 0 85 255 0 42 0 255 0 136 255 255 0 255 0 255 68 0 255 255 0
    0 0 255 255 255 0 0 168 255 0 0 0 161 255 255 0 49 0 255 255 0 118 0
    255 38 255 255 0 0 0 255 255 11 255 255 0 255 0 78 0 31 0 0 205 255
    255 255 0 0 0 0 255 255 255 233 255 4 0 255 255 0 23 255 0 198 0 255
    206 229 255 242 57 0 251 147 255 34 255 0 255 159 58 0 0 255 255 255
    0 0 255 255 255 0 35 255 0 182 0 255 255 0 255 0 255 0 0 255 255 187
    255 255 0 0 0 255 0 255 0 81 255 255 163 0 0 255 255 0 255 0 0 255
    255 255 0 0 255 255 137 255 255 255 0 204 0 0 0 0 255 255 163 0 129
    0 0 64 255 255 0 241 161 255 255 255 255 149 155 255 0 255 136 112
    19 255 70 0 0 0 255 0 0 255 104 32 255 209 255 0 0 255 0 0 255 255
    255 0 0 171 90 255 255 0 255 0 255 0 0 0 74 255 0 255 255 53 123 255
    255 123 0 0 249 255 255 255 0 0 0 255 0 0 0 0 255 76 255 0 255 0 0 0
    255 255 255 0 0 255 0 0 255 255 0 0 46 255 255 255 0 255 0 0 255 255
    174 0 0 255 166 67 0 0 0 0 255 255 255 0 0 0 255 0 204 202 255 0 255
    0 255 0 255 0 255 0 255 0 0 0 255 255 255 0 255 255 255 0 255 25 115
    0 255 0 255 139 255 0 107 255 255 0 255 0 255 0 49 255 0 0 0 255 225
    255 0 241 0 255 255 0 0 0 255 255 0 0 0 255 255 255 0 255 255 105 0
    255 122 255 0 255 0 0 255 0 255 0 255 0 230 0 0 98 0 0 0 255 142 23
    0 255 0 255 0 67 255 0 0 0 255 255 255 247 0 0 123 148 255 255 0 0 0
    165 255 255 255 255 255 66 255 0 255 0 0 255 255 255 0 0 255 255 255
    0 255 255 0 0 255 255 140 255 0 0 0 0 0 255 255 130 38 255 248 7 0
    255 0 0 0 255 193 255 0 255 41 255 0 0 255 0 255 136 255 28 255 0 88
    0 0 255 0 255 0 119 255 231 255 197 0 255 0 0 0 255 255 255 0 255
    255 255 87 255 45 255 0 0 0 251 204 255 0 0 121 0 255 0 255 0 112 0
    255 0 0 255 255 243 255 0 85 0 0 0 255 255 255 255 255 155 0 0 255
    247 255 0 220 255 255 255 255 75 0 0 0 255 255 255 0 0 255 255 255 0
    255 145 0 117 255 0 255 119 255 188 255 0 0 0 215 0 255 44 220 0 255
    128 0 0 255 255 56 119 0 205 0 0 255 255 255 0 255 0 0 48 236 255
    255 0 0 0 255 0 0 255 255 129 0 0 0 162 255 168 255 255 0 0 0 0 255
    255 0 0 0 255 255 238 0 255 239 255 0 0 0 0 189 255 159 255 0 0 255
    255 255 255 214 255 188 255 176 255 0 255 0 255 0 255 0 57 0 0 0 255
    220 255 0 255 255 255 255 242 255 0 255 0 0 0 154 255 0 106 255 255
    255 0 90 121 0 0 0 255 255 255 193 255 0 255 144 132 0 106 255 255
    255 0 0 0 255 255 0 0 0 255 0 239 0 255 0 255 64 255 0 0 0 255 255
    255 0 0 0 228 255 97 255 230 0 0 255 255 255 0 0 0 0 218 0 0 0 0 0
    101 255 0 255 192 255 255 0 255 0 216 255 69 0 0 132 0 255 255 6 0
    255 255 157 184 85 0 38 0 159 0 255 0 144 2 255 0 255 255 255 0 0 17
    255 221 255 0 255 0 0 0 82 9 255 0 255 255 255 0 0 0 0 88 255 255 0
    255 117 255 0 255 177 255 255 0 87 255 211 255 105 0 0 0 0 255 123
    91 0 255 0 255 0 0 255 255 85 0 255 42 33 255 0 255 255 255 137 206
    0 0 255 54 255 0 0 0 255 0 146 255 173 255 0 255 255 0 0 255 255 255
    0 255 0 255 255 0 0 249 0 255 0 0 0 255 255 0 0 0 0 255 255 0 83 0 0
    0 255 111 255 255 255 0 0 255 0 0 0 58 255 255 0 0 255 242 0 255 255
    255 68 0 255 255 255 0 255 0 255 0 0 0 202 216 56 177 183 255 146 0
    182 251 0 0 255 255 255 255 0 239 255 170 0 255 0 255 0 255 0 0 73 0
    255 255 255 24 0 0 255 37 0 255 237 255 255 255 0 0 0 105 255 255 0
    0 165 0 255 255 171 0 0 0 137 255 255 13 255 40 255 0 0 0 255 255 0
    255 0 159 255 255 216 0 0 0 255 255 255 176 0 255 255 255 104 0 0 0
    255 0 255 255 255 0 255 255 255 0 255 0 255 255 255 6 0 0 0 0 255
    255 0 0 185 135 255 255 0 99 208 98 231 255 0 255 0 0 0 0 69 255 255
    255 255 42 0 1 48 255 255 255 254 255 0 255 255 17 0 78 0 255 0 255
    0 255 255 12 0 255 255 105 0 255 255 183 0 0 239 255 255 0 170 202
    255 0 0 0 0 255 255 20 0 0 255 0 255 0 255 111 255 220 0 0 0 255 0
    255 106 0 255 0 255 126 255 0 255 255 255 0 255 127 255 255 0 0 0
    255 0 0 0 153 255 255 255 0 32 0 255 255 5 0 0 255 255 124 236 255 0
    0 0 200 243 255 0 0 0 0 255 0 0 255 255 49 255 0 137 0 146 0 0 255
    237 255 122 0 0 255 255 0 255 255 255 0 255 0 110 39 22 0 255 126
    255 30 0 127 0 0 20 129 4 0 47 255 255 255 255 0 255 0 255 0 186 174
    0 0 252 199 165 255 255 0 0 0 0 0 141 0 255 50 220 0 0 255 0 255 0
    255 0 255 215 255 0 0 255 0 53 102 231 255 255 142 255 255 0 255 255
    165 0 255 62 177 255 255 255 0 0 100 255 134 255 255 255 0 0 0 0 255
    255 0 255 255 255 0 0 255 0 129 255 255 0 0 115 255 0 0 0 255 255
    255 0 0 255 88 183 255 0 0 255 255 255 0 2 0 229 255 255 255 255 255
    255 0 0 0 255 255 0 67 255 176 255 0 114 101 255 114 255 255 0 0 0
    255 255 255 255 92 44 0 0 0 129 0 0 255 242 110 0 255 0 212 120 255
    0 255 0 255 0 255 186 255 255 138 255 103 255 0 0 0 128 255 255 0 0
    0 255 255 0 255 255 255 21 0 0 255 230 255 255 0 255 255 0 0 0 0 255
    255 0 255 118 255 125 0 38 0 251 255 0 0 255 255 255 0 0 0 0 255 240
    214 0 0 0 245 0 255 101 255 0 0 255 0 0 0 255 0 255 0 255 0 255 165
    255 0 139 0 126 80 255 168 255 0 0 0 0 0 255 255 255 255 255 255 30
    0 0 196 255 183 255 255 255 169 0 255 255 255 223 0 0 0 0 255 0 0 0
    255 255 255 0 255 255 54 0 247 197 0 243 0 255 0 0 0 0 255 80 255
    255 206 150 255 255 103 114 0 0 255 255 88 0 0 255 0 0 0 0 255 255
    255 92 150 255 244 255 255 255 255 255 0 255 255 255 0 255 0 0 0 9 0
    253 0 255 255 143 0 72 0 0 255 255 192 106 255 47 255 0 64 255 0 255
    255 0 0 0 0 0 255 255 255 255 13 0 0 255 0 255 255 0 0 0 0 195 255 0
    121 228 255 0 255 0 0 255 255 255 0 255 0 62 255 0 19 119 255 255
    255 40 203 0 0 255 0 0 0 0 255 255 25 255 34 255 0 255 0 0 160 47 7
    177 255 255 0 0 0 255 255 255 128 0 0 255 0 255 0 0 50 191 255 0 255
    139 68 182 0 0 255 0 141 0 255 53 0 23 0 255 112 255 133 155 255 0 0
    0 255 177 189 0 255 255 0 255 0 255 0 7 0 0 0 0 72 189 0 255 255 255
    252 0 0 255 255 0 255 255 255 0 0 0 255 255 255 0 0 0 61 255 255 0
    167 0 255 0 130 0 0 0 255 56 255 0 255 204 255 255 0 0 0 242 255 255
    173 0 255 255 99 255 0 0 0 255 251 78 72 0 53 0 212 255 255 156 0 0
    255 255 0 0 0 255 0 255 165 255 255 255 255 176 255 255 255 255 0
    255 0 70 0 0 0 255 0 0 0 255 255 255 0 0 25 255 255 0 255 0 183 255
    20 255 226 255 0 0 97 0 255 39 255 0 0 255 255 0 255 0 0 125 255 255
    0 0 0 0 255 0 0 0 255 255 206 70 0 255 255 255 0 255 0 255 0 0 0 255
    255 0 255 0 250 255 172 255 255 181 0 0 255 98 255 255 0 0 255 0 0
    206 0 255 0 155 0 19 255 255 0 73 255 255 255 255 0 0 0 0 195 85 207
    0 0 255 0 255 159 255 0 255 0 255 0 255 0 225 0 255 255 255 0 255
    255 0 255 48 255 0 255 0 255 255 0 255 0 0 0 255 255 0 0 0 0 236 255
    0 255 180 255 71 0 0 30 255 0 0 0 255 255 255 255 255 0 0 85 255 0
    255 0 0 0 0 255 255 255 0 0 0 0 255 255 69 255 255 0 0 216 255 255 0
    255 0 4 0 0 0 255 255 0 0 255 121 0 139 255 53 0 0 0 141 255 255 255
    0 0 255 255 255 0 255 0 0 255 255 0 0 255 255 65 62 0 255 0 255 24
    255 255 255 0 255 255 0 29 0 0 63 255 255 255 0 0 0 255 255 0 0 79
    255 0 255 0 0 0 24 255 255 0 255 115 0 0 0 255 255 255 141 0 255 0 0
    0 255 0 255 255 0 0 255 0 0 76 255 0 255 255 255 0 0 255 255 255 0 0
    0 255 0 0 0 255 32 255 255 0 255 0 61 255 255 0 171 255 0 24 11 255
    255 0 7 0 255 255 0 0 228 255 0 0 255 0 255 0 0 223 0 255 0 0 255 0
    78 0 255 0 255 128 194 0 255 0 255 0 59 255 255 255 255 209 255 0 0
    0 255 255 255 0 51 0 38 215 156 255 0 0 206 111 0 0 255 255 255 230
    0 0 255 0 255 0 0 255 248 255 255 0 0 89 118 255 39 255 0 0 0 255
    255 53 69 0 38 0 0 0 255 255 255 255 255 159 0 112 0 0 0 255 255 245
    0 0 0 255 255 0 0 0 255 0 0 255 237 255 255 255 0 0 0 0 255 0 6 255
    255 0 255 0 255 0 255 255 255 255 0 255 0 0 0 33 0 255 0 0 255 255
    255 0 0 0 167 0 139 0 0 0 255 0 255 213 63 0 0 7 255 255 0 255 0 0 0
    255 14 0 255 255 0 255 215 255 0 0 0 90 0 183 255 83 255 255 255 0 0
    255 255 255 254 0 0 0 0 137 0 0 255 255 223 177 0 0 0 12 255 0 0 0
    27 88 255 255 0 255 255 255 0 0 40 255 0 255 255 255 157 255 72 141
    0 138 128 0 0 255 255 255 255 0 0 0 0 0 255 255 0 213 255 0 255 0
    255 0 0 199 255 76 255 196 255 255 0 0 255 0 0 0 255 255 0 0 224 255
    255 255 92 255 0 255 0 0 255 51 255 0 0 0 0 65 73 0 255 255 255 255
    255 0 0 0 48 255 135 0 163 0 255 255 255 0 0 255 170 151 0 255 0 255
    0 0 0 255 0 255 255 255 0 92 255 251 0 0 255 255 255 0 0 0 0 148 255
    255 255 133 0 0 0 0 255 255 0 29 0 0 26 0 9 101 255 0 83 0 255 36
    255 0 80 136 13 255 0 0 255 0 0 255 0 0 0 255 0 255 150 0 127 255 0
    0 0 0 0 255 255 0 255 255 0 0 255 255 255 255 0 0 0 255 0 0 0 0 255
    255 255 0 0 255 255 255 228 0 0 22 255 216 255 0 0 0 0 255 255 255 0
    255 187 0 0 0 21 255 0 145 0 255 255 255 183 255 0 166 0 0 0 255 255
    0 0 255 0 255 0 255 0 19 255 0 44 0 255 0 0 0 0 255 0 0 202 255 159
    121 44 37 0 255 0 144 46 143 0 202 101 255 0 0 214 255 255 0 0 0 0
    255 78 0 255 93 0 0 255 255 255 0 0 0 0 255 0 0 8 255 0 21 0 255 255
    255 0 255 0 255 0 255 0 0 0 255 0 0 0 255 180 0 255 235 21 0 255 255
    255 0 117 0 0 0 32 147 255 255 0 255 140 2 184 0 255 0 255 255 255
    26 0 255 0 232 255 115 255 0 0 0 239 19 238 0 0 50 255 255 216 255
    199 0 255 255 0 255 216 255 255 0 0 0 183 0 255 255 255 0 0 0 57 43
    255 255 0 255 255 0 28 0 0 0 126 0 255 255 255 168 0 130 255 255 0 0
    255 0 0 0 255 255 255 70 74 55 0 0 0 255 255 0 244 255 255 0 0 0 255
    255 196 0 0 255 0 17 255 255 0 239 255 255 52 255 255 255 255 0 6
    255 255 0 147 255 255 255 0 255 0 255 255 255 0 201 255 255 81 0 65
    0 255 255 0 255 237 255 0 32 255 255 22 0 0 202 255 255 0 255 0 176
    94 0 255 0 255 255 161 136 0 148 255 255 0 255 255 255 104 127 0 0 0
    0 0 79 255 0 0 255 255 0 0 0 255 255 0 147 0 0 0 255 255 240 0 0 0
    255 255 255 63 255 239 0 0 0 255 255 43 228 0 0 255 79 0 0 0 255 41
    67 184 255 0 0 0 255 255 159 255 59 255 255 255 0 64 0 255 0 255 0
    197 255 81 255 255 71 255 0 0 255 255 255 0 185 177 255 255 0 255 0
    25 0 0 0 255 255 0 0 0 0 190 255 0 0 0 255 255 255 205 255 255 78 0
    55 0 255 255 255 191 0 0 16 255 0 69 255 255 0 0 255 25 255 0 0 0
    255 255 0 0 0 0 255 255 255 0 0 255 255 255 137 255 255 255 0 0 0 0
    0 255 0 255 0 255 255 255 0 0 0 255 53 0 0 0 255 255 255 0 0 6 255
    221 205 0 0 120 0 255 0 255 255 255 0 113 0 0 0 0 78 255 14 56 0 0 0
    255 255 0 0 255 255 228 0 255 255 255 0 104 255 255 255 255 0 255 0
    0 0 255 0 255 255 255 255 0 0 234 0 149 0 255 255 255 0 80 255 255 0
    0 42 255 255 22 0 0 0 135 255 255 248 255 212 255 17 111 0 0 94 255
    0 255 255 0 0 0 255 255 255 0 255 0 244 0 0 189 252 255 255 251 0 0
    255 0 255 0 0 255 0 255 255 255 168 255 0 0 130 255 136 0 0 255 255
    0 24 136 210 0 237 255 210 0 0 0 255 255 255 83 0 255 255 255 0 0
    255 255 255 255 0 0 0 255 0 0 0 255 0 255 96 214 0 0 255 15 0 255 57
    255 255 255 0 255 255 206 255 91 220 0 138 255 255 0 0 174 255 8 141
    255 255 255 0 0 0 152 255 255 255 0 181 0 255 255 255 0 255 0 104
    255 255 0 255 0 0 0 29 255 255 0 255 255 0 255 136 255 255 255 0 0 0
    88 255 255 255 114 0 224 39 0 76 0 255 0 0 0 255 0 255 0 255 255 0
    228 64 255 255 15 0 0 241 255 0 0 255 0 0 0 63 0 255 255 255 255 108
    45 255 0 0 0 0 0 255 175 0 189 0 0 0 255 255 0 255 255 166 0 255 0
    255 79 255 29 255 0 255 0 255 255 16 177 255 255 0 0 0 0 255 0 172
    255 255 255 0 255 0 255 0 255 0 255 0 255 0 0 255 255 0 17 0 0 255
    255 255 0 0 0 0 94 0 0 239 255 255 0 0 0 212 47 255 0 140 255 0 0 0
    0 255 255 10 0 94 44 255 0 230 0 0 255 255 0 126 0 0 241 255 0 0 0
    32 0 255 0 255 0 255 0 255 255 0 0 255 255 255 131 0 39 255 255 0 53
    0 255 255 46 0 0 255 0 255 0 0 0 0 56 200 255 255 0 0 185 255 255 0
    0 78 255 255 0 255 0 255 255 92 77 0 255 255 255 255 47 0 3 255 0 0
    255 255 193 194 255 237 0 0 255 125 90 0 255 255 255 255 237 255 12
    255 0 255 0 255 0 255 0 255 255 0 255 0 255 125 67 255 0 255 139 166
    0 255 0 0 0 0 255 255 0 57 255 0 255 0 255 56 43 0 0 255 0 0 0 0 0
    255 0 255 185 40 0 255 255 0 68 255 255 50 255 0 0 0 255 255 0 0 0
    65 0 255 255 0 0 0 193 0 255 255 0 255 0 59 255 0 0 255 255 0 0 29
    255 255 0 247 255 0 48 0 255 0 147 0 255 0 0 227 255 255 255 0 255 0
    255 0 255 255 255 0 0 116 255 212 0 0 0 0 255 255 255 0 0 255 0 0 54
    255 0 255 0 255 255 255 0 255 194 255 255 255 0 0 255 255 255 0 255
    0 87 0 0 41 173 255 255 0 0 99 255 255 255 0 0 0 0 255 0 0 0 255 255
    0 0 0 255 247 255 233 0 160 0 0 247 0 255 227 255 64 91 0 0 0 255
    255 0 0 255 255 255 0 0 113 255 225 255 125 0 0 6 72 203 90 255 0
    255 236 0 0 0 0 255 255 75 255 0 0 0 255 137 0 254 0 255 0 31 0 255
    3 255 255 0 0 0 50 0 47 0 255 255 255 197 0 5 255 255 0 89 255 255
    190 0 255 0 255 255 255 255 0 0 0 255 255 0 0 0 255 255 255 255 201
    0 229 255 255 0 255 255 255 0 0 0 39 0 255 253 255 255 0 131 255 255
    0 0 0 255 0 255 0 255 114 255 0 0 205 99 0 0 106 255 102 212 0 255 0
    255 255 255 255 255 0 209 0 0 0 159 255 255 0 0 45 255 255 0 0 0 255
    255 0 31 227 255 210 0 0 0 52 0 255 255 0 0 0 255 255 255 255 0 0 0
    0 255 255 0 0 0 255 0 255 255 0 255 255 0 241 193 46 33 0 0 198 255
    136 0 0 0 0 0 255 255 190 255 255 255 0 0 255 0 255 49 0 0 0 0 255
    221 255 0 255 0 255 0 255 255 115 255 0 0 0 255 0 255 0 255 0 0 32 0
    255 255 255 0 0 0 74 112 255 79 0 255 0 255 255 216 0 0 0 0 255 255
    0 58 0 255 148 255 0 0 0 1 255 170 113 0 21 255 255 0 255 210 255 0
    210 161 255 0 255 255 255 0 194 0 255 255 255 0 0 255 0 255 0 0 255
    0 255 137 255 0 0 0 0 0 111 255 255 168 241 0 0 255 5 255 255 87 0
    105 255 232 112 0 65 255 255 255 255 255 234 0 0 255 58 0 0 255 255
    255 255 255 255 255 198 0 255 0 255 182 0 0 143 255 255 227 0 0 255
    255 0 0 0 134 255 0 255 255 255 15 0 255 255 0 0 255 255 255 0 234
    255 0 0 255 0 160 0 3 255 255 0 27 0 25 255 255 0 0 127 0 186 92 79
    255 255 255 0 148 255 255 255 255 0 0 0 0 87 0 255 0 78 0 255 255
    196 0 255 255 255 255 255 0 0 0 255 255 255 0 208 0 255 0 255 0 0 47
    0 50 255 255 0 234 255 255 0 255 0 255 113 228 255 255 0 0 0 255 255
    10 231 0 255 255 121 255 0 0 0 164 255 0 90 138 255 255 0 0 0 255
    128 255 60 0 0 0 255 44 255 255 0 0 255 0 255 14 255 255 0 255 0 0
    255 135 255 78 19 0 40 255 255 0 255 255 212 224 255 0 220 0 154 0
    36 255 0 202 255 255 0 12 211 104 20 255 255 0 255 228 255 255 79 0
    0 0 98 0 0 255 0 255 179 13 0 0 255 255 255 0 0 0 57 255 255 40 255
    0 233 255 0 0 255 255 255 0 0 255 255 174 0 0 0 0 255 0 0 255 0 197
    0 255 176 254 0 255 0 0 0 255 255 149 111 0 0 255 255 0 255 0 255 0
    255 32 225 162 0 162 0 0 255 0 255 0 255 255 0 255 199 21 255 221
    255 141 0 0 255 255 255 129 0 150 255 0 137 255 171 255 255 0 96 255
    0 0 0 255 128 255 0 255 0 0 255 255 0 0 208 255 0 0 255 255 247 243
    0 0 255 0 152 166 0 255 255 194 0 0 99 255 188 0 0 0 0 161 255 0 0
    255 255 0 0 0 255 255 254 0 0 0 255 255 0 0 255 255 0 0 0 0 255 0
    255 255 255 101 255 0 255 192 0 255 0 0 0 255 0 255 255 255 0 0 255
    0 255 0 255 0 255 255 252 255 0 255 200 255 175 255 0 255 0 0 0 233
    0 0 255 255 170 0 255 0 0 0 255 255 255 0 255 255 0 255 88 63 1 255
    0 144 254 255 168 255 255 255 0 0 84 204 0 255 255 0 0 0 255 0 0 118
    0 255 255 52 0 255 255 255 123 0 255 255 0 205 0 0 0 0 56 0 221 255
    0 255 252 255 0 131 0 255 0 0 0 0 186 154 0 0 35 255 0 0 0 255 0 0 0
    255 255 255 0 0 162 255 0 255 255 255 0 96 255 255 47 0 0 255 0 0 0
    255 0 13 114 255 36 255 68 193 0 0 255 0 249 0 255 255 203 255 255 0
    0 0 255 255 255 255 126 51 0 0 0 255 0 255 255 255 0 0 0 255 255 255
    0 0 0 62 255 255 255 255 0 0 255 255 255 0 255 255 0 0 220 0 0 255 0
    0 255 229 0 255 255 0 255 0 255 0 255 255 104 0 0 0 0 255 0 255 255
    255 0 0 0 77 255 255 16 255 62 6 0 255 248 255 0 0 89 0 0 255 255
    255 0 255 0 0 255 97 35 0 0 255 255 255 255 255 0 162 83 255 107 0
    210 104 0 255 255 255 255 0 0 0 0 255 255 255 255 94 255 255 255 238
    0 0 35 255 255 0 0 255 120 222 0 255 255 0 0 0 255 255 0 255 173 0 0
    255 54 255 141 255 255 29 255 190 0 0 0 255 255 255 0 0 219 255 255
    0 0 0 0 255 255 255 255 0 0 255 255 0 0 255 0 255 0 0 0 0 255 0 255
    0 255 0 255 110 0 0 0 136 0 68 14 0 0 255 111 255 0 255 255 255 0 0
    0 255 0 255 0 0 0 255 255 255 0 255 0 203 0 201 184 255 0 0 151 255
    255 0 153 113 0 0 255 255 255 124 0 255 0 173 109 255 19 185 248 107
    255 0 255 168 255 0 255 0 0 255 0 255 0 0 255 41 255 255 0 0 0 255
    12 237 255 0 106 121 255 0 0 0 255 0 0 196 255 0 130 255 0 48 175
    255 255 0 145 0 0 255 255 255 0 0 255 0 0 0 0 255 255 255 13 255 128
    255 0 0 255 255 255 0 0 255 74 0 0 0 255 255 255 55 0 89 0 255 0 203
    255 255 0 0 0 0 61 90 255 0 0 0 20 0 255 0 216 255 16 255 0 0 0 0 0
    255 0 0 0 36 58 66 245 0 251 255 255 255 187 0 255 0 0 255 0 255 255
    255 167 32 0 255 255 255 0 255 255 0 0 255 112 31 0 255 3 255 0 255
    0 130 0 71 255 0 43 0 0 0 0 255 255 255 255 255 255 0 0 255 0 255 0
    255 255 0 0 114 73 20 255 255 255 0 0 255 49 255 0 0 20 255 255 0
    238 98 0 0 255 59 132 0 255 197 255 0 255 117 255 0 255 255 0 0 0
    255 0 255 0 255 176 0 0 255 0 255 222 255 53 0 86 0 255 196 0 255 0
    13 255 255 0 0 0 245 255 0 0 255 255 0 0 0 0 255 0 255 255 0 191 0
    213 0 163 255 255 0 0 0 0 255 0 255 0 255 0 255 0 255 223 0 40 255
    255 255 0 255 255 0 0 0 203 255 255 255 5 255 255 0 107 0 255 255
    255 255 0 255 0 255 188 255 92 255 255 0 255 0 255 0 255 0 255 255 0
    255 255 255 0 255 103 0 0 78 199 0 197 255 255 255 0 0 0 0 63 255
    255 255 0 255 255 49 0 0 0 0 32 0 255 255 255 190 0 0 0 255 255 30 0
    0 0 0 255 129 165 0 255 255 0 0 0 255 0 0 247 0 0 0 255 255 255 143
    100 0 71 255 71 0 0 255 0 0 72 130 9 0 255 255 255 0 255 0 255 0 0 0
    0 255 0 255 0 227 215 0 255 0 255 255 255 0 0 255 117 0 255 0 0 175
    255 145 255 255 0 255 255 0 0 255 255 255 0 223 255 255 255 0 0 255
    255 0 205 255 0 204 255 255 42 0 129 170 136 70 0 255 0 27 232 0 255
    0 0 255 255 0 255 224 30 154 0 255 0 70 255 0 255 255 255 58 180 0 0
    18 255 255 255 0 255 0 0 0 0 0 255 233 255 255 165 0 0 255 0 0 255 0
    255 255 255 255 0 255 0 255 0 255 0 0 0 0 255 0 255 0 0 0 255 255
    141 185 255 0 255 0 255 109 85 0 255 0 0 220 255 127 255 255 255 181
    255 255 0 0 0 255 255 255 0 0 0 255 255 0 0 255 64 0 255 128 245 186
    255 0 255 0 255 0 255 71 65 0 0 255 255 255 0 238 0 255 255 255 166
    255 206 98 250 214 223 0 0 0 58 0 255 0 255 0 255 0 0 0 255 0 255
    255 0 255 0 100 0 255 255 0 206 0 255 132 0 255 0 66 0 0 192 110 137
    255 0 0 0 255 255 0 0 0 255 255 0 255 255 255 255 255 255 255 255 21
    0 0 0 255 255 13 0 0 137 255 201 255 0 255 0 0 255 198 255 255 255
    255 0 59 0 255 0 255 255 0 64 0 148 176 80 79 255 255 255 255 255
    255 255 0 0 0 0 221 255 0 255 0 0 34 255 144 30 255 255 255 255 0 0
    255 255 66 255 0 0 87 255 255 255 255 255 255 0 0 37 255 255 255 255
    80 0 139 0 255 0 255 65 255 0 255 207 255 0 255 0 0 255 255 255 81 0
    0 255 0 255 0 255 0 0 255 255 255 0 0 0 255 0 255 17 255 254 0 234
    255 255 0 255 255 0 255 255 255 0 0 225 0 215 255 0 255 157 158 0
    135 0 255 0 255 0 255 255 18 255 255 0 150 0 176 255 137 255 255 255
    255 0 0 0 205 255 255 0 255 0 0 0 203 255 96 255 0 135 255 157 255
    108 0 0 0 255 0 255 0 255 255 255 255 255 255 0 0 0 255 0 255 255 0
    0 255 255 0 255 0 255 165 255 0 255 42 255 0 233 158 255 0 32 50 0
    13 255 0 101 27 0 255 144 0 255 0 28 0 235 255 255 177 0 255 0 255 0
    255 85 255 255 255 0 255 0 0 0 0 255 0 255 0 0 0 0 255 223 255 0 0 0
    0 4 255 255 204 120 29 255 0 255 255 225 64 0 255 164 0 0 255 255 0
    0 127 255 255 0 17 0 255 0 255 118 255 0 0 0 255 179 0 10 45 166 119
    76 255 0 0 202 255 52 38 0 0 0 0 255 255 255 0 0 255 255 255 186 0
    255 16 253 0 255 255 255 0 0 0 0 233 255 0 255 0 0 0 0 255 255 185
    255 0 136 9 255 0 255 0 0 0 0 255 0 255 164 0 255 0 64 0 255 255 0 0
    0 255 0 255 0 255 0 126 81 194 201 61 255 0 255 0 255 0 255 0 255 0
    255 0 255 255 255 82 0 0 0 0 255 0 0 0 42 255 255 253 0 255 0 255 0
    88 255 255 255 255 0 0 0 255 255 136 184 0 72 137 49 255 0 255 0 0
    255 0 0 255 0 255 255 255 0 0 255 255 0 214 0 255 0 0 255 255 255 0
    255 0 255 255 255 183 0 0 255 255 70 255 180 255 0 69 120 255 255 17
    0 255 255 255 136 0 73 0 255 255 92 206 0 255 255 255 0 255 0 135 0
    255 0 255 255 0 255 31 255 0 255 0 217 255 255 62 0 0 103 245 255 0
    0 255 255 255 197 133 255 0 255 111 0 255 0 0 119 255 255 0 255 0
    200 49 0 255 0 0 255 80 255 0 46 0 82 255 255 255 255 0 0 255 196 0
    0 0 149 138 31 252 0 255 255 0 0 110 255 255 255 165 0 0 0 255 255
    135 0 255 255 255 0 197 255 11 119 255 146 0 216 255 0 0 36 0 255
    255 255 0 255 0 180 0 0 0 255 255 0 0 255 255 0 71 211 0 0 255 0 255
    0 0 255 255 255 255 112 0 87 255 0 0 0 255 0 65 209 255 9 255 199 36
    0 10 74 219 255 16 0 255 0 0 0 255 255 228 0 0 0 255 0 255 0 255 0
    13 255 0 255 0 0 255 0 0 0 41 0 0 255 145 197 0 0 0 255 255 112 0 0
    0 255 255 255 121 255 255 255 0 255 255 255 0 255 101 255 0 255 135
    52 237 0 0 0 0 255 0 56 0 35 255 255 248 0 0 0 255 255 0 0 255 255 0
    0 255 255 57 0 0 255 0 0 0 93 47 55 0 255 255 69 199 0 255 255 255
    255 0 0 0 255 0 0 0 255 0 0 244 255 0 166 149 255 0 255 180 255 52 0
    0 0 255 0 255 0 116 0 189 0 255 168 255 255 0 33 255 255 0 0 255 255
    0 0 0 254 0 0 255 255 0 255 0 0 255 255 0 255 0 255 0 0 0 255 255
    158 0 0 229 0 255 132 255 151 0 192 255 255 63 255 0 0 0 0 255 255
    255 0 224 0 255 0 255 0 255 0 179 0 255 255 0 0 80 255 255 255 0 0
    255 0 0 0 78 132 255 0 0 67 240 255 255 0 0 0 255 255 255 255 0 0 0
    111 255 255 0 0 203 255 0 183 198 255 255 255 203 255 0 0 0 255 255
    242 0 111 0 255 0 0 0 255 255 255 156 72 255 6 209 255 197 0 255 0
    255 224 190 0 0 243 255 255 17 0 73 255 0 0 0 0 0 0 255 255 237 131
    255 70 12 49 255 255 255 0 0 0 255 88 0 0 0 0 60 179 220 0 255 105
    214 0 255 88 0 0 255 255 0 255 255 0 0 57 0 255 0 7 0 255 0 255 175
    255 0 255 0 255 0 255 0 255 255 255 127 0 255 0 245 158 255 0 255
    162 255 255 217 255 90 255 0 0 0 102 0 244 211 255 255 255 255 0 3
    168 255 0 0 0 255 255 0 198 255 223 0 255 0 60 0 255 0 255 0 208 0 0
    184 0 255 255 0 185 138 255 255 0 255 191 0 0 0 255 255 255 255 255
    0 0 0 0 44 0 0 0 255 255 255 219 97 255 255 255 0 0 0 255 255 216 0
    46 255 118 222 0 5 0 54 255 255 0 0 0 14 255 255 255 255 255 0 0 0 0
    255 255 255 209 0 255 0 255 0 255 74 255 255 100 180 255 0 0 255 255
    117 0 0 165 255 255 255 0 255 168 0 30 0 0 0 255 255 255 255 0 255 0
    79 0 109 0 255 255 0 99 240 255 255 0 101 0 0 201 180 255 255 0 255
    0 255 0 252 255 255 158 0 244 0 0 255 211 255 116 255 0 0 42 255 255
    0 0 0 248 172 255 148 0 0 255 255 0 0 81 201 167 0 0 0 106 255 255 0
    0 0 255 134 255 0 255 255 153 0 68 255 0 255 255 255 15 0 99 255 255
    114 255 0 153 213 0 255 255 255 255 0 0 0 255 255 97 255 39 151 0 0
    255 255 255 0 0 255 0 139 255 0 0 255 255 0 103 255 0 255 0 255 0
    255 255 0 0 0 255 255 0 0 0 255 255 171 255 255 255 0 131 0 0 255
    255 255 0 255 255 255 0 0 255 255 255 0 0 191 0 0 107 255 255 184 34
    0 255 0 0 0 0 255 0 255 95 0 104 0 184 34 0 255 255 0 0 0 255 0 255
    0 0 255 0 0 0 255 255 0 0 0 255 255 165 0 0 0 253 0 255 255 0 115
    255 255 41 255 0 203 0 255 0 255 0 0 255 255 0 62 0 255 54 255 0 180
    255 0 0 255 0 255 0 255 255 255 0 255 0 255 0 255 0 255 0 0 255 0
    255 35 255 255 0 37 255 255 103 0 151 67 255 93 0 141 255 0 255 0
    255 255 0 0 0 255 0 0 0 181 0 255 19 51 255 237 255 0 255 11 255 246
    255 255 0 255 7 0 11 255 255 255 0 255 0 0 0 0 255 0 244 0 8 0 255 0
    0 0 255 0 0 0 255 255 0 0 0 255 255 255 255 0 0 255 255 255 0 105
    255 0 18 0 0 154 255 255 0 133 98 255 255 0 0 0 0 0 0 255 255 255 0
    0 255 255 0 116 182 255 255 0 194 255 0 0 0 255 0 0 255 255 255 0
    250 54 255 255 255 0 24 0 255 255 255 92 255 0 0 255 255 255 0 32
    255 255 0 255 255 187 33 0 0 255 255 255 0 0 255 0 0 255 255 255 0
    101 0 162 0 255 255 255 255 0 209 0 255 0 255 0 255 255 255 0 225
    255 0 0 0 255 0 255 0 255 0 255 83 255 255 146 0 79 0 0 0 0 255 82
    255 145 175 255 255 0 0 0 0 255 57 25 0 213 255 255 255 0 0 34 255
    255 0 255 0 255 0 255 255 255 0 1 0 255 0 255 0 255 255 255 0 0 188
    66 0 255 0 255 0 176 92 255 255 255 0 255 0 255 162 0 240 255 255 84
    0 255 0 104 0 119 255 255 54 0 0 255 0 169 255 0 0 0 255 255 255 0
    255 0 255 255 158 0 23 0 255 0 255 255 0 0 255 255 167 0 255 255 0
    19 0 255 255 0 0 255 255 171 0 255 255 255 0 220 0 255 0 255 0 255 0
    0 251 255 0 0 0 255 0 224 255 0 0 0 255 255 170 228 0 0 255 255 0 0
    0 255 255 0 20 0 255 0 113 249 255 0 49 190 0 255 0 0 240 255 255
    255 16 255 84 0 0 0 255 0 255 84 255 255 0 69 0 255 160 255 255 202
    255 65 0 0 0 255 255 255 0 0 147 255 255 0 0 0 255 0 255 0 255 0 255
    0 255 255 0 0 0 151 255 255 255 0 0 0 0 93 255 0 0 114 255 0 0 0 0 0
    0 0 0 255 255 0 0 114 255 255 255 127 0 255 255 255 255 0 255 0 0 0
    0 0 255 65 0 0 255 255 255 0 0 157 255 0 238 235 0 154 248 167 0 0
    255 255 255 0 71 255 120 0 255 255 133 0 255 0 255 255 255 255 255
    255 156 255 0 0 32 60 255 0 0 255 255 255 255 233 255 147 255 32 0 0
    255 0 255 255 0 0 47 0 255 0 255 0 180 255 130 255 0 15 255 255 255
    15 0 255 255 255 255 255 255 100 255 0 0 255 0 221 58 0 255 1 255 7
    255 0 0 1 0 0 255 0 255 255 34 43 0 255 230 0 0 255 0 255 38 252 0
    255 0 255 126 95 0 0 255 0 255 113 255 0 74 0 0 0 255 174 255 0 216
    0 255 0 0 0 255 255 255 0 238 255 255 255 194 0 255 159 255 255 255
    0 0 255 255 255 0 0 139 196 255 255 255 0 0 0 0 0 255 255 143 0 0 0
    19 255 0 0 0 255 255 255 255 0 0 0 255 0 255 119 255 158 255 0 255
    22 94 0 255 255 255 104 255 0 255 36 236 255 255 71 255 0 111 0 255
    255 0 123 38 255 0 255 0 143 117 131 255 255 0 0 255 255 255 0 255 0
    228 255 0 80 0 255 255 0 0 0 255 255 255 0 255 0 255 0 133 0 0 0 255
    0 255 255 255 0 255 0 255 255 255 0 0 88 255 32 255 0 255 0 255 0
    255 0 0 255 255 255 0 191 0 255 255 91 255 0 0 0 255 255 0 50 255
    255 255 255 0 0 255 255 0 0 0 0 197 0 255 81 0 255 152 0 0 255 255
    157 255 255 0 255 0 255 0 255 255 166 0 0 255 255 255 255 0 255 0 93
    0 0 0 0 0 255 255 255 255 0 255 0 14 0 255 255 255 255 255 255 0 0 0
    255 125 255 0 255 80 255 147 255 0 0 255 0 0 215 0 255 55 255 0 0 0
    255 0 0 255 216 255 0 0 255 139 0 0 138 255 255 255 4 184 0 101 255
    0 53 0 0 0 255 255 126 255 0 0 0 0 0 255 0 0 110 177 255 115 0 0 0
    236 47 0 0 255 0 0 255 37 0 255 96 235 255 255 0 81 0 255 0 255 0
    255 0 255 0 255 81 0 17 229 172 255 0 0 255 216 0 255 255 0 0 0 255
    255 143 0 255 255 255 0 0 0 9 255 0 255 2 0 255 0 27 0 181 255 255
    255 0 255 39 0 0 0 0 255 255 255 0 110 194 91 0 0 255 255 23 0 0 255
    255 255 0 0 0 255 255 255 180 255 178 255 0 0 0 248 115 69 0 255 0
    255 0 255 255 0 255 0 0 0 255 255 255 243 0 32 255 255 0 255 0 99
    207 0 0 255 255 0 255 255 255 177 57 255 255 202 255 255 63 0 0 255
    0 0 0 255 255 255 105 0 0 255 0 255 201 0 0 0 0 255 0 255 77 113 210
    69 0 0 255 255 245 17 0 255 255 255 0 154 0 255 255 0 141 173 217 36
    255 223 0 255 255 0 0 255 78 255 0 183 0 22 255 75 124 0 217 255 255
    255 0 255 255 255 32 0 0 0 255 255 255 105 0 255 9 0 0 142 255 255 0
    0 255 177 255 0 255 0 0 0 255 255 0 0 0 0 0 255 255 24 244 0 213 25
    255 164 255 0 255 0 255 194 0 0 92 255 149 105 32 255 255 0 82 255
    255 139 0 222 37 0 40 0 255 255 247 255 0 255 255 255 0 0 255 59 0
    255 255 255 73 255 0 0 0 255 177 255 255 152 0 0 255 115 0 255 255 0
    0 127 255 49 0 0 0 255 255 255 0 255 255 0 87 0 0 0 255 255 255 153
    0 0 184 121 255 255 250 0 0 0 0 255 0 255 255 255 255 144 0 0 0 255
    255 255 0 0 0 0 255 0 255 119 255 0 90 255 0 255 0 195 0 0 157 255
    255 0 255 255 0 0 233 0 0 227 231 255 0 255 0 241 245 255 255 0 0 0
    21 255 255 0 255 0 255 0 255 0 255 36 255 0 255 0 0 32 0 255 255 0
    132 178 255 0 153 26 255 0 255 0 255 0 0 0 255 255 255 0 247 255 193
    255 0 255 0 130 0 16 255 88 200 23 0 255 0 255 119 255 119 181 255 0
    255 0 0 255 255 0 255 0 176 0 247 0 221 0 76 255 255 0 0 0 0 0 255
    255 255 255 255 0 0 0 255 150 255 0 0 0 255 144 0 152 0 255 113 0 0
    255 124 126 0 255 255 0 0 0 151 42 255 158 0 0 255 0 255 0 239 0 0
    255 255 138 0 0 0 0 0 255 0 255 0 255 222 0 0 0 255 255 85 196 255
    203 0 255 255 255 0 0 0 255 255 255 0 19 0 255 255 255 0 255 255 0
    255 191 255 0 0 0 255 130 0 19 0 255 255 0 0 255 255 160 45 0 0 255
    255 255 0 0 204 0 0 255 255 255 0 0 255 255 0 0 0 134 255 129 255
    255 0 0 0 255 255 255 106 0 0 171 242 255 155 255 0 0 0 0 0 255 164
    255 0 0 255 255 0 25 0 255 110 255 0 255 0 255 29 0 255 0 255 255
    255 0 0 255 255 255 255 255 0 255 0 255 216 0 255 0 0 0 255 255 255
    207 43 255 0 255 127 255 255 255 255 0 194 36 40 253 0 255 69 255
    255 255 235 82 255 0 0 78 175 255 0 255 87 255 0 0 0 255 118 255 0
    255 255 219 172 255 0 0 0 0 215 0 255 241 255 0 0 119 255 22 255 149
    0 255 255 141 0 0 0 255 255 255 255 185 255 0 255 0 0 0 255 0 255
    255 229 0 255 0 184 0 111 0 0 155 116 0 255 255 255 255 0 255 0 186
    15 38 255 255 231 0 0 255 255 147 255 0 0 0 57 0 255 143 0 222 0 0 0
    255 0 255 0 0 0 255 255 0 0 0 255 255 166 191 255 0 255 0 255 255 64
    0 255 182 43 0 255 0 0 0 255 255 0 255 0 255 0 96 255 255 0 0 255
    255 255 0 175 255 255 0 185 255 222 255 0 0 0 255 0 83 255 0 110 250
    255 255 255 0 0 255 255 0 255 0 255 185 255 0 142 0 0 0 0 255 0 255
    0 255 255 255 0 202 0 255 0 73 0 255 0 255 255 0 255 0 0 0 0 0 0 255
    88 255 255 255 255 224 0 0 0 255 255 255 0 255 0 255 0 255 0 0 0 0 0
    255 0 255 0 255 255 14 255 0 255 0 255 0 255 0 255 93 255 255 255 0
    0 0 255 255 255 160 255 255 255 102 0 0 62 0 0 255 255 255 255 255 0
    0 255 255 255 0 255 212 255 0 172 255 181 0 0 0 255 64 255 255 255 0
    0 0 255 0 0 1 255 7 120 125 0 255 0 0 0 255 0 255 0 255 255 255 255
    0 39 0 255 0 0 255 255 249 0 0 76 255 255 149 161 0 255 180 132 0
    255 216 255 198 0 255 99 255 0 0 39 255 0 255 0 255 255 0 255 11 0 0
    255 0 255 0 0 255 0 255 0 255 255 255 0 238 144 0 19 0 255 0 134 0
    255 255 255 0 255 255 0 0 0 255 255 40 255 0 0 0 255 255 255 0 0 0 0
    0 0 255 255 255 255 255 255 0 0 0 67 255 0 0 91 0 255 0 255 61 255 0
    201 0 255 0 255 0 255 255 255 51 0 0 255 0 137 0 255 243 247 0 166 2
    0 255 255 10 255 0 0 255 0 58 0 255 66 255 0 177 0 255 0 255 0 255 0
    255 0 178 255 0 247 0 199 0 106 0 0 0 0 255 255 48 0 191 0 255 0 0
    255 255 255 0 0 0 231 0 255 189 255 0 0 0 255 255 255 0 255 255 0 4
    0 255 0 255 101 255 255 0 0 255 255 146 0 0 14 222 66 0 0 255 0 255
    255 220 0 235 0 255 93 255 0 0 255 0 255 255 0 0 166 0 236 151 255
    255 255 0 255 255 255 255 0 0 0 255 255 255 0 186 227 255 165 255 0
    0 255 255 0 0 255 182 255 255 255 0 255 0 215 255 255 0 0 0 0 0 85
    255 255 255 255 0 0 157 255 255 255 255 175 255 0 255 255 255 0 0
    255 255 255 255 0 0 255 255 0 255 0 255 0 255 109 0 0 0 255 255 87
    255 0 0 255 0 0 0 255 255 255 255 79 0 0 255 0 255 255 0 0 142 0 73
    216 0 255 43 255 0 149 0 183 0 255 0 198 0 255 0 255 255 255 168 0 0
    115 0 0 0 255 255 192 0 255 0 255 0 0 0 255 0 0 164 213 0 0 0 0 255
    0 255 0 255 255 0 0 0 255 31 73 0 0 222 255 0 0 0 255 255 255 49 0 0
    162 255 255 0 50 0 255 0 255 0 104 0 0 0 0 69 255 165 194 19 255 166
    0 0 255 0 255 197 255 138 255 255 255 131 0 0 0 255 0 255 0 255 255
    30 255 0 255 23 255 0 0 255 255 255 0 138 255 255 56 0 0 0 0 172 223
    255 105 255 216 115 84 0 255 0 97 0 255 255 0 226 232 0 0 142 255 0
    255 0 14 0 255 255 0 255 0 255 0 255 101 255 0 0 0 255 255 255 0 0 0
    255 255 77 228 255 41 0 0 255 255 255 0 0 255 255 0 0 255 158 255 0
    255 0 255 255 255 255 255 255 255 10 0 255 255 0 0 0 255 0 255 0 0
    255 0 0 0 255 255 0 255 255 255 0 0 0 211 0 187 0 255 129 255 255
    248 0 0 255 255 0 255 27 0 255 0 73 0 255 255 199 0 255 255 178 255
    0 0 0 50 255 255 255 107 255 0 255 255 255 0 0 0 255 127 58 25 255
    142 255 0 0 0 255 255 0 0 0 255 40 255 0 0 0 198 255 255 37 255 218
    255 255 255 0 255 0 0 0 0 255 255 0 0 35 255 0 255 0 255 0 54 0 0
    255 0 255 255 87 137 0 255 0 74 255 41 255 255 14 0 255 255 255 0
    250 0 255 255 255 255 255 0 0 0 255 0 255 0 0 255 0 255 0 255 0 255
    137 0 255 0 0 0 175 0 255 255 100 189 0 255 255 0 0 0 255 0 255 255
    0 0 118 121 0 0 255 255 255 2 252 0 255 255 255 0 0 255 7 255 0 255
    188 87 0 0 255 0 154 0 0 0 255 0 255 255 87 0 0 17 255 119 0 105 0 0
    0 0 104 0 255 0 0 255 199 255 255 255 0 0 0 255 0 24 255 92 0 255 0
    79 105 255 240 0 0 255 255 0 248 0 0 0 0 255 255 255 0 0 255 0 109
    255 0 255 16 255 0 255 211 255 0 101 255 111 0 255 250 0 0 0 255 0
    33 228 0 255 158 0 185 0 0 22 0 255 0 255 0 194 255 255 255 0 255 21
    255 234 0 0 0 0 255 0 48 0 177 0 0 113 0 255 255 255 0 255 207 255
    255 77 0 0 255 255 255 0 0 255 255 255 0 255 0 255 0 0 0 222 255 0 0
    190 255 255 217 191 57 0 255 255 255 0 0 255 255 0 255 0 255 0 0 0
    99 106 244 255 0 0 73 255 255 255 255 0 0 0 255 255 0 255 0 59 255
    255 9 0 0 255 255 255 0 0 52 255 255 49 0 255 6 255 255 255 255 255
    255 132 255 0 0 0 173 0 255 0 255 255 0 255 255 255 41 255 255 255 0
    0 0 218 255 0 255 0 255 0 0 0 224 255 0 255 255 255 0 0 255 0 255
    255 255 0 212 255 255 0 255 0 255 0 255 101 0 137 255 0 255 0 255 0
    255 0 255 0 0 0 202 0 255 255 255 0 255 255 255 90 0 0 0 0 255 255
    51 0 255 217 80 0 255 113 255 0 0 255 75 255 0 255 73 0 0 83 255 255
    255 255 255 255 255 0 0 0 255 0 255 252 116 255 255 255 0 0 0 0 255
    0 255 255 255 0 0 0 255 255 0 150 0 255 255 0 255 255 255 0 0 0 155
    255 0 0 0 0 255 0 255 255 255 255 253 0 0 255 204 255 0 79 58 255
    255 94 85 0 0 255 0 0 255 255 255 0 255 10 255 0 255 0 0 0 0 255 255
    186 119 0 145 0 255 0 8 69 76 0 0 0 255 255 255 0 0 0 255 255 250
    255 36 0 209 196 130 0 199 255 255 0 255 0 118 76 0 0 0 255 0 255 0
    255 0 215 0 0 0 255 72 255 0 0 255 46 255 255 255 255 156 0 255 255
    0 0 0 0 0 255 255 255 0 2 0 209 0 255 0 145 0 255 255 0 0 255 0 255
    47 255 134 81 255 0 255 0 255 0 255 255 0 255 255 255 0 0 0 255 0
    255 255 255 255 255 255 0 0 0 76 0 255 0 0 255 255 255 0 255 255 0
    255 24 188 39 255 0 0 186 0 0 255 0 0 0 255 0 255 0 0 255 0 0 0 255
    255 0 214 255 0 255 0 0 0 255 255 255 0 34 0 255 255 255 0 255 255
    104 0 0 63 255 0 255 30 0 255 0 151 0 255 255 167 255 0 0 255 0 255
    0 255 0 255 255 255 0 0 192 156 0 0 255 255 132 0 255 255 0 0 0 255
    255 50 0 0 91 0 255 0 255 255 255 255 255 253 255 0 0 0 255 255 255
    0 0 0 255 216 21 255 0 255 69 166 0 0 255 255 255 0 255 255 230 0 73
    0 255 255 255 0 255 0 204 242 255 255 255 128 0 0 255 211 0 0 255 65
    0 255 55 255 0 0 255 0 255 11 0 0 255 255 255 0 255 255 255 212 91
    255 255 0 0 0 26 113 147 255 0 255 255 0 35 140 0 0 255 0 255 255 0
    0 255 255 0 158 38 0 114 255 255 120 0 0 77 255 255 0 0 0 255 47 0
    255 0 255 38 255 0 255 255 0 255 0 255 98 255 0 255 255 255 0 0 255
    255 255 116 255 255 255 0 0 255 255 255 0 0 0 0 0 255 41 255 0 255
    255 0 118 0 0 105 125 75 255 255 0 0 255 0 255 0 0 0 0 255 0 219 0 0
    205 255 255 255 0 0 255 0 255 0 0 0 255 0 0 255 74 255 0 0 0 255 228
    255 0 255 0 255 255 255 255 48 255 0 0 18 255 56 38 0 255 0 146 0 57
    146 255 255 0 255 0 255 255 255 255 255 0 0 255 255 255 255 0 255
    255 190 0 255 0 0 0 0 187 0 255 255 255 255 0 255 0 0 0 0 255 222 0
    244 255 255 227 0 0 255 255 255 0 0 255 198 255 0 0 0 255 0 255 0 55
    61 0 255 122 255 0 0 255 255 0 0 255 255 255 255 86 255 255 168 75
    255 255 0 255 0 255 0 0 0 186 255 255 0 255 0 255 183 0 218 33 0 113
    255 255 255 21 255 86 64 0 0 0 0 106 255 255 0 0 255 102 255 255 0 0
    0 117 255 229 255 141 100 6 0 0 43 0 255 0 0 255 255 255 131 0 0 100
    255 0 243 0 0 0 255 14 255 0 255 255 255 0 0 0 255 150 165 0 255 255
    0 0 255 0 0 121 255 202 255 0 243 255 255 255 0 0 0 255 255 0 0 0
    197 255 255 0 0 95 219 232 0 255 0 175 0 245 0 0 123 0 255 103 255 0
    0 158 255 150 0 0 0 0 0 0 0 220 255 0 0 0 255 255 255 0 255 255 255
    255 255 0 255 255 255 0 0 255 208 0 255 0 0 255 0 255 154 0 255 0
    255 255 255 0 0 255 255 0 255 0 255 0 0 0 255 0 124 255 176 255 0
    225 0 156 0 244 255 76 255 255 0 0 255 211 214 255 255 0 0 0 255 255
    255 0 0 0 255 255 255 153 0 255 255 255 0 0 0 255 255 255 255 0 127
    0 255 0 43 0 0 0 136 255 255 255 255 255 255 0 56 255 99 36 255 228
    180 255 194 255 255 255 0 0 255 255 0 255 0 255 0 255 0 255 255 255
    0 255 255 0 0 122 255 0 0 0 255 255 127 0 0 255 0 43 0 255 255 255 0
    0 0 255 0 115 0 255 255 255 255 0 255 255 255 0 0 184 255 112 255 80
    255 0 0 177 161 0 16 255 255 90 220 0 255 0 255 255 0 0 0 255 178 81
    255 255 0 0 0 255 0 0 0 255 0 0 15 0 0 78 255 255 255 0 32 121 255 0
    255 0 255 255 0 255 191 255 0 255 51 62 0 120 0 255 255 255 0 0 237
    54 255 175 88 0 0 0 0 0 255 60 255 251 255 0 4 0 255 255 60 200 0 0
    255 255 0 255 255 0 0 0 255 255 255 107 0 0 255 255 255 255 212 0 0
    234 194 186 63 255 0 255 0 0 41 255 255 255 255 0 255 255 255 0 0 58
    255 204 0 255 20 255 0 0 122 255 255 106 0 0 255 88 255 0 255 255
    255 0 0 0 0 77 0 255 255 255 0 0 202 255 199 224 0 255 255 255 255 0
    0 255 255 255 0 255 255 130 204 0 255 255 0 0 0 255 255 68 119 255
    255 255 0 7 0 174 255 255 255 255 128 101 66 214 205 0 0 0 255 255 7
    255 255 0 50 214 126 255 0 255 44 0 255 221 0 0 141 0 71 255 255 0
    255 0 255 255 255 0 0 255 255 255 0 0 0 255 0 255 0 161 0 255 21 255
    0 255 0 55 0 0 255 0 0 255 0 255 0 0 0 255 255 0 102 0 255 0 126 0
    255 255 255 222 255 255 0 12 0 255 30 0 0 141 216 255 255 0 0 0 237
    0 255 0 255 255 255 125 0 0 0 156 255 255 0 255 0 97 6 48 255 0 182
    255 255 0 255 0 255 0 246 255 0 0 0 119 0 255 0 255 0 255 0 0 192 0
    255 255 255 0 255 255 255 0 255 0 255 10 219 80 255 0 0 0 255 0 0 30
    255 255 0 106 255 255 165 53 0 255 0 181 0 255 11 0 238 255 255 0 0
    0 255 0 0 0 255 59 255 0 0 112 255 0 0 255 255 255 205 255 0 255 0 0
    0 255 255 255 0 0 255 0 0 255 255 255 0 0 0 71 255 255 255 255 255
    164 235 19 255 255 0 0 0 255 128 255 0 126 255 125 0 69 255 120 241
    0 0 0 255 0 255 0 255 0 255 255 0 125 255 255 0 255 255 255 0 255
    255 26 243 0 0 0 255 45 255 255 255 251 0 0 0 255 255 255 0 0 255
    255 0 0 252 255 255 0 0 243 255 255 9 0 20 255 0 0 0 0 255 255 0 0 0
    255 0 255 233 255 255 0 255 255 255 0 120 186 151 0 232 255 255 255
    0 73 42 0 154 124 255 79 0 183 89 255 0 255 0 60 234 255 255 255 255
    159 255 255 255 0 255 255 255 255 255 0 0 137 255 255 48 0 255 0 255
    255 0 0 0 255 255 0 0 134 255 137 0 0 0 189 255 0 255 0 0 0 0 0 0
    255 255 255 255 255 0 0 255 255 255 255 255 111 255 43 0 0 255 255 0
    255 0 17 0 0 219 255 255 0 20 0 0 208 0 255 255 0 0 100 0 3 0 196 0
    0 131 255 17 0 108 255 255 255 255 255 255 255 255 202 0 0 255 0 255
    255 255 0 0 255 0 255 255 146 255 0 0 0 0 255 0 255 0 255 255 255 0
    255 17 0 0 255 255 255 0 0 114 81 0 255 0 159 0 219 0 255 43 0 212 0
    255 189 0 118 255 0 138 0 0 0 255 0 255 255 72 0 0 255 60 255 235 0
    255 0 0 0 255 255 93 255 0 255 0 0 255 0 0 210 255 255 123 255 0 0 0
    255 0 0 0 0 255 0 255 0 255 0 30 166 139 111 255 0 255 62 163 0 0 0
    0 0 0 255 255 0 255 0 61 134 255 255 0 0 227 255 255 255 0 52 255
    255 255 255 0 0 0 255 0 0 0 255 0 252 255 255 216 255 0 255 255 0 0
    0 255 43 255 0 107 0 255 201 0 0 0 15 255 50 236 0 255 255 255 75 0
    0 0 255 224 93 0 0 0 255 0 232 255 255 0 0 0 255 0 255 0 255 0 73 0
    0 208 255 255 255 255 0 255 191 0 0 255 0 0 0 50 255 221 255 0 255
    235 0 0 73 0 255 255 255 15 0 255 0 245 0 255 255 0 0 255 255 255 0
    0 255 255 0 0 0 155 201 255 11 255 255 0 104 0 255 255 255 0 0 255
    255 0 0 0 0 175 0 255 0 0 255 255 255 0 221 0 255 0 255 0 0 255 0
    255 0 255 0 0 255 255 148 0 130 0 255 0 247 0 255 0 56 64 0 255 0
    255 0 255 46 0 0 0 0 82 255 247 196 12 255 255 198 255 255 255 255 0
    0 255 255 0 255 0 181 255 0 0 0 0 217 255 255 255 0 33 0 255 0 0 0 9
    0 255 255 255 0 0 7 255 9 255 0 255 97 255 0 0 0 85 255 176 91 0 255
    255 47 0 0 113 255 255 0 255 255 220 255 0 255 255 255 0 131 0 255 0
    255 0 0 255 255 0 0 255 255 255 255 0 255 255 0 131 0 20 0 114 255 0
    0 0 0 255 255 0 255 0 255 0 0 0 255 255 255 0 0 121 0 255 255 200 35
    0 255 255 0 87 0 255 255 0 0 96 255 0 0 0 0 0 220 0 255 255 255 157
    0 255 255 0 0 0 255 255 22 255 255 0 56 255 0 255 255 0 148 255 0
    255 255 0 131 255 255 255 255 255 0 255 0 143 255 255 0 7 0 96 0 255
    255 97 224 255 0 255 0 255 0 0 255 255 255 0 255 0 255 0 255 0 0 255
    77 255 0 255 167 49 62 239 255 255 255 13 0 101 0 255 255 255 0 175
    0 135 0 0 77 0 255 255 255 0 255 0 255 0 0 0 0 255 255 255 61 255 0
    0 0 255 0 255 0 0 0 224 120 255 255 255 255 0 196 0 255 52 255 0 0
    255 255 86 0 0 255 0 255 0 0 33 255 255 0 255 244 255 255 81 255 0
    255 0 255 255 255 0 0 0 255 255 255 0 255 0 255 255 255 167 100 255
    0 0 0 0 0 255 255 72 255 60 0 255 255 21 107 0 0 255 255 0 0 255 0
    255 0 244 0 0 255 255 0 0 255 0 135 0 255 255 255 0 255 0 255 255
    255 255 255 255 0 205 0 0 255 255 0 243 0 60 255 255 255 0 0 255 255
    0 0 0 255 255 0 0 200 20 255 0 0 187 8 0 92 251 0 255 255 255 0 255
    197 255 0 0 0 255 255 255 255 255 255 255 0 0 255 255 148 0 0 0 106
    0 115 255 211 0 0 255 17 0 0 255 0 0 255 234 255 255 118 0 0 1 0 0
    244 255 0 0 0 255 255 0 0 255 27 255 255 255 0 255 227 255 0 255 0 0
    0 255 0 255 144 255 0 255 255 14 0 0 255 250 255 255 0 0 255 69 255
    0 0 255 255 255 0 0 0 0 255 0 186 0 0 0 0 0 255 255 255 19 255 77
    249 0 0 253 255 255 0 0 0 0 255 0 255 0 0 192 255 255 0 124 255 255
    0 0 191 255 255 255 255 0 37 0 136 255 39 255 14 240 0 0 255 255 0
    255 0 255 211 58 0 0 255 0 255 255 255 0 0 255 255 255 255 0 165 18
    168 0 255 140 0 255 255 255 56 8 213 72 0 255 192 0 0 255 255 255
    255 0 131 255 129 0 0 10 0 255 255 255 15 56 0 255 0 3 0 255 255 0
    101 0 0 255 255 255 51 50 255 0 250 255 152 131 0 255 0 255 204 255
    34 188 0 255 176 20 0 52 255 0 0 0 255 159 255 20 0 255 96 200 0 0 0
    0 255 255 0 0 0 167 255 0 255 0 0 0 0 255 158 74 223 255 0 0 0 185
    255 187 0 255 2 255 234 22 0 92 255 0 43 255 255 255 0 255 0 255 0
    89 0 116 255 255 0 255 0 255 255 0 186 0 255 255 0 194 195 0 255 114
    0 0 0 255 0 0 255 255 255 0 255 255 0 139 0 61 255 255 255 255 223 0
    0 133 255 0 255 0 255 0 255 171 0 0 0 134 255 255 255 0 0 0 0 132
    255 87 0 118 154 0 255 255 0 255 50 255 0 0 0 255 255 255 0 0 83 255
    231 255 0 0 255 255 255 0 0 0 255 0 255 0 255 176 255 0 255 0 255 0
    255 104 255 254 208 255 0 255 0 255 0 255 255 255 255 0 255 0 0 179
    0 255 0 144 82 255 0 255 0 255 255 255 255 0 0 0 100 0 255 0 255 255
    0 41 0 69 255 0 0 255 40 248 255 0 255 0 252 255 255 0 0 0 0 62 0
    255 0 70 0 0 172 255 0 255 255 255 0 243 0 255 255 0 0 0 255 255 0
    255 255 0 0 0 255 0 0 6 0 255 255 0 0 255 255 123 255 0 255 0 0 0
    211 0 254 255 255 255 76 0 0 0 101 255 83 0 0 255 0 192 0 255 0 255
    0 0 255 28 255 255 255 255 125 255 1 55 0 47 255 255 0 0 0 255 77
    255 0 223 0 0 255 0 255 0 255 0 0 0 0 255 0 0 243 255 156 226 255 0
    255 0 255 0 0 101 255 255 255 255 255 255 167 0 87 0 255 255 0 255
    255 255 0 0 0 103 255 0 0 0 255 0 255 255 255 255 0 235 0 255 0 0 0
    255 255 255 47 0 37 255 255 255 156 255 255 255 0 255 206 0 98 175
    255 0 0 0 255 0 0 0 0 0 255 255 0 0 14 116 98 255 255 255 248 0 0 0
    0 0 0 0 255 255 255 0 0 18 255 255 0 0 0 23 255 159 255 0 255 255
    255 255 0 255 0 255 255 5 0 0 0 255 66 0 229 5 0 81 182 255 255 0 0
    255 0 255 0 0 0 255 255 235 255 0 255 0 17 0 255 0 255 234 255 255 0
    255 60 255 255 255 0 255 0 12 0 0 0 255 0 255 255 20 0 255 0 242 255
    255 0 0 255 0 156 0 255 255 255 0 0 0 0 255 0 22 0 255 0 0 255 0 255
    255 0 255 36 37 255 255 211 161 0 72 0 196 85 255 0 255 161 255 0
    217 194 178 255 189 248 255 255 254 0 0 0 233 0 255 255 220 0 198
    255 0 255 255 255 0 0 0 255 0 0 255 0 0 41 255 0 0 0 72 0 0 45 0 255
    255 0 0 0 255 255 0 0 0 255 255 247 255 193 255 255 255 255 255 255
    255 0 0 255 167 0 0 145 0 255 0 255 204 255 255 96 255 0 21 0 255
    255 255 0 255 239 255 0 255 155 0 0 71 146 255 231 0 255 255 255 255
    255 253 0 255 0 255 0 0 173 0 0 0 255 255 255 0 0 255 0 79 0 191 60
    0 0 50 255 255 255 0 0 0 0 2 255 0 0 234 0 0 0 255 255 228 255 255
    255 0 255 255 0 255 0 0 0 161 0 0 255 0 255 255 255 255 0 0 255 255
    255 0 118 255 255 255 255 97 0 255 255 0 0 255 255 0 0 0 255 183 143
    255 0 0 255 255 255 0 0 0 252 255 4 255 0 255 0 255 189 0 251 255
    207 0 255 0 0 255 0 0 0 34 0 0 255 255 0 255 255 0 63 167 86 0 0 255
    255 144 185 255 255 0 255 0 9 0 25 255 0 83 0 255 255 0 0 247 0 255
    0 195 0 255 255 0 0 222 255 255 54 0 0 0 255 253 0 0 255 255 255 255
    0 255 0 255 220 183 255 255 145 0 0 255 0 0 0 164 255 0 255 43 0 255
    0 255 255 255 0 255 0 255 0 255 255 131 0 255 255 116 112 255 163
    255 255 255 255 0 255 0 0 0 30 255 255 0 27 0 0 170 255 255 255 0
    200 0 255 255 0 0 0 255 246 0 0 0 0 197 255 255 0 255 190 255 0 0
    255 0 0 255 255 255 78 255 0 107 0 0 255 255 255 255 137 255 0 0 0
    255 178 0 255 195 255 0 255 255 255 223 0 0 255 0 0 61 0 255 24 255
    63 255 255 255 0 0 46 255 255 0 0 255 255 255 255 0 0 255 6 0 0 133
    118 255 255 255 255 0 157 239 14 158 0 255 200 255 0 0 0 255 255 255
    0 0 0 255 255 255 0 0 0 255 0 0 255 96 0 255 0 68 0 0 0 0 255 255
    107 94 83 255 255 0 255 0 0 0 255 255 0 0 0 255 243 255 255 255 46
    255 255 0 0 0 255 0 255 0 255 0 0 0 255 0 255 0 0 0 255 156 255 193
    0 0 113 133 255 0 245 0 0 0 255 0 0 255 0 255 148 255 145 0 0 255
    255 255 0 0 46 0 0 255 0 255 0 255 255 0 0 0 255 0 0 104 153 86 182
    255 144 0 0 255 0 0 0 99 0 255 176 255 0 255 255 0 0 2 0 0 0 255 255
    255 255 0 255 0 129 255 83 255 0 113 0 0 102 0 177 255 0 0 0 255 0
    255 0 0 0 88 255 0 0 210 255 255 134 255 255 0 93 17 255 0 0 0 234
    255 255 255 255 0 0 255 255 255 0 255 234 255 0 0 255 0 255 0 0 0
    255 0 255 255 255 0 0 255 255 0 0 255 255 96 0 0 255 255 255 0 80
    255 255 0 0 0 131 0 255 255 255 121 0 0 0 102 255 255 0 255 255 255
    255 0 72 0 0 0 255 0 0 0 0 255 23 111 1 255 255 255 0 0 255 255 255
    0 0 0 251 0 0 0 255 255 255 255 255 255 255 0 0 255 255 90 0 30 255
    255 0 0 0 255 0 255 104 255 0 0 255 192 255 0 255 170 255 141 255 0
    49 0 0 0 255 255 255 0 0 160 255 255 255 0 0 0 0 255 255 0 255 0 0 0
    255 255 255 0 0 7 255 255 0 0 174 255 101 52 255 255 255 255 0 255
    255 0 0 0 0 255 220 255 255 124 255 255 93 255 255 255 140 255 0 255
    0 255 255 188 0 255 0 0 255 255 0 0 255 255 255 0 255 255 255 0 255
    0 0 255 0 255 164 255 26 255 147 0 0 0 0 0 255 255 255 255 255 126 0
    255 0 0 0 0 169 0 255 0 0 0 255 255 16 255 139 65 0 0 137 255 255 0
    183 255 255 0 0 0 255 255 245 0 0 255 255 255 255 0 255 255 58 0 255
    255 255 0 0 253 0 0 0 0 255 0 255 0 0 255 255 200 0 0 0 255 0 0 0
    154 234 0 0 255 255 247 0 50 249 255 149 255 225 148 0 187 255 0 0
    255 0 255 0 251 0 0 255 211 255 255 255 20 0 0 0 255 255 255 255 0 0
    0 255 255 255 0 0 0 172 255 0 0 255 227 255 0 255 255 0 10 255 183
    32 255 255 0 0 218 103 0 0 255 255 255 0 0 0 0 255 82 255 255 0 255
    0 0 255 255 0 0 0 0 255 60 163 255 0 255 255 255 0 0 0 255 0 255 0
    255 0 255 0 255 0 0 46 255 255 0 255 0 249 3 0 155 255 0 12 255 0 52
    0 255 66 255 0 0 255 255 189 0 120 0 255 255 75 0 0 148 0 31 0 255
    255 0 255 0 255 0 234 0 0 0 13 255 255 151 0 255 255 0 0 0 255 0 130
    0 255 0 255 0 0 0 255 96 0 255 255 0 255 0 73 118 255 0 0 242 255
    255 0 255 255 0 0 0 255 255 238 255 0 255 0 188 76 0 0 255 255 255
    255 0 0 0 147 0 255 255 23 255 0 0 255 255 0 0 49 0 255 0 255 0 0 0
    0 255 255 0 255 0 255 0 255 0 193 0 0 255 255 255 0 255 0 255 24 26
    0 0 0 255 0 255 0 0 255 0 255 0 0 0 255 255 30 0 0 255 255 0 255 0
    255 111 96 0 255 0 255 224 48 213 255 255 255 0 255 255 255 65 255 0
    0 0 164 255 255 255 255 62 117 255 255 0 0 255 255 255 0 0 255 119 0
    255 255 255 255 0 0 255 88 147 0 255 255 255 0 5 0 0 255 255 0 0 0 0
    255 255 0 0 0 255 255 0 215 255 255 0 255 0 43 0 0 255 0 0 255 255
    255 0 120 255 255 106 0 255 255 0 0 255 138 0 0 157 255 55 0 255 0
    64 0 255 255 255 255 0 159 102 255 0 129 236 255 224 0 255 0 0 255
    125 0 0 0 255 0 0 0 255 0 255 255 255 117 154 0 255 255 124 0 0 182
    255 0 0 255 98 0 0 30 255 139 255 255 0 167 0 255 0 135 80 188 0 0
    255 255 0 222 0 255 0 0 0 255 255 0 201 86 211 0 255 16 255 0 255 0
    235 109 255 0 255 255 0 0 0 255 255 255 141 0 0 0 19 255 255 255 251
    0 92 255 255 255 32 14 0 0 255 255 255 0 0 0 74 0 255 161 255 0 255
    196 255 0 0 0 255 255 0 255 255 27 255 255 0 0 0 255 0 255 0 206 255
    0 0 0 0 166 0 255 93 255 255 255 0 0 255 255 0 0 142 99 0 255 255
    255 0 0 243 255 255 0 218 255 0 0 0 0 255 255 0 0 255 143 255 0 89 0
    226 255 255 255 255 91 147 0 0 0 13 255 255 0 0 0 0 255 255 255 255
    0 255 0 255 0 0 0 255 0 255 91 0 0 0 255 0 255 235 180 115 0 0 225 0
    0 255 0 255 255 0 60 230 0 255 0 153 0 255 0 0 0 0 0 0 255 255 255
    255 0 0 81 255 255 0 255 0 0 0 0 134 0 0 255 255 235 0 0 0 255 255 5
    255 0 153 0 255 255 0 62 18 255 0 20 255 0 69 139 0 255 13 255 255
    255 0 0 0 255 255 0 255 44 255 0 255 0 255 35 160 0 183 0 255 0 255
    0 255 0 255 255 0 255 0 191 0 0 255 0 0 255 244 255 255 39 0 0 255
    255 0 255 0 0 255 255 255 255 0 0 126 0 0 255 255 255 255 255 194
    255 0 151 255 255 255 255 89 0 0 0 255 255 255 251 255 255 255 0 0
    255 0 255 255 54 155 0 0 0 255 0 0 0 255 255 255 0 0 0 0 165 208 0
    255 255 255 255 0 0 0 255 0 152 68 213 255 0 255 110 255 0 0 255 255
    0 0 146 0 0 0 0 255 255 0 0 0 255 255 255 0 0 54 53 16 70 0 0 0 2
    255 255 255 0 255 255 0 255 18 255 203 255 0 255 255 255 0 0 0 255
    255 0 255 255 255 255 158 36 0 185 174 0 0 246 0 255 255 0 0 227 255
    58 18 0 255 0 255 0 255 0 255 6 255 189 0 255 255 254 0 255 255 255
    229 0 0 255 0 0 88 255 255 255 153 255 0 5 0 255 255 0 255 255 149
    255 0 112 255 0 0 204 255 255 255 255 255 0 255 0 255 112 100 0 254
    166 255 102 0 0 91 255 0 255 255 0 0 0 49 214 255 0 255 255 29 24 0
    0 255 255 0 0 255 161 255 255 161 0 0 255 255 0 0 0 255 255 231 61
    255 255 0 0 97 0 5 255 255 167 255 0 255 0 255 0 0 0 255 0 153 255
    255 0 0 255 255 255 255 129 0 153 0 0 0 0 255 255 255 255 0 255 23 2
    0 255 0 255 169 0 0 0 255 255 0 0 255 86 243 0 255 87 255 0 96 0 255
    255 238 0 0 244 255 255 199 255 255 255 0 0 0 205 255 255 255 255 0
    0 0 255 0 109 0 61 143 255 255 255 24 255 0 0 255 255 255 0 0 0 255
    255 255 0 0 120 0 255 255 255 255 255 0 0 0 255 255 255 255 0 216 0
    255 0 255 255 205 255 255 0 190 0 255 255 255 255 74 255 0 29 255 48
    0 0 255 255 255 0 81 0 166 255 255 255 255 0 94 0 0 255 0 255 255 93
    172 0 0 255 39 255 255 96 255 0 255 255 255 0 168 0 48 0 0 255 0 0 3
    255 0 83 231 255 0 30 0 196 0 0 255 255 0 255 255 31 255 0 0 255 0 1
    255 0 189 92 255 255 45 0 255 0 255 0 0 255 206 0 0 0 190 174 136
    255 0 255 255 255 0 0 0 255 0 255 255 0 255 255 0 0 0 104 0 251 255
    255 255 255 0 0 0 157 255 0 83 0 45 0 214 255 0 201 0 0 255 255 255
    0 7 255 100 0 0 0 255 255 0 255 255 255 140 124 0 224 0 0 0 0 229
    255 255 23 0 255 123 40 0 168 255 255 146 255 0 255 0 0 255 0 0 0
    255 255 69 255 0 255 255 255 255 0 0 0 255 255 255 245 225 162 48
    132 255 255 67 0 0 0 255 88 255 255 255 0 115 0 0 0 240 0 0 255 255
    255 23 0 255 255 255 0 85 255 255 151 0 0 255 255 255 255 255 255 0
    0 0 255 248 0 0 255 195 255 255 0 255 123 0 255 127 0 0 0 211 255 60
    0 0 231 255 255 0 0 76 255 255 0 0 0 0 255 137 119 204 255 0 205 255
    255 255 255 0 0 197 255 255 0 255 255 255 0 255 255 255 255 0 0 0
    255 255 0 0 0 178 0 255 57 255 0 0 255 0 0 255 0 94 150 255 255 255
    0 0 111 0 60 255 0 172 255 255 0 0 0 182 255 255 0 0 0 0 255 255 255
    174 0 0 0 255 184 255 244 255 0 255 0 255 0 81 152 212 0 255 0 130 0
    0 200 173 255 255 255 255 34 200 0 255 255 0 255 90 255 0 50 0 255
    194 0 0 98 255 255 0 0 0 0 205 255 0 0 255 0 255 255 105 255 55 20 0
    255 0 0 255 255 255 0 0 255 255 255 255 0 0 255 255 141 0 0 0 255 0
    146 0 255 120 255 0 0 255 109 255 0 255 0 0 255 255 184 105 0 255 0
    0 0 255 140 142 255 0 255 255 0 0 255 255 255 0 255 0 255 255 0 0
    255 0 248 79 255 47 101 0 255 255 255 240 0 255 0 57 255 0 255 0 53
    247 0 255 217 255 0 161 255 178 0 255 255 155 0 111 0 0 0 255 255
    255 181 255 255 0 0 0 255 255 62 255 0 4 255 255 217 136 255 255 0
    255 255 233 255 117 255 0 84 255 255 0 255 255 229 0 0 0 0 255 0 255
    73 0 0 4 255 255 0 0 0 255 25 255 88 255 255 0 0 11 255 0 0 105 226
    255 255 255 255 0 255 126 255 0 0 53 125 0 255 0 255 0 73 0 144 81
    255 35 255 0 0 108 0 255 248 0 255 255 1 189 0 0 0 255 255 137 0 0
    255 255 0 0 0 0 255 0 181 255 255 0 255 0 255 85 255 0 0 0 255 0 255
    0 0 255 0 255 0 0 0 255 0 255 0 255 0 255 0 255 0 255 0 0 223 112 0
    255 0 255 0 0 255 0 255 0 255 108 255 255 112 0 0 0 0 255 255 133 0
    0 255 0 255 255 147 0 0 255 0 0 0 255 77 255 255 255 255 0 0 0 255
    84 0 255 255 255 85 0 137 255 255 0 255 255 0 229 0 255 0 255 255 0
    0 0 255 255 0 237 0 0 0 0 255 255 255 0 0 255 255 0 0 255 255 255
    255 0 0 0 255 255 255 0 219 0 255 255 255 0 255 0 255 255 255 0 0 0
    255 0 255 0 255 98 255 255 255 27 73 0 242 0 0 0 0 255 255 0 156 36
    255 10 249 255 255 199 0 122 140 255 255 9 0 0 22 255 255 255 0 206
    255 0 255 0 0 255 5 0 231 255 255 0 0 255 255 255 138 0 255 255 0
    255 255 0 255 0 61 164 0 38 0 178 255 255 0 255 0 227 0 255 255 232
    255 255 0 0 0 0 255 255 0 255 70 255 0 0 255 255 255 0 0 0 255 255
    30 255 148 255 255 51 200 255 255 255 0 0 255 0 255 96 255 0 0 0 255
    255 255 108 255 255 0 0 203 255 255 0 0 0 255 0 255 0 0 0 255 0 0 0
    255 255 0 255 0 255 0 255 0 0 255 38 0 0 255 0 0 255 255 0 226 0 255
    255 0 255 0 0 9 0 255 0 32 0 255 169 0 255 0 255 29 97 0 51 0 255 0
    255 255 255 0 255 199 255 255 255 0 0 0 255 231 111 255 255 0 0 255
    0 255 0 255 255 0 0 210 123 255 0 0 255 0 255 255 255 0 0 255 255
    187 255 74 0 0 255 255 255 0 0 255 0 255 255 255 0 0 255 183 255 0
    255 0 73 0 255 255 255 0 255 255 255 0 0 0 255 255 255 255 0 255 69
    0 255 0 0 0 255 0 0 0 255 255 0 0 40 0 255 255 255 209 13 0 0 255
    255 0 0 255 226 255 244 0 0 0 0 255 255 224 0 170 255 214 255 255
    255 0 255 255 232 161 255 255 255 192 0 255 0 255 0 17 255 255 0 103
    0 255 255 201 255 210 0 216 0 255 205 255 255 254 255 0 0 103 0 255
    0 0 0 80 175 0 255 0 255 0 255 0 255 34 0 255 255 255 0 236 61 0 255
    255 255 0 255 127 0 0 108 0 0 0 0 0 255 0 221 255 255 30 0 0 255 115
    0 0 0 66 0 0 170 255 255 183 255 190 0 255 255 0 255 0 255 0 0 255
    255 0 255 0 255 0 0 255 0 255 255 255 255 53 255 255 249 0 0 36 215
    0 255 255 255 0 255 0 255 2 255 0 255 0 255 0 0 0 243 8 122 63 0 0
    255 255 0 255 0 255 45 255 0 0 255 255 111 0 0 255 255 0 240 255 17
    0 255 255 255 0 255 235 38 0 102 161 141 0 0 0 0 166 0 255 0 255 255
    97 0 0 0 0 255 102 255 0 255 255 163 0 0 0 130 0 56 0 0 0 255 255
    149 111 0 0 0 145 0 255 0 24 255 255 255 0 0 255 0 255 0 0 255 255
    255 0 255 238 249 0 255 255 0 255 0 0 0 0 255 255 255 0 174 0 255 0
    255 35 0 0 255 0 255 0 255 42 255 255 131 255 0 134 0 255 0 227 0 0
    47 0 227 234 255 0 255 255 255 0 0 220 255 255 0 241 0 60 255 255 0
    0 0 255 255 255 0 27 0 0 0 0 0 255 255 255 0 0 0 255 197 255 70 255
    255 255 0 0 255 40 255 0 255 255 196 0 250 0 0 0 0 74 0 187 133 65 0
    63 0 255 45 255 0 0 218 0 255 255 255 0 228 0 0 0 0 255 0 165 170 0
    216 255 189 230 255 0 169 138 0 0 255 123 255 0 255 0 0 255 0 255 0
    255 253 26 0 0 80 81 255 0 255 255 128 255 0 0 37 186 113 255 0 88 0
    117 9 255 0 255 29 255 0 0 0 255 255 0 255 187 255 0 253 0 0 255 0
    151 0 255 0 255 255 224 0 255 0 69 255 0 255 255 255 0 255 0 0 255
    255 255 0 0 255 255 255 0 0 255 239 0 20 255 0 0 0 0 255 0 188 91
    255 0 0 250 0 255 255 255 0 255 0 123 0 255 255 255 0 0 0 0 0 255 0
    255 62 255 255 255 255 0 255 0 0 0 255 0 35 0 0 255 182 0 255 0 255
    0 255 16 193 0 168 0 255 255 0 0 0 255 255 255 22 0 0 0 255 255 219
    70 0 0 126 255 0 0 255 255 255 0 0 13 255 255 15 67 0 255 255 255 0
    255 255 33 0 103 255 34 0 0 0 13 255 0 255 0 193 136 255 255 0 0 255
    0 255 174 241 189 0 255 27 255 0 0 255 0 255 255 255 0 111 255 0 0 0
    255 255 255 0 141 0 255 255 255 255 0 0 0 0 0 0 0 0 255 0 162 0 11
    255 0 255 0 202 0 0 122 255 70 255 255 0 0 0 6 0 0 0 0 252 255 255
    185 0 255 255 255 255 255 0 50 0 0 255 255 255 255 255 0 0 0 104 255
    180 255 0 0 0 255 0 255 0 5 205 173 216 0 0 255 0 255 255 255 0 0 0
    0 255 255 255 0 0 0 255 169 0 255 0 255 255 127 0 0 255 0 72 0 255 0
    71 0 0 255 255 255 0 226 255 255 22 255 56 143 0 0 255 110 255 63
    249 0 255 0 255 255 0 0 0 13 255 50 0 255 255 255 0 0 0 0 255 255
    255 255 0 0 255 46 255 0 255 255 138 0 255 0 0 0 0 183 255 0 69 0
    255 0 0 0 60 255 0 211 255 255 0 255 0 255 255 0 0 0 255 255 0 0 0
    255 255 0 127 0 0 255 0 255 0 255 255 0 255 255 255 0 95 0 0 233 31
    0 255 0 127 0 255 255 71 0 35 226 255 239 255 0 255 255 255 0 202 0
    255 0 0 0 0 68 0 0 255 255 255 255 0 23 0 255 169 0 0 0 0 233 255
    101 0 0 255 0 255 255 255 233 149 0 255 255 255 108 255 255 0 0 0 0
    255 255 255 255 255 0 0 0 255 97 255 0 255 83 255 255 178 184 0 236
    255 255 231 0 0 129 255 255 0 255 255 255 255 221 0 255 0 255 0 255
    82 255 37 0 0 0 255 0 0 255 0 0 255 255 255 0 255 0 0 0 255 0 255
    255 225 0 0 255 255 255 137 0 255 0 255 255 152 255 0 0 0 5 0 0 0 0
    0 255 255 179 0 0 0 255 255 255 18 255 31 0 32 255 0 0 0 255 255 0
    255 0 255 0 255 0 255 0 255 255 255 0 100 249 255 255 0 255 0 0 0
    255 255 255 0 168 255 255 0 0 255 152 255 0 0 255 0 0 255 0 255 124
    255 5 0 0 255 255 0 0 0 255 255 255 0 0 0 153 49 0 0 255 255 255 0 0
    0 255 0 27 229 255 0 255 252 255 255 30 0 0 217 255 0 0 255 255 255
    0 255 0 255 255 0 101 0 0 255 255 89 239 0 255 255 255 255 255 0 0 0
    24 216 0 39 0 255 134 1 0 59 0 0 255 0 255 23 255 255 255 0 0 154
    255 255 0 255 100 254 255 32 255 0 255 55 255 0 255 0 0 0 255 255 0
    0 255 49 255 255 47 0 255 255 255 0 255 70 255 0 255 11 0 0 255 0
    133 255 255 255 0 255 255 255 0 0 255 255 206 170 0 0 255 211 0 0
    255 255 134 255 0 198 0 254 0 255 255 109 0 0 255 0 114 92 0 0 65
    255 0 255 255 255 0 0 255 0 255 0 255 0 58 0 212 0 255 255 255 0 255
    31 255 0 255 230 0 56 0 255 255 255 0 255 0 147 255 117 255 104 0 0
    255 0 0 0 255 0 255 0 0 171 255 255 0 255 255 255 255 0 255 122 255
    0 255 0 255 212 3 225 255 189 0 55 0 255 255 255 0 0 255 255 255 255
    0 0 231 255 255 0 0 255 255 0 0 0 236 0 255 0 0 0 255 0 255 0 0 0
    255 255 255 0 108 255 139 0 0 0 0 0 0 255 255 255 0 0 104 23 255 0 0
    0 0 212 64 255 255 0 0 149 0 255 0 255 0 255 0 255 154 255 60 0 80 0
    30 255 30 255 0 0 0 255 0 255 0 255 0 255 0 255 255 255 255 0 255
    255 0 191 111 96 0 0 255 0 0 0 89 212 255 143 0 0 255 255 255 255
    255 0 255 255 255 0 0 0 0 133 255 0 255 0 87 255 255 255 255 255 0
    255 0 255 0 180 255 255 0 0 0 0 255 255 0 0 255 255 255 255 181 0 0
    255 255 255 0 196 0 255 0 255 241 0 255 139 255 0 255 0 0 0 93 99 0
    0 255 245 255 0 255 90 0 0 255 255 255 255 92 0 0 0 255 0 0 244 255
    255 0 255 154 255 255 0 255 255 0 255 255 0 0 0 255 50 255 0 255 255
    255 0 0 0 255 254 255 69 255 66 0 82 0 241 255 255 255 0 0 255 255
    253 19 255 255 255 255 0 0 0 92 255 255 0 0 147 255 255 0 255 207 0
    70 0 0 0 0 255 0 0 0 255 0 255 255 56 255 0 255 0 176 121 0 0 0 0
    255 0 255 0 0 255 0 255 0 250 255 0 255 255 255 0 0 255 51 6 0 255 0
    230 255 255 0 0 255 255 255 0 255 255 255 255 255 110 0 0 0 0 134
    255 255 255 154 255 80 255 140 0 43 0 255 255 0 0 242 0 0 0 255 255
    255 71 0 247 86 255 255 146 255 255 255 240 0 0 0 255 0 255 255 0 0
    122 29 74 0 255 200 255 255 255 0 255 0 255 174 39 0 255 0 255 0 0 0
    0 255 198 255 255 0 0 0 255 255 0 255 255 255 0 95 237 0 255 255 255
    255 71 255 0 73 255 255 39 112 165 0 0 255 0 0 0 48 255 0 0 0 95 255
    255 0 0 255 0 6 0 255 0 255 220 0 255 0 255 0 255 0 0 0 255 255 255
    0 0 177 0 255 221 0 0 255 0 255 0 255 255 255 0 0 0 0 0 0 255 30 13
    0 255 0 0 0 196 5 0 255 143 0 0 0 0 105 221 255 132 0 245 255 255 0
    0 0 0 0 255 219 83 255 178 0 0 255 255 114 0 0 0 255 255 255 0 49
    255 255 255 86 255 0 159 0 255 255 0 0 0 255 255 255 0 0 255 145 255
    0 0 255 0 0 0 255 255 255 0 255 0 255 0 255 0 0 0 181 255 255 255 0
    141 0 67 0 255 255 0 0 0 240 255 129 255 0 0 0 255 0 0 0 255 216 0 0
    255 0 255 255 0 255 0 255 0 255 10 0 255 255 0 45 0 0 162 255 255 0
    255 255 255 11 0 123 0 45 0 0 132 255 0 255 255 0 0 0 255 255 202 0
    253 0 0 255 255 255 58 255 0 0 255 255 255 255 0 90 0 255 255 255
    255 0 0 255 0 255 0 255 255 181 0 255 0 255 0 0 172 0 255 255 18 227
    255 255 0 0 0 255 255 117 0 255 255 0 142 0 255 0 123 0 255 0 255 0
    255 184 60 0 0 210 255 255 255 206 0 185 0 255 255 255 96 0 0 0 0
    255 255 33 206 0 255 0 255 0 92 0 255 255 0 0 41 0 118 239 255 255
    175 0 0 0 0 255 255 255 0 255 0 143 0 255 255 255 255 0 84 0 0 255
    160 255 84 255 0 0 0 255 255 255 0 255 24 0 255 255 255 73 0 0 255
    255 255 116 255 0 255 0 63 0 173 30 255 0 255 255 0 0 74 255 0 0 80
    0 255 0 255 255 255 117 0 0 0 255 0 255 0 0 0 255 0 255 0 176 0 245
    219 0 255 255 0 255 255 44 1 226 255 243 255 0 255 255 117 255 0 122
    255 255 185 255 0 0 0 78 0 241 255 143 0 255 255 0 0 102 86 255 0 0
    0 255 0 0 0 255 255 255 255 0 255 255 0 255 255 255 0 255 255 0 0 0
    0 255 0 0 255 255 255 0 255 0 255 17 255 0 172 255 255 255 231 255 0
    188 0 255 213 209 0 255 0 255 255 0 0 255 255 0 0 0 255 255 255 255
    255 0 0 255 0 0 209 0 255 0 255 91 255 0 169 255 255 255 0 0 255 0 0
    0 187 0 0 0 255 255 0 101 0 255 0 65 0 253 255 255 255 0 0 255 255
    112 0 0 0 255 255 0 0 38 255 255 151 255 0 255 126 34 0 0 0 0 152 0
    0 255 63 174 48 144 255 75 51 255 0 0 101 255 255 255 0 0 0 0 255 0
    106 0 255 255 156 255 255 255 0 0 0 255 166 255 255 255 255 255 255
    0 0 39 255 255 255 0 255 255 255 255 0 0 0 116 255 0 0 0 255 255 255
    0 255 255 0 0 0 255 255 255 248 0 0 255 0 255 0 255 255 183 0 0 255
    255 0 173 0 255 255 0 0 170 255 0 255 0 255 0 255 255 0 193 0 255
    255 255 255 0 34 255 0 0 0 0 0 6 255 0 0 0 255 255 42 127 148 255 0
    83 0 255 0 244 48 232 175 53 0 71 137 255 0 255 255 209 0 0 0 0 36 0
    0 255 255 0 0 255 255 255 0 0 0 83 255 0 255 255 254 255 172 0 18 25
    0 0 255 255 0 204 255 9 0 32 191 0 0 0 255 255 255 0 0 35 0 0 63 172
    255 58 0 0 0 0 255 255 255 166 210 255 0 255 0 255 0 255 203 255 255
    245 0 255 38 0 223 255 255 255 255 0 0 255 0 255 0 0 229 0 255 255 0
    255 0 131 0 255 255 71 55 87 239 0 0 132 255 255 255 0 0 0 0 0 255
    255 255 251 255 255 255 182 255 255 0 0 74 255 255 255 0 0 217 255
    255 61 255 0 93 0 162 0 255 0 255 154 70 199 0 0 255 255 0 0 255 0 0
    205 20 255 0 0 0 96 255 255 0 0 0 0 255 0 0 0 0 255 255 61 255 150
    255 255 0 0 0 255 255 255 0 255 148 255 255 255 255 0 0 255 255 0
    255 52 255 0 255 255 218 0 0 255 0 255 255 255 225 255 255 0 125 15
    255 0 255 0 255 255 255 0 206 255 0 0 255 0 255 254 166 0 255 107
    255 0 255 0 255 186 0 0 0 0 255 175 0 255 0 255 0 0 255 0 255 0 0
    255 0 0 0 0 0 0 0 255 11 255 255 255 0 0 101 113 0 0 255 0 0 58 255
    255 255 0 255 0 255 0 0 0 0 255 255 255 0 141 0 0 52 255 231 193 255
    56 255 146 0 255 255 255 28 0 255 0 192 233 255 255 255 52 148 147
    244 255 255 255 0 0 0 255 255 255 255 0 255 214 0 255 0 255 0 137 0
    161 95 255 41 0 0 113 170 25 255 255 0 201 185 0 0 0 70 255 0 0 255
    0 0 0 182 255 255 93 254 0 0 255 0 24 255 255 255 0 0 0 255 0 193 0
    116 106 255 0 255 0 255 0 202 0 61 255 164 255 255 255 27 106 255
    255 255 0 159 142 0 0 237 255 255 255 0 0 0 107 255 255 255 187 209
    0 251 138 215 255 255 255 255 0 0 0 255 59 255 0 255 0 255 0 0 255
    179 97 0 0 227 242 0 255 121 0 0 0 0 255 255 0 255 255 255 255 255
    255 0 0 255 0 255 255 159 0 0 255 255 255 0 0 0 255 255 255 0 0 0
    255 255 0 0 0 0 0 255 0 0 0 255 255 255 0 0 0 255 207 0 26 0 255 0
    12 0 0 255 255 0 0 81 255 255 0 0 255 255 255 0 0 0 255 0 255 0 255
    255 255 0 255 0 127 0 228 255 255 143 17 0 255 255 0 0 255 0 255 0 0
    81 0 255 0 255 255 45 255 255 0 255 255 255 0 0 0 255 0 255 0 255 83
    255 0 255 0 0 255 0 103 0 0 0 255 156 0 0 255 255 255 0 0 179 18 0 0
    122 0 255 255 255 0 255 255 255 0 94 0 255 0 0 255 0 255 255 0 255 0
    120 0 131 0 255 255 255 0 255 255 217 0 0 213 255 255 0 255 255 0
    255 255 255 0 0 255 57 0 255 255 255 255 0 0 0 160 0 0 255 255 0 255
    255 255 255 0 0 133 0 255 255 0 0 0 255 0 255 0 255 0 0 0 255 0 0 0
    190 255 255 25 255 0 255 0 191 0 0 255 255 255 0 255 255 255 0 255 0
    0 255 255 255 0 255 0 11 255 0 255 190 0 255 0 255 164 15 255 255 0
    147 22 255 33 0 255 146 0 0 0 255 214 255 0 16 0 255 0 0 0 255 50
    255 255 255 255 0 0 161 255 255 0 0 255 7 255 255 0 0 0 255 255 0 0
    0 255 0 0 0 0 0 255 255 255 0 213 255 62 0 0 255 0 255 255 255 0 0 0
    224 255 255 0 0 255 0 255 0 221 255 255 255 220 38 0 56 255 0 0 0 98
    255 255 52 0 0 255 0 0 255 255 255 212 255 0 0 0 0 255 255 0 0 0 0 0
    38 255 255 0 0 133 0 255 255 255 0 0 0 0 255 255 0 207 255 255 255 0
    0 255 255 255 0 78 141 255 67 0 0 41 0 0 0 255 255 255 78 0 0 255
    255 0 0 61 96 138 0 255 233 129 0 0 0 0 255 255 255 0 0 157 255 255
    0 0 255 0 0 89 255 255 0 0 255 65 255 0 255 147 255 98 0 0 255 183
    255 255 0 255 0 255 0 255 255 255 0 0 184 0 98 0 60 0 255 255 0 255
    154 203 0 255 255 255 0 255 255 255 255 0 19 24 0 0 255 0 0 67 255 0
    0 18 255 0 255 0 0 0 255 255 0 255 255 100 121 89 255 0 0 12 0 255
    255 16 0 169 255 255 30 173 0 255 0 255 255 255 74 247 0 255 0 255
    255 255 34 255 6 0 255 255 239 0 255 255 0 0 255 45 0 0 71 92 255 57
    255 255 0 255 87 255 0 0 0 225 255 255 83 0 255 219 255 162 255 255
    255 0 61 0 153 177 0 0 0 0 0 0 0 255 255 255 255 0 0 227 255 0 255 0
    255 0 255 9 255 0 0 184 0 59 0 255 0 255 0 26 26 255 33 0 0 122 255
    179 0 255 255 255 0 0 0 166 255 156 103 255 5 255 0 151 255 0 0 0 0
    255 0 30 0 238 255 25 255 0 0 0 108 255 255 255 0 255 0 255 0 255 0
    255 255 255 0 66 0 0 255 255 170 0 0 0 119 255 255 0 255 0 46 255
    255 0 195 0 155 0 255 44 0 0 255 181 251 104 0 255 0 87 0 255 0 255
    0 0 255 0 255 68 255 255 0 255 0 255 0 255 255 0 173 0 202 137 255 0
    0 0 255 0 0 28 255 0 0 255 0 0 0 255 14 0 255 46 255 255 255 0 0 112
    0 255 0 255 255 255 0 12 255 255 0 0 0 73 222 0 255 255 255 128 0
    189 255 255 0 0 0 255 220 255 0 213 255 85 255 0 255 255 255 39 0
    255 255 255 0 0 255 255 255 255 0 0 255 194 255 0 0 0 86 0 50 255
    255 249 9 0 255 255 255 0 255 255 0 255 0 0 0 0 255 255 255 0 0 0 0
    255 255 0 255 0 255 34 0 0 210 0 255 255 255 0 0 255 0 255 159 255
    76 0 255 0 255 93 44 255 0 255 0 255 149 0 181 0 0 198 79 0 0 0 255
    255 0 0 0 0 10 0 255 0 255 0 255 0 0 186 255 0 255 0 207 0 255 255 0
    0 0 255 0 255 0 12 0 78 255 255 0 0 0 17 0 255 0 0 0 0 255 0 255 67
    0 0 42 0 255 145 206 255 169 0 0 255 255 255 90 0 158 0 0 0 0 255 0
    144 0 0 255 255 255 0 0 135 255 255 237 0 255 116 0 255 157 255 0
    248 0 126 255 255 255 0 255 118 255 255 0 255 0 64 0 0 0 255 0 0 255
    255 38 0 13 0 255 255 255 0 255 149 0 0 255 255 255 0 57 23 0 24 0
    168 0 128 255 255 0 225 0 255 0 255 255 255 0 0 0 0 255 255 0 0 0 0
    0 242 255 255 0 255 0 110 255 0 29 255 105 0 0 255 255 0 0 0 102 255
    0 0 255 194 255 0 255 0 255 107 78 0 255 255 255 0 0 0 255 226 249 0
    255 80 0 255 255 255 0 0 255 255 112 0 88 134 0 0 255 0 255 255 255
    255 0 0 255 255 0 247 0 255 161 255 171 0 255 255 255 0 255 0 0 96 0
    255 255 0 173 0 255 0 255 255 255 255 0 255 0 0 2 0 255 255 0 0 59 0
    255 255 255 0 0 255 255 169 255 144 0 0 0 0 255 255 255 0 255 0 189
    63 255 198 0 0 0 255 255 142 0 255 0 255 0 255 0 0 0 255 255 255 0
    255 255 255 0 0 255 255 255 255 0 255 0 255 246 255 255 244 255 0 0
    0 255 97 0 0 255 0 0 61 254 0 0 153 255 255 255 0 144 0 255 0 34 0 0
    0 0 0 255 0 255 0 0 255 117 0 0 255 0 255 255 0 0 1 75 255 175 255 0
    255 0 255 0 255 255 130 0 0 0 255 0 255 0 144 0 0 0 0 255 0 0 255
    226 255 255 62 0 0 231 0 255 255 255 255 0 0 0 254 32 248 255 255 0
    255 255 239 0 115 255 0 255 242 231 0 255 255 255 0 0 25 255 0 255 0
    0 0 0 255 225 111 0 33 0 254 0 55 0 0 67 255 255 0 255 23 0 0 255
    255 255 105 194 0 200 44 255 0 0 160 255 255 0 255 0 255 0 0 0 0 164
    0 255 255 139 0 255 255 95 255 0 255 255 255 189 0 203 130 255 0 153
    0 255 255 255 0 22 0 255 255 255 255 0 0 0 255 255 0 0 0 255 255 255
    0 0 255 255 65 255 255 255 0 255 255 0 0 0 255 255 56 255 0 0 0 255
    102 106 255 0 255 255 255 255 255 0 147 255 255 255 255 0 0 255 255
    249 107 0 255 0 255 255 255 255 0 141 212 255 255 177 0 255 0 255 0
    20 0 0 0 0 255 255 0 115 0 0 109 237 255 0 0 0 255 255 233 255 0 255
    0 255 91 255 0 89 255 255 0 255 0 255 0 0 255 0 0 153 255 114 255 0
    173 229 0 94 0 0 0 255 0 0 0 255 0 0 0 236 255 255 158 0 108 255 184
    240 52 255 255 255 0 255 255 255 0 0 255 0 255 0 0 0 0 255 20 0 0 44
    255 51 95 0 0 0 255 105 255 0 255 255 255 0 0 0 255 255 255 0 158 0
    0 0 255 0 0 242 255 255 255 255 255 0 255 255 255 15 110 0 255 0 255
    243 255 255 0 27 255 0 255 157 0 255 255 225 0 0 0 255 96 193 72 0
    255 0 0 255 255 255 0 255 0 255 0 0 77 255 0 0 255 255 255 0 255 255
    255 0 255 0 0 0 255 0 0 121 0 255 6 255 0 0 0 255 255 0 39 255 255
    255 255 229 0 0 255 0 33 255 0 255 255 255 143 0 255 94 255 0 255 0
    255 0 255 0 0 0 255 255 59 0 0 22 255 255 0 0 0 255 255 255 255 33
    51 137 0 255 49 0 195 246 255 125 83 0 255 0 255 0 130 0 0 255 255
    141 69 0 0 0 255 0 65 0 255 0 40 255 0 255 0 255 255 255 143 0 0 0
    255 204 0 0 180 0 0 143 255 150 0 0 86 255 0 47 255 185 255 255 255
    0 0 255 118 65 255 0 0 22 255 255 62 255 0 255 0 9 0 255 255 0 0 255
    199 0 0 255 128 255 0 255 0 255 0 178 34 255 0 0 255 255 146 255 0 0
    138 255 99 255 0 0 255 255 0 0 0 255 0 145 255 39 0 0 167 255 255
    255 0 255 0 255 0 127 6 255 6 255 0 200 0 255 0 255 255 0 239 52 255
    221 0 0 45 255 255 0 0 0 244 255 255 255 0 0 0 0 0 255 255 0 74 0 0
    0 255 46 255 255 255 0 0 0 255 0 0 0 15 255 79 255 6 0 231 245 255
    167 0 0 0 0 255 0 0 0 255 187 0 0 21 255 255 0 218 0 255 0 255 0 255
    0 255 147 255 0 0 0 255 255 255 26 193 116 0 255 115 255 255 255 0
    255 255 78 0 255 255 0 0 0 0 255 163 255 0 155 255 211 185 244 0 255
    232 255 0 63 255 61 255 0 255 255 255 255 163 255 180 255 0 0 255
    255 255 0 255 166 0 0 255 255 255 0 44 0 0 0 255 255 255 85 0 0 255
    184 0 255 255 255 183 201 127 0 255 207 255 205 0 255 0 255 255 255
    0 0 255 0 255 192 255 0 255 0 255 255 255 0 0 197 255 189 0 0 255
    117 72 255 0 217 0 255 14 197 21 106 0 0 0 0 0 0 255 255 255 255 0
    17 0 255 255 0 0 68 40 0 255 0 64 255 255 255 0 0 242 255 255 255 0
    168 255 255 0 0 0 255 255 255 255 255 0 0 0 22 255 255 255 0 255 0
    225 255 255 255 0 83 145 255 255 77 15 255 255 0 0 0 2 140 255 255
    255 255 222 0 196 255 255 0 0 0 192 137 0 137 81 33 255 0 0 0 0 0 0
    0 255 198 0 0 0 255 255 0 0 0 255 0 111 0 150 0 255 0 0 0 0 255 162
    0 0 0 255 0 0 0 255 255 0 150 0 255 0 255 0 0 0 255 70 0 255 255 0
    29 255 255 125 108 255 0 0 0 196 255 255 0 0 0 255 192 0 255 0 56
    255 19 255 0 255 255 0 0 0 255 0 255 69 255 255 26 255 0 0 0 255 20
    255 115 255 0 126 0 118 255 255 255 76 255 195 0 255 255 0 255 0 255
    244 0 90 255 255 227 0 0 255 255 0 0 0 255 0 255 0 15 168 221 0 177
    206 255 255 236 110 255 255 0 0 0 187 255 0 0 40 255 0 255 0 255 0
    255 0 202 0 0 255 0 255 0 0 0 0 255 106 0 0 0 255 200 255 0 0 0 0
    255 255 0 0 255 255 20 159 255 255 123 255 255 0 0 0 0 255 255 255 0
    0 0 0 255 255 255 0 155 0 0 104 255 0 255 1 230 255 0 255 255 18 255
    255 0 0 0 255 0 255 255 255 0 86 0 38 0 255 0 255 255 255 249 0 255
    255 255 0 255 0 100 38 111 255 255 117 0 0 255 255 255 255 0 0 0 243
    255 255 0 58 0 0 0 208 255 60 255 0 137 0 255 0 0 4 255 0 86 0 0 0
    255 237 0 0 90 255 255 0 209 255 158 255 0 255 141 0 0 0 0 255 0 0 0
    255 255 255 0 255 0 255 0 255 255 255 29 180 255 255 31 0 255 0 255
    255 0 255 255 255 0 0 255 255 255 196 255 0 18 255 255 242 0 35 132
    255 0 0 235 0 255 0 255 0 0 197 255 255 53 255 0 0 255 255 255 0 0
    79 87 58 255 255 255 0 255 158 253 0 0 48 255 255 255 255 0 230 0
    255 0 0 0 0 255 23 0 255 0 255 107 149 255 255 255 103 255 0 255 39
    255 255 0 255 255 255 19 255 0 111 0 0 0 0 255 255 255 0 0 255 0 255
    0 255 0 0 120 220 255 255 255 255 255 255 0 0 255 255 0 255 255 255
    255 0 255 0 0 255 85 255 255 0 0 255 0 255 0 255 0 7 0 255 215 4 255
    0 0 135 255 0 255 255 0 0 0 255 255 255 255 255 40 0 0 148 0 255 255
    129 0 121 237 0 68 194 255 0 0 0 255 255 0 255 255 72 0 0 255 255
    255 121 79 0 0 0 0 255 54 0 255 0 255 125 255 243 0 0 201 0 255 0
    255 0 255 0 255 0 39 255 160 0 0 255 255 255 0 0 0 8 0 255 0 255 14
    255 0 255 0 255 46 0 0 88 146 181 255 0 0 6 0 255 255 255 255 0 0
    255 9 255 0 0 255 255 255 0 0 255 110 245 255 0 0 0 255 255 255 0 0
    189 255 72 0 255 255 0 255 0 255 255 234 0 0 255 35 255 0 0 0 0 0
    255 255 0 0 0 255 255 255 0 0 255 161 240 255 255 0 110 0 255 0 238
    255 144 255 103 255 0 0 255 0 127 255 0 66 255 170 0 177 28 0 255 26
    255 255 255 134 0 0 251 62 255 255 0 255 0 255 255 255 153 255 225 0
    0 0 255 54 227 255 0 0 255 255 0 255 0 255 0 255 0 0 255 255 0 0 0
    255 203 255 4 255 0 255 0 0 0 0 0 255 0 0 56 255 153 255 0 255 0 0
    255 239 0 151 0 255 9 255 0 223 0 255 255 149 0 0 0 255 0 0 17 255 0
    162 0 255 0 255 0 255 255 255 0 0 0 255 255 177 255 121 0 255 0 0
    245 255 255 255 255 0 255 255 255 255 23 0 0 0 255 0 255 0 226 0 255
    255 99 0 199 255 65 0 255 131 255 0 255 0 255 0 0 255 189 255 0 0 0
    0 255 255 49 255 152 255 255 0 255 255 47 255 98 123 255 0 255 255
    255 0 0 127 0 0 0 111 192 225 255 255 255 0 0 255 255 255 0 0 0 255
    0 255 0 221 231 0 87 0 54 255 255 0 0 0 0 0 255 0 0 0 255 255 255 0
    0 0 213 255 255 255 0 60 0 255 255 0 0 0 255 255 150 255 0 20 255 0
    255 0 255 0 255 192 255 79 255 255 0 245 0 255 0 255 0 255 255 255
    255 139 255 0 255 255 0 0 255 0 255 0 0 0 0 255 0 0 255 0 255 99 175
    0 255 0 255 155 0 66 255 255 0 61 255 0 255 0 255 0 255 255 0 0 6
    255 255 0 255 255 122 0 0 255 0 0 255 255 0 159 0 32 0 210 0 0 255
    175 0 122 0 255 0 0 255 159 255 0 0 93 141 255 0 255 255 255 255 0
    255 201 171 0 0 0 255 255 0 255 0 255 0 0 0 255 0 128 0 0 255 255
    255 0 255 255 255 0 0 220 0 255 255 0 255 255 255 0 0 0 255 114 0
    144 255 255 0 225 255 225 255 255 0 0 255 255 0 255 0 255 155 0 0
    255 255 172 0 0 0 255 140 0 255 0 255 19 234 0 255 140 0 255 174 0 0
    0 255 0 255 0 255 0 255 255 255 84 255 251 255 0 255 0 248 51 255
    255 0 0 0 255 255 255 0 0 0 255 255 64 201 0 255 0 0 255 255 0 0 36
    255 255 255 255 0 255 0 255 171 0 157 0 255 255 255 0 0 0 0 168 0
    255 0 0 0 0 255 0 255 0 255 0 255 255 0 255 0 87 0 255 0 246 255 0 0
    0 255 201 255 41 0 0 255 0 255 255 255 255 255 0 0 0 0 255 91 0 255
    106 255 255 204 0 0 0 255 0 252 255 0 0 0 33 0 166 0 255 255 244 0 0
    0 255 0 255 0 0 255 255 0 0 255 255 0 0 209 201 0 255 0 0 255 255
    255 0 255 255 0 146 0 255 73 255 255 0 0 255 255 255 0 0 0 180 0 0
    255 132 193 100 253 255 0 16 255 212 199 255 173 168 38 164 128 0
    255 0 255 255 255 255 180 0 0 0 255 9 0 0 187 255 255 57 255 149 255
    0 201 0 255 0 255 60 255 0 0 0 0 255 255 255 255 0 0 255 0 255 0 0
    255 0 255 0 4 0 118 255 255 255 0 255 106 255 255 0 0 149 255 255 0
    0 255 0 116 0 255 0 255 255 255 0 255 0 255 255 255 0 255 0 255 0
    203 255 255 0 0 27 0 89 0 0 255 255 56 0 252 255 255 0 0 194 255 255
    0 255 255 0 0 255 255 0 0 0 255 255 255 0 0 0 255 255 0 0 192 0 247
    255 0 0 255 0 255 255 101 255 0 137 0 0 85 255 180 255 255 255 217 0
    255 0 255 203 255 0 52 0 233 255 255 0 0 0 125 255 16 255 0 0 0 0
    255 137 0 0 0 0 255 80 0 0 255 255 0 255 104 255 0 0 71 255 255 0 0
    255 255 255 0 208 0 255 0 255 0 255 44 255 0 0 255 0 255 255 0 0 0
    156 144 188 255 255 255 255 0 0 255 0 255 0 233 255 255 0 255 46 255
    0 194 255 111 64 187 0 255 255 0 254 0 0 98 255 167 181 255 0 255 0
    63 255 118 255 0 0 0 255 255 255 0 255 0 255 0 212 255 255 133 0 0 0
    0 255 255 0 255 255 255 0 186 0 255 255 0 0 102 255 72 0 207 255 40
    0 0 255 0 183 0 255 104 9 0 255 255 255 255 0 35 0 255 0 0 0 255 175
    0 0 255 255 255 255 26 0 0 0 0 255 255 155 255 163 225 102 255 0 255
    213 207 255 0 255 0 255 0 255 0 255 0 0 0 255 255 255 169 0 0 237
    255 255 0 0 0 211 0 255 255 255 0 0 0 255 0 0 0 60 255 255 0 0 137 0
    255 255 255 163 0 0 0 255 51 255 216 255 0 255 230 0 255 255 255 255
    255 0 255 0 255 255 255 0 138 255 147 255 0 0 255 255 255 0 0 116 0
    255 255 255 0 158 0 255 0 0 255 255 0 0 70 255 255 189 70 0 0 0 255
    255 255 255 255 0 252 0 255 192 219 255 0 251 255 0 255 255 159 0 0
    255 0 0 255 0 255 0 255 0 255 0 0 0 255 255 255 0 255 255 0 0 0 240
    178 255 0 255 255 68 12 0 67 255 0 255 9 4 0 0 0 0 255 255 255 167 0
    255 0 0 0 255 0 0 0 255 255 255 0 0 0 255 0 242 19 255 156 255 255
    255 30 0 255 18 255 0 255 0 255 255 0 0 0 255 81 255 202 255 0 0 255
    255 255 249 255 0 231 0 255 255 209 255 0 0 255 0 0 0 112 255 0 255
    0 0 0 255 255 170 114 0 255 255 129 0 122 0 255 15 226 0 255 255 255
    0 0 255 0 255 0 255 0 255 99 0 0 0 255 255 255 0 201 118 0 255 0 255
    0 255 0 235 255 255 255 0 0 0 0 227 0 255 0 255 255 203 255 0 201 0
    255 33 255 0 0 0 231 0 255 0 255 119 0 184 0 255 0 255 149 255 0 0 0
    255 255 255 0 0 0 0 255 255 176 0 255 0 255 255 0 0 0 91 255 255 64
    0 0 137 255 255 0 164 255 255 224 255 255 0 0 0 56 0 255 61 0 241
    114 255 0 255 255 255 36 255 0 0 0 255 255 0 45 34 255 244 0 0 0 255
    255 255 255 0 0 255 173 255 0 0 0 219 0 255 251 212 0 0 0 12 255 255
    58 0 0 47 0 255 255 0 255 0 255 4 255 0 17 255 0 66 0 57 0 0 166 0 0
    0 255 255 255 0 212 245 255 88 0 168 0 0 0 0 255 255 255 255 255 0 0
    7 255 255 111 255 0 199 255 255 0 0 0 255 255 13 7 0 250 0 147 87
    255 255 0 0 239 47 0 255 255 255 32 0 0 0 100 255 0 0 0 255 255 255
    0 0 0 0 0 255 0 255 255 255 255 0 255 20 255 255 0 0 0 255 255 50 0
    255 250 0 0 0 255 97 255 255 255 0 0 159 0 255 0 170 0 0 255 230 0
    255 255 0 216 0 255 244 202 255 0 0 0 0 0 255 117 255 255 19 61 0 0
    0 159 255 0 91 0 255 0 0 72 255 255 255 255 255 255 255 255 172 0
    255 118 0 255 0 255 0 166 0 0 118 255 255 255 0 255 0 0 5 255 255
    195 0 255 0 255 255 255 235 0 255 141 0 0 98 104 0 255 0 255 255 0 0
    0 255 0 255 255 255 255 0 0 0 255 0 0 0 255 255 0 255 255 0 0 255 0
    255 0 255 98 2 0 112 255 0 199 255 255 255 255 0 0 255 255 255 93 0
    0 0 255 255 255 141 88 255 255 255 0 24 0 255 255 0 0 0 0 255 0 245
    103 195 0 0 0 255 255 255 130 17 0 255 255 255 93 143 0 0 255 255
    255 255 255 0 255 0 0 0 255 255 28 0 0 0 255 0 31 255 0 255 255 35 0
    0 255 255 255 168 0 0 0 58 10 0 0 0 255 148 134 0 255 0 0 255 255
    255 0 0 173 183 255 45 255 127 70 0 255 0 0 255 255 131 0 0 73 255
    255 255 255 0 0 255 255 255 91 222 0 255 255 255 147 0 0 255 255 255
    255 0 0 85 0 0 0 255 4 0 97 0 100 0 79 255 0 255 0 255 0 255 0 255
    255 5 0 0 0 255 87 0 0 108 210 255 0 9 255 255 0 0 255 0 255 255 0 0
    0 212 127 0 158 255 0 255 0 255 162 0 76 170 0 0 160 255 0 0 0 0 255
    255 0 0 0 255 255 255 0 27 159 255 0 0 0 0 0 255 255 113 247 116 0
    255 0 0 4 255 34 22 0 255 116 0 255 255 255 0 255 0 255 0 38 0 255 0
    0 253 68 0 255 162 235 255 0 255 82 0 255 255 255 0 255 0 56 0 0 255
    255 255 255 255 0 17 113 254 255 255 162 166 161 255 255 0 255 0 0 0
    172 255 46 255 55 32 0 255 107 0 0 0 255 0 255 0 70 0 0 221 246 0
    255 0 255 0 0 0 167 0 10 0 255 0 255 0 131 180 255 255 69 0 14 0 0
    174 0 255 0 255 0 0 255 255 0 255 255 255 0 255 0 0 0 0 255 0 255 0
    255 174 167 216 0 255 0 255 0 255 23 0 30 15 255 0 0 0 211 0 255 0
    100 0 196 0 255 133 255 255 255 255 0 0 0 234 0 255 255 255 0 105
    255 255 0 105 0 0 47 0 0 0 0 255 255 255 255 255 152 0 0 116 191 0
    255 255 255 0 200 0 0 139 255 255 0 0 201 0 84 196 255 0 255 0 255
    255 255 0 0 0 255 255 255 0 49 0 0 0 255 255 18 229 107 0 0 0 8 255
    255 0 0 143 255 220 255 0 143 0 255 255 0 0 0 255 255 0 0 255 255
    255 0 255 0 167 255 0 0 0 255 255 255 36 0 0 0 255 0 255 255 188 0 0
    255 255 255 0 0 75 69 255 90 0 0 0 255 0 0 255 145 14 5 255 255 255
    255 0 0 255 0 255 255 255 0 255 220 255 0 0 35 255 193 255 0 216 0 0
    255 0 255 0 255 0 255 255 255 163 0 0 255 255 0 0 0 255 198 255 0 0
    142 255 255 79 42 0 70 255 0 79 0 255 0 0 255 0 183 255 255 0 255 0
    171 0 0 255 255 255 0 255 0 0 255 0 0 0 255 0 255 255 255 0 0 255 0
    230 255 255 0 0 188 255 255 0 0 164 255 255 109 0 0 0 0 255 255 0 38
    0 0 12 255 45 20 0 169 255 255 255 0 255 112 255 223 139 0 0 99 0
    255 0 16 0 255 255 255 0 0 0 255 255 0 0 0 255 0 0 0 255 220 0 0 255
    164 0 0 0 255 251 255 0 255 0 120 0 0 0 104 255 255 0 0 255 0 255 0
    255 0 0 255 255 255 37 255 255 255 255 0 0 255 91 255 0 25 255 0 235
    0 255 223 0 0 0 255 255 255 0 0 0 255 0 255 29 255 0 0 132 0 0 121
    255 0 0 91 255 6 0 0 0 255 255 125 0 255 0 255 255 255 255 255 132
    255 0 255 78 214 43 255 255 150 72 0 0 0 255 0 255 0 255 0 255 0 0 0
    255 255 0 0 0 181 255 0 68 0 0 255 255 255 0 0 238 0 195 0 255 193
    255 255 255 0 255 0 0 0 255 255 82 255 67 0 255 255 255 65 0 0 125
    226 34 255 255 255 36 255 255 0 0 0 255 0 255 0 94 0 255 255 255 0 0
    87 255 255 0 255 98 255 0 38 0 255 255 0 105 162 255 255 255 0 0 0
    255 208 0 0 178 255 0 0 0 0 255 255 255 0 13 0 129 0 255 255 255 255
    0 138 0 255 255 255 173 0 0 255 0 255 0 255 3 255 0 0 0 255 255 255
    241 0 172 0 59 43 22 0 0 255 50 255 0 0 255 255 65 255 0 255 0 107 0
    173 0 255 255 255 79 163 255 255 0 255 0 180 0 255 255 0 255 0 0 0
    255 255 0 0 0 0 0 0 0 255 255 255 249 255 0 0 255 0 255 16 0 0 129
    255 255 163 249 189 121 0 255 0 0 0 255 0 255 255 255 255 93 0 0 0 0
    255 255 0 255 255 183 255 121 255 255 0 41 100 255 41 255 255 0 0 0
    0 148 255 255 255 0 0 22 0 0 0 255 255 0 255 255 0 0 253 255 153 0 0
    0 0 255 255 0 0 255 255 255 143 255 255 0 0 0 213 255 220 0 0 255 0
    237 0 255 0 255 0 255 231 255 255 255 255 0 0 255 255 255 0 0 101
    195 186 93 216 33 0 255 0 0 0 0 255 255 255 0 255 217 255 255 0 43 0
    0 223 55 0 0 12 65 255 0 255 0 255 0 0 0 188 255 255 0 88 0 92 31
    255 255 255 0 0 0 255 255 0 0 0 255 255 255 0 255 0 255 255 255 0
    255 255 108 0 0 255 0 255 0 255 0 135 0 0 255 255 255 255 255 0 255
    0 255 0 255 255 161 205 107 0 255 255 255 0 0 143 0 255 255 0 255
    236 101 0 255 255 255 255 0 0 255 255 255 140 255 170 0 0 57 0 255 0
    159 255 255 255 0 0 0 255 0 255 255 0 255 211 0 255 0 0 41 255 255
    187 0 0 0 0 255 255 0 0 255 255 0 255 0 0 255 255 255 153 0 220 255
    243 131 255 0 0 0 0 255 82 0 255 176 255 0 255 0 255 0 255 0 0 0 255
    255 255 255 22 255 0 0 255 179 0 0 0 0 109 255 255 193 0 0 255 32
    255 0 255 0 0 184 255 255 255 25 255 0 255 0 121 255 67 0 255 255
    255 255 0 205 0 222 255 0 0 70 234 255 0 0 255 255 107 0 255 0 0 255
    255 0 0 255 255 67 0 255 255 255 0 229 0 255 194 0 0 204 255 0 0 255
    255 255 0 172 0 0 255 255 0 0 0 255 0 255 0 0 0 255 78 85 255 0 255
    255 255 0 250 0 255 0 255 0 0 218 149 0 188 255 0 0 255 255 0 0 255
    255 0 255 0 255 255 255 0 0 0 255 50 0 0 0 158 106 255 255 255 255 0
    255 255 255 0 90 0 0 255 255 255 10 0 0 255 180 255 0 255 255 255 0
    255 255 235 255 0 0 0 255 255 255 21 236 255 0 203 255 0 0 0 255 255
    255 0 0 0 206 26 52 255 139 0 0 255 0 255 0 255 0 201 0 0 0 0 255 0
    255 76 255 229 210 255 0 0 0 255 255 255 0 0 255 255 255 12 0 255 0
    0 0 255 255 0 0 255 207 0 255 0 0 0 255 0 168 0 255 82 255 255 0 190
    255 236 0 0 255 0 255 0 255 0 255 255 0 0 0 255 0 255 0 0 0 0 128
    206 0 255 0 255 211 0 0 0 0 255 0 255 255 255 255 177 255 0 0 136
    255 101 0 255 0 255 0 255 0 255 0 0 0 0 255 255 145 0 255 255 255 0
    0 0 255 58 255 0 226 152 89 16 255 0 255 0 187 0 255 0 0 45 255 28 5
    24 139 255 255 0 36 99 255 220 0 0 245 0 205 0 0 0 255 255 0 0 0 255
    53 255 0 0 255 22 170 0 0 226 255 91 0 0 255 0 255 255 96 0 89 236 0
    158 255 255 255 54 0 0 255 0 255 0 255 255 0 0 255 255 0 0 0 255 255
    255 255 255 255 107 93 0 0 87 255 255 0 0 255 0 255 0 255 0 215 36 0
    255 255 77 125 0 1 255 255 0 0 106 255 255 186 160 255 255 255 255 0
    255 0 255 0 0 0 0 255 255 185 0 0 255 255 255 255 31 255 45 0 255 0
    0 0 255 255 255 255 0 0 0 0 172 0 0 171 0 133 0 255 0 255 230 255
    122 255 0 195 0 0 255 0 0 255 255 219 158 255 144 255 0 255 170 0
    221 255 0 0 125 255 0 0 0 255 255 255 0 0 0 255 0 255 255 255 0 0
    180 255 43 0 255 255 255 0 137 19 255 0 239 255 255 255 0 173 255 36
    255 0 255 0 255 0 255 0 0 0 255 0 0 0 0 255 255 255 0 101 0 255 0 0
    0 255 195 255 57 255 147 0 230 44 148 0 255 255 0 0 255 255 255 255
    255 255 49 0 255 237 255 0 168 0 255 255 0 0 0 255 255 255 45 0 255
    0 255 0 255 0 255 0 255 0 0 126 0 255 0 255 0 255 0 255 0 255 0 203
    2 255 0 0 215 0 71 84 255 35 217 0 196 255 0 255 0 0 0 255 0 255 0
    247 0 0 0 114 255 0 0 255 0 255 255 164 0 234 255 255 0 0 0 255 187
    255 117 255 0 255 0 255 255 255 0 0 0 122 255 30 246 0 0 185 255 0
    255 255 0 0 0 255 255 0 0 255 145 255 151 255 0 255 90 190 0 255 0 0
    0 255 150 0 0 255 212 255 255 255 0 255 0 255 0 255 255 234 108 255
    0 255 0 255 255 255 255 255 0 0 247 0 255 0 255 255 255 0 0 255 75 0
    9 0 255 57 0 0 72 38 255 0 0 0 0 230 255 255 0 0 0 0 255 162 255 0
    255 0 255 0 255 0 255 192 0 34 246 255 249 0 0 0 255 0 0 255 255 0 0
    255 255 0 255 0 255 0 63 97 255 0 255 0 0 0 255 139 255 0 255 0 0
    255 0 138 255 255 255 0 0 0 255 255 0 255 255 255 0 0 0 0 91 255 255
    0 0 255 255 111 255 255 0 0 255 118 255 0 92 125 255 0 255 0 10 0
    255 0 255 40 196 0 0 0 0 255 255 255 255 0 0 0 230 255 245 255 0 255
    0 255 0 8 255 255 0 0 0 255 61 255 255 0 0 0 255 125 255 0 0 255 108
    255 255 122 13 255 230 0 255 50 255 157 255 255 0 0 0 255 255 215 0
    0 255 255 255 0 0 0 255 255 255 0 0 255 255 0 41 180 67 255 214 255
    0 113 0 255 0 0 67 0 0 99 255 255 35 0 255 0 186 0 0 0 255 255 0 0 0
    155 255 255 255 0 0 0 255 255 191 255 255 255 255 0 0 0 255 0 0 255
    255 91 78 0 0 0 255 33 36 0 0 255 255 0 2 0 0 242 108 255 0 0 255
    255 255 53 0 0 0 255 255 91 255 0 255 255 230 0 255 144 0 255 226
    141 255 0 255 31 255 0 216 255 0 0 0 252 255 255 255 0 255 255 123
    43 0 0 5 255 0 0 0 192 0 235 255 255 231 255 142 0 0 0 140 57 255
    255 0 222 0 255 255 255 0 0 11 0 255 0 0 196 11 255 255 255 255 0
    255 0 255 233 154 0 0 255 255 0 255 154 255 0 67 255 111 96 0 0 255
    0 255 0 0 0 20 217 48 255 0 0 0 255 30 255 154 0 255 0 150 255 255 0
    133 0 255 255 0 0 0 255 255 255 0 254 0 255 255 255 255 255 0 251 0
    0 255 255 255 0 0 0 235 255 255 255 0 0 245 255 0 190 255 0 214 101
    255 0 0 0 156 255 255 0 0 248 255 0 255 255 0 0 2 160 255 0 0 255
    255 0 0 0 111 34 202 255 255 0 199 0 255 0 255 0 255 158 255 0 0 255
    255 255 0 255 255 164 73 254 255 0 232 0 0 255 0 8 255 0 0 94 0 41
    255 0 254 184 0 255 0 255 0 255 0 0 255 255 158 255 174 255 255 0
    255 0 255 105 0 0 255 255 221 0 255 255 255 255 0 255 255 0 255 255
    0 0 0 0 255 0 0 255 0 0 0 0 51 255 255 255 0 255 255 0 255 255 255 0
    0 0 0 255 83 255 255 0 0 52 255 0 255 0 255 255 0 0 0 186 0 255 0
    255 0 255 0 6 0 255 99 180 0 255 139 255 0 255 255 68 255 255 255
    255 255 0 184 0 255 155 0 255 0 0 0 255 255 103 0 255 255 0 0 0 255
    0 33 0 255 13 255 0 255 0 255 255 0 0 0 207 255 255 0 255 255 0 255
    255 255 0 255 0 159 0 98 236 255 0 182 0 255 255 255 0 115 255 0 255
    135 255 0 0 255 255 255 248 0 0 255 255 191 0 194 0 22 255 255 23 0
    0 0 255 0 255 0 131 104 255 183 255 255 2 0 255 0 87 0 0 48 0 209 0
    255 0 255 255 255 0 77 0 255 0 255 0 255 124 0 0 0 255 255 0 47 0
    255 255 0 255 0 202 0 255 0 255 23 255 255 237 255 255 0 209 0 255
    176 0 251 255 255 0 42 0 0 0 255 0 255 255 255 0 0 255 255 255 255
    99 91 0 5 255 255 83 0 231 50 255 255 255 0 255 0 255 0 0 255 0 255
    255 255 89 0 0 123 255 0 255 0 125 0 90 255 17 87 245 71 107 255 0
    255 0 0 68 195 255 255 255 0 0 0 164 0 0 0 255 255 255 255 0 0 0 0
    76 255 255 0 49 255 255 255 255 35 255 0 61 0 255 140 255 0 255 255
    0 0 0 0 0 21 0 255 255 0 202 0 255 255 255 230 0 255 255 255 77 0
    255 0 134 0 255 255 255 0 0 255 0 203 54 61 0 255 255 138 192 0 25
    255 0 255 0 240 0 255 255 0 255 109 255 255 0 0 0 0 255 255 255 210
    255 176 67 0 255 0 0 255 201 0 255 0 255 255 0 0 181 234 184 0 255 0
    182 134 0 255 255 0 0 0 0 255 0 255 254 0 0 0 185 255 93 0 0 0 255
    255 0 255 0 255 255 255 255 255 255 0 0 0 0 0 0 255 92 255 73 160
    118 0 0 106 255 255 0 0 255 0 0 120 255 255 255 0 0 169 255 255 0 87
    0 130 255 255 132 255 234 0 89 172 255 0 170 0 255 255 255 255 0 255
    0 255 0 188 8 255 255 0 0 0 255 0 0 255 255 255 0 0 0 0 255 255 156
    85 0 255 255 255 0 255 0 255 0 0 0 0 131 255 255 0 0 255 255 255 0
    226 0 255 0 248 0 255 255 255 0 255 255 0 0 255 0 255 0 0 0 255 252
    255 0 0 255 17 0 255 0 139 0 105 255 25 0 0 0 168 255 255 255 30 255
    0 0 255 255 255 255 255 0 255 0 0 255 0 0 0 255 255 255 234 0 0 255
    255 255 0 0 0 0 0 255 255 0 0 0 255 255 0 0 0 0 0 255 255 0 0 0 229
    0 0 255 0 0 0 255 0 255 0 9 215 255 255 27 0 0 173 0 221 255 255 255
    255 0 0 184 0 0 27 255 255 0 0 0 241 176 255 0 45 255 0 255 0 255 0
    60 0 232 213 0 0 255 255 255 255 0 255 0 0 255 0 0 255 255 255 255
    170 6 0 255 255 0 12 255 255 255 0 0 255 255 255 0 255 52 255 0 255
    0 158 132 255 255 255 0 0 0 0 204 255 104 255 0 255 0 0 255 255 255
    255 0 255 0 0 255 0 0 0 0 80 243 255 255 179 0 0 79 149 0 255 120
    255 255 0 255 0 0 0 0 255 146 192 0 255 35 255 203 255 0 0 255 255 0
    0 0 0 0 255 255 255 255 93 255 255 0 0 40 119 255 0 255 0 0 23 8 226
    255 170 255 255 0 255 255 255 0 0 255 255 255 0 0 255 255 255 255 0
    255 0 197 0 255 130 0 83 4 14 127 0 219 255 255 0 0 0 255 255 0 255
    0 255 244 255 255 0 82 115 146 43 0 255 63 255 0 126 255 255 255 0 0
    255 0 255 0 255 0 0 0 0 255 0 255 60 255 0 97 0 19 0 255 0 128 0 255
    125 255 242 0 255 0 0 255 0 0 83 202 255 255 0 0 0 255 255 255 27 0
    255 255 255 255 185 0 224 0 0 225 255 0 0 0 255 255 255 255 0 255
    132 255 0 255 0 255 0 255 255 56 0 255 255 0 0 147 0 255 186 255 255
    0 255 255 0 0 0 255 255 26 0 0 255 255 255 0 207 255 255 255 0 0 0
    255 0 0 181 255 210 255 0 255 0 167 0 255 255 255 0 0 0 0 143 0 255
    255 0 0 0 255 0 0 60 255 255 106 255 255 255 0 0 255 255 241 255 239
    0 86 0 0 255 0 0 0 255 219 0 255 34 255 0 255 255 118 112 150 0 0 0
    255 255 255 0 0 0 0 255 255 238 0 0 255 255 255 255 255 255 0 255 0
    255 4 255 124 0 255 49 255 0 32 15 255 26 0 255 186 42 187 0 255 0
    86 128 255 0 73 0 255 255 255 255 255 0 0 194 255 78 0 255 156 255 0
    255 255 0 0 0 0 0 255 117 0 255 56 255 255 255 253 0 0 0 255 0 255 0
    0 255 255 255 0 0 0 0 0 255 255 0 255 0 194 255 0 255 234 255 0 0 0
    173 255 55 0 255 0 255 0 0 255 247 255 255 217 0 255 0 0 255 255 44
    0 0 163 19 255 0 0 255 0 255 0 151 129 242 255 255 0 51 208 255 0 0
    0 255 0 0 15 0 255 0 247 0 0 0 0 255 255 0 255 255 255 0 255 0 0 255
    0 255 0 0 0 255 255 255 255 255 255 255 0 96 255 255 0 0 61 255 255
    0 0 0 255 0 0 148 255 151 0 255 0 255 0 255 0 255 0 0 0 5 202 255 0
    0 0 255 0 255 255 10 0 255 255 0 255 252 255 0 255 0 0 0 255 255 255
    0 0 228 255 70 255 0 0 255 0 255 244 0 255 255 0 0 255 255 255 0 0 0
    255 255 0 0 0 42 255 0 0 0 0 198 255 255 255 29 255 0 0 0 199 65 130
    255 255 0 0 255 0 255 255 255 47 0 255 255 255 0 255 255 149 0 255 0
    0 0 0 0 0 255 255 195 0 0 0 0 0 0 0 255 252 0 0 179 255 255 0 0 255
    0 93 0 255 0 0 0 255 255 255 0 235 0 169 255 255 255 0 255 255 255 0
    212 255 255 255 0 0 255 255 0 255 0 96 0 235 229 255 67 0 255 255 0
    54 0 118 0 255 255 255 255 0 75 255 255 255 0 99 0 255 91 255 255
    255 17 0 78 0 255 255 255 0 0 0 0 255 250 255 255 0 255 0 255 0 255
    255 0 0 0 255 255 255 0 237 5 0 255 103 57 0 255 207 30 0 0 255 0
    255 0 0 255 255 255 0 0 22 255 0 0 0 99 0 255 116 255 0 255 0 255
    255 255 0 203 0 0 109 218 6 255 0 140 0 121 255 255 255 0 255 0 255
    0 158 94 0 0 255 255 255 0 255 255 215 0 0 209 0 0 0 255 0 255 255
    255 0 255 0 0 0 0 141 0 255 208 0 255 80 0 0 255 255 255 0 0 0 255
    255 255 66 0 255 8 0 0 255 255 255 255 0 255 255 0 0 122 226 255 164
    144 174 0 0 0 255 38 255 0 0 111 255 255 255 0 0 50 255 255 0 0 0
    255 0 0 80 255 40 185 255 0 255 0 69 0 255 0 0 0 0 110 255 133 255 0
    0 0 255 255 255 255 0 0 0 255 0 255 255 255 83 189 0 0 255 255 93
    255 0 160 0 0 255 0 0 157 255 0 0 253 255 78 255 79 0 0 0 0 255 0
    255 0 0 255 92 255 0 0 0 255 245 255 0 0 0 28 255 255 197 0 0 255
    255 0 0 0 0 161 25 0 0 255 255 0 0 255 0 80 0 0 0 202 0 255 0 255
    255 255 0 255 0 0 168 0 255 0 255 255 255 255 234 0 114 255 255 0
    106 0 0 228 202 255 255 37 255 0 0 255 0 0 0 255 255 255 0 124 156 0
    0 0 255 244 255 0 8 255 22 160 255 255 255 255 255 255 0 0 0 255 255
    0 0 255 0 255 255 255 0 255 0 255 98 255 0 255 255 255 242 0 0 0 255
    0 255 241 255 150 255 0 253 0 255 255 255 147 255 0 102 0 255 0 255
    255 0 71 6 90 0 67 255 255 0 255 0 255 0 73 0 0 54 225 53 255 189 0
    0 255 255 241 0 255 0 255 0 255 255 255 255 242 0 0 22 0 255 0 255 0
    255 255 0 255 167 0 0 255 27 1 255 139 255 255 0 0 0 0 255 0 100 249
    255 255 255 255 255 255 0 255 0 255 227 237 255 255 0 255 255 255 0
    255 7 255 38 255 255 0 0 0 0 0 0 255 0 255 255 0 255 0 120 255 0 255
    0 251 255 54 0 0 255 0 213 255 0 255 133 0 0 255 0 255 0 255 0 255
    255 0 0 255 255 255 27 0 0 0 255 0 255 255 0 0 157 255 106 0 255 0
    97 0 28 255 255 7 0 0 0 206 0 0 255 255 255 0 255 0 0 255 156 255 0
    255 0 0 184 255 130 173 255 255 95 0 255 255 185 70 0 255 213 255 0
    219 0 176 255 202 146 0 0 0 255 0 255 115 0 0 0 255 0 255 255 186 59
    158 0 0 255 0 255 255 255 145 255 0 203 10 255 0 189 0 0 255 255 255
    0 0 255 255 0 0 80 0 195 255 255 255 255 255 0 0 0 0 126 255 255 90
    255 0 0 0 255 60 0 255 0 0 144 0 255 0 255 252 239 0 0 3 94 5 78 0 0
    0 138 255 255 255 0 0 143 255 0 0 0 255 255 255 255 0 0 0 0 0 255 0
    4 64 0 255 255 162 255 0 41 255 0 0 0 255 140 0 0 140 255 0 0 0 0 65
    0 255 255 210 53 237 61 0 195 255 0 255 255 255 255 0 0 97 154 255 0
    255 255 0 0 255 255 255 0 255 0 255 0 255 255 0 242 0 101 48 0 255
    51 0 135 74 255 255 0 255 0 255 255 21 0 90 29 0 0 0 255 0 0 255 255
    0 0 31 119 0 0 255 0 255 0 66 0 255 255 0 149 0 255 165 77 0 0 255
    255 192 0 0 0 255 0 255 0 44 255 110 0 0 255 255 0 0 0 191 253 255
    255 255 42 0 0 0 198 0 0 4 159 255 255 255 0 255 146 255 0 0 0 0 0
    255 0 255 255 255 255 0 0 0 255 172 255 0 255 255 255 0 0 0 236 45
    255 255 255 255 0 0 0 255 122 0 255 255 0 247 0 0 169 255 168 255 0
    0 0 255 0 0 255 255 0 255 255 255 210 6 0 102 54 255 0 255 0 255 0
    255 255 255 0 255 0 0 236 255 47 0 0 255 255 0 0 23 255 0 0 70 255 0
    255 0 83 255 0 255 0 255 0 255 255 0 0 255 0 255 255 0 0 0 255 79
    255 255 0 0 255 255 255 0 255 142 32 255 255 158 255 122 64 0 255 0
    0 255 255 168 255 255 255 18 85 0 255 255 0 0 0 0 255 0 255 208 230
    0 0 0 255 255 255 0 0 251 0 139 255 70 255 255 54 191 17 0 0 193 154
    255 255 255 0 255 255 255 255 255 195 0 0 255 255 0 0 255 225 255
    226 255 255 0 63 0 27 82 255 255 139 255 255 255 0 255 0 255 0 97
    222 255 0 0 0 255 123 255 52 0 155 255 0 27 0 255 0 180 0 0 0 43 0
    255 255 241 0 0 0 255 255 255 0 255 0 28 0 255 0 0 0 0 0 255 0 128
    255 255 0 0 0 0 255 233 255 255 49 255 174 64 224 255 134 0 255 255
    255 0 255 255 252 153 0 255 255 255 255 255 0 0 255 255 255 123 0 0
    0 158 255 255 255 0 255 11 23 161 0 179 0 0 255 255 255 0 19 255 0
    255 75 255 0 0 206 255 255 255 255 0 0 0 89 255 0 0 121 0 0 0 255 0
    0 60 0 255 255 0 0 0 255 0 0 240 255 0 0 0 85 0 0 255 255 0 0 216 0
    0 185 255 0 47 191 0 0 0 255 255 90 0 0 133 182 255 0 151 255 0 255
    0 255 0 255 0 255 255 0 0 250 255 255 255 28 255 255 42 209 0 255 0
    0 198 255 255 186 255 164 0 255 255 0 0 0 0 151 255 255 0 255 61 0 0
    255 0 225 255 89 84 0 0 202 0 255 255 255 157 0 0 0 0 255 255 0 255
    0 255 0 4 255 0 255 255 255 255 255 0 255 255 0 188 0 110 0 255 255
    0 41 255 255 0 255 255 255 0 0 0 239 232 85 0 69 0 255 255 116 0 202
    143 255 255 0 255 0 99 0 255 255 241 0 255 0 0 0 255 255 255 255 71
    97 255 255 0 255 191 255 0 0 77 0 0 0 255 2 0 255 255 255 0 255 0 0
    0 109 167 255 67 0 255 0 255 0 255 0 255 186 255 255 255 0 0 0 231
    255 215 0 255 37 230 63 255 0 255 255 255 111 255 0 255 255 229 255
    0 255 0 255 255 0 255 255 255 0 0 0 0 0 255 39 255 7 255 170 0 229 0
    13 0 255 147 0 255 255 255 255 0 255 19 0 0 255 255 255 0 198 0 226
    255 255 255 255 93 0 0 255 218 255 255 255 0 0 255 0 0 0 255 255 245
    167 0 0 191 232 255 255 255 255 0 255 255 255 255 237 0 255 255 37
    69 255 197 0 0 0 255 103 0 255 255 155 0 255 255 255 0 0 0 255 255
    255 85 0 255 255 0 39 8 255 109 0 255 125 0 0 135 0 255 247 255 0 3
    255 91 183 0 54 0 255 0 255 219 0 0 0 0 0 255 0 0 0 255 255 171 0 0
    22 244 5 0 0 0 0 255 255 255 255 0 73 0 0 255 255 255 0 142 0 255
    255 255 255 0 255 0 255 0 0 0 255 0 255 255 255 0 221 5 0 0 0 255
    255 255 255 255 0 255 0 0 0 255 99 255 255 255 0 255 255 255 255 255
    141 0 255 255 162 0 255 0 255 177 0 0 0 255 255 0 0 0 255 0 255 0
    255 0 0 255 0 255 255 255 230 0 255 190 0 0 255 255 0 188 176 0 0
    255 232 255 0 0 255 255 255 0 255 0 255 255 255 189 74 0 255 62 255
    0 188 255 0 0 79 0 66 0 255 186 183 0 0 255 249 255 0 255 0 0 0 241
    189 255 0 255 44 115 255 0 255 235 255 0 0 255 62 255 0 0 255 0 255
    0 0 41 0 255 0 255 0 255 255 255 0 105 0 255 184 255 255 255 0 0 241
    0 255 255 250 0 0 111 235 255 0 255 255 161 0 0 255 255 41 56 255
    255 66 255 0 0 0 0 255 255 255 0 44 0 0 0 255 255 255 229 0 0 0 204
    255 255 255 0 0 0 213 0 0 255 255 0 255 0 255 255 0 0 0 255 0 255
    195 3 0 92 255 255 255 80 255 255 255 0 255 194 255 0 255 0 216 255
    255 255 0 0 0 255 239 255 0 255 255 255 0 0 255 0 255 0 232 0 255
    255 0 255 185 255 0 0 255 0 126 0 255 0 0 0 148 255 0 255 243 255
    255 0 49 255 255 255 0 199 0 3 0 255 129 255 0 0 0 0 0 255 0 255 0 0
    255 0 0 255 0 255 189 83 0 255 71 255 0 255 0 240 0 255 0 0 0 255
    255 255 0 255 179 255 0 255 255 122 94 255 255 183 0 0 255 255 255
    255 0 102 255 0 255 168 255 255 129 255 0 255 85 255 255 0 66 255 79
    38 193 0 5 0 255 0 0 0 6 255 255 255 0 182 39 0 0 255 0 255 255 255
    255 0 228 109 85 255 255 0 0 39 255 0 35 74 0 0 255 255 0 0 255 95
    255 149 255 126 0 0 0 0 255 153 191 0 0 0 255 57 255 0 0 255 255 0 0
    234 255 0 0 255 171 10 0 255 0 145 0 255 92 255 0 255 0 130 255 255
    0 0 255 255 255 0 0 0 0 205 255 255 255 0 0 0 255 0 255 0 255 167 20
    4 0 255 0 0 0 255 0 255 0 255 255 255 0 255 0 255 70 0 0 0 255 218
    255 0 255 46 0 0 255 255 255 255 225 0 101 0 255 0 165 255 7 255 0
    255 0 255 255 255 231 0 255 0 255 0 0 0 0 255 255 255 0 0 255 255
    255 0 155 0 59 186 255 255 33 255 0 255 255 255 0 0 0 255 167 126 0
    255 0 255 0 0 0 255 255 0 0 25 0 0 54 255 0 0 0 251 255 255 0 193
    255 255 0 255 0 0 0 0 0 255 255 255 136 255 0 255 0 0 14 0 0 255 0 0
    255 165 255 135 0 0 0 163 105 255 191 0 255 0 180 0 255 255 255 0 0
    255 255 255 0 0 105 0 255 0 108 178 0 255 255 255 0 0 0 255 255 255
    87 0 0 166 255 255 0 0 255 255 0 0 255 0 255 255 255 255 0 0 100 255
    255 0 0 255 0 255 0 255 234 0 255 0 0 255 255 255 0 255 38 255 0 7
    131 219 21 56 255 238 255 255 0 0 0 0 255 114 255 179 0 0 255 255
    255 0 141 255 255 255 255 206 0 0 255 218 0 255 255 255 255 255 255
    0 0 0 255 8 46 0 255 0 0 189 249 88 0 255 93 139 255 117 47 169 227
    255 255 0 81 114 255 255 0 0 0 255 255 218 0 0 96 255 255 0 255 0
    232 0 0 255 255 255 0 0 0 255 84 255 0 0 0 21 255 255 0 0 255 255 0
    255 255 255 0 0 159 104 255 255 0 255 0 255 0 0 160 39 255 132 255 0
    255 0 255 0 255 0 0 0 255 255 0 255 255 255 255 0 0 255 255 129 0 74
    255 255 0 0 0 255 0 255 0 54 0 255 255 0 229 255 0 0 0 255 193 0 216
    0 0 0 161 20 255 255 91 0 9 255 0 159 255 0 255 255 0 0 0 0 255 255
    0 0 0 255 255 255 30 255 107 0 255 255 255 0 0 255 180 0 0 255 97
    107 255 255 255 0 255 255 255 39 0 255 73 249 136 0 255 255 255 0
    132 255 0 255 255 99 0 0 0 255 255 255 0 118 255 255 0 255 255 194 0
    0 0 255 255 255 255 255 0 0 44 255 255 205 255 0 255 0 255 0 0 0 0 0
    255 255 0 93 0 0 0 255 0 255 86 255 255 0 255 0 0 0 109 0 255 137
    255 65 0 0 0 0 255 255 255 0 115 0 0 255 255 0 0 255 0 255 255 255
    255 127 255 255 0 0 0 255 99 255 0 255 0 0 0 255 255 255 94 0 0 0 38
    255 255 0 255 0 255 255 250 0 0 0 0 255 255 0 255 123 0 0 255 0 255
    255 255 255 0 0 255 0 255 0 60 255 255 0 161 0 255 19 255 255 0 255
    255 255 255 255 255 0 255 221 255 0 0 107 255 0 255 0 255 255 0 255
    0 129 255 255 255 0 0 255 4 255 0 230 0 255 0 0 0 255 255 0 88 0 255
    255 0 255 255 0 0 0 235 0 255 255 0 255 0 29 0 75 0 255 159 0 0 255
    255 0 255 255 255 0 0 0 82 101 145 0 0 0 166 0 255 255 255 0 255 0
    255 0 255 255 250 255 0 158 0 255 83 117 255 164 255 0 255 255 255 0
    0 0 255 255 255 0 0 255 111 255 0 255 255 255 255 255 119 0 255 255
    0 20 0 255 255 255 0 0 0 255 255 255 81 9 0 255 255 64 0 0 0 137 0
    255 255 0 0 255 0 255 0 255 156 98 255 255 0 255 63 255 255 219 255
    86 0 0 0 0 157 255 255 90 255 0 0 0 255 231 0 13 255 255 0 161 240
    87 0 0 255 255 255 0 255 0 255 255 255 89 0 0 255 0 0 175 255 255 0
    0 59 255 255 0 31 0 0 0 0 255 0 255 0 255 255 255 255 0 179 0 51 0
    37 0 255 0 255 0 255 0 0 0 255 0 91 0 0 0 255 138 255 0 255 60 255 0
    255 0 0 0 0 0 255 130 0 255 0 201 98 150 51 255 126 0 0 255 255 255
    0 0 176 255 255 255 183 0 255 255 255 0 237 0 255 255 255 0 151 0 0
    255 0 0 255 255 0 0 161 76 0 150 255 0 255 0 255 255 20 0 36 204 0 0
    255 0 255 0 0 0 0 255 0 110 0 255 0 99 0 0 107 0 0 113 255 219 0 72
    255 255 0 255 255 255 42 255 255 255 255 0 172 0 255 0 0 0 255 247
    103 0 0 0 13 28 219 255 255 255 255 255 0 0 0 0 163 255 255 255 0 0
    228 255 160 107 255 255 0 255 255 139 0 0 0 0 255 255 0 2 194 242
    255 0 255 0 255 0 255 110 0 255 73 255 26 255 255 0 255 255 0 0 0
    255 61 255 0 255 0 255 255 0 0 0 255 31 255 153 0 255 255 255 255 47
    0 0 255 255 0 0 0 0 255 0 255 255 2 0 199 0 0 0 255 84 255 255 0 0 0
    255 60 0 0 255 255 255 255 255 255 255 0 3 0 255 0 0 0 0 255 0 196 0
    120 255 255 0 0 135 255 255 139 255 0 0 0 0 0 0 43 220 255 0 0 0 255
    0 255 0 255 113 255 255 255 255 255 114 255 0 255 255 0 85 255 255
    255 251 0 255 0 255 152 255 0 255 0 0 0 0 147 135 255 255 0 110 255
    0 255 63 255 0 0 255 255 255 54 0 0 0 255 255 255 31 0 0 45 255 255
    0 0 0 255 255 169 0 0 255 36 104 0 255 0 255 0 255 0 0 255 62 0 0
    255 0 0 0 255 0 0 16 255 255 255 0 0 255 77 0 157 255 0 255 0 0 255
    111 22 0 209 255 222 255 255 36 0 255 0 94 0 255 94 0 149 255 48 255
    255 255 0 203 236 187 0 255 208 0 255 224 255 242 255 255 0 255 69
    255 58 255 215 54 0 255 255 255 102 34 255 255 0 0 0 0 255 0 0 255
    255 0 255 84 83 0 0 255 0 0 0 210 255 18 0 0 255 255 0 255 251 255
    255 255 0 255 15 0 255 255 255 0 0 0 0 29 255 0 0 255 255 255 0 255
    0 255 0 0 0 255 255 52 255 0 0 255 250 255 255 255 255 0 0 255 116
    111 0 255 255 98 0 0 0 255 0 0 57 255 255 255 100 0 136 0 0 255 255
    116 0 0 233 0 0 94 0 255 255 0 0 0 171 0 255 255 255 0 0 0 255 255 0
    255 0 255 0 130 0 204 0 255 0 0 255 0 255 255 255 0 255 56 255 0 0 7
    255 255 89 0 0 0 255 255 255 255 0 0 255 0 242 233 0 210 0 0 255 255
    255 0 51 0 255 255 255 255 255 161 0 0 255 0 255 24 0 0 0 37 255 255
    16 0 255 255 0 255 255 255 161 0 255 0 146 0 255 204 255 0 0 255 255
    255 255 255 248 0 40 186 255 255 0 35 87 227 103 0 0 0 0 0 105 0 255
    0 255 255 255 255 255 0 179 33 255 49 0 255 0 255 242 0 255 255 183
    255 0 41 0 0 207 212 255 151 0 0 0 0 0 0 255 255 0 0 187 0 255 0 255
    255 255 88 0 0 0 201 255 255 130 0 0 36 255 255 255 134 214 255 0 0
    229 33 195 44 255 255 0 255 0 255 0 49 255 255 0 0 195 181 255 255
    255 255 0 255 148 243 0 255 0 129 0 155 255 244 0 255 0 255 0 255 0
    10 255 0 138 0 255 81 0 0 173 255 255 255 0 0 0 255 255 0 138 188 0
    0 255 255 81 255 255 0 255 0 255 0 0 0 255 0 0 255 0 255 0 255 0 255
    255 255 0 255 79 33 196 255 0 255 255 0 125 255 255 0 61 255 218 0
    255 255 0 255 0 255 255 0 0 0 0 0 255 255 255 0 121 0 255 255 255 0
    255 0 218 0 255 255 255 0 48 0 255 238 255 0 0 0 255 139 255 0 0 32
    255 255 0 255 255 208 0 0 74 0 255 255 255 0 255 141 0 0 255 36 0 0
    255 255 0 0 255 171 248 0 0 0 0 102 0 0 255 0 0 116 255 181 0 0 255
    152 115 0 0 0 255 255 0 0 10 255 255 0 0 0 0 166 255 255 40 255 0
    255 43 104 6 255 0 248 0 0 255 255 255 211 0 255 47 0 154 0 255 0
    255 253 0 0 0 5 255 0 130 0 0 147 255 255 255 0 0 255 255 255 255
    183 255 40 168 0 18 0 255 30 255 54 214 0 255 0 0 0 0 255 255 255
    255 0 255 0 255 0 255 255 255 0 0 0 255 255 255 0 0 0 255 255 255
    251 255 255 253 0 255 255 142 215 255 250 0 255 0 255 0 0 0 0 255
    255 255 0 255 255 205 0 0 0 0 116 167 23 0 255 255 0 255 255 255 0 0
    0 0 255 242 128 0 0 255 255 0 255 246 0 0 255 255 0 133 0 0 255 255
    214 0 158 0 189 255 255 255 255 129 0 0 114 226 0 255 0 255 0 255 0
    0 0 255 217 0 0 255 255 255 0 0 255 255 255 255 144 0 0 255 0 0 113
    255 119 255 0 0 0 0 116 255 255 255 122 0 0 255 255 255 69 255 0 255
    255 153 0 255 152 0 255 0 255 255 0 0 0 255 255 65 0 0 165 0 246 72
    255 0 0 0 0 173 0 255 0 255 41 0 255 0 255 255 0 0 255 0 255 0 0 0
    255 14 255 0 219 222 184 0 255 255 255 0 0 0 0 255 0 99 189 0 0 255
    255 129 0 89 0 175 0 255 0 125 255 0 255 0 0 255 232 255 0 255 0 13
    255 255 230 0 171 255 255 0 0 255 178 255 0 0 0 99 255 255 165 0 255
    0 125 0 0 233 91 255 0 255 53 255 0 255 0 255 0 255 0 0 255 0 0 255
    255 0 0 255 255 1 255 0 255 156 0 255 255 255 245 0 255 255 0 0 0
    255 255 82 0 0 255 0 0 255 0 255 146 255 0 130 255 166 255 0 255 0
    255 72 0 255 255 177 0 0 247 255 0 1 0 172 0 168 0 27 0 255 255 255
    255 11 0 0 255 255 102 255 255 0 0 0 0 255 255 89 0 255 0 0 0 157
    255 0 255 0 255 0 255 0 255 255 255 255 0 255 218 223 0 255 210 255
    0 0 255 255 255 255 107 0 0 0 129 255 0 100 0 133 48 255 0 255 0 255
    0 142 255 41 0 238 79 255 0 255 0 255 0 0 255 42 255 0 0 0 0 255 255
    255 106 0 0 255 255 0 96 0 255 255 255 255 255 0 0 0 36 255 0 68 0
    255 255 0 123 255 255 0 255 0 0 0 255 122 186 255 255 244 132 255
    255 0 255 255 255 0 0 0 0 255 255 255 0 255 2 255 0 255 0 255 0 0 0
    0 255 255 255 255 169 147 0 255 0 0 0 133 255 106 0 0 83 0 255 0 255
    30 255 0 0 255 0 0 0 116 255 0 255 255 0 0 247 255 116 0 255 0 117
    255 255 208 255 0 255 255 0 0 255 255 255 255 0 0 132 255 0 255 0
    255 87 230 210 255 0 0 0 0 0 0 0 93 255 255 0 0 255 255 0 255 55 133
    0 255 0 255 232 255 0 255 255 255 64 255 255 255 0 0 255 255 255 255
    139 255 0 255 58 255 81 255 0 255 84 255 0 14 0 0 0 148 255 0 32 255
    255 0 0 255 255 255 255 0 63 81 233 0 0 255 255 255 255 0 0 255 255
    255 0 0 255 255 255 0 0 0 255 255 255 235 0 0 0 153 0 255 233 255
    255 0 0 255 255 255 0 255 255 0 0 255 0 255 0 255 100 0 255 255 0
    172 255 255 255 0 0 90 255 255 19 255 255 215 255 0 0 186 255 17 181
    204 5 209 255 0 0 0 229 255 255 107 255 0 0 0 255 255 0 255 255 0
    136 215 94 255 0 26 0 0 255 0 0 216 255 95 0 36 255 0 255 0 0 80 216
    255 0 54 0 255 255 0 188 0 255 146 255 0 255 0 255 0 255 255 0 167
    250 255 233 104 255 0 0 0 225 11 141 255 0 255 0 214 0 0 219 255 0 0
    241 255 255 0 0 214 255 255 255 0 255 255 0 0 255 0 0 0 245 255 254
    255 0 255 255 255 0 66 0 85 0 0 0 208 116 255 255 255 255 0 162 0
    255 255 0 0 255 255 255 0 255 0 1 255 255 0 255 0 0 255 255 255 0
    255 0 0 0 255 255 255 0 0 255 255 255 255 0 0 255 255 255 255 255 0
    0 0 0 0 0 0 255 0 196 11 255 0 255 255 255 255 0 0 255 255 0 28 255
    255 0 0 0 255 93 0 255 255 53 255 0 0 0 255 0 255 0 255 0 255 0 0
    255 0 255 0 0 255 255 255 0 0 255 255 255 255 0 0 185 0 255 0 255
    255 10 255 0 0 0 255 217 255 89 255 0 0 255 106 255 115 255 255 145
    190 0 255 255 0 0 0 255 255 255 0 255 0 0 255 255 255 0 0 255 255
    255 255 0 255 0 0 255 255 255 152 34 157 89 255 255 0 255 255 39 89
    0 255 255 255 115 255 240 78 255 0 156 255 0 255 88 255 0 255 0 255
    0 0 86 0 255 0 118 0 110 0 255 0 255 190 245 0 0 114 255 255 0 255 0
    114 255 0 0 255 162 192 255 0 255 0 255 0 0 255 94 255 77 0 255 255
    0 0 0 255 255 255 255 0 196 0 0 0 255 0 0 0 255 255 203 255 0 255 92
    0 0 0 255 255 0 0 0 0 255 255 182 0 255 0 171 0 255 255 255 78 0 255
    255 0 255 0 255 0 0 55 255 244 0 0 255 255 0 255 255 0 0 255 255 255
    186 0 0 255 65 255 0 0 28 255 62 0 255 0 255 196 255 255 255 0 255 0
    237 0 255 46 255 0 255 0 185 255 22 0 0 0 255 162 255 0 0 0 69 255
    255 0 0 255 83 255 255 255 0 179 255 199 0 0 0 90 0 0 255 255 255 0
    243 14 0 255 0 255 0 0 0 255 255 0 0 0 41 163 255 0 254 255 0 0 0
    255 255 255 255 244 255 0 213 138 255 0 120 0 0 158 255 255 0 255 0
    255 255 177 0 0 112 255 6 129 255 255 56 34 0 255 255 255 0 0 255 56
    255 0 255 70 255 0 255 255 188 0 255 255 255 0 0 0 0 255 0 244 0 0
    157 255 255 0 0 0 255 0 255 0 255 0 255 0 0 0 239 0 0 0 82 0 255 0
    255 255 255 255 0 0 0 0 0 249 255 255 255 255 255 0 0 0 255 255 255
    0 255 0 255 232 255 0 207 255 0 0 255 255 255 0 0 0 255 255 255 0 0
    0 255 145 255 0 0 0 255 255 255 15 0 0 113 79 255 0 0 0 0 0 0 0 0
    255 0 255 0 255 0 0 0 255 255 255 255 0 166 255 0 0 0 0 255 255 255
    162 0 255 75 13 255 0 140 0 255 0 0 255 0 0 0 255 255 255 0 255 0
    255 0 255 0 0 0 143 255 0 255 255 255 0 0 0 0 155 0 255 205 255 0 0
    0 255 0 255 64 0 0 255 0 255 0 255 209 255 0 0 187 33 0 255 0 255 0
    255 0 63 110 0 221 255 0 3 255 255 0 255 0 255 0 250 0 255 0 178 255
    0 255 255 168 255 255 160 255 0 0 121 255 255 238 0 255 0 255 203 0
    0 219 255 0 0 0 255 99 0 234 255 0 255 181 255 0 255 0 0 0 255 237 0
    0 0 39 0 255 229 255 0 255 255 255 255 255 0 167 0 0 0 0 255 99 255
    255 0 15 255 255 0 0 0 128 255 255 152 0 255 0 255 255 0 0 255 255
    180 0 255 0 255 255 176 185 0 255 0 61 255 225 43 13 0 0 255 0 255 0
    0 255 255 255 0 0 0 180 255 0 0 62 255 101 0 136 255 255 255 255 0 0
    0 140 0 188 255 0 255 164 80 0 123 0 255 0 255 255 255 255 255 0 0 0
    0 30 255 255 0 255 255 0 255 0 255 0 255 255 187 0 154 0 255 0 0 255
    0 250 0 255 0 0 0 255 255 0 0 255 183 0 255 255 0 238 255 255 255
    255 0 147 255 255 255 141 255 0 0 20 255 255 0 0 0 255 0 255 17 0 80
    0 106 0 107 255 255 212 255 255 255 255 255 255 255 255 255 0 255 0
    255 0 255 0 255 0 0 0 255 119 255 255 0 28 0 67 0 255 255 0 0 0 255
    174 0 88 78 0 0 0 255 230 255 0 102 0 255 255 74 0 0 255 138 255 0
    255 0 134 118 0 52 255 255 255 255 94 197 0 129 86 255 255 0 0 0 255
    255 0 71 0 255 255 255 0 105 0 255 0 255 59 76 161 106 0 0 0 255 255
    255 0 196 0 255 255 255 0 0 0 0 255 255 255 255 69 0 0 255 0 0 255
    255 0 0 0 0 49 57 255 255 255 0 255 255 255 77 255 255 0 255 255 255
    255 14 146 58 255 255 255 255 0 255 0 255 0 0 0 255 255 0 0 0 26 255
    255 0 0 0 255 0 255 255 255 0 139 0 0 255 100 255 255 255 0 0 244 0
    0 255 0 255 255 0 255 119 255 0 0 0 0 255 0 255 0 255 0 85 0 255 94
    0 255 255 255 0 0 255 255 255 47 0 255 255 0 0 0 255 255 0 0 0 255
    255 0 251 255 29 255 106 0 255 255 0 0 255 0 214 0 255 0 255 0 0 0
    255 140 255 255 0 9 0 0 255 62 255 77 0 0 0 255 255 255 255 0 0 127
    255 255 0 0 0 255 0 255 80 0 255 0 255 0 255 27 0 0 0 231 0 0 255
    255 255 0 0 0 252 255 255 0 255 255 255 237 0 0 0 80 255 255 220 0
    255 0 255 255 155 73 0 248 255 255 0 0 213 0 255 234 255 14 255 219
    255 0 0 0 255 0 255 255 255 144 0 9 0 255 179 255 0 255 255 255 0 0
    0 255 0 0 97 255 0 117 255 255 255 162 0 127 0 255 0 0 170 255 13 0
    0 0 227 0 255 0 255 0 255 255 255 255 235 255 0 0 0 255 255 255 0 0
    255 248 255 0 255 0 0 0 255 0 0 0 0 255 255 0 255 0 255 255 0 255
    255 255 0 0 116 0 255 255 255 0 0 255 140 255 0 0 0 142 255 0 255 0
    255 0 58 91 255 255 0 0 13 0 255 255 0 184 0 255 0 157 255 43 0 0
    255 255 255 255 0 159 0 112 255 255 255 28 26 0 255 255 255 255 0
    253 255 110 167 255 0 26 0 255 0 255 26 255 0 0 140 74 255 0 255 0
    255 20 211 239 163 255 0 255 0 0 0 190 0 255 0 255 0 255 0 255 0 255
    0 255 0 255 40 255 171 255 255 177 255 0 0 0 255 255 255 0 0 245 0
    255 255 255 24 0 255 255 0 63 0 0 149 255 255 255 0 0 0 0 180 0 249
    0 200 0 255 94 255 255 0 255 0 70 194 0 255 1 0 44 255 92 0 0 10 228
    255 255 255 255 124 0 122 210 255 0 84 0 255 255 255 255 255 0 0 0 0
    255 255 255 0 0 97 0 0 0 255 255 0 255 255 0 209 0 0 255 158 255 155
    0 0 100 59 255 0 255 255 255 0 0 3 58 0 255 238 0 0 255 0 255 0 255
    113 192 16 239 0 0 255 255 0 255 89 0 154 255 255 255 0 255 0 255
    255 255 0 0 0 37 0 255 255 0 3 0 0 255 255 255 0 0 0 255 52 255 0
    102 0 0 0 255 255 0 0 0 255 255 255 0 255 0 255 0 255 0 255 0 255 0
    0 0 255 0 0 255 0 0 255 255 225 120 21 245 255 0 0 0 255 233 255 0
    167 0 255 255 255 255 59 157 255 0 4 0 255 28 255 0 255 144 0 0 0 0
    255 37 255 0 216 0 255 255 255 91 255 0 187 255 255 255 255 255 255
    0 0 0 205 149 0 255 0 88 255 255 255 255 6 255 177 53 255 255 255
    255 255 0 0 46 46 199 255 0 0 0 255 255 255 0 62 0 0 255 156 255 0
    57 255 59 188 0 0 0 173 255 0 0 255 236 0 0 0 255 0 0 0 255 0 103
    255 255 0 0 0 0 0 0 255 0 0 0 0 255 255 255 233 255 255 74 255 255 0
    148 148 0 0 255 107 255 0 255 255 255 255 0 255 0 0 0 255 0 199 0
    255 0 0 0 255 0 0 0 255 0 255 211 0 0 150 255 78 0 0 0 0 255 0 85 0
    255 0 253 255 255 255 255 0 255 255 0 0 0 255 0 0 255 0 0 255 19 209
    0 0 255 255 255 77 0 0 0 255 255 255 0 0 255 0 246 0 255 104 255 0
    255 0 255 202 131 0 255 255 0 0 0 255 78 0 0 255 0 0 255 255 59 0 0
    255 255 255 6 0 255 255 0 255 255 0 0 0 0 231 0 154 255 255 255 0
    255 0 255 255 255 203 0 144 0 0 255 255 255 0 255 0 181 255 0 255 0
    255 0 178 255 0 255 0 0 0 242 255 255 255 0 0 255 255 255 0 255 0
    255 0 0 255 0 69 255 255 255 99 15 0 255 255 215 0 0 0 0 0 0 255 255
    0 149 255 255 0 0 0 0 0 241 255 0 255 0 255 255 255 255 0 255 0 255
    255 255 0 255 198 0 76 0 255 255 255 0 0 255 255 0 255 201 0 255 0 0
    255 0 255 0 255 107 255 0 189 255 0 0 0 255 0 88 0 0 255 0 135 231
    255 0 0 0 255 35 61 255 0 228 0 114 255 52 126 0 0 0 72 255 0 207 0
    59 157 46 255 255 0 255 0 243 255 151 0 255 255 0 118 0 0 112 0 56
    255 54 255 255 0 0 0 255 227 255 53 0 255 0 0 255 255 0 0 0 255 255
    0 255 0 255 0 250 0 255 0 255 99 255 0 0 255 0 255 0 255 255 255 255
    0 0 253 255 0 0 0 205 255 0 0 153 0 0 130 255 255 0 0 0 255 255 42
    255 0 255 0 0 180 255 255 0 0 0 255 255 255 255 0 0 0 135 0 255 0
    255 0 255 0 255 192 1 110 255 0 255 255 255 0 0 0 255 255 255 0 0 0
    255 180 0 0 255 66 255 0 0 0 0 255 247 255 51 0 138 0 0 255 255 0
    136 255 0 0 123 255 179 255 255 121 0 0 255 255 255 0 0 0 255 255
    255 181 157 0 255 0 255 0 246 0 255 0 255 217 0 0 0 0 255 180 255
    226 155 255 0 0 3 0 255 0 0 33 0 187 19 63 207 255 255 0 255 0 6 206
    255 0 255 255 234 91 0 255 55 255 255 0 255 0 255 0 160 255 255 255
    0 192 255 255 255 255 255 0 0 0 0 255 0 57 255 0 255 255 255 0 255
    255 0 0 0 0 0 0 255 255 255 0 0 238 0 255 255 0 237 255 88 255 0 255
    26 0 0 0 0 81 255 255 255 0 255 0 0 0 0 0 0 0 255 255 255 255 0 0 0
    255 239 0 0 255 255 0 0 255 255 255 0 255 255 255 0 0 0 255 154 255
    255 255 168 255 255 239 0 23 12 255 255 255 90 0 0 0 255 38 0 0 162
    0 255 255 255 0 255 159 0 37 255 62 99 74 0 148 255 255 0 0 24 255 0
    0 0 255 255 7 255 0 243 0 255 0 255 0 255 0 0 104 255 0 0 0 83 255 0
    0 58 255 69 171 0 0 255 0 0 255 255 255 255 0 0 0 0 255 0 255 255
    255 0 255 0 0 0 255 0 255 255 255 0 255 0 255 0 0 126 0 255 141 255
    255 0 0 77 255 255 0 95 0 232 255 255 255 0 255 0 255 255 255 44 255
    255 0 0 255 255 89 255 55 255 152 0 0 0 255 0 255 150 0 0 232 0 0 91
    0 255 201 255 0 0 0 0 0 0 247 255 0 0 255 255 0 0 166 255 255 0 0 0
    255 255 0 30 0 255 172 255 0 0 0 255 229 0 0 0 81 255 255 0 255 0
    140 0 255 27 255 0 0 33 255 255 162 255 0 0 0 255 255 255 255 0 0 0
    0 255 0 255 255 255 255 193 0 255 0 48 0 255 255 0 0 243 255 255 0 0
    0 0 154 0 208 255 255 0 255 0 255 190 0 0 255 255 255 90 84 255 255
    249 0 255 36 158 61 255 255 0 255 66 255 35 0 0 0 0 255 255 255 0
    255 0 0 255 253 255 255 0 0 0 0 0 255 255 255 0 36 255 0 255 0 255
    77 204 49 0 0 255 255 255 211 0 0 0 255 255 255 0 0 0 0 0 0 255 255
    255 54 0 228 255 0 255 0 95 0 255 0 255 0 216 0 255 255 190 0 0 75
    255 255 73 255 0 255 71 235 255 0 0 0 0 20 0 42 0 255 255 0 56 255 0
    0 255 0 255 255 112 0 0 30 0 0 0 129 255 255 218 255 255 171 0 255 0
    255 0 224 255 0 168 0 255 0 0 255 186 0 255 0 255 255 0 0 255 103 0
    0 255 255 254 255 0 190 0 0 255 158 255 114 15 0 0 255 255 11 9 0
    255 132 0 51 0 255 255 255 0 255 0 0 186 255 255 255 29 255 0 241 0
    255 0 255 0 255 0 255 134 255 255 255 0 255 77 0 255 0 255 0 46 255
    255 255 0 255 0 255 255 255 59 255 255 0 60 0 255 0 185 131 65 213 0
    255 0 0 255 0 151 255 0 0 188 255 255 0 255 0 0 0 255 255 0 59 0 255
    255 255 0 255 0 0 223 0 255 0 255 255 248 80 255 0 255 0 0 255 0 148
    77 255 0 177 0 149 255 57 0 0 255 0 255 255 255 255 42 0 255 0 255
    255 208 81 0 255 0 255 0 0 129 255 196 255 0 0 0 255 0 255 0 0 0 255
    255 93 18 16 0 255 73 255 55 0 255 0 255 0 255 255 255 0 0 0 69 209
    255 0 134 0 171 255 255 0 255 255 0 0 255 255 255 4 255 98 0 255 173
    0 255 91 0 255 255 0 255 64 255 0 0 0 0 255 0 255 255 83 0 0 23 0
    255 0 0 0 255 9 255 0 255 255 0 255 0 0 0 0 255 0 255 0 0 0 255 0 0
    255 255 255 255 0 255 0 0 37 255 255 19 0 0 255 255 0 255 117 255 0
    2 0 0 255 0 116 0 255 75 255 0 135 175 0 85 0 0 0 0 255 62 255 0 0 0
    255 255 0 255 0 0 0 17 246 255 255 51 0 255 228 0 0 255 255 255 0 0
    14 255 121 255 255 105 0 0 255 255 255 255 57 255 0 0 0 255 0 0 255
    206 240 153 0 180 255 145 0 0 0 255 255 255 255 0 134 255 255 255
    255 0 0 255 255 255 242 255 0 255 0 255 0 255 255 0 0 0 224 56 17 10
    0 255 255 0 255 0 255 0 255 0 0 0 0 255 0 255 0 255 0 255 0 0 63 254
    255 0 255 255 45 0 194 0 0 0 255 255 255 0 255 255 199 80 0 255 255
    255 0 0 255 120 255 14 0 0 0 0 255 255 255 0 0 0 0 0 255 255 55 79 0
    0 163 255 127 0 0 0 82 0 255 0 255 0 0 255 255 83 38 168 0 255 255
    255 255 0 255 0 255 0 22 255 0 0 255 189 0 0 255 176 13 115 255 0
    111 0 189 255 205 255 0 0 0 33 255 85 255 190 95 0 0 255 255 0 255 0
    0 0 255 145 255 0 255 0 0 0 0 255 255 0 255 0 255 0 255 47 255 255
    255 255 0 0 0 255 0 108 0 255 0 84 255 255 255 252 0 65 0 255 0 0 0
    255 0 255 255 255 255 0 167 161 215 0 0 255 0 0 0 170 190 0 255 0 0
    0 255 255 255 151 255 255 255 96 255 255 1 0 0 0 255 172 75 4 0 0
    233 59 255 78 0 255 0 0 118 0 0 0 0 0 103 255 0 29 147 255 255 255 0
    142 0 255 0 255 0 255 0 0 0 0 255 255 255 0 255 90 0 0 0 255 255 0
    47 42 0 255 255 0 0 0 255 70 255 255 147 26 122 255 0 125 0 255 0
    255 0 146 0 255 0 0 255 184 255 0 88 255 255 0 255 0 255 0 4 0 255
    255 255 0 255 57 201 255 255 255 0 0 32 255 255 255 0 0 0 19 230 255
    79 0 0 189 255 91 0 255 255 119 0 0 255 107 244 255 0 255 178 255 0
    200 0 255 255 255 0 0 255 0 255 255 0 0 1 217 255 255 255 0 0 0 255
    165 255 51 0 0 0 255 0 0 255 0 255 0 255 219 255 0 255 0 255 0 39
    255 255 125 0 47 236 68 255 255 255 0 0 0 255 25 200 0 255 0 0 0 255
    255 0 255 0 0 16 0 255 160 167 0 255 255 255 255 255 0 255 255 0 255
    0 255 0 0 0 255 0 0 94 255 90 255 255 255 255 58 0 0 0 255 255 0 69
    41 0 4 255 0 255 0 91 0 255 201 255 58 60 57 255 0 255 0 240 255 255
    255 0 0 0 255 255 0 0 0 66 91 255 81 255 255 0 255 255 255 255 255
    255 30 92 54 255 255 0 0 0 219 255 110 0 0 0 0 0 255 0 255 255 255 0
    234 0 0 0 255 95 103 255 0 255 255 255 0 0 255 255 255 0 255 45 0
    255 0 255 255 63 0 255 0 255 0 255 0 0 0 255 159 0 0 0 43 255 255 0
    255 0 223 255 255 0 11 135 255 234 0 0 47 255 255 0 84 255 0 197 0
    255 255 0 0 0 0 255 255 255 255 0 0 0 0 255 37 7 0 255 0 255 255 255
    255 255 19 255 0 0 83 0 0 255 255 36 0 255 157 135 255 147 0 255 0
    255 194 255 0 255 0 0 0 0 255 0 0 255 0 255 0 255 0 127 255 0 255
    225 255 0 30 161 255 0 255 105 255 0 255 255 255 255 251 255 255 0
    255 0 255 255 255 255 0 0 0 0 255 188 255 0 0 255 0 0 255 0 255 0 0
    255 255 255 0 255 11 255 0 0 117 255 255 255 255 0 0 0 255 255 255
    255 171 255 46 0 0 152 255 0 0 0 55 255 255 255 0 255 0 0 255 183 68
    0 255 255 132 0 0 68 255 255 0 37 0 172 255 255 0 22 0 255 0 255 0 0
    0 255 0 0 0 0 255 100 255 255 39 255 255 255 255 63 0 255 255 255 0
    132 255 255 0 0 0 0 255 0 255 0 255 255 255 0 255 0 255 0 21 255 0
    255 0 255 255 231 255 0 104 101 52 0 0 124 255 0 255 255 255 255 0 0
    255 0 255 255 255 0 255 0 255 65 0 255 7 255 255 255 255 0 255 0 255
    152 255 176 0 255 82 255 0 255 121 93 0 255 255 255 0 126 0 0 255
    255 255 80 140 255 0 255 255 255 42 255 0 72 0 255 255 255 245 0 255
    0 0 0 255 255 255 0 255 109 0 255 34 255 187 180 0 255 255 86 0 0 0
    255 243 235 23 193 255 255 255 0 0 255 0 255 0 255 0 255 0 255 0 255
    255 0 0 112 255 255 255 255 151 0 0 255 0 88 255 0 0 0 20 255 255 0
    255 0 55 255 255 0 152 143 255 0 255 255 0 0 255 255 0 0 0 0 255 0 0
    0 0 0 0 255 0 127 0 255 0 255 0 255 255 0 89 255 255 255 255 255 0
    255 0 255 0 255 255 255 255 0 0 4 0 44 0 255 255 168 0 255 0 171 0
    73 255 123 169 255 0 41 0 255 0 255 0 255 0 255 16 255 196 255 0 0
    255 255 255 255 0 0 0 255 255 174 111 0 0 255 255 255 255 81 0 144
    255 0 255 255 0 0 255 165 0 0 255 84 255 0 255 0 255 0 255 0 8 0 0 0
    202 0 45 255 255 25 30 0 0 255 0 255 255 255 255 116 168 0 110 0 155
    255 255 0 0 0 0 255 0 0 21 221 255 0 255 107 233 0 255 0 255 0 255
    255 255 255 255 0 0 0 255 255 109 255 0 255 0 255 0 255 0 255 0 84 0
    0 0 255 255 0 184 0 255 0 0 0 0 0 255 255 0 0 34 99 0 109 255 255
    255 0 0 0 255 255 255 255 255 0 0 255 255 255 41 255 202 0 0 255 255
    255 21 255 255 17 255 0 0 0 92 255 0 0 255 255 0 0 64 245 220 255
    255 255 0 255 0 255 209 255 255 0 190 0 255 255 255 0 116 0 255 255
    0 0 0 0 255 0 255 0 57 0 255 0 219 122 248 255 0 208 27 255 255 0 24
    0 0 0 0 255 0 123 0 255 203 0 0 0 255 0 0 255 255 255 255 200 75 0 0
    0 0 137 255 255 255 137 255 255 255 255 144 0 255 255 255 0 255 0
    255 0 222 0 255 255 0 215 0 0 0 0 0 255 255 255 48 0 0 149 255 0 255
    0 255 0 255 255 255 255 255 255 0 255 0 32 0 255 139 255 0 0 252 0 0
    0 255 255 0 0 255 255 0 0 76 0 255 0 0 0 255 255 255 255 0 0 0 68 0
    35 174 255 255 255 0 255 255 0 0 0 0 0 255 255 255 0 0 255 255 0 0
    92 0 0 0 0 0 255 255 0 255 255 50 0 177 0 255 255 255 122 39 107 101
    0 255 255 255 0 11 0 220 0 234 27 255 0 255 255 92 0 0 0 0 201 0 255
    0 0 255 0 255 255 255 0 141 255 255 0 0 122 0 255 248 162 0 255 32
    189 0 255 0 204 0 158 255 209 0 0 255 87 0 0 20 0 0 168 255 255 0
    255 173 255 0 0 0 55 93 105 112 255 255 0 61 255 255 255 255 0 0 0
    255 255 255 0 0 255 60 140 0 0 0 255 0 255 22 0 0 148 255 0 255 0
    224 0 255 0 255 0 0 255 255 255 255 255 0 0 0 255 255 255 231 0 0 0
    84 255 0 27 0 255 255 255 255 120 65 0 255 255 255 255 0 230 255 0
    255 0 255 255 241 90 76 0 255 178 155 0 255 255 144 255 0 0 255 0
    255 255 255 0 0 0 0 38 255 255 255 255 36 0 0 121 255 255 0 0 171
    255 255 0 0 0 0 8 255 0 0 255 255 255 0 255 0 255 255 255 0 144 228
    255 0 255 175 0 155 0 0 0 41 255 255 20 0 0 0 48 255 255 0 126 18
    255 46 134 255 0 0 109 255 255 0 255 0 229 255 0 51 0 255 255 0 54
    255 0 0 255 255 0 57 16 255 0 0 255 34 255 0 62 0 0 255 255 0 189
    221 255 0 234 255 0 0 255 255 56 0 255 255 255 0 0 255 255 255 255 0
    70 255 255 255 228 115 255 0 255 255 0 224 80 255 255 0 0 0 255 255
    255 141 0 255 255 0 137 0 255 187 255 255 255 255 0 255 255 0 0 0 0
    255 0 0 255 255 0 185 222 0 255 0 255 0 0 0 184 0 255 255 255 255 94
    0 0 255 0 0 38 199 102 255 183 248 255 44 0 214 0 22 0 255 45 223 0
    255 255 255 0 0 0 0 250 255 0 0 0 231 0 255 255 255 0 0 0 201 0 0 0
    255 255 52 255 0 255 255 255 0 0 0 161 0 0 49 0 255 255 52 0 0 255 0
    0 0 255 255 255 218 255 141 101 0 182 246 69 0 248 255 4 255 0 0 255
    0 0 255 113 0 255 255 0 0 255 255 255 0 0 255 255 0 0 0 255 0 255 0
    255 255 255 0 255 0 0 0 0 12 255 255 255 0 0 255 0 122 0 255 255 11
    0 255 0 0 255 0 255 0 0 96 255 255 29 255 255 0 0 255 255 255 0 0 0
    0 12 255 255 248 255 0 255 0 255 0 255 0 0 255 255 255 163 0 255 0 0
    255 255 255 0 255 255 0 0 0 0 255 255 255 0 255 255 255 0 0 0 0 47 0
    255 247 226 0 255 0 0 0 0 0 0 0 255 0 255 255 255 0 0 255 209 0 0
    219 255 0 0 0 255 0 255 0 100 0 0 255 63 43 255 0 19 255 255 0 0 0 0
    255 255 255 0 255 255 255 255 0 89 0 203 255 255 255 0 0 255 255 0 0
    255 255 255 255 105 0 85 255 255 0 0 0 0 255 0 0 0 0 0 255 255 255
    255 0 255 255 255 255 0 97 255 255 0 144 0 0 0 86 138 255 255 65 255
    255 255 0 255 0 255 91 255 0 255 0 0 0 242 90 0 255 2 121 255 255
    255 200 0 0 0 85 213 255 185 0 255 255 255 215 0 255 255 255 255 0 0
    0 162 255 0 255 0 255 200 255 255 255 0 0 0 255 0 0 2 0 255 0 255 0
    194 117 255 255 255 0 255 255 255 0 0 0 0 246 255 255 255 159 61 0 0
    25 255 255 111 0 0 0 255 255 180 103 255 189 255 0 26 142 255 0 255
    255 0 0 0 103 255 88 255 229 0 0 0 0 255 0 255 0 255 0 0 255 0 255 0
    255 0 255 123 255 0 242 0 255 255 255 138 213 255 0 255 0 255 255 0
    0 255 255 255 0 0 167 0 255 255 157 79 0 255 0 255 47 20 0 0 0 255
    255 8 0 184 0 213 0 181 0 255 0 0 28 0 255 0 255 0 255 255 196 255 0
    0 0 255 0 255 0 255 255 59 0 0 187 0 255 255 135 0 0 255 255 255 0 0
    0 104 0 255 0 0 255 39 0 255 255 255 0 0 255 255 255 0 0 204 255 234
    203 0 0 200 0 106 0 76 218 0 0 0 152 255 0 0 0 0 162 0 0 255 0 255 0
    255 0 255 255 0 255 255 255 0 0 242 0 255 151 0 255 255 255 0 0 255
    66 0 0 0 17 255 158 71 174 0 255 0 255 0 255 0 255 0 0 0 12 0 253
    255 255 255 0 0 0 255 0 0 255 255 171 254 255 140 170 83 0 255 0 216
    189 255 255 0 138 0 255 72 255 0 0 0 255 147 255 0 255 52 255 255
    255 0 255 0 255 0 0 255 255 255 0 107 0 217 44 255 203 255 0 0 243
    255 255 0 0 255 255 43 0 0 122 255 163 255 110 74 255 255 255 67 0 0
    0 255 255 116 0 0 0 0 0 255 0 255 0 0 255 0 255 0 255 255 72 0 0 161
    255 0 255 255 255 0 0 101 103 163 0 170 255 126 255 75 0 0 0 255 0
    255 0 0 0 255 255 0 147 0 148 0 255 169 0 0 255 255 148 0 255 0 0 0
    223 0 0 255 255 255 255 255 179 0 16 255 0 255 255 0 0 0 0 255 255
    255 209 255 52 255 0 255 0 0 0 0 255 255 0 0 0 255 211 255 0 0 255 0
    255 0 255 0 255 0 255 0 255 255 255 0 0 84 0 71 0 228 255 255 0 163
    59 255 0 0 0 198 255 255 0 255 255 255 0 255 99 255 255 0 255 197
    255 141 255 0 0 0 255 255 255 0 0 0 255 255 255 255 255 0 233 0 255
    0 76 0 153 0 41 0 255 255 255 0 187 4 255 255 0 0 0 0 160 234 255 0
    43 255 255 0 255 0 255 0 0 67 0 143 0 255 255 76 255 0 0 0 255 255
    255 0 0 0 255 186 0 91 0 0 255 0 0 255 0 255 254 255 0 0 255 255 255
    42 0 0 0 255 255 176 0 125 107 255 0 255 0 0 0 255 241 233 0 255 0 0
    0 255 0 63 255 255 0 229 222 255 0 64 0 0 222 255 0 0 219 255 255
    169 255 84 255 216 255 255 255 0 0 138 255 255 0 150 255 0 255 255 0
    0 255 255 255 255 0 0 204 0 167 255 0 206 0 0 255 134 0 0 255 255
    255 255 0 229 0 0 255 117 255 0 255 0 103 0 255 0 255 184 255 255 6
    255 0 255 0 0 255 255 255 147 255 255 0 0 0 0 0 255 255 255 255 255
    255 255 255 107 0 0 103 255 255 0 0 0 201 255 107 0 169 255 255 255
    0 0 0 29 255 60 129 255 0 255 0 255 0 0 0 0 255 0 128 0 255 255 0 0
    40 255 255 0 175 255 255 255 14 0 0 0 255 0 0 0 0 255 255 255 255
    255 0 0 255 0 255 255 204 0 68 255 203 0 255 113 255 91 255 255 255
    0 0 0 255 255 0 0 255 116 140 255 255 255 0 255 5 255 0 108 121 255
    255 255 0 255 255 255 255 0 255 0 73 28 255 255 255 255 255 0 255 0
    59 0 255 255 255 0 137 255 0 37 0 0 21 255 255 0 0 255 85 115 0 0 0
    0 120 102 255 255 255 239 0 0 255 0 0 255 255 255 255 255 240 255 0
    255 0 0 0 126 164 0 0 0 255 255 6 255 130 0 0 0 255 0 255 201 255
    255 0 255 255 255 188 0 0 0 213 243 162 255 0 255 0 255 231 255 0
    255 0 255 166 0 255 0 255 0 0 0 255 255 0 255 0 0 0 255 138 255 0
    255 0 255 207 255 0 0 0 255 255 206 0 255 0 83 211 79 0 0 184 255
    102 255 255 255 0 0 0 255 255 255 255 2 0 0 255 255 203 0 35 255 255
    130 0 0 255 37 169 255 255 38 255 255 0 0 33 255 255 0 0 255 255 255
    255 0 255 0 255 255 255 255 0 0 0 255 255 164 0 255 255 255 128 93 0
    0 255 255 255 255 0 0 0 249 80 255 0 0 0 47 255 0 255 0 62 70 0 119
    255 0 0 0 0 255 0 255 0 0 255 8 169 19 0 255 255 0 255 41 0 188 0
    254 0 0 0 167 0 186 0 0 255 55 0 255 255 0 0 255 255 0 0 0 33 212
    255 0 0 0 88 255 0 234 0 255 255 0 255 0 242 0 255 194 255 216 255 0
    255 0 255 0 0 119 179 255 123 0 0 0 255 55 255 255 0 0 60 255 255
    255 255 0 0 0 216 255 255 255 0 0 255 97 0 0 0 255 255 0 255 0 255 0
    255 255 255 0 255 0 0 255 255 255 0 0 0 19 255 255 14 0 86 215 255 0
    0 54 255 0 0 232 182 255 255 255 15 255 0 62 0 105 0 0 0 84 255 255
    0 227 0 224 255 146 89 255 0 0 46 255 255 255 0 0 0 255 255 41 0 0
    255 103 152 255 255 255 255 0 0 0 35 255 0 255 255 200 255 0 0 0 255
    178 255 0 42 0 255 0 0 0 255 255 0 180 0 255 0 0 255 45 223 0 109 17
    255 0 255 0 0 105 0 255 0 0 0 255 255 255 23 255 0 87 0 255 0 231
    255 255 186 255 0 255 0 255 0 255 0 255 187 0 0 255 42 255 40 0 0
    255 255 255 84 0 255 0 252 0 255 255 255 45 0 0 164 0 0 252 233 255
    255 255 191 255 45 129 218 255 210 25 126 0 0 0 88 255 0 255 0 255
    145 255 0 124 255 0 255 0 0 0 238 255 205 255 0 255 0 213 0 0 255
    255 0 0 0 255 255 255 0 0 255 0 0 0 255 255 0 0 0 255 255 0 255 5 0
    0 255 255 255 255 142 0 255 255 255 255 0 53 190 0 0 0 255 255 178
    255 26 26 0 0 0 255 255 255 0 0 255 0 151 0 127 208 255 0 0 0 255
    255 0 0 0 255 255 255 59 0 0 0 208 242 255 0 255 35 255 0 0 0 0 0
    211 255 0 0 0 255 0 255 0 33 0 0 157 0 102 0 255 255 255 255 0 0 255
    255 255 255 255 0 0 0 131 0 67 255 255 0 0 255 4 0 255 255 104 166
    255 255 187 255 79 0 255 216 255 0 255 0 251 0 255 0 255 0 193 0 255
    0 58 0 127 255 64 106 0 0 83 0 0 0 59 255 255 255 255 0 0 255 0 255
    0 101 169 247 255 0 0 0 233 255 194 227 0 0 0 0 255 255 197 0 61 81
    191 255 0 255 0 214 0 0 255 255 0 0 71 255 255 151 0 0 255 255 0 0 0
    221 255 255 255 0 255 255 255 0 255 0 255 0 255 95 255 0 255 0 0 255
    255 0 255 192 255 255 255 255 199 0 255 0 135 0 255 0 0 44 255 255 0
    161 0 0 255 0 255 0 32 255 255 0 214 0 197 255 0 255 116 255 0 255 0
    255 133 255 0 52 255 0 0 255 0 255 0 5 155 255 143 255 0 255 255 0
    146 0 255 0 178 0 255 255 255 0 0 255 255 255 255 0 0 0 255 0 255 0
    0 0 174 0 255 0 0 0 255 255 255 0 0 0 0 118 255 0 255 255 255 255 0
    255 0 0 0 255 0 139 0 123 0 0 255 0 0 0 255 0 249 0 255 255 255 158
    23 0 255 255 0 255 0 0 0 0 255 255 255 255 0 0 0 0 0 255 0 36 0 228
    100 0 0 0 0 0 255 255 255 0 123 255 0 255 0 199 100 255 255 95 0 0
    255 0 255 255 0 74 0 0 255 255 0 0 0 255 255 255 255 0 255 49 153
    255 255 255 255 215 0 255 255 255 0 255 57 255 255 0 0 255 255 124
    255 255 255 68 255 255 255 150 255 255 255 255 0 56 0 255 0 255 255
    0 0 255 255 228 0 255 86 255 255 97 14 0 28 0 255 255 255 255 222
    255 0 0 111 255 255 0 255 0 255 0 46 0 232 187 255 255 0 255 0 255 0
    255 255 19 255 255 255 255 0 183 0 255 0 0 0 168 0 255 0 255 0 255
    17 255 255 255 126 0 0 0 0 252 255 255 255 255 0 255 47 0 0 0 255
    255 204 69 0 255 255 117 181 0 0 193 0 250 0 255 52 0 0 0 255 0 58 0
    255 255 255 0 255 255 0 135 0 0 0 255 255 255 0 255 182 0 208 0 255
    0 255 0 0 243 255 255 0 0 0 193 255 149 0 0 255 0 0 0 255 255 0 255
    255 0 121 0 255 255 255 255 255 0 255 255 255 255 0 0 0 255 255 255
    0 255 0 255 191 255 0 0 255 255 178 255 169 255 200 255 255 35 166
    194 0 255 138 117 255 0 0 0 255 255 242 0 255 0 255 0 51 0 255 255
    255 0 255 0 0 0 255 255 255 0 0 255 0 255 0 255 83 255 0 255 255 123
    255 255 255 0 255 0 70 255 239 255 0 255 165 83 0 0 11 201 255 0 255
    0 31 99 255 24 125 255 235 0 145 0 255 255 255 0 255 0 71 255 255
    255 255 67 205 194 0 0 170 123 255 255 255 112 0 255 0 255 255 33 99
    221 255 255 0 255 224 255 0 0 0 255 255 0 255 255 255 0 255 255 0 33
    85 255 36 0 0 129 255 255 255 0 0 255 255 0 0 0 0 255 255 255 255 0
    255 0 153 0 255 68 255 255 255 0 255 255 255 255 255 0 0 0 255 255
    255 0 255 0 255 255 0 0 226 217 255 0 255 255 255 255 0 0 255 255
    250 35 0 255 255 255 209 39 0 0 255 255 0 255 34 0 0 0 255 0 255 255
    255 0 0 0 255 149 0 0 255 0 0 0 255 255 255 0 0 227 186 0 0 83 0 0
    255 255 0 255 255 0 215 0 0 255 255 152 255 0 255 0 0 0 100 255 202
    255 229 0 0 255 0 255 70 255 255 255 255 255 0 176 0 255 255 0 255 0
    255 0 58 0 0 255 255 204 255 0 255 0 170 255 255 255 0 255 0 255 0
    255 0 0 0 255 255 0 255 255 0 222 190 0 7 0 212 89 11 0 0 18 0 0 0
    255 0 18 0 255 0 5 0 0 67 255 0 0 255 255 255 255 175 218 255 0 0
    255 0 245 171 0 124 0 37 24 255 0 255 69 0 0 0 0 186 255 255 255 0
    41 0 135 255 255 184 255 0 118 0 0 0 123 255 255 15 0 255 0 255 203
    255 0 0 255 0 239 0 0 0 0 255 0 0 255 255 0 142 255 27 255 0 255 0
    255 255 255 0 0 0 255 255 117 255 255 249 100 255 255 0 0 0 139 0
    130 255 99 97 255 119 0 0 0 255 255 132 70 255 255 255 0 18 255 255
    255 209 0 255 255 31 0 255 255 0 0 0 0 98 255 238 144 255 255 255 0
    0 0 0 0 255 255 0 0 100 0 51 0 255 255 0 0 0 255 0 0 0 255 255 255
    255 0 255 255 255 0 0 105 92 0 0 0 255 255 255 0 222 14 119 0 104
    255 255 0 0 255 0 215 0 255 255 255 137 0 0 3 0 255 0 0 255 138 0
    255 0 255 0 201 0 0 0 0 255 79 0 0 255 106 120 0 0 255 255 255 255 0
    98 0 0 0 200 28 238 168 255 0 255 0 255 0 255 0 255 0 255 255 180 0
    0 0 0 255 255 255 0 0 0 0 255 255 255 255 0 255 0 0 13 255 0 0 0 255
    255 0 0 255 255 255 0 0 0 0 255 255 255 255 255 0 0 255 0 255 141 0
    255 255 0 0 255 255 255 255 255 0 255 0 0 0 255 4 0 0 255 255 242 0
    0 255 0 255 168 0 0 0 255 255 255 0 0 0 170 255 255 0 0 0 0 0 255
    140 255 255 255 0 150 156 255 127 0 255 255 87 138 255 255 192 0 0
    170 21 255 0 240 0 0 0 255 223 0 233 244 255 255 255 79 0 44 34 0 0
    255 98 255 93 0 99 255 255 0 255 255 239 0 13 255 62 0 0 0 0 0 255 0
    255 0 255 255 255 0 255 0 186 0 24 23 0 0 0 0 254 113 106 71 246 41
    182 52 0 0 36 0 0 255 255 248 0 0 165 255 255 0 255 255 255 0 0 255
    221 0 255 0 255 255 0 255 0 24 99 0 0 255 255 255 255 0 0 0 0 255
    254 0 0 161 255 255 255 0 255 255 255 0 255 0 255 0 206 0 184 255 0
    0 255 255 85 0 255 0 255 255 0 219 0 255 148 255 0 33 105 255 0 0 0
    0 17 255 255 255 242 0 0 0 255 144 255 213 255 255 116 255 0 255 32
    255 0 255 0 0 255 255 255 0 0 109 255 0 0 255 0 255 255 255 255 0 0
    0 255 0 255 45 255 0 0 0 255 139 0 0 247 0 0 25 24 0 252 140 255 50
    0 49 183 255 255 0 69 0 255 255 255 181 0 0 73 255 66 255 255 246
    255 0 0 255 255 0 0 0 21 255 255 0 243 0 255 0 0 0 0 255 255 77 0 0
    0 255 0 92 0 255 0 255 0 99 255 255 99 255 0 255 255 188 174 172 88
    239 255 255 2 255 0 58 232 255 255 255 255 255 34 0 255 0 255 0 255
    255 255 0 0 255 255 1 0 0 0 0 255 0 249 255 255 0 223 0 255 255 255
    255 0 255 255 255 0 132 41 255 0 255 0 255 0 0 0 215 48 255 255 255
    0 0 255 0 255 0 0 255 255 255 255 0 0 231 255 192 255 0 0 0 255 255
    0 255 255 255 255 0 255 0 0 0 140 0 255 255 0 0 0 255 0 215 171 255
    255 0 0 255 255 255 0 255 0 241 0 255 0 107 255 0 0 51 255 0 0 255 0
    255 0 0 0 255 255 0 0 0 255 255 255 255 0 0 163 66 255 0 255 0 255 0
    255 0 0 225 255 255 204 0 255 0 0 0 255 255 255 255 0 0 255 255 255
    255 255 0 255 0 0 0 255 255 255 0 0 0 255 149 255 192 0 0 0 0 0 255
    255 32 238 0 255 0 255 187 255 0 0 0 180 255 213 255 255 0 255 0 0
    169 255 223 207 0 255 154 191 0 255 255 255 0 0 0 0 255 0 104 255
    255 0 0 0 255 27 0 0 255 255 255 14 0 0 255 0 0 0 0 254 255 255 64
    255 255 255 0 235 0 64 255 0 255 0 255 255 20 255 0 255 40 255 82
    111 13 0 255 255 35 255 0 255 0 255 137 0 255 192 90 0 255 255 255 0
    255 181 255 255 80 255 0 255 0 255 124 93 255 255 255 0 0 0 0 255 34
    255 255 106 0 0 255 255 255 16 0 0 0 255 153 110 0 255 255 112 255
    90 0 19 255 255 0 255 0 255 0 0 0 255 255 255 0 30 0 255 255 255 0
    255 255 0 0 0 181 0 224 0 255 172 255 0 0 255 255 255 0 255 174 255
    0 0 0 251 255 0 0 0 255 110 255 255 151 43 235 255 0 255 75 5 255
    255 0 0 255 255 0 0 255 0 255 255 255 0 255 75 147 0 255 0 255 0 0
    86 255 255 106 255 0 255 0 255 0 0 0 255 255 0 0 13 178 255 255 255
    0 0 255 0 255 27 255 0 255 255 255 255 255 255 255 97 0 0 255 0 0 0
    0 76 180 0 255 255 171 0 127 0 255 255 255 33 0 255 25 255 73 255 59
    255 9 0 0 255 255 192 154 208 255 0 255 0 255 255 0 147 227 0 0 255
    255 11 0 118 255 0 0 255 255 255 178 172 255 255 255 0 0 255 0 255
    255 219 0 9 50 255 255 255 0 255 0 233 252 255 255 190 255 0 255 0
    126 255 0 255 0 0 204 129 0 255 255 255 255 0 255 0 0 255 255 0 255
    0 255 0 0 0 241 0 255 0 0 0 136 255 0 0 255 255 192 0 0 255 255 203
    0 0 255 16 255 0 0 0 255 70 255 255 255 0 255 255 255 241 255 0 255
    0 0 0 255 255 255 255 255 255 10 0 100 157 0 255 0 255 0 255 0 0 180
    60 0 68 255 0 0 0 255 0 255 0 193 0 255 255 19 29 0 255 0 255 255
    255 0 106 0 0 81 0 255 141 181 255 0 0 103 0 255 0 55 0 0 0 255 0
    255 255 255 0 0 0 255 142 41 0 161 255 255 255 1 0 255 255 255 57
    212 0 255 0 140 0 255 0 0 137 255 255 0 255 0 192 0 0 255 255 255 0
    255 0 0 0 0 198 0 255 194 0 0 71 94 255 160 0 255 255 255 255 255 0
    255 255 255 255 255 121 0 0 255 139 204 0 0 0 0 12 255 255 0 0 0 9 0
    255 0 255 0 0 0 0 0 0 221 229 255 0 255 0 255 0 255 0 168 255 79 0
    255 255 49 0 0 59 150 0 255 140 255 255 0 255 0 255 255 0 255 0 3 0
    255 0 0 255 255 255 0 0 255 0 0 0 255 255 174 139 0 255 67 255 79 0
    84 0 156 255 211 73 0 0 255 255 0 255 0 255 0 255 0 201 0 255 255 80
    0 124 0 4 0 255 0 255 255 171 255 0 255 0 246 0 255 255 0 255 255 29
    0 255 75 255 255 0 0 0 227 255 255 0 255 255 0 0 0 255 255 0 0 0 255
    255 0 0 66 255 255 0 0 0 0 0 255 255 255 255 255 63 46 0 255 0 255 0
    255 255 0 0 0 255 255 201 255 0 255 255 215 0 255 255 255 0 0 18 106
    0 255 0 0 0 255 255 255 0 162 121 255 23 255 57 0 0 255 0 255 0 0 0
    199 255 255 0 118 108 255 142 114 0 255 231 255 0 255 0 255 0 255 0
    255 0 0 0 255 17 234 0 207 128 80 0 14 255 255 255 184 255 0 165 157
    0 255 255 0 255 255 255 255 255 255 0 0 255 255 206 234 255 0 255 0
    0 255 251 255 0 255 0 0 255 0 0 255 255 255 50 214 255 23 174 205 0
    219 255 255 0 0 255 227 255 0 255 0 255 0 255 0 0 0 0 52 0 203 52
    255 255 161 255 255 39 0 0 255 255 255 120 154 255 0 255 0 173 0 255
    197 255 0 255 0 0 0 255 0 255 255 255 115 0 0 143 255 255 255 0 255
    0 255 0 255 0 0 255 255 255 255 255 0 0 43 255 255 255 0 0 209 255 0
    255 0 255 0 255 0 255 0 255 255 255 255 255 0 255 255 0 122 0 161
    115 0 0 255 255 255 210 0 0 255 0 255 45 0 217 0 255 255 255 255 0 0
    2 255 0 255 51 218 31 230 0 0 249 108 255 0 89 0 31 0 0 0 255 240
    255 255 255 255 255 0 255 0 255 0 255 0 0 122 255 0 255 0 255 255 0
    0 0 255 0 0 0 255 255 0 53 0 255 255 255 0 255 244 255 255 0 0 255
    86 0 255 115 255 141 255 255 253 0 255 0 71 5 255 255 255 0 255 0 0
    0 255 255 255 0 109 0 255 104 0 0 0 255 0 255 0 0 0 255 165 255 0 0
    0 255 23 0 0 0 255 0 96 0 0 20 5 0 0 255 0 0 149 0 255 0 255 77 0 0
    190 244 255 255 255 0 255 0 206 0 250 255 24 255 0 255 245 255 0 255
    255 0 67 77 255 255 0 0 93 255 255 255 0 0 0 88 0 0 255 255 255 0 39
    0 255 0 167 255 255 221 0 255 255 196 0 0 0 255 0 255 0 255 96 253 0
    0 255 255 62 0 0 118 255 91 255 210 0 0 0 255 255 20 0 0 0 255 44 14
    255 255 255 255 255 255 0 177 255 255 131 0 57 255 184 255 0 0 0 172
    255 0 255 0 0 255 255 0 238 255 0 255 11 255 255 255 253 0 0 255 255
    255 255 0 255 255 249 18 0 255 0 255 0 255 255 0 168 255 255 0 247
    255 206 255 0 0 255 0 255 0 255 255 255 219 0 0 255 0 0 0 255 0 255
    40 255 0 0 227 189 1 255 255 255 255 0 255 156 255 37 0 0 0 255 255
    255 0 46 255 255 0 0 0 0 0 255 255 240 71 0 255 49 255 0 255 137 255
    14 182 255 0 0 255 255 0 0 55 255 0 255 0 255 255 255 255 0 0 0 183
    0 0 0 255 0 255 114 75 255 135 0 198 92 0 255 255 255 255 255 255
    126 0 34 0 255 0 255 0 255 0 156 255 0 255 0 0 241 213 255 255 0 0
    146 0 255 255 255 0 0 0 0 255 255 255 0 255 0 255 52 0 0 255 255 255
    255 0 255 0 199 58 255 0 255 4 255 255 255 0 0 70 255 255 0 29 0 33
    0 255 0 255 143 236 255 255 255 0 255 0 255 0 255 0 28 0 221 255 255
    255 0 23 105 1 0 255 0 0 0 255 0 255 255 255 0 0 0 255 0 255 255 255
    196 0 0 0 255 255 0 0 0 255 255 255 135 255 0 255 0 255 255 255 255
    0 0 0 255 255 255 0 227 0 255 145 107 0 0 255 255 255 0 255 68 255
    185 255 255 0 0 0 255 255 255 0 0 255 0 255 206 255 0 0 0 243 255
    255 0 0 46 255 160 255 0 255 114 0 221 29 255 37 255 255 255 255 30
    46 255 255 0 252 255 255 0 0 63 255 88 0 146 0 96 0 108 0 255 0 255
    0 255 43 78 255 255 255 142 0 91 255 255 175 255 32 0 0 255 0 0 255
    255 232 0 0 0 0 180 255 255 0 32 70 0 0 255 225 138 0 0 255 0 0 146
    0 255 0 255 0 255 0 255 0 255 0 32 0 0 0 0 0 0 255 249 255 0 0 255
    31 208 255 0 0 0 255 255 255 0 0 0 0 255 255 201 0 210 0 0 255 255
    255 0 0 0 0 255 255 255 136 0 94 224 255 198 0 0 255 0 0 222 255 0 1
    125 255 179 0 255 229 0 0 255 255 255 0 0 255 255 255 120 0 255 0
    255 0 191 255 191 255 229 255 0 255 0 204 0 255 107 255 255 255 0
    255 0 255 219 0 0 0 255 0 255 0 222 255 0 0 0 255 143 255 0 101 255
    192 255 23 255 57 0 255 0 0 255 255 255 0 0 0 255 0 255 0 255 255 0
    0 0 185 255 0 0 236 0 123 6 255 255 255 0 0 232 255 191 255 255 0 0
    140 167 0 255 0 47 255 91 255 66 38 63 0 255 0 255 0 255 0 0 116 228
    255 0 0 0 12 0 237 151 255 255 255 255 255 152 0 54 255 255 255 0 0
    0 0 19 255 255 0 73 255 255 26 0 0 0 0 255 255 0 255 0 255 255 0 255
    144 255 0 255 113 0 79 0 228 0 255 0 42 255 0 255 208 255 254 0 255
    255 255 10 255 255 0 255 0 0 255 0 255 0 255 0 255 255 255 255 0 69
    0 0 59 192 255 255 255 255 0 255 0 255 255 255 0 0 5 0 0 0 255 255
    242 0 255 255 255 255 0 130 21 255 255 255 255 0 255 0 0 255 255 0
    134 255 255 231 72 255 0 0 0 0 0 255 255 247 255 255 213 0 0 0 0 255
    0 207 91 22 0 0 189 255 0 255 0 255 0 185 255 237 0 0 0 255 255 255
    0 9 0 0 0 255 255 255 0 0 255 255 0 227 0 178 255 255 255 0 13 255
    255 25 0 0 233 0 255 255 255 7 210 0 0 32 170 255 255 247 0 255 0
    255 25 109 255 127 255 255 255 255 0 179 0 0 255 0 255 0 0 0 0 0 227
    255 0 0 0 255 255 255 0 255 255 0 0 255 255 231 0 0 255 237 0 43 117
    130 255 0 255 25 255 0 255 92 185 0 255 0 7 0 124 255 0 48 0 255 41
    2 0 0 14 255 68 255 0 0 0 0 255 255 255 237 0 0 255 0 140 161 255
    255 0 255 255 0 255 0 0 0 255 255 44 255 255 255 0 0 255 0 255 0 0 0
    0 255 255 0 202 0 162 255 255 0 0 0 0 255 255 255 255 0 0 0 0 255 0
    255 49 162 255 0 0 64 0 247 255 171 255 0 238 158 108 223 81 0 0 0
    255 255 255 0 79 0 255 0 0 4 0 255 0 51 0 0 255 0 255 0 255 31 255 0
    0 0 255 0 0 255 255 0 0 0 0 255 255 255 127 255 0 0 0 255 77 255 255
    0 255 124 0 0 0 255 255 0 0 0 91 255 240 255 225 255 255 0 0 255 51
    0 255 31 255 25 255 0 255 0 255 255 255 0 255 255 0 255 0 255 0 91
    255 255 0 255 255 82 255 0 255 255 227 0 0 0 176 47 0 255 246 255 0
    53 193 255 0 0 179 246 255 255 0 0 0 255 255 255 66 11 255 0 0 0 0
    167 14 255 0 0 0 255 255 0 255 0 255 0 0 184 255 0 152 255 255 0 255
    0 255 255 250 0 0 255 0 255 255 255 255 0 255 255 181 0 0 0 255 255
    255 255 96 135 0 122 255 255 255 16 255 0 0 0 0 255 0 113 0 255 255
    247 0 212 255 255 255 25 255 0 24 0 255 255 255 0 0 0 0 255 255 255
    110 251 0 255 107 227 0 0 0 212 0 255 255 255 0 0 0 255 255 255 3
    255 0 140 0 255 255 255 0 0 124 209 0 255 255 107 0 224 206 255 82
    255 0 0 0 255 255 255 255 232 0 134 0 255 0 130 23 255 255 255 0 0
    249 0 255 255 0 0 0 0 0 100 255 255 255 255 255 0 123 255 255 255 0
    255 255 255 199 0 0 0 255 0 123 255 141 79 0 255 0 73 255 255 68 0 0
    0 255 0 193 255 255 255 1 93 0 255 255 158 0 0 0 255 91 255 255 0 0
    182 0 255 0 255 0 108 0 255 155 223 0 255 36 255 0 255 234 255 0 132
    82 255 0 0 0 185 255 255 255 0 255 255 255 0 241 0 166 255 153 255
    255 0 255 0 255 79 255 0 255 255 255 0 0 255 255 34 255 255 0 183
    255 0 0 0 0 0 255 193 0 0 0 255 255 99 0 0 0 255 255 255 0 255 231
    255 0 255 255 255 0 255 0 255 255 255 0 0 0 0 255 255 255 255 250 75
    110 255 15 255 255 255 0 0 0 0 255 0 255 255 255 0 0 255 255 255 255
    0 54 12 109 255 212 255 0 255 0 0 167 255 139 0 0 255 255 220 0 0
    255 0 255 0 0 0 255 255 0 0 0 255 0 64 78 255 0 0 0 0 226 255 255 0
    95 0 0 0 183 255 255 255 255 255 0 0 255 255 139 255 255 255 0 0 245
    255 0 0 255 255 255 255 156 255 192 47 0 0 58 202 255 255 80 0 0 251
    255 255 255 0 186 0 125 0 0 0 0 2 255 255 0 75 183 255 255 65 255 14
    0 0 50 255 255 255 0 0 137 201 255 255 255 113 0 100 170 136 255 0
    255 0 0 177 255 255 255 73 0 238 255 0 0 0 191 0 255 43 0 0 26 74
    255 255 105 0 103 0 0 255 255 255 0 255 0 242 255 183 255 0 0 0 0
    255 0 53 0 0 82 153 0 255 0 255 38 255 255 255 0 238 81 6 255 31 255
    0 255 74 255 255 255 115 255 205 213 0 0 0 255 0 0 0 255 255 255 0
    255 255 255 0 255 0 0 0 255 103 0 0 0 108 255 246 0 0 0 255 33 147
    113 130 0 255 0 0 0 0 255 255 0 22 0 255 197 255 0 255 0 255 0 255
    255 255 0 90 0 0 0 0 0 0 255 255 255 0 206 23 255 255 0 255 136 255
    255 0 0 164 0 0 0 255 255 138 255 157 255 151 255 0 255 255 255 255
    224 255 255 255 255 0 255 255 0 0 53 255 255 255 0 134 255 255 0 255
    255 255 255 0 255 32 0 0 135 255 0 26 0 0 255 0 255 0 255 255 0 255
    0 255 0 255 0 0 255 40 255 46 91 8 255 255 239 56 255 255 0 255 0 64
    255 255 255 0 198 255 0 255 0 255 255 0 0 0 1 25 100 0 0 0 255 0 255
    0 177 0 255 255 0 0 0 255 255 15 19 255 255 255 255 72 255 0 0 255
    255 0 0 255 255 76 0 83 255 255 0 0 107 135 157 0 255 0 255 0 255
    255 0 0 45 3 97 0 0 255 0 255 0 177 118 255 0 255 255 0 0 162 121 0
    255 0 255 169 0 0 255 0 0 0 36 255 14 240 20 19 254 255 0 0 0 101
    255 255 0 0 0 255 58 15 255 2 255 0 255 173 239 255 255 0 0 0 255 0
    93 0 0 0 0 216 255 0 255 0 0 255 255 255 0 255 0 255 255 255 0 0 255
    255 94 255 255 255 210 0 0 0 255 255 0 0 0 255 255 0 142 0 255 0 255
    219 255 255 0 0 93 99 255 255 0 0 255 255 0 0 255 0 255 0 0 66 0 255
    255 255 110 0 156 0 255 255 255 0 255 0 255 201 255 0 127 255 199
    255 255 255 0 0 0 255 255 255 0 143 0 255 255 0 0 0 226 255 255 255
    0 0 255 255 217 0 11 0 255 0 87 0 157 255 0 0 0 255 255 0 0 0 255
    194 109 0 0 0 0 0 255 255 102 0 0 255 255 255 0 255 79 200 0 255 255
    255 23 255 255 0 0 0 0 0 0 34 255 255 255 0 0 200 255 0 255 0 255
    127 255 0 0 0 255 255 255 0 96 255 0 255 0 255 137 0 0 0 127 255 255
    172 255 0 0 0 0 0 255 255 0 255 255 11 255 255 0 213 255 255 255 0
    255 0 34 0 255 0 0 0 255 255 0 0 0 255 0 0 255 255 255 145 0 0 0 0
    255 255 0 165 0 96 0 255 255 255 0 0 0 0 255 0 149 0 255 255 0 255 0
    255 0 0 255 0 72 255 148 255 0 41 255 255 0 29 191 255 255 0 0 196
    255 0 255 0 255 68 0 0 255 0 0 0 255 255 255 255 255 0 255 255 255
    255 255 0 0 0 79 255 255 0 255 0 255 0 255 255 255 0 169 0 116 56 0
    0 0 0 0 0 0 255 255 0 0 255 0 146 255 112 0 0 26 0 255 77 255 59 237
    0 255 255 0 0 0 0 255 0 34 237 255 255 255 255 0 0 0 0 255 255 0 255
    0 0 0 255 154 0 255 105 36 0 255 0 152 0 255 0 0 0 255 255 255 255 0
    255 255 255 255 0 0 208 0 255 255 255 0 255 121 0 21 255 0 115 0 255
    255 255 168 53 242 255 0 255 185 255 51 0 255 0 0 0 72 255 255 255
    10 0 0 0 255 255 255 0 0 0 255 255 255 255 0 255 0 0 0 145 255 255 0
    255 0 0 0 55 0 0 255 0 0 255 17 255 0 0 0 0 255 255 255 0 0 255 255
    0 0 0 186 255 0 0 0 255 160 255 205 255 255 0 191 255 255 0 229 0
    138 247 0 255 158 255 235 255 0 0 87 176 255 255 255 0 255 0 0 255
    60 0 0 157 255 255 255 0 0 0 0 255 0 255 0 255 118 0 87 0 255 0 0 0
    0 255 255 255 255 116 255 255 0 0 205 255 0 255 228 255 0 0 0 0 0 0
    0 255 176 255 31 8 255 180 255 0 255 0 185 95 0 255 255 255 0 0 0
    255 0 102 255 197 0 0 255 0 254 255 0 0 233 10 0 0 255 222 255 0 255
    255 255 0 112 255 0 0 255 255 255 0 255 255 0 91 255 255 0 255 0 255
    0 255 0 216 0 39 0 0 255 0 255 0 255 255 255 255 255 255 224 0 0 0
    255 255 255 0 0 232 255 0 0 255 255 255 0 0 0 154 255 255 0 0 34 60
    0 0 255 0 255 255 255 0 0 47 255 255 255 140 255 0 0 67 0 255 255
    255 0 0 0 255 255 204 0 0 255 255 255 0 0 255 255 255 0 0 0 255 255
    255 255 0 0 0 255 0 255 0 0 0 255 255 255 0 255 0 255 0 255 189 255
    0 0 148 132 255 0 255 0 255 0 0 255 0 255 0 255 0 27 255 255 255 0 0
    0 255 255 255 255 232 0 0 169 81 0 0 0 0 0 0 255 58 255 0 207 104
    255 0 0 255 255 255 0 0 0 255 255 255 255 0 0 12 255 114 0 126 255
    255 255 0 0 0 0 0 255 88 255 0 255 0 0 255 255 255 0 0 255 255 255 0
    148 255 255 239 0 0 255 0 255 227 0 0 0 255 255 139 0 105 0 154 0 9
    255 220 223 0 255 0 255 0 255 193 255 0 0 255 255 255 0 255 255 96 0
    16 0 232 228 255 0 0 108 255 255 0 0 0 83 255 0 255 255 255 255 255
    0 0 255 255 0 255 255 0 0 255 255 255 98 136 0 0 0 176 255 0 255 0
    255 0 255 255 255 0 165 0 193 0 0 0 192 255 255 0 0 0 0 255 255 255
    0 255 0 65 199 170 0 255 238 0 255 255 194 194 255 255 0 0 255 0 224
    255 0 0 140 180 0 72 255 0 214 0 255 255 0 0 255 255 255 0 0 0 0 181
    255 255 0 216 161 242 0 44 255 255 255 0 0 0 0 224 255 0 128 0 34
    172 255 0 0 0 255 255 255 0 255 84 3 0 224 255 255 255 0 255 0 165 0
    205 255 149 0 255 82 255 197 0 0 233 156 255 0 40 255 128 0 0 0 255
    255 0 0 0 255 255 0 65 0 255 255 255 255 0 74 0 255 0 255 0 255 0 0
    0 255 42 255 0 255 0 29 255 255 120 213 220 189 43 0 255 0 255 0 0
    255 255 0 0 255 211 255 0 139 255 255 126 31 0 0 255 255 0 255 255
    255 255 58 196 0 0 79 0 255 0 255 0 0 255 255 255 0 25 254 255 25
    255 255 0 0 0 255 0 255 255 109 255 255 255 0 0 169 0 255 224 255
    255 0 92 0 178 0 255 0 0 159 0 0 86 0 255 0 255 255 0 0 0 255 255
    255 255 124 0 166 255 255 213 93 255 255 255 0 0 0 81 255 255 0 0 0
    139 255 255 0 0 0 0 255 179 255 70 200 0 0 255 255 194 255 0 0 0 11
    0 181 47 255 255 0 255 255 42 255 0 255 0 255 0 0 0 255 16 255 0 255
    255 255 255 255 0 0 255 255 0 44 255 255 255 255 0 255 255 255 0 43
    0 0 236 255 255 0 70 255 255 0 255 156 175 56 0 0 255 255 184 0 0
    255 255 0 0 255 255 0 255 0 0 255 0 255 0 255 0 255 0 255 0 0 0 255
    255 255 0 113 0 0 195 0 86 0 255 255 255 76 255 0 255 0 255 0 23 130
    255 255 0 0 0 255 0 255 255 255 0 255 0 255 0 255 132 125 0 0 255
    101 0 0 0 180 47 15 0 0 0 255 255 255 255 0 255 0 61 8 255 255 0 255
    255 0 255 0 0 255 242 255 0 255 0 255 255 0 0 0 255 0 0 0 132 0 0
    255 179 0 255 255 61 0 0 255 0 0 0 255 0 87 255 0 0 56 0 255 76 255
    0 0 0 236 255 255 191 0 0 0 229 255 0 183 255 255 0 0 0 0 255 255
    255 0 0 255 0 255 0 255 255 215 255 255 255 0 0 255 255 255 0 0 105
    0 0 170 255 0 255 255 0 0 0 255 255 255 0 102 255 0 0 0 168 255 255
    0 255 255 255 0 0 0 255 255 131 22 0 0 255 255 255 0 0 11 0 0 0 255
    0 69 85 255 0 255 0 0 0 255 255 255 255 255 0 0 142 0 0 50 0 255 255
    255 255 0 0 255 255 255 245 60 0 0 0 255 255 255 0 0 255 255 0 0 255
    0 0 255 139 255 0 255 74 0 0 0 255 255 255 255 136 0 0 0 0 255 0 0
    255 255 125 0 199 236 255 255 255 255 0 0 0 0 255 0 255 255 255 0 54
    255 255 255 255 0 255 0 255 0 255 0 255 208 255 0 204 255 255 0 0
    255 0 255 0 255 189 225 124 0 0 0 255 0 255 0 255 0 134 69 0 255 67
    0 0 0 255 76 255 255 0 255 0 255 0 186 255 255 255 0 255 255 255 255
    0 255 0 255 0 140 0 255 0 255 181 255 255 0 255 255 82 0 0 234 255 0
    255 0 255 255 255 0 255 0 255 255 0 0 255 0 255 255 255 255 255 255
    0 0 255 214 255 199 255 255 216 0 0 216 255 255 0 255 0 255 0 255 0
    255 160 64 0 255 243 90 0 255 127 172 0 255 0 255 0 0 0 255 147 0
    254 255 91 0 0 163 255 0 0 255 255 0 21 255 255 0 0 0 0 255 0 69 0 0
    0 255 255 255 166 0 255 255 2 184 255 0 255 0 255 198 172 0 255 199
    255 0 0 0 0 255 0 134 125 255 255 218 0 255 0 57 255 170 80 255 255
    0 0 0 255 0 255 0 0 72 244 255 251 255 255 115 117 0 0 255 0 0 0 255
    0 0 255 201 0 85 255 101 255 0 0 244 0 0 0 0 255 0 255 0 0 0 0 119
    52 0 0 0 0 100 255 255 0 0 255 255 12 255 41 255 0 0 255 255 13 0 0
    0 0 255 255 255 0 0 0 255 255 77 0 136 255 141 53 0 255 241 255 216
    0 203 0 255 255 47 156 0 255 45 255 0 255 0 0 0 190 255 0 0 0 0 0 0
    6 255 0 255 0 255 0 255 10 255 255 255 0 255 171 0 255 79 255 170 0
    255 0 255 0 0 0 0 37 0 0 182 0 255 0 255 40 255 0 255 61 255 255 0
    255 0 0 0 55 255 255 255 0 0 0 0 0 255 255 0 255 0 0 255 255 255 0
    255 0 49 0 37 0 116 255 0 255 0 0 255 255 255 255 0 0 74 255 255 219
    0 0 0 0 255 0 255 255 0 0 188 0 129 255 0 0 129 255 255 175 255 255
    255 0 221 0 0 158 255 215 255 0 0 0 255 255 255 255 0 255 126 0 255
    72 255 180 15 0 255 0 0 255 255 255 0 16 255 82 255 0 255 255 0 0 85
    136 255 255 255 255 255 0 255 212 255 0 0 0 255 0 106 0 255 0 0 255
    255 255 0 0 0 255 0 255 255 0 0 36 0 172 0 255 255 146 255 0 177 255
    255 255 0 0 59 255 255 255 46 0 0 0 0 255 146 0 99 0 255 0 147 255
    255 140 255 0 0 0 255 255 94 255 0 255 255 192 0 0 0 255 60 255 255
    255 0 0 196 0 255 0 255 0 0 255 108 55 255 255 0 0 0 255 0 255 0 0
    238 255 255 76 0 0 0 250 255 0 255 255 139 0 0 255 137 255 201 255
    55 47 255 255 255 255 0 255 0 255 0 255 255 0 0 0 255 255 0 0 125
    183 255 0 0 255 254 88 255 0 0 255 255 255 255 0 0 0 0 0 255 255 44
    0 0 255 255 0 42 57 69 0 255 255 255 0 0 255 0 0 0 0 94 255 255 255
    255 0 0 255 255 255 255 255 255 0 255 0 0 0 255 255 61 0 91 0 0 255
    119 255 255 255 255 0 0 0 195 255 0 255 145 255 0 255 0 255 0 255 0
    255 0 255 255 57 255 49 166 0 0 0 0 255 0 255 0 255 0 255 141 17 0 0
    103 255 255 255 255 0 255 182 255 0 255 255 187 0 255 255 255 0 0 92
    98 0 0 0 103 255 0 0 255 255 0 0 0 255 255 0 255 255 113 0 199 0 0 0
    0 255 255 255 255 189 0 255 0 255 0 255 110 255 0 255 255 0 79 0 255
    255 0 0 0 255 0 0 128 0 152 72 0 255 255 255 0 0 233 137 255 255 97
    0 255 0 202 255 255 0 255 0 0 129 255 0 0 255 246 0 0 255 255 0 0 0
    255 255 255 178 40 255 255 0 201 255 255 255 0 0 0 0 181 0 0 0 255
    255 45 255 32 255 0 92 0 0 255 255 255 0 49 209 0 255 0 255 255 0 0
    255 255 255 255 255 255 0 0 108 0 0 0 255 0 255 255 255 0 255 255
    255 0 0 247 255 255 0 255 0 255 52 255 255 255 0 62 255 0 255 0 255
    255 255 142 255 255 69 0 146 4 0 154 0 250 0 255 0 255 183 0 255 0
    255 0 0 0 255 255 32 0 169 113 123 0 0 255 87 255 59 152 0 206 255
    255 0 0 255 255 255 49 0 255 0 0 255 0 0 0 255 255 0 255 255 135 255
    255 142 0 0 0 255 255 255 0 45 0 142 54 255 255 0 255 255 255 163
    255 0 0 0 20 255 88 106 0 255 255 255 255 255 0 0 0 0 255 255 0 0 0
    255 255 255 212 255 95 255 255 0 0 0 0 192 255 255 0 5 0 146 0 255 0
    0 255 0 0 102 255 255 0 255 26 164 0 40 63 0 0 255 255 199 255 192
    255 255 0 0 255 255 22 255 138 0 255 0 255 255 156 255 0 255 0 0 0
    255 0 255 255 0 146 59 255 78 106 255 0 255 255 255 0 255 0 255 183
    255 43 255 0 255 0 255 146 255 0 0 148 255 98 255 255 255 0 255 0
    255 255 88 0 0 0 255 255 0 124 255 255 0 0 0 0 163 255 255 146 0 255
    255 255 0 0 0 255 0 88 137 255 255 0 0 0 255 0 255 255 0 0 0 255 255
    255 255 251 66 0 0 255 255 255 0 0 70 13 0 0 255 0 0 255 6 255 189 0
    0 245 255 0 255 173 0 0 0 255 255 34 86 0 255 255 255 0 117 17 0 0 0
    255 255 255 0 0 0 75 255 255 0 0 0 115 0 12 255 148 255 0 0 0 255
    255 0 39 0 200 255 255 0 0 0 28 79 255 255 255 0 255 0 163 0 0 255
    255 255 191 0 0 255 0 255 255 0 0 255 255 28 87 59 255 0 0 133 255
    255 255 255 0 0 126 255 255 0 0 0 11 255 255 255 0 0 0 0 0 92 255 0
    0 255 255 0 0 0 255 255 0 0 23 255 255 0 0 255 243 80 255 0 240 255
    255 0 0 255 255 255 255 255 0 255 0 0 255 255 255 255 255 0 0 196 0
    201 148 0 255 255 90 0 255 0 125 0 255 255 255 55 211 0 0 95 255 171
    0 0 230 255 0 0 220 255 255 255 0 0 0 0 14 0 255 255 255 0 0 235 0
    86 0 0 255 255 28 0 0 255 255 113 239 0 255 0 255 255 0 0 0 255 103
    255 10 0 255 0 105 0 255 116 255 0 255 34 255 134 255 0 0 255 0 0
    255 255 255 186 238 0 255 0 255 0 255 0 0 0 255 190 255 0 152 0 54
    255 64 168 255 0 0 0 255 2 167 0 255 72 0 0 36 255 0 179 255 255 0 0
    255 255 255 255 255 0 0 6 0 255 108 0 255 255 0 0 0 166 231 0 0 0
    255 255 130 255 0 255 255 255 255 7 0 255 0 255 0 255 0 0 0 12 255 0
    255 255 255 0 182 22 255 170 0 0 255 255 83 0 0 0 255 255 255 255 0
    0 0 93 255 255 6 0 0 143 134 9 255 0 255 0 96 255 255 235 0 94 0 255
    255 0 0 0 255 255 255 0 0 0 0 255 0 22 255 255 0 202 255 0 0 255 94
    0 0 172 0 1 255 255 255 218 255 0 0 255 255 104 0 50 118 0 0 0 219
    61 0 0 255 255 52 255 0 0 0 0 255 0 255 0 255 191 255 107 0 255 255
    255 255 0 0 255 255 255 0 0 115 88 255 0 0 255 0 255 255 255 255 0
    255 255 0 0 226 255 199 0 255 255 255 255 255 105 0 255 0 255 0 255
    183 255 0 0 180 255 255 255 0 0 0 255 0 0 255 255 0 255 0 255 255 0
    255 0 0 0 0 0 255 255 255 255 208 255 0 0 0 0 10 255 255 148 0 194 0
    235 0 255 0 0 0 73 0 92 255 0 255 0 47 255 255 81 98 255 0 255 0 255
    0 0 0 0 255 0 255 0 0 246 0 0 218 255 0 255 255 255 0 0 0 0 62 0 44
    255 255 0 255 255 234 106 255 0 255 0 0 0 0 255 0 123 204 233 255 72
    255 255 255 0 0 0 0 255 134 95 75 0 255 0 0 0 0 255 0 255 0 254 255
    101 0 255 255 0 255 255 27 0 43 255 85 255 0 0 47 255 0 0 99 255 255
    255 204 0 255 255 255 0 0 255 0 246 0 255 255 60 80 0 0 255 0 0 255
    190 0 255 0 188 0 0 255 255 137 0 0 255 0 255 14 255 255 255 109 0 0
    0 255 0 0 0 12 255 255 112 0 0 0 255 255 255 0 0 0 255 0 255 0 0 0
    53 0 255 0 0 0 255 255 255 10 0 255 9 255 0 255 255 244 0 0 158 0
    255 239 255 0 202 205 255 0 161 0 0 255 0 49 0 255 255 0 0 0 255 8
    255 0 255 255 255 226 0 0 255 255 255 0 0 109 12 255 255 109 0 238 0
    27 53 255 0 255 0 255 81 255 0 0 0 255 0 0 255 214 255 0 0 20 255
    255 255 0 255 0 255 255 93 113 0 53 0 255 0 255 0 0 0 255 255 255 0
    255 0 255 0 0 255 68 255 0 255 0 255 0 255 0 255 255 156 0 0 0 255
    255 255 255 0 0 255 0 21 0 255 0 81 44 0 128 255 0 0 0 0 255 255 255
    107 0 0 255 0 92 0 0 231 255 255 255 254 0 0 0 0 0 255 254 0 255 0 0
    0 92 0 255 109 255 0 212 0 0 7 6 105 0 255 0 97 161 0 0 0 0 255 215
    141 3 255 79 255 0 255 0 255 0 255 255 0 0 128 0 0 40 0 0 255 255
    255 31 0 0 255 0 0 255 255 255 0 255 255 255 36 0 0 255 255 0 0 0
    255 255 199 0 255 255 0 0 0 255 238 164 255 255 255 255 0 75 0 12
    165 255 0 255 0 0 255 255 255 59 0 80 0 245 0 255 255 32 0 80 0 255
    255 255 45 0 245 0 0 0 255 255 255 0 72 0 255 255 255 251 255 0 254
    0 0 0 72 255 255 255 7 222 255 255 255 255 0 0 0 0 0 255 255 255 0 0
    121 176 206 255 51 0 149 152 214 255 0 229 255 0 255 0 0 0 255 255
    17 152 0 255 255 255 0 19 255 0 255 236 0 0 255 0 0 255 234 255 0
    178 255 255 0 0 0 255 255 255 0 0 255 69 0 250 255 255 0 0 0 255 255
    255 236 255 124 141 0 0 255 0 255 255 0 58 0 255 255 255 0 0 0 255
    255 124 59 8 255 0 255 139 0 255 0 0 248 255 0 255 0 255 0 255 50 0
    4 0 255 0 255 255 0 255 0 0 0 255 0 76 195 168 255 112 255 0 255 0
    255 8 0 0 0 255 31 0 0 255 255 255 255 0 0 172 255 255 0 255 0 0 0 0
    247 0 255 0 255 0 255 0 218 255 0 0 255 255 0 0 0 38 255 255 255 0
    255 255 255 194 0 20 255 255 0 18 0 0 0 0 255 223 255 255 146 0 0 0
    255 255 0 0 255 255 0 237 66 255 255 255 0 0 220 0 255 255 0 0 20
    255 255 165 0 0 194 255 0 255 79 223 126 0 255 0 255 255 255 0 0 0 0
    0 229 255 255 0 0 0 255 249 255 93 255 255 0 125 0 255 0 255 226 255
    255 186 191 0 0 0 255 0 58 27 255 0 89 255 0 255 0 255 212 255 35 0
    255 255 255 0 255 163 0 28 0 0 0 0 255 0 90 0 255 255 0 255 0 255 26
    0 0 255 121 255 188 255 177 255 0 255 0 255 0 0 0 30 0 0 255 0 255
    93 255 255 0 0 255 0 164 0 255 255 255 255 255 192 255 0 255 255 255
    0 0 107 184 255 255 255 0 255 0 255 0 138 97 255 124 0 0 0 0 104 49
    0 53 0 255 0 243 255 0 0 0 255 0 148 0 255 255 0 0 255 255 0 214 0 0
    120 255 0 255 0 0 0 255 255 0 255 0 247 255 59 0 0 255 255 255 0 255
    255 255 0 0 255 211 255 176 255 255 255 0 255 0 0 204 176 255 255
    255 33 0 171 0 255 255 255 0 255 0 0 3 75 255 255 176 0 10 255 255
    255 38 255 255 255 0 0 0 255 255 255 255 255 129 0 0 0 255 0 255 0
    255 255 224 110 255 255 0 0 255 255 0 255 0 255 215 201 255 0 136 0
    0 133 0 255 32 255 89 255 255 255 0 67 0 255 0 0 0 189 3 0 214 149
    255 0 255 255 21 0 255 201 255 255 0 0 0 255 255 229 0 0 94 103 0
    255 255 0 0 0 157 0 1 227 22 251 0 255 0 255 0 255 33 255 0 70 0 169
    198 255 0 255 0 255 0 0 255 255 0 137 255 255 222 0 0 0 0 255 0 241
    0 255 255 0 73 0 255 255 255 0 255 0 255 0 255 150 0 0 0 240 255 250
    255 63 0 0 255 0 255 136 255 247 255 221 255 255 255 0 255 115 236 0
    255 255 255 255 0 0 0 0 241 0 140 0 255 0 0 27 0 0 24 255 255 255 0
    255 0 0 0 255 255 255 0 124 0 255 117 255 255 0 13 0 0 0 255 255 255
    0 0 255 255 0 255 179 0 193 255 255 0 255 232 0 0 101 255 0 255 0 0
    0 0 0 255 235 28 255 96 0 0 255 255 255 0 255 255 255 26 0 0 0 0 0
    255 14 0 0 255 255 236 0 0 0 0 255 255 0 255 255 255 91 0 0 255 255
    0 0 255 0 210 155 0 255 0 255 255 0 255 189 255 0 0 41 0 0 19 255
    255 0 255 0 0 255 255 255 0 255 110 255 0 255 0 255 0 137 118 72 0
    82 207 255 0 0 135 255 0 0 255 237 255 255 255 0 0 255 255 32 42 0 0
    255 107 221 0 48 255 255 0 0 255 0 255 0 255 255 255 0 119 0 0 0 255
    255 13 66 255 82 0 0 0 255 255 175 255 255 255 0 0 0 255 255 255 0 0
    66 255 255 91 255 0 255 255 0 0 0 255 208 255 255 255 0 0 108 251 0
    0 255 0 255 126 255 0 0 0 255 255 255 255 0 55 0 255 110 255 0 0 166
    255 150 0 255 255 255 0 0 127 0 255 255 255 210 0 0 166 255 0 0 247
    255 255 0 0 0 255 255 0 255 1 255 255 255 4 210 0 22 0 0 153 255 0
    239 0 255 255 0 0 255 255 255 0 0 0 255 20 0 0 0 255 255 255 255 255
    255 0 83 0 0 0 255 255 255 0 0 0 255 0 0 255 255 0 0 0 0 255 255 78
    0 255 192 255 0 0 0 0 0 0 4 207 61 255 0 0 0 0 0 0 255 255 0 177 0
    173 41 0 0 240 0 255 166 20 0 0 205 233 255 255 101 0 0 255 0 255 0
    0 0 255 255 0 0 255 255 0 255 0 255 0 255 0 0 0 153 255 0 255 0 255
    166 0 0 86 255 180 149 255 245 0 0 0 0 255 255 98 255 0 0 255 0 255
    13 0 0 63 0 116 0 255 255 0 0 0 0 255 58 187 255 0 240 255 255 0 0
    255 255 255 0 116 255 0 0 255 0 70 0 255 255 0 16 66 47 74 0 0 255
    255 255 0 176 170 255 255 196 255 255 199 0 0 0 144 212 86 255 205
    255 255 0 0 0 0 255 255 255 255 255 174 255 255 0 255 255 0 0 0 36
    255 255 0 0 255 255 255 255 255 0 255 0 173 24 0 0 255 153 255 0 255
    81 0 47 0 255 255 0 0 0 255 0 255 110 244 0 0 0 0 255 251 255 0 0
    255 0 0 80 0 255 177 255 0 235 255 0 255 255 255 246 0 84 255 255 0
    230 0 255 152 255 0 0 0 255 124 187 255 255 74 0 0 0 255 232 0 0 255
    129 255 0 236 0 255 0 255 0 0 222 0 0 255 0 255 0 56 0 44 255 255
    255 0 62 197 0 0 0 255 255 255 0 255 0 255 25 255 176 91 0 255 0 0
    218 255 0 0 0 0 255 255 255 255 224 0 255 0 255 255 0 100 0 255 0 91
    255 255 44 0 255 0 255 163 255 255 0 0 0 255 0 0 0 128 255 255 255 1
    255 255 0 9 0 0 255 255 255 255 0 255 0 164 0 255 95 255 0 0 0 255
    246 0 0 0 255 255 255 255 131 255 255 255 0 0 255 0 255 20 255 0 0
    255 255 255 255 238 255 0 72 228 86 99 238 0 255 255 255 176 0 45
    255 0 0 104 230 255 255 255 255 0 0 255 201 255 0 255 11 255 255 0
    204 0 0 239 255 255 0 0 0 255 255 0 12 255 134 14 255 255 255 0 255
    255 0 0 0 0 255 255 0 0 0 255 255 75 0 224 29 0 0 255 0 52 0 255 82
    0 0 117 19 255 0 255 0 255 0 0 42 0 0 58 254 255 255 255 0 0 255 41
    255 5 255 0 255 255 255 0 0 0 155 255 255 255 0 0 255 0 255 255 255
    134 173 0 255 255 255 0 255 0 158 255 255 5 0 0 123 0 0 255 255 255
    255 0 255 0 255 0 79 0 255 255 255 151 211 255 120 0 0 255 140 255
    214 0 0 0 0 255 255 255 0 255 255 255 121 255 0 255 255 255 0 255
    255 0 207 255 255 255 255 0 0 0 0 255 0 255 0 255 255 0 0 255 255
    255 0 0 223 255 30 255 0 0 0 255 255 255 139 0 171 255 0 0 255 255
    255 7 255 255 255 0 12 0 255 0 255 255 0 0 0 255 255 0 224 77 0 25
    255 255 0 255 255 255 0 0 255 255 0 255 0 124 0 177 255 255 0 255
    186 123 0 0 0 255 255 0 0 0 255 0 0 0 0 127 0 255 255 255 255 0 71
    255 255 0 0 166 255 255 227 0 0 0 255 208 255 74 21 0 255 255 0 0 0
    143 255 255 255 0 255 0 0 255 0 255 0 0 255 0 0 0 255 255 27 0 0 61
    255 255 74 0 0 0 255 0 0 0 22 255 255 0 255 255 0 255 0 255 181 122
    68 0 255 255 0 0 255 0 186 230 255 255 0 0 0 0 21 0 255 255 210 25 0
    0 255 255 255 255 255 255 0 131 0 0 255 255 255 49 255 255 255 70 0
    0 255 0 255 255 0 255 198 0 38 0 123 0 255 255 0 190 0 255 0 52 0
    255 0 255 0 39 255 255 0 0 255 255 0 255 255 107 0 0 255 255 255 0
    255 0 0 255 255 0 185 0 255 0 0 0 253 255 255 0 0 255 0 0 255 255
    255 255 0 255 0 181 255 102 255 255 0 255 217 255 0 0 0 255 255 174
    255 0 0 255 255 132 255 0 0 0 0 0 0 33 255 255 255 218 0 255 251 0 0
    0 0 42 255 193 0 0 0 255 255 255 255 0 0 255 255 100 255 56 255 177
    0 0 0 255 43 255 0 255 255 0 25 255 238 255 255 255 0 255 0 0 0 0 0
    217 255 0 0 0 0 0 100 255 255 0 255 0 255 0 255 255 190 0 255 255
    255 255 0 0 0 0 0 255 255 255 0 0 32 0 255 0 0 155 255 0 0 0 255 122
    255 0 255 0 251 0 255 255 255 0 0 0 0 198 0 59 255 255 0 255 0 0 255
    255 255 20 162 227 157 149 255 255 0 0 255 0 33 255 0 0 147 255 239
    0 0 255 255 0 0 255 255 255 96 0 255 0 255 0 0 0 255 255 255 0 255
    195 0 0 91 255 255 32 134 255 255 0 255 240 18 0 255 217 0 210 171 0
    0 0 0 255 0 255 93 255 255 255 0 0 0 0 0 0 255 255 255 0 0 0 0 255 0
    255 255 0 255 195 255 0 0 0 255 0 0 113 255 255 47 255 0 255 0 0 153
    48 255 255 255 0 224 0 255 255 99 0 255 202 0 255 85 0 255 0 255 0
    255 0 255 246 255 0 255 255 19 0 0 139 204 255 255 255 0 255 0 62 0
    0 0 203 0 0 0 0 0 0 0 255 0 198 0 251 103 0 0 0 174 255 0 239 0 255
    0 16 0 255 0 0 255 255 0 0 255 255 255 0 0 255 0 47 255 255 0 0 0 47
    0 255 255 255 0 255 255 0 169 0 255 111 255 255 255 38 110 255 255 0
    255 255 255 0 170 255 255 0 120 0 154 105 255 48 0 0 255 0 255 73 0
    166 0 255 0 45 1 0 0 0 255 255 255 0 93 169 183 133 255 255 0 0 62
    255 153 255 0 64 190 190 255 0 255 0 255 10 97 0 255 0 255 255 255 0
    0 0 0 255 0 255 213 255 255 0 112 0 255 255 1 0 0 0 255 0 255 175 0
    0 0 255 255 255 0 203 56 255 0 0 255 0 0 0 134 0 255 0 61 0 255 0 12
    95 0 0 255 201 255 255 255 0 9 0 23 255 0 255 0 255 255 0 255 0 255
    255 255 0 0 255 255 255 0 0 0 0 255 255 255 0 255 255 224 0 0 240 20
    0 98 171 0 0 0 255 255 255 128 255 73 255 0 255 255 83 0 0 0 255 220
    0 0 255 255 0 0 0 255 0 68 51 255 255 255 123 68 164 0 255 0 105 0
    255 0 0 255 255 255 248 0 0 255 255 113 43 207 0 255 0 242 0 255 255
    255 0 0 0 255 255 8 0 0 255 124 70 0 0 255 255 255 0 255 113 0 0 255
    87 255 0 255 0 255 0 255 0 255 0 255 255 255 114 255 0 0 58 0 255
    255 255 255 0 0 0 43 255 255 63 53 255 255 0 0 0 255 255 255 255 17
    222 0 0 251 255 0 255 77 0 0 0 255 255 154 255 0 0 255 134 255 30 62
    0 16 0 255 255 255 0 0 0 0 0 255 255 255 255 0 255 0 0 0 247 217 255
    0 0 0 0 255 255 255 245 0 148 0 0 0 255 71 0 255 213 0 154 0 129 0 0
    1 131 0 255 68 0 0 0 0 255 105 255 0 0 255 255 0 0 83 255 255 9 0 0
    255 255 255 0 255 228 0 112 99 0 255 255 255 0 255 123 114 11 0 255
    85 215 255 0 11 255 0 0 0 255 255 199 255 57 0 0 0 255 0 255 0 36
    255 255 255 161 255 196 255 0 255 0 0 40 255 255 165 255 255 135 0 0
    255 250 255 255 255 0 0 255 255 0 0 0 255 212 0 144 234 106 241 0 0
    0 255 255 0 40 255 255 255 0 0 0 207 43 255 255 13 251 0 255 0 255
    255 255 255 0 255 0 245 255 0 255 0 255 158 0 244 0 0 0 255 0 255 0
    255 0 255 198 25 0 0 255 0 0 0 0 255 255 0 37 0 89 0 255 255 244 0 0
    0 0 255 255 255 0 58 0 255 255 255 255 37 0 255 255 107 230 0 0 212
    255 36 0 255 144 0 51 255 255 255 255 255 255 255 255 201 0 0 0 0 66
    255 255 255 0 0 0 255 255 0 0 0 113 255 0 255 0 255 255 255 0 23 0 0
    215 151 0 0 99 0 255 44 0 203 0 184 0 255 103 0 255 255 255 255 255
    255 0 0 142 13 0 255 255 0 255 255 255 255 0 93 255 255 255 59 0 255
    64 255 255 0 202 0 53 0 255 255 150 255 255 128 255 255 133 0 255
    255 0 0 37 255 255 255 0 255 0 255 0 255 0 67 0 255 255 255 255 34
    174 255 0 0 0 112 0 0 0 0 240 255 255 76 0 28 0 0 0 57 0 255 134 255
    255 255 0 0 0 216 255 0 60 212 255 0 206 255 255 0 255 255 255 0 0
    255 255 255 0 210 255 82 0 85 255 255 0 9 0 0 255 160 238 0 82 255
    255 25 166 255 255 74 64 151 128 110 112 0 0 143 255 255 255 255 5
    212 128 255 255 0 119 0 255 250 255 0 255 0 255 0 255 0 0 51 255 255
    255 255 255 27 255 0 255 0 0 0 248 255 255 0 255 26 174 0 255 255
    255 0 0 255 0 0 0 232 255 0 255 255 255 0 0 250 255 0 0 0 0 0 0 255
    255 0 227 0 0 154 255 0 155 255 38 165 0 0 0 0 255 0 255 0 186 0 46
    255 255 0 255 255 255 255 255 255 0 0 0 255 255 255 0 238 0 0 140
    199 241 0 255 94 255 85 255 0 255 0 0 255 255 61 0 0 255 115 255 0 0
    35 255 255 255 0 255 55 255 0 255 0 0 0 117 255 255 0 255 255 0 0 0
    255 0 139 255 68 0 0 255 100 255 0 246 0 183 255 255 51 0 0 255 0 0
    0 181 255 255 44 23 255 255 240 0 0 162 10 0 118 255 0 91 54 255 255
    255 132 0 0 255 255 255 196 0 255 175 255 0 255 54 255 0 0 0 255 255
    255 255 0 255 0 255 0 255 0 14 0 117 0 0 255 255 0 0 0 255 255 0 0
    255 255 255 255 0 255 0 255 255 255 0 255 255 255 255 255 255 65 0
    77 255 255 0 0 170 6 187 0 245 249 255 255 0 255 62 160 255 0 255 0
    0 0 61 255 32 0 0 0 0 0 168 200 167 255 0 255 0 0 182 255 0 0 70 255
    156 75 255 0 0 159 255 255 255 184 0 60 0 255 255 0 0 0 123 247 255
    255 255 56 0 176 0 255 0 117 255 0 255 0 85 233 255 255 255 0 0 0
    255 0 0 218 255 255 0 0 255 116 141 22 255 0 255 255 255 0 0 45 255
    255 255 0 0 0 0 255 0 255 0 255 0 210 0 0 0 255 255 255 255 0 0 88
    255 255 39 0 0 255 255 194 0 0 0 0 0 0 255 160 255 62 255 0 0 0 164
    255 0 255 0 0 204 0 144 237 255 255 255 255 114 196 255 0 0 0 255 0
    255 0 255 0 255 0 255 0 0 0 255 17 43 255 0 0 215 255 204 0 0 255
    239 0 149 252 255 255 255 255 0 255 255 255 0 255 0 0 0 255 255 0 0
    159 97 255 113 255 255 0 166 0 255 255 0 28 242 255 90 255 255 101
    255 0 0 66 0 255 60 255 0 0 161 95 255 101 255 255 255 0 76 0 162 16
    139 255 0 255 255 0 255 255 0 34 0 255 0 255 213 236 72 0 165 0 255
    119 0 38 0 255 255 77 0 0 0 0 255 255 144 0 0 75 228 255 255 255 0 0
    58 255 255 47 0 0 0 255 255 255 3 0 0 255 255 255 204 0 0 0 255 0
    211 255 255 255 155 99 0 0 0 255 255 0 0 255 255 255 31 0 0 37 255
    255 116 255 0 134 189 0 255 137 0 0 255 255 85 37 0 0 0 0 0 92 255
    255 255 255 23 255 0 0 255 255 0 0 0 0 255 217 255 255 255 145 0 0 0
    0 0 255 255 0 255 255 255 0 255 0 0 0 255 0 255 255 255 0 0 255 255
    255 255 255 255 255 255 0 0 0 0 0 0 180 0 8 0 255 255 255 191 255
    255 0 0 0 255 255 0 0 255 255 197 0 0 45 37 0 0 0 255 255 255 255
    255 0 0 5 0 217 33 255 55 255 0 0 0 236 255 74 0 194 127 255 0 255
    142 255 0 255 0 130 0 255 255 9 255 34 255 0 255 0 255 66 163 89 0 0
    255 255 255 39 0 0 0 0 255 230 0 215 0 0 236 255 255 82 35 0 255 0 0
    255 255 0 0 0 255 255 255 196 0 0 0 0 255 173 255 0 255 255 140 0 0
    0 0 0 255 149 0 0 0 255 255 0 203 255 101 255 249 71 0 164 189 255
    74 255 0 0 0 0 255 255 255 255 0 255 0 255 0 0 0 255 247 0 222 0 255
    111 255 0 0 0 255 0 255 0 142 0 0 255 0 5 0 183 0 255 255 255 0 0
    163 0 0 0 0 255 255 255 255 0 255 0 144 0 197 135 0 0 255 203 0 0
    255 0 255 255 98 220 255 0 255 255 0 106 255 255 255 255 124 0 255 0
    255 208 0 71 252 0 255 255 255 0 255 0 0 0 255 255 173 242 0 0 123
    255 0 0 255 0 255 255 255 0 255 0 0 0 0 255 73 0 0 255 94 255 0 0
    255 255 255 31 197 0 255 177 0 0 0 0 0 0 255 255 255 78 0 255 0 255
    0 255 0 0 150 255 255 255 0 255 0 255 0 255 0 255 0 255 0 255 255
    255 0 0 0 0 255 0 0 135 0 255 0 255 0 32 102 139 255 255 0 0 0 0 254
    255 255 0 0 0 0 5 255 255 0 0 0 139 0 0 0 255 158 107 0 0 0 255 5
    255 0 0 0 255 255 255 255 255 165 0 0 0 91 255 255 255 0 0 0 255 255
    0 255 0 0 255 27 255 255 207 232 0 255 0 175 251 255 175 160 93 149
    0 0 255 255 255 0 0 0 0 0 0 255 255 0 0 244 255 0 0 57 0 255 255 76
    255 0 0 255 255 255 46 255 255 0 0 0 13 255 0 226 0 0 255 255 0 0
    255 0 255 255 139 0 255 106 255 51 0 0 110 255 255 255 116 255 0 0 0
    255 255 0 46 0 62 255 0 255 0 255 255 38 0 255 0 0 31 255 255 48 0
    255 0 255 255 255 0 0 255 0 128 172 255 0 22 203 255 0 0 136 255 78
    255 0 255 255 255 214 0 0 255 0 255 157 0 64 255 0 255 255 255 221 0
    0 255 0 255 0 255 255 0 255 0 0 0 0 0 0 255 255 79 255 255 232 119
    112 0 255 0 0 255 255 255 255 0 0 255 0 0 255 0 0 0 255 0 255 115
    255 187 255 255 255 248 0 50 255 0 255 255 255 0 255 0 255 255 0 0 0
    189 0 74 0 255 255 255 0 255 255 255 254 38 0 140 0 255 255 255 75
    255 0 0 0 255 255 0 0 0 0 0 255 255 229 0 0 255 0 0 255 255 255 0
    255 255 0 0 0 255 0 0 0 255 246 0 0 255 255 0 0 0 255 255 255 255
    146 255 0 106 0 0 255 255 0 255 0 255 255 255 110 255 255 214 46 0
    255 0 186 255 255 0 189 0 140 255 255 215 255 0 0 0 255 104 255 91
    255 255 0 173 0 0 106 255 255 0 0 0 0 255 255 255 226 0 0 0 0 0 0
    255 255 255 0 255 121 236 0 105 0 0 87 255 163 31 255 255 105 255 0
    0 0 44 0 0 0 0 0 255 0 195 0 0 193 255 69 61 0 0 0 0 255 255 255 0 0
    255 0 158 0 0 11 232 155 0 0 0 46 255 156 255 187 255 255 255 0 49 0
    255 0 255 255 255 0 255 122 0 0 255 255 255 0 41 0 255 0 255 0 255 0
    0 0 255 0 255 255 255 224 0 136 255 0 255 0 255 0 151 109 146 0 156
    255 85 0 0 255 255 242 0 0 0 0 255 255 0 0 163 255 0 159 0 255 255
    206 182 0 0 255 207 255 255 50 255 0 0 255 255 142 0 77 255 255 0
    227 0 0 68 100 255 0 0 0 255 255 154 0 0 0 0 255 255 255 0 0 0 255 0
    255 0 255 97 255 255 255 255 0 255 170 255 0 0 0 0 0 255 255 240 224
    131 255 255 0 0 0 98 0 255 0 255 0 0 0 0 102 255 255 114 255 0 246 0
    0 180 198 0 0 133 255 255 255 0 62 0 0 255 255 0 255 0 255 255 0 0
    255 255 155 255 0 255 0 255 0 255 0 255 0 0 255 255 0 0 0 100 255
    255 156 255 0 254 252 0 7 0 0 255 0 255 0 255 0 255 0 0 0 255 180 0
    0 0 31 255 0 255 85 77 0 255 0 255 255 255 0 255 255 225 0 0 255 255
    255 0 0 0 0 255 0 255 0 255 255 255 170 255 39 0 255 0 0 255 255 0 0
    0 0 255 255 255 0 255 255 0 0 0 255 0 0 255 255 255 255 0 255 0 255
    0 57 190 255 0 0 0 255 0 0 0 0 255 255 255 0 0 0 22 239 0 255 89 255
    255 255 255 44 5 0 0 21 255 255 255 0 0 0 255 255 255 0 255 255 191
    255 0 255 0 0 255 255 255 0 0 0 255 0 255 0 59 255 30 150 0 0 98 255
    0 106 0 0 0 0 150 255 255 0 1 0 255 0 255 0 176 0 0 255 94 255 0 80
    0 255 255 255 0 0 0 153 255 255 255 255 0 255 255 255 255 43 0 0 0
    13 0 255 255 255 0 255 0 0 0 255 0 0 0 131 255 128 0 255 15 255 255
    136 0 255 0 0 255 255 0 0 59 0 214 176 70 0 142 255 0 0 255 0 255 48
    7 255 0 255 0 125 152 78 255 255 0 255 0 206 0 0 0 0 0 255 72 0 113
    0 255 0 0 0 255 77 0 0 0 255 184 0 0 0 255 255 255 0 248 0 255 148
    255 0 255 0 44 255 255 0 245 0 191 164 0 0 0 255 255 255 0 255 0 255
    0 178 255 0 255 0 0 0 255 255 0 156 0 0 0 255 255 0 0 255 255 255 0
    0 0 255 255 0 0 0 0 255 255 255 0 49 0 255 197 0 0 0 0 255 255 255 0
    255 0 0 0 194 255 255 255 0 47 0 0 0 0 255 75 76 145 165 0 0 0 211 0
    248 255 255 0 7 0 0 0 0 0 0 0 255 0 255 0 0 0 255 255 255 0 0 0 0
    140 0 0 0 0 0 0 0 255 251 255 255 255 255 255 255 255 0 255 0 150 0
    255 255 255 0 0 0 255 0 0 255 255 255 199 0 0 0 0 255 255 255 255 0
    0 0 255 255 255 0 255 0 247 0 255 0 255 126 255 0 186 46 255 255 203
    0 0 0 0 0 75 149 255 39 0 0 0 255 255 255 255 0 0 0 255 255 255 255
    255 0 114 255 55 0 0 255 194 255 193 255 0 0 255 255 255 0 0 0 197
    191 0 255 145 255 255 255 255 255 0 160 0 0 255 255 255 255 0 10 255
    0 155 147 255 255 159 0 0 49 0 255 255 96 255 255 0 255 255 255 255
    0 0 192 0 117 0 0 255 0 0 255 255 118 0 0 0 255 0 52 252 255 255 0
    92 255 255 0 99 255 255 0 255 255 255 255 0 0 0 128 238 255 0 255
    255 255 0 255 255 0 0 0 0 255 255 0 255 251 0 0 255 167 0 0 0 0 255
    255 255 255 0 255 0 255 0 67 0 255 0 255 255 0 0 0 0 255 0 255 255
    234 0 85 255 0 0 255 255 255 70 255 0 103 142 255 0 0 0 230 0 255
    255 255 0 25 63 255 0 0 9 0 138 0 255 0 255 0 21 0 151 241 0 0 255
    255 255 0 255 255 234 0 0 215 255 255 255 255 255 255 255 0 0 0 0
    173 255 0 79 255 255 255 0 42 0 255 112 255 255 0 255 94 255 0 20 0
    255 0 255 0 255 84 255 0 95 0 255 255 255 0 0 0 255 255 0 0 0 140
    255 255 255 255 255 255 0 255 0 0 0 255 0 0 78 192 7 0 255 27 255
    255 0 23 255 255 0 196 0 20 0 255 249 159 255 0 253 231 255 118 0 0
    0 32 255 255 255 85 0 255 0 253 255 84 0 0 112 255 0 255 255 207 0 0
    0 255 0 255 43 255 0 0 0 0 255 87 0 249 255 255 0 255 255 0 0 45 0 0
    255 0 0 0 255 255 0 0 0 0 172 0 255 22 143 0 167 255 255 0 255 219
    255 114 255 69 255 134 0 0 0 230 255 255 0 238 0 0 0 0 255 0 255 0
    255 103 255 0 255 147 0 255 0 255 0 0 209 37 238 0 255 58 88 255 166
    0 0 255 139 0 0 0 255 255 255 255 60 255 0 255 0 255 255 111 255 0
    255 255 255 255 180 255 255 0 0 0 0 255 255 26 0 0 255 255 0 0 0 0 0
    255 255 255 255 0 0 255 0 0 130 0 0 255 0 0 255 255 190 255 0 255
    255 0 255 0 255 255 255 0 255 255 255 0 0 149 255 0 255 0 0 0 128
    113 255 255 255 49 0 255 0 255 0 255 255 255 255 0 53 255 255 247 0
    207 255 255 0 54 0 255 29 0 0 255 255 204 255 255 255 0 0 81 219 0
    255 255 0 255 0 255 0 0 255 255 186 0 0 34 0 255 255 0 0 62 0 0 0
    156 229 255 255 255 206 0 151 0 0 0 255 0 206 148 255 0 255 0 0 112
    255 0 0 0 42 255 255 255 0 0 255 255 255 0 255 0 0 255 255 0 0 255
    255 0 17 0 255 255 0 0 221 255 255 149 255 255 0 21 0 0 0 255 255
    255 255 254 255 253 255 195 255 0 0 255 0 0 0 255 255 211 0 255 255
    255 255 0 255 0 0 0 255 255 0 0 0 0 0 255 255 0 255 0 234 0 168 0 40
    245 255 0 0 255 255 255 0 0 255 50 255 255 25 0 255 255 255 0 0 0 0
    255 239 121 255 0 0 255 0 255 255 0 255 0 20 0 37 255 0 255 0 0 0 0
    0 0 156 235 255 255 0 0 255 207 255 255 0 0 0 0 0 255 0 255 0 0 0
    255 140 255 0 254 255 0 0 0 255 0 255 255 220 66 0 255 0 45 255 54
    255 0 0 0 0 94 0 255 116 10 0 0 0 0 32 50 0 51 4 255 255 0 0 0 255 0
    8 0 255 0 255 255 255 255 0 0 85 255 255 0 0 0 255 255 255 255 28 0
    255 0 255 0 36 255 255 76 0 255 0 255 255 255 255 0 0 0 255 255 255
    0 0 255 255 41 235 0 255 255 0 255 0 255 157 0 255 255 0 0 188 0 255
    255 255 0 0 0 0 0 0 255 255 157 0 0 0 255 0 255 0 255 96 251 124 255
    255 0 0 146 255 255 0 23 0 0 255 255 0 255 54 255 0 0 0 255 255 255
    255 255 52 0 0 0 255 0 255 0 255 0 0 0 46 255 255 255 255 0 93 0 0 0
    0 255 255 255 255 255 143 0 255 0 255 0 255 255 125 0 255 74 0 0 255
    129 0 0 0 255 255 0 0 143 7 255 0 255 0 0 126 171 255 255 255 0 0
    255 255 255 255 117 255 0 0 255 255 0 0 108 0 0 0 107 0 255 137 28 0
    0 255 0 255 0 149 117 255 0 16 0 33 251 0 255 255 0 0 0 245 255 244
    0 241 217 0 0 0 255 0 0 0 0 255 255 0 12 0 255 0 255 0 0 0 140 0 201
    0 247 0 0 25 255 255 255 94 255 98 255 255 0 208 0 5 0 255 0 255 0
    255 0 255 255 255 0 186 0 255 168 0 255 9 255 255 255 255 141 177 0
    133 255 255 179 0 0 167 255 255 177 255 0 0 0 29 49 255 247 255 255
    99 0 0 228 204 0 5 188 79 255 135 63 255 255 0 0 174 255 10 0 6 255
    255 78 0 255 0 0 0 103 255 255 255 246 0 77 15 255 255 0 255 255 0
    249 0 255 0 0 7 255 255 255 255 0 0 0 255 255 255 255 231 251 0 255
    228 0 0 183 121 0 0 0 255 0 255 96 255 255 80 0 59 0 0 255 134 255 0
    255 14 255 142 255 0 9 0 255 39 43 255 0 72 255 255 219 0 0 0 255
    146 0 14 0 0 0 0 255 155 230 255 45 0 0 255 91 255 0 255 0 255 255 0
    247 0 255 212 255 0 0 255 255 255 255 255 0 255 255 255 0 0 0 19 51
    0 255 101 191 255 255 214 160 0 0 85 255 255 255 255 255 0 0 255 0 0
    0 255 26 255 0 144 38 202 0 0 0 0 0 190 255 255 21 165 255 255 255 0
    0 255 255 29 33 0 0 117 0 255 255 0 0 0 142 255 185 255 135 255 0
    255 230 0 0 255 255 255 0 255 255 255 0 255 86 39 255 0 0 0 255 255
    0 227 0 255 0 7 255 0 143 0 69 0 0 0 0 0 255 0 0 53 0 255 255 255 0
    255 0 0 0 255 0 70 255 82 110 0 223 255 0 200 255 76 0 255 255 255
    158 255 255 206 130 12 0 255 0 106 0 255 255 0 255 255 0 0 0 248 255
    242 0 0 255 108 15 0 0 255 255 255 0 124 255 0 0 91 0 0 0 255 255 0
    175 0 255 0 142 131 255 0 255 0 255 0 84 255 0 255 255 255 123 0 255
    255 0 255 0 255 255 0 255 139 255 0 255 0 255 255 255 75 0 0 98 255
    255 31 255 0 255 0 255 0 237 0 255 164 255 0 255 0 255 0 0 255 255
    255 0 255 34 56 0 255 255 255 0 0 255 0 0 0 37 255 0 0 0 0 255 255
    255 0 0 0 0 255 57 255 255 0 0 255 0 195 198 255 0 0 255 124 255 255
    255 0 255 0 255 255 0 7 0 0 0 74 255 0 0 255 0 0 255 0 255 0 255 255
    255 0 255 135 255 18 0 255 0 255 0 0 0 181 24 253 255 0 0 0 0 0 255
    0 255 255 0 255 74 255 0 165 0 255 255 255 35 0 0 0 187 255 255 0 0
    255 132 0 0 0 255 255 218 0 255 0 255 255 255 0 0 46 0 255 204 0 0
    22 255 255 0 0 0 118 0 0 255 43 255 0 0 13 0 0 73 0 255 0 74 0 0 255
    255 174 0 255 1 0 0 255 29 255 0 0 96 75 255 38 255 209 255 0 2 255
    255 255 255 0 255 255 255 0 0 134 255 255 0 255 0 96 255 0 255 0 0
    255 161 255 255 0 0 255 255 0 0 75 255 255 0 103 0 0 255 90 255 0 69
    0 34 255 255 0 0 0 255 0 0 218 255 255 255 255 0 0 0 255 0 0 0 0 255
    0 255 34 255 120 255 0 52 61 255 225 0 0 167 255 255 255 255 0 0 0
    231 83 226 0 145 82 69 255 19 20 255 0 0 0 255 255 255 0 0 94 0 255
    0 124 93 255 0 255 255 48 255 0 0 0 255 255 0 228 0 255 227 244 107
    0 91 0 64 255 255 255 255 0 0 0 0 0 255 0 0 0 12 255 255 0 0 0 0 255
    255 115 0 0 255 0 255 0 255 255 0 255 0 0 255 0 0 0 251 255 0 0 231
    255 255 0 0 0 255 255 255 0 15 136 250 3 163 255 0 144 0 24 195 17
    171 255 255 141 0 255 127 69 69 32 161 192 186 255 37 0 255 255 255
    0 255 0 0 0 255 255 240 0 255 195 255 0 255 31 255 255 241 0 0 0 255
    255 0 0 177 255 54 16 0 255 255 255 13 0 91 255 0 76 0 0 255 255 255
    0 240 255 255 0 50 88 0 0 0 255 134 173 255 255 255 255 0 0 0 0 0
    255 0 112 207 255 0 94 255 0 255 0 0 0 255 93 0 59 255 255 0 255 0
    255 0 255 0 255 0 0 0 255 210 65 0 255 255 255 121 0 0 255 0 255 0
    255 0 255 255 0 0 0 0 255 255 255 76 0 255 18 62 0 0 255 255 255 255
    156 67 255 0 230 255 255 255 255 255 0 0 0 255 0 255 4 255 255 255 0
    255 255 255 222 255 86 255 255 255 18 154 159 255 224 255 0 255 245
    0 0 0 255 0 255 0 255 81 0 0 0 255 255 255 167 0 255 75 20 0 141 255
    206 213 0 0 0 47 255 255 255 0 255 0 0 255 255 255 255 151 255 67
    200 0 255 17 255 15 0 219 255 255 255 255 0 244 255 0 255 255 0 108
    0 255 0 255 0 0 0 255 0 247 48 75 255 0 255 255 0 255 255 0 0 0 255
    0 255 0 255 68 67 0 255 0 0 0 77 255 143 230 0 17 0 255 255 255 255
    46 0 0 39 0 255 237 255 255 54 160 255 255 212 0 242 0 115 0 255 255
    255 0 0 0 0 73 156 255 255 255 255 167 121 0 6 255 154 243 0 0 255
    255 0 0 0 255 0 255 161 0 255 255 119 255 255 0 0 0 0 0 0 0 255 255
    189 0 0 0 255 0 255 0 0 0 0 255 0 255 255 255 255 0 0 255 255 255
    255 2 0 122 0 255 0 0 0 255 255 0 120 0 255 180 255 255 255 255 255
    0 255 255 12 255 0 255 0 255 0 255 255 255 0 255 255 255 255 0 0 0
    255 255 6 0 255 255 80 130 255 255 255 0 255 218 255 21 0 255 29 255
    0 0 150 255 255 255 255 255 155 0 0 0 255 255 0 0 251 255 0 0 0 0 0
    0 255 255 255 0 255 0 0 0 209 0 255 0 255 201 0 255 0 255 0 255 219
    255 255 0 0 0 255 255 251 23 255 255 255 0 0 0 174 137 255 0 0 255
    255 248 255 255 255 0 0 255 255 0 0 255 255 255 255 0 255 0 255 255
    255 62 0 255 161 0 0 221 255 255 255 255 0 0 0 0 255 255 255 255 14
    0 0 193 0 0 0 255 255 255 255 0 0 0 0 172 255 0 255 255 0 0 255 255
    255 0 0 0 255 0 162 0 255 193 255 255 0 255 111 0 255 194 255 0 0 0
    255 0 0 255 255 255 0 0 255 28 1 183 201 0 0 163 0 0 0 255 255 255 0
    0 255 0 0 255 255 255 0 255 255 255 255 0 0 255 255 0 68 150 255 255
    182 135 0 255 240 0 255 255 255 0 0 0 255 255 11 255 255 241 0 0 0 0
    255 255 0 255 121 96 0 0 4 255 255 255 0 0 0 255 255 234 0 0 255 212
    255 0 124 170 0 255 0 0 255 255 0 0 255 0 0 0 184 0 233 0 255 255
    255 36 0 0 255 255 0 141 0 0 255 255 255 255 80 0 255 255 0 0 255 35
    255 252 109 0 255 0 255 0 255 255 255 55 0 141 255 255 124 0 255 0
    255 0 255 255 255 0 0 255 0 0 0 255 255 255 255 0 0 218 0 255 0 255
    0 240 0 255 255 0 0 0 0 255 255 106 0 255 255 0 0 244 207 0 255 255
    255 0 239 143 107 255 255 0 0 0 255 255 0 126 0 219 0 0 105 120 143
    0 138 106 180 0 47 34 0 234 255 132 119 255 255 0 255 255 0 0 255
    174 1 119 255 67 0 3 255 255 0 255 0 255 255 210 0 0 0 5 255 255 0
    255 255 114 0 16 255 255 55 255 0 255 255 0 0 159 255 16 0 0 255 0
    255 255 147 0 0 0 255 255 0 34 0 0 255 0 0 0 255 255 0 0 51 255 255
    255 65 255 255 81 255 0 218 0 0 255 0 255 0 255 0 255 0 0 22 255 7
    95 0 255 0 255 0 0 255 0 255 216 198 0 0 255 255 255 0 177 78 0 0 0
    0 23 165 133 255 255 33 0 0 179 0 0 255 0 63 255 0 255 0 255 255 7
    216 237 0 238 255 0 255 0 244 255 255 255 255 255 255 255 0 209 0
    255 0 255 0 186 179 17 0 0 215 255 0 0 255 105 178 0 0 255 62 95 255
    0 54 0 0 5 0 255 0 0 0 255 214 193 0 40 96 0 255 255 255 255 0 135 0
    255 0 0 255 59 255 0 210 0 210 255 255 0 167 255 255 255 0 0 255 0
    255 255 116 0 0 255 0 118 0 255 0 255 0 255 182 255 224 52 113 0 255
    136 255 0 0 0 255 0 160 0 182 75 0 255 255 255 0 36 21 255 0 0 255 0
    255 255 255 0 82 0 255 159 255 71 0 255 0 0 98 0 0 94 255 255 0 0 0
    255 255 203 255 28 0 232 0 0 255 0 255 255 0 255 0 72 0 255 255 255
    255 175 0 0 0 16 255 255 0 0 0 0 178 255 255 255 255 0 0 0 0 255 255
    255 255 255 0 0 0 0 0 255 255 0 0 255 255 0 255 0 0 0 179 0 183 0 0
    255 0 231 255 255 0 0 255 255 0 0 0 78 255 0 178 242 192 0 255 255
    255 0 255 144 0 119 0 255 46 0 0 0 0 0 255 255 0 255 0 225 255 255
    255 0 255 140 0 255 255 255 0 0 0 123 115 242 0 217 0 255 90 0 175
    191 255 0 0 255 255 255 0 0 255 0 0 235 255 0 107 255 116 255 255 0
    0 133 185 17 255 0 0 255 0 0 255 255 255 0 152 0 255 217 20 0 255
    255 0 0 0 0 255 0 255 0 255 0 255 0 255 0 0 0 0 255 255 21 0 0 0 0
    255 255 0 0 20 255 0 54 0 0 0 255 0 0 255 255 0 82 59 0 0 0 0 255
    139 255 255 0 0 0 255 0 0 255 251 0 0 255 255 84 0 0 0 76 159 0 0 18
    255 0 49 0 255 255 2 255 207 255 255 255 255 0 0 0 0 0 255 177 255 0
    255 6 0 255 0 255 167 255 0 255 0 255 0 255 0 0 34 0 255 234 255 107
    0 0 255 255 44 0 0 255 0 88 0 255 255 255 0 0 0 255 255 0 0 255 255
    255 0 0 255 255 124 86 0 96 255 255 0 255 0 255 104 232 40 255 0 255
    0 255 255 0 0 0 255 0 255 205 85 68 255 0 0 255 255 255 238 0 255
    255 255 0 0 0 255 255 0 0 0 255 0 0 255 0 255 0 190 0 0 121 215 255
    207 255 0 113 0 255 255 0 0 21 255 255 0 255 76 255 0 129 0 2 0 0
    206 0 230 255 255 0 0 0 255 255 0 255 255 255 0 0 255 0 255 0 255
    218 255 255 255 255 255 0 92 0 255 255 241 232 0 0 0 255 0 167 0 255
    0 255 0 255 0 255 0 255 0 0 255 0 255 0 255 108 0 0 0 255 255 0 137
    0 183 0 244 223 0 0 255 255 255 0 217 255 255 0 0 0 0 0 188 255 255
    0 0 0 255 0 255 255 0 0 0 255 255 255 255 15 242 0 236 0 255 156 199
    0 0 0 0 255 0 255 0 0 0 106 255 0 0 30 70 255 255 255 255 66 234 0 0
    255 255 255 0 0 45 255 255 255 0 255 0 255 0 255 134 0 0 0 255 255 0
    239 255 140 0 0 0 255 255 255 178 76 201 4 255 255 255 0 0 0 0 255
    255 0 0 0 255 0 126 0 0 255 255 89 237 0 255 0 255 0 255 255 255 72
    224 0 0 0 255 19 0 255 0 255 255 255 255 0 0 0 255 255 255 0 0 93
    255 0 170 0 255 124 0 0 0 145 255 255 255 139 255 0 143 0 255 0 0
    255 255 255 46 255 255 255 0 255 0 0 61 255 0 255 0 255 255 255 0
    255 255 255 0 0 84 255 255 63 205 255 255 0 0 0 255 212 255 0 255 50
    136 0 255 144 236 0 79 255 0 188 0 255 0 0 241 255 0 156 0 0 255 255
    255 255 255 0 80 0 215 0 255 0 0 0 0 0 255 209 0 255 134 255 255 102
    0 0 0 255 0 0 59 0 255 0 255 0 255 0 255 255 0 0 0 0 255 255 255 0
    150 0 126 182 255 0 0 0 11 233 255 255 0 0 119 255 0 0 29 255 0 255
    0 255 0 255 0 255 0 255 0 30 255 255 255 0 255 0 0 46 0 255 208 255
    255 255 255 236 0 255 255 0 0 0 255 0 0 255 255 56 0 4 162 0 0 255
    214 0 255 0 255 255 255 22 255 255 0 255 0 255 146 0 0 255 255 255
    98 255 0 0 0 5 255 255 0 0 0 0 255 225 255 0 0 0 34 0 153 242 255 0
    255 0 175 0 254 0 255 255 255 35 0 0 0 255 255 255 0 0 0 255 0 223
    255 0 81 0 255 255 255 0 0 255 255 0 255 0 255 255 255 0 229 255 69
    204 0 0 0 255 255 255 255 0 0 255 0 255 0 0 255 255 255 255 255 83 0
    0 255 0 255 255 255 255 154 255 0 255 0 255 0 0 38 255 255 212 0 255
    167 0 44 128 168 255 174 0 0 255 255 255 255 255 255 0 0 0 149 125 0
    0 255 255 255 255 239 0 255 255 255 0 0 255 255 255 255 255 0 0 0
    255 75 255 255 255 215 168 255 0 56 255 255 228 0 255 255 255 255
    255 255 0 255 255 0 0 36 255 255 129 0 0 0 0 255 0 255 0 0 222 0 176
    255 205 255 0 0 71 255 255 25 255 0 255 9 95 0 0 0 0 255 255 255 0 0
    0 255 255 255 255 0 0 64 255 0 0 0 255 255 0 0 255 255 0 0 0 252 255
    255 0 174 255 255 0 0 24 203 255 255 0 0 255 255 0 0 137 255 0 120 0
    255 0 255 192 255 255 246 0 0 255 132 0 0 255 255 0 0 0 0 0 0 0 125
    255 255 255 255 170 0 255 0 255 255 255 0 0 0 0 255 0 0 147 0 255 0
    0 0 255 0 255 220 0 57 0 71 0 0 0 255 255 241 255 255 0 0 0 255 211
    14 0 0 125 255 255 0 177 0 255 255 255 0 0 0 0 0 255 255 255 0 0 255
    255 0 0 255 255 255 95 0 255 138 0 0 255 255 0 42 122 255 0 255 255
    167 14 255 0 0 0 0 198 54 255 244 255 0 0 0 255 0 174 255 255 255 0
    0 255 255 0 255 255 0 255 0 224 0 255 0 0 0 74 255 166 255 0 255 255
    255 0 0 255 255 255 81 255 88 0 0 0 255 0 255 94 255 255 47 0 92 247
    255 44 255 0 255 255 96 152 0 255 0 255 0 255 255 0 255 255 255 0
    255 0 105 0 255 71 255 0 0 0 0 0 255 255 192 0 0 0 255 0 255 57 0 0
    255 0 0 0 255 0 255 113 255 255 255 77 0 0 255 18 0 0 111 255 0 0 0
    255 255 255 255 230 0 0 181 255 54 23 0 0 0 255 255 0 0 255 179 0 32
    255 0 97 153 255 255 255 182 0 0 0 255 255 0 61 0 0 0 233 255 122 0
    255 123 0 0 255 255 255 0 255 255 255 0 218 0 108 255 255 255 255
    255 64 0 255 255 0 0 0 0 255 0 0 255 255 0 255 0 255 38 126 255 255
    255 0 0 255 125 251 255 255 79 0 0 0 255 0 0 0 239 214 255 0 255 0 0
    55 0 26 15 161 255 79 255 0 0 0 0 0 227 19 0 0 0 0 0 255 149 255 0 0
    0 255 119 255 255 255 0 255 124 255 0 255 0 255 0 255 255 255 0 0 0
    0 255 255 0 0 0 255 255 0 53 41 0 0 255 61 255 255 0 0 122 0 0 227
    117 255 255 67 0 255 83 0 255 0 223 0 245 255 255 81 0 0 140 146 255
    255 157 253 152 255 255 220 255 0 0 0 88 17 163 34 71 22 0 255 23 0
    0 255 255 52 0 0 0 0 27 255 255 58 217 255 60 0 0 165 255 73 255 16
    255 0 0 255 255 255 96 255 0 0 22 0 0 255 0 19 0 255 255 0 230 0 255
    0 255 0 255 0 0 0 255 58 196 0 0 255 0 255 143 152 54 255 255 0 255
    255 89 255 255 0 0 0 0 252 0 255 255 255 255 0 0 136 0 0 255 255 0 0
    0 255 83 255 255 0 0 255 255 0 0 199 255 255 255 0 0 0 255 174 255 0
    255 255 255 0 32 0 255 255 255 35 0 0 255 0 12 0 31 0 0 190 255 255
    78 255 12 0 204 0 0 0 0 255 6 85 202 0 0 0 255 0 0 0 157 0 255 0 255
    0 93 255 255 156 0 0 255 255 0 83 255 0 0 255 255 0 0 255 255 0 0 0
    255 255 255 0 17 255 64 0 0 255 255 0 255 255 255 0 0 0 0 176 255
    173 53 0 0 14 255 0 0 255 181 172 0 255 255 255 247 0 255 0 36 0 255
    255 255 255 171 255 0 255 0 0 255 255 255 0 0 0 255 117 0 255 255 65
    255 0 52 255 1 93 255 255 0 255 0 255 66 201 0 0 0 0 111 0 0 46 0
    255 89 0 14 53 255 0 255 255 255 0 255 0 0 78 124 230 255 0 255 195
    6 59 255 64 255 0 0 255 255 255 255 244 175 216 0 255 166 255 3 255
    0 0 255 6 255 0 255 0 255 255 255 255 0 247 55 0 255 0 0 0 0 255 255
    255 0 142 255 255 255 0 0 0 236 255 255 0 92 0 109 255 255 18 255
    201 255 0 0 0 255 249 255 255 255 0 0 0 255 134 255 255 76 255 255 0
    0 255 0 0 255 222 0 0 174 255 255 0 0 0 255 0 0 255 255 255 0 0 0
    255 0 255 0 255 255 255 103 0 255 0 79 0 0 117 0 255 0 255 255 0 255
    255 160 0 255 255 134 0 142 255 245 255 0 255 255 255 255 0 104 118
    0 0 0 0 0 255 255 255 103 165 255 255 0 0 0 35 0 0 0 255 255 111 211
    255 255 78 0 0 0 255 0 255 195 0 255 255 65 0 255 0 255 0 151 134 98
    255 255 255 0 255 7 64 255 255 255 0 255 0 80 255 0 141 0 255 0 102
    0 0 255 255 111 140 192 255 162 255 0 139 0 255 255 0 177 0 162 255
    255 255 0 255 0 0 255 255 178 0 255 0 255 0 255 62 255 255 252 255 0
    0 255 255 70 0 0 0 0 0 255 0 0 255 255 255 0 255 233 181 0 0 255 255
    255 0 0 0 255 255 255 0 125 0 0 255 255 255 15 0 0 193 255 227 0 0 0
    0 255 0 255 0 0 255 0 0 0 255 255 0 255 255 255 0 255 38 0 0 0 255
    255 255 0 255 255 0 255 255 0 0 255 0 255 147 0 0 0 49 0 255 0 42
    255 0 255 0 0 0 0 0 27 255 176 255 255 0 0 0 255 255 0 255 48 255 0
    0 0 255 38 255 0 255 203 255 0 101 0 255 0 255 0 249 255 255 255 0
    101 255 0 255 255 255 0 0 0 209 0 34 0 40 0 0 255 0 0 0 255 255 255
    229 228 0 255 255 255 0 0 0 0 51 0 255 19 164 0 255 72 255 0 0 255
    255 255 255 186 249 255 255 255 255 0 151 2 0 0 167 255 255 255 255
    0 0 0 0 255 255 255 0 0 255 255 255 255 255 255 0 150 28 255 255 0 0
    255 255 255 0 255 136 0 171 0 255 255 0 0 175 255 0 0 255 255 255 0
    0 255 255 0 255 46 224 75 0 255 0 0 117 0 255 255 77 0 0 169 172 0
    250 55 226 0 0 0 255 255 0 135 0 255 255 255 35 139 255 0 0 0 0 255
    0 255 255 0 0 255 255 255 255 12 255 0 0 255 255 255 0 0 255 255 234
    0 255 0 255 0 131 255 187 255 0 255 0 255 21 220 0 255 255 0 181 49
    255 255 0 27 0 0 0 255 0 107 255 255 0 0 255 255 31 255 0 0 80 128
    255 68 255 255 255 135 75 255 255 58 4 0 0 255 139 255 0 255 0 26 0
    222 0 0 0 255 255 255 8 197 0 92 255 255 0 194 0 243 185 0 0 255 255
    255 0 0 255 0 255 94 0 0 255 255 255 0 255 114 255 127 0 0 255 255 0
    0 255 255 255 49 0 0 0 154 111 0 255 255 255 255 255 0 255 0 255 255
    255 255 255 0 0 0 255 0 209 255 255 0 0 255 255 0 255 78 255 225 110
    255 0 255 57 0 255 46 92 0 0 53 255 0 255 255 255 0 0 0 0 255 0 255
    0 255 247 33 0 255 255 0 0 255 255 254 255 255 255 0 19 235 255 255
    255 0 0 2 255 9 233 131 255 0 42 68 0 255 0 229 255 0 0 0 0 255 255
    255 0 0 0 255 255 255 0 255 0 255 255 255 255 0 249 0 85 255 0 0 0
    255 255 255 255 0 255 127 255 0 54 0 0 255 255 0 0 255 255 255 0 0 0
    9 120 0 0 255 255 255 0 189 255 0 255 14 0 42 25 255 0 255 0 0 255 0
    79 0 0 255 26 255 0 255 0 255 0 253 144 255 255 0 74 138 255 255 0
    88 255 255 255 32 0 0 255 255 255 255 255 0 0 150 255 87 255 0 255
    223 255 156 0 255 204 255 0 0 255 255 255 0 0 25 255 0 0 0 0 226 0 0
    194 0 54 0 255 0 8 255 255 255 255 255 0 173 255 0 255 75 255 255 0
    255 0 0 0 0 255 255 127 0 0 0 0 255 255 0 0 173 0 210 255 255 255 0
    0 0 255 132 0 255 255 255 0 0 208 0 0 255 40 0 0 255 255 157 96 255
    255 0 0 0 255 255 0 0 0 255 255 0 146 0 0 255 0 255 0 255 0 255 255
    255 0 255 0 0 255 0 0 255 255 255 0 172 0 120 0 0 203 0 255 172 0 0
    19 255 255 0 0 123 175 133 255 255 61 0 255 255 255 0 22 255 0 255 0
    255 255 87 0 255 14 68 10 0 255 0 64 0 255 255 0 255 206 255 0 0 0 0
    0 255 255 0 99 255 255 255 159 0 0 255 52 0 0 0 255 163 0 255 255 0
    0 0 255 255 255 122 0 0 255 0 255 139 255 255 153 0 255 0 0 255 255
    255 255 0 255 255 255 0 255 0 255 0 0 0 255 0 255 0 255 255 255 213
    255 0 255 0 133 0 255 114 255 255 0 0 255 0 255 255 0 0 255 91 0 189
    255 255 0 0 86 255 188 103 0 255 209 0 224 255 255 255 255 0 255 255
    120 110 0 255 255 255 255 0 0 255 0 255 255 255 0 0 255 255 255 0 0
    255 0 255 255 255 0 255 11 255 99 0 36 111 255 4 0 0 255 255 0 0 0
    217 255 255 0 0 135 161 0 255 0 255 0 255 101 255 0 255 179 0 0 0 0
    0 255 0 255 0 0 255 255 119 255 0 255 164 255 0 0 255 255 159 0 235
    255 0 255 255 255 0 0 255 255 0 0 0 0 255 144 255 86 50 0 255 227
    255 0 255 0 0 155 28 0 255 0 255 0 255 0 255 0 255 255 255 255 25 0
    0 255 128 0 255 0 255 29 0 255 0 0 255 238 0 244 0 255 0 255 205 255
    93 255 0 255 0 0 122 179 0 242 201 255 255 255 80 0 164 255 94 229
    255 252 0 0 255 255 243 135 0 132 110 255 96 255 255 255 0 255 0 0 0
    0 187 0 255 214 255 0 0 255 0 255 0 255 0 0 16 255 0 0 0 255 255 0 0
    0 255 0 255 255 255 255 0 0 0 0 0 255 255 255 0 184 0 255 255 0 36
    167 255 0 255 74 243 255 0 255 255 142 255 0 0 255 255 255 0 0 0 0
    255 178 204 0 255 0 255 82 255 0 0 201 181 255 255 255 93 0 255 0
    255 0 255 0 255 0 255 109 79 0 0 0 255 0 233 158 255 255 0 0 23 255
    0 44 255 255 255 0 0 99 255 0 0 255 255 255 0 0 255 255 255 255 227
    0 180 181 73 255 0 0 255 255 255 0 0 119 104 255 144 0 255 35 242
    255 255 0 255 255 255 0 0 0 220 255 255 218 0 0 255 255 255 73 199 0
    255 229 0 0 255 255 255 255 0 36 0 0 255 0 255 255 255 234 0 0 0 255
    0 255 0 255 0 255 0 255 0 0 255 149 0 0 0 255 0 255 0 253 255 255 0
    60 0 0 0 255 255 255 0 255 255 255 73 255 255 255 4 255 0 0 0 255 0
    0 0 255 231 255 0 192 108 255 255 0 219 255 255 0 255 0 0 255 0 0
    255 255 255 0 219 0 255 255 255 0 0 255 255 255 0 255 183 255 255
    120 255 0 0 0 5 255 0 125 0 255 255 139 0 0 0 34 255 245 0 228 129
    255 255 0 255 255 255 0 0 255 255 255 102 218 0 255 255 255 255 255
    123 0 0 44 14 3 255 120 176 0 254 0 255 255 255 255 0 240 1 255 0
    181 255 243 0 120 201 0 0 0 236 255 0 255 0 255 255 255 0 75 0 0 255
    255 255 0 22 0 255 0 255 175 0 0 255 255 255 0 0 179 0 255 0 0 164 0
    162 255 255 118 0 130 255 255 0 220 0 0 255 255 0 0 0 180 0 153 241
    0 255 0 255 255 255 255 0 255 50 255 0 255 255 0 255 0 0 204 0 255 0
    255 0 255 145 255 235 255 0 255 0 255 184 0 240 0 0 255 255 255 255
    255 255 64 0 0 0 0 59 0 255 255 255 91 0 0 0 198 0 255 178 0 181 45
    255 218 165 104 0 255 0 255 59 0 0 0 255 255 0 0 0 3 0 0 255 255 0 0
    0 183 0 0 0 0 255 255 0 0 0 255 2 0 255 196 50 0 0 0 70 94 255 0 255
    255 253 0 0 255 255 255 255 255 0 0 0 255 255 0 0 253 255 255 255
    255 255 255 0 65 221 132 0 255 0 69 60 0 255 191 243 0 0 255 255 0 0
    0 255 255 255 228 210 0 0 0 255 0 99 255 255 255 193 255 0 0 0 230
    255 255 255 152 0 0 0 0 0 0 0 255 43 255 64 255 0 0 0 2 0 255 0 255
    255 0 213 255 0 255 0 255 255 127 154 0 255 102 17 168 255 255 255 0
    0 255 0 0 0 0 255 255 255 112 100 75 255 255 255 0 255 255 255 99
    255 255 255 0 255 0 255 0 255 255 0 0 0 0 0 0 255 255 255 0 81 255
    255 0 0 255 30 255 105 0 0 255 255 255 0 0 0 255 23 255 255 49 255
    255 255 255 0 255 137 255 0 255 0 0 0 0 84 254 255 0 0 255 0 255 217
    0 0 0 255 0 255 0 255 0 0 0 0 0 0 0 0 0 255 214 255 204 0 16 255 0 0
    0 255 255 92 24 3 0 255 255 0 255 0 255 0 255 255 255 255 0 255 255
    111 0 0 255 255 175 0 255 0 255 255 255 0 0 0 0 69 218 255 0 0 0 255
    0 255 0 3 255 255 0 0 255 255 186 0 255 255 0 0 255 120 60 0 255 255
    255 245 0 148 240 0 79 0 255 0 0 0 255 0 0 0 255 255 255 0 0 195 255
    227 55 255 255 0 0 38 255 119 0 255 255 255 255 0 99 0 255 255 255
    255 94 0 0 255 255 255 0 0 70 255 255 0 87 255 255 255 232 255 255
    60 231 51 255 157 0 0 255 255 255 0 255 0 255 23 255 255 0 0 255 255
    0 255 0 5 0 148 255 133 0 161 255 133 0 0 255 218 255 128 0 255 0
    210 0 0 255 255 255 0 0 0 255 0 255 0 0 0 249 255 0 255 255 255 0 0
    255 255 255 0 0 0 45 255 255 208 255 0 255 0 0 255 255 0 255 21 255
    0 0 92 38 0 200 255 0 0 42 255 190 0 255 0 255 0 0 0 255 255 255 0 0
    0 0 255 255 255 0 109 0 255 255 255 5 255 0 255 255 0 0 0 255 0 255
    66 0 0 255 255 0 255 255 255 0 85 0 0 0 255 255 0 0 0 0 146 85 0 0
    255 0 133 255 255 0 0 255 0 0 255 0 0 0 255 255 0 0 255 255 255 0
    255 0 0 255 25 255 0 102 0 0 0 255 0 255 0 255 255 255 0 0 77 255 0
    0 255 0 255 0 0 255 255 255 0 0 42 255 14 255 0 117 201 0 12 25 255
    155 0 255 0 255 94 255 255 0 0 0 255 0 255 255 255 0 0 0 0 255 52 0
    0 255 0 255 0 0 0 206 255 255 0 0 0 255 255 255 26 0 0 255 255 255 0
    255 92 255 0 255 0 255 158 255 14 0 0 11 255 255 0 255 0 255 0 0 255
    255 255 0 212 0 255 255 255 255 0 0 255 38 141 0 0 255 0 255 255 0
    255 58 255 0 0 179 0 0 0 8 35 255 255 0 0 0 225 191 255 255 0 0 104
    255 255 0 0 0 0 255 0 0 255 100 0 255 255 255 0 255 0 13 0 255 255
    255 131 0 0 255 255 255 0 7 255 255 127 255 0 107 0 255 255 255 0 23
    43 0 66 255 77 198 0 0 255 1 255 226 255 255 0 0 0 77 255 0 255 0
    255 255 0 0 0 123 70 255 255 255 0 166 255 229 255 0 0 0 255 255 255
    0 0 79 255 255 0 0 0 91 255 255 65 0 0 0 184 255 230 141 255 255 0 0
    255 255 61 195 0 0 0 255 0 255 0 0 0 255 0 0 0 255 255 255 27 0 255
    0 0 0 153 255 0 0 0 150 255 85 255 255 0 0 0 255 168 255 255 0 0 0
    255 255 255 255 109 255 23 255 0 0 0 0 255 255 255 0 139 255 0 255 0
    0 255 0 0 0 255 255 107 255 0 255 255 0 0 0 255 255 0 0 255 255 233
    255 255 0 0 0 255 249 0 6 0 224 234 0 255 0 255 0 26 0 0 0 255 255
    255 0 205 0 0 0 255 255 0 255 0 255 0 0 0 90 0 0 255 0 255 255 255 0
    241 25 0 255 165 255 0 255 255 255 255 0 255 255 255 0 0 0 191 0 0 0
    255 255 0 0 255 0 255 0 255 0 5 255 198 0 87 177 76 241 255 255 255
    255 255 181 0 255 255 125 0 77 255 221 0 0 193 255 255 220 0 255 13
    255 0 91 255 255 0 0 0 255 47 0 0 0 0 255 255 0 255 255 140 0 0 0
    254 241 255 255 227 0 130 255 255 255 255 0 193 255 255 0 0 134 0
    255 255 255 0 123 255 255 255 233 255 255 0 0 0 0 25 255 255 0 0 0 0
    0 255 255 255 0 0 244 255 255 0 0 255 255 0 0 0 115 255 0 255 255
    255 0 255 0 255 89 255 136 0 255 255 0 0 0 255 7 255 85 0 0 0 255
    255 255 0 0 255 193 255 0 21 0 236 0 255 80 255 182 0 239 255 255 0
    0 114 255 255 0 127 0 207 0 218 27 255 243 255 0 255 0 0 0 51 0 255
    255 255 255 0 78 0 128 255 255 0 255 0 0 0 255 255 0 38 0 255 0 0
    213 186 255 0 255 255 255 58 0 232 255 255 0 67 70 255 255 255 55 76
    0 18 255 255 255 255 36 0 193 255 255 255 255 0 232 255 0 0 0 0 255
    0 14 0 255 91 255 255 96 0 0 248 255 255 0 0 73 0 255 255 255 255
    255 0 255 0 0 0 156 255 255 0 193 0 50 0 255 178 255 8 0 255 255 255
    0 0 255 123 121 0 255 0 107 177 255 123 49 255 61 255 112 84 255 255
    0 0 255 255 76 44 255 255 255 0 0 0 255 255 255 0 39 255 255 0 255 0
    255 123 151 0 255 0 255 255 255 0 255 0 210 142 255 255 0 0 0 220
    167 48 178 35 128 0 0 0 0 15 255 201 144 255 255 255 0 255 0 0 255
    255 0 0 0 230 0 127 56 255 255 127 0 123 184 0 255 0 255 0 255 0 255
    243 255 0 224 75 111 255 211 255 144 160 255 255 0 0 255 255 0 215 0
    0 255 133 255 180 143 255 155 0 0 0 0 190 16 255 0 255 0 0 255 255
    255 0 46 0 213 0 0 239 0 255 1 255 255 0 0 0 0 255 255 0 255 0 0 255
    255 255 197 255 255 0 188 255 255 0 255 180 228 10 255 0 0 0 255 0
    255 0 255 0 0 255 255 255 0 0 0 255 223 255 0 255 255 255 255 0 0
    255 255 13 0 255 0 255 0 162 0 150 255 255 0 255 211 255 255 0 255 0
    255 0 255 0 255 0 0 63 0 255 44 0 255 255 255 0 127 0 255 86 255 216
    255 104 255 0 0 255 255 255 0 178 227 255 0 14 255 0 0 255 186 255 0
    0 0 0 0 255 255 255 255 0 255 255 0 0 255 255 0 0 231 255 0 82 0 255
    255 0 0 0 255 255 251 255 0 0 0 0 0 255 255 50 0 0 130 202 38 255 0
    255 0 255 255 0 255 255 255 0 0 0 255 92 255 236 33 255 255 255 0 0
    255 255 0 0 255 0 93 0 255 255 0 0 0 172 255 255 0 213 67 255 0 255
    0 255 0 255 43 255 21 255 255 0 255 255 0 255 0 255 255 255 0 255 0
    0 255 255 0 106 0 0 255 0 255 104 255 132 0 0 0 255 255 0 0 0 255
    255 255 16 0 0 0 255 159 0 0 255 255 0 0 255 255 238 0 255 119 255
    255 0 255 0 255 255 255 255 30 0 0 255 255 255 232 0 255 100 255 0 0
    255 255 255 0 0 0 255 0 0 64 0 110 255 0 255 0 255 59 75 130 255 255
    255 0 0 255 0 255 0 255 255 255 0 0 255 255 0 0 255 74 152 0 255 0
    203 34 255 255 0 0 0 0 99 0 0 255 0 255 0 255 255 0 0 255 84 0 0 0
    255 0 255 247 0 0 0 255 255 255 231 255 0 3 0 0 255 0 255 185 255 0
    0 255 255 157 255 255 255 0 91 0 255 255 255 0 255 0 0 0 231 255 201
    124 0 255 255 255 0 77 255 77 255 0 142 102 255 0 255 212 129 0 0 0
    255 0 112 255 255 255 0 255 255 255 0 0 228 31 255 0 255 255 0 62 0
    255 0 0 255 255 213 0 255 47 0 0 255 241 138 255 255 187 0 0 255 255
    255 255 146 0 0 255 127 255 31 255 0 255 39 255 0 0 115 165 255 255
    0 0 0 255 180 255 255 165 0 255 31 0 0 0 255 255 0 255 255 255 114 0
    0 0 255 209 255 0 0 255 255 255 0 255 203 255 0 255 0 255 0 255 0 0
    0 0 0 0 126 0 255 0 0 255 255 255 0 0 0 255 0 255 0 255 0 0 0 0 255
    255 210 0 0 148 181 0 0 255 255 255 255 0 0 0 255 255 255 96 0 215 0
    255 255 255 0 255 0 110 82 0 0 63 255 0 140 205 119 0 255 255 255
    255 255 0 255 0 182 0 255 255 255 0 0 255 0 255 0 0 31 255 255 222 0
    255 0 0 0 0 0 255 0 0 48 255 57 5 0 0 0 139 255 0 0 0 0 255 255 255
    255 255 0 0 0 255 255 255 255 0 234 0 255 93 255 255 0 106 182 255 0
    152 255 0 0 255 255 255 0 255 0 255 255 255 0 160 0 255 80 255 0 0
    103 0 0 255 113 184 255 0 255 0 255 0 0 255 72 0 0 255 235 118 0 0
    255 0 255 0 255 168 0 238 255 0 255 210 0 0 0 255 255 255 0 0 0 255
    37 0 0 0 255 255 255 0 0 255 0 255 255 0 0 0 255 255 255 255 255 170
    255 0 138 0 24 0 255 0 0 255 0 255 255 255 255 0 0 28 255 255 0 4
    255 0 0 255 76 255 255 91 0 0 0 0 161 255 0 255 0 0 191 0 159 255
    255 0 137 0 255 0 5 0 159 255 255 255 0 0 255 235 0 2 0 255 0 255 0
    29 255 255 255 41 255 0 0 164 177 0 85 186 0 0 0 255 255 255 0 0 0
    255 0 0 255 255 255 0 207 2 255 7 255 0 255 0 0 0 0 255 255 255 0 41
    0 255 26 255 0 255 201 237 0 49 0 255 205 255 0 255 255 143 0 255 0
    255 209 255 0 255 255 255 70 0 0 0 0 0 0 0 255 255 255 0 255 255 255
    0 0 0 253 255 255 255 0 255 0 255 69 113 255 255 0 0 255 255 255 0 7
    0 183 255 0 255 255 255 58 197 0 0 0 255 255 255 127 255 177 0 0 0
    41 0 0 15 36 255 243 255 238 0 255 0 255 68 255 13 255 255 255 85
    255 25 0 255 255 255 255 255 0 0 0 255 0 0 255 0 255 0 179 0 82 0 0
    255 255 244 255 0 255 0 0 216 0 255 0 0 0 255 48 87 255 255 0 0 255
    255 255 0 0 255 255 136 255 157 0 255 255 118 0 0 255 255 0 200 255
    255 0 255 255 0 0 0 255 36 255 6 255 0 0 0 255 255 0 63 0 0 0 0 255
    255 255 255 255 255 0 0 0 255 0 255 0 0 0 255 255 255 192 0 0 0 0
    255 135 0 255 0 255 0 255 0 0 255 255 255 0 255 255 255 0 0 0 3 255
    191 255 255 101 0 0 255 138 255 255 255 255 63 0 204 255 255 0 255 0
    0 255 255 255 32 0 255 48 255 255 0 255 0 96 255 0 0 201 255 255 255
    255 255 0 255 136 255 0 0 0 255 178 0 0 0 255 0 82 255 0 255 0 255
    255 255 252 0 0 229 255 108 255 0 255 0 0 0 255 248 255 255 255 0 0
    200 255 0 255 0 0 255 220 255 0 0 0 0 0 0 255 12 0 0 0 255 54 255
    255 0 0 255 89 0 255 0 255 77 255 255 255 143 255 0 255 0 255 0 255
    255 255 0 0 18 255 255 255 0 0 0 255 222 0 0 255 255 0 255 4 255 0
    170 126 0 0 0 0 132 0 146 255 0 0 255 255 0 13 0 255 0 255 255 35
    255 0 74 0 255 0 255 0 0 0 0 0 0 255 168 255 0 0 0 255 255 255 0 255
    255 255 0 0 0 0 255 255 255 0 255 255 255 30 0 0 0 255 0 0 218 255
    255 0 0 0 255 0 255 72 255 125 0 0 255 0 0 255 255 0 0 226 255 255
    255 0 255 0 0 252 255 0 255 0 255 187 255 0 4 117 255 255 0 0 0 23 0
    213 255 255 219 0 0 0 0 0 255 255 0 0 0 255 255 49 0 0 15 255 255 0
    0 255 255 34 0 0 255 255 162 255 0 255 159 215 255 255 255 255 33
    255 100 0 255 0 67 255 255 0 0 237 255 126 113 0 255 12 255 255 0 0
    177 255 0 255 20 255 0 60 255 12 255 255 0 0 0 226 255 255 255 255 0
    0 202 0 0 255 93 0 0 0 255 0 255 0 0 255 255 157 0 63 255 255 255
    255 0 0 0 0 255 0 60 255 255 255 0 0 0 255 0 255 100 103 255 255 0
    255 0 255 215 255 0 255 255 255 62 0 0 0 0 255 255 0 255 0 249 255
    255 56 0 255 0 0 255 0 255 255 255 0 251 249 0 30 0 255 0 255 255
    255 0 255 0 255 0 0 255 255 0 255 0 131 255 255 143 0 255 255 0 255
    0 255 70 0 255 27 0 0 105 84 255 255 248 0 255 15 255 0 46 101 255
    255 0 255 0 255 255 255 0 255 0 30 0 255 216 0 0 255 0 255 165 207 0
    255 49 255 0 158 0 251 176 255 0 0 76 255 255 255 255 0 0 255 255 0
    0 0 255 236 255 255 0 0 0 255 255 255 255 0 182 0 0 255 0 0 140 206
    255 255 0 0 0 255 234 152 0 255 255 127 188 0 0 255 255 255 70 0 86
    56 243 115 16 81 0 0 255 0 255 255 208 255 0 255 0 0 0 255 255 0 229
    255 255 0 0 255 0 0 0 0 255 255 255 0 0 255 255 0 0 255 255 57 0 0
    113 0 255 255 255 145 0 62 0 0 0 255 255 255 226 0 0 167 237 12 255
    113 255 0 255 206 0 255 0 225 31 0 0 255 255 0 0 255 255 255 255 0 0
    255 113 0 0 255 255 255 0 0 0 0 0 43 255 0 255 255 0 0 255 255 255 0
    0 255 255 255 0 0 13 255 255 0 0 21 170 255 0 0 239 255 0 245 255
    255 95 0 0 205 255 0 255 255 234 0 255 255 255 0 0 0 255 171 255 238
    255 232 75 255 0 255 219 255 0 255 14 255 0 80 0 255 0 255 255 255
    255 255 0 255 0 110 0 206 0 0 146 255 255 0 0 0 255 0 255 255 255 0
    0 0 0 0 255 255 255 255 0 70 255 255 0 0 204 0 0 255 0 255 255 145
    255 255 255 0 0 24 0 255 0 255 136 0 255 255 0 0 0 255 255 255 0 0 0
    0 0 255 255 255 0 53 0 0 0 255 45 0 92 11 255 255 0 105 217 255 255
    0 255 255 0 117 0 255 232 0 191 0 255 214 212 0 0 0 0 255 110 255
    255 255 255 0 0 0 255 0 124 0 255 218 255 255 255 0 0 0 251 255 187
    255 0 0 255 0 237 255 0 255 0 0 255 0 0 255 141 0 0 0 0 112 255 255
    219 255 0 255 0 255 0 255 0 24 255 255 0 255 0 8 255 255 105 165 0
    255 185 0 0 229 255 0 255 255 255 255 255 0 255 255 39 0 0 255 255
    255 0 0 255 0 0 0 255 39 0 255 255 255 0 0 106 255 255 250 255 255
    255 0 0 0 0 0 0 0 255 255 255 0 125 0 255 0 161 0 255 255 0 0 255
    255 0 0 93 0 246 0 255 0 255 255 0 255 255 255 255 255 0 255 0 255
    255 255 0 205 0 255 0 243 255 71 255 0 0 0 0 133 255 175 65 0 0 255
    255 255 0 0 40 0 156 0 0 255 31 255 255 255 253 0 0 0 0 0 255 255
    255 255 255 255 255 0 255 255 255 0 0 0 168 0 63 236 255 0 0 255 255
    255 0 48 255 0 255 0 255 255 255 0 0 0 255 255 255 63 255 0 85 0 179
    0 0 166 0 255 0 90 0 255 12 0 0 255 0 0 255 255 255 0 255 0 0 17 0
    255 0 168 0 255 0 255 130 255 255 255 0 255 255 222 0 0 255 255 46
    255 255 0 0 0 0 255 152 0 231 172 255 110 0 255 255 219 0 255 15 0
    91 187 255 0 255 0 244 30 255 255 0 0 0 0 54 0 0 0 255 88 255 0 0
    255 255 0 0 0 255 255 0 241 139 0 0 0 255 0 255 135 255 225 73 0 90
    255 255 255 0 71 0 79 19 46 0 0 255 129 255 0 130 255 0 255 199 76 0
    0 0 33 255 255 0 0 0 0 0 0 255 0 0 0 255 255 65 255 38 255 0 255 0
    255 104 255 0 0 255 0 0 255 0 0 0 0 255 69 0 255 255 255 0 255 0 0 0
    245 139 255 114 0 0 247 57 255 218 255 76 255 0 105 0 36 0 0 0 255
    255 0 0 255 255 255 255 134 255 0 255 0 255 0 255 0 0 0 165 255 255
    0 255 0 0 255 240 0 0 255 255 255 0 255 255 0 0 0 255 0 255 0 161
    255 255 0 255 255 255 181 255 0 255 0 0 102 255 0 255 0 255 0 255
    255 0 0 0 255 204 255 255 0 41 0 255 255 255 255 0 0 255 229 0 0 255
    255 0 17 0 255 255 0 0 0 255 255 0 0 0 255 255 255 0 255 144 255 214
    255 255 0 255 0 255 255 255 31 59 0 255 0 58 71 131 0 0 0 0 255 0 0
    0 255 0 255 255 0 0 0 91 255 255 0 255 0 255 83 255 0 255 255 255
    131 178 255 0 0 0 255 255 255 255 16 33 0 255 0 255 255 255 0 255
    150 255 255 0 255 255 0 0 0 34 255 255 26 0 0 0 0 255 0 0 0 255 255
    255 255 0 0 0 0 0 255 255 0 94 0 0 0 0 255 255 255 0 255 0 189 0 255
    0 0 0 255 255 0 255 255 255 0 255 255 255 0 0 255 255 255 0 0 0 255
    0 255 61 255 255 255 0 0 255 37 0 0 197 57 0 0 0 255 22 0 107 255
    255 255 255 255 0 200 56 158 255 0 160 0 255 255 255 0 0 0 33 255 90
    255 0 255 80 255 0 223 11 255 255 0 103 255 255 255 0 0 0 255 0 0
    255 255 255 0 255 213 0 0 255 0 255 0 255 255 0 0 0 255 255 138 255
    0 218 110 255 255 236 134 0 0 255 255 0 255 0 255 102 255 0 255 80
    255 3 0 221 139 255 0 255 243 0 202 5 0 0 53 255 255 0 255 0 255 0
    255 103 255 255 156 0 255 255 0 255 0 255 0 255 0 0 0 0 0 255 0 255
    255 0 18 0 255 255 255 255 0 0 165 177 255 255 0 255 0 0 255 134 0
    104 255 255 255 85 0 0 0 255 167 255 192 214 255 0 255 0 255 69 22
    255 0 223 255 112 255 0 255 255 255 0 67 255 255 255 0 125 0 255 255
    255 255 0 0 0 52 0 0 255 255 255 170 255 255 255 0 114 255 255 0 0 0
    0 26 255 255 255 0 0 0 0 0 255 212 243 255 163 255 0 255 210 0 255
    255 36 0 255 255 255 0 255 0 255 0 255 0 0 255 255 255 0 0 224 255 0
    0 0 255 255 255 255 255 255 255 0 255 0 0 0 255 0 255 255 0 0 255 0
    255 255 0 255 0 255 0 255 255 0 0 0 224 0 0 0 255 0 255 0 255 0 255
    0 59 92 255 255 255 253 0 255 177 255 255 86 255 255 0 255 255 203 3
    0 0 255 118 255 197 0 0 255 255 255 0 0 77 0 255 240 255 0 188 0 255
    0 0 0 255 255 0 0 0 255 188 0 255 0 255 0 255 0 172 0 255 255 40 0 0
    0 255 255 0 0 177 255 255 0 255 0 255 0 0 0 0 0 0 255 255 255 255 0
    0 0 255 255 255 197 0 0 255 163 255 17 0 255 0 228 123 0 0 8 255 0 0
    0 228 44 90 255 175 0 113 0 255 44 0 0 255 180 115 0 255 223 255 255
    255 0 255 255 0 0 255 27 255 0 0 255 1 255 0 0 0 255 104 0 55 0 0
    255 0 0 0 255 255 255 255 0 134 49 155 95 153 255 0 255 255 255 215
    128 0 255 0 0 181 0 114 255 255 208 11 255 227 0 0 0 255 255 0 255 0
    255 0 255 0 255 0 255 104 0 6 224 0 255 132 0 0 255 255 0 0 138 255
    82 255 255 255 255 255 0 255 255 255 255 33 255 0 0 83 255 232 255
    10 135 75 255 255 0 130 0 255 255 156 0 0 0 0 255 255 0 0 0 0 0 255
    255 255 0 90 0 255 255 255 255 0 255 255 0 245 0 255 0 255 0 255 0
    170 173 0 0 254 32 255 255 255 0 0 255 255 255 0 255 255 255 0 0 0
    255 0 176 255 46 255 0 18 0 17 222 0 0 255 0 0 0 255 255 255 255 193
    0 255 255 44 255 255 255 0 255 0 0 255 0 255 92 255 0 0 0 87 255 35
    0 0 255 255 255 0 0 255 0 153 0 0 0 0 0 255 90 253 0 255 34 128 96
    255 49 255 0 255 0 255 0 0 0 0 0 0 0 0 255 255 255 0 0 15 97 0 255
    184 0 255 197 255 0 96 0 38 174 255 255 255 0 0 255 255 0 255 255 0
    249 0 255 255 255 0 255 0 255 0 255 215 0 170 0 255 0 255 0 255 0
    127 0 0 45 0 255 0 255 255 255 255 255 0 0 85 255 0 255 0 255 0 162
    0 0 255 255 86 28 0 255 255 205 0 0 0 255 129 255 0 0 0 255 255 255
    206 0 0 54 255 255 255 255 0 0 0 0 0 255 255 125 255 89 255 0 0 255
    255 255 57 255 255 255 0 101 0 255 255 6 255 0 18 0 21 255 255 0 255
    109 35 0 0 255 0 178 42 255 255 24 0 42 0 41 108 92 255 0 0 0 255 59
    0 7 0 255 207 255 0 0 0 255 99 0 12 0 22 69 255 0 255 0 241 0 0 0
    255 0 0 42 255 255 255 0 255 108 0 0 0 255 173 255 255 0 255 255 255
    255 0 255 255 0 0 255 255 255 162 0 0 255 255 255 0 0 255 156 0 0 0
    255 255 202 177 0 0 0 0 255 64 87 0 0 255 0 0 0 73 47 255 255 255
    255 255 0 255 0 255 0 255 255 0 0 0 255 255 0 255 87 255 0 255 255
    144 0 255 255 255 0 255 255 226 0 255 3 0 128 0 0 255 0 255 0 255
    255 255 0 255 0 255 0 0 255 42 255 255 255 224 211 0 0 255 255 170
    255 255 255 255 255 0 0 0 255 255 26 255 0 255 0 52 255 0 255 0 255
    255 255 0 255 255 255 255 7 0 19 0 0 0 255 255 255 255 255 188 58 0
    255 252 255 0 255 3 255 0 0 0 255 232 188 0 192 10 255 238 0 90 0 0
    0 255 255 0 0 0 0 100 0 250 0 255 255 255 0 255 0 0 0 255 255 0 82 0
    255 0 255 255 0 255 0 255 0 28 0 0 243 255 97 151 0 0 255 255 255 0
    0 255 255 255 255 0 255 237 0 203 223 0 255 17 0 255 195 255 255 88
    255 255 255 255 255 0 255 0 255 255 178 255 0 255 90 0 0 55 255 255
    255 255 0 255 0 255 0 255 255 0 0 0 255 210 255 37 0 0 255 71 255 0
    19 0 255 255 51 248 0 0 0 255 255 255 0 0 249 255 9 0 255 255 255
    109 186 255 0 130 0 255 255 0 0 0 48 0 252 59 255 0 242 0 255 71 255
    0 0 165 0 255 0 255 255 255 0 0 255 255 255 255 255 0 0 0 0 255 255
    70 0 0 133 255 0 122 169 0 0 97 0 255 0 255 62 176 178 210 0 0 0 45
    255 0 255 0 0 0 0 255 255 0 0 15 0 255 60 255 255 0 0 255 255 51 0
    255 166 255 255 255 255 255 180 0 132 0 255 0 255 255 58 0 0 0 255
    255 255 0 255 0 255 144 0 0 255 0 255 0 255 255 59 120 0 0 0 255 0
    255 255 255 155 255 4 0 0 0 0 161 255 62 255 0 22 255 255 255 235 0
    255 0 96 0 200 16 255 0 0 255 255 134 0 101 55 255 255 0 0 0 110 255
    0 0 0 255 255 255 0 255 0 0 0 0 255 0 14 0 255 188 255 0 0 105 0 0
    255 0 0 255 0 0 0 255 0 0 0 255 0 104 255 255 255 0 255 0 0 255 0
    255 0 255 255 0 0 0 255 255 6 0 0 255 255 255 0 255 0 255 0 255 255
    255 0 0 255 0 255 147 255 0 0 0 0 255 255 255 255 255 40 64 0 255 0
    14 0 255 255 0 255 0 255 0 168 255 255 255 0 0 0 0 0 255 103 255 0 0
    255 0 238 255 255 255 255 255 33 255 0 0 0 0 255 0 255 0 0 0 255 255
    255 10 234 7 0 255 105 255 0 0 0 80 0 255 0 255 218 255 0 0 255 255
    157 214 255 6 0 255 0 235 0 255 123 255 0 0 0 255 0 255 0 252 0 255
    0 255 0 32 255 145 255 255 205 0 0 0 0 0 255 255 0 0 255 209 255 0
    255 0 0 0 24 255 101 0 0 25 255 255 0 0 0 0 255 255 255 0 0 0 93 0 0
    94 255 255 255 255 0 0 0 0 0 255 0 255 255 0 0 0 255 170 0 0 0 0 255
    255 0 0 0 255 255 255 0 109 255 255 255 0 226 0 255 0 255 0 255 255
    255 0 255 0 197 255 255 125 0 255 255 131 128 255 255 255 0 0 0 0 3
    0 0 0 255 255 0 0 255 255 255 255 255 255 0 0 0 255 0 0 133 0 255
    255 0 165 0 255 255 255 0 0 0 255 183 255 255 0 255 255 255 106 255
    255 0 255 0 0 0 255 40 0 0 255 255 255 0 0 0 255 255 255 255 0 112
    255 0 255 0 0 0 173 255 255 0 255 0 82 40 188 255 0 0 50 255 255 255
    105 0 0 255 255 255 0 255 171 0 83 0 0 0 255 255 0 0 0 255 88 255
    194 255 0 255 255 199 229 0 0 0 0 0 0 0 255 0 0 0 255 126 255 0 0 0
    0 255 255 255 0 0 0 255 255 255 255 0 0 255 255 0 255 0 255 205 255
    255 255 255 0 245 0 255 255 255 0 255 255 255 24 255 255 255 0 255
    255 255 255 0 193 0 255 255 0 0 20 255 255 255 0 255 0 255 103 255
    255 48 177 189 255 218 0 0 255 255 255 255 247 255 0 0 13 0 0 255
    210 0 0 0 98 255 0 0 0 0 255 0 255 255 255 0 255 0 255 48 0 202 191
    0 0 0 0 255 0 255 0 255 255 255 0 41 0 255 255 0 228 255 255 255 0 0
    0 255 0 0 0 255 255 89 255 0 107 0 255 189 199 0 238 0 216 0 242 0
    174 181 0 153 255 255 22 255 0 0 0 255 167 0 255 234 114 255 0 0 255
    255 255 0 255 255 255 0 255 255 0 0 255 103 0 193 0 0 255 0 214 0
    255 91 0 255 255 0 255 0 255 212 100 0 148 0 0 135 255 255 0 0 0 255
    242 255 0 255 255 255 255 104 255 200 0 100 0 255 175 255 72 51 0
    255 0 255 0 255 255 255 255 18 74 0 255 0 222 0 255 255 0 159 13 0
    255 255 255 0 255 0 0 0 207 172 255 0 255 0 0 237 255 0 69 255 0 0
    255 19 255 0 0 0 0 0 255 255 255 255 0 255 0 0 124 0 195 255 0 0 255
    255 255 0 255 0 255 255 0 0 0 255 255 255 242 187 255 255 255 255 0
    255 34 255 0 157 255 255 73 255 0 0 0 0 171 0 0 255 255 255 0 0 0 0
    255 127 0 0 0 177 255 0 0 0 255 255 255 255 25 0 0 227 196 255 0 255
    255 255 0 255 145 10 69 255 10 0 0 176 0 255 0 0 130 255 0 94 0 153
    255 0 255 255 0 0 0 255 255 0 0 0 255 0 0 0 0 0 255 120 12 0 228 255
    255 241 50 255 0 255 255 255 255 0 255 0 6 0 0 255 255 109 0 0 100 0
    119 255 0 0 0 227 0 0 255 0 255 0 255 255 0 255 0 255 0 255 255 0
    255 0 0 116 255 255 255 114 0 255 0 0 0 0 255 255 195 255 255 0 0 0
    237 236 255 166 255 255 0 221 131 0 0 0 197 255 255 144 228 101 0 0
    213 255 255 255 255 255 255 0 0 0 255 255 0 132 0 11 0 255 0 255 255
    0 0 0 255 255 0 191 132 255 0 0 0 192 255 111 255 0 78 139 0 255 204
    255 255 56 119 207 0 0 153 160 0 0 0 118 255 0 20 161 0 0 173 255
    255 255 255 0 0 255 0 255 0 171 255 255 255 0 0 0 0 255 255 0 0 0
    255 255 255 0 0 0 255 140 225 0 255 255 255 0 186 0 255 0 255 0 0
    255 255 49 0 0 0 70 255 0 148 255 255 124 255 0 255 0 94 0 0 255 255
    0 255 0 255 0 255 255 0 0 0 0 146 74 255 182 255 0 255 255 0 0 0 0
    255 127 255 0 255 0 0 255 255 255 0 154 0 153 214 0 0 0 0 255 255 0
    0 255 255 69 255 255 0 135 0 244 255 93 0 0 255 255 0 0 255 223 0 0
    34 0 255 109 255 206 0 255 0 255 0 255 255 182 73 0 0 255 0 0 0 255
    255 255 0 0 255 255 230 255 0 255 0 255 0 0 0 0 255 255 0 0 226 255
    0 140 174 190 255 0 255 0 255 95 255 66 255 38 0 127 140 0 0 0 255
    255 255 255 255 0 0 255 0 255 0 255 255 55 92 0 0 255 255 255 0 58 0
    224 255 0 0 0 95 255 255 255 0 255 0 255 0 255 0 135 255 255 255 193
    0 0 255 255 165 0 183 0 243 0 161 0 255 0 0 0 0 255 2 255 0 246 255
    255 0 0 0 255 0 255 0 0 0 255 253 181 255 0 255 0 255 0 255 0 255
    143 255 255 0 42 255 0 255 255 185 0 44 128 255 255 0 255 168 107 0
    255 255 2 0 255 187 0 255 0 0 255 0 0 0 68 255 0 77 45 8 255 224 0 0
    255 255 255 81 255 255 164 255 0 0 193 255 0 0 255 0 31 152 75 0 244
    190 0 255 0 137 0 213 0 0 232 255 73 175 53 255 0 255 70 35 0 255
    255 0 0 0 0 255 255 255 0 108 0 110 0 0 255 255 0 255 255 255 255
    255 255 255 255 255 0 255 0 255 0 255 0 255 255 255 0 255 255 255 0
    37 0 255 20 0 217 119 255 0 0 0 0 255 58 255 255 0 255 0 255 146 0
    255 0 0 0 227 0 0 219 0 168 255 255 0 0 0 255 255 209 255 0 234 62
    125 0 255 0 0 255 255 250 255 255 173 173 143 255 255 0 0 255 0 255
    0 255 0 255 0 0 255 0 255 0 83 0 0 255 0 255 0 255 0 92 166 16 58 0
    255 0 153 0 255 106 255 0 0 255 13 255 0 79 0 255 193 255 91 0 255 0
    255 230 0 0 9 176 255 255 80 0 0 236 255 190 255 255 255 0 0 83 129
    0 0 0 255 0 255 0 255 255 255 0 0 255 0 0 0 0 0 66 0 255 229 255 255
    136 0 0 255 177 0 0 255 0 80 145 255 74 0 0 255 255 255 0 0 0 83 0
    255 255 75 0 255 255 0 0 255 255 255 0 0 0 130 255 0 0 0 80 255 63
    215 255 255 0 0 231 255 255 38 0 0 0 0 147 0 255 4 255 255 224 255 0
    82 0 23 255 125 255 255 0 0 0 255 255 255 0 255 255 53 0 50 0 255 0
    255 0 128 0 255 233 255 0 255 0 121 0 0 255 255 0 0 185 255 128 91 0
    255 0 255 255 255 0 0 0 223 99 0 255 0 255 0 255 255 255 67 0 0 72
    255 255 0 255 0 255 0 51 0 255 44 255 255 0 0 0 255 255 0 255 0 255
    255 255 0 255 0 0 255 255 255 216 0 255 116 0 0 7 143 255 0 0 0 255
    255 255 0 0 0 168 0 165 0 255 222 0 255 0 255 255 255 0 0 0 11 10 0
    0 255 46 255 0 0 0 255 0 244 255 0 0 42 118 255 8 255 101 0 255 91
    255 255 0 255 0 255 0 255 255 255 255 0 0 0 59 255 99 0 0 0 255 70 0
    0 255 255 0 255 255 0 209 0 133 0 0 0 255 255 255 0 40 0 255 0 255 0
    255 255 255 255 0 255 0 255 0 103 255 255 0 0 255 0 3 0 0 255 255
    255 243 0 255 0 255 0 173 0 255 255 255 0 222 243 255 0 183 84 0 0
    161 255 137 255 255 0 0 30 255 255 14 0 0 0 255 0 223 0 255 207 0 0
    210 0 255 0 79 0 255 0 255 0 255 0 255 0 255 255 255 255 0 255 0 255
    0 0 0 0 0 0 255 182 0 0 0 255 0 0 188 255 255 255 42 0 0 0 255 255
    255 0 30 0 255 255 255 0 0 0 255 255 0 0 0 0 90 255 255 255 168 0 0
    0 255 161 255 100 255 0 255 0 255 255 255 255 24 0 0 0 0 255 0 255
    154 255 0 0 0 255 255 255 0 255 0 255 0 255 66 135 0 255 255 255 0 0
    180 255 95 0 0 255 255 255 0 255 0 0 255 197 0 255 0 255 199 0 0 255
    255 64 0 255 255 255 139 255 0 255 255 0 255 255 160 0 0 255 0 0 255
    255 0 0 0 118 255 255 128 0 255 255 0 0 0 255 255 0 0 0 255 255 0 0
    0 255 255 17 0 255 79 170 255 161 255 0 255 0 142 255 0 0 255 255 75
    0 0 255 0 255 0 255 255 0 255 140 255 0 255 255 255 0 0 255 255 255
    255 0 0 255 255 255 139 255 0 110 0 71 0 0 255 76 0 255 95 255 255 0
    0 255 255 255 255 255 0 0 0 254 0 129 255 255 255 0 0 255 113 142 0
    252 206 51 255 78 0 0 255 255 232 255 37 255 255 255 37 255 0 0 255
    120 0 255 0 255 255 255 255 255 0 0 0 95 248 255 255 112 122 82 194
    0 93 255 58 0 159 255 247 255 27 0 0 39 255 255 202 0 0 0 255 0 255
    0 0 0 0 255 255 249 255 255 255 58 0 129 0 89 0 153 235 129 255 255
    255 178 0 255 131 255 0 0 255 255 0 0 0 255 255 255 0 255 255 255 0
    0 255 255 255 128 0 0 0 0 131 255 0 255 255 255 0 0 0 97 255 255 255
    0 255 255 255 9 255 255 255 115 0 137 255 255 255 0 0 0 77 0 255 0
    255 255 255 211 28 0 255 255 255 163 0 58 255 255 0 61 140 0 255 255
    255 4 255 0 0 0 182 0 255 0 52 159 255 134 255 0 255 0 175 255 255 0
    255 0 107 255 255 0 255 0 73 0 255 255 162 255 0 0 0 0 255 255 166 0
    0 255 255 255 0 59 0 255 255 255 255 183 202 216 0 255 255 92 255 0
    0 0 0 180 255 255 255 0 0 0 255 0 255 0 255 75 117 255 255 255 255 0
    0 0 255 255 205 22 0 146 0 87 0 255 255 187 0 0 255 255 47 0 152 255
    0 0 0 255 0 255 255 0 83 83 255 255 0 0 255 255 255 190 0 255 0 255
    0 255 0 7 0 255 255 255 0 0 0 255 0 0 0 255 0 255 0 255 0 255 0 255
    0 0 255 255 255 80 0 0 0 255 0 255 0 73 0 74 0 255 255 253 255 255
    255 0 0 0 255 0 12 255 255 0 169 255 80 255 12 255 212 0 0 255 255
    199 0 0 255 255 98 0 0 255 255 0 163 0 255 255 255 116 0 255 0 255 0
    0 255 255 255 0 255 255 255 255 0 0 255 255 255 0 255 0 255 255 100
    255 255 0 0 0 255 255 255 255 0 255 0 255 0 33 0 0 50 255 132 255 0
    0 0 255 255 57 255 0 255 255 0 54 0 255 197 0 255 20 53 0 169 137 0
    255 0 0 255 255 255 119 255 255 255 0 0 241 0 0 14 255 255 70 255
    214 251 215 0 255 255 255 0 0 255 255 0 255 255 0 140 139 0 0 0 255
    0 0 211 7 255 255 255 255 255 181 255 255 0 255 255 255 43 255 0 255
    0 255 0 255 0 255 255 154 255 0 0 0 0 0 255 0 75 255 255 255 0 0 2
    255 255 0 0 0 255 226 255 0 0 137 255 255 0 255 255 0 0 255 78 0 255
    150 0 0 255 0 0 255 255 184 0 0 255 0 73 55 255 255 0 255 0 0 0 0
    255 255 171 255 0 0 8 24 255 0 0 255 255 255 222 255 255 0 0 255 255
    0 0 0 255 79 255 0 255 29 255 0 192 0 104 0 99 233 145 255 0 255 0
    152 0 255 255 0 255 0 255 189 255 202 210 136 37 0 255 92 0 255 255
    255 0 255 0 255 255 255 0 255 80 0 64 84 0 0 255 255 0 255 255 255
    255 0 0 255 255 255 0 0 0 255 255 0 0 255 255 255 0 0 255 255 0 255
    255 255 66 0 255 0 255 0 3 255 255 255 0 0 0 255 95 255 255 255 255
    0 255 0 255 0 102 51 0 255 0 255 0 0 255 3 255 0 255 0 255 255 0 0 0
    0 0 0 142 255 0 255 0 255 230 138 255 243 248 0 0 231 255 0 110 0
    255 0 255 255 255 255 197 0 0 255 255 0 153 0 255 0 255 255 255 255
    0 0 148 91 131 149 255 0 0 0 255 255 98 0 0 255 0 255 0 255 127 255
    0 255 0 0 0 255 255 189 255 0 0 255 255 0 0 0 255 0 0 213 255 255
    190 0 67 0 255 139 0 0 255 255 255 255 0 255 0 255 166 0 154 167 255
    255 0 0 215 0 0 255 212 0 155 255 0 119 0 255 0 255 63 255 255 0 0 0
    255 0 255 0 0 255 100 255 0 255 0 255 255 1 255 255 255 0 194 199
    255 255 255 0 48 233 255 255 255 69 0 255 0 0 0 255 179 0 0 255 83
    255 0 0 245 0 13 0 255 255 0 0 255 142 143 255 0 171 0 0 255 255 255
    0 0 255 255 0 255 0 0 0 0 156 0 0 255 255 0 0 144 0 255 0 255 0 255
    223 255 0 255 211 0 17 219 232 255 255 255 0 255 0 0 69 168 255 0
    255 0 0 255 0 255 255 0 255 0 0 0 255 255 0 0 149 0 0 0 0 255 255 0
    0 255 255 255 39 0 130 0 255 170 255 0 255 0 255 0 255 0 255 0 111 0
    0 255 191 255 0 255 0 255 153 0 0 0 255 0 255 0 255 255 0 255 255 0
    0 0 161 255 255 255 255 0 38 0 255 255 144 255 0 171 0 144 0 0 0 255
    255 0 0 0 126 81 0 255 0 255 255 255 255 0 0 0 0 255 0 255 255 206
    222 3 184 24 0 0 255 255 0 255 255 255 0 0 116 0 255 0 171 255 0 255
    185 255 0 6 0 109 0 0 96 255 0 152 255 0 0 255 255 255 0 0 0 255 162
    0 255 0 49 0 0 185 0 0 255 26 255 255 16 255 0 0 0 84 255 255 255
    204 0 0 0 255 197 0 85 255 255 173 0 255 0 96 0 0 255 255 0 0 0 0
    255 0 0 255 0 255 255 0 0 255 0 9 0 0 255 255 0 0 0 255 230 255 53
    255 0 0 0 255 255 255 0 249 255 0 0 174 255 161 0 255 159 27 255 0
    221 0 198 255 255 255 244 130 0 0 230 167 255 0 255 0 255 19 255 255
    0 255 152 255 0 152 255 0 0 0 255 232 176 255 255 0 255 255 252 0
    146 123 255 255 45 255 0 255 243 180 0 0 0 255 255 0 0 255 0 255 0
    255 0 255 0 255 99 255 255 0 0 141 255 0 255 255 255 239 0 255 255 0
    32 255 100 0 255 255 255 0 0 112 255 255 130 0 0 0 255 255 255 255
    255 255 0 0 0 230 215 255 0 0 0 216 219 255 255 255 0 0 0 255 255
    255 0 153 0 255 0 255 0 255 255 0 255 0 255 0 105 109 255 0 255 0 0
    0 0 3 255 255 0 0 255 105 0 0 255 0 255 0 128 0 0 14 255 144 255 0
    255 255 0 144 0 255 12 0 0 255 255 181 0 255 255 88 214 0 255 16 65
    233 8 0 162 0 15 0 0 255 255 255 0 255 0 190 255 7 0 147 0 255 255
    255 255 255 0 255 0 0 0 0 186 255 255 80 30 245 0 0 0 255 255 0 0 0
    255 255 0 0 0 255 0 0 0 255 255 171 255 171 0 255 255 0 66 0 152 255
    255 0 0 0 0 255 0 0 163 255 255 255 255 0 0 0 255 255 255 0 241 166
    45 211 0 177 0 255 0 146 0 255 255 255 250 0 0 0 255 255 0 255 0 35
    0 0 64 255 8 0 0 255 255 255 0 177 0 0 77 0 38 0 255 0 255 196 255
    255 228 0 0 255 201 0 0 255 114 173 255 255 0 0 0 255 255 255 255
    255 0 224 255 255 255 0 0 0 82 255 170 0 0 0 255 255 255 0 136 255
    255 0 255 0 255 123 255 0 255 192 255 0 255 255 255 26 0 0 116 255
    255 0 0 0 255 0 255 0 255 25 255 0 255 0 56 0 255 73 34 0 0 255 255
    255 255 0 255 0 0 0 255 0 0 0 255 255 0 0 255 255 14 255 153 0 0 255
    0 0 0 255 255 255 0 0 217 255 159 0 0 238 3 0 0 29 255 255 0 51 255
    0 255 0 0 255 255 0 0 255 105 255 232 255 255 255 0 255 0 255 0 255
    186 0 0 168 0 255 180 255 155 0 255 18 172 255 8 227 255 0 255 0 0
    255 255 0 148 0 255 0 0 0 255 255 255 255 0 0 0 255 0 135 255 255 0
    0 0 0 249 192 255 108 243 7 196 229 0 255 0 255 64 255 0 158 253 255
    0 255 255 255 0 255 0 255 0 0 0 0 255 255 255 31 255 0 179 0 40 0
    159 0 0 255 255 255 0 0 0 0 255 0 255 0 0 0 255 255 255 0 0 0 255
    255 0 0 255 255 192 17 255 76 0 63 11 255 0 255 0 255 0 255 37 0 0 0
    255 0 255 255 255 0 255 255 255 255 188 255 20 255 255 0 90 0 255 0
    255 0 255 0 255 125 34 255 0 0 255 232 255 255 0 255 0 0 94 255 0 0
    255 0 255 0 255 255 255 90 0 255 255 255 255 255 0 0 0 132 159 255 0
    255 255 228 107 0 255 255 255 255 0 255 0 251 0 255 255 255 255 0
    255 0 0 0 255 0 255 255 0 14 255 0 0 255 0 255 174 140 255 255 255
    58 113 255 0 0 62 0 0 255 244 17 174 255 255 155 0 0 255 106 0 0 27
    116 255 0 255 0 0 0 255 255 255 255 0 0 0 0 255 0 255 0 0 0 205 0 0
    146 0 255 255 36 88 0 0 0 255 255 0 0 174 188 0 0 18 165 0 0 255 162
    255 255 0 161 126 0 255 0 19 0 255 43 130 255 0 255 0 255 255 255
    137 0 0 0 0 255 255 85 45 0 0 155 49 255 255 255 0 0 106 0 255 255 0
    255 0 53 255 18 182 224 119 0 255 184 214 1 255 0 224 0 255 0 0 255
    255 0 0 0 255 0 0 13 255 0 255 0 0 0 255 255 0 0 0 255 255 0 98 1 0
    255 255 13 0 0 0 255 255 255 0 255 255 255 188 0 255 255 0 0 0 0 255
    255 255 0 0 228 255 255 255 0 0 0 0 0 255 255 0 255 0 237 0 255 255
    255 3 255 98 255 0 0 0 3 23 255 0 255 0 255 210 255 177 227 255 255
    101 255 0 255 0 0 255 18 255 0 15 255 227 0 0 56 0 0 0 107 104 255 0
    255 255 195 255 207 255 0 0 255 0 212 0 255 0 0 0 255 0 255 255 86 0
    255 255 0 255 0 57 0 125 255 255 255 0 73 0 255 0 0 255 255 255 117
    156 0 45 170 0 255 255 88 77 198 255 255 0 0 0 255 30 0 96 0 0 255 0
    0 0 0 0 255 255 90 255 0 255 0 108 0 0 255 0 255 255 255 0 255 255
    255 255 0 0 0 255 255 0 255 255 114 255 0 184 0 255 0 0 255 255 255
    0 0 0 255 255 255 199 0 0 255 255 255 201 0 212 132 150 0 0 255 255
    255 0 0 210 0 0 255 255 213 0 0 0 112 255 0 255 255 0 255 0 0 0 0
    255 255 0 232 99 0 255 72 0 255 10 255 0 0 0 4 255 244 86 0 0 0 255
    0 255 255 255 232 0 0 199 252 255 0 255 255 224 0 0 255 0 255 0 0 0
    255 255 255 0 69 0 255 241 0 255 255 0 9 0 44 0 255 0 136 255 0 186
    0 255 255 0 0 255 255 255 203 53 174 0 255 0 255 0 255 231 255 0 255
    0 255 255 255 255 255 0 0 0 255 0 0 0 255 0 255 0 185 255 255 196
    224 0 0 63 255 142 255 101 255 0 150 255 0 255 217 255 0 44 90 0 45
    26 0 255 0 57 223 0 255 255 255 0 0 122 0 255 0 255 0 255 0 0 0 0
    255 0 213 0 255 80 255 76 255 69 154 59 0 0 237 255 255 255 0 255 0
    0 0 255 255 0 255 131 209 0 230 255 0 255 0 0 255 255 0 0 0 255 15
    255 0 255 0 255 171 133 0 255 0 255 0 210 255 255 0 255 0 0 255 0 0
    0 255 255 255 0 255 0 0 7 166 255 0 0 0 0 255 255 123 0 0 0 0 74 255
    0 0 255 255 0 227 255 255 26 0 255 19 255 0 0 0 0 255 255 0 255 199
    240 255 255 255 0 0 0 0 0 0 0 255 255 46 0 0 255 255 213 0 0 0 0 255
    255 255 0 255 0 0 0 255 0 255 255 255 0 255 0 255 0 255 0 255 149
    255 0 98 255 0 0 0 255 0 255 0 255 224 140 255 255 255 0 0 136 0 0
    255 0 255 254 0 90 0 255 255 255 236 114 0 0 255 255 255 138 255 255
    0 98 75 255 0 255 0 0 255 0 189 0 255 255 0 0 0 255 176 255 0 255
    255 0 255 255 171 255 0 0 71 161 255 255 0 0 136 0 0 255 197 255 0 0
    132 255 255 0 216 0 0 255 255 0 255 194 255 0 0 181 255 255 0 0 255
    0 0 239 0 0 255 18 255 107 0 255 255 18 255 0 0 52 255 255 189 0 43
    255 255 0 0 0 255 0 0 0 0 103 0 164 0 255 255 31 242 219 255 0 255 0
    255 149 0 0 246 187 255 255 0 0 0 0 255 255 255 0 255 255 157 196 0
    255 255 255 84 0 0 0 0 255 255 185 182 24 255 55 255 0 255 147 255
    157 144 215 0 0 255 255 255 199 0 0 255 255 255 0 255 255 216 0 0
    117 255 0 0 255 255 255 255 73 255 255 0 0 255 215 80 0 131 255 255
    255 0 0 0 255 255 255 0 0 76 255 0 0 255 237 153 0 47 0 255 0 0 255
    0 0 143 255 161 0 0 255 0 255 61 255 231 255 0 0 255 255 0 255 0 255
    0 194 0 82 224 255 0 0 79 195 255 255 255 0 0 0 0 0 255 117 255 255
    0 0 255 232 206 0 255 0 255 36 255 0 198 0 106 35 236 103 255 0 255
    0 0 0 0 36 255 255 0 110 255 0 255 23 255 0 255 0 255 255 255 0 187
    182 42 0 0 0 255 0 255 0 255 146 255 255 0 255 0 0 0 160 255 255 0
    255 0 126 0 255 132 255 0 0 255 255 255 165 255 0 255 0 255 0 0 12 0
    255 255 126 0 255 0 185 255 255 255 0 0 0 0 255 0 0 255 18 255 0 0 0
    0 255 0 127 0 0 0 105 255 255 255 0 255 15 255 0 0 161 255 255 176
    78 255 255 255 0 0 0 255 0 44 255 114 255 255 0 0 0 255 0 255 255
    116 253 0 255 255 255 255 0 0 0 0 0 255 4 255 170 0 0 0 255 0 255 0
    255 255 255 255 255 0 0 255 255 0 255 0 0 255 255 255 0 0 255 255 0
    0 0 255 255 255 0 66 0 255 0 21 0 255 39 255 0 255 0 0 0 255 255 255
    255 0 255 0 255 255 0 255 0 255 255 255 0 223 255 255 255 0 116 0
    255 85 94 255 0 0 0 255 255 255 0 255 255 0 93 0 255 34 255 255 0 3
    50 0 147 255 0 57 0 255 85 88 0 255 255 255 73 255 255 0 0 255 0 255
    0 255 255 255 255 216 0 0 255 255 255 0 0 0 255 63 255 255 0 0 255
    255 0 42 0 0 255 19 255 57 0 255 163 48 0 251 0 255 0 255 83 255 117
    0 0 0 0 64 0 255 0 255 0 0 255 0 0 255 255 0 0 0 0 0 255 43 255 128
    0 255 0 255 0 255 0 75 224 254 0 130 174 151 0 255 255 255 0 121 255
    10 67 0 255 0 255 0 142 0 255 0 255 255 0 255 35 255 0 0 255 0 0 0
    255 255 255 255 0 0 255 255 235 0 0 0 255 0 26 255 220 0 0 255 255 0
    255 155 255 255 0 0 255 142 219 79 255 255 255 255 0 255 255 255 0 0
    0 227 0 0 255 255 255 255 255 255 0 255 0 0 248 255 110 25 255 210
    60 0 255 255 255 0 227 0 255 0 255 154 255 0 255 0 58 0 0 127 0 255
    0 255 255 189 120 0 255 152 255 0 0 0 0 9 104 0 255 255 0 0 0 255
    255 255 0 166 0 0 0 45 255 255 255 255 0 0 0 0 255 0 255 0 255 0 216
    0 255 255 255 0 0 0 70 0 0 66 255 255 0 0 0 0 255 255 255 255 0 13 0
    0 0 255 255 255 255 0 0 0 255 255 255 0 0 255 255 0 229 0 255 0 0 0
    255 255 255 0 84 255 255 255 0 0 255 255 255 52 0 33 255 0 255 255
    255 0 0 0 0 255 27 255 0 0 255 0 94 255 217 255 127 246 0 255 0 0
    117 69 255 255 0 0 255 0 0 0 255 248 0 255 0 255 0 255 0 255 0 203
    255 255 0 255 255 255 0 0 0 255 102 255 141 6 0 0 185 0 160 255 0
    255 255 0 0 0 255 0 255 255 0 122 0 255 0 255 255 0 0 0 255 0 255 0
    255 255 255 255 0 0 7 255 255 228 153 255 0 165 80 0 94 0 0 255 0
    255 0 255 255 255 0 0 0 255 0 255 255 247 0 0 255 255 0 255 0 255
    255 255 255 0 86 0 0 255 255 255 255 255 0 0 0 255 0 255 235 0 25 16
    255 255 91 0 255 255 90 0 0 0 255 255 0 171 0 0 139 255 0 255 255
    255 255 0 95 0 255 46 255 255 255 0 0 0 255 0 0 255 255 0 255 0 255
    0 255 70 255 0 255 255 255 0 234 255 0 255 0 16 0 255 255 255 0 255
    0 255 0 163 0 254 255 255 255 0 255 255 255 255 0 207 185 0 0 0 255
    0 94 0 10 255 255 255 0 255 0 255 0 51 243 0 0 255 172 66 0 0 252
    255 169 255 255 255 0 0 223 0 222 0 255 255 255 255 161 38 255 0 255
    0 102 0 255 255 141 35 110 0 0 142 0 255 255 255 189 0 0 0 0 0 255
    255 255 182 0 0 0 0 0 255 0 0 255 255 126 255 0 108 0 0 0 0 0 255
    255 255 147 0 234 0 255 216 255 0 0 0 255 255 0 0 255 0 215 0 255
    255 255 75 0 255 0 0 0 0 255 51 0 226 0 0 104 255 0 0 255 0 255 255
    0 0 0 255 255 116 93 0 0 0 79 255 255 255 255 255 12 0 166 255 0 255
    0 255 255 255 0 0 180 255 255 0 0 0 255 0 255 255 88 0 255 255 153 0
    255 255 0 179 255 255 31 255 0 0 255 255 0 0 0 0 0 255 0 255 0 255
    255 94 129 0 255 255 71 0 255 8 178 0 0 255 37 255 0 61 0 0 255 0
    255 0 0 0 255 255 0 0 255 48 208 0 0 255 0 0 0 255 0 0 176 254 255 0
    205 0 255 0 44 0 0 255 0 255 54 51 255 6 190 255 0 0 0 139 0 148 255
    255 255 255 0 255 0 255 255 255 255 0 0 255 255 227 60 255 255 255 0
    255 0 255 184 255 255 255 255 0 234 0 169 255 255 255 255 153 0 255
    0 255 0 0 0 0 0 170 255 255 0 71 255 255 59 255 0 255 0 216 1 255 0
    255 0 255 255 255 0 11 194 255 123 0 255 255 255 0 168 0 255 255 0
    255 0 0 203 255 255 0 0 255 255 0 192 0 0 255 227 78 0 255 0 255 247
    255 173 85 0 0 255 255 241 225 0 255 0 0 0 255 215 0 0 0 0 180 255
    255 255 0 0 0 255 0 255 0 0 0 102 255 255 255 88 255 0 0 0 255 255 0
    0 0 255 255 255 255 0 0 0 255 255 0 0 255 0 255 0 255 255 255 255 0
    213 255 255 0 0 0 255 83 255 255 255 255 255 0 0 0 255 255 255 33
    255 0 255 255 0 0 255 255 125 0 88 0 177 255 177 255 255 0 0 0 255
    239 0 0 194 0 0 0 137 135 255 255 255 0 0 0 255 215 255 255 255 0
    255 255 0 139 255 45 146 0 0 234 255 119 0 111 0 0 0 0 142 255 255 0
    0 255 255 255 0 0 0 255 255 66 255 0 0 0 255 255 255 0 255 0 255 0
    255 255 255 0 0 255 156 0 0 0 255 255 18 10 255 0 27 0 255 255 6 204
    0 84 0 66 0 0 255 0 214 0 0 255 0 204 0 126 0 0 255 255 255 255 115
    255 255 255 137 0 0 255 61 255 0 0 0 0 0 255 0 0 0 255 0 145 0 166 0
    255 255 0 0 19 255 255 255 0 0 0 0 0 0 104 255 0 0 0 216 0 255 255
    255 0 255 139 255 0 255 241 255 0 255 231 255 21 255 0 176 0 255 0
    255 23 255 10 0 0 0 20 0 255 9 255 255 0 0 0 0 139 255 255 33 0 46
    140 255 137 0 0 255 40 255 0 255 255 0 255 255 255 0 0 201 125 210 0
    105 151 175 0 0 0 223 255 255 13 255 0 255 0 255 255 147 255 189 255
    252 0 0 255 0 255 129 230 0 255 0 246 0 0 163 255 252 255 255 0 255
    0 255 0 0 159 255 255 0 0 0 255 255 255 0 0 0 255 41 255 0 0 255 255
    0 0 167 0 82 255 96 255 255 0 0 0 255 23 229 29 255 255 255 255 255
    0 0 255 255 32 255 0 255 0 0 101 255 0 255 0 228 255 0 57 0 255 255
    92 0 0 0 255 255 255 219 0 188 255 95 255 190 0 255 0 255 0 0 255 0
    255 0 255 255 255 96 0 255 0 255 255 255 255 0 0 0 255 0 0 0 255 0
    255 255 148 0 255 184 0 0 230 0 255 255 255 34 0 0 235 117 181 255 0
    0 255 255 80 0 255 255 255 0 0 255 255 255 136 157 0 255 255 0 71 0
    255 0 255 0 0 9 0 255 255 255 7 0 255 255 0 0 0 255 0 0 0 255 0 0
    255 255 0 255 215 76 255 255 255 0 68 255 223 255 255 255 236 182 0
    0 0 0 255 0 236 0 255 0 255 255 255 0 0 0 0 110 255 0 255 255 0 255
    255 255 255 0 0 0 255 0 0 255 255 255 255 140 255 0 255 0 255 255 0
    255 23 255 229 255 255 0 255 255 0 0 255 255 31 0 0 0 255 114 255
    255 0 255 0 158 0 255 255 255 255 0 255 255 51 0 15 0 255 255 255
    123 128 162 255 0 255 255 255 255 0 0 0 255 0 32 0 255 0 255 255 255
    255 0 0 0 0 255 191 255 0 0 0 255 0 0 0 108 14 0 0 0 93 0 255 255
    255 205 0 0 49 255 255 255 255 0 0 145 255 255 255 255 255 255 0 0
    45 0 255 0 0 255 0 255 0 0 231 255 0 0 255 66 41 41 255 0 105 0 255
    255 255 0 153 0 0 146 255 255 119 0 0 0 255 0 0 0 21 255 0 0 255 255
    255 0 255 255 0 0 189 0 0 0 255 0 255 239 255 0 0 230 26 255 255 225
    255 0 255 0 255 0 255 0 253 0 255 255 255 255 227 0 0 255 255 161 0
    0 255 255 255 255 255 255 0 0 0 0 0 255 127 0 134 0 255 255 255 0 0
    132 255 255 10 255 0 0 0 0 0 142 0 112 255 0 255 0 156 225 0 78 0 80
    0 255 0 0 249 255 255 0 90 241 255 0 255 0 255 255 0 0 255 255 255 0
    211 79 0 0 155 0 255 255 56 0 0 0 255 24 0 0 54 255 0 0 0 0 38 255
    255 85 255 0 132 255 255 0 185 0 255 255 255 255 0 255 0 255 66 255
    28 255 255 109 0 0 0 255 0 255 0 40 0 216 255 0 255 255 255 0 255 0
    255 0 0 0 255 255 189 0 0 255 108 0 130 189 28 255 142 115 21 103
    255 255 255 255 255 0 0 255 0 138 0 255 83 255 25 255 0 120 0 255
    255 0 0 0 255 0 0 0 255 0 255 0 0 25 255 255 255 255 0 255 255 240
    255 221 0 231 103 255 0 162 0 255 168 255 0 255 255 104 0 255 0 111
    64 255 0 114 255 255 227 0 0 255 255 0 255 0 175 0 0 0 255 0 255 0
    255 0 255 255 0 255 141 255 0 0 0 255 255 255 0 255 0 250 0 255 51 0
    0 246 150 255 255 0 255 61 255 15 27 0 0 255 0 255 0 51 255 0 0 0
    255 0 0 190 0 0 255 255 255 0 255 0 255 0 255 0 0 255 255 255 0 0
    128 0 0 255 255 0 0 0 236 255 255 255 0 0 0 68 0 0 255 255 255 255 0
    0 0 0 0 255 255 255 255 116 252 0 0 255 255 0 0 137 255 255 0 0 0 25
    255 0 0 124 0 255 114 0 0 255 255 0 0 93 41 255 255 0 0 75 255 0 255
    255 255 113 0 0 255 0 255 0 255 134 255 243 228 25 145 255 0 0 0 255
    223 255 0 255 0 255 255 247 0 138 0 255 255 0 152 0 211 244 0 36 0
    255 255 255 0 0 36 181 255 137 255 20 255 0 0 255 255 0 26 255 255
    255 0 0 0 255 113 255 174 139 0 255 1 255 0 255 0 0 255 255 54 155
    44 0 255 255 255 255 0 0 0 255 0 255 0 0 255 0 125 0 185 255 250 0 0
    0 255 255 255 0 102 255 0 173 255 116 0 255 92 255 255 0 0 255 0 255
    0 255 34 255 255 0 0 255 0 255 255 255 160 0 255 0 0 255 0 255 255 0
    0 0 255 0 66 0 255 255 23 255 255 255 0 37 255 255 255 0 0 0 255 255
    255 184 0 255 0 255 0 255 255 67 0 255 0 255 255 255 0 250 0 0 0 0 0
    192 255 255 0 0 0 0 255 164 255 255 0 189 0 40 0 27 255 242 0 0 0 0
    93 255 0 0 195 0 255 46 255 0 255 255 210 0 0 255 0 0 0 255 255 255
    0 0 0 255 255 22 0 255 0 255 255 0 255 0 255 0 182 255 203 255 255 0
    0 24 0 255 66 207 0 0 0 0 37 255 255 255 255 255 0 0 0 0 0 92 255 0
    0 255 66 0 255 255 0 255 0 255 23 255 35 255 0 0 0 0 255 255 0 0 0
    255 255 14 0 0 29 255 255 0 0 0 0 255 152 255 255 0 0 255 255 128 0
    0 0 187 255 255 255 255 255 0 0 209 158 0 161 255 255 255 0 84 0 0 0
    255 0 255 224 138 255 255 255 255 57 0 0 145 0 170 255 0 24 0 0 0 0
    255 255 255 227 255 0 0 29 255 255 99 0 0 0 0 255 0 4 0 69 255 255
    255 0 125 0 0 255 0 168 209 255 253 123 255 97 0 0 0 0 255 130 255 7
    255 0 255 0 255 0 255 0 255 0 0 0 0 255 255 0 0 255 100 245 0 255 0
    0 255 255 255 0 255 0 255 0 255 0 255 0 0 0 255 255 255 161 154 0
    229 0 82 255 255 255 255 255 0 0 255 255 255 0 0 255 255 250 0 81 0
    0 197 255 0 255 255 255 255 0 255 0 255 255 0 168 0 0 49 0 255 212
    196 22 0 0 0 255 255 63 255 0 0 255 242 255 255 255 11 255 255 0 255
    0 0 0 0 0 255 255 255 0 255 209 0 0 105 255 255 0 0 255 255 255 255
    255 255 36 0 0 0 0 255 0 255 0 0 0 255 131 0 198 0 255 0 255 255 0 0
    0 0 255 0 255 255 255 133 0 255 0 255 0 0 0 0 255 255 0 255 0 255 0
    255 150 0 0 255 255 255 33 255 173 255 255 62 0 0 255 0 0 255 255
    255 144 255 255 255 0 0 0 255 255 0 0 0 0 255 0 255 0 255 217 255 34
    0 51 0 0 0 255 255 255 0 0 0 255 255 255 255 0 0 48 255 255 0 0 0 0
    255 0 255 0 255 255 255 255 0 243 255 255 255 255 0 255 2 95 0 109 0
    0 255 0 0 0 0 0 62 255 255 0 2 255 0 0 0 0 255 255 255 255 0 0 0 0
    255 255 255 0 255 0 255 130 255 255 0 0 0 0 144 255 255 255 0 255 18
    0 255 0 255 0 255 255 0 255 255 255 152 0 255 255 0 255 205 86 255
    255 255 255 0 225 54 255 0 255 193 255 255 0 0 0 105 0 255 0 238 6
    255 75 30 255 255 255 255 255 0 60 0 0 190 124 0 0 0 255 125 175 0
    122 0 255 46 0 0 0 255 0 255 255 0 0 255 255 255 255 0 0 0 0 255 255
    255 255 0 25 0 0 255 255 255 255 255 0 0 0 28 0 255 0 30 12 255 255
    0 0 222 83 255 200 0 255 255 0 167 0 117 11 0 255 255 255 255 0 255
    182 0 0 255 212 211 0 0 0 0 255 0 0 195 255 0 255 0 0 255 255 0 236
    0 0 182 0 255 255 255 0 0 0 0 0 0 255 0 0 0 255 222 255 91 255 0 0 0
    0 255 255 255 162 253 0 255 0 0 254 255 0 255 255 195 0 0 121 0 12 0
    161 255 0 0 201 255 0 239 0 255 45 255 0 255 255 255 255 0 0 0 255
    90 0 0 255 0 255 255 255 0 0 170 255 0 33 0 255 255 0 254 255 0 30 0
    255 0 104 96 0 0 0 255 0 0 0 0 0 0 255 255 255 24 255 255 255 0 0 92
    0 255 0 255 0 255 138 255 0 0 24 255 255 0 119 255 0 0 0 144 255 0
    255 194 201 255 0 2 255 255 0 0 0 0 0 255 255 40 0 235 255 216 1 0 0
    255 255 161 139 0 255 255 247 136 0 207 0 255 0 255 255 179 0 255
    250 255 0 0 0 255 255 0 255 0 0 151 255 255 255 103 255 207 20 135
    255 255 0 0 0 255 243 255 0 255 255 0 169 39 255 0 0 0 16 255 255 0
    255 0 255 255 0 0 0 0 255 0 255 0 255 0 255 255 255 0 12 255 255 0
    255 0 255 0 255 0 255 0 255 0 170 0 255 152 0 255 255 81 0 255 255 0
    255 255 0 215 0 255 0 80 0 255 255 255 255 255 139 220 0 76 215 0
    255 255 255 255 189 0 0 255 255 255 0 0 255 0 0 255 255 255 0 0 0
    176 255 0 0 0 255 255 0 0 0 255 255 255 0 255 255 83 255 255 34 0
    255 255 163 255 255 145 0 255 255 255 255 255 8 255 94 28 255 255 0
    0 255 0 0 48 255 255 0 0 0 255 255 0 0 0 255 255 0 0 255 255 174 0
    255 91 0 255 255 232 255 0 135 0 255 0 255 0 218 255 255 255 255 236
    255 0 0 112 255 1 255 0 255 255 0 10 38 255 0 255 255 255 0 39 29
    199 204 6 0 0 255 255 0 244 26 255 0 255 0 255 0 0 71 255 230 0 255
    0 255 0 196 0 205 255 0 255 255 255 17 0 255 0 255 255 255 0 126 0
    110 0 0 255 255 255 0 0 0 255 0 255 0 206 0 255 0 0 171 0 255 255
    255 0 0 16 255 0 0 255 137 255 0 0 0 255 255 255 0 0 0 0 135 255 255
    50 0 208 0 255 255 90 0 0 255 0 255 0 0 0 174 255 0 255 255 139 170
    0 0 255 0 255 45 175 0 4 255 199 255 0 196 0 57 255 255 0 0 0 255
    255 255 102 61 137 255 255 0 0 0 0 0 0 231 255 255 0 255 0 255 0 0 0
    255 0 255 255 255 255 255 0 162 16 255 255 49 255 255 255 255 255 20
    0 0 255 156 117 0 0 0 255 0 0 0 255 255 0 255 0 117 0 255 255 0 68
    147 0 255 0 0 38 255 255 0 255 255 143 216 0 255 111 255 255 0 0 0
    255 255 0 0 173 34 255 255 0 0 0 255 255 255 0 255 255 0 0 0 0 175 6
    255 255 255 255 128 0 0 0 0 0 0 255 132 0 0 255 255 17 0 105 224 193
    255 255 255 0 0 30 255 192 0 0 0 255 255 0 255 55 90 255 255 255 169
    38 0 0 252 255 0 0 255 255 255 255 34 255 0 255 255 255 0 28 255 255
    255 255 255 0 255 255 0 0 0 255 255 255 0 255 255 255 220 0 0 225
    255 255 255 0 255 0 255 0 0 0 255 0 255 39 255 0 0 0 255 0 0 0 255
    255 0 255 0 255 255 0 0 0 255 3 0 65 255 255 154 0 255 29 255 255
    255 255 68 255 255 0 0 0 0 102 39 185 255 255 255 0 0 0 0 0 255 0
    255 164 255 0 255 0 255 186 255 0 0 79 255 209 67 255 34 0 42 255
    255 231 0 0 209 20 255 255 0 0 0 255 0 255 0 255 255 0 55 255 0 43
    255 0 255 255 214 223 0 255 0 0 255 255 255 0 255 255 255 255 255 0
    255 0 255 255 255 166 67 0 0 255 0 113 52 255 0 255 255 97 0 0 255 0
    0 0 255 255 255 255 255 255 0 0 255 255 0 0 255 255 255 255 110 0 0
    0 255 0 70 255 37 0 255 0 255 94 255 255 0 0 0 0 32 159 255 255 164
    1 0 0 53 255 28 116 156 0 177 255 255 0 188 0 0 255 255 0 117 0 184
    0 95 0 255 82 26 0 255 192 62 0 0 255 137 255 0 151 0 220 0 255 0
    255 255 0 0 255 255 255 255 174 0 0 255 40 255 0 0 255 255 0 0 0 255
    255 255 0 0 255 68 0 0 0 79 0 0 255 255 116 0 0 0 254 0 176 255 255
    0 255 0 255 255 0 255 0 255 0 0 255 255 124 107 255 149 255 0 182
    239 255 255 201 255 0 0 0 0 0 48 255 149 117 255 255 255 20 0 0 255
    255 255 0 7 0 255 0 255 0 255 75 0 0 0 175 255 255 0 255 0 0 255 255
    141 255 133 0 0 255 255 0 0 255 255 255 0 159 0 0 255 0 255 0 255 0
    0 0 0 255 0 0 255 255 23 0 255 255 61 0 0 255 255 0 255 0 255 0 114
    0 190 255 255 255 255 255 0 122 38 105 0 255 255 255 255 0 0 56 255
    255 206 255 245 142 0 0 0 255 0 255 0 255 255 255 55 255 0 255 0 0
    255 255 255 0 0 255 47 19 255 0 165 0 0 0 30 158 255 0 255 0 255 0
    255 80 255 90 72 0 255 0 210 255 255 0 0 0 255 255 255 124 0 209 136
    255 255 255 0 0 0 255 0 255 255 1 0 0 226 255 255 255 255 0 84 61
    150 186 255 0 255 0 255 255 0 255 0 255 0 9 0 255 0 255 255 81 0 0
    136 255 255 0 255 0 255 0 91 0 255 255 255 0 255 0 255 0 255 167 133
    255 255 255 174 255 84 0 62 159 0 255 87 255 0 215 248 0 0 0 255 255
    0 0 255 255 0 255 0 255 0 255 0 255 0 255 0 0 0 0 0 255 0 255 0 255
    0 255 0 28 255 0 255 255 0 255 0 255 255 255 0 255 0 255 39 0 0 255
    114 94 0 199 0 255 0 0 194 227 255 0 0 0 211 255 0 255 255 255 0 255
    0 0 0 0 32 0 0 255 105 246 219 255 255 255 0 216 0 255 0 255 217 0
    224 255 74 103 0 0 32 0 0 47 255 0 255 0 255 0 255 255 0 0 255 255 0
    0 134 0 0 0 0 255 255 255 255 0 0 0 0 255 159 147 174 255 196 0 147
    255 242 255 255 0 0 255 255 71 255 0 0 0 0 255 0 135 0 255 255 255
    255 0 255 0 255 0 255 57 183 0 0 0 255 0 255 255 0 5 65 255 0 255 0
    0 255 255 255 0 255 0 0 0 255 41 0 24 255 0 0 255 0 254 0 255 255 0
    0 0 255 59 168 0 0 0 0 0 232 255 255 250 255 0 225 0 255 0 255 0 255
    0 255 250 152 92 0 0 0 255 255 0 0 141 255 255 0 255 255 0 255 0 255
    0 148 0 131 0 0 54 205 0 58 255 0 238 255 0 0 0 0 255 255 0 0 79 0
    177 255 255 0 141 0 255 255 231 0 50 0 255 255 255 255 236 102 255 0
    255 0 255 185 255 0 194 0 0 0 255 255 244 255 0 255 0 255 35 255 0
    61 0 0 0 255 255 27 218 0 162 255 228 219 0 255 0 255 0 255 196 255
    0 0 0 255 255 255 0 255 0 61 0 255 255 255 255 255 201 255 0 0 255
    53 255 255 255 255 255 0 0 0 47 0 255 255 230 255 0 255 0 0 255 181
    0 245 0 0 255 255 255 0 70 165 255 255 0 255 255 249 0 0 255 0 255 0
    154 0 255 0 0 0 255 176 153 255 255 0 0 0 255 255 255 224 255 83 255
    0 255 0 255 29 255 255 0 0 0 255 255 244 255 0 0 163 0 255 255 255
    148 244 255 255 255 0 255 231 0 238 0 255 0 255 0 255 0 36 0 255 255
    255 0 255 0 86 160 0 0 0 0 255 0 0 255 0 255 0 0 0 221 0 31 255 255
    255 0 163 0 255 0 0 0 202 0 255 255 255 255 81 0 0 0 28 0 255 245 0
    0 255 0 158 0 255 0 99 255 255 255 0 105 0 62 0 0 255 0 255 0 255
    255 0 0 0 0 0 255 0 255 0 255 255 255 0 136 131 255 0 185 255 255
    255 182 0 65 101 255 0 77 0 82 255 200 255 0 255 0 255 255 0 255 0
    255 0 209 170 255 184 255 255 0 238 255 46 0 248 255 161 0 0 255 255
    255 255 0 0 107 255 255 222 255 255 255 0 117 0 0 255 255 0 0 255
    104 199 0 255 255 255 0 0 0 0 0 0 245 218 255 255 255 162 0 0 255
    255 255 0 0 0 255 135 255 0 43 0 255 191 255 255 0 255 255 0 0 0 0
    145 255 0 255 255 255 0 0 255 229 119 255 255 255 0 0 0 241 0 255
    180 255 255 0 0 255 255 255 0 218 0 255 255 255 92 0 255 0 255 0 0
    245 0 0 0 144 0 255 0 107 0 128 255 0 255 0 255 255 255 0 255 0 0 0
    22 20 84 0 255 255 0 255 170 179 0 255 0 255 239 255 134 255 0 0 0
    255 255 0 255 35 0 0 255 255 0 0 0 255 144 255 0 0 0 0 255 255 0 127
    255 0 0 255 255 0 0 99 0 255 255 0 0 255 255 83 255 255 255 0 0 255
    255 0 18 0 255 207 255 125 255 0 0 0 0 255 255 0 0 0 255 0 93 0 0
    197 255 255 0 255 0 255 255 255 0 255 255 255 163 255 0 0 117 117 0
    255 81 255 101 0 0 0 255 0 255 59 255 87 0 226 255 255 0 12 0 0 0 0
    0 255 255 255 255 255 61 255 255 255 0 0 0 255 255 255 255 87 255 0
    0 255 255 255 35 255 255 0 0 255 255 255 0 255 255 255 225 0 255 252
    255 0 0 0 255 255 255 38 255 0 255 255 231 255 255 0 0 255 222 0 0
    255 255 255 255 255 255 255 255 226 173 0 0 0 0 255 0 0 0 150 0 255
    0 255 255 187 255 255 0 0 105 0 255 255 255 0 0 0 135 0 0 255 0 0 0
    255 255 27 50 255 23 255 0 0 0 255 225 255 0 0 136 0 25 0 255 0 0 62
    255 0 255 0 0 0 255 255 255 0 0 255 0 255 0 255 0 255 0 255 0 102 0
    0 89 255 255 0 0 160 40 0 255 203 220 94 0 255 0 211 255 255 255 0
    190 0 0 0 57 255 255 255 0 195 255 0 0 255 255 0 255 0 255 0 255 255
    114 0 0 0 255 193 255 255 0 0 0 255 255 0 255 255 255 0 0 0 255 255
    255 255 0 0 0 0 0 255 255 255 0 0 0 0 255 0 255 255 255 0 0 0 255 0
    30 0 255 255 115 0 248 255 255 0 0 0 255 234 255 124 217 230 0 247
    255 255 255 0 0 0 0 0 0 231 181 255 0 181 204 255 0 223 0 255 0 255
    0 255 34 255 244 255 0 74 255 125 0 255 255 255 0 151 0 255 153 255
    0 0 80 255 255 71 255 255 255 0 255 255 3 52 0 219 0 255 0 0 255 255
    255 0 216 255 111 0 0 116 0 255 255 255 0 255 0 255 0 0 0 255 0 255
    0 0 0 255 0 114 0 255 255 255 0 0 0 0 0 0 255 255 255 0 0 92 0 52 50
    13 0 255 255 0 255 255 0 12 0 255 255 255 0 0 0 255 255 255 0 0 96
    245 255 255 255 133 255 255 0 0 0 255 255 58 255 0 172 255 255 255
    255 255 255 255 0 255 187 255 0 255 0 0 168 255 255 255 80 126 255 0
    255 255 0 0 255 255 254 114 255 0 255 255 255 100 0 0 255 255 0 253
    0 0 255 255 255 255 255 34 110 0 41 0 255 255 236 0 0 255 0 255 0
    255 0 255 255 0 212 192 153 255 0 0 0 91 81 255 12 0 139 255 255 0 0
    0 0 255 255 0 70 255 120 0 0 255 0 0 0 0 255 255 218 53 0 0 0 255 0
    0 0 0 255 214 255 0 133 255 0 111 255 255 0 0 0 255 0 0 0 255 255
    201 0 0 234 0 0 255 255 206 0 0 129 255 106 255 15 255 0 255 0 255
    255 0 0 0 0 0 255 255 104 0 16 0 255 0 255 0 0 255 0 255 255 0 62 0
    132 255 255 255 0 0 0 42 20 30 39 255 255 0 45 255 0 255 0 0 255 255
    118 0 0 255 255 167 0 211 255 255 0 0 183 0 67 0 255 255 0 44 0 255
    255 0 177 0 255 0 0 0 0 255 255 255 232 0 150 255 255 0 0 212 255
    205 0 16 255 0 255 255 255 0 0 0 255 255 0 0 0 0 255 255 255 255 255
    172 255 0 245 255 255 0 0 255 255 0 0 255 255 171 255 122 0 0 0 255
    255 255 0 0 43 124 0 177 0 255 38 0 0 108 158 0 255 0 104 255 255
    255 0 0 0 0 255 0 70 0 140 255 0 0 0 255 255 255 0 255 0 255 0 181 0
    255 233 255 0 51 255 105 0 0 0 255 0 197 150 255 180 0 0 255 0 40
    255 255 180 0 0 255 255 75 0 0 249 255 255 0 255 0 0 0 255 255 255 0
    0 255 0 255 0 255 255 255 250 0 0 0 0 130 255 0 181 255 255 0 43 225
    255 255 0 0 0 0 255 255 0 0 255 255 0 255 0 0 51 0 255 255 255 0 0
    122 255 172 0 174 0 0 0 255 0 0 255 255 0 255 0 255 255 192 255 163
    0 0 175 255 255 213 6 0 0 207 255 255 0 0 0 0 255 255 255 0 0 0 0
    255 223 167 124 255 0 166 255 0 0 154 255 0 255 0 255 66 255 0 0 133
    255 24 255 0 0 255 255 255 255 43 255 0 255 255 255 255 0 140 0 0 0
    0 255 161 255 255 0 255 255 255 0 0 0 255 0 255 0 255 0 0 0 255 255
    0 255 0 0 35 0 255 191 255 255 68 0 0 0 255 0 0 0 255 255 255 20 255
    0 0 0 0 239 255 0 255 0 255 9 255 255 255 47 0 0 255 255 239 0 255
    34 122 255 0 25 255 255 0 255 0 0 30 255 255 126 255 255 248 184 255
    255 255 0 0 255 0 255 255 255 0 0 0 255 182 248 200 199 255 255 255
    0 0 0 34 0 255 255 255 0 0 0 255 72 255 0 255 255 255 0 0 255 0 0 3
    0 154 255 114 255 99 255 255 255 97 132 255 115 0 38 0 255 0 0 0 255
    187 255 0 255 255 103 255 0 18 47 0 255 255 108 0 0 0 255 255 255 0
    255 27 255 0 0 0 0 255 255 255 255 67 0 255 255 66 0 255 248 255 255
    0 0 255 255 131 255 0 0 255 255 255 255 255 0 200 16 0 0 0 255 184
    255 244 255 0 0 0 255 255 255 0 44 255 0 0 0 255 242 255 255 0 0 0
    255 2 255 255 0 0 0 255 0 255 0 255 45 255 0 0 0 255 255 0 255 0 192
    0 198 0 164 0 255 0 0 255 122 225 0 0 255 224 255 0 255 0 0 0 115
    255 255 255 142 110 0 0 255 255 0 255 0 255 255 107 0 210 0 255 157
    255 150 0 255 0 255 255 255 189 69 255 120 109 0 255 255 255 23 255
    252 255 255 170 0 255 255 255 255 0 0 0 0 255 255 255 255 255 0 0 0
    23 255 0 255 0 0 139 255 255 255 0 0 0 255 0 45 93 255 255 89 255
    255 241 0 255 0 30 0 255 25 255 0 255 42 169 86 0 0 0 255 25 255 226
    0 0 0 255 120 255 255 255 255 255 255 116 255 45 0 255 255 255 138 0
    0 0 216 188 0 0 255 255 255 0 255 255 255 48 255 255 54 255 227 0
    255 0 0 255 255 160 0 0 168 255 255 0 2 0 255 255 255 0 0 0 0 0 255
    255 255 0 255 0 76 255 255 0 0 0 255 97 220 0 255 255 71 0 0 0 255
    255 0 0 255 151 0 255 204 0 0 0 255 0 95 0 255 255 255 45 0 255 0
    255 0 0 58 255 225 0 255 0 255 0 255 0 0 0 0 255 0 0 184 105 255 0
    255 2 229 0 255 255 41 0 0 70 255 89 0 170 81 224 42 255 227 0 44 0
    255 255 255 54 0 0 0 255 255 255 0 0 100 255 255 255 255 122 255 255
    255 128 0 0 53 255 26 255 0 255 113 0 176 255 0 255 255 255 88 255
    125 14 255 223 255 255 255 0 0 0 0 255 0 85 0 0 255 0 255 0 255 0 0
    0 255 0 255 41 255 24 255 0 118 161 0 0 4 0 0 0 31 255 202 0 255 255
    0 85 0 194 174 255 0 140 0 255 0 0 0 30 71 0 255 0 255 255 0 0 0 138
    255 0 0 0 0 242 200 0 64 192 0 158 0 0 0 255 255 235 255 0 255 24
    255 0 255 255 255 255 0 0 0 0 0 255 255 159 0 255 255 255 3 253 255
    0 0 255 255 255 255 0 255 70 255 255 0 0 190 219 176 0 255 0 0 0 255
    255 0 255 255 255 255 0 255 0 255 244 225 255 0 255 0 111 0 255 255
    255 0 0 255 255 95 255 0 255 0 255 255 255 0 0 0 255 255 255 255 255
    0 255 0 129 0 0 172 0 0 0 255 255 0 0 255 10 0 0 0 90 255 0 255 0
    255 255 0 255 255 2 220 10 255 255 255 0 116 0 0 255 0 209 255 0 0
    135 255 255 255 0 0 0 255 0 255 0 0 0 255 0 255 255 0 0 255 42 255 0
    0 0 192 0 222 0 52 255 255 0 0 255 0 255 255 255 0 0 81 0 255 255 0
    0 255 0 0 234 255 255 0 0 255 0 203 105 0 0 0 255 255 0 0 255 0 14 0
    0 0 60 255 255 52 115 0 0 49 0 255 255 8 0 0 255 255 255 0 0 255 255
    0 0 0 165 116 255 255 0 255 255 0 0 0 203 0 0 0 0 255 0 255 116 0 0
    0 0 255 255 255 103 0 255 158 255 255 0 255 0 255 0 132 200 255 255
    255 255 255 0 255 0 0 0 0 255 255 255 221 0 0 255 255 20 255 0 76
    255 0 0 255 0 0 255 255 0 0 20 0 255 0 0 0 0 68 0 255 0 255 255 255
    0 205 0 0 145 255 79 255 255 8 0 0 255 255 0 255 0 255 0 153 0 255
    255 255 255 0 141 0 27 0 255 199 37 255 0 255 255 255 0 0 255 255 0
    0 255 255 0 0 0 0 255 219 255 0 255 0 0 105 45 0 114 255 255 0 176 0
    255 0 255 0 255 255 134 255 0 74 0 255 101 117 93 0 0 0 255 255 0 49
    0 255 255 255 255 255 0 0 0 97 0 0 0 22 255 0 255 0 255 0 16 47 0
    119 72 255 0 255 0 0 0 105 255 255 0 0 0 0 255 255 255 255 255 33
    255 255 0 0 0 191 255 255 255 0 255 0 0 0 0 255 83 255 0 0 0 0 0 255
    0 29 0 255 255 255 0 225 0 255 76 255 255 0 255 95 255 255 0 0 0 0 0
    255 0 255 0 255 215 179 255 0 255 255 0 136 0 194 255 58 0 255 255
    255 164 255 184 0 0 255 255 255 255 195 141 0 255 0 190 94 0 0 255
    255 177 255 0 0 220 0 255 255 255 169 0 255 255 0 0 186 255 80 182
    255 20 37 0 255 255 255 0 0 143 255 72 0 0 255 255 0 41 0 255 255
    255 0 255 0 255 0 0 170 0 255 255 14 255 255 255 255 150 255 255 255
    0 0 0 255 0 51 255 190 255 0 255 0 255 54 14 82 255 237 0 0 0 255 0
    0 0 255 255 56 255 0 63 0 255 61 0 255 255 255 255 0 0 255 255 255 0
    0 120 255 0 0 0 255 255 255 0 0 255 0 0 0 155 255 255 165 0 0 123
    167 0 104 49 224 209 0 255 0 255 213 0 8 0 0 255 255 0 0 0 255 255
    189 255 216 255 215 0 255 0 255 0 255 255 0 0 255 255 255 0 255 255
    255 255 0 0 22 255 255 181 255 0 255 196 255 255 255 255 102 0 255 0
    255 0 255 3 255 0 19 0 255 0 255 124 0 255 255 255 255 255 0 0 0 0
    211 255 255 0 0 255 255 255 239 167 0 6 60 255 255 179 0 179 0 255
    92 0 0 255 119 255 0 255 74 136 255 8 0 0 255 0 255 0 255 255 255 0
    0 116 211 22 0 255 255 0 255 0 255 157 0 0 0 255 255 255 194 0 255
    255 248 0 255 0 255 0 255 221 255 0 255 0 255 0 255 0 255 236 182 0
    196 255 0 255 48 255 0 0 0 0 11 255 255 0 162 255 255 0 164 255 255
    255 21 0 0 255 255 253 0 255 255 255 0 214 18 0 255 0 255 110 0 169
    255 255 255 153 0 197 231 255 78 255 255 0 0 255 223 255 0 57 0 255
    255 255 255 0 0 48 0 55 0 0 255 255 0 0 0 255 0 255 255 255 0 207 0
    0 0 0 255 0 0 0 0 255 0 217 0 255 0 1 185 0 255 255 0 0 90 255 138 0
    0 0 214 255 50 0 255 203 130 0 255 0 255 0 0 0 255 255 255 255 255 0
    255 0 0 80 48 0 255 144 255 255 255 0 0 0 255 255 255 255 0 0 0 25
    217 6 255 255 255 242 145 255 14 64 0 121 255 144 109 0 57 255 0 0 0
    0 255 255 255 127 0 255 255 0 0 255 84 101 0 0 0 34 255 0 0 255 255
    0 0 255 255 255 0 0 79 255 255 255 0 0 0 255 233 255 214 255 255 0
    255 0 0 0 255 0 80 0 255 255 255 0 255 0 0 255 255 255 11 255 0 0
    255 255 255 255 255 0 0 0 255 255 0 0 255 255 0 255 255 255 0 255 0
    255 181 255 255 255 154 255 0 0 165 255 255 65 0 214 255 0 0 255 0
    255 255 255 255 255 255 231 0 255 0 0 255 0 0 255 255 0 255 250 0 0
    0 255 249 28 255 0 0 0 0 69 255 255 255 0 255 0 197 255 48 94 255
    216 0 6 255 255 179 255 0 255 255 255 0 0 0 255 255 255 0 0 96 58
    255 0 0 0 0 244 144 13 0 255 255 0 0 0 255 21 98 0 60 255 255 74 255
    0 0 0 255 198 0 0 0 129 255 172 255 0 0 0 178 243 255 0 0 255 0 89 0
    255 0 255 0 0 0 255 255 15 0 255 255 0 255 255 255 255 0 255 177 255
    245 0 0 0 134 0 185 0 255 255 127 0 255 255 0 255 255 255 0 255 115
    26 0 0 255 255 255 0 116 0 0 255 0 0 123 255 255 255 255 0 46 0 255
    255 255 0 0 0 0 0 255 5 255 0 65 255 0 255 0 255 0 255 0 0 0 255 255
    255 0 0 0 255 0 255 11 0 255 255 0 0 0 255 255 255 255 255 0 0 255
    255 0 0 255 255 255 0 255 231 167 0 255 255 0 0 0 255 0 117 97 255 0
    0 255 255 0 163 0 255 109 88 254 255 0 255 132 255 0 197 0 255 86 0
    0 255 255 242 119 0 234 0 255 50 255 81 0 255 255 255 0 0 245 255 0
    0 171 255 255 255 0 255 255 255 0 0 0 255 255 88 0 255 255 255 255 0
    0 255 108 0 0 255 255 255 242 210 0 52 0 255 255 0 0 0 255 218 255
    255 0 0 0 0 255 254 134 122 0 158 255 255 0 0 0 71 255 124 0 255 0
    20 0 255 255 0 0 130 0 215 255 255 255 0 0 255 0 255 0 255 0 255 255
    94 0 255 0 255 0 101 0 0 0 95 255 0 0 255 255 255 0 216 203 255 0 0
    255 255 0 0 0 29 0 255 255 247 0 0 0 255 255 0 0 255 0 237 232 255 0
    255 0 255 0 255 0 95 255 255 255 255 255 0 0 0 0 0 255 255 255 255
    255 255 0 0 255 0 88 0 16 0 0 255 103 255 0 0 0 255 0 161 0 255 0
    255 0 237 0 255 0 103 0 52 0 204 0 0 0 255 255 255 0 0 0 255 0 255 0
    0 255 255 255 0 0 255 0 0 0 0 129 255 99 0 255 0 255 18 142 255 0 0
    0 255 128 255 0 255 0 0 0 68 0 0 255 130 0 255 255 227 0 2 255 255
    221 0 0 0 255 0 255 255 255 0 0 84 196 0 255 255 0 255 255 255 1 0 0
    0 0 39 255 0 255 0 0 49 197 255 0 255 255 255 0 0 188 123 0 255 255
    153 231 255 255 255 67 255 255 255 255 0 255 255 48 15 60 0 255 255
    101 255 255 255 77 240 0 255 255 101 194 0 0 255 0 255 0 255 255 0
    255 0 0 0 255 255 0 255 255 255 255 255 18 0 193 116 255 255 255 255
    0 0 0 0 0 0 255 94 255 47 255 47 255 0 255 126 255 240 0 234 249 255
    255 255 255 0 255 0 112 255 255 0 0 0 175 0 0 255 255 0 73 255 255
    255 255 0 255 255 255 0 248 0 0 255 216 255 0 99 0 0 255 255 0 0 255
    255 255 0 0 255 255 255 0 99 56 237 0 222 255 223 117 0 255 0 0 204
    255 234 0 173 255 0 255 255 255 0 0 0 0 255 255 255 255 169 0 175
    255 225 0 0 0 255 0 255 255 255 255 255 255 179 255 0 255 0 255 97
    25 0 0 255 101 255 151 0 255 109 255 142 0 255 45 255 193 0 0 38 255
    255 0 0 255 255 255 255 0 162 0 198 255 255 0 0 255 0 255 255 255 0
    0 255 255 255 0 0 255 255 0 0 255 255 255 0 255 0 255 255 185 255 0
    96 255 117 0 0 255 255 0 178 255 255 255 0 7 193 255 255 255 23 0 93
    52 10 255 255 0 0 246 0 0 255 255 0 255 117 255 72 255 0 230 0 255
    21 255 255 255 0 0 0 0 255 255 0 255 0 255 0 255 0 255 0 255 0 0 255
    194 255 0 255 219 255 0 5 0 255 0 255 0 54 255 255 255 255 153 0 0 0
    0 255 58 255 0 250 0 255 0 0 0 255 255 255 0 0 0 255 79 255 0 255 58
    255 0 106 0 0 0 249 0 0 0 255 115 255 0 255 43 0 0 255 255 255 0 255
    255 255 0 0 0 255 255 255 255 0 42 0 255 0 255 255 255 0 255 255 0 0
    255 32 255 221 255 255 0 255 0 255 0 255 33 255 45 0 0 0 255 255 255
    0 90 209 85 87 255 255 93 0 0 0 255 255 227 255 255 98 0 255 0 0 0 0
    0 197 255 249 255 0 255 0 255 0 150 0 0 0 255 3 255 129 255 0 0 255
    0 255 0 0 0 255 255 124 0 0 255 202 0 0 51 0 0 255 255 88 255 255
    255 0 128 0 33 0 0 255 255 255 0 96 71 255 255 0 0 0 0 71 255 0 22
    245 0 255 39 0 255 0 255 0 255 255 255 0 0 0 0 0 214 19 255 25 255 0
    0 0 93 0 255 0 255 0 0 255 0 0 0 156 255 0 63 255 255 0 0 221 163
    255 0 255 0 0 255 20 255 0 205 0 255 255 255 255 0 255 107 74 0 0
    255 150 61 0 255 255 0 0 77 190 255 255 255 255 0 255 0 255 255 255
    0 255 255 20 75 29 0 0 0 0 255 255 255 0 255 255 255 0 0 0 0 255 255
    255 255 255 0 255 255 255 0 0 255 255 67 168 255 185 248 0 255 255
    20 93 255 255 0 209 255 255 0 221 0 0 0 255 96 146 255 0 0 255 177
    255 155 255 0 110 116 0 64 255 255 45 0 255 0 0 87 0 255 0 199 0 255
    93 255 7 255 255 0 3 0 255 255 255 255 56 0 255 174 0 100 0 255 0 79
    0 255 255 255 0 255 255 255 255 84 255 0 150 0 255 255 163 0 247 255
    0 128 232 73 255 89 255 255 0 0 0 255 0 255 255 255 196 0 0 255 129
    255 0 0 255 255 255 7 0 0 0 255 0 255 0 255 114 255 0 0 0 255 0 64
    255 255 0 0 255 9 255 56 0 0 255 128 255 0 0 0 0 255 0 0 49 255 0 33
    0 21 255 153 0 0 0 255 185 80 255 0 0 255 255 0 255 255 255 0 0 0
    102 130 255 255 255 255 0 0 0 0 0 0 196 96 255 255 68 0 0 255 255 0
    0 255 93 255 0 255 0 0 0 0 0 0 255 130 255 196 0 0 0 255 255 0 255 0
    255 0 0 0 222 255 0 255 64 255 0 161 68 0 255 255 255 0 0 202 255 0
    116 0 255 255 255 0 255 0 0 87 61 0 11 255 19 255 171 0 6 0 175 0
    255 118 255 255 0 18 34 255 0 241 0 0 0 0 255 255 255 194 0 0 0 199
    255 155 255 25 104 255 202 255 0 0 0 255 255 0 255 255 74 7 0 0 255
    0 255 0 255 0 0 255 17 255 255 0 115 0 255 255 255 255 0 0 255 255
    255 0 0 255 255 255 0 0 250 255 197 0 255 0 156 0 255 0 255 0 0 255
    255 255 255 255 0 255 255 0 255 0 255 0 255 0 255 0 0 0 255 0 140
    255 235 0 0 255 0 255 0 255 8 255 0 0 255 255 0 0 0 0 0 255 0 0 255
    0 1 255 255 53 0 0 255 0 0 181 255 0 0 0 255 255 255 0 159 0 0 255 0
    255 158 255 255 255 0 255 42 123 0 0 255 255 255 0 0 0 255 255 207 0
    0 252 255 255 53 255 255 255 0 26 255 0 255 136 255 0 0 255 212 255
    0 0 255 0 255 196 0 0 151 0 0 255 255 0 255 255 255 0 0 0 0 255 255
    255 0 255 255 114 0 255 255 0 0 255 255 255 0 38 0 93 255 255 0 255
    0 0 255 255 255 241 0 0 0 255 255 255 255 0 0 255 255 255 255 0 0 0
    171 255 255 0 0 0 0 113 0 0 0 255 255 255 255 0 255 45 255 0 0 0 0
    255 3 0 0 255 255 178 255 11 0 0 0 255 28 0 0 140 0 239 247 255 255
    255 255 0 0 140 255 255 0 0 205 255 255 255 0 255 0 255 0 0 255 255
    214 0 0 255 255 0 132 0 255 255 255 2 70 0 255 100 0 133 255 255 255
    255 0 0 0 255 255 90 123 0 0 117 39 255 0 255 0 0 199 0 255 255 45 0
    255 0 37 255 255 255 0 0 255 0 251 0 255 255 255 255 0 72 12 0 255
    255 255 210 0 0 255 255 255 0 255 0 255 255 0 255 191 255 255 0 246
    0 252 255 93 0 0 4 255 255 0 255 0 0 128 0 0 186 0 255 189 59 0 255
    0 255 0 0 103 0 255 255 255 0 0 0 255 124 0 217 255 0 255 255 0 255
    255 0 65 0 0 0 255 255 0 255 0 0 97 92 255 255 255 255 0 237 255 255
    255 255 0 0 0 0 120 255 255 255 0 255 0 0 19 255 255 255 233 255 255
    255 0 0 20 255 180 0 0 0 0 255 0 0 110 21 0 255 0 255 255 0 0 0 0 0
    255 88 255 0 255 30 255 0 176 106 255 255 0 0 255 255 255 0 2 0 84
    255 233 186 0 255 255 10 0 0 255 151 91 255 0 255 0 70 27 255 255 58
    119 0 0 255 255 0 0 0 115 255 0 255 0 255 255 255 0 0 0 255 255 255
    255 0 0 0 255 0 91 244 255 11 13 0 98 0 170 54 255 108 255 0 0 255
    255 255 25 181 0 255 255 0 255 27 255 0 0 255 255 255 255 0 255 0 0
    88 188 255 137 255 0 0 255 0 0 255 250 255 0 255 0 0 0 255 0 255 110
    100 102 255 255 255 255 1 51 0 0 0 255 255 255 20 0 255 163 255 0 0
    0 255 132 255 153 255 107 0 0 255 255 255 255 118 146 255 255 122 0
    255 0 30 0 255 255 0 255 0 255 0 199 255 255 255 194 255 0 0 0 0 167
    255 0 0 0 255 161 255 0 99 255 255 255 0 0 0 0 255 0 255 0 39 0 75 0
    255 255 255 4 0 0 255 199 255 255 255 127 147 92 0 114 0 146 0 255
    20 255 255 203 0 0 255 0 255 226 0 0 255 0 255 0 0 98 225 0 248 0
    255 255 255 255 255 0 0 0 255 0 39 255 255 0 149 255 92 255 136 255
    140 0 0 255 0 0 0 0 255 255 0 193 0 255 0 0 0 255 255 255 255 90 255
    0 0 255 255 0 0 34 255 255 255 255 0 11 0 0 255 67 0 0 255 193 255 0
    255 0 255 0 255 255 143 0 0 0 0 0 255 0 207 255 255 255 0 0 255 4
    255 0 215 0 0 255 255 255 255 100 255 244 1 255 51 255 0 0 0 0 255 0
    144 255 0 255 0 0 0 255 255 255 0 255 0 255 255 255 0 177 255 255
    255 0 0 98 0 36 0 168 0 255 0 127 255 50 0 255 0 180 145 255 255 0 0
    0 7 255 255 255 245 0 0 0 255 255 255 0 0 0 0 255 255 0 75 255 255
    255 0 255 0 255 255 255 255 255 0 0 0 104 255 255 255 0 0 0 0 0 0 0
    255 62 255 255 231 0 255 255 189 218 255 255 0 0 191 255 255 0 0 255
    173 255 0 0 0 0 122 0 255 230 0 0 255 255 255 255 251 255 175 0 0
    255 0 0 28 255 0 255 255 88 172 141 255 255 255 255 0 0 118 255 0 0
    0 0 255 255 255 255 0 255 255 255 0 0 255 255 18 0 0 0 255 255 46 0
    35 0 0 255 0 255 255 255 0 180 0 0 0 255 255 200 226 0 0 255 255 255
    0 255 155 255 0 0 0 0 255 0 255 0 0 255 107 255 0 255 0 161 0 255
    255 24 0 255 255 0 0 0 255 255 0 5 0 255 173 255 227 0 109 255 0 255
    0 255 255 255 255 0 0 0 255 255 146 12 255 0 0 255 255 0 200 0 255
    255 255 205 250 255 0 255 255 49 0 0 164 255 0 0 0 0 255 255 255 255
    255 0 0 4 255 0 0 0 255 173 0 174 255 255 255 0 137 0 255 255 255
    255 255 255 255 128 255 0 0 10 0 255 255 0 0 0 0 255 255 255 0 0 255
    0 255 0 36 0 0 0 255 255 15 255 255 255 0 255 0 187 0 255 0 255 255
    255 255 0 255 0 0 255 255 0 0 0 255 161 104 255 0 255 0 255 0 255
    255 247 255 0 255 151 229 0 0 0 0 255 0 122 0 0 246 7 255 71 255 255
    0 253 255 28 255 255 255 0 255 0 255 159 255 0 255 255 39 188 0 0 0
    255 0 255 0 255 255 0 255 51 255 255 255 0 0 0 255 255 0 0 0 255 255
    255 255 169 255 0 0 0 50 241 7 255 0 0 255 255 11 0 61 0 255 0 140
    248 0 255 0 0 0 255 0 0 0 255 255 45 255 0 255 255 255 133 95 0 149
    0 255 0 255 0 255 114 0 0 0 255 255 0 104 110 255 255 0 0 0 195 25 0
    255 210 0 255 0 0 0 0 255 150 0 255 127 255 0 56 196 0 0 0 0 8 255
    255 180 0 119 255 255 172 87 0 255 146 107 0 0 0 255 255 255 255 67
    0 50 255 0 205 0 255 0 255 255 0 0 0 91 255 93 0 0 255 255 0 0 145
    55 0 70 0 255 255 255 255 0 0 52 255 255 226 0 87 0 255 255 255 0 0
    0 170 235 63 255 0 255 255 255 0 0 255 255 0 0 0 255 0 255 255 255
    255 255 255 255 0 0 71 255 255 0 0 177 255 255 98 0 255 0 0 0 255
    255 255 0 255 0 255 242 255 0 114 0 255 255 0 0 0 255 255 119 255 0
    255 255 254 0 0 255 255 32 0 0 252 0 255 255 0 255 0 154 255 255 0 0
    255 240 0 177 0 255 33 0 0 0 255 255 255 0 255 0 0 255 227 255 0 255
    66 255 0 0 0 0 255 255 255 255 0 0 190 255 0 0 255 9 255 0 160 0 215
    0 0 255 255 78 0 0 176 0 255 255 255 255 0 0 255 0 255 255 255 255
    65 250 0 255 255 0 255 0 255 127 255 255 0 255 0 34 0 255 255 0 0
    255 154 154 0 255 134 255 0 0 110 255 55 0 0 255 146 118 0 0 0 77 0
    255 0 234 0 0 0 237 17 0 34 0 255 255 255 255 119 0 0 255 255 255 0
    0 0 255 0 255 255 255 255 0 0 39 249 0 255 255 255 0 255 255 255 0 0
    0 0 255 255 255 0 0 255 0 0 0 0 255 255 0 136 0 255 255 0 0 0 255 0
    0 0 255 255 255 0 0 0 246 0 255 0 0 0 255 0 191 0 0 0 255 0 255 255
    0 52 255 199 0 0 255 255 255 13 48 0 255 255 255 0 0 175 197 0 255 0
    162 179 0 0 255 233 255 0 0 255 255 255 0 0 0 0 90 0 28 0 255 0 255
    255 255 0 255 0 0 0 255 181 0 0 255 236 255 9 0 2 255 255 255 0 226
    0 0 0 255 153 255 255 48 0 0 107 255 0 255 0 0 0 93 255 255 200 255
    188 255 0 0 0 255 0 64 185 33 0 161 255 255 0 255 132 99 150 255 255
    0 255 0 255 0 136 0 255 255 23 180 255 255 255 0 222 0 255 0 255 255
    164 229 0 255 60 255 0 0 0 117 255 255 255 0 255 0 255 255 0 0 255 0
    255 0 0 255 255 255 0 0 0 0 113 255 255 255 0 255 255 24 0 0 179 255
    0 0 0 255 255 0 255 0 147 118 255 255 0 0 31 0 5 255 255 255 0 0 0 0
    64 135 161 0 255 255 255 255 0 0 255 255 255 255 0 0 0 255 255 255
    55 0 235 108 255 255 255 0 0 231 255 255 0 164 0 255 0 0 0 255 0 0 0
    255 59 0 0 72 0 0 255 213 0 255 0 255 245 0 0 255 21 255 0 255 0 0
    255 0 255 0 37 0 255 255 255 255 150 255 151 0 0 235 208 43 101 217
    56 0 16 0 164 0 174 0 255 255 255 142 0 0 0 255 255 255 0 255 0 0
    170 255 99 255 132 52 0 0 0 255 0 139 0 255 0 156 255 0 0 255 0 0 0
    255 0 154 208 157 255 255 0 0 107 0 255 0 241 255 255 0 0 0 0 255 0
    188 255 255 0 0 255 255 255 41 255 0 82 229 255 12 255 0 255 237 81
    0 0 255 255 62 0 115 0 255 8 255 0 0 131 0 0 255 255 173 255 189 255
    0 255 255 255 0 0 255 255 255 190 255 0 185 255 255 160 0 255 255 0
    124 0 231 255 0 46 122 3 255 255 0 0 255 255 0 165 0 34 255 185 255
    0 255 255 255 0 255 0 0 49 110 255 0 255 0 255 0 94 0 255 255 167
    255 69 255 14 255 0 0 0 33 170 246 212 0 255 0 0 255 255 0 0 193 255
    255 157 7 255 255 0 0 255 255 255 0 255 0 34 219 255 255 255 0 0 0
    255 161 255 0 255 0 0 65 255 0 0 0 108 0 255 255 152 255 255 62 0 0
    252 255 255 255 255 255 255 125 0 0 255 255 62 0 0 255 255 255 255 0
    0 0 134 0 0 0 0 255 69 0 87 0 255 255 104 255 224 124 255 0 255 0 0
    98 0 255 0 219 0 47 255 0 255 255 0 255 0 255 58 130 67 0 255 0 140
    211 0 0 0 255 53 0 255 255 0 255 255 0 46 0 255 0 255 255 255 0 0
    255 255 255 144 255 255 149 0 255 0 255 92 0 0 66 255 255 0 0 0 255
    0 255 0 0 255 255 219 0 0 255 255 255 255 0 255 0 255 0 255 0 255 56
    96 167 21 255 255 0 255 0 255 0 236 0 255 255 255 0 255 0 255 21 0
    255 10 255 0 0 0 234 0 255 255 143 0 255 60 255 18 0 0 146 0 0 255
    223 0 0 0 255 136 255 53 0 0 255 0 255 255 255 0 148 0 255 179 0 0
    255 0 0 255 0 255 255 255 0 0 255 255 0 0 0 255 255 0 0 255 255 255
    103 108 23 0 0 79 255 0 0 255 255 255 0 255 0 255 0 255 194 84 0 0
    255 31 255 0 255 255 255 0 66 0 255 255 0 0 255 241 222 237 0 0 0 0
    173 255 255 0 0 77 255 255 249 0 0 255 255 255 94 0 0 0 0 0 0 194
    255 12 255 255 255 0 83 255 104 0 38 33 0 255 255 255 0 255 255 189
    0 0 0 0 238 255 0 0 0 255 255 255 0 0 59 85 255 0 255 255 255 139 0
    255 0 0 255 0 255 255 255 0 0 146 0 255 255 0 241 0 255 0 255 0 0 0
    204 255 0 0 255 236 0 0 255 255 75 0 0 0 0 255 0 255 0 255 0 0 255 0
    0 0 255 255 255 0 255 0 255 255 255 0 255 255 0 0 0 229 255 255 255
    0 0 255 255 255 160 0 255 255 0 0 0 0 255 255 255 255 0 0 0 0 0 0
    255 255 169 255 0 255 0 255 0 255 255 255 0 255 255 255 0 0 46 255
    255 0 0 0 255 255 64 255 255 0 0 255 255 0 0 54 255 37 255 255 0 255
    255 0 37 0 219 185 0 0 255 167 0 0 0 255 255 255 0 255 255 167 36 0
    0 255 255 255 0 255 0 255 210 255 0 255 119 255 0 255 255 255 0 0 0
    0 255 0 0 0 228 255 0 255 255 255 0 0 0 255 5 0 103 0 191 0 255 255
    0 214 59 255 255 255 255 255 255 57 0 0 255 0 71 0 99 255 255 59 0 0
    0 49 175 33 0 218 77 0 0 93 255 255 0 255 255 255 0 0 0 0 255 255
    255 0 255 255 255 255 0 0 0 255 255 255 0 0 0 255 207 255 255 0 255
    0 40 0 255 255 255 255 5 0 255 0 0 35 255 255 255 0 177 0 0 255 234
    19 0 181 124 255 255 0 0 255 255 64 0 0 255 255 0 0 0 255 255 0 255
    15 197 0 0 255 255 223 255 0 234 226 235 255 255 0 0 0 255 255 255 0
    0 0 255 178 207 255 0 0 56 0 255 0 0 87 0 0 255 255 54 255 50 56 215
    0 25 0 255 8 0 255 0 255 0 255 116 255 0 0 255 255 255 255 255 0 126
    56 255 0 255 255 50 0 0 255 0 255 0 255 70 255 0 208 0 44 255 125
    255 255 0 0 0 255 255 255 197 255 136 0 104 110 255 0 255 255 255 0
    0 110 255 255 43 0 0 0 255 255 0 0 0 0 0 255 0 121 0 255 255 111 0 0
    30 255 255 255 0 9 0 0 0 255 255 255 0 255 0 255 255 0 0 0 0 255 94
    255 255 0 0 191 184 255 0 255 255 238 130 0 255 0 255 0 255 0 255 0
    255 222 0 0 229 255 255 255 135 0 188 0 0 0 0 255 0 255 255 86 0 0
    255 255 149 255 255 255 0 255 172 0 0 255 255 0 0 0 255 255 188 255
    0 208 0 255 0 0 160 0 0 0 0 255 255 255 0 0 218 255 0 255 33 71 0 0
    0 255 0 139 0 34 28 255 153 255 181 0 0 0 0 0 255 255 255 0 0 0 0
    120 255 255 255 255 255 255 0 255 255 159 255 0 227 8 67 255 255 0 0
    0 77 255 169 123 255 255 0 255 0 0 0 255 255 6 255 0 255 255 0 255
    255 255 0 0 255 255 62 139 255 0 255 0 255 45 231 0 71 0 0 0 0 255
    255 255 0 255 71 0 173 0 255 156 255 255 0 0 255 255 255 0 255 0 255
    0 255 0 3 221 255 22 0 253 0 255 255 0 0 0 255 0 0 0 255 60 0 0 175
    255 0 0 255 255 255 0 229 0 0 255 255 167 0 255 45 255 0 0 255 0 255
    0 255 0 255 15 181 0 255 0 255 0 255 0 255 26 255 121 0 0 255 255
    255 81 0 255 0 0 34 255 0 0 0 255 182 34 255 0 169 0 255 0 0 0 150
    93 237 201 0 0 134 255 0 0 255 255 255 0 0 0 0 255 0 255 0 255 255
    184 255 146 0 0 0 0 255 255 255 0 255 255 0 20 255 255 137 255 255 0
    60 240 255 0 0 255 255 40 0 0 255 255 43 255 255 255 255 255 0 0 255
    209 255 0 255 255 255 181 0 0 255 255 0 216 255 255 0 0 0 0 255 0
    255 0 0 255 0 52 65 255 77 123 255 132 0 0 255 0 255 255 0 255 0 0
    255 255 255 0 255 0 0 149 255 0 242 0 255 0 52 49 255 0 255 0 255 0
    0 0 0 255 176 255 255 0 255 49 255 0 109 255 0 0 255 255 255 0 241 0
    255 0 255 0 255 0 0 0 34 255 255 255 192 0 255 255 255 0 234 0 0 0
    61 0 40 255 0 255 0 255 0 255 0 49 0 0 0 31 70 0 255 255 0 0 78 255
    143 215 0 255 255 255 116 0 0 255 255 229 255 0 0 0 255 255 255 255
    0 0 255 255 255 0 220 0 255 0 255 0 165 184 250 0 255 255 0 0 0 0
    186 48 7 121 255 0 0 255 255 255 0 0 0 255 0 255 255 255 0 0 0 255
    255 0 0 69 69 255 0 201 0 255 255 0 0 0 255 255 255 111 0 0 255 255
    255 147 0 0 0 0 0 255 255 0 0 0 164 0 255 255 255 255 0 0 199 255 0
    255 0 255 255 0 0 0 0 255 162 213 0 255 186 255 50 0 0 0 233 253 255
    255 255 0 0 255 255 189 255 210 0 0 255 255 122 0 0 31 242 255 0 0 0
    255 0 255 255 255 255 255 255 255 0 255 0 255 0 255 0 172 0 255 255
    0 0 0 255 255 255 0 0 0 255 208 255 0 0 0 255 95 0 220 143 0 8 152
    255 142 255 0 255 0 0 0 255 255 255 0 0 0 0 255 162 0 255 255 255 0
    0 255 0 255 160 0 255 119 255 0 0 0 255 255 0 0 0 3 108 255 85 255 0
    255 250 255 0 0 0 255 255 0 255 149 6 255 255 255 255 255 0 241 255
    0 255 187 255 0 255 80 255 0 255 255 255 0 0 0 255 0 255 0 168 255
    255 0 0 0 255 50 0 255 255 255 0 0 0 0 255 203 0 0 52 255 255 241 0
    1 0 162 0 0 0 255 255 0 0 0 0 255 0 0 0 255 255 255 255 0 255 0 0 1
    200 255 0 0 0 0 255 255 255 0 80 251 255 0 178 0 137 0 255 24 218
    255 255 204 0 0 255 255 196 0 0 255 0 255 255 255 255 0 255 0 2 0
    255 255 255 0 159 255 255 0 0 255 62 159 255 255 255 120 255 255 255
    0 92 255 0 255 0 0 0 139 0 255 0 0 255 0 0 0 0 52 0 152 79 255 0 255
    124 255 0 0 0 0 109 255 255 71 255 0 0 255 0 159 255 255 255 0 0 0
    255 255 255 0 0 0 0 255 0 212 255 79 255 130 0 255 255 72 0 255 0 0
    0 0 127 0 0 255 255 255 0 0 0 201 255 255 255 0 255 0 0 0 255 255
    255 255 255 0 0 255 255 192 0 0 0 0 0 0 255 255 255 114 0 0 255 255
    255 162 255 164 0 255 0 178 214 255 255 122 0 103 0 146 96 0 255 255
    255 0 0 0 255 255 0 0 255 255 255 0 0 0 255 0 0 0 0 0 255 0 0 0 98
    255 255 255 255 255 245 0 255 0 0 0 0 255 0 255 0 245 0 255 255 255
    0 255 0 113 0 255 255 26 0 0 255 0 0 132 255 255 255 0 255 0 255 255
    0 255 0 255 255 0 31 172 203 0 0 255 0 0 255 255 0 0 255 0 0 0 255 0
    255 255 103 214 169 0 255 235 0 0 255 255 0 0 0 0 255 255 0 0 0 255
    0 0 0 255 255 255 0 0 0 255 0 255 153 0 255 0 255 202 0 0 255 0 255
    0 29 255 1 0 189 0 255 255 0 255 36 255 0 0 114 0 255 255 255 0 87 0
    210 0 169 255 255 255 0 0 68 0 255 255 255 0 0 0 255 255 255 0 28 0
    255 0 255 0 255 255 86 117 0 255 255 255 40 249 255 255 0 0 255 255
    255 0 0 255 255 0 255 0 180 192 255 0 0 255 255 255 255 255 0 0 255
    0 255 0 0 255 255 255 255 0 0 255 0 255 54 255 0 255 0 137 0 255 255
    255 255 140 0 0 0 0 255 255 0 115 0 62 107 0 0 116 0 255 255 0 255
    255 255 128 0 255 0 250 0 0 0 0 227 0 255 255 255 255 168 148 0 120
    118 255 149 0 244 0 255 0 255 0 255 0 0 118 255 244 255 0 255 64 255
    53 0 255 255 255 0 0 0 0 0 255 167 255 0 39 0 0 255 255 0 0 0 255 0
    255 255 255 251 253 255 255 0 0 255 0 84 0 0 0 255 255 255 205 255 0
    0 0 0 255 255 0 0 0 8 255 255 0 255 0 255 255 255 0 0 37 255 255 0
    255 255 0 0 0 0 255 255 255 255 0 255 0 255 49 255 96 255 45 95 0
    255 255 27 0 0 0 0 0 63 0 0 0 255 192 154 0 255 255 250 0 0 255 255
    255 0 0 0 255 255 255 0 4 255 0 0 0 255 255 255 0 0 255 255 0 0 0 0
    255 255 255 255 255 101 0 157 0 255 255 146 255 0 54 55 168 255 0
    255 0 255 255 0 255 0 0 255 255 208 255 0 81 255 255 128 255 0 179
    67 255 0 0 0 255 0 130 0 184 0 0 255 46 255 255 0 94 0 0 0 255 82 0
    16 255 0 0 232 255 255 0 217 0 0 0 0 255 255 255 0 225 0 255 197 0
    11 0 142 0 0 255 0 255 0 14 255 0 255 0 244 0 0 255 0 255 0 255 234
    229 255 255 255 255 255 255 113 0 0 255 255 255 135 0 0 0 0 255 255
    255 44 0 0 171 255 0 119 0 0 134 215 0 0 255 0 255 0 0 0 106 0 0 0 0
    255 255 255 0 255 0 255 166 255 255 3 0 0 213 0 214 255 0 255 54 133
    0 0 0 255 46 255 0 255 255 0 255 0 0 255 255 0 0 255 0 255 0 255 255
    5 0 0 0 178 255 0 255 255 255 255 0 0 3 255 0 0 8 0 0 255 255 79 0
    255 255 255 0 106 0 255 0 255 0 255 0 148 198 255 255 0 0 255 255 0
    255 0 16 0 255 255 0 0 255 255 0 0 255 255 21 255 255 255 251 255 0
    255 0 0 255 255 0 255 0 255 255 254 0 0 255 255 0 0 181 0 0 255 255
    0 194 0 0 255 169 0 0 255 255 0 255 0 0 201 255 0 0 0 255 66 255 255
    164 0 255 0 37 4 192 255 0 0 0 255 239 255 0 0 255 255 255 132 0 0
    255 255 0 0 0 50 255 0 0 255 0 255 255 69 255 0 0 255 0 255 0 0 255
    0 68 178 255 255 0 255 0 0 158 0 255 244 255 0 196 0 255 255 255 183
    0 27 255 229 255 0 255 255 255 255 0 210 218 255 0 0 196 0 0 255 0
    187 255 255 255 39 0 255 0 255 255 255 0 255 255 255 255 255 255 0
    182 243 255 255 0 0 255 9 0 165 158 0 0 255 255 255 0 0 0 255 255 0
    248 0 255 255 255 0 0 255 255 255 0 196 0 0 255 121 181 83 0 255 173
    255 0 0 0 255 255 255 0 0 0 255 255 255 0 0 239 255 255 0 0 0 255 0
    255 255 255 255 255 0 255 0 255 0 155 255 78 0 0 255 25 255 0 0 0
    255 193 255 92 231 255 255 0 0 0 255 255 160 0 83 0 255 255 53 0 0 0
    0 158 0 255 254 47 0 0 255 255 255 0 255 161 255 155 0 0 0 184 255
    255 0 255 0 255 255 0 255 0 71 255 0 255 0 0 0 0 255 0 174 0 0 231 0
    255 164 102 97 255 255 246 0 84 255 255 255 255 255 255 255 255 59
    237 255 255 0 0 0 255 255 0 255 255 255 161 0 255 255 0 0 0 255 0
    255 255 0 255 0 255 209 255 255 255 0 0 255 255 0 0 255 255 255 0
    255 0 0 109 16 255 190 228 0 255 255 255 255 0 0 255 255 0 221 0 132
    249 255 0 0 0 109 150 185 0 255 199 255 255 255 0 178 73 255 255 255
    255 179 0 187 255 255 0 0 226 0 255 0 255 0 255 159 255 0 0 255 255
    233 0 255 255 255 255 0 15 0 0 210 255 255 255 0 0 0 132 0 222 0 255
    222 178 0 255 0 255 0 255 0 255 255 0 0 255 58 0 0 213 255 11 0 255
    255 255 0 0 237 255 139 255 0 255 255 255 255 255 241 0 0 0 173 255
    255 0 255 0 255 0 255 255 255 37 255 125 255 198 255 230 0 0 210 152
    0 255 0 0 0 0 0 255 255 255 0 139 0 0 0 255 0 255 0 0 255 255 0 8 0
    255 161 255 0 0 255 0 255 0 255 0 231 0 255 0 132 0 121 255 255 255
    0 255 0 102 0 255 0 255 0 255 217 255 255 255 0 46 0 255 0 28 0 255
    255 255 255 0 0 0 255 0 255 0 0 0 255 255 255 0 255 0 0 146 255 0 0
    255 0 0 0 255 202 0 174 0 255 0 255 255 255 0 255 0 0 0 0 51 203 255
    0 0 160 255 255 255 255 242 0 0 198 0 255 255 255 255 255 0 255 0
    255 0 255 0 255 255 255 255 0 255 255 66 0 255 255 0 255 255 255 0 0
    255 205 170 0 255 0 255 255 255 0 0 0 255 32 255 243 255 0 255 255
    255 0 186 255 0 255 0 76 237 255 255 9 255 255 93 0 0 255 255 84 0
    255 0 255 255 0 0 255 0 255 255 255 255 0 47 255 255 0 0 255 255 0 0
    0 189 255 255 0 140 0 224 0 255 255 255 60 105 0 0 90 255 255 255
    255 255 0 0 0 255 245 184 255 255 168 165 0 0 255 217 2 0 0 178 255
    255 255 0 77 255 0 255 255 0 246 0 0 255 0 255 0 255 0 255 255 255 0
    0 255 255 255 0 255 255 255 0 37 0 255 255 0 0 249 255 196 0 196 255
    255 22 255 0 0 0 84 255 77 255 166 255 0 206 0 255 255 255 0 0 250
    185 141 171 255 255 0 255 0 255 0 255 255 75 0 97 255 0 255 0 255
    255 255 0 255 0 0 0 255 0 0 255 255 33 0 0 255 0 255 255 255 255 0
    255 155 0 255 255 255 130 0 0 165 0 255 255 0 0 255 255 0 255 0 255
    0 255 0 255 9 194 67 0 255 255 0 3 0 0 0 255 7 255 0 179 0 110 255
    41 0 8 255 182 237 0 255 255 245 0 239 255 88 255 229 255 255 255 0
    0 255 255 255 0 0 255 255 255 199 0 18 0 0 0 255 63 255 255 255 0 0
    0 0 0 255 255 0 255 0 255 22 255 170 0 0 64 0 255 0 225 0 30 206 0
    255 0 142 255 0 0 0 128 255 255 255 0 0 247 255 255 255 255 13 0 255
    255 255 255 255 0 0 0 0 255 255 0 255 0 255 0 255 255 0 0 255 255 0
    82 255 255 255 0 255 0 180 140 255 0 0 36 31 255 0 255 0 221 12 255
    0 0 0 255 255 255 0 0 0 0 113 255 255 14 0 159 255 255 0 255 0 255
    255 0 45 186 255 255 0 0 255 0 0 0 255 0 0 0 255 255 0 0 255 16 255
    0 255 107 255 0 0 255 106 0 255 76 255 175 65 49 255 104 255 255 0 0
    0 255 255 188 0 2 242 0 217 255 255 96 79 0 0 0 0 255 255 255 255 69
    0 0 255 179 255 0 76 0 0 255 22 89 0 255 255 255 255 181 0 0 255 0
    255 255 0 0 255 255 255 193 0 255 255 255 0 0 0 255 255 255 0 0 0 61
    234 233 255 255 0 0 0 0 0 0 255 255 0 0 0 255 56 0 255 0 255 99 169
    0 0 255 10 0 255 0 255 0 255 153 255 0 255 199 255 0 255 89 255 0 0
    0 100 255 255 0 255 255 255 9 0 255 255 255 0 46 255 140 0 0 0 0 0
    255 0 0 0 0 0 245 255 255 255 0 0 255 169 255 0 255 0 135 0 0 0 0
    255 0 255 0 255 255 0 0 0 0 59 255 255 59 0 0 255 0 255 0 0 77 255
    255 0 0 0 0 255 255 0 255 0 255 45 0 0 0 255 179 56 255 0 219 0 0 0
    0 255 203 0 0 255 255 0 0 255 11 255 191 96 52 255 0 255 155 0 0 0
    255 255 159 255 33 255 0 0 0 0 255 255 158 0 255 0 255 173 255 0 255
    63 198 0 254 230 255 255 255 0 0 255 74 255 0 255 255 255 0 0 255
    255 0 0 0 0 255 255 255 255 0 255 72 0 217 204 0 0 0 255 16 255 0 0
    255 0 255 255 0 255 0 0 255 0 255 255 255 0 11 255 12 0 0 0 153 74 0
    255 255 255 0 0 0 255 255 255 255 125 0 0 0 188 0 255 255 255 108
    163 250 255 235 0 0 0 0 130 126 255 255 255 255 0 255 36 0 0 0 0 0
    166 255 255 255 255 255 0 255 40 0 255 0 255 255 255 20 0 0 0 0 255
    255 197 0 208 189 0 255 255 255 0 0 0 149 233 0 0 0 255 0 206 0 255
    102 0 255 0 0 255 0 255 0 255 255 255 0 255 0 55 255 255 255 94 20
    255 255 245 0 0 0 0 255 0 0 255 0 0 255 135 255 255 54 255 0 255 0 0
    0 0 255 255 255 74 0 255 0 0 0 0 255 0 39 40 255 255 33 0 0 255 255
    40 0 0 255 255 255 255 255 204 0 0 0 255 0 255 255 0 255 61 0 71 255
    255 0 0 255 0 255 0 0 0 0 0 255 0 255 255 0 0 0 255 255 67 0 0 255 0
    111 0 255 255 255 255 0 0 255 255 255 61 255 0 0 94 255 0 108 0 255
    0 241 0 255 255 0 0 0 0 179 186 255 255 0 255 0 18 0 255 136 0 33
    255 149 90 255 0 0 255 0 255 0 153 68 255 79 155 193 0 0 255 255 255
    255 96 0 255 255 0 0 215 0 42 0 255 255 255 0 0 0 255 255 11 151 58
    255 0 0 255 255 255 255 0 255 255 255 191 163 255 255 0 255 89 255 0
    255 0 255 0 255 0 255 0 241 255 255 109 0 255 0 255 0 255 0 255 0 0
    224 0 0 164 255 0 0 0 255 255 255 250 0 255 255 255 0 255 0 255 0
    255 0 0 255 255 51 255 0 0 255 255 255 0 0 0 255 222 255 255 0 0 255
    255 255 13 86 255 235 255 255 0 0 0 255 255 0 1 0 255 255 255 0 0 0
    0 0 255 255 0 0 166 255 255 255 0 0 184 195 255 0 0 0 0 255 0 255
    255 255 0 122 0 255 0 255 255 255 0 189 255 219 178 0 255 0 255 255
    58 0 0 0 255 0 255 255 150 127 56 255 159 33 0 0 0 72 255 0 255 17
    255 0 0 0 248 125 0 53 255 0 0 0 0 0 0 0 0 0 255 0 88 0 255 255 255
    0 0 255 255 0 255 0 0 255 255 255 255 215 0 0 255 255 255 0 53 0 0
    196 0 255 0 0 255 0 0 0 255 255 0 0 0 193 255 255 255 62 255 0 22 0
    255 0 255 255 255 255 0 0 110 255 209 0 0 0 255 255 0 255 0 255 0
    255 255 0 0 255 0 255 0 13 0 255 0 54 0 0 59 0 130 0 255 255 255 255
    72 255 0 0 0 0 255 0 255 0 255 0 0 198 255 207 0 0 255 0 0 255 255 0
    255 255 189 0 0 255 16 196 0 0 255 255 0 0 0 255 255 255 0 0 0 255 0
    0 0 255 214 255 255 255 0 0 255 19 0 199 23 255 169 0 0 104 255 0
    255 0 100 0 255 0 255 0 255 0 255 0 55 255 0 255 0 255 0 255 0 0 255
    0 255 255 255 0 255 0 0 0 0 179 178 255 255 255 80 177 255 0 0 0 180
    0 0 255 0 0 255 255 255 198 255 255 255 0 255 255 196 0 241 0 0 0 0
    255 255 0 255 79 153 0 255 255 0 0 0 0 255 255 255 0 0 0 255 255 255
    0 0 0 255 255 0 0 255 0 255 0 0 255 69 0 0 0 255 0 255 0 255 255 255
    179 255 45 255 51 0 244 255 255 255 0 255 0 0 0 0 255 40 144 0 255
    255 69 117 255 255 0 0 0 255 255 53 0 0 0 102 0 255 0 0 0 255 0 255
    0 255 0 255 255 255 0 255 15 12 0 93 255 255 81 0 0 255 255 132 255
    0 0 255 255 0 59 0 255 0 0 255 0 255 255 0 255 210 29 217 255 95 0
    255 25 255 0 0 255 53 255 255 0 255 255 56 33 240 0 255 0 255 255
    255 255 55 0 255 0 106 255 163 255 0 0 157 255 151 156 0 255 0 255 0
    255 97 255 0 255 0 255 156 0 0 26 168 0 0 0 255 255 255 0 238 0 0 0
    0 149 221 255 0 255 255 255 0 255 0 0 255 0 255 98 255 255 0 255 255
    226 0 115 255 0 0 0 255 106 0 255 64 255 0 0 0 0 255 255 255 255 0 0
    0 8 255 255 0 0 255 0 255 0 0 62 255 165 0 0 255 255 255 0 253 255
    255 255 255 255 0 0 255 255 255 218 0 0 255 0 255 101 255 0 0 186
    187 255 255 255 79 0 250 0 113 0 255 139 255 255 255 0 0 0 0 255 255
    255 0 195 0 0 255 255 255 0 0 255 255 0 0 0 28 255 255 255 0 0 0 0 0
    255 0 0 0 62 255 52 0 0 255 0 180 211 255 67 49 255 255 0 0 0 0 221
    0 255 0 74 255 255 0 49 0 117 0 255 255 255 0 35 255 255 255 209 255
    0 255 255 255 255 0 0 0 255 0 214 0 0 255 255 255 0 0 0 255 255 255
    0 255 255 255 0 255 255 0 0 255 255 33 255 0 255 255 0 0 0 0 0 255 0
    0 0 0 255 255 255 0 255 237 138 255 0 0 255 0 0 0 255 9 255 0 255 0
    0 139 255 255 143 0 0 255 255 255 0 255 0 255 0 215 255 31 0 255 225
    255 0 0 0 255 255 124 0 0 255 255 255 0 0 255 255 255 255 230 0 0 0
    255 0 255 0 255 40 0 49 0 255 0 255 0 255 255 179 255 255 255 0 0 0
    0 255 255 0 0 255 0 255 0 255 0 48 255 0 255 185 0 255 0 255 255 255
    0 0 0 255 0 255 255 255 0 255 0 95 0 15 0 255 17 255 0 31 62 255 255
    255 255 0 0 105 255 0 0 0 255 255 255 255 0 60 0 132 242 0 255 255
    255 255 176 161 0 255 255 255 0 0 72 255 255 255 0 255 255 255 165 0
    79 0 27 0 255 126 255 0 255 0 255 0 255 0 255 0 255 255 255 0 0 117
    255 141 255 0 0 255 0 0 0 255 230 255 253 255 0 85 0 255 0 0 0 197 0
    44 160 63 255 255 0 16 255 0 0 0 255 255 255 115 0 0 0 255 255 0 0 0
    255 255 255 150 51 255 255 206 35 0 255 255 255 0 0 0 0 255 0 0 255
    255 255 198 0 0 0 0 172 255 255 0 0 255 255 255 0 210 255 0 0 0 255
    255 255 0 0 255 0 255 0 255 0 0 0 0 255 0 255 0 255 0 255 255 255
    218 0 0 0 255 0 255 0 0 255 255 255 255 0 0 0 0 255 255 255 255 41
    255 0 0 255 130 255 255 0 0 0 241 255 255 213 0 0 0 255 125 255 0
    122 255 0 255 0 150 158 100 0 0 255 0 255 255 68 255 0 0 116 255 255
    0 0 65 0 255 255 255 0 214 0 255 0 255 193 0 0 255 0 255 0 255 255
    151 0 0 210 255 255 251 61 0 255 255 155 0 0 114 0 218 238 255 255
    255 0 0 195 46 0 188 247 169 0 112 255 0 255 0 0 255 0 156 0 255 28
    255 83 0 0 191 255 0 255 0 0 0 255 255 205 0 255 0 0 0 255 255 0 200
    0 218 0 255 0 255 0 255 255 0 255 255 255 255 205 73 240 0 0 0 69 0
    0 255 255 11 0 207 0 255 0 255 255 0 255 255 80 0 0 0 255 255 0 255
    0 0 0 0 255 255 255 255 0 0 126 255 0 0 11 246 255 133 0 0 44 179
    255 255 255 0 0 0 255 255 0 255 255 255 137 0 255 0 253 0 204 255
    255 255 201 255 0 255 0 0 255 0 0 0 255 70 255 0 255 130 255 0 255
    31 255 0 255 255 255 255 0 239 0 0 255 255 255 0 3 0 255 255 255 81
    0 255 255 0 0 0 255 255 255 0 255 137 255 255 0 255 0 190 21 255 0
    255 255 255 0 0 0 255 32 0 255 255 255 0 0 0 179 255 255 93 0 0 0
    255 0 255 0 255 12 251 0 0 0 255 0 81 25 255 255 255 0 175 0 0 0 255
    255 0 0 0 255 255 255 55 0 0 255 255 255 106 255 255 72 255 255 125
    0 222 209 0 88 0 0 0 255 154 255 255 243 255 81 255 0 255 0 0 0 255
    0 255 0 255 0 255 0 255 255 221 0 0 0 204 222 255 0 255 255 255 0 24
    255 76 0 255 16 255 36 255 155 0 179 0 0 176 255 54 0 0 59 255 0 0 0
    255 0 249 0 255 214 210 0 0 255 0 255 0 0 23 255 255 0 0 0 255 0 255
    46 255 255 255 34 255 0 110 0 255 0 255 255 255 255 0 0 0 255 79 255
    255 255 11 255 0 0 0 255 181 0 0 0 255 40 255 140 255 88 0 255 0 86
    173 226 0 61 255 0 0 151 255 0 0 0 0 255 0 255 0 243 0 255 255 213 0
    0 0 255 255 255 255 0 0 0 255 0 0 78 255 255 0 0 0 255 255 0 24 0
    255 0 255 7 255 255 0 0 91 255 255 255 0 178 229 255 0 0 0 0 159 255
    0 255 255 255 0 204 255 0 0 0 0 0 255 255 255 0 255 0 255 0 255 0
    255 0 204 0 0 0 255 0 255 0 255 0 255 0 255 0 255 0 255 187 255 255
    217 0 0 255 0 87 255 0 255 0 0 0 54 255 160 255 255 0 255 0 0 0 255
    176 255 255 255 0 0 0 255 255 255 0 255 0 255 0 46 0 255 150 182 255
    0 255 206 110 0 103 0 255 0 255 255 255 0 0 255 255 0 255 229 255
    255 23 31 255 0 62 0 65 144 135 0 0 0 0 255 255 0 255 0 0 0 106 255
    186 0 0 255 0 255 0 255 0 255 0 255 0 255 0 144 0 0 255 255 182 255
    255 0 0 255 229 255 0 255 255 255 255 255 255 0 0 0 255 255 255 0 0
    175 255 255 255 0 0 251 255 255 153 109 255 0 73 0 0 255 255 255 11
    0 0 255 255 0 0 255 0 0 255 255 255 0 240 255 255 0 0 255 0 0 0 255
    255 207 0 0 255 255 0 66 241 255 0 255 0 71 0 18 255 255 255 255 0 0
    0 255 219 63 223 255 0 0 255 255 255 0 0 255 255 255 0 0 0 255 255
    255 0 0 0 0 0 0 255 0 255 255 255 3 0 0 0 0 164 81 255 0 255 0 255 0
    0 0 0 255 182 255 0 255 125 0 26 0 0 0 255 255 255 0 0 166 0 159 0
    255 255 0 0 255 0 0 0 255 255 0 0 255 224 51 255 0 255 0 255 255 255
    0 255 43 255 0 41 255 0 177 15 255 255 0 0 255 255 255 236 0 0 255 0
    255 255 255 0 255 0 0 255 255 255 255 0 242 255 255 0 255 0 166 255
    255 255 247 255 0 0 164 119 0 255 0 255 255 66 0 39 0 0 255 70 255 0
    0 255 0 255 0 255 255 0 150 0 0 51 255 255 255 0 255 0 255 0 255 255
    255 0 255 255 0 0 255 255 255 0 0 141 0 255 2 0 221 13 255 0 0 0 0
    255 255 255 0 255 0 255 0 255 0 255 131 0 255 255 255 0 255 0 255 0
    255 255 255 0 0 252 255 0 0 0 14 255 255 255 11 0 255 0 255 105 0
    255 0 255 0 255 255 255 0 0 255 0 188 0 0 0 255 255 68 0 229 168 0 0
    0 255 255 239 245 0 0 255 88 255 0 255 255 255 0 161 255 255 255 0
    211 255 0 255 0 255 0 255 255 140 255 0 117 45 0 255 255 22 255 0 0
    255 0 255 235 255 0 0 0 0 255 255 0 0 157 255 0 0 0 255 14 0 0 123
    172 255 0 0 0 4 255 255 0 255 0 255 0 255 52 240 36 65 97 255 96 255
    0 255 0 0 255 0 0 255 255 255 0 241 0 255 0 255 0 0 0 255 255 0 0 0
    0 175 156 0 0 0 255 255 106 0 216 0 255 26 198 149 0 255 255 255 0
    255 0 55 0 0 254 255 255 255 255 0 240 0 255 255 255 0 255 255 75
    255 0 255 0 0 255 0 0 0 255 255 0 0 255 0 0 0 26 255 255 0 0 255 0 0
    255 0 255 255 255 0 0 0 0 255 209 255 226 0 255 255 255 0 255 255
    255 0 255 0 0 0 0 255 0 255 122 255 0 255 6 0 0 255 255 255 0 0 0
    255 255 139 0 0 0 255 255 34 0 0 255 255 255 0 0 255 211 255 0 255 0
    255 122 255 0 216 0 135 0 255 0 0 0 255 255 255 0 0 255 0 255 255
    255 255 0 255 0 0 255 255 0 0 255 255 255 255 0 0 0 202 0 0 0 255 0
    154 0 255 0 255 255 0 255 130 0 0 0 255 0 0 0 255 123 255 255 255 0
    0 92 127 255 255 255 0 0 0 255 71 255 255 255 66 190 198 0 125 0 255
    255 255 255 175 0 0 0 255 0 57 255 255 78 0 0 255 0 255 255 255 225
    255 255 0 0 255 255 255 0 0 255 255 255 255 0 0 0 255 0 255 255 0 0
    0 255 255 255 255 0 0 0 0 255 255 255 196 0 255 0 255 255 0 0 0 0 0
    251 255 0 216 117 255 239 255 0 100 255 0 0 0 212 82 255 0 25 0 0
    255 0 255 255 0 0 255 255 0 0 0 255 255 0 168 0 80 255 255 0 0 0 37
    76 0 255 0 0 255 0 0 0 255 0 89 0 255 77 209 0 0 0 255 186 0 60 0
    255 0 0 54 255 252 160 0 255 0 0 0 255 0 0 255 0 0 255 0 255 255 255
    0 0 255 193 52 0 255 0 190 122 23 255 0 255 255 163 0 255 255 255 0
    255 0 255 255 255 0 0 0 0 255 165 175 0 255 128 255 255 255 28 0 255
    0 79 246 255 0 255 0 255 0 255 151 57 255 253 255 148 0 120 0 255
    149 255 255 255 0 0 252 0 118 255 89 255 0 255 255 255 56 255 255
    255 255 0 255 0 255 0 40 255 255 0 206 255 255 255 99 0 0 0 0 255
    228 0 0 0 0 0 0 255 255 0 0 255 255 0 0 0 255 0 0 0 255 156 0 28 0
    255 224 0 83 0 93 49 255 111 255 30 0 0 255 93 255 255 0 0 255 0 214
    0 0 255 0 255 0 0 196 0 255 0 204 50 0 0 255 40 212 255 255 180 0
    247 151 255 245 231 0 0 0 255 0 255 0 255 255 0 0 0 0 0 255 255 255
    0 255 0 0 0 0 255 255 255 148 0 112 0 255 163 79 255 163 255 0 213
    255 255 255 253 0 0 255 0 0 0 255 255 255 200 0 0 255 0 138 0 0 70 0
    204 255 141 0 255 255 255 0 0 0 0 0 110 0 0 0 141 68 255 0 0 0 148
    69 255 87 0 200 255 176 192 255 142 19 255 0 0 156 211 255 255 255
    251 22 255 255 122 0 47 255 88 255 0 173 136 0 0 0 255 255 255 255 0
    0 0 0 255 112 0 0 255 255 158 0 0 0 0 255 0 149 255 0 73 114 0 255
    255 0 37 0 0 255 145 255 255 255 46 0 251 0 0 0 255 194 175 139 31
    255 255 255 0 255 0 0 0 255 0 0 0 190 255 0 0 255 255 255 0 60 0 0 0
    255 255 0 0 255 156 0 0 193 255 255 0 0 0 0 0 132 255 0 104 255 0
    255 0 255 255 0 0 0 255 255 255 0 255 0 255 255 255 98 255 28 255 0
    0 255 255 0 0 158 255 255 0 0 0 0 255 0 255 0 0 0 0 0 0 255 255 0
    255 255 255 90 255 133 255 0 255 0 0 0 255 255 255 0 0 92 0 51 255 0
    255 255 255 0 0 0 66 255 255 109 255 0 255 0 255 255 0 81 112 141
    255 0 255 255 0 0 41 255 255 255 0 0 0 0 255 255 255 119 0 0 0 73
    114 167 255 255 0 0 255 255 255 255 0 255 0 255 255 255 255 0 255 0
    255 112 51 0 0 255 0 255 0 255 173 0 192 0 226 115 0 0 0 0 255 255
    255 255 255 30 0 0 255 18 255 36 0 0 0 255 0 10 0 255 0 255 0 138 0
    255 255 255 0 0 255 0 255 0 255 186 94 255 255 255 0 255 235 255 0 0
    177 0 0 0 255 255 255 0 212 0 255 248 255 255 51 0 101 0 0 0 43 255
    67 255 0 0 0 187 136 125 255 255 255 0 0 117 0 255 108 255 255 0 255
    0 255 0 255 0 255 0 0 0 0 51 255 255 255 14 255 0 0 0 255 0 255 255
    0 255 0 0 0 255 0 0 0 151 255 255 0 174 0 255 255 0 0 0 255 255 255
    255 0 255 0 225 255 0 255 0 0 116 255 0 110 2 255 255 255 255 0 0 0
    255 6 131 255 0 0 0 255 255 0 0 0 255 52 147 255 127 255 0 0 16 177
    255 255 0 0 255 0 37 240 77 0 0 255 0 255 255 0 0 0 242 37 255 255
    33 0 255 0 0 0 255 0 255 0 255 231 255 0 0 255 0 255 0 255 0 255 0
    255 0 0 0 255 255 232 255 255 255 0 0 171 0 255 2 0 9 0 255 255 255
    0 255 70 0 0 0 255 255 255 0 255 0 242 254 255 255 121 0 95 0 0 0 0
    255 0 255 255 255 252 0 0 155 255 255 0 0 171 184 255 150 255 0 2
    216 255 118 255 0 161 255 223 0 255 255 255 194 0 0 255 0 255 0 0 0
    255 0 255 62 255 0 255 0 255 0 115 0 255 118 0 0 255 49 139 255 255
    0 255 255 0 0 119 255 2 202 223 255 255 0 255 0 0 40 255 0 255 0 0 0
    0 255 94 255 26 0 51 255 255 154 0 0 255 255 255 0 255 0 255 0 199
    255 203 255 0 255 255 0 255 0 255 228 255 255 0 255 196 255 255 50 0
    0 114 255 255 110 0 0 0 255 255 0 0 224 44 255 0 255 0 255 255 133 0
    255 255 255 0 0 255 255 255 255 224 255 0 255 0 0 255 255 255 17 0
    255 0 255 0 255 0 255 0 76 0 255 222 0 255 0 147 0 78 0 0 255 0 232
    0 255 255 241 0 255 0 0 255 255 0 0 69 255 255 255 0 0 0 0 0 255 255
    255 0 255 185 0 149 255 255 139 255 87 80 0 0 0 255 255 0 255 0 255
    0 255 88 0 176 68 0 255 24 255 0 0 255 255 231 0 0 0 255 0 0 0 0 255
    255 255 141 90 0 255 255 255 0 0 255 255 255 0 0 0 255 36 255 255 69
    150 218 0 35 255 255 255 0 0 255 255 0 0 0 0 255 255 255 0 0 255 255
    0 0 255 255 255 255 0 0 140 255 181 255 255 255 0 225 0 255 0 0 255
    255 0 255 0 0 43 255 255 0 0 62 246 255 212 255 0 255 255 255 255 0
    0 0 171 66 0 255 149 255 255 0 255 255 255 0 0 0 255 0 255 0 172 20
    0 255 0 255 255 255 255 0 255 0 255 0 0 13 0 208 0 255 255 0 255 0 0
    0 45 0 255 206 255 0 0 0 255 255 201 0 0 0 0 0 255 0 0 0 105 0 255
    255 255 255 0 204 0 55 166 255 255 130 0 0 0 255 87 77 0 0 255 255 0
    0 218 0 255 0 20 96 0 0 196 0 255 255 0 0 0 72 0 255 0 255 255 255 0
    0 33 255 0 255 255 0 0 182 255 0 255 255 255 156 246 0 255 34 255 0
    255 0 255 255 0 13 0 255 0 255 255 255 0 255 0 255 255 0 255 0 0 0 9
    0 255 255 153 0 0 0 255 255 255 255 0 23 226 255 0 0 0 255 255 0 0
    121 255 255 0 0 0 0 255 255 255 42 0 138 255 0 0 255 255 255 0 0 96
    255 0 0 147 255 255 255 255 255 255 0 139 255 255 255 0 255 255 255
    0 0 0 35 0 255 0 0 0 0 0 189 255 255 0 0 1 255 0 137 0 255 255 0 255
    80 255 0 84 255 0 255 219 0 0 74 255 255 29 0 255 255 255 0 0 255
    255 255 255 0 255 255 255 0 255 0 0 152 0 255 255 255 255 0 0 0 16 0
    4 255 0 255 59 255 255 74 94 191 0 255 255 255 255 0 0 0 0 0 255 255
    0 0 255 143 255 0 0 255 0 255 255 0 42 231 0 0 0 0 255 0 104 0 95 0
    255 255 255 0 0 200 53 0 255 255 255 0 0 188 255 255 255 144 0 248 0
    255 0 229 255 199 255 255 255 255 0 0 255 255 179 0 255 8 255 0 51
    255 255 255 251 74 255 0 224 255 0 0 0 255 255 0 255 0 68 255 255 0
    0 174 207 191 255 19 0 0 0 207 0 0 0 255 255 141 255 0 0 255 255 255
    254 0 0 0 255 255 0 0 255 159 255 0 255 84 255 0 0 255 255 0 255 157
    134 0 0 255 51 255 0 255 200 0 0 0 0 0 202 255 0 0 0 0 108 145 255 0
    0 0 0 0 255 255 255 0 80 0 0 0 255 255 102 0 0 255 255 0 0 0 0 255 0
    0 0 255 255 0 0 255 0 226 255 255 247 0 255 0 255 0 189 255 255 0 0
    0 98 255 0 0 0 254 0 0 0 255 27 255 255 0 255 0 0 255 0 0 0 255 93 0
    255 255 0 0 255 45 255 0 0 37 0 255 0 29 255 255 0 0 76 255 255 40
    255 255 246 255 0 92 0 255 255 214 0 255 0 255 0 255 255 26 0 0 255
    116 0 255 255 255 0 7 255 255 255 0 0 255 0 222 0 0 0 255 255 255 0
    0 0 255 255 255 101 0 255 244 0 255 255 255 0 0 0 255 255 255 31 0 0
    255 255 0 0 0 255 255 255 0 255 255 0 0 0 255 0 255 0 255 0 132 0
    255 0 255 0 255 84 0 34 0 103 255 0 255 0 255 206 255 255 255 255 0
    0 0 0 255 0 255 255 255 255 0 255 255 255 183 0 0 0 255 255 145 0
    255 0 0 255 0 255 0 255 255 255 0 0 0 0 0 255 255 255 255 0 255 11 0
    255 0 0 255 255 255 179 255 164 180 255 0 255 255 255 0 104 0 67 0 0
    255 112 255 0 255 64 255 182 255 0 0 0 5 0 40 255 175 0 255 126 255
    0 167 0 0 170 255 255 0 78 0 0 0 255 91 0 0 255 232 253 0 83 0 0 249
    255 0 255 207 0 255 87 255 0 0 183 255 255 0 255 206 255 0 99 0 195
    255 63 255 63 0 255 55 255 255 0 0 255 255 31 0 0 0 151 0 0 255 255
    255 0 255 35 255 255 255 19 255 255 136 0 64 103 255 0 218 0 255 255
    240 255 0 0 255 242 0 0 255 255 0 0 255 76 255 0 0 255 0 255 255 0
    205 0 255 0 255 0 255 0 255 207 255 0 0 0 255 255 255 255 0 255 255
    0 0 255 0 100 0 14 0 0 255 255 0 0 0 255 255 255 0 0 0 0 255 0 0 224
    255 255 193 0 0 255 255 255 0 0 185 0 205 0 255 255 227 234 79 0 0
    255 0 255 255 0 243 0 255 0 255 0 0 255 255 0 255 142 255 0 0 0 0
    255 255 132 255 104 255 0 0 213 255 0 122 238 167 0 255 0 255 0 16 0
    255 0 0 0 255 0 0 0 255 255 255 0 0 237 255 144 255 255 255 255 150
    255 0 0 183 255 255 255 0 0 0 255 255 255 0 255 0 0 0 255 255 255 0
    0 0 255 0 253 0 215 121 255 0 0 0 255 255 0 0 0 0 255 255 255 0 0 25
    0 72 255 103 0 0 255 0 255 0 0 0 255 255 255 0 255 20 0 255 72 255 0
    20 0 6 255 255 0 0 0 255 0 255 0 255 34 255 0 0 0 255 0 255 33 255
    255 0 0 0 0 19 255 144 0 0 0 255 255 52 0 0 255 255 0 0 0 255 255 0
    0 255 255 255 255 255 255 0 0 0 255 0 170 255 255 0 171 0 0 255 255
    0 0 0 0 66 0 255 0 255 0 0 133 99 47 255 0 0 0 255 255 255 0 0 255 0
    0 0 255 255 132 0 0 238 0 255 104 255 0 255 255 57 255 0 255 255 228
    255 82 0 0 255 209 255 255 255 244 0 0 156 255 255 51 16 227 172 255
    255 143 255 0 0 0 255 45 0 0 255 0 255 0 246 0 0 255 177 186 255 0
    255 0 255 0 255 214 0 255 0 255 0 255 0 255 0 255 0 0 182 0 0 0 255
    255 255 255 0 0 0 255 255 255 0 0 255 30 255 44 0 255 255 125 151 0
    0 255 255 142 0 0 19 0 0 139 221 0 0 107 95 255 255 83 224 255 255
    40 0 255 228 255 0 0 0 255 0 255 0 255 255 255 0 207 186 91 0 255
    255 255 0 255 255 255 255 0 178 0 0 255 0 255 0 255 0 0 0 0 140 255
    255 0 255 255 255 0 0 255 249 255 0 0 0 255 52 0 0 0 0 255 255 197 0
    79 36 54 60 255 255 0 0 0 255 0 255 0 0 255 255 0 255 255 0 255 195
    255 0 15 255 0 0 255 255 255 0 37 255 255 255 0 0 0 255 0 255 0 255
    255 255 0 255 0 0 0 19 255 0 0 0 255 0 0 255 168 176 67 0 0 0 0 255
    0 255 255 255 53 255 0 0 0 255 0 0 0 0 255 0 255 255 0 0 255 255 255
    255 255 0 0 0 70 34 0 255 255 0 0 0 39 255 255 230 0 255 255 255 0
    70 0 0 255 255 255 255 133 255 0 63 0 194 0 0 245 255 204 0 0 255 28
    0 122 221 0 0 255 255 0 0 0 255 93 255 0 39 255 255 255 0 255 0 0 0
    255 0 0 255 211 255 255 227 33 102 255 255 0 255 0 255 0 0 255 0 0 0
    13 255 255 255 0 255 255 255 147 255 255 0 85 255 0 255 0 0 0 255
    255 255 0 0 89 255 255 255 0 255 0 255 0 0 115 255 73 234 251 0 34 0
    0 79 0 0 255 83 255 0 255 255 0 255 0 255 255 236 0 255 0 255 0 255
    0 0 0 255 0 0 0 255 171 0 255 255 46 158 0 255 0 249 255 0 96 255
    255 0 0 222 255 0 30 0 255 255 255 255 0 0 69 0 172 0 255 255 255 0
    255 0 255 0 0 6 103 106 0 190 0 255 255 39 255 0 0 145 255 255 255 0
    255 255 255 178 0 0 255 0 255 107 0 245 0 255 74 255 255 0 187 0 255
    7 255 0 0 0 0 122 255 199 255 255 38 255 0 211 32 0 255 255 255 0 0
    255 255 0 250 255 255 57 255 0 255 0 255 0 0 0 111 255 255 127 255
    145 255 0 0 167 255 235 255 207 148 103 255 0 255 35 240 255 0 255 0
    255 0 0 255 255 0 0 0 255 255 255 0 0 28 0 110 146 230 255 0 255 243
    0 0 0 117 255 255 255 0 0 0 255 0 0 237 255 0 100 0 255 49 72 0 17
    200 0 255 255 0 0 0 255 60 255 255 255 255 0 0 252 0 255 255 255 237
    0 255 0 255 255 255 0 0 255 255 180 69 255 173 0 0 59 255 0 0 0 155
    255 0 255 255 0 255 255 255 0 255 0 255 147 51 255 115 0 0 0 255 255
    255 0 255 77 255 114 255 0 0 0 255 0 90 0 0 229 85 255 0 0 255 255
    255 99 31 255 31 146 0 0 0 255 255 0 0 0 0 255 0 104 178 255 255 255
    0 0 184 255 255 255 0 53 0 255 0 0 255 0 0 0 255 0 217 0 255 255 255
    0 255 0 255 255 255 255 0 0 0 0 255 255 255 0 255 89 0 0 125 255 0 0
    0 123 231 255 0 174 234 96 21 255 0 46 0 0 255 0 0 102 255 146 255 0
    255 0 255 118 63 212 255 0 0 18 0 162 0 177 255 23 255 0 0 0 255 107
    255 0 0 255 255 0 0 255 255 211 0 0 0 255 0 255 0 255 0 0 255 255
    255 0 0 0 29 117 0 255 0 0 0 0 255 20 192 0 0 255 0 146 255 255 0
    225 0 67 0 0 255 96 255 255 255 0 0 188 94 255 0 0 120 255 255 0 255
    255 20 0 0 255 255 255 0 255 0 255 0 0 0 0 0 255 255 82 0 137 255
    255 0 0 0 255 255 255 255 0 0 0 0 144 0 255 255 255 54 0 0 31 255 0
    255 0 225 0 255 255 69 0 28 255 225 0 255 0 255 0 10 0 255 0 0 0 10
    255 255 0 0 219 255 0 255 0 0 0 91 255 255 255 255 0 206 0 255 255
    255 0 15 255 0 125 0 255 255 0 0 0 55 255 255 255 255 255 27 0 0 255
    255 255 255 0 255 198 0 0 158 255 0 255 79 255 255 26 0 0 102 255
    255 0 30 242 0 154 0 139 0 182 159 0 255 255 255 0 0 173 255 0 0 0
    255 0 255 255 255 255 0 0 0 255 255 255 255 255 114 0 71 101 255 0
    238 0 0 255 0 0 0 111 255 3 36 0 0 255 255 0 255 255 255 0 255 123 0
    255 255 0 0 0 255 255 255 0 0 0 255 255 255 0 76 0 178 79 0 0 255
    245 255 28 0 0 102 255 255 0 0 0 255 255 255 255 211 0 0 0 253 255
    255 255 0 0 0 0 255 255 255 255 255 0 0 0 0 255 0 255 172 0 255 136
    255 255 255 255 0 255 0 255 0 255 0 36 0 0 255 255 255 255 0 0 0 178
    0 0 186 255 198 255 0 255 0 255 0 255 0 0 50 0 132 0 0 255 255 0 0 0
    0 0 255 0 0 59 255 255 255 80 156 191 144 0 0 228 27 0 255 255 255
    255 74 0 0 255 250 0 188 255 255 255 0 0 0 248 54 255 255 255 255 0
    0 53 255 36 255 0 255 255 255 159 0 109 255 255 154 176 0 255 255
    255 0 27 0 255 0 112 255 0 140 0 255 0 223 0 0 0 255 134 255 0 255
    255 0 0 0 255 128 255 0 0 0 255 72 255 255 255 255 0 255 50 215 0 0
    255 14 255 128 0 0 255 198 63 71 255 0 255 0 0 0 255 0 255 255 255 0
    255 0 255 91 146 0 0 255 0 197 255 255 192 0 0 255 0 54 0 255 143 0
    0 255 40 255 0 67 0 0 255 255 255 0 50 255 255 0 255 0 255 0 0 255
    255 0 153 0 8 255 255 0 0 0 255 255 255 255 255 226 0 62 0 255 70
    255 0 255 0 0 0 255 255 255 0 255 0 255 0 0 0 255 255 32 255 0 0 0
    255 255 255 0 0 223 255 0 0 0 255 255 0 0 172 234 255 255 0 104 255
    255 186 255 0 255 0 0 0 255 0 0 255 0 122 255 0 255 255 255 0 106
    255 255 0 0 0 255 255 0 255 255 255 0 0 255 255 255 0 146 255 255
    126 0 0 0 0 255 125 0 0 74 255 0 255 255 255 0 255 0 255 97 255 0
    199 0 255 188 0 254 119 0 0 255 0 255 0 255 255 255 0 0 0 255 255
    155 139 184 0 54 0 255 255 0 106 0 0 24 255 255 0 0 255 255 22 0 0 0
    255 0 255 255 255 0 0 236 177 127 0 255 55 188 0 0 0 255 0 255 255
    253 255 0 255 0 136 107 0 255 172 73 0 31 255 255 0 255 255 97 255 0
    255 0 255 0 255 172 255 0 0 255 0 255 0 0 19 118 0 255 253 255 255 0
    0 47 255 0 0 255 255 226 0 46 0 255 255 255 255 0 255 0 255 0 101 0
    255 255 0 0 0 255 255 255 175 206 158 101 0 0 255 219 255 101 35 0
    255 121 255 0 0 0 0 0 0 0 63 0 112 0 255 216 255 0 255 7 97 255 0
    174 255 255 75 255 0 0 0 255 37 255 0 0 255 255 0 36 0 255 255 255
    255 255 255 177 0 0 0 0 255 255 18 177 0 0 0 0 245 0 255 255 27 0 0
    255 255 255 255 0 88 0 255 255 255 0 250 255 255 255 255 0 0 75 133
    255 0 255 189 0 0 0 255 255 255 0 255 255 0 255 0 80 0 124 113 255
    80 124 255 255 255 255 0 0 241 0 0 0 255 255 0 0 0 127 255 0 0 0 255
    47 0 255 140 255 0 0 0 119 255 255 255 0 0 0 255 0 0 97 255 255 0 0
    131 228 255 0 255 255 255 0 0 0 255 198 255 0 4 0 255 255 255 0 0 0
    0 67 243 0 215 255 255 255 83 0 0 0 255 255 0 0 137 35 255 114 255
    255 0 2 255 0 0 0 0 0 0 9 0 0 0 255 255 255 255 0 0 0 0 255 80 0 0
    255 0 255 255 255 0 0 194 71 250 255 255 0 0 255 255 255 0 0 0 0 0 0
    255 255 255 0 0 0 0 255 0 85 255 81 58 58 255 255 255 255 6 0 0 200
    255 255 0 83 255 255 255 191 252 255 0 0 255 255 0 255 255 255 255 0
    0 0 64 255 255 86 0 51 244 0 0 0 255 200 203 255 0 255 87 255 255
    255 0 255 0 255 135 0 255 255 0 0 255 0 0 255 0 0 0 255 0 1 158 255
    33 255 0 0 0 255 0 157 0 255 255 152 255 255 255 0 0 10 255 255 255
    0 69 0 255 0 0 152 255 0 0 0 255 0 255 0 160 255 19 255 35 48 0 0 0
    255 0 255 255 255 0 255 0 255 255 0 0 90 255 203 201 0 255 0 255 175
    255 4 255 0 0 255 255 255 54 0 1 231 255 255 0 255 0 0 255 255 255 0
    78 0 255 0 255 0 0 0 255 0 0 0 0 255 0 255 0 24 239 52 54 255 0 0 0
    255 0 255 0 255 15 50 79 226 107 125 150 0 0 255 255 0 0 255 206 255
    0 255 255 0 255 0 170 0 255 0 0 0 55 0 255 0 248 0 0 255 144 255 255
    255 220 255 255 129 17 173 214 215 0 255 255 0 111 0 255 199 0 255
    255 218 0 0 255 0 0 139 255 0 0 255 19 8 255 0 255 255 255 0 255 255
    0 255 0 0 255 0 255 0 255 0 211 0 255 255 255 0 0 255 0 255 0 255
    255 0 0 255 255 0 255 0 0 0 255 131 255 255 145 255 0 14 179 255 0
    122 255 255 0 0 255 0 255 0 0 255 255 190 0 255 255 24 0 255 255 32
    0 255 45 255 255 0 170 148 62 255 255 0 0 226 255 0 0 120 255 255 86
    21 0 0 0 88 255 255 255 246 255 255 255 0 255 0 255 214 255 0 255
    202 255 0 255 255 111 255 0 29 0 212 0 255 0 255 49 255 255 0 0 0
    255 255 255 0 255 0 255 255 255 0 0 0 255 0 0 0 27 0 0 255 255 255
    255 0 149 255 255 255 0 57 0 255 255 0 90 0 0 118 255 255 0 0 0 0 0
    255 255 255 0 255 0 0 255 101 255 255 255 255 255 255 0 63 0 255 255
    255 255 0 0 43 216 255 126 255 0 187 155 0 118 62 255 216 255 0 0
    144 255 255 0 62 255 255 255 0 255 255 0 0 0 255 255 255 0 0 39 0 0
    0 2 255 255 0 0 255 255 255 0 255 255 255 32 0 0 255 255 255 0 0 0 0
    168 255 0 255 210 255 0 221 0 255 255 97 0 0 10 174 63 255 152 255
    255 162 132 253 0 0 0 0 0 255 255 255 110 0 0 20 93 255 255 255 35
    146 131 255 0 0 0 245 255 0 102 0 32 255 51 255 0 0 255 255 255 0 78
    0 0 255 255 255 255 255 198 0 0 0 0 0 127 226 150 221 0 0 156 255
    255 55 0 255 147 0 255 22 0 0 0 52 255 255 0 255 0 255 0 255 0 0 255
    255 255 255 255 82 0 128 255 255 0 255 0 0 255 255 0 236 0 255 255
    40 0 255 0 255 0 255 255 255 255 0 0 0 122 255 0 0 172 193 0 255 255
    0 255 168 225 255 0 255 255 0 0 0 255 0 239 255 255 74 0 106 0 229
    170 0 0 255 218 174 255 0 17 0 255 255 0 0 255 255 255 233 255 0 177
    255 255 0 255 0 0 0 255 255 255 0 255 255 0 0 0 0 0 231 255 255 255
    0 0 0 255 0 255 255 255 0 0 255 255 255 255 255 3 0 75 29 91 0 255
    255 255 0 0 217 255 255 0 255 255 255 252 0 0 106 0 0 0 255 0 255 0
    0 0 0 255 255 36 0 255 255 255 0 0 0 0 255 255 255 0 0 255 0 255 0 0
    255 0 255 0 0 0 0 255 189 255 0 255 0 0 0 255 255 0 0 217 255 0 255
    255 144 0 255 255 46 0 0 0 177 255 255 255 255 49 0 0 92 255 70 0 0
    255 0 0 255 255 84 255 0 20 255 255 0 0 0 255 255 255 255 27 0 0 255
    102 65 0 0 195 255 255 0 255 21 255 0 0 0 0 255 255 0 0 0 92 255 0 0
    255 255 255 255 0 255 0 0 0 0 255 0 0 255 0 255 0 255 0 0 0 255 255
    144 0 255 0 255 0 255 255 255 2 0 0 0 255 0 20 255 255 255 255 0 0 0
    109 255 0 255 83 0 0 255 255 255 255 201 104 255 0 0 255 253 77 0 0
    255 37 255 0 197 0 0 0 0 76 0 0 255 255 255 255 255 100 52 255 255 0
    0 0 255 251 255 255 0 0 255 0 255 0 255 0 0 255 255 220 199 255 255
    255 0 0 0 255 255 255 204 0 255 255 255 146 255 0 255 0 255 0 255 0
    0 0 0 255 255 255 142 0 0 255 255 255 0 0 0 0 212 84 255 0 71 255
    255 0 255 255 255 0 0 219 255 0 0 0 0 0 255 0 229 255 255 0 0 255 0
    255 146 255 0 0 0 111 0 0 0 0 0 157 255 87 255 0 77 0 0 0 0 255 255
    255 255 255 255 183 227 0 0 0 0 0 0 0 0 255 255 0 255 0 0 79 255 255
    0 0 113 0 255 92 107 0 255 0 0 0 255 0 255 0 255 89 0 0 213 16 0 164
    255 255 230 255 147 255 0 144 217 156 129 255 161 0 0 0 255 183 0
    255 255 255 255 255 255 255 247 255 255 255 137 0 9 255 0 3 255 255
    255 0 255 0 0 0 150 255 255 255 255 255 0 2 255 0 255 0 255 0 0 255
    255 255 106 212 0 0 0 46 0 255 255 255 0 121 255 0 255 0 255 255 255
    0 0 0 0 255 0 0 0 255 104 91 142 255 180 0 179 167 166 255 0 255 255
    255 0 0 244 255 130 0 255 0 71 0 97 255 0 255 0 0 0 48 255 211 255
    255 255 0 0 165 255 255 0 0 0 255 255 255 0 0 0 255 0 255 0 142 255
    255 0 0 158 255 255 221 0 0 0 255 227 108 0 255 112 255 0 0 255 81 0
    0 0 0 0 255 255 124 0 0 0 170 255 0 168 255 255 0 0 0 0 255 68 255 0
    255 17 255 0 0 0 255 255 255 191 255 2 255 0 0 255 4 255 92 255 255
    255 0 0 62 255 0 0 255 255 255 255 255 215 0 165 0 255 255 129 0 0
    255 0 255 255 0 255 0 0 255 255 0 0 0 0 255 0 172 75 255 255 255 0 0
    0 255 0 0 237 57 255 255 0 74 124 0 0 0 255 255 255 107 0 213 0 167
    255 0 96 0 255 111 255 255 255 229 0 0 255 34 255 120 255 0 255 255
    142 0 0 255 6 178 0 255 255 255 233 0 0 255 0 255 0 255 255 255 255
    255 0 8 0 0 255 0 0 0 101 0 255 27 103 0 255 255 255 0 255 165 255 0
    0 0 189 255 255 255 0 255 0 0 0 0 128 255 167 255 255 0 0 0 0 255 0
    190 0 0 134 255 0 0 183 255 0 0 255 131 255 182 0 0 246 255 255 255
    175 240 154 255 0 128 0 255 255 255 0 0 0 255 0 255 37 255 255 255
    255 0 0 0 255 245 255 0 0 45 255 255 132 0 255 0 175 0 0 255 255 255
    155 0 0 0 255 255 255 0 0 255 255 255 255 255 0 0 0 255 0 0 0 255 0
    255 118 255 218 224 255 255 129 106 0 12 30 255 255 126 0 255 0 0 0
    255 255 116 255 255 255 0 0 0 0 255 255 0 0 0 255 181 0 0 240 255 13
    0 0 0 255 255 7 0 99 72 255 0 0 255 255 255 0 255 48 0 255 0 0 0 255
    255 82 0 255 255 0 0 141 255 255 200 42 0 255 0 255 255 255 60 0 255
    142 250 0 0 0 255 0 226 0 255 0 255 45 24 255 0 255 117 255 255 0 0
    60 0 87 255 255 0 40 0 0 0 255 255 0 0 255 0 255 0 0 0 0 47 0 255 0
    255 212 255 255 73 0 0 255 255 255 0 173 255 159 255 255 244 255 0
    255 121 0 255 255 255 0 0 0 255 255 184 217 255 0 0 0 255 76 76 0 0
    23 0 255 0 255 174 89 0 0 255 0 93 0 255 178 0 68 255 0 255 0 255 0
    255 255 255 0 0 0 255 255 255 0 255 0 0 255 255 124 0 255 0 255 0
    255 0 9 255 109 0 0 47 0 45 255 255 255 0 0 0 255 255 0 0 0 255 255
    0 255 0 247 255 255 255 0 96 0 255 6 255 255 255 0 255 0 0 76 255
    255 52 0 0 255 0 255 255 255 157 255 0 0 0 255 255 7 255 255 0 255
    40 255 0 255 0 255 0 255 82 0 0 0 67 0 255 0 255 120 0 0 255 255 4 0
    111 0 255 0 255 0 0 0 0 255 192 0 0 0 255 255 255 0 0 0 255 0 251 0
    255 255 24 0 108 0 0 0 0 0 255 0 255 255 0 0 255 255 185 0 255 0 255
    89 0 0 0 0 144 242 0 255 255 164 0 72 0 255 233 0 0 0 138 0 103 0
    255 0 255 0 138 255 0 255 0 0 0 255 255 255 6 239 255 255 0 15 255 0
    155 255 255 0 0 13 46 0 0 255 148 0 255 255 255 255 0 139 255 255 0
    0 255 255 255 0 0 188 111 255 0 255 255 2 11 168 255 255 164 255 0 0
    255 207 255 0 0 255 0 255 7 58 0 132 255 93 219 0 157 255 255 255 0
    255 0 0 6 255 109 62 0 0 0 0 255 255 0 0 0 255 255 0 0 251 255 0 252
    5 255 255 255 0 0 0 255 197 255 0 0 0 180 255 90 115 0 0 0 0 34 255
    255 142 138 0 255 0 0 0 0 255 255 255 0 255 255 113 0 153 0 255 0
    255 255 255 255 222 0 17 0 255 161 242 0 0 255 37 255 21 0 100 0 255
    0 0 255 255 255 0 4 0 18 0 255 87 230 0 0 0 0 0 3 255 216 177 98 255
    255 0 0 0 255 199 255 255 255 255 255 220 0 0 255 255 255 0 255 0
    255 255 255 0 0 36 255 0 0 255 255 0 0 0 255 255 255 0 255 255 0 0
    64 0 255 255 0 255 0 233 255 255 0 194 0 255 163 255 0 0 255 255 0
    255 255 255 255 255 255 0 255 0 0 0 52 255 0 0 0 215 0 225 0 214 255
    52 0 255 255 255 255 255 255 127 245 208 0 0 255 255 0 0 0 0 0 255
    202 0 255 255 255 0 243 0 255 0 108 0 255 255 255 255 255 0 14 255 0
    255 0 255 0 255 255 255 160 22 0 0 0 255 0 0 0 138 255 130 0 0 0 37
    255 0 255 0 0 0 0 255 255 255 0 0 157 255 255 255 255 0 0 255 255 32
    255 0 66 0 255 255 0 0 156 0 227 255 255 165 0 255 255 255 108 255
    135 32 0 93 255 186 0 255 0 0 0 255 255 0 67 255 116 255 255 255 0
    137 0 0 81 255 255 0 255 255 255 0 255 255 241 0 0 132 255 255 153
    103 0 255 186 255 0 0 255 255 255 0 0 255 0 255 0 255 255 125 62 0
    73 255 28 0 0 255 255 0 0 0 0 255 14 255 230 255 0 0 255 98 135 255
    255 255 0 0 0 255 0 255 255 86 0 255 40 255 0 0 255 0 255 0 255 255
    0 255 0 193 255 255 0 0 174 57 136 255 255 0 0 0 255 0 255 120 255
    255 255 205 0 0 0 255 255 30 0 255 255 0 27 0 240 0 106 0 0 0 255 0
    255 255 241 0 0 255 255 8 255 0 255 255 255 255 0 0 255 126 0 49 231
    255 0 0 129 61 255 61 0 0 0 205 0 255 0 255 165 235 255 0 0 0 0 255
    21 255 0 0 0 0 255 255 255 0 255 0 255 0 0 0 36 0 255 255 244 0 15
    255 255 170 238 83 255 0 211 162 255 255 255 0 0 0 255 255 0 0 55
    255 255 0 0 0 255 138 0 0 255 0 0 255 255 255 255 0 0 66 0 255 86 0
    255 144 0 255 0 0 255 255 255 0 255 72 0 0 0 255 255 255 255 137 145
    0 246 0 136 255 255 255 255 0 0 0 0 255 0 255 0 0 0 255 0 17 0 255
    18 0 255 0 255 0 255 57 0 255 0 0 208 0 169 18 124 255 255 255 86
    255 0 0 0 0 85 255 255 146 0 255 255 255 0 255 0 255 0 255 0 0 0 255
    0 255 255 255 0 0 0 0 255 255 255 255 255 255 255 0 0 0 0 217 0 255
    255 255 0 202 255 255 118 168 0 137 0 255 255 0 0 155 255 255 0 102
    14 94 0 255 164 255 0 255 0 0 0 227 255 255 0 0 56 255 255 15 0 255
    0 255 255 0 186 0 255 255 0 0 0 255 0 255 52 255 174 0 255 0 0 143 0
    0 0 255 255 0 0 255 0 0 255 255 255 0 141 0 255 204 255 255 0 0 0
    255 0 0 255 255 64 0 0 0 255 255 255 137 0 0 111 255 0 255 143 255
    255 0 0 247 0 255 255 255 0 255 0 0 0 255 146 255 0 0 255 61 255 255
    0 180 0 0 0 255 255 255 255 0 0 0 255 0 255 255 255 255 255 255 0
    220 0 255 0 0 54 0 255 0 255 0 0 223 0 0 255 255 255 0 215 122 0 0 0
    0 0 165 255 77 0 255 0 0 0 255 255 0 0 0 255 255 0 0 0 0 255 0 255 0
    125 0 18 255 0 93 0 0 255 255 0 255 95 143 255 0 57 43 0 255 255 255
    255 0 0 76 253 0 118 255 255 0 0 0 125 0 255 255 255 0 0 0 255 255
    255 255 192 255 0 199 74 255 0 35 0 255 255 0 0 0 0 0 0 0 255 99 126
    255 255 255 0 0 0 17 255 230 198 0 140 255 255 255 255 0</data></my_img>
<your_img type_id="opencv-matrix">
  <rows>128</rows>
  <cols>256</cols>
  <dt>"3u"</dt>
  <data>
    255 0 255 0 255 0 255 0 255 0 255 255 0 255 0 0 0 167 255 0 181 255
    32 255 0 0 0 152 0 47 255 0 255 125 0 255 0 0 83 255 0 255 0 255 0
    151 255 35 255 255 0 0 255 255 137 0 255 0 0 203 0 255 82 255 0 157
    0 255 255 255 0 0 0 255 0 255 255 255 0 0 0 150 255 255 255 255 209
    63 255 0 255 0 0 75 255 255 250 0 0 0 171 0 0 216 255 255 0 0 47 246
    109 255 255 255 0 0 255 6 194 255 255 0 0 255 255 92 0 0 0 255 255 0
    0 0 174 255 255 161 100 0 255 255 0 92 240 255 31 147 141 255 255 0
    0 0 255 255 255 19 0 0 0 124 176 0 0 255 255 255 255 0 255 0 0 0 255
    0 255 255 10 255 255 221 0 255 255 214 0 237 255 255 255 0 91 0 255
    255 255 0 0 255 34 255 0 255 161 255 255 255 0 0 0 116 255 213 255
    255 255 255 0 0 255 0 0 0 0 164 255 255 0 0 0 0 0 0 255 255 0 0 255
    0 255 0 255 0 0 255 143 248 0 255 255 198 0 0 51 243 255 255 0 255 0
    0 0 255 255 87 255 255 255 255 0 0 0 0 0 255 0 0 255 255 0 0 0 115
    188 0 255 0 0 255 255 255 0 187 0 255 0 255 255 0 0 0 255 0 255 255
    255 0 184 0 255 120 0 111 0 0 255 255 0 255 255 255 255 0 0 0 0 255
    0 0 0 0 255 255 0 0 0 255 255 0 255 255 162 255 255 255 0 105 255 2
    255 0 0 98 105 0 0 0 255 0 255 65 174 255 0 255 0 255 0 255 225 0 0
    0 0 171 255 255 0 255 0 0 0 0 255 0 0 0 155 255 0 0 250 0 67 255 10
    255 0 255 255 0 0 0 255 0 56 0 158 0 255 255 255 0 255 0 255 255 255
    0 0 255 0 255 0 109 255 0 255 255 255 0 255 0 216 0 255 255 0 255
    255 0 0 0 255 0 0 0 255 3 169 0 183 255 255 0 0 0 255 255 255 0 145
    0 0 255 255 255 0 255 255 209 0 114 255 0 0 0 255 255 59 255 255 0
    255 255 255 0 0 48 255 255 0 255 0 255 0 0 98 255 255 120 0 0 105
    255 255 0 125 0 255 43 255 0 255 255 255 255 255 0 255 252 255 113
    234 0 0 255 255 255 0 57 208 136 255 255 200 255 0 255 0 255 0 255 0
    0 0 0 255 163 255 255 0 255 255 255 83 0 255 0 0 85 0 255 0 255 0
    201 255 255 0 255 0 37 212 0 255 0 107 0 0 0 8 0 0 0 255 255 255 0 0
    106 0 86 255 195 213 0 0 183 230 37 0 0 0 0 1 255 255 108 0 255 255
    255 36 0 255 255 0 0 0 152 255 215 0 255 255 0 0 0 0 255 0 255 255
    255 0 255 0 216 57 107 231 255 226 0 171 255 0 0 125 0 140 255 0 0 0
    255 255 255 16 0 0 255 129 255 255 255 0 255 0 0 69 115 138 0 255
    255 255 255 0 163 0 255 255 255 0 0 65 255 255 123 0 0 255 207 0 237
    0 255 255 255 244 0 0 0 71 255 68 74 255 0 255 0 0 0 66 0 0 255 255
    255 0 0 255 255 0 0 0 255 255 235 255 0 0 0 255 255 255 0 255 190 0
    0 255 255 0 0 255 115 0 0 255 255 0 0 0 0 255 255 255 0 255 159 255
    255 0 16 0 255 0 255 0 255 0 255 0 130 0 0 255 255 0 76 154 0 0 231
    255 0 163 0 255 0 255 37 255 0 255 0 255 255 255 154 0 255 255 59 0
    0 0 255 255 176 0 0 255 163 255 0 0 0 255 241 92 255 0 142 0 165 255
    2 255 0 255 0 255 104 40 255 255 255 0 0 0 255 0 255 0 255 255 0 204
    0 0 0 0 152 0 255 255 255 0 0 0 255 0 27 168 255 255 255 0 255 255
    255 0 255 0 255 0 126 49 255 0 255 0 20 0 0 37 0 255 0 255 255 72 0
    166 255 126 0 255 104 255 0 255 255 0 0 255 124 255 0 0 148 0 0 255
    255 255 255 0 0 0 255 255 255 255 151 0 0 255 255 91 0 181 255 98
    255 0 0 0 255 250 0 102 255 0 255 0 17 0 255 255 84 0 0 0 255 0 255
    0 0 0 255 255 255 255 0 255 0 255 255 255 0 255 255 255 0 255 255 12
    120 9 0 50 255 0 0 255 255 69 18 7 233 255 0 255 255 255 0 255 0 255
    255 0 0 0 255 125 255 196 245 7 0 115 0 246 255 255 0 0 255 0 228
    255 115 255 0 0 0 0 0 221 255 255 0 255 134 225 0 255 0 255 0 255
    154 255 255 255 0 0 255 0 255 255 0 0 0 255 255 0 225 0 255 84 0 0
    172 0 255 0 255 0 95 0 255 110 0 172 255 255 255 255 0 0 0 255 255 0
    0 63 255 255 0 0 0 255 196 0 16 255 0 255 0 9 206 0 0 0 255 0 255
    203 0 255 255 0 237 255 255 0 240 0 255 167 154 45 124 167 0 113 0
    255 255 0 0 169 255 255 76 0 255 255 255 0 0 255 255 0 0 138 255 255
    255 255 0 34 255 110 0 255 0 0 0 8 0 82 202 255 0 255 255 39 0 81 0
    174 0 255 255 0 0 0 181 92 250 5 5 255 0 40 0 255 255 0 0 255 255 0
    0 255 255 0 255 174 255 0 255 255 255 0 255 5 255 255 0 209 0 0 255
    255 255 255 221 0 248 255 255 0 16 255 0 0 0 0 0 0 225 255 0 0 191
    255 255 117 255 0 0 0 255 0 255 0 42 0 0 0 0 163 0 255 255 255 255
    255 255 0 232 106 0 0 0 107 255 255 70 0 255 255 0 121 0 255 0 255
    255 0 0 166 0 255 255 255 0 0 0 176 255 0 255 9 255 0 0 0 0 0 255
    222 255 208 255 0 255 0 255 0 0 0 0 0 255 0 136 233 165 0 102 0 255
    255 255 0 0 255 247 255 0 255 0 255 255 0 255 255 255 46 0 0 255 255
    255 0 255 255 0 0 0 103 255 0 217 218 255 255 0 0 0 255 255 0 0 0
    255 0 167 0 81 0 255 255 255 0 0 255 0 43 0 42 255 0 255 0 255 30
    125 255 0 255 0 37 0 255 255 50 0 255 255 255 0 0 0 0 195 255 255
    255 255 119 0 255 138 0 255 0 255 121 75 255 247 255 0 0 0 0 0 255
    255 255 255 115 0 0 0 49 175 81 81 255 121 0 0 62 185 152 130 221
    255 212 255 0 255 255 232 0 0 0 0 163 255 255 118 72 0 124 0 0 255
    50 119 255 255 255 255 255 0 26 0 218 255 0 255 255 255 255 69 255
    15 255 0 85 255 0 42 0 255 0 136 255 255 0 255 0 255 68 0 255 255 0
    0 0 255 255 255 0 0 168 255 0 0 0 58 255 255 0 0 0 255 255 0 118 0
    255 38 255 255 0 0 0 255 255 11 255 255 0 255 0 78 0 31 0 0 205 255
    255 255 0 0 0 0 255 255 255 233 255 4 0 255 255 0 23 255 0 198 0 255
    206 229 255 242 57 0 251 147 255 34 255 0 255 159 58 0 0 255 255 255
    0 0 255 255 255 0 35 255 0 182 0 255 255 0 255 0 255 0 0 255 255 187
    255 255 0 0 0 255 0 255 0 81 255 255 163 0 0 255 255 0 255 0 0 255
    255 255 0 0 255 255 137 255 255 255 0 204 0 0 0 0 255 255 163 0 129
    0 0 64 255 255 0 241 161 255 255 255 255 149 155 255 0 255 136 112
    19 255 70 0 0 0 255 0 0 255 104 32 255 209 255 0 0 255 0 0 255 255
    255 0 0 171 90 255 255 0 255 0 255 0 0 0 74 255 0 255 255 53 123 255
    255 123 0 0 249 255 255 255 0 0 0 255 0 0 0 0 255 76 255 0 255 0 0 0
    255 255 255 0 0 255 0 0 255 255 0 0 46 255 255 255 0 255 0 0 255 255
    174 0 0 255 166 67 0 0 0 0 255 255 255 0 0 0 255 0 204 202 255 0 255
    0 255 0 255 0 255 0 255 0 0 0 255 255 255 0 255 255 255 0 255 25 115
    0 255 0 255 139 255 0 107 255 255 0 255 0 255 0 49 255 0 0 0 255 225
    255 0 241 0 255 255 0 0 0 255 255 0 0 0 255 255 255 0 255 255 105 0
    255 122 255 0 255 0 0 255 0 255 0 255 0 230 0 0 98 0 0 0 255 142 23
    0 255 0 255 0 67 255 0 0 0 255 255 255 247 0 0 123 148 255 255 0 0 0
    165 255 255 255 255 255 66 255 0 255 0 0 255 255 255 0 0 255 255 255
    0 255 255 0 0 255 255 140 255 0 0 0 0 0 255 255 130 38 255 248 7 0
    255 0 0 0 255 193 255 0 255 41 255 0 0 255 0 255 136 255 28 255 0 88
    0 0 255 0 255 0 119 255 231 255 197 0 255 0 0 0 255 255 255 0 255
    255 255 87 255 45 255 0 0 0 251 204 255 0 0 121 0 255 0 255 0 112 0
    255 0 0 255 255 243 255 0 85 0 0 0 255 255 255 255 255 155 0 0 255
    247 255 0 220 255 255 255 255 75 0 0 0 255 255 255 0 0 255 255 255 0
    255 145 0 117 255 0 255 119 255 188 255 0 0 0 215 0 255 44 220 0 255
    128 0 0 255 255 56 119 0 205 0 0 255 255 255 0 255 0 0 48 236 255
    255 0 0 0 255 0 0 255 255 129 0 0 0 162 255 168 255 255 0 0 0 0 255
    255 0 0 0 255 255 238 0 255 239 255 0 0 0 0 189 255 159 255 0 0 255
    255 255 255 214 255 188 255 176 255 0 255 0 255 0 255 0 57 0 0 0 255
    220 255 0 255 255 255 255 242 255 0 255 0 0 0 154 255 0 106 255 255
    255 0 90 121 0 0 0 255 255 255 193 255 0 255 144 132 0 106 255 255
    255 0 0 0 255 255 0 0 0 255 0 239 0 255 0 255 64 255 0 0 0 255 255
    255 0 0 0 228 255 97 255 230 0 0 255 255 255 0 0 0 0 218 0 0 0 0 0
    101 255 0 255 192 255 255 0 255 0 216 255 69 0 0 132 0 255 255 6 0
    255 255 157 184 85 0 38 0 159 0 255 0 144 2 255 0 255 255 255 0 0 0
    255 38 255 0 255 0 0 0 82 9 255 0 255 255 255 0 0 0 0 88 255 255 0
    255 117 255 0 255 177 255 255 0 87 255 211 255 105 0 0 0 0 255 123
    91 0 255 0 255 0 0 255 255 85 0 255 42 33 255 0 255 255 255 137 206
    0 0 255 54 255 0 0 0 255 0 146 255 173 255 0 255 255 0 0 255 255 255
    0 255 0 255 255 0 0 249 0 255 0 0 0 255 255 0 0 0 0 255 255 0 83 0 0
    0 255 111 255 255 255 0 0 255 0 0 0 58 255 255 0 0 255 242 0 255 255
    255 68 0 255 255 255 0 255 0 255 0 0 0 202 216 56 177 183 255 146 0
    182 251 0 0 255 255 255 255 0 239 255 170 0 255 0 255 0 255 0 0 73 0
    255 255 255 24 0 0 255 37 0 255 237 255 255 255 0 0 0 105 255 255 0
    0 165 0 255 255 171 0 0 0 137 255 255 13 255 40 255 0 0 0 255 255 0
    255 0 159 255 255 216 0 0 0 255 255 255 176 0 255 255 255 104 0 0 0
    255 0 255 255 255 0 255 255 255 0 255 0 255 255 255 6 0 0 0 0 255
    255 0 0 185 135 255 255 0 99 208 98 231 255 0 255 0 0 0 0 69 255 255
    255 255 42 0 1 48 255 255 255 254 255 0 255 255 17 0 78 0 255 0 255
    0 255 255 12 0 255 255 105 0 255 255 183 0 0 239 255 255 0 170 202
    255 0 0 0 0 255 255 20 0 0 255 0 255 0 255 111 255 220 0 0 0 255 0
    255 106 0 255 0 255 126 255 0 255 255 255 0 255 127 255 255 0 0 0
    255 0 0 0 153 255 255 255 0 32 0 255 255 5 0 0 255 255 124 236 255 0
    0 0 200 243 255 0 0 0 0 255 0 0 255 255 49 255 0 137 0 146 0 0 255
    237 255 122 0 0 255 255 0 255 255 255 0 255 0 110 39 22 0 255 126
    255 30 0 127 0 0 20 129 4 0 47 255 255 255 255 0 255 0 255 0 186 174
    0 0 252 199 165 255 255 0 0 0 0 0 141 0 255 50 220 0 0 255 0 255 0
    255 0 255 215 255 0 0 255 0 53 102 231 255 255 142 255 255 0 255 255
    165 0 255 62 177 255 255 255 0 0 100 255 134 255 255 255 0 0 0 0 255
    255 0 255 255 255 0 0 255 0 129 255 255 0 0 115 255 0 0 0 255 255
    255 0 0 255 88 183 255 0 0 255 255 255 0 2 0 229 255 255 255 255 255
    255 0 0 0 255 255 0 67 255 176 255 0 114 101 255 114 255 255 0 0 0
    255 255 255 255 92 44 0 0 0 129 0 0 255 242 110 0 255 0 212 120 255
    0 255 0 255 0 255 186 255 255 138 255 103 255 0 0 0 128 255 255 0 0
    0 255 255 0 255 255 255 21 0 0 255 230 255 255 0 255 255 0 0 0 0 255
    255 0 255 118 255 125 0 38 0 251 255 0 0 255 255 255 0 0 0 0 255 240
    214 0 0 0 245 0 255 101 255 0 0 255 0 0 0 255 0 255 0 255 0 255 165
    255 0 139 0 126 80 255 168 255 0 0 0 0 0 255 255 255 255 255 255 30
    0 0 196 255 183 255 255 255 169 0 255 255 255 223 0 0 0 0 255 0 0 0
    255 255 255 0 255 255 54 0 247 197 0 243 0 255 0 0 0 0 255 80 255
    255 206 150 255 255 103 114 0 0 255 255 155 0 0 255 20 0 0 0 255 255
    255 92 150 255 244 255 255 255 255 255 0 255 255 255 0 255 0 0 0 9 0
    253 0 255 255 143 0 72 0 0 255 255 192 106 255 47 255 0 64 255 0 255
    255 0 0 0 0 0 255 255 255 255 13 0 0 255 0 255 255 0 0 0 0 195 255 0
    121 228 255 0 255 0 0 255 255 255 0 255 0 62 255 0 19 119 255 255
    255 40 203 0 0 255 0 0 0 0 255 255 25 255 34 255 0 255 0 0 160 47 7
    177 255 255 0 0 0 255 255 255 128 0 0 255 0 255 0 0 50 191 255 0 255
    139 68 182 0 0 255 0 141 0 255 53 0 23 0 255 112 255 133 155 255 0 0
    0 255 177 189 0 255 255 0 255 0 255 0 7 0 0 0 0 72 189 0 255 255 255
    252 0 0 255 255 0 255 255 255 0 0 0 255 255 255 0 0 0 61 255 255 0
    167 0 255 0 130 0 0 0 255 56 255 0 255 204 255 255 0 0 0 242 255 255
    173 0 255 255 99 255 0 0 0 255 251 78 72 0 53 0 212 255 255 156 0 0
    255 255 0 0 0 255 0 255 165 255 255 255 255 176 255 255 255 255 0
    255 0 70 0 0 0 255 0 0 0 255 255 255 0 0 25 255 255 0 255 0 183 255
    20 255 226 255 0 0 97 0 255 39 255 0 0 255 255 0 255 0 0 125 255 255
    0 0 0 0 255 0 0 0 255 255 206 70 0 255 255 255 0 255 0 255 0 0 0 255
    255 0 255 0 250 255 172 255 255 181 0 0 255 98 255 255 0 0 255 0 0
    206 0 255 0 155 0 19 255 255 0 73 255 255 255 255 0 0 0 0 195 85 207
    0 0 255 0 255 159 255 0 255 0 255 0 255 0 225 0 255 255 255 0 255
    255 0 255 48 255 0 255 0 255 255 0 255 0 0 0 255 255 0 0 0 0 236 255
    0 255 180 255 71 0 0 30 255 0 0 0 255 255 255 255 255 0 0 85 255 0
    255 0 0 0 0 255 255 255 0 0 0 0 255 255 69 255 255 0 0 216 255 255 0
    255 0 4 0 0 0 255 255 0 0 255 121 0 139 255 53 0 0 0 141 255 255 255
    0 0 255 255 255 0 255 0 0 255 255 0 0 255 255 65 62 0 255 0 255 24
    255 255 255 0 255 255 0 29 0 0 63 255 255 255 0 0 0 255 255 0 0 79
    255 0 255 0 0 0 24 255 255 0 255 115 0 0 0 255 255 255 141 0 255 0 0
    0 255 0 255 255 0 0 255 0 0 76 255 0 255 255 255 0 0 255 255 255 0 0
    0 255 0 0 0 255 32 255 255 0 255 0 61 255 255 0 171 255 0 24 11 255
    255 0 7 0 255 255 0 0 228 255 0 0 255 0 255 0 0 223 0 255 0 0 255 0
    78 0 255 0 255 128 194 0 255 0 255 0 59 255 255 255 255 209 255 0 0
    0 255 255 255 0 51 0 38 215 156 255 0 0 206 111 0 0 255 255 255 230
    0 0 255 0 255 0 0 255 248 255 255 0 0 89 118 255 39 255 0 0 0 255
    255 53 69 0 38 0 0 0 255 255 255 255 255 159 0 112 0 0 0 255 255 245
    0 0 0 255 255 0 0 0 255 0 0 255 237 255 255 255 0 0 0 0 255 0 6 255
    255 0 255 0 255 0 255 255 255 255 0 255 0 0 0 33 0 255 0 0 255 255
    255 0 0 0 167 0 104 0 0 0 255 0 255 213 63 0 0 7 255 255 0 255 0 0 0
    255 14 0 255 255 0 255 215 255 0 0 0 90 0 183 255 83 255 255 255 0 0
    255 255 255 254 0 0 0 0 137 0 0 255 255 223 177 0 0 0 12 255 0 0 0
    27 88 255 255 0 255 255 255 0 0 40 255 0 255 255 255 157 255 72 141
    0 138 128 0 0 255 255 255 255 0 0 0 0 0 255 255 0 213 255 0 255 0
    255 0 0 199 255 76 255 196 255 255 0 0 255 0 0 0 255 255 0 0 224 255
    255 255 92 255 0 255 0 0 255 51 255 0 0 0 0 65 73 0 255 255 255 255
    255 0 0 0 48 255 135 0 163 0 255 255 255 0 0 255 170 151 0 255 0 255
    0 0 0 255 0 255 255 255 0 92 255 251 0 0 255 255 255 0 0 0 0 148 255
    255 255 133 0 0 0 0 255 255 0 29 0 0 26 0 9 101 255 0 83 0 255 36
    255 0 80 136 13 255 0 0 255 0 0 255 0 0 0 255 0 255 150 0 127 255 0
    0 0 0 0 255 255 0 255 255 0 0 255 255 255 255 0 0 0 255 0 0 0 0 255
    255 255 0 0 255 255 255 228 0 0 22 255 216 255 0 0 0 0 255 255 255 0
    255 187 0 0 0 21 255 0 145 0 255 255 255 183 255 0 166 0 0 0 255 255
    0 0 255 0 255 0 255 0 19 255 0 44 0 255 0 0 0 0 255 0 0 202 255 159
    121 44 37 0 255 0 144 46 143 0 202 101 255 0 0 214 255 255 0 0 0 0
    255 78 0 255 93 0 0 255 255 255 0 0 0 0 255 0 0 8 255 0 21 0 255 255
    255 0 255 0 255 0 255 0 0 0 255 0 0 0 255 180 0 255 235 21 0 255 255
    255 0 117 0 0 0 32 147 255 255 0 255 140 2 184 0 255 0 255 255 255
    26 0 255 0 232 255 115 255 0 0 0 239 19 238 0 0 50 255 255 216 255
    199 0 255 255 0 255 216 255 255 0 0 0 183 0 255 255 255 0 0 0 57 43
    255 255 0 255 255 0 28 0 0 0 126 0 255 255 255 168 0 130 255 255 0 0
    255 0 0 0 255 255 255 70 74 55 0 0 0 255 255 0 244 255 255 0 0 0 255
    255 196 0 0 255 0 17 255 255 0 239 255 255 52 255 255 255 255 0 6
    255 255 0 147 255 255 255 0 255 0 255 255 255 0 201 255 255 81 0 65
    0 255 255 0 255 237 255 0 32 255 255 22 0 0 202 255 255 0 255 0 176
    94 0 255 0 255 255 161 136 0 148 255 255 0 255 255 255 104 127 0 0 0
    0 0 79 255 0 0 255 255 0 0 0 255 255 0 147 0 0 0 255 255 240 0 0 0
    255 255 255 63 255 239 0 0 0 255 255 43 228 0 0 255 79 0 0 0 255 41
    67 184 255 0 0 0 255 255 159 255 59 255 255 255 0 64 0 255 0 255 0
    197 255 81 255 255 71 255 0 0 255 255 255 0 185 177 255 255 0 255 0
    25 0 0 0 255 255 0 0 0 0 190 255 0 0 0 255 255 255 205 255 255 78 0
    55 0 255 255 255 191 0 0 16 255 0 69 255 255 0 0 255 25 255 0 0 0
    255 255 0 0 0 0 255 255 255 0 0 255 255 255 137 255 255 255 0 0 0 0
    0 255 0 255 0 255 255 255 0 0 0 255 53 0 0 0 255 255 255 0 0 0 255
    255 255 0 0 120 0 255 0 255 255 255 0 113 0 0 0 0 78 255 14 56 0 0 0
    255 255 0 0 255 255 228 0 255 255 255 0 104 255 255 255 255 0 255 0
    0 0 255 0 255 255 255 255 0 0 234 0 149 0 255 255 255 0 80 255 255 0
    0 42 255 255 22 0 0 0 135 255 255 248 255 212 255 17 111 0 0 94 255
    0 255 255 0 0 0 255 255 255 0 255 0 244 0 0 189 252 255 255 251 0 0
    255 0 255 0 0 255 0 255 255 255 168 255 0 0 130 255 136 0 0 255 255
    0 24 136 210 0 237 255 210 0 0 0 255 255 255 83 0 255 255 255 0 0
    255 255 255 255 0 0 0 255 0 0 0 255 0 255 96 214 0 0 255 15 0 255 57
    255 255 255 0 255 255 206 255 91 220 0 138 255 255 0 0 174 255 8 141
    255 255 255 0 0 0 152 255 255 255 0 181 0 255 255 255 0 255 0 104
    255 255 0 255 0 0 0 29 255 255 0 255 255 0 255 136 255 255 255 0 0 0
    88 255 255 255 114 0 224 39 0 76 0 255 0 0 0 255 0 255 0 255 255 0
    228 64 255 255 15 0 0 241 255 0 0 255 0 0 0 63 0 255 255 255 255 108
    45 255 0 0 0 0 0 255 175 0 189 0 0 0 255 255 0 255 255 166 0 255 0
    255 79 255 29 255 0 255 0 255 255 16 177 255 255 0 0 0 0 255 0 172
    255 255 255 0 255 0 255 0 255 0 255 0 255 0 0 255 255 0 17 0 0 255
    255 255 0 0 0 0 94 0 0 239 255 255 0 0 0 212 47 255 0 140 255 0 0 0
    0 255 255 10 0 94 44 255 0 230 0 0 255 255 0 126 0 0 241 255 0 0 0
    32 0 255 0 255 0 255 0 255 255 0 0 255 255 255 131 0 39 255 255 0 53
    0 255 255 46 0 0 255 0 255 0 0 0 0 56 200 255 255 0 0 185 255 255 0
    0 78 255 255 0 255 0 255 255 92 77 0 255 255 255 255 47 0 3 255 0 0
    255 255 193 194 255 237 0 0 255 125 90 0 255 255 255 255 237 255 12
    255 0 255 0 255 0 255 0 255 255 0 255 0 255 125 67 255 0 255 139 166
    0 255 0 0 0 0 255 255 0 57 255 0 255 0 255 56 43 0 0 255 0 0 0 0 0
    255 0 255 185 40 0 255 255 0 68 255 255 50 255 0 0 0 255 255 0 0 0
    65 0 255 255 0 0 0 193 0 255 255 0 255 0 59 255 0 0 255 255 0 0 29
    255 255 0 247 255 0 48 0 255 0 147 0 255 0 0 227 255 255 255 0 255 0
    255 0 255 255 255 0 0 116 255 212 0 0 0 0 255 255 255 0 0 255 0 0 54
    255 0 255 0 255 255 255 0 255 194 255 255 255 0 0 255 255 255 0 255
    0 87 0 0 41 173 255 255 0 0 99 255 255 255 0 0 0 0 255 0 0 0 255 255
    0 0 0 255 247 255 233 0 160 0 0 247 0 255 227 255 64 91 0 0 0 255
    255 0 0 255 255 255 0 0 113 255 225 255 125 0 0 6 72 203 90 255 0
    255 236 0 0 0 0 255 255 75 255 0 0 0 255 137 0 254 0 255 0 31 0 255
    3 255 255 0 0 0 50 0 47 0 255 255 255 197 0 5 255 255 0 89 255 255
    190 0 255 0 255 255 255 255 0 0 0 255 255 0 0 0 255 255 255 246 55 0
    255 255 255 0 255 255 255 0 0 0 39 0 255 253 255 255 0 131 255 255 0
    0 0 255 0 255 0 255 114 255 0 0 205 99 0 0 106 255 102 212 0 255 0
    255 255 255 255 255 0 209 0 0 0 159 255 255 0 0 45 255 255 0 0 0 255
    255 0 31 227 255 210 0 0 0 52 0 255 255 0 0 0 255 255 255 255 0 0 0
    0 255 255 0 0 0 255 0 255 255 0 255 255 0 241 193 46 33 0 0 198 255
    136 0 0 0 0 0 255 255 190 255 255 255 0 0 255 0 255 49 0 0 0 0 255
    221 255 0 255 0 255 0 255 255 115 255 0 0 0 255 0 255 0 255 0 0 32 0
    255 255 255 0 0 0 74 112 255 79 0 255 0 255 255 216 0 0 0 0 255 255
    0 58 0 255 148 255 0 0 0 1 255 170 113 0 21 255 255 0 255 210 255 0
    210 161 255 0 255 255 255 0 194 0 255 255 255 0 0 255 0 255 0 0 255
    0 255 137 255 0 0 0 0 0 111 255 255 168 241 0 0 255 5 255 255 87 0
    105 255 232 112 0 65 255 255 255 255 255 234 0 0 255 58 0 0 255 255
    255 255 255 255 255 198 0 255 0 255 182 0 0 143 255 255 227 0 0 255
    255 0 0 0 134 255 0 255 255 255 15 0 255 255 0 0 255 255 255 0 234
    255 0 0 255 0 160 0 3 255 255 0 27 0 25 255 255 0 0 127 0 186 92 79
    255 255 255 0 148 255 255 255 255 0 0 0 0 87 0 255 0 78 0 255 255
    196 0 255 255 255 255 255 0 0 0 255 255 255 0 208 0 255 0 255 0 0 47
    0 50 255 255 0 234 255 255 0 255 0 255 113 228 255 255 0 0 0 255 255
    10 231 0 255 255 121 255 0 0 0 164 255 0 90 138 255 255 0 0 0 255
    128 255 60 0 0 0 255 44 255 255 0 0 255 0 255 14 255 255 0 255 0 0
    255 135 255 78 19 0 40 255 255 0 255 255 212 224 255 0 220 0 154 0
    36 255 0 202 255 255 0 12 211 104 20 255 255 0 255 228 255 255 79 0
    0 0 98 0 0 255 0 255 179 13 0 0 255 255 255 0 0 0 57 255 255 40 255
    0 233 255 0 0 255 255 255 0 0 255 255 174 0 0 0 0 255 0 0 255 0 197
    0 255 176 254 0 255 0 0 0 255 255 149 111 0 0 255 255 0 255 0 255 0
    255 32 225 162 0 162 0 0 255 0 255 0 255 255 0 255 199 21 255 221
    255 141 0 0 255 255 255 129 0 150 255 0 137 255 171 255 255 0 96 255
    0 0 0 255 128 255 0 255 0 0 255 255 0 0 208 255 0 0 255 255 247 243
    0 0 255 0 152 166 0 255 255 194 0 0 99 255 188 0 0 0 0 161 255 0 0
    255 255 0 0 0 255 255 254 0 0 0 255 255 0 0 255 255 0 0 0 0 255 0
    255 255 255 101 255 0 255 192 0 255 0 0 0 255 0 255 255 255 0 0 255
    0 255 0 255 0 255 255 252 255 0 255 200 255 175 255 0 255 0 0 0 233
    0 0 255 255 170 0 255 0 0 0 255 255 255 0 255 255 0 255 88 63 1 255
    0 144 254 255 168 255 255 255 0 0 84 204 0 255 255 0 0 0 255 0 0 118
    0 255 255 52 0 255 255 255 123 0 255 255 0 205 0 0 0 0 56 0 221 255
    0 255 252 255 0 131 0 255 0 0 0 0 186 154 0 0 35 255 0 0 0 255 0 0 0
    255 255 255 0 0 162 255 0 255 255 255 0 96 255 255 47 0 0 255 0 0 0
    255 0 13 114 255 36 255 68 193 0 0 255 0 249 0 255 255 203 255 255 0
    0 0 255 255 255 255 126 51 0 0 0 255 0 255 255 255 0 0 0 255 255 255
    0 0 0 62 255 255 255 255 0 0 255 255 255 0 255 255 0 0 220 0 0 255 0
    0 255 229 0 255 255 0 255 0 255 0 255 255 104 0 0 0 0 255 0 255 255
    255 0 0 0 77 255 255 16 255 62 6 0 255 248 255 0 0 89 0 0 255 255
    255 0 255 0 0 255 97 35 0 0 255 255 255 255 255 0 162 83 255 107 0
    210 104 0 255 255 255 255 0 0 0 0 255 255 255 255 94 255 255 255 238
    0 0 35 255 255 0 0 255 120 222 0 255 255 0 0 0 255 255 0 255 173 0 0
    255 54 255 141 255 255 29 255 190 0 0 0 255 255 255 0 0 219 255 255
    0 0 0 0 255 255 255 255 0 0 255 255 0 0 255 0 255 0 0 0 0 255 0 255
    0 255 0 255 110 0 0 0 136 0 68 14 0 0 255 111 255 0 255 255 255 0 0
    0 255 0 255 0 0 0 255 255 255 0 255 0 203 0 201 184 255 0 0 151 255
    255 0 153 113 0 0 255 255 255 124 0 255 0 173 109 255 19 185 248 107
    255 0 255 168 255 0 255 0 0 255 0 255 0 0 255 41 255 255 0 0 0 255
    12 237 255 0 106 121 255 0 0 0 255 0 0 196 255 0 130 255 0 48 175
    255 255 0 145 0 0 255 255 255 0 0 255 0 0 0 0 255 255 255 13 255 128
    255 0 0 255 255 255 0 0 255 74 0 0 0 255 255 255 55 0 89 0 255 0 203
    255 255 0 0 0 0 61 90 255 0 0 0 20 0 255 0 216 255 16 255 0 0 0 0 0
    255 0 0 0 36 58 66 245 0 251 255 255 255 187 0 255 0 0 255 0 255 255
    255 167 32 0 255 255 255 0 255 255 0 0 255 112 31 0 255 3 255 0 255
    0 130 0 71 255 0 43 0 0 0 0 255 255 255 255 255 255 0 0 255 0 255 0
    255 255 0 0 114 73 20 255 255 255 0 0 255 49 255 0 0 20 255 255 0
    238 98 0 0 255 59 132 0 255 197 255 0 255 117 255 0 255 255 0 0 0
    255 0 255 0 255 176 0 0 255 0 255 222 255 53 0 86 0 255 196 0 255 0
    13 255 255 0 0 0 245 255 0 0 255 255 0 0 0 0 255 0 255 255 0 191 0
    213 0 163 255 255 0 0 0 0 255 0 255 0 255 0 255 0 255 223 0 40 255
    255 255 0 255 255 0 0 0 203 255 255 255 5 255 255 0 107 0 255 255
    255 255 0 255 0 255 188 255 92 255 255 0 255 0 255 0 255 0 255 255 0
    255 255 255 0 255 103 0 0 78 199 0 197 255 255 255 0 0 0 0 63 255
    255 255 0 255 255 49 0 0 0 0 32 0 255 255 255 190 0 0 0 255 255 30 0
    0 0 0 255 129 165 0 255 255 0 0 0 255 0 0 247 0 0 0 255 255 255 143
    100 0 71 255 71 0 0 255 0 0 72 130 9 0 255 255 255 0 255 0 255 0 0 0
    0 255 0 255 0 227 215 0 255 0 255 255 255 0 0 255 117 0 255 0 0 175
    255 145 255 138 0 255 234 0 0 255 255 255 0 223 255 255 255 0 0 255
    255 0 205 255 0 204 255 255 42 0 129 170 136 70 0 255 0 27 232 0 255
    0 0 255 255 0 255 224 30 154 0 255 0 70 255 0 255 255 255 58 180 0 0
    18 255 255 255 0 255 0 0 0 0 0 255 233 255 255 165 0 0 255 0 0 255 0
    255 255 255 255 0 255 0 255 0 255 0 0 0 0 255 0 255 0 0 0 255 255
    141 185 255 0 255 0 255 109 85 0 255 0 0 220 255 127 255 255 255 181
    255 255 0 0 0 255 255 255 0 0 0 255 255 0 0 255 64 0 255 128 245 186
    255 0 255 0 255 0 255 71 65 0 0 255 255 255 0 238 0 255 255 255 166
    255 206 98 250 214 223 0 0 0 58 0 255 0 255 0 255 0 0 0 255 0 255
    255 0 255 0 100 0 255 255 0 206 0 255 132 0 255 0 66 0 0 192 110 137
    255 0 0 0 255 255 0 0 0 255 255 0 255 255 255 255 255 255 255 255 21
    0 0 0 255 255 13 0 0 137 255 201 255 0 255 0 0 255 198 255 255 255
    255 0 59 0 255 0 255 255 0 64 0 148 176 80 79 255 255 255 255 255
    255 255 0 0 0 0 221 255 0 255 0 0 34 255 144 30 255 255 255 255 0 0
    255 255 66 255 0 0 87 255 255 255 255 255 255 0 0 37 255 255 255 255
    80 0 139 0 255 0 255 65 255 0 255 207 255 0 255 0 0 255 255 255 81 0
    0 255 0 255 0 255 0 0 255 255 255 0 0 0 255 0 255 17 255 254 0 234
    255 255 0 255 255 0 255 255 255 0 0 225 0 215 255 0 255 157 158 0
    135 0 255 0 255 0 255 255 18 255 255 0 150 0 176 255 137 255 255 255
    255 0 0 0 205 255 255 0 255 0 0 0 203 255 96 255 0 135 255 157 255
    108 0 0 0 255 0 255 0 255 255 255 255 255 255 0 0 0 255 0 255 255 0
    0 255 255 0 255 0 255 165 255 0 255 42 255 0 233 158 255 0 32 50 0
    13 255 0 101 27 0 255 144 0 255 0 28 0 235 255 255 177 0 255 0 255 0
    255 85 255 255 255 0 255 0 0 0 0 255 0 255 0 0 0 0 255 223 255 0 0 0
    0 4 255 255 204 120 29 255 0 255 255 225 64 0 255 164 0 0 255 255 0
    0 127 255 255 0 17 0 255 0 255 118 255 0 0 0 255 179 0 10 45 166 119
    76 255 0 0 202 255 52 38 0 0 0 0 255 255 255 0 0 255 255 255 186 0
    255 16 253 0 255 255 255 0 0 0 0 233 255 0 255 0 0 0 0 255 255 185
    255 0 136 9 255 0 255 0 0 0 0 255 0 255 164 0 255 0 64 0 255 255 0 0
    0 255 0 255 0 255 0 126 81 194 201 61 255 0 255 0 255 0 255 0 255 0
    255 0 255 255 255 82 0 0 0 0 255 0 0 0 42 255 255 253 0 255 0 255 0
    88 255 255 255 255 0 0 0 255 255 136 184 0 72 137 49 255 0 255 0 0
    255 0 0 255 0 255 255 255 0 0 255 255 0 214 0 255 0 0 255 255 255 0
    255 0 255 255 255 183 0 0 255 255 70 255 180 255 0 69 120 255 255 17
    0 255 255 255 136 0 73 0 255 255 92 206 0 255 255 255 0 255 0 135 0
    255 0 255 255 0 255 31 255 0 255 0 217 255 255 62 0 0 115 255 255 0
    0 255 255 255 197 133 255 0 255 111 0 255 0 0 119 255 255 0 255 0
    200 49 0 255 0 0 255 80 255 0 46 0 82 255 255 255 255 0 0 255 196 0
    0 0 149 138 31 252 0 255 255 0 0 110 255 255 255 165 0 0 0 255 255
    135 0 255 255 255 0 197 255 11 119 255 146 0 216 255 0 0 36 0 255
    255 255 0 255 0 180 0 0 0 255 255 0 0 255 255 0 71 211 0 0 255 0 255
    0 0 255 255 255 255 112 0 87 255 0 0 0 255 0 65 209 255 9 255 199 36
    0 10 74 219 255 16 0 255 0 0 0 255 255 228 0 0 0 255 0 255 0 255 0
    13 255 0 255 0 0 255 0 0 0 41 0 0 255 145 197 0 0 0 255 255 112 0 0
    0 255 255 255 121 255 255 255 0 255 255 255 0 255 101 255 0 255 135
    52 237 0 0 0 0 255 0 56 0 35 255 255 248 0 0 0 255 255 0 0 255 255 0
    0 255 255 57 0 0 255 0 0 0 93 47 55 0 255 255 69 199 0 255 255 255
    255 0 0 0 255 0 0 0 255 0 0 244 255 0 166 149 255 0 255 180 255 52 0
    0 0 255 0 255 0 116 0 189 0 255 168 255 255 0 33 255 255 0 0 255 255
    0 0 0 254 0 0 255 255 0 255 0 0 255 255 0 255 0 255 0 0 0 255 255
    158 0 0 229 0 255 132 255 151 0 192 255 255 63 255 0 0 0 0 255 255
    255 0 224 0 255 0 255 0 255 0 179 0 255 255 0 0 80 255 255 255 0 0
    255 0 0 0 78 132 255 0 0 67 240 255 255 0 0 0 255 255 255 255 0 0 0
    111 255 255 0 0 203 255 0 183 198 255 255 255 203 255 0 0 0 255 255
    242 0 111 0 255 0 0 0 255 255 255 156 72 255 6 209 255 197 0 255 0
    255 224 190 0 0 243 255 255 17 0 73 255 0 0 0 0 0 0 255 255 237 131
    255 70 12 49 255 255 255 0 0 0 255 88 0 0 0 0 60 179 220 0 255 105
    214 0 255 88 0 0 255 255 0 255 255 0 0 57 0 255 0 7 0 255 0 255 175
    255 0 255 0 255 0 255 0 255 255 255 127 0 255 0 245 158 255 0 255
    162 255 255 217 255 90 255 0 0 0 102 0 244 211 255 255 255 255 0 3
    168 255 0 0 0 255 255 0 198 255 223 0 255 0 60 0 255 0 255 0 208 0 0
    184 0 255 255 0 185 138 255 255 0 255 191 0 0 0 255 255 255 255 255
    0 0 0 0 44 0 0 0 255 255 255 219 97 255 255 255 0 0 0 255 255 216 0
    46 255 118 222 0 5 0 54 255 255 0 0 0 14 255 255 255 255 255 0 0 0 0
    255 255 255 209 0 255 0 255 0 255 74 255 255 100 180 255 0 0 255 255
    117 0 0 165 255 255 255 0 255 168 0 30 0 0 0 255 255 255 255 0 255 0
    79 0 109 0 255 255 0 99 240 255 255 0 101 0 0 201 180 255 255 0 255
    0 255 0 252 255 255 158 0 244 0 0 255 211 255 116 255 0 0 42 255 255
    0 0 0 248 172 255 148 0 0 255 255 0 0 81 201 167 0 0 0 106 255 255 0
    0 0 255 134 255 0 255 255 153 0 68 255 0 255 255 255 15 0 99 255 255
    114 255 0 153 213 0 255 255 255 255 0 0 0 255 255 97 255 39 151 0 0
    255 255 255 0 0 255 106 215 255 0 0 255 255 0 103 255 0 255 0 255 0
    255 255 0 0 0 255 255 0 0 0 255 255 171 255 255 255 0 131 0 0 255
    255 255 0 255 255 255 0 0 255 255 255 0 0 191 0 0 107 255 255 184 34
    0 255 0 0 0 0 255 0 255 95 0 104 0 184 34 0 255 255 0 0 0 255 0 255
    0 0 255 0 0 0 255 255 0 0 0 255 255 165 0 0 0 253 0 255 255 0 115
    255 255 41 255 0 203 0 255 0 255 0 0 255 255 0 62 0 255 54 255 0 180
    255 0 0 255 0 255 0 255 255 255 0 255 0 255 0 255 0 255 0 0 255 0
    255 35 255 255 0 37 255 255 103 0 151 67 255 93 0 141 255 0 255 0
    255 255 0 0 0 255 0 0 0 181 0 255 19 51 255 237 255 0 255 11 255 246
    255 255 0 255 7 0 11 255 255 255 0 255 0 0 0 0 255 0 244 0 8 0 255 0
    0 0 255 0 0 0 255 255 0 0 0 255 255 255 255 0 0 255 255 255 0 105
    255 0 18 0 0 154 255 255 0 133 98 255 255 0 0 0 0 0 0 255 255 255 0
    0 255 255 0 116 182 255 255 0 194 255 0 0 0 255 0 0 255 255 255 0
    250 54 255 255 255 0 24 0 255 255 255 92 255 0 0 255 255 255 0 32
    255 255 0 255 255 187 33 0 0 255 255 255 0 0 255 0 0 255 255 255 0
    101 0 162 0 255 255 255 255 0 209 0 255 0 255 0 255 255 255 0 225
    255 0 0 0 255 0 255 0 255 0 255 83 255 255 146 0 79 0 0 0 0 255 82
    255 145 175 255 255 0 0 0 0 255 57 25 0 213 255 255 255 0 0 34 255
    255 0 255 0 255 0 255 255 255 0 1 0 255 0 255 0 255 255 255 0 0 188
    66 0 255 0 255 0 176 92 255 255 255 0 255 0 255 162 0 240 255 255 84
    0 255 0 104 0 119 255 255 54 0 0 255 0 169 255 0 0 0 255 255 255 0
    255 0 255 255 158 0 23 0 255 0 255 255 0 0 255 255 167 0 255 255 0
    19 0 255 255 0 0 255 255 171 0 255 255 255 0 220 0 255 0 255 0 255 0
    0 251 255 0 0 0 255 0 224 255 0 0 0 255 255 170 228 0 0 255 255 0 0
    0 255 255 0 20 0 255 0 113 249 255 0 49 190 0 255 0 0 240 255 255
    255 16 255 84 0 0 0 255 0 255 84 255 255 0 69 0 255 160 255 255 202
    255 65 0 0 0 255 255 255 0 0 147 255 255 0 0 0 255 0 255 0 255 0 255
    0 255 255 0 0 0 151 255 255 255 0 0 0 0 93 255 0 0 114 255 0 0 0 0 0
    0 0 0 255 255 0 0 114 255 255 255 127 0 255 255 255 255 0 255 0 0 0
    0 0 255 65 0 0 255 255 255 0 0 157 255 0 238 235 0 154 248 167 0 0
    255 255 255 0 71 255 120 0 255 255 133 0 255 0 255 255 255 255 255
    255 156 255 0 0 32 60 255 0 0 255 255 255 255 233 255 147 255 32 0 0
    255 0 255 255 0 0 47 0 255 0 255 0 180 255 130 255 0 15 255 255 255
    15 0 255 255 255 255 255 255 100 255 0 0 255 0 221 58 0 255 1 255 7
    255 0 0 1 0 0 255 0 255 255 34 43 0 255 230 0 0 255 0 255 38 252 0
    255 0 255 126 95 0 0 255 0 255 113 255 0 23 0 0 0 255 174 255 0 216
    0 255 0 0 0 255 255 255 0 238 255 255 255 194 0 255 159 255 255 255
    0 0 255 255 255 0 0 139 196 255 255 255 0 0 0 0 0 255 255 143 0 0 0
    19 255 0 0 0 255 255 255 255 0 0 0 255 0 255 119 255 158 255 0 255
    22 94 0 255 255 255 104 255 0 255 36 236 255 255 71 255 0 111 0 255
    255 0 123 38 255 0 255 0 143 117 131 255 255 0 0 255 255 255 0 255 0
    228 255 0 80 0 255 255 0 0 0 255 255 255 0 255 0 255 0 133 0 0 0 255
    0 255 255 255 0 255 0 255 255 255 0 0 88 255 32 255 0 255 0 255 0
    255 0 0 255 255 255 0 191 0 255 255 91 255 0 0 0 255 255 0 50 255
    255 255 255 0 0 255 255 0 0 0 0 197 0 255 81 0 255 152 0 0 255 255
    157 255 255 0 255 0 255 0 255 255 166 0 0 255 255 255 255 0 255 0 93
    0 0 0 0 0 255 255 255 255 0 255 0 14 0 255 255 255 255 255 255 0 0 0
    255 125 255 0 255 80 255 147 255 0 0 255 0 0 215 0 255 55 255 0 0 0
    255 0 0 255 216 255 0 0 255 139 0 0 138 255 255 255 4 184 0 101 255
    0 53 0 0 0 255 255 126 255 0 0 0 0 0 255 0 0 110 177 255 115 0 0 0
    236 47 0 0 255 0 0 255 37 0 255 96 235 255 255 0 81 0 255 0 255 0
    255 0 255 0 255 81 0 17 229 172 255 0 0 255 216 0 255 255 0 0 0 255
    255 143 0 255 255 255 0 0 0 9 255 0 255 2 0 255 0 27 0 181 255 255
    255 0 255 39 0 0 0 0 255 255 255 0 110 194 91 0 0 255 255 23 0 0 255
    255 255 0 0 0 255 255 255 180 255 178 255 0 0 0 248 115 69 0 255 0
    255 0 255 255 0 255 0 0 0 255 255 255 243 0 32 255 255 0 255 0 99
    207 0 0 255 255 0 255 255 255 177 57 255 255 202 255 255 63 0 0 255
    0 0 0 255 255 255 105 0 0 255 0 255 201 0 0 0 0 255 0 255 77 113 210
    69 0 0 255 255 245 17 0 255 255 255 0 154 0 255 255 0 141 173 217 36
    255 223 0 255 255 0 0 255 78 255 0 183 0 22 255 75 124 0 217 255 255
    255 0 255 255 255 32 0 0 0 255 255 255 105 0 255 9 0 0 142 255 255 0
    0 255 177 255 0 255 0 0 0 255 255 0 0 0 0 0 255 255 24 244 0 213 25
    255 164 255 0 255 0 255 194 0 0 92 255 149 105 32 255 255 0 82 255
    255 139 0 222 37 0 40 0 255 255 247 255 0 255 255 255 0 0 255 59 0
    255 255 255 73 255 0 0 0 255 177 255 255 152 0 0 255 115 0 255 255 0
    0 127 255 49 0 0 0 255 255 255 0 255 255 0 87 0 0 0 255 255 255 153
    0 0 184 121 255 255 250 0 0 0 0 255 0 255 255 255 255 144 0 0 0 255
    255 255 0 0 0 0 255 0 255 119 255 0 90 255 0 255 0 195 0 0 157 255
    255 0 255 255 0 0 233 0 0 227 231 255 0 255 0 241 245 255 255 0 0 0
    21 255 255 0 255 0 255 0 255 0 255 36 255 0 255 0 0 32 0 255 255 0
    132 178 255 0 153 26 255 0 255 0 255 0 0 0 255 255 255 0 247 255 193
    255 0 255 0 69 0 16 255 88 200 23 0 255 0 255 119 255 119 181 255 0
    255 0 0 255 255 0 255 0 176 0 247 0 221 0 76 255 255 0 0 0 0 0 255
    255 255 255 255 0 0 0 255 150 255 0 0 0 255 144 0 152 0 255 113 0 0
    255 124 126 0 255 255 0 0 0 151 42 255 158 0 0 255 0 255 0 239 0 0
    255 255 138 0 0 0 0 0 255 0 255 0 255 222 0 0 0 255 255 85 196 255
    203 0 255 255 255 0 0 0 255 255 255 0 19 0 255 255 255 0 255 255 0
    255 191 255 0 0 0 255 130 0 19 0 255 255 0 0 255 255 160 45 0 0 255
    255 255 0 0 204 0 0 255 255 255 0 0 255 255 0 0 0 134 255 129 255
    255 0 0 0 255 255 255 106 0 0 171 242 255 155 255 0 0 0 0 0 255 164
    255 0 0 255 255 0 25 0 255 110 255 0 255 0 255 29 0 255 0 255 255
    255 0 0 255 255 255 255 255 0 255 0 255 216 0 255 0 0 0 255 255 255
    207 43 255 0 255 127 255 255 255 255 0 194 36 40 253 0 255 69 255
    255 255 235 82 255 0 0 78 175 255 0 255 87 255 0 0 0 255 118 255 0
    255 255 219 172 255 0 0 0 0 215 0 255 241 255 0 0 119 255 22 255 149
    0 255 255 141 0 0 0 255 255 255 255 185 255 0 255 0 0 0 255 0 255
    255 229 0 255 0 184 0 111 0 0 155 116 0 255 255 255 255 0 255 0 186
    15 38 255 255 231 0 0 255 255 147 255 0 0 0 57 0 255 143 0 222 0 0 0
    255 0 255 0 0 0 255 255 0 0 0 255 255 166 191 255 0 255 0 255 255 64
    0 255 182 43 0 255 0 0 0 255 255 0 255 0 255 0 96 255 255 0 0 255
    255 255 0 175 255 255 0 185 255 222 255 0 0 0 255 0 83 255 0 110 250
    255 255 255 0 0 255 255 0 255 0 255 185 255 0 142 0 0 0 0 255 0 255
    0 255 255 255 0 202 0 255 0 73 0 255 0 255 255 0 255 0 0 0 0 0 0 255
    88 255 255 255 255 224 0 0 0 255 255 255 0 255 0 255 0 255 0 0 0 0 0
    255 0 255 0 255 255 14 255 0 255 0 255 0 255 0 255 93 255 255 255 0
    0 0 255 255 255 160 255 255 255 102 0 0 62 0 0 255 255 255 255 255 0
    0 255 255 255 0 255 212 255 0 172 255 181 0 0 0 255 64 255 255 255 0
    0 0 255 0 0 1 255 7 120 125 0 255 0 0 0 255 0 255 0 255 255 255 255
    0 39 0 255 0 0 255 255 249 0 0 76 255 255 149 161 0 255 180 132 0
    255 216 255 198 0 255 99 255 0 0 39 255 0 255 0 255 255 0 255 11 0 0
    255 0 255 0 0 255 0 255 0 255 255 255 0 238 144 0 19 0 255 0 134 0
    255 255 255 0 255 255 0 0 0 255 255 40 255 0 0 0 255 255 255 0 0 0 0
    0 0 255 255 255 255 255 255 0 0 0 67 255 0 0 91 0 255 0 255 61 255 0
    201 0 255 0 255 0 255 255 255 51 0 0 255 0 137 0 255 243 247 0 166 2
    0 255 255 10 255 0 0 255 0 58 0 255 66 255 0 177 0 255 0 255 0 255 0
    255 0 178 255 0 247 0 199 0 106 0 0 0 0 255 255 48 0 191 0 255 0 0
    255 255 255 0 0 0 255 0 255 184 255 0 0 0 255 255 255 0 255 255 0 4
    0 255 0 255 101 255 255 0 0 255 255 146 0 0 14 222 66 0 0 255 0 255
    255 220 0 235 0 255 93 255 0 0 255 0 255 255 0 0 166 0 236 151 255
    255 255 0 255 255 255 255 0 0 0 255 255 255 0 186 227 255 165 255 0
    0 255 255 0 0 255 182 255 255 255 0 255 0 215 255 255 0 0 0 0 0 85
    255 255 255 255 0 0 157 255 255 255 255 175 255 0 255 255 255 0 0
    255 255 255 255 0 0 255 255 0 255 0 255 0 255 109 0 0 0 255 255 87
    255 0 0 255 0 0 0 255 255 255 255 79 0 0 255 0 255 255 0 0 142 0 73
    216 0 255 43 255 0 149 0 183 0 255 0 198 0 255 0 255 255 255 168 0 0
    115 0 0 0 255 255 192 0 255 0 255 0 0 0 255 0 0 164 213 0 0 0 0 255
    0 255 0 255 255 0 0 0 255 31 73 0 0 222 255 0 0 0 255 255 255 49 0 0
    162 255 255 0 50 0 255 0 255 0 104 0 0 0 0 69 255 165 194 19 255 166
    0 0 255 0 255 197 255 138 255 255 255 131 0 0 0 255 0 255 0 255 255
    30 255 0 255 23 255 0 0 255 255 255 0 138 255 255 56 0 0 0 0 172 223
    255 105 255 216 115 84 0 255 0 97 0 255 255 0 226 232 0 0 142 255 0
    255 0 14 0 255 255 0 255 0 255 0 255 101 255 0 0 0 255 255 255 0 0 0
    255 255 77 228 255 41 0 0 255 255 255 0 0 255 255 0 0 255 158 255 0
    255 0 255 255 255 255 255 255 255 10 0 255 255 0 0 0 255 0 255 0 0
    255 0 0 0 255 255 0 255 255 255 0 0 0 211 0 187 0 255 129 255 255
    248 0 0 255 255 0 255 27 0 255 0 73 0 255 255 199 0 255 255 178 255
    0 0 0 50 255 255 255 107 255 0 255 255 255 0 0 0 255 127 58 25 255
    142 255 0 0 0 255 255 0 0 0 255 40 255 0 0 0 198 255 255 37 255 218
    255 255 255 0 255 0 0 0 0 255 255 0 0 35 255 0 255 0 255 0 54 0 0
    255 0 255 255 87 137 0 255 0 74 255 41 255 255 14 0 255 255 255 0
    250 0 255 255 255 255 255 0 0 0 255 0 255 0 0 255 0 255 0 255 0 255
    137 0 255 0 0 0 175 0 255 255 100 189 0 255 255 0 0 0 255 0 255 255
    0 0 118 121 0 0 255 255 255 2 252 0 255 255 255 0 0 255 7 255 0 255
    188 87 0 0 255 0 154 0 0 0 255 0 255 255 87 0 0 17 255 119 0 105 0 0
    0 0 104 0 255 0 0 255 199 255 255 255 0 0 0 255 0 24 255 92 0 255 0
    79 105 255 240 0 0 255 255 0 248 0 0 0 0 255 255 255 0 0 255 0 109
    255 0 255 16 255 0 255 211 255 0 101 255 111 0 255 250 0 0 0 255 0
    33 228 0 255 158 0 185 0 0 22 0 255 0 255 0 194 255 255 255 0 255 21
    255 234 0 0 0 0 255 0 48 0 177 0 0 113 0 255 255 255 0 255 207 255
    255 77 0 0 255 255 255 0 0 255 255 255 0 255 0 255 0 0 0 222 255 0 0
    190 255 255 217 191 57 0 255 255 255 0 0 255 255 0 255 0 255 0 0 0
    99 106 244 255 0 0 73 255 255 255 255 0 0 0 209 255 0 255 0 59 255
    255 9 0 0 255 255 255 0 0 52 255 255 49 0 255 6 255 255 255 255 255
    255 132 255 0 0 0 173 0 255 0 255 255 0 255 255 255 41 255 255 255 0
    0 0 218 255 0 255 0 255 0 0 0 224 255 0 255 255 255 0 0 255 0 255
    255 255 0 212 255 255 0 255 0 255 0 255 101 0 137 255 0 255 0 255 0
    255 0 255 0 0 0 202 0 255 255 255 0 255 255 255 90 0 0 0 0 255 255
    51 0 255 217 80 0 255 113 255 0 0 255 75 255 0 255 73 0 0 83 255 255
    255 255 255 255 255 0 0 0 255 0 255 252 116 255 255 255 0 0 0 0 255
    0 255 255 255 0 0 0 255 255 0 150 0 255 255 0 255 255 255 0 0 0 155
    255 0 0 0 0 255 0 255 255 255 255 253 0 0 255 204 255 0 79 58 255
    255 94 85 0 0 255 0 0 255 255 255 0 255 10 255 0 255 0 0 0 0 255 255
    186 119 0 145 0 255 0 8 69 76 0 0 0 255 255 255 0 0 0 255 255 250
    255 36 0 209 196 130 0 199 255 255 0 255 0 118 76 0 0 0 255 0 255 0
    255 0 215 0 0 0 255 72 255 0 0 255 46 255 255 255 255 156 0 255 255
    0 0 0 0 0 255 255 255 0 2 0 209 0 255 0 145 0 255 255 0 0 255 0 255
    47 255 134 81 255 0 255 0 255 0 255 255 0 255 255 255 0 0 0 255 0
    255 255 255 255 255 255 0 0 0 76 0 255 0 0 255 255 255 0 255 255 0
    255 24 188 39 255 0 0 186 0 0 255 0 0 0 255 0 255 0 0 255 0 0 0 255
    255 0 214 255 0 255 0 0 0 255 255 255 0 34 0 255 255 255 0 255 255
    104 0 0 63 255 0 255 30 0 255 0 151 0 255 255 167 255 0 0 255 0 255
    0 255 0 255 255 255 0 0 192 156 0 0 255 255 132 0 255 255 0 0 0 255
    255 50 0 0 91 0 255 0 255 255 255 255 255 253 255 0 0 0 255 255 255
    0 0 0 255 216 21 255 0 255 69 166 0 0 255 255 255 0 255 255 230 0 73
    0 255 255 255 0 255 0 204 242 255 255 255 128 0 0 255 211 0 0 255 65
    0 255 55 255 0 0 255 0 255 11 0 0 255 255 255 0 255 255 255 212 91
    255 255 0 0 0 26 113 147 255 0 255 255 0 35 140 0 0 255 0 255 255 0
    0 255 255 0 158 38 0 114 255 255 120 0 0 77 255 255 0 0 0 255 47 0
    255 0 255 38 255 0 255 255 0 255 0 255 98 255 0 255 255 255 0 0 255
    255 255 116 255 255 255 0 0 255 255 255 0 0 0 0 0 255 41 255 0 255
    255 0 118 0 0 105 125 75 255 255 0 0 255 0 255 0 0 0 0 255 0 219 0 0
    205 255 255 255 0 0 255 0 255 0 0 0 255 0 0 255 74 255 0 0 0 255 228
    255 0 255 0 255 255 255 255 48 255 0 0 18 255 56 38 0 255 0 146 0 57
    146 255 255 0 255 0 255 255 255 255 255 0 0 255 255 255 255 0 255
    255 190 0 255 0 0 0 0 187 0 255 255 255 255 0 255 0 0 0 0 255 222 0
    244 255 255 227 0 0 255 255 255 0 0 255 198 255 0 0 0 255 0 255 0 55
    61 0 255 122 255 0 0 255 255 0 0 255 255 255 255 86 255 146 204 35
    255 255 0 255 0 255 0 0 0 186 255 255 0 255 0 255 183 0 218 33 0 113
    255 255 255 21 255 86 64 0 0 0 0 106 255 255 0 0 255 102 255 255 0 0
    0 117 255 229 255 141 100 6 0 0 43 0 255 0 0 255 255 255 131 0 0 100
    255 0 243 0 0 0 255 14 255 0 255 255 255 0 0 0 255 150 165 0 255 255
    0 0 255 0 0 121 255 202 255 0 243 255 255 255 0 0 0 255 255 0 0 0
    197 255 255 0 0 95 219 232 0 255 0 175 0 245 0 0 123 0 255 103 255 0
    0 158 255 150 0 0 0 0 0 0 0 220 255 0 0 0 255 255 255 0 255 255 255
    255 255 0 255 255 255 0 0 255 208 0 255 0 0 255 0 255 154 0 255 0
    255 255 255 0 0 255 255 0 255 0 255 0 0 0 255 0 124 255 176 255 0
    225 0 156 0 244 255 76 255 255 0 0 255 211 214 255 255 0 0 0 255 255
    255 0 0 0 255 255 255 153 0 255 255 255 0 0 0 255 255 255 255 0 127
    0 255 0 43 0 0 0 136 255 255 255 255 255 255 0 56 255 99 36 255 228
    180 255 194 255 255 255 0 0 255 255 0 255 0 255 0 255 0 255 255 255
    0 255 255 0 0 122 255 0 0 0 255 255 127 0 0 255 0 43 0 255 255 255 0
    0 0 255 0 115 0 255 255 255 255 0 255 255 255 0 0 184 255 112 255 80
    255 0 0 177 161 0 16 255 255 90 220 0 255 0 255 255 0 0 0 255 178 81
    255 255 0 0 0 255 0 0 0 255 0 0 15 0 0 78 255 255 255 0 32 121 255 0
    255 0 255 255 0 255 191 255 0 255 51 62 0 120 0 255 255 255 0 0 237
    54 255 175 88 0 0 0 0 0 255 60 255 251 255 0 4 0 255 255 60 200 0 0
    255 255 0 255 255 0 0 0 255 255 255 107 0 0 255 255 255 255 212 0 0
    234 194 186 63 255 0 255 0 0 41 255 255 255 255 0 255 255 255 0 0 58
    255 204 0 255 20 255 0 0 122 255 255 106 0 0 255 88 255 0 255 255
    255 0 0 0 0 77 0 255 255 255 0 0 202 255 199 224 0 255 255 255 255 0
    0 255 255 255 0 255 255 130 204 0 255 255 0 0 0 255 255 68 119 255
    255 255 0 7 0 174 255 255 255 255 128 101 66 214 205 0 0 0 255 255 7
    255 255 0 50 214 126 255 0 255 44 0 255 221 0 0 141 0 71 255 255 0
    255 0 255 255 255 0 0 255 255 255 0 0 0 255 0 255 0 161 0 255 21 255
    0 255 0 55 0 0 255 0 0 255 0 255 0 0 0 255 255 0 102 0 255 0 126 0
    255 255 255 222 255 255 0 12 0 255 30 0 0 141 216 255 255 0 0 0 237
    0 255 0 255 255 255 125 0 0 0 156 255 255 0 255 0 97 6 48 255 0 182
    255 255 0 255 0 255 0 246 255 0 0 0 119 0 255 0 255 0 255 0 0 192 0
    255 255 255 0 255 255 255 0 255 0 255 10 219 80 255 0 0 0 255 0 0 30
    255 255 0 106 255 255 165 53 0 255 0 181 0 255 11 0 238 255 255 0 0
    0 255 0 0 0 255 59 255 0 0 112 255 0 0 255 255 255 205 255 0 255 0 0
    0 255 255 255 0 0 255 0 0 255 255 255 0 0 0 71 255 255 255 255 255
    164 235 19 255 255 0 0 0 255 255 255 0 126 255 125 0 69 255 120 241
    0 0 0 255 0 255 0 255 0 255 255 0 125 255 255 0 255 255 255 0 255
    255 26 243 0 0 0 255 45 255 255 255 251 0 0 0 255 255 255 0 0 255
    255 0 0 252 255 255 0 0 243 255 255 9 0 20 255 0 0 0 0 255 255 0 0 0
    255 0 255 233 255 255 0 255 255 255 0 120 186 151 0 232 255 255 255
    0 73 42 0 154 124 255 79 0 183 89 255 0 255 0 60 234 255 255 255 255
    159 255 255 255 0 255 255 255 255 255 0 0 137 255 255 48 0 255 0 255
    255 0 0 0 255 255 0 0 134 255 137 0 0 0 189 255 0 255 0 0 0 0 0 0
    255 255 255 255 255 0 0 255 255 255 255 255 111 255 43 0 0 255 255 0
    255 0 17 0 0 219 255 255 0 20 0 0 208 0 255 255 0 0 100 0 3 0 196 0
    0 131 255 17 0 108 255 255 255 255 255 255 255 255 202 0 0 255 0 255
    255 255 0 0 255 0 255 255 146 255 0 0 0 0 255 0 255 0 255 255 255 0
    255 17 0 0 255 255 255 0 0 114 81 0 255 0 159 0 219 0 255 43 0 212 0
    255 189 0 118 255 0 138 0 0 0 255 0 255 255 72 0 0 255 60 255 235 0
    255 0 0 0 255 255 93 255 0 255 0 0 255 0 0 210 255 255 123 255 0 0 0
    255 0 0 0 0 255 0 255 0 255 0 30 166 139 111 255 0 255 62 163 0 0 0
    0 0 0 255 255 0 255 0 61 134 255 255 0 0 227 255 255 255 0 52 255
    255 255 255 0 0 0 255 0 0 0 255 0 252 255 255 216 255 0 255 255 0 0
    0 255 43 255 0 107 0 255 201 0 0 0 15 255 50 236 0 255 255 255 75 0
    0 0 255 224 93 0 0 0 255 0 232 255 255 0 0 0 255 0 255 0 255 0 73 0
    0 208 255 255 255 255 0 255 191 0 0 255 0 0 0 50 255 221 255 0 255
    235 0 0 73 0 255 255 255 15 0 255 0 245 0 255 255 0 0 255 255 255 0
    0 255 255 0 0 0 155 201 255 11 255 255 0 104 0 255 255 255 0 0 255
    255 0 0 0 0 175 0 255 0 0 255 255 255 0 221 0 255 0 255 0 0 255 0
    255 0 255 0 0 255 255 148 0 130 0 255 0 247 0 255 0 56 64 0 255 0
    255 0 255 46 0 0 0 0 82 255 247 196 12 255 255 198 255 255 255 255 0
    0 255 255 0 255 0 181 255 0 0 0 0 217 255 255 255 0 33 0 255 0 0 0 9
    0 255 255 255 0 0 7 255 9 255 0 255 97 255 0 0 0 85 255 176 91 0 255
    255 47 0 0 113 255 255 0 255 255 220 255 0 255 255 255 0 131 0 255 0
    255 0 0 255 255 0 0 255 255 255 255 0 255 255 0 131 0 20 0 114 255 0
    0 0 0 255 255 0 255 0 255 0 0 0 255 255 255 0 0 121 0 255 255 200 35
    0 255 255 0 87 0 255 255 0 0 96 255 0 0 0 0 0 220 0 255 255 255 157
    0 255 255 0 0 0 255 255 22 255 255 0 56 255 0 255 255 0 148 255 0
    255 255 0 131 255 255 255 255 255 0 255 0 143 255 255 0 7 0 96 0 255
    255 97 224 255 0 255 0 255 0 0 255 255 255 0 255 0 255 0 255 0 0 255
    77 255 0 255 167 49 62 239 255 255 255 133 0 26 0 255 255 255 0 175
    0 135 0 0 77 0 255 255 255 0 255 0 255 0 0 0 0 255 255 255 61 255 0
    0 0 255 0 255 0 0 0 224 120 255 255 255 255 0 196 0 255 52 255 0 0
    255 255 86 0 0 255 0 255 0 0 33 255 255 0 255 244 255 255 81 255 0
    255 0 255 255 255 0 0 0 255 255 255 0 255 0 255 255 255 167 100 255
    0 0 0 0 0 255 255 72 255 60 0 255 255 21 107 0 0 255 255 0 0 255 0
    255 0 244 0 0 255 255 0 0 255 0 135 0 255 255 255 0 255 0 255 255
    255 255 255 255 0 205 0 0 255 255 0 243 0 60 255 255 255 0 0 255 255
    0 0 0 255 255 0 0 200 20 255 0 0 187 8 0 92 251 0 255 255 255 0 255
    197 255 0 0 0 255 255 255 255 255 255 255 0 0 255 255 148 0 0 0 106
    0 115 255 211 0 0 255 17 0 0 255 0 0 255 234 255 255 118 0 0 1 0 0
    244 255 0 0 0 255 255 0 0 255 27 255 255 255 0 255 227 255 0 255 0 0
    0 255 0 255 144 255 0 255 255 14 0 0 255 250 255 255 0 0 255 69 255
    0 0 255 255 255 0 0 0 0 255 0 186 0 0 0 0 0 255 255 255 19 255 77
    249 0 0 253 255 255 0 0 0 0 255 0 255 0 0 192 255 255 0 124 255 255
    0 0 191 255 255 255 255 0 37 0 136 255 39 255 14 240 0 0 255 255 0
    255 0 255 211 58 0 0 255 0 255 255 255 0 0 255 255 255 255 0 165 18
    168 0 255 140 0 255 255 255 56 8 213 72 0 255 192 0 0 255 255 255
    255 0 131 255 129 0 0 10 0 255 255 255 15 56 0 255 0 3 0 255 255 0
    101 0 0 255 255 255 51 50 255 0 250 255 152 131 0 255 0 255 204 255
    34 188 0 255 176 20 0 52 255 0 0 0 255 159 255 20 0 255 96 200 0 0 0
    0 255 255 0 0 0 167 255 0 255 0 0 0 0 255 158 74 223 255 0 0 0 185
    255 187 0 255 2 255 234 22 0 92 255 0 43 255 255 255 0 255 0 255 0
    89 0 116 255 255 0 255 0 255 255 0 186 0 255 255 0 194 195 0 255 114
    0 0 0 255 0 0 255 255 255 0 255 255 0 139 0 61 255 255 255 255 223 0
    0 133 255 0 255 0 255 0 255 171 0 0 0 134 255 255 255 0 0 0 0 132
    255 87 0 118 154 0 255 255 0 255 50 255 0 0 0 255 255 255 0 0 83 255
    231 255 0 0 255 255 255 0 0 0 255 0 255 0 255 176 255 0 255 0 255 0
    255 104 255 254 208 255 0 255 0 255 0 255 255 255 255 0 255 0 0 179
    0 255 0 144 82 255 0 255 0 255 255 255 255 0 0 0 100 0 255 0 255 255
    0 41 0 69 255 0 0 255 40 248 255 0 255 0 252 255 255 0 0 0 0 62 0
    255 0 70 0 0 172 255 0 255 255 255 0 243 0 255 255 0 0 0 255 255 0
    255 255 0 0 0 255 0 0 6 0 255 255 0 0 255 255 123 255 0 255 0 0 0
    211 0 254 255 255 255 76 0 0 0 101 255 83 0 0 255 0 192 0 255 0 255
    0 0 255 28 255 255 255 255 125 255 1 55 0 47 255 255 0 0 0 255 77
    255 0 223 0 0 255 0 255 0 255 0 0 0 0 255 0 0 165 249 229 166 255 0
    255 0 255 0 0 101 255 255 255 255 255 255 167 0 87 0 255 255 0 255
    255 255 0 0 0 103 255 0 0 0 255 0 255 255 255 255 0 235 0 255 0 0 0
    255 255 255 47 0 37 255 255 255 156 255 255 255 0 255 206 0 98 175
    255 0 0 0 255 0 0 0 0 0 255 255 0 0 14 116 98 255 255 255 248 0 0 0
    0 0 0 0 255 255 255 0 0 18 255 255 0 0 0 23 255 159 255 0 255 255
    255 255 0 255 0 255 255 5 0 0 0 255 66 0 229 5 0 81 182 255 255 0 0
    255 0 255 0 0 0 255 255 235 255 0 255 0 17 0 255 0 255 234 255 255 0
    255 60 255 255 255 0 255 0 12 0 0 0 255 0 255 255 20 0 255 0 242 255
    255 0 0 255 0 156 0 255 255 255 0 0 0 0 255 0 22 0 255 0 0 255 0 255
    255 0 255 36 37 255 255 211 161 0 72 0 196 85 255 0 255 161 255 0
    217 194 178 255 189 248 255 255 254 0 0 0 233 0 255 255 220 0 198
    255 0 255 255 255 0 0 0 255 0 0 255 0 0 41 255 0 0 0 72 0 0 45 0 255
    255 0 0 0 255 255 0 0 0 255 255 247 255 193 255 255 255 255 255 255
    255 0 0 255 167 0 0 145 0 255 0 255 204 255 255 96 255 0 21 0 255
    255 255 0 255 239 255 0 255 155 0 0 71 146 255 231 0 255 255 255 255
    255 253 0 255 0 255 0 0 173 0 0 0 255 255 255 0 0 255 0 79 0 191 60
    0 0 50 255 255 255 0 0 0 0 2 255 0 0 234 0 0 0 255 255 228 255 255
    255 0 255 255 0 255 0 0 0 161 0 0 255 0 255 255 255 255 0 0 255 255
    255 0 118 255 255 255 255 97 0 255 255 0 0 255 255 0 0 0 255 183 143
    255 0 0 255 255 255 0 0 0 252 255 4 255 0 255 0 255 189 0 251 255
    207 0 255 0 0 255 0 0 0 34 0 0 255 255 0 255 255 0 63 167 86 0 0 255
    255 144 185 255 255 0 255 0 9 0 25 255 0 83 0 255 255 0 0 247 0 255
    0 195 0 255 255 0 0 222 255 255 54 0 0 0 255 253 0 0 255 255 255 255
    0 255 0 255 220 183 255 255 145 0 0 255 0 0 0 164 255 0 255 43 0 255
    0 255 255 255 0 255 0 255 0 255 255 131 0 255 255 116 112 255 163
    255 255 255 255 0 255 0 0 0 30 255 255 0 27 0 0 170 255 255 255 0
    200 0 255 255 0 0 0 255 246 0 0 0 0 197 255 255 0 255 190 255 0 0
    255 0 0 255 255 255 78 255 0 107 0 0 255 255 255 255 137 255 0 0 0
    255 178 0 255 195 255 0 255 255 255 223 0 0 255 0 0 61 0 255 24 255
    63 255 255 255 0 0 46 255 255 0 0 255 255 255 255 0 0 255 6 0 0 133
    118 255 255 255 255 0 157 239 14 158 0 255 200 255 0 0 0 255 255 255
    0 0 0 255 255 255 0 0 0 255 0 0 255 96 0 255 0 68 0 0 0 0 255 255
    107 94 83 255 255 0 255 0 0 0 255 255 0 0 0 255 243 255 255 255 46
    255 255 0 0 0 255 0 255 0 255 0 0 0 255 0 255 0 0 0 255 156 255 193
    0 0 113 133 255 0 245 0 0 0 255 0 0 255 0 255 148 255 145 0 0 255
    255 255 0 0 12 0 0 255 0 255 0 255 255 0 0 0 255 0 0 104 153 86 182
    255 144 0 0 255 0 0 0 99 0 255 176 255 0 255 255 0 0 2 0 0 0 255 255
    255 255 0 255 0 129 255 83 255 0 113 0 0 102 0 177 255 0 0 0 255 0
    255 0 0 0 88 255 0 0 210 255 255 134 255 255 0 93 17 255 0 0 0 234
    255 255 255 255 0 0 255 255 255 0 255 234 255 0 0 255 0 255 0 0 0
    255 0 255 255 255 0 0 255 255 0 0 255 255 96 0 0 255 255 255 0 80
    255 255 0 0 0 131 0 255 255 255 121 0 0 0 102 255 255 0 255 255 255
    255 0 72 0 0 0 255 0 0 0 0 255 23 111 1 255 255 255 0 0 255 255 255
    0 0 0 251 0 0 0 255 255 255 255 255 255 255 0 0 255 255 90 0 30 255
    255 0 0 0 255 0 255 104 255 0 0 255 192 255 0 255 170 255 141 255 0
    49 0 0 0 255 255 255 0 0 160 255 255 255 0 0 0 0 255 255 0 255 0 0 0
    255 255 255 0 0 7 255 255 0 0 174 255 101 52 255 255 255 255 0 255
    255 0 0 0 0 255 220 255 255 124 255 255 93 255 255 255 140 255 0 255
    0 255 255 188 0 255 0 0 255 255 0 0 255 255 255 0 255 255 255 0 255
    0 0 255 0 255 164 255 26 255 147 0 0 0 0 0 255 255 255 255 255 126 0
    255 0 0 0 0 169 0 255 0 0 0 255 255 16 255 139 65 0 0 137 255 255 0
    183 255 255 0 0 0 255 255 245 0 0 255 255 255 255 0 255 255 58 0 255
    255 255 0 0 253 0 0 0 0 255 0 255 0 0 255 255 200 0 0 0 255 0 0 0
    154 234 0 0 255 255 247 0 50 249 255 149 255 225 148 0 187 255 0 0
    255 0 255 0 251 0 0 255 211 255 255 255 20 0 0 0 255 255 255 255 0 0
    0 255 255 255 0 0 0 172 255 0 0 255 227 255 0 255 255 0 10 255 183
    32 255 255 0 0 218 103 0 0 255 255 255 0 0 0 0 255 82 255 255 0 255
    0 0 255 255 0 0 0 0 255 60 163 255 0 255 255 255 0 0 0 255 0 255 0
    255 0 255 0 255 0 0 46 255 255 0 255 0 249 3 0 155 255 0 12 255 0 52
    0 255 66 255 0 0 255 255 189 0 120 0 255 255 75 0 0 148 0 31 0 255
    255 0 255 0 255 0 234 0 0 0 13 255 255 151 0 255 255 0 0 0 255 0 130
    0 255 0 255 0 0 0 255 96 0 255 255 0 255 0 73 118 255 0 0 242 255
    255 0 255 255 0 0 0 255 255 238 255 0 255 0 188 76 0 0 255 255 255
    255 0 0 0 147 0 255 255 23 255 0 0 255 255 0 0 49 0 255 0 255 0 0 0
    0 255 255 0 255 0 255 0 255 0 193 0 0 255 255 255 0 255 0 255 24 26
    0 0 0 255 0 255 0 0 255 0 255 0 0 0 255 255 30 0 0 255 255 0 255 0
    255 111 96 0 255 0 255 224 48 213 255 255 255 0 255 255 255 65 255 0
    0 0 164 255 255 255 255 62 117 255 255 0 0 255 255 255 0 0 255 119 0
    255 255 255 255 0 0 255 88 147 0 255 255 255 0 5 0 0 255 255 0 0 0 0
    255 255 0 0 0 255 255 0 215 255 255 0 255 0 43 0 0 255 0 0 255 255
    255 0 64 255 255 106 0 255 255 0 0 255 138 0 0 157 255 55 0 255 0 64
    0 255 255 255 255 0 159 102 255 0 129 236 255 224 0 255 0 0 255 125
    0 0 0 255 0 0 0 255 0 255 255 255 117 154 0 255 255 124 0 0 182 255
    0 0 255 98 0 0 30 255 139 255 255 0 167 0 255 0 135 80 188 0 0 255
    255 0 222 0 255 0 0 0 255 255 0 201 86 211 0 255 16 255 0 255 0 235
    109 255 0 255 255 0 0 0 255 255 255 141 0 0 0 19 255 255 255 251 0
    92 255 255 255 32 14 0 0 255 255 255 0 0 0 74 0 255 161 255 0 255
    196 255 0 0 0 255 255 0 255 255 27 255 255 0 0 0 255 0 255 0 206 255
    0 0 0 0 166 0 255 93 255 255 255 0 0 255 255 0 0 142 99 0 255 255
    255 0 0 243 255 255 0 218 255 0 0 0 0 255 255 0 0 255 143 255 0 89 0
    226 255 255 255 255 91 147 0 0 0 13 255 255 0 0 0 0 255 255 255 255
    0 255 0 255 0 0 0 255 0 255 91 0 0 0 255 0 255 235 180 115 0 0 225 0
    0 255 0 255 255 0 60 230 0 255 0 153 0 255 0 0 0 0 0 0 255 255 255
    255 0 0 81 255 255 0 255 0 0 0 0 134 0 0 255 255 235 0 0 0 255 255 5
    255 0 153 0 255 255 0 62 18 255 0 20 255 0 69 139 0 255 13 255 255
    255 0 0 0 255 255 0 255 44 255 0 255 0 255 35 160 0 183 0 255 0 255
    0 255 0 255 255 0 255 0 191 0 0 255 0 0 255 244 255 255 39 0 0 255
    255 0 255 0 0 255 255 255 255 0 0 126 0 0 255 255 255 255 255 194
    255 0 151 255 255 255 255 89 0 0 0 255 255 255 251 255 255 255 0 0
    255 0 255 255 54 155 0 0 0 255 0 0 0 255 255 255 0 0 0 0 165 208 0
    255 255 255 255 0 0 0 255 0 152 68 213 255 0 255 110 255 0 0 255 255
    0 0 146 0 0 0 0 255 255 0 0 0 255 255 255 0 0 54 53 16 70 0 0 0 2
    255 255 255 0 255 255 0 255 18 255 203 255 0 255 255 255 0 0 0 255
    255 0 255 255 255 255 158 36 0 185 174 0 0 246 0 255 255 0 0 227 255
    58 18 0 255 0 255 0 255 0 255 6 255 189 0 255 255 254 0 255 255 255
    229 0 0 255 0 0 88 255 255 255 153 255 0 5 0 255 255 0 255 255 149
    255 0 112 255 0 0 204 255 255 255 255 255 0 255 0 255 112 100 0 254
    166 255 102 0 0 91 255 0 255 255 0 0 0 49 214 255 0 255 255 29 24 0
    0 255 255 0 0 255 161 255 255 161 0 0 255 255 0 0 0 255 255 231 61
    255 255 0 0 97 0 5 255 255 167 255 0 255 0 255 0 0 0 255 0 153 255
    255 0 0 255 255 255 255 129 0 153 0 0 0 0 255 255 255 255 0 255 23 2
    0 255 0 255 169 0 0 0 255 255 0 0 255 86 243 0 255 87 255 0 96 0 255
    255 238 0 0 244 255 255 199 255 255 255 0 0 0 205 255 255 255 255 0
    0 0 255 0 109 0 61 143 255 255 255 24 255 0 0 255 255 255 0 0 0 255
    255 255 0 0 120 0 255 255 255 255 255 0 0 0 255 255 255 255 0 216 0
    255 0 255 255 205 255 255 0 190 0 255 255 255 255 70 255 0 29 255 48
    0 0 255 255 255 0 81 0 166 255 255 255 255 0 94 0 0 255 0 255 255 93
    172 0 0 255 39 255 255 96 255 0 255 255 255 0 168 0 48 0 0 255 0 0 3
    255 0 83 231 255 0 30 0 196 0 0 255 255 0 255 255 31 255 0 0 255 0 1
    255 0 189 92 255 255 45 0 255 0 255 0 0 255 206 0 0 0 190 174 136
    255 0 255 255 255 0 0 0 255 0 255 255 0 255 255 0 0 0 104 0 251 255
    255 255 255 0 0 0 157 255 0 83 0 45 0 214 255 0 201 0 0 255 255 255
    0 7 255 100 0 0 0 255 255 0 255 255 255 140 124 0 224 0 0 0 0 229
    255 255 23 0 255 123 40 0 168 255 255 146 255 0 255 0 0 255 0 0 0
    255 255 69 255 0 255 255 255 255 0 0 0 255 255 255 245 225 162 48
    132 255 255 67 0 0 0 255 88 255 255 255 0 115 0 0 0 240 0 0 255 255
    255 23 0 255 255 255 0 85 255 255 151 0 0 255 255 255 255 255 255 0
    0 0 255 248 0 0 255 195 255 255 0 255 123 0 255 127 0 0 0 211 255 60
    0 0 231 255 255 0 0 76 255 255 0 0 0 0 255 137 119 204 255 0 205 255
    255 255 255 0 0 197 255 255 0 255 255 255 0 255 255 255 255 0 0 0
    255 255 0 0 0 178 0 255 57 255 0 0 255 0 0 255 0 94 150 255 255 255
    0 0 111 0 60 255 0 172 255 255 0 0 0 182 255 255 0 0 0 0 255 255 255
    174 0 0 0 255 184 255 244 255 0 255 0 255 0 81 152 212 0 255 0 130 0
    0 200 173 255 255 255 255 34 200 0 255 255 0 255 90 255 0 50 0 255
    194 0 0 98 255 255 0 0 0 0 205 255 0 0 255 0 255 255 105 255 55 20 0
    255 0 0 255 255 255 0 0 255 255 255 255 0 0 255 255 141 0 0 0 255 0
    146 0 255 120 255 0 0 255 109 255 0 255 0 0 255 255 184 105 0 255 0
    0 0 255 140 142 255 0 255 255 0 0 255 255 255 0 255 0 255 255 0 0
    255 0 248 79 255 47 101 0 255 255 255 240 0 255 0 57 255 0 255 0 53
    247 0 255 217 255 0 161 255 178 0 255 255 155 0 111 0 0 0 255 255
    255 181 255 255 0 0 0 255 255 62 255 0 4 255 255 217 136 255 255 0
    255 255 233 255 117 255 0 84 255 255 0 255 255 229 0 0 0 0 255 0 255
    73 0 0 4 255 255 0 0 0 255 25 255 88 255 255 0 0 11 255 0 0 105 226
    255 255 255 255 0 255 126 255 0 0 53 125 0 255 0 255 0 73 0 144 81
    255 35 255 0 0 108 0 255 248 0 255 255 1 189 0 0 0 255 255 137 0 0
    255 255 0 0 0 0 255 0 181 255 255 0 255 0 255 85 255 0 0 0 255 0 255
    0 0 255 0 255 0 0 0 255 0 255 0 255 0 255 0 255 0 255 0 0 223 112 0
    255 0 255 0 0 255 0 255 0 255 108 255 255 112 0 0 0 0 255 255 133 0
    0 255 0 255 255 147 0 0 255 0 0 0 255 77 255 255 255 255 0 0 0 255
    84 0 255 255 255 85 0 137 255 255 0 255 255 0 229 0 255 0 255 255 0
    0 0 255 255 0 237 0 0 0 0 255 255 255 0 0 255 255 0 0 255 255 255
    255 0 0 0 255 245 255 0 219 0 255 255 255 0 255 0 255 255 255 0 0 0
    255 0 255 0 255 98 255 255 255 27 73 0 242 0 0 0 0 255 255 0 156 36
    255 10 249 255 255 199 0 122 140 255 255 9 0 0 22 255 255 255 0 206
    255 0 255 0 0 255 5 0 231 255 255 0 0 255 255 255 138 0 255 255 0
    255 255 0 255 0 61 164 0 38 0 178 255 255 0 255 0 227 0 255 255 232
    255 255 0 0 0 0 255 255 0 255 70 255 0 0 255 255 255 0 0 0 255 255
    30 255 148 255 255 51 200 255 255 255 0 0 255 0 255 96 255 0 0 0 255
    255 255 108 255 255 0 0 203 255 255 0 0 0 255 0 255 0 0 0 255 0 0 0
    255 255 0 255 0 255 0 255 0 0 255 38 0 0 255 0 0 255 255 0 226 0 255
    255 0 255 0 0 9 0 255 0 32 0 255 169 0 255 0 255 29 97 0 51 0 255 0
    255 255 255 0 255 199 255 255 255 0 0 0 255 231 111 255 255 0 0 255
    0 255 0 255 255 0 0 210 123 255 0 0 255 0 255 255 255 0 0 255 255
    187 255 74 0 0 255 255 255 0 0 255 0 255 255 255 0 0 255 183 255 0
    255 0 73 0 255 255 255 0 255 255 255 0 0 0 255 255 255 255 0 255 69
    0 255 0 0 0 255 0 0 0 255 255 0 0 40 0 255 255 255 209 13 0 0 255
    255 0 0 255 226 255 244 0 0 0 0 255 255 224 0 170 255 214 255 255
    255 0 255 255 232 161 255 255 255 192 0 255 0 255 0 17 255 255 0 103
    0 255 255 201 255 210 0 216 0 255 205 255 255 254 255 0 0 103 0 255
    0 0 0 80 175 0 255 0 255 0 255 0 255 34 0 255 255 255 0 236 61 0 255
    255 255 0 255 127 0 0 108 0 0 0 0 0 255 0 221 255 255 30 0 0 255 115
    0 0 0 66 0 0 170 255 255 183 255 190 0 255 255 0 255 0 255 0 0 255
    255 0 255 0 255 0 0 255 0 255 255 255 255 53 255 255 249 0 0 36 215
    0 255 255 255 0 255 0 255 2 255 0 255 0 255 0 0 0 243 8 122 63 0 0
    255 255 0 255 0 255 45 255 0 0 255 255 111 0 0 255 255 0 240 255 17
    0 255 255 255 0 255 235 38 0 102 161 141 0 0 0 0 166 0 255 0 255 255
    97 0 0 0 0 255 102 255 0 255 255 163 0 0 0 130 0 56 0 0 0 255 255
    149 111 0 0 0 145 0 255 0 24 255 255 255 0 0 255 0 255 0 0 255 255
    255 0 255 238 249 0 255 255 0 255 0 0 0 0 255 255 255 0 174 0 255 0
    255 35 0 0 255 0 255 0 255 42 255 255 131 255 0 134 0 255 0 227 0 0
    47 0 227 234 255 0 255 255 255 0 0 220 255 255 0 241 0 60 255 255 0
    0 0 255 255 255 0 27 0 0 0 0 0 255 255 255 0 0 0 255 197 255 70 255
    255 255 0 0 255 40 255 0 255 255 196 0 250 0 0 0 0 74 0 187 133 65 0
    63 0 255 45 255 0 0 218 0 255 255 255 0 228 0 0 0 0 255 0 165 170 0
    216 255 189 230 255 0 169 138 0 0 255 123 255 0 255 0 0 255 0 255 0
    255 253 26 0 0 80 81 255 0 255 255 128 255 0 0 37 186 113 255 0 88 0
    117 9 255 0 255 29 255 0 0 0 255 255 0 255 187 255 0 253 0 0 255 0
    151 0 255 0 255 255 224 0 255 0 69 255 0 255 255 255 0 255 0 0 255
    255 255 0 0 255 255 255 0 0 255 239 0 20 255 0 0 0 0 255 0 188 91
    255 0 0 250 0 255 255 255 0 255 0 123 0 255 255 255 0 0 0 0 0 255 0
    255 62 255 255 255 255 0 255 0 0 0 255 0 35 0 0 255 182 0 255 0 255
    0 255 16 193 0 168 0 255 255 0 0 0 255 255 255 22 0 0 0 255 255 219
    70 0 0 126 255 0 0 255 255 255 0 0 13 255 255 15 67 0 255 255 255 0
    255 255 33 0 103 255 34 0 0 0 13 255 0 255 0 193 136 255 255 0 0 255
    0 255 174 241 189 0 255 27 255 0 0 255 0 255 255 255 0 111 255 0 0 0
    255 255 255 0 141 0 255 255 255 255 0 0 0 0 0 0 0 0 255 0 162 0 11
    255 0 255 0 202 0 0 122 255 70 255 255 0 0 0 6 0 0 0 0 252 255 255
    185 0 255 255 255 255 255 0 50 0 0 255 255 255 255 255 0 0 0 104 255
    180 255 0 0 0 255 0 255 0 5 205 173 216 0 0 255 0 255 255 255 0 0 0
    0 255 255 255 0 0 0 255 169 0 255 0 255 255 127 0 0 255 0 72 0 255 0
    71 0 0 255 255 255 0 226 255 255 22 255 56 143 0 0 255 110 255 63
    249 0 255 0 255 255 0 0 0 13 255 50 0 255 255 255 0 0 0 0 255 255
    255 255 0 0 255 46 255 0 255 255 138 0 255 0 0 0 0 183 255 0 69 0
    255 0 0 0 60 255 0 211 255 255 0 255 0 255 255 0 0 0 255 255 0 0 0
    255 255 0 127 0 0 255 0 255 0 255 255 0 255 255 255 0 95 0 0 233 31
    0 255 0 127 0 255 255 71 0 35 226 255 239 255 0 255 255 255 0 202 0
    255 0 0 0 0 68 0 0 255 255 255 255 0 23 0 255 169 0 0 0 0 233 255
    101 0 0 255 0 255 255 255 233 149 0 255 255 255 108 255 255 0 0 0 0
    255 255 255 255 255 0 0 0 255 97 255 0 255 83 255 255 178 184 0 236
    255 255 231 0 0 129 255 255 0 255 255 255 255 221 0 255 0 255 0 255
    82 255 37 0 0 0 255 0 0 255 0 0 255 255 255 0 255 0 0 0 255 0 255
    255 225 0 0 255 255 255 137 0 255 0 255 255 152 255 0 0 0 5 0 0 0 0
    0 255 255 179 0 0 0 255 255 255 18 255 31 0 32 255 0 0 0 255 255 0
    255 0 255 0 255 0 255 0 255 255 255 0 100 249 255 255 0 255 0 0 0
    255 255 255 0 168 255 255 0 0 255 152 255 0 0 255 0 0 255 0 255 124
    255 5 0 0 255 255 0 0 0 255 255 255 0 0 0 153 49 0 0 255 255 255 0 0
    0 255 0 27 229 255 0 255 252 255 255 30 0 0 217 255 0 0 255 255 255
    0 255 0 255 255 0 101 0 0 255 255 89 239 0 255 255 255 255 255 0 0 0
    24 216 0 39 0 255 134 1 0 59 0 0 255 0 255 23 255 255 255 0 0 154
    255 255 0 255 100 254 255 32 255 0 255 55 255 0 255 0 0 0 255 255 0
    0 255 49 255 255 47 0 255 255 255 0 255 70 255 0 255 11 0 0 255 0
    133 255 255 255 0 255 255 255 0 0 255 255 255 137 0 0 255 211 0 0
    255 255 134 255 0 198 0 254 0 255 255 109 0 0 255 0 114 92 0 0 65
    255 0 255 255 255 0 0 255 0 255 0 255 0 58 0 212 0 255 255 255 0 255
    31 255 0 255 230 0 56 0 255 255 255 0 255 0 147 255 117 255 104 0 0
    255 0 0 0 255 0 255 0 0 171 255 255 0 255 255 255 255 0 255 122 255
    0 255 0 255 212 3 225 255 189 0 55 0 255 255 255 0 0 255 255 255 255
    0 0 231 255 255 0 0 255 255 0 0 0 236 0 255 0 0 0 255 0 255 0 0 0
    255 255 255 0 108 255 139 0 0 0 0 0 0 255 255 255 0 0 104 23 255 0 0
    0 0 212 64 255 255 0 0 149 0 255 0 255 0 255 0 255 154 255 60 0 80 0
    30 255 30 255 0 0 0 255 0 255 0 255 0 255 0 255 255 255 255 0 255
    255 0 191 111 96 0 0 255 0 0 0 89 212 255 143 0 0 255 255 255 255
    255 0 255 255 255 0 0 0 0 133 255 0 255 0 87 255 255 255 255 255 0
    255 0 255 0 180 255 255 0 0 0 0 255 255 0 0 255 255 255 255 181 0 0
    255 255 255 0 196 0 255 0 255 241 0 255 139 255 0 255 0 0 0 93 99 0
    0 255 245 255 0 255 90 0 0 255 255 255 255 92 0 0 0 255 0 0 244 255
    255 0 255 154 255 255 0 255 255 0 255 255 0 0 0 255 50 255 0 255 255
    255 0 0 0 255 254 255 69 255 66 0 82 0 241 255 255 255 0 0 255 255
    253 19 255 255 255 255 0 0 0 92 255 255 0 0 147 255 255 0 255 207 0
    70 0 0 0 0 255 0 0 0 255 0 255 255 56 255 0 255 0 176 121 0 0 0 0
    255 0 255 0 0 255 0 255 0 250 255 0 255 255 255 0 0 255 51 6 0 255 0
    230 255 255 0 0 255 255 255 0 255 255 255 255 255 110 0 0 0 0 134
    255 255 255 154 255 80 255 140 0 43 0 255 255 0 0 242 0 0 0 255 255
    255 71 0 247 86 255 255 146 255 255 255 240 0 0 0 255 0 255 255 0 0
    122 29 74 0 255 200 255 255 255 0 255 0 255 174 39 0 255 0 255 0 0 0
    0 255 198 255 255 0 0 0 255 255 0 255 255 255 0 95 237 0 255 255 255
    255 71 255 0 73 255 255 39 112 165 0 0 255 0 0 0 48 255 0 0 0 95 255
    255 0 0 255 0 6 0 255 0 255 220 0 255 0 255 0 255 0 0 0 255 255 255
    0 0 177 0 255 221 0 0 255 0 255 0 255 255 255 0 0 0 0 0 0 255 30 13
    0 255 0 0 0 196 5 0 255 143 0 0 0 0 105 221 255 132 0 245 255 255 0
    0 0 0 0 255 219 83 255 178 0 0 255 255 114 0 0 0 255 255 255 0 49
    255 255 255 86 255 0 159 0 255 255 0 0 0 255 255 255 0 0 255 145 255
    0 0 255 0 0 0 255 255 255 0 255 0 255 0 255 0 0 0 181 255 255 255 0
    141 0 67 0 255 255 0 0 0 240 255 129 255 0 0 0 255 0 0 0 255 216 0 0
    255 0 255 255 0 255 0 255 0 255 10 0 255 255 0 45 0 0 162 255 255 0
    255 255 255 11 0 123 0 45 0 0 132 255 0 255 255 0 0 0 255 255 202 0
    253 0 0 255 255 255 58 255 0 0 255 255 255 255 0 90 0 255 255 255
    255 0 0 255 0 255 0 255 255 181 0 255 0 255 0 0 172 0 255 255 18 227
    255 255 0 0 0 255 255 117 0 255 255 0 142 0 255 0 123 0 255 0 255 0
    255 184 60 0 0 210 255 255 255 206 0 185 0 255 255 255 96 0 0 0 0
    255 255 33 206 0 255 0 255 0 92 0 255 255 0 0 41 0 118 239 255 255
    175 0 0 0 0 255 255 255 0 255 0 143 0 255 255 255 255 0 84 0 0 255
    160 255 84 255 0 0 0 255 255 255 0 255 24 0 255 255 255 73 0 0 255
    255 255 116 255 0 255 0 63 0 173 30 255 0 255 255 0 0 74 255 0 0 80
    0 255 0 255 255 255 117 0 0 0 255 0 255 0 0 0 255 0 255 0 176 0 245
    219 0 255 255 0 255 255 44 1 226 255 243 255 0 255 255 117 255 0 122
    255 255 185 255 0 0 0 78 0 241 255 143 0 255 255 0 0 102 86 255 0 0
    0 255 0 0 0 255 255 255 255 0 255 255 0 255 255 255 0 255 255 0 0 0
    0 255 0 0 255 255 255 0 255 0 255 17 255 0 172 255 255 255 231 255 0
    188 0 255 213 209 0 255 0 255 255 0 0 255 255 0 0 0 255 255 255 255
    255 0 0 255 0 0 209 0 255 0 255 91 255 0 169 255 255 255 0 0 255 0 0
    0 187 0 0 0 255 255 0 101 0 255 0 65 0 253 255 255 255 0 0 255 255
    112 0 0 0 255 255 0 0 38 255 255 151 255 0 255 126 34 0 0 0 0 152 0
    0 255 63 174 48 144 255 75 51 255 0 0 101 255 255 255 0 0 0 0 255 0
    106 0 255 255 156 255 255 255 0 0 0 255 166 255 255 255 255 255 255
    0 0 39 255 255 255 0 255 255 255 255 0 0 0 116 255 0 0 0 255 255 255
    0 255 255 0 0 0 255 255 255 248 0 0 255 0 255 0 255 255 183 0 0 255
    255 0 173 0 255 255 0 0 170 255 0 255 0 255 0 255 255 0 193 0 255
    255 255 255 0 34 255 0 0 0 0 0 6 255 0 0 0 255 255 42 127 148 255 0
    83 0 255 0 244 48 232 175 53 0 71 137 255 0 255 255 209 0 0 0 0 36 0
    0 255 255 0 0 255 255 255 0 0 0 83 255 0 255 255 254 255 172 0 18 25
    0 0 255 255 0 204 255 9 0 32 191 0 0 0 255 255 255 0 0 35 0 0 63 172
    255 58 0 0 0 0 255 255 255 166 210 255 0 255 0 255 0 255 203 255 255
    245 0 255 38 0 223 255 255 255 255 0 0 255 0 255 0 0 229 0 255 255 0
    255 0 131 0 255 255 71 55 87 239 0 0 132 255 255 255 0 0 0 0 0 255
    255 255 251 255 255 255 182 255 255 0 0 74 255 255 255 0 0 217 255
    255 61 255 0 93 0 162 0 255 0 255 154 70 199 0 0 255 255 0 0 255 0 0
    205 20 255 0 0 0 96 255 255 0 0 0 0 255 0 0 0 0 255 255 61 255 150
    255 255 0 0 0 255 255 255 0 255 148 255 255 255 255 0 0 255 255 0
    255 52 255 0 255 255 218 0 0 255 0 255 255 255 225 255 255 0 125 15
    255 0 255 0 255 255 255 0 206 255 0 0 255 0 255 254 166 0 255 107
    255 0 255 0 255 186 0 0 0 0 255 175 0 255 0 255 0 0 255 0 255 0 0
    255 0 0 0 0 0 0 0 255 11 255 255 255 0 0 101 113 0 0 255 0 0 58 255
    255 255 0 255 0 255 0 0 0 0 255 255 255 0 141 0 0 52 255 231 193 255
    56 255 146 0 255 255 255 28 0 255 0 192 233 255 255 255 52 148 147
    244 255 255 255 0 0 0 255 255 255 255 0 255 214 0 255 0 255 0 137 0
    161 95 255 41 0 0 113 170 25 255 255 0 201 185 0 0 0 70 255 0 0 255
    0 0 0 182 255 255 93 254 0 0 255 0 24 255 255 255 0 0 0 255 0 193 0
    116 106 255 0 255 0 255 0 202 0 61 255 164 255 255 255 27 106 255
    255 255 0 159 142 0 0 237 255 255 255 0 0 0 107 255 255 255 187 209
    0 251 138 215 255 255 255 255 0 0 0 255 59 255 0 255 0 255 0 0 255
    179 97 0 0 227 242 0 255 121 0 0 0 0 255 255 0 255 255 255 255 255
    255 0 0 255 0 255 255 159 0 0 255 255 255 0 0 0 255 255 255 0 0 0
    255 255 0 0 0 0 0 255 0 0 0 255 255 255 0 0 0 255 207 0 26 0 255 0
    12 0 0 255 255 0 0 81 255 255 0 0 255 255 255 0 0 0 255 0 255 0 255
    255 255 0 255 0 127 0 228 255 255 143 17 0 255 255 0 0 255 0 255 0 0
    81 0 255 0 255 255 45 255 255 0 255 255 255 0 0 0 255 0 255 0 255 83
    255 0 255 0 0 255 0 103 0 0 0 255 156 0 0 255 255 255 0 0 179 18 0 0
    122 0 255 255 255 0 255 255 255 0 94 0 255 0 0 255 0 255 255 0 255 0
    120 0 131 0 255 255 255 0 255 255 217 0 0 213 255 255 0 255 255 0
    255 255 255 0 0 255 57 0 255 255 255 255 0 0 0 160 0 0 255 255 0 255
    255 255 255 0 0 133 0 255 255 0 0 0 255 0 255 0 255 0 0 0 255 0 0 0
    190 255 255 25 255 0 255 0 191 0 0 255 255 255 0 255 255 255 0 255 0
    0 255 255 255 0 255 0 11 255 0 255 190 0 255 0 255 164 15 255 255 0
    147 22 255 33 0 255 146 0 0 0 255 214 255 0 16 0 255 0 0 0 255 50
    255 255 255 255 0 0 161 255 255 0 0 255 7 255 255 0 0 0 255 255 0 0
    0 255 0 0 0 0 0 255 255 255 0 213 255 62 0 0 255 0 255 255 255 0 0 0
    224 255 255 0 0 255 0 255 0 221 255 255 255 220 38 0 56 255 0 0 0 98
    255 255 52 0 0 255 0 0 255 255 255 212 255 0 0 0 0 255 255 0 0 0 0 0
    38 255 255 0 0 133 0 255 255 255 0 0 0 0 255 255 0 207 255 255 255 0
    0 255 255 255 0 78 141 255 67 0 0 41 0 0 0 255 255 255 78 0 0 255
    255 0 0 61 96 138 0 255 233 129 0 0 0 0 255 255 255 0 0 157 255 255
    0 0 255 0 0 89 255 255 0 0 255 65 255 0 255 147 255 98 0 0 255 183
    255 255 0 255 0 255 0 255 255 255 0 0 184 0 98 0 60 0 255 255 0 255
    154 203 0 255 255 255 0 255 255 255 255 0 19 24 0 0 255 0 0 67 255 0
    0 18 255 0 255 0 0 0 255 255 0 255 255 100 121 89 255 0 0 12 0 255
    255 16 0 169 255 255 30 173 0 255 0 255 255 255 74 247 0 255 0 255
    159 242 3 255 0 0 255 255 239 0 255 255 0 0 255 45 0 0 71 92 255 57
    255 255 0 255 87 255 0 0 0 225 255 255 83 0 255 219 255 162 255 255
    255 0 61 0 153 177 0 0 0 0 0 0 0 255 255 255 255 0 0 227 255 0 255 0
    255 0 255 9 255 0 0 184 0 59 0 255 0 255 0 26 26 255 33 0 0 122 255
    179 0 255 255 255 0 0 0 166 255 156 103 255 5 255 0 151 255 0 0 0 0
    255 0 30 0 238 255 25 255 0 0 0 108 255 255 255 0 255 0 255 0 255 0
    255 255 255 0 66 0 0 255 255 170 0 0 0 119 255 255 0 255 0 46 255
    255 0 195 0 155 0 255 44 0 0 255 181 251 104 0 255 0 87 0 255 0 255
    0 0 255 0 255 68 255 255 0 255 0 255 0 255 255 0 173 0 202 137 255 0
    0 0 255 0 0 28 255 0 0 255 0 0 0 255 14 0 255 46 255 255 255 0 0 112
    0 255 0 255 255 255 0 12 255 255 0 0 0 73 222 0 255 255 255 128 0
    189 255 255 0 0 0 255 220 255 0 213 255 85 255 0 255 255 255 39 0
    255 255 255 0 0 255 255 255 255 0 0 255 194 255 0 0 0 86 0 50 255
    255 249 9 0 255 255 255 0 255 255 0 255 0 0 0 0 255 255 255 0 0 0 0
    255 255 0 255 0 255 34 0 0 210 0 255 255 255 0 0 255 0 255 159 255
    76 0 255 0 255 93 44 255 0 255 0 255 149 0 181 0 0 198 79 0 0 0 255
    255 0 0 0 0 10 0 255 0 255 0 255 0 0 186 255 0 255 0 207 0 255 255 0
    0 0 255 0 255 0 12 0 78 255 255 0 0 0 17 0 255 0 0 0 0 255 0 255 67
    0 0 42 0 255 145 206 255 169 0 0 255 255 255 90 0 158 0 0 0 0 255 0
    144 0 0 255 255 255 0 0 135 255 255 237 0 255 116 0 255 157 255 0
    248 0 126 255 255 255 0 255 118 255 255 0 255 0 64 0 0 0 255 0 0 255
    255 38 0 13 0 255 255 255 0 255 149 0 0 255 255 255 0 57 23 0 24 0
    168 0 128 255 255 0 225 0 255 0 255 255 255 0 0 0 0 255 255 0 0 0 0
    0 242 255 255 0 255 0 110 255 0 29 255 105 0 0 255 255 0 0 0 102 255
    0 0 255 194 255 0 255 0 255 107 78 0 255 255 255 0 0 0 255 226 249 0
    255 80 0 255 255 255 0 0 255 255 112 0 88 134 0 0 255 0 255 255 255
    255 0 0 255 255 0 247 0 255 161 255 171 0 255 255 255 0 255 0 0 96 0
    255 255 0 173 0 255 0 255 255 255 255 0 255 0 0 2 0 255 255 0 0 59 0
    255 255 255 0 0 255 255 169 255 144 0 0 0 0 255 255 255 0 255 0 189
    63 255 198 0 0 0 255 255 142 0 255 0 255 0 255 0 0 0 255 255 255 0
    255 255 255 0 0 255 255 255 255 0 255 0 255 246 255 255 244 255 0 0
    0 255 97 0 0 255 0 0 61 254 0 0 153 255 255 255 0 144 0 255 0 34 0 0
    0 0 0 255 0 255 0 0 255 117 0 0 255 0 255 255 0 0 1 75 255 175 255 0
    255 0 255 0 255 255 130 0 0 0 255 0 255 0 144 0 0 0 0 255 0 0 255
    226 255 255 62 0 0 231 0 255 255 255 255 0 0 0 255 0 255 252 255 0
    255 255 239 0 115 255 0 255 242 231 0 255 255 255 0 0 25 255 0 255 0
    0 0 0 255 225 111 0 33 0 254 0 55 0 0 67 255 255 0 255 23 0 0 255
    255 255 105 194 0 200 44 255 0 0 160 255 255 0 255 0 255 0 0 0 0 164
    0 255 255 139 0 255 255 95 255 0 255 255 255 189 0 203 130 255 0 153
    0 255 255 255 0 22 0 255 255 255 255 0 0 0 255 255 0 0 0 255 255 255
    0 0 255 255 65 255 255 255 0 255 255 0 0 0 255 255 56 255 0 0 0 255
    102 106 255 0 255 255 255 255 255 0 147 255 255 255 255 0 0 255 255
    249 107 0 255 0 255 255 255 255 0 141 212 255 255 177 0 255 0 255 0
    20 0 0 0 0 255 255 0 115 0 0 109 237 255 0 0 0 255 255 233 255 0 255
    0 255 91 255 0 89 255 255 0 255 0 255 0 0 255 0 0 153 255 114 255 0
    173 229 0 94 0 0 0 255 0 0 0 255 0 0 0 236 255 255 158 0 108 255 184
    240 52 255 255 255 0 255 255 255 0 0 255 0 255 0 0 0 0 255 20 0 0 44
    255 51 95 0 0 0 255 105 255 0 255 255 255 0 0 0 255 255 255 0 158 0
    0 0 255 0 0 242 255 255 255 255 255 0 255 255 255 15 110 0 255 0 255
    243 255 255 0 27 255 0 255 157 0 255 255 225 0 0 0 255 96 193 72 0
    255 0 0 255 255 255 0 255 0 255 0 0 77 255 0 0 255 255 255 0 255 255
    255 0 255 0 0 0 255 0 0 121 0 255 6 255 0 0 0 255 255 0 39 255 255
    255 255 229 0 0 255 0 33 255 0 255 255 255 143 0 255 94 255 0 255 0
    255 0 255 0 0 0 255 255 59 0 0 22 255 255 0 0 0 255 255 255 255 33
    51 137 0 255 49 0 195 246 255 125 83 0 255 0 255 0 130 0 0 255 255
    141 69 0 0 0 255 0 65 0 255 0 40 255 0 255 0 255 255 255 143 0 0 0
    255 204 0 0 180 0 0 143 255 150 0 0 86 255 0 47 255 185 255 255 255
    0 0 255 118 65 255 0 0 22 255 255 62 255 0 255 0 9 0 255 255 0 0 255
    199 0 0 255 128 255 0 255 0 255 0 178 34 255 0 0 255 255 146 255 0 0
    138 255 99 255 0 0 255 255 0 0 0 255 0 145 255 39 0 0 167 255 255
    255 0 255 0 255 0 127 6 255 6 255 0 200 0 255 0 255 255 0 239 52 255
    221 0 0 45 255 255 0 0 0 244 255 255 255 0 0 0 0 0 255 255 0 74 0 0
    0 255 46 255 255 255 0 0 0 255 0 0 0 15 255 79 255 6 0 231 245 255
    167 0 0 0 0 255 0 0 0 255 187 0 0 21 255 255 0 218 0 255 0 255 0 255
    0 255 147 255 0 0 0 255 255 255 26 193 116 0 255 115 255 255 255 0
    255 255 78 0 255 255 0 0 0 0 255 163 255 0 155 255 211 185 244 0 255
    232 255 0 63 255 61 255 0 255 255 255 255 163 255 180 255 0 0 255
    255 255 0 255 166 0 0 255 255 255 0 44 0 0 0 255 255 255 85 0 0 255
    184 0 255 255 255 183 201 127 0 255 207 255 205 0 255 0 255 255 255
    0 0 255 0 255 192 255 0 255 0 255 255 255 0 0 197 255 189 0 0 255
    117 72 255 0 230 0 255 111 237 21 106 0 0 0 0 0 0 255 255 255 255 0
    17 0 255 255 0 0 68 40 0 255 0 64 255 255 255 0 0 242 255 255 255 0
    168 255 255 0 0 0 255 255 255 255 255 0 0 0 22 255 255 255 0 255 0
    225 255 255 255 0 83 145 255 255 77 15 255 255 0 0 0 2 140 255 255
    255 255 222 0 196 255 255 0 0 0 192 137 0 137 81 33 255 0 0 0 0 0 0
    0 255 198 0 0 0 255 255 0 0 0 255 0 111 0 150 0 255 0 0 0 0 255 162
    0 0 0 255 0 0 0 255 255 0 150 0 255 0 255 0 0 0 255 70 0 255 255 0
    29 255 255 125 108 255 0 0 0 196 255 255 0 0 0 255 192 0 255 0 56
    255 19 255 0 255 255 0 0 0 255 0 255 69 255 255 26 255 0 0 0 255 20
    255 115 255 0 126 0 118 255 255 255 76 255 195 0 255 255 0 255 0 255
    244 0 90 255 255 227 0 0 255 255 0 0 0 255 0 255 0 15 168 221 0 177
    206 255 255 236 110 255 255 0 0 0 187 255 0 0 40 255 0 255 0 255 0
    255 0 202 0 0 255 0 255 0 0 0 0 255 106 0 0 0 255 200 255 0 0 0 0
    255 255 0 0 255 255 20 159 255 255 123 255 255 0 0 0 0 255 255 255 0
    0 0 0 255 255 255 0 155 0 0 104 255 0 255 1 230 255 0 255 255 18 255
    255 0 0 0 255 0 255 255 255 0 86 0 38 0 255 0 255 255 255 249 0 255
    255 255 0 255 0 100 38 111 255 255 117 0 0 255 255 255 255 0 0 0 243
    255 255 0 58 0 0 0 208 255 60 255 0 137 0 255 0 0 4 255 0 86 0 0 0
    255 237 0 0 90 255 255 0 209 255 158 255 0 255 141 0 0 0 0 255 0 0 0
    255 255 255 0 255 0 255 0 255 255 255 29 180 255 255 31 0 255 0 255
    255 0 255 255 255 0 0 255 255 255 196 255 0 18 255 255 242 0 35 132
    255 0 0 235 0 255 0 255 0 0 197 255 255 53 255 0 0 255 255 255 0 0
    79 87 58 255 255 255 0 255 158 253 0 0 48 255 255 255 255 0 230 0
    255 0 0 0 0 255 23 0 255 0 255 107 149 255 255 255 103 255 0 255 39
    255 255 0 255 255 255 19 255 0 111 0 0 0 0 255 255 255 0 0 255 0 255
    0 255 0 0 120 220 255 255 255 255 255 255 0 0 255 255 0 255 255 255
    255 0 255 0 0 255 85 255 255 0 0 255 0 255 0 255 0 7 0 255 215 4 255
    0 0 135 255 0 255 255 0 0 0 255 255 255 255 255 40 0 0 148 0 255 255
    129 0 121 237 0 68 194 255 0 0 0 255 255 0 255 255 72 0 0 255 255
    255 121 79 0 0 0 0 255 54 0 255 0 255 125 255 243 0 0 201 0 255 0
    255 0 255 0 255 0 39 255 160 0 0 255 255 255 0 0 0 8 0 255 0 255 14
    255 0 255 0 255 46 0 0 88 146 181 255 0 0 6 0 255 255 255 255 0 0
    255 9 255 0 0 255 255 255 0 0 255 110 245 255 0 0 0 255 255 255 0 0
    189 255 72 0 255 255 0 255 0 255 255 234 0 0 255 35 255 0 0 0 0 0
    255 255 0 0 0 255 255 255 0 0 255 161 240 255 255 0 110 0 255 0 238
    255 144 255 103 255 0 0 255 0 255 255 22 121 255 203 0 177 28 0 255
    26 255 255 255 134 0 0 251 62 255 255 0 255 0 255 255 255 153 255
    225 0 0 0 255 54 227 255 0 0 255 255 0 255 0 255 0 255 0 0 255 255 0
    0 0 255 203 255 4 255 0 255 0 0 0 0 0 255 0 0 56 255 153 255 0 255 0
    0 255 239 0 151 0 255 9 255 0 223 0 255 255 149 0 0 0 255 0 0 17 255
    0 162 0 255 0 255 0 255 255 255 0 0 0 255 255 177 255 121 0 255 0 0
    245 255 255 255 255 0 255 255 255 255 23 0 0 0 255 0 255 0 226 0 255
    255 99 0 199 255 65 0 255 131 255 0 255 0 255 0 0 255 189 255 0 0 0
    0 255 255 49 255 152 255 255 0 255 255 47 255 98 123 255 0 255 255
    255 0 0 127 0 0 0 111 192 225 255 255 255 0 0 255 255 255 0 0 0 255
    0 255 0 221 231 0 87 0 54 255 255 0 0 0 0 0 255 0 0 0 255 255 255 0
    0 0 213 255 255 255 0 60 0 255 255 0 0 0 255 255 150 255 0 20 255 0
    255 0 255 0 255 192 255 79 255 255 0 245 0 255 0 255 0 255 255 255
    255 139 255 0 255 255 0 0 255 0 255 0 0 0 0 255 0 0 255 0 255 99 175
    0 255 0 255 155 0 66 255 255 0 61 255 0 255 0 255 0 255 255 0 0 6
    255 255 0 255 255 122 0 0 255 0 0 255 255 0 159 0 32 0 210 0 0 255
    175 0 122 0 255 0 0 255 159 255 0 0 93 141 255 0 255 255 255 255 0
    255 201 171 0 0 0 255 255 0 255 0 255 0 0 0 255 0 128 0 0 255 255
    255 0 255 255 255 0 0 220 0 255 255 0 255 255 255 0 0 0 255 114 0
    144 255 255 0 225 255 225 255 255 0 0 255 255 0 255 0 255 155 0 0
    255 255 172 0 0 0 255 140 0 255 0 255 19 234 0 255 140 0 255 174 0 0
    0 255 0 255 0 255 0 255 255 255 84 255 251 255 0 255 0 248 51 255
    255 0 0 0 255 255 255 0 0 0 255 255 64 201 0 255 0 0 255 255 0 0 36
    255 255 255 255 0 255 0 255 171 0 157 0 255 255 255 0 0 0 0 168 0
    255 0 0 0 0 255 0 255 0 255 0 255 255 0 255 0 87 0 255 0 246 255 0 0
    0 255 201 255 41 0 0 255 0 255 255 255 255 255 0 0 0 0 255 91 0 255
    106 255 255 204 0 0 0 255 0 252 255 0 0 0 33 0 166 0 255 255 244 0 0
    0 255 0 255 0 0 255 255 0 0 255 255 0 0 209 201 0 255 0 0 255 255
    255 0 255 255 0 146 0 255 73 255 255 0 0 255 255 255 0 0 0 180 0 0
    255 132 193 100 253 255 0 16 255 212 199 255 173 168 38 164 128 0
    255 0 255 255 255 255 180 0 0 0 255 9 0 0 187 255 255 57 255 149 255
    0 201 0 255 0 255 60 255 0 0 0 0 255 255 255 255 0 0 255 0 255 0 0
    255 0 255 0 4 0 118 255 255 255 0 255 106 255 255 0 0 149 255 255 0
    0 255 0 116 0 255 0 255 255 255 0 255 0 255 255 255 0 255 0 255 0
    203 255 255 0 0 27 0 89 0 0 255 255 56 0 252 255 255 0 0 194 255 255
    0 255 255 0 0 255 255 0 0 0 255 255 255 0 0 0 255 255 0 0 141 0 255
    255 0 0 255 0 255 255 101 255 0 137 0 0 85 255 180 255 255 255 217 0
    255 0 255 203 255 0 52 0 233 255 255 0 0 0 125 255 16 255 0 0 0 0
    255 137 0 0 0 0 255 80 0 0 255 255 0 255 104 255 0 0 71 255 255 0 0
    255 255 255 0 208 0 255 0 255 0 255 44 255 0 0 255 0 255 255 0 0 0
    156 144 188 255 255 255 255 0 0 255 0 255 0 233 255 255 0 255 46 255
    0 194 255 111 64 187 0 255 255 0 254 0 0 98 255 167 181 255 0 255 0
    63 255 118 255 0 0 0 255 255 255 0 255 0 255 0 212 255 255 133 0 0 0
    0 255 255 0 255 255 255 0 186 0 255 255 0 0 102 255 72 0 207 255 40
    0 0 255 0 183 0 255 104 9 0 255 255 255 255 0 35 0 255 0 0 0 255 175
    0 0 255 255 255 255 26 0 0 0 0 255 255 155 255 163 225 102 255 0 255
    213 207 255 0 255 0 255 0 255 0 255 0 0 0 255 255 255 169 0 0 237
    255 255 0 0 0 211 0 255 255 255 0 0 0 255 0 0 0 60 255 255 0 0 137 0
    255 255 255 163 0 0 0 255 51 255 216 255 0 255 230 0 255 255 255 255
    255 0 255 0 255 255 255 0 138 255 147 255 0 0 255 255 255 0 0 116 0
    255 255 255 0 158 0 255 0 0 255 255 0 0 70 255 255 189 70 0 0 0 255
    255 255 255 255 0 252 0 255 192 219 255 0 251 255 0 255 255 159 0 0
    255 0 0 255 0 255 0 255 0 255 0 0 0 255 255 255 0 255 255 0 0 0 240
    178 255 0 255 255 68 12 0 67 255 0 255 9 4 0 0 0 0 255 255 255 167 0
    255 0 0 0 255 0 0 0 255 255 255 0 0 0 255 0 242 19 255 156 255 255
    255 30 0 255 18 255 0 255 0 255 255 0 0 0 255 81 255 202 255 0 0 255
    255 255 249 255 0 231 0 255 255 209 255 0 0 255 0 0 0 112 255 0 255
    0 0 0 255 255 170 114 0 255 255 129 0 122 0 255 15 226 0 255 255 255
    0 0 255 0 255 0 255 0 255 99 0 0 0 255 255 255 0 201 118 0 255 0 255
    0 255 0 235 255 255 255 0 0 0 0 227 0 255 0 255 255 203 255 0 201 0
    255 33 255 0 0 0 231 0 255 0 255 119 0 184 0 255 0 255 149 255 0 0 0
    255 255 255 0 0 0 0 255 255 176 0 255 0 255 255 0 0 0 91 255 255 64
    0 0 137 255 255 0 164 255 255 224 255 255 0 0 0 56 0 255 61 0 241
    114 255 0 255 255 255 36 255 0 0 0 255 255 0 45 34 255 244 0 0 0 255
    255 255 255 0 0 255 173 255 0 0 0 219 0 255 251 212 0 0 0 12 255 255
    58 0 0 47 0 255 255 0 255 0 255 4 255 0 17 255 0 66 0 57 0 0 166 0 0
    0 255 255 255 0 212 245 255 88 0 168 0 0 0 0 255 255 255 255 255 0 0
    7 255 255 111 255 0 199 255 255 0 0 0 255 255 13 7 0 250 0 147 87
    255 255 0 0 239 47 0 255 255 255 32 0 0 0 100 255 0 0 0 255 255 255
    0 0 0 0 0 255 0 255 255 255 255 0 255 20 255 255 0 0 0 255 255 50 0
    255 250 0 0 0 255 97 255 255 255 0 0 159 0 255 0 170 0 0 255 230 0
    179 255 0 170 0 255 244 202 255 0 0 0 0 0 255 117 255 255 19 61 0 0
    0 159 255 0 91 0 255 0 0 72 255 255 255 255 255 255 255 255 172 0
    255 118 0 255 0 255 0 166 0 0 118 255 255 255 0 255 0 0 5 255 255
    195 0 255 0 255 255 255 235 0 255 141 0 0 98 104 0 255 0 255 255 0 0
    0 255 0 255 255 255 255 0 0 0 255 0 0 0 255 255 0 255 255 0 0 255 0
    255 0 255 98 2 0 112 255 0 199 255 255 255 255 0 0 255 255 255 93 0
    0 0 255 255 255 141 88 255 255 255 0 24 0 255 255 0 0 0 0 255 0 245
    103 195 0 0 0 255 255 255 130 17 0 255 255 255 93 143 0 0 255 255
    255 255 255 0 255 0 0 0 255 255 28 0 0 0 255 0 31 255 0 255 255 35 0
    0 255 255 255 168 0 0 0 58 10 0 0 0 255 148 134 0 255 0 0 255 255
    255 0 0 173 183 255 45 255 127 70 0 255 0 0 255 255 131 0 0 73 255
    255 255 255 0 0 255 255 255 91 222 0 255 255 255 147 0 0 255 255 255
    255 0 0 85 0 0 0 255 4 0 97 0 100 0 79 255 0 255 0 255 0 255 0 255
    255 5 0 0 0 255 87 0 0 108 210 255 0 9 255 255 0 0 255 0 255 255 0 0
    0 212 127 0 158 255 0 255 0 255 162 0 76 170 0 0 160 255 0 0 0 0 255
    255 0 0 0 255 255 255 0 27 159 255 0 0 0 0 0 255 255 113 247 116 0
    255 0 0 4 255 34 22 0 255 116 0 255 255 255 0 255 0 255 0 38 0 255 0
    0 253 68 0 255 162 235 255 0 255 82 0 255 255 255 0 255 0 56 0 0 255
    255 255 255 255 0 17 113 254 255 255 162 166 161 255 255 0 255 0 0 0
    172 255 46 255 55 32 0 255 107 0 0 0 255 0 255 0 70 0 0 221 246 0
    255 0 255 0 0 0 167 0 10 0 255 0 255 0 131 180 255 255 69 0 14 0 0
    174 0 255 0 255 0 0 255 255 0 255 255 255 0 255 0 0 0 0 255 0 255 0
    255 174 167 216 0 255 0 255 0 255 23 0 30 15 255 0 0 0 211 0 255 0
    100 0 196 0 255 133 255 255 255 255 0 0 0 234 0 255 255 255 0 105
    255 255 0 105 0 0 47 0 0 0 0 255 255 255 255 255 152 0 0 116 191 0
    255 255 255 0 200 0 0 139 255 255 0 0 201 0 84 196 255 0 255 0 255
    255 255 0 0 0 255 255 255 0 49 0 0 0 255 255 18 229 107 0 0 0 8 255
    255 0 0 143 255 220 255 0 143 0 255 255 0 0 0 255 255 0 0 255 255
    255 0 255 0 167 255 0 0 0 255 255 255 36 0 0 0 255 0 255 255 188 0 0
    255 255 255 0 0 75 69 255 90 0 0 0 255 0 0 255 145 14 5 255 255 255
    255 0 0 255 0 255 255 255 0 255 220 255 0 0 35 255 193 255 0 216 0 0
    255 0 255 0 255 0 255 255 255 163 0 0 255 255 0 0 0 255 198 255 0 0
    142 255 255 79 42 0 70 255 0 79 0 255 0 0 255 0 183 255 255 0 255 0
    171 0 0 255 255 255 0 255 0 0 255 0 0 0 255 0 255 255 255 0 0 255 0
    230 255 255 0 0 188 255 255 0 0 164 255 255 109 0 0 0 0 255 255 0 0
    0 0 114 255 100 20 0 169 255 255 255 0 255 112 255 223 139 0 0 99 0
    255 0 16 0 255 255 255 0 0 0 255 255 0 0 0 255 0 0 0 255 220 0 0 255
    164 0 0 0 255 251 255 0 255 0 120 0 0 0 104 255 255 0 0 255 0 255 0
    255 0 0 255 255 255 37 255 255 255 255 0 0 255 91 255 0 25 255 0 235
    0 255 223 0 0 0 255 255 255 0 0 0 255 0 255 29 255 0 0 132 0 0 121
    255 0 0 91 255 6 0 0 0 255 255 125 0 255 0 255 255 255 255 255 132
    255 0 255 78 214 43 255 255 150 72 0 0 0 255 0 255 0 255 0 255 0 0 0
    255 255 0 0 0 181 255 0 68 0 0 255 255 255 0 0 238 0 195 0 255 193
    255 255 255 0 255 0 0 0 255 255 82 255 67 0 255 255 255 65 0 0 125
    226 34 255 255 255 36 255 255 0 0 0 255 0 255 0 94 0 255 255 255 0 0
    87 255 255 0 255 98 255 0 38 0 255 255 0 105 162 255 255 255 0 0 0
    255 208 0 0 178 255 0 0 0 0 255 255 255 0 13 0 129 0 255 255 255 255
    0 138 0 255 255 255 173 0 0 255 0 255 0 255 3 255 0 0 0 255 255 255
    241 0 172 0 59 43 22 0 0 255 50 255 0 0 255 255 65 255 0 255 0 107 0
    173 0 255 255 255 79 163 255 255 0 255 0 180 0 255 255 0 255 0 0 0
    255 255 0 0 0 0 0 0 0 255 255 255 249 255 0 0 255 0 255 16 0 0 129
    255 255 163 249 189 121 0 255 0 0 0 255 0 255 255 255 255 93 0 0 0 0
    255 255 0 255 255 183 255 121 255 255 0 41 100 255 41 255 255 0 0 0
    0 148 255 255 255 0 0 22 0 0 0 255 255 0 255 255 0 0 253 255 153 0 0
    0 0 255 255 0 0 255 255 255 143 255 255 0 0 0 213 255 220 0 0 255 0
    237 0 255 0 255 0 255 231 255 255 255 255 0 0 255 255 255 0 0 101
    195 186 93 216 33 0 255 0 0 0 0 255 255 255 0 255 217 255 255 0 43 0
    0 223 55 0 0 12 65 255 0 255 0 255 0 0 0 188 255 255 0 88 0 92 31
    255 255 255 0 0 0 255 255 0 0 0 255 255 255 0 255 0 255 255 255 0
    255 255 108 0 0 255 0 255 0 255 0 135 0 0 255 255 255 255 255 0 255
    0 255 0 255 255 161 205 107 0 255 255 255 0 0 143 0 255 255 0 255
    236 101 0 255 255 255 255 0 0 255 255 255 140 255 170 0 0 57 0 255 0
    159 255 255 255 0 0 0 255 0 255 255 0 255 211 0 255 0 0 41 255 255
    187 0 0 0 0 255 255 0 0 255 255 0 255 0 0 255 255 255 153 0 220 255
    243 131 255 0 0 0 0 255 82 0 255 176 255 0 255 0 255 0 255 0 0 0 255
    255 255 255 22 255 0 0 255 179 0 0 0 0 109 255 255 193 0 0 255 32
    255 0 255 0 0 184 255 255 255 25 255 0 255 0 121 255 67 0 255 255
    255 255 0 205 0 222 255 0 0 70 234 255 0 0 255 255 107 0 255 0 0 255
    255 0 0 255 255 67 0 255 255 255 0 229 0 255 194 0 0 204 255 0 0 255
    255 255 0 172 0 0 255 255 0 0 0 255 0 255 0 0 0 255 78 85 255 0 255
    255 255 0 250 0 255 0 255 0 82 173 149 0 188 255 0 0 255 255 0 0 255
    255 0 255 0 255 255 255 0 0 0 255 50 0 0 0 158 106 255 255 255 255 0
    255 255 255 0 90 0 0 255 255 255 10 0 0 255 180 255 0 255 255 255 0
    255 255 235 255 0 0 0 255 255 255 21 236 255 0 203 255 0 0 0 255 255
    255 0 0 0 206 26 52 255 139 0 0 255 0 255 0 255 0 201 0 0 0 0 255 0
    255 76 255 229 210 255 0 0 0 255 255 255 0 0 255 255 255 12 0 255 0
    0 0 255 255 0 0 255 207 0 255 0 0 0 255 0 168 0 255 82 255 255 0 190
    255 236 0 0 255 0 255 0 255 0 255 255 0 0 0 255 0 255 0 0 0 0 128
    206 0 255 0 255 211 0 0 0 0 255 0 255 255 255 255 177 255 0 0 136
    255 101 0 255 0 255 0 255 0 255 0 0 0 0 255 255 145 0 255 255 255 0
    0 0 255 58 255 0 226 152 89 16 255 0 255 0 187 0 255 0 0 45 255 28 5
    24 139 255 255 0 36 99 255 220 0 0 245 0 205 0 0 0 255 255 0 0 0 255
    53 255 0 0 255 22 170 0 0 226 255 91 0 0 255 0 255 255 96 0 89 236 0
    158 255 255 255 54 0 0 255 0 255 0 255 255 0 0 255 255 0 0 0 255 255
    255 255 255 255 107 93 0 0 87 255 255 0 0 255 0 255 0 255 0 215 36 0
    255 255 77 125 0 1 255 255 0 0 106 255 255 186 160 255 255 255 255 0
    255 0 255 0 0 0 0 255 255 185 0 0 255 255 255 255 31 255 45 0 255 0
    0 0 255 255 255 255 0 0 0 0 172 0 0 171 0 133 0 255 0 255 230 255
    122 255 0 195 0 0 255 0 0 255 255 219 158 255 144 255 0 255 170 0
    221 255 0 0 125 255 0 0 0 255 255 255 0 0 0 255 0 255 255 255 0 0
    180 255 43 0 255 255 255 0 137 19 255 0 239 255 255 255 0 173 255 36
    255 0 255 0 255 0 255 0 0 0 255 0 0 0 0 255 255 255 0 101 0 255 0 0
    0 255 195 255 57 255 147 0 230 44 148 0 255 255 0 0 255 255 255 255
    255 255 49 0 255 237 255 0 168 0 255 255 0 0 0 255 255 255 45 0 255
    0 255 0 255 0 255 0 255 0 0 126 0 255 0 255 0 255 0 255 0 255 0 203
    2 255 0 0 215 0 71 84 255 35 217 0 196 255 0 255 0 0 0 255 0 255 0
    247 0 0 0 114 255 0 0 255 0 255 255 164 0 234 255 255 0 0 0 255 187
    255 117 255 0 255 0 255 255 255 0 0 0 122 255 30 246 0 0 185 255 0
    255 255 0 0 0 255 255 0 0 255 145 255 151 255 0 255 90 190 0 255 0 0
    0 255 150 0 0 255 212 255 255 255 0 255 0 255 0 255 255 234 108 255
    0 255 0 255 255 255 255 255 0 0 247 0 255 0 255 255 255 0 0 255 75 0
    9 0 255 57 0 0 72 38 255 0 0 0 0 230 255 255 0 0 0 0 255 162 255 0
    255 0 255 0 255 0 255 192 0 34 246 255 249 0 0 0 255 0 0 255 255 0 0
    255 255 0 255 0 255 0 63 97 255 0 255 0 0 0 255 139 255 0 255 0 0
    255 0 138 255 255 255 0 0 0 255 255 0 255 255 255 0 0 0 0 91 255 255
    0 0 255 255 111 255 255 0 0 255 237 255 0 92 125 255 0 255 0 10 0
    255 0 255 40 196 0 0 0 0 255 255 255 255 0 0 0 230 255 245 255 0 255
    0 255 0 8 255 255 0 0 0 255 61 255 255 0 0 0 255 125 255 0 0 255 108
    255 255 122 13 255 230 0 255 50 255 157 255 255 0 0 0 255 255 215 0
    0 255 255 255 0 0 0 255 255 255 0 0 255 255 0 41 180 67 255 214 255
    0 113 0 255 0 0 67 0 0 99 255 255 35 0 255 0 186 0 0 0 255 255 0 0 0
    155 255 255 255 0 0 0 255 255 191 255 255 255 255 0 0 0 255 0 0 255
    255 91 78 0 0 0 255 33 36 0 0 255 255 0 2 0 0 242 108 255 0 0 255
    255 255 53 0 0 0 255 255 91 255 0 255 255 230 0 255 144 0 255 226
    141 255 0 255 31 255 0 216 255 0 0 0 252 255 255 255 0 255 255 123
    43 0 0 5 255 0 0 0 192 0 235 255 255 231 255 142 0 0 0 140 57 255
    255 0 222 0 255 255 255 0 0 11 0 255 0 0 196 11 255 255 255 255 0
    255 0 255 233 154 0 0 255 255 0 255 154 255 0 67 255 111 96 0 0 255
    0 255 0 0 0 20 217 48 255 0 0 0 255 30 255 154 0 255 0 150 255 255 0
    133 0 255 255 0 0 0 255 255 255 0 254 0 255 255 255 255 255 0 251 0
    0 255 255 255 0 0 0 235 255 255 255 0 0 245 255 0 190 255 0 214 101
    255 0 0 0 156 255 255 0 0 248 255 0 255 255 0 0 2 160 255 0 0 255
    255 0 0 0 111 34 202 255 255 0 199 0 255 0 255 0 255 158 255 0 0 255
    255 255 0 255 255 164 73 254 255 0 232 0 0 255 0 8 255 0 0 94 0 41
    255 0 254 184 0 255 0 255 0 255 0 0 255 255 158 255 174 255 255 0
    255 0 255 105 0 0 255 255 221 0 255 255 255 255 0 255 255 0 255 255
    0 0 0 0 255 0 0 255 0 0 0 0 51 255 255 255 0 255 255 0 255 255 255 0
    0 0 0 255 83 255 255 0 0 52 255 0 255 0 255 255 0 0 0 186 0 255 0
    255 0 255 0 6 0 255 99 180 0 255 139 255 0 255 255 68 255 255 255
    255 255 0 184 0 255 155 0 255 0 0 0 255 255 103 0 255 255 0 0 0 255
    0 33 0 255 13 255 0 255 0 255 255 0 0 0 207 255 255 0 255 255 0 255
    255 255 0 255 0 159 0 98 236 255 0 182 0 255 255 255 0 115 255 0 255
    135 255 0 0 255 255 255 248 0 0 255 255 191 0 194 0 22 255 255 23 0
    0 0 255 0 255 0 131 104 255 183 255 255 2 0 255 0 87 0 0 48 0 209 0
    255 0 255 255 255 0 77 0 255 0 255 0 255 124 0 0 0 255 255 0 47 0
    255 255 0 255 0 202 0 255 0 255 23 255 255 237 255 255 0 209 0 255
    176 0 251 255 255 0 42 0 0 0 255 0 255 255 255 0 0 255 255 255 255
    99 91 0 5 255 255 83 0 231 50 255 255 255 0 255 0 255 0 0 255 0 255
    255 255 89 0 0 123 255 0 255 0 125 0 90 255 17 87 245 71 107 255 0
    255 0 0 68 195 255 255 255 0 0 0 164 0 0 0 255 255 255 255 0 0 0 0
    76 255 255 0 49 255 255 255 255 35 255 0 61 0 255 140 255 0 255 255
    0 0 0 0 0 21 0 255 255 0 202 0 255 255 255 230 0 255 255 255 77 0
    255 0 134 0 255 255 255 0 0 255 0 203 54 61 0 255 255 138 192 0 25
    255 0 255 0 240 0 255 255 0 255 109 255 255 0 0 0 0 255 255 255 210
    255 176 67 0 255 0 0 255 201 0 255 0 255 255 0 0 181 234 184 0 255 0
    182 134 0 255 255 0 0 0 0 255 0 255 254 0 0 0 185 255 93 0 0 0 255
    255 0 255 0 255 255 255 255 255 255 0 0 0 0 0 0 255 92 255 73 160
    118 0 0 106 255 255 0 0 255 0 0 120 255 255 255 0 0 169 255 255 0 87
    0 130 255 255 132 255 234 0 89 172 255 0 170 0 255 255 255 255 0 255
    0 255 0 188 8 255 255 0 0 0 255 0 0 255 255 255 0 0 0 0 255 255 156
    85 0 255 255 255 0 255 0 255 0 0 0 0 131 255 255 0 0 255 255 255 0
    226 0 255 0 248 0 255 255 255 0 255 255 0 0 255 0 255 0 0 0 255 252
    255 0 0 255 17 0 255 0 139 0 105 255 25 0 0 0 168 255 255 255 30 255
    0 0 255 255 255 255 255 0 255 0 0 255 0 0 0 255 255 255 234 0 0 255
    255 255 0 0 0 0 0 255 255 0 0 0 255 255 0 0 0 0 0 255 255 0 0 0 229
    0 0 255 0 0 0 255 0 255 0 9 215 255 255 27 0 0 173 0 221 255 255 255
    255 0 0 184 0 0 27 255 255 0 0 0 241 176 255 0 45 255 0 255 0 255 0
    60 0 232 213 0 0 255 255 255 255 0 255 0 0 255 0 0 255 255 255 255
    170 6 0 255 255 0 12 255 255 255 0 0 255 255 255 0 255 52 255 0 255
    0 158 132 255 255 255 0 0 0 0 204 255 104 255 0 255 0 0 255 255 255
    255 0 255 0 0 255 0 0 0 0 80 243 255 255 179 0 0 79 149 0 255 120
    255 255 0 255 0 0 0 0 255 146 192 0 255 35 255 203 255 0 0 255 255 0
    0 0 0 0 255 255 255 255 93 255 255 0 0 40 119 255 0 255 0 0 23 8 226
    255 170 255 255 0 255 255 255 0 0 255 255 255 0 0 255 255 255 255 0
    255 0 197 0 255 130 0 83 4 14 127 0 219 255 255 0 0 0 255 255 0 255
    0 255 244 255 255 0 82 115 146 43 0 255 63 255 0 126 255 255 255 0 0
    255 0 255 0 255 0 0 0 0 255 0 255 60 255 0 97 0 19 0 255 0 128 0 255
    125 255 242 0 255 0 0 255 0 0 83 202 255 255 0 0 0 255 255 255 27 0
    255 255 255 255 185 0 224 0 0 225 255 0 0 0 255 255 255 255 0 255
    132 255 0 255 0 255 0 255 255 56 0 255 255 0 0 147 0 255 186 255 255
    0 255 255 0 0 0 255 255 26 0 0 255 255 255 0 207 255 255 255 0 0 0
    255 0 0 181 255 210 255 0 255 0 167 0 255 255 255 0 0 0 0 143 0 255
    255 0 0 0 255 0 0 60 255 255 106 255 255 255 0 0 255 255 241 255 239
    0 86 0 0 255 0 0 0 255 219 0 255 34 255 0 255 255 118 112 150 0 0 0
    255 255 255 0 0 0 0 255 255 238 0 0 255 255 255 255 255 255 0 255 0
    255 4 255 124 0 255 49 255 0 32 15 255 26 0 255 186 42 187 0 255 0
    86 0 255 0 76 0 255 255 255 255 255 0 0 194 255 78 0 255 156 255 0
    255 255 0 0 0 0 0 255 117 0 255 56 255 255 255 253 0 0 0 255 0 255 0
    0 255 255 255 0 0 0 0 0 255 255 0 255 0 194 255 0 255 234 255 0 0 0
    173 255 55 0 255 0 255 0 0 255 247 255 255 217 0 255 0 0 255 255 44
    0 0 163 19 255 0 0 255 0 255 0 151 129 242 255 255 0 51 208 255 0 0
    0 255 0 0 15 0 255 0 247 0 0 0 0 255 255 0 255 255 255 0 255 0 0 255
    0 255 0 0 0 255 255 255 255 255 255 255 0 96 255 255 0 0 61 255 255
    0 0 0 255 0 0 148 255 151 0 255 0 255 0 255 0 255 0 0 0 5 202 255 0
    0 0 255 0 255 255 10 0 255 255 0 255 252 255 0 255 0 0 0 255 255 255
    0 0 228 255 70 255 0 0 255 0 255 244 0 255 255 0 0 255 255 255 0 0 0
    255 255 0 0 0 42 255 0 0 0 0 198 255 255 255 29 255 0 0 0 199 65 130
    255 255 0 0 255 0 255 255 255 47 0 255 255 255 0 255 255 149 0 255 0
    0 0 0 0 0 255 255 195 0 0 0 0 0 0 0 255 252 0 0 179 255 255 0 0 255
    0 93 0 255 0 0 0 255 255 255 0 235 0 169 255 255 255 0 255 255 255 0
    212 255 255 255 0 0 255 255 0 255 0 96 0 235 229 255 67 0 255 255 0
    54 0 118 0 255 255 255 255 0 75 255 255 255 0 99 0 255 91 255 255
    255 17 0 78 0 255 255 255 0 0 0 0 255 250 255 255 0 255 0 255 0 255
    255 0 0 0 255 255 255 0 237 5 0 255 103 57 0 255 207 30 0 0 255 0
    255 0 0 255 255 255 0 0 22 255 0 0 0 99 0 255 116 255 0 255 0 255
    255 255 0 203 0 0 109 218 6 255 0 140 0 121 255 255 255 0 255 0 255
    0 158 94 0 0 255 255 255 0 255 255 215 0 0 209 0 0 0 255 0 255 255
    255 0 255 0 0 0 0 141 0 255 208 0 255 80 0 0 255 255 255 0 0 0 255
    255 255 66 0 255 8 0 0 255 255 255 255 0 255 255 0 0 122 226 255 164
    144 174 0 0 0 255 38 255 0 0 111 255 255 255 0 0 50 255 255 0 0 0
    255 0 0 80 255 40 185 255 0 255 0 69 0 255 0 0 0 0 110 255 133 255 0
    0 0 255 255 255 255 0 0 0 255 0 255 255 255 83 189 0 0 255 255 93
    255 0 160 0 0 255 0 0 157 255 0 0 253 255 78 255 79 0 0 0 0 255 0
    255 0 0 255 92 255 0 0 0 255 245 255 0 0 0 28 255 255 197 0 0 255
    255 0 0 0 0 161 25 0 0 255 255 0 0 255 0 80 0 0 0 202 0 255 0 255
    255 255 0 255 0 0 168 0 255 0 255 255 255 255 234 0 114 255 255 0
    106 0 0 228 202 255 255 37 255 0 0 255 0 0 0 255 255 255 0 124 156 0
    0 0 255 244 255 0 8 255 22 160 255 255 255 255 255 255 0 0 0 255 255
    0 0 255 0 255 255 255 0 255 0 255 98 255 0 255 255 255 242 0 0 0 255
    0 255 241 255 150 255 0 253 0 255 255 255 147 255 0 102 0 255 0 255
    255 0 71 6 90 0 67 255 255 0 255 0 255 0 73 0 0 54 225 53 255 64 0 0
    255 255 241 0 255 0 255 0 255 255 255 255 242 0 0 22 0 255 0 255 0
    255 255 0 255 167 0 0 255 27 1 255 139 255 255 0 0 0 0 255 0 100 249
    255 255 255 255 255 255 0 255 0 255 227 237 255 255 0 255 255 255 0
    255 7 255 38 255 255 0 0 0 0 0 0 255 0 255 255 0 255 0 120 255 0 255
    0 251 255 54 0 0 255 0 213 255 0 255 133 0 0 255 0 255 0 255 0 255
    255 0 0 255 255 255 27 0 0 0 255 0 255 255 0 0 157 255 106 0 255 0
    97 0 28 255 255 7 0 0 0 206 0 0 255 255 255 0 255 0 0 255 156 255 0
    255 0 0 184 255 130 173 255 255 95 0 255 255 185 70 0 255 213 255 0
    219 0 176 255 202 146 0 0 0 255 0 255 115 0 0 0 255 0 255 255 186 59
    158 0 0 255 0 255 255 255 145 255 0 203 10 255 0 189 0 0 255 255 255
    0 0 255 255 0 0 80 0 195 255 255 255 255 255 0 0 0 0 126 255 255 90
    255 0 0 0 255 60 0 255 0 0 144 0 255 0 255 252 239 0 0 3 94 5 78 0 0
    0 138 255 255 255 0 0 143 255 0 0 0 255 255 255 255 0 0 0 0 0 255 0
    4 64 0 255 255 162 255 0 41 255 0 0 0 255 140 0 0 140 255 0 0 0 0 65
    0 255 255 210 53 237 61 0 195 255 0 255 255 255 255 0 0 97 154 255 0
    255 255 0 0 255 255 255 0 255 0 255 0 255 255 0 242 0 101 48 0 255
    51 0 135 74 255 255 0 255 0 255 255 21 0 90 29 0 0 0 255 0 0 255 255
    0 0 31 119 0 0 255 0 255 0 66 0 255 255 0 149 0 255 165 77 0 0 255
    255 192 0 0 0 255 0 255 0 44 255 110 0 0 255 255 0 0 0 191 253 255
    255 255 42 0 0 0 198 0 0 4 159 255 255 255 0 255 146 255 0 0 0 0 0
    255 0 255 255 255 255 0 0 0 255 172 255 0 255 255 255 0 0 0 236 45
    255 255 255 255 0 0 0 255 122 0 255 255 0 247 0 0 169 255 168 255 0
    0 0 255 0 0 255 255 0 255 255 255 210 6 0 102 54 255 0 255 0 255 0
    255 255 255 0 255 0 0 236 255 47 0 0 255 255 0 0 23 255 0 0 70 255 0
    255 0 83 255 0 255 0 255 0 255 255 0 0 255 0 255 255 0 0 0 255 79
    255 255 0 0 255 255 255 0 255 142 32 255 255 158 255 122 64 0 255 0
    0 255 255 168 255 255 255 18 85 0 255 255 0 0 0 0 255 0 255 208 230
    0 0 0 255 255 255 0 0 251 0 139 255 70 255 255 54 191 17 0 0 193 154
    255 255 255 0 255 255 255 255 255 195 0 0 255 255 0 0 255 225 255
    226 255 255 0 63 0 27 82 255 255 139 255 255 255 0 255 0 255 0 97
    222 255 0 0 0 255 123 255 52 0 155 255 0 27 0 255 0 180 0 0 0 43 0
    255 255 241 0 0 0 255 255 255 0 255 0 28 0 255 0 0 0 0 0 255 0 128
    255 255 0 0 0 0 255 233 255 255 49 255 174 64 224 255 134 0 255 255
    255 0 255 255 252 153 0 255 255 255 255 255 0 0 255 255 255 123 0 0
    0 158 255 255 255 0 255 11 23 161 0 179 0 0 255 255 255 0 19 255 0
    255 75 255 0 0 126 255 255 255 255 0 0 0 89 255 0 0 121 0 0 0 255 0
    0 60 0 255 255 0 0 0 255 0 0 240 255 0 0 0 85 0 0 255 255 0 0 216 0
    0 185 255 0 47 191 0 0 0 255 255 90 0 0 133 182 255 0 151 255 0 255
    0 255 0 255 0 255 255 0 0 250 255 255 255 28 255 255 42 209 0 255 0
    0 198 255 255 186 255 164 0 255 255 0 0 0 0 151 255 255 0 255 61 0 0
    255 0 225 255 89 84 0 0 202 0 255 255 255 157 0 0 0 0 255 255 0 255
    0 255 0 4 255 0 255 255 255 255 255 0 255 255 0 188 0 110 0 255 255
    0 41 255 255 0 255 255 255 0 0 0 239 232 85 0 69 0 255 255 116 0 202
    143 255 255 0 255 0 99 0 255 255 241 0 255 0 0 0 255 255 255 255 71
    97 255 255 0 255 191 255 0 0 77 0 0 0 255 2 0 255 255 255 0 255 0 0
    0 109 167 255 67 0 255 0 255 0 255 0 255 186 255 255 255 0 0 0 231
    255 215 0 255 37 230 63 255 0 255 255 255 111 255 0 255 255 229 255
    0 255 0 255 255 0 255 255 255 0 0 0 0 0 255 39 255 7 255 170 0 229 0
    13 0 255 147 0 255 255 255 255 0 255 19 0 0 255 255 255 0 198 0 226
    255 255 255 255 93 0 0 255 218 255 255 255 0 0 255 0 0 0 255 255 245
    167 0 0 191 232 255 255 255 255 0 255 255 255 255 237 0 255 255 37
    69 255 197 0 0 0 255 103 0 255 255 155 0 255 255 255 0 0 0 255 255
    255 85 0 255 255 0 39 8 255 109 0 255 125 0 0 135 0 255 247 255 0 3
    255 91 183 0 54 0 255 0 255 219 0 0 0 0 0 255 0 0 0 255 255 171 0 0
    22 244 5 0 0 0 0 255 255 255 255 0 73 0 0 255 255 255 0 142 0 255
    255 255 255 0 255 0 255 0 0 0 255 0 255 255 255 0 221 5 0 0 0 255
    255 255 255 255 0 255 0 0 0 255 99 255 255 255 0 255 255 255 255 255
    141 0 255 255 162 0 255 0 255 177 0 0 0 255 255 0 0 0 255 0 255 0
    255 0 0 255 0 255 255 255 230 0 255 190 0 0 255 255 0 188 176 0 0
    255 232 255 0 0 255 255 255 0 255 0 255 255 255 189 74 0 255 62 255
    0 188 255 0 0 79 0 66 0 255 186 183 0 0 255 249 255 0 255 0 0 0 241
    189 255 0 255 44 115 255 0 255 235 255 0 0 255 62 255 0 0 255 0 255
    0 0 41 0 255 0 255 0 255 255 255 0 105 0 255 184 255 255 255 0 0 241
    0 255 255 250 0 0 111 235 255 0 255 255 161 0 0 255 255 41 56 255
    255 66 255 0 0 0 0 255 255 255 0 44 0 0 0 255 255 255 229 0 0 0 204
    255 255 255 0 0 0 213 0 0 255 255 0 255 0 255 255 0 0 0 255 0 255
    195 3 0 92 255 255 255 80 255 255 255 0 255 194 255 0 255 0 216 255
    255 255 0 0 0 255 239 255 0 255 255 255 0 0 255 0 255 0 232 0 255
    255 0 255 185 255 0 0 255 0 126 0 255 0 0 0 148 255 0 255 243 255
    255 0 49 255 255 255 0 199 0 3 0 255 129 255 0 0 0 0 0 255 0 255 0 0
    255 0 0 255 0 255 189 83 0 255 71 255 0 255 0 255 0 255 0 0 0 255
    255 255 0 255 179 255 0 255 255 122 94 255 255 183 0 0 255 255 255
    255 0 102 255 0 255 168 255 255 129 255 0 255 85 255 255 0 66 255 79
    38 193 0 5 0 255 0 0 0 6 255 255 255 0 182 39 0 0 255 0 255 255 255
    255 0 228 109 85 255 255 0 0 39 255 0 35 74 0 0 255 255 0 0 255 95
    255 149 255 126 0 0 0 0 255 153 191 0 0 0 255 57 255 0 0 255 255 0 0
    234 255 0 0 255 171 10 0 255 0 145 0 255 92 255 0 255 0 130 255 255
    0 0 255 255 255 0 0 0 0 205 255 255 255 0 0 0 255 0 255 0 255 167 20
    4 0 255 0 0 0 255 0 255 0 255 255 255 0 255 0 255 70 0 0 0 255 218
    255 0 255 46 0 0 255 255 255 255 225 0 101 0 255 0 165 255 7 255 0
    255 0 255 255 255 231 0 255 0 255 0 0 0 0 255 255 255 0 0 255 255
    255 0 155 0 59 186 255 255 33 255 0 255 255 255 0 0 0 255 167 126 0
    255 0 255 0 0 0 255 255 0 0 25 0 0 54 255 0 0 0 251 255 255 0 193
    255 255 0 255 0 0 0 0 0 255 255 255 136 255 0 255 0 0 14 0 0 255 0 0
    255 165 255 135 0 0 0 163 105 255 191 0 255 0 180 0 255 255 255 0 0
    255 255 255 0 0 105 0 255 0 108 178 0 255 255 255 0 0 0 255 255 255
    87 0 0 166 255 255 0 0 255 255 0 0 255 0 255 255 255 255 0 0 100 255
    255 0 0 255 0 255 0 255 234 0 255 0 0 255 255 255 0 255 38 255 0 7
    131 219 21 56 255 238 255 255 0 0 0 0 255 114 255 179 0 0 255 255
    255 0 141 255 255 255 255 206 0 0 255 218 0 255 255 255 255 255 255
    0 0 0 255 8 46 0 255 0 0 189 249 88 0 255 93 139 255 117 47 169 227
    255 255 0 81 114 255 255 0 0 0 255 255 218 0 0 96 255 255 0 255 0
    232 0 0 255 255 255 0 0 0 255 84 255 0 0 0 21 255 255 0 0 255 255 0
    255 255 255 0 0 159 104 255 255 0 255 0 255 0 0 160 39 255 132 255 0
    255 0 255 0 255 0 0 0 255 255 0 255 255 255 255 0 0 255 255 129 0 74
    255 255 0 0 0 255 0 255 0 54 0 255 255 0 229 255 0 0 0 255 193 0 216
    0 0 0 161 20 255 255 91 0 9 255 0 159 255 0 255 255 0 0 0 0 255 255
    0 0 0 255 255 255 30 255 107 0 255 255 255 0 0 255 180 0 0 255 97
    107 255 255 255 0 255 255 255 39 0 255 73 249 136 0 255 255 255 0
    132 255 0 255 255 99 0 0 0 255 255 255 0 118 255 255 0 255 255 194 0
    0 0 255 255 255 255 255 0 0 44 255 255 205 255 0 255 0 255 0 0 0 0 0
    255 255 0 93 0 0 0 255 0 255 86 255 255 0 255 0 0 0 109 0 255 137
    255 65 0 0 0 0 255 255 255 0 115 0 0 255 255 0 0 255 0 255 255 255
    255 127 255 255 0 0 0 255 99 255 0 255 0 0 0 255 255 255 94 0 0 0 38
    255 255 0 255 0 255 255 250 0 0 0 0 255 255 0 255 123 0 0 255 0 255
    255 255 255 0 0 255 0 255 0 60 255 255 0 161 0 255 19 255 255 0 255
    255 255 255 255 255 0 255 255 255 0 0 107 255 0 255 0 255 255 0 255
    0 129 255 255 255 0 0 255 4 255 0 230 0 255 0 0 0 255 255 0 88 0 255
    255 0 255 255 0 0 0 235 0 255 255 0 255 0 29 0 75 0 255 159 0 0 255
    255 0 255 255 255 0 0 0 82 101 145 0 0 0 166 0 255 255 255 0 255 0
    255 0 255 255 250 255 0 158 0 255 83 117 255 164 255 0 255 255 255 0
    0 0 255 255 255 0 0 255 111 255 0 255 255 255 255 255 119 0 255 255
    0 20 0 255 255 255 0 0 0 255 255 255 81 9 0 255 255 64 0 0 0 137 0
    255 255 0 0 255 0 255 0 255 156 98 255 255 0 255 63 255 255 219 255
    86 0 0 0 0 157 255 255 90 255 0 0 0 255 231 0 13 255 255 0 161 240
    87 0 0 255 255 255 0 255 0 255 255 255 89 0 0 255 0 0 175 255 255 0
    0 59 255 255 0 31 0 0 0 0 255 0 255 0 255 255 255 255 0 179 0 51 0
    37 0 255 0 255 0 255 0 0 0 255 0 91 0 0 0 255 138 255 0 255 60 255 0
    255 0 0 0 0 0 255 130 0 255 0 201 98 150 51 255 126 0 0 255 255 255
    0 0 176 255 255 255 183 0 255 255 255 0 237 0 255 255 255 0 151 0 0
    255 0 0 255 255 0 0 161 76 0 150 255 0 255 0 255 255 20 0 36 204 0 0
    255 0 255 0 0 0 0 255 0 110 0 255 0 99 0 0 107 0 0 113 255 219 0 72
    255 255 0 255 255 255 42 255 255 255 255 0 172 0 255 0 0 0 255 247
    103 0 0 0 13 28 219 255 255 255 255 255 0 0 0 0 163 255 255 255 0 0
    228 255 160 107 255 255 0 255 255 139 0 0 0 0 255 255 0 2 194 242
    255 0 255 0 255 0 255 110 0 255 73 255 26 255 255 0 255 255 0 0 0
    255 61 255 0 255 0 255 255 0 0 0 255 31 255 153 0 255 255 255 255 47
    0 0 255 255 0 0 0 0 255 0 255 255 2 0 199 0 0 0 255 84 255 255 0 0 0
    255 60 0 0 255 255 255 255 255 255 255 0 3 0 255 0 0 0 0 255 0 196 0
    120 255 255 0 0 135 255 255 139 255 0 0 0 0 0 0 43 220 255 0 0 0 255
    0 255 0 255 113 255 255 255 255 255 114 255 0 255 255 0 85 255 255
    255 251 0 255 0 255 152 255 0 255 0 0 0 0 147 135 255 255 0 110 255
    0 255 63 255 0 0 255 255 255 54 0 0 0 255 255 255 31 0 0 45 255 255
    0 0 0 255 255 169 0 0 255 36 104 0 255 0 255 0 255 0 0 255 62 0 0
    255 0 0 0 255 0 0 16 255 255 255 0 0 255 77 0 157 255 0 255 0 0 255
    111 22 0 209 255 222 255 255 36 0 255 0 94 0 255 94 0 149 255 48 255
    255 255 0 203 236 187 0 255 208 0 255 224 255 242 255 255 0 255 69
    255 58 255 215 54 0 255 255 255 102 34 255 255 0 0 0 0 255 0 0 255
    255 0 255 84 83 0 0 255 0 0 0 210 255 18 0 0 255 255 0 255 251 255
    255 255 0 255 15 0 255 255 255 0 0 0 0 29 255 0 0 255 255 255 0 255
    0 255 0 0 0 255 255 52 255 0 0 255 250 255 255 255 255 0 0 255 116
    111 0 255 255 98 0 0 0 255 0 0 0 255 255 255 255 0 136 0 0 255 255
    116 0 0 233 0 0 94 0 255 255 0 0 0 171 0 255 255 255 0 0 0 255 255 0
    255 0 255 0 130 0 204 0 255 0 0 255 0 255 255 255 0 255 56 255 0 0 7
    255 255 89 0 0 0 255 255 255 255 0 0 255 0 242 233 0 210 0 0 255 255
    255 0 51 0 255 255 255 255 255 161 0 0 255 0 255 24 0 0 0 37 255 255
    16 0 255 255 0 255 255 255 161 0 255 0 146 0 255 204 255 0 0 255 255
    255 255 255 248 0 40 186 255 255 0 35 87 227 103 0 0 0 0 0 105 0 255
    0 255 255 255 255 255 0 179 33 255 49 0 255 0 255 242 0 255 255 183
    255 0 41 0 0 207 212 255 151 0 0 0 0 0 0 255 255 0 0 187 0 255 0 255
    255 255 88 0 0 0 201 255 255 130 0 0 36 255 255 255 134 214 255 0 0
    229 33 195 44 255 255 0 255 0 255 0 49 255 255 0 0 195 181 255 255
    255 255 0 255 148 243 0 255 0 129 0 155 255 244 0 255 0 255 0 255 0
    10 255 0 138 0 255 81 0 0 173 255 255 255 0 0 0 255 255 0 138 188 0
    0 255 255 81 255 255 0 255 0 255 0 0 0 255 0 0 255 0 255 0 255 0 255
    255 255 0 255 79 33 196 255 0 255 255 0 125 255 255 0 61 255 218 0
    255 255 0 255 0 255 255 0 0 0 0 0 255 255 255 0 121 0 255 255 255 0
    255 0 218 0 255 255 255 0 48 0 255 238 255 0 0 0 255 139 255 0 0 32
    255 255 0 255 255 208 0 0 74 0 255 255 255 0 255 141 0 0 255 36 0 0
    255 255 0 0 255 171 248 0 0 0 0 102 0 0 255 0 0 116 255 181 0 0 255
    152 115 0 0 0 255 255 0 0 10 255 255 0 0 0 0 166 255 255 40 255 0
    255 43 104 6 255 0 248 0 0 255 255 255 211 0 255 47 0 154 0 255 0
    255 253 0 0 0 5 255 0 130 0 0 147 255 255 255 0 0 255 255 255 255
    183 255 40 168 0 18 0 255 30 255 54 214 0 255 0 0 0 0 255 255 255
    255 0 255 0 255 0 255 255 255 0 0 0 255 255 255 0 0 0 255 255 255
    251 255 255 253 0 255 255 142 215 255 250 0 255 0 255 0 0 0 0 255
    255 255 0 255 255 205 0 0 0 0 116 167 23 0 255 255 0 255 255 255 0 0
    0 0 255 242 128 0 0 255 255 0 255 246 0 0 255 255 0 133 0 0 255 255
    214 0 158 0 189 255 255 255 255 129 0 0 114 226 0 255 0 255 0 255 0
    0 0 255 217 0 0 255 255 255 0 0 255 255 255 255 144 0 0 255 0 0 113
    255 119 255 0 0 0 0 116 255 255 255 122 0 0 255 255 255 69 255 0 255
    255 153 0 255 152 0 255 0 255 255 0 0 0 255 255 65 0 0 165 0 246 72
    255 0 0 0 0 173 0 255 0 255 41 0 255 0 255 255 0 0 255 0 255 0 0 0
    255 14 255 0 219 222 184 0 255 255 255 0 0 0 0 255 0 99 189 0 0 255
    255 129 0 89 0 175 0 255 0 125 255 0 255 0 0 255 232 255 0 255 0 13
    255 255 230 0 171 255 255 0 0 255 178 255 0 0 0 99 255 255 165 0 255
    0 125 0 0 233 91 255 0 255 53 255 0 255 0 255 0 255 0 0 255 0 0 255
    255 0 0 255 255 1 255 0 255 156 0 255 255 255 245 0 255 255 0 0 0
    255 255 82 0 0 255 0 0 255 0 255 146 255 0 130 255 166 255 0 255 0
    255 72 0 255 255 177 0 0 247 255 0 1 0 172 0 168 0 27 0 255 255 255
    255 11 0 0 255 255 102 255 255 0 0 0 0 255 255 89 0 255 0 0 0 157
    255 0 255 0 255 0 255 0 255 255 255 255 0 255 218 223 0 255 210 255
    0 0 255 255 255 255 107 0 0 0 129 255 0 100 0 133 48 255 0 255 0 255
    0 142 255 41 0 238 79 255 0 255 0 255 0 0 255 42 255 0 0 0 0 255 255
    255 106 0 0 255 255 0 96 0 255 255 255 255 255 0 0 0 36 255 0 68 0
    255 255 0 123 255 255 0 255 0 0 0 255 122 186 255 255 244 132 255
    255 0 255 255 255 0 0 0 0 255 255 255 0 255 2 255 0 255 0 255 0 0 0
    0 255 255 255 255 169 147 0 255 0 0 0 133 255 106 0 0 83 0 255 0 255
    30 255 0 0 255 0 0 0 116 255 0 255 255 0 0 247 255 116 0 255 0 117
    255 255 208 255 0 255 255 0 0 255 255 255 255 0 0 132 255 0 255 0
    255 87 230 210 255 0 0 0 0 0 0 0 93 255 255 0 0 255 255 0 255 55 133
    0 255 0 255 232 255 0 255 255 255 64 255 255 255 0 0 255 255 255 255
    139 255 0 255 58 255 81 255 0 255 84 255 0 14 0 0 0 148 255 0 32 255
    255 0 0 255 255 255 255 0 63 81 233 0 0 255 255 255 255 0 0 255 255
    255 0 0 255 255 255 0 0 0 255 255 255 235 0 0 0 153 0 255 233 255
    255 0 0 255 255 255 0 255 255 0 0 255 0 255 0 255 100 0 255 255 0
    172 255 255 255 0 0 90 255 255 19 255 255 215 255 0 0 186 255 17 181
    204 5 209 255 0 0 0 229 255 255 107 255 0 0 0 255 255 0 255 255 0
    136 215 94 255 0 26 0 0 255 0 0 216 255 95 0 36 255 0 255 0 0 80 216
    255 0 54 0 255 255 0 188 0 255 146 255 0 255 0 255 0 255 255 0 167
    250 255 233 104 255 0 0 0 225 11 141 255 0 255 0 214 0 0 219 255 0 0
    241 255 255 0 0 214 255 255 255 0 255 255 0 0 255 0 0 0 245 255 254
    255 0 255 255 255 0 66 0 85 0 0 0 208 116 255 255 255 255 0 162 0
    255 255 0 0 255 255 255 0 255 0 1 255 255 0 255 0 0 255 255 255 0
    255 0 0 0 255 255 255 0 0 255 255 255 255 0 0 255 255 255 255 255 0
    0 0 0 0 0 0 255 0 196 11 255 0 255 255 255 255 0 0 255 255 0 28 255
    255 0 0 0 255 93 0 255 255 53 255 0 0 0 255 0 255 0 255 0 255 0 0
    255 0 255 0 0 255 255 255 0 0 255 255 255 255 0 0 185 0 255 0 255
    255 10 255 0 0 0 255 217 255 89 255 0 0 255 106 255 115 255 255 145
    190 0 255 255 0 0 0 255 255 255 0 255 0 0 255 255 255 0 0 255 255
    255 255 0 255 0 0 255 255 255 152 34 157 89 255 255 0 255 255 39 89
    0 255 255 255 115 255 240 78 255 0 156 255 0 255 88 255 0 255 0 255
    0 0 86 0 255 0 118 0 110 0 255 0 255 190 245 0 0 28 255 255 0 222 0
    114 255 0 0 255 162 192 255 0 255 0 255 0 0 255 94 255 77 0 255 255
    0 0 0 255 255 255 255 0 196 0 0 0 255 0 0 0 255 255 203 255 0 255 92
    0 0 0 255 255 0 0 0 0 255 255 182 0 255 0 171 0 255 255 255 78 0 255
    255 0 255 0 255 0 0 55 255 244 0 0 255 255 0 255 255 0 0 255 255 255
    186 0 0 255 65 255 0 0 28 255 62 0 255 0 255 196 255 255 255 0 255 0
    237 0 255 46 255 0 255 0 185 255 22 0 0 0 255 162 255 0 0 0 69 255
    255 0 0 255 83 255 255 255 0 179 255 199 0 0 0 90 0 0 255 255 255 0
    243 14 0 255 0 255 0 0 0 255 255 0 0 0 41 163 255 0 254 255 0 0 0
    255 255 255 255 244 255 0 213 138 255 0 120 0 0 158 255 255 0 255 0
    255 255 177 0 0 112 255 6 129 255 255 56 34 0 255 255 255 0 0 255 56
    255 0 255 70 255 0 255 255 188 0 255 255 255 0 0 0 0 255 0 244 0 0
    157 255 255 0 0 0 255 0 255 0 255 0 255 0 0 0 239 0 0 0 82 0 255 0
    255 255 255 255 0 0 0 0 0 249 255 255 255 255 255 0 0 0 255 255 255
    0 255 0 255 232 255 0 207 255 0 0 255 255 255 0 0 0 255 255 255 0 0
    0 255 145 255 0 0 0 255 255 255 15 0 0 113 79 255 0 0 0 0 0 0 0 0
    255 0 255 0 255 0 0 0 255 255 255 255 0 166 255 0 0 0 0 255 255 255
    162 0 255 75 13 255 0 140 0 255 0 0 255 0 0 0 255 255 255 0 255 0
    255 0 255 0 0 0 143 255 0 255 255 255 0 0 0 0 155 0 255 205 255 0 0
    0 255 0 255 64 0 0 255 0 255 0 255 209 255 0 0 187 33 0 255 0 255 0
    255 0 63 110 0 221 255 0 3 255 255 0 255 0 255 0 250 0 255 0 178 255
    0 255 255 168 255 255 160 255 0 0 121 255 255 238 0 255 0 255 203 0
    0 219 255 0 0 0 255 99 0 234 255 0 255 181 255 0 255 0 0 0 255 237 0
    0 0 39 0 255 229 255 0 255 255 255 255 255 0 167 0 0 0 0 255 99 255
    255 0 15 255 255 0 0 0 128 255 255 152 0 255 0 255 255 0 0 255 255
    180 0 255 0 255 255 176 185 0 255 0 61 255 225 43 13 0 0 255 0 255 0
    0 255 255 255 0 0 0 180 255 0 0 62 255 101 0 136 255 255 255 255 0 0
    0 140 0 188 255 0 255 164 80 0 123 0 255 0 255 255 255 255 255 0 0 0
    0 30 255 255 0 255 255 0 255 0 255 0 255 255 187 0 154 0 255 0 0 255
    0 250 0 255 0 0 0 255 255 0 0 255 183 0 255 255 0 238 255 255 255
    255 0 147 255 255 255 141 255 0 0 20 255 255 0 0 0 255 0 255 17 0 80
    0 106 0 107 255 255 212 255 255 255 255 255 255 255 255 255 0 255 0
    255 0 255 0 255 0 0 0 255 119 255 255 0 28 0 67 0 255 255 0 0 0 255
    174 0 88 78 0 0 0 255 230 255 0 102 0 255 255 74 0 0 255 138 255 0
    255 0 134 118 0 52 255 255 255 255 94 197 0 129 86 255 255 0 0 0 255
    255 0 71 0 255 255 255 0 105 0 255 0 255 59 76 255 14 0 0 0 255 255
    255 0 196 0 255 255 255 0 0 0 0 255 255 255 255 69 0 0 255 0 0 255
    255 0 0 0 0 49 57 255 255 255 0 255 255 255 77 255 255 0 255 255 255
    255 14 146 58 255 255 255 255 0 255 0 255 0 0 0 255 255 0 0 0 26 255
    255 0 0 0 255 0 255 255 255 0 139 0 0 255 100 255 255 255 0 0 244 0
    0 255 0 255 255 0 255 119 255 0 0 0 0 255 0 255 0 255 0 85 0 255 94
    0 255 255 255 0 0 255 255 255 47 0 255 255 0 0 0 255 255 0 0 0 255
    255 0 251 255 29 255 106 0 255 255 0 0 255 0 214 0 255 0 255 0 0 0
    255 140 255 255 0 9 0 0 255 62 255 77 0 0 0 255 255 255 255 0 0 127
    255 255 0 0 0 255 0 255 80 0 255 0 255 0 255 27 0 0 0 231 0 0 255
    255 255 0 0 0 252 255 255 0 255 255 255 237 0 0 0 80 255 255 220 0
    255 0 255 255 155 73 0 248 255 255 0 0 213 0 255 234 255 14 255 219
    255 0 0 0 255 0 255 255 255 144 0 9 0 255 179 255 0 255 255 255 0 0
    0 255 0 0 97 255 0 117 255 255 255 162 0 127 0 255 0 0 170 255 13 0
    0 0 227 0 255 0 255 0 255 255 255 255 235 255 0 0 0 255 255 255 0 0
    255 248 255 0 255 0 0 0 255 0 0 0 0 255 255 0 255 0 255 255 0 255
    255 255 0 0 116 0 255 255 255 0 0 255 140 255 0 0 0 142 255 0 255 0
    255 0 58 91 255 255 0 0 13 0 255 255 0 184 0 255 0 157 255 43 0 0
    255 255 255 255 0 159 0 112 255 255 255 28 26 0 255 255 255 255 0
    253 255 110 167 255 0 26 0 255 0 255 26 255 0 0 140 74 255 0 255 0
    255 20 211 239 163 255 0 255 0 0 0 190 0 255 0 255 0 255 0 255 0 255
    0 255 0 255 40 255 171 255 255 177 255 0 0 0 255 255 255 0 0 245 0
    255 255 255 24 0 255 255 0 63 0 0 149 255 255 255 0 0 0 0 180 0 249
    0 200 0 255 94 255 255 0 255 0 70 194 0 255 1 0 44 255 92 0 0 10 228
    255 255 255 255 124 0 122 210 255 0 84 0 255 255 255 255 255 0 0 0 0
    255 255 255 0 0 97 0 0 0 255 255 0 255 255 0 209 0 0 255 158 255 155
    0 0 100 59 255 0 255 255 255 0 0 3 58 0 255 238 0 0 255 0 255 0 255
    113 192 16 239 0 0 255 255 0 255 89 0 154 255 255 255 0 255 0 255
    255 255 0 0 0 37 0 255 255 0 3 0 0 255 255 255 0 0 0 255 52 255 0
    102 0 0 0 255 255 0 0 0 255 255 255 0 255 0 255 0 255 0 255 0 255 0
    0 0 255 0 0 255 0 0 255 255 225 120 21 245 255 0 0 0 255 233 255 0
    167 0 255 255 255 255 59 157 255 0 4 0 255 28 255 0 255 144 0 0 0 0
    255 37 255 0 216 0 255 255 255 91 255 0 187 255 255 255 255 255 255
    0 0 0 205 149 0 255 0 88 255 255 255 255 6 255 177 53 255 255 255
    255 255 0 0 46 46 199 255 0 0 0 255 255 255 0 62 0 0 255 156 255 0
    57 255 59 188 0 0 0 173 255 0 0 255 236 0 0 0 255 0 0 0 255 0 103
    255 255 0 0 0 0 66 0 255 0 0 0 0 255 255 255 233 255 255 74 255 255
    0 148 148 0 0 255 107 255 0 255 255 255 255 0 255 0 0 0 255 0 199 0
    255 0 0 0 255 0 0 0 255 0 255 211 0 0 150 255 78 0 0 0 0 255 0 85 0
    255 0 253 255 255 255 255 0 255 255 0 0 0 255 0 0 255 0 0 255 19 209
    0 0 255 255 255 77 0 0 0 255 255 255 0 0 255 0 246 0 255 104 255 0
    255 0 255 202 131 0 255 255 0 0 0 255 78 0 0 255 0 0 255 255 59 0 0
    255 255 255 6 0 255 255 0 255 255 0 0 0 0 231 0 154 255 255 255 0
    255 0 255 255 255 203 0 144 0 0 255 255 255 0 255 0 181 255 0 255 0
    255 0 178 255 0 255 0 0 0 242 255 255 255 0 0 255 255 255 0 255 0
    255 0 0 255 0 69 255 255 255 99 15 0 255 255 215 0 0 0 0 0 0 255 255
    0 149 255 255 0 0 0 0 0 241 255 0 255 0 255 255 255 255 0 255 0 255
    255 255 0 255 198 0 76 0 255 255 255 0 0 255 255 0 255 201 0 255 0 0
    255 0 255 0 255 107 255 0 189 255 0 0 0 255 0 88 0 0 255 0 135 231
    255 0 0 0 255 35 61 255 0 228 0 114 255 52 126 0 0 0 72 255 0 207 0
    59 157 46 255 255 0 255 0 243 255 151 0 255 255 0 118 0 0 112 0 56
    255 54 255 255 0 0 0 255 227 255 53 0 255 0 0 255 255 0 0 0 255 255
    0 255 0 255 0 250 0 255 0 255 99 255 0 0 255 0 255 0 255 255 255 255
    0 0 253 255 0 0 0 205 255 0 0 153 0 0 130 255 255 0 0 0 255 255 42
    255 0 255 0 0 180 255 255 0 0 0 255 255 255 255 0 0 0 135 0 255 0
    255 0 255 0 255 192 1 110 255 0 255 255 255 0 0 0 255 255 255 0 0 0
    255 180 0 0 255 66 255 0 0 0 0 255 247 255 51 0 138 0 0 255 255 0
    136 255 0 0 123 255 179 255 255 121 0 0 255 255 255 0 0 0 255 255
    255 181 157 0 255 0 255 0 246 0 255 0 255 217 0 0 0 0 255 180 255
    226 155 255 0 0 3 0 255 0 0 33 0 187 19 63 207 255 255 0 255 0 6 206
    255 0 255 255 234 91 0 255 55 255 255 0 255 0 255 0 160 255 255 255
    0 192 255 255 255 255 255 0 0 0 0 255 0 57 255 0 255 255 255 0 255
    255 0 0 0 0 0 0 255 255 255 0 0 238 0 255 255 0 237 255 88 255 0 255
    26 0 0 0 0 81 255 255 255 0 255 0 0 0 0 0 0 0 255 255 255 255 0 0 0
    255 239 0 0 255 255 0 0 255 255 255 0 255 255 255 0 0 0 255 154 255
    255 255 168 255 255 239 0 23 12 255 255 255 90 0 0 0 255 38 0 0 162
    0 255 255 255 0 255 159 0 37 255 62 99 74 0 148 255 255 0 0 24 255 0
    0 0 255 255 7 255 0 243 0 255 0 255 0 255 0 0 104 255 0 0 0 83 255 0
    0 58 255 69 171 0 0 255 0 0 255 255 255 255 0 0 0 0 255 0 255 255
    255 0 255 0 0 0 255 0 255 255 255 0 255 0 255 0 0 126 0 255 141 255
    255 0 0 77 255 255 0 95 0 232 255 255 255 0 255 0 255 255 255 0 245
    255 0 0 237 255 89 255 55 255 152 0 0 0 255 0 255 150 0 0 232 0 0 91
    0 255 201 255 0 0 0 0 0 0 247 255 0 0 255 255 0 0 166 255 255 0 0 0
    255 255 0 30 0 255 172 255 0 0 0 255 229 0 0 0 81 255 255 0 255 0
    140 0 255 27 255 0 0 33 255 255 162 255 0 0 0 255 255 255 255 0 0 0
    0 255 0 255 255 255 255 193 0 255 0 48 0 255 255 0 0 243 255 255 0 0
    0 0 154 0 208 255 255 0 255 0 255 190 0 0 255 255 255 90 84 255 255
    249 0 255 36 158 61 255 255 0 255 66 255 35 0 0 0 0 255 255 255 0
    255 0 0 255 253 255 255 0 0 0 0 0 255 255 255 0 36 255 0 255 0 255
    77 204 49 0 0 255 255 255 211 0 0 0 255 255 255 0 0 0 0 0 0 255 255
    255 54 0 228 255 0 255 0 95 0 255 0 255 0 216 0 255 255 190 0 0 75
    255 255 73 255 0 255 71 235 255 0 0 0 0 20 0 42 0 255 255 0 56 255 0
    0 255 0 255 255 112 0 0 30 0 0 0 129 255 255 218 255 255 171 0 255 0
    255 0 224 255 0 168 0 255 0 0 255 186 0 255 0 255 255 0 0 255 103 0
    0 255 255 254 255 0 190 0 0 255 158 255 114 15 0 0 255 255 11 9 0
    255 132 0 51 0 255 255 255 0 255 0 0 186 255 255 255 29 255 0 241 0
    255 0 255 0 255 0 255 134 255 255 255 0 255 77 0 255 0 255 0 46 255
    255 255 0 255 0 255 255 255 59 255 255 0 60 0 255 0 185 131 65 213 0
    255 0 0 255 0 151 255 0 0 188 255 255 0 255 0 0 0 255 255 0 59 0 255
    255 255 0 255 0 0 223 0 255 0 255 255 248 80 255 0 255 0 0 255 0 148
    77 255 0 177 0 149 255 57 0 0 255 0 255 255 255 255 42 0 255 0 255
    255 208 81 0 255 0 255 0 0 129 255 196 255 0 0 0 255 0 255 0 0 0 255
    255 93 18 16 0 255 73 255 55 0 255 0 255 0 255 255 255 0 0 0 69 209
    255 0 134 0 171 255 255 0 255 255 0 0 255 255 255 4 255 98 0 255 173
    0 255 91 0 255 255 0 255 64 255 0 0 0 0 255 0 255 255 83 0 0 23 0
    255 0 0 0 255 9 255 0 255 255 0 255 0 0 0 0 255 0 255 0 0 0 255 0 0
    255 255 255 255 0 255 0 0 37 255 255 19 0 0 255 255 0 255 117 255 0
    2 0 0 255 0 116 0 255 75 255 0 135 175 0 85 0 0 0 0 255 62 255 0 0 0
    255 255 0 255 0 0 0 17 246 255 255 51 0 255 228 0 0 255 255 255 0 0
    14 255 121 255 255 105 0 0 255 255 255 255 57 255 0 0 0 255 0 0 255
    206 240 153 0 180 255 145 0 0 0 255 255 255 255 0 134 255 255 255
    255 0 0 255 255 255 242 255 0 255 0 255 0 255 255 0 0 0 224 56 17 10
    0 255 255 0 255 0 255 0 255 0 0 0 0 255 0 255 0 255 0 255 0 0 63 254
    255 0 255 255 45 0 194 0 0 0 255 255 255 0 255 255 199 80 0 255 255
    255 0 0 255 120 255 14 0 0 0 0 255 255 255 0 0 0 0 0 255 255 55 79 0
    0 163 255 127 0 0 0 82 0 255 0 255 0 0 245 255 205 67 123 0 255 255
    255 255 0 255 0 255 0 22 255 0 0 255 189 0 0 255 176 13 115 255 0
    111 0 189 255 205 255 0 0 0 33 255 85 255 190 95 0 0 255 255 0 255 0
    0 0 255 145 255 0 255 0 0 0 0 255 255 0 255 0 255 0 255 47 255 255
    255 255 0 0 0 255 0 108 0 255 0 84 255 255 255 252 0 65 0 255 0 0 0
    255 0 255 255 255 255 0 167 161 215 0 0 255 0 0 0 170 190 0 255 0 0
    0 255 255 255 151 255 255 255 96 255 255 1 0 0 0 255 172 75 4 0 0
    233 59 255 78 0 255 0 0 118 0 0 0 0 0 103 255 0 29 147 255 255 255 0
    142 0 255 0 255 0 255 0 0 0 0 255 255 255 0 255 90 0 0 0 255 255 0
    47 42 0 255 255 0 0 0 255 70 255 255 147 26 122 255 0 125 0 255 0
    255 0 146 0 255 0 0 255 184 255 0 88 255 255 0 255 0 255 0 4 0 255
    255 255 0 255 57 201 255 255 255 0 0 32 255 255 255 0 0 0 19 230 255
    79 0 0 189 255 91 0 255 255 119 0 0 255 107 244 255 0 255 178 255 0
    200 0 255 255 255 0 0 255 0 255 255 0 0 1 217 255 255 255 0 0 0 255
    165 255 51 0 0 0 255 0 0 255 0 255 0 255 219 255 0 255 0 255 0 39
    255 255 125 0 47 236 68 255 255 255 0 0 0 255 25 200 0 255 0 0 0 255
    255 0 255 0 0 16 0 255 160 167 0 255 255 255 255 255 0 255 255 0 255
    0 255 0 0 0 255 0 0 94 255 90 255 255 255 255 58 0 0 0 255 255 0 69
    41 0 4 255 0 255 0 91 0 255 201 255 58 60 57 255 0 255 0 240 255 255
    255 0 0 0 255 255 0 0 0 66 91 255 81 255 255 0 255 255 255 255 255
    255 30 92 54 255 255 0 0 0 219 255 110 0 0 0 0 0 255 0 255 255 255 0
    234 0 0 0 255 95 103 255 0 255 255 255 0 0 255 255 255 0 255 45 0
    255 0 255 255 63 0 255 0 255 0 255 0 0 0 255 159 0 0 0 43 255 255 0
    255 0 223 255 255 0 11 135 255 234 0 0 47 255 255 0 84 255 0 197 0
    255 255 0 0 0 0 255 255 255 255 0 0 0 0 255 37 7 0 255 0 255 255 255
    255 255 19 255 0 0 83 0 0 255 255 36 0 255 157 135 255 147 0 255 0
    255 194 255 0 255 0 0 0 0 255 0 0 255 0 255 0 255 0 127 255 0 255
    225 255 0 30 161 255 0 255 105 255 0 255 255 255 255 251 255 255 0
    255 0 255 255 255 255 0 0 0 0 255 188 255 0 0 255 0 0 255 0 255 0 0
    255 255 255 0 255 11 255 0 0 117 255 255 255 255 0 0 0 255 255 255
    255 171 255 46 0 0 152 255 0 0 0 55 255 255 255 0 255 0 0 255 183 68
    0 255 255 132 0 0 68 255 255 0 37 0 172 255 255 0 22 0 255 0 255 0 0
    0 255 0 0 0 0 255 100 255 255 39 255 255 255 255 63 0 255 255 255 0
    132 255 255 0 0 0 0 255 0 255 0 255 255 255 0 255 0 255 0 21 255 0
    255 0 255 255 231 255 0 104 101 52 0 0 124 255 0 255 255 255 255 0 0
    255 0 255 255 255 0 255 0 255 65 0 255 7 255 255 255 255 0 255 0 255
    91 255 111 0 255 82 255 0 255 121 93 0 255 255 255 0 126 0 0 255 255
    255 80 140 255 0 255 255 255 42 255 0 72 0 255 255 255 245 0 255 0 0
    0 255 255 255 0 255 109 0 255 34 255 187 180 0 255 255 86 0 0 0 255
    243 235 23 193 255 255 255 0 0 255 0 255 0 255 0 255 0 255 0 255 255
    0 0 112 255 255 255 255 151 0 0 255 0 88 255 0 0 0 20 255 255 0 255
    0 55 255 255 0 152 143 255 0 255 255 0 0 255 255 0 0 0 0 255 0 0 0 0
    0 0 255 0 127 0 255 0 255 0 255 255 0 89 255 255 255 255 255 0 255 0
    255 0 255 255 255 255 0 0 4 0 44 0 255 255 168 0 255 0 171 0 73 255
    123 169 255 0 41 0 255 0 255 0 255 0 255 16 255 196 255 0 0 255 255
    255 255 0 0 0 255 255 174 111 0 0 255 255 255 255 81 0 144 255 0 255
    255 0 0 255 165 0 0 255 84 255 0 255 0 255 0 255 0 8 0 0 0 202 0 45
    255 255 25 30 0 0 255 0 255 255 255 255 116 168 0 110 0 155 255 255
    0 0 0 0 255 0 0 21 221 255 0 255 107 233 0 255 0 255 0 255 255 255
    255 255 0 0 0 255 255 109 255 0 255 0 255 0 255 0 255 0 84 0 0 0 255
    255 0 184 0 255 0 0 0 0 0 255 255 0 0 34 99 0 109 255 255 255 0 0 0
    255 255 255 255 255 0 0 255 255 255 41 255 202 0 0 255 255 255 21
    255 255 17 255 0 0 0 92 255 0 0 255 255 0 0 64 245 220 255 255 255 0
    255 0 255 209 255 255 0 190 0 255 255 255 0 116 0 255 255 0 0 0 0
    255 0 255 0 57 0 255 0 219 122 248 255 0 208 27 255 255 0 24 0 0 0 0
    255 0 123 0 255 203 0 0 0 255 0 0 255 255 255 255 200 75 0 0 0 0 137
    255 255 255 137 255 255 255 255 144 0 255 255 255 0 255 0 255 0 222
    0 255 255 0 215 0 0 0 0 0 255 255 255 48 0 0 149 255 0 255 0 255 0
    255 255 255 255 255 255 0 255 0 32 0 255 139 255 0 0 252 0 0 0 255
    255 0 0 255 255 0 0 76 0 255 0 0 0 255 255 255 255 0 0 0 68 0 35 174
    255 255 255 0 255 255 0 0 0 0 0 255 255 255 0 0 255 255 0 0 92 0 0 0
    0 0 255 255 0 255 255 50 0 177 0 255 255 255 122 39 107 101 0 255
    255 255 0 11 0 220 0 234 27 255 0 255 255 92 0 0 0 0 201 0 255 0 0
    255 0 255 255 255 0 141 255 255 0 0 122 0 255 248 162 0 255 32 189 0
    255 0 204 0 158 255 209 0 0 255 87 0 0 20 0 0 168 255 255 0 255 173
    255 0 0 0 55 93 105 112 255 255 0 61 255 255 255 255 0 0 0 255 255
    255 0 0 255 60 140 0 0 0 255 0 255 22 0 0 148 255 0 255 0 224 0 255
    0 255 0 0 255 255 255 255 255 0 0 0 255 255 255 231 0 0 0 84 255 0
    27 0 255 255 255 255 120 65 0 255 255 255 255 0 230 255 0 255 0 255
    255 241 90 76 0 255 178 155 0 255 255 144 255 0 0 255 0 255 255 255
    0 0 0 0 38 255 255 255 255 36 0 0 121 255 255 0 0 171 255 255 0 0 0
    0 8 255 0 0 255 255 255 0 255 0 255 255 255 0 144 228 255 0 255 175
    0 155 0 0 0 41 255 255 20 0 0 0 48 255 255 0 126 18 255 46 134 255 0
    0 109 255 255 0 255 0 229 255 0 51 0 255 255 0 54 255 0 0 255 255 0
    57 16 255 0 0 255 34 255 0 62 0 0 255 255 0 189 221 255 0 234 255 0
    0 255 255 56 0 255 255 255 0 0 255 255 255 255 0 70 255 255 255 228
    115 255 0 255 255 0 224 80 255 255 0 0 0 255 255 255 141 0 255 255 0
    137 0 255 187 255 255 255 255 0 255 255 0 0 0 0 255 0 0 255 255 0
    185 222 0 255 0 255 0 0 0 184 0 255 255 255 255 94 0 0 255 0 0 38
    199 102 255 183 248 255 44 0 214 0 22 0 255 45 223 0 255 255 255 0 0
    0 0 250 255 0 0 0 231 0 255 255 255 0 0 0 201 0 0 0 255 255 52 255 0
    255 255 255 0 0 0 161 0 0 49 0 255 255 52 0 0 255 0 0 0 255 255 255
    218 255 141 101 0 182 246 69 0 248 255 4 255 0 0 255 0 0 255 113 0
    255 255 0 0 255 255 255 0 0 255 255 0 0 0 255 0 255 0 255 255 255 0
    255 0 0 0 0 12 255 255 255 0 0 255 0 122 0 255 255 11 0 255 0 0 255
    0 255 0 0 96 255 255 29 255 255 0 0 255 255 255 0 0 0 0 12 255 255
    248 255 0 255 0 255 0 255 0 0 255 255 255 163 0 255 0 0 255 255 255
    0 255 255 0 0 0 0 255 255 255 0 255 255 255 0 0 0 0 47 0 255 247 226
    0 255 0 0 0 0 0 0 0 255 0 255 255 255 0 0 255 209 0 0 219 255 0 0 0
    255 0 255 0 100 0 0 255 63 43 255 0 19 255 255 0 0 0 0 255 255 255 0
    255 255 255 255 0 89 0 203 255 255 255 0 0 255 255 0 0 255 255 255
    255 105 0 85 255 255 0 0 0 0 255 0 0 0 0 0 255 255 255 255 0 255 255
    255 255 0 97 255 255 0 144 0 0 0 86 138 255 255 65 255 255 255 0 255
    0 255 91 255 0 255 0 0 0 242 90 0 255 2 121 255 255 255 200 0 0 0 85
    213 255 185 0 255 255 255 215 0 255 255 255 255 0 0 0 162 255 0 255
    0 255 200 255 255 255 0 0 0 255 0 0 2 0 255 0 255 0 194 117 255 255
    255 0 255 255 255 0 0 0 0 246 255 255 255 159 61 0 0 25 255 255 111
    0 0 0 255 255 180 103 255 189 255 0 26 142 255 0 255 255 0 0 0 103
    255 88 255 229 0 0 0 0 255 0 255 0 255 0 0 255 0 255 0 255 0 255 123
    255 0 242 0 255 255 255 138 213 255 0 255 0 255 255 0 0 255 255 255
    0 0 167 0 255 255 157 79 0 255 0 255 47 20 0 0 0 255 255 8 0 184 0
    213 0 181 0 255 0 0 28 0 255 0 255 0 255 255 196 255 0 0 0 255 0 255
    0 255 255 59 0 0 187 0 255 255 135 0 0 255 255 255 0 0 0 104 0 255 0
    0 255 39 0 255 255 255 0 0 255 255 255 0 0 204 255 234 203 0 0 200 0
    106 0 76 218 0 0 0 152 255 0 0 0 0 162 0 0 255 0 255 0 255 0 255 255
    0 255 255 255 0 0 242 0 255 151 0 255 255 255 0 0 255 66 0 0 0 17
    255 210 26 179 0 255 0 255 0 255 0 255 0 0 0 12 0 253 255 255 255 0
    0 0 255 0 0 255 255 171 254 255 140 170 83 0 255 0 216 189 255 255 0
    138 0 255 72 255 0 0 0 255 147 255 0 255 52 255 255 255 0 255 0 255
    0 0 255 255 255 0 107 0 217 44 255 203 255 0 0 243 255 255 0 0 255
    255 43 0 0 122 255 163 255 110 74 255 255 255 67 0 0 0 255 255 116 0
    0 0 0 0 255 0 255 0 0 255 0 255 0 255 255 72 0 0 161 255 0 255 255
    255 0 0 101 103 163 0 170 255 126 255 75 0 0 0 255 0 255 0 0 0 255
    255 0 147 0 148 0 255 169 0 0 255 255 148 0 255 0 0 0 223 0 0 255
    255 255 255 255 179 0 16 255 0 255 255 0 0 0 0 255 255 255 209 255
    52 255 0 255 0 0 0 0 255 255 0 0 0 255 211 255 0 0 255 0 255 0 255 0
    255 0 255 0 255 255 255 0 0 84 0 71 0 228 255 255 0 163 59 255 0 0 0
    198 255 255 0 255 255 255 0 255 99 255 255 0 255 197 255 141 255 0 0
    0 255 255 255 0 0 0 255 255 255 255 255 0 233 0 255 0 76 0 153 0 41
    0 255 255 255 0 187 4 255 255 0 0 0 0 160 234 255 0 43 255 255 0 255
    0 255 0 0 67 0 143 0 255 255 76 255 0 0 0 255 255 255 0 0 0 255 186
    0 91 0 0 255 0 0 255 0 255 254 255 0 0 255 255 255 42 0 0 0 255 255
    176 0 125 107 255 0 255 0 0 0 255 241 233 0 255 0 0 0 255 0 63 255
    255 0 229 222 255 0 64 0 0 222 255 0 0 219 255 255 169 255 84 255
    216 255 255 255 0 0 138 255 255 0 150 255 0 255 255 0 0 255 255 255
    255 0 0 204 0 167 255 0 206 0 0 255 134 0 0 255 255 255 255 0 229 0
    0 255 117 255 0 255 0 103 0 255 0 255 184 255 255 6 255 0 255 0 0
    255 255 255 147 255 255 0 0 0 0 0 255 255 255 255 255 255 255 255
    107 0 0 103 255 255 0 0 0 201 255 107 0 169 255 255 255 0 0 0 29 255
    60 129 255 0 255 0 255 0 0 0 0 255 0 128 0 255 255 0 0 40 255 255 0
    175 255 255 255 14 0 0 0 255 0 0 0 0 255 255 255 255 255 0 0 255 0
    255 255 204 0 68 255 203 0 255 113 255 91 255 255 255 0 0 0 255 255
    0 0 255 116 140 255 255 255 0 255 5 255 0 108 121 255 255 255 0 255
    255 255 255 0 255 0 73 28 255 255 255 255 255 0 255 0 59 0 255 255
    255 0 137 255 0 37 0 0 21 255 255 0 0 255 85 115 0 0 0 0 120 102 255
    255 255 239 0 0 255 0 0 255 255 255 255 255 240 255 0 255 0 0 0 126
    164 0 0 0 255 255 6 255 130 0 0 0 255 0 255 201 255 255 0 255 255
    255 188 0 0 0 213 243 162 255 0 255 0 255 231 255 0 255 0 255 166 0
    255 0 255 0 0 0 255 255 0 255 0 0 0 255 138 255 0 255 0 255 207 255
    0 0 0 255 255 206 0 255 0 83 211 79 0 0 184 255 102 255 255 255 0 0
    0 255 255 255 255 2 0 0 255 255 203 0 35 255 255 130 0 0 255 37 169
    255 255 38 255 255 0 0 33 255 255 0 0 255 255 255 255 0 177 0 255
    255 255 255 0 0 0 255 255 164 0 255 255 255 128 93 0 0 255 255 255
    255 0 0 0 249 80 255 0 0 0 47 255 0 255 0 62 70 0 119 255 0 0 0 0
    255 0 255 0 0 255 8 169 19 0 255 255 0 255 41 0 188 0 254 0 0 0 167
    0 186 0 0 255 55 0 255 255 0 0 255 255 0 0 0 33 212 255 0 0 0 88 255
    0 234 0 255 255 0 255 0 242 0 255 194 255 216 255 0 255 0 255 0 0
    119 179 255 123 0 0 0 255 55 255 255 0 0 60 255 255 255 255 0 0 0
    216 255 255 255 0 0 255 97 0 0 0 255 255 0 255 0 255 0 255 255 255 0
    255 0 0 255 255 255 0 0 0 19 255 255 14 0 86 215 255 0 0 54 255 0 0
    232 182 255 255 255 15 255 0 62 0 105 0 0 0 84 255 255 0 227 0 224
    255 146 89 255 0 0 46 255 255 255 0 0 0 255 255 41 0 0 255 103 152
    255 255 255 255 0 0 0 35 255 0 255 255 200 255 0 0 0 255 178 255 0
    42 0 255 0 0 0 255 255 0 180 0 255 0 0 255 45 223 0 109 17 255 0 255
    0 0 105 0 255 0 0 0 255 255 255 23 255 0 87 0 255 0 231 255 255 186
    255 0 255 0 255 0 255 0 255 187 0 0 255 42 255 40 0 0 255 255 255 84
    0 255 0 252 0 255 255 255 45 0 0 164 0 0 252 233 255 255 255 191 255
    45 129 218 255 210 25 126 0 0 0 88 255 0 255 0 255 145 255 0 124 255
    0 255 0 0 0 238 255 205 255 0 255 0 213 0 0 255 255 0 0 0 255 255
    255 0 0 255 0 0 0 255 255 0 0 0 255 255 0 255 5 0 0 255 255 255 255
    142 0 255 255 255 255 0 53 190 0 0 0 255 255 178 255 26 26 0 0 0 255
    255 255 0 0 255 0 151 0 127 208 255 0 0 0 255 255 0 0 0 255 255 255
    59 0 0 0 208 242 255 0 255 35 255 0 0 0 0 0 211 255 0 0 0 255 0 255
    0 33 0 0 157 0 102 0 255 255 255 255 0 0 255 255 255 255 255 0 0 0
    131 0 67 255 255 0 0 255 4 0 255 255 104 166 255 255 187 255 79 0
    255 216 255 0 255 0 251 0 255 0 255 0 193 0 255 0 58 0 127 255 64
    106 0 0 83 0 0 0 59 255 255 255 255 0 0 255 0 255 0 101 169 247 255
    0 0 0 233 255 194 227 0 0 0 0 255 255 197 0 61 81 191 255 0 255 0
    214 0 0 255 255 0 0 71 255 255 151 0 0 255 255 0 0 0 221 255 255 255
    0 255 255 255 0 255 0 255 0 255 95 255 0 255 0 0 255 255 0 255 192
    255 255 255 255 199 0 255 0 135 0 255 0 0 44 255 255 0 161 0 0 255 0
    255 0 32 255 255 0 214 0 197 255 0 255 116 255 0 255 0 255 133 255 0
    52 255 0 0 255 0 255 0 5 155 255 143 255 0 255 255 0 146 0 255 0 178
    0 255 255 255 0 0 255 255 255 255 0 0 0 255 0 255 0 0 0 174 0 255 0
    0 0 255 255 255 0 0 0 0 118 255 0 255 255 255 255 0 255 0 0 0 255 0
    139 0 123 0 0 255 0 0 0 255 0 249 0 255 255 255 158 23 0 255 255 0
    255 0 0 0 0 255 255 255 255 0 0 0 0 0 255 0 36 0 228 243 61 93 0 0 0
    255 255 255 0 123 255 0 255 0 199 100 255 255 95 0 0 255 0 255 255 0
    74 0 0 255 255 0 0 0 255 255 255 255 0 255 49 153 255 255 255 255
    215 0 255 255 255 0 255 57 255 255 0 0 255 255 124 255 255 255 68
    255 255 255 150 255 255 255 255 0 56 0 255 0 255 255 0 0 255 255 228
    0 255 86 255 255 97 14 0 28 0 255 255 255 255 222 255 0 0 111 255
    255 0 255 0 255 0 46 0 232 187 255 255 0 255 0 255 0 255 255 19 255
    255 255 255 0 183 0 255 0 0 0 168 0 255 0 255 0 255 17 255 255 255
    126 0 0 0 0 252 255 255 255 255 0 255 47 0 0 0 255 255 204 69 0 255
    255 117 181 0 0 193 0 250 0 255 52 0 0 0 255 0 58 0 255 255 255 0
    255 255 0 135 0 0 0 255 255 255 0 255 182 0 208 0 255 0 255 0 0 243
    255 255 0 0 0 193 255 149 0 0 255 0 0 0 255 255 0 255 255 0 121 0
    255 255 255 255 255 0 255 255 255 255 0 0 0 255 255 255 0 255 0 255
    191 255 0 0 255 255 178 255 169 255 200 255 255 35 166 194 0 255 138
    117 255 0 0 0 255 255 242 0 255 0 255 0 51 0 255 255 255 0 255 0 0 0
    255 255 255 0 0 255 0 255 0 255 83 255 0 255 255 123 255 255 255 0
    255 0 70 255 239 255 0 255 165 83 0 0 11 201 255 0 255 0 31 99 255
    24 125 255 235 0 145 0 255 255 255 0 255 0 71 255 255 255 255 67 205
    194 0 0 170 123 255 255 255 112 0 255 0 255 255 33 99 221 255 255 0
    255 224 255 0 0 0 255 255 0 255 255 255 0 255 255 0 33 85 255 36 0 0
    129 255 255 255 0 0 255 255 0 0 0 0 255 255 255 255 0 255 0 153 0
    255 68 255 255 255 0 255 255 255 255 255 0 0 0 255 255 255 0 255 0
    255 255 0 0 226 217 255 0 255 255 255 255 0 0 255 255 250 35 0 255
    255 255 209 39 0 0 255 255 0 255 34 0 0 0 255 0 255 255 255 0 0 0
    255 149 0 0 255 0 0 0 255 255 255 0 0 227 186 0 0 83 0 0 255 255 0
    255 255 0 215 0 0 255 255 152 255 0 255 0 0 0 100 255 202 255 229 0
    0 255 0 255 70 255 255 255 255 255 0 176 0 255 255 0 255 0 255 0 58
    0 0 255 255 204 255 0 255 0 170 255 255 255 0 255 0 255 0 255 0 0 0
    255 255 0 255 255 0 222 190 0 7 0 212 89 11 0 0 18 0 0 0 255 0 18 0
    255 0 5 0 0 67 255 0 0 255 255 255 255 175 218 255 0 0 255 0 245 171
    0 124 0 37 24 255 0 255 69 0 0 0 0 186 255 255 255 0 41 0 135 255
    255 184 255 0 118 0 0 0 123 255 255 15 0 255 0 255 203 255 0 0 255 0
    239 0 0 0 0 255 0 0 255 255 0 142 255 27 255 0 255 0 255 255 255 0 0
    0 255 255 117 255 255 249 100 255 255 0 0 0 139 0 130 255 99 97 255
    119 0 0 0 255 255 132 70 255 255 255 0 18 255 255 255 209 0 255 255
    31 0 255 255 0 0 0 0 98 255 238 144 255 255 255 0 0 0 0 0 255 255 0
    0 100 0 51 0 255 255 0 0 0 255 0 0 0 255 255 255 255 0 255 255 255 0
    0 225 255 0 0 0 255 255 255 0 222 14 119 0 104 255 255 0 0 255 0 215
    0 255 255 255 137 0 0 3 0 255 0 0 255 138 0 255 0 255 0 201 0 0 0 0
    255 79 0 0 255 106 120 0 0 255 255 255 255 0 98 0 0 0 200 28 238 168
    255 0 255 0 255 0 255 0 255 0 255 255 180 0 0 0 0 255 255 255 0 0 0
    0 255 255 255 255 0 255 0 0 13 255 0 0 0 255 255 0 0 255 255 255 0 0
    0 0 255 255 255 255 255 0 0 255 0 255 141 0 255 255 0 0 255 255 255
    255 255 0 255 0 0 0 255 4 0 0 255 255 242 0 0 255 0 255 168 0 0 0
    255 255 255 0 0 0 170 255 255 0 0 0 0 0 255 140 255 255 255 0 150
    156 255 127 0 255 255 87 138 255 255 192 0 0 170 21 255 0 240 0 0 0
    255 223 0 233 244 255 255 255 79 0 44 34 0 0 255 98 255 93 0 99 255
    255 0 255 255 239 0 13 255 62 0 0 0 0 0 255 0 255 0 255 255 255 0
    255 0 186 0 24 23 0 0 0 0 254 113 106 71 246 41 182 52 0 0 36 0 0
    255 255 248 0 0 165 255 255 0 255 255 255 0 0 255 221 0 255 0 255
    255 0 255 0 24 99 0 0 255 255 255 255 0 0 0 0 255 254 0 0 161 255
    255 255 0 255 255 255 0 255 0 255 0 206 0 184 255 0 0 255 255 85 0
    255 0 255 255 0 219 0 255 148 255 0 33 105 255 0 0 0 0 17 255 255
    255 242 0 0 0 255 144 255 213 255 255 116 255 0 255 32 255 0 255 0 0
    255 255 255 0 0 109 255 0 0 255 0 255 255 255 255 0 0 0 255 0 255 45
    255 0 0 0 255 139 0 0 247 0 0 25 24 0 252 140 255 50 0 49 183 255
    255 0 69 0 255 255 255 181 0 0 73 255 66 255 255 246 255 0 0 255 255
    0 0 0 21 255 255 0 243 0 255 0 0 0 0 255 255 77 0 0 0 255 0 92 0 255
    0 255 0 99 255 255 99 255 0 255 255 188 174 172 88 239 255 255 2 255
    0 58 232 255 255 255 255 255 34 0 255 0 255 0 255 255 255 0 0 255
    255 1 0 0 0 0 255 0 249 255 255 0 223 0 255 255 255 255 0 255 255
    255 0 132 41 255 0 255 0 255 0 0 0 215 48 255 255 255 0 0 255 0 255
    0 0 255 255 255 255 0 0 231 255 192 255 0 0 0 255 255 0 255 255 255
    255 0 255 0 0 0 140 0 255 255 0 0 0 255 0 215 171 255 255 0 0 255
    255 255 0 255 0 241 0 255 0 107 255 0 0 51 255 0 0 255 0 255 0 0 0
    255 255 0 0 0 255 255 255 255 0 0 163 66 255 0 255 0 255 0 255 0 0
    225 255 255 204 0 255 0 0 0 255 255 255 255 0 0 255 255 255 255 255
    0 255 0 0 0 255 255 255 0 0 0 255 149 255 192 0 0 0 0 0 255 255 32
    238 0 255 0 255 187 255 0 0 0 180 255 213 255 255 0 255 0 0 169 255
    223 207 0 255 154 191 0 255 255 255 0 0 0 0 255 0 104 255 255 0 0 0
    255 27 0 0 255 255 255 14 0 0 255 0 0 0 0 254 255 255 64 255 255 255
    0 235 0 64 255 0 255 0 255 255 20 255 0 255 40 255 82 111 13 0 255
    255 35 255 0 255 0 255 13 0 255 100 90 0 255 255 255 0 255 181 255
    255 80 255 0 255 0 255 124 93 255 255 255 0 0 0 0 255 34 255 255 106
    0 0 255 255 255 16 0 0 0 255 153 110 0 255 255 112 255 90 0 19 255
    255 0 255 0 255 0 0 0 255 255 255 0 30 0 255 255 255 0 255 255 0 0 0
    181 0 224 0 255 172 255 0 0 255 255 255 0 255 174 255 0 0 0 251 255
    0 0 0 255 110 255 255 151 43 235 255 0 255 75 5 255 255 0 0 255 255
    0 0 255 0 255 255 255 0 255 75 147 0 255 0 255 0 0 86 255 255 106
    255 0 255 0 255 0 0 0 255 255 0 0 13 178 255 255 255 0 0 255 0 255
    27 255 0 255 255 255 255 255 255 255 97 0 0 255 0 0 0 0 76 180 0 255
    255 171 0 127 0 255 255 255 33 0 255 25 255 73 255 59 255 9 0 0 255
    255 192 154 208 255 0 255 0 255 255 0 147 227 0 0 255 255 11 0 118
    255 0 0 255 255 255 178 172 255 255 255 0 0 255 0 255 255 219 0 9 50
    255 255 255 0 255 0 233 252 255 255 190 255 0 255 0 126 255 0 255 0
    0 204 129 0 255 255 255 255 0 255 0 0 255 255 0 255 0 255 0 0 0 241
    0 255 0 0 0 136 255 0 0 255 255 192 0 0 255 255 203 0 0 255 16 255 0
    0 0 255 70 255 255 255 0 255 255 255 241 255 0 255 0 0 0 255 255 255
    255 255 255 10 0 100 157 0 255 0 255 0 255 0 0 180 60 0 68 255 0 0 0
    255 0 255 0 193 0 255 255 19 29 0 255 0 255 255 255 0 106 0 0 81 0
    255 141 181 255 0 0 103 0 255 0 55 0 0 0 255 0 255 255 255 0 0 0 255
    142 41 0 161 255 255 255 1 0 255 255 255 57 212 0 255 0 140 0 255 0
    0 137 255 255 0 255 0 192 0 0 255 255 255 0 255 0 0 0 0 198 0 255
    194 0 0 71 94 255 160 0 255 255 255 255 255 0 255 255 255 255 255
    121 0 0 255 139 204 0 0 0 0 12 255 255 0 0 0 9 0 255 0 255 0 0 0 0 0
    0 221 229 255 0 255 0 255 0 255 0 168 255 79 0 255 255 49 0 0 59 150
    0 255 140 255 255 0 255 0 255 255 0 255 0 3 0 255 0 0 255 255 255 0
    0 255 0 0 0 255 255 174 139 0 255 67 255 79 0 84 0 156 255 211 73 0
    0 255 255 0 255 0 255 0 255 0 201 0 255 255 80 0 124 0 4 0 255 0 255
    255 171 255 0 255 0 246 0 255 255 0 255 255 29 0 255 75 255 255 0 0
    0 227 255 255 0 255 255 0 0 0 255 255 0 0 0 255 255 0 0 66 255 255 0
    0 0 0 0 255 255 255 255 255 63 46 0 255 0 255 0 255 255 0 0 0 255
    255 201 255 0 255 255 215 0 255 255 255 0 0 18 106 0 255 0 0 0 255
    255 255 0 162 121 255 23 255 57 0 0 255 0 255 0 0 0 199 255 255 0
    118 108 255 142 114 0 255 231 255 0 255 0 255 0 255 0 255 0 0 0 255
    17 234 0 207 128 80 0 14 255 255 255 184 255 0 165 157 0 255 255 0
    255 255 255 255 255 255 0 0 255 255 206 234 255 0 255 0 0 255 251
    255 0 255 0 0 255 0 0 255 255 255 50 214 255 23 174 205 0 219 255
    255 0 0 255 94 255 0 255 0 255 0 255 0 0 0 0 52 0 203 52 255 255 161
    255 255 39 0 0 255 255 255 120 154 255 0 255 0 173 0 255 197 255 0
    255 0 0 0 255 0 255 255 255 115 0 0 143 255 255 255 0 255 0 255 0
    255 0 0 255 255 255 255 255 0 0 43 255 255 255 0 0 209 255 0 255 0
    255 0 255 0 255 0 255 255 255 255 255 0 255 255 0 122 0 161 115 0 0
    255 255 255 210 0 0 255 0 255 45 0 217 0 255 255 255 255 0 0 2 255 0
    255 51 218 31 230 0 0 249 108 255 0 89 0 31 0 0 0 255 240 255 255
    255 255 255 0 255 0 255 0 255 0 0 122 255 0 255 0 255 255 0 0 0 255
    0 0 0 255 255 0 53 0 255 255 255 0 255 244 255 255 0 0 255 86 0 255
    115 255 141 255 255 253 0 255 0 71 5 255 255 255 0 255 0 0 0 255 255
    255 0 109 0 255 104 0 0 0 255 0 255 0 0 0 255 165 255 0 0 0 255 23 0
    0 0 255 0 96 0 0 20 5 0 0 255 0 0 149 0 255 0 255 77 0 0 190 244 255
    255 255 0 255 0 206 0 250 255 24 255 0 255 245 255 0 255 255 0 67 77
    255 255 0 0 93 255 255 255 0 0 0 88 0 0 255 255 255 0 39 0 255 0 167
    255 255 221 0 255 255 196 0 0 0 255 0 255 0 255 96 253 0 0 255 255
    62 0 0 118 255 91 255 210 0 0 0 255 255 20 0 0 0 255 44 14 255 255
    255 255 255 255 0 177 255 255 131 0 57 255 184 255 0 0 0 172 255 0
    255 0 0 255 255 0 238 255 0 255 11 255 255 255 253 0 0 255 255 255
    255 0 255 255 249 18 0 255 0 255 0 255 255 0 168 255 255 0 247 255
    206 255 0 0 255 0 255 0 255 255 255 219 0 0 255 0 0 0 255 0 255 40
    255 0 0 227 189 1 255 255 255 255 0 255 156 255 37 0 0 0 255 255 255
    0 46 255 255 0 0 0 0 0 255 255 240 71 0 255 49 255 0 255 137 255 14
    182 255 0 0 255 255 0 0 55 255 0 255 0 255 255 255 255 0 0 0 183 0 0
    0 255 0 255 114 75 255 135 0 198 92 0 255 255 255 255 255 255 126 0
    34 0 255 0 255 0 255 0 156 255 0 255 0 0 241 213 255 255 0 0 146 0
    255 255 255 0 0 0 0 255 255 255 0 255 0 255 52 0 0 255 255 255 255 0
    255 0 199 58 255 0 255 4 255 255 255 0 0 70 255 255 0 29 0 33 0 255
    0 255 143 236 255 255 255 0 255 0 255 0 255 0 28 0 221 255 255 255 0
    23 105 1 0 255 0 0 0 255 0 255 255 255 0 0 0 255 0 255 255 255 196 0
    0 0 255 255 0 0 0 255 255 255 135 255 0 255 0 255 255 255 255 0 0 0
    255 255 255 0 227 0 255 145 107 0 0 255 255 255 0 255 68 255 185 255
    255 0 0 0 255 255 255 0 0 255 0 255 206 255 0 0 0 243 255 255 0 0 46
    255 160 255 0 255 114 0 221 29 255 37 255 255 255 255 30 46 255 255
    0 252 255 255 0 0 63 255 88 0 146 0 96 0 108 0 255 0 255 0 255 43 78
    255 255 255 142 0 91 255 255 175 255 32 0 0 255 0 0 255 255 232 0 0
    0 0 180 255 255 0 32 70 0 0 255 225 251 0 0 255 0 0 146 0 255 0 255
    0 255 0 255 0 255 0 32 0 0 0 0 0 0 255 249 255 0 0 255 31 208 255 0
    0 0 255 255 255 0 0 0 0 255 255 201 0 210 0 0 255 255 255 0 0 0 0
    255 255 255 136 0 94 224 255 198 0 0 255 0 0 222 255 0 1 125 255 179
    0 255 229 0 0 255 255 255 0 0 255 255 255 120 0 255 0 255 0 191 255
    191 255 229 255 0 255 0 204 0 255 107 255 255 255 0 255 0 255 219 0
    0 0 255 0 255 0 222 255 0 0 0 255 143 255 0 101 255 192 255 23 255
    57 0 255 0 0 255 255 255 0 0 0 255 0 255 0 255 255 0 0 0 185 255 0 0
    236 0 123 6 255 255 255 0 0 232 255 191 255 255 0 0 140 167 0 255 0
    47 255 91 255 66 38 63 0 255 0 255 0 255 0 0 116 228 255 0 0 0 12 0
    237 151 255 255 255 255 255 152 0 54 255 255 255 0 0 0 0 19 255 255
    0 73 255 255 26 0 0 0 0 255 255 0 255 0 255 255 0 255 144 255 0 255
    113 0 79 0 228 0 255 0 42 255 0 255 208 255 254 0 255 255 255 10 255
    255 0 255 0 0 255 0 255 0 255 0 255 255 255 255 0 69 0 0 59 192 255
    255 255 255 0 255 0 255 255 255 0 0 5 0 0 0 255 255 242 0 255 255
    255 255 0 130 21 255 255 255 255 0 255 0 0 255 255 0 134 255 255 231
    72 255 0 0 0 0 0 255 255 247 255 255 213 0 0 0 0 255 0 207 91 22 0 0
    189 255 0 255 0 255 0 185 255 237 0 0 0 255 255 255 0 9 0 0 0 255
    255 255 0 0 255 255 0 227 0 178 255 255 255 0 13 255 255 25 0 0 233
    0 255 255 255 7 210 0 0 32 170 255 255 247 0 255 0 255 25 109 255
    127 255 255 255 255 0 179 0 0 255 0 255 0 0 0 0 0 227 255 0 0 0 255
    255 255 0 255 255 0 0 255 255 231 0 0 255 237 0 43 117 130 255 0 255
    25 255 0 255 92 185 0 255 0 7 0 124 255 0 48 0 255 41 2 0 0 14 255
    68 255 0 0 0 0 255 255 255 237 0 0 255 0 140 161 255 255 0 255 255 0
    255 0 0 0 255 255 44 255 255 255 0 0 255 0 255 0 0 0 0 255 255 0 202
    0 162 255 255 0 0 0 0 255 255 255 255 0 0 0 0 255 0 255 49 162 255 0
    0 64 0 247 255 171 255 0 238 158 108 223 81 0 0 0 255 255 255 0 79 0
    255 0 0 4 0 255 0 51 0 0 255 0 255 0 255 31 255 0 0 0 255 0 0 255
    255 0 0 0 0 255 255 255 127 255 0 0 0 255 77 255 255 0 255 124 0 0 0
    255 255 0 0 0 91 255 240 255 225 255 255 0 0 255 51 0 255 31 255 25
    255 0 255 0 255 255 255 0 255 255 0 255 0 255 0 91 255 255 0 255 255
    82 255 0 255 255 227 0 0 0 176 47 0 255 246 255 0 53 193 255 0 0 179
    246 255 255 0 0 0 255 255 255 66 11 255 0 0 0 0 167 14 255 0 0 0 255
    255 0 255 0 255 0 0 184 255 0 152 255 255 0 255 0 255 255 250 0 0
    255 0 255 255 255 255 0 255 255 181 0 0 0 255 255 255 255 96 135 0
    122 255 255 255 16 255 0 0 0 0 255 0 113 0 255 255 255 0 0 255 255
    255 25 255 0 24 0 255 255 255 0 0 0 0 255 255 255 110 251 0 255 107
    227 0 0 0 212 0 255 255 255 0 0 0 255 255 255 3 255 0 140 0 255 255
    255 0 0 124 209 0 255 255 107 0 224 206 255 82 255 0 0 0 255 255 255
    255 232 0 134 0 255 0 130 23 255 255 255 0 0 249 0 255 255 0 0 0 0 0
    100 255 255 255 255 255 0 123 255 255 255 0 255 255 255 199 0 0 0
    255 0 123 255 141 79 0 255 0 73 255 255 68 0 0 0 255 0 193 255 255
    255 1 93 0 255 255 158 0 0 0 255 91 255 255 0 0 182 0 255 0 255 0
    108 0 255 155 223 0 255 36 255 0 255 234 255 0 132 82 255 0 0 0 185
    255 255 255 0 255 255 255 0 241 0 166 255 153 255 255 0 255 0 255 79
    255 0 255 255 255 0 0 255 255 34 255 255 0 183 255 0 0 0 0 0 255 193
    0 0 0 255 255 99 0 0 0 255 255 255 0 255 231 255 0 255 255 255 0 255
    0 255 255 255 0 0 0 0 255 255 255 255 250 75 110 255 15 255 255 255
    0 0 0 0 255 0 255 255 255 0 0 255 255 255 255 0 54 12 109 255 212
    255 0 255 0 0 167 255 139 0 0 255 255 220 0 0 255 0 255 0 0 0 255
    255 0 0 0 255 0 64 78 255 0 0 0 0 226 255 255 0 95 0 0 0 183 255 255
    255 255 255 0 0 255 255 139 255 255 255 0 0 245 255 0 0 255 255 255
    255 156 255 192 47 0 0 58 202 255 255 80 0 0 251 255 255 255 0 186 0
    125 0 0 0 0 2 255 255 0 75 183 255 255 65 255 14 0 0 50 255 255 255
    0 0 137 201 255 255 255 113 0 100 170 136 255 0 255 0 0 177 255 255
    255 73 0 238 255 0 0 0 191 0 255 43 0 0 26 74 255 255 105 0 103 0 0
    255 255 255 0 255 0 242 255 183 255 0 0 0 0 255 0 53 0 0 82 153 0
    255 0 255 38 255 255 255 0 238 81 6 255 31 255 0 255 74 255 255 255
    115 255 205 213 0 0 0 255 0 0 0 255 255 255 0 255 255 255 0 255 0 0
    0 255 103 0 0 0 108 255 246 0 0 0 255 33 147 113 130 0 255 0 0 0 0
    255 255 0 22 0 255 197 255 0 255 0 255 0 255 255 255 0 90 0 0 0 0 0
    0 255 255 255 0 206 23 255 255 0 255 136 255 255 0 0 164 0 0 0 255
    255 138 255 157 255 151 255 0 255 255 255 255 224 255 255 255 255 0
    255 255 0 0 53 255 255 255 0 134 255 255 0 255 255 255 255 0 255 32
    0 0 135 255 0 26 0 0 255 0 255 0 255 255 0 255 0 255 0 255 0 0 255
    40 255 46 91 8 255 255 239 56 255 255 0 255 0 64 255 255 255 0 198
    255 0 255 0 255 255 0 0 0 1 25 100 0 0 0 255 0 255 0 177 0 255 255 0
    0 0 255 255 15 19 255 255 255 255 72 255 0 0 255 255 0 0 255 255 76
    0 83 255 255 0 0 107 135 157 0 255 0 255 0 255 255 0 0 45 3 97 0 0
    255 0 255 0 177 118 255 0 255 255 0 0 162 121 0 255 0 255 169 0 0
    255 0 0 0 36 255 14 240 20 19 254 255 0 0 0 101 255 255 0 0 0 255 58
    15 255 2 255 0 255 173 239 255 255 0 0 0 255 0 255 0 0 0 0 216 255 0
    255 0 0 255 255 255 0 255 0 255 255 255 0 0 255 255 94 255 255 255
    210 0 0 0 255 255 0 0 0 255 255 0 142 0 255 0 255 219 255 255 0 0 93
    99 255 255 0 0 255 255 0 0 255 0 255 0 0 66 0 255 255 255 110 0 156
    0 255 255 255 0 255 0 255 201 255 0 127 255 199 255 255 255 0 0 0
    255 255 255 0 143 0 255 255 0 0 0 226 255 255 255 0 0 255 255 217 0
    11 0 255 0 87 0 157 255 0 0 0 255 255 0 0 0 255 194 109 0 0 0 0 0
    255 255 102 0 0 255 255 255 0 255 79 200 0 255 255 255 23 255 255 0
    0 0 0 0 0 34 255 255 255 0 0 200 255 0 255 0 255 127 255 0 0 0 255
    255 255 0 96 255 0 255 0 255 137 0 0 0 127 255 255 172 255 0 0 0 0 0
    255 255 0 255 255 11 255 255 0 213 255 255 255 0 255 0 34 0 255 0 0
    0 255 255 0 0 0 255 0 0 255 255 255 145 0 0 0 0 255 255 0 165 0 96 0
    255 255 255 0 0 0 0 255 0 149 0 255 255 0 255 0 255 0 0 255 0 72 255
    148 255 0 41 255 255 0 29 191 255 255 0 0 196 255 0 255 0 255 68 0 0
    255 0 0 0 255 255 255 255 255 0 255 255 255 255 255 0 0 0 79 255 255
    0 255 0 255 0 255 255 255 0 169 0 116 56 0 0 0 0 0 0 0 255 255 0 0
    255 0 146 255 112 0 0 26 0 255 77 255 59 237 0 255 255 0 0 0 0 255 0
    34 237 255 255 255 255 0 0 0 0 255 255 0 255 0 0 0 255 154 0 255 105
    36 0 255 0 152 0 255 0 0 0 255 255 255 255 0 255 255 255 255 0 0 208
    0 255 255 255 0 255 121 0 21 255 0 115 0 255 255 255 168 53 242 255
    0 255 185 255 51 0 255 0 0 0 72 255 255 255 10 0 0 0 255 255 255 0 0
    0 255 255 255 255 0 255 0 0 0 145 255 255 0 255 0 0 0 55 0 0 255 0 0
    255 17 255 0 0 0 0 255 255 255 0 0 255 255 0 0 0 186 255 0 0 0 255
    160 255 205 255 255 0 191 255 255 0 229 0 138 247 0 255 158 255 235
    255 0 0 87 176 255 255 255 0 255 0 0 255 60 0 0 157 255 255 255 0 0
    0 0 255 0 255 0 255 118 0 87 0 255 0 0 0 0 255 255 255 255 116 255
    255 0 0 205 255 0 255 228 255 0 0 0 0 0 0 0 255 176 255 31 8 255 180
    255 0 255 0 185 95 0 255 255 255 0 0 0 255 0 102 255 197 0 0 255 0
    254 255 0 0 233 10 0 0 255 222 255 0 255 255 255 0 112 255 0 0 255
    255 255 0 255 255 0 91 255 255 0 255 0 255 0 255 0 216 0 39 0 0 255
    0 255 0 255 255 255 255 255 255 224 0 0 0 255 255 255 0 0 232 255 0
    0 255 255 255 0 0 0 154 255 255 0 0 34 60 0 0 255 0 255 255 255 0 0
    47 255 255 255 140 255 0 0 67 0 255 255 255 0 0 0 255 255 204 0 0
    255 255 255 0 0 255 255 255 0 0 0 255 255 255 255 0 0 0 255 0 255 0
    0 0 255 255 255 0 255 0 255 0 255 189 255 0 0 148 132 255 0 255 0
    255 0 0 255 0 255 0 255 0 113 187 255 255 0 0 0 255 255 255 255 232
    0 0 169 81 0 0 0 0 0 0 255 58 255 0 207 104 255 0 0 255 255 255 0 0
    0 255 255 255 255 0 0 12 255 114 0 126 255 255 255 0 0 0 0 0 255 88
    255 0 255 0 0 255 255 255 0 0 255 255 255 0 148 255 255 239 0 0 255
    0 255 227 0 0 0 255 255 139 0 105 0 154 0 9 255 220 223 0 255 0 255
    0 255 193 255 0 0 255 255 255 0 255 255 96 0 16 0 232 228 255 0 0
    108 255 255 0 0 0 83 255 0 255 255 255 255 255 0 0 255 255 0 255 255
    0 0 255 255 255 98 136 0 0 0 176 255 0 255 0 255 0 255 255 255 0 165
    0 193 0 0 0 192 255 255 0 0 0 0 255 255 255 0 255 0 65 199 170 0 255
    238 0 255 255 194 194 255 255 0 0 255 0 224 255 0 0 140 180 0 72 255
    0 214 0 255 255 0 0 255 255 255 0 0 0 0 181 255 255 0 216 161 242 0
    44 255 255 255 0 0 0 0 224 255 0 128 0 34 172 255 0 0 0 255 255 255
    0 255 84 3 0 224 255 255 255 0 255 0 165 0 205 255 149 0 255 82 255
    197 0 0 233 156 255 0 40 255 128 0 0 0 255 255 0 0 0 255 255 0 65 0
    255 255 255 255 0 74 0 255 0 255 0 255 0 0 0 255 42 255 0 255 0 29
    255 255 120 213 220 189 43 0 255 0 255 0 0 255 255 0 0 255 211 255 0
    139 255 255 126 31 0 0 255 255 0 255 255 255 255 58 196 0 0 79 0 255
    0 255 0 0 255 255 255 0 25 254 255 25 255 255 0 0 0 255 0 255 255
    109 255 255 255 0 0 169 0 255 224 255 255 0 92 0 178 0 255 0 0 159 0
    0 86 0 255 0 255 255 0 0 0 255 255 255 255 124 0 166 255 255 213 93
    255 255 255 0 0 0 81 255 255 0 0 0 139 255 255 0 0 0 0 255 179 255
    70 200 0 0 255 255 194 255 0 0 0 11 0 181 47 255 255 0 255 255 42
    255 0 255 0 255 0 0 0 255 16 255 0 255 255 255 255 255 0 0 255 255 0
    44 255 255 255 255 0 255 255 255 0 43 0 0 236 255 255 0 70 255 255 0
    255 156 175 56 0 0 255 255 184 0 0 255 255 0 0 255 255 0 255 0 0 255
    0 255 0 255 0 255 0 255 0 0 0 255 255 255 0 113 0 0 195 0 86 0 255
    255 255 76 255 0 255 0 255 0 23 130 255 255 0 0 0 255 0 255 255 255
    0 255 0 255 0 255 132 125 0 0 255 101 0 0 0 180 47 15 0 0 0 255 255
    255 255 0 255 0 61 8 255 255 0 255 255 0 255 0 0 255 242 255 0 255 0
    255 255 0 0 0 255 0 0 0 132 0 0 255 179 0 255 255 61 0 0 255 0 0 0
    255 0 87 255 0 0 56 0 255 76 255 0 0 0 236 255 255 191 0 0 0 229 255
    0 183 255 255 0 0 0 0 255 255 255 0 0 255 0 255 0 255 255 215 255
    255 255 0 0 255 255 255 0 0 105 0 0 170 255 0 255 255 0 0 0 255 255
    255 0 102 255 0 0 0 168 255 255 0 255 255 255 0 0 0 255 255 131 22 0
    0 255 255 255 0 0 11 0 0 0 255 0 69 85 255 0 255 0 0 0 255 255 255
    255 255 0 0 142 0 0 50 0 255 255 255 255 0 0 188 255 255 245 60 0 0
    0 255 255 255 0 0 255 255 0 0 255 0 0 255 139 255 0 255 74 0 0 0 255
    255 255 255 136 0 0 0 0 255 0 0 255 255 125 0 199 236 255 255 255
    255 0 0 0 0 255 0 255 255 255 0 54 255 255 255 255 0 255 0 255 0 255
    0 255 208 255 0 204 255 255 0 0 255 0 255 0 255 189 225 124 0 0 0
    255 0 255 0 255 0 134 69 0 255 67 0 0 0 255 76 255 255 0 255 0 255 0
    186 255 255 255 0 255 255 255 255 0 255 0 255 0 140 0 255 0 255 181
    255 255 0 255 255 82 0 0 234 255 0 255 0 255 255 255 0 255 0 255 255
    0 0 255 0 255 255 255 255 255 255 0 0 255 214 255 199 255 255 216 0
    0 216 255 255 0 255 0 255 0 255 0 255 160 64 0 255 243 90 0 255 127
    172 0 255 0 255 0 0 0 255 147 0 254 255 91 0 0 163 255 0 0 255 255 0
    21 255 255 0 0 0 0 255 0 69 0 0 0 255 255 255 166 0 255 255 2 184
    255 0 255 0 255 198 172 0 255 199 255 0 0 0 0 255 0 134 125 255 255
    218 0 255 0 57 255 170 80 255 255 0 0 0 255 0 255 0 0 72 244 255 251
    255 255 115 117 0 0 255 0 0 0 255 0 0 255 201 0 85 255 101 255 0 0
    244 0 0 0 0 255 0 255 0 0 0 0 119 52 0 0 0 0 100 255 255 0 0 255 255
    12 255 41 255 0 0 255 255 13 0 0 0 0 255 255 255 0 0 0 255 255 77 0
    136 255 141 53 0 255 241 255 216 0 203 0 255 255 47 156 0 255 45 255
    0 255 0 0 0 190 255 0 0 0 0 0 0 6 255 0 255 0 255 0 255 10 255 255
    255 0 255 171 0 255 79 255 170 0 255 0 255 0 0 0 0 37 0 0 182 0 255
    0 255 40 255 0 255 61 255 255 0 255 0 0 0 55 255 255 255 0 0 0 0 0
    255 255 0 255 0 0 255 255 255 0 255 0 49 0 37 0 116 255 0 255 0 0
    255 255 255 255 0 0 74 255 255 219 0 0 0 0 255 0 255 255 0 0 188 0
    129 255 0 0 129 255 255 175 255 255 255 0 221 0 0 158 255 215 255 0
    0 0 255 255 255 255 0 255 126 0 255 72 255 180 15 0 255 0 0 255 255
    255 0 16 255 82 255 0 255 255 0 0 85 136 255 255 255 255 255 0 255
    212 255 0 0 0 255 0 106 0 255 0 0 255 255 255 0 0 0 255 0 255 255 0
    0 36 0 172 0 255 255 146 255 0 177 255 255 255 0 0 59 255 255 255 46
    0 0 0 0 255 146 0 99 0 255 0 147 255 255 140 255 0 0 0 255 255 94
    255 0 255 255 192 0 0 0 255 60 255 255 255 0 0 196 0 255 0 255 0 0
    255 108 55 255 255 0 0 0 255 0 255 0 0 238 255 255 76 0 0 0 250 255
    0 255 255 139 0 0 255 137 255 201 255 55 47 255 255 255 255 0 255 0
    255 0 255 255 0 0 0 255 255 0 0 125 183 255 0 0 255 254 88 255 0 0
    255 255 255 255 0 0 0 0 0 255 255 44 0 0 255 255 0 42 57 69 0 255
    255 255 0 0 255 0 0 0 0 94 255 255 255 255 0 0 255 255 255 255 255
    255 0 255 0 0 0 255 255 61 0 91 0 0 255 119 255 255 240 255 0 0 0
    112 255 0 255 145 255 0 255 0 255 0 255 0 255 0 255 255 57 255 49
    166 0 0 0 0 255 0 255 0 255 0 255 141 17 0 0 103 255 255 255 255 0
    255 182 255 0 255 255 187 0 255 255 255 0 0 92 98 0 0 0 103 255 0 0
    255 255 0 0 0 255 255 0 255 255 113 0 199 0 0 0 0 255 255 255 255
    189 0 255 0 255 0 255 110 255 0 255 255 0 79 0 255 255 0 0 0 255 0 0
    128 0 152 72 0 255 255 255 0 0 233 137 255 255 97 0 255 0 202 255
    255 0 255 0 0 129 255 0 0 255 246 0 0 255 255 0 0 0 255 255 255 178
    40 255 255 0 201 255 255 255 0 0 0 0 181 0 0 0 255 255 45 255 32 255
    0 92 0 0 255 255 255 0 49 209 0 255 0 255 255 0 0 255 255 255 255
    255 255 0 0 108 0 0 0 255 0 255 255 255 0 255 255 255 0 0 247 255
    255 0 255 0 255 52 255 255 255 0 62 255 0 255 0 255 255 255 142 255
    255 69 0 146 4 0 154 0 250 0 255 0 255 183 0 255 0 255 0 0 0 255 255
    32 0 169 113 123 0 0 255 87 255 59 152 0 206 255 255 0 0 255 255 255
    49 0 255 0 0 255 0 0 0 255 255 0 255 255 135 255 255 142 0 0 0 255
    255 255 0 45 0 142 54 255 255 0 255 255 255 163 255 0 0 0 20 255 88
    106 0 255 255 255 255 255 0 0 0 0 255 255 0 0 0 255 255 255 212 255
    95 255 255 0 0 0 0 192 255 255 0 5 0 146 0 255 0 0 255 0 0 102 255
    255 0 255 26 164 0 40 63 0 0 255 255 199 255 192 255 255 0 0 255 255
    22 255 138 0 255 0 255 255 156 255 0 255 0 0 0 255 0 255 255 0 146
    59 255 78 106 255 0 255 255 255 0 255 0 255 183 255 43 255 0 255 0
    255 146 255 0 0 148 255 98 255 255 255 0 255 0 255 255 88 0 0 0 255
    255 0 124 255 255 0 0 0 0 163 255 255 146 0 255 255 255 0 0 0 255 0
    88 137 255 255 0 0 0 255 0 255 255 0 0 0 255 255 255 255 251 66 0 0
    255 255 255 0 0 70 13 0 0 255 0 0 255 6 255 189 0 0 245 255 0 255
    173 0 0 0 255 255 34 86 0 255 255 255 0 117 17 0 0 0 255 255 255 0 0
    0 75 255 255 0 0 0 115 0 12 255 148 255 0 0 0 255 255 0 39 0 200 255
    255 0 0 0 28 79 255 255 255 0 255 0 163 0 0 255 255 255 191 0 0 255
    0 255 255 0 0 255 255 28 87 59 255 0 0 133 255 255 255 255 0 0 126
    255 255 0 0 0 11 255 255 255 0 0 0 0 0 92 255 0 0 255 255 0 0 0 255
    255 0 0 23 255 255 0 0 255 243 80 255 0 240 255 255 0 0 255 255 255
    255 255 0 255 0 0 255 255 255 255 255 0 0 196 0 201 148 0 255 255 90
    0 255 0 125 0 255 255 255 55 211 0 0 95 255 171 0 0 230 255 0 0 220
    255 255 255 0 0 0 0 14 0 255 255 255 0 0 235 0 86 0 0 255 255 28 0 0
    255 255 113 239 0 255 0 255 255 0 0 0 255 103 255 10 0 255 0 105 0
    255 116 255 0 255 34 255 134 255 0 0 255 0 0 255 255 255 186 238 0
    255 0 255 0 255 0 0 0 255 255 255 0 120 0 54 255 64 168 255 0 0 0
    255 2 167 0 255 72 0 0 36 255 0 179 255 255 0 0 255 255 255 255 255
    0 0 6 0 255 108 0 255 255 0 0 0 166 231 0 0 0 255 255 130 255 0 255
    255 255 255 7 0 255 0 255 0 255 0 0 0 12 255 0 255 255 255 0 182 22
    255 170 0 0 255 255 83 0 0 0 255 255 255 255 0 0 0 93 255 255 6 0 0
    143 134 9 255 0 255 0 96 255 255 235 0 94 0 255 255 0 0 0 255 255
    255 0 0 0 0 255 0 22 255 255 0 202 255 0 0 255 94 0 0 172 0 1 255
    255 255 218 255 0 0 255 255 104 0 50 118 0 0 0 219 61 0 0 255 255 52
    255 0 0 0 0 255 0 255 0 255 191 255 107 0 255 255 255 255 0 0 255
    255 255 0 0 115 88 255 0 0 255 0 255 255 255 255 0 255 255 0 0 226
    255 199 0 255 255 255 255 255 105 0 255 0 255 0 255 183 255 0 0 180
    255 255 255 0 0 0 255 0 0 255 255 0 255 0 255 255 0 255 0 0 0 0 0
    255 255 255 255 208 255 0 0 0 0 10 255 255 148 0 194 0 235 0 255 0 0
    0 73 0 92 255 0 255 0 47 255 255 81 98 255 0 255 0 255 0 0 0 0 255 0
    255 0 0 246 0 0 218 255 0 255 255 255 0 0 0 0 62 0 44 255 255 0 255
    255 234 106 255 0 255 0 0 0 0 255 0 123 204 233 255 72 255 255 255 0
    0 0 0 255 134 95 75 0 255 0 0 0 0 255 0 255 0 254 255 101 0 255 255
    0 255 255 27 0 43 255 85 255 0 0 47 255 0 0 99 255 255 255 204 0 255
    255 255 0 0 255 0 246 0 255 255 60 80 0 0 255 0 0 255 190 0 255 0
    188 0 0 255 255 137 0 0 255 0 255 14 255 255 255 109 0 0 0 255 0 0 0
    12 255 255 112 0 0 0 255 255 255 0 0 0 255 0 255 0 0 0 53 0 255 0 0
    0 255 255 255 10 0 255 9 255 0 255 255 244 0 0 158 0 255 239 255 0
    202 205 255 0 161 0 0 255 0 49 0 255 255 0 0 0 255 8 255 0 255 255
    255 226 0 0 255 255 255 0 0 109 12 255 255 109 0 238 0 27 53 255 0
    255 0 255 81 255 0 0 0 255 0 0 255 214 255 0 0 20 255 255 255 0 255
    0 255 255 93 113 0 53 0 255 0 255 0 0 0 255 255 255 0 255 0 255 0 0
    255 68 255 0 255 0 255 0 255 0 255 255 156 0 0 0 255 255 255 255 0 0
    255 0 21 0 255 0 81 44 0 128 255 0 0 0 0 255 255 255 107 0 0 255 0
    92 0 0 231 255 255 255 254 0 0 0 0 0 255 254 0 255 0 0 0 92 0 255
    109 255 0 212 0 0 7 6 105 0 255 0 97 161 0 0 0 0 255 215 141 3 255
    79 255 0 255 0 255 0 255 255 0 0 128 0 0 40 0 0 255 255 255 31 0 0
    255 0 0 255 255 255 0 255 255 255 36 0 0 255 255 0 0 0 255 255 199 0
    255 255 0 0 0 255 238 164 255 255 255 255 0 75 0 12 165 255 0 255 0
    0 255 255 255 59 0 80 0 245 0 255 255 32 0 80 0 255 255 255 45 0 245
    0 0 0 255 255 255 0 72 0 255 255 255 251 255 0 254 0 0 0 72 255 255
    255 36 196 255 255 255 255 0 0 0 0 0 255 255 255 0 0 121 176 206 255
    51 0 149 152 214 255 0 229 255 0 255 0 0 0 255 255 17 152 0 255 255
    255 0 19 255 0 255 236 0 0 255 0 0 255 234 255 0 178 255 255 0 0 0
    255 255 255 0 0 255 69 0 250 255 255 0 0 0 255 255 255 236 255 124
    141 0 0 255 0 255 255 0 58 0 255 255 255 0 0 0 255 255 124 59 8 255
    0 255 139 0 255 0 0 248 255 0 255 0 255 0 255 50 0 4 0 255 0 255 255
    0 255 0 0 0 255 0 76 195 168 255 112 255 0 255 0 255 8 0 0 0 255 31
    0 0 255 255 255 255 0 0 172 255 255 0 255 0 0 0 0 247 0 255 0 255 0
    255 0 218 255 0 0 255 255 0 0 0 38 255 255 255 0 255 255 255 194 0
    20 255 255 0 18 0 0 0 0 255 223 255 255 146 0 0 0 255 255 0 0 255
    255 0 237 66 255 255 255 0 0 220 0 255 255 0 0 20 255 255 165 0 0
    194 255 0 255 79 223 126 0 255 0 255 255 255 0 0 0 0 0 229 255 255 0
    0 0 255 249 255 93 255 255 0 125 0 255 0 255 226 255 255 186 191 0 0
    0 255 0 58 27 255 0 89 255 0 255 0 255 212 255 35 0 255 255 255 0
    255 163 0 28 0 0 0 0 255 0 90 0 255 255 0 255 0 255 26 0 0 255 121
    255 188 255 177 255 0 255 0 255 0 0 0 30 0 0 255 0 255 93 255 255 0
    0 255 0 164 0 255 255 255 255 255 192 255 0 255 255 255 0 0 107 184
    255 255 255 0 255 0 255 0 138 97 255 124 0 0 0 0 104 49 0 53 0 255 0
    243 255 0 0 0 255 0 148 0 255 255 0 0 255 255 0 214 0 0 120 255 0
    255 0 0 0 255 255 0 255 0 247 255 59 0 0 255 255 255 0 255 255 255 0
    0 255 211 255 176 255 255 255 0 255 0 0 204 176 255 255 255 33 0 171
    0 255 255 255 0 255 0 0 3 75 255 255 176 0 10 255 255 255 38 255 255
    255 0 0 0 255 255 255 255 255 129 0 0 0 255 0 255 0 255 255 224 110
    255 255 0 0 255 255 0 255 0 255 215 201 255 0 136 0 0 133 0 255 32
    255 89 255 255 255 0 67 0 255 0 0 0 189 3 0 214 149 255 0 255 255 21
    0 255 201 255 255 0 0 0 255 255 229 0 0 94 103 0 255 255 0 0 0 157 0
    1 227 22 251 0 255 0 255 0 255 33 255 0 70 0 169 198 255 0 255 0 255
    0 0 255 255 0 137 255 255 222 0 0 0 0 255 0 241 0 255 255 0 73 0 255
    255 255 0 255 0 255 0 255 150 0 0 0 240 255 250 255 63 0 0 255 0 255
    136 255 247 255 221 255 255 255 0 255 115 236 0 255 255 255 255 0 0
    0 0 241 0 140 0 255 0 0 27 0 0 24 255 255 255 0 255 0 0 0 255 255
    255 0 124 0 255 117 255 255 0 13 0 0 0 255 255 255 0 0 255 255 0 255
    179 0 193 255 255 0 255 232 0 0 101 255 0 255 0 0 0 0 0 255 235 28
    255 96 0 0 255 255 255 0 255 255 255 26 0 0 0 0 0 255 14 0 0 255 255
    236 0 0 0 0 255 255 0 255 255 255 91 0 0 255 255 0 0 255 0 210 155 0
    255 0 255 255 0 255 238 255 0 0 203 0 0 19 255 255 0 255 0 0 255 255
    255 0 255 110 255 0 255 0 255 0 137 118 72 0 82 207 255 0 0 135 255
    0 0 255 237 255 255 255 0 0 255 255 32 42 0 0 255 107 221 0 48 255
    255 0 0 255 0 255 0 255 255 255 0 119 0 0 0 255 255 13 66 255 82 0 0
    0 255 255 175 255 255 255 0 0 0 255 255 255 0 0 66 255 255 91 255 0
    255 255 0 0 0 255 208 255 255 255 0 0 108 251 0 0 255 0 255 126 255
    0 0 0 255 255 255 255 0 55 0 255 110 255 0 0 166 255 150 0 255 255
    255 0 0 127 0 255 255 255 210 0 0 166 255 0 0 247 255 255 0 0 0 255
    255 0 255 1 255 255 255 4 210 0 22 0 0 153 255 0 239 0 255 255 0 0
    255 255 255 0 0 0 255 20 0 0 0 255 255 255 255 255 255 0 83 0 0 0
    255 255 255 0 0 0 255 0 0 255 255 0 0 0 0 255 255 78 0 255 192 255 0
    0 0 0 0 0 4 207 61 255 0 0 0 0 0 0 255 255 0 177 0 173 41 0 0 240 0
    255 166 20 0 0 205 233 255 255 101 0 0 255 0 255 0 0 0 255 255 0 0
    255 255 0 255 0 255 0 255 0 0 0 153 255 0 255 0 255 166 0 0 86 255
    180 149 255 245 0 0 0 0 255 255 98 255 0 0 255 0 255 13 0 0 63 0 116
    0 255 255 0 0 0 0 255 58 187 255 0 240 255 255 0 0 255 255 255 0 116
    255 0 0 255 0 70 0 255 255 0 16 66 47 74 0 0 255 255 255 0 176 170
    255 255 196 255 255 199 0 0 0 144 212 86 255 205 255 255 0 0 0 0 255
    255 255 255 255 174 255 255 0 255 255 0 0 0 36 255 255 0 0 255 255
    255 255 255 0 255 0 173 24 0 0 255 153 255 0 255 81 0 47 0 255 255 0
    0 0 255 0 255 110 244 0 0 0 0 255 251 255 0 0 255 0 0 80 0 255 177
    255 0 235 255 0 255 255 255 246 0 84 255 255 0 230 0 255 152 255 0 0
    0 255 124 187 255 255 74 0 0 0 255 232 0 0 255 129 255 0 236 0 255 0
    255 0 0 222 0 0 255 0 255 0 56 0 44 255 255 255 0 62 197 0 0 0 255
    255 255 0 255 0 255 25 255 176 91 0 255 0 0 218 255 0 0 0 0 255 255
    255 255 224 0 255 0 255 255 0 100 0 255 0 91 255 255 44 0 255 0 255
    163 255 255 0 0 0 255 0 0 0 128 255 255 255 1 255 255 0 9 0 0 255
    255 255 255 0 255 0 164 0 255 95 255 0 0 0 255 246 0 0 0 255 255 255
    255 131 255 255 255 0 0 255 0 255 20 255 0 0 255 255 255 255 238 255
    0 72 228 86 99 238 0 255 255 255 176 0 45 255 0 0 104 230 255 255
    255 255 0 0 255 201 255 0 255 11 255 255 0 204 0 0 239 255 255 0 0 0
    255 255 0 12 255 134 14 255 255 255 0 255 255 0 0 0 0 255 255 0 0 0
    255 255 75 0 224 29 0 0 255 0 52 0 255 82 0 0 117 19 255 0 255 0 255
    0 0 42 0 0 58 254 255 255 255 0 0 255 41 255 5 255 0 255 255 255 0 0
    0 155 255 255 255 0 0 255 0 255 255 255 134 173 0 255 255 255 0 255
    0 158 255 255 5 0 0 123 0 0 255 255 255 255 0 255 0 255 0 79 0 255
    255 255 151 211 255 120 0 0 255 140 255 214 0 0 0 0 255 255 255 0
    255 255 255 121 255 0 255 255 255 0 255 255 0 207 255 255 255 255 0
    0 0 0 255 0 255 0 255 255 0 0 255 255 255 0 0 223 255 30 255 0 0 0
    255 255 255 139 0 171 255 0 0 255 255 255 7 255 255 255 0 12 0 255 0
    255 255 0 0 0 255 255 0 224 77 0 25 255 255 0 255 255 255 0 0 255
    255 0 255 0 124 0 177 255 255 0 255 186 123 0 0 0 255 255 0 0 0 255
    0 0 0 0 127 0 255 255 255 255 0 71 255 255 0 0 166 255 255 227 0 0 0
    255 208 255 74 21 0 255 255 0 0 0 143 255 255 255 0 255 0 0 255 0
    255 0 0 255 0 0 0 255 255 27 0 0 61 255 255 74 0 0 0 255 0 0 0 22
    255 255 0 255 255 0 255 0 255 181 122 68 0 255 255 0 0 255 0 186 230
    255 255 0 0 0 0 21 0 255 255 210 25 0 0 255 255 255 255 255 255 0
    131 0 0 255 255 255 49 255 255 255 70 0 0 255 0 255 255 0 255 198 0
    38 0 123 0 255 255 0 190 0 255 0 52 0 255 0 255 0 39 255 255 0 0 255
    255 0 255 255 107 0 0 255 255 255 0 255 0 0 255 255 0 185 0 255 0 0
    0 253 255 255 0 0 255 0 0 255 255 255 255 0 255 0 181 255 102 255
    255 0 255 217 255 0 0 0 255 255 174 255 0 0 255 255 132 255 0 0 0 0
    0 0 33 255 255 255 218 0 255 251 0 0 0 0 42 255 193 0 0 0 255 255
    255 255 0 0 255 255 100 255 56 255 177 0 0 0 255 43 255 0 255 255 0
    25 255 238 255 255 255 0 255 0 0 0 0 0 217 255 0 0 0 0 0 100 255 255
    0 255 0 255 0 255 255 190 0 255 255 255 255 0 0 0 0 0 255 255 255 0
    0 32 0 255 0 0 155 255 0 0 0 255 122 255 0 255 0 251 0 255 255 255 0
    0 0 0 198 0 59 255 255 0 255 0 0 255 255 255 20 162 227 157 149 255
    255 0 0 255 0 33 255 0 0 147 255 239 0 0 255 255 0 0 255 255 255 96
    0 255 0 255 0 0 0 255 255 255 0 255 195 0 0 91 255 255 32 134 255
    255 0 255 240 18 0 255 217 0 210 171 0 0 0 0 255 0 255 93 255 255
    255 0 0 0 0 0 0 255 255 255 0 0 0 0 255 0 255 255 0 255 195 255 0 0
    0 255 0 0 113 255 255 47 255 0 255 0 0 153 48 255 255 255 0 224 0
    255 255 99 0 255 202 0 255 85 0 255 0 255 0 255 0 255 246 255 0 255
    255 19 0 0 139 204 255 255 255 0 255 0 62 0 0 0 203 0 0 0 0 0 0 0
    255 0 198 0 251 103 0 0 0 174 255 0 239 0 255 0 16 0 255 0 0 255 255
    0 0 255 255 255 0 0 255 0 47 255 255 0 0 0 47 0 255 255 255 0 255
    255 0 169 0 255 111 255 255 255 38 110 255 255 0 255 255 255 0 170
    255 255 0 120 0 154 105 255 48 0 0 255 0 255 73 0 166 0 255 0 45 1 0
    0 0 255 255 255 0 93 169 183 133 255 255 0 0 62 255 153 255 0 64 190
    190 255 0 255 0 255 10 97 0 255 0 255 255 255 0 0 0 137 255 0 255
    255 255 255 0 112 0 255 255 1 0 0 0 255 0 255 175 0 0 0 255 255 255
    0 203 56 255 0 0 255 0 0 0 134 0 255 0 61 0 255 0 12 95 0 0 255 201
    255 255 255 0 9 0 23 255 0 255 0 255 255 0 255 0 255 255 255 0 0 255
    255 255 0 0 0 0 255 255 255 0 255 255 224 0 0 240 20 0 98 171 0 0 0
    255 255 255 128 255 73 255 0 255 255 83 0 0 0 255 220 0 0 255 255 0
    0 0 255 0 68 51 255 255 255 123 68 164 0 255 0 105 0 255 0 0 255 255
    255 248 0 0 255 255 113 43 207 0 255 0 242 0 255 255 255 0 0 0 255
    255 8 0 0 255 124 70 0 0 255 255 255 0 255 113 0 0 255 87 255 0 255
    0 255 0 255 0 255 0 255 255 255 114 255 0 0 58 0 255 255 255 255 0 0
    0 43 255 255 63 53 255 255 0 0 0 255 255 255 255 17 222 0 0 251 255
    0 255 77 0 0 0 255 255 154 255 0 0 255 134 255 30 62 0 16 0 255 255
    255 0 0 0 0 0 255 255 255 255 0 255 0 0 0 247 217 255 0 0 0 0 255
    255 255 245 0 148 0 0 0 255 71 0 255 213 0 154 0 129 0 0 1 131 0 255
    68 0 0 0 0 255 105 255 0 0 255 255 0 0 83 255 255 9 0 0 255 255 255
    0 255 228 0 112 99 0 255 255 255 0 255 123 114 11 0 255 85 215 255 0
    11 255 0 0 0 255 255 199 255 57 0 0 0 255 0 255 0 36 255 255 255 161
    255 196 255 0 255 0 0 40 255 255 165 255 255 135 0 0 255 250 255 255
    255 0 0 255 255 0 0 0 255 212 0 144 234 106 241 0 0 0 255 255 0 40
    255 255 255 0 0 0 207 43 255 255 13 251 0 255 0 255 255 255 255 0
    255 0 245 255 0 255 0 255 158 0 244 0 0 0 255 0 255 0 255 0 255 198
    25 0 0 255 0 0 0 0 255 255 0 37 0 89 0 255 255 244 0 0 0 0 255 255
    255 0 58 0 255 255 255 255 37 0 255 255 107 230 0 0 212 255 36 0 255
    144 0 51 255 255 255 255 255 255 255 255 201 0 0 0 0 66 255 255 255
    0 0 0 255 255 0 0 0 113 255 0 255 0 255 255 255 0 23 0 0 215 151 0 0
    99 0 255 44 0 203 0 184 0 255 103 0 255 255 255 255 255 255 0 0 142
    13 0 255 255 0 255 255 255 255 0 93 255 255 255 59 0 255 64 255 255
    0 202 0 53 0 255 255 150 255 255 128 255 255 133 0 255 255 0 0 37
    255 255 255 0 255 0 255 0 255 0 67 0 255 255 255 255 34 174 255 0 0
    0 112 0 0 0 0 240 255 255 76 0 28 0 0 0 57 0 255 134 255 255 255 0 0
    0 216 255 0 60 212 255 0 206 255 255 0 255 255 255 0 0 255 255 255 0
    210 255 82 0 85 255 255 0 9 0 0 255 160 238 0 82 255 255 25 166 255
    255 74 64 151 128 110 112 0 0 143 255 255 255 255 5 212 128 255 255
    0 119 0 255 250 255 0 255 0 255 0 255 0 0 51 255 255 255 255 255 27
    255 0 255 0 0 0 248 255 255 0 255 26 174 0 255 255 255 0 0 255 0 0 0
    232 255 0 255 255 255 0 0 250 255 0 0 0 0 0 0 255 255 0 227 0 0 154
    255 0 45 255 107 220 0 0 0 0 255 0 255 0 186 0 46 255 255 0 255 255
    255 255 255 255 0 0 0 255 255 255 0 238 0 0 140 199 241 0 255 94 255
    85 255 0 255 0 0 255 255 61 0 0 255 115 255 0 0 35 255 255 255 0 255
    55 255 0 255 0 0 0 117 255 255 0 255 255 0 0 0 255 0 139 255 68 0 0
    255 100 255 0 246 0 183 255 255 51 0 0 255 0 0 0 181 255 255 44 23
    255 255 240 0 0 162 10 0 118 255 0 91 54 255 255 255 132 0 0 255 255
    255 196 0 255 175 255 0 255 54 255 0 0 0 255 255 255 255 0 255 0 255
    0 255 0 14 0 117 0 0 255 255 0 0 0 255 255 0 0 255 255 255 255 0 255
    0 255 255 255 0 255 255 255 255 255 255 65 0 77 255 255 0 0 170 6
    187 0 245 249 255 255 0 255 62 160 255 0 255 0 0 0 61 255 32 0 0 0 0
    0 168 200 167 255 0 255 0 0 182 255 0 0 70 255 156 75 255 0 0 159
    255 255 255 184 0 60 0 255 255 0 0 0 123 247 255 255 255 56 0 176 0
    255 0 117 255 0 255 0 85 233 255 255 255 0 0 0 255 0 0 218 255 255 0
    0 255 116 141 22 255 0 255 255 255 0 0 45 255 255 255 0 0 0 0 255 0
    255 0 255 0 210 0 0 0 255 255 255 255 0 0 88 255 255 39 0 0 255 255
    194 0 0 0 0 0 0 255 160 255 62 255 0 0 0 164 255 0 255 0 0 204 0 144
    237 255 255 255 255 114 196 255 0 0 0 255 0 255 0 255 0 255 0 255 0
    0 0 255 17 43 255 0 0 215 255 204 0 0 255 239 0 149 252 255 255 255
    255 0 255 255 255 0 255 0 0 0 255 255 0 0 159 97 255 113 255 255 0
    166 0 255 255 0 28 242 255 90 255 255 101 255 0 0 66 0 255 60 255 0
    0 161 95 255 101 255 255 255 0 76 0 162 16 139 255 0 255 255 0 255
    255 0 34 0 255 0 255 213 236 72 0 165 0 255 119 0 38 0 255 255 77 0
    0 0 0 255 255 144 0 0 75 228 255 255 255 0 0 58 255 255 47 0 0 0 255
    255 255 3 0 0 255 255 255 204 0 0 0 255 0 211 255 255 255 155 99 0 0
    0 255 255 0 0 255 255 255 31 0 0 37 255 255 116 255 0 134 189 0 255
    137 0 0 255 255 85 37 0 0 0 0 0 92 255 255 255 255 23 255 0 0 255
    255 0 0 0 0 255 217 255 255 255 145 0 0 0 0 0 255 255 0 255 255 255
    0 255 0 0 0 255 0 255 255 255 0 0 255 255 255 255 255 255 255 255 0
    0 0 0 0 0 180 0 8 0 255 255 255 191 255 255 0 0 0 255 255 0 0 255
    255 197 0 0 45 37 0 0 0 255 255 255 255 255 0 0 5 0 217 33 255 55
    255 0 0 0 236 255 74 0 194 127 255 0 255 142 255 0 255 0 130 0 255
    255 9 255 34 255 0 255 0 255 66 163 89 0 0 255 255 255 39 0 0 0 0
    255 230 0 215 0 0 236 255 255 82 35 0 255 0 0 255 255 0 0 0 255 255
    255 196 0 0 0 0 255 173 255 0 255 255 140 0 0 0 0 0 255 149 0 0 0
    255 255 0 203 255 101 255 249 71 0 164 189 255 74 255 0 0 0 0 255
    255 255 255 0 255 0 255 0 0 0 255 255 0 32 0 255 226 255 0 0 0 255 0
    255 0 142 0 0 255 0 5 0 183 0 255 255 255 0 0 163 0 0 0 0 255 255
    255 255 0 255 0 144 0 197 135 0 0 255 203 0 0 255 0 255 255 98 220
    255 0 255 255 0 106 255 255 255 255 124 0 255 0 255 208 0 71 252 0
    255 255 255 0 255 0 0 0 255 255 173 242 0 0 123 255 0 0 255 0 255
    255 255 0 255 0 0 0 0 255 73 0 0 255 94 255 0 0 255 255 255 31 197 0
    255 177 0 0 0 0 0 0 255 255 255 78 0 255 0 255 0 255 0 0 150 255 255
    255 0 255 0 255 0 255 0 255 0 255 0 255 255 255 0 0 0 0 255 0 0 135
    0 255 0 255 0 32 102 139 255 255 0 0 0 0 254 255 255 0 0 0 0 5 255
    255 0 0 0 139 0 0 0 255 158 107 0 0 0 255 5 255 0 0 0 255 255 255
    255 255 165 0 0 0 91 255 255 255 0 0 0 255 255 0 255 0 0 255 27 255
    255 207 232 0 255 0 175 251 255 175 160 93 149 0 0 255 255 255 0 0 0
    0 0 0 255 255 0 0 244 255 0 0 57 0 255 255 76 255 0 0 255 255 255 46
    255 255 0 0 0 13 255 0 226 0 0 255 255 0 0 255 0 255 255 139 0 255
    106 255 51 0 0 110 255 255 255 116 255 0 0 0 255 255 0 46 0 62 255 0
    255 0 255 255 38 0 255 0 0 31 255 255 48 0 255 0 255 255 255 0 0 255
    0 128 172 255 0 22 203 255 0 0 136 255 78 255 0 255 255 255 214 0 0
    255 0 255 157 0 64 255 0 255 255 255 221 0 0 255 0 255 0 255 255 0
    255 0 0 0 0 0 0 255 255 79 255 255 232 119 112 0 255 0 0 255 255 255
    255 0 0 255 0 0 255 0 0 0 255 0 255 115 255 187 255 255 255 248 0 50
    255 0 255 255 255 0 255 0 255 255 0 0 0 189 0 74 0 255 255 255 0 255
    255 255 254 38 0 140 0 255 255 255 75 255 0 0 0 255 255 0 0 0 0 0
    255 255 229 0 0 255 0 0 255 255 255 0 255 255 0 0 0 255 0 0 0 255
    246 0 0 255 255 0 0 0 255 255 255 255 146 255 0 106 0 0 255 255 0
    255 0 255 255 255 110 255 255 214 46 0 255 0 186 255 255 0 189 0 140
    255 255 215 255 0 0 0 255 104 255 91 255 255 0 173 0 0 106 255 255 0
    0 0 0 255 255 255 226 0 0 0 0 0 0 255 255 255 0 255 121 236 0 105 0
    0 87 255 163 31 255 255 105 255 0 0 0 44 0 0 0 0 0 255 0 195 0 0 193
    255 69 61 0 0 0 0 255 255 255 0 0 255 0 158 0 0 11 232 155 0 0 0 46
    255 156 255 187 255 255 255 0 49 0 255 0 255 255 255 0 255 122 0 0
    255 255 255 0 41 0 255 0 255 0 255 0 0 0 255 0 255 255 255 224 0 136
    255 0 255 0 255 0 151 109 146 0 156 255 85 0 0 255 255 242 0 0 0 0
    255 255 0 0 163 255 0 159 0 255 255 206 182 0 0 255 207 255 255 50
    255 0 0 255 255 142 0 77 255 255 0 227 0 0 68 100 255 0 0 0 255 255
    154 0 0 0 0 255 255 255 0 0 0 255 0 255 0 255 97 255 255 255 255 0
    255 170 255 0 0 0 0 0 255 255 240 25 162 238 255 0 144 0 98 0 255 0
    255 0 0 0 0 102 255 255 114 255 0 246 0 0 180 198 0 0 133 255 255
    255 0 62 0 0 255 255 0 255 0 255 255 0 0 255 255 155 255 0 255 0 255
    0 255 0 255 0 0 255 255 0 0 0 100 255 255 156 255 0 254 252 0 7 0 0
    255 0 255 0 255 0 255 0 0 0 255 180 0 0 0 31 255 0 255 85 77 0 255 0
    255 255 255 0 255 255 225 0 0 255 255 255 0 0 0 0 255 0 255 0 255
    255 255 170 255 39 0 255 0 0 255 255 0 0 0 0 255 255 255 0 255 255 0
    0 0 255 0 0 255 255 255 255 0 255 0 255 0 57 190 255 0 0 0 255 0 0 0
    0 255 255 255 0 0 0 22 239 0 255 89 255 255 255 255 44 5 0 0 21 255
    255 255 0 0 0 255 255 255 0 255 255 191 255 0 255 0 0 255 255 255 0
    0 0 255 0 255 0 59 255 30 150 0 0 98 255 0 106 0 0 0 0 150 255 255 0
    1 0 255 0 255 0 176 0 0 255 94 255 0 80 0 255 255 255 0 0 0 153 255
    255 255 255 0 255 255 255 255 43 0 0 0 13 0 255 255 255 0 255 0 0 0
    255 0 0 0 131 255 128 0 255 15 255 255 136 0 255 0 0 255 255 0 0 59
    0 214 176 70 0 142 255 0 0 255 0 255 48 7 255 0 255 0 125 152 78 255
    255 0 255 0 206 0 0 0 0 0 255 72 0 113 0 255 0 0 0 255 77 0 0 0 255
    184 0 0 0 255 255 255 0 248 0 255 148 255 0 255 0 44 255 255 0 245 0
    191 164 0 0 0 255 255 255 0 255 0 255 0 178 255 0 255 0 0 0 255 255
    0 156 0 0 0 255 255 0 0 255 255 255 0 0 0 255 255 0 0 0 0 255 255
    255 0 49 0 255 197 0 0 0 0 255 255 255 0 255 0 0 0 194 255 255 255 0
    47 0 0 0 0 255 75 76 145 165 0 0 0 211 0 248 255 255 0 7 0 0 0 0 0 0
    0 255 0 255 0 0 0 255 255 255 0 0 0 0 140 0 0 0 0 0 0 0 255 251 255
    255 255 255 255 255 255 0 255 0 150 0 255 255 255 0 0 0 255 0 0 255
    255 255 199 0 0 0 0 255 255 255 255 0 0 0 255 255 255 0 255 0 247 0
    255 0 255 126 255 0 186 46 255 255 203 0 0 0 0 0 75 149 255 39 0 0 0
    255 255 255 255 0 0 0 255 255 255 255 255 0 114 255 55 0 0 255 194
    255 193 255 0 0 255 255 255 0 0 0 197 191 0 255 145 255 255 255 255
    255 0 160 0 0 255 255 255 255 0 10 255 0 155 147 255 255 159 0 0 49
    0 255 255 96 255 255 0 255 255 255 255 0 0 192 0 117 0 0 255 0 0 255
    255 118 0 0 0 255 0 52 252 255 255 0 92 255 255 0 99 255 255 0 255
    255 255 255 0 0 0 128 238 255 0 255 255 255 0 255 255 0 0 0 0 255
    255 0 255 251 0 0 255 167 0 0 0 0 255 255 255 255 0 255 0 255 0 67 0
    255 0 255 255 0 0 0 0 255 0 255 255 234 0 85 255 0 0 255 255 255 70
    255 0 103 142 255 0 0 0 230 0 255 255 255 0 25 63 255 0 0 9 0 138 0
    255 0 255 0 21 0 151 241 0 0 255 255 255 0 255 255 234 0 0 255 255
    255 255 255 255 255 255 0 0 0 0 173 255 0 79 255 255 255 0 42 0 255
    112 255 255 0 255 94 255 0 20 0 255 0 255 0 255 84 255 0 95 0 255
    255 255 0 0 0 255 255 0 0 0 140 255 255 255 255 255 255 0 255 0 0 0
    255 0 0 78 192 7 0 255 27 255 255 0 23 255 255 0 196 0 20 0 255 249
    159 255 0 253 231 255 118 0 0 0 32 255 255 255 85 0 255 0 253 255 84
    0 0 112 255 0 255 255 207 0 0 0 255 0 255 43 255 0 0 0 0 255 87 0
    249 255 255 0 255 255 0 0 45 0 0 255 0 0 0 255 255 0 0 0 0 172 0 255
    22 143 0 167 255 255 0 255 219 255 114 255 69 255 134 0 0 0 230 255
    255 0 238 0 0 0 0 255 0 255 0 255 103 255 0 255 147 0 255 0 255 0 0
    209 37 238 0 255 58 88 255 166 0 0 255 139 0 0 0 255 255 255 255 60
    255 0 255 0 255 255 111 255 0 255 255 255 255 180 255 255 0 0 0 0
    255 255 26 0 0 255 255 0 0 0 0 0 255 255 255 255 0 0 255 0 0 130 0 0
    255 0 0 255 255 190 255 0 255 255 0 255 0 255 255 255 0 255 255 255
    0 0 149 255 0 255 0 0 0 128 113 255 255 255 49 0 255 0 255 0 255 255
    255 255 0 53 255 255 247 0 207 255 255 0 54 0 255 29 0 0 255 255 204
    255 255 255 0 0 81 219 0 255 255 0 255 0 255 0 0 255 255 186 0 0 34
    0 255 255 0 0 62 0 0 0 156 229 255 255 255 206 0 151 0 0 0 255 0 206
    148 255 0 255 0 0 112 255 0 0 0 42 255 255 255 0 0 255 255 255 0 255
    0 0 255 255 0 0 255 255 0 17 0 255 255 0 0 221 255 255 149 255 255 0
    21 0 0 0 255 255 255 255 254 255 253 255 195 255 0 0 255 0 0 0 255
    255 211 0 255 255 255 255 0 255 0 0 0 255 255 0 0 0 0 0 255 255 0
    255 0 234 0 168 0 40 245 255 0 0 255 255 255 0 0 255 50 255 255 25 0
    255 255 255 0 0 0 0 255 239 121 255 0 0 255 0 255 255 0 255 0 20 0
    37 255 0 255 0 0 0 0 0 0 156 235 255 255 0 0 255 207 255 255 0 0 0 0
    0 255 0 255 0 0 0 255 140 255 0 254 255 0 0 0 255 0 255 255 220 66 0
    255 0 45 255 54 255 0 0 0 0 94 0 255 116 10 0 0 0 0 32 50 0 51 4 255
    255 0 0 0 255 0 8 0 255 0 255 255 255 255 0 0 85 255 255 0 0 0 255
    255 255 255 28 0 255 0 255 0 36 255 255 76 0 255 0 255 255 255 255 0
    0 0 255 255 255 0 0 255 255 41 235 0 255 255 0 255 0 255 157 0 255
    255 0 0 188 0 255 255 255 0 0 0 0 0 0 255 255 157 0 0 0 255 0 255 0
    255 96 251 124 255 255 0 0 146 255 255 0 23 0 0 255 255 0 255 54 255
    0 0 0 255 255 255 255 255 52 0 0 0 255 0 255 0 255 0 0 0 46 255 255
    255 255 0 93 0 0 0 0 255 255 255 255 255 143 0 255 0 255 0 255 255
    125 0 255 74 0 0 255 129 0 0 0 255 255 0 0 143 7 255 0 255 0 0 126
    171 255 255 255 0 0 255 255 255 255 117 255 0 0 255 255 0 0 183 0 0
    0 107 0 255 137 28 0 0 255 0 255 0 149 117 255 0 16 0 33 251 0 255
    255 0 0 0 245 255 244 0 241 217 0 0 0 255 0 0 0 0 255 255 0 12 0 255
    0 255 0 0 0 140 0 201 0 247 0 0 25 255 255 255 94 255 98 255 255 0
    208 0 5 0 255 0 255 0 255 0 255 255 255 0 186 0 255 168 0 255 9 255
    255 255 255 141 177 0 133 255 255 179 0 0 167 255 255 177 255 0 0 0
    29 49 255 247 255 255 99 0 0 228 204 0 5 188 79 255 135 63 255 255 0
    0 174 255 10 0 6 255 255 78 0 255 0 0 0 103 255 255 255 246 0 77 15
    255 255 0 255 255 0 249 0 255 0 0 7 255 255 255 255 0 0 0 255 255
    255 255 231 251 0 255 228 0 0 183 121 0 0 0 255 0 255 96 255 255 80
    0 59 0 0 255 134 255 0 255 14 255 142 255 0 9 0 255 39 43 255 0 72
    255 255 219 0 0 0 255 146 0 14 0 0 0 0 255 155 230 255 45 0 0 255 91
    255 0 255 0 255 255 0 247 0 255 212 255 0 0 255 255 255 255 255 0
    255 255 255 0 0 0 19 51 0 255 101 191 255 255 214 160 0 0 85 255 255
    255 255 255 0 0 255 0 0 0 255 26 255 0 144 38 202 0 0 0 0 0 190 255
    255 21 165 255 255 255 0 0 255 255 29 33 0 0 117 0 255 255 0 0 0 142
    255 185 255 135 255 0 255 230 0 0 255 255 255 0 255 255 255 0 255 86
    39 255 0 0 0 255 255 0 227 0 255 0 7 255 0 143 0 69 0 0 0 0 0 255 0
    0 53 0 255 255 255 0 255 0 0 0 255 0 70 255 82 110 0 223 255 0 200
    255 76 0 255 255 255 158 255 255 206 130 12 0 255 0 106 0 255 255 0
    255 255 0 0 0 248 255 242 0 0 255 108 15 0 0 255 255 255 0 124 255 0
    0 91 0 0 0 255 255 0 175 0 255 0 142 131 255 0 255 0 255 0 84 255 0
    255 255 255 123 0 255 255 0 255 0 255 255 0 255 139 255 0 255 0 255
    255 255 75 0 0 98 255 255 31 255 0 255 0 255 0 237 0 255 164 255 0
    255 0 255 0 0 255 255 255 0 255 34 56 0 255 255 255 0 0 255 0 0 0 37
    255 0 0 0 0 255 255 255 0 0 0 0 255 57 255 255 0 0 255 0 195 198 255
    0 0 255 124 255 255 255 0 255 0 255 255 0 7 0 0 0 74 255 0 0 255 0 0
    255 0 255 0 255 255 255 0 255 135 255 18 0 255 0 255 0 0 0 181 24
    253 255 0 0 0 0 0 255 0 255 255 0 255 74 255 0 165 0 255 255 255 35
    0 0 0 187 255 255 0 0 255 132 0 0 0 255 255 218 0 255 0 255 255 255
    0 0 46 0 255 204 0 0 22 255 255 0 0 0 118 0 0 255 43 255 0 0 13 0 0
    73 0 255 0 74 0 0 255 255 174 0 255 1 0 0 255 29 255 0 0 96 75 255
    38 255 209 255 0 2 255 255 255 255 0 255 255 255 0 0 134 255 255 0
    255 0 96 255 0 255 0 0 255 161 255 255 0 0 255 255 0 0 75 255 255 0
    103 0 0 255 90 255 0 69 0 34 255 255 0 0 0 255 0 0 218 255 255 255
    255 0 0 0 255 0 0 0 0 255 0 255 34 255 120 255 0 49 0 255 255 0 0
    167 255 255 255 255 0 0 0 231 83 226 0 145 82 69 255 19 20 255 0 0 0
    255 255 255 0 0 94 0 255 0 124 93 255 0 255 255 48 255 0 0 0 255 255
    0 228 0 255 227 244 107 0 91 0 64 255 255 255 255 0 0 0 0 0 255 0 0
    0 12 255 255 0 0 0 0 255 255 115 0 0 255 0 255 0 255 255 0 255 0 0
    255 0 0 0 251 255 0 0 231 255 255 0 0 0 255 255 255 0 15 136 250 3
    163 255 0 144 0 24 195 17 171 255 255 141 0 255 127 69 69 32 161 192
    186 255 37 0 255 255 255 0 255 0 0 0 255 255 240 0 255 195 255 0 255
    31 255 255 241 0 0 0 255 255 0 0 177 255 54 16 0 255 255 255 13 0 91
    255 0 76 0 0 255 255 255 0 240 255 255 0 50 88 0 0 0 255 134 173 255
    255 255 255 0 0 0 0 0 255 0 112 207 255 0 94 255 0 255 0 0 0 255 93
    0 59 255 255 0 255 0 255 0 255 0 255 0 0 0 255 210 65 0 255 255 255
    121 0 0 255 0 255 0 255 0 255 255 0 0 0 0 255 255 255 76 0 255 18 62
    0 0 255 255 255 255 156 67 255 0 230 255 255 255 255 255 0 0 0 255 0
    255 4 255 255 255 0 255 255 255 222 255 86 255 255 255 18 154 159
    255 224 255 0 255 245 0 0 0 255 0 255 0 255 81 0 0 0 255 255 255 167
    0 255 75 20 0 141 255 206 213 0 0 0 47 255 255 255 0 255 0 0 255 255
    255 255 151 255 67 200 0 255 17 255 15 0 219 255 255 255 255 0 244
    255 0 255 255 0 108 0 255 0 255 0 0 0 255 0 247 48 75 255 0 255 255
    0 255 255 0 0 0 255 0 255 0 255 68 67 0 255 0 0 0 77 255 143 230 0
    17 0 255 255 255 255 46 0 0 39 0 255 237 255 255 54 160 255 255 212
    0 242 0 115 0 255 255 255 0 0 0 0 73 156 255 255 255 255 167 121 0 6
    255 154 243 0 0 255 255 0 0 0 255 0 255 161 0 255 255 119 255 255 0
    0 0 0 0 0 0 255 255 189 0 0 0 255 0 255 0 0 0 0 255 0 255 255 255
    255 0 0 255 255 255 255 2 0 122 0 255 0 0 0 255 255 0 120 0 255 180
    255 255 255 255 255 0 255 255 12 255 0 255 0 255 0 255 255 255 0 255
    255 255 255 0 0 0 255 255 6 0 255 255 80 130 255 255 255 0 255 218
    255 21 0 255 29 255 0 0 150 255 255 255 255 255 155 0 0 0 255 255 0
    0 251 255 0 0 0 0 0 0 255 255 255 0 255 0 0 0 209 0 255 0 255 201 0
    255 0 255 0 255 219 255 255 0 0 0 255 255 251 23 255 255 255 0 0 0
    174 137 255 0 0 255 255 248 255 255 255 0 0 255 255 0 0 255 255 255
    255 0 255 0 255 255 255 62 0 255 161 0 0 221 255 255 255 255 0 0 0 0
    255 255 255 255 14 0 0 193 0 0 0 255 255 255 255 0 0 0 0 172 255 0
    255 255 0 0 255 255 255 0 0 0 255 0 162 0 255 193 255 255 0 255 111
    0 255 194 255 0 0 0 255 0 0 255 255 255 0 0 255 28 1 183 201 0 0 163
    0 0 0 255 255 255 0 0 255 0 0 255 255 255 0 255 255 255 255 0 0 255
    255 0 68 150 255 255 88 0 0 255 153 0 255 255 255 0 0 0 255 255 11
    255 255 241 0 0 0 0 255 255 0 255 121 96 0 0 4 255 255 255 0 0 0 255
    255 234 0 0 255 212 255 0 124 170 0 255 0 0 255 255 0 0 255 0 0 0
    184 0 233 0 255 255 255 36 0 0 255 255 0 141 0 0 255 255 255 255 80
    0 255 255 0 0 255 35 255 252 109 0 255 0 255 0 255 255 255 55 0 141
    255 255 124 0 255 0 255 0 255 255 255 0 0 255 0 0 0 255 255 255 255
    0 0 218 0 255 0 255 0 240 0 255 255 0 0 0 0 255 255 106 0 255 255 0
    0 244 207 0 255 255 255 0 239 143 107 255 255 0 0 0 255 255 0 126 0
    219 0 0 105 120 143 0 138 106 180 0 47 34 0 234 255 132 119 255 255
    0 255 255 0 0 255 174 1 119 255 67 0 3 255 255 0 255 0 255 255 210 0
    0 0 5 255 255 0 255 255 114 0 16 255 255 55 255 0 255 255 0 0 159
    255 16 0 0 255 0 255 255 147 0 0 0 255 255 0 34 0 0 255 0 0 0 255
    255 0 0 51 255 255 255 65 255 255 81 255 0 218 0 0 255 0 255 0 255 0
    255 0 0 22 255 7 95 0 255 0 255 0 0 255 0 255 216 198 0 0 255 255
    255 0 177 78 0 0 0 0 23 165 133 255 255 33 0 0 179 0 0 255 0 63 255
    0 255 0 255 255 7 216 237 0 238 255 0 255 0 244 255 255 255 255 255
    255 255 0 209 0 255 0 255 0 186 179 17 0 0 215 255 0 0 255 105 178 0
    0 255 62 95 255 0 54 0 0 5 0 255 0 0 0 255 214 193 0 40 96 0 255 255
    255 255 0 135 0 255 0 0 255 59 255 0 210 0 210 255 255 0 167 255 255
    255 0 0 255 0 255 255 116 0 0 255 0 118 0 255 0 255 0 255 182 255
    224 52 113 0 255 136 255 0 0 0 255 0 160 0 182 75 0 255 255 255 0 36
    21 255 0 0 255 0 255 255 255 0 82 0 255 159 255 71 0 255 0 0 98 0 0
    94 255 255 0 0 0 255 255 203 255 28 0 232 0 0 255 0 255 255 0 255 0
    72 0 255 255 255 255 175 0 0 0 16 255 255 0 0 0 0 178 255 255 255
    255 0 0 0 0 255 255 255 255 255 0 0 0 0 0 255 255 0 0 255 255 0 255
    0 0 0 179 0 183 0 0 255 0 231 255 255 0 0 255 255 0 0 0 78 255 0 178
    242 192 0 255 255 255 0 255 144 0 119 0 255 46 0 0 0 0 0 255 255 0
    255 0 225 255 255 255 0 255 140 0 255 255 255 0 0 0 123 115 242 0
    217 0 255 90 0 175 191 255 0 0 255 255 255 0 0 255 0 0 235 255 0 107
    255 116 255 255 0 0 133 185 17 255 0 0 255 0 0 255 255 255 0 152 0
    255 217 20 0 255 255 0 0 0 0 255 0 255 0 255 0 255 0 255 0 0 0 0 255
    255 21 0 0 0 0 255 255 0 0 20 255 0 54 0 0 0 255 0 0 255 255 0 82 59
    0 0 0 0 255 139 255 255 0 0 0 255 0 0 255 251 0 0 255 255 84 0 0 0
    76 159 0 0 18 255 0 49 0 255 255 2 255 207 255 255 255 255 0 0 0 0 0
    255 177 255 0 255 6 0 255 0 255 167 255 0 255 0 255 0 255 0 0 34 0
    255 159 255 29 0 0 255 255 44 0 0 255 0 88 0 255 255 255 0 0 0 255
    255 0 0 255 255 255 0 0 255 255 124 86 0 96 255 255 0 255 0 255 104
    232 40 255 0 255 0 255 255 0 0 0 255 0 255 205 85 68 255 0 0 255 255
    255 238 0 255 255 255 0 0 0 255 255 0 0 0 255 0 0 255 0 255 0 190 0
    0 121 215 255 207 255 0 113 0 255 255 0 0 21 255 255 0 255 76 255 0
    129 0 2 0 0 206 0 230 255 255 0 0 0 255 255 0 255 255 255 0 0 255 0
    255 0 255 218 255 255 255 255 255 0 92 0 255 255 241 232 0 0 0 255 0
    167 0 255 0 255 0 255 0 255 0 255 0 0 255 0 255 0 255 108 0 0 0 255
    255 0 137 0 183 0 244 223 0 0 255 255 255 0 217 255 255 0 0 0 0 0
    188 255 255 0 0 0 255 0 255 255 0 0 0 255 255 255 255 15 242 0 236 0
    255 156 199 0 0 0 0 255 0 255 0 0 0 106 255 0 0 30 70 255 255 255
    255 66 234 0 0 255 255 255 0 0 45 255 255 255 0 255 0 255 0 255 134
    0 0 0 255 255 0 239 255 140 0 0 0 255 255 255 178 76 201 4 255 255
    255 0 0 0 0 255 255 0 0 0 255 0 126 0 0 255 255 89 237 0 255 0 255 0
    255 255 255 72 224 0 0 0 255 19 0 255 0 255 255 255 255 0 0 0 255
    255 255 0 0 93 255 0 170 0 255 124 0 0 0 145 255 255 255 139 255 0
    143 0 255 0 0 255 255 255 46 255 255 255 0 255 0 0 61 255 0 255 0
    255 255 255 0 255 255 255 0 0 84 255 255 63 205 255 255 0 0 0 255
    212 255 0 255 50 136 0 255 144 236 0 79 255 0 188 0 255 0 0 241 255
    0 156 0 0 255 255 255 255 255 0 80 0 215 0 255 0 0 0 0 0 255 209 0
    255 134 255 255 102 0 0 0 255 0 0 59 0 255 0 255 0 255 0 255 255 0 0
    0 0 255 255 255 0 150 0 126 182 255 0 0 0 11 233 255 255 0 0 119 255
    0 0 29 255 0 255 0 255 0 255 0 255 0 255 0 30 255 255 255 0 255 0 0
    46 0 255 208 255 255 255 255 236 0 255 255 0 0 0 255 0 0 255 255 56
    0 4 162 0 0 255 214 0 255 0 255 255 255 22 255 255 0 255 0 255 146 0
    0 255 255 255 98 255 0 0 0 5 255 255 0 0 0 0 255 225 255 0 0 0 34 0
    153 242 255 0 255 0 175 0 254 0 255 255 255 35 0 0 0 255 255 255 0 0
    0 255 0 223 255 0 81 0 255 255 255 0 0 255 255 0 255 0 255 255 255 0
    229 255 69 204 0 0 0 255 255 255 255 0 0 255 0 255 0 0 255 255 255
    255 255 83 0 0 255 0 255 255 255 255 154 255 0 255 0 255 0 0 38 255
    255 212 0 255 167 0 44 128 168 255 174 0 0 255 255 255 255 255 255 0
    0 0 149 125 0 0 255 255 255 255 239 0 255 255 255 0 0 255 255 255
    255 255 0 0 0 255 75 255 255 255 215 168 255 0 56 255 255 228 0 255
    255 255 255 255 255 0 255 255 0 0 36 255 255 129 0 0 0 0 255 0 255 0
    0 222 0 176 255 205 255 0 0 71 255 255 25 255 0 255 9 95 0 0 0 0 255
    255 255 0 0 0 255 255 255 211 0 0 113 255 0 0 0 255 255 0 0 255 255
    0 0 0 252 255 255 0 174 255 255 0 0 24 203 255 255 0 0 255 255 0 0
    137 255 0 120 0 255 0 255 192 255 255 246 0 0 255 132 0 0 255 255 0
    0 0 0 0 0 0 125 255 255 255 255 170 0 255 0 255 255 255 0 0 0 0 255
    0 0 147 0 255 0 0 0 255 0 255 220 0 57 0 71 0 0 0 255 255 241 255
    255 0 0 0 255 211 14 0 0 125 255 255 0 177 0 255 255 255 0 0 0 0 0
    255 255 255 0 0 255 255 0 0 255 255 255 95 0 255 138 0 0 255 255 0
    42 122 255 0 255 255 167 14 255 0 0 0 0 198 54 255 244 255 0 0 0 255
    0 174 255 255 255 0 0 255 255 0 255 255 0 255 0 224 0 255 0 0 0 74
    255 166 255 0 255 255 255 0 0 255 255 255 81 255 88 0 0 0 255 0 255
    94 255 255 47 0 92 247 255 44 255 0 255 255 96 152 0 255 0 255 0 255
    255 0 255 255 255 0 255 0 105 0 255 71 255 0 0 0 0 0 255 255 192 0 0
    0 255 0 255 57 0 0 255 0 0 0 255 0 255 113 255 255 255 77 0 0 255 18
    0 0 111 255 0 0 0 255 255 255 255 230 0 0 181 255 54 23 0 0 0 255
    255 0 0 255 179 0 32 255 0 97 153 255 255 255 182 0 0 0 255 255 0 61
    0 0 0 233 255 122 0 255 123 0 0 255 255 255 0 255 255 255 0 218 0
    108 255 255 255 255 255 64 0 255 255 0 0 0 0 255 0 0 255 255 0 255 0
    255 38 126 255 255 255 0 0 255 125 251 255 255 79 0 0 0 255 0 0 0
    239 214 255 0 255 0 0 55 0 26 15 161 255 79 255 0 0 0 0 0 227 19 0 0
    0 0 0 255 149 255 0 0 0 255 119 255 255 255 0 255 124 255 0 255 0
    255 0 255 255 255 0 0 0 0 255 255 0 0 0 255 255 0 53 41 0 0 255 61
    255 255 0 0 122 0 0 227 117 255 255 67 0 255 83 0 255 0 223 0 245
    255 255 81 0 0 140 146 255 255 157 253 152 255 255 220 255 0 0 0 88
    17 163 34 71 22 0 255 23 0 0 255 255 52 0 0 0 0 27 255 255 58 217
    255 60 0 0 165 255 73 255 16 255 0 0 255 255 255 96 255 0 0 22 0 0
    255 0 19 0 255 255 0 230 0 255 0 255 0 255 0 0 0 255 58 196 0 0 255
    0 255 143 152 54 255 255 0 255 255 89 255 255 0 0 0 0 252 0 255 255
    255 255 0 0 136 0 0 255 255 0 0 0 255 83 255 255 0 0 255 255 0 0 199
    255 255 255 0 0 0 255 174 255 0 255 255 255 0 32 0 255 255 255 35 0
    0 255 0 12 0 31 0 0 190 255 255 78 255 12 0 204 0 0 0 0 255 6 85 202
    0 0 0 255 0 0 0 157 0 255 0 255 0 93 255 255 156 0 0 255 255 0 83
    255 0 0 255 255 0 0 255 255 0 0 0 255 255 255 0 17 255 64 0 0 255
    255 0 255 255 255 0 0 0 0 176 255 173 53 0 0 14 255 0 0 255 181 172
    0 255 255 255 247 0 255 0 36 0 255 255 255 255 171 255 0 255 0 0 255
    255 255 0 0 0 255 117 0 255 255 65 255 0 52 255 1 93 255 255 0 255 0
    255 66 201 0 0 0 0 226 0 0 7 0 255 89 0 14 53 255 0 255 255 255 0
    255 0 0 78 124 230 255 0 255 195 6 59 255 64 255 0 0 255 255 255 255
    244 175 216 0 255 166 255 3 255 0 0 255 6 255 0 255 0 255 255 255
    255 0 247 55 0 255 0 0 0 0 255 255 255 0 142 255 255 255 0 0 0 236
    255 255 0 92 0 109 255 255 18 255 201 255 0 0 0 255 249 255 255 255
    0 0 0 255 134 255 255 76 255 255 0 0 255 0 0 255 222 0 0 174 255 255
    0 0 0 255 0 0 255 255 255 0 0 0 255 0 255 0 255 255 255 103 0 255 0
    79 0 0 117 0 255 0 255 255 0 255 255 160 0 255 255 134 0 142 255 245
    255 0 255 255 255 255 0 104 118 0 0 0 0 0 255 255 255 103 165 255
    255 0 0 0 35 0 0 0 255 255 111 211 255 255 78 0 0 0 255 0 255 195 0
    255 255 65 0 255 0 255 0 151 134 98 255 255 255 0 255 7 64 255 255
    255 0 255 0 80 255 0 141 0 255 0 102 0 0 255 255 111 140 192 255 162
    255 0 139 0 255 255 0 177 0 162 255 255 255 0 255 0 0 255 255 178 0
    255 0 255 0 255 62 255 255 252 255 0 0 255 255 70 0 0 0 0 0 255 0 0
    255 255 255 0 255 233 181 0 0 255 255 255 0 0 0 255 255 255 0 125 0
    0 255 255 255 15 0 0 193 255 227 0 0 0 0 255 0 255 0 0 255 0 0 0 255
    255 0 255 255 255 0 255 38 0 0 0 255 255 255 0 255 255 0 255 255 0 0
    255 0 255 147 0 0 0 49 0 255 0 42 255 0 255 0 0 0 0 0 27 255 176 255
    255 0 0 0 255 255 0 255 48 255 0 0 0 255 38 255 0 255 203 255 0 101
    0 255 0 255 0 249 255 255 255 0 101 255 0 255 255 255 0 0 0 209 0 34
    0 40 0 0 255 0 0 0 255 255 255 229 228 0 255 255 255 0 0 0 0 51 0
    255 19 164 0 255 72 255 0 0 255 255 255 255 186 249 255 255 255 255
    0 151 2 0 0 167 255 255 255 255 0 0 0 0 255 255 255 0 0 255 255 255
    255 255 255 0 150 28 255 255 0 0 255 255 255 0 255 136 0 171 0 255
    255 0 0 175 255 0 0 255 255 255 0 0 255 255 0 255 46 224 75 0 255 0
    0 117 0 255 255 77 0 0 169 172 0 250 55 226 0 0 0 255 255 0 135 0
    255 255 255 35 139 255 0 0 0 0 255 0 255 255 0 0 255 255 255 255 12
    255 0 0 255 255 255 0 0 255 255 234 0 255 0 255 0 131 255 187 255 0
    255 0 255 21 220 0 255 255 0 181 49 255 255 0 27 0 0 0 255 0 107 255
    255 0 0 255 255 31 255 0 0 80 128 255 68 255 255 255 135 75 255 255
    58 4 0 0 255 139 255 0 255 0 26 0 222 0 0 0 255 255 255 8 197 0 92
    255 255 0 194 0 243 185 0 0 255 255 255 0 0 255 0 255 94 0 0 255 255
    255 0 255 114 255 127 0 0 255 255 0 0 255 255 255 49 0 0 0 154 111 0
    255 255 255 255 255 0 255 0 255 255 255 255 255 0 0 0 255 0 209 255
    255 0 0 255 255 0 255 78 255 225 110 255 0 255 57 0 255 46 92 0 0 53
    255 0 255 255 255 0 0 0 0 255 0 255 0 255 247 33 0 255 255 86 0 255
    255 124 255 255 255 0 19 235 255 255 255 0 0 2 255 9 233 131 255 0
    42 68 0 255 0 229 255 0 0 0 0 255 255 255 0 0 0 255 255 255 0 255 0
    255 255 255 255 0 249 0 85 255 0 0 0 255 255 255 255 0 255 127 255 0
    54 0 0 255 255 0 0 255 255 255 0 0 0 9 120 0 0 255 255 255 0 189 255
    0 255 14 0 42 25 255 0 255 0 0 255 0 79 0 0 255 26 255 0 255 0 255 0
    253 144 255 255 0 74 138 255 255 0 88 255 255 255 32 0 0 255 255 255
    255 255 0 0 150 255 87 255 0 255 223 255 156 0 255 204 255 0 0 255
    255 255 0 0 25 255 0 0 0 0 226 0 0 194 0 54 0 255 0 8 255 255 255
    255 255 0 173 255 0 255 75 255 255 0 255 0 0 0 0 255 255 127 0 0 0 0
    255 255 0 0 173 0 210 255 255 255 0 0 0 255 132 0 255 255 255 0 0
    208 0 0 255 40 0 0 255 255 157 96 255 255 0 0 0 255 255 0 0 0 255
    255 0 146 0 0 255 0 255 0 255 0 255 255 255 0 255 0 0 255 0 0 255
    255 255 0 172 0 120 0 0 203 0 255 172 0 0 19 255 255 0 0 123 175 133
    255 255 61 0 255 255 255 0 22 255 0 255 0 255 255 87 0 255 14 68 10
    0 255 0 64 0 255 255 0 255 206 255 0 0 0 0 0 255 255 0 99 255 255
    255 159 0 0 255 52 0 0 0 255 163 0 255 255 0 0 0 255 255 255 122 0 0
    255 0 255 139 255 255 153 0 255 0 0 255 255 255 255 0 255 255 255 0
    255 0 255 0 0 0 255 0 255 0 255 255 255 213 255 0 255 0 133 0 255
    114 255 255 0 0 255 0 255 255 0 0 255 91 0 189 255 255 0 0 86 255
    188 103 0 255 209 0 224 255 255 255 255 0 255 255 120 110 0 255 255
    255 255 0 0 255 0 255 255 255 0 0 255 255 255 0 0 255 0 255 255 255
    0 255 11 255 99 0 36 111 255 4 0 0 255 255 0 0 0 217 255 255 0 0 135
    161 0 255 0 255 0 255 101 255 0 255 179 0 0 0 0 0 255 0 255 0 0 255
    255 119 255 0 255 164 255 0 0 255 255 159 0 235 255 0 255 255 255 0
    0 255 255 0 0 0 0 255 144 255 86 50 0 255 227 255 0 255 0 0 155 28 0
    255 0 255 0 255 0 255 0 255 255 255 255 25 0 0 255 128 0 255 0 255
    29 0 255 0 0 255 238 0 244 0 255 0 255 205 255 93 255 0 255 0 0 122
    179 0 242 201 255 255 255 80 0 164 255 94 229 255 252 0 0 255 255
    243 135 0 132 110 255 96 255 255 255 0 255 0 0 0 0 187 0 255 214 255
    0 0 255 0 255 0 255 0 0 16 255 0 0 0 255 255 0 0 0 255 0 255 255 255
    255 0 0 0 0 0 255 255 255 0 184 0 255 255 0 36 167 255 0 255 74 243
    255 0 255 255 142 255 0 0 255 255 255 0 0 0 0 255 178 204 0 255 0
    255 82 255 0 0 201 181 255 255 255 93 0 255 0 255 0 255 0 255 0 255
    109 79 0 0 0 255 0 233 158 255 255 0 0 23 255 0 44 255 255 255 0 0
    99 255 0 0 255 255 255 0 0 255 255 255 255 227 0 180 181 73 255 0 0
    255 255 255 0 0 119 104 255 144 51 255 44 255 255 255 0 255 255 255
    0 0 0 220 255 255 218 0 0 255 255 255 73 199 0 255 229 0 0 255 255
    255 255 0 36 0 0 255 0 255 255 255 234 0 0 0 255 0 255 0 255 0 255 0
    255 0 0 255 149 0 0 0 255 0 255 0 253 255 255 0 60 0 0 0 255 255 255
    0 255 255 255 73 255 255 255 4 255 0 0 0 255 0 0 0 255 231 255 0 192
    108 255 255 0 219 255 255 0 255 0 0 255 0 0 255 255 255 0 219 0 255
    255 255 0 0 255 255 255 0 255 183 255 255 120 255 0 0 0 5 255 0 125
    0 255 255 139 0 0 0 34 255 245 0 228 129 255 255 0 255 255 255 0 0
    255 255 255 102 218 0 255 255 255 255 255 123 0 0 44 14 3 255 120
    176 0 254 0 255 255 255 255 0 240 1 255 0 181 255 243 0 120 201 0 0
    0 236 255 0 255 0 255 255 255 0 75 0 0 255 255 255 0 22 0 255 0 255
    175 0 0 255 255 255 0 0 179 0 255 0 0 164 0 162 255 255 118 0 130
    255 255 0 220 0 0 255 255 0 0 0 180 0 153 241 0 255 0 255 255 255
    255 0 255 50 255 0 255 255 0 255 0 0 204 0 255 0 255 0 255 145 255
    235 255 0 255 0 255 184 0 240 0 0 255 255 255 255 255 255 64 0 0 0 0
    59 0 255 255 255 91 0 0 0 198 0 255 178 0 181 45 255 218 165 104 0
    255 0 255 59 0 0 0 255 255 0 0 0 3 0 0 255 255 0 0 0 183 0 0 0 0 255
    255 0 0 0 255 2 0 255 196 50 0 0 0 70 94 255 0 255 255 253 0 0 255
    255 255 255 255 0 0 0 255 255 0 0 253 255 255 255 255 255 255 0 65
    221 132 0 255 0 69 60 0 255 191 243 0 0 255 255 0 0 0 255 255 255
    228 210 0 0 0 255 0 99 255 255 255 193 255 0 0 0 230 255 255 255 152
    0 0 0 0 0 0 0 255 43 255 64 255 0 0 0 2 0 255 0 255 255 0 213 255 0
    255 0 255 255 127 154 0 255 102 17 168 255 255 255 0 0 255 0 0 0 0
    255 255 255 112 100 75 255 255 255 0 255 255 255 99 255 255 255 0
    255 0 255 0 255 255 0 0 0 0 0 0 255 255 255 0 81 255 255 0 0 255 30
    255 105 0 0 255 255 255 0 0 0 255 23 255 255 49 255 255 255 255 0
    255 137 255 0 255 0 0 0 0 84 254 255 0 0 255 0 255 217 0 0 0 255 0
    255 0 255 0 0 0 0 0 0 0 0 0 255 214 255 204 0 16 255 0 0 0 255 255
    92 24 3 0 255 255 0 255 0 255 0 255 255 255 255 0 255 255 111 0 0
    255 255 175 0 255 0 255 255 255 0 0 0 0 69 218 255 0 0 0 255 0 255 0
    3 255 255 0 0 255 255 186 0 255 255 0 0 255 120 60 0 255 255 255 245
    0 148 240 0 79 0 255 0 0 0 255 0 0 0 255 255 255 0 0 195 255 227 55
    255 255 0 0 38 255 119 0 255 255 255 255 0 99 0 255 255 255 255 94 0
    0 255 255 255 0 0 70 255 255 0 87 255 255 255 232 255 255 60 231 51
    255 157 0 0 255 255 255 0 255 0 255 23 255 255 0 0 255 255 0 255 0 5
    0 148 255 133 0 161 255 133 0 0 255 218 255 128 0 255 0 210 0 0 255
    255 255 0 0 0 255 0 255 0 0 0 249 255 0 255 255 255 0 0 255 255 255
    0 0 0 45 255 255 208 255 0 255 0 0 255 255 0 255 21 255 0 0 92 38 0
    200 255 0 0 42 255 190 0 255 0 255 0 0 0 255 255 255 0 0 0 0 255 255
    255 0 109 0 255 255 255 5 255 0 255 255 0 0 0 255 0 255 66 0 0 255
    255 0 255 255 255 0 85 0 0 0 255 255 0 0 0 0 146 85 0 0 255 0 133
    255 255 0 0 255 0 0 255 0 0 0 255 255 0 0 255 255 255 0 255 0 0 255
    25 255 0 102 0 0 0 255 0 255 0 255 255 255 0 0 77 255 0 0 255 0 255
    0 0 255 255 255 0 0 42 255 14 255 0 117 201 0 12 25 255 155 0 255 0
    255 94 255 255 0 0 0 255 0 255 255 255 0 0 0 0 255 52 0 0 255 0 255
    0 0 0 206 255 255 0 0 0 255 255 255 26 0 0 255 255 255 0 255 92 255
    0 255 0 255 158 255 14 0 0 11 255 255 0 255 0 255 0 0 255 255 255 0
    212 0 255 255 255 255 0 0 255 38 141 0 0 255 0 255 255 0 255 58 255
    0 0 179 0 0 0 8 35 255 255 0 0 0 225 191 255 255 0 0 104 255 255 0 0
    0 0 255 0 0 255 100 0 255 255 255 0 255 0 13 0 255 255 255 131 0 0
    255 255 255 0 7 255 255 127 255 0 107 0 255 255 255 0 23 43 0 66 255
    77 198 0 0 255 1 255 226 255 255 0 0 0 77 255 0 255 0 255 255 0 0 0
    123 70 255 255 255 0 166 255 229 255 0 0 0 255 255 255 0 0 79 255
    255 0 0 0 91 255 255 65 0 0 0 184 255 230 141 255 255 0 0 255 255 61
    195 0 0 0 255 0 255 0 0 0 255 0 0 0 255 255 255 27 0 255 0 0 0 153
    255 0 0 0 150 255 85 255 255 0 0 0 255 168 255 255 0 0 0 255 255 255
    255 109 255 23 255 0 0 0 0 255 255 255 0 139 255 0 255 0 0 255 0 0 0
    255 255 107 255 0 255 255 0 0 0 255 255 0 0 255 255 233 255 255 0 0
    0 255 249 0 6 0 224 234 0 255 0 255 0 26 0 0 0 255 255 255 0 205 0 0
    0 255 255 0 255 0 255 0 0 0 90 0 0 255 0 255 255 255 0 241 25 0 255
    165 255 0 255 255 255 255 0 255 255 255 0 0 0 191 0 0 0 255 255 0 0
    255 0 255 0 255 0 5 255 198 0 87 177 76 241 255 255 255 255 255 181
    0 255 255 125 0 77 255 221 0 0 193 255 255 220 0 255 13 255 0 91 255
    255 0 0 0 255 47 0 0 0 0 255 255 0 255 255 140 0 0 0 254 241 255 255
    227 0 130 255 255 255 255 0 193 255 255 0 0 134 0 255 255 255 0 123
    255 255 255 233 255 255 0 0 0 0 25 255 255 0 0 0 0 0 255 255 255 0 0
    244 255 255 0 0 255 255 0 0 0 115 255 0 255 255 255 0 255 0 255 89
    255 136 0 255 255 0 0 0 255 7 255 85 0 0 0 255 255 255 0 0 255 193
    255 0 21 0 236 0 255 80 255 182 0 239 255 255 0 0 114 255 255 0 127
    0 207 0 218 27 255 243 255 0 255 0 0 0 51 0 255 255 255 255 0 78 0
    128 255 255 0 255 0 0 0 255 255 0 38 0 255 0 0 37 255 255 0 255 255
    255 58 0 232 255 255 0 67 70 255 255 255 55 76 0 18 255 255 255 255
    36 0 193 255 255 255 255 0 232 255 0 0 0 0 255 0 14 0 255 91 255 255
    96 0 0 248 255 255 0 0 73 0 255 255 255 255 255 0 255 0 0 0 156 255
    255 0 193 0 50 0 255 178 255 8 0 255 255 255 0 0 255 123 121 0 255 0
    107 177 255 123 49 255 61 255 112 84 255 255 0 0 255 255 76 44 255
    255 255 0 0 0 255 255 255 0 39 255 255 0 255 0 255 123 151 0 255 0
    255 255 255 0 255 0 210 142 255 255 0 0 0 220 167 48 178 35 128 0 0
    0 0 15 255 201 144 255 255 255 0 255 0 0 255 255 0 0 0 230 0 127 56
    255 255 127 0 123 184 0 255 0 255 0 255 0 255 243 255 0 224 75 111
    255 211 255 144 160 255 255 0 0 255 255 0 215 0 0 255 133 255 180
    143 255 155 0 0 0 0 190 16 255 0 255 0 0 255 255 255 0 46 0 213 0 0
    239 0 255 1 255 255 0 0 0 0 255 255 0 255 0 0 255 255 255 197 255
    255 0 188 255 255 0 255 180 228 10 255 0 0 0 255 0 255 0 255 0 0 255
    255 255 0 0 0 255 223 255 0 255 255 255 255 0 0 255 255 13 0 255 0
    255 0 162 0 150 255 255 0 255 211 255 255 0 255 0 255 0 255 0 255 0
    0 63 0 255 44 0 255 255 255 0 127 0 255 86 255 216 255 104 255 0 0
    255 255 255 0 178 227 255 0 14 255 0 0 255 186 255 0 0 0 0 0 255 255
    255 255 0 255 255 0 0 255 255 0 0 231 255 0 82 0 255 255 0 0 0 255
    255 251 255 0 0 0 0 0 255 255 50 0 0 130 202 38 255 0 255 0 255 255
    0 255 255 255 0 0 0 255 92 255 236 33 255 255 255 0 0 255 255 0 0
    255 0 93 0 255 255 0 0 0 172 255 255 0 213 67 255 0 255 0 255 0 255
    43 255 21 255 255 0 255 255 0 255 0 255 255 255 0 255 0 0 255 255 0
    106 0 0 255 0 255 104 255 132 0 0 0 255 255 0 0 0 255 255 255 16 0 0
    0 255 159 0 0 255 255 0 0 255 255 238 0 255 119 255 255 0 255 0 255
    255 255 255 30 0 0 255 255 255 232 0 255 100 255 0 0 255 255 255 0 0
    0 255 0 0 64 0 110 255 0 255 0 255 59 75 130 255 255 255 0 0 255 0
    255 0 255 255 255 0 0 255 255 0 0 255 74 152 0 255 0 203 34 255 255
    0 0 0 0 99 0 0 255 0 255 0 255 255 0 0 255 84 0 0 0 255 0 255 247 0
    0 0 255 255 255 231 255 0 3 0 0 255 0 255 185 255 0 0 255 255 157
    255 255 255 0 91 0 255 255 255 0 255 0 0 0 231 255 201 124 0 255 255
    255 0 77 255 77 255 0 142 102 255 0 255 212 129 0 0 0 255 0 112 255
    255 255 0 255 255 255 0 0 228 31 255 0 255 255 0 62 0 255 0 0 255
    255 213 0 255 47 0 0 255 241 138 255 255 187 0 0 255 255 255 255 146
    0 0 255 127 255 31 255 0 255 39 255 0 0 115 165 255 255 0 0 0 255
    180 255 255 165 0 255 31 0 0 0 255 255 0 255 255 255 114 0 0 0 255
    209 255 0 0 255 255 255 0 255 203 255 0 255 0 255 0 255 0 0 137 24 0
    0 126 0 255 0 0 255 255 255 0 0 0 255 0 255 0 255 0 0 0 0 255 255
    210 0 0 148 181 0 0 255 255 255 255 0 0 0 255 255 255 96 0 215 0 255
    255 255 0 255 0 110 82 0 0 63 255 0 140 205 119 0 255 255 255 255
    255 0 255 0 182 0 255 255 255 0 0 255 0 255 0 0 31 255 255 222 0 255
    0 0 0 0 0 255 0 0 48 255 57 5 0 0 0 139 255 0 0 0 0 255 255 255 255
    255 0 0 0 255 255 255 255 0 234 0 255 93 255 255 0 106 182 255 0 152
    255 0 0 255 255 255 0 255 0 255 255 255 0 160 0 255 80 255 0 0 103 0
    0 255 113 184 255 0 255 0 255 0 0 255 72 0 0 255 235 118 0 0 255 0
    255 0 255 168 0 238 255 0 255 210 0 0 0 255 255 255 0 0 0 255 37 0 0
    0 255 255 255 0 0 255 0 255 255 0 0 0 255 255 255 255 255 170 255 0
    138 0 24 0 255 0 0 255 0 255 255 255 255 0 0 28 255 255 0 4 255 0 0
    255 76 255 255 91 0 0 0 0 161 255 0 255 0 0 191 0 159 255 255 0 137
    0 255 0 5 0 159 255 255 255 0 0 255 235 0 2 0 255 0 255 0 29 255 255
    255 41 255 0 0 164 177 0 85 186 0 0 0 255 255 255 0 0 0 255 0 0 255
    255 255 0 207 2 255 7 255 0 255 0 0 0 0 255 255 255 0 41 0 255 26
    255 0 255 201 237 0 49 0 255 205 255 0 255 255 143 0 255 0 255 209
    255 0 255 255 255 70 0 0 0 0 0 0 0 255 255 255 0 255 255 255 0 0 0
    253 255 255 255 0 255 0 255 69 113 255 255 0 0 255 255 255 0 7 0 183
    255 0 255 255 255 58 197 0 0 0 255 255 255 127 255 177 0 0 0 41 0 0
    15 36 255 243 255 238 0 255 0 255 68 255 13 255 255 255 85 255 25 0
    255 255 255 255 255 0 0 0 255 0 0 255 0 255 0 179 0 82 0 0 255 255
    244 255 0 255 0 0 216 0 255 0 0 0 255 48 87 255 255 0 0 255 255 255
    0 0 255 255 136 255 157 0 255 255 118 0 0 255 255 0 200 255 255 0
    255 255 0 0 0 255 36 255 6 255 0 0 0 255 255 0 63 0 0 0 0 255 255
    255 255 255 255 0 0 0 255 0 255 0 0 0 255 255 255 192 0 0 0 0 255
    135 0 255 0 255 0 255 0 0 255 255 255 0 255 255 255 0 0 0 3 255 191
    255 255 101 0 0 255 138 255 255 255 255 63 0 204 255 255 0 255 0 0
    255 255 255 32 0 255 48 255 255 0 255 0 96 255 0 0 201 255 255 255
    255 255 0 255 136 255 0 0 0 255 178 0 0 0 255 0 82 255 0 255 0 255
    255 255 252 0 0 229 255 108 255 0 255 0 0 0 255 248 255 255 255 0 0
    200 255 0 255 0 0 255 220 255 0 0 0 0 0 0 255 12 0 0 0 255 54 255
    255 0 0 255 89 0 255 0 255 77 255 255 255 143 255 0 255 0 255 0 255
    255 255 0 0 18 255 255 255 0 0 0 255 222 0 0 255 255 0 255 4 255 0
    170 126 0 0 0 0 132 0 146 255 0 0 255 255 0 13 0 255 0 255 255 35
    255 0 74 0 255 0 255 0 0 0 0 0 0 255 168 255 0 0 0 255 255 255 0 255
    255 255 0 0 0 0 255 255 255 0 255 255 255 30 0 0 0 255 0 0 218 255
    255 0 0 0 255 0 255 72 255 125 0 0 255 0 0 255 255 0 0 226 255 255
    255 0 255 0 0 252 255 0 255 0 255 187 255 0 4 117 255 255 0 0 0 23 0
    213 255 255 219 0 0 0 0 0 255 255 0 0 0 255 255 49 0 0 15 255 255 0
    0 255 255 34 0 0 255 255 162 255 0 255 159 215 255 255 255 255 33
    255 100 0 255 0 67 255 255 0 0 237 255 126 113 0 255 12 255 255 0 0
    177 255 0 255 20 255 0 60 255 12 255 255 0 0 0 226 255 255 255 255 0
    0 202 0 0 255 93 0 0 0 255 0 255 0 0 255 255 157 0 63 255 255 255
    255 0 0 0 0 255 0 60 255 255 255 0 0 0 255 0 255 100 103 255 255 0
    255 0 255 215 255 0 255 255 255 62 0 0 0 0 255 255 0 255 0 249 255
    255 56 0 255 0 0 255 0 255 255 255 0 251 249 0 30 0 255 0 255 255
    255 0 255 0 255 0 0 255 255 0 255 0 131 255 255 143 0 255 255 0 255
    0 255 70 0 255 27 0 0 105 84 255 255 248 0 255 15 255 0 46 101 255
    255 0 255 0 255 255 255 0 255 0 30 0 255 216 0 0 255 0 255 165 207 0
    255 49 255 0 158 0 251 176 255 0 0 76 255 255 255 255 0 0 255 255 0
    0 0 255 236 255 255 0 0 0 255 255 255 255 0 182 0 0 255 0 0 140 206
    255 255 0 0 0 255 234 152 0 255 255 127 188 0 0 255 255 255 70 0 86
    56 243 115 16 81 0 0 255 0 255 255 208 255 0 255 0 0 0 255 255 0 229
    255 255 0 0 255 0 0 0 0 255 255 255 0 0 255 255 0 0 255 255 57 0 0
    113 0 255 255 255 145 0 62 0 0 0 255 255 255 226 0 0 167 237 12 255
    113 255 0 255 206 0 255 0 225 31 0 0 255 255 0 0 255 255 255 255 0 0
    255 113 0 0 255 255 255 0 0 0 0 0 43 255 0 255 255 0 0 255 255 255 0
    0 255 255 255 0 0 13 255 255 0 0 21 170 255 0 0 239 255 0 245 255
    255 95 0 0 205 255 0 255 255 234 0 255 255 255 0 0 0 255 171 255 238
    255 232 75 255 0 255 219 255 0 255 14 255 0 80 0 255 0 255 255 255
    255 255 0 255 0 110 0 206 0 0 146 255 255 0 0 0 255 0 255 255 255 0
    0 0 0 0 255 255 255 255 0 70 255 255 0 0 204 0 0 255 0 255 255 145
    255 255 255 0 0 24 0 255 0 255 136 0 255 255 0 0 0 255 255 255 0 0 0
    0 0 255 255 255 0 53 0 0 0 255 45 0 92 11 255 255 0 105 217 255 255
    0 255 255 0 117 0 255 232 0 191 0 255 214 212 0 0 0 0 255 110 255
    255 255 255 0 0 0 255 0 124 0 255 218 255 255 255 0 0 0 251 255 187
    255 0 0 255 0 237 255 0 255 0 0 255 0 0 255 141 0 0 0 0 112 255 255
    219 255 0 255 0 255 0 255 0 24 255 255 0 255 0 8 255 255 105 165 0
    255 185 0 0 229 255 0 255 255 255 255 255 0 255 255 39 0 0 255 255
    255 0 0 255 0 0 0 255 39 0 255 255 255 0 0 106 255 255 250 255 255
    255 0 0 0 0 0 0 0 255 255 255 0 91 0 255 0 161 0 255 255 0 0 255 255
    0 0 93 0 246 0 255 0 255 255 0 255 255 255 255 255 0 255 0 255 255
    255 0 205 0 255 0 243 255 71 255 0 0 0 0 133 255 175 65 0 0 255 255
    255 0 0 40 0 156 0 0 255 31 255 255 255 253 0 0 0 0 0 255 255 255
    255 255 255 255 0 255 255 255 0 0 0 168 0 63 236 255 0 0 255 255 255
    0 48 255 0 255 0 255 255 255 0 0 0 255 255 255 63 255 0 85 0 179 0 0
    166 0 255 0 90 0 255 12 0 0 255 0 0 255 255 255 0 255 0 0 17 0 255 0
    168 0 255 0 255 130 255 255 255 0 255 255 222 0 0 255 255 46 255 255
    0 0 0 0 255 152 0 231 172 255 110 0 255 255 219 0 255 15 0 91 187
    255 0 255 0 244 30 255 255 0 0 0 0 54 0 0 0 255 88 255 0 0 255 255 0
    0 0 255 255 0 241 139 0 0 0 255 0 255 135 255 225 73 0 90 255 255
    255 0 71 0 79 19 46 0 0 255 129 255 0 130 255 0 255 199 76 0 0 0 33
    255 255 0 0 0 0 0 0 255 0 0 0 255 255 65 255 38 255 0 255 0 255 104
    255 0 0 255 0 0 255 0 0 0 0 255 69 0 255 255 255 0 255 0 0 0 245 139
    255 114 0 0 247 57 255 218 255 76 255 0 105 0 36 0 0 0 255 255 0 0
    255 255 255 255 134 255 0 255 0 255 0 255 0 0 0 165 255 255 0 255 0
    0 255 240 0 0 255 255 255 0 255 255 0 0 0 255 0 255 0 161 255 255 0
    255 255 255 181 255 0 255 0 0 102 255 0 255 0 255 0 255 255 0 0 0
    255 204 255 255 0 41 0 255 255 255 255 0 0 255 229 0 0 255 255 0 17
    0 255 255 0 0 0 255 255 0 0 0 255 255 255 0 255 144 255 214 255 255
    0 255 0 255 255 255 31 59 0 255 0 58 71 131 0 0 0 0 255 0 0 0 255 0
    255 255 0 0 0 91 255 255 0 255 0 255 83 255 0 255 255 255 131 178
    255 0 0 0 255 255 255 255 16 33 0 255 0 255 255 255 0 255 150 255
    255 0 255 255 0 0 0 34 255 255 26 0 0 0 0 255 0 0 0 255 255 255 255
    0 0 0 0 0 255 255 0 94 0 0 0 0 255 255 255 0 255 0 189 0 255 0 0 0
    255 255 0 255 255 255 0 255 255 255 0 0 255 255 255 0 0 0 255 0 255
    61 255 255 255 0 0 255 37 0 0 197 57 0 0 0 255 22 0 107 255 255 255
    255 255 0 200 56 158 255 0 160 0 255 255 255 0 0 0 33 255 90 255 0
    255 80 255 0 223 11 255 255 0 103 255 255 255 0 0 0 255 0 0 255 255
    255 0 255 213 0 0 255 0 255 0 255 255 0 0 0 255 255 138 255 0 218
    110 255 255 236 134 0 0 255 255 0 255 0 255 102 255 0 255 80 255 3 0
    221 139 255 0 255 243 0 202 5 0 0 53 255 255 0 255 0 255 0 255 103
    255 255 156 0 255 255 0 255 0 255 0 255 0 0 0 0 0 255 0 255 255 0 18
    0 255 255 255 255 0 0 165 177 255 255 0 255 0 0 255 134 0 104 255
    255 255 85 0 0 0 255 167 255 192 214 255 0 255 0 255 69 22 255 0 223
    255 112 255 0 255 255 255 0 67 255 255 255 0 60 0 255 255 255 255 0
    0 0 52 0 0 255 255 255 170 255 255 255 0 114 255 255 0 0 0 0 26 255
    255 255 0 0 0 0 0 255 212 243 255 163 255 0 255 210 0 255 255 36 0
    255 255 255 0 255 0 255 0 255 0 0 255 255 255 0 0 224 255 0 0 0 255
    255 255 255 255 255 255 0 255 0 0 0 255 0 255 255 0 0 255 0 255 255
    0 255 0 255 0 255 255 0 0 0 224 0 0 0 255 0 255 0 255 0 255 0 59 92
    255 255 255 253 0 255 177 255 255 86 255 255 0 255 255 203 3 0 0 255
    118 255 197 0 0 255 255 255 0 0 77 0 255 240 255 0 188 0 255 0 0 0
    255 255 0 0 0 255 188 0 255 0 255 0 255 0 172 0 255 255 40 0 0 0 255
    255 0 0 177 255 255 0 255 0 255 0 0 0 0 0 0 255 255 255 255 0 0 0
    255 255 255 197 0 0 255 163 255 17 0 255 0 228 123 0 0 8 255 0 0 0
    228 44 90 255 175 0 113 0 255 44 0 0 255 180 115 0 255 223 255 255
    255 0 255 255 0 0 255 27 255 0 0 255 1 255 0 0 0 255 104 0 55 0 0
    255 0 0 0 255 255 255 255 0 134 49 155 95 153 255 0 255 255 255 215
    128 0 255 0 0 181 0 114 255 255 208 11 255 227 0 0 0 255 255 0 255 0
    255 0 255 0 255 0 255 104 0 6 224 0 255 132 0 0 255 255 0 0 138 255
    82 255 255 255 255 255 0 255 255 255 255 33 255 0 0 83 255 232 255
    10 135 75 255 255 0 130 0 255 255 156 0 0 0 0 255 255 0 0 0 0 0 255
    255 255 0 90 0 255 255 255 255 0 255 255 0 245 0 255 0 255 0 255 0
    170 173 0 0 254 32 255 255 255 0 0 255 255 255 0 255 255 255 0 0 0
    255 0 176 255 46 255 0 18 0 17 222 0 0 255 0 0 0 255 255 255 255 193
    0 255 255 44 255 255 255 0 255 0 0 255 0 255 92 255 0 0 0 87 255 35
    0 0 255 255 255 0 0 255 0 153 0 0 0 0 0 255 90 253 0 255 34 128 96
    255 49 255 0 255 0 255 0 0 0 0 0 0 0 0 255 255 255 0 0 15 97 0 255
    184 0 255 197 255 0 96 0 38 174 255 255 255 0 0 255 255 0 255 255 0
    249 0 255 255 255 0 255 0 255 0 255 215 0 170 0 255 0 255 0 255 0
    127 0 0 45 0 255 0 255 255 255 255 255 0 0 85 255 0 255 0 255 0 162
    0 0 255 255 86 28 0 255 255 205 0 0 0 255 129 255 0 0 0 255 255 255
    206 0 0 54 255 255 255 255 0 0 0 0 0 255 255 125 255 89 255 0 0 255
    255 255 57 255 255 255 0 101 0 255 255 6 255 0 18 0 21 255 255 0 255
    109 35 0 0 255 0 178 42 255 255 24 0 42 0 41 108 92 255 0 0 0 255 59
    0 7 0 255 207 255 0 0 0 255 99 0 12 0 22 69 255 0 255 0 241 0 0 0
    255 0 0 42 255 255 255 0 255 108 0 0 0 255 173 255 255 0 255 255 255
    255 0 255 255 0 0 255 255 255 162 0 0 255 255 255 0 0 255 156 0 0 0
    255 255 202 177 0 0 0 0 255 64 87 0 0 255 0 0 0 73 47 255 255 255
    255 255 0 255 0 255 0 255 255 0 0 0 255 255 0 255 87 255 0 255 255
    149 0 255 255 255 0 255 255 226 0 255 3 0 128 0 0 255 0 255 0 255
    255 255 0 255 0 255 0 0 255 42 255 255 255 224 211 0 0 255 255 170
    255 255 255 255 255 0 0 0 255 255 26 255 0 255 0 52 255 0 255 0 255
    255 255 0 255 255 255 255 7 0 19 0 0 0 255 255 255 255 255 188 58 0
    255 252 255 0 255 3 255 0 0 0 255 232 188 0 192 10 255 238 0 90 0 0
    0 255 255 0 0 0 0 100 0 250 0 255 255 255 0 255 0 0 0 255 255 0 82 0
    255 0 255 255 0 255 0 255 0 28 0 0 243 255 97 151 0 0 255 255 255 0
    0 255 255 255 255 0 255 237 0 203 223 0 255 17 0 255 195 255 255 88
    255 255 255 255 255 0 255 0 255 255 178 255 0 255 90 0 0 55 255 255
    255 255 0 255 0 255 0 255 255 0 0 0 255 210 255 37 0 0 255 71 255 0
    19 0 255 255 51 248 0 0 0 255 255 255 0 0 249 255 9 0 255 255 255
    109 186 255 0 130 0 255 255 0 0 0 48 0 252 59 255 0 242 0 255 71 255
    0 0 165 0 255 0 255 255 255 0 0 255 255 255 255 255 0 0 0 0 255 255
    70 0 0 133 255 0 122 169 0 0 97 0 255 0 255 62 176 178 210 0 0 0 45
    255 0 255 0 0 0 0 255 255 0 0 15 0 255 60 255 255 0 0 255 255 51 0
    255 166 255 255 255 255 255 180 0 132 0 255 0 255 255 58 0 0 0 255
    255 255 0 255 0 255 144 0 0 255 0 255 0 255 255 59 120 0 0 0 255 0
    255 255 255 155 255 4 0 0 0 0 161 255 62 255 0 22 255 255 255 235 0
    255 0 96 0 200 16 255 0 0 255 255 134 0 101 55 255 255 0 0 0 110 255
    0 0 0 255 255 255 0 255 0 0 0 0 255 0 14 0 255 188 255 0 0 105 0 0
    255 0 0 255 0 0 0 255 0 0 0 255 0 104 255 255 255 0 255 0 0 255 0
    255 0 255 255 0 0 0 255 255 6 0 0 255 255 255 0 255 0 255 0 255 255
    255 0 0 255 0 255 147 255 0 0 0 0 255 255 255 255 255 40 64 0 255 0
    14 0 255 255 0 255 0 255 0 168 255 255 255 0 0 0 0 0 255 103 255 0 0
    255 0 238 255 255 255 255 255 33 255 0 0 0 0 255 0 255 0 0 0 255 255
    255 10 234 7 0 255 105 255 0 0 0 80 0 255 0 255 218 255 0 0 255 255
    157 214 255 6 0 255 0 235 0 255 123 255 0 0 0 255 0 255 0 252 0 255
    0 255 0 32 255 145 255 255 205 0 0 0 0 0 255 255 0 0 255 209 255 0
    255 0 0 0 24 255 101 0 0 25 255 255 0 0 0 0 255 255 255 0 0 0 93 0 0
    94 255 255 255 255 0 0 0 0 0 255 0 255 255 0 0 0 255 170 0 0 0 0 255
    255 0 0 0 255 255 255 0 109 255 255 255 0 226 0 255 0 255 0 255 255
    255 0 255 0 197 255 255 125 0 255 255 131 128 255 255 255 0 0 0 0 3
    0 0 0 255 255 0 0 255 255 255 255 255 255 0 0 0 255 0 0 133 0 255
    255 0 165 0 255 255 255 0 0 0 255 183 255 255 0 255 255 255 106 255
    255 0 255 0 0 0 255 40 0 0 255 255 255 0 0 0 255 255 255 255 0 38
    255 122 255 0 0 0 173 255 255 0 255 0 82 40 188 255 0 0 50 255 255
    255 105 0 0 255 255 255 0 255 171 0 83 0 0 0 255 255 0 0 0 255 88
    255 194 255 0 255 255 199 229 0 0 0 0 0 0 0 255 0 0 0 255 126 255 0
    0 0 0 255 255 255 0 0 0 255 255 255 255 0 0 255 255 0 255 0 255 205
    255 255 255 255 0 245 0 255 255 255 0 255 255 255 24 255 255 255 0
    255 255 255 255 0 193 0 255 255 0 0 20 255 255 255 0 255 0 255 103
    255 255 48 177 189 255 218 0 0 255 255 255 255 247 255 0 0 13 0 0
    255 210 0 0 0 98 255 0 0 0 0 255 0 255 255 255 0 255 0 255 48 0 202
    191 0 0 0 0 255 0 255 0 255 255 255 0 41 0 255 255 0 228 255 255 255
    0 0 0 255 0 0 0 255 255 89 255 0 107 0 255 189 199 0 238 0 216 0 242
    0 174 181 0 153 255 255 22 255 0 0 0 255 167 0 255 234 114 255 0 0
    255 255 255 0 255 255 255 0 255 255 0 0 255 103 0 193 0 0 255 0 214
    0 255 91 0 255 255 0 255 0 255 212 100 0 148 0 0 135 255 255 0 0 0
    255 242 255 0 255 255 255 255 104 255 200 0 100 0 255 175 255 72 51
    0 255 0 255 0 255 255 255 255 18 74 0 255 0 222 0 255 255 0 159 13 0
    255 255 255 0 255 0 0 0 207 172 255 0 255 0 0 237 255 0 69 255 0 0
    255 19 255 0 0 0 0 0 255 255 255 255 0 255 0 0 124 0 195 255 0 0 255
    255 255 0 255 0 255 255 0 0 0 255 255 255 242 187 255 255 255 255 0
    255 34 255 0 157 255 255 73 255 0 0 0 0 171 0 0 255 255 255 0 0 0 0
    255 127 0 0 0 177 255 0 0 0 255 255 255 255 25 0 0 227 196 255 0 255
    255 255 0 255 145 10 69 255 10 0 0 176 0 255 0 0 130 255 0 94 0 153
    255 0 255 255 0 0 0 255 255 0 0 0 255 0 0 0 0 0 255 120 12 0 228 255
    255 241 50 255 0 255 255 255 255 0 255 0 6 0 0 255 255 109 0 0 100 0
    119 255 0 0 0 227 0 0 255 0 255 0 255 255 0 255 0 255 0 255 255 0
    255 0 0 116 255 255 255 114 0 255 0 0 0 0 255 255 195 255 255 0 0 0
    237 236 255 166 255 255 0 221 131 0 0 0 197 255 255 144 228 101 0 0
    213 255 255 255 255 255 255 0 0 0 255 255 0 132 0 11 0 255 0 255 255
    0 0 0 255 255 0 191 132 255 0 0 0 192 255 111 255 0 78 139 0 255 204
    255 255 56 119 207 0 0 153 160 0 0 0 118 255 0 20 161 0 0 173 255
    255 255 255 0 0 255 0 255 0 171 255 255 255 0 0 0 0 255 255 0 0 0
    255 255 255 0 0 0 255 140 225 0 255 255 255 0 186 0 255 0 255 0 0
    255 255 49 0 0 0 70 255 0 148 255 255 124 255 0 255 0 94 0 0 255 255
    0 255 0 255 0 255 255 0 0 0 0 146 74 255 182 255 0 255 255 0 0 0 0
    255 127 255 0 255 0 0 255 255 255 0 154 0 153 214 0 0 0 0 255 255 0
    0 255 255 69 255 255 0 135 0 244 255 93 0 0 255 255 0 0 255 223 0 0
    34 0 255 109 255 206 0 255 0 255 0 255 255 255 95 0 0 255 0 0 0 255
    255 255 0 0 255 255 230 255 0 255 0 255 0 0 0 0 255 255 0 0 226 255
    0 140 174 190 255 0 255 0 255 95 255 66 255 38 0 127 140 0 0 0 255
    255 255 255 255 0 0 255 0 255 0 255 255 55 92 0 0 255 255 255 0 58 0
    224 255 0 0 0 95 255 255 255 0 255 0 255 0 255 0 135 255 255 255 193
    0 0 255 255 165 0 183 0 243 0 161 0 255 0 0 0 0 255 2 255 0 246 255
    255 0 0 0 255 0 255 0 0 0 255 253 181 255 0 255 0 255 0 255 0 255
    143 255 255 0 42 255 0 255 255 185 0 44 128 255 255 0 255 168 107 0
    255 255 2 0 255 187 0 255 0 0 255 0 0 0 68 255 0 77 45 8 255 224 0 0
    255 255 255 81 255 255 164 255 0 0 193 255 0 0 255 0 31 152 75 0 244
    190 0 255 0 137 0 213 0 0 232 255 73 175 53 255 0 255 70 35 0 255
    255 0 0 0 0 255 255 255 0 108 0 110 0 0 255 255 0 255 255 255 255
    255 255 255 255 255 0 255 0 255 0 255 0 255 255 255 0 255 255 255 0
    37 0 255 20 0 217 119 255 0 0 0 0 255 58 255 255 0 255 0 255 146 0
    255 0 0 0 227 0 0 219 0 168 255 255 0 0 0 255 255 209 255 0 234 62
    125 0 255 0 0 255 255 250 255 255 173 173 143 255 255 0 0 255 0 255
    0 255 0 255 0 0 255 0 255 0 83 0 0 255 0 255 0 255 0 92 166 16 58 0
    255 0 153 0 255 106 255 0 0 255 13 255 0 79 0 255 193 255 91 0 255 0
    255 230 0 0 9 176 255 255 80 0 0 236 255 190 255 255 255 0 0 83 129
    0 0 0 255 0 255 0 255 255 255 0 0 255 0 0 0 0 0 66 0 255 229 255 255
    136 0 0 255 177 0 0 255 0 80 145 255 74 0 0 255 255 255 0 0 0 83 0
    255 255 75 0 255 255 0 0 255 255 255 0 0 0 130 255 0 0 0 80 255 63
    215 255 255 0 0 231 255 255 38 0 0 0 0 147 0 255 4 255 255 224 255 0
    82 0 23 255 125 255 255 0 0 0 255 255 255 0 255 255 53 0 50 0 255 0
    255 0 128 0 255 233 255 0 255 0 121 0 0 255 255 0 0 185 255 128 91 0
    255 0 255 255 255 0 0 0 223 99 0 255 0 255 0 255 255 255 67 0 0 72
    255 255 0 255 0 255 0 51 0 255 44 255 255 0 0 0 255 255 0 255 0 255
    255 255 0 255 0 0 255 255 255 216 0 255 116 0 0 7 143 255 0 0 0 255
    255 255 0 0 0 168 0 165 0 255 222 0 255 0 255 255 255 0 0 0 11 10 0
    0 255 46 255 0 0 0 255 0 244 255 0 0 42 118 255 8 255 101 0 255 91
    255 255 0 255 0 255 0 255 255 255 255 0 0 0 59 255 99 0 0 0 255 70 0
    0 255 255 0 255 255 0 209 0 133 0 0 0 255 255 255 0 40 0 255 0 255 0
    255 255 255 255 0 255 0 255 0 103 255 255 0 0 255 0 3 0 0 255 255
    255 243 0 255 0 255 0 173 0 255 255 255 0 222 243 255 0 183 84 0 0
    161 255 137 255 255 0 0 30 255 255 14 0 0 0 255 0 223 0 255 207 0 0
    210 0 255 0 79 0 255 0 255 0 255 0 255 0 255 255 255 255 0 255 0 255
    0 0 0 0 0 0 255 182 0 0 0 255 0 0 188 255 255 255 42 0 0 0 255 255
    255 0 30 0 255 255 255 0 0 0 255 255 0 0 0 0 90 255 255 255 168 0 0
    0 255 161 255 100 255 0 255 0 255 255 255 255 24 0 0 0 0 255 0 255
    154 255 0 0 0 255 255 255 0 255 0 255 0 255 66 135 0 255 255 255 0 0
    180 255 95 0 0 255 255 255 0 255 0 0 255 197 0 255 0 255 199 0 0 255
    255 64 0 255 255 255 139 255 0 255 255 0 255 255 160 0 0 255 0 0 255
    255 0 0 0 118 255 255 128 0 255 255 0 0 0 255 255 0 0 0 255 255 0 0
    0 255 255 17 0 255 79 170 255 161 255 0 255 0 142 255 0 0 255 255 75
    0 0 255 0 255 0 255 255 0 255 140 255 0 255 255 255 0 0 255 255 255
    255 0 0 255 255 255 139 255 0 110 0 71 0 0 255 76 0 255 95 255 255 0
    0 255 255 255 255 255 0 0 0 254 0 129 255 255 255 0 0 255 113 142 0
    252 206 51 255 78 0 0 255 255 232 255 37 255 255 255 37 255 0 0 255
    120 0 255 0 255 255 255 255 255 0 0 0 95 248 255 255 112 122 82 194
    0 93 255 58 0 159 255 247 255 27 0 0 39 255 255 202 0 0 0 255 0 255
    0 0 0 0 255 255 249 255 255 255 58 0 129 0 89 0 153 235 129 255 255
    255 178 0 255 131 255 0 0 255 255 0 0 0 255 255 255 0 255 255 255 0
    0 255 255 255 128 0 0 0 0 131 255 0 255 255 255 0 0 0 97 255 255 255
    0 255 255 255 9 255 255 255 115 0 137 255 255 255 0 0 0 77 0 255 0
    255 255 255 211 28 0 255 255 255 163 0 58 255 255 0 61 140 0 255 255
    255 4 255 0 0 0 182 0 255 0 52 159 255 134 255 0 255 0 175 255 255 0
    255 0 107 255 255 0 255 0 73 0 255 255 162 255 0 0 0 0 255 255 166 0
    0 255 255 255 0 59 0 255 255 255 255 183 202 216 0 255 255 92 255 0
    0 0 0 180 255 255 255 0 0 0 255 0 255 0 255 75 117 255 255 255 255 0
    0 0 255 255 205 22 0 146 0 87 0 255 255 187 0 0 255 255 47 0 152 255
    0 0 0 255 0 255 255 0 83 83 255 255 0 0 255 255 255 190 0 255 0 255
    0 255 0 7 0 255 255 255 0 0 0 255 0 0 0 255 0 255 0 255 0 255 0 255
    0 0 255 255 255 80 0 0 0 255 0 255 0 73 0 74 0 255 255 253 255 255
    255 0 0 0 255 0 12 255 255 0 169 255 80 255 12 255 212 0 0 255 255
    199 0 0 255 255 98 0 0 255 255 0 163 0 255 255 255 116 0 255 0 255 0
    0 255 255 255 0 255 255 255 255 0 0 255 255 255 0 255 0 255 255 100
    255 255 0 0 0 255 255 255 255 0 255 0 255 0 33 0 0 50 255 132 255 0
    0 0 255 255 57 255 0 255 255 0 54 0 255 197 0 255 20 53 0 169 137 0
    255 0 0 255 255 255 119 255 255 255 0 0 241 0 0 14 255 255 70 255
    214 251 215 0 255 255 255 0 0 255 255 0 255 255 0 140 139 0 0 0 255
    0 0 211 7 255 255 255 255 255 181 255 255 0 255 255 255 43 255 0 255
    0 255 0 255 0 255 255 191 255 0 0 0 0 0 255 0 75 255 255 255 0 0 2
    255 255 0 0 0 255 226 255 0 0 137 255 255 0 255 255 0 0 255 78 0 255
    150 0 0 255 0 0 255 255 184 0 0 255 0 73 55 255 255 0 255 0 0 0 0
    255 255 171 255 0 0 8 24 255 0 0 255 255 255 222 255 255 0 0 255 255
    0 0 0 255 79 255 0 255 29 255 0 192 0 104 0 99 233 145 255 0 255 0
    152 0 255 255 0 255 0 255 189 255 202 210 136 37 0 255 92 0 255 255
    255 0 255 0 255 255 255 0 255 80 0 64 84 0 0 255 255 0 255 255 255
    255 0 0 255 255 255 0 0 0 255 255 0 0 255 255 255 0 0 255 255 0 255
    255 255 66 0 255 0 255 0 3 255 255 255 0 0 0 255 95 255 255 255 255
    0 255 0 255 0 102 51 0 255 0 255 0 0 255 3 255 0 255 0 255 255 0 0 0
    0 0 0 142 255 0 255 0 255 230 138 255 243 248 0 0 231 255 0 110 0
    255 0 255 255 255 255 197 0 0 255 255 0 153 0 255 0 255 255 255 255
    0 0 148 91 131 149 255 0 0 0 255 255 98 0 0 255 0 255 0 255 127 255
    0 255 0 0 0 255 255 189 255 0 0 255 255 0 0 0 255 0 0 213 255 255
    190 0 67 0 255 139 0 0 255 255 255 255 0 255 0 255 166 0 154 167 255
    255 0 0 215 0 0 255 212 0 155 255 0 119 0 255 0 255 63 255 255 0 0 0
    255 0 255 0 0 255 100 255 0 255 0 255 255 1 255 255 255 0 194 199
    255 255 255 0 48 233 255 255 255 69 0 255 0 0 0 255 179 0 0 255 83
    255 0 0 245 0 13 0 255 255 0 0 255 142 143 255 0 171 0 0 255 255 255
    0 0 255 255 0 255 0 0 0 0 156 0 0 255 255 0 0 144 0 255 0 255 0 255
    223 255 0 255 211 0 17 219 232 255 255 255 0 255 0 0 69 168 255 0
    255 0 0 255 0 255 255 0 255 0 0 0 255 255 0 0 149 0 0 0 0 255 255 0
    0 255 255 255 39 0 130 0 255 170 255 0 255 0 255 0 255 0 255 0 111 0
    0 255 191 255 0 255 0 255 153 0 0 0 255 0 255 0 255 255 0 255 255 0
    0 0 161 255 255 255 255 0 38 0 255 255 144 255 0 171 0 144 0 0 0 255
    255 0 0 0 126 81 0 255 0 255 255 255 255 0 0 0 0 255 0 255 255 206
    222 3 184 24 0 0 255 255 0 255 255 255 0 0 116 0 255 0 171 255 0 255
    185 255 0 6 0 109 0 0 96 255 0 152 255 0 0 255 255 255 0 0 0 255 162
    0 255 0 49 0 0 185 0 0 255 26 255 255 16 255 0 0 0 84 255 255 255
    204 0 0 0 255 197 0 85 255 255 173 0 255 0 96 0 0 255 255 0 0 0 0
    255 0 0 255 0 255 255 0 0 255 0 9 0 0 255 255 0 0 0 255 230 255 53
    255 0 0 0 255 255 255 0 249 255 0 0 174 255 161 0 255 159 27 255 0
    221 0 198 255 255 255 244 130 0 0 230 167 255 0 255 0 255 19 255 255
    0 255 152 255 0 152 255 0 0 0 255 232 176 255 255 0 255 255 252 0
    146 123 255 255 45 255 0 255 243 180 0 0 0 255 255 0 0 255 0 255 0
    255 0 255 0 255 99 255 255 0 0 85 255 0 255 255 255 239 0 255 255 0
    32 255 100 0 255 255 255 0 0 112 255 255 130 0 0 0 255 255 255 255
    255 255 0 0 0 230 215 255 0 0 0 216 219 255 255 255 0 0 0 255 255
    255 0 153 0 255 0 255 0 255 255 0 255 0 255 0 105 109 255 0 255 0 0
    0 0 3 255 255 0 0 255 105 0 0 255 0 255 0 128 0 0 14 255 144 255 0
    255 255 0 144 0 255 12 0 0 255 255 181 0 255 255 88 214 0 255 16 65
    233 8 0 162 0 15 0 0 255 255 255 0 255 0 190 255 7 0 147 0 255 255
    255 255 255 0 255 0 0 0 0 186 255 255 80 30 245 0 0 0 255 255 0 0 0
    255 255 0 0 0 255 0 0 0 255 255 171 255 171 0 255 255 0 66 0 152 255
    255 0 0 0 0 255 0 0 163 255 255 255 255 0 0 0 255 255 255 0 241 166
    45 211 0 177 0 255 0 146 0 255 255 255 250 0 0 0 255 255 0 255 0 35
    0 0 64 255 8 0 0 255 255 255 0 177 0 0 77 0 38 0 255 0 255 196 255
    255 228 0 0 255 201 0 0 255 114 173 255 255 0 0 0 255 255 255 255
    255 0 224 255 255 255 0 0 0 82 255 170 0 0 0 255 255 255 0 136 255
    255 0 255 0 255 123 255 0 255 192 255 0 255 255 255 26 0 0 116 255
    255 0 0 0 255 0 255 0 255 25 255 0 255 0 56 0 255 73 34 0 0 255 255
    255 255 0 255 0 0 0 255 0 0 0 255 255 0 0 255 255 14 255 153 0 0 255
    0 0 0 255 255 255 0 0 217 255 159 0 0 238 3 0 0 29 255 255 0 51 255
    0 255 0 0 255 255 0 0 255 105 255 232 255 255 255 0 255 0 255 0 255
    186 0 0 168 0 255 180 255 155 0 255 18 172 255 8 227 255 0 255 0 0
    255 255 0 148 0 255 0 0 0 255 255 255 255 0 0 0 255 0 135 255 255 0
    0 0 0 249 192 255 108 243 7 196 229 0 255 0 255 64 255 0 158 253 255
    0 255 255 255 0 255 0 255 0 0 0 0 255 255 255 31 255 0 179 0 40 0
    159 0 0 255 255 255 0 0 0 0 255 0 255 0 0 0 255 255 255 0 0 0 255
    255 0 0 255 255 192 17 255 76 0 63 11 255 0 255 0 255 0 255 37 0 0 0
    255 0 255 255 255 0 255 255 255 255 188 255 20 255 255 0 90 0 255 0
    255 0 255 0 255 125 34 255 0 0 255 232 255 255 0 255 0 0 94 255 0 0
    255 0 255 0 255 255 255 90 0 255 255 255 255 255 0 0 0 132 159 255 0
    255 255 228 107 0 255 255 255 255 0 255 0 251 0 255 255 255 255 0
    255 0 0 0 255 0 255 255 0 14 255 0 0 255 0 255 174 140 255 255 255
    58 113 255 0 0 62 0 0 255 244 17 174 255 255 155 0 0 255 106 0 0 27
    116 255 0 255 0 0 0 255 255 255 255 0 0 0 0 255 0 255 0 0 0 205 0 0
    146 0 255 255 36 88 0 0 0 255 255 0 0 174 188 0 0 18 165 0 0 255 162
    255 255 0 161 126 0 255 0 19 0 255 43 130 255 0 255 0 255 255 255
    137 0 0 0 0 255 255 85 45 0 0 155 49 255 255 255 0 0 106 0 255 255 0
    255 0 53 255 18 182 224 119 0 255 184 214 1 255 0 224 0 255 0 0 255
    255 0 102 0 255 0 0 13 255 0 255 0 0 0 255 255 0 0 0 255 255 0 98 1
    0 255 255 13 0 0 0 255 255 255 0 255 255 255 188 0 255 255 0 0 0 0
    255 255 255 0 0 228 255 255 255 0 0 0 0 0 255 255 0 255 0 237 0 255
    255 255 3 255 98 255 0 0 0 3 23 255 0 255 0 255 210 255 177 227 255
    255 101 255 0 255 0 0 255 18 255 0 15 255 227 0 0 56 0 0 0 107 104
    255 0 255 255 195 255 207 255 0 0 255 0 212 0 255 0 0 0 255 0 255
    255 86 0 255 255 0 255 0 57 0 125 255 255 255 0 73 0 255 0 0 255 255
    255 117 156 0 45 170 0 255 255 88 77 198 255 255 0 0 0 255 30 0 96 0
    0 255 0 0 0 0 0 255 255 90 255 0 255 0 108 0 0 255 0 255 255 255 0
    255 255 255 255 0 0 0 255 255 0 255 255 114 255 0 184 0 255 0 0 255
    255 255 0 0 0 255 255 255 199 0 0 255 255 255 201 0 212 132 150 0 0
    255 255 255 0 0 210 0 0 255 255 213 0 0 0 112 255 0 255 255 0 255 0
    0 0 0 255 255 0 232 99 0 255 72 0 255 10 255 0 0 0 4 255 244 86 0 0
    0 255 0 255 255 255 232 0 0 199 252 255 0 255 255 224 0 0 255 0 255
    0 0 0 255 255 255 0 69 0 255 241 0 255 255 0 9 0 44 0 255 0 136 255
    0 186 0 255 255 0 0 255 255 255 203 53 174 0 255 0 255 0 255 231 255
    0 255 0 255 255 255 255 255 0 0 0 255 0 0 0 255 0 255 0 185 255 255
    196 224 0 0 63 255 142 255 101 255 0 150 255 0 255 217 255 0 44 90 0
    45 26 0 255 0 57 223 0 255 255 255 0 0 122 0 255 0 255 0 255 0 0 0 0
    255 0 213 0 255 80 255 76 255 69 154 59 0 0 237 255 255 255 0 255 0
    0 0 255 255 0 255 131 209 0 230 255 0 255 0 0 255 255 0 0 0 255 15
    255 0 255 0 255 171 133 0 255 0 255 0 210 255 255 0 255 0 0 255 0 0
    0 255 255 255 0 255 0 0 7 166 255 0 0 0 0 255 255 123 0 0 0 0 74 255
    0 0 255 255 0 227 255 255 26 0 255 19 255 0 0 0 0 255 255 0 255 199
    240 255 255 255 0 0 0 0 0 0 0 255 255 46 0 0 255 255 213 0 0 0 0 255
    255 255 0 255 0 0 0 255 0 255 255 255 0 255 0 255 0 255 0 255 149
    255 0 98 255 0 0 0 255 0 255 0 255 224 140 255 255 255 0 0 136 0 0
    255 0 255 254 0 90 0 255 255 255 236 114 0 0 255 255 255 138 255 255
    0 98 75 255 0 255 0 0 255 0 189 0 255 255 0 0 0 255 176 255 0 255
    255 0 255 255 171 255 0 0 71 161 255 255 0 0 136 0 0 255 197 255 0 0
    132 255 255 0 216 0 0 255 255 0 255 194 255 0 0 181 255 255 0 0 255
    0 0 239 0 0 255 18 255 107 0 255 255 18 255 0 0 52 255 255 189 0 43
    255 255 0 0 0 255 0 0 0 0 103 0 164 0 255 255 31 242 219 255 0 255 0
    255 149 0 0 246 187 255 255 0 0 0 0 255 255 255 0 255 255 157 196 0
    255 255 255 84 0 0 0 0 255 255 185 182 24 255 55 255 0 255 17 255
    118 85 40 0 0 255 255 255 199 0 0 255 255 255 0 255 255 216 0 0 117
    255 0 0 255 255 255 255 73 255 255 0 0 255 215 80 0 131 255 255 255
    0 0 0 255 255 255 0 0 76 255 0 0 255 237 153 0 47 0 255 0 0 255 0 0
    143 255 161 0 0 255 0 255 61 255 231 255 0 0 255 255 0 255 0 255 0
    194 0 82 224 255 0 0 79 195 255 255 255 0 0 0 0 0 255 117 255 255 0
    0 255 232 206 0 255 0 255 36 255 0 198 0 106 35 236 103 255 0 255 0
    0 0 0 36 255 255 0 110 255 0 255 23 255 0 255 0 255 255 255 0 187
    182 42 0 0 0 255 0 255 0 255 146 255 255 0 255 0 0 0 160 255 255 0
    255 0 126 0 255 132 255 0 0 255 255 255 165 255 0 255 0 255 0 0 12 0
    255 255 126 0 255 0 185 255 255 255 0 0 0 0 255 0 0 255 18 255 0 0 0
    0 255 0 127 0 0 0 105 255 255 255 0 255 15 255 0 0 161 255 255 176
    78 255 255 255 0 0 0 255 0 44 255 114 255 255 0 0 0 255 0 255 255
    116 253 0 255 255 255 255 0 0 0 0 0 255 4 255 170 0 0 0 255 0 255 0
    255 255 255 255 255 0 0 255 255 0 255 0 0 255 255 255 0 0 255 255 0
    0 0 255 255 255 0 66 0 255 0 21 0 255 39 255 0 255 0 0 0 255 255 255
    255 0 255 0 255 255 0 255 0 255 255 255 0 223 255 255 255 0 116 0
    255 85 94 255 0 0 0 255 255 255 0 255 255 0 93 0 255 34 255 255 0 3
    50 0 147 255 0 57 0 255 85 88 0 255 255 255 73 255 255 0 0 255 0 255
    0 255 255 255 255 216 0 0 255 255 255 0 0 0 255 63 255 255 0 0 255
    255 0 42 0 0 255 19 255 57 0 255 163 48 0 251 0 255 0 255 83 255 117
    0 0 0 0 64 0 255 0 255 0 0 255 0 0 255 255 0 0 0 0 0 255 43 255 128
    0 255 0 255 0 255 0 75 224 254 0 130 174 151 0 255 255 255 0 121 255
    10 67 0 255 0 255 0 142 0 255 0 255 255 0 255 35 255 0 0 255 0 0 0
    255 255 255 255 0 0 255 255 235 0 0 0 255 0 26 255 220 0 0 255 255 0
    255 155 255 255 0 0 255 142 219 79 255 255 255 255 0 255 255 255 0 0
    0 227 0 0 255 255 255 255 255 255 0 255 0 0 248 255 110 25 255 210
    60 0 255 255 255 0 227 0 255 0 255 154 255 0 255 0 58 0 0 127 0 255
    0 255 255 189 120 0 255 152 255 0 0 0 0 9 104 0 255 255 0 0 0 255
    255 255 0 166 0 0 0 45 255 255 255 255 0 0 0 0 255 0 255 0 255 0 216
    0 255 255 255 0 0 0 70 0 0 66 255 255 0 0 0 0 255 255 255 255 0 13 0
    0 0 255 255 255 255 0 0 0 255 255 255 0 0 255 255 0 229 0 255 0 0 0
    255 255 255 0 84 255 255 255 0 0 255 255 255 52 0 33 255 0 255 255
    255 0 0 0 0 255 27 255 0 0 255 0 94 255 217 255 127 246 0 255 0 0
    117 69 255 255 0 0 255 0 0 0 255 248 0 255 0 255 0 255 0 255 0 203
    255 255 0 255 255 255 0 0 0 255 102 255 141 6 0 0 185 0 160 255 0
    255 255 0 0 0 255 0 255 255 0 122 0 255 0 255 255 0 0 0 255 0 255 0
    255 255 255 255 0 0 7 255 255 228 153 255 0 165 80 0 94 0 0 255 0
    255 0 255 255 255 0 0 0 255 0 255 255 247 0 0 255 255 0 255 0 255
    255 255 255 0 86 0 0 255 255 255 255 255 0 0 0 255 0 255 235 0 25 16
    255 255 91 0 255 255 90 0 0 0 255 255 0 171 0 0 139 255 0 255 255
    255 255 0 95 0 255 46 255 255 255 0 0 0 255 0 0 255 255 0 255 0 255
    0 255 70 255 0 255 255 255 0 234 255 0 255 0 16 0 255 255 255 0 255
    0 255 0 163 0 254 255 255 255 0 255 255 255 255 0 207 185 0 0 0 255
    0 94 0 10 255 255 255 0 255 0 255 0 51 243 0 0 255 172 66 0 0 252
    255 169 255 255 255 0 0 223 0 222 0 255 255 255 255 161 38 255 0 255
    0 102 0 255 255 141 35 110 0 0 142 0 255 255 255 189 0 0 0 0 0 255
    255 255 182 0 0 0 0 0 255 0 0 255 255 126 255 0 108 0 0 0 0 0 255
    255 255 147 0 234 0 255 216 255 0 0 0 255 255 0 0 255 0 215 0 255
    255 255 75 0 255 0 0 0 0 255 51 0 226 0 0 104 255 0 0 255 0 255 255
    0 0 0 255 255 116 93 0 0 0 79 255 255 255 255 255 12 0 166 255 0 255
    0 255 255 255 0 0 180 255 255 0 0 0 255 0 255 255 88 0 255 255 153 0
    255 255 0 179 255 255 31 255 0 0 255 255 0 0 0 0 0 255 0 255 0 255
    255 94 129 0 255 255 71 0 255 8 178 0 0 255 37 255 0 61 0 0 255 0
    255 0 0 0 255 255 0 0 255 48 208 0 0 255 0 0 0 255 0 0 176 254 255 0
    205 0 255 0 44 0 0 255 0 255 54 51 255 6 190 255 0 0 0 139 0 148 255
    255 255 255 0 255 0 255 255 255 255 0 0 255 255 227 60 255 255 255 0
    255 0 255 184 255 255 255 255 0 234 0 169 255 255 255 255 153 0 255
    0 255 0 0 0 0 0 170 255 255 0 71 255 255 59 255 0 255 0 216 1 255 0
    255 0 255 255 255 0 11 194 255 123 0 255 255 255 0 168 0 255 255 0
    255 0 0 203 255 255 0 0 255 255 0 192 0 0 255 227 78 0 255 0 255 247
    255 173 85 0 0 255 255 241 225 0 255 0 0 0 255 215 0 0 0 0 180 255
    255 255 0 0 0 255 0 255 0 0 0 102 255 255 255 88 255 0 0 0 255 255 0
    0 0 255 255 255 255 0 0 0 255 255 0 0 255 0 255 0 255 255 255 255 0
    213 255 255 0 0 0 255 83 255 255 255 255 255 0 0 0 255 255 255 33
    255 0 255 255 0 0 255 255 125 0 88 0 177 255 177 255 255 0 0 0 255
    239 0 0 194 0 0 0 137 135 255 255 255 0 0 0 255 215 255 255 255 0
    255 255 0 139 255 45 146 0 0 234 255 119 0 111 0 0 0 0 142 255 255 0
    0 255 255 255 0 0 0 255 255 66 255 0 0 0 255 255 255 0 255 0 255 0
    255 255 255 0 0 255 156 0 0 0 255 255 18 10 255 0 27 0 255 255 6 204
    0 84 0 66 0 0 255 0 214 0 0 255 0 204 0 126 0 0 255 255 255 255 115
    255 255 255 137 0 0 255 61 255 0 0 0 0 0 255 0 0 0 255 0 145 0 166 0
    255 255 0 0 19 255 255 255 0 0 0 0 0 0 104 255 0 0 0 216 0 255 255
    255 0 255 139 255 0 255 241 255 0 255 231 255 21 255 0 176 0 255 0
    255 23 255 10 0 0 0 20 0 255 9 255 255 0 0 0 0 139 255 255 33 0 46
    140 255 137 0 0 255 40 255 0 255 255 0 255 255 255 0 0 201 125 210 0
    105 151 175 0 0 0 223 255 255 13 255 0 255 0 255 255 147 255 189 255
    252 0 0 255 0 255 129 230 0 255 0 246 0 0 163 255 252 255 255 0 255
    0 255 0 0 159 255 255 0 0 0 255 255 255 0 0 0 255 41 255 0 0 255 255
    0 0 167 0 82 255 96 255 255 0 0 0 255 23 229 29 255 255 255 255 255
    0 0 255 255 32 255 0 255 0 0 101 255 0 255 0 228 255 0 57 0 255 255
    92 0 0 0 255 255 255 219 0 188 255 95 255 190 0 255 0 255 0 0 255 0
    255 0 255 255 255 96 0 255 0 255 255 255 255 0 0 0 255 0 0 0 255 0
    255 255 148 0 255 184 0 0 230 0 255 255 255 34 0 0 235 117 181 255 0
    0 255 255 80 0 255 255 255 0 0 255 255 255 136 157 0 255 255 0 71 0
    255 0 255 0 0 9 0 255 255 255 7 0 255 255 0 0 0 255 0 0 0 255 0 0
    255 255 0 255 215 76 255 255 255 0 68 255 223 255 255 255 236 182 0
    0 0 0 255 0 236 0 255 0 255 255 255 0 0 0 0 110 255 0 255 255 0 255
    255 255 255 0 0 0 255 0 0 255 255 255 255 140 255 0 255 0 255 255 0
    255 23 255 229 255 255 0 255 255 0 0 255 255 31 0 0 0 255 114 255
    255 0 255 0 158 0 255 255 255 255 0 255 255 51 0 15 0 255 255 255
    123 128 162 255 0 255 255 255 255 0 0 0 255 0 32 0 255 0 255 255 255
    255 0 0 0 0 255 191 255 0 0 0 255 0 0 0 108 14 0 0 0 93 0 255 255
    255 205 0 0 49 255 255 255 255 0 0 145 255 255 255 255 255 255 0 0
    45 0 255 0 0 255 0 255 0 0 231 255 0 0 255 66 41 41 255 0 105 0 255
    255 255 0 153 0 0 146 255 255 119 0 0 0 255 0 0 0 21 255 0 0 255 255
    255 0 255 255 0 0 189 0 0 0 255 0 255 239 255 0 0 230 26 255 255 225
    255 0 255 0 255 0 255 0 253 0 255 255 255 255 227 0 0 255 255 161 0
    0 255 255 255 255 255 255 0 0 0 0 0 255 127 0 134 0 255 255 255 0 0
    132 255 255 10 255 0 0 0 0 0 142 0 112 255 0 255 0 156 225 0 78 0 80
    0 255 0 0 249 255 255 0 90 241 255 0 255 0 255 255 0 0 255 255 255 0
    211 79 0 0 155 0 255 255 56 0 0 0 255 24 0 0 54 255 0 0 0 0 38 255
    255 85 255 0 132 255 255 0 185 0 255 255 255 255 0 255 0 255 66 255
    28 255 255 109 0 0 0 255 0 255 0 40 0 216 255 0 255 255 255 0 255 0
    255 0 0 0 255 255 189 0 0 255 108 0 130 189 28 255 142 115 21 103
    255 255 255 255 255 0 0 255 0 138 0 255 83 255 25 255 0 120 0 255
    255 0 0 0 255 0 0 0 255 0 255 0 0 25 255 255 255 255 0 255 255 255
    255 146 0 178 103 255 0 162 0 255 168 255 0 255 255 104 0 255 0 111
    64 255 0 114 255 255 227 0 0 255 255 0 255 0 175 0 0 0 255 0 255 0
    255 0 255 255 0 255 141 255 0 0 0 255 255 255 0 255 0 250 0 255 51 0
    0 246 150 255 255 0 255 61 255 15 27 0 0 255 0 255 0 51 255 0 0 0
    255 0 0 190 0 0 255 255 255 0 255 0 255 0 255 0 0 255 255 255 0 0
    128 0 0 255 255 0 0 0 236 255 255 255 0 0 0 68 0 0 255 255 255 255 0
    0 0 0 0 255 255 255 255 116 252 0 0 255 255 0 0 137 255 255 0 0 0 25
    255 0 0 124 0 255 114 0 0 255 255 0 0 93 41 255 255 0 0 75 255 0 255
    255 255 113 0 0 255 0 255 0 255 134 255 243 228 25 145 255 0 0 0 255
    223 255 0 255 0 255 255 247 0 138 0 255 255 0 152 0 211 244 0 36 0
    255 255 255 0 0 36 181 255 137 255 20 255 0 0 255 255 0 26 255 255
    255 0 0 0 255 113 255 174 139 0 255 1 255 0 255 0 0 255 255 54 155
    44 0 255 255 255 255 0 0 0 255 0 255 0 0 255 0 125 0 185 255 250 0 0
    0 255 255 255 0 102 255 0 173 255 116 0 255 92 255 255 0 0 255 0 255
    0 255 34 255 255 0 0 255 0 255 255 255 160 0 255 0 0 255 0 255 255 0
    0 0 255 0 66 0 255 255 23 255 255 255 0 37 255 255 255 0 0 0 255 255
    255 184 0 255 0 255 0 255 255 67 0 255 0 255 255 255 0 250 0 0 0 0 0
    192 255 255 0 0 0 0 255 164 255 255 0 189 0 40 0 27 255 242 0 0 0 0
    93 255 0 0 195 0 255 46 255 0 255 255 210 0 0 255 0 0 0 255 255 255
    0 0 0 255 255 22 0 255 0 255 255 0 255 0 255 0 182 255 203 255 255 0
    0 24 0 255 66 207 0 0 0 0 37 255 255 255 255 255 0 0 0 0 0 92 255 0
    0 255 66 0 255 255 0 255 0 255 23 255 35 255 0 0 0 0 255 255 0 0 0
    255 255 14 0 0 29 255 255 0 0 0 0 255 152 255 255 0 0 255 255 128 0
    0 0 187 255 255 255 255 255 0 0 209 158 0 161 255 255 255 0 84 0 0 0
    255 0 255 224 138 255 255 255 255 57 0 0 145 0 170 255 0 24 0 0 0 0
    255 255 255 227 255 0 0 29 255 255 99 0 0 0 0 255 0 4 0 69 255 255
    255 0 125 0 0 255 0 168 209 255 253 123 255 97 0 0 0 0 255 130 255 7
    255 0 255 0 255 0 255 0 255 0 0 0 0 255 255 0 0 255 100 245 0 255 0
    0 255 255 255 0 255 0 255 0 255 0 255 0 0 0 255 255 255 161 154 0
    229 0 82 255 255 255 255 255 0 0 255 255 255 0 0 255 255 250 0 81 0
    0 197 255 0 255 255 255 255 0 255 0 255 255 0 168 0 0 49 0 255 212
    196 22 0 0 0 255 255 63 255 0 0 255 242 255 255 255 11 255 255 0 255
    0 0 0 0 0 255 255 255 0 255 209 0 0 105 255 255 0 0 255 255 255 255
    255 255 36 0 0 0 0 255 0 255 0 0 0 255 131 0 198 0 255 0 255 255 0 0
    0 0 255 0 255 255 255 133 0 255 0 255 0 0 0 0 255 255 0 255 0 255 0
    255 150 0 0 255 255 255 33 255 173 255 255 62 0 0 255 0 0 255 255
    255 144 255 255 255 0 0 0 255 255 0 0 0 0 255 0 255 0 255 217 255 34
    0 51 0 0 0 255 255 255 0 0 0 255 255 255 255 0 0 48 255 255 0 0 0 0
    255 0 255 0 255 255 255 255 0 243 255 255 255 255 0 255 2 95 0 109 0
    0 255 0 0 0 0 0 62 255 255 0 2 255 0 0 0 0 255 255 255 255 0 0 0 0
    255 255 255 0 255 0 255 130 255 255 0 0 0 0 144 255 255 255 0 255 18
    0 255 0 255 0 255 255 0 255 255 255 152 0 255 255 0 255 205 86 255
    255 255 255 0 225 54 255 0 255 193 255 255 0 0 0 105 0 255 0 238 6
    255 75 30 255 255 255 255 255 0 60 0 0 190 124 0 0 0 255 125 175 0
    122 0 255 46 0 0 0 255 0 255 255 0 0 255 255 255 255 0 0 0 0 255 255
    255 255 0 25 0 0 255 255 255 255 255 0 0 0 28 0 255 0 30 12 255 255
    0 0 222 83 255 200 0 255 255 0 167 0 117 11 0 255 255 255 255 0 255
    182 0 0 255 212 211 0 0 0 0 255 0 0 195 255 0 255 0 0 255 255 0 236
    0 0 182 0 255 255 255 0 0 0 0 0 0 255 0 0 0 255 222 255 91 255 0 0 0
    0 255 255 255 162 253 0 255 0 0 254 255 0 255 255 195 0 0 121 0 12 0
    161 255 0 0 201 255 0 239 0 255 45 255 0 255 255 255 255 0 0 0 255
    90 0 0 255 0 255 255 255 0 0 170 255 0 33 0 255 255 0 254 255 0 30 0
    255 0 104 96 0 0 0 255 0 0 0 0 0 0 255 255 255 24 255 255 255 0 0 92
    0 255 0 255 0 255 138 255 0 0 24 255 255 0 119 255 0 0 0 144 255 0
    255 194 201 255 0 2 255 255 0 0 0 0 0 255 255 40 0 235 255 216 1 0 0
    255 255 161 139 0 255 255 247 136 0 207 0 255 0 255 255 179 0 255
    250 255 0 0 0 255 255 0 255 0 0 151 255 255 255 103 255 207 20 135
    255 255 0 0 0 255 243 255 0 255 255 0 169 39 255 0 0 0 16 255 255 0
    255 0 255 255 0 0 0 0 255 0 255 0 255 0 255 255 255 0 12 255 255 0
    255 0 255 0 255 0 255 0 255 0 170 0 255 152 0 255 255 81 0 255 255 0
    255 255 0 215 0 255 0 80 0 255 255 255 255 255 139 220 0 76 215 0
    255 255 255 255 189 0 0 255 255 255 0 0 255 0 0 255 255 255 0 0 0
    176 255 0 0 0 255 255 0 0 0 255 255 255 0 255 255 83 255 255 34 0
    255 255 163 255 255 145 0 255 255 255 255 255 8 255 94 28 255 255 0
    0 255 0 0 48 255 255 0 0 0 255 255 0 0 0 255 255 0 0 255 255 174 0
    255 91 0 255 255 232 255 0 135 0 255 0 255 0 218 255 255 255 255 236
    255 0 0 112 255 1 255 0 255 255 0 10 38 255 0 255 255 255 0 39 29
    199 204 6 0 0 255 255 0 244 26 255 0 255 0 255 0 0 71 255 230 0 255
    0 255 0 196 0 205 255 0 255 255 255 17 0 255 0 255 255 255 0 126 0
    110 0 0 255 255 255 0 0 0 255 0 255 0 206 0 255 0 0 171 0 255 255
    255 0 0 16 255 0 0 255 255 255 0 0 0 255 255 255 0 0 0 0 135 255 255
    50 0 208 0 255 255 90 0 0 255 0 255 0 0 0 174 255 0 255 255 139 170
    0 0 255 0 255 45 175 0 4 255 199 255 0 196 0 57 255 255 0 0 0 255
    255 255 102 61 137 255 255 0 0 0 0 0 0 231 255 255 0 255 0 255 0 0 0
    255 0 255 255 255 255 255 0 162 16 255 255 49 255 255 255 255 255 20
    0 0 255 156 117 0 0 0 255 0 0 0 255 255 0 255 0 117 0 255 255 0 68
    147 0 255 0 0 38 255 255 0 255 255 143 216 0 255 111 255 255 0 0 0
    255 255 0 0 173 34 255 255 0 0 0 255 255 255 0 255 255 0 0 0 0 175 6
    255 255 255 255 128 0 0 0 0 0 0 255 132 0 0 255 255 17 0 105 224 193
    255 255 255 0 0 30 255 192 0 0 0 255 255 0 255 55 90 255 255 255 169
    38 0 0 252 255 0 0 255 255 255 255 34 255 0 255 255 255 0 28 255 255
    255 255 255 0 255 255 0 0 0 255 255 255 0 255 255 255 220 0 0 225
    255 255 255 0 255 0 255 0 0 0 255 0 255 39 255 0 0 0 255 0 0 0 255
    255 0 255 0 255 255 0 0 0 255 3 0 65 255 255 154 0 255 29 255 255
    255 255 68 255 255 0 0 0 0 102 39 185 255 255 255 0 0 0 0 0 255 0
    255 164 255 0 255 0 255 186 255 0 0 79 255 209 67 255 34 0 42 255
    255 231 0 0 209 20 255 255 0 0 0 255 0 255 0 255 255 0 55 255 0 43
    255 0 255 255 214 223 0 255 0 0 255 255 255 0 255 255 255 255 255 0
    255 0 255 255 255 166 67 0 0 255 0 113 52 255 0 255 255 97 0 0 255 0
    0 0 255 255 255 255 255 255 0 0 255 255 0 0 255 255 255 255 110 0 0
    0 255 0 70 255 37 0 255 0 255 94 255 255 0 0 0 0 32 159 255 255 164
    1 0 0 53 255 28 116 156 0 177 255 255 0 188 0 0 255 255 0 117 0 184
    0 95 0 255 82 26 0 255 192 62 0 0 255 137 255 0 151 0 220 0 255 0
    255 255 0 0 255 255 255 255 174 0 0 255 40 255 0 0 255 255 0 0 0 255
    255 255 0 0 255 68 0 0 0 79 0 0 255 255 116 0 0 0 254 0 176 255 255
    0 255 0 255 255 0 255 0 255 0 0 255 255 124 107 255 149 255 0 182
    239 255 255 201 255 0 0 0 0 0 48 255 149 117 255 255 255 20 0 0 255
    255 255 0 7 0 255 0 255 0 255 75 0 0 0 175 255 255 0 255 0 0 255 255
    141 255 133 0 0 255 255 0 0 255 255 255 0 159 0 0 255 0 255 0 255 0
    0 0 0 255 0 0 255 255 23 0 255 255 61 0 0 255 255 0 255 0 255 0 114
    0 190 255 255 255 255 255 0 122 38 105 0 255 255 255 255 0 0 56 255
    255 206 255 245 142 0 0 0 255 0 255 0 255 255 255 55 255 0 255 0 0
    255 255 255 0 0 255 47 19 255 0 165 0 0 0 30 158 255 0 255 0 255 0
    255 80 255 90 72 0 255 0 210 255 255 0 0 0 255 255 255 124 0 209 136
    255 255 255 0 0 0 255 0 255 255 1 0 0 226 255 255 255 255 0 84 61
    150 186 255 0 255 0 255 255 0 255 0 255 0 9 0 255 0 255 255 62 0 0
    136 255 255 0 255 0 255 0 91 0 255 255 255 0 255 0 255 0 255 167 133
    255 255 255 174 255 84 0 62 159 0 255 87 255 0 215 248 0 0 0 255 255
    0 0 255 255 0 255 0 255 0 255 0 255 0 255 0 0 0 0 0 255 0 255 0 255
    0 255 0 28 255 0 255 255 0 255 0 255 255 255 0 255 0 255 39 0 0 255
    114 94 0 199 0 255 0 0 194 227 255 0 0 0 211 255 0 255 255 255 0 255
    0 0 0 0 32 0 0 255 105 246 219 255 255 255 0 216 0 255 0 255 217 0
    224 255 74 103 0 0 32 0 0 47 255 0 255 0 255 0 255 255 0 0 255 255 0
    0 134 0 0 0 0 255 255 255 255 0 0 0 0 255 159 147 174 255 196 0 147
    255 242 255 255 0 0 255 255 71 255 0 0 0 0 255 0 135 0 255 255 255
    255 0 255 0 255 0 255 57 183 0 0 0 255 0 255 255 0 5 65 255 0 255 0
    0 255 255 255 0 255 0 0 0 255 41 0 24 255 0 0 255 0 254 0 255 255 0
    0 0 255 59 168 0 0 0 0 0 232 255 255 250 255 0 225 0 255 0 255 0 255
    0 255 250 152 92 0 0 0 255 255 0 0 141 255 255 0 255 255 0 255 0 255
    0 148 0 131 0 0 54 205 0 58 255 0 238 255 0 0 0 0 255 255 0 0 79 0
    177 255 255 0 141 0 255 255 231 0 50 0 255 255 255 255 236 102 255 0
    255 0 255 185 255 0 194 0 0 0 255 255 244 255 0 255 0 255 35 255 0
    61 0 0 0 255 255 27 218 0 162 255 228 219 0 255 0 255 0 255 196 255
    0 0 0 255 255 255 0 255 0 61 0 255 255 255 255 255 201 255 0 0 255
    53 255 255 255 255 255 0 0 0 47 0 255 255 230 255 0 255 0 0 255 181
    0 245 0 0 255 255 255 0 70 165 255 255 0 255 255 249 0 0 255 0 255 0
    154 0 255 0 0 0 255 176 153 255 255 0 0 0 255 255 255 224 255 83 255
    0 255 0 255 29 255 255 0 0 0 255 255 244 255 0 0 163 0 255 255 255
    148 244 255 255 255 0 255 231 0 238 0 255 0 255 0 255 0 36 0 255 255
    255 0 255 0 86 160 0 0 0 0 255 0 0 255 0 255 0 0 0 221 0 31 255 255
    255 0 163 0 255 0 0 0 202 0 255 255 255 255 81 0 0 0 28 0 255 245 0
    0 255 0 158 0 255 0 99 255 255 255 0 105 0 62 0 0 255 0 255 0 255
    255 0 0 0 0 0 255 0 255 0 255 255 255 0 136 131 255 0 185 255 255
    255 182 0 65 101 255 0 77 0 82 255 200 255 0 255 0 255 255 0 255 0
    255 0 209 170 255 184 255 255 0 238 255 46 0 248 255 161 0 0 255 255
    255 255 0 0 107 255 255 222 255 255 255 0 117 0 0 255 255 0 0 255
    104 199 0 255 255 255 0 0 0 0 0 0 245 218 255 255 255 162 0 0 255
    255 255 0 0 0 255 135 255 0 43 0 255 191 255 255 0 255 255 0 0 0 0
    145 255 0 255 255 255 0 0 255 229 119 255 255 255 0 0 0 241 0 255
    180 255 255 0 0 255 255 255 0 218 0 255 255 255 92 0 255 0 255 0 0
    245 0 0 0 144 0 255 0 107 0 128 255 0 255 0 255 255 255 0 255 0 0 0
    22 20 151 0 255 175 0 255 170 179 0 255 0 255 239 255 134 255 0 0 0
    255 255 0 255 35 0 0 255 255 0 0 0 255 144 255 0 0 0 0 255 255 0 127
    255 0 0 255 255 0 0 99 0 255 255 0 0 255 255 83 255 255 255 0 0 255
    255 0 18 0 255 207 255 125 255 0 0 0 0 255 255 0 0 0 255 0 93 0 0
    197 255 255 0 255 0 255 255 255 0 255 255 255 163 255 0 0 117 117 0
    255 81 255 101 0 0 0 255 0 255 59 255 87 0 226 255 255 0 12 0 0 0 0
    0 255 255 255 255 255 61 255 255 255 0 0 0 255 255 255 255 87 255 0
    0 255 255 255 35 255 255 0 0 255 255 255 0 255 255 255 225 0 255 252
    255 0 0 0 255 255 255 38 255 0 255 255 231 255 255 0 0 255 222 0 0
    255 255 255 255 255 255 255 255 226 173 0 0 0 0 255 0 0 0 150 0 255
    0 255 255 187 255 255 0 0 105 0 255 255 255 0 0 0 135 0 0 255 0 0 0
    255 255 27 50 255 23 255 0 0 0 255 225 255 0 0 136 0 25 0 255 0 0 62
    255 0 255 0 0 0 255 255 255 0 0 255 0 255 0 255 0 255 0 255 0 102 0
    0 89 255 255 0 0 160 40 0 255 203 220 94 0 255 0 211 255 255 255 0
    190 0 0 0 57 255 255 255 0 195 255 0 0 255 255 0 255 0 255 0 255 255
    114 0 0 0 255 193 255 255 0 0 0 255 255 0 255 255 255 0 0 0 255 255
    255 255 0 0 0 0 0 255 255 255 0 0 0 0 255 0 255 255 255 0 0 0 255 0
    30 0 255 255 115 0 248 255 255 0 0 0 255 234 255 124 217 230 0 247
    255 255 255 0 0 0 0 0 0 231 181 255 0 181 204 255 0 223 0 255 0 255
    0 255 34 255 244 255 0 74 255 125 0 255 255 255 0 151 0 255 153 255
    0 0 80 255 255 71 255 255 255 0 255 255 3 52 0 219 0 255 0 0 255 255
    255 0 216 255 111 0 0 116 0 255 255 255 0 255 0 255 0 0 0 255 0 255
    0 0 0 255 0 114 0 255 255 255 0 0 0 0 0 0 255 255 255 0 0 92 0 52 50
    13 0 255 255 0 255 255 0 12 0 255 255 255 0 0 0 255 255 255 0 0 96
    245 255 255 255 133 255 255 0 0 0 255 255 58 255 0 172 255 255 255
    255 255 255 255 0 255 187 255 0 255 0 0 168 255 255 255 80 126 255 0
    255 255 0 0 255 255 254 114 255 0 255 255 255 100 0 0 255 255 0 253
    0 0 255 255 255 255 255 34 110 0 41 0 255 255 236 0 0 255 0 255 0
    255 0 255 255 0 212 192 153 255 0 0 0 91 81 255 12 0 139 255 255 0 0
    0 0 255 255 0 70 255 120 0 0 255 0 0 0 0 255 255 218 53 0 0 0 255 0
    0 0 0 255 214 255 0 133 255 0 111 255 255 0 0 0 255 0 0 0 255 255
    201 0 0 234 0 0 255 255 206 0 0 129 255 106 255 15 255 0 255 0 255
    255 0 0 0 0 0 255 255 104 0 16 0 255 0 255 0 0 255 0 255 255 0 62 0
    132 255 255 255 0 0 0 42 20 30 39 255 255 0 45 255 0 255 0 0 255 255
    118 0 0 255 255 167 0 211 255 255 0 0 183 0 67 0 255 255 0 44 0 255
    255 0 177 0 255 0 0 0 102 255 255 255 80 0 150 255 255 0 0 212 255
    205 0 16 255 0 255 255 255 0 0 0 255 255 0 0 0 0 255 255 255 255 255
    172 255 0 245 255 255 0 0 255 255 0 0 255 255 171 255 122 0 0 0 255
    255 255 0 0 43 124 0 177 0 255 38 0 0 108 158 0 255 0 104 255 255
    255 0 0 0 0 255 0 70 0 140 255 0 0 0 255 255 255 0 255 0 255 0 181 0
    255 233 255 0 51 255 105 0 0 0 255 0 197 150 255 180 0 0 255 0 40
    255 255 180 0 0 255 255 75 0 0 249 255 255 0 255 0 0 0 255 255 255 0
    0 255 0 255 0 255 255 255 250 0 0 0 0 130 255 0 181 255 255 0 43 225
    255 255 0 0 0 0 255 255 0 0 255 255 0 255 0 0 51 0 255 255 255 0 0
    122 255 172 0 174 0 0 0 255 0 0 255 255 0 255 0 255 255 192 255 163
    0 0 175 255 255 213 6 0 0 207 255 255 0 0 0 0 255 255 255 0 0 0 0
    255 223 167 124 255 0 166 255 0 0 154 255 0 255 0 255 66 255 0 0 133
    255 24 255 0 0 255 255 255 255 43 255 0 255 255 255 255 0 140 0 0 0
    0 255 161 255 255 0 255 255 255 0 0 0 255 0 255 0 255 0 0 0 255 255
    0 255 0 0 35 0 255 191 255 255 68 0 0 0 255 0 0 0 255 255 255 20 255
    0 0 0 0 239 255 0 255 0 255 9 255 255 255 47 0 0 255 255 239 0 255
    34 122 255 0 25 255 255 0 255 0 0 30 255 255 126 255 255 248 184 255
    255 255 0 0 255 0 255 255 255 0 0 0 255 182 248 200 199 255 255 255
    0 0 0 34 0 255 255 255 0 0 0 255 72 255 0 255 255 255 0 0 255 0 0 3
    0 154 255 114 255 99 255 255 255 97 132 255 115 0 38 0 255 0 0 0 255
    187 255 0 255 255 103 255 0 18 47 0 255 255 108 0 0 0 255 255 255 0
    255 27 255 0 0 0 0 255 255 255 255 67 0 255 255 66 0 255 248 255 255
    0 0 255 255 131 255 0 0 255 255 255 255 255 0 200 16 0 0 0 255 184
    255 244 255 0 0 0 255 255 255 0 44 255 0 0 0 255 242 255 255 0 0 0
    255 2 255 255 0 0 0 255 0 255 0 255 45 255 0 0 0 255 255 0 255 0 192
    0 198 0 164 0 255 0 0 255 122 225 0 0 255 224 255 0 255 0 0 0 115
    255 255 255 142 110 0 0 255 255 0 255 0 255 255 107 0 210 0 255 157
    255 150 0 255 0 255 255 255 189 69 255 120 109 0 255 255 255 23 255
    252 255 255 170 0 255 255 255 255 0 0 0 0 255 255 255 255 255 0 0 0
    23 255 0 255 0 0 139 255 255 255 0 0 0 255 0 45 93 255 255 89 255
    255 241 0 255 0 30 0 255 25 255 0 255 42 169 86 0 0 0 255 25 255 226
    0 0 0 255 120 255 255 255 255 255 255 116 255 45 0 255 255 255 138 0
    0 0 216 188 0 0 255 255 255 0 255 255 255 48 255 255 54 255 227 0
    255 0 0 255 255 160 0 0 168 255 255 0 2 0 255 255 255 0 0 0 0 0 255
    255 255 0 255 0 76 255 255 0 0 0 255 97 220 0 255 255 71 0 0 0 255
    255 0 0 255 151 0 255 204 0 0 0 255 0 95 0 255 255 255 45 0 255 0
    255 0 0 0 255 209 0 255 0 255 0 255 0 0 0 0 255 0 0 184 105 255 0
    255 2 229 0 255 255 41 0 0 70 255 89 0 170 81 224 42 255 227 0 44 0
    255 255 255 54 0 0 0 255 255 255 0 0 100 255 255 255 255 122 255 255
    255 128 0 0 53 255 26 255 0 255 113 0 176 255 0 255 255 255 88 255
    125 14 255 223 255 255 255 0 0 0 0 255 0 85 0 0 255 0 255 0 255 0 0
    0 255 0 255 41 255 24 255 0 118 161 0 0 4 0 0 0 31 255 202 0 255 255
    0 85 0 194 174 255 0 140 0 255 0 0 0 30 71 0 255 0 255 255 0 0 0 138
    255 0 0 0 0 242 200 0 64 192 0 158 0 0 0 255 255 235 255 0 255 24
    255 0 255 255 255 255 0 0 0 0 0 255 255 159 0 255 255 255 3 253 255
    0 0 255 255 255 255 0 255 70 255 255 0 0 190 219 176 0 255 0 0 0 255
    255 0 255 255 255 255 0 255 0 255 244 225 255 0 255 0 111 0 255 255
    255 0 0 255 255 95 255 0 255 0 255 255 255 0 0 0 255 255 255 255 255
    0 255 0 129 0 0 172 0 0 0 255 255 0 0 255 10 0 0 0 90 255 0 255 0
    255 255 0 255 255 2 220 10 255 255 255 0 116 0 0 255 0 209 255 0 0
    135 255 255 255 0 0 0 255 0 255 0 0 0 255 0 255 255 0 0 255 42 255 0
    0 0 192 0 222 0 52 255 255 0 0 255 0 255 255 255 0 0 81 0 255 255 0
    0 255 0 0 234 255 255 0 0 255 0 203 105 0 0 0 255 255 0 0 255 0 14 0
    0 0 60 255 255 52 115 0 0 49 0 255 255 8 0 0 255 255 255 0 0 255 255
    0 0 0 165 116 255 255 0 255 255 0 0 0 203 0 0 0 0 255 0 255 116 0 0
    0 0 255 255 255 103 0 255 158 255 255 0 255 0 255 0 132 200 255 255
    255 255 255 0 255 0 0 0 0 255 255 255 221 0 0 255 255 20 255 0 76
    255 0 0 255 0 0 255 255 0 0 20 0 255 0 0 0 0 68 0 255 0 255 255 255
    0 205 0 0 145 255 79 255 255 8 0 0 255 255 0 255 0 255 0 153 0 255
    255 255 255 0 141 0 27 0 255 199 37 255 0 255 255 255 0 0 255 255 0
    0 255 255 0 0 0 0 255 219 255 0 255 0 0 105 45 0 114 255 255 0 176 0
    255 0 255 0 255 255 134 255 0 74 0 255 101 117 93 0 0 0 255 255 0 49
    0 255 255 255 255 255 0 0 0 97 0 0 0 22 255 0 255 0 255 0 16 47 0
    119 72 255 0 255 0 0 0 105 255 255 0 0 0 0 255 255 255 255 255 33
    255 255 0 0 0 191 255 255 255 0 255 0 0 0 0 255 83 255 0 0 0 0 0 255
    0 29 0 255 255 255 0 225 0 255 76 255 255 0 255 95 255 255 0 0 0 0 0
    255 0 255 0 255 215 179 255 0 255 255 0 136 0 194 255 58 0 255 255
    255 164 255 184 0 0 255 255 255 255 195 141 0 255 0 190 94 0 0 255
    255 177 255 0 0 220 0 255 255 255 169 0 255 255 0 0 186 255 80 182
    255 20 37 0 255 255 255 0 0 143 255 72 0 0 255 255 0 41 0 255 255
    255 0 255 0 255 0 0 170 0 255 255 14 255 255 255 255 150 255 255 255
    0 0 0 255 0 0 255 190 255 0 255 0 255 54 14 82 255 237 0 0 0 255 0 0
    0 255 255 56 255 0 63 0 255 61 0 255 255 255 255 0 0 255 255 255 0 0
    120 255 0 0 0 255 255 255 0 0 255 0 0 0 155 255 255 165 0 0 123 167
    0 104 49 224 209 0 255 0 255 213 0 8 0 0 255 255 0 0 0 255 255 189
    255 216 255 215 0 255 0 255 0 255 255 0 0 255 255 255 0 255 255 255
    255 0 0 22 255 255 181 255 0 255 196 255 255 255 255 102 0 255 0 255
    0 255 3 255 0 19 0 255 0 255 124 0 255 255 255 255 255 0 0 0 0 211
    255 255 0 0 255 255 255 239 167 0 6 60 255 255 179 0 179 0 255 92 0
    0 255 119 255 0 255 74 136 255 8 0 0 255 0 255 0 255 255 255 0 0 116
    211 22 0 255 255 0 255 0 255 157 0 0 0 255 255 255 194 0 255 255 248
    0 255 0 255 0 255 221 255 0 255 0 255 0 255 0 255 236 182 0 196 255
    0 255 48 255 0 0 0 0 11 255 255 0 162 255 255 0 164 255 255 255 21 0
    0 255 255 253 0 255 255 255 0 214 18 0 255 0 255 110 0 169 255 255
    255 153 0 197 231 255 78 255 255 0 0 255 223 255 0 57 0 255 255 255
    255 0 0 48 0 55 0 0 255 255 0 0 0 255 0 255 255 255 0 207 0 0 0 0
    255 0 0 0 0 255 0 217 0 255 0 1 185 0 255 255 0 0 90 255 138 0 0 0
    214 255 50 0 255 203 130 0 255 0 255 0 0 0 255 255 255 255 255 0 255
    0 0 80 48 0 255 144 255 255 255 0 0 0 255 255 255 255 0 0 0 25 217 6
    255 255 255 242 145 255 14 64 0 121 255 144 109 0 57 255 0 0 0 0 255
    255 255 127 0 255 255 0 0 255 84 101 0 0 0 34 255 0 0 255 255 0 0
    255 255 255 0 0 79 255 255 255 0 0 0 255 233 255 214 255 255 0 255 0
    0 0 255 0 80 0 255 255 255 0 255 0 0 255 255 255 11 255 0 0 255 255
    255 255 255 0 0 0 255 255 0 0 255 255 0 255 255 255 0 255 0 255 181
    255 255 255 154 255 0 0 165 255 255 65 0 214 255 0 0 255 0 255 255
    255 255 255 255 231 0 255 0 0 255 0 0 255 255 0 255 250 0 0 0 255
    249 28 255 0 0 0 0 69 255 255 255 0 255 0 197 255 48 94 255 216 0 6
    255 255 179 255 0 255 255 255 0 0 0 255 255 255 0 0 96 58 255 0 0 0
    0 244 144 13 0 255 255 0 0 0 255 21 98 0 60 255 255 74 255 0 0 0 255
    198 0 0 0 129 255 172 255 0 0 0 178 243 255 0 0 255 0 89 0 255 0 255
    0 0 0 255 255 15 0 255 255 0 255 255 255 255 0 255 177 255 245 0 0 0
    134 0 185 0 255 255 127 0 255 255 0 255 255 255 0 255 115 26 0 0 255
    255 255 0 116 0 0 255 0 0 123 255 255 255 255 0 46 0 255 255 255 0 0
    0 0 0 255 5 255 0 65 255 0 255 0 255 0 255 0 0 0 255 255 255 0 0 0
    255 0 255 11 0 255 255 0 0 0 255 255 255 255 255 0 0 255 255 0 0 255
    255 255 0 255 231 167 0 255 255 0 0 0 255 0 117 97 255 0 0 255 255 0
    163 0 255 109 88 254 255 0 246 154 255 0 255 0 255 86 0 0 255 255
    242 119 0 234 0 255 50 255 81 0 255 255 255 0 0 245 255 0 0 171 255
    255 255 0 255 255 255 0 0 0 255 255 88 0 255 255 255 255 0 0 255 108
    0 0 255 255 255 242 210 0 52 0 255 255 0 0 0 255 218 255 255 0 0 0 0
    255 254 134 122 0 158 255 255 0 0 0 71 255 124 0 255 0 20 0 255 255
    0 0 130 0 215 255 255 255 0 0 255 0 255 0 255 0 255 255 94 0 255 0
    255 0 101 0 0 0 95 255 0 0 255 255 255 0 216 203 255 0 0 255 255 0 0
    0 29 0 255 255 247 0 0 0 255 255 0 0 255 0 237 232 255 0 255 0 255 0
    255 0 95 255 255 255 255 255 0 0 0 0 0 255 255 255 255 255 255 0 0
    255 0 88 0 16 0 0 255 103 255 0 0 0 255 0 161 0 255 0 255 0 237 0
    255 0 103 0 52 0 204 0 0 0 255 255 255 0 0 0 255 0 255 0 0 255 255
    255 0 0 255 0 0 0 0 129 255 99 0 255 0 255 18 142 255 0 0 0 255 128
    255 0 255 0 0 0 68 0 0 255 130 0 255 255 227 0 2 255 255 221 0 0 0
    255 0 255 255 255 0 0 84 196 0 255 255 0 255 255 255 1 0 0 0 0 39
    255 0 255 0 0 49 197 255 0 255 255 255 0 0 188 123 0 255 255 153 231
    255 255 255 67 255 255 255 255 0 255 255 48 15 60 0 255 255 101 255
    255 255 77 240 0 255 255 101 194 0 0 255 0 255 0 255 255 0 255 0 0 0
    255 255 0 255 255 255 255 255 18 0 193 116 255 255 255 255 0 0 0 0 0
    0 255 94 255 47 255 47 255 0 255 126 255 240 0 234 249 255 255 255
    255 0 255 0 112 255 255 0 0 0 175 0 0 255 255 0 73 255 255 255 255 0
    255 255 255 0 248 0 0 255 216 255 0 99 0 0 255 255 0 0 255 255 255 0
    0 255 255 255 0 99 56 237 0 222 255 223 117 0 255 0 0 204 255 234 0
    173 255 0 255 255 255 0 0 0 0 255 255 255 255 169 0 175 255 225 0 0
    0 255 0 255 255 255 255 255 255 179 255 0 255 0 255 97 25 0 0 255
    101 255 151 0 255 109 255 142 0 255 45 255 193 0 0 38 255 255 0 0
    255 255 255 255 0 162 0 198 255 255 0 0 255 0 255 255 255 0 0 255
    255 255 0 0 255 255 0 0 255 255 255 0 255 0 255 255 185 255 0 96 255
    117 0 0 255 255 0 178 255 255 255 0 7 193 255 255 255 23 0 93 52 10
    255 255 0 0 246 0 0 255 255 0 255 117 255 72 255 0 230 0 255 21 255
    255 255 0 0 0 0 255 255 0 255 0 255 0 255 0 255 0 255 0 0 255 194
    255 0 255 219 255 0 5 0 255 0 255 0 54 255 255 255 255 153 0 0 0 0
    255 58 255 0 250 0 255 0 0 0 255 255 255 0 0 0 255 79 255 0 255 58
    255 0 106 0 0 0 249 0 0 0 255 115 255 0 255 43 0 0 255 255 255 0 255
    255 255 0 0 0 255 255 255 255 0 42 0 255 0 255 255 255 0 255 255 0 0
    255 32 255 221 255 255 0 255 0 255 0 255 33 255 45 0 0 0 255 255 255
    0 90 209 85 87 255 255 93 0 0 0 255 255 227 255 255 98 0 255 0 0 0 0
    0 196 255 249 255 0 255 0 255 0 150 0 0 0 255 3 255 129 255 0 0 255
    0 255 0 0 0 255 255 124 0 0 255 202 0 0 51 0 0 255 255 88 255 255
    255 0 128 0 33 0 0 255 255 255 0 96 71 255 255 0 0 0 0 71 255 0 22
    245 0 255 39 0 255 0 255 0 255 255 255 0 0 0 0 0 214 19 255 25 255 0
    0 0 93 0 255 0 255 0 0 255 0 0 0 156 255 0 63 255 255 0 0 221 163
    255 0 255 0 0 255 20 255 0 205 0 255 255 255 255 0 255 107 74 0 0
    255 150 61 0 255 255 0 0 77 190 255 255 255 255 0 255 0 255 255 255
    0 255 255 20 75 29 0 0 0 0 255 255 255 0 255 255 255 0 0 0 0 255 255
    255 255 255 0 255 255 255 0 0 255 255 67 168 255 185 248 0 255 255
    20 93 255 255 0 209 255 255 0 221 0 0 0 255 96 146 255 0 0 255 177
    255 155 255 0 110 116 0 64 255 255 45 0 255 0 0 87 0 255 0 199 0 255
    93 255 7 255 255 0 3 0 255 255 255 255 56 0 255 174 0 100 0 255 0 79
    0 255 255 255 0 255 255 255 255 84 255 0 150 0 255 255 163 0 247 255
    0 128 232 73 255 89 255 255 0 0 0 255 0 255 255 255 196 0 0 255 129
    255 0 0 255 255 255 7 0 0 0 255 0 255 0 255 114 255 0 0 0 255 0 64
    255 255 0 0 255 9 255 56 0 0 255 128 255 0 0 0 0 255 0 0 49 255 0 33
    0 21 255 153 0 0 0 255 185 80 255 0 0 255 255 0 255 255 255 0 0 0
    102 130 255 255 255 255 0 0 0 0 0 0 196 96 255 255 68 0 0 255 255 0
    0 255 93 255 0 255 0 0 0 0 0 0 255 130 255 196 0 0 0 255 255 0 255 0
    255 0 0 0 222 255 0 255 64 255 0 161 68 0 255 255 255 0 0 202 255 0
    116 0 255 255 255 0 255 0 0 87 61 0 11 255 19 255 171 0 6 0 175 0
    255 118 255 255 0 18 34 255 0 241 0 0 0 0 255 255 255 194 0 0 0 199
    255 155 255 25 104 255 202 255 0 0 0 255 255 0 255 255 74 7 0 0 255
    0 255 0 255 0 0 255 17 255 255 0 115 0 255 255 255 255 0 0 255 255
    255 0 0 255 255 255 0 0 250 255 197 0 255 0 156 0 255 0 255 0 0 255
    255 255 255 255 0 255 255 0 255 0 255 0 255 0 255 0 0 0 255 0 140
    255 235 0 0 255 0 255 0 255 8 255 0 0 255 255 0 0 0 0 0 255 0 0 255
    0 1 255 255 53 0 0 255 0 0 181 255 0 0 0 255 255 255 0 159 0 0 255 0
    255 158 255 255 255 0 255 42 123 0 0 255 255 255 0 0 0 255 255 207 0
    0 252 255 255 53 255 255 255 0 26 255 0 255 136 255 0 0 255 212 255
    0 0 255 0 255 196 0 0 151 0 0 255 255 0 255 255 255 0 0 0 0 255 255
    255 0 255 255 114 0 255 255 0 0 255 255 255 0 38 0 93 255 255 0 255
    0 0 255 255 255 241 0 0 0 255 255 255 255 0 0 255 255 255 255 0 0 0
    171 255 255 0 0 0 0 113 0 0 0 255 255 255 255 0 255 45 255 0 0 0 0
    255 3 0 0 255 255 178 255 11 0 0 0 255 28 0 0 140 0 239 247 255 255
    255 224 0 0 60 255 255 0 0 205 255 255 255 0 255 0 255 0 0 255 255
    214 0 0 255 255 0 132 0 255 255 255 2 70 0 255 100 0 133 255 255 255
    255 0 0 0 255 255 90 123 0 0 117 39 255 0 255 0 0 199 0 255 255 45 0
    255 0 37 255 255 255 0 0 255 0 251 0 255 255 255 255 0 72 12 0 255
    255 255 210 0 0 255 255 255 0 255 0 255 255 0 255 191 255 255 0 246
    0 252 255 93 0 0 4 255 255 0 255 0 0 128 0 0 186 0 255 189 59 0 255
    0 255 0 0 103 0 255 255 255 0 0 0 255 124 0 217 255 0 255 255 0 255
    255 0 65 0 0 0 255 255 0 255 0 0 97 92 255 255 255 255 0 237 255 255
    255 255 0 0 0 0 120 255 255 255 0 255 0 0 19 255 255 255 233 255 255
    255 0 0 20 255 180 0 0 0 0 255 0 0 110 21 0 255 0 255 255 0 0 0 0 0
    255 88 255 0 255 30 255 0 176 106 255 255 0 0 255 255 255 0 2 0 84
    255 233 186 0 255 255 10 0 0 255 151 91 255 0 255 0 70 27 255 255 58
    119 0 0 255 255 0 0 0 115 255 0 255 0 255 255 255 0 0 0 255 255 255
    255 0 0 0 255 0 91 244 255 11 13 0 98 0 170 54 255 108 255 0 0 255
    255 255 25 181 0 255 255 0 255 27 255 0 0 255 255 255 255 0 255 0 0
    88 188 255 137 255 0 0 255 0 0 255 250 255 0 255 0 0 0 255 0 255 110
    100 102 255 255 255 255 1 51 0 0 0 255 255 255 20 0 255 163 255 0 0
    0 255 132 255 153 255 107 0 0 255 255 255 255 118 146 255 255 122 0
    255 0 30 0 255 255 0 255 0 255 0 199 255 255 255 194 255 0 0 0 0 167
    255 0 0 0 255 161 255 0 99 255 255 255 0 0 0 0 255 0 255 0 39 0 75 0
    255 255 255 4 0 0 255 199 255 255 255 127 147 92 0 114 0 146 0 255
    20 255 255 203 0 0 255 0 255 226 0 0 255 0 255 0 0 98 225 0 248 0
    255 255 255 255 255 0 0 0 255 0 39 255 255 0 149 255 92 255 136 255
    140 0 0 255 0 0 0 0 255 255 0 193 0 255 0 0 0 255 255 255 255 90 255
    0 0 255 255 0 0 34 255 255 255 255 0 11 0 0 255 67 0 0 255 193 255 0
    255 0 255 0 255 255 143 0 0 0 0 0 255 0 207 255 255 255 0 0 255 4
    255 0 215 0 0 255 255 255 255 100 255 244 1 255 51 255 0 0 0 0 255 0
    144 255 0 255 0 0 0 255 255 255 0 255 0 255 255 255 0 177 255 255
    255 0 0 98 0 36 0 168 0 255 0 127 255 50 0 255 0 180 145 255 255 0 0
    0 7 255 255 255 245 0 0 0 255 255 255 0 0 0 0 255 255 0 75 255 255
    255 0 255 0 255 255 255 255 255 0 0 0 104 255 255 255 0 0 0 0 0 0 0
    255 62 255 255 231 0 255 255 189 218 255 255 0 0 191 255 255 0 0 255
    173 255 0 0 0 0 122 0 255 230 0 0 255 255 255 255 251 255 175 0 0
    255 0 0 28 255 0 255 255 88 172 141 255 255 255 255 0 0 118 255 0 0
    0 0 255 255 255 255 0 255 255 255 0 0 255 255 18 0 0 0 255 255 46 0
    35 0 0 255 0 255 255 255 0 180 0 0 0 255 255 255 226 0 0 255 255 255
    0 255 155 255 0 0 0 0 255 0 255 0 0 255 107 255 0 255 0 161 0 255
    255 24 0 255 255 0 0 0 255 255 0 5 0 255 173 255 227 0 109 255 0 255
    0 255 255 255 255 0 0 0 255 255 146 12 255 0 0 255 255 0 200 0 255
    255 255 205 250 255 0 255 255 49 0 0 164 255 0 0 0 0 255 255 255 255
    255 0 0 4 255 0 0 0 255 173 0 174 255 255 255 0 137 0 255 255 255
    255 255 255 255 128 255 0 0 10 0 255 255 0 0 0 0 255 255 255 0 0 255
    0 255 0 36 0 0 0 255 255 15 255 255 255 0 255 0 187 0 255 0 255 255
    255 255 0 255 0 0 255 255 0 0 0 255 161 104 255 0 255 0 255 0 255
    255 247 255 0 255 151 229 0 0 0 0 255 0 122 0 0 246 7 255 71 255 255
    0 253 255 28 255 255 255 0 255 0 255 159 255 0 255 255 39 188 0 0 0
    255 0 255 0 255 255 0 255 51 255 255 255 0 0 0 255 255 0 0 0 255 255
    255 255 169 255 0 0 0 50 241 7 255 0 0 255 255 11 0 61 0 255 0 140
    248 0 255 0 0 0 255 0 0 0 255 255 45 255 0 255 255 255 133 95 0 149
    0 255 0 255 0 255 114 0 0 0 255 255 0 104 110 255 255 0 0 0 195 25 0
    255 210 0 255 0 0 0 0 255 150 0 255 127 255 0 56 196 0 0 0 0 8 255
    255 180 0 119 255 255 172 87 0 255 146 107 0 0 0 255 255 255 255 67
    0 50 255 0 205 0 255 0 255 255 0 0 0 91 255 93 0 0 255 255 0 0 145
    55 0 70 0 255 255 255 255 0 0 52 255 255 226 0 87 0 255 255 255 0 0
    0 170 235 63 255 0 255 255 255 0 0 255 255 0 0 0 255 0 255 255 255
    255 255 255 255 0 0 71 255 255 0 0 177 255 255 98 0 255 0 0 0 255
    255 255 0 255 0 255 242 255 0 114 0 255 255 0 0 0 255 255 119 255 0
    255 255 254 0 0 255 255 32 0 0 252 0 255 255 0 255 0 154 255 255 0 0
    255 240 0 177 0 255 33 0 0 0 255 255 255 0 255 0 0 255 227 255 0 255
    66 255 0 0 0 0 255 255 255 255 0 0 190 255 0 0 255 9 255 0 160 0 215
    0 0 255 255 78 0 0 176 0 255 255 255 255 0 0 255 0 255 255 255 255
    65 250 0 255 255 0 255 0 255 127 255 255 0 255 0 34 0 255 255 0 0
    255 154 154 0 255 134 255 0 0 110 255 55 0 0 255 146 118 0 0 0 77 0
    255 0 234 0 0 0 237 17 0 34 0 255 255 255 255 119 0 0 255 255 255 0
    0 0 255 0 255 255 255 255 0 0 39 249 0 255 255 255 0 255 255 255 0 0
    0 0 255 255 255 0 0 255 0 0 0 0 255 255 0 136 0 255 255 0 0 0 255 0
    0 0 255 255 255 0 0 0 246 0 255 0 0 0 255 0 191 0 0 0 255 0 255 255
    0 52 255 199 0 0 255 255 255 13 48 0 255 255 255 0 0 175 197 0 255 0
    162 179 0 0 255 233 255 0 0 255 255 255 0 0 0 0 90 0 28 0 255 0 255
    255 255 0 255 0 0 0 255 181 0 0 255 236 255 9 0 2 255 255 255 0 226
    0 0 0 255 153 255 255 48 0 0 107 255 0 255 0 0 0 93 255 255 200 255
    188 255 0 0 0 255 0 64 185 33 0 161 255 255 0 255 132 99 150 255 255
    0 255 0 255 0 136 0 255 255 23 180 255 255 255 0 222 0 255 0 255 255
    164 229 0 255 60 255 0 0 0 117 255 255 255 0 255 0 255 255 0 0 255 0
    255 0 0 255 255 255 0 0 0 0 113 255 255 255 0 255 255 24 0 0 179 255
    0 0 0 255 255 0 255 0 147 118 255 255 0 0 31 0 5 255 255 255 0 0 0 0
    64 135 161 0 255 255 255 255 0 0 255 255 255 255 0 0 0 255 255 255
    55 0 235 108 255 255 255 0 0 231 255 255 0 164 0 255 0 0 0 255 0 0 0
    255 59 0 0 72 0 0 255 213 0 255 0 255 245 0 0 255 21 255 0 255 0 0
    255 0 255 0 37 0 255 255 255 255 150 255 151 0 0 235 208 43 101 217
    56 0 16 0 164 0 174 0 255 255 255 142 0 0 0 255 255 255 0 255 0 0
    170 255 99 255 132 52 0 0 0 255 0 139 0 255 0 156 255 0 0 255 0 0 0
    255 0 154 208 157 255 255 0 0 107 0 255 0 241 255 255 0 0 0 0 255 0
    188 255 255 0 0 255 255 255 41 255 0 82 229 255 12 255 0 255 237 81
    0 0 255 255 62 0 115 0 255 8 255 0 0 131 0 0 255 255 173 255 189 255
    0 255 255 255 0 0 255 255 255 190 255 0 185 255 255 160 0 255 255 0
    124 0 231 255 0 46 122 3 255 255 0 0 255 255 0 165 0 34 255 185 255
    0 255 255 255 0 255 0 0 49 110 255 0 255 0 255 0 94 0 255 255 167
    255 69 255 14 255 0 0 0 33 170 246 212 0 255 0 0 255 255 0 0 193 255
    255 157 7 255 255 0 0 255 255 255 0 255 0 34 219 255 255 255 0 0 0
    255 161 255 0 255 0 0 65 255 0 0 0 108 0 255 255 152 255 255 62 0 0
    252 255 255 255 255 255 255 125 0 0 255 255 62 0 0 255 255 255 255 0
    0 0 134 0 0 0 0 255 69 0 87 0 255 255 104 255 224 124 255 0 255 0 0
    98 0 255 0 219 0 47 255 0 255 255 0 255 0 255 58 130 67 0 255 0 140
    211 0 0 0 255 53 0 255 255 0 255 255 0 46 0 255 0 255 255 255 0 0
    255 255 255 144 255 255 149 0 255 0 255 92 0 0 66 255 255 0 0 0 255
    0 255 0 0 255 255 219 0 0 255 255 255 255 0 255 0 255 0 255 0 255 56
    96 167 21 255 255 0 255 0 255 0 236 0 255 255 255 0 255 0 255 21 0
    255 10 255 0 0 0 234 0 255 255 143 0 255 60 255 18 0 0 146 0 0 255
    223 0 0 0 255 136 255 53 0 0 255 0 255 255 255 0 148 0 255 179 0 0
    255 0 0 255 0 255 255 255 0 0 255 255 0 0 0 255 255 0 0 255 255 255
    103 108 23 0 0 79 255 0 0 255 255 255 0 255 0 255 0 255 194 84 0 0
    255 31 255 0 255 255 255 0 66 0 255 255 0 0 255 241 222 237 0 0 0 0
    173 255 255 0 0 77 255 255 249 0 0 255 255 255 94 0 0 0 0 0 0 194
    255 12 255 255 255 0 83 255 104 0 38 33 0 255 255 255 0 255 255 189
    0 0 0 0 238 255 0 0 0 255 255 255 0 0 59 85 255 0 255 255 255 139 0
    255 0 0 255 0 255 255 255 0 0 146 0 255 255 0 241 0 255 0 255 0 0 0
    204 255 0 0 255 236 0 0 255 255 75 0 0 0 0 255 0 255 0 255 0 0 255 0
    0 0 255 255 255 0 255 0 255 255 255 0 255 255 0 0 0 229 255 255 255
    0 0 255 255 255 160 0 255 255 0 0 0 0 255 255 255 255 0 0 0 0 0 0
    255 255 169 255 0 255 0 255 0 255 255 255 0 255 255 255 0 0 46 255
    255 0 0 0 255 255 64 255 255 0 0 255 255 0 0 54 255 37 255 255 0 255
    255 0 37 0 219 185 0 0 255 167 0 0 0 255 255 255 0 255 255 167 36 0
    0 255 255 255 0 255 0 255 210 255 0 255 119 255 0 255 255 255 0 0 0
    0 255 0 0 0 228 255 0 255 255 255 0 0 0 255 5 0 103 0 191 0 255 255
    0 214 59 255 255 255 255 255 255 57 0 0 255 0 71 0 99 255 255 59 0 0
    0 49 175 33 0 218 77 0 0 93 255 255 0 255 255 255 0 0 0 0 255 255
    255 0 255 255 255 255 0 0 0 255 255 255 0 0 0 255 207 255 255 0 255
    0 40 0 255 255 255 255 5 0 255 0 0 35 255 255 255 0 177 0 0 255 234
    19 0 181 124 255 255 0 0 255 255 64 0 0 255 255 0 0 0 255 255 0 255
    15 197 0 0 255 255 223 255 0 234 226 235 255 255 0 0 0 255 255 255 0
    0 0 255 178 207 255 0 0 56 0 255 0 0 87 0 0 255 255 54 255 50 56 215
    0 25 0 255 8 0 255 0 255 0 255 116 255 0 0 255 255 255 255 255 0 126
    56 255 0 255 255 50 0 0 255 0 255 0 255 70 255 0 208 0 44 255 125
    255 255 0 0 0 255 255 255 197 255 136 0 104 110 255 0 255 255 255 0
    0 110 255 255 43 0 0 0 255 255 0 0 0 0 0 255 0 121 0 255 255 111 0 0
    30 255 255 255 0 9 0 0 0 255 255 255 0 255 0 255 255 0 0 0 0 255 94
    255 255 0 0 191 184 255 0 255 255 238 130 0 255 0 255 0 255 0 255 0
    255 222 0 0 229 255 255 255 135 0 188 0 0 0 0 255 0 255 255 86 0 0
    255 255 149 255 255 255 0 255 172 0 0 255 255 0 0 0 255 255 188 255
    0 208 0 255 0 0 160 0 0 0 0 255 255 255 0 0 218 255 0 255 33 71 0 0
    0 255 0 139 0 34 28 255 153 255 181 0 0 0 0 0 255 255 255 0 0 0 0
    120 255 255 255 255 255 255 0 255 255 159 255 0 227 8 67 255 255 0 0
    0 77 255 169 123 255 255 0 255 0 0 0 255 255 6 255 0 255 255 0 255
    255 255 0 0 255 255 62 139 255 0 255 0 255 45 231 0 71 0 0 0 0 255
    255 255 0 255 71 0 173 0 255 156 255 255 0 0 255 255 255 0 255 0 255
    0 255 0 3 221 255 22 0 253 0 255 255 0 0 0 255 0 0 0 255 60 0 0 175
    255 0 0 255 255 255 0 229 0 0 255 255 167 0 255 45 255 0 0 255 0 255
    0 255 0 255 15 181 0 255 0 255 0 255 0 255 26 255 121 0 0 255 255
    255 81 0 255 0 0 34 255 0 0 0 255 182 34 255 0 169 0 255 0 0 0 150
    93 237 201 0 0 134 255 0 0 255 255 255 0 0 0 0 255 0 255 0 255 255
    255 242 112 0 0 0 0 255 255 255 0 255 255 0 20 255 255 137 255 255 0
    60 240 255 0 0 255 255 40 0 0 255 255 43 255 255 255 255 255 0 0 255
    209 255 0 255 255 255 181 0 0 255 255 0 216 255 255 0 0 0 0 255 0
    255 0 0 255 0 52 65 255 77 123 255 132 0 0 255 0 255 255 0 255 0 0
    255 255 255 0 255 0 0 149 255 0 242 0 255 0 52 49 255 0 255 0 255 0
    0 0 0 255 176 255 255 0 255 49 255 0 109 255 0 0 255 255 255 0 241 0
    255 0 255 0 255 0 0 0 34 255 255 255 192 0 255 255 255 0 234 0 0 0
    61 0 40 255 0 255 0 255 0 255 0 49 0 0 0 31 70 0 255 255 0 0 78 255
    143 215 0 255 255 255 116 0 0 255 255 229 255 0 0 0 255 255 255 255
    0 0 255 255 255 0 220 0 255 0 255 0 165 184 250 0 255 255 0 0 0 0
    186 48 7 121 255 0 0 255 255 255 0 0 0 255 0 255 255 255 0 0 0 255
    255 0 0 69 69 255 0 201 0 255 255 0 0 0 255 255 255 111 0 0 255 255
    255 147 0 0 0 0 0 255 255 0 0 0 164 0 255 255 255 255 0 0 199 255 0
    255 0 255 255 0 0 0 0 255 162 213 0 255 186 255 50 0 0 0 233 253 255
    255 255 0 0 255 255 189 255 210 0 0 255 255 122 0 0 31 242 255 0 0 0
    255 0 255 255 255 255 255 255 255 0 255 0 255 0 255 0 172 0 255 255
    0 0 0 255 255 255 0 0 0 255 208 255 0 0 0 255 95 0 220 143 0 8 152
    255 142 255 0 255 0 0 0 255 255 255 0 0 0 0 255 162 0 255 255 255 0
    0 255 0 255 160 0 255 119 255 0 0 0 255 255 0 0 0 3 108 255 85 255 0
    255 250 255 0 0 0 255 255 0 255 149 6 255 255 255 255 255 0 241 255
    0 255 187 255 0 255 80 255 0 255 255 255 0 0 0 255 0 255 0 168 255
    255 0 0 0 255 50 0 255 255 255 0 0 0 0 255 203 0 0 52 255 255 241 0
    1 0 162 0 0 0 255 255 0 0 0 0 255 0 0 0 255 255 255 255 0 255 0 0 1
    200 255 0 0 0 0 255 255 255 0 80 251 255 0 178 0 137 0 255 24 218
    255 255 204 0 0 255 255 196 0 0 255 0 255 255 255 255 0 255 0 2 0
    255 255 255 0 159 255 255 0 0 255 62 159 255 255 255 120 255 255 255
    0 92 255 0 255 0 0 0 139 0 255 0 0 255 0 0 0 0 52 0 152 79 255 0 255
    124 255 0 0 0 0 109 255 255 71 255 0 0 255 0 159 255 255 255 0 0 0
    255 255 255 0 0 0 0 255 0 212 255 79 255 130 0 255 255 72 0 255 0 0
    0 0 127 0 0 255 255 255 0 0 0 201 255 255 255 0 255 0 0 0 255 255
    255 255 255 0 0 255 255 192 0 0 0 0 0 0 255 255 255 114 0 0 255 255
    255 162 255 164 0 255 0 178 214 255 255 122 0 103 0 146 96 0 255 255
    255 0 0 0 255 255 0 0 255 255 255 0 0 0 255 0 0 0 0 0 255 0 0 0 98
    255 255 255 255 255 245 0 255 0 0 0 0 255 0 255 0 245 0 255 255 255
    0 255 0 113 0 255 255 26 0 0 255 0 0 132 255 255 255 0 255 0 255 255
    0 255 0 255 255 0 31 172 203 0 0 255 0 0 255 255 0 0 255 0 0 0 255 0
    255 255 103 214 169 0 255 235 0 0 255 255 0 0 0 0 255 255 0 0 0 255
    0 0 0 255 255 255 0 0 0 255 0 255 153 0 255 0 255 202 0 0 255 0 255
    0 29 255 1 0 189 0 255 255 0 255 36 255 0 0 114 0 255 255 255 0 87 0
    210 0 169 255 255 255 0 0 68 0 255 255 255 0 0 0 255 255 255 0 28 0
    255 0 255 0 255 255 86 117 0 255 255 255 40 249 255 255 0 0 255 255
    255 0 0 255 255 0 255 0 180 192 255 0 0 255 255 255 255 255 0 0 255
    0 255 0 0 255 255 255 255 0 0 255 0 255 54 255 0 255 0 137 0 255 255
    255 255 140 0 0 0 0 255 255 0 115 0 62 107 0 0 116 0 255 255 0 255
    255 255 128 0 255 0 250 0 0 0 0 227 0 255 255 255 255 168 148 0 120
    118 255 149 0 244 0 255 0 255 0 255 0 0 118 255 244 255 0 255 64 255
    53 0 255 255 255 0 0 0 0 0 255 167 255 0 39 0 0 255 255 0 0 0 255 0
    255 255 255 251 253 255 255 0 0 255 0 84 0 0 0 255 255 255 205 255 0
    0 0 0 255 255 0 0 0 8 255 255 0 255 0 255 255 255 0 0 37 255 255 0
    255 255 0 0 0 0 255 255 255 255 0 255 0 255 49 255 96 255 45 95 0
    255 255 27 0 0 0 0 0 63 0 0 0 255 192 154 0 255 255 250 0 0 255 255
    255 0 0 0 255 255 255 0 4 255 0 0 0 255 255 255 0 0 255 255 0 0 0 0
    255 255 255 255 255 101 0 157 0 255 255 146 255 0 54 55 168 255 0
    255 0 255 255 0 255 0 0 255 255 208 255 0 81 255 255 128 255 0 179
    67 255 0 0 0 255 0 130 0 184 0 0 255 46 255 255 0 94 0 0 0 255 82 0
    16 255 0 0 232 255 255 0 217 0 0 0 0 255 255 255 0 225 0 255 197 0
    11 0 142 0 0 255 0 255 0 14 255 0 255 0 244 0 0 255 0 255 0 255 234
    229 255 255 255 255 255 255 113 0 0 255 255 255 135 0 0 0 0 255 255
    255 44 0 0 171 255 0 119 0 0 134 215 0 0 255 0 255 0 0 0 106 0 0 0 0
    255 255 255 0 255 0 255 166 255 255 3 0 0 213 0 214 255 0 255 54 133
    0 0 0 255 46 255 0 255 255 0 255 0 0 255 255 0 0 255 0 255 0 255 255
    5 0 0 0 178 255 0 255 255 255 255 0 0 3 255 0 0 8 0 0 255 255 79 0
    255 255 255 0 106 0 255 0 255 0 255 0 148 198 255 255 0 0 255 255 0
    255 0 16 0 255 255 0 0 255 255 0 0 255 255 21 255 255 255 251 255 0
    255 0 0 255 255 0 255 0 255 255 254 0 0 255 255 0 0 181 0 0 255 255
    0 194 0 0 255 169 0 0 255 255 0 255 0 0 201 255 0 0 0 255 66 255 255
    164 0 255 0 37 4 192 255 0 0 0 255 239 255 0 0 255 255 255 132 0 0
    255 255 0 0 0 50 255 0 0 255 0 255 255 69 255 0 0 255 0 255 0 0 255
    0 68 178 255 255 0 255 0 0 158 0 255 244 255 0 196 0 255 255 255 183
    0 27 255 229 255 0 255 255 255 255 0 210 218 255 0 0 196 50 0 255 0
    202 255 255 255 39 0 255 0 255 255 255 0 255 255 255 255 255 255 0
    182 243 255 255 0 0 255 9 0 165 158 0 0 255 255 255 0 0 0 255 255 0
    248 0 255 255 255 0 0 255 255 255 0 196 0 0 255 121 181 83 0 255 173
    255 0 0 0 255 255 255 0 0 0 255 255 255 0 0 239 255 255 0 0 0 255 0
    255 255 255 255 255 0 255 0 255 0 155 255 78 0 0 255 25 255 0 0 0
    255 193 255 92 231 255 255 0 0 0 255 255 160 0 83 0 255 255 53 0 0 0
    0 158 0 255 254 47 0 0 255 255 255 0 255 161 255 155 0 0 0 184 255
    255 0 255 0 255 255 0 255 0 71 255 0 255 0 0 0 0 255 0 174 0 0 231 0
    255 164 102 97 255 255 246 0 84 255 255 255 255 255 255 255 255 59
    237 255 255 0 0 0 255 255 0 255 255 255 161 0 255 255 0 0 0 255 0
    255 255 0 255 0 255 209 255 255 255 0 0 255 255 0 0 255 255 255 0
    255 0 0 109 16 255 190 228 0 255 255 255 255 0 0 255 255 0 221 0 132
    249 255 0 0 0 109 150 185 0 255 199 255 255 255 0 178 73 255 255 255
    255 179 0 187 255 255 0 0 226 0 255 0 255 0 255 159 255 0 0 255 255
    233 0 255 255 255 255 0 15 0 0 210 255 255 255 0 0 0 132 0 222 0 255
    222 178 0 255 0 255 0 255 0 255 255 0 0 255 58 0 0 213 255 11 0 255
    255 255 0 0 237 255 139 255 0 255 255 255 255 255 241 0 0 0 173 255
    255 0 255 0 255 0 255 255 255 37 255 125 255 198 255 230 0 0 210 152
    0 255 0 0 0 0 0 255 255 255 0 139 0 0 0 255 0 255 0 0 255 255 0 8 0
    255 161 255 0 0 255 0 255 0 255 0 231 0 255 0 132 0 121 255 255 255
    0 255 0 102 0 255 0 255 0 255 217 255 255 255 0 46 0 255 0 28 0 255
    255 255 255 0 0 0 255 0 255 0 0 0 255 255 255 0 255 0 0 146 255 0 0
    255 0 0 0 255 202 0 174 0 255 0 255 255 255 0 255 0 0 0 0 51 203 255
    0 0 160 255 255 255 255 242 0 0 198 0 255 255 255 255 255 0 255 0
    255 0 255 0 255 255 255 255 0 255 255 66 0 255 255 0 255 255 255 0 0
    255 205 170 0 255 0 255 255 255 0 0 0 255 32 255 243 255 0 255 255
    255 0 186 255 0 255 0 76 237 255 255 9 255 255 93 0 0 255 255 84 0
    255 0 255 255 0 0 255 0 255 255 255 255 0 47 255 255 0 0 255 255 0 0
    0 189 255 255 0 140 0 224 0 255 255 255 60 105 0 0 90 255 255 255
    255 255 0 0 0 255 245 184 255 255 168 165 0 0 255 217 2 0 0 178 255
    255 255 0 77 255 0 255 255 0 246 0 0 255 0 255 0 255 0 255 255 255 0
    0 255 255 255 0 255 255 255 0 37 0 255 255 0 0 249 255 196 0 196 255
    255 22 255 0 0 0 84 255 77 255 166 255 0 206 0 255 255 255 0 0 250
    185 141 171 255 255 0 255 0 255 0 255 255 75 0 97 255 0 255 0 255
    255 255 0 255 0 0 0 255 0 0 255 255 33 0 0 255 0 255 255 255 255 0
    255 155 0 255 255 255 130 0 0 165 0 255 255 0 0 255 255 0 255 0 255
    0 255 0 255 132 33 67 0 255 255 0 3 0 0 0 255 7 255 0 179 0 110 255
    41 0 8 255 182 237 0 255 255 245 0 239 255 88 255 229 255 255 255 0
    0 255 255 255 0 0 255 255 255 199 0 18 0 0 0 255 63 255 255 255 0 0
    0 0 0 255 255 0 255 0 255 22 255 170 0 0 64 0 255 0 225 0 30 206 0
    255 0 142 255 0 0 0 128 255 255 255 0 0 247 255 255 255 255 13 0 255
    255 255 255 255 0 0 0 0 255 255 0 255 0 255 0 255 255 0 0 255 255 0
    82 255 255 255 0 255 0 180 140 255 0 0 36 31 255 0 255 0 221 12 255
    0 0 0 255 255 255 0 0 0 0 113 255 255 14 0 159 255 255 0 255 0 255
    255 0 45 186 255 255 0 0 255 0 0 0 255 0 0 0 255 255 0 0 255 16 255
    0 255 107 255 0 0 255 106 0 255 76 255 175 65 49 255 104 255 255 0 0
    0 255 255 188 0 2 242 0 217 255 255 96 79 0 0 0 0 255 255 255 255 69
    0 0 255 179 255 0 76 0 0 255 22 89 0 255 255 255 255 181 0 0 255 0
    255 255 0 0 255 255 255 193 0 255 255 255 0 0 0 255 255 255 0 0 0 61
    234 233 255 255 0 0 0 0 0 0 255 255 0 0 0 255 56 0 255 0 255 99 169
    0 0 255 10 0 255 0 255 0 255 153 255 0 255 199 255 0 255 89 255 0 0
    0 100 255 255 0 255 255 255 9 0 255 255 255 0 46 255 140 0 0 0 0 0
    255 0 0 0 0 0 245 255 255 255 0 0 255 169 255 0 255 0 135 0 0 0 0
    255 0 255 0 255 255 0 0 0 0 59 255 255 59 0 0 255 0 255 0 0 77 255
    255 0 0 0 0 255 255 0 255 0 255 45 0 0 0 255 179 56 255 0 219 0 0 0
    0 255 203 0 0 255 255 0 0 255 11 255 191 96 52 255 0 255 155 0 0 0
    255 255 159 255 33 255 0 0 0 0 255 255 158 0 255 0 255 173 255 0 255
    63 198 0 254 230 255 255 255 0 0 255 74 255 0 255 255 255 0 0 255
    255 0 0 0 0 255 255 255 255 0 255 72 0 217 204 0 0 0 255 16 255 0 0
    255 0 255 255 0 255 0 0 255 0 255 255 255 0 11 255 12 0 0 0 153 74 0
    255 255 255 0 0 0 255 255 255 255 125 0 0 0 188 0 255 255 255 108
    163 250 255 235 0 0 0 0 130 126 255 255 255 255 0 255 36 0 0 0 0 0
    166 255 255 255 255 255 0 255 40 0 255 0 255 255 255 20 0 0 0 0 255
    255 197 0 208 189 0 255 255 255 0 0 0 149 233 0 0 0 255 0 206 0 255
    102 0 255 0 0 255 0 255 0 255 255 255 0 255 0 55 255 255 255 94 20
    255 255 245 0 0 0 0 255 0 0 255 0 0 255 135 255 255 54 255 0 255 0 0
    0 0 255 255 255 74 0 255 0 0 0 0 255 0 39 40 255 255 33 0 0 255 255
    40 0 0 255 255 255 255 255 204 0 0 0 255 0 255 255 0 255 61 0 71 255
    255 0 0 255 0 255 0 0 0 0 0 255 0 255 255 0 0 0 255 255 67 0 0 255 0
    111 0 255 255 255 255 0 0 255 255 255 61 255 0 0 94 255 0 108 0 255
    0 241 0 255 255 0 0 0 0 179 186 255 255 0 255 0 18 0 255 181 0 0 255
    255 90 255 0 0 255 0 255 0 153 68 255 79 155 193 0 0 255 255 255 255
    96 0 255 255 0 0 215 0 42 0 255 255 255 0 0 0 255 255 11 151 58 255
    0 0 255 255 255 255 0 255 255 255 191 163 255 255 0 255 89 255 0 255
    0 255 0 255 0 255 0 241 255 255 109 0 255 0 255 0 255 0 255 0 0 224
    0 0 164 255 0 0 0 255 255 255 250 0 255 255 255 0 255 0 255 0 255 0
    0 255 255 51 255 0 0 255 255 255 0 0 0 255 222 255 255 0 0 255 255
    255 13 86 255 235 255 255 0 0 0 255 255 0 1 0 255 255 255 0 0 0 0 0
    255 255 0 0 166 255 255 255 0 0 184 195 255 0 0 0 0 255 0 255 255
    255 0 122 0 255 0 255 255 255 0 189 255 219 178 0 255 0 255 255 58 0
    0 0 255 0 255 255 150 127 56 255 159 33 0 0 0 72 255 0 255 17 255 0
    0 0 248 125 0 53 255 0 0 0 0 0 0 0 0 0 255 0 88 0 255 255 255 0 0
    255 255 0 255 0 0 255 255 255 255 215 0 0 255 255 255 0 53 0 0 196 0
    255 0 0 255 0 0 0 255 255 0 0 0 193 255 255 255 62 255 0 22 0 255 0
    255 255 255 255 0 0 110 255 209 0 0 0 255 255 0 255 0 255 0 255 255
    0 0 255 0 255 0 13 0 255 0 54 0 0 59 0 130 0 255 255 255 255 72 255
    0 0 0 0 255 0 255 0 255 0 0 198 255 207 0 0 255 0 0 255 255 0 255
    255 189 0 0 255 16 196 0 0 255 255 0 0 0 255 255 255 0 0 0 255 0 0 0
    255 214 255 255 255 0 0 255 19 0 199 23 255 169 0 0 104 255 0 255 0
    100 0 255 0 255 0 255 0 255 0 55 255 0 255 0 255 0 255 0 0 255 0 255
    255 255 0 255 0 0 0 0 179 178 255 255 255 80 177 255 0 0 0 180 0 0
    255 0 0 255 255 255 198 255 255 255 0 255 255 196 0 241 0 0 0 0 255
    255 0 255 79 153 0 255 255 0 0 0 0 255 255 255 0 0 0 255 255 255 0 0
    0 255 255 0 0 255 0 255 0 0 255 69 0 0 0 255 0 255 0 255 255 255 179
    255 45 255 51 0 244 255 255 255 0 255 0 0 0 0 255 40 144 0 255 255
    69 117 255 255 0 0 0 255 255 53 0 0 0 102 0 255 0 0 0 255 0 255 0
    255 0 255 255 255 0 255 15 12 0 93 255 255 81 0 0 255 255 132 255 0
    0 255 255 0 59 0 255 0 0 255 0 255 255 0 255 210 29 217 255 95 0 255
    25 255 0 0 255 53 255 255 0 255 255 56 33 240 0 255 0 255 255 255
    255 55 0 255 0 106 255 163 255 0 0 157 255 151 156 0 255 0 255 0 255
    97 255 0 255 0 255 156 0 0 26 168 0 0 0 255 255 255 0 238 0 0 0 0
    149 221 255 0 255 255 255 0 255 0 0 255 0 255 98 255 255 0 255 255
    226 0 115 255 0 0 0 255 106 0 255 64 255 0 0 0 0 255 255 255 255 0 0
    0 8 255 255 0 0 255 0 255 0 0 62 255 165 0 0 255 255 255 0 253 255
    255 255 255 255 0 0 255 255 255 218 0 0 255 0 255 101 255 0 0 186
    187 255 255 255 79 0 250 0 113 0 255 139 255 255 255 0 0 0 0 255 255
    255 0 155 0 0 255 255 255 0 0 255 255 0 0 0 28 255 255 255 0 0 0 0 0
    255 0 0 0 62 255 52 0 0 255 0 180 211 255 67 49 255 255 0 0 0 0 221
    0 255 0 74 255 255 0 49 0 117 0 255 255 255 0 35 255 255 255 209 255
    0 255 255 255 255 0 0 0 255 0 214 0 0 255 255 255 0 0 0 255 255 255
    0 255 255 255 0 255 255 0 0 255 255 33 255 0 255 255 0 0 0 0 0 255 0
    0 0 0 255 255 255 0 255 237 138 255 0 0 255 0 0 0 255 9 255 0 255 0
    0 139 255 255 143 0 0 255 255 255 0 255 0 255 0 215 255 31 0 255 225
    255 0 0 0 255 255 124 0 0 255 255 255 0 0 255 255 255 255 230 0 0 0
    255 0 255 0 255 40 0 49 0 255 0 255 0 255 255 179 255 255 255 0 0 0
    0 255 255 0 0 255 0 255 0 255 0 48 255 0 255 185 0 255 0 255 255 255
    0 0 0 255 0 255 255 255 0 255 0 95 0 15 0 255 17 255 0 31 62 255 255
    255 255 0 0 105 255 0 0 0 255 255 255 255 0 60 0 132 242 0 255 255
    255 255 176 161 0 255 255 255 0 0 72 255 255 255 0 255 255 255 165 0
    79 0 27 0 255 126 255 0 255 0 255 0 255 0 255 0 255 255 255 0 0 117
    255 141 255 0 0 255 0 0 0 255 230 255 253 255 0 85 0 255 0 0 0 197 0
    44 160 63 255 255 0 16 255 0 0 0 255 255 255 115 0 0 0 255 255 0 0 0
    255 255 255 150 51 255 255 206 35 0 255 255 255 0 0 0 0 255 0 0 255
    255 255 198 0 0 0 0 172 255 255 0 0 255 255 255 0 210 255 0 0 0 255
    255 255 0 0 255 0 255 0 255 0 0 0 0 255 0 255 0 255 0 255 255 255
    218 0 0 0 255 0 255 0 0 255 255 255 255 0 0 0 0 255 255 255 255 41
    255 0 0 255 130 255 255 0 0 0 241 255 255 213 0 0 0 255 125 255 0
    122 255 0 255 0 150 158 100 0 0 255 0 255 255 68 255 0 0 116 255 255
    0 0 65 0 255 255 255 0 214 0 255 0 255 193 0 0 255 0 255 0 255 255
    151 0 0 210 255 255 251 61 0 255 255 155 0 0 114 0 218 238 255 255
    255 0 0 195 46 0 188 247 169 0 112 255 0 255 0 0 255 0 156 0 255 28
    255 83 0 0 191 255 0 255 0 0 0 255 255 205 0 255 0 0 0 255 255 0 200
    0 218 0 255 0 255 0 255 255 0 255 255 255 255 205 73 240 0 0 0 69 0
    0 255 255 11 0 207 0 255 0 255 255 0 255 255 80 0 0 0 255 255 0 255
    0 0 0 0 255 255 255 255 0 0 126 255 0 0 11 246 255 133 0 0 44 179
    255 255 255 0 0 0 255 255 0 255 255 255 137 0 255 0 253 0 204 255
    255 255 201 255 0 255 0 0 255 0 0 0 255 70 255 0 255 130 255 0 255
    31 255 0 255 255 255 255 0 239 0 0 255 255 255 0 3 0 255 255 255 81
    0 255 255 0 0 0 255 255 255 0 255 137 255 255 0 255 0 190 21 255 0
    255 255 255 0 0 0 255 32 0 255 255 255 0 0 0 179 255 255 93 0 0 0
    255 0 255 0 255 12 251 0 0 0 255 0 81 25 255 255 255 0 175 0 0 0 255
    255 0 0 0 255 255 255 55 0 0 255 255 255 106 255 255 72 255 255 125
    0 222 209 0 88 0 0 0 255 154 255 255 243 255 81 255 0 255 0 0 0 255
    0 255 0 255 0 255 0 255 255 221 0 0 0 204 222 255 0 255 255 255 0 24
    255 76 0 255 16 255 36 255 155 0 179 0 0 176 255 54 0 0 59 255 0 0 0
    255 0 249 0 255 214 210 0 0 255 0 255 0 0 23 255 255 0 0 0 255 0 255
    46 255 255 255 34 255 0 110 0 255 0 255 255 255 255 0 0 0 255 79 255
    255 255 11 255 0 0 0 255 181 0 0 0 255 40 255 140 255 88 0 255 0 86
    173 226 0 61 255 0 0 151 255 0 0 0 0 255 0 255 0 243 0 255 255 213 0
    0 0 255 255 255 255 0 0 0 255 0 0 78 255 255 0 0 0 255 255 0 24 0
    255 0 255 7 255 255 0 0 91 255 255 255 0 178 229 255 0 0 0 0 159 255
    0 255 255 255 0 204 255 0 0 0 0 0 255 255 255 0 255 0 255 0 255 0
    255 0 204 0 0 0 255 0 255 0 255 0 255 0 255 0 255 0 255 187 255 255
    217 0 0 255 0 87 255 0 255 0 0 0 54 255 160 255 255 0 255 0 0 0 255
    176 255 255 255 0 0 0 255 255 255 0 255 0 255 0 46 0 255 150 182 255
    0 255 206 110 0 103 0 255 0 255 255 255 0 0 255 255 0 255 229 255
    255 23 31 255 0 62 0 65 144 135 0 0 0 0 255 255 0 255 0 0 0 106 255
    186 0 0 255 0 255 0 255 0 255 0 255 0 255 0 144 0 0 255 255 182 255
    255 0 0 255 229 255 0 255 255 255 255 255 255 0 0 0 255 255 255 0 0
    175 255 255 255 0 0 251 255 255 153 109 255 0 73 0 0 255 255 255 11
    0 0 255 255 0 0 255 0 0 255 255 255 0 240 255 255 0 0 255 0 0 0 255
    255 207 0 0 255 255 0 66 241 255 0 255 0 71 0 18 255 255 255 255 0 0
    0 255 219 63 223 255 0 0 255 255 255 0 0 255 255 255 0 0 0 255 255
    255 0 0 0 0 0 0 255 0 255 255 255 3 0 0 0 0 164 81 255 0 255 0 255 0
    0 0 0 255 182 255 0 255 125 0 26 0 0 0 255 255 255 0 0 166 0 159 0
    255 255 0 0 255 0 0 0 255 255 0 0 255 224 51 255 0 255 0 255 255 255
    0 255 43 255 0 41 255 0 177 15 255 255 0 0 255 255 255 236 0 0 255 0
    255 255 255 0 255 0 0 255 255 255 255 0 242 255 255 0 255 0 166 255
    255 255 247 255 0 0 164 119 0 255 0 255 255 66 0 39 0 0 255 70 255 0
    0 255 0 255 0 255 255 0 150 0 0 51 255 255 255 0 255 0 255 0 255 255
    255 0 255 255 0 0 255 255 255 0 0 141 0 255 2 0 221 13 255 0 0 0 0
    255 255 255 0 255 0 255 0 255 0 255 131 0 255 255 255 0 255 0 255 0
    255 255 255 0 0 252 255 0 0 0 14 255 255 255 11 0 255 0 255 105 0
    255 0 255 0 255 255 255 0 0 255 0 188 0 0 0 255 255 68 0 229 168 0 0
    0 255 255 239 245 0 0 255 88 255 0 255 255 255 0 161 255 255 255 0
    211 255 0 255 0 255 0 255 255 140 255 0 117 45 0 255 255 22 255 0 0
    255 0 255 210 255 0 0 0 0 255 255 0 0 157 255 0 0 0 255 14 0 0 123
    172 255 0 0 0 4 255 255 0 255 0 255 0 255 52 240 36 65 97 255 96 255
    0 255 0 0 255 0 0 255 255 255 0 241 0 255 0 255 0 0 0 255 255 0 0 0
    0 175 156 0 0 0 255 255 106 0 216 0 255 26 198 149 0 255 255 255 0
    255 0 55 0 0 254 255 255 255 255 0 240 0 255 255 255 0 255 255 75
    255 0 255 0 0 255 0 0 0 255 255 0 0 255 0 0 0 26 255 255 0 0 255 0 0
    255 0 255 255 255 0 0 0 0 255 209 255 226 0 255 255 255 0 255 255
    255 0 255 0 0 0 0 255 0 255 122 255 0 255 6 0 0 255 255 255 0 0 0
    255 255 139 0 0 0 255 255 34 0 0 255 255 255 0 0 255 211 255 0 255 0
    255 122 255 0 216 0 135 0 255 0 0 0 255 255 255 0 0 255 0 255 255
    255 255 0 255 0 0 255 255 0 0 255 255 255 255 0 0 0 202 0 0 0 255 0
    154 0 255 0 255 255 0 255 130 0 0 0 255 0 0 0 255 123 255 255 255 0
    0 92 127 255 255 255 0 0 0 255 71 255 255 255 66 190 198 0 125 0 255
    255 255 255 175 0 0 0 255 0 57 255 255 78 0 0 255 0 255 255 255 225
    255 255 0 0 255 255 255 0 0 255 255 255 255 0 0 0 255 0 255 255 0 0
    0 255 255 255 255 0 0 0 0 255 255 255 196 0 255 0 255 255 0 0 0 0 0
    251 255 0 216 117 255 239 255 0 100 255 0 0 0 212 82 255 0 25 0 0
    255 0 255 255 0 0 255 255 0 0 0 255 255 0 168 0 80 255 255 0 0 0 37
    76 0 255 0 0 255 0 0 0 255 0 89 0 255 77 209 0 0 0 255 186 0 60 0
    255 0 0 54 255 252 160 0 255 0 0 0 255 0 0 255 0 0 255 0 255 255 255
    0 0 255 193 52 0 255 0 190 122 23 255 0 255 255 163 0 255 255 255 0
    255 0 255 255 255 0 0 0 0 255 165 175 0 255 128 255 255 255 28 0 255
    0 79 246 255 0 255 0 255 0 255 151 57 255 253 255 148 0 120 0 255
    149 255 255 255 0 0 252 0 118 255 89 255 0 255 255 255 56 255 255
    255 255 0 255 0 255 0 40 255 255 0 206 255 255 255 99 0 0 0 0 255
    228 0 0 0 0 0 0 255 255 0 0 255 255 0 0 0 255 0 0 0 255 156 0 28 0
    255 224 0 83 0 93 49 255 111 255 30 0 0 255 93 255 255 0 0 255 0 214
    0 0 255 0 255 0 0 196 0 255 0 204 50 0 0 255 40 212 255 255 180 0
    247 151 255 245 231 0 0 0 255 0 255 0 255 255 0 0 0 0 0 255 255 255
    0 255 0 0 0 0 255 255 255 148 0 112 0 255 163 79 255 163 255 0 213
    255 255 255 253 0 0 255 0 0 0 255 255 255 200 0 0 255 0 138 0 0 70 0
    204 255 141 0 255 255 255 0 0 0 0 0 110 0 0 0 141 68 255 0 0 0 148
    69 255 87 0 200 255 176 192 255 142 19 255 0 0 156 211 255 255 255
    251 22 255 255 122 0 47 255 88 255 0 173 136 0 0 0 255 255 255 255 0
    0 0 0 255 112 0 0 255 255 158 0 0 0 0 255 0 149 255 0 73 114 0 255
    255 0 37 0 0 237 216 255 255 255 46 0 251 0 0 0 255 194 175 139 31
    255 255 255 0 255 0 0 0 255 0 0 0 190 255 0 0 255 255 255 0 60 0 0 0
    255 255 0 0 255 156 0 0 193 255 255 0 0 0 0 0 132 255 0 104 255 0
    255 0 255 255 0 0 0 255 255 255 0 255 0 255 255 255 98 255 28 255 0
    0 255 255 0 0 158 255 255 0 0 0 0 255 0 255 0 0 0 0 0 0 255 255 0
    255 255 255 90 255 133 255 0 255 0 0 0 255 255 255 0 0 92 0 51 255 0
    255 255 255 0 0 0 66 255 255 109 255 0 255 0 255 255 0 81 112 141
    255 0 255 255 0 0 41 255 255 255 0 0 0 0 255 255 255 119 0 0 0 73
    114 167 255 255 0 0 255 255 255 255 0 255 0 255 255 255 255 0 255 0
    255 112 51 0 0 255 0 255 0 255 173 0 192 0 226 115 0 0 0 0 255 255
    255 255 255 30 0 0 255 18 255 36 0 0 0 255 0 10 0 255 0 255 0 138 0
    255 255 255 0 0 255 0 255 0 255 186 94 255 255 255 0 255 235 255 0 0
    177 0 0 0 255 255 255 0 212 0 255 248 255 255 51 0 101 0 0 0 43 255
    67 255 0 0 0 187 136 125 255 255 255 0 0 117 0 255 108 255 255 0 255
    0 255 0 255 0 255 0 0 0 0 51 255 255 255 14 255 0 0 0 255 0 255 255
    0 255 0 0 0 255 0 0 0 151 255 255 0 174 0 255 255 0 0 0 255 255 255
    255 0 255 0 225 255 0 255 0 0 116 255 0 110 2 255 255 255 255 0 0 0
    255 6 131 255 0 0 0 255 255 0 0 0 255 52 147 255 127 255 0 0 16 177
    255 255 0 0 255 0 37 240 77 0 0 255 0 255 255 0 0 0 242 37 255 255
    33 0 255 0 0 0 255 0 255 0 255 231 255 0 0 255 0 255 0 255 0 255 0
    255 0 0 0 255 255 232 255 255 255 0 0 171 0 255 2 0 9 0 255 255 255
    0 255 70 0 0 0 255 255 255 0 255 0 242 254 255 255 121 0 95 0 0 0 0
    255 0 255 255 255 252 0 0 155 255 255 0 0 171 184 255 150 255 0 2
    216 255 118 255 0 161 255 223 0 255 255 255 194 0 0 255 0 255 0 0 0
    255 0 255 62 255 0 255 0 255 0 115 0 255 118 0 0 255 49 139 255 255
    0 255 255 0 0 119 255 2 202 223 255 255 0 255 0 0 40 255 0 255 0 0 0
    0 255 94 255 26 0 51 255 255 154 0 0 255 255 255 0 255 0 255 0 199
    255 203 255 0 255 255 0 255 0 255 228 255 255 0 255 196 255 255 50 0
    0 114 255 255 110 0 0 0 255 255 0 0 224 44 255 0 255 0 255 255 133 0
    255 255 255 0 0 255 255 255 255 224 255 0 255 0 0 255 255 255 17 0
    255 0 255 0 255 0 255 0 76 0 255 222 0 255 0 147 0 78 0 0 255 0 232
    0 255 255 241 0 255 0 0 255 255 0 0 69 255 255 255 0 0 0 0 0 255 255
    255 0 255 185 0 149 255 255 139 255 87 80 0 0 0 255 255 0 255 0 255
    0 255 88 0 176 68 0 255 24 255 0 0 255 255 231 0 0 0 255 0 0 0 0 255
    255 255 141 90 0 255 255 255 0 0 255 255 255 0 0 0 255 36 255 255 69
    150 218 0 35 255 255 255 0 0 255 255 0 0 0 0 255 255 255 0 0 255 255
    0 0 255 255 255 255 0 0 140 255 181 255 255 255 0 225 0 255 0 0 255
    255 0 255 0 0 43 255 255 0 0 62 246 255 212 255 0 255 255 255 255 0
    0 0 171 66 0 255 149 255 255 0 255 255 255 0 0 0 255 0 255 0 172 20
    0 255 0 255 255 255 255 0 255 0 255 0 0 13 0 208 0 255 255 0 255 0 0
    0 45 0 255 206 255 0 0 0 255 255 201 0 0 0 0 0 255 0 0 0 105 0 255
    255 255 255 0 204 0 55 166 255 255 130 0 0 0 255 87 77 0 0 255 255 0
    0 218 0 255 0 20 96 0 0 196 0 255 255 0 0 0 72 0 255 0 255 255 255 0
    0 33 255 0 255 255 0 0 182 255 0 255 255 255 156 246 0 255 34 255 0
    255 0 255 255 0 13 0 255 0 255 255 255 0 255 0 255 255 0 255 0 0 0 9
    0 255 255 153 0 0 0 255 255 255 255 0 23 226 255 0 0 0 255 255 0 0
    121 255 255 0 0 0 0 255 255 255 42 0 138 255 0 0 255 255 255 0 0 96
    255 0 0 147 255 255 255 255 255 255 0 139 255 255 255 0 255 255 255
    0 0 0 35 0 255 0 0 0 0 0 189 255 255 0 0 1 255 0 137 0 255 255 0 255
    80 255 0 84 255 0 255 219 0 0 74 255 255 29 0 255 255 255 0 0 255
    255 255 255 0 255 255 255 0 255 0 0 152 0 255 255 255 255 0 0 0 16 0
    4 255 0 255 59 255 255 74 94 191 0 255 255 255 255 0 0 0 0 0 255 255
    0 0 255 143 255 0 0 255 0 255 255 0 42 231 0 0 0 0 255 0 104 0 95 0
    255 255 255 0 0 200 53 0 255 255 255 0 0 188 255 255 255 144 0 248 0
    255 0 229 255 199 255 255 255 255 0 0 255 255 179 0 255 8 255 0 51
    255 255 255 251 74 255 0 224 255 0 0 0 255 255 0 255 0 68 255 255 0
    0 174 207 191 255 19 0 0 0 207 0 0 0 255 255 141 255 0 0 255 255 255
    254 0 0 0 255 255 0 0 255 159 255 0 255 84 255 0 0 255 255 0 255 157
    134 0 0 255 51 255 0 255 200 0 0 0 0 0 202 255 0 0 0 0 108 145 255 0
    0 0 0 0 255 255 255 0 80 0 0 0 255 255 102 0 0 255 255 0 0 0 0 255 0
    0 0 255 255 0 0 255 0 226 255 255 247 0 255 0 255 0 189 255 255 0 0
    0 98 255 0 0 0 254 0 0 0 255 27 255 255 0 255 0 0 255 0 0 0 255 93 0
    255 255 0 0 255 45 255 0 0 37 0 255 0 29 255 255 0 0 76 255 255 40
    255 255 246 255 0 92 0 255 255 214 0 255 0 255 0 255 255 26 0 0 255
    116 0 255 255 255 0 7 255 255 255 0 0 255 0 222 0 0 0 255 255 255 0
    0 0 255 255 255 101 0 255 244 0 255 255 255 0 0 0 255 255 255 31 0 0
    255 255 0 0 0 255 255 255 0 255 255 0 0 0 255 0 255 0 255 0 132 0
    255 0 255 0 255 84 0 34 0 103 255 0 255 0 255 206 255 255 255 255 0
    0 0 0 255 0 255 255 255 255 0 255 255 255 183 0 0 0 255 255 145 0
    255 0 0 255 0 255 0 255 255 255 0 0 0 0 0 255 255 255 255 0 255 0 0
    115 0 0 255 255 255 179 255 164 180 255 0 255 255 255 0 104 0 67 0 0
    255 112 255 0 255 64 255 182 255 0 0 0 5 0 40 255 175 0 255 126 255
    0 167 0 0 170 255 255 0 78 0 0 0 255 91 0 0 255 232 253 0 83 0 0 249
    255 0 255 207 0 255 87 255 0 0 183 255 255 0 255 206 255 0 99 0 195
    255 63 255 63 0 255 55 255 255 0 0 255 255 31 0 0 0 151 0 0 255 255
    255 0 255 35 255 255 255 19 255 255 136 0 64 103 255 0 218 0 255 255
    240 255 0 0 255 242 0 0 255 255 0 0 255 76 255 0 0 255 0 255 255 0
    205 0 255 0 255 0 255 0 255 207 255 0 0 0 255 255 255 255 0 255 255
    0 0 255 0 100 0 14 0 0 255 255 0 0 0 255 255 255 0 0 0 0 255 0 0 224
    255 255 193 0 0 255 255 255 0 0 185 0 205 0 255 255 227 234 79 0 0
    255 0 255 255 0 243 0 255 0 255 0 0 255 255 0 255 142 255 0 0 0 0
    255 255 132 255 104 255 0 0 213 255 0 122 238 167 0 255 0 255 0 16 0
    255 0 0 0 255 0 0 0 255 255 255 0 0 237 255 144 255 255 255 255 150
    255 0 0 183 255 255 255 0 0 0 255 255 255 0 255 0 0 0 255 255 255 0
    0 0 255 0 253 0 215 121 255 0 0 0 255 255 0 0 0 0 255 255 255 0 0 25
    0 72 255 103 0 0 255 0 255 0 0 0 255 255 255 0 255 20 0 255 72 255 0
    20 0 6 255 255 0 0 0 255 0 255 0 255 34 255 0 0 0 255 0 255 33 255
    255 0 0 0 0 19 255 144 0 0 0 255 255 52 0 0 255 255 0 0 0 255 255 0
    0 255 255 255 255 255 255 0 0 0 255 0 170 255 255 0 171 0 0 255 255
    0 0 0 0 66 0 255 0 255 0 0 133 99 47 255 0 0 0 255 255 255 0 0 255 0
    0 0 255 255 132 0 0 238 0 255 104 255 0 255 255 57 255 0 255 255 228
    255 82 0 0 255 209 255 255 255 244 0 0 156 255 255 51 16 227 172 255
    255 143 255 0 0 0 255 45 0 0 255 0 255 0 246 0 0 255 177 186 255 0
    255 0 255 0 255 214 0 255 0 255 0 255 0 255 0 255 0 0 182 0 0 0 255
    255 255 255 0 0 0 255 255 255 0 0 255 30 255 44 0 255 255 125 151 0
    0 255 255 142 0 0 19 0 0 139 221 0 0 107 95 255 255 83 224 255 255
    40 0 255 228 255 0 0 0 255 0 255 0 255 255 255 0 207 186 91 0 255
    255 255 0 255 255 255 255 0 178 0 0 255 0 255 0 255 0 0 0 0 140 255
    255 0 255 255 255 0 0 255 249 255 0 0 0 255 52 0 0 0 0 255 255 197 0
    79 36 54 60 255 255 0 0 0 255 0 255 0 0 255 255 0 255 255 0 255 195
    255 0 15 255 0 0 255 255 255 0 37 255 255 255 0 0 0 255 0 255 0 255
    255 255 0 255 0 0 0 19 255 0 0 0 255 0 0 255 168 176 67 0 0 0 0 255
    0 255 255 255 53 255 0 0 0 255 0 0 0 0 255 0 255 255 0 0 255 255 255
    255 255 0 0 0 70 34 0 255 255 0 0 0 39 255 255 230 0 255 255 255 0
    70 0 0 255 255 255 255 133 255 0 63 0 194 0 0 151 255 255 0 0 255 28
    0 122 221 0 0 255 255 0 0 0 255 93 255 0 39 255 255 255 0 255 0 0 0
    255 0 0 255 211 255 255 227 33 102 255 255 0 255 0 255 0 0 255 0 0 0
    13 255 255 255 0 255 255 255 147 255 255 0 85 255 0 255 0 0 0 255
    255 255 0 0 89 255 255 255 0 255 0 255 0 0 115 255 73 234 251 0 34 0
    0 79 0 0 255 83 255 0 255 255 0 255 0 255 255 236 0 255 0 255 0 255
    0 0 0 255 0 0 0 255 171 0 255 255 46 158 0 255 0 249 255 0 96 255
    255 0 0 222 255 0 30 0 255 255 255 255 0 0 69 0 172 0 255 255 255 0
    255 0 255 0 0 6 103 106 0 190 0 255 255 39 255 0 0 145 255 255 255 0
    255 255 255 178 0 0 255 0 255 107 0 245 0 255 74 255 255 0 187 0 255
    7 255 0 0 0 0 122 255 199 255 255 38 255 0 211 32 0 255 255 255 0 0
    255 255 0 250 255 255 57 255 0 255 0 255 0 0 0 111 255 255 127 255
    145 255 0 0 167 255 235 255 207 148 103 255 0 255 35 240 255 0 255 0
    255 0 0 255 255 0 0 0 255 255 255 0 0 28 0 110 146 230 255 0 255 243
    0 0 0 117 255 255 255 0 0 0 255 0 0 237 255 0 100 0 255 49 72 0 17
    200 0 255 255 0 0 0 255 60 255 255 255 255 0 0 252 0 255 255 255 237
    0 255 0 255 255 255 0 0 255 255 180 69 255 173 0 0 59 255 0 0 0 155
    255 0 255 255 0 255 255 255 0 255 0 255 147 51 255 115 0 0 0 255 255
    255 0 255 77 255 114 255 0 0 0 255 0 90 0 0 229 85 255 0 0 255 255
    255 99 31 255 31 146 0 0 0 255 255 0 0 0 0 255 0 104 178 255 255 255
    0 0 184 255 255 255 0 53 0 255 0 0 255 0 0 0 255 0 217 0 255 255 255
    0 255 0 255 255 255 255 0 0 0 0 255 255 255 0 255 89 0 0 125 255 0 0
    0 123 231 255 0 174 234 96 21 255 0 46 0 0 255 0 0 102 255 146 255 0
    255 0 255 118 63 212 255 0 0 18 0 162 0 177 255 23 255 0 0 0 255 107
    255 0 0 255 255 0 0 255 255 211 0 0 0 255 0 255 0 255 0 0 255 255
    255 0 0 0 29 117 0 255 0 0 0 0 255 20 192 0 0 255 0 146 255 255 0
    225 0 67 0 0 255 96 255 255 255 0 0 188 94 255 0 0 120 255 255 0 255
    255 20 0 0 255 255 255 0 255 0 255 0 0 0 0 0 255 255 82 0 137 255
    255 0 0 0 255 255 255 255 0 0 0 0 144 0 255 255 255 54 0 0 31 255 0
    255 0 225 0 255 255 69 0 28 255 225 0 255 0 255 0 10 0 255 0 0 0 10
    255 255 0 0 219 255 0 255 0 0 0 91 255 255 255 255 0 206 0 255 255
    255 0 15 255 0 125 0 255 255 0 0 0 55 255 255 255 255 255 27 0 0 255
    255 255 255 0 255 198 0 0 158 255 0 255 79 255 255 26 0 0 102 255
    255 0 30 242 0 154 0 139 0 182 159 0 255 255 255 0 0 173 255 0 0 0
    255 0 255 255 255 255 0 0 0 255 255 255 255 255 114 0 71 101 255 0
    238 0 0 255 0 0 0 111 255 3 36 0 0 255 255 0 255 255 255 0 255 0 0
    255 255 0 0 0 255 255 255 0 0 0 255 255 255 0 76 0 178 79 0 0 255
    245 255 28 0 0 102 255 255 0 0 0 255 255 255 255 211 0 0 0 253 255
    255 255 0 0 0 0 255 255 255 255 255 0 0 0 0 255 0 255 172 0 255 136
    255 255 255 255 0 255 0 255 0 255 0 36 0 0 255 255 255 255 0 0 0 178
    0 0 186 255 198 255 0 255 0 255 0 255 0 0 50 0 132 0 0 255 255 0 0 0
    0 0 255 0 0 59 255 255 255 80 156 191 144 0 0 228 27 0 255 255 255
    255 74 0 0 255 250 0 188 255 255 255 0 0 0 248 54 255 255 255 255 0
    0 53 255 36 255 0 255 255 255 159 0 109 255 255 154 176 0 255 255
    255 0 27 0 255 0 112 255 0 140 0 255 0 223 0 0 0 255 134 255 0 255
    255 0 0 0 255 128 255 0 0 0 255 72 255 255 255 255 0 255 50 215 0 0
    255 14 255 128 0 0 255 198 63 71 255 0 255 0 0 0 255 0 255 255 255 0
    255 0 255 91 146 0 0 255 0 197 255 255 192 0 0 255 0 54 0 255 143 0
    0 255 40 255 0 67 0 0 255 255 255 0 50 255 255 0 255 0 255 0 0 255
    255 0 153 0 8 255 255 0 0 0 255 255 255 255 255 226 0 62 0 255 70
    255 0 255 0 0 0 255 255 255 0 255 0 255 0 0 0 255 255 32 255 0 0 0
    255 255 255 0 0 223 255 0 0 0 255 255 0 0 172 234 255 255 0 104 255
    255 186 255 0 255 0 0 0 255 0 0 255 0 122 255 0 255 255 255 0 106
    255 255 0 0 0 255 255 0 255 255 255 0 0 255 255 255 0 146 255 255
    126 0 0 0 0 255 125 0 0 74 255 0 255 255 255 0 255 0 255 97 255 0
    199 0 255 188 0 254 119 0 0 255 0 255 0 255 255 255 0 0 0 255 255
    155 139 184 0 54 0 255 255 0 106 0 0 24 255 255 0 0 255 255 22 0 0 0
    255 0 255 255 255 0 0 236 177 127 0 255 55 188 0 0 0 255 0 255 255
    253 255 0 255 0 136 107 0 255 172 73 0 31 255 255 0 255 255 97 255 0
    255 0 255 0 255 172 255 0 0 255 0 255 0 0 19 118 0 255 253 255 255 0
    0 47 255 0 0 255 255 226 0 46 0 255 255 255 255 0 255 0 255 0 101 0
    255 255 0 0 0 255 255 255 175 206 158 101 0 0 255 219 255 101 35 0
    255 121 255 0 0 0 0 0 0 0 63 0 112 0 255 216 255 0 255 7 97 255 0
    174 255 255 75 255 0 0 0 255 37 255 0 0 255 255 0 36 0 255 255 255
    255 255 255 177 0 0 0 0 255 255 18 177 0 0 0 0 245 0 255 255 27 0 0
    255 255 255 255 0 88 0 255 255 255 0 250 255 255 255 255 0 0 75 133
    255 0 255 189 0 0 0 255 255 255 0 255 255 0 255 0 80 0 124 113 255
    80 124 255 255 255 255 0 0 241 0 0 0 255 255 0 0 0 127 255 0 0 0 255
    47 0 255 140 255 0 0 0 119 255 255 255 0 0 0 255 0 0 97 255 255 0 0
    131 228 255 0 255 255 255 0 0 0 255 198 255 0 4 0 255 255 255 0 0 0
    0 67 243 0 215 255 255 255 83 0 0 0 255 255 0 0 137 35 255 114 255
    255 0 2 255 0 0 0 0 112 0 67 0 0 0 255 255 255 255 0 0 0 0 255 80 0
    0 255 0 255 255 255 0 0 194 71 250 255 255 0 0 255 255 255 0 0 0 0 0
    0 255 255 255 0 0 0 0 255 0 85 255 81 58 58 255 255 255 255 6 0 0
    200 255 255 0 83 255 255 255 191 252 255 0 0 255 255 0 255 255 255
    255 0 0 0 64 255 255 86 0 51 244 0 0 0 255 200 203 255 0 255 87 255
    255 255 0 255 0 255 135 0 255 255 0 0 255 0 0 255 0 0 0 255 0 1 158
    255 33 255 0 0 0 255 0 157 0 255 255 152 255 255 255 0 0 10 255 255
    255 0 69 0 255 0 0 152 255 0 0 0 255 0 255 0 160 255 19 255 35 48 0
    0 0 255 0 255 255 255 0 255 0 255 255 0 0 90 255 203 201 0 255 0 255
    175 255 4 255 0 0 255 255 255 54 0 1 231 255 255 0 255 0 0 255 255
    255 0 78 0 255 0 255 0 0 0 255 0 0 0 0 255 0 255 0 24 239 52 54 255
    0 0 0 255 0 255 0 255 15 50 79 226 107 125 150 0 0 255 255 0 0 255
    206 255 0 255 255 0 255 0 170 0 255 0 0 0 55 0 255 0 248 0 0 255 144
    255 255 255 220 255 255 129 17 173 214 215 0 255 255 0 111 0 255 199
    0 255 255 218 0 0 255 0 0 139 255 0 0 255 19 8 255 0 255 255 255 0
    255 255 0 255 0 0 255 0 255 0 255 0 211 0 255 255 255 0 0 255 0 255
    0 255 255 0 0 255 255 0 255 0 0 0 255 131 255 255 145 255 0 14 179
    255 0 122 255 255 0 0 255 0 255 0 0 255 255 190 0 255 255 24 0 255
    255 32 0 255 45 255 255 0 170 148 62 255 255 0 0 226 255 0 0 120 255
    255 86 21 0 0 0 88 255 255 255 246 255 255 255 0 255 0 255 214 255 0
    255 202 255 0 255 255 111 255 0 29 0 212 0 255 0 255 49 255 255 0 0
    0 255 255 255 0 255 0 255 255 255 0 0 0 255 0 0 0 27 0 0 255 255 255
    255 0 149 255 255 255 0 57 0 255 255 0 90 0 0 118 255 255 0 0 0 0 0
    255 255 255 0 255 0 0 255 101 255 255 255 255 255 255 0 63 0 255 255
    255 255 0 0 43 216 255 126 255 0 187 155 0 118 62 255 216 255 0 0
    144 255 255 0 62 255 255 255 0 255 255 0 0 0 255 255 255 0 0 39 0 0
    0 2 255 255 0 0 255 255 255 0 255 255 255 32 0 0 255 255 255 0 0 0 0
    168 255 0 255 210 255 0 221 0 255 255 97 0 0 10 174 63 255 152 255
    255 162 132 253 0 0 0 0 0 255 255 255 110 0 0 20 93 255 255 255 35
    146 131 255 0 0 0 245 255 0 102 0 32 255 51 255 0 0 255 255 255 0 78
    0 0 255 255 255 255 255 198 0 0 0 0 0 127 226 150 221 0 0 156 255
    255 55 0 255 147 0 255 22 0 0 0 52 255 255 0 255 0 255 0 255 0 0 255
    255 255 255 255 82 0 128 255 255 0 255 0 0 255 255 0 236 0 255 255
    40 0 255 0 255 0 255 255 255 255 0 0 0 122 255 0 0 172 193 0 255 255
    0 255 168 225 255 0 255 255 0 0 0 255 0 239 255 255 74 0 106 0 229
    170 0 0 255 218 174 255 0 17 0 255 255 0 0 255 255 255 176 158 0 255
    255 255 0 255 0 0 0 255 255 255 0 255 255 0 0 0 0 0 231 255 255 255
    0 0 0 255 0 255 255 255 0 0 255 255 255 255 255 3 0 75 29 91 0 255
    255 255 0 0 217 255 255 0 255 255 255 252 0 0 106 0 0 0 255 0 255 0
    0 0 0 255 255 36 0 255 255 255 0 0 0 0 255 255 255 0 0 255 0 255 0 0
    255 0 255 0 0 0 0 255 189 255 0 255 0 0 0 255 255 0 0 217 255 0 255
    255 144 0 255 255 46 0 0 0 177 255 255 255 255 49 0 0 92 255 70 0 0
    255 0 0 255 255 84 255 0 20 255 255 0 0 0 255 255 255 255 27 0 0 255
    102 65 0 0 195 255 255 0 255 21 255 0 0 0 0 255 255 0 0 0 92 255 0 0
    255 255 255 255 0 255 0 0 0 0 255 0 0 255 0 255 0 255 0 0 0 255 255
    144 0 255 0 255 0 255 255 255 2 0 0 0 255 0 20 255 255 255 255 0 0 0
    109 255 0 255 83 0 0 255 255 255 255 201 104 255 0 0 255 253 77 0 0
    255 37 255 0 197 0 0 0 0 76 0 0 255 255 255 255 255 100 52 255 255 0
    0 0 255 251 255 255 0 0 255 0 255 0 255 0 0 255 255 220 199 255 255
    255 0 0 0 255 255 255 204 0 255 255 255 146 255 0 255 0 255 0 255 0
    0 0 0 255 255 255 142 0 0 255 255 255 0 0 0 0 212 84 255 0 71 255
    255 0 255 255 255 0 0 219 255 0 0 0 0 0 255 0 229 255 255 0 0 255 0
    255 146 255 0 0 0 111 0 0 0 0 0 157 255 87 255 0 77 0 0 0 0 255 255
    255 255 255 255 183 227 0 0 0 0 0 0 0 0 255 255 0 255 0 0 79 255 255
    0 0 113 0 255 92 107 0 255 0 0 0 255 0 255 0 255 89 0 0 213 16 0 164
    255 255 230 255 147 255 0 144 217 156 129 255 161 0 0 0 255 183 0
    255 255 255 255 255 255 255 247 255 255 255 137 0 9 255 0 3 255 255
    255 0 255 0 0 0 150 255 255 255 255 255 0 2 255 0 255 0 255 0 0 255
    255 255 106 212 0 0 0 46 0 255 255 255 0 121 255 0 255 0 255 255 255
    0 0 0 0 255 0 0 0 255 104 91 142 255 180 0 179 167 166 255 0 255 255
    255 0 0 244 255 130 0 255 0 71 0 97 255 0 255 0 0 0 48 255 211 255
    255 255 0 0 165 255 255 0 0 0 255 255 255 0 0 0 255 0 255 0 142 255
    255 0 0 158 255 255 221 0 0 0 255 227 108 0 255 112 255 0 0 255 81 0
    0 0 0 0 255 255 124 0 0 0 170 255 0 168 255 255 0 0 0 0 255 68 255 0
    255 17 255 0 0 0 255 255 255 191 255 2 255 0 0 255 4 255 92 255 255
    255 0 0 62 255 0 0 255 255 255 255 255 215 0 165 0 255 255 129 0 0
    255 0 255 255 0 255 0 0 255 255 0 0 0 0 255 0 172 75 255 255 255 0 0
    0 255 0 0 237 57 255 255 0 74 124 0 0 0 255 255 255 107 0 213 0 167
    255 0 96 0 255 111 255 255 255 229 0 0 255 34 255 120 255 0 255 255
    142 0 0 255 6 178 0 255 255 255 233 0 0 255 0 255 0 255 255 255 255
    255 0 8 0 0 255 0 0 0 101 0 255 27 103 0 255 255 255 0 255 111 255 0
    0 0 189 255 255 255 0 255 0 0 0 0 128 255 167 255 255 0 0 0 0 255 0
    190 0 0 134 255 0 0 183 255 0 0 255 131 255 182 0 0 246 255 255 255
    175 240 154 255 0 128 0 255 255 255 0 0 0 255 0 255 37 255 255 255
    255 0 0 0 255 245 255 0 0 45 255 255 132 0 255 0 175 0 0 255 255 255
    155 0 0 0 255 255 255 0 0 255 255 255 255 255 0 0 0 255 0 0 0 255 0
    255 118 255 218 224 255 255 129 106 0 12 30 255 255 126 0 255 0 0 0
    255 255 116 255 255 255 0 0 0 0 255 255 0 0 0 255 181 0 0 240 255 13
    0 0 0 255 255 7 0 99 72 255 0 0 255 255 255 0 255 48 0 255 0 0 0 255
    255 82 0 255 255 0 0 141 255 255 200 42 0 255 0 255 255 255 60 0 255
    142 250 0 0 0 255 0 226 0 255 0 255 45 24 255 0 255 117 255 255 0 0
    60 0 87 255 255 0 40 0 0 0 255 255 0 0 255 0 255 0 0 0 0 47 0 255 0
    255 212 255 255 73 0 0 255 255 255 0 173 255 159 255 255 244 255 0
    255 121 0 255 255 255 0 0 0 255 255 184 217 255 0 0 0 255 76 76 0 0
    23 0 255 0 255 174 89 0 0 255 0 93 0 255 178 0 68 255 0 255 0 255 0
    255 255 255 0 0 0 255 255 255 0 255 0 0 255 255 124 0 255 0 255 0
    255 0 9 255 109 0 0 47 0 45 255 255 255 0 0 0 255 255 0 0 0 255 255
    0 255 0 247 255 255 255 0 96 0 255 6 255 255 255 0 255 0 0 76 255
    255 52 0 0 255 0 255 255 255 157 255 0 0 0 255 255 7 255 255 0 255
    40 255 0 255 0 255 0 255 82 0 0 0 67 0 255 0 255 120 0 0 255 255 4 0
    111 0 255 0 255 0 0 0 0 255 192 0 0 0 255 255 255 0 0 0 255 0 251 0
    255 255 24 0 108 0 0 0 0 0 255 0 255 255 0 0 255 255 185 0 255 0 255
    89 0 0 0 0 144 242 0 255 255 164 0 72 0 255 233 0 0 0 138 0 103 0
    255 0 255 0 138 255 0 255 0 0 0 255 255 255 6 239 255 255 0 15 255 0
    155 255 255 0 0 13 46 0 0 255 148 0 255 255 255 255 0 139 255 255 0
    0 255 255 255 0 0 188 111 255 0 255 255 2 11 168 255 255 164 255 0 0
    255 207 255 0 0 255 0 255 7 58 0 132 255 93 219 0 157 255 255 255 0
    255 0 0 6 255 109 62 0 0 0 0 255 255 0 0 0 255 255 0 0 251 255 0 252
    5 255 255 255 0 0 0 255 197 255 0 0 0 180 255 90 115 0 0 0 0 34 255
    255 142 138 0 255 0 0 0 0 255 255 255 0 255 255 113 0 153 0 255 0
    255 255 255 255 222 0 17 0 255 161 242 0 0 255 37 255 21 0 100 0 255
    0 0 255 255 255 0 4 0 18 0 255 87 230 0 0 0 0 0 3 255 216 177 98 255
    255 0 0 0 255 199 255 255 255 255 255 220 0 0 255 255 255 0 255 0
    255 255 255 0 0 36 255 0 0 255 255 0 0 0 255 255 255 0 255 255 0 0
    64 0 255 255 0 255 0 233 255 255 0 194 0 255 163 255 0 0 255 255 0
    255 255 255 255 255 255 0 255 0 0 0 52 255 0 0 56 110 0 152 125 254
    255 0 0 117 140 255 255 255 255 185 243 181 0 0 255 255 0 23 0 0 0
    255 127 0 255 255 255 0 255 30 255 0 230 0 246 255 255 255 255 0 14
    255 0 255 0 201 0 255 255 255 239 0 0 0 0 255 0 0 0 107 255 136 0 0
    0 61 255 0 255 0 0 109 0 255 112 255 0 0 255 255 255 255 200 0 0 255
    255 122 255 0 31 0 255 255 0 0 0 0 116 255 255 178 0 255 255 255 159
    255 0 1 0 46 255 209 0 255 0 0 0 255 255 0 42 255 78 255 255 255 0
    169 0 0 53 255 255 62 255 255 255 0 255 255 255 0 0 177 255 255 83
    192 0 255 251 255 0 47 255 255 255 0 0 255 0 255 20 255 255 94 251 0
    217 255 73 0 0 255 255 0 0 69 0 255 66 255 255 255 0 0 255 132 120
    255 255 255 0 0 0 255 172 255 255 234 0 255 0 255 0 0 255 0 255 0
    255 255 0 251 0 89 255 255 0 0 255 0 34 255 255 0 0 0 255 0 255 0
    255 255 255 255 0 0 0 255 255 126 0 255 255 0 142 0 162 0 125 0 0 0
    255 0 255 255 255 0 0 255 255 0 34 0 255 255 255 255 0 0 255 187 0
    12 134 255 0 0 82 174 255 0 0 0 0 255 0 255 0 255 80 255 255 0 0 0 0
    255 0 255 0 0 0 0 255 255 255 0 173 0 255 3 0 0 0 0 255 255 255 0 31
    238 255 147 210 82 255 17 255 224 255 255 255 0 0 0 255 255 0 0 59
    255 255 0 0 0 255 2 20 0 255 0 0 255 255 255 227 0 0 82 0 255 0 0
    255 148 0 255 0 90 255 255 255 0 255 0 0 0 0 255 255 255 255 110 39
    0 247 0 79 255 255 209 255 0 0 0 0 255 69 255 0 0 0 255 0 0 0 255 0
    0 255 0 255 0 105 80 0 255 0 0 255 0 255 21 181 255 255 255 0 255 0
    23 0 0 153 255 255 0 98 255 255 255 0 255 15 255 0 255 0 0 0 255 0
    255 255 255 0 154 0 28 255 255 255 255 255 255 255 0 0 0 0 192 144
    248 255 255 64 240 255 255 128 255 0 255 0 255 255 0 0 194 255 255 0
    0 0 69 0 204 140 255 0 255 0 0 0 245 255 255 0 0 113 255 255 0 0 213
    0 255 255 0 212 0 255 235 0 10 0 255 0 255 31 255 85 0 255 0 0 147 0
    0 0 255 255 0 0 255 0 0 255 255 255 0 195 0 255 255 255 255 0 16 0
    255 0 0 255 255 102 0 0 0 255 255 255 167 0 0 255 255 0 255 142 255
    255 0 0 255 0 255 235 255 0 255 0 0 0 255 75 255 0 0 255 205 255 255
    90 35 0 0 0 255 255 255 255 0 0 0 255 0 255 255 255 255 255 255 0
    150 0 255 0 0 218 0 255 0 255 0 0 158 0 0 255 255 255 0 104 0 0 103
    0 0 0 90 255 197 5 255 0 0 0 255 255 0 0 0 255 255 0 13 0 114 255 0
    255 18 255 0 0 255 0 81 0 0 255 255 0 255 0 113 243 0 121 0 41 255
    255 255 255 0 0 142 197 0 200 255 255 0 0 0 69 0 255 255 255 0 0 0
    239 255 255 255 255 255 0 255 0 255 0 0 0 255 255 0 0 0 78 0 0 0 255
    156 0 249 255 255 0 0 0 0 255 255 107 0 255 255 255 255 255 0</data></your_img>
</opencv_storage>
