<?xml version="1.0"?>
<opencv_storage>
<filter_type>0</filter_type>
<only_luma>0</only_luma>
<r1>1</r1>
<r2>2</r2>
<L2_diff>2.0012291223145839e+03</L2_diff>
<test_img type_id="opencv-matrix">
  <rows>128</rows>
  <cols>256</cols>
  <dt>"3u"</dt>
  <data>
    153 35 168 122 85 250 96 2 163 231 116 2 170 158 144 57 194 204 57
    235 36 96 1 22 254 233 49 209 233 37 73 52 255 188 183 43 235 205
    184 128 102 190 19 254 190 200 83 183 6 91 11 253 63 111 229 46 85
    93 222 236 178 100 44 188 186 213 44 162 138 224 166 43 55 186 147
    204 160 3 166 100 37 200 164 204 192 223 138 50 29 75 166 132 159 50
    177 66 56 104 66 31 163 230 89 13 196 29 33 18 96 91 252 195 191 67
    102 205 231 129 63 4 73 85 190 64 248 34 128 219 49 176 87 58 62 80
    121 217 66 129 154 112 77 241 38 184 208 194 250 167 182 94 229 172
    136 153 68 182 102 154 46 214 29 16 97 227 9 6 219 73 209 11 153 166
    124 192 153 89 104 252 130 21 9 54 53 179 109 207 12 173 7 45 82 8
    82 185 39 159 68 158 119 167 136 94 242 57 220 161 227 163 60 139
    209 155 145 189 184 33 102 14 79 120 35 83 117 193 80 40 3 192 97 18
    0 224 231 212 45 255 129 46 48 183 74 73 16 43 172 131 212 101 99 25
    79 90 30 93 4 168 43 58 35 146 246 186 97 240 42 191 94 15 207 231
    16 226 138 178 38 1 147 177 188 125 172 142 85 254 210 4 198 59 222
    65 233 127 51 14 46 179 176 234 224 49 73 54 156 220 218 150 109 75
    229 38 50 121 60 235 127 212 64 252 65 62 19 36 241 212 111 24 107
    23 2 54 113 174 42 110 130 233 78 105 49 5 53 115 73 172 65 38 128
    217 223 113 221 22 116 175 122 104 48 230 92 42 117 70 198 31 209
    123 221 194 129 155 199 82 225 197 164 102 149 155 154 181 198 188
    104 231 194 175 236 127 193 166 91 152 139 29 157 226 120 107 131 29
    165 235 249 135 81 162 29 232 141 113 184 116 216 36 231 77 253 140
    158 48 153 142 133 76 99 95 41 34 123 87 18 1 156 133 241 242 196
    148 136 230 131 188 175 58 9 107 142 108 237 111 20 153 254 222 172
    110 154 163 240 177 102 209 227 224 136 205 135 231 60 1 86 190 114
    35 31 0 116 234 140 237 148 54 214 216 124 178 64 4 83 34 86 14 184
    42 48 189 46 209 149 213 57 119 134 9 95 184 128 189 252 143 241 158
    113 178 229 230 214 9 235 212 20 213 141 209 134 120 85 167 161 208
    33 219 209 164 227 148 95 71 143 181 0 236 244 168 164 249 228 20
    172 70 175 80 254 68 196 7 188 178 24 141 124 190 225 51 168 65 210
    220 184 17 66 10 247 53 217 101 11 44 22 148 144 157 94 61 10 253
    170 210 14 155 129 139 66 71 194 22 168 103 171 5 54 220 49 218 230
    239 228 84 255 164 231 134 140 220 238 206 129 144 228 221 136 42 57
    95 101 158 82 226 14 52 173 249 225 133 207 246 111 218 93 193 150
    155 202 17 96 226 129 97 56 166 126 208 44 30 144 165 146 130 78 10
    116 43 10 246 84 42 190 166 16 233 14 199 240 204 87 7 214 140 198
    237 87 34 1 18 175 52 79 198 89 74 254 240 185 39 228 4 17 28 127 84
    48 232 190 217 8 177 255 74 119 221 145 243 22 241 90 253 135 138
    100 161 57 115 103 4 156 231 33 93 225 174 141 227 136 191 216 9 161
    172 170 243 252 106 152 2 89 78 161 107 162 198 4 24 144 82 61 3 133
    124 13 192 133 129 141 55 113 28 149 86 52 166 128 185 198 125 14
    154 43 11 209 22 177 63 117 184 1 25 229 198 244 158 188 47 21 193
    193 13 178 53 178 129 1 10 223 175 22 136 152 11 123 112 139 232 169
    152 117 227 216 250 184 135 68 146 245 173 177 208 128 37 88 146 252
    195 209 210 123 188 233 67 217 86 185 97 221 142 21 87 47 202 61 92
    59 133 157 29 16 184 164 93 234 78 69 68 55 85 158 238 16 165 224 15
    117 26 240 132 231 213 204 245 43 52 123 189 102 246 236 120 38 87
    99 135 72 153 50 108 16 151 66 199 109 229 224 158 19 246 142 252
    207 42 125 183 92 192 75 152 219 199 235 102 119 151 19 30 26 213
    109 178 52 206 67 48 136 190 54 231 110 172 23 6 204 142 227 67 50
    233 56 113 141 179 138 131 57 181 88 252 48 15 34 122 228 146 184 34
    65 37 143 56 178 254 169 213 38 118 201 106 183 229 26 199 127 89
    121 101 37 247 173 179 68 165 224 87 103 197 168 136 104 237 126 76
    179 211 225 195 207 100 235 198 134 66 18 226 199 181 79 212 44 185
    155 125 146 9 103 32 2 203 117 5 212 161 144 241 161 62 18 53 28 162
    205 108 202 249 19 254 161 5 153 56 124 190 40 180 218 165 167 2 198
    220 9 159 176 66 16 46 180 153 245 153 117 197 255 93 121 1 113 26
    83 231 233 171 181 39 169 154 60 181 54 57 70 114 247 179 231 178
    144 223 62 152 51 46 214 116 241 33 107 190 20 241 234 33 178 21 251
    154 112 174 228 14 36 189 61 8 111 136 219 172 242 26 165 201 133 28
    12 115 241 107 197 205 136 162 83 218 18 37 33 102 52 125 198 49 157
    101 1 71 135 75 65 154 134 23 214 233 37 48 5 29 99 125 174 183 3
    101 207 134 150 159 5 238 232 136 147 145 33 115 157 21 140 58 246
    149 28 79 172 49 108 149 162 188 122 211 225 211 129 166 140 141 116
    159 24 171 53 100 111 91 203 160 15 77 203 85 106 160 91 19 4 115
    229 173 152 152 50 199 25 20 6 207 81 202 83 91 57 96 51 3 45 150
    206 60 219 212 82 212 102 49 105 24 183 48 53 104 86 159 159 0 245
    207 17 172 115 168 3 34 231 233 113 65 69 111 188 20 164 150 213 39
    152 252 16 46 216 108 97 238 35 165 185 50 2 100 227 56 94 21 61 230
    133 142 242 38 0 47 150 28 212 116 207 232 212 29 45 142 148 196 58
    153 201 210 155 0 8 214 167 116 24 143 226 226 182 88 55 98 67 129
    69 62 45 229 110 102 45 27 107 29 177 65 25 61 251 14 122 230 75 63
    148 71 165 201 56 59 240 5 55 3 155 184 239 150 151 64 4 51 31 133
    171 98 145 240 71 43 2 16 53 142 147 206 185 29 83 136 56 204 150
    200 45 232 215 44 79 57 207 188 125 13 47 81 113 93 232 126 120 8
    191 150 125 67 85 148 107 93 95 10 238 90 6 126 71 139 10 92 46 66
    244 52 237 96 181 185 247 44 62 11 7 248 175 136 124 105 106 64 78
    99 3 69 88 20 50 64 44 50 103 100 150 98 131 11 180 176 136 54 83
    164 34 229 40 112 53 102 236 36 128 224 144 200 121 108 200 63 117
    10 12 172 167 155 40 137 45 237 182 204 154 247 241 55 255 31 158
    167 4 31 142 208 233 113 18 64 207 223 89 45 196 134 34 97 34 91 173
    91 245 52 147 90 252 115 108 48 106 4 240 215 236 55 32 54 26 111 92
    199 15 2 118 68 23 202 107 26 108 15 105 253 189 84 68 12 55 236 175
    207 205 186 166 154 123 108 153 222 161 157 46 119 65 42 66 73 211
    116 126 68 205 101 21 3 205 183 18 77 22 243 63 22 87 56 168 6 60 78
    88 139 229 222 236 254 95 80 238 200 142 119 249 200 202 51 197 17
    219 146 84 38 34 222 56 145 60 63 169 105 182 184 167 208 229 183 59
    46 226 226 35 202 143 143 151 184 105 185 165 114 227 96 4 157 159
    128 173 2 229 161 232 122 72 160 165 117 114 230 91 78 0 171 216 49
    45 28 148 29 5 190 23 38 98 41 83 99 125 242 78 78 221 247 239 187
    68 4 141 135 137 119 35 119 161 210 197 4 233 88 85 241 173 102 175
    12 66 89 40 26 31 18 163 147 186 66 95 107 17 17 119 51 74 28 142 33
    163 207 155 28 186 31 9 129 211 49 36 172 36 85 188 224 45 239 17 23
    136 214 50 36 91 15 202 180 229 0 84 70 125 26 76 251 161 42 45 32
    230 223 142 34 217 105 248 162 232 4 141 212 200 233 136 105 128 183
    22 40 0 111 176 232 221 68 177 201 154 176 149 90 98 31 160 214 203
    144 89 79 197 107 147 214 180 206 220 14 186 160 239 6 154 203 179
    188 95 93 98 56 51 73 81 247 119 213 181 186 62 87 196 92 51 196 184
    202 183 143 153 105 29 146 49 237 0 213 250 226 130 18 46 47 247 48
    14 3 44 191 6 30 212 252 251 118 193 212 231 205 130 133 53 121 229
    14 98 1 89 0 124 241 146 196 56 178 250 14 86 164 29 99 128 63 102
    37 215 60 42 1 140 213 90 198 64 176 182 14 119 190 100 89 11 21 37
    169 81 206 250 30 29 48 138 21 182 187 46 85 15 235 23 253 226 88 33
    214 87 181 184 7 142 13 102 115 170 74 169 230 135 24 58 250 128 71
    167 238 221 135 85 142 101 234 177 17 174 80 121 143 127 45 235 0
    123 240 41 193 28 4 204 26 28 114 195 207 166 143 163 1 129 150 67
    68 22 159 45 209 179 25 234 136 66 55 250 102 14 94 39 215 126 251
    54 186 246 245 12 78 209 28 189 155 211 212 166 18 243 172 196 115
    20 79 6 130 200 137 179 103 70 8 154 161 131 255 0 31 143 223 203
    254 90 173 172 117 213 42 3 48 71 118 55 110 159 8 240 210 20 216
    183 162 207 239 54 205 155 206 157 108 72 11 53 12 210 13 123 237
    232 40 171 191 155 83 227 100 245 121 56 79 138 182 126 172 21 211
    82 166 146 212 77 120 235 46 118 45 206 229 64 35 44 99 47 195 243
    124 55 29 189 22 144 126 99 247 67 119 81 223 106 53 176 107 31 75
    46 7 252 73 234 27 202 247 189 13 5 173 6 198 78 32 186 202 233 236
    252 40 162 221 108 51 240 121 147 190 196 197 216 45 206 147 252 226
    183 201 45 167 78 137 241 4 104 71 216 149 110 56 115 213 170 93 179
    233 61 223 12 10 173 239 119 73 20 57 177 221 231 87 41 229 178 87
    111 49 241 13 74 224 229 216 135 124 114 78 9 120 46 150 131 128 133
    100 240 225 200 167 157 219 194 184 91 113 225 88 189 34 52 104 16
    218 43 54 108 3 7 162 55 203 180 182 223 30 78 245 192 211 10 29 137
    240 111 92 99 14 69 236 49 45 67 187 64 29 70 199 66 86 100 206 67
    40 194 200 184 201 200 133 164 213 207 134 254 103 212 152 48 2 192
    70 4 66 92 162 230 166 185 104 116 10 215 98 107 12 139 93 119 168
    105 131 22 119 69 22 231 13 157 217 25 175 244 133 72 137 114 253
    122 105 46 60 255 2 102 103 217 151 65 124 124 70 244 50 41 4 207
    101 182 70 50 248 120 230 210 60 149 145 147 215 133 173 182 227 241
    139 4 231 144 4 108 141 176 120 113 203 151 111 142 144 114 13 41 62
    137 99 9 153 135 7 218 14 55 125 13 28 216 13 227 118 233 21 149 54
    98 91 236 88 220 104 158 130 176 41 28 161 249 125 50 112 95 99 50
    189 148 80 147 201 164 10 206 195 180 117 254 149 204 74 161 88 165
    117 225 111 227 153 218 176 154 233 103 165 79 61 203 253 243 144
    124 193 22 93 212 196 202 185 85 196 122 214 198 249 205 55 31 93 89
    237 117 251 62 253 152 104 168 95 3 150 2 208 229 217 156 79 97 20
    117 5 71 248 134 198 112 237 12 218 233 126 103 51 169 147 232 206
    231 28 160 70 90 0 236 90 62 106 253 91 4 68 105 37 8 122 154 33 149
    25 121 249 13 151 224 87 155 3 78 255 167 105 205 132 252 127 141 95
    32 84 209 147 6 102 62 202 110 177 181 130 187 254 230 92 121 165 77
    76 73 9 228 76 200 180 116 123 172 90 64 124 85 175 159 37 17 212
    114 47 95 222 41 15 196 105 5 184 63 62 13 62 114 154 138 151 5 80
    94 51 141 218 207 150 28 38 38 216 79 4 93 69 4 50 88 23 15 201 8
    119 198 223 108 37 185 75 242 229 71 61 145 173 183 130 211 173 103
    141 40 177 244 75 45 215 8 122 251 168 73 5 165 114 85 229 81 244
    103 20 250 109 221 117 237 187 125 144 227 175 52 142 195 60 14 171
    253 8 241 149 109 86 7 6 75 40 239 128 203 45 58 30 179 230 247 23
    94 20 67 25 113 60 223 23 109 76 102 179 251 78 134 15 108 172 134
    209 202 116 146 97 32 6 199 171 46 167 162 141 42 168 230 201 107
    115 185 177 246 83 255 123 209 18 83 59 79 156 50 3 182 210 100 235
    57 111 80 93 59 88 114 59 243 73 152 195 26 90 254 92 205 136 217 24
    222 12 7 181 88 62 251 30 172 30 32 166 238 198 124 51 47 15 120 105
    45 101 14 3 209 198 9 148 231 74 170 248 77 98 5 88 174 40 79 63 104
    227 255 253 113 118 236 212 243 27 40 87 205 219 166 1 173 76 124
    155 100 243 174 156 237 23 88 35 183 221 244 133 174 133 157 231 170
    228 145 238 131 159 144 147 214 75 235 193 145 92 71 26 15 166 80
    155 253 236 138 192 175 174 242 63 25 194 207 152 170 46 87 138 235
    170 120 222 92 68 203 152 239 58 192 93 178 121 72 157 159 6 156 233
    201 230 77 184 10 189 74 185 112 90 53 12 150 32 77 145 83 253 93
    225 0 176 246 114 186 186 61 14 244 170 224 0 32 93 190 106 125 224
    44 181 61 244 214 44 254 118 140 195 198 54 126 121 58 52 119 150
    100 210 240 121 12 160 73 29 186 97 248 22 195 82 171 76 77 243 245
    155 1 60 254 246 153 156 158 74 58 187 235 241 223 223 62 40 177 63
    129 237 213 207 67 142 182 129 192 43 45 94 109 237 183 103 49 129
    38 143 79 219 25 19 120 150 221 19 148 128 104 202 195 214 125 105
    51 39 60 79 211 71 91 207 172 75 26 200 251 61 178 4 0 130 190 71
    186 233 68 124 215 96 108 123 219 116 25 81 202 206 195 100 188 239
    248 138 215 180 105 51 171 198 188 50 198 5 36 186 71 60 145 160 62
    204 245 193 173 104 140 144 37 34 160 8 84 116 188 14 27 75 98 125
    211 150 209 154 178 193 6 25 138 198 26 72 97 221 13 208 155 243 241
    53 107 103 142 145 150 42 51 17 103 170 135 205 134 80 57 70 54 72
    169 80 100 157 236 246 185 200 239 15 117 190 246 230 50 236 137 183
    136 200 0 242 19 124 7 141 211 223 159 66 216 130 124 115 99 4 58 93
    241 171 80 128 2 52 91 88 36 186 152 241 106 108 125 132 132 0 49
    246 78 96 19 18 218 90 238 100 147 25 159 187 117 190 39 240 21 69
    240 172 4 201 38 237 29 251 239 66 41 81 151 53 211 20 76 142 214 68
    235 182 78 98 118 235 101 54 55 109 104 43 97 189 153 113 21 210 52
    161 16 100 162 50 130 46 77 131 145 241 23 141 130 202 92 47 147 80
    192 10 21 157 198 52 93 57 25 233 25 174 59 69 239 158 217 186 119
    151 234 92 117 5 55 157 251 185 39 117 116 143 178 117 205 244 154
    197 116 246 77 237 67 135 133 49 93 122 33 170 176 92 137 252 120 61
    128 240 251 103 51 82 245 232 52 191 193 255 40 234 53 58 107 162
    131 119 207 93 187 107 15 212 110 188 64 69 127 88 27 122 58 110 179
    106 247 117 81 85 222 94 14 141 1 153 157 204 12 54 91 24 163 22 214
    236 152 79 217 156 45 238 86 230 6 16 173 106 121 49 204 184 28 203
    84 251 195 84 243 106 123 24 254 254 45 187 95 207 167 1 120 190 163
    187 132 210 48 200 143 91 194 23 253 189 81 233 154 109 247 169 114
    203 51 94 71 208 146 219 13 24 26 191 90 143 113 230 43 0 86 27 167
    180 120 229 109 184 46 252 190 27 126 196 37 67 245 73 96 192 49 217
    196 140 174 88 74 69 27 78 134 96 17 172 73 89 185 77 52 40 151 14
    54 123 158 150 230 189 70 220 157 47 220 19 186 165 65 146 67 160
    175 37 231 250 38 74 20 154 241 163 31 224 217 104 91 99 202 40 219
    25 102 221 100 221 111 206 187 12 74 133 44 76 5 234 215 186 190 16
    8 133 140 143 187 52 36 128 75 12 7 175 127 73 191 186 81 38 224 12
    176 94 153 202 35 24 104 19 56 56 122 160 178 127 29 177 147 245 244
    203 58 223 118 53 91 244 5 244 190 33 248 83 3 252 33 135 91 44 243
    169 85 78 22 67 226 149 226 130 40 121 124 208 40 29 123 87 57 208
    25 190 157 26 100 51 191 212 46 21 195 223 240 132 111 195 120 101
    208 210 134 203 109 201 96 218 102 6 221 228 107 135 249 160 80 116
    97 162 255 17 147 195 113 238 235 150 180 233 226 5 121 170 227 112
    63 187 77 165 78 46 108 14 134 52 160 251 75 62 136 147 149 240 223
    99 198 136 132 156 140 149 165 55 35 33 136 58 133 4 181 51 113 250
    78 51 88 165 226 215 86 180 52 55 213 81 79 12 90 75 178 216 18 163
    48 49 105 181 134 30 20 253 244 213 123 173 246 222 9 167 120 195 96
    46 188 246 225 55 118 144 123 150 220 3 236 188 42 49 199 75 141 148
    84 126 121 15 239 20 83 157 154 197 41 4 155 182 129 186 95 146 221
    142 175 75 127 6 111 167 216 45 127 100 212 85 55 70 223 108 250 4
    164 123 218 32 110 21 137 24 141 42 146 238 126 16 168 0 105 10 76
    11 178 252 120 33 31 43 53 195 187 42 215 244 174 211 62 47 222 159
    143 185 122 168 225 95 197 215 238 92 137 245 58 77 28 246 22 80 88
    174 218 253 125 234 72 241 205 51 117 98 118 174 9 109 186 93 92 159
    215 247 92 156 148 195 235 239 63 167 228 164 196 178 196 246 189 29
    243 50 112 231 205 90 186 124 131 210 69 193 50 76 83 188 215 206
    113 125 146 140 247 206 158 67 155 82 87 205 203 193 18 136 226 130
    193 177 211 95 190 112 109 209 202 175 142 172 16 220 89 169 203 188
    225 172 191 220 1 207 202 249 22 209 72 239 241 254 87 56 118 242 95
    88 10 77 48 192 19 181 214 42 157 204 116 102 246 79 222 199 53 198
    127 40 145 23 128 223 202 205 18 176 181 149 194 83 45 168 199 95 20
    55 34 64 228 4 112 7 127 99 145 159 15 247 231 51 111 76 198 124 215
    122 244 24 132 240 245 128 250 117 77 78 46 121 58 185 113 243 101
    135 219 183 141 203 220 41 212 171 84 103 1 245 133 153 79 145 109
    116 203 2 202 202 180 149 212 211 231 93 36 120 81 100 255 114 144
    56 53 222 37 200 231 29 78 180 9 190 140 38 77 57 12 26 168 231 247
    149 40 79 223 149 1 218 154 2 169 87 239 43 233 111 93 147 235 55
    223 80 153 17 20 117 94 31 170 48 244 1 113 234 156 74 104 230 126
    196 168 180 1 124 4 157 209 116 144 9 37 156 131 12 221 183 231 176
    32 62 173 232 212 20 55 11 30 61 2 31 63 32 251 56 55 120 218 108 59
    90 208 209 163 239 27 139 57 48 86 233 17 111 240 14 221 46 204 63
    46 234 248 34 32 137 120 15 230 134 134 24 121 208 6 13 1 85 114 194
    182 136 55 191 209 160 98 163 63 64 231 74 188 223 209 208 120 3 159
    201 221 143 148 67 33 13 87 90 93 237 33 166 185 239 155 117 203 232
    108 189 9 200 72 232 244 179 26 226 23 105 238 178 70 218 222 47 112
    220 218 65 49 170 199 35 205 236 136 54 220 207 17 22 202 88 26 60
    45 78 122 40 130 220 93 240 145 100 47 11 95 114 131 228 32 227 150
    250 204 42 50 230 19 200 182 127 155 194 105 48 69 60 97 82 250 122
    8 174 243 19 76 215 10 15 64 206 187 118 142 8 111 20 129 149 186
    218 142 89 170 137 234 82 86 175 20 216 132 216 46 55 179 11 149 63
    159 185 232 157 210 222 168 30 99 119 146 95 37 34 252 198 30 50 214
    226 71 21 23 216 203 244 145 62 211 238 222 154 131 208 170 173 65
    30 186 165 194 203 95 133 206 81 253 246 156 175 143 207 60 191 108
    243 32 67 62 137 114 158 81 225 230 146 154 80 188 138 241 189 224
    210 131 102 19 227 3 153 33 78 13 40 108 119 60 124 173 60 246 102
    100 156 33 62 30 209 62 45 252 182 244 209 99 168 54 42 149 234 54
    237 186 47 119 188 205 186 234 72 125 179 157 230 210 204 10 137 28
    22 241 62 49 22 192 198 3 244 45 55 199 252 160 162 209 2 134 206
    147 40 118 171 89 100 192 144 50 66 126 158 131 36 52 75 162 164 22
    152 160 54 88 111 38 154 109 123 48 190 55 96 238 186 58 22 124 42
    117 130 252 2 20 18 78 96 117 204 219 201 141 181 213 232 194 135 0
    199 32 2 12 53 227 62 36 254 103 2 10 135 47 247 28 123 223 246 60
    226 237 108 29 170 241 251 251 71 254 170 139 95 218 214 228 40 128
    168 83 132 70 229 149 36 192 213 16 34 167 222 11 149 234 5 179 29
    107 32 102 25 117 109 168 59 239 190 84 215 230 209 208 237 28 143
    189 83 212 152 64 210 247 82 0 127 240 101 196 148 246 141 79 212 63
    198 206 222 179 190 32 74 33 39 35 189 196 93 130 220 98 88 255 177
    14 62 26 57 223 70 19 227 96 145 105 3 0 180 42 152 34 37 150 196 20
    165 38 101 194 79 231 163 36 159 181 205 1 206 111 238 124 80 194
    254 43 114 114 238 7 105 63 74 74 184 10 244 247 160 229 255 58 158
    167 157 182 108 40 19 163 11 74 11 11 101 21 235 74 186 144 5 253
    211 222 155 31 180 87 139 182 123 220 78 24 174 93 161 141 51 93 236
    164 63 193 42 186 184 185 213 4 241 236 250 127 204 178 109 213 196
    165 188 222 110 99 172 33 123 83 63 219 148 42 174 225 14 136 76 218
    247 84 229 5 190 7 74 239 115 103 92 247 200 122 245 42 120 231 40
    131 170 228 76 81 175 198 116 94 187 14 77 149 15 104 82 197 148 123
    238 71 53 192 223 145 78 216 221 36 191 125 247 147 221 208 12 155
    153 4 37 17 116 39 59 236 186 129 189 64 111 203 107 210 177 124 250
    190 236 216 156 71 139 175 73 47 225 73 106 120 70 253 242 34 12 191
    110 238 37 39 13 234 4 41 248 155 221 215 128 234 199 235 36 203 82
    12 255 231 74 66 230 238 88 186 207 65 191 134 127 234 144 168 233
    234 67 224 37 104 76 49 126 179 214 203 176 246 156 105 116 41 130
    206 255 175 19 97 11 183 214 135 84 131 4 105 255 64 92 14 237 134
    84 169 123 217 186 39 211 223 223 32 72 48 193 127 116 191 208 116
    69 31 160 67 187 13 155 139 42 183 246 52 28 44 47 197 189 171 38 32
    2 82 166 80 104 102 225 181 163 79 53 135 104 137 93 23 41 172 58
    100 224 180 225 233 212 88 21 80 136 4 40 129 154 71 113 176 56 25
    66 255 176 17 55 168 83 253 212 175 2 254 212 158 237 144 140 175 49
    250 225 19 210 92 223 222 225 172 148 112 230 84 40 64 155 42 46 60
    12 144 163 22 99 228 103 112 108 67 178 195 133 224 157 57 23 90 126
    36 140 159 78 245 244 207 156 3 88 99 120 67 226 183 71 231 203 233
    244 54 49 97 54 237 239 156 15 228 164 248 36 255 130 186 28 49 194
    140 168 212 84 131 98 64 100 141 134 28 73 146 250 15 249 90 252 89
    73 139 207 197 229 107 50 83 123 207 222 228 236 29 227 162 151 243
    117 12 204 66 236 241 203 217 88 237 95 202 63 205 99 124 74 107 5
    195 104 74 137 70 200 169 216 165 248 112 189 16 165 70 241 151 251
    59 149 136 102 196 34 138 168 129 219 128 210 234 2 26 174 239 142
    219 15 235 80 127 228 208 169 121 202 62 252 47 29 52 211 5 154 126
    18 1 187 139 58 143 234 244 97 200 82 61 4 54 24 158 95 9 73 240 40
    180 41 145 147 193 38 203 177 192 80 132 146 210 58 14 112 173 247
    15 89 152 27 164 159 66 97 218 19 117 212 48 180 54 4 29 160 167 247
    200 129 176 2 252 30 117 253 12 82 46 244 92 16 70 58 242 140 125
    114 23 101 121 94 161 209 132 58 165 113 125 144 217 103 51 48 87 70
    175 21 77 32 51 103 172 52 119 109 132 167 109 90 222 44 179 115 236
    56 172 65 138 182 3 61 83 153 97 173 152 202 178 226 144 44 222 194
    151 195 46 219 34 132 151 204 28 226 237 222 137 25 5 63 47 160 247
    71 54 250 75 195 17 93 206 43 79 43 158 160 250 0 217 203 200 182 33
    235 6 46 229 185 145 255 60 235 145 26 42 216 67 115 183 159 88 185
    216 69 9 137 173 1 67 20 184 225 185 58 36 231 122 13 137 144 254 8
    187 6 160 34 115 106 152 21 202 58 255 132 224 105 91 34 247 241 155
    64 1 9 196 201 208 206 9 31 38 98 52 42 66 183 115 253 224 224 142
    216 207 67 114 3 225 187 160 92 239 229 165 254 187 13 10 146 101
    158 168 23 57 37 80 130 82 180 126 141 102 169 58 213 151 215 28 13
    239 112 110 207 92 6 133 47 109 45 114 198 138 143 238 219 68 184 57
    156 129 14 133 122 49 13 12 95 28 179 112 141 156 8 186 171 15 221
    36 110 37 45 37 36 72 14 211 40 174 93 137 157 93 132 0 12 35 55 220
    238 93 41 45 3 166 14 70 196 230 77 85 48 89 116 99 154 162 145 166
    134 62 233 103 9 151 202 22 134 16 77 132 57 94 122 239 97 35 138
    149 212 187 44 216 103 43 145 232 159 99 110 129 245 152 125 44 82
    181 220 200 128 123 16 109 173 222 174 201 166 146 71 79 67 68 239
    112 248 138 28 242 99 22 103 95 47 194 211 236 205 63 114 210 219
    140 61 152 229 250 215 93 114 174 114 90 247 93 255 154 219 174 206
    142 100 73 228 71 105 31 100 145 49 201 156 30 59 205 249 91 163 76
    84 249 61 204 59 116 212 247 27 247 210 95 209 69 197 59 138 166 15
    163 178 199 239 81 57 44 133 32 100 88 201 46 26 48 49 113 75 146 74
    165 108 101 181 97 61 229 43 45 20 119 32 158 34 24 11 149 217 177
    120 150 63 132 108 26 171 181 204 36 185 228 244 16 213 230 58 3 185
    211 109 30 151 172 211 254 205 16 174 174 225 22 219 212 123 200 42
    77 60 88 225 219 241 51 133 221 105 249 209 63 231 60 78 161 1 237
    87 145 178 96 193 149 107 199 177 106 97 149 157 55 1 253 65 63 12
    179 152 110 71 57 128 76 151 1 225 222 137 157 191 174 125 75 64 66
    66 47 236 200 41 15 253 0 61 0 173 28 187 254 209 45 52 246 137 243
    52 129 212 0 182 27 58 78 229 136 148 169 90 145 244 228 74 93 91 31
    119 224 224 17 164 15 72 77 29 79 143 173 234 63 69 14 50 203 79 105
    111 228 214 119 143 57 44 238 32 102 99 142 9 46 54 9 214 211 53 230
    218 204 158 73 10 116 79 194 103 119 212 214 41 148 63 117 172 169
    49 41 66 196 148 163 27 128 229 79 19 17 199 44 60 32 136 164 50 101
    248 75 85 230 176 253 223 79 146 162 134 139 125 148 131 67 124 29
    160 175 49 74 164 106 211 113 121 23 206 154 25 180 72 44 83 175 193
    248 188 87 188 86 23 91 198 225 204 98 190 141 244 209 26 176 186
    166 18 82 78 7 192 77 232 214 27 248 121 100 175 99 193 30 20 155
    154 110 215 192 193 195 119 214 78 187 224 144 33 155 97 9 25 103
    106 206 232 146 70 214 250 164 211 88 89 140 96 234 191 236 21 150
    219 172 177 133 93 216 56 50 137 164 108 202 95 233 73 82 39 57 207
    6 161 74 151 143 73 156 254 121 238 115 151 243 141 109 158 163 83
    215 119 34 169 127 10 181 6 249 202 101 135 11 68 64 217 125 12 212
    64 170 224 139 134 1 254 11 146 40 33 106 84 21 139 111 205 183 68
    43 13 208 96 131 55 112 101 135 89 248 74 233 135 233 42 244 144 184
    111 68 225 236 242 184 142 112 212 176 91 112 30 6 73 42 130 124 142
    226 85 89 182 176 166 125 72 155 68 130 162 128 75 15 10 100 226 225
    128 180 210 188 3 204 147 34 226 0 131 85 55 44 155 73 83 20 158 94
    189 112 214 131 148 15 61 70 198 57 173 16 7 95 242 239 82 92 28 85
    188 134 171 91 176 131 154 132 19 18 43 48 164 146 239 228 38 205 34
    188 17 123 12 249 192 173 179 5 37 203 247 104 49 184 223 200 76 47
    209 142 44 180 244 127 69 16 142 34 246 14 231 158 179 229 219 175
    210 96 143 113 224 143 65 208 195 66 114 83 179 24 56 146 18 138 182
    52 1 231 190 158 28 76 39 11 70 11 204 22 116 87 95 109 124 150 50
    32 87 70 191 100 22 95 78 158 12 119 241 149 29 105 239 193 228 93
    138 176 174 201 226 30 27 236 221 197 49 3 146 237 205 13 223 191
    241 22 224 164 232 175 254 240 56 128 243 145 130 16 147 149 174 242
    166 68 217 69 60 24 56 96 87 236 15 206 231 10 188 3 158 52 59 28
    117 63 42 6 9 18 92 165 155 163 195 62 40 120 104 39 124 58 65 127
    51 51 229 220 238 107 180 192 194 252 143 66 23 101 251 38 242 207
    30 39 85 230 249 51 124 103 176 216 149 244 211 120 80 184 168 10
    249 98 185 250 236 62 33 26 184 101 215 239 111 206 94 12 172 10 110
    99 210 214 191 188 22 211 170 61 51 85 192 113 97 206 207 109 170 15
    27 215 49 219 111 211 247 252 200 189 81 29 127 121 28 43 70 78 200
    188 30 99 32 19 84 67 11 113 172 57 178 201 114 171 54 12 55 97 20 3
    107 13 197 64 144 104 52 180 44 180 186 200 160 113 139 176 101 226
    105 139 163 179 189 158 174 37 47 52 235 214 42 181 121 222 56 99
    143 215 182 133 125 97 233 226 110 98 62 181 245 167 156 217 101 158
    30 114 101 227 83 242 19 220 187 36 109 54 28 145 230 92 152 180 202
    213 49 51 64 201 117 65 174 144 210 211 17 65 121 30 151 140 125 93
    144 229 251 50 227 109 182 192 248 185 236 55 151 157 18 122 243 185
    15 62 247 126 179 34 171 20 20 136 70 106 130 244 87 94 96 119 10 54
    195 90 175 228 190 121 87 49 249 186 3 165 72 142 147 78 179 223 133
    133 138 92 252 189 179 187 21 251 62 18 184 135 190 233 251 252 230
    135 153 102 74 239 121 152 5 26 1 19 1 212 49 254 222 112 155 105
    167 120 217 9 250 6 169 91 250 16 96 227 148 200 185 190 213 110 188
    228 35 231 150 37 154 190 179 122 156 126 20 138 113 200 35 17 136
    146 158 211 237 57 243 118 26 238 111 91 2 111 50 23 169 46 15 3 135
    199 184 71 101 119 145 39 117 124 66 76 87 211 227 207 212 48 253
    205 130 18 138 35 98 71 75 14 125 62 32 79 23 63 12 22 251 47 68 180
    119 67 94 117 166 88 221 154 114 9 152 184 183 58 210 90 33 14 245
    70 11 118 58 84 224 212 114 223 19 110 156 215 171 55 9 66 58 59 13
    81 3 6 187 75 27 72 247 249 51 48 160 148 103 13 216 247 163 86 24
    224 103 22 232 84 164 197 98 54 19 0 252 39 142 128 73 165 26 246 77
    59 150 204 229 215 102 53 132 47 65 155 70 193 48 11 223 53 109 65
    70 88 212 30 28 132 26 27 203 84 233 16 236 54 37 133 83 163 43 204
    29 127 103 244 20 2 83 184 242 151 248 28 53 147 196 203 167 62 190
    168 86 234 90 34 40 126 248 30 62 250 166 59 197 37 150 170 73 48
    204 23 99 207 8 36 26 22 252 216 7 96 188 185 170 100 161 86 226 38
    46 246 148 183 118 76 12 18 199 97 28 73 219 40 101 190 139 226 138
    11 144 190 222 73 188 136 6 119 88 30 8 59 157 208 25 149 130 113
    226 179 216 161 81 8 184 194 94 167 72 231 89 98 132 30 249 232 98
    175 99 50 212 196 192 127 54 184 174 138 166 116 60 29 151 89 206
    144 23 179 55 229 125 165 131 101 195 132 45 144 155 67 140 50 166
    96 148 142 13 94 10 189 207 190 60 172 226 90 107 108 66 113 250 180
    252 202 245 35 54 207 156 56 39 254 106 75 192 239 245 220 55 240
    180 6 106 157 196 119 249 21 37 42 241 70 93 17 34 85 65 214 185 34
    174 150 170 61 134 205 109 39 11 96 139 160 206 35 135 156 127 213
    128 91 118 32 163 143 138 93 178 87 141 157 99 167 242 47 143 194 90
    104 2 216 120 196 67 249 240 229 159 92 209 41 242 123 26 75 226 153
    18 70 121 169 174 5 125 200 22 245 61 200 177 214 7 43 15 112 17 198
    37 109 111 192 235 129 188 15 201 139 11 223 48 180 59 91 108 3 30
    87 196 83 139 210 15 183 140 236 121 14 38 9 54 63 63 192 9 124 19
    223 134 50 94 56 126 231 131 184 219 250 87 118 168 245 68 60 4 25
    204 172 108 64 19 240 135 201 206 244 76 44 10 209 204 15 160 141 66
    31 70 188 16 223 103 163 0 115 212 168 223 147 58 172 183 160 17 113
    114 112 227 183 58 141 17 173 79 207 228 47 45 129 96 143 109 247 61
    124 157 206 246 215 36 148 168 74 218 70 40 66 102 222 4 17 33 136
    115 87 133 2 200 160 85 27 82 108 47 130 155 169 109 159 6 190 66 6
    53 116 43 60 1 62 192 30 150 205 20 0 34 227 12 18 164 49 201 133
    152 80 235 48 76 246 127 128 225 21 99 237 151 165 79 110 81 161 129
    10 220 24 90 32 214 58 118 99 33 89 104 133 220 103 29 216 58 65 210
    0 186 249 71 102 132 146 244 121 92 210 225 169 230 235 18 82 17 253
    77 8 154 28 175 138 148 71 218 100 60 2 29 222 107 184 143 243 105
    174 166 249 90 244 251 197 20 163 147 111 25 53 190 181 117 100 80
    93 33 111 5 125 126 22 204 167 72 211 233 140 190 90 70 79 41 110 62
    59 126 241 0 150 236 78 226 240 109 103 230 138 153 18 105 124 156
    125 164 208 25 212 8 69 220 246 215 80 242 93 252 207 5 125 35 149
    198 203 166 242 71 214 170 129 26 126 80 144 206 149 12 122 217 57
    16 156 234 150 194 73 141 191 226 140 33 200 40 52 41 32 186 143 177
    136 96 108 122 175 144 55 223 98 161 231 206 5 77 8 40 150 144 250
    90 1 156 111 127 247 189 40 216 139 157 106 182 28 230 232 153 134
    68 222 133 3 58 104 113 253 228 14 109 155 213 94 229 190 183 53 197
    109 81 86 160 198 51 236 5 228 233 116 188 123 152 222 7 17 114 174
    200 52 158 189 222 25 249 252 24 19 62 92 43 251 6 132 36 106 111
    172 133 133 73 81 38 71 115 246 95 211 49 214 89 177 13 158 95 166
    186 36 9 163 70 48 171 194 163 46 174 29 147 229 185 163 69 231 255
    76 47 88 46 89 165 151 37 238 199 181 50 87 16 113 47 111 240 81 18
    88 152 128 72 156 229 91 95 95 211 20 43 167 161 103 37 21 189 111
    67 101 41 237 220 180 158 133 161 247 66 32 64 196 146 146 90 71 169
    230 116 16 125 198 140 154 120 106 250 122 104 53 91 174 104 88 16
    113 179 51 127 231 102 18 167 202 238 181 58 190 163 44 188 60 168
    193 49 193 156 221 18 109 175 5 44 243 92 46 193 221 2 63 236 210 82
    73 32 226 251 169 84 153 67 249 22 147 113 161 119 117 114 174 140
    155 188 224 235 74 35 72 58 42 29 105 112 33 178 60 32 230 97 98 246
    244 140 144 178 230 45 32 223 48 252 195 241 148 213 92 164 218 76
    22 44 219 239 159 17 141 148 166 227 11 162 190 135 103 83 147 107
    111 96 253 254 1 13 211 157 118 125 201 234 52 17 121 224 253 27 219
    21 48 204 81 107 94 54 42 168 32 74 224 189 93 205 95 8 25 72 44 186
    189 93 226 99 38 191 35 79 165 47 135 37 9 229 13 157 75 174 184 187
    252 40 95 229 195 113 158 174 122 213 152 221 133 63 225 36 88 215
    250 220 172 200 126 5 142 18 44 23 71 210 43 25 143 26 249 139 208 5
    154 246 78 164 47 168 252 217 186 236 206 195 180 233 201 240 9 174
    112 30 153 128 106 57 21 227 15 105 210 97 72 177 190 111 55 211 149
    219 12 236 109 51 232 95 119 16 175 175 183 90 126 106 67 42 108 255
    170 245 84 186 4 94 216 62 36 169 123 216 11 178 10 4 120 155 231
    149 93 215 158 242 59 221 189 144 228 104 195 152 242 9 170 197 65
    26 46 241 125 212 160 109 248 4 24 199 135 12 51 244 5 67 32 230 94
    120 54 186 145 73 247 228 183 210 93 218 218 64 56 209 55 204 173
    230 194 139 46 141 109 247 76 184 185 221 107 251 41 102 52 4 54 152
    115 61 154 161 190 227 176 16 110 206 114 199 233 24 146 157 126 174
    22 66 248 22 44 244 224 35 185 189 80 50 2 195 215 59 53 17 32 229
    59 1 251 39 130 169 252 244 130 244 46 21 63 64 243 5 21 155 100 57
    57 77 215 173 108 187 244 125 68 180 49 248 45 156 135 161 164 27
    114 184 145 222 36 159 225 250 13 106 11 239 66 220 240 100 155 95
    162 34 194 0 88 54 142 237 14 105 246 230 23 27 15 161 170 217 177
    244 233 193 35 51 102 143 2 49 108 89 63 51 186 223 40 81 79 186 149
    106 71 133 10 193 87 26 200 151 200 169 155 206 75 104 36 96 165 8
    144 240 162 56 206 110 55 245 25 221 161 15 212 184 196 195 90 225
    125 164 183 167 13 126 19 255 239 97 88 192 237 74 126 74 76 211 192
    130 116 111 47 149 67 99 75 120 250 173 124 192 4 75 83 49 217 235
    231 51 187 8 128 41 240 46 187 162 101 244 196 243 111 59 221 74 223
    103 84 143 178 38 241 29 205 154 45 238 108 90 33 190 140 115 208 26
    213 10 167 112 238 94 34 28 123 118 221 189 28 117 5 123 211 244 129
    148 161 232 249 45 230 3 91 56 162 148 63 88 78 148 122 195 210 102
    233 110 170 96 30 19 153 22 245 99 126 54 129 137 204 8 15 49 193
    116 136 10 190 232 140 17 47 94 123 142 197 180 211 12 107 9 211 61
    93 3 168 12 156 216 179 159 152 175 116 68 210 104 188 221 130 75
    245 3 198 165 203 95 200 167 160 30 149 230 69 186 190 216 68 131 16
    200 229 219 82 51 147 174 162 195 3 165 207 29 245 164 95 184 15 186
    186 61 65 96 186 163 158 18 92 92 160 235 114 122 173 36 140 143 172
    251 248 226 69 167 148 65 150 158 146 234 219 114 144 115 4 76 108
    175 174 16 173 192 244 73 36 201 210 156 231 49 152 75 108 79 42 119
    67 6 64 121 18 166 247 100 111 126 231 122 57 198 41 90 58 122 127
    36 117 255 243 84 120 193 129 6 19 95 204 157 157 95 188 6 148 129
    253 84 95 115 247 164 129 223 19 226 133 46 237 28 18 123 55 0 85
    179 61 76 72 173 227 80 56 67 142 227 96 223 197 0 234 2 103 98 136
    124 124 22 142 157 233 201 133 59 206 166 110 17 154 134 62 79 149
    82 76 167 66 10 110 4 22 73 189 210 151 15 94 191 207 141 56 196 95
    24 144 176 235 15 182 100 143 207 80 149 198 183 70 19 118 1 90 180
    128 248 207 152 86 14 157 59 101 32 7 124 140 59 120 164 150 20 115
    171 195 2 220 51 54 116 232 87 254 101 153 111 183 42 48 45 225 172
    167 155 129 157 152 155 255 3 143 106 76 36 197 18 67 189 197 238
    142 238 154 89 238 233 202 150 49 116 218 212 206 101 192 109 183
    248 252 28 149 11 135 221 59 81 136 46 118 170 19 133 218 222 217 61
    249 2 99 52 41 201 69 133 29 154 104 157 189 214 14 32 82 201 198
    134 73 227 226 61 241 13 107 82 96 221 228 192 124 227 24 213 63 80
    131 201 103 95 79 61 10 170 192 28 17 149 50 101 237 40 176 198 67
    79 42 239 123 219 118 222 135 88 182 186 54 228 78 56 251 172 174
    227 21 49 23 98 119 161 215 21 219 20 69 161 125 206 214 98 122 66
    100 115 231 87 126 51 189 118 172 184 141 223 25 107 108 15 62 127
    150 243 210 203 76 38 190 71 182 182 151 40 195 125 241 205 168 88
    107 113 127 94 135 74 37 225 17 250 34 178 36 55 149 88 47 17 193 72
    63 85 167 153 196 189 142 255 220 91 50 87 109 57 115 148 96 197 22
    106 43 55 204 21 137 28 197 117 124 83 150 166 142 83 224 193 221 13
    144 20 202 83 97 192 186 8 219 137 208 48 66 39 209 170 84 42 238 86
    222 12 253 239 235 153 202 202 195 116 253 182 10 116 177 146 172 62
    183 74 142 49 249 98 67 222 75 70 61 129 97 16 145 138 247 130 50 0
    211 121 198 147 159 86 251 233 61 188 190 62 172 92 39 132 74 114
    140 13 123 84 181 75 92 212 61 211 105 70 152 213 195 142 220 19 240
    99 240 234 163 76 92 79 59 20 46 115 247 171 25 193 37 101 251 129
    15 241 74 195 185 240 226 244 191 230 220 134 64 92 86 112 147 190
    147 255 210 196 148 217 14 79 113 223 1 127 111 99 244 112 100 18
    122 103 19 28 6 20 162 82 29 218 198 192 98 53 98 131 164 90 137 234
    30 162 46 245 132 17 85 117 138 157 86 152 176 251 11 89 190 133 214
    32 165 91 53 142 129 86 249 181 247 42 215 83 54 205 68 7 31 26 163
    5 193 117 38 200 41 163 0 169 146 11 77 122 78 96 76 127 136 216 4
    60 167 143 214 188 179 191 59 182 3 83 163 133 8 104 239 103 160 119
    36 128 40 53 217 240 255 153 37 185 22 175 84 157 237 157 248 254
    148 208 172 40 153 92 21 23 78 69 189 82 240 71 198 33 26 119 220
    131 145 39 210 8 80 216 15 82 150 40 131 25 15 67 79 84 13 204 117
    19 152 168 119 113 33 77 38 133 245 201 121 100 58 181 68 146 193 94
    121 115 153 29 184 73 80 126 68 5 161 124 178 142 140 201 229 65 85
    65 191 51 157 88 142 167 130 68 165 176 198 85 108 62 29 195 108 236
    9 62 95 164 153 206 48 34 27 52 217 228 111 57 111 11 205 63 202 253
    113 89 28 119 45 246 155 14 119 249 222 130 42 120 162 17 208 88 15
    70 87 170 59 24 81 131 141 124 61 65 190 119 155 17 116 223 102 150
    154 142 13 23 253 5 108 254 72 234 38 94 160 163 142 24 55 71 134
    190 67 80 34 69 92 77 159 89 138 245 209 135 53 121 6 244 38 66 224
    184 231 248 83 246 209 20 169 212 64 250 244 55 141 250 80 80 224
    125 4 235 120 224 220 50 168 183 221 200 13 182 89 186 178 169 227
    32 125 131 7 59 7 43 204 201 86 72 148 110 91 214 157 138 231 151
    175 199 38 126 222 100 27 44 119 152 10 174 43 111 110 221 81 84 168
    7 180 109 215 115 26 220 143 60 31 8 120 202 68 170 47 150 100 92
    199 215 175 164 195 180 225 170 163 152 104 249 34 246 238 78 109
    216 189 242 11 165 122 13 185 183 182 37 131 222 200 157 167 178 180
    166 142 56 64 188 148 115 251 76 52 147 125 199 169 131 71 63 73 139
    191 0 123 158 172 86 42 128 6 77 46 239 51 20 91 128 137 150 219 132
    254 223 249 91 49 153 185 233 251 197 189 107 78 120 100 92 58 98 31
    10 72 121 20 62 156 125 60 250 163 112 135 112 191 254 158 88 114
    226 217 24 167 230 18 187 32 210 33 65 184 54 221 10 69 47 62 239 88
    133 57 233 22 184 119 83 108 43 113 14 79 27 187 244 150 211 80 57
    10 33 55 206 110 166 248 104 166 129 29 143 132 33 239 29 98 96 145
    79 186 187 24 25 50 204 126 59 156 124 143 36 33 195 224 238 117 112
    208 96 84 134 17 80 250 160 47 180 47 197 71 144 54 162 90 33 157
    120 120 33 124 124 84 204 72 207 105 138 63 97 39 220 218 239 222 80
    150 85 153 107 94 88 108 46 242 252 224 237 174 235 45 41 60 90 110
    212 228 104 231 117 169 197 181 150 199 114 118 253 75 217 33 78 84
    255 152 59 88 152 39 0 127 244 232 72 89 15 14 35 222 190 22 20 144
    155 83 191 229 197 87 170 61 168 216 221 152 94 184 151 16 75 81 152
    85 75 68 239 248 71 108 55 10 31 29 232 51 179 88 221 6 104 102 85
    76 30 89 48 252 236 182 193 212 3 177 239 209 78 106 222 42 188 127
    146 52 166 197 244 109 158 218 211 154 107 253 83 65 0 217 192 163
    113 4 205 159 113 61 84 181 254 70 210 218 83 129 3 22 108 9 197 70
    226 250 67 253 210 153 235 32 245 200 246 165 77 252 145 215 159 204
    40 48 244 71 229 220 110 158 135 143 226 137 215 112 54 180 138 44
    98 170 210 119 198 243 109 47 254 215 124 161 124 236 231 251 72 30
    160 118 112 19 246 181 2 143 185 0 221 204 126 155 30 104 68 159 254
    1 27 243 60 2 199 24 249 165 37 134 116 179 245 244 122 142 160 161
    216 107 239 148 129 77 242 206 13 187 155 100 72 78 76 144 68 173
    136 138 24 183 1 84 5 36 30 199 125 205 204 117 58 222 80 56 79 174
    154 203 14 165 128 105 62 31 189 210 203 241 8 133 68 87 43 157 144
    79 46 193 162 178 108 33 138 82 134 248 31 43 138 199 95 85 179 207
    175 84 229 66 7 36 215 94 79 218 102 222 63 18 41 19 77 200 212 254
    52 34 77 51 6 173 38 151 51 129 165 114 154 169 141 65 67 230 49 180
    36 95 13 40 119 152 233 180 154 216 53 91 49 27 51 144 73 194 4 231
    142 8 30 241 78 15 115 147 2 143 108 127 68 85 5 166 53 88 123 227
    54 55 247 67 236 218 227 4 215 34 140 16 114 115 153 182 23 115 189
    98 36 66 163 106 185 123 144 211 187 239 108 53 145 8 36 43 98 43 54
    102 175 46 216 183 188 72 174 48 229 125 122 5 34 94 8 152 141 216
    104 76 147 188 247 253 227 179 223 211 196 176 113 236 241 223 125
    97 28 161 28 246 187 51 218 211 163 2 53 122 36 250 163 161 73 78
    129 159 16 42 9 213 254 150 60 82 88 192 217 171 112 154 74 209 199
    215 216 46 183 122 215 92 172 58 86 157 139 138 106 232 91 168 132
    160 231 134 15 10 222 219 71 252 18 249 56 218 251 196 157 62 138
    252 184 234 68 147 145 199 162 95 252 24 7 211 59 205 177 159 229
    245 119 117 77 243 253 240 47 148 222 136 67 166 66 85 230 234 28
    114 112 204 63 149 50 145 197 190 113 196 230 150 127 0 201 171 111
    13 161 42 190 180 98 111 144 28 217 57 26 1 250 43 127 191 175 19
    145 172 209 14 11 242 178 172 239 127 171 57 170 137 117 62 24 138
    150 173 99 1 194 119 217 39 207 155 229 17 9 173 206 132 184 26 143
    123 14 77 253 126 115 166 244 232 154 205 94 143 152 69 3 238 233
    214 121 123 104 154 3 115 3 219 46 26 21 175 203 97 166 213 56 30 14
    19 135 235 50 179 101 205 197 129 248 199 200 161 140 120 12 235 48
    106 113 232 168 253 60 118 69 77 57 66 46 16 194 13 96 84 96 97 129
    211 91 223 39 148 141 159 109 33 4 18 90 30 162 185 226 115 176 171
    241 240 85 26 134 15 85 173 252 51 215 101 223 205 155 198 110 249
    85 23 234 100 123 219 246 127 15 231 165 3 119 167 157 45 186 46 190
    65 241 198 129 249 234 124 16 156 84 223 124 216 186 210 64 172 25
    188 186 169 182 118 57 1 243 241 135 112 28 101 221 235 120 86 195
    67 95 169 82 156 196 93 209 10 142 62 67 238 23 220 64 79 57 161 90
    134 16 204 196 125 23 57 211 62 172 233 242 241 79 210 26 194 214
    254 112 40 203 193 218 9 66 141 169 123 246 102 12 35 5 7 194 72 141
    230 130 148 52 131 134 7 12 209 205 137 150 250 33 19 86 77 199 99
    225 238 104 99 91 31 155 152 64 175 250 50 23 168 76 164 22 239 23
    231 31 202 33 14 31 74 53 68 205 29 20 153 80 244 230 241 42 223 161
    247 189 151 137 203 54 37 179 136 182 6 13 220 33 10 116 29 33 67
    245 81 14 23 57 166 164 52 17 30 25 241 147 73 215 50 83 192 213 170
    43 194 115 67 176 149 218 124 143 192 37 0 177 125 52 255 205 247 91
    171 107 255 88 205 42 225 192 153 108 25 19 121 76 174 64 148 35 174
    10 200 125 180 34 68 153 68 230 89 186 86 63 235 42 166 246 141 65
    87 90 102 34 163 238 233 175 97 7 229 25 152 250 65 8 120 218 0 219
    225 230 14 238 93 21 156 173 16 46 24 101 230 45 12 203 171 49 220
    33 178 36 202 31 92 247 185 2 48 240 99 36 83 198 62 176 152 171 220
    130 178 239 74 152 30 96 83 217 188 168 125 6 14 224 43 82 114 129
    25 231 23 254 202 126 251 191 243 35 247 155 124 140 134 165 212 121
    87 201 134 18 55 173 173 35 137 50 69 137 178 9 143 105 11 61 65 200
    220 87 57 33 66 75 140 250 168 61 11 160 236 82 150 120 162 5 55 123
    78 90 33 223 182 128 231 221 31 248 250 6 185 228 145 66 15 85 114
    141 209 240 154 116 108 3 199 189 192 222 191 72 54 188 234 147 67
    31 202 117 240 39 233 236 248 87 214 49 105 223 40 162 90 81 41 7
    189 186 120 20 34 47 99 144 220 3 82 156 133 16 218 113 152 60 57 71
    167 150 122 130 221 140 54 161 57 8 133 165 123 32 188 195 139 177
    175 44 235 102 137 199 179 42 85 21 180 103 98 112 156 114 238 107
    64 246 1 47 247 22 184 154 223 244 112 88 30 115 5 4 104 108 224 253
    122 186 46 38 59 188 38 154 58 228 217 159 200 9 135 113 95 99 73
    107 87 140 195 124 59 201 91 184 166 1 233 216 86 211 93 127 55 242
    229 102 63 41 178 80 129 15 85 195 219 66 37 90 144 83 159 71 112 94
    100 209 62 21 117 1 158 226 24 107 33 189 231 164 97 198 42 250 213
    150 43 186 207 164 10 138 245 207 159 77 65 92 209 224 91 199 31 182
    108 118 189 120 160 69 98 113 79 8 57 6 150 38 213 77 90 78 50 77
    118 160 227 59 194 191 215 117 54 219 102 100 143 161 90 103 26 29
    146 193 208 148 149 206 41 186 73 197 127 47 74 136 198 61 213 122
    187 152 27 203 37 70 70 208 197 18 239 47 133 144 11 148 194 140 141
    216 179 97 68 86 247 200 127 21 128 249 37 82 115 92 81 96 82 54 228
    177 12 128 128 95 19 197 254 59 92 45 115 34 107 3 220 102 203 158
    167 186 45 80 168 60 13 34 168 125 17 110 193 33 164 221 39 39 178
    210 92 126 160 97 225 68 23 230 119 90 150 70 30 17 68 81 31 103 28
    10 252 19 108 24 165 64 197 212 217 20 254 111 245 128 183 201 159
    167 238 88 86 192 225 207 225 252 153 103 24 15 196 149 228 178 221
    6 184 44 46 120 180 95 9 213 53 214 54 84 130 177 155 92 171 46 98
    196 200 181 196 33 41 47 163 158 45 159 114 193 249 251 240 63 250
    18 185 166 232 180 24 47 126 91 177 75 122 229 252 76 84 179 11 193
    155 139 34 221 87 135 174 61 178 38 1 84 225 177 160 235 14 224 229
    104 146 46 144 150 233 241 74 239 242 130 210 38 211 141 118 126 236
    174 12 62 182 66 218 122 177 163 72 43 200 179 212 255 2 116 6 104
    143 180 176 3 206 92 203 214 224 98 27 115 204 173 184 59 7 182 63
    149 49 131 132 69 172 191 178 71 81 150 216 251 146 28 13 84 14 193
    181 198 248 119 181 112 80 222 52 27 156 83 5 37 255 139 80 79 151
    104 240 222 6 38 233 255 247 230 121 44 222 196 6 248 160 165 40 252
    149 80 135 68 212 148 163 34 41 218 145 223 111 108 190 172 16 208
    124 115 93 143 201 34 151 18 49 30 216 254 255 36 52 128 252 133 57
    70 30 242 101 146 75 44 24 14 53 190 126 2 98 213 55 81 63 162 60 57
    86 230 95 243 153 42 125 206 222 254 4 24 161 48 160 111 183 242 249
    85 221 18 232 115 137 160 30 86 148 197 99 223 39 242 60 162 231 129
    63 32 96 158 227 46 179 209 8 244 146 135 245 33 110 185 151 0 50 12
    163 5 40 241 246 182 174 60 55 195 248 47 222 44 151 160 144 120 104
    5 108 156 222 99 209 107 2 33 30 107 17 155 252 77 127 87 228 196
    132 141 162 218 72 136 125 217 126 198 86 40 251 240 15 222 14 136
    179 115 212 39 105 213 7 28 225 157 76 131 77 181 153 175 154 151 99
    2 106 220 178 196 112 172 160 202 3 6 68 187 25 56 54 198 253 31 143
    113 65 177 110 128 175 212 252 215 122 4 188 145 149 195 139 130 207
    124 21 45 117 165 163 207 53 176 227 160 245 82 110 212 140 101 179
    84 43 149 186 26 249 55 177 226 125 217 195 123 107 165 88 12 244 54
    200 152 95 112 23 87 83 234 231 186 144 133 142 99 2 218 230 20 15 2
    92 14 174 177 89 66 253 234 245 158 192 86 21 124 41 59 199 12 230
    143 19 75 69 188 103 197 244 147 164 73 209 130 30 14 125 154 160 74
    149 109 120 48 224 246 29 15 76 239 196 29 90 130 152 228 80 12 98
    73 95 195 243 45 41 134 157 115 162 158 175 87 202 18 48 193 181 177
    226 199 215 87 117 72 172 173 75 221 185 234 181 140 181 209 255 170
    170 66 21 24 232 130 68 231 49 100 191 149 15 127 139 221 174 64 125
    247 236 206 143 108 115 247 181 86 87 85 96 120 113 186 66 145 93 28
    63 73 222 174 46 228 4 245 27 87 83 215 25 64 47 41 45 57 151 176
    106 155 7 51 16 73 186 137 204 11 244 23 224 234 218 92 129 38 188
    45 95 117 7 88 2 235 104 105 172 249 213 203 251 1 117 45 49 231 196
    112 55 150 60 22 51 207 88 249 6 4 182 144 71 64 240 201 115 32 11
    242 2 124 27 234 228 83 60 37 96 10 237 48 70 49 1 70 12 190 197 81
    148 141 14 83 48 147 9 102 190 249 165 185 215 197 196 88 1 161 33
    60 119 71 231 71 41 71 68 88 145 125 0 91 141 250 218 114 122 82 100
    196 207 249 54 99 167 159 35 227 112 164 112 24 174 124 208 87 70 85
    225 100 204 29 41 54 15 83 40 91 134 73 232 84 227 83 225 101 27 29
    113 29 111 237 70 67 143 107 158 107 21 223 54 185 163 243 240 26
    163 145 89 204 28 209 14 120 71 93 127 199 113 46 241 60 77 75 165
    77 238 115 159 79 246 235 236 40 246 136 65 231 85 34 192 140 152
    245 243 119 239 90 102 64 179 3 77 118 48 120 240 246 45 40 103 42
    231 17 26 247 188 118 232 20 179 199 225 254 80 102 95 230 192 196
    36 137 56 101 43 222 229 47 156 35 162 122 107 67 241 143 5 115 191
    162 145 202 197 22 43 192 144 80 103 98 162 40 250 217 222 175 198
    144 237 8 200 168 137 83 251 73 134 209 129 255 161 203 208 214 15
    62 75 47 88 175 240 143 95 123 186 71 126 92 244 218 20 193 224 37
    58 55 177 29 71 178 72 157 95 115 12 6 40 157 0 18 188 42 130 99 180
    108 85 239 245 151 42 227 125 178 206 253 117 210 37 186 138 140 199
    254 152 150 157 25 195 15 221 55 51 8 143 141 70 7 123 122 164 247
    29 128 29 155 17 224 249 6 12 80 3 26 186 143 205 165 176 49 156 160
    215 49 105 8 28 44 10 42 133 138 128 150 177 27 22 174 246 81 19 52
    58 219 205 165 145 154 151 107 216 150 41 247 27 238 114 132 10 59
    228 78 149 78 165 15 180 82 4 133 228 218 158 167 140 216 243 57 118
    254 67 29 210 37 76 151 196 205 168 54 145 16 30 128 176 200 68 98
    227 191 216 207 58 63 212 112 232 86 145 5 51 170 202 252 26 140 175
    143 145 115 146 31 46 58 110 82 2 193 189 216 116 129 122 152 14 104
    146 98 24 233 67 55 232 159 73 104 247 111 102 219 5 10 55 106 192
    226 2 147 216 185 12 16 176 252 20 23 65 60 106 195 108 137 212 153
    85 111 133 98 68 52 91 198 118 255 11 33 109 20 166 220 121 193 65
    151 191 223 33 1 151 193 135 207 109 13 109 136 126 147 133 47 140
    233 142 99 156 110 111 111 7 191 15 43 246 181 69 252 51 40 99 17 5
    74 154 71 69 48 190 150 18 196 130 110 150 48 138 37 189 242 67 152
    251 188 112 50 150 249 232 206 49 118 114 26 21 126 225 162 184 122
    97 9 214 185 126 33 221 197 147 101 206 64 40 7 100 128 212 189 92
    116 128 23 181 252 188 18 128 32 113 112 145 125 168 53 125 105 220
    12 192 248 50 255 232 172 232 241 79 10 133 178 112 65 53 104 43 244
    15 242 126 143 174 195 8 185 12 113 252 224 198 92 246 142 106 116
    102 90 244 153 189 7 127 2 167 58 194 205 63 141 201 95 174 252 134
    65 74 33 178 222 62 233 149 182 169 202 67 105 22 181 170 156 152 81
    48 105 252 33 197 183 121 162 220 76 66 157 110 57 2 112 233 242 220
    134 158 123 134 162 10 94 184 89 30 16 162 63 91 13 243 134 171 119
    194 242 163 172 209 77 18 71 121 111 167 32 29 122 88 242 245 69 123
    243 101 50 43 169 64 188 35 123 102 214 253 152 201 237 86 46 53 206
    44 62 191 60 121 5 78 9 134 80 217 84 86 218 160 4 172 81 41 192 155
    173 3 58 175 84 196 75 94 233 189 121 86 108 69 250 68 156 211 14
    132 159 31 177 90 242 200 85 90 195 122 143 239 87 173 170 77 80 186
    106 226 25 202 56 195 83 4 22 102 135 158 68 182 96 1 52 214 185 200
    239 129 58 205 59 59 255 232 249 159 104 80 15 125 43 18 107 243 185
    35 16 132 89 239 4 85 38 26 184 217 117 140 25 69 112 253 59 80 119
    18 236 118 248 184 115 17 174 69 103 167 55 112 185 64 212 37 130
    197 170 33 166 249 185 10 223 183 78 183 121 61 118 236 35 215 236 0
    128 8 93 95 15 128 81 204 155 138 223 231 54 230 155 139 26 216 65
    150 105 23 236 58 201 130 210 166 109 36 103 13 77 208 181 153 221
    38 154 56 162 44 126 16 208 189 241 146 203 42 7 128 38 191 71 132
    60 206 57 64 90 132 13 62 97 224 35 167 86 188 55 211 55 193 64 25 8
    28 155 168 50 44 91 80 130 18 117 89 107 55 165 144 135 27 247 44
    148 38 201 107 168 66 205 9 35 32 169 82 63 16 39 124 49 78 120 76
    76 150 99 177 232 189 222 87 204 136 64 186 192 197 213 218 245 155
    175 150 105 29 172 89 179 47 15 151 136 6 12 66 179 246 242 40 213
    220 253 236 241 129 113 70 129 226 206 253 27 35 187 229 149 19 167
    25 195 142 138 165 161 49 124 47 187 106 49 177 81 142 69 162 69 161
    131 102 118 139 250 144 52 209 6 6 76 215 71 71 165 229 156 50 69 6
    170 71 91 116 32 33 50 49 39 232 121 230 251 228 215 62 222 44 64 83
    241 79 110 105 225 26 67 60 43 8 160 73 140 224 109 168 63 44 250 59
    49 61 183 165 140 139 10 23 244 34 135 146 58 165 47 12 18 20 31 78
    53 235 56 126 98 34 251 118 134 162 159 164 96 234 112 108 43 176 79
    52 121 191 250 71 61 108 88 81 109 141 31 96 88 122 161 169 101 45
    125 203 212 67 203 3 202 72 171 151 23 208 58 199 61 130 129 151 133
    251 161 230 217 59 62 247 57 72 160 139 44 95 249 93 38 148 197 174
    104 84 125 220 209 49 156 67 20 199 156 155 163 144 152 84 2 24 232
    100 120 116 224 220 25 200 48 185 126 157 160 101 107 253 196 154
    152 9 148 161 202 79 251 193 32 167 17 179 112 100 77 175 230 172 18
    172 38 20 48 248 37 46 226 181 208 35 117 182 219 251 252 109 170 47
    27 245 111 234 252 235 6 28 138 45 226 219 140 202 149 14 80 155 219
    204 217 185 120 180 59 165 164 119 224 232 218 216 159 216 192 227
    147 182 184 162 42 49 218 252 235 100 170 168 83 205 181 238 49 243
    124 52 234 172 119 151 202 73 7 163 115 112 105 155 215 74 255 138
    104 177 135 113 42 225 73 216 209 153 99 140 38 245 139 36 82 133
    194 57 70 141 198 221 26 85 160 62 137 163 161 107 123 50 0 234 165
    198 43 52 237 178 12 149 167 247 154 142 165 118 117 202 170 224 92
    234 207 112 172 208 65 118 145 4 254 121 195 74 12 10 192 157 173
    233 214 206 199 32 79 227 14 166 80 28 183 214 60 149 209 75 231 149
    224 172 129 254 28 144 104 51 241 24 129 255 164 50 217 180 47 186
    49 93 80 163 225 231 200 144 7 92 66 0 93 199 77 166 55 26 70 187
    194 209 173 201 173 127 64 93 195 54 10 93 65 31 254 81 25 74 59 125
    131 11 162 149 240 141 117 185 75 99 165 179 28 175 40 197 124 94
    103 85 197 223 71 111 181 53 164 96 150 70 163 66 176 197 77 203 55
    117 107 107 115 135 53 166 12 118 240 86 41 67 44 177 197 243 24 157
    49 116 136 74 252 142 169 86 210 174 53 141 249 193 107 16 237 214
    110 205 10 129 177 111 90 38 130 58 107 234 95 170 255 26 120 80 146
    197 25 233 139 116 95 111 89 253 11 124 245 92 88 120 241 180 251
    143 197 170 208 106 161 88 75 72 102 81 107 37 91 132 224 20 76 151
    162 130 132 248 206 234 70 156 90 189 66 209 229 152 134 92 195 255
    169 237 167 179 66 57 19 34 165 236 89 121 212 28 173 185 155 69 194
    32 107 86 180 101 24 17 144 194 97 213 196 39 19 150 191 227 71 189
    194 121 106 215 32 74 137 53 191 193 203 61 197 175 205 31 112 189
    105 30 147 216 202 81 12 70 88 117 214 34 206 228 86 176 250 251 90
    126 6 93 133 252 156 97 48 159 185 220 230 7 72 115 69 186 130 243
    172 72 233 47 140 74 174 132 209 232 140 188 154 157 162 31 46 231 9
    207 187 47 201 125 203 9 27 103 88 238 198 6 120 16 149 125 41 113
    75 225 210 198 147 4 142 216 207 139 75 170 63 182 244 159 96 213
    173 104 104 33 11 110 12 216 116 248 36 28 199 25 148 187 115 191 4
    213 122 222 107 99 208 54 215 87 169 177 51 6 166 136 126 1 183 37
    167 116 62 49 153 195 56 181 103 129 67 146 150 191 194 33 107 26
    114 165 196 110 190 223 85 160 241 36 13 4 84 136 150 104 223 139 51
    61 73 109 103 44 183 150 157 147 166 216 136 63 97 223 31 23 237 137
    28 105 114 164 51 196 193 46 152 240 117 18 200 119 101 247 13 217
    103 51 58 15 25 29 251 90 253 244 250 25 17 52 8 203 206 39 213 123
    13 112 76 101 111 143 153 39 227 168 3 37 238 242 183 122 32 61 152
    106 85 89 118 139 61 60 116 242 0 32 22 222 194 226 89 6 242 77 78
    151 180 71 234 213 88 187 230 140 80 70 142 229 232 23 18 83 0 82
    166 190 192 76 195 66 160 147 111 190 126 94 144 43 17 169 219 145
    150 210 99 226 32 37 177 34 104 149 175 218 11 65 223 23 251 9 165
    194 254 164 57 33 130 191 80 254 244 210 108 90 80 203 125 222 64
    177 233 54 126 160 45 251 99 251 26 57 191 127 52 99 186 33 213 220
    81 171 87 233 184 42 193 123 0 136 159 46 205 21 213 115 16 131 249
    242 16 175 115 78 131 231 197 77 136 50 147 191 97 139 45 227 20 253
    82 123 231 253 84 109 84 46 242 222 118 179 17 142 87 117 83 183 146
    141 208 33 215 59 153 241 243 227 211 212 163 36 131 172 173 110 201
    46 68 252 135 53 140 223 248 207 6 221 136 53 128 139 248 2 131 202
    17 196 146 21 33 75 30 22 178 55 71 30 191 213 146 243 167 179 194
    11 245 39 96 171 19 214 231 25 106 75 180 103 154 241 105 30 144 84
    8 50 132 39 245 153 123 12 220 155 250 170 252 254 78 31 167 134 130
    75 24 31 161 118 183 163 114 33 209 159 220 168 234 103 74 215 149
    23 109 21 23 238 209 252 225 46 182 3 233 207 199 15 202 162 37 201
    148 243 111 56 144 3 12 148 250 64 3 5 115 131 87 49 46 0 106 139
    195 202 96 59 208 137 95 21 88 74 203 107 185 199 18 116 250 248 6
    147 198 86 163 86 135 30 61 70 13 22 110 0 76 125 35 224 150 9 246
    240 175 66 149 20 229 74 89 97 62 45 196 175 156 89 209 75 51 101
    170 195 167 65 221 34 49 170 222 154 116 146 97 164 29 162 44 40 158
    197 249 112 191 1 5 218 19 223 109 87 3 229 166 8 22 49 154 121 34
    63 207 205 222 24 204 30 117 141 204 23 206 29 90 78 161 225 209 229
    166 198 13 239 159 46 18 60 135 216 174 201 39 39 10 202 86 238 181
    255 243 109 92 19 21 212 229 238 146 189 239 209 35 170 68 232 59
    105 171 50 226 244 36 51 143 144 229 174 178 105 168 232 38 169 219
    83 85 15 245 138 175 7 189 161 193 200 43 94 19 166 174 152 110 145
    10 35 59 55 200 98 89 227 173 42 120 183 103 116 60 152 235 55 163
    114 184 82 117 151 224 227 4 84 90 175 79 211 250 49 140 186 255 37
    61 202 12 26 188 162 145 248 124 230 37 77 127 150 43 117 107 207
    247 202 7 184 216 231 183 55 45 180 116 76 44 101 87 67 144 244 129
    61 50 148 100 153 166 63 48 7 37 25 25 255 194 207 199 186 205 157
    67 153 181 65 61 69 224 3 248 124 68 67 116 2 203 33 121 245 167 15
    35 106 9 82 143 68 53 238 117 105 86 158 64 243 241 204 47 43 208 8
    81 255 34 200 163 36 149 175 190 236 46 55 140 174 104 74 182 20 142
    45 192 6 129 106 39 111 19 228 4 202 158 246 218 188 122 126 181 146
    160 0 41 242 50 12 124 6 86 126 177 148 54 248 61 224 179 87 227 174
    115 52 76 150 15 16 39 81 76 119 44 84 137 252 68 198 109 195 177
    155 149 181 155 67 31 121 243 121 152 77 138 3 95 223 18 110 73 82
    238 156 120 251 213 173 195 245 80 69 36 89 195 15 59 255 45 60 213
    238 77 42 45 41 46 35 172 251 210 28 148 198 2 105 169 132 70 135 72
    58 122 81 4 238 53 14 56 109 37 43 137 175 66 87 15 199 10 71 206
    200 181 202 5 138 87 119 226 158 152 23 64 245 191 110 27 6 249 0
    186 15 33 107 215 6 23 8 55 247 86 151 146 60 97 177 36 140 232 114
    163 131 37 116 208 232 233 199 208 161 252 127 145 219 125 198 27 20
    159 105 134 76 29 128 185 17 35 97 34 87 252 107 181 147 29 141 91
    245 136 13 133 94 120 144 211 39 28 89 82 136 133 31 48 96 134 49
    254 123 211 48 85 130 190 116 95 237 27 214 4 121 121 13 209 87 39
    248 129 68 255 9 204 30 217 223 5 220 73 243 15 74 69 231 7 124 245
    129 139 240 138 48 70 36 174 248 187 26 33 251 129 162 204 73 61 124
    27 238 184 244 177 224 108 76 196 248 3 200 176 233 179 187 57 144
    171 172 129 113 133 131 199 70 75 76 116 143 210 201 35 71 59 71 60
    68 38 226 103 238 184 209 8 54 17 4 234 72 232 167 75 5 205 8 176
    207 85 57 221 247 131 17 33 121 254 6 169 172 227 134 70 90 9 141 54
    142 78 170 109 107 30 224 62 158 180 49 175 30 215 164 208 39 137
    230 143 52 202 247 24 78 248 54 123 146 23 148 213 113 36 80 81 82
    120 36 106 176 46 252 154 121 127 37 248 249 114 212 94 114 141 171
    80 206 230 105 25 128 216 80 157 124 215 6 201 85 164 170 63 135 177
    18 6 25 55 88 45 232 110 203 175 176 188 230 192 99 9 196 93 18 241
    181 107 81 129 176 175 37 77 73 210 32 208 43 14 97 149 253 130 173
    76 73 247 140 253 28 247 116 72 111 210 228 229 162 48 191 188 75 23
    240 19 30 221 223 186 137 195 248 108 242 193 67 1 66 34 224 212 160
    208 120 93 243 220 51 133 126 201 233 100 67 210 58 129 99 151 244
    211 7 46 199 132 31 239 214 31 48 41 65 190 188 69 41 99 226 168 86
    215 231 135 120 204 67 233 237 163 10 106 68 126 85 19 27 203 187 42
    229 251 69 129 115 231 240 27 192 81 147 27 208 188 182 69 62 91 21
    118 70 212 250 166 16 74 159 5 152 106 185 45 16 166 82 254 52 158
    185 111 162 83 217 106 126 101 10 41 195 174 70 17 96 120 33 20 33
    148 60 107 237 244 74 29 39 117 245 103 147 134 229 180 219 161 254
    190 100 40 218 154 66 55 246 243 77 93 100 222 131 89 134 250 61 115
    194 132 21 70 28 201 172 26 29 226 95 190 204 9 49 91 67 76 132 72
    117 249 147 3 16 28 93 95 22 133 229 38 218 132 82 180 249 120 247
    251 126 155 150 55 127 237 91 178 42 14 152 52 87 3 182 180 227 25
    208 191 206 221 61 238 139 107 228 26 179 224 190 104 203 240 122
    182 26 194 115 251 34 235 239 59 34 188 129 224 88 194 79 103 121
    228 162 206 152 144 173 230 76 101 123 191 0 155 99 160 148 1 132
    167 128 128 184 246 210 224 215 62 139 209 77 163 170 161 56 239 246
    224 236 85 181 3 196 138 138 228 244 205 231 138 120 52 94 254 253
    104 51 14 78 47 137 84 231 84 158 156 80 122 215 87 238 224 71 244
    204 81 139 150 16 52 41 112 101 118 170 50 234 94 16 78 99 225 15
    158 11 71 216 251 212 140 231 54 195 92 229 172 69 241 15 101 228 28
    145 252 168 196 243 89 249 195 213 226 7 95 164 80 124 171 219 189
    141 218 156 255 36 225 115 189 158 245 82 118 23 221 210 237 8 50 35
    249 100 53 80 78 108 138 251 8 251 67 224 156 71 160 135 198 130 209
    224 5 136 0 80 107 224 220 127 8 120 83 153 138 106 163 10 136 90 58
    25 219 18 19 159 96 52 101 123 64 9 23 115 226 180 226 37 252 70 7
    10 134 58 125 241 171 163 57 29 158 161 205 71 56 125 193 69 35 136
    100 227 70 145 212 110 84 112 55 245 52 61 192 116 92 236 195 68 93
    243 233 47 109 76 210 150 32 164 14 205 99 219 43 162 204 207 195
    247 8 166 120 199 168 158 38 255 68 111 163 115 146 59 146 241 115
    191 208 133 165 109 191 99 14 115 63 66 119 13 37 97 90 106 46 248
    66 232 74 95 11 3 167 185 187 136 208 154 45 107 18 51 110 240 93
    172 106 107 62 252 219 222 53 196 143 82 201 115 165 75 64 248 195
    118 166 117 195 205 38 11 39 215 41 110 184 214 63 65 136 90 163 190
    70 33 34 229 99 210 74 223 37 77 215 52 15 24 225 255 191 101 7 178
    39 65 197 218 201 223 34 81 38 187 131 70 64 225 140 223 127 159 189
    233 83 44 31 151 217 102 114 40 142 141 48 236 251 72 206 141 66 111
    22 83 232 209 167 198 130 57 101 97 148 72 211 202 21 63 48 60 152
    124 33 165 53 74 67 138 229 184 127 167 226 51 236 205 45 161 85 186
    208 129 111 110 109 153 111 150 46 131 155 205 23 70 1 150 203 49 50
    169 45 211 162 127 206 43 44 40 19 183 33 122 151 60 191 107 204 169
    126 209 105 118 76 252 207 206 196 19 57 172 67 67 168 82 113 121 20
    105 246 233 185 176 242 31 45 22 58 178 11 73 230 152 40 130 199 85
    38 128 61 221 219 54 126 25 109 49 148 76 83 170 114 39 56 70 8 127
    171 63 131 215 226 21 4 251 46 195 57 134 29 134 120 32 92 165 222
    123 189 213 197 225 73 204 3 125 241 195 12 51 158 124 207 23 226
    249 174 23 211 14 45 29 138 140 98 181 32 187 115 148 210 16 167 74
    101 189 170 169 60 201 40 100 122 122 181 249 127 70 154 164 224 128
    176 106 177 222 121 195 121 141 229 112 19 200 2 245 246 126 162 183
    231 115 147 127 13 191 128 1 111 236 210 240 174 65 114 178 234 208
    54 203 236 133 143 233 182 234 136 250 134 107 100 177 59 177 109
    252 207 241 92 185 110 67 222 45 35 28 148 154 34 79 194 81 214 254
    116 85 120 49 17 235 105 214 51 148 50 215 186 53 194 167 137 79 209
    225 24 196 83 177 220 159 253 174 199 96 211 13 193 195 88 139 169
    122 18 247 253 163 223 58 216 82 1 44 30 255 85 23 199 190 18 46 28
    127 28 222 88 92 61 166 57 143 229 205 222 53 27 234 145 82 48 196
    29 160 132 6 234 219 123 200 105 45 202 143 47 2 182 116 54 185 244
    142 43 86 166 142 162 119 7 77 237 199 192 208 202 196 221 202 197
    63 232 151 101 190 239 13 166 25 40 136 82 230 217 0 152 68 203 238
    3 195 178 17 249 209 178 159 124 13 160 89 11 65 216 113 142 9 56 20
    210 248 57 206 18 57 198 56 204 105 57 35 1 28 106 116 73 210 96 147
    33 16 245 27 217 173 216 91 58 9 53 125 137 112 250 52 200 193 110
    206 245 164 219 136 106 153 216 1 242 166 150 203 23 101 202 189 118
    50 21 157 198 170 108 200 155 171 86 73 198 138 63 135 174 28 254 24
    50 116 253 96 241 59 96 238 223 22 77 29 175 97 228 132 77 109 45 49
    65 50 220 123 161 72 184 131 20 21 4 185 115 178 246 221 126 53 92
    24 97 195 137 173 186 128 110 50 148 98 39 58 49 159 252 83 154 184
    225 214 228 73 140 158 107 238 137 81 160 218 170 116 181 57 170 189
    11 167 164 57 154 165 168 104 169 205 108 119 5 174 220 119 104 180
    244 36 83 186 38 173 135 149 212 35 75 112 66 216 246 51 57 145 104
    18 148 182 169 79 82 57 130 30 169 21 175 101 251 232 99 216 54 245
    95 247 28 212 179 63 246 82 211 74 254 90 166 157 62 7 193 58 128
    115 121 98 64 142 226 117 96 88 26 153 234 61 37 93 120 87 115 139
    222 246 47 46 190 194 51 178 63 252 224 35 204 123 165 48 149 144 85
    31 75 160 24 108 44 234 202 247 225 200 34 208 113 201 179 236 25
    205 144 154 241 116 168 159 137 80 255 54 221 217 167 6 195 237 134
    22 142 243 168 128 204 183 147 242 67 153 208 241 222 15 35 168 8
    109 161 2 93 243 123 191 0 129 100 104 87 135 127 106 125 36 246 117
    148 173 194 69 87 172 138 140 115 62 31 19 242 12 245 34 10 24 173
    211 194 218 106 241 90 170 199 83 34 192 238 130 232 210 60 251 153
    170 255 123 117 246 61 222 186 64 196 27 64 131 251 239 62 223 65 11
    79 197 224 210 235 219 112 74 56 110 199 32 207 185 97 15 159 159
    102 198 54 52 200 206 192 118 177 105 89 9 160 195 20 223 66 115 231
    235 128 96 46 222 225 229 99 65 165 238 159 145 6 25 141 91 30 74
    225 169 142 218 159 104 131 195 113 229 168 15 191 95 186 153 91 25
    127 187 165 203 60 116 211 80 141 184 116 110 107 152 1 197 107 193
    114 229 113 66 167 87 204 70 137 203 104 100 241 106 44 134 57 194
    196 149 170 225 238 118 40 64 171 208 249 214 172 93 192 65 131 105
    136 115 164 106 33 99 227 87 240 89 192 34 94 94 149 181 148 251 40
    70 53 185 101 144 4 206 172 42 121 228 109 157 87 176 206 64 174 248
    86 188 144 71 59 255 204 94 16 184 160 55 1 113 83 123 108 69 38 19
    240 216 130 185 116 26 163 206 168 149 10 188 69 252 2 205 7 90 0
    205 181 224 90 219 174 223 200 33 182 96 225 112 78 31 193 206 222
    171 78 116 131 216 169 27 249 32 99 100 249 247 185 177 230 221 200
    123 187 198 154 155 151 81 244 118 181 12 38 20 66 161 75 108 12 172
    24 45 50 113 119 173 36 211 121 110 145 212 123 235 237 191 218 72
    194 106 113 40 135 37 27 237 64 143 3 238 67 90 54 211 89 209 82 74
    2 140 233 119 5 224 212 172 177 159 117 128 47 180 129 237 46 248
    225 203 39 241 111 227 111 228 239 18 126 155 147 30 149 226 68 173
    155 9 162 160 138 243 53 29 184 160 4 60 178 238 240 11 2 129 185 11
    58 44 53 237 109 196 210 241 244 17 11 201 62 30 236 215 81 169 33 3
    27 36 28 24 148 60 190 224 2 213 168 184 134 8 102 182 147 110 83 49
    173 44 18 128 126 175 100 206 56 230 255 187 210 74 243 253 239 149
    108 145 240 217 76 16 156 134 93 10 113 18 232 226 215 150 14 168 40
    10 217 119 76 156 55 128 150 109 137 14 144 232 254 122 59 129 109
    43 234 66 11 120 21 241 3 93 219 43 246 72 15 65 171 89 225 226 74
    140 166 250 252 148 250 68 181 173 122 86 193 156 102 44 119 4 252
    73 239 151 233 229 77 210 112 132 160 54 162 5 252 24 68 229 220 247
    204 149 64 127 82 27 3 96 114 218 67 152 212 102 73 191 129 111 117
    29 185 182 242 178 139 189 60 38 103 152 104 246 98 24 115 129 111
    112 113 202 206 55 2 194 168 221 172 127 58 208 242 222 238 163 23
    134 6 223 21 33 189 34 156 244 158 211 32 180 225 48 52 204 143 82
    252 214 200 165 254 152 15 125 192 208 11 66 239 122 182 254 5 7 136
    141 188 13 66 171 96 15 103 70 145 30 171 9 41 138 117 207 16 107
    124 80 167 154 96 228 255 20 186 108 232 144 154 69 67 145 154 80
    246 141 50 215 141 95 147 130 186 132 22 4 158 54 154 54 224 15 254
    73 188 40 35 65 223 188 36 146 6 206 132 172 200 36 14 42 211 38 74
    145 160 58 158 120 81 249 29 225 143 54 124 170 148 53 113 129 41
    223 226 10 114 75 198 73 175 130 136 156 67 37 122 224 94 94 118 172
    172 242 237 165 253 93 181 127 185 27 153 250 81 242 17 134 166 41
    90 58 132 103 125 183 68 226 255 59 201 13 42 141 59 3 159 29 159
    162 222 34 239 55 112 159 39 236 164 13 2 127 249 207 183 225 149
    218 11 200 218 29 139 99 148 124 157 250 114 132 71 26 218 224 23
    170 151 224 4 128 103 106 37 21 83 105 25 191 181 177 167 178 73 223
    32 161 100 164 215 89 164 213 218 215 124 234 165 217 43 142 254 79
    223 205 143 8 8 176 174 241 115 102 43 25 131 139 250 76 201 98 98
    59 113 93 40 176 76 93 27 46 147 193 172 162 178 85 126 97 237 209
    160 206 21 97 84 227 179 222 96 135 193 243 102 210 126 133 15 128
    203 197 68 183 157 249 80 146 146 119 12 63 13 206 138 179 205 195
    113 59 61 217 183 198 15 1 217 163 40 38 71 221 97 192 67 235 222
    189 125 138 187 39 28 183 195 248 199 127 224 189 144 36 99 103 30
    157 147 152 253 97 42 42 114 114 196 210 31 14 224 246 246 8 58 152
    240 169 171 215 59 93 26 181 157 40 190 47 1 175 99 45 167 66 29 138
    38 254 7 17 176 42 225 162 163 176 33 130 37 101 175 26 51 30 67 25
    119 108 186 225 49 136 2 251 49 194 183 159 149 35 190 130 245 146
    188 87 106 14 70 91 219 245 121 57 18 195 62 106 32 246 13 21 198 24
    161 49 192 70 4 58 88 93 231 132 121 47 13 27 130 176 135 143 199
    163 200 142 175 87 84 204 28 211 186 63 216 95 248 150 149 10 185 6
    51 7 99 87 98 237 184 233 250 189 225 84 169 30 116 112 9 66 75 226
    34 101 189 86 94 9 81 80 208 171 8 44 55 138 218 40 195 248 56 146
    25 244 7 6 142 153 167 39 79 28 185 188 109 214 18 155 63 149 125
    107 209 214 128 28 61 125 198 173 56 90 214 145 150 126 142 179 110
    183 218 34 118 52 171 83 158 49 208 212 126 156 86 106 142 56 71 7
    155 91 183 181 47 81 202 187 0 248 19 198 22 46 202 51 168 178 54
    157 0 162 202 52 91 62 4 227 200 255 221 53 23 168 242 130 41 220 96
    206 208 243 254 233 21 229 143 4 73 254 73 110 244 176 157 60 191 66
    150 176 36 62 119 177 92 163 201 225 203 106 200 203 40 235 8 66 46
    68 190 107 89 113 39 97 8 216 193 145 105 204 75 240 121 119 49 70
    94 99 238 102 190 136 240 253 43 62 217 10 150 243 91 90 191 169 57
    99 5 242 133 82 55 209 70 205 126 162 59 124 113 129 60 190 145 73
    179 159 140 170 156 221 164 7 100 113 234 92 31 181 7 26 179 47 19
    244 107 255 124 50 137 96 172 191 21 88 189 208 233 2 127 31 201 84
    216 146 29 226 62 25 81 250 110 153 116 69 141 19 178 18 182 113 145
    67 27 247 146 64 37 185 119 148 250 230 255 191 6 114 208 13 64 56
    230 191 154 76 228 107 103 22 135 68 40 150 233 158 5 43 125 128 159
    63 219 116 102 11 229 134 200 56 198 231 104 217 186 241 132 32 185
    212 69 46 179 177 13 129 39 69 45 166 247 0 65 73 18 143 215 37 250
    168 54 195 13 121 179 173 45 11 83 80 101 182 20 65 73 133 23 150
    210 157 137 185 45 83 162 79 75 232 127 166 67 12 130 23 139 134 196
    195 104 208 181 128 128 55 33 30 111 171 18 43 239 66 143 188 171
    202 16 239 185 132 246 19 47 48 79 230 205 208 166 21 70 44 12 53
    113 195 209 145 210 66 6 149 146 34 43 173 161 198 126 244 99 175 79
    21 20 125 100 164 139 23 226 132 237 185 142 178 29 216 168 5 116 34
    117 120 162 44 239 224 33 177 71 168 104 19 139 181 103 24 183 9 73
    119 251 168 79 171 176 144 82 166 249 50 41 219 17 115 226 226 248
    62 13 13 170 234 233 60 244 248 96 83 254 197 45 161 55 140 183 25
    147 255 57 98 178 2 55 170 208 114 63 101 32 92 32 228 66 130 242
    122 11 114 78 113 221 20 25 243 64 84 79 218 238 135 42 220 229 64
    127 227 69 207 235 190 228 98 244 92 152 191 9 19 216 7 5 68 207 254
    216 218 60 184 234 245 65 205 102 171 235 109 219 220 161 51 31 215
    55 137 249 250 17 31 244 42 25 171 27 38 197 122 13 173 255 55 112
    44 41 181 154 153 168 165 72 76 143 88 50 44 117 6 97 207 217 54 240
    184 214 102 24 159 40 70 185 248 189 61 125 251 42 146 120 124 145
    140 113 25 23 48 46 112 220 18 188 116 242 85 144 123 43 11 161 172
    67 124 3 229 218 132 20 111 90 147 231 5 62 241 228 167 113 51 56
    140 105 17 181 249 3 115 158 79 38 228 140 138 179 209 74 40 73 53
    108 11 0 197 222 70 171 89 246 112 195 252 26 172 207 231 84 178 44
    221 203 7 44 16 65 223 42 18 47 132 176 66 177 94 50 255 52 169 208
    120 227 179 217 100 224 221 22 195 155 41 158 114 25 6 152 198 140
    129 152 179 158 165 22 64 175 199 248 194 165 72 39 189 138 237 76
    10 157 137 64 3 43 42 93 21 34 154 174 232 94 182 130 143 249 59 102
    250 21 204 160 214 243 33 48 21 206 54 240 3 251 173 209 45 137 139
    15 221 56 231 182 224 181 123 181 127 3 168 97 207 7 40 94 154 76 57
    251 219 163 16 94 14 206 134 138 197 223 156 43 20 209 121 206 9 172
    211 42 193 85 60 94 220 165 139 63 249 86 30 201 90 181 183 115 11
    20 124 36 24 168 132 111 1 21 121 105 171 84 61 129 161 217 127 168
    103 45 26 10 129 46 83 28 96 144 198 185 58 92 174 174 221 99 230
    214 119 135 101 210 58 182 7 234 225 255 17 244 194 108 248 81 81 36
    47 230 95 179 78 240 139 104 8 222 136 148 254 55 143 132 41 200 202
    247 95 61 246 147 98 239 4 20 32 110 93 25 29 106 134 76 159 38 5 70
    177 40 121 141 175 93 237 32 206 188 193 51 245 35 53 24 45 166 118
    226 8 94 114 79 27 200 103 20 8 185 31 162 153 233 140 246 192 42
    181 113 220 121 241 244 149 127 246 126 15 47 41 244 246 222 157 14
    203 49 178 186 110 1 89 43 157 114 36 188 49 38 107 232 179 85 117
    24 71 235 39 181 34 95 188 73 41 100 47 195 165 130 45 153 166 38 46
    81 130 184 35 236 72 74 118 176 179 209 13 144 85 179 205 166 153
    238 254 21 220 15 162 3 252 27 239 236 126 113 179 191 137 118 170
    197 159 233 27 66 119 177 62 166 106 92 120 241 205 127 188 9 147
    168 100 60 181 115 189 54 131 251 64 115 2 146 31 164 79 247 243 236
    203 110 195 157 56 216 54 143 166 125 134 220 217 177 146 230 156
    193 193 142 176 23 108 38 89 9 33 44 228 2 17 42 42 55 175 249 230
    74 78 239 35 111 191 208 198 249 32 89 69 119 8 78 67 91 221 218 110
    255 24 208 218 37 16 12 160 134 182 1 144 195 67 212 159 146 95 33
    117 107 102 46 11 75 182 85 175 228 215 36 142 109 13 16 120 118 144
    123 85 4 142 40 113 149 246 97 64 40 143 149 218 116 231 122 153 149
    232 209 175 170 197 164 52 162 88 53 198 187 196 70 82 250 193 17
    231 152 47 4 33 158 14 12 191 21 231 5 233 219 33 6 82 5 110 49 242
    60 123 63 206 201 222 194 249 166 255 59 113 228 205 65 76 36 96 27
    102 143 78 14 102 246 43 37 197 183 250 244 151 39 99 188 102 123
    231 167 159 247 139 248 173 251 44 113 62 222 173 73 23 66 190 76
    125 39 25 102 107 50 111 209 31 255 45 162 113 136 45 187 160 190
    158 148 12 199 205 208 179 255 21 232 61 66 70 178 75 244 109 104 92
    192 25 13 183 119 77 84 231 162 15 11 173 157 52 171 178 242 84 121
    226 173 255 102 201 134 129 22 18 48 135 63 220 227 31 29 2 172 27
    233 238 152 85 47 236 137 26 8 192 75 90 83 199 236 237 216 159 81
    169 217 16 225 170 235 146 230 183 255 245 91 207 45 32 207 237 235
    22 176 175 83 79 46 40 192 72 71 18 74 231 33 86 251 59 180 38 136
    148 135 116 191 148 188 110 204 222 228 84 81 179 175 178 42 17 119
    216 184 93 230 22 221 194 110 29 30 124 170 112 101 159 178 201 235
    86 186 115 149 65 80 100 167 90 99 224 157 181 79 168 54 158 147 9
    200 244 115 88 29 72 178 82 5 68 195 89 236 198 90 234 228 108 152
    45 158 100 110 73 208 251 81 142 44 102 250 2 230 170 33 66 189 238
    228 123 207 103 232 119 162 143 78 27 122 23 194 47 207 246 41 254
    17 139 86 155 106 151 207 48 66 53 98 185 59 203 1 115 201 203 243
    14 171 231 81 43 225 14 95 23 34 170 216 119 45 171 73 93 66 168 93
    78 160 143 110 250 157 158 58 46 93 6 29 141 154 114 79 146 234 22
    41 93 81 148 238 104 132 253 242 174 37 14 197 118 133 147 236 212
    87 128 49 103 231 143 115 216 117 117 20 187 39 97 233 73 185 4 179
    137 95 29 5 69 157 103 119 116 140 206 76 148 73 184 68 100 56 142
    185 31 107 156 66 160 228 25 48 74 212 100 104 90 231 227 46 95 94
    192 123 15 209 219 168 57 247 32 13 45 117 170 245 114 42 199 254
    244 179 121 201 59 106 116 143 136 192 133 175 95 105 66 65 12 227
    237 219 35 1 85 85 242 124 164 57 125 241 11 95 180 100 131 18 175
    165 138 13 228 4 130 133 197 7 54 160 20 128 15 106 150 191 106 163
    200 196 5 135 231 231 2 77 80 105 147 126 74 239 217 168 40 28 1 238
    84 128 131 11 233 128 59 41 61 98 174 27 220 71 204 241 98 172 192
    91 66 102 200 94 125 227 150 166 238 212 138 75 66 199 225 59 63 129
    95 233 56 246 72 29 47 148 39 22 166 229 208 71 89 254 77 0 36 129
    243 65 30 153 155 102 183 206 160 44 120 252 193 120 200 25 5 73 217
    44 125 96 245 176 113 181 38 208 187 79 22 228 33 120 146 26 67 139
    122 19 82 210 229 109 206 118 97 112 222 39 4 76 58 167 48 224 81
    207 142 51 223 16 22 148 164 2 67 178 120 145 153 246 179 36 166 190
    28 124 221 17 75 213 105 189 148 82 102 138 187 226 7 100 7 145 55
    111 143 199 250 174 200 118 2 225 139 64 238 98 40 96 171 100 255
    134 168 254 59 213 41 193 19 118 143 81 86 80 65 220 154 145 223 64
    32 13 134 216 107 136 24 198 166 46 3 70 81 213 28 2 58 19 114 118
    212 162 54 171 205 46 34 182 110 109 233 23 131 6 32 99 211 247 49
    219 199 216 214 167 243 26 193 153 77 183 133 91 31 20 40 146 25 249
    185 137 224 105 122 95 29 6 104 165 195 174 38 166 33 247 122 253 99
    7 157 222 153 117 40 27 231 0 149 181 105 73 90 210 228 199 214 154
    159 135 200 248 157 49 143 66 29 132 170 56 48 147 110 3 191 135 0
    213 150 34 217 249 229 156 82 92 140 230 137 244 130 9 134 151 246
    200 9 245 109 89 146 178 37 204 189 25 46 70 161 41 59 197 184 236
    21 16 97 141 240 91 187 65 138 112 8 175 254 138 141 187 188 43 133
    254 98 248 64 10 112 161 133 141 244 24 40 121 143 212 127 74 128
    114 223 164 50 65 192 79 166 43 232 145 207 228 34 87 244 7 71 74
    125 12 101 8 206 7 145 218 66 240 132 35 99 134 75 176 19 29 186 52
    184 76 37 67 142 129 137 96 6 188 135 165 237 198 26 104 217 230 208
    152 13 167 201 45 172 195 221 13 228 216 15 65 103 233 12 249 52 105
    52 48 171 100 9 92 37 197 31 215 226 229 213 101 219 107 123 5 75 85
    45 7 233 65 135 122 169 95 18 15 36 118 30 107 110 17 90 248 174 64
    52 202 237 143 180 134 1 246 29 222 4 69 45 72 199 67 213 6 179 84
    129 121 199 210 123 9 169 144 37 94 239 78 50 143 36 54 154 92 167
    58 174 254 191 49 98 228 175 166 11 34 141 220 114 64 6 220 125 239
    23 37 250 58 172 145 3 91 7 35 254 161 123 17 116 90 243 141 166 125
    252 90 234 255 244 119 51 158 90 113 156 242 151 67 129 168 17 169
    156 103 37 32 22 88 222 251 223 36 86 239 51 112 190 184 129 209 119
    201 18 77 152 110 23 238 140 98 212 30 124 164 189 29 130 194 109 56
    153 243 86 145 63 252 248 174 18 112 183 199 8 222 155 107 74 236
    150 160 249 124 213 225 230 36 172 246 245 30 151 244 28 204 94 228
    230 194 181 220 101 240 134 141 223 45 30 141 142 203 9 10 2 11 228
    94 145 45 100 148 40 68 60 148 196 235 115 46 221 23 175 25 136 50
    128 219 116 140 236 110 243 226 244 148 175 150 102 85 134 229 22
    112 249 202 113 218 19 40 233 33 227 60 28 150 48 110 101 205 225 99
    243 110 245 7 174 200 38 80 194 220 168 27 138 16 111 243 129 114
    132 82 146 58 67 131 38 125 57 74 141 54 72 61 156 186 151 158 107
    191 232 38 167 28 61 228 74 207 75 135 252 109 169 42 168 176 93 228
    79 145 176 137 160 136 251 208 189 90 142 148 125 13 209 17 75 142
    51 132 86 126 198 215 9 223 248 23 17 233 109 154 64 181 218 115 19
    139 35 75 249 86 49 192 69 186 179 126 114 88 104 221 38 6 51 175
    128 215 108 189 75 186 251 47 196 159 5 113 164 199 196 246 73 167
    217 43 38 127 116 180 18 95 152 94 92 54 35 35 202 187 196 217 207
    67 23 159 171 52 63 65 165 29 49 54 68 90 66 127 109 210 200 236 67
    41 115 197 126 178 142 52 160 38 20 249 157 162 16 58 223 66 181 193
    205 87 32 95 86 68 130 40 46 208 236 114 186 37 92 4 174 69 104 182
    181 91 17 45 205 193 145 19 143 210 202 150 197 146 132 191 236 188
    164 72 31 127 74 99 224 135 36 71 165 175 97 184 150 172 85 81 99 9
    205 202 156 201 223 188 26 12 194 109 120 22 208 53 161 113 200 196
    21 156 147 86 91 31 30 247 148 217 166 128 44 26 183 103 85 135 219
    105 220 55 103 18 173 35 109 232 100 216 122 186 62 103 122 204 109
    48 204 127 129 64 208 61 165 219 192 70 25 112 5 122 151 101 83 241
    9 216 7 108 167 118 21 13 137 144 148 51 164 168 25 206 240 179 152
    139 203 186 120 17 213 75 71 134 191 157 120 227 106 87 238 227 164
    147 200 34 237 132 81 255 26 196 164 239 159 231 65 126 114 125 169
    91 231 23 159 233 184 39 49 169 224 172 27 135 200 227 32 42 94 129
    155 174 186 178 22 4 105 202 24 197 105 131 12 213 137 142 70 247 40
    108 48 140 172 69 89 129 166 219 179 224 253 72 64 176 220 144 229
    166 79 167 10 189 123 205 102 215 164 184 16 156 25 143 75 177 87 25
    200 43 54 187 243 71 215 225 169 157 147 229 167 252 83 109 103 76
    181 147 191 63 254 224 60 143 210 99 182 207 143 141 78 49 136 243
    108 117 219 105 183 150 183 114 221 119 36 64 51 103 104 162 230 246
    188 195 123 241 243 232 55 134 254 194 61 131 71 61 123 145 165 45
    64 179 107 0 215 114 138 243 182 17 35 153 166 127 44 35 133 18 116
    99 106 249 136 78 31 206 84 123 236 45 207 170 123 192 134 47 92 21
    155 35 156 184 11 237 185 151 196 123 168 132 191 80 207 62 37 21
    248 7 253 133 225 136 128 96 157 168 65 163 179 182 252 184 167 99
    227 240 69 24 231 89 99 143 252 155 8 5 220 75 184 148 197 160 142
    228 18 211 112 14 249 247 24 113 142 218 38 95 171 164 167 132 199
    194 148 141 223 208 190 70 201 144 102 134 134 193 16 136 187 4 205
    189 139 108 205 136 229 153 66 223 147 114 33 182 151 31 74 127 150
    32 227 97 243 154 210 120 211 74 223 18 236 117 191 93 245 219 117
    107 49 7 222 154 147 3 184 142 67 108 236 155 148 189 252 155 42 72
    207 115 215 134 154 184 31 228 100 223 72 78 205 156 15 244 163 97
    156 12 136 103 166 211 67 65 60 229 190 17 82 6 41 77 30 72 111 240
    61 68 113 135 166 151 250 227 221 97 160 117 105 127 146 168 226 19
    230 193 134 213 194 4 34 15 48 160 248 169 182 133 37 196 59 140 201
    8 245 53 212 177 107 71 248 170 120 199 23 153 30 13 100 41 125 14
    210 45 58 20 181 214 184 14 154 192 104 80 50 201 191 74 108 149 147
    87 62 231 156 44 96 170 188 184 163 211 36 70 81 208 137 171 99 129
    229 254 243 81 181 27 238 158 192 189 7 195 108 174 12 233 101 94
    166 75 51 188 217 63 166 249 49 180 22 176 67 219 183 106 228 17 56
    205 217 103 180 97 0 27 157 34 205 3 83 31 56 49 186 252 106 193 118
    91 106 127 152 189 31 169 2 197 133 69 253 23 232 129 141 148 5 23
    31 86 86 179 102 117 161 180 10 19 183 224 188 191 34 162 199 47 174
    238 203 161 122 214 107 170 196 45 19 241 230 63 241 157 78 182 130
    234 108 26 246 187 184 125 209 135 17 5 90 56 142 88 93 62 105 136
    123 26 253 205 228 84 173 29 138 175 117 188 196 124 56 223 148 87
    113 219 232 165 45 45 178 85 213 211 99 151 22 53 31 182 197 186 156
    80 220 229 111 65 73 217 146 211 97 82 47 126 70 96 190 69 1 235 65
    84 35 67 85 217 216 224 156 53 138 185 252 42 143 221 146 246 38 109
    75 165 167 73 157 59 198 116 3 176 219 67 212 252 159 69 28 124 255
    112 84 231 97 37 26 0 136 13 172 40 0 122 133 52 47 131 213 216 48
    156 145 13 100 49 43 153 76 5 142 196 179 93 212 27 30 34 47 108 249
    141 103 4 59 73 34 201 7 22 115 79 119 149 199 146 12 5 237 71 42
    135 127 228 175 241 85 119 143 60 119 197 9 121 253 181 193 156 104
    98 148 95 174 136 116 173 159 10 234 102 103 190 148 212 185 122 150
    218 134 17 2 245 184 103 205 82 118 224 0 95 172 227 43 234 34 200
    54 34 72 119 251 152 105 11 217 116 185 137 20 155 230 29 230 141
    116 104 137 74 6 0 233 170 19 228 221 225 57 75 71 208 41 221 237 74
    153 33 225 216 192 118 25 78 91 175 122 241 19 12 188 123 59 118 219
    216 38 62 205 15 237 107 177 234 22 156 80 254 222 151 130 184 27
    216 19 28 179 20 234 206 23 53 109 54 155 247 26 125 107 226 186 156
    21 83 130 62 202 55 95 57 162 6 159 183 0 91 71 117 153 19 10 68 17
    25 90 10 116 41 96 36 254 82 95 57 209 161 153 186 55 178 165 53 232
    67 224 4 62 44 35 149 72 43 120 101 6 137 197 102 254 53 148 82 9 37
    214 71 20 244 250 195 38 130 198 106 131 106 123 133 92 144 202 118
    202 211 209 33 140 9 1 185 92 40 251 186 171 247 117 48 237 104 201
    211 247 7 195 194 203 98 219 18 254 133 152 72 234 168 145 237 144
    210 254 35 4 216 49 43 199 193 95 34 4 130 137 1 190 230 247 60 207
    20 42 26 54 29 193 45 191 68 128 17 252 244 247 104 199 157 105 120
    187 81 231 141 186 163 109 185 68 141 250 168 252 240 246 213 186
    109 183 236 68 107 219 46 173 203 85 218 204 5 33 154 220 74 117 171
    247 39 34 48 94 41 215 218 106 249 53 46 212 91 220 146 16 77 26 26
    161 8 46 54 132 138 17 28 206 119 70 12 105 73 255 225 64 199 26 98
    223 204 0 20 72 121 69 233 55 79 187 166 251 108 177 155 37 16 135
    77 235 94 154 170 13 160 191 171 115 17 4 113 37 81 193 86 19 103
    161 99 125 33 248 104 0 173 4 197 29 32 224 121 25 200 92 45 101 200
    87 147 44 0 197 8 117 139 120 192 156 181 239 212 81 219 160 144 120
    213 132 26 177 98 133 188 169 141 166 205 247 200 176 188 110 163
    212 64 125 231 141 66 158 109 177 200 24 85 190 190 111 46 221 1 104
    90 225 73 51 123 42 10 157 35 127 212 222 198 59 93 171 102 239 144
    29 34 140 132 148 90 89 104 152 88 121 204 11 164 152 92 57 216 99
    114 136 73 86 220 154 131 51 65 186 215 119 224 168 103 27 163 225
    177 43 20 14 229 8 12 109 175 238 234 255 153 168 74 136 6 182 239
    223 170 128 101 146 154 111 182 43 71 126 37 119 178 242 40 45 155
    35 204 54 183 46 174 44 20 236 10 23 48 194 248 195 45 111 248 58
    233 64 207 18 194 233 184 204 189 150 154 10 139 205 93 41 155 42
    164 43 67 184 37 253 44 243 137 228 112 188 188 179 80 230 108 191
    168 70 77 115 137 159 80 64 109 159 94 27 136 104 138 187 161 30 215
    109 43 250 186 178 201 254 36 237 92 18 194 170 68 218 72 67 68 28
    147 9 16 163 168 89 234 112 222 97 75 120 226 168 235 108 186 206
    200 87 1 69 47 143 175 89 231 39 182 108 162 43 93 161 222 187 204
    107 76 103 194 74 14 116 199 141 97 201 156 19 39 180 91 118 200 220
    221 70 177 28 10 25 208 11 197 175 24 229 187 145 223 163 73 166 68
    191 114 226 220 71 111 203 186 29 222 165 248 67 56 166 81 206 91
    219 41 12 126 241 237 148 110 184 124 95 106 32 175 121 113 185 14
    129 253 185 24 77 21 83 77 237 232 104 20 65 98 123 147 230 168 154
    179 150 150 249 194 6 48 16 48 248 66 192 129 202 26 12 85 71 139 93
    198 155 174 117 77 190 127 159 105 128 166 128 153 221 171 86 31 250
    208 22 182 182 144 158 171 157 57 133 163 189 17 139 212 62 85 95 41
    15 168 13 84 162 246 85 156 3 83 28 77 174 99 140 228 4 183 160 154
    176 73 170 248 139 235 103 201 236 125 125 158 229 185 251 196 249
    30 181 24 119 55 69 92 201 195 101 101 80 71 161 144 16 106 228 115
    90 97 32 2 80 148 113 48 58 160 138 210 162 182 160 162 29 53 240 46
    135 63 195 129 0 3 239 42 203 100 84 86 68 157 221 161 119 146 236
    237 40 130 33 184 183 164 52 213 184 65 88 51 50 131 228 93 52 172
    193 244 175 116 1 145 2 117 151 102 147 168 69 220 14 143 146 210 54
    6 24 129 58 62 211 248 35 25 198 102 230 196 92 168 217 253 7 28 48
    100 37 131 154 40 51 216 2 214 197 231 164 57 162 251 20 183 189 128
    229 88 37 199 204 177 8 110 82 83 106 203 39 162 65 108 26 201 31 17
    35 76 99 12 162 138 138 151 80 83 231 152 37 237 228 1 61 135 7 99
    48 29 113 41 13 132 140 107 167 6 241 201 162 152 96 236 54 27 126
    218 49 13 245 52 215 186 155 96 249 242 153 117 109 145 239 129 5 23
    118 140 77 22 191 39 182 211 62 16 30 156 168 126 3 150 24 178 217
    184 136 196 192 13 238 238 64 230 114 133 215 132 249 54 92 175 111
    30 245 194 32 222 181 23 123 200 238 168 235 115 30 134 131 142 170
    214 203 239 17 212 2 64 142 179 214 40 115 132 215 157 18 192 138
    170 29 84 48 159 83 36 238 88 53 192 36 132 69 185 11 91 16 62 58 7
    55 131 128 236 102 155 78 137 56 146 155 182 50 132 141 12 137 108 8
    225 25 108 48 134 64 197 16 164 13 151 207 241 49 204 209 28 226 230
    180 228 107 203 234 193 216 51 243 244 77 7 192 92 217 80 206 51 177
    17 171 70 13 214 81 239 21 156 179 136 232 192 157 117 91 25 107 87
    194 32 112 172 81 179 143 109 52 166 27 26 127 240 100 103 224 193
    132 99 146 149 140 84 177 141 196 74 30 28 5 151 187 159 245 35 58
    230 212 109 93 70 126 154 140 39 137 177 122 68 235 234 131 174 218
    222 60 143 18 4 112 211 252 141 71 143 39 222 192 34 29 142 251 239
    64 54 159 218 235 251 169 94 127 22 229 233 118 26 179 167 68 130 20
    134 63 106 136 188 147 148 240 205 45 124 218 195 145 78 85 19 128
    75 82 74 150 224 168 97 1 232 110 252 242 58 0 47 41 213 37 211 242
    10 148 59 243 241 82 130 148 151 97 87 0 199 58 83 170 243 252 72 22
    207 167 163 101 183 212 214 43 79 201 63 206 251 98 75 246 79 203
    254 17 208 129 218 187 191 203 95 90 170 3 180 117 143 16 236 36 249
    122 244 200 37 237 47 4 124 43 142 169 254 29 242 113 161 27 252 42
    3 27 166 95 142 22 91 176 152 100 250 150 110 158 26 103 199 173 200
    113 177 15 255 252 170 164 237 71 125 232 33 225 182 114 190 124 198
    116 231 234 253 131 228 180 216 97 5 231 133 132 158 30 175 6 50 212
    18 21 76 237 148 201 81 30 185 145 174 177 93 249 25 165 128 208 162
    160 214 175 151 44 143 32 92 152 130 143 159 74 60 218 119 115 129
    199 52 249 158 96 238 165 215 181 55 115 219 66 80 180 255 204 156
    32 61 5 2 19 46 197 189 7 185 39 107 217 240 217 148 244 86 247 253
    18 190 173 232 15 225 254 115 126 132 80 229 140 137 223 51 90 75
    191 208 216 36 16 15 69 249 117 240 48 202 151 66 106 73 28 120 33
    101 40 163 214 218 71 78 100 214 80 161 223 9 150 126 180 224 252 9
    126 20 211 85 179 249 220 31 254 181 120 225 134 75 128 117 121 137
    214 116 236 138 67 6 101 116 189 158 146 150 87 250 126 46 131 190
    49 97 223 159 241 255 28 189 100 46 115 169 38 103 111 43 84 67 233
    157 109 202 240 123 250 33 164 247 18 246 66 42 209 228 88 122 96 24
    96 24 160 124 114 147 241 222 173 203 92 83 76 22 40 180 94 204 186
    247 213 198 41 244 28 112 43 232 116 34 182 129 166 197 31 60 222
    121 79 148 57 71 43 207 56 138 20 35 252 70 238 92 95 207 202 128 17
    174 156 224 74 188 130 40 249 94 241 3 251 174 183 61 188 180 111
    173 239 252 94 207 2 119 134 68 182 201 219 175 0 126 212 19 136 98
    143 159 87 52 103 193 221 25 105 59 143 87 10 40 126 63 17 222 199
    35 16 47 112 12 200 129 55 22 211 43 163 17 57 149 202 16 169 79 192
    1 131 224 48 211 74 42 171 80 30 233 11 61 121 127 57 186 27 109 132
    84 189 131 152 57 94 115 95 16 28 222 83 57 174 6 240 132 200 253 94
    251 40 212 166 247 141 125 146 81 230 93 32 68 57 185 71 104 131 128
    133 222 139 251 69 63 222 1 0 240 14 99 182 35 53 183 155 198 187 46
    155 138 241 42 191 213 127 135 202 214 76 134 214 229 43 5 78 109
    126 143 129 61 107 250 141 75 222 230 92 95 111 30 207 208 190 185
    166 162 168 20 150 100 117 144 235 106 110 47 102 140 147 17 22 164
    39 74 251 52 118 252 52 230 200 12 30 32 124 44 146 164 12 193 146
    38 52 137 237 3 22 48 138 76 192 120 55 151 179 201 85 93 31 72 10
    112 212 5 110 124 6 234 94 164 24 219 88 0 153 124 127 42 58 51 39
    216 200 116 211 142 181 102 63 169 127 56 61 74 138 165 157 38 233
    133 32 46 52 158 215 50 155 55 33 218 11 149 63 102 220 67 90 190 47
    164 15 142 110 42 66 65 41 134 210 173 60 90 122 47 94 182 255 40
    145 194 175 156 31 140 140 152 145 134 63 107 3 66 34 235 154 213
    154 253 92 78 144 109 189 109 129 116 50 77 64 30 48 149 165 236 47
    44 79 155 169 231 57 252 249 142 11 144 250 108 155 116 216 204 107
    54 95 249 168 234 188 98 48 30 74 91 228 51 33 136 181 154 255 37 45
    233 92 67 60 137 185 174 40 64 104 186 195 249 40 204 138 80 240 229
    106 194 120 50 67 83 246 18 52 165 64 150 165 226 152 248 133 125
    237 5 143 255 157 191 236 209 240 7 206 248 122 115 191 164 106 227
    109 5 221 34 21 252 21 160 245 182 81 68 30 212 121 62 244 246 107
    19 44 127 89 229 9 98 86 144 77 204 231 193 20 46 250 161 194 25 140
    134 115 127 63 83 250 124 138 22 17 176 253 177 137 49 10 241 52 191
    222 240 199 34 46 228 1 190 204 1 93 0 254 214 200 196 177 208 216
    83 190 227 142 177 99 44 184 158 89 104 231 236 52 54 53 62 184 15
    145 158 220 184 89 165 221 22 230 95 196 55 143 18 136 158 99 18 195
    31 170 19 211 181 191 89 124 96 204 222 226 169 215 242 201 48 202
    121 115 176 183 151 161 100 208 64 32 181 204 109 24 97 196 69 66
    146 153 58 245 192 116 223 184 144 76 238 75 62 237 160 41 157 229
    235 151 171 227 3 235 241 41 153 241 216 203 104 89 59 177 92 89 41
    102 97 114 173 196 14 85 242 66 32 118 134 145 47 83 186 1 169 183
    33 173 181 117 155 185 68 32 6 86 192 29 112 63 140 165 141 123 108
    237 133 53 64 218 111 103 43 69 108 53 167 76 221 6 216 176 48 178
    207 133 26 150 82 145 132 65 110 63 29 152 12 170 70 172 246 71 251
    26 98 14 62 231 209 145 68 156 212 228 189 217 223 10 158 56 92 137
    103 220 236 16 181 202 8 205 108 144 176 179 19 177 38 62 159 205
    233 13 82 100 12 212 81 146 243 64 111 140 168 2 39 116 49 159 19
    143 6 184 5 67 162 241 155 120 240 56 101 172 126 248 253 216 175 45
    51 143 3 57 39 251 94 108 46 117 184 196 102 54 238 211 0 249 52 88
    80 248 223 2 130 203 255 170 220 231 120 161 216 70 89 229 70 104
    159 199 16 107 46 201 25 57 187 105 243 173 162 144 201 81 244 44 91
    85 228 161 77 87 234 244 132 120 218 225 38 106 31 197 96 104 164
    163 147 113 144 103 160 18 109 225 227 44 68 246 246 4 124 202 37 89
    28 86 28 18 10 224 190 81 202 141 30 230 134 206 1 178 35 119 16 41
    192 3 242 222 218 131 249 96 245 27 148 194 57 145 237 119 9 96 39
    64 230 17 48 138 135 172 156 114 231 186 16 212 14 202 235 246 196 5
    112 235 243 148 72 191 187 155 139 126 119 19 48 35 212 91 103 132
    149 219 215 63 112 28 105 218 234 87 147 235 13 213 34 85 19 107 100
    182 165 90 144 9 115 202 42 10 136 151 137 53 230 123 77 97 90 85
    117 69 65 75 24 166 248 240 102 162 211 250 77 85 216 84 116 60 158
    130 59 205 97 222 87 119 94 170 81 29 230 173 239 42 120 28 165 21
    191 86 160 29 12 144 205 159 108 238 106 236 44 201 235 125 120 0 24
    33 81 5 194 106 84 250 168 26 123 167 154 197 53 104 238 255 210 80
    70 238 214 177 220 203 36 210 29 74 222 103 250 201 66 38 116 161
    246 155 111 87 184 184 198 225 145 36 68 181 220 234 108 193 234 37
    255 72 76 97 200 69 187 112 241 15 223 29 183 39 129 63 11 207 103
    152 65 47 105 242 158 72 43 82 204 74 78 113 85 233 194 6 215 226
    163 213 5 128 151 218 237 152 211 72 33 132 179 186 175 240 217 121
    62 54 180 130 92 101 111 171 14 123 239 86 122 149 161 128 139 138
    113 208 195 140 244 73 106 131 27 204 76 88 178 235 2 8 190 77 177
    55 146 83 132 247 49 71 108 14 50 53 215 92 38 225 68 111 229 245 35
    142 14 113 192 60 153 220 132 183 92 65 16 73 254 71 131 11 130 224
    83 70 149 18 65 106 41 4 152 127 185 93 172 234 7 16 60 151 70 107
    213 191 141 228 179 207 42 180 34 63 173 250 198 178 66 242 130 116
    141 3 104 108 127 94 30 94 240 104 27 30 206 162 251 116 25 8 174
    159 224 184 133 49 51 250 175 191 40 77 52 181 104 108 155 196 200
    252 77 230 36 119 172 219 148 38 0 88 161 53 94 50 191 74 96 230 21
    133 131 218 13 165 43 93 86 253 160 142 10 129 197 214 155 46 99 192
    193 69 79 79 135 20 33 158 10 113 92 26 152 123 32 226 100 176 8 41
    29 5 113 26 7 254 81 63 69 170 205 147 117 113 67 75 80 131 161 216
    192 9 195 5 68 188 181 222 84 5 58 53 140 228 246 11 129 116 24 4
    213 147 91 77 201 217 34 45 135 27 16 217 74 56 68 111 127 42 34 23
    84 105 235 6 207 108 8 177 187 17 15 130 70 1 35 25 240 235 52 35
    243 41 191 127 179 152 161 199 24 2 75 194 221 86 59 30 74 161 180
    85 87 227 244 177 65 187 0 53 227 191 1 20 245 28 137 201 161 134 63
    113 13 64 153 218 96 28 198 150 21 210 80 80 101 148 198 1 109 9 226
    135 146 85 5 164 7 108 255 122 240 180 135 145 120 198 155 168 171
    168 125 120 131 95 184 26 14 245 55 54 201 54 79 186 254 128 82 81
    145 34 72 152 100 124 186 32 15 30 171 117 165 188 188 210 50 21 9
    239 173 46 54 77 1 182 137 244 118 26 226 219 107 159 60 199 134 22
    147 242 171 194 162 119 139 73 243 24 91 236 41 68 83 73 161 74 230
    115 46 255 148 50 155 140 54 101 127 76 179 255 192 1 253 144 167 83
    196 231 147 217 182 228 194 236 52 121 214 9 40 69 163 108 145 96
    129 48 222 233 109 146 211 84 103 6 128 165 194 11 21 167 80 124 153
    31 86 141 199 80 201 74 66 138 33 248 78 119 138 232 59 193 91 126
    236 20 84 2 225 65 252 219 166 157 245 85 125 50 188 200 78 137 254
    118 238 139 228 49 253 140 0 200 252 26 48 1 240 143 70 44 209 84
    162 241 24 117 130 185 136 241 153 173 159 87 199 52 62 7 37 103 200
    112 175 100 216 40 181 172 210 3 170 124 43 159 70 166 115 106 200
    26 101 55 137 200 192 1 156 121 131 230 123 69 65 232 37 185 56 113
    172 71 36 165 215 76 65 44 166 46 81 204 29 60 250 213 88 204 73 202
    9 105 15 202 187 41 153 47 6 232 20 72 197 139 45 254 127 190 53 14
    232 156 128 54 85 110 147 72 15 69 50 141 212 74 189 193 45 145 108
    24 201 107 84 254 168 41 33 235 37 90 96 249 237 44 189 235 198 126
    233 245 3 40 121 206 135 207 104 154 187 206 202 50 225 40 159 7 159
    167 166 17 238 27 218 114 133 242 1 86 92 163 247 18 74 36 228 40
    109 161 140 131 96 152 101 255 161 226 21 67 182 197 199 202 255 234
    26 102 27 136 82 7 214 29 132 61 91 176 118 45 197 76 226 118 86 107
    24 17 106 29 233 73 191 7 37 7 235 75 30 209 143 124 77 64 125 75 44
    116 127 70 10 149 239 138 146 157 209 181 203 28 200 231 128 182 56
    223 207 224 13 113 51 11 226 123 238 152 87 216 179 170 67 254 101
    81 127 85 85 191 222 105 149 218 132 7 243 40 13 53 217 34 113 172
    232 41 190 123 96 167 242 22 5 134 211 100 239 235 146 166 58 133
    145 76 109 53 2 223 193 43 210 152 29 180 225 211 93 177 204 142 162
    1 240 71 197 93 89 129 44 42 254 205 151 67 127 212 254 66 6 54 238
    190 184 226 163 240 2 14 130 139 36 171 87 10 245 35 192 211 240 163
    187 206 105 200 32 73 19 102 24 91 64 51 4 204 161 241 17 141 230 72
    154 167 14 27 158 127 250 110 156 251 65 199 77 78 227 195 20 24 85
    44 92 97 131 174 3 203 105 224 71 147 155 52 76 67 31 24 73 194 246
    106 18 20 33 58 6 71 53 216 78 136 100 143 155 162 126 103 81 48 6
    187 115 101 39 242 208 189 104 227 1 250 128 132 173 237 124 104 244
    240 219 250 242 170 36 236 13 114 91 220 126 121 222 134 42 159 93
    25 68 96 84 144 179 8 219 237 217 9 238 22 212 98 41 126 70 31 62
    183 119 159 22 43 32 205 135 166 248 248 73 170 63 108 176 104 188
    106 99 161 32 180 241 137 141 174 121 204 218 166 184 29 170 84 171
    151 56 74 23 209 11 22 120 67 244 114 174 242 138 227 189 220 145 87
    180 168 57 27 166 47 181 149 163 167 193 142 8 45 174 49 153 205 158
    171 175 59 138 30 124 87 248 132 127 216 169 0 69 19 142 133 123 35
    160 191 26 168 193 206 238 51 203 63 203 221 21 51 237 208 113 238
    67 165 26 136 69 170 169 25 2 217 111 224 181 247 170 117 166 152
    167 221 12 235 136 75 88 16 36 53 15 3 162 148 218 3 188 241 217 52
    157 217 255 249 100 111 9 142 102 199 123 110 43 139 200 154 13 85
    95 236 143 243 232 53 227 177 177 142 0 193 223 45 67 3 192 91 102
    40 188 184 228 192 11 21 209 185 77 105 16 174 188 114 128 91 188 46
    114 68 129 158 135 205 228 163 182 181 88 216 237 182 116 104 210 77
    107 165 140 46 66 241 66 222 114 185 75 14 162 54 66 194 37 174 113
    161 209 90 68 180 77 121 199 231 140 94 117 82 189 118 92 97 195 216
    0 48 17 143 66 210 110 222 168 207 157 196 147 131 130 103 208 140
    209 11 193 0 52 11 24 152 71 191 204 95 98 225 237 89 148 197 119 69
    116 170 182 94 73 191 246 236 146 28 108 212 104 73 253 120 135 106
    221 75 135 178 100 11 80 118 195 99 67 238 31 37 238 69 158 183 85
    229 203 74 13 159 160 63 202 72 131 158 29 81 176 205 71 208 26 224
    81 84 134 240 59 21 27 105 25 85 7 223 223 64 69 27 61 25 242 175
    210 106 172 231 76 123 87 30 131 153 117 220 212 234 158 227 57 171
    249 88 227 10 185 62 155 27 149 238 103 207 119 43 195 116 151 193
    215 204 53 240 173 205 244 156 94 136 156 235 227 177 47 244 165 182
    254 142 251 155 250 205 191 81 139 11 238 213 204 65 62 56 127 9 136
    230 200 184 199 49 173 109 7 71 45 254 140 107 80 29 193 35 170 76
    220 50 101 171 194 222 26 195 15 51 36 107 122 34 12 5 151 31 186
    247 60 162 138 186 150 47 37 227 79 91 169 251 54 98 162 47 155 24
    167 23 151 1 97 239 1 48 128 160 15 130 242 135 187 205 25 61 147
    241 106 170 8 105 6 26 150 254 23 189 65 155 138 186 58 68 209 199
    242 142 185 106 90 95 217 76 243 182 1 31 23 186 35 152 140 128 22
    244 100 113 147 18 104 86 234 114 98 7 45 50 169 167 42 144 63 243
    191 75 39 226 222 160 182 159 55 51 72 95 185 188 9 34 121 115 73 30
    30 42 79 90 212 230 33 175 128 13 86 121 182 59 233 0 79 31 167 178
    174 241 245 216 94 221 33 77 67 250 115 120 62 151 152 87 1 16 131
    43 255 133 127 159 141 150 191 183 103 112 18 132 27 82 184 109 148
    54 171 109 33 24 157 183 185 184 239 62 76 104 97 137 67 71 223 144
    198 18 253 247 195 121 91 137 6 188 32 141 216 74 170 198 61 28 155
    209 167 218 163 247 36 73 80 108 91 212 107 23 19 21 195 112 15 110
    40 135 162 1 46 245 47 88 92 56 152 229 7 19 230 41 40 195 181 241
    211 89 11 171 138 9 127 127 96 22 122 202 148 162 174 28 214 253 117
    206 238 243 63 149 28 254 155 239 225 169 251 232 11 24 64 27 18 174
    111 78 80 153 136 161 149 137 95 169 115 82 63 96 208 46 231 149 209
    112 167 164 102 78 247 251 46 124 191 53 22 155 40 58 20 96 24 168
    131 57 109 59 57 36 192 65 208 251 42 59 240 176 1 167 201 3 238 113
    73 222 44 199 43 179 40 252 29 105 154 23 70 47 87 141 178 88 205
    197 226 193 47 240 207 224 69 64 150 145 133 76 181 77 194 6 149 95
    99 41 136 66 17 240 95 181 1 85 73 252 97 142 221 201 201 148 59 135
    103 40 21 108 36 157 239 163 145 81 204 5 73 250 45 103 101 96 44 37
    164 233 235 145 23 190 249 113 191 253 109 165 42 239 243 231 134 25
    198 144 177 143 131 60 103 209 167 158 3 114 144 163 167 120 82 208
    204 185 150 31 190 159 244 168 186 141 184 177 148 71 161 4 65 210
    189 54 93 188 53 70 53 196 153 68 56 223 158 138 127 217 238 75 238
    214 29 106 39 159 124 109 34 123 234 209 136 203 80 136 131 172 228
    51 233 107 18 86 147 178 28 245 28 251 209 89 250 32 228 143 116 160
    73 124 73 193 1 188 126 225 77 199 85 201 144 43 10 136 179 86 235
    58 84 37 177 145 251 131 41 251 236 231 181 13 118 187 109 136 91
    146 29 67 241 253 113 191 112 98 12 199 127 253 194 3 97 76 236 184
    206 82 73 98 187 153 231 213 151 176 211 71 147 158 37 56 179 230
    158 113 151 148 235 71 115 68 1 49 61 44 144 237 246 173 69 51 218
    106 231 248 6 173 186 228 253 228 11 118 238 66 21 134 186 103 193
    240 53 199 118 107 75 64 47 105 184 48 96 68 203 224 224 129 64 102
    250 69 219 192 4 57 78 32 133 242 26 38 46 175 229 142 28 44 253 56
    155 112 104 167 35 182 8 3 236 70 186 217 251 57 185 161 149 178 143
    50 36 20 43 115 85 111 92 46 253 119 67 188 107 141 65 62 219 224 36
    244 197 100 169 134 13 76 209 85 234 112 94 28 134 232 40 110 214
    106 1 68 77 214 219 57 42 92 91 221 186 34 167 144 171 153 98 219
    106 220 161 184 37 113 99 145 60 63 201 133 172 1 17 74 67 170 95 3
    20 96 228 54 146 255 68 126 55 70 176 39 144 30 5 194 97 121 241 186
    183 64 99 66 124 131 56 228 165 173 242 128 5 217 139 83 6 111 169
    21 54 210 11 210 189 152 12 231 49 132 193 95 94 134 202 115 103 199
    220 85 212 124 94 6 1 0 102 53 175 127 104 134 153 178 78 209 98 168
    33 74 48 138 132 20 246 235 80 216 8 212 216 51 128 84 51 160 211
    176 117 25 182 229 64 9 57 172 216 101 79 238 16 104 166 250 5 45
    198 39 238 245 112 16 18 122 168 143 27 59 41 78 89 136 107 62 31 10
    160 23 233 2 83 146 110 27 158 87 39 66 191 110 231 134 157 174 5 78
    144 35 52 210 93 230 226 235 60 133 172 138 155 159 197 240 59 164
    15 202 180 75 31 109 39 192 188 34 200 236 24 213 217 11 114 29 111
    74 21 50 70 155 124 38 117 41 181 231 139 27 57 205 208 179 199 105
    66 153 136 227 215 41 108 196 130 114 245 240 56 42 86 49 190 190 34
    205 157 157 184 163 211 82 185 114 180 55 245 142 66 185 170 238 49
    182 46 106 187 140 199 107 97 91 52 146 237 20 197 210 58 100 228
    190 148 116 87 110 239 78 8 235 123 141 170 196 62 86 143 128 138 67
    235 123 243 177 239 157 194 132 37 136 14 133 179 8 16 171 239 149
    17 239 227 43 94 55 239 186 87 49 115 170 57 153 67 86 81 211 53 21
    156 108 104 113 66 247 9 191 93 108 57 136 134 39 74 3 12 185 65 220
    71 133 69 50 108 222 80 67 228 63 128 116 82 173 26 0 187 145 56 218
    208 224 175 107 165 13 156 223 45 99 103 177 227 209 77 194 5 17 26
    234 216 24 64 254 232 183 71 248 68 243 144 103 133 192 59 200 153 4
    242 138 166 207 13 33 65 42 110 18 227 89 177 208 10 149 108 213 217
    43 182 123 38 170 111 25 168 115 122 84 183 245 132 246 1 233 43 30
    43 85 31 103 226 246 255 223 240 237 22 210 49 137 48 250 86 138 188
    145 0 161 163 232 203 5 250 137 43 217 142 10 52 124 241 70 167 245
    127 35 184 174 227 95 99 187 42 45 65 234 123 172 15 222 57 114 190
    57 22 172 249 18 185 5 182 44 184 85 64 214 210 232 76 195 246 173
    123 234 163 202 7 218 11 211 41 49 1 8 98 131 205 99 216 42 183 172
    230 1 169 192 98 58 108 209 203 155 191 17 37 74 197 148 100 56 178
    67 215 213 164 225 19 233 176 184 194 1 136 63 92 52 213 37 89 28
    211 45 78 111 204 196 48 95 169 223 37 14 20 232 222 81 63 254 24
    241 208 129 49 254 217 106 30 111 194 253 103 148 144 234 176 209
    117 86 248 100 119 238 68 101 149 233 27 246 249 152 74 158 23 63 1
    212 176 209 154 43 82 244 8 123 79 8 76 255 146 3 239 106 59 120 54
    228 244 136 214 32 179 251 176 48 43 4 37 209 231 76 219 89 21 251
    246 208 13 160 12 38 94 72 57 36 141 212 64 149 185 74 142 240 212
    56 183 152 192 156 147 23 186 174 185 40 145 151 117 172 97 245 97
    34 71 183 211 59 229 6 246 57 190 189 165 44 18 148 208 208 147 92
    34 221 76 58 207 231 168 181 54 244 10 236 172 19 124 75 181 87 173
    74 222 79 110 42 48 99 62 81 207 206 192 94 245 174 59 255 5 211 42
    207 29 49 3 101 63 234 37 37 232 157 134 44 177 208 112 140 61 9 217
    27 166 3 64 235 158 124 196 194 120 59 224 54 30 77 40 123 50 109
    254 164 57 35 230 156 116 191 162 163 253 33 23 106 182 88 253 42
    198 134 222 50 167 232 57 47 135 214 168 119 45 97 147 184 108 99
    114 42 9 32 123 175 61 14 147 59 155 223 109 117 22 227 173 124 242
    228 229 193 120 218 249 186 17 169 205 172 33 133 233 16 138 251 75
    90 95 154 154 144 5 188 173 204 187 218 243 215 99 216 156 127 82
    113 149 157 204 173 150 193 125 120 28 211 57 243 49 188 161 101 193
    138 3 56 249 230 216 14 176 157 99 187 192 5 149 52 69 96 2 207 72
    212 74 189 190 177 121 27 184 199 206 167 244 166 60 6 209 191 180
    203 61 158 184 141 126 79 244 188 122 197 184 5 0 91 215 45 254 247
    38 125 207 227 98 57 86 176 67 141 150 39 166 158 254 26 179 10 138
    134 201 252 193 199 60 165 67 66 64 11 4 75 219 32 132 131 120 119
    129 194 233 162 82 208 242 12 47 164 52 186 105 5 172 157 37 235 55
    112 5 46 31 81 43 176 16 210 81 205 6 250 51 134 77 48 76 118 238 62
    190 18 155 152 13 205 22 216 221 12 95 228 124 143 158 193 12 47 167
    46 102 6 111 105 193 52 39 158 217 91 171 176 106 165 250 150 163 51
    42 228 180 63 35 107 182 121 144 187 242 207 100 222 122 28 203 254
    15 5 161 137 187 217 3 99 20 227 212 157 246 217 17 32 11 246 147
    180 97 25 188 153 106 141 36 165 126 205 71 168 205 13 108 153 218
    10 49 104 213 100 137 121 54 158 208 110 159 65 122 182 176 150 189
    1 33 145 241 168 153 134 94 181 96 70 57 159 146 90 244 95 147 232
    230 146 189 104 47 10 89 63 82 40 141 87 125 58 183 155 141 12 112
    194 128 19 238 50 245 243 227 151 193 133 237 168 187 76 202 233 175
    61 104 11 103 243 179 90 217 37 145 219 165 46 170 149 198 155 53
    208 180 147 49 148 174 221 65 121 107 171 211 226 13 232 121 4 106
    79 168 224 172 76 182 28 252 47 244 246 23 10 244 30 4 254 145 72
    247 139 239 203 186 98 164 154 180 87 34 222 244 146 131 128 226 94
    108 72 74 99 42 131 127 105 126 233 82 198 46 127 216 187 31 47 71
    172 94 18 202 152 125 175 48 89 132 200 176 43 166 32 108 161 36 140
    17 34 24 29 70 23 51 218 238 143 111 238 212 46 46 68 106 237 76 83
    64 227 4 96 167 198 153 225 5 218 9 80 195 71 178 73 55 147 81 177
    13 250 29 67 204 185 4 4 141 206 82 150 55 43 181 85 199 101 24 229
    97 169 101 137 5 125 128 51 117 82 213 212 58 177 244 163 251 180
    193 163 36 199 80 159 193 230 210 246 248 89 118 143 159 216 203 178
    255 31 251 178 38 156 81 176 134 99 124 93 205 108 77 186 51 45 52
    241 133 159 186 213 35 239 155 136 132 150 112 52 12 208 143 5 71
    210 224 218 220 93 247 10 78 188 89 36 24 223 39 17 129 237 252 96
    156 9 28 21 241 189 64 134 202 1 195 146 196 37 53 200 40 134 59 25
    175 196 49 135 54 69 138 142 50 70 142 229 44 82 59 61 139 228 134
    12 83 79 60 201 175 249 154 40 96 174 209 65 123 31 160 185 203 56
    134 83 165 205 42 129 207 140 204 93 207 255 163 112 31 109 59 169
    246 3 97 231 106 194 247 123 94 220 81 16 242 171 195 14 101 165 132
    15 98 187 80 129 179 143 200 97 106 16 219 163 137 35 208 54 142 40
    123 183 102 180 151 139 144 59 183 5 186 138 254 196 69 69 232 122
    240 192 222 66 49 203 143 51 131 60 25 89 75 23 160 59 59 108 30 247
    85 229 97 111 66 125 16 237 237 212 85 210 95 164 231 76 123 99 245
    220 204 229 230 116 54 76 91 223 198 124 176 138 113 49 119 8 97 241
    18 150 75 129 42 151 124 144 165 98 10 52 114 34 69 183 180 96 138 1
    81 189 209 112 127 39 213 148 159 198 65 108 130 151 213 35 144 183
    231 161 211 165 57 190 186 163 78 141 176 69 160 33 130 244 140 122
    10 106 169 136 91 231 236 25 216 47 164 60 229 81 54 252 40 212 243
    21 215 211 252 16 109 16 255 238 68 237 156 172 204 213 96 153 85
    123 3 90 183 40 147 202 118 5 209 118 163 144 193 229 16 152 211 199
    67 136 206 108 79 177 6 81 3 127 200 84 225 170 66 81 249 232 69 76
    28 25 231 223 127 107 151 181 199 160 220 251 109 227 219 49 191 33
    153 127 47 139 98 186 147 141 249 167 239 253 105 5 227 176 11 220
    11 183 249 146 203 54 161 216 145 242 247 128 58 93 62 232 42 52 211
    206 38 51 248 40 3 130 99 196 153 211 161 53 100 117 62 182 119 78
    116 61 63 183 229 168 223 104 239 202 26 177 145 253 9 38 94 201 223
    227 125 80 162 52 48 179 51 151 40 214 42 178 94 91 245 140 155 136
    210 156 123 222 226 217 159 10 62 191 221 161 242 238 45 62 233 208
    183 11 241 40 155 232 144 197 144 173 117 79 14 196 188 146 99 191
    176 215 4 246 146 86 129 201 5 115 7 144 217 157 103 107 117 246 40
    224 137 216 218 255 232 159 95 123 172 82 198 222 228 237 174 213
    252 191 247 65 5 83 38 145 172 132 205 3 187 195 106 115 225 255 145
    34 84 3 243 47 120 156 249 44 68 207 73 57 16 87 98 213 189 70 0 130
    122 244 204 126 168 47 163 14 229 198 27 163 239 9 141 245 243 27 86
    186 210 126 22 203 143 184 75 252 140 150 117 219 128 216 235 172
    175 53 64 18 131 16 5 241 252 6 133 105 84 79 162 82 156 148 3 75
    219 212 33 83 108 12 70 39 233 155 187 158 145 199 11 253 71 235 62
    159 230 182 76 49 1 121 192 4 45 163 93 141 47 105 113 128 165 255
    193 211 241 118 153 137 188 54 165 67 146 148 81 166 142 16 43 77
    229 197 79 239 111 29 213 8 67 156 22 113 255 167 93 142 167 20 11
    149 101 94 146 130 87 98 155 87 97 156 32 125 48 215 146 72 205 138
    26 141 175 235 137 205 107 136 109 110 245 53 174 173 103 78 12 50
    92 170 145 114 240 139 190 11 149 194 184 132 210 184 133 232 132 71
    20 56 17 245 105 99 162 173 121 217 69 177 43 152 251 84 33 34 41
    100 127 222 85 130 229 115 199 118 11 139 90 161 189 80 50 164 201
    232 42 114 249 56 99 174 247 90 229 218 185 95 7 147 122 171 25 51
    50 109 234 221 40 31 62 212 227 187 131 146 115 219 123 157 156 240
    20 4 24 181 248 48 195 166 156 236 51 252 21 244 161 234 98 103 115
    41 234 236 33 132 187 206 185 109 72 249 90 172 66 192 19 109 35 215
    127 205 173 20 148 186 34 112 161 3 252 45 247 207 155 138 249 42
    227 77 41 60 46 54 69 143 176 208 80 124 210 188 26 130 90 168 75
    204 89 127 95 89 57 69 253 192 172 99 91 19 197 140 150 251 59 2 146
    155 14 11 14 51 212 207 32 76 51 89 85 96 218 215 51 106 51 69 144
    222 241 241 238 82 15 133 7 127 219 2 221 117 115 138 208 105 63 43
    72 180 215 70 168 6 205 118 179 187 159 149 219 150 20 170 149 95 33
    116 212 105 221 243 4 52 92 2 131 116 46 89 29 30 102 9 240 121 64
    179 80 212 217 122 119 19 32 119 118 56 50 152 114 104 90 6 100 128
    144 237 203 215 16 168 198 189 111 189 243 233 116 195 31 68 138 139
    61 78 233 116 99 36 178 170 78 171 195 220 44 178 156 168 59 49 238
    125 180 73 94 241 15 107 153 225 145 22 37 239 105 112 160 143 156
    35 123 241 10 181 63 124 157 5 33 165 67 106 149 42 17 240 139 32
    218 61 200 24 28 88 243 239 224 99 128 97 210 173 114 242 70 133 237
    102 36 103 38 103 202 136 14 135 42 52 52 163 251 204 131 153 83 14
    115 47 165 89 83 220 254 132 138 236 131 184 0 111 142 160 255 210
    106 94 169 151 55 144 210 36 248 135 153 54 118 81 81 91 60 17 170
    148 153 67 160 73 10 95 55 69 205 16 198 120 123 182 205 77 140 121
    253 28 249 111 206 252 17 102 193 151 190 36 92 67 155 215 185 241
    98 78 26 200 242 216 220 33 71 23 31 80 100 178 134 202 26 153 141
    20 85 171 135 49 112 211 103 252 230 67 106 187 3 173 197 228 141 68
    27 147 68 89 30 159 176 159 23 90 97 25 74 14 40 178 241 196 233 191
    9 207 92 130 234 140 1 97 251 46 142 63 58 108 143 141 91 34 92 14
    118 134 141 86 31 178 125 145 200 122 90 124 150 238 81 93 46 197
    247 211 49 248 190 137 233 39 12 149 211 197 210 149 143 1 50 4 16
    165 8 252 16 30 45 83 41 36 146 165 113 195 48 214 209 205 165 106
    93 35 53 55 21 96 14 232 131 5 108 210 130 66 158 34 105 158 241 167
    223 173 27 213 154 174 14 124 182 244 165 124 221 225 52 13 195 235
    171 29 140 30 175 158 166 58 225 44 144 108 53 179 59 59 7 12 244 65
    125 173 88 235 27 222 69 134 254 75 124 248 58 32 245 11 155 160 69
    82 58 164 145 221 208 170 64 228 199 15 161 76 120 188 180 206 65
    197 200 227 144 28 145 213 63 179 9 218 119 210 76 56 9 160 28 207
    237 23 209 121 118 153 149 226 95 89 91 62 218 65 59 165 179 207 229
    255 74 167 147 3 168 36 210 16 89 83 50 181 53 106 105 85 76 67 241
    68 216 73 250 128 173 53 88 131 201 102 217 136 95 184 18 238 186
    110 29 118 150 86 155 85 17 38 1 124 228 189 246 114 10 104 110 252
    139 109 125 72 12 126 65 232 128 5 141 81 20 171 91 244 93 57 190
    199 117 131 117 128 59 30 234 233 69 165 236 193 23 220 247 125 68
    194 129 243 153 48 21 218 79 16 104 208 192 182 74 193 137 205 239
    52 143 63 1 214 49 51 39 55 150 37 233 48 112 27 10 216 21 91 255
    200 119 246 220 45 125 202 35 240 196 169 240 81 135 143 39 213 169
    62 187 9 216 231 213 188 252 99 155 112 35 86 222 239 8 81 206 225
    69 10 248 52 84 221 155 55 196 136 183 125 240 230 55 161 171 194
    118 185 135 206 86 88 214 62 84 84 249 45 235 251 244 148 4 164 103
    98 30 42 232 185 163 3 42 216 57 30 112 50 184 114 182 205 146 189
    174 67 82 140 140 22 10 59 145 117 163 233 212 14 201 246 201 195 82
    77 44 66 185 220 171 236 162 119 196 126 2 106 79 52 94 161 132 66
    38 138 113 220 46 12 183 148 218 214 242 253 229 216 110 116 23 41
    210 152 87 182 170 19 12 51 201 132 187 225 159 65 164 236 82 154
    209 204 191 116 133 94 200 48 251 214 82 240 141 166 114 171 33 202
    161 134 46 45 221 47 131 159 252 151 213 1 53 249 208 205 148 154 91
    136 64 173 92 242 139 5 153 117 214 194 89 181 226 185 141 128 211
    132 229 50 238 233 234 83 37 32 145 114 87 234 148 171 147 193 242
    172 201 39 231 83 7 71 151 213 41 48 118 108 69 44 116 82 102 195
    208 75 92 9 199 231 151 244 141 189 157 39 13 167 89 183 72 44 184
    175 163 210 213 109 146 48 82 99 223 177 110 120 106 102 77 177 73
    12 128 52 181 151 166 251 203 247 160 33 64 225 25 39 45 208 122 24
    119 73 75 108 3 237 95 204 181 42 40 185 89 50 208 100 94 36 14 195
    175 108 130 123 2 235 86 71 63 226 137 163 29 17 144 176 130 243 247
    136 107 17 16 197 22 45 132 95 237 160 27 0 107 162 66 63 235 131
    217 221 100 63 176 36 15 204 35 232 144 152 148 204 236 205 89 97
    187 234 154 155 142 150 63 71 68 102 139 147 184 136 209 251 164 18
    106 82 215 124 231 167 114 47 38 101 81 196 182 119 168 7 20 133 9
    247 44 8 47 124 141 185 97 156 11 22 178 160 187 129 213 209 167 177
    91 116 236 79 220 76 231 6 109 239 102 15 79 73 33 243 81 242 6 0
    111 60 174 181 205 5 133 225 183 71 17 246 192 70 34 20 109 174 144
    98 6 40 116 101 242 114 18 235 15 185 27 109 108 27 75 242 135 181
    235 75 15 13 150 125 210 115 57 247 93 49 127 74 158 195 174 70 30
    104 153 212 7 121 46 149 35 176 128 43 196 95 107 72 202 249 165 245
    26 211 4 55 225 233 110 21 197 113 128 118 218 97 71 57 47 230 48
    143 91 128 9 230 249 7 66 242 103 196 2 13 185 116 84 156 53 1 149
    194 104 17 237 116 46 109 70 4 61 170 173 70 35 134 198 236 93 131
    199 52 9 11 22 137 33 66 134 131 112 164 223 209 92 93 110 38 32 216
    146 19 185 63 117 226 78 34 187 41 62 41 95 220 218 52 100 199 36 31
    179 145 104 149 64 65 174 167 46 152 172 143 195 15 132 1 26 205 144
    117 95 96 215 65 133 227 16 14 8 69 57 42 82 162 138 150 129 252 79
    9 165 83 128 249 88 222 254 213 146 207 138 213 156 117 35 90 244 68
    85 28 17 185 115 196 104 108 191 139 211 51 127 168 111 170 115 118
    8 136 35 120 182 201 211 27 29 110 145 101 109 147 98 129 3 242 45
    111 64 37 151 16 69 62 223 175 101 165 222 110 63 85 213 203 196 202
    120 144 243 157 29 231 138 238 34 78 27 154 176 211 247 165 232 240
    75 128 85 78 42 11 6 68 70 231 217 185 90 205 35 131 22 240 46 101
    87 10 67 255 173 146 37 27 7 200 75 63 30 164 92 227 21 25 217 101
    145 36 211 79 203 8 214 159 50 40 32 35 251 211 25 190 63 50 209 222
    183 106 115 184 130 196 225 57 57 110 171 144 140 100 122 130 103
    246 103 88 7 85 57 146 195 161 146 236 170 121 17 55 245 30 250 110
    10 133 111 59 222 216 225 75 254 18 245 245 242 139 2 104 81 94 72
    219 154 58 24 160 7 63 38 16 242 71 214 81 44 114 104 68 207 82 107
    24 220 103 126 160 172 38 236 237 135 56 36 94 230 24 55 71 21 81
    172 98 13 76 80 15 163 92 110 85 186 59 25 199 55 84 179 190 62 77
    45 143 234 239 210 231 130 51 114 230 23 8 45 168 14 231 3 33 136
    180 8 220 225 153 163 67 242 239 163 148 244 49 87 242 211 237 232
    106 217 92 255 26 142 170 244 71 200 164 163 16 22 158 28 130 51 85
    205 109 132 253 176 143 180 13 234 188 197 46 20 47 168 134 140 182
    13 112 143 138 41 189 39 190 14 130 40 151 36 19 184 219 216 86 8
    237 72 166 33 240 178 27 49 246 56 249 74 197 89 236 210 54 176 33
    220 214 244 72 26 133 118 169 163 129 63 172 9 224 14 189 52 103 119
    164 222 92 180 22 170 223 19 45 199 211 31 67 199 164 211 255 187
    216 13 109 253 39 116 19 113 209 3 7 68 57 209 213 52 248 218 65 183
    110 173 132 246 134 124 7 224 68 65 122 9 206 145 254 110 7 36 55 67
    28 54 113 4 146 0 107 166 179 65 163 121 66 167 54 23 118 84 3 154
    18 160 87 125 237 146 26 50 98 80 186 117 22 48 17 143 32 7 216 211
    105 186 205 28 32 158 100 20 156 251 226 186 237 173 85 51 42 156 40
    62 20 14 24 114 27 4 149 213 192 39 177 145 199 11 168 202 62 28 95
    34 151 13 106 231 246 146 227 206 102 233 170 113 102 64 169 145 32
    173 215 59 164 42 128 230 89 215 226 41 128 16 144 114 166 68 32 104
    62 206 192 175 38 19 133 163 185 189 98 10 202 91 82 30 1 238 126 89
    245 249 165 60 255 161 57 192 106 191 118 236 159 229 38 174 89 11
    192 71 223 169 171 189 185 174 218 230 105 161 144 133 126 235 197
    118 142 27 84 179 86 34 16 83 33 123 248 236 168 196 253 238 171 10
    26 132 26 143 250 106 222 148 160 250 89 226 54 254 43 225 157 6 208
    137 87 88 172 103 81 190 241 61 68 99 130 154 123 179 72 255 212 37
    89 255 206 25 214 25 108 66 167 175 231 42 218 156 124 136 75 128
    199 120 89 135 55 157 149 224 136 153 109 29 82 35 232 234 75 141
    113 48 39 146 83 31 23 202 91 121 43 129 198 94 254 164 248 94 146
    112 238 227 120 63 223 156 153 79 211 49 24 100 207 16 84 60 8 238
    201 233 159 196 104 199 241 172 247 155 210 210 59 168 8 0 202 157
    90 180 2 173 77 155 2 249 82 77 225 51 161 233 89 144 182 126 202 17
    105 45 174 11 146 243 116 198 19 154 4 103 66 205 226 224 211 129 96
    85 231 16 250 220 146 159 241 153 27 169 92 255 168 60 241 41 251 84
    218 146 41 120 213 101 120 107 77 96 6 158 221 200 167 86 161 157
    219 100 177 106 48 245 174 87 131 104 237 83 159 241 244 11 90 178
    133 0 126 5 240 216 205 150 3 182 82 103 70 6 152 74 99 6 201 115 55
    71 5 6 154 118 143 133 162 202 52 24 51 157 206 171 166 255 226 203
    21 225 47 32 57 77 203 71 131 105 11 197 187 129 27 65 143 58 87 2
    57 91 97 3 84 176 96 117 235 133 234 193 51 215 154 83 118 86 221 62
    137 182 49 245 230 24 53 174 232 201 18 53 166 45 215 111 61 82 96
    212 211 242 7 77 199 250 21 13 197 134 130 204 27 251 98 134 218 85
    239 64 32 210 131 234 112 132 64 24 26 65 182 224 147 26 54 143 152
    21 121 80 103 127 92 19 224 8 68 247 108 95 253 57 56 160 39 75 107
    186 133 40 56 168 134 29 94 207 99 7 50 54 219 23 67 249 253 129 75
    234 239 161 49 97 125 233 147 66 147 155 21 185 23 179 190 135 136
    166 216 26 65 115 247 19 146 42 68 232 249 200 106 108 153 176 102
    22 229 91 23 173 246 44 135 86 88 96 14 176 188 83 125 105 189 109
    152 180 203 83 51 128 158 40 126 209 147 39 214 131 47 123 254 231
    225 23 253 209 128 234 117 205 168 214 107 33 62 117 206 92 215 76
    18 130 176 33 86 179 35 80 214 152 148 130 225 39 73 203 239 218 70
    130 158 46 97 171 26 210 9 78 101 215 56 99 23 79 12 1 240 157 241
    235 109 42 152 6 0 76 249 7 26 3 134 114 19 168 144 71 8 24 97 240
    107 227 115 223 89 215 231 19 194 108 236 126 244 203 86 42 45 202
    99 68 20 222 54 197 167 3 68 53 118 181 104 207 126 204 244 195 184
    129 199 126 88 228 66 5 64 157 131 255 52 255 205 152 155 216 79 199
    24 204 52 180 136 244 43 176 189 233 127 125 63 108 188 166 237 148
    108 134 255 73 216 29 246 249 43 143 17 209 220 137 6 203 126 61 114
    77 161 187 32 43 240 111 143 199 225 146 198 121 187 29 114 107 147
    255 15 67 50 252 211 131 108 74 37 226 179 172 166 177 193 22 165 40
    151 250 3 172 75 45 163 92 55 56 39 45 6 123 163 101 208 76 57 115
    219 249 176 114 165 125 42 0 107 143 18 163 107 47 174 127 197 150
    155 74 229 109 173 131 40 13 250 97 165 152 99 3 162 68 137 109 6
    167 14 52 225 241 219 7 87 139 251 13 227 26 190 108 42 251 62 87
    138 36 96 172 245 104 115 236 80 170 139 177 174 240 75 65 217 243 7
    98 150 45 85 97 248 195 238 164 119 45 135 159 15 240 21 154 157 161
    20 183 179 110 92 148 118 221 1 226 254 143 159 236 91 158 150 77
    220 138 249 76 22 160 211 25 146 144 59 217 219 131 53 162 78 85 161
    117 181 128 200 39 236 112 55 142 163 195 125 143 108 153 151 212 52
    31 250 218 54 212 201 35 156 178 149 208 48 176 3 65 112 28 92 157
    30 24 52 131 68 189 86 221 153 164 139 35 78 110 101 244 158 141 72
    157 138 104 122 10 74 174 176 193 87 154 172 130 167 202 169 217 18
    16 209 79 4 248 225 46 14 135 31 110 143 52 94 120 200 41 252 3 123
    10 243 40 225 62 174 86 152 13 52 94 68 147 192 187 20 205 142 71
    121 202 223 146 57 194 53 153 68 203 169 88 80 64 139 154 32 228 249
    140 156 115 184 222 32 213 2 36 206 136 97 203 36 171 84 7 159 115
    146 202 173 215 171 15 45 92 33 129 12 91 56 72 238 124 149 34 79
    101 193 189 71 227 181 203 235 171 122 186 237 60 166 117 35 11 54
    45 209 36 30 194 190 207 176 240 154 219 61 179 229 3 164 16 65 4 21
    143 29 80 153 203 199 33 219 151 225 53 7 138 48 0 191 251 62 187 49
    196 0 168 187 253 136 81 141 145 104 101 145 28 35 31 162 153 112
    173 176 95 223 46 132 211 58 235 245 78 8 11 245 15 66 79 96 38 190
    244 32 63 192 214 231 165 32 50 146 57 135 1 218 191 21 38 40 45 44
    78 129 187 246 36 230 92 179 68 166 191 96 220 50 115 93 66 174 32
    53 90 17 135 227 236 75 167 199 74 106 156 170 218 69 8 193 251 205
    109 195 48 236 230 172 12 141 174 107 255 170 251 178 55 13 34 214
    250 231 137 190 202 191 68 220 69 98 85 204 160 169 234 220 131 207
    72 229 168 203 142 236 54 59 5 51 16 26 201 203 3 232 88 214 177 127
    140 135 123 163 72 85 134 159 197 82 122 137 22 13 246 125 85 143
    102 32 72 5 128 5 113 109 46 229 41 91 71 84 182 35 95 232 150 197
    10 74 196 109 20 224 93 218 71 210 175 196 110 174 105 8 94 97 98
    110 234 157 201 105 97 76 146 17 80 1 181 109 235 16 78 44 112 13
    207 39 30 111 207 153 139 97 15 201 160 153 174 11 81 143 147 139
    122 245 114 76 234 70 203 145 208 142 21 188 64 10 163 225 235 154
    120 25 135 190 65 69 227 202 43 229 105 140 49 252 21 66 78 39 155
    37 86 92 138 244 42 123 190 60 191 163 138 245 39 212 165 195 67 121
    57 177 164 188 89 163 150 89 172 13 227 226 177 41 92 255 207 54 76
    52 243 179 189 128 148 200 131 71 153 184 250 250 98 192 46 174 116
    113 184 29 204 181 136 113 196 7 171 199 86 166 3 40 56 225 64 250
    180 229 54 177 254 101 242 0 133 69 68 156 5 53 51 118 204 213 68
    231 169 29 49 87 33 118 62 75 216 139 203 118 91 34 39 78 20 34 104
    63 238 83 244 205 119 229 14 253 194 171 82 45 113 210 201 231 175
    58 224 85 188 151 128 208 207 36 200 169 99 176 46 105 119 26 10 31
    181 83 233 79 52 189 32 106 117 82 188 11 250 117 243 82 136 161 9
    168 155 75 192 26 235 212 215 206 24 27 139 179 86 164 101 130 77
    228 202 213 171 114 156 21 125 24 219 7 213 52 191 60 0 161 239 176
    188 143 135 110 188 68 185 232 181 20 68 50 73 232 226 156 29 180
    102 243 177 233 239 60 215 86 85 15 104 10 235 123 31 24 171 26 19
    79 206 164 136 201 44 48 114 34 248 43 89 191 200 197 235 40 97 213
    119 236 62 98 192 54 27 116 18 172 193 231 91 203 32 44 146 35 14
    124 217 139 7 172 104 203 19 190 243 17 217 137 243 233 138 223 161
    135 95 244 152 123 147 174 97 169 239 113 91 58 6 114 179 218 176
    207 43 8 27 42 107 179 50 141 9 0 135 23 68 143 108 99 4 128 49 22
    32 85 214 195 8 38 176 145 73 180 118 169 104 253 152 41 125 18 230
    138 29 146 60 51 102 50 179 0 67 199 70 188 207 118 253 171 96 224
    92 56 195 4 206 252 164 134 136 214 133 219 232 36 58 99 193 43 131
    6 254 61 195 23 28 85 108 198 99 45 20 206 189 34 30 174 11 5 246
    224 220 193 28 124 14 175 97 167 113 215 79 109 203 48 142 68 148
    210 97 190 144 46 40 185 89 105 161 115 27 78 127 200 145 125 243
    224 57 243 45 20 210 31 5 124 241 246 192 43 123 132 155 10 114 130
    1 123 43 119 216 247 1 52 103 215 163 124 186 7 123 55 122 208 110
    78 254 62 198 158 127 117 171 186 50 17 91 37 49 84 135 13 112 181
    32 49 121 217 31 197 140 35 195 240 62 49 250 252 6 142 139 186 97
    225 42 250 227 178 153 126 138 65 163 66 126 43 115 8 95 20 242 226
    116 50 232 142 163 137 51 7 173 188 238 135 144 251 216 175 190 114
    3 180 141 179 201 84 40 116 147 198 241 101 190 111 13 50 187 77 90
    25 58 195 36 99 153 208 202 106 129 122 98 136 88 151 134 238 28 29
    178 96 28 105 104 217 137 108 98 58 251 50 91 152 194 220 169 36 90
    184 125 246 92 163 231 240 123 200 227 63 68 114 78 253 165 62 241
    119 113 248 227 50 224 206 25 54 56 39 124 50 225 149 66 23 222 163
    227 179 64 132 115 137 220 251 216 68 81 219 77 58 48 36 141 22 14
    214 219 22 16 23 174 59 239 182 210 234 155 255 169 111 249 50 88 13
    98 158 183 208 19 213 122 32 28 59 69 103 78 44 243 153 76 136 248
    232 74 104 104 246 56 36 137 60 62 58 23 127 174 24 100 146 26 57
    132 139 49 128 154 96 191 151 245 16 11 98 245 96 111 51 167 135 54
    168 194 131 144 4 125 165 117 16 219 238 199 249 48 17 9 19 26 196 7
    237 67 54 255 199 51 62 75 170 189 232 123 56 10 61 126 35 52 70 197
    32 246 238 17 91 216 176 109 188 147 92 36 229 243 97 30 234 197 194
    17 70 163 49 134 68 136 135 127 245 238 218 79 69 244 235 106 245 22
    25 175 163 178 213 240 133 172 86 148 3 211 95 134 247 24 238 179
    162 152 11 10 184 209 211 14 203 17 102 100 245 17 52 124 196 47 161
    33 235 219 113 191 33 242 239 105 107 236 198 53 199 74 66 68 144
    230 160 176 201 208 19 159 35 126 66 165 12 12 64 184 246 113 94 46
    83 64 248 99 211 149 246 81 83 178 112 55 199 60 69 89 181 59 241 53
    134 129 159 197 79 238 154 75 69 80 74 203 239 160 61 144 8 10 152
    95 48 231 168 75 254 140 131 7 185 23 138 54 24 197 97 158 0 67 213
    244 68 140 211 31 196 254 168 95 234 144 56 200 138 141 153 104 40
    69 218 190 239 210 139 7 226 94 236 135 128 109 220 8 172 106 67 13
    121 106 206 127 201 139 224 73 61 205 58 83 164 109 81 223 230 70
    166 98 162 228 17 67 25 22 165 29 209 120 47 233 170 207 193 199 147
    148 214 109 229 221 184 255 45 76 230 88 37 201 129 215 79 71 43 74
    66 109 176 135 1 21 79 162 203 183 9 147 136 123 206 0 164 61 228
    150 52 15 229 52 74 44 242 85 116 88 23 204 72 51 2 120 52 255 139
    174 174 236 84 151 1 96 237 56 197 224 100 48 36 4 140 70 179 202
    219 250 192 63 111 90 1 199 130 49 42 83 2 203 195 112 153 43 75 85
    115 119 204 198 57 20 49 246 43 34 139 139 152 119 247 64 68 202 163
    114 140 4 90 229 87 255 132 88 213 78 22 81 168 53 157 223 202 192
    221 202 17 80 197 168 124 193 147 214 66 114 197 230 100 65 56 61
    119 164 224 252 134 25 7 189 172 13 88 46 83 187 91 145 22 49 100
    213 35 72 68 6 34 64 27 30 113 90 79 117 229 21 20 28 121 85 93 138
    190 138 180 219 184 146 163 33 6 48 118 194 163 252 72 15 53 140 60
    163 176 118 115 178 192 197 3 243 238 3 235 74 208 4 237 66 193 216
    244 61 108 73 200 171 108 43 224 23 24 6 181 149 104 152 124 177 110
    155 146 240 68 66 4 148 97 122 208 133 76 17 224 126 153 41 232 254
    245 69 215 172 158 128 241 134 202 119 169 8 33 42 131 141 100 185
    239 158 190 4 229 242 128 63 169 226 236 251 52 218 19 48 94 126 64
    149 139 108 36 29 118 109 86 40 0 105 1 92 234 208 198 33 205 204 92
    167 99 62 7 140 218 15 17 42 233 156 59 220 238 45 36 38 45 29 79 46
    234 8 111 82 202 242 70 55 190 147 79 88 120 170 154 218 143 5 34
    227 92 122 167 193 57 142 193 109 230 202 96 23 220 141 71 129 4 45
    119 216 52 162 105 252 182 126 143 210 228 41 42 43 111 244 35 249
    254 1 27 124 243 210 237 201 21 27 4 166 211 145 157 216 183 96 118
    81 255 211 29 221 77 190 229 174 67 219 239 240 44 88 64 178 94 122
    20 21 227 153 27 152 155 218 228 120 197 225 31 193 143 163 68 188
    220 100 102 105 197 32 182 95 97 193 121 122 98 51 57 202 130 46 253
    16 43 147 247 184 157 218 163 231 47 228 241 1 143 45 226 46 236 228
    135 12 39 237 96 46 149 24 63 124 91 246 156 210 246 179 71 46 96 94
    43 239 163 187 177 131 254 152 139 221 98 253 212 217 26 227 66 2 44
    50 18 219 15 85 34 147 107 254 92 81 244 1 8 247 92 171 3 233 6 50
    154 192 74 134 205 40 208 237 240 137 149 238 33 189 219 126 5 23 52
    89 146 29 47 158 85 42 181 115 194 85 194 240 239 134 179 9 98 146
    122 116 123 239 235 242 214 128 12 67 102 128 138 100 208 44 47 39
    126 65 219 174 26 176 229 242 16 162 8 128 184 43 125 164 216 237 59
    83 59 207 251 212 170 147 53 43 195 47 145 61 146 224 7 96 133 32
    201 187 214 28 73 83 2 57 197 165 58 115 1 7 41 9 164 1 76 90 213
    127 216 59 140 90 223 52 189 58 58 147 133 217 197 4 99 203 88 161
    32 20 29 158 141 33 65 252 84 40 139 125 103 157 81 249 232 223 37
    75 22 67 238 96 42 109 137 8 196 82 234 101 136 70 172 223 149 149
    77 218 19 189 113 136 51 242 237 19 240 38 210 82 70 199 167 169 54
    242 39 173 20 227 8 198 62 45 255 21 53 99 194 124 53 5 85 227 71
    231 91 219 176 36 243 170 104 215 182 16 148 129 207 196 235 143 216
    66 234 64 204 45 184 95 125 177 14 27 155 101 203 223 20 216 158 169
    216 160 180 115 122 177 229 216 204 190 212 153 86 144 160 174 16 21
    109 84 134 203 174 211 37 89 97 21 133 137 167 16 201 103 48 53 191
    53 164 30 126 6 200 40 65 165 11 185 212 118 231 133 211 185 155 15
    32 62 184 121 161 134 59 90 231 36 11 27 1 200 13 146 254 176 90 83
    146 167 32 128 187 128 214 159 62 180 109 132 193 100 62 159 97 163
    80 157 91 196 159 27 137 238 30 240 147 233 244 221 84 100 235 45
    179 158 230 186 225 211 245 30 151 250 38 24 162 254 156 21 6 86 228
    63 232 30 159 220 78 242 55 192 127 103 6 44 212 242 236 108 39 147
    6 48 55 88 99 211 230 249 25 217 171 73 62 163 39 237 135 18 96 27
    235 12 29 118 93 59 130 201 253 171 119 98 102 157 218 78 37 232 254
    138 59 175 77 71 179 4 27 162 115 81 17 157 104 247 171 229 254 140
    76 180 197 49 189 70 224 237 244 179 228 182 71 142 62 38 37 219 74
    44 120 240 220 152 138 72 27 2 219 21 80 192 91 127 132 6 214 93 79
    184 221 100 95 82 95 237 216 184 196 209 134 222 129 232 222 6 133
    172 39 128 243 208 168 172 246 76 121 87 95 110 120 59 246 55 151
    107 45 182 193 253 206 166 108 168 95 171 132 43 52 100 40 217 136
    82 83 77 86 183 56 32 188 72 67 234 95 119 68 81 92 150 98 242 134
    230 113 7 238 88 158 204 135 178 93 180 141 62 88 197 75 102 61 129
    151 27 209 192 78 14 173 112 72 231 119 35 218 108 27 217 204 126 53
    50 41 43 220 76 7 204 17 173 0 255 217 236 252 13 245 246 39 212 172
    224 235 233 222 137 40 19 223 169 94 77 169 227 216 137 100 28 33 76
    40 6 142 41 171 162 152 25 172 91 63 223 196 76 19 129 108 115 41 30
    70 238 255 185 107 0 158 205 242 97 8 153 74 99 38 138 11 130 129
    241 130 186 5 179 92 209 136 245 241 161 140 211 228 220 134 230 61
    107 241 49 191 129 117 171 21 44 51 74 195 33 123 135 159 172 206
    103 162 15 86 1 148 45 240 130 159 183 185 151 32 193 93 118 137 102
    90 251 78 30 174 45 222 40 117 23 142 111 79 132 11 148 239 253 59
    192 158 40 236 74 78 103 58 10 128 135 20 65 104 231 158 221 142 66
    102 13 145 83 150 217 125 184 221 183 2 13 196 62 128 153 122 26 34
    246 131 117 114 22 98 59 213 229 133 168 45 19 29 126 142 151 11 31
    18 58 77 8 99 37 2 9 87 157 244 81 161 25 140 213 157 134 122 27 14
    146 143 124 189 158 46 255 100 55 130 160 225 46 146 25 152 187 219
    164 56 14 85 237 197 229 119 137 56 82 42 6 120 14 137 156 35 127
    117 243 171 8 42 188 242 146 41 81 254 162 120 143 232 246 244 188
    39 193 69 43 26 185 64 178 10 147 120 229 152 114 227 35 213 225 32
    174 49 107 214 146 37 27 190 41 221 113 107 58 221 105 24 27 251 38
    238 221 217 242 107 158 180 16 190 193 37 16 206 39 91 9 70 203 78 9
    89 162 252 180 99 101 148 249 84 204 223 173 147 5 116 241 7 236 120
    188 163 27 221 231 177 236 51 252 205 77 246 134 167 16 185 55 185
    65 164 34 118 48 101 122 26 58 83 72 55 168 206 245 229 95 203 120
    219 93 191 189 60 73 205 32 197 110 27 137 218 128 50 49 158 220 103
    222 117 211 246 100 229 48 225 158 153 148 247 140 58 119 219 163
    175 213 166 85 189 51 29 154 149 240 183 118 192 119 86 231 194 131
    15 101 93 55 162 47 49 46 162 177 229 177 114 172 83 154 226 98 133
    239 46 136 184 203 20 162 117 77 239 69 191 140 68 75 114 128 237 97
    202 37 254 0 168 235 54 174 25 160 149 202 46 67 217 13 23 134 60
    108 206 8 79 247 182 112 37 93 196 149 168 26 25 251 15 82 221 100
    187 127 144 52 74 175 222 231 134 118 171 50 141 150 91 37 33 15 162
    182 32 84 135 163 113 224 203 29 123 14 37 84 239 3 54 115 9 80 11
    53 7 118 84 76 29 105 26 172 201 10 214 47 195 89 227 170 63 29 248
    197 122 16 56 143 191 51 143 68 161 168 125 93 47 141 57 249 73 146
    18 159 52 104 240 14 220 142 189 44 124 64 71 100 50 47 159 162 192
    8 4 88 79 17 125 196 155 237 94 42 158 8 71 189 27 228 19 53 28 8 46
    198 128 142 75 221 218 186 188 174 197 151 223 209 193 53 90 133 201
    78 83 22 184 55 128 179 166 144 124 164 117 128 184 175 253 169 46
    203 182 185 56 147 224 38 218 120 147 140 113 53 216 152 42 117 61
    188 192 29 67 56 244 142 234 47 163 228 12 89 29 15 128 209 63 88 86
    219 170 189 40 128 60 27 120 244 176 119 68 79 101 159 86 116 105 61
    191 105 215 185 223 91 221 217 15 134 68 117 89 108 122 109 148 17
    77 242 57 160 100 98 246 244 225 82 168 139 130 150 138 215 210 203
    9 133 128 204 229 101 85 235 145 173 103 233 111 218 15 73 75 176
    190 39 181 86 238 156 40 244 236 33 237 192 178 99 57 35 208 56 175
    69 117 249 40 25 176 253 111 211 90 229 48 152 162 155 201 72 109
    199 130 159 205 69 163 192 24 49 128 10 68 17 180 11 212 193 160 65
    217 228 193 217 50 215 29 70 156 126 218 127 9 139 225 9 61 60 198 6
    103 226 161 225 200 100 203 240 68 249 239 119 128 177 1 158 239 154
    131 246 213 61 24 200 43 81 83 175 245 211 66 117 137 38 227 151 127
    66 51 108 244 94 66 5 109 132 72 6 157 236 247 125 178 195 234 36
    235 216 206 77 209 235 152 53 79 175 13 7 231 207 190 113 243 116
    138 52 220 141 188 54 74 194 80 74 229 107 148 215 201 104 241 126
    77 252 119 163 10 238 77 243 147 224 19 135 166 91 188 142 49 122
    163 75 70 137 28 65 154 135 198 117 54 158 59 46 229 140 2 142 197
    67 198 57 193 118 36 253 85 69 108 145 187 98 14 33 202 38 200 219
    221 192 149 88 126 80 242 194 226 224 128 135 219 49 169 38 141 10
    47 225 102 107 27 83 230 247 17 242 237 196 194 137 123 176 211 172
    206 64 96 185 248 15 28 161 223 172 16 7 107 17 157 232 124 246 13
    204 92 86 243 8 194 0 107 154 150 0 229 145 170 236 211 76 2 245 28
    112 57 171 223 25 20 139 178 73 181 64 197 159 64 188 188 17 138 192
    218 156 17 30 42 220 179 128 143 89 169 144 236 231 62 51 159 51 129
    147 49 34 213 167 200 248 164 107 81 23 159 156 106 180 140 65 121
    240 58 167 125 185 163 248 10 23 14 103 145 240 7 198 82 163 245 221
    209 208 247 10 180 230 26 246 141 104 51 53 213 155 202 54 215 110
    47 99 107 81 194 251 153 17 151 12 18 112 126 106 205 205 234 30 228
    43 122 167 5 2 214 148 146 213 198 140 232 249 157 243 90 245 107
    100 189 191 124 41 125 7 234 133 97 193 7 212 113 240 208 88 176 26
    144 182 149 129 99 67 196 124 179 9 192 192 215 159 74 15 160 38 141
    205 96 118 167 45 109 98 69 116 207 135 222 92 126 92 231 19 46 233
    222 108 9 245 128 122 56 244 149 22 178 116 224 175 46 65 154 233 31
    83 26 12 177 130 84 6 154 13 35 155 222 133 170 44 126 115 128 72
    218 125 0 41 15 156 164 57 125 134 59 0 224 84 254 111 198 169 27
    158 223 80 16 228 39 88 28 192 29 205 243 205 212 64 70 160 169 177
    179 137 179 9 188 234 152 198 173 51 108 210 158 59 94 32 69 90 171
    60 42 131 248 208 186 98 153 118 85 70 150 57 152 147 254 118 85 98
    69 227 252 203 11 180 26 233 191 199 47 43 162 64 41 60 77 39 90 79
    12 44 2 117 109 88 5 45 187 174 177 159 179 119 48 71 197 145 23 254
    31 117 206 6 135 79 98 236 45 1 107 161 113 55 239 118 86 126 31 225
    243 97 149 211 185 12 210 101 188 36 212 91 193 213 126 45 220 60 41
    191 123 151 103 176 221 195 68 28 31 38 225 168 208 23 148 47 204 75
    242 32 228 24 30 114 181 6 220 56 189 171 100 188 6 7 255 220 67 196
    215 130 174 90 30 152 165 64 244 13 157 103 168 84 68 214 208 19 58
    197 216 117 229 89 58 59 242 62 173 74 208 60 25 17 161 34 27 45 7
    76 167 207 242 33 102 120 156 101 9 199 177 12 206 254 169 84 134
    251 46 93 170 74 46 215 234 62 225 184 28 19 97 80 0 143 90 53 128
    135 200 153 117 187 120 26 174 232 32 200 89 228 193 119 104 197 217
    212 82 106 146 80 97 136 107 45 254 160 241 49 19 239 63 63 125 33
    15 160 176 62 163 173 246 204 36 114 176 70 158 25 166 188 132 137
    211 60 213 9 221 156 33 190 214 153 229 40 38 104 127 71 215 80 67
    169 78 110 34 23 105 152 85 145 98 164 142 23 196 57 49 6 31 18 87
    117 174 234 10 197 44 220 201 173 251 250 238 103 2 116 176 14 61
    141 8 177 223 174 53 33 33 48 70 203 193 222 173 5 20 170 140 4 144
    56 178 211 195 74 175 160 43 102 8 44 105 56 61 96 46 217 190 51 190
    104 22 51 205 67 81 178 193 72 98 221 52 91 99 52 89 179 160 32 141
    165 86 249 107 192 190 180 87 146 251 199 172 231 25 20 196 202 219
    50 62 202 185 213 157 100 11 57 118 140 62 76 244 71 30 67 126 164
    253 179 11 27 157 234 213 151 215 233 242 150 16 27 17 61 86 241 114
    187 105 96 51 181 179 34 231 25 35 55 54 7 227 3 44 210 105 62 20 31
    2 185 146 234 139 78 232 124 131 10 32 151 179 11 174 66 135 35 236
    196 60 182 216 201 14 215 169 104 130 187 250 4 180 11 203 162 79 50
    149 39 95 134 150 197 122 82 155 45 108 37 151 20 253 252 45 67 76
    62 220 214 91 2 139 198 58 216 22 16 146 179 80 157 5 151 32 11 224
    246 116 164 96 152 244 115 81 27 149 61 213 13 196 178 77 155 36 200
    208 8 202 118 3 205 145 50 85 77 232 42 95 168 239 19 101 251 117 22
    191 251 3 74 185 141 75 128 184 67 15 155 181 194 121 92 107 200 245
    139 139 15 29 216 55 30 19 177 247 28 137 216 33 4 14 144 221 93 62
    218 208 96 208 97 214 172 102 142 69 152 93 124 125 91 156 232 138
    96 217 161 125 52 90 182 132 12 136 161 192 18 120 145 153 198 212
    87 248 67 212 199 129 90 171 4 105 176 124 41 193 166 117 253 43 55
    207 143 59 132 203 241 97 84 15 100 132 213 146 124 98 3 210 114 0
    31 110 241 97 23 162 20 83 226 92 32 196 18 150 93 73 134 188 78 43
    8 3 26 160 19 54 39 249 4 77 95 55 149 59 25 202 78 251 99 222 41
    119 67 134 178 110 118 56 240 194 111 49 154 35 145 214 125 116 70
    165 25 159 161 70 27 15 67 66 72 23 153 169 149 31 245 142 169 39
    235 34 212 195 189 82 21 22 45 81 61 78 180 178 70 108 7 93 9 56 174
    163 15 229 230 160 17 13 4 25 163 154 108 214 179 49 106 110 122 119
    89 212 195 15 203 230 135 70 239 33 206 210 165 222 98 25 154 100
    253 168 219 140 81 162 191 130 108 86 200 41 53 41 157 126 66 135
    162 93 40 104 173 54 209 43 178 238 228 15 92 175 139 127 81 36 83
    87 195 164 232 115 11 3 121 71 35 114 2 111 191 235 39 140 148 237
    96 97 53 228 254 168 192 107 174 11 175 58 156 16 170 212 48 21 93
    130 23 204 221 155 196 81 170 220 64 115 167 18 255 226 215 174 9 81
    15 72 6 20 179 15 99 200 23 225 104 123 2 69 31 208 176 160 18 156
    240 41 0 34 2 36 162 205 230 193 184 169 82 130 53 99 44 207 63 184
    132 130 164 219 214 148 13 228 65 83 190 238 75 3 198 63 201 159 250
    111 114 150 227 147 62 123 182 172 99 226 116 68 252 171 245 37 104
    90 129 50 209 36 107 35 30 20 213 137 232 243 212 238 79 203 100 250
    44 237 153 58 90 236 94 193 212 169 21 214 106 116 53 164 209 136
    203 59 160 156 135 206 3 249 57 72 31 102 147 53 167 5 235 135 116
    220 106 146 109 205 198 47 196 243 3 115 18 189 252 16 82 167 243
    205 34 75 224 242 14 30 230 110 126 2 148 51 147 53 75 89 137 24 217
    91 78 232 69 163 198 74 212 125 38 164 67 216 216 235 125 74 197 209
    254 182 250 206 202 112 124 238 240 166 230 170 135 239 228 91 224
    82 133 127 175 101 126 72 68 97 252 191 80 126 129 47 188 230 195 62
    245 236 54 76 150 82 240 28 106 80 37 254 123 28 180 241 53 193 196
    56 127 95 212 28 132 129 135 0 22 251 209 71 225 183 58 29 125 101
    107 87 198 108 140 32 77 129 12 125 136 236 0 66 7 233 60 94 45 12
    57 157 243 55 101 38 39 90 218 105 125 42 57 176 231 188 18 241 109
    185 132 153 34 61 125 118 4 32 197 159 10 118 247 172 186 0 181 203
    110 131 218 249 90 117 248 240 70 240 133 130 202 208 12 192 29 88
    134 5 218 159 177 172 19 16 195 251 30 207 249 72 38 255 95 113 215
    187 137 110 15 141 223 132 55 28 42 78 56 214 240 16 32 44 212 15
    153 154 167 151 15 171 85 16 69 102 64 248 207 182 226 172 12 12 58
    227 62 140 135 145 73 243 33 138 95 20 127 170 48 160 43 95 216 36
    204 39 45 204 170 45 22 255 75 211 90 61 80 231 19 36 232 38 106 195
    0 116 69 37 106 192 17 154 7 5 85 16 166 63 100 30 153 22 56 126 16
    177 13 132 38 177 87 1 121 147 86 223 112 214 125 184 242 219 250
    252 136 195 80 40 254 227 142 162 209 90 90 238 21 12 184 175 63 36
    42 66 113 149 144 127 127 190 104 100 170 52 183 210 206 33 186 27
    172 163 95 190 0 23 63 110 190 175 247 21 226 193 77 95 136 91 239
    134 36 24 162 120 47 39 96 185 200 154 116 14 39 112 100 51 194 0
    233 72 211 19 249 69 134 37 6 158 206 231 148 220 11 205 100 104 249
    33 215 2 143 30 13 72 138 155 70 243 24 254 188 11 28 216 117 63 77
    67 115 103 234 71 4 3 186 147 225 140 39 152 163 74 166 111 113 240
    4 133 214 212 64 43 247 202 126 244 133 246 43 250 155 110 223 53
    122 203 61 213 190 234 93 177 62 79 253 226 143 248 202 15 130 155
    91 171 238 226 5 99 200 19 186 51 105 86 41 249 17 13 8 230 240 210
    42 186 2 207 95 29 253 112 209 200 93 87 159 217 82 255 161 121 62
    238 70 126 176 85 28 132 251 99 2 47 230 33 163 5 158 57 171 163 86
    200 81 223 161 123 139 149 227 156 111 5 209 16 233 116 184 243 79
    83 16 104 6 216 162 85 56 87 74 176 170 5 117 172 161 161 140 189 75
    164 218 47 115 151 87 58 249 11 178 2 146 15 112 88 41 56 241 17 122
    129 92 117 211 123 15 96 53 26 129 16 0 78 95 186 139 51 228 100 140
    61 200 60 152 152 233 246 90 198 123 3 90 252 31 240 122 110 93 13 0
    240 63 240 48 50 69 57 14 243 229 193 90 31 245 23 148 205 223 93
    191 168 229 69 2 130 67 117 28 164 47 226 4 172 237 54 94 108 32 31
    14 110 146 177 140 212 232 83 209 67 240 235 212 205 105 155 98 51
    178 232 99 226 167 44 134 96 30 43 36 73 203 42 18 226 229 82 36 82
    85 95 14 91 88 31 0 59 142 185 20 169 196 227 185 17 237 162 137 37
    131 124 229 114 88 39 193 236 251 84 213 79 12 32 141 149 46 83 70
    59 110 200 65 28 30 44 161 167 117 12 36 231 210 95 146 3 145 27 152
    163 229 213 191 122 95 198 52 21 159 184 47 141 147 19 244 131 245
    204 48 77 166 223 106 43 233 81 94 43 220 150 205 53 239 20 145 5
    228 186 192 53 11 102 79 133 180 65 101 226 255 25 239 12 30 199 175
    65 52 54 203 167 152 198 100 26 95 242 218 194 28 94 65 15 40 219
    202 229 184 33 80 42 81 227 72 15 236 78 184 90 72 190 158 236 184
    73 122 141 33 104 5 27 137 83 203 70 3 44 42 198 119 97 14 14 84 191
    179 32 174 94 80 77 8 55 73 22 185 62 21 197 45 112 57 167 254 41
    208 176 108 234 9 112 136 92 20 50 50 142 177 198 250 3 203 11 21 10
    171 227 50 27 47 232 227 118 111 71 162 141 88 240 145 217 94 178
    165 222 151 145 144 142 155 186 3 110 212 148 179 91 137 166 108 114
    51 41 73 137 84 235 76 162 79 139 207 228 199 177 206 160 83 157 173
    156 139 75 252 253 45 176 53 84 74 149 152 246 90 79 144 98 23 199
    153 78 107 224 60 48 77 148 183 155 14 125 63 89 162 178 73 247 160
    58 95 101 27 202 144 38 129 176 194 198 97 152 1 155 149 72 154 228
    204 97 19 99 177 198 117 236 193 132 18 134 124 119 219 238 224 193
    78 61 235 242 204 119 25 216 58 155 22 81 49 172 189 29 58 167 176
    169 66 18 175 101 179 98 177 191 26 219 192 42 114 235 140 21 182
    178 17 225 54 55 125 2 170 233 200 69 232 201 117 159 221 132 114
    123 232 62 223 128 183 174 217 16 227 197 18 155 54 145 118 252 108
    35 116 89 190 133 161 180 237 91 136 213 115 113 92 249 182 223 217
    159 60 107 159 207 134 9 121 225 172 9 185 142 246 249 240 253 187
    125 4 122 0 141 17 144 29 18 137 147 200 152 51 222 43 161 98 138 89
    237 59 181 107 128 57 104 249 82 252 64 155 11 74 38 172 236 138 99
    255 248 104 160 239 145 172 139 113 137 139 62 75 212 218 57 157 245
    192 5 7 160 66 154 236 79 202 249 81 32 122 223 3 109 109 83 240 15
    225 39 48 25 235 84 33 115 104 21 102 9 18 218 128 76 51 179 232 244
    141 125 32 90 31 128 3 129 180 200 181 75 236 200 30 131 173 246 101
    98 180 211 25 18 41 5 152 138 12 143 147 66 127 208 110 4 156 176
    197 158 15 173 181 65 192 98 173 139 72 96 238 14 47 40 182 189 140
    94 179 84 158 69 253 72 173 142 213 79 196 231 222 175 80 128 252 72
    139 111 183 61 28 203 72 187 43 191 32 207 207 252 102 42 121 239
    149 3 99 106 92 111 36 148 151 48 75 207 14 69 139 249 81 71 155 242
    224 208 144 125 233 71 209 58 171 75 22 31 154 99 64 86 213 189 19
    22 6 133 61 226 136 27 187 66 216 72 208 88 249 40 44 114 233 168
    248 44 213 192 22 163 139 237 124 35 238 116 25 110 228 106 50 158
    10 69 46 70 141 147 95 233 237 125 140 63 1 242 208 71 49 173 158 95
    143 233 223 117 104 209 251 144 7 128 183 198 50 142 254 143 4 220
    239 63 67 101 18 210 133 15 94 99 23 224 29 183 134 95 216 130 132
    213 240 204 144 101 88 14 6 181 230 3 238 147 103 201 242 71 155 231
    42 155 191 0 40 20 107 224 82 15 140 227 230 155 50 28 84 15 134 182
    172 23 46 58 44 129 71 61 129 30 254 173 122 133 228 198 42 167 74
    214 33 102 196 209 129 33 23 15 119 101 5 139 163 32 94 211 197 245
    56 31 64 78 183 95 176 183 114 0 210 131 165 114 142 154 142 93 85
    174 117 213 85 254 167 114 191 169 212 47 140 160 35 89 192 69 80
    147 72 143 204 76 33 174 248 172 37 191 165 9 64 131 59 3 50 213 29
    96 98 108 105 168 50 239 194 82 12 130 187 142 46 14 211 7 37 85 117
    132 38 8 52 96 22 122 251 50 199 128 189 246 167 58 157 150 94 140
    48 214 116 113 93 81 83 91 198 107 160 85 100 27 59 16 235 89 139
    110 138 171 201 13 143 111 95 217 186 112 110 111 235 155 120 208
    172 140 229 59 25 120 218 36 235 144 54 237 139 78 190 211 4 107 11
    192 255 131 37 238 189 97 126 13 159 55 46 115 56 111 135 36 1 75
    198 219 62 144 107 213 231 31 92 83 204 159 189 82 204 4 62 212 114
    67 183 100 121 90 28 165 33 205 137 71 202 31 241 40 51 145 203 160
    247 30 91 76 157 191 62 187 24 97 59 30 114 57 89 255 210 86 18 43
    153 67 150 139 67 61 110 148 21 111 216 240 184 1 132 89 61 135 167
    33 43 235 168 208 240 112 194 33 125 135 172 152 52 91 162 63 207
    156 117 171 3 55 226 138 77 179 29 0 180 80 32 188 21 144 225 20 188
    162 32 143 131 190 184 118 43 40 236 105 162 144 119 116 86 77 47
    184 244 241 219 69 89 61 208 102 6 47 129 32 176 88 104 0 204 184 52
    209 184 75 31 170 30 253 167 108 11 238 204 52 4 50 34 246 158 25
    221 56 67 44 27 6 217 232 206 194 103 217 115 43 225 0 219 132 184 8
    103 59 85 141 130 16 27 234 70 123 124 37 245 17 199 163 33 82 93 73
    9 95 88 193 67 195 143 28 59 5 27 103 229 92 75 7 141 228 52 134 222
    68 57 144 4 3 165 76 195 218 115 248 204 201 111 138 134 134 137 221
    203 165 157 71 205 15 15 15 32 89 152 42 23 45 229 145 53 202 90 221
    151 136 67 106 196 125 69 0 182 113 161 28 39 54 85 217 124 175 161
    168 90 43 114 63 140 226 229 31 28 77 145 195 121 112 81 13 216 94
    25 167 151 109 189 250 170 160 250 238 109 156 231 110 9 59 27 229
    203 158 167 37 117 208 20 229 56 24 188 200 224 124 163 168 41 108
    117 77 13 55 9 105 39 28 246 25 194 29 244 75 118 8 246 186 229 65
    147 33 5 197 227 6 67 153 224 206 50 65 54 150 187 175 63 29 238 238
    32 190 134 79 158 162 91 232 72 173 119 229 202 234 185 132 252 10
    74 107 102 218 220 39 91 69 58 238 230 184 37 55 173 154 151 245 127
    36 202 22 32 55 107 1 44 255 122 43 14 51 176 176 213 83 60 85 127
    22 136 77 255 137 236 139 61 9 139 57 105 190 179 233 135 251 75 111
    97 6 22 76 55 237 31 115 47 182 76 202 8 186 167 94 242 195 162 219
    145 41 122 138 131 194 131 46 6 228 227 17 23 99 170 238 204 246 251
    242 57 176 236 49 83 46 12 253 133 143 58 151 247 126 231 172 154
    167 147 96 224 44 38 246 208 84 159 201 56 174 231 203 144 188 184
    114 77 251 77 153 134 246 108 4 47 244 58 95 47 94 151 40 189 139 63
    49 148 60 101 34 216 90 143 246 87 171 61 206 17 67 44 73 158 0 216
    186 88 31 132 82 122 197 31 253 145 81 166 69 183 182 46 138 11 70
    15 249 99 117 99 13 214 85 41 185 188 198 116 180 77 91 60 241 21 39
    155 130 115 217 69 250 16 156 197 51 75 235 179 75 199 114 174 74 71
    123 149 177 201 194 103 37 196 30 13 234 92 199 234 205 44 7 223 232
    74 185 254 131 209 146 162 212 106 1 143 70 164 48 106 230 68 84 189
    45 13 131 39 125 110 226 198 47 101 166 196 137 186 14 55 103 39 31
    55 168 69 49 227 185 132 168 7 186 182 191 53 71 55 90 108 195 165
    126 181 73 28 28 45 209 246 255 255 239 221 159 93 120 114 34 153 64
    238 238 19 29 88 183 99 115 14 180 166 140 87 158 123 69 68 38 221
    76 90 192 140 20 191 150 145 12 100 49 234 255 161 192 11 164 198 6
    189 75 180 214 206 40 106 222 217 20 211 40 46 165 99 106 188 213
    173 14 11 237 224 236 241 140 101 72 11 65 124 38 248 24 235 125 42
    200 48 96 102 253 192 11 29 107 233 160 167 68 19 13 252 58 112 63
    39 169 227 145 211 30 108 99 147 120 138 61 173 234 159 104 115 115
    64 130 170 206 235 57 188 128 70 126 253 130 248 56 204 133 19 35 16
    248 243 175 157 121 105 230 141 96 105 122 107 135 150 194 1 16 73
    66 141 4 252 124 163 229 148 78 38 24 239 138 253 86 59 241 221 66
    242 101 213 74 162 33 40 58 142 56 2 74 129 102 94 158 201 116 32
    138 88 35 214 1 0 14 162 90 166 114 134 169 253 26 84 252 158 29 96
    194 162 54 199 17 224 5 68 218 148 62 75 88 167 158 55 38 211 136 62
    41 105 73 87 4 255 67 162 221 60 231 152 48 228 78 21 230 88 105 147
    179 30 194 68 17 250 115 70 199 107 24 223 210 246 236 186 238 191
    185 246 9 97 80 249 114 78 34 91 177 191 126 131 156 188 3 36 220 10
    253 227 41 10 38 178 152 214 150 192 16 32 10 151 36 64 125 239 100
    162 5 6 133 166 221 40 59 227 159 40 250 136 68 166 245 250 144 12
    117 28 61 74 58 235 94 237 151 51 240 85 247 34 173 31 253 219 103
    103 158 0 28 142 217 87 125 252 241 169 19 182 11 200 163 246 87 51
    7 140 234 97 183 26 211 246 102 70 144 129 78 209 79 237 224 47 229
    178 247 147 183 76 164 158 167 92 155 116 166 165 213 209 150 11 85
    214 22 99 50 56 239 213 138 48 120 130 119 250 225 4 186 138 125 254
    103 121 15 214 195 52 175 247 217 118 208 33 136 158 176 87 213 27
    119 158 73 69 222 198 110 143 27 24 14 181 117 54 155 39 112 219 124
    0 167 13 181 244 4 49 236 183 155 114 118 99 210 196 113 191 219 69
    176 185 73 9 113 126 190 85 9 92 39 163 228 216 125 73 223 43 29 104
    58 16 64 116 57 26 3 228 175 233 4 56 55 68 188 253 105 144 151 255
    173 116 168 208 214 146 32 146 146 89 15 139 128 178 222 102 89 198
    19 152 0 96 34 2 218 143 240 147 205 192 190 103 204 123 235 107 211
    52 225 195 223 129 205 142 22 251 19 201 126 194 197 57 223 119 239
    107 37 206 156 146 66 18 158 89 151 113 166 157 40 39 126 25 142 70
    202 195 99 49 218 228 189 165 216 30 118 154 253 187 107 46 151 219
    243 106 124 213 158 250 245 2 254 71 110 201 99 16 135 78 173 162 78
    0 65 139 180 88 154 212 50 134 170 185 30 190 6 119 248 49 54 207
    146 220 228 12 157 226 26 131 31 120 211 109 20 48 122 40 174 170
    201 116 26 89 244 68 44 209 166 190 216 248 25 82 226 15 72 118 13
    130 48 165 99 52 22 66 179 57 173 151 198 89 55 197 240 113 176 150
    67 183 66 104 183 79 23 115 112 84 224 205 220 176 149 130 63 72 6
    107 39 136 81 234 118 252 55 96 57 127 20 189 205 18 85 52 115 175
    101 225 227 178 222 232 14 23 80 0 190 182 78 26 151 71 206 128 122
    245 105 205 182 126 255 21 118 215 246 239 191 1 86 64 197 121 188
    36 114 48 82 96 3 169 159 11 138 59 189 15 233 61 166 45 112 189 9
    22 236 15 120 235 168 199 75 65 161 97 218 161 158 167 57 4 28 72
    232 98 76 139 242 147 64 88 245 218 94 203 237 181 64 48 101 1 107
    11 200 191 93 50 234 82 30 54 124 5 173 31 145 241 223 211 207 247
    144 234 46 35 229 138 73 174 86 37 15 104 112 29 52 21 136 230 227
    30 220 85 21 231 244 219 33 166 91 214 131 246 61 128 138 38 219 90
    16 167 200 244 10 131 124 29 80 250 94 42 31 163 202 152 119 220 182
    170 166 196 217 127 27 75 243 15 157 254 43 213 239 76 73 39 74 213
    37 39 169 175 68 124 174 143 42 131 242 53 141 249 220 102 32 145 38
    175 45 149 64 220 153 245 33 140 152 220 137 25 111 254 252 96 216
    189 91 222 179 12 53 128 129 166 168 229 255 134 12 159 157 33 39 46
    135 139 101 231 82 254 230 153 225 79 241 61 141 3 238 242 61 198
    111 60 97 15 157 98 185 91 143 146 237 177 57 84 24 197 129 137 22
    186 222 160 237 137 107 11 148 163 220 45 72 161 95 202 81 62 76 128
    59 130 65 17 19 136 218 178 179 101 145 116 201 46 127 228 64 70 144
    200 133 71 33 200 89 167 45 228 96 191 120 186 97 83 158 240 10 234
    31 210 55 247 139 190 5 223 93 124 217 106 235 155 190 210 132 29 48
    96 164 8 36 77 14 48 98 80 161 76 171 202 26 71 229 74 208 245 97 11
    104 178 179 154 180 231 164 59 239 11 92 21 117 105 221 31 12 211
    239 62 114 68 214 226 69 172 236 61 125 38 208 10 249 115 211 183
    107 37 223 192 174 51 199 99 148 60 158 241 120 72 201 74 202 90 184
    194 144 44 139 54 71 60 238 39 76 36 251 130 112 124 69 242 3 230
    105 244 126 114 194 237 93 78 228 165 98 68 171 12 28 209 30 63 10
    23 117 224 237 8 129 25 59 2 122 137 147 56 225 90 29 75 42 127 134
    213 246 62 155 158 129 193 2 217 153 28 125 187 17 176 9 201 177 19
    118 27 164 97 188 207 42 108 27 249 244 101 174 109 112 150 217 34
    127 75 153 113 186 122 59 118 19 91 183 112 3 205 181 147 19 180 108
    220 59 19 204 237 199 115 173 238 159 14 30 147 101 48 104 231 108
    126 77 164 68 239 228 255 195 101 136 232 190 134 208 191 136 115
    128 60 95 156 43 242 166 67 57 17 100 12 22 50 51 229 246 120 204
    111 102 52 144 99 189 65 105 201 38 2 152 56 254 157 110 25 79 171
    206 237 51 179 108 255 206 208 179 107 55 94 40 169 89 208 252 23 32
    140 98 214 149 179 44 15 194 47 193 58 108 243 120 192 193 248 105
    11 149 46 122 87 76 237 133 132 1 175 135 82 38 199 187 59 87 90 187
    21 165 223 150 10 122 108 15 185 165 50 216 29 236 140 23 200 8 154
    111 87 9 120 237 252 220 238 178 77 43 21 197 24 44 9 208 87 79 110
    133 219 35 35 119 47 254 133 186 79 165 160 163 118 255 132 111 151
    192 178 150 64 95 195 28 93 243 89 176 29 220 103 196 64 158 83 196
    71 45 172 177 156 215 22 49 17 138 244 155 38 64 187 74 192 182 180
    133 163 74 115 93 155 31 35 4 227 0 92 8 187 222 207 11 10 55 97 217
    226 80 255 92 43 143 170 8 217 149 202 137 127 37 171 218 73 243 14
    130 228 172 173 71 150 156 223 224 209 30 182 96 226 84 135 28 235
    22 131 164 192 240 122 134 155 97 175 170 144 38 38 45 96 91 91 39
    247 212 79 134 224 21 109 245 170 18 23 170 160 234 242 198 208 129
    137 24 43 24 175 85 197 219 143 193 88 155 45 114 160 99 54 79 35 56
    191 19 233 7 155 189 46 140 154 25 247 101 110 139 99 143 91 156 193
    91 153 60 120 162 151 208 194 82 12 64 252 204 128 92 212 65 109 60
    88 60 153 137 121 49 147 246 32 62 23 120 203 114 234 230 75 61 246
    11 43 178 179 78 73 24 26 29 31 191 177 56 107 240 179 32 1 0 80 230
    224 204 21 7 139 39 139 255 2 44 206 53 126 146 94 145 28 128 135
    145 133 113 177 73 243 42 175 212 164 203 182 77 103 187 126 133 90
    122 33 107 229 104 57 239 40 157 12 156 219 116 23 78 71 29 83 160
    246 168 196 175 115 242 7 107 146 250 208 253 240 114 200 60 189 152
    120 163 147 74 59 239 160 16 218 166 163 50 79 216 176 147 150 19 27
    29 17 169 195 76 144 157 110 217 65 101 33 214 132 22 78 253 78 76
    227 81 19 131 55 102 72 240 240 110 255 80 44 199 242 167 99 77 225
    100 137 21 244 167 203 15 103 90 214 41 245 144 255 157 21 108 231
    45 68 11 56 212 18 75 203 200 130 187 49 45 132 65 41 215 135 249 65
    135 34 50 241 204 159 130 86 17 108 254 193 21 194 205 91 44 53 97
    255 227 38 54 160 25 181 169 164 245 222 44 116 122 161 241 185 190
    184 144 18 65 208 42 236 78 17 53 18 178 202 249 242 210 171 154 122
    9 18 201 62 77 97 239 212 64 233 207 170 12 124 143 72 174 49 43 31
    90 50 21 252 84 85 172 189 204 196 217 97 108 125 190 207 80 219 104
    164 224 122 12 59 159 182 143 254 41 85 160 183 93 111 35 209 161 26
    103 17 206 105 192 221 243 252 0 189 33 41 178 66 179 31 68 79 124
    145 165 230 251 65 28 68 184 37 13 219 105 222 109 110 159 68 143 21
    111 242 88 149 105 134 115 129 160 0 40 24 249 221 181 14 134 178
    165 215 183 158 192 77 76 226 13 175 53 21 40 209 111 30 144 229 169
    187 137 131 93 36 39 44 55 98 8 103 23 245 168 226 247 25 244 45 89
    85 40 185 123 154 11 58 11 133 3 161 101 16 149 68 253 249 39 208
    251 253 0 119 89 65 225 122 206 101 95 169 83 72 243 150 222 70 36
    211 1 173 213 89 78 145 62 124 252 20 242 181 18 166 17 124 255 3
    199 170 47 150 98 30 193 31 26 115 12 232 66 127 48 131 235 2 95 3
    39 117 227 190 9 137 14 11 171 114 226 55 74 109 254 171 82 24 155
    231 58 185 109 25 153 66 200 18 66 92 227 225 164 199 3 118 31 104
    194 238 51 240 237 155 18 142 67 135 71 159 55 102 92 157 104 254 32
    235 179 161 220 229 136 184 53 100 47 116 212 184 151 145 248 225 61
    4 55 226 51 223 57 46 53 11 126 96 108 113 32 202 108 49 71 88 71 44
    122 136 83 3 249 150 0 96 200 239 232 92 90 13 36 213 18 253 208 23
    248 139 37 70 127 186 184 11 239 35 157 22 0 176 55 18 59 180 42 165
    142 80 141 139 141 83 200 28 80 62 41 71 128 144 78 172 11 184 116
    241 104 55 135 43 126 61 114 74 183 229 117 114 162 216 170 40 41
    170 79 87 62 20 113 247 165 143 43 197 156 59 206 173 64 173 178 21
    62 87 69 61 160 217 190 210 136 184 103 211 162 222 62 84 104 43 108
    33 206 173 76 227 165 132 80 254 159 141 118 107 234 253 35 228 22
    222 100 105 245 137 120 244 80 242 141 219 3 181 1 135 187 26 182 55
    80 113 99 216 99 146 106 129 211 234 248 4 90 14 245 35 47 188 23
    233 244 211 34 67 218 88 104 130 100 35 48 193 28 110 162 61 247 152
    39 45 35 28 65 60 196 44 211 136 63 138 57 33 187 55 229 30 63 118
    190 216 207 175 161 94 92 24 109 215 79 152 22 21 224 134 32 100 5 1
    1 195 152 70 194 122 157 203 100 73 211 68 91 131 177 26 71 12 222
    110 9 131 199 26 200 40 49 150 54 216 224 195 209 35 84 177 187 138
    132 125 80 39 206 32 179 243 168 167 128 147 180 99 134 114 45 169
    35 234 185 142 242 152 121 163 62 1 219 6 194 76 209 242 84 225 63
    71 22 43 197 59 111 183 222 196 184 229 233 183 220 161 41 42 217
    134 180 102 214 244 124 99 39 163 210 41 243 35 101 102 144 201 53
    134 244 228 199 136 244 163 138 223 112 71 129 150 206 194 2 205 75
    199 21 38 164 57 46 99 145 51 99 244 63 109 173 113 96 62 131 89 62
    183 27 8 199 112 1 136 63 56 129 111 175 161 48 183 67 200 158 180
    22 52 199 87 209 21 125 71 155 99 224 85 161 181 192 17 58 255 169
    53 131 123 212 230 246 116 87 177 218 178 6 184 244 236 11 167 163
    171 153 133 122 167 122 108 139 171 34 148 211 34 24 122 68 57 252
    163 145 37 33 96 167 124 134 232 67 93 198 233 109 105 201 148 221
    81 40 32 229 158 230 166 157 201 254 197 98 84 103 155 113 11 201
    123 182 185 200 116 143 12 124 171 18 41 36 188 189 50 4 135 219 175
    189 48 250 14 61 52 170 23 247 181 98 192 75 95 245 214 237 252 115
    31 31 118 29 188 242 192 245 245 232 61 48 71 157 28 110 90 133 49 9
    133 255 109 238 31 170 193 156 14 59 49 209 168 37 55 230 209 237
    234 32 72 138 210 0 192 251 86 91 151 63 205 41 134 194 87 72 133
    154 42 155 57 102 77 174 110 186 12 180 206 245 175 14 113 45 57 91
    134 146 219 97 158 133 173 243 2 67 58 240 126 211 250 67 29 233 139
    172 11 36 172 144 113 236 176 102 170 132 114 162 246 190 49 91 40
    193 219 184 20 201 142 213 127 63 133 30 132 203 26 48 69 163 212 80
    14 238 18 152 80 184 160 182 59 33 182 184 16 8 149 172 25 173 254
    142 59 137 101 139 253 76 56 46 190 185 104 37 190 183 127 232 154
    94 20 229 100 139 188 44 49 146 5 181 168 99 49 215 150 20 90 119
    207 240 17 177 95 70 129 25 234 181 89 2 255 37 44 86 45 150 115 212
    196 95 58 224 198 29 145 148 159 205 88 233 62 227 46 167 191 168 63
    136 210 69 222 33 14 88 124 106 253 144 50 155 251 83 145 203 191
    194 107 144 86 169 237 10 106 6 251 221 230 46 248 13 218 235 176
    183 110 103 80 224 97 116 86 145 142 125 198 145 203 142 48 119 206
    118 111 200 112 219 146 47 113 126 134 233 138 175 23 230 82 86 57
    235 26 0 237 233 192 216 203 228 108 59 224 254 224 54 47 201 26 26
    89 150 161 160 16 180 171 20 47 136 11 161 134 243 185 223 77 97 149
    0 61 29 93 45 162 150 133 18 30 248 83 144 35 75 147 77 59 141 97
    239 90 59 44 72 243 229 245 159 204 172 81 156 33 118 85 114 67 52
    186 37 82 13 216 174 64 245 90 61 55 236 177 150 219 205 84 86 121
    104 242 141 107 103 93 139 245 101 159 53 169 184 23 179 88 67 237
    136 115 252 162 154 24 22 19 31 111 83 38 222 117 94 54 174 197 17
    222 66 251 174 246 93 138 150 234 137 246 124 117 50 136 107 49 254
    205 26 234 113 174 35 116 34 114 173 158 8 238 230 188 243 180 233
    156 255 134 22 41 122 36 0 42 252 119 8 213 135 62 78 98 212 98 10
    19 37 252 31 212 27 239 83 159 65 74 23 124 120 204 31 179 92 174 45
    85 204 139 141 180 19 178 100 36 219 33 143 70 237 146 222 187 147
    133 66 110 136 51 156 5 190 89 107 121 244 176 24 109 220 84 47 49
    77 83 153 165 228 15 217 10 103 84 81 199 8 24 175 212 51 44 98 112
    165 187 184 113 231 17 94 84 67 38 185 74 192 108 84 41 10 93 16 79
    130 133 40 40 211 234 223 84 22 248 108 65 73 34 234 97 80 85 208
    197 214 84 196 40 206 223 246 116 82 178 107 213 4 204 196 191 249
    176 134 124 253 85 240 114 166 131 168 40 102 159 205 102 184 252 51
    186 250 173 187 53 107 241 178 98 178 237 201 83 12 233 82 171 216
    27 145 12 227 91 186 91 106 15 221 55 129 215 161 127 252 73 148 201
    209 186 47 9 81 176 4 6 114 185 53 241 189 92 180 75 146 123 83 137
    56 194 99 200 145 30 244 248 227 134 92 225 222 47 14 161 77 40 60
    121 46 249 15 31 140 209 222 187 207 125 80 209 153 86 235 129 164
    90 79 104 122 29 127 111 117 8 138 89 139 83 147 185 59 232 24 199
    73 143 65 107 251 64 1 71 62 172 244 207 38 128 71 118 2 56 92 104
    148 131 115 232 27 141 4 231 224 105 205 139 241 94 29 212 158 132
    189 1 112 65 67 220 41 229 46 57 194 127 34 81 62 154 242 26 17 131
    15 51 55 99 155 209 176 208 124 43 82 165 38 158 233 217 202 104 243
    54 229 123 14 148 159 206 30 237 19 64 207 157 57 104 125 98 91 246
    66 207 124 176 201 37 42 9 161 208 221 87 208 130 218 142 208 47 132
    27 228 91 94 0 103 161 3 25 104 163 67 226 253 79 175 13 93 131 116
    247 143 81 130 50 64 161 200 232 31 205 236 141 218 255 239 130 105
    215 151 157 173 240 11 26 198 107 239 13 232 203 3 145 199 18 156 29
    88 70 244 118 126 78 29 201 51 227 219 4 13 201 6 78 154 25 237 194
    163 114 185 22 238 119 182 117 200 0 29 83 112 73 205 217 108 219
    147 200 36 35 106 118 245 49 25 244 139 214 108 93 118 251 33 30 97
    6 53 222 105 36 161 214 75 106 177 56 229 103 159 115 131 134 188
    201 185 247 189 59 250 205 95 190 156 140 218 150 220 196 233 219
    244 214 175 34 217 171 75 118 104 144 115 134 237 116 170 173 155
    118 148 148 118 180 55 56 135 75 21 6 142 10 199 13 79 118 179 177
    159 103 144 10 188 99 41 118 90 27 178 84 8 58 68 141 104 223 52 65
    185 4 11 66 228 23 4 120 190 33 141 70 1 122 179 39 193 87 218 55 66
    195 117 85 238 127 131 20 127 71 13 6 49 96 80 19 201 17 68 0 74 18
    187 128 249 86 217 143 72 202 59 199 52 233 197 250 200 120 233 217
    115 225 57 57 67 105 15 85 104 67 74 79 188 215 11 122 152 180 11
    221 15 135 13 81 239 37 205 0 221 20 25 138 45 55 54 83 145 12 114
    233 166 176 176 25 10 98 113 128 241 57 183 198 251 26 109 213 231
    210 41 20 149 28 1 116 58 63 81 106 27 179 99 194 110 120 230 200
    139 245 37 233 137 91 118 161 195 14 211 52 227 159 131 213 139 146
    15 178 80 219 136 129 207 173 131 33 87 126 233 6 38 113 227 16 3 6
    178 76 60 233 100 74 166 195 70 190 11 4 107 10 254 19 247 41 53 66
    254 53 122 212 69 59 93 41 71 0 150 231 35 7 141 15 37 120 116 175
    21 121 50 93 192 31 27 247 70 118 246 78 196 38 55 64 112 159 243
    140 88 222 1 179 96 160 101 55 220 133 51 156 102 121 163 77 197 198
    231 135 145 137 176 254 214 161 145 14 155 41 234 253 79 65 130 236
    63 209 2 45 73 72 225 68 171 237 93 125 203 181 116 160 201 163 99
    69 195 235 74 224 166 83 96 236 22 148 118 187 12 35 136 212 162 76
    156 232 1 38 180 33 188 225 139 47 137 98 181 193 217 28 3 220 130
    185 133 217 232 2 78 162 214 60 51 204 42 229 148 176 47 100 202 85
    204 13 115 121 5 189 57 149 220 216 90 250 165 110 66 248 189 32 195
    104 247 49 137 164 234 112 14 117 246 140 94 65 214 156 65 144 121
    170 68 42 158 187 69 236 145 106 38 151 252 74 131 89 3 6 183 107
    179 191 3 182 135 175 200 140 82 195 113 198 25 157 173 200 246 37
    31 156 41 126 9 143 113 157 164 157 78 17 93 165 90 77 169 184 39 8
    8 137 144 34 34 242 131 191 4 47 173 41 73 160 165 197 36 149 213 23
    232 34 138 218 83 228 25 99 153 242 167 78 225 67 33 81 145 214 49 1
    255 196 71 230 140 226 229 67 15 137 89 205 229 170 8 42 51 209 233
    171 241 178 88 47 32 68 174 78 191 175 240 104 200 7 171 193 229 203
    171 196 127 41 184 223 217 219 53 242 140 78 120 117 104 91 103 252
    53 108 228 132 180 88 146 116 124 67 47 219 227 57 128 3 172 26 206
    180 181 164 22 248 147 220 115 2 219 211 147 135 179 208 249 195 14
    39 253 138 5 121 122 62 26 81 152 244 144 86 76 215 77 48 21 169 242
    236 59 24 224 59 125 130 106 4 172 90 114 203 12 85 36 32 40 30 140
    161 84 205 37 202 121 62 53 8 38 232 10 69 73 96 131 227 35 167 72
    94 254 170 181 173 49 162 40 138 121 73 209 38 77 60 87 70 181 125
    81 16 43 213 140 178 211 240 87 157 123 165 162 128 158 46 50 102 70
    86 156 107 200 91 204 23 127 6 12 180 95 59 80 103 158 73 17 99 103
    72 54 32 236 239 136 57 46 51 114 254 45 177 93 122 225 244 253 43
    212 163 166 159 6 76 178 137 183 64 168 116 242 29 41 90 175 162 221
    171 216 47 17 85 18 170 253 164 49 81 153 39 237 181 112 233 246 22
    123 56 230 4 153 167 95 93 62 244 243 30 114 77 201 18 19 27 226 49
    147 17 50 135 233 236 76 144 192 86 16 235 195 227 93 101 158 86 174
    29 36 138 124 87 180 142 237 143 89 126 153 80 221 31 84 93 253 92
    39 107 143 19 67 189 207 186 72 21 195 48 142 45 185 10 10 193 20
    253 61 116 82 37 104 230 153 0 103 86 230 33 86 114 87 114 220 65
    171 220 28 173 45 157 105 34 155 93 218 29 160 110 62 239 55 33 139
    211 60 73 208 109 154 57 92 201 180 197 67 79 110 136 169 24 43 38
    81 246 27 118 109 37 75 168 115 242 195 226 89 105 233 87 77 129 168
    179 132 182 200 237 99 230 31 97 17 154 73 162 71 139 210 141 236 97
    238 161 211 43 201 197 106 86 194 83 159 57 228 32 40 190 140 18 70
    34 198 210 194 88 53 44 21 159 138 239 9 246 248 159 63 177 95 179
    247 19 234 68 77 106 151 22 158 193 204 115 39 241 169 128 71 136
    201 79 253 68 208 219 93 134 114 128 194 102 122 76 159 201 209 8
    120 224 116 105 12 151 116 215 123 224 46 179 45 161 215 87 21 122
    149 193 2 136 102 22 6 211 208 170 228 111 246 65 207 34 166 239 165
    122 219 244 195 225 255 95 44 122 187 24 138 113 125 133 115 139 192
    114 255 126 50 44 213 131 29 249 223 97 105 25 16 86 106 206 52 238
    3 246 109 137 59 232 41 62 220 112 59 118 238 121 99 189 255 168 66
    226 212 121 93 244 239 87 88 232 230 235 60 86 205 69 132 172 228 95
    60 253 209 197 215 93 227 189 237 55 233 119 149 29 51 243 200 101
    98 88 35 14 66 57 97 75 94 128 228 159 58 55 204 140 182 137 168 219
    86 117 41 126 57 128 42 251 232 115 157 127 232 155 160 25 120 240
    104 182 41 188 121 59 243 7 127 29 190 240 130 221 203 62 147 181 17
    167 203 251 250 179 210 220 36 88 134 138 11 41 84 196 120 77 50 127
    29 147 214 122 197 47 193 142 138 85 158 89 112 52 168 2 225 239 80
    229 2 253 223 68 24 216 116 97 207 195 211 174 226 5 113 207 68 16
    215 219 108 201 149 107 244 104 129 39 37 52 4 51 64 126 190 113 201
    98 124 95 10 75 211 74 164 240 83 38 12 10 66 86 19 215 149 38 25 21
    89 29 34 52 53 39 11 192 16 252 49 1 166 99 152 162 111 206 127 159
    70 224 207 154 224 34 191 11 17 179 51 139 8 164 215 2 92 13 208 37
    171 180 176 91 115 25 133 45 121 90 65 68 191 137 117 152 152 116 13
    153 73 243 220 179 83 170 24 164 226 84 172 243 98 61 77 156 189 147
    42 241 83 99 224 237 36 240 118 212 224 147 11 43 219 58 203 90 80
    221 85 241 71 241 171 240 170 209 133 247 205 23 135 157 208 33 245
    200 95 162 152 16 138 79 1 109 172 114 221 22 68 65 7 202 22 9 110
    184 7 234 34 18 130 28 111 72 103 179 241 209 1 106 104 224 137 168
    231 254 142 71 141 150 113 62 82 167 191 71 41 191 236 196 157 192
    214 71 196 88 121 24 229 68 66 48 69 192 198 86 166 50 229 151 58 51
    138 44 128 19 199 141 222 43 2 126 103 134 42 40 206 98 45 89 65 170
    160 16 237 213 150 252 41 197 17 128 174 56 248 17 184 109 160 176
    34 91 103 66 110 219 236 152 181 173 146 98 24 26 190 62 115 205 2 3
    212 49 180 103 42 100 102 98 96 101 162 43 13 164 151 211 143 143
    224 9 176 51 170 227 8 18 135 248 88 13 253 253 75 240 179 65 101
    108 181 231 110 224 146 250 151 110 74 66 103 11 210 209 31 204 62
    67 31 101 124 248 108 108 205 251 236 8 126 134 57 247 160 196 235
    24 87 127 92 121 139 48 111 57 129 78 2 78 166 227 227 113 72 163
    111 181 125 48 170 159 186 78 26 196 228 104 19 0 132 79 152 240 147
    249 65 190 85 184 147 174 240 23 120 95 215 19 77 57 20 230 43 146
    35 148 45 230 155 10 109 136 212 128 182 34 44 110 106 135 221 182
    64 81 241 61 242 206 236 109 132 200 230 120 112 129 163 155 49 224
    62 31 194 163 35 196 83 17 195 204 136 221 241 216 81 235 37 13 58
    138 202 96 166 209 99 92 174 143 175 251 51 122 213 254 193 227 53
    241 11 112 203 62 166 143 227 68 99 111 47 24 174 36 24 222 187 169
    102 177 179 83 9 102 81 223 207 68 5 89 92 227 79 211 253 154 2 144
    140 155 54 171 248 101 99 65 13 47 96 252 12 89 143 121 91 201 184
    173 32 6 92 106 255 163 76 232 176 128 78 129 122 218 104 117 199
    199 255 147 166 104 19 22 57 183 152 126 236 119 65 101 70 61 198
    227 49 245 218 213 45 248 78 179 232 41 131 5 74 65 77 174 230 152
    210 117 173 234 250 36 74 66 98 69 74 112 139 217 33 95 93 1 140 108
    131 93 34 44 227 209 0 88 253 51 220 122 117 116 78 45 168 137 8 148
    55 145 216 225 223 221 179 38 15 160 182 142 195 225 64 68 212 123
    56 195 92 147 115 147 250 99 115 149 2 15 174 207 37 38 5 159 42 215
    114 56 98 2 60 219 94 56 31 130 144 248 190 235 65 220 51 57 137 29
    206 90 158 137 168 117 163 162 189 11 174 202 130 43 144 210 177 195
    253 99 1 229 85 119 192 236 31 149 167 65 198 226 108 255 214 7 88
    244 168 202 210 203 89 170 228 6 136 190 92 156 71 67 117 163 170
    165 178 169 233 72 99 202 52 9 249 154 101 195 87 196 26 81 32 32
    221 219 107 164 149 80 199 116 247 247 14 112 241 52 129 233 170 131
    126 2 16 223 32 255 70 20 231 20 158 224 126 242 196 232 248 244 74
    216 31 231 105 218 166 47 227 54 242 186 243 93 194 144 152 147 2 14
    202 174 245 169 237 232 124 103 204 214 23 232 100 233 141 41 166 89
    121 177 149 118 142 228 48 193 48 56 60 182 15 245 59 119 87 213 132
    95 175 149 185 85 39 219 211 216 93 167 192 111 245 108 101 248 89
    78 194 129 22 61 170 166 199 65 132 46 83 182 49 144 130 220 251 78
    185 191 238 59 98 148 150 94 128 210 127 155 101 4 159 170 123 143
    142 172 52 119 199 251 222 152 4 86 165 101 21 198 242 135 41 50 210
    171 213 169 135 147 29 45 3 4 31 238 196 35 64 92 76 51 123 252 23
    95 207 26 151 121 94 225 108 172 222 164 114 211 127 118 18 226 177
    40 216 246 182 230 246 146 57 235 5 63 89 206 188 105 48 209 48 98
    37 210 38 24 25 31 27 227 115 120 168 82 39 175 176 73 166 152 99
    103 39 145 59 54 233 213 80 12 92 152 207 78 122 227 156 6 241 175
    139 101 243 177 55 199 152 99 67 231 26 244 188 155 141 34 112 74
    188 124 118 245 53 163 80 131 7 111 86 192 7 173 95 138 131 210 226
    126 209 212 176 232 1 74 175 203 190 50 91 206 13 180 117 166 241
    128 136 180 52 122 236 171 97 210 91 76 226 98 136 226 197 30 59 39
    177 153 92 171 115 112 167 241 118 0 128 235 61 177 141 10 113 211
    116 207 17 214 95 211 129 122 226 64 199 217 240 8 74 238 132 28 152
    118 57 226 134 64 43 154 200 5 254 75 156 164 224 245 155 168 131
    102 237 7 236 127 168 227 4 53 209 48 159 56 108 152 241 116 151 244
    221 88 65 243 209 56 125 169 113 148 47 107 216 197 109 58 107 228
    228 19 118 28 68 98 234 104 255 145 125 231 108 90 219 245 28 67 152
    47 202 210 51 80 202 163 103 234 223 147 223 136 146 116 26 30 238
    126 197 144 3 152 128 42 107 173 122 225 135 64 103 190 177 102 220
    225 127 161 132 132 16 220 232 24 252 20 164 46 249 5 178 168 122 7
    197 76 160 179 50 220 174 197 67 180 121 166 113 75 166 149 102 196
    233 209 227 68 77 80 222 233 19 172 125 185 184 87 234 123 147 65 59
    1 85 28 3 250 231 175 48 74 245 30 55 190 169 125 92 253 190 194 64
    7 240 106 73 70 199 133 81 251 160 181 12 80 35 44 209 176 106 100
    122 222 199 84 41 23 62 236 28 96 175 250 52 58 255 72 72 89 94 51
    64 168 183 125 21 113 205 136 165 149 213 112 122 140 122 49 243 131
    141 130 225 24 86 228 242 102 244 204 20 141 85 40 243 193 145 135
    210 105 156 243 104 29 45 255 80 54 246 82 112 242 193 73 174 215 87
    92 236 220 46 127 128 219 227 110 193 246 157 242 39 120 159 173 77
    224 143 184 210 3 173 76 78 112 227 250 253 36 221 62 182 188 126 31
    176 141 173 59 16 44 109 239 174 208 28 36 250 123 210 96 253 96 181
    3 62 130 190 157 115 177 169 246 146 4 133 238 203 26 22 65 95 120
    122 62 74 248 211 179 207 109 24 6 90 54 190 235 67 26 130 90 72 147
    84 28 74 11 191 38 88 1 131 247 96 192 221 14 12 214 178 157 40 129
    33 173 240 206 5 218 184 56 52 216 111 251 172 172 199 222 246 221
    185 253 54 102 171 145 9 194 141 102 232 43 12 217 152 39 255 32 112
    220 40 199 74 70 103 116 139 66 142 57 249 56 96 188 119 149 225 6
    102 183 145 72 245 216 99 40 44 90 119 51 24 68 135 34 147 78 110
    220 90 129 90 36 15 76 118 70 60 115 250 226 101 192 112 120 6 102
    196 91 246 90 101 233 71 171 169 91 33 32 170 2 111 20 20 30 92 49
    150 130 247 103 195 145 242 105 65 159 166 29 110 148 212 39 13 24
    135 247 5 196 102 147 128 192 20 133 54 18 177 39 48 166 76 83 115
    107 144 113 147 140 69 115 79 93 97 212 250 28 28 225 72 184 198 201
    228 3 10 175 101 203 171 78 230 11 246 17 189 80 26 228 104 12 46 30
    0 173 98 167 7 215 5 99 232 36 108 117 30 86 157 157 247 205 178 179
    197 2 67 187 191 0 109 111 21 45 36 110 122 17 17 39 244 45 65 8 199
    92 63 92 134 196 84 192 100 184 189 209 142 157 213 138 2 203 155 41
    254 4 183 75 6 166 239 46 103 218 118 119 254 36 247 85 247 99 80
    141 144 33 242 208 235 221 232 23 30 217 93 12 183 151 50 92 92 172
    172 212 175 38 114 249 148 31 184 190 218 208 183 190 52 14 138 215
    96 245 159 102 223 209 198 17 125 206 82 166 0 106 22 127 194 138 39
    89 243 159 47 87 35 154 248 237 196 71 122 154 56 91 135 194 145 237
    36 58 154 165 162 56 190 49 173 69 201 1 174 55 158 213 132 227 67
    205 172 25 69 242 62 28 1 232 6 2 40 108 160 235 204 226 230 157 97
    128 107 201 104 75 214 153 207 45 114 243 99 135 75 13 135 118 190
    223 41 76 100 101 219 189 109 14 63 96 236 67 249 1 243 213 105 45
    102 75 150 196 220 41 43 87 173 252 165 68 168 43 77 250 191 120 207
    95 148 80 134 171 225 23 189 53 67 136 82 184 19 185 132 194 93 43
    44 147 215 101 2 85 55 90 26 38 73 42 227 123 121 216 35 245 133 253
    6 102 144 194 194 217 106 82 57 151 204 205 92 222 107 231 14 107
    105 97 9 101 96 91 177 171 131 204 221 41 181 249 123 75 249 251 140
    216 87 237 108 126 248 28 113 146 84 221 63 82 214 247 195 78 79 172
    235 121 224 160 169 34 215 103 49 1 103 28 156 30 61 25 150 87 40 99
    81 227 213 111 77 214 89 222 31 11 200 46 242 129 92 204 142 9 201
    89 66 129 170 240 11 143 244 108 183 155 244 153 15 191 118 159 49
    89 130 72 235 243 70 67 183 162 62 6 239 132 165 11 204 215 190 187
    252 140 103 233 126 83 164 177 72 24 13 251 220 247 225 68 119 155
    68 38 6 14 226 211 135 206 214 26 118 186 242 134 238 167 167 112
    223 39 236 162 60 27 196 245 29 98 242 225 219 224 222 186 170 58
    169 214 157 55 88 169 168 250 191 82 170 38 254 140 185 184 245 78
    198 224 72 82 180 241 16 211 140 6 57 247 113 18 227 190 111 224 139
    54 239 238 173 181 72 197 231 229 94 8 62 153 197 33 188 247 90 138
    125 42 95 205 201 226 87 19 92 106 211 62 86 216 200 149 186 18 152
    79 55 81 52 72 130 120 43 159 144 138 79 229 164 159 122 235 237 125
    64 166 48 171 227 232 14 228 31 102 131 138 184 227 103 64 11 164
    184 129 132 64 208 189 178 142 92 49 35 39 171 254 122 243 76 220 82
    141 36 111 61 83 227 134 72 197 219 45 148 43 102 151 185 49 188 178
    40 243 235 201 49 137 106 102 168 225 20 50 79 89 189 179 52 171 240
    241 174 187 179 181 122 172 8 69 28 6 67 95 6 144 208 135 128 118
    178 147 100 205 255 117 195 38 65 131 49 243 242 54 71 16 224 233
    105 14 206 199 125 35 65 164 218 208 200 48 121 60 138 197 88 198
    222 117 118 155 158 144 46 180 167 0 98 73 202 84 231 99 8 138 178
    49 8 83 51 21 50 154 70 12 57 84 64 63 186 196 3 87 40 152 85 178
    187 155 104 151 195 121 67 134 205 254 136 200 131 215 136 158 64
    114 99 208 73 8 141 80 160 125 193 59 38 90 160 97 235 116 108 12
    190 245 243 57 47 56 94 49 91 14 44 241 68 64 138 85 181 51 219 104
    114 32 13 66 14 171 203 121 195 42 154 109 145 138 167 202 110 249
    24 177 42 196 5 74 240 242 39 193 119 55 90 143 141 182 144 38 231
    140 245 135 103 147 83 223 140 33 117 157 59 182 144 44 140 100 85
    77 220 74 227 148 238 223 245 141 90 215 38 221 224 142 155 97 125
    151 232 247 86 31 21 96 67 48 130 226 88 12 105 87 220 183 46 47 57
    171 212 156 23 172 77 231 199 120 83 76 22 49 61 164 239 47 205 194
    124 62 162 232 35 103 235 17 212 86 72 231 15 220 243 209 250 189
    152 17 48 83 141 125 80 35 145 152 16 80 195 192 147 177 121 215 241
    184 134 80 192 170 10 11 249 94 201 225 9 18 148 83 67 43 236 137
    221 188 125 150 5 200 20 153 82 209 83 167 79 236 216 122 58 105 143
    1 26 26 178 17 218 99 246 46 122 31 12 242 76 186 53 65 22 88 144
    182 201 36 90 48 86 52 63 54 227 153 194 239 27 117 148 154 199 230
    58 85 143 16 107 68 159 28 109 1 18 68 206 149 213 172 49 208 250 8
    119 201 247 179 136 22 149 191 21 20 134 29 117 197 243 3 114 40 78
    121 66 204 148 94 236 64 173 230 77 94 171 248 199 106 205 168 129
    182 109 8 87 207 76 71 118 29 196 211 244 216 59 242 66 65 163 44 50
    7 193 202 158 210 233 241 21 135 20 137 253 207 203 203 212 202 149
    147 197 207 21 193 37 244 203 130 202 200 185 163 51 237 115 214 145
    129 147 155 242 137 130 73 118 100 221 83 207 55 210 52 86 120 15
    241 151 175 134 134 138 237 21 191 175 110 33 153 70 142 121 103 110
    238 124 116 18 59 127 126 126 35 52 143 101 176 111 8 144 234 76 81
    66 35 85 45 49 139 10 158 143 22 66 37 42 135 192 177 44 197 65 125
    206 61 4 38 180 206 57 95 168 52 91 118 223 154 156 246 244 242 168
    201 130 159 190 79 9 27 173 201 163 242 194 126 46 37 33 185 222 123
    234 61 120 163 55 88 88 71 246 172 158 143 105 35 207 30 69 68 229
    72 229 164 54 69 180 38 242 136 255 49 215 39 7 15 75 161 20 161 25
    245 53 173 159 28 63 199 240 195 160 235 183 240 83 217 175 65 229
    92 196 94 43 206 165 151 168 95 175 203 194 224 61 164 52 33 152 93
    137 4 217 167 42 181 180 171 96 29 56 127 39 217 174 140 2 109 197
    208 230 63 200 204 240 99 149 196 200 105 32 82 114 223 5 69 174 140
    85 180 104 144 127 146 42 99 75 6 155 247 176 11 28 52 234 1 9 50
    135 163 53 203 179 181 19 229 57 153 36 118 185 215 217 143 96 173 6
    158 254 140 109 247 168 84 141 99 213 170 137 16 161 155 101 165 15
    205 207 21 88 50 127 213 170 180 62 64 79 226 46 183 100 11 23 193
    140 228 140 211 224 51 149 89 172 133 40 196 89 117 121 49 213 211
    62 190 8 143 196 99 150 166 113 148 100 162 133 111 175 222 147 111
    47 114 26 76 30 131 244 64 189 47 112 182 180 232 87 153 119 141 162
    81 10 173 10 186 5 80 245 249 109 119 42 223 217 90 14 18 246 220
    128 173 35 36 136 94 66 190 39 204 169 63 10 118 173 228 148 187 158
    253 73 57 234 177 192 9 53 78 120 150 158 163 113 7 193 75 130 34
    228 134 25 96 181 53 188 211 52 158 218 250 74 0 173 147 107 241 1
    64 83 17 249 224 91 129 236 4 171 59 209 126 26 203 26 58 95 21 247
    71 138 234 163 223 189 181 217 205 115 91 42 230 196 235 239 15 184
    7 250 43 204 211 124 158 253 68 161 96 24 180 237 207 215 120 138
    251 205 159 174 46 119 242 253 57 126 55 61 153 189 67 24 153 125
    251 64 181 180 147 3 198 198 53 82 135 79 42 192 223 195 89 136 130
    117 122 0 172 149 112 191 224 28 18 122 131 56 164 154 198 163 225
    210 184 88 213 50 245 108 107 95 176 68 235 158 199 112 152 244 177
    160 165 164 79 247 91 108 55 110 85 208 72 127 146 253 52 41 176 107
    125 108 129 206 208 229 50 81 247 236 76 177 56 48 43 148 69 246 11
    71 92 212 93 105 153 13 83 14 142 175 84 164 179 198 8 253 121 182
    150 52 69 19 154 107 231 117 114 146 60 215 65 48 99 193 149 254 63
    146 203 137 38 48 227 23 146 231 119 249 127 130 84 161 80 35 239 18
    194 33 33 5 247 177 115 84 125 214 25 35 110 181 156 143 5 89 100
    142 20 200 214 169 205 4 196 216 101 150 168 176 178 127 205 197 123
    226 133 186 155 119 229 179 145 127 60 16 154 229 211 146 196 38 182
    110 8 241 184 188 134 97 195 96 66 133 84 221 146 246 232 109 57 198
    2 87 242 174 95 227 211 166 82 180 59 27 40 84 5 153 122 86 1 154
    205 155 231 148 177 202 22 231 115 155 58 193 220 215 203 191 93 33
    245 76 29 59 90 213 141 12 38 41 133 65 238 207 163 10 71 98 234 190
    162 159 243 26 19 55 64 54 197 46 158 3 215 166 90 223 8 204 122 34
    168 47 66 164 199 83 203 158 198 4 153 218 93 12 137 77 124 207 255
    253 139 5 239 83 166 173 254 177 38 80 88 78 62 158 102 108 28 28
    111 56 149 45 56 160 58 3 55 194 59 166 9 115 27 177 131 6 249 48
    213 91 58 101 220 83 179 166 20 244 188 1 165 68 88 54 18 248 72 0
    243 157 233 235 224 230 72 214 133 95 6 70 179 216 182 92 48 51 230
    84 171 166 129 201 195 170 237 0 241 146 182 163 176 104 42 162 125
    142 53 158 121 36 54 170 38 70 106 97 254 7 176 159 184 156 240 181
    7 89 35 148 178 83 246 213 53 7 114 54 140 98 196 38 148 239 7 139
    147 112 249 250 146 91 70 231 61 211 118 42 226 67 157 144 35 173 48
    69 199 116 180 150 63 206 70 116 77 141 43 72 56 174 12 120 182 133
    162 253 114 157 66 110 27 123 127 54 162 21 39 76 11 124 155 142 119
    209 152 43 64 35 140 43 229 246 33 188 109 190 99 64 148 19 204 65
    183 145 103 237 202 115 60 183 98 193 16 158 196 98 62 224 69 6 37
    170 123 227 77 51 209 114 70 232 141 119 86 60 239 244 140 176 198
    178 141 113 1 210 153 181 7 250 148 168 211 115 85 50 87 47 136 143
    27 189 216 100 245 75 109 254 30 166 186 159 21 248 162 83 122 45 93
    74 143 138 90 162 87 100 108 68 184 121 226 45 138 219 140 214 202
    179 219 189 60 184 223 31 9 63 220 241 55 144 26 249 251 38 225 176
    108 0 51 172 210 177 65 217 200 51 255 189 75 205 227 109 103 75 253
    72 122 171 246 142 98 84 192 163 245 141 229 4 0 40 243 220 232 39
    183 134 33 139 240 127 36 252 244 188 225 121 0 136 113 227 193 44
    56 184 56 175 141 195 163 136 183 127 162 12 193 60 70 144 36 143
    252 195 92 71 252 248 60 143 36 183 226 215 7 156 112 152 1 227 206
    127 225 22 240 104 15 249 136 7 111 25 30 124 60 122 162 78 104 222
    189 148 226 198 69 4 142 238 125 152 10 227 66 241 121 125 191 109
    120 58 188 89 211 94 235 89 236 221 206 157 202 54 45 190 214 187
    177 174 35 252 169 208 168 209 41 129 97 127 102 90 40 251 98 249 40
    245 127 235 181 174 123 181 42 23 78 38 138 230 84 197 222 129 147
    27 62 8 249 227 51 6 234 103 117 169 40 91 95 78 174 185 37 195 228
    82 25 196 144 70 100 119 6 136 205 12 118 86 226 184 234 73 187 99
    32 108 197 230 135 186 28 89 226 226 66 38 19 40 98 120 204 46 28 19
    133 157 35 62 220 158 145 225 254 43 133 148 235 221 117 11 8 85 71
    220 188 111 192 232 125 182 153 247 135 133 10 0 174 163 95 166 194
    226 228 83 11 186 181 41 227 6 27 170 244 109 7 219 169 244 207 129
    175 87 179 20 212 144 169 73 254 218 226 139 115 73 125 109 150 190
    63 189 52 239 71 172 144 16 161 129 181 173 50 148 231 232 102 248
    27 56 165 40 27 213 172 98 203 226 56 114 21 58 146 77 183 199 26
    166 105 111 137 145 109 7 94 153 80 158 127 83 203 47 158 167 1 173
    150 116 29 228 147 0 235 245 47 227 200 229 93 153 189 8 14 118 109
    94 41 221 217 170 111 234 177 109 76 113 154 245 76 85 236 61 192 38
    22 92 64 11 38 239 29 115 226 43 234 199 103 157 93 138 129 85 188
    225 23 45 88 47 105 255 112 46 205 185 239 67 54 128 179 218 97 242
    194 20 199 5 76 165 150 45 79 35 29 93 237 39 113 76 168 126 122 132
    169 118 60 193 178 117 78 90 139 218 196 0 178 168 251 239 104 81
    158 166 66 157 249 108 221 74 97 14 145 47 208 29 178 190 39 231 204
    88 3 225 233 24 212 111 0 9 117 23 152 130 126 208 136 17 153 139
    158 117 104 128 213 139 209 242 165 210 50 195 106 40 132 225 58 35
    42 74 48 172 58 231 16 121 156 224 83 2 24 116 237 98 18 166 85 133
    224 249 237 2 75 95 89 36 178 253 163 25 83 83 145 109 73 145 48 125
    185 209 75 143 91 200 253 56 210 242 190 95 205 168 78 254 69 143
    165 217 246 114 117 151 89 230 163 195 88 178 65 129 156 55 232 85
    10 38 79 117 165 149 145 144 40 96 235 15 74 14 106 155 32 35 81 89
    81 248 85 25 183 189 238 38 170 188 75 233 61 8 130 170 11 12 130
    243 96 233 201 17 161 132 229 33 242 114 32 194 136 208 36 252 192
    61 204 227 31 194 157 8 109 213 194 2 121 115 83 154 127 187 94 242
    16 126 29 220 87 229 222 113 240 172 65 51 117 177 237 227 24 126
    104 8 134 232 198 225 91 54 210 206 27 233 144 194 117 102 2 242 83
    206 46 173 183 103 185 246 139 11 83 204 251 231 42 135 121 43 75
    228 79 134 153 106 5 37 194 251 84 128 128 69 82 233 115 81 9 133 85
    32 107 34 253 25 157 147 226 39 211 35 198 178 110 94 50 251 236 112
    234 196 70 171 126 184 1 162 92 230 130 27 108 91 240 31 61 245 255
    108 116 236 209 206 67 11 227 60 91 236 68 164 229 114 136 159 109
    125 105 189 220 188 38 66 87 140 93 226 123 8 124 22 91 146 231 241
    254 161 215 66 71 201 39 216 161 195 174 101 177 247 181 124 199 154
    14 13 193 41 85 128 32 166 161 61 78 36 225 73 155 112 203 174 54
    189 71 166 226 162 195 198 28 110 126 18 238 221 39 151 60 196 226
    145 160 234 22 98 153 215 120 252 219 19 222 61 212 11 19 76 27 231
    123 219 161 193 160 206 147 51 158 176 210 193 171 245 109 197 156
    210 85 21 135 246 163 185 173 66 167 48 192 79 233 73 20 114 98 236
    12 131 142 8 169 168 108 55 240 30 91 113 242 1 85 253 179 0 141 29
    206 83 125 56 220 217 167 248 121 252 185 147 72 212 205 252 81 227
    26 6 69 50 10 1 228 52 189 56 132 95 246 71 232 30 17 175 16 107 127
    22 130 77 21 170 219 78 157 250 174 133 119 212 219 244 53 238 171
    166 185 99 82 228 200 67 239 43 7 87 47 138 209 197 212 17 149 160
    62 167 183 110 129 174 211 44 22 8 221 241 88 253 164 101 60 240 156
    73 179 150 93 50 210 94 94 238 181 12 224 196 94 239 91 181 73 127
    52 90 135 43 27 142 102 25 151 228 208 241 160 246 89 220 167 191
    193 1 213 199 117 198 88 78 0 212 201 84 106 174 215 212 252 81 46
    167 58 76 237 140 196 172 35 218 107 82 25 62 184 43 186 251 73 197
    173 18 104 158 38 39 45 95 121 68 221 57 150 198 49 66 8 114 196 60
    141 40 238 103 212 118 156 246 97 19 5 39 209 231 180 40 73 117 252
    54 177 36 168 131 239 16 163 223 49 147 103 254 247 10 228 135 39 71
    162 112 215 108 58 246 214 125 129 180 111 61 40 87 241 118 175 76
    141 104 173 235 148 148 68 225 234 97 25 39 27 136 227 250 72 7 21
    151 184 171 165 134 222 164 170 104 227 31 160 57 18 66 242 82 75
    238 82 215 164 137 72 24 247 115 57 144 60 85 108 195 158 230 208 44
    2 114 187 23 61 178 92 148 35 4 147 176 62 59 211 60 236 110 165 95
    32 74 107 221 107 55 123 190 13 78 74 57 54 155 255 126 44 29 218
    136 29 56 200 250 3 151 93 165 197 29 244 9 223 17 182 214 235 189
    194 66 93 215 23 32 95 144 215 209 160 107 192 61 87 221 255 26 232
    252 225 252 229 38 232 92 101 158 176 199 179 37 26 71 40 61 75 84 7
    203 97 117 165 101 204 119 155 148 185 6 44 107 8 54 244 165 31 100
    84 96 219 145 146 178 149 254 111 18 70 197 168 179 14 214 252 182
    177 193 81 216 75 66 26 229 96 91 227 228 17 220 1 56 176 24 81 102
    49 178 86 37 95 206 146 177 29 8 33 171 225 183 194 56 252 144 8 99
    219 205 117 51 110 141 35 194 158 237 13 229 9 229 147 155 150 162
    174 56 83 39 122 169 167 216 94 40 63 88 238 254 77 176 22 8 199 174
    57 9 72 196 168 125 228 172 41 67 51 136 115 163 184 11 221 61 204 1
    243 166 167 106 97 204 167 127 10 81 227 139 16 50 120 124 49 254
    164 177 37 35 129 61 6 129 1 130 219 176 18 117 54 63 22 249 84 114
    33 165 91 45 188 214 109 64 106 26 149 34 31 98 154 113 223 211 35
    115 181 51 96 244 174 59 243 64 27 83 96 198 219 102 135 218 131 36
    84 30 160 93 142 113 16 142 141 165 74 197 133 25 102 114 69 152 231
    210 205 221 216 140 27 133 54 88 201 154 212 249 87 111 43 31 82 208
    109 164 208 164 65 182 146 248 239 47 8 228 42 249 183 87 80 94 1
    113 183 144 70 252 145 186 86 119 210 47 219 137 116 165 117 206 33
    203 206 44 102 201 245 117 254 188 9 52 38 236 92 209 25 61 196 60
    156 233 119 79 22 155 87 82 108 104 223 223 223 25 137 198 117 27 85
    5 47 75 66 249 113 225 102 109 254 113 184 243 246 110 226 96 184
    126 162 228 227 115 149 146 17 87 58 208 107 13 71 37 113 250 55 174
    82 139 254 177 254 132 241 197 100 21 250 152 194 125 153 147 7 21
    183 150 250 196 34 52 128 13 53 183 140 158 89 49 123 23 237 235 139
    133 119 6 204 17 77 227 65 249 93 182 174 208 121 162 241 161 31 16
    105 195 185 204 1 224 76 180 66 201 102 164 65 128 237 81 104 109 75
    51 116 219 75 40 237 51 30 124 28 37 169 13 217 68 53 172 86 217 90
    138 201 253 192 252 71 233 79 52 232 28 232 23 245 54 17 194 241 171
    102 50 248 164 0 49 6 75 186 51 42 2 73 134 45 155 47 229 197 112 41
    167 103 116 244 4 36 234 2 202 63 28 83 136 39 79 145 54 21 113 20
    26 95 209 156 77 97 45 195 84 60 107 78 56 33 117 126 92 65 63 245
    133 233 3 187 245 142 2 15 28 109 7 207 5 73 238 253 208 61 137 170
    190 144 177 104 14 79 10 22 248 112 241 66 86 195 133 30 29 92 216
    142 23 244 206 32 164 101 168 52 126 0 15 49 51 235 216 25 36 151
    141 94 163 93 231 157 53 69 13 243 206 110 114 153 99 7 181 255 188
    108 23 77 250 162 49 236 177 211 62 2 100 73 235 215 80 245 91 94
    168 234 134 239 88 149 220 98 161 223 76 19 128 42 249 219 6 105 98
    123 211 68 63 94 240 43 169 245 20 40 14 176 4 3 50 133 148 248 211
    211 138 95 254 76 81 229 65 97 27 197 217 121 12 15 176 1 38 93 207
    240 10 79 28 87 210 118 166 102 113 216 154 100 51 213 25 239 178
    247 144 149 89 189 29 52 249 72 83 235 163 219 73 198 152 144 34 40
    154 19 245 132 32 190 248 33 253 35 12 208 108 160 152 230 142 78 83
    236 186 239 48 55 76 131 143 40 154 151 154 58 56 140 229 184 196
    103 205 248 131 1 175 67 114 79 237 138 44 124 174 113 212 40 98 160
    126 194 8 20 174 32 23 180 30 3 202 168 49 184 29 58 243 162 32 51
    186 132 114 88 239 99 39 201 80 43 197 140 115 152 51 171 111 74 199
    24 244 52 231 136 69 160 149 66 219 210 143 68 102 93 159 152 43 102
    238 165 108 203 103 13 15 191 52 250 97 34 163 197 167 231 42 47 112
    154 2 249 152 150 32 107 134 215 98 10 151 85 17 227 7 16 2 245 76
    89 49 244 202 138 192 38 4 207 179 189 252 192 164 233 7 39 10 45 42
    176 199 244 95 28 240 254 53 231 24 193 70 66 165 97 141 152 143 147
    40 194 253 204 197 178 238 58 138 192 184 57 30 184 200 254 125 16
    102 42 54 132 49 62 155 107 119 150 97 131 187 238 161 150 233 181
    17 233 127 97 115 2 183 201 121 159 241 7 45 66 126 250 200 6 77 133
    230 241 193 253 247 132 187 89 162 210 250 48 0 193 34 6 186 166 125
    92 41 161 27 114 210 198 46 223 69 255 11 155 40 59 151 52 203 202
    250 110 205 243 44 21 30 60 27 57 156 189 58 179 32 66 99 184 186 61
    32 138 22 39 181 240 7 120 140 233 215 124 11 173 153 237 28 23 177
    108 120 111 38 113 181 58 138 96 74 138 94 114 33 213 255 28 197 253
    112 235 87 29 39 76 33 140 152 126 205 251 29 174 70 61 194 111 104
    159 90 8 118 73 39 198 145 92 21 91 40 208 119 209 187 216 88 214
    122 183 109 4 132 125 30 193 157 85 130 29 241 105 27 115 216 231
    246 191 88 165 20 185 16 54 142 225 124 32 224 79 122 214 142 196 75
    117 0 48 230 160 112 81 76 143 197 83 16 67 207 222 120 239 51 45
    220 182 58 224 217 185 251 194 209 147 139 196 150 188 32 61 114 65
    183 131 218 125 204 201 248 92 8 159 0 155 255 86 166 136 36 254 51
    177 124 211 174 246 100 117 247 21 62 179 226 64 139 36 187 117 246
    220 145 221 156 53 218 50 196 150 129 135 247 170 233 147 4 74 110 2
    130 109 89 101 221 254 48 112 239 37 36 135 178 38 177 140 225 211
    188 121 77 189 29 108 213 61 94 93 218 93 218 15 187 98 3 180 24 164
    180 218 14 139 251 182 148 254 32 9 48 43 154 213 38 121 99 32 230
    170 56 43 92 1 80 152 209 58 52 131 24 87 235 215 135 196 2 160 24
    85 182 72 233 231 25 38 138 205 139 146 43 237 218 51 229 156 245 67
    164 156 232 73 34 78 236 133 233 215 123 15 194 158 138 219 53 8 145
    63 234 118 198 195 96 96 247 150 135 160 103 5 236 128 190 36 83 7
    158 122 59 8 16 64 186 150 59 89 248 53 131 13 228 213 142 35 181
    251 129 48 47 1 113 149 110 39 122 139 17 142 1 133 226 254 111 193
    75 203 137 8 63 86 9 10 158 85 128 74 231 249 188 181 94 221 29 190
    148 17 36 52 34 237 252 103 104 67 131 93 66 159 160 37 92 15 201 17
    246 24 236 126 217 73 169 200 220 242 166 45 109 63 42 255 70 170 69
    174 74 212 59 110 105 140 163 8 33 88 108 70 231 199 207 86 78 137
    143 252 107 79 21 14 58 17 202 242 229 59 124 27 74 196 206 158 31
    113 217 66 176 8 222 43 214 153 43 120 99 185 101 228 29 133 143 62
    31 131 179 169 176 162 3 150 186 86 238 113 205 251 23 184 193 54 62
    117 152 151 158 199 166 0 235 32 153 72 219 228 44 208 54 243 140 62
    102 107 184 231 123 172 126 217 224 85 159 246 40 140 119 53 97 93
    222 126 172 53 132 25 252 112 70 112 63 67 52 167 175 7 109 191 135
    1 112 178 155 73 209 42 34 129 209 141 180 138 2 112 141 25 143 103
    214 184 201 176 100 63 114 27 1 87 5 102 47 66 183 136 231 49 64 106
    33 170 58 142 137 231 60 123 160 18 142 154 55 30 162 7 243 89 109
    75 157 109 66 206 92 155 195 25 237 17 96 202 222 57 254 40 249 73
    48 252 53 157 133 26 46 220 155 177 60 101 70 15 182 31 229 135 106
    153 208 22 210 152 87 132 252 232 82 45 165 46 176 203 22 44 122 149
    52 87 193 4 163 225 5 91 68 83 54 72 231 200 82 138 254 175 204 233
    110 140 178 47 157 52 18 235 145 140 242 113 14 104 120 51 127 169
    226 44 79 31 145 88 110 119 190 252 154 184 148 209 93 220 47 70 38
    138 53 94 229 213 237 117 102 27 184 107 89 30 63 104 0 161 143 147
    67 63 246 82 5 15 170 128 45 157 33 165 239 36 240 53 194 81 156 56
    83 54 197 236 208 171 8 129 226 210 145 18 84 252 253 112 165 52 46
    45 27 228 86 220 231 76 16 172 160 17 228 144 84 245 243 216 137 226
    147 29 252 225 122 162 35 222 227 183 99 124 250 125 72 108 146 0
    178 236 121 133 27 18 168 13 255 79 165 165 37 240 99 43 181 217 129
    233 23 15 226 107 24 24 195 131 237 237 117 46 150 145 182 16 89 113
    102 146 232 216 241 130 183 174 99 83 116 78 121 148 148 35 125 181
    19 231 11 45 56 138 126 82 102 189 219 151 240 218 236 164 174 214
    61 254 252 246 47 221 100 245 241 14 141 125 114 65 143 135 55 97
    181 182 63 105 171 255 245 108 19 230 159 92 29 160 142 228 51 78
    114 238 159 137 228 8 89 163 128 135 123 101 184 125 32 179 29 221
    147 34 56 174 31 184 40 93 6 68 235 81 46 52 120 75 73 6 162 37 46
    156 232 173 81 43 76 227 252 106 77 31 125 179 211 121 176 25 204 2
    252 80 91 82 10 8 157 152 45 9 145 170 59 172 71 46 224 71 83 182 36
    83 13 49 17 254 85 24 119 141 92 98 90 224 52 210 99 149 91 110 139
    100 141 49 98 186 160 110 50 108 134 120 221 168 172 44 40 32 79 159
    236 12 177 167 121 222 121 109 177 133 47 2 200 214 70 63 222 79 42
    123 167 67 136 33 245 181 4 231 157 41 92 24 240 26 90 205 203 45
    159 22 165 109 4 37 188 229 29 18 249 33 44 18 166 17 181 108 73 35
    95 126 144 239 189 138 28 128 11 206 150 47 108 172 130 6 89 96 130
    6 48 98 145 160 208 79 198 46 36 39 129 68 160 37 102 78 116 108 88
    21 115 118 247 99 147 11 121 61 16 200 81 216 104 124 28 11 176 221
    149 162 180 17 172 103 146 189 134 240 78 58 9 252 231 134 88 60 73
    242 224 134 172 101 247 212 248 204 26 38 117 79 220 89 121 191 19
    192 174 242 187 209 116 117 69 227 5 116 16 208 255 6 33 191 230 87
    131 199 213 178 16 193 251 254 178 27 218 1 150 240 75 163 21 40 183
    69 192 175 44 97 96 207 144 151 153 147 181 82 37 191 204 144 29 40
    58 8 182 251 85 83 119 151 119 203 228 221 87 17 201 18 168 232 36
    225 28 126 249 36 170 65 187 240 131 40 102 206 241 64 86 91 167 206
    240 39 0 212 253 170 232 115 161 41 14 123 9 252 171 239 197 131 186
    20 231 72 35 30 153 255 132 159 241 203 234 229 119 129 9 11 243 118
    173 30 134 143 71 0 6 17 6 239 253 96 145 175 86 176 59 242 4 116
    240 234 98 225 35 130 73 208 128 64 95 89 190 205 36 253 236 234 108
    39 134 198 168 14 224 217 146 168 70 68 85 12 40 189 109 181 117 131
    61 223 2 157 247 227 238 197 92 21 136 23 205 216 39 173 75 103 170
    53 192 131 248 185 67 195 242 254 90 85 210 128 13 113 153 135 203
    25 213 137 171 187 191 79 111 7 206 159 45 180 146 148 124 153 114
    19 249 218 107 137 36 174 7 66 62 60 195 204 142 30 54 163 43 241
    111 41 190 227 124 136 162 19 228 228 125 50 185 109 149 239 122 74
    194 142 133 43 190 34 100 179 108 254 78 130 235 32 3 142 129 244 11
    2 164 161 122 97 1 211 164 228 132 144 207 239 149 250 50 241 173
    221 28 14 95 171 82 198 6 228 144 249 81 107 162 117 69 172 201 58
    36 226 140 248 170 174 210 240 138 150 162 126 157 249 14 120 249 83
    141 123 172 206 177 209 165 23 2 232 138 231 44 84 146 226 60 51 160
    167 141 15 140 23 107 213 187 35 211 58 9 77 10 181 175 152 115 244
    9 114 47 11 73 114 55 126 84 109 44 66 120 184 20 134 34 9 217 37 1
    199 101 26 241 200 225 121 117 46 111 24 243 247 74 48 80 106 79 101
    117 172 187 131 76 0 15 228 47 212 37 232 11 119 64 79 27 8 97 219
    231 212 107 139 160 247 32 39 250 135 159 190 231 157 72 240 193 62
    153 212 86 238 193 227 29 170 17 170 220 31 121 75 137 139 28 102 57
    117 250 94 238 142 41 5 61 197 145 94 18 213 252 183 60 234 104 49
    40 215 220 247 105 190 150 248 197 90 184 133 109 80 216 163 75 255
    11 242 118 25 137 50 133 46 245 124 39 148 77 46 69 84 24 134 57 152
    107 103 186 194 33 214 56 96 175 235 250 35 125 196 81 86 223 0 213
    147 147 219 61 184 50 96 220 30 43 163 198 60 11 34 94 30 229 15 124
    218 214 227 203 97 208 240 154 224 218 147 51 211 211 202 164 158
    224 199 154 11 43 91 78 25 228 1 39 109 76 107 231 200 160 101 21
    201 222 198 84 230 46 35 216 139 108 82 185 35 152 254 76 128 54 26
    131 211 84 67 246 53 196 125 111 22 93 163 141 5 150 232 89 95 31
    174 193 16 139 127 254 203 65 131 184 126 165 81 199 88 8 31 217 246
    205 96 138 84 0 132 169 42 138 36 166 6 125 147 243 89 189 178 194
    31 1 79 119 244 100 243 65 56 97 74 95 102 146 60 233 85 208 124 188
    72 112 136 32 70 208 63 33 172 111 207 42 13 238 219 31 77 225 92
    162 17 134 153 107 152 253 120 166 57 14 139 91 19 7 100 179 40 0 23
    47 111 203 194 51 94 208 66 32 182 3 132 162 227 61 170 191 210 84
    10 19 198 239 240 156 104 87 45 253 185 229 90 71 2 33 109 166 153
    201 182 8 50 248 35 125 155 67 36 89 194 105 14 198 123 91 165 156
    109 36 42 124 45 141 117 76 116 124 170 64 206 135 122 191 149 35
    181 23 157 31 47 205 90 76 177 51 30 62 146 86 197 149 62 123 90 36
    203 11 176 94 167 158 165 121 231 196 189 251 137 150 94 235 49 8
    190 125 21 46 228 198 43 38 214 43 108 106 147 84 219 59 0 75 166
    199 16 58 139 202 113 252 110 76 73 150 45 68 74 139 251 72 19 26 4
    90 209 30 177 51 66 74 143 232 4 207 174 231 83 7 99 90 113 24 203
    233 217 247 215 127 149 60 102 156 136 220 15 98 171 249 8 148 41
    135 19 185 242 123 172 82 204 43 178 146 121 42 69 89 193 96 40 118
    62 134 14 89 205 151 81 164 21 84 179 66 135 34 8 157 170 203 146
    207 215 117 155 71 33 90 215 251 104 157 211 137 205 88 242 168 229
    223 232 73 249 232 221 134 135 74 182 234 192 124 242 75 93 213 145
    84 139 3 190 150 187 27 2 56 209 204 0 142 55 188 251 240 178 142
    219 230 119 242 63 100 59 89 106 120 183 18 101 83 89 87 253 175 190
    100 114 224 120 105 216 134 68 235 107 3 66 134 177 38 96 41 106 39
    120 76 75 236 36 255 67 145 110 87 82 135 102 203 246 193 76 170 159
    101 201 38 227 251 111 21 226 84 66 47 178 129 210 103 202 220 2 255
    128 96 226 123 64 47 243 24 160 146 167 29 134 93 209 35 253 38 20
    78 221 13 220 170 145 220 14 147 89 44 63 227 179 245 31 255 106 73
    174 14 187 253 174 177 255 179 54 68 145 41 205 209 227 148 235 125
    202 76 23 93 209 131 108 181 77 152 235 79 153 197 250 253 106 232
    92 12 137 228 225 65 39 249 231 239 254 245 229 108 48 246 66 177
    231 234 59 81 147 68 236 154 122 175 178 2 71 71 24 42 201 2 154 93
    41 200 96 199 105 12 11 140 245 54 105 69 126 69 117 204 232 141 197
    195 87 126 244 125 58 111 169 149 142 208 11 104 229 65 48 22 37 87
    158 251 189 244 129 111 29 88 59 227 88 41 169 6 80 102 154 246 98
    117 190 11 88 30 22 223 145 161 164 7 207 12 237 9 20 238 144 197 93
    34 71 196 94 160 137 121 103 32 220 61 69 132 85 194 48 106 117 74
    61 172 233 174 244 127 243 245 143 9 168 76 158 118 244 202 113 128
    163 2 1 203 172 45 186 92 15 139 30 65 134 141 148 117 168 15 168
    237 181 154 251 82 138 177 168 219 73 151 173 130 86 243 65 4 50 73
    144 92 144 35 96 225 217 197 180 149 199 149 134 132 216 255 82 110
    237 183 217 30 55 143 240 172 215 106 59 109 62 46 64 121 206 99 146
    105 140 194 150 81 6 178 243 99 94 134 245 19 198 109 156 60 12 167
    164 195 193 182 194 71 147 185 126 201 119 126 122 57 144 157 94 200
    133 189 205 232 162 27 92 230 159 174 231 60 197 147 23 218 112 122
    155 19 180 239 120 89 126 114 187 179 130 130 94 22 168 118 113 40
    232 178 90 126 148 163 10 241 76 198 159 163 78 32 95 132 197 184 18
    23 157 84 7 245 169 222 4 105 43 211 126 109 54 153 9 88 64 215 23
    149 88 65 75 89 130 152 113 124 114 62 255 152 75 98 217 245 109 254
    82 24 23 142 220 46 54 222 207 118 42 212 200 51 7 82 113 9 68 73 22
    91 169 70 24 30 77 66 49 4 20 86 178 60 193 218 61 233 75 249 93 16
    78 106 182 222 2 104 77 7 29 178 180 152 196 247 39 204 191 85 177
    219 77 123 16 17 182 200 80 207 55 106 28 28 172 2 194 74 124 27 51
    86 25 124 162 77 135 94 20 244 131 135 219 191 33 31 232 145 209 38
    70 210 228 85 172 234 31 141 246 158 158 142 102 52 15 225 48 120 66
    235 114 182 33 211 66 219 15 131 77 6 100 242 5 214 98 202 176 53
    232 142 212 4 103 220 185 130 164 141 134 5 60 96 40 122 207 173 234
    54 130 51 200 170 116 58 252 233 196 95 157 22 225 209 80 18 11 68
    159 172 185 189 0 206 30 252 81 229 216 44 217 140 146 124 91 164 21
    151 66 109 153 88 147 42 255 48 159 20 134 207 52 158 218 63 74 144
    193 33 168 217 125 156 9 88 42 57 184 149 170 149 2 46 71 32 0 226
    50 157 147 198 175 142 4 210 69 107 252 92 75 74 251 72 241 117 44
    82 118 80 49 1 4 214 22 6 8 124 159 157 157 145 17 33 132 238 123
    156 86 146 161 188 117 199 207 196 18 68 246 46 52 163 57 1 192 174
    179 13 67 55 9 8 109 135 129 111 43 92 12 102 227 81 214 134 173 57
    220 151 254 41 60 101 190 207 91 49 19 241 217 0 175 237 71 60 87 77
    158 50 173 69 245 188 56 131 47 42 38 45 158 71 158 238 229 12 139
    99 151 122 42 149 31 137 193 20 34 110 221 254 210 19 188 180 252
    153 214 18 65 107 53 110 208 226 211 101 207 85 12 167 89 225 89 84
    68 136 140 92 183 147 183 176 139 152 19 225 18 79 84 60 97 195 143
    181 122 193 139 247 168 246 93 52 40 73 115 197 229 81 107 63 147 84
    176 185 6 210 68 231 101 82 115 217 208 53 125 22 116 25 193 221 45
    184 189 15 186 145 191 189 119 79 224 154 95 176 199 89 208 70 146
    192 220 225 88 91 177 73 178 96 238 12 154 172 248 51 91 109 230 232
    16 60 21 121 95 109 215 26 248 143 129 195 10 223 203 133 97 128 67
    98 203 39 230 2 237 199 159 240 145 36 177 254 192 222 20 213 13 159
    47 45 223 55 50 185 254 189 67 155 13 39 55 200 77 159 4 241 222 0
    227 193 96 10 142 140 119 114 51 181 8 229 219 244 246 190 215 102
    84 62 66 175 40 99 23 145 12 233 13 135 106 83 81 46 148 42 124 252
    133 38 167 232 173 189 254 1 56 216 123 190 102 96 43 205 157 89 202
    11 146 9 39 163 224 199 150 78 191 165 133 47 154 221 135 168 219
    114 252 6 222 134 153 245 196 104 143 62 27 110 131 125 11 41 6 56
    255 65 136 205 233 7 237 52 21 78 247 44 75 230 88 39 212 181 151
    106 122 243 145 26 124 13 63 253 232 114 245 209 157 254 177 27 21
    109 167 118 255 171 191 172 189 231 208 173 1 153 206 90 49 199 9
    185 28 91 135 215 13 173 216 2 119 71 150 230 183 107 141 0 146 167
    209 95 18 37 117 127 179 60 66 52 11 163 181 123 192 186 135 13 2 35
    188 113 161 250 127 205 128 120 213 152 203 17 183 244 83 215 49 248
    52 115 242 74 234 88 127 90 104 101 159 162 140 244 202 10 217 95
    166 84 129 242 110 126 149 126 242 207 246 89 178 223 92 13 242 242
    45 68 47 91 66 181 223 33 137 248 127 185 26 203 172 190 10 228 146
    36 112 97 73 195 150 121 147 159 220 50 17 61 105 113 57 72 59 209
    40 229 63 133 16 168 218 217 229 164 175 110 217 195 61 127 68 33
    227 176 207 239 219 73 164 63 205 39 108 66 156 190 199 12 247 254
    80 7 103 37 241 174 200 145 83 26 18 247 128 162 174 22 139 143 192
    88 155 39 60 0 214 1 224 130 159 41 90 129 191 134 168 176 3 128 33
    193 120 41 220 147 169 76 115 26 41 62 31 196 121 135 255 219 129
    233 84 182 70 6 179 57 97 184 116 136 63 110 175 7 152 135 80 210
    226 237 112 1 94 199 247 0 121 229 78 253 54 8 138 25 211 90 126 171
    12 48 192 106 229 98 87 151 22 9 136 74 184 253 255 163 77 78 172 95
    62 111 254 218 177 238 253 191 4 123 37 189 40 227 50 194 34 124 24
    162 10 97 165 5 98 131 162 91 184 163 191 183 232 172 240 44 234 158
    139 211 66 251 18 57 186 249 73 36 109 52 149 226 108 217 29 47 98
    231 139 95 8 133 192 228 219 122 150 60 78 162 27 209 137 72 203 150
    72 92 123 221 114 183 115 99 229 152 74 14 157 65 214 64 35 21 61
    175 189 249 11 210 175 104 125 13 251 95 34 29 77 165 79 66 184 191
    60 198 147 56 25 235 28 254 69 4 16 102 223 200 172 9 71 223 71 12
    162 245 1 10 17 233 215 148 249 13 116 44 58 219 140 214 143 109 169
    40 161 40 59 106 218 12 19 38 136 107 96 155 46 173 189 182 206 110
    95 66 49 253 122 5 108 185 35 206 226 130 254 36 255 40 18 204 179
    238 48 65 32 171 41 100 193 154 229 98 82 217 112 22 227 29 136 207
    217 212 127 23 55 123 244 188 229 188 133 158 147 144 220 244 249 77
    108 114 203 163 27 176 99 39 86 247 121 52 188 62 198 139 68 77 40
    227 74 249 186 224 138 164 50 251 216 145 126 109 123 124 23 81 154
    39 129 116 194 238 228 188 204 80 254 11 175 152 142 10 86 250 79
    181 114 202 85 248 202 93 132 210 50 97 247 30 213 124 178 7 87 144
    177 129 59 25 161 144 1 238 143 168 68 138 139 177 233 45 225 111 19
    10 15 36 235 149 166 136 151 59 72 114 254 239 137 220 163 223 134
    131 32 1 186 18 250 164 30 112 224 243 173 22 125 153 244 152 184
    119 170 132 63 169 143 101 183 246 54 181 192 185 19 183 35 159 148
    45 255 48 126 4 86 202 212 60 158 133 20 202 21 134 88 1 126 70 112
    100 31 146 245 193 252 84 32 234 222 177 58 108 137 23 191 165 250
    142 59 75 183 108 222 248 107 87 184 14 132 227 171 249 231 40 117
    37 82 68 90 144 39 39 115 240 196 204 55 227 242 226 196 161 117 196
    88 155 118 181 26 179 223 45 230 225 93 64 74 214 28 102 188 223 159
    206 137 169 13 120 96 164 45 50 204 129 100 132 218 153 251 203 53
    118 91 209 242 91 34 193 120 158 120 176 239 179 207 132 207 255 163
    253 228 35 16 81 53 64 148 19 45 182 69 140 4 252 59 240 15 168 207
    1 110 245 192 44 233 189 70 86 169 136 241 89 93 150 137 152 66 24
    161 154 29 135 213 210 25 215 172 189 251 32 137 51 25 194 207 8 157
    218 77 222 179 179 195 183 239 180 194 84 173 148 151 92 191 81 47
    189 157 211 64 48 41 170 117 215 57 64 72 178 97 227 158 190 194 135
    228 125 179 114 4 93 116 67 169 118 186 213 113 107 44 162 240 115
    89 59 34 135 167 142 158 199 184 198 127 131 161 242 177 117 30 21
    235 150 139 244 220 130 32 105 193 247 39 239 251 214 207 34 45 102
    240 179 163 91 188 221 31 14 102 164 31 234 24 60 156 180 143 64 72
    102 32 229 30 10 37 165 223 29 238 49 133 45 224 10 13 64 130 90 251
    100 154 77 236 153 158 22 16 16 13 4 133 15 152 191 137 178 153 247
    237 179 141 125 212 225 138 131 8 43 174 69 39 227 248 233 7 239 187
    85 24 22 99 132 234 110 117 128 37 152 113 234 125 210 242 219 237
    167 253 70 5 232 117 158 195 77 103 255 180 231 193 145 152 249 36
    11 131 119 183 245 82 232 109 232 48 92 151 31 232 47 196 213 215 10
    235 224 201 141 147 112 54 168 42 236 84 69 44 219 25 254 57 3 212
    191 55 34 246 116 169 125 102 46 146 170 155 136 156 230 247 31 126
    246 185 130 179 108 152 221 30 253 206 64 183 4 61 197 94 133 22 253
    143 130 218 57 62 226 163 97 15 210 64 38 221 241 35 40 225 45 107
    58 120 144 57 36 28 88 76 179 58 1 19 121 198 212 91 63 113 69 1 159
    166 15 39 128 149 104 158 96 44 71 146 153 101 45 194 18 78 144 234
    107 17 142 90 18 239 19 79 147 89 121 105 215 60 61 204 215 49 28 80
    108 252 86 90 111 198 70 55 58 80 108 60 77 208 33 99 194 205 106 8
    11 93 157 148 76 112 255 62 83 5 57 17 68 92 205 173 130 103 35 218
    60 75 241 71 185 115 209 150 83 161 57 220 61 166 80 145 12 113 1
    180 148 42 164 149 74 221 218 221 110 89 114 4 93 253 65 206 33 189
    193 9 197 37 215 152 94 194 243 88 86 54 8 55 14 140 193 88 127 119
    136 141 155 65 221 19 40 192 103 45 65 60 120 2 202 61 6 144 206 158
    62 241 40 147 55 212 37 157 220 168 200 212 72 59 171 47 25 60 172
    57 253 178 88 12 205 246 222 36 2 231 146 10 77 236 81 38 10 240 200
    246 74 24 76 64 90 84 227 137 166 188 255 124 125 238 129 138 238 89
    71 234 228 183 114 246 56 124 227 1 233 169 176 204 39 150 199 218
    201 197 243 60 18 250 160 223 225 249 135 50 45 23 44 222 215 139
    194 55 167 84 8 243 113 41 59 138 126 144 209 221 27 233 29 218 107
    124 15 115 191 56 144 149 81 146 40 12 126 201 34 53 91 233 19 57
    222 41 241 182 183 232 151 253 212 200 93 229 55 200 105 252 132 188
    131 48 205 98 77 16 211 196 185 167 78 74 27 76 83 143 164 2 99 250
    20 181 59 35 147 184 21 90 125 159 145 225 226 234 123 207 111 127 7
    159 165 82 23 202 68 173 176 178 164 178 156 149 222 204 215 244 44
    179 94 16 4 178 62 232 94 75 38 16 103 137 252 237 181 75 2 157 101
    134 176 229 152 104 250 191 111 191 94 50 143 133 54 250 215 198 208
    114 0 175 152 98 109 132 250 101 130 166 110 107 120 183 152 73 201
    93 160 189 164 143 93 128 22 87 114 35 179 84 9 213 53 19 139 80 214
    8 125 206 90 198 17 54 187 206 200 196 192 255 61 102 237 129 133 27
    7 2 209 85 164 239 91 144 1 130 215 93 170 69 237 131 236 120 11 25
    35 131 56 76 6 249 209 26 171 170 228 161 248 216 5 131 237 252 39
    163 147 163 192 43 186 95 44 124 16 31 244 235 81 34 230 60 158 148
    0 47 157 237 110 237 110 50 112 235 163 194 50 117 235 159 172 231
    145 81 17 67 178 218 143 188 46 195 8 130 2 118 254 198 159 17 42
    166 35 245 141 225 19 2 23 146 106 204 25 96 85 112 207 70 224 11
    167 86 4 148 232 44 75 156 86 83 238 137 212 9 67 247 6 102 88 230
    233 120 40 10 207 127 12 101 28 196 180 205 19 158 199 181 202 146
    20 98 122 61 142 73 250 203 118 145 200 167 95 73 237 255 229 114
    185 123 110 73 53 163 27 178 134 21 114 110 12 137 120 55 32 220 194
    140 35 122 103 60 6 238 98 223 99 209 246 153 56 157 153 190 86 6
    226 95 53 131 69 191 237 82 122 89 120 151 166 134 190 250 97 140 63
    255 31 167 202 2 152 71 177 154 202 150 185 122 184 12 72 242 106
    212 5 44 237 19 103 218 128 250 190 14 42 56 159 231 4 25 147 47 91
    30 3 167 101 168 99 137 187 2 211 210 29 252 139 47 69 174 138 237
    198 223 229 209 149 121 151 224 96 8 37 105 179 205 25 87 230 42 145
    206 77 47 83 232 52 103 205 66 53 64 5 178 113 135 219 97 199 39 100
    49 222 104 41 154 246 51 179 23 8 115 32 233 235 14 180 205 202 158
    179 224 60 175 155 200 78 177 130 36 187 148 102 236 91 198 242 204
    86 217 211 193 141 174 58 18 45 145 115 176 89 111 104 249 209 105
    38 107 57 226 181 126 165 159 133 149 97 158 111 32 45 43 121 241 52
    64 245 161 24 202 93 66 38 221 198 117 5 160 255 253 239 254 78 114
    135 233 203 62 232 40 88 254 196 103 64 21 97 59 133 28 99 124 165
    76 54 70 150 157 252 234 162 38 207 58 17 16 197 189 210 112 31 68
    174 130 143 189 47 184 5 226 21 85 214 157 25 243 158 48 54 225 109
    2 138 179 210 129 139 109 250 110 111 75 62 73 5 244 137 119 240 242
    2 49 247 138 11 203 174 240 128 15 208 37 212 7 4 170 33 54 6 165
    163 224 41 200 45 176 165 211 30 106 199 12 128 169 114 152 210 119
    235 14 154 183 11 37 208 135 211 103 52 68 229 235 210 102 207 109
    245 188 75 33 180 60 207 217 154 152 39 23 22 53 172 200 101 172 31
    230 98 78 91 68 169 159 38 20 116 248 32 254 128 248 116 69 30 18
    154 16 145 210 194 3 142 170 210 214 238 61 199 104 121 187 158 194
    74 19 21 189 220 84 56 181 158 160 131 150 90 209 222 14 189 195 196
    6 200 69 80 173 121 92 231 194 33 21 164 183 54 250 179 136 1 21 41
    134 156 104 137 200 116 110 79 89 69 241 211 133 204 43 43 191 161
    14 154 18 77 253 172 152 74 133 179 220 233 53 210 28 202 196 106 61
    0 149 238 233 172 117 127 77 71 41 169 201 30 188 49 135 206 193 160
    162 212 227 5 74 130 226 53 58 224 39 121 18 246 203 185 155 51 11
    150 130 140 181 192 224 195 235 209 25 222 244 78 247 183 43 115 157
    120 51 66 170 75 249 179 195 243 7 255 228 255 22 157 172 4 70 216
    12 224 51 229 229 197 88 152 110 75 157 177 203 52 30 120 109 236
    201 177 78 100 159 67 143 183 157 51 37 160 233 247 12 34 55 123 3
    174 173 19 87 224 76 33 84 136 64 152 105 135 52 244 243 27 230 120
    19 107 104 235 56 98 102 202 175 239 10 208 124 86 116 163 55 112 63
    146 204 211 233 194 222 212 15 87 205 242 148 181 205 167 150 94 32
    22 79 136 122 155 62 182 101 158 198 75 122 5 152 72 104 145 143 114
    221 36 212 205 37 90 5 174 254 78 197 172 228 149 131 54 212 242 192
    110 246 112 122 72 46 227 103 182 102 57 132 11 51 126 88 54 152 152
    250 217 254 236 231 110 191 56 152 59 8 56 113 156 205 128 217 168
    172 185 117 151 88 72 119 102 224 103 42 194 212 155 80 239 118 58
    222 250 253 66 101 88 67 219 100 36 162 117 240 159 163 245 10 67 96
    45 161 209 88 29 123 240 40 57 24 69 83 131 23 203 78 205 33 3 160
    63 218 12 172 225 138 146 9 241 124 164 215 184 105 85 73 33 7 157
    250 24 241 31 132 113 223 105 11 244 21 122 88 118 155 95 125 38 226
    176 198 30 167 44 233 169 207 180 65 67 223 17 50 181 15 62 247 31
    82 152 14 90 137 23 167 52 88 86 172 134 186 79 214 154 108 87 146
    62 25 34 64 195 227 66 133 70 56 223 69 101 16 239 55 109 62 74 199
    156 8 27 170 240 238 7 25 46 116 186 253 231 53 206 67 158 227 202
    102 95 140 149 207 233 56 47 232 50 154 125 215 136 152 254 64 248
    149 93 25 65 127 181 149 170 12 229 106 128 33 219 31 254 42 172 162
    160 19 192 178 51 181 54 181 109 34 25 233 93 93 216 147 89 173 123
    102 94 102 35 69 176 137 123 8 129 218 109 192 27 51 195 197 53 129
    162 172 32 156 33 122 51 165 248 215 194 249 148 29 92 33 148 252
    167 134 3 153 2 226 60 55 151 231 166 214 50 25 206 105 108 40 64 73
    72 51 81 165 25 35 193 129 152 162 148 61 171 92 234 163 152 252 201
    186 204 69 238 112 164 138 162 16 90 160 213 237 66 166 162 157 128
    219 133 207 19 172 121 124 156 32 54 116 228 74 210 23 199 78 250
    255 74 167 80 14 214 4 72 147 207 159 58 41 121 135 218 178 235 21
    175 53 100 184 149 136 255 199 210 176 70 73 199 47 195 232 208 114
    33 100 126 164 155 123 30 89 204 240 165 119 177 228 57 17 80 195 72
    67 149 234 195 101 247 238 72 17 124 216 186 90 250 87 75 68 145 150
    120 252 218 218 216 70 186 47 148 161 14 106 184 209 194 30 89 200
    214 205 124 151 153 189 107 232 179 252 20 50 25 4 250 139 82 143 17
    146 218 43 7 188 48 50 136 166 221 6 224 188 50 232 71 109 206 50 16
    95 246 93 242 116 151 8 135 23 208 122 41 250 199 223 29 160 188 210
    67 155 109 133 173 226 42 131 195 249 75 151 130 48 189 40 68 59 219
    51 248 249 184 107 29 228 53 180 124 254 234 132 207 184 220 128 223
    212 236 231 234 72 105 141 94 50 204 191 237 83 183 115 129 60 238
    99 58 128 169 84 43 249 98 250 93 135 231 89 61 33 21 103 71 113 223
    207 13 224 247 147 167 181 26 40 210 113 224 240 68 118 90 206 87
    253 149 239 16 69 88 197 166 130 108 63 118 172 251 38 107 49 17 216
    68 197 234 13 90 40 183 146 199 66 103 187 178 83 26 6 143 138 237
    41 130 186 248 38 252 14 126 180 207 164 134 194 115 76 246 112 139
    15 31 158 206 238 248 24 236 59 26 44 124 241 125 85 105 184 150 195
    27 252 241 89 118 186 65 8 48 156 239 71 225 97 148 112 228 196 198
    27 204 123 47 181 94 41 222 162 97 212 129 52 140 90 2 28 122 115
    122 28 230 231 159 45 1 174 36 156 177 99 54 63 234 137 166 24 143
    56 185 59 182 242 51 129 150 21 152 103 193 42 126 249 244 73 106
    107 133 63 188 209 141 122 207 223 130 156 148 134 114 204 90 7 182
    92 43 169 91 201 119 136 124 243 252 0 47 76 228 107 88 113 231 200
    41 86 39 231 21 45 196 236 101 57 107 109 127 248 213 154 72 201 208
    100 26 84 220 140 100 144 74 249 24 162 244 131 156 146 227 215 96
    183 239 36 78 52 65 23 250 147 201 178 122 98 44 161 228 146 54 143
    149 208 86 85 245 24 153 31 4 244 173 63 60 55 201 205 45 165 188
    207 101 188 223 22 193 154 229 104 245 22 126 7 147 11 209 113 233
    77 21 146 202 215 171 68 32 91 136 123 39 105 8 62 38 223 97 205 107
    235 159 213 229 61 200 142 2 203 68 230 142 10 37 9 58 252 196 182
    37 110 96 156 249 177 179 10 169 97 195 132 96 230 93 137 205 69 32
    224 111 251 232 134 155 129 253 159 41 28 254 216 112 39 13 0 36 192
    191 29 223 46 180 121 139 49 228 28 67 96 76 175 242 226 182 22 82
    216 115 144 218 244 98 51 120 220 71 68 31 155 109 40 228 145 28 110
    203 15 217 71 228 15 82 181 107 220 33 224 234 97 185 111 183 157 9
    176 217 46 190 28 188 166 167 21 167 146 42 242 174 21 121 224 7 87
    196 104 235 252 184 17 87 231 117 134 203 70 170 32 19 200 95 182
    221 52 119 238 148 121 86 53 150 130 15 185 142 22 190 224 118 164
    140 26 48 218 17 16 21 232 161 211 204 117 211 101 132 189 61 43 181
    131 237 118 150 168 175 106 233 33 76 89 236 3 226 101 90 72 4 80 90
    207 23 41 158 221 219 84 205 255 5 25 163 70 229 41 85 205 166 175
    97 96 119 102 181 91 35 133 117 152 192 44 159 157 81 82 144 244 203
    20 239 100 206 174 126 25 20 24 31 243 41 182 43 235 162 74 0 143
    137 35 202 228 12 15 6 29 39 179 222 171 210 34 185 208 13 222 10
    104 141 187 229 75 140 36 24 243 14 234 32 189 240 34 250 50 99 228
    190 137 254 37 147 129 112 190 133 230 133 98 21 149 199 236 52 14
    40 214 44 163 118 159 48 56 60 179 214 43 135 56 244 47 180 66 34 45
    114 173 238 251 246 57 56 111 214 254 115 158 96 184 152 126 120 238
    139 250 220 3 251 80 250 210 101 66 156 36 158 98 57 215 28 101 195
    17 4 169 84 20 17 214 224 17 25 252 118 223 153 192 160 17 238 73 28
    81 66 5 92 238 137 55 134 111 78 80 147 140 6 240 38 53 171 54 35
    140 89 37 36 103 81 176 166 242 36 196 165 48 28 37 125 17 185 232
    77 133 189 50 135 228 147 141 174 75 148 239 89 146 43 110 249 29
    134 75 217 243 240 211 188 17 90 249 220 75 42 221 104 9 238 187 134
    82 255 75 162 44 26 138 130 141 216 185 47 90 24 74 29 128 156 189
    40 40 165 212 138 152 177 134 52 249 23 249 158 61 184 54 219 104
    117 142 194 209 23 35 42 59 239 173 72 81 151 176 74 215 186 211 48
    87 2 221 84 101 240 75 211 110 144 20 242 156 16 160 80 186 214 208
    45 241 87 39 227 140 74 72 95 57 105 97 130 25 199 235 60 83 24 202
    68 182 138 205 118 5 157 42 214 29 154 210 199 150 139 164 20 75 245
    23 220 162 25 69 246 255 90 232 107 19 22 213 109 211 5 45 241 142
    114 113 22 147 184 140 106 82 132 208 126 220 149 209 254 39 85 65
    125 220 137 46 220 159 196 187 31 102 197 3 27 243 233 91 6 26 116
    15 224 187 52 17 131 67 211 91 193 164 72 223 116 120 23 173 101 57
    145 179 96 229 146 204 143 59 50 237 22 150 144 167 175 195 29 155
    164 224 100 228 79 112 151 173 228 54 68 97 34 1 86 56 236 91 124 11
    71 31 29 0 223 254 215 201 56 111 253 42 86 57 108 18 27 168 64 40
    92 105 11 44 238 75 221 86 54 247 73 99 187 109 3 246 103 215 222
    120 88 123 234 158 182 167 185 242 200 111 0 119 224 169 214 254 47
    38 154 57 210 184 121 193 106 6 196 196 253 16 215 125 118 31 10 27
    174 93 161 128 58 115 146 37 126 26 74 34 32 240 148 184 106 8 206 7
    211 78 97 112 30 52 199 218 244 186 75 229 174 207 116 116 65 138 12
    67 136 136 225 230 69 173 24 215 200 26 215 77 245 141 143 97 145
    242 71 230 65 198 231 89 82 153 6 198 21 126 233 203 149 120 19 98
    80 4 204 38 173 64 110 88 39 173 131 191 133 140 116 33 111 231 86
    135 23 40 167 129 216 40 239 93 146 41 5 243 119 7 76 131 53 124 205
    145 207 130 108 145 99 83 39 235 141 171 42 95 241 140 189 235 236
    154 128 6 155 80 157 161 77 73 196 42 85 14 175 210 46 44 197 245 68
    68 105 21 16 212 146 38 243 191 113 14 252 66 225 87 96 215 185 53
    19 133 100 77 232 225 41 65 168 21 36 97 237 133 81 19 179 228 127
    51 69 234 56 59 165 123 189 3 80 112 64 235 251 207 67 67 122 221
    249 20 246 45 169 100 197 45 67 15 204 201 106 16 191 161 54 72 149
    178 155 216 228 102 214 60 6 168 82 78 54 166 173 106 134 215 76 213
    65 224 197 77 194 38 74 134 156 124 11 177 215 71 64 168 111 234 226
    15 216 3 255 59 137 112 2 56 11 71 130 197 183 66 149 114 113 124 49
    165 27 135 250 29 178 143 222 21 23 146 35 214 85 159 192 111 113
    147 182 56 104 187 83 255 196 115 85 112 151 167 239 195 137 137 67
    72 124 8 139 63 169 154 77 188 158 209 12 99 242 23 12 48 255 118 86
    66 185 223 189 134 114 120 202 55 10 24 52 17 124 195 228 161 155 80
    187 22 92 202 159 238 146 146 46 32 97 17 212 173 177 70 21 43 48
    177 74 111 67 195 7 128 180 115 57 98 162 89 112 99 142 32 43 179
    127 165 165 160 109 184 119 197 127 154 154 153 123 5 135 150 242
    149 157 46 58 132 170 171 87 204 69 141 222 81 160 186 117 165 140 8
    137 58 63 126 143 162 28 138 177 41 153 123 223 3 152 79 156 94 43
    89 12 255 218 246 74 178 155 15 93 219 158 81 181 58 15 194 63 100
    253 145 40 21 90 33 132 234 28 166 185 187 165 98 203 188 244 205 91
    14 234 61 84 134 206 102 190 205 185 140 38 10 70 111 247 238 121 70
    196 65 221 106 109 240 166 16 195 88 243 95 14 185 247 170 138 36
    187 241 196 27 49 36 161 7 77 7 71 24 173 14 242 213 179 75 63 67
    140 165 67 243 101 147 83 72 20 149 4 47 31 110 227 241 242 94 177
    181 174 130 195 104 184 53 47 28 110 152 125 57 220 52 65 255 104 12
    225 137 17 19 181 47 105 121 85 146 151 147 100 140 41 50 17 137 165
    2 77 153 76 130 141 200 202 10 71 212 135 72 35 222 85 108 127 193
    52 73 51 174 50 82 191 194 226 92 125 235 225 150 72 54 186 168 233
    46 76 72 202 27 19 48 14 232 79 17 197 228 236 109 220 208 253 28 10
    242 107 58 103 98 100 99 170 182 249 235 31 188 156 205 233 172 84
    221 118 155 230 112 149 137 203 255 218 89 78 85 217 83 129 230 206
    55 154 49 71 52 211 190 250 45 10 247 53 84 191 207 176 208 163 27
    233 0 223 18 71 174 52 6 214 248 57 91 142 12 45 142 42 39 6 249 228
    157 151 248 179 245 146 4 112 64 223 210 85 84 163 242 67 167 101
    137 97 191 110 170 255 123 113 18 141 241 104 204 177 119 24 173 210
    102 5 236 36 202 129 180 167 125 249 193 31 235 121 114 97 229 106
    63 219 236 194 170 155 51 154 188 138 18 183 128 76 44 44 202 199 87
    96 254 197 60 187 87 218 223 247 152 104 40 249 112 25 205 73 10 37
    6 231 15 71 151 123 91 187 27 57 112 169 199 175 203 239 67 126 54
    209 204 137 250 33 163 221 39 139 169 208 84 110 245 148 137 180 68
    12 67 173 169 194 42 70 4 208 141 142 103 120 2 190 150 54 62 84 158
    148 181 208 244 8 36 84 239 74 78 151 110 24 114 122 177 205 178 13
    8 85 211 59 225 5 100 202 80 200 144 58 188 197 17 215 175 47 56 72
    248 1 66 161 166 75 103 213 5 6 132 82 118 19 168 105 219 184 37 138
    165 229 79 8 65 135 127 26 227 224 87 163 135 172 245 182 243 133
    239 2 223 128 96 206 142 9 85 35 251 223 22 246 168 241 138 222 96
    128 220 147 37 216 175 123 71 249 241 109 74 43 68 119 118 241 58
    199 118 162 95 195 27 105 204 169 143 145 187 113 103 13 119 249 49
    57 120 75 181 72 200 237 66 253 170 67 75 81 113 238 136 148 240 13
    51 54 135 201 123 90 79 245 140 252 200 116 142 158 217 253 216 186
    2 25 205 128 174 57 93 37 84 31 171 193 142 69 180 247 238 91 176
    205 223 153 54 92 191 6 250 100 163 218 204 172 127 202 149 16 8 67
    251 23 195 237 201 105 170 11 20 187 151 2 183 4 130 60 185 149 115
    24 51 84 158 242 240 9 2 237 196 167 65 233 122 2 130 143 176 162 64
    144 202 229 233 181 53 109 152 87 158 100 162 70 94 98 20 183 111 0
    119 146 121 5 171 18 25 142 154 252 150 132 62 229 70 117 149 7 65
    250 183 162 221 147 80 22 75 194 129 33 163 45 77 11 124 209 68 141
    107 179 44 218 180 8 116 39 64 70 195 193 192 171 205 133 146 27 153
    195 119 233 82 148 181 228 123 85 7 250 168 112 101 169 232 97 84 68
    179 193 132 201 10 116 103 139 171 231 202 117 124 234 199 67 199
    215 58 60 90 214 113 63 85 24 229 170 136 207 204 215 96 243 113 26
    176 121 117 207 235 192 154 20 60 150 168 145 74 23 110 15 69 233
    195 37 82 68 206 139 1 133 71 159 18 5 12 28 198 225 80 8 117 250
    100 21 105 113 168 229 219 39 6 210 184 74 64 107 145 10 90 124 93
    83 74 39 35 61 157 91 158 167 127 124 137 168 135 227 79 14 235 3
    196 221 203 247 225 35 194 251 168 67 31 166 127 5 221 238 119 191
    26 209 198 193 0 209 178 211 118 191 183 150 252 193 139 45 218 90
    165 66 116 133 104 68 5 195 221 143 170 190 165 121 204 164 141 0
    135 3 110 112 254 178 107 150 232 161 245 15 41 159 42 199 18 251
    199 53 110 95 120 106 139 80 212 245 176 223 228 150 65 89 36 226
    240 180 65 101 70 22 229 63 93 170 250 195 78 94 133 218 151 52 235
    159 158 193 150 65 223 29 185 45 193 176 67 1 185 49 213 221 154 95
    79 146 120 191 21 247 112 1 78 252 205 157 196 207 53 123 209 136
    181 57 89 206 233 15 5 161 203 65 202 169 226 216 113 78 7 217 149
    11 191 229 146 227 16 223 142 129 199 81 193 247 184 152 235 213 213
    190 203 60 2 7 158 72 156 122 84 215 221 47 134 167 129 125 242 31
    62 67 52 131 10 109 72 17 39 62 176 179 170 243 70 81 189 124 21 242
    86 210 103 221 36 59 80 202 96 161 144 50 15 63 222 98 19 229 202 12
    198 19 16 30 136 16 104 30 14 66 20 93 239 85 68 103 82 116 250 125
    56 6 22 59 63 184 53 21 196 134 38 51 146 90 108 4 135 252 201 254
    99 34 15 2 200 99 83 68 166 105 15 59 26 6 145 86 1 217 177 96 33
    202 14 65 176 227 161 86 127 100 198 196 227 81 224 127 44 230 27
    140 185 250 238 3 71 14 176 5 255 127 175 157 81 147 159 148 90 35
    12 214 255 146 106 129 1 29 84 73 189 206 62 253 140 206 5 110 45
    194 33 245 216 218 44 109 176 122 63 165 40 87 27 28 248 72 220 126
    185 51 28 117 52 96 166 232 98 47 16 236 249 135 173 245 240 187 141
    71 218 23 132 73 37 66 107 72 128 15 42 181 125 241 92 110 86 96 117
    118 223 98 6 117 192 35 60 218 32 207 231 5 29 195 167 172 30 221
    222 192 68 130 6 218 83 10 101 178 99 202 201 208 192 62 129 148 255
    225 7 4 3 107 119 106 141 249 177 152 192 82 102 51 32 180 81 133
    123 67 145 83 252 92 82 181 75 128 58 66 109 179 47 32 144 59 76 180
    162 49 169 205 138 20 130 76 173 255 106 208 68 217 209 82 78 11 15
    133 53 103 119 172 51 12 166 40 21 147 255 220 58 202 114 41 37 163
    68 205 163 37 18 182 183 210 109 19 132 169 94 14 213 222 147 213
    100 86 77 195 202 45 38 123 44 47 76 69 30 86 119 222 109 237 139 91
    30 30 214 141 8 0 43 42 14 164 51 146 121 235 203 198 236 55 148 88
    109 56 69 235 45 224 62 198 121 120 94 182 17 127 76 70 45 54 40 194
    224 7 196 83 62 246 26 193 179 61 196 242 225 144 213 177 198 227 39
    20 114 100 209 192 185 164 159 189 168 145 113 161 201 67 253 137 93
    95 32 88 3 53 215 11 144 105 26 249 133 57 198 119 84 242 70 71 32
    163 77 175 10 32 28 73 88 188 241 247 174 188 212 11 171 59 136 170
    101 122 243 186 63 10 17 18 71 236 107 142 226 170 148 75 97 227 157
    249 40 33 67 5 67 134 88 5 76 125 248 104 227 93 12 173 2 43 114 243
    5 72 100 214 35 160 18 165 194 5 43 199 40 42 185 101 200 27 132 117
    147 254 195 166 161 222 60 207 168 30 207 5 100 114 64 103 211 57
    255 0 221 218 97 196 216 130 208 120 132 16 86 140 247 153 99 41 31
    168 77 214 227 74 208 246 192 0 198 86 203 44 157 20 245 141 144 152
    158 168 211 55 74 128 77 43 237 126 252 33 93 105 67 247 224 25 57
    225 17 42 35 47 235 76 58 29 211 158 144 115 105 132 86 11 67 126
    125 164 145 118 54 250 127 1 44 27 7 227 47 109 17 239 188 137 159
    86 229 40 151 1 39 40 19 193 244 122 106 158 214 134 251 186 246 102
    64 171 120 30 49 244 136 99 76 238 99 135 189 4 72 148 52 155 114
    106 182 167 21 156 217 80 183 117 169 179 47 50 148 27 21 201 251
    242 147 94 130 203 129 159 119 247 121 205 114 235 108 250 177 80
    157 15 177 31 192 184 215 243 117 215 218 136 248 4 31 68 55 253 223
    165 243 19 68 244 22 208 6 208 112 17 5 53 30 26 59 156 211 168 52
    166 135 33 197 102 21 175 15 233 146 96 37 253 86 34 189 109 12 125
    79 38 188 235 212 12 222 102 229 31 103 80 209 98 120 26 140 126 81
    174 16 67 62 49 182 234 87 170 115 15 190 233 103 108 226 123 49 16
    199 190 148 154 58 91 67 90 125 93 21 204 193 151 71 173 81 203 225
    138 213 134 105 231 148 195 91 230 229 102 11 222 29 131 249 30 134
    92 232 230 163 209 222 147 131 127 205 80 63 28 248 120 210 140 121
    246 108 5 49 47 232 193 153 177 163 119 217 11 195 162 24 149 158 95
    98 91 151 158 72 197 23 132 241 113 186 64 124 98 191 163 38 114 216
    3 87 26 189 96 188 78 182 175 210 236 164 59 82 148 24 126 73 11 86
    152 94 180 247 50 183 120 72 207 142 17 249 77 132 33 120 8 160 242
    191 52 143 211 233 7 70 147 74 135 73 77 196 53 55 254 182 67 33 174
    33 117 202 154 112 173 46 203 141 139 143 193 158 129 77 199 146 38
    102 102 198 130 117 107 87 162 181 6 148 110 125 36 88 44 151 139
    139 79 24 55 152 223 71 80 75 181 27 106 72 151 127 111 79 222 25 20
    45 114 139 115 67 230 42 53 62 154 65 173 157 185 6 92 186 106 176
    159 86 102 45 67 242 178 93 72 193 48 143 202 242 58 30 135 73 194
    244 173 171 143 175 125 109 236 47 121 68 149 1 133 95 143 9 224 40
    206 44 68 123 65 146 82 236 104 106 80 151 126 225 12 215 85 231 113
    130 34 162 93 59 238 31 56 220 95 177 173 243 166 144 78 52 85 114
    40 194 5 102 111 231 5 45 80 206 250 233 50 221 237 146 15 225 7 124
    64 103 131 93 115 32 22 89 8 49 101 200 168 128 69 29 126 164 35 49
    253 186 101 91 4 215 50 53 178 32 192 223 87 137 138 185 234 136 232
    191 16 253 137 129 187 219 73 237 136 166 126 141 39 103 235 34 195
    214 228 25 253 125 215 101 68 220 130 130 35 224 200 43 114 96 178
    243 245 74 199 214 45 209 97 44 131 209 15 114 0 152 234 52 252 128
    141 160 76 219 188 15 220 202 147 217 154 218 159 194 20 36 171 58
    48 49 74 119 164 205 159 45 119 221 205 131 215 198 54 183 152 250
    193 13 237 255 142 42 21 249 56 151 103 235 252 189 216 169 231 131
    58 57 31 130 216 191 136 237 230 125 222 29 98 39 82 231 26 95 133
    140 224 161 179 136 17 242 1 45 147 229 110 17 35 216 238 163 205
    185 110 238 150 129 152 18 89 95 50 207 189 124 198 83 78 16 109 155
    37 212 255 35 54 188 219 250 130 251 144 138 136 20 46 67 64 40 148
    197 184 152 63 44 20 146 107 231 127 1 134 33 122 174 122 104 42 29
    204 198 70 25 231 245 32 4 206 194 189 76 249 57 114 230 212 99 147
    243 180 153 0 84 63 181 245 162 2 211 166 86 44 101 162 97 182 8 83
    119 219 55 20 153 151 219 254 38 53 118 122 251 154 169 90 195 244
    20 228 145 185 96 127 44 25 102 97 146 61 18 151 229 227 230 233 134
    137 0 237 81 200 255 1 55 90 55 168 237 19 134 119 90 180 99 167 14
    85 177 30 143 197 149 231 127 104 52 59 204 160 72 52 1 154 162 140
    233 180 218 112 183 131 56 194 227 186 157 144 131 236 162 71 238
    129 77 118 58 175 79 103 250 166 222 155 24 250 249 220 202 86 137
    176 45 99 236 227 238 8 218 252 185 210 143 209 91 154 212 214 41
    112 155 139 145 99 220 178 149 28 45 183 181 134 237 167 186 80 139
    154 47 196 70 154 29 17 16 202 73 163 252 254 142 52 236 83 141 216
    194 21 5 151 111 103 89 250 23 73 65 233 244 88 62 147 165 213 18 3
    238 2 191 97 23 41 37 251 142 190 201 241 168 138 14 223 90 177 255
    31 183 12 6 207 67 228 55 245 131 242 178 14 223 254 205 74 95 48
    190 100 64 181 13 180 35 5 18 82 252 152 231 6 2 53 207 234 242 233
    199 79 163 152 136 83 17 107 215 219 118 196 1 7 101 109 68 115 106
    199 160 193 140 156 66 240 32 244 91 7 64 238 219 213 121 245 156 16
    100 100 56 201 195 194 190 79 152 120 226 123 105 9 56 166 150 10
    205 170 18 221 51 131 127 133 147 171 165 14 223 33 116 198 92 174
    183 21 195 7 176 170 34 8 237 163 51 66 74 167 159 133 3 146 86 17
    42 157 41 128 26 138 141 135 23 127 157 176 245 137 104 224 198 112
    254 39 237 207 227 95 153 42 106 194 144 68 66 183 59 90 17 229 238
    233 204 182 153 180 43 98 191 254 118 23 39 118 93 7 172 200 177 96
    7 184 4 145 213 16 215 236 220 129 244 116 116 35 148 26 193 17 117
    222 159 107 181 102 72 47 142 135 116 223 39 14 197 228 247 217 116
    64 92 147 123 126 113 126 245 92 131 171 242 161 252 50 48 163 94
    161 168 76 15 193 94 153 17 175 99 247 87 46 129 88 60 71 70 9 69 11
    226 135 150 128 41 96 249 167 7 71 182 222 200 167 50 22 164 159 12
    87 0 58 29 135 111 12 252 46 253 45 254 104 34 113 137 252 12 205 76
    49 151 83 35 171 131 68 172 98 255 238 106 227 230 67 10 117 207 127
    202 236 171 247 197 252 239 154 54 239 198 216 251 19 208 42 93 61
    214 8 195 137 128 141 52 134 218 19 221 232 114 56 26 44 46 30 184
    18 255 73 243 22 192 128 6 75 239 165 140 55 176 200 59 54 186 232
    31 86 96 93 156 94 96 2 31 198 219 140 86 149 138 89 35 224 235 175
    200 182 85 126 13 140 216 122 140 208 83 20 246 123 128 158 33 52 53
    198 80 131 15 183 102 175 71 183 213 166 63 141 201 182 38 58 200
    129 162 122 233 80 37 139 67 15 2 246 3 28 103 152 149 41 40 143 75
    222 26 71 123 10 75 18 70 156 52 189 110 102 116 19 213 90 180 66
    185 127 116 31 105 196 39 47 172 236 217 100 5 246 23 67 30 161 26
    168 91 184 202 212 57 208 158 222 8 64 26 97 61 145 162 75 113 188
    176 6 98 70 238 188 118 132 33 207 133 106 200 173 230 89 156 34 187
    163 254 104 67 191 216 39 132 15 188 191 50 126 120 15 113 236 189
    107 78 126 170 94 133 195 45 175 34 173 237 219 197 158 122 182 254
    22 240 75 129 24 187 57 199 59 43 229 227 213 194 97 19 196 106 147
    183 245 120 19 103 76 188 216 92 209 33 241 203 213 24 247 91 82 111
    112 96 166 52 205 109 78 13 191 199 7 170 71 240 116 227 248 122 215
    169 59 80 146 86 43 192 245 129 231 79 114 99 241 179 60 7 109 151
    179 226 80 170 106 49 184 179 141 115 140 190 60 250 37 120 145 56
    204 206 232 210 11 230 31 0 167 254 111 104 71 118 18 215 110 110 53
    211 160 253 107 119 23 215 124 164 96 123 133 94 122 156 14 76 180 1
    196 172 163 169 93 161 23 82 232 212 182 202 245 64 45 20 62 152 193
    98 75 194 66 84 67 151 247 243 221 90 93 186 123 70 192 194 231 230
    193 43 247 214 145 9 252 151 11 31 175 10 134 66 239 2 138 182 104
    221 217 1 125 195 188 64 180 125 135 188 232 105 250 80 30 203 166
    135 185 44 249 39 134 117 25 169 88 178 46 86 249 135 109 52 85 46
    182 105 72 197 202 134 109 54 113 97 108 22 1 22 129 113 200 202 138
    210 206 107 32 251 25 118 209 60 140 222 134 156 244 206 194 228 222
    218 121 43 154 195 221 156 218 1 93 96 68 13 29 248 158 198 113 110
    41 112 188 49 190 205 236 141 177 96 205 0 105 197 153 65 160 121
    247 84 182 213 176 51 181 130 188 161 158 53 148 236 193 220 62 109
    123 106 188 196 101 172 190 82 148 8 192 251 185 197 122 229 48 162
    233 69 106 167 48 93 206 44 134 155 65 159 161 231 33 217 181 76 244
    42 207 153 78 50 35 92 37 232 44 188 124 73 251 9 150 235 57 125 192
    29 246 157 108 135 205 36 184 151 39 120 50 77 48 187 40 117 143 225
    166 47 70 148 140 225 191 83 68 168 244 42 199 125 147 228 155 132 7
    221 160 153 95 50 19 227 218 148 149 77 227 240 64 142 229 79 202 38
    82 208 25 204 101 113 93 206 17 8 71 184 89 130 49 231 16 243 240 43
    135 227 137 22 10 101 53 37 118 249 121 189 6 81 91 106 56 144 29
    240 76 22 216 244 217 90 156 38 251 108 18 122 59 90 19 4 164 106
    139 119 40 88 255 183 109 146 213 212 174 203 55 59 140 215 39 98
    109 70 202 34 217 205 36 225 240 134 46 9 243 123 99 233 55 41 134
    136 255 10 9 134 185 208 191 252 245 164 182 36 194 151 80 246 136
    250 45 54 116 113 1 60 131 63 4 103 152 101 39 110 93 95 33 46 93 33
    227 175 19 5 101 47 1 33 37 61 39 70 107 4 74 238 53 239 245 240 192
    139 58 162 250 158 62 72 82 198 195 246 146 2 148 221 120 81 255 229
    83 214 224 219 250 193 31 143 202 130 255 160 254 109 15 132 202 233
    196 221 85 229 223 136 15 128 103 141 206 151 252 28 72 223 99 69 64
    113 19 36 58 27 152 15 184 66 186 116 7 250 122 81 231 208 104 126 6
    205 189 248 78 43 194 220 154 80 188 223 40 119 127 108 140 243 220
    115 63 0 123 241 152 27 194 135 222 206 211 82 178 150 141 161 134
    107 238 230 144 47 136 27 206 177 22 210 74 91 10 104 0 48 165 4 61
    171 231 68 85 116 201 136 224 231 151 123 241 181 95 39 62 17 66 67
    119 30 176 161 161 221 42 117 178 145 203 70 137 16 184 57 251 92
    243 125 115 77 52 74 47 113 110 17 114 163 155 14 6 199 62 124 134
    124 15 250 141 67 56 175 177 21 130 196 253 47 241 115 239 99 204
    114 9 176 224 22 224 200 99 66 110 205 227 179 34 171 202 125 254 14
    232 5 64 75 90 51 107 245 26 119 42 39 23 83 26 97 226 249 204 217
    93 180 107 147 105 130 12 183 94 138 183 91 231 184 248 132 212 90
    169 189 167 108 219 33 145 217 154 106 5 134 179 47 80 147 114 132
    151 106 99 106 11 89 179 157 80 98 80 125 136 145 197 69 209 45 252
    42 195 72 169 53 177 49 108 137 210 171 9 28 34 195 195 19 2 21 170
    138 239 33 109 95 48 218 170 86 134 111 102 3 46 38 38 85 92 91 223
    12 233 47 68 207 141 138 3 6 227 80 104 20 74 221 12 249 208 94 20
    237 3 69 40 234 179 74 230 129 89 33 0 207 197 250 196 13 30 92 226
    13 233 110 51 221 106 41 180 152 209 52 164 90 179 58 90 22 163 8 44
    246 21 81 217 194 66 230 186 225 253 73 137 111 69 174 33 155 79 27
    217 60 55 168 234 44 147 58 194 104 211 148 248 49 80 130 198 130
    206 54 75 162 187 125 164 248 177 70 114 9 100 32 121 94 43 251 6
    106 106 44 153 170 50 190 15 235 172 100 231 40 201 230 61 95 38 9
    204 83 35 154 55 154 220 246 166 174 66 197 172 217 97 56 163 117
    157 251 33 98 110 202 87 111 96 170 241 12 137 101 236 79 226 67 196
    75 73 217 9 206 57 156 217 85 219 179 189 243 169 200 27 160 209 81
    162 5 86 148 172 51 191 177 187 152 159 201 46 133 174 2 9 134 40
    178 91 114 59 88 76 7 180 104 132 28 30 119 9 125 56 150 120 7 73
    167 213 157 241 110 63 180 28 151 190 240 233 207 143 26 136 120 208
    114 101 50 251 157 110 105 126 254 13 31 250 238 53 183 195 66 41 33
    71 161 20 72 111 240 205 99 137 38 61 131 144 179 201 90 199 111 5
    188 124 51 115 20 53 201 64 219 53 5 55 142 193 191 209 73 37 164
    192 177 98 49 177 245 4 118 129 226 167 165 238 194 87 141 32 79 5
    159 94 123 190 69 39 176 124 105 229 194 56 188 22 21 60 130 115 236
    111 137 23 41 103 189 172 244 218 52 48 232 42 75 60 213 136 94 234
    181 118 126 245 143 62 169 240 174 10 14 181 40 64 223 154 105 104
    242 155 28 78 222 213 58 83 1 67 98 254 230 155 180 181 125 54 160
    21 168 108 75 254 36 198 71 172 155 177 225 21 82 17 181 166 68 114
    43 81 125 114 71 153 172 255 137 49 131 171 58 109 237 79 229 65 27
    168 28 238 104 120 172 40 22 164 203 145 175 17 68 75 80 190 241 178
    32 243 182 24 86 94 145 57 121 75 74 22 41 210 176 156 159 142 226 5
    240 38 20 145 146 68 157 144 130 149 70 84 40 70 205 221 95 116 183
    97 0 16 162 69 176 138 70 179 50 184 57 45 6 66 163 136 96 3 62 180
    191 62 218 94 185 4 148 66 107 163 29 149 240 163 63 105 171 217 139
    33 224 87 200 3 3 216 118 96 3 158 149 206 241 88 59 22 59 196 89
    245 172 122 120 212 211 4 101 162 238 27 198 206 168 51 150 189 94
    26 179 188 6 213 43 231 219 222 141 238 36 25 202 14 129 104 206 178
    218 105 144 140 185 171 157 64 177 244 102 130 18 192 221 214 136
    125 210 88 20 133 152 83 142 214 121 181 87 191 189 226 112 21 204
    74 39 28 179 122 116 104 3 13 90 213 14 95 148 169 218 48 228 195
    184 239 229 191 116 21 237 102 150 246 48 22 207 204 254 47 154 250
    157 109 178 16 134 106 2 172 203 247 116 190 67 29 39 246 34 134 5
    146 136 58 39 184 27 99 60 18 168 233 231 78 125 28 114 22 214 167
    192 104 185 106 220 75 193 72 253 20 133 202 22 238 32 233 74 224 40
    131 213 0 157 178 103 122 15 189 145 239 125 243 49 61 149 90 48 161
    171 179 237 220 176 230 39 9 230 12 82 229 211 94 172 181 165 145
    180 93 3 119 39 221 230 239 43 115 140 78 140 45 62 74 254 109 170
    19 18 36 178 22 207 87 104 42 166 172 251 59 162 133 146 33 185 135
    111 6 187 25 237 32 185 245 120 125 61 252 52 126 188 176 76 16 145
    47 254 99 14 67 208 112 221 8 122 99 125 127 250 199 252 43 80 135
    92 91 20 255 72 81 251 244 2 230 82 122 114 225 61 78 0 125 70 94
    230 51 247 255 229 153 191 137 21 109 145 41 90 26 156 146 15 2 191
    236 63 104 30 181 13 24 149 106 13 69 245 4 188 140 214 8 132 8 225
    23 182 105 35 246 249 108 53 186 18 205 48 231 117 213 53 131 175 26
    162 177 162 91 244 56 203 63 26 226 222 209 225 141 103 118 222 111
    204 89 105 219 178 155 134 117 193 77 10 59 247 44 224 26 199 250
    209 138 1 70 106 56 92 233 21 6 100 157 114 122 184 141 218 188 60
    11 93 124 123 32 225 113 179 195 56 33 235 39 97 63 150 167 71 167
    245 93 251 9 69 64 169 178 112 45 32 33 104 73 164 24 209 117 133
    111 61 174 26 134 129 76 148 243 71 237 42 43 158 179 28 98 77 100
    83 92 8 203 34 129 184 171 95 144 101 139 166 162 178 238 68 116 231
    197 135 254 52 161 110 95 162 245 71 133 164 11 54 200 162 150 55
    247 92 118 112 235 215 67 137 224 210 9 209 184 146 42 97 195 41 100
    104 210 87 70 93 178 133 158 74 109 76 38 233 167 46 60 154 47 60
    148 113 131 4 50 176 215 143 19 172 62 216 40 162 39 251 87 15 204
    156 104 211 220 11 206 251 5 59 200 92 207 49 14 97 111 241 186 107
    161 35 26 209 220 109 227 107 112 119 71 30 131 3 42 31 32 135 153
    89 12 18 89 62 209 66 76 73 176 40 182 128 186 173 61 67 78 13 46
    232 137 21 88 248 101 236 161 169 144 29 108 52 28 181 150 70 159
    158 166 238 14 41 110 23 139 133 12 22 97 125 15 80 197 255 87 6 241
    0 119 94 77 14 121 111 192 2 208 163 69 59 137 240 236 17 29 132 119
    119 101 89 71 143 143 233 15 124 45 5 19 141 238 188 31 52 146 198
    172 230 180 222 3 84 40 205 66 213 195 8 67 184 78 69 204 253 81 111
    168 57 195 102 172 54 55 223 95 56 71 138 158 178 106 177 206 79 55
    188 250 18 195 157 129 155 255 43 119 0 218 102 56 141 165 226 19
    212 152 68 249 32 113 60 83 158 247 179 104 215 239 98 0 19 200 14
    250 149 26 0 33 5 229 111 41 190 38 43 56 218 165 155 162 101 126 85
    194 211 10 194 55 233 245 35 6 234 126 233 151 151 206 189 44 20 71
    199 216 239 118 148 145 25 204 210 184 13 131 124 188 155 30 248 14
    147 109 115 240 62 51 147 117 0 86 254 25 91 18 53 251 131 187 197
    27 37 153 19 142 129 184 6 196 47 66 34 43 17 207 150 126 230 135
    250 218 170 177 178 44 170 154 222 22 6 246 175 229 177 61 171 118
    105 49 214 96 235 206 99 241 56 112 167 248 150 127 204 62 250 195
    93 48 253 253 222 205 133 146 24 15 197 39 253 197 134 71 99 82 168
    225 129 198 40 92 147 147 237 10 188 238 228 95 0 227 32 50 182 99
    15 231 128 140 143 4 198 27 129 36 240 216 238 4 45 102 175 149 154
    255 56 111 18 133 31 11 96 234 249 58 185 145 207 171 152 241 45 73
    168 215 60 251 57 5 21 113 80 101 127 0 28 66 128 37 201 242 242 117
    247 191 53 43 68 148 127 113 145 219 244 75 154 88 56 151 93 7 5 250
    213 71 146 48 107 244 91 111 143 169 139 230 19 148 52 178 144 131
    142 3 245 226 176 205 120 141 107 166 168 56 231 239 118 148 170 28
    54 212 192 215 0 133 175 164 128 107 130 219 192 130 221 22 169 13
    84 144 160 35 84 79 1 110 101 243 242 213 172 18 37 120 17 148 119
    15 92 5 159 53 114 117 236 23 134 0 181 235 116 213 114 60 197 231
    37 145 32 115 53 112 66 136 60 239 171 104 28 166 33 24 169 203 241
    90 35 226 49 253 89 32 52 21 199 178 249 31 37 176 108 171 116 0 122
    10 61 157 184 185 230 131 48 122 151 237 153 130 227 237 138 215 112
    136 238 22 104 153 168 8 208 247 189 32 148 151 214 66 68 75 44 102
    42 172 98 197 251 44 217 79 60 73 14 20 66 57 19 194 204 144 149 30
    64 57 61 7 106 115 240 41 120 154 33 190 228 194 63 216 95 106 87
    169 221 52 161 114 181 36 87 144 77 251 76 38 219 192 27 64 196 72
    179 255 29 102 139 88 171 50 7 143 42 19 210 212 212 96 166 127 225
    248 125 86 236 132 82 203 200 232 147 132 140 184 46 47 171 118 53
    116 54 181 208 64 47 135 53 151 210 176 201 166 213 105 145 9 199 48
    195 160 201 25 189 149 85 162 183 166 196 122 18 99 155 196 25 188
    220 13 65 58 43 40 114 174 167 164 16 185 4 204 149 160 91 118 49
    252 47 177 209 222 59 117 213 226 194 180 67 66 111 9 65 13 191 74
    195 197 187 17 100 185 72 42 143 53 87 87 112 80 80 2 131 144 128
    198 179 174 99 243 107 190 254 52 29 166 240 5 204 155 42 120 105
    147 224 40 1 101 37 229 236 2 104 100 235 87 122 91 116 239 249 142
    227 65 251 252 246 34 219 86 161 138 240 2 177 120 218 140 139 234
    157 43 155 111 170 174 1 21 66 133 172 144 83 143 226 45 195 165 254
    161 248 185 136 173 155 248 96 72 255 18 90 82 170 55 206 7 18 145
    70 192 101 85 219 247 59 93 230 22 230 78 236 4 219 220 140 228 11
    118 148 237 119 234 200 67 116 211 48 58 87 138 245 210 197 193 237
    189 192 218 69 177 52 38 192 125 184 42 251 170 34 27 142 12 172 220
    54 181 213 232 251 69 180 123 6 123 168 206 64 101 151 200 23 23 56
    21 217 32 76 62 220 202 167 65 64 45 142 188 182 82 120 187 225 8 82
    60 14 87 205 241 172 56 160 17 34 134 251 34 123 247 39 166 45 143
    117 35 159 218 40 78 144 177 167 209 180 141 114 136 108 130 224 171
    121 158 25 198 209 8 188 131 161 9 74 64 18 106 251 250 31 191 156
    208 239 39 11 200 196 124 253 70 123 2 95 35 133 206 199 40 170 76
    179 169 167 101 8 173 145 68 76 114 38 187 248 244 229 48 71 15 59
    21 153 238 26 101 134 245 143 97 30 137 151 25 50 147 239 198 250 56
    103 45 72 64 128 167 250 151 157 225 102 85 225 250 71 80 182 159 4
    1 236 58 149 191 120 76 174 82 156 101 177 109 14 159 202 84 19 164
    61 202 126 10 194 215 71 237 194 224 41 32 18 39 100 153 48 5 164
    229 182 196 248 193 87 210 67 95 58 226 127 186 148 142 34 246 143
    222 194 37 112 106 141 17 140 153 221 53 44 123 130 71 215 214 202
    100 127 165 66 205 255 8 153 238 24 90 65 134 159 33 172 215 131 90
    11 206 124 89 211 111 9 119 46 7 81 144 128 175 177 192 186 149 65
    250 142 159 24 231 141 165 73 83 139 17 178 241 39 104 182 151 216
    127 96 203 235 203 123 140 117 175 190 248 238 207 82 131 110 122
    109 212 234 15 10 211 222 196 32 139 54 139 177 106 183 131 249 236
    250 83 46 217 114 90 155 38 59 70 180 26 24 158 40 88 171 181 134
    104 239 102 22 224 234 211 219 172 16 245 108 115 228 132 150 27 200
    126 79 77 68 241 26 209 242 223 14 33 181 53 131 98 120 176 126 70
    30 205 64 204 147 204 152 216 106 48 83 19 185 137 24 89 20 76 124
    39 181 137 152 11 163 144 11 211 203 83 190 66 138 60 115 73 58 163
    152 69 176 160 149 97 125 112 201 251 31 217 194 225 42 245 93 150
    69 122 189 21 127 182 122 160 115 46 180 191 145 230 235 156 43 25
    246 74 206 254 24 139 254 149 230 166 186 189 103 49 227 11 11 143
    79 251 204 224 168 124 88 248 110 19 0 51 234 130 105 78 183 78 202
    246 69 121 106 211 54 131 90 14 150 128 148 247 204 68 92 28 221 189
    126 72 246 73 67 197 198 192 17 132 66 33 66 6 203 184 193 112 216
    85 14 122 192 120 65 29 105 19 221 163 130 8 90 128 174 88 179 123
    218 192 149 15 107 53 8 163 227 101 108 103 181 21 152 142 118 118
    43 118 59 230 210 109 122 44 98 28 49 107 142 159 36 69 153 67 6 25
    79 104 22 132 203 227 235 30 152 208 89 165 160 26 145 228 101 221
    174 56 224 222 242 7 49 196 196 75 171 220 82 213 121 32 33 160 107
    39 126 21 190 168 200 150 248 153 177 40 223 164 186 251 81 206 99
    197 51 134 185 128 202 134 27 244 90 251 188 134 78 187 114 80 46
    235 196 173 155 10 249 174 146 37 123 145 245 130 241 166 142 46 114
    10 111 8 76 55 148 116 173 53 14 35 231 114 239 27 21 68 161 225 221
    169 226 97 144 49 186 58 213 112 204 93 224 177 252 14 168 217 189
    111 221 250 118 39 112 217 103 206 242 214 249 97 129 177 151 143
    168 28 83 75 103 152 234 109 97 243 125 150 175 127 127 221 211 240
    91 123 1 93 112 226 176 161 57 159 58 76 172 167 175 169 226 186 243
    187 34 225 244 42 17 152 65 110 165 96 53 186 142 109 251 245 88 2
    180 17 156 153 32 16 132 24 60 59 58 148 243 133 184 26 141 81 140
    85 5 22 161 94 211 232 254 147 211 44 175 107 199 239 157 242 247
    175 74 192 169 119 5 230 215 254 139 254 167 89 252 242 84 187 118
    227 61 110 97 50 20 61 6 187 11 251 163 80 125 105 142 181 162 72 81
    134 206 102 48 46 97 174 151 228 41 166 5 165 75 227 60 27 34 55 194
    211 10 8 176 252 132 194 202 105 6 190 169 62 128 92 46 17 26 17 227
    143 147 92 54 85 17 241 15 21 177 192 169 26 133 162 33 168 244 212
    191 131 75 228 238 191 104 97 213 55 68 249 183 37 34 146 117 12 172
    107 12 255 9 180 136 239 98 178 128 54 141 155 104 164 19 198 202
    244 199 33 160 192 67 83 171 120 69 252 43 24 52 99 69 86 152 148 79
    21 126 42 163 192 179 193 122 57 214 141 142 133 116 115 210 199 175
    137 237 123 199 103 92 223 142 207 227 63 60 216 180 20 50 41 104 83
    242 67 98 49 67 204 140 103 186 79 222 218 218 20 180 184 34 173 252
    0 78 25 77 255 85 45 243 148 147 139 132 83 33 194 196 214 110 109
    222 137 222 153 87 181 194 121 64 105 90 139 50 162 14 197 19 195
    187 60 181 239 137 36 193 74 134 85 214 58 21 199 233 83 46 26 88 62
    167 15 66 212 175 250 47 181 95 5 183 168 119 74 78 104 42 1 191 152
    102 245 100 51 54 227 16 213 145 73 167 70 92 16 72 213 93 197 75
    158 186 75 254 244 89 124 126 85 51 73 129 0 169 72 208 194 134 144
    80 194 63 122 237 220 120 76 124 81 7 39 50 40 120 210 202 168 99 42
    211 57 249 55 175 229 32 93 215 241 115 160 7 133 69 65 42 244 121
    143 223 73 209 201 195 202 192 146 195 12 163 219 67 3 154 60 20 96
    192 119 74 177 91 82 163 142 122 114 139 211 236 47 15 23 71 155 87
    254 219 241 77 229 239 251 27 189 135 141 178 155 98 171 79 117 28
    30 125 24 29 59 46 82 145 203 140 210 25 41 153 140 73 205 51 218
    192 111 183 83 137 211 57 137 36 173 245 208 166 174 123 44 132 193
    218 38 255 111 0 200 75 135 194 184 232 59 82 39 123 65 163 135 74
    134 25 218 249 153 171 163 122 9 5 177 122 80 153 0 172 8 203 249
    164 134 49 9 105 56 151 119 72 16 122 201 240 149 192 72 34 206 241
    122 31 200 19 65 249 126 3 240 163 135 159 112 22 38 139 73 23 109
    202 203 125 42 18 166 56 143 133 213 17 248 108 29 226 132 109 157
    88 112 209 64 6 127 241 4 176 57 227 230 69 125 74 155 210 222 58
    107 248 134 188 208 132 194 146 238 14 247 218 155 102 79 227 7 129
    66 210 39 243 164 83 59 17 247 120 208 254 241 251 106 176 123 23 4
    179 116 206 149 45 139 54 213 146 239 75 213 112 115 76 230 170 50 7
    71 98 206 8 150 41 133 38 67 191 188 148 147 235 45 236 4 186 77 237
    10 199 251 223 135 178 98 175 181 140 81 149 41 136 55 1 192 37 182
    80 139 210 36 227 12 107 85 227 94 188 243 189 88 191 242 244 99 168
    85 128 188 172 91 105 51 53 24 176 166 178 60 35 27 58 18 75 177 60
    255 145 187 16 204 24 101 97 9 182 247 176 238 164 187 151 17 69 74
    80 82 159 238 229 115 195 248 53 131 52 146 175 143 16 152 110 92 14
    202 101 216 213 84 49 116 212 223 254 167 142 73 92 6 25 75 231 60
    104 148 101 140 75 41 3 69 3 201 177 68 153 41 87 18 9 8 194 35 50
    198 175 50 82 230 125 77 18 138 81 6 202 129 39 125 40 190 146 209
    111 40 122 244 189 141 243 16 51 128 233 191 204 222 175 208 222 80
    85 88 134 14 155 50 191 232 78 169 68 178 42 161 12 160 133 49 6 41
    90 59 83 162 226 71 34 122 155 7 42 69 97 176 41 114 66 62 199 55
    223 155 206 235 162 39 81 182 102 188 7 23 227 144 14 194 49 164 203
    220 238 133 176 252 228 55 94 126 218 237 112 245 188 40 149 117 130
    119 218 90 189 141 195 211 17 195 16 55 6 18 160 232 162 229 24 114
    45 73 57 106 124 161 64 86 237 14 127 161 248 51 179 9 229 2 188 84
    37 173 57 156 76 48 124 46 86 213 185 241 177 104 0 76 213 106 119
    70 63 194 24 219 154 21 236 59 12 162 239 248 173 131 22 32 5 212
    197 230 182 248 16 169 119 226 106 143 44 43 252 150 229 193 114 53
    61 206 59 153 35 13 239 41 41 237 159 205 97 21 183 30 114 48 176 2
    27 242 116 183 98 63 114 35 31 23 254 203 113 88 222 21 67 208 130
    216 121 219 87 73 111 179 9 228 242 52 53 160 227 131 61 42 60 38
    160 104 151 191 196 182 211 237 100 13 249 189 18 46 36 206 118 17
    225 137 229 103 123 208 151 202 14 205 146 122 64 168 239 89 178 226
    9 16 184 32 18 4 112 251 49 136 27 180 178 10 160 158 88 133 142 12
    48 29 240 168 85 198 51 47 11 15 118 168 145 175 232 197 118 3 7 7
    133 47 145 230 254 210 151 183 226 52 158 190 158 0 72 70 21 150 199
    134 84 35 40 254 238 149 153 7 186 181 2 29 64 178 134 30 112 133 19
    66 3 146 135 149 192 34 147 91 41 247 111 152 231 184 216 36 253 195
    163 28 153 145 46 234 56 152 140 80 75 179 58 29 40 39 50 237 1 26
    74 40 20 184 53 127 204 175 70 146 186 75 78 107 142 149 246 216 176
    44 120 155 96 104 174 221 195 29 144 97 106 107 24 157 47 245 47 18
    174 78 152 184 40 83 213 26 174 248 86 117 60 78 104 20 13 145 225
    244 220 202 228 41 92 39 254 22 161 33 106 39 220 122 17 234 137 115
    142 105 58 98 240 63 22 103 2 56 233 60 96 10 58 174 247 138 248 8
    99 80 47 155 32 108 255 20 206 219 38 203 198 227 147 178 211 105
    150 205 97 55 229 82 220 74 154 65 185 148 128 23 25 17 174 181 201
    183 90 237 137 133 66 253 139 217 30 25 37 103 33 16 129 113 168 222
    107 172 220 204 186 108 139 69 220 173 236 90 36 40 15 65 65 73 37
    128 83 202 222 170 245 217 162 131 129 101 163 191 48 53 8 31 143 97
    137 179 35 191 96 204 36 139 104 5 115 175 240 135 27 241 203 253
    215 174 172 201 88 98 97 237 85 24 15 38 101 240 27 142 245 126 209
    128 78 245 96 44 110 151 195 165 247 94 78 28 156 192 80 177 84 200
    122 201 87 113 226 178 161 231 118 126 5 248 78 146 198 31 221 156
    10 138 135 211 70 80 64 238 166 226 231 139 64 88 152 161 66 122 127
    121 20 229 51 174 152 66 91 21 6 202 166 108 120 232 211 90 122 247
    17 94 66 159 129 14 35 113 29 46 41 30 149 253 73 249 75 227 222 54
    61 73 205 223 167 245 143 116 147 118 190 78 62 205 128 194 160 0 5
    71 6 214 108 153 140 28 93 213 241 173 232 146 135 6 145 205 224 62
    223 14 75 121 128 42 137 177 205 231 233 229 158 43 99 191 61 84 147
    126 22 87 239 119 177 249 46 119 148 194 65 49 87 218 207 16 35 19
    187 60 138 205 159 101 118 169 148 68 94 57 237 145 244 150 22 225
    240 50 208 154 64 107 42 115 250 246 1 226 168 239 201 253 189 49 19
    151 110 127 153 158 167 132 216 12 27 188 166 66 209 184 91 148 53
    18 31 120 20 204 41 24 138 140 245 40 186 84 85 236 175 65 151 108
    88 108 141 83 78 174 97 71 34 170 112 86 215 24 200 5 98 169 39 84
    95 202 198 68 30 231 2 183 191 60 145 120 223 92 163 140 242 106 23
    3 9 216 52 119 234 94 210 252 139 232 26 186 245 59 90 132 120 60
    121 222 46 244 254 52 72 220 113 41 156 142 190 207 139 118 44 47
    217 108 61 167 130 236 163 120 87 109 8 225 135 150 2 178 84 248 192
    161 156 196 220 26 187 255 230 139 126 211 252 252 161 104 86 75 68
    234 200 8 110 207 59 218 21 116 36 76 234 161 27 207 6 252 29 153 3
    55 242 49 226 68 244 164 13 26 59 252 42 134 138 86 1 49 57 156 149
    236 89 147 206 242 41 176 95 191 30 250 103 120 106 116 191 64 157
    20 88 92 19 6 214 20 29 199 238 212 191 124 171 212 125 198 109 41
    54 225 9 209 112 72 241 224 217 120 181 54 14 20 91 32 114 139 207
    48 208 198 118 11 44 89 11 254 251 102 223 236 67 252 171 27 0 214
    117 121 105 210 49 21 103 13 240 13 82 222 117 137 167 101 70 39 21
    198 116 19 209 199 106 40 82 146 190 150 176 224 102 47 215 199 102
    0 185 89 44 103 69 183 88 123 113 90 94 118 130 183 20 78 181 39 141
    155 38 243 32 19 222 115 130 186 187 8 22 98 207 54 30 93 234 210
    110 182 178 14 199 237 32 241 43 3 119 129 106 91 72 110 150 233 206
    246 227 136 69 223 142 176 217 35 166 116 60 113 247 131 22 117 86
    71 129 119 10 217 87 249 139 44 182 67 197 85 87 168 224 199 184 142
    117 184 225 219 227 203 87 40 45 220 92 113 125 11 248 68 227 208
    210 247 184 80 194 199 77 230 103 0 79 122 199 56 235 20 237 253 184
    255 61 159 8 177 212 86 232 127 40 144 127 66 87 217 155 163 43 45 8
    174 224 225 5 90 217 117 119 9 146 130 240 32 238 161 255 230 183
    131 30 107 75 193 42 142 123 163 192 183 148 146 224 153 166 19 17 0
    214 47 17 57 240 123 172 103 138 110 17 248 2 115 236 182 108 147
    194 195 151 224 146 125 85 34 149 255 158 151 202 236 2 200 69 240
    108 122 47 109 27 164 197 73 148 225 180 68 240 198 66 205 255 210
    58 143 134 94 177 19 135 246 89 250 28 138 43 24 233 92 197 215 246
    229 106 109 169 188 225 85 4 96 120 54 179 62 25 130 180 197 26 227
    80 0 245 190 25 30 155 164 115 120 6 196 129 52 193 212 39 190 175
    168 62 91 79 239 36 143 56 49 233 164 124 205 187 134 182 183 59 53
    132 218 209 52 107 157 206 17 242 230 127 49 176 44 33 188 58 248
    227 220 128 216 154 198 7 127 121 193 243 217 46 86 77 23 136 66 5
    106 217 225 255 98 61 22 140 5 114 219 21 85 158 189 38 61 14 192 59
    107 110 150 89 90 138 217 186 41 31 6 0 116 20 146 118 60 152 47 136
    250 5 122 195 164 189 169 255 217 112 226 233 223 16 207 169 62 44
    75 199 107 88 248 114 164 0 124 179 168 127 240 110 35 134 39 47 36
    58 156 118 82 40 44 105 220 255 131 254 53 228 58 122 226 77 103 4
    176 193 76 176 115 203 123 192 56 110 198 136 54 140 207 46 162 116
    64 109 88 219 225 2 142 23 63 25 188 88 80 193 116 138 51 174 13 248
    143 234 182 199 172 34 150 187 58 133 68 77 96 134 96 51 146 226 73
    178 130 138 65 237 185 103 1 80 83 213 195 79 6 154 39 14 242 204
    239 226 226 117 231 134 45 128 79 150 28 10 145 67 251 116 57 233
    110 223 197 135 253 172 93 65 142 231 122 245 120 228 173 233 56 45
    185 199 183 189 26 173 203 5 31 212 68 127 69 5 248 215 92 20 31 249
    73 30 40 180 154 52 210 170 237 20 39 199 8 103 151 72 64 74 217 62
    168 75 88 8 72 252 254 19 16 77 85 65 130 42 118 20 0 191 102 36 45
    0 184 60 40 245 160 77 129 84 209 150 45 86 225 230 123 230 115 136
    16 8 209 230 55 145 138 218 178 151 238 3 72 28 182 4 2 15 149 85 29
    242 175 162 118 67 161 101 101 255 47 221 77 108 12 72 206 69 206
    179 229 67 157 206 228 142 29 31 81 67 225 119 231 74 240 242 12 42
    115 21 39 56 75 68 230 38 13 112 80 62 98 27 101 219 71 82 21 149 15
    241 223 237 55 201 58 80 208 248 80 145 143 248 94 6 197 110 240 57
    83 23 227 94 34 70 128 228 132 96 131 22 17 169 133 45 53 6 158 160
    91 126 194 109 152 251 155 92 172 51 59 133 170 146 109 202 207 207
    7 145 114 112 232 31 205 244 65 203 124 234 162 103 220 85 169 166
    240 234 116 164 179 76 25 150 252 51 45 141 113 40 112 123 132 6 187
    38 177 132 2 201 60 103 135 24 70 114 230 156 142 199 52 70 169 205
    83 107 18 231 121 50 21 191 160 210 50 45 74 243 27 250 237 139 55
    79 149 31 36 141 177 71 28 230 0 49 65 146 111 73 163 218 110 41 235
    215 52 122 75 246 146 40 98 19 243 37 74 18 116 88 43 53 158 172 46
    13 25 0 5 79 201 38 43 80 191 167 198 97 171 17 96 66 230 121 123 30
    108 53 238 0 125 4 26 11 158 130 106 178 55 40 82 104 235 50 79 179
    183 73 199 54 86 197 52 79 2 151 168 149 224 103 72 113 109 15 64
    142 136 242 36 38 14 89 165 192 89 33 85 23 248 153 239 252 248 42
    143 196 169 83 132 211 129 252 183 124 123 80 177 238 242 211 66 84
    102 189 151 162 90 114 251 197 61 135 220 234 162 123 233 148 121 68
    140 92 145 134 35 126 82 33 219 153 27 169 241 221 200 108 173 122
    248 167 72 56 54 217 201 88 124 176 192 129 74 95 100 122 122 34 206
    57 33 17 24 28 200 111 189 206 50 251 22 179 215 218 210 235 175 76
    113 145 246 83 212 202 12 47 87 143 135 100 61 73 195 21 127 170 114
    222 99 88 197 26 80 230 246 220 172 189 91 100 20 210 136 137 238
    169 211 188 176 70 236 33 163 160 252 78 30 154 255 88 132 233 143
    156 202 209 182 114 24 126 205 22 139 183 239 18 250 163 169 90 228
    255 236 193 148 244 61 107 6 102 122 114 232 224 180 33 79 108 37
    204 132 90 121 194 68 98 49 115 114 217 63 100 94 241 87 254 209 116
    31 201 7 143 122 51 254 144 218 37 143 93 9 241 122 16 114 188 244
    147 150 160 120 76 226 0 52 7 171 57 37 214 30 139 210 162 11 31 17
    69 254 59 156 245 137 221 91 183 240 204 37 219 136 54 153 206 238
    154 13 82 194 171 91 240 194 58 80 91 132 163 173 230 38 196 12 159
    221 175 101 27 84 21 154 94 70 156 129 2 234 221 117 217 101 87 112
    98 15 128 234 118 251 1 213 191 147 194 43 246 75 76 39 142 110 84
    54 29 224 26 177 7 55 138 195 131 190 36 21 23 106 247 144 174 222
    218 207 138 144 15 172 99 130 6 201 73 15 228 3 138 232 184 150 212
    88 226 82 94 231 133 147 126 47 54 220 21 212 139 221 91 108 48 25
    34 189 6 95 246 174 50 229 64 6 84 72 35 216 180 185 21 73 102 143
    141 38 130 48 245 160 191 217 182 32 16 192 111 55 57 237 76 69 60
    75 135 67 229 210 88 220 63 149 221 244 222 204 140 217 132 36 207
    90 112 189 168 86 220 221 120 26 42 171 177 211 141 146 35 227 241
    200 11 23 4 192 188 60 163 43 246 148 84 161 128 228 195 37 137 79
    246 18 136 53 183 109 80 254 182 33 132 133 147 149 153 226 146 192
    125 247 16 224 12 252 223 10 22 103 116 139 92 54 95 47 14 255 156
    179 247 87 38 61 219 132 121 211 221 42 81 86 14 57 52 52 113 165 64
    42 188 173 239 7 223 147 201 9 18 43 162 201 88 88 233 169 19 130
    118 161 124 141 95 50 124 67 137 121 233 160 210 192 70 117 166 195
    12 113 16 107 188 193 9 186 83 181 99 63 76 178 216 196 176 164 150
    59 21 41 197 91 125 106 138 130 180 56 87 70 194 60 56 77 48 79 165
    235 114 65 198 105 3 34 158 60 59 189 163 50 159 104 224 64 106 188
    117 73 209 207 117 179 21 48 163 117 144 144 41 143 224 140 10 48
    105 215 215 42 194 34 41 14 243 21 86 29 196 47 98 76 116 82 253 177
    132 28 102 223 59 163 25 200 124 109 71 231 178 156 175 123 18 107
    137 158 146 228 36 151 148 196 127 117 195 19 0 83 244 12 147 124
    206 125 73 156 250 224 4 133 48 92 69 58 124 211 41 202 195 213 112
    118 255 85 26 138 162 155 228 56 140 111 231 99 130 12 205 177 190
    179 183 162 201 41 220 93 35 157 3 109 87 50 138 150 176 26 253 103
    228 65 128 148 71 176 112 226 158 92 12 38 71 244 195 250 66 101 125
    157 117 102 120 115 116 184 214 57 23 75 61 128 206 40 46 177 124 99
    162 220 71 109 37 178 120 171 37 241 174 120 16 28 121 52 250 163
    140 191 14 103 80 156 29 29 48 217 58 242 218 240 85 71 28 179 10
    102 43 190 191 152 77 176 144 245 131 60 231 26 133 254 204 51 34 12
    65 225 97 9 213 18 178 170 64 64 193 139 154 8 172 166 226 180 119
    223 250 99 222 26 233 225 146 176 20 6 127 29 23 252 117 208 117 25
    92 51 119 39 98 5 217 127 47 91 242 84 235 161 69 127 5 5 139 185
    109 25 5 146 29 195 199 58 131 238 253 53 9 13 101 34 202 90 143 141
    177 18 198 32 233 26 204 123 162 39 128 59 133 147 63 11 38 20 246
    101 100 219 169 245 109 224 245 136 162 75 113 48 61 181 90 198 70
    107 158 180 94 63 63 72 117 4 66 159 121 148 39 119 231 250 44 82
    178 250 45 149 224 140 60 13 164 155 161 42 231 111 178 99 16 209
    110 97 131 230 202 252 156 36 202 87 34 233 148 177 129 209 120 42
    60 76 176 148 119 189 81 8 105 6 239 103 251 25 185 210 11 95 213
    193 172 117 35 238 74 207 46 85 190 7 33 8 182 55 165 97 226 145 171
    194 59 84 108 41 42 132 25 34 237 154 156 145 195 221 107 25 147 214
    41 189 244 4 113 224 224 235 207 200 49 230 27 38 71 22 230 39 98
    202 7 242 119 148 96 92 66 75 44 177 233 229 167 219 115 221 157 122
    132 41 28 147 249 245 138 49 202 155 123 251 138 22 212 214 5 67 212
    152 86 52 195 52 166 197 58 82 163 21 191 151 29 45 175 93 211 169
    147 44 77 33 55 102 28 42 53 69 119 48 95 35 77 141 219 169 17 69
    120 10 75 5 78 7 125 80 180 116 9 224 3 56 217 206 44 251 34 159 118
    121 233 246 27 171 114 189 179 112 186 241 67 158 160 102 50 143 95
    228 128 240 238 240 150 3 76 221 219 70 232 37 90 228 246 188 252 32
    220 98 236 180 156 242 151 15 8 154 151 226 196 43 148 49 216 121
    173 189 123 27 33 235 233 168 31 160 214 254 231 172 187 7 141 26 42
    45 48 74 28 52 231 249 206 86 207 249 115 43 41 207 65 226 244 14
    233 38 242 183 86 143 89 46 207 252 119 186 234 41 87 155 183 137 5
    124 77 13 37 191 195 94 206 33 146 85 13 20 95 24 83 144 165 146 126
    224 86 197 54 50 108 43 80 222 75 244 49 48 187 65 118 209 231 53
    203 109 214 220 191 182 16 110 7 105 122 154 1 65 218 106 172 194
    181 32 190 2 84 129 101 195 209 102 79 25 6 142 198 52 44 14 179 180
    149 252 122 157 133 176 96 230 19 119 123 69 171 181 242 10 77 9 50
    234 246 249 29 108 137 91 122 135 181 93 188 67 69 188 131 104 9 74
    158 117 151 222 96 36 20 142 20 99 84 34 242 75 79 69 124 205 79 161
    190 245 78 30 136 83 77 222 136 218 46 2 68 21 97 147 188 14 222 106
    218 209 141 91 200 20 249 167 109 54 196 24 172 42 108 120 80 101 18
    193 171 127 92 139 12 190 74 5 212 45 130 8 213 125 28 89 11 129 113
    215 208 245 116 15 107 87 188 164 19 237 123 127 130 218 241 70 144
    109 144 126 69 212 62 135 87 58 65 36 210 70 171 202 204 36 234 39
    34 111 28 142 10 51 41 252 6 152 157 145 95 155 242 207 26 136 37
    195 175 226 37 155 107 53 114 196 32 149 230 58 27 123 12 234 13 54
    219 164 98 46 160 254 234 227 44 222 0 158 100 199 203 171 122 108
    229 14 138 93 135 214 179 246 221 125 234 28 40 175 115 208 99 162
    35 216 169 79 177 225 77 129 234 134 33 123 248 57 117 39 70 35 110
    219 1 200 110 206 52 58 180 236 233 208 134 108 106 120 238 102 176
    43 53 249 8 70 25 240 33 11 179 20 62 33 63 170 70 217 166 98 86 222
    219 77 18 1 102 120 82 71 84 37 236 31 206 126 126 102 172 73 161
    207 87 80 130 160 201 112 233 128 217 30 217 100 15 48 210 51 235
    251 71 12 131 43 81 42 161 34 37 180 201 185 127 12 59 145 253 0 142
    81 181 10 6 253 134 44 1 130 251 15 154 66 134 4 9 195 101 188 169
    72 0 114 120 108 100 224 64 37 243 249 26 13 64 207 163 0 89 57 1
    109 207 129 191 16 29 76 83 154 126 219 16 33 220 52 51 121 43 169
    165 203 96 218 0 196 47 144 150 127 109 42 70 247 89 66 178 79 130
    53 79 136 14 201 15 93 156 192 254 75 193 47 18 93 57 28 94 173 248
    206 222 174 66 22 228 213 144 137 85 163 17 251 99 159 43 176 145
    195 43 213 246 151 219 131 78 63 153 150 80 4 135 201 109 218 170 55
    161 97 100 91 121 95 71 152 93 101 28 156 153 197 220 177 142 12 19
    195 28 81 5 80 106 192 161 1 252 120 105 245 174 71 129 71 230 7 146
    235 231 50 179 179 191 29 248 132 101 30 117 45 68 136 32 229 130 85
    200 28 188 220 18 114 158 134 70 78 200 224 80 244 220 211 53 47 198
    50 23 217 124 99 12 240 185 16 253 152 133 162 168 21 221 209 133
    122 244 99 198 91 43 61 67 190 214 238 219 125 197 85 30 199 226 193
    225 239 106 169 128 20 84 181 62 216 255 72 32 198 182 193 240 9 108
    72 59 58 249 73 138 175 0 8 193 250 154 190 219 19 72 22 90 204 56
    130 28 33 0 157 106 99 250 242 252 223 142 17 198 237 213 26 173 157
    15 44 33 243 46 66 237 75 180 181 242 124 232 89 172 30 40 75 194 50
    241 246 61 123 172 162 114 53 223 105 57 139 48 169 228 237 109 67
    46 98 119 52 101 208 86 50 188 215 182 221 16 178 166 198 99 43 79
    98 62 167 222 202 248 139 246 158 251 76 132 4 147 70 219 10 160 227
    105 3 200 224 16 36 180 140 29 4 229 98 214 185 29 17 247 92 151 149
    157 47 63 154 80 63 148 214 121 208 137 96 143 174 220 102 207 135
    238 54 75 156 134 187 114 201 108 181 137 202 13 225 118 51 130 95
    71 186 67 233 158 131 197 73 138 156 178 153 11 23 3 145 126 61 200
    196 27 7 59 222 8 109 133 40 179 143 216 154 33 32 96 184 178 38 117
    214 16 31 35 87 233 253 72 241 140 159 225 47 193 211 241 236 38 86
    67 9 205 255 16 80 159 203 4 72 45 188 179 28 15 59 180 205 55 85
    103 232 75 33 0 18 211 243 179 123 126 180 179 230 68 188 200 116
    252 220 24 69 207 118 177 67 4 227 210 77 29 24 168 151 15 185 126
    64 252 107 69 44 66 103 7 133 102 197 100 147 77 68 96 159 15 144 38
    240 200 85 28 76 3 204 36 180 163 108 224 170 192 135 148 201 20 70
    64 94 212 69 2 236 115 80 169 3 1 65 227 183 15 219 207 11 160 10
    216 250 47 147 96 1 87 83 129 26 73 204 6 216 170 14 239 40 202 99
    84 41 196 188 74 166 21 40 59 226 105 67 60 141 3 144 164 252 228 34
    209 99 168 130 195 49 115 99 77 213 110 20 10 84 52 31 53 148 209
    230 110 180 205 255 190 196 181 97 205 198 255 142 35 83 18 99 57
    249 37 221 154 15 246 63 90 181 254 132 238 24 65 193 29 177 184 236
    17 12 63 21 71 148 221 139 51 150 18 129 70 224 253 32 192 203 9 246
    1 82 107 170 4 0 189 61 241 181 161 6 212 175 218 69 230 38 36 248
    40 157 203 82 36 18 51 87 203 97 40 207 206 99 233 194 221 249 74
    199 41 149 243 25 54 169 139 100 152 227 88 253 32 221 100 233 158
    218 0 128 129 36 201 19 143 213 216 254 26 102 111 248 218 51 93 16
    245 194 64 146 18 180 21 36 22 242 188 27 155 236 103 45 206 23 154
    115 102 131 243 178 176 122 135 191 83 17 149 62 137 113 173 124 8
    82 21 215 55 49 109 14 19 26 103 255 223 183 198 185 38 138 106 90
    99 153 22 63 230 223 61 51 140 52 200 20 108 210 72 252 110 20 243
    128 170 89 28 150 36 168 169 17 82 31 19 31 173 169 42 210 211 191
    253 44 108 117 210 75 231 79 214 10 231 27 165 8 93 184 152 224 163
    65 136 84 113 40 157 231 60 53 143 144 205 224 139 33 192 149 7 222
    173 233 252 149 151 90 32 155 138 20 231 182 32 236 91 214 198 190
    36 185 8 38 206 3 204 4 68 174 4 186 103 238 245 218 245 188 136 208
    193 150 9 179 235 159 99 143 217 190 46 209 99 99 20 250 46 63 113
    207 216 237 174 244 196 228 32 198 199 199 66 143 35 175 247 29 195
    138 240 128 212 49 27 58 201 225 137 233 75 72 131 242 240 57 2 147
    138 77 185 71 241 243 189 201 225 255 157 28 231 249 32 236 220 61
    135 93 39 232 82 50 235 82 79 75 243 228 203 222 121 104 85 150 228
    143 144 172 75 193 46 128 169 83 95 247 243 167 247 81 179 33 78 166
    90 192 158 184 186 47 1 194 25 76 78 171 143 211 196 166 217 212 207
    223 97 51 141 88 184 69 74 134 248 151 3 182 117 11 42 168 23 62 94
    174 103 176 108 116 211 49 230 110 236 169 21 118 10 93 45 218 4 186
    184 24 220 199 180 225 210 245 118 33 160 212 66 25 157 181 169 72
    85 206 254 89 34 84 32 115 188 143 111 251 87 36 217 229 94 101 196
    32 61 148 228 27 152 192 10 47 150 165 90 191 71 138 27 197 133 13
    149 226 47 114 235 104 70 34 164 163 226 121 162 130 187 174 200 124
    231 226 27 34 245 128 176 53 113 62 34 144 140 107 91 233 37 52 98
    27 105 176 101 155 97 105 150 161 212 157 48 248 229 222 204 82 211
    208 58 25 160 185 69 215 200 89 89 38 20 179 46 182 149 200 47 196
    70 206 196 137 181 254 237 206 161 182 239 170 169 48 70 19 166 205
    232 60 91 255 41 231 161 198 217 127 110 241 26 240 198 152 119 66
    36 23 80 42 142 36 100 114 11 104 6 234 189 167 30 80 74 203 131 62
    238 23 171 109 218 32 33 35 59 125 254 222 223 127 244 59 237 251 30
    61 128 50 25 48 83 159 72 72 249 163 132 180 232 242 246 48 100 102
    186 159 240 6 248 148 59 53 83 140 178 14 208 122 73 195 176 215 205
    210 123 6 35 40 247 108 144 169 19 165 124 185 113 177 207 30 196 78
    105 92 150 180 175 181 212 245 57 38 193 201 175 119 189 33 116 107
    101 86 40 245 199 138 10 176 61 40 201 208 134 246 35 156 126 4 46
    71 0 103 244 85 55 58 103 125 84 151 110 192 152 114 30 96 51 10 132
    181 175 106 220 110 111 179 243 10 210 233 186 199 61 36 6 27 42 136
    242 50 183 51 172 20 116 91 42 154 1 95 157 92 179 77 161 104 150
    164 53 88 78 155 30 103 209 9 253 250 10 100 28 239 69 13 165 147 26
    233 109 156 156 156 2 186 122 167 191 136 22 79 167 144 44 31 36 165
    120 33 145 67 170 152 72 224 235 7 59 89 181 12 177 196 202 197 230
    245 221 15 243 244 42 136 120 126 151 173 59 173 102 65 67 83 219
    180 1 211 172 134 164 225 249 172 115 1 250 77 127 110 93 37 15 238
    63 28 21 160 150 120 174 226 158 152 37 236 159 53 48 62 172 121 190
    49 151 94 32 104 227 237 61 85 192 55 64 31 44 135 250 24 159 62 49
    222 121 209 125 66 120 178 41 221 77 186 167 47 185 53 3 1 108 237
    163 230 113 102 199 117 252 156 222 67 185 234 161 241 88 44 112 75
    39 115 128 103 70 237 76 31 241 102 91 145 80 126 10 242 147 104 230
    165 84 7 84 164 121 14 170 184 20 115 94 97 24 178 47 185 85 216 15
    32 59 97 198 169 46 231 245 141 125 9 246 188 70 20 180 126 148 255
    86 27 194 10 134 118 40 126 166 39 211 152 17 46 197 172 41 197 229
    98 152 90 217 156 190 101 213 25 91 217 137 58 161 206 226 86 108 94
    39 37 210 175 226 221 188 106 142 45 76 106 69 22 11 202 178 171 26
    232 107 79 43 214 222 201 207 49 32 185 127 218 55 60 194 172 115
    116 74 202 118 246 196 105 1 122 53 8 49 38 21 101 113 71 157 6 185
    1 154 131 179 156 159 93 121 31 128 217 7 212 189 92 112 246 11 209
    95 204 67 74 68 18 199 60 15 20 151 2 201 123 73 57 119 144 183 216
    207 8 224 128 13 226 64 49 9 205 31 186 92 138 130 238 13 224 187
    173 241 75 120 19 234 47 217 24 217 184 122 131 244 176 198 101 171
    182 188 59 96 242 201 78 67 51 44 12 153 14 113 99 57 146 132 118
    169 230 46 122 187 35 141 215 145 102 213 105 103 46 181 47 217 148
    255 135 121 16 54 46 111 180 35 128 122 202 76 236 235 103 149 109
    165 214 255 46 72 16 223 218 228 245 77 191 63 16 125 214 221 227 46
    127 33 161 84 21 199 248 17 170 242 240 144 173 172 132 80 53 244 21
    23 39 128 107 35 111 18 190 92 164 142 55 84 235 22 160 26 158 114
    157 144 18 66 45 232 110 224 251 208 67 163 216 61 223 9 190 17 29
    206 23 225 83 194 250 225 218 123 165 225 231 4 37 85 7 181 0 124 19
    185 82 197 66 247 185 30 145 45 121 166 217 157 213 41 216 177 56
    240 27 199 182 123 58 159 186 148 254 88 27 210 163 81 55 79 152 189
    150 71 73 100 110 76 80 231 122 88 3 215 14 179 173 135 68 227 249
    233 90 10 244 23 178 56 147 238 78 101 181 187 127 208 206 224 92
    118 252 207 113 55 70 220 171 239 173 168 227 13 42 83 28 152 114
    121 18 26 214 238 62 16 165 112 196 40 151 50 152 47 35 196 51 154
    62 108 163 101 211 136 8 116 164 108 187 75 242 169 54 125 31 139
    217 147 189 97 89 165 228 66 44 187 142 80 12 100 167 72 21 196 76
    31 11 238 114 200 98 171 154 161 67 144 208 255 58 101 34 171 80 197
    212 13 221 86 65 135 126 103 241 18 122 142 158 35 195 75 175 7 113
    202 172 198 235 83 76 230 173 189 236 146 239 70 127 111 48 235 177
    30 13 168 213 205 1 141 76 187 12 215 93 94 94 147 104 59 154 97 183
    114 127 98 106 212 5 4 190 36 249 190 48 142 153 237 169 194 252 224
    14 140 37 15 95 116 63 254 125 104 140 50 152 216 51 11 70 199 53 59
    167 218 64 1 182 225 154 241 95 86 87 50 244 249 122 241 44 50 84 17
    140 230 175 31 128 0 73 176 227 196 69 92 132 216 172 156 194 240
    113 120 122 170 58 140 163 10 10 195 52 1 154 142 67 45 105 137 218
    45 98 160 104 2 119 57 177 34 179 55 196 82 178 172 229 91 56 41 210
    168 143 132 11 156 140 223 156 87 23 171 89 81 246 61 73 146 228 143
    63 232 140 247 23 126 91 228 85 158 12 141 85 59 21 144 97 86 120 81
    60 33 178 125 40 64 148 104 57 169 85 110 82 42 58 178 231 170 207
    185 73 124 225 20 104 69 5 6 9 138 227 46 55 120 82 137 1 1 183 76
    235 81 242 128 222 91 94 218 140 29 227 45 43 198 129 88 243 191 200
    61 165 26 179 6 180 159 209 40 131 3 190 92 53 250 153 7 29 79 192
    28 91 90 157 21 165 35 93 50 16 253 252 174 143 197 133 163 178 109
    129 238 133 51 218 107 150 226 117 5 50 242 186 72 149 89 144 50 151
    59 122 118 196 20 3 9 77 91 70 250 94 143 190 20 66 20 183 203 99 14
    88 194 91 165 233 220 89 19 237 145 161 55 222 50 213 59 82 34 148
    147 24 103 66 41 188 90 122 120 133 202 36 162 208 180 80 179 25 74
    127 211 95 37 170 158 164 224 145 6 222 79 202 109 188 234 202 111
    51 1 73 124 201 119 183 133 16 232 121 215 140 24 28 173 164 140 254
    27 19 255 142 172 118 214 12 83 169 67 207 243 166 255 98 92 92 86 2
    139 92 187 183 15 156 148 18 109 229 3 212 51 174 183 233 58 204 175
    61 165 55 194 185 107 143 135 34 191 31 57 109 30 250 254 84 61 193
    251 243 80 49 255 219 171 41 82 215 93 114 189 237 133 87 80 154 149
    62 65 97 20 27 15 92 23 20 75 216 118 27 162 14 58 254 187 38 109 6
    31 5 202 28 21 133 187 144 162 39 224 95 100 177 76 171 142 125 45
    62 138 135 99 33 70 32 143 18 115 4 173 244 40 229 198 9 28 157 127
    94 210 16 29 222 93 228 244 217 2 10 39 90 229 94 62 216 32 104 233
    26 48 104 244 193 153 104 191 85 23 12 169 16 130 6 23 155 214 106
    144 144 84 163 3 176 63 144 41 102 173 26 152 66 64 129 230 247 137
    163 80 226 49 13 128 237 189 158 159 94 143 37 113 123 65 212 228
    181 134 154 184 68 138 146 84 154 26 241 146 190 126 157 8 96 97 106
    13 160 162 202 168 243 154 48 7 52 31 77 65 226 49 217 116 76 58 183
    4 243 1 183 116 226 183 70 60 232 196 171 85 236 215 102 53 99 80
    172 241 2 71 247 247 218 80 247 163 23 105 8 18 134 47 161 184 22 74
    35 31 254 67 123 27 109 199 207 167 23 41 182 174 37 86 101 76 172
    102 204 224 170 156 25 2 96 137 105 20 163 210 232 108 81 142 117 28
    166 101 44 122 75 24 126 224 151 54 64 161 80 68 121 178 50 189 53
    202 5 101 163 90 239 1 196 50 122 59 29 34 132 244 100 167 42 93 17
    194 30 33 94 139 199 196 14 203 240 86 203 96 50 203 136 20 170 57
    23 131 24 153 244 14 59 56 201 152 152 171 160 213 9 63 51 137 197
    124 192 55 116 172 75 175 87 223 65 35 231 20 87 194 60 177 133 83
    53 155 251 112 251 192 226 145 202 82 209 118 21 36 95 52 129 187 14
    131 171 88 158 32 167 80 165 123 2 53 96 131 186 155 166 201 30 190
    230 80 12 92 118 1 187 204 159 105 43 86 218 119 51 244 219 96 145
    115 205 204 213 166 83 186 17 161 205 205 244 9 48 95 202 232 87 230
    46 81 121 84 15 40 210 160 196 206 78 67 102 72 57 121 185 72 155
    197 91 228 68 88 171 120 4 49 1 112 132 84 0 59 68 60 203 135 112
    148 49 212 78 158 149 1 36 235 6 63 51 113 153 226 222 115 112 177
    194 33 146 218 37 55 146 247 171 37 24 117 221 139 170 198 94 80 175
    171 254 229 181 24 88 142 10 159 145 236 19 171 175 235 43 173 25
    139 210 237 25 135 24 209 140 203 249 4 71 160 176 77 92 240 45 149
    98 79 185 41 178 112 183 84 154 22 3 148 27 31 233 11 249 75 79 253
    214 11 78 133 120 194 237 146 239 157 74 76 21 78 73 202 178 88 53
    25 229 102 89 165 192 127 21 75 38 202 213 79 149 2 176 163 38 153
    245 189 160 183 230 132 139 1 155 82 131 58 188 181 183 143 82 130
    118 186 17 91 146 42 55 27 239 216 219 167 174 20 176 152 254 162
    120 88 92 250 80 220 104 33 106 254 194 133 77 201 124 14 53 169 97
    118 101 148 87 110 178 198 117 253 243 194 62 51 5 113 109 157 83
    214 231 82 145 120 6 164 107 231 244 92 7 77 115 145 177 251 39 92
    46 254 127 5 30 69 251 44 9 168 66 5 140 153 107 57 177 3 35 73 91
    12 9 254 10 180 114 229 221 144 232 70 11 14 254 81 111 168 210 212
    46 236 48 18 37 201 241 30 83 16 250 31 147 160 131 126 119 73 108
    227 138 186 155 153 49 222 183 173 96 134 31 159 116 130 71 34 7 229
    23 19 131 106 119 66 65 178 155 247 210 61 119 248 254 195 90 104 72
    235 201 105 100 205 201 67 116 127 129 130 100 30 161 44 188 159 53
    230 179 19 105 85 254 240 2 25 233 148 164 206 246 246 155 45 80 98
    133 247 101 41 37 30 197 45 87 132 155 111 209 26 12 134 209 41 129
    104 251 95 163 76 136 209 155 88 38 6 231 82 24 211 173 61 210 219
    184 36 87 118 184 176 12 113 253 199 223 130 240 239 247 99 209 96
    114 212 75 140 72 52 15 228 142 21 148 239 42 244 55 91 167 142 68
    226 30 242 101 149 198 127 105 195 44 80 34 65 16 188 170 232 239
    230 126 36 141 116 179 190 147 13 44 67 151 113 18 242 198 179 116
    12 44 243 84 32 106 167 67 161 32 213 210 120 120 43 233 79 200 67
    157 178 56 169 16 135 167 215 19 74 207 150 62 238 138 129 138 111
    15 13 127 99 81 27 222 47 147 27 168 84 98 241 210 176 169 36 204 36
    195 235 53 203 155 126 243 218 85 112 172 204 153 91 106 127 107 121
    180 164 98 180 228 62 150 143 134 218 56 191 175 117 241 150 128 178
    112 125 211 194 77 251 109 113 242 182 90 35 218 92 215 89 191 144
    64 247 42 101 159 158 104 246 114 91 169 136 49 5 251 180 13 14 101
    104 84 144 20 229 38 222 133 48 253 3 162 3 207 177 47 14 58 217 22
    77 190 161 237 139 78 4 88 133 89 47 253 101 229 140 104 69 148 150
    211 11 219 149 57 251 18 115 144 41 61 114 48 49 125 71 99 5 129 62
    252 121 207 214 254 174 231 1 66 62 137 156 219 222 134 116 51 28 36
    77 40 85 221 195 156 224 57 62 213 3 114 244 58 255 177 41 155 96
    248 98 62 121 163 1 108 213 128 142 137 223 187 138 240 205 175 87
    213 53 26 30 3 127 74 60 93 247 244 112 85 185 148 87 240 99 239 80
    102 122 253 41 6 45 210 231 110 8 209 98 82 224 75 54 11 113 183 122
    107 158 61 106 79 169 0 22 210 41 247 182 229 238 215 138 17 162 153
    65 243 119 127 218 174 187 199 0 230 52 21 217 65 178 164 131 252
    100 223 125 253 138 115 200 98 217 149 73 117 244 106 4 130 46 221
    80 237 203 230 23 7 233 157 69 223 79 47 1 64 146 31 75 250 150 176
    35 71 195 167 79 76 254 38 246 62 145 207 51 153 95 59 8 207 207 46
    57 126 185 29 10 225 122 90 209 182 28 60 106 104 254 64 145 197 177
    136 145 87 14 108 176 142 169 77 10 73 230 160 100 53 3 76 149 175
    104 213 189 104 94 169 205 111 166 205 59 10 109 37 34 95 40 21 142
    195 6 238 211 230 89 174 111 26 133 176 134 56 207 16 228 173 26 47
    42 223 178 227 226 119 77 218 32 190 206 201 232 230 42 115 51 253
    194 109 204 176 195 216 180 222 167 177 82 142 45 220 253 225 69 90
    38 81 229 23 137 234 58 189 164 53 227 179 81 114 122 175 163 112 93
    125 34 129 124 82 241 192 188 143 16 198 72 223 152 94 194 166 26 67
    26 14 1 67 21 10 247 239 169 32 177 252 255 93 214 8 244 113 132 93
    196 170 219 82 210 237 137 112 191 209 98 3 85 138 27 108 36 216 197
    69 4 208 1 182 57 156 40 36 154 247 133 120 87 133 242 197 219 121
    82 18 254 103 49 129 91 185 107 224 111 72 144 175 59 174 150 220
    231 221 7 150 59 151 224 32 65 126 67 20 9 200 86 14 28 178 156 36
    200 103 203 9 21 67 205 120 52 55 160 252 67 6 140 62 66 234 90 255
    77 207 9 245 27 45 31 241 23 97 236 168 141 151 66 25 23 68 183 68
    224 81 165 176 101 96 225 61 73 183 59 207 163 11 47 63 203 166 104
    55 58 61 209 147 9 236 218 39 88 0 99 149 100 254 77 155 101 129 229
    69 170 31 118 194 131 158 121 5 24 111 220 229 139 203 201 213 57 42
    180 1 200 29 181 40 183 118 118 183 81 241 11 161 76 240 160 117 253
    56 22 52 201 25 60 49 174 41 75 109 157 84 158 87 74 229 134 251 184
    166 29 112 209 160 210 19 89 151 146 178 197 72 97 52 121 64 150 24
    110 134 95 89 62 111 161 43 188 253 63 233 183 206 50 151 240 150 37
    151 161 93 133 168 60 194 155 189 16 183 97 52 122 45 106 26 108 150
    141 171 159 10 229 50 37 139 138 219 202 58 174 110 183 252 36 176
    204 212 137 19 9 166 176 185 250 83 69 56 236 16 198 144 103 5 237
    64 43 196 21 219 92 251 64 39 191 186 213 121 37 212 162 140 22 208
    166 249 218 50 199 80 188 180 47 214 225 188 90 185 122 163 168 151
    200 92 146 66 91 227 225 91 54 88 178 77 127 232 119 95 93 52 49 164
    78 207 162 200 103 149 241 255 137 17 31 187 142 18 231 83 147 17
    154 121 11 41 90 97 106 56 5 227 192 164 130 211 67 244 53 48 51 98
    41 145 141 195 228 109 251 50 6 7 15 226 74 202 55 96 217 12 213 168
    102 74 255 186 45 140 144 202 0 126 67 156 188 27 203 250 120 220
    116 226 144 224 141 126 147 189 107 110 42 8 107 132 134 70 192 173
    182 12 43 208 247 42 224 224 23 114 5 30 176 49 182 255 132 159 27
    20 160 187 80 145 92 241 149 37 113 50 192 134 172 59 69 157 3 103
    199 188 206 49 223 86 242 133 188 61 61 140 245 11 108 252 179 67 33
    118 210 9 79 128 173 17 30 225 92 238 1 218 53 194 49 230 204 238
    126 50 105 107 187 82 54 69 170 13 75 162 238 9 43 173 202 81 120 7
    25 226 246 74 182 232 121 74 230 51 61 235 60 131 72 185 176 221 118
    151 137 216 91 164 246 23 235 132 145 189 94 240 39 35 150 166 121
    192 37 233 45 1 58 236 180 191 225 108 214 199 82 0 193 55 195 237
    160 22 255 120 73 191 166 215 91 199 200 40 84 233 115 69 153 51 251
    124 104 171 196 52 56 54 194 133 13 93 129 31 147 236 241 65 233 53
    170 224 84 231 200 213 79 10 215 50 86 131 35 6 240 75 164 204 184
    179 204 189 90 2 57 212 108 50 86 210 161 130 61 99 185 242 129 147
    78 47 180 87 59 108 145 222 103 80 26 14 196 245 75 35 123 97 235 41
    61 179 99 241 245 254 222 88 33 15 174 181 138 98 243 111 43 210 192
    30 89 86 243 145 109 51 159 99 65 8 118 66 20 90 103 158 137 13 62
    243 84 218 250 37 197 90 199 132 161 37 51 155 166 187 237 146 145
    128 52 65 204 199 238 131 170 179 6 137 255 190 131 88 172 126 163
    245 105 2 137 244 20 232 82 199 112 19 10 67 184 189 194 141 111 237
    67 10 229 244 65 43 166 120 151 88 177 131 95 180 87 68 32 50 67 129
    2 56 40 161 46 16 18 15 77 73 143 186 245 222 129 99 4 117 127 7 155
    145 181 161 174 245 208 140 24 210 205 241 215 200 190 134 32 64 131
    170 229 16 119 181 85 150 227 199 49 5 234 216 227 30 11 122 104 104
    150 101 240 73 49 10 214 143 23 138 15 166 23 65 38 78 190 155 91
    198 32 248 88 220 104 237 167 211 147 61 163 55 241 86 156 169 195
    130 253 40 239 247 238 93 66 217 199 200 233 196 39 227 109 29 190
    48 175 18 232 30 253 165 159 68 13 204 168 122 37 166 63 35 29 177
    201 47 99 133 176 173 145 183 46 246 132 65 237 251 185 209 208 133
    140 244 21 196 204 30 165 118 35 234 181 111 189 4 81 176 48 42 214
    230 157 90 120 99 3 226 57 178 0 54 220 63 37 80 80 158 168 148 41
    13 55 199 249 134 124 151 24 57 133 67 242 167 22 8 172 236 220 25
    31 182 83 88 220 134 104 197 203 79 7 200 171 194 135 174 42 88 163
    163 40 107 14 155 122 105 135 95 28 169 118 212 142 68 143 74 197 38
    21 142 54 243 153 101 215 13 35 53 52 251 39 180 159 9 8 229 25 52
    221 34 226 50 9 208 57 79 118 70 68 143 5 2 200 243 174 160 192 192
    73 175 225 12 125 105 123 93 55 72 222 122 224 202 203 42 242 78 176
    223 178 176 120 242 91 236 195 233 60 97 148 35 248 174 217 181 42
    75 179 186 16 22 192 128 203 247 4 243 98 37 212 137 30 88 133 123
    235 175 82 169 37 131 223 1 185 117 191 68 1 34 89 236 203 54 139 76
    62 131 198 220 96 235 253 10 40 75 168 98 83 28 36 57 162 170 117
    242 194 113 220 30 163 125 118 78 195 35 65 212 215 5 115 124 48 8
    125 221 252 31 139 253 59 171 153 138 158 15 155 24 126 229 97 91
    187 255 112 15 18 197 241 188 57 243 14 223 187 138 228 72 231 114
    230 94 221 68 248 40 95 230 189 2 95 100 157 108 173 77 0 218 190 77
    243 192 21 201 185 165 168 115 75 225 50 128 185 209 185 56 153 196
    52 100 210 231 191 34 105 50 255 111 89 22 0 82 113 62 39 97 207 134
    1 30 210 99 88 214 200 4 213 171 48 59 62 212 104 200 194 18 212 226
    132 238 158 47 70 249 227 192 85 144 181 8 136 30 224 37 48 213 121
    114 66 98 190 177 95 187 175 30 132 128 16 249 202 231 149 186 206
    211 185 238 171 91 204 148 244 214 2 246 49 146 147 139 6 83 235 229
    44 21 32 194 2 190 57 178 150 87 121 185 23 127 90 182 93 85 51 97
    146 30 188 112 163 115 91 123 228 180 185 249 40 96 240 109 29 246
    148 156 249 233 189 204 98 130 4 213 111 170 65 221 42 178 91 81 130
    153 95 2 184 62 252 21 88 206 176 25 199 229 173 125 30 147 137 149
    47 238 133 201 16 200 234 96 74 165 229 19 250 131 21 81 26 59 178
    58 136 72 216 65 35 159 226 8 85 148 219 77 214 155 245 118 61 28
    106 73 224 20 111 101 159 105 186 85 3 87 158 216 122 95 180 86 212
    239 12 165 181 142 128 44 113 248 205 138 132 246 21 218 56 148 70
    20 199 184 86 163 147 145 122 63 71 253 166 186 133 206 127 56 221
    124 150 1 3 37 87 75 186 200 254 169 182 216 104 10 8 195 137 61 21
    220 221 118 119 105 158 45 112 127 134 186 45 12 86 85 121 91 5 232
    182 218 28 48 206 144 125 13 164 47 65 119 206 67 105 132 96 253 171
    148 145 200 186 44 247 85 182 94 56 230 134 209 250 188 236 157 12
    160 8 53 230 85 83 4 172 201 128 140 29 50 139 144 141 185 51 111 59
    105 164 38 207 145 120 144 112 150 130 212 48 195 239 222 246 79 188
    196 243 185 0 88 105 96 132 161 119 221 161 71 28 231 224 201 47 102
    131 33 44 7 251 144 3 227 231 65 238 27 45 146 199 22 11 215 123 189
    246 160 203 244 182 78 124 243 219 85 119 49 153 193 222 73 168 149
    48 20 130 230 191 111 211 87 53 81 1 154 86 62 170 47 239 25 67 239
    15 42 176 99 201 176 218 206 132 250 10 65 67 232 97 24 44 185 52 32
    64 34 36 239 81 35 163 221 192 235 220 207 155 96 249 104 57 51 208
    65 204 158 195 78 74 21 19 174 86 117 145 103 6 110 6 37 197 44 181
    54 48 84 198 51 255 232 42 37 91 170 189 156 53 158 185 176 106 57
    120 142 116 207 91 139 219 180 131 234 8 52 30 73 168 200 174 250
    176 43 172 202 65 41 6 179 164 184 185 67 38 238 158 117 67 175 84
    187 240 215 161 140 121 171 140 110 39 25 245 170 6 182 25 218 14 51
    167 183 150 81 55 201 132 164 183 86 167 226 102 135 164 207 219 246
    173 186 139 34 130 66 155 218 172 201 70 4 238 237 17 160 190 247
    109 81 65 40 21 88 27 103 90 206 85 198 118 226 72 74 92 182 202 225
    167 179 29 127 108 226 175 76 191 219 70 215 194 210 29 54 46 52 43
    68 63 30 170 250 3 71 243 79 66 205 198 136 44 3 234 249 102 152 212
    46 85 250 175 78 101 50 3 65 52 253 197 81 202 49 126 177 138 28 49
    252 88 174 8 58 189 220 248 187 222 125 223 55 122 101 81 92 81 124
    160 116 55 228 204 7 50 136 227 108 122 19 109 58 211 82 104 219 142
    247 175 236 86 249 80 156 13 18 69 253 116 225 117 59 0 74 240 185
    108 207 169 159 249 175 187 71 58 52 125 131 174 13 236 221 18 172
    214 97 231 78 143 118 102 154 213 158 142 169 31 17 35 203 198 205
    10 98 138 224 181 58 83 225 248 241 60 161 55 199 124 132 239 3 206
    88 74 67 220 35 194 207 243 41 216 101 98 32 239 22 17 202 189 169
    193 204 250 78 170 133 19 19 70 123 224 44 104 133 42 201 22 2 93 13
    99 151 237 19 243 155 37 223 83 42 231 30 231 111 54 69 223 75 55 49
    74 19 127 69 10 32 92 122 60 110 215 61 100 13 119 113 163 52 104
    224 136 132 145 90 196 72 4 7 230 8 94 14 63 46 133 244 199 210 133
    133 242 192 211 139 60 211 235 198 119 54 66 155 70 219 212 27 220
    56 229 195 42 101 18 133 235 193 35 163 49 57 67 21 176 55 0 253 12
    160 121 64 89 191 239 133 102 174 201 127 43 173 77 57 179 105 128 8
    9 202 130 160 163 224 178 81 95 65 159 41 245 206 26 164 49 106 188
    53 125 179 158 47 234 46 123 179 127 219 183 15 41 118 93 113 145
    121 173 109 253 110 103 47 198 98 148 172 12 94 176 108 112 203 144
    223 239 6 74 180 138 82 47 193 19 242 142 135 22 123 53 73 254 91
    142 168 165 193 162 157 206 4 77 60 174 141 108 123 188 93 83 117 15
    22 117 123 76 121 145 129 234 31 3 67 147 191 177 219 90 243 47 32
    215 230 43 181 102 149 27 68 129 171 163 151 232 43 130 166 38 137
    52 249 120 98 232 62 228 217 88 192 211 97 216 155 154 30 187 249 83
    245 42 109 141 201 36 154 249 11 241 218 170 144 204 132 67 30 21
    106 123 37 203 42 92 193 145 3 116 134 155 96 25 50 20 101 224 53
    255 171 91 82 242 13 24 59 127 84 192 202 64 89 191 88 32 194 89 50
    35 77 131 201 254 247 101 186 235 1 206 145 161 227 95 50 65 211 200
    150 36 193 98 179 208 89 160 44 239 7 35 9 18 32 135 142 139 105 248
    47 228 17 240 27 216 101 236 99 168 254 221 189 16 242 37 27 163 44
    249 115 69 67 111 226 31 106 205 181 92 252 68 139 73 114 57 9 47 2
    117 242 65 50 237 210 63 124 207 56 31 58 50 221 157 83 40 157 95
    104 11 62 112 203 149 37 76 172 64 50 116 138 78 36 205 92 227 109
    130 250 108 201 113 134 175 3 215 101 251 86 67 19 176 249 202 189
    41 210 122 237 220 176 52 238 73 197 225 58 79 246 17 200 140 119
    126 33 231 191 162 4 235 162 229 64 238 13 77 27 190 28 230 25 113 1
    86 61 232 22 215 147 90 30 213 146 213 246 146 94 250 211 255 43 164
    191 51 93 189 162 40 219 211 167 105 197 174 200 121 27 193 92 158
    221 140 10 50 204 8 215 100 99 216 135 19 82 5 35 214 208 90 139 186
    189 238 102 214 210 154 192 187 194 15 252 42 153 182 191 174 231 32
    112 72 179 155 104 187 124 221 151 197 236 88 213 201 153 200 104
    165 181 168 10 85 46 13 154 238 193 175 230 5 135 209 217 144 151 84
    123 66 133 147 39 240 54 34 203 21 171 5 86 12 63 136 196 225 228 18
    213 109 154 51 171 17 63 46 12 51 107 101 255 46 186 199 7 105 140
    200 227 160 128 132 193 191 148 45 81 139 243 246 42 39 134 193 19
    218 49 179 145 190 158 21 133 46 89 71 61 99 43 166 255 134 69 14 16
    16 208 83 9 180 29 62 138 211 69 65 36 201 186 136 197 149 60 50 106
    214 90 156 147 127 68 225 76 139 206 174 144 247 21 118 7 187 139 49
    49 136 4 58 167 230 242 48 5 89 11 156 90 215 144 107 234 216 103
    253 5 234 213 136 236 107 209 118 130 151 175 84 34 125 169 226 19
    28 128 115 93 194 85 58 11 67 103 206 100 101 60 95 30 198 84 175 26
    110 169 207 162 228 157 148 6 34 211 218 19 104 255 241 81 33 25 18
    119 248 119 2 29 141 155 252 79 143 45 218 203 98 153 229 97 133 185
    20 18 42 88 55 151 117 61 32 195 25 180 116 33 240 63 147 183 130
    166 251 121 70 225 58 177 41 220 238 103 228 96 108 0 46 22 153 10
    127 192 73 163 56 143 218 87 253 32 12 17 103 156 175 230 143 233 56
    66 144 170 111 122 131 225 249 176 50 246 239 105 97 216 128 161 84
    168 79 193 22 222 125 196 81 55 172 12 78 18 152 235 235 217 128 32
    123 11 153 70 51 227 52 12 23 87 240 131 188 141 144 219 230 188 170
    251 206 185 60 253 108 163 247 157 34 174 4 189 179 246 18 149 246
    49 125 253 240 93 79 125 167 135 77 42 138 203 25 70 64 230 179 166
    37 23 204 2 68 196 174 52 99 94 44 212 99 82 175 199 78 5 210 149 66
    168 22 178 93 166 122 161 27 130 181 114 224 82 163 117 214 25 202
    149 89 29 160 31 49 112 194 41 252 69 181 5 137 227 167 212 247 227
    204 247 168 184 41 26 178 6 174 73 59 254 143 92 31 148 232 76 190
    47 193 199 231 177 88 157 24 228 208 195 251 18 219 104 239 167 141
    98 52 45 249 226 180 129 148 25 244 67 91 149 160 54 178 82 82 103
    75 40 249 221 69 233 246 252 235 32 22 117 202 254 186 216 134 127
    22 157 237 157 86 218 27 131 28 20 213 136 47 15 33 81 177 17 107
    189 37 65 65 239 54 122 135 44 215 28 218 108 92 138 195 37 82 59 87
    174 248 206 37 185 17 170 155 178 25 176 146 50 35 146 46 239 160
    222 252 105 208 232 72 159 7 190 216 156 96 51 35 24 220 239 246 202
    93 134 243 170 73 176 45 200 21 92 178 60 73 139 220 27 111 124 77
    154 82 86 123 64 131 90 2 123 10 165 220 35 62 13 48 127 122 31 8 2
    160 115 217 162 135 195 141 234 204 210 74 128 4 137 24 86 106 38 86
    238 56 148 203 23 207 234 43 73 251 84 137 63 100 12 244 239 155 237
    139 234 242 14 47 208 207 204 157 85 176 47 48 23 62 254 168 25 115
    84 170 18 78 214 126 226 254 41 32 69 94 210 163 100 3 216 234 96 41
    56 10 13 39 141 48 94 125 185 185 5 3 241 21 37 187 233 89 44 136
    226 225 81 6 135 231 55 244 177 35 18 241 113 120 228 155 184 170 20
    119 103 193 71 127 144 228 106 140 226 164 109 13 225 40 212 248 178
    38 125 216 7 125 243 193 80 111 132 27 52 48 252 234 26 26 249 11
    175 144 23 77 15 156 140 78 95 208 74 172 226 138 13 69 193 245 237
    179 33 116 202 194 136 95 107 33 255 174 127 211 220 93 218 91 247
    177 253 85 186 38 151 228 94 128 10 109 210 100 218 214 84 82 240
    130 209 119 62 128 184 188 46 158 63 204 114 110 251 200 93 154 166
    121 66 85 252 5 47 95 9 50 216 210 139 142 79 60 173 247 229 167 194
    148 210 67 16 48 79 68 204 219 98 224 113 26 78 248 122 15 173 186
    170 237 141 39 114 230 79 80 236 95 166 85 50 77 141 56 245 187 187
    156 1 250 38 137 245 211 111 132 106 190 160 113 59 142 109 166 73
    58 253 116 252 216 200 48 227 53 56 139 95 138 52 135 155 17 242 53
    87 1 133 184 229 142 111 117 92 173 231 111 233 127 156 50 90 63 111
    30 134 107 18 46 194 83 202 79 25 140 182 21 199 230 213 112 209 48
    161 200 5 227 6 21 198 161 216 244 125 196 35 11 163 128 147 164 212
    119 108 19 222 78 87 49 247 209 96 60 160 132 156 240 214 204 83 203
    113 246 121 251 34 218 11 224 95 22 12 232 159 145 195 31 162 87 26
    158 209 100 150 252 180 109 156 231 109 33 197 222 162 88 12 162 104
    61 166 178 168 179 249 189 19 68 208 159 187 241 91 169 85 22 17 108
    165 191 115 79 24 155 8 72 209 36 68 220 101 111 47 194 152 246 97 5
    167 114 230 195 154 75 168 201 149 66 173 126 126 48 188 113 18 213
    243 177 254 192 164 140 47 10 36 112 193 0 76 227 168 88 128 217 238
    86 14 143 234 159 169 233 58 13 199 78 83 32 192 97 133 178 210 198
    155 187 201 100 196 156 96 7 10 78 94 124 227 85 122 63 202 74 117
    77 194 68 197 183 220 131 38 158 216 213 215 87 215 90 165 95 169
    136 174 166 76 144 1 184 203 96 51 143 74 92 212 162 180 115 15 109
    177 43 139 179 255 32 166 119 255 45 28 192 25 249 170 52 203 67 116
    108 178 210 201 188 50 141 86 31 197 28 92 152 231 233 151 157 129
    109 251 210 252 89 188 252 108 199 195 199 133 153 109 44 218 141 24
    128 102 5 140 195 0 41 224 105 87 170 60 167 62 171 82 152 17 216
    225 193 212 208 69 33 47 239 170 204 49 100 1 158 222 33 84 156 52
    165 60 163 6 198 165 115 90 57 211 201 227 69 185 78 125 28 215 151
    163 109 133 133 165 77 247 70 38 41 197 221 4 115 200 29 86 243 88
    179 162 82 159 182 85 116 246 178 59 250 159 246 227 167 20 234 15
    99 192 73 223 163 129 19 142 70 213 136 191 22 122 210 59 62 66 149
    208 162 70 183 117 237 165 155 149 84 212 184 232 52 155 20 195 62
    217 75 10 82 186 103 255 78 4 69 107 225 14 58 120 114 3 106 47 171
    59 29 151 115 230 70 186 243 53 186 98 65 227 146 65 211 217 90 162
    233 163 76 188 73 184 40 170 89 76 107 45 219 250 159 235 126 174 50
    34 119 221 244 212 100 60 168 236 24 249 10 217 102 150 39 43 247
    176 71 164 201 119 222 34 124 137 200 54 32 121 84 200 251 240 35
    130 111 234 160 51 251 31 118 246 124 252 208 135 62 70 81 81 254
    205 76 120 110 36 6 119 75 39 14 2 200 245 159 84 40 42 130 104 196
    7 75 221 245 18 131 215 43 247 85 244 173 159 130 22 227 234 92 53
    105 19 40 208 40 151 168 83 194 188 188 51 222 110 60 183 254 212 9
    18 22 118 242 173 152 28 11 0 76 218 147 62 108 177 240 247 73 108
    70 74 226 5 6 113 204 61 39 105 224 31 60 139 244 235 196 238 18 76
    1 115 30 210 111 14 174 138 135 3 116 155 190 76 153 28 136 90 43
    240 114 184 231 72 189 193 84 50 76 48 113 202 251 216 155 97 196 81
    20 103 249 34 77 64 209 221 197 142 231 34 76 101 214 186 196 79 25
    229 212 222 63 243 106 239 255 71 213 114 141 80 24 159 43 185 39
    120 63 207 4 226 26 177 90 45 105 152 154 120 137 165 204 228 179 18
    173 253 59 219 233 182 39 219 109 166 56 123 3 100 234 25 245 116 15
    164 42 204 65 156 55 208 243 25 148 213 26 106 136 50 59 142 222 213
    54 9 56 197 103 204 110 195 9 239 247 79 62 139 218 73 241 102 48 8
    169 56 160 30 104 124 179 217 58 224 105 101 45 248 58 25 69 198 177
    215 99 205 16 232 34 239 155 212 54 58 249 69 102 220 180 142 200
    209 64 213 10 21 67 80 18 73 3 192 165 172 165 126 83 71 10 19 67
    189 56 40 156 249 91 17 247 0 132 243 206 244 37 37 173 102 253 219
    160 225 51 151 83 26 59 90 162 217 62 23 119 191 251 12 241 35 180
    89 223 178 213 135 144 242 98 86 12 209 211 88 57 13 215 199 59 192
    173 199 89 35 111 54 182 143 139 199 195 35 154 166 97 106 87 148
    210 61 251 96 41 10 64 41 215 167 144 246 245 243 119 80 39 118 107
    216 130 211 132 44 182 57 215 233 235 85 175 12 133 162 170 252 124
    199 139 190 6 156 34 172 154 1 241 9 71 196 218 210 123 15 144 245
    91 79 90 17 2 167 188 55 229 20 70 60 185 238 56 167 8 175 132 190
    71 125 255 53 178 15 166 62 21 83 185 43 33 192 73 103 76 160 179
    248 51 172 222 164 179 10 3 71 101 45 47 157 136 92 29 171 181 212
    210 39 35 30 248 108 184 208 147 174 153 167 112 2 23 35 40 201 237
    0 42 78 243 96 99 225 247 205 248 203 56 165 183 1 220 164 164 196
    130 217 253 13 97 245 181 236 98 122 112 5 229 143 97 169 74 125 22
    159 211 246 202 18 179 106 147 249 82 170 75 126 102 248 4 126 119
    184 211 67 67 62 24 174 169 61 73 169 60 91 30 125 152 162 100 216
    50 133 139 27 243 155 26 17 133 11 220 216 111 229 93 79 139 192 0
    58 130 227 168 229 58 64 209 109 19 106 253 18 242 100 22 171 236
    185 225 177 181 149 179 68 141 143 242 253 79 30 79 231 22 152 130
    149 46 94 162 245 28 0 17 177 81 242 202 146 245 25 70 253 12 182
    106 74 218 95 32 143 237 217 36 43 116 247 212 179 104 232 101 209
    195 34 214 54 218 86 218 52 27 184 240 68 95 60 127 114 249 92 140
    211 209 136 190 19 158 134 237 100 62 212 93 16 85 92 223 153 90 109
    56 132 117 142 218 170 139 54 163 24 82 234 90 206 189 19 61 106 150
    7 163 128 29 199 60 167 94 199 64 158 56 109 239 253 125 220 212 60
    218 197 150 2 9 78 10 132 32 59 78 19 119 92 214 14 166 50 35 150
    141 130 51 207 81 230 201 77 121 134 208 12 161 229 91 191 213 105
    112 138 107 233 76 254 237 172 217 76 177 225 76 75 189 42 93 249 18
    226 178 170 129 202 167 220 27 91 36 245 227 46 69 12 234 136 106
    155 86 230 151 178 86 241 225 77 249 14 129 204 65 11 162 24 236 60
    253 35 136 185 106 12 147 19 73 77 139 19 164 140 70 114 30 180 116
    78 253 70 105 4 114 24 232 190 214 30 218 174 3 19 60 206 80 128 254
    136 29 54 61 161 17 204 76 230 135 196 116 254 245 77 28 29 35 234
    75 147 30 79 90 191 168 180 87 125 118 228 48 191 178 142 216 98 70
    29 217 226 129 122 225 54 151 43 232 80 76 30 78 41 162 133 237 53
    226 197 224 240 153 148 55 44 46 93 223 235 137 56 245 64 215 249
    226 228 165 139 98 186 226 209 105 119 120 54 168 225 64 157 246 248
    246 184 4 166 244 232 172 21 27 36 225 11 171 185 107 167 168 109
    156 151 181 16 54 201 115 186 34 204 211 243 224 116 99 79 245 189
    166 63 252 43 64 92 134 118 65 156 83 117 211 191 159 201 148 35 31
    182 237 77 234 12 217 244 55 147 160 169 204 233 43 41 186 148 210
    100 126 121 112 81 212 111 39 5 42 122 238 167 172 126 228 141 184
    17 22 87 7 86 151 21 144 2 90 166 143 189 225 132 147 23 161 76 87
    91 113 0 135 62 120 231 211 146 135 182 244 33 118 249 191 55 203
    217 239 63 104 202 156 183 207 79 254 155 201 133 202 78 26 242 97
    161 241 54 65 63 125 48 153 74 161 18 214 107 210 220 134 213 166
    235 233 174 51 235 45 232 131 212 234 198 23 239 189 170 132 250 110
    254 146 27 69 7 35 12 5 50 230 193 141 211 85 203 160 205 227 133
    250 101 248 178 211 127 127 215 102 138 227 67 144 185 123 85 246 44
    221 155 228 233 117 82 49 42 79 216 106 62 110 58 46 174 73 200 255
    219 55 247 80 45 60 48 163 8 75 190 188 156 40 170 203 161 254 196
    151 76 122 72 131 214 149 0 116 118 84 240 112 201 56 148 227 130
    187 187 84 156 137 134 218 185 140 7 224 47 123 38 89 177 197 243 14
    54 134 251 79 102 251 131 202 215 187 9 239 196 123 80 96 128 63 10
    32 248 203 218 52 31 188 134 62 25 98 229 18 145 129 174 10 117 7
    238 83 42 60 85 140 233 246 81 65 167 17 28 67 41 217 92 217 146 37
    198 207 4 178 250 63 179 230 25 235 228 239 81 159 185 216 15 182
    108 129 140 141 197 69 72 102 124 40 140 126 202 223 212 158 143 248
    72 196 55 143 47 48 214 39 30 139 114 81 249 100 73 237 49 94 44 7
    152 123 81 252 225 93 87 15 48 23 196 105 66 231 80 58 55 181 101
    208 166 41 35 146 176 243 106 40 106 212 112 246 43 232 212 95 144 5
    169 205 2 227 30 161 160 77 235 209 25 185 211 232 75 211 144 137
    108 3 154 234 197 66 81 182 172 20 249 181 239 47 217 213 15 167 76
    92 52 173 169 179 113 252 232 251 119 107 193 54 255 75 174 158 218
    131 12 139 107 152 0 130 201 226 34 0 243 90 152 132 212 90 14 227
    45 245 111 166 31 27 113 150 171 183 238 243 253 31 82 69 238 190 98
    91 81 56 124 145 200 207 46 101 57 210 122 125 46 168 61 188 56 105
    114 159 28 27 123 84 222 51 205 78 234 13 161 148 95 86 172 127 83
    239 163 123 184 2 48 3 54 176 26 20 203 16 145 203 250 253 156 234
    124 137 70 86 73 128 242 126 199 239 181 90 215 173 232 43 141 165
    48 26 42 70 51 86 31 152 222 63 38 242 189 94 87 155 89 205 96 46
    219 138 187 150 64 96 228 234 123 131 15 192 31 26 128 231 180 151
    250 196 108 244 61 48 15 217 136 93 72 62 194 180 243 1 24 156 143
    250 198 243 197 254 57 65 180 65 170 112 89 130 155 8 157 87 163 50
    2 235 62 213 189 186 239 159 7 35 225 207 12 234 39 49 59 91 155 93
    225 55 137 135 157 223 28 111 120 240 171 36 104 72 253 197 132 177
    12 100 58 95 159 32 17 56 88 232 193 59 242 148 115 246 95 12 158
    164 202 54 83 143 117 32 200 146 147 157 37 0 57 56 235 74 49 183 25
    242 63 134 142 60 235 118 193 119 188 150 25 165 124 169 175 4 10 62
    5 147 159 159 51 190 122 52 113 67 176 85 46 60 170 198 168 28 86 74
    157 49 112 194 216 122 74 145 85 41 31 178 221 156 2 19 65 226 224
    31 128 54 182 238 219 96 155 82 139 25 231 53 117 186 55 187 10 193
    88 76 42 192 32 53 7 162 246 1 12 235 136 79 227 59 26 136 8 117 44
    104 112 199 241 83 254 246 38 193 26 226 242 198 154 117 160 66 203
    179 145 137 31 120 201 223 118 228 90 196 34 36 243 51 252 58 63 161
    200 41 172 150 229 39 119 27 21 53 140 98 107 109 206 148 59 225 69
    153 172 111 166 40 104 134 165 163 238 196 116 98 140 154 250 165 18
    173 123 109 78 151 36 195 128 254 77 252 19 53 51 99 24 115 221 25
    86 242 66 153 92 168 147 236 31 245 34 123 44 47 51 148 108 54 122
    72 217 43 28 172 80 248 189 230 30 139 8 189 190 51 69 220 109 148
    199 224 161 135 158 234 39 143 60 171 178 87 214 1 201 83 36 161 68
    26 17 176 26 106 210 112 201 92 98 190 17 33 152 116 105 75 136 182
    174 203 99 142 2 122 125 136 10 121 167 91 69 242 42 86 160 20 58
    201 218 158 45 185 163 153 254 234 31 21 11 14 158 164 27 244 203
    190 61 218 164 45 222 239 221 14 82 57 83 172 241 161 3 132 23 209
    46 137 191 68 93 179 156 222 66 139 9 202 5 227 86 162 157 18 86 107
    63 207 158 196 51 107 240 136 233 112 16 219 24 84 112 240 29 188 62
    155 67 234 125 159 90 70 139 17 38 6 117 166 179 51 80 38 37 211 151
    69 23 189 215 97 187 151 178 84 110 119 141 61 1 48 234 98 93 140
    165 113 9 207 141 120 9 21 6 166 116 135 125 48 163 38 212 198 61 40
    93 104 241 233 4 218 178 108 44 218 35 211 253 182 1 215 190 255 214
    252 75 93 141 213 104 136 61 149 217 94 213 192 128 47 35 44 255 205
    60 192 182 172 151 234 0 162 235 92 102 89 87 130 220 54 49 9 31 29
    172 130 6 20 135 229 90 49 54 112 244 107 237 138 23 220 225 155 167
    228 80 103 160 233 215 245 162 242 87 252 229 41 136 114 68 224 147
    61 16 83 77 23 25 239 202 252 124 175 35 128 53 254 232 18 110 185
    181 58 55 45 55 214 55 158 27 86 103 241 134 18 104 86 121 108 76
    232 182 62 128 222 222 98 80 233 16 11 197 111 115 67 41 172 241 170
    97 28 132 122 45 17 198 121 41 100 66 163 24 204 128 225 119 254 45
    182 77 145 41 169 82 30 109 185 163 12 53 251 84 38 226 11 196 146
    237 173 10 142 203 180 82 161 0 21 216 248 232 226 255 15 219 134 37
    6 128 21 49 138 137 21 34 79 185 150 97 208 23 11 93 125 139 118 167
    173 146 143 40 217 239 75 110 152 106 116 18 166 209 33 164 137 187
    36 247 68 181 213 89 252 39 215 146 203 73 255 62 108 45 220 142 231
    114 213 196 122 125 39 213 193 152 246 104 71 163 230 212 12 183 104
    222 196 239 72 169 204 172 122 138 175 54 250 163 255 240 69 174 243
    5 178 208 151 28 13 135 54 165 26 116 72 122 46 82 86 46 105 119 13
    113 226 93 122 231 142 26 85 213 41 207 1 56 206 54 37 101 217 108
    167 154 219 67 30 45 9 212 73 232 253 64 217 177 83 106 34 238 120
    192 89 219 73 58 100 203 65 196 32 153 91 66 103 176 251 112 148 227
    190 48 82 236 114 136 129 239 83 141 11 92 246 103 200 39 249 44 212
    76 38 11 137 125 253 178 132 191 249 172 101 106 223 5 220 252 118
    79 235 215 68 126 41 66 20 166 144 101 233 204 244 102 225 98 162 56
    95 132 202 179 95 62 102 41 87 225 214 55 0 191 23 44 200 115 240 30
    191 201 36 155 196 87 118 21 44 71 62 170 43 193 152 244 208 168 86
    119 122 147 11 37 205 112 59 219 14 18 81 11 68 252 47 161 122 125
    35 218 80 122 61 236 206 27 236 109 16 205 193 230 49 37 103 87 137
    72 61 204 148 96 234 147 37 242 250 84 233 113 252 91 80 179 168 74
    48 70 210 33 252 55 145 177 171 183 34 32 89 243 167 53 98 131 187
    69 169 4 72 182 0 117 211 25 194 120 68 68 244 251 40 230 198 111 72
    122 241 160 248 250 212 239 214 125 121 90 175 97 164 180 164 150
    255 137 96 71 197 220 248 174 192 0 203 132 78 176 36 138 27 151 148
    9 83 23 216 179 230 83 45 198 85 23 55 105 108 195 68 64 22 210 221
    55 246 61 165 56 85 70 33 227 236 184 88 155 105 246 78 95 46 165
    219 52 208 85 51 148 165 168 162 117 139 210 227 103 88 174 153 19
    169 68 211 190 230 196 102 216 80 141 206 47 226 152 64 215 13 78
    159 33 201 243 86 137 173 231 189 212 116 49 196 224 1 112 162 0 48
    122 221 57 154 218 84 123 70 250 220 213 25 150 61 174 140 142 253
    150 113 131 114 81 82 218 135 218 58 87 229 139 189 141 224 162 114
    112 193 180 9 88 10 152 209 17 242 1 209 47 55 30 192 173 247 195 23
    251 106 79 252 41 249 73 36 101 255 0 4 145 174 217 95 223 217 147
    94 121 92 219 225 195 13 210 252 143 96 136 65 108 41 6 141 173 185
    98 245 245 10 253 149 172 146 94 175 162 132 48 182 137 222 28 31 68
    201 146 141 97 212 120 209 168 15 2 174 20 128 155 253 198 209 67
    152 49 51 109 146 187 89 198 151 107 221 117 109 163 194 189 147 56
    236 240 95 153 75 207 219 56 69 5 240 121 154 232 135 240 92 90 103
    216 109 83 222 177 243 29 159 222 214 143 20 174 168 164 248 77 80
    108 138 33 254 88 151 74 228 26 92 136 56 79 112 184 168 189 8 230
    76 216 225 124 216 67 61 241 222 227 226 136 205 213 140 36 141 82
    95 158 109 60 202 24 245 17 171 61 120 128 245 107 10 107 154 65 7
    156 147 183 89 163 113 174 249 63 135 223 108 18 118 168 244 218 18
    63 156 1 209 166 63 70 87 26 254 226 215 186 164 41 68 207 183 115
    79 73 115 164 224 33 130 4 195 89 199 117 52 25 220 180 156 96 90 52
    165 26 170 148 136 93 82 48 128 216 4 18 147 182 69 10 164 34 250
    195 103 218 124 211 244 52 186 208 167 190 225 94 102 25 13 127 241
    158 113 115 101 142 106 131 139 70 8 170 112 70 63 91 136 46 40 131
    108 77 132 53 237 48 223 109 134 251 219 112 16 17 98 155 22 232 206
    30 163 12 237 59 10 153 34 37 39 83 27 104 169 10 213 4 40 5 253 79
    48 64 104 2 21 253 69 2 151 152 27 202 44 184 115 104 133 252 142
    139 128 67 66 33 207 53 134 16 167 148 62 114 18 127 13 23 79 214
    225 66 109 180 126 78 82 138 103 80 138 75 213 244 249 135 121 161
    29 219 6 234 60 125 185 107 214 174 97 197 1 244 141 59 208 107 142
    252 122 233 49 51 247 205 43 231 235 151 202 33 236 124 170 149 82
    198 208 69 20 173 41 70 75 8 47 23 0 19 138 14 148 11 57 186 202 11
    58 157 48 243 30 226 104 57 136 190 191 110 99 219 79 85 122 7 184
    135 244 244 212 209 145 207 112 118 162 1 186 255 8 6 113 181 154
    215 178 255 222 100 53 21 121 91 174 84 202 87 135 139 44 108 16 103
    13 231 154 38 55 123 139 65 9 180 17 64 102 221 22 159 137 27 190
    152 1 153 15 149 151 89 36 14 161 233 197 128 127 26 106 21 208 194
    132 232 48 35 122 242 57 31 171 190 46 159 235 113 236 253 249 6 124
    166 130 126 13 93 196 150 226 141 136 204 159 127 5 57 101 103 9 145
    254 138 128 206 130 173 236 151 64 181 149 225 155 186 3 227 193 29
    53 62 15 159 55 31 141 223 178 163 92 223 104 75 130 30 219 54 113
    187 121 156 29 224 62 254 53 164 255 21 4 198 19 112 168 97 170 182
    157 176 114 59 86 230 140 236 173 20 100 243 21 199 221 201 164 29
    215 232 241 104 250 55 38 88 118 51 110 149 88 126 185 195 56 185
    170 73 244 12 224 120 122 126 62 53 55 25 151 4 167 250 209 76 233
    226 174 175 80 104 106 88 243 238 139 112 240 71 105 14 214 12 34
    232 136 209 238 194 238 61 238 41 120 20 219 79 137 98 170 73 253
    213 233 9 197 127 149 217 96 40 88 163 126 103 173 59 237 157 51 138
    71 149 72 11 239 130 13 141 45 166 235 135 126 232 82 118 123 191
    245 121 54 169 168 134 68 194 148 230 46 158 64 186 206 43 157 160
    62 23 99 26 173 233 221 189 222 142 50 111 28 108 249 213 245 143 69
    247 118 250 44 36 218 7 112 177 55 36 36 131 248 37 4 247 102 223 11
    88 90 90 126 193 235 162 103 45 169 142 132 85 128 145 247 153 232
    197 93 226 129 103 152 36 106 210 60 170 19 234 81 199 104 144 122
    30 24 145 130 161 201 58 172 223 6 129 139 35 26 151 184 191 23 231
    130 97 224 54 14 79 143 185 117 117 212 228 53 156 116 13 172 19 232
    69 243 148 12 255 180 236 174 39 24 50 254 201 165 133 176 235 172
    75 15 248 207 213 189 190 32 164 150 243 227 234 49 226 44 53 220
    197 15 117 86 116 214 176 52 17 12 58 236 81 103 54 80 135 21 22 246
    200 156 49 137 78 203 107 207 55 35 17 231 223 109 246 98 112 88 16
    28 191 255 93 14 4 163 202 252 153 136 223 72 144 102 88 21 41 73 56
    9 249 162 71 238 4 120 10 95 217 161 222 18 23 234 217 61 199 98 255
    165 26 60 32 146 198 232 222 199 108 18 39 169 230 234 11 162 227
    218 239 50 13 1 5 34 74 10 50 79 77 74 34 203 237 195 209 95 67 210
    68 113 29 15 104 13 149 133 226 1 66 247 44 241 117 23 114 154 120
    112 49 47 62 145 185 121 205 58 112 128 120 123 156 241 245 192 240
    18 42 179 156 150 37 41 28 85 215 2 43 193 29 156 56 123 51 207 9
    243 212 42 141 38 114 86 237 238 153 195 35 249 143 227 97 210 66
    134 156 140 130 176 73 204 15 158 123 98 191 241 190 218 26 114 115
    72 211 166 39 146 56 228 62 199 25 44 57 18 160 166 166 165 23 72
    254 253 105 43 27 232 199 134 253 239 79 3 19 63 228 180 47 18 50 70
    23 202 247 203 254 172 143 18 150 136 207 177 252 31 215 50 6 199 54
    217 212 21 226 166 153 175 20 133 83 94 50 67 238 197 235 57 17 52
    124 247 214 90 86 51 28 232 39 1 53 67 254 234 49 17 22 101 129 31
    114 18 60 134 105 245 21 146 175 159 197 209 127 91 51 0 114 19 16
    54 207 165 101 141 203 124 117 95 70 220 235 16 121 32 49 65 181 189
    169 209 214 35 193 27 6 130 97 179 56 96 123 161 138 74 194 160 112
    200 247 14 152 42 165 215 225 48 216 21 32 82 213 69 66 109 38 132
    166 188 182 28 233 130 23 135 239 90 186 105 52 52 67 158 227 219 34
    203 52 170 186 8 55 211 228 142 89 131 158 93 175 154 116 10 79 117
    57 116 173 174 48 51 129 42 187 216 10 98 34 120 121 173 226 159 164
    159 54 69 25 215 69 152 217 31 46 95 243 133 46 48 133 116 183 154
    12 252 173 176 89 132 64 108 209 225 238 162 34 243 16 50 233 103 13
    230 45 251 152 166 184 41 69 242 157 60 171 91 76 18 179 186 75 176
    170 4 244 151 88 240 32 206 203 111 61 195 157 209 121 85 22 195 200
    221 248 77 150 242 226 90 31 225 51 159 58 36 217 14 182 133 37 66
    99 163 92 94 57 101 79 224 207 26 199 243 118 141 154 127 228 102 45
    205 89 130 105 64 180 75 101 100 49 186 253 87 5 13 33 87 105 140
    246 227 56 240 66 218 19 84 90 164 94 133 94 70 239 194 198 206 5 8
    52 182 242 254 224 214 132 16 159 69 163 220 116 252 114 252 131 133
    159 170 165 198 231 18 14 90 239 190 86 37 244 208 94 221 74 205 195
    64 74 77 234 75 2 91 14 135 251 26 221 114 192 119 206 76 125 144 2
    192 106 4 56 111 7 49 45 130 93 109 76 212 156 63 102 89 251 106 218
    157 45 111 93 116 55 108 202 58 221 210 33 238 6 91 67 151 245 154
    58 18 217 128 48 109 17 61 205 4 170 251 178 119 42 150 206 135 203
    34 141 74 200 158 158 57 24 187 28 179 21 133 65 158 110 128 225 74
    146 54 2 230 149 150 187 253 54 153 69 186 80 107 78 43 190 172 225
    161 111 234 94 85 216 201 169 224 238 128 161 174 136 47 153 107 133
    37 45 141 145 240 87 117 189 41 13 204 120 247 244 222 77 89 172 93
    73 200 107 185 4 54 119 73 113 251 85 215 128 50 165 73 13 22 76 1
    148 40 29 198 94 217 130 97 205 36 107 183 130 158 108 158 14 173
    101 213 31 160 247 103 112 148 40 17 168 189 94 201 252 239 6 254
    202 119 93 141 92 106 5 204 85 72 17 230 158 117 104 150 129 103 140
    38 225 93 28 208 134 61 42 81 172 59 58 63 30 221 98 155 197 78 17 5
    89 130 76 181 1 136 54 252 71 181 199 16 134 208 243 59 125 150 105
    210 21 66 56 104 254 22 246 58 27 110 19 150 179 189 40 218 127 157
    136 239 40 192 12 206 109 161 238 236 67 212 97 163 99 10 39 65 200
    234 86 185 176 119 150 160 105 212 51 30 53 110 187 210 72 125 69 75
    58 125 59 49 219 70 4 56 142 71 52 159 233 184 250 209 224 100 6 253
    209 113 1 250 89 29 222 194 208 221 92 229 155 134 143 178 134 244
    56 161 9 160 234 252 159 211 155 83 213 171 79 152 6 190 14 181 58
    163 60 237 6 235 86 194 16 252 207 192 225 90 254 58 193 201 108 187
    255 135 249 59 177 184 215 12 70 63 145 18 182 179 210 83 85 181 133
    93 178 211 140 165 180 202 220 208 208 241 216 109 162 125 182 252
    120 235 25 183 18 247 169 84 8 15 44 248 62 76 154 128 214 21 109
    117 242 237 19 242 225 161 56 154 219 148 238 165 250 141 84 30 225
    111 163 163 223 205 110 54 159 32 129 74 250 148 146 28 248 9 28 239
    34 95 176 254 99 59 234 104 247 134 116 42 106 174 68 157 253 51 99
    121 151 88 191 150 163 3 155 109 153 222 193 153 13 44 152 100 88
    161 71 203 122 168 101 250 86 124 69 131 118 152 198 219 242 103 13
    183 12 116 101 47 73 124 77 246 147 26 4 18 128 239 116 43 186 74 40
    237 222 227 98 150 186 129 151 39 136 8 177 209 150 128 19 167 208
    115 190 209 33 57 110 122 127 109 233 58 204 123 112 3 72 114 153
    242 192 32 62 180 211 63 152 11 254 231 86 32 181 166 220 17 182 180
    253 132 209 158 231 40 29 188 220 57 208 18 44 42 17 86 75 10 13 19
    78 88 104 77 153 246 228 189 37 13 6 41 38 166 145 189 148 52 19 150
    235 82 85 82 231 225 194 215 51 51 169 122 68 240 47 12 90 247 119
    123 201 236 78 82 195 196 216 49 69 239 92 106 240 93 122 2 48 217
    79 112 243 51 83 57 254 41 13 8 231 169 217 4 15 183 220 252 158 3
    207 212 166 171 146 71 68 35 83 96 186 123 6 189 39 39 72 228 27 178
    219 243 14 210 120 86 127 212 222 71 164 222 252 161 231 199 7 14
    155 55 138 37 14 32 167 207 243 219 197 85 2 226 243 47 8 132 152 17
    212 98 124 23 135 243 79 200 181 8 76 139 40 99 32 23 154 125 136 27
    254 143 58 11 215 228 45 176 165 152 22 69 150 218 92 131 6 139 17
    104 169 58 79 95 220 104 73 233 202 134 251 202 202 66 226 240 229
    166 54 205 133 233 158 250 183 79 62 85 112 226 83 70 234 160 17 188
    90 116 179 183 127 254 134 27 233 98 21 163 132 143 30 206 84 192 82
    174 147 163 40 76 222 144 16 3 154 188 39 135 158 186 91 66 242 89
    178 144 124 100 167 114 217 123 58 157 95 78 195 227 232 98 200 86
    42 46 9 214 88 168 179 73 57 127 84 216 9 78 255 238 21 243 36 207
    181 30 96 115 202 71 11 93 238 154 203 201 157 14 170 169 101 126
    157 216 151 191 105 245 231 21 112 187 152 101 173 196 65 184 75 228
    52 253 166 118 112 109 158 195 170 188 33 202 83 6 207 204 131 19
    248 201 109 176 20 79 89 96 182 221 19 206 248 106 188 248 21 91 152
    239 11 204 139 250 218 36 106 160 132 53 1 133 10 175 200 80 253 206
    247 7 24 87 83 123 134 184 145 194 211 76 158 164 34 241 126 178 101
    174 53 247 214 10 124 218 39 101 108 107 19 76 209 157 248 236 112
    163 242 254 30 56 10 105 217 249 181 228 254 149 253 104 58 1 52 2
    153 34 151 21 209 113 18 8 58 7 27 2 48 148 243 135 87 14 173 123
    126 213 140 20 64 86 0 86 238 163 11 203 52 16 209 169 65 75 32 157
    98 167 8 194 119 160 141 166 255 182 7 200 179 51 85 126 142 62 88
    197 121 45 23 69 100 235 162 209 100 109 0 66 35 174 55 85 251 23 34
    223 43 11 3 72 160 87 101 61 174 19 13 109 96 111 122 244 56 37 58
    184 203 64 133 4 146 250 221 1 4 117 226 8 63 159 228 153 252 41 162
    173 233 172 209 136 219 242 197 91 152 45 56 147 108 12 58 75 43 32
    105 160 26 191 19 199 27 20 160 60 16 166 184 33 244 194 40 82 228
    51 187 115 149 7 41 223 238 236 109 59 19 76 228 139 80 134 164 26
    32 252 181 191 41 52 82 3 205 168 96 51 14 84 185 136 188 14 3 116
    70 171 170 251 164 114 160 59 177 140 1 107 135 36 217 24 89 161 152
    30 234 58 91 61 216 58 154 250 178 102 111 101 221 78 226 179 199
    148 22 110 117 139 211 27 217 211 189 249 102 4 186 159 139 89 63 4
    68 1 51 246 162 196 85 139 90 179 0 223 4 102 166 213 89 109 47 133
    233 201 56 123 59 234 202 175 141 125 132 154 93 136 229 109 165 230
    108 75 141 99 159 20 237 150 144 210 230 15 86 244 60 198 76 89 116
    209 92 3 4 135 196 72 53 146 34 245 97 156 127 139 197 206 10 46 144
    108 35 60 104 204 115 112 55 105 123 116 43 103 23 224 10 14 89 74
    202 146 172 85 44 136 80 45 137 186 182 95 158 128 238 50 224 215
    192 76 191 183 135 228 189 220 202 243 50 198 104 65 9 247 115 53
    114 211 180 177 252 235 184 139 238 216 210 215 120 64 48 114 57 159
    162 13 188 71 175 65 227 107 19 46 232 16 10 4 47 154 180 34 65 243
    41 176 198 48 92 17 221 187 4 208 73 105 14 89 124 111 246 119 215
    81 157 226 116 199 8 145 51 42 198 96 124 201 64 193 238 193 206 173
    49 58 11 196 232 141 139 114 11 174 135 219 143 155 99 247 130 44 31
    212 255 194 81 43 209 243 13 34 243 71 70 92 76 187 100 6 170 163
    140 69 89 77 210 23 139 231 120 198 84 109 146 60 32 6 34 6 162 118
    79 34 2 195 203 57 213 221 34 29 189 189 156 198 34 126 67 69 140 24
    97 137 17 162 231 215 124 251 31 226 96 161 98 8 187 102 41 10 40
    244 126 224 51 161 19 189 156 151 90 231 60 21 233 56 4 20 110 150
    27 56 54 118 187 132 85 30 188 75 82 134 181 4 47 243 167 41 116 177
    188 248 143 206 239 227 40 193 164 242 221 195 2 87 44 205 136 174
    206 64 228 42 255 239 235 29 130 186 95 170 54 136 223 159 66 32 233
    42 101 234 218 79 43 174 169 119 132 71 0 29 239 216 48 43 232 89
    189 154 242 62 36 79 3 203 93 159 162 204 167 169 187 246 24 107 121
    132 237 90 83 171 35 161 52 102 63 0 31 142 14 170 235 4 102 71 59
    71 160 192 204 27 144 118 240 240 95 142 163 47 245 231 119 23 45 12
    224 228 13 217 74 67 252 56 1 115 145 217 90 94 169 59 228 67 59 15
    19 172 136 82 253 64 84 227 36 55 184 220 11 252 210 42 147 53 116
    200 102 239 245 133 8 2 172 211 148 151 96 139 248 50 19 71 57 251
    165 133 211 13 150 184 42 6 188 141 95 141 15 39 202 128 25 230 200
    226 99 97 223 225 243 220 170 240 49 238 243 28 30 94 20 118 39 193
    166 210 100 152 79 122 142 83 236 187 21 146 24 82 160 76 218 182
    147 255 36 187 111 149 197 156 110 241 76 140 86 50 119 206 117 128
    86 100 139 219 15 28 251 248 6 75 63 26 138 41 103 184 205 205 129
    27 250 233 236 53 185 96 239 152 14 47 147 197 82 4 178 91 114 98
    101 172 236 22 1 244 59 16 41 223 45 236 3 172 236 169 246 203 135
    75 59 115 127 157 136 146 77 61 61 200 228 212 0 72 55 192 103 15
    185 66 190 148 237 120 179 21 67 133 86 43 84 90 114 239 111 143 24
    88 158 152 240 172 64 171 186 192 118 86 248 131 2 145 17 131 2 177
    58 9 150 40 86 13 90 188 236 44 50 238 42 229 14 26 169 199 133 195
    90 9 76 83 128 46 86 227 255 153 159 247 42 104 254 46 231 60 174
    122 185 205 198 30 145 191 208 100 202 196 195 100 216 253 56 36 61
    12 67 142 85 63 125 186 182 133 65 48 111 29 230 37 170 127 123 109
    114 9 200 72 224 51 176 96 73 117 165 245 223 114 139 135 21 214 244
    115 220 34 246 192 25 86 174 221 248 64 96 55 195 56 226 118 171 149
    121 54 85 144 254 21 79 200 128 95 16 110 67 113 80 228 190 114 41
    57 69 107 38 109 43 46 101 148 71 173 59 91 207 252 182 160 238 83
    83 34 106 97 33 100 60 5 89 156 170 137 93 83 27 18 87 150 176 103
    227 120 1 176 20 64 56 126 88 62 147 126 48 54 234 244 121 169 168
    116 156 242 102 162 233 20 92 109 75 221 129 92 40 238 39 93 176 123
    53 202 116 164 145 223 190 41 235 170 18 142 226 204 35 165 246 169
    4 49 202 87 150 123 167 51 17 114 97 216 150 17 49 223 13 172 117 39
    248 139 195 211 150 35 16 189 128 68 168 127 151 159 230 161 14 63
    173 140 138 97 152 47 137 215 12 3 194 205 184 6 184 65 125 80 152
    106 27 8 145 55 192 180 207 207 138 145 37 34 1 185 58 39 125 118 50
    222 187 145 152 152 120 233 205 210 114 28 214 37 219 222 214 131
    113 47 41 99 48 90 156 113 85 137 244 248 30 213 191 220 180 118 181
    66 26 190 90 52 122 202 37 92 131 245 145 109 55 173 61 102 76 144
    46 43 129 23 120 55 254 154 102 134 180 90 62 88 109 212 35 196 156
    180 241 184 148 168 224 2 200 195 187 141 134 87 14 23 240 58 211 85
    157 183 118 33 106 196 129 210 45 245 143 142 104 208 164 247 40 30
    223 252 210 160 93 69 40 64 190 227 60 218 89 69 108 108 132 38 148
    55 238 72 78 58 146 43 186 69 45 112 151 25 194 102 252 6 107 20 40
    52 139 107 145 62 64 178 13 0 173 20 228 102 212 253 135 231 62 84
    107 221 91 86 140 211 61 93 252 199 107 144 17 63 251 3 204 53 111
    218 111 95 54 107 83 121 42 15 142 14 248 175 102 98 248 0 53 42 127
    201 229 1 70 200 20 183 55 248 83 75 27 110 87 121 82 189 175 22 84
    217 236 85 182 214 247 228 44 126 211 67 75 187 234 250 114 255 211
    148 187 150 112 12 133 109 7 215 188 220 111 29 117 195 131 171 83
    137 18 54 95 147 147 33 58 215 145 226 86 29 195 135 103 201 214 37
    252 84 70 102 115 55 82 96 178 24 34 255 42 76 23 8 169 107 27 185
    64 34 36 20 40 124 232 227 109 79 120 48 235 231 62 108 124 125 250
    119 223 152 203 248 85 148 75 143 197 128 126 157 110 233 44 38 27
    52 210 118 3 112 6 14 75 151 135 245 115 159 220 247 105 217 172 147
    193 50 6 198 211 161 145 38 140 244 56 206 255 82 166 8 170 23 83
    229 82 239 158 162 75 86 81 4 205 155 179 33 75 58 231 185 25 159
    182 207 69 234 21 208 31 46 219 226 14 139 207 202 238 88 80 211 139
    201 196 138 27 201 191 147 106 75 121 28 82 80 67 211 32 103 123 152
    91 236 112 219 209 185 18 36 210 207 209 173 199 102 57 165 250 67
    132 98 97 218 50 138 78 145 215 37 149 82 210 175 70 12 132 3 132
    213 160 179 231 45 191 165 240 104 65 42 4 40 237 229 66 240 178 147
    168 149 27 231 125 187 133 213 15 156 153 42 188 81 25 208 207 64 44
    82 1 163 135 151 129 248 67 196 243 130 113 166 227 135 50 198 13 69
    202 66 67 192 255 42 33 232 152 14 30 60 143 245 82 177 97 229 176
    50 177 190 112 122 69 209 220 248 138 101 68 236 189 222 57 76 253
    140 5 41 101 72 235 211 195 107 210 20 163 5 98 106 154 65 80 111
    193 106 144 30 232 29 93 180 216 91 239 71 26 252 236 232 185 151
    231 62 226 184 30 117 36 141 80 33 98 50 41 129 69 38 132 112 156 17
    49 64 56 229 57 94 40 10 239 248 81 72 123 197 34 91 28 153 32 9 56
    15 192 28 17 23 5 109 203 166 46 123 180 241 255 247 191 190 55 253
    138 170 111 92 220 186 210 104 12 113 69 12 231 96 213 46 33 156 232
    244 249 87 0 23 248 181 205 211 229 10 190 241 202 181 97 67 189 45
    64 194 155 55 12 3 79 98 126 107 36 251 89 207 84 200 187 251 239
    209 140 233 1 223 156 186 108 88 23 176 14 101 165 255 19 148 190 11
    63 168 73 249 90 119 213 179 18 140 97 20 111 193 203 27 236 6 216
    23 129 206 37 232 33 34 52 145 116 51 121 20 154 83 252 65 156 77
    240 254 180 35 199 92 251 235 25 195 75 44 2 58 101 39 221 102 213
    16 251 76 180 189 123 249 231 76 36 243 196 251 238 47 40 0 182 11
    210 219 126 207 172 2 0 190 41 228 146 126 179 210 78 86 36 24 90
    151 79 152 104 229 50 65 50 255 254 2 241 192 45 55 140 129 157 207
    252 47 54 188 108 81 4 7 219 10 191 81 54 9 92 237 67 142 183 192 4
    102 216 83 180 17 197 171 141 178 37 248 155 241 201 116 78 87 25 54
    252 31 51 103 150 165 215 0 90 142 114 225 82 123 125 84 132 83 100
    119 49 202 161 53 179 153 88 87 110 61 245 27 202 101 27 241 145 151
    65 219 74 60 170 156 176 205 202 78 201 205 178 55 129 190 111 251
    241 85 203 24 189 16 79 44 70 221 29 157 140 71 238 30 246 196 201
    46 135 81 149 193 213 112 244 83 240 92 82 167 81 8 162 19 51 222
    187 147 133 59 219 149 214 85 146 175 242 152 228 115 139 203 226
    171 176 218 41 155 94 223 50 55 219 10 247 114 209 16 69 16 244 68
    30 99 29 253 171 251 185 247 218 25 31 38 238 210 21 1 191 216 245
    24 151 189 122 108 7 37 122 188 28 235 1 231 240 1 168 118 251 241
    98 117 239 167 70 1 133 231 89 173 195 61 3 93 23 215 25 166 131 119
    11 12 27 125 249 217 80 107 115 252 11 203 17 59 118 129 186 196 138
    141 171 52 208 72 43 170 214 131 28 1 98 249 198 120 254 137 104 250
    51 71 19 176 70 199 169 53 147 32 170 69 85 225 116 35 178 187 45
    165 185 44 143 230 54 126 151 57 222 153 151 20 129 225 231 147 95
    168 250 253 115 146 181 225 139 231 80 113 79 149 200 52 37 209 230
    85 223 220 47 33 91 189 118 132 36 44 113 249 79 121 205 191 51 176
    68 72 72 38 94 225 94 198 71 168 29 28 49 16 18 131 28 70 74 170 238
    132 1 64 96 89 43 2 170 239 242 21 187 162 28 123 193 115 90 43 220
    97 45 152 195 66 204 221 117 169 90 145 82 169 242 159 233 36 23 191
    186 58 159 210 165 245 1 43 2 207 235 135 43 104 118 139 213 202 75
    11 84 136 14 138 204 7 234 250 5 117 60 95 106 89 41 177 58 162 161
    246 153 176 30 236 83 183 78 180 57 116 93 230 243 123 120 164 52 99
    212 204 99 109 242 139 123 6 195 209 147 82 26 229 42 241 139 166
    191 227 58 135 246 144 225 195 12 84 139 97 49 241 216 189 92 127
    101 129 21 185 244 125 61 183 199 240 162 2 209 77 36 216 137 93 128
    28 74 82 127 79 31 62 165 99 4 113 50 106 141 182 73 184 125 209 39
    160 42 144 9 0 88 26 196 120 119 85 138 73 38 60 217 35 198 67 105
    77 85 138 207 91 212 106 150 134 226 241 99 112 103 227 146 3 109 93
    3 29 22 252 140 8 107 204 138 80 100 15 25 209 64 173 164 211 120
    145 242 96 238 5 127 113 108 67 214 241 33 142 20 244 228 194 102 88
    21 34 46 244 28 228 223 113 238 227 162 55 111 8 129 64 193 212 145
    60 107 235 4 85 155 216 76 11 56 56 91 241 78 24 11 213 84 62 19 18
    251 106 30 171 234 92 219 255 118 245 5 7 151 20 78 68 224 181 251
    60 86 72 135 189 22 7 143 16 141 196 135 187 250 220 17 219 34 69
    135 190 140 101 210 136 113 83 179 11 128 168 194 83 126 179 156 15
    119 13 196 194 34 55 74 20 248 115 116 188 54 91 26 67 5 236 86 73 1
    77 248 168 114 194 215 209 134 15 136 144 226 102 200 176 68 3 99 53
    9 86 75 185 137 250 50 119 236 160 70 114 150 115 168 116 88 61 2
    228 255 127 151 143 38 61 70 151 81 103 252 121 54 220 112 215 129
    52 38 7 126 157 117 194 244 168 112 237 70 12 91 136 254 122 199 68
    249 254 22 173 147 135 121 225 94 71 51 59 38 179 97 159 37 7 219 33
    179 178 250 58 234 196 199 195 196 166 187 69 82 80 232 242 234 230
    239 203 24 182 206 44 147 75 41 119 88 207 135 46 40 15 41 22 218 37
    110 102 224 11 20 47 39 40 212 230 44 186 16 231 32 248 80 207 29
    124 15 89 163 213 198 227 222 110 220 155 175 51 255 138 201 212 41
    246 127 175 44 103 160 113 147 118 45 38 32 1 254 22 20 234 64 140
    70 163 70 166 187 15 34 86 48 136 172 49 210 52 190 0 208 182 180 53
    100 6 170 121 65 73 205 39 164 213 82 102 74 126 207 161 211 33 97
    183 63 254 181 17 20 204 194 93 185 101 160 168 35 113 13 57 159 23
    105 208 49 143 177 215 73 244 119 150 182 48 72 235 126 191 91 250
    230 101 205 86 238 203 206 168 36 122 175 164 41 211 164 221 210 223
    226 180 19 130 7 41 98 0 174 155 143 88 217 142 1 223 228 139 149 5
    243 92 77 50 250 219 46 47 79 172 51 122 249 91 217 222 164 51 214
    19 54 47 204 9 135 37 194 89 12 231 209 163 83 248 138 101 26 180
    190 216 16 220 246 27 226 49 221 8 150 106 170 52 12 166 98 137 9 66
    23 52 163 164 226 132 55 229 37 117 211 175 132 108 241 46 180 171
    97 113 187 209 8 2 139 51 107 176 144 208 76 178 48 94 43 42 206 205
    212 197 71 40 125 100 13 43 199 196 52 214 18 71 225 36 48 229 110
    76 111 226 137 233 56 32 99 253 211 80 148 75 225 133 176 144 212
    162 84 30 101 45 193 232 63 85 94 237 5 119 220 164 211 189 12 187
    148 104 179 250 44 250 65 254 43 170 66 150 163 37 141 37 194 74 228
    201 77 250 251 165 183 179 93 226 218 253 38 55 64 11 218 191 90 158
    25 203 75 185 109 185 54 89 89 179 90 147 23 135 80 134 248 133 240
    120 86 104 123 119 31 73 156 214 225 250 223 76 29 90 64 36 9 192 11
    221 130 76 23 75 133 96 215 139 25 94 73 162 149 157 3 158 209 8 31
    79 216 203 72 84 58 38 142 40 67 80 87 120 82 203 67 71 0 9 39 238
    56 172 28 226 165 42 113 116 209 60 200 129 96 169 176 97 39 219 224
    78 224 248 220 30 232 180 125 52 123 126 228 12 77 72 2 89 193 37
    128 203 147 92 106 26 149 254 119 31 230 36 108 186 80 108 156 29
    155 23 118 130 239 186 153 215 188 110 159 230 173 86 99 219 125 215
    156 200 44 80 247 113 175 194 7 53 117 21 44 242 152 187 60 85 67
    199 41 38 70 162 213 233 208 84 85 164 93 155 18 173 95 99 13 232
    193 127 41 98 224 13 140 43 180 172 38 166 201 208 210 124 244 125
    143 33 247 105 103 165 246 249 88 240 179 8 19 64 6 69 58 82 35 82
    148 201 98 141 232 169 226 4 90 16 194 241 200 59 202 184 240 137
    172 205 140 222 86 231 32 232 90 205 184 224 134 45 225 216 150 68
    75 107 72 135 176 79 74 156 249 211 55 119 173 66 253 56 248 27 220
    158 167 116 181 172 62 180 88 2 231 144 231 119 95 129 52 175 117
    207 187 120 154 152 65 104 235 89 141 163 125 192 57 59 13 74 14 187
    27 136 211 223 172 234 238 231 56 6 118 173 13 199 180 19 176 22 114
    234 209 244 166 111 235 245 249 135 161 222 247 146 164 198 65 222
    239 177 67 111 241 32 204 175 126 157 234 205 20 40 141 66 193 145
    157 52 218 141 141 20 217 132 14 215 174 83 70 1 68 223 120 55 134
    118 8 188 186 71 239 206 233 124 50 43 136 6 73 116 117 116 188 77
    219 84 244 91 211 209 162 105 38 66 153 123 176 42 91 150 125 205 60
    154 215 233 103 197 25 95 247 78 116 237 4 30 22 84 36 48 184 255
    117 12 54 66 119 123 178 221 162 152 53 153 160 104 248 12 148 209
    27 230 73 71 34 191 191 240 2 219 230 204 144 177 169 6 224 255 109
    219 26 169 213 26 219 141 236 78 86 220 3 187 135 145 14 162 6 240
    107 68 127 239 169 232 132 249 219 8 0 7 48 147 72 145 44 20 91 125
    95 21 18 66 42 216 232 86 91 144 24 147 227 234 116 65 170 45 232 9
    73 255 9 89 15 148 175 236 204 80 38 115 45 190 118 184 2 118 235
    244 229 22 52 77 247 50 191 144 132 22 212 181 148 253 214 21 34 159
    52 118 87 11 36 38 61 85 212 242 254 71 65 208 177 220 95 20 75 224
    152 111 51 173 236 104 18 56 254 19 84 105 202 185 229 210 178 231
    171 226 15 167 161 150 10 252 106 230 73 156 45 168 124 7 160 66 137
    18 191 23 195 58 244 89 200 175 71 107 164 215 178 110 11 128 169
    166 58 137 48 165 127 66 218 207 192 161 174 139 11 121 46 149 36
    190 200 197 209 78 229 150 72 88 170 47 250 203 214 200 166 120 4
    122 165 184 112 194 161 144 188 238 32 65 120 139 32 180 67 226 228
    112 108 224 153 49 106 55 218 185 155 129 35 41 87 107 224 23 156
    107 148 146 139 217 244 209 232 83 10 163 74 46 139 142 203 204 166
    22 44 161 229 251 236 129 23 4 81 42 130 205 101 195 89 67 122 172
    53 13 52 141 33 41 112 228 133 193 85 236 4 54 112 186 42 64 111 189
    182 157 73 155 239 56 90 96 80 106 241 200 194 89 170 60 184 39 247
    8 137 193 31 47 31 49 126 128 190 86 64 30 198 237 106 245 77 173 48
    97 156 230 218 202 143 142 94 210 86 40 186 42 31 134 8 178 161 37
    67 115 49 18 112 95 124 63 62 115 248 161 11 175 23 18 224 225 99 54
    39 223 235 103 246 6 218 45 10 163 133 134 135 205 49 235 37 1 25 81
    204 213 152 218 155 139 126 48 90 148 13 44 170 50 19 218 189 200
    229 67 142 134 150 213 212 149 179 124 78 139 63 96 162 116 121 166
    39 152 12 122 206 231 92 126 195 35 82 239 237 24 144 76 180 116 170
    89 67 184 84 206 79 112 1 106 67 25 3 166 200 137 44 53 70 213 57
    150 190 182 134 187 97 214 93 6 134 210 73 249 120 134 114 238 61
    230 190 227 21 146 187 96 244 38 214 120 162 138 71 221 131 113 115
    210 161 48 57 139 21 27 189 73 222 13 9 140 249 216 218 185 144 54
    135 9 148 216 11 75 154 10 225 56 198 6 144 84 100 237 32 178 160
    104 179 78 61 247 147 224 86 137 184 58 43 146 66 158 219 165 166
    198 195 216 2 199 39 129 143 224 52 41 34 150 87 87 211 112 206 82 7
    123 81 146 105 1 200 152 241 210 21 239 27 6 228 188 69 5 194 31 206
    142 196 32 48 16 101 30 68 185 203 224 247 246 207 37 58 47 103 207
    82 26 60 245 149 13 212 133 252 24 3 217 246 253 146 116 136 201 238
    7 157 186 198 112 51 75 66 78 79 26 149 8 135 45 84 76 198 141 112
    141 21 142 247 10 149 186 240 1 161 113 220 120 8 99 14 233 101 113
    7 63 150 33 255 248 237 34 253 52 233 211 44 24 188 186 108 89 4 105
    43 182 104 31 2 246 244 154 121 153 167 97 71 118 240 51 122 158 77
    71 158 45 181 47 98 187 190 124 16 140 75 221 89 81 5 77 94 147 41
    36 150 84 111 28 216 138 10 110 199 216 213 230 113 226 221 66 89
    221 227 124 81 146 62 241 252 180 17 146 81 223 162 33 93 94 77 71
    17 195 4 38 180 204 242 17 226 161 207 125 212 96 188 13 224 15 250
    16 58 35 90 83 192 65 225 8 14 199 77 244 28 155 18 52 149 185 129
    115 207 201 255 227 122 52 252 116 108 122 67 17 98 214 255 246 181
    234 193 88 69 42 103 127 33 43 109 116 234 238 155 212 212 104 248
    135 91 200 149 90 216 84 148 112 112 96 154 59 160 166 14 176 185
    177 46 198 92 69 206 107 237 151 179 236 235 26 162 22 33 133 27 192
    4 155 160 246 55 212 126 126 66 54 183 109 80 212 11 232 56 226 165
    205 140 104 195 251 0 216 239 136 197 19 10 54 243 53 79 60 8 57 41
    224 102 253 29 182 25 200 163 187 75 161 136 209 172 109 32 21 169
    10 50 198 0 107 39 132 81 187 28 125 166 140 165 16 108 128 8 146
    167 71 183 72 133 198 147 175 216 190 201 250 11 158 25 178 251 246
    4 93 30 161 46 42 165 188 182 190 82 203 153 139 180 230 192 31 219
    44 108 132 206 45 66 82 90 9 104 36 0 166 152 116 191 72 118 147 242
    115 210 224 21 55 156 178 233 208 149 35 2 211 46 34 25 246 109 113
    35 27 196 221 183 52 195 131 126 183 24 187 1 160 180 149 67 232 155
    192 253 7 146 114 197 224 212 188 178 204 209 74 36 208 69 149 72
    210 161 53 97 166 28 189 18 14 87 149 24 23 168 29 197 126 56 169
    232 80 120 156 61 130 45 241 231 249 226 193 178 229 58 139 234 178
    242 233 4 3 69 61 183 180 181 149 194 218 110 26 72 170 216 61 62
    110 170 245 160 125 133 238 7 183 101 201 26 60 198 237 69 206 174
    176 177 167 38 2 29 23 64 112 238 24 170 245 226 228 180 127 225 242
    107 35 114 92 90 90 3 11 175 203 221 127 115 155 45 119 220 17 49
    136 212 201 113 65 99 167 93 162 181 66 55 232 22 136 242 208 235
    218 178 162 137 30 25 216 99 185 70 1 60 94 95 191 214 182 43 173 39
    172 167 179 102 8 166 169 134 176 12 101 221 144 63 192 219 111 225
    55 233 61 98 198 143 192 78 232 124 29 28 51 164 234 73 33 170 122
    140 178 4 98 10 77 162 172 111 178 164 134 178 222 40 12 111 108 22
    8 214 195 234 63 13 34 105 210 185 156 116 23 125 156 186 152 123 58
    80 211 105 114 31 104 64 30 58 231 91 45 176 88 158 132 10 202 199
    233 148 254 255 77 30 156 146 244 248 1 31 7 160 145 43 238 139 93
    76 4 94 150 82 71 192 68 173 206 21 154 196 68 5 43 218 194 115 25
    19 172 61 16 215 131 79 85 142 15 192 222 214 172 48 176 222 184 104
    101 64 218 17 175 152 213 47 214 125 196 164 87 112 99 226 102 46
    132 217 222 164 189 179 77 51 186 209 238 0 92 25 245 98 230 39 237
    4 39 114 65 233 113 129 19 80 88 233 209 224 157 222 190 239 209 109
    49 232 139 97 81 150 207 240 68 226 195 131 134 220 103 94 157 210
    22 111 217 238 133 114 26 221 185 175 170 203 55 198 142 67 46 203
    67 175 23 196 13 226 55 160 252 90 244 213 145 208 28 250 182 234
    240 132 3 101 129 97 55 105 197 29 146 223 124 12 187 206 34 89 115
    116 111 5 208 207 31 183 119 223 16 30 164 232 240 170 172 76 228 20
    130 55 169 62 159 199 83 144 222 186 92 110 130 12 122 196 159 235
    157 78 96 147 241 230 73 85 74 2 107 197 204 106 251 170 229 155 195
    143 109 139 22 30 10 177 8 88 166 18 113 43 48 36 217 40 147 69 106
    35 10 9 216 41 165 240 188 57 142 218 159 139 129 200 178 214 30 38
    170 93 120 114 247 182 185 230 74 157 204 146 26 205 196 33 138 162
    193 164 148 186 32 34 162 230 158 231 85 208 91 82 117 75 173 54 218
    135 155 96 106 7 72 191 101 223 114 52 219 236 56 4 136 54 147 210
    104 234 102 87 149 32 118 114 11 60 163 216 88 96 76 116 150 145 249
    219 251 122 189 175 92 27 11 101 90 184 18 196 216 200 39 214 125 15
    132 43 24 131 148 124 71 28 154 249 131 71 60 143 0 141 74 91 135 94
    86 163 136 185 173 43 85 244 100 234 180 134 180 213 64 181 188 146
    25 161 114 31 198 26 57 250 44 115 206 96 131 202 19 137 243 137 51
    30 148 121 22 252 201 99 154 242 175 209 137 105 91 128 203 120 111
    217 82 143 126 120 198 34 102 46 87 94 2 35 44 195 250 244 60 154 12
    85 231 207 118 52 114 184 92 67 101 97 225 131 129 93 165 96 224 135
    64 52 107 15 233 204 231 110 17 200 150 45 31 104 253 54 197 105 0
    249 50 107 185 247 217 147 118 36 203 167 110 210 114 245 134 25 165
    249 77 211 79 159 242 200 221 161 110 54 106 149 42 153 59 123 80 29
    201 206 216 84 97 8 84 224 74 225 171 156 121 94 149 145 227 200 18
    131 120 97 117 71 161 221 233 234 62 83 194 101 143 243 214 143 107
    67 116 153 172 220 109 191 2 195 195 121 243 55 47 29 177 243 91 9 7
    240 176 121 153 122 136 16 32 127 102 70 0 166 18 188 156 53 49 173
    65 14 108 211 150 63 173 45 14 133 74 139 116 193 26 189 167 24 122
    62 173 73 199 56 220 135 111 63 250 128 24 98 94 120 223 121 153 20
    137 60 186 162 39 32 96 18 244 11 150 51 114 127 89 109 234 49 220
    224 238 55 135 82 213 54 136 177 181 240 248 194 100 80 130 35 201
    63 219 45 138 65 33 33 225 173 18 37 72 57 120 142 50 91 132 11 38
    164 229 13 220 45 248 153 128 198 11 116 17 205 7 133 193 185 82 150
    149 99 144 12 73 223 150 191 183 240 99 139 180 196 208 86 191 159
    176 111 251 215 221 86 60 67 68 234 198 63 171 140 76 50 64 29 81 21
    18 129 1 151 63 220 18 195 73 208 216 183 83 240 37 190 128 11 32 88
    183 200 150 98 69 121 0 44 99 231 127 246 124 173 130 27 215 171 190
    92 68 67 125 8 238 153 147 141 146 128 24 22 235 134 229 243 79 91
    102 59 161 220 66 212 234 190 39 163 114 71 205 55 78 199 234 51 94
    161 141 164 156 243 105 43 239 202 78 94 52 190 120 202 127 56 133
    36 68 108 165 165 77 160 122 25 175 78 92 22 42 218 206 143 59 185
    119 18 49 12 72 78 117 8 142 234 124 207 10 16 250 186 160 225 162
    109 170 59 78 129 183 2 72 23 58 174 73 50 160 194 26 156 158 78 115
    136 177 191 42 236 61 109 173 234 248 190 11 27 252 122 233 187 51
    85 236 31 74 195 243 185 240 24 54 102 125 249 35 65 230 204 195 85
    187 237 167 141 42 133 174 117 18 51 4 21 47 41 118 229 121 14 125
    103 121 164 197 13 144 253 116 14 237 119 107 194 71 64 235 80 157
    55 13 121 154 210 32 237 249 142 2 110 144 99 157 150 82 75 196 42
    168 106 7 32 98 226 89 71 94 219 59 81 180 169 126 163 179 86 165
    208 208 203 148 115 134 59 37 129 3 233 135 87 232 78 100 183 26 35
    104 116 23 2 225 86 145 174 35 165 172 97 213 1 128 201 146 224 215
    137 239 33 155 85 88 3 171 189 155 164 164 240 193 0 40 116 158 191
    180 18 176 25 175 73 57 204 57 124 181 228 182 245 49 174 152 108
    139 197 168 141 196 68 128 123 93 14 53 195 152 93 70 61 110 43 165
    160 253 146 188 161 192 93 64 30 224 163 219 193 29 223 105 244 239
    180 138 57 23 147 55 223 147 66 131 232 68 142 129 122 104 149 72
    167 41 229 0 150 235 138 246 243 110 80 165 72 238 236 52 12 1 110
    181 22 80 250 181 34 32 25 158 234 243 61 109 158 129 164 137 249 58
    94 94 7 11 61 97 26 202 225 65 87 41 171 46 61 78 248 183 155 3 57
    188 32 46 42 36 152 3 226 201 254 188 177 143 32 140 78 175 171 156
    121 64 148 191 106 108 109 126 51 72 16 89 220 217 180 109 0 106 210
    76 0 129 152 223 48 230 86 191 224 167 12 19 40 190 21 173 173 223
    179 201 72 143 241 187 204 162 40 136 238 203 255 110 175 21 118 133
    73 207 179 42 141 196 145 112 22 248 207 228 176 72 163 39 233 6 175
    242 9 95 73 188 1 215 42 193 1 124 166 180 153 143 5 168 247 201 148
    244 33 102 162 182 46 115 34 247 91 213 79 147 57 23 172 57 142 195
    148 75 181 139 78 99 93 72 238 67 185 120 122 20 64 234 222 88 131
    157 231 102 73 196 96 152 64 193 112 201 106 197 166 155 8 208 72
    155 209 81 51 194 176 1 169 159 229 237 226 62 241 27 11 53 13 179
    135 243 212 234 45 217 88 234 238 83 64 113 55 106 202 103 26 199 86
    46 225 158 110 242 243 193 17 126 107 189 150 216 54 50 185 128 127
    128 248 34 251 105 122 155 248 153 114 200 161 1 210 224 50 250 212
    31 49 56 100 119 5 89 146 214 123 15 38 46 18 19 209 76 236 0 185 40
    221 220 38 71 207 101 206 104 35 75 95 196 85 94 6 81 136 126 18 238
    156 196 177 165 83 223 58 161 143 15 196 14 204 220 54 94 1 27 13
    234 226 234 143 46 195 56 9 26 152 147 115 162 68 237 62 182 237 192
    122 85 26 70 116 146 49 224 240 114 25 156 47 214 232 146 214 216
    220 156 252 41 155 195 240 224 108 178 232 88 252 171 203 216 90 156
    178 4 31 230 209 189 115 43 96 68 131 130 238 173 84 218 84 80 179
    34 21 183 117 171 49 147 55 192 147 48 107 87 96 45 139 244 1 98 97
    223 218 151 22 102 216 226 222 32 154 142 149 240 86 47 195 163 98
    143 100 192 19 34 76 63 211 187 100 111 122 92 224 44 155 245 145
    226 55 255 87 16 167 188 96 157 190 62 174 211 222 155 112 192 58 39
    148 73 109 179 215 188 47 231 252 209 203 236 248 36 94 191 225 110
    161 32 207 237 32 175 218 206 213 192 191 165 209 248 17 54 73 88 22
    100 60 122 105 51 23 104 54 98 41 223 228 247 210 152 145 51 158 71
    218 77 0 183 28 86 55 226 98 204 207 62 98 128 163 231 67 197 15 12
    215 92 3 230 11 9 164 117 46 209 168 200 112 255 226 155 49 132 203
    254 138 157 75 63 28 196 234 34 207 105 71 199 89 66 130 26 166 136
    228 181 18 73 84 6 177 62 93 243 228 29 149 124 188 237 124 175 50
    75 228 68 229 191 121 149 160 69 32 64 240 140 130 175 147 117 217
    196 77 94 85 202 148 221 163 118 108 176 183 172 25 199 6 70 233 40
    230 57 189 155 14 82 14 122 116 126 194 166 196 228 103 175 137 112
    120 213 101 116 8 254 48 35 52 125 254 6 204 44 72 2 152 232 32 173
    250 89 218 252 42 241 187 77 93 204 34 182 150 67 168 64 221 116 62
    59 136 11 184 144 208 55 145 163 147 190 199 74 5 12 162 89 82 158
    134 41 103 18 149 107 151 62 142 81 8 228 62 73 129 254 177 91 194
    227 37 75 104 14 56 236 25 24 58 124 29 103 206 92 214 71 138 98 243
    126 215 170 60 74 222 7 116 42 211 79 50 207 215 161 237 194 68 130
    179 103 85 219 37 36 208 3 199 195 231 53 125 47 111 181 110 16 190
    17 219 208 201 124 28 94 192 138 93 233 206 145 210 202 195 194 154
    174 39 58 8 70 214 130 185 171 208 45 107 57 246 117 157 29 149 201
    252 155 77 94 55 234 216 248 215 243 7 226 242 107 212 34 20 121 200
    93 27 223 89 126 247 149 96 27 200 185 19 22 116 242 97 16 231 231
    138 164 87 85 215 14 229 72 98 194 90 175 198 112 133 255 55 81 152
    208 23 251 172 73 195 232 203 162 239 81 105 174 252 120 123 218 156
    100 193 215 53 248 183 237 153 246 111 172 171 225 232 214 214 26
    170 76 110 159 22 130 209 137 243 234 129 85 100 60 97 84 145 15 174
    245 189 197 83 135 88 68 126 94 248 92 63 26 135 65 23 4 22 166 236
    40 165 137 218 80 105 146 14 139 129 13 111 31 66 246 38 254 38 130
    122 167 245 115 236 184 152 108 199 45 1 224 131 149 7 170 106 27
    147 31 161 130 80 51 68 177 230 95 222 235 14 167 69 75 109 196 126
    113 91 240 186 172 242 124 180 198 32 85 108 102 149 191 182 152 146
    105 55 132 90 111 2 151 147 146 132 238 162 82 121 162 57 93 219 112
    254 113 51 4 225 33 10 154 129 54 241 65 242 248 158 210 32 80 251
    167 5 169 235 67 167 150 177 220 136 148 40 105 87 20 129 240 245
    201 74 255 21 59 137 217 163 23 240 106 137 195 148 146 181 175 215
    127 208 68 15 139 225 185 93 65 2 127 195 9 129 183 161 108 247 219
    126 242 61 172 37 91 130 65 62 135 120 229 36 195 202 42 220 31 196
    217 23 88 158 122 70 64 21 207 122 86 209 102 96 107 116 57 210 146
    102 20 26 244 45 64 98 2 96 157 112 102 6 11 50 74 9 54 8 42 13 113
    97 29 35 206 123 103 59 66 168 170 128 246 13 149 151 98 220 135 204
    173 111 164 70 209 133 133 51 38 215 230 80 233 52 136 98 162 212
    146 145 57 77 97 27 171 88 219 120 7 162 125 32 232 115 124 247 131
    255 72 49 198 123 228 224 75 83 79 154 17 73 217 181 147 123 144 42
    90 50 243 10 65 71 101 55 103 58 32 224 103 241 232 148 61 250 35
    240 45 230 150 136 239 180 217 214 76 127 190 40 242 118 183 6 107
    221 58 19 40 108 197 175 252 122 7 167 52 8 81 121 162 8 27 26 39
    134 231 254 163 249 213 98 235 48 50 234 233 140 141 160 114 56 119
    75 233 43 59 253 81 0 208 149 59 92 190 203 194 3 230 254 152 7 193
    138 204 4 16 39 131 110 60 13 210 42 55 35 65 180 58 188 56 87 37
    132 19 138 127 7 141 162 50 128 142 73 207 54 19 149 205 115 55 141
    129 83 245 157 128 213 143 24 97 156 219 184 132 10 190 177 53 250
    59 153 202 97 129 197 82 251 44 21 48 197 166 65 155 21 30 42 133
    153 86 0 211 0 83 73 104 155 208 146 167 218 241 173 53 144 120 120
    180 126 50 210 2 47 23 192 145 146 104 197 57 210 184 106 82 112 249
    87 161 145 217 97 133 96 191 25 172 51 107 251 71 78 119 183 122 158
    53 77 240 95 80 162 247 158 44 211 41 200 102 133 71 48 74 188 149
    241 102 54 177 140 179 113 84 36 188 44 192 254 83 64 77 138 109 219
    90 122 23 206 87 8 42 66 112 190 32 244 101 218 165 208 239 193 134
    205 113 85 104 48 247 120 58 131 211 77 202 248 149 198 45 2 64 246
    129 241 252 64 43 77 208 176 7 198 148 90 178 3 147 65 115 136 208
    26 159 117 205 236 22 189 164 200 250 144 154 73 28 157 49 70 14 237
    245 254 28 30 203 58 230 95 181 88 227 4 201 61 185 165 160 152 85
    13 206 82 114 207 32 31 29 78 219 180 54 194 24 79 184 179 189 116 6
    191 228 178 47 118 125 182 100 175 165 240 223 63 223 51 127 211 168
    5 217 125 240 200 25 201 243 15 208 64 76 94 27 22 179 174 22 134
    161 8 239 125 252 197 82 245 191 238 238 234 137 30 143 74 84 207
    238 97 238 176 122 219 205 139 192 126 131 240 221 61 249 247 212
    209 70 77 124 8 140 91 113 6 52 60 131 70 27 223 115 184 243 191 100
    78 58 116 224 214 246 158 170 71 146 252 11 7 106 92 145 198 126 245
    85 109 10 77 219 189 170 56 216 72 177 105 77 208 51 20 24 212 4 21
    76 195 180 53 193 230 171 196 254 15 135 30 219 19 175 42 25 222 3
    136 207 132 149 216 208 169 9 3 95 139 66 247 197 75 210 187 190 212
    196 22 62 4 218 34 196 117 126 221 230 58 131 139 225 152 74 88 30
    168 177 106 202 75 244 163 192 153 6 159 120 131 244 56 200 79 34
    253 97 111 164 193 115 199 213 125 198 129 143 207 62 229 138 212
    193 88 156 71 7 73 8 224 111 192 186 250 202 240 70 192 69 133 188
    214 206 56 86 169 159 174 67 80 249 195 130 244 153 99 1 223 153 71
    84 231 20 135 226 79 97 239 84 55 77 23 58 48 55 171 226 226 172 44
    94 30 36 6 76 21 156 233 166 187 253 95 231 146 221 191 99 164 101
    122 239 220 245 44 244 211 140 51 118 243 28 46 138 85 79 107 53 44
    219 200 249 165 194 59 50 213 214 110 195 6 24 138 230 60 6 173 223
    202 78 126 46 12 50 4 150 222 119 142 153 57 190 6 57 209 130 194
    114 42 150 235 148 162 244 228 255 99 77 211 61 51 120 176 12 226
    108 225 245 155 191 213 143 34 176 6 133 50 182 56 156 177 222 249
    207 207 196 237 157 197 75 4 223 247 149 24 118 99 194 0 39 227 239
    21 2 117 140 79 167 42 128 61 55 3 189 139 205 200 204 219 178 211
    155 81 233 233 230 208 26 104 244 12 67 139 199 158 160 83 179 152
    177 195 176 126 34 160 55 131 107 3 82 118 195 227 25 85 227 13 209
    189 206 122 236 231 97 251 125 3 174 216 231 144 173 169 14 56 200 2
    72 194 123 137 119 21 98 205 128 202 188 9 100 72 89 0 79 205 136 68
    82 38 133 163 70 180 168 1 227 150 25 26 171 133 210 245 62 154 78
    170 210 207 90 0 220 164 190 91 104 148 175 1 46 107 207 149 109 124
    129 2 23 11 70 244 69 99 29 166 45 230 100 13 109 254 28 105 65 39
    86 147 208 200 120 25 91 57 112 46 172 191 168 148 221 55 19 9 91
    238 229 48 234 93 90 173 140 3 218 179 192 190 113 125 43 111 221
    130 254 56 222 59 189 94 33 220 113 228 129 35 145 116 176 35 172 64
    22 236 223 209 208 128 44 115 34 92 66 180 160 96 70 192 146 145 74
    48 4 239 150 182 54 20 36 97 112 25 147 185 106 79 88 67 199 139 51
    183 126 164 88 134 228 114 188 195 12 204 45 46 223 162 117 24 133
    102 61 188 99 116 126 67 30 236 217 204 39 10 168 179 36 80 188 14
    26 83 108 173 178 96 14 92 53 126 238 11 230 37 111 114 142 107 43
    163 226 31 52 161 213 27 54 219 102 222 157 74 18 212 216 86 223 167
    68 39 29 90 178 193 216 247 7 245 143 243 36 161 113 52 111 251 204
    113 178 207 105 82 0 180 156 30 33 241 165 103 18 145 137 165 59 12
    106 50 189 140 234 197 213 205 252 90 243 162 208 16 79 197 50 49
    203 137 8 181 153 64 73 32 154 201 11 100 29 99 161 99 10 71 201 42
    171 167 104 14 150 66 128 29 158 143 165 129 167 68 127 155 141 192
    86 117 126 215 86 179 51 61 133 32 129 165 84 241 178 122 151 251
    122 98 49 244 61 17 2 3 105 145 142 45 122 8 143 109 87 231 16 10 50
    95 198 142 30 236 160 49 114 89 110 225 254 194 20 30 241 143 84 27
    16 98 114 198 115 180 212 184 105 119 212 10 196 23 141 100 208 59
    112 65 197 90 53 143 147 168 31 168 53 148 121 62 54 149 35 233 198
    245 246 34 60 94 127 12 190 200 22 49 228 204 101 61 249 102 236 63
    5 35 223 181 219 36 122 25 193 83 72 37 41 139 106 26 246 150 56 87
    220 200 190 218 129 87 217 53 51 74 50 124 21 129 109 43 32 162 204
    159 12 139 173 112 181 224 118 246 18 203 89 171 254 20 120 195 9
    118 122 243 220 209 49 96 70 50 89 183 131 29 111 52 180 158 201 225
    64 111 100 107 54 82 165 68 38 251 173 144 94 168 214 207 194 75 237
    44 235 100 218 227 89 211 244 4 35 169 38 247 71 139 86 39 193 139
    97 255 251 172 127 53 255 141 76 40 168 23 137 91 141 8 237 80 147
    85 7 223 170 218 7 82 161 156 250 149 202 76 135 153 82 8 33 121 73
    31 145 146 231 113 49 185 191 168 244 184 158 53 103 25 105 1 1 221
    69 239 185 109 123 82 182 108 73 11 186 159 174 54 4 24 79 52 5 49
    99 159 41 108 201 176 41 163 88 189 88 33 21 55 145 21 253 126 122 6
    83 209 17 13 234 139 90 88 93 116 231 162 163 26 155 239 19 162 113
    107 106 67 36 87 175 79 195 28 200 126 3 32 51 160 70 169 14 75 78
    224 155 173 173 182 207 27 148 7 175 158 160 163 40 59 14 30 30 229
    242 154 156 199 158 139 197 203 10 177 40 136 24 156 29 21 35 131
    118 116 10 146 110 163 166 55 49 54 102 243 198 70 249 12 141 158
    220 14 112 107 54 143 3 234 165 162 254 122 151 141 96 8 182 14 245
    65 71 145 44 79 217 220 90 28 208 82 34 29 103 183 12 102 247 117 5
    238 237 182 147 27 247 5 166 182 225 173 81 49 22 221 235 246 124
    123 243 195 151 104 57 67 65 223 221 150 255 29 48 220 52 20 136 49
    30 8 114 189 101 2 2 191 41 135 145 99 80 96 68 223 101 85 40 190
    115 234 245 186 182 201 248 57 21 201 207 34 226 87 67 195 58 190
    253 93 132 114 25 138 63 155 232 165 22 70 139 49 175 169 215 251 44
    126 39 183 154 57 97 14 211 105 148 55 137 122 151 17 229 77 234 89
    188 179 176 51 64 248 221 12 26 109 140 161 28 137 141 179 215 56 25
    58 133 239 253 248 241 155 157 239 68 241 56 25 55 188 158 41 166 7
    251 180 251 146 249 255 1 206 219 134 224 150 184 231 149 216 116 19
    14 71 177 119 165 51 183 90 54 51 205 101 82 210 19 151 178 235 1 38
    7 167 135 61 200 128 120 228 206 5 101 51 217 50 112 238 216 126 73
    161 141 55 76 23 224 212 143 66 86 139 168 178 186 132 45 3 216 160
    32 65 115 178 182 1 137 45 154 73 217 43 2 110 1 55 209 108 156 224
    93 20 247 184 112 233 56 187 119 150 108 248 58 99 68 183 220 2 56
    39 116 209 38 183 66 3 24 60 229 154 11 17 67 192 251 87 31 226 51
    20 117 125 107 221 53 105 25 131 184 143 111 5 21 217 88 120 155 5
    220 216 198 7 156 140 53 183 30 97 102 159 113 162 153 121 92 177 51
    54 208 114 42 87 162 107 206 199 184 142 20 99 142 44 8 243 50 26
    147 142 38 116 218 66 57 10 15 7 95 159 101 20 12 72 211 95 194 243
    216 225 112 243 103 2 72 234 197 142 40 75 98 135 118 124 50 22 252
    60 109 216 109 61 100 234 242 246 93 115 79 96 4 241 18 232 186 198
    82 241 49 129 231 104 42 240 19 205 90 222 183 232 107 149 47 225
    221 245 164 129 54 236 70 79 11 4 32 117 98 191 101 232 239 99 174
    231 175 112 162 126 50 98 167 231 21 228 157 220 194 138 45 7 190 6
    30 208 212 162 127 125 183 246 240 126 218 32 142 157 238 115 0 223
    13 68 52 147 51 87 206 37 187 53 20 178 47 171 63 75 193 136 240 228
    39 74 191 222 196 174 192 146 190 22 89 249 235 92 87 104 154 141
    249 83 230 141 150 55 16 9 202 113 165 39 61 132 247 64 171 216 67
    11 213 117 133 230 69 125 31 0 223 241 49 186 221 56 124 36 69 44
    201 65 120 201 86 62 136 115 160 19 246 157 221 59 156 153 80 77 209
    215 254 87 184 122 210 220 4 158 74 206 68 76 36 131 232 163 176 149
    157 193 140 189 76 118 42 37 129 77 235 83 120 64 243 116 36 167 87
    18 248 14 84 16 70 242 227 37 61 2 168 32 215 225 46 9 140 207 190
    120 87 240 18 62 33 199 46 162 203 65 38 162 23 140 42 151 200 147
    188 186 122 195 82 233 148 188 238 30 201 140 238 50 66 42 57 185 95
    225 52 223 95 200 54 93 104 15 116 3 184 248 121 233 2 41 148 194 93
    88 139 207 25 32 48 146 42 77 180 57 35 19 251 53 209 60 199 9 96
    203 20 18 123 128 145 213 239 52 44 116 59 84 29 0 105 178 228 171
    246 3 225 199 57 102 140 195 196 130 222 16 228 85 31 129 223 66 232
    60 149 45 6 45 83 124 153 240 86 22 41 237 166 100 184 223 252 166
    244 134 71 0 24 243 245 227 98 35 203 23 11 253 202 254 231 209 144
    120 175 67 193 29 119 119 180 139 74 71 99 10 21 210 33 143 85 19
    206 192 136 212 61 222 88 69 10 96 134 170 98 225 24 54 232 25 156
    200 116 58 171 136 167 9 96 19 42 173 28 146 31 215 53 44 140 89 156
    18 57 190 15 5 167 139 64 99 162 138 136 1 230 42 70 153 4 78 200 51
    178 157 121 35 220 220 192 219 3 78 124 199 141 116 220 204 217 228
    211 73 229 37 214 35 90 151 247 169 202 11 26 245 50 132 27 225 155
    107 46 85 251 137 220 196 109 132 88 105 92 183 100 70 108 147 163
    88 222 133 61 228 8 126 194 12 112 33 162 87 69 49 51 230 227 94 3
    23 65 21 235 84 50 238 182 131 63 103 233 67 48 57 70 218 155 184
    134 131 46 58 118 166 172 35 251 153 147 168 90 43 173 217 57 58 38
    247 13 249 30 207 239 251 98 227 91 142 245 121 242 241 137 198 249
    29 198 138 222 65 34 98 39 182 3 225 186 174 88 52 177 16 2 97 66
    249 218 92 201 71 66 244 33 168 219 232 163 4 149 79 99 170 136 170
    210 1 196 166 223 230 104 216 58 110 249 127 118 241 127 151 73 99
    131 157 221 144 103 176 22 104 50 72 238 148 178 232 119 144 38 163
    229 71 79 0 130 31 119 211 91 98 33 5 52 203 203 69 132 168 80 240
    41 86 124 48 172 220 77 207 139 151 185 82 145 110 22 189 38 171 137
    13 69 238 70 106 157 181 5 29 135 214 38 136 216 77 216 5 126 232
    188 204 211 204 246 89 42 76 80 139 155 148 42 68 127 7 95 98 198
    136 247 185 112 84 174 213 188 116 92 191 182 13 59 228 251 221 246
    41 235 116 147 193 54 253 127 44 141 141 236 151 133 16 213 2 80 219
    195 253 168 156 229 34 101 168 249 107 183 182 145 46 126 127 23 211
    205 101 99 242 246 72 102 90 119 74 204 69 122 102 185 173 46 95 148
    39 232 32 99 145 24 138 18 3 117 180 4 19 26 4 190 83 89 123 217 5
    156 12 78 57 95 244 252 171 77 21 85 237 135 62 74 169 170 214 114
    100 251 247 127 125 226 223 18 244 26 48 162 87 249 166 4 24 37 162
    2 97 163 24 52 165 159 145 191 239 207 140 32 241 13 127 39 25 55 58
    179 7 175 8 113 80 81 140 78 141 131 57 69 51 12 253 53 94 14 72 163
    166 107 219 11 78 162 99 61 235 0 90 122 174 162 59 179 43 33 181 31
    75 19 74 200 231 19 143 254 109 118 91 182 59 106 11 50 23 185 225
    91 251 146 149 230 52 58 141 134 111 96 108 113 136 210 81 29 73 228
    17 199 72 172 96 180 97 50 41 85 67 203 224 78 130 216 116 67 211 7
    198 86 214 204 25 143 62 22 8 158 145 69 241 96 87 193 65 71 172 238
    192 112 196 46 67 165 248 113 72 63 118 92 49 105 84 24 23 129 178
    76 253 187 37 43 138 25 207 236 123 154 196 121 32 221 83 219 101
    159 190 224 166 213 160 101 194 218 177 104 115 138 214 6 176 25 191
    27 113 152 87 213 15 167 22 76 91 2 16 47 104 17 183 13 126 15 29
    139 36 19 111 153 98 68 128 15 17 42 92 142 121 80 21 21 60 120 199
    160 180 196 127 54 204 86 68 238 13 141 73 237 150 188 171 235 103
    97 167 61 40 92 22 200 247 123 36 32 214 144 45 233 221 183 159 206
    93 134 216 15 255 25 172 75 139 79 229 255 61 82 78 49 223 78 5 132
    187 102 102 214 23 41 197 233 144 201 40 149 100 113 171 150 234 139
    204 135 120 89 202 24 27 174 184 0 30 104 58 139 144 193 160 182 185
    77 149 246 244 135 131 104 247 92 224 182 40 115 217 118 150 153 53
    132 233 22 167 115 58 169 238 253 82 139 48 124 29 59 50 79 24 77 99
    161 52 144 101 58 151 230 7 8 47 64 69 158 69 83 225 81 37 54 118 69
    62 251 15 232 214 129 102 102 118 197 233 200 59 1 213 139 218 19 37
    14 58 13 95 126 24 94 209 48 8 84 4 194 224 73 249 221 71 190 146
    253 144 89 10 26 44 33 95 133 27 201 159 226 50 122 253 203 197 3 57
    92 95 101 250 49 19 196 202 28 231 243 226 98 2 107 244 138 119 76
    80 152 56 49 189 160 243 20 232 97 235 222 214 190 119 168 95 111 79
    2 59 206 234 226 163 101 175 149 185 168 80 116 195 28 20 11 235 120
    176 162 71 212 58 14 72 253 159 241 112 64 183 113 151 165 242 148
    106 139 242 29 229 97 233 134 71 195 94 146 60 148 132 182 119 9 53
    143 125 4 2 104 130 90 114 149 41 132 81 170 61 205 77 252 93 191
    148 48 55 72 93 144 239 55 55 243 25 185 152 178 216 156 140 186 110
    212 125 48 4 63 9 26 173 233 188 40 39 111 145 216 37 133 196 253
    178 5 72 87 122 69 231 144 102 203 70 215 30 126 55 86 236 105 20
    190 104 130 113 86 60 39 200 213 13 26 149 220 122 224 103 23 9 2
    203 89 111 252 160 82 1 175 76 122 43 163 11 200 102 146 187 150 79
    248 7 6 99 72 242 134 182 83 171 181 16 199 182 198 42 235 57 159 87
    178 60 238 17 37 39 141 137 207 17 37 129 245 139 169 208 232 25 70
    254 24 165 49 245 168 153 67 158 147 198 44 209 118 71 48 92 236 151
    102 246 254 203 59 169 171 151 171 238 124 226 139 77 86 32 2 228 49
    60 243 74 249 208 240 34 229 165 45 108 43 251 44 174 121 114 95 19
    128 247 172 183 225 109 193 11 46 88 136 247 100 135 37 180 165 85
    120 174 137 29 30 244 110 232 127 212 195 60 173 115 121 79 81 45
    250 92 220 109 76 77 8 192 197 22 116 198 233 169 9 210 129 87 222
    57 71 172 242 138 166 232 176 171 218 198 120 182 218 246 193 155
    120 33 162 184 209 46 217 252 234 110 16 142 195 211 79 216 18 199
    194 224 45 161 200 89 127 10 50 52 54 29 85 88 201 108 134 16 69 78
    113 116 142 14 179 136 77 20 124 43 15 225 52 202 156 143 245 109 92
    59 154 125 176 2 64 179 237 173 166 100 246 214 234 118 15 236 113
    14 161 247 190 177 152 223 217 193 150 134 191 198 20 84 108 255 47
    197 101 176 195 16 124 69 238 84 95 100 243 191 132 131 15 173 140
    127 22 186 165 0 122 163 137 180 18 70 63 179 201 188 17 214 166 200
    251 19 142 56 222 38 159 252 223 2 185 65 67 20 48 207 91 52 239 211
    43 29 230 155 66 249 93 183 199 200 123 95 79 61 68 124 254 128 104
    57 47 36 250 238 185 10 0 185 74 117 106 1 221 11 32 122 1 105 153
    46 170 197 69 107 37 158 48 174 154 163 47 198 146 44 241 69 151 108
    197 39 125 151 176 43 13 92 207 133 159 131 67 212 46 164 108 84 10
    42 228 20 215 168 127 103 91 242 114 82 147 244 248 220 181 43 111
    208 193 151 17 18 225 222 253 156 31 60 0 50 86 37 32 119 1 83 88
    198 52 68 80 192 233 114 165 118 84 248 186 87 56 215 15 171 181 233
    179 90 164 211 212 159 45 112 121 217 254 136 48 67 157 17 69 254
    200 14 77 83 62 202 131 103 239 38 101 40 189 63 52 51 159 146 95 35
    160 130 55 166 126 82 92 61 110 225 178 23 172 249 188 95 75 109 62
    250 87 12 0 213 115 144 217 154 221 230 53 242 4 151 238 204 198 162
    148 58 8 206 52 106 62 163 131 62 25 206 132 252 178 184 169 101 252
    58 187 115 222 88 185 243 169 91 119 145 152 214 10 10 99 207 224 49
    79 95 21 222 156 104 128 29 154 27 56 133 95 85 95 254 203 105 77 89
    129 249 143 20 33 189 116 48 98 183 194 160 133 38 161 212 245 95
    208 142 206 65 187 236 137 117 242 245 196 151 51 233 86 129 112 55
    77 8 183 178 112 209 17 156 153 14 142 180 162 164 48 100 72 103 133
    220 8 207 6 192 130 4 36 171 155 151 90 99 127 33 69 7 144 200 64
    171 230 74 148 160 121 8 109 131 231 138 7 54 233 236 77 125 108 11
    101 65 97 186 115 138 5 223 225 62 203 9 143 14 229 68 79 48 68 108
    54 101 152 71 147 179 94 92 254 56 191 25 237 16 151 100 125 239 188
    52 95 242 76 137 157 75 65 255 251 52 146 113 224 151 126 35 255 80
    239 37 250 51 216 32 205 240 218 3 70 67 249 203 97 192 183 190 54 1
    62 152 123 41 31 66 35 243 40 147 205 151 91 147 142 80 111 175 39
    71 87 216 211 34 165 40 89 19 162 62 148 54 33 66 164 226 143 120 9
    211 192 64 246 246 68 53 142 156 135 21 95 7 113 147 19 187 133 101
    189 168 56 175 204 94 109 194 42 222 12 130 156 3 75 39 204 34 212
    12 33 166 12 224 42 239 76 139 94 80 24 150 48 131 62 162 200 103
    137 221 13 33 13 178 145 72 82 153 204 182 158 207 213 180 197 173
    201 152 103 224 234 64 27 206 118 243 92 26 241 147 175 251 87 141
    241 180 75 147 145 127 77 144 145 222 224 6 37 147 120 4 15 154 99
    226 136 187 126 210 166 118 121 253 199 184 153 174 171 154 59 123
    16 82 137 62 206 165 137 181 136 167 213 236 10 111 164 138 228 210
    124 234 148 8 252 186 132 141 248 36 213 7 62 249 226 157 184 34 27
    95 148 124 223 153 227 239 141 212 20 194 99 183 174 5 39 22 4 143
    68 214 3 108 115 9 110 217 203 77 255 47 72 250 219 58 147 212 164
    228 27 212 229 157 1 5 94 68 42 83 248 211 19 128 126 185 108 102
    178 228 47 62 8 117 112 14 181 117 236 214 180 28 77 52 102 4 211 29
    1 69 195 220 196 227 122 51 247 133 49 76 117 140 114 146 3 147 120
    55 8 34 80 111 221 246 12 172 98 76 77 0 187 10 132 74 113 177 158
    197 33 255 226 129 177 100 73 92 47 114 81 186 37 150 101 193 47 53
    208 86 28 141 206 66 113 137 182 170 202 180 223 205 0 72 232 96 215
    128 142 28 206 49 70 148 250 186 99 221 166 178 130 250 207 154 186
    241 59 189 5 47 184 213 84 178 28 181 215 203 0 62 73 192 101 220
    129 221 108 59 159 174 97 188 147 124 25 93 211 252 5 69 55 55 54
    253 63 81 240 252 64 193 218 204 52 188 78 29 85 26 78 15 92 110 146
    188 62 87 225 85 82 238 168 190 102 149 56 48 49 36 249 16 58 30 140
    145 52 43 229 143 26 147 152 205 239 111 200 247 237 130 77 12 226
    74 67 53 128 117 34 132 181 119 239 154 127 197 82 246 204 44 27 218
    245 208 115 156 9 61 32 126 207 204 202 185 241 130 95 24 156 199
    215 72 225 175 165 161 113 244 126 234 27 200 12 126 210 78 236 39
    248 225 159 65 165 138 96 103 22 92 161 149 236 57 147 156 6 229 83
    127 39 169 39 47 76 125 8 18 215 97 55 160 216 167 101 26 213 104
    102 129 38 123 142 230 77 193 5 183 145 113 128 105 38 103 25 231
    237 70 138 114 215 64 65 223 115 254 154 160 188 231 63 21 31 172 30
    78 167 225 254 97 9 116 18 1 151 49 214 210 67 121 190 142 239 89 70
    200 232 205 195 59 251 128 148 60 150 150 103 235 202 192 240 218 85
    73 242 173 9 45 13 182 80 6 211 170 109 6 233 5 101 33 16 43 206 145
    33 1 7 166 38 162 56 254 136 236 68 45 175 164 39 88 116 22 51 1 238
    247 181 9 22 131 184 84 148 80 187 69 244 26 14 176 170 35 164 154
    85 100 195 165 23 23 79 168 79 32 108 192 8 27 95 115 170 138 187
    106 222 219 169 241 114 140 203 179 190 245 169 167 33 200 199 126
    11 190 231 16 133 155 49 47 223 49 52 53 214 237 247 190 25 201 234
    97 70 253 70 13 54 168 229 123 19 131 47 105 37 160 93 157 207 162
    177 1 38 19 113 244 147 242 208 206 175 99 47 233 67 50 5 72 16 133
    64 251 117 64 193 72 142 122 233 187 178 237 2 161 213 212 15 17 154
    99 122 30 178 1 190 72 90 3 112 74 15 4 92 131 50 231 9 135 89 8 123
    239 32 198 226 183 67 153 148 139 128 29 225 60 11 43 14 57 246 22
    241 47 222 225 41 73 203 25 27 226 89 51 240 151 155 169 102 137 177
    225 20 138 164 189 228 255 154 63 136 133 5 254 245 182 0 233 143 35
    103 181 37 19 235 34 117 227 153 131 122 129 160 26 230 230 250 168
    55 12 132 93 243 165 71 165 0 136 117 195 86 165 117 46 167 248 60
    13 159 196 176 62 56 131 232 70 107 140 102 119 243 170 102 205 243
    142 180 167 212 223 80 189 20 43 132 195 194 163 83 113 122 222 238
    191 213 244 72 61 226 220 17 238 172 224 41 188 50 139 181 92 181
    238 176 59 118 37 171 49 126 71 24 226 139 157 196 16 34 105 15 249
    210 224 226 143 50 151 0 17 64 168 83 21 178 26 146 167 200 51 132
    34 117 101 231 153 159 211 137 240 251 6 152 99 202 106 169 119 153
    57 52 137 106 43 1 103 223 64 248 93 15</data></test_img>
<my_img type_id="opencv-matrix">
  <rows>128</rows>
  <cols>256</cols>
  <dt>"3u"</dt>
  <data>
    255 0 149 54 139 255 0 0 255 255 71 0 239 255 250 0 255 255 0 255 0
    0 0 0 255 255 0 255 255 0 0 0 255 255 255 0 255 255 255 149 0 255 0
    255 255 255 0 255 0 22 0 255 0 255 255 0 0 0 255 255 255 0 0 255 255
    255 0 47 0 255 193 0 0 255 255 255 255 0 255 0 0 255 252 255 255 255
    217 0 0 0 255 190 255 0 255 15 0 0 0 0 255 255 87 0 255 0 0 0 0 0
    255 255 255 0 25 255 255 253 0 0 0 0 255 0 255 0 255 255 32 255 0 0
    0 0 147 255 0 0 0 255 0 255 0 255 255 255 255 107 199 0 255 255 255
    179 0 255 0 255 0 255 0 0 81 255 0 0 255 0 255 0 151 255 250 255 154
    0 104 255 161 0 0 0 0 255 100 255 0 255 0 0 0 0 0 255 0 255 0 255 10
    144 99 0 255 0 255 255 255 0 0 9 255 255 255 255 255 0 0 0 26 0 0 74
    255 255 0 0 0 255 0 0 0 255 255 255 0 255 0 0 0 255 185 0 0 0 255
    169 255 0 0 0 0 255 0 150 0 255 0 0 0 255 255 255 0 255 0 255 0 0
    255 255 0 255 255 255 0 0 112 255 255 0 255 30 0 255 255 0 243 0 255
    0 255 156 0 0 0 255 255 255 255 0 0 0 255 255 255 255 0 0 255 0 0 22
    0 255 181 255 0 255 0 0 0 0 255 255 236 0 206 0 0 0 8 255 0 136 122
    255 166 31 0 0 0 245 12 255 0 0 67 255 255 29 255 0 60 230 0 55 0
    255 0 0 146 8 255 0 255 0 255 248 255 0 255 0 255 255 255 0 170 255
    255 255 255 255 1 255 255 255 255 128 255 255 0 138 178 0 255 255
    255 0 0 0 255 255 255 163 0 113 0 255 126 0 255 49 255 0 255 0 255
    173 225 0 255 255 255 58 43 0 0 0 205 19 0 0 207 115 255 255 255 0 7
    255 155 255 255 0 0 0 255 255 255 41 0 0 255 255 255 0 126 235 255
    255 26 247 255 255 181 255 132 255 0 0 0 255 255 0 0 0 89 255 255
    255 85 0 255 255 255 255 0 0 13 0 136 0 255 40 0 255 0 255 80 255 0
    142 0 0 0 255 255 255 255 255 255 95 0 255 255 255 255 0 255 255 0
    255 101 255 0 35 0 255 222 255 0 255 255 255 255 56 0 0 255 255 0
    255 255 255 226 255 255 0 255 0 255 0 255 0 255 0 255 255 0 0 85 255
    255 0 144 0 255 255 255 0 0 0 255 0 255 0 0 0 0 255 255 255 0 0 0
    255 214 255 0 132 64 255 0 0 255 0 255 54 255 0 0 255 0 255 255 255
    255 0 255 255 255 7 140 255 255 255 0 150 255 255 255 0 0 0 0 255 12
    255 0 0 255 255 255 78 188 255 14 255 0 255 225 255 255 0 0 255 217
    0 0 255 250 255 0 0 227 255 255 195 0 0 0 0 0 255 0 0 255 255 0 255
    0 255 255 255 0 0 219 255 255 255 48 0 0 0 255 0 136 255 0 0 255 255
    255 0 255 0 0 0 204 0 0 255 255 255 0 229 255 37 21 255 150 255 0
    255 0 255 0 255 0 133 0 0 0 0 221 255 0 94 255 255 233 255 255 255
    255 0 138 56 255 255 255 0 31 0 0 0 255 160 255 255 0 0 255 40 0 0
    245 255 0 255 255 255 255 0 113 0 255 82 0 255 43 255 255 156 0 255
    0 0 255 0 255 0 255 255 0 0 255 255 255 255 255 0 0 255 255 0 230 0
    255 108 0 0 255 255 0 0 84 0 0 0 255 255 163 0 0 255 255 255 255 0 0
    185 255 255 255 255 0 0 0 255 255 255 255 255 255 109 255 0 255 0
    255 55 255 196 0 11 0 255 0 0 0 255 79 0 0 255 255 105 255 0 0 0 0
    128 255 255 0 255 255 0 139 0 255 205 255 255 255 255 0 0 0 255 10
    255 255 68 0 0 0 255 0 255 0 254 0 255 0 255 0 255 255 255 0 255 212
    255 255 0 0 255 114 202 0 161 255 255 255 129 92 255 0 0 0 255 184
    255 0 255 0 19 21 255 0 255 0 255 0 0 255 255 255 0 0 255 0 6 50 255
    190 255 0 255 100 255 0 0 0 255 255 255 255 0 53 0 196 0 255 255 255
    255 0 164 224 254 255 255 0 255 0 20 0 0 0 255 255 255 0 255 255 0
    61 255 248 187 199 255 169 10 255 255 255 255 255 0 255 255 67 0 0
    255 255 255 0 255 0 255 255 255 204 0 15 0 0 255 101 0 255 255 255
    255 255 0 0 0 0 255 255 222 255 255 0 255 241 0 0 0 93 255 0 255 255
    255 65 0 255 255 0 255 184 0 0 0 255 247 255 82 0 255 255 175 72 0 0
    0 39 255 255 255 255 0 255 53 0 241 0 0 0 136 255 255 255 173 94 255
    0 236 0 0 255 102 255 0 48 29 0 255 255 0 255 0 255 144 255 255 255
    0 0 255 0 0 0 84 255 255 255 0 255 255 255 0 0 200 255 255 255 255
    102 199 0 255 0 0 0 178 0 116 255 0 255 0 0 0 11 5 0 255 29 0 255
    255 0 0 0 0 25 255 255 255 0 0 255 255 249 0 0 255 255 255 60 199 0
    65 255 0 168 0 255 132 0 0 255 0 87 175 255 255 0 255 255 255 0 255
    0 80 0 255 0 148 0 14 0 91 255 244 0 0 255 0 237 255 0 0 0 79 255
    255 0 255 0 255 0 0 0 255 0 255 24 208 0 0 0 0 0 255 255 0 255 255
    131 255 15 0 0 0 255 0 0 89 46 255 255 0 255 255 0 152 131 193 0 0
    255 255 116 0 0 0 255 0 255 234 255 0 139 255 0 0 255 147 54 255 0
    255 255 0 0 0 255 0 107 0 0 255 176 247 255 0 0 0 255 0 255 2 255
    255 255 0 0 255 143 255 0 178 255 255 13 0 0 255 255 0 0 207 255 255
    255 0 0 209 0 255 0 40 0 255 255 231 0 0 0 0 255 0 0 0 255 0 255 255
    79 0 97 0 255 255 0 0 255 0 0 0 255 255 255 253 245 0 0 0 0 255 235
    146 167 255 13 0 0 0 0 255 255 255 255 0 0 44 0 255 0 255 0 255 255
    0 0 0 255 255 255 0 0 0 144 0 255 0 49 0 255 116 255 0 0 234 165 0 0
    0 255 196 0 0 0 255 0 0 0 0 255 0 255 0 255 255 255 0 0 0 0 255 255
    255 0 0 155 0 115 217 0 0 0 0 0 68 0 0 0 154 255 0 11 0 255 255 9 0
    0 199 0 255 0 0 0 11 255 0 192 255 255 255 82 175 255 0 72 0 0 255
    255 255 0 32 0 255 176 255 255 255 255 0 255 0 255 255 0 0 213 255
    255 10 0 0 255 255 0 0 255 255 0 0 0 29 255 255 255 0 255 62 255 0
    184 0 116 0 255 255 255 0 0 0 0 124 219 255 0 0 0 0 0 255 177 0 0 0
    189 255 255 61 0 0 0 255 255 255 255 255 255 255 0 0 178 255 255 247
    0 0 0 0 5 0 255 114 48 0 255 0 0 0 255 255 0 0 0 255 0 0 0 11 255 0
    0 0 0 161 255 255 255 255 0 0 255 255 207 0 255 255 255 0 255 0 255
    255 0 0 0 255 0 255 0 0 35 27 255 78 199 255 255 255 0 0 255 255 0
    255 125 255 155 255 155 255 255 254 255 0 0 179 255 164 255 0 255
    255 255 0 0 255 115 218 91 255 0 0 0 255 255 0 0 0 255 6 0 255 0 0
    99 0 0 172 255 255 0 0 255 255 255 255 0 0 0 255 255 0 0 74 255 255
    255 0 255 0 4 255 255 168 255 0 0 0 0 0 0 0 255 255 255 0 120 0 0 0
    57 0 52 0 255 0 255 255 255 0 255 0 0 7 255 0 0 121 0 43 193 255 10
    255 0 0 0 255 0 0 0 0 255 255 255 0 62 0 63 0 177 255 255 0 0 0 255
    255 238 0 255 0 255 255 255 0 0 255 255 255 14 159 255 255 0 0 0 0
    255 255 255 0 203 255 255 255 249 0 0 0 255 255 255 38 0 0 199 73
    255 255 255 255 255 0 255 127 255 0 191 255 255 255 0 0 0 0 0 0 0
    255 203 255 255 255 0 0 235 0 0 255 255 255 255 175 207 210 0 249 0
    255 0 255 255 255 0 0 0 0 255 0 0 0 0 255 0 0 255 255 255 0 148 255
    255 255 124 0 0 133 255 0 35 0 0 0 199 255 255 187 0 255 255 0 0 255
    0 183 40 0 255 0 255 0 0 0 97 255 0 255 16 255 255 0 186 255 255 0 0
    0 0 255 39 255 255 0 0 0 223 0 255 255 0 82 0 255 0 255 255 76 0 255
    37 255 255 0 39 0 0 0 255 0 255 255 160 0 0 255 122 0 255 255 255 17
    0 212 56 255 255 0 255 17 255 168 217 0 255 0 76 255 42 255 0 0 255
    0 0 0 255 255 255 255 214 0 182 255 0 0 0 169 0 255 255 0 255 26 0 0
    255 123 0 76 0 255 254 255 0 255 255 255 0 0 255 0 255 196 255 255
    225 0 255 255 255 0 0 0 0 251 255 235 255 0 0 0 255 255 255 255 0 0
    0 255 255 255 0 213 255 255 255 0 0 0 0 95 0 207 213 0 255 255 0 255
    95 255 255 255 0 255 87 255 255 126 0 0 0 0 255 0 255 255 255 0 255
    180 255 0 255 255 255 135 0 0 255 255 0 255 0 255 0 255 68 255 0 2
    255 0 0 0 255 255 0 0 0 0 0 255 255 255 0 0 255 0 228 108 255 255 0
    219 0 255 19 0 222 180 0 0 0 0 255 0 255 0 255 255 255 0 0 188 0 255
    0 0 144 255 255 255 255 0 255 255 95 0 255 0 179 171 255 255 255 0
    255 25 255 255 255 255 0 255 0 255 255 0 0 0 255 255 0 0 140 255 255
    139 91 255 0 255 0 0 255 255 255 0 0 0 255 255 255 0 0 255 255 0 0 0
    255 0 0 255 255 255 233 60 0 0 0 159 0 255 105 57 0 39 255 255 255
    255 255 255 255 228 107 0 255 0 255 0 0 0 0 255 0 0 0 0 0 255 0 255
    255 255 255 0 0 255 255 255 0 0 255 255 255 0 0 0 0 255 0 0 0 255 0
    0 0 255 0 59 0 255 0 0 255 255 255 255 255 233 255 255 255 21 255 27
    255 224 0 0 255 65 0 0 169 255 255 255 255 0 82 0 255 31 171 0 49 0
    255 255 46 219 0 86 0 0 255 0 168 255 0 255 255 145 0 192 112 255
    255 0 0 0 255 0 177 0 255 197 0 0 43 0 255 0 0 0 255 179 221 0 0 255
    175 255 227 0 7 190 255 255 231 255 255 255 255 192 0 255 255 0 0 22
    255 242 0 255 255 0 201 255 195 0 0 0 219 0 0 234 255 0 255 0 0 109
    0 0 255 0 255 0 255 0 255 0 44 0 255 0 255 0 255 174 255 0 0 255 255
    255 0 0 0 132 0 255 238 0 216 255 248 0 255 255 255 0 255 233 255 0
    255 0 255 0 255 0 255 13 255 255 228 255 134 255 0 0 255 255 255 248
    0 255 0 0 255 255 255 255 0 255 0 255 255 255 255 0 0 0 0 255 0 255
    0 255 167 255 173 0 0 46 0 255 255 255 255 0 71 0 1 0 0 255 247 255
    0 255 0 255 255 246 89 0 121 128 255 255 255 0 201 0 77 0 255 0 0 10
    255 103 0 0 255 0 0 193 255 0 128 0 219 255 0 234 255 96 54 0 0 255
    255 0 255 255 255 134 91 0 0 0 255 255 0 0 0 255 10 236 154 0 255
    255 255 5 91 255 110 0 0 0 255 0 255 161 98 198 255 0 0 0 64 255 61
    0 0 255 69 0 208 255 0 0 255 241 0 255 0 50 0 0 255 255 255 255 0 0
    0 0 255 255 255 255 0 0 0 255 0 0 0 83 0 1 45 0 0 255 0 240 255 255
    97 0 230 0 255 255 0 0 106 255 255 171 255 255 0 0 0 255 255 129 0
    187 0 152 255 255 0 0 224 186 0 255 197 255 0 0 255 17 255 0 255 65
    178 0 255 255 0 164 255 0 0 223 255 0 255 255 114 0 0 0 0 0 255 49
    255 0 0 0 255 255 255 0 1 0 32 0 255 17 255 0 59 0 65 255 255 0 88 0
    99 255 255 255 255 227 224 0 0 0 255 255 0 255 255 255 0 255 255 255
    0 0 255 255 255 0 255 144 255 0 43 0 90 114 0 0 203 255 217 255 0
    255 0 0 0 0 171 0 255 16 184 113 0 0 255 0 255 0 255 0 255 0 0 172
    65 0 255 0 255 0 0 59 255 255 80 0 0 0 255 255 131 0 0 0 255 255 0
    18 255 0 234 255 0 0 0 67 255 0 0 0 0 255 255 255 0 67 255 255 255 0
    0 0 255 255 255 0 124 0 142 222 101 255 255 175 255 0 0 0 255 255
    255 0 178 0 116 255 25 255 255 255 203 202 255 130 232 0 255 255 255
    121 0 0 0 129 31 255 255 255 215 255 255 255 255 0 0 255 255 255 184
    0 0 0 255 255 194 255 0 0 255 249 255 0 246 0 255 11 0 29 237 0 51
    255 255 255 0 255 0 255 0 255 10 0 0 0 255 0 0 107 0 255 0 255 0 255
    255 255 255 115 0 0 255 255 255 0 0 92 255 163 72 255 0 255 0 255
    255 0 255 0 226 255 255 0 2 126 0 0 0 203 56 255 255 255 0 203 0 0
    255 38 255 0 255 0 255 0 0 255 255 179 0 0 255 255 255 218 255 0 0
    255 255 255 255 255 0 0 126 0 95 255 255 255 0 0 255 127 255 0 0 0
    63 255 255 199 0 9 0 255 0 255 0 0 93 255 255 0 204 0 99 255 255 255
    117 0 0 0 0 36 255 0 0 255 255 0 0 255 255 134 255 0 0 0 255 76 255
    255 0 231 255 25 0 255 255 173 0 0 255 255 255 0 255 255 255 255 255
    26 38 0 213 255 255 0 255 0 0 230 24 109 49 255 0 255 255 255 237 0
    175 106 0 0 255 0 22 107 255 0 0 0 9 0 255 255 255 163 255 255 0 0
    221 255 0 0 0 255 0 255 255 255 255 0 0 0 255 255 255 0 0 0 135 255
    226 255 255 0 0 0 0 0 255 0 0 239 255 255 255 255 255 0 0 255 255
    255 0 255 0 255 0 255 0 255 0 172 0 214 255 255 255 0 255 63 155 15
    0 0 0 194 255 255 0 0 0 0 0 82 0 255 188 255 0 33 48 143 0 0 0 255
    253 0 0 0 255 0 255 0 143 0 255 255 0 255 0 255 0 0 255 255 0 255 0
    255 0 255 255 0 0 0 255 0 255 0 0 0 255 0 255 255 0 0 145 255 74 0 0
    255 78 0 0 255 255 3 0 255 0 255 0 99 235 0 167 0 0 255 150 255 0
    255 0 255 32 0 255 0 255 0 0 255 255 0 0 0 0 255 0 117 0 0 255 255
    255 255 221 45 255 0 0 0 0 255 255 255 0 0 0 255 255 42 255 255 255
    255 0 255 0 255 0 255 0 0 0 23 0 255 66 20 23 255 116 0 32 255 255 0
    0 0 255 255 0 255 154 255 0 255 0 0 0 255 255 60 255 231 255 0 0 255
    196 255 0 0 230 49 0 84 0 39 255 255 255 0 33 13 255 255 0 196 0 255
    255 255 0 0 0 0 173 0 255 255 184 0 255 251 0 255 0 255 0 0 255 22
    156 0 255 255 0 245 13 255 194 0 255 0 80 0 255 255 0 250 62 255 178
    0 0 255 255 255 0 255 0 255 212 0 255 0 255 217 0 255 144 62 255 255
    255 255 0 59 0 255 188 255 0 0 0 255 0 255 248 255 0 0 0 0 249 255
    159 255 5 255 0 255 255 0 21 237 0 0 255 3 0 255 0 255 255 255 255 0
    0 0 0 128 40 0 0 255 0 132 255 65 0 0 253 0 0 9 255 231 255 255 0
    208 255 0 255 0 255 213 0 102 0 219 213 0 255 255 0 0 0 255 255 222
    0 255 255 105 0 0 255 0 255 0 0 255 220 255 0 255 255 0 0 255 0 0 0
    255 255 255 229 0 0 129 255 255 255 0 0 121 0 0 0 255 255 0 255 152
    0 0 255 0 255 0 255 255 0 0 0 0 0 0 48 255 255 0 0 205 167 255 255
    255 0 255 0 0 0 255 0 255 255 0 255 0 0 255 0 95 0 0 255 255 33 0 0
    0 255 255 255 0 0 27 0 255 0 0 0 77 0 255 0 255 67 0 0 0 255 255 0 0
    255 255 255 33 0 255 0 0 228 255 59 255 0 255 47 255 0 0 255 255 197
    57 255 255 0 0 40 255 255 0 125 255 213 255 255 91 255 255 255 0 0
    222 255 30 0 255 0 255 0 0 67 0 52 0 255 255 129 0 95 115 255 255
    255 0 255 0 41 255 137 255 255 0 0 0 255 0 255 0 255 0 193 255 0 0 0
    255 255 255 0 148 0 0 255 0 59 0 0 0 255 255 0 228 0 0 87 255 117 0
    0 255 255 255 0 177 255 255 0 255 0 255 0 0 255 255 255 0 0 255 250
    253 255 0 255 158 57 0 255 0 178 255 130 47 171 0 255 0 0 255 255
    255 0 0 72 255 255 157 0 255 255 102 255 0 24 0 255 255 255 0 177 0
    255 0 0 0 255 0 255 0 255 0 255 0 208 0 255 0 186 0 248 255 255 0
    255 0 255 0 0 0 255 255 252 0 0 0 0 255 255 0 255 255 255 255 0 0
    255 255 198 148 0 255 255 0 255 255 255 0 35 255 0 0 0 255 0 0 0 255
    255 255 18 255 0 255 255 0 0 64 120 255 0 103 255 9 0 138 255 255 0
    107 8 255 255 255 0 114 255 255 255 100 255 255 255 0 255 0 116 255
    255 0 146 0 57 255 113 255 0 0 0 255 255 255 0 0 4 211 255 255 255 0
    255 0 0 255 255 255 0 87 255 255 255 103 255 0 255 2 0 255 255 255
    194 222 0 255 0 255 255 255 255 255 255 255 0 255 255 255 0 108 0
    255 255 255 0 0 147 255 239 0 0 0 0 255 0 255 255 0 255 255 63 0 255
    25 255 255 0 255 255 0 228 0 217 255 255 255 0 160 255 255 255 0 0
    255 255 223 0 0 0 0 255 0 233 0 249 0 215 255 0 255 255 0 0 0 255 0
    255 0 255 0 207 255 255 166 255 0 0 0 0 92 0 255 109 255 0 116 255
    235 255 255 255 0 255 255 0 0 0 255 255 255 0 37 220 72 255 0 255
    228 255 22 255 255 255 0 0 0 0 0 255 217 253 0 0 255 0 255 255 0 0
    147 0 255 255 0 0 0 0 0 231 255 255 0 0 0 255 255 0 255 255 0 255 0
    255 0 255 0 50 8 255 0 255 0 255 0 0 0 255 0 255 0 255 0 158 255 222
    0 0 255 255 255 255 255 0 0 0 255 255 255 0 0 0 199 145 0 255 255
    255 159 0 0 181 255 255 0 0 0 0 0 0 0 0 0 255 0 0 0 255 0 0 0 206
    255 255 255 0 255 0 0 0 255 0 28 255 0 255 0 255 0 19 255 255 0 0 0
    214 0 255 255 97 0 203 255 0 0 0 0 167 255 255 0 0 255 255 255 0 0 0
    0 255 0 255 255 255 255 22 0 119 255 255 255 255 0 0 0 66 189 0 255
    0 213 255 255 103 56 255 255 0 255 0 255 0 255 255 255 0 255 0 229
    255 255 25 255 255 0 13 255 255 0 0 99 255 0 255 255 131 2 255 255 0
    0 255 18 0 0 0 45 255 0 72 255 93 255 136 213 0 0 0 255 0 255 0 255
    255 255 255 0 0 255 0 255 255 250 81 255 0 0 0 0 196 255 255 96 0
    255 255 0 0 255 0 0 0 255 255 104 255 0 0 0 104 91 255 255 144 0 255
    234 255 0 0 130 0 255 184 255 0 0 255 0 96 0 170 233 255 93 255 255
    255 0 0 64 255 0 0 0 255 255 0 0 255 255 0 0 0 255 255 255 29 0 255
    255 255 45 82 255 255 97 0 0 255 255 255 255 0 0 135 0 255 255 255
    255 0 255 0 255 124 255 0 0 0 222 40 255 0 255 255 146 127 0 255 52
    255 255 255 255 0 157 0 255 0 255 0 0 0 0 0 94 0 0 255 0 255 0 143
    208 0 0 0 255 0 0 255 255 255 255 64 177 0 0 0 255 69 255 217 0 0
    255 255 255 255 0 0 66 255 255 255 255 0 24 0 0 255 0 0 0 255 255 0
    255 0 0 225 255 255 255 255 0 189 255 255 0 249 249 0 255 255 255 0
    0 58 255 170 0 0 16 255 255 0 255 255 0 0 0 0 255 0 255 0 255 0 131
    255 255 0 0 129 0 255 255 255 0 0 0 0 27 135 255 255 255 0 235 255
    255 255 154 0 255 0 0 0 15 255 0 0 255 29 0 0 255 0 255 0 143 255
    255 0 255 255 0 0 250 255 255 255 0 255 231 16 0 255 255 255 0 0 255
    0 124 0 255 27 0 255 255 0 0 255 255 0 72 255 0 255 0 255 0 23 0 155
    0 255 0 255 224 0 255 255 255 255 255 0 0 255 103 255 22 45 255 255
    0 0 0 255 0 255 255 255 255 0 255 0 255 192 255 255 255 0 0 0 0 0
    255 255 0 115 255 14 0 255 255 0 0 0 55 255 0 0 255 173 255 0 0 0
    255 0 255 0 0 139 255 0 75 0 69 255 0 255 255 0 255 151 255 0 255
    117 255 0 0 255 255 0 25 0 255 0 40 0 47 0 255 0 255 255 255 255 255
    0 239 255 255 255 0 0 0 250 0 55 0 0 250 0 255 0 246 0 0 255 255 255
    32 0 255 102 130 255 251 255 37 0 255 28 255 101 0 0 255 255 0 255 0
    255 255 255 255 0 255 255 255 0 255 179 0 255 255 242 255 255 131 0
    215 0 0 0 0 255 255 0 210 255 0 27 0 255 255 0 255 0 255 0 0 255 0
    96 0 255 255 159 255 0 184 255 0 54 255 255 0 0 255 255 255 39 255 0
    0 255 0 19 106 255 255 255 255 0 0 255 255 255 20 255 255 0 255 0
    255 247 255 255 0 212 255 0 0 0 220 0 0 255 255 1 255 0 0 255 118
    255 255 0 255 255 255 215 255 0 88 209 0 0 255 52 0 0 0 255 255 0 0
    255 188 255 0 0 0 255 0 0 255 255 255 255 0 255 255 255 0 255 0 0
    255 255 0 0 255 255 139 244 255 0 255 108 83 255 0 255 255 255 0 255
    0 148 0 0 0 229 255 255 255 255 245 102 0 0 236 255 255 255 0 0 0
    255 255 255 0 104 0 99 255 0 0 0 255 153 0 0 72 255 166 0 255 255
    255 0 0 0 255 36 174 255 255 39 0 0 255 0 255 0 255 121 0 255 255 0
    0 0 0 255 255 255 0 0 0 151 255 0 46 0 255 255 255 0 0 172 80 219 48
    0 0 255 0 4 255 255 255 255 255 0 0 0 198 0 0 0 255 203 200 255 0 0
    0 255 255 0 0 255 0 255 255 255 0 255 255 255 255 90 0 158 0 255 255
    0 169 0 255 255 255 141 255 0 255 0 0 0 255 1 0 0 0 255 215 0 67 255
    219 0 0 0 255 255 255 255 255 0 0 0 174 0 3 0 0 255 255 255 95 0 0 1
    255 0 255 243 0 255 255 255 255 0 0 0 0 255 255 255 0 255 238 255 0
    255 91 255 0 0 255 255 215 255 0 73 0 0 0 84 232 0 0 146 255 0 255 0
    255 0 0 42 255 255 255 0 0 0 36 255 255 255 255 0 255 197 255 255 77
    0 255 0 255 255 255 255 0 255 0 255 0 255 0 191 0 109 0 255 180 16
    164 0 255 233 255 162 255 0 255 0 255 0 255 255 255 0 41 170 241 255
    0 46 255 255 255 255 255 255 0 0 130 255 154 255 0 255 0 0 255 255
    255 0 255 0 255 0 0 0 255 0 255 8 0 0 255 255 0 255 255 255 0 255 0
    0 0 0 0 255 99 0 0 255 0 255 0 255 88 255 0 255 255 255 0 54 255 255
    0 0 255 255 255 0 0 168 0 255 208 0 0 255 0 151 255 63 255 0 0 0 255
    255 255 255 11 255 0 255 0 216 255 0 0 0 255 217 0 0 0 255 255 25 0
    0 0 91 224 255 255 172 0 208 72 91 39 255 0 0 0 66 0 255 0 0 0 0 54
    255 0 25 11 233 247 255 0 255 0 255 0 255 0 250 0 255 255 0 0 0 255
    0 255 0 255 255 255 95 0 255 255 75 255 0 255 0 255 16 255 0 255 255
    255 37 0 0 0 74 255 255 5 0 255 0 255 0 24 255 0 0 0 255 255 255 0
    255 255 255 255 0 255 0 0 226 255 81 255 0 255 0 0 0 255 0 146 107
    255 125 255 255 0 0 255 255 0 0 0 255 255 255 0 0 255 194 0 127 255
    255 0 255 0 255 0 255 0 255 0 255 0 255 0 255 0 0 0 255 255 255 0 0
    0 255 255 255 255 0 0 0 68 0 0 0 255 254 255 255 255 255 255 255 0
    51 0 255 255 255 37 255 255 255 255 255 0 0 82 155 255 255 0 0 0 0
    67 0 255 33 255 0 255 0 255 138 255 0 0 255 162 92 166 70 0 51 0 0 0
    168 246 62 255 255 255 0 255 0 255 86 0 255 64 0 0 0 19 0 255 255
    119 255 0 255 255 0 255 0 255 0 0 0 0 87 0 255 0 255 0 54 255 121
    255 0 0 0 0 255 255 236 0 0 0 255 0 0 255 255 86 0 0 0 233 0 216 255
    255 199 0 0 255 0 0 40 255 0 212 0 0 164 0 30 230 255 0 0 104 255
    255 247 0 255 0 0 0 255 243 0 0 11 255 255 34 0 0 255 255 255 0 39 0
    0 255 255 255 255 255 231 26 0 0 0 255 44 255 108 0 255 68 0 0 125 0
    255 255 255 255 0 14 255 255 129 0 130 255 255 255 0 0 116 252 0 255
    0 255 48 255 229 255 0 0 0 255 0 168 0 0 220 0 255 255 0 0 255 255
    126 153 0 0 255 0 255 0 255 255 255 0 255 255 0 255 0 255 0 202 255
    0 255 235 255 255 0 0 0 255 0 140 115 255 0 0 0 0 71 0 255 77 255 58
    60 225 0 0 255 0 35 0 223 0 255 0 0 0 255 255 255 134 255 0 225 140
    0 255 255 255 0 255 255 255 0 255 255 0 0 255 255 38 0 63 199 255
    255 255 0 255 255 255 0 255 255 160 255 0 0 0 0 255 255 255 0 9 229
    85 255 255 0 255 0 0 157 0 255 0 255 229 8 255 167 166 255 255 23 0
    255 145 0 0 255 0 0 0 255 255 5 0 0 255 0 249 0 255 255 255 0 255
    220 227 0 0 0 0 9 255 255 0 0 255 0 0 0 255 0 255 255 255 0 0 255
    137 255 0 6 255 0 255 0 0 0 255 91 182 191 0 255 255 255 0 0 0 0 84
    255 255 0 24 0 176 0 0 0 167 255 255 19 0 0 0 255 0 0 0 255 255 78
    122 0 0 255 0 0 0 255 0 0 0 0 255 255 0 255 255 255 255 0 0 112 0
    255 0 117 255 255 0 0 0 255 255 255 0 0 0 255 192 249 0 175 255 0 0
    0 255 0 0 0 255 255 0 0 255 0 0 255 255 255 255 0 0 255 72 255 0 255
    255 0 0 0 255 255 0 0 157 0 255 0 0 0 255 187 0 255 0 0 0 255 255
    255 255 42 255 0 0 0 255 255 255 0 255 45 255 255 0 255 255 255 0 0
    0 0 255 0 255 255 0 255 50 23 255 113 255 0 0 102 255 101 255 255
    141 255 0 255 0 255 255 255 0 255 31 0 0 15 255 255 255 110 0 255
    255 255 255 0 0 20 0 255 255 255 0 248 255 255 233 255 0 255 0 0 1
    255 214 255 68 255 0 0 0 0 255 0 255 0 255 66 46 89 255 150 255 0
    255 255 179 153 152 255 0 255 52 0 63 218 0 255 0 255 255 255 119 0
    0 0 255 255 0 185 0 255 255 255 174 0 255 0 255 0 0 0 0 0 163 0 255
    255 0 0 0 255 255 169 0 0 0 255 0 255 0 255 0 255 0 255 156 255 23 0
    255 255 255 255 0 85 255 255 185 103 0 0 99 0 255 34 255 255 0 0 86
    255 255 210 0 46 0 113 255 255 0 0 0 0 255 255 254 255 241 255 0 243
    255 0 255 0 255 0 120 0 255 0 0 0 255 99 255 180 255 123 255 0 0 0
    255 0 255 0 0 68 255 255 0 0 0 0 255 255 186 0 255 255 255 255 0 0 0
    0 255 255 255 255 0 255 0 255 0 212 0 255 255 255 255 0 0 255 255 55
    0 255 255 255 0 0 255 58 0 217 255 150 0 0 255 0 255 0 255 101 255
    255 255 255 255 0 202 0 255 53 0 255 255 21 77 38 255 0 0 118 0 193
    255 0 0 255 255 255 0 0 0 0 57 0 255 0 255 0 255 119 255 255 0 0 48
    21 255 156 0 65 0 252 0 142 255 230 0 0 255 255 255 0 123 156 255
    255 255 0 0 255 255 255 0 0 202 255 255 0 255 255 255 0 255 156 255
    255 255 255 0 0 255 255 0 0 50 255 255 255 255 0 255 0 0 0 0 255 3
    255 0 255 255 0 255 0 255 0 0 0 255 0 0 0 0 0 0 255 255 255 255 0 0
    0 65 0 192 0 0 0 0 0 255 255 255 0 196 255 255 255 176 0 0 0 255 0
    255 255 0 0 47 255 255 0 4 0 255 255 255 255 255 58 0 21 255 0 255 0
    255 255 255 0 0 0 255 107 255 255 173 255 0 0 255 0 209 0 255 255
    255 255 0 255 255 0 0 0 255 82 91 255 255 142 255 0 0 255 0 255 0
    255 255 255 255 149 0 0 255 255 0 0 0 87 255 255 0 0 0 0 0 0 0 91
    203 0 255 255 255 255 0 0 0 85 0 0 149 0 255 0 181 0 0 255 0 255 255
    255 89 115 0 211 90 255 0 169 121 255 255 255 255 0 0 0 255 255 0
    255 28 255 0 0 227 255 255 160 0 0 255 255 158 0 0 255 255 255 198
    255 0 255 0 4 0 255 0 255 0 255 255 0 5 0 0 74 255 209 96 255 255
    255 0 0 0 255 31 0 255 255 255 255 0 0 0 0 214 255 156 0 66 255 255
    0 255 0 206 248 255 255 255 0 250 0 0 255 255 255 0 0 255 255 255 0
    241 0 0 255 0 87 121 255 70 0 0 129 0 0 255 0 255 255 255 0 0 0 255
    255 0 49 0 63 111 0 255 255 255 110 45 0 255 255 192 255 0 255 0 0
    235 0 255 255 255 255 255 13 81 0 0 255 207 255 0 0 0 0 0 255 0 255
    255 169 236 0 255 0 255 0 255 0 255 0 255 0 0 255 220 255 255 255
    255 146 255 255 0 255 211 0 0 255 255 16 255 191 0 186 6 255 0 0 107
    177 255 255 255 0 255 75 0 255 0 90 0 6 0 0 255 0 0 0 168 255 255 0
    169 0 239 0 189 163 0 0 0 255 255 255 212 0 255 255 214 0 142 0 93 0
    19 0 255 3 18 103 0 0 0 0 255 0 0 255 98 0 0 50 255 0 255 0 71 0 252
    255 255 0 255 0 0 0 255 0 0 0 0 22 255 255 180 255 0 231 111 255 255
    0 0 0 0 159 0 0 0 0 255 2 0 0 255 255 0 0 186 255 13 0 255 255 216 0
    0 255 255 0 255 0 255 255 190 0 0 0 255 0 91 255 0 255 0 255 0 0 126
    255 255 255 148 0 255 0 0 255 126 255 0 0 255 0 255 0 17 0 255 0 0 0
    0 0 255 0 255 0 255 0 0 47 0 255 0 255 0 255 5 255 0 0 0 255 255 212
    255 0 0 77 255 255 193 0 255 255 125 255 0 0 0 185 255 0 0 255 255 0
    187 0 255 208 21 0 255 0 117 255 0 0 0 0 255 255 0 0 255 255 255 0
    189 18 255 0 0 255 255 255 234 0 0 0 255 92 0 0 255 0 62 255 255 255
    26 0 0 255 255 0 255 8 0 188 217 0 0 0 255 255 0 141 0 18 255 255
    255 5 0 0 195 255 19 189 0 255 23 0 37 0 255 255 135 13 0 0 255 255
    255 90 0 239 255 255 255 0 0 0 255 126 255 241 0 255 0 255 44 255
    179 0 255 61 0 85 255 39 255 0 255 255 255 255 0 0 0 255 255 255 0
    255 255 0 88 0 0 0 255 255 255 255 255 0 0 255 50 0 0 255 0 0 216
    255 255 255 0 255 255 0 0 108 255 249 255 0 0 0 255 4 10 0 0 0 205
    255 255 0 255 214 230 0 255 255 0 0 0 0 255 255 255 0 108 116 255
    255 53 123 0 0 255 255 255 38 255 110 255 255 166 255 255 0 190 255
    0 160 0 255 96 255 0 255 255 255 255 0 255 0 255 0 0 0 255 171 0 0
    250 255 136 0 0 255 0 255 0 255 133 255 0 0 0 174 0 255 0 129 125
    255 255 255 255 0 255 0 0 255 0 255 0 198 0 0 0 0 255 172 17 255 0
    255 33 255 0 0 0 0 0 54 3 255 0 255 0 255 178 0 0 0 192 255 189 255
    255 255 0 39 94 255 65 0 0 0 255 255 30 0 0 255 231 255 255 255 0 0
    0 255 255 0 255 14 0 0 0 255 0 255 14 255 0 116 255 255 255 143 0
    255 255 255 0 0 0 144 255 255 0 0 0 255 0 255 255 0 0 146 0 255 0
    255 0 60 3 255 255 255 0 56 255 129 255 0 0 0 127 255 0 0 0 193 190
    0 50 0 255 255 5 0 0 0 0 45 182 255 0 255 0 255 0 0 0 226 0 0 0 14
    255 0 255 255 0 0 0 255 0 0 255 0 255 12 255 0 255 0 0 255 165 255
    255 0 0 255 144 255 0 0 23 255 218 0 255 0 76 0 255 101 69 98 0 0
    209 255 255 0 0 255 0 0 255 0 255 255 29 0 0 255 255 142 0 175 255
    255 255 255 0 0 0 255 0 0 85 0 255 0 255 0 255 0 0 0 0 255 0 255 0
    255 0 255 0 255 0 255 255 255 0 255 255 238 0 0 255 255 112 0 0 215
    0 214 0 209 0 0 255 152 0 255 255 229 255 0 0 0 0 181 0 0 112 255 0
    255 255 0 255 255 40 0 255 251 255 0 55 213 67 148 120 255 0 255 0 0
    255 255 255 0 255 0 255 255 0 104 0 255 255 255 99 255 0 255 112 255
    0 0 0 255 255 218 0 0 255 0 0 0 255 255 255 0 106 255 255 255 0 255
    0 0 0 0 255 255 255 201 0 35 225 255 255 0 255 0 255 255 255 0 0 0 0
    255 255 255 0 0 0 95 255 255 255 0 255 28 255 0 255 0 255 255 190
    207 0 255 255 0 0 0 255 255 255 0 161 79 255 0 255 255 255 0 255 0 0
    0 175 255 0 255 0 255 255 178 94 0 255 255 0 0 0 255 255 0 255 253
    255 0 255 255 0 0 0 45 0 255 0 255 0 0 121 255 255 255 0 0 0 107 164
    255 0 255 0 255 0 255 0 255 0 255 231 0 0 114 25 0 255 255 255 0 255
    0 255 255 255 50 0 255 255 121 0 0 0 0 111 255 0 255 255 255 0 0 0 0
    0 255 255 0 0 0 140 166 0 255 255 108 0 0 255 0 0 255 255 99 0 0 255
    174 0 0 0 255 255 255 0 155 255 255 0 0 0 255 255 255 0 0 255 255 0
    0 104 255 255 0 0 27 255 140 0 0 0 255 190 0 0 85 255 0 232 255 156
    0 118 255 255 223 0 119 255 0 172 0 255 223 0 255 255 255 0 255 43 0
    0 255 14 116 255 255 0 0 255 255 0 0 0 255 255 255 0 255 0 255 0 127
    60 255 0 38 117 255 69 90 255 255 255 0 0 0 0 0 0 52 255 0 255 0 0
    255 0 13 255 255 237 255 255 255 0 0 255 0 255 255 255 0 255 31 255
    255 0 0 0 255 255 149 0 0 255 255 255 0 255 255 111 0 0 255 0 0 73
    255 255 0 0 255 255 160 106 255 255 0 0 29 255 255 0 255 0 0 255 201
    119 0 0 0 198 0 93 255 255 5 255 0 0 0 0 0 255 255 0 255 109 0 255 0
    40 253 0 0 0 0 255 0 255 0 255 255 255 255 0 0 255 255 255 163 231 0
    255 255 255 162 0 212 0 0 255 255 255 255 255 232 0 64 0 0 0 0 255 0
    0 96 0 255 255 255 0 90 255 59 117 0 255 255 255 255 255 132 255 39
    255 255 255 0 255 0 0 255 255 0 0 0 255 0 255 255 0 29 255 255 157 0
    255 129 255 0 255 0 0 255 185 245 0 255 255 255 56 144 0 0 0 0 255
    255 255 0 139 0 56 255 0 0 255 0 255 0 255 0 0 0 255 255 17 0 255
    185 255 0 255 255 255 255 0 255 134 255 0 255 255 0 0 0 255 185 255
    255 208 255 0 0 255 103 0 0 255 0 0 0 255 69 255 0 255 0 0 255 255
    255 255 0 255 255 0 0 255 0 255 255 255 255 160 0 255 0 255 0 255
    255 255 0 255 0 164 0 0 52 255 97 26 255 255 255 255 255 0 0 255 207
    255 255 0 158 255 99 224 0 0 255 0 0 255 255 0 255 255 0 0 0 255 255
    0 0 0 0 255 93 0 255 0 209 159 255 255 48 255 0 0 0 0 255 0 0 255
    157 0 0 0 255 233 126 255 255 255 0 255 0 255 0 255 222 255 200 0 0
    255 218 255 0 255 255 255 0 0 0 255 0 255 255 134 211 0 255 0 255 0
    0 0 255 255 0 4 255 255 0 0 0 255 201 255 255 255 255 255 0 0 0 255
    0 0 18 118 0 0 255 255 0 0 0 255 255 77 0 190 0 255 0 0 255 255 255
    255 148 255 0 0 0 191 240 0 255 255 255 0 255 98 0 255 0 255 135 0
    255 255 255 255 0 255 0 255 218 255 0 0 0 255 255 0 0 255 255 0 31 0
    0 255 255 108 43 162 0 255 37 0 0 28 255 255 63 255 0 0 0 0 255 255
    255 0 255 0 255 0 255 0 255 13 0 255 255 255 125 0 255 0 255 0 69 76
    255 0 255 0 255 248 0 255 0 0 0 255 255 163 255 0 255 0 255 0 255 0
    0 0 147 255 255 255 0 0 0 255 255 255 51 0 210 255 255 0 255 0 192 0
    255 255 0 0 0 203 180 255 255 0 255 241 255 25 0 0 245 0 255 0 255 0
    255 255 255 0 0 0 255 184 112 0 255 255 255 0 0 0 38 78 255 255 255
    0 243 0 255 0 255 0 255 0 229 255 255 255 205 178 24 0 255 75 255
    255 255 0 255 0 255 173 255 0 255 228 192 0 158 255 0 255 255 255 0
    0 0 255 255 255 0 0 0 255 255 255 0 221 255 0 255 255 0 229 0 255
    255 0 0 0 255 255 255 0 0 0 255 255 179 117 255 0 0 0 255 255 255
    255 0 187 110 0 54 204 255 255 255 168 255 0 0 0 230 255 222 0 255
    255 255 0 0 255 255 255 255 0 190 0 21 90 0 72 0 0 0 137 0 255 255
    13 195 28 255 212 0 255 0 0 0 255 0 0 19 255 255 50 0 255 147 0 0 0
    255 255 255 0 255 0 255 55 255 0 35 0 255 255 36 255 0 255 229 0 255
    0 0 0 0 0 133 255 0 0 0 255 255 0 0 0 35 255 255 255 255 0 255 0 178
    0 255 54 194 0 53 255 255 255 61 0 255 255 70 0 255 255 0 0 188 0 0
    207 139 0 183 0 0 11 255 255 212 0 0 255 255 255 0 249 62 0 41 255
    255 0 255 97 255 255 69 111 255 255 0 0 21 0 0 255 255 255 255 252 0
    0 255 13 167 0 0 153 245 55 157 135 239 0 103 201 255 0 255 0 0 0
    255 0 255 0 164 0 255 0 0 0 255 255 255 255 137 0 255 255 255 0 95 0
    0 0 255 0 0 255 255 255 60 255 45 0 255 255 255 0 0 0 255 255 255 0
    122 0 255 255 255 0 227 0 118 255 57 0 0 0 255 120 0 98 255 255 255
    0 255 0 0 0 0 255 0 255 0 255 42 255 255 255 0 0 0 255 255 69 0 255
    255 0 255 0 51 0 142 255 255 255 0 255 0 255 0 0 237 255 94 62 0 0 0
    255 254 0 0 28 68 133 255 0 255 255 0 0 0 255 190 255 70 255 188 14
    255 255 74 255 0 0 255 255 255 255 0 0 0 0 255 255 255 0 255 0 0 0
    255 255 255 0 210 0 22 26 255 0 143 0 255 0 255 255 255 255 0 0 0 0
    0 113 229 255 255 255 0 0 255 0 255 255 255 0 255 0 255 255 106 0 26
    0 220 148 20 4 0 255 0 255 0 255 0 0 255 0 0 0 255 48 0 0 179 255
    255 119 196 255 255 28 0 0 201 0 174 255 10 255 0 0 0 0 255 0 255 0
    255 17 224 0 255 255 146 0 255 255 255 0 255 0 255 0 255 213 255 0
    255 133 255 0 0 0 255 255 0 0 255 0 255 0 255 255 255 46 255 255 255
    0 255 217 0 0 239 147 255 0 255 0 255 0 255 0 120 255 0 0 0 255 110
    0 255 255 255 0 0 0 255 255 255 183 125 0 255 255 0 255 255 0 146 0
    0 0 42 184 62 0 219 0 255 0 0 255 0 255 0 0 249 255 255 83 255 0 255
    0 255 255 255 0 30 0 0 0 0 255 255 255 0 255 0 118 255 192 0 255 0
    255 0 255 255 255 255 255 255 198 0 0 0 54 92 255 81 255 249 255 0
    255 0 2 0 255 0 106 0 115 255 111 153 0 111 117 0 0 0 0 255 0 0 255
    255 255 0 0 0 255 67 102 72 255 0 202 0 255 93 0 0 33 255 248 0 255
    255 255 0 0 255 147 255 0 177 0 0 25 99 0 255 255 255 0 255 0 0 255
    0 0 0 0 255 0 255 235 0 255 0 255 0 255 123 0 86 93 0 149 0 255 255
    255 0 0 229 255 255 255 214 255 0 255 0 255 255 163 0 0 255 255 255
    0 0 0 0 0 255 255 255 206 0 126 0 255 0 255 255 255 255 255 243 255
    255 0 241 0 0 0 0 0 255 2 255 0 255 0 0 76 255 41 255 0 255 0 16 255
    0 0 211 0 255 0 0 68 70 3 0 255 0 0 218 255 252 97 0 0 0 255 255 255
    0 0 0 227 0 250 255 153 237 0 253 0 255 0 15 0 55 0 255 230 255 89
    244 255 255 0 0 0 255 0 255 0 239 226 24 0 255 255 255 219 0 0 0 255
    40 255 0 0 0 255 255 255 0 0 0 0 255 255 255 0 0 0 255 0 255 255 255
    54 0 119 0 255 25 0 0 255 255 255 0 0 255 0 255 0 0 0 63 255 0 0 0
    255 255 226 0 0 255 95 255 0 0 255 255 255 255 0 0 0 255 0 0 255 43
    255 0 96 255 255 255 0 0 0 222 255 0 0 0 0 129 43 255 0 255 255 255
    189 0 132 0 255 0 0 255 255 255 255 112 255 255 0 141 255 0 255 255
    0 0 255 0 0 255 0 0 255 51 255 255 0 75 255 255 255 0 235 0 255 255
    255 255 0 255 255 0 0 0 0 255 255 49 0 51 120 8 255 91 119 255 255
    255 255 0 110 255 120 0 0 64 255 0 253 0 126 41 255 43 0 197 0 255
    106 255 110 0 255 255 0 0 0 94 255 18 255 0 179 0 70 255 255 167 0
    188 255 255 255 0 69 0 255 0 255 255 0 0 255 255 255 0 222 0 0 255
    211 213 0 0 255 255 169 166 255 255 244 179 0 0 255 255 15 255 47 0
    2 16 255 255 180 0 0 0 255 255 0 144 209 255 0 0 84 0 0 0 255 0 0 0
    131 255 127 255 78 255 255 255 0 0 0 255 255 255 255 255 94 0 0 0 0
    0 0 0 0 0 115 0 0 193 236 0 255 255 0 31 0 255 255 178 0 60 255 255
    0 221 255 0 255 0 255 0 0 255 0 255 0 0 0 0 255 0 245 0 255 0 255 0
    144 157 0 151 0 0 0 255 255 255 255 0 0 0 0 0 255 142 255 255 158
    179 102 0 115 162 0 255 0 162 0 255 0 255 255 0 0 0 255 56 0 224 255
    176 0 0 255 255 255 58 0 255 163 35 59 0 0 255 255 0 255 0 255 0 255
    0 255 0 0 255 141 108 0 39 169 0 255 0 255 54 255 0 0 0 255 255 255
    255 0 0 0 255 128 0 0 74 0 255 255 255 255 197 255 0 0 0 0 43 255
    255 0 255 0 255 168 255 255 113 6 0 255 0 255 0 0 0 255 255 0 0 255
    0 0 0 255 255 162 0 0 0 0 255 255 0 0 43 216 0 255 255 255 0 191 0
    255 255 255 255 12 255 255 0 0 0 255 0 0 0 255 255 119 0 0 0 0 0 255
    0 255 0 255 0 255 3 189 0 0 0 0 255 255 255 189 255 0 255 255 255 0
    0 255 0 255 20 163 0 255 255 255 0 197 255 255 255 44 255 0 0 0 255
    255 255 0 0 255 255 43 0 69 255 255 133 255 255 239 0 0 0 100 0 255
    0 255 255 0 255 255 114 255 0 255 255 255 235 0 255 219 255 255 255
    0 0 255 0 255 255 14 0 149 22 255 255 255 0 0 255 214 0 116 255 255
    255 255 255 0 0 255 255 255 0 0 255 255 255 0 0 214 53 123 0 255 255
    0 2 255 0 255 255 255 170 0 0 0 255 255 0 0 255 140 0 249 0 255 100
    0 0 0 255 255 255 25 0 101 164 255 88 255 86 93 0 255 255 0 173 112
    83 0 0 0 255 0 255 144 255 0 255 0 0 0 0 0 255 255 255 255 72 0 255
    0 0 0 255 255 255 0 255 255 187 0 0 255 255 255 255 0 174 0 8 0 255
    255 128 0 238 255 255 0 0 34 0 255 255 0 0 211 255 0 0 255 255 255
    67 255 0 0 0 255 69 0 255 203 255 0 0 0 0 0 255 255 255 0 0 0 0 0
    255 0 255 0 255 38 255 255 255 71 0 0 255 16 255 0 0 0 0 98 255 255
    255 255 255 0 82 0 0 0 255 0 255 0 255 17 0 0 255 54 0 0 121 0 255
    205 255 0 65 0 255 0 229 110 255 0 0 255 0 255 255 255 0 255 0 216 0
    203 0 255 255 0 64 255 81 0 0 255 193 255 96 163 255 255 255 125 0
    255 0 0 0 69 0 0 0 255 0 255 255 255 0 255 0 255 0 0 0 0 0 0 255 100
    255 0 0 130 255 255 255 255 108 255 255 255 197 0 255 255 255 0 0 0
    255 0 255 255 0 255 255 255 0 0 56 0 255 255 255 0 0 205 255 0 0 0
    255 255 247 0 0 0 255 255 255 17 242 0 255 255 255 255 0 255 0 255
    46 251 0 146 80 255 114 0 255 0 248 146 255 255 191 0 0 255 255 0
    255 0 255 0 255 255 255 0 0 0 255 255 255 0 220 37 255 255 141 255 0
    0 255 0 255 215 255 255 255 155 0 0 255 255 255 0 185 255 196 0 251
    0 4 255 255 0 140 0 255 0 230 0 255 255 255 60 255 255 213 0 0 255
    255 255 0 151 0 255 255 211 0 191 0 255 0 0 0 255 0 255 255 255 0
    149 178 255 0 0 255 255 255 255 138 249 0 255 255 151 0 0 158 255
    255 0 0 255 97 255 0 255 178 255 0 0 185 255 223 234 0 255 0 0 0 255
    134 0 100 255 255 253 255 0 255 155 0 0 255 255 255 0 230 0 255 0
    219 0 255 0 0 0 255 255 211 255 255 0 0 0 0 154 255 0 255 0 255 255
    94 255 255 255 255 0 0 0 255 0 53 0 255 255 255 0 185 0 131 0 0 0 0
    255 0 94 1 0 153 163 255 0 255 0 255 207 255 201 0 0 0 97 0 255 255
    255 3 251 255 255 255 0 0 0 0 141 255 255 0 237 0 255 255 130 255 89
    255 0 0 255 0 0 255 255 23 0 255 255 0 148 255 255 0 255 0 255 0 255
    220 242 255 255 72 0 93 0 255 48 255 79 255 0 162 0 255 255 255 255
    0 0 0 255 255 255 0 0 120 255 255 255 0 255 0 0 187 0 255 255 0 255
    0 201 0 0 255 0 255 0 99 0 255 0 0 0 255 255 225 0 0 255 0 190 255
    255 255 0 242 0 255 255 255 0 0 255 255 255 0 0 0 255 76 255 146 0 0
    0 0 255 139 163 255 68 182 0 117 64 0 0 255 255 255 255 255 0 0 0 0
    255 2 255 255 65 0 0 0 161 0 118 255 255 0 0 255 0 255 0 255 0 255 0
    255 0 0 0 0 0 0 255 0 0 109 0 255 255 255 0 255 92 255 195 158 168
    255 0 0 255 255 255 0 0 255 0 0 0 0 0 0 255 90 0 0 0 255 255 0 0 0 0
    255 255 0 255 0 0 255 255 255 0 255 8 0 255 255 255 48 255 255 0 0
    255 0 0 255 255 255 0 150 0 255 0 255 0 255 255 255 0 0 0 177 0 255
    0 255 0 255 0 255 10 255 0 0 255 0 255 40 255 0 0 255 0 255 255 255
    9 0 0 0 0 178 255 255 255 0 0 255 0 255 255 0 0 0 255 0 255 255 255
    0 255 0 0 255 255 0 0 0 255 255 0 0 214 255 0 255 0 255 0 255 0 62
    255 255 0 0 255 0 0 0 255 0 247 201 255 255 236 197 255 27 235 0 0 0
    255 255 255 87 0 0 255 0 255 0 255 0 255 0 255 174 190 255 254 255 0
    255 255 162 223 255 254 255 0 0 255 105 0 0 255 255 0 80 0 0 255 255
    0 255 96 0 0 0 255 255 255 0 0 0 0 255 255 255 0 0 163 255 42 255 0
    255 0 0 0 32 0 0 255 255 222 255 255 0 255 255 0 255 255 255 0 0 0 0
    235 255 255 255 0 0 0 255 255 255 255 255 0 0 255 255 91 0 0 255 105
    255 0 255 255 255 0 255 0 0 255 0 255 34 0 0 0 255 255 245 0 0 0 147
    255 255 0 0 93 255 0 255 182 255 0 0 0 207 149 152 255 255 255 0 187
    0 0 255 255 67 0 255 255 229 0 255 0 255 0 255 255 255 0 0 0 255 0
    45 0 255 138 255 0 0 255 0 0 255 0 255 87 255 255 108 78 0 114 0 0
    53 125 255 255 0 255 0 0 0 255 0 255 0 255 255 255 255 0 201 0 57 0
    0 0 24 255 247 253 0 255 46 245 8 0 255 255 0 255 0 27 0 255 255 0 0
    0 255 0 23 0 85 255 255 0 0 0 195 24 255 0 0 0 96 255 40 0 0 0 255
    255 0 0 0 255 255 255 0 255 0 255 255 30 0 255 255 217 0 0 255 255
    255 0 0 8 255 255 0 255 0 255 0 133 255 243 255 0 15 185 194 0 0 0
    255 0 255 0 137 0 0 0 225 252 255 0 255 255 255 8 0 255 0 0 115 255
    112 0 0 0 255 255 255 255 105 255 0 255 0 255 92 0 0 243 255 0 255
    45 255 255 0 255 0 0 0 255 255 0 255 0 199 0 0 130 255 75 195 255
    255 0 0 0 255 255 0 0 56 255 0 20 98 134 143 69 74 0 255 255 0 255 0
    0 0 255 255 0 0 0 255 0 255 0 255 0 255 255 255 255 0 34 212 0 0 0
    255 215 0 0 249 0 255 255 0 0 255 255 117 15 83 36 255 0 0 255 42 63
    255 0 0 0 45 157 0 0 0 0 255 0 255 0 255 0 255 157 255 0 255 0 255 0
    214 87 255 255 255 0 0 84 255 255 255 255 255 0 0 0 255 203 255 189
    255 0 255 0 47 229 255 203 0 255 0 255 0 0 57 255 255 180 149 0 27
    255 255 255 255 0 0 0 255 255 0 0 0 255 255 255 255 0 255 0 255 133
    255 255 0 0 55 0 255 0 61 255 255 0 0 255 0 255 209 255 0 255 0 255
    217 29 255 0 0 36 255 255 203 255 0 255 255 186 177 0 97 255 255 255
    0 255 255 0 255 0 255 0 97 255 255 247 0 0 143 98 255 126 255 110 0
    0 255 255 255 255 0 68 0 161 255 236 214 0 255 0 255 255 255 0 0 0
    255 255 255 0 0 255 0 255 0 112 147 5 255 255 255 0 0 152 255 255
    246 0 0 60 0 255 255 255 255 178 159 0 0 255 0 0 246 0 0 0 255 255 0
    0 154 114 255 255 0 0 255 255 255 255 0 0 203 255 0 255 22 255 0 255
    255 0 6 0 255 255 255 0 0 255 215 255 0 127 255 255 0 255 0 144 0
    171 255 0 235 0 0 0 255 255 255 0 0 0 255 255 0 0 0 255 105 255 0 0
    0 0 0 255 255 0 0 255 0 0 0 255 0 0 0 255 255 255 155 0 0 255 255
    255 0 0 192 0 134 94 255 255 255 0 255 0 255 10 255 99 0 37 157 255
    0 255 0 255 0 255 255 156 0 0 140 217 255 0 255 255 0 255 255 171
    255 0 0 255 255 0 0 0 255 0 0 255 255 255 189 0 0 255 255 0 255 0
    255 255 255 167 0 0 0 157 255 255 255 67 0 0 0 48 0 255 255 0 0 0
    255 255 0 211 96 255 0 255 103 255 174 255 0 0 255 255 0 255 0 174
    255 255 255 0 235 255 0 0 255 255 0 0 0 255 229 255 255 74 0 0 0 255
    255 255 0 255 255 255 0 0 0 255 0 0 0 255 255 0 223 0 0 153 115 219
    255 255 255 255 25 0 255 255 255 255 73 255 255 156 0 0 0 255 255
    255 0 255 255 255 255 0 3 255 255 0 255 85 0 0 255 0 255 0 255 255
    146 255 216 253 29 0 0 0 255 0 255 255 229 0 0 0 0 255 255 207 255
    255 0 82 0 255 255 0 0 0 43 0 255 255 0 0 255 255 255 255 255 0 0 0
    0 0 255 0 255 39 0 0 0 255 84 255 255 190 181 0 255 115 0 0 116 222
    255 91 89 0 47 0 255 255 0 0 0 255 255 0 0 178 255 255 0 0 0 0 253
    255 255 0 0 69 255 212 255 117 255 192 255 0 0 56 255 255 255 255
    255 0 0 0 255 248 0 255 255 255 253 0 255 255 255 246 255 0 0 0 255
    132 0 255 0 93 255 255 0 60 78 255 209 0 0 255 255 255 0 0 7 255 255
    46 0 0 0 222 34 255 0 136 0 0 0 0 255 255 0 255 0 255 0 221 0 255 0
    0 0 0 0 0 255 255 75 255 0 0 0 36 255 191 255 0 255 0 255 255 255 0
    159 0 255 0 186 235 0 30 0 255 0 0 72 255 255 255 255 0 0 0 0 255
    255 255 0 255 0 0 0 255 0 255 0 0 255 255 88 0 255 255 142 0 0 255 0
    226 0 255 255 88 0 0 255 0 255 23 136 0 0 0 0 255 255 255 217 21 0
    215 0 240 0 0 255 255 255 255 255 255 255 27 0 187 0 0 209 92 255 0
    0 0 0 255 255 233 0 0 179 255 255 224 0 0 0 255 255 255 0 0 44 255 0
    255 0 255 0 0 255 126 255 0 0 0 255 143 255 0 0 0 0 0 0 0 255 0 255
    0 255 0 255 0 0 0 0 0 236 255 0 0 0 226 255 255 0 255 0 255 255 255
    255 0 0 255 0 255 0 255 0 206 0 172 255 255 117 0 255 0 0 0 255 0
    255 0 216 0 255 255 255 0 255 128 40 255 0 0 249 0 255 255 255 0 255
    0 6 0 255 0 0 0 0 146 255 255 0 0 0 0 255 0 0 255 255 168 255 0 89
    255 255 255 0 0 0 255 255 255 0 225 0 33 0 255 255 0 77 0 255 0 77 0
    255 176 0 0 237 255 255 255 255 0 0 255 255 55 0 0 129 0 255 255 255
    124 255 173 255 0 255 73 235 0 255 0 0 255 255 255 255 255 255 255 0
    0 0 0 137 255 255 230 0 0 255 0 29 0 255 255 0 255 255 0 0 0 255 0
    71 197 0 255 140 255 0 0 0 255 0 0 255 0 236 0 240 0 72 255 255 255
    0 255 0 255 224 255 17 255 0 255 0 255 255 255 255 208 255 0 255 0
    255 0 0 0 255 255 0 0 0 255 255 255 0 249 0 129 0 255 255 0 0 0 0 0
    255 135 255 91 255 0 255 255 255 0 32 0 0 0 0 0 77 255 255 255 255 0
    0 227 255 50 0 0 0 255 255 255 255 152 115 35 255 255 0 255 0 255 2
    238 0 0 255 0 255 0 255 0 255 0 0 0 255 255 184 63 255 255 255 0 97
    255 30 0 255 0 0 232 255 255 255 0 139 0 0 255 255 255 0 0 255 255
    255 255 0 0 255 158 255 0 255 0 0 255 255 255 0 255 131 205 255 0
    255 0 0 0 0 40 0 255 255 255 0 206 162 246 0 0 121 173 0 255 0 67
    255 230 0 0 255 144 67 255 0 0 0 124 255 255 0 131 255 255 0 0 255
    255 0 0 0 0 0 255 0 255 255 162 0 18 74 127 0 0 0 255 255 255 0 0 0
    0 203 255 105 255 0 180 255 255 0 0 83 255 255 255 0 0 0 210 255 37
    1 0 231 255 245 207 0 255 0 106 0 255 0 0 255 255 0 255 0 0 0 0 0 0
    255 108 0 49 255 255 0 255 188 98 92 0 0 0 255 255 0 255 255 255 0 0
    91 255 255 255 0 0 26 0 0 158 255 255 255 0 0 0 255 255 219 0 255
    255 255 47 255 0 0 0 0 52 255 255 39 0 0 0 255 255 255 0 0 0 0 27
    255 106 255 0 164 0 255 0 146 255 0 255 255 255 255 255 0 0 0 255
    222 0 0 53 0 255 0 255 0 255 76 255 0 218 0 80 255 255 255 0 255 255
    0 0 0 0 255 216 255 0 54 0 255 0 255 255 0 20 226 0 255 255 255 0 0
    0 255 255 0 255 208 255 51 255 0 0 0 204 255 255 242 0 0 0 255 0 255
    255 143 201 255 0 0 255 234 0 0 28 255 255 255 26 41 0 150 255 0 76
    255 55 0 0 255 0 255 0 255 255 255 0 255 255 154 255 255 0 0 0 151
    172 255 0 0 148 144 255 255 0 255 255 0 0 0 255 0 255 0 217 66 255
    255 223 255 255 0 0 0 255 18 33 255 53 255 0 223 0 255 0 255 0 0 255
    255 0 255 0 0 255 255 255 0 0 255 101 255 0 139 255 255 220 0 0 0
    255 0 255 255 0 3 255 0 255 0 255 255 0 0 255 115 185 255 0 255 162
    0 0 255 0 255 0 255 0 255 0 0 0 210 176 227 84 255 67 0 0 255 255
    255 255 90 0 56 0 0 255 255 255 255 0 0 0 217 0 0 255 255 255 0 0
    255 0 255 0 0 0 0 255 255 255 255 0 83 24 255 0 0 0 0 255 163 255 72
    255 0 255 0 214 127 0 0 255 0 255 0 255 241 187 0 141 255 255 0 255
    255 0 243 0 0 0 255 0 255 255 0 0 0 141 0 0 217 0 255 168 90 255 255
    0 255 144 135 0 255 0 171 0 0 255 0 255 0 255 255 246 0 0 0 0 255
    255 255 255 0 255 0 255 0 135 0 255 255 255 255 255 0 0 110 0 255 0
    255 0 255 0 0 0 163 0 0 10 255 0 255 0 255 0 255 0 255 0 0 0 0 255
    255 0 0 5 77 255 0 187 0 16 0 255 0 255 0 255 0 255 0 255 0 255 0
    255 0 0 0 255 44 0 0 0 255 78 49 39 0 0 138 0 255 255 255 255 0 197
    0 0 255 225 255 255 255 255 109 255 89 0 0 255 1 255 0 0 255 255 0 0
    0 255 255 255 0 255 255 255 255 255 0 0 0 0 255 255 255 0 0 255 255
    255 0 255 0 255 73 255 255 255 0 177 0 255 0 12 255 0 255 0 255 0
    255 200 0 136 255 255 251 0 255 0 0 0 255 0 0 240 255 255 0 0 0 255
    111 116 197 0 0 0 0 0 255 183 255 255 255 255 0 255 0 0 0 255 0 35 0
    255 0 0 0 74 0 255 1 223 255 0 143 0 0 255 0 0 0 255 255 255 0 0 0
    255 0 255 4 101 255 0 0 0 0 0 0 0 255 0 105 0 0 255 169 241 255 255
    217 115 255 0 125 0 255 0 0 0 255 255 0 0 132 0 194 255 94 0 98 0
    108 255 255 0 0 255 255 255 0 255 0 255 0 221 241 0 255 0 255 0 255
    50 255 0 255 255 255 255 0 0 255 0 0 212 72 0 153 255 136 0 127 255
    255 0 0 121 255 255 0 58 0 0 255 144 255 255 255 255 0 0 0 255 65
    114 117 255 255 0 255 0 255 74 255 154 0 0 255 255 236 0 0 255 255
    255 176 255 255 0 185 0 255 0 212 0 255 255 255 0 255 0 0 0 255 0 0
    255 255 255 0 0 15 255 255 255 8 95 0 0 255 66 255 255 255 0 0 0 0
    255 255 255 255 57 0 0 198 255 255 255 255 0 255 0 217 226 91 255
    255 255 255 255 255 201 255 216 255 255 242 0 0 255 255 255 99 0 1 0
    255 208 255 0 255 0 0 255 228 255 255 255 70 0 160 86 0 76 255 255
    32 255 0 0 249 12 109 0 255 0 255 255 183 0 0 0 255 255 0 0 152 255
    0 0 32 255 255 0 0 103 0 255 133 255 255 0 0 0 255 255 255 0 0 255
    255 0 127 255 255 220 119 255 39 0 255 190 255 0 255 252 255 206 255
    1 0 135 0 255 255 255 0 0 0 255 134 255 255 255 255 255 0 0 255 0
    244 0 0 138 255 0 0 255 0 255 255 255 255 190 255 0 231 0 0 255 0
    187 255 255 0 255 255 0 255 0 0 0 255 255 255 255 105 0 0 0 0 0 255
    66 255 0 0 0 255 255 255 255 255 234 51 0 107 255 0 0 0 14 112 255 0
    0 0 82 255 93 0 228 209 255 255 0 255 0 118 255 255 0 255 0 255 100
    0 0 0 255 255 0 0 255 0 255 29 255 0 255 0 255 255 70 255 0 145 2
    255 0 115 0 227 0 255 255 86 0 0 0 255 255 255 0 255 0 0 81 0 255 89
    255 0 255 255 0 0 255 255 48 0 255 255 255 255 0 255 255 1 0 0 89 35
    210 255 255 255 255 0 0 0 57 255 0 255 59 255 0 175 0 255 0 255 255
    141 0 0 255 255 255 0 255 255 255 0 255 0 0 0 254 0 137 0 100 255
    255 0 0 103 255 201 184 255 255 255 0 22 0 255 0 255 255 71 0 0 255
    255 99 255 255 255 0 0 0 0 255 255 80 0 255 0 255 255 255 0 255 0 71
    0 255 0 0 0 118 255 177 255 255 0 0 190 255 255 0 255 255 204 80 255
    0 0 232 0 255 255 255 0 255 140 255 0 227 255 20 0 255 255 255 35 0
    0 24 196 255 0 255 255 6 255 255 255 0 0 0 63 134 255 68 121 0 175
    255 255 255 0 0 0 0 255 255 255 255 0 255 0 157 0 122 91 255 255 131
    152 132 255 133 0 0 255 0 255 255 0 255 78 255 0 0 0 189 255 255 0
    10 0 255 255 0 0 0 255 255 255 0 0 177 255 255 172 0 255 0 255 255
    255 0 255 255 255 0 0 0 36 0 255 220 255 0 0 255 0 255 255 151 255 0
    255 138 255 0 0 255 0 255 162 255 34 0 0 255 181 255 0 255 0 255 118
    0 0 255 255 0 255 0 162 0 197 208 255 255 0 0 0 255 243 255 26 255
    255 0 255 255 0 0 0 79 129 255 149 255 255 0 0 0 104 201 0 255 92
    206 190 255 255 0 32 35 255 0 0 255 255 0 98 162 255 0 227 255 0 255
    255 0 0 230 122 0 255 0 255 0 0 0 0 0 0 255 0 255 255 255 0 0 0 0
    255 255 0 255 0 0 0 0 205 84 194 225 0 255 255 0 0 255 255 255 0 0 0
    255 0 0 53 143 45 0 0 23 255 0 0 0 255 255 255 98 0 255 9 219 22 255
    0 255 255 38 255 255 222 0 0 255 255 255 0 0 0 0 0 255 255 255 0 255
    0 119 84 255 255 143 157 49 0 0 255 255 255 136 255 106 255 0 0 162
    0 0 187 255 255 0 0 255 0 255 0 200 255 255 154 0 0 0 255 0 255 255
    255 0 26 0 255 5 255 0 255 255 97 140 126 0 255 0 255 0 0 255 237 0
    0 255 0 255 255 0 159 0 255 255 0 255 0 0 86 255 0 255 0 255 0 0 162
    255 255 0 197 0 0 255 255 255 0 0 0 140 255 86 75 0 255 0 255 0 255
    255 255 127 0 0 0 255 255 218 223 0 230 0 219 0 242 255 182 255 0
    255 0 245 255 255 255 255 255 174 0 133 255 255 0 203 0 0 255 100 0
    19 255 255 255 0 255 0 0 237 234 255 0 26 255 0 255 17 0 0 0 0 0 255
    0 0 0 255 255 255 255 255 44 255 0 255 0 182 207 0 255 255 0 0 0 255
    255 255 255 0 0 130 0 0 0 213 0 255 126 87 0 255 14 255 255 255 255
    0 0 228 254 255 0 0 0 255 177 255 255 0 0 255 255 255 213 255 0 0
    255 255 0 0 0 0 255 255 255 255 0 255 0 255 255 255 0 255 194 0 255
    243 255 132 0 111 0 0 255 255 0 0 0 114 255 255 0 0 0 0 255 255 255
    0 0 255 192 52 0 0 0 255 84 255 210 0 255 255 255 0 11 255 0 255 0
    180 0 0 0 0 0 170 0 0 144 0 255 255 0 255 255 255 0 255 0 255 41 131
    0 3 0 255 108 255 0 255 0 0 0 205 255 255 0 255 0 0 144 255 255 91
    255 0 255 0 110 0 0 118 255 255 222 215 0 0 255 0 255 0 158 0 255
    255 0 0 0 255 17 0 0 255 255 255 0 255 0 240 117 255 0 255 0 0 0 255
    255 255 255 52 255 0 255 255 0 0 0 135 255 255 255 0 0 0 255 0 255
    255 255 255 0 0 0 0 255 255 255 95 255 255 255 0 144 0 255 0 82 0 0
    255 255 0 0 97 113 255 255 251 164 255 255 0 255 255 0 0 0 255 44
    255 0 255 252 255 255 0 0 0 255 255 255 206 255 0 0 0 0 255 187 110
    255 205 0 128 255 96 162 0 245 255 0 255 0 255 0 1 255 255 255 0 0 0
    141 0 255 255 0 129 255 255 0 0 255 0 0 17 255 255 255 90 255 0 0 0
    255 0 0 0 255 255 255 0 86 255 255 171 0 0 255 255 0 0 0 0 0 255 255
    0 0 0 255 255 255 255 150 0 0 0 0 0 255 255 255 253 224 255 255 0
    133 255 0 0 0 255 0 255 0 187 0 247 0 255 0 255 255 255 0 0 0 0 155
    65 0 0 255 20 27 0 16 0 255 255 255 0 0 115 0 0 255 16 255 31 0 0
    255 255 255 0 0 100 255 86 0 255 0 255 0 255 0 148 128 0 255 0 255 0
    255 11 255 255 194 0 0 252 255 255 0 0 255 0 0 0 0 0 145 255 248 0
    255 0 255 178 0 255 155 0 0 0 253 0 0 0 0 148 255 0 34 255 255 0 255
    0 255 233 255 161 255 255 0 0 10 255 181 255 0 171 0 0 255 0 0 0 77
    255 208 243 255 255 255 217 255 0 0 0 0 255 0 0 255 0 0 255 255 0 0
    0 0 0 0 255 255 255 0 70 229 0 0 201 131 0 255 30 0 0 0 0 255 0 0 0
    48 0 0 30 255 0 0 0 255 0 66 255 255 227 255 0 165 0 255 255 255 126
    0 0 255 255 0 0 0 255 0 255 0 0 27 255 0 0 0 19 255 223 255 0 17 82
    238 0 69 255 255 173 182 0 85 255 255 255 255 255 235 255 59 185 255
    170 255 0 0 215 86 171 0 0 224 255 0 0 0 0 0 255 58 255 255 0 100 38
    255 203 0 0 0 255 252 255 0 0 0 0 255 255 0 0 0 255 0 255 165 255 0
    0 34 255 50 0 255 0 255 0 142 136 0 255 0 0 255 255 0 255 0 255 0
    255 255 0 255 0 255 0 0 0 255 0 155 255 255 255 255 255 0 0 0 255
    255 255 0 0 255 255 255 255 160 0 0 0 255 255 255 255 255 0 52 255
    255 0 233 252 255 207 255 0 166 255 255 129 0 255 83 255 0 6 0 60
    255 255 255 0 0 0 0 0 0 0 255 0 255 229 255 0 0 0 0 255 28 255 211 0
    0 255 0 255 255 0 0 255 255 255 0 0 0 255 0 255 255 255 255 0 0 0
    255 0 255 5 255 116 255 0 255 0 199 255 0 255 0 255 255 255 0 255
    255 153 0 255 255 0 0 255 0 0 121 0 255 255 113 0 0 0 34 101 0 0 252
    0 255 181 99 0 0 255 255 255 255 0 173 0 255 114 255 255 30 0 0 255
    0 255 0 255 0 255 0 255 198 0 255 255 0 0 0 0 0 0 255 12 255 169 255
    255 255 255 61 0 255 86 0 255 192 0 171 162 191 255 0 0 0 255 0 255
    0 0 0 255 255 173 255 0 0 255 107 255 0 255 0 0 0 255 255 255 239 0
    255 255 77 0 255 0 0 255 255 157 11 134 255 89 255 255 0 0 0 0 255
    255 255 255 0 0 255 255 0 0 0 255 255 0 0 255 0 0 0 255 255 255 0 0
    250 222 0 255 255 0 0 0 158 255 255 0 0 0 255 255 23 255 255 255 0
    149 0 255 255 255 0 114 0 255 0 0 0 255 255 0 255 255 0 0 0 255 255
    0 255 0 255 0 255 255 255 0 0 0 0 30 0 255 255 255 0 0 216 0 255 126
    255 0 0 255 0 255 0 218 255 0 255 0 255 122 229 0 0 0 255 255 35 0 0
    255 0 0 0 73 0 34 255 255 0 0 0 12 255 132 118 0 255 246 255 112 255
    139 0 0 255 127 0 0 255 255 0 0 0 255 0 147 79 255 0 255 255 255 0 0
    0 255 255 0 0 255 255 255 255 0 0 0 72 0 0 0 177 255 255 0 0 0 0 13
    0 255 255 0 255 0 0 104 255 0 255 255 102 251 0 0 78 255 143 188 0 0
    255 0 0 0 255 233 255 0 147 247 255 255 0 255 255 151 255 0 191 255
    255 0 255 255 23 255 0 255 0 255 0 255 255 41 0 221 151 255 0 255 0
    74 68 255 193 255 68 168 255 255 0 17 24 255 0 255 49 255 188 0 54
    255 0 0 199 255 255 255 255 0 189 255 0 255 191 166 0 255 255 255
    255 0 232 0 255 0 205 247 255 255 255 236 0 0 0 255 255 120 0 0 0 0
    140 0 255 0 180 0 0 0 255 0 255 255 1 255 255 24 255 255 0 0 0 255
    87 224 255 0 255 0 0 0 35 255 0 255 0 19 255 255 255 197 255 0 255 0
    255 255 19 255 0 192 255 0 65 255 255 238 255 0 255 255 255 255 0 0
    212 0 254 255 255 255 62 255 156 255 0 255 0 255 203 255 0 104 0 255
    255 255 0 0 0 255 118 0 0 0 255 245 255 0 255 0 255 49 0 37 255 255
    255 255 255 0 224 0 0 141 255 255 255 0 0 0 255 144 66 255 0 255 0 0
    0 255 0 0 255 0 26 95 82 0 0 0 137 255 255 255 0 255 0 0 0 72 0 255
    255 255 211 0 0 255 255 255 0 0 255 255 0 0 157 0 255 0 255 255 122
    0 208 0 255 0 5 56 5 12 255 255 0 0 255 255 0 0 0 255 255 0 255 0
    255 0 255 0 255 233 255 197 255 0 99 86 255 198 177 0 255 0 83 255
    207 0 0 110 255 0 255 255 107 255 0 255 0 0 0 0 54 0 0 0 122 0 99 0
    255 0 255 0 108 0 0 255 255 255 93 255 255 0 0 0 0 0 255 137 255 0
    66 0 255 255 255 0 255 153 0 255 119 255 0 0 255 255 0 28 95 255 255
    0 0 0 255 0 173 255 255 0 0 0 0 255 255 0 0 0 255 181 255 0 255 0 8
    255 0 0 0 255 255 255 0 0 255 0 0 255 255 255 255 0 0 0 255 0 0 0
    255 126 255 0 255 255 255 73 0 0 255 255 0 132 0 159 98 0 255 255 29
    255 255 0 0 0 0 255 255 255 255 9 0 0 0 255 62 255 255 0 0 0 107 255
    255 0 255 0 0 0 255 255 255 83 117 255 0 255 255 0 126 0 255 255 49
    0 0 0 186 65 34 0 255 255 255 0 0 0 178 255 0 0 255 0 255 255 255
    255 0 0 0 0 255 0 115 128 0 255 170 255 250 50 255 0 89 0 255 255
    255 150 0 0 255 0 0 255 0 255 46 0 0 255 255 255 119 255 0 0 0 20
    255 0 0 255 255 0 171 255 7 0 2 0 255 255 0 129 0 92 0 248 43 0 255
    27 0 0 0 0 230 166 0 255 255 255 0 0 255 0 255 0 126 0 238 0 0 0 167
    255 193 155 255 255 255 0 255 0 255 255 255 0 0 255 0 255 0 255 255
    255 0 255 0 0 0 219 201 0 255 0 255 156 255 255 0 122 0 121 255 255
    255 0 255 0 40 21 255 255 255 0 0 195 255 255 0 255 0 255 255 85 255
    109 142 255 210 0 253 0 255 255 116 216 255 255 92 58 0 0 255 144 0
    0 255 255 255 193 0 0 255 255 255 0 204 255 178 107 255 121 255 79
    255 27 21 0 255 0 255 5 255 255 255 0 244 0 0 255 0 0 0 244 241 0 0
    255 157 255 255 156 0 0 0 0 255 131 255 0 255 0 255 255 0 255 181 0
    0 255 255 0 227 0 255 255 255 255 230 255 0 255 0 255 255 227 194
    211 0 0 255 255 255 255 0 255 0 0 0 0 255 0 0 255 255 0 0 0 255 0
    255 0 255 0 37 0 255 255 255 255 0 0 255 255 24 0 255 0 226 0 0 255
    255 251 255 0 0 255 201 0 0 255 0 0 255 255 103 0 0 234 218 255 0 0
    0 255 255 255 255 221 119 255 167 255 0 255 0 153 171 255 0 115 0 0
    117 155 255 255 0 186 0 255 255 0 255 255 0 255 255 255 65 0 0 255 0
    0 0 255 79 255 0 0 0 255 255 68 255 0 0 255 0 255 97 0 0 0 0 25 255
    0 255 14 156 0 0 255 0 255 158 255 0 0 0 0 0 255 88 255 0 247 78 137
    217 255 174 255 196 114 6 255 0 255 255 227 204 0 0 255 255 67 0 0
    255 255 255 39 255 161 230 0 125 255 163 0 1 255 0 255 0 0 0 255 0
    255 0 203 255 255 0 0 0 255 42 255 215 14 0 0 0 0 0 255 98 255 0 255
    211 0 0 0 255 173 255 255 255 157 0 0 0 0 255 255 255 255 108 0 0
    166 255 0 0 0 255 255 0 68 50 255 255 255 0 87 168 62 255 186 0 41
    255 255 0 255 0 255 255 0 219 140 0 255 58 255 159 255 255 66 0 0
    255 255 0 0 255 255 0 0 255 0 212 255 206 255 0 0 0 0 255 255 0 20
    31 161 0 255 255 255 0 0 0 229 0 255 0 242 0 255 255 0 255 0 255 0
    255 0 255 255 0 255 0 255 0 255 0 255 0 91 0 255 0 255 255 172 0 0
    255 255 255 0 0 0 255 255 0 0 0 255 0 50 196 255 255 0 0 128 255 0
    253 0 255 255 0 255 0 255 0 150 134 129 0 0 255 0 23 0 255 255 255
    255 255 0 255 0 255 194 255 0 255 255 255 255 34 255 101 255 0 255 0
    255 255 255 0 255 255 150 0 0 255 255 150 255 244 255 255 0 117 255
    255 255 0 0 95 0 150 137 0 0 255 172 255 0 164 0 1 0 255 167 0 213 0
    255 11 231 81 255 0 0 255 255 255 51 0 0 0 255 0 255 0 0 0 255 255
    255 255 0 255 0 255 180 0 0 255 255 210 255 255 0 255 65 255 255 255
    0 255 0 255 255 0 255 0 0 200 255 255 0 255 0 0 0 255 255 255 255
    255 48 0 0 0 255 0 255 255 0 0 185 255 166 198 0 0 255 255 255 74
    255 49 50 0 224 255 0 255 0 83 255 255 0 0 0 255 255 255 0 0 255 255
    255 129 0 0 192 15 0 0 255 255 255 255 38 0 0 255 255 255 255 0 240
    0 255 255 19 0 158 255 255 255 0 0 255 157 255 158 130 51 0 255 0
    255 0 255 55 255 42 0 255 0 255 0 255 231 148 0 255 0 0 49 0 255 211
    230 244 255 255 0 0 0 255 255 255 255 255 0 255 0 127 0 186 255 255
    0 0 0 255 40 255 0 255 0 7 0 182 255 255 255 0 0 0 255 0 255 0 255
    172 0 0 255 0 157 0 255 255 0 230 255 0 255 0 0 0 255 255 0 0 255
    255 0 0 0 0 255 236 0 0 0 255 255 255 255 0 0 142 255 255 216 0 255
    0 255 0 255 0 0 0 255 255 255 0 255 166 255 255 0 255 0 255 5 0 0
    255 255 255 255 0 32 254 255 255 0 255 0 122 0 255 255 255 234 255
    255 171 0 255 255 255 153 149 0 255 0 255 0 0 0 0 255 63 65 0 255 0
    0 0 255 0 255 0 255 131 254 18 255 108 255 255 255 255 0 255 0 229 0
    44 0 0 255 0 255 0 255 0 242 0 255 0 255 0 0 0 255 255 255 0 255 255
    255 244 255 0 2 0 255 0 255 0 255 255 255 0 255 0 255 0 255 255 0 54
    108 91 0 207 255 25 214 0 0 0 193 255 255 0 0 255 255 0 0 255 255
    255 0 0 91 255 0 0 0 0 255 0 255 255 255 255 0 0 255 0 0 255 255 16
    255 0 0 0 0 0 0 244 179 255 255 0 255 255 255 66 0 0 255 255 0 0 0
    255 0 0 249 0 255 0 255 0 255 255 255 255 0 255 255 255 18 0 26 255
    255 0 0 245 255 124 0 0 0 255 255 255 255 0 51 0 0 255 123 0 37 0 0
    171 0 218 0 148 255 255 0 0 19 0 0 255 24 0 201 0 255 0 0 255 0 255
    0 0 0 126 118 255 255 0 0 255 255 255 202 255 0 255 178 255 29 255
    138 112 0 15 0 255 0 255 255 255 255 0 255 0 191 255 0 255 0 255 0 0
    255 255 255 255 169 0 45 0 0 0 0 151 255 0 255 255 0 0 255 255 116 0
    0 255 255 255 255 142 255 0 0 0 176 186 255 104 0 0 223 194 0 130
    255 255 0 0 175 255 255 122 140 0 255 255 255 255 255 0 58 0 255 0 0
    108 0 238 255 255 255 0 255 255 0 0 158 238 0 255 255 255 255 255 43
    0 230 255 255 0 0 255 255 255 255 0 0 0 255 255 0 0 255 255 0 0 0
    255 0 255 0 0 255 255 255 0 14 0 0 255 102 208 255 255 0 255 0 255
    204 64 0 0 146 197 4 255 49 0 255 227 47 179 167 255 75 0 0 255 0
    255 0 255 0 255 0 255 0 0 0 255 255 0 48 0 255 210 255 255 0 0 0 255
    0 35 152 255 0 155 150 0 255 0 255 92 0 89 255 173 6 62 0 7 255 255
    0 51 0 255 0 255 61 255 171 0 0 105 255 103 110 0 241 255 255 255
    255 255 0 255 0 255 0 180 255 0 255 0 255 255 0 0 0 76 118 165 243
    76 255 255 0 255 0 0 149 15 0 255 0 255 69 255 0 255 0 130 0 0 255
    255 0 0 0 255 255 255 255 220 255 0 255 255 0 0 0 233 255 255 255 59
    209 0 0 255 255 0 255 197 255 0 219 0 213 0 0 0 83 0 255 255 255 225
    255 0 255 0 232 19 255 255 0 0 255 255 255 12 255 139 255 0 237 255
    0 255 255 0 0 0 243 255 255 60 0 0 0 252 255 255 54 255 0 22 0 101 3
    0 255 149 0 0 0 97 255 255 255 255 0 37 0 255 255 255 255 0 0 0 255
    255 255 0 127 255 255 0 255 0 36 0 154 255 255 0 216 195 255 0 255
    242 226 0 0 0 255 180 255 255 255 0 0 0 255 255 255 0 0 255 255 0 0
    0 255 0 236 0 255 255 255 255 84 255 0 0 201 255 255 247 13 255 255
    255 0 0 7 0 20 255 255 255 65 0 0 0 255 255 255 0 0 255 255 255 0 0
    115 255 255 185 255 0 0 0 255 255 0 255 0 0 190 200 0 255 0 0 255 0
    255 0 0 132 0 255 255 255 255 0 44 0 185 255 0 0 0 0 0 172 161 255
    255 0 177 0 255 0 255 255 169 131 0 234 0 255 196 255 0 101 0 0 9
    255 255 64 0 0 255 0 255 0 255 0 0 255 0 255 0 255 0 0 0 0 0 255 169
    255 0 0 0 198 255 226 56 255 255 255 255 255 0 0 255 0 255 255 0 255
    0 255 0 255 0 255 0 0 0 92 0 0 255 255 255 255 255 255 0 255 0 226 0
    0 0 0 255 0 0 255 15 11 0 0 0 255 255 0 0 0 255 255 38 255 255 0 131
    0 255 0 0 255 255 255 0 0 0 255 255 17 255 0 255 0 255 0 94 255 255
    0 0 0 195 255 255 0 0 255 127 255 79 174 255 181 255 255 0 37 0 255
    0 255 0 255 255 122 29 0 207 255 0 0 0 255 12 255 217 0 0 255 255 0
    255 0 255 0 0 255 0 255 255 0 59 0 255 255 92 0 0 0 255 255 255 255
    0 0 255 255 255 0 255 10 255 255 255 255 255 0 255 0 0 0 255 81 165
    255 255 255 0 255 0 255 131 0 0 0 255 0 200 255 255 255 81 180 255 0
    255 0 0 0 0 255 255 0 0 0 0 0 255 255 255 0 255 0 255 0 136 0 0 0 0
    255 0 255 202 255 255 0 0 255 0 255 255 0 0 255 255 0 112 0 255 218
    88 0 255 0 255 186 255 0 146 56 255 0 255 102 0 255 99 158 255 255
    255 255 0 65 255 255 106 0 255 0 0 185 39 0 255 250 255 0 0 19 0 247
    255 0 0 255 255 255 0 201 0 255 81 255 0 0 255 0 0 0 255 182 182 154
    0 233 0 255 0 255 119 255 0 0 255 255 59 0 255 0 15 255 255 255 255
    0 199 255 0 0 0 255 255 255 0 255 72 200 0 148 0 0 255 255 255 0 0
    72 116 255 0 255 0 0 0 255 216 255 0 255 255 0 255 255 255 75 0 255
    255 0 0 255 255 0 188 0 0 0 255 255 0 0 0 0 216 255 0 255 255 14 220
    0 129 255 255 1 0 0 197 255 255 0 0 0 184 0 227 255 255 163 255 0 0
    0 0 0 255 255 207 0 0 20 0 147 197 255 255 0 255 255 255 50 0 0 0
    197 235 0 0 255 0 208 255 255 255 0 255 255 255 255 0 0 0 0 255 255
    255 255 0 0 0 0 0 32 255 255 255 255 0 0 255 114 0 0 255 97 255 6
    255 152 255 0 0 0 250 255 255 0 0 255 0 255 255 244 183 0 255 255 0
    11 0 151 0 255 0 255 255 0 198 0 255 0 0 255 255 255 0 255 0 0 164
    255 255 0 127 255 0 0 237 255 0 0 255 0 0 255 255 255 0 0 0 255 255
    255 0 255 255 0 0 255 255 0 159 0 253 255 0 255 255 122 0 0 0 0 255
    255 255 0 0 0 32 0 255 0 255 255 24 0 0 11 255 255 0 0 255 0 0 0 255
    255 62 0 255 255 31 0 231 0 220 255 255 255 0 255 0 255 81 0 0 255 0
    0 0 255 255 255 255 0 255 255 255 0 255 19 229 255 59 255 255 214 0
    0 255 0 255 255 255 0 0 255 0 0 118 0 101 255 0 0 129 255 73 0 0 0
    255 255 255 255 255 0 0 61 129 113 0 57 0 107 237 255 0 255 255 255
    170 0 66 0 0 255 255 255 0 103 255 0 255 0 255 255 247 231 0 0 0 129
    209 255 0 255 0 255 67 255 0 0 0 255 255 0 50 0 255 255 255 0 0 113
    255 255 0 0 255 255 255 0 0 0 2 0 0 255 255 0 0 0 143 0 255 255 255
    255 255 0 0 56 0 167 0 0 255 255 24 168 0 255 166 255 255 0 255 255
    255 0 126 0 255 255 0 0 0 123 255 0 0 0 206 255 124 193 0 0 255 0
    255 220 124 255 154 255 40 255 255 0 255 192 6 255 0 0 0 168 255 133
    70 149 255 255 228 0 0 241 255 255 255 219 0 0 255 255 255 0 0 255
    255 123 0 0 0 0 0 0 255 255 255 0 230 136 224 255 3 0 255 0 255 255
    255 255 0 0 0 255 0 255 0 255 255 255 0 0 234 0 255 0 255 255 255
    255 112 255 19 0 255 0 255 0 0 0 255 0 0 255 255 255 0 0 0 255 115
    255 255 255 238 0 0 255 33 255 0 255 255 46 255 0 0 0 255 255 215 0
    255 0 0 255 141 255 255 132 0 0 170 0 0 239 255 255 0 0 56 17 255 0
    0 84 150 255 255 255 0 0 0 0 184 0 73 0 80 198 255 255 0 0 255 255
    255 0 255 255 107 2 0 255 0 255 0 255 255 255 0 255 255 255 255 80 0
    0 0 255 0 255 0 255 144 150 0 255 255 123 255 0 157 0 0 255 255 255
    0 0 255 255 127 255 0 0 0 255 40 0 0 210 255 159 244 0 0 0 255 0 69
    52 255 0 255 0 255 175 255 0 255 0 0 0 0 255 255 255 0 99 83 104 0
    255 0 0 0 255 0 255 227 255 125 255 255 0 155 0 255 135 255 255 255
    30 255 255 0 0 0 255 255 255 189 0 255 0 255 255 255 0 0 0 255 255 0
    255 0 0 3 255 255 0 0 0 0 255 0 255 0 255 255 0 0 0 0 255 255 255 0
    255 255 0 0 0 26 255 0 255 0 0 0 255 255 255 0 0 0 255 255 94 109
    255 255 0 255 0 255 0 255 0 255 255 196 154 246 255 98 136 171 255
    255 255 0 0 0 255 85 188 0 37 0 255 255 145 238 0 255 255 96 0 255
    251 255 0 167 255 0 27 0 255 0 255 0 255 255 255 255 4 211 255 0 255
    0 255 178 0 0 255 255 255 92 255 184 255 255 255 255 0 255 0 231 0 0
    0 255 0 0 0 0 0 255 255 255 0 0 255 0 77 255 255 255 255 0 109 0 74
    0 0 0 249 255 255 30 255 0 255 255 0 0 0 255 232 255 0 49 255 22 255
    201 188 0 0 250 191 53 0 0 0 255 0 255 255 255 0 255 0 0 0 105 255
    255 29 94 0 34 0 255 255 255 0 0 0 255 173 255 62 255 8 193 0 255
    255 255 255 255 213 0 5 0 0 255 255 255 0 36 255 255 0 255 255 0 0 0
    250 0 0 255 0 255 0 255 255 0 0 0 0 237 0 255 0 233 0 255 255 255
    130 255 255 255 0 192 255 255 0 0 0 150 0 209 32 0 0 11 255 0 0 115
    255 255 255 0 0 0 133 107 132 255 255 177 255 56 255 255 255 0 0 0
    255 255 0 0 0 255 174 238 0 0 52 0 0 147 255 0 255 0 236 0 255 0 255
    255 255 96 104 0 255 255 255 45 255 0 255 0 104 0 255 15 255 0 255
    81 255 0 0 255 25 20 0 255 255 0 0 108 255 0 255 255 255 0 0 255 253
    255 0 255 255 216 0 0 0 222 143 255 255 0 0 0 255 0 255 255 43 0 0
    255 251 0 0 255 18 0 0 255 255 255 255 24 0 223 255 0 255 91 255 0
    255 255 255 255 128 255 0 0 255 255 255 0 255 255 37 0 0 0 255 16 0
    0 37 255 0 0 255 50 255 0 94 20 96 0 255 12 165 0 255 255 255 0 0
    255 255 255 0 0 66 255 255 0 255 0 255 255 249 0 0 69 255 223 0 174
    255 255 255 0 255 0 255 0 0 15 255 132 0 255 255 255 0 222 0 177 206
    0 255 255 128 0 0 58 255 0 0 0 255 255 255 193 46 255 255 249 87 0
    255 0 11 0 255 255 33 0 0 0 255 0 255 8 0 0 255 255 255 136 255 0
    255 255 255 152 0 0 191 0 255 0 255 255 0 255 0 250 0 255 255 255
    255 0 0 0 0 255 0 255 0 0 255 255 255 0 255 255 204 0 255 0 202 0 0
    255 255 255 0 110 0 0 0 255 16 0 59 236 138 255 255 255 0 0 0 0 0
    255 255 146 164 255 255 0 0 0 222 255 255 0 142 255 255 251 0 0 255
    196 255 255 255 255 0 0 0 5 255 227 6 255 134 127 0 255 0 0 255 0
    255 0 255 189 46 0 0 0 186 255 0 0 234 255 0 255 0 255 0 0 0 227 255
    0 0 114 22 255 255 0 0 0 255 0 0 0 255 255 0 0 0 255 17 0 255 255
    255 0 255 0 0 0 255 255 255 94 0 255 255 255 255 0 255 0 195 0 255
    31 255 36 255 37 137 0 0 0 255 255 255 0 0 0 0 255 255 255 0 255 255
    0 0 255 0 184 0 255 255 221 0 255 0 255 146 255 0 0 255 0 82 0 175
    128 255 0 255 255 237 0 255 255 255 0 0 0 147 238 213 0 255 255 255
    0 0 0 255 201 171 183 0 255 189 0 0 0 0 255 0 255 0 255 255 208 255
    255 0 0 0 255 138 71 255 172 130 255 255 64 0 0 255 255 0 0 253 0
    255 0 255 0 6 0 124 0 0 255 255 255 0 37 255 0 0 0 239 255 0 0 0 180
    113 255 255 206 0 0 255 255 115 255 0 0 0 255 0 141 0 255 255 208
    152 0 255 255 0 0 255 0 255 0 0 135 138 156 0 0 255 255 0 255 0 153
    0 255 0 0 0 0 255 0 255 63 255 235 0 255 0 0 255 255 0 0 255 59 255
    255 255 255 0 201 252 0 3 255 0 0 255 255 255 207 0 0 139 255 255 0
    12 0 255 0 124 220 255 255 255 251 0 0 255 255 0 255 186 0 0 255 38
    255 251 159 255 0 255 0 255 0 172 248 214 0 0 0 255 255 255 255 0 0
    0 27 255 128 149 0 255 242 0 0 0 130 255 0 0 0 0 44 139 255 145 0
    255 255 0 0 255 194 0 255 0 0 0 0 255 255 255 0 255 182 255 255 255
    255 0 255 227 39 255 255 255 0 0 0 234 0 255 255 255 255 42 127 0 0
    0 0 255 255 255 0 255 0 255 255 255 0 0 255 255 255 0 0 0 255 0 255
    255 5 0 0 255 255 255 255 0 170 0 255 255 255 0 153 0 10 255 255 0 0
    255 197 0 255 255 0 255 255 0 255 255 255 148 0 0 20 255 213 255 186
    0 0 251 255 255 0 255 0 106 47 255 0 255 255 0 0 0 255 0 0 255 255
    255 0 0 29 255 255 0 255 0 87 0 0 255 255 152 8 255 255 0 0 255 255
    255 0 0 0 96 255 255 255 0 0 0 255 255 210 0 16 43 255 255 0 0 255 0
    255 0 255 240 255 255 0 0 255 0 0 0 255 0 21 0 255 0 191 255 246 255
    0 0 0 128 0 255 0 0 255 0 255 0 0 0 107 255 255 0 0 255 128 255 255
    255 0 0 255 255 255 29 0 151 255 0 255 255 255 0 255 255 0 0 0 255 0
    255 0 183 0 0 255 124 0 52 0 255 0 255 255 255 255 0 255 64 225 0 0
    0 0 0 255 0 162 73 255 23 0 0 0 216 0 255 0 0 32 255 255 0 0 255 255
    255 80 0 0 255 0 255 0 0 0 0 255 12 255 0 255 0 255 0 255 255 200 0
    67 85 0 0 255 0 0 113 0 0 255 93 255 0 255 255 238 0 0 255 255 255 0
    0 117 255 231 0 0 255 86 255 0 0 255 0 255 57 0 0 0 0 255 255 255 0
    28 0 255 97 255 14 255 0 255 255 255 173 0 155 0 105 108 255 174 0
    170 229 0 255 190 75 0 0 0 0 255 255 255 0 0 255 0 19 101 255 0 255
    130 255 0 0 72 22 0 255 255 158 255 0 145 174 255 0 108 255 0 0 255
    255 0 25 0 255 255 255 0 172 255 255 0 255 0 83 0 255 160 255 255
    154 255 255 255 0 255 255 255 0 96 255 0 255 0 255 255 255 255 255 0
    255 162 255 255 0 0 192 229 255 0 0 0 0 255 23 255 0 152 255 0 0 0
    162 255 255 189 0 255 0 255 0 238 0 255 255 164 247 255 0 255 255
    255 255 255 47 0 36 131 255 0 0 255 255 12 255 0 0 255 0 255 0 0 255
    0 0 0 255 255 0 255 8 255 0 255 201 0 0 255 255 255 0 0 0 167 255
    255 31 105 17 163 0 0 85 0 236 69 9 255 0 0 0 125 255 255 255 69 255
    255 0 42 0 0 255 59 255 0 255 255 51 187 0 255 174 0 255 0 90 190 96
    218 0 255 255 255 0 255 0 255 0 255 0 0 186 0 255 0 183 235 255 0
    255 255 0 0 255 0 255 0 255 255 186 0 0 0 14 255 0 0 236 0 255 255
    255 0 162 207 255 0 0 0 255 255 255 0 255 0 255 255 4 255 255 0 0
    187 255 255 255 0 255 255 0 0 119 218 255 0 122 215 227 50 0 0 0 255
    255 255 255 255 0 0 255 255 0 0 0 255 0 0 0 0 0 0 196 0 255 255 255
    0 0 0 255 239 255 255 0 136 0 0 255 255 255 0 0 255 0 255 255 255 0
    0 31 10 0 177 0 0 255 255 236 255 0 95 0 255 0 178 255 255 36 0 0
    255 255 120 0 93 255 255 255 255 0 0 255 255 255 158 0 0 0 0 64 255
    255 0 0 195 255 0 255 220 255 0 0 14 0 255 255 253 255 255 255 0 0
    255 0 255 0 255 0 255 102 255 255 0 112 255 143 0 0 0 255 255 255
    255 0 0 0 255 0 5 104 255 255 255 0 177 0 255 0 66 255 0 255 148 255
    0 0 139 255 178 0 255 255 251 0 255 0 255 255 255 0 0 0 0 151 154 87
    0 255 0 255 0 225 255 255 0 0 227 255 156 0 255 205 0 255 255 255 36
    175 255 255 212 0 255 0 0 249 255 255 0 255 125 0 255 255 255 0 255
    0 255 168 44 255 0 255 156 255 255 255 0 105 0 32 255 0 255 0 255
    255 255 0 0 255 255 255 0 186 255 255 0 0 0 199 255 255 255 244 0 0
    0 255 0 255 0 255 0 255 41 255 0 255 0 185 0 255 140 0 0 55 255 255
    255 255 255 0 0 255 255 255 255 255 0 191 0 255 0 255 19 255 163 255
    0 255 0 255 0 255 0 0 255 0 0 208 255 0 255 255 217 30 110 255 255
    255 0 0 44 0 255 117 255 0 255 255 0 0 255 0 255 255 255 0 0 0 240
    255 188 0 255 114 255 93 255 0 255 79 0 0 0 0 61 255 255 255 255 255
    0 255 255 255 0 216 255 255 0 154 0 0 255 255 255 0 0 255 255 0 255
    113 255 255 255 0 0 255 255 255 0 0 31 0 0 34 200 255 81 26 0 255 0
    255 255 0 255 237 212 255 255 0 191 0 193 0 101 255 0 255 255 255
    255 0 255 0 255 0 255 0 0 0 255 0 255 0 255 89 0 14 112 177 0 255
    255 255 255 168 198 117 255 255 0 0 255 0 0 255 255 0 0 0 255 0 255
    167 255 255 0 255 0 255 0 0 255 255 0 36 92 255 0 0 233 255 255 0
    255 255 206 2 255 255 255 0 255 255 0 255 255 255 0 214 148 0 255
    255 238 60 255 37 255 253 0 255 209 88 0 255 35 0 0 0 255 0 255 0
    255 57 255 0 255 0 255 0 255 0 255 0 255 255 67 0 0 0 255 255 255 0
    208 59 0 0 255 177 255 255 255 255 0 0 255 0 255 255 213 255 0 255
    77 255 0 101 255 255 0 255 255 0 255 0 0 150 255 255 0 0 0 255 255 0
    0 0 0 0 0 90 163 255 0 0 0 56 255 143 255 255 255 0 255 162 0 139
    132 255 255 0 255 255 255 255 255 0 0 0 0 255 255 255 255 175 0 255
    0 255 255 0 255 0 255 81 151 0 255 255 255 255 0 255 0 0 105 0 255 0
    255 0 0 0 255 255 255 0 70 255 163 0 0 255 255 0 0 255 84 31 0 255
    255 0 0 181 255 255 239 255 0 0 0 255 219 166 0 186 255 255 255 0
    255 0 255 255 255 255 0 255 0 255 0 255 96 130 255 0 0 255 255 0 205
    255 0 255 0 255 0 255 255 247 255 0 0 255 255 255 255 0 0 0 255 0
    255 0 24 0 0 0 255 255 140 254 0 0 24 254 97 255 0 209 0 255 255 0
    255 0 255 255 255 213 0 0 0 0 0 255 0 177 255 255 0 0 197 255 255
    255 0 255 255 0 255 255 255 217 9 255 95 255 157 0 0 255 255 0 255 0
    0 225 255 255 0 0 255 255 255 0 255 221 0 0 129 0 255 0 19 0 0 113
    52 0 255 255 255 0 99 0 255 255 185 255 255 255 0 255 0 0 0 255 255
    231 0 0 171 129 255 255 92 244 0 0 0 255 255 255 208 0 255 255 146 0
    0 255 191 255 0 0 0 112 0 234 217 0 0 255 0 189 0 0 0 255 255 255
    164 0 255 255 255 0 0 255 255 255 0 0 0 255 255 0 117 0 255 0 0 252
    255 137 255 255 255 0 0 0 255 150 29 255 221 0 0 0 255 0 255 0 0 0
    228 0 0 163 255 255 0 210 255 0 2 0 72 215 0 0 255 255 255 139 255 0
    0 0 0 177 255 233 37 0 0 0 0 255 0 0 0 0 165 255 255 0 0 0 255 0 0
    60 0 255 178 255 0 5 239 0 0 113 0 0 255 255 255 148 43 0 96 119 255
    126 162 165 255 0 255 10 183 255 79 255 255 255 255 255 25 0 0 255
    255 212 255 0 119 255 0 135 255 255 0 255 0 255 0 0 0 211 255 255
    108 0 255 62 255 0 0 161 255 0 255 28 120 0 244 0 0 0 255 210 0 255
    255 255 0 0 0 255 0 255 255 62 0 0 255 255 255 162 0 0 0 255 211 255
    0 0 255 185 0 211 255 255 0 0 255 0 255 11 255 255 0 0 0 255 255 255
    0 255 0 255 0 0 39 0 255 255 0 0 0 102 255 255 0 0 0 255 255 255 0 0
    180 0 255 0 63 0 255 0 255 255 0 0 0 255 255 0 0 0 0 0 174 0 97 0
    218 0 255 0 234 0 255 255 211 255 0 170 255 0 255 0 255 0 0 0 0 255
    59 0 0 25 0 77 255 255 255 0 255 0 0 0 255 0 0 255 255 255 0 62 255
    231 0 131 0 31 0 39 255 50 255 255 255 0 101 0 0 255 0 0 255 255 255
    255 0 0 255 0 255 215 255 0 255 255 255 0 255 0 255 0 255 0 255 255
    30 255 255 255 255 0 0 255 0 0 255 255 0 0 0 114 116 0 255 255 255 0
    255 0 0 0 158 0 255 0 255 0 50 0 255 255 255 0 255 0 156 0 255 0 255
    243 255 255 65 255 0 206 255 240 255 255 255 255 0 12 197 255 0 0
    255 0 255 255 255 255 196 0 0 255 255 0 76 251 255 0 0 0 0 0 255 255
    118 255 0 0 255 163 255 53 0 0 0 0 255 0 48 0 255 163 0 0 255 174 0
    0 0 0 255 255 0 255 0 255 255 255 0 0 0 255 0 255 0 0 247 255 255 0
    244 124 0 0 255 0 255 12 137 191 0 99 255 255 106 0 0 63 0 182 255 0
    0 0 255 0 221 0 255 255 0 255 0 255 0 0 255 122 0 255 47 0 117 255
    255 255 0 0 255 0 207 86 128 235 167 255 255 255 0 255 255 174 23
    255 173 0 255 0 255 255 255 147 255 255 255 255 255 119 43 203 255 0
    50 255 207 0 0 0 255 255 0 0 250 255 34 0 255 0 101 0 255 0 0 88 0 0
    228 0 197 255 255 204 0 0 255 110 255 0 0 0 147 255 255 0 0 116 174
    71 255 255 0 255 83 181 0 255 147 138 0 0 0 255 255 193 0 0 255 255
    219 255 255 0 0 255 255 255 0 0 0 255 0 0 0 255 255 255 255 120 255
    0 141 0 255 255 255 97 82 0 0 255 149 255 0 0 36 0 125 255 255 0 0
    16 0 255 0 255 0 159 0 0 255 0 0 0 255 255 255 0 0 255 0 255 0 255 0
    255 255 255 255 255 38 0 0 255 255 179 0 228 0 212 0 0 255 0 255 0
    255 0 255 0 255 255 255 0 255 0 255 255 83 0 255 156 255 0 0 255 211
    14 0 28 110 255 255 230 0 255 151 0 255 255 255 206 255 0 255 0 0
    255 255 0 255 0 0 0 0 255 0 0 193 255 0 255 76 255 0 0 0 255 235 255
    0 255 255 255 0 0 0 0 255 255 152 255 0 255 0 255 0 86 255 255 255
    255 0 0 255 255 0 0 215 255 255 131 255 137 0 0 255 76 111 255 255
    255 0 255 0 0 0 255 0 255 255 0 255 201 255 255 255 0 255 0 255 255
    255 255 0 0 250 255 0 255 112 255 0 0 184 0 255 31 255 0 0 45 255
    255 255 43 112 241 0 0 0 255 136 228 255 0 247 255 255 0 0 0 0 0 255
    255 0 0 0 0 249 255 255 230 137 183 40 255 255 255 0 0 0 0 255 0 255
    27 255 0 0 0 0 255 0 255 255 255 0 0 255 79 255 117 125 255 229 255
    255 214 56 0 255 255 0 34 93 168 250 255 160 0 255 108 255 0 255 255
    0 0 0 0 0 255 0 8 141 255 149 255 0 0 0 88 255 232 255 255 0 255 214
    255 121 0 255 255 255 255 0 255 255 0 0 0 255 255 255 255 255 0 255
    0 214 0 0 0 255 255 109 0 0 0 255 80 0 186 255 255 127 0 0 0 0 255
    255 0 0 255 71 255 255 255 255 255 0 0 255 0 255 0 255 143 0 0 255 0
    255 0 0 0 0 255 255 255 0 255 255 255 0 39 0 255 219 255 0 255 255 0
    0 0 0 186 255 0 0 255 255 255 220 68 0 245 0 255 151 209 161 255 0
    255 0 255 210 255 0 0 0 191 0 0 255 255 0 0 255 0 255 255 0 255 255
    255 0 0 0 0 0 255 13 22 0 255 0 255 255 255 154 0 232 255 0 255 255
    255 255 0 0 255 255 255 0 0 0 179 0 255 0 255 0 255 0 255 0 0 0 0 38
    0 216 242 249 0 0 17 255 227 0 255 255 0 0 132 0 139 0 0 123 0 0 160
    255 0 35 0 255 255 242 142 174 255 0 0 191 255 0 0 255 4 255 255 61
    0 255 255 66 15 0 255 255 228 0 0 164 176 78 0 255 0 255 255 25 0 0
    255 255 255 0 250 0 255 255 255 255 255 255 0 255 255 0 255 42 38
    255 255 255 0 215 255 61 0 255 255 0 255 230 0 0 255 255 255 255 65
    0 107 0 255 255 255 255 255 0 255 0 0 255 255 255 0 0 255 255 255 0
    255 255 255 0 60 0 172 84 0 255 243 0 255 0 255 0 255 0 0 0 0 0 0 0
    255 255 255 44 255 0 104 0 255 255 244 0 149 73 0 104 253 0 255 0 72
    0 255 0 255 0 255 0 255 255 255 0 255 255 0 255 255 255 255 0 255
    255 255 192 0 255 255 0 0 255 75 255 0 255 0 255 0 255 0 0 255 0 255
    0 255 255 255 255 255 255 92 0 0 59 0 255 0 111 255 133 255 154 255
    0 255 0 0 173 255 121 0 255 255 101 0 255 255 216 0 255 95 255 0 0 0
    0 201 255 255 255 0 0 255 255 21 0 0 0 254 253 0 255 255 0 0 255 255
    204 255 255 255 0 101 0 0 60 255 255 212 0 89 0 255 255 0 0 137 255
    255 0 0 0 255 255 255 156 0 0 0 255 255 140 0 255 255 17 80 0 175 0
    108 214 248 255 207 255 255 0 2 255 255 255 0 0 0 185 19 0 0 255 255
    181 0 0 255 86 255 255 0 0 0 0 255 0 255 255 0 0 0 255 255 0 118 130
    255 0 0 0 255 0 0 255 255 255 0 0 255 255 233 0 255 255 255 0 0 255
    0 255 255 145 0 255 0 255 255 0 255 0 255 224 255 255 0 0 255 0 255
    0 255 0 255 0 255 133 255 255 0 255 0 0 0 0 218 215 255 0 255 0 255
    0 255 0 0 0 255 255 241 0 164 149 255 58 255 255 10 68 0 99 255 255
    255 0 255 0 255 255 255 233 255 0 0 255 0 255 190 191 255 0 255 88
    255 255 255 0 255 255 255 0 0 255 255 218 255 0 255 0 0 255 0 0 0
    255 255 255 0 0 255 223 255 255 0 255 0 255 153 255 238 163 255 255
    255 0 33 0 22 114 138 255 98 0 0 255 116 255 26 239 0 255 243 0 255
    255 255 232 0 0 255 0 0 187 255 255 255 0 0 0 0 0 0 255 255 0 255 0
    84 255 255 255 43 255 0 255 255 0 255 0 255 0 255 255 255 0 49 0 255
    255 255 255 0 0 0 255 255 255 0 0 0 0 255 211 255 0 255 150 0 0 0 0
    0 0 0 0 255 255 255 0 0 0 255 0 255 255 0 205 0 255 255 255 0 131 0
    255 0 255 255 255 0 255 255 208 255 255 0 132 57 183 139 255 185 255
    0 0 0 0 172 255 255 7 234 0 255 63 0 222 255 0 0 255 255 255 255 0
    255 0 0 111 255 0 0 176 0 58 0 255 130 227 93 255 61 255 0 223 255 0
    255 0 0 255 255 134 79 164 0 80 0 255 111 5 0 255 255 255 255 56 0 0
    0 0 255 0 255 113 255 255 255 0 255 0 115 0 255 0 0 255 255 255 255
    0 0 255 255 34 240 0 0 0 255 0 105 0 0 255 40 255 0 0 255 255 79 0
    249 255 255 0 255 67 0 255 0 255 0 255 78 255 0 255 162 87 255 255
    255 0 255 0 61 0 0 255 255 255 255 0 46 255 0 230 0 255 255 77 0 0
    255 255 0 0 0 240 0 0 0 64 0 0 255 255 0 0 0 111 0 255 156 0 0 255 0
    255 0 0 255 255 0 255 0 255 0 30 255 0 255 0 25 255 0 0 255 0 0 0
    255 0 255 0 65 45 197 255 95 255 0 46 115 0 0 0 255 255 0 180 0 255
    130 255 255 0 255 0 255 127 255 91 86 255 88 255 0 0 0 0 255 0 0 40
    255 0 255 171 255 0 0 255 0 0 255 0 23 255 0 0 239 255 255 231 0 255
    111 255 0 255 207 255 255 255 255 0 255 255 255 0 0 0 204 255 158 0
    0 157 255 129 0 255 255 27 0 0 0 255 255 255 255 255 61 255 0 255 0
    33 4 255 0 29 0 0 104 255 0 0 206 0 3 255 99 0 255 0 255 255 0 0 0
    36 85 255 255 0 255 255 0 0 201 255 0 0 0 255 46 255 142 0 205 255
    255 0 33 0 0 0 24 255 0 92 0 0 255 0 255 0 255 0 0 202 255 255 0 0 0
    0 255 255 121 255 228 255 0 0 255 70 0 0 0 146 255 249 0 255 67 0 0
    0 255 255 16 159 0 0 255 0 102 0 143 255 67 0 255 0 241 0 244 202 0
    0 0 0 182 255 255 0 63 22 0 2 142 255 0 145 255 255 123 0 243 144
    255 226 199 0 77 0 0 0 255 70 255 24 255 56 0 68 53 255 73 255 121 0
    0 0 0 0 227 255 255 0 0 0 255 155 255 0 255 255 32 0 62 255 99 205
    86 255 255 0 0 0 255 255 255 255 44 0 0 0 0 255 0 0 0 255 255 255 0
    0 255 122 0 0 255 255 255 0 0 0 255 255 255 0 255 0 0 255 255 59 255
    0 0 0 0 255 0 0 151 0 221 202 255 50 255 189 93 255 0 255 255 255
    186 255 255 255 0 255 255 255 45 255 255 90 255 214 0 205 0 0 255 0
    255 255 255 0 0 0 255 113 0 255 255 23 0 0 152 33 255 0 142 0 233 0
    255 255 255 0 0 255 220 255 0 216 137 219 170 0 0 255 241 173 0 0
    255 255 255 184 0 0 255 0 255 255 255 255 0 0 255 0 255 255 0 0 0
    255 255 255 153 255 255 255 0 255 255 255 128 0 0 255 255 0 0 255
    255 0 0 0 0 255 0 102 255 255 255 0 255 255 0 255 0 255 0 255 0 255
    255 199 0 255 0 255 0 255 240 255 0 0 0 255 255 255 90 255 255 255 0
    124 0 204 255 255 10 255 69 255 0 0 255 255 99 0 87 255 1 0 8 161 0
    255 255 186 255 255 255 41 255 0 11 255 255 0 0 255 255 255 110 255
    0 255 255 0 9 255 255 255 25 0 0 255 100 105 0 0 29 33 251 255 0 0
    255 50 0 33 255 216 0 0 255 0 255 255 0 135 255 255 255 255 0 0 0 96
    255 0 0 0 182 255 142 137 0 255 255 0 0 255 255 207 0 0 242 0 255 0
    255 0 255 50 0 255 255 255 0 151 0 255 160 96 57 0 0 255 0 188 0 255
    255 0 255 0 0 0 55 255 255 255 0 87 255 255 255 255 255 0 39 0 22
    220 13 255 255 0 255 255 0 255 0 255 255 255 0 255 0 0 255 255 255 0
    0 0 0 255 14 255 255 0 124 233 255 0 0 199 0 255 0 255 0 253 0 0 131
    255 255 0 255 0 0 47 0 255 255 255 255 0 0 255 0 0 0 255 5 0 0 43
    255 255 14 0 255 255 0 255 0 0 0 255 255 0 0 227 255 255 255 255 191
    255 255 0 0 255 0 241 255 255 0 164 0 255 0 0 255 96 255 211 255 0
    255 0 255 0 16 0 255 255 0 0 255 255 29 255 255 255 0 1 0 255 0 0
    255 253 219 0 255 110 26 0 255 255 255 0 0 255 255 0 0 255 0 0 0 158
    0 0 0 255 255 255 255 157 0 255 94 255 0 255 0 183 0 0 255 0 255 255
    255 35 255 0 255 0 225 207 0 255 255 255 0 0 0 0 255 0 0 17 205 255
    134 5 255 255 0 255 0 255 255 255 229 0 0 255 255 193 0 255 255 255
    255 144 0 0 0 0 255 0 111 0 255 255 255 0 0 0 129 255 255 163 250
    255 0 255 0 0 0 178 0 255 255 32 154 0 255 255 0 0 146 255 159 0 255
    255 0 0 63 255 209 0 0 0 0 255 255 255 0 215 255 255 0 17 255 0 145
    0 255 255 0 255 0 255 0 255 0 167 0 0 255 255 255 0 175 0 255 0 255
    25 255 0 0 253 255 255 41 255 0 255 0 255 255 255 192 0 0 0 102 0
    255 179 121 255 206 0 0 201 255 255 0 85 255 255 255 0 0 255 255 255
    255 255 0 255 0 0 255 91 255 255 0 0 151 246 255 255 0 0 255 255 255
    255 51 0 0 255 255 255 0 169 255 0 255 0 0 0 255 0 255 1 255 0 255 0
    255 0 0 0 0 255 110 255 0 0 0 255 255 0 0 0 255 0 0 0 0 255 255 0
    255 255 255 255 0 163 228 255 255 172 255 0 0 17 203 255 255 255 255
    141 0 0 255 219 0 255 201 255 0 112 255 6 12 105 255 101 0 153 59
    255 255 255 255 0 0 145 0 255 0 65 249 255 0 0 255 0 255 0 0 0 255
    255 0 0 7 0 0 0 255 0 0 255 0 119 255 255 0 183 0 165 216 0 138 255
    255 255 0 0 0 0 255 68 226 0 150 255 0 23 221 0 0 130 0 0 157 255
    255 0 255 255 0 0 0 255 0 218 255 233 74 255 255 255 0 115 0 0 255
    255 240 255 0 255 0 140 124 0 0 239 255 0 0 18 255 0 0 0 255 255 255
    0 0 0 159 255 255 255 210 0 0 255 255 255 0 44 0 255 0 0 87 255 255
    255 0 255 0 76 255 255 255 0 0 4 255 0 0 0 255 0 36 255 0 178 65 255
    0 255 0 0 0 255 255 13 0 51 255 255 255 0 0 255 255 0 0 0 255 0 0
    135 0 209 0 0 255 255 0 255 205 255 0 0 0 0 93 0 0 255 94 0 0 255
    255 227 0 0 0 0 0 113 255 255 255 0 255 0 0 255 255 255 86 0 0 0 255
    255 255 0 155 0 0 0 255 222 64 0 255 255 0 0 0 0 0 255 9 0 0 237 255
    0 0 0 1 247 255 0 255 0 0 255 255 0 0 249 174 0 0 0 255 255 64 0 255
    0 255 59 191 121 255 255 0 0 0 255 255 30 0 0 57 255 255 0 0 255 255
    255 0 227 0 144 255 255 0 0 255 0 255 255 255 255 0 0 0 37 255 255
    36 0 255 134 0 255 0 0 229 255 255 0 0 0 255 217 255 0 0 169 0 233
    255 163 255 142 99 125 0 255 227 255 121 255 196 0 243 177 255 0 0
    255 67 75 252 0 32 255 255 154 0 0 116 0 0 0 238 255 255 0 0 0 255 0
    255 255 255 255 0 0 0 255 255 0 0 0 0 255 255 255 0 0 255 255 0 190
    0 255 113 0 111 255 255 255 207 74 130 0 255 0 111 255 0 0 0 0 255 0
    255 0 0 255 198 0 128 186 0 0 68 0 255 255 255 0 255 0 255 0 255 255
    105 255 212 255 255 255 0 228 255 0 0 0 255 255 255 0 0 0 255 255
    188 202 255 6 0 0 255 255 255 0 0 142 100 120 141 0 137 0 255 0 255
    0 0 255 0 255 0 255 0 255 0 255 0 108 255 0 0 0 255 0 255 255 255
    230 255 0 65 0 255 255 0 0 255 0 255 0 255 0 255 118 0 248 255 0 0 0
    255 93 16 0 255 100 255 255 0 65 0 255 33 255 69 255 197 192 255 0 0
    0 0 0 255 0 255 0 255 0 255 95 255 0 255 161 0 214 5 255 8 0 255 0 0
    0 255 255 255 0 98 115 255 255 103 0 0 255 0 255 0 143 255 0 0 255
    255 49 0 0 255 0 1 255 0 0 255 255 0 255 0 255 0 142 0 255 255 0 114
    0 0 255 0 0 235 255 0 255 255 255 0 0 255 255 255 0 112 255 255 45 0
    0 0 20 255 126 255 255 0 0 70 0 156 0 0 255 255 0 0 255 0 0 0 255
    255 0 199 255 255 30 255 255 0 0 0 255 155 255 0 9 255 255 255 0 255
    0 202 0 255 68 255 0 255 0 255 92 101 255 0 0 0 255 255 0 0 0 255 0
    255 218 255 255 0 182 0 255 229 255 0 0 255 255 255 255 255 255 0
    138 0 179 0 0 255 0 225 0 0 177 216 0 255 0 255 76 40 0 0 0 137 0
    255 0 255 0 0 0 255 25 0 255 255 225 0 0 192 0 0 190 61 0 0 255 255
    255 255 0 255 255 255 0 255 255 0 255 0 255 255 255 0 0 0 0 255 255
    255 255 0 255 255 248 0 255 0 0 97 0 16 255 255 106 209 255 255 0
    255 0 0 0 255 0 255 255 255 0 255 0 246 255 255 0 0 167 255 136 255
    255 227 205 0 255 255 2 77 0 0 255 255 0 255 0 0 255 255 255 0 197
    255 104 255 0 255 0 255 63 155 56 0 0 255 255 49 0 255 255 255 0 0 0
    255 255 219 255 255 255 0 0 14 115 0 73 127 0 255 0 255 255 255 202
    255 255 60 255 0 101 0 152 0 255 0 0 0 255 255 255 0 204 255 0 255
    232 0 0 255 246 255 125 255 255 0 255 0 0 255 255 0 0 0 0 2 255 106
    255 0 255 0 255 0 255 255 0 51 0 0 0 0 255 255 185 0 0 0 0 0 0 0 255
    71 229 0 255 255 255 255 255 0 0 0 255 78 172 0 255 255 255 0 255 0
    255 26 255 219 255 0 98 255 255 255 255 255 230 0 255 0 20 0 255 120
    255 255 212 0 247 19 0 0 138 139 157 255 0 255 255 255 0 255 0 255 0
    0 57 0 0 0 255 217 255 0 0 0 255 113 255 255 255 0 90 0 108 255 82
    255 140 0 255 0 255 255 255 67 20 0 255 255 101 255 0 115 0 255 255
    0 102 0 255 0 0 83 0 255 189 255 255 68 255 210 255 255 0 255 255 49
    0 114 11 255 255 255 255 255 89 0 0 255 0 255 255 255 255 255 0 225
    0 96 0 255 2 197 255 255 0 0 0 255 127 200 0 165 255 0 179 255 255
    255 0 255 0 255 255 0 0 255 255 255 255 0 255 0 114 0 255 241 0 0
    255 7 255 255 255 255 0 0 171 220 255 0 255 255 0 47 0 0 0 0 0 255
    110 255 0 255 255 255 0 13 255 255 255 16 0 0 182 0 255 90 0 0 255
    255 255 0 0 0 255 255 255 255 0 255 255 255 0 0 255 255 0 0 0 255 0
    85 0 255 255 255 255 0 0 255 255 0 26 0 244 255 150 156 0 255 0 137
    0 42 255 255 255 255 255 98 195 0 255 255 255 0 0 255 0 118 92 168 0
    0 255 0 255 0 255 0 0 255 70 0 255 0 131 87 255 237 86 0 255 0 54
    255 255 170 0 0 0 255 41 0 0 255 255 0 0 0 255 0 255 0 255 0 255 186
    255 224 28 0 0 255 0 255 0 255 0 0 0 0 255 121 255 255 0 0 255 255 0
    153 255 114 0 0 255 255 0 0 255 255 255 0 0 57 255 48 0 255 61 220 0
    255 0 255 255 205 0 0 8 255 158 0 255 0 0 255 85 255 255 55 255 255
    0 0 157 255 0 255 0 207 0 0 0 255 255 0 255 0 255 0 37 255 255 0 0 0
    0 0 0 0 255 255 32 0 0 0 0 255 255 255 0 255 255 0 136 0 0 48 129
    209 255 255 255 182 178 0 255 255 0 255 0 255 0 37 0 132 255 143 255
    49 0 255 255 12 255 255 255 0 255 133 255 255 223 0 119 252 255 255
    255 0 255 176 255 255 62 255 0 255 255 255 0 0 0 255 255 255 0 0 0
    187 0 135 255 255 244 255 0 255 2 0 0 0 255 255 0 8 0 255 0 255 0
    255 0 0 255 255 255 0 255 0 0 0 170 255 0 0 0 255 0 255 255 0 255
    187 255 109 0 0 255 0 237 255 255 0 37 255 0 255 0 255 0 77 0 124
    255 0 0 0 255 0 0 255 255 255 255 0 0 255 255 148 255 0 18 0 0 230
    255 0 255 0 255 255 255 0 0 255 255 255 75 255 0 0 0 255 115 255 255
    0 0 0 255 0 255 0 255 0 255 10 255 225 0 0 0 255 8 130 0 0 0 255 255
    0 169 0 255 146 0 0 255 255 255 192 239 0 0 0 109 255 255 0 0 8 214
    136 0 0 0 0 81 255 255 0 255 0 0 185 145 255 0 255 0 0 0 255 255 255
    255 255 255 24 255 0 5 0 255 76 208 0 255 255 40 0 0 255 0 255 215
    255 232 194 206 255 255 59 27 0 223 0 42 255 110 255 0 246 0 0 0 255
    255 255 255 255 0 0 26 252 140 0 0 255 117 255 0 255 255 255 0 0 193
    0 255 0 255 255 9 255 255 0 0 202 255 255 255 255 255 0 0 0 49 0 255
    81 0 0 0 255 87 0 51 0 176 117 0 0 255 121 0 0 45 255 255 0 0 255 0
    0 121 255 255 255 0 0 255 138 0 250 69 0 0 230 255 255 255 160 0 255
    255 38 255 255 255 0 255 0 255 187 255 255 255 255 255 0 0 0 0 0 255
    220 0 0 143 155 255 207 136 31 255 0 0 0 0 255 0 255 58 255 0 255 57
    0 0 255 255 0 173 255 0 0 255 0 115 0 0 0 255 255 0 40 0 0 0 255 0
    255 255 0 0 255 255 0 83 255 0 255 63 0 255 0 255 0 255 0 255 0 0
    242 0 0 0 78 178 255 0 215 255 255 221 0 255 255 255 0 0 255 222 156
    0 255 0 255 0 233 0 175 0 39 0 0 255 10 255 0 0 0 255 0 255 255 255
    255 208 0 0 80 0 0 0 0 255 255 223 243 0 255 0 0 255 23 255 117 176
    0 0 190 255 255 101 0 134 255 168 226 255 0 19 0 255 255 255 17 0
    255 255 255 30 0 0 200 255 255 255 0 0 179 255 60 0 0 255 255 223
    138 0 255 255 255 125 255 135 255 209 255 0 244 0 0 255 255 0 126
    255 0 0 0 255 43 13 0 255 249 203 18 255 255 0 255 255 0 0 0 255 152
    0 0 56 255 255 91 255 0 0 86 255 255 0 255 102 0 30 253 255 0 255 0
    255 255 0 255 0 255 69 218 50 0 198 0 255 0 255 48 255 0 255 0 255
    185 0 0 90 255 0 255 0 0 0 255 255 255 122 0 255 255 255 174 0 0 255
    147 168 0 0 0 0 255 255 0 255 0 0 0 255 205 255 255 0 0 0 255 255
    255 0 0 0 255 245 255 255 255 164 241 11 255 0 0 0 255 255 255 0 170
    123 255 55 0 0 0 0 0 0 119 255 255 255 0 0 255 145 255 255 0 67 251
    255 255 255 0 0 255 0 0 0 255 211 255 255 0 255 255 89 0 0 0 72 255
    0 0 0 255 255 255 0 0 0 255 215 255 228 0 0 0 0 255 255 0 0 0 255
    255 150 0 0 255 0 255 0 85 255 0 255 0 0 255 0 255 255 255 0 145 150
    211 255 248 0 0 0 0 96 127 0 0 0 255 82 0 222 7 180 0 0 255 255 0
    255 177 255 255 19 0 0 255 0 255 0 0 0 241 255 0 255 255 0 0 0 88
    255 255 0 0 0 20 255 255 0 94 140 255 218 1 255 109 255 255 255 0
    133 0 255 0 0 255 171 255 0 0 0 255 255 223 0 0 0 255 47 114 255 0
    240 0 0 255 0 255 0 0 255 0 254 255 255 255 0 0 0 183 255 0 255 255
    255 255 108 0 255 52 0 0 138 255 0 0 255 0 255 42 255 0 255 0 255
    255 87 0 164 251 29 128 255 255 0 255 33 77 0 0 0 130 0 255 255 71
    255 186 255 0 255 132 255 0 0 0 44 179 0 255 255 0 255 0 255 255 0
    93 0 0 255 255 255 0 0 255 255 0 0 0 255 255 252 0 255 0 117 255 255
    0 0 126 0 255 255 221 0 0 166 255 255 0 0 0 0 141 255 255 0 0 0 255
    0 255 0 203 222 137 0 255 0 0 0 255 190 255 134 255 196 0 44 160 0 0
    255 45 255 255 255 0 71 119 73 96 255 255 255 0 172 0 255 255 244 0
    0 0 255 255 0 216 255 0 255 255 0 129 0 94 107 0 0 0 255 120 0 0 0
    255 255 255 0 0 255 255 255 255 119 0 172 85 255 255 0 21 251 6 153
    255 255 10 0 0 33 255 255 0 255 0 255 255 147 255 0 255 0 255 0 255
    143 0 255 255 255 0 165 0 115 255 255 255 0 27 0 0 147 255 0 255 155
    0 0 255 255 255 0 105 236 255 105 0 255 0 255 255 255 0 0 255 1 255
    0 255 144 255 132 255 255 255 65 0 148 0 255 255 0 0 255 255 255 0
    255 255 0 0 0 255 255 0 0 0 255 0 255 0 221 4 255 0 0 255 175 0 17 0
    255 0 255 0 30 0 255 255 0 0 0 0 255 140 255 0 255 0 0 236 255 98 0
    255 0 77 108 112 157 0 0 255 255 0 255 255 255 255 81 76 0 207 255 0
    0 0 255 255 255 42 255 0 0 0 255 255 0 0 255 255 255 0 255 0 255 106
    146 92 255 0 255 233 0 255 255 255 255 0 0 0 0 195 0 255 82 255 255
    0 121 0 255 255 0 235 0 0 249 0 0 255 237 0 0 132 255 0 255 0 255 0
    0 0 0 0 0 255 255 255 255 255 255 0 255 0 255 0 255 0 255 175 150 0
    188 255 255 255 0 255 138 0 255 255 0 0 0 255 0 255 255 112 0 255
    255 255 0 0 255 0 0 0 255 0 255 0 255 0 255 255 0 0 255 255 0 242 0
    255 0 255 0 0 255 255 255 0 245 255 255 0 255 88 255 0 255 0 255 0 0
    0 0 134 15 255 0 255 0 255 255 255 0 255 255 0 0 0 255 255 255 255 0
    0 0 255 255 70 0 255 0 255 255 255 255 0 255 255 255 255 0 221 0 198
    0 255 0 48 0 255 0 0 0 255 255 0 0 255 255 0 0 0 255 255 219 0 255 0
    255 255 0 0 255 255 72 0 0 255 255 28 115 115 255 255 255 0 0 255
    163 166 255 0 0 154 255 0 255 255 255 0 255 0 0 0 255 255 255 0 0 0
    255 0 151 0 0 14 255 222 0 255 173 0 0 0 255 255 167 86 0 241 255
    255 0 0 0 0 255 255 191 255 0 0 255 255 255 0 163 0 0 0 0 174 0 255
    255 0 228 175 0 242 255 255 0 255 13 255 143 153 0 255 255 255 0 198
    255 23 255 194 255 0 0 0 255 255 0 255 0 255 0 255 255 255 0 0 197
    255 255 219 0 0 255 0 0 244 255 255 255 0 255 0 255 255 0 64 0 255 0
    255 0 255 0 145 0 0 0 0 0 255 255 255 19 255 255 0 255 0 255 0 255 0
    0 0 255 44 255 0 0 255 176 153 0 255 255 168 155 0 0 255 0 243 0 0
    255 255 178 255 255 204 0 255 0 0 0 0 189 0 66 255 255 0 0 255 255
    149 119 255 255 255 0 0 0 255 52 255 0 255 76 255 0 255 255 0 0 0
    255 255 255 0 71 161 255 157 143 18 0 0 0 255 255 67 0 161 0 255 255
    102 148 0 255 255 94 255 255 255 176 0 255 255 255 0 255 255 255 0 0
    255 0 255 255 0 0 0 255 231 128 0 120 255 255 255 255 255 255 0 255
    255 127 0 13 255 255 255 255 255 255 59 202 0 255 0 255 0 255 255
    255 255 219 0 0 255 255 255 0 151 54 110 255 255 0 105 0 0 0 0 255 0
    255 0 255 255 255 0 0 168 225 255 237 255 50 0 0 255 255 255 255 0
    206 255 42 250 0 255 255 255 255 255 0 0 0 255 0 255 255 0 0 255 255
    0 0 0 216 0 255 108 0 255 70 255 0 232 0 100 0 255 255 255 255 0 255
    0 177 0 0 0 0 255 0 119 0 0 0 151 255 255 185 0 255 255 0 0 58 188
    255 155 0 52 255 0 255 0 255 0 0 0 255 0 255 0 255 0 255 0 255 0 255
    0 0 67 0 255 0 255 0 255 255 0 255 0 255 255 0 0 255 0 198 216 255 0
    0 255 0 168 0 192 67 255 0 0 0 255 25 191 230 0 212 255 255 255 0 0
    255 255 0 0 0 255 177 151 255 255 255 58 255 40 0 255 255 0 0 84 255
    255 255 0 0 0 255 255 255 255 255 0 0 0 255 255 255 0 0 255 255 152
    255 0 255 214 255 0 168 255 0 103 255 255 0 0 0 255 64 73 0 0 83 255
    255 255 0 0 255 255 103 255 0 0 0 255 255 54 190 0 255 0 0 0 255 206
    29 255 0 255 255 255 255 255 0 0 0 0 0 174 0 255 0 206 0 255 255 255
    0 158 255 255 0 255 0 255 255 255 0 255 0 255 255 255 0 255 255 255
    0 0 0 0 255 255 0 255 0 255 255 255 0 101 187 255 149 0 255 249 255
    0 255 255 255 0 54 0 255 255 255 0 255 157 0 0 0 255 255 255 0 255 0
    255 0 255 255 0 0 255 0 0 255 255 0 255 101 255 255 255 0 136 255
    255 0 0 255 255 23 0 0 255 0 22 0 0 0 0 191 198 255 169 255 75 255 0
    255 255 255 0 0 0 255 0 0 255 255 191 120 0 0 143 255 255 0 39 0 70
    255 0 255 0 0 0 0 17 0 0 255 255 255 154 255 255 0 0 0 219 255 0 155
    0 255 0 0 142 255 41 255 0 255 0 0 255 143 255 0 0 137 0 255 0 255 0
    15 255 255 0 0 54 255 152 38 0 0 255 93 255 0 0 255 168 255 0 133 0
    31 85 0 19 0 255 255 12 84 255 140 255 255 255 102 0 255 0 255 255
    255 255 255 255 0 0 91 255 255 255 255 255 0 255 133 0 233 0 255 194
    0 0 0 255 144 16 238 0 0 0 255 255 255 255 255 0 255 110 78 255 210
    0 0 0 255 0 0 0 255 255 255 255 0 255 0 0 255 0 0 0 255 0 0 40 255
    255 0 110 0 0 0 255 255 9 0 255 0 255 109 255 0 0 255 0 50 0 0 255
    255 0 0 0 0 255 66 0 0 231 255 0 0 0 0 223 255 255 0 0 0 0 255 255
    255 47 0 0 167 255 0 90 0 255 255 255 0 43 0 255 255 0 33 255 185
    255 0 255 255 255 0 0 18 0 255 255 0 0 255 98 255 255 122 0 255 0 0
    255 255 255 0 20 255 0 0 98 255 0 137 255 195 255 0 0 0 255 207 255
    0 255 0 219 0 70 255 69 255 255 255 147 0 255 0 255 255 255 238 0 0
    255 255 255 255 255 0 0 255 230 0 176 0 0 0 149 0 212 0 0 0 0 255 0
    255 0 27 0 40 0 255 255 255 0 255 0 244 255 0 0 0 255 255 255 255
    255 11 0 0 0 255 255 13 255 97 132 0 47 0 0 255 0 255 0 255 0 61 255
    255 255 62 0 0 50 0 165 255 255 91 0 0 0 255 255 0 0 0 255 255 255
    255 0 0 255 182 255 0 128 255 255 255 255 0 0 255 255 248 0 164 255
    0 0 0 255 255 255 102 0 81 187 168 0 255 255 0 255 0 255 0 255 0 0
    255 0 255 255 0 255 255 255 0 0 0 255 255 0 255 5 255 255 255 0 194
    0 0 0 18 255 0 255 255 255 0 255 242 255 199 255 255 0 255 255 255 0
    150 194 255 0 255 0 0 0 160 255 95 255 69 0 0 255 255 138 0 0 0 255
    255 255 0 164 172 255 255 255 255 208 255 255 0 255 0 255 180 0 143
    35 255 125 136 255 223 255 255 0 0 255 255 0 255 0 255 255 255 254 0
    255 255 116 255 255 122 0 0 0 255 0 18 255 255 0 0 255 0 0 55 90 255
    255 255 187 0 0 157 0 255 197 183 0 0 0 255 255 255 255 0 255 255 0
    255 255 255 0 0 0 255 255 255 86 0 255 0 0 255 0 255 0 255 0 255 0 0
    255 184 255 55 255 255 40 255 255 255 62 0 0 237 255 255 255 255 0 0
    255 255 255 0 255 0 255 255 255 255 176 255 23 0 0 255 255 255 0 255
    58 255 0 255 216 151 110 255 0 2 0 255 255 255 0 203 34 255 0 255 0
    255 255 255 255 120 0 0 211 0 255 255 255 255 192 255 255 255 255 0
    0 0 0 255 255 0 255 0 255 255 62 0 255 255 217 0 0 0 255 0 255 183
    255 0 0 255 176 0 0 133 111 255 255 0 0 0 23 255 255 192 245 0 255 0
    255 255 94 0 255 0 160 255 255 0 0 255 255 89 0 255 80 255 0 255 12
    245 0 255 28 255 255 255 255 0 0 0 40 0 0 255 255 0 0 0 135 1 255
    107 255 233 0 0 255 255 23 25 0 0 0 0 255 255 255 163 212 255 0 255
    0 255 0 255 255 255 0 0 0 164 255 0 0 255 42 140 0 0 0 158 255 255
    255 255 255 0 255 0 255 0 201 0 187 147 204 255 255 0 0 0 255 255 76
    255 255 0 255 0 0 41 0 209 255 255 38 254 255 0 0 198 195 70 255 62
    0 0 255 67 0 255 0 169 0 255 127 23 255 25 0 58 255 255 139 255 0 0
    0 107 255 0 255 255 121 0 0 0 0 255 255 0 255 0 255 0 255 255 255
    184 255 255 255 255 255 0 0 0 0 255 255 3 150 255 53 255 0 255 0 255
    255 99 0 0 0 83 231 255 0 70 255 234 255 36 0 0 96 255 255 0 0 255
    255 255 0 56 255 0 0 133 255 0 255 255 255 39 0 107 255 255 0 0 0
    102 255 255 0 0 0 255 255 255 81 0 138 255 131 255 255 255 0 0 0 255
    255 0 255 191 71 255 0 255 0 255 202 255 10 0 0 0 255 255 0 0 255
    255 168 66 0 255 0 255 0 255 0 144 0 255 225 255 145 0 255 255 0 0
    255 0 255 0 255 142 255 147 255 0 255 0 0 0 0 0 0 252 255 255 0 196
    255 255 0 255 0 255 0 255 0 69 0 0 0 0 255 255 255 0 0 0 218 255 255
    255 0 0 116 255 0 0 0 0 255 255 0 0 0 0 0 255 255 255 0 0 0 0 76 255
    255 255 255 0 0 0 0 121 255 0 255 0 75 211 255 113 0 0 0 255 255 0
    255 0 255 0 255 167 255 255 255 245 0 255 140 0 0 0 255 243 255 255
    0 0 0 0 255 255 72 127 0 0 0 0 255 255 0 13 0 255 255 255 0 0 0 134
    154 0 0 187 213 95 0 0 0 15 255 255 255 255 0 255 255 255 0 255 255
    255 0 255 0 0 199 120 0 0 255 0 0 0 255 255 0 255 245 255 0 190 255
    165 0 0 255 133 147 0 0 255 0 0 200 255 186 0 0 255 177 0 255 193
    255 0 0 255 0 255 0 255 223 0 0 162 54 203 206 0 0 255 255 0 255 0
    255 0 0 0 255 255 255 0 0 0 255 255 78 255 0 255 255 255 0 0 0 148
    255 255 0 213 0 0 0 238 255 255 181 255 0 0 213 0 255 0 0 255 255 28
    0 255 147 255 0 0 255 255 255 255 0 0 169 255 0 0 255 0 255 15 255 0
    255 0 203 65 0 0 255 255 255 0 255 0 0 0 31 0 255 0 255 0 255 227
    255 0 230 0 255 0 255 0 255 255 0 0 255 255 255 0 0 0 255 255 255
    255 0 0 0 255 255 255 255 0 0 0 0 0 146 255 48 255 0 206 0 0 11 255
    31 0 0 255 195 255 255 0 0 168 0 255 255 255 0 0 0 255 0 0 0 255 255
    255 0 74 255 0 0 0 0 255 255 255 255 243 0 235 0 255 255 118 0 0 255
    0 255 0 0 0 255 202 0 0 0 0 147 255 182 0 0 255 0 255 255 0 0 111
    204 255 0 0 0 255 255 255 0 255 255 255 255 0 0 0 255 255 255 204
    238 0 0 0 0 255 0 255 0 0 0 95 0 0 255 255 111 255 0 255 255 255 255
    0 0 0 0 79 0 85 0 255 0 0 44 255 255 41 209 0 0 88 255 255 255 182 0
    255 255 255 0 0 255 255 113 171 255 255 0 0 255 255 255 0 29 0 255
    255 255 0 255 0 130 0 31 255 0 0 0 0 255 0 255 255 0 255 0 255 0 255
    255 0 255 255 140 0 255 0 255 255 116 0 0 255 255 255 255 249 0 255
    255 0 163 0 13 255 255 255 0 255 255 255 0 0 164 255 0 255 0 255 183
    255 0 0 0 39 0 255 255 0 255 0 173 255 95 255 50 0 0 102 255 0 0 243
    255 255 255 255 0 152 255 0 255 0 255 0 18 15 0 255 25 111 0 0 0 0
    255 0 255 0 255 166 255 0 0 122 255 50 255 255 0 255 0 255 255 209 0
    0 242 0 255 81 0 0 0 37 255 255 255 0 0 0 0 255 139 61 143 0 0 157 0
    255 255 0 146 0 0 255 41 255 0 0 249 255 255 97 151 10 0 0 255 255 0
    135 255 255 0 255 255 198 0 255 145 255 165 0 0 255 0 0 0 255 255
    255 0 138 255 255 255 0 6 0 0 255 0 0 0 0 252 0 255 0 145 0 0 255 0
    6 255 255 161 255 255 0 0 232 0 255 255 255 255 0 190 0 0 255 255 0
    255 0 255 255 255 255 255 128 255 0 0 0 255 255 0 0 255 255 21 0 255
    0 87 255 215 0 240 207 192 218 255 255 0 234 255 255 15 255 62 255 0
    0 255 0 0 0 255 0 255 255 255 117 0 255 15 0 0 0 255 255 238 0 0 255
    70 0 77 0 255 155 255 255 191 238 255 0 131 255 244 0 0 0 255 124
    255 255 255 0 111 255 255 255 0 0 0 0 255 255 255 255 255 65 255 226
    0 37 29 0 45 255 60 46 0 255 255 255 0 0 55 220 255 255 255 255 255
    255 0 0 0 0 255 255 247 255 255 0 0 0 255 255 255 255 174 0 255 255
    0 111 255 255 255 93 255 0 255 0 255 255 20 255 185 255 0 186 0 255
    255 150 0 0 255 0 255 4 255 107 255 0 0 255 255 255 69 255 0 255 0
    255 0 255 83 0 47 0 255 176 0 255 255 255 0 34 255 38 255 0 255 255
    255 0 0 0 255 16 76 255 68 255 41 255 255 98 255 0 255 0 0 32 255
    255 0 0 44 159 185 0 0 0 132 255 255 0 0 0 255 255 255 255 123 255 0
    0 0 127 220 255 0 0 255 255 255 255 255 0 255 0 0 0 255 255 0 63 0 0
    0 255 70 0 29 0 255 75 214 255 255 255 179 0 0 255 0 0 0 255 212 0 0
    0 40 137 0 255 46 255 131 0 0 200 35 0 255 255 0 0 0 255 255 242 207
    252 0 255 0 0 0 255 255 255 0 0 1 255 0 255 255 255 0 0 0 255 0 0 0
    136 255 255 0 0 60 255 47 0 255 143 255 255 0 0 255 0 0 255 0 255
    155 169 193 255 255 255 0 0 255 255 255 255 252 178 0 0 0 54 255 255
    227 117 255 255 255 0 0 0 255 209 255 255 255 0 0 0 0 255 255 231
    219 0 0 222 0 255 0 0 0 255 255 255 0 223 0 0 255 255 255 0 255 255
    255 255 15 0 255 0 255 0 255 0 48 255 108 0 0 0 0 255 141 255 0 0 24
    0 255 255 255 0 186 255 255 0 0 255 255 57 0 0 255 255 255 0 0 0 255
    255 255 218 0 255 0 255 0 159 0 0 0 255 255 255 255 0 0 0 255 255
    255 221 0 255 0 0 0 31 255 255 255 0 0 0 255 255 0 58 0 255 0 255 70
    0 255 0 0 0 255 255 255 255 0 255 0 0 255 255 34 0 254 0 255 0 255
    80 0 0 0 255 0 236 0 0 0 255 255 0 0 255 117 255 0 0 255 255 114 199
    0 0 255 255 68 0 255 168 46 0 0 0 0 255 255 0 0 109 255 255 54 7 255
    9 0 0 0 132 0 0 94 65 73 255 255 255 110 0 0 0 0 255 255 0 181 0 255
    255 160 0 216 0 0 0 155 255 255 0 144 255 0 0 255 255 85 178 0 0 255
    170 0 139 255 214 255 0 8 0 0 255 255 5 0 126 255 0 255 255 0 0 0 0
    0 0 0 255 168 230 152 255 0 0 97 151 240 255 0 255 255 255 66 255 85
    255 255 57 0 55 255 0 34 0 0 255 154 255 50 0 255 115 255 0 125 169
    26 255 0 255 0 255 0 82 255 255 255 0 0 0 219 22 222 143 0 102 0 255
    0 156 0 0 223 0 0 0 255 140 112 116 255 143 0 0 255 255 255 255 105
    255 255 255 0 255 255 255 0 0 0 221 255 255 255 154 255 255 0 0 56 0
    0 0 0 0 0 255 255 255 0 255 0 255 0 255 0 146 0 0 0 255 255 255 0 0
    0 255 0 0 0 255 6 255 0 0 255 166 255 0 255 0 255 0 255 173 0 0 0 0
    255 255 0 199 0 0 255 255 235 0 0 234 178 255 255 0 0 30 255 255 225
    0 0 255 168 255 110 16 0 26 0 255 255 255 231 255 255 10 0 0 255 0
    255 82 0 0 0 0 255 255 255 0 255 0 255 255 255 92 0 0 0 0 0 255 255
    0 0 255 0 0 0 0 255 0 255 0 0 0 101 46 255 0 14 0 255 0 255 0 186 0
    255 255 190 0 0 0 255 0 0 0 0 0 255 96 0 0 0 0 255 0 107 0 255 0 0
    255 0 229 200 255 0 0 0 178 255 255 255 255 0 0 36 255 0 0 0 255 0
    255 0 17 0 255 0 255 255 255 80 0 255 255 255 33 255 0 0 255 255 255
    255 0 255 0 255 0 136 157 255 0 255 219 255 0 0 255 0 63 0 0 255 59
    189 255 255 0 175 0 255 255 255 0 0 0 255 255 255 255 0 209 19 255 0
    255 0 255 0 255 0 101 0 0 255 255 255 18 0 255 0 255 0 255 177 0 0
    255 0 255 0 255 27 255 255 0 240 0 255 255 255 0 0 173 58 255 111
    255 0 255 0 255 0 255 0 45 211 255 255 0 255 0 255 255 0 0 255 255 0
    0 255 255 255 255 255 255 0 116 255 0 134 0 176 255 0 0 0 0 255 255
    0 255 255 0 255 0 255 0 255 0 47 0 255 104 54 0 0 255 255 255 0 0 0
    0 105 0 0 255 0 255 0 119 217 255 0 255 228 0 255 0 0 51 195 0 172 0
    216 0 139 255 239 0 0 0 90 255 198 0 0 0 49 0 0 255 255 255 255 255
    0 0 32 0 0 255 255 255 255 255 255 0 0 0 255 0 26 0 0 40 151 0 0 255
    255 255 0 255 144 255 0 255 255 0 0 0 0 193 0 157 255 255 36 255 255
    0 255 255 84 0 11 255 101 0 255 255 0 164 0 20 255 206 255 255 0 165
    0 202 126 255 44 0 8 0 255 255 255 0 0 143 255 255 255 0 0 255 204
    11 0 0 255 91 0 255 255 255 0 255 234 0 255 0 255 0 255 255 255 0
    255 0 0 255 62 255 247 255 255 255 255 255 255 0 92 0 160 169 255
    255 165 0 0 0 255 67 0 0 0 0 255 255 255 121 255 255 255 255 0 0 15
    0 179 255 188 255 149 231 255 0 255 0 255 0 255 143 0 255 227 35 0
    255 0 41 255 255 0 0 0 122 255 165 255 0 255 255 0 0 255 255 0 255 0
    138 0 255 255 255 0 255 180 108 126 0 60 255 161 0 86 0 255 163 255
    255 232 42 0 0 0 255 255 196 230 0 0 0 233 5 0 0 255 212 174 0 0 255
    0 255 255 255 0 38 0 255 255 255 0 255 255 255 0 255 0 0 0 255 0 0 0
    0 255 255 255 238 255 0 207 255 255 255 239 255 255 0 255 0 0 255
    255 0 185 0 255 0 163 0 255 96 0 255 0 255 255 0 196 255 197 255 0
    106 0 255 0 119 255 0 255 0 255 0 195 0 255 255 255 255 146 78 0 255
    0 255 255 255 255 255 255 0 170 0 255 255 0 255 0 255 0 255 0 0 135
    255 20 149 0 0 0 0 188 255 255 255 0 255 255 255 128 232 0 0 255 255
    0 0 0 255 0 255 255 255 0 96 255 255 0 39 0 255 255 255 255 0 255 74
    172 0 0 255 0 47 0 255 255 0 0 0 0 236 214 245 255 255 255 0 0 0 162
    255 168 255 255 255 255 0 255 0 0 0 166 255 220 255 0 0 255 255 173
    0 0 169 0 0 0 107 0 115 0 0 175 152 0 255 219 255 255 0 255 209 0 11
    0 255 0 88 255 69 255 255 0 0 255 255 255 0 0 170 0 255 0 0 0 0 255
    255 255 0 0 255 255 0 0 255 255 34 255 0 255 153 112 255 24 255 0 0
    255 255 255 204 255 0 0 0 0 255 255 255 0 0 244 255 0 145 0 255 120
    208 0 255 0 75 255 255 136 255 0 0 163 0 0 170 255 53 0 0 255 40 0
    13 255 74 0 0 0 255 0 0 255 255 61 0 255 255 255 0 62 151 255 72 39
    0 178 0 255 0 255 255 188 123 171 255 0 0 0 255 0 48 0 0 255 255 255
    0 0 255 255 121 0 255 82 0 255 255 0 194 0 0 0 0 255 255 0 168 0 255
    0 255 255 255 0 0 86 173 0 255 255 255 0 255 102 0 116 255 255 255 0
    255 255 158 255 0 255 139 255 0 0 0 65 255 238 255 0 0 100 232 0 0
    190 0 0 255 182 255 0 255 0 0 255 255 255 0 171 228 0 0 255 0 255 0
    77 19 255 0 172 0 0 0 0 255 255 255 255 162 0 255 0 0 0 255 0 0 0
    255 50 0 255 228 28 0 0 0 255 65 255 0 255 0 255 255 0 255 0 255 0
    255 255 0 0 0 255 0 75 0 255 153 255 255 0 0 0 23 255 0 255 87 255
    255 255 182 153 255 48 57 255 0 0 0 255 189 255 0 255 228 255 255
    255 0 255 0 255 0 255 229 255 0 255 181 255 118 0 0 17 255 255 255
    27 0 0 255 0 255 0 255 255 0 0 0 255 255 255 0 255 190 48 0 11 255
    255 0 0 255 107 129 255 255 118 255 0 255 0 19 34 237 255 0 0 0 255
    255 255 0 0 0 255 255 255 249 255 255 0 131 0 255 255 0 255 0 131
    255 128 0 0 0 0 0 43 255 253 255 0 0 0 255 255 255 98 143 76 0 0 161
    140 0 255 0 0 255 113 255 87 255 0 255 40 255 0 0 0 255 0 255 255 0
    0 220 0 255 0 0 49 0 0 255 255 255 0 0 0 255 0 255 0 255 0 0 255 123
    75 55 0 0 255 255 71 0 255 0 255 79 255 255 255 0 0 255 255 0 0 255
    0 0 0 255 255 255 255 0 0 116 255 0 255 0 255 71 255 0 255 255 229 0
    255 0 255 0 255 255 153 119 255 6 255 255 0 255 255 255 0 0 230 255
    0 114 26 0 255 255 255 0 25 0 0 188 0 255 0 255 0 255 0 0 146 255
    255 237 228 0 255 255 255 0 0 255 255 0 255 255 0 0 255 249 255 0
    255 0 103 0 0 201 255 0 0 0 255 0 255 0 255 255 255 40 0 0 0 56 255
    169 203 0 255 215 0 2 0 0 255 255 255 0 230 255 255 255 255 255 255
    0 0 212 0 0 255 255 2 0 149 0 211 160 0 107 18 255 0 255 0 255 0 255
    0 255 0 255 0 255 0 0 0 0 255 255 255 0 255 0 0 39 255 255 48 0 255
    0 255 0 255 255 0 0 0 32 204 0 255 255 156 255 78 247 255 0 255 0 0
    255 255 78 255 0 246 0 0 246 194 65 255 255 255 143 0 0 0 0 255 0
    151 0 0 255 238 255 0 0 103 255 255 0 255 255 255 255 225 102 255
    255 97 255 87 0 0 0 0 255 0 0 255 255 255 77 255 0 255 21 142 255 0
    255 0 0 0 0 255 0 0 255 255 255 0 255 255 255 0 0 182 0 0 255 255 0
    255 0 255 0 255 255 255 135 0 171 160 32 140 255 0 0 0 255 255 255
    255 255 0 255 0 0 255 0 255 255 0 0 0 255 0 34 0 0 0 255 255 0 0 235
    255 255 194 0 0 168 0 69 0 255 255 0 0 0 0 0 0 255 255 255 0 255 0
    255 0 229 255 169 255 0 0 0 64 190 0 0 0 0 255 255 255 0 141 255 10
    0 179 255 255 0 0 255 255 255 0 255 0 255 255 224 0 54 126 0 255 255
    255 240 0 0 0 255 255 255 186 255 226 255 0 255 0 0 0 255 218 255
    255 255 51 234 0 255 186 255 100 255 0 0 0 0 0 0 255 255 0 255 0 255
    255 36 72 255 66 255 0 0 115 255 255 0 255 36 0 0 255 255 27 90 255
    0 0 0 233 0 136 197 0 255 0 0 0 0 255 0 0 255 255 255 0 71 255 166 0
    255 38 255 0 255 114 255 89 255 0 0 0 0 0 57 255 255 255 0 0 0 255 0
    0 0 255 231 255 0 0 0 184 0 255 0 0 0 255 255 255 0 0 255 255 255
    255 0 84 255 229 227 255 255 255 0 255 0 255 198 255 255 0 255 0 0
    235 255 255 255 0 0 255 255 0 0 255 255 0 255 0 255 0 255 0 0 0 0
    255 0 135 176 255 255 0 0 255 0 128 143 172 255 0 255 144 255 0 154
    0 255 253 255 0 255 97 0 73 0 255 255 202 0 0 255 255 0 0 0 255 255
    255 0 168 255 218 0 0 255 255 255 0 204 0 127 92 0 237 0 255 255 255
    0 255 0 198 255 144 255 0 0 0 255 0 255 176 255 0 0 255 0 255 0 227
    0 170 255 0 0 0 255 255 255 0 255 255 0 0 0 0 0 0 0 255 255 255 151
    0 0 0 13 0 0 214 0 255 87 255 255 0 255 0 255 255 255 0 0 0 255 255
    255 255 0 255 0 255 212 255 255 255 0 255 184 55 160 0 104 101 0 0 0
    255 34 255 0 0 255 0 0 188 0 255 0 255 93 255 0 74 114 0 186 255 0
    255 0 255 255 255 255 0 0 163 255 97 255 0 0 0 255 255 255 239 7 208
    0 197 0 255 0 255 0 255 0 0 173 255 255 255 0 67 0 255 0 255 255 255
    0 0 0 0 255 255 200 0 169 0 255 255 255 255 0 255 0 106 0 47 0 255 0
    0 0 255 0 0 0 255 255 255 255 0 0 125 0 255 0 0 255 255 255 255 0 0
    255 225 255 0 11 206 0 0 0 0 255 255 255 0 242 0 16 115 0 0 255 255
    255 0 255 0 255 0 255 255 0 255 255 255 255 125 255 0 255 0 255 164
    78 255 237 78 255 255 252 16 0 0 91 255 255 255 255 0 0 0 0 155 255
    0 255 0 0 0 0 0 255 159 255 0 38 0 0 0 237 255 255 0 0 255 220 0 149
    0 255 226 255 255 0 0 0 255 255 0 255 0 0 105 0 255 0 0 255 42 255
    255 144 255 255 0 255 98 0 157 0 255 255 255 124 0 255 153 255 255 0
    0 0 255 0 194 0 255 0 255 0 0 0 78 255 5 0 0 255 255 0 0 140 0 0 255
    255 255 255 0 147 0 255 0 255 83 255 0 0 255 0 0 0 255 255 154 255 0
    0 0 255 118 255 255 255 0 0 255 255 165 224 255 255 0 255 0 0 255 0
    0 0 255 255 255 0 78 145 255 0 0 90 0 60 0 250 255 255 0 0 129 255
    255 255 255 0 0 0 179 255 0 0 255 0 255 26 212 0 255 255 0 0 0 0 0 0
    255 0 210 255 0 0 0 255 0 255 83 0 255 255 0 0 255 255 0 255 89 255
    0 255 0 255 255 255 255 0 255 0 255 0 255 0 255 0 0 0 255 255 248 0
    255 195 255 81 0 0 232 255 255 0 133 255 255 255 187 68 0 113 45 255
    255 0 0 13 255 255 255 212 255 0 0 0 255 1 48 0 0 255 0 93 198 255
    255 0 17 0 0 255 0 255 193 255 0 0 255 140 0 0 91 255 217 0 18 0 255
    0 17 54 255 255 255 0 0 221 130 255 0 255 255 255 100 255 255 0 0 0
    83 255 225 0 255 0 188 255 255 0 255 255 0 0 0 0 30 0 255 252 0 0
    255 255 255 255 0 0 0 33 255 255 255 0 0 255 0 0 0 0 255 0 0 255 255
    0 0 0 255 0 255 174 255 255 161 255 255 97 255 0 0 0 0 255 255 255 0
    255 44 0 0 0 0 164 0 0 255 255 0 97 255 255 0 0 0 255 0 0 0 37 0 0 0
    255 255 0 94 77 0 0 120 255 0 75 79 0 255 255 255 0 0 0 255 0 186 0
    255 0 0 255 255 111 113 0 145 81 255 0 255 255 255 255 0 0 0 0 0 255
    0 255 0 89 255 255 0 0 0 218 255 255 255 0 0 0 101 0 0 0 255 0 255
    255 0 0 224 255 53 255 0 0 0 255 255 55 0 255 255 255 0 0 146 0 134
    0 255 103 56 255 255 255 0 0 255 255 108 255 0 0 206 146 255 255 255
    150 255 0 255 0 255 69 255 255 0 255 255 255 47 0 0 255 255 255 0
    255 0 27 43 255 0 0 19 255 0 221 0 255 255 0 150 0 255 255 127 24
    255 255 0 255 0 0 0 46 255 255 255 134 255 0 255 0 255 0 255 0 0 0
    255 255 147 12 0 0 0 255 0 255 255 255 0 0 255 247 0 255 0 15 0 255
    0 255 0 235 125 255 255 0 255 255 0 0 0 0 255 255 255 0 47 0 0 0 25
    0 255 255 5 255 203 255 0 255 0 61 0 0 255 162 236 0 25 255 255 94
    45 255 0 255 255 255 0 255 69 0 229 100 198 255 0 0 0 255 255 255
    255 42 0 255 92 255 26 159 0 255 0 255 0 58 0 255 0 255 0 255 155
    255 0 0 255 0 0 158 0 0 255 255 0 255 0 255 255 0 0 0 0 255 0 255 47
    0 255 255 255 255 255 232 69 255 0 255 255 255 255 0 0 255 236 0 255
    140 255 0 0 0 30 0 194 255 255 0 0 0 255 255 255 0 130 50 67 255 0
    215 0 255 0 0 0 255 0 0 0 255 0 0 0 0 255 0 0 0 255 0 255 255 255
    255 255 0 147 0 174 255 0 255 255 154 0 0 0 221 0 255 255 255 255
    255 0 0 0 0 255 247 0 0 0 0 255 255 255 255 0 0 0 0 255 255 255 0 0
    0 255 0 0 255 64 255 6 255 0 0 255 255 151 0 0 0 255 182 255 201 68
    255 0 0 0 255 0 255 255 255 255 255 255 0 0 255 255 5 255 204 255 0
    3 255 255 22 0 0 0 0 255 255 255 57 0 0 255 255 0 0 0 61 255 86 255
    0 0 19 255 0 0 0 0 0 0 0 0 0 0 0 255 255 0 0 0 255 0 0 0 255 41 255
    255 255 255 255 0 0 0 51 255 255 255 0 0 0 171 0 255 255 14 0 255
    255 255 0 255 255 0 255 0 255 0 255 0 255 255 255 0 42 0 255 255 246
    0 255 0 0 0 255 255 226 94 0 255 0 255 11 255 0 0 0 185 0 255 255 79
    0 0 255 140 255 0 255 255 255 0 255 255 255 0 255 35 255 0 255 0 0 0
    255 76 0 255 255 235 177 0 255 255 100 0 38 255 255 255 0 255 0 0 0
    103 0 217 255 173 0 0 244 255 176 0 0 110 0 54 255 255 255 0 255 255
    23 255 0 0 0 255 255 0 0 0 255 204 0 255 255 0 0 0 28 0 9 0 255 0
    136 0 255 255 0 0 255 72 0 0 0 255 255 255 46 0 0 255 107 98 206 255
    0 0 255 66 255 255 25 0 255 255 159 67 0 0 209 255 0 247 0 255 255 0
    81 255 255 0 0 0 0 255 66 255 255 0 0 0 255 255 255 255 0 0 0 201
    255 104 54 255 212 0 12 0 255 255 0 255 0 255 255 255 0 255 255 255
    0 32 0 255 146 0 0 0 255 251 0 8 202 255 255 229 255 255 0 255 174
    255 0 255 255 135 0 0 255 0 255 0 129 255 255 127 0 0 0 255 255 0
    255 0 0 0 255 255 0 255 132 255 0 255 255 0 255 0 255 0 255 255 255
    0 0 255 197 47 0 0 0 0 0 255 209 255 255 255 0 0 0 181 0 255 255 255
    239 5 255 46 0 255 0 255 255 255 0 255 0 0 0 0 0 255 0 0 0 255 255
    255 24 0 255 0 0 255 0 255 0 255 0 0 40 255 15 221 255 0 255 255 255
    138 84 255 0 255 255 117 0 0 0 186 255 0 0 249 142 0 255 61 255 0
    255 255 255 255 166 0 0 75 33 32 21 255 255 255 255 0 0 0 25 255 255
    107 255 0 0 0 255 27 255 204 0 255 255 255 0 104 0 255 255 0 105 255
    255 255 0 0 0 255 255 255 127 144 0 0 255 0 156 0 255 255 0 0 0 0
    255 255 255 0 0 0 0 0 255 255 37 135 0 0 0 0 255 0 0 0 255 255 255 0
    255 0 255 0 210 0 0 149 255 255 255 0 29 255 255 255 0 0 0 255 138 0
    0 255 34 0 69 255 0 124 0 255 255 255 0 0 0 129 255 26 0 0 117 0 255
    0 255 0 140 0 210 255 95 255 0 255 0 255 0 255 0 255 255 0 255 0 255
    0 0 255 255 255 0 255 0 255 0 255 0 255 30 0 255 0 0 40 255 18 0 0 0
    255 0 255 0 255 83 0 255 182 238 255 217 0 174 0 255 255 255 145 255
    0 255 0 255 0 255 141 255 255 0 0 175 135 255 255 0 255 46 255 255
    233 255 0 0 255 255 255 255 255 255 102 0 188 255 255 0 0 89 0 0 255
    255 255 0 0 0 0 157 246 255 0 255 0 0 0 255 0 255 0 232 0 255 0 8
    222 0 255 255 255 255 169 255 255 156 0 0 0 255 255 255 38 0 0 255 0
    0 0 0 255 0 255 255 255 0 0 255 255 0 38 232 255 255 233 0 238 0 213
    255 42 0 255 0 255 0 239 0 255 156 0 172 255 0 255 73 255 255 255 39
    0 255 0 255 239 255 194 255 255 255 0 199 255 0 0 255 255 255 0 0 0
    255 0 255 0 255 255 100 255 0 255 255 100 0 0 255 255 255 176 0 255
    0 0 0 116 51 255 255 255 0 255 252 37 0 255 69 255 255 0 0 0 255 0 0
    0 0 0 122 255 255 248 0 0 202 243 255 0 0 255 255 255 0 255 3 0 255
    0 0 255 196 0 0 255 0 255 255 255 255 139 0 241 255 0 255 0 255 255
    255 255 255 255 0 255 0 0 0 255 0 0 0 255 255 170 176 0 0 0 255 0 0
    255 98 80 131 0 255 0 0 255 255 0 0 0 0 255 255 255 192 255 2 255 10
    255 255 0 120 203 0 49 255 255 255 213 255 0 159 0 72 0 255 0 255 0
    62 0 0 255 255 255 255 223 0 255 198 255 0 36 0 134 0 255 210 17 0 0
    255 255 57 0 255 0 0 255 125 135 0 0 0 255 0 255 255 255 0 0 255 0
    255 255 255 248 2 255 0 0 0 255 0 71 0 0 255 0 255 255 91 0 255 209
    44 255 246 0 255 0 0 255 255 108 0 0 0 0 255 0 0 255 0 255 0 255 255
    255 255 0 255 255 0 241 67 255 255 255 255 58 0 0 255 255 14 0 224
    255 255 65 0 0 0 0 0 0 255 0 255 255 255 0 131 0 147 255 255 0 0 77
    147 32 0 0 0 255 255 255 0 0 255 255 255 152 0 198 14 234 0 255 0
    255 84 255 0 255 0 255 0 255 0 255 255 8 43 255 255 255 0 255 0 26
    255 12 255 95 159 255 0 0 0 0 255 0 103 0 255 80 255 0 255 0 210 0
    255 0 255 0 223 255 255 172 0 255 0 72 0 0 24 255 80 0 255 0 255 0
    255 0 255 248 124 127 0 216 255 255 0 248 208 0 255 0 103 0 0 0 112
    244 0 0 0 255 255 255 213 0 0 0 219 0 91 255 216 255 255 255 0 0 255
    0 255 255 0 0 0 255 212 109 0 0 0 0 255 255 255 244 0 0 0 108 255
    255 0 0 0 0 130 0 57 0 0 0 163 255 255 0 211 0 202 255 255 255 14 0
    0 234 208 255 130 253 0 255 87 0 13 255 255 0 143 0 255 255 255 255
    0 0 0 255 255 255 0 179 0 0 0 0 232 0 136 255 0 174 255 255 255 0 0
    255 255 255 0 0 255 236 0 0 255 255 255 255 0 255 0 0 0 255 0 255 0
    197 53 255 255 72 255 0 255 255 0 157 0 137 255 248 0 0 255 0 255 0
    217 0 255 0 0 0 255 0 255 255 255 255 105 142 70 0 255 255 0 0 255 0
    0 0 187 255 0 0 0 255 255 255 0 0 147 255 0 255 255 255 101 0 0 255
    0 255 0 255 166 0 255 255 255 255 0 255 255 0 255 38 255 0 255 0 255
    0 255 0 197 0 81 28 0 0 0 39 0 255 255 255 255 0 255 0 255 0 255 212
    0 0 255 0 255 0 0 174 255 255 0 0 9 255 0 255 6 255 255 0 255 0 255
    255 114 255 255 13 0 0 255 255 255 255 255 41 255 0 0 255 255 255
    255 89 127 48 0 255 255 193 0 0 169 0 255 0 0 0 250 255 255 255 110
    150 0 190 255 0 108 255 0 255 255 255 0 58 201 0 255 0 255 255 0 0
    86 83 255 0 255 0 255 0 255 255 0 255 0 255 255 255 0 0 255 0 0 128
    0 181 255 0 0 255 255 0 0 0 255 255 168 0 0 255 0 0 255 246 255 0
    255 0 0 255 255 255 255 135 92 0 255 255 9 0 0 0 255 255 0 0 45 255
    240 255 255 0 104 0 22 61 255 0 0 30 0 0 0 0 0 255 0 104 0 0 0 255
    255 0 255 0 255 0 255 255 0 0 255 255 140 0 0 255 255 0 215 0 234
    255 249 0 0 255 0 255 0 255 0 255 41 0 255 0 255 19 255 0 217 0 0
    111 0 0 209 255 255 0 0 0 0 0 227 255 255 255 1 0 197 0 0 255 0 255
    0 151 0 0 0 255 255 202 0 255 255 255 255 71 192 115 255 255 255 0 0
    60 255 0 62 0 255 0 117 255 255 67 229 255 0 0 255 255 255 255 0 255
    255 255 0 179 255 0 255 144 255 0 0 0 255 255 0 0 0 255 255 0 0 0
    255 112 255 0 255 255 0 0 0 0 50 255 0 0 0 255 255 255 0 168 0 0 189
    255 255 255 0 0 0 247 55 0 162 0 255 0 255 120 255 0 255 255 0 181 0
    192 0 255 146 164 150 0 0 255 0 255 0 0 255 255 255 0 255 230 0 234
    168 255 255 255 0 0 0 255 255 174 0 255 185 250 0 255 0 255 0 0 69
    255 255 0 255 0 255 52 0 255 255 0 255 255 255 0 0 0 255 0 255 53
    235 255 0 0 134 255 154 255 0 255 0 252 255 255 225 0 92 255 255 90
    199 0 255 255 0 0 255 0 123 0 255 0 255 255 255 0 255 255 255 255 0
    255 0 0 195 212 255 0 0 136 255 0 0 0 255 0 51 255 255 255 207 101
    207 255 0 255 255 255 38 202 0 255 255 255 158 255 255 0 0 255 0 0 0
    255 255 255 0 0 160 0 255 255 125 0 0 255 255 193 0 0 255 172 0 0
    255 255 255 0 181 246 255 0 255 255 255 0 255 255 255 0 0 94 0 0 255
    255 255 65 255 0 118 0 255 255 255 0 0 255 0 0 255 17 255 255 255 18
    255 186 12 255 0 255 0 255 0 255 143 255 0 85 255 255 255 255 0 166
    244 189 63 138 0 0 173 255 255 168 0 118 0 0 255 168 0 0 255 0 255 0
    255 0 0 255 7 0 0 255 255 105 0 0 255 0 255 255 255 255 131 0 63 0
    255 255 255 255 151 102 255 0 255 0 157 0 0 255 160 0 0 0 255 255 0
    255 255 255 206 0 0 196 255 255 255 0 36 255 255 0 0 255 255 255 0 0
    0 0 255 255 255 255 0 255 0 0 255 0 255 0 255 83 255 0 255 193 255
    255 178 0 0 255 0 0 0 255 255 0 0 0 255 128 221 28 255 255 90 255
    255 0 162 255 255 223 0 0 0 255 255 188 0 0 86 255 255 255 32 0 77 0
    255 255 0 0 255 170 255 255 255 0 0 0 255 255 225 255 0 0 0 255 0
    255 0 255 255 255 0 0 0 255 102 255 0 255 0 255 255 255 255 255 255
    0 96 255 0 255 163 102 0 0 255 255 255 0 255 0 0 0 0 31 255 255 236
    0 165 0 0 0 174 0 255 255 255 0 255 0 250 255 0 0 255 255 255 255
    154 250 255 255 173 255 72 255 0 138 255 255 255 0 0 0 255 184 50
    255 0 255 0 255 255 0 255 0 181 255 255 0 0 0 255 78 255 0 255 255
    255 255 0 0 81 0 106 255 0 38 255 0 157 0 0 43 255 237 255 0 255 0
    255 0 0 255 255 0 0 255 48 118 0 255 255 0 255 0 255 255 0 0 115 255
    0 1 0 0 255 216 99 0 231 0 0 255 255 255 255 0 190 0 251 72 255 255
    0 0 0 255 255 158 183 194 0 0 255 0 255 199 255 237 0 255 255 217 0
    255 0 45 0 255 0 255 255 255 255 0 0 235 182 255 255 242 255 0 255
    255 255 255 245 0 92 255 255 0 0 0 122 0 255 0 0 0 255 255 255 0 216
    189 124 0 255 0 255 255 255 137 0 0 0 255 255 255 0 246 0 255 255
    255 0 0 255 0 0 0 9 0 255 202 0 0 0 255 169 0 0 0 255 255 255 170
    255 0 0 0 255 255 0 255 0 152 255 0 54 0 155 255 0 0 41 193 221 0
    255 120 0 0 0 255 255 82 180 255 255 0 255 0 255 0 255 0 255 255 255
    0 255 0 0 255 0 119 0 255 255 255 43 0 0 0 255 255 255 0 255 0 255 0
    255 0 255 0 0 0 255 0 255 0 255 255 255 210 0 0 255 255 0 255 255
    241 146 0 0 38 255 0 255 0 255 0 239 0 0 255 255 0 0 255 255 46 255
    0 0 0 255 0 255 0 255 0 0 0 255 0 0 0 0 0 255 255 255 0 0 0 255 0 0
    255 210 0 255 255 137 0 99 255 0 88 0 0 0 255 255 136 255 255 0 0 38
    0 0 255 0 0 122 143 255 61 229 255 0 0 110 255 0 255 0 255 192 0 0
    255 255 255 0 0 255 87 119 239 63 0 255 255 255 0 0 255 0 0 0 0 0
    233 255 0 206 255 255 255 0 85 239 36 255 0 255 137 239 3 255 0 255
    0 255 231 0 255 255 255 255 0 0 0 255 0 255 0 0 255 58 94 0 0 157
    255 0 255 0 255 192 0 255 0 0 0 0 0 11 188 255 255 0 144 0 255 255
    240 255 255 255 0 0 67 255 0 0 175 0 255 255 255 0 0 0 0 0 255 255
    255 37 0 0 255 255 0 77 0 255 255 255 0 123 253 0 0 0 0 0 0 0 0 0
    255 255 0 255 0 0 0 255 0 42 255 255 23 104 255 0 8 0 0 0 255 255 0
    136 255 0 255 108 255 104 255 0 131 255 255 255 255 0 0 255 255 255
    0 0 255 255 255 75 0 0 0 82 255 27 27 255 0 0 0 144 255 255 255 0 0
    189 255 255 131 255 255 255 255 0 0 0 0 0 255 164 255 0 0 0 179 255
    0 255 0 0 0 26 0 255 0 0 255 231 213 0 0 0 255 255 255 135 17 255
    194 60 0 0 115 255 0 255 0 49 0 255 255 0 255 255 255 0 255 26 219
    219 255 255 0 255 0 255 145 109 0 245 0 0 177 204 255 255 84 244 0
    146 0 128 0 255 255 0 0 0 68 255 255 0 0 2 255 43 255 0 0 178 255 0
    255 0 255 0 0 255 255 194 48 0 189 255 0 0 0 255 0 255 0 255 255 20
    100 0 255 255 0 255 0 0 255 190 0 57 0 255 0 255 255 255 0 68 255 0
    0 255 255 0 0 121 255 100 188 255 0 0 255 255 255 8 0 0 255 255 255
    152 0 0 255 0 0 0 255 255 0 146 255 0 0 0 255 255 56 0 255 255 77
    255 56 255 255 0 0 0 71 0 19 0 56 255 255 67 0 255 239 158 0 0 255
    255 0 113 255 255 0 101 193 255 255 255 0 255 0 255 255 255 0 201 0
    154 195 201 0 247 255 68 255 0 0 255 171 0 0 255 255 4 0 0 99 183
    255 255 67 93 0 255 82 0 0 202 255 103 0 245 0 94 255 255 0 255 0
    255 0 124 113 255 108 0 0 0 0 255 0 0 0 255 0 34 0 0 167 0 0 255 0
    255 0 255 0 59 0 218 255 204 42 0 255 255 182 0 183 0 166 255 244
    228 0 213 0 255 255 0 0 0 25 0 0 0 255 255 255 0 255 112 255 0 255 0
    255 255 255 0 0 0 0 1 0 0 255 255 0 32 0 0 0 0 92 255 0 255 255 255
    0 0 0 0 255 255 255 255 255 0 0 219 200 206 162 255 255 0 255 255
    213 0 255 0 255 255 255 255 0 0 0 0 255 255 255 0 0 130 255 203 255
    0 255 0 0 0 255 197 0 255 255 0 0 0 255 0 255 0 255 255 255 0 0 150
    255 211 0 0 0 0 255 255 255 140 0 0 0 31 0 144 0 152 255 255 0 180
    255 255 0 0 0 255 255 255 255 0 255 0 255 0 168 0 255 255 0 0 0 255
    0 255 255 255 255 2 255 255 0 0 254 0 255 255 255 255 0 0 0 88 0 0
    255 0 66 255 0 255 0 255 0 0 0 255 255 216 0 255 255 0 0 0 0 0 255
    255 255 255 255 255 0 5 0 0 0 255 0 255 0 84 166 255 255 255 0 255 0
    0 255 255 19 0 255 0 255 255 255 0 101 74 255 96 0 0 255 255 0 255 5
    0 255 255 255 0 0 0 128 0 255 0 145 0 0 0 255 34 255 255 255 255 0
    255 0 255 0 255 89 0 0 255 0 255 255 255 0 255 91 110 0 250 255 244
    255 0 255 255 216 255 0 255 0 0 0 40 255 0 255 0 255 63 120 255 0
    255 0 255 255 0 255 255 0 0 0 255 255 0 0 255 255 255 0 3 255 255 0
    0 255 255 255 0 194 0 248 0 52 52 255 0 255 0 0 255 0 104 255 189
    255 143 0 181 0 255 255 255 0 0 255 255 255 144 255 255 146 0 80 255
    255 255 255 255 135 255 255 121 255 0 64 42 255 12 223 0 0 9 255 255
    0 0 0 0 255 255 255 0 255 255 0 0 255 0 255 0 0 0 0 255 86 0 242 255
    0 255 211 0 210 0 255 0 255 122 122 0 0 255 255 174 255 255 0 0 95 0
    205 0 255 126 255 0 0 255 0 255 248 255 0 0 0 255 58 255 0 0 0 255
    255 0 0 0 0 118 255 228 140 0 0 255 255 255 0 255 0 255 0 250 0 0
    255 245 0 0 255 255 0 0 255 255 255 0 248 255 255 200 255 255 0 34
    255 255 0 255 0 255 201 255 0 254 0 0 221 0 255 217 255 223 0 0 255
    255 0 255 255 0 0 255 34 116 255 255 255 0 0 255 255 255 0 0 0 0 27
    255 255 0 0 0 255 0 218 255 255 255 0 255 116 0 0 18 0 255 255 255
    255 255 0 0 0 255 0 255 0 255 0 255 0 134 0 0 205 255 0 223 0 0 255
    0 255 0 0 255 255 0 0 255 118 255 0 10 0 255 0 0 255 0 38 255 0 90 0
    0 0 255 0 98 0 0 175 0 255 0 213 0 175 0 0 255 0 255 0 255 0 255 5 0
    0 247 70 255 0 255 0 255 255 255 255 255 122 245 0 0 255 255 255 30
    227 120 110 255 0 0 255 255 59 0 0 0 132 255 96 0 99 255 42 0 134 0
    255 255 255 0 149 0 255 255 76 255 0 0 0 0 255 255 255 0 255 233 81
    0 137 121 255 93 0 0 255 167 0 0 60 255 255 255 78 0 0 8 200 0 255 0
    255 0 255 0 255 0 230 0 0 255 255 255 171 255 0 255 243 76 255 0 255
    0 255 0 0 0 255 255 0 255 0 255 214 0 0 255 160 0 0 0 38 255 255 0 0
    0 255 255 255 0 0 200 255 0 255 162 47 255 0 180 255 255 0 0 255 255
    0 255 0 255 0 255 255 203 255 0 0 255 0 255 255 255 44 126 0 0 255
    255 255 255 174 0 166 255 0 255 255 255 0 0 255 0 255 0 7 32 1 255 0
    0 0 255 255 255 0 255 0 255 0 0 255 255 255 255 0 0 0 255 20 255 0
    112 0 255 0 255 255 0 0 213 255 36 0 0 255 0 255 0 188 0 255 165 0
    255 0 255 144 41 163 255 255 255 148 0 255 0 255 195 255 255 0 42 0
    96 0 255 255 126 0 0 0 255 255 0 0 255 255 255 7 255 0 255 255 0 140
    0 255 0 255 0 255 0 255 0 157 0 0 0 255 0 234 27 0 174 255 89 0 0 0
    0 255 0 0 0 85 255 255 0 255 0 255 0 255 0 255 255 255 255 0 255 0 0
    0 255 0 255 54 100 0 0 0 255 0 255 0 0 0 0 0 255 255 255 0 0 255 0
    255 255 255 0 255 255 255 0 0 124 0 255 0 255 0 255 0 255 255 0 73 0
    0 0 0 144 241 255 195 255 255 0 231 0 255 255 255 255 0 39 0 0 255
    255 138 255 255 0 103 0 0 0 0 18 255 0 0 255 255 78 0 0 176 0 0 51 0
    0 0 0 243 255 0 65 255 255 255 0 255 255 147 0 0 113 255 0 0 0 255
    255 255 13 255 0 0 0 255 250 0 133 0 0 0 255 138 0 0 0 255 255 0 0 0
    255 255 114 254 0 255 0 153 255 255 255 255 0 130 255 0 0 211 255 0
    0 224 0 255 210 255 255 0 0 166 255 28 0 255 0 97 0 255 173 255 0
    255 0 144 0 255 255 255 0 0 0 9 255 255 0 0 255 255 0 255 0 0 255
    255 0 0 0 255 255 255 255 0 0 0 255 255 255 0 10 0 0 0 255 255 255
    255 0 0 0 175 255 76 0 255 0 255 0 0 160 255 255 255 0 0 255 0 139 0
    0 255 193 255 0 0 0 0 255 255 4 0 0 47 255 255 0 192 170 55 0 0 0 0
    0 255 37 0 255 0 6 0 234 255 0 255 255 255 255 0 225 253 255 0 0 0
    255 255 255 255 0 255 0 0 0 255 255 0 0 0 255 255 82 24 0 32 205 0
    255 255 255 0 255 55 255 254 126 255 255 70 192 0 0 255 255 255 0
    169 255 147 58 0 0 0 255 0 255 0 255 0 198 255 255 225 255 255 255 0
    255 255 209 0 2 255 255 0 255 0 21 0 255 255 255 0 0 126 164 0 255
    140 127 102 255 0 0 0 255 255 255 0 0 0 11 255 255 0 255 203 94 0 0
    0 255 255 0 17 255 255 255 7 125 0 255 145 0 203 255 255 37 0 48 255
    255 170 255 255 179 0 34 0 178 255 255 255 255 0 0 255 255 255 107 0
    255 0 255 0 0 0 255 255 0 0 255 255 255 0 0 255 0 255 229 123 195 0
    255 194 0 56 255 255 0 30 255 0 255 0 0 0 0 255 255 255 0 255 255
    125 255 255 0 137 91 255 0 255 0 255 230 255 0 255 255 0 180 0 255
    144 255 62 0 48 0 255 126 255 255 255 0 182 255 0 6 0 255 255 255
    255 110 0 0 255 255 0 0 0 255 241 0 133 253 255 255 255 255 255 149
    0 0 0 255 0 255 0 0 47 255 255 255 0 255 0 255 0 141 0 255 0 255 18
    255 0 0 255 3 255 0 255 0 0 0 255 255 255 0 255 255 0 186 255 50 255
    0 0 25 169 0 0 255 255 0 232 255 255 0 0 247 8 255 255 0 255 255 0 0
    0 255 0 0 0 0 255 0 255 0 0 0 255 97 0 0 255 0 0 0 0 255 223 0 0 209
    255 255 255 69 0 0 0 211 0 149 255 255 202 0 255 255 0 137 255 255 0
    0 255 255 0 0 0 0 255 255 0 194 129 50 255 255 0 0 84 255 255 188 0
    84 255 0 255 0 255 18 0 0 255 0 0 0 255 255 255 0 255 0 255 0 255 0
    255 0 255 0 255 255 255 186 0 241 255 0 118 108 255 0 0 255 0 255 0
    255 0 255 255 255 0 0 172 255 255 0 0 127 0 56 0 255 226 0 0 255 0 0
    112 255 0 0 216 255 255 255 177 72 255 0 255 0 255 0 0 0 225 0 0 23
    255 255 0 0 0 255 90 255 255 0 255 0 255 0 255 47 255 0 0 0 255 255
    255 0 253 255 0 255 106 255 45 0 255 0 0 0 255 255 0 255 0 0 0 0 135
    255 139 255 255 255 203 0 0 255 255 0 0 212 132 95 63 255 255 0 0
    255 255 154 0 90 255 255 0 241 255 84 0 255 255 44 0 42 0 255 224 0
    0 108 0 255 0 255 0 111 255 50 72 255 255 255 255 0 0 0 0 216 255 0
    255 0 68 255 255 57 149 235 0 255 255 0 0 0 255 255 59 0 204 255 255
    255 0 0 0 0 255 255 255 0 0 0 0 129 34 0 137 0 255 255 109 83 255
    255 0 190 0 255 0 41 255 255 255 0 0 0 12 46 0 223 255 0 0 255 255
    255 0 0 0 0 255 159 255 255 11 0 255 33 255 74 255 177 255 34 0 255
    22 255 0 255 198 105 255 255 255 0 211 255 0 0 255 0 0 190 0 183 255
    0 0 255 255 255 0 190 228 0 0 202 0 0 0 255 0 125 0 252 0 255 0 255
    255 0 0 255 255 255 0 0 255 0 0 48 255 255 0 0 0 0 0 215 255 0 255 0
    255 255 255 0 255 255 135 204 0 255 0 187 7 0 143 0 255 0 255 56 114
    0 0 0 255 10 191 0 255 255 255 0 0 0 0 255 255 60 64 119 255 232 146
    255 255 85 255 0 0 0 255 0 255 0 0 255 159 0 255 255 0 0 0 255 255
    77 0 255 255 0 13 0 255 0 0 0 0 255 255 0 0 0 255 255 0 0 0 255 255
    0 0 0 255 255 255 0 255 0 0 207 248 0 255 37 75 0 0 181 0 255 255 0
    255 0 255 0 0 0 255 255 255 0 0 0 255 255 45 255 0 0 0 0 39 0 0 255
    255 0 0 0 184 0 241 204 0 0 191 244 0 91 255 255 255 0 151 0 30 172
    224 0 0 255 255 255 255 22 155 0 0 180 255 255 0 0 255 0 255 224 252
    146 0 0 255 255 36 255 0 0 207 0 0 255 0 255 255 0 224 139 0 0 35
    255 255 0 0 0 255 99 255 0 138 250 0 0 0 255 255 255 255 0 0 0 255
    86 0 0 129 0 255 0 89 0 255 255 0 255 255 124 0 255 0 255 185 102 0
    255 255 0 0 0 0 255 255 0 255 0 0 0 0 0 255 255 255 255 0 255 192 0
    255 0 255 255 255 0 0 0 0 255 8 0 0 255 145 154 124 0 255 0 255 225
    0 0 126 0 0 137 0 255 53 255 255 0 0 0 0 41 255 0 0 0 78 255 14 255
    255 0 0 200 0 0 168 0 255 255 0 255 255 255 24 34 0 103 154 255 255
    86 143 0 255 0 0 0 0 255 255 0 0 0 255 255 0 255 0 255 167 255 0 112
    255 101 0 0 255 97 255 0 0 0 176 255 196 255 255 255 0 0 0 0 255 255
    255 0 0 0 183 255 231 0 0 0 255 0 0 59 58 11 255 255 255 255 255 255
    0 255 255 255 0 0 0 255 255 255 0 0 0 255 0 255 0 0 158 255 255 23
    255 156 0 167 239 131 0 0 0 17 0 0 255 0 255 0 255 0 0 0 255 255 255
    0 59 0 0 255 255 0 0 202 255 255 0 0 0 255 255 255 0 0 255 255 0 98
    3 61 236 255 0 255 0 211 0 255 255 255 255 93 255 0 0 0 255 255 255
    0 0 0 0 255 255 255 0 0 255 255 255 255 255 0 255 0 0 0 153 0 0 255
    231 0 0 0 255 255 255 0 0 0 255 0 133 0 255 216 255 0 16 0 184 0 55
    255 255 255 233 255 0 255 0 0 0 179 52 255 0 109 0 255 0 255 0 255
    255 0 255 255 255 255 88 0 0 166 206 255 7 0 0 255 255 0 0 0 255 255
    255 255 255 255 0 255 255 0 0 0 0 255 255 146 0 0 255 12 255 166 190
    228 136 56 255 0 0 255 255 89 250 146 0 255 255 255 183 255 206 120
    0 255 0 255 67 255 64 0 0 255 40 60 0 0 242 0 255 179 0 0 255 0 40 0
    255 97 255 255 0 255 0 255 0 0 0 0 255 0 255 255 83 0 228 54 52 255
    0 255 255 111 137 0 255 255 0 255 0 0 0 255 166 255 0 0 255 0 0 255
    255 255 82 255 0 178 0 255 0 0 123 255 121 255 0 255 0 255 193 0 0
    255 255 0 255 65 255 0 0 68 255 255 255 255 157 0 174 0 0 255 8 255
    255 255 0 0 255 255 114 255 255 71 255 26 255 255 0 0 255 0 255 0
    215 255 0 70 255 0 0 75 0 255 248 255 255 0 0 255 255 255 220 0 0
    159 0 0 0 229 63 0 255 255 157 249 0 255 255 255 0 0 0 125 255 255
    245 255 255 0 0 0 0 255 255 255 255 255 255 59 61 0 0 0 48 0 255 255
    0 0 0 255 32 171 0 255 255 255 0 255 236 0 43 0 255 0 76 251 255 0
    255 255 255 0 0 0 255 255 255 255 0 255 255 0 208 0 255 255 255 0 0
    255 255 0 255 0 0 255 0 62 255 255 205 0 0 255 255 255 255 193 160 0
    0 0 255 0 255 0 255 60 0 255 0 71 0 255 255 0 0 0 255 255 255 0 0 0
    255 0 131 0 0 255 255 255 255 0 0 0 255 0 245 0 94 255 216 249 0 66
    0 34 255 255 255 0 255 0 0 66 255 143 255 0 255 125 0 0 0 255 255
    255 27 0 99 255 16 0 0 0 20 255 255 255 0 0 131 0 86 0 255 0 255 255
    255 0 0 0 255 255 255 0 0 255 255 0 255 0 255 0 158 0 0 25 255 12 0
    0 255 196 0 255 255 255 0 123 0 0 255 0 0 0 255 0 255 0 165 255 255
    0 0 255 255 0 0 112 255 0 255 0 255 0 188 255 255 0 0 0 255 57 0 0
    255 255 0 0 198 0 0 0 255 0 255 255 143 255 255 0 255 0 0 255 0 254
    194 255 0 255 0 0 255 0 82 90 0 0 255 255 255 255 255 255 255 255
    255 0 72 0 255 255 0 0 194 255 255 57 102 156 255 0 0 255 0 255 255
    0 0 0 255 255 255 255 255 0 0 0 255 0 0 150 255 255 240 0 0 251 255
    255 0 0 255 255 0 255 0 0 130 255 255 255 0 17 0 0 6 0 255 13 255
    255 0 255 0 255 0 255 0 255 255 255 42 88 0 0 0 255 130 43 255 255
    255 0 105 0 255 105 255 0 0 0 255 255 209 255 0 255 255 204 0 0 218
    0 255 0 255 255 0 255 255 255 186 255 0 255 255 255 0 173 110 255
    175 255 255 184 0 0 255 0 0 0 0 255 255 255 0 0 6 255 255 255 0 144
    255 184 255 0 0 0 255 255 0 200 255 255 31 255 0 220 200 255 0 255 0
    39 141 0 0 255 255 255 255 0 0 0 255 255 28 247 0 146 255 237 0 92 0
    255 255 0 0 255 255 255 30 1 0 255 255 140 230 255 117 255 230 0 0
    203 255 255 127 0 0 0 255 255 255 238 0 255 0 0 27 0 0 0 234 0 0 0
    255 255 255 0 0 0 82 255 255 0 171 181 255 146 0 255 255 255 34 0
    255 200 0 0 81 82 255 255 255 0 255 0 255 0 0 0 0 255 61 255 31 255
    25 255 0 255 0 255 0 255 0 255 197 255 107 255 158 0 255 0 255 221
    255 255 0 255 152 255 0 0 255 248 255 0 0 255 37 140 225 255 173 0 0
    247 0 0 0 255 255 24 0 255 255 255 247 255 0 0 138 255 255 17 0 176
    255 255 0 0 255 255 255 255 0 255 0 255 255 121 0 37 33 255 255 0 0
    0 49 255 131 166 255 0 255 255 255 0 255 0 237 255 0 0 255 255 255
    255 0 67 255 0 4 0 255 255 129 0 0 0 0 240 255 255 0 0 0 255 0 0 255
    255 255 255 255 0 0 255 0 0 192 0 255 0 255 0 0 0 0 255 0 255 255
    255 0 0 224 255 155 189 122 0 255 0 155 255 0 0 0 0 45 255 255 255
    255 94 255 0 33 0 90 0 255 0 255 25 255 0 115 0 180 0 255 255 0 0 0
    0 255 43 255 255 255 255 255 0 0 0 0 255 255 162 0 255 0 255 247 117
    255 0 186 255 176 255 0 0 255 255 255 255 0 0 0 255 100 255 0 101 0
    0 0 0 255 239 0 255 0 255 0 255 0 255 0 233 143 0 0 255 0 246 255
    255 255 0 0 117 0 255 255 255 254 0 0 0 0 255 0 96 92 255 255 0 0
    255 255 0 255 255 255 0 0 59 0 0 0 255 255 109 0 255 0 47 0 255 0
    255 0 194 255 255 255 255 255 253 255 0 0 255 255 224 183 111 0 0
    188 144 0 0 0 255 255 255 0 255 0 0 255 255 255 0 187 0 255 69 255 0
    0 215 0 255 0 0 225 255 255 0 62 0 0 132 255 0 0 0 255 255 255 0 255
    255 206 247 255 255 1 0 0 255 0 253 255 42 255 255 74 0 0 0 255 0 0
    130 232 40 255 255 104 0 0 255 0 255 255 255 152 0 255 0 255 0 255 0
    255 173 255 0 243 207 255 143 0 165 255 255 0 255 184 30 255 255 0 0
    83 19 255 255 255 255 0 0 245 255 0 0 0 37 207 27 255 0 255 255 255
    255 0 255 0 168 0 255 255 131 254 0 0 0 0 255 0 255 0 210 255 255
    255 0 0 0 255 165 153 0 151 255 255 255 32 41 0 255 255 255 0 0 118
    107 255 0 0 0 180 1 255 0 0 0 167 255 255 255 0 255 219 255 0 94 255
    0 0 255 255 163 0 0 255 0 255 0 255 0 255 143 193 0 0 255 255 0 255
    0 255 0 255 0 255 0 255 56 146 255 0 255 255 255 255 148 0 0 28 255
    0 0 31 0 0 0 116 247 191 255 160 0 0 255 161 255 255 0 0 0 167 207
    242 255 255 255 0 255 0 155 0 255 100 255 0 0 255 255 0 0 0 255 255
    0 128 255 0 154 0 255 0 255 96 255 255 0 0 255 255 255 0 255 0 226 0
    255 255 255 0 255 0 255 0 255 246 255 0 178 0 0 0 255 0 0 0 255 0 95
    160 0 255 0 255 0 255 0 129 250 255 0 0 255 255 0 0 255 0 0 255 0 0
    0 0 255 255 255 0 255 0 0 0 255 165 255 24 255 27 0 0 0 122 255 255
    255 0 72 255 88 255 0 255 1 0 0 255 0 255 0 255 255 0 178 0 255 52
    255 255 0 14 0 255 255 113 255 0 246 204 255 0 255 0 185 0 255 255 0
    0 0 0 255 58 0 255 255 255 0 255 107 255 0 0 255 255 255 0 255 255
    174 0 0 238 202 0 192 255 255 255 0 96 0 255 255 255 70 0 0 255 255
    106 255 255 250 19 59 0 0 183 0 255 255 0 0 0 147 0 0 0 0 255 255
    176 255 0 19 0 255 30 255 0 15 255 0 0 240 0 255 255 0 0 0 255 255
    255 0 255 0 255 255 255 255 0 0 153 0 149 38 255 255 0 0 18 17 255
    255 255 0 0 255 0 255 0 33 255 177 255 255 255 98 0 242 0 141 0 0
    255 255 150 0 255 14 149 0 255 255 0 0 61 255 0 255 255 255 0 0 0 0
    255 255 0 255 0 255 122 0 255 0 255 173 0 0 0 255 255 255 255 255 0
    0 0 255 0 0 0 255 0 9 57 255 255 0 0 0 0 255 39 235 0 255 205 255 0
    255 0 19 225 255 255 166 0 0 255 0 0 255 18 255 0 255 30 255 0 255 0
    255 0 0 255 255 255 255 0 0 0 255 255 255 0 0 255 0 255 255 255 217
    255 0 255 0 255 0 34 0 255 0 88 0 255 255 255 0 0 0 234 255 255 0
    255 0 64 116 255 0 255 182 255 172 36 0 138 255 0 255 0 140 255 255
    255 0 64 115 255 255 255 0 255 0 255 0 235 0 255 0 75 137 255 255 0
    0 139 0 255 255 255 0 0 0 177 0 0 0 255 255 0 84 255 0 1 255 255 0 0
    227 255 255 255 255 255 50 154 0 0 0 255 0 255 255 127 255 0 230 0
    255 110 255 0 0 0 0 255 0 255 0 255 255 0 245 255 0 255 0 255 0 0
    255 0 171 255 105 152 0 0 84 255 255 255 0 0 0 255 255 111 0 255 65
    195 0 121 0 255 255 222 0 180 255 0 0 0 0 255 255 255 255 95 0 255 0
    17 203 255 215 0 0 0 0 0 255 255 0 155 255 255 0 0 0 0 255 255 255 0
    0 0 0 255 255 0 0 255 119 255 255 0 159 0 186 155 211 41 0 255 0 255
    0 255 242 255 255 255 0 57 255 172 201 0 0 0 84 255 255 0 255 0 255
    0 255 255 209 0 0 0 0 0 102 255 222 255 255 130 255 0 0 0 255 255
    255 255 0 255 0 255 28 168 209 4 0 31 255 255 0 255 255 155 0 0 255
    255 255 255 0 0 0 0 255 255 0 0 211 128 255 0 163 0 255 155 0 0 255
    0 0 255 88 0 0 0 0 0 255 255 146 255 0 0 255 255 255 0 0 255 0 27 0
    255 255 255 0 0 0 255 0 255 255 255 6 0 166 255 0 0 0 0 255 0 0 255
    255 255 255 0 0 67 78 0 255 255 255 0 75 0 0 255 255 255 24 0 0 0
    255 255 0 255 255 96 0 0 67 255 255 0 0 255 0 255 50 255 255 255 0 0
    0 255 255 203 255 255 4 0 0 255 0 255 0 0 0 0 255 255 255 255 255
    255 189 0 0 0 255 0 0 114 255 255 0 255 255 255 0 158 255 155 255 0
    0 0 6 0 0 255 0 0 142 254 255 255 255 0 0 56 210 255 0 255 0 255 255
    195 0 0 255 255 255 255 0 0 118 255 0 214 0 255 255 0 43 0 255 73
    255 255 255 255 0 255 0 0 255 115 255 0 0 0 255 0 255 255 255 0 0 0
    255 0 0 255 231 255 0 13 119 0 89 0 255 255 0 255 0 223 181 255 255
    0 0 0 255 255 255 0 19 255 255 255 255 255 255 0 0 255 0 255 0 0 0
    255 101 0 0 255 255 255 198 228 163 0 0 0 0 64 0 124 0 255 255 255
    255 0 255 0 0 0 0 255 250 255 0 0 0 255 0 255 164 0 36 0 255 255 0
    255 255 255 0 0 0 0 255 176 255 134 101 125 0 0 255 254 255 0 0 255
    0 255 255 255 0 49 0 0 255 0 255 239 0 0 0 163 255 0 255 255 65 81 0
    0 255 0 0 84 0 255 0 213 0 255 255 0 0 0 0 140 255 255 0 22 0 0 255
    255 255 0 0 49 255 255 0 0 255 255 0 255 0 0 255 114 255 0 0 0 255
    255 255 255 0 14 0 255 161 255 0 255 255 255 0 255 0 255 0 255 0 0 0
    255 138 255 0 255 255 255 255 255 128 255 0 0 0 143 255 255 12 160
    255 255 0 0 0 255 0 255 0 0 0 0 252 109 199 122 0 255 0 0 0 131 0 0
    240 151 0 0 255 255 0 0 255 255 255 96 0 0 0 255 0 255 255 0 255 0 0
    0 249 255 255 0 255 0 255 0 0 239 0 0 0 255 0 212 255 96 202 144 161
    0 255 0 28 0 0 0 223 255 0 255 0 255 81 255 75 0 0 0 155 0 0 0 255
    255 0 0 255 255 255 0 0 255 101 0 0 0 133 255 255 207 0 255 169 0
    255 171 0 255 255 0 31 0 0 0 255 255 255 255 100 255 0 255 153 255 0
    0 18 0 0 0 255 255 27 255 255 139 0 255 255 0 0 117 255 255 0 255 0
    255 0 143 255 255 184 255 0 255 28 255 0 255 0 159 255 0 255 0 58 7
    18 255 0 120 0 52 255 255 255 0 0 0 255 27 0 111 0 255 255 255 0 0
    255 194 255 212 51 0 0 255 0 106 255 161 255 163 0 0 0 0 1 0 255 0
    255 14 23 0 0 0 255 0 255 0 0 0 255 255 255 255 255 0 0 0 0 255 255
    50 0 0 255 255 0 0 0 0 0 255 255 128 255 181 245 255 189 0 255 0 236
    100 255 0 0 0 255 0 0 0 255 0 255 0 0 23 0 255 255 255 255 0 0 151
    255 255 162 22 60 0 255 0 255 255 255 255 0 255 255 30 0 0 0 153 0
    255 255 255 255 255 109 118 0 0 255 0 255 0 255 255 176 255 0 0 0 0
    255 9 70 255 255 255 255 255 255 255 255 78 0 0 255 171 255 0 255
    255 48 0 0 255 255 0 255 0 0 0 255 255 0 190 255 255 255 66 255 239
    172 255 3 0 39 185 255 255 0 255 0 255 0 0 157 0 0 0 183 38 70 255 0
    216 255 0 0 0 168 69 0 255 0 0 255 211 0 202 0 0 132 72 255 255 0
    255 0 255 117 189 0 0 255 24 255 0 235 0 255 73 255 0 255 255 255 0
    0 255 255 0 0 27 255 255 255 0 0 255 255 255 0 240 255 255 0 255 120
    255 0 0 74 255 71 86 255 255 0 255 255 0 0 0 0 0 255 255 255 0 0 0
    255 255 255 255 0 0 255 255 128 0 255 255 255 0 0 0 255 255 255 0
    255 255 255 255 0 0 88 255 119 0 255 0 255 255 255 1 187 0 255 255 0
    0 0 255 255 0 0 0 255 184 255 0 255 0 0 0 255 0 255 255 247 252 0 0
    255 255 255 255 0 0 0 0 0 255 255 255 255 255 255 0 0 0 255 0 120 11
    148 0 0 82 255 210 255 0 255 255 255 0 0 0 255 255 0 0 255 255 255
    255 0 76 207 255 0 255 255 39 0 67 0 255 0 255 255 31 91 60 255 0
    255 0 0 0 255 120 255 0 255 255 255 228 0 11 0 0 55 255 255 255 0
    139 229 255 255 0 0 0 255 234 255 255 0 0 255 255 235 0 0 236 255
    255 255 255 0 255 99 0 255 255 255 0 0 0 255 255 255 0 255 151 255 0
    0 44 0 255 255 0 0 0 255 255 0 0 255 0 255 0 255 255 255 0 0 255 255
    0 0 164 124 0 255 255 255 0 0 155 198 255 0 0 0 255 255 189 0 101
    255 92 255 255 77 0 255 255 255 255 0 0 47 0 255 255 71 0 255 177 0
    0 162 255 255 0 255 0 0 0 0 255 255 191 0 255 0 0 0 0 151 0 255 255
    0 0 255 255 0 106 250 166 255 0 255 0 255 0 255 255 255 0 55 255 11
    255 0 0 0 0 169 255 24 0 211 255 0 100 255 255 255 0 59 0 188 255 0
    14 0 255 255 255 0 255 0 255 255 255 255 0 0 0 255 78 1 0 218 255
    201 255 255 255 105 0 40 255 209 19 255 79 255 218 0 75 78 255 255
    145 255 0 255 0 255 0 255 0 0 255 255 255 255 255 255 0 0 255 255
    255 0 0 255 0 0 0 255 255 255 0 255 255 0 0 215 0 179 125 255 255
    255 0 48 255 0 0 0 235 0 255 255 162 0 0 255 0 132 0 0 223 77 0 255
    117 255 0 0 0 0 255 255 255 197 255 255 0 190 0 255 0 225 0 0 255 0
    0 0 255 255 0 255 0 46 0 255 255 185 255 255 116 0 168 255 255 255
    91 0 11 73 255 0 235 0 255 252 0 255 0 61 255 0 86 255 255 167 0 0 0
    0 66 190 0 255 190 72 0 226 255 0 255 0 255 255 255 0 215 0 255 228
    255 156 75 0 156 0 0 255 255 0 255 0 255 0 0 0 255 255 133 0 255 255
    255 255 108 255 255 255 188 0 0 244 0 0 0 255 251 0 255 187 0 0 140
    255 154 0 0 0 255 0 255 0 255 0 255 0 0 0 255 1 255 0 255 0 255 0 54
    255 255 255 255 0 255 71 0 255 0 255 0 255 248 255 255 255 0 0 0 111
    0 143 0 255 0 180 231 255 255 0 0 255 0 0 0 0 14 255 255 255 0 255 0
    0 0 0 255 0 0 255 255 0 0 0 30 255 255 255 21 255 0 201 0 0 0 255 0
    255 198 36 0 0 49 0 0 225 177 0 0 255 255 255 0 0 255 21 0 0 0 255 0
    52 0 255 255 255 0 255 0 255 255 255 82 0 255 118 255 0 255 255 255
    255 255 58 0 255 0 255 65 255 0 255 0 96 43 255 155 255 255 0 255
    255 255 255 0 0 255 255 0 140 255 255 0 0 255 237 254 255 0 112 0
    255 0 255 0 231 0 255 0 255 255 186 73 255 0 30 255 255 255 0 0 0
    255 0 0 54 255 0 255 255 97 255 0 180 0 0 255 0 255 0 255 18 0 255
    255 255 0 0 255 255 0 0 255 0 0 0 160 0 255 0 0 0 255 255 255 255 0
    0 255 255 0 255 71 255 0 16 200 192 0 255 177 255 0 255 123 255 0 51
    255 0 255 0 255 0 255 0 255 255 0 0 0 0 255 255 255 0 108 0 211 0 0
    157 116 57 102 0 255 0 238 0 255 255 38 255 255 255 0 0 255 255 184
    201 0 23 0 0 255 0 255 0 0 255 255 0 0 0 255 255 0 0 80 0 0 0 43 185
    255 255 255 34 0 0 178 0 177 255 255 255 0 255 0 255 0 0 255 135 255
    0 255 0 0 255 255 0 0 0 60 0 255 0 255 47 255 255 0 0 0 255 255 255
    0 255 0 255 111 255 0 168 0 255 0 33 0 88 255 0 0 0 255 0 255 255 0
    212 0 0 114 121 255 255 6 136 0 0 255 255 255 0 159 255 255 255 255
    255 71 0 255 31 255 255 255 0 0 255 111 255 0 255 162 0 73 255 0 255
    0 175 4 255 51 164 0 0 255 0 255 255 0 0 255 0 0 55 0 255 255 255 0
    255 0 255 123 255 108 255 0 0 0 22 195 255 255 57 255 247 255 0 0
    156 109 255 0 0 255 255 255 0 11 95 255 0 0 0 0 0 255 88 0 149 255 0
    0 243 0 255 45 255 0 228 72 255 255 255 255 255 0 255 255 76 54 249
    118 255 0 255 255 255 255 255 224 255 0 255 188 0 0 1 44 86 149 255
    44 240 208 187 51 0 255 255 255 0 0 111 0 0 0 255 0 255 0 0 0 255
    255 255 0 167 0 255 0 0 0 30 0 241 150 0 0 0 255 255 255 0 0 255 0 0
    0 255 0 0 0 255 27 246 0 0 0 255 0 255 88 255 0 102 255 143 130 255
    115 19 0 190 0 0 0 0 174 255 0 255 0 114 0 64 0 255 77 255 0 255 239
    0 255 0 255 0 255 255 255 255 0 255 255 157 255 0 0 0 255 0 113 0 32
    0 0 255 255 0 130 0 255 0 255 0 213 0 0 255 0 255 0 255 0 0 0 0 0 0
    0 238 0 2 255 255 255 255 0 0 0 255 131 255 0 255 255 255 0 34 255
    255 255 0 0 122 0 0 54 0 0 4 46 0 255 18 255 0 45 255 255 5 255 0
    255 198 0 219 254 255 0 255 0 255 130 186 255 86 244 0 255 0 255 0
    160 255 255 8 0 0 255 255 0 0 255 255 0 0 0 255 0 32 255 130 0 57
    255 253 255 0 0 232 0 255 0 255 0 0 0 255 0 214 255 62 0 0 0 0 0 255
    255 0 0 134 0 0 255 17 255 0 93 0 143 176 0 0 255 16 56 255 206 255
    0 0 0 255 255 255 196 0 255 0 255 111 255 0 0 255 175 0 189 81 211
    255 0 255 255 255 108 0 0 255 255 255 255 99 0 12 0 255 255 0 0 0
    255 0 255 0 0 0 33 255 0 255 255 0 91 255 255 31 220 255 255 49 0
    255 255 40 255 109 136 0 255 0 197 102 255 0 0 152 255 255 65 228
    255 0 0 201 0 255 255 60 0 67 0 255 255 255 0 0 255 149 255 111 255
    255 0 0 206 255 0 0 255 0 255 120 198 0 0 255 0 255 0 56 0 0 255 0
    255 255 255 0 255 140 166 0 255 255 0 255 0 255 0 159 255 255 0 0 0
    255 244 30 0 255 255 0 125 255 135 0 0 47 255 0 255 144 47 0 45 255
    0 255 0 0 0 165 255 255 255 0 244 200 255 255 255 0 255 205 255 0
    144 240 255 255 0 0 255 0 139 0 255 0 255 255 255 0 0 80 255 0 20
    255 255 0 0 0 255 165 0 0 255 255 255 0 0 255 0 0 255 255 255 0 0
    255 0 255 0 157 255 54 255 0 0 243 255 255 0 255 0 0 0 189 255 0 0
    255 255 95 255 215 255 255 0 0 64 17 255 255 255 0 0 0 255 255 255
    255 255 0 0 0 0 255 29 255 255 255 0 255 0 255 255 255 255 255 157 0
    0 137 255 255 255 0 255 223 0 38 0 0 0 47 255 0 89 255 178 255 0 255
    0 32 0 0 255 255 0 182 0 255 0 255 255 255 255 0 255 255 255 0 0 255
    255 255 91 255 255 255 255 0 0 255 158 0 83 0 56 0 0 255 255 204 0 0
    255 24 0 0 255 255 255 0 0 255 0 134 0 255 0 157 117 105 255 0 24 0
    0 0 0 60 255 15 255 0 255 31 183 0 0 0 255 0 0 0 72 216 255 0 255 0
    0 255 255 255 255 0 249 0 116 198 217 255 0 53 0 38 174 255 255 0 0
    0 255 95 255 255 255 0 153 4 255 131 164 255 0 0 0 0 25 255 0 255 71
    255 0 75 0 0 255 0 0 0 209 255 102 0 112 185 0 0 0 255 255 246 0 0 0
    28 255 0 255 0 153 255 255 255 0 255 211 255 57 0 0 244 242 255 0
    255 42 255 0 0 0 255 128 255 255 255 0 0 0 0 255 255 255 0 0 244 0
    255 255 255 255 255 0 38 0 255 0 255 255 0 0 0 255 255 0 88 16 255 0
    0 0 255 13 255 0 0 255 255 255 4 140 156 0 0 255 255 255 0 0 255 196
    255 0 0 128 79 0 255 130 255 255 0 0 255 0 255 0 22 0 255 106 0 149
    255 0 0 255 255 255 0 0 255 0 255 0 255 0 0 218 0 255 0 105 0 0 187
    255 255 0 150 0 255 0 17 0 38 41 255 10 255 255 0 141 0 255 174 0
    239 0 255 0 178 108 18 255 0 0 101 255 0 60 255 81 178 0 0 255 255
    255 0 0 0 255 255 0 0 0 0 255 0 167 70 0 0 255 255 255 255 255 0 137
    255 0 0 0 255 255 20 255 255 255 0 255 0 141 0 255 0 255 0 225 255
    37 255 0 255 93 255 0 255 137 206 0 255 0 255 0 255 0 0 255 255 0 0
    0 255 255 255 132 0 0 0 255 68 255 0 255 255 255 0 129 0 255 255 0
    255 0 37 0 255 0 255 255 255 64 0 255 255 58 0 227 255 65 255 0 255
    255 146 0 20 249 255 104 173 0 255 255 255 0 6 255 255 14 0 203 6
    255 57 255 0 207 0 255 255 121 0 213 255 255 0 255 0 0 0 255 255 255
    255 0 255 0 216 0 255 255 216 80 255 255 255 255 255 0 0 0 255 0 196
    87 218 245 120 0 255 154 255 0 0 0 255 158 0 255 255 0 0 0 0 0 93
    255 0 255 0 255 0 255 0 255 0 0 255 0 0 0 255 222 0 255 255 255 0
    255 255 0 0 255 255 0 0 255 255 255 0 22 255 0 255 255 255 0 0 255
    255 255 255 0 255 255 255 0 255 41 226 0 0 255 255 165 128 0 0 0 0 0
    90 0 0 255 255 253 0 0 255 215 255 179 222 255 71 255 0 139 0 185 0
    255 255 44 107 0 255 255 228 0 131 255 24 255 0 255 223 0 255 0 106
    0 255 255 218 255 236 0 97 187 0 78 255 255 255 254 255 255 0 0 191
    249 0 0 91 255 183 0 0 48 0 174 255 246 255 0 255 92 255 0 255 0 255
    0 171 0 255 255 0 255 0 255 255 0 0 255 0 64 243 255 255 163 255 0
    251 255 0 0 251 255 91 255 255 21 255 39 255 0 0 0 0 0 0 119 255 194
    255 0 255 0 0 0 255 2 255 255 0 0 0 0 0 0 0 255 233 0 0 0 0 0 0 0 0
    0 0 255 0 255 0 0 66 65 109 244 2 255 0 255 0 255 255 255 255 0 255
    0 0 255 0 143 0 255 255 0 189 0 255 0 255 255 255 36 23 0 154 0 255
    0 0 0 255 255 122 163 255 10 0 66 0 255 255 255 0 117 0 255 255 17
    255 255 5 0 0 255 255 252 0 255 0 170 203 255 0 255 0 255 255 203 0
    0 255 0 255 0 0 255 0 255 0 255 27 255 180 255 215 255 255 0 215 172
    255 0 255 255 230 188 208 0 255 0 0 0 255 179 255 0 0 0 0 255 0 0 0
    255 0 255 0 0 28 0 248 0 232 255 255 255 0 0 0 255 126 255 255 255
    211 0 132 255 106 0 0 255 255 0 0 255 255 255 255 230 255 0 255 0 92
    0 255 0 0 0 80 255 255 0 255 0 255 255 34 0 255 0 255 0 255 255 255
    0 0 0 151 183 0 0 255 71 0 0 0 255 157 0 255 255 255 255 0 255 0 255
    255 0 255 0 255 0 255 255 0 0 0 0 0 255 255 255 255 255 255 0 0 0
    255 36 255 255 0 0 255 0 255 0 0 34 0 106 183 255 255 0 0 106 255
    255 219 92 255 0 106 0 255 255 0 0 86 255 0 0 255 255 104 255 180 0
    0 0 255 255 0 255 69 255 115 0 0 0 0 0 255 255 0 255 0 120 0 134 211
    255 0 58 255 255 255 0 0 0 0 255 255 255 255 0 0 0 141 160 255 0 140
    0 73 0 0 0 255 255 255 0 0 255 87 255 28 0 136 255 255 0 0 255 255
    76 0 0 0 0 202 255 243 255 0 255 0 255 244 255 255 0 155 72 255 0 0
    0 0 255 0 253 0 212 0 255 193 0 0 87 255 210 255 0 0 0 5 255 255 105
    0 0 255 0 255 255 255 0 0 255 255 0 0 115 41 255 0 255 0 0 154 255 0
    255 0 0 255 255 84 255 255 255 0 255 0 0 0 255 255 20 255 255 119 0
    55 233 255 255 0 0 237 255 191 255 0 255 0 158 255 0 255 78 255 0 0
    6 0 0 87 0 0 255 255 255 0 255 255 0 0 0 0 255 255 0 0 0 0 255 0 255
    255 204 0 0 25 233 0 255 255 44 43 0 0 0 0 255 0 0 13 255 128 255
    255 255 0 0 0 182 255 255 0 255 255 130 0 0 78 255 0 0 255 255 255
    255 255 25 0 0 0 255 255 213 255 167 53 0 0 0 255 255 0 255 255 255
    0 255 0 255 255 0 233 0 0 0 0 255 255 255 255 0 255 255 255 0 0 0 0
    0 0 54 106 255 0 0 0 0 181 50 239 0 0 0 255 255 0 0 255 0 255 0 195
    0 0 0 204 228 0 196 0 132 255 255 255 255 230 0 0 255 255 255 255
    255 0 0 255 239 0 255 86 247 0 169 255 131 52 0 0 0 255 255 0 0 0
    169 0 255 42 48 0 0 0 255 0 0 0 148 167 255 255 255 0 255 0 0 12 0
    255 0 255 15 255 0 255 255 173 0 205 255 0 0 106 255 255 255 255 35
    0 255 0 240 255 255 0 0 0 38 255 255 180 255 255 0 0 255 255 255 255
    255 0 255 255 0 162 163 97 255 0 0 76 255 255 252 255 255 255 87 116
    255 0 0 255 220 0 255 39 255 0 0 0 0 255 255 179 143 255 0 210 248
    255 255 0 0 255 0 0 255 255 49 0 0 0 255 0 255 79 0 255 0 255 255
    255 255 255 255 255 255 0 255 0 255 139 255 255 0 255 0 255 246 255
    0 255 63 255 36 0 0 255 255 255 255 255 255 130 51 255 255 0 255 13
    255 78 0 97 0 221 255 205 247 129 255 0 255 0 10 0 255 0 255 0 103 0
    255 166 0 255 255 255 0 0 255 255 255 0 227 255 173 255 110 163 255
    105 138 255 100 0 0 255 255 255 0 59 0 0 255 0 255 200 255 255 0 255
    255 255 0 30 0 246 0 4 255 255 198 0 0 75 255 255 176 193 255 0 45
    255 255 255 142 0 50 255 101 0 255 255 255 0 0 255 255 255 255 101
    255 0 0 0 0 0 255 255 0 0 0 0 0 171 255 0 118 255 0 255 55 92 255 57
    255 255 255 0 255 0 0 0 255 168 0 255 255 255 255 255 255 0 255 0 0
    0 255 255 192 0 255 0 255 0 255 0 0 0 0 0 255 255 255 255 0 0 251
    255 0 255 166 0 117 0 42 0 0 255 255 0 0 0 255 255 0 29 255 255 0
    255 255 155 107 255 255 0 255 91 100 0 255 0 255 250 255 40 0 249 0
    255 255 0 255 0 255 0 246 0 155 0 255 0 235 0 215 29 255 255 106 244
    255 255 255 0 0 255 255 255 0 0 255 0 255 0 255 255 197 211 86 0 26
    255 255 97 255 0 0 255 104 255 255 255 0 0 0 255 255 129 172 0 48
    255 255 0 0 0 255 76 255 0 0 0 255 68 255 0 255 0 255 124 32 255 0
    255 255 255 0 0 255 255 0 179 141 28 255 144 0 0 52 255 0 255 0 255
    210 255 255 143 0 49 0 255 0 255 75 255 255 0 0 255 0 255 0 199 255
    255 0 255 255 255 0 0 255 255 91 0 240 85 226 0 204 255 255 0 0 55
    255 255 0 0 0 0 0 255 0 255 63 0 255 0 88 255 255 0 0 54 72 255 255
    0 0 255 255 0 255 255 222 255 68 255 0 0 0 255 255 255 220 0 205 0 0
    0 243 255 255 128 0 0 239 255 0 255 255 255 255 0 88 0 255 255 0 255
    0 255 0 255 0 255 71 246 0 255 0 255 237 0 255 249 255 0 255 79 255
    4 0 255 0 0 255 255 255 255 0 0 0 255 255 0 142 97 255 255 0 255 162
    255 0 0 0 0 0 0 255 255 255 0 0 255 0 0 255 255 152 0 255 255 255 0
    0 255 0 28 0 255 255 0 255 255 255 0 0 0 0 255 255 0 0 255 255 255 0
    0 0 0 255 0 134 255 255 0 0 255 0 0 0 0 0 0 255 255 255 0 19 255 255
    255 91 255 0 127 9 171 0 255 117 255 51 255 0 0 211 255 69 255 255 0
    0 0 0 255 255 186 0 255 0 255 255 0 0 0 255 0 0 255 0 28 255 237 0
    255 255 0 0 255 255 0 0 0 255 255 0 219 255 255 255 0 104 204 255 0
    255 255 255 255 0 217 0 0 0 255 255 255 0 255 0 255 67 255 0 255 255
    255 0 0 0 0 255 255 255 0 0 255 85 255 0 255 0 255 0 0 151 255 255 1
    255 255 255 33 0 237 255 255 0 0 0 192 230 0 0 0 255 255 255 255 0 0
    0 0 94 255 255 47 0 67 112 146 209 5 0 0 0 255 0 0 0 136 255 152 255
    255 0 0 255 255 255 0 93 0 255 255 255 0 255 255 0 0 255 181 255 0
    255 216 255 255 255 255 255 0 0 254 32 0 255 204 255 255 0 0 255 255
    0 255 0 29 255 0 255 0 0 0 255 153 0 255 0 255 0 31 185 255 255 255
    0 67 221 179 0 255 255 157 0 0 0 255 0 0 0 255 0 255 7 238 255 120
    255 6 0 0 0 255 0 0 27 255 255 0 255 0 52 0 0 255 0 255 44 133 255 0
    255 255 33 0 0 255 0 255 0 0 0 0 0 255 242 255 0 255 150 255 1 0 106
    255 0 176 161 255 0 0 0 0 255 0 255 0 255 5 255 0 122 0 0 255 0 0
    255 35 0 180 130 112 0 255 238 95 93 0 0 134 255 255 0 0 255 0 255
    255 255 255 0 0 216 255 255 255 0 255 0 255 0 255 0 0 255 194 0 0 0
    0 255 0 255 0 255 0 0 255 0 181 22 0 0 195 255 255 184 255 255 209 0
    0 255 255 0 110 90 0 0 0 132 255 0 0 0 255 0 24 0 255 0 0 0 194 255
    63 255 0 255 190 255 250 255 255 193 0 255 255 0 255 0 255 0 0 255
    255 0 0 255 127 37 255 0 255 0 255 0 0 17 255 0 255 255 255 255 255
    0 0 255 13 0 255 104 0 0 0 255 255 255 136 0 234 255 255 0 255 255
    255 255 255 255 0 0 34 255 143 255 124 0 255 255 255 0 56 255 0 255
    0 0 0 255 255 90 0 0 255 255 0 0 0 69 255 255 255 0 0 200 0 0 154
    255 166 255 0 0 197 255 255 0 255 0 255 0 255 0 255 0 255 255 124
    255 0 255 0 0 0 255 0 0 0 255 0 0 0 40 255 255 255 255 255 255 0 94
    0 255 0 0 255 179 255 0 0 255 118 132 0 0 97 255 255 255 0 0 0 177
    255 255 0 0 0 0 255 0 255 0 255 255 255 0 32 0 255 255 255 0 0 0 255
    255 255 8 43 0 0 255 255 113 255 0 142 0 255 188 255 0 255 0 0 234
    12 255 0 255 124 255 0 0 0 255 255 255 0 0 0 70 0 0 0 0 255 255 77
    255 0 255 0 255 0 0 0 255 255 255 0 0 0 255 255 255 0 255 0 255 0
    255 0 202 0 0 0 255 255 255 255 255 255 0 255 255 12 0 255 255 209
    255 0 255 144 227 255 0 0 141 0 255 0 0 255 255 255 0 0 151 255 32
    255 138 255 0 255 22 143 0 0 0 255 0 0 0 255 0 0 0 0 255 255 36 0
    255 0 255 0 0 229 0 255 0 35 255 255 0 255 0 0 82 255 255 0 0 255 10
    255 255 255 75 0 255 52 255 0 0 0 53 255 255 0 0 255 255 0 0 255 105
    255 0 255 255 255 255 255 209 38 255 21 0 255 255 0 0 0 255 255 255
    255 0 246 206 108 0 0 0 255 255 245 255 255 0 0 255 255 12 255 162
    255 0 255 0 255 117 0 0 255 255 0 0 255 255 255 247 255 255 173 0
    255 255 255 0 0 255 255 255 255 0 162 0 255 37 255 213 255 0 255 255
    0 66 54 255 0 255 0 0 0 255 111 0 255 255 94 255 232 0 255 255 255
    178 0 255 255 255 0 0 0 127 255 0 255 255 46 163 0 0 0 255 255 255 0
    0 7 89 255 0 0 255 255 195 255 0 255 0 0 0 0 143 143 255 0 255 245
    255 0 255 160 255 112 255 255 0 0 34 0 255 255 255 0 255 0 0 0 255
    255 255 8 0 0 255 255 0 191 0 255 255 255 65 0 0 0 0 255 255 105 255
    0 255 0 255 0 151 0 89 255 255 0 255 255 0 173 0 255 120 255 0 255
    255 0 255 255 255 0 0 0 134 174 255 0 0 0 217 255 255 0 255 255 255
    238 255 255 255 204 255 0 57 0 0 0 0 0 255 255 255 152 0 255 54 0
    255 255 35 255 0 0 0 0 255 255 0 0 0 255 255 52 0 255 255 64 0 0 255
    255 255 255 0 0 0 84 255 0 255 255 123 8 126 180 255 0 255 255 0 183
    0 255 3 255 0 0 122 255 0 0 0 0 0 0 255 187 0 0 0 0 68 255 255 0 0 0
    232 0 255 255 255 0 253 255 0 0 119 255 255 37 255 194 255 96 255 0
    165 0 255 0 0 25 0 255 161 255 0 0 0 255 88 255 0 33 0 255 255 255 0
    0 0 141 0 0 0 0 255 0 0 149 0 255 0 255 255 171 0 0 0 0 255 255 255
    255 0 176 9 180 255 107 255 0 255 0 255 0 255 0 84 255 255 0 244 0 0
    0 68 240 255 68 0 255 148 255 0 0 255 0 255 28 0 0 254 0 255 0 0 200
    0 139 0 255 0 255 0 255 255 255 53 0 255 0 255 255 255 185 0 3 149
    255 255 45 0 0 0 0 0 144 255 119 0 0 234 255 255 0 0 0 255 255 255 0
    255 0 255 255 163 0 0 0 0 0 255 255 0 255 246 140 0 255 255 0 0 255
    0 255 0 0 255 0 255 255 255 255 255 202 0 0 0 255 218 0 0 72 255 0 0
    255 255 100 150 35 255 255 255 175 0 255 255 0 0 255 241 255 255 0 0
    207 0 0 0 255 255 255 255 0 255 0 255 0 255 0 255 0 255 0 255 255
    186 0 0 255 0 0 0 255 0 255 112 255 0 0 0 0 255 0 255 0 0 0 12 255
    255 255 0 27 0 30 0 0 0 255 255 255 255 0 0 0 255 255 255 0 0 174 0
    200 2 255 0 150 0 0 0 255 255 255 251 0 255 255 0 117 255 255 255 62
    0 255 255 0 0 0 0 255 255 255 0 119 0 0 26 0 255 255 0 255 0 255 255
    0 0 255 255 255 0 255 239 255 255 0 0 0 255 24 0 0 0 255 255 255 255
    0 255 0 0 255 0 0 0 255 255 255 255 255 255 0 25 0 155 255 255 255
    255 255 255 25 255 255 255 0 231 0 255 255 255 216 255 255 255 0 255
    28 255 61 0 138 144 255 177 247 0 126 11 255 3 255 0 255 0 0 67 0
    255 255 255 0 96 154 255 0 255 247 240 0 119 76 218 93 0 77 255 105
    255 0 0 255 255 198 0 0 255 140 255 0 0 255 255 0 0 0 0 25 0 0 129 0
    255 255 0 0 0 0 64 255 255 0 255 0 255 255 0 0 0 255 255 0 29 255 0
    0 74 255 213 59 255 255 255 84 255 92 255 255 0 0 0 211 255 255 255
    255 69 0 0 0 243 255 242 255 0 167 225 0 0 0 0 255 255 255 0 0 0 255
    0 71 0 255 0 255 18 0 0 255 0 255 96 255 0 255 0 0 0 0 255 0 255 0
    255 0 255 95 0 0 255 255 255 137 255 243 255 0 255 255 0 255 0 255 0
    0 255 244 255 255 0 152 255 255 255 0 255 0 0 255 0 255 0 255 211 0
    255 255 255 0 0 0 0 0 255 255 237 0 0 255 255 255 0 255 255 255 0
    183 255 255 18 0 0 6 255 0 5 118 255 0 255 0 255 201 255 0 0 0 0 255
    255 255 0 0 0 255 0 0 0 255 255 0 255 213 255 0 255 0 255 0 0 255
    255 255 255 0 148 0 255 255 153 255 255 255 0 0 0 255 175 76 0 113
    255 0 255 0 255 255 0 0 0 255 255 255 255 0 0 0 255 0 255 0 0 0 255
    223 255 147 255 255 0 0 0 255 255 0 255 0 255 0 0 255 255 0 255 0
    208 255 190 195 255 0 44 35 79 0 82 230 255 186 24 0 192 0 0 0 245
    255 1 255 0 118 255 255 255 4 232 163 255 255 0 0 255 0 255 0 16 255
    255 50 0 0 255 255 0 0 0 255 255 247 255 0 0 74 0 0 255 0 255 229 0
    0 94 255 255 245 255 175 255 0 0 255 255 255 0 0 0 22 222 255 255 66
    0 255 0 255 0 255 255 0 0 255 0 255 255 0 255 255 255 0 0 8 255 255
    255 0 0 0 0 255 255 236 60 255 0 255 0 255 21 0 255 0 0 184 0 255 0
    255 255 255 255 221 255 255 255 0 0 0 255 255 255 255 0 255 0 255 0
    255 189 255 18 255 0 223 0 0 255 255 255 255 0 0 255 255 235 209 0
    119 255 255 0 0 0 52 255 255 0 0 255 129 255 0 255 196 56 0 255 255
    0 0 0 0 0 255 255 255 0 155 81 193 49 0 218 129 255 255 255 0 0 0
    255 0 255 161 255 178 255 255 255 0 255 0 255 0 59 0 213 0 255 31
    255 0 255 255 255 198 125 255 0 255 0 255 0 184 0 255 0 255 32 255 0
    0 255 71 113 68 124 255 255 255 0 23 255 255 23 255 0 0 0 255 0 255
    0 102 0 255 0 195 143 0 0 0 100 167 0 255 255 255 0 255 255 255 255
    0 0 0 255 184 255 255 0 201 0 255 0 0 0 255 115 255 0 255 255 88 0 0
    255 0 209 255 15 255 0 71 0 58 0 0 255 0 255 0 0 0 255 255 161 0 117
    255 0 0 0 255 221 249 0 0 0 135 0 255 255 236 211 0 255 255 117 239
    88 187 255 157 255 255 0 255 30 255 151 0 255 255 255 0 0 0 178 255
    255 173 255 0 160 0 0 255 255 255 160 0 255 10 0 40 0 255 74 255 255
    8 0 255 0 32 255 255 0 255 255 255 0 255 0 0 0 29 0 255 90 0 0 137
    255 255 255 255 254 255 0 255 0 120 0 255 255 255 255 118 0 0 255 0
    0 0 255 255 255 0 0 0 174 0 255 255 255 0 0 0 255 255 255 255 255 0
    0 0 116 0 255 0 255 0 255 255 0 255 0 255 178 0 253 0 49 255 255 0
    255 255 255 0 255 255 191 0 20 0 71 255 255 255 68 0 255 0 255 255
    255 255 0 0 0 140 0 255 255 255 0 0 83 63 255 0 47 255 0 0 0 255 0
    255 0 127 0 255 137 0 255 0 255 0 0 0 255 0 255 219 0 255 255 0 255
    0 0 0 0 255 0 0 255 12 255 255 255 255 0 255 123 44 0 0 255 255 255
    0 0 0 255 0 255 11 184 255 255 255 255 0 255 55 255 255 255 0 0 255
    203 255 0 255 56 0 0 255 0 0 120 0 255 0 255 103 255 255 255 255 0 0
    0 179 161 0 255 255 0 0 137 0 255 0 255 0 253 255 0 9 2 166 255 255
    75 0 0 255 0 255 0 0 255 0 255 151 0 101 0 0 255 126 255 232 0 255 0
    255 0 175 0 0 0 255 0 126 181 255 202 255 255 255 0 16 0 210 255 0
    255 0 0 0 0 255 181 213 215 255 255 0 0 0 208 0 255 255 0 255 0 255
    55 0 255 0 255 0 255 166 106 255 255 4 0 255 0 255 0 255 116 84 93
    255 0 0 0 255 186 255 0 0 255 112 0 255 255 50 0 0 255 255 168 122
    255 255 136 0 0 255 177 255 0 255 173 255 255 106 0 0 0 0 105 35 0
    255 255 255 255 0 0 255 0 255 107 255 0 255 255 77 40 0 178 0 255
    192 48 206 0 36 0 0 255 186 255 0 0 255 248 255 255 255 255 183 0
    255 255 0 0 0 255 255 0 0 0 255 255 0 255 255 131 0 0 255 255 255 0
    255 249 0 255 255 0 255 255 0 0 0 255 0 79 255 255 42 0 0 255 111
    255 221 255 0 0 0 255 255 255 0 255 0 0 150 255 48 0 255 255 255 255
    187 0 0 255 255 192 0 0 191 0 255 221 255 167 163 255 187 255 0 255
    0 1 129 0 255 255 255 0 0 255 255 0 129 0 255 255 255 0 174 0 196 0
    255 255 146 255 0 255 0 0 255 255 0 0 0 0 148 0 235 80 0 49 255 224
    140 255 255 0 0 0 255 132 255 0 255 0 255 0 38 255 82 128 0 255 0
    255 0 255 0 255 255 255 116 250 0 0 255 255 255 255 220 0 255 255
    255 167 255 0 15 0 255 0 0 0 255 0 255 0 255 0 255 218 255 0 242 0 0
    0 0 126 255 0 255 255 179 255 0 0 0 255 255 0 0 255 3 255 255 0 27 0
    92 213 255 0 255 255 216 0 255 255 0 0 142 0 97 255 0 138 0 255 255
    255 0 255 0 0 0 255 255 255 255 0 45 255 255 0 0 0 0 91 255 255 0 0
    0 255 255 0 0 255 255 255 255 255 0 0 0 255 255 195 0 0 0 34 255 255
    0 246 255 101 194 120 255 15 255 0 0 255 255 0 54 255 255 255 0 0
    255 255 0 255 0 0 255 255 199 0 203 255 255 255 192 255 0 255 0 255
    0 255 0 255 255 255 0 0 0 0 52 165 255 0 255 0 255 0 255 6 0 237 255
    255 255 0 0 255 255 12 255 0 0 131 0 0 255 235 0 255 255 0 0 0 0 0
    80 255 255 0 132 0 159 255 255 183 0 0 236 0 235 255 0 255 0 255 255
    0 255 147 0 0 255 143 0 255 255 0 255 255 255 0 255 255 0 0 0 126
    161 0 255 255 255 0 255 201 167 0 96 186 255 0 0 255 142 255 0 0 136
    0 0 0 255 0 101 255 0 255 255 49 165 0 205 94 0 255 255 0 0 0 25 119
    255 20 0 255 255 255 0 0 0 255 255 58 255 255 0 159 0 136 255 255 0
    0 0 0 0 255 0 210 0 255 167 133 22 255 255 0 255 255 49 0 0 255 255
    255 0 0 255 255 255 110 0 0 255 0 2 255 0 255 0 93 0 255 0 255 0 255
    255 0 255 214 0 0 255 255 0 255 87 0 0 73 0 255 255 255 255 119 0 58
    229 255 0 0 8 255 255 255 255 202 255 0 255 40 0 231 255 69 0 0 92 0
    255 0 255 0 255 93 255 0 0 0 158 255 171 0 255 0 245 255 255 255 0 0
    0 0 0 255 255 255 0 0 0 255 168 0 222 0 6 236 255 0 0 0 252 255 0
    255 255 255 0 255 209 0 255 0 204 237 255 255 26 61 27 0 255 255 255
    0 255 0 57 150 61 255 0 0 0 0 155 255 255 255 170 0 95 255 0 0 0 214
    255 0 0 0 106 255 255 0 0 223 251 255 0 244 255 204 255 0 0 0 255 0
    0 143 255 73 255 255 0 255 0 255 0 255 0 0 255 216 255 0 255 177 0
    255 255 0 255 255 0 0 255 255 0 0 0 51 185 0 255 36 255 0 10 0 255
    39 255 255 189 255 255 0 0 0 255 255 255 0 0 0 0 0 255 255 255 0 0
    255 255 0 255 82 255 0 66 0 255 0 255 0 255 192 219 255 255 0 0 0
    255 255 255 0 0 0 0 0 255 0 255 255 176 0 0 255 255 95 43 93 0 0 255
    142 0 0 255 40 0 149 0 255 0 255 0 255 0 255 0 255 255 0 0 0 255 255
    243 255 255 0 255 0 255 0 202 0 255 216 0 0 0 255 0 0 255 255 48 0
    255 255 255 0 0 255 8 196 255 0 255 255 236 255 135 45 0 0 255 255
    255 0 0 0 255 0 255 178 0 0 0 0 24 255 255 255 101 255 0 0 255 0 255
    255 255 186 0 255 255 255 120 255 126 0 0 255 0 68 30 0 255 255 0 90
    0 255 0 255 0 255 255 0 199 0 255 255 255 255 255 0 0 112 0 255 255
    0 0 0 255 255 255 255 255 0 0 0 255 252 255 255 0 255 0 255 0 0 0 0
    255 69 255 0 255 255 255 132 0 172 255 255 255 255 255 36 235 255
    255 0 0 0 255 255 255 247 0 207 0 255 0 255 0 0 183 75 255 0 74 197
    0 255 255 255 0 255 0 249 0 255 0 21 255 216 0 116 0 255 0 29 0 255
    255 169 255 116 255 56 75 0 255 255 255 27 255 0 0 0 0 0 0 255 0 255
    0 255 0 255 80 255 0 0 255 0 0 255 0 0 0 0 176 255 0 255 255 240 0 0
    255 255 255 0 255 255 255 165 0 0 255 255 0 255 0 0 0 0 89 255 255
    255 0 123 198 144 255 231 223 0 255 255 0 0 0 255 255 0 255 0 0 0
    255 255 140 161 212 0 0 163 0 165 255 255 0 255 255 0 255 69 255 0
    95 0 127 220 43 0 161 13 0 255 255 255 255 209 255 0 255 179 255 255
    0 255 255 240 255 0 0 0 255 255 74 0 105 255 255 255 0 0 124 0 86
    255 255 255 251 0 255 65 27 0 0 255 0 255 255 42 255 122 0 0 255 15
    0 0 0 209 0 255 0 255 255 0 0 0 0 255 0 255 0 255 99 255 0 255 255
    186 0 0 0 255 255 255 0 0 194 255 0 255 0 255 104 255 0 255 255 0
    136 0 255 255 0 255 80 0 0 255 0 255 65 0 255 255 183 174 255 11 0 0
    0 255 201 255 0 199 0 255 255 96 121 0 255 255 251 0 0 0 255 255 255
    0 0 0 191 255 255 255 6 255 49 255 62 255 0 255 0 0 8 255 46 0 255 0
    255 243 42 0 0 255 255 0 255 0 16 124 255 255 255 255 0 0 139 255 0
    0 255 87 255 0 0 205 209 0 0 255 0 255 152 255 0 0 0 97 255 19 0 148
    255 0 60 0 0 0 255 255 255 0 0 255 61 0 0 255 255 0 107 90 255 255 0
    255 0 255 0 255 255 255 255 255 0 23 255 0 0 0 255 255 255 242 16
    255 0 24 255 255 0 255 255 255 255 255 0 255 0 38 130 255 255 255 0
    0 0 0 0 0 0 0 255 210 0 255 0 255 0 255 255 255 0 0 0 0 59 255 255 0
    0 0 0 255 255 0 255 255 255 0 0 0 255 255 241 0 255 255 255 140 255
    0 255 0 0 0 255 82 207 255 255 0 255 0 0 255 0 0 0 0 255 0 0 0 255
    255 255 0 0 0 255 255 255 255 0 255 0 0 10 255 255 138 0 0 255 0 255
    255 255 0 255 0 255 255 255 224 255 205 0 0 0 166 255 255 255 0 0 0
    126 255 255 139 209 0 0 255 255 0 0 0 255 255 255 255 255 0 0 0 85
    218 255 255 0 255 0 255 0 255 230 255 0 0 255 255 244 0 0 255 255 0
    0 50 255 0 255 255 255 0 0 79 0 0 78 0 255 255 255 0 110 0 63 0 255
    0 255 0 255 0 0 255 255 255 0 0 0 111 0 0 0 218 255 255 255 0 0 255
    0 0 255 255 0 255 0 0 0 0 255 255 0 241 255 55 0 0 0 255 14 220 0 0
    85 238 255 0 255 160 0 0 15 0 255 255 255 255 255 255 255 0 33 0 0
    214 255 255 255 127 0 0 0 0 255 0 255 255 255 0 255 255 255 255 0 0
    255 0 255 255 40 0 11 0 255 255 255 0 255 139 255 0 0 255 0 255 43 0
    255 194 255 0 255 255 0 38 213 255 140 255 255 0 0 0 255 0 255 0 0
    66 25 183 255 139 102 0 255 85 0 0 0 255 255 255 0 227 255 255 0 0 0
    0 0 0 255 27 255 0 206 255 0 255 255 255 0 255 0 176 0 183 255 255
    150 207 179 0 0 0 255 213 0 0 0 23 255 0 144 0 255 255 255 255 184
    255 255 0 0 255 227 255 29 211 0 0 0 255 255 255 227 0 0 99 0 0 255
    255 255 162 0 0 0 255 255 255 0 0 0 204 0 0 255 0 255 0 255 133 255
    53 255 255 255 0 0 0 255 255 255 0 255 0 255 0 255 0 163 0 40 255
    162 0 98 0 0 173 255 0 0 255 0 0 0 0 0 255 0 255 0 0 255 0 255 0 15
    255 255 255 255 0 255 0 0 255 0 255 0 255 0 0 255 255 255 0 0 255
    255 0 0 0 170 255 0 0 0 0 214 0 255 0 255 255 140 0 0 249 189 255 0
    0 255 0 255 0 0 0 255 0 0 57 113 0 0 0 0 0 255 255 0 91 0 255 67 0
    36 122 0 0 255 255 28 0 0 255 0 255 0 255 255 255 0 0 0 255 0 255 0
    0 255 255 255 0 197 255 255 168 255 33 0 0 0 0 255 152 255 0 105 255
    236 0 0 46 255 255 0 255 255 0 255 0 255 0 255 0 0 0 0 255 255 0 0
    52 205 14 255 0 255 255 0 0 0 255 255 255 0 145 10 0 255 255 255 0 0
    0 255 255 0 255 255 255 0 0 0 0 255 255 50 255 0 35 239 255 154 255
    0 143 255 0 247 255 25 0 92 0 255 255 0 0 112 255 255 0 0 0 255 0
    255 255 0 0 0 255 0 0 0 240 255 255 255 255 148 0 255 23 0 255 0 115
    0 255 255 255 0 0 255 0 0 41 255 255 0 0 0 107 255 255 255 0 199 255
    255 134 0 255 0 255 255 255 0 255 57 255 0 15 255 0 0 255 255 255 0
    255 255 232 0 0 247 0 255 0 0 255 255 0 255 0 0 255 137 255 196 255
    0 0 0 255 255 255 0 0 0 36 255 0 255 247 248 0 0 193 255 255 255 0
    255 255 96 0 193 0 125 0 255 63 0 0 255 255 255 0 0 137 239 255 0 0
    247 0 0 150 0 0 255 255 26 255 0 0 255 255 0 0 255 0 3 49 255 0 0
    255 0 0 255 249 0 255 0 255 191 0 255 0 255 0 255 134 138 88 18 0
    255 255 255 0 0 0 255 153 0 0 255 255 117 255 0 0 0 255 0 255 0 0 0
    255 255 255 0 0 0 255 0 255 255 255 0 97 158 255 0 0 209 151 0 255 0
    0 0 255 52 0 0 255 255 255 255 0 0 255 250 255 255 255 255 255 0 0 0
    0 0 255 255 255 0 0 255 255 0 255 0 255 0 0 255 99 255 255 254 72 0
    255 255 255 255 255 255 0 97 255 255 0 0 255 255 255 249 0 0 0 0 255
    0 0 255 0 166 255 0 120 255 255 255 255 255 238 0 255 173 167 0 0
    255 255 255 255 255 0 0 0 255 255 255 0 0 85 255 255 255 255 255 32
    255 0 255 255 255 0 0 255 0 0 255 255 234 59 0 0 0 94 255 255 0 255
    0 255 0 216 0 0 0 0 255 255 255 194 255 255 0 0 0 0 0 0 150 255 53
    255 0 0 1 255 255 0 0 165 0 0 255 255 0 6 0 255 255 61 0 255 255 255
    0 0 255 255 35 0 0 187 255 0 69 0 0 255 63 158 0 255 255 0 245 255
    255 255 0 0 0 0 0 124 108 244 255 255 0 219 0 0 255 116 255 176 34 0
    59 0 0 255 255 171 0 0 0 255 0 255 255 255 0 255 9 255 0 0 132 0 0
    255 255 0 15 0 255 93 0 0 255 255 255 255 0 72 0 255 0 0 253 255 255
    0 255 0 25 255 126 255 0 0 0 0 255 255 196 0 0 255 255 0 0 0 255 255
    255 255 0 0 255 255 0 255 255 255 255 255 241 27 70 255 82 255 0 0 0
    0 255 218 255 0 255 255 255 45 0 129 0 255 255 224 122 0 0 255 0 255
    0 255 255 255 86 0 255 0 0 243 255 0 158 0 255 85 255 255 215 255
    188 0 255 0 255 0 45 133 255 255 255 0 0 0 234 0 46 0 0 173 255 255
    0 255 255 0 0 0 255 0 255 218 255 255 204 198 0 255 0 149 255 0 0 0
    255 146 255 0 255 103 0 255 0 255 255 255 0 176 255 255 255 255 0 0
    0 0 255 255 18 112 0 0 255 255 11 0 0 0 146 147 255 0 0 0 0 0 255
    255 255 255 0 90 0 7 231 0 255 255 0 0 0 255 203 238 0 255 255 0 255
    119 255 0 255 197 255 0 0 0 255 152 255 255 0 0 255 255 255 255 0 0
    128 0 255 0 255 255 84 0 255 255 255 19 0 0 255 255 255 0 0 0 255
    129 96 0 0 0 255 255 0 34 255 0 231 0 255 255 240 0 255 255 255 0 0
    0 237 255 134 0 55 255 0 117 0 255 255 255 0 255 0 255 0 0 60 0 0 0
    255 80 216 0 255 255 255 255 0 255 0 255 255 8 0 0 0 255 255 0 0 0
    111 114 0 122 255 0 77 0 255 0 255 0 255 0 255 0 255 125 255 255 255
    0 0 0 0 255 0 255 0 255 0 255 0 36 10 255 253 0 0 0 255 0 255 255
    255 0 0 35 255 255 227 0 0 0 0 0 255 255 255 0 0 0 0 255 255 98 0 0
    255 0 255 0 255 0 255 42 0 190 0 255 0 255 0 255 106 0 0 45 255 255
    222 255 0 0 255 77 255 249 255 255 0 255 255 0 0 0 176 255 255 227
    255 0 255 0 195 0 255 255 0 255 0 255 166 0 0 0 255 255 157 195 0
    255 255 80 32 255 0 204 176 0 0 0 255 134 255 0 255 0 255 89 0 0 0 0
    0 255 237 0 123 255 194 0 62 255 255 0 255 0 0 0 255 255 255 209 0
    16 255 0 251 139 255 255 255 82 0 0 50 0 0 0 0 0 0 0 255 120 255 0 0
    26 0 214 0 255 255 255 0 42 255 0 119 76 0 0 255 0 255 0 0 0 180 0
    23 255 231 255 255 0 255 0 186 255 255 0 255 0 255 0 0 255 0 255 0 0
    0 255 255 255 0 0 0 0 244 0 255 0 226 74 255 0 255 0 0 224 255 255
    25 0 138 39 255 255 0 0 32 255 0 0 224 0 255 255 0 0 0 0 0 189 255
    255 0 0 255 255 255 255 140 29 210 0 191 0 0 255 255 174 255 127 0 0
    32 0 75 255 255 0 0 0 191 0 0 0 255 255 221 255 0 255 0 255 0 0 0 5
    0 6 255 255 255 0 0 0 255 125 106 0 0 131 0 255 228 72 0 0 255 0 0 0
    255 255 0 17 0 255 255 0 255 0 255 0 255 0 6 0 255 255 255 237 0 126
    255 255 166 0 0 255 255 94 255 0 0 0 0 255 40 255 255 0 0 43 255 0
    255 32 0 255 255 255 68 153 221 0 255 255 105 169 0 255 255 255 0
    225 255 0 0 0 137 0 255 255 255 0 0 0 255 0 255 0 255 255 0 255 28 0
    191 255 255 255 0 0 255 68 0 0 168 255 255 255 188 0 31 230 255 0 0
    73 0 255 255 255 255 75 255 255 208 0 0 0 188 255 255 0 34 255 0 255
    0 0 0 219 255 11 0 255 255 0 255 255 255 186 29 188 0 255 255 255 0
    255 0 255 255 0 0 54 64 0 159 50 0 0 255 255 0 0 179 255 255 0 0 255
    255 0 0 227 190 255 0 0 102 255 255 221 255 0 0 134 33 0 122 0 255
    255 0 255 0 255 148 0 0 255 0 255 0 0 0 172 255 7 0 0 255 0 110 0
    203 0 0 255 255 255 0 0 0 255 255 124 0 0 255 255 255 112 255 0 255
    0 255 75 83 0 0 0 255 245 0 0 164 255 0 162 0 0 255 55 188 255 0 72
    0 0 0 255 0 0 93 255 0 255 0 255 0 255 0 255 0 0 108 0 56 0 227 255
    255 31 0 0 0 0 255 255 255 0 0 0 68 255 255 0 199 215 8 255 0 120
    255 70 0 0 255 255 0 0 255 4 0 17 255 0 171 0 255 255 0 255 251 0 23
    0 255 0 50 255 255 0 152 0 255 157 0 0 255 255 0 0 255 0 0 0 255 0
    255 95 0 0 0 74 206 255 255 253 0 7 0 255 199 0 218 255 216 0 112
    124 255 0 0 0 255 255 255 0 255 0 0 0 255 0 255 0 141 12 194 0 0 0
    128 74 255 0 200 0 82 0 0 255 0 255 0 233 0 0 255 255 255 255 246 0
    255 107 2 255 111 255 0 0 0 255 255 226 0 0 0 255 255 76 255 0 255
    255 255 255 0 0 0 0 255 207 93 255 0 255 236 255 255 255 0 86 0 255
    0 167 0 255 255 0 0 223 255 85 0 255 255 222 0 255 255 255 255 0 219
    0 255 255 0 255 0 0 255 59 255 174 0 2 0 255 255 182 141 255 255 0 0
    255 255 255 0 0 0 0 255 255 0 0 0 176 104 255 255 255 17 0 112 0 255
    255 0 255 0 70 255 0 195 0 255 255 164 0 72 255 255 0 0 0 255 255
    255 0 0 255 255 255 255 133 255 0 0 237 0 255 255 255 255 0 255 0
    255 0 0 0 255 255 240 64 255 255 255 255 145 0 0 0 255 236 255 0 255
    255 26 0 0 0 0 255 255 116 166 255 40 255 0 255 0 255 255 255 0 255
    0 219 0 255 255 0 0 0 255 255 0 255 255 255 0 0 40 255 243 0 255 255
    255 255 0 0 0 0 0 255 83 255 34 164 0 255 0 255 255 255 255 255 39 0
    0 0 255 255 0 232 0 162 255 0 255 252 255 255 0 255 255 255 0 0 255
    110 0 0 255 189 255 0 255 0 255 255 255 0 0 0 255 255 0 96 181 255
    219 152 76 0 255 255 136 49 0 255 0 0 0 0 255 255 180 0 0 255 0 255
    0 0 255 255 252 0 0 0 255 255 188 0 71 147 255 255 80 0 255 31 255 0
    255 0 69 255 163 255 26 255 255 0 0 131 255 255 0 0 255 255 200 0 0
    255 255 255 104 224 235 255 119 255 0 255 255 255 0 0 0 255 0 255 0
    255 89 255 0 67 154 0 0 255 255 0 0 255 255 255 171 130 255 255 5
    255 20 255 255 255 0 18 255 0 255 0 255 255 255 255 210 0 0 255 255
    255 0 0 183 255 0 0 255 255 255 0 177 0 8 255 255 0 255 0 0 0 0 255
    255 255 0 255 0 249 0 0 47 0 0 243 0 0 0 0 255 255 0 17 0 0 255 0 0
    65 72 0 255 255 255 175 0 0 73 0 255 255 0 0 0 0 0 0 0 255 255 255 0
    0 0 255 0 255 0 255 0 157 0 83 0 0 0 255 255 255 0 67 255 255 0 0
    255 70 255 255 255 177 0 255 255 0 104 255 0 255 255 255 0 58 0 255
    255 0 0 0 255 118 0 0 0 148 255 0 255 255 0 0 0 255 28 0 0 255 255
    255 0 255 0 0 0 255 255 255 0 255 111 255 255 0 255 71 255 51 234
    255 0 255 0 255 200 0 226 0 232 0 255 144 0 255 0 0 0 43 0 255 0 151
    0 235 255 255 0 255 0 0 255 255 255 0 0 111 198 0 255 0 255 111 255
    255 0 238 0 81 255 0 44 255 255 0 0 0 184 0 255 0 208 255 255 255
    255 0 255 255 150 255 255 70 0 255 255 255 141 244 255 255 170 0 0 0
    255 0 255 0 0 0 0 73 255 255 174 0 0 255 255 255 0 255 0 0 255 148
    245 0 255 0 255 255 0 0 0 0 194 255 203 0 255 0 255 0 31 0 0 255 205
    0 255 255 0 0 0 255 255 0 165 203 255 255 0 0 255 138 255 0 255 0 0
    0 255 255 255 0 105 0 0 118 255 0 255 0 255 0 255 190 255 0 255 255
    255 0 0 39 0 255 83 255 0 0 0 0 182 33 255 0 255 0 255 170 255 0 232
    0 0 0 255 0 0 255 140 255 0 0 255 255 0 0 255 11 255 0 164 255 255
    51 255 255 206 0 0 255 0 0 0 182 255 0 0 0 0 255 255 255 0 58 255 10
    0 218 0 212 147 255 0 232 255 255 0 0 0 255 255 255 255 0 0 0 255
    255 255 0 0 0 0 0 255 255 255 255 0 0 255 0 255 229 0 0 54 255 255 0
    255 127 102 255 255 0 0 0 124 0 94 100 120 255 133 255 0 255 167 255
    255 255 0 255 0 128 0 80 255 159 50 209 0 0 0 255 72 255 139 43 0 0
    0 255 0 255 0 255 223 255 55 255 255 255 255 0 182 0 255 0 0 255 199
    0 0 255 255 0 0 255 0 255 0 255 192 255 0 0 0 255 255 0 0 0 255 255
    255 139 0 0 158 0 0 0 255 255 57 0 0 0 0 255 0 255 0 0 0 39 255 0
    255 185 255 0 0 0 0 0 0 255 255 255 255 255 158 0 0 0 255 255 255 0
    8 255 255 0 171 0 255 0 255 255 143 255 0 255 0 255 224 65 0 0 0 255
    0 0 62 0 245 0 0 255 255 0 197 0 0 255 0 150 0 0 255 159 255 43 255
    255 0 255 0 0 0 255 255 75 119 255 0 255 0 255 204 255 255 255 0 255
    255 255 69 0 0 255 255 255 81 255 0 0 255 255 0 203 0 255 255 255 0
    0 0 255 255 0 0 0 255 255 255 255 0 255 255 255 255 0 0 0 0 255 213
    255 0 132 0 132 0 255 255 255 0 0 255 255 255 233 255 0 255 208 0 0
    171 255 4 29 0 179 0 70 0 0 255 0 255 0 255 0 157 0 90 0 255 255 255
    0 218 255 20 255 0 255 255 242 0 255 95 0 0 255 147 255 48 228 255 0
    255 0 69 255 99 33 0 255 0 255 110 255 0 51 0 255 0 255 0 0 0 255 0
    255 255 255 255 0 132 0 0 0 255 131 255 0 255 148 31 232 0 255 255
    255 255 255 255 0 0 237 0 255 255 255 113 255 239 255 0 0 0 255 255
    255 19 120 255 255 0 255 193 255 255 80 255 0 0 196 255 255 0 0 255
    255 255 255 255 255 0 0 255 0 255 255 255 0 0 14 66 255 164 253 255
    255 0 0 0 0 0 255 0 92 121 0 255 49 255 0 0 0 255 255 0 55 0 0 0 0
    255 255 247 255 255 0 82 255 152 0 20 219 255 145 255 0 0 255 0 0 0
    0 16 232 255 255 255 0 0 0 0 0 255 94 0 204 0 0 40 254 255 0 144 255
    0 0 0 0 255 255 247 138 0 255 0 255 0 0 255 255 255 0 0 0 255 202
    255 255 228 105 0 255 0 12 0 0 255 0 135 27 0 0 109 255 255 255 0
    255 255 255 0 84 0 145 146 255 255 255 0 255 0 0 255 255 0 255 29 0
    63 0 0 48 251 255 0 232 0 162 255 255 57 255 9 50 134 255 255 0 181
    161 153 107 255 0 0 0 0 255 112 89 0 0 255 255 255 255 255 255 0 0
    127 255 255 0 0 255 255 255 0 0 27 255 255 255 64 0 10 0 0 39 95 255
    30 154 0 255 255 67 0 0 255 255 111 103 0 255 0 255 0 255 0 0 178
    255 255 255 255 255 0 32 255 157 255 0 0 0 0 255 255 0 255 0 255 255
    255 196 0 0 255 255 239 255 0 255 192 0 255 122 216 0 0 255 255 177
    0 0 103 255 212 246 0 0 0 255 0 20 0 255 255 67 228 0 255 0 255 30
    255 122 255 0 0 0 255 255 255 0 0 43 0 0 255 255 255 0 0 0 255 89 70
    0 255 0 68 0 255 0 255 0 0 0 122 175 255 123 0 0 0 255 228 0 0 255
    255 96 255 0 0 0 255 255 0 0 255 255 42 0 255 255 0 0 0 212 0 51 0 0
    205 255 0 0 0 91 0 0 0 0 0 255 27 255 255 0 255 0 255 0 0 0 255 255
    255 0 61 0 0 0 255 255 255 255 255 0 255 181 16 152 255 78 84 0 0
    255 255 147 255 0 66 0 0 255 0 255 0 162 0 0 0 0 0 255 178 0 0 0 255
    77 255 255 255 0 0 255 255 255 0 0 255 255 218 151 255 0 212 255 255
    255 255 0 0 0 255 0 255 0 255 3 255 0 255 0 255 0 255 0 0 0 255 0
    255 14 255 255 0 255 28 255 0 0 255 255 90 255 254 171 0 0 0 0 5 255
    255 255 0 0 0 255 235 45 0 255 255 255 0 230 0 255 255 17 0 0 0 255
    255 255 255 0 255 0 255 103 255 255 0 255 206 230 80 61 255 0 255 0
    58 182 0 255 0 255 0 255 0 0 255 0 255 255 0 0 0 255 0 255 255 249
    255 0 0 0 0 255 255 255 253 0 0 0 0 0 255 0 255 0 255 175 237 0 255
    0 242 255 0 0 0 255 0 255 0 0 0 255 0 0 0 0 255 0 0 0 104 255 255
    255 117 0 0 26 255 255 242 0 194 60 255 0 255 255 255 0 0 255 0 8 43
    0 0 255 255 255 0 0 0 0 0 198 255 255 0 0 0 0 4 255 120 255 0 255 0
    255 164 255 0 0 0 255 255 0 0 0 255 255 0 255 255 84 0 0 0 255 0 255
    0 255 255 0 4 0 0 0 0 135 0 255 255 255 0 68 0 201 188 0 214 0 255
    255 0 0 0 255 255 255 0 255 142 255 112 255 0 0 0 0 150 255 255 255
    0 255 0 0 255 96 255 0 0 0 224 0 44 255 176 255 255 66 255 0 255 0
    27 0 0 0 255 91 67 47 255 0 255 255 255 0 0 0 0 156 255 255 0 0 0
    255 0 255 255 0 255 0 255 0 0 0 255 255 0 106 0 149 0 255 255 0 255
    227 0 255 140 255 109 117 0 255 88 0 230 255 0 255 0 173 255 255 255
    0 0 255 0 255 0 255 0 226 194 255 0 0 166 255 255 0 0 0 37 152 0 255
    0 255 131 165 255 0 255 255 255 0 198 0 0 255 0 255 0 255 255 255
    255 89 0 255 255 255 255 0 255 0 255 0 0 255 0 0 255 255 255 0 157 0
    0 0 255 0 255 0 255 255 0 255 255 89 0 255 255 0 228 0 255 0 255 255
    255 255 255 255 0 0 0 0 255 0 255 0 255 0 255 0 244 182 0 6 0 252 0
    255 255 75 0 0 255 255 255 255 0 0 255 192 255 0 0 0 255 255 12 255
    0 255 0 0 255 255 255 74 0 255 90 0 0 180 255 243 255 255 0 255 0
    255 0 255 255 255 0 13 0 0 255 255 255 0 0 0 0 255 0 255 255 255 0
    255 0 0 0 255 0 109 255 0 0 255 255 200 0 255 255 255 0 0 0 0 255
    255 0 255 255 255 255 255 0 0 0 255 0 255 141 255 45 255 255 255 190
    0 205 255 248 0 255 0 255 0 193 71 255 0 255 255 0 0 0 255 255 255 0
    7 0 153 255 255 0 0 0 255 255 255 0 0 0 0 177 255 166 255 255 255 0
    0 0 255 255 255 255 203 255 0 0 255 255 255 0 181 255 3 255 0 255 0
    53 255 0 255 0 172 0 115 0 176 191 224 255 255 0 255 0 154 0 158 255
    181 13 94 0 255 255 255 0 255 255 0 0 255 255 0 0 0 0 4 255 255 0
    109 255 255 255 0 255 255 255 0 255 107 0 0 0 0 255 240 0 255 255
    255 0 0 0 215 172 0 101 0 255 0 255 0 101 0 209 255 255 255 0 202 0
    255 255 0 0 0 0 255 255 255 255 255 0 128 0 255 0 43 0 255 232 255 0
    255 255 255 0 0 0 255 255 255 214 0 0 0 255 255 209 228 0 117 0 255
    36 255 0 21 0 255 0 255 0 255 0 0 34 255 255 255 255 0 69 0 255 0 0
    255 181 255 0 110 0 0 5 0 255 0 255 255 255 6 255 0 214 0 0 255 0 91
    255 68 104 0 185 255 0 201 0 0 255 255 255 0 0 52 255 255 0 0 255
    254 255 0 0 49 0 255 0 255 0 0 0 222 255 255 0 57 108 0 0 152 0 255
    255 255 226 0 0 255 85 0 67 255 255 255 255 255 255 0 86 0 255 0 255
    0 255 0 255 0 255 0 73 215 0 246 92 255 0 255 126 255 115 255 0 255
    0 255 83 255 255 0 255 0 0 255 255 0 0 0 0 218 255 145 255 0 0 0 255
    255 0 0 0 255 255 255 243 45 0 0 170 0 255 190 0 255 161 0 0 202 255
    0 255 135 0 255 255 0 0 255 163 255 2 0 0 0 255 255 255 0 255 255 0
    35 0 255 18 0 0 0 255 0 83 255 255 0 255 179 15 0 255 0 255 0 0 0 56
    255 255 183 0 0 255 0 0 255 255 0 0 0 255 255 255 255 0 0 0 0 255
    192 255 255 67 255 0 145 0 119 129 255 0 0 0 245 182 0 220 0 255 255
    255 255 96 0 0 0 255 4 0 0 155 0 255 255 219 255 0 255 0 0 255 255
    255 0 0 0 148 0 0 255 255 255 0 0 255 106 0 255 0 133 255 255 255 85
    0 0 0 255 255 255 255 0 147 38 39 255 255 255 0 0 179 255 198 0 255
    0 0 0 255 117 0 255 0 255 255 0 0 0 255 0 255 196 255 0 87 0 255 255
    255 0 11 124 50 0 0 255 0 87 96 255 255 255 255 255 0 255 0 255 151
    255 0 0 255 0 255 0 255 0 255 255 0 248 125 0 0 255 0 255 0 255 0 0
    255 255 121 0 0 255 255 0 255 0 255 0 25 255 255 255 0 255 86 0 0 0
    0 255 255 255 96 255 0 0 0 255 255 0 255 94 255 255 63 0 0 255 0 255
    30 0 0 255 255 255 0 0 146 255 178 255 0 255 189 49 255 103 0 255
    255 0 255 255 255 0 255 0 210 238 0 255 0 0 0 0 255 255 0 139 227 0
    255 0 175 0 0 48 180 255 0 0 169 255 255 255 0 0 255 255 255 0 0 0 0
    233 255 255 237 0 0 172 24 255 255 82 0 255 0 95 255 255 255 255 0 0
    0 16 0 65 255 0 0 204 255 217 255 0 255 255 255 161 255 0 255 0 244
    0 255 0 255 255 0 255 255 0 0 0 255 0 182 255 255 179 255 0 255 0 24
    0 157 0 0 255 135 75 111 255 255 255 255 0 0 10 255 255 0 0 255 139
    255 0 222 255 255 234 106 255 255 248 255 255 0 0 0 0 145 161 0 0
    255 0 255 0 255 0 255 0 255 255 0 11 255 255 0 255 255 0 0 255 255
    255 0 0 135 255 236 0 0 241 238 0 255 255 255 0 255 255 255 255 0 0
    0 0 255 255 0 34 255 0 255 90 255 229 98 255 255 255 0 255 133 255 0
    255 0 0 255 255 255 0 0 0 244 215 255 0 0 0 255 90 255 255 255 255
    32 255 61 255 0 0 0 0 90 255 63 255 255 65 0 0 207 255 82 0 0 0 244
    255 31 0 255 255 255 0 0 255 255 255 0 0 0 255 151 255 255 255 92 0
    177 255 255 0 255 255 255 255 0 0 0 255 255 63 0 255 255 0 0 0 255 0
    255 0 62 177 255 116 0 0 255 24 255 0 0 0 255 255 0 255 0 255 0 255
    0 0 0 255 0 255 18 151 0 255 255 255 0 0 0 0 0 235 0 93 217 174 228
    255 255 255 255 0 165 255 255 201 114 0 0 156 0 0 255 255 255 0 255
    255 68 0 0 0 255 255 90 150 0 0 255 0 255 0 255 255 255 255 255 255
    0 0 255 241 255 255 0 0 255 255 255 66 255 255 255 0 0 0 255 195 255
    0 255 0 255 0 0 249 0 255 0 255 255 255 0 255 255 255 197 89 192 0
    255 0 255 0 18 0 255 0 255 0 0 255 255 0 0 255 0 255 0 0 0 255 255
    148 129 218 255 255 0 222 255 255 13 39 40 255 255 0 255 255 103 255
    0 0 255 156 249 0 255 154 255 255 0 0 255 224 147 0 255 0 0 255 255
    0 0 255 0 107 0 255 255 0 0 0 78 63 255 0 0 0 131 255 255 0 0 68 0 0
    255 255 0 0 207 255 197 255 0 0 0 255 226 154 0 255 0 63 245 255 109
    0 0 255 0 255 0 0 8 0 255 0 255 0 0 255 255 0 0 0 255 255 0 177 0
    255 66 0 0 0 0 0 0 255 0 0 255 255 170 0 0 89 255 176 131 101 255 0
    0 0 0 0 69 0 255 255 0 0 0 255 0 0 255 13 255 15 255 0 38 255 0 255
    50 255 0 255 0 0 0 255 255 0 41 0 0 255 255 255 32 0 0 0 0 255 0 255
    0 255 255 0 255 0 255 206 0 255 255 74 65 0 0 0 0 255 255 178 0 3
    255 203 255 0 255 0 0 255 153 0 0 0 255 0 255 0 0 177 255 255 0 255
    0 255 0 255 0 255 255 255 255 255 0 0 131 0 0 0 255 0 255 219 0 0
    255 255 255 0 0 255 255 0 0 255 2 0 0 255 255 255 0 0 0 0 106 0 255
    0 255 255 255 134 98 251 253 222 255 0 0 255 255 255 0 255 0 96 255
    0 255 255 255 255 0 20 255 255 255 255 255 0 0 255 93 255 255 255
    130 0 0 0 0 255 255 255 255 0 100 0 0 255 129 0 0 142 232 255 255
    255 0 255 0 255 95 0 0 56 255 94 255 255 182 255 0 0 137 255 0 0 0
    255 0 0 255 0 255 255 255 255 255 255 255 255 0 255 0 255 0 255 33
    255 128 0 255 2 0 0 255 255 255 255 1 0 0 0 0 255 255 0 0 255 0 255
    0 0 237 255 0 0 0 255 109 255 255 255 5 255 48 0 0 255 228 218 0 255
    0 255 123 255 215 102 57 201 255 255 255 255 0 255 0 0 0 255 0 255
    73 8 0 0 0 107 255 255 255 0 0 107 0 89 255 255 97 0 255 255 0 107
    106 0 63 77 0 255 255 255 255 116 0 255 77 26 0 255 255 0 255 169 0
    0 122 136 162 0 255 0 255 163 255 255 0 68 0 46 255 0 255 0 0 255 0
    0 4 0 255 0 158 255 255 255 0 0 255 255 244 255 233 255 0 0 255 181
    204 0 0 0 255 67 255 255 0 216 0 73 255 20 255 0 255 255 255 38 0 0
    0 255 0 0 0 255 255 0 96 138 255 255 255 255 0 94 255 255 0 30 255
    255 255 0 255 74 0 100 0 0 255 255 0 0 255 0 255 76 0 0 171 255 255
    255 0 0 0 255 255 255 0 0 255 255 242 255 118 0 0 0 255 255 138 255
    0 255 0 218 0 123 255 255 255 0 0 255 0 255 255 255 0 0 0 255 255
    255 0 0 44 0 255 0 255 0 255 0 0 176 255 0 0 34 100 0 255 255 255 0
    23 255 0 26 0 255 255 16 0 0 255 76 0 0 0 255 255 255 0 255 255 255
    255 165 0 0 0 0 0 0 255 255 255 162 255 22 0 0 255 255 255 30 124 90
    5 0 0 81 0 255 239 0 0 79 0 182 76 0 0 255 255 255 0 162 0 0 0 255
    73 255 0 255 255 255 0 255 255 255 0 0 255 91 0 0 95 255 255 0 0 0
    126 255 82 255 255 255 0 255 0 255 0 255 255 0 224 0 255 55 255 0
    255 223 238 0 0 255 220 255 0 0 255 0 0 255 255 255 255 0 0 0 255
    255 0 0 255 117 0 0 0 255 54 255 44 141 255 0 255 255 0 255 15 0 0
    126 100 255 255 255 255 255 178 135 255 255 23 0 0 195 255 255 0 23
    255 0 140 255 0 0 0 255 0 205 255 64 0 0 0 255 255 255 255 0 255 0
    48 0 255 0 0 33 255 49 255 0 0 0 57 255 255 0 255 255 255 255 200
    255 0 255 253 255 6 164 35 0 241 255 0 255 0 255 255 255 0 255 255
    255 116 255 0 0 0 255 235 255 0 85 0 255 255 255 0 0 0 255 255 165
    226 255 255 182 58 255 0 0 0 0 191 255 0 0 255 255 0 255 0 0 0 255
    255 0 0 156 255 255 255 255 0 0 157 255 255 0 255 0 207 255 255 0 0
    0 6 0 139 0 216 214 255 0 0 0 255 255 255 255 255 0 255 0 0 0 255
    255 255 109 0 0 232 255 246 255 0 255 0 255 0 139 231 255 0 255 255
    0 0 255 215 0 0 255 255 0 201 0 255 130 227 0 0 28 0 255 54 255 255
    255 0 0 255 28 0 255 255 255 105 0 255 0 255 0 0 255 0 0 0 255 99
    255 0 255 0 255 245 255 0 0 167 0 241 129 12 167 255 0 255 0 255 255
    0 0 255 255 255 0 0 0 255 255 255 0 255 0 255 135 0 0 211 0 255 255
    255 71 0 0 0 0 255 255 0 255 0 255 46 0 0 0 255 149 0 0 0 255 0 255
    255 255 0 0 0 0 255 0 255 255 255 0 99 176 255 255 255 0 255 33 84
    255 234 255 0 0 0 255 255 0 0 166 255 255 0 16 0 255 255 0 255 255
    255 0 241 0 208 255 69 178 255 255 0 0 142 255 0 255 255 255 0 0 0
    255 246 0 229 255 52 0 0 0 0 255 255 145 255 0 0 255 255 0 82 0 0
    255 255 106 0 0 255 255 255 0 255 0 255 255 84 0 0 255 255 255 255 0
    0 0 0 0 255 255 0 240 0 173 255 255 59 255 255 255 0 0 53 255 55 0
    255 0 43 0 255 255 255 248 0 0 93 193 112 187 255 255 255 255 255 0
    255 255 0 255 126 0 116 255 255 0 0 255 0 255 255 255 255 0 255 255
    255 0 244 11 0 0 255 0 255 0 255 255 255 0 223 34 0 255 255 255 0 0
    0 148 255 255 255 0 0 255 0 255 255 255 0 0 255 255 255 0 0 0 255 0
    255 157 0 187 255 0 0 0 3 0 255 0 105 0 255 255 0 255 0 0 0 12 255 0
    0 0 255 148 255 0 255 2 0 41 255 0 0 0 104 255 255 255 255 255 255 0
    0 255 255 165 255 246 255 255 29 0 0 0 255 103 255 0 255 0 255 255 0
    8 0 255 0 136 255 255 0 255 0 255 255 0 0 0 255 255 21 255 118 255 0
    127 0 255 255 255 0 255 141 10 0 0 255 40 255 141 0 0 0 0 110 0 0 93
    255 255 255 255 255 255 25 255 0 253 0 0 0 197 255 255 107 255 255
    255 247 72 173 0 0 0 159 255 0 0 255 255 255 0 255 0 0 255 255 255 0
    0 0 128 255 45 0 151 128 255 255 249 255 0 0 0 0 255 255 0 0 90 255
    0 0 0 0 0 199 0 255 152 255 0 0 255 0 255 0 255 255 255 69 0 255 125
    255 255 255 125 80 0 0 0 224 255 0 255 0 189 0 255 0 0 255 0 127 0
    212 255 9 255 0 255 252 255 0 94 0 255 255 255 253 0 0 255 0 0 255 0
    137 255 0 0 170 0 0 255 0 255 0 0 0 255 231 255 0 255 203 167 0 81 0
    0 0 0 255 255 0 0 0 0 255 0 0 0 255 0 160 0 19 255 255 0 0 255 255
    255 0 0 0 48 255 255 255 0 255 0 255 255 255 0 0 185 185 255 255 0 0
    255 0 255 0 255 184 54 255 0 255 229 37 0 0 51 255 171 255 0 255 0
    255 0 255 0 255 0 255 26 255 0 255 255 0 255 0 255 0 0 0 255 42 22
    255 255 8 218 2 103 54 0 0 0 255 255 29 0 104 255 198 199 0 0 255
    255 0 0 255 255 0 242 0 0 0 255 255 255 255 255 211 0 0 0 255 255
    255 255 0 232 0 255 0 0 132 255 255 255 0 0 255 255 198 0 0 0 0 0 87
    255 0 0 255 224 255 46 105 0 255 0 255 124 255 255 255 225 255 0 255
    0 255 99 255 0 0 255 255 255 0 255 126 255 53 255 107 255 0 255 97
    251 211 0 0 0 255 0 255 0 255 16 255 255 101 0 0 0 255 0 0 255 255
    255 0 0 43 255 255 255 255 0 255 0 95 255 89 59 255 255 255 255 0 0
    255 0 255 255 255 0 0 0 255 255 241 115 0 0 255 255 255 70 255 255 0
    0 0 255 0 0 255 255 255 0 255 255 0 0 130 255 255 0 255 0 72 0 48
    255 0 255 255 255 255 0 181 0 255 52 0 0 255 255 255 0 0 255 255 255
    0 255 146 255 0 255 255 255 0 0 0 0 255 255 51 172 0 255 255 0 0 255
    0 0 117 157 255 0 255 255 0 255 0 255 255 0 0 0 255 0 255 0 255 0 22
    0 255 0 0 255 255 255 0 255 255 255 0 113 0 255 255 255 0 146 255
    255 0 255 255 0 255 0 0 0 255 0 255 255 255 20 0 255 0 255 0 255 255
    9 255 255 255 0 255 133 255 255 255 0 138 86 0 0 255 255 255 0 255 0
    255 0 255 0 113 248 242 21 0 255 0 255 0 255 255 0 0 0 0 145 0 162
    255 255 0 255 255 255 228 255 0 0 255 13 255 255 0 0 0 255 0 255 255
    255 0 0 0 255 188 141 0 0 239 255 255 0 0 0 0 255 25 255 255 0 0 0
    255 255 255 0 96 255 255 0 0 0 255 207 255 0 223 244 255 0 255 0 74
    72 255 255 255 255 0 0 255 160 255 0 0 112 255 255 255 0 255 0 0 0 0
    255 159 0 0 255 64 255 0 255 255 65 0 255 0 0 0 255 255 0 255 0 255
    17 255 255 255 0 250 0 0 255 74 0 255 255 73 255 108 6 209 125 0 0
    202 11 0 0 255 255 255 0 0 255 0 255 255 52 0 0 255 35 255 0 255 0
    255 0 255 255 0 0 119 0 255 0 255 0 106 255 255 0 0 0 162 0 230 255
    152 125 255 255 246 255 0 203 157 255 41 0 123 22 0 70 0 255 121 159
    244 255 255 0 0 0 255 0 0 33 255 255 0 0 0 255 0 0 255 255 12 0 0 0
    39 255 255 154 0 255 255 0 0 0 255 255 102 159 0 255 0 189 255 255
    185 121 255 255 21 255 255 0 0 0 0 0 255 255 255 255 70 0 0 255 255
    176 0 72 249 255 0 0 255 3 168 0 0 255 255 0 0 0 255 255 0 187 255
    255 214 255 255 0 255 45 255 0 255 0 255 0 255 0 255 4 255 0 0 48
    255 255 225 0 0 0 255 255 0 244 0 0 0 255 51 255 0 255 186 255 255 0
    255 255 0 255 0 255 255 0 0 0 0 255 255 255 0 7 0 97 255 255 255 0
    107 134 255 255 0 255 125 255 255 0 0 255 250 255 255 0 242 231 255
    132 0 0 255 255 101 0 0 0 0 255 255 0 255 0 255 0 255 0 255 0 0 0 0
    255 255 255 189 0 0 255 223 255 255 255 0 0 40 255 0 74 0 255 0 35
    255 163 0 0 255 0 255 0 255 0 0 255 185 255 0 255 255 0 239 99 255
    188 0 255 255 0 255 0 255 255 255 0 113 31 0 255 198 0 236 255 0 0
    255 2 255 255 255 0 0 255 68 10 255 179 255 0 0 196 147 255 255 0
    205 255 255 71 0 0 81 0 0 255 45 0 255 255 255 255 0 0 0 255 0 0 0
    255 255 255 255 178 255 15 166 255 0 0 255 193 255 144 239 161 255
    33 255 0 2 0 255 0 255 0 149 0 0 0 15 255 0 0 255 255 255 18 255 255
    0 0 60 217 255 0 0 255 255 255 31 104 0 173 255 56 0 0 255 255 255 0
    188 55 0 0 154 255 255 0 255 0 255 246 123 0 0 0 0 255 0 255 0 255
    255 52 0 53 72 0 255 255 0 0 0 0 0 217 255 255 255 0 205 255 0 255 0
    121 150 255 255 0 0 0 0 255 0 255 0 255 255 0 255 0 0 255 255 255
    255 0 225 0 194 255 62 255 19 0 0 255 255 255 0 0 0 255 0 255 0 255
    0 0 0 255 255 0 243 0 255 0 255 0 0 0 47 255 255 255 255 0 0 0 255
    255 123 249 0 255 159 166 0 255 122 255 255 0 255 39 255 255 120 0
    118 0 255 124 0 255 0 51 255 0 0 255 50 0 0 255 255 0 0 255 144 255
    255 255 218 0 255 0 0 0 0 0 109 255 255 0 0 107 0 0 37 255 0 255 0 0
    122 0 0 198 40 0 0 64 0 255 106 255 0 255 250 0 0 0 89 0 255 255 0
    14 232 0 53 255 255 255 245 0 255 255 0 0 0 0 255 0 0 0 255 255 255
    255 68 0 53 255 255 0 0 148 35 0 255 255 255 0 255 4 255 0 0 0 107
    255 255 255 0 0 0 0 0 255 255 255 0 0 120 255 210 168 2 221 0 255 0
    255 166 0 231 0 255 0 0 255 255 255 0 0 0 0 255 255 0 0 7 255 0 255
    255 255 0 53 0 255 218 63 255 0 255 0 197 0 255 255 0 56 0 255 255
    255 0 255 0 0 255 234 0 0 27 0 60 0 93 0 255 255 0 0 0 255 0 255 255
    255 10 0 169 0 255 0 255 255 255 255 0 92 0 0 255 0 255 106 0 0 255
    255 24 255 0 0 0 255 115 255 0 0 255 255 77 0 0 255 255 255 32 0 0
    255 156 255 255 255 255 0 0 0 255 255 196 0 255 255 255 206 0 87 255
    0 0 255 255 29 0 0 0 0 255 255 0 0 77 0 255 0 211 247 32 255 2 169 0
    255 0 0 143 255 0 255 129 255 0 0 0 255 0 183 155 255 247 255 0 255
    153 255 0 255 0 0 161 255 255 0 0 0 0 0 0 0 255 138 80 0 0 0 0 0 255
    255 255 153 0 56 255 0 144 0 0 0 0 255 183 0 22 76 0 0 255 0 255 0 0
    255 0 232 148 173 0 255 0 255 255 150 0 192 255 255 255 249 255 255
    255 0 0 0 255 255 255 255 0 0 70 0 255 255 255 94 0 0 255 255 255 0
    255 131 92 0 0 0 255 0 255 106 0 160 255 0 75 0 51 0 0 255 255 255 0
    0 255 0 255 0 209 0 0 0 255 255 255 97 0 255 181 255 0 77 0 255 0 0
    0 255 255 255 0 255 0 255 255 0 255 0 255 1 10 0 22 255 0 255 0 255
    255 138 0 255 0 255 0 180 255 255 236 209 0 0 2 0 255 0 255 0 0 0 0
    255 87 255 209 224 0 0 59 255 42 93 0 0 255 149 255 0 255 20 255 0 0
    255 163 0 0 24 0 213 255 255 255 0 227 255 0 0 0 255 123 227 0 0 255
    166 255 255 255 182 98 0 168 0 255 76 155 0 255 0 0 0 255 255 0 0
    255 255 202 0 0 0 0 255 255 0 255 255 255 0 255 0 255 0 0 255 255 0
    0 29 71 0 255 255 0 0 143 0 0 0 255 255 0 0 255 255 0 0 0 255 0 0
    255 156 255 0 17 0 0 255 255 255 0 0 255 255 255 0 255 0 255 0 255 0
    0 0 255 255 0 0 255 255 0 0 67 255 255 255 255 149 255 0 0 255 0 16
    0 255 255 171 102 255 0 255 0 255 255 0 201 0 112 202 255 115 0 237
    255 152 0 200 255 255 255 0 255 0 255 0 255 21 0 0 0 0 209 255 255 0
    148 0 204 68 0 56 0 198 255 0 255 9 255 0 0 255 0 255 25 255 255 0
    148 161 255 0 0 145 0 255 255 73 0 0 255 204 255 255 168 0 0 0 83 0
    209 59 255 156 56 255 186 255 0 0 255 0 0 0 255 0 40 0 255 255 255
    42 148 112 255 0 0 0 0 0 0 255 255 255 169 0 255 0 0 255 255 255 157
    255 0 0 0 0 255 255 255 0 0 0 0 255 0 255 0 255 0 255 255 204 0 22
    255 0 151 81 56 0 0 255 67 255 255 165 138 255 0 255 101 167 255 255
    253 0 98 165 255 147 255 0 0 244 255 255 0 255 0 182 255 0 255 255
    255 236 239 0 27 0 0 21 255 255 0 131 156 0 255 129 255 0 75 0 255
    255 0 0 0 255 255 255 0 255 4 0 0 255 255 212 214 0 0 227 0 102 255
    255 0 0 0 0 229 255 0 254 255 255 243 0 255 255 255 255 0 0 255 0 0
    72 255 11 255 255 255 63 0 0 0 255 255 255 45 0 255 0 255 0 157 255
    255 0 255 0 255 0 0 255 255 255 48 0 255 255 255 0 0 0 255 0 90 0
    176 0 255 0 255 255 255 0 0 0 170 255 0 255 0 255 0 98 0 255 0 0 0 0
    255 255 255 0 132 255 255 0 255 0 255 0 0 0 0 245 255 0 255 0 0 255
    75 0 255 160 0 0 255 0 146 30 0 255 171 255 71 255 0 0 0 233 255 0 0
    21 0 0 222 255 255 0 0 255 111 0 0 255 0 101 188 255 0 44 0 249 0 0
    255 255 255 0 0 255 255 177 0 0 255 255 255 0 0 0 255 0 0 0 0 255 0
    0 255 255 255 0 255 255 255 0 0 255 85 0 0 0 209 0 255 255 255 255 0
    255 128 255 255 255 0 255 113 255 255 33 34 0 255 255 255 0 0 11 255
    0 241 255 255 0 140 0 0 0 255 255 255 0 0 255 0 0 255 255 255 255
    255 0 255 0 255 0 0 91 0 0 255 255 0 0 63 0 0 255 0 0 0 255 255 255
    32 255 255 255 0 0 0 0 255 255 0 0 165 255 0 255 0 109 0 255 68 255
    255 177 22 0 0 255 175 255 246 37 0 255 255 255 0 255 0 255 27 255
    255 255 255 255 0 255 0 251 76 255 0 0 210 255 255 145 0 0 255 255
    244 0 255 247 0 0 0 255 255 2 0 255 255 0 224 0 255 255 255 92 10 0
    255 133 0 255 0 0 0 0 255 0 112 155 255 102 255 0 0 47 255 255 255
    255 255 0 23 0 255 255 85 255 0 255 255 0 255 83 255 0 153 255 255
    255 255 0 0 0 255 255 255 0 0 0 255 255 255 0 0 0 255 255 0 0 0 218
    255 255 255 255 0 0 0 255 0 0 163 129 0 32 162 255 255 255 0 0 0 255
    0 255 0 19 255 38 255 0 0 255 255 0 255 205 0 0 0 255 0 164 92 255 0
    228 255 0 0 255 109 170 0 255 0 255 255 0 196 255 255 0 0 0 237 255
    0 255 255 20 42 0 255 255 135 255 0 255 0 255 8 93 255 122 0 0 0 255
    255 0 255 222 255 174 255 0 157 255 150 0 255 255 28 0 255 255 140 0
    0 0 17 214 255 0 255 0 255 0 255 0 0 255 255 214 212 255 20 0 0 247
    255 20 0 0 0 255 101 255 255 0 255 255 41 0 0 216 255 255 72 255 0 0
    0 255 255 213 0 0 255 255 255 255 27 0 233 255 255 255 130 0 0 255
    144 255 0 16 0 0 0 255 255 152 0 255 255 255 0 120 255 255 0 0 0 255
    0 255 0 255 255 255 255 210 255 255 0 0 0 255 0 255 255 255 96 213 0
    0 255 255 0 255 0 255 0 255 165 188 0 0 0 255 255 255 0 0 255 255
    255 0 255 18 0 195 255 255 255 0 96 255 255 255 232 0 0 167 0 255
    203 255 0 2 143 0 255 102 0 228 122 255 0 255 0 0 222 255 255 238
    255 0 255 1 69 44 0 0 255 255 255 255 196 0 0 145 255 255 0 237 0 0
    0 240 255 0 255 0 255 0 255 255 0 0 0 0 0 255 255 255 255 255 0 17 0
    102 255 211 255 0 114 255 255 0 0 0 255 255 221 0 255 255 120 0 0
    255 255 124 255 0 0 0 226 255 255 255 0 100 255 255 31 255 255 0 0 0
    255 120 0 0 0 255 255 100 255 255 255 0 255 32 0 255 49 91 255 255
    255 177 0 0 200 255 207 0 0 67 0 112 255 255 0 0 0 255 174 0 255 0
    255 0 0 0 0 255 255 90 0 203 255 255 0 21 10 255 255 255 0 0 255 255
    55 0 94 230 0 0 46 74 41 0 0 0 0 255 232 255 255 35 0 133 255 145
    255 0 0 255 0 255 255 255 255 255 0 255 255 255 0 0 184 219 0 255
    255 255 141 0 255 255 255 0 255 161 255 0 255 255 255 255 255 255 0
    255 0 255 0 148 165 172 0 0 255 255 255 219 255 255 0 255 255 255 0
    208 0 255 80 255 246 112 97 255 255 255 0 0 214 0 255 0 255 255 0 21
    0 255 0 0 24 255 255 255 255 255 209 0 0 0 255 255 255 0 0 0 0 255 0
    47 101 255 255 0 0 0 255 79 0 255 255 255 106 255 0 255 0 255 0 255
    194 57 0 255 0 255 255 255 0 0 255 24 255 0 255 0 0 0 255 255 255
    255 255 0 48 255 104 255 0 129 255 255 0 0 0 255 0 255 182 255 255 0
    0 0 255 32 0 177 255 56 255 0 255 255 109 243 0 226 255 255 123 255
    255 255 255 255 0 0 0 255 0 255 0 171 255 255 0 96 169 255 249 255 0
    0 0 0 255 0 223 0 0 0 0 255 255 255 255 0 83 42 249 0 255 0 255 0
    255 0 0 0 255 124 255 224 0 0 10 255 48 0 255 255 0 255 0 0 0 226 0
    185 0 0 0 0 125 255 142 0 0 145 209 255 255 0 0 0 0 194 255 0 0 255
    92 0 0 255 0 102 0 0 255 255 255 0 0 0 0 255 0 0 0 255 46 0 0 0 0
    248 0 0 255 255 186 0 255 0 0 255 255 255 0 0 36 255 255 255 0 255
    168 0 255 0 141 255 255 255 0 0 0 255 0 255 24 255 255 24 255 241
    255 0 0 0 255 255 255 0 184 0 0 0 0 255 255 0 255 49 255 0 120 0 255
    0 255 255 255 0 125 255 255 0 255 0 0 0 0 255 0 255 255 255 0 0 1 0
    113 255 255 0 0 0 255 255 44 12 255 255 205 108 0 255 0 255 0 0 0
    229 0 170 0 0 255 255 255 0 44 0 0 90 202 255 0 0 54 255 0 0 255 0
    255 255 0 0 255 255 255 0 255 255 255 0 194 0 255 0 0 0 255 77 255
    255 255 255 0 0 81 255 255 0 0 0 200 157 0 183 255 255 255 255 127 0
    0 0 255 141 13 170 0 238 0 255 0 0 157 0 171 0 77 4 255 0 0 223 0 0
    255 255 0 255 255 242 0 0 0 255 255 0 255 0 255 255 178 0 0 0 14 0
    156 255 255 0 0 255 0 0 255 255 255 0 255 0 3 0 255 0 255 181 0 0
    255 255 255 0 0 154 255 0 0 255 255 255 255 0 0 0 255 255 0 0 28 0 0
    55 0 0 0 0 255 213 255 60 40 0 0 255 255 0 0 0 0 0 255 0 255 0 255
    255 255 255 0 255 0 16 0 0 255 0 255 0 255 105 145 0 255 0 96 0 170
    0 0 0 255 255 0 255 0 0 255 0 255 115 0 255 255 255 255 227 255 255
    255 0 0 0 0 255 255 255 255 202 217 255 0 13 8 255 0 255 152 202 0 0
    0 0 0 255 0 255 0 0 255 66 0 255 77 0 255 0 0 0 255 0 255 0 0 0 0 51
    255 255 255 255 255 255 0 253 0 209 82 0 42 255 255 0 0 0 0 28 255
    63 225 255 255 106 0 0 255 255 255 0 0 0 0 0 255 0 0 0 0 255 157 255
    35 0 255 0 67 0 255 0 0 0 255 0 255 0 255 255 0 0 255 0 0 255 37 255
    0 121 98 221 255 255 255 130 255 0 255 255 0 255 0 195 0 0 0 255 0
    255 0 255 255 0 220 255 24 255 111 178 0 0 255 255 255 0 0 0 198 135
    255 255 0 255 255 255 0 255 0 255 0 124 0 255 61 255 213 255 255 255
    0 0 0 0 0 255 245 255 0 0 0 111 255 255 0 0 255 0 0 0 0 255 0 0 0
    255 255 255 57 121 101 71 0 0 34 67 255 140 96 0 255 198 0 0 0 0 255
    0 198 0 255 255 169 175 0 255 0 255 0 0 0 0 255 255 31 0 0 255 47
    255 255 255 0 0 255 0 0 0 255 82 117 0 255 255 255 255 0 0 155 0 255
    0 84 249 80 0 31 255 0 255 0 255 255 0 0 252 0 0 255 255 255 152 0 0
    255 255 255 0 255 0 255 0 255 15 255 255 0 151 0 255 0 255 245 255
    255 0 255 255 255 255 0 0 0 0 255 255 255 255 0 0 255 0 255 0 255
    157 0 0 0 0 0 0 255 255 255 0 135 151 0 255 75 0 255 0 255 0 192 0
    255 0 0 235 47 0 0 0 0 255 255 255 0 255 0 255 0 22 0 255 1 0 0 172
    98 0 255 0 0 0 0 255 255 238 255 78 0 255 255 0 0 255 158 0 0 255
    255 255 255 0 0 0 84 188 0 0 255 255 255 0 255 0 255 255 39 255 40 0
    255 170 255 0 255 255 71 0 255 0 210 255 0 150 0 255 255 144 255 255
    153 255 78 255 0 0 0 255 82 183 251 30 255 0 0 0 0 255 255 255 5 255
    64 255 0 255 255 0 173 131 137 100 25 97 255 0 255 0 109 255 120 255
    0 255 130 255 183 0 0 255 0 0 0 255 0 255 0 255 85 255 255 255 0 0
    137 0 255 0 0 0 199 40 255 255 0 243 60 209 255 255 0 255 0 255 0 39
    0 255 255 255 0 76 255 255 0 0 185 103 205 1 57 255 0 0 255 255 33 0
    47 0 156 255 255 0 255 0 255 255 255 0 255 255 72 48 255 109 0 149 0
    255 255 249 0 36 225 255 0 255 0 255 0 0 0 255 244 255 0 0 0 218 255
    0 0 0 255 0 179 0 255 22 141 0 255 0 0 0 198 175 75 0 255 0 0 0 255
    0 255 255 255 0 0 255 255 255 185 33 0 0 0 255 255 0 0 201 0 227 255
    255 0 0 0 0 255 255 255 210 58 229 255 85 255 0 255 0 255 0 255 0
    255 0 255 0 255 0 0 121 0 255 0 255 0 0 0 255 0 255 0 255 1 255 0
    255 0 78 6 43 255 0 0 255 0 255 209 255 255 255 0 0 0 255 0 255 0
    130 0 255 0 0 0 255 255 255 0 255 255 255 0 255 0 189 0 178 214 143
    255 0 0 9 0 0 7 255 255 97 0 0 220 255 0 0 255 255 122 0 0 255 0 0
    255 0 255 255 0 127 0 197 255 255 255 152 0 255 0 187 0 255 0 255 66
    255 0 0 0 0 255 0 255 255 255 0 255 0 255 0 0 255 103 161 0 255 255
    0 0 0 255 255 255 0 255 255 0 255 0 0 41 255 0 0 0 255 255 0 255 30
    133 0 0 255 255 0 255 255 238 255 250 255 158 255 0 0 255 0 0 0 0 0
    255 255 198 0 0 255 255 226 255 255 0 255 255 255 255 0 255 255 255
    0 0 255 0 255 0 255 255 255 255 222 255 255 0 0 0 224 255 255 97 255
    255 0 255 0 0 0 154 255 0 0 79 231 255 255 255 247 0 255 0 0 255 255
    176 0 0 255 255 255 164 255 0 255 255 25 217 0 27 0 0 255 255 255
    255 47 0 0 0 0 0 255 255 0 0 255 255 255 112 255 246 67 9 0 0 0 0 0
    255 255 255 255 0 0 0 175 255 255 255 0 0 0 255 255 191 144 0 0 255
    255 0 0 255 255 0 0 255 255 255 0 255 0 230 255 255 0 43 255 255 255
    0 0 0 255 255 255 0 255 234 0 0 0 255 95 255 0 43 157 255 0 0 0 255
    255 255 0 0 0 160 255 255 255 0 246 255 0 255 199 255 45 3 0 0 13
    255 255 0 0 8 255 255 255 255 0 5 0 255 0 255 255 0 0 0 55 255 255 0
    58 0 0 255 0 255 0 0 175 0 156 255 255 255 191 0 0 0 255 255 0 0 0
    167 255 0 255 255 255 26 142 27 0 255 255 255 83 0 0 255 255 0 255
    157 0 28 0 255 50 0 255 255 255 109 0 255 255 255 195 0 65 255 0 0
    255 255 255 0 255 255 255 255 1 255 0 255 255 255 0 0 156 255 57 75
    255 255 255 0 0 255 255 255 255 255 255 0 104 255 0 255 0 255 0 0 0
    255 0 255 255 255 154 0 255 0 190 255 255 0 0 255 147 205 0 255 0 0
    0 255 255 0 0 18 255 255 0 0 255 0 255 0 0 0 0 255 196 255 255 255 0
    181 0 255 0 255 255 0 204 0 0 255 0 255 0 255 0 255 202 0 255 255
    255 0 0 0 255 0 0 255 0 255 0 0 0 0 255 255 255 0 0 0 255 255 255
    255 255 0 145 231 106 0 0 0 255 255 187 255 0 0 47 255 0 84 0 255
    141 255 0 130 0 255 0 255 0 0 0 255 255 255 161 255 207 0 0 0 0 255
    255 255 255 0 255 82 255 163 0 0 0 255 255 0 208 255 0 255 0 108 86
    190 181 255 255 0 255 0 198 252 255 255 255 0 255 0 255 92 0 0 255
    255 0 0 0 255 255 255 0 242 0 0 0 255 0 62 0 255 135 255 0 7 255 255
    255 126 0 255 255 131 255 0 255 255 255 0 184 0 245 255 255 27 0 255
    0 2 0 255 255 255 255 255 255 255 0 0 255 255 82 0 0 24 0 0 255 255
    255 154 0 255 0 182 255 0 255 255 255 0 255 0 255 0 255 0 255 0 156
    255 255 66 255 0 0 0 164 255 255 255 0 0 255 255 255 255 0 0 0 212
    200 9 52 190 255 0 13 131 255 255 255 0 0 211 30 255 192 50 0 255 0
    255 0 255 0 255 0 0 82 152 156 0 0 0 0 0 255 255 255 104 0 214 255
    255 0 0 111 255 255 255 0 0 255 255 0 52 0 33 10 237 255 0 255 0 255
    0 255 0 0 0 0 255 0 255 0 0 73 165 0 255 255 0 255 0 255 255 3 255
    255 0 0 0 255 255 160 255 255 255 240 255 255 230 0 255 255 255 255
    0 255 0 188 0 255 0 255 68 147 179 0 75 255 0 255 255 255 0 0 0 0 0
    255 0 255 0 255 0 255 0 0 9 255 255 226 0 255 255 0 0 255 255 0 0 0
    65 251 0 0 0 0 255 255 255 0 255 196 0 0 255 255 255 255 255 0 0 0
    15 255 216 128 255 0 0 255 255 255 52 0 0 0 255 0 255 0 255 0 199 0
    255 255 104 0 255 255 255 0 0 255 0 255 71 255 0 0 255 0 0 0 255 0 0
    73 255 255 0 0 255 0 255 0 0 0 0 5 0 0 168 0 255 147 0 0 0 255 0 255
    0 255 173 3 0 0 255 0 0 255 255 255 116 0 255 0 28 0 255 0 255 0 255
    255 255 0 255 217 255 0 0 0 0 0 255 255 44 177 255 255 0 65 0 255
    255 0 0 0 255 215 0 255 255 255 0 76 0 255 255 255 0 40 254 255 0 18
    0 255 255 0 107 0 0 103 255 255 0 0 122 255 0 186 255 0 228 0 255
    255 255 255 0 255 255 255 0 255 0 255 0 255 0 255 0 0 255 255 255
    255 0 0 255 0 216 255 255 160 0 0 0 255 255 0 203 0 255 225 255 0
    255 0 0 0 255 0 255 0 255 0 0 0 255 255 0 255 0 255 177 255 255 253
    255 219 0 0 39 0 0 162 255 236 255 0 3 0 255 255 0 0 0 255 255 255 0
    128 0 0 255 255 63 61 0 255 0 255 0 172 89 0 255 255 255 255 0 255 0
    0 182 255 255 109 0 167 0 255 0 9 0 255 122 255 0 123 0 255 29 255 0
    255 56 156 164 185 0 0 255 0 255 255 255 255 75 152 0 0 255 255 255
    255 255 0 0 0 0 255 255 255 0 255 0 0 0 141 255 255 255 0 63 255 39
    0 255 255 255 255 255 0 255 160 255 0 255 176 0 0 255 0 255 0 255 0
    132 255 177 255 255 0 0 160 255 33 255 23 103 242 255 67 255 0 0 255
    255 196 90 0 255 0 255 0 0 255 0 255 0 0 255 255 15 0 0 0 255 0 0
    255 255 143 176 0 255 13 151 0 0 0 255 95 255 255 240 255 255 53 0
    255 0 255 255 0 119 255 83 255 255 255 216 255 255 255 0 0 38 255
    255 255 255 0 40 0 0 0 0 255 255 255 0 0 0 0 255 0 255 255 255 0 255
    0 255 0 150 255 255 0 243 65 255 0 255 255 255 0 255 0 255 255 63 0
    28 255 255 255 0 0 0 222 255 255 0 255 255 0 0 0 255 255 255 255 107
    255 0 255 255 67 0 170 0 23 255 0 73 0 0 255 0 255 0 255 255 0 255 0
    255 156 27 0 0 0 0 255 0 255 255 20 255 0 228 255 6 0 255 0 255 93
    89 99 255 0 255 255 19 46 0 122 0 255 0 210 95 255 255 0 0 12 251
    255 255 0 0 255 255 0 255 0 238 255 71 15 0 255 255 255 0 0 0 255
    255 114 0 0 255 255 29 28 255 54 255 0 0 255 0 255 0 150 0 255 0 0 0
    255 40 207 0 255 0 255 255 0 171 255 241 0 0 0 0 0 20 255 255 255 0
    0 0 255 0 255 0 255 0 0 255 255 255 0 174 0 255 82 0 169 2 145 0 0
    255 184 255 0 0 0 255 220 119 246 255 255 255 255 0 0 255 255 0 0 0
    0 255 0 255 96 0 255 255 0 0 0 255 126 200 255 0 0 118 250 255 0 0
    156 243 255 255 255 255 122 255 0 255 195 28 255 125 255 0 80 69 73
    0 0 52 0 0 194 255 202 0 13 192 13 0 0 0 0 255 255 0 0 111 0 0 0 0
    70 0 10 0 0 0 255 0 255 255 255 255 38 0 255 255 255 0 0 0 255 255
    255 0 0 111 255 203 139 255 255 0 250 255 255 255 213 0 0 255 255
    255 255 255 0 0 50 255 255 255 255 0 255 255 253 0 0 0 174 255 140
    255 0 0 255 206 60 0 211 0 0 0 0 255 0 255 0 255 51 0 255 48 106 255
    255 86 65 0 255 255 255 0 0 255 255 255 0 255 255 0 0 0 0 255 255
    255 125 0 0 74 255 255 0 114 226 255 255 255 0 255 90 245 0 75 190
    255 255 255 0 51 0 255 255 0 255 0 255 0 16 0 0 255 0 0 255 255 0 0
    0 255 46 255 255 255 0 255 255 146 0 0 0 0 0 147 0 255 255 229 255 0
    0 255 255 255 0 198 0 255 0 255 0 255 120 170 0 0 0 0 184 0 0 47 255
    255 0 0 255 15 255 81 76 0 255 0 0 0 221 255 0 211 252 255 0 255 0
    255 26 255 0 0 255 255 0 255 255 0 0 0 255 255 255 0 49 255 191 255
    0 255 0 0 0 171 0 66 255 0 84 0 0 0 0 0 44 255 255 255 255 0 255 0
    255 19 255 0 255 55 255 255 0 255 255 255 63 255 0 255 167 255 0 255
    0 255 255 255 0 0 188 255 0 0 0 255 58 255 152 87 0 0 140 255 255 0
    0 0 198 255 12 255 0 255 0 255 0 255 0 255 0 255 0 133 194 255 255 0
    0 0 255 255 0 0 0 255 255 255 0 0 0 0 255 255 95 242 7 100 0 0 0 0 0
    104 0 255 0 255 0 52 255 255 71 0 0 255 75 64 0 0 255 0 255 255 138
    0 255 0 0 0 255 255 54 255 173 54 0 0 255 255 255 248 0 0 0 255 0
    255 0 0 255 222 0 255 16 255 0 192 14 255 0 255 0 255 0 0 255 0 0
    255 255 0 255 255 255 255 0 3 0 0 255 0 255 0 0 255 0 0 255 255 0
    231 0 255 0 255 0 255 0 0 115 255 128 255 0 0 78 255 130 255 255 255
    0 32 0 0 0 103 214 0 255 0 76 76 0 171 255 0 255 0 255 255 53 255 0
    255 255 0 0 0 0 255 77 0 164 0 255 255 255 255 103 0 255 255 255 0 0
    126 255 255 255 0 0 0 255 0 0 0 226 255 0 27 0 255 0 255 0 255 0 0
    255 0 255 0 255 255 0 255 255 255 255 255 255 0 255 255 0 255 0 0
    127 255 0 255 255 255 255 255 255 7 40 255 0 0 255 0 255 44 122 0 0
    0 0 255 12 255 0 0 255 0 155 0 255 213 0 0 183 255 255 255 0 0 255 0
    250 249 255 255 255 211 0 0 243 255 16 38 0 255 255 141 0 182 255 0
    0 255 255 0 255 255 34 0 0 14 255 0 0 0 255 255 0 92 0 0 152 255 255
    255 131 255 0 0 255 255 0 0 0 0 255 0 255 0 0 0 132 255 255 255 0 0
    115 255 255 0 0 255 255 0 0 0 255 237 255 255 255 0 255 0 30 0 218
    96 255 255 0 0 255 70 198 255 255 0 255 0 0 0 133 181 255 255 246 0
    0 8 255 255 255 255 0 0 255 0 0 0 255 178 191 255 255 240 4 255 75 0
    255 255 255 0 0 103 0 0 255 131 23 16 255 123 0 0 255 255 0 0 0 0
    121 255 255 212 255 255 255 0 255 0 255 65 0 255 0 255 0 255 149 255
    255 0 0 0 255 255 12 81 0 51 255 253 0 255 255 255 0 0 0 255 0 0 255
    109 255 0 0 215 0 255 230 205 0 0 0 0 255 255 255 0 0 0 0 255 255
    218 0 255 255 0 0 0 255 0 124 0 0 0 0 255 255 255 219 176 255 0 255
    0 0 18 137 60 255 255 187 255 0 0 0 30 255 255 37 123 255 26 0 0 255
    0 255 170 0 255 0 255 0 0 0 0 255 255 0 0 0 255 255 0 255 0 255 0
    255 0 194 54 0 228 255 255 0 0 255 255 255 0 255 96 255 0 0 255 0 32
    0 46 255 255 255 127 0 0 0 255 0 255 255 145 255 255 255 0 49 255
    255 0 255 189 255 0 205 255 7 0 236 255 0 255 0 255 255 255 77 255 0
    0 255 0 255 0 255 255 255 0 163 0 255 247 255 0 255 255 0 87 0 255
    255 255 27 45 255 15 0 63 179 110 24 255 0 255 0 255 255 255 127 0
    255 0 0 0 255 255 255 0 0 0 0 255 0 0 255 255 255 0 255 105 255 255
    255 255 97 0 255 0 255 255 0 0 255 255 255 0 168 255 255 212 255 0
    117 0 0 255 255 255 94 255 0 0 0 255 0 160 0 255 104 0 0 255 0 14 0
    0 255 255 255 0 115 0 0 0 255 255 255 0 255 0 255 0 255 0 255 0 120
    255 0 255 0 255 0 255 0 50 255 0 255 226 249 6 0 255 255 255 194 255
    0 20 6 0 0 255 255 255 255 255 255 255 0 0 255 0 218 255 255 42 237
    255 255 182 240 101 0 0 0 255 255 255 0 0 236 0 255 0 0 0 255 255
    255 0 0 0 255 0 255 42 0 0 255 255 255 0 255 146 234 0 255 0 223 0
    255 0 255 0 255 255 210 255 0 255 0 189 255 255 0 0 255 0 255 0 0 0
    255 0 255 0 205 0 255 214 255 255 255 0 0 196 0 0 0 255 0 7 255 255
    0 255 0 255 43 255 0 18 0 0 49 0 255 0 255 255 255 227 255 218 0 0
    255 0 57 0 255 152 0 0 215 255 0 184 0 255 0 0 255 214 0 0 255 0 255
    53 255 0 173 0 255 0 255 0 0 255 255 195 0 255 0 255 0 255 29 255 0
    0 68 0 255 234 255 0 255 0 255 0 0 255 255 255 255 119 0 53 255 73
    255 0 210 255 255 70 179 171 255 0 0 0 255 0 255 0 255 255 255 0 0 0
    0 0 46 255 0 0 0 255 255 53 255 255 255 225 0 0 0 25 76 0 255 137
    255 255 0 0 255 0 0 0 239 255 132 181 255 173 255 0 0 0 255 255 164
    0 0 0 223 0 255 0 255 255 167 138 0 228 0 34 0 0 248 255 29 255 0 0
    244 255 0 103 0 194 0 85 0 255 0 255 255 255 0 255 0 96 255 255 255
    255 0 12 255 255 255 255 0 152 0 55 255 255 0 196 62 0 0 255 255 255
    0 255 0 135 101 255 255 0 79 255 255 0 255 240 141 0 105 255 0 161 0
    255 0 0 0 255 147 255 0 99 0 0 255 255 0 0 255 0 0 255 167 68 0 0
    255 255 255 0 255 0 255 0 255 0 255 0 0 222 213 91 255 255 0 255 255
    0 0 255 255 255 0 0 0 37 255 255 35 0 0 0 255 255 255 255 0 193 0 0
    0 255 0 0 0 0 255 255 236 0 0 0 0 255 0 0 0 255 0 255 136 255 255 0
    0 0 0 0 255 242 0 0 255 178 255 215 255 255 0 8 0 0 255 255 0 21 254
    255 255 0 0 0 0 255 2 0 0 0 142 0 0 255 255 177 0 255 0 255 0 117 0
    200 33 255 0 255 255 0 0 255 255 255 0 0 119 255 195 163 0 0 169 185
    255 0 96 0 0 0 255 255 255 0 0 86 255 255 255 255 255 0 0 0 255 37
    255 242 0 0 129 38 0 255 255 96 0 81 0 255 255 255 0 0 255 46 0 0
    182 255 255 161 255 255 0 0 235 255 0 255 0 203 255 255 0 83 0 255 0
    0 17 255 255 0 255 255 33 255 0 0 0 0 255 255 255 0 255 255 0 0 0
    255 0 255 255 0 0 0 0 255 240 44 255 0 0 0 255 255 255 106 0 0 0 255
    255 0 255 0 255 255 0 0 255 210 255 210 255 255 255 0 0 0 255 255
    255 93 185 49 0 255 255 255 0 25 219 255 255 0 255 0 236 0 199 255 0
    0 255 50 0 110 255 0 0 0 0 255 255 255 240 0 0 153 0 255 0 255 0 255
    0 0 0 0 0 255 240 226 255 0 255 255 255 185 85 0 255 235 255 0 0 255
    255 255 255 0 126 0 23 0 255 232 255 255 100 255 0 64 197 255 255 0
    255 0 255 255 0 0 255 255 255 255 180 244 0 0 255 0 255 255 172 0 0
    0 93 255 255 255 0 0 255 255 255 0 255 255 255 179 0 255 0 12 255 37
    0 255 210 160 255 0 255 0 251 0 255 255 255 0 0 0 255 255 255 255 0
    0 0 255 0 0 0 255 255 0 255 0 255 255 254 255 0 0 60 255 48 255 0 0
    0 235 113 255 255 0 0 0 0 0 255 255 255 88 255 255 0 0 0 255 122 0
    136 255 255 0 139 0 0 217 0 0 0 255 255 27 37 0 153 255 0 151 141
    255 255 255 0 255 0 255 255 67 0 0 255 255 255 255 104 0 41 223 255
    0 255 255 77 0 255 0 0 255 255 255 0 64 255 255 95 0 9 255 255 0 255
    0 255 0 232 236 255 0 0 93 0 0 0 255 255 255 255 0 0 22 0 255 72 0 0
    0 255 0 240 62 255 0 127 0 255 255 255 255 29 0 207 255 0 185 0 165
    0 13 0 32 0 255 255 156 0 198 0 0 195 255 255 43 0 255 0 255 0 0 0 0
    255 255 255 0 0 198 211 255 134 0 59 0 46 170 255 255 255 78 0 0 202
    255 220 154 255 255 255 255 156 255 255 0 110 186 224 0 255 255 255
    0 144 255 255 46 0 0 0 0 0 255 0 255 255 0 255 0 0 0 0 0 0 0 0 255
    255 255 255 0 0 0 0 0 146 210 255 0 0 0 0 255 255 255 0 255 0 0 0 98
    255 0 188 0 255 0 0 174 125 255 0 0 255 255 0 0 234 0 255 255 0 0
    102 147 255 0 0 7 0 0 255 255 255 0 139 0 255 255 148 0 255 121 0
    255 255 255 52 228 217 255 0 0 255 194 0 119 0 255 255 0 0 0 0 255
    255 255 255 221 255 0 162 0 255 0 255 254 255 0 255 255 0 215 255
    255 255 13 0 136 110 255 0 255 255 0 0 0 0 0 0 255 255 255 0 255 0
    255 255 255 0 255 0 255 0 255 255 255 0 43 255 255 255 255 29 0 0 0
    70 0 255 0 255 255 255 0 23 255 107 0 219 0 64 174 255 0 6 0 137 255
    167 255 226 255 0 255 0 255 255 0 0 113 255 0 255 182 0 32 0 255 255
    0 0 0 0 255 255 0 0 0 255 0 0 0 211 255 255 70 255 0 255 255 255 0
    255 0 255 73 255 0 255 22 255 54 255 255 255 0 116 15 255 255 0 0 0
    215 255 233 0 183 255 0 255 255 255 255 255 255 0 255 255 255 0 0
    255 0 250 0 255 0 255 0 0 255 30 255 0 172 255 255 0 0 255 0 255 0
    255 0 255 255 255 255 0 120 112 255 84 255 254 0 0 255 0 0 0 96 255
    255 255 203 255 255 199 255 0 3 0 0 255 0 255 0 255 119 0 0 107 0
    255 255 0 208 255 255 255 0 194 0 0 0 255 255 0 0 255 255 0 0 31 0
    255 0 0 0 255 255 255 0 0 0 255 255 255 0 163 255 255 0 0 0 0 0 255
    255 255 0 8 0 0 100 255 0 255 255 0 255 0 167 0 0 255 255 0 0 81 255
    255 255 185 225 0 70 0 187 255 252 0 52 0 255 255 0 227 105 255 0 0
    0 0 128 255 255 0 251 255 255 255 0 0 232 255 255 255 0 255 0 0 0
    187 255 255 0 208 0 255 255 255 0 0 255 255 0 0 0 0 255 255 255 255
    0 0 0 0 0 255 255 0 0 0 255 199 0 0 255 235 0 0 143 255 255 255 0
    103 0 98 0 70 255 255 255 255 255 0 0 255 255 0 0 255 168 0 0 255 59
    255 252 164 0 255 0 255 121 255 76 0 255 255 0 0 255 0 255 24 0 163
    255 0 255 255 255 0 0 0 0 208 255 0 0 255 255 255 255 255 255 0 255
    0 0 0 255 201 255 21 204 0 255 255 255 255 0 119 38 174 0 255 255
    255 0 0 0 0 0 255 255 255 73 56 0 0 255 255 0 166 255 0 30 0 255 255
    0 255 255 105 34 0 255 172 78 255 195 0 0 0 0 0 0 255 255 196 255
    255 255 0 255 69 255 0 255 209 255 0 0 25 0 255 255 0 0 255 255 255
    0 39 255 255 255 45 63 0 156 255 255 255 255 0 100 0 90 58 255 255 0
    0 255 255 255 0 25 0 255 255 24 255 54 255 255 255 32 0 255 160 0
    205 0 0 166 255 0 0 152 0 118 255 255 252 30 255 0 0 255 255 255 255
    66 0 255 41 173 255 255 255 0 255 125 17 0 0 255 0 255 255 255 0 0
    255 27 255 7 200 255 3 0 0 255 0 255 67 255 41 255 139 0 0 0 255 255
    0 0 0 0 80 0 255 255 255 0 50 255 0 226 255 141 255 0 205 0 255 0 48
    255 255 0 255 183 90 0 0 100 255 255 0 255 213 255 0 255 0 255 0 255
    255 0 100 255 255 201 0 0 227 255 255 255 255 0 0 0 255 174 255 255
    0 0 255 180 255 208 255 93 234 0 255 0 0 0 35 255 255 255 134 21 43
    255 207 0 0 0 255 121 214 0 255 0 255 255 0 17 0 255 0 202 0 0 153 0
    255 255 255 0 0 0 255 255 235 0 255 0 0 255 255 255 0 61 4 0 0 0 255
    255 255 199 255 0 0 146 255 187 0 0 0 0 255 255 198 0 0 32 255 0 255
    96 255 255 146 0 0 0 0 255 255 86 38 0 255 0 255 81 62 70 0 72 0 255
    255 89 112 0 196 0 0 49 255 173 0 0 255 99 0 0 0 164 0 40 255 255
    255 0 255 255 190 255 144 0 210 255 235 255 63 0 255 255 255 0 0 255
    255 0 0 255 98 255 0 0 0 255 255 0 0 0 255 255 255 148 255 0 203 0
    255 224 255 255 0 255 0 255 0 220 238 255 171 104 0 255 0 255 255 81
    0 255 0 0 0 255 255 213 186 0 255 255 199 0 255 178 255 39 255 88
    255 0 58 0 183 0 0 0 255 234 255 0 0 0 255 255 255 0 0 0 255 255 255
    255 255 0 237 0 255 0 255 0 255 0 255 255 255 0 176 255 255 8 255
    255 250 0 0 255 63 255 255 255 255 0 133 255 255 255 155 0 0 0 0 149
    255 0 0 255 209 255 47 83 0 255 255 255 0 99 0 126 69 255 255 255 0
    38 0 0 207 241 255 103 255 255 255 255 0 255 255 0 0 143 0 255 255
    137 0 230 43 101 255 255 0 0 255 0 255 120 0 0 255 0 12 0 0 53 255
    194 255 0 255 0 189 0 0 0 255 0 255 255 255 239 255 0 255 0 255 255
    255 255 255 255 0 255 155 108 0 255 255 255 255 255 0 179 255 255 0
    255 82 255 0 229 0 0 0 0 0 255 0 255 255 0 0 0 194 255 255 0 0 255
    255 110 0 0 0 255 160 255 0 255 0 255 0 255 0 0 0 0 255 255 0 0 255
    255 255 255 255 0 0 255 255 0 200 109 38 0 0 0 255 255 239 11 0 138
    0 255 0 0 255 255 213 0 0 17 0 196 255 255 255 0 0 255 255 255 0 0
    255 0 37 255 255 0 0 141 88 0 217 195 0 255 0 255 74 255 0 255 0 0
    162 255 0 163 0 255 255 255 255 0 255 255 12 0 69 62 0 255 0 0 0 132
    58 0 255 198 55 0 19 0 255 255 255 255 0 0 255 255 210 4 0 32 255
    255 255 157 255 88 255 0 0 255 255 255 255 0 0 255 255 0 0 0 250 15
    255 0 0 0 142 255 209 0 124 0 255 255 255 0 255 255 0 184 255 0 0 0
    169 255 66 0 255 142 237 61 131 0 0 255 255 255 145 10 255 255 255 0
    0 211 255 204 0 111 0 255 0 255 0 255 0 255 255 0 255 255 255 0 255
    0 241 0 255 0 0 255 255 0 0 0 6 0 236 0 0 255 255 255 0 255 0 0 255
    255 255 0 21 18 0 0 255 255 8 255 0 0 0 255 0 255 255 0 255 1 0 0 0
    255 0 255 0 164 255 0 255 255 0 0 60 85 0 0 255 0 255 0 255 255 255
    0 0 255 0 26 255 255 131 0 190 83 0 0 0 0 133 255 255 255 0 0 255 0
    255 0 255 255 0 0 255 255 204 255 0 255 0 0 0 255 140 121 255 0 255
    255 255 255 255 85 255 0 255 255 86 0 255 0 0 82 255 255 0 189 77
    139 255 111 38 0 159 255 255 0 0 0 0 138 0 255 255 255 0 255 255 255
    0 255 0 255 255 223 0 255 0 0 0 0 255 0 0 0 0 11 164 255 255 255 0 0
    147 255 0 255 0 255 255 109 192 0 217 255 0 0 0 255 255 255 146 88 0
    0 82 255 255 0 255 0 0 255 0 255 255 255 255 0 0 0 158 66 255 255 0
    0 0 255 255 255 233 150 64 0 0 255 255 115 255 0 88 0 255 255 255
    255 0 0 0 36 255 232 0 0 0 255 255 237 255 0 0 255 255 255 0 255 0
    160 255 255 0 255 255 255 255 17 0 0 147 29 0 69 255 255 83 0 0 255
    0 255 53 255 0 255 0 0 255 255 30 0 0 255 255 0 0 101 255 0 255 0
    255 255 75 11 0 255 255 255 0 0 255 197 255 240 0 255 22 255 0 255
    255 255 28 0 255 0 235 0 255 0 255 241 0 0 0 255 0 255 255 255 255 0
    255 0 0 0 255 136 255 255 0 0 0 255 8 255 0 255 0 255 0 255 255 0 0
    0 82 255 0 255 0 213 0 114 255 255 227 0 255 0 255 0 255 0 255 0 255
    255 255 0 149 0 255 255 255 0 255 0 0 0 0 255 0 237 0 181 255 0 255
    0 29 0 255 3 255 255 255 0 255 255 255 0 226 0 99 255 255 0 68 0 0 0
    255 255 255 0 0 0 0 0 0 255 0 255 108 255 0 255 0 0 0 0 255 255 255
    255 255 255 255 0 0 0 0 0 255 255 255 0 255 255 0 36 0 255 255 255 0
    255 79 125 0 255 51 255 255 35 0 2 255 255 255 255 245 0 0 0 0 0 255
    0 0 82 62 238 0 0 0 0 0 255 255 0 255 0 139 0 0 0 255 0 0 255 255 0
    0 255 144 0 0 255 34 0 255 255 0 12 0 255 255 255 0 0 0 255 255 169
    255 0 0 0 255 255 255 255 255 255 255 0 0 0 255 0 255 0 255 255 65
    255 0 255 0 255 0 255 255 0 0 0 0 0 109 255 255 43 0 54 244 0 0 0
    107 255 0 99 0 0 255 0 255 6 255 255 61 0 0 255 184 255 0 0 255 255
    0 255 0 187 255 255 255 0 255 255 255 0 0 0 255 255 227 255 255 0
    212 101 241 0 255 0 255 188 255 255 0 255 0 0 0 0 204 255 255 255 0
    255 0 0 0 249 94 255 0 153 255 0 255 113 255 0 255 0 255 0 255 0 0
    255 0 255 0 0 0 0 0 255 255 255 255 0 0 0 255 157 0 0 0 255 0 255 30
    0 255 0 0 137 255 255 255 88 0 0 0 255 255 255 255 255 0 255 0 255
    197 42 0 0 255 255 255 255 0 0 0 255 25 26 0 0 255 0 0 255 255 255 0
    0 255 0 255 0 255 0 0 255 244 255 0 4 97 0 0 0 255 255 255 0 255 0 0
    255 141 255 44 255 0 0 0 255 0 255 255 0 0 255 255 255 0 0 0 0 255 0
    255 255 255 255 255 255 0 0 255 255 0 0 0 255 199 0 255 237 255 0 80
    255 255 255 0 255 0 93 0 255 255 255 255 255 0 0 255 0 0 0 87 255 0
    0 0 255 255 0 255 185 182 255 255 0 0 0 255 255 133 255 0 0 0 0 0
    255 130 212 255 255 149 0 0 0 174 0 216 255 255 183 181 255 255 0
    255 255 255 0 0 0 0 255 255 255 0 0 0 255 255 255 68 0 255 255 0 0 0
    255 255 0 95 171 0 0 0 255 255 255 255 0 18 0 0 255 0 149 255 184
    255 0 255 255 255 0 127 206 2 255 0 255 117 72 110 255 0 0 0 0 40
    255 0 0 0 0 0 255 0 255 255 255 0 55 255 12 0 0 142 42 255 255 255 0
    42 141 0 57 255 255 255 0 90 0 81 0 0 255 0 255 0 0 218 55 255 255
    49 0 255 0 255 255 194 81 0 0 0 0 0 255 255 255 255 255 255 0 3 0
    255 0 255 0 87 0 255 126 0 255 174 255 219 0 0 136 255 0 0 0 0 0 255
    0 10 0 0 255 255 255 255 0 0 0 0 0 0 0 255 0 255 255 0 255 255 255
    255 255 255 83 255 211 55 0 255 50 255 0 75 0 255 255 114 0 0 0 255
    255 255 255 0 255 0 72 0 255 255 255 0 0 0 0 0 0 26 163 255 255 0
    255 255 255 255 0 21 0 255 255 255 0 0 0 0 36 0 0 0 234 0 255 255
    255 255 255 255 0 0 0 255 255 0 0 0 0 111 156 255 255 0 255 46 255 0
    242 76 0 0 255 255 0 0 255 230 255 255 255 17 255 0 0 0 255 0 0 0 0
    110 255 0 221 255 255 255 15 0 255 0 0 0 255 255 255 255 0 0 0 201
    255 0 255 0 255 0 255 0 0 255 255 149 255 34 255 0 255 0 218 255 0
    255 255 0 169 255 255 0 0 0 255 255 255 255 133 0 85 84 203 0 0 0
    167 0 255 0 255 255 0 0 0 0 255 176 58 13 255 255 118 0 255 0 0 0
    255 197 0 0 0 0 0 0 0 117 255 0 255 0 255 255 0 0 0 255 255 255 255
    18 0 255 255 255 41 0 255 255 255 213 0 0 8 0 255 188 255 113 0 0
    255 255 190 255 226 248 0 255 255 255 0 255 0 79 8 167 0 217 255 255
    255 255 255 0 0 19 255 0 0 237 0 0 0 255 255 255 255 0 91 173 255 0
    0 0 255 255 0 0 0 255 0 255 255 255 22 109 255 255 0 0 0 255 255 255
    213 0 255 255 0 255 255 85 0 0 255 255 255 0 255 0 255 255 255 255 0
    0 183 70 143 255 206 255 228 255 0 0 240 255 0 255 255 189 255 0 0 0
    210 0 255 0 0 82 172 255 0 255 0 0 255 255 0 255 73 152 197 212 0 0
    255 30 0 0 255 171 0 255 0 255 0 0 255 0 0 0 255 255 0 0 255 0 255
    255 0 255 45 255 0 255 255 255 0 0 0 0 255 0 190 255 0 255 255 180
    255 0 255 255 6 0 115 79 0 0 255 0 255 255 0 0 255 0 0 166 179 255
    255 255 0 0 0 255 231 0 255 0 255 255 255 0 0 0 255 183 255 0 255 0
    255 255 145 255 255 255 0 255 255 255 166 88 255 255 255 255 121 0 0
    132 255 255 0 0 255 0 255 0 34 0 0 255 255 0 255 0 255 0 80 0 0 255
    0 255 0 255 255 0 0 0 255 0 255 48 11 0 0 0 255 255 255 1 255 255
    255 0 255 0 255 0 255 0 53 0 0 255 0 176 0 85 0 0 0 255 0 0 255 255
    255 255 96 127 255 255 255 50 0 0 255 0 255 0 0 255 255 255 201 255
    0 0 0 143 0 255 255 255 0 255 255 194 0 0 2 0 255 255 255 223 255 0
    255 53 0 0 255 0 255 0 255 0 0 255 0 255 0 119 255 255 52 242 184 0
    0 0 255 244 0 255 255 62 0 0 255 255 255 255 255 0 0 255 255 0 0 255
    0 0 31 0 255 0 255 0 0 0 255 184 255 0 0 255 0 0 255 0 255 0 0 255
    97 255 255 255 0 0 117 255 0 0 0 255 255 255 255 116 0 255 255 0 255
    0 0 49 255 165 29 0 74 136 255 255 255 255 5 0 255 255 255 255 0 255
    15 0 255 255 204 0 105 0 137 0 124 0 255 0 255 57 0 255 0 255 0 0
    221 255 255 255 194 0 255 255 255 255 255 0 0 0 255 231 0 0 0 255 0
    255 255 255 255 255 0 223 255 191 255 48 0 0 0 255 0 255 0 255 255
    255 255 0 255 0 182 255 0 255 0 0 127 14 0 0 255 255 255 0 0 0 255
    255 255 0 0 255 255 172 0 255 30 255 0 255 66 255 255 255 0 0 7 0
    255 0 255 55 255 255 231 153 78 255 255 255 0 0 0 255 0 0 0 255 205
    255 129 255 226 0 255 0 83 255 255 0 35 123 255 238 255 161 95 0 0
    255 255 255 255 174 255 0 255 0 255 0 159 0 11 0 255 255 0 133 255
    255 0 255 69 0 255 255 255 0 40 210 5 255 0 255 255 34 255 0 0 0 0
    255 0 255 243 255 255 0 0 119 255 255 0 0 0 168 0 255 0 0 123 255
    255 0 255 0 0 255 255 0 0 254 255 20 148 0 255 0 0 255 255 0 255 255
    255 0 0 0 255 0 177 0 0 255 255 255 255 255 239 255 253 0 0 185 255
    255 0 64 0 255 0 255 255 255 0 130 0 0 205 0 255 255 255 89 255 255
    255 0 0 0 255 255 255 0 0 0 0 255 0 0 0 255 255 255 0 0 0 10 0 255
    255 0 0 255 255 0 0 0 255 0 218 21 255 0 0 144 255 255 0 0 0 0 189 0
    255 114 9 95 0 255 255 0 0 134 255 255 215 255 255 0 255 255 255 0
    255 255 0 0 0 255 0 118 255 98 255 0 208 255 255 81 255 161 0 47 0 0
    0 10 255 255 0 0 0 4 255 255 0 255 0 255 0 145 255 0 0 0 255 255 0
    148 0 255 66 255 0 118 252 22 0 167 255 0 240 0 0 0 0 255 255 0 146
    0 0 0 255 0 77 255 79 255 0 255 0 255 164 255 255 255 255 0 100 255
    0 27 0 0 76 255 54 0 101 255 0 255 0 207 0 255 255 0 0 0 189 255 255
    150 0 209 0 0 255 255 255 255 255 0 255 184 0 135 53 150 0 0 131 9
    255 178 0 255 8 255 255 255 255 255 0 0 104 255 26 255 0 255 255 255
    0 0 28 255 255 255 0 255 255 0 0 255 0 126 0 0 255 255 0 0 0 255 0 0
    0 255 255 0 255 255 255 0 0 255 0 118 178 0 0 0 255 0 255 0 0 0 23
    255 255 0 0 0 52 47 250 0 251 0 0 255 62 0 0 0 255 0 0 255 245 0 0
    54 255 186 0 0 255 255 239 255 0 215 0 0 255 255 0 59 77 255 255 247
    255 0 0 0 255 0 0 0 255 0 0 255 255 255 0 0 235 12 74 255 0 255 0 85
    0 0 255 0 255 162 255 0 191 255 255 201 0 0 0 5 255 253 255 0 255
    255 0 0 18 0 0 0 249 183 255 0 0 0 200 0 0 0 218 255 0 62 0 119 0
    255 255 255 0 255 0 201 255 255 0 79 244 255 47 0 255 115 255 0 0 0
    255 0 0 0 255 255 209 95 98 0 0 255 255 0 0 0 255 167 0 148 255 0
    148 255 255 48 255 0 0 255 228 255 0 255 255 255 0 0 0 152 255 0 255
    255 0 255 0 255 255 0 255 0 255 220 255 255 180 255 255 0 0 127 255
    0 0 0 255 0 142 125 255 0 255 0 255 148 0 255 0 187 0 0 0 0 255 255
    124 255 0 0 255 255 0 144 0 255 36 40 0 255 255 255 0 0 0 255 0 255
    255 251 0 0 255 0 0 188 255 0 0 255 0 0 0 255 0 78 255 255 0 0 255
    255 0 0 0 255 255 0 0 0 255 0 0 0 64 0 0 0 255 255 38 0 0 0 0 0 255
    0 0 0 255 255 255 0 255 0 60 0 255 255 77 0 43 0 255 0 255 0 0 0 255
    124 255 255 0 0 0 16 255 0 0 16 255 0 255 0 130 255 0 64 0 255 255
    255 255 0 0 0 121 0 0 255 255 255 0 0 0 0 255 255 138 0 0 0 255 235
    255 255 255 0 76 255 255 0 0 255 129 255 255 142 0 0 255 255 255 255
    0 0 0 255 215 255 0 255 255 255 0 77 255 255 255 18 255 251 133 0 45
    106 197 255 0 9 0 0 255 255 0 255 255 255 255 0 255 113 255 255 0 0
    0 255 255 0 13 255 255 170 0 0 249 172 74 0 255 79 0 0 0 0 255 243
    255 255 0 255 0 255 254 255 255 255 134 0 0 44 255 0 255 255 0 0 0
    255 255 0 0 0 255 0 0 255 70 255 221 22 255 0 1 255 255 255 255 255
    0 0 0 255 206 255 255 255 255 100 255 0 255 0 255 255 255 0 0 12 255
    0 211 255 255 229 255 255 255 0 0 0 255 0 255 87 255 0 255 165 255 0
    255 255 255 255 175 255 0 0 0 28 0 77 255 255 255 0 0 66 0 255 164
    166 62 255 0 49 0 255 70 255 0 47 0 255 0 255 218 132 0 255 0 30 0 0
    255 78 255 0 0 0 0 255 192 0 0 255 255 160 255 18 255 115 255 0 0 0
    255 0 0 255 0 190 255 255 0 0 0 0 255 0 255 255 191 255 0 255 255
    255 0 255 208 0 91 255 255 98 0 24 255 255 58 255 255 0 0 12 23 255
    255 255 0 255 0 255 255 255 177 0 0 0 250 0 61 85 117 0 255 255 255
    255 0 70 0 0 0 119 255 0 255 0 255 255 255 255 0 255 0 0 0 255 20 51
    58 0 255 0 255 0 0 90 255 255 255 0 0 0 166 255 255 255 255 255 255
    65 125 0 255 0 255 0 255 0 0 255 0 92 255 255 15 255 0 255 0 185 255
    146 133 0 0 0 255 0 255 97 255 0 255 0 0 0 255 0 255 255 255 0 255 0
    0 0 0 0 255 255 255 0 0 89 255 255 0 54 0 255 251 255 255 255 0 0
    255 142 87 0 255 176 0 0 0 159 0 255 255 154 255 0 130 255 255 255
    255 229 255 103 0 255 0 255 135 139 0 255 255 112 0 0 145 245 255 12
    171 0 255 255 255 0 0 0 255 255 0 208 0 255 255 0 9 137 255 255 0
    255 0 255 0 75 0 255 166 26 255 255 0 0 74 255 75 1 255 161 255 0
    255 0 255 0 255 255 0 0 143 255 255 255 49 0 0 0 255 255 255 255 0 0
    0 255 74 39 255 255 16 0 0 0 0 0 81 58 255 0 0 255 255 255 0 255 247
    255 0 0 0 255 255 10 0 255 255 0 80 39 255 249 255 142 0 24 0 255 0
    255 238 255 255 0 126 255 255 0 0 0 255 255 255 0 255 0 255 0 0 0
    255 255 255 255 241 255 0 0 0 255 107 2 0 255 24 255 0 0 0 255 0 0 0
    0 98 255 255 255 0 255 88 0 0 194 0 56 189 255 0 255 73 255 0 231
    253 167 3 255 255 66 255 0 0 255 120 78 1 0 255 255 255 0 0 0 255
    255 0 255 0 0 0 255 0 72 0 255 0 252 0 195 0 255 255 41 0 0 255 0
    255 0 255 0 71 0 255 255 255 255 142 0 0 158 255 255 255 0 255 255
    255 189 255 255 0 0 0 255 0 255 255 255 0 0 255 255 255 0 106 0 41 0
    4 242 255 0 255 255 255 208 0 255 21 0 136 255 255 255 0 240 53 255
    0 145 0 255 248 255 255 255 114 255 0 255 0 0 255 0 0 0 0 255 229
    255 0 255 0 255 0 32 255 0 255 21 255 213 0 0 0 0 255 255 255 0 0
    221 255 132 0 170 0 53 255 255 0 0 0 102 255 255 0 0 225 239 121 228
    255 0 0 0 255 0 255 0 255 255 46 0 0 0 0 255 255 255 226 0 84 10 255
    0 0 0 255 0 255 255 255 0 0 0 255 0 5 0 255 239 247 0 255 255 255
    209 0 255 0 255 255 255 0 0 0 171 255 193 0 255 0 255 255 0 0 255
    209 212 0 255 182 255 159 133 255 255 0 227 0 255 255 255 255 0 0 0
    0 0 255 255 255 35 0 92 0 255 0 20 0 255 0 0 0 255 186 255 200 0 0 0
    0 253 255 242 0 0 222 0 255 255 0 127 255 255 0 0 0 119 0 255 0 255
    169 255 0 255 0 255 0 255 0 255 0 45 0 255 255 0 0 0 0 255 255 96
    255 205 255 0 255 255 234 177 32 0 0 0 255 95 255 0 255 255 255 0 0
    0 40 0 0 0 235 255 224 0 255 255 255 0 0 247 255 0 255 255 233 0 0
    255 163 255 0 255 171 255 0 0 255 30 199 158 255 255 255 123 0 255 0
    0 255 255 255 255 255 123 0 0 0 255 255 255 255 0 0 0 0 255 0 255 0
    255 255 0 0 255 255 255 0 0 255 0 255 0 70 255 0 0 0 255 0 255 0 255
    211 255 255 0 115 0 0 0 0 0 0 255 198 255 110 255 255 0 0 164 255 0
    255 255 0 0 255 255 255 255 255 0 255 0 0 0 0 255 0 119 255 0 255 99
    255 34 175 0 0 0 255 255 255 77 255 67 255 255 214 188 0 0 72 255
    255 0 0 255 22 186 255 0 0 255 255 0 0 255 255 0 0 255 0 255 255 0 0
    255 0 255 255 0 0 255 109 255 255 255 0 32 0 0 174 0 0 0 0 255 0 0 0
    0 255 255 255 0 0 111 0 105 0 99 0 140 106 255 53 0 255 0 0 255 255
    0 255 0 207 0 255 255 255 0 1 0 255 154 255 255 255 0 172 23 23 0 37
    0 255 131 255 255 255 0 0 3 255 255 0 255 0 80 255 255 255 255 0 255
    0 255 255 255 255 72 0 0 255 255 255 255 0 154 0 255 47 255 255 21 0
    0 255 255 144 0 127 255 255 255 255 255 0 250 0 74 0 0 0 0 0 255 255
    255 0 255 255 0 0 0 255 0 255 255 0 255 0 255 255 218 156 0 0 255
    255 255 255 255 0 0 255 255 255 0 255 0 0 0 255 255 0 255 0 255 0 0
    0 23 0 75 255 255 255 0 255 0 255 0 0 0 0 0 255 125 255 0 0 134 0
    255 255 255 0 255 24 255 255 255 255 0 0 0 255 255 255 0 0 255 93
    255 255 255 0 255 0 0 0 224 255 255 228 0 0 0 255 255 0 0 0 255 255
    255 255 0 255 0 255 0 255 0 0 0 0 255 255 255 0 0 0 0 255 255 255 0
    0 0 0 255 255 255 0 255 0 0 255 255 255 0 0 255 255 255 255 0 0 0
    255 0 24 0 0 255 0 0 0 255 255 0 255 255 255 0 0 0 0 0 255 255 255 0
    0 0 0 254 240 255 0 255 102 255 255 255 0 255 0 255 255 255 0 255 0
    255 0 255 86 21 135 0 255 255 160 0 114 0 255 0 0 255 0 158 0 255
    208 0 0 0 192 0 255 255 255 0 0 0 114 255 255 0 255 72 154 88 255
    255 0 172 0 255 255 0 255 0 255 0 0 0 0 255 0 255 234 255 0 255 0 0
    0 0 255 0 0 0 255 0 255 114 92 0 255 255 255 0 66 0 255 255 255 0
    255 0 0 0 255 0 207 255 64 0 121 0 255 0 0 255 255 0 0 140 255 255
    255 0 255 0 255 0 255 255 185 95 0 255 0 255 0 255 255 255 255 255
    187 255 0 0 153 90 255 0 255 0 255 86 102 255 255 0 111 255 123 0
    226 255 0 255 0 0 0 0 255 0 255 0 255 0 0 55 255 255 255 0 0 39 31
    255 246 255 0 33 255 0 41 0 255 0 0 249 0 0 0 0 255 143 255 12 0 0
    255 255 49 0 0 2 174 212 0 246 0 255 0 255 132 203 0 255 0 255 255 0
    0 125 255 255 11 255 23 255 0 255 0 0 0 255 92 255 255 88 0 96 0 255
    4 255 0 0 255 255 255 0 0 0 126 255 0 255 0 255 0 0 255 255 0 0 82
    255 0 255 0 255 0 0 255 150 255 255 0 0 15 59 255 28 255 0 0 255 255
    0 0 0 255 255 0 0 0 0 20 255 226 255 0 0 0 0 255 210 255 0 0 255 0 0
    0 0 255 123 255 0 255 0 255 0 255 255 255 0 0 0 255 65 23 255 0 255
    0 0 255 0 255 0 0 207 255 255 0 255 0 0 80 0 0 0 255 255 255 255 149
    0 0 255 255 255 98 0 255 0 255 0 255 0 255 218 255 0 255 255 255 255
    221 0 0 233 133 0 0 47 255 206 255 255 0 56 80 21 0 135 30 0 255 0
    181 0 208 255 255 255 255 15 0 0 255 0 0 0 117 255 255 151 0 255 183
    59 255 255 0 82 0 255 0 255 255 255 0 255 255 242 0 255 0 255 0 0 0
    0 97 0 255 105 109 136 0 255 255 0 93 255 112 0 0 255 255 0 255 255
    255 0 0 108 0 0 255 0 87 0 255 255 0 255 77 255 157 255 0 255 255
    154 0 255 0 255 0 0 0 0 255 255 255 255 163 174 0 0 204 255 255 255
    255 66 168 0 0 0 210 0 255 255 56 0 127 255 255 255 0 0 0 0 0 255 19
    247 255 0 0 255 255 255 255 255 0 0 0 23 255 0 255 0 0 0 90 0 0 255
    255 255 255 0 0 255 255 255 0 255 255 0 0 0 255 0 0 255 0 255 154
    255 16 255 0 255 0 0 0 255 0 255 255 0 51 176 132 60 0 255 105 0 0 0
    255 255 255 7 0 0 9 67 0 255 255 9 0 255 255 255 255 0 255 255 255
    16 0 0 0 0 252 255 255 255 0 255 255 255 0 255 0 255 0 255 0 255 255
    0 0 255 255 0 0 255 210 0 0 255 250 255 138 0 0 255 125 255 214 179
    0 0 182 0 93 77 255 251 255 0 5 255 255 255 0 255 136 255 0 0 83 176
    255 40 255 0 255 30 255 0 255 123 0 0 5 0 255 0 255 255 95 188 0 190
    255 255 255 0 0 0 255 0 80 255 255 0 0 0 255 0 83 58 0 255 255 255
    255 0 0 103 255 255 0 141 255 0 0 0 0 255 255 0 255 53 239 255 0 255
    255 255 255 0 0 0 0 255 255 0 0 101 255 0 0 0 255 255 0 0 0 255 255
    0 0 0 255 23 0 0 0 255 255 255 26 54 208 255 255 0 255 203 255 255
    255 0 0 255 255 255 0 0 255 255 156 0 0 255 255 0 164 243 0 255 0 0
    0 0 32 0 255 0 255 66 255 0 135 91 255 0 229 0 255 255 221 0 46 0
    255 0 255 255 211 255 239 255 120 255 255 0 0 0 61 255 0 0 255 228
    69 255 0 0 82 255 255 0 255 255 0 126 0 255 255 138 183 0 0 0 0 157
    0 0 255 0 255 255 0 255 0 255 0 0 0 255 255 0 255 0 0 0 255 0 0 0
    163 0 219 255 255 255 0 255 0 255 140 255 0 115 0 0 255 255 0 0 160
    0 0 0 255 255 255 20 255 255 255 255 255 28 0 255 255 255 254 0 0 0
    129 0 255 0 255 255 0 255 0 95 255 255 255 255 0 0 255 0 255 255 255
    0 0 0 0 144 255 255 255 0 255 0 255 0 255 255 0 255 255 0 255 0 113
    41 255 0 0 255 0 255 221 255 0 255 255 255 0 255 0 0 255 0 255 255
    129 0 0 0 169 255 0 0 228 255 55 255 255 255 255 0 255 0 255 255 0 0
    255 255 161 0 255 0 255 0 255 0 255 159 255 0 13 206 0 255 0 104 255
    255 255 0 0 104 255 255 0 0 0 255 255 56 255 0 255 0 0 0 255 255 0
    113 255 255 0 209 0 255 0 173 119 255 212 255 38 255 255 34 0 117 0
    255 214 255 0 0 63 0 255 0 31 35 0 0 0 255 255 255 255 255 255 0 255
    110 255 193 255 0 0 255 255 0 0 255 0 255 0 0 255 194 255 118 0 255
    255 255 0 0 215 0 255 255 0 0 0 0 0 219 255 0 255 255 255 255 0 16 2
    255 0 255 0 255 0 255 0 255 0 0 255 255 255 247 0 255 0 103 0 255
    255 27 0 70 165 255 255 0 0 255 73 0 255 255 255 255 255 136 0 0 255
    255 0 255 255 0 255 0 255 255 255 0 197 0 0 255 0 255 0 0 255 0 255
    0 255 255 255 255 239 21 255 255 122 0 255 255 255 0 119 255 255 0
    255 0 255 0 255 0 0 0 255 255 255 76 255 193 255 0 255 255 255 0 0 0
    255 255 0 255 40 255 197 255 0 0 0 255 255 255 255 0 0 81 255 255 0
    0 0 253 0 240 0 255 255 255 255 255 255 79 0 255 255 0 255 255 36 0
    106 0 255 32 0 255 0 0 0 255 255 255 255 0 0 0 231 255 255 172 137 0
    255 0 67 255 0 52 255 255 255 255 0 183 0 0 255 0 255 204 255 255 0
    0 255 0 0 0 255 77 255 255 201 255 255 255 255 106 0 93 0 255 0 72
    161 255 255 0 255 60 0 0 255 0 0 0 255 49 246 0 28 255 0 255 0 255
    255 0 0 0 204 0 255 0 255 203 0 255 255 255 255 255 255 0 0 255 255
    0 0 255 255 240 0 0 255 255 255 0 0 0 133 193 255 220 255 0 0 255
    255 246 0 255 0 0 0 255 0 209 255 0 0 37 255 59 255 0 48 0 255 87 0
    255 255 0 86 255 0 0 0 255 189 255 102 77 0 255 151 224 13 255 255 0
    0 255 255 255 0 243 0 0 187 255 244 108 255 0 0 0 0 201 255 255 176
    0 16 207 255 255 255 0 255 255 255 255 0 255 255 0 0 123 233 0 255
    255 241 0 0 0 255 0 255 0 255 0 255 0 255 255 255 255 255 255 255
    202 255 255 255 255 0 0 0 255 255 255 0 0 255 0 255 255 255 236 255
    0 255 0 255 255 255 0 0 0 0 0 0 255 0 105 216 0 0 0 255 255 255 0 0
    0 255 255 0 255 0 255 113 255 0 0 0 0 0 255 255 255 0 255 0 255 255
    0 0 77 0 0 0 0 180 0 0 255 189 75 198 255 255 255 0 0 0 255 217 255
    0 255 206 0 0 0 255 255 0 251 0 73 250 255 255 255 255 181 0 0 0 255
    219 191 255 0 255 0 255 150 255 255 0 255 0 219 0 255 255 255 255
    255 255 0 0 255 255 255 24 255 0 20 34 0 54 0 255 255 255 0 255 0 0
    255 255 221 255 0 216 42 0 0 0 0 160 255 191 0 0 0 106 122 196 207
    255 255 34 0 0 0 0 70 255 255 0 255 0 194 255 255 0 255 255 255 255
    0 0 0 0 0 104 255 0 255 0 255 0 255 45 0 252 0 50 255 0 255 0 227 25
    255 255 0 95 0 178 0 0 255 0 255 255 0 135 0 255 22 0 0 255 0 255 0
    255 0 200 0 255 0 255 255 102 0 0 255 255 0 0 0 255 232 0 255 0 242
    100 139 255 255 0 0 0 255 0 255 255 255 255 255 255 255 0 255 255 0
    100 55 141 0 255 0 255 9 0 0 0 255 255 0 255 217 6 93 255 255 97 50
    0 255 96 255 7 38 0 0 255 0 0 0 255 255 255 255 255 252 216 0 255
    255 0 0 0 255 178 255 0 255 0 0 0 255 255 0 0 255 0 0 0 0 159 255 0
    121 0 0 255 255 255 0 75 0 250 0 255 0 255 71 4 255 0 0 0 63 255 255
    255 70 43 255 122 255 107 255 0 255 255 255 255 0 0 0 27 0 229 4 255
    0 255 0 0 255 0 0 177 0 102 0 255 255 255 255 255 0 0 52 255 89 0
    255 255 0 49 25 0 0 236 0 255 0 255 0 0 0 0 255 255 0 255 255 0 0 0
    255 255 181 0 245 255 255 255 186 0 255 0 255 0 0 0 255 0 255 0 0 0
    255 255 0 255 255 0 140 0 255 0 255 0 255 0 87 255 232 0 48 255 255
    0 0 0 0 0 255 255 255 255 255 0 47 0 7 88 0 0 0 255 255 255 0 255 0
    0 0 255 255 255 255 0 0 255 185 255 0 0 201 255 0 0 0 255 193 255
    255 0 0 0 0 0 0 0 0 0 255 75 255 0 255 0 255 0 255 150 255 18 0 0 0
    255 0 255 255 122 0 255 0 255 0 255 0 0 0 0 255 0 0 0 248 0 255 110
    32 0 131 45 255 255 255 0 255 37 0 255 0 0 0 255 0 255 0 255 0 255 0
    255 160 255 255 0 196 0 255 0 255 0 255 193 221 62 255 255 255 0 255
    255 213 0 90 255 255 0 0 0 0 0 255 0 12 0 0 168 0 57 255 255 0 54
    233 0 255 255 255 0 255 0 51 0 255 0 255 255 255 42 129 0 0 0 101
    255 0 115 0 255 8 255 255 185 78 0 255 255 255 0 0 0 255 255 255 255
    0 255 0 0 0 255 255 255 0 255 0 255 0 0 255 255 0 255 255 255 87 140
    255 67 0 0 255 0 0 0 255 255 0 196 0 255 142 255 14 0 0 255 0 255 0
    255 115 255 95 0 0 0 255 0 255 255 255 0 244 255 0 255 0 252 0 0 255
    0 255 0 255 255 255 255 0 255 255 255 0 0 0 0 255 0 156 0 255 0 255
    0 255 255 0 0 0 255 208 255 255 255 0 255 198 0 255 0 255 45 155 0
    112 255 255 255 0 0 255 255 13 0 6 255 255 156 0 0 56 100 0 0 255
    103 82 0 255 0 255 234 255 0 255 255 255 0 0 255 0 255 0 255 255 34
    72 255 255 36 255 255 255 0 0 255 255 0 0 0 255 255 255 255 255 255
    0 0 0 0 255 255 227 0 0 255 255 48 0 105 0 255 0 139 0 255 0 0 255 0
    255 0 75 255 237 255 209 0 0 255 67 255 0 255 255 0 0 0 66 255 255
    255 0 0 255 255 0 0 255 255 86 0 160 209 53 0 255 0 0 0 255 43 255 0
    255 226 251 0 255 255 255 0 0 0 255 148 255 255 0 255 0 0 0 255 197
    255 0 223 141 255 0 255 0 255 0 0 113 255 255 255 0 0 255 255 255
    255 249 255 0 190 0 0 255 255 0 0 255 255 255 0 255 0 255 0 255 0
    190 0 255 40 0 202 53 255 0 255 0 111 255 0 0 117 3 255 255 0 91 61
    255 255 255 255 255 0 37 0 0 0 255 64 255 64 149 0 0 254 255 0 0 0
    255 0 53 255 255 0 0 255 255 255 255 0 0 0 0 255 255 255 255 0 0 0 0
    255 255 255 0 0 0 61 255 255 255 0 0 0 255 255 255 191 255 16 0 10
    228 0 255 135 0 0 255 0 0 255 255 0 0 0 255 255 0 0 194 95 0 255 0
    255 0 255 0 255 0 255 255 255 0 0 0 255 255 255 174 0 240 255 255
    255 0 0 255 71 139 255 0 0 217 255 255 0 255 42 255 0 72 0 255 79
    255 0 255 0 0 0 253 177 0 114 0 0 0 255 79 0 0 255 65 0 255 18 60 0
    0 0 255 255 255 255 180 0 149 255 0 0 0 0 0 0 255 255 0 0 15 255 106
    0 0 255 0 255 0 255 27 255 0 73 255 239 0 255 0 0 255 2 0 255 255
    255 0 255 0 255 0 255 225 255 0 223 0 255 0 110 255 235 0 0 0 255 0
    95 0 255 0 255 0 0 0 0 255 255 255 177 255 255 250 60 54 255 255 14
    0 255 12 255 255 178 0 0 255 255 0 198 0 255 0 255 0 255 236 255 0 0
    0 0 250 0 255 14 255 255 0 0 0 255 255 0 0 0 255 0 255 255 255 0 0
    255 51 255 0 255 0 255 0 55 0 255 224 0 0 0 0 255 0 42 64 180 255 0
    255 255 255 0 255 0 0 240 255 0 0 89 202 255 255 255 0 255 0 255 0
    255 255 255 11 0 0 72 103 255 92 99 44 0 255 205 255 0 0 0 255 255
    255 255 0 0 255 0 255 19 255 0 0 173 0 255 255 255 255 102 2 0 106 0
    0 173 255 255 0 81 0 0 11 255 0 255 0 255 255 255 0 255 238 0 255 0
    255 255 247 17 255 0 255 0 0 0 0 255 255 0 0 255 255 255 0 0 255 255
    255 0 0 255 0 59 255 255 241 0 0 255 255 0 0 93 0 0 0 164 0 0 0 255
    80 0 68 0 58 255 255 0 0 0 0 0 255 0 0 151 255 127 255 0 255 0 0 255
    0 255 255 253 0 0 255 255 248 0 14 0 255 0 0 0 255 255 5 255 255 0 0
    182 255 59 255 0 0 255 0 255 255 255 0 0 0 41 255 0 12 255 0 245 255
    0 0 13 255 245 255 11 255 0 0 0 255 0 255 0 0 255 255 255 104 168 0
    255 0 255 0 152 0 0 255 0 160 0 0 68 255 255 0 255 0 255 0 0 0 255
    255 98 255 73 0 0 0 88 0 255 255 255 124 255 255 0 241 255 0 194 0
    255 0 255 78 228 0 94 0 0 0 255 255 255 255 255 218 0 0 0 0 104 0
    255 0 255 0 168 0 255 0 255 0 255 4 255 182 0 0 255 255 255 0 255
    255 64 0 2 196 255 255 0 0 255 255 255 0 255 255 0 0 0 0 108 4 255
    255 0 0 0 0 255 0 52 0 0 255 255 140 0 0 255 255 0 0 0 0 255 0 255
    255 255 166 0 0 112 233 48 0 255 255 255 86 22 0 206 0 255 25 0 7 0
    0 134 255 255 0 0 111 0 0 0 255 0 255 0 255 0 21 180 87 255 0 255 0
    221 0 0 0 207 255 32 255 0 247 0 255 0 0 0 255 255 255 0 255 255 0
    255 26 0 255 152 0 255 0 0 40 0 251 255 0 0 0 255 255 255 255 255
    255 0 0 0 171 255 255 255 0 0 241 0 255 0 255 0 0 255 0 65 255 99
    255 173 0 0 66 255 172 255 255 255 0 255 0 255 0 0 0 0 0 255 255 0 0
    255 0 255 0 255 113 255 18 0 0 2 213 255 255 156 255 0 255 255 0 0 0
    0 0 255 255 255 0 0 63 255 0 0 255 255 0 32 0 255 255 255 255 0 255
    0 255 255 255 255 0 0 0 255 255 70 255 0 159 0 31 0 0 255 255 255
    255 0 0 0 0 0 172 255 0 255 255 80 255 0 145 255 238 0 0 0 255 255
    36 0 0 0 0 255 129 36 95 0 255 139 255 133 0 0 255 0 0 0 64 255 255
    255 143 102 175 255 0 186 255 0 0 167 255 255 0 0 0 255 190 255 255
    0 0 117 255 255 255 255 0 0 43 0 255 255 255 0 255 242 255 0 255 0
    255 255 255 0 84 0 255 255 255 255 0 0 7 255 0 0 255 0 255 0 51 255
    0 255 0 255 142 253 0 0 251 0 0 255 0 255 0 121 255 255 0 0 48 81
    255 255 255 255 255 0 0 0 0 0 255 255 0 0 0 255 211 0 255 255 178 0
    0 0 255 255 0 120 0 255 255 0 255 255 255 224 255 255 194 158 0 255
    0 149 0 255 255 255 255 0 113 201 255 0 0 253 0 0 0 255 255 255 49
    222 0 111 255 255 255 0 0 0 255 140 255 0 0 0 255 255 120 0 255 60 0
    0 255 101 226 0 138 0 52 255 255 30 255 255 255 0 0 0 177 25 213 0
    255 255 88 121 98 0 214 0 255 255 0 0 0 0 255 255 255 0 0 0 255 126
    0 0 0 255 0 0 234 54 0 255 208 81 0 255 0 0 0 13 0 0 255 0 255 0 255
    255 228 255 0 0 0 255 0 0 255 255 255 0 255 0 0 0 255 255 0 0 0 255
    0 255 255 255 191 0 0 24 255 138 255 0 145 0 255 255 255 0 240 0 255
    113 255 0 0 0 255 0 0 124 227 81 0 0 255 255 255 255 0 0 255 255 255
    0 0 0 255 255 115 14 255 255 0 114 110 255 165 118 0 255 0 255 195 0
    255 255 0 0 133 255 255 0 0 255 255 255 255 255 255 226 0 0 0 182
    255 217 0 0 0 255 0 210 1 255 198 255 0 0 105 255 0 143 0 255 0 255
    0 255 255 255 0 0 0 255 0 0 255 243 0 255 255 255 0 0 255 255 249 0
    0 255 255 255 0 255 255 255 0 255 0 255 255 50 255 0 0 0 255 43 0 0
    255 84 255 0 0 167 255 0 255 0 255 0 255 180 186 0 255 0 0 0 0 0 255
    255 255 255 255 51 0 19 142 255 255 255 0 0 0 47 0 0 255 255 255 0 0
    0 255 0 0 0 255 0 255 0 255 255 184 101 0 255 0 255 0 194 255 0 248
    0 255 255 255 0 11 255 112 0 255 31 160 128 77 0 0 255 0 148 0 255 0
    255 0 255 0 226 255 255 255 255 0 255 0 255 255 0 255 0 116 255 255
    0 0 127 255 146 0 0 9 236 255 255 172 17 255 255 0 64 87 255 255 0
    255 255 63 255 255 127 255 0 104 224 255 44 255 0 117 255 255 0 0
    255 0 255 0 204 155 0 255 0 99 0 255 85 255 0 0 255 26 0 0 255 255 0
    0 21 255 0 160 0 255 0 255 153 0 255 0 255 0 255 255 0 0 0 255 0 0
    255 255 255 128 0 0 0 0 255 0 255 28 255 21 0 0 255 165 255 0 255
    255 0 255 0 255 57 0 0 71 0 0 255 0 0 0 7 0 255 0 255 255 255 255
    255 0 0 0 237 176 255 255 147 135 0 0 0 0 0 0 255 255 255 255 0 0
    255 0 0 255 0 255 255 0 80 99 255 0 0 37 255 0 51 255 233 37 45 255
    255 81 255 255 255 0 255 0 0 0 0 255 0 0 129 255 255 0 0 184 255 0
    255 81 255 0 0 56 255 0 0 0 255 255 255 0 248 230 90 255 0 0 0 72
    255 176 179 255 0 250 0 245 0 0 255 0 255 255 255 255 255 17 0 21
    255 150 255 0 139 255 255 255 255 0 255 0 0 255 0 255 250 0 255 0
    255 0 255 255 47 243 49 255 0 0 189 255 229 0 0 0 255 0 255 255 255
    0 0 255 255 60 255 0 0 0 0 176 0 0 255 255 255 0 38 255 0 185 0 255
    0 255 0 144 255 0 255 0 0 0 255 255 0 0 68 255 0 0 255 255 179 255
    255 0 0 0 111 255 0 255 255 255 69 183 0 0 112 255 255 255 0 0 0 255
    255 222 0 0 35 255 255 19 255 255 80 0 246 255 17 255 255 0 0 0 0 0
    0 0 0 166 255 0 255 255 255 88 255 0 0 128 255 255 0 255 0 255 255 0
    0 0 255 255 255 255 81 0 255 0 145 255 255 255 255 0 0 0 255 255 0
    194 232 255 255 150 255 255 255 0 96 0 255 255 255 0 0 0 0 255 0 188
    255 0 255 156 0 255 255 0 0 45 255 255 255 0 86 0 16 52 82 255 255
    255 159 0 255 0 255 5 232 255 255 0 0 0 0 0 0 0 0 255 255 255 0 255
    255 255 0 255 0 255 80 98 0 255 156 255 0 255 255 125 0 255 255 0 0
    0 255 0 208 0 255 255 0 0 255 0 255 0 255 0 0 174 255 255 0 0 165
    255 255 255 17 0 0 255 158 0 122 0 255 117 255 129 137 26 255 0 255
    208 255 255 255 0 125 0 255 255 0 0 0 0 0 0 255 0 0 0 255 255 0 255
    0 255 0 0 0 255 17 0 0 255 255 0 0 64 0 0 255 0 255 0 255 0 255 0 0
    0 255 0 203 255 255 232 255 0 0 0 0 255 55 255 0 255 84 255 64 255 0
    0 255 0 255 255 0 0 0 255 255 204 0 0 0 255 255 0 255 255 0 0 0 0
    255 0 255 0 187 0 52 255 0 198 0 0 236 255 212 95 0 0 172 255 255 87
    255 253 255 0 0 255 0 255 0 255 0 255 225 54 255 0 255 0 233 0 255
    243 255 255 0 0 0 255 0 0 0 255 0 66 0 255 0 58 0 0 255 255 255 255
    255 0 0 255 255 255 0 0 34 255 255 255 0 79 0 239 0 255 0 134 162
    224 0 0 0 117 0 255 255 0 255 47 255 0 177 255 255 0 177 116 63 187
    255 0 255 105 255 0 234 121 0 154 0 140 0 0 196 255 149 255 0 255 0
    0 123 216 255 255 0 167 72 255 255 0 255 255 255 98 0 0 195 255 255
    255 0 61 0 255 0 255 90 29 0 255 0 0 255 0 255 0 255 0 0 255 255 255
    0 0 255 255 71 0 255 255 255 255 0 255 91 255 74 0 255 255 255 0 188
    0 255 255 131 255 95 255 0 0 255 255 0 0 8 103 1 228 255 255 0 0 0 0
    255 0 255 220 255 0 221 255 255 0 0 0 255 255 0 255 0 255 0 255 17 0
    0 25 221 39 0 0 255 255 255 0 255 0 255 0 0 0 170 0 230 255 255 255
    112 255 0 0 0 0 255 204 255 0 0 255 0 255 224 156 0 255 255 0 255
    255 255 0 0 0 255 255 0 255 255 0 255 0 255 138 255 129 0 88 255 165
    9 0 0 17 77 95 0 255 248 255 0 0 255 255 0 255 255 0 0 0 0 255 0 255
    255 255 171 0 0 255 255 26 0 0 255 200 0 0 0 255 184 201 0 0 165 0 0
    255 255 255 0 255 0 255 197 255 0 0 248 255 0 255 255 255 0 0 0 255
    0 72 255 255 0 0 255 0 255 0 255 0 255 0 255 255 255 0 0 0 169 255 0
    0 0 255 0 0 255 255 0 0 255 255 6 0 0 0 255 255 0 255 235 173 0 255
    49 0 255 0 0 0 255 255 255 0 255 140 255 0 255 255 0 255 226 255 255
    0 255 0 0 0 255 191 255 0 255 0 0 0 255 255 255 255 63 255 141 0 0
    149 0 255 255 255 0 255 0 0 255 187 255 73 255 255 0 0 255 255 0 255
    0 255 0 167 255 255 0 0 0 255 85 0 0 131 0 226 255 255 0 255 0 255
    255 0 255 255 255 0 0 255 0 174 0 0 0 255 0 255 196 255 255 255 255
    0 0 0 255 244 0 0 255 255 107 0 0 255 255 41 148 0 0 255 72 0 0 191
    255 159 0 0 0 255 255 0 0 231 7 255 0 0 25 0 255 255 255 255 0 0 0
    255 255 255 148 255 0 0 255 255 0 0 0 255 255 112 0 255 68 0 0 107 0
    0 0 253 255 41 0 0 255 255 255 255 0 255 0 255 255 101 0 0 180 255
    255 255 255 146 0 0 0 255 255 255 57 239 172 0 127 255 255 115 0 180
    246 255 255 57 0 6 255 0 255 16 255 39 0 0 0 255 255 255 132 37 255
    0 0 255 255 0 0 255 145 190 15 255 68 7 255 28 0 0 44 0 255 0 0 0
    255 0 0 0 0 119 0 72 255 255 255 69 0 0 88 141 0 255 127 255 255 255
    255 255 59 0 255 255 255 255 255 238 0 0 0 255 255 255 0 0 6 0 218
    255 255 0 0 255 255 255 0 0 0 120 0 255 255 255 0 0 0 255 255 0 172
    0 255 0 0 0 0 255 255 0 255 0 255 0 255 0 255 255 255 0 0 255 0 255
    0 255 190 255 0 255 0 255 255 255 0 0 255 255 255 255 255 0 255 177
    0 255 0 255 0 255 0 255 255 255 0 0 255 160 255 0 255 0 0 0 255 255
    0 15 109 255 255 0 255 0 255 156 22 255 255 255 255 160 255 167 255
    0 255 255 0 151 0 0 255 255 34 255 0 0 218 0 0 255 255 255 0 0 144 0
    255 0 255 0 0 255 69 0 0 91 255 255 255 0 0 0 255 255 178 159 126 0
    0 253 87 255 255 0 0 255 255 255 0 0 113 73 136 255 236 241 255 255
    0 0 255 255 255 110 255 0 75 141 255 0 155 0 255 36 75 255 0 0 180
    184 255 255 0 173 0 255 0 0 124 0 255 255 220 255 0 0 0 0 255 0 255
    51 0 0 255 0 0 255 0 255 0 0 255 0 0 6 0 0 160 0 0 255 255 255 142
    177 255 64 255 255 0 183 0 255 0 0 0 255 0 255 255 255 0 255 0 255
    255 255 255 0 255 0 255 255 255 0 0 91 0 255 255 255 243 0 0 255 255
    0 0 255 255 255 255 0 255 0 14 255 255 0 0 71 133 255 255 0 0 0 255
    255 0 255 0 255 0 0 0 0 255 255 36 122 0 0 3 255 255 93 255 255 0 0
    0 255 198 68 0 0 0 255 255 255 255 255 122 255 0 255 0 255 0 255 0
    16 255 255 0 147 120 0 0 255 255 255 0 0 255 0 255 255 240 255 0 96
    0 255 255 12 0 255 255 0 0 0 255 255 255 0 255 0 255 255 88 255 0
    255 64 255 0 255 0 255 0 255 255 255 0 0 0 255 112 130 0 0 255 255
    68 255 255 0 89 255 255 255 163 0 255 0 67 255 255 255 0 115 172 0 0
    255 255 255 0 0 0 255 179 190 0 0 103 161 0 0 240 255 105 0 0 255 0
    173 255 255 0 255 162 0 0 0 255 141 255 219 0 255 255 255 255 188 0
    0 255 255 255 0 53 255 0 0 0 255 0 0 255 160 0 0 207 255 255 209 219
    255 0 0 58 0 255 255 255 41 255 255 255 255 255 199 0 255 129 255
    255 0 255 0 255 3 177 0 0 255 255 0 0 0 255 0 255 0 255 48 109 49
    255 0 255 0 255 218 64 0 51 255 0 255 197 255 93 0 0 255 255 255 255
    0 124 255 217 0 255 255 255 255 255 255 255 0 125 0 255 0 255 0 255
    0 255 0 0 249 149 36 0 255 0 255 0 205 255 238 0 255 255 255 0 0 255
    255 255 0 255 206 255 0 255 255 173 0 107 255 0 255 0 0 0 0 0 255 0
    255 0 255 0 9 111 255 0 0 109 255 0 255 242 255 11 0 0 96 46 255 0
    115 0 255 192 255 0 0 0 172 255 115 0 88 117 255 255 0 151 255 179 0
    0 99 255 255 255 0 255 0 255 0 231 0 0 231 255 0 234 255 255 0 0 0
    255 255 255 97 255 169 0 255 255 255 0 0 0 0 0 255 255 255 255 217
    255 0 0 0 255 142 0 0 255 255 171 69 0 255 0 14 210 255 255 0 0 0
    236 255 51 0 255 255 255 0 0 255 238 255 0 255 0 43 149 255 0 0 0 0
    255 255 180 94 170 255 0 255 6 255 0 0 255 107 255 255 255 255 255 0
    0 0 0 255 0 0 0 255 255 255 36 0 0 88 255 255 255 0 0 0 118 255 0
    255 240 170 173 0 255 199 255 0 255 255 255 255 0 221 255 255 255 0
    0 0 225 175 255 9 255 0 0 0 255 255 255 0 0 121 0 0 0 255 129 0 255
    255 35 255 0 0 255 255 0 0 255 255 255 255 255 255 255 255 0 167 255
    255 0 0 0 255 255 255 0 255 58 0 0 0 255 255 154 255 78 0 0 0 246 0
    0 255 0 255 0 0 255 0 0 216 0 255 255 255 255 225 255 0 0 0 255 109
    0 0 255 0 0 0 0 0 255 0 0 227 255 255 255 255 255 195 0 255 50 0 0
    255 0 255 255 255 0 0 0 0 255 183 255 126 185 0 0 0 0 255 0 255 0 0
    0 255 0 255 255 0 0 0 255 255 149 0 199 255 255 0 0 0 255 0 255 0
    255 255 255 208 255 0 0 0 0 255 255 255 255 255 0 185 255 16 0 0 255
    255 255 156 0 0 255 255 255 0 245 0 255 255 255 170 50 0 255 113 0 0
    0 255 255 0 255 0 255 0 0 101 255 61 0 0 255 1 255 57 0 194 255 46 0
    68 255 255 255 255 255 130 0 0 0 202 255 255 255 0 0 255 255 0 121
    255 255 241 0 0 0 0 66 0 255 0 255 0 255 42 255 0 0 0 255 255 255
    148 255 0 7 154 255 144 0 201 255 0 255 255 255 0 0 0 34 0 0 0 0 255
    255 0 0 255 0 0 255 255 255 0 0 255 255 105 170 191 0 125 255 255 80
    0 0 0 0 0 255 255 157 201 0 255 255 215 0 0 255 187 255 0 0 255 255
    255 55 255 86 255 0 135 0 123 0 123 154 192 0 0 255 255 0 0 120 255
    86 8 0 128 0 255 9 75 255 96 255 0 255 0 255 0 255 0 0 0 255 128 255
    69 0 0 0 255 255 23 255 134 189 255 255 255 0 0 0 255 255 255 0 255
    255 0 255 255 206 255 0 255 0 0 255 255 255 115 255 0 0 0 255 255
    255 0 0 191 255 231 0 0 255 255 255 0 146 0 255 255 0 255 0 255 0 62
    0 255 0 251 255 255 0 255 0 108 0 255 0 0 155 255 255 255 255 255 0
    255 80 0 0 0 255 255 0 0 235 0 255 0 0 44 0 219 173 255 0 255 255 0
    255 11 0 255 0 255 0 0 0 255 154 32 0 0 0 255 0 0 0 197 255 43 209
    255 0 112 0 250 83 98 0 0 255 255 61 91 48 255 0 0 0 255 0 186 0 0 0
    255 255 255 255 139 0 255 255 255 74 0 255 255 255 0 0 0 198 123 255
    255 0 249 0 255 255 0 0 0 255 255 255 0 120 0 0 0 0 255 0 0 255 0
    255 37 0 0 255 255 84 0 255 255 221 0 204 0 0 255 115 112 0 0 255 76
    255 255 255 255 0 0 0 255 0 255 255 0 247 0 255 255 0 198 143 255 0
    255 0 214 255 240 255 255 0 0 2 101 126 126 0 255 0 255 0 8 0 255 0
    255 138 0 0 255 158 0 190 255 255 255 0 0 255 252 44 0 255 0 255 67
    255 0 0 0 0 255 0 202 211 255 255 255 252 255 0 0 0 255 255 161 117
    255 163 37 0 0 0 162 255 0 0 255 255 255 0 0 0 255 255 255 255 0 255
    0 0 255 255 0 255 0 203 0 0 0 247 255 255 255 0 131 255 0 164 0 255
    0 17 255 0 255 255 26 236 249 0 255 189 211 0 229 255 73 255 0 28 22
    255 0 129 255 0 255 255 255 68 255 148 0 0 0 0 255 0 226 0 0 255 122
    0 0 217 255 211 0 0 0 0 255 0 255 251 255 0 255 0 0 0 207 196 255
    255 0 0 255 0 0 255 0 28 0 0 0 255 255 255 46 154 255 0 177 0 255
    255 0 0 0 255 255 255 0 255 0 255 255 0 255 0 255 0 0 0 0 0 255 255
    255 0 255 0 255 0 255 0 255 0 255 0 126 255 255 255 0 255 0 0 255 0
    255 19 0 0 244 255 0 73 231 255 0 255 0 255 0 44 0 0 0 0 255 255 0 0
    255 255 0 153 255 0 0 0 0 255 255 4 0 255 112 126 0 0 255 255 237 0
    0 255 0 0 43 255 0 0 255 50 255 27 106 255 196 255 5 140 255 0 255 6
    255 0 0 0 245 255 255 203 0 255 211 255 255 255 0 255 0 255 255 0 0
    255 0 255 214 90 0 0 255 255 255 0 255 0 255 0 255 0 0 0 255 0 255 0
    255 0 0 0 255 0 255 0 100 0 255 227 255 255 240 0 255 255 255 0 255
    216 0 0 208 241 0 255 255 255 0 255 255 255 122 0 255 0 255 255 0 0
    0 255 0 255 0 154 255 255 0 0 0 0 255 255 0 0 255 238 255 78 255 255
    152 255 151 255 0 255 0 247 59 255 255 255 0 0 0 240 255 64 255 0
    255 200 255 255 0 255 255 255 238 0 255 255 255 0 19 0 0 9 255 255
    255 255 0 0 255 255 255 255 0 119 10 0 153 0 255 0 0 255 0 255 0 0 0
    0 242 255 255 255 0 255 0 255 0 255 0 0 0 0 0 72 0 255 0 255 255 0 0
    111 255 255 236 20 76 255 255 255 0 0 233 255 255 0 0 0 255 0 255 0
    255 119 255 89 0 252 0 85 0 0 0 0 255 255 255 0 0 0 0 255 103 0 255
    0 0 0 255 0 0 0 255 255 255 255 255 0 0 0 255 0 255 201 186 0 255 0
    255 255 255 98 255 0 0 0 255 0 79 0 234 0 0 255 255 255 0 0 0 0 98
    45 255 0 0 255 255 0 255 0 255 255 255 255 0 255 0 2 146 255 0 0 255
    255 255 0 0 81 229 194 255 0 55 0 4 255 255 54 0 0 0 0 255 0 255 0 0
    179 255 255 255 255 81 0 0 255 255 0 55 255 255 49 0 0 0 255 255 176
    0 0 255 255 255 0 53 0 255 255 182 126 255 79 246 255 0 0 0 126 5
    255 5 0 0 255 0 255 2 0 255 0 255 117 171 255 255 207 0 255 0 255 0
    255 255 189 255 0 155 0 0 0 255 0 183 255 18 218 0 206 255 255 255 0
    0 0 0 255 255 255 23 255 0 0 0 255 133 32 70 255 255 239 0 255 255 0
    0 255 136 197 0 255 0 255 0 255 110 255 37 0 255 0 0 0 251 255 255
    255 124 0 0 0 255 0 0 255 0 0 0 0 255 137 255 0 73 255 255 255 182
    255 255 255 0 255 0 255 255 227 0 0 0 255 255 255 0 255 255 0 255
    255 255 0 0 57 255 147 0 0 200 255 0 0 0 255 255 255 0 0 255 0 60
    255 255 0 0 0 0 255 0 0 255 255 7 0 255 255 20 243 0 255 0 255 138
    171 0 78 255 0 255 0 255 0 255 0 255 0 139 0 217 0 0 0 255 0 255 0
    255 0 0 255 255 255 255 255 255 255 209 203 0 0 255 0 255 0 0 255
    255 0 0 0 255 117 170 0 255 255 255 255 0 200 0 255 255 255 255 0
    255 0 255 255 255 0 0 0 255 255 255 0 114 0 255 0 196 53 157 0 255 0
    0 0 0 0 255 255 0 255 255 255 255 0 0 87 255 255 255 255 0 0 0 255
    255 255 0 255 0 81 0 0 255 255 65 0 0 0 255 0 129 255 0 0 0 255 0
    246 108 0 255 0 255 0 52 255 255 0 0 0 0 255 255 255 0 118 0 255 255
    255 0 255 80 0 0 255 0 255 255 255 255 0 255 255 0 144 0 255 255 255
    37 0 0 0 255 255 255 178 0 0 255 255 0 255 0 255 0 36 255 0 132 160
    255 0 14 0 101 255 0 0 245 120 181 0 0 158 0 255 255 0 0 0 0 152 255
    0 0 0 255 136 255 206 184 255 75 255 255 255 0 198 0 161 0 150 45 0
    9 255 0 255 255 0 255 255 0 0 255 58 126 0 0 0 255 255 154 255 0 255
    255 0 0 255 255 255 255 0 255 0 0 0 0 255 255 0 0 0 255 0 0 255 202
    255 255 0 0 0 110 255 255 0 0 255 255 150 0 0 0 0 0 255 0 35 99 255
    255 0 0 255 0 0 255 255 0 0 255 255 255 0 0 0 255 64 255 0 0 0 255
    30 182 255 255 255 250 0 222 0 255 0 246 37 255 88 255 255 134 16 0
    255 0 255 255 255 0 32 255 0 0 255 255 0 49 162 0 0 0 255 255 0 0
    255 0 255 142 0 0 0 255 141 67 0 255 0 255 255 167 0 0 255 255 255
    255 0 49 255 255 130 0 0 0 255 255 120 255 255 0 255 0 255 255 255 0
    255 0 255 255 70 0 0 34 255 50 255 255 0 0 255 169 255 0 0 255 255
    255 0 163 0 255 0 69 255 255 0 217 255 36 82 0 255 0 0 0 0 0 255 255
    184 154 0 0 255 255 255 0 255 255 255 0 0 0 0 0 255 255 226 255 0 0
    0 255 255 0 203 255 255 255 66 0 3 255 32 0 255 191 255 0 24 0 152 0
    255 255 255 255 0 255 0 172 255 255 0 13 0 255 255 11 0 187 18 255 0
    0 255 0 255 255 255 0 255 0 0 255 0 255 0 88 255 0 255 0 106 0 254
    255 255 255 0 0 0 255 255 0 255 0 231 0 30 0 255 0 208 0 0 0 255 75
    255 0 0 171 255 0 255 255 255 0 255 0 255 255 0 255 0 0 255 255 255
    255 144 255 0 0 143 233 255 255 255 136 78 0 255 0 0 0 255 255 0 0 0
    0 183 255 255 255 0 255 0 255 0 255 0 255 0 255 0 0 0 255 255 255
    255 0 192 0 0 142 255 255 255 255 224 55 225 255 0 0 255 255 255 0 0
    145 0 0 255 255 242 218 255 255 0 0 255 255 255 255 0 255 0 0 0 140
    255 255 255 0 0 119 0 0 255 0 0 255 22 84 0 255 208 255 77 0 255 0
    255 255 122 0 161 255 255 0 255 0 123 0 149 0 0 222 255 255 255 255
    255 21 0 0 0 150 255 0 0 255 255 0 0 255 255 0 0 131 255 255 255 255
    0 0 255 0 225 0 255 0 154 194 255 255 241 255 187 26 255 255 0 0 0 0
    57 255 255 0 225 0 255 0 83 0 255 0 255 255 255 0 0 139 255 255 255
    0 255 0 255 0 239 189 255 255 0 30 0 255 255 0 0 0 0 0 255 255 255 0
    0 15 255 0 255 255 255 0 255 230 255 0 0 166 0 255 255 0 255 0 4 0
    255 255 255 244 0 0 71 0 255 0 0 176 255 255 94 0 0 0 255 255 255 0
    181 255 198 255 255 255 223 178 0 0 255 177 0 0 0 0 255 255 0 0 255
    149 0 177 0 255 0 255 0 255 0 255 255 255 255 255 0 0 0 255 255 255
    0 0 0 255 255 0 0 255 0 255 0 255 0 255 255 147 0 0 255 255 255 0
    255 0 138 0 255 255 255 0 134 78 255 0 255 0 0 0 255 255 0 14 255 0
    0 255 0 255 0 0 255 255 0 255 255 255 0 255 19 255 255 209 0 255 0 0
    255 0 255 255 255 0 87 0 255 124 255 0 190 255 0 0 0 255 255 255 0
    255 0 255 255 255 217 0 255 255 255 0 255 0 255 0 255 0 0 0 255 255
    255 0 0 0 167 255 0 0 14 255 0 179 0 255 0 0 48 186 255 0 255 255 13
    199 3 0 255 233 0 255 255 0 255 255 255 0 255 0 255 0 255 0 79 0 0
    255 255 255 255 83 255 0 0 0 255 255 255 0 0 168 255 0 255 0 255 0
    255 0 0 255 255 0 191 255 200 255 0 99 255 255 0 0 0 0 255 255 255 0
    0 0 255 255 0 255 0 0 255 255 255 255 255 0 0 0 24 255 255 25 145 0
    0 0 255 74 0 0 0 255 255 255 0 0 0 190 93 255 0 0 255 255 0 0 255 0
    255 0 255 255 0 0 0 255 255 231 0 0 0 0 255 0 132 255 0 255 255 255
    0 255 0 0 255 255 255 0 0 0 215 255 255 255 0 0 0 0 255 255 0 0 255
    255 255 0 0 0 94 255 0 0 146 255 30 0 0 255 0 0 172 255 255 255 255
    0 0 0 148 0 255 28 0 200 255 255 0 52 255 255 0 185 0 61 0 0 255 253
    255 255 0 247 255 129 0 0 0 35 255 255 255 209 0 255 0 0 86 255 0 0
    0 255 255 255 255 255 0 0 0 255 255 255 0 0 255 255 255 0 255 72 255
    255 0 255 28 194 0 0 255 0 255 0 255 0 255 0 255 0 255 0 0 0 234 255
    34 84 255 255 255 138 0 65 255 0 255 255 255 0 255 0 255 0 0 0 0 255
    0 255 117 0 56 0 255 0 155 0 255 255 0 55 255 0 212 235 0 0 255 255
    255 0 0 0 255 76 255 0 255 0 255 255 0 0 0 255 0 255 2 0 0 255 0 255
    0 0 234 255 255 0 255 0 86 0 255 0 0 0 255 255 255 0 255 0 255 0 255
    136 255 0 0 255 0 0 255 255 255 130 255 0 255 0 0 0 255 0 0 0 255
    255 255 237 255 0 0 0 0 0 255 0 0 255 255 231 0 255 0 221 255 255
    255 0 0 77 122 255 255 255 255 0 255 0 0 0 0 255 255 0 0 14 255 255
    0 255 0 255 0 255 255 255 84 80 255 0 0 0 255 255 0 0 0 255 255 0
    255 255 255 0 0 22 0 255 209 255 255 255 0 42 85 0 0 0 0 255 0 255 0
    0 0 0 0 255 160 255 255 255 255 13 0 0 0 0 255 186 255 255 0 255 0
    255 255 255 0 217 0 0 151 225 255 0 255 0 255 0 255 0 255 255 0 255
    0 0 229 255 255 0 0 142 255 12 0 0 0 0 255 255 0 255 0 0 0 255 255 0
    144 0 255 169 255 0 67 255 0 255 0 255 0 0 0 255 0 0 255 0 0 0 255
    255 255 0 33 255 255 255 0 0 0 174 0 0 255 129 0 0 121 255 255 255 0
    0 0 255 255 255 255 104 255 255 255 45 0 0 0 0 255 255 0 0 0 255 0 0
    255 255 255 255 255 0 127 255 0 255 255 255 65 255 255 255 0 0 255
    255 255 70 38 0 0 255 200 140 255 0 228 0 255 255 255 255 0 177 0
    255 255 0 255 0 255 0 255 0 0 0 255 255 0 0 0 0 255 255 0 0 255 0 0
    0 255 138 255 36 255 0 87 214 0 255 255 0 0 139 0 255 255 128 255 0
    53 30 255 0 0 3 255 255 255 0 0 255 0 0 0 255 0 255 0 0 107 255 255
    255 32 255 101 255 0 70 202 255 255 0 0 0 255 0 255 0 230 0 128 255
    255 0 0 0 255 27 255 255 255 255 0 0 255 0 198 0 255 255 0 0 255 255
    255 0 0 0 255 255 255 0 255 40 255 255 0 255 0 255 10 255 0 0 255
    255 0 40 0 29 157 255 0 255 255 255 43 255 0 195 141 255 0 0 255 93
    0 0 69 255 185 0 0 0 185 0 255 255 120 255 0 255 0 21 255 28 255 255
    0 0 14 136 0 220 255 0 255 0 255 0 255 0 0 0 144 255 255 106 255 255
    0 255 255 255 0 0 27 0 255 0 0 0 0 255 35 255 0 255 0 0 255 255 255
    0 226 0 255 255 0 220 43 255 0 255 255 0 255 255 0 0 0 89 255 0 255
    255 255 255 0 255 255 0 0 178 0 0 255 0 255 159 255 0 255 226 255 0
    0 0 255 255 0 0 0 255 255 110 255 35 255 197 255 0 255 255 0 255 0
    255 255 62 0 115 0 255 0 255 0 255 255 156 0 179 0 0 0 148 0 255 255
    0 0 0 117 89 133 255 0 240 0 0 0 255 255 255 0 255 255 0 0 0 255 0
    255 255 149 0 0 0 255 0 255 0 255 0 255 69 255 255 0 0 0 0 255 0 200
    0 0 0 255 255 255 0 211 0 255 0 255 255 215 255 0 0 0 255 255 126
    100 255 0 255 0 255 0 19 0 0 0 255 4 255 0 255 255 255 255 255 255 0
    0 0 0 255 255 109 0 255 0 255 255 255 255 138 0 0 255 255 255 0 139
    0 0 255 255 0 118 255 255 255 159 0 245 255 255 255 0 0 0 255 0 255
    195 192 255 255 50 255 255 255 0 0 255 0 255 0 255 255 255 255 0 0 0
    255 255 255 0 255 0 0 0 219 3 0 255 0 28 255 255 255 255 34 0 0 255
    255 0 255 0 255 255 0 37 0 255 255 255 0 0 255 245 255 0 204 152 89
    72 255 255 0 0 0 220 255 193 255 125 255 255 255 0 0 34 0 7 255 0
    117 0 0 0 255 210 255 255 104 0 103 0 54 0 255 0 204 0 216 255 255
    118 229 255 255 0 0 255 255 0 255 255 255 0 0 255 255 115 255 0 255
    0 255 178 255 58 0 255 196 255 255 0 0 0 161 0 255 0 255 0 255 101
    255 255 68 255 153 255 255 255 0 255 0 255 0 255 255 255 0 255 57
    255 0 255 62 255 255 0 0 0 0 0 0 0 255 255 64 255 0 255 87 255 255 0
    255 0 255 255 255 21 231 255 90 201 255 73 254 176 38 0 255 0 255
    159 255 255 247 17 0 0 0 255 0 4 0 0 0 228 0 255 255 255 0 255 61 0
    0 0 241 0 0 255 255 255 0 155 255 221 255 255 255 0 0 0 255 255 255
    0 0 145 13 255 51 255 0 159 255 255 255 233 0 94 0 255 255 255 251 0
    255 0 126 0 0 255 255 255 0 0 255 255 0 16 255 255 255 255 255 0 255
    255 185 0 0 99 0 0 0 255 255 255 0 0 255 255 0 0 0 255 0 255 8 255 0
    164 0 255 0 0 0 0 204 255 255 144 0 255 0 0 0 0 255 0 255 0 0 255
    255 0 218 255 0 255 255 0 255 255 255 0 255 255 255 0 255 0 255 116
    255 255 0 72 0 233 0 207 92 255 255 255 255 0 255 0 255 0 255 0 0
    255 0 0 76 255 0 255 205 75 255 0 0 0 0 237 0 4 255 255 107 0 0 0 0
    255 115 0 255 0 0 0 255 76 255 255 0 0 85 255 255 171 0 0 255 0 255
    0 255 255 0 0 0 255 255 0 255 0 255 93 46 255 255 0 255 255 255 0
    255 102 121 0 0 255 255 255 0 0 116 255 0 255 255 255 0 255 255 0
    255 0 0 0 255 255 255 0 255 255 255 166 0 202 0 255 0 255 197 255 51
    0 176 0 188 0 39 255 255 0 0 255 0 255 252 255 0 0 255 0 255 92 255
    0 0 0 255 255 201 255 255 255 0 0 0 255 255 90 0 0 0 98 255 255 255
    0 155 0 255 161 255 0 255 0 255 0 48 83 255 0 0 255 125 255 0 255 0
    255 0 255 0 226 0 112 164 0 255 255 251 255 0 0 0 0 188 0 0 255 0
    182 255 255 255 255 255 0 255 0 0 0 230 255 0 255 255 255 0 255 170
    255 0 255 175 0 0 0 24 0 0 0 255 255 0 0 255 255 80 0 255 166 255
    114 0 255 255 255 88 0 0 255 255 255 255 0 255 0 0 0 255 255 255 255
    255 24 255 0 0 0 255 255 0 0 0 255 255 255 0 0 211 84 255 255 255
    255 255 0 0 255 0 255 41 97 0 238 0 237 0 255 0 0 255 0 255 252 255
    255 220 0 0 255 255 0 255 0 0 0 0 255 0 255 0 202 30 255 255 0 0 47
    255 255 0 0 0 255 255 255 255 0 0 0 194 255 0 0 0 119 255 255 0 255
    216 156 255 14 0 195 255 255 0 0 107 39 0 255 144 255 255 0 0 0 0
    255 5 0 255 0 255 0 255 0 0 255 0 255 225 255 174 0 171 89 255 255 0
    0 0 0 255 255 255 0 255 132 0 0 0 255 0 0 0 255 255 255 0 0 0 255 0
    131 255 255 102 0 195 0 0 0 255 255 255 0 0 0 255 255 0 0 0 255 255
    255 0 255 0 61 0 255 0 10 255 0 255 0 255 0 0 0 255 0 0 0 255 255 0
    0 255 255 0 255 34 0 255 0 209 0 0 255 255 255 99 255 255 0 82 0 255
    255 255 232 0 255 0 255 255 237 8 0 159 255 255 0 255 0 255 0 0 255
    0 255 0 0 166 255 0 255 96 255 0 7 0 0 0 197 131 0 25 255 255 0 255
    11 151 255 205 255 0 0 7 255 255 255 255 0 0 0 255 255 255 0 255 0 7
    0 248 0 255 0 255 0 255 0 0 0 0 2 151 255 0 0 255 0 255 0 255 0 255
    0 255 0 96 0 0 0 255 112 0 87 0 255 0 0 242 0 255 255 255 0 0 0 255
    236 0 0 255 0 219 185 255 236 206 255 255 0 142 0 183 255 0 255 0
    255 0 0 176 0 0 0 211 0 194 255 197 255 0 0 255 0 0 255 80 0 0 255
    255 255 255 0 244 0 255 19 216 0 202 60 98 0 255 0 0 116 0 0 255 255
    210 0 255 91 255 255 255 0 0 0 0 255 147 0 255 255 255 0 255 78 0
    255 255 255 0 0 0 0 255 255 255 0 0 0 255 0 255 197 0 0 255 247 255
    0 255 0 255 0 255 0 255 81 0 0 0 0 255 255 255 0 0 255 234 255 211 0
    255 0 43 0 255 0 255 0 166 0 255 169 255 0 0 255 0 0 0 246 255 255 0
    0 0 0 255 255 0 0 195 255 0 255 68 255 0 103 255 255 0 0 0 255 0 189
    167 224 176 0 255 255 244 0 0 0 255 255 2 155 0 255 0 255 255 0 0 0
    50 255 255 0 255 191 199 0 255 0 255 255 255 0 255 255 255 255 255 0
    0 99 255 0 132 0 0 255 44 255 255 170 0 0 0 255 255 0 140 255 255
    229 255 0 255 255 0 0 0 88 108 255 117 0 0 0 0 255 18 0 0 255 255
    217 0 0 0 255 117 255 0 0 255 255 255 94 255 0 0 53 255 255 255 65
    255 0 255 255 0 165 0 0 255 154 0 0 61 0 0 0 255 255 255 45 255 0 0
    0 255 255 0 0 255 255 0 0 0 0 255 30 255 0 0 65 255 255 0 0 0 154 17
    2 255 255 0 24 255 255 0 15 255 0 0 222 225 0 0 0 255 255 255 60 0
    219 93 0 0 255 169 0 31 0 255 0 255 69 255 0 255 0 255 0 255 0 255 0
    0 131 255 255 0 0 255 0 0 255 0 255 77 255 255 0 70 255 255 39 253 0
    0 255 255 255 255 255 0 255 125 0 0 164 0 49 255 202 0 0 0 255 255
    78 255 0 0 99 23 255 169 255 255 163 0 0 255 255 0 63 255 226 0 0
    255 255 0 242 0 255 0 255 0 255 255 0 255 0 255 114 255 0 255 0 0 0
    255 209 255 0 255 255 120 102 0 255 255 255 255 0 0 255 255 255 0
    255 0 255 255 255 0 255 255 255 95 51 182 0 255 255 255 255 0 249
    255 0 255 135 255 0 0 255 0 255 0 168 47 255 0 62 0 0 102 31 0 219
    255 210 206 255 192 0 0 255 0 255 0 0 255 0 0 0 255 43 255 184 255 0
    0 0 0 255 56 255 255 0 255 255 0 0 0 255 92 255 0 255 0 0 0 255 0
    255 0 255 0 0 95 255 255 16 218 255 255 0 0 255 226 210 188 255 78
    93 0 0 255 7 255 0 255 0 255 0 0 0 255 138 255 47 255 255 255 118 28
    0 255 0 255 255 109 0 255 255 0 122 0 39 0 255 255 129 255 255 255
    85 255 0 255 0 0 255 255 255 41 0 0 0 153 255 255 0 0 243 0 0 255
    213 255 0 255 242 0 255 255 60 54 0 0 0 0 255 0 255 37 255 255 221 0
    255 255 20 0 0 255 217 0 255 0 0 0 0 0 255 0 255 0 219 0 255 0 60 0
    255 255 0 255 0 0 255 255 255 0 0 0 0 226 0 0 255 177 0 255 166 0
    255 255 0 255 185 255 0 0 255 255 35 0 0 255 0 255 0 255 255 255 255
    0 0 0 255 255 0 0 172 255 0 236 0 0 255 0 71 255 0 255 0 0 0 255 255
    0 255 255 209 0 0 255 255 255 255 255 255 255 0 0 0 255 0 255 185
    255 126 255 0 0 0 255 255 255 243 255 0 255 183 0 255 0 40 0 255 255
    0 0 0 255 255 255 0 0 255 0 0 0 206 76 255 0 0 0 255 255 0 255 0 255
    0 3 0 0 255 255 255 0 255 0 255 0 0 0 255 255 0 255 0 0 63 183 255
    196 0 255 255 255 0 109 255 255 0 253 0 255 255 255 255 0 255 0 60
    255 0 255 255 0 255 0 0 0 0 255 255 0 0 255 255 255 255 0 0 255 255
    0 5 223 0 0 255 255 0 255 255 0 18 0 255 255 255 0 245 0 255 193 255
    255 255 83 0 0 0 0 255 255 255 0 0 255 227 255 44 255 182 0 0 255
    255 0 0 0 255 255 0 255 0 255 0 0 0 255 255 255 255 0 255 0 0 255 0
    255 0 33 0 255 0 0 124 255 255 0 255 255 210 0 96 0 255 255 145 0
    255 255 255 0 62 0 120 0 0 41 255 255 31 255 255 0 255 0 255 156 0
    255 191 188 0 255 255 255 0 0 0 255 164 255 0 255 164 255 72 0 0 255
    0 255 135 255 255 255 0 0 0 0 24 242 255 0 255 207 104 255 0 75 46
    255 255 125 0 255 255 0 3 0 255 255 0 0 0 255 204 162 255 255 255 0
    0 146 255 0 0 255 255 255 0 204 255 255 39 0 70 255 255 255 11 0 0
    79 0 255 0 255 0 255 0 115 197 0 0 0 255 134 255 0 255 0 255 255 155
    183 0 0 255 255 255 255 34 255 223 255 0 255 0 37 205 255 0 255 0
    255 0 255 0 255 255 255 61 0 184 245 0 0 255 92 255 0 255 0 255 255
    0 25 255 236 0 0 255 255 255 0 0 166 0 255 255 0 0 8 0 255 255 255
    200 236 0 0 255 255 176 0 0 216 255 255 0 156 0 255 162 255 137 0 0
    255 255 255 0 0 0 255 0 255 0 255 31 0 0 255 255 0 0 255 255 138 0
    238 0 255 255 0 255 0 255 255 0 255 255 255 255 255 195 0 0 0 255
    255 243 0 0 82 178 0 255 24 0 0 255 156 0 0 0 255 0 0 104 128 0 254
    0 255 0 255 0 213 255 255 0 0 0 0 255 0 255 255 0 255 0 255 0 0 255
    0 0 0 93 0 194 255 0 255 0 0 0 255 0 0 0 0 0 0 255 148 0 56 255 0
    255 0 255 0 145 0 255 255 255 136 0 0 0 255 0 96 0 255 255 0 29 0
    111 0 0 0 255 255 0 116 186 228 0 0 255 31 0 0 0 255 255 255 225 0
    148 0 255 0 255 0 159 255 255 255 255 0 255 0 255 186 57 255 33 101
    255 181 255 0 0 255 255 0 255 255 255 255 0 255 50 207 0 118 255 255
    150 0 255 0 0 0 0 0 0 0 0 255 0 255 0 0 255 255 0 0 255 0 255 0 255
    0 0 255 255 247 181 0 255 20 0 0 0 255 232 255 255 255 255 255 255
    173 0 0 0 255 255 0 0 0 255 255 255 255 255 255 0 0 0 175 88 255 0
    255 0 255 255 0 0 0 74 0 255 255 0 0 174 252 0 0 236 0 246 0 255 0
    255 155 0 255 255 0 83 0 255 138 0 0 0 255 255 255 0 165 0 139 0 255
    255 255 255 0 0 44 255 0 0 255 182 0 255 255 0 255 255 255 0 117 255
    255 0 0 50 255 255 255 96 151 255 255 0 0 0 30 0 0 161 255 185 100
    222 30 255 255 213 0 255 193 255 161 251 0 255 255 22 0 0 0 201 0 0
    21 255 255 255 0 255 148 0 194 0 255 0 30 255 49 255 0 255 0 255 0
    255 255 0 0 255 0 0 14 16 154 255 221 255 23 0 0 255 155 255 53 0 0
    255 0 255 255 255 110 0 255 255 255 0 255 0 0 0 243 0 0 251 0 255
    232 255 0 255 237 0 255 0 255 56 255 10 0 0 0 0 146 0 255 255 255 0
    255 255 255 182 0 0 0 0 255 255 177 0 255 0 138 0 255 0 0 255 77 255
    255 255 255 0 255 0 230 0 255 0 255 0 230 0 255 255 255 0 255 83 255
    255 45 0 0 161 115 0 81 0 255 255 0 111 14 255 0 0 255 255 0 32 0
    255 255 255 0 255 0 0 25 255 255 76 0 255 56 255 0 255 0 255 0 132 0
    255 255 0 255 255 57 0 0 0 255 255 255 255 255 244 0 0 0 63 255 255
    255 173 0 255 31 255 0 0 255 0 223 255 0 0 0 255 255 0 0 255 243 255
    0 21 0 14 59 255 255 191 102 0 255 208 236 0 0 118 255 255 255 255
    50 255 208 0 25 0 0 255 0 255 0 255 0 255 91 255 0 0 0 232 255 197
    255 0 250 255 0 255 17 0 0 150 255 255 0 255 138 207 255 0 0 0 206
    255 0 181 255 255 0 7 11 0 255 0 255 0 255 53 0 255 255 255 255 0 0
    0 255 255 200 0 255 255 169 0 0 255 255 255 248 114 0 16 0 255 255
    255 0 255 0 74 255 255 0 4 0 255 255 255 0 0 0 0 255 129 223 0 50
    188 0 0 255 255 255 0 192 0 255 215 255 0 0 0 255 255 150 255 232
    212 0 0 0 255 255 74 0 0 255 255 255 214 12 255 0 255 0 79 0 0 0 0 0
    255 255 182 255 0 0 0 0 255 255 255 0 0 255 255 0 255 0 255 254 0 0
    0 124 255 255 255 255 0 0 0 255 255 255 0 30 255 255 255 0 0 0 0 0
    70 0 0 30 0 0 0 255 255 255 255 0 0 255 45 3 0 0 0 0 255 224 255 0 0
    255 0 255 86 0 108 255 228 139 0 0 0 142 255 255 255 0 121 165 20
    128 204 255 255 255 255 0 0 255 255 255 0 0 0 13 255 0 0 255 0 199 0
    255 0 255 0 255 255 0 255 0 85 0 255 255 174 255 0 255 0 255 0 255 0
    255 255 255 117 255 0 255 0 255 0 58 228 255 255 255 0 0 124 0 255
    255 0 181 0 255 0 255 0 0 0 0 255 255 255 221 0 0 255 255 0 0 0 255
    255 255 255 255 0 0 0 0 255 255 0 0 0 0 0 255 255 255 255 36 0 0 114
    0 255 149 255 0 246 0 0 255 0 255 255 0 255 255 255 255 0 145 0 0 0
    0 255 255 255 0 0 0 50 255 255 0 0 0 0 255 0 0 0 0 255 255 45 0 0 0
    197 0 118 0 0 175 181 255 0 114 0 255 255 255 53 0 0 0 0 0 0 0 255
    255 0 42 255 106 53 0 0 255 255 0 0 0 0 0 255 255 255 255 255 0 255
    0 0 255 113 255 0 13 159 111 183 75 222 255 76 255 255 0 225 0 255
    255 255 0 255 0 0 0 255 0 0 115 0 181 255 255 255 0 255 139 0 0 255
    0 255 0 0 0 0 255 255 255 0 255 0 255 177 0 0 255 255 255 72 35 255
    204 255 155 155 0 0 140 0 199 255 255 0 0 0 0 255 255 0 0 0 161 100
    255 255 255 255 255 0 0 0 255 3 255 255 0 0 0 255 255 0 0 95 255 158
    255 0 255 255 255 0 160 0 0 255 255 255 235 0 255 0 78 255 137 0 255
    0 255 249 255 2 0 0 255 243 0 255 0 0 0 255 255 90 255 255 0 255 255
    6 255 0 255 255 222 0 255 255 255 0 0 0 255 255 255 255 0 255 255
    255 30 0 255 0 232 0 0 255 0 255 28 0 0 0 255 113 0 0 89 171 255 255
    0 197 255 150 0 36 38 255 0 0 255 167 100 0 0 255 49 134 0 0 255 255
    105 0 0 0 47 232 255 255 255 0 255 0 255 0 0 0 255 0 52 0 0 255 255
    255 255 0 0 0 255 255 255 255 255 74 0 213 0 159 255 111 255 0 255 0
    128 0 255 255 255 255 0 0 0 255 255 0 0 255 255 25 255 0 255 255 0 0
    0 255 0 0 0 0 202 255 0 255 0 255 114 255 0 199 172 0 255 162 0 0
    203 0 62 0 255 0 191 0 255 255 0 0 0 255 75 255 161 0 0 0 0 0 2 255
    0 255 255 0 255 0 22 0 255 255 172 0 0 255 241 0 33 0 0 255 0 255
    255 255 0 0 0 255 255 255 0 109 0 255 255 198 0 0 255 0 255 0 227 0
    78 0 255 255 44 255 0 0 255 255 245 255 255 0 144 0 255 125 176 0 0
    255 255 255 157 24 255 0 0 255 255 177 255 255 159 246 229 35 0 103
    182 193 0 0 187 179 255 0 243 185 0 0 255 255 255 255 255 0 0 255 74
    0 255 255 255 0 0 89 0 182 255 14 255 165 2 255 0 0 0 0 0 205 0 0
    255 0 255 222 144 255 0 0 159 198 255 0 255 0 255 0 255 0 255 255
    251 59 0 0 0 255 255 92 255 255 255 0 255 255 61 0 255 0 50 0 255 0
    0 0 255 255 128 0 157 200 0 255 0 255 0 0 255 248 0 0 0 255 18 0 0 0
    255 193 255 255 76 0 0 0 255 0 255 0 117 0 255 150 255 255 0 147 255
    255 0 0 163 198 255 0 0 0 0 255 0 255 0 0 0 0 255 255 255 0 255 66
    255 16 255 0 255 0 255 0 255 255 255 0 255 0 255 0 0 0 0 255 255 132
    255 255 195 191 255 13 255 0 0 0 255 255 255 0 183 0 0 0 0 0 0 255 0
    0 0 211 0 0 113 255 255 255 255 255 0 0 255 255 187 0 255 0 0 255
    255 255 255 0 255 210 234 0 255 208 255 0 221 0 255 255 255 255 255
    204 0 255 255 0 59 0 255 0 255 0 255 0 255 0 255 0 255 0 255 255 255
    255 0 255 0 255 255 0 255 255 231 255 0 255 140 255 0 0 0 178 0 255
    255 255 0 0 255 129 0 83 255 255 216 129 255 228 255 255 255 255 0
    69 152 255 255 0 255 0 255 0 255 255 255 0 0 0 255 0 0 255 132 255 0
    0 123 255 255 0 255 255 255 0 59 255 187 255 255 255 3 0 0 255 0 107
    228 255 255 255 0 107 0 194 0 255 255 255 0 255 0 0 255 0 249 254
    255 62 0 255 61 255 0 0 0 84 255 12 194 255 0 0 26 255 37 255 235
    255 0 230 21 226 255 255 255 0 0 189 223 0 255 0 255 0 255 0 255 0
    81 0 90 0 100 255 255 255 0 0 255 0 255 0 0 0 0 94 255 255 0 0 0 255
    255 255 0 255 0 0 255 255 255 0 78 255 15 255 0 12 0 255 255 255 0 0
    142 255 255 255 255 0 0 45 171 255 0 255 0 255 0 50 0 0 59 255 255
    255 0 0 244 255 0 103 0 255 255 180 0 255 222 255 0 255 255 255 0
    255 255 255 0 0 238 255 0 255 0 0 0 0 176 82 0 0 0 0 0 79 0 255 255
    255 255 0 0 0 0 0 255 255 255 0 0 0 207 255 0 0 0 255 255 255 255 0
    0 53 255 0 255 0 0 0 255 5 193 255 255 0 0 255 255 255 0 0 255 114
    156 255 50 0 0 0 255 109 104 255 0 47 0 255 0 0 0 255 255 255 0 0
    251 255 255 78 0 255 255 255 255 234 0 0 0 36 255 255 68 0 255 0 0 0
    255 0 255 255 255 0 255 17 0 99 255 255 0 67 255 255 255 255 255 0 0
    255 175 202 0 0 0 255 255 255 255 255 0 0 255 255 0 0 0 225 0 255 0
    33 0 28 255 140 255 255 0 0 255 0 0 0 0 255 0 255 0 255 81 0 0 255
    255 0 255 140 245 0 0 255 255 0 255 0 145 0 27 255 0 35 82 255 82 0
    255 255 255 255 255 255 0 255 255 255 246 0 255 0 255 255 255 255 0
    0 56 130 255 0 0 255 255 0 125 0 6 255 255 255 255 181 0 255 48 0
    255 255 136 0 255 0 255 0 255 242 174 0 0 255 255 0 0 255 255 0 46
    255 255 0 0 255 0 255 153 68 0 255 207 255 242 0 93 0 0 255 255 255
    0 255 0 0 0 0 255 0 255 255 0 0 255 152 255 0 0 255 255 0 255 0 255
    227 0 0 147 255 0 0 0 255 255 255 255 200 0 255 80 0 133 177 255 108
    255 26 255 255 0 0 142 255 72 231 255 0 255 0 255 0 255 255 0 0 0 70
    255 255 255 0 255 0 0 255 255 206 0 255 255 255 152 0 0 0 255 255
    255 0 255 255 255 255 255 0 124 106 255 0 255 218 255 255 0 34 255
    131 24 0 97 0 255 255 0 255 255 255 0 0 0 0 255 254 255 138 255 255
    0 81 214 0 255 177 255 0 255 0 255 255 0 169 255 0 118 22 0 0 0 243
    255 255 255 21 131 255 255 0 0 0 100 255 255 255 255 255 255 255 0
    34 0 0 0 255 0 255 0 255 142 0 0 0 0 0 0 14 255 255 201 80 0 98 92
    255 255 126 0 0 0 0 0 255 255 0 255 0 0 255 255 112 0 0 255 0 255 0
    255 28 225 0 255 255 255 0 255 255 0 0 21 81 0 74 255 208 0 0 0 57
    255 255 255 99 117 0 0 0 254 94 21 255 0 43 255 0 0 0 51 255 174 83
    0 255 0 0 0 0 255 37 255 0 0 0 255 255 0 35 0 255 255 255 0 0 117
    255 0 0 0 255 255 255 0 218 147 255 147 255 0 255 255 255 0 100 0 24
    203 192 0 0 0 0 0 120 255 0 255 0 255 0 0 138 0 0 169 255 0 255 255
    0 0 255 0 255 32 255 0 0 255 255 255 0 0 0 49 255 255 0 164 115 0 0
    255 255 255 0 0 15 0 255 255 255 0 0 23 255 255 255 0 0 0 0 255 255
    255 255 0 244 16 255 56 0 0 255 0 255 0 58 155 255 0 255 0 120 0 255
    0 231 255 255 0 0 0 255 0 255 255 255 0 0 0 195 77 255 0 255 255 255
    255 2 0 255 255 255 110 0 0 0 0 0 255 255 255 0 255 0 255 0 255 0
    255 162 255 0 0 0 255 255 255 0 0 0 255 255 255 186 0 0 176 0 255
    255 29 255 255 86 0 54 0 255 0 255 125 248 255 255 0 0 255 25 255 0
    106 80 255 0 0 0 255 255 51 0 169 0 255 0 255 0 255 255 255 0 0 255
    255 0 0 163 255 99 4 0 0 0 230 0 255 0 255 0 0 0 0 255 255 255 0 0
    206 17 0 136 255 255 0 255 63 255 0 255 255 255 0 255 225 113 255
    255 255 255 255 0 255 0 0 0 255 105 0 0 255 255 255 255 255 255 29
    255 255 255 255 0 0 0 78 0 226 255 0 255 0 255 0 255 0 0 0 255 0 0 0
    113 255 255 0 0 255 0 255 255 0 0 0 255 255 0 255 62 15 0 1 21 0 255
    32 255 0 199 255 0 255 0 255 0 0 255 167 255 255 0 255 255 255 255
    255 0 0 0 255 255 255 0 180 0 255 157 255 7 161 126 255 0 0 0 255
    255 255 0 0 255 255 0 0 255 84 0 0 38 245 13 0 255 255 255 0 0 0 255
    0 200 255 232 255 0 204 255 40 0 0 0 0 255 255 0 0 0 255 255 0 255
    255 0 0 212 255 255 255 0 203 0 0 255 0 40 0 0 255 255 255 81 255 0
    255 48 255 0 0 255 219 0 0 0 255 249 255 0 243 0 255 206 255 44 255
    0 0 255 0 0 0 199 255 0 0 0 255 255 255 0 0 255 0 52 138 252 0 0 255
    255 0 0 103 255 255 7 255 255 255 0 255 87 255 255 255 0 0 0 255 255
    255 255 0 255 0 255 255 255 0 0 255 0 255 0 255 255 255 0 0 255 0 73
    255 255 0 0 255 255 255 255 0 0 0 255 255 0 0 255 0 255 255 255 0 0
    0 0 255 8 255 173 255 169 255 255 255 0 12 0 150 255 131 0 255 0 255
    0 255 0 0 0 96 0 255 255 0 39 0 0 0 255 255 255 0 0 41 255 255 77 0
    0 0 255 255 255 0 0 0 255 255 0 255 0 113 255 0 0 27 255 255 0 0 221
    0 255 0 0 0 0 255 255 0 255 0 45 225 0 0 146 255 0 255 255 0 255 0 0
    225 0 255 255 140 0 0 255 255 255 53 0 232 255 0 0 0 0 255 255 255
    255 0 255 207 0 0 255 255 255 211 0 0 255 194 0 255 255 255 0 0 255
    255 255 255 255 255 0 255 255 0 0 48 0 0 0 255 255 255 0 54 32 0 128
    30 255 255 0 0 0 0 208 10 255 255 133 255 0 237 0 255 255 255 134
    255 0 144 0 0 255 255 255 57 0 38 173 255 0 0 255 255 0 0 0 0 255 0
    0 255 255 255 0 0 255 255 255 0 255 38 255 255 0 0 255 255 0 0 255
    69 87 64 124 255 255 0 0 255 0 0 0 255 0 255 0 93 255 255 255 255
    116 0 0 153 149 255 223 255 0 0 0 255 255 255 0 0 0 255 255 0 255 0
    255 102 255 50 255 0 0 135 79 0 0 0 0 255 250 255 0 0 38 255 255 255
    0 255 255 255 0 0 255 250 0 255 0 255 0 255 0 0 165 0 0 0 231 255
    255 0 0 255 0 255 0 0 4 255 255 255 29 0 0 0 249 0 0 255 255 255 255
    255 0 0 255 0 255 0 255 38 255 255 255 0 14 255 255 0 255 254 255 64
    255 255 0 0 0 0 0 199 0 0 237 255 255 255 0 0 156 0 255 0 255 0 255
    0 255 0 255 0 255 0 255 0 0 0 255 255 255 28 0 0 0 255 255 53 255 0
    255 235 0 0 253 255 255 0 0 0 255 0 255 0 255 255 94 0 97 216 255 0
    0 255 224 220 0 177 0 255 30 255 255 85 0 0 0 60 0 0 0 0 0 255 0 255
    0 0 255 255 255 255 255 0 74 0 255 80 0 179 0 0 0 255 255 255 190 0
    0 0 0 62 255 255 255 79 0 255 0 0 0 255 3 8 228 52 0 0 255 255 182
    91 204 169 255 255 4 255 255 0 0 0 0 255 3 115 0 255 0 53 255 255 0
    255 0 255 107 255 255 0 255 125 0 246 255 255 0 255 255 255 0 0 255
    0 255 0 255 0 0 160 255 255 37 0 0 255 0 255 83 0 255 66 255 255 123
    0 0 150 123 0 255 0 255 255 255 199 0 0 255 165 255 0 34 0 255 255 0
    0 255 255 255 0 255 0 165 0 255 0 0 0 198 0 255 255 255 255 179 255
    0 0 0 255 0 39 96 108 0 255 255 255 0 122 0 255 255 255 0 0 255 0
    255 255 255 51 73 0 0 176 44 255 255 116 0 255 255 255 0 255 196 255
    255 95 75 0 0 206 0 0 23 255 0 169 65 255 233 0 0 222 0 156 133 114
    0 0 202 0 37 0 255 255 255 86 255 0 0 0 136 255 0 255 244 231 255
    255 84 151 255 0 255 255 255 228 146 0 0 0 255 8 255 0 255 255 0 0
    36 255 108 255 0 255 0 61 0 255 193 255 0 0 255 255 255 164 110 0 0
    0 255 255 0 255 0 57 0 33 250 0 255 0 255 0 148 0 252 0 255 0 0 54
    255 0 255 54 255 0 51 0 0 0 255 255 146 0 0 255 0 0 255 0 255 0 255
    255 255 255 0 0 0 255 0 15 0 255 0 56 255 255 31 0 0 0 255 0 255 0
    255 255 255 0 0 55 0 255 0 0 109 0 255 247 157 81 255 0 0 0 255 255
    255 0 0 255 0 255 0 255 0 0 0 21 0 255 0 255 255 0 0 255 255 0 68
    255 255 255 0 122 255 0 0 255 255 255 101 255 255 255 237 0 150 0 57
    90 0 255 255 255 14 0 0 255 255 255 0 223 0 0 0 255 197 0 0 255 255
    255 0 0 215 254 255 255 255 0 255 0 162 0 140 0 0 85 255 0 0 255 0 0
    0 0 208 0 0 255 0 0 0 0 0 166 255 255 203 0 0 0 255 255 0 0 48 150
    255 0 255 76 255 255 0 135 0 126 255 59 47 255 65 255 0 0 0 0 255
    255 0 0 0 0 0 255 255 255 0 255 255 255 0 225 255 255 255 0 0 255
    255 250 0 0 26 255 0 255 255 87 255 0 246 0 3 255 0 255 242 255 0 0
    0 0 255 255 255 0 0 0 255 255 0 41 255 255 0 255 0 255 0 0 255 255 0
    0 255 255 255 0 0 255 255 255 227 0 0 255 255 204 147 0 125 0 0 61 0
    255 0 138 30 255 18 255 90 255 255 233 0 0 255 255 255 255 255 0 0
    234 255 0 0 0 0 255 0 71 90 255 255 0 255 73 255 255 134 0 0 0 29
    255 255 165 255 0 255 255 255 0 0 0 0 0 255 255 0 255 255 170 113
    246 0 255 0 255 0 255 0 255 84 0 255 0 0 255 255 0 0 0 0 196 145 255
    10 255 0 255 255 167 109 233 255 240 0 199 0 0 255 0 35 255 255 0 0
    255 255 0 0 0 255 255 0 255 0 255 198 0 246 255 0 0 0 255 255 255 0
    0 0 255 255 255 0 0 255 177 0 0 46 21 255 255 255 0 255 0 255 0 219
    14 255 0 0 0 255 0 255 0 255 0 55 124 255 6 255 0 0 255 255 255 255
    168 255 0 255 255 0 75 0 219 0 0 0 0 0 172 38 0 255 198 255 0 0 0 0
    255 0 7 0 0 255 255 0 0 0 255 0 47 0 255 0 0 0 0 255 0 0 0 0 126 255
    249 0 38 222 255 255 255 206 255 0 255 226 150 0 0 255 255 255 0 0 0
    0 0 255 69 255 0 0 255 255 255 255 0 0 0 255 255 255 204 255 0 254
    255 255 255 0 0 255 0 0 255 255 0 0 0 109 255 130 255 0 255 0 255 0
    255 255 255 255 255 0 255 0 255 138 255 49 183 0 254 0 255 255 255 0
    191 255 0 0 255 0 255 0 194 255 255 0 250 8 0 19 255 255 0 255 0 255
    0 255 255 0 255 0 0 0 255 226 0 173 0 255 0 255 0 98 0 255 255 255 0
    108 22 255 255 0 255 0 0 0 0 84 0 255 0 255 0 255 0 196 128 167 255
    255 0 0 255 255 255 255 0 0 0 255 0 255 255 255 255 255 0 0 255 0
    255 1 255 255 255 0 0 0 0 0 255 0 255 145 255 0 0 0 255 255 0 255
    255 0 0 99 0 241 255 255 0 0 255 176 0 0 0 255 0 255 0 0 0 0 255 51
    255 255 255 0 0 255 0 255 0 255 255 139 242 0 255 242 255 231 0 13 0
    0 0 255 0 0 0 255 255 255 0 0 196 255 255 0 255 93 0 17 158 0 4 0
    255 230 0 255 255 105 0 0 0 255 0 255 0 0 255 0 255 0 255 0 0 255
    213 255 255 255 0 255 255 255 0 0 230 84 255 255 15 255 0 255 0 0 0
    50 255 0 122 255 0 255 0 255 255 255 0 0 0 117 255 255 0 255 0 255 0
    48 21 233 0 239 0 0 255 255 242 60 0 255 239 255 0 91 194 255 156
    255 0 55 220 255 255 124 255 0 255 0 255 0 0 255 0 255 68 255 0 0 0
    255 21 0 0 0 255 187 255 255 255 255 0 0 0 255 255 0 0 255 255 255 0
    164 255 255 0 0 0 0 255 0 255 0 255 255 0 127 133 255 255 122 0 255
    255 0 0 37 255 174 255 255 0 0 34 0 255 0 255 114 255 0 0 0 135 255
    255 0 0 0 255 0 255 0 0 0 162 255 255 255 142 255 0 255 0 0 255 255
    255 0 0 8 255 255 255 255 193 117 255 0 0 0 255 42 255 255 0 25 0
    255 0 0 255 0 0 255 255 0 255 118 2 64 255 0 11 80 0 255 0 177 0 244
    255 255 136 0 119 255 255 0 234 0 255 255 255 0 0 31 228 255 0 0 255
    255 63 255 255 0 0 0 255 255 128 0 0 0 255 0 194 229 255 0 255 0 0 0
    0 0 255 125 255 0 255 0 0 0 0 0 255 0 0 0 255 255 255 0 0 255 66 0 0
    255 255 255 0 255 201 0 0 255 214 0 0 255 0 0 255 255 0 255 255 66
    255 0 188 0 213 255 255 255 0 0 255 254 0 230 255 255 255 0 0 0 255
    255 179 0 0 90 255 255 255 0 0 0 0 0 138 255 0 255 255 0 57 0 107 0
    0 0 238 0 255 42 255 224 212 0 255 0 255 0 255 0 26 39 255 255 253
    166 120 0 0 255 255 71 0 255 204 97 0 255 255 183 0 0 255 0 255 48
    255 255 255 0 0 255 255 255 255 0 0 0 10 0 255 255 255 0 255 10 128
    0 255 255 155 0 255 255 255 169 0 255 0 0 255 255 205 100 0 0 0 255
    0 0 77 255 150 0 22 0 109 255 255 0 255 203 255 0 255 0 255 0 0 14 0
    255 85 239 0 255 0 0 0 255 0 255 0 94 0 19 190 255 31 255 30 103 205
    255 255 52 7 66 255 255 0 0 0 0 0 0 255 255 0 0 255 255 140 0 0 0
    255 0 255 242 255 0 97 255 1 255 0 52 0 0 0 255 255 0 0 0 255 255
    255 0 0 0 0 0 255 0 255 255 160 255 255 255 0 125 0 185 0 255 255
    255 0 0 255 0 0 205 255 6 0 0 0 169 255 0 0 0 255 255 0 0 0 255 86 0
    202 255 0 255 255 191 255 0 0 255 0 0 0 255 255 255 0 0 0 213 255 0
    0 255 0 255 255 255 255 255 255 0 255 0 0 0 255 249 164 255 0 73 0
    190 0 0 163 255 0 232 255 255 0 89 0 255 255 0 0 0 0 255 42 196 255
    0 151 0 0 0 255 0 0 0 0 255 255 0 255 255 255 0 0 149 38 255 0 255
    255 0 0 67 34 0 26 0 255 255 255 0 0 255 255 0 0 66 255 255 132 0 0
    0 255 255 196 157 255 0 0 0 197 192 248 255 179 0 255 95 255 255 0 0
    0 188 112 226 255 255 255 60 255 0 0 0 122 255 0 201 0 255 255 0 255
    67 255 44 255 0 0 0 0 0 255 125 221 0 0 255 0 255 255 255 0 255 255
    255 255 255 255 255 0 0 0 255 255 255 255 255 255 0 60 255 0 235 0 0
    65 0 255 126 0 0 0 0 0 255 0 255 0 255 0 0 0 0 28 255 255 0 255 0
    255 0 255 0 255 0 255 0 0 138 255 255 255 255 0 255 0 255 0 255 255
    255 255 0 255 136 255 0 0 136 74 255 255 0 0 0 0 255 0 0 255 0 255 0
    255 0 255 255 0 0 0 9 142 255 0 255 0 255 0 255 255 255 0 0 0 255 0
    142 0 255 0 247 255 0 0 0 221 255 204 255 0 0 162 6 255 255 0 0 255
    255 9 255 0 255 158 0 7 0 137 255 0 2 255 0 255 103 255 0 255 181
    255 255 0 0 255 238 255 72 255 255 0 255 0 255 255 255 255 0 0 255
    255 0 255 247 255 255 255 255 255 0 0 0 0 32 0 255 144 255 73 255
    131 0 255 255 58 100 0 255 0 0 0 255 255 0 0 0 248 0 250 255 170 255
    255 255 0 255 0 0 0 255 0 255 0 255 0 0 255 255 255 0 255 178 156 0
    255 255 255 0 255 255 0 255 0 255 0 255 0 255 0 0 250 66 255 0 0 0 0
    255 255 255 255 0 255 0 243 255 255 140 0 255 0 255 129 15 0 255 255
    0 0 47 0 173 255 255 255 0 255 0 0 0 0 255 255 255 255 0 0 255 0 0 0
    255 255 0 255 0 146 255 0 0 255 0 0 0 255 255 255 0 0 0 255 255 0 49
    0 255 95 255 103 255 194 0 0 0 0 255 255 0 0 0 255 0 62 255 255 255
    255 0 255 0 255 89 255 0 255 0 255 0 255 0 255 255 0 255 0 255 0 255
    255 0 255 255 255 49 0 0 255 255 255 0 0 0 0 255 255 54 200 0 255 0
    255 149 255 0 1 0 255 0 234 0 95 0 144 255 231 255 0 25 0 101 30 0 0
    114 255 255 255 255 0 0 0 0 0 0 255 0 255 44 101 0 0 255 200 255 255
    0 0 0 255 255 255 0 255 255 0 0 0 255 255 13 0 0 0 255 0 0 0 102 255
    23 255 34 0 0 0 0 255 0 255 0 255 255 0 67 126 255 0 255 14 174 255
    255 87 0 255 255 10 255 255 255 0 255 255 39 0 255 131 255 0 0 0 0 0
    255 32 255 255 255 0 0 0 255 255 255 0 255 0 255 255 140 18 255 0
    184 0 26 130 255 255 137 255 185 0 207 255 244 0 0 255 157 255 132
    255 0 0 255 255 255 131 0 0 0 0 0 255 255 255 0 148 0 255 0 0 0 255
    255 255 255 0 0 255 65 255 0 255 0 0 0 255 255 0 0 0 255 0 45 0 255
    134 0 255 255 255 255 0 255 27 221 0 255 0 0 82 255 255 0 255 203 0
    0 0 0 137 0 0 0 0 152 255 61 64 255 255 255 0 0 0 255 255 255 0 204
    255 255 0 116 255 71 255 0 255 0 255 0 255 255 255 0 0 255 255 255 0
    0 0 27 255 255 0 0 229 255 255 0 0 255 0 255 0 255 0 255 52 244 0
    172 213 122 255 0 0 255 227 255 86 0 0 0 255 0 255 255 222 255 100 0
    0 255 193 207 143 0 255 0 0 0 219 0 255 0 255 188 255 233 255 255
    255 0 0 21 255 0 255 255 0 0 0 0 255 255 255 157 0 255 255 255 0 16
    255 255 198 0 255 0 255 255 255 0 0 255 0 255 234 199 255 255 255 0
    0 39 17 255 144 230 0 255 120 250 0 255 124 0 255 255 0 0 0 29 255
    35 154 0 96 0 255 255 0 255 255 255 117 0 0 72 0 0 0 41 243 255 0
    255 0 255 0 255 255 255 0 0 0 255 97 255 0 110 179 22 255 0 162 255
    255 0 250 0 154 255 65 177 255 0 0 0 10 0 0 255 255 255 0 0 0 241
    255 255 255 255 41 0 179 255 72 255 0 3 255 8 255 0 0 0 255 255 255
    0 255 255 255 241 255 188 0 255 255 53 255 0 255 255 0 255 255 255 0
    0 255 0 255 192 255 0 110 0 255 0 0 0 255 131 255 65 255 255 0 0 0 0
    255 138 255 0 0 0 255 255 0 0 0 0 255 255 77 0 0 0 163 255 255 0 0
    247 0 255 0 87 255 0 16 0 102 255 255 255 0 0 0 0 255 247 255 0 200
    255 255 255 0 0 0 255 0 255 0 189 0 255 255 255 255 255 0 0 255 0
    255 27 0 0 0 0 0 255 255 255 0 0 255 255 255 0 0 0 255 255 0 0 255
    255 0 0 0 255 0 0 0 255 255 255 255 70 255 177 255 0 255 101 255 0
    255 0 255 0 233 0 255 0 0 191 0 255 0 255 0 255 0 255 14 255 197 0 0
    255 255 255 0 0 215 255 255 0 4 0 232 183 0 255 255 255 255 255 145
    0 66 0 255 0 255 255 255 255 0 255 29 209 0 105 0 255 255 255 255
    247 0 0 0 254 255 184 206 147 255 255 255 0 0 0 255 0 255 0 255 255
    105 0 255 255 0 0 0 255 255 240 132 0 0 65 112 255 0 255 0 255 44
    255 255 255 255 255 0 0 255 0 0 0 172 255 255 255 0 0 30 255 255 255
    0 0 0 8 0 255 255 143 255 0 0 194 255 0 0 0 172 0 0 136 255 118 255
    53 255 0 0 0 255 0 0 0 255 255 128 0 226 255 0 0 0 0 21 255 255 255
    0 255 0 255 0 255 0 255 255 0 0 0 0 255 255 255 0 0 0 255 255 57 255
    0 255 0 0 107 255 255 255 75 227 0 255 0 0 255 0 0 191 0 255 255 0 0
    0 0 0 145 152 158 0 0 255 255 255 0 109 0 0 255 255 0 0 0 255 255 0
    255 0 255 0 0 169 149 255 171 255 44 255 0 0 0 0 255 255 254 255 140
    0 38 6 0 255 0 0 255 0 0 255 255 255 255 0 13 0 161 255 255 255 172
    0 0 203 0 0 255 101 20 255 0 121 0 230 255 255 61 71 210 0 79 255
    255 0 206 0 255 169 255 49 0 255 0 255 0 152 0 112 0 0 0 255 255 255
    0 0 0 255 0 255 255 255 0 255 0 255 0 0 0 255 0 255 0 179 0 255 0
    255 255 255 0 14 255 0 255 0 255 123 255 199 0 255 161 73 0 255 255
    0 0 164 0 0 255 255 255 0 0 138 255 255 255 194 138 0 18 0 255 255 0
    0 255 0 255 0 255 0 171 0 102 255 0 255 255 247 118 0 0 255 255 255
    0 143 229 0 0 194 0 255 255 162 41 255 255 255 0 255 0 255 105 255 0
    0 0 208 148 0 255 191 255 0 0 0 61 255 10 0 255 255 255 255 0 255 0
    0 255 255 202 0 255 0 255 12 255 0 0 0 0 0 0 255 255 255 255 255 255
    0 0 0 161 255 0 0 0 255 199 0 255 235 255 0 0 255 255 255 194 0 0
    255 255 0 255 239 255 0 0 0 47 85 5 0 232 0 226 0 50 25 255 255 104
    0 0 176 255 0 255 250 255 0 255 118 255 30 0 35 0 255 0 143 0 0 159
    0 255 255 255 0 255 0 255 255 0 0 254 255 46 54 0 105 0 255 0 0 0
    255 255 255 0 241 188 0 0 0 255 0 0 255 0 0 255 0 255 0 184 255 255
    137 0 212 87 255 0 0 0 0 0 255 0 0 255 0 128 0 255 140 0 0 255 255
    255 255 0 255 255 0 0 255 255 175 0 76 0 255 255 255 0 0 0 255 241 0
    0 91 0 0 0 255 0 0 255 255 255 0 255 209 255 0 255 0 255 0 255 0 255
    0 1 0 158 0 255 191 255 0 0 255 186 255 0 255 0 0 255 255 255 0 255
    255 255 255 82 0 255 194 255 0 0 0 0 255 255 255 185 255 255 0 0 0
    152 26 0 0 0 74 255 255 255 255 235 28 255 32 0 255 150 0 255 0 255
    7 153 0 209 0 233 255 0 255 255 255 0 139 0 0 255 0 255 22 255 255
    255 0 237 0 0 255 0 255 0 255 0 255 0 255 41 58 0 0 255 226 0 255 0
    255 0 255 255 255 0 0 255 255 0 255 255 255 255 0 0 0 255 206 0 0 0
    0 0 255 185 255 0 255 0 255 255 255 0 150 77 255 255 15 0 0 179 0 0
    255 0 179 0 255 0 255 0 104 183 255 129 0 0 0 0 255 255 0 175 0 44
    255 255 223 255 255 255 255 0 0 0 255 255 255 0 0 0 255 0 0 255 255
    185 255 0 255 0 197 255 255 255 0 255 0 255 223 255 0 0 0 93 0 90 0
    0 231 255 251 255 0 154 0 255 255 255 255 0 0 0 255 255 255 0 0 0
    255 0 0 0 255 255 0 0 0 255 255 255 0 255 202 135 255 0 255 0 255
    255 255 0 238 255 255 255 0 23 0 255 255 255 160 255 255 255 0 0 255
    0 255 0 255 255 0 0 255 0 255 0 0 0 145 0 0 255 0 255 60 0 255 255
    173 74 65 0 0 0 255 255 255 255 255 59 255 0 12 255 255 255 255 0 0
    0 0 255 255 255 254 255 255 0 0 0 255 255 0 0 0 255 255 255 157 61
    255 0 255 0 255 0 0 227 255 0 255 219 255 255 255 0 0 0 0 124 0 255
    0 255 255 255 255 191 84 255 255 2 0 95 153 218 52 0 0 255 255 255
    42 0 253 0 223 255 0 0 172 255 255 160 0 7 255 99 255 255 0 0 255 0
    18 255 255 255 255 255 255 48 0 0 255 255 255 0 0 0 1 207 255 255
    255 0 255 0 255 255 255 117 0 51 255 255 255 0 0 255 203 0 151 255 0
    255 0 255 0 74 255 255 255 0 255 198 0 0 0 255 255 134 0 194 255 183
    255 0 0 0 94 255 236 200 217 255 61 255 255 0 0 188 242 0 0 255 255
    255 0 0 0 0 255 255 255 0 0 0 142 255 255 0 0 0 255 79 229 0 97 0 0
    0 255 91 0 255 193 248 0 0 255 255 255 227 255 255 0 0 101 255 255
    255 0 0 0 255 255 0 255 220 21 0 0 82 204 240 0 255 0 234 255 0 255
    255 0 0 0 255 255 0 0 0 161 95 0 255 74 203 0 96 0 255 255 255 255 0
    255 255 255 36 0 0 255 0 255 30 255 0 255 2 255 213 0 12 1 255 54 0
    0 255 255 255 226 190 0 0 255 255 255 0 41 0 255 0 255 0 255 0 0 0
    39 255 230 255 0 0 0 255 255 255 50 255 255 255 255 45 0 255 229 0 0
    138 255 255 0 255 210 255 120 255 0 0 255 255 0 12 255 255 121 0 0
    255 255 255 167 255 0 255 127 147 0 255 0 255 0 255 0 255 0 255 255
    43 255 255 255 255 0 255 255 255 255 0 0 85 0 0 0 47 255 0 156 255
    230 0 255 255 0 82 255 86 50 0 255 255 0 255 53 255 0 0 30 255 255
    104 161 0 255 0 255 0 255 0 237 123 0 255 255 255 0 0 38 0 27 255
    255 255 10 0 0 131 255 255 0 0 0 0 206 255 255 0 255 0 255 23 255
    255 181 255 0 0 0 255 0 255 243 0 190 0 0 0 255 0 255 0 255 0 0 0
    255 0 255 255 255 0 1 255 255 162 0 255 255 255 0 0 255 32 106 34
    255 255 255 255 0 224 255 255 0 255 255 0 151 210 255 255 241 255 0
    0 135 255 237 255 0 255 0 53 59 0 255 0 255 140 255 0 0 0 0 255 52
    255 0 0 255 255 0 0 0 0 255 255 0 255 0 0 222 0 237 0 0 0 225 255 0
    43 0 0 137 244 255 255 255 176 255 255 0 0 0 225 0 255 0 255 255 255
    0 255 0 0 0 0 0 204 255 35 0 0 255 255 252 0 0 255 0 255 0 87 105
    118 0 255 255 255 199 0 0 255 183 255 192 255 111 255 0 255 255 255
    0 50 148 0 255 0 0 255 0 126 239 255 193 255 0 255 255 255 0 0 180
    24 0 255 255 122 12 255 255 255 0 0 0 0 255 232 111 255 79 255 219
    78 255 0 255 0 12 140 0 0 0 255 255 255 0 0 0 49 255 255 3 0 0 255
    120 0 0 70 255 255 98 0 255 201 255 191 0 0 0 0 255 255 255 0 0 255
    247 0 0 58 255 0 249 0 0 255 0 81 115 255 255 0 0 0 255 255 0 255 42
    255 0 0 180 255 0 255 0 255 255 255 255 255 0 0 145 238 0 255 0 118
    0 0 255 255 255 0 0 0 0 255 0 255 213 255 0 0 0 255 255 255 0 76 88
    0 0 0 157 255 255 255 0 0 221 0 246 255 255 252 0 0 0 255 217 255 0
    255 0 255 255 210 255 0 0 0 255 255 0 0 0 255 255 255 255 100 174 0
    0 142 0 0 0 255 0 255 254 4 0 255 0 0 96 255 255 0 186 0 0 122 0 255
    47 255 0 255 220 0 46 0 255 0 255 0 255 158 0 0 255 0 0 0 0 157 255
    0 255 0 73 0 255 255 13 0 14 0 255 0 255 0 35 0 0 27 255 0 255 255
    255 0 171 0 255 0 86 113 255 255 255 255 15 0 179 0 255 0 255 0 138
    0 0 0 255 255 0 0 0 42 255 220 0 170 241 0 0 255 255 0 255 0 255 171
    217 255 0 255 0 255 0 146 255 255 40 255 255 150 43 0 0 255 255 255
    159 255 0 4 255 255 255 0 255 162 255 0 255 255 255 0 0 0 76 255 255
    0 135 96 9 0 0 0 123 0 0 240 0 255 0 255 0 255 0 255 255 255 0 255 0
    255 0 0 0 0 255 255 121 54 0 0 0 0 0 255 183 255 142 255 0 0 255 210
    255 0 0 0 149 0 255 102 255 255 149 0 0 0 255 255 255 255 0 0 0 19
    70 255 0 255 255 255 0 33 52 143 255 0 0 255 255 0 0 255 180 255 94
    255 0 0 255 255 0 50 0 255 185 255 255 0 100 0 0 164 255 207 0 138
    67 0 255 0 0 0 0 255 255 255 0 255 141 0 0 0 0 0 0 0 67 255 255 255
    0 0 255 255 255 255 255 0 156 0 0 142 255 0 0 0 13 220 0 0 216 255 0
    76 169 0 0 255 136 255 0 255 0 0 20 255 255 175 0 0 255 255 255 133
    0 72 255 0 0 255 255 255 255 0 0 96 255 255 0 0 255 255 255 0 255
    255 255 0 0 92 255 255 0 83 0 0 0 0 192 255 255 0 0 0 255 255 255 0
    255 255 197 0 255 255 255 187 0 0 255 63 255 0 0 0 119 255 0 255 255
    241 0 0 255 244 255 146 225 0 255 0 255 129 0 0 239 255 0 0 0 255 0
    66 255 255 185 255 110 0 242 255 255 255 77 67 34 0 0 0 0 255 107
    118 255 0 62 255 0 0 121 42 0 0 255 0 166 255 0 220 255 10 255 0 169
    255 254 255 255 128 255 0 255 0 61 0 255 255 159 255 255 255 255 0 0
    0 255 255 255 0 222 0 255 8 0 255 0 163 98 255 255 255 0 255 194 5
    255 255 255 70 255 0 236 0 0 0 0 255 193 0 0 0 1 0 255 251 255 21
    255 71 255 0 0 0 255 255 255 255 0 255 0 255 255 255 71 0 0 217 3
    255 198 0 175 255 0 232 71 156 13 248 0 255 0 255 0 100 255 255 255
    255 49 0 83 0 255 255 0 0 0 255 255 0 109 255 255 0 0 0 255 255 255
    0 0 255 113 255 255 255 0 12 0 0 0 0 0 0 255 255 0 0 0 255 0 0 0 255
    255 255 0 0 255 0 0 0 0 208 0 255 255 255 255 255 28 0 140 0 255 255
    229 0 0 169 255 14 18 35 169 0 0 0 80 255 255 255 0 0 74 255 154 0
    120 252 255 0 255 0 255 255 255 0 0 0 255 0 186 255 255 255 255 0
    188 255 255 255 104 0 0 255 255 255 0 255 0 0 0 122 255 255 0 140
    255 51 0 0 255 255 255 172 0 255 0 255 0 255 255 0 16 0 255 0 255 0
    255 0 156 191 255 181 0 0 216 255 255 131 255 0 2 227 255 0 8 0 255
    73 255 0 63 0 0 216 0 246 202 191 0 255 255 44 0 0 0 255 0 255 0 0 0
    0 255 255 53 95 255 255 255 0 255 0 222 0 255 0 255 42 255 0 255 0
    255 0 255 255 79 0 255 211 0 60 89 255 255 255 0 255 0 0 0 0 255 255
    255 255 255 0 255 0 255 255 4 0 0 0 146 255 255 0 248 20 0 255 141
    154 255 255 255 0 0 0 255 255 255 0 0 255 0 255 0 255 0 255 0 103
    197 255 112 193 169 123 0 255 255 121 255 255 0 0 0 161 176 0 0 255
    255 255 0 0 0 0 0 255 0 255 0 255 0 255 255 0 0 252 255 255 21 0 0
    117 255 41 41 0 164 0 70 0 255 217 255 34 255 0 255 0 255 152 0 255
    0 255 255 103 88 0 0 0 255 255 255 211 0 255 0 0 0 255 255 0 255 0
    255 0 255 255 255 0 0 0 28 16 255 0 255 255 255 0 0 0 255 255 211
    255 255 255 93 255 0 88 255 255 255 100 118 255 0 255 236 255 255 65
    255 71 0 0 255 255 255 97 0 0 0 175 184 255 255 0 255 0 122 166 0 0
    255 139 255 0 22 0 255 204 0 151 0 0 0 255 255 0 0 38 255 255 255 0
    0 255 255 255 0 125 166 255 255 0 0 255 255 78 230 127 255 0 0 0 0
    255 255 132 0 61 0 255 0 230 255 255 255 0 255 0 0 4 255 241 137 255
    0 255 255 255 154 131 255 0 0 255 0 180 255 255 255 0 255 255 255
    255 255 255 0 0 255 255 190 68 0 255 255 0 63 255 255 255 38 255 255
    255 255 0 0 0 255 0 0 0 93 149 26 0 214 0 159 0 255 255 255 255 0 0
    0 255 0 255 0 0 255 0 103 0 255 255 255 255 0 0 0 255 255 0 255 0 0
    255 156 0 255 0 0 53 104 0 255 139 255 43 255 255 255 0 31 255 255
    193 255 0 0 0 255 255 0 255 0 213 255 59 27 191 0 154 249 255 255 0
    0 89 0 255 0 255 255 255 0 0 0 255 255 255 255 0 0 255 108 255 255
    255 215 255 0 0 0 255 255 191 255 255 11 255 255 0 51 0 255 255 255
    255 2 0 255 217 255 0 197 0 0 255 0 255 0 255 186 0 0 0 150 179 178
    255 255 255 255 0 255 198 133 39 255 0 200 0 255 0 0 0 238 255 0 255
    0 0 0 247 255 0 200 255 37 255 255 0 255 255 59 0 255 0 255 255 0
    204 0 255 0 0 0 180 0 255 138 255 0 81 142 217 255 255 0 0 0 255 79
    83 255 246 0 0 0 255 39 255 0 149 0 0 255 0 0 18 255 236 2 198 255 0
    0 0 0 0 255 0 0 0 31 0 0 255 28 255 0 255 0 255 106 255 199 0 0 255
    0 56 0 255 0 32 255 255 255 255 255 0 162 177 204 0 255 0 0 173 0
    255 255 255 0 97 0 255 255 255 0 87 0 255 255 255 2 0 0 255 29 0 255
    255 165 255 255 255 255 255 255 0 0 0 0 255 9 255 255 255 0 0 0 255
    36 175 0 255 255 255 255 0 0 0 255 255 255 255 255 0 255 255 77 255
    0 0 0 255 0 0 255 0 144 255 255 0 0 255 255 0 0 169 255 13 0 255 255
    255 102 0 0 255 0 255 10 0 255 0 255 255 195 154 255 0 0 0 255 0 255
    203 0 198 255 255 125 255 0 0 239 255 0 164 255 255 133 255 255 0
    255 201 255 154 255 0 179 128 255 255 255 255 0 161 0 67 207 0 87
    255 255 255 255 255 0 0 0 35 0 50 0 255 255 255 255 0 0 0 0 88 52
    255 0 140 0 255 0 0 0 0 255 255 0 187 70 255 0 0 221 0 255 255 0 0 0
    0 255 0 255 0 139 146 221 255 73 255 237 255 112 255 0 0 255 165 255
    0 198 168 0 87 0 255 255 65 0 0 255 255 255 255 255 0 183 0 30 0 255
    178 0 0 255 255 214 255 255 211 255 0 0 0 116 243 255 255 255 255 69
    0 232 0 141 0 255 181 255 6 255 244 159 85 171 0 0 255 255 255 0 0 0
    255 0 0 34 255 0 255 0 255 255 255 75 0 0 255 255 0 84 255 0 247 164
    255 255 0 159 0 2 0 0 127 255 255 255 0 255 0 0 169 255 255 0 255 0
    255 255 255 188 122 216 255 168 255 0 0 178 255 255 0 0 0 51 255 0 9
    168 189 2 255 255 0 255 0 255 0 107 12 0 0 255 0 255 0 193 255 0 255
    0 255 255 0 0 255 255 0 0 0 255 162 46 255 18 247 0 132 0 255 239 0
    0 0 255 2 0 0 0 43 255 255 80 0 0 49 14 0 0 0 0 0 255 0 0 0 255 255
    117 0 0 205 255 65 255 0 204 61 0 255 184 255 255 0 66 0 255 168 65
    0 0 255 255 69 255 0 0 0 255 255 214 255 0 0 133 0 255 0 255 150 0
    66 203 0 255 0 0 255 226 255 0 0 182 89 255 255 0 0 0 98 0 0 255 255
    207 255 181 0 0 0 255 0 0 0 0 0 0 0 0 255 134 255 255 250 0 255 0
    255 0 255 68 0 255 255 255 255 0 0 255 0 255 253 255 0 180 255 0 0 0
    0 255 255 255 117 0 202 0 0 192 207 255 0 0 0 0 158 255 255 195 255
    255 0 255 0 0 255 255 202 54 255 116 0 134 0 255 0 0 255 0 0 255 255
    0 0 255 255 255 0 255 255 255 0 255 176 255 0 0 0 255 0 0 0 255 0 0
    0 0 255 0 255 0 165 0 255 0 255 141 0 217 255 0 0 255 0 255 0 0 248
    255 253 0 0 45 0 255 176 255 255 0 0 0 255 255 239 80 0 255 255 0
    255 0 255 230 1 0 255 0 255 0 0 0 255 255 47 255 0 0 0 255 255 154 0
    255 0 151 0 255 226 255 153 214 255 255 255 0 211 0 119 255 255 0
    255 0 0 0 255 188 255 0 255 0 255 255 37 0 0 255 0 255 71 255 0 200
    0 255 0 202 0 85 255 47 0 55 255 219 245 0 0 255 132 0 255 255 255 0
    255 0 255 0 255 0 0 0 255 247 255 88 0 255 255 255 0 140 0 255 0 255
    255 71 0 0 255 138 255 0 219 0 255 0 0 0 0 21 255 0 255 0 255 97 255
    255 255 255 255 98 0 0 0 255 58 57 0 255 0 255 255 255 255 0 0 0 255
    255 255 255 0 0 0 255 255 0 236 189 46 255 0 255 0 238 149 255 0 141
    33 255 255 0 81 97 255 255 218 0 0 0 255 0 0 0 255 255 255 0 0 217 0
    255 0 255 0 255 0 255 0 255 205 255 0 0 0 255 41 230 255 0 0 0 0 255
    255 0 249 0 35 255 255 255 0 0 255 255 255 0 52 54 255 0 255 255 255
    255 0 161 0 251 255 224 0 255 0 255 255 0 168 255 0 255 0 170 0 0 0
    255 255 0 0 99 0 255 140 255 255 0 255 255 255 255 255 86 0 0 0 0
    255 255 82 255 182 173 255 255 180 255 0 124 255 255 0 255 255 255
    255 0 0 50 0 255 0 255 0 46 0 199 0 0 255 72 255 255 255 0 0 0 0 255
    255 255 255 88 0 113 255 0 0 0 29 244 255 135 255 0 0 0 99 255 255
    255 0 255 0 255 0 147 255 0 0 0 255 0 0 0 255 255 0 199 255 255 255
    255 0 255 0 255 0 255 0 0 255 0 255 255 192 255 255 255 174 0 0 0
    255 0 255 255 0 255 255 255 255 255 0 0 0 255 0 255 0 203 255 255 0
    156 141 255 255 0 0 0 184 255 0 185 0 255 255 255 0 0 136 93 127 255
    0 255 0 0 255 44 237 154 255 255 255 255 0 255 157 0 255 0 255 60
    255 255 0 255 0 0 0 0 255 48 255 217 255 255 255 0 249 0 246 255 255
    255 0 0 255 255 216 0 0 255 255 129 255 121 93 0 255 255 21 0 255 0
    255 251 0 59 255 50 0 0 0 0 0 0 255 255 255 255 0 114 0 0 0 0 0 255
    255 255 191 255 0 255 255 255 255 149 224 0 131 255 255 255 0 255
    255 212 0 255 255 0 0 255 227 0 0 0 0 255 255 255 255 229 0 0 255
    255 225 255 0 0 255 255 0 0 255 255 255 9 89 0 0 0 0 255 255 255 0
    206 0 255 0 0 255 255 255 0 0 213 255 255 255 255 255 255 0 0 255 0
    9 0 255 0 255 46 255 255 255 255 255 192 0 217 0 255 0 255 0 221 255
    255 255 255 255 255 255 255 180 0 0 255 255 255 0 195 0 255 0 0 255
    255 0 0 0 255 12 255 0 255 0 0 0 255 125 255 255 255 255 239 255 0 0
    255 255 255 255 0 0 255 0 32 235 255 181 36 0 223 0 255 255 136 147
    0 106 0 255 92 0 0 255 255 255 0 0 255 0 255 255 255 100 255 255 68
    255 0 0 0 255 255 255 180 255 0 0 255 0 33 255 255 255 0 0 0 255 255
    255 255 0 0 0 123 0 192 255 255 0 0 0 159 255 135 255 217 0 255 160
    0 0 255 199 255 255 0 166 0 255 255 255 0 0 255 255 255 0 0 81 255 0
    0 0 255 255 250 126 255 0 0 0 0 255 0 95 0 255 0 255 0 0 10 255 0
    255 0 0 0 255 255 255 149 0 0 0 190 0 255 255 255 189 255 0 0 0 81
    255 255 0 255 0 116 116 177 0 255 255 255 255 0 0 0 0 255 134 255 0
    255 0 255 0 0 255 102 255 143 0 255 19 255 0 255 0 0 255 255 255 255
    61 0 151 0 131 0 255 179 0 0 255 255 255 0 0 0 255 255 255 0 0 0 41
    63 0 255 255 215 0 0 0 255 255 0 255 177 110 55 87 255 64 255 255 0
    255 0 0 255 255 84 0 67 0 0 255 0 255 0 0 0 255 255 255 0 0 250 255
    0 91 255 0 0 0 218 255 255 19 0 0 0 86 255 0 255 0 143 119 105 0 0
    204 255 0 0 255 255 0 0 255 144 255 255 0 0 255 255 255 255 255 0 0
    0 0 209 255 255 255 0 255 0 255 0 255 0 0 0 255 255 255 255 255 0 0
    0 255 255 0 0 255 255 5 0 255 95 255 0 0 44 0 255 56 255 56 255 255
    255 0 255 255 255 0 0 240 0 0 255 255 0 255 159 0 0 0 255 255 0 0 0
    114 255 237 0 0 255 0 255 134 196 0 132 0 235 0 255 129 255 33 144 0
    0 130 200 255 0 79 14 255 91 255 0 0 0 0 0 184 104 255 255 255 68
    255 89 185 0 255 0 0 0 0 255 255 255 0 248 0 255 255 46 255 0 0 0
    255 255 238 0 255 255 0 0 0 169 255 255 255 0 0 255 255 10 0 0 217
    114 255 19 255 255 255 213 0 255 0 255 0 204 79 255 0 90 0 255 0 0
    211 165 255 0 255 6 192 255 0 0 96 0 255 255 255 255 0 0 0 255 0 255
    255 0 0 255 255 111 0 255 155 255 0 0 0 255 255 255 0 183 0 255 0 21
    0 0 110 0 0 255 237 0 0 255 255 255 255 251 0 255 0 0 0 0 200 0 255
    65 0 0 255 255 255 0 0 99 97 240 255 0 255 0 255 23 255 255 0 251
    228 0 0 0 255 255 255 0 0 0 0 69 255 154 0 0 0 255 255 255 255 0 0 0
    0 0 151 255 0 0 255 255 133 0 197 255 255 255 0 255 0 255 142 255
    255 121 255 255 0 0 255 0 255 44 255 0 0 255 0 39 255 255 255 0 0
    255 33 0 0 255 0 255 0 156 0 255 0 255 0 0 255 255 255 0 0 138 255
    255 252 255 0 60 150 0 0 0 43 0 0 255 255 255 0 0 255 255 255 255
    255 255 0 127 0 61 0 0 255 74 255 255 160 0 63 255 0 0 0 255 255 255
    0 0 0 0 0 0 0 31 255 0 255 255 255 0 75 77 255 0 0 0 0 255 0 255 255
    214 0 48 255 0 0 255 174 91 0 0 0 255 218 197 0 106 255 0 255 0 193
    0 17 0 0 255 88 255 0 255 120 0 0 0 255 29 255 0 0 0 255 198 255 252
    148 255 0 165 0 255 200 255 255 0 0 0 0 0 255 255 255 53 255 221 255
    182 255 0 255 0 255 0 255 0 0 0 255 253 137 0 255 126 255 255 0 0 0
    183 255 255 0 255 0 165 86 255 0 105 61 0 255 0 255 209 255 255 199
    255 0 0 0 255 0 255 0 90 139 0 0 255 255 166 0 255 0 0 0 0 255 0 118
    255 255 0 255 255 186 255 0 255 0 255 122 255 255 0 0 0 255 255 255
    0 199 255 255 178 0 0 0 0 255 255 255 255 0 0 255 0 0 255 0 0 0 255
    255 255 0 0 255 0 221 206 132 0 184 0 255 0 138 0 255 0 255 255 255
    255 255 255 0 0 255 255 0 255 0 0 255 0 255 255 187 52 0 0 116 0 255
    255 255 0 0 102 0 255 255 255 255 0 69 0 255 234 0 0 0 255 0 255 0
    214 0 255 0 255 0 255 0 255 255 255 0 0 255 255 0 0 46 255 211 0 178
    255 255 255 0 0 0 4 255 255 255 255 183 157 255 0 255 0 0 0 255 255
    0 228 0 255 211 255 190 255 255 0 255 255 210 255 217 255 255 255
    255 58 0 0 43 255 135 255 0 255 0 29 0 255 192 0 255 0 255 255 255 0
    0 0 255 255 0 255 157 240 255 255 0 85 0 255 0 255 255 255 0 0 190
    255 0 0 0 255 255 255 0 0 155 222 255 255 0 0 0 255 255 0 0 255 255
    255 0 227 0 255 0 255 0 0 0 0 0 255 0 255 255 0 0 255 255 255 255 0
    255 0 255 0 255 0 0 0 255 255 0 0 0 93 255 0 255 0 0 0 0 255 255 0 0
    0 255 255 60 0 255 0 0 106 255 159 255 0 0 0 245 255 255 41 0 0 255
    186 230 45 0 255 255 255 0 255 255 0 239 0 71 0 255 134 255 255 190
    36 235 0 0 255 0 0 0 255 0 255 255 255 170 0 0 46 92 0 255 0 0 132
    30 77 255 255 0 0 0 0 0 69 255 186 0 0 0 255 0 255 255 255 255 151
    255 0 0 0 255 255 255 0 0 0 255 34 75 0 0 255 0 66 255 47 0 0 255
    255 255 0 0 0 160 0 255 0 255 255 255 0 255 0 135 192 255 0 255 0
    255 0 255 255 255 0 0 0 255 255 255 0 184 0 255 0 82 0 0 0 237 0 255
    118 255 255 8 255 255 255 112 221 132 0 5 106 255 0 255 51 255 255
    237 0 0 255 0 0 255 255 255 0 0 255 255 255 110 255 0 134 255 255
    205 0 255 0 25 0 150 64 57 255 0 255 0 0 255 0 255 0 0 184 255 255
    255 0 0 255 255 255 255 255 251 224 0 38 255 255 0 0 0 255 196 255 0
    255 220 230 0 0 0 255 20 255 0 0 255 255 0 255 255 0 0 255 255 255
    255 53 0 0 0 255 255 0 189 255 28 208 0 0 0 255 0 246 255 0 0 255 0
    255 0 255 213 255 0 117 143 0 0 255 255 255 0 252 0 255 255 0 255 0
    255 0 0 0 232 255 255 213 95 239 255 182 255 0 48 0 0 125 3 255 0
    112 0 255 255 0 112 0 0 255 0 0 0 114 255 255 0 0 0 174 0 255 255 0
    0 200 255 255 189 0 255 0 26 0 255 0 255 255 98 0 185 0 255 0 255
    255 237 193 255 0 204 0 255 237 255 255 0 255 191 255 0 0 0 0 255 78
    255 0 255 0 255 0 0 214 0 0 0 255 255 233 255 0 0 25 255 0 0 205 255
    0 0 0 102 0 0 255 0 0 0 255 0 255 0 255 0 226 255 0 0 0 228 255 255
    255 0 0 45 60 33 0 0 153 255 255 255 255 0 255 255 0 0 244 255 255
    47 255 0 255 0 0 3 255 0 255 0 255 0 0 0 0 255 255 255 0 0 0 255 189
    0 248 255 255 225 255 252 0 0 0 255 255 255 45 0 144 0 0 255 255 255
    255 255 243 0 255 0 255 0 71 0 255 144 0 26 0 0 0 255 0 255 0 0 255
    255 89 255 0 255 0 0 0 252 225 255 186 255 0 0 255 0 255 254 229 0
    255 251 255 0 0 0 0 255 0 255 0 255 0 0 164 99 233 0 0 255 0 0 255
    180 0 14 255 24 189 0 255 0 0 53 0 0 255 0 255 1 42 0 255 255 255
    255 0 0 58 255 209 18 255 255 255 255 255 0 255 0 255 0 116 22 255
    255 255 0 0 255 0 224 0 255 92 186 0 0 255 189 255 255 0 0 0 18 189
    255 53 0 195 188 255 172 255 255 0 255 0 102 255 0 255 0 255 0 0 0 0
    255 255 0 0 0 44 0 255 10 0 255 255 255 0 75 255 51 0 0 0 255 255
    255 255 249 0 0 240 255 253 0 255 44 208 185 0 0 255 255 0 0 0 255 0
    255 0 255 255 255 0 207 0 69 255 24 255 255 181 255 255 0 255 188
    255 0 0 0 0 255 0 255 255 255 0 0 255 0 0 0 0 255 255 33 207 26 0
    255 0 219 255 255 255 0 122 0 98 150 255 255 255 0 255 248 255 255
    72 255 0 231 255 255 0 255 216 255 0 0 0 255 255 255 99 255 0 0 0 0
    255 255 255 255 0 93 0 255 255 0 65 0 141 0 133 255 166 255 0 0 0
    255 255 0 0 255 0 255 0 0 20 0 255 255 0 255 118 255 255 103 68 0 0
    255 0 255 0 0 55 255 19 255 255 255 0 0 0 255 0 255 255 159 255 0
    143 255 255 255 255 255 255 0 0 0 0 255 255 255 0 0 0 0 208 32 255
    135 255 255 0 0 235 255 255 0 3 255 255 0 0 255 255 255 255 0 255 32
    255 255 0 255 85 0 169 145 255 255 255 0 255 0 0 255 255 255 255 255
    255 0 0 144 255 23 255 255 255 0 0 142 0 255 255 20 41 255 255 0 0 0
    111 0 255 0 166 0 255 155 0 0 255 0 255 0 171 222 0 255 0 0 45 255 0
    0 0 0 255 0 132 205 255 0 255 0 0 0 30 255 255 255 0 0 0 255 255 0 0
    244 255 255 0 109 255 255 0 0 255 255 0 255 0 0 72 12 255 255 0 0 0
    255 0 118 197 0 0 144 192 93 255 255 255 255 0 255 0 255 0 0 0 0 255
    0 255 0 197 0 0 204 68 232 200 26 0 0 0 255 0 182 0 0 191 255 18 255
    0 0 52 224 0 255 0 0 0 255 255 48 222 0 0 255 0 0 0 123 255 255 0 0
    255 0 255 0 255 0 255 0 0 0 255 255 76 255 255 255 255 0 0 234 247
    255 0 35 140 255 255 0 0 0 255 0 255 0 255 0 255 0 0 0 0 96 255 255
    0 30 255 255 0 255 0 255 0 255 255 0 226 0 0 0 171 255 51 255 57 0
    255 0 0 215 255 255 8 184 0 0 255 255 95 0 0 56 0 92 194 88 0 0 118
    255 0 255 255 0 0 56 0 255 255 255 182 255 156 0 255 0 255 0 255 251
    255 175 255 112 0 255 255 255 0 238 80 255 0 255 0 255 0 253 255 18
    255 0 255 0 0 0 0 0 0 234 0 255 0 255 0 0 107 0 0 255 255 133 0 215
    0 0 0 199 200 255 0 0 0 0 102 255 255 255 207 255 0 255 206 0 255 0
    231 0 255 30 255 255 255 0 0 179 0 0 0 0 255 255 0 0 0 255 135 0 255
    255 255 82 155 0 0 255 0 255 0 255 0 212 0 255 255 86 0 0 31 255 1 0
    136 255 129 0 255 0 0 255 255 253 255 0 255 0 0 120 169 255 141 255
    83 187 12 255 0 0 255 255 0 0 98 0 255 96 255 255 255 255 0 91 255
    255 166 0 22 255 0 255 203 0 0 255 149 255 40 0 152 255 0 255 0 0
    255 255 255 0 8 0 219 0 158 0 12 0 0 118 255 0 64 0 0 255 255 0 0 0
    0 0 216 0 0 255 100 0 0 0 88 0 255 0 255 255 186 0 0 0 255 255 255 0
    0 255 255 255 0 0 0 0 0 83 64 0 161 255 0 0 0 0 255 255 159 255 255
    0 255 120 255 229 12 0 0 0 0 0 93 0 255 255 255 0 37 255 255 255 0 0
    0 255 255 255 0 0 248 255 0 255 255 255 0 0 0 255 255 145 0 0 255 0
    0 255 196 255 0 255 0 255 255 255 255 0 255 0 0 0 0 0 255 255 255
    255 0 157 255 255 97 0 150 255 0 0 0 255 255 175 213 0 255 0 0 0 255
    255 255 0 0 255 0 255 255 255 49 2 0 255 0 255 0 255 235 0 255 0 148
    0 255 93 255 2 0 0 255 255 0 0 34 121 255 59 254 0 99 0 255 0 255 0
    255 0 255 255 0 0 0 206 255 255 0 0 255 0 255 20 255 255 161 80 255
    97 255 255 0 0 0 0 0 255 255 255 0 0 38 255 255 0 50 255 255 255 0 0
    0 255 0 255 255 145 255 0 255 0 0 0 99 255 0 0 255 12 135 0 0 0 0
    255 255 0 0 109 255 255 255 46 0 0 0 255 0 83 255 255 0 0 255 18 255
    0 255 0 255 0 255 23 255 55 255 0 0 0 0 255 162 255 0 255 218 0 255
    255 255 0 255 0 255 0 255 0 255 0 0 0 255 255 255 0 0 159 255 53 255
    255 255 0 0 255 0 255 0 255 255 255 0 255 62 255 0 255 50 0 0 7 255
    199 104 255 255 255 0 255 93 255 244 255 255 255 223 0 0 0 0 255 0 0
    255 0 255 193 255 0 255 255 0 0 0 255 0 255 20 112 0 0 0 255 255 255
    255 0 255 0 0 0 255 255 0 144 0 255 255 0 255 255 0 0 0 255 63 255 0
    255 255 0 255 0 255 0 14 0 255 239 255 133 0 0 0 255 255 0 5 255 255
    255 0 255 255 0 255 0 0 226 255 123 255 255 255 255 255 255 0 99 255
    255 255 54 0 0 255 255 255 0 255 255 255 0 0 158 255 255 0 255 0 255
    198 255 0 224 255 170 53 0 14 0 0 0 0 47 255 6 229 0 5 0 255 13 112
    0 255 255 96 0 0 0 0 255 0 255 255 255 255 91 0 0 255 89 207 0 0 130
    255 129 255 0 255 255 255 164 0 255 0 0 75 255 255 255 1 255 255 255
    0 13 255 255 0 0 0 255 0 255 0 255 255 0 178 0 255 26 0 0 255 255 40
    255 0 255 236 197 0 255 255 0 6 255 255 255 0 0 0 255 255 255 0 255
    255 255 255 0 255 0 255 0 255 255 255 0 255 0 0 0 0 255 0 18 255 255
    0 0 255 255 20 255 60 255 255 255 185 119 0 0 0 198 255 255 232 0 0
    0 255 255 255 0 0 255 7 69 0 0 255 0 0 0 0 107 0 0 255 255 0 0 0 146
    0 255 131 213 0 255 255 0 255 0 255 0 255 0 115 255 255 0 0 0 255
    255 228 0 0 255 0 255 114 0 0 0 255 0 255 191 255 0 72 255 37 0 108
    255 255 255 255 0 0 255 255 191 0 0 255 255 255 255 0 0 0 0 100 0 0
    255 0 0 85 255 0 0 0 255 255 210 0 0 84 255 211 0 0 255 0 230 255
    255 179 0 74 255 255 113 0 0 101 255 255 161 0 0 98 0 0 255 255 0 0
    0 7 255 255 82 255 0 151 0 255 0 0 0 255 255 254 0 217 156 0 255 115
    0 0 0 235 255 255 0 64 255 255 0 0 0 0 255 0 0 0 255 198 208 255 255
    255 255 0 255 0 255 255 255 255 255 121 0 0 255 0 11 0 255 39 0 0
    255 122 255 255 255 255 78 255 0 255 0 255 0 255 255 255 0 0 220 255
    255 0 0 54 255 255 0 0 0 0 255 255 16 255 0 189 0 0 183 0 22 20 255
    255 0 0 0 255 255 255 0 0 255 157 0 0 255 255 255 255 0 255 255 255
    0 255 0 255 0 255 255 20 0 255 255 255 0 0 255 0 255 0 0 0 0 255 255
    0 255 0 125 178 0 0 255 255 255 0 0 0 224 50 255 0 255 0 255 25 0 0
    255 255 255 204 217 255 0 4 0 255 255 13 213 255 99 254 216 191 0 0
    255 255 254 0 0 255 255 226 67 0 0 0 0 0 255 0 190 0 255 255 0 255 0
    255 0 255 0 187 0 66 0 0 70 255 0 255 255 32 0 255 0 255 0 255 0 235
    0 255 255 251 0 0 255 0 255 129 0 0 255 255 0 0 68 255 86 255 0 255
    0 255 0 255 0 255 0 255 255 255 0 0 0 255 255 0 255 255 255 0 0 0
    255 255 0 0 0 0 255 0 255 255 255 109 76 165 0 0 255 0 0 0 255 255 0
    255 0 98 0 255 0 255 0 0 0 255 255 64 0 0 255 255 0 255 255 0 0 57
    255 255 0 0 0 118 190 0 255 171 198 255 255 0 237 255 70 91 255 0
    255 0 48 233 0 0 0 255 0 255 0 0 255 0 255 0 255 60 255 0 194 0 255
    0 0 0 255 216 250 255 255 0 0 0 255 255 0 0 255 255 143 255 255 255
    243 205 255 255 178 6 255 255 0 0 255 255 255 0 0 255 255 255 255 0
    189 255 229 0 226 106 171 0 246 255 255 255 0 0 255 232 0 0 157 36
    255 200 255 0 255 255 0 0 255 255 255 227 255 147 255 0 13 0 0 0 0
    255 230 136 121 0 255 255 255 0 0 0 255 255 255 160 255 255 0 255
    128 255 0 255 0 255 0 0 255 255 255 255 0 0 0 255 99 255 164 255 255
    174 255 0 255 0 255 255 0 0 0 0 255 0 255 0 0 0 0 13 255 255 0 255 0
    0 255 255 0 143 255 255 255 0 255 255 255 0 0 69 0 0 237 255 255 0 6
    0 255 0 0 255 255 0 0 0 174 71 0 255 0 255 255 255 0 0 0 214 0 255 0
    0 0 255 255 255 255 0 0 255 144 0 0 0 255 208 143 0 255 255 0 0 0 0
    255 255 255 0 255 0 76 0 0 255 0 208 0 0 255 255 255 0 255 255 255
    109 0 0 0 0 222 0 255 0 255 0 255 0 0 255 31 0 38 255 0 50 176 255
    255 205 255 255 255 0 0 255 166 255 54 140 0 255 0 35 255 255 255 0
    255 102 255 188 255 255 241 205 255 0 200 0 0 208 255 10 220 0 255
    255 255 0 0 0 255 0 255 40 255 12 0 135 220 65 255 255 197 0 103 255
    255 0 0 0 0 0 255 0 0 255 255 0 255 255 255 0 255 0 0 0 0 0 0 48 168
    255 255 0 34 255 8 0 255 255 255 0 255 0 0 0 0 255 0 0 0 255 198 0 0
    255 187 0 0 75 255 255 0 255 255 255 3 0 0 255 22 113 0 255 238 0 0
    255 255 255 255 41 204 0 255 255 0 0 255 255 255 105 243 0 0 0 200
    255 255 255 255 255 175 0 0 255 255 255 13 255 201 255 255 0 255 0
    255 0 255 0 106 255 0 255 0 255 255 255 0 255 255 60 0 0 0 255 255
    255 0 247 255 0 255 0 255 0 255 0 0 0 0 0 0 255 65 0 255 255 255 0 0
    255 118 100 60 0 12 255 255 0 249 0 255 221 255 255 87 0 0 0 255 255
    10 255 0 255 0 0 255 73 255 201 255 255 255 0 0 0 255 0 0 255 255
    255 0 0 26 0 0 161 63 255 255 0 45 255 207 255 0 0 255 255 255 255 0
    255 101 255 0 93 169 0 255 255 255 255 255 0 54 255 255 0 0 0 255 82
    0 255 96 255 0 255 0 244 0 0 0 255 255 0 0 0 255 0 255 0 255 234 255
    0 0 237 255 0 67 255 0 0 0 255 255 255 0 0 0 255 119 255 0 255 0 255
    0 0 33 255 0 255 143 0 141 255 255 0 0 54 255 31 0 159 255 0 0 50
    132 255 76 168 0 255 255 218 255 0 0 255 255 255 255 255 72 0 255
    255 0 0 255 255 0 41 0 0 0 255 0 0 0 255 255 255 255 0 255 255 255
    31 255 0 0 0 255 255 176 0 174 0 137 0 255 163 255 255 255 255 0 0 0
    42 255 159 255 255 255 242 15 0 255 0 25 0 0 0 255 0 255 54 0 255 0
    255 0 255 255 255 255 0 255 255 255 0 0 178 113 238 0 255 0 255 0
    255 0 170 87 0 0 0 255 0 255 0 136 0 0 190 255 0 255 255 255 0 255
    175 255 204 0 255 0 0 0 0 0 255 0 255 0 255 255 0 0 255 0 0 255 99 0
    255 255 189 186 0 255 219 255 0 12 56 255 255 255 144 0 63 0 0 255
    255 255 0 255 176 0 0 149 0 0 255 0 0 255 255 3 0 0 255 0 255 255
    255 255 0 0 155 162 255 255 0 32 0 225 0 255 0 255 0 0 255 255 0 0
    217 255 255 0 0 246 255 0 0 0 3 127 255 222 0 255 255 201 255 184
    255 255 0 255 0 0 0 255 255 206 0 0 0 255 255 255 255 255 0 0 255
    255 0 255 0 255 0 120 0 244 255 0 255 255 255 0 47 0 255 0 225 0 0
    255 250 255 255 0 0 0 0 255 255 255 255 255 0 97 0 0 28 225 0 0 255
    0 255 241 255 0 0 0 119 0 255 174 255 255 255 255 255 0 208 0 255 67
    255 163 255 0 0 255 101 0 0 16 255 162 255 0 0</data></my_img>
<your_img type_id="opencv-matrix">
  <rows>128</rows>
  <cols>256</cols>
  <dt>"3u"</dt>
  <data>
    255 0 84 0 0 255 99 0 255 255 2 0 208 255 255 0 255 255 0 255 0 0 0
    0 255 255 0 255 255 0 0 0 255 255 212 0 255 255 255 255 0 255 0 255
    239 255 0 255 0 0 0 255 42 167 255 0 0 0 255 255 255 0 0 255 250 255
    0 82 0 255 48 0 0 255 247 255 255 0 255 0 0 255 255 255 255 255 255
    0 0 0 255 255 255 0 255 0 0 0 2 0 250 255 151 0 252 0 0 0 0 0 255
    255 255 0 0 255 255 230 0 0 0 0 255 0 255 0 255 255 21 255 0 0 0 0
    255 255 0 0 0 255 0 255 0 209 255 255 255 0 74 0 255 255 255 255 0
    255 0 255 0 255 0 0 0 255 0 0 255 0 255 0 92 184 66 255 247 0 195
    255 225 0 0 0 0 255 142 255 0 255 0 0 0 0 0 255 0 255 0 255 0 17 127
    0 255 0 255 255 255 0 0 0 255 255 255 255 255 0 0 0 143 51 0 82 219
    255 0 0 0 255 0 0 0 255 255 255 0 255 0 0 0 255 245 0 0 0 255 116
    255 0 0 0 0 255 0 255 0 255 0 30 0 255 255 255 0 255 0 255 0 0 208
    255 0 255 255 219 0 0 126 255 255 13 255 0 0 255 255 0 255 0 255 0
    255 235 0 0 0 255 255 255 255 0 0 0 255 255 255 255 121 0 255 0 0
    171 0 255 142 255 0 255 0 0 0 0 255 255 208 0 145 0 0 29 4 255 0 255
    157 255 235 0 0 0 0 255 0 255 0 0 0 255 255 0 255 0 141 255 0 0 0
    255 0 0 58 0 255 0 255 74 255 152 168 5 255 0 255 255 255 0 255 163
    84 255 255 255 162 255 255 255 255 42 255 255 0 0 229 0 255 255 255
    0 0 0 255 255 255 213 0 102 0 255 0 48 255 0 255 0 255 0 255 200 79
    0 255 255 178 88 103 0 0 0 255 0 0 0 193 119 255 255 255 50 202 255
    255 255 255 0 0 0 255 255 255 0 0 36 255 255 255 0 0 195 255 200 23
    255 255 255 228 255 255 255 0 0 50 255 255 0 0 0 0 255 208 255 126 0
    255 255 255 255 0 0 117 0 212 0 255 78 0 198 0 255 207 255 61 255 0
    0 0 255 255 255 255 255 255 9 0 255 255 255 255 0 255 255 0 220 255
    255 0 198 4 255 12 255 0 255 255 232 255 104 0 52 255 255 0 255 255
    255 150 255 255 0 255 0 255 0 255 0 255 0 255 255 0 0 57 255 255 0 0
    0 255 255 255 0 0 0 255 64 255 0 0 0 0 255 255 255 0 0 0 255 132 255
    0 79 214 255 0 0 255 0 255 149 133 0 0 255 0 255 255 255 255 0 255
    255 255 0 0 255 255 182 62 255 255 255 255 0 0 0 0 255 97 255 0 0
    206 255 255 0 138 255 71 255 0 255 255 255 255 0 2 255 0 11 0 255
    121 255 0 0 212 255 255 204 0 0 0 0 0 255 69 0 255 255 0 255 0 255
    255 255 0 0 135 255 255 255 255 0 0 0 255 0 91 255 0 0 255 255 255 0
    255 0 0 0 193 13 0 255 255 255 0 224 255 109 9 255 255 255 0 255 0
    255 0 255 0 119 0 0 0 0 172 255 0 148 255 255 87 255 255 255 255 0 7
    0 255 255 255 161 0 0 0 0 255 255 255 255 0 0 255 145 0 0 213 255 0
    255 255 255 255 0 4 0 145 100 0 255 0 255 255 156 0 255 0 0 255 0
    255 0 255 255 0 0 255 255 255 255 255 0 0 255 255 0 230 0 255 108 0
    0 255 255 0 0 84 0 0 0 255 255 163 0 0 255 255 255 255 0 0 185 255
    255 255 255 0 0 0 255 255 255 255 255 255 109 255 0 255 0 255 55 255
    196 0 11 0 255 0 0 0 255 79 0 0 255 255 105 255 0 0 0 0 128 255 255
    0 255 255 0 139 0 255 205 255 255 255 255 0 0 0 255 10 255 255 68 0
    0 0 255 0 255 0 254 0 255 0 255 0 255 255 255 0 255 212 255 255 0 0
    255 114 202 0 161 255 255 255 129 92 255 0 0 0 255 184 255 0 255 0
    19 21 255 0 255 0 255 0 0 255 255 255 0 0 255 0 6 50 255 190 255 0
    255 100 255 0 0 0 255 255 255 255 0 53 0 196 0 255 255 255 255 0 164
    224 254 255 255 0 255 0 20 0 0 0 255 255 255 0 255 255 0 61 255 248
    187 199 255 169 10 255 255 255 255 255 0 255 255 67 0 0 255 255 255
    0 255 0 255 255 255 204 0 15 0 0 255 101 0 255 255 255 255 255 0 0 0
    0 255 255 222 255 255 0 255 241 0 0 0 93 255 0 255 255 255 65 0 255
    255 0 255 184 0 0 0 255 247 255 82 0 255 255 175 72 0 0 0 39 255 255
    255 255 0 255 53 0 241 0 0 0 136 255 255 255 173 94 255 0 236 0 0
    255 102 255 0 48 29 0 255 255 0 255 0 255 144 255 255 255 0 0 255 0
    0 0 84 255 255 255 0 255 255 255 0 0 200 255 255 255 255 102 199 0
    255 0 0 0 178 0 116 255 0 255 0 0 0 11 5 0 255 29 0 255 255 0 0 0 0
    25 255 255 255 0 0 255 255 249 0 0 255 255 255 60 199 0 65 255 0 168
    0 255 132 0 0 255 0 87 175 255 255 0 255 255 255 0 255 0 80 0 255 0
    148 0 14 0 91 255 244 0 0 255 0 237 255 0 0 0 79 255 255 0 255 0 255
    0 0 0 255 0 255 24 208 0 0 0 0 0 255 255 0 255 255 131 255 15 0 0 0
    255 0 0 89 46 255 255 0 255 255 0 152 131 193 0 0 255 255 116 0 0 0
    255 0 255 234 255 0 139 255 0 0 255 147 54 255 0 255 255 0 0 0 255 0
    107 0 0 255 176 247 255 0 0 0 255 0 255 2 255 255 255 0 0 255 143
    255 0 178 255 255 13 0 0 255 255 0 0 207 255 255 255 0 0 209 0 255 0
    40 0 255 255 231 0 0 0 0 255 0 0 0 255 0 255 255 79 0 97 0 255 255 0
    0 255 0 0 0 255 255 255 253 245 0 0 0 0 255 235 146 167 255 13 0 0 0
    0 255 255 255 255 0 0 44 0 255 0 255 0 255 255 0 0 0 255 255 255 0 0
    0 144 0 255 0 49 0 255 116 255 0 0 234 165 0 0 0 255 196 0 0 0 255 0
    0 0 0 255 0 255 0 255 255 255 0 0 0 0 255 255 255 0 0 155 0 115 217
    0 0 0 0 0 68 0 0 0 154 255 0 11 0 255 255 9 0 0 199 0 255 0 0 0 11
    255 0 192 255 255 255 82 175 255 0 72 0 0 255 255 255 0 32 0 255 176
    255 255 255 255 0 255 0 255 255 0 0 213 255 255 10 0 0 255 255 0 0
    255 255 0 0 0 29 255 255 255 0 255 23 255 0 184 0 116 0 255 255 255
    0 0 0 0 124 219 255 0 0 0 0 0 255 177 0 0 0 189 255 255 61 0 0 0 255
    255 255 255 255 255 255 0 0 178 255 255 247 0 0 0 0 5 0 255 114 48 0
    255 0 0 0 255 255 0 0 0 255 0 0 0 11 255 0 0 0 0 161 255 255 255 255
    0 0 255 255 207 0 255 255 255 0 255 0 255 255 0 0 0 255 0 255 0 0 35
    27 255 78 199 255 255 255 0 0 255 255 0 255 125 255 155 255 155 255
    255 254 255 0 0 179 255 164 255 0 255 255 255 0 0 255 115 218 91 255
    0 0 0 255 255 0 0 0 255 6 0 255 0 0 99 0 0 172 255 255 0 0 255 255
    255 255 0 0 0 255 255 0 0 74 255 255 255 0 255 0 4 255 255 168 255 0
    0 0 0 0 0 0 255 255 255 0 120 0 0 0 57 0 52 0 255 0 255 255 255 0
    255 0 0 7 255 0 0 121 0 43 193 255 10 255 0 0 0 255 0 0 0 0 255 255
    255 0 62 0 63 0 177 255 255 0 0 0 255 255 238 0 255 0 255 255 255 0
    0 255 255 255 14 159 255 255 0 0 0 0 255 255 255 0 203 255 255 255
    249 0 0 0 255 255 255 38 0 0 199 73 255 255 255 255 255 0 255 127
    255 0 191 255 255 255 0 0 0 0 0 0 0 255 203 255 255 255 0 0 235 0 0
    255 255 255 255 175 207 210 0 249 0 255 0 255 255 255 0 0 0 0 255 0
    0 0 0 255 0 0 255 255 255 0 148 255 255 255 124 0 0 133 255 0 35 0 0
    0 199 255 255 187 0 255 255 0 0 255 0 183 40 0 255 0 255 0 0 0 97
    255 0 255 16 255 255 0 186 255 255 0 0 0 0 255 39 255 255 0 0 0 223
    0 255 255 0 82 0 255 0 255 255 76 0 255 37 255 255 0 39 0 0 0 255 0
    255 255 160 0 0 255 122 0 255 255 255 17 0 212 56 255 255 0 255 17
    255 168 217 0 255 0 76 255 42 255 0 0 255 0 0 0 255 255 255 255 214
    0 182 255 0 0 0 169 0 255 255 0 255 26 0 0 255 123 0 76 0 255 254
    255 0 255 255 255 0 0 255 0 255 196 255 255 225 0 255 255 255 0 0 0
    0 251 255 235 255 0 0 0 255 255 255 255 0 0 0 255 255 255 0 213 255
    255 255 0 0 0 0 95 0 207 213 0 255 255 0 255 95 255 255 255 0 255 87
    255 255 126 0 0 0 0 255 0 255 255 255 0 255 180 255 0 255 255 255
    135 0 0 255 255 0 255 0 255 0 255 68 255 0 2 255 0 0 0 255 255 0 0 0
    0 0 255 255 255 0 0 255 0 228 108 255 255 0 219 0 255 19 0 222 180 0
    0 0 0 255 0 255 0 255 255 255 0 0 188 0 255 0 0 144 255 255 255 255
    0 255 255 95 0 255 0 179 171 255 255 255 0 255 25 255 255 255 255 0
    255 0 255 255 0 0 0 255 255 0 0 140 255 255 139 91 255 0 255 0 0 255
    255 255 0 0 0 255 255 255 0 0 255 255 0 0 0 255 0 0 255 255 255 233
    60 0 0 0 159 0 255 105 57 0 39 255 255 255 255 255 255 255 228 107 0
    255 0 255 0 0 0 0 255 0 0 0 0 0 255 0 255 255 255 255 0 0 255 255
    255 0 0 255 255 255 0 0 0 0 255 0 0 0 255 0 0 0 255 0 59 0 255 0 0
    255 255 255 255 255 233 255 255 255 21 255 27 255 224 0 0 255 65 0 0
    169 255 255 255 255 0 82 0 255 31 171 0 49 0 255 255 46 219 0 86 0 0
    255 0 168 255 0 255 255 145 0 192 112 255 255 0 0 0 255 0 177 0 255
    197 0 0 43 0 255 0 0 0 255 179 221 0 0 255 175 255 227 0 7 190 255
    255 231 255 255 255 255 192 0 255 255 0 0 22 255 242 0 255 255 0 201
    255 195 0 0 0 219 0 0 234 255 0 255 0 0 109 0 0 255 0 255 0 255 0
    255 0 44 0 255 0 255 0 255 174 255 0 0 255 255 255 0 0 0 132 0 255
    238 0 216 255 248 0 255 255 255 0 255 233 255 0 255 0 255 0 255 0
    255 13 255 255 228 255 134 255 0 0 255 255 255 248 0 255 0 0 255 255
    255 255 0 255 0 255 255 255 255 0 0 0 0 255 0 255 0 255 167 255 173
    0 0 46 0 255 255 255 255 0 71 0 1 0 0 255 247 255 0 255 0 255 255
    246 89 0 121 128 255 255 255 0 201 0 77 0 255 0 0 10 255 103 0 0 255
    0 0 193 255 0 128 0 219 255 0 234 255 96 54 0 0 255 255 0 255 255
    255 134 91 0 0 0 255 255 0 0 0 255 10 236 154 0 255 255 255 5 91 255
    110 0 0 0 255 0 255 161 98 198 255 0 0 0 64 255 61 0 0 255 69 0 208
    255 0 0 255 241 0 255 0 50 0 0 255 255 255 255 0 0 0 0 255 255 255
    255 0 0 0 255 0 0 0 83 0 1 45 0 0 255 0 240 255 255 97 0 230 0 255
    255 0 0 106 255 255 171 255 255 0 0 0 255 255 129 0 187 0 152 255
    255 0 0 224 186 0 255 197 255 0 0 255 17 255 0 255 65 178 0 255 255
    0 164 255 0 0 223 255 0 255 255 114 0 0 0 0 0 255 49 255 0 0 0 255
    255 255 0 1 0 32 0 255 17 255 0 59 0 65 255 255 0 88 0 99 255 255
    255 255 227 224 0 0 0 255 255 0 255 255 255 0 255 255 255 0 0 255
    255 255 0 255 144 255 0 43 0 90 114 0 0 203 255 217 255 0 255 0 0 0
    0 171 0 255 16 184 113 0 0 255 0 255 0 255 0 255 0 0 172 65 0 255 0
    255 0 0 59 255 255 80 0 0 0 255 255 131 0 0 0 255 255 0 18 255 0 234
    255 0 0 0 67 255 0 0 0 0 255 255 255 0 67 255 255 255 0 0 0 255 255
    255 0 124 0 142 222 101 255 255 175 255 0 0 0 255 255 255 0 178 0
    116 255 25 255 255 255 203 202 255 130 232 0 255 255 255 121 0 0 0
    129 31 255 255 255 215 255 255 255 255 0 0 255 255 255 184 0 0 0 255
    255 194 255 0 0 255 249 255 0 246 0 255 11 0 29 237 0 51 255 255 255
    0 255 0 255 0 255 10 0 0 0 255 0 0 107 0 255 0 255 0 255 255 255 255
    115 0 0 255 255 255 0 0 92 255 163 72 255 0 255 0 255 255 0 255 0
    226 255 255 0 2 126 0 0 0 203 56 255 255 255 0 203 0 0 255 38 255 0
    255 0 255 0 0 255 255 179 0 0 255 255 255 218 255 0 0 255 255 255
    255 255 0 0 126 0 95 255 255 255 0 0 255 127 255 0 0 0 63 255 255
    139 0 0 0 255 54 255 0 0 93 255 255 0 204 0 99 255 255 255 117 0 0 0
    0 36 255 0 0 255 255 0 0 255 255 134 255 0 0 0 255 76 255 255 0 231
    255 25 0 255 255 173 0 0 255 255 255 0 255 255 255 255 255 26 38 0
    213 255 255 0 255 0 0 230 24 109 49 255 0 255 255 255 237 0 175 106
    0 0 255 0 22 107 255 0 0 0 9 0 255 255 255 163 255 255 0 0 221 255 0
    0 0 255 0 255 255 255 255 0 0 0 255 255 255 0 0 0 135 255 226 255
    255 0 0 0 0 0 255 0 0 239 255 255 255 255 255 0 0 255 255 255 0 255
    0 255 0 255 0 255 0 172 0 214 255 255 255 0 255 63 155 15 0 0 0 194
    255 255 0 0 0 0 0 82 0 255 188 255 0 33 48 143 0 0 0 255 253 0 0 0
    255 0 255 0 143 0 255 255 0 255 0 255 0 0 255 255 0 255 0 255 0 255
    255 0 0 0 255 0 255 0 0 0 255 0 255 255 0 0 145 255 74 0 0 255 78 0
    0 255 255 3 0 255 0 255 0 99 235 0 167 0 0 255 150 255 0 255 0 255
    32 0 255 0 255 0 0 255 255 0 0 0 0 255 0 117 0 0 255 255 255 255 221
    45 255 0 0 0 0 255 255 255 0 0 0 255 255 42 255 255 255 255 0 255 0
    255 0 255 0 0 0 23 0 255 66 20 23 255 116 0 32 255 255 0 0 0 255 255
    0 255 154 255 0 255 0 0 0 255 255 60 255 231 255 0 0 255 196 255 0 0
    230 49 0 84 0 39 255 255 255 0 33 13 255 255 0 196 0 255 255 255 0 0
    0 0 173 0 255 255 184 0 255 251 0 255 0 255 0 0 255 22 156 0 255 255
    0 245 13 255 194 0 255 0 80 0 255 255 0 250 62 255 178 0 0 255 255
    255 0 255 0 255 212 0 255 0 255 217 0 255 144 62 255 255 255 255 0
    59 0 255 188 255 0 0 0 255 0 255 248 255 0 0 0 0 249 255 159 255 5
    255 0 255 255 0 21 237 0 0 255 3 0 255 0 255 255 255 255 0 0 0 0 128
    40 0 0 255 0 132 255 65 0 0 253 0 0 9 255 231 255 255 0 208 255 0
    255 0 255 213 0 102 0 219 213 0 255 255 0 0 0 255 255 222 0 255 255
    105 0 0 255 0 255 0 0 255 220 255 0 255 255 0 0 255 0 0 0 255 255
    255 229 0 0 129 255 255 255 0 0 121 0 0 0 255 255 0 255 152 0 0 255
    0 255 0 255 255 0 0 0 0 0 0 48 255 255 0 0 205 167 255 255 255 0 255
    0 0 0 255 0 255 255 0 255 0 0 255 0 95 0 0 255 255 33 0 0 0 255 255
    255 0 0 27 0 255 0 0 0 77 0 255 0 255 67 0 0 0 255 255 0 0 255 255
    255 33 0 255 0 0 228 255 59 255 0 255 47 255 0 0 255 255 197 57 255
    255 0 0 40 255 255 0 125 255 213 255 255 91 255 255 255 0 0 222 255
    30 0 255 0 255 0 0 67 0 52 0 255 255 129 0 95 115 255 255 255 0 255
    0 41 255 137 255 255 0 0 0 255 0 255 0 255 0 193 255 0 0 0 255 255
    255 0 148 0 0 255 0 59 0 0 0 255 255 0 228 0 0 87 255 117 0 0 255
    255 255 0 177 255 255 0 255 0 255 0 0 255 255 255 0 0 127 255 214
    255 0 255 158 57 0 255 0 178 255 130 47 171 0 255 0 0 255 255 255 0
    0 72 255 255 157 0 255 255 102 255 0 24 0 255 255 255 0 177 0 255 0
    0 0 255 0 255 0 255 0 255 0 208 0 255 0 186 0 248 255 255 0 255 0
    255 0 0 0 255 255 252 0 0 0 0 255 255 0 255 255 255 255 0 0 255 255
    198 148 0 255 255 0 255 255 255 0 35 255 0 0 0 255 0 0 0 255 255 255
    18 255 0 255 255 0 0 64 120 255 0 103 255 9 0 138 255 255 0 107 8
    255 255 255 0 114 255 255 255 100 255 255 255 0 255 0 116 255 255 0
    146 0 57 255 113 255 0 0 0 255 255 255 0 0 4 211 255 255 255 0 255 0
    0 255 255 255 0 87 255 255 255 103 255 0 255 2 0 255 255 255 194 222
    0 255 0 255 255 255 255 255 255 255 0 255 255 255 0 108 0 255 255
    255 0 0 147 255 239 0 0 0 0 255 0 255 255 0 255 255 63 0 255 25 255
    255 0 255 255 0 228 0 217 255 255 255 0 160 255 255 255 0 0 255 255
    223 0 0 0 0 255 0 233 0 249 0 215 255 0 255 255 0 0 0 255 0 255 0
    255 0 207 255 255 166 255 0 0 0 0 92 0 255 109 255 0 116 255 235 255
    255 255 0 255 255 0 0 0 255 255 255 0 37 220 72 255 0 255 228 255 22
    255 255 255 0 0 0 0 0 255 217 253 0 0 255 0 255 255 0 0 147 0 255
    255 0 0 0 0 0 231 255 255 0 0 0 255 255 0 255 255 0 255 0 255 0 255
    0 50 8 255 0 255 0 255 0 0 0 255 0 255 0 255 0 158 255 222 0 0 255
    255 255 255 255 0 0 0 255 255 255 0 0 0 199 145 0 255 255 255 159 0
    0 181 255 255 0 0 0 0 0 0 0 0 0 255 0 0 0 255 0 0 0 206 255 255 255
    0 255 0 0 0 255 0 28 255 0 255 0 255 0 19 255 255 0 0 0 214 0 255
    255 97 0 203 255 0 0 0 0 167 255 255 0 0 255 255 255 0 0 0 0 255 0
    255 255 255 255 22 0 119 255 255 255 255 0 0 0 66 189 0 255 0 213
    255 255 103 56 255 255 0 255 0 255 0 255 255 255 0 255 0 229 255 255
    25 255 255 0 13 255 255 0 0 99 255 0 255 255 131 2 255 255 0 0 255
    18 0 0 0 45 255 0 72 255 93 255 136 213 0 0 0 255 0 255 0 255 255
    255 255 0 0 255 0 255 255 250 81 255 0 0 0 0 196 255 255 96 0 255
    255 0 0 255 0 0 0 255 255 104 255 0 0 0 104 91 255 255 144 0 255 234
    255 0 0 130 0 255 184 255 0 0 255 0 96 0 170 233 255 93 255 255 255
    0 0 64 255 0 0 0 255 255 0 0 255 255 0 0 0 255 255 255 29 0 255 255
    255 45 82 255 255 97 0 0 255 255 255 255 0 0 135 0 255 255 255 255 0
    255 0 255 124 255 0 0 0 222 40 255 0 255 255 146 127 0 255 52 255
    255 255 255 0 157 0 255 0 255 0 0 0 0 0 94 0 0 255 0 255 0 143 208 0
    0 0 255 0 0 255 255 255 255 64 177 0 0 0 255 69 255 217 0 0 255 255
    255 255 0 0 66 255 255 255 255 0 24 0 0 255 0 0 0 255 255 0 255 0 0
    225 255 255 255 255 0 189 255 255 0 46 255 0 255 255 255 0 0 58 255
    170 0 0 16 255 255 0 255 255 0 0 0 0 255 0 255 0 255 0 131 255 255 0
    0 129 0 255 255 255 0 0 0 0 27 135 255 255 255 0 235 255 255 255 154
    0 255 0 0 0 15 255 0 0 255 29 0 0 255 0 255 0 143 255 255 0 255 255
    0 0 250 255 255 255 0 255 231 16 0 255 255 255 0 0 255 0 124 0 255
    27 0 255 255 0 0 255 255 0 72 255 0 255 0 255 0 23 0 155 0 255 0 255
    224 0 255 255 255 255 255 0 0 255 103 255 22 45 255 255 0 0 0 255 0
    255 255 255 255 0 255 0 255 192 255 255 255 0 0 0 0 0 255 255 0 115
    255 14 0 255 255 0 0 0 55 255 0 0 255 173 255 0 0 0 255 0 255 0 0
    139 255 0 75 0 69 255 0 255 255 0 255 151 255 0 255 117 255 0 0 255
    255 0 25 0 255 0 40 0 47 0 255 0 255 255 255 255 255 0 239 255 255
    255 0 0 0 250 0 55 0 0 250 0 255 0 246 0 0 255 255 255 32 0 255 102
    130 255 251 255 37 0 255 28 255 101 0 0 255 255 0 255 0 255 255 255
    255 0 255 255 255 0 255 179 0 255 255 242 255 255 131 0 215 0 0 0 0
    255 255 0 210 255 0 27 0 255 255 0 255 0 255 0 0 255 0 96 0 255 255
    159 255 0 184 255 0 54 255 255 0 0 255 255 255 39 255 0 0 255 0 19
    106 255 255 255 255 0 0 255 255 255 20 255 255 0 255 0 255 247 255
    255 0 212 255 0 0 0 220 0 0 255 255 1 255 0 0 255 118 255 255 0 255
    255 255 215 255 0 88 209 0 0 255 52 0 0 0 255 255 0 0 255 188 255 0
    0 0 255 0 0 255 255 255 255 0 255 255 255 0 255 0 0 255 255 0 0 255
    255 139 244 255 0 255 108 83 255 0 255 255 255 0 255 0 148 0 0 0 229
    255 255 255 255 245 102 0 0 236 255 255 255 0 0 0 255 255 255 0 104
    0 99 255 0 0 0 255 153 0 0 72 255 166 0 255 255 255 0 0 0 255 36 174
    255 255 39 0 0 255 0 255 0 255 121 0 255 255 0 0 0 0 255 255 255 0 0
    0 151 255 0 46 0 255 255 255 0 0 172 80 219 48 0 0 255 0 4 255 255
    255 255 255 0 0 0 198 0 0 0 255 203 200 255 0 0 0 255 255 0 0 255 0
    255 255 255 0 255 255 255 255 90 0 158 0 255 255 0 169 0 255 255 255
    141 255 0 255 0 0 0 255 1 0 0 0 255 215 0 67 255 219 0 0 0 255 255
    255 255 255 0 0 0 174 0 3 0 0 255 255 255 95 0 0 1 255 0 255 243 0
    255 255 255 255 0 0 0 0 255 255 255 0 255 238 255 0 255 91 255 0 0
    255 255 215 255 0 73 0 0 0 84 232 0 0 146 255 0 255 0 255 0 0 42 255
    255 255 0 0 0 36 255 255 255 255 0 255 197 255 255 77 0 255 0 255
    255 255 255 0 255 0 255 0 255 0 191 0 109 0 255 180 16 164 0 255 233
    255 162 255 0 255 0 255 0 255 255 255 0 41 170 241 255 0 46 255 255
    255 255 255 255 0 0 130 255 154 255 0 255 0 0 255 255 255 0 255 0
    255 0 0 0 255 0 255 8 0 0 255 255 0 255 255 255 0 255 0 0 0 0 0 255
    134 0 0 255 0 255 0 255 88 255 0 255 255 255 0 54 255 255 0 0 255
    255 255 0 0 168 0 255 208 0 0 255 0 151 255 63 255 0 0 0 255 255 255
    255 11 255 0 255 0 216 255 0 0 0 255 217 0 0 0 255 255 25 0 0 0 91
    224 255 255 172 0 208 72 91 39 255 0 0 0 66 0 255 0 0 0 0 54 255 0
    25 11 233 247 255 0 255 0 255 0 255 0 250 0 255 255 0 0 0 255 0 255
    0 255 255 255 95 0 255 255 75 255 0 255 0 255 16 255 0 255 255 255
    37 0 0 0 74 255 255 5 0 255 0 255 0 24 255 0 0 0 255 255 255 0 255
    255 255 255 0 255 0 0 226 255 81 255 0 255 0 0 0 255 0 146 107 255
    125 255 255 0 0 255 255 0 0 0 255 255 255 0 0 255 194 0 127 255 255
    0 255 0 255 0 255 0 255 0 255 0 255 0 255 0 0 0 255 255 255 0 0 0
    255 255 255 255 0 0 0 68 0 0 0 255 254 255 255 255 255 255 255 0 51
    0 255 255 255 37 255 255 255 255 255 0 0 82 155 255 255 0 0 0 0 67 0
    255 33 255 0 255 0 255 138 255 0 0 255 162 92 166 70 0 51 0 0 0 168
    246 62 255 255 255 0 255 0 255 86 0 255 64 0 0 0 19 0 255 255 119
    255 0 255 255 0 255 0 255 0 0 0 0 87 0 255 0 255 0 54 255 121 255 0
    0 0 0 255 255 236 0 0 0 255 0 0 255 255 86 0 0 0 233 0 216 255 255
    199 0 0 255 0 0 40 255 0 212 0 0 164 0 30 230 255 0 0 104 255 255
    247 0 255 0 0 0 255 243 0 0 11 255 255 34 0 0 255 255 255 0 39 0 0
    255 255 255 255 255 231 26 0 0 0 255 44 255 108 0 255 68 0 0 125 0
    255 255 255 255 0 14 255 255 129 0 130 255 255 255 0 0 116 252 0 255
    0 255 48 255 229 255 0 0 0 255 0 168 0 0 220 0 255 255 0 0 255 255
    126 153 0 0 255 0 255 0 255 255 255 0 255 255 0 255 0 255 0 202 255
    0 255 235 255 255 0 0 0 255 0 140 115 255 0 0 0 0 71 0 255 77 255 58
    60 225 0 0 255 0 35 0 223 0 255 0 0 0 255 255 255 134 255 0 225 140
    0 255 255 255 0 255 255 255 0 255 255 0 0 255 255 38 0 63 199 255
    255 255 0 255 255 255 0 255 255 160 255 0 0 0 0 255 255 255 0 9 229
    85 255 255 0 255 0 0 157 0 255 0 255 229 8 255 167 166 255 255 23 0
    255 145 0 0 255 0 0 0 255 255 5 0 0 255 0 249 0 255 255 255 0 255
    220 227 0 0 0 0 9 255 255 0 0 255 0 0 0 255 0 255 255 255 0 0 255
    137 255 0 6 255 0 255 0 0 0 255 91 182 191 0 255 255 255 0 0 0 0 84
    255 255 0 24 0 176 0 0 0 167 255 255 19 0 0 0 255 0 0 0 255 255 78
    122 0 0 255 0 0 0 255 0 0 0 0 255 255 0 255 255 255 255 0 0 112 0
    255 0 117 255 255 0 0 0 255 255 255 0 0 0 255 192 249 0 175 255 0 0
    0 255 0 0 0 255 255 0 0 255 0 0 255 255 255 255 0 0 255 72 255 0 255
    255 0 0 0 255 255 0 0 157 0 255 0 0 0 255 187 0 255 0 0 0 255 255
    255 255 132 255 0 0 0 255 255 255 0 255 45 255 255 0 255 255 255 0 0
    0 0 255 0 255 255 0 255 50 23 255 113 255 0 0 102 255 101 255 255
    141 255 0 255 0 255 255 255 0 255 31 0 0 15 255 255 255 110 0 255
    255 255 255 0 0 20 0 255 255 255 0 248 255 255 233 255 0 255 0 0 1
    255 214 255 68 255 0 0 0 0 255 0 255 0 255 66 46 89 255 150 255 0
    255 255 179 153 152 255 0 255 52 0 63 218 0 255 0 255 255 255 119 0
    0 0 255 255 0 185 0 255 255 255 174 0 255 0 255 0 0 0 0 0 163 0 255
    255 0 0 0 255 255 169 0 0 0 255 0 255 0 255 0 255 0 255 156 255 23 0
    255 255 255 255 0 85 255 255 185 103 0 0 99 0 255 34 255 255 0 0 86
    255 255 210 0 46 0 113 255 255 0 0 0 0 255 255 254 255 241 255 0 243
    255 0 255 0 255 0 120 0 255 0 0 0 255 99 255 180 255 123 255 0 0 0
    255 0 255 0 0 68 255 255 0 0 0 0 255 255 186 0 255 255 255 255 0 0 0
    0 255 255 255 255 0 255 0 255 0 212 0 255 255 255 255 0 0 255 255 55
    0 255 255 255 0 0 255 58 0 217 255 150 0 0 255 0 255 0 255 101 255
    255 255 255 255 0 202 0 255 53 0 255 255 21 77 38 255 0 0 118 0 193
    255 0 0 255 255 255 0 0 0 0 57 0 255 0 255 0 255 119 255 255 0 0 48
    21 255 156 0 65 0 252 0 142 255 230 0 0 255 255 255 0 123 156 255
    255 255 0 0 255 255 255 0 0 202 255 255 0 255 255 255 0 255 156 255
    255 255 255 0 0 255 255 0 0 50 255 255 255 255 0 255 0 0 0 0 255 3
    255 0 255 255 0 255 0 255 0 0 0 255 0 0 0 0 0 0 255 255 255 255 0 0
    0 65 0 192 0 0 0 0 0 255 255 255 0 196 255 255 255 176 0 0 0 255 0
    255 255 0 0 47 255 255 0 4 0 255 255 255 255 255 58 0 21 255 0 255 0
    255 255 255 0 0 0 255 107 255 255 173 255 0 0 255 0 209 0 255 255
    255 255 0 255 255 0 0 0 255 82 91 255 255 142 255 0 0 255 0 255 0
    255 255 255 255 149 0 0 255 255 0 0 0 87 255 255 0 0 0 0 0 0 0 91
    203 0 255 255 255 255 0 0 0 85 0 0 149 0 255 0 181 0 0 255 0 255 255
    255 89 115 0 211 90 255 0 169 121 255 255 255 255 0 0 0 255 255 0
    255 28 255 0 0 227 255 255 160 0 0 255 255 158 0 0 255 255 255 198
    255 0 255 0 4 0 255 0 255 0 255 255 0 5 0 0 74 255 209 96 255 255
    255 0 0 0 255 31 0 255 255 255 255 0 0 0 0 214 255 156 0 66 255 255
    0 255 0 206 248 255 255 255 0 250 0 0 255 255 255 0 0 255 255 255 0
    241 0 0 255 0 87 121 255 70 0 0 129 0 0 255 0 255 255 255 0 0 0 255
    255 0 49 0 63 111 0 255 255 255 110 45 0 255 255 192 255 0 255 0 0
    235 0 255 255 255 255 255 13 81 0 0 255 207 255 0 0 0 0 0 255 0 255
    255 169 236 0 255 0 255 0 255 0 255 0 255 0 0 255 220 255 255 255
    255 146 255 255 0 255 211 0 0 255 255 16 255 191 0 186 0 255 0 0 0
    45 255 255 255 0 255 75 0 255 0 90 0 6 0 0 255 0 0 0 168 255 255 0
    169 0 239 0 189 163 0 0 0 255 255 255 212 0 255 255 214 0 142 0 93 0
    19 0 255 3 18 103 0 0 0 0 255 0 0 255 98 0 0 50 255 0 255 0 71 0 252
    255 255 0 255 0 0 0 255 0 0 0 0 22 255 255 180 255 0 231 111 255 255
    0 0 0 0 159 0 0 0 0 255 2 0 0 255 255 0 0 186 255 13 0 255 255 216 0
    0 255 255 0 255 0 255 255 190 0 0 0 255 0 91 255 0 255 0 255 0 0 126
    255 255 255 148 0 255 0 0 255 126 255 0 0 255 0 255 0 17 0 255 0 0 0
    0 0 255 0 255 0 255 0 0 47 0 255 0 255 0 255 5 255 0 0 0 255 255 212
    255 0 0 77 255 255 193 0 255 255 125 255 0 0 0 185 255 0 0 255 255 0
    187 0 255 208 21 0 255 0 117 255 0 0 0 0 255 255 0 0 255 255 255 0
    189 18 255 0 0 255 255 255 234 0 0 0 255 92 0 0 255 0 62 255 255 255
    26 0 0 255 255 0 255 8 0 188 217 0 0 0 255 255 0 141 0 18 255 255
    255 5 0 0 195 255 19 189 0 255 23 0 37 0 255 255 135 13 0 0 255 255
    255 90 0 239 255 255 255 0 0 0 255 126 255 241 0 255 0 255 44 255
    179 0 255 61 0 85 255 39 255 0 255 255 255 255 0 0 0 255 255 255 0
    255 255 0 88 0 0 0 255 255 255 255 255 0 0 255 50 0 0 255 0 0 216
    255 255 255 0 255 255 0 0 108 255 249 255 0 0 0 255 4 10 0 0 0 205
    255 255 0 255 214 230 0 255 255 0 0 0 0 255 255 255 0 108 116 255
    255 53 123 0 0 255 255 255 38 255 110 255 255 166 255 255 0 190 255
    0 160 0 255 96 255 0 255 255 255 255 0 255 0 255 0 0 0 255 171 0 0
    250 255 136 0 0 255 0 255 0 255 133 255 0 0 0 174 0 255 0 129 125
    255 255 255 255 0 255 0 0 255 0 255 0 198 0 0 0 0 255 172 17 255 0
    255 33 255 0 0 0 0 0 54 3 255 0 255 0 255 178 0 0 0 192 255 189 255
    255 255 0 39 94 255 65 0 0 0 255 255 30 0 0 255 231 255 255 255 0 0
    0 255 255 0 255 14 0 0 0 255 0 255 14 255 0 116 255 255 255 143 0
    255 255 255 0 0 0 144 255 255 0 0 0 255 0 255 255 0 0 146 0 255 0
    255 0 60 3 255 255 255 0 56 255 129 255 0 0 0 127 255 0 0 0 193 190
    0 50 0 255 255 5 0 0 0 0 45 182 255 0 255 0 255 0 0 0 226 0 0 0 14
    255 0 255 255 0 0 0 255 0 0 255 0 255 12 255 0 255 0 0 255 165 255
    255 0 0 255 144 255 0 0 23 255 218 0 255 0 76 0 255 101 69 98 0 0
    209 255 255 0 0 255 0 0 255 0 255 255 29 0 0 255 255 142 0 175 255
    255 255 255 0 0 0 255 0 0 85 0 255 0 255 0 255 0 0 0 0 255 0 255 0
    255 0 255 0 255 0 255 255 255 0 255 255 238 0 0 255 255 112 0 0 215
    0 214 0 209 0 0 255 152 0 255 255 229 255 0 0 0 0 181 0 0 112 255 0
    255 255 0 255 255 40 0 255 251 255 0 63 75 59 255 120 255 0 255 0 0
    255 255 255 0 255 0 255 255 0 104 0 255 255 255 99 255 0 255 112 255
    0 0 0 255 255 218 0 0 255 0 0 0 255 255 255 0 106 255 255 255 0 255
    0 0 0 0 255 255 255 201 0 35 225 255 255 0 255 0 255 255 255 0 0 0 0
    255 255 255 0 0 0 95 255 255 255 0 255 28 255 0 255 0 255 255 190
    207 0 255 255 0 0 0 255 255 255 0 161 79 255 0 255 255 255 0 255 0 0
    0 175 255 0 255 0 255 255 178 94 0 255 255 0 0 0 255 255 0 255 253
    255 0 255 255 0 0 0 45 0 255 0 255 0 0 121 255 255 255 0 0 0 107 164
    255 0 255 0 255 0 255 0 255 0 255 231 0 0 114 25 0 255 255 255 0 255
    0 255 255 255 50 0 255 255 121 0 0 0 0 111 255 0 255 255 255 0 0 0 0
    0 255 255 0 0 0 140 166 0 255 255 108 0 0 255 0 0 255 255 99 0 0 255
    174 0 0 0 255 255 255 0 155 255 255 0 0 0 255 255 255 0 0 255 255 0
    0 104 255 255 0 0 27 255 140 0 0 0 255 190 0 0 85 255 0 232 255 156
    0 118 255 255 223 0 119 255 0 172 0 255 223 0 255 255 255 0 255 43 0
    0 255 14 116 255 255 0 0 255 255 0 0 0 255 255 255 0 255 0 255 0 127
    60 255 0 38 117 255 69 90 255 255 255 0 0 0 0 0 0 52 255 0 255 0 0
    255 0 13 255 255 237 255 255 255 0 0 255 0 255 255 255 0 255 31 255
    255 0 0 0 255 255 149 0 0 255 255 255 0 255 255 111 0 0 255 0 0 73
    255 255 0 0 255 255 160 106 255 255 0 0 29 255 255 0 255 0 0 255 201
    119 0 0 0 198 0 93 255 255 5 255 0 0 0 0 0 255 255 0 255 109 0 255 0
    40 253 0 0 0 0 255 0 255 0 255 255 255 255 0 0 255 255 255 163 231 0
    255 255 255 162 0 212 0 0 255 255 255 255 255 232 0 64 0 0 0 0 255 0
    0 96 0 255 255 255 0 90 255 59 117 0 255 255 255 255 255 132 255 39
    255 255 255 0 255 0 0 255 255 0 0 0 255 0 255 255 0 29 255 255 157 0
    255 129 255 0 255 0 0 255 185 245 0 255 255 255 56 144 0 0 0 0 255
    255 255 0 139 0 56 255 0 0 255 0 255 0 255 0 0 0 255 255 17 0 255
    185 255 0 255 255 255 255 0 255 134 255 0 255 255 0 0 0 255 185 255
    255 208 255 0 0 255 103 0 0 255 0 0 0 255 69 255 0 255 0 0 255 255
    255 255 0 255 255 0 0 255 0 255 255 255 255 160 0 255 0 255 0 255
    255 255 0 255 0 164 0 0 52 255 97 26 255 255 255 255 255 0 0 255 207
    255 255 0 158 255 99 224 0 0 255 0 0 255 255 0 255 255 0 0 0 255 255
    0 0 0 0 255 93 0 255 0 209 159 255 255 48 255 0 0 0 0 255 0 0 255
    157 0 0 0 255 233 126 255 255 255 0 255 0 255 0 255 222 255 200 0 0
    255 218 255 0 255 255 255 0 0 0 255 0 255 255 134 211 0 255 0 255 0
    0 0 255 255 0 4 255 255 0 0 0 255 201 255 255 255 255 255 0 0 0 255
    0 0 18 118 0 0 255 255 0 0 0 255 255 77 0 190 0 255 0 0 255 255 255
    255 191 255 0 0 0 191 240 0 255 255 255 0 255 98 0 255 0 255 135 0
    255 255 255 255 0 255 0 255 218 255 0 0 0 255 255 0 0 255 255 0 31 0
    0 255 255 108 43 162 0 255 37 0 0 28 255 255 63 255 0 0 0 0 255 255
    255 0 255 0 255 0 255 0 255 13 0 255 255 255 125 0 255 0 255 0 69 76
    255 0 255 0 255 248 0 255 0 0 0 255 255 163 255 0 255 0 255 0 255 0
    0 0 147 255 255 255 0 0 0 255 255 255 51 0 210 255 255 0 255 0 192 0
    255 255 0 0 0 203 180 255 255 0 255 241 255 25 0 0 245 0 255 0 255 0
    255 255 255 0 0 0 255 184 112 0 255 255 255 0 0 0 38 78 255 255 255
    0 243 0 255 0 255 0 255 0 229 255 255 255 205 178 24 0 255 75 255
    255 255 0 255 0 255 173 255 0 255 228 192 0 158 255 0 255 255 255 0
    0 0 255 255 255 0 0 0 255 255 255 0 221 255 0 255 255 0 229 0 255
    255 0 0 0 255 255 255 0 0 0 255 255 179 117 255 0 0 0 255 255 255
    255 0 187 110 0 54 204 255 255 255 168 255 0 0 0 230 255 222 0 255
    255 255 0 0 255 255 255 255 0 190 0 21 90 0 72 0 0 0 137 0 255 255
    13 195 28 255 212 0 255 0 0 0 255 0 0 19 255 255 50 0 255 147 0 0 0
    255 255 255 0 255 0 255 55 255 0 35 0 255 255 36 255 0 255 229 0 255
    0 0 0 0 0 133 255 0 0 0 255 255 0 0 0 35 255 255 255 255 0 255 0 178
    0 255 54 194 0 53 255 255 255 61 0 255 255 70 0 255 255 0 0 188 0 0
    207 139 0 183 0 0 11 255 255 212 0 0 255 255 255 0 249 62 0 41 255
    255 0 255 97 255 255 69 111 255 255 0 0 21 0 0 255 255 255 255 252 0
    0 255 13 167 0 0 153 245 55 157 135 239 0 103 201 255 0 255 0 0 0
    255 0 255 0 164 0 255 0 0 0 255 255 255 255 137 0 255 255 255 0 95 0
    0 0 255 0 0 255 255 255 60 255 45 0 255 255 255 0 0 0 255 255 255 0
    122 0 255 255 255 0 227 0 118 255 57 0 0 0 255 120 0 98 255 255 255
    0 255 0 0 0 0 255 0 255 0 255 42 255 255 255 0 0 0 255 255 69 0 255
    255 0 255 0 51 0 142 255 255 255 0 255 0 255 0 0 237 255 94 62 0 0 0
    255 254 0 0 28 68 133 255 0 255 255 0 0 0 255 190 255 70 255 188 14
    255 255 74 255 0 0 255 255 255 255 0 0 0 0 255 255 255 0 255 0 0 0
    255 255 255 0 210 0 22 26 255 0 143 0 255 0 255 255 255 255 0 0 0 0
    0 113 229 255 255 255 0 0 255 0 255 255 255 0 255 0 255 255 106 0 26
    0 220 148 20 4 0 255 0 255 0 255 0 0 255 0 0 0 255 48 0 0 179 255
    255 119 196 255 255 28 0 0 201 0 174 255 10 255 0 0 0 0 255 0 255 0
    255 17 224 0 255 255 146 0 255 255 255 0 255 0 255 0 255 213 255 0
    255 133 255 0 0 0 255 255 0 0 255 0 255 0 255 255 255 46 255 255 255
    0 255 217 0 0 239 147 255 0 255 0 255 0 255 0 120 255 0 0 0 255 110
    0 255 255 255 0 0 0 255 255 255 127 0 0 255 255 0 255 255 0 146 0 0
    0 42 184 62 0 219 0 255 0 0 255 0 255 0 0 249 255 255 83 255 0 255 0
    255 255 255 0 30 0 0 0 0 255 255 255 0 255 0 118 255 192 0 255 0 255
    0 255 255 255 255 255 255 198 0 0 0 54 92 255 81 255 249 255 0 255 0
    2 0 255 0 106 0 115 255 111 153 0 111 117 0 0 0 0 255 0 0 255 255
    255 0 0 0 255 67 102 72 255 0 202 0 255 93 0 0 33 255 248 0 255 255
    255 0 0 255 147 255 0 177 0 0 25 99 0 255 255 255 0 255 0 0 255 0 0
    0 0 255 0 255 235 0 255 0 255 0 255 123 0 86 93 0 149 0 255 255 255
    0 0 229 255 255 255 214 255 0 255 0 255 255 163 0 0 255 255 255 0 0
    0 0 0 255 255 255 206 0 126 0 255 0 255 255 255 255 255 243 255 255
    0 241 0 0 0 0 0 255 2 255 0 255 0 0 76 255 41 255 0 255 0 16 255 0 0
    211 0 255 0 0 68 70 3 0 255 0 0 218 255 252 97 0 0 0 255 255 255 0 0
    0 227 0 250 255 153 237 0 253 0 255 0 15 0 55 0 255 230 255 89 244
    255 255 0 0 0 255 0 255 0 239 226 24 0 255 255 255 219 0 0 0 255 40
    255 0 0 0 255 255 255 0 0 0 0 255 255 255 0 0 0 255 0 255 255 255 54
    0 119 0 255 25 0 0 255 255 255 0 0 255 0 255 0 0 0 63 255 0 0 0 255
    255 226 0 0 255 95 255 0 0 255 255 255 255 0 0 0 255 0 0 255 43 255
    0 96 255 255 255 0 0 0 222 255 0 0 0 0 129 43 255 0 255 255 255 189
    0 132 0 255 0 0 255 255 255 255 112 255 255 0 141 255 0 255 255 0 0
    255 0 0 255 0 0 255 51 255 255 0 75 255 255 255 0 235 0 255 255 255
    255 0 255 255 0 0 0 0 255 255 49 0 51 120 8 255 91 119 255 255 255
    255 0 110 255 120 0 0 64 255 0 253 0 126 41 255 43 0 197 0 255 106
    255 110 0 255 255 0 0 0 94 255 18 255 0 179 0 70 255 255 167 0 188
    255 255 255 0 69 0 255 0 255 255 0 0 255 255 255 0 222 0 0 255 211
    213 0 0 255 255 169 166 255 255 244 179 0 0 255 255 15 255 47 0 2 16
    255 255 180 0 0 0 255 255 0 144 209 255 0 0 84 0 0 0 255 0 0 0 131
    255 127 255 78 255 255 255 0 0 0 255 255 255 255 255 94 0 0 0 0 0 0
    0 0 0 115 0 0 193 236 0 255 255 0 31 0 255 255 178 0 60 255 255 0
    221 255 0 255 0 255 0 0 255 0 255 0 0 0 0 255 0 245 0 255 0 255 0
    144 157 0 151 0 0 0 255 255 255 255 0 0 0 0 0 255 142 255 255 158
    179 102 0 115 162 0 255 0 162 0 255 0 255 255 0 0 0 255 56 0 224 255
    176 0 0 255 255 255 58 0 255 163 35 59 0 0 255 255 0 255 0 255 0 255
    0 255 0 0 255 141 108 0 39 169 0 255 0 255 54 255 0 0 0 255 255 255
    255 0 0 0 255 128 0 0 74 0 255 255 255 255 197 255 0 0 0 0 43 255
    255 0 255 0 255 168 255 255 113 6 0 255 0 255 0 0 0 255 255 0 0 255
    0 0 0 255 255 162 0 0 0 0 255 255 0 0 43 216 0 255 255 255 0 191 0
    255 255 255 255 12 255 255 0 0 0 255 0 0 0 255 255 119 0 0 0 0 0 255
    0 255 0 255 0 255 3 189 0 0 0 0 255 255 255 189 255 0 255 255 255 0
    0 255 0 255 20 163 0 255 255 255 0 197 255 255 255 44 255 0 0 0 255
    255 255 0 0 255 255 43 0 69 255 255 133 255 255 239 0 0 0 100 0 255
    0 255 255 0 255 255 114 255 0 255 255 255 235 0 255 219 255 255 255
    0 0 255 0 255 255 14 0 149 22 255 255 255 0 0 255 214 0 116 255 255
    255 255 255 0 0 255 255 255 0 0 255 255 255 0 0 214 53 123 0 255 255
    0 2 255 0 255 255 255 170 0 0 0 255 255 0 0 255 140 0 249 0 255 100
    0 0 0 255 255 255 25 0 101 164 255 88 255 86 93 0 255 255 0 173 112
    83 0 0 0 255 0 255 144 255 0 255 0 0 0 0 0 255 255 255 255 72 0 255
    0 0 0 255 255 255 0 255 255 187 0 0 255 255 255 255 0 174 0 8 0 255
    255 128 0 238 255 255 0 0 34 0 255 255 0 0 211 255 0 0 255 255 255
    67 255 0 0 0 255 69 0 255 203 255 0 0 0 0 0 255 255 255 0 0 0 0 0
    255 0 255 0 255 38 255 255 255 71 0 0 255 16 255 0 0 0 0 98 255 255
    255 255 255 0 82 0 0 0 255 0 255 0 255 17 0 0 255 54 0 0 121 0 255
    205 255 0 65 0 255 0 229 110 255 0 0 255 0 255 255 255 0 255 0 216 0
    203 0 255 255 0 64 255 81 0 0 255 193 255 96 163 255 255 255 125 0
    255 0 0 0 69 0 0 0 255 0 255 255 255 0 255 0 255 0 0 0 0 0 0 255 100
    255 0 0 130 255 255 255 255 108 255 255 255 197 0 255 255 255 0 0 0
    255 0 255 255 0 255 255 255 0 0 56 0 255 255 255 0 0 205 255 0 0 0
    255 255 247 0 0 0 255 255 255 17 242 0 255 255 255 255 0 255 0 255
    46 251 0 146 80 255 114 0 255 0 248 146 255 255 191 0 0 255 255 0
    255 0 255 0 255 255 255 0 0 0 255 255 255 0 220 37 255 255 141 255 0
    0 255 0 255 215 255 255 255 155 0 0 255 255 255 0 185 255 196 0 251
    0 4 255 255 0 140 0 255 0 230 0 255 255 255 60 255 255 213 0 0 255
    255 255 0 151 0 255 255 211 0 191 0 255 0 0 0 255 0 255 255 255 0
    149 178 255 0 0 255 255 255 255 138 249 0 255 255 151 0 0 158 255
    255 0 0 255 97 255 0 255 178 255 0 0 185 255 223 234 0 255 0 0 0 255
    134 0 100 255 255 253 255 0 255 155 0 0 255 255 255 0 230 0 255 0
    219 0 255 0 0 0 255 255 211 255 255 0 0 0 0 154 255 0 255 0 255 255
    94 255 255 255 255 0 0 0 255 0 53 0 255 255 255 0 185 0 131 0 0 0 0
    255 0 94 1 0 153 163 255 0 255 0 255 207 255 201 0 0 0 97 0 255 255
    255 3 251 255 255 255 0 0 0 0 141 255 255 0 237 0 255 255 130 255 89
    255 0 0 255 0 0 255 255 23 0 255 255 0 148 255 255 0 255 0 255 0 255
    220 242 255 255 72 0 93 0 255 48 255 79 255 0 162 0 255 255 255 255
    0 0 0 255 255 255 0 0 15 255 255 255 0 255 0 0 187 0 255 255 0 255 0
    201 0 0 255 0 255 0 99 0 255 0 0 0 255 255 225 0 0 255 0 190 255 255
    255 0 242 0 255 255 255 0 0 255 255 255 0 0 0 255 76 255 146 0 0 0 0
    255 139 163 255 68 182 0 117 64 0 0 255 255 255 255 255 0 0 0 0 255
    2 255 255 65 0 0 0 161 0 118 255 255 0 0 255 0 255 0 255 0 255 0 255
    0 0 0 0 0 0 255 0 0 109 0 255 255 255 0 255 92 255 195 158 168 255 0
    0 255 255 255 0 0 255 0 0 0 0 0 0 255 90 0 0 0 255 255 0 0 0 0 255
    255 0 255 0 0 255 255 255 0 255 8 0 255 255 255 48 255 255 0 0 255 0
    0 255 255 255 0 150 0 255 0 255 0 255 255 255 0 0 0 177 0 255 0 255
    0 255 0 255 10 255 0 0 255 0 255 40 255 0 0 255 0 255 255 255 9 0 0
    0 0 178 255 255 255 0 0 255 0 255 255 0 0 0 255 0 255 255 255 0 255
    0 0 255 255 0 0 0 255 255 0 0 214 255 0 255 0 255 0 255 0 62 255 255
    0 0 255 0 0 0 255 0 247 201 255 255 236 197 255 27 235 0 0 0 255 255
    255 87 0 0 255 0 255 0 255 0 255 0 255 174 190 255 254 255 0 255 255
    162 223 255 254 255 0 0 255 105 0 0 255 255 0 80 0 0 255 255 0 255
    96 0 0 0 255 255 255 0 0 0 0 255 255 255 0 0 163 255 42 255 0 255 0
    0 0 32 0 0 255 255 222 255 255 0 255 255 0 255 255 255 0 0 0 0 235
    255 255 255 0 0 0 255 255 255 255 255 0 0 255 255 91 0 0 255 105 255
    0 255 255 255 0 255 0 0 255 0 255 34 0 0 0 255 255 245 0 0 0 147 255
    255 0 0 93 255 0 255 182 255 0 0 0 207 149 152 255 255 255 0 187 0 0
    255 255 67 0 255 255 229 0 255 0 255 0 255 255 255 0 0 0 255 0 45 0
    255 138 255 0 0 255 0 0 255 0 255 87 255 255 108 78 0 114 0 0 53 125
    255 255 0 255 0 0 0 255 0 255 0 255 255 255 255 0 201 0 57 0 0 0 24
    255 247 253 0 255 46 245 8 0 255 255 0 255 0 27 0 255 255 0 0 0 255
    0 23 0 85 255 255 0 0 0 195 24 255 0 0 0 96 255 40 0 0 0 255 255 0 0
    0 255 255 255 0 255 0 255 255 30 0 255 255 217 0 0 255 255 255 0 0 8
    255 255 0 255 0 255 0 133 255 243 255 0 15 185 194 0 0 0 255 0 255 0
    137 0 0 0 225 252 255 0 255 255 255 8 0 255 0 0 115 255 112 0 0 0
    255 255 255 255 105 255 0 255 0 255 92 0 0 243 255 0 255 45 255 255
    0 255 0 0 0 255 255 0 255 0 199 0 0 130 255 75 195 255 255 0 0 0 255
    255 0 0 56 255 0 20 98 134 143 69 74 0 255 255 0 255 0 0 0 255 255 0
    0 0 255 0 255 0 255 0 255 255 255 255 0 34 212 0 0 0 255 215 0 0 249
    0 255 255 0 0 255 255 117 15 83 36 255 0 0 255 42 63 255 0 0 0 45
    157 0 0 0 0 255 0 255 0 255 0 255 157 255 0 255 0 255 0 214 87 255
    255 255 0 0 84 255 255 255 255 255 0 0 0 255 190 255 189 255 0 255 0
    47 229 255 203 0 255 0 255 0 0 57 255 255 180 149 0 27 255 255 255
    255 0 0 0 255 255 0 0 0 255 255 255 255 0 255 0 255 133 255 255 0 0
    55 0 255 0 61 255 255 0 0 255 0 255 209 255 0 255 0 255 217 29 255 0
    0 36 255 255 203 255 0 255 255 186 177 0 97 255 255 255 0 255 255 0
    255 0 255 0 97 255 255 247 0 0 143 98 255 126 255 110 0 0 255 255
    255 255 0 68 0 161 255 236 214 0 255 0 255 255 255 0 0 0 255 255 255
    0 0 255 0 255 0 112 147 5 255 255 255 0 0 152 255 255 246 0 0 60 0
    255 255 255 255 178 159 0 0 255 0 0 246 0 0 0 255 255 0 0 154 114
    255 255 0 0 255 255 255 255 0 0 203 255 0 255 22 255 0 255 255 0 6 0
    255 255 255 0 0 255 215 255 0 127 255 255 0 255 0 144 0 171 255 0
    235 0 0 0 255 255 255 0 0 0 255 255 0 0 0 255 105 255 0 0 0 0 0 255
    255 0 0 255 0 0 0 255 0 0 0 255 255 255 155 0 0 255 255 255 0 0 192
    0 134 94 255 255 255 0 255 0 255 10 255 99 0 37 157 255 0 255 0 255
    0 255 255 156 0 0 140 217 255 0 255 255 0 255 255 171 255 0 0 255
    255 0 0 0 255 0 0 255 255 255 189 0 0 255 255 0 255 0 255 255 255
    167 0 0 0 157 255 255 255 67 0 0 0 48 0 255 255 0 0 0 255 255 0 211
    96 255 0 255 103 255 174 255 0 0 255 255 0 255 0 174 255 255 255 0
    235 255 0 0 255 255 0 0 0 255 229 255 255 74 0 0 0 255 255 255 0 255
    255 255 0 0 0 255 0 0 0 255 255 0 223 0 0 153 115 219 255 255 255
    255 25 0 255 255 255 255 73 255 255 156 0 0 0 255 255 255 0 255 255
    255 255 0 3 255 255 0 255 85 0 0 255 0 255 0 255 255 146 255 216 253
    29 0 0 0 255 0 255 255 229 0 0 0 0 255 255 207 255 255 0 82 0 255
    255 0 0 0 43 0 255 255 0 0 255 255 255 255 255 0 0 0 0 0 255 0 255
    39 0 0 0 255 84 255 255 190 181 0 255 115 0 0 116 222 255 91 89 0 47
    0 255 255 0 0 0 255 255 0 0 178 255 255 0 0 0 0 253 255 255 0 0 69
    255 212 255 117 255 192 255 0 0 56 255 255 255 255 255 0 0 0 255 248
    0 255 255 255 253 0 255 255 255 246 255 0 0 0 255 132 0 255 0 93 255
    255 0 60 78 255 209 0 0 255 255 255 0 0 7 255 255 46 0 0 0 222 34
    255 0 136 0 0 0 0 255 255 0 255 0 255 0 221 0 255 0 0 0 0 0 0 255
    255 75 255 0 0 0 36 255 191 255 0 255 0 255 255 255 0 159 0 255 0
    186 235 0 30 0 255 0 0 72 255 255 255 255 0 0 0 0 255 255 255 0 255
    0 0 0 255 0 255 0 0 255 255 88 0 255 255 142 0 0 255 0 226 0 255 255
    88 0 0 255 0 255 23 136 0 0 0 0 255 255 255 217 21 0 215 0 240 0 0
    255 255 255 255 255 255 255 27 0 187 0 0 209 92 255 0 0 0 0 255 255
    233 0 0 179 255 255 224 0 0 0 255 255 255 0 0 44 255 0 255 0 255 0 0
    255 210 255 50 0 0 255 143 255 0 0 0 0 0 0 0 255 0 255 0 255 0 255 0
    0 0 0 0 236 255 0 0 0 226 255 255 0 255 0 255 255 255 255 0 0 255 0
    255 0 255 0 206 0 172 255 255 117 0 255 0 0 0 255 0 255 0 216 0 255
    255 255 0 255 128 40 255 0 0 249 0 255 255 255 0 255 0 6 0 255 0 0 0
    0 146 255 255 0 0 0 0 255 0 0 255 255 168 255 0 89 255 255 255 0 0 0
    255 255 255 0 225 0 33 0 255 255 0 77 0 255 0 77 0 255 176 0 0 237
    255 255 255 255 0 0 255 255 55 0 0 129 0 255 255 255 124 255 173 255
    0 255 73 235 0 255 0 0 255 255 255 255 255 255 255 0 0 0 0 137 255
    255 230 0 0 255 0 29 0 255 255 0 255 255 0 0 0 255 0 71 197 0 255
    140 255 0 0 0 255 0 0 255 0 236 0 240 0 72 255 255 255 0 255 0 255
    224 255 17 255 0 255 0 255 255 255 255 208 255 0 255 0 255 0 0 0 255
    255 0 0 0 255 255 255 0 249 0 129 0 255 255 0 0 0 0 0 255 135 255 91
    255 0 255 255 255 0 32 0 0 0 0 0 77 255 255 255 255 0 0 227 255 50 0
    0 0 255 255 255 255 152 115 35 255 255 0 255 0 255 2 238 0 0 255 0
    255 0 255 0 255 0 0 0 255 255 184 63 255 255 255 0 97 255 30 0 255 0
    0 232 255 255 255 0 139 0 0 255 255 255 0 0 255 255 255 255 0 0 255
    158 255 0 255 0 0 255 255 255 0 255 131 205 255 0 255 0 0 0 0 40 0
    255 255 255 0 206 162 246 0 0 121 173 0 255 0 67 255 230 0 0 255 144
    67 255 0 0 0 124 255 255 0 131 255 255 0 0 255 255 0 0 0 0 0 255 0
    255 255 162 0 18 74 127 0 0 0 255 255 255 0 0 0 0 203 255 105 255 0
    180 255 255 0 0 83 255 255 255 0 0 0 210 255 37 1 0 231 255 245 207
    0 255 0 106 0 255 0 0 255 255 0 255 0 0 0 0 0 0 255 108 0 49 255 255
    0 255 188 98 92 0 0 0 255 255 0 255 255 255 0 0 91 255 255 255 0 0
    26 0 0 158 255 255 255 0 0 0 255 255 219 0 255 255 255 47 255 0 0 0
    0 52 255 255 39 0 0 0 255 255 255 0 0 0 0 27 255 106 255 0 164 0 255
    0 146 255 0 255 255 255 255 255 0 0 0 255 222 0 0 53 0 255 0 255 0
    255 76 255 0 218 0 80 255 255 255 0 255 255 0 0 0 0 255 216 255 0 54
    0 255 0 255 255 0 20 226 0 255 255 255 0 0 0 255 255 0 255 208 255
    51 255 0 0 0 204 255 255 242 0 0 0 255 0 255 255 143 201 255 0 0 255
    234 0 0 28 255 255 255 26 41 0 150 255 0 76 255 55 0 0 255 0 255 0
    255 255 255 0 255 255 154 255 255 0 0 0 151 172 255 0 0 148 144 255
    255 0 255 255 0 0 0 255 0 255 0 217 66 255 255 223 255 255 0 0 0 255
    18 33 255 53 255 0 223 0 255 0 255 0 0 255 255 0 255 0 0 255 255 255
    0 0 255 101 255 0 139 255 255 220 0 0 0 255 0 255 255 0 3 255 0 255
    0 255 255 0 0 255 115 185 255 0 255 162 0 0 255 0 255 0 255 0 255 0
    0 0 197 111 238 84 255 67 0 0 255 255 255 255 90 0 56 0 0 255 255
    255 255 0 0 0 217 0 0 255 255 255 0 0 255 0 255 0 0 0 0 255 255 255
    255 0 83 24 255 0 0 0 0 255 163 255 72 255 0 255 0 214 127 0 0 255 0
    255 0 255 241 187 0 141 255 255 0 255 255 0 243 0 0 0 255 0 255 255
    0 0 0 141 0 0 217 0 255 168 90 255 255 0 255 144 135 0 255 0 171 0 0
    255 0 255 0 255 255 246 0 0 0 0 255 255 255 255 0 255 0 255 0 135 0
    255 255 255 255 255 0 0 110 0 255 0 255 0 255 0 0 0 163 0 0 10 255 0
    255 0 255 0 255 0 255 0 0 0 0 255 255 0 0 5 77 255 0 187 0 16 0 255
    0 255 0 255 0 255 0 255 0 255 0 255 0 0 0 255 44 0 0 0 255 78 49 39
    0 0 138 0 255 255 255 255 0 197 0 0 255 225 255 255 255 255 109 255
    89 0 0 255 1 255 0 0 255 255 0 0 0 255 255 255 0 255 255 255 255 255
    0 0 0 0 255 255 255 0 0 255 255 255 0 255 0 255 73 255 255 255 0 177
    0 255 0 12 255 0 255 0 255 0 255 200 0 136 255 255 251 0 255 0 0 0
    255 0 0 240 255 255 0 0 0 255 111 116 197 0 0 0 0 0 255 183 255 255
    255 255 0 255 0 0 0 255 0 35 0 255 0 0 0 74 0 255 1 223 255 0 143 0
    0 255 0 0 0 255 255 255 0 0 0 255 0 255 4 101 255 0 0 0 0 0 0 0 255
    0 105 0 0 255 169 241 255 255 217 115 255 0 125 0 255 0 0 0 255 255
    0 0 132 0 194 255 94 0 98 0 108 255 255 0 0 255 255 255 0 255 0 255
    0 221 241 0 255 0 255 0 255 50 255 0 255 255 255 255 0 0 255 0 0 212
    72 0 153 255 136 0 127 255 255 0 0 121 255 255 0 58 0 0 255 144 255
    255 255 255 0 0 0 255 65 114 117 255 255 0 255 0 255 74 255 154 0 0
    255 255 236 0 0 255 255 255 176 255 255 0 185 0 255 0 212 0 255 255
    255 0 255 0 0 0 255 0 0 255 255 255 0 0 15 255 255 255 8 95 0 0 255
    66 255 255 255 0 0 0 0 255 255 255 255 57 0 0 198 255 255 255 255 0
    255 0 217 226 91 255 255 255 255 255 255 201 255 216 255 255 242 0 0
    255 255 255 99 0 1 0 255 208 255 0 255 0 0 255 228 255 255 255 70 0
    160 86 0 76 255 255 32 255 0 0 249 12 109 0 255 0 255 255 183 0 0 0
    255 255 0 0 152 255 0 0 32 255 255 0 0 103 0 255 133 255 255 0 0 0
    255 255 255 0 0 255 255 0 127 255 255 220 119 255 39 0 255 190 255 0
    255 252 255 206 255 1 0 135 0 255 255 255 0 0 0 255 134 255 255 255
    255 255 0 0 255 0 244 0 0 138 255 0 0 255 0 255 255 255 255 190 255
    0 231 0 0 255 0 187 255 255 0 255 255 0 255 0 0 0 255 255 255 255
    105 0 0 0 0 0 255 66 255 0 0 0 255 255 255 255 255 234 51 0 107 255
    0 0 0 14 112 255 0 0 0 82 255 93 0 228 209 255 255 0 255 0 118 255
    255 0 255 0 255 100 0 0 0 255 255 0 0 255 0 255 29 255 0 255 0 255
    255 70 255 0 203 0 255 0 253 0 227 0 255 255 86 0 0 0 255 255 255 0
    255 0 0 81 0 255 89 255 0 255 255 0 0 255 255 48 0 255 255 255 255 0
    255 255 1 0 0 89 35 210 255 255 255 255 0 0 0 57 255 0 255 59 255 0
    175 0 255 0 255 255 141 0 0 255 255 255 0 255 255 255 0 255 0 0 0
    254 0 137 0 100 255 255 0 0 103 255 201 184 255 255 255 0 22 0 255 0
    255 255 71 0 0 255 255 99 255 255 255 0 0 0 0 255 255 80 0 255 0 255
    255 255 0 255 0 71 0 255 0 0 0 118 255 177 255 255 0 0 190 255 255 0
    255 255 204 80 255 0 0 232 0 255 255 255 0 255 140 255 0 227 255 20
    0 255 255 255 35 0 0 24 196 255 0 255 255 6 255 255 255 0 0 0 63 134
    255 68 121 0 175 255 255 255 0 0 0 0 255 255 255 255 0 255 0 157 0
    122 91 255 255 131 152 132 255 133 0 0 255 0 255 255 0 255 78 255 0
    0 0 189 255 255 0 10 0 255 255 0 0 0 255 255 255 0 0 177 255 255 172
    0 255 0 255 255 255 0 255 255 255 0 0 0 36 0 255 220 255 0 0 255 0
    255 255 151 255 0 255 138 255 0 0 255 0 255 162 255 34 0 0 255 181
    255 0 255 0 255 118 0 0 255 255 0 255 0 162 0 197 208 255 255 0 0 0
    255 243 255 26 255 255 0 255 255 0 0 0 79 129 255 149 255 255 0 0 0
    104 201 0 255 92 206 190 255 255 0 32 35 255 0 0 255 255 0 98 162
    255 0 227 255 0 255 255 0 0 230 122 0 255 0 255 0 0 0 0 0 0 255 0
    255 255 255 0 0 0 0 255 255 0 255 0 0 0 0 205 84 194 225 0 255 255 0
    0 255 255 255 0 0 0 255 0 0 53 143 45 0 0 23 255 0 0 0 255 255 255
    98 0 255 9 219 22 255 0 255 255 38 255 255 222 0 0 255 255 255 0 0 0
    0 0 255 255 255 0 255 0 119 84 255 255 143 157 49 0 0 255 255 255
    136 255 106 255 0 0 162 0 0 187 255 255 0 0 255 0 255 0 200 255 255
    154 0 0 0 255 0 255 255 255 0 26 0 255 5 255 0 255 255 97 140 126 0
    255 0 255 0 0 255 237 0 0 255 0 255 255 0 159 0 255 255 0 255 0 0 86
    255 0 255 0 255 0 0 162 255 255 0 197 0 0 255 255 255 0 0 0 140 255
    86 75 0 255 0 255 0 255 255 255 127 0 0 0 255 255 218 223 0 230 0
    219 0 242 255 182 255 0 255 0 245 255 255 255 255 255 174 0 133 255
    255 0 203 0 0 255 100 0 19 255 255 255 0 255 0 0 237 234 255 0 26
    255 0 255 17 0 0 0 0 0 255 0 0 0 255 255 255 255 255 44 255 0 255 0
    182 207 0 255 255 0 0 0 255 255 255 255 0 0 130 0 0 0 213 0 255 126
    87 0 255 14 255 255 255 255 0 0 228 254 255 0 0 0 255 177 255 255 0
    0 255 255 255 213 255 0 0 255 255 0 0 0 0 255 255 255 255 0 255 0
    255 255 255 0 255 194 0 255 243 255 132 0 111 0 0 255 255 0 0 0 114
    255 255 0 0 0 0 255 255 255 0 0 255 192 52 0 0 0 255 84 255 210 0
    255 255 255 0 11 255 0 255 0 180 0 0 0 0 0 170 0 0 144 0 255 255 0
    255 255 255 0 255 0 255 41 131 0 3 0 255 108 255 0 255 0 0 0 205 255
    255 0 255 0 0 144 255 255 91 255 0 255 0 110 0 0 118 255 255 222 215
    0 0 255 0 255 0 158 0 255 255 0 0 0 255 17 0 0 255 255 255 0 255 0
    240 117 255 0 255 0 0 0 255 255 255 255 52 255 0 255 255 0 0 0 135
    255 255 255 0 0 0 255 0 255 255 255 255 0 0 0 0 255 255 255 95 255
    255 255 0 144 0 255 0 82 0 0 255 255 0 0 97 113 255 255 251 164 255
    255 0 255 255 0 0 0 255 44 255 0 255 252 255 255 0 0 0 255 255 255
    206 255 0 0 0 0 255 187 110 255 205 0 128 255 96 162 0 245 255 0 255
    0 255 0 1 255 255 255 0 0 0 141 0 255 255 0 129 255 255 0 0 255 0 0
    17 255 255 255 90 255 0 0 0 255 0 0 0 255 255 255 0 86 255 255 171 0
    0 255 255 0 0 0 0 0 255 255 0 0 0 255 255 255 255 150 0 0 0 0 0 255
    255 255 253 224 255 255 0 133 255 0 0 0 255 0 255 0 187 0 247 0 255
    0 255 255 255 0 0 0 0 155 65 0 0 255 20 27 0 16 0 255 255 255 0 0
    115 0 0 255 16 255 31 0 0 255 255 255 0 0 100 255 86 0 255 0 255 0
    255 0 148 128 0 255 0 255 0 255 11 255 255 194 0 0 252 255 255 0 0
    255 0 0 0 0 0 145 255 248 0 255 0 255 178 0 255 155 0 0 0 253 0 0 0
    0 148 255 0 34 255 255 0 255 0 255 233 255 161 255 255 0 0 10 255
    181 255 0 171 0 0 255 0 0 0 77 255 208 243 255 255 255 217 255 0 0 0
    0 255 0 0 255 0 0 255 255 0 0 0 0 0 0 255 255 255 0 70 229 0 0 201
    131 0 255 30 0 0 0 0 255 0 0 0 48 0 0 30 255 0 0 0 255 0 66 255 255
    227 255 0 165 0 255 255 255 126 0 0 255 255 0 0 0 255 0 255 0 0 27
    255 0 0 0 19 255 223 255 0 17 82 238 0 69 255 255 173 182 0 85 255
    255 255 255 255 235 255 59 185 255 170 255 0 0 215 86 171 0 0 224
    255 0 0 0 0 0 255 58 255 255 0 100 38 255 203 0 0 0 255 252 255 0 0
    0 0 255 255 0 0 0 255 0 255 165 255 0 0 34 255 50 0 255 0 255 0 142
    136 0 255 0 0 255 255 0 255 0 255 0 255 255 0 255 0 255 0 0 0 255 0
    155 255 255 255 255 255 0 0 0 255 255 255 0 0 255 255 255 255 160 0
    0 0 255 255 255 255 255 0 52 255 255 0 233 252 255 207 255 0 166 255
    255 129 0 255 83 255 0 6 0 60 255 255 255 0 0 0 0 0 0 0 255 0 255
    229 255 0 0 0 0 255 28 255 211 0 0 255 0 255 255 0 0 255 255 255 0 0
    0 255 0 255 255 255 255 0 0 0 255 0 255 5 255 116 255 0 255 0 199
    255 0 255 0 255 255 255 0 255 255 153 0 255 255 0 0 255 0 0 121 0
    255 255 113 0 0 0 34 101 0 0 252 0 255 181 99 0 0 255 255 255 255 0
    173 0 255 114 255 255 30 0 0 255 0 255 0 255 0 255 0 255 198 0 255
    255 0 0 0 0 0 0 255 12 255 169 255 255 255 255 61 0 255 86 0 255 255
    146 0 255 255 255 0 0 0 255 0 255 0 0 0 255 255 173 255 0 0 255 107
    255 0 255 0 0 0 255 255 255 239 0 255 255 77 0 255 0 0 255 255 157
    11 134 255 89 255 255 0 0 0 0 255 255 255 255 0 0 255 255 0 0 0 255
    255 0 0 255 0 0 0 255 255 255 0 0 250 222 0 255 255 0 0 0 158 255
    255 0 0 0 255 255 23 255 255 255 0 149 0 255 255 255 0 114 0 255 0 0
    0 255 255 0 255 255 0 0 0 255 255 0 255 0 255 0 255 255 255 0 0 0 0
    30 0 255 255 255 0 0 216 0 255 126 255 0 0 255 0 255 0 218 255 0 255
    0 255 122 229 0 0 0 255 255 35 0 0 255 0 0 0 73 0 34 255 255 0 0 0
    12 255 132 118 0 255 246 255 112 255 139 0 0 255 127 0 0 255 255 0 0
    0 255 0 147 79 255 0 255 255 255 0 0 0 255 255 0 0 255 255 255 255 0
    0 0 72 0 0 0 177 255 255 0 0 0 0 13 0 255 255 0 255 0 0 104 255 0
    255 255 102 251 0 0 78 255 143 188 0 0 255 0 0 0 255 233 255 0 147
    247 255 255 0 255 255 151 255 0 191 255 255 0 255 255 23 255 0 255 0
    255 0 255 255 41 0 221 151 255 0 255 0 74 68 255 193 255 68 168 255
    255 0 17 24 255 0 255 49 255 188 0 54 255 0 0 199 255 255 255 255 0
    189 255 0 255 191 166 0 255 255 255 255 0 232 0 255 0 205 247 255
    255 255 236 0 0 0 255 255 120 0 0 0 0 140 0 255 0 180 0 0 0 255 0
    255 255 1 255 255 24 255 255 0 0 0 255 87 224 255 0 255 0 0 0 35 255
    0 255 0 19 255 255 255 197 255 0 255 0 255 255 19 255 0 192 255 0 65
    255 255 238 255 0 255 255 255 255 0 0 212 0 254 255 255 255 62 255
    156 255 0 255 0 255 203 255 0 104 0 255 255 255 0 0 0 255 118 0 0 0
    255 245 255 0 255 0 255 49 0 37 255 255 255 255 255 0 224 0 0 141
    255 255 255 0 0 0 255 144 66 255 0 255 0 0 0 255 0 0 255 0 26 95 82
    0 0 0 137 255 255 255 0 255 0 0 0 72 0 255 255 255 211 0 0 255 255
    255 0 0 255 255 0 0 157 0 255 0 255 255 122 0 208 0 255 0 5 56 5 12
    255 255 0 0 255 255 0 0 0 255 255 0 255 0 255 0 255 0 255 233 255
    197 255 0 99 86 255 198 177 0 255 0 83 255 207 0 0 110 255 0 255 255
    107 255 0 255 0 0 0 0 54 0 0 0 122 0 99 0 255 0 255 0 108 0 0 255
    255 255 93 255 255 0 0 0 0 0 255 137 255 0 66 0 255 255 255 0 255
    153 0 255 119 255 0 0 255 255 0 28 95 255 255 0 0 0 255 0 173 255
    255 0 0 0 0 255 255 0 0 0 255 181 255 0 255 0 8 255 0 0 0 255 255
    255 0 0 255 0 0 255 255 255 255 0 0 0 255 0 0 0 255 126 255 0 255
    255 255 73 0 0 255 255 0 132 0 159 98 0 255 255 29 255 255 0 0 0 0
    255 255 255 255 9 0 0 0 255 62 255 255 0 0 0 107 255 255 0 255 0 0 0
    255 255 255 83 117 255 0 255 255 0 126 0 255 255 49 0 0 0 186 65 34
    0 255 255 255 0 0 0 255 255 0 0 255 0 255 255 255 255 0 0 0 0 255 0
    115 128 0 255 170 255 250 50 255 0 89 0 255 255 255 150 0 0 255 0 0
    255 0 255 46 0 0 255 255 255 119 255 0 0 0 20 255 0 0 255 255 0 171
    255 7 0 2 0 255 255 0 129 0 92 0 248 43 0 255 27 0 0 0 0 230 166 0
    255 255 255 0 0 255 0 255 0 126 0 238 0 0 0 167 255 193 155 255 255
    255 0 255 0 255 255 255 0 0 255 0 255 0 255 255 255 0 255 0 0 0 219
    201 0 255 0 255 156 255 255 0 122 0 121 255 255 255 0 255 0 40 21
    255 255 255 0 0 195 255 255 0 255 0 255 255 85 255 109 142 255 210 0
    253 0 255 255 116 216 255 255 92 58 0 0 255 144 0 0 255 255 255 193
    0 0 255 255 255 0 204 255 178 107 255 121 255 79 255 27 21 0 255 0
    255 5 255 255 255 0 244 0 0 255 0 0 0 244 241 0 0 255 157 255 255
    156 0 0 0 0 255 131 255 0 255 0 255 255 0 255 181 0 0 255 255 0 227
    0 255 255 255 255 230 255 0 255 0 255 255 227 194 211 0 0 255 255
    255 255 0 255 0 0 0 0 255 0 0 255 255 0 0 0 255 0 255 0 255 0 37 0
    255 255 255 255 0 0 255 255 24 0 255 0 226 0 0 255 255 251 255 0 0
    255 201 0 0 255 0 0 255 255 103 0 0 234 218 255 0 0 0 255 255 255
    255 221 119 255 167 255 0 255 0 153 171 255 0 115 0 0 117 155 255
    255 0 186 0 255 255 0 255 255 0 255 255 255 65 0 0 255 0 0 0 255 79
    255 0 0 0 255 255 68 255 0 0 255 0 255 97 0 0 0 0 25 255 0 255 14
    156 0 0 255 0 255 158 255 0 0 0 0 0 255 88 255 0 247 78 137 217 255
    174 255 196 114 6 255 0 255 255 227 204 0 0 255 255 67 0 0 255 255
    255 39 255 161 230 0 125 255 163 0 1 255 0 255 0 0 0 255 0 255 0 203
    255 255 0 0 0 255 42 255 215 14 0 0 0 0 0 255 98 255 0 255 211 0 0 0
    255 173 255 255 255 157 0 0 0 0 255 255 255 255 108 0 0 166 255 0 0
    0 255 255 0 68 50 255 255 255 0 87 168 62 255 186 0 41 255 255 0 255
    0 255 255 0 219 140 0 255 58 255 159 255 255 66 0 0 255 255 0 0 255
    255 0 0 255 0 212 255 206 255 0 0 0 0 255 255 0 20 31 161 0 255 255
    255 0 0 0 229 0 255 0 242 0 255 255 0 255 0 255 0 255 0 255 255 0
    255 0 255 0 255 0 255 0 91 0 255 0 255 255 172 0 0 255 255 255 0 0 0
    255 255 0 0 0 255 0 50 196 255 255 0 0 128 255 0 253 0 255 255 0 255
    0 255 0 150 134 129 0 0 255 0 23 0 255 255 255 255 255 0 255 0 255
    194 255 0 255 255 255 255 34 255 101 255 0 255 0 255 255 255 0 255
    255 150 0 0 255 255 150 255 244 255 255 0 117 255 255 255 0 0 95 0
    150 137 0 0 255 172 255 0 164 0 1 0 255 167 0 213 0 255 11 231 81
    255 0 0 255 255 255 51 0 0 0 255 0 255 0 0 0 255 255 255 255 0 255 0
    255 180 0 0 255 255 210 255 255 0 255 65 255 255 255 0 255 0 255 255
    0 255 0 0 200 255 255 0 255 0 0 0 255 255 255 255 255 48 0 0 0 255 0
    255 255 0 0 185 255 166 198 0 0 255 255 255 74 255 49 50 0 224 255 0
    255 0 83 255 255 0 0 0 255 255 255 0 0 255 255 255 129 0 0 192 15 0
    0 255 255 255 255 38 0 0 255 255 255 255 0 240 0 255 255 19 0 158
    255 255 255 0 0 255 157 255 158 130 51 0 255 0 255 0 255 55 255 42 0
    255 0 255 0 255 231 148 0 255 0 0 49 0 255 211 230 244 255 255 0 0 0
    255 255 255 255 255 0 255 0 127 0 186 255 255 0 0 0 255 40 255 0 255
    0 7 0 182 255 255 255 0 0 0 255 0 255 0 255 172 0 0 255 0 157 0 255
    255 0 230 255 0 255 0 0 0 255 255 0 0 255 255 0 0 0 0 255 236 0 0 0
    255 255 255 255 0 0 142 255 255 216 0 255 0 255 0 255 0 0 0 255 255
    255 0 255 166 255 255 0 255 0 255 5 0 0 255 255 255 255 0 32 254 255
    255 0 255 0 122 0 255 255 255 234 255 255 171 0 255 255 255 153 149
    0 255 0 255 0 0 0 0 255 63 65 0 255 0 0 0 255 0 255 0 255 131 254 18
    255 108 255 255 255 255 0 255 0 229 0 44 0 0 255 0 255 0 255 0 242 0
    255 0 255 0 0 0 255 255 255 0 255 255 255 244 255 0 2 0 255 0 255 0
    255 255 255 0 255 0 255 0 255 255 0 54 108 91 0 207 255 25 214 0 0 0
    193 255 255 0 0 255 255 0 0 255 255 255 0 0 91 255 0 0 0 0 255 0 255
    255 255 255 0 0 255 0 0 255 255 16 255 0 0 0 0 0 0 244 179 255 255 0
    255 255 255 66 0 0 255 255 0 0 0 255 0 0 249 0 255 0 255 0 255 255
    255 255 0 255 255 255 18 0 26 255 255 0 0 245 255 124 0 0 0 255 255
    255 255 0 51 0 0 255 123 0 37 0 0 171 0 218 0 148 255 255 0 0 19 0 0
    255 24 0 201 0 255 0 0 255 0 255 0 0 0 126 118 255 255 0 0 255 255
    255 202 255 0 255 178 255 29 255 138 112 0 15 0 255 0 255 255 255
    255 0 255 0 191 255 0 255 0 255 0 0 255 255 255 255 169 0 45 0 0 0 0
    151 255 0 255 255 0 0 255 255 116 0 0 255 255 255 255 142 255 0 0 0
    176 186 255 104 0 0 223 194 0 130 255 255 0 0 175 255 255 122 140 0
    255 255 255 255 255 0 58 0 255 0 0 108 0 238 255 255 255 0 255 255 0
    0 158 238 0 255 255 255 255 255 43 0 230 255 255 0 0 255 255 255 255
    0 0 0 255 255 0 0 255 255 0 0 0 255 0 255 0 0 255 255 255 0 14 0 0
    255 102 208 255 255 0 255 0 255 204 64 0 0 146 197 4 255 49 0 255
    227 47 179 167 255 75 0 0 255 0 255 0 255 0 255 0 255 0 0 0 255 255
    0 48 0 255 210 255 255 0 0 0 255 0 35 152 255 0 155 150 0 255 0 255
    92 0 89 255 173 6 62 0 7 255 255 0 51 0 255 0 255 61 255 171 0 0 105
    255 103 110 0 241 255 255 255 255 255 0 255 0 255 0 180 255 0 255 0
    255 255 0 0 0 76 118 165 243 76 255 255 0 255 0 0 149 15 0 255 0 255
    69 255 0 255 0 130 0 0 255 255 0 0 0 255 255 255 255 43 255 0 255
    255 0 0 0 233 255 255 255 59 209 0 0 255 255 0 255 197 255 0 219 0
    213 0 0 0 83 0 255 255 255 225 255 0 255 0 232 19 255 255 0 0 255
    255 255 12 255 139 255 0 237 255 0 255 255 0 0 0 243 255 255 60 0 0
    0 252 255 255 54 255 0 22 0 101 3 0 255 149 0 0 0 97 255 255 255 255
    0 37 0 255 255 255 255 0 0 0 255 255 255 0 127 255 255 0 255 0 36 0
    154 255 255 0 216 195 255 0 255 242 226 0 0 0 255 180 255 255 255 0
    0 0 255 255 255 0 0 255 255 0 0 0 255 0 236 0 255 255 255 255 84 255
    0 0 201 255 255 247 13 255 255 255 0 0 7 0 20 255 255 255 65 0 0 0
    255 255 255 0 0 255 255 255 0 0 115 255 255 185 255 0 0 0 255 255 0
    255 0 0 190 200 0 255 0 0 255 0 255 0 0 132 0 255 255 255 255 0 44 0
    185 255 0 0 0 0 0 172 161 255 255 0 177 0 255 0 255 255 169 131 0
    234 0 255 196 255 0 101 0 0 9 255 255 64 0 0 255 0 255 0 255 0 0 255
    0 255 0 255 0 0 0 0 0 255 169 255 0 0 0 198 255 226 56 255 255 255
    255 255 0 0 255 0 255 255 0 255 0 255 0 255 0 255 0 0 0 92 0 0 255
    255 255 255 255 255 0 255 0 226 0 0 0 0 255 0 0 255 15 11 0 0 0 255
    255 0 0 0 255 255 38 255 255 0 131 0 255 0 0 255 255 255 0 0 0 255
    255 17 255 0 255 0 255 0 94 255 255 0 0 0 195 255 255 0 0 255 127
    255 79 174 255 181 255 255 0 37 0 255 0 255 0 255 255 122 29 0 207
    255 0 0 0 255 12 255 217 0 0 255 255 0 255 0 255 0 0 255 0 255 255 0
    59 0 255 255 92 0 0 0 255 255 255 255 0 0 255 255 255 0 255 10 255
    255 255 255 255 0 255 0 0 0 255 81 165 255 255 255 0 255 0 255 131 0
    0 0 255 0 200 255 255 255 81 180 255 0 255 0 0 0 0 255 255 0 0 0 0 0
    255 255 255 0 255 0 255 0 136 0 0 0 0 255 0 255 202 255 255 0 0 255
    0 255 255 0 0 255 255 0 112 0 255 218 88 0 255 0 255 186 255 0 146
    56 255 0 255 102 0 255 99 158 255 255 255 255 0 65 255 255 106 0 255
    0 0 185 39 0 255 250 255 0 0 19 0 247 255 0 0 255 255 255 0 201 0
    255 81 255 0 0 255 0 0 0 255 182 182 154 0 233 0 255 0 255 119 255 0
    0 255 255 59 0 255 0 15 255 255 255 255 0 199 255 0 0 0 255 255 255
    0 255 72 200 0 148 0 0 255 255 255 0 0 72 116 255 0 255 0 0 0 255
    216 255 0 255 255 0 255 255 255 75 0 255 255 0 0 255 255 0 188 0 0 0
    255 255 0 0 0 0 216 255 0 255 255 14 220 0 129 255 255 1 0 0 197 255
    255 0 0 0 184 0 227 255 255 163 255 0 0 0 0 0 255 255 207 0 0 20 0
    147 197 255 255 0 255 255 255 50 0 0 0 197 235 0 0 255 0 208 255 255
    255 0 255 255 255 255 0 0 0 0 255 255 255 255 0 0 0 0 0 32 255 255
    255 255 0 0 255 114 0 0 255 97 255 6 255 152 255 0 0 0 250 255 255 0
    0 255 56 255 255 244 183 0 255 255 0 11 0 151 0 255 0 255 255 0 198
    0 255 0 0 255 255 255 0 255 0 0 164 255 255 0 127 255 0 0 237 255 0
    0 255 0 0 255 255 255 0 0 0 255 255 255 0 255 255 0 0 255 255 0 159
    0 253 255 0 255 255 122 0 0 0 0 255 255 255 0 0 0 32 0 255 0 255 255
    24 0 0 11 255 255 0 0 255 0 0 0 255 255 62 0 255 255 31 0 231 0 220
    255 255 255 0 255 0 255 81 0 0 255 0 0 0 255 255 255 255 0 255 255
    255 0 255 19 229 255 59 255 255 214 0 0 255 0 255 255 255 0 0 255 0
    0 118 0 101 255 0 0 129 255 73 0 0 0 255 255 255 255 255 0 0 61 129
    113 0 57 0 107 237 255 0 255 255 255 170 0 66 0 0 255 255 255 0 103
    255 0 255 0 255 255 247 231 0 0 0 129 209 255 0 255 0 255 67 255 0 0
    0 255 255 0 50 0 255 255 255 0 0 113 255 255 0 0 255 255 255 0 0 0 2
    0 0 255 255 0 0 0 143 0 255 255 255 255 255 0 0 56 0 167 0 0 255 255
    24 168 0 255 166 255 255 0 255 255 255 0 126 0 255 255 0 0 0 123 255
    0 0 0 206 255 124 193 0 0 255 0 255 220 124 255 154 255 40 255 255 0
    255 192 6 255 0 0 0 168 255 133 70 149 255 255 228 0 0 241 255 255
    255 219 0 0 255 255 255 0 0 255 255 123 0 0 0 0 0 0 255 255 255 0
    230 136 224 255 3 0 255 0 255 255 255 255 0 0 0 255 0 255 0 255 255
    255 0 0 234 0 255 0 255 255 255 255 112 255 19 0 255 0 255 0 0 0 255
    0 0 255 255 255 0 0 0 255 115 255 255 255 238 0 0 255 33 255 0 255
    255 46 255 0 0 0 255 255 215 0 255 0 0 255 141 255 255 132 0 0 170 0
    0 239 255 255 0 0 56 17 255 0 0 84 150 255 255 255 0 0 0 0 184 0 73
    0 80 198 255 255 0 0 255 255 255 0 255 255 107 2 0 255 0 255 0 255
    255 255 0 255 255 255 255 80 0 0 0 255 0 255 0 255 144 150 0 255 255
    123 255 0 157 0 0 255 255 255 0 0 255 255 127 255 0 0 0 255 40 0 0
    210 255 159 244 0 0 0 255 0 69 52 255 0 255 0 255 175 255 0 255 0 0
    0 0 255 255 255 0 99 83 104 0 255 0 0 0 255 0 255 227 255 125 255
    255 0 155 0 255 135 255 255 255 30 255 255 0 0 0 255 255 255 189 0
    255 0 255 255 255 0 0 0 255 255 0 255 0 0 3 255 255 0 0 0 0 255 0
    255 0 255 255 0 0 0 0 255 255 255 0 255 255 0 0 0 26 255 0 255 0 0 0
    255 255 255 0 0 0 255 255 94 109 255 255 0 255 0 255 0 255 0 255 255
    196 154 246 255 98 136 171 255 255 255 0 0 0 255 85 188 0 37 0 255
    255 145 238 0 255 255 96 0 255 251 255 0 167 255 0 27 0 255 0 255 0
    255 255 255 255 4 211 255 0 255 0 255 178 0 0 255 255 255 92 255 184
    255 255 255 255 0 255 0 231 0 0 0 255 0 0 0 0 0 255 255 255 0 0 255
    0 77 255 255 255 255 0 109 0 74 0 0 0 249 255 255 30 255 0 255 255 0
    0 0 255 232 255 0 49 255 22 255 243 255 0 0 255 191 53 0 0 0 255 0
    255 255 255 0 255 0 0 0 105 255 255 29 94 0 34 0 255 255 255 0 0 0
    255 173 255 62 255 8 193 0 255 255 255 255 255 213 0 5 0 0 255 255
    255 0 36 255 255 0 255 255 0 0 0 250 0 0 255 0 255 0 255 255 0 0 0 0
    237 0 255 0 233 0 255 255 255 130 255 255 255 0 192 255 255 0 0 0
    150 0 209 32 0 0 11 255 0 0 115 255 255 255 0 0 0 133 107 132 255
    255 177 255 56 255 255 255 0 0 0 255 255 0 0 0 255 174 238 0 0 52 0
    0 147 255 0 255 0 236 0 255 0 255 255 255 96 104 0 255 255 255 45
    255 0 255 0 104 0 255 15 255 0 255 81 255 0 0 255 25 20 0 255 255 0
    0 108 255 0 255 255 255 0 0 255 253 255 0 255 255 216 0 0 0 222 143
    255 255 0 0 0 255 0 255 255 43 0 0 255 251 0 0 255 18 0 0 255 255
    255 255 24 0 223 255 0 255 91 255 0 255 255 255 255 128 255 0 0 255
    255 255 0 255 255 37 0 0 0 255 16 0 0 37 255 0 0 255 50 255 0 94 20
    96 0 255 12 165 0 255 255 255 0 0 255 255 255 0 0 66 255 255 0 255 0
    255 255 249 0 0 69 255 223 0 174 255 255 255 0 255 0 255 0 0 15 255
    132 0 255 255 255 0 222 0 177 206 0 255 255 128 0 0 58 255 0 0 0 255
    255 255 193 46 255 255 249 87 0 255 0 11 0 255 255 33 0 0 0 255 0
    255 8 0 0 255 255 255 136 255 0 255 255 255 152 0 0 191 0 255 0 255
    255 0 255 0 250 0 255 255 255 255 0 0 0 0 255 0 255 0 0 255 255 255
    0 255 255 204 0 255 0 202 0 0 255 255 255 0 110 0 0 0 255 16 0 59
    236 138 255 255 255 0 0 0 0 0 255 255 146 164 255 255 0 0 0 222 255
    255 0 142 255 255 251 0 0 255 196 255 255 255 255 0 0 0 5 255 227 6
    255 134 127 0 255 0 0 255 0 255 0 255 189 46 0 0 0 186 255 0 0 234
    255 0 255 0 255 0 0 0 227 255 0 0 114 22 255 255 0 0 0 255 0 0 0 255
    255 0 0 0 255 17 0 255 255 255 0 255 0 0 0 255 255 255 94 0 255 255
    255 255 0 255 0 195 0 255 31 255 36 255 37 137 0 0 0 255 255 255 0 0
    0 0 255 255 255 0 255 255 0 0 255 0 184 0 255 255 221 0 255 0 255
    146 255 0 0 255 0 82 0 175 128 255 0 255 255 237 0 255 255 255 0 0 0
    147 238 213 0 255 255 255 0 0 0 255 201 171 183 0 255 189 0 0 0 0
    255 0 255 0 255 255 208 255 255 0 0 0 255 138 71 255 172 130 255 255
    64 0 0 255 255 0 0 253 0 255 0 255 0 6 0 124 0 0 255 255 255 0 37
    255 0 0 0 239 255 0 0 0 180 113 255 255 206 0 0 255 255 115 255 0 0
    0 255 0 141 0 255 255 208 152 0 255 255 0 0 255 0 255 0 0 135 138
    156 0 0 255 255 0 255 0 153 0 255 0 0 0 0 255 0 255 63 255 235 0 255
    0 0 255 255 0 0 255 59 255 255 255 255 0 201 252 0 3 255 0 0 255 255
    255 207 0 0 139 255 255 0 12 0 255 0 124 220 255 255 255 251 0 0 255
    255 75 255 47 0 0 255 38 255 251 159 255 0 255 0 255 0 172 248 214 0
    0 0 255 255 255 255 0 0 0 27 255 128 149 0 255 242 0 0 0 130 255 0 0
    0 0 44 139 255 145 0 255 255 0 0 255 194 0 255 0 0 0 0 255 255 255 0
    255 182 255 255 255 255 0 255 227 39 255 255 255 0 0 0 234 0 255 255
    255 255 42 127 0 0 0 0 255 255 255 0 255 0 255 255 255 0 0 255 255
    255 0 0 0 255 0 255 255 5 0 0 255 255 255 255 0 170 0 255 255 255 0
    153 0 10 255 255 0 0 255 197 0 255 255 0 255 255 0 255 255 255 148 0
    0 20 255 213 255 186 0 0 251 255 255 0 255 0 106 47 255 0 255 255 0
    0 0 255 0 0 255 255 255 0 0 29 255 255 0 255 0 87 0 0 255 255 152 8
    255 255 0 0 255 255 255 0 0 0 96 255 255 255 0 0 0 255 255 210 0 16
    43 255 255 0 0 255 0 255 0 255 240 255 255 0 0 255 0 0 0 255 0 21 0
    255 0 191 255 246 255 0 0 0 128 0 255 0 0 255 0 255 0 0 0 107 255
    255 0 0 255 128 255 255 255 0 0 255 255 255 29 0 151 255 0 255 255
    255 0 255 255 0 0 0 255 0 255 0 183 0 0 255 124 0 52 0 255 0 255 255
    255 255 0 255 64 225 0 0 0 0 0 255 0 162 73 255 23 0 0 0 216 0 255 0
    0 32 255 255 0 0 255 255 255 80 0 0 255 0 255 0 0 0 0 255 12 255 0
    255 0 255 0 255 255 200 0 67 85 0 0 255 0 0 113 0 0 255 93 255 0 255
    255 238 0 0 255 255 255 0 0 117 255 231 0 0 255 86 255 0 0 255 0 255
    57 0 0 0 0 255 255 255 0 28 0 255 97 255 14 255 0 255 255 255 173 0
    155 0 105 108 255 174 0 170 229 0 255 190 75 0 0 0 0 255 255 255 0 0
    255 0 19 101 255 0 255 130 255 0 0 72 22 0 255 255 158 255 0 145 174
    255 0 108 255 0 0 255 255 0 25 0 255 255 255 0 172 255 255 0 255 0
    83 0 255 160 255 255 154 255 255 255 0 255 255 255 0 96 255 0 255 0
    255 255 255 255 255 0 255 162 255 255 0 0 192 229 255 0 0 0 0 255 23
    255 0 152 255 0 0 0 162 255 255 189 0 255 0 255 0 238 0 255 255 164
    247 255 0 255 255 255 255 255 47 0 36 131 255 0 0 255 255 12 255 0 0
    255 0 255 0 0 255 0 0 0 255 255 0 255 8 255 0 255 201 0 0 255 255
    255 0 0 0 167 255 255 31 105 17 163 0 0 85 0 236 69 9 255 0 0 0 125
    255 255 255 69 255 255 0 42 0 0 255 59 255 0 255 255 51 187 0 255
    174 0 255 0 90 190 96 218 0 255 255 255 0 255 0 255 0 255 0 0 186 0
    255 0 183 235 255 0 255 255 0 0 255 0 255 0 255 255 186 0 0 0 14 255
    0 0 236 0 255 255 255 0 162 207 255 0 0 0 255 255 255 0 255 0 255
    255 4 255 255 0 0 187 255 255 255 0 255 255 0 0 119 218 255 0 122
    215 227 50 0 0 0 255 255 255 255 255 0 0 255 255 0 0 0 255 0 0 0 0 0
    0 196 0 255 255 255 0 0 0 255 239 255 255 0 136 0 0 255 255 255 0 0
    255 0 255 255 255 0 0 0 95 145 104 0 0 255 255 236 255 0 95 0 255 0
    178 255 255 36 0 0 255 255 120 0 93 255 255 255 255 0 0 255 255 255
    158 0 0 0 0 64 255 255 0 0 195 255 0 255 220 255 0 0 14 0 255 255
    253 255 255 255 0 0 255 0 255 0 255 0 255 102 255 255 0 112 255 143
    0 0 0 255 255 255 255 0 0 0 255 0 5 104 255 255 255 0 177 0 255 0 66
    255 0 255 148 255 0 0 139 255 178 0 255 255 251 0 255 0 255 255 255
    0 0 0 0 151 154 87 0 255 0 255 0 225 255 255 0 0 227 255 156 0 255
    205 0 255 255 255 36 175 255 255 212 0 255 0 0 249 255 255 0 255 125
    0 255 255 255 0 255 0 255 168 44 255 0 255 156 255 255 255 0 105 0
    32 255 0 255 0 255 255 255 0 0 255 255 255 0 186 255 255 0 0 0 199
    255 255 255 244 0 0 0 255 0 255 0 255 0 255 41 255 0 255 0 185 0 255
    140 0 0 55 255 255 255 255 255 0 0 255 255 255 255 255 0 191 0 255 0
    255 19 255 163 255 0 255 0 255 0 255 0 0 255 0 0 208 255 0 255 255
    217 30 110 255 255 255 0 0 44 0 255 117 255 0 255 255 0 0 255 0 255
    255 255 0 0 0 240 255 188 0 255 114 255 93 255 0 255 79 0 0 0 0 61
    255 255 255 255 255 0 255 255 255 0 216 255 255 0 154 0 0 255 255
    255 0 0 255 255 0 255 113 255 255 255 0 0 255 255 255 0 0 31 0 0 34
    200 255 81 26 0 255 0 255 255 0 255 237 212 255 255 0 191 0 193 0
    101 255 0 255 255 255 255 0 255 0 255 0 255 0 0 0 255 0 255 0 255 89
    0 14 112 177 0 255 255 255 255 168 198 117 255 255 0 0 255 0 0 255
    255 0 0 0 255 0 255 167 255 255 0 255 0 255 0 0 255 255 0 36 92 255
    0 0 233 255 255 0 255 255 206 2 255 255 255 0 255 255 0 255 255 255
    0 214 148 0 255 255 238 60 255 37 255 253 0 255 209 88 0 255 35 0 0
    0 255 0 255 0 255 57 255 0 255 0 255 0 255 0 255 0 255 255 67 0 0 0
    255 255 255 0 208 59 0 0 255 177 255 255 255 255 0 0 255 0 255 255
    213 255 0 255 77 255 0 101 255 255 0 255 255 0 255 0 0 150 255 255 0
    0 0 255 255 0 0 0 0 0 0 90 163 255 0 0 0 56 255 143 255 255 255 0
    255 162 0 139 132 255 255 0 255 255 255 255 255 0 0 0 0 255 255 255
    255 175 0 255 0 255 255 0 255 0 255 81 151 0 255 255 255 255 0 255 0
    0 105 0 255 0 255 0 0 0 255 255 255 0 70 255 163 0 0 255 255 0 0 255
    84 31 0 255 255 0 0 181 255 255 239 255 0 0 0 255 219 166 0 186 255
    255 255 0 255 0 255 255 255 255 0 255 0 255 0 255 96 130 255 0 0 255
    255 0 205 255 0 255 0 255 0 255 255 247 255 0 0 255 255 255 255 0 0
    0 255 0 255 0 24 0 0 0 255 255 140 254 0 0 24 254 97 255 0 209 0 255
    255 0 255 0 255 255 255 213 0 0 0 0 0 255 0 177 255 255 0 0 197 255
    255 255 0 255 255 0 255 255 255 217 9 255 95 255 157 0 0 255 255 0
    255 0 0 225 255 255 0 0 255 255 255 0 255 167 0 0 86 0 255 0 19 0 0
    113 52 0 255 255 255 0 99 0 255 255 185 255 255 255 0 255 0 0 0 255
    255 231 0 0 171 129 255 255 92 244 0 0 0 255 255 255 208 0 255 255
    146 0 0 255 191 255 0 0 0 112 0 234 217 0 0 255 0 189 0 0 0 255 255
    255 164 0 255 255 255 0 0 255 255 255 0 0 0 255 255 0 117 0 255 0 0
    252 255 137 255 255 255 0 0 0 255 150 29 255 221 0 0 0 255 0 255 0 0
    0 228 0 0 163 255 255 0 210 255 0 2 0 72 215 0 0 255 255 255 139 255
    0 0 0 0 177 255 233 37 0 0 0 0 255 0 0 0 0 165 255 255 0 0 0 255 0 0
    60 0 255 178 255 0 5 239 0 0 113 0 0 255 255 255 148 43 0 96 119 255
    126 162 165 255 0 255 10 183 255 79 255 255 255 255 255 25 0 0 255
    255 212 255 0 119 255 0 135 255 255 0 255 0 255 0 0 0 211 255 255
    108 0 255 62 255 0 0 161 255 0 255 28 120 0 244 0 0 0 255 210 0 255
    255 255 0 0 0 255 0 255 255 62 0 0 255 255 255 162 0 0 0 255 211 255
    0 0 255 185 0 211 255 255 0 0 255 0 255 11 255 255 0 0 0 255 255 255
    0 255 0 255 0 0 39 0 255 255 0 0 0 102 255 255 0 0 0 255 255 255 0 0
    180 0 255 0 63 0 255 0 255 255 0 0 0 255 255 0 0 0 0 0 174 0 97 0
    218 0 255 0 234 0 255 255 211 255 0 170 255 0 255 0 255 0 0 0 0 255
    59 0 0 25 0 77 255 255 255 0 255 0 0 0 255 0 0 255 255 255 0 62 255
    231 0 131 0 31 0 39 255 50 255 255 255 0 101 0 0 255 0 0 255 255 255
    255 0 0 255 0 255 215 255 0 255 255 255 0 255 0 255 0 255 0 255 255
    30 255 255 255 255 0 0 255 0 0 255 255 0 0 0 114 116 0 255 255 255 0
    255 0 0 0 158 0 255 0 255 0 50 0 255 255 255 0 255 0 156 0 255 0 255
    243 255 255 65 255 0 206 255 240 255 255 255 255 0 12 197 255 0 0
    255 0 255 255 255 255 196 0 0 255 255 0 76 251 255 0 0 0 0 0 255 255
    118 255 0 0 255 163 255 53 0 0 0 0 255 0 48 0 255 163 0 0 255 174 0
    0 0 0 255 255 0 255 0 255 255 255 0 0 0 255 0 255 0 0 247 255 255 0
    244 124 0 0 255 0 255 12 137 191 0 99 255 255 106 0 0 63 0 182 255 0
    0 0 255 0 221 0 255 255 0 255 0 255 0 0 255 122 0 255 47 0 117 255
    255 255 0 0 255 0 207 86 128 235 167 255 255 255 0 255 255 174 23
    255 173 0 255 0 255 255 255 147 255 255 255 255 255 119 43 203 255 0
    50 255 207 0 0 0 255 255 0 0 250 255 34 0 255 0 101 0 255 0 0 88 0 0
    228 0 197 255 255 204 0 0 255 110 255 0 0 0 147 255 255 0 0 116 174
    71 255 255 0 255 83 181 0 255 147 138 0 0 0 255 255 193 0 0 255 255
    219 255 255 0 0 255 255 255 0 0 0 255 0 0 0 255 255 255 255 120 255
    0 141 0 255 255 255 97 82 0 0 255 149 255 0 0 36 0 125 255 255 0 0
    16 0 255 0 255 0 159 0 0 255 0 0 0 255 255 255 0 0 255 0 255 0 255 0
    255 255 255 255 255 38 0 0 255 255 179 0 228 0 212 0 0 255 0 255 0
    255 0 255 0 255 255 255 0 255 0 255 255 83 0 255 156 255 0 0 255 211
    14 0 28 110 255 255 230 0 255 151 0 255 255 255 206 255 0 255 0 0
    255 255 0 255 0 0 0 0 255 0 0 193 255 0 255 76 255 0 0 0 255 235 255
    0 255 255 255 0 0 0 0 255 255 152 255 0 255 0 255 0 86 255 255 255
    255 0 0 255 255 0 0 215 255 255 131 255 137 0 0 255 76 111 255 255
    255 0 255 0 0 0 255 0 255 255 0 255 201 255 255 255 0 255 0 255 255
    255 255 0 0 250 255 0 255 112 255 0 0 184 0 255 31 255 0 0 45 255
    255 255 43 112 241 0 0 0 255 136 228 255 0 247 255 255 0 0 0 0 0 255
    255 0 0 0 0 249 255 255 230 137 183 40 255 255 255 0 0 0 0 255 0 255
    27 255 0 0 0 0 255 0 255 255 255 0 0 255 79 255 117 125 255 229 255
    255 214 56 0 255 255 0 34 93 168 250 255 160 0 255 108 255 0 255 255
    0 0 0 0 0 255 0 8 141 255 149 255 0 0 0 88 255 232 255 255 0 255 214
    255 121 0 255 255 255 255 0 255 255 0 0 0 255 255 255 255 255 0 255
    0 214 0 0 0 255 255 109 0 0 0 255 80 0 186 255 255 127 0 0 0 0 255
    255 0 0 255 71 255 255 255 255 255 0 0 255 0 255 0 255 143 0 0 255 0
    255 0 0 0 0 255 255 255 0 255 255 255 0 39 0 255 219 255 0 255 255 0
    0 0 0 186 255 0 0 255 255 255 220 68 0 245 0 255 151 209 161 255 0
    255 0 255 210 255 0 0 0 191 0 0 255 255 0 0 255 0 255 255 0 255 255
    255 0 0 0 0 0 255 13 22 0 255 0 255 255 255 154 0 232 255 0 255 255
    255 255 0 0 255 255 255 0 0 0 179 0 255 0 255 0 255 0 255 0 0 0 0 38
    0 216 242 249 0 0 17 255 227 0 255 255 0 0 132 0 139 0 0 123 0 0 160
    255 0 35 0 255 255 242 142 174 255 0 0 191 255 0 0 255 4 255 255 61
    0 255 255 66 15 0 255 255 228 0 0 164 176 78 0 255 0 255 255 25 0 0
    255 255 255 0 250 0 255 255 255 255 255 255 0 255 255 0 255 42 38
    255 255 255 0 215 255 61 0 255 255 0 255 230 0 0 255 255 255 255 65
    0 107 0 255 255 255 255 255 0 255 0 0 255 255 255 0 0 255 255 255 0
    255 255 255 0 60 0 172 84 0 255 243 0 255 0 255 0 255 0 0 0 0 0 0 0
    255 255 255 44 255 0 104 0 255 255 244 0 149 73 0 104 253 0 255 0 72
    0 255 0 255 0 255 0 255 255 255 0 255 255 0 255 255 255 255 0 255
    255 255 192 0 255 255 0 0 255 75 255 0 255 0 255 0 255 0 0 255 0 255
    0 255 255 255 255 255 255 92 0 0 59 0 255 0 111 255 133 255 154 255
    0 255 0 0 173 255 121 0 255 255 101 0 255 255 216 0 255 95 255 0 0 0
    0 201 255 255 255 0 0 255 255 21 0 0 0 254 253 0 255 255 0 0 255 255
    204 255 255 255 0 101 0 0 60 255 255 212 0 89 0 255 255 0 0 137 255
    255 0 0 0 255 255 255 156 0 0 0 255 255 167 0 255 255 17 80 0 175 0
    108 214 248 255 207 255 255 0 2 255 255 255 0 0 0 185 19 0 0 255 255
    181 0 0 255 86 255 255 0 0 0 0 255 0 255 255 0 0 0 255 255 0 118 130
    255 0 0 0 255 0 0 255 255 255 0 0 255 255 233 0 255 255 255 0 0 255
    0 255 255 145 0 255 0 255 255 0 255 0 255 224 255 255 0 0 255 0 255
    0 255 0 255 0 255 133 255 255 0 255 0 0 0 0 218 215 255 0 255 0 255
    0 255 0 0 0 255 255 241 0 164 149 255 58 255 255 10 68 0 99 255 255
    255 0 255 0 255 255 255 233 255 0 0 255 0 255 190 191 255 0 255 88
    255 255 255 0 255 255 255 0 0 255 255 218 255 0 255 0 0 255 0 0 0
    255 255 255 0 0 255 223 255 255 0 255 0 255 153 255 238 163 255 255
    255 0 33 0 22 114 138 255 98 0 0 255 116 255 26 239 0 255 243 0 255
    255 255 232 0 0 255 0 0 187 255 255 255 0 0 0 0 0 0 255 255 0 255 0
    84 255 255 255 43 255 0 255 255 0 255 0 255 0 255 255 255 0 49 0 255
    255 255 255 0 0 0 255 255 255 0 0 0 0 255 211 255 0 255 150 0 0 0 0
    0 0 0 0 255 255 255 0 0 0 255 0 255 255 0 205 0 255 255 255 0 131 0
    255 0 255 255 255 0 255 255 208 255 255 0 132 57 183 139 255 185 255
    0 0 0 0 172 255 255 7 234 0 255 63 0 222 255 0 0 255 255 255 255 0
    255 0 0 111 255 0 0 176 0 58 0 255 130 227 93 255 61 255 0 223 255 0
    255 0 0 255 255 134 79 164 0 80 0 255 111 5 0 255 255 255 255 56 0 0
    0 0 255 0 255 113 255 255 255 0 255 0 115 0 255 0 0 255 255 255 255
    0 0 255 255 34 240 0 0 0 255 0 105 0 0 255 40 255 0 0 255 255 79 0
    249 255 255 0 255 67 0 255 0 255 0 255 78 255 0 255 162 87 255 255
    255 0 255 0 61 0 0 255 255 255 255 0 46 255 0 230 0 255 255 77 0 0
    255 255 0 0 0 240 0 0 0 64 0 0 255 255 0 0 0 111 0 255 156 0 0 255 0
    255 0 0 255 255 0 255 0 255 0 30 255 0 255 0 25 255 0 0 255 0 0 0
    255 0 255 0 65 45 197 255 95 255 0 46 115 0 0 0 255 255 0 180 0 255
    130 255 255 0 255 0 255 127 255 91 86 255 88 255 0 0 0 0 255 0 0 40
    255 0 255 171 255 0 0 255 0 0 255 0 23 255 0 0 239 255 255 231 0 255
    111 255 0 255 207 255 255 255 255 0 255 255 255 0 0 0 204 255 158 0
    0 157 255 129 0 255 255 27 0 0 0 255 255 255 255 255 61 255 0 255 0
    33 4 255 0 29 0 0 104 255 0 0 206 0 3 255 99 0 255 0 255 255 0 0 0
    36 85 255 255 0 255 255 0 0 201 255 0 0 0 255 46 255 142 0 205 255
    255 0 33 0 0 0 24 255 0 92 0 0 255 0 255 0 255 0 0 202 255 255 0 0 0
    0 255 255 121 255 228 255 0 0 255 70 0 0 0 146 255 249 0 255 67 0 0
    0 255 255 16 159 0 0 255 0 102 0 143 255 67 0 255 0 241 0 244 202 0
    0 0 0 182 255 255 0 63 22 0 2 142 255 0 196 255 205 21 0 243 144 255
    226 199 0 77 0 0 0 255 70 255 24 255 56 0 68 53 255 73 255 121 0 0 0
    0 0 227 255 255 0 0 0 255 155 255 0 255 255 32 0 62 255 99 205 86
    255 255 0 0 0 255 255 255 255 44 0 0 0 0 255 0 0 0 255 255 255 0 0
    255 122 0 0 255 255 255 0 0 0 255 255 255 0 255 0 0 255 255 59 255 0
    0 0 0 255 0 0 151 0 221 202 255 50 255 189 93 255 0 255 255 255 186
    255 255 255 0 255 255 255 45 255 255 90 255 214 0 205 0 0 255 0 255
    255 255 0 0 0 255 113 0 255 255 23 0 0 152 33 255 0 142 0 233 0 255
    255 255 0 0 255 220 255 0 216 137 219 170 0 0 255 241 173 0 0 255
    255 255 184 0 0 255 0 255 255 255 255 0 0 255 0 255 255 0 0 0 255
    255 255 153 255 255 255 0 255 255 255 128 0 0 255 255 0 0 255 255 0
    0 0 0 255 0 102 255 255 255 0 255 255 0 255 0 255 0 255 0 255 255
    199 0 255 0 255 0 255 240 255 0 0 0 255 255 255 90 255 255 255 0 124
    0 204 255 255 10 255 69 255 0 0 255 255 99 0 87 255 1 0 8 161 0 255
    255 186 255 255 255 41 255 0 11 255 255 0 0 255 255 255 110 255 0
    255 255 0 9 255 255 255 25 0 0 255 100 105 0 0 29 33 251 255 0 0 255
    50 0 33 255 216 0 0 255 0 255 255 0 135 255 255 255 255 0 0 0 96 255
    0 0 0 182 255 142 137 0 255 255 0 0 255 255 207 0 0 242 0 255 0 255
    0 255 50 0 255 255 255 0 151 0 255 160 96 57 0 0 255 0 188 0 255 255
    0 255 0 0 0 55 255 255 255 0 87 255 255 255 255 255 0 39 0 22 220 13
    255 255 0 255 255 0 255 0 255 255 255 0 255 0 0 255 255 255 0 0 0 0
    255 14 255 255 0 124 233 255 0 0 199 0 255 0 255 0 253 0 0 131 255
    255 0 255 0 0 47 0 255 255 255 255 0 0 255 0 0 0 255 5 0 0 43 255
    255 14 0 255 255 0 255 0 0 0 255 255 0 0 227 255 255 255 255 191 255
    255 0 0 255 0 241 255 255 0 164 0 255 0 0 255 96 255 211 255 0 255 0
    255 0 16 0 255 255 0 0 255 255 29 255 255 255 0 1 0 255 0 0 255 253
    219 0 255 110 26 0 255 255 255 0 0 255 255 0 0 255 0 0 0 158 0 0 0
    255 255 255 255 157 0 255 94 255 0 255 0 183 0 0 255 0 255 255 255
    35 255 0 255 0 225 207 0 255 255 255 0 0 0 0 255 0 0 17 205 255 134
    5 255 255 0 255 0 255 255 255 229 0 0 255 255 193 0 255 255 255 255
    144 0 0 0 0 255 0 111 0 255 255 255 0 0 0 129 255 255 163 250 255 0
    255 0 0 0 178 0 255 255 32 154 0 255 255 0 0 146 255 159 0 255 255 0
    0 63 255 209 0 0 0 0 255 255 255 0 215 255 255 0 17 255 0 145 0 255
    255 0 255 0 255 0 255 0 167 0 0 255 255 255 0 175 0 255 0 255 25 255
    0 0 253 255 255 41 255 0 255 0 255 255 255 192 0 0 0 102 0 255 179
    121 255 206 0 0 201 255 255 0 85 255 255 255 0 0 255 255 255 255 255
    0 255 0 0 255 91 255 255 0 0 0 255 255 170 0 0 255 255 255 255 51 0
    0 255 255 255 0 169 255 0 255 0 0 0 255 0 255 1 255 0 255 0 255 0 0
    0 0 255 110 255 0 0 0 255 255 0 0 0 255 0 0 0 0 255 255 0 255 255
    255 255 0 163 228 255 255 172 255 0 0 17 203 255 255 255 255 141 0 0
    255 219 0 255 201 255 0 112 255 6 12 105 255 101 0 153 59 255 255
    255 255 0 0 145 0 255 0 65 249 255 0 0 255 0 255 0 0 0 255 255 0 0 7
    0 0 0 255 0 0 255 0 119 255 255 0 183 0 165 216 0 138 255 255 255 0
    0 0 0 255 68 226 0 150 255 0 23 221 0 0 130 0 0 157 255 255 0 255
    255 0 0 0 255 0 218 255 233 74 255 255 255 0 115 0 0 255 255 240 255
    0 255 0 140 124 0 0 239 255 0 0 18 255 0 0 0 255 255 255 0 0 0 159
    255 255 255 210 0 0 255 255 255 0 44 0 255 0 0 87 255 255 255 0 255
    0 76 255 255 255 0 0 4 255 0 0 0 255 0 36 255 0 178 65 255 0 255 0 0
    0 255 255 13 0 51 255 255 255 0 0 255 255 0 0 0 255 0 0 135 0 209 0
    0 255 255 0 255 205 255 0 0 0 0 93 0 0 255 94 0 0 255 255 227 0 0 0
    0 0 113 255 255 255 0 255 0 0 255 255 255 86 0 0 0 255 255 255 0 155
    0 0 0 255 222 64 0 255 255 0 0 0 0 0 255 9 0 0 237 255 0 0 0 1 247
    255 0 255 0 0 255 255 0 0 249 174 0 0 0 255 255 64 0 255 0 255 59
    191 121 255 255 0 0 0 255 255 30 0 0 57 255 255 0 0 255 255 255 0
    227 0 144 255 255 0 0 255 0 255 255 255 255 0 0 0 37 255 255 36 0
    255 134 0 255 0 0 229 255 255 0 0 0 255 217 255 0 0 169 0 233 255
    163 255 142 99 125 0 255 227 255 121 255 196 0 243 177 255 0 0 255
    67 75 252 0 32 255 255 154 0 0 116 0 0 0 238 255 255 0 0 0 255 0 255
    255 255 255 0 0 0 255 255 0 0 0 0 255 255 255 0 0 255 255 0 190 0
    255 113 0 111 255 255 255 207 74 130 0 255 0 111 255 0 0 0 0 255 0
    255 0 0 255 198 0 128 186 0 0 68 0 255 255 255 0 255 0 255 0 255 255
    105 255 212 255 255 255 0 228 255 0 0 0 255 255 255 0 0 0 255 255
    188 202 255 6 0 0 255 255 255 0 0 142 100 120 141 0 137 0 255 0 255
    0 0 255 0 255 0 255 0 255 0 255 0 108 255 0 0 0 255 0 255 255 255
    230 255 0 65 0 255 255 0 0 255 0 255 0 255 0 255 118 0 248 255 0 0 0
    255 93 16 0 255 100 255 255 0 65 0 255 33 255 69 255 197 192 255 0 0
    0 0 0 255 0 255 0 255 0 255 95 255 0 255 161 0 214 5 255 8 0 255 0 0
    0 255 255 255 0 98 115 255 255 103 0 0 255 0 255 0 143 255 0 0 255
    255 49 0 0 255 0 1 255 0 0 255 255 0 255 0 255 0 142 0 255 255 0 114
    0 0 255 0 0 235 255 0 255 255 255 0 0 255 255 255 0 112 255 255 45 0
    0 0 20 255 126 255 255 0 0 70 0 156 0 0 255 255 0 0 255 0 0 0 255
    255 0 199 255 255 30 255 255 0 0 0 255 155 255 0 9 255 255 255 0 255
    0 202 0 255 68 255 0 255 0 255 92 101 255 0 0 0 255 255 0 0 0 255 0
    255 218 255 255 0 182 0 255 229 255 0 0 255 255 255 255 255 255 0
    138 0 179 0 0 255 0 225 0 0 177 216 0 255 0 255 76 40 0 0 0 137 0
    255 0 255 0 0 0 255 25 0 255 255 225 0 0 192 0 0 190 61 0 0 255 255
    255 255 0 255 255 255 0 255 255 0 255 0 255 255 255 0 0 0 0 255 255
    255 255 0 255 255 248 0 255 0 0 97 0 16 255 255 106 209 255 255 0
    255 0 0 0 255 0 255 255 255 0 255 0 246 255 255 0 0 167 255 136 255
    255 227 205 0 255 255 2 77 0 0 255 255 0 255 0 0 255 255 255 0 197
    255 104 255 0 255 0 255 63 155 56 0 0 255 255 49 0 255 255 255 0 0 0
    255 255 219 255 255 255 0 0 14 115 0 73 127 0 255 0 255 255 255 202
    255 255 60 255 0 101 0 152 0 255 0 0 0 255 255 255 0 204 255 0 255
    232 0 0 255 246 255 125 255 255 0 255 0 0 255 255 0 0 0 0 2 255 106
    255 0 255 0 255 0 255 255 0 51 0 0 0 0 255 255 185 0 0 0 0 0 0 0 255
    71 229 0 255 255 255 255 255 0 0 0 255 78 172 0 255 255 255 0 255 0
    255 26 255 219 255 0 98 255 255 255 255 255 230 0 255 0 20 0 255 120
    255 255 212 0 247 19 0 0 138 139 157 255 0 255 255 255 0 255 0 255 0
    0 57 0 0 0 255 217 255 0 0 0 255 113 255 255 255 0 90 0 108 255 82
    255 140 0 255 0 255 255 255 67 20 0 255 255 101 255 0 115 0 255 255
    0 102 0 255 0 0 83 0 255 189 255 255 68 255 210 255 255 0 255 255 49
    0 114 11 255 255 255 255 255 89 0 0 255 0 255 255 255 255 255 0 225
    0 96 0 255 2 197 255 255 0 0 0 255 127 200 0 165 255 0 179 255 255
    255 0 255 0 255 255 0 0 255 255 255 255 0 255 0 114 0 255 241 0 0
    255 7 255 255 255 255 0 0 171 220 255 0 255 255 0 47 0 0 0 0 0 255
    110 255 0 255 255 255 0 13 255 255 255 16 0 0 182 0 255 90 0 0 255
    255 255 0 0 0 255 255 255 255 0 255 255 255 0 0 255 255 0 0 0 255 0
    85 0 255 255 255 255 0 0 255 255 0 26 0 244 255 150 156 0 255 0 137
    0 42 255 255 255 255 255 98 195 0 255 255 255 0 0 255 0 118 92 168 0
    0 255 0 255 0 255 0 0 255 70 0 255 0 131 87 255 237 86 0 255 0 54
    255 255 170 0 0 0 255 41 0 0 255 255 0 0 0 255 0 255 0 255 0 255 186
    255 224 28 0 0 255 0 255 0 255 0 0 0 0 255 121 255 255 0 0 255 255 0
    153 255 114 0 0 255 255 0 0 255 255 255 0 0 57 255 48 0 255 61 220 0
    255 0 255 255 205 0 0 8 255 158 0 255 0 0 255 85 255 255 55 255 255
    0 0 157 255 0 255 0 207 0 0 0 255 255 0 255 0 255 0 37 255 255 0 0 0
    0 0 0 0 255 255 32 0 0 0 0 255 255 255 0 255 255 0 136 0 0 48 129
    209 255 255 255 182 178 0 255 255 0 255 0 255 0 37 0 132 255 143 255
    0 0 255 107 0 255 255 255 0 255 133 255 255 223 0 119 252 255 255
    255 0 255 176 255 255 62 255 0 255 255 255 0 0 0 255 255 255 0 0 0
    187 0 135 255 255 244 255 0 255 2 0 0 0 255 255 0 8 0 255 0 255 0
    255 0 0 255 255 255 0 255 0 0 0 170 255 0 0 0 255 0 255 255 0 255
    187 255 109 0 0 255 0 237 255 255 0 37 255 0 255 0 255 0 77 0 124
    255 0 0 0 255 0 0 255 255 255 255 0 0 255 255 148 255 0 18 0 0 230
    255 0 255 0 255 255 255 0 0 255 255 255 75 255 0 0 0 255 115 255 255
    0 0 0 255 0 255 0 255 0 255 10 255 225 0 0 0 255 8 130 0 0 0 255 255
    0 169 0 255 146 0 0 255 255 255 192 239 0 0 0 109 255 255 0 0 8 214
    136 0 0 0 0 81 255 255 0 255 0 0 185 145 255 0 255 0 0 0 255 255 255
    255 255 255 24 255 0 5 0 255 76 208 0 255 255 40 0 0 255 0 255 215
    255 232 194 206 255 255 59 27 0 223 0 42 255 110 255 0 246 0 0 0 255
    255 255 255 255 0 0 26 252 140 0 0 255 117 255 0 255 255 255 0 0 193
    0 255 0 255 255 9 255 255 0 0 202 255 255 255 255 255 0 0 0 49 0 255
    81 0 0 0 255 87 0 51 0 176 117 0 0 255 121 0 0 45 255 255 0 0 255 0
    0 121 255 255 255 0 0 255 138 0 250 69 0 0 230 255 255 255 160 0 255
    255 38 255 255 255 0 255 0 255 187 255 255 255 255 255 0 0 0 0 0 255
    220 0 0 143 155 255 207 136 31 255 0 0 0 0 255 0 255 58 255 0 255 57
    0 0 255 255 0 173 255 0 0 255 0 115 0 0 0 255 255 0 40 0 0 0 255 0
    255 255 0 0 255 255 0 83 255 0 255 63 0 255 0 255 0 255 0 255 0 0
    242 0 0 0 78 178 255 0 215 255 255 221 0 255 255 255 0 0 255 222 156
    0 255 0 255 0 233 0 175 0 39 0 0 255 10 255 0 0 0 255 0 255 255 255
    255 208 0 0 80 0 0 0 0 255 255 223 243 0 255 0 0 255 23 255 117 176
    0 0 190 255 255 101 0 134 255 168 226 255 0 19 0 255 255 255 17 0
    255 255 255 30 0 0 200 255 255 255 0 0 179 255 60 0 0 255 255 223
    138 0 255 255 255 125 255 135 255 209 255 0 244 0 0 255 255 0 126
    255 0 0 0 255 43 13 0 255 249 203 18 255 255 0 255 255 0 0 0 255 152
    0 0 56 255 255 91 255 0 0 86 255 255 0 255 102 0 30 253 255 0 255 0
    255 255 0 255 0 255 69 218 50 0 198 0 255 0 255 48 255 0 255 0 255
    185 0 0 90 255 0 255 0 0 0 255 255 255 122 0 255 255 255 174 0 0 255
    147 168 0 0 0 0 255 255 0 255 0 0 0 255 205 255 255 0 0 0 255 255
    255 0 0 0 255 245 255 255 255 164 241 11 255 0 0 0 255 255 255 0 170
    123 255 55 0 0 0 0 0 0 119 255 255 255 0 0 255 145 255 255 0 67 251
    255 255 255 0 0 255 0 0 0 255 211 255 255 0 255 255 89 0 0 0 72 255
    0 0 0 255 255 255 0 0 0 255 215 255 228 0 0 0 0 255 255 0 0 0 255
    255 150 0 0 255 0 255 0 85 255 0 255 0 0 255 0 255 255 255 0 145 150
    211 255 248 0 0 0 0 96 127 0 0 0 255 82 0 222 7 180 0 0 255 255 0
    255 177 255 255 19 0 0 255 0 255 0 0 0 241 255 0 255 255 0 0 0 88
    255 255 0 0 0 20 255 255 0 94 140 255 218 1 255 109 255 255 255 0
    133 0 255 0 0 255 171 255 0 0 0 255 255 223 0 0 0 255 47 114 255 0
    240 0 0 255 0 255 0 0 255 0 254 255 255 255 0 0 0 183 255 0 255 255
    255 255 108 0 255 52 0 0 138 255 0 0 255 0 255 42 255 0 255 0 255
    255 87 0 164 251 29 128 255 255 0 255 33 77 0 0 0 130 0 255 255 71
    255 186 255 0 255 132 255 0 0 0 44 179 0 255 255 0 255 0 255 255 0
    93 0 0 255 255 255 0 0 255 255 0 0 0 255 255 252 0 255 0 117 255 255
    0 0 126 0 255 255 221 0 0 166 255 255 0 0 0 0 141 255 255 0 0 0 255
    0 255 0 203 222 137 0 255 0 0 0 255 190 255 134 255 196 0 44 160 0 0
    255 45 255 255 255 0 71 119 73 96 255 255 255 0 172 0 255 255 244 0
    0 0 255 255 0 216 255 0 255 255 0 129 0 94 107 0 0 0 255 120 0 0 0
    255 255 255 0 0 255 255 255 255 119 0 172 85 255 255 0 21 251 6 153
    255 255 10 0 0 33 255 255 0 255 0 255 255 147 255 0 255 0 255 0 255
    143 0 255 255 255 0 165 0 115 255 255 255 0 27 0 0 147 255 0 255 155
    0 0 255 255 255 0 105 236 255 105 0 255 0 255 255 255 0 0 255 1 255
    0 255 144 255 132 255 255 255 65 0 148 0 255 255 0 0 255 255 255 0
    255 255 0 0 0 255 255 0 0 0 255 0 255 0 221 4 255 0 0 255 175 0 17 0
    255 0 255 0 30 0 255 255 0 0 0 0 255 140 255 0 255 0 0 236 255 98 0
    255 0 77 108 112 157 0 0 255 255 0 255 255 255 255 81 76 0 207 255 0
    0 0 255 255 255 42 255 0 0 0 255 255 0 0 255 255 255 0 255 0 255 106
    146 92 255 0 255 233 0 255 255 255 255 0 0 0 0 195 0 255 82 255 255
    0 121 0 255 255 0 235 0 0 249 0 0 255 237 0 0 132 255 0 255 0 255 0
    0 0 0 0 0 255 255 255 255 255 255 0 255 0 255 0 255 0 255 175 150 0
    188 255 255 255 0 255 138 0 255 255 0 0 0 255 0 255 255 112 0 255
    255 255 0 0 255 0 0 0 255 0 255 0 255 0 255 255 0 0 255 255 0 242 0
    255 0 255 0 0 255 255 255 0 245 255 255 0 255 88 255 0 255 0 255 0 0
    0 0 134 15 255 0 255 0 255 255 255 0 255 255 0 0 0 255 255 255 255 0
    0 0 255 255 70 0 255 0 255 255 255 255 0 255 255 255 255 0 221 0 198
    0 255 0 48 0 255 0 0 0 255 255 0 0 255 255 0 0 0 255 255 219 0 255 0
    255 255 0 0 255 255 72 0 0 255 255 28 115 115 255 255 255 0 0 255
    163 166 255 0 0 154 255 0 255 255 255 0 255 0 0 0 255 255 255 0 0 0
    255 0 151 0 0 14 255 222 0 255 173 0 0 0 255 255 167 86 0 241 255
    255 0 0 0 0 255 255 191 255 0 0 255 255 255 0 163 0 0 0 0 139 0 255
    255 0 241 175 0 242 255 255 0 255 13 255 143 153 0 255 255 255 0 198
    255 23 255 194 255 0 0 0 255 255 0 255 0 255 0 255 255 255 0 0 197
    255 255 219 0 0 255 0 0 244 255 255 255 0 255 0 255 255 0 64 0 255 0
    255 0 255 0 145 0 0 0 0 0 255 255 255 19 255 255 0 255 0 255 0 255 0
    0 0 255 44 255 0 0 255 176 153 0 255 255 168 155 0 0 255 0 243 0 0
    255 255 178 255 255 204 0 255 0 0 0 0 189 0 66 255 255 0 0 255 255
    149 119 255 255 255 0 0 0 255 52 255 0 255 76 255 0 255 255 0 0 0
    255 255 255 0 71 161 255 157 143 18 0 0 0 255 255 67 0 161 0 255 255
    102 148 0 255 255 94 255 255 255 176 0 255 255 255 0 255 255 255 0 0
    255 0 255 255 0 0 0 255 231 128 0 120 255 255 255 255 255 255 0 255
    255 127 0 13 255 255 255 255 255 255 59 202 0 255 0 255 0 255 255
    255 255 219 0 0 255 255 255 0 151 54 110 255 255 0 105 0 0 0 0 255 0
    255 0 255 255 255 0 0 168 225 255 237 255 50 0 0 255 255 255 255 0
    206 255 42 250 0 255 255 255 255 255 0 0 0 255 0 255 255 0 0 255 255
    0 0 0 216 0 255 108 0 255 70 255 0 232 0 100 0 255 255 255 255 0 255
    0 177 0 0 0 0 255 0 119 0 0 0 151 255 255 185 0 255 255 0 0 58 188
    255 155 0 52 255 0 255 0 255 0 0 0 255 0 255 0 255 0 255 0 255 0 255
    0 0 67 0 255 0 255 0 255 255 0 255 0 255 255 0 0 255 0 198 216 255 0
    0 255 0 168 0 192 67 255 0 0 0 255 25 191 230 0 212 255 255 255 0 0
    255 255 0 0 0 255 177 151 255 255 255 58 255 40 0 255 255 0 0 84 255
    255 255 0 0 0 255 255 255 255 255 0 0 0 255 255 255 0 0 255 255 152
    255 0 255 214 255 0 168 255 0 103 255 255 0 0 0 255 64 73 0 0 83 255
    255 255 0 0 255 255 103 255 0 0 0 255 255 54 190 0 255 0 0 0 255 206
    29 255 0 255 255 255 255 255 0 0 0 0 0 174 0 255 0 206 0 255 255 255
    0 158 255 255 0 255 0 255 255 255 0 255 0 255 255 255 0 255 255 255
    0 0 0 0 255 255 0 255 0 255 255 255 0 101 187 255 149 0 255 249 255
    0 255 255 255 0 54 0 255 255 255 0 255 157 0 0 0 255 255 255 0 255 0
    255 0 255 255 0 0 255 0 0 255 255 0 255 101 255 255 255 0 136 255
    255 0 0 255 255 23 0 0 255 0 22 0 0 0 0 191 198 255 169 255 75 255 0
    255 255 255 0 0 0 255 0 0 255 255 191 120 0 0 143 255 255 0 39 0 70
    255 0 255 0 0 0 0 17 0 0 255 255 255 154 255 255 0 0 0 219 255 0 155
    0 255 0 0 142 255 41 255 0 255 0 0 255 143 255 0 0 137 0 255 0 255 0
    15 255 255 0 0 54 255 152 38 0 0 255 93 255 0 0 255 168 255 0 133 0
    31 85 0 19 0 255 255 12 84 255 140 255 255 255 102 0 255 0 255 255
    255 255 255 255 0 0 91 255 255 255 255 255 0 255 133 0 233 0 255 194
    0 0 0 255 144 16 238 0 0 0 255 255 255 255 255 0 255 46 71 255 255 0
    0 0 255 0 0 0 255 255 255 255 0 255 0 0 255 0 0 0 255 0 0 40 255 255
    0 110 0 0 0 255 255 9 0 255 0 255 109 255 0 0 255 0 50 0 0 255 255 0
    0 0 0 255 66 0 0 231 255 0 0 0 0 223 255 255 0 0 0 0 255 255 255 47
    0 0 167 255 0 90 0 255 255 255 0 43 0 255 255 0 33 255 185 255 0 255
    255 255 0 0 18 0 255 255 0 0 255 98 255 255 122 0 255 0 0 255 255
    255 0 20 255 0 0 98 255 0 137 255 195 255 0 0 0 255 207 255 0 255 0
    219 0 70 255 69 255 255 255 147 0 255 0 255 255 255 238 0 0 255 255
    255 255 255 0 0 255 230 0 176 0 0 0 149 0 212 0 0 0 0 255 0 255 0 27
    0 40 0 255 255 255 0 255 0 244 255 0 0 0 255 255 255 255 255 11 0 0
    0 255 255 13 255 97 132 0 47 0 0 255 0 255 0 255 0 61 255 255 255 62
    0 0 50 0 165 255 255 91 0 0 0 255 255 0 0 0 255 255 255 255 0 0 255
    182 255 0 128 255 255 255 255 0 0 255 255 248 0 164 255 0 0 0 255
    255 255 102 0 81 187 168 0 255 255 0 255 0 255 0 255 0 0 255 0 255
    255 0 255 255 255 0 0 0 255 255 0 255 5 255 255 255 0 194 0 0 0 18
    255 0 255 255 255 0 255 242 255 199 255 255 0 255 255 255 0 150 194
    255 0 255 0 0 0 160 255 95 255 69 0 0 255 255 138 0 0 0 255 255 255
    0 164 172 255 255 255 255 208 255 255 0 255 0 255 180 0 143 35 255
    125 136 255 223 255 255 0 0 255 255 0 255 0 255 255 255 254 0 255
    255 116 255 255 122 0 0 0 255 0 18 255 255 0 0 255 0 0 55 90 255 255
    255 187 0 0 157 0 255 197 183 0 0 0 255 255 255 255 0 255 255 0 255
    255 255 0 0 0 255 255 255 86 0 255 0 0 255 0 255 0 255 0 255 0 0 255
    184 255 55 255 255 40 255 255 255 62 0 0 237 255 255 255 255 0 0 255
    255 255 0 255 0 255 255 255 255 176 255 23 0 0 255 255 255 0 255 58
    255 0 255 216 151 110 255 0 2 0 255 255 255 0 203 34 255 0 255 0 255
    255 255 255 120 0 0 211 0 255 255 255 255 192 255 255 255 255 0 0 0
    0 255 255 0 255 0 255 255 62 0 255 255 217 0 0 0 255 0 255 183 255 0
    0 255 176 0 0 133 111 255 255 0 0 0 23 255 255 192 245 0 255 0 255
    255 94 0 255 0 160 255 255 0 0 255 255 89 0 255 80 255 0 255 12 245
    0 255 28 255 255 255 255 0 0 0 40 0 0 255 255 0 0 0 135 1 255 107
    255 233 0 0 255 255 23 25 0 0 0 0 255 255 255 163 212 255 0 255 0
    255 0 255 255 255 0 0 0 164 255 0 0 255 42 140 0 0 0 158 255 255 255
    255 255 0 255 0 255 0 201 0 187 147 204 255 255 0 0 0 255 255 76 255
    255 0 255 0 0 41 0 209 255 255 38 254 255 0 0 198 195 70 255 62 0 0
    255 67 0 255 0 169 0 255 127 23 255 25 0 58 255 255 139 255 0 0 0
    107 255 0 255 255 121 0 0 0 0 255 255 0 255 0 255 0 255 255 255 184
    255 255 255 255 255 0 0 0 0 255 255 118 55 255 0 255 0 255 0 255 255
    99 0 0 0 83 231 255 0 70 255 234 255 36 0 0 96 255 255 0 0 255 255
    255 0 56 255 0 0 133 255 0 255 255 255 39 0 107 255 255 0 0 0 102
    255 255 0 0 0 255 255 255 81 0 138 255 131 255 255 255 0 0 0 255 255
    0 255 191 71 255 0 255 0 255 202 255 10 0 0 0 255 255 0 0 255 255
    168 66 0 255 0 255 0 255 0 144 0 255 225 255 145 0 255 255 0 0 255 0
    255 0 255 142 255 147 255 0 255 0 0 0 0 0 0 252 255 255 0 196 255
    255 0 255 0 255 0 255 0 69 0 0 0 0 255 255 255 0 0 0 218 255 255 255
    0 0 116 255 0 0 0 0 255 255 0 0 0 0 0 255 255 255 0 0 0 0 76 255 255
    255 255 0 0 0 0 121 255 0 255 0 75 211 255 113 0 0 0 255 255 0 255 0
    255 0 255 167 255 255 255 245 0 255 140 0 0 0 255 243 255 255 0 0 0
    0 255 255 72 127 0 0 0 0 255 255 0 13 0 255 255 255 0 0 0 134 154 0
    0 187 213 95 0 0 0 15 255 255 255 255 0 255 255 255 0 255 255 255 0
    255 0 0 199 120 0 0 255 0 0 0 255 255 0 255 245 255 0 190 255 165 0
    0 255 133 147 0 0 255 0 0 200 255 186 0 0 255 177 0 255 193 255 0 0
    255 0 255 0 255 223 0 0 162 54 203 206 0 0 255 255 0 255 0 255 0 0 0
    255 255 255 0 0 0 255 255 78 255 0 255 255 255 0 0 0 148 255 255 0
    213 0 0 0 238 255 255 181 255 0 0 213 0 255 0 0 255 255 28 0 255 147
    255 0 0 255 255 255 255 0 0 169 255 0 0 255 0 255 15 255 0 255 0 203
    65 0 0 255 255 255 0 255 0 0 0 31 0 255 0 255 0 255 227 255 0 230 0
    255 0 255 0 255 255 0 0 255 255 255 0 0 0 255 255 255 255 0 0 0 255
    255 255 255 0 0 0 0 0 146 255 48 255 0 206 0 0 11 255 31 0 0 255 195
    255 255 0 0 168 0 255 255 255 0 0 0 255 0 0 0 255 255 255 0 74 255 0
    0 0 0 255 255 255 255 243 0 235 0 255 255 118 0 0 255 0 255 0 0 0
    255 202 0 0 0 0 147 255 182 0 0 255 0 255 255 0 0 111 204 255 0 0 0
    255 255 255 0 255 255 255 255 0 0 0 255 255 255 204 238 0 0 0 0 255
    0 255 0 0 0 95 0 0 255 255 111 255 0 255 255 255 255 0 0 0 0 79 0 85
    0 255 0 0 44 255 255 41 209 0 0 88 255 255 255 182 0 255 255 255 0 0
    255 255 113 171 255 255 0 0 255 255 255 0 29 0 255 255 255 0 255 0
    130 0 31 255 0 0 0 0 255 0 255 255 0 255 0 255 0 255 255 0 255 255
    140 0 255 0 255 255 116 0 0 255 255 255 255 249 0 255 255 0 163 0 13
    255 255 255 0 255 255 255 0 0 164 255 0 255 0 255 183 255 0 0 0 39 0
    255 255 0 255 0 173 255 95 255 50 0 0 102 255 0 0 243 255 255 255
    255 0 152 255 0 255 0 255 0 18 15 0 255 25 111 0 0 0 0 255 0 255 0
    255 166 255 0 0 122 255 50 255 255 0 255 0 255 255 209 0 0 242 0 255
    81 0 0 0 37 255 255 255 0 0 0 22 255 255 187 143 0 0 157 0 255 255 0
    146 0 0 255 41 255 0 0 249 255 255 97 151 10 0 0 255 255 0 135 255
    255 0 255 255 198 0 255 145 255 165 0 0 255 0 0 0 255 255 255 0 138
    255 255 255 0 6 0 0 255 0 0 0 0 252 0 255 0 145 0 0 255 0 6 255 255
    161 255 255 0 0 232 0 255 255 255 255 0 190 0 0 255 255 0 255 0 255
    255 255 255 255 128 255 0 0 0 255 255 0 0 255 255 21 0 255 0 87 255
    215 0 240 207 192 218 255 255 0 234 255 255 15 255 62 255 0 0 255 0
    0 0 255 0 255 255 255 117 0 255 15 0 0 0 255 255 238 0 0 255 70 0 77
    0 255 155 255 255 191 238 255 0 131 255 244 0 0 0 255 124 255 255
    255 0 111 255 255 255 0 0 0 0 255 255 255 255 255 65 255 226 0 37 29
    0 45 255 60 46 0 255 255 255 0 0 55 220 255 255 255 255 255 255 0 0
    0 0 255 255 247 255 255 0 0 0 255 255 255 255 174 0 255 255 0 111
    255 255 255 93 255 0 255 0 255 255 20 255 185 255 0 186 0 255 255
    150 0 0 255 0 255 4 255 107 255 0 0 255 255 255 69 255 0 255 0 255 0
    255 83 0 47 0 255 176 0 255 255 255 0 34 255 38 255 0 255 255 255 0
    0 0 255 16 76 255 68 255 41 255 255 98 255 0 255 0 0 32 255 255 0 0
    44 159 185 0 0 0 132 255 255 0 0 0 255 255 255 255 123 255 0 0 0 127
    220 255 0 0 255 255 255 255 255 0 255 0 0 0 255 255 0 63 0 0 0 255
    70 0 29 0 255 75 214 255 255 255 179 0 0 255 0 0 0 255 212 0 0 0 40
    137 0 255 46 255 131 0 0 200 35 0 255 255 0 0 0 255 255 242 207 252
    0 255 0 0 0 255 255 255 0 0 1 255 0 255 255 255 0 0 0 255 0 0 0 136
    255 255 0 0 60 255 47 0 255 143 255 255 0 0 255 0 0 255 0 255 155
    169 193 255 255 255 0 0 255 255 255 255 252 178 0 0 0 54 255 255 227
    117 255 255 255 0 0 0 255 209 255 255 255 0 0 0 0 255 255 231 219 0
    0 222 0 255 0 0 0 255 255 255 0 223 0 0 255 255 255 0 255 255 255
    255 15 0 255 0 255 0 255 0 48 255 108 0 0 0 0 255 141 255 0 0 24 0
    255 255 255 0 186 255 255 0 0 255 255 57 0 0 255 255 255 0 0 0 255
    255 255 218 0 255 0 255 0 159 0 0 0 255 255 255 255 0 0 0 255 255
    255 221 0 255 0 0 0 31 255 255 255 0 0 0 255 255 0 58 0 255 0 255 70
    0 255 0 0 0 255 255 255 255 0 255 0 0 255 255 34 0 254 0 255 0 255
    80 0 0 0 255 0 236 0 0 0 255 255 0 0 255 117 255 0 0 255 255 114 199
    0 0 255 255 68 0 255 168 46 0 0 0 0 255 255 0 0 109 255 255 54 7 255
    9 0 0 0 132 0 0 94 65 73 255 255 255 110 0 0 0 0 255 255 0 181 0 255
    255 160 0 216 0 0 0 155 255 255 0 144 255 0 0 255 255 85 178 0 0 255
    170 0 139 255 214 255 0 8 0 0 255 255 5 0 126 255 0 255 255 0 0 0 0
    0 0 0 255 168 230 152 255 0 0 97 151 240 255 0 255 255 255 96 255 0
    255 255 0 0 55 255 0 34 0 0 255 154 255 50 0 255 115 255 0 125 169
    26 255 0 255 0 255 0 82 255 255 255 0 0 0 219 22 222 143 0 102 0 255
    0 156 0 0 223 0 0 0 255 140 112 116 255 143 0 0 255 255 255 255 105
    255 255 255 0 255 255 255 0 0 0 221 255 255 255 154 255 255 0 0 56 0
    0 0 0 0 0 255 255 255 0 255 0 255 0 255 0 146 0 0 0 255 255 255 0 0
    0 255 0 0 0 255 6 255 0 0 255 166 255 0 255 0 255 0 255 173 0 0 0 0
    255 255 0 199 0 0 255 255 235 0 0 234 178 255 255 0 0 30 255 255 225
    0 0 255 168 255 110 16 0 26 0 255 255 255 231 255 255 10 0 0 255 0
    255 82 0 0 0 0 255 255 255 0 255 0 255 255 255 92 0 0 0 0 0 255 255
    0 0 255 0 0 0 0 255 0 255 0 0 0 101 46 255 0 14 0 255 0 255 0 186 0
    255 255 190 0 0 0 255 0 0 0 0 0 255 96 0 0 0 0 255 0 107 0 255 0 0
    255 0 229 200 255 0 0 0 178 255 255 255 255 0 0 36 255 0 0 0 255 0
    255 0 17 0 255 0 255 255 255 80 0 255 255 255 33 255 0 0 255 255 255
    255 0 255 0 255 0 136 157 255 0 255 219 255 0 0 255 0 63 0 0 255 59
    189 255 255 0 175 0 255 255 255 0 0 0 255 255 255 255 0 209 19 255 0
    255 0 255 0 255 0 101 0 0 255 255 255 18 0 255 0 255 0 255 177 0 0
    255 0 255 0 255 27 255 255 0 240 0 255 255 255 0 0 173 58 255 111
    255 0 255 0 255 0 255 0 45 211 255 255 0 255 0 255 255 0 0 255 255 0
    0 255 255 255 255 255 255 0 116 255 0 134 0 176 255 0 0 0 0 255 255
    0 255 255 0 255 0 255 0 255 0 47 0 255 104 54 0 0 255 255 255 0 0 0
    0 105 0 0 255 0 255 0 119 217 255 0 255 228 0 255 0 0 51 195 0 172 0
    216 0 139 255 239 0 0 0 90 255 198 0 0 0 49 0 0 255 255 255 255 255
    0 0 32 0 0 255 255 255 255 255 255 0 0 0 255 0 26 0 0 40 151 0 0 255
    255 255 0 255 144 255 0 255 255 0 0 0 0 193 0 157 255 255 36 255 255
    0 255 255 84 0 11 255 101 0 255 255 0 164 0 20 255 206 255 255 0 165
    0 202 126 255 44 0 8 0 255 255 255 0 0 143 255 255 255 0 0 255 204
    11 0 0 255 91 0 255 255 255 0 255 234 0 255 0 255 0 255 255 255 0
    255 0 0 255 62 255 247 255 255 255 255 255 255 0 92 0 160 169 255
    255 165 0 0 0 255 67 0 0 0 0 255 255 255 121 255 255 255 255 0 0 15
    0 179 255 188 255 149 231 255 0 255 0 255 0 255 143 0 255 227 35 0
    255 0 41 255 255 0 0 0 122 255 165 255 0 255 255 0 0 255 255 0 255 0
    138 0 255 255 255 0 255 180 108 126 0 60 255 161 0 86 0 255 163 255
    255 232 42 0 0 0 255 255 196 230 0 0 0 233 5 0 0 255 212 174 0 0 255
    0 255 255 255 0 38 0 255 255 255 0 255 255 255 0 255 0 0 0 255 0 0 0
    0 255 255 255 238 255 0 207 255 255 255 239 255 255 0 255 0 0 255
    255 0 196 0 255 0 253 0 255 96 0 255 0 255 255 0 196 255 197 255 0
    106 0 255 0 119 255 0 255 0 255 0 195 0 255 255 255 255 146 78 0 255
    0 255 255 255 255 255 255 0 170 0 255 255 0 255 0 255 0 255 0 0 135
    255 20 149 0 0 0 0 188 255 255 255 0 255 255 255 128 232 0 0 255 255
    0 0 0 255 0 255 255 255 0 96 255 255 0 39 0 255 255 255 255 0 255 74
    172 0 0 255 0 47 0 255 255 0 0 0 0 236 214 245 255 255 255 0 0 0 162
    255 168 255 255 255 255 0 255 0 0 0 166 255 220 255 0 0 255 255 173
    0 0 169 0 0 0 107 0 115 0 0 175 152 0 255 219 255 255 0 255 209 0 11
    0 255 0 88 255 69 255 255 0 0 255 255 255 0 0 170 0 255 0 0 0 0 255
    255 255 0 0 255 255 0 0 255 255 34 255 0 255 153 112 255 24 255 0 0
    255 255 255 204 255 0 0 0 0 255 255 255 0 0 244 255 0 145 0 255 120
    208 0 255 0 75 255 255 136 255 0 0 163 0 0 170 255 53 0 0 255 40 0
    13 255 74 0 0 0 255 0 0 255 255 61 0 255 255 255 0 62 151 255 72 39
    0 178 0 255 0 255 255 188 123 171 255 0 0 0 255 0 48 0 0 255 255 255
    0 0 255 255 121 0 255 82 0 255 255 0 194 0 0 0 0 255 255 0 168 0 255
    0 255 255 255 0 0 86 173 0 255 255 255 0 255 102 0 116 255 255 255 0
    255 255 158 255 0 255 139 255 0 0 0 65 255 238 255 0 0 100 232 0 0
    190 0 0 255 182 255 0 255 0 0 255 255 255 0 171 228 0 0 255 0 255 0
    77 19 255 0 172 0 0 0 0 255 255 255 255 162 0 255 0 0 0 255 0 0 0
    255 50 0 255 228 28 0 0 0 255 65 255 0 255 0 255 255 0 255 0 255 0
    255 255 0 0 0 255 0 75 0 255 153 255 255 0 0 0 23 255 0 255 87 255
    255 255 182 153 255 48 57 255 0 0 0 255 189 255 0 255 228 255 255
    255 0 255 0 255 0 255 229 255 0 255 181 255 118 0 0 17 255 255 255
    27 0 0 255 0 255 0 255 255 0 0 0 255 255 255 0 255 190 48 0 11 255
    255 0 0 255 107 129 255 255 118 255 0 255 0 19 34 237 255 0 0 0 255
    255 255 0 0 0 255 255 255 249 255 255 0 131 0 255 255 0 255 0 131
    255 128 0 0 0 0 0 43 255 253 255 0 0 0 255 255 255 98 143 76 0 0 161
    140 0 255 0 0 255 113 255 87 255 0 255 40 255 0 0 0 255 0 255 255 0
    0 220 0 255 0 0 49 0 0 255 255 255 0 0 0 255 0 255 0 255 0 0 255 123
    75 55 0 0 255 255 71 0 255 0 255 79 255 255 255 0 0 255 255 0 0 255
    0 0 0 255 255 255 255 0 0 116 255 0 255 0 255 71 255 0 255 255 229 0
    255 0 255 0 255 255 153 119 255 6 255 255 0 255 255 255 0 0 230 255
    0 114 26 0 255 255 255 0 25 0 0 188 0 255 0 255 0 255 0 0 146 255
    255 237 228 0 255 255 255 0 0 255 255 0 255 255 0 0 255 249 255 0
    255 0 103 0 0 201 255 0 0 0 255 0 255 0 255 255 255 40 0 0 0 56 255
    169 203 0 255 215 0 2 0 0 255 255 255 0 131 255 253 183 255 255 255
    0 0 212 0 0 255 255 2 0 149 0 211 160 0 107 18 255 0 255 0 255 0 255
    0 255 0 255 0 255 0 0 0 0 255 255 255 0 255 0 0 39 255 255 48 0 255
    0 255 0 255 255 0 0 0 32 204 0 255 255 156 255 78 247 255 0 255 0 0
    255 255 78 255 0 246 0 0 246 194 65 255 255 255 143 0 0 0 0 255 0
    151 0 0 255 238 255 0 0 103 255 255 0 255 255 255 255 225 102 255
    255 97 255 87 0 0 0 0 255 0 0 255 255 255 77 255 0 255 21 142 255 0
    255 0 0 0 0 255 0 0 255 255 255 0 255 255 255 0 0 182 0 0 255 255 0
    255 0 255 0 255 255 255 135 0 171 160 32 140 255 0 0 0 255 255 255
    255 255 0 255 0 0 255 0 255 255 0 0 0 255 0 34 0 0 0 255 255 0 0 235
    255 255 194 0 0 168 0 69 0 255 255 0 0 0 0 0 0 255 255 255 0 255 0
    255 0 229 255 169 255 0 0 0 64 190 0 0 0 0 255 255 255 0 141 255 10
    0 179 255 255 0 0 255 255 255 0 255 0 255 255 224 0 54 126 0 255 255
    255 240 0 0 0 255 255 255 186 255 226 255 0 255 0 0 0 255 218 255
    255 255 51 234 0 255 186 255 100 255 0 0 0 0 0 0 255 255 0 255 0 255
    255 36 72 255 66 255 0 0 115 255 255 0 255 36 0 0 255 255 27 90 255
    0 0 0 233 0 136 197 0 255 0 0 0 0 255 0 0 255 255 255 0 71 255 166 0
    255 38 255 0 255 114 255 89 255 0 0 0 0 0 57 255 255 255 0 0 0 255 0
    0 0 255 231 255 0 0 0 184 0 255 0 0 0 255 255 255 0 0 255 255 255
    255 0 84 255 229 227 255 255 255 0 255 0 255 198 255 255 0 255 0 0
    235 255 255 255 0 0 255 255 0 0 255 255 0 255 0 255 0 255 0 0 0 0
    255 0 135 176 255 255 0 0 255 0 128 143 172 255 0 255 144 255 0 154
    0 255 253 255 0 255 97 0 73 0 255 255 202 0 0 255 255 0 0 0 255 255
    255 0 168 255 218 0 0 255 255 255 0 204 0 127 92 0 237 0 255 255 255
    0 255 0 198 255 144 255 0 0 0 255 0 255 176 255 0 0 255 0 255 0 227
    0 170 255 0 0 0 255 255 255 0 255 255 0 0 0 0 0 0 0 255 255 255 151
    0 0 0 13 0 0 214 0 255 87 255 255 0 255 0 255 255 255 0 0 0 255 255
    255 255 0 255 0 255 212 255 255 255 0 255 184 55 160 0 104 101 0 0 0
    255 34 255 0 0 255 0 0 188 0 255 0 255 93 255 0 74 114 0 186 255 0
    255 0 255 255 255 255 0 0 163 255 97 255 0 0 0 255 255 255 239 7 208
    0 197 0 255 0 255 0 255 0 0 173 255 255 255 0 67 0 255 0 255 255 255
    0 0 0 0 255 255 200 0 169 0 255 255 255 255 0 255 0 106 0 47 0 255 0
    0 0 255 0 0 0 255 255 255 255 0 0 125 0 255 0 0 255 255 255 255 0 0
    255 225 255 0 11 206 0 0 0 0 255 255 255 0 242 0 16 115 0 0 255 255
    255 0 255 0 255 0 255 255 0 255 255 255 255 125 255 0 255 0 255 164
    78 255 237 78 255 255 252 16 0 0 91 255 255 255 255 0 0 0 0 255 255
    0 216 0 0 0 0 0 255 159 255 0 38 0 0 0 237 255 255 0 0 255 220 0 149
    0 255 226 255 255 0 0 0 255 255 0 255 0 0 105 0 255 0 0 255 42 255
    255 144 255 255 0 255 98 0 157 0 255 255 255 124 0 255 153 255 255 0
    0 0 255 0 194 0 255 0 255 0 0 0 78 255 5 0 0 255 255 0 0 140 0 0 255
    255 255 255 0 147 0 255 0 255 83 255 0 0 255 0 0 0 255 255 154 255 0
    0 0 255 118 255 255 255 0 0 255 255 165 224 255 255 0 255 0 0 255 0
    0 0 255 255 255 0 78 145 255 0 0 90 0 60 0 250 255 255 0 0 129 255
    255 255 255 0 0 0 179 255 0 0 255 0 255 26 212 0 255 255 0 0 0 0 0 0
    255 0 210 255 0 0 0 255 0 255 83 0 255 255 0 0 255 255 0 255 89 255
    0 255 0 255 255 255 255 0 255 0 255 0 255 0 255 0 0 0 255 255 248 0
    255 195 255 81 0 0 232 255 255 0 133 255 255 255 187 68 0 113 45 255
    255 0 0 13 255 255 255 212 255 0 0 0 255 1 48 0 0 255 0 93 198 255
    255 0 17 0 0 255 0 255 193 255 0 0 255 140 0 0 91 255 217 0 18 0 255
    0 17 54 255 255 255 0 0 221 130 255 0 255 255 255 100 255 255 0 0 0
    83 255 225 0 255 0 188 255 255 0 255 255 0 0 0 0 30 0 255 252 0 0
    255 255 255 255 0 0 0 33 255 255 255 0 0 255 0 0 0 0 255 0 0 255 255
    0 0 0 255 0 255 174 255 255 161 255 255 97 255 0 0 0 0 255 255 255 0
    255 44 0 0 0 0 164 0 0 255 255 0 97 255 255 0 0 0 255 0 0 0 37 0 0 0
    255 255 0 94 77 0 0 120 255 0 75 79 0 255 255 255 0 0 0 255 0 186 0
    255 0 0 255 255 111 113 0 145 81 255 0 255 255 255 255 0 0 0 0 0 255
    0 255 0 89 255 255 0 0 0 218 255 255 255 0 0 0 101 0 0 0 255 0 255
    255 0 0 224 255 53 255 0 0 0 255 255 55 0 255 255 255 0 0 146 0 134
    0 255 103 56 255 255 255 0 0 255 255 108 255 0 0 206 146 255 255 255
    150 255 0 255 0 255 69 255 255 0 255 255 255 47 0 0 255 255 255 0
    255 0 27 43 255 0 0 19 255 0 221 0 255 255 0 150 0 255 255 127 24
    255 255 0 255 0 0 0 46 255 255 255 134 255 0 255 0 255 0 255 0 0 0
    255 255 147 12 0 0 0 255 0 255 255 255 0 0 255 247 0 255 0 15 0 255
    0 255 0 235 125 255 255 0 255 255 0 0 0 0 255 255 255 0 47 0 0 0 25
    0 255 255 5 255 203 255 0 255 0 61 0 0 255 162 236 0 25 255 255 94
    45 255 0 255 255 255 0 255 69 0 229 100 198 255 0 0 0 255 255 255
    255 42 0 255 92 255 26 159 0 255 0 255 0 58 0 255 0 255 0 255 155
    255 0 0 255 0 0 158 0 0 255 255 0 255 0 255 255 0 0 0 0 255 0 255 47
    0 255 255 255 255 255 232 69 255 0 255 255 255 255 0 0 255 236 0 255
    140 255 0 0 0 30 0 194 255 255 0 0 0 255 255 255 0 130 50 67 255 0
    215 0 255 0 0 0 255 0 0 0 255 0 0 0 0 255 0 0 0 255 0 255 89 255 255
    255 0 147 0 174 255 0 255 255 154 0 0 0 221 0 255 255 255 255 255 0
    0 0 0 255 247 0 0 0 0 255 255 255 255 0 0 0 0 255 255 255 0 0 0 255
    0 0 255 64 255 6 255 0 0 255 255 151 0 0 0 255 182 255 201 68 255 0
    0 0 255 0 255 255 255 255 255 255 0 0 255 255 5 255 204 255 0 3 255
    255 22 0 0 0 0 255 255 255 57 0 0 255 255 0 0 0 61 255 86 255 0 0 19
    255 0 0 0 0 0 0 0 0 0 0 0 255 255 0 0 0 255 0 0 0 255 41 255 255 255
    255 255 0 0 0 51 255 255 255 0 0 0 171 0 255 255 14 0 255 255 255 0
    255 255 0 255 0 255 0 255 0 255 255 255 0 42 0 255 255 246 0 255 0 0
    0 255 255 226 94 0 255 0 255 11 255 0 0 0 185 0 255 255 79 0 0 255
    140 255 0 255 255 255 0 255 255 255 0 255 35 255 0 255 0 0 0 255 76
    0 255 255 235 177 0 255 255 100 0 38 255 255 255 0 255 0 0 0 103 0
    217 255 173 0 0 244 255 176 0 0 110 0 54 255 255 255 0 255 255 23
    255 0 0 0 255 255 0 0 0 255 204 0 255 255 0 0 0 28 0 9 0 255 0 136 0
    255 255 0 0 255 72 0 0 0 255 255 255 46 0 0 255 107 98 206 255 0 0
    255 66 255 255 25 0 255 255 159 67 0 0 209 255 0 247 0 255 255 0 81
    255 255 0 0 0 0 255 66 255 255 0 0 0 255 255 255 255 0 0 0 201 255
    104 54 255 212 0 12 0 255 255 0 255 0 255 255 255 0 255 255 255 0 32
    0 255 146 0 0 0 255 251 0 8 202 255 255 229 255 255 0 255 174 255 0
    255 255 135 0 0 255 0 255 0 129 255 255 127 0 0 0 255 255 0 255 0 0
    0 255 255 0 255 132 255 0 255 255 0 255 0 255 0 255 255 255 0 0 255
    197 47 0 0 0 0 0 255 209 255 255 255 0 0 0 181 0 255 255 255 239 5
    255 46 0 255 0 255 255 255 0 255 0 0 0 0 0 255 0 0 0 255 255 255 24
    0 255 0 0 255 0 255 0 255 0 0 40 255 15 221 255 0 255 255 255 138 84
    255 0 255 255 117 0 0 0 186 255 0 0 249 142 0 255 61 255 0 255 255
    255 255 166 0 0 75 33 32 21 255 255 255 255 0 0 0 25 255 255 107 255
    0 0 0 255 27 255 204 0 255 255 255 0 104 0 255 255 0 105 255 255 255
    0 0 0 255 255 255 127 144 0 0 255 0 156 0 255 255 0 0 0 0 255 255
    255 0 0 0 0 0 255 255 37 135 0 0 0 0 255 0 0 0 255 255 255 0 255 0
    255 0 210 0 0 149 255 255 255 0 29 255 255 255 0 0 0 255 138 0 0 255
    34 0 69 255 0 124 0 255 255 255 0 0 0 129 255 26 0 0 117 0 255 0 255
    0 140 0 210 255 95 255 0 255 0 255 0 255 0 255 255 0 255 0 255 0 0
    255 255 255 0 255 0 255 0 255 0 255 30 0 255 0 0 40 255 18 0 0 0 255
    0 255 0 255 83 0 255 182 238 255 217 0 174 0 255 255 255 145 255 0
    255 0 255 0 255 141 255 255 0 0 175 135 255 255 0 255 46 255 255 233
    255 0 0 255 255 255 255 255 255 102 0 188 255 255 0 0 0 0 0 255 255
    255 0 0 0 0 157 246 255 0 255 0 0 0 255 0 255 0 232 0 255 0 8 222 0
    255 255 255 255 169 255 255 156 0 0 0 255 255 255 38 0 0 255 0 0 0 0
    255 0 255 255 255 0 0 255 255 0 38 232 255 255 233 0 238 0 213 255
    42 0 255 0 255 0 239 0 255 156 0 172 255 0 255 73 255 255 255 39 0
    255 0 255 239 255 194 255 255 255 0 199 255 0 0 255 255 255 0 0 0
    255 0 255 0 255 255 100 255 0 255 255 100 0 0 255 255 255 176 0 255
    0 0 0 116 51 255 255 255 0 255 252 37 0 255 69 255 255 0 0 0 255 0 0
    0 0 0 122 255 255 248 0 0 202 243 255 0 0 255 255 255 0 255 3 0 255
    0 0 255 196 0 0 255 0 255 255 255 255 139 0 241 255 0 255 0 255 255
    255 255 255 255 0 255 0 0 0 255 0 0 0 255 255 170 176 0 0 0 255 0 0
    255 98 80 131 0 255 0 0 255 255 0 0 0 0 255 255 255 192 255 2 255 10
    255 255 0 120 203 0 49 255 255 255 213 255 0 159 0 72 0 255 0 255 0
    62 0 0 255 255 255 255 223 0 255 198 255 0 36 0 134 0 255 210 17 0 0
    255 255 57 0 255 0 0 255 125 135 0 0 0 255 0 255 255 255 0 0 255 0
    255 255 255 248 2 255 0 0 0 255 0 71 0 0 255 0 255 255 91 0 255 209
    44 255 246 0 255 0 0 255 255 108 0 0 0 0 255 0 0 255 0 255 0 255 255
    255 255 0 255 255 0 241 67 255 255 255 255 58 0 0 255 255 14 0 224
    255 255 65 0 0 0 0 0 0 255 0 255 255 255 0 131 0 147 255 255 0 0 77
    147 32 0 0 0 255 255 255 0 0 255 255 255 152 0 198 14 234 0 255 0
    255 84 255 0 255 0 255 0 255 0 255 255 8 43 255 255 255 0 255 0 26
    255 12 255 95 159 255 0 0 0 0 255 0 103 0 255 80 255 0 255 0 210 0
    255 0 255 0 223 255 255 172 0 255 0 72 0 0 24 255 80 0 255 0 255 0
    255 0 255 248 124 127 0 216 255 255 0 248 208 0 255 0 103 0 0 0 112
    244 0 0 0 255 255 255 213 0 0 0 219 0 91 255 216 255 255 255 0 0 255
    0 255 255 0 0 0 255 212 109 0 0 0 0 255 255 255 244 0 0 0 108 255
    255 0 0 0 0 130 0 57 0 0 0 163 255 255 0 211 0 202 255 255 255 14 0
    0 234 208 255 130 253 0 255 87 0 13 255 255 0 143 0 255 255 255 255
    0 0 0 255 255 255 0 179 0 0 0 0 232 0 136 255 0 174 255 255 255 0 0
    255 255 255 0 0 255 236 0 0 255 255 255 255 0 255 0 0 0 255 0 255 0
    197 53 255 255 72 255 0 255 255 0 157 0 137 255 248 0 0 255 0 255 0
    217 0 255 0 0 0 255 0 255 255 255 255 105 142 70 0 255 255 0 0 255 0
    0 0 187 255 0 0 0 255 255 255 0 0 147 255 0 255 255 255 101 0 0 255
    0 255 0 255 166 0 255 255 255 255 0 255 255 0 255 38 255 0 255 0 255
    0 255 0 197 0 81 28 0 0 0 39 0 255 255 255 255 0 255 0 255 0 255 212
    0 0 255 0 255 0 0 174 255 255 0 0 9 255 0 255 6 255 255 0 255 0 255
    255 225 255 255 13 0 0 255 255 255 255 255 41 255 0 0 255 255 255
    255 89 127 48 0 255 255 193 0 0 169 0 255 0 0 0 250 255 255 255 110
    150 0 190 255 0 108 255 0 255 255 255 0 58 201 0 255 0 255 255 0 0
    86 83 255 0 255 0 255 0 255 255 0 255 0 255 255 255 0 0 255 0 0 128
    0 181 255 0 0 255 255 0 0 0 255 255 168 0 0 255 0 0 255 246 255 0
    255 0 0 255 255 255 255 135 92 0 255 255 9 0 0 0 255 255 0 0 45 255
    240 255 255 0 104 0 22 61 255 0 0 30 0 0 0 0 0 255 0 104 0 0 0 255
    255 0 255 0 255 0 255 255 0 0 255 255 140 0 0 255 255 0 215 0 234
    255 249 0 0 255 0 255 0 255 0 255 41 0 255 0 255 19 255 0 217 0 0
    111 0 0 209 255 255 0 0 0 0 0 227 255 255 255 1 0 197 0 0 255 0 255
    0 151 0 0 0 255 255 202 0 255 255 255 255 71 192 115 255 255 255 0 0
    60 255 0 62 0 255 0 117 255 255 67 229 255 0 0 255 255 255 255 0 255
    255 255 0 179 255 0 255 144 255 0 0 0 255 255 0 0 0 255 255 0 0 0
    255 112 255 0 255 255 0 0 0 0 50 255 0 0 0 255 255 255 0 168 0 0 189
    255 255 255 0 0 0 247 55 0 162 0 255 0 255 120 255 0 255 255 0 181 0
    192 0 255 146 164 150 0 0 255 0 255 0 0 255 255 255 0 255 230 0 234
    168 255 255 255 0 0 0 255 255 174 0 255 185 250 0 255 0 255 0 0 69
    255 255 0 255 0 255 52 0 255 255 0 255 255 255 0 0 0 255 0 255 53
    235 255 0 0 134 255 154 255 0 255 0 252 255 255 225 0 92 255 255 90
    199 0 255 255 0 0 255 0 123 0 255 0 255 255 255 0 255 255 255 255 0
    255 0 0 195 212 255 0 0 136 255 0 0 0 255 0 51 255 255 255 207 101
    207 255 0 255 255 255 38 202 0 255 255 255 158 255 255 0 0 255 0 0 0
    255 255 255 0 0 160 0 255 255 125 0 0 255 255 193 0 0 255 172 0 0
    255 255 255 0 181 246 255 0 255 255 255 0 255 255 255 0 0 94 0 0 255
    255 255 65 255 0 118 0 255 255 255 0 0 255 0 0 255 17 255 255 255 18
    255 186 12 255 0 255 0 255 0 255 143 255 0 85 255 255 255 255 0 166
    244 189 63 138 0 0 173 255 255 168 0 118 0 0 255 168 0 0 255 0 255 0
    255 0 0 255 7 0 0 255 255 105 0 0 255 0 255 255 255 255 131 0 63 0
    255 255 255 255 151 102 255 0 255 0 157 0 0 255 160 0 0 0 255 255 0
    255 255 255 206 0 0 196 255 255 255 0 36 255 255 0 0 255 255 255 0 0
    0 0 255 255 255 255 0 255 0 0 255 0 255 0 255 83 255 0 255 193 255
    255 178 0 0 255 0 0 0 255 255 0 0 0 255 128 221 28 255 255 90 255
    255 0 162 255 255 223 0 0 0 255 255 188 0 0 86 255 255 255 32 0 77 0
    255 255 0 0 255 170 255 255 255 0 0 0 255 255 225 255 0 0 0 255 0
    255 0 255 255 255 0 0 0 255 102 255 0 255 0 255 255 255 255 255 255
    0 96 255 0 255 163 102 0 0 255 255 255 0 255 0 0 0 0 31 255 255 255
    0 194 0 0 0 174 0 255 255 255 0 255 0 250 255 0 0 255 255 255 255
    154 250 255 255 173 255 72 255 0 138 255 255 255 0 0 0 255 184 50
    255 0 255 0 255 255 0 255 0 181 255 255 0 0 0 255 78 255 0 255 255
    255 255 0 0 81 0 106 255 0 38 255 0 157 0 0 43 255 237 255 0 255 0
    255 0 0 255 255 0 0 255 48 118 0 255 255 0 255 0 255 255 0 0 115 255
    0 1 0 0 255 216 99 0 231 0 0 255 255 255 255 0 190 0 251 72 255 255
    0 0 0 255 255 158 183 194 0 0 255 0 255 199 255 237 0 255 255 217 0
    255 0 45 0 255 0 255 255 255 255 0 0 235 182 255 255 242 255 0 255
    255 255 255 245 0 92 255 255 0 0 0 122 0 255 0 0 0 255 255 255 0 216
    189 124 0 255 0 255 255 255 137 0 0 0 255 255 255 0 246 0 255 255
    255 0 0 255 0 0 0 9 0 255 202 0 0 0 255 169 0 0 0 255 255 255 170
    255 0 0 0 255 255 0 255 0 152 255 0 54 0 155 255 0 0 41 193 221 0
    255 120 0 0 0 255 255 82 180 255 255 0 255 0 255 0 255 0 255 255 255
    0 255 0 0 255 0 119 0 255 255 255 43 0 0 0 255 255 255 0 255 0 255 0
    255 0 255 0 0 0 255 0 255 0 255 255 255 210 0 0 255 255 0 255 255
    241 146 0 0 38 255 0 255 0 255 0 239 0 0 255 255 0 0 255 255 46 255
    0 0 0 255 0 255 0 255 0 0 0 255 0 0 0 0 0 255 255 255 0 0 0 255 0 0
    255 210 0 255 255 137 0 99 255 0 88 0 0 0 255 255 136 255 255 0 0 38
    0 0 255 0 0 122 143 255 61 229 255 0 0 110 255 0 255 0 255 192 0 0
    255 255 255 0 0 255 87 119 239 63 0 255 255 255 0 0 255 0 0 0 0 0
    233 255 0 206 255 255 255 0 85 239 36 255 0 255 137 239 3 255 0 255
    0 255 231 0 255 255 255 255 0 0 0 255 0 255 0 0 255 58 94 0 0 157
    255 0 255 0 255 192 0 255 0 0 0 0 0 11 188 255 255 0 144 0 255 255
    240 255 255 255 0 0 67 255 0 0 175 0 255 255 255 0 0 0 0 0 255 255
    255 37 0 0 255 255 0 77 0 255 255 255 0 123 253 0 0 0 0 0 0 0 0 0
    255 255 0 255 0 0 0 255 0 42 255 255 23 104 255 0 8 0 0 0 255 255 0
    136 255 0 255 108 255 104 255 0 131 255 255 255 255 0 0 255 255 255
    0 0 255 255 255 75 0 0 0 82 255 27 27 255 0 0 0 144 255 255 255 0 0
    189 255 255 131 255 255 255 255 0 0 0 0 0 255 164 255 0 0 0 179 255
    0 255 0 0 0 26 0 255 0 0 255 231 213 0 0 0 255 255 255 135 17 255
    194 60 0 0 115 255 0 255 0 49 0 255 255 0 255 255 255 0 255 26 219
    219 255 255 0 255 0 255 145 109 0 245 0 0 177 204 255 255 84 244 0
    146 0 128 0 255 255 0 0 0 68 255 255 0 0 2 255 43 255 0 0 178 255 0
    255 0 255 0 0 255 255 194 48 0 189 255 0 0 0 255 0 255 0 255 255 20
    100 0 255 255 0 255 0 0 255 190 0 57 0 255 0 255 255 255 0 68 255 0
    0 255 255 0 0 121 255 38 21 255 0 0 255 255 255 8 0 0 255 255 255
    152 0 0 255 0 0 0 255 255 0 146 255 0 0 0 255 255 56 0 255 255 77
    255 56 255 255 0 0 0 71 0 19 0 56 255 255 67 0 255 239 158 0 0 255
    255 0 113 255 255 0 101 193 255 255 255 0 255 0 255 255 255 0 201 0
    154 195 201 0 247 255 68 255 0 0 255 171 0 0 255 255 4 0 0 99 183
    255 255 67 93 0 255 82 0 0 202 255 103 0 245 0 94 255 255 0 255 0
    255 0 124 113 255 108 0 0 0 0 255 0 0 0 255 0 34 0 0 167 0 0 255 0
    255 0 255 0 59 0 218 255 204 42 0 255 255 182 0 183 0 166 255 244
    228 0 213 0 255 255 0 0 0 25 0 0 0 255 255 255 0 255 112 255 0 255 0
    255 255 255 0 0 0 0 1 0 0 255 255 0 32 0 0 0 0 92 255 0 255 255 255
    0 0 0 0 255 255 255 255 255 0 0 219 200 206 162 255 255 0 255 255
    213 0 255 0 255 255 255 255 0 0 0 0 255 255 255 0 0 130 255 203 255
    0 255 0 0 0 255 197 0 255 255 0 0 0 255 0 255 0 255 255 255 0 0 150
    255 211 0 0 0 0 255 255 255 140 0 0 0 31 0 144 0 152 255 255 0 180
    255 255 0 0 0 255 255 255 255 0 255 0 255 0 168 0 255 255 0 0 0 255
    0 255 255 255 255 2 255 255 0 0 254 0 255 255 255 255 0 0 0 88 0 0
    255 0 66 255 0 255 0 255 0 0 0 255 255 216 0 255 255 0 0 0 0 0 255
    255 255 255 255 255 0 5 0 0 0 255 0 255 0 84 166 255 255 255 0 255 0
    0 255 255 19 0 255 0 255 255 255 0 101 74 255 96 0 0 255 255 0 255 5
    0 255 255 255 0 0 0 128 0 255 0 145 0 0 0 255 34 255 255 255 255 0
    255 0 255 0 255 89 0 0 255 0 255 255 255 0 255 91 110 0 250 255 244
    255 0 255 255 216 255 0 255 0 0 0 40 255 0 255 0 255 63 120 255 0
    255 0 255 255 0 255 255 0 0 0 255 255 0 0 255 255 255 0 3 255 255 0
    0 255 255 255 0 194 0 248 0 52 52 255 0 255 0 0 255 0 104 255 189
    255 143 0 181 0 255 255 255 0 0 255 255 255 144 255 255 146 0 80 255
    255 255 255 255 135 255 255 121 255 0 64 42 255 12 223 0 0 9 255 255
    0 0 0 0 255 255 255 0 255 255 0 0 255 0 255 0 0 0 0 255 86 0 242 255
    0 255 211 0 210 0 255 0 255 122 122 0 0 255 255 174 255 255 0 0 95 0
    205 0 255 126 255 0 0 255 0 255 248 255 0 0 0 255 58 255 0 0 0 255
    255 0 0 0 0 118 255 228 140 0 0 255 255 255 0 255 0 255 0 250 0 0
    255 245 0 0 255 255 0 0 255 255 255 0 248 255 255 200 255 255 0 34
    255 255 0 255 0 255 201 255 0 254 0 0 221 0 255 217 255 223 0 0 255
    255 0 255 255 0 0 255 34 116 255 255 255 0 0 255 255 255 0 0 0 0 27
    255 255 0 0 0 255 0 218 255 255 255 0 255 116 0 0 18 0 255 255 255
    255 255 0 0 0 255 0 255 0 255 0 255 0 134 0 0 205 255 0 223 0 0 255
    0 255 0 0 255 255 0 0 255 118 255 0 10 0 255 0 0 255 0 77 255 0 90 0
    0 0 255 0 98 0 0 175 0 255 0 213 0 175 0 0 255 0 255 0 255 0 255 5 0
    0 247 70 255 0 255 0 255 255 255 255 255 122 245 0 0 255 255 255 30
    227 120 110 255 0 0 255 255 59 0 0 0 132 255 96 0 99 255 42 0 134 0
    255 255 255 0 149 0 255 255 76 255 0 0 0 0 255 255 255 0 255 233 81
    0 137 121 255 93 0 0 255 167 0 0 60 255 255 255 78 0 0 8 200 0 255 0
    255 0 255 0 255 0 230 0 0 255 255 255 171 255 0 255 243 76 255 0 255
    0 255 0 0 0 255 255 0 255 0 255 214 0 0 255 160 0 0 0 38 255 255 0 0
    0 255 255 255 0 0 200 255 0 255 162 47 255 0 180 255 255 0 0 255 255
    0 255 0 255 0 255 255 203 255 0 0 255 0 255 255 255 44 126 0 0 255
    255 255 255 174 0 166 255 0 255 255 255 0 0 255 0 255 0 7 32 1 255 0
    0 0 255 255 255 0 255 0 255 0 0 255 255 255 255 0 0 0 255 20 255 0
    112 0 255 0 255 255 0 0 213 255 36 0 0 255 0 255 0 188 0 255 165 0
    255 0 255 144 41 163 255 255 255 148 0 255 0 255 195 255 255 0 42 0
    96 0 255 255 126 0 0 0 255 255 0 0 255 255 255 7 255 0 255 255 0 140
    0 255 0 255 0 255 0 255 0 157 0 0 0 255 0 234 27 0 174 255 89 0 0 0
    0 255 0 0 0 85 255 255 0 255 0 255 0 255 0 255 255 255 255 0 255 0 0
    0 255 0 255 54 100 0 0 0 255 0 255 0 0 0 0 0 255 255 255 0 0 255 0
    255 255 255 0 255 255 255 0 0 124 0 255 0 255 0 255 0 255 255 0 73 0
    0 0 0 144 241 255 195 255 255 0 231 0 255 255 255 255 0 39 0 0 255
    255 138 255 255 0 103 0 0 0 0 18 255 0 0 255 255 78 0 0 176 0 0 51 0
    0 0 0 243 255 0 65 255 255 255 0 255 255 147 0 0 113 255 0 0 0 255
    255 255 13 255 0 0 0 255 250 0 133 0 0 0 255 138 0 0 0 255 255 0 0 0
    255 255 114 254 0 255 0 153 255 255 255 255 0 130 255 0 0 211 255 0
    0 224 0 255 210 255 255 0 0 166 255 28 0 255 0 97 0 255 173 255 0
    255 0 144 0 255 255 255 0 0 0 9 255 255 0 0 255 255 0 255 0 0 255
    255 0 0 0 255 255 255 255 0 0 0 255 255 255 0 10 0 0 0 255 255 255
    255 0 0 0 175 255 76 0 255 0 255 0 0 160 255 255 255 0 0 255 0 139 0
    0 255 193 255 0 0 0 0 255 255 4 0 0 47 255 255 0 192 170 55 0 0 0 0
    0 255 37 0 255 0 6 0 234 255 0 255 255 255 255 0 225 253 255 0 0 0
    255 255 255 255 0 255 0 0 0 255 255 0 0 0 255 255 82 24 0 32 205 0
    255 255 255 0 255 55 255 254 126 255 255 70 192 0 0 255 255 255 0
    169 255 147 58 0 0 0 255 0 255 0 255 0 198 255 255 225 255 255 255 0
    255 255 209 0 2 255 255 0 255 0 21 0 255 255 255 0 0 126 164 0 255
    140 127 102 255 0 0 0 255 255 255 0 0 0 11 255 255 0 255 203 94 0 0
    0 255 255 0 17 255 255 255 7 125 0 255 188 0 254 255 255 37 0 48 255
    255 170 255 255 179 0 34 0 178 255 255 255 255 0 0 255 255 255 107 0
    255 0 255 0 0 0 255 255 0 0 255 255 255 0 0 255 0 255 229 123 195 0
    255 194 0 56 255 255 0 30 255 0 255 0 0 0 0 255 255 255 0 255 255
    125 255 255 0 137 91 255 0 255 0 255 230 255 0 255 255 0 180 0 255
    144 255 62 0 48 0 255 126 255 255 255 0 182 255 0 6 0 255 255 255
    255 110 0 0 255 255 0 0 0 255 241 0 133 253 255 255 255 255 255 149
    0 0 0 255 0 255 0 0 47 255 255 255 0 255 0 255 0 141 0 255 0 255 18
    255 0 0 255 3 255 0 255 0 0 0 255 255 255 0 255 255 0 186 255 50 255
    0 0 25 169 0 0 255 255 0 232 255 255 0 0 247 8 255 255 0 255 255 0 0
    0 255 0 0 0 0 255 0 255 0 0 0 255 97 0 0 255 0 0 0 0 255 223 0 0 209
    255 255 255 69 0 0 0 211 0 149 255 255 202 0 255 255 0 137 255 255 0
    0 255 255 0 0 0 0 255 255 0 194 129 50 255 255 0 0 84 255 255 188 0
    84 255 0 255 0 255 18 0 0 255 0 0 0 255 255 255 0 255 0 255 0 255 0
    255 0 255 0 255 255 255 186 0 241 255 0 118 108 255 0 0 255 0 255 0
    255 0 255 255 255 0 0 172 255 255 0 0 127 0 56 0 255 226 0 0 255 0 0
    112 255 0 0 216 255 255 255 177 72 255 0 255 0 255 0 0 0 225 0 0 23
    255 255 0 0 0 255 90 255 255 0 255 0 255 0 255 47 255 0 0 0 255 255
    255 0 253 255 0 255 106 255 45 0 255 0 0 0 255 255 0 255 0 0 0 0 135
    255 139 255 255 255 203 0 0 255 255 0 0 212 132 95 63 255 255 0 0
    255 255 154 0 90 255 255 0 241 255 84 0 255 255 44 0 42 0 255 224 0
    0 108 0 255 0 255 0 111 255 50 72 255 255 255 255 0 0 0 0 216 255 0
    255 0 68 255 255 57 149 235 0 255 255 0 0 0 255 255 59 0 204 255 255
    255 0 0 0 0 255 255 255 0 0 0 0 129 34 0 137 0 255 255 109 83 255
    255 0 190 0 255 0 41 255 255 255 0 0 0 12 46 0 223 255 0 0 255 255
    255 0 0 0 0 255 159 255 255 11 0 255 33 255 74 255 177 255 34 0 255
    22 255 0 255 198 105 255 255 255 0 211 255 0 0 255 0 0 190 0 183 255
    0 0 255 255 255 0 190 228 0 0 202 0 0 0 255 0 125 0 252 0 255 0 255
    255 0 0 255 255 255 0 0 255 0 0 48 255 255 0 0 0 0 0 215 255 0 255 0
    255 255 255 0 255 255 135 204 0 255 0 187 7 0 143 0 255 0 255 56 114
    0 0 0 255 10 191 0 255 255 255 0 0 0 0 255 255 60 64 119 255 232 146
    255 255 85 255 0 0 0 255 0 255 0 0 255 159 0 255 255 0 0 0 255 255
    77 0 255 255 0 13 0 255 0 0 0 0 255 255 0 0 0 255 255 0 0 0 255 255
    0 0 0 255 255 255 0 255 0 0 207 248 0 255 37 75 0 0 181 0 255 255 0
    255 0 255 0 0 0 255 255 255 0 0 0 255 255 45 255 0 0 0 0 39 0 0 255
    255 0 0 0 184 0 241 204 0 0 124 255 0 54 255 255 255 0 151 0 30 172
    224 0 0 255 255 255 255 22 155 0 0 180 255 255 0 0 255 0 255 224 252
    146 0 0 255 255 36 255 0 0 207 0 0 255 0 255 255 0 224 139 0 0 35
    255 255 0 0 0 255 99 255 0 138 250 0 0 0 255 255 255 255 0 0 0 255
    86 0 0 129 0 255 0 89 0 255 255 0 255 255 124 0 255 0 255 185 102 0
    255 255 0 0 0 0 255 255 0 255 0 0 0 0 0 255 255 255 255 0 255 192 0
    255 0 255 255 255 0 0 0 0 255 8 0 0 255 145 154 124 0 255 0 255 225
    0 0 126 0 0 137 0 255 53 255 255 0 0 0 0 41 255 0 0 0 78 255 14 255
    255 0 0 200 0 0 168 0 255 255 0 255 255 255 24 34 0 103 154 255 255
    86 143 0 255 0 0 0 0 255 255 0 0 0 255 255 0 255 0 255 167 255 0 112
    255 101 0 0 255 97 255 0 0 0 176 255 196 255 255 255 0 0 0 0 255 255
    255 0 0 0 183 255 231 0 0 0 255 0 0 59 58 11 255 255 255 255 255 255
    0 255 255 255 0 0 0 255 255 255 0 0 0 255 0 255 0 0 158 255 255 23
    255 156 0 167 239 131 0 0 0 17 0 0 255 0 255 0 255 0 0 0 255 255 255
    0 59 0 0 255 255 0 0 202 255 255 0 0 0 255 255 255 0 0 255 255 0 98
    3 61 236 255 0 255 0 211 0 255 255 255 255 93 255 0 0 0 255 255 255
    0 0 0 0 255 255 255 0 0 255 255 255 255 255 0 255 0 0 0 153 0 0 255
    231 0 0 0 255 255 255 0 0 0 255 0 133 0 255 216 255 0 16 0 184 0 55
    255 255 255 233 255 0 255 0 0 0 179 52 255 0 109 0 255 0 255 0 255
    255 0 255 255 255 255 88 0 0 166 206 255 7 0 0 255 255 0 0 0 255 255
    255 255 255 255 0 255 255 0 0 0 0 255 255 146 0 0 255 12 255 166 190
    228 136 56 255 0 0 255 255 89 250 146 0 255 255 255 183 255 206 120
    0 255 0 255 67 255 64 0 0 255 40 60 0 0 242 0 255 179 0 0 255 0 40 0
    255 97 255 255 0 255 0 255 0 0 0 0 255 0 255 255 83 0 228 54 52 255
    0 255 255 111 137 0 255 255 0 255 0 0 0 255 166 255 0 0 255 0 0 255
    255 255 82 255 0 178 0 255 0 0 123 255 121 255 0 255 0 255 193 0 0
    255 255 0 255 65 255 0 0 68 255 255 255 255 157 0 174 0 0 255 8 255
    255 255 0 0 255 255 114 255 255 71 255 26 255 255 0 0 255 0 255 0
    215 255 0 70 255 0 0 75 0 255 248 255 255 0 0 255 255 255 220 0 0
    159 0 0 0 229 63 0 255 255 157 249 0 255 255 255 0 0 0 125 255 255
    245 255 255 0 0 0 0 255 255 255 255 255 255 59 61 0 0 0 48 0 255 255
    0 0 0 255 32 171 0 255 255 255 0 255 236 0 43 0 255 0 76 251 255 0
    255 255 255 0 0 0 255 255 255 255 0 255 255 0 208 0 255 255 255 0 0
    255 255 0 255 0 0 255 0 62 255 255 205 0 0 255 255 255 255 193 160 0
    0 0 255 0 255 0 255 60 0 255 0 71 0 255 255 0 0 0 255 255 255 0 0 0
    255 0 131 0 0 255 255 255 255 0 0 0 255 16 255 0 210 255 216 249 0
    66 0 34 255 255 255 0 255 0 0 66 255 143 255 0 255 125 0 0 0 255 255
    255 27 0 99 255 16 0 0 0 20 255 255 255 0 0 131 0 86 0 255 0 255 255
    255 0 0 0 255 255 255 0 0 255 255 0 255 0 255 0 158 0 0 25 255 12 0
    0 255 196 0 255 255 255 0 123 0 0 255 0 0 0 255 0 255 0 165 255 255
    0 0 255 255 0 0 112 255 0 255 0 255 0 188 255 255 0 0 0 255 57 0 0
    255 255 0 0 198 0 0 0 255 0 255 255 143 255 255 0 255 0 0 255 0 254
    194 255 0 255 0 0 255 0 82 90 0 0 255 255 255 255 255 255 255 255
    255 0 72 0 255 255 0 0 194 255 255 57 102 156 255 0 0 255 0 255 255
    0 0 0 255 255 255 255 255 0 0 0 255 0 0 150 255 255 240 0 0 251 255
    255 0 0 255 255 0 255 0 0 130 255 255 255 0 17 0 0 6 0 255 13 255
    255 0 255 0 255 0 255 0 255 255 255 42 88 0 0 0 255 130 43 255 255
    255 0 105 0 255 105 255 0 0 0 255 255 209 255 0 255 255 204 0 0 218
    0 255 0 255 255 0 255 255 255 186 255 0 255 255 255 0 173 110 255
    175 255 255 184 0 0 255 0 0 0 0 255 255 255 0 0 6 255 255 255 0 144
    255 184 255 0 0 0 255 255 0 200 255 255 31 255 0 220 200 255 0 255 0
    39 141 0 0 255 255 255 255 0 0 0 255 255 28 247 0 146 255 237 0 92 0
    255 255 0 0 255 255 255 30 1 0 255 255 140 230 255 117 255 230 0 0
    203 255 255 127 0 0 0 255 255 255 238 0 255 0 0 27 0 0 0 234 0 0 0
    255 255 255 0 0 0 82 255 255 0 171 181 255 146 0 255 255 255 34 0
    255 200 0 0 81 82 255 255 255 0 255 0 255 0 0 0 0 255 61 255 31 255
    25 255 0 255 0 255 0 255 0 255 197 255 107 255 158 0 255 0 255 221
    255 255 0 255 152 255 0 0 255 248 255 0 0 255 37 140 225 255 173 0 0
    247 0 0 0 255 255 24 0 255 255 255 247 255 0 0 138 255 255 17 0 176
    255 255 0 0 255 255 255 255 0 255 0 255 255 121 0 37 33 255 255 0 0
    0 49 255 131 166 255 0 255 255 255 0 255 0 237 255 0 0 255 255 255
    255 0 67 255 0 4 0 255 255 129 0 0 0 0 240 255 255 0 0 0 255 0 0 255
    255 255 255 255 0 0 255 0 0 192 0 255 0 255 0 0 0 0 255 0 255 255
    255 0 0 224 255 155 189 122 0 255 0 155 255 0 0 0 0 45 255 255 255
    255 94 255 0 33 0 90 0 255 0 255 25 255 0 115 0 180 0 255 255 0 0 0
    0 255 43 255 255 255 255 255 0 0 0 0 255 255 162 0 255 0 255 247 117
    255 0 186 255 176 255 0 0 255 255 255 255 0 0 0 255 100 255 0 101 0
    0 0 0 255 239 0 255 0 255 0 255 0 255 0 233 143 0 0 255 0 246 255
    255 255 0 0 117 0 255 255 255 254 0 0 0 0 255 0 96 92 255 255 0 0
    255 255 0 255 255 255 0 0 59 0 0 0 255 255 109 0 255 0 47 0 255 0
    255 0 194 255 255 255 255 255 253 255 0 0 255 255 224 183 111 0 0
    188 144 0 0 0 255 255 255 0 255 0 0 255 255 255 0 187 0 255 69 255 0
    0 215 0 255 0 0 225 255 255 0 62 0 0 132 255 0 0 0 255 255 255 0 255
    255 206 247 255 255 1 0 0 255 0 253 255 42 255 255 74 0 0 0 255 0 0
    130 232 40 255 255 104 0 0 255 0 255 255 255 152 0 255 0 255 0 255 0
    255 173 255 0 243 207 255 143 0 165 255 255 0 255 184 30 255 255 0 0
    83 19 255 255 255 255 0 0 245 255 0 0 0 37 207 27 255 0 255 255 255
    255 0 255 0 168 0 255 255 131 254 0 0 0 0 255 0 255 0 210 255 255
    255 0 0 0 255 165 153 0 151 255 255 255 32 41 0 255 255 255 0 0 118
    107 255 0 0 0 180 1 255 0 0 0 167 255 255 255 0 255 219 255 0 94 255
    0 0 255 255 163 0 0 255 0 255 0 255 0 255 143 193 0 0 255 255 0 255
    0 255 0 255 0 255 0 255 56 146 255 0 255 255 255 255 148 0 0 28 255
    0 0 31 0 0 0 116 247 191 255 160 0 0 255 161 255 255 0 0 0 167 207
    242 255 255 255 0 255 0 155 0 255 100 255 0 0 255 255 0 0 0 255 255
    0 128 255 0 154 0 255 0 255 96 255 255 0 0 255 255 255 0 255 0 226 0
    255 255 255 0 255 0 255 0 255 246 255 0 178 0 0 0 255 0 0 0 255 0 95
    160 0 255 0 255 0 255 0 129 250 255 0 0 255 255 0 0 255 0 0 255 0 0
    0 0 255 255 255 0 255 0 0 0 255 165 255 24 255 27 0 0 0 122 255 255
    255 0 72 255 88 255 0 255 1 0 0 255 0 255 0 255 255 0 178 0 255 52
    255 255 0 14 0 255 255 113 255 0 246 204 255 0 255 0 185 0 255 255 0
    0 0 0 255 58 0 255 255 255 0 255 107 255 0 0 255 255 255 0 255 255
    174 0 0 238 202 0 192 255 255 255 0 96 0 255 255 255 70 0 0 255 255
    106 255 255 250 19 59 0 0 183 0 255 255 0 0 0 147 0 0 0 0 255 255
    176 255 0 19 0 255 30 255 0 15 255 0 0 240 0 255 255 0 0 0 255 255
    255 0 255 0 255 255 255 255 0 0 153 0 149 38 255 255 0 0 18 17 255
    255 255 0 0 255 0 255 0 33 255 177 255 255 255 98 0 242 0 141 0 0
    255 255 150 0 255 14 149 0 255 255 0 0 61 255 0 255 255 255 0 0 0 0
    255 255 0 255 0 255 122 0 255 0 255 173 0 0 0 255 255 255 255 255 0
    0 0 255 0 0 0 255 0 9 57 255 255 0 0 0 0 255 39 235 0 255 205 255 0
    255 0 19 225 255 255 166 0 0 255 0 0 255 18 255 0 255 30 255 0 255 0
    255 0 0 255 255 255 255 0 0 0 255 255 255 0 0 255 0 255 255 255 217
    255 0 255 0 255 0 34 0 255 0 88 0 255 255 255 0 0 0 234 255 255 0
    255 0 64 116 255 0 255 182 255 172 36 0 138 255 0 255 0 140 255 255
    255 0 64 115 255 255 255 0 255 0 255 0 235 0 255 0 75 137 255 255 0
    0 139 0 255 255 255 0 0 0 177 0 0 0 255 255 0 84 255 0 1 255 255 0 0
    227 255 255 255 255 255 50 154 0 0 0 255 0 255 255 127 255 0 230 0
    255 110 255 0 0 0 0 255 0 255 0 255 255 0 245 255 0 255 0 255 0 95
    209 0 131 255 105 152 0 0 84 255 255 255 0 0 0 255 255 111 0 255 65
    195 0 121 0 255 255 222 0 180 255 0 0 0 0 255 255 255 255 95 0 255 0
    17 203 255 215 0 0 0 0 0 255 255 0 155 255 255 0 0 0 0 255 255 255 0
    0 0 0 255 255 0 0 255 119 255 255 0 159 0 186 155 211 41 0 255 0 255
    0 255 242 255 255 255 0 57 255 172 201 0 0 0 84 255 255 0 255 0 255
    0 255 255 209 0 0 0 0 0 102 255 222 255 255 130 255 0 0 0 255 255
    255 255 0 255 0 255 28 168 209 4 0 31 255 255 0 255 255 155 0 0 255
    255 255 255 0 0 0 0 255 255 0 0 211 128 255 0 163 0 255 155 0 0 255
    0 0 255 88 0 0 0 0 0 255 255 146 255 0 0 255 255 255 0 0 255 0 27 0
    255 255 255 0 0 0 255 0 255 255 255 6 0 166 255 0 0 0 0 255 0 0 255
    255 255 255 0 0 67 78 0 255 255 255 0 75 0 0 255 255 255 24 0 0 0
    255 255 0 255 255 96 0 0 67 255 255 0 0 255 0 255 50 255 255 255 0 0
    0 255 255 203 255 255 4 0 0 255 0 255 0 0 0 0 255 255 255 255 255
    255 189 0 0 0 255 0 0 114 255 255 0 255 255 255 0 158 255 155 255 0
    0 0 6 0 0 255 0 0 142 254 255 255 255 0 0 56 210 255 0 255 0 255 255
    195 0 0 255 255 255 255 0 0 118 255 0 214 0 255 255 0 43 0 255 73
    255 255 255 255 0 255 0 0 255 115 255 0 0 0 255 0 255 255 255 0 0 0
    255 0 0 255 231 255 0 13 119 0 89 0 255 255 0 255 0 223 181 255 255
    0 0 0 255 255 255 0 19 255 255 255 255 255 255 0 0 255 0 255 0 0 0
    255 101 0 0 255 255 255 198 228 163 0 0 0 0 64 0 124 0 255 255 255
    255 0 255 0 0 0 0 255 250 255 0 0 0 255 0 255 164 0 36 0 255 255 0
    255 255 255 0 0 0 0 255 176 255 134 101 125 0 0 255 254 255 0 0 255
    0 255 255 255 0 49 0 0 255 0 255 239 0 0 0 163 255 0 255 255 65 81 0
    0 255 0 0 84 0 255 0 213 0 255 255 0 0 0 0 140 255 255 0 22 0 0 255
    255 255 0 0 49 255 255 0 0 255 255 0 255 0 0 255 114 255 0 0 0 255
    255 255 255 0 14 0 255 161 255 0 255 255 255 0 255 0 255 0 255 0 0 0
    255 138 255 0 255 255 255 255 255 128 255 0 0 0 143 255 255 12 160
    255 255 0 0 0 255 0 255 0 0 0 0 252 109 199 122 0 255 0 0 0 131 0 0
    240 151 0 0 255 255 0 0 255 255 255 96 0 0 0 255 0 255 255 0 255 0 0
    0 249 255 255 0 255 0 255 0 0 239 0 0 0 255 0 212 255 96 202 144 161
    0 255 0 28 0 0 0 223 255 0 255 0 255 81 255 75 0 0 0 155 0 0 0 255
    255 0 0 255 255 255 0 0 255 101 0 0 0 133 255 255 207 0 255 169 0
    255 171 0 255 255 0 31 0 0 0 255 255 255 255 100 255 0 255 153 255 0
    0 18 0 0 0 255 255 27 255 255 139 0 255 255 0 0 117 255 255 0 255 0
    255 0 143 255 255 184 255 0 255 28 255 0 255 0 159 255 0 255 0 123 0
    0 255 0 120 0 52 255 255 255 0 0 0 255 27 0 111 0 255 255 255 0 0
    255 194 255 212 51 0 0 255 0 106 255 161 255 163 0 0 0 0 1 0 255 0
    255 14 23 0 0 0 255 0 255 0 0 0 255 255 255 255 255 0 0 0 0 255 255
    50 0 0 255 255 0 0 0 0 0 255 255 128 255 181 245 255 189 0 255 0 236
    100 255 0 0 0 255 0 0 0 255 0 255 0 0 23 0 255 255 255 255 0 0 151
    255 255 162 22 60 0 255 0 255 255 255 255 0 255 255 30 0 0 0 153 0
    255 255 255 255 255 109 118 0 0 255 0 255 0 255 255 176 255 0 0 0 0
    255 9 70 255 255 255 255 255 255 255 255 78 0 0 255 171 255 0 255
    255 48 0 0 255 255 0 255 0 0 0 255 255 0 190 255 255 255 66 255 239
    172 255 3 0 39 185 255 255 0 255 0 255 0 0 157 0 0 0 183 38 70 255 0
    216 255 0 0 0 168 69 0 255 0 0 255 211 0 202 0 0 132 72 255 255 0
    255 0 255 117 189 0 0 255 24 255 0 235 0 255 73 255 0 255 255 255 0
    0 255 255 0 0 27 255 255 255 0 0 255 255 255 0 240 255 255 0 255 120
    255 0 0 74 255 71 86 255 255 0 255 255 0 0 0 0 0 255 255 255 0 0 0
    255 255 255 255 0 0 255 255 128 0 255 255 255 0 0 0 255 255 255 0
    255 255 255 255 0 0 88 255 119 0 255 0 255 255 255 1 187 0 255 255 0
    0 0 255 255 0 0 0 255 184 255 0 255 0 0 0 255 0 255 255 247 252 0 0
    255 255 255 255 0 0 0 0 0 255 255 255 255 255 255 0 0 0 255 0 120 11
    148 0 0 82 255 210 255 0 255 255 255 0 0 0 255 255 0 0 255 255 255
    255 0 76 207 255 0 255 255 39 0 67 0 255 0 255 255 31 91 60 255 0
    255 0 0 0 255 120 255 0 255 255 255 228 0 11 0 0 55 255 255 255 0
    139 229 255 255 0 0 0 255 234 255 255 0 0 255 255 235 0 0 236 255
    255 255 255 0 255 99 0 255 255 255 0 0 0 255 255 255 0 255 151 255 0
    0 44 0 255 255 0 0 0 255 255 0 0 255 0 255 0 255 255 255 0 0 255 255
    0 0 164 124 0 255 255 255 0 0 155 198 255 0 0 0 255 255 189 0 101
    255 92 255 255 77 0 255 255 255 255 0 0 47 0 255 255 71 0 255 177 0
    0 162 255 255 0 255 0 0 0 0 255 255 191 0 255 0 0 0 0 151 0 255 255
    0 0 255 255 0 106 250 166 255 0 255 0 255 0 255 255 255 0 55 255 11
    255 0 0 0 0 169 255 24 0 211 255 0 100 255 255 255 0 59 0 188 255 0
    14 0 255 255 255 0 255 0 255 255 255 255 0 0 0 255 78 1 0 218 255
    201 255 255 255 105 0 40 255 209 19 255 79 255 218 0 75 78 255 255
    145 255 0 255 0 255 0 255 0 0 255 255 255 255 255 255 0 0 255 255
    255 0 0 255 0 0 0 255 255 255 0 255 255 0 0 215 0 179 125 255 255
    255 0 48 255 0 0 0 235 0 255 255 162 0 0 255 0 132 0 0 223 77 0 255
    117 255 0 0 0 0 255 255 255 197 255 255 0 190 0 255 0 225 0 0 255 0
    0 0 255 255 0 255 0 46 0 255 255 185 255 255 65 0 62 182 255 255 91
    0 11 73 255 0 235 0 255 252 0 255 0 61 255 0 86 255 255 167 0 0 0 0
    66 190 0 255 190 72 0 226 255 0 255 0 255 255 255 0 215 0 255 228
    255 156 75 0 156 0 0 255 255 0 255 0 255 0 0 0 255 255 133 0 255 255
    255 255 108 255 255 255 188 0 0 244 0 0 0 255 251 0 255 187 0 0 140
    255 154 0 0 0 255 0 255 0 255 0 255 0 0 0 255 1 255 0 255 0 255 0 54
    255 255 255 255 0 255 71 0 255 0 255 0 255 248 255 255 255 0 0 0 111
    0 143 0 255 0 180 231 255 255 0 0 255 0 0 0 0 14 255 255 255 0 255 0
    0 0 0 255 0 0 255 255 0 0 0 30 255 255 255 21 255 0 201 0 0 0 255 0
    255 198 36 0 0 49 0 0 225 177 0 0 255 255 255 0 0 255 21 0 0 0 255 0
    52 0 255 255 255 0 255 0 255 255 255 82 0 255 118 255 0 255 255 255
    255 255 58 0 255 0 255 65 255 0 255 0 96 43 255 155 255 255 0 255
    255 255 255 0 0 255 255 0 140 255 255 0 0 255 237 254 255 0 112 0
    255 0 255 0 231 0 255 0 255 255 186 73 255 0 30 255 255 255 0 0 0
    255 0 0 54 255 0 255 255 97 255 0 180 0 0 255 0 255 0 255 18 0 255
    255 255 0 0 255 255 0 0 255 0 0 0 160 0 255 0 0 0 255 255 255 255 0
    0 255 255 0 255 71 255 0 16 200 192 0 255 177 255 0 255 123 255 0 51
    255 0 255 0 255 0 255 0 255 255 0 0 0 0 255 255 255 0 108 0 211 0 0
    157 116 57 102 0 255 0 238 0 255 255 38 255 255 255 0 0 255 255 184
    201 0 23 0 0 255 0 255 0 0 255 255 0 0 0 255 255 0 0 80 0 0 0 43 185
    255 255 255 34 0 0 178 0 177 255 255 255 0 255 0 255 0 0 255 135 255
    0 255 0 0 255 255 0 0 0 60 0 255 0 255 47 255 255 0 0 0 255 255 255
    0 255 0 255 111 255 0 168 0 255 0 33 0 88 255 0 0 0 255 0 255 255 0
    212 0 0 114 121 255 255 6 136 0 0 255 255 255 0 159 255 255 255 255
    255 71 0 255 31 255 255 255 0 0 255 111 255 0 255 162 0 73 255 0 255
    0 175 4 255 51 164 0 0 255 0 255 255 0 0 255 0 0 55 0 255 255 255 0
    255 0 255 123 255 108 255 0 0 0 22 195 255 255 57 255 247 255 0 0
    156 109 255 0 0 255 255 255 0 11 95 255 0 0 0 0 0 255 88 0 149 255 0
    0 243 0 255 45 255 0 228 72 255 255 255 255 255 0 255 255 76 54 249
    118 255 0 255 255 255 255 255 224 255 0 255 188 0 0 1 44 86 149 255
    44 240 208 187 51 0 255 255 255 0 0 111 0 0 0 255 0 255 0 0 0 255
    255 255 0 167 0 255 0 0 0 30 0 241 150 0 0 0 255 255 255 0 0 255 0 0
    0 255 0 0 0 255 27 246 0 0 0 255 0 255 88 255 0 102 255 143 130 255
    115 19 0 190 0 0 0 0 174 255 0 255 0 114 0 64 0 255 77 255 0 255 239
    0 255 0 255 0 255 255 255 255 0 255 255 157 255 0 0 0 255 0 113 0 32
    0 0 255 255 0 130 0 255 0 255 0 213 0 0 255 0 255 0 255 0 0 101 0 0
    0 0 238 0 2 255 255 255 255 0 0 0 255 131 255 0 255 255 255 0 34 255
    255 255 0 0 122 0 0 54 0 0 4 46 0 255 18 255 0 45 255 255 5 255 0
    255 198 0 219 254 255 0 255 0 255 130 186 255 86 244 0 255 0 255 0
    160 255 255 8 0 0 255 255 0 0 255 255 0 0 0 255 0 32 255 130 0 57
    255 253 255 0 0 232 0 255 0 255 0 0 0 255 0 214 255 62 0 0 0 0 0 255
    255 0 0 134 0 0 255 17 255 0 93 0 143 176 0 0 255 16 56 255 206 255
    0 0 0 255 255 255 196 0 255 0 255 111 255 0 0 255 175 0 189 81 211
    255 0 255 255 255 108 0 0 255 255 255 255 99 0 12 0 255 255 0 0 0
    255 0 255 0 0 0 33 255 0 255 255 0 91 255 255 31 220 255 255 49 0
    255 255 40 255 109 136 0 255 0 197 102 255 0 0 152 255 255 65 228
    255 0 0 201 0 255 255 60 0 67 0 255 255 255 0 0 255 149 255 111 255
    255 0 0 206 255 0 0 255 0 255 120 198 0 0 255 0 255 0 56 0 0 255 0
    255 255 255 0 255 140 166 0 255 255 0 255 0 255 0 159 255 255 0 0 0
    255 244 30 0 255 255 0 125 255 135 0 0 47 255 0 255 144 47 0 45 255
    0 255 0 0 0 165 255 255 255 0 244 200 255 255 255 0 255 205 255 0
    144 240 255 255 0 0 255 0 139 0 255 0 255 255 255 0 0 80 255 0 20
    255 255 0 0 0 255 165 0 0 255 255 255 0 0 255 0 0 255 255 255 0 0
    255 0 255 0 157 255 54 255 0 0 243 255 255 0 255 0 0 0 189 255 0 0
    255 255 95 255 215 255 255 0 0 64 17 255 255 255 0 0 0 255 255 255
    255 255 0 0 0 0 255 29 255 255 255 0 255 0 255 255 255 255 255 157 0
    0 137 255 255 255 0 255 223 0 38 0 0 0 47 255 0 89 255 178 255 0 255
    0 32 0 0 255 255 0 182 0 255 0 255 255 255 255 0 255 255 255 0 0 255
    255 255 91 255 255 255 255 0 0 255 158 0 83 0 56 0 0 255 255 204 0 0
    255 24 0 0 255 255 255 0 0 255 0 134 0 255 0 157 117 105 255 0 24 0
    0 0 0 60 255 15 255 0 255 31 183 0 0 0 255 0 0 0 72 216 255 0 255 0
    0 255 255 255 255 0 249 0 116 198 217 255 0 53 0 38 174 255 255 0 0
    0 255 95 255 255 255 0 153 4 255 131 164 255 0 0 0 0 25 255 0 255 71
    255 0 75 0 0 255 0 0 0 209 255 102 0 112 185 0 0 0 255 255 246 0 0 0
    28 255 0 255 0 153 255 255 255 0 255 211 255 57 0 0 244 242 255 0
    255 42 255 0 0 0 255 128 255 255 255 0 0 0 0 255 255 255 0 0 244 0
    255 255 255 255 255 0 38 0 255 0 255 255 0 0 0 255 255 0 88 16 255 0
    0 0 255 13 255 0 0 255 255 255 4 140 156 0 0 255 255 255 0 0 255 196
    255 0 0 128 79 0 255 130 255 255 0 0 255 0 255 0 22 0 255 106 0 149
    255 0 0 255 255 255 0 0 255 0 255 0 255 0 0 218 0 255 0 105 0 0 187
    255 255 0 150 0 255 0 17 0 38 41 255 10 255 255 0 141 0 255 174 0
    239 0 255 0 223 0 33 255 0 0 101 255 0 60 255 81 178 0 0 255 255 255
    0 0 0 255 255 0 0 0 0 255 0 167 70 0 0 255 255 255 255 255 0 137 255
    0 0 0 255 255 20 255 255 255 0 255 0 141 0 255 0 255 0 225 255 37
    255 0 255 93 255 0 255 137 206 0 255 0 255 0 255 0 0 255 255 0 0 0
    255 255 255 132 0 0 0 255 68 255 0 255 255 255 0 129 0 255 255 0 255
    0 37 0 255 0 255 255 255 64 0 255 255 58 0 227 255 65 255 0 255 255
    146 0 20 249 255 104 173 0 255 255 255 0 6 255 255 14 0 203 6 255 57
    255 0 207 0 255 255 121 0 213 255 255 0 255 0 0 0 255 255 255 255 0
    255 0 216 0 255 255 216 80 255 255 255 255 255 0 0 0 255 0 196 87
    218 245 120 0 255 154 255 0 0 0 255 158 0 255 255 0 0 0 0 0 93 255 0
    255 0 255 0 255 0 255 0 0 255 0 0 0 255 222 0 255 255 255 0 255 255
    0 0 255 255 0 0 255 255 255 0 22 255 0 255 255 255 0 0 255 255 255
    255 0 255 255 255 0 255 41 226 0 0 255 255 165 128 0 0 0 0 0 90 0 0
    255 255 253 0 0 255 215 255 179 222 255 71 255 0 139 0 185 0 255 255
    44 107 0 255 255 228 0 131 255 24 255 0 255 223 0 255 0 106 0 255
    255 218 255 236 0 97 187 0 78 255 255 255 254 255 255 0 0 191 249 0
    0 91 255 183 0 0 48 0 174 255 246 255 0 255 92 255 0 255 0 255 0 171
    0 255 255 0 255 0 255 255 0 0 255 0 64 243 255 255 163 255 0 251 255
    0 0 251 255 91 255 255 21 255 39 255 0 0 0 0 0 0 119 255 194 255 0
    255 0 0 0 255 2 255 255 0 0 0 0 0 0 0 255 233 0 0 0 0 0 0 0 0 0 0
    255 0 255 0 0 66 65 109 244 2 255 0 255 0 255 255 255 255 0 255 0 0
    255 0 143 0 255 255 0 189 0 255 0 255 255 255 36 23 0 154 0 255 0 0
    0 255 255 122 163 255 10 0 66 0 255 255 255 0 117 0 255 255 17 255
    255 5 0 0 255 255 252 0 255 0 170 203 255 0 255 0 255 255 203 0 0
    255 0 255 0 0 255 0 255 0 255 27 255 180 255 215 255 255 0 215 172
    255 0 255 255 230 188 208 0 255 0 0 0 255 179 255 0 0 0 0 255 0 0 0
    255 0 255 0 0 28 0 248 0 232 255 255 255 0 0 0 255 126 255 255 255
    211 0 132 255 106 0 0 255 255 0 0 255 255 255 255 230 255 0 255 0 92
    0 255 0 0 0 80 255 255 0 255 0 255 255 34 0 255 0 255 0 255 255 255
    0 0 0 151 183 0 0 255 71 0 0 0 255 157 0 255 255 255 255 0 255 0 255
    255 0 255 0 255 0 255 255 0 0 0 0 0 255 255 255 255 255 255 0 0 0
    255 36 255 255 0 0 255 0 255 0 0 34 0 106 183 255 255 0 0 106 255
    255 219 92 255 0 106 0 255 255 0 0 86 255 0 0 255 255 104 255 180 0
    0 0 255 255 0 255 69 255 115 0 0 0 0 0 255 255 0 255 0 120 0 134 211
    255 0 58 255 255 255 0 0 0 0 255 255 255 255 0 0 0 141 160 255 0 140
    0 73 0 0 0 255 255 255 0 0 255 87 255 28 0 194 255 255 0 0 255 255
    76 0 0 0 0 202 255 243 255 0 255 0 255 244 255 255 0 155 72 255 0 0
    0 0 255 0 253 0 212 0 255 193 0 0 87 255 210 255 0 0 0 5 255 255 105
    0 0 255 0 255 255 255 0 0 255 255 0 0 115 41 255 0 255 0 0 154 255 0
    255 0 0 255 255 84 255 255 255 0 255 0 0 0 255 255 20 255 255 119 0
    55 233 255 255 0 0 237 255 191 255 0 255 0 158 255 0 255 78 255 0 0
    6 0 0 87 0 0 255 255 255 0 255 255 0 0 0 0 255 255 0 0 0 0 255 0 255
    255 204 0 0 25 233 0 255 255 44 43 0 0 0 0 255 0 0 13 255 128 255
    255 255 0 0 0 182 255 255 0 255 255 130 0 0 78 255 0 0 255 255 255
    255 255 25 0 0 0 255 255 213 255 167 53 0 0 0 255 255 0 255 255 255
    0 255 0 255 255 0 233 0 0 0 0 255 255 255 255 0 255 255 255 0 0 0 0
    0 0 54 106 255 0 0 0 0 181 50 239 0 0 0 255 255 0 0 255 0 255 0 195
    0 0 0 204 228 0 196 0 132 255 255 255 255 230 0 0 255 255 255 255
    255 0 0 255 239 0 255 86 247 0 169 255 131 52 0 0 0 255 255 0 0 0
    169 0 255 42 48 0 0 0 255 0 0 0 148 167 255 255 255 0 255 0 0 12 0
    255 0 255 15 255 0 255 255 173 0 205 255 0 0 106 255 255 255 255 35
    0 255 0 240 255 255 0 0 0 38 255 255 180 255 255 0 0 255 255 255 255
    255 0 255 255 0 162 163 97 255 0 0 76 255 255 252 255 255 255 87 116
    255 0 0 255 220 0 255 39 255 0 0 0 0 255 255 179 143 255 0 210 248
    255 255 0 0 255 0 0 255 255 49 0 0 0 255 0 255 79 0 255 0 255 255
    255 255 255 255 255 255 0 255 0 255 139 255 255 0 255 0 255 246 255
    0 255 63 255 36 0 0 255 255 255 255 255 255 130 51 255 255 0 255 13
    255 78 0 97 0 221 255 205 247 129 255 0 255 0 10 0 255 0 255 0 103 0
    255 166 0 255 255 255 0 0 255 255 255 0 227 255 173 255 110 163 255
    105 138 255 100 0 0 255 255 255 0 59 0 0 255 0 255 200 255 255 0 255
    255 255 0 30 0 246 0 4 255 255 198 0 0 75 255 255 176 193 255 0 45
    255 255 255 142 0 50 255 101 0 255 255 255 0 0 255 255 255 255 101
    255 0 0 0 0 0 255 255 0 0 0 0 0 171 255 0 118 255 0 255 55 92 255 57
    255 255 255 0 255 0 0 0 255 168 0 255 255 255 255 255 255 0 255 0 0
    0 255 255 192 0 255 0 255 0 255 0 0 0 0 0 255 255 255 255 0 0 251
    255 0 255 166 0 117 0 42 0 0 255 255 0 0 0 255 255 0 29 255 255 0
    255 255 155 107 255 255 0 255 91 100 0 255 0 255 250 255 40 0 249 0
    255 255 0 255 0 255 0 246 0 155 0 255 0 235 0 215 29 255 255 106 244
    255 255 255 0 0 255 255 255 0 0 255 0 255 0 255 255 197 211 86 0 26
    255 255 97 255 0 0 255 104 255 255 255 0 0 0 255 255 129 172 0 48
    255 255 0 0 0 255 76 255 0 0 0 255 68 255 0 255 0 255 124 32 255 0
    255 255 255 0 0 255 255 0 179 141 28 255 104 0 0 0 255 0 255 0 255
    210 255 255 143 0 49 0 255 0 255 75 255 255 0 0 255 0 255 0 199 255
    255 0 255 255 255 0 0 255 255 91 0 240 85 226 0 204 255 255 0 0 55
    255 255 0 0 0 0 0 255 0 255 63 0 255 0 88 255 255 0 0 54 72 255 255
    0 0 255 255 0 255 255 222 255 68 255 0 0 0 255 255 255 220 0 205 0 0
    0 243 255 255 128 0 0 239 255 0 255 255 255 255 0 88 0 255 255 0 255
    0 255 0 255 0 255 71 246 0 255 0 255 237 0 255 249 255 0 255 79 255
    4 0 255 0 0 255 255 255 255 0 0 0 255 255 0 142 97 255 255 0 255 162
    255 0 0 0 0 0 0 255 255 255 0 0 255 0 0 255 255 152 0 255 255 255 0
    0 255 0 28 0 255 255 0 255 255 255 0 0 0 0 255 255 0 0 255 255 255 0
    0 0 0 255 0 134 255 255 0 0 255 0 0 0 0 0 0 255 255 255 0 19 255 255
    255 91 255 0 127 9 171 0 255 117 255 51 255 0 0 211 255 69 255 255 0
    0 0 0 255 255 186 0 255 0 255 255 0 0 0 255 0 0 255 0 28 255 237 0
    255 255 0 0 255 255 0 0 0 255 255 0 219 255 255 255 0 104 204 255 0
    255 255 255 255 0 217 0 0 0 255 255 255 0 255 0 255 67 255 0 255 255
    255 0 0 0 0 255 255 255 0 0 255 85 255 0 255 0 255 0 0 151 255 255 1
    255 255 255 33 0 237 255 255 0 0 0 192 230 0 0 0 255 255 255 255 0 0
    0 0 94 255 255 47 0 67 112 146 209 5 0 0 0 255 0 0 0 136 255 152 255
    255 0 0 255 255 255 0 93 0 255 255 255 0 255 255 0 0 255 181 255 0
    255 216 255 255 255 255 255 0 0 254 32 0 255 204 255 255 0 0 255 255
    0 255 0 29 255 0 255 0 0 0 255 153 0 255 0 255 0 31 185 255 255 255
    0 67 221 179 0 255 255 157 0 0 0 255 0 0 0 255 0 255 7 238 255 120
    255 6 0 0 0 255 0 0 27 255 255 0 255 0 52 0 0 255 0 255 44 133 255 0
    255 255 33 0 0 255 0 255 0 0 0 0 0 255 242 255 0 255 150 255 1 0 106
    255 0 176 161 255 0 0 0 0 255 0 255 0 255 5 255 0 122 0 0 255 0 0
    255 35 0 180 130 112 0 255 238 95 93 0 0 134 255 255 0 0 255 0 255
    255 255 255 0 0 216 255 255 255 0 255 0 255 0 255 0 0 255 194 0 0 0
    0 255 0 255 0 255 0 0 255 0 181 22 0 0 195 255 255 184 255 255 209 0
    0 255 255 0 110 90 0 0 0 132 255 0 0 0 255 0 24 0 255 0 0 0 194 255
    63 255 0 255 190 255 250 255 255 193 0 255 255 0 255 0 255 0 0 255
    255 0 0 255 127 37 255 0 255 0 255 0 0 17 255 0 255 255 255 255 255
    0 0 255 13 0 255 104 0 0 0 255 255 255 136 0 234 255 255 0 255 255
    255 255 255 255 0 0 34 255 143 255 124 0 255 255 255 0 56 255 0 255
    0 0 0 255 255 90 0 0 255 255 0 0 0 69 255 255 255 0 0 200 0 0 154
    255 166 255 0 0 197 255 255 0 255 0 255 0 255 0 255 0 255 255 124
    255 0 255 0 0 0 255 0 0 0 255 0 0 0 77 255 255 255 255 255 255 0 94
    0 255 0 0 255 179 255 0 0 255 118 132 0 0 97 255 255 255 0 0 0 177
    255 255 0 0 0 0 255 0 255 0 255 255 255 0 32 0 255 255 255 0 0 0 255
    255 255 8 43 0 0 255 255 113 255 0 142 0 255 188 255 0 255 0 0 234
    12 255 0 255 124 255 0 0 0 255 255 255 0 0 0 70 0 0 0 0 255 255 77
    255 0 255 0 255 0 0 0 255 255 255 0 0 0 255 255 255 0 255 0 255 0
    255 0 202 0 0 0 255 255 255 255 255 255 0 255 255 12 0 255 255 209
    255 0 255 144 227 255 0 0 141 0 255 0 0 255 255 255 0 0 151 255 32
    255 138 255 0 255 22 143 0 0 0 255 0 0 0 255 0 0 0 0 255 255 36 0
    255 0 255 0 0 229 0 255 0 35 255 255 0 255 0 0 82 255 255 0 0 255 10
    255 255 255 75 0 255 52 255 0 0 0 53 255 255 0 0 255 255 0 0 255 105
    255 0 255 255 255 255 255 209 38 255 21 0 255 255 0 0 0 255 255 255
    255 0 246 206 108 0 0 0 255 255 245 255 255 0 0 255 255 12 255 162
    255 0 255 0 255 117 0 0 255 255 0 0 255 255 255 247 255 255 173 0
    255 255 255 0 0 255 255 255 255 0 162 0 255 37 255 213 255 0 255 255
    0 66 54 255 0 255 0 0 0 255 111 0 255 255 94 255 232 0 255 255 255
    178 0 255 255 255 0 0 0 127 255 0 255 255 46 163 0 0 0 255 255 255 0
    0 7 89 255 0 0 255 255 195 255 0 255 0 0 0 0 143 143 255 0 255 245
    255 0 255 160 255 112 255 255 0 0 34 0 255 255 255 0 255 0 0 0 255
    255 255 8 0 0 255 255 0 191 0 255 255 255 65 0 0 0 0 255 255 105 255
    0 255 0 255 0 151 0 89 255 255 0 255 255 0 173 0 255 120 255 0 255
    255 0 255 255 255 0 0 0 134 174 255 0 0 0 217 255 255 0 255 255 255
    238 255 255 255 204 255 0 57 0 0 0 0 0 255 255 255 152 0 255 54 0
    255 255 35 255 0 0 0 0 255 255 0 0 0 255 255 52 0 255 255 64 0 0 255
    255 255 255 0 0 0 84 255 0 255 255 123 8 126 180 255 0 255 255 0 183
    0 255 3 255 0 0 122 255 0 0 0 0 0 0 255 187 0 0 0 0 68 255 255 0 0 0
    232 0 255 255 255 0 253 255 0 0 119 255 255 37 255 194 255 96 255 0
    165 0 255 0 0 25 0 255 161 255 0 0 0 255 88 255 0 33 0 255 255 255 0
    0 0 141 0 0 0 0 255 0 0 149 0 255 0 255 255 171 0 0 0 0 255 255 255
    255 0 176 9 180 255 107 255 0 255 0 255 0 255 0 84 255 255 0 244 0 0
    0 68 240 255 68 0 255 148 255 0 0 255 0 255 28 0 0 254 0 255 0 0 200
    0 139 0 255 0 255 0 255 255 255 53 0 255 0 255 255 255 185 0 3 149
    255 255 45 0 0 0 0 0 144 255 119 0 0 234 255 255 0 0 0 255 255 255 0
    255 0 255 255 163 0 0 0 0 0 255 255 0 255 246 140 0 255 255 0 0 255
    0 255 0 0 255 0 255 255 255 255 255 202 0 0 0 255 218 0 0 72 255 0 0
    255 255 100 150 35 255 255 255 175 0 255 255 0 0 255 241 255 255 0 0
    214 0 0 0 255 255 255 255 0 255 0 255 0 255 0 255 0 255 0 255 255
    186 0 0 255 0 0 0 255 0 255 112 255 0 0 0 0 255 0 255 0 0 0 12 255
    255 255 0 27 0 30 0 0 0 255 255 255 255 0 0 0 255 255 255 0 0 174 0
    200 2 255 0 150 0 0 0 255 255 255 251 0 255 255 0 117 255 255 255 62
    0 255 255 0 0 0 0 255 255 255 0 119 0 0 26 0 255 255 0 255 0 255 255
    0 0 255 255 255 0 255 239 255 255 0 0 0 255 24 0 0 0 255 255 255 255
    0 255 0 0 255 0 0 0 255 255 255 255 255 255 0 25 0 155 255 255 255
    255 255 255 25 255 255 255 0 231 0 255 255 255 216 255 255 255 0 255
    28 255 61 0 138 144 255 177 247 0 126 11 255 3 255 0 255 0 0 67 0
    255 255 255 0 96 154 255 0 255 247 240 0 119 76 218 93 0 77 255 105
    255 0 0 255 255 198 0 0 255 140 255 0 0 255 255 0 0 0 0 25 0 0 129 0
    255 255 0 0 0 0 64 255 255 0 255 0 255 255 0 0 0 255 255 0 29 255 0
    0 74 255 213 59 255 255 255 84 255 92 255 255 0 0 0 211 255 255 255
    255 69 0 0 0 243 255 242 255 0 167 225 0 0 0 0 255 255 255 0 0 0 255
    0 71 0 255 0 255 18 0 0 255 0 255 96 255 0 255 0 0 0 0 255 0 255 0
    255 0 255 95 0 0 255 255 255 137 255 243 255 0 255 255 0 255 0 255 0
    0 255 244 255 255 0 152 255 255 255 0 255 0 0 255 0 255 0 255 211 0
    255 255 255 0 0 0 0 0 255 255 237 0 0 255 255 255 0 255 255 255 0
    183 255 255 18 0 0 6 255 0 5 118 255 0 255 0 255 201 255 0 0 0 0 255
    255 255 0 0 0 255 0 0 0 255 255 0 255 213 255 0 255 0 255 0 0 255
    255 255 255 0 148 0 255 255 153 255 255 255 0 0 0 255 175 76 0 113
    255 0 255 0 255 255 0 0 0 255 255 255 255 0 0 0 255 0 255 0 0 0 255
    223 255 147 255 255 0 0 0 255 255 0 255 0 255 0 0 255 255 0 255 0
    208 255 190 195 255 0 44 35 79 0 82 230 255 186 24 0 192 0 0 0 245
    255 1 255 0 118 255 255 255 4 232 163 255 255 0 0 255 0 255 0 16 255
    255 50 0 0 255 255 0 0 0 255 255 247 255 0 0 74 0 0 255 0 255 229 0
    0 94 255 255 245 255 175 255 0 0 255 255 255 0 0 0 22 222 255 255 66
    0 255 0 255 0 255 255 0 0 255 0 255 255 0 255 255 255 0 0 8 255 255
    255 0 0 0 0 255 255 236 60 255 0 255 0 255 21 0 255 0 0 184 0 255 0
    255 255 255 255 221 255 255 255 0 0 0 255 255 255 255 0 255 0 255 0
    255 189 255 18 255 0 223 0 0 255 255 255 255 0 0 255 255 235 209 0
    119 255 255 0 0 0 52 255 255 0 0 255 129 255 0 255 196 56 0 255 255
    0 0 0 0 0 255 255 255 0 155 81 193 49 0 218 129 255 255 255 0 0 0
    255 0 255 161 255 178 255 255 255 0 255 0 255 0 59 0 213 0 255 31
    255 0 255 255 255 198 125 255 0 255 0 255 0 184 0 255 0 255 32 255 0
    0 255 71 113 68 124 255 255 255 0 0 255 255 57 255 0 0 0 255 0 255 0
    102 0 255 0 195 143 0 0 0 100 167 0 255 255 255 0 255 255 255 255 0
    0 0 255 184 255 255 0 201 0 255 0 0 0 255 115 255 0 255 255 88 0 0
    255 0 209 255 15 255 0 71 0 58 0 0 255 0 255 0 0 0 255 255 161 0 117
    255 0 0 0 255 221 249 0 0 0 135 0 255 255 236 211 0 255 255 117 239
    88 187 255 157 255 255 0 255 30 255 151 0 255 255 255 0 0 0 178 255
    255 173 255 0 160 0 0 255 255 255 160 0 255 10 0 40 0 255 74 255 255
    8 0 255 0 32 255 255 0 255 255 255 0 255 0 0 0 29 0 255 90 0 0 137
    255 255 255 255 254 255 0 255 0 120 0 255 255 255 255 118 0 0 255 0
    0 0 255 255 255 0 0 0 174 0 255 255 255 0 0 0 255 255 255 255 255 0
    0 0 116 0 255 0 255 0 255 255 0 255 0 255 178 0 253 0 49 255 255 0
    255 255 255 0 255 255 191 0 20 0 71 255 255 255 68 0 255 0 255 255
    255 255 0 0 0 140 0 255 255 255 0 0 83 63 255 0 47 255 0 0 0 255 0
    255 0 127 0 255 137 0 255 0 255 0 0 0 255 0 255 219 0 255 255 0 255
    0 0 0 0 255 0 0 255 12 255 255 255 255 0 255 123 44 0 0 255 255 255
    0 0 0 255 0 255 11 184 255 255 255 255 0 255 55 255 255 255 0 0 255
    203 255 0 255 56 0 0 255 0 0 120 0 255 0 255 103 255 255 255 255 0 0
    0 179 161 0 255 255 0 0 137 0 255 0 255 0 253 255 0 9 2 166 255 255
    75 0 0 255 0 255 0 0 255 0 255 151 0 101 0 0 255 126 255 232 0 255 0
    255 0 175 0 0 0 255 0 126 181 255 202 255 255 255 0 16 0 210 255 0
    255 0 0 0 0 255 181 213 215 255 255 0 0 0 208 0 255 255 0 255 0 255
    55 0 255 0 255 0 255 166 106 255 255 4 0 255 0 255 0 255 116 84 93
    255 0 0 0 255 186 255 0 0 255 112 0 255 255 50 0 0 255 255 168 122
    255 255 136 0 0 255 177 255 0 255 173 255 255 106 0 0 0 0 105 35 0
    255 255 255 255 0 0 255 0 255 107 255 0 255 255 77 40 0 178 0 255
    192 48 206 0 36 0 0 255 186 255 0 0 255 248 255 255 255 255 183 0
    255 255 0 0 0 255 255 0 0 0 255 255 0 255 255 131 0 0 255 255 255 0
    255 249 0 255 255 0 255 255 0 0 0 255 0 79 255 255 42 0 0 255 111
    255 221 255 0 0 0 255 255 255 0 255 0 0 150 255 48 0 255 255 255 255
    187 0 0 255 255 192 0 0 191 0 255 221 255 167 163 255 187 255 0 255
    0 1 129 0 255 255 255 0 0 255 255 0 129 0 255 255 255 0 174 0 196 0
    255 255 146 255 0 255 0 0 255 255 0 0 0 0 148 0 235 80 0 49 255 224
    140 255 255 0 0 0 255 132 255 0 255 0 255 0 38 255 82 128 0 255 0
    255 0 255 0 255 255 255 116 250 0 0 255 255 255 255 220 0 255 255
    255 167 255 0 15 0 255 0 0 0 255 0 255 0 255 0 255 218 255 0 242 0 0
    0 0 126 255 0 255 255 179 255 0 0 0 255 255 0 0 255 3 255 255 0 27 0
    92 213 255 0 255 255 255 0 255 200 78 0 142 0 97 255 0 138 0 255 255
    255 0 255 0 0 0 255 255 255 255 0 45 255 255 0 0 0 0 91 255 255 0 0
    0 255 255 0 0 255 255 255 255 255 0 0 0 255 255 195 0 0 0 34 255 255
    0 246 255 101 194 120 255 15 255 0 0 255 255 0 54 255 255 255 0 0
    255 255 0 255 0 0 255 255 199 0 203 255 255 255 192 255 0 255 0 255
    0 255 0 255 255 255 0 0 0 0 52 165 255 0 255 0 255 0 255 6 0 237 255
    255 255 0 0 255 255 12 255 0 0 131 0 0 255 235 0 255 255 0 0 0 0 0
    80 255 255 0 132 0 159 255 255 183 0 0 236 0 235 255 0 255 0 255 255
    0 255 147 0 0 255 143 0 255 255 0 255 255 255 0 255 255 0 0 0 126
    161 0 255 255 255 0 255 201 167 0 96 186 255 0 0 255 142 255 0 0 136
    0 0 0 255 0 101 255 0 255 255 49 165 0 205 94 0 255 255 0 0 0 25 119
    255 20 0 255 255 255 0 0 0 255 255 58 255 255 0 159 0 136 255 255 0
    0 0 0 0 255 0 210 0 255 167 133 22 255 255 0 255 255 49 0 0 255 255
    255 0 0 255 255 255 110 0 0 255 0 2 255 0 255 0 93 0 255 0 255 0 255
    255 0 255 214 0 0 255 255 0 255 87 0 0 73 0 255 255 255 255 119 0 58
    229 255 0 0 8 255 255 255 255 202 255 0 255 40 0 231 255 69 0 0 92 0
    255 0 255 0 255 93 255 0 0 0 158 255 171 0 255 0 245 255 255 255 0 0
    0 0 0 255 255 255 0 0 0 255 168 0 222 0 6 236 255 0 0 0 252 255 0
    255 255 255 0 255 209 0 255 0 204 237 255 255 26 61 27 0 255 255 255
    0 255 0 57 150 61 255 0 0 0 0 155 255 255 255 170 0 95 255 0 0 0 214
    255 0 0 0 106 255 255 0 0 223 251 255 0 244 255 204 255 0 0 0 255 0
    0 143 255 73 255 255 0 255 0 255 0 255 0 0 255 216 255 0 255 177 0
    255 255 0 255 255 0 0 255 255 0 0 0 51 185 0 255 36 255 0 10 0 255
    39 255 255 189 255 255 0 0 0 255 255 255 0 0 0 0 0 255 255 255 0 0
    255 255 0 255 82 255 0 66 0 255 0 255 0 255 192 219 255 255 0 0 0
    255 255 255 0 0 0 0 0 255 0 255 255 176 0 0 255 255 95 43 93 0 0 255
    142 0 0 255 40 0 149 0 255 0 255 0 255 0 255 0 255 255 0 0 0 255 255
    243 255 255 0 255 0 255 0 202 0 255 216 0 0 0 255 0 0 255 255 48 0
    255 255 255 0 0 255 8 196 255 0 255 255 236 255 135 45 0 0 255 255
    255 0 0 0 255 0 255 178 0 0 0 0 24 255 255 255 101 255 0 0 255 0 255
    255 255 186 0 255 255 255 120 255 126 0 0 255 0 68 30 0 255 255 0 90
    0 255 0 255 0 255 255 0 199 0 255 255 255 255 255 0 0 112 0 255 255
    0 0 0 255 255 255 255 255 0 0 0 255 252 255 255 0 255 0 255 0 0 0 0
    255 69 255 0 255 255 255 132 0 172 255 255 255 255 255 36 235 255
    255 0 0 0 255 255 255 247 0 207 0 255 0 255 0 0 183 75 255 0 74 197
    0 255 255 255 0 255 0 249 0 255 0 21 255 255 0 0 0 255 0 29 0 255
    255 169 255 116 255 56 75 0 255 255 255 27 255 0 0 0 0 0 0 255 0 255
    0 255 0 255 80 255 0 0 255 0 0 255 0 0 0 0 176 255 0 255 255 240 0 0
    255 255 255 0 255 255 255 165 0 0 255 255 0 255 0 0 0 0 89 255 255
    255 0 123 198 144 255 231 223 0 255 255 0 0 0 255 255 0 255 0 0 0
    255 255 140 161 212 0 0 163 0 165 255 255 0 255 255 0 255 69 255 0
    95 0 127 220 43 0 161 13 0 255 255 255 255 209 255 0 255 179 255 255
    0 255 255 240 255 0 0 0 255 255 74 0 105 255 255 255 0 0 124 0 86
    255 255 255 251 0 255 65 27 0 0 255 0 255 255 42 255 122 0 0 255 15
    0 0 0 209 0 255 0 255 255 0 0 0 0 255 0 255 0 255 99 255 0 255 255
    186 0 0 0 255 255 255 0 0 194 255 0 255 0 255 104 255 0 255 255 0
    136 0 255 255 0 255 80 0 0 255 0 255 65 0 255 255 183 174 255 11 0 0
    0 255 201 255 0 199 0 255 255 96 121 0 255 255 251 0 0 0 255 255 255
    0 0 0 191 255 255 255 6 255 49 255 62 255 0 255 0 0 8 255 46 0 255 0
    255 243 42 0 0 255 255 0 255 0 16 124 255 255 255 255 0 0 139 255 0
    0 255 87 255 0 0 205 209 0 0 255 0 255 152 255 0 0 0 97 255 19 0 148
    255 0 60 0 0 0 255 255 255 0 0 255 61 0 0 255 255 0 107 90 255 255 0
    255 0 255 0 255 255 255 255 255 0 23 255 0 0 0 255 255 255 242 16
    255 0 24 255 255 0 255 255 255 255 255 0 255 0 38 130 255 255 255 0
    0 0 0 0 0 0 0 255 210 0 255 0 255 0 255 255 255 0 0 0 0 59 255 255 0
    0 0 0 255 255 0 255 255 255 0 0 0 255 255 241 0 255 255 255 140 255
    0 255 0 0 0 255 82 207 255 255 0 255 0 0 255 0 0 0 0 255 0 0 0 255
    255 255 0 0 0 255 255 255 255 0 255 0 0 10 255 255 138 0 0 255 0 255
    255 255 0 255 0 255 255 255 224 255 205 0 0 0 166 255 255 255 0 0 0
    126 255 255 139 209 0 0 255 255 0 0 0 255 255 255 255 255 0 0 0 85
    218 255 255 0 255 0 255 0 255 230 255 0 0 255 255 244 0 0 255 255 0
    0 50 255 0 255 255 255 0 0 79 0 0 78 0 255 255 255 0 110 0 63 0 255
    0 255 0 255 0 0 255 255 255 0 0 0 111 0 0 0 218 255 255 255 0 0 255
    0 0 255 255 0 255 0 0 0 0 255 255 0 241 255 55 0 0 0 255 14 220 0 0
    85 238 255 0 255 160 0 0 15 0 255 255 255 255 255 255 255 0 33 0 0
    214 255 255 255 127 0 0 0 0 255 0 255 255 255 0 255 255 255 255 0 0
    255 0 255 255 40 0 11 0 255 255 255 0 255 139 255 0 0 255 0 255 43 0
    255 194 255 0 255 255 0 38 213 255 140 255 255 0 0 0 255 0 255 0 0
    66 25 183 255 139 102 0 255 85 0 0 0 255 255 255 0 227 255 255 0 0 0
    0 0 0 255 27 255 0 206 255 0 255 255 255 0 255 0 176 0 183 255 255
    150 207 179 0 0 0 255 213 0 0 0 23 255 0 144 0 255 255 255 255 136
    255 255 0 0 255 227 255 29 211 0 0 0 255 255 255 227 0 0 99 0 0 255
    255 255 162 0 0 0 255 255 255 0 0 0 204 0 0 255 0 255 0 255 133 255
    53 255 255 255 0 0 0 255 255 255 0 255 0 255 0 255 0 163 0 40 255
    162 0 98 0 0 173 255 0 0 255 0 0 0 0 0 255 0 255 0 0 255 0 255 0 15
    255 255 255 255 0 255 0 0 255 0 255 0 255 0 0 255 255 255 0 0 255
    255 0 0 0 170 255 0 0 0 0 214 0 255 0 255 255 140 0 0 249 189 255 0
    0 255 0 255 0 0 0 255 0 0 57 113 0 0 0 0 0 255 255 0 91 0 255 67 0
    36 122 0 0 255 255 28 0 0 255 0 255 0 255 255 255 0 0 0 255 0 255 0
    0 255 255 255 0 197 255 255 168 255 33 0 0 0 0 255 152 255 0 105 255
    236 0 0 46 255 255 0 255 255 0 255 0 255 0 255 0 0 0 0 255 255 0 0
    52 205 14 255 0 255 255 0 0 0 255 255 255 0 145 10 0 255 255 255 0 0
    0 255 255 0 255 255 255 0 0 0 0 255 255 50 255 0 35 239 255 154 255
    0 143 255 0 247 255 25 0 92 0 255 255 0 0 112 255 255 0 0 0 255 0
    255 255 0 0 0 255 0 0 0 240 255 255 255 255 148 0 255 23 0 255 0 115
    0 255 255 255 0 0 255 0 0 41 255 255 0 0 0 107 255 255 255 0 199 255
    255 134 0 255 0 255 255 255 0 255 57 255 0 15 255 0 0 255 255 255 0
    255 255 232 0 0 247 0 255 0 0 255 255 0 255 0 0 255 137 255 196 255
    0 0 0 255 255 255 0 0 0 36 255 0 255 247 248 0 0 193 255 255 255 0
    255 255 96 0 193 0 125 0 255 63 0 0 255 255 255 0 0 137 239 255 0 0
    247 0 0 150 0 0 255 255 26 255 0 0 255 255 0 0 255 0 3 49 255 0 0
    255 0 0 255 249 0 255 0 255 191 0 255 0 255 0 255 134 138 88 18 0
    255 255 255 0 0 0 255 153 0 0 255 255 117 255 0 0 0 255 0 255 0 0 0
    255 255 255 0 0 0 255 0 255 255 255 0 97 158 255 0 0 209 151 0 255 0
    0 0 255 52 0 0 255 255 255 255 0 0 255 250 255 255 255 255 255 0 0 0
    0 0 255 255 255 0 0 255 255 0 255 0 255 0 0 255 99 255 255 254 72 0
    255 255 255 255 255 255 0 97 255 255 0 0 255 255 255 249 0 0 0 0 255
    0 0 255 0 166 255 0 120 255 255 255 255 255 238 0 255 173 167 0 0
    255 255 255 255 255 0 0 0 255 255 255 0 0 85 255 255 255 255 255 32
    255 0 255 255 255 0 0 255 0 0 255 255 234 59 0 0 0 94 255 255 0 255
    0 255 0 216 0 0 0 0 255 255 255 194 255 255 0 0 0 0 0 0 150 255 53
    255 0 0 1 255 255 0 0 165 0 0 255 255 0 6 0 255 255 61 0 255 255 255
    0 0 255 255 35 0 0 187 255 0 69 0 0 255 63 158 0 255 255 0 245 255
    255 255 0 0 0 0 0 124 108 244 255 255 0 219 0 0 255 116 255 176 34 0
    59 0 0 255 255 171 0 0 0 255 0 255 255 255 0 255 9 255 0 0 132 0 0
    255 255 0 15 0 255 93 0 0 255 255 255 255 0 72 0 255 0 0 255 255 255
    0 255 0 25 255 126 255 0 0 0 0 255 255 196 0 0 255 255 0 0 0 255 255
    255 255 0 0 255 255 0 255 255 255 255 255 241 27 70 255 82 255 0 0 0
    0 255 218 255 0 255 255 255 45 0 129 0 255 255 224 122 0 0 255 0 255
    0 255 255 255 86 0 255 0 0 243 255 0 158 0 255 85 255 255 215 255
    188 0 255 0 255 0 45 133 255 255 255 0 0 0 234 0 46 0 0 173 255 255
    0 255 255 0 0 0 255 0 255 218 255 255 204 198 0 255 0 149 255 0 0 0
    255 146 255 0 255 103 0 255 0 255 255 255 0 176 255 255 255 255 0 0
    0 0 255 255 18 112 0 0 255 255 11 0 0 0 146 147 255 0 0 0 0 0 255
    255 255 255 0 90 0 7 231 0 255 255 0 0 0 255 203 238 0 255 255 0 255
    119 255 0 255 197 255 0 0 0 255 152 255 255 0 0 255 255 255 255 0 0
    128 0 255 0 255 255 84 0 255 255 255 19 0 0 255 255 255 0 0 0 255
    129 96 0 0 0 255 255 0 34 255 0 231 0 255 255 240 0 255 255 255 0 0
    0 237 255 134 0 55 255 0 117 0 255 255 255 0 255 0 255 0 0 60 0 0 0
    255 80 216 0 255 255 255 255 0 255 0 255 255 8 0 0 0 255 255 0 0 0
    111 114 0 122 255 0 77 0 255 0 255 0 255 0 255 0 255 125 255 255 255
    0 0 0 0 255 0 255 0 255 0 255 0 36 10 255 253 0 0 0 255 0 255 255
    255 0 0 35 255 255 227 0 0 0 0 0 255 255 255 0 0 0 0 255 255 98 0 0
    255 0 255 0 255 0 255 42 0 190 0 255 0 255 0 255 106 0 0 45 255 255
    222 255 0 0 255 77 255 249 255 255 0 255 255 0 0 0 176 255 255 227
    255 0 255 0 195 0 255 255 0 255 0 255 166 0 0 0 255 255 157 195 0
    255 255 80 32 255 0 204 176 0 0 0 255 134 255 0 255 0 255 89 0 0 0 0
    0 255 237 0 123 255 194 0 62 255 255 0 255 0 0 0 255 255 255 209 0
    16 255 0 251 139 255 255 255 82 0 0 50 0 0 0 0 0 0 0 255 120 255 0 0
    26 0 214 0 255 255 255 0 42 255 0 119 76 0 0 255 0 255 0 0 0 180 0
    23 255 231 255 255 0 255 0 186 255 255 0 255 0 255 0 0 255 0 255 0 0
    0 255 255 255 0 0 0 0 244 0 255 0 226 74 255 0 255 0 0 224 255 255
    25 0 138 39 255 255 0 0 32 255 0 0 224 0 255 255 0 0 0 0 0 189 255
    255 0 0 255 255 255 255 140 29 210 0 191 0 0 255 255 174 255 127 0 0
    32 0 75 255 255 0 0 0 191 0 0 0 255 255 221 255 0 255 0 255 0 0 0 5
    0 6 255 255 255 0 0 0 255 125 106 0 0 131 0 255 228 72 0 0 255 0 0 0
    255 255 0 17 0 255 255 0 255 0 255 0 255 0 6 0 255 255 255 237 0 126
    255 255 166 0 0 255 255 94 255 0 0 0 0 255 40 255 255 0 0 43 255 0
    255 32 0 255 255 255 68 153 221 0 255 255 105 169 0 255 255 255 0
    225 255 0 0 0 137 0 255 255 255 0 0 0 255 0 255 0 255 255 0 255 28 0
    191 255 255 255 0 0 255 68 0 0 168 255 255 255 188 0 19 237 255 0 0
    73 0 255 255 255 255 75 255 255 208 0 0 0 188 255 255 0 34 255 0 255
    0 0 0 219 255 11 0 255 255 0 255 255 255 186 29 188 0 255 255 255 0
    255 0 255 255 0 0 54 64 0 159 50 0 0 255 255 0 0 179 255 255 0 0 255
    255 0 0 227 190 255 0 0 102 255 255 221 255 0 0 134 33 0 122 0 255
    255 0 255 0 255 148 0 0 255 0 255 0 0 0 172 255 7 0 0 255 0 110 0
    203 0 0 255 255 255 0 0 0 255 255 124 0 0 255 255 255 112 255 0 255
    0 255 75 83 0 0 0 255 245 0 0 164 255 0 162 0 0 255 55 188 255 0 72
    0 0 0 255 0 0 93 255 0 255 0 255 0 255 0 255 0 0 108 0 56 0 227 255
    255 31 0 0 0 0 255 255 255 0 0 0 68 255 255 0 199 215 8 255 0 120
    255 70 0 0 255 255 0 0 255 4 0 17 255 0 171 0 255 255 0 255 251 0 23
    0 255 0 50 255 255 0 152 0 255 157 0 0 255 255 0 0 255 0 0 0 255 0
    255 95 0 0 0 74 206 255 255 253 0 7 0 255 199 0 218 255 216 0 112
    124 255 0 0 0 255 255 255 0 255 0 0 0 255 0 255 0 141 12 194 0 0 0
    128 74 255 0 200 0 82 0 0 255 0 255 0 233 0 0 255 255 255 255 246 0
    255 107 2 255 111 255 0 0 0 255 255 226 0 0 0 255 255 76 255 0 255
    255 255 255 0 0 0 0 255 207 93 255 0 255 236 255 255 255 0 86 0 255
    0 167 0 255 255 0 0 223 255 85 0 255 255 222 0 255 255 255 255 0 219
    0 255 255 0 255 0 0 255 59 255 174 0 2 0 255 255 182 141 255 255 0 0
    255 255 255 0 0 0 0 255 255 0 0 0 176 104 255 255 255 17 0 112 0 255
    255 0 255 0 70 255 0 195 0 255 255 164 0 72 255 255 0 0 0 255 255
    255 0 0 255 255 255 255 133 255 0 0 237 0 255 255 255 255 0 255 0
    255 0 0 0 255 255 240 64 255 255 255 255 145 0 0 0 255 236 255 0 255
    255 26 0 0 0 0 255 255 116 166 255 40 255 0 255 0 255 255 255 0 255
    0 219 0 255 255 0 0 0 255 255 0 255 255 255 0 0 40 255 243 0 255 255
    255 255 0 0 0 0 0 255 83 255 34 164 0 255 0 255 255 255 255 255 39 0
    0 0 255 255 0 232 0 162 255 0 255 252 255 255 0 255 255 255 0 0 255
    110 0 0 255 189 255 0 255 0 255 255 255 0 0 0 255 255 0 96 181 255
    219 152 76 0 255 255 136 49 0 255 0 0 0 0 255 255 180 0 0 255 0 255
    0 0 255 255 252 0 0 0 255 255 188 0 71 147 255 255 80 0 255 31 255 0
    255 0 69 255 163 255 26 255 255 0 0 131 255 255 0 0 255 255 200 0 0
    255 255 255 104 224 235 255 119 255 0 255 255 255 0 0 0 255 0 255 0
    255 89 255 0 67 154 0 0 255 255 0 0 255 255 255 171 130 255 255 5
    255 20 255 255 255 0 18 255 0 255 0 255 255 255 255 210 0 0 255 255
    255 0 0 183 255 0 0 255 255 255 0 177 0 8 255 255 0 255 0 0 0 0 255
    255 255 0 255 0 249 0 0 47 0 0 243 0 0 0 0 255 255 0 17 0 0 255 0 0
    65 72 0 255 255 255 255 216 0 73 0 255 255 0 0 0 0 0 0 0 255 255 255
    0 0 0 255 0 255 0 255 0 157 0 83 0 0 0 255 255 255 0 67 255 255 0 0
    255 70 255 255 255 177 0 255 255 0 104 255 0 255 255 255 0 58 0 255
    255 0 0 0 255 118 0 0 0 148 255 0 255 255 0 0 0 255 28 0 0 255 255
    255 0 255 0 0 0 255 255 255 0 255 111 255 255 0 255 71 255 51 234
    255 0 255 0 255 200 0 226 0 232 0 255 144 0 255 0 0 0 43 0 255 0 151
    0 235 255 255 0 255 0 0 255 255 255 0 0 111 198 0 255 0 255 111 255
    255 0 238 0 81 255 0 44 255 255 0 0 0 184 0 255 0 208 255 255 255
    255 0 255 255 150 255 255 70 0 255 255 255 141 244 255 255 170 0 0 0
    255 0 255 0 0 0 0 73 255 255 174 0 0 255 255 255 0 255 0 0 255 148
    245 0 255 0 255 255 0 0 0 0 194 255 203 0 255 0 255 0 31 0 0 255 205
    0 255 255 0 0 0 255 255 0 165 203 255 255 0 0 255 138 255 0 255 0 0
    0 255 255 255 0 105 0 0 118 255 0 255 0 255 0 255 190 255 0 255 255
    255 0 0 39 0 255 83 255 0 0 0 0 182 33 255 0 255 0 255 170 255 0 232
    0 0 0 255 0 0 255 140 255 0 0 255 255 0 0 255 11 255 0 164 255 255
    51 255 255 206 0 0 255 0 0 0 182 255 0 0 0 0 255 255 255 0 58 255 10
    0 218 0 212 147 255 0 232 255 255 0 0 0 255 255 255 255 0 0 0 255
    255 255 0 0 0 0 0 255 255 255 255 0 0 255 0 255 229 0 0 54 255 255 0
    255 127 102 255 255 0 0 0 124 0 94 100 120 255 133 255 0 255 167 255
    255 255 0 255 0 128 0 80 255 159 50 209 0 0 0 255 72 255 139 43 0 0
    0 255 0 255 0 255 223 255 55 255 255 255 255 0 182 0 255 0 0 255 199
    0 0 255 255 0 0 255 0 255 0 255 192 255 0 0 0 255 255 0 0 0 255 255
    255 139 0 0 158 0 0 0 255 255 57 0 0 0 0 255 0 255 0 0 0 39 255 0
    255 185 255 0 0 0 0 0 0 255 255 255 255 255 158 0 0 0 255 255 255 0
    8 255 255 0 171 0 255 0 255 255 143 255 0 255 0 255 224 65 0 0 0 255
    0 0 62 0 245 0 0 255 255 0 197 0 0 255 0 150 0 0 255 159 255 43 255
    255 0 255 0 0 0 255 255 75 119 255 0 255 0 255 204 255 255 255 0 255
    255 255 69 0 0 255 255 255 81 255 0 0 255 255 0 203 0 255 255 255 0
    0 0 255 255 0 0 0 255 255 255 255 0 255 255 255 255 0 0 0 0 255 213
    255 0 132 0 132 0 255 255 255 0 0 255 255 255 233 255 0 255 208 0 0
    171 255 4 29 0 179 0 70 0 0 255 0 255 0 255 0 157 0 90 0 255 255 255
    0 218 255 20 255 0 255 255 242 0 255 95 0 0 255 147 255 48 228 255 0
    255 0 69 255 99 33 0 255 0 255 110 255 0 51 0 255 0 255 0 0 0 255 0
    255 255 255 255 0 132 0 0 0 255 131 255 0 255 148 31 232 0 255 255
    255 255 255 255 0 0 237 0 255 255 255 113 255 239 255 0 0 0 255 255
    255 19 120 255 255 0 255 79 255 255 255 255 0 0 196 255 255 0 0 255
    255 255 255 255 255 0 0 255 0 255 255 255 0 0 14 66 255 164 253 255
    255 0 0 0 0 0 255 0 92 121 0 255 49 255 0 0 0 255 255 0 55 0 0 0 0
    255 255 247 255 255 0 82 255 152 0 20 219 255 145 255 0 0 255 0 0 0
    0 16 232 255 255 255 0 0 0 0 0 255 94 0 204 0 0 40 254 255 0 144 255
    0 0 0 0 255 255 247 138 0 255 0 255 0 0 255 255 255 0 0 0 255 202
    255 255 228 105 0 255 0 12 0 0 255 0 135 27 0 0 109 255 255 255 0
    255 255 255 0 84 0 145 146 255 255 255 0 255 0 0 255 255 0 255 29 0
    63 0 0 48 251 255 0 232 0 162 255 255 57 255 9 50 134 255 255 0 181
    161 153 107 255 0 0 0 0 255 112 89 0 0 255 255 255 255 255 255 0 0
    127 255 255 0 0 255 255 255 0 0 27 255 255 255 64 0 10 0 0 39 95 255
    30 154 0 255 255 67 0 0 255 255 111 103 0 255 0 255 0 255 0 0 178
    255 255 255 255 255 0 32 255 157 255 0 0 0 0 255 255 0 255 0 255 255
    255 196 0 0 255 255 239 255 0 255 192 0 255 122 216 0 0 255 255 177
    0 0 103 255 212 246 0 0 0 255 0 20 0 255 255 67 228 0 255 0 255 30
    255 122 255 0 0 0 255 255 255 0 0 43 0 0 255 255 255 0 0 0 255 89 70
    0 255 0 68 0 255 0 255 0 0 0 122 175 255 123 0 0 0 255 228 0 0 255
    255 96 255 0 0 0 255 255 0 0 255 255 42 0 255 255 0 0 0 212 0 51 0 0
    205 255 0 0 0 91 0 0 0 0 0 255 27 255 255 0 255 0 255 0 0 0 255 255
    255 0 61 0 0 0 255 255 255 255 255 0 255 181 16 152 255 78 84 0 0
    255 255 147 255 0 66 0 0 255 0 255 0 162 0 0 0 0 0 255 178 0 0 0 255
    77 255 255 255 0 0 255 255 255 0 0 255 255 218 151 255 0 212 255 255
    255 255 0 0 0 255 0 255 0 255 3 255 0 255 0 255 0 255 0 0 0 255 0
    255 14 255 255 0 255 28 255 0 0 255 255 90 255 254 171 0 0 0 0 5 255
    255 255 0 0 0 255 235 45 0 255 255 255 0 230 0 255 255 17 0 0 0 255
    255 255 255 0 255 0 255 103 255 255 0 255 206 230 80 61 255 0 255 0
    58 182 0 255 0 255 0 255 0 0 255 0 255 255 0 0 0 255 0 255 255 249
    255 0 0 0 0 255 255 255 253 0 0 0 0 0 255 0 255 0 255 175 237 0 255
    0 242 255 0 0 0 255 0 255 0 0 0 255 0 0 0 0 255 0 0 0 104 255 255
    255 117 0 0 26 255 255 242 0 194 60 255 0 255 255 255 0 0 255 0 8 43
    0 0 255 255 255 0 0 0 0 0 198 255 255 0 0 0 0 4 255 120 255 0 255 0
    255 164 255 0 0 0 255 255 0 0 0 255 255 0 255 255 84 0 0 0 255 0 255
    0 255 255 0 4 0 0 0 0 135 0 255 255 255 0 68 0 201 188 0 214 0 255
    255 0 0 0 255 255 255 0 255 142 255 112 255 0 0 0 0 150 255 255 255
    0 255 0 0 255 96 255 0 0 0 224 0 44 255 176 255 255 66 255 0 255 0
    27 0 0 0 255 255 157 0 255 0 255 255 255 0 0 0 0 156 255 255 0 0 0
    255 0 255 255 0 255 0 255 0 0 0 255 255 0 106 0 149 0 255 255 0 255
    227 0 255 140 255 109 117 0 255 88 0 230 255 0 255 0 173 255 255 255
    0 0 255 0 255 0 255 0 226 194 255 0 0 166 255 255 0 0 0 37 152 0 255
    0 255 131 165 255 0 255 255 255 0 198 0 0 255 0 255 0 255 255 255
    255 89 0 255 255 255 255 0 255 0 255 0 0 255 0 0 255 255 255 0 157 0
    0 0 255 0 255 0 255 255 0 255 255 89 0 255 255 0 228 0 255 0 255 255
    255 255 255 255 0 0 0 0 255 0 255 0 255 0 255 0 244 182 0 6 0 252 0
    255 255 75 0 0 255 255 255 255 0 0 255 192 255 0 0 0 255 255 12 255
    0 255 0 0 255 255 255 74 0 255 90 0 0 180 255 243 255 255 0 255 0
    255 0 255 255 255 0 13 0 0 255 255 255 0 0 0 0 255 0 255 255 255 0
    255 0 0 0 255 0 109 255 0 0 255 255 200 0 255 255 255 0 0 0 0 255
    255 0 255 255 255 255 255 0 0 0 255 0 255 141 255 45 255 255 255 190
    0 205 255 248 0 255 0 255 0 193 71 255 0 255 255 0 0 0 255 255 255 0
    7 0 153 255 255 0 0 0 255 255 255 0 0 0 0 177 255 166 255 255 255 0
    0 0 255 255 255 255 203 255 0 0 255 255 255 0 181 255 3 255 0 255 0
    53 255 0 255 0 172 0 115 0 176 191 224 255 255 0 255 0 154 0 158 255
    181 13 94 0 255 255 255 0 255 255 0 0 255 255 0 0 0 0 4 255 255 0
    109 255 255 255 0 255 255 255 0 255 107 0 0 0 0 255 240 0 255 255
    255 0 0 0 215 172 0 101 0 255 0 255 0 101 0 209 255 255 255 0 202 0
    255 255 0 0 0 0 255 255 255 255 255 0 128 0 255 0 43 0 255 232 255 0
    255 255 255 0 0 0 255 255 255 214 0 0 0 255 255 209 228 0 117 0 255
    36 255 0 21 0 255 0 255 0 255 0 0 34 255 255 255 255 0 69 0 255 0 0
    255 181 255 0 110 0 0 5 0 255 0 255 255 255 6 255 0 214 0 0 255 0 91
    255 68 104 0 185 255 0 201 0 0 255 255 255 0 0 52 255 255 0 0 255
    254 255 0 0 49 0 255 0 255 0 0 0 222 255 255 0 57 108 0 0 152 0 255
    255 255 226 0 0 255 85 0 67 255 255 255 255 255 255 0 86 0 255 0 255
    0 255 0 255 0 255 0 73 215 0 246 92 255 0 255 126 255 115 255 0 255
    0 255 83 255 255 0 255 0 0 255 255 0 0 0 0 218 255 145 255 0 0 0 255
    255 0 0 0 255 255 255 243 45 0 0 170 0 255 190 0 255 161 0 0 202 255
    0 255 135 0 255 255 0 0 255 163 255 2 0 0 0 255 255 255 0 255 255 0
    35 0 255 18 0 0 0 255 0 83 255 255 0 255 179 15 0 255 0 255 0 0 0 56
    255 255 183 0 0 255 0 0 255 255 0 0 0 255 255 255 255 0 0 0 0 255
    192 255 255 67 255 0 145 0 119 129 255 0 0 0 245 182 0 220 0 255 255
    255 255 96 0 0 0 255 4 0 0 155 0 255 255 219 255 0 255 0 0 255 255
    255 0 0 0 148 0 0 255 255 255 0 0 255 160 0 255 0 133 255 255 255 85
    0 0 0 255 255 255 255 0 147 38 39 255 255 255 0 0 179 255 198 0 255
    0 0 0 255 117 0 255 0 255 255 0 0 0 255 0 255 196 255 0 87 0 255 255
    255 0 11 124 50 0 0 255 0 87 96 255 255 255 255 255 0 255 0 255 151
    255 0 0 255 0 255 0 255 0 255 255 0 248 125 0 0 255 0 255 0 255 0 0
    255 255 121 0 0 255 255 0 255 0 255 0 25 255 255 255 0 255 86 0 0 0
    0 255 255 255 96 255 0 0 0 255 255 0 255 94 255 255 63 0 0 255 0 255
    30 0 0 255 255 255 0 0 146 255 178 255 0 255 189 49 255 103 0 255
    255 0 255 255 255 0 255 0 210 238 0 255 0 0 0 0 255 255 0 139 227 0
    255 0 175 0 0 48 180 255 0 0 169 255 255 255 0 0 255 255 255 0 0 0 0
    233 255 255 237 0 0 172 24 255 255 82 0 255 0 95 255 255 255 255 0 0
    0 16 0 65 255 0 0 204 255 217 255 0 255 255 255 161 255 0 255 0 244
    0 255 0 255 255 0 255 255 0 0 0 255 0 182 255 255 179 255 0 255 0 24
    0 157 0 0 255 135 75 111 255 255 255 255 0 0 10 255 255 0 0 255 139
    255 0 222 255 255 234 106 255 255 248 255 255 0 0 0 0 145 161 0 0
    255 0 255 0 255 0 255 0 255 255 0 11 255 255 0 255 255 0 0 255 255
    255 0 0 135 255 236 0 0 241 238 0 255 255 255 0 255 255 255 255 0 0
    0 0 255 255 0 34 255 0 255 90 255 229 98 255 255 255 0 255 133 255 0
    255 0 0 255 255 255 0 0 0 244 215 255 0 0 0 255 90 255 255 255 255
    32 255 61 255 0 0 0 0 90 255 63 255 255 65 0 0 207 255 82 0 0 0 244
    255 31 0 255 255 255 0 0 255 255 255 0 0 0 255 151 255 255 255 92 0
    177 255 255 0 255 255 255 255 0 0 0 255 255 63 0 255 255 0 0 0 255 0
    255 0 62 177 255 116 0 0 255 24 255 0 0 0 255 255 0 255 0 255 0 255
    0 0 0 255 0 255 18 151 0 255 255 255 0 0 0 0 0 235 0 93 217 174 228
    255 255 255 255 0 165 255 255 201 114 0 0 156 0 0 255 255 255 0 255
    255 68 0 0 0 255 255 90 150 0 0 255 0 255 0 255 255 255 255 255 255
    0 0 255 241 255 255 0 0 255 255 255 66 255 255 255 0 0 0 255 195 255
    0 255 0 255 0 0 249 0 255 0 255 255 255 0 255 255 255 197 89 192 0
    255 0 255 0 18 0 255 0 255 0 0 255 255 0 0 255 0 255 0 0 0 255 255
    148 129 218 255 255 0 222 255 255 13 39 40 255 255 0 255 255 103 255
    0 0 255 156 249 0 255 154 255 255 0 0 255 224 147 0 255 0 0 255 255
    0 0 255 0 107 0 255 255 0 0 0 78 63 255 0 0 0 131 255 255 0 0 68 0 0
    255 255 0 0 207 255 197 255 0 0 0 255 226 154 0 255 0 63 245 255 109
    0 0 255 0 255 0 0 8 0 255 0 255 0 0 255 255 0 0 0 255 255 0 177 0
    255 66 0 0 0 0 0 0 255 0 0 255 255 170 0 0 89 255 176 131 101 255 0
    0 0 0 0 69 0 255 255 0 0 0 255 0 0 255 13 255 15 255 0 35 241 0 255
    0 255 0 255 0 0 0 255 255 0 41 0 0 255 255 255 32 0 0 0 0 255 0 255
    0 255 255 0 255 0 255 206 0 255 255 74 65 0 0 0 0 255 255 178 0 3
    255 203 255 0 255 0 0 255 153 0 0 0 255 0 255 0 0 177 255 255 0 255
    0 255 0 255 0 255 255 255 255 255 0 0 131 0 0 0 255 0 255 219 0 0
    255 255 255 0 0 255 255 0 0 255 2 0 0 255 255 255 0 0 0 0 106 0 255
    0 255 255 255 134 98 251 253 222 255 0 0 255 255 255 0 255 0 96 255
    0 255 255 255 255 0 20 255 255 255 255 255 0 0 255 93 255 255 255
    130 0 0 0 0 255 255 255 255 0 100 0 0 255 129 0 0 142 232 255 255
    255 0 255 0 255 95 0 0 56 255 94 255 255 182 255 0 0 137 255 0 0 0
    255 0 0 255 0 255 255 255 255 255 255 255 255 0 255 0 255 0 255 33
    255 128 0 255 2 0 0 255 255 255 255 1 0 0 0 0 255 255 0 0 255 0 255
    0 0 237 255 0 0 0 255 109 255 255 255 5 255 48 0 0 255 228 218 0 255
    0 255 123 255 215 102 57 201 255 255 255 255 0 255 0 0 0 255 0 255
    73 8 0 0 0 107 255 255 255 0 0 107 0 89 255 255 97 0 255 255 0 107
    106 0 63 77 0 255 255 255 255 116 0 255 77 26 0 255 255 0 255 169 0
    0 122 136 162 0 255 0 255 163 255 255 0 68 0 46 255 0 255 0 0 255 0
    0 4 0 255 0 158 255 255 255 0 0 255 255 244 255 233 255 0 0 255 181
    204 0 0 0 255 67 255 255 0 216 0 73 255 20 255 0 255 255 255 38 0 0
    0 255 0 0 0 255 255 0 96 138 255 255 255 255 0 94 255 255 0 30 255
    255 255 0 255 74 0 100 0 0 255 255 0 0 255 0 255 76 0 0 171 255 255
    255 0 0 0 255 255 255 0 0 255 255 242 255 118 0 0 0 255 255 138 255
    0 255 0 218 0 123 255 255 255 0 0 255 0 255 255 255 0 0 0 255 255
    255 0 0 44 0 255 0 255 0 255 0 0 176 255 0 0 34 100 0 255 255 255 0
    23 255 0 26 0 255 255 16 0 0 255 76 0 0 0 255 255 255 0 255 255 255
    255 165 0 0 0 0 0 0 255 255 255 162 255 22 0 0 255 255 255 30 124 90
    5 0 0 81 0 255 239 0 0 79 0 182 76 0 0 255 255 255 0 162 0 0 0 255
    73 255 0 255 255 255 0 255 255 255 0 0 255 91 0 0 95 255 255 0 0 0
    126 255 82 255 255 255 0 255 0 255 0 255 255 0 224 0 255 55 255 0
    255 223 238 0 0 255 220 255 0 0 255 0 0 255 255 255 255 0 0 0 255
    255 0 0 255 117 0 0 0 255 54 255 44 141 255 0 255 255 0 255 15 0 0
    126 100 255 255 255 255 255 178 135 255 255 23 0 0 195 255 255 0 23
    255 0 140 255 0 0 0 255 0 205 255 64 0 0 0 255 255 255 255 0 255 0
    48 0 255 0 0 33 255 49 255 0 0 0 57 255 255 0 255 255 255 255 200
    255 0 255 253 255 6 164 35 0 241 255 0 255 0 255 255 255 0 255 255
    255 116 255 0 0 0 255 235 255 0 85 0 255 255 255 0 0 0 255 255 165
    226 255 255 182 58 255 0 0 0 0 191 255 64 0 255 202 0 255 0 0 0 255
    255 0 0 156 255 255 255 255 0 0 157 255 255 0 255 0 207 255 255 0 0
    0 6 0 139 0 216 214 255 0 0 0 255 255 255 255 255 0 255 0 0 0 255
    255 255 109 0 0 232 255 246 255 0 255 0 255 0 139 231 255 0 255 255
    0 0 255 215 0 0 255 255 0 201 0 255 130 227 0 0 28 0 255 54 255 255
    255 0 0 255 28 0 255 255 255 105 0 255 0 255 0 0 255 0 0 0 255 99
    255 0 255 0 255 245 255 0 0 167 0 241 129 12 167 255 0 255 0 255 255
    0 0 255 255 255 0 0 0 255 255 255 0 255 0 255 135 0 0 211 0 255 255
    255 71 0 0 0 0 255 255 0 255 0 255 46 0 0 0 255 149 0 0 0 255 0 255
    255 255 0 0 0 0 255 0 255 255 255 0 99 176 255 255 255 0 255 33 84
    255 234 255 0 0 0 255 255 0 0 166 255 255 0 16 0 255 255 0 255 255
    255 0 241 0 208 255 69 178 255 255 0 0 142 255 0 255 255 255 0 0 0
    255 246 0 229 255 52 0 0 0 0 255 255 145 255 0 0 255 255 0 82 0 0
    255 255 106 0 0 255 255 255 0 255 0 255 255 84 0 0 255 255 255 255 0
    0 0 0 0 255 255 0 240 0 173 255 255 59 255 255 255 0 0 53 255 55 0
    255 0 43 0 255 255 255 248 0 0 93 193 112 187 255 255 255 255 255 0
    255 255 0 255 126 0 116 255 255 0 0 255 0 255 255 255 255 0 255 255
    255 0 244 11 0 0 255 0 255 0 255 255 255 0 223 34 0 255 255 255 0 0
    0 148 255 255 255 0 0 255 0 255 255 255 0 0 255 255 255 0 0 0 255 0
    255 157 0 187 255 0 0 0 3 0 255 0 105 0 255 255 0 255 0 0 0 12 255 0
    0 0 255 148 255 0 255 2 0 41 255 0 0 0 104 255 255 255 255 255 255 0
    0 255 255 165 255 246 255 255 29 0 0 0 255 103 255 0 255 0 255 255 0
    8 0 255 0 136 255 255 0 255 0 255 255 0 0 0 255 255 21 255 118 255 0
    127 0 255 255 255 0 255 141 10 0 0 255 40 255 141 0 0 0 0 110 0 0 93
    255 255 255 255 255 255 25 255 0 253 0 0 0 197 255 255 107 255 255
    255 247 72 173 0 0 0 159 255 0 0 255 255 255 0 255 0 0 255 255 255 0
    0 0 128 255 45 0 151 128 255 255 249 255 0 0 0 0 255 255 0 0 90 255
    0 0 0 0 0 199 0 255 152 255 0 0 255 0 255 0 255 255 255 69 0 255 125
    255 255 255 125 80 0 0 0 224 255 0 255 0 189 0 255 0 0 255 0 127 0
    212 255 9 255 0 255 252 255 0 94 0 255 255 255 253 0 0 255 0 0 255 0
    137 255 0 0 170 0 0 255 0 255 0 0 0 255 231 255 0 255 203 167 0 81 0
    0 0 0 255 255 0 0 0 0 255 0 0 0 255 0 160 0 19 255 255 0 0 255 255
    255 0 0 0 48 255 255 255 0 255 0 255 255 255 0 0 185 185 255 255 0 0
    255 0 255 0 255 184 54 255 0 255 229 37 0 0 51 255 171 255 0 255 0
    255 0 255 0 255 0 255 26 255 0 255 255 0 255 0 255 0 0 0 255 42 22
    255 255 8 218 2 103 54 0 0 0 255 255 29 0 104 255 198 255 0 0 255
    255 0 0 255 255 0 242 0 0 0 255 255 255 255 255 211 0 0 0 255 255
    255 255 0 232 0 255 0 0 132 255 255 255 0 0 255 255 198 0 0 0 0 0 87
    255 0 0 255 224 255 46 105 0 255 0 255 124 255 255 255 225 255 0 255
    0 255 99 255 0 0 255 255 255 0 255 126 255 53 255 107 255 0 255 97
    251 211 0 0 0 255 0 255 0 255 16 255 255 101 0 0 0 255 0 0 255 255
    255 0 0 43 255 255 255 255 0 255 0 95 255 89 59 255 255 255 255 0 0
    255 0 255 255 255 0 0 0 255 255 241 115 0 0 255 255 255 70 255 255 0
    0 0 255 0 0 255 255 255 0 255 255 0 0 130 255 255 0 255 0 72 0 48
    255 0 255 255 255 255 0 181 0 255 52 0 0 255 255 255 0 0 255 255 255
    0 255 146 255 0 255 255 255 0 0 0 0 255 255 51 172 0 255 255 0 0 255
    0 0 117 157 255 0 255 255 0 255 0 255 255 0 0 0 255 0 255 0 255 0 22
    0 255 0 0 255 255 255 0 255 255 255 0 113 0 255 255 255 0 146 255
    255 0 255 255 0 255 0 0 0 255 0 255 255 255 20 0 255 0 255 0 255 255
    9 255 255 255 0 255 133 255 255 255 0 138 86 0 0 255 255 255 0 255 0
    255 0 255 0 113 248 242 21 0 255 0 255 0 255 255 0 0 0 0 145 0 162
    255 255 0 255 255 255 228 255 0 0 255 13 255 255 0 0 0 255 0 255 255
    255 0 0 0 255 188 141 0 0 239 255 255 0 0 0 0 255 25 255 255 0 0 0
    255 255 255 0 96 255 255 0 0 0 255 207 255 0 223 244 255 0 255 0 74
    72 255 255 255 255 0 0 255 160 255 0 0 112 255 255 255 0 255 0 0 0 0
    255 159 0 0 255 64 255 0 255 255 65 0 255 0 0 0 255 255 0 255 0 255
    17 255 255 255 0 250 0 0 255 74 0 255 255 73 255 108 6 209 125 0 0
    202 11 0 0 255 255 255 0 0 255 0 255 255 52 0 0 255 35 255 0 255 0
    255 0 255 255 0 0 119 0 255 0 255 0 106 255 255 0 0 0 162 0 230 255
    152 125 255 255 246 255 0 203 157 255 41 0 123 22 0 70 0 255 121 159
    244 255 255 0 0 0 255 0 0 33 255 255 0 0 0 255 0 0 255 255 12 0 0 0
    39 255 255 154 0 255 255 0 0 0 255 255 102 159 0 255 0 189 255 255
    185 121 255 255 21 255 255 0 0 0 0 0 255 255 255 255 70 0 0 255 255
    176 0 72 249 255 0 0 255 3 168 0 0 255 255 0 0 0 255 255 0 187 255
    255 214 255 255 0 255 45 255 0 255 0 255 0 255 0 255 4 255 0 0 48
    255 255 225 0 0 0 255 255 0 244 0 0 0 255 51 255 0 255 186 255 255 0
    255 255 0 255 0 255 255 0 0 0 0 255 255 255 0 7 0 97 255 255 255 0
    107 134 255 255 0 255 125 255 255 0 0 255 250 255 255 0 242 231 255
    132 0 0 255 255 101 0 0 0 0 255 255 0 255 0 255 0 255 0 255 0 0 0 0
    255 255 255 189 0 0 255 223 255 255 255 0 0 40 255 0 74 0 255 0 35
    255 163 0 0 255 0 255 0 255 0 0 255 185 255 0 255 255 0 239 99 255
    188 0 255 255 0 255 0 255 255 255 0 113 59 0 255 119 0 255 255 0 0
    255 2 255 255 255 0 0 255 68 10 255 179 255 0 0 196 147 255 255 0
    205 255 255 71 0 0 81 0 0 255 45 0 255 255 255 255 0 0 0 255 0 0 0
    255 255 255 255 178 255 15 166 255 0 0 255 193 255 144 239 161 255
    33 255 0 2 0 255 0 255 0 149 0 0 0 15 255 0 0 255 255 255 18 255 255
    0 0 60 217 255 0 0 255 255 255 31 104 0 173 255 56 0 0 255 255 255 0
    188 55 0 0 154 255 255 0 255 0 255 246 123 0 0 0 0 255 0 255 0 255
    255 52 0 53 72 0 255 255 0 0 0 0 0 217 255 255 255 0 205 255 0 255 0
    121 150 255 255 0 0 0 0 255 0 255 0 255 255 0 255 0 0 255 255 255
    255 0 225 0 194 255 62 255 19 0 0 255 255 255 0 0 0 255 0 255 0 255
    0 0 0 255 255 0 243 0 255 0 255 0 0 0 47 255 255 255 255 0 0 0 255
    255 123 249 0 255 159 166 0 255 122 255 255 0 255 39 255 255 120 0
    118 0 255 124 0 255 0 51 255 0 0 255 50 0 0 255 255 0 0 255 144 255
    255 255 218 0 255 0 0 0 0 0 109 255 255 0 0 107 0 0 37 255 0 255 0 0
    122 0 0 198 40 0 0 64 0 255 106 255 0 255 250 0 0 0 89 0 255 255 0
    14 232 0 53 255 255 255 245 0 255 255 0 0 0 0 255 0 0 0 255 255 255
    255 68 0 53 255 255 0 0 148 35 0 255 255 255 0 255 4 255 0 0 0 107
    255 255 255 0 0 0 0 0 255 255 255 0 0 120 255 210 168 2 221 0 255 0
    255 166 0 231 0 255 0 0 255 255 255 0 0 0 0 255 255 0 0 7 255 0 255
    255 255 0 53 0 255 218 63 255 0 255 0 197 0 255 255 0 56 0 255 255
    255 0 255 0 0 255 234 0 0 27 0 60 0 93 0 255 255 0 0 0 255 0 255 255
    255 10 0 169 0 255 0 255 255 255 255 0 92 0 0 255 0 255 106 0 0 255
    255 24 255 0 0 0 255 115 255 0 0 255 255 77 0 0 255 255 255 32 0 0
    255 156 255 255 255 255 0 0 0 255 255 196 0 255 255 255 206 0 87 255
    0 0 255 255 29 0 0 0 0 255 255 0 0 77 0 255 0 211 247 32 255 2 169 0
    255 0 0 143 255 0 255 129 255 0 0 0 255 0 183 155 255 247 255 0 255
    153 255 0 255 0 0 161 255 255 0 0 0 0 0 0 0 255 138 80 0 0 0 0 0 255
    255 255 153 0 56 255 0 144 0 0 0 0 255 183 0 22 76 0 0 255 0 255 0 0
    255 0 232 148 173 0 255 0 255 255 150 0 192 255 255 255 249 255 255
    255 0 0 0 255 255 255 255 0 0 70 0 255 255 255 94 0 0 255 255 255 0
    255 131 92 0 0 0 255 0 255 106 0 160 255 0 75 0 51 0 0 255 255 255 0
    0 255 0 255 0 209 0 0 0 255 255 255 97 0 255 181 255 0 77 0 255 0 0
    0 255 255 255 0 255 0 255 255 0 255 0 255 1 10 0 22 255 0 255 0 255
    255 138 0 255 0 255 0 180 255 255 236 209 0 0 2 0 255 0 255 0 0 0 0
    255 87 255 209 224 0 0 59 255 42 93 0 0 255 149 255 0 255 20 255 0 0
    255 163 0 0 24 0 213 255 255 255 0 146 255 0 0 0 255 123 227 0 0 255
    166 255 255 255 182 98 0 168 0 255 76 155 0 255 0 0 0 255 255 0 0
    255 255 202 0 0 0 0 255 255 0 255 255 255 0 255 0 255 0 0 255 255 0
    0 29 71 0 255 255 0 0 143 0 0 0 255 255 0 0 255 255 0 0 0 255 0 0
    255 156 255 0 17 0 0 255 255 255 0 0 255 255 255 0 255 0 255 0 255 0
    0 0 255 255 0 0 255 255 0 0 67 255 255 255 255 149 255 0 0 255 0 16
    0 255 255 171 102 255 0 255 0 255 255 0 201 0 112 202 255 115 0 237
    255 152 0 200 255 255 255 0 255 0 255 0 255 21 0 0 0 0 209 255 255 0
    148 0 204 68 0 56 0 198 255 0 255 9 255 0 0 255 0 255 25 255 255 0
    148 161 255 0 0 145 0 255 255 73 0 0 255 204 255 255 168 0 0 0 83 0
    209 59 255 156 56 255 186 255 0 0 255 0 0 0 255 0 40 0 255 255 255
    42 148 112 255 0 0 0 0 0 0 255 255 255 169 0 255 0 0 255 255 255 157
    255 0 0 0 0 255 255 255 0 0 0 0 255 0 255 0 255 0 255 255 204 0 22
    255 0 151 81 56 0 0 255 67 255 255 165 138 255 0 255 101 167 255 255
    253 0 98 165 255 147 255 0 0 244 255 255 0 255 0 182 255 0 255 255
    255 236 239 0 27 0 0 21 255 255 0 131 156 0 255 129 255 0 75 0 255
    255 0 0 0 255 255 255 0 255 4 0 0 255 255 212 214 0 0 227 0 102 255
    255 0 0 0 0 229 255 0 254 255 255 243 0 255 255 255 255 0 0 255 0 0
    72 255 11 255 255 255 63 0 0 0 255 255 255 45 0 255 0 255 0 157 255
    255 0 255 0 255 0 0 255 255 255 48 0 255 255 255 0 0 0 255 0 90 0
    176 0 255 0 255 255 255 0 0 0 170 255 0 255 0 255 0 98 0 255 0 0 0 0
    255 255 255 0 132 255 255 0 255 0 255 0 0 0 0 245 255 0 255 0 0 255
    75 0 255 160 0 0 255 0 146 30 0 255 171 255 71 255 0 0 0 233 255 0 0
    21 0 0 222 255 255 0 0 255 111 0 0 255 0 101 188 255 0 44 0 249 0 0
    255 255 255 0 0 255 255 177 0 0 255 255 255 0 0 0 255 0 0 0 0 255 0
    0 255 255 255 0 255 255 255 0 0 255 85 0 0 0 209 0 255 255 255 255 0
    255 128 255 255 255 0 255 113 255 255 33 34 0 255 255 255 0 0 11 255
    0 241 255 255 0 140 0 0 0 255 255 255 0 0 255 0 0 255 255 255 255
    255 0 255 0 255 0 0 91 0 0 255 255 0 0 63 0 0 255 0 0 0 255 255 255
    32 255 255 255 0 0 0 0 255 255 0 0 165 255 0 255 0 109 0 255 68 255
    255 177 22 0 0 255 175 255 246 37 0 255 255 255 0 255 0 255 27 255
    255 255 255 255 0 255 0 251 76 255 0 0 210 255 255 145 0 0 255 255
    244 0 255 247 0 0 0 255 255 2 0 255 255 0 224 0 255 255 255 92 10 0
    255 133 0 255 0 0 0 0 255 0 112 155 255 102 255 0 0 47 255 255 255
    255 255 0 23 0 255 255 85 255 0 255 255 0 255 83 255 0 153 255 255
    255 255 0 0 0 255 255 255 0 0 0 255 255 255 0 0 0 255 253 0 0 0 218
    255 255 255 255 0 0 0 255 0 0 163 129 0 32 162 255 255 255 0 0 0 255
    0 255 0 19 255 38 255 0 0 255 255 0 255 205 0 0 0 255 0 164 92 255 0
    228 255 0 0 255 109 170 0 255 0 255 255 0 196 255 255 0 0 0 237 255
    0 255 255 20 42 0 255 255 135 255 0 255 0 255 8 93 255 122 0 0 0 255
    255 0 255 222 255 174 255 0 157 255 150 0 255 255 28 0 255 255 140 0
    0 0 17 214 255 0 255 0 255 0 255 0 0 255 255 214 212 255 20 0 0 247
    255 20 0 0 0 255 101 255 255 0 255 255 41 0 0 216 255 255 72 255 0 0
    0 255 255 213 0 0 255 255 255 255 27 0 233 255 255 255 130 0 0 255
    144 255 0 16 0 0 0 255 255 152 0 255 255 255 0 120 255 255 0 0 0 255
    0 255 0 255 255 255 255 210 255 255 0 0 0 255 0 255 255 255 96 213 0
    0 255 255 0 255 0 255 0 255 165 188 0 0 0 255 255 255 0 0 255 255
    255 0 255 18 0 195 255 255 255 0 96 255 255 255 232 0 0 167 0 255
    203 255 0 2 143 0 255 102 0 228 122 255 0 255 0 0 222 255 255 238
    255 0 255 1 69 44 0 0 255 255 255 255 196 0 0 145 255 255 0 237 0 0
    0 240 255 0 255 0 255 0 255 255 0 0 0 0 0 255 255 255 255 255 0 17 0
    102 255 211 255 0 114 255 255 0 0 0 255 255 221 0 255 255 120 0 0
    255 255 124 255 0 0 0 226 255 255 255 0 100 255 255 31 255 255 0 0 0
    255 120 0 0 0 255 255 100 255 255 255 0 255 32 0 255 49 91 255 255
    255 177 0 0 200 255 207 0 0 67 0 112 255 255 0 0 0 255 174 0 255 0
    255 0 0 0 0 255 255 90 0 203 255 255 0 21 10 255 255 255 0 0 255 255
    55 0 94 230 0 0 46 74 41 0 0 0 0 255 232 255 255 35 0 133 255 145
    255 0 0 255 0 255 255 255 255 255 0 255 255 255 0 0 184 219 0 255
    255 255 141 0 255 255 255 0 255 161 255 0 255 255 255 255 255 255 0
    255 0 255 0 148 165 172 0 0 255 255 255 219 255 255 0 255 255 255 0
    208 0 255 80 255 246 112 97 255 255 255 0 0 214 0 255 0 255 255 0 21
    0 255 0 0 24 255 255 255 255 255 209 0 0 0 255 255 255 0 0 0 0 255 0
    47 101 255 255 0 0 0 255 79 0 255 255 255 106 255 0 255 0 255 0 255
    194 57 0 255 0 255 255 255 0 0 255 24 255 0 255 0 0 0 255 255 255
    255 255 0 48 255 104 255 0 129 255 255 0 0 0 255 0 255 182 255 255 0
    0 0 255 32 0 177 255 56 255 0 255 255 109 243 0 226 255 255 123 255
    255 255 255 255 0 0 0 255 0 255 0 171 255 255 0 96 169 255 249 255 0
    0 0 0 255 0 223 0 0 0 0 255 255 255 255 0 83 42 249 0 255 0 255 0
    255 0 0 0 255 124 255 224 0 0 10 255 48 0 255 255 0 255 0 0 0 226 0
    185 0 0 0 0 125 255 142 0 0 145 209 255 255 0 0 0 0 194 255 0 0 255
    92 0 0 255 0 102 0 0 255 255 255 0 0 0 0 255 0 0 0 255 46 0 0 0 0
    248 0 0 255 255 186 0 255 0 0 255 255 255 0 0 0 255 255 255 0 255
    168 0 255 0 141 255 255 255 0 0 0 255 0 255 24 255 255 24 255 241
    255 0 0 0 255 255 255 0 184 0 0 0 0 255 255 0 255 49 255 0 120 0 255
    0 255 255 255 0 125 255 255 0 255 0 0 0 0 255 0 255 255 255 0 0 1 0
    113 255 255 0 0 0 255 255 44 12 255 255 205 108 0 255 0 255 0 0 0
    229 0 170 0 0 255 255 255 0 44 0 0 90 202 255 0 0 54 255 0 0 255 0
    255 255 0 0 255 255 255 0 255 255 255 0 194 0 255 0 0 0 255 77 255
    255 255 255 0 0 81 255 255 0 0 0 200 157 0 183 255 255 255 255 127 0
    0 0 255 141 13 170 0 238 0 255 0 0 157 0 171 0 77 4 255 0 0 223 0 0
    255 255 0 255 255 242 0 0 0 255 255 0 255 0 255 255 178 0 0 0 14 0
    156 255 255 0 0 255 0 0 255 255 255 0 255 0 3 0 255 0 255 181 0 0
    255 255 255 0 0 154 255 0 0 255 255 255 255 0 0 0 255 255 0 0 28 0 0
    55 0 0 0 0 255 213 255 60 40 0 0 255 255 0 0 0 0 0 255 0 255 0 255
    255 255 255 0 255 0 16 0 0 255 0 255 0 255 105 145 0 255 0 96 0 170
    0 0 0 255 255 0 255 0 0 255 0 255 115 0 255 255 255 255 227 255 255
    255 0 0 0 0 255 255 255 255 202 217 255 0 13 8 255 0 255 152 202 0 0
    0 0 0 255 0 255 0 0 255 66 0 255 77 0 255 0 0 0 255 0 255 0 0 0 0 51
    255 255 255 255 255 255 0 253 0 209 82 0 42 255 255 0 0 0 0 28 255
    63 225 255 255 106 0 0 255 255 255 0 0 0 0 0 255 0 0 0 0 255 157 255
    35 0 255 0 67 0 255 0 0 0 255 0 255 0 255 255 0 0 255 0 0 255 37 255
    0 121 98 221 255 255 255 130 255 0 255 255 0 255 0 195 0 0 0 255 0
    255 0 255 255 0 220 255 24 255 111 178 0 0 255 255 255 0 0 0 198 135
    255 255 0 255 255 255 0 255 0 255 0 124 0 255 61 255 213 255 255 255
    0 0 0 0 0 255 245 255 0 0 0 111 255 255 0 0 255 0 0 0 0 255 0 0 0
    255 255 255 57 121 101 71 0 0 34 67 255 140 96 0 255 198 0 0 0 0 255
    0 198 0 255 255 169 175 0 255 0 255 0 0 0 0 255 255 31 0 0 255 47
    255 255 255 0 0 255 0 0 0 255 82 117 0 255 255 255 255 0 0 155 0 255
    0 84 249 80 0 31 255 0 255 0 255 255 0 0 252 0 0 255 255 255 152 0 0
    255 255 255 0 255 0 255 0 255 15 255 255 0 151 0 255 0 255 245 255
    255 0 255 255 255 255 0 0 0 0 255 255 255 255 0 0 255 0 255 0 255
    157 0 0 0 0 0 0 255 255 255 0 135 151 0 255 75 0 255 0 255 0 192 0
    255 0 0 235 47 0 0 0 0 255 255 255 0 255 0 255 0 22 0 255 1 0 0 172
    98 0 255 0 0 0 0 255 255 238 255 78 0 255 255 0 0 255 158 0 0 255
    255 255 255 0 0 0 84 188 0 0 255 255 255 0 255 0 255 255 39 255 40 0
    255 170 255 0 255 255 71 0 255 0 210 255 0 150 0 255 255 144 255 255
    153 255 78 255 0 0 0 255 16 182 255 30 255 0 0 0 0 255 255 255 5 255
    64 255 0 255 255 0 173 131 137 100 25 97 255 0 255 0 109 255 120 255
    0 255 130 255 183 0 0 255 0 0 0 255 0 255 0 255 85 255 255 255 0 0
    137 0 255 0 0 0 199 40 255 255 0 243 60 209 255 255 0 255 0 255 0 39
    0 255 255 255 0 76 255 255 0 0 185 103 205 1 57 255 0 0 255 255 33 0
    47 0 156 255 255 0 255 0 255 255 255 0 255 255 72 48 255 109 0 149 0
    255 255 249 0 36 225 255 0 255 0 255 0 0 0 255 244 255 0 0 0 218 255
    0 0 0 255 0 179 0 255 22 141 0 255 0 0 0 198 175 75 0 255 0 0 0 255
    0 255 255 255 0 0 255 255 255 185 33 0 0 0 255 255 0 0 201 0 227 255
    255 0 0 0 0 255 255 255 210 58 229 255 85 255 0 255 0 255 0 255 0
    255 0 255 0 255 0 0 121 0 255 0 255 0 0 0 255 0 255 0 255 1 255 0
    255 0 78 6 43 255 0 0 255 0 255 209 255 255 255 0 0 0 255 0 255 0
    130 0 255 0 0 0 255 255 255 0 255 255 255 0 255 0 189 0 178 214 143
    255 0 0 9 0 0 7 255 255 97 0 0 220 255 0 0 255 255 122 0 0 255 0 0
    255 0 255 255 0 127 0 197 255 255 255 152 0 255 0 187 0 255 0 255 66
    255 0 0 0 0 255 0 255 255 255 0 255 0 255 0 0 255 103 161 0 255 255
    0 0 0 255 255 255 0 255 255 0 255 0 0 41 255 0 0 0 255 255 0 255 30
    133 0 0 255 255 0 255 255 238 255 250 255 158 255 0 0 255 0 0 0 0 0
    255 255 198 0 0 255 255 226 255 255 0 255 255 255 255 0 255 255 255
    0 0 255 0 255 0 255 255 255 255 222 255 255 0 0 0 224 255 255 97 255
    255 0 255 0 0 0 154 255 0 0 79 231 255 255 255 247 0 255 0 0 255 255
    176 0 0 255 255 255 164 255 0 255 255 25 217 0 27 0 0 255 255 255
    255 47 0 0 0 0 0 255 255 0 0 255 255 255 112 255 246 67 9 0 0 0 0 0
    255 255 255 255 0 0 0 175 255 255 255 0 0 0 255 255 191 144 0 0 255
    255 0 0 255 255 0 0 255 255 255 0 255 0 230 255 255 0 43 255 255 255
    0 0 0 255 255 255 0 255 234 0 0 0 255 95 255 0 43 157 255 0 0 0 255
    255 255 0 0 0 160 255 255 255 0 246 255 0 255 199 255 45 3 0 0 13
    255 255 0 0 8 255 255 255 255 0 5 0 255 0 255 255 0 0 0 55 255 255 0
    58 0 0 255 0 255 0 0 175 0 156 255 255 255 191 0 0 0 255 255 0 0 0
    167 255 0 255 255 255 26 142 27 0 255 255 255 83 0 0 255 255 0 255
    157 0 28 0 255 50 0 255 255 255 109 0 255 255 255 195 0 65 255 0 0
    255 255 255 0 255 255 255 255 1 255 0 255 255 255 0 0 156 255 57 75
    255 255 255 0 0 255 255 255 255 255 255 0 104 255 0 255 0 255 0 0 0
    255 0 255 255 255 154 0 255 0 190 255 255 0 0 255 147 205 0 255 0 0
    0 255 255 0 0 18 255 255 0 0 255 0 255 0 0 0 0 255 196 255 255 255 0
    181 0 255 0 255 255 0 204 0 0 255 0 255 0 255 0 255 133 0 255 255
    255 0 0 0 255 0 0 255 0 255 0 0 0 0 255 255 255 0 0 0 255 255 255
    255 255 0 145 231 106 0 0 0 255 255 187 255 0 0 47 255 0 84 0 255
    141 255 0 130 0 255 0 255 0 0 0 255 255 255 161 255 207 0 0 0 0 255
    255 255 255 0 255 82 255 163 0 0 0 255 255 0 208 255 0 255 0 108 86
    190 181 255 255 0 255 0 198 252 255 255 255 0 255 0 255 92 0 0 255
    255 0 0 0 255 255 255 0 242 0 0 0 255 0 62 0 255 135 255 0 7 255 255
    255 126 0 255 255 131 255 0 255 255 255 0 184 0 245 255 255 27 0 255
    0 2 0 255 255 255 255 255 255 255 0 0 255 255 82 0 0 24 0 0 255 255
    255 154 0 255 0 182 255 0 255 255 255 0 255 0 255 0 255 0 255 0 156
    255 255 66 255 0 0 0 164 255 255 255 0 0 255 255 255 255 0 0 0 212
    200 9 52 190 255 0 13 131 255 255 255 0 0 211 30 255 192 50 0 255 0
    255 0 255 0 255 0 0 82 152 156 0 0 0 0 0 255 255 255 104 0 214 255
    255 0 0 111 255 255 255 0 0 255 255 0 52 0 33 10 237 255 0 255 0 255
    0 255 0 0 0 0 255 0 255 0 0 73 165 0 255 255 0 255 0 255 255 3 255
    255 0 0 0 255 255 160 255 255 255 240 255 255 230 0 255 255 255 255
    0 255 0 188 0 255 0 255 68 147 179 0 75 255 0 255 255 255 0 0 0 0 0
    255 0 255 0 255 0 255 0 0 9 255 255 226 0 255 255 0 0 255 255 0 0 0
    65 251 0 0 0 0 255 255 255 0 255 196 0 0 255 255 255 255 255 0 0 0
    15 255 216 128 255 0 0 255 255 255 52 0 0 0 255 0 255 0 255 0 199 0
    255 255 104 0 255 255 255 0 0 255 0 255 71 255 0 0 255 0 0 0 255 0 0
    73 255 255 0 0 255 0 255 0 0 0 0 5 0 0 168 0 255 147 0 0 0 255 0 255
    0 255 173 3 0 0 255 0 0 255 255 255 116 0 255 0 28 0 255 0 255 0 255
    255 255 0 255 217 255 0 0 0 0 0 255 255 44 177 255 255 0 65 0 255
    255 0 0 0 255 215 0 255 255 255 0 76 0 255 255 255 0 40 254 255 0 18
    0 255 255 0 107 0 0 103 255 255 0 0 122 255 0 186 255 0 228 0 255
    255 255 255 0 255 255 255 0 255 0 255 0 255 0 255 0 0 255 255 255
    255 0 0 255 0 216 255 255 160 0 0 0 255 255 0 203 0 255 225 255 0
    255 0 0 0 255 0 255 0 255 0 0 0 255 255 0 255 0 255 177 255 255 253
    255 219 0 0 39 0 0 162 255 236 255 0 3 0 255 255 0 0 0 255 255 255 0
    128 0 0 255 255 63 61 0 255 0 255 0 172 89 0 255 255 255 255 0 255 0
    0 182 255 255 109 0 167 0 255 0 9 0 255 122 255 0 123 0 255 29 255 0
    255 56 156 164 185 0 0 255 0 255 255 255 255 75 152 0 0 255 255 255
    255 255 0 0 0 0 255 255 255 0 255 0 0 0 141 255 255 255 0 63 255 39
    0 255 255 255 255 255 0 255 160 255 0 255 176 0 0 255 0 255 0 255 0
    132 255 177 255 255 0 0 160 255 33 255 23 103 242 255 67 255 0 0 255
    255 255 65 0 255 0 139 0 0 255 0 255 0 0 255 255 15 0 0 0 255 0 0
    255 255 143 176 0 255 13 151 0 0 0 255 95 255 255 240 255 255 53 0
    255 0 255 255 0 119 255 83 255 255 255 216 255 255 255 0 0 38 255
    255 255 255 0 40 0 0 0 0 255 255 255 0 0 0 0 255 0 255 255 255 0 255
    0 255 0 150 255 255 0 243 65 255 0 255 255 255 0 255 0 255 255 63 0
    28 255 255 255 0 0 0 222 255 255 0 255 255 0 0 0 255 255 255 255 107
    255 0 255 255 67 0 170 0 23 255 0 73 0 0 255 0 255 0 255 255 0 255 0
    255 156 27 0 0 0 0 255 0 255 255 20 255 0 228 255 6 0 255 0 255 93
    89 99 255 0 255 255 19 46 0 122 0 255 0 210 95 255 255 0 0 12 251
    255 255 0 0 255 255 0 255 0 238 255 71 15 0 255 255 255 0 0 0 255
    255 114 0 0 255 255 29 28 255 54 255 0 0 255 0 255 0 150 0 255 0 0 0
    255 40 207 0 255 0 255 255 0 171 255 241 0 0 0 0 0 20 255 255 255 0
    0 0 255 0 255 0 255 0 0 255 255 255 0 174 0 255 82 0 169 2 145 0 0
    255 184 255 0 0 0 255 220 119 246 255 255 255 255 0 0 255 255 0 0 0
    0 255 0 255 96 0 255 255 0 0 0 255 126 200 255 0 0 118 250 255 0 0
    156 243 255 255 255 255 122 255 0 255 195 28 255 125 255 0 80 69 73
    0 0 52 0 0 194 255 202 0 13 192 13 0 0 0 0 255 255 0 0 111 0 0 0 0
    70 0 10 0 0 0 255 0 255 255 255 255 38 0 255 255 255 0 0 0 255 255
    255 0 0 111 255 203 139 255 255 0 250 255 255 255 213 0 0 255 255
    255 255 255 0 0 50 255 255 255 255 0 255 255 253 0 0 0 174 255 140
    255 0 0 255 206 60 0 211 0 0 0 0 255 0 255 0 255 51 0 255 48 106 255
    255 86 65 0 255 255 255 0 0 255 255 255 0 255 255 0 0 0 0 255 255
    255 125 0 0 74 255 255 0 114 226 255 255 255 0 255 90 245 0 75 190
    255 255 255 0 51 0 255 255 0 255 0 255 0 16 0 0 255 0 0 255 255 0 0
    0 255 46 255 255 255 0 255 255 146 0 0 0 0 0 147 0 255 255 229 255 0
    0 255 255 255 0 198 0 255 0 255 0 255 120 170 0 0 0 0 184 0 0 47 255
    255 0 0 255 15 255 81 76 0 255 0 0 0 221 255 0 211 252 255 0 255 0
    255 26 255 0 0 255 255 0 255 255 0 0 0 255 255 255 0 49 255 191 255
    0 255 0 0 0 171 0 66 255 0 84 0 0 0 0 0 44 255 255 255 255 0 255 0
    255 19 255 0 255 55 255 255 0 255 255 255 63 255 0 255 167 255 0 255
    0 255 255 255 0 0 188 255 0 0 0 255 58 255 152 87 0 0 140 255 255 0
    0 0 198 255 12 255 0 255 0 255 0 255 0 255 0 255 0 133 194 255 255 0
    0 0 255 255 0 0 0 255 255 255 0 0 0 0 255 255 95 242 7 100 0 0 0 0 0
    104 0 255 0 255 0 52 255 255 71 0 0 255 75 64 0 0 255 0 255 255 138
    0 255 0 0 0 255 255 54 255 173 54 0 0 255 255 255 248 0 0 0 255 0
    255 0 0 255 222 0 255 159 255 0 255 23 255 0 255 0 255 0 0 255 0 0
    255 255 0 255 255 255 255 0 3 0 0 255 0 255 0 0 255 0 0 255 255 0
    231 0 255 0 255 0 255 0 0 115 255 128 255 0 0 78 255 130 255 255 255
    0 32 0 0 0 103 214 0 255 0 76 76 0 171 255 0 255 0 255 255 53 255 0
    255 255 0 0 0 0 255 77 0 164 0 255 255 255 255 103 0 255 255 255 0 0
    126 255 255 255 0 0 0 255 0 0 0 226 255 0 27 0 255 0 255 0 255 0 0
    255 0 255 0 255 255 0 255 255 255 255 255 255 0 255 255 0 255 0 0
    127 255 0 255 255 255 255 255 255 7 40 255 0 0 255 0 255 44 122 0 0
    0 0 255 12 255 0 0 255 0 155 0 255 213 0 0 183 255 255 255 0 0 255 0
    250 249 255 255 255 211 0 0 243 255 16 38 0 255 255 141 0 182 255 0
    0 255 255 0 255 255 34 0 0 14 255 0 0 0 255 255 0 92 0 0 152 255 255
    255 131 255 0 0 255 255 0 0 0 0 255 0 255 0 0 0 132 255 255 255 0 0
    115 255 255 0 0 255 255 0 0 0 255 237 255 255 255 0 255 0 30 0 218
    96 255 255 0 0 255 70 198 255 255 0 255 0 0 0 133 181 255 255 246 0
    0 8 255 255 255 255 0 0 255 0 0 0 255 178 191 255 255 240 4 255 75 0
    255 255 255 0 0 103 0 0 255 131 23 16 255 123 0 0 255 255 0 0 0 0
    121 255 255 212 255 255 255 0 255 0 255 65 0 255 0 255 0 255 149 255
    255 0 0 0 255 255 12 81 0 51 255 253 0 255 255 255 0 0 0 255 0 0 255
    109 255 0 0 215 0 255 230 205 0 0 0 0 255 255 255 0 0 0 0 255 255
    218 0 255 255 0 0 0 255 0 124 0 0 0 0 255 255 255 219 176 255 0 255
    0 0 18 137 60 255 255 187 255 0 0 0 30 255 255 37 123 255 26 0 0 255
    0 255 170 0 255 0 255 0 0 0 0 255 255 0 0 0 255 255 0 255 0 255 0
    255 0 194 54 0 228 255 255 0 0 255 255 255 0 255 96 255 0 0 255 0 32
    0 46 255 255 255 127 0 0 0 255 0 255 255 145 255 255 255 0 49 255
    255 0 255 189 255 0 205 255 7 0 236 255 0 255 0 255 255 255 77 255 0
    0 255 0 255 0 255 255 255 0 163 0 255 247 255 0 255 255 0 87 0 255
    255 255 27 45 255 15 0 63 179 110 24 255 0 255 0 255 255 255 127 0
    255 0 0 0 255 255 255 0 0 0 0 255 0 0 255 255 255 0 255 105 255 255
    255 255 97 0 255 0 255 255 0 0 255 255 255 0 168 255 255 212 255 0
    117 0 0 255 255 255 94 255 0 0 0 255 0 160 0 255 104 0 0 255 0 14 0
    0 255 255 255 0 115 0 0 0 255 255 255 0 255 0 255 0 255 0 255 0 120
    255 0 255 0 255 0 255 0 50 255 0 255 226 249 6 0 255 255 255 194 255
    0 20 6 0 0 255 255 255 255 255 255 255 0 0 255 0 218 255 255 42 237
    255 255 182 240 101 0 0 0 255 255 255 0 0 236 0 255 0 0 0 255 255
    255 0 0 0 255 0 255 42 0 0 255 255 255 0 255 146 234 0 255 0 223 0
    255 0 255 0 255 255 210 255 0 255 0 189 255 255 0 0 255 0 255 0 0 0
    255 0 255 0 205 0 255 214 255 255 255 0 0 196 0 0 0 255 0 7 255 255
    0 255 0 255 43 255 0 18 0 0 49 0 255 0 255 255 255 227 255 218 0 0
    255 0 57 0 255 152 0 0 215 255 0 184 0 255 0 0 255 214 0 0 255 0 255
    53 255 0 173 0 255 0 255 0 0 255 255 195 0 255 0 255 0 255 29 255 0
    0 68 0 255 234 255 0 255 0 255 0 0 255 255 255 255 119 0 53 255 73
    255 0 210 255 255 70 179 171 255 0 0 0 255 0 255 0 255 255 255 0 0 0
    0 0 46 255 0 0 0 255 255 53 255 255 255 225 0 0 0 25 76 0 255 137
    255 255 0 0 255 0 0 0 239 255 132 181 255 173 255 0 0 0 255 255 164
    0 0 0 223 0 255 0 255 255 167 138 0 228 0 34 0 0 248 255 29 255 0 0
    244 255 0 103 0 194 0 85 0 255 0 255 255 255 0 255 0 96 255 255 255
    255 0 12 255 255 255 255 0 152 0 55 255 255 0 196 62 0 0 255 255 255
    0 255 0 135 101 255 255 0 79 255 255 0 255 240 141 0 105 255 0 161 0
    255 0 0 0 255 147 255 0 99 0 0 255 255 0 0 255 0 0 255 167 68 0 0
    255 255 255 0 255 0 255 0 255 0 255 0 0 222 213 91 255 255 0 255 255
    0 0 255 255 255 0 0 0 37 255 255 35 0 0 0 255 255 255 255 0 193 0 0
    0 255 0 0 0 0 255 255 236 0 0 0 0 255 0 0 0 255 0 255 136 255 255 0
    0 0 0 0 255 242 0 0 255 178 255 215 255 255 0 8 0 0 255 255 0 21 254
    255 255 0 0 0 0 255 2 0 0 0 142 0 0 255 255 177 0 255 0 255 0 117 0
    200 33 255 0 255 255 0 0 255 255 255 0 0 119 255 195 163 0 0 169 185
    255 0 96 0 0 0 255 255 255 0 0 86 255 255 255 255 255 0 0 0 255 37
    255 242 0 0 129 38 0 255 255 96 0 81 0 255 255 255 0 0 255 46 0 0
    182 255 255 161 255 255 0 0 235 255 0 255 0 203 255 255 0 83 0 255 0
    0 17 255 255 0 255 255 33 255 0 0 0 0 255 255 255 0 255 255 0 0 0
    255 0 255 255 0 0 0 0 255 240 44 255 0 0 0 255 255 255 106 0 0 0 255
    255 0 255 0 255 255 0 0 255 210 255 210 255 255 255 0 0 0 255 255
    255 93 185 49 0 255 255 255 0 25 219 255 255 0 255 0 236 0 199 255 0
    0 255 50 0 110 255 0 0 0 0 255 255 255 240 0 0 153 0 255 0 255 0 255
    0 0 0 0 0 255 240 226 255 0 255 255 255 185 85 0 255 235 255 0 0 255
    255 255 255 0 126 0 23 0 255 232 255 255 100 255 0 64 197 255 255 0
    255 0 255 255 0 0 255 255 255 255 180 244 0 0 255 0 255 255 172 0 0
    0 93 255 255 255 0 0 255 255 255 0 255 255 255 179 0 255 0 12 255 37
    0 255 210 160 255 0 255 0 251 0 255 255 255 0 0 0 255 255 255 255 0
    0 0 255 0 0 0 255 255 0 255 0 255 255 254 255 0 0 60 255 48 255 0 0
    0 235 113 255 255 0 0 0 0 0 255 255 255 88 255 255 0 0 0 255 122 0
    136 255 255 0 139 0 0 217 0 0 0 255 255 27 37 0 153 255 0 151 0 255
    255 255 0 196 0 255 255 67 0 0 255 255 255 255 104 0 41 223 255 0
    255 255 77 0 255 0 0 255 255 255 0 64 255 255 95 0 9 255 255 0 255 0
    255 0 232 236 255 0 0 93 0 0 0 255 255 255 255 0 0 22 0 255 72 0 0 0
    255 0 240 62 255 0 127 0 255 255 255 255 29 0 207 255 0 185 0 165 0
    13 0 32 0 255 255 156 0 198 0 0 195 255 255 43 0 255 0 255 0 0 0 0
    255 255 255 0 0 198 211 255 134 0 59 0 46 170 255 255 255 78 0 0 202
    255 220 154 255 255 255 255 156 255 255 0 110 186 224 0 255 255 255
    0 144 255 255 46 0 0 0 0 0 255 0 255 255 0 255 0 0 0 0 0 0 0 0 255
    255 255 255 0 0 0 0 0 146 210 255 0 0 0 0 255 255 255 0 255 0 0 0 98
    255 0 188 0 255 0 0 174 125 255 0 0 255 255 0 0 234 0 255 255 0 0
    102 147 255 0 0 7 0 0 255 255 255 0 139 0 255 255 148 0 255 121 0
    255 255 255 52 228 217 255 0 0 255 194 0 119 0 255 255 0 0 0 0 255
    255 255 255 221 255 0 162 0 255 0 255 254 255 0 255 255 0 215 255
    255 255 13 0 136 110 255 0 255 255 0 0 0 0 0 0 255 255 255 0 255 0
    255 255 255 0 255 0 255 0 255 255 255 0 43 255 255 255 255 29 0 0 0
    70 0 255 0 255 255 255 0 23 255 107 0 219 0 64 174 255 0 6 0 137 255
    167 255 226 255 0 255 0 255 255 0 0 113 255 0 255 182 0 32 0 255 255
    0 0 0 0 255 255 0 0 0 255 0 0 0 211 255 255 70 255 0 255 255 255 0
    255 0 255 73 255 0 255 22 255 54 255 255 255 0 116 15 255 255 0 0 0
    215 255 233 0 183 255 0 255 255 255 255 255 255 0 255 255 255 0 0
    255 0 250 0 255 0 255 0 0 255 30 255 0 172 255 255 0 0 255 0 255 0
    255 0 255 255 255 255 0 120 112 255 84 255 254 0 0 255 0 0 0 96 255
    255 255 203 255 255 199 255 0 3 0 0 255 0 255 0 255 119 0 0 107 0
    255 255 0 208 255 255 255 0 194 0 0 0 255 255 0 0 255 255 0 0 31 0
    255 0 0 0 255 255 255 0 0 0 255 255 255 0 163 255 255 0 0 0 0 0 255
    255 255 0 8 0 0 100 255 0 255 255 0 255 0 167 0 0 255 255 0 0 81 255
    255 255 185 225 0 70 0 187 255 252 0 52 0 255 255 0 227 105 255 0 0
    0 0 128 255 255 0 251 255 255 255 0 0 232 255 255 255 0 255 0 0 0
    187 255 255 0 208 0 255 255 255 0 0 255 255 0 0 0 0 255 255 255 255
    0 0 0 0 0 255 255 0 0 0 255 199 0 0 255 235 0 0 143 255 255 255 0
    103 0 98 0 70 255 255 255 255 255 0 0 255 255 0 0 255 168 0 0 255 59
    255 252 164 0 255 0 255 121 255 76 0 255 255 0 0 255 0 255 24 0 163
    255 0 255 255 255 0 0 0 0 208 255 0 0 255 255 255 255 255 255 0 255
    0 0 0 255 201 255 21 204 0 255 255 255 255 0 119 38 174 0 255 255
    255 0 0 0 0 0 255 255 255 73 56 0 0 255 255 0 166 255 0 30 0 255 255
    0 255 255 105 34 0 255 172 78 255 195 0 0 0 0 0 34 255 255 196 255
    255 255 0 255 69 255 0 255 209 255 0 0 25 0 255 255 0 0 255 255 255
    0 39 255 255 255 45 63 0 156 255 255 255 255 0 100 0 90 58 255 255 0
    0 255 255 255 0 25 0 255 255 24 255 54 255 255 255 32 0 255 160 0
    205 0 0 166 255 0 0 152 0 118 255 255 252 30 255 0 0 255 255 255 255
    66 0 255 41 173 255 255 255 0 255 125 17 0 0 255 0 255 255 255 0 0
    255 27 255 7 200 255 3 0 0 255 0 255 67 255 41 255 139 0 0 0 255 255
    0 0 0 0 80 0 255 255 255 0 50 255 0 226 255 141 255 0 205 0 255 0 48
    255 255 0 255 183 90 0 0 100 255 255 0 255 213 255 0 255 0 255 0 255
    255 0 100 255 255 201 0 0 227 255 255 255 255 0 0 0 255 174 255 255
    0 0 255 180 255 208 255 93 234 0 255 0 0 0 35 255 255 255 134 21 43
    255 207 0 0 0 255 121 214 0 255 0 255 255 0 17 0 255 0 202 0 0 153 0
    255 255 255 0 0 0 255 255 235 0 255 0 0 255 255 255 0 61 4 0 0 0 255
    255 255 199 255 0 0 146 255 187 0 0 0 0 255 255 198 0 0 32 255 0 255
    96 255 255 146 0 0 0 0 255 255 86 38 0 255 0 255 81 62 70 0 72 0 255
    255 89 112 0 196 0 0 49 255 173 0 0 255 99 0 0 0 164 0 40 255 255
    255 0 255 255 190 255 144 0 210 255 235 255 63 0 255 255 255 0 0 255
    255 0 0 255 98 255 0 0 0 255 255 0 0 0 255 255 255 148 255 0 203 0
    255 224 255 255 0 255 0 255 0 220 238 255 171 104 0 255 0 255 255 81
    0 255 0 0 0 255 255 213 186 0 255 255 199 0 255 178 255 39 255 88
    255 0 58 0 183 0 0 0 255 234 255 0 0 0 255 255 255 0 0 0 255 255 255
    255 255 0 237 0 255 0 255 0 255 0 255 255 255 0 176 255 255 8 255
    255 250 0 0 255 63 255 255 255 255 0 133 255 255 255 155 0 0 0 0 149
    255 0 0 255 209 255 47 83 0 255 255 255 0 99 0 126 69 255 255 255 0
    38 0 0 207 241 255 103 255 255 255 255 0 255 255 0 0 143 0 255 255
    137 0 230 43 101 255 255 0 0 255 0 255 120 0 0 255 0 12 0 0 53 255
    194 255 0 255 0 189 0 0 0 255 0 255 255 255 239 255 0 255 0 255 255
    255 255 255 255 0 255 155 108 0 255 255 255 255 255 0 179 255 255 0
    255 82 255 0 229 0 0 0 0 0 255 0 255 255 0 0 0 194 255 255 0 0 255
    255 110 0 0 0 255 160 255 0 255 0 255 0 255 0 0 0 0 255 255 0 0 255
    255 255 255 255 0 0 255 255 0 200 109 38 0 0 0 255 255 239 11 0 138
    0 255 0 0 255 255 213 0 0 17 0 196 255 255 255 0 0 255 255 255 0 0
    255 0 37 255 255 0 0 141 88 0 217 195 0 255 0 255 74 255 0 255 0 0
    162 255 0 163 0 255 255 255 255 0 255 255 12 0 69 62 0 255 0 0 0 132
    58 0 255 198 55 0 19 0 255 255 255 255 0 0 255 255 210 4 0 32 255
    255 255 157 255 88 255 0 0 255 255 255 255 0 0 255 255 0 0 0 250 15
    255 0 0 0 142 255 209 0 124 0 255 255 255 0 255 42 0 184 255 0 0 0
    169 255 66 0 255 142 237 61 131 0 0 255 255 255 145 10 255 255 255 0
    0 211 255 204 0 111 0 255 0 255 0 255 0 255 255 0 255 255 255 0 255
    0 241 0 255 0 0 255 255 0 0 0 6 0 236 0 0 255 255 255 0 255 0 0 255
    255 255 0 21 18 0 0 255 255 8 255 0 0 0 255 0 255 255 0 255 1 0 0 0
    255 0 255 0 164 255 0 255 255 0 0 60 85 0 0 255 0 255 0 255 255 255
    0 0 255 0 26 255 255 131 0 190 83 0 0 0 0 133 255 255 255 0 0 255 0
    255 0 255 255 0 0 255 255 204 255 0 255 0 0 0 255 140 121 255 0 255
    255 255 255 255 85 255 0 255 255 86 0 255 0 0 82 255 255 0 189 77
    139 255 111 38 0 159 255 255 0 0 0 0 138 0 255 255 255 0 255 255 255
    0 255 0 255 255 223 0 255 0 0 0 0 255 0 0 0 0 11 164 255 255 255 0 0
    147 255 0 255 0 255 255 109 192 0 217 255 0 0 0 255 255 255 146 88 0
    0 82 255 255 0 255 0 0 255 0 255 255 255 255 0 0 0 158 66 255 255 0
    0 0 255 255 255 233 150 64 0 0 255 255 115 255 0 88 0 255 255 255
    255 0 0 0 36 255 232 0 0 0 255 255 237 255 0 0 255 255 255 0 255 0
    160 255 255 0 255 255 255 255 17 0 0 147 29 0 69 255 255 83 0 0 255
    0 255 53 255 0 255 0 0 255 255 30 0 0 255 255 0 0 101 255 0 255 0
    255 255 75 11 0 255 255 255 0 0 255 197 255 240 0 255 22 255 0 255
    255 255 28 0 255 0 235 0 255 0 255 241 0 0 0 255 0 255 255 255 255 0
    255 0 0 0 255 136 255 255 0 0 0 255 8 255 0 255 0 255 0 255 255 0 0
    0 82 255 0 255 0 213 0 114 255 255 227 0 255 0 255 0 255 0 255 0 255
    255 255 0 149 0 255 255 255 0 255 0 0 0 0 255 0 237 0 181 255 0 255
    0 29 0 255 3 255 255 255 0 255 255 255 0 226 0 99 255 255 0 68 0 0 0
    255 255 255 0 0 0 0 0 0 255 0 255 108 255 0 255 0 0 0 0 255 255 255
    255 255 255 255 0 0 0 0 0 255 255 255 0 255 255 0 36 0 255 255 255 0
    255 79 125 0 255 51 255 255 35 0 2 255 255 255 255 245 0 0 0 0 0 255
    0 0 82 62 238 0 0 0 0 0 255 255 0 255 0 139 0 0 0 255 0 0 255 255 0
    0 255 144 0 0 255 34 0 255 255 0 12 0 255 255 255 0 0 0 255 255 169
    255 0 0 0 255 255 255 255 255 255 255 0 0 0 255 0 255 0 255 255 65
    255 0 255 0 255 0 255 255 0 0 0 0 0 109 255 255 43 0 54 244 0 0 0
    107 255 0 99 0 0 255 0 255 6 255 255 61 0 0 255 184 255 0 0 255 255
    0 255 0 187 255 255 255 0 255 255 255 0 0 0 255 255 227 255 255 0
    212 101 241 0 255 0 255 188 255 255 0 255 0 0 0 0 204 255 255 255 0
    255 0 0 0 249 94 255 0 153 255 0 255 113 255 0 255 0 255 0 255 0 0
    255 0 255 0 0 0 0 0 255 255 255 255 0 0 0 255 157 0 0 0 255 0 255 30
    0 255 0 0 137 255 255 255 88 0 0 0 255 196 255 255 255 0 255 0 255
    197 42 0 0 255 255 255 255 0 0 0 255 25 26 0 0 255 0 0 255 255 255 0
    0 255 0 255 0 255 0 0 255 244 255 0 4 97 0 0 0 255 255 255 0 255 0 0
    255 141 255 44 255 0 0 0 255 0 255 255 0 0 255 255 255 0 0 0 0 255 0
    255 255 255 255 255 255 0 0 255 255 0 0 0 255 199 0 255 237 255 0 80
    255 255 255 0 255 0 93 0 255 255 255 255 255 0 0 255 0 0 0 87 255 0
    0 0 255 255 0 255 185 182 255 255 0 0 0 255 255 133 255 0 0 0 0 0
    255 130 212 255 255 149 0 0 0 174 0 216 255 255 183 181 255 255 0
    255 255 255 0 0 0 0 255 255 255 0 0 0 255 255 255 68 0 255 255 0 0 0
    255 255 0 95 171 0 0 0 255 255 255 255 0 18 0 0 255 0 149 255 184
    255 0 255 255 255 0 127 206 2 255 0 255 117 72 110 255 0 0 0 0 40
    255 0 0 0 0 0 255 0 255 255 255 0 55 255 12 0 0 142 42 255 255 255 0
    42 141 0 57 255 255 255 0 90 0 81 0 0 255 0 255 0 0 218 55 255 255
    49 0 255 0 255 255 194 81 0 0 0 0 0 255 255 255 255 255 255 0 3 0
    255 0 255 0 87 0 255 126 0 255 174 255 219 0 0 136 255 0 0 0 0 0 255
    0 10 0 0 255 255 255 255 0 0 0 0 0 0 0 255 0 255 255 0 255 255 255
    255 255 255 83 255 211 55 0 255 50 255 0 75 0 255 255 114 0 0 0 255
    255 255 255 0 255 0 72 0 255 255 255 0 0 0 0 0 0 26 163 255 255 0
    255 255 255 255 0 21 0 255 255 255 0 0 0 0 36 0 0 0 234 0 255 255
    255 255 255 255 0 0 0 255 255 0 0 0 0 111 156 255 255 0 255 46 255 0
    242 76 0 0 255 255 0 0 255 230 255 255 255 17 255 0 0 0 255 0 0 0 0
    110 255 0 221 255 255 255 15 0 255 0 0 0 255 255 255 255 0 0 0 201
    255 0 255 0 255 0 255 0 0 255 255 149 255 34 255 0 255 0 218 255 0
    255 255 0 169 255 255 0 0 0 255 255 255 255 133 0 85 84 203 0 0 0
    167 0 255 0 255 255 0 0 0 0 255 176 58 13 255 255 118 0 255 0 0 0
    255 197 0 0 0 0 0 0 0 117 255 0 255 0 255 255 0 0 0 255 255 255 255
    18 0 255 255 255 41 0 255 255 255 213 0 0 8 0 255 188 255 113 0 0
    255 255 190 255 226 248 0 255 255 255 0 255 0 79 8 167 0 217 255 255
    255 255 255 0 0 19 255 0 0 237 0 0 0 255 255 255 255 0 91 173 255 0
    0 0 255 255 0 0 0 255 0 255 255 255 22 109 255 255 0 0 0 255 255 255
    213 0 255 255 0 255 255 85 0 0 255 255 255 0 255 0 255 255 255 255 0
    0 183 70 143 255 206 255 228 255 0 0 240 255 0 255 255 189 255 0 0 0
    210 0 255 0 0 82 172 255 0 255 0 0 255 255 0 255 73 152 197 212 0 0
    255 30 0 0 255 171 0 255 0 255 0 0 255 0 0 0 255 255 0 0 255 0 255
    255 0 255 45 255 0 255 255 255 0 0 0 0 255 0 190 255 0 255 255 180
    255 0 255 255 6 0 115 79 0 0 255 0 255 255 0 0 255 0 0 166 179 255
    255 255 0 0 0 255 231 0 255 0 255 255 255 0 0 0 255 183 255 0 255 0
    255 255 145 255 255 255 0 255 255 255 166 88 255 255 255 255 121 0 0
    132 255 255 0 0 255 0 255 0 34 0 0 255 255 0 255 0 255 0 80 0 0 255
    0 255 0 255 255 0 0 0 255 0 255 48 11 0 0 0 255 255 255 1 255 255
    255 0 255 0 255 0 255 0 53 0 0 255 0 176 0 85 0 0 0 255 0 0 255 255
    255 255 96 127 255 255 255 50 0 0 255 0 255 0 0 255 255 255 201 255
    0 0 0 143 0 255 255 255 0 255 255 194 0 0 2 0 255 255 255 223 255 0
    255 53 0 0 255 0 255 0 255 0 0 255 0 255 0 119 255 255 52 242 184 0
    0 0 255 244 0 255 255 62 0 0 255 255 255 255 255 0 0 255 255 0 0 255
    0 0 31 0 255 0 255 0 0 0 255 184 255 0 0 255 0 0 255 0 255 0 0 255
    97 255 255 255 0 0 117 255 0 0 0 255 255 255 255 116 0 255 255 0 255
    0 0 49 255 165 29 0 74 136 255 255 255 255 5 0 255 255 255 255 0 255
    15 0 255 255 204 0 105 0 137 0 124 0 255 0 255 57 0 255 0 255 0 0
    221 255 255 255 194 0 255 255 255 255 255 0 0 0 255 231 0 0 0 255 0
    255 255 255 255 255 0 223 255 191 255 48 0 0 0 255 0 255 0 255 255
    255 255 0 255 0 182 255 0 255 0 0 127 14 0 0 255 255 255 0 0 0 255
    255 255 0 0 255 255 172 0 255 30 255 0 255 66 255 255 255 0 0 7 0
    255 0 255 55 255 255 231 153 78 255 255 255 0 0 0 255 0 0 0 255 205
    255 129 255 226 0 255 0 83 255 255 0 35 123 255 238 255 161 95 0 0
    255 255 255 255 174 255 0 255 0 255 0 159 0 11 0 255 255 0 133 255
    255 0 255 69 0 255 255 255 0 40 210 5 255 0 255 255 34 255 0 0 0 0
    255 0 255 243 255 255 0 0 119 255 255 0 0 0 168 0 255 0 0 123 255
    255 0 255 0 0 255 255 0 0 254 255 20 148 0 255 0 0 255 255 0 255 255
    255 0 0 0 255 0 177 0 0 255 255 255 255 255 239 255 253 0 0 185 255
    255 0 64 0 255 0 255 255 255 0 130 0 0 205 0 255 255 255 89 255 255
    255 0 0 0 255 255 255 0 0 0 0 255 0 0 0 255 255 255 0 0 0 10 0 255
    255 0 0 255 255 0 0 0 255 0 218 21 255 0 0 144 255 255 0 0 0 0 189 0
    255 114 9 95 0 255 255 0 0 134 255 255 215 255 255 0 255 255 255 0
    255 255 0 0 0 255 0 118 255 98 255 0 208 255 255 81 255 161 0 47 0 0
    0 10 255 255 0 0 0 4 255 255 0 255 0 255 0 145 255 0 0 0 255 255 0
    148 0 255 66 255 0 118 252 22 0 167 255 0 240 0 0 0 0 255 255 0 146
    0 0 0 255 0 77 255 79 255 0 255 0 255 164 255 255 255 255 0 100 255
    0 27 0 0 76 255 54 0 101 255 0 255 0 207 0 255 255 0 0 0 189 255 255
    150 0 209 0 0 255 255 255 255 255 0 255 184 0 135 53 150 0 0 131 9
    255 178 0 255 8 255 255 255 255 255 0 0 104 255 26 255 0 255 255 255
    0 0 28 255 255 255 0 255 255 0 0 255 0 126 0 0 255 255 0 0 0 255 0 0
    0 255 255 0 255 255 255 0 0 255 0 118 178 0 0 0 255 0 255 0 0 0 23
    255 255 0 0 0 52 47 250 0 251 0 0 255 62 0 0 0 255 0 0 255 245 0 0
    54 255 186 0 0 255 255 239 255 0 215 0 0 255 255 0 59 77 255 255 247
    255 0 0 0 255 0 0 0 255 0 0 255 255 255 0 0 235 12 74 255 0 255 0 85
    0 0 255 0 255 162 255 0 191 255 255 201 0 0 0 5 255 253 255 0 255
    255 0 0 18 0 0 0 249 183 255 0 0 0 200 0 0 0 218 255 0 62 0 119 0
    255 255 255 0 255 0 201 255 255 0 79 244 255 47 0 255 115 255 0 0 0
    255 0 0 0 255 255 209 95 98 0 0 255 255 0 0 0 255 167 0 148 255 0
    148 255 255 48 255 0 0 255 228 255 0 255 255 255 0 0 0 152 255 0 255
    255 0 255 0 255 255 0 255 0 255 220 255 255 180 255 255 0 0 127 255
    0 0 0 255 0 142 125 255 0 255 0 255 148 0 255 0 187 0 0 0 0 255 255
    124 255 0 0 255 255 0 144 0 255 36 40 0 255 255 255 0 0 0 255 0 255
    255 251 0 0 255 0 0 188 255 0 0 255 0 0 0 255 0 78 255 255 0 0 255
    255 0 0 0 255 255 0 0 0 255 0 0 0 64 0 0 0 255 255 38 0 0 0 0 0 255
    0 0 0 255 255 255 0 255 0 60 0 255 255 77 0 43 0 255 0 255 0 0 0 255
    124 255 255 0 0 0 16 255 0 0 16 255 0 255 0 130 255 0 64 0 255 255
    255 255 0 0 0 121 0 0 255 255 255 0 0 0 0 255 255 138 0 0 0 255 235
    255 255 255 0 76 255 255 0 0 255 129 255 255 142 0 0 255 255 255 255
    0 0 0 255 215 255 0 255 255 255 0 77 255 255 255 18 255 251 133 0 45
    106 197 255 0 9 0 0 255 255 0 255 255 255 255 0 255 113 255 255 0 0
    0 255 255 0 13 255 255 170 0 0 249 172 74 0 255 79 0 0 0 0 255 243
    255 255 0 255 0 255 254 255 255 255 134 0 0 44 255 0 255 255 0 0 0
    255 255 0 0 0 255 0 0 255 70 255 221 22 255 0 1 255 255 255 255 255
    0 0 0 255 206 255 255 255 255 100 255 0 255 0 255 255 255 0 0 12 255
    0 211 255 255 229 255 255 255 0 0 0 255 0 255 87 255 0 255 165 255 0
    255 255 255 255 175 255 0 0 0 28 0 77 255 255 255 0 0 66 0 255 164
    166 62 255 0 49 0 255 70 255 0 47 0 255 0 255 218 132 0 255 0 30 0 0
    255 78 255 0 0 0 0 255 192 0 0 255 255 160 255 18 255 115 255 0 0 0
    255 0 0 255 0 190 255 255 0 0 0 0 255 0 255 255 191 255 0 255 255
    255 0 255 208 0 91 255 255 98 0 24 255 255 58 255 255 0 0 12 23 255
    255 255 0 255 0 255 255 255 177 0 0 0 250 0 61 85 117 0 255 255 255
    255 0 70 0 0 0 119 255 0 255 0 255 255 255 255 0 255 0 0 0 255 20 51
    58 0 255 0 255 0 0 90 255 255 255 0 0 0 166 255 255 255 255 255 255
    65 125 0 255 0 255 0 255 0 0 255 0 92 255 255 15 255 0 255 0 185 255
    90 212 0 115 0 255 0 255 97 255 0 255 0 0 0 255 0 255 255 255 0 255
    0 0 0 0 0 255 255 255 0 0 89 255 255 0 54 0 255 251 255 255 255 0 0
    255 142 87 0 255 176 0 0 0 159 0 255 255 154 255 0 130 255 255 255
    255 229 255 103 0 255 0 255 135 139 0 255 255 112 0 0 145 245 255 12
    171 0 255 255 255 0 0 0 255 255 0 208 0 255 255 0 9 137 255 255 0
    255 0 255 0 75 0 255 166 26 255 255 0 0 74 255 75 1 255 161 255 0
    255 0 255 0 255 255 0 0 143 255 255 255 49 0 0 0 255 255 255 255 0 0
    0 255 74 39 255 255 16 0 0 0 0 0 81 58 255 0 0 255 255 255 0 255 247
    255 0 0 0 255 255 10 0 255 255 0 80 39 255 249 255 142 0 24 0 255 0
    255 238 255 255 0 126 255 255 0 0 0 255 255 255 0 255 0 255 0 0 0
    255 255 255 255 241 255 0 0 0 255 107 2 0 255 24 255 0 0 0 255 0 0 0
    0 98 255 255 255 0 255 88 0 0 194 0 56 189 255 0 255 73 255 0 231
    253 167 3 255 255 66 255 0 0 255 120 78 1 0 255 255 255 0 0 0 255
    255 0 255 0 0 0 255 0 72 0 255 0 252 0 195 0 255 255 41 0 0 255 0
    255 0 255 0 71 0 255 255 255 255 142 0 0 158 255 255 255 0 255 255
    255 189 255 255 0 0 0 255 0 255 255 255 0 0 255 255 255 0 106 0 41 0
    4 242 255 0 255 255 255 208 0 255 21 0 136 255 255 255 0 240 53 255
    0 145 0 255 248 255 255 255 114 255 0 255 0 0 255 0 0 0 0 255 229
    255 0 255 0 255 0 32 255 0 255 21 255 213 0 0 0 0 255 255 255 0 0
    221 255 132 0 170 0 53 255 255 0 0 0 102 255 255 0 0 225 239 121 228
    255 0 0 0 255 0 255 0 255 255 46 0 0 0 0 255 255 255 226 0 84 10 255
    0 0 0 255 0 255 255 255 0 0 0 255 0 5 0 255 239 247 0 255 255 255
    209 0 255 0 255 255 255 0 0 0 171 255 193 0 255 0 255 255 0 0 255
    209 212 0 255 182 255 159 133 255 255 0 227 0 255 255 255 255 0 0 0
    0 0 255 255 255 35 0 92 0 255 0 20 0 255 0 0 0 255 186 255 200 0 0 0
    0 253 255 242 0 0 222 0 255 255 0 127 255 255 0 0 0 119 0 255 0 255
    169 255 0 255 0 255 0 255 0 255 0 45 0 255 255 0 0 0 0 255 255 96
    255 205 255 0 255 255 234 177 32 0 0 0 255 95 255 0 255 255 255 0 0
    0 40 0 0 0 235 255 224 0 255 255 255 0 0 247 255 0 255 255 233 0 0
    255 163 255 0 255 171 255 0 0 255 30 199 158 255 255 255 123 0 255 0
    0 255 255 255 255 255 123 0 0 0 255 255 255 255 0 0 0 0 255 0 255 0
    255 255 0 0 255 255 255 0 0 255 0 255 0 70 255 0 0 0 255 0 255 0 255
    211 255 255 0 115 0 0 0 0 0 0 255 198 255 110 255 255 0 0 164 255 0
    255 255 0 0 255 255 255 255 255 0 255 0 0 0 0 255 0 119 255 0 255 99
    255 34 175 0 0 0 255 255 255 77 255 67 255 255 214 188 0 0 72 255
    255 0 0 255 22 186 255 0 0 255 255 0 0 255 255 0 0 255 0 255 255 0 0
    255 0 255 255 0 0 255 109 255 255 255 0 32 0 0 174 0 0 0 0 255 0 0 0
    0 255 255 255 0 0 111 0 105 0 99 0 140 106 255 53 0 255 0 0 255 255
    0 255 0 207 0 255 255 255 0 1 0 255 154 255 255 255 0 172 23 23 0 37
    0 255 131 255 255 255 0 0 3 255 255 0 255 0 80 255 255 255 255 0 255
    0 255 255 255 255 72 0 0 255 255 255 255 0 154 0 255 47 255 255 21 0
    0 255 255 144 0 127 255 255 255 255 255 0 250 0 74 0 0 0 0 0 255 255
    255 0 255 255 0 0 0 255 0 255 255 0 255 0 255 255 218 156 0 0 255
    255 255 255 255 0 0 255 255 255 0 255 0 0 0 255 255 0 255 0 255 0 0
    0 23 0 75 255 255 255 0 255 0 255 0 0 0 0 0 255 125 255 0 0 134 0
    255 255 255 0 255 24 255 255 255 255 0 0 0 255 255 255 0 0 255 93
    255 255 255 0 255 0 0 0 224 255 255 228 0 0 0 255 255 0 0 0 255 255
    255 255 0 255 0 255 0 255 0 0 0 0 255 255 255 0 0 0 0 255 255 255 0
    0 0 0 255 255 255 0 255 0 0 255 255 255 0 0 255 255 255 255 0 0 0
    255 0 24 0 0 255 0 0 0 255 255 0 255 255 255 0 0 0 0 0 255 255 255 0
    0 0 0 254 240 255 0 255 102 255 255 255 0 255 0 255 255 255 0 255 0
    255 0 255 86 21 135 0 255 255 160 0 114 0 255 0 0 255 0 158 0 255
    208 0 0 0 192 0 255 255 255 0 0 0 114 255 255 0 255 72 154 88 255
    255 0 172 0 255 255 0 255 0 255 0 0 0 0 255 0 255 234 255 0 255 0 0
    0 0 255 0 0 0 255 0 255 114 92 0 255 255 255 0 66 0 255 255 255 0
    255 0 0 0 255 0 207 255 64 0 121 0 255 0 0 255 255 0 0 140 255 255
    255 0 255 0 255 0 255 255 185 95 0 255 0 255 0 255 255 255 255 255
    187 255 0 0 153 90 255 0 255 0 255 86 102 255 255 0 111 255 123 0
    226 255 0 255 0 0 0 0 255 0 255 0 255 0 0 55 255 255 255 0 0 39 31
    255 246 255 0 33 255 0 41 0 255 0 0 249 0 0 0 0 255 143 255 12 0 0
    255 255 49 0 0 2 174 212 0 246 0 255 0 255 132 203 0 255 0 255 255 0
    0 125 255 255 11 255 23 255 0 255 0 0 0 255 92 255 255 88 0 96 0 255
    4 255 0 0 255 255 255 0 0 0 126 255 0 255 0 255 0 0 255 255 0 0 82
    255 0 255 0 255 0 0 255 150 255 255 0 0 15 59 255 28 255 0 0 255 255
    0 0 0 255 255 0 0 0 0 20 255 226 255 0 0 0 0 255 210 255 0 0 255 0 0
    0 0 255 123 255 0 255 0 255 0 255 255 255 0 0 0 255 65 23 255 0 255
    0 0 255 0 255 0 0 207 255 255 0 255 0 0 80 0 0 0 255 255 255 255 149
    0 0 255 255 255 98 0 255 0 255 0 255 0 255 218 255 0 255 255 255 255
    221 0 0 233 133 0 0 47 255 206 255 255 0 56 80 21 0 135 30 0 255 0
    181 0 208 255 255 255 255 15 0 0 255 0 0 0 117 255 255 151 0 255 183
    59 255 255 0 82 0 255 0 255 255 255 0 201 255 255 0 255 0 255 0 0 0
    0 97 0 255 105 109 136 0 255 255 0 93 255 112 0 0 255 255 0 255 255
    255 0 0 108 0 0 255 0 87 0 255 255 0 255 77 255 157 255 0 255 255
    154 0 255 0 255 0 0 0 0 255 255 255 255 163 174 0 0 204 255 255 255
    255 66 168 0 0 0 210 0 255 255 56 0 127 255 255 255 0 0 0 0 0 255 19
    247 255 0 0 255 255 255 255 255 0 0 0 23 255 0 255 0 0 0 90 0 0 255
    255 255 255 0 0 255 255 255 0 255 255 0 0 0 255 0 0 255 0 255 154
    255 16 255 0 255 0 0 0 255 0 255 255 0 51 176 132 60 0 255 105 0 0 0
    255 255 255 7 0 0 9 67 0 255 255 9 0 255 255 255 255 0 255 255 255
    16 0 0 0 0 252 255 255 255 0 255 255 255 0 255 0 255 0 255 0 255 255
    0 0 255 255 0 0 255 210 0 0 255 250 255 138 0 0 255 125 255 214 179
    0 0 182 0 93 77 255 251 255 0 5 255 255 255 0 255 136 255 0 0 83 176
    255 40 255 0 255 30 255 0 255 123 0 0 5 0 255 0 255 255 95 188 0 190
    255 255 255 0 0 0 255 0 80 255 255 0 0 0 255 0 83 58 0 255 255 255
    255 0 0 103 255 255 0 141 255 0 0 0 0 255 255 0 255 53 239 255 0 255
    255 255 255 0 0 0 0 255 255 0 0 101 255 0 0 0 255 255 0 0 0 255 255
    0 0 0 255 23 0 0 0 255 255 255 26 54 208 255 255 0 255 203 255 255
    255 0 0 255 255 255 0 0 255 255 156 0 0 255 255 0 164 243 0 255 0 0
    0 0 32 0 255 0 255 66 255 0 135 91 255 0 229 0 255 255 221 0 46 0
    255 0 255 255 211 255 239 255 120 255 255 0 0 0 61 255 0 0 255 228
    69 255 0 0 82 255 255 0 255 255 0 126 0 255 255 138 183 0 0 0 0 157
    0 0 255 0 255 255 0 255 0 255 0 0 0 255 255 0 255 0 0 0 255 0 0 0
    163 0 219 255 255 255 0 255 0 255 140 255 0 115 0 0 255 255 0 0 160
    0 0 0 255 255 255 20 255 255 255 255 255 28 0 255 255 255 254 0 0 0
    129 0 255 0 255 255 0 255 0 95 255 255 255 255 0 0 255 0 255 255 255
    0 0 0 0 144 255 255 255 0 255 0 255 0 255 255 0 255 255 0 255 0 113
    41 255 0 0 255 0 255 221 255 0 255 255 255 0 255 0 0 255 0 255 255
    129 0 0 0 169 255 0 0 228 255 55 255 255 255 255 0 255 0 255 255 0 0
    255 255 161 0 255 0 255 0 255 0 255 159 255 0 13 206 0 255 0 104 255
    255 255 0 0 104 255 255 0 0 0 255 255 56 255 0 255 0 0 0 255 255 0
    113 255 255 0 209 0 255 0 173 119 255 212 255 38 255 255 34 0 117 0
    255 214 255 0 0 63 0 255 0 31 35 0 0 0 255 255 255 255 255 255 0 255
    110 255 193 255 0 0 255 255 0 0 255 0 255 0 0 255 194 255 118 0 255
    255 255 0 0 215 0 255 255 0 0 0 0 0 219 255 0 255 255 255 255 0 16 2
    255 0 255 0 255 0 255 0 255 0 0 255 255 255 247 0 255 0 103 0 255
    255 27 0 70 165 255 255 0 0 255 73 0 255 255 255 255 255 136 0 0 255
    255 0 255 255 0 255 0 255 255 255 0 197 0 0 255 0 255 0 0 255 0 255
    0 255 255 255 255 239 21 255 255 122 0 255 255 255 0 119 255 255 0
    255 0 255 0 255 0 0 0 255 255 255 76 255 193 255 0 255 255 255 0 0 0
    255 255 0 255 40 255 197 255 0 0 0 255 255 255 255 0 0 81 255 255 0
    0 0 253 0 240 0 255 255 255 255 255 255 79 0 255 255 0 255 255 36 0
    106 0 255 32 0 255 0 0 0 255 255 255 255 0 0 0 231 255 255 172 137 0
    255 0 67 255 0 52 255 255 255 255 0 183 0 0 255 0 255 204 255 255 0
    0 255 0 0 0 255 77 255 255 201 255 255 255 255 106 0 93 0 255 0 72
    161 255 255 0 255 60 0 0 255 0 0 0 255 49 246 0 28 255 0 255 0 255
    255 0 0 0 204 0 255 0 255 203 0 255 255 255 255 255 255 0 0 255 255
    0 0 255 255 240 0 0 255 255 255 0 0 0 133 193 255 220 255 0 0 255
    255 246 0 255 0 0 0 255 0 209 255 0 0 37 255 59 255 0 48 0 255 87 0
    255 255 0 86 255 0 0 0 255 189 255 102 77 0 255 151 224 13 255 255 0
    0 255 255 255 0 243 0 0 187 255 244 108 255 0 0 0 0 201 255 255 176
    0 16 207 255 255 255 0 255 255 255 255 0 255 255 0 0 123 233 0 255
    255 241 0 0 0 255 0 255 0 255 0 255 0 255 255 255 255 255 255 255
    202 255 255 255 255 0 0 0 255 255 255 0 0 255 0 255 255 255 236 255
    0 255 0 255 255 255 0 0 0 0 0 0 255 0 105 216 0 0 0 255 255 255 0 0
    0 255 255 0 255 0 255 113 255 0 0 0 0 0 255 255 255 0 255 0 255 255
    0 0 77 0 0 0 0 180 0 0 255 189 75 198 255 255 255 0 0 0 255 217 255
    0 255 206 0 0 0 255 255 0 251 0 73 250 255 255 255 255 181 0 0 0 255
    219 191 255 0 255 0 255 150 255 255 0 255 0 219 0 255 255 255 255
    255 255 0 0 255 255 255 24 255 0 20 34 0 54 0 255 255 255 0 255 0 0
    255 255 221 255 0 216 42 0 0 0 0 160 255 191 0 0 0 106 122 196 207
    255 255 34 0 0 0 0 70 255 255 0 255 0 194 255 255 0 255 255 255 255
    0 0 0 0 0 104 255 0 255 0 255 0 255 45 0 252 0 50 255 0 255 0 227 25
    255 255 0 95 0 178 0 0 255 0 255 255 0 135 0 255 22 0 0 255 0 255 0
    255 0 200 0 255 0 255 255 102 0 0 255 255 0 0 0 255 232 0 255 0 242
    100 139 255 255 0 0 0 255 0 255 255 255 255 255 255 255 0 255 255 0
    100 55 141 0 255 0 255 9 0 0 0 255 255 0 255 217 6 93 255 255 97 50
    0 255 96 255 7 38 0 0 255 0 0 0 255 255 255 255 255 252 216 0 255
    255 0 0 0 255 178 255 0 255 0 0 0 255 255 0 0 255 0 0 0 0 159 255 0
    121 0 0 255 255 255 0 75 0 250 0 255 0 255 71 4 255 0 0 0 63 255 255
    255 70 43 255 122 255 107 255 0 255 255 255 255 0 0 0 27 0 229 4 255
    0 255 0 0 255 0 0 177 0 102 0 255 255 255 255 255 0 0 52 255 89 0
    255 255 0 49 25 0 0 236 0 255 0 255 0 0 0 146 252 130 0 255 255 0 0
    0 255 255 181 0 245 255 255 255 186 0 255 0 255 0 0 0 255 0 255 0 0
    0 255 255 0 255 255 0 140 0 255 0 255 0 255 0 87 255 232 0 48 255
    255 0 0 0 0 0 255 255 255 255 255 0 47 0 7 88 0 0 0 255 255 255 0
    255 0 0 0 255 255 255 255 0 0 255 185 255 0 0 201 255 0 0 0 255 193
    255 255 0 0 0 0 0 0 0 0 0 255 75 255 0 255 0 255 0 255 150 255 18 0
    0 0 255 0 255 255 122 0 255 0 255 0 255 0 0 0 0 255 0 0 0 248 0 255
    110 32 0 131 45 255 255 255 0 255 37 0 255 0 0 0 255 0 255 0 255 0
    255 0 255 160 255 255 0 196 0 255 0 255 0 255 193 221 62 255 255 255
    0 255 255 213 0 90 255 255 0 0 0 0 0 255 0 12 0 0 168 0 57 255 255 0
    54 233 0 255 255 255 0 255 0 51 0 255 0 255 255 255 42 129 0 0 0 101
    255 0 115 0 255 8 255 255 185 78 0 255 255 255 0 0 0 255 255 255 255
    0 255 0 0 0 255 255 255 0 255 0 255 0 0 255 255 0 255 255 255 87 140
    255 67 0 0 255 0 0 0 255 255 0 196 0 255 142 255 14 0 0 255 0 255 0
    255 115 255 95 0 0 0 255 0 255 255 255 0 244 255 0 255 0 252 0 0 255
    0 255 0 255 255 255 255 0 255 255 255 0 0 0 0 255 0 156 0 255 0 255
    0 255 255 0 0 0 255 208 255 255 255 0 255 198 0 255 0 255 45 155 0
    112 255 255 255 0 0 255 255 13 0 6 255 255 156 0 0 56 100 0 0 255
    103 82 0 255 0 255 234 255 0 255 255 255 0 0 255 0 255 0 255 255 34
    72 255 255 36 255 255 255 0 0 255 255 0 0 0 255 255 255 255 255 255
    0 0 0 0 255 255 227 0 0 255 255 48 0 105 0 255 0 139 0 255 0 0 255 0
    255 0 75 255 237 255 209 0 0 255 67 255 0 255 255 0 0 0 66 255 255
    255 0 0 255 255 0 0 255 255 86 0 160 209 53 0 255 0 0 0 255 43 255 0
    255 226 251 0 255 255 255 0 0 0 255 148 255 255 0 255 0 0 0 255 197
    255 0 223 141 255 0 255 0 255 0 0 113 255 255 255 0 0 255 255 255
    255 249 255 0 190 0 0 255 255 0 0 255 255 255 0 255 0 255 0 255 0
    190 0 255 40 0 202 53 255 0 255 0 111 255 0 0 117 3 255 255 0 91 61
    255 255 255 255 255 0 37 0 0 0 255 64 255 64 149 0 0 254 255 0 0 0
    255 0 53 255 255 0 0 255 255 255 255 0 0 0 0 255 255 255 255 0 0 0 0
    255 255 255 0 0 0 61 255 255 255 0 0 0 255 255 255 191 255 16 0 10
    228 0 255 135 0 0 255 0 0 255 255 0 0 0 255 255 0 0 194 95 0 255 0
    255 0 255 0 255 0 255 255 255 0 0 0 255 255 255 174 0 240 255 255
    255 0 0 255 71 139 255 0 0 217 255 255 0 255 42 255 0 72 0 255 79
    255 0 255 0 0 0 253 177 0 114 0 0 0 255 79 0 0 255 65 0 255 18 60 0
    0 0 255 255 255 255 180 0 149 255 0 0 0 0 0 0 255 255 0 0 15 255 106
    0 0 255 0 255 0 255 27 255 0 73 255 255 0 255 0 0 255 2 0 255 255
    255 0 255 0 255 0 255 225 255 0 223 0 255 0 110 255 235 0 0 0 255 0
    95 0 255 0 255 0 0 0 0 255 255 255 177 255 255 250 60 54 255 255 14
    0 255 12 255 255 178 0 0 255 255 0 198 0 255 0 255 0 255 236 255 0 0
    0 0 250 0 255 14 255 255 0 0 0 255 255 0 0 0 255 0 255 255 255 0 0
    255 51 255 0 255 0 255 0 55 0 255 224 0 0 0 0 255 0 42 64 180 255 0
    255 255 255 0 255 0 0 240 255 0 0 89 202 255 255 255 0 255 0 255 0
    255 255 255 11 0 0 72 103 255 92 99 44 0 255 205 255 0 0 0 255 255
    255 255 0 0 255 0 255 19 255 0 0 173 0 255 255 255 255 102 2 0 106 0
    0 173 255 255 0 81 0 0 11 255 0 255 0 255 255 255 0 255 238 0 255 0
    255 255 247 17 255 0 255 0 0 0 0 255 255 0 0 255 255 255 0 0 255 255
    255 0 0 255 0 59 255 255 241 0 0 255 255 0 0 93 0 0 0 164 0 0 0 255
    80 0 68 0 58 255 255 0 0 0 0 0 255 0 0 151 255 127 255 0 255 0 0 255
    0 255 255 253 0 0 255 255 248 0 14 0 255 0 0 0 255 255 5 255 255 0 0
    182 255 59 255 0 0 255 0 255 255 255 0 0 0 41 255 0 12 255 0 245 255
    0 0 13 255 245 255 11 255 0 0 0 255 0 255 0 0 255 255 255 104 168 0
    255 0 255 0 152 0 0 255 0 160 0 0 68 255 255 0 255 0 255 0 0 0 255
    255 98 255 73 0 0 0 88 0 255 255 255 124 255 255 0 241 255 0 194 0
    255 0 255 78 228 0 94 0 0 0 255 255 255 255 255 218 0 0 0 0 104 0
    255 0 255 0 168 0 255 0 255 0 255 4 255 182 0 0 255 255 255 0 255
    255 64 0 2 196 255 255 0 0 255 255 255 0 255 255 0 0 0 0 108 4 255
    255 0 0 0 0 255 0 52 0 0 255 255 140 0 0 255 255 0 0 0 0 255 0 255
    255 255 166 0 0 112 233 48 0 255 255 255 86 22 0 206 0 255 25 0 7 0
    0 134 255 255 0 0 111 0 0 0 255 0 255 0 255 0 21 180 87 255 0 255 0
    221 0 0 0 207 255 32 255 0 247 0 255 0 0 0 255 255 255 0 255 255 0
    255 26 0 255 152 0 255 0 0 40 0 251 255 0 0 0 255 255 255 255 255
    255 0 0 0 171 255 255 255 0 0 241 0 255 0 255 0 0 255 0 65 255 99
    255 173 0 0 66 255 172 255 255 255 0 255 0 255 0 0 0 0 0 255 255 0 0
    255 0 255 0 255 113 255 18 0 0 2 213 255 255 156 255 0 255 255 0 0 0
    0 0 255 255 255 0 0 63 255 0 0 255 255 0 32 0 255 255 255 255 0 255
    0 255 255 255 255 0 0 0 255 255 70 255 0 159 0 31 0 0 255 255 255
    255 0 0 0 0 0 172 255 0 255 255 80 255 0 145 255 238 0 0 0 255 255
    36 0 0 0 0 255 129 36 95 0 255 139 255 133 0 0 255 0 0 0 64 255 255
    255 143 102 175 255 0 186 255 0 0 167 255 255 0 0 0 255 190 255 255
    0 0 117 255 255 255 255 0 0 43 0 255 255 255 0 255 242 255 0 255 0
    255 255 255 0 84 0 255 219 255 255 0 82 7 255 0 0 255 0 255 0 51 255
    0 255 0 255 142 253 0 0 251 0 0 255 0 255 0 121 255 255 0 0 48 81
    255 255 255 255 255 0 0 0 0 0 255 255 0 0 0 255 211 0 255 255 178 0
    0 0 255 255 0 120 0 255 255 0 255 255 255 224 255 255 194 158 0 255
    0 149 0 255 255 255 255 0 113 201 255 0 0 253 0 0 0 255 255 255 49
    222 0 111 255 255 255 0 0 0 255 140 255 0 0 0 255 255 120 0 255 60 0
    0 255 101 226 0 138 0 52 255 255 30 255 255 255 0 0 0 177 25 213 0
    255 255 88 121 98 0 214 0 255 255 0 0 0 0 255 255 255 0 0 0 255 126
    0 0 0 255 0 0 234 54 0 255 208 81 0 255 0 0 0 13 0 0 255 0 255 0 255
    255 228 255 0 0 0 255 0 0 255 255 255 0 255 0 0 0 255 255 0 0 0 255
    0 255 255 255 191 0 0 24 255 138 255 0 145 0 255 255 255 0 240 0 255
    113 255 0 0 0 255 0 0 124 227 81 0 0 255 255 255 255 0 0 255 255 255
    0 0 0 255 255 115 14 255 255 0 114 110 255 165 118 0 255 0 255 195 0
    255 255 0 0 133 255 255 0 0 255 255 255 255 255 255 226 0 0 0 182
    255 217 0 0 0 255 0 210 1 255 198 255 0 0 105 255 0 143 0 255 0 255
    0 255 255 255 0 0 0 255 0 0 255 243 0 255 255 255 0 0 255 255 249 0
    0 255 255 255 0 255 255 255 0 255 0 255 255 50 255 0 0 0 255 43 0 0
    255 84 255 0 0 167 255 0 255 0 255 0 255 180 186 0 255 0 0 0 0 0 255
    255 255 255 255 51 0 19 142 255 255 255 0 0 0 47 0 0 255 255 255 0 0
    0 255 0 0 0 255 0 255 0 255 255 184 101 0 255 0 255 0 194 255 0 248
    0 255 255 255 0 11 255 112 0 255 31 160 128 77 0 0 255 0 148 0 255 0
    255 0 255 0 226 255 255 255 255 0 255 0 255 255 0 255 0 116 255 255
    0 0 127 255 146 0 0 9 236 255 255 172 17 255 255 0 64 87 255 255 0
    255 255 63 255 255 127 255 0 104 224 255 44 255 0 117 255 255 0 0
    255 0 255 0 204 155 0 255 0 99 0 255 85 255 0 0 255 26 0 0 255 255 0
    0 21 255 0 160 0 255 0 255 153 0 255 0 255 0 255 255 0 0 0 255 0 0
    255 255 255 128 0 0 0 0 255 0 255 28 255 21 0 0 255 165 255 0 255
    255 0 255 0 255 57 0 0 71 0 0 255 0 0 0 7 0 255 0 255 255 255 255
    255 0 0 0 237 176 255 255 147 135 0 0 0 0 0 0 255 255 255 255 0 0
    255 0 0 255 0 255 255 0 80 99 255 0 0 37 255 0 51 255 233 37 45 255
    255 81 255 255 255 0 255 0 0 0 0 255 0 0 129 255 255 0 0 184 255 0
    255 81 255 0 0 56 255 0 0 0 255 255 255 0 248 230 90 255 0 0 0 72
    255 176 179 255 0 250 0 245 0 0 255 0 255 255 255 255 255 17 0 21
    255 150 255 0 139 255 255 255 255 0 255 0 0 255 0 255 250 0 255 0
    255 0 255 255 47 243 49 255 0 0 189 255 229 0 0 0 255 0 255 255 255
    0 0 255 255 60 255 0 0 0 0 176 0 0 255 255 255 0 0 185 0 170 0 255 0
    255 0 144 255 0 255 0 0 0 255 255 0 0 68 255 0 0 255 255 179 255 255
    0 0 0 111 255 0 255 255 255 69 183 0 0 112 255 255 255 0 0 0 255 255
    222 0 0 35 255 255 19 255 255 80 0 246 255 17 255 255 0 0 0 0 0 0 0
    0 166 255 0 255 255 255 88 255 0 0 128 255 255 0 255 0 255 255 0 0 0
    255 255 255 255 81 0 255 0 145 255 255 255 255 0 0 0 255 255 0 194
    232 255 255 150 255 255 255 0 96 0 255 255 255 0 0 0 0 255 0 188 255
    0 255 156 0 255 255 0 0 45 255 255 255 0 86 0 16 52 82 255 255 255
    159 0 255 0 255 5 232 255 255 0 0 0 0 0 0 0 0 255 255 255 0 255 255
    255 0 255 0 255 80 98 0 255 156 255 0 255 255 125 0 255 255 0 0 0
    255 0 208 0 255 255 0 0 255 0 255 0 255 0 0 174 255 255 0 0 165 255
    255 255 17 0 0 255 158 0 122 0 255 117 255 129 137 26 255 0 255 208
    255 255 255 0 125 0 255 255 0 0 0 0 0 0 255 0 0 0 255 255 0 255 0
    255 0 0 0 255 17 0 0 255 255 0 0 64 0 0 255 0 255 0 255 0 255 0 0 0
    255 0 203 255 255 232 255 0 0 0 0 255 55 255 0 255 84 255 64 255 0 0
    255 0 255 255 0 0 0 255 255 204 0 0 0 255 255 0 255 255 0 0 0 0 255
    0 255 0 187 0 52 255 0 198 0 0 236 255 212 95 0 0 172 255 255 87 255
    253 255 0 0 255 0 255 0 255 0 255 225 54 255 0 255 0 233 0 255 243
    255 255 0 0 0 255 0 0 0 255 0 66 0 255 0 58 0 0 255 255 255 255 255
    0 0 255 255 255 0 0 34 255 255 255 0 79 0 239 0 255 0 134 162 224 0
    0 0 117 0 255 255 0 255 47 255 0 177 255 255 0 177 116 63 187 255 0
    255 105 255 0 234 121 0 154 0 140 0 0 196 255 149 255 0 255 0 0 123
    216 255 255 0 167 72 255 255 0 255 255 255 98 0 0 195 255 255 255 0
    61 0 255 0 255 90 29 0 255 0 0 255 0 255 0 255 0 0 255 255 255 0 0
    255 255 71 0 255 255 255 255 0 255 91 255 74 0 255 255 255 0 188 0
    255 255 131 255 95 255 0 0 255 255 0 0 8 103 1 228 255 255 0 0 0 0
    255 0 255 220 255 0 221 255 255 0 0 0 255 255 0 255 0 255 0 255 17 0
    0 25 221 39 0 0 255 255 255 0 255 0 255 0 0 0 170 0 230 255 255 255
    112 255 0 0 0 0 255 204 255 0 0 255 0 255 224 156 0 255 255 0 255
    255 255 0 0 0 255 255 0 255 255 0 255 0 255 138 255 129 0 88 255 165
    9 0 0 17 77 95 0 255 248 255 0 0 255 255 0 255 255 0 0 0 0 255 0 255
    255 255 171 0 0 255 255 26 0 0 255 200 0 0 0 255 184 201 0 0 165 0 0
    255 255 255 0 255 0 255 197 255 0 0 248 255 0 255 255 255 0 0 0 255
    0 72 255 255 0 0 255 0 255 0 255 0 255 0 255 255 255 0 0 0 169 255 0
    0 0 255 0 0 255 255 0 0 255 255 6 0 0 0 255 255 0 255 235 173 0 255
    49 0 255 0 0 0 255 255 255 0 255 140 255 0 255 255 0 255 255 118 255
    0 255 0 0 0 255 191 255 0 255 0 0 0 255 255 255 255 63 255 141 0 0
    149 0 255 255 255 0 255 0 0 255 187 255 73 255 255 0 0 255 255 0 255
    0 255 0 167 255 255 0 0 0 255 85 0 0 131 0 226 255 255 0 255 0 255
    255 0 255 255 255 0 0 255 0 174 0 0 0 255 0 255 196 255 255 255 255
    0 0 0 255 244 0 0 255 255 107 0 0 255 255 41 148 0 0 255 72 0 0 191
    255 159 0 0 0 255 255 0 0 231 7 255 0 0 25 0 255 255 255 255 0 0 0
    255 255 255 148 255 0 0 255 255 0 0 0 255 255 112 0 255 68 0 0 107 0
    0 0 253 255 41 0 0 255 255 255 255 0 255 0 255 255 101 0 0 180 255
    255 255 255 146 0 0 0 255 255 255 57 239 172 0 127 255 255 115 0 180
    246 255 255 57 0 6 255 0 255 16 255 39 0 0 0 255 255 255 132 37 255
    0 0 255 255 0 0 255 145 190 15 255 68 7 255 28 0 0 44 0 255 0 0 0
    255 0 0 0 0 119 0 72 255 255 255 69 0 0 88 141 0 255 127 255 255 255
    255 255 59 0 255 255 255 255 255 238 0 0 0 255 255 255 0 0 6 0 218
    255 255 0 0 255 255 255 0 0 0 120 0 255 255 255 0 0 0 255 255 0 172
    0 255 0 0 0 0 255 255 0 255 0 255 0 255 0 255 255 255 0 0 255 0 255
    0 255 190 255 0 255 0 255 255 255 0 0 255 255 255 255 255 0 255 177
    0 255 0 255 0 255 0 255 255 255 0 0 255 160 255 0 255 0 0 0 255 255
    0 15 109 255 255 0 255 0 255 156 22 255 255 255 255 160 255 167 255
    0 255 255 0 151 0 0 255 255 34 255 0 0 218 0 0 255 255 255 0 0 144 0
    255 0 255 0 0 255 69 0 0 91 255 255 255 0 0 0 255 255 178 159 126 0
    0 253 87 255 255 0 0 255 255 255 0 0 113 73 136 255 236 241 255 255
    0 0 255 255 255 110 255 0 75 141 255 0 155 0 255 36 75 255 0 0 180
    184 255 255 0 173 0 255 0 0 124 0 255 255 220 255 0 0 0 0 255 0 255
    51 0 0 255 0 0 255 0 255 0 0 255 0 0 6 0 0 160 0 0 255 255 255 142
    177 255 64 255 255 0 183 0 255 0 0 0 255 0 255 255 255 0 255 0 255
    255 255 255 0 255 0 255 255 255 0 0 91 0 255 255 255 243 0 0 255 255
    0 0 255 255 255 255 0 255 0 14 255 255 0 0 71 133 255 255 0 0 0 255
    255 0 255 0 255 0 0 0 0 255 255 36 122 0 0 3 255 255 93 255 255 0 0
    0 255 198 68 0 0 0 255 255 255 255 255 122 255 0 255 0 255 0 255 0
    16 255 255 0 147 120 0 0 255 255 255 0 0 255 0 255 255 240 255 0 96
    0 255 255 12 0 255 255 0 0 0 255 255 255 0 255 0 255 255 88 255 0
    255 64 255 0 255 0 255 0 255 255 255 0 0 0 255 112 130 0 0 255 255
    68 255 255 0 89 255 255 255 163 0 255 0 67 255 255 255 0 115 172 0 0
    255 255 255 0 0 0 255 179 190 0 0 103 161 0 0 240 255 105 0 0 255 0
    173 255 255 0 255 162 0 0 0 255 141 255 219 0 255 255 255 255 188 0
    0 255 255 255 0 53 255 0 0 0 255 0 0 255 160 0 0 207 255 255 209 219
    255 0 0 58 0 255 255 255 41 255 255 255 255 255 199 0 255 129 255
    255 0 255 0 255 3 177 0 0 255 255 0 0 0 255 0 255 0 255 48 109 49
    255 0 255 0 255 218 64 0 51 255 0 255 197 255 93 0 0 255 255 255 255
    0 124 255 217 0 255 255 255 255 255 255 255 0 125 0 255 0 255 0 255
    0 255 0 0 249 149 36 0 255 0 255 0 205 255 238 0 255 255 255 0 0 255
    255 255 0 255 206 255 0 255 255 173 0 107 255 0 255 0 0 0 0 0 255 0
    255 0 255 0 9 111 255 0 0 109 255 0 255 242 255 11 0 0 96 46 255 0
    115 0 255 192 255 0 0 0 172 255 115 0 88 117 255 255 0 151 255 179 0
    0 99 255 255 255 0 255 0 255 0 231 0 0 231 255 0 234 255 255 0 0 0
    255 255 255 97 255 169 0 255 255 255 0 0 0 0 0 255 255 255 255 217
    255 0 0 0 255 142 0 0 255 255 171 69 0 255 0 14 210 255 255 0 0 0
    236 255 51 0 255 255 255 0 0 255 238 255 0 255 0 43 149 255 0 0 0 0
    255 255 180 94 170 255 0 255 6 255 0 0 255 107 255 255 255 255 255 0
    0 0 0 255 0 0 0 255 255 255 36 0 0 88 255 255 255 0 0 0 118 255 0
    255 240 170 173 0 255 199 255 0 255 255 255 255 0 221 255 255 255 0
    0 0 225 175 255 9 255 0 0 0 255 255 255 0 0 121 0 0 0 255 129 0 255
    255 35 255 0 0 255 255 0 0 255 255 255 255 255 255 255 255 0 167 255
    255 0 0 0 255 255 255 0 255 58 0 0 0 255 255 154 255 78 0 0 0 246 0
    0 255 0 255 0 0 255 0 0 216 0 255 255 255 255 225 255 0 0 0 255 109
    0 0 255 0 0 0 0 0 255 0 0 227 255 255 255 255 255 195 0 255 50 0 0
    255 0 255 255 255 0 0 0 0 255 183 255 126 185 0 0 0 0 255 0 255 0 0
    0 255 0 255 255 0 0 0 255 255 149 0 199 255 255 0 0 0 255 0 255 0
    255 255 255 208 255 0 0 0 0 255 255 255 255 255 0 185 255 16 0 0 255
    255 255 156 0 0 255 255 255 0 245 0 255 255 255 170 50 0 255 113 0 0
    0 255 255 0 255 0 255 0 0 101 255 61 0 0 255 1 255 57 0 194 255 46 0
    68 255 255 255 255 255 130 0 0 0 202 255 255 255 0 0 255 255 0 121
    255 255 241 0 0 0 0 66 0 255 0 255 0 255 42 255 0 0 0 255 255 255
    148 255 0 7 154 255 144 0 201 255 0 255 255 255 0 0 0 34 0 0 0 0 255
    255 0 0 255 0 0 255 255 255 0 0 255 255 105 170 191 0 125 255 255 80
    0 0 0 0 0 255 255 157 201 0 255 255 215 0 0 255 187 255 0 0 255 255
    255 55 255 86 255 0 135 0 123 0 123 154 192 0 0 255 255 0 0 120 255
    86 8 0 128 0 255 9 75 255 96 255 0 255 0 255 0 255 0 0 0 255 128 255
    69 0 0 0 255 255 23 255 134 189 255 255 255 0 0 0 255 255 255 0 255
    255 0 255 255 206 255 0 255 0 0 255 255 255 115 255 0 0 0 255 255
    255 0 0 191 255 231 0 0 255 255 255 0 146 0 255 255 0 255 0 255 0 62
    0 255 0 255 255 255 0 255 0 108 0 255 0 0 155 255 255 255 255 255 0
    255 80 0 0 0 255 255 0 0 235 0 255 0 0 44 0 219 173 255 0 255 255 0
    255 11 0 255 0 255 0 0 0 255 154 32 0 0 0 255 0 0 0 197 255 43 209
    255 0 112 0 250 83 98 0 0 255 255 61 91 48 255 0 0 0 255 0 186 0 0 0
    255 255 255 255 139 0 255 255 255 74 0 255 255 255 0 0 0 198 123 255
    255 0 249 0 255 255 0 0 0 255 255 255 0 120 0 0 0 0 255 0 0 255 0
    255 37 0 0 255 255 84 0 255 255 221 0 204 0 0 255 115 112 0 0 255 76
    255 255 255 255 0 0 0 255 0 255 255 0 247 0 255 255 0 198 143 255 0
    255 0 214 255 240 255 255 0 0 2 101 126 126 0 255 0 255 0 8 0 255 0
    255 138 0 0 255 158 0 190 255 255 255 0 0 255 252 44 0 255 0 255 67
    255 0 0 0 0 255 0 202 211 255 255 255 252 255 0 0 0 255 255 161 117
    255 163 37 0 0 0 162 255 0 0 255 255 255 0 0 0 255 255 255 255 0 255
    0 0 255 255 0 255 0 203 0 0 0 247 255 255 255 0 131 255 0 164 0 255
    0 17 255 0 255 255 26 236 249 0 255 189 211 0 229 255 73 255 0 28 22
    255 0 129 255 0 255 255 255 68 255 148 0 0 0 0 255 0 226 0 0 255 122
    0 0 217 255 211 0 0 0 0 255 0 255 251 255 0 255 0 0 0 207 196 255
    255 0 0 255 0 0 255 0 28 0 0 0 255 255 255 46 154 255 0 177 0 255
    255 0 0 0 255 255 255 0 255 0 255 255 0 255 0 255 0 0 0 0 0 255 255
    255 0 255 0 255 0 255 0 255 0 255 0 126 255 255 255 0 255 0 0 255 0
    255 19 0 0 244 255 0 73 231 255 0 255 0 255 0 44 0 0 0 0 255 255 0 0
    255 255 0 153 255 0 0 0 0 255 255 4 0 255 112 126 0 0 255 255 237 0
    0 255 0 0 43 255 0 0 255 50 255 27 106 255 196 255 5 140 255 0 255 6
    255 0 0 0 245 255 255 203 0 255 211 255 255 255 0 255 0 255 255 0 0
    255 0 255 214 90 0 0 255 255 255 0 255 0 255 0 255 0 0 0 255 0 255 0
    255 0 0 0 255 0 255 0 100 0 255 227 255 255 240 0 255 255 255 0 255
    216 0 0 208 241 0 255 255 255 0 255 255 255 122 0 255 0 255 255 0 0
    0 255 0 255 0 154 255 255 0 0 0 0 255 255 0 0 255 238 255 78 255 255
    152 255 151 255 0 255 0 247 59 255 255 255 0 0 0 240 255 64 255 0
    255 200 255 255 0 255 255 255 238 0 255 255 255 0 19 0 0 9 255 255
    255 255 0 0 255 255 255 255 0 119 10 0 153 0 255 0 0 255 0 255 0 0 0
    0 242 255 255 255 0 255 0 255 0 255 0 0 0 0 0 72 0 255 0 255 255 0 0
    111 255 255 236 20 76 255 255 255 0 0 233 255 255 0 0 0 255 0 255 0
    255 119 255 89 0 252 0 85 0 0 0 0 255 255 255 0 0 0 0 255 103 0 255
    0 0 0 255 0 0 0 255 255 255 255 255 0 0 0 255 0 255 201 186 0 255 0
    255 255 255 98 255 0 0 0 255 0 79 0 234 0 0 255 255 255 0 0 0 0 255
    199 255 0 0 255 255 0 255 0 255 255 255 255 0 255 0 2 146 255 0 0
    255 255 255 0 0 81 229 194 255 0 55 0 4 255 255 54 0 0 0 0 255 0 255
    0 0 179 255 255 255 255 81 0 0 255 255 0 55 255 255 49 0 0 0 255 255
    176 0 0 255 255 255 0 53 0 255 255 182 126 255 79 246 255 0 0 0 126
    5 255 5 0 0 255 0 255 2 0 255 0 255 117 171 255 255 207 0 255 0 255
    0 255 255 189 255 0 155 0 0 0 255 0 183 255 18 218 0 206 255 255 255
    0 0 0 0 255 255 255 23 255 0 0 0 255 133 32 70 255 255 239 0 255 255
    0 0 255 136 197 0 255 0 255 0 255 110 255 37 0 255 0 0 0 251 255 255
    255 124 0 0 0 255 0 0 255 0 0 0 0 255 137 255 0 73 255 255 255 182
    255 255 255 0 255 0 255 255 227 0 0 0 255 255 255 0 255 255 0 255
    255 255 0 0 57 255 147 0 0 200 255 0 0 0 255 255 255 0 0 255 0 60
    255 255 0 0 0 0 255 0 0 255 255 7 0 255 255 20 243 0 255 0 255 138
    171 0 78 255 0 255 0 255 0 255 0 255 0 139 0 217 0 0 0 255 0 255 0
    255 0 0 255 255 255 255 255 255 255 209 203 0 0 255 0 255 0 0 255
    255 0 0 0 255 117 170 0 255 255 255 255 0 200 0 255 255 255 255 0
    255 0 255 255 255 0 0 0 255 255 255 0 114 0 255 0 196 53 157 0 255 0
    0 0 0 0 255 255 0 255 255 255 255 0 0 87 255 255 255 255 0 0 0 255
    255 255 0 255 0 81 0 0 255 255 65 0 0 0 255 0 129 255 0 0 0 255 0
    246 108 0 255 0 255 0 52 255 255 0 0 0 0 255 255 255 0 118 0 255 255
    255 0 255 80 0 0 255 0 255 255 255 255 0 255 255 0 144 0 255 255 255
    37 0 0 0 255 255 255 178 0 0 255 255 0 255 0 255 0 36 255 0 132 160
    255 0 14 0 101 255 0 0 245 120 181 0 0 158 0 255 255 0 0 0 0 152 255
    0 0 0 255 136 255 206 184 255 75 255 255 255 0 198 0 161 0 150 45 0
    9 255 0 255 255 0 255 255 0 0 255 58 126 0 0 0 255 255 154 255 0 255
    255 0 0 255 255 255 255 0 255 0 0 0 0 255 255 0 0 0 255 0 0 255 202
    255 255 0 0 0 110 255 255 0 0 255 255 150 0 0 0 0 0 255 0 35 99 255
    255 0 0 255 0 0 255 255 0 0 255 255 255 0 0 0 255 64 255 0 0 0 255
    30 182 255 255 255 250 0 222 0 255 0 246 37 255 88 255 255 134 16 0
    255 0 255 255 255 0 32 255 0 0 255 255 0 49 162 0 0 0 255 255 0 0
    255 0 255 142 0 0 0 255 141 67 0 255 0 255 255 167 0 0 255 255 255
    255 0 49 255 255 130 0 0 0 255 255 120 255 255 0 255 0 255 255 255 0
    255 0 255 255 70 0 0 34 255 50 255 255 0 0 255 169 255 0 0 255 255
    255 0 163 0 255 0 69 255 255 0 217 255 36 82 0 255 0 0 0 0 0 255 255
    184 154 0 0 255 255 255 0 255 255 255 0 0 0 0 0 255 255 226 255 0 0
    0 255 255 0 203 255 255 255 66 0 3 255 32 0 255 191 255 0 24 0 152 0
    255 255 255 255 0 255 0 255 255 255 0 13 0 255 255 11 0 187 18 255 0
    0 255 0 255 255 255 0 255 0 0 255 0 255 0 88 255 0 255 0 106 0 254
    255 255 255 0 0 0 255 255 0 255 0 231 0 30 0 255 0 208 0 0 0 255 75
    255 0 0 171 255 0 255 255 255 0 255 0 255 255 0 255 0 0 255 255 255
    255 144 255 0 0 143 233 255 255 255 136 78 0 255 0 0 0 255 255 0 0 0
    0 183 255 255 255 0 255 0 255 0 255 0 255 0 255 0 0 0 255 255 255
    255 0 192 0 0 142 255 255 255 255 224 55 225 255 0 0 255 255 255 0 0
    145 0 0 255 255 242 218 255 255 0 0 255 255 255 255 0 255 0 0 0 140
    255 255 255 0 0 119 0 0 255 0 0 255 22 84 0 255 208 255 77 0 255 0
    255 255 122 0 161 255 255 0 255 0 123 0 149 0 0 222 255 255 255 255
    255 21 0 0 0 150 255 0 0 255 255 0 0 255 255 0 0 131 255 255 255 255
    0 0 255 0 225 0 255 0 154 194 255 255 241 255 187 26 255 255 0 0 0 0
    57 255 255 0 225 0 255 0 83 0 255 0 255 255 255 0 0 139 255 255 255
    0 255 0 255 0 239 189 255 255 0 30 0 255 255 0 0 0 0 0 255 255 255 0
    0 15 255 0 255 255 255 0 255 230 255 0 0 166 0 255 255 0 255 0 4 0
    255 255 255 244 0 0 71 0 255 0 0 176 255 255 94 0 0 0 255 255 255 0
    181 255 198 255 255 255 223 178 0 0 255 177 0 0 0 0 255 255 0 0 255
    149 0 177 0 255 0 255 0 255 0 255 255 255 255 255 0 0 0 255 255 255
    0 0 0 255 255 0 0 255 0 255 0 255 0 255 255 147 0 0 255 255 255 0
    255 0 138 0 255 255 255 0 134 78 255 0 255 0 0 0 255 255 0 14 255 0
    0 255 0 255 0 0 255 255 0 255 255 255 0 255 19 255 255 209 0 255 0 0
    255 0 255 255 255 0 87 0 255 124 255 0 190 255 0 0 0 255 255 255 0
    255 0 255 255 255 217 0 255 255 255 0 255 0 255 0 255 0 0 0 255 255
    255 0 0 0 167 255 0 0 14 255 0 179 0 255 0 0 48 186 255 0 255 255 13
    199 3 0 255 233 0 255 255 0 255 255 255 0 255 0 255 0 255 0 79 0 0
    255 255 255 255 83 255 0 0 0 255 255 255 0 0 168 255 0 255 0 255 0
    255 0 0 255 255 0 191 255 200 255 0 99 255 255 0 0 0 0 255 255 255 0
    0 0 255 255 0 255 0 0 255 255 255 255 255 0 0 0 24 255 255 25 145 0
    0 0 255 74 0 0 0 255 255 255 0 0 0 190 93 255 0 0 255 255 0 0 255 0
    255 0 255 255 0 0 0 255 255 231 0 0 0 0 255 0 132 255 0 255 255 255
    0 255 0 0 255 255 255 0 0 0 215 255 255 255 0 0 0 0 255 255 0 0 255
    255 255 0 0 0 94 255 0 0 146 255 30 0 0 255 0 0 172 255 255 255 255
    0 0 0 148 0 255 28 0 200 255 255 0 52 255 255 0 185 0 61 0 0 255 253
    255 255 0 247 255 129 0 0 0 35 255 255 255 209 0 255 0 0 86 255 0 0
    0 255 255 255 255 255 0 0 0 255 255 255 0 0 255 255 255 0 255 72 255
    255 0 255 28 194 0 0 255 0 255 0 255 0 255 0 255 0 255 0 0 0 234 255
    34 84 255 255 255 138 0 65 255 0 255 255 255 0 255 0 255 0 0 0 0 255
    0 255 117 0 56 0 255 0 155 0 255 255 0 55 255 0 212 235 0 0 255 255
    255 0 0 0 255 76 255 0 255 0 255 255 0 0 0 255 0 255 2 0 0 255 0 255
    0 0 234 255 255 0 255 0 86 0 255 0 0 0 255 255 255 0 255 0 255 0 255
    136 255 0 0 255 0 0 255 255 255 130 255 0 255 0 0 0 255 0 0 0 255
    255 255 237 255 0 0 0 0 0 255 0 0 255 255 231 0 255 0 221 255 255
    255 0 0 77 122 255 255 255 255 0 255 0 0 0 0 255 255 0 0 14 255 255
    0 255 0 255 0 255 255 255 84 80 255 0 0 0 255 255 0 0 0 255 255 0
    255 255 255 0 0 22 0 255 209 255 255 255 0 42 85 0 0 0 0 255 0 255 0
    0 0 0 0 255 160 255 255 255 255 13 0 0 0 0 255 186 255 255 0 255 0
    255 255 255 0 217 0 0 151 225 255 0 255 0 255 0 255 0 255 255 0 255
    0 0 229 255 255 0 0 142 255 12 0 0 0 0 255 255 0 255 0 0 0 255 255 0
    144 0 255 169 255 0 67 255 0 255 0 255 0 0 0 255 0 0 255 0 0 0 255
    255 255 0 33 255 255 255 0 0 0 174 0 0 255 129 0 0 121 255 255 255 0
    0 0 255 255 255 255 104 255 255 255 45 0 0 0 0 255 255 0 0 0 255 0 0
    255 255 255 255 255 0 127 255 0 255 255 255 65 255 255 255 0 0 255
    255 255 70 38 0 0 255 200 140 255 0 228 0 255 255 255 255 0 177 0
    255 255 0 255 0 255 0 255 0 0 0 255 255 0 0 0 0 255 255 0 0 255 0 0
    0 255 138 255 36 255 0 87 214 0 255 255 0 0 139 0 255 255 128 255 0
    53 30 255 0 0 3 255 255 255 0 0 255 0 0 0 255 0 255 0 0 107 255 255
    255 32 255 101 255 0 70 202 255 255 0 0 0 255 0 255 0 230 0 128 255
    255 0 0 0 255 27 255 255 255 255 0 0 255 0 198 0 255 255 0 0 255 255
    255 0 0 0 255 255 255 0 255 40 255 255 0 255 0 255 10 255 0 0 255
    255 0 40 0 29 157 255 0 255 255 255 43 255 0 195 141 255 0 0 255 93
    0 0 69 255 185 0 0 0 185 0 255 255 120 255 0 255 0 21 255 28 255 255
    0 0 14 136 0 220 255 0 255 0 255 0 255 0 0 0 144 255 255 106 255 255
    0 255 255 255 0 0 27 0 255 0 0 0 0 255 35 255 0 255 0 0 255 255 255
    0 226 0 255 255 0 220 43 255 0 255 255 0 255 255 0 0 0 89 255 0 255
    255 255 255 0 255 255 0 0 178 0 0 255 0 255 159 255 0 255 226 255 0
    0 0 255 255 0 0 0 255 255 110 255 35 255 197 255 0 255 255 0 255 0
    255 255 62 0 115 0 255 0 255 0 255 255 156 0 179 0 0 0 148 0 255 255
    0 0 0 117 89 133 255 0 240 0 0 0 255 255 255 0 255 255 0 0 0 255 0
    255 255 149 0 0 0 255 0 255 0 255 0 255 69 255 255 0 0 0 0 255 0 200
    0 0 0 255 255 255 0 211 0 255 0 255 255 215 255 0 0 0 255 255 126
    100 255 0 255 0 255 0 183 0 0 0 255 0 255 0 255 255 255 255 255 255
    0 0 0 0 255 255 109 0 255 0 255 255 255 255 138 0 0 255 255 255 0
    139 0 0 255 255 0 118 255 255 255 159 0 245 255 255 255 0 0 0 255 0
    255 195 192 255 255 50 255 255 255 0 0 255 0 255 0 255 255 255 255 0
    0 0 255 255 255 0 255 0 0 0 219 3 0 255 0 28 255 255 255 255 34 0 0
    255 255 0 255 0 255 255 0 37 0 255 255 255 0 0 255 245 255 0 204 152
    89 72 255 255 0 0 0 220 255 193 255 125 255 255 255 0 0 34 0 7 255 0
    117 0 0 0 255 210 255 255 104 0 103 0 54 0 255 0 204 0 216 255 255
    118 229 255 255 0 0 255 255 0 255 255 255 0 0 255 255 115 255 0 255
    0 255 178 255 58 0 255 196 255 255 0 0 0 161 0 255 0 255 0 255 101
    255 255 68 255 153 255 255 255 0 255 0 255 0 255 255 255 0 255 57
    255 0 255 62 255 255 0 0 0 0 0 0 0 255 255 64 255 0 255 87 255 255 0
    255 0 255 255 255 21 231 255 90 201 255 73 254 176 38 0 255 0 255
    159 255 255 247 17 0 0 0 255 0 4 0 0 0 228 0 255 255 255 0 255 61 0
    0 0 241 0 0 255 255 255 0 155 255 221 255 255 255 0 0 0 255 255 255
    0 0 145 13 255 51 255 0 159 255 255 255 233 0 94 0 255 255 255 251 0
    255 0 126 0 0 255 255 255 0 0 255 255 0 16 255 255 255 255 255 0 255
    255 185 0 0 99 0 0 0 255 255 255 0 0 255 255 0 0 0 255 0 255 8 255 0
    164 0 255 0 0 0 0 204 255 255 144 0 255 0 0 0 0 255 0 255 0 0 255
    255 0 218 255 0 255 255 0 255 255 255 0 255 255 255 0 255 0 255 116
    255 255 0 72 0 233 0 207 92 255 255 255 255 0 255 0 255 0 255 0 0
    255 0 0 76 255 0 255 205 75 255 0 0 0 0 237 0 4 255 255 107 0 0 0 0
    255 115 0 255 0 0 0 255 76 255 255 0 0 85 255 255 171 0 0 255 0 255
    0 255 255 0 0 0 255 255 0 255 0 255 93 46 255 255 0 255 255 255 0
    255 102 121 0 0 255 255 255 0 0 116 255 0 255 255 255 0 255 255 0
    255 0 0 0 255 255 255 0 255 255 255 166 0 202 0 255 0 255 197 255 51
    0 176 0 188 0 39 255 255 0 0 255 0 255 252 255 0 0 255 0 255 92 255
    0 0 0 255 255 201 255 255 255 0 0 0 255 255 90 0 0 0 98 255 255 255
    0 155 0 255 161 255 0 255 0 255 0 48 83 255 0 0 255 125 255 0 255 0
    255 0 255 0 226 0 112 164 0 255 255 251 255 0 0 0 0 188 0 0 255 0
    182 255 255 255 255 255 0 255 0 0 0 230 255 0 255 255 255 0 255 170
    255 0 255 175 0 0 0 24 0 0 0 255 255 0 0 255 255 80 0 255 166 255
    114 0 255 255 255 88 0 0 255 255 255 255 0 255 0 0 0 255 255 255 255
    255 24 255 0 0 0 255 255 0 0 0 255 255 255 0 0 211 84 255 255 255
    255 255 0 0 255 0 255 41 97 0 238 0 237 0 255 0 0 255 0 255 252 255
    255 220 0 0 255 255 0 255 0 0 0 0 255 0 255 0 202 30 255 255 0 0 47
    255 255 0 0 0 255 255 255 255 0 0 0 194 255 0 0 0 119 255 255 0 255
    216 156 255 14 0 195 255 255 0 0 107 39 0 255 144 255 255 0 0 0 0
    255 5 0 255 0 255 0 255 0 0 255 0 255 225 255 174 0 171 89 255 255 0
    0 0 0 255 255 255 0 255 132 0 0 0 255 0 0 0 255 255 255 0 0 0 255 0
    131 255 255 102 0 195 0 0 0 255 255 255 0 0 0 255 255 0 0 0 255 255
    255 0 255 0 61 0 255 0 10 255 0 255 0 255 0 0 0 255 0 0 0 255 255 0
    0 255 255 0 255 34 0 255 0 209 0 0 255 255 255 99 255 255 0 82 0 255
    255 255 232 0 255 0 255 255 237 8 0 159 255 255 0 255 0 255 0 0 255
    0 255 0 0 166 255 0 255 96 255 0 7 0 0 0 197 131 0 25 255 255 0 255
    11 151 255 205 255 0 0 7 255 255 255 255 0 0 0 255 255 255 0 255 0 7
    0 248 0 255 0 255 0 255 0 0 0 0 2 151 255 0 0 255 0 255 0 255 0 255
    0 255 0 96 0 0 0 255 112 0 87 0 255 0 0 242 0 255 255 255 0 0 0 255
    236 0 0 255 0 219 185 255 236 206 255 255 0 142 0 183 255 0 255 0
    255 0 0 176 0 0 0 211 0 194 255 197 255 0 0 255 0 0 255 80 0 0 255
    255 255 255 0 244 0 255 19 216 0 202 60 98 0 255 0 0 116 0 0 255 255
    210 0 255 91 255 255 255 0 0 0 0 255 147 0 255 255 255 0 255 78 0
    255 255 255 0 0 0 0 255 255 255 0 0 0 255 0 255 197 0 0 255 247 255
    0 255 0 255 0 255 0 255 81 0 0 0 0 255 255 255 0 0 255 234 255 211 0
    255 0 43 0 255 0 255 0 166 0 255 169 255 0 0 255 0 0 0 246 255 255 0
    0 0 0 255 255 0 0 195 255 0 255 68 255 0 103 255 255 0 0 0 255 0 189
    167 224 176 0 255 255 244 0 0 0 255 255 2 155 0 255 0 255 255 0 0 0
    50 255 255 0 255 191 199 0 255 0 255 255 255 0 255 255 255 255 255 0
    0 99 255 0 132 0 0 255 44 255 255 170 0 0 0 255 255 0 140 255 255
    229 255 0 255 255 0 0 0 88 108 255 117 0 0 0 0 255 18 0 0 255 255
    217 0 0 0 255 117 255 0 0 255 255 255 94 255 0 0 53 255 255 255 65
    255 0 255 255 0 165 0 0 255 154 0 0 61 0 0 0 255 255 255 45 255 0 0
    0 255 255 0 0 255 255 0 0 0 0 255 30 255 0 0 65 255 255 0 0 0 154 17
    2 255 255 0 24 255 255 0 15 255 0 0 222 225 0 0 0 255 255 255 60 0
    219 93 0 0 255 169 0 31 0 255 0 255 69 255 0 255 0 255 0 255 0 255 0
    0 131 255 255 0 0 255 0 0 255 0 255 77 255 255 0 70 255 255 39 253 0
    0 255 255 255 255 255 0 255 125 0 0 164 0 49 255 202 0 0 0 255 255
    78 255 0 0 99 23 255 169 255 255 163 0 0 255 255 0 63 255 226 0 0
    255 255 0 242 0 255 0 255 0 255 255 0 255 0 255 114 255 0 255 0 0 0
    255 209 255 0 255 255 120 102 0 255 255 255 255 0 0 255 255 255 0
    255 0 255 255 255 0 255 255 255 95 51 182 0 255 255 255 255 0 249
    255 0 255 69 255 0 0 255 0 255 0 168 47 255 0 62 0 0 102 31 0 219
    255 210 206 255 192 0 0 255 0 255 0 0 255 0 0 0 255 43 255 184 255 0
    0 0 0 255 56 255 255 0 255 255 0 0 0 255 92 255 0 255 0 0 0 255 0
    255 0 255 0 0 95 255 255 16 218 255 255 0 0 255 226 210 188 255 78
    93 0 0 255 7 255 0 255 0 255 0 0 0 255 138 255 47 255 255 255 118 28
    0 255 0 255 255 109 0 255 255 0 122 0 39 0 255 255 129 255 255 255
    85 255 0 255 0 0 255 255 255 41 0 0 0 153 255 255 0 0 243 0 0 255
    213 255 0 255 242 0 255 255 60 54 0 0 0 0 255 0 255 37 255 255 221 0
    255 255 20 0 0 255 217 0 255 0 0 0 0 0 255 0 255 0 219 0 255 0 60 0
    255 255 0 255 0 0 255 255 255 0 0 0 0 226 0 0 255 177 0 255 166 0
    255 255 0 255 185 255 0 0 255 255 35 0 0 255 0 255 0 255 255 255 255
    0 0 0 255 255 0 0 172 255 0 236 0 0 255 0 71 255 0 255 0 0 0 255 255
    0 255 255 209 0 0 255 255 255 255 255 255 255 0 0 0 255 0 255 185
    255 126 255 0 0 0 255 255 255 243 255 0 255 183 0 255 0 40 0 255 255
    0 0 0 255 255 255 0 0 255 0 0 0 206 76 255 0 0 0 255 255 0 255 0 255
    0 3 0 0 255 255 255 0 255 0 255 0 0 0 255 255 0 255 0 0 63 183 255
    196 0 255 255 255 0 109 255 255 0 253 0 255 255 255 255 0 255 0 60
    255 0 255 255 0 255 0 0 0 0 255 255 0 0 255 255 255 255 0 0 255 255
    0 5 223 0 0 255 255 0 255 255 0 18 0 255 255 255 0 245 0 255 193 255
    255 255 83 0 0 0 0 255 255 255 0 0 255 227 255 44 255 182 0 0 255
    255 0 0 0 255 255 0 255 0 255 0 0 0 255 255 255 255 0 255 0 0 255 0
    255 0 33 0 255 0 0 124 255 255 0 255 255 210 0 96 0 255 255 145 0
    255 255 255 0 62 0 120 0 0 41 255 255 31 255 255 0 255 0 255 156 0
    255 191 188 0 255 255 255 0 0 0 255 164 255 0 255 164 255 72 0 0 255
    0 255 135 255 255 255 0 0 0 0 24 242 255 0 255 207 104 255 0 75 46
    255 255 125 0 255 255 0 3 0 255 255 0 0 0 255 204 162 255 255 255 0
    0 146 255 0 0 255 255 255 0 204 255 255 39 0 70 255 255 255 11 0 0
    79 0 255 0 255 0 255 0 115 197 0 0 0 255 134 255 0 255 0 255 255 155
    183 0 0 255 255 255 255 34 255 223 255 0 255 0 37 205 255 0 255 0
    255 0 255 0 255 255 255 61 0 184 245 0 0 255 92 255 0 255 0 255 255
    0 25 255 236 0 0 255 255 255 0 0 166 0 255 255 0 0 8 0 255 255 255
    200 236 0 0 255 255 176 0 0 216 255 255 0 156 0 255 162 255 137 0 0
    255 255 255 0 0 0 255 0 255 0 255 31 0 0 255 255 0 0 255 255 138 0
    238 0 255 255 0 255 0 255 255 0 255 255 255 255 255 195 0 0 0 255
    255 243 0 0 82 178 0 255 24 0 0 255 156 0 0 0 255 0 0 104 128 0 254
    0 255 0 255 0 213 255 255 0 0 0 0 255 0 255 255 0 255 0 255 0 0 255
    0 0 0 93 0 194 255 0 255 0 0 0 255 0 0 0 0 0 0 255 148 0 56 255 0
    255 0 255 0 145 0 255 255 255 136 0 0 0 255 0 96 0 255 255 0 29 0
    111 0 0 0 255 255 0 116 186 228 0 0 255 31 0 0 0 255 255 255 225 0
    148 0 255 0 255 0 159 255 255 255 255 0 255 0 255 186 57 255 33 101
    255 181 255 0 0 255 255 0 255 255 255 255 0 255 50 207 0 118 255 255
    150 0 255 0 0 0 0 0 0 0 0 255 0 255 0 0 255 255 0 0 255 0 255 0 255
    0 0 255 255 247 181 0 255 20 0 0 0 255 232 255 255 255 255 255 255
    173 0 0 0 255 255 0 0 0 255 255 255 255 255 255 0 0 0 175 88 255 0
    255 0 255 255 0 0 0 74 0 255 255 0 0 174 252 0 0 236 0 246 0 255 0
    255 155 0 255 255 0 83 0 255 138 0 0 0 255 255 255 0 165 0 139 0 255
    255 255 255 0 0 44 255 0 0 255 182 0 255 255 0 255 255 255 0 117 255
    255 0 0 50 255 255 255 96 151 255 255 0 0 0 30 0 0 161 255 185 100
    222 30 255 255 213 0 255 193 255 161 251 0 255 255 22 0 0 0 201 0 0
    21 255 255 255 0 255 148 0 194 0 255 0 30 255 49 255 0 255 0 255 0
    255 255 0 0 255 0 0 14 16 154 255 221 255 23 0 0 255 155 255 53 0 0
    255 0 255 255 255 110 0 255 255 255 0 255 0 0 0 243 0 0 251 0 255
    232 255 0 255 237 0 255 0 255 56 255 10 0 0 0 0 146 0 255 255 255 0
    255 255 255 182 0 0 0 0 255 255 177 0 255 0 138 0 255 0 0 255 77 255
    255 255 255 0 255 0 230 0 255 0 255 0 230 0 255 255 255 0 255 83 255
    255 45 0 0 161 115 0 81 0 255 255 0 111 14 255 0 0 255 255 0 32 0
    255 255 255 0 255 0 0 25 255 255 76 0 255 56 255 0 255 0 255 0 132 0
    255 255 0 255 255 57 0 0 0 255 255 255 255 255 244 0 0 0 63 255 255
    255 173 0 255 31 255 0 0 255 0 223 255 0 0 0 255 255 0 0 255 243 255
    0 21 0 14 59 255 255 191 102 0 255 208 236 0 0 118 255 255 255 255
    50 255 208 0 25 0 0 255 0 255 0 255 0 255 91 255 0 0 0 232 255 197
    255 0 250 255 0 255 17 0 0 150 255 255 0 255 138 207 255 0 0 0 206
    255 0 181 255 255 0 7 11 0 255 0 255 0 255 53 0 255 255 255 255 0 0
    0 255 255 200 0 255 255 169 0 0 255 255 255 248 114 0 16 0 255 255
    255 0 255 0 74 255 255 0 4 0 255 255 255 0 0 0 0 255 129 223 0 50
    188 0 0 255 255 255 0 192 0 255 215 255 0 0 0 255 255 150 255 232
    212 0 0 0 255 255 74 0 0 255 255 255 214 12 255 0 255 0 79 0 0 0 0 0
    255 255 182 255 0 0 0 0 255 255 255 0 0 255 255 0 255 0 255 254 0 0
    0 124 255 255 255 255 0 0 0 255 255 255 0 30 255 255 255 0 0 0 0 0
    70 0 0 30 0 0 0 255 255 255 255 0 0 255 45 3 0 0 0 0 255 224 255 0 0
    255 0 255 86 0 108 255 228 139 0 0 0 142 255 255 255 0 121 0 125 28
    230 255 255 255 255 0 0 255 255 255 0 0 0 13 255 0 0 255 0 199 0 255
    0 255 0 255 255 0 255 0 85 0 255 255 174 255 0 255 0 255 0 255 0 255
    255 255 117 255 0 255 0 255 0 58 228 255 255 255 0 0 124 0 255 255 0
    181 0 255 0 255 0 0 0 0 255 255 255 221 0 0 255 255 0 0 0 255 255
    255 255 255 0 0 0 0 255 255 0 0 0 0 0 255 255 255 255 36 0 0 114 0
    255 149 255 0 246 0 0 255 0 255 255 0 255 255 255 255 0 145 0 0 0 0
    255 255 255 0 0 0 50 255 255 0 0 0 0 255 0 0 0 0 255 255 45 0 0 0
    197 0 118 0 0 175 181 255 0 114 0 255 255 255 53 0 0 0 0 0 0 0 255
    255 0 42 255 106 53 0 0 255 255 0 0 0 0 0 255 255 255 255 255 0 255
    0 0 255 113 255 0 13 159 111 183 75 222 255 76 255 255 0 225 0 255
    255 255 0 255 0 0 0 255 0 0 115 0 181 255 255 255 0 255 139 0 0 255
    0 255 0 0 0 0 255 255 255 0 255 0 255 177 0 0 255 255 255 72 35 255
    204 255 155 155 0 0 140 0 199 255 255 0 0 0 0 255 255 0 0 0 161 100
    255 255 255 255 255 0 0 0 255 3 255 255 0 0 0 255 255 0 0 95 255 158
    255 0 255 255 255 0 160 0 0 255 255 255 235 0 255 0 78 255 137 0 255
    0 255 249 255 2 0 0 255 243 0 255 0 0 0 255 255 90 255 255 0 255 255
    6 255 0 255 255 222 0 255 255 255 0 0 0 255 255 255 255 0 255 255
    255 30 0 255 0 232 0 0 255 0 255 28 0 0 0 255 113 0 0 89 171 255 255
    0 197 255 150 0 36 38 255 0 0 255 167 100 0 0 255 49 134 0 0 255 255
    105 0 0 0 47 232 255 255 255 0 255 0 255 0 0 0 255 0 52 0 0 255 255
    255 255 0 0 0 255 255 255 255 255 74 0 213 0 159 255 111 255 0 255 0
    128 0 255 255 255 255 0 0 0 255 255 0 0 255 255 25 255 0 255 255 0 0
    0 255 0 0 0 0 202 255 0 255 0 255 114 255 0 199 172 0 255 162 0 0
    203 0 62 0 255 0 191 0 255 255 0 0 0 255 75 255 161 0 0 0 0 0 2 255
    0 255 255 0 255 0 22 0 255 255 172 0 0 255 241 0 33 0 0 255 0 255
    255 255 0 0 0 255 255 255 0 109 0 255 255 198 0 0 255 0 255 0 227 0
    78 0 255 255 44 255 0 0 255 255 245 255 255 0 144 0 255 125 176 0 0
    255 255 255 157 24 255 0 0 255 255 177 255 255 159 246 229 35 0 103
    182 193 0 0 187 179 255 0 243 185 0 0 255 255 255 255 255 0 0 255 74
    0 255 255 255 0 0 89 0 182 255 14 255 165 2 255 0 0 0 0 0 205 0 0
    255 0 255 222 144 255 0 0 159 198 255 0 255 0 255 0 255 0 255 255
    251 59 0 0 0 255 255 92 255 255 255 0 255 255 61 0 255 0 50 0 255 0
    0 0 255 255 128 0 157 200 0 255 0 255 0 0 255 248 0 0 0 255 18 0 0 0
    255 193 255 255 76 0 0 0 255 0 255 0 117 0 255 150 255 255 0 147 255
    255 0 0 163 198 255 0 0 0 0 255 0 255 0 0 0 0 255 255 255 0 255 118
    255 0 255 0 255 0 255 0 255 255 255 0 255 0 255 0 0 0 0 255 255 132
    255 255 195 191 255 13 255 0 0 0 255 255 255 0 183 0 0 0 0 0 0 255 0
    0 0 211 0 0 113 255 255 255 255 255 0 0 255 255 187 0 255 0 0 255
    255 255 255 0 255 210 234 0 255 208 255 0 221 0 255 255 255 255 255
    204 0 255 255 0 59 0 255 0 255 0 255 0 255 0 255 0 255 0 255 255 255
    255 0 255 0 255 255 0 255 255 231 255 0 255 140 255 0 0 0 178 0 255
    255 255 0 0 255 129 0 83 255 255 216 129 255 228 255 255 255 255 0
    69 152 255 255 0 255 0 255 0 255 255 255 0 0 0 255 0 0 255 132 255 0
    0 123 255 255 0 255 255 255 0 59 255 187 255 255 255 3 0 0 255 0 107
    228 255 255 255 0 107 0 194 0 255 255 255 0 255 0 0 255 0 249 254
    255 62 0 255 61 255 0 0 0 84 255 12 194 255 0 0 26 255 37 255 235
    255 0 230 21 226 255 255 255 0 0 189 223 0 255 0 255 0 255 0 255 0
    81 0 90 0 100 255 255 255 0 0 255 0 255 0 0 0 0 94 255 255 0 0 0 255
    255 255 0 255 0 0 255 255 255 0 78 255 15 255 0 12 0 255 255 255 0 0
    142 255 255 255 255 0 0 45 171 255 0 255 0 255 0 50 0 0 59 255 255
    255 0 0 244 255 0 103 0 255 255 180 0 255 222 255 0 255 255 255 0
    255 255 255 0 0 238 255 0 255 0 0 0 0 176 82 0 0 0 0 0 79 0 255 255
    255 255 0 0 0 0 0 255 255 255 0 0 0 207 255 0 0 0 255 255 255 255 0
    0 53 255 0 255 0 0 0 255 5 193 255 255 0 0 255 255 255 0 0 255 114
    156 255 50 0 0 0 255 109 104 255 0 47 0 255 0 0 0 255 255 255 0 0
    251 255 255 78 0 255 255 255 255 234 0 0 0 36 255 255 68 0 255 0 0 0
    255 0 255 255 255 0 255 17 0 99 255 255 0 67 255 255 255 255 255 0 0
    255 175 202 0 0 0 255 255 255 255 255 0 0 255 255 0 0 0 225 0 255 0
    33 0 28 255 140 255 255 0 0 255 0 0 0 0 255 0 255 0 255 81 0 0 255
    255 0 255 140 245 0 0 255 255 0 255 0 145 0 27 255 0 35 82 255 82 0
    255 255 255 255 255 255 0 255 255 255 246 0 255 0 255 255 255 255 0
    0 56 130 255 0 0 255 255 0 125 0 6 255 255 255 255 181 0 255 48 0
    255 255 136 0 255 0 255 0 255 242 174 0 0 255 255 0 0 255 255 0 46
    255 255 0 0 255 0 255 153 68 0 255 207 255 242 0 93 0 0 255 255 255
    0 255 0 0 0 0 255 0 255 255 0 0 255 152 255 0 0 255 255 0 255 0 255
    227 0 0 147 255 0 0 0 255 255 255 255 200 0 255 80 0 133 177 255 108
    255 26 255 255 0 0 142 255 72 231 255 0 255 0 255 0 255 255 0 0 0 70
    255 255 255 0 255 0 0 255 255 206 0 255 255 255 152 0 0 0 255 255
    255 0 255 255 255 255 255 0 124 106 255 0 255 218 255 255 0 34 255
    131 24 0 97 0 255 255 0 255 255 255 0 0 0 0 255 254 255 138 255 255
    0 81 214 0 255 177 255 0 255 0 255 255 0 169 255 0 118 22 19 0 0 227
    255 255 255 21 131 255 255 0 0 0 100 255 255 255 255 255 255 255 0
    34 0 0 0 255 0 255 0 255 142 0 0 0 0 0 0 14 255 255 201 80 0 98 92
    255 255 126 0 0 0 0 0 255 255 0 255 0 0 255 255 112 0 0 255 0 255 0
    255 28 225 0 255 255 255 0 255 255 0 0 21 81 0 74 255 208 0 0 0 57
    255 255 255 99 117 0 0 0 254 94 21 255 0 43 255 0 0 0 51 255 174 83
    0 255 0 0 0 0 255 37 255 0 0 0 255 255 0 35 0 255 255 255 0 0 117
    255 0 0 0 255 255 255 0 218 147 255 147 255 0 255 255 255 0 100 0 24
    203 192 0 0 0 0 0 120 255 0 255 0 255 0 0 138 0 0 169 255 0 255 255
    0 0 255 0 255 32 255 0 0 255 255 255 0 0 0 49 255 255 0 164 115 0 0
    255 255 255 0 0 15 0 255 255 255 0 0 23 255 255 255 0 0 0 0 255 255
    255 255 0 244 16 255 56 0 0 255 0 255 0 58 155 255 0 255 0 120 0 255
    0 231 255 255 0 0 0 255 0 255 255 255 0 0 0 195 77 255 0 255 255 255
    255 2 0 255 255 255 110 0 0 0 0 0 255 255 255 0 255 0 255 0 255 0
    255 162 255 0 0 0 255 255 255 0 0 0 255 255 255 186 0 0 176 0 255
    255 29 255 255 86 0 54 0 255 0 255 125 248 255 255 0 0 255 25 255 0
    106 80 255 0 0 0 255 255 51 0 169 0 255 0 255 0 255 255 255 0 0 255
    255 0 0 163 255 99 4 0 0 0 230 0 255 0 255 0 0 0 0 255 255 255 0 0
    206 17 0 136 255 255 0 255 63 255 0 255 255 255 0 255 225 113 255
    255 255 255 255 0 255 0 0 0 255 105 0 0 255 255 255 255 255 255 29
    255 255 255 255 0 0 0 78 0 226 255 0 255 0 255 0 255 0 0 0 255 0 0 0
    113 255 255 0 0 255 0 255 255 0 0 0 255 255 0 255 62 15 0 1 21 0 255
    32 255 0 199 255 0 255 0 255 0 0 255 167 255 255 0 255 255 255 255
    255 0 0 0 255 255 255 0 180 0 255 157 255 7 161 126 255 0 0 0 255
    255 255 0 0 255 255 0 0 255 84 0 0 38 245 13 0 255 255 255 0 0 0 255
    0 200 255 232 255 0 204 255 40 0 0 0 0 255 255 0 0 0 255 255 0 255
    255 0 0 212 255 255 255 0 203 0 0 255 0 40 0 0 255 255 255 81 255 0
    255 48 255 0 0 255 219 0 0 0 255 249 255 0 243 0 255 206 255 44 255
    0 0 255 0 0 0 199 255 0 0 0 255 255 255 0 0 255 0 52 138 252 0 0 255
    255 0 0 103 255 255 7 255 255 255 0 255 87 255 255 255 0 0 0 255 255
    255 255 0 255 0 255 255 255 0 0 255 0 255 0 255 255 255 0 0 255 0 73
    255 255 0 0 255 255 255 255 0 0 0 255 255 0 0 255 0 255 255 255 0 0
    0 0 255 8 255 173 255 169 255 255 255 0 12 0 150 255 131 0 255 0 255
    0 255 0 0 0 96 0 255 255 0 39 0 0 0 255 255 255 0 0 41 255 255 77 0
    0 0 255 255 255 0 0 0 255 255 0 255 0 113 255 0 0 27 255 255 0 0 221
    0 255 0 0 0 0 255 255 0 255 0 45 225 0 0 146 255 0 255 255 0 80 0 0
    225 0 255 255 140 0 0 255 255 255 53 0 232 255 0 0 0 0 255 255 255
    255 0 255 207 0 0 255 255 255 211 0 0 255 194 0 255 255 255 0 0 255
    255 255 255 255 255 0 255 255 0 0 48 0 0 0 255 255 255 0 54 32 0 128
    30 255 255 0 0 0 0 208 10 255 255 133 255 0 237 0 255 255 255 134
    255 0 144 0 0 255 255 255 57 0 38 173 255 0 0 255 255 0 0 0 0 255 0
    0 255 255 255 0 0 255 255 255 0 255 38 255 255 0 0 255 255 0 0 255
    69 87 64 124 255 255 0 0 255 0 0 0 255 0 255 0 93 255 255 255 255
    116 0 0 153 149 255 223 255 0 0 0 255 255 255 0 0 0 255 255 0 255 0
    255 102 255 50 255 0 0 135 79 0 0 0 0 255 250 255 0 0 38 255 255 255
    0 255 255 255 0 0 255 250 0 255 0 255 0 255 0 0 165 0 0 0 231 255
    255 0 0 255 0 255 0 0 4 255 255 255 29 0 0 0 249 0 0 255 255 255 255
    255 0 0 255 0 255 0 255 38 255 255 255 0 14 255 255 0 255 254 255 64
    255 255 0 0 0 0 0 199 0 0 237 255 255 255 0 0 156 0 255 0 255 0 255
    0 255 0 255 0 255 0 255 0 0 0 255 255 255 28 0 0 0 255 255 53 255 0
    255 235 0 0 253 255 255 0 0 0 255 0 255 0 255 255 94 0 97 216 255 0
    0 255 224 220 0 177 0 255 30 255 255 85 0 0 0 60 0 0 0 0 0 255 0 255
    0 0 255 255 255 255 255 0 74 0 255 80 0 179 0 0 0 255 255 255 190 0
    0 0 0 62 255 255 255 79 0 255 0 0 0 255 3 8 228 52 0 0 255 255 182
    91 204 169 255 255 4 255 255 0 0 0 0 255 3 115 0 255 0 53 255 255 0
    255 0 255 107 255 255 0 255 125 0 246 255 255 0 255 255 255 0 0 255
    0 255 0 255 0 0 160 255 255 37 0 0 255 0 255 83 0 255 66 255 255 123
    0 0 150 123 0 255 0 255 255 255 199 0 0 255 165 255 0 34 0 255 255 0
    0 255 255 255 0 255 0 165 0 255 0 0 0 198 0 255 255 255 255 179 255
    0 0 0 255 0 39 96 108 0 255 255 255 0 122 0 255 255 255 0 0 255 0
    255 255 255 51 73 0 0 176 44 255 255 116 0 255 255 255 0 255 196 255
    255 95 75 0 0 206 0 0 23 255 0 169 65 255 233 0 0 222 0 156 133 114
    0 0 202 0 37 0 255 255 255 86 255 0 0 0 136 255 0 255 244 231 255
    255 84 151 255 0 255 255 255 228 146 0 0 0 255 8 255 0 255 255 0 0
    36 255 108 255 0 255 0 61 0 255 193 255 0 0 255 255 255 164 110 0 0
    0 255 255 0 255 0 57 0 33 250 0 255 0 255 0 148 0 252 0 255 0 0 54
    255 0 255 54 255 0 51 0 0 0 255 255 146 0 0 255 0 0 255 0 255 0 255
    255 255 255 0 0 0 255 0 15 0 255 0 56 255 255 31 0 0 0 255 0 255 0
    255 255 255 0 0 55 0 255 0 0 109 0 255 247 157 81 255 0 0 0 255 255
    255 0 0 255 0 255 0 255 0 0 0 21 0 255 0 255 255 0 0 255 255 0 68
    255 255 255 0 122 255 0 0 255 255 255 101 255 255 255 237 0 44 0 0
    111 0 255 255 255 14 0 0 255 255 255 0 223 0 0 0 255 197 0 0 255 255
    255 0 0 215 254 255 255 255 0 255 0 162 0 140 0 0 85 255 0 0 255 0 0
    0 0 208 0 0 255 0 0 0 0 0 166 255 255 203 0 0 0 255 255 0 0 48 150
    255 0 255 76 255 255 0 135 0 126 255 59 47 255 65 255 0 0 0 0 255
    255 0 0 0 0 0 255 255 255 0 255 255 255 0 225 255 255 255 0 0 255
    255 250 0 0 26 255 0 255 255 87 255 0 246 0 3 255 0 255 242 255 0 0
    0 0 255 255 255 0 0 0 255 255 0 41 255 255 0 255 0 255 0 0 255 255 0
    0 255 255 255 0 0 255 255 255 227 0 0 255 255 204 147 0 125 0 0 61 0
    255 0 138 30 255 18 255 90 255 255 233 0 0 255 255 255 255 255 0 0
    234 255 0 0 0 0 255 0 71 90 255 255 0 255 73 255 255 134 0 0 0 29
    255 255 165 255 0 255 255 255 0 0 0 0 0 255 255 0 255 255 170 113
    246 0 255 0 255 0 255 0 255 84 0 255 0 0 255 255 0 0 0 0 196 145 255
    10 255 0 255 255 167 109 233 255 240 0 199 0 0 255 0 35 255 255 0 0
    255 255 0 0 0 255 255 0 255 0 255 198 0 246 255 0 0 0 255 255 255 0
    0 0 255 255 255 0 0 255 177 0 0 46 21 255 255 255 0 255 0 255 0 219
    14 255 0 0 0 255 0 255 0 255 0 55 124 255 6 255 0 0 255 255 255 255
    168 255 0 255 255 0 75 0 219 0 0 0 0 0 172 38 0 255 198 255 0 0 0 0
    255 0 7 0 0 255 255 0 0 0 255 0 47 0 255 0 0 0 0 255 0 0 0 0 126 255
    249 0 38 222 255 255 255 206 255 0 255 226 150 0 0 255 255 255 0 0 0
    0 0 255 69 255 0 0 255 255 255 255 0 0 0 255 255 255 204 255 0 254
    255 255 255 0 0 255 0 0 255 255 0 0 0 109 255 130 255 0 255 0 255 0
    255 255 255 255 255 0 255 0 255 138 255 49 183 0 254 0 255 255 255 0
    191 255 0 0 255 0 255 0 194 255 255 0 250 8 0 19 255 255 0 255 0 255
    0 255 255 0 255 0 0 0 255 226 0 173 0 255 0 255 0 98 0 255 255 255 0
    108 22 255 255 0 255 0 0 0 0 84 0 255 0 255 0 255 0 196 128 167 255
    255 0 0 255 255 255 255 0 0 0 255 0 255 255 255 255 255 0 0 255 0
    255 1 255 255 255 0 0 0 0 0 255 0 255 145 255 0 0 0 255 255 0 255
    255 0 0 99 0 241 255 255 0 0 255 176 0 0 0 255 0 255 0 0 0 0 255 51
    255 255 255 0 0 255 0 255 0 255 255 139 242 0 255 242 255 231 0 13 0
    0 0 255 0 0 0 255 255 255 0 0 196 255 255 0 255 93 0 17 158 0 4 0
    255 230 0 255 255 105 0 0 0 255 0 255 0 0 255 0 255 0 255 0 0 255
    213 255 255 255 0 255 255 255 0 0 230 84 255 255 15 255 0 255 0 0 0
    50 255 0 122 255 0 255 0 255 255 255 0 0 0 117 255 255 0 255 0 255 0
    48 21 233 0 239 0 0 255 255 242 60 0 255 239 255 0 91 194 255 156
    255 0 55 220 255 255 124 255 0 255 0 255 0 0 255 0 255 0 255 0 0 0
    255 21 0 0 0 255 187 255 255 255 255 0 0 0 255 255 0 0 255 255 255 0
    164 255 255 0 0 0 0 255 0 255 0 255 255 0 127 133 255 255 122 0 255
    255 0 0 37 255 174 255 255 0 0 34 0 255 0 255 114 255 0 0 0 135 255
    255 0 0 0 255 0 255 0 0 0 162 255 255 255 142 255 0 255 0 0 255 255
    255 0 0 8 255 255 255 255 193 117 255 0 0 0 255 42 255 255 0 25 0
    255 0 0 255 0 0 255 255 0 255 118 2 64 255 0 11 80 0 255 0 177 0 244
    255 255 136 0 119 255 255 0 234 0 255 255 255 0 0 31 228 255 0 0 255
    255 63 255 255 0 0 0 255 255 128 0 0 0 255 0 194 229 255 0 255 0 0 0
    0 0 255 125 255 0 255 0 0 0 0 0 255 0 0 0 255 255 255 0 0 255 66 0 0
    255 255 255 0 255 201 0 0 255 214 0 0 255 0 0 255 255 0 255 255 66
    255 0 188 0 213 255 255 255 0 0 255 254 0 230 255 255 255 0 0 0 255
    255 179 0 0 90 255 255 255 0 0 0 0 0 138 255 0 255 255 0 57 0 107 0
    0 0 238 0 255 42 255 224 212 0 255 0 255 0 255 0 26 39 255 255 253
    166 120 0 0 255 255 71 0 255 204 97 0 255 255 183 0 0 255 0 255 48
    255 255 255 0 0 255 255 255 255 0 0 0 10 0 255 255 255 0 255 10 128
    0 255 255 155 0 255 255 255 169 0 255 0 0 255 255 205 100 0 0 0 255
    0 0 77 255 150 0 22 0 109 255 255 0 255 203 255 0 255 0 255 0 0 14 0
    255 85 239 0 255 0 0 0 255 0 255 0 94 0 19 190 255 31 255 30 103 205
    255 255 52 7 66 255 255 0 0 0 0 0 0 255 255 0 0 255 255 140 0 0 0
    255 0 255 242 255 0 97 255 1 255 0 52 0 0 0 255 255 0 0 0 255 255
    255 0 0 0 0 0 255 0 255 255 160 255 255 255 0 125 0 185 0 255 255
    255 0 0 255 0 0 205 255 6 0 0 0 169 255 0 0 0 255 255 0 0 0 255 86 0
    202 255 0 255 255 191 255 0 0 255 0 0 0 255 255 255 0 0 0 213 255 0
    0 255 0 255 255 255 255 255 255 0 255 0 0 0 255 249 164 255 0 73 0
    190 0 0 163 255 0 232 255 255 0 89 0 255 255 0 0 0 0 255 42 196 255
    0 151 0 0 0 255 0 0 0 0 255 255 0 255 255 255 0 0 149 38 255 0 255
    255 0 0 67 34 0 26 0 255 255 255 0 0 255 255 0 0 66 255 255 132 0 0
    0 255 255 196 157 255 0 0 0 197 192 248 255 179 0 255 95 255 255 0 0
    0 188 112 226 255 255 255 60 255 0 0 0 122 255 0 201 0 255 255 0 255
    67 255 44 255 0 0 0 0 0 255 125 221 0 0 255 0 255 255 255 0 255 255
    255 255 255 255 255 0 0 0 255 255 255 255 255 255 0 60 255 0 235 0 0
    65 0 255 126 0 0 0 0 0 255 0 255 0 255 0 0 0 0 28 255 255 0 255 0
    255 0 255 0 255 0 255 0 0 138 255 255 255 255 0 255 0 255 0 255 255
    255 255 0 255 136 255 0 0 136 74 255 255 0 0 0 0 255 0 0 255 0 255 0
    255 0 255 255 0 0 0 9 142 255 0 255 0 255 0 255 255 255 0 0 0 255 0
    142 0 255 0 247 255 0 0 0 221 255 204 255 0 0 162 6 255 255 0 0 255
    255 9 255 0 255 158 0 7 0 137 255 0 2 255 0 255 103 255 0 255 181
    255 255 0 0 255 238 255 72 255 255 0 255 0 255 255 255 255 0 0 255
    255 0 255 247 255 255 255 255 255 0 0 0 0 32 0 255 144 255 73 255
    131 0 255 255 58 100 0 255 0 0 0 255 255 0 0 0 248 0 250 255 170 255
    255 255 0 255 0 0 0 255 0 255 0 255 0 0 255 255 255 0 255 178 156 0
    255 255 255 0 255 255 0 255 0 255 0 255 0 255 0 0 250 66 255 0 0 0 0
    255 255 255 255 0 255 0 243 255 255 140 0 255 0 255 129 15 0 255 255
    0 0 47 0 173 255 255 255 0 255 0 0 0 0 255 255 255 255 0 0 255 0 0 0
    255 255 0 255 0 146 255 0 0 255 0 0 0 255 255 255 0 0 0 255 255 0 49
    0 255 95 255 103 255 194 0 0 0 0 255 255 0 0 0 255 0 62 255 255 255
    255 0 255 0 255 89 255 0 255 0 255 0 255 0 255 255 0 255 0 255 0 255
    255 0 255 255 255 49 0 0 255 255 255 0 0 0 0 255 255 54 200 0 255 0
    255 149 255 0 1 0 255 0 234 0 95 0 144 255 231 255 0 25 0 101 30 0 0
    114 255 255 255 255 0 0 0 0 0 0 255 0 255 44 101 0 0 255 200 255 255
    0 0 0 255 255 255 0 255 255 0 0 0 255 255 13 0 0 0 255 0 0 0 102 255
    23 255 34 0 0 0 0 255 0 255 0 255 255 0 67 126 255 0 255 14 174 255
    255 87 0 255 255 10 255 255 255 0 255 255 39 0 255 131 255 0 0 0 0 0
    255 32 255 255 255 0 0 0 255 255 255 0 255 0 255 255 140 18 255 0
    184 0 26 130 255 255 137 255 185 0 207 255 244 0 0 255 157 255 132
    255 0 0 255 255 255 131 0 0 0 0 0 255 255 255 0 148 0 255 0 0 0 255
    255 255 255 0 0 255 65 255 0 255 0 0 0 255 255 0 0 0 255 0 45 0 255
    134 0 255 255 255 255 0 255 27 221 0 255 0 0 82 255 255 0 255 203 0
    0 0 0 137 0 0 0 0 152 255 61 64 255 255 255 0 0 0 255 255 255 0 204
    255 255 0 116 255 71 255 0 255 0 255 0 255 255 255 0 0 255 255 255 0
    0 0 27 255 255 0 0 229 255 255 0 0 255 0 255 0 255 0 255 52 244 0
    172 213 122 255 0 0 255 227 255 86 0 0 0 255 0 255 255 222 255 100 0
    0 255 193 207 143 0 255 0 0 0 219 0 255 0 255 188 255 233 255 255
    255 0 0 21 255 0 255 255 0 0 0 0 255 255 255 157 0 255 255 255 0 16
    255 255 198 0 255 0 255 255 255 0 0 255 0 255 234 199 255 255 255 0
    0 39 17 255 144 230 0 255 120 250 0 255 124 0 255 255 0 0 0 29 255
    35 154 0 96 0 255 255 0 255 255 255 117 0 0 72 0 0 0 41 243 255 0
    255 0 255 0 255 255 255 0 0 0 255 97 255 0 110 179 22 255 0 162 255
    255 0 250 0 154 255 65 177 255 0 0 0 10 0 0 255 255 255 0 0 0 241
    255 255 255 255 41 0 179 255 72 255 0 3 255 8 255 0 0 0 255 255 255
    0 255 255 255 255 255 154 0 255 255 53 255 0 255 255 0 255 255 255 0
    0 255 0 255 192 255 0 110 0 255 0 0 0 255 131 255 65 255 255 0 0 0 0
    255 138 255 0 0 0 255 255 0 0 0 0 255 255 77 0 0 0 163 255 255 0 0
    247 0 255 0 87 255 0 16 0 102 255 255 255 0 0 0 0 255 247 255 0 200
    255 255 255 0 0 0 255 0 255 0 189 0 255 255 255 255 255 0 0 255 0
    255 27 0 0 0 0 0 255 255 255 0 0 255 255 255 0 0 0 255 255 0 0 255
    255 0 0 0 255 0 0 0 255 255 255 255 70 255 177 255 0 255 101 255 0
    255 0 255 0 233 0 255 0 0 191 0 255 0 255 0 255 0 255 14 255 197 0 0
    255 255 255 0 0 215 255 255 0 4 0 232 183 0 255 255 255 255 255 145
    0 66 0 255 0 255 255 255 255 0 255 29 209 0 105 0 255 255 255 255
    247 0 0 0 254 255 184 206 147 255 255 255 0 0 0 255 0 255 0 255 255
    105 0 255 255 0 0 0 255 255 240 132 0 0 65 112 255 0 255 0 255 44
    255 255 255 255 255 0 0 255 0 0 0 172 255 255 255 0 0 30 255 255 255
    0 0 0 8 0 255 255 143 255 0 0 194 255 0 0 0 172 0 0 136 255 118 255
    53 255 0 0 0 255 0 0 0 255 255 128 0 226 255 0 0 0 0 21 255 255 255
    0 255 0 255 0 255 0 255 255 0 0 0 0 255 255 255 0 0 0 255 255 57 255
    0 255 0 0 107 255 255 255 75 227 0 255 0 0 255 0 0 191 0 255 255 0 0
    0 0 0 145 152 158 0 0 255 255 255 0 109 0 0 255 255 0 0 0 255 255 0
    255 0 255 0 0 169 149 255 171 255 44 255 0 0 0 0 255 255 254 255 140
    0 38 6 0 255 0 0 255 0 0 255 255 255 255 0 13 0 161 255 255 255 172
    0 0 203 0 0 255 101 20 255 0 121 0 230 255 255 61 71 210 0 79 255
    255 0 206 0 255 169 255 49 0 255 0 255 0 152 0 112 0 0 0 255 255 255
    0 0 0 255 0 255 255 255 0 255 0 255 0 0 0 255 0 255 0 179 0 255 0
    255 255 255 0 14 255 0 255 0 255 123 255 199 0 255 161 73 0 255 255
    0 0 164 0 0 255 255 255 0 0 138 255 255 255 194 138 0 18 0 255 255 0
    0 255 0 255 0 255 0 171 0 102 255 0 255 255 247 118 0 0 255 255 255
    0 143 229 0 0 194 0 255 255 162 41 255 255 255 0 255 0 255 105 255 0
    0 0 208 148 0 255 191 255 0 0 0 61 255 10 0 255 255 255 255 0 255 0
    0 255 255 202 0 255 0 255 12 255 0 0 0 0 0 0 255 255 255 255 255 255
    0 0 0 161 255 0 0 0 255 199 0 255 235 255 0 0 255 255 255 194 0 0
    255 255 0 255 239 255 0 0 0 47 85 5 0 232 0 226 0 50 25 255 255 104
    0 0 176 255 0 255 250 255 0 255 118 255 30 0 35 0 255 0 143 0 0 159
    0 255 255 255 0 255 0 255 255 0 0 254 255 46 54 0 105 0 255 0 0 0
    255 255 255 0 241 188 0 0 0 255 0 0 255 0 0 255 0 255 0 184 255 255
    137 0 212 87 255 0 0 0 0 0 255 0 0 255 0 128 0 255 140 0 0 255 255
    255 255 0 255 255 0 0 231 255 189 0 76 0 255 255 255 0 0 0 255 241 0
    0 91 0 0 0 255 0 0 255 255 255 0 255 209 255 0 255 0 255 0 255 0 255
    0 1 0 158 0 255 191 255 0 0 255 186 255 0 255 0 0 255 255 255 0 255
    255 255 255 82 0 255 194 255 0 0 0 0 255 255 255 185 255 255 0 0 0
    152 26 0 0 0 74 255 255 255 255 235 28 255 32 0 255 150 0 255 0 255
    7 153 0 209 0 233 255 0 255 255 255 0 139 0 0 255 0 255 22 255 255
    255 0 237 0 0 255 0 255 0 255 0 255 0 255 41 58 0 0 255 226 0 255 0
    255 0 255 255 255 0 0 255 255 0 255 255 255 255 0 0 0 255 206 0 0 0
    0 0 255 185 255 0 255 0 255 255 255 0 150 77 255 255 15 0 0 179 0 0
    255 0 179 0 255 0 255 0 104 183 255 129 0 0 0 0 255 255 0 175 0 44
    255 255 223 255 255 255 255 0 0 0 255 255 255 0 0 0 255 0 0 255 255
    185 255 0 255 0 197 255 255 255 0 255 0 255 223 255 0 0 0 93 0 90 0
    0 231 255 251 255 0 154 0 255 255 255 255 0 0 0 255 255 255 0 0 0
    255 0 0 0 255 255 0 0 0 255 255 255 0 255 202 135 255 0 255 0 255
    255 255 0 238 255 255 255 0 23 0 255 255 255 160 255 255 255 0 0 255
    0 255 0 255 255 0 0 255 0 255 0 0 0 145 0 0 255 0 255 60 0 255 255
    173 74 65 0 0 0 255 255 255 255 255 59 255 0 12 255 255 255 255 0 0
    0 0 255 255 255 254 255 255 0 0 0 255 255 0 0 0 255 255 255 157 61
    255 0 255 0 255 0 0 227 255 0 255 219 255 255 255 0 0 0 0 124 0 255
    0 255 255 255 255 191 84 255 255 2 0 95 153 218 52 0 0 255 255 255
    42 0 253 0 223 255 0 0 172 255 255 160 0 7 255 99 255 255 0 0 255 0
    18 255 255 255 255 255 255 48 0 0 255 255 255 0 0 0 1 207 255 255
    255 0 255 0 255 255 255 117 0 51 255 255 255 0 0 255 203 0 151 255 0
    255 0 255 0 74 255 255 255 0 255 198 0 0 0 255 255 134 0 194 255 183
    255 0 0 0 94 255 236 200 217 255 61 255 255 0 0 188 242 0 0 255 255
    255 0 0 0 0 255 255 255 0 0 0 142 255 255 0 0 0 255 79 229 0 97 0 0
    0 255 91 0 255 193 248 0 0 255 255 255 227 255 255 0 0 101 255 255
    255 0 0 0 255 255 0 255 220 21 0 0 82 204 240 0 255 0 234 255 0 255
    255 0 0 0 255 255 0 0 0 161 95 0 255 74 203 0 96 0 255 255 255 255 0
    255 255 255 36 0 0 255 0 255 30 255 0 255 2 255 213 0 12 1 255 54 0
    0 255 255 255 226 190 0 0 255 255 255 0 41 0 255 0 255 0 255 0 0 0
    39 255 230 255 0 0 0 255 255 255 50 255 255 255 255 45 0 255 229 0 0
    138 255 255 0 255 210 255 120 255 0 0 255 255 0 12 255 255 121 0 0
    255 255 255 167 255 0 255 127 147 0 255 0 255 0 255 0 255 0 255 255
    43 255 255 255 255 0 255 255 255 255 0 0 85 0 0 0 47 255 0 156 255
    230 0 255 255 0 82 255 86 50 0 255 255 0 255 53 255 0 0 30 255 255
    104 156 0 255 0 255 0 255 0 237 123 0 255 255 255 0 0 38 0 27 255
    255 255 10 0 0 131 255 255 0 0 0 0 206 255 255 0 255 0 255 23 255
    255 181 255 0 0 0 255 0 255 243 0 190 0 0 0 255 0 255 0 255 0 0 0
    255 0 255 255 255 0 1 255 255 162 0 255 255 255 0 0 255 32 106 34
    255 255 255 255 0 224 255 255 0 255 255 0 151 210 255 255 241 255 0
    0 135 255 237 255 0 255 0 53 59 0 255 0 255 140 255 0 0 0 0 255 52
    255 0 0 255 255 0 0 0 0 255 255 0 255 0 0 222 0 237 0 0 0 225 255 0
    43 0 0 137 244 255 255 255 176 255 255 0 0 0 225 0 255 0 255 255 255
    0 255 0 0 0 0 0 204 255 35 0 0 255 255 252 0 0 255 0 255 0 87 105
    118 0 255 255 255 199 0 0 255 183 255 192 255 111 255 0 255 255 255
    0 50 148 0 255 0 0 255 0 126 239 255 193 255 0 255 255 255 0 0 180
    24 0 255 255 122 12 255 255 255 0 0 0 0 255 232 111 255 79 255 219
    78 255 0 255 0 12 140 0 0 0 255 255 255 0 0 0 49 255 255 3 0 0 255
    120 0 0 70 255 255 98 0 255 201 255 191 0 0 0 0 255 255 255 0 0 255
    247 0 0 58 255 0 249 0 0 255 0 81 115 255 255 0 0 0 255 255 0 255 42
    255 0 0 180 255 0 255 0 255 255 255 255 255 0 0 145 238 0 255 0 118
    0 0 255 255 255 0 0 0 0 255 0 255 213 255 0 0 0 255 255 255 0 76 88
    0 0 0 157 255 255 255 0 0 221 0 246 255 255 252 0 0 0 255 217 255 0
    255 0 255 255 210 255 0 0 0 255 255 0 0 0 255 255 255 255 100 174 0
    0 142 0 0 0 255 0 255 254 4 0 255 0 0 96 255 255 0 186 0 0 122 0 255
    47 255 0 255 220 0 46 0 255 0 255 0 255 158 0 0 255 0 0 0 0 157 255
    0 255 0 73 0 255 255 13 0 14 0 255 0 255 0 35 0 0 27 255 0 255 255
    255 0 171 0 255 0 86 113 255 255 255 255 15 0 179 0 255 0 255 0 138
    0 0 0 255 255 0 0 0 42 255 220 0 170 241 0 0 255 255 0 255 0 255 171
    217 255 0 255 0 255 0 146 255 255 40 255 255 150 43 0 0 255 255 255
    159 255 0 4 255 255 255 0 255 162 255 0 255 255 255 0 0 0 76 255 255
    0 135 96 9 0 0 0 123 0 0 240 0 255 0 255 0 255 0 255 255 255 0 255 0
    255 0 0 0 0 255 255 121 54 0 0 0 0 0 255 183 255 142 255 0 0 255 210
    255 0 0 0 149 0 255 102 255 255 149 0 0 0 255 255 255 255 0 0 0 19
    70 255 0 255 255 255 0 33 52 143 255 0 0 255 255 0 0 255 180 255 94
    255 0 0 255 255 0 50 0 255 185 255 255 0 100 0 0 164 255 207 0 138
    67 0 255 0 0 0 0 255 255 255 0 255 141 0 0 0 0 0 0 0 67 255 255 255
    0 0 255 255 255 255 255 0 156 0 0 142 255 0 0 0 13 220 0 0 216 255 0
    76 169 0 0 255 136 255 0 255 0 0 20 255 255 175 0 0 255 255 255 133
    0 72 255 0 0 255 255 255 255 0 0 96 255 255 0 0 255 255 255 0 255
    255 255 0 0 92 255 255 0 113 0 0 0 0 192 255 255 0 0 0 255 255 255 0
    255 255 197 0 255 255 255 187 0 0 255 63 255 0 0 0 119 255 0 255 255
    241 0 0 255 244 255 146 225 0 255 0 255 129 0 0 239 255 0 0 0 255 0
    66 255 255 185 255 110 0 242 255 255 255 77 67 34 0 0 0 0 255 107
    118 255 0 62 255 0 0 121 42 0 0 255 0 166 255 0 220 255 10 255 0 169
    255 254 255 255 128 255 0 255 0 61 0 255 255 159 255 255 255 255 0 0
    0 255 255 255 0 222 0 255 8 0 255 0 163 98 255 255 255 0 255 194 5
    255 255 255 70 255 0 236 0 0 0 0 255 193 0 0 0 1 0 255 251 255 21
    255 71 255 0 0 0 255 255 255 255 0 255 0 255 255 255 71 0 0 217 3
    255 198 0 175 255 0 232 71 156 13 248 0 255 0 255 0 100 255 255 255
    255 49 0 83 0 255 255 0 0 0 255 255 0 109 255 255 0 0 0 255 255 255
    0 0 255 113 255 255 255 0 12 0 0 0 0 0 0 255 255 0 0 0 255 0 0 0 255
    255 255 0 0 255 0 0 0 0 208 0 255 255 255 255 255 28 0 140 0 255 255
    229 0 0 169 255 14 18 35 169 0 0 0 80 255 255 255 0 0 74 255 154 0
    120 252 255 0 255 0 255 255 255 0 0 0 255 0 186 255 255 255 255 0
    188 255 255 255 104 0 0 255 255 255 0 255 0 0 0 122 255 255 0 140
    255 51 0 0 255 255 255 172 0 255 0 255 0 255 255 0 16 0 255 0 255 0
    255 0 156 191 255 181 0 0 216 255 255 131 255 0 2 227 255 0 8 0 255
    73 255 0 63 0 0 216 0 246 202 191 0 255 255 44 0 0 0 255 0 255 0 0 0
    0 255 255 53 95 255 255 255 0 255 0 222 0 255 0 255 42 255 0 255 0
    255 0 255 255 79 0 255 211 0 60 89 255 255 255 0 255 0 0 0 0 255 255
    255 255 255 0 255 0 255 255 4 0 0 0 146 255 255 0 248 20 0 255 141
    154 255 255 255 0 0 0 255 255 255 0 0 255 0 255 0 255 0 255 0 103
    197 255 112 193 169 123 0 255 255 121 255 255 0 0 0 161 176 0 0 255
    255 255 0 0 0 0 0 255 0 255 0 255 0 255 255 0 0 252 255 255 21 0 0
    117 255 41 41 0 164 0 70 0 255 217 255 34 255 0 255 0 255 152 0 255
    0 255 255 103 88 0 0 0 255 255 255 211 0 255 0 0 0 255 255 0 255 0
    255 0 255 255 255 0 0 0 28 16 255 0 255 255 255 0 0 0 255 255 211
    255 255 255 93 255 0 88 255 255 255 100 118 255 0 255 236 255 255 65
    255 71 0 0 255 255 255 97 0 0 0 175 184 255 255 0 255 0 122 166 0 0
    255 139 255 0 22 0 255 204 0 151 0 0 0 255 255 0 0 38 255 255 255 0
    0 255 255 255 0 125 166 255 255 0 0 255 255 78 230 127 255 0 0 0 0
    255 255 132 0 61 0 255 0 230 255 255 255 0 255 0 0 4 255 241 137 255
    0 255 255 255 154 131 255 0 0 255 0 180 255 255 255 0 255 255 255
    255 255 255 0 0 255 255 190 68 0 255 255 0 63 255 255 255 38 255 255
    255 255 0 0 0 255 0 0 0 93 149 26 0 214 0 159 0 255 255 255 255 0 0
    0 255 0 255 0 0 255 0 123 0 255 255 255 255 0 0 0 255 255 0 255 0 0
    255 156 0 255 0 0 53 104 0 255 139 255 43 255 255 255 0 31 255 255
    193 255 0 0 0 255 255 0 255 0 213 255 59 27 191 0 154 249 255 255 0
    0 89 0 255 0 255 255 255 0 0 0 255 255 255 255 0 0 255 108 255 255
    255 215 255 0 0 0 255 255 191 255 255 11 255 255 0 51 0 255 255 255
    255 2 0 255 217 255 0 197 0 0 255 0 255 0 255 186 0 0 0 150 179 178
    255 255 255 255 0 255 198 133 39 255 0 200 0 255 0 0 0 238 255 0 255
    0 0 0 247 255 0 200 255 37 255 255 0 255 255 59 0 255 0 255 255 0
    204 0 255 0 0 0 180 0 255 138 255 0 81 142 217 255 255 0 0 0 255 79
    83 255 246 0 0 0 255 39 255 0 149 0 0 255 0 0 18 255 236 2 198 255 0
    0 0 0 0 255 0 0 0 31 0 0 255 28 255 0 255 0 255 106 255 199 0 0 255
    0 56 0 255 0 32 255 255 255 255 255 0 162 177 204 0 255 0 0 173 0
    255 255 255 0 97 0 255 255 255 0 87 0 255 255 255 2 0 0 255 29 0 255
    255 165 255 255 255 255 255 255 0 0 0 0 255 9 255 255 255 0 0 0 255
    36 175 0 255 255 255 255 0 0 0 255 255 255 255 255 0 255 255 77 255
    0 0 0 255 0 0 255 0 144 255 255 0 0 255 255 0 0 169 255 13 0 255 255
    255 102 0 0 255 0 255 10 0 255 0 255 255 195 154 255 0 0 0 255 0 255
    203 0 198 255 255 125 255 0 0 239 255 0 164 255 255 133 255 255 0
    255 201 255 154 255 0 179 128 255 255 255 255 0 161 0 67 207 0 87
    255 255 255 255 255 0 0 0 35 0 50 0 255 255 255 255 0 0 0 0 88 52
    255 0 140 0 255 0 0 0 0 255 255 0 187 70 255 0 0 221 0 255 255 0 0 0
    0 255 0 255 0 139 146 221 255 73 255 237 255 112 255 0 0 255 165 255
    0 198 168 0 87 0 255 255 65 0 0 255 255 255 255 255 0 183 0 30 0 255
    178 0 0 255 255 214 255 255 211 255 0 0 0 116 243 255 255 255 255 69
    0 232 0 141 0 255 181 255 6 255 244 159 85 171 0 0 255 255 255 0 0 0
    255 0 0 34 255 0 255 0 255 255 255 75 0 0 255 255 0 84 255 0 247 164
    255 255 0 159 0 2 0 0 127 255 255 255 0 255 0 0 169 255 255 0 255 0
    255 255 255 188 122 216 255 168 255 0 0 178 255 255 0 0 0 51 255 0 9
    168 189 2 255 255 0 255 0 255 0 107 12 0 0 255 0 255 0 193 255 0 255
    0 255 255 0 0 255 255 0 0 0 255 162 46 255 18 247 0 132 0 255 239 0
    0 0 255 2 0 0 0 43 255 255 80 0 0 49 14 0 0 0 0 0 255 0 0 0 255 255
    117 0 0 205 255 65 255 0 204 61 0 255 184 255 255 0 66 0 255 168 65
    0 0 255 255 69 255 0 0 0 255 255 214 255 0 0 133 0 255 0 255 150 0
    66 203 0 255 0 0 255 226 255 0 0 182 89 255 255 0 0 0 98 0 0 255 255
    207 255 181 0 0 0 255 0 0 0 0 0 0 0 0 255 134 255 255 250 0 255 0
    255 0 255 68 0 255 255 255 255 0 0 255 0 255 149 255 0 222 255 0 0 0
    0 255 255 255 117 0 202 0 0 192 207 255 0 0 0 0 158 255 255 195 255
    255 0 255 0 0 255 255 202 54 255 116 0 134 0 255 0 0 255 0 0 255 255
    0 0 255 255 255 0 255 255 255 0 255 176 255 0 0 0 255 0 0 0 255 0 0
    0 0 255 0 255 0 165 0 255 0 255 141 0 217 255 0 0 255 0 255 0 0 248
    255 253 0 0 45 0 255 176 255 255 0 0 0 255 255 239 80 0 255 255 0
    255 0 255 230 1 0 255 0 255 0 0 0 255 255 47 255 0 0 0 255 255 154 0
    255 0 151 0 255 226 255 153 214 255 255 255 0 211 0 119 255 255 0
    255 0 0 0 255 188 255 0 255 0 255 255 37 0 0 255 0 255 71 255 0 200
    0 255 0 202 0 85 255 47 0 55 255 219 245 0 0 255 132 0 255 255 255 0
    255 0 255 0 255 0 0 0 255 247 255 88 0 255 255 255 0 140 0 255 0 255
    255 71 0 0 255 138 255 0 219 0 255 0 0 0 0 21 255 0 255 0 255 97 255
    255 255 255 255 98 0 0 0 255 58 57 0 255 0 255 255 255 255 0 0 0 255
    255 255 255 0 0 0 255 255 0 236 189 46 255 0 255 0 238 149 255 0 141
    33 255 255 0 81 97 255 255 218 0 0 0 255 0 0 0 255 255 255 0 0 217 0
    255 0 255 0 255 0 255 0 255 205 255 0 0 0 255 41 230 255 0 0 0 0 255
    255 0 249 0 35 255 255 255 0 0 255 255 255 0 52 54 255 0 255 255 255
    255 0 161 0 251 255 224 0 255 0 255 255 0 168 255 0 255 0 170 0 0 0
    255 255 0 0 99 0 255 140 255 255 0 255 255 255 255 255 86 0 0 0 0
    255 255 82 255 182 173 255 255 180 255 0 124 255 255 0 255 255 255
    255 0 0 50 0 255 0 255 0 46 0 199 0 0 255 72 255 255 255 0 0 0 0 255
    255 255 255 88 0 113 255 0 0 0 29 244 255 135 255 0 0 0 99 255 255
    255 0 255 0 255 0 147 255 0 0 0 255 0 0 0 255 255 0 199 255 255 255
    255 0 255 0 255 0 255 0 0 255 0 255 255 192 255 255 255 174 0 0 0
    255 0 255 255 0 255 255 255 255 255 0 0 0 255 0 255 0 203 255 255 0
    156 141 255 255 0 0 0 184 255 0 185 0 255 255 255 0 0 136 93 127 255
    0 255 0 0 255 44 237 154 255 255 255 255 0 255 157 0 255 0 255 60
    255 255 0 255 0 0 0 0 255 48 255 217 255 255 255 0 249 0 246 255 255
    255 0 0 255 255 216 0 0 255 255 129 255 121 93 0 255 255 21 0 255 0
    255 251 0 59 255 50 0 0 0 0 0 0 255 255 255 255 0 114 0 0 0 0 0 255
    255 255 191 255 0 255 255 255 255 149 224 0 131 255 255 255 0 255
    255 212 0 255 255 0 0 255 227 0 0 0 0 255 255 255 255 229 0 0 255
    255 225 255 0 0 255 255 0 0 255 255 255 9 89 0 0 0 0 255 255 255 0
    206 0 255 0 0 255 255 255 0 0 213 255 255 255 255 255 255 0 0 255 0
    9 0 255 0 255 46 255 255 255 255 255 192 0 217 0 255 0 255 0 221 255
    255 255 255 255 255 255 255 180 0 0 255 255 255 0 195 0 255 0 0 255
    255 0 0 0 255 12 255 0 189 0 0 0 255 0 255 255 255 255 239 255 0 0
    255 255 255 255 0 0 255 0 32 235 255 181 36 0 223 0 255 255 136 147
    0 106 0 255 92 0 0 255 255 255 0 0 255 0 255 255 255 100 255 255 68
    255 0 0 0 255 255 255 180 255 0 0 255 0 33 255 255 255 0 0 0 255 255
    255 255 0 0 0 123 0 192 255 255 0 0 0 159 255 135 255 217 0 255 160
    0 0 255 199 255 255 0 166 0 255 255 255 0 0 255 255 255 0 0 81 255 0
    0 0 255 255 250 126 255 0 0 0 0 255 0 95 0 255 0 255 0 0 10 255 0
    255 0 0 0 255 255 255 149 0 0 0 190 0 255 255 255 189 255 0 0 0 81
    255 255 0 255 0 116 116 177 0 255 255 255 255 0 0 0 0 255 134 255 0
    255 0 255 0 0 255 102 255 143 0 255 19 255 0 255 0 0 255 255 255 255
    61 0 151 0 131 0 255 179 0 0 255 255 255 0 0 0 255 255 255 0 0 0 41
    63 0 255 255 215 0 0 0 255 255 0 255 177 110 55 87 255 64 255 255 0
    255 0 0 255 255 84 0 67 0 0 255 0 255 0 0 0 255 255 255 0 0 250 255
    0 91 255 0 0 0 218 255 255 19 0 0 0 86 255 0 255 0 143 119 105 0 0
    204 255 0 0 255 255 0 0 255 144 255 255 0 0 255 255 255 255 255 0 0
    0 0 209 255 255 255 0 255 0 255 0 255 0 0 0 255 255 255 255 255 0 0
    0 255 255 0 0 255 255 5 0 255 95 255 0 0 44 0 255 56 255 56 255 255
    255 0 255 255 255 0 0 240 0 0 255 255 0 255 159 0 0 0 255 255 0 0 0
    114 255 237 0 0 255 0 255 134 196 0 132 0 235 0 255 129 255 33 144 0
    0 130 200 255 0 79 14 255 91 255 0 0 0 0 0 184 104 255 255 255 68
    255 89 185 0 255 0 0 0 0 255 255 255 0 248 0 255 255 46 255 0 0 0
    255 255 238 0 255 255 0 0 0 169 255 255 255 0 0 255 255 10 0 0 217
    114 255 19 255 255 255 213 0 255 0 255 0 204 79 255 0 90 0 255 0 0
    211 165 255 0 255 6 192 255 0 0 96 0 255 255 255 255 0 0 0 255 0 255
    255 0 0 255 255 111 0 255 155 255 0 0 0 255 255 255 0 183 0 255 0 21
    0 0 110 0 0 255 237 0 0 255 255 255 255 251 0 255 0 0 0 0 200 0 255
    65 0 0 255 255 255 0 0 99 97 240 255 0 255 0 255 23 255 255 0 251
    228 0 0 0 255 255 255 0 0 0 0 69 255 154 0 0 0 255 255 255 255 0 0 0
    0 0 151 255 0 0 255 255 133 0 197 255 255 255 0 255 0 255 142 255
    255 121 255 255 0 0 255 0 255 44 255 0 0 255 0 39 255 255 255 0 0
    255 33 0 0 255 0 255 0 156 0 255 0 255 0 0 255 255 255 0 0 138 255
    255 252 255 0 60 150 0 0 0 43 0 0 255 255 255 0 0 255 255 255 255
    255 255 0 127 0 61 0 0 255 74 255 255 160 0 63 255 0 0 0 255 255 255
    0 0 0 0 0 0 0 31 255 0 255 255 255 0 75 77 255 0 0 0 0 255 0 255 255
    214 0 48 255 0 0 255 174 91 0 0 0 255 218 197 0 106 255 0 255 0 193
    0 17 0 0 255 88 255 0 255 120 0 0 0 255 136 255 0 0 0 255 198 255
    252 148 255 0 165 0 255 200 255 255 0 0 0 0 0 255 255 255 53 255 221
    255 182 255 0 255 0 255 0 255 0 0 0 255 253 137 0 255 126 255 255 0
    0 0 183 255 255 0 255 0 165 86 255 0 105 61 0 255 0 255 209 255 255
    199 255 0 0 0 255 0 255 0 90 139 0 0 255 255 166 0 255 0 0 0 0 255 0
    118 255 255 0 255 255 186 255 0 255 0 255 122 255 255 0 0 0 255 255
    255 0 199 255 255 178 0 0 0 0 255 255 255 255 0 0 255 0 0 255 0 0 0
    255 255 255 0 0 255 0 221 206 132 0 184 0 255 0 138 0 255 0 255 255
    255 255 255 255 0 0 255 255 0 255 0 0 255 0 255 255 187 52 0 0 116 0
    255 255 255 0 0 102 0 255 255 255 255 0 69 0 255 234 0 0 0 255 0 255
    0 214 0 255 0 255 0 255 0 255 255 255 0 0 255 255 0 0 46 255 211 0
    178 255 255 255 0 0 0 4 255 255 255 255 183 157 255 0 255 0 0 0 255
    255 0 228 0 255 211 255 190 255 255 0 255 255 210 255 217 255 255
    255 255 58 0 0 43 255 135 255 0 255 0 29 0 255 192 0 255 0 255 255
    255 0 0 0 255 255 0 255 157 240 255 255 0 85 0 255 0 255 255 255 0 0
    190 255 0 0 0 255 255 255 0 0 155 222 255 255 0 0 0 255 255 0 0 255
    255 255 0 227 0 255 0 255 0 0 0 0 0 255 0 255 255 0 0 255 255 255
    255 0 255 0 255 0 255 0 0 0 255 255 0 0 0 93 255 0 255 0 0 0 0 255
    255 0 0 0 255 255 60 0 255 0 0 106 255 159 255 0 0 0 245 255 255 41
    0 0 255 186 230 45 0 255 255 255 0 255 255 0 239 0 71 0 255 134 255
    255 190 36 235 0 0 255 0 0 0 255 0 255 255 255 170 0 0 46 92 0 255 0
    0 132 30 77 255 255 0 0 0 0 0 69 255 186 0 0 0 255 0 255 255 255 255
    151 255 0 0 0 255 255 255 0 0 0 255 34 75 0 0 255 0 66 255 47 0 0
    255 255 255 0 0 0 160 0 255 0 255 255 255 0 255 0 135 192 255 0 255
    0 255 0 255 255 255 0 0 0 255 255 255 0 184 0 255 0 82 0 0 0 237 0
    255 118 255 255 8 255 255 255 112 221 132 0 5 106 255 0 255 51 255
    255 237 0 0 255 0 0 255 255 255 0 0 255 255 255 110 255 0 134 255
    255 205 0 255 0 25 0 150 64 57 255 0 255 0 0 255 0 255 0 0 184 255
    255 255 0 0 255 255 255 255 255 251 224 0 38 255 255 0 0 0 255 196
    255 0 255 220 230 0 0 0 255 20 255 0 0 255 255 0 255 255 0 0 255 255
    255 255 53 0 0 0 255 255 0 189 255 28 208 0 0 0 255 0 246 255 0 0
    255 0 255 0 255 213 255 0 117 143 0 0 255 255 255 0 252 0 255 255 0
    255 0 255 0 0 0 232 255 255 213 95 239 255 182 255 0 48 0 0 125 3
    255 0 112 0 255 255 0 112 0 0 255 0 0 0 114 255 255 0 0 0 174 0 255
    255 0 0 200 255 255 189 0 255 0 26 0 255 0 255 255 98 0 185 0 255 0
    255 255 237 193 255 0 204 0 255 237 255 255 0 255 191 255 0 0 0 0
    255 78 255 0 255 0 255 183 20 214 0 0 0 255 255 233 255 0 0 25 255 0
    0 205 255 0 0 0 102 0 0 255 0 0 0 255 0 255 0 255 0 226 255 0 0 0
    228 255 255 255 0 0 45 60 33 0 0 153 255 255 255 255 0 255 255 0 0
    244 255 255 47 255 0 255 0 0 3 255 0 255 0 255 0 0 0 0 255 255 255 0
    0 0 255 189 0 248 255 255 225 255 252 0 0 0 255 255 255 45 0 144 0 0
    255 255 255 255 255 243 0 255 0 255 0 71 0 255 144 0 26 0 0 0 255 0
    255 0 0 255 255 89 255 0 255 0 0 0 252 225 255 186 255 0 0 255 0 255
    254 229 0 255 251 255 0 0 0 0 255 0 255 0 255 0 0 164 99 233 0 0 255
    0 0 255 180 0 14 255 24 189 0 255 0 0 53 0 0 255 0 255 1 42 0 255
    255 255 255 0 0 58 255 209 18 255 255 255 255 255 0 255 0 255 0 116
    22 255 255 255 0 0 255 0 224 0 255 92 186 0 0 255 189 255 255 0 0 0
    18 189 255 53 0 195 188 255 172 255 255 0 255 0 102 255 0 255 0 255
    0 0 0 0 255 255 0 0 0 44 0 255 10 0 255 255 255 0 75 255 51 0 0 0
    255 255 255 255 249 0 0 240 255 253 0 255 44 208 185 0 0 255 255 0 0
    0 255 0 255 0 255 255 255 0 207 0 69 255 24 255 255 181 255 255 0
    255 188 255 0 0 0 0 255 0 255 255 255 0 0 255 0 0 0 0 255 255 33 207
    26 0 255 0 219 255 255 255 0 122 0 98 150 255 255 255 0 255 248 255
    255 72 255 0 231 255 255 0 255 216 255 0 0 0 255 255 255 99 255 0 0
    0 0 255 255 255 255 0 93 0 255 255 0 65 0 141 0 133 255 166 255 0 0
    0 255 255 0 0 255 0 255 0 0 20 0 255 255 0 255 118 255 255 103 68 0
    0 255 0 255 0 0 55 255 19 255 255 255 0 0 0 255 0 255 255 159 255 0
    143 255 255 255 255 255 255 0 0 0 0 255 255 255 0 0 0 0 208 32 255
    135 255 255 0 0 235 255 255 0 3 255 255 0 0 255 255 255 255 0 255 32
    255 255 0 255 85 0 169 145 255 255 255 0 255 0 0 255 255 255 255 255
    255 0 0 144 255 23 255 255 255 0 0 142 0 255 255 20 41 255 255 0 0 0
    111 0 255 0 166 0 255 155 0 0 255 0 255 0 171 222 0 255 0 0 45 255 0
    0 0 0 255 0 132 205 255 0 255 0 0 0 30 255 255 255 0 0 0 255 255 0 0
    244 255 255 0 109 255 255 0 0 255 255 0 255 0 0 72 12 255 255 0 0 0
    255 0 118 197 0 0 144 192 93 255 255 255 255 0 255 0 255 0 0 0 0 255
    0 255 0 197 0 0 204 68 232 200 26 0 0 0 255 0 182 0 0 191 255 18 255
    0 0 52 224 0 255 0 0 0 255 255 48 222 0 0 255 0 0 0 123 255 255 0 0
    255 0 255 0 255 0 255 0 0 0 255 255 76 255 255 255 255 0 0 234 247
    255 0 35 140 255 255 0 0 0 255 0 255 0 255 0 255 0 0 0 0 96 255 255
    0 30 255 255 0 255 0 255 0 255 255 0 226 0 0 0 171 255 51 255 57 0
    255 0 0 215 255 255 8 184 0 0 255 255 95 0 0 56 0 92 194 88 0 0 118
    255 39 255 255 0 0 0 0 255 255 255 182 255 156 0 255 0 255 0 255 251
    255 175 255 112 0 255 255 255 0 238 80 255 0 255 0 255 0 253 255 18
    255 0 255 0 0 0 0 0 0 234 0 255 0 255 0 0 107 0 0 255 255 133 0 215
    0 0 0 199 200 255 0 0 0 0 102 255 255 255 207 255 0 255 206 0 255 0
    231 0 255 30 255 255 255 0 0 179 0 0 0 0 255 255 0 0 0 255 135 0 255
    255 255 82 155 0 0 255 0 255 0 255 0 212 0 255 255 86 0 0 31 255 1 0
    136 255 129 0 255 0 0 255 255 253 255 0 255 0 0 120 169 255 141 255
    83 187 12 255 0 0 255 255 0 0 98 0 255 96 255 255 255 255 0 91 255
    255 166 0 22 255 0 255 203 0 0 255 149 255 40 0 152 255 0 255 0 0
    255 255 255 0 8 0 219 0 158 0 12 0 0 118 255 0 64 0 0 255 255 0 0 0
    0 0 216 0 0 255 100 0 0 0 88 0 255 0 255 255 186 0 0 0 255 255 255 0
    0 255 255 255 0 0 0 0 0 83 64 0 161 255 0 0 0 0 255 255 159 255 255
    0 255 120 255 229 12 0 0 0 0 0 93 0 255 255 255 0 37 255 255 255 0 0
    0 255 255 255 0 0 248 255 0 255 255 255 0 0 0 255 255 145 0 0 255 0
    0 255 196 255 0 255 0 255 255 255 255 0 255 0 0 0 0 0 255 255 255
    255 0 157 255 255 97 0 150 255 0 0 0 255 255 175 213 0 255 0 0 0 255
    255 255 0 0 255 0 255 255 255 49 2 0 255 0 255 0 255 235 0 255 0 148
    0 255 93 255 2 0 0 255 255 0 0 34 121 255 59 254 0 99 0 255 0 255 0
    255 0 255 255 0 0 0 206 255 255 0 0 255 0 255 20 255 255 161 80 255
    97 255 255 0 0 0 0 0 255 255 255 0 0 38 255 255 0 50 255 255 255 0 0
    0 255 0 255 255 145 255 0 255 0 0 0 99 255 0 0 255 12 135 0 0 0 0
    255 255 0 0 109 255 255 255 46 0 0 0 255 0 83 255 255 0 0 255 18 255
    0 255 0 255 0 255 23 255 55 255 0 0 0 0 255 162 255 0 255 218 0 255
    255 255 0 255 0 255 0 255 0 255 0 0 0 255 255 255 0 0 159 255 53 255
    255 255 0 0 255 0 255 0 255 255 255 0 255 62 255 0 255 50 0 0 7 255
    199 104 255 255 255 0 255 93 255 244 255 255 255 223 0 0 0 0 255 0 0
    255 0 255 193 255 0 255 255 0 0 0 255 0 255 20 112 0 0 0 255 255 255
    255 0 255 0 0 0 255 255 0 144 0 255 255 0 255 255 0 0 0 255 63 255 0
    255 255 0 255 0 255 0 14 0 255 239 255 133 0 0 0 255 255 0 5 255 255
    255 0 255 255 0 255 0 0 226 255 123 255 255 255 255 255 255 0 99 255
    255 255 54 0 0 255 255 255 0 255 255 255 0 0 158 255 255 0 255 0 255
    198 255 0 224 255 170 53 0 14 0 0 0 0 47 255 6 229 0 5 0 255 13 112
    0 255 255 96 0 0 0 0 255 0 255 255 255 255 91 0 0 255 89 207 0 0 130
    255 129 255 0 255 255 255 164 0 255 0 0 75 255 255 255 1 255 255 255
    0 13 255 255 0 0 0 255 0 255 0 255 255 0 178 0 255 26 0 0 255 255 78
    118 0 255 236 197 0 255 255 0 6 255 255 255 0 0 0 255 255 255 0 255
    255 255 255 0 255 0 255 0 255 255 255 0 255 0 0 0 0 255 0 18 255 255
    0 0 255 255 20 255 60 255 255 255 185 119 0 0 0 198 255 255 232 0 0
    0 255 255 255 0 0 255 7 69 0 0 255 0 0 0 0 107 0 0 255 255 0 0 0 146
    0 255 131 213 0 255 255 0 255 0 255 0 255 0 115 255 255 0 0 0 255
    255 228 0 0 255 0 255 114 0 0 0 255 0 255 191 255 0 72 255 37 0 108
    255 255 255 255 0 0 255 255 191 0 0 255 255 255 255 0 0 0 0 100 0 0
    255 0 0 85 255 0 0 0 255 255 210 0 0 84 255 211 0 0 255 0 230 255
    255 179 0 74 255 255 113 0 0 101 255 255 161 0 0 98 0 0 255 255 0 0
    0 7 255 255 82 255 0 151 0 255 0 0 0 255 255 254 0 217 156 0 255 115
    0 0 0 235 255 255 0 64 255 255 0 0 0 0 255 0 0 0 255 198 208 255 255
    255 255 0 255 0 255 255 255 255 255 121 0 0 255 0 11 0 255 39 0 0
    255 122 255 255 255 255 78 255 0 255 0 255 0 255 255 255 0 0 220 255
    255 0 0 54 255 255 0 0 0 0 255 255 16 255 0 189 0 0 183 0 22 20 255
    255 0 0 0 255 255 255 0 0 255 157 0 0 255 255 255 255 0 255 255 255
    0 255 0 255 0 255 255 20 0 255 255 255 0 0 255 0 255 0 0 0 0 255 255
    0 255 0 125 178 0 0 255 255 255 0 0 0 224 50 255 0 255 0 255 25 0 0
    255 255 255 204 217 255 0 4 0 255 255 13 213 255 99 254 216 191 0 0
    255 255 254 0 0 255 255 226 67 0 0 0 0 0 255 0 190 0 255 255 0 255 0
    255 0 255 0 187 0 66 0 0 70 255 0 255 255 32 0 255 0 255 0 255 0 235
    0 255 255 251 0 0 255 0 255 129 0 0 255 255 0 0 68 255 86 255 0 255
    0 255 0 255 0 255 0 255 255 255 0 0 0 255 255 0 255 255 255 0 0 0
    255 255 0 0 0 0 255 0 255 255 255 109 76 165 0 0 255 0 0 0 255 255 0
    255 0 98 0 255 0 255 0 0 0 255 255 64 0 0 255 255 0 255 255 0 0 57
    255 255 0 0 0 118 190 0 255 171 198 255 255 0 237 255 70 91 255 0
    255 0 48 233 0 0 0 255 0 255 0 0 255 0 255 0 255 60 255 0 194 0 255
    0 0 0 255 216 250 255 255 0 0 0 255 255 0 0 255 255 143 255 255 255
    243 205 255 255 178 6 255 255 0 0 255 255 255 0 0 255 255 255 255 0
    189 255 229 0 226 106 171 0 246 255 255 255 0 0 255 232 0 0 157 36
    255 200 255 0 255 255 0 0 255 255 255 227 255 147 255 0 13 0 0 0 0
    255 230 136 121 0 255 255 255 0 0 0 255 255 255 160 255 255 0 255
    128 255 0 255 0 255 0 0 255 255 255 255 0 0 0 255 99 255 164 255 255
    174 255 0 255 0 255 255 0 0 0 0 255 0 255 0 0 0 0 13 255 255 0 255 0
    0 255 255 0 143 255 255 255 0 255 255 255 0 0 69 0 0 237 255 255 0 6
    0 255 0 0 255 255 0 0 0 174 71 0 255 0 255 255 255 0 0 0 214 0 255 0
    0 0 255 255 255 255 0 0 255 54 0 19 62 255 73 133 0 255 255 0 0 0 65
    107 255 255 0 255 0 69 0 0 255 0 37 21 0 255 255 255 0 255 255 255
    60 0 36 144 0 150 31 255 0 255 0 255 0 0 255 55 0 136 255 0 46 163
    255 255 168 242 255 255 0 0 255 104 255 200 123 0 255 0 134 225 255
    255 0 255 255 255 201 255 255 233 183 255 0 179 0 4 71 255 0 255 0
    255 255 255 0 0 0 255 0 255 76 255 12 0 255 255 86 255 255 228 0 255
    255 255 0 0 0 0 0 255 0 0 255 255 0 255 255 255 0 255 126 0 0 0 0 0
    184 255 255 255 0 133 255 0 131 255 255 255 120 255 0 0 0 0 255 0 0
    0 255 255 0 0 255 169 0 0 148 255 255 0 241 255 255 0 0 0 255 0 110
    0 120 255 0 0 234 255 255 255 146 138 0 255 127 0 0 255 255 255 192
    255 0 0 0 255 255 255 255 255 255 128 0 0 255 225 255 0 255 49 133
    255 6 255 145 255 0 255 0 0 255 0 255 0 255 255 255 0 255 207 0 0 0
    0 255 255 255 0 253 249 0 255 0 255 0 255 0 0 0 3 0 0 255 145 0 254
    255 255 0 0 255 199 123 0 0 8 255 255 0 255 0 255 255 255 255 0 0 0
    0 255 255 56 255 2 255 0 0 238 0 255 162 255 255 255 0 0 0 252 0 9
    255 255 255 0 0 99 0 0 0 0 255 255 0 22 255 101 255 0 0 76 255 255
    255 0 255 37 255 0 233 255 0 255 255 255 255 255 0 88 255 255 0 0 0
    255 41 0 255 97 255 0 255 0 196 0 0 0 255 255 0 0 0 255 0 255 0 255
    255 255 0 0 255 255 0 198 197 0 0 0 255 255 255 0 0 76 255 189 255 0
    255 0 255 0 0 26 220 0 138 255 0 255 255 255 0 0 62 255 72 0 41 255
    0 0 0 196 209 255 219 141 255 255 255 255 0 0 153 255 255 255 255
    172 0 255 255 0 0 255 255 0 0 19 0 0 255 0 0 0 255 255 255 255 0 208
    255 255 0 255 0 0 0 255 255 134 0 255 0 109 0 255 136 255 255 193
    255 0 0 0 140 255 226 255 255 255 255 78 0 255 0 119 0 149 0 255 0
    255 84 6 255 0 131 0 255 255 255 255 0 255 255 255 0 0 244 0 255 0
    255 0 255 0 255 0 218 0 0 0 43 255 0 255 0 114 0 0 255 255 0 255 255
    255 0 255 104 255 255 0 255 0 0 0 0 0 255 0 255 0 255 255 9 0 164 0
    0 245 243 7 255 208 255 255 0 204 170 255 0 0 0 255 255 255 46 0 0 0
    0 255 255 255 0 255 168 86 0 233 0 0 255 0 0 255 255 84 67 8 255 0
    255 255 255 255 0 0 87 255 255 255 0 13 0 149 3 255 0 255 0 0 255
    255 0 0 143 255 255 0 0 208 255 68 0 0 0 24 255 171 0 130 255 174
    144 236 255 255 0 133 0 0 0 255 255 255 0 61 0 255 255 255 255 255 0
    7 255 255 0 255 6 255 0 109 0 49 255 0 255 255 255 0 225 0 255 0 231
    0 0 255 255 255 255 0 0 0 0 255 255 255 255 255 0 41 0 0 94 238 0 0
    255 0 255 255 255 0 0 0 255 0 255 141 238 255 170 255 255 0 255 0
    255 197 255 107 50 0 0 255 216 0 0 153 255 246 255 0 0</data></your_img>
</opencv_storage>
