<?xml version="1.0"?>
<opencv_storage>
<filter_type>0</filter_type>
<only_luma>0</only_luma>
<r1>1</r1>
<r2>2</r2>
<L2_diff>1.9754827258166547e+03</L2_diff>
<test_img type_id="opencv-matrix">
  <rows>128</rows>
  <cols>256</cols>
  <dt>"3u"</dt>
  <data>
    216 180 164 44 154 216 158 88 3 161 40 141 83 70 135 23 213 39 202
    122 215 204 136 53 61 99 138 38 51 63 181 189 24 204 113 155 40 207
    61 70 108 74 27 247 73 241 137 105 67 71 73 128 36 117 64 49 27 64
    20 10 116 149 252 87 132 207 251 78 35 161 228 189 236 83 115 177 12
    12 46 135 205 197 124 89 79 21 231 135 8 106 124 201 102 191 158 87
    69 86 180 125 20 137 90 14 94 234 93 40 77 196 90 176 199 107 141 11
    129 195 48 29 185 98 117 31 234 221 152 63 214 170 225 4 144 68 55
    14 140 48 216 81 253 24 117 109 199 131 221 28 37 165 186 106 201
    127 64 241 14 246 229 239 139 62 135 84 51 95 79 143 145 99 111 114
    221 86 130 15 198 25 10 234 245 174 32 67 145 80 46 140 43 129 190
    239 91 64 233 2 82 158 224 55 20 148 0 117 12 244 100 210 83 180 187
    98 231 8 132 6 27 247 48 169 177 157 111 137 205 239 247 114 105 205
    36 128 231 72 51 241 165 143 78 118 1 211 30 28 77 7 198 92 226 226
    198 179 134 18 23 15 134 186 95 144 178 49 123 110 15 67 214 43 202
    30 33 6 139 189 107 122 199 194 168 197 68 64 154 41 89 60 73 183
    202 129 113 181 72 132 18 78 173 229 139 51 171 36 145 134 140 217
    234 66 197 144 63 27 33 235 214 94 184 69 222 192 140 144 228 65 83
    222 78 228 3 133 97 201 58 74 97 21 8 170 15 173 111 71 17 126 220
    189 111 95 210 114 45 68 141 147 103 75 77 51 235 41 156 202 24 25
    228 120 92 182 254 31 207 154 87 54 207 197 65 192 163 25 180 92 143
    91 127 54 156 77 120 203 55 59 243 230 167 129 62 181 24 118 162 208
    10 83 173 249 125 39 169 177 147 156 193 28 92 210 145 155 12 122
    146 120 83 49 187 154 43 199 187 111 100 16 252 60 74 227 36 49 101
    200 175 9 57 202 223 179 93 161 93 151 50 154 95 155 224 138 115 255
    195 34 3 109 106 243 68 230 195 135 159 169 122 134 4 130 43 250 176
    192 94 250 81 174 31 74 3 235 94 118 118 98 53 90 110 189 252 40 184
    253 172 220 192 14 231 92 60 13 249 114 112 143 179 137 247 166 137
    13 17 22 67 167 134 35 119 109 212 156 144 137 93 161 158 174 94 108
    226 125 150 126 55 223 67 120 27 31 67 163 134 47 235 153 12 32 220
    22 239 214 51 29 102 186 32 179 65 45 200 114 119 246 4 174 40 253
    24 22 223 64 120 60 168 115 23 242 100 244 159 247 96 225 32 119 171
    50 49 197 49 117 30 78 101 3 202 226 49 10 208 244 167 51 12 218 78
    193 242 167 114 134 224 101 111 23 174 247 63 147 248 174 211 23 86
    43 193 168 44 235 146 92 134 30 40 146 7 67 30 230 66 97 142 133 252
    157 144 5 198 159 69 167 134 73 161 156 220 142 234 7 28 176 111 228
    70 229 8 156 51 201 193 162 168 213 60 207 33 88 44 145 106 115 229
    66 152 103 117 252 23 172 236 66 209 220 68 186 3 76 106 248 10 246
    233 32 75 246 163 240 151 108 6 51 241 14 194 100 239 163 37 82 140
    197 99 5 83 169 103 88 65 179 46 163 72 115 222 217 22 254 58 70 146
    224 63 57 138 197 95 232 207 35 156 161 235 195 57 235 209 206 145 2
    46 27 54 190 7 189 111 157 129 154 163 97 145 38 142 171 96 63 213 0
    119 201 210 190 216 173 60 213 77 197 204 140 217 16 7 165 122 207
    186 19 172 253 149 226 81 72 107 251 122 142 208 110 126 237 18 47
    37 123 12 22 99 28 221 3 196 241 91 162 16 102 17 73 70 114 135 208
    40 123 144 188 69 32 84 22 131 153 153 231 184 174 65 55 77 32 0 175
    207 89 7 163 28 3 169 129 250 111 201 238 136 227 109 118 190 191 78
    197 180 190 211 219 126 51 166 134 210 75 149 25 21 133 103 87 233
    72 124 163 80 225 37 113 151 158 213 162 68 77 142 181 219 147 19
    161 170 70 229 23 3 90 81 73 62 180 229 120 1 251 7 64 243 166 220
    200 99 20 19 233 155 146 197 42 172 220 146 49 234 31 225 210 60 73
    203 6 63 94 133 211 16 169 191 22 148 93 235 233 135 49 221 165 88
    18 218 223 5 25 28 120 60 152 19 104 247 27 224 175 54 93 71 24 101
    45 172 118 51 250 173 83 64 173 46 250 17 199 183 198 198 131 243 60
    176 244 229 139 10 158 6 87 37 115 127 17 216 30 171 155 173 158 192
    233 51 229 106 218 139 39 9 145 70 239 168 107 104 50 0 200 21 128
    126 115 19 214 149 13 163 218 79 0 226 23 245 167 103 196 186 40 116
    134 119 145 132 32 181 133 25 32 50 178 199 126 46 248 36 151 157 84
    174 81 33 66 188 24 195 115 65 82 148 110 76 3 219 83 239 149 195
    211 222 54 193 167 250 230 191 163 94 106 4 70 2 245 58 77 76 245
    112 80 181 53 222 27 159 112 255 226 180 13 175 128 208 206 142 84
    68 246 135 105 221 50 71 128 125 75 44 142 78 6 20 215 20 134 72 204
    6 160 43 54 1 105 41 244 193 41 0 145 233 214 106 229 176 143 59 111
    30 251 172 27 16 167 29 66 44 36 138 196 111 134 83 224 104 170 39
    108 163 85 147 25 14 150 221 93 169 86 238 241 207 164 111 5 74 72
    164 100 33 241 218 245 174 63 132 246 98 192 5 240 111 145 202 208
    251 155 57 185 82 24 207 216 37 85 74 174 217 240 45 44 175 125 89
    164 142 7 2 168 232 152 81 100 225 65 85 125 207 120 117 109 96 101
    201 112 10 253 214 166 203 199 21 11 132 227 219 79 91 199 206 15
    248 196 1 26 209 212 153 123 121 74 246 65 145 84 14 214 240 77 233
    110 163 189 227 11 50 235 229 135 79 23 197 149 22 216 239 217 226
    246 148 82 128 90 63 90 199 202 13 156 243 152 113 116 179 242 182
    29 43 149 248 123 80 11 203 115 196 227 53 204 97 16 181 46 180 235
    77 158 135 201 200 223 7 195 130 93 126 63 66 216 54 9 212 27 150
    247 215 123 187 250 20 180 54 254 228 121 214 185 43 223 35 9 113 34
    127 130 249 14 245 61 221 89 47 150 106 183 17 159 243 54 88 117 19
    171 191 58 21 139 28 94 114 199 9 130 159 212 211 188 35 119 186 36
    135 39 20 124 201 123 233 73 27 208 198 212 6 15 144 216 20 49 63
    124 146 212 95 144 222 190 92 235 9 228 17 164 34 131 85 14 30 58
    133 117 204 66 246 135 133 169 157 13 28 73 74 148 98 202 68 176 77
    124 222 202 48 235 163 208 135 131 228 175 43 205 85 46 98 145 215
    205 160 43 177 75 198 96 198 252 225 185 76 129 38 10 95 100 118 111
    95 121 169 232 51 197 5 243 73 54 167 138 84 29 39 20 170 242 254 7
    122 26 46 99 174 44 209 111 41 65 114 49 159 185 46 75 149 170 175
    231 57 42 103 151 87 60 14 76 68 110 30 46 10 58 81 222 138 8 205 61
    157 111 219 85 198 0 77 2 20 112 74 50 95 71 103 183 15 23 200 227
    24 42 70 45 164 41 207 95 248 58 117 38 19 159 82 246 152 166 182 69
    171 81 212 137 253 133 143 130 146 226 86 49 86 173 140 55 82 106
    137 186 59 230 135 61 73 30 192 122 35 77 217 126 121 14 247 87 1 71
    8 61 228 70 84 92 87 18 0 192 136 221 9 172 96 219 181 135 88 217
    100 68 55 76 63 236 250 224 205 0 147 72 169 24 171 83 162 178 47
    127 177 23 242 160 232 18 131 176 219 213 152 152 106 186 187 132
    246 29 124 236 191 7 176 108 133 245 50 39 18 119 16 234 65 175 33
    102 126 227 15 0 129 136 164 148 91 160 5 255 201 166 196 81 62 215
    241 248 6 35 60 151 147 156 198 137 251 170 35 179 170 67 227 139 92
    75 152 94 49 82 98 202 254 29 106 251 9 194 129 17 202 28 31 73 146
    71 9 186 137 128 224 46 241 13 152 180 81 214 24 239 244 182 232 214
    195 196 190 177 68 192 238 219 251 159 198 200 231 15 171 3 144 21
    96 192 140 39 22 126 109 102 41 148 205 213 81 19 190 107 0 44 40
    191 44 136 16 61 47 149 128 163 114 35 127 150 223 132 71 211 143
    219 254 53 165 121 239 7 193 210 92 231 98 211 81 204 88 93 106 117
    102 137 10 183 3 237 129 75 161 242 247 30 21 77 91 15 222 255 146
    86 193 24 55 81 20 114 44 222 189 172 135 159 201 231 14 37 77 184
    97 147 142 151 249 162 39 254 56 78 209 39 38 10 170 245 44 183 135
    208 111 185 48 67 220 70 37 108 56 175 39 117 216 99 246 179 69 226
    255 147 173 197 253 241 47 40 115 100 104 129 68 203 49 180 184 104
    198 174 17 26 68 66 142 19 104 120 50 15 213 147 23 145 67 205 62
    145 195 177 4 238 28 40 195 80 138 224 213 133 133 49 119 48 33 179
    81 134 88 58 149 19 10 183 76 151 54 110 59 98 215 203 208 147 250
    143 115 254 199 66 14 207 33 133 25 200 152 11 99 51 154 128 204 43
    129 64 115 211 228 92 170 214 143 206 187 205 140 143 146 215 98 160
    49 212 91 133 31 180 59 4 247 0 240 29 121 113 163 132 78 36 19 165
    130 194 154 217 210 73 85 199 231 229 146 50 165 74 202 229 225 141
    106 156 200 107 59 18 255 129 230 142 13 197 181 208 115 105 19 19
    221 91 58 102 242 148 176 85 91 64 47 29 116 252 56 187 203 184 179
    246 242 72 254 250 36 160 237 118 193 169 118 198 42 234 26 214 18
    124 101 214 1 229 254 102 39 187 170 187 242 210 132 149 96 176 77
    68 163 181 219 174 198 77 44 169 105 191 24 91 204 227 224 151 187
    81 107 238 21 250 24 169 165 227 13 14 72 196 40 109 51 114 216 34
    103 180 5 253 102 48 32 102 10 131 111 30 182 116 134 162 69 129 176
    126 185 58 120 122 232 49 201 109 235 118 3 151 131 157 106 147 152
    143 193 58 204 44 115 75 113 179 0 92 88 247 100 199 9 39 120 77 244
    47 92 146 227 207 80 214 161 115 87 62 123 33 148 125 118 7 117 210
    20 133 69 26 59 106 47 213 127 209 237 15 4 4 74 252 203 8 224 102
    163 4 194 110 210 184 62 203 74 207 1 137 0 205 136 133 67 175 122
    22 138 88 140 221 16 62 123 125 165 109 151 44 114 141 154 154 48 89
    8 57 191 12 141 125 251 145 191 213 111 127 116 253 151 105 108 167
    19 34 2 177 124 40 74 42 220 109 183 22 109 174 204 36 157 73 77 50
    183 252 206 51 241 247 160 187 54 59 184 66 129 151 84 114 141 204
    86 175 83 198 15 200 152 88 196 202 88 15 87 169 7 12 158 19 20 114
    194 68 235 39 168 103 37 213 131 209 153 51 51 219 245 197 198 18
    246 90 44 126 144 229 167 217 120 221 31 231 153 153 124 237 200 67
    11 91 39 128 42 62 47 139 26 135 126 45 182 143 142 171 186 213 12
    175 240 220 73 60 78 56 35 116 149 216 206 205 246 244 31 29 243 10
    24 223 238 145 55 57 33 69 131 11 121 118 119 105 116 112 108 188
    128 24 139 190 133 41 32 250 224 251 208 253 167 141 62 170 39 106
    115 113 2 251 62 157 53 122 9 163 145 55 40 12 118 203 215 201 10
    141 240 195 175 103 33 215 120 70 121 28 149 201 34 107 243 7 152
    178 200 130 180 137 5 244 7 204 150 110 113 118 37 141 246 202 80 9
    45 77 14 103 221 253 130 45 201 192 156 100 160 109 70 226 130 236
    21 111 38 196 187 208 249 25 67 69 181 227 90 14 139 11 81 90 241
    206 193 107 123 40 125 229 169 148 78 228 102 59 176 122 170 107 89
    61 5 13 240 159 60 66 34 92 232 240 207 224 77 33 185 148 136 47 16
    11 172 158 179 179 7 34 111 50 182 137 123 200 239 232 198 255 180
    215 19 135 151 15 133 96 1 172 95 219 58 232 24 59 79 128 200 27 13
    83 51 244 229 98 67 134 129 155 9 105 95 124 116 144 91 233 225 185
    151 235 138 193 120 121 242 62 251 166 168 26 129 18 249 191 158 151
    123 113 169 216 128 84 205 165 116 152 76 127 17 200 70 29 116 28
    195 179 23 202 143 246 5 80 191 238 190 103 190 199 99 250 212 238
    128 250 52 249 95 190 10 198 213 51 20 183 1 215 75 208 13 176 227 9
    11 243 41 37 215 196 236 45 140 172 81 56 49 159 231 11 245 59 72
    229 100 107 216 8 120 157 238 53 104 103 83 107 50 197 35 217 44 105
    9 176 143 138 110 216 228 106 204 127 18 6 79 11 1 223 202 106 190
    115 96 132 178 248 215 107 7 196 200 223 17 74 243 207 140 94 86 192
    139 2 11 152 176 37 34 53 223 216 168 161 46 242 221 54 252 216 104
    191 77 134 58 193 16 253 200 140 227 156 7 188 243 122 90 86 24 181
    55 189 184 99 218 19 137 222 220 188 97 39 167 89 202 199 197 132
    220 12 163 221 45 14 60 129 22 202 211 49 95 148 40 98 225 10 169 66
    124 13 94 254 197 190 11 1 80 187 96 86 59 228 234 97 252 211 183 79
    161 135 32 222 186 97 165 231 152 66 109 21 238 243 14 155 253 183
    67 131 219 231 107 70 62 218 15 49 213 120 144 21 160 152 93 250 51
    34 247 157 189 184 54 131 114 212 69 113 166 226 45 165 76 190 34 55
    187 44 212 171 137 95 18 35 96 205 0 91 100 161 22 138 68 73 39 21
    255 69 130 114 202 164 108 185 187 3 58 87 192 13 96 12 35 150 231
    87 29 132 184 228 147 125 173 58 159 34 79 143 66 112 130 249 8 14
    184 75 177 200 137 72 25 87 250 66 94 130 244 90 145 139 12 130 81
    234 88 23 197 212 33 236 154 105 185 153 208 235 245 198 135 84 14
    253 53 2 104 195 98 31 90 179 41 68 67 66 146 59 255 197 236 91 49
    201 86 35 142 241 100 69 123 44 146 227 127 70 121 200 16 210 238
    248 82 132 231 8 200 223 201 210 107 146 71 40 50 219 39 189 254 52
    176 85 65 190 79 79 100 124 199 12 134 107 106 110 198 111 27 202
    205 94 24 62 59 154 12 138 42 211 222 156 143 225 145 121 173 208 60
    204 51 122 137 231 32 251 58 118 10 178 209 26 237 59 39 23 183 198
    9 133 208 69 183 63 129 147 90 140 108 248 28 5 180 247 225 177 204
    157 223 175 91 1 117 122 126 107 9 48 104 152 177 127 25 49 13 27
    186 63 123 241 138 229 118 17 225 133 138 192 44 191 125 18 254 89
    97 192 56 35 11 113 192 249 99 94 24 201 91 61 1 92 202 252 44 23 59
    249 113 140 59 223 211 35 33 185 80 245 139 29 156 118 139 217 157
    220 91 219 132 77 127 77 89 97 38 10 226 187 50 181 129 110 25 233
    162 55 47 202 209 44 68 171 230 96 125 81 112 46 13 250 160 195 14
    26 56 51 21 209 106 105 175 81 221 106 116 114 134 203 120 49 176
    227 99 250 231 57 61 33 12 92 112 244 125 199 43 103 69 129 167 18
    164 176 143 141 19 54 95 131 253 181 148 51 134 182 215 230 22 201 1
    93 18 126 25 255 237 164 94 163 90 244 44 33 201 124 210 158 119 94
    29 40 199 241 249 13 9 201 34 163 125 237 222 17 79 181 129 16 238 4
    244 5 63 249 3 112 151 247 209 77 171 166 187 223 79 80 84 70 72 223
    191 126 146 168 194 29 67 78 162 215 86 233 243 119 138 255 7 144
    222 86 106 191 234 167 12 150 132 118 162 125 253 22 43 88 72 59 170
    85 204 187 202 217 110 89 209 18 96 91 7 23 48 41 127 77 29 0 10 237
    78 152 184 138 82 126 42 191 216 209 53 243 57 58 201 237 217 172 63
    147 101 124 81 8 8 16 239 217 23 184 146 176 146 163 234 11 118 180
    147 144 108 240 38 137 82 11 70 193 193 213 74 97 132 178 128 11 74
    155 228 100 243 52 89 75 56 124 153 66 150 149 225 15 188 7 40 60
    234 120 56 235 193 227 226 178 146 123 136 163 98 97 132 177 100 105
    135 166 128 252 203 90 217 198 153 51 106 199 90 251 148 135 201 225
    139 181 119 114 184 251 9 244 205 76 4 6 187 95 247 80 24 182 137
    144 224 21 56 69 246 172 239 82 98 92 233 16 116 58 98 228 255 101
    99 187 29 78 140 193 230 244 137 216 16 91 98 159 152 1 250 253 5
    151 88 217 133 233 96 184 98 49 150 208 59 93 224 4 206 154 155 216
    119 69 94 80 181 27 225 202 168 77 252 113 74 79 247 166 79 91 17
    203 90 10 87 71 206 77 120 243 24 176 169 3 28 253 186 69 221 1 161
    118 211 242 3 183 144 110 5 74 163 37 225 100 115 24 62 117 99 132 1
    102 49 164 79 128 0 23 149 18 77 210 36 135 43 6 188 239 192 0 93
    195 126 201 165 176 30 17 218 102 130 157 209 74 30 37 212 18 74 164
    147 65 87 54 197 216 65 8 184 162 147 46 149 88 251 60 206 162 232
    230 78 157 224 215 88 217 183 113 159 145 58 24 1 112 1 229 229 127
    28 32 102 166 255 117 82 129 147 91 247 163 96 84 168 126 197 165
    212 109 220 22 183 164 1 43 163 103 247 55 250 82 143 111 179 115
    123 154 206 53 204 19 71 156 72 34 208 74 241 187 166 48 202 177 12
    98 208 161 35 93 106 85 60 28 179 232 202 126 130 192 88 51 126 193
    219 30 31 250 53 16 173 73 99 53 158 21 170 68 162 89 168 10 177 235
    176 198 76 98 243 176 179 209 229 153 146 1 183 145 242 67 236 222
    98 155 92 201 9 12 255 178 146 133 24 17 97 19 30 35 214 65 30 206
    30 41 92 102 35 142 194 153 123 182 112 132 221 61 88 104 99 221 47
    5 226 64 8 127 21 150 15 20 218 110 0 146 129 179 252 105 4 120 157
    143 62 72 83 81 0 232 182 196 241 224 185 209 71 226 80 165 145 75
    131 255 187 80 88 114 172 237 118 156 230 170 196 166 7 147 25 8 192
    67 76 205 92 173 72 154 79 202 3 25 122 97 85 223 92 218 79 3 112 30
    198 183 216 173 72 204 198 192 110 208 16 23 179 255 68 253 248 53
    255 254 91 145 120 37 76 62 151 251 243 230 9 106 101 206 120 42 36
    248 55 106 131 41 49 229 94 205 54 125 167 191 241 141 103 41 20 116
    24 202 202 214 234 114 139 60 236 157 194 18 73 132 118 182 253 147
    241 77 202 156 221 171 220 145 149 251 130 4 13 87 133 163 53 111
    114 252 121 128 22 114 73 45 36 243 252 11 134 200 174 43 170 170
    249 128 207 139 242 112 193 79 141 162 93 175 98 5 143 245 47 61 215
    211 63 235 193 7 169 132 122 5 57 81 51 253 2 67 193 246 88 204 124
    195 96 85 214 94 13 195 148 87 167 195 103 231 248 5 190 109 73 245
    40 94 219 17 215 3 175 97 130 58 140 202 168 74 210 216 28 226 215
    174 13 17 5 232 82 31 138 121 187 74 174 47 169 34 150 69 86 92 24
    53 206 137 77 203 8 203 128 154 139 122 169 83 150 144 10 53 166 141
    94 94 172 24 194 31 184 113 246 90 36 126 174 54 105 29 170 224 101
    85 226 185 55 210 148 127 125 196 229 64 131 198 112 82 30 18 88 214
    32 249 197 67 102 127 205 83 68 253 29 42 17 4 29 195 176 54 187 120
    112 158 250 207 34 194 178 253 243 3 27 138 179 29 102 46 230 191
    114 138 214 218 73 255 15 192 110 57 134 15 217 213 196 239 38 37
    216 99 217 50 171 89 73 4 147 209 238 114 81 39 181 215 108 172 170
    15 87 103 25 125 127 230 142 123 184 179 72 81 115 52 112 60 239 19
    202 95 36 222 6 142 129 20 236 27 224 129 159 240 131 80 168 38 71
    232 72 59 38 40 162 153 97 146 179 160 6 92 121 75 103 170 163 242
    60 190 211 197 145 67 229 120 153 210 154 58 160 109 96 170 10 167
    93 37 60 254 238 29 171 28 167 108 93 47 185 177 144 155 204 183 214
    42 238 194 133 39 196 68 184 247 179 217 89 226 202 146 247 129 120
    240 164 124 25 209 255 146 190 123 224 209 207 135 237 20 103 202 66
    108 36 7 134 186 205 181 214 40 18 103 4 171 118 25 16 87 180 60 90
    218 87 34 185 17 227 119 169 216 141 52 8 122 44 102 113 73 220 43
    27 244 228 212 97 61 133 64 249 107 66 237 240 143 49 253 27 135 188
    224 165 108 200 12 172 85 97 112 61 48 168 201 206 151 54 79 47 117
    21 228 250 64 137 224 206 122 48 228 163 5 209 75 140 184 188 243
    179 156 182 212 130 132 35 210 29 6 229 75 138 228 56 237 9 244 40
    124 134 221 57 92 194 227 77 199 25 208 75 62 228 153 219 239 66 13
    156 70 127 43 15 55 135 120 35 5 114 62 156 145 238 40 74 239 146 13
    127 54 46 21 47 242 75 49 50 166 186 129 84 155 171 197 103 125 62
    45 52 235 247 82 102 9 80 139 242 134 81 213 38 227 4 9 206 93 62
    195 202 75 39 109 165 214 226 137 196 73 82 48 195 145 175 66 6 201
    18 118 114 196 157 105 127 49 175 93 244 8 168 5 215 159 235 34 157
    146 105 31 121 89 82 92 228 86 14 207 144 51 204 61 111 220 35 91
    115 168 227 112 31 92 183 167 24 21 227 150 48 67 146 201 145 136
    211 10 187 2 58 17 218 6 215 249 25 9 103 218 47 49 248 199 128 253
    17 65 23 90 38 164 20 244 24 241 255 16 119 33 212 37 198 122 255 23
    254 59 222 231 3 2 169 234 160 240 246 205 147 26 161 165 77 27 121
    127 122 236 217 192 85 77 153 172 165 193 210 33 221 158 24 250 45
    55 149 155 120 85 195 230 13 210 21 109 167 153 14 220 149 187 222
    63 102 148 77 248 58 212 116 70 46 91 177 73 103 249 212 187 130 162
    147 34 196 114 191 21 204 220 159 34 173 93 236 55 100 0 156 94 117
    131 21 53 241 238 54 114 152 132 85 45 30 117 199 39 53 63 109 190 0
    10 84 188 201 95 207 9 21 132 59 149 113 154 21 187 191 86 23 180
    197 128 225 37 38 106 185 230 97 173 96 203 130 8 111 215 131 158
    214 39 8 194 212 72 26 115 242 197 132 177 1 72 232 221 38 199 78
    219 64 113 161 177 168 202 132 18 186 67 39 95 111 205 116 211 107
    140 152 224 190 95 165 199 226 155 9 58 132 32 224 9 253 254 23 40
    92 94 98 186 7 112 218 209 255 134 81 186 110 117 164 218 56 61 149
    78 2 129 78 237 131 216 166 156 56 153 26 225 66 8 244 57 65 46 65
    117 4 179 160 91 94 183 49 25 23 225 214 190 132 22 136 82 236 87
    145 253 115 248 201 175 136 195 40 123 182 106 36 28 54 137 232 56
    86 125 185 85 134 131 16 116 119 224 156 108 7 134 196 222 89 207
    141 224 220 14 166 179 60 163 32 222 27 238 95 70 40 92 223 112 16
    109 115 123 137 198 19 58 44 31 250 245 98 197 248 217 189 209 177
    41 38 64 240 237 143 201 249 245 231 212 160 61 235 136 253 181 218
    74 114 189 244 230 137 229 118 2 117 57 22 40 38 72 69 167 31 248
    212 11 222 54 27 140 7 61 99 155 83 37 16 199 230 42 44 51 33 141
    243 51 132 187 213 27 233 44 186 245 31 206 248 120 153 61 88 161
    176 142 58 67 175 17 61 127 124 189 123 185 58 5 3 86 10 111 71 180
    121 109 153 1 159 232 236 60 164 154 228 71 161 13 44 96 43 14 84 99
    238 171 154 228 34 199 107 254 99 94 68 109 187 96 64 206 215 97 230
    83 190 102 192 130 92 114 93 45 15 207 78 172 235 165 213 221 210 94
    110 109 86 208 198 145 183 105 157 147 76 152 109 125 58 98 6 242 76
    126 35 194 84 111 160 238 121 73 64 223 96 43 26 201 30 96 233 126
    111 128 174 175 251 114 222 246 34 27 73 201 247 212 27 175 204 127
    107 14 224 51 161 223 150 92 119 229 76 41 61 17 208 115 148 251 218
    122 125 77 146 53 5 237 147 76 254 47 158 146 144 93 129 16 197 227
    217 192 142 125 20 193 109 166 79 168 161 79 135 168 59 53 234 28
    242 180 173 152 216 179 90 55 139 163 77 83 100 183 41 100 172 172
    240 93 101 121 162 61 203 54 62 80 92 77 88 145 7 189 209 74 45 159
    245 225 112 84 199 220 112 129 30 216 164 34 231 109 235 214 91 229
    35 102 27 112 231 72 152 226 21 123 179 227 149 143 130 203 81 123
    25 251 31 3 247 63 23 248 250 197 117 183 110 93 67 143 12 181 188
    229 251 113 67 172 131 54 67 227 199 199 253 215 11 37 134 98 251 7
    185 80 210 185 159 51 179 180 14 66 73 204 144 86 20 208 173 158 206
    145 31 83 201 7 48 128 7 51 245 135 58 248 86 245 163 83 129 1 40 77
    107 125 255 35 85 35 162 5 159 171 210 24 133 168 48 186 230 63 223
    127 62 174 149 146 188 183 124 9 176 45 86 127 59 4 140 20 9 255 26
    161 219 43 210 74 151 114 74 194 13 0 240 36 1 66 0 153 113 156 153
    109 156 241 172 59 218 182 220 53 57 195 217 222 132 210 66 98 21
    104 155 52 56 64 198 123 157 189 95 193 4 211 186 205 55 107 103 210
    35 98 137 168 21 167 246 144 231 119 217 37 171 218 72 106 255 182
    49 240 215 167 135 19 214 85 9 184 229 92 41 79 152 204 91 125 188
    113 224 75 162 29 148 89 25 6 177 75 202 146 74 121 165 21 202 172
    236 237 124 135 196 28 134 111 78 126 251 175 16 162 2 51 245 185 93
    15 244 48 85 37 176 223 52 226 180 146 21 249 64 146 58 104 75 9 35
    168 89 234 125 116 38 37 126 197 144 248 155 228 15 128 42 170 53
    129 143 254 107 217 160 57 38 236 139 148 253 2 6 15 142 73 179 77
    188 84 246 22 200 239 0 110 103 7 64 129 25 68 98 212 232 91 169 195
    97 23 52 79 51 240 174 179 26 46 20 125 70 209 65 231 192 195 4 70
    230 234 99 160 225 18 62 202 252 65 161 32 167 61 243 195 193 73 21
    204 238 172 221 16 241 242 1 71 5 157 176 216 126 137 181 132 84 216
    101 27 127 168 255 145 49 36 248 43 139 46 83 155 145 216 23 131 80
    147 252 177 130 64 165 224 205 139 253 42 20 115 66 148 62 127 181
    88 157 7 83 151 98 205 216 82 46 211 192 33 43 148 219 187 197 146
    48 128 242 37 78 119 47 221 150 36 252 15 176 47 102 73 142 37 63
    174 73 140 28 79 47 7 77 8 95 179 17 182 214 107 124 41 235 50 200
    70 81 172 146 135 36 134 240 40 226 209 152 3 207 189 115 251 104
    102 90 214 179 154 144 60 96 234 98 147 162 92 219 234 189 149 46 76
    247 152 251 210 165 124 164 192 43 167 211 115 112 52 78 230 55 20
    55 21 75 216 213 65 71 16 7 60 103 142 226 28 193 25 122 203 107 69
    60 149 229 193 216 165 195 120 133 109 245 44 186 37 199 235 39 75
    189 221 75 82 177 8 27 128 59 169 199 96 240 229 100 88 115 22 231
    222 40 226 185 86 106 92 183 133 135 38 22 228 167 115 167 62 138 8
    139 79 225 110 115 230 12 186 228 50 114 203 78 185 170 54 41 104
    207 23 72 217 123 178 248 38 172 45 181 153 231 223 219 20 82 167 19
    79 74 106 225 97 105 99 205 35 105 24 57 97 205 100 58 189 81 153
    253 189 100 188 160 104 88 191 250 51 250 31 232 187 242 181 92 92
    64 23 193 98 79 87 217 153 85 120 117 115 232 54 59 122 54 64 154 95
    41 5 173 246 192 40 141 229 130 136 186 132 26 49 171 184 131 138
    200 48 66 163 182 38 253 64 209 112 246 228 27 144 181 185 146 128
    126 244 213 90 173 64 152 1 104 48 158 203 205 255 9 204 154 238 54
    39 57 21 45 116 16 204 5 144 57 153 188 6 15 78 79 171 10 57 130 32
    205 86 186 0 228 222 209 42 34 147 53 144 119 207 225 168 40 187 45
    206 115 89 198 47 210 81 147 197 39 99 103 113 122 151 146 87 35 85
    76 1 17 142 112 194 109 100 199 142 206 65 0 187 164 191 155 179 144
    117 228 253 23 162 254 96 60 105 126 100 143 1 117 51 133 180 208
    141 104 147 151 182 42 70 10 80 98 8 239 190 75 255 79 51 190 208
    117 37 71 213 215 166 122 50 181 100 10 141 105 63 216 216 200 18
    148 244 89 66 139 2 188 3 44 109 224 98 229 86 111 40 48 217 48 61
    25 235 235 97 18 83 159 93 101 255 187 133 217 143 192 249 228 197
    60 89 69 73 51 130 226 131 218 33 205 120 105 182 164 16 29 93 245
    105 209 137 222 24 190 35 44 209 81 157 107 49 147 5 208 133 191 141
    97 163 210 13 100 135 188 181 93 112 188 64 127 253 238 213 59 152
    101 112 117 65 208 27 136 13 60 128 188 193 4 107 215 50 185 78 167
    60 149 228 206 218 184 165 246 97 49 60 47 18 14 127 45 161 132 163
    253 201 202 106 236 179 220 3 30 48 214 206 71 62 26 212 29 153 39
    83 251 34 147 35 13 98 174 94 94 52 109 254 51 198 118 122 7 65 143
    220 227 161 56 67 114 127 143 27 58 146 33 160 180 250 219 131 230
    146 31 230 0 112 130 169 27 241 143 127 60 49 226 199 176 39 87 1
    145 58 229 199 20 32 150 87 67 140 8 129 134 130 255 25 35 38 143 63
    192 252 41 59 67 137 68 253 176 152 158 78 178 33 39 112 81 66 154
    138 211 151 92 72 18 73 169 237 144 110 120 113 4 217 92 157 205 201
    145 195 248 17 200 222 184 67 113 124 5 200 237 107 209 72 139 181
    52 190 177 192 21 108 87 34 95 62 61 210 55 94 49 104 250 85 197 108
    127 169 132 77 229 213 117 124 200 159 216 52 44 142 41 97 67 130
    173 173 41 80 220 54 175 19 29 114 239 116 3 73 181 106 212 237 114
    151 232 80 28 171 85 183 89 222 221 212 63 125 86 191 208 229 188
    148 196 147 251 163 81 100 112 127 170 143 34 56 201 201 82 21 64
    254 42 112 154 41 110 168 75 154 15 8 129 116 16 157 120 140 66 43
    93 185 194 214 211 98 32 145 209 69 170 187 4 220 208 96 76 143 53
    72 247 74 24 202 149 54 191 74 155 83 56 104 232 243 40 222 60 158
    20 175 167 16 50 184 159 142 69 25 237 42 158 182 81 248 155 141 82
    119 36 30 238 135 17 158 134 35 13 21 98 84 130 14 159 34 65 192 164
    176 33 78 90 6 107 39 40 9 141 249 77 68 30 113 33 221 137 120 171
    186 182 214 117 210 75 26 113 166 90 76 33 42 55 145 96 33 156 161
    81 211 114 116 113 216 218 9 112 57 251 48 185 0 37 189 164 18 192
    71 99 212 124 66 244 106 243 80 185 237 99 62 15 175 220 27 156 228
    130 71 197 241 237 230 9 35 158 166 118 137 224 224 237 115 138 99
    174 97 161 103 175 224 108 111 69 115 179 172 66 64 158 198 56 163
    190 92 57 132 243 131 36 218 155 111 121 5 67 176 149 159 189 202
    206 108 182 136 190 207 127 254 156 42 169 18 66 211 68 185 181 70
    185 217 86 78 200 153 175 182 105 226 131 239 247 203 179 124 26 142
    242 200 25 169 192 71 18 1 239 230 176 104 194 107 18 222 84 135 167
    166 30 154 229 208 249 45 143 146 89 61 56 107 243 206 241 206 62 22
    64 86 121 86 10 121 106 156 66 141 72 22 141 234 97 56 212 125 214
    119 105 183 226 46 37 59 213 208 14 220 197 49 28 73 200 247 56 175
    64 112 41 177 18 137 2 115 72 33 243 166 183 19 157 235 207 104 176
    182 254 166 215 146 140 225 170 251 31 57 191 153 32 19 60 255 32
    112 181 125 78 38 212 162 244 141 50 222 215 189 208 39 82 141 242
    30 227 78 234 95 111 128 136 203 134 173 83 61 253 58 184 10 78 100
    189 129 173 53 199 152 186 152 236 76 101 181 58 218 226 100 228 0
    110 63 44 243 148 126 49 201 49 65 29 114 142 66 131 11 13 28 120
    149 189 33 231 211 240 197 135 159 235 235 101 192 16 32 191 63 176
    208 95 133 162 38 147 92 172 0 228 120 44 4 68 9 64 253 83 198 221
    211 243 149 93 54 42 34 229 108 248 178 55 42 77 213 3 229 108 133
    134 172 101 101 130 22 13 14 118 193 136 120 18 89 210 145 103 196
    249 218 125 98 118 207 84 94 209 11 23 57 130 205 96 224 72 195 155
    237 134 206 231 44 172 157 79 239 53 91 245 187 253 112 246 235 86
    123 217 33 193 61 44 252 163 29 238 64 163 125 105 198 204 177 200
    157 102 40 52 232 168 131 196 151 94 34 27 244 74 165 167 31 77 205
    100 91 163 10 250 201 106 187 158 116 30 141 159 131 233 194 70 19
    255 223 29 77 167 175 60 203 180 122 45 181 193 131 155 1 178 179 54
    72 124 232 253 163 82 232 93 53 90 93 183 161 85 163 41 151 113 237
    134 40 95 189 124 60 158 225 200 99 185 187 162 101 213 47 62 178
    139 13 231 130 7 169 80 33 230 141 45 94 120 224 143 39 204 159 72 8
    35 79 51 130 63 8 65 87 31 161 125 28 246 226 116 181 162 193 128
    144 41 96 189 182 198 31 205 77 49 132 59 176 70 23 243 49 159 69
    158 42 232 17 172 57 242 75 17 29 117 134 134 43 165 115 59 68 165
    108 219 31 129 138 91 240 156 192 198 246 200 11 184 239 201 114 68
    31 77 221 252 144 38 121 186 159 48 74 21 135 236 167 57 223 150 229
    66 122 21 26 199 77 255 55 151 66 81 240 188 47 99 177 210 202 163
    17 124 36 135 13 118 107 2 246 113 25 207 90 73 243 75 76 153 216 18
    73 222 24 35 244 104 44 123 145 61 103 82 235 255 247 58 28 75 101
    40 220 156 19 149 233 85 189 73 143 95 133 134 239 181 220 40 198 11
    62 195 27 246 83 124 67 129 109 201 203 20 81 103 7 70 126 237 87
    146 236 131 49 126 139 213 240 184 60 79 145 11 8 102 108 248 78 182
    224 134 172 206 95 137 207 172 201 105 6 161 220 179 51 45 243 47
    221 193 241 31 209 124 76 185 210 207 170 31 161 78 104 147 231 165
    207 136 228 91 15 208 167 203 233 18 209 238 190 214 78 83 150 137
    119 142 134 98 147 71 14 191 252 99 244 96 156 127 127 192 155 18
    189 184 134 216 100 204 66 47 203 199 58 172 168 184 88 118 53 197
    59 199 147 115 103 56 147 152 28 208 252 253 253 90 51 155 247 49
    192 94 122 166 29 49 32 85 113 230 210 149 217 246 181 233 148 247
    65 8 29 13 96 5 104 173 247 180 123 95 138 75 193 10 22 205 80 207
    196 111 79 43 108 197 152 147 204 39 228 55 235 252 161 100 129 159
    42 175 217 245 173 237 64 47 34 241 109 248 214 42 188 173 31 115
    124 89 59 202 123 164 19 111 86 143 192 85 130 99 212 210 127 239
    236 30 49 108 146 154 51 93 155 223 162 123 141 190 91 90 10 94 221
    246 133 202 24 108 71 235 103 109 227 109 87 141 177 214 221 177 144
    135 79 147 3 238 114 11 2 250 30 238 93 182 124 201 146 14 49 249 2
    188 221 125 172 87 129 208 29 233 86 215 143 63 223 69 29 76 79 13
    174 194 108 70 50 2 67 85 143 56 16 125 48 137 96 238 10 154 233 96
    69 109 80 159 231 63 91 109 78 48 157 171 183 134 15 91 5 205 39 165
    192 135 95 124 205 0 162 213 36 166 177 65 179 63 54 214 19 19 130
    173 172 175 219 253 85 89 25 99 199 9 160 246 228 110 26 22 45 155
    46 47 62 139 86 187 120 63 61 75 90 28 34 52 47 224 103 173 221 226
    223 215 117 228 4 152 245 130 171 54 232 61 13 156 73 211 144 104
    116 243 167 101 79 143 167 154 151 5 252 5 204 58 35 240 184 208 30
    31 184 229 16 168 2 176 244 255 203 161 23 131 173 61 167 179 7 170
    20 246 174 216 126 232 204 179 50 244 10 93 43 230 133 21 240 68 12
    70 161 140 18 7 49 252 167 74 115 133 1 112 6 232 92 126 51 68 181
    172 252 2 141 81 104 239 39 59 53 94 209 186 181 130 4 4 34 47 109
    30 158 90 193 246 120 242 251 227 132 73 108 49 65 113 57 163 135
    179 246 157 69 72 145 39 112 156 200 244 114 246 67 74 18 170 98 50
    232 212 17 178 151 23 252 47 110 174 206 31 193 114 33 215 175 55 6
    171 118 133 117 34 64 55 22 153 11 74 102 76 165 146 201 255 231 139
    70 42 166 103 191 28 188 13 104 159 250 199 132 20 89 195 159 39 210
    194 149 179 23 103 75 118 246 119 158 28 205 39 213 174 74 111 235
    193 138 191 251 91 42 241 233 129 188 81 239 237 205 177 51 147 34
    250 244 253 62 114 105 181 70 164 210 0 139 142 230 106 186 149 34
    19 115 153 176 143 116 181 24 38 60 155 5 158 242 162 245 207 89 130
    102 64 60 246 249 61 195 18 52 13 166 163 96 105 149 77 183 159 231
    92 4 246 20 21 211 139 8 179 226 149 198 49 166 220 242 61 208 132
    239 163 156 60 250 114 31 82 147 236 253 20 163 227 55 244 40 29 175
    40 82 56 200 40 73 160 59 121 118 141 211 28 118 240 145 133 221 26
    175 64 43 247 35 116 210 238 75 44 110 35 160 190 122 115 251 210 62
    6 91 207 203 13 210 178 153 144 146 13 55 149 179 176 140 113 106
    103 147 76 223 112 242 143 203 103 65 122 160 16 61 208 49 40 190 77
    156 60 246 184 231 40 214 200 228 68 100 54 239 14 108 125 203 156
    142 25 131 93 201 221 254 203 12 141 222 46 247 143 2 1 49 88 2 235
    102 32 60 67 234 43 223 141 86 26 124 152 181 156 197 71 30 25 187
    181 97 202 0 248 120 170 100 116 226 60 225 157 198 29 212 161 57 6
    160 22 225 215 156 33 244 17 236 37 68 83 206 177 208 161 196 62 90
    169 221 124 242 114 42 179 94 186 191 156 201 29 111 223 56 113 83
    87 212 11 126 163 72 231 89 191 138 119 54 135 153 130 223 44 127
    131 1 15 216 226 173 187 0 147 57 181 39 170 23 59 54 96 15 205 161
    50 102 43 156 232 10 108 21 42 219 248 164 21 198 149 98 51 201 152
    124 226 21 237 62 139 29 42 240 81 42 76 213 15 62 42 148 216 210 45
    188 70 96 41 197 17 209 141 235 99 164 195 181 110 106 255 2 4 59
    119 85 71 7 95 219 89 104 224 54 200 222 191 167 91 7 21 137 125 227
    186 22 56 138 247 193 90 187 241 167 95 244 34 18 172 11 27 8 19 83
    124 87 215 204 132 96 81 63 38 38 160 88 130 178 194 213 187 85 146
    216 216 52 45 29 74 251 94 178 127 115 100 86 199 205 207 89 206 178
    113 158 71 50 96 16 69 204 81 152 105 232 12 194 11 164 237 15 212
    54 154 72 216 72 216 102 151 191 45 28 123 222 196 156 145 141 82 69
    74 35 173 136 43 34 216 237 89 136 198 116 200 3 7 3 240 187 49 244
    239 178 158 136 28 15 3 51 89 252 85 137 154 222 80 33 197 141 81 16
    34 80 204 8 13 83 41 19 210 96 118 203 61 197 83 16 6 90 220 111 62
    8 187 156 34 118 57 247 249 193 71 123 244 191 212 116 204 229 34
    235 122 229 185 76 240 43 11 112 29 157 228 76 203 234 121 152 36 47
    21 213 218 159 198 145 213 212 218 214 116 50 162 74 176 5 190 62
    139 228 78 30 250 76 131 212 78 158 207 82 37 42 154 217 239 150 186
    165 73 140 124 33 27 129 202 87 144 110 244 203 126 235 223 136 22
    56 154 186 13 131 219 143 252 191 103 15 122 57 208 163 62 191 82 80
    184 185 76 226 228 117 253 196 64 35 12 117 75 113 225 175 89 43 148
    8 193 14 2 48 81 224 153 77 137 247 62 100 140 238 38 50 140 71 111
    185 139 17 26 179 221 39 212 192 85 159 196 40 192 93 52 234 3 124
    21 160 110 185 165 223 167 59 125 160 119 213 238 1 89 106 203 219
    203 107 217 165 11 50 70 147 134 230 160 127 247 74 57 79 241 235
    198 118 201 136 37 102 83 48 2 86 130 163 64 228 180 19 39 106 164
    131 200 88 46 180 9 175 4 15 121 212 207 223 65 89 160 173 26 96 207
    146 29 35 8 109 16 213 101 178 211 99 10 178 185 81 238 158 94 226
    22 96 250 106 175 249 221 209 236 119 8 108 235 243 75 109 60 92 227
    187 157 114 77 128 32 248 46 249 250 220 20 114 25 131 110 9 82 63
    203 4 13 148 192 215 184 228 159 242 120 18 50 170 121 25 232 188 84
    81 91 89 83 10 180 35 19 23 26 78 221 128 61 92 159 28 92 125 222 6
    62 241 144 100 70 163 223 111 3 195 159 58 155 32 225 100 248 127
    101 103 180 249 78 106 251 74 54 233 68 211 249 29 225 227 87 136
    136 90 255 121 114 8 171 15 50 255 77 187 73 223 59 199 186 227 72
    80 99 40 227 78 122 90 181 19 80 78 152 167 7 144 8 75 117 96 70 26
    60 227 154 155 69 195 43 31 37 227 24 161 113 75 37 199 232 164 168
    216 94 153 145 196 191 92 58 156 234 52 196 69 203 199 53 231 119
    168 249 234 225 242 100 87 86 137 25 21 78 14 5 36 138 175 98 134
    109 10 161 111 150 111 118 78 199 3 241 15 96 68 239 213 227 57 223
    197 192 206 108 4 17 146 85 225 113 200 77 83 38 56 223 251 8 222
    144 27 21 96 188 113 59 10 106 98 190 221 232 244 128 59 10 160 222
    13 103 199 191 238 54 185 102 101 215 4 114 123 85 244 144 197 211
    111 198 182 11 79 129 141 78 213 144 85 48 205 143 241 66 18 193 93
    50 91 23 172 109 38 102 253 237 227 141 26 168 65 188 141 143 144
    214 88 90 106 235 22 187 208 158 161 34 52 43 87 37 14 241 125 78 76
    133 203 203 217 9 81 100 137 236 255 171 165 144 118 255 28 249 246
    235 58 172 153 31 169 214 178 32 126 111 59 26 137 109 39 162 34 85
    13 91 224 209 13 55 187 72 31 125 82 45 193 63 196 196 149 66 196
    104 0 15 228 118 85 167 77 237 248 198 243 69 181 169 157 30 225 26
    42 138 214 96 25 97 54 138 21 70 187 232 188 194 156 160 92 91 97
    211 245 198 133 31 208 43 112 18 252 140 20 128 6 49 56 215 107 219
    212 127 195 172 51 199 4 4 199 171 77 22 123 74 85 250 244 61 8 85
    133 99 20 20 36 92 120 83 154 62 170 110 48 68 179 17 59 141 127 183
    83 97 72 121 112 230 212 199 100 118 154 206 216 5 53 146 18 141 213
    175 250 9 27 41 2 124 242 94 77 253 199 23 140 22 202 142 69 166 32
    254 130 78 5 219 128 228 253 211 24 204 43 135 203 179 29 127 184
    108 185 221 217 166 213 218 53 247 71 74 242 79 169 189 98 209 29 71
    81 15 44 126 219 106 138 121 12 202 249 52 18 184 180 121 103 64 11
    148 230 141 182 57 107 11 43 37 230 246 100 200 4 126 17 150 182 229
    185 69 141 117 104 6 196 120 218 110 184 75 175 111 212 52 232 116
    251 132 249 41 91 40 79 117 6 226 203 112 49 225 154 33 176 47 147
    133 37 73 23 128 138 211 212 91 137 231 74 31 47 240 58 60 173 222
    24 231 61 156 16 68 160 1 46 128 7 226 205 116 194 215 120 18 102
    210 42 238 226 77 13 134 84 229 53 99 222 133 116 9 123 219 40 208
    210 92 233 34 105 245 139 173 245 231 16 38 229 92 242 27 139 253
    168 170 224 93 245 44 251 65 129 100 134 121 238 121 216 171 191 21
    6 117 86 249 74 245 50 222 254 176 216 97 13 134 227 20 39 105 207
    193 117 198 158 132 117 234 174 127 53 14 230 44 165 29 87 11 50 243
    2 113 127 9 119 226 0 83 42 173 27 162 91 106 223 166 213 75 115 220
    228 21 17 214 7 78 4 17 129 79 166 31 70 96 125 38 237 199 11 157 68
    115 108 161 253 24 214 20 176 216 210 118 213 23 141 21 24 251 94 16
    22 28 158 126 208 171 83 96 58 171 174 97 145 6 185 13 81 186 44 139
    94 62 10 27 4 148 156 244 142 242 143 130 26 164 146 242 237 61 50
    64 42 49 118 176 213 186 55 161 77 220 246 214 22 74 31 72 49 198
    189 70 74 220 13 171 245 148 138 53 144 88 47 85 191 167 116 34 221
    95 9 24 45 192 60 97 59 241 18 69 11 43 215 233 129 99 189 218 39 30
    98 32 39 228 52 61 105 16 76 229 209 163 130 92 125 175 61 201 133
    168 190 88 60 154 126 70 218 230 105 33 92 108 107 134 56 173 36 182
    153 197 140 175 70 132 49 213 183 19 140 129 244 75 222 43 57 26 186
    60 124 71 250 45 138 17 211 135 5 229 146 27 173 251 62 154 112 221
    25 4 92 43 200 189 16 88 52 162 79 136 18 120 8 191 43 140 96 61 253
    155 206 155 45 169 44 179 254 189 84 22 31 71 10 36 195 99 48 0 253
    47 104 80 130 163 18 86 80 128 236 12 105 81 3 94 155 24 252 193 27
    101 172 162 250 163 150 203 18 95 4 214 2 124 20 99 156 119 184 15
    154 96 238 226 93 236 207 17 172 80 121 57 194 128 137 180 209 206
    163 17 149 207 225 21 80 201 222 172 65 249 117 8 68 128 161 234 109
    176 217 23 8 152 20 4 7 211 177 96 51 233 59 70 152 10 215 18 196
    159 2 5 33 6 100 121 165 200 65 235 245 153 123 79 38 189 202 6 205
    128 126 84 196 100 201 137 64 52 1 66 252 1 158 108 75 10 246 53 194
    94 96 219 249 111 122 76 28 88 24 241 73 209 19 238 120 175 119 25
    107 104 238 156 121 181 184 198 67 178 89 170 193 3 162 222 53 219
    119 227 181 34 99 94 237 200 106 197 203 232 185 103 59 237 174 163
    180 221 173 248 56 66 141 129 245 63 14 45 155 42 54 216 243 144 109
    52 190 164 204 80 23 9 77 25 29 129 137 154 175 38 249 44 138 168
    157 190 148 115 232 191 152 173 10 238 90 68 13 32 104 194 238 74
    242 153 46 249 135 115 146 92 71 144 65 104 140 227 152 16 181 91
    133 202 141 204 79 117 132 218 78 36 87 239 211 1 138 95 116 89 29
    221 57 180 238 188 166 67 119 25 234 220 225 74 225 246 136 107 90 0
    207 44 253 32 166 123 128 193 245 116 173 156 213 177 240 14 237 37
    134 93 140 1 184 131 103 80 238 169 195 215 122 221 229 199 2 206
    225 53 138 255 210 209 96 112 70 146 103 223 77 103 208 3 161 118
    173 154 32 187 248 76 179 6 243 212 66 128 198 165 66 177 24 140 208
    202 130 53 31 248 148 156 147 162 74 5 89 72 205 19 99 219 7 52 34
    160 182 10 236 229 225 149 111 209 52 118 166 14 183 174 26 52 75
    123 217 175 232 145 40 43 14 165 160 178 147 217 102 114 71 51 141
    222 30 108 193 33 178 183 143 161 90 191 48 169 87 130 184 89 57 218
    22 219 156 134 80 168 225 248 11 204 32 107 77 116 61 174 49 158 53
    49 29 206 74 183 157 100 124 23 32 127 37 146 107 169 70 149 25 130
    84 15 62 42 133 20 47 74 169 208 119 40 196 123 230 67 240 184 87 69
    67 33 218 230 48 92 29 186 22 163 120 175 101 103 172 168 130 105
    187 54 237 44 174 39 196 131 147 195 100 128 110 35 133 4 59 84 122
    110 36 52 65 134 217 209 179 149 249 133 196 193 47 203 238 82 243
    120 94 218 45 144 175 140 168 159 113 74 222 29 243 107 26 134 222
    237 138 138 161 241 22 63 131 151 78 75 64 109 20 196 192 204 210
    186 56 150 206 242 177 254 27 77 55 166 153 231 154 249 150 241 114
    127 232 79 224 35 178 191 88 11 114 130 49 131 99 247 111 218 44 101
    160 29 112 133 10 137 82 62 78 223 19 69 58 70 195 34 53 135 11 155
    155 142 125 67 219 17 140 7 183 187 183 68 214 169 31 62 2 102 55 10
    111 208 88 25 190 67 76 51 1 112 131 83 71 88 112 209 238 233 251
    114 125 222 248 213 251 138 6 226 93 145 67 135 83 242 235 34 6 131
    133 41 144 168 57 113 121 228 35 220 3 156 84 90 115 136 217 97 102
    34 41 70 143 192 229 75 45 11 171 255 51 52 173 195 210 195 109 216
    25 26 114 69 108 156 147 76 115 155 45 117 250 128 116 42 234 233
    148 21 47 1 8 216 111 211 67 112 7 110 56 255 57 130 87 19 113 253
    75 212 150 41 139 151 54 208 76 22 70 90 195 179 248 135 100 174 194
    249 219 20 130 89 8 242 60 9 41 186 190 148 164 116 125 34 59 147
    155 1 133 164 250 190 187 248 179 185 63 33 111 241 141 253 199 82
    120 222 175 122 143 85 181 29 217 100 85 86 123 225 139 139 234 121
    166 132 252 80 142 199 60 188 134 99 6 214 85 50 64 217 27 5 111 218
    169 159 160 179 96 58 109 248 113 124 167 253 244 226 96 182 111 72
    146 199 153 197 229 105 91 3 146 152 126 34 22 207 33 77 41 199 68
    126 96 124 151 141 118 224 21 51 40 54 0 139 40 109 85 200 218 90 47
    0 202 54 230 159 161 45 18 114 225 167 8 74 153 108 63 244 97 32 235
    74 24 178 109 183 39 145 182 242 2 112 188 71 134 27 136 24 223 52
    128 115 92 59 31 58 12 178 209 132 37 62 92 241 234 195 137 189 107
    68 200 126 52 113 105 156 165 238 162 153 146 1 239 44 109 103 219
    150 251 218 246 244 90 133 98 166 44 207 28 136 133 191 106 178 164
    134 244 189 60 69 254 170 113 211 172 228 54 159 36 235 241 37 10
    181 177 44 159 202 204 204 81 5 84 66 21 162 222 162 79 69 221 240
    230 66 211 46 196 141 75 183 146 150 106 81 139 235 16 150 6 95 232
    85 163 148 210 251 215 56 32 21 163 183 88 130 137 167 20 148 130
    190 181 54 192 99 92 205 242 193 124 129 69 131 146 63 97 187 8 200
    155 129 82 131 29 254 118 216 204 149 102 153 43 157 12 249 99 33
    156 133 148 121 225 169 61 81 207 161 95 65 67 57 8 50 50 250 88 97
    206 118 13 105 251 154 144 122 218 44 57 103 168 125 20 213 4 211
    213 79 93 102 145 107 144 223 145 4 48 233 230 131 30 30 113 90 237
    33 91 64 67 244 180 10 207 171 108 168 99 182 2 117 53 99 83 12 178
    248 33 238 89 98 66 32 227 33 115 65 246 103 191 114 23 239 175 165
    27 18 68 16 18 156 249 50 74 7 79 109 59 85 140 129 26 197 245 223
    60 199 216 249 105 135 117 152 30 195 19 101 66 212 115 63 145 252
    221 211 87 220 142 252 170 194 166 107 246 70 138 62 225 27 198 25
    194 138 137 175 79 190 196 58 68 177 241 104 44 94 183 73 134 209 44
    253 27 229 60 224 1 127 33 206 185 220 29 20 65 167 240 166 127 148
    149 202 203 97 104 247 248 99 77 133 212 48 161 236 190 222 157 121
    240 235 134 147 15 20 130 246 109 209 150 245 17 98 191 251 172 81
    188 96 55 113 100 72 10 20 12 46 203 224 225 92 33 99 93 33 148 115
    44 34 180 122 53 120 40 237 249 19 25 78 227 255 244 199 154 105 31
    187 142 136 221 99 249 2 221 114 43 191 230 72 99 164 232 55 13 75
    183 201 163 44 153 9 56 74 247 67 215 81 115 214 114 187 248 166 20
    57 55 23 46 68 17 81 170 178 223 69 77 133 71 51 44 254 12 83 75 237
    90 163 124 108 79 233 75 185 250 68 213 243 38 203 54 221 31 156 128
    143 20 241 138 161 49 70 188 73 38 74 53 11 88 61 156 98 184 211 89
    169 54 51 74 20 214 213 54 11 21 4 45 168 206 45 97 94 36 180 73 189
    53 120 236 117 243 117 82 178 194 219 252 187 31 165 134 210 14 241
    9 172 23 101 52 63 109 18 161 138 137 71 136 18 121 35 34 70 188 201
    204 245 61 5 74 213 77 11 73 69 209 188 0 35 229 29 171 217 149 27
    139 2 26 93 216 217 244 20 82 74 63 184 154 0 183 122 222 130 242
    152 196 161 182 125 73 235 61 205 36 121 71 15 251 116 134 179 169
    168 19 3 120 166 171 160 27 183 152 226 184 169 57 188 209 213 230
    134 151 164 169 86 8 217 64 73 9 95 120 109 230 38 180 53 6 46 214
    144 7 240 183 211 153 110 46 205 173 25 139 53 181 176 231 146 228
    232 217 94 241 23 36 184 89 184 244 222 202 45 81 161 245 46 203 126
    81 42 210 9 182 52 118 5 160 120 80 63 132 115 118 76 79 49 46 86
    185 40 118 47 180 56 118 29 236 10 222 96 164 131 139 19 27 167 166
    90 122 246 186 87 187 178 140 234 7 36 181 11 201 125 45 11 221 5 61
    191 1 136 224 165 184 42 15 121 95 105 63 252 169 133 255 203 223
    118 222 89 0 238 91 153 172 15 199 115 60 40 225 144 78 72 100 50
    124 251 144 167 16 103 76 209 193 39 69 56 40 7 136 124 221 172 125
    49 56 212 231 163 185 242 229 183 70 49 81 174 155 74 200 215 53 172
    219 15 30 175 119 28 50 45 40 157 16 24 245 87 24 246 54 60 152 27
    132 192 41 3 161 224 82 160 73 68 203 146 225 225 199 120 193 24 225
    32 71 37 252 217 222 29 159 26 43 66 200 207 18 243 206 153 120 231
    0 21 153 3 59 247 143 98 183 169 61 137 54 69 167 160 202 77 172 211
    65 250 79 87 49 62 41 178 207 121 99 3 105 224 178 200 229 147 229
    248 1 81 35 129 26 149 79 140 36 17 101 160 183 109 127 249 173 173
    250 233 237 232 120 92 184 135 4 44 94 124 157 120 75 127 16 115 212
    103 74 80 44 131 207 69 173 25 133 47 232 55 102 129 19 156 201 69
    30 130 99 255 251 69 67 206 37 111 29 107 152 228 64 139 75 191 54
    114 57 210 155 228 51 146 42 147 111 253 111 118 97 129 104 100 175
    97 214 151 188 151 149 201 121 232 6 196 133 180 109 133 241 182 234
    165 233 168 156 62 71 42 172 241 46 96 67 113 158 43 128 160 191 30
    151 15 90 248 111 65 134 195 174 56 178 33 223 249 77 125 132 254
    141 120 137 73 199 129 230 110 139 104 121 120 200 153 235 117 147
    203 183 196 81 60 110 182 182 112 83 208 63 191 138 37 200 63 230 1
    193 138 72 180 185 148 212 55 62 68 43 228 105 103 122 182 33 14 223
    126 48 19 64 90 138 207 195 1 170 228 98 229 144 205 214 43 57 81
    195 188 48 41 148 71 167 31 147 113 148 18 127 44 151 155 180 65 98
    151 136 38 108 11 182 196 100 19 121 170 223 125 151 223 62 168 200
    248 36 171 250 160 5 152 21 41 245 144 247 209 12 128 220 28 13 118
    177 84 252 100 197 176 164 72 232 137 51 65 241 162 225 112 235 162
    92 123 58 199 234 209 157 127 29 173 31 30 179 118 18 155 37 1 227
    237 248 162 202 202 177 21 167 138 29 208 31 155 232 137 80 50 132
    85 255 98 10 222 81 184 94 104 134 144 58 96 123 17 93 46 116 207
    250 159 78 154 135 216 161 198 76 10 234 255 103 195 113 106 154 142
    133 253 125 176 123 60 250 99 176 174 148 98 186 14 160 55 57 243 80
    65 103 95 48 36 214 38 120 160 175 24 120 189 27 197 233 14 211 101
    187 93 125 187 21 167 231 105 2 133 164 228 235 154 13 160 249 235
    253 40 19 82 168 177 176 176 189 202 137 3 84 238 162 20 247 39 162
    218 155 7 150 113 66 118 245 79 208 155 181 132 7 29 19 144 64 162
    98 114 16 71 15 22 85 214 239 48 117 129 144 213 40 195 244 156 40
    246 248 94 148 15 247 232 65 138 49 54 143 143 78 38 174 81 84 241 5
    18 217 215 111 19 179 145 184 106 35 19 116 225 56 130 9 183 131 3
    35 250 107 84 117 198 248 135 31 129 31 5 75 179 165 180 192 203 59
    239 218 117 142 75 43 18 199 35 36 14 167 203 214 46 140 12 245 216
    188 79 76 33 189 237 119 97 74 140 108 233 107 105 56 173 26 115 168
    16 10 23 119 246 203 19 45 26 232 171 95 234 117 149 177 78 82 204
    205 194 35 54 139 54 80 64 228 238 238 208 93 34 49 120 176 129 179
    9 194 124 7 171 36 50 176 64 70 123 251 134 178 151 115 235 123 206
    224 45 76 233 56 151 18 165 162 32 56 252 66 206 192 38 149 103 30
    186 19 11 126 2 147 81 93 173 116 193 200 89 151 190 80 200 114 141
    21 147 116 110 216 21 196 120 88 170 95 151 147 139 96 137 222 116
    182 7 203 245 43 52 8 197 52 54 109 75 209 245 22 164 187 230 136
    137 146 51 183 223 31 39 102 60 206 98 176 94 116 112 93 4 74 146
    129 182 131 238 19 241 83 176 59 107 121 252 184 251 183 7 160 32
    164 154 94 75 227 145 126 149 29 203 79 225 113 199 196 77 252 147
    28 138 145 30 198 72 125 38 44 249 103 202 240 165 146 52 167 34 61
    222 180 4 222 212 159 11 76 140 194 186 3 150 212 185 40 187 40 0 25
    188 3 69 95 131 49 166 140 147 10 67 55 5 22 70 160 81 108 18 214
    191 34 246 55 191 18 165 195 88 229 247 85 233 88 192 167 139 3 154
    220 203 195 67 87 156 249 61 74 53 85 246 191 218 62 156 90 242 236
    52 88 217 163 30 1 43 110 127 196 97 228 63 186 228 136 59 230 237
    135 251 72 152 164 249 9 193 243 148 246 72 120 64 58 0 229 221 125
    237 210 182 77 103 4 23 183 106 91 79 54 231 49 21 176 31 155 163 87
    228 45 194 144 89 40 109 63 185 242 36 99 183 121 87 90 188 221 169
    247 187 121 65 102 186 243 208 93 222 50 89 6 128 125 195 173 175 98
    211 75 191 239 252 46 107 200 32 248 219 223 174 134 197 161 232 18
    179 66 187 221 69 223 126 248 44 183 75 102 95 155 151 235 94 124
    149 124 164 105 134 60 224 53 70 176 149 237 100 134 124 144 108 194
    213 165 244 196 57 41 164 49 72 108 95 136 90 101 117 208 167 248 43
    48 63 163 30 166 205 67 139 185 245 188 50 3 79 251 69 75 221 79 118
    100 110 4 227 181 165 51 18 238 248 200 170 148 77 86 72 118 62 104
    80 253 150 105 105 39 162 191 129 143 206 2 67 7 36 0 143 254 108
    164 138 46 7 192 109 124 175 10 103 132 2 57 226 166 2 155 196 120
    138 77 242 118 169 194 133 147 93 36 112 144 51 126 98 156 178 13 68
    53 243 129 104 204 29 42 202 252 209 182 137 73 131 103 165 139 144
    82 10 20 162 185 47 31 155 220 243 94 178 131 57 148 105 187 14 61
    46 88 160 123 153 159 228 84 176 151 3 100 87 181 176 127 205 63 109
    156 145 146 54 35 224 93 47 156 202 224 108 167 233 116 89 62 111
    154 102 39 187 14 130 253 103 11 1 33 96 10 161 61 211 182 238 92
    196 1 183 147 119 33 47 52 139 48 79 87 163 58 173 213 168 168 56 1
    170 71 252 5 114 187 150 31 71 73 60 29 173 41 204 99 228 43 4 208
    33 97 5 203 79 26 156 171 12 15 150 216 195 241 11 120 234 217 249
    135 187 76 7 180 128 6 214 104 199 102 243 36 77 68 227 10 197 99 18
    219 0 241 86 27 238 120 8 212 189 193 45 252 165 93 213 30 244 59
    178 143 176 8 24 201 104 165 244 84 49 193 30 37 58 136 90 173 89
    188 124 162 202 102 183 207 233 51 49 163 44 60 195 174 64 112 249
    96 115 138 95 137 35 137 156 40 38 118 249 75 146 2 43 123 241 9 71
    205 35 192 93 223 229 175 163 242 144 142 95 193 45 232 151 2 50 236
    79 79 67 93 72 148 200 157 74 239 85 83 241 87 28 169 157 132 60 254
    185 57 70 180 242 95 33 150 102 0 199 128 58 247 156 119 114 193 227
    227 219 81 192 121 43 244 12 75 105 159 147 37 221 246 7 202 237 107
    154 245 134 155 1 59 207 77 89 241 249 65 189 221 115 36 57 56 196
    36 167 130 200 130 128 224 27 185 130 229 58 193 9 20 141 113 240 41
    218 95 111 60 234 92 188 93 201 250 122 73 123 54 38 56 114 6 22 208
    91 66 219 225 184 164 103 227 206 235 11 155 26 150 222 30 95 219
    125 255 215 148 16 201 186 36 223 36 83 54 171 184 0 133 224 86 52
    200 71 166 189 241 68 58 83 62 239 38 240 191 96 1 177 183 210 89 50
    177 41 173 130 161 143 69 253 216 250 153 154 174 109 199 134 130 5
    242 134 141 14 70 171 156 247 235 119 177 70 115 165 64 127 176 92
    92 92 75 209 41 30 47 134 151 220 140 101 160 225 22 132 230 74 255
    234 74 190 160 166 48 141 245 19 62 14 150 157 89 90 251 211 42 85
    121 136 8 142 146 179 121 249 245 232 219 249 254 131 228 107 98 73
    197 19 173 218 211 120 12 118 150 33 49 103 166 161 75 14 9 168 98
    202 23 218 233 46 66 25 100 252 141 171 105 230 64 177 234 161 214
    23 230 147 120 35 226 140 159 80 128 126 186 151 239 247 226 123 122
    88 178 187 188 47 87 187 143 208 36 158 195 75 243 250 230 48 37 10
    87 175 80 147 217 8 53 109 47 231 191 186 181 159 93 88 129 97 14 3
    252 69 180 250 5 224 21 222 88 102 212 14 195 53 228 254 197 241 18
    103 140 209 227 168 57 51 87 72 161 143 4 3 92 66 126 120 6 86 41 0
    53 212 51 110 164 222 73 234 94 157 53 205 44 18 71 109 193 121 160
    160 233 76 209 173 175 87 5 252 24 230 188 173 178 216 167 170 143
    80 163 255 214 77 54 37 126 78 200 227 22 157 69 225 80 23 196 141
    150 16 208 117 140 184 237 254 81 21 90 96 18 146 231 71 205 202 101
    28 82 86 148 63 180 185 228 162 193 78 179 33 191 159 234 159 235 38
    160 115 138 73 54 74 61 4 165 29 178 184 15 100 35 64 151 253 222 11
    91 119 34 161 176 208 104 50 82 128 93 248 170 190 86 17 12 68 205
    197 59 160 25 139 67 231 75 174 246 53 198 129 193 237 42 249 204 18
    246 77 65 232 180 102 120 229 122 100 240 13 171 143 202 74 146 18
    18 82 170 239 87 124 212 238 137 215 51 74 127 97 176 156 58 132 205
    162 189 66 97 40 10 26 254 82 154 26 157 193 225 77 205 93 32 48 66
    237 130 94 8 16 199 212 240 244 151 88 54 232 13 207 16 25 139 66 27
    232 216 215 79 188 103 215 210 122 160 56 126 214 83 192 78 151 36
    255 223 233 163 164 0 255 35 95 153 132 172 3 173 198 237 17 23 179
    65 39 209 172 222 92 3 241 7 227 66 73 79 130 216 74 211 147 85 135
    183 165 3 115 197 167 127 122 160 191 224 183 149 91 12 184 231 115
    224 139 253 102 233 67 132 239 216 225 163 83 112 202 40 97 218 176
    140 52 65 201 192 137 209 77 80 161 221 187 62 127 48 138 234 42 137
    61 206 93 139 56 47 114 22 252 225 165 110 95 116 167 75 67 97 56
    205 212 169 170 242 197 12 133 108 25 25 239 152 19 105 110 62 16
    242 236 250 189 15 88 189 68 96 93 94 212 63 56 20 7 77 143 251 197
    54 183 14 231 110 194 179 221 118 215 66 166 227 106 9 70 188 225
    202 55 78 252 102 148 61 96 228 124 143 220 14 137 86 20 45 98 181
    98 178 26 217 212 226 8 84 167 118 196 188 246 161 37 166 238 133
    177 237 188 221 105 22 188 49 165 104 224 192 175 107 17 26 14 9 109
    132 61 25 124 58 56 254 8 21 206 73 40 85 172 119 53 182 19 78 70 49
    83 79 78 108 62 129 241 160 112 180 178 245 70 43 100 56 145 183 33
    85 14 63 172 56 156 158 28 58 126 107 205 181 25 10 244 70 255 19
    227 137 64 96 41 108 25 162 76 111 63 221 183 128 105 205 44 8 123
    158 216 102 252 46 242 249 119 154 96 127 118 142 43 147 77 82 90
    114 172 160 4 205 234 154 136 101 63 202 163 97 111 189 146 87 88 44
    253 175 241 153 157 70 195 12 168 185 218 17 247 141 15 197 60 96
    155 255 239 210 36 160 176 121 177 231 60 36 153 188 138 234 111 130
    37 149 235 126 169 217 120 26 42 129 143 136 123 234 143 103 20 143
    254 19 107 98 159 51 43 199 1 155 55 152 187 155 127 81 10 245 213
    150 48 61 156 238 67 146 216 222 167 15 229 66 186 44 50 172 174 36
    230 147 23 247 249 4 74 30 102 130 179 47 189 190 233 76 86 64 169
    156 106 65 61 2 186 76 177 39 148 210 138 49 25 12 197 247 77 228
    145 67 19 239 51 198 244 191 174 82 152 62 78 44 227 252 216 244 230
    110 25 201 23 28 234 184 100 108 173 182 69 124 157 115 13 198 85
    137 97 244 64 78 228 39 23 206 232 7 83 254 34 125 62 133 208 113
    210 16 71 105 161 13 84 154 205 180 67 65 154 250 170 103 20 24 199
    70 188 250 137 115 12 229 64 248 5 221 26 57 25 231 124 203 203 219
    198 142 68 121 12 255 193 7 146 11 194 44 134 196 129 26 131 143 114
    144 176 138 234 68 250 57 46 146 128 56 148 77 24 175 228 206 41 235
    199 38 139 206 119 51 114 24 94 249 239 216 23 199 165 204 116 220
    126 51 95 189 52 121 107 200 155 245 128 79 117 70 131 85 255 156 67
    23 155 23 8 12 201 31 38 167 93 202 233 219 120 48 93 135 87 60 43
    86 168 203 178 186 254 36 165 161 113 27 79 13 110 199 66 242 127 66
    181 250 80 99 249 51 37 125 243 92 35 169 105 161 123 9 73 12 27 67
    80 211 247 219 164 2 41 48 52 18 74 25 81 121 110 171 207 20 176 214
    30 85 27 200 184 169 141 53 202 207 126 166 227 186 243 145 200 40
    28 124 78 48 159 19 128 15 114 63 144 45 250 121 65 172 90 119 111
    109 111 140 178 151 186 125 184 122 240 94 180 215 13 162 211 129 81
    128 78 52 118 128 132 240 120 166 157 194 202 210 76 178 63 67 243
    248 140 143 233 13 203 12 128 194 218 181 101 249 170 157 142 192 83
    47 57 27 147 200 175 245 49 210 1 114 135 72 169 72 116 8 112 93 144
    44 167 180 136 24 207 134 131 59 58 211 0 253 64 213 179 152 53 134
    149 242 253 194 220 63 139 95 135 221 92 41 95 106 43 48 44 25 82 9
    22 252 122 29 14 50 190 24 109 207 209 130 32 162 58 251 111 90 184
    225 4 119 28 217 117 173 1 130 222 90 121 148 107 55 149 165 131 222
    145 7 150 231 141 255 62 61 91 49 143 29 82 80 119 16 177 226 144 25
    117 247 217 88 185 153 203 25 247 179 22 33 167 44 72 189 64 131 69
    51 191 169 197 230 141 135 22 116 223 114 200 18 124 75 180 253 184
    188 246 103 213 1 236 33 22 54 41 200 214 166 213 129 85 194 160 210
    192 149 64 14 207 252 238 46 145 5 221 13 139 110 251 7 148 158 56
    117 213 250 178 231 57 11 21 200 231 60 223 207 123 163 36 250 41
    175 127 29 196 32 98 77 46 19 88 5 160 194 55 216 146 31 0 237 157
    63 208 84 112 0 50 126 16 18 238 49 45 148 152 112 41 47 193 166 65
    99 15 249 71 115 175 180 17 137 108 0 108 162 164 223 224 91 59 0 34
    20 216 107 8 127 209 170 182 21 219 27 208 121 99 29 218 84 49 51 95
    67 227 65 219 213 243 67 61 133 3 252 217 213 145 88 234 20 46 168
    118 132 92 143 70 23 247 236 73 26 230 228 225 76 232 2 112 154 36
    180 37 27 137 181 193 110 165 81 207 187 211 19 174 221 3 183 131
    249 236 213 159 119 117 0 2 179 108 185 12 173 104 69 94 157 197 26
    237 22 4 133 178 157 79 29 161 228 226 82 78 77 82 154 73 56 138 37
    179 94 199 18 15 30 221 175 167 195 41 97 24 250 237 138 88 145 35
    159 7 166 249 131 101 13 0 241 71 27 4 19 0 63 226 188 203 37 164
    114 182 236 37 161 120 8 251 245 173 96 225 161 231 197 75 204 197
    122 81 97 25 248 63 36 157 99 247 203 62 141 249 97 182 167 106 237
    65 242 209 121 27 181 27 111 137 16 229 61 154 250 204 53 90 147 214
    118 139 116 175 70 245 153 94 102 255 59 18 21 254 242 239 14 175
    153 72 81 16 212 209 168 209 237 246 187 140 47 193 119 87 192 168
    108 85 245 130 146 55 214 70 127 185 199 55 235 107 123 93 156 99
    122 206 45 238 87 99 65 101 215 223 88 223 230 77 34 216 27 99 166
    137 148 15 15 22 254 28 132 106 65 105 69 136 88 155 179 112 52 21
    228 218 82 214 49 198 142 60 69 6 29 162 66 60 67 44 131 34 96 28 42
    26 67 218 181 107 151 181 94 64 195 83 136 132 190 94 32 169 99 15
    46 1 12 31 30 49 43 196 71 214 43 162 224 61 71 139 220 169 24 213
    243 54 218 80 142 198 55 72 195 21 80 31 162 44 144 186 59 186 31 21
    51 244 176 201 98 58 98 228 248 138 29 250 198 10 101 130 101 138 97
    148 178 162 161 233 110 108 236 171 18 53 203 70 113 163 155 127 57
    120 190 33 59 28 180 67 179 202 49 135 219 98 9 21 122 67 151 114
    251 29 109 216 186 37 191 158 228 178 179 105 233 163 63 31 133 195
    182 73 188 117 200 162 63 155 27 66 211 237 120 28 2 0 186 15 63 249
    94 151 83 46 218 17 162 100 166 115 206 92 152 162 57 30 175 28 136
    21 58 29 201 46 225 194 79 16 178 9 56 150 174 133 143 108 24 254
    202 197 194 31 95 107 53 227 138 123 201 27 116 51 239 243 139 239
    187 44 131 60 187 244 187 41 85 239 174 237 205 162 198 85 221 244
    166 185 106 178 199 126 67 171 233 121 166 114 201 168 16 58 71 252
    144 102 217 211 0 41 59 11 210 169 153 53 212 239 62 202 88 124 90
    214 128 239 101 251 167 150 246 253 226 118 198 22 182 206 157 203
    238 91 250 63 40 236 89 70 252 17 185 161 247 175 107 180 46 185 221
    227 144 4 141 118 189 20 173 166 95 221 64 23 225 83 38 34 52 226
    218 218 238 135 240 93 247 148 194 135 222 156 22 217 99 24 212 103
    98 229 151 206 209 8 113 151 175 120 152 12 201 99 140 66 41 116 192
    54 144 223 15 31 179 106 155 19 126 117 129 166 30 187 131 158 68
    141 90 224 171 173 157 5 157 47 246 112 90 183 28 115 237 109 183 86
    123 68 160 103 252 104 26 93 183 120 34 52 95 31 89 181 78 68 140
    127 135 18 242 72 79 101 135 73 212 19 165 248 48 33 151 21 231 87
    170 229 184 132 110 87 29 58 162 239 186 50 187 210 49 103 20 52 167
    129 28 150 169 78 218 197 74 54 26 204 92 54 23 232 153 161 125 81
    36 111 29 162 102 37 3 64 157 143 228 88 231 56 45 138 201 251 209 1
    144 150 7 123 236 112 185 76 138 125 75 151 26 234 219 249 189 202
    59 45 244 234 138 210 38 169 50 80 188 2 233 245 179 190 49 209 30
    74 52 173 22 124 242 20 138 229 212 24 97 109 91 142 39 45 210 229
    14 170 80 176 236 145 56 93 6 196 177 184 149 220 159 93 235 45 81
    206 110 184 140 195 147 120 245 201 177 76 5 163 67 64 68 134 73 235
    22 250 216 200 12 195 195 128 215 47 203 30 88 138 54 82 179 229 37
    183 61 99 21 14 22 135 211 7 182 253 146 183 14 38 60 203 133 192
    134 210 125 139 134 83 255 116 28 131 132 52 27 68 57 33 255 121 37
    143 226 20 157 67 157 246 163 1 46 67 250 130 176 168 170 255 54 134
    57 126 111 193 92 124 88 118 37 87 196 77 123 188 60 180 161 99 241
    92 142 158 91 38 109 247 247 220 62 18 100 39 160 158 127 160 202
    196 230 206 14 45 119 12 6 246 40 2 9 120 78 84 154 98 203 231 57 76
    186 122 121 113 142 177 229 22 60 161 158 104 188 175 132 82 13 37
    220 77 84 114 37 51 121 126 217 72 124 172 199 125 18 109 169 250
    152 204 50 17 69 248 148 221 13 218 124 69 103 185 69 23 223 58 39
    139 123 216 190 54 83 123 97 230 26 90 3 169 154 13 199 33 132 46
    212 120 99 15 132 57 228 90 164 119 144 229 115 177 104 127 194 50
    249 54 183 197 190 130 18 54 195 6 197 65 192 254 187 137 251 90 227
    5 37 216 101 56 208 117 97 165 101 170 62 219 10 20 146 51 180 164
    133 244 88 83 56 86 123 76 52 214 195 119 127 229 114 202 255 114
    161 77 226 137 217 144 255 104 183 242 27 82 252 211 206 108 158 35
    178 214 134 204 32 132 163 138 139 205 176 240 77 132 10 138 193 209
    236 133 179 50 185 236 72 200 194 65 22 177 85 212 66 103 3 147 93
    37 54 54 97 31 3 231 72 157 178 32 90 54 137 174 125 14 60 145 211
    11 246 55 63 51 242 51 30 148 12 140 132 225 134 11 236 183 197 131
    87 248 26 138 53 131 72 184 183 241 137 101 101 22 154 198 86 181
    255 21 207 201 221 111 50 25 251 106 80 224 85 88 183 112 135 196
    194 60 147 104 34 68 145 168 225 86 204 220 193 222 105 162 105 246
    226 232 200 1 126 215 121 242 169 55 213 176 38 154 147 178 74 14 53
    121 162 97 250 33 31 223 240 147 142 172 69 255 52 161 219 128 25 28
    66 251 11 112 142 0 32 227 63 73 16 95 190 118 182 237 42 110 253
    125 138 42 90 160 57 188 27 196 169 114 101 136 163 66 16 61 46 176
    200 126 250 138 129 182 224 234 69 24 223 123 170 122 216 209 250 83
    217 65 14 162 250 67 220 149 194 69 144 144 157 60 173 28 37 164 7
    172 228 164 176 5 91 156 152 163 247 212 86 16 247 47 45 135 166 142
    241 230 93 3 137 221 157 73 125 111 209 44 211 218 113 141 32 34 117
    251 249 6 207 13 229 76 231 124 254 137 132 37 168 157 43 55 96 208
    101 182 142 45 175 252 7 125 71 20 70 220 229 241 75 243 13 112 120
    20 169 55 42 119 182 69 157 121 133 130 114 125 123 0 156 155 245
    147 50 40 161 46 98 121 159 8 120 78 129 254 219 24 74 138 218 241
    50 75 85 198 68 222 62 151 57 183 120 139 136 141 67 3 122 153 22 92
    195 108 108 78 124 90 149 3 59 241 99 150 26 208 47 15 124 61 148 13
    22 111 207 43 40 209 164 161 44 112 166 112 111 22 117 155 139 238
    205 212 30 254 63 230 68 183 131 37 169 117 7 64 18 215 194 51 75
    113 77 250 64 255 124 117 37 184 16 177 239 174 230 252 87 76 46 87
    122 184 251 85 216 210 188 158 92 233 114 175 186 235 77 114 125 230
    28 118 164 33 222 9 128 250 148 227 18 235 194 47 21 209 163 100 254
    240 188 66 184 65 173 108 247 72 46 236 254 30 50 198 94 193 122 181
    181 136 230 245 208 48 102 110 109 143 130 70 104 22 114 141 106 8
    23 45 165 221 102 246 181 241 15 247 109 25 148 147 235 195 5 211 90
    139 238 230 94 21 253 140 183 116 56 147 173 105 24 31 173 44 40 208
    43 255 146 95 96 14 219 209 24 193 107 207 245 254 73 86 101 115 235
    219 135 157 90 54 22 232 240 139 203 208 72 67 48 176 63 91 24 165
    174 78 152 5 15 214 74 171 116 24 210 220 149 185 80 234 164 19 185
    56 181 104 103 98 151 108 20 41 218 45 96 225 161 13 249 159 145 197
    43 189 12 172 236 2 210 154 44 82 64 66 33 2 64 229 90 143 176 115 5
    45 202 33 71 97 185 221 54 123 25 51 191 46 241 82 221 6 14 61 92
    234 4 232 80 112 171 254 33 137 207 67 207 65 55 150 61 118 78 56
    217 238 119 77 29 51 14 158 0 148 148 161 40 172 78 202 3 35 46 14
    134 213 66 175 254 93 233 26 6 10 237 39 34 115 181 155 209 41 178
    172 151 202 142 254 16 170 140 244 129 48 12 68 4 154 31 52 121 56
    196 74 223 132 211 29 162 7 7 250 163 61 4 106 56 41 146 205 245 159
    60 89 0 125 221 106 103 181 134 237 247 241 99 51 109 72 152 98 36
    135 157 90 48 35 226 246 157 250 31 153 98 180 53 13 185 214 117 49
    77 58 250 156 39 117 59 7 80 239 114 123 12 173 188 176 88 79 244
    139 226 171 68 100 246 112 124 61 208 229 80 4 248 48 216 189 229 65
    153 86 8 147 235 109 94 191 1 168 155 65 204 207 222 203 105 11 227
    35 28 97 209 128 232 116 108 41 128 4 117 145 248 255 250 50 30 72
    224 217 162 50 120 63 173 216 107 47 242 133 32 183 62 9 156 79 8 48
    130 123 119 215 211 10 0 35 167 30 14 69 144 124 113 157 130 84 1
    116 150 127 102 96 239 0 192 141 116 160 40 234 134 58 164 65 67 113
    23 45 218 197 56 23 212 140 84 103 245 59 116 218 199 148 56 249 249
    117 142 214 50 108 35 171 78 178 150 66 202 209 253 247 120 201 83
    105 83 145 50 73 201 5 189 251 101 17 17 90 117 47 93 50 120 239 31
    94 20 129 57 102 10 5 92 186 34 21 34 46 244 66 150 211 61 106 139
    102 20 178 184 245 174 35 113 156 211 114 81 35 45 108 55 34 180 70
    82 30 180 136 8 232 128 41 230 126 76 215 139 14 233 48 123 188 182
    22 44 208 185 71 17 204 157 153 206 79 209 251 255 174 178 144 52
    146 153 205 131 191 166 82 22 210 47 135 102 183 172 25 147 104 221
    64 217 155 41 101 93 142 50 220 252 225 3 170 99 199 22 183 133 238
    57 148 202 38 199 109 143 116 58 25 165 246 0 57 130 81 125 60 78
    129 175 9 64 152 182 220 179 29 39 189 206 235 23 17 160 154 62 58
    48 82 49 154 155 215 0 11 119 82 20 142 251 199 163 6 169 190 71 129
    53 28 144 117 113 28 242 24 176 134 68 132 169 11 68 104 29 242 4
    122 131 104 17 192 22 191 168 82 178 100 39 141 147 181 112 71 152
    13 173 0 55 48 179 208 42 247 213 152 47 41 168 4 16 232 68 117 181
    79 227 218 52 230 246 219 222 129 185 237 138 146 103 225 210 169 51
    130 219 253 242 37 40 229 208 146 247 54 108 206 217 98 163 70 55
    185 46 69 114 70 124 230 36 59 61 25 103 177 160 247 38 84 180 89
    176 247 16 179 122 164 191 89 42 97 194 245 220 233 136 181 162 94
    62 165 206 237 239 124 0 74 69 96 193 65 122 61 134 42 14 50 206 35
    151 241 23 46 252 114 62 238 155 141 158 13 252 245 32 193 80 8 163
    0 64 3 141 89 236 248 33 213 182 196 129 175 17 192 155 145 16 63
    188 81 90 150 224 143 142 71 83 248 33 231 99 159 44 244 53 166 224
    204 236 172 223 12 200 96 92 245 91 255 188 236 247 104 117 67 32 84
    136 12 238 26 38 43 49 67 160 168 18 44 37 187 120 176 113 155 238
    165 177 108 94 37 106 238 47 210 33 8 101 63 93 142 8 80 230 24 192
    205 247 5 88 145 164 202 12 63 20 153 42 180 161 183 236 203 196 79
    151 89 178 185 189 74 32 219 231 195 191 60 38 134 150 90 246 191 4
    206 167 225 205 199 91 2 47 132 31 52 229 213 51 75 235 89 164 169
    61 58 243 64 145 21 138 170 17 160 102 21 132 210 119 7 194 252 83
    100 228 210 2 145 63 157 16 233 142 37 149 206 34 47 77 111 86 160
    239 131 19 218 117 3 21 172 141 72 108 222 154 83 219 169 255 202
    123 14 164 18 206 17 33 169 169 231 242 104 107 81 172 103 251 219
    81 199 49 67 146 32 71 58 10 152 118 125 254 35 103 22 239 149 30 40
    65 191 183 232 213 43 10 86 217 181 111 78 187 45 134 143 78 190 1
    52 229 30 9 165 218 84 23 158 137 81 105 228 116 233 169 8 206 143
    245 188 95 7 77 84 142 179 121 164 66 108 226 142 26 96 114 88 228
    136 150 16 95 56 178 194 201 224 57 126 164 94 116 22 63 113 232 133
    120 20 39 27 103 138 211 247 249 209 118 110 189 201 112 24 198 109
    13 187 97 44 103 107 205 145 115 177 241 131 127 129 192 63 100 251
    204 85 101 196 167 154 30 141 143 107 140 238 136 23 30 40 91 156 17
    166 71 98 115 21 211 121 6 14 37 114 23 133 123 131 195 64 164 94
    208 39 243 142 230 139 219 69 178 92 230 105 137 112 100 188 207 194
    217 3 181 155 120 140 223 252 51 206 147 188 234 243 71 162 58 230
    150 151 12 79 145 188 72 114 50 54 26 196 189 54 28 1 52 45 242 66
    111 123 208 197 159 238 28 131 159 193 92 208 56 139 197 47 50 139
    99 143 235 248 88 248 254 137 157 144 9 77 218 136 192 233 196 253
    203 190 11 27 3 141 72 43 78 190 84 117 64 153 18 234 26 226 132 126
    156 220 2 12 200 0 129 120 225 30 53 149 233 6 62 101 208 199 31 237
    64 102 224 155 160 62 0 238 213 77 194 100 32 148 230 121 115 87 223
    195 228 113 13 105 93 123 158 242 234 209 167 157 131 75 151 82 196
    56 59 210 254 7 151 69 210 246 92 243 9 101 62 230 124 190 183 160
    39 217 160 53 116 92 181 32 59 146 99 190 39 82 173 53 88 228 194
    215 113 37 160 113 14 99 197 222 48 143 165 103 152 136 173 167 126
    42 132 234 210 3 52 109 159 118 140 71 245 70 110 170 151 63 122 97
    182 232 203 168 130 9 70 102 0 250 22 255 3 240 192 194 165 244 116
    40 201 126 163 152 73 0 29 67 246 107 57 52 253 15 157 97 206 5 57
    199 243 54 211 49 57 176 125 79 183 224 102 124 140 253 9 135 155
    130 135 161 97 40 229 133 39 92 19 94 214 212 212 32 203 30 131 162
    49 4 211 105 226 95 131 218 194 196 114 70 85 21 54 82 110 84 152
    252 19 150 100 109 190 82 150 119 226 60 181 164 62 3 53 229 185 117
    77 240 22 64 88 102 239 140 171 30 188 195 67 36 245 33 89 8 229 178
    18 162 1 246 92 118 165 61 45 178 110 148 253 234 20 72 40 2 228 99
    62 170 123 161 68 62 202 119 124 131 78 179 71 172 151 77 215 164
    229 138 163 186 222 95 78 47 174 61 193 132 66 86 24 214 62 247 72
    113 205 56 85 92 79 59 153 144 206 73 230 97 39 203 115 39 146 89
    158 119 68 231 2 138 172 89 71 193 221 0 160 91 214 121 101 126 5 53
    152 210 24 155 63 117 59 239 149 100 145 207 150 98 59 86 98 26 164
    177 79 207 89 40 193 155 97 135 21 183 171 124 26 90 245 47 222 202
    184 150 228 85 207 132 56 221 148 243 204 9 239 70 37 204 136 43 53
    106 46 244 87 242 36 34 45 137 91 119 212 1 207 138 223 72 181 192
    32 254 190 31 3 163 123 94 150 105 100 165 193 76 74 242 133 220 118
    174 146 4 155 207 20 252 238 71 173 40 15 109 154 209 166 255 87 110
    58 174 104 220 69 206 189 146 130 185 229 146 98 186 0 185 231 24
    172 222 85 209 153 220 241 230 206 205 103 218 158 48 74 194 150 163
    95 34 98 96 81 162 35 211 230 152 143 206 174 183 21 215 43 184 1 89
    45 30 113 239 7 73 121 116 250 109 228 28 108 79 236 40 39 80 138 67
    115 69 174 201 78 230 117 6 61 236 111 217 1 162 1 8 143 250 207 154
    7 167 249 178 19 11 49 2 59 242 109 220 243 84 157 231 124 97 141 9
    119 134 86 10 148 153 237 69 86 157 30 211 169 228 3 98 59 56 229 31
    179 13 68 65 55 182 239 195 106 121 167 185 116 120 149 83 49 198
    255 201 185 47 191 92 81 52 85 73 84 139 110 130 77 160 251 200 165
    108 64 178 106 148 8 56 53 86 171 100 163 12 105 246 253 111 185 165
    78 254 194 197 73 198 220 231 180 215 10 179 39 82 250 133 108 32
    196 182 61 180 178 24 196 225 236 54 204 217 190 71 57 122 37 10 241
    119 84 117 247 179 212 69 5 110 119 255 229 147 40 89 192 73 221 97
    65 132 223 226 77 232 197 47 232 142 132 5 75 218 220 147 32 80 218
    148 70 17 198 132 171 23 253 104 134 206 223 245 16 17 101 48 229
    139 233 154 18 234 129 210 161 181 62 23 117 85 113 159 243 22 207
    132 218 35 97 238 23 53 24 100 194 24 76 133 177 57 90 11 50 109 167
    129 112 209 20 42 133 202 24 58 126 238 210 178 176 113 208 135 1 31
    212 17 4 40 57 215 74 4 251 76 252 113 97 163 142 35 141 136 40 40
    164 216 145 147 51 24 199 129 216 126 201 251 21 126 237 182 178 150
    93 80 80 22 32 140 60 95 128 45 17 180 125 131 30 60 218 179 106 72
    170 198 170 196 37 205 142 147 3 117 186 15 21 155 92 251 37 180 2
    51 183 75 160 42 17 250 10 195 243 46 167 8 231 187 159 176 255 197
    36 186 161 210 8 235 41 52 237 25 192 162 113 48 112 209 196 252 190
    146 56 54 138 118 212 32 115 58 174 130 80 181 139 101 46 41 252 155
    28 226 144 176 99 144 64 73 224 255 240 239 218 77 134 209 135 57
    173 96 206 112 106 127 207 209 57 212 218 232 228 75 26 246 111 200
    73 55 138 42 92 123 28 50 160 211 181 157 38 36 233 190 65 77 95 236
    202 71 185 202 161 197 236 209 220 170 225 34 136 26 153 153 221 225
    136 158 111 163 6 99 41 43 131 201 223 125 238 79 195 30 72 31 44
    113 54 228 94 12 14 144 254 20 196 7 24 83 250 231 136 103 89 152 40
    148 243 161 205 150 99 79 34 60 180 238 163 161 165 15 83 14 145 64
    165 252 205 155 255 47 247 1 174 157 14 26 227 101 70 11 76 96 72
    190 91 36 180 201 68 215 2 94 62 41 176 98 8 158 64 140 204 91 78
    123 57 205 196 221 36 128 166 245 113 125 248 59 144 184 60 181 128
    120 86 181 218 231 57 221 247 80 71 228 224 37 120 64 214 182 212 42
    144 65 50 124 170 235 73 21 146 98 75 146 110 49 163 164 239 184 108
    210 19 130 59 238 15 219 90 136 104 254 248 205 99 239 237 53 73 217
    247 183 45 146 248 109 107 196 181 175 129 21 8 145 7 82 196 183 52
    167 192 157 231 83 47 226 113 77 30 42 217 147 70 191 64 122 45 135
    24 66 73 173 219 99 105 32 167 119 170 104 188 96 117 92 179 137 193
    84 92 52 133 204 104 25 72 213 176 228 143 253 190 166 49 35 121 43
    16 162 24 78 89 162 186 31 192 245 180 225 250 129 31 101 176 242
    227 41 171 26 33 101 22 94 79 33 247 74 247 215 54 149 188 236 35
    192 200 6 234 88 83 252 77 31 206 174 69 56 202 202 95 216 38 122
    113 77 56 215 215 153 104 43 138 252 48 26 246 79 161 247 113 50 41
    37 96 65 14 52 34 202 127 198 78 190 1 13 27 139 88 84 224 200 130
    249 237 33 181 19 146 116 121 180 197 93 221 55 85 49 102 100 64 20
    41 35 72 102 139 159 36 87 208 49 133 223 104 112 40 84 146 252 100
    47 28 87 40 209 245 203 28 131 205 148 29 150 103 115 74 3 136 42
    116 171 180 49 165 217 38 138 59 164 125 3 40 19 232 209 238 203 179
    108 44 205 1 82 148 31 167 109 182 132 175 94 64 158 76 246 227 104
    194 141 80 23 220 94 108 72 196 151 170 75 61 164 209 108 169 0 23
    31 102 106 68 103 80 149 17 155 252 157 65 126 207 13 12 230 32 107
    47 14 152 50 60 32 224 52 20 75 12 253 158 225 181 176 211 122 159
    200 239 88 3 208 47 18 227 152 74 162 46 148 137 201 12 7 96 184 216
    24 221 117 58 46 49 43 88 155 93 183 8 112 69 1 199 141 209 234 226
    19 56 227 150 82 52 72 212 209 59 141 25 191 171 239 155 13 184 143
    43 50 2 52 194 121 111 109 215 200 157 123 31 20 221 247 109 60 235
    160 12 14 189 168 39 235 208 100 240 49 83 5 153 29 99 141 227 60 34
    96 161 48 218 107 228 33 44 228 111 146 134 154 77 229 118 130 196
    92 29 175 134 231 196 100 19 171 3 137 121 187 177 168 93 152 21 50
    64 221 60 137 203 182 65 137 86 150 75 239 182 198 90 104 237 158 58
    77 121 163 68 201 253 22 145 37 1 17 254 22 141 232 44 114 102 110
    174 188 125 136 83 61 193 94 198 24 12 114 91 51 170 102 167 39 127
    14 225 110 244 170 26 29 219 131 184 80 253 225 80 57 65 103 23 136
    139 183 107 246 221 74 93 159 72 193 240 192 243 58 104 143 160 71
    196 141 125 39 206 156 107 33 143 50 213 56 231 204 122 196 116 241
    254 149 67 231 104 253 75 15 121 218 209 248 213 186 75 234 222 146
    233 179 242 246 192 114 209 13 14 255 70 182 154 179 64 245 22 123
    163 173 167 184 57 137 44 41 36 144 229 132 59 228 126 120 217 6 156
    154 107 242 253 188 6 72 237 124 176 240 221 228 95 67 52 249 9 11
    105 108 228 62 62 60 100 59 253 47 117 53 227 133 253 136 224 198 97
    115 215 233 177 199 194 145 45 222 38 132 137 221 219 3 71 2 32 234
    252 126 88 225 128 100 157 73 250 243 8 84 87 233 155 64 119 61 58
    215 15 117 251 148 186 21 126 55 48 68 146 6 108 28 181 79 208 50 4
    204 16 156 75 230 207 221 20 234 249 251 218 51 77 79 68 211 15 219
    145 249 243 215 248 100 39 128 11 172 7 40 133 222 207 2 61 120 184
    64 49 91 113 143 212 61 131 152 3 187 78 216 80 94 7 103 90 115 52
    103 142 245 182 71 33 223 33 240 240 121 70 161 196 216 212 248 133
    120 196 220 213 242 78 12 214 217 125 243 203 203 193 37 33 172 116
    38 4 147 219 23 127 214 180 11 166 28 103 76 79 102 79 196 197 90 50
    95 75 65 234 29 22 232 43 216 85 234 227 246 150 21 17 157 121 198
    87 77 156 252 68 159 227 96 198 123 45 214 134 231 82 152 49 245 112
    156 137 142 0 46 52 182 143 102 12 40 123 248 5 210 180 51 110 248
    119 106 66 55 248 114 245 67 141 107 170 83 148 85 217 125 71 99 35
    183 217 9 73 135 54 238 167 221 246 112 40 12 117 28 191 16 169 139
    13 244 173 24 94 236 205 106 116 54 132 33 130 235 86 158 85 218 246
    209 29 207 137 86 159 110 56 136 63 189 7 186 54 39 22 97 81 249 182
    6 42 144 164 54 203 202 96 139 32 21 230 233 189 131 183 215 245 10
    113 203 207 93 33 133 58 153 205 125 220 179 168 210 76 109 71 85 57
    64 10 70 174 220 245 11 162 46 175 174 62 156 87 7 74 10 127 87 167
    181 69 203 154 105 234 182 201 138 2 190 155 135 156 248 163 191 244
    125 112 183 221 147 252 195 77 163 81 130 59 94 87 47 3 218 190 121
    56 9 105 76 116 12 130 149 223 4 138 220 158 110 34 201 45 188 221
    74 53 233 140 86 230 242 84 228 16 95 200 175 44 187 241 28 33 246
    28 247 76 184 128 128 34 213 161 182 66 253 184 151 136 105 130 107
    225 125 128 237 181 226 82 82 133 34 195 77 17 118 136 38 54 122 148
    24 250 100 183 233 52 140 146 46 103 30 97 65 238 132 15 141 241 128
    251 8 149 50 201 88 26 119 204 25 225 153 138 233 119 124 79 168 45
    250 253 27 3 218 244 27 207 165 193 113 91 166 188 197 216 115 104
    52 133 197 200 242 102 80 199 198 170 50 105 92 123 6 76 51 135 156
    91 129 27 172 19 250 71 241 104 96 23 220 97 116 195 6 22 51 240 74
    82 134 28 186 203 52 232 19 19 72 235 237 187 10 11 128 18 147 80
    248 90 27 158 249 226 105 178 192 206 129 151 118 20 73 172 117 178
    185 233 7 172 32 219 70 49 44 50 52 231 127 209 13 96 219 27 3 143
    17 243 238 41 190 125 50 223 235 64 5 105 196 151 148 156 120 209
    145 51 219 78 18 204 80 205 28 207 248 56 26 7 205 80 237 120 102
    152 218 0 114 61 215 87 55 118 13 59 160 38 245 55 238 11 39 184 177
    217 248 0 83 96 10 3 192 44 6 63 139 205 190 223 174 94 67 1 111 58
    9 208 32 201 127 156 156 174 97 208 237 176 125 154 17 202 185 144
    195 123 101 72 21 16 40 252 178 252 39 235 241 243 155 58 8 177 197
    253 175 153 252 230 41 7 116 5 3 9 98 112 184 67 87 114 133 153 219
    141 130 71 142 133 185 237 195 79 47 187 159 28 53 11 139 201 201
    194 144 218 229 240 226 239 211 82 83 22 68 20 213 202 9 86 139 69
    228 123 158 66 115 54 166 132 73 160 115 132 210 90 25 142 45 145 59
    165 244 209 86 89 193 45 220 187 220 166 108 13 200 104 21 113 100 4
    152 72 110 149 231 1 12 158 76 62 245 161 233 150 162 184 118 174 26
    143 63 172 151 218 102 95 207 39 190 58 17 222 70 133 192 1 203 243
    160 248 24 247 56 157 232 106 201 43 72 2 196 65 227 229 183 216 193
    238 184 79 87 198 52 45 12 73 123 145 22 208 218 33 63 23 130 3 254
    160 103 83 208 104 55 7 219 146 195 81 133 228 82 38 57 17 161 241
    212 129 36 84 21 235 29 165 33 129 215 136 68 172 151 14 186 173 249
    2 31 67 220 170 26 57 19 106 88 248 234 118 134 158 188 71 166 21
    247 4 58 135 112 40 247 77 199 148 252 150 239 129 250 67 9 147 67
    156 44 188 162 101 62 133 124 109 21 255 52 171 230 210 13 183 95
    234 184 219 61 156 191 126 241 59 252 108 246 139 64 128 234 239 222
    35 59 38 113 212 118 41 130 193 173 119 42 55 210 149 41 91 239 220
    188 40 250 233 8 224 8 222 219 30 216 223 171 120 148 233 91 162 156
    189 91 51 206 249 189 226 45 3 134 142 58 181 105 160 118 159 177
    120 63 252 50 145 88 44 21 244 133 27 111 111 203 116 103 220 11 75
    57 112 77 251 177 127 57 226 232 173 224 234 111 58 127 119 248 5
    166 171 214 250 179 20 104 228 37 26 93 159 122 182 87 95 169 245
    141 87 217 135 151 218 68 109 194 30 30 124 142 251 197 106 198 166
    81 172 117 81 243 144 228 49 230 204 198 185 244 185 252 143 210 53
    251 50 63 203 238 93 37 73 222 65 114 193 41 188 127 74 94 202 110
    16 54 114 246 161 198 189 4 29 175 212 91 24 19 195 10 114 205 245
    39 31 193 138 167 47 140 123 233 226 141 18 144 93 112 159 138 99 0
    71 93 150 20 182 160 203 176 112 108 219 151 146 150 130 164 128 130
    132 254 165 214 171 236 241 148 34 84 52 22 195 173 97 79 151 99 136
    160 250 144 250 26 234 55 12 109 176 23 217 136 60 211 178 10 169
    165 36 51 98 182 117 178 29 48 215 129 211 80 52 230 10 94 34 3 160
    56 103 29 6 40 88 3 222 40 233 254 110 173 201 65 226 77 53 197 236
    26 157 171 20 201 220 116 235 70 185 116 133 120 135 168 81 191 62
    122 107 186 111 58 65 183 84 124 60 0 215 231 209 16 210 218 254 42
    246 68 145 150 241 92 147 129 56 215 3 246 158 231 207 204 201 200
    35 101 162 177 30 178 198 75 214 220 71 94 32 162 90 107 88 171 137
    127 85 27 102 11 136 226 38 124 84 46 165 109 85 180 110 104 69 21
    78 7 10 158 134 244 9 126 235 55 46 92 70 234 123 94 241 209 13 109
    106 214 168 24 29 194 89 31 240 118 159 228 163 44 176 124 71 222
    244 193 156 174 232 57 185 99 22 19 12 48 31 98 248 238 66 106 222
    191 53 119 193 127 249 31 194 54 63 152 28 200 100 237 152 148 217
    49 112 255 146 206 40 106 109 119 28 43 125 162 16 20 67 240 13 118
    226 96 103 28 175 234 153 80 31 6 97 16 159 74 242 0 91 115 85 49
    214 166 66 133 57 69 160 137 206 79 72 29 203 30 215 212 93 2 170
    217 190 39 214 186 194 158 144 200 16 243 246 121 155 113 18 87 123
    207 17 28 22 25 163 135 25 177 180 246 227 43 58 212 87 161 87 109
    86 217 6 243 134 182 130 90 124 194 85 188 217 150 216 217 217 133
    212 82 49 232 182 103 237 104 81 181 84 159 167 95 28 120 169 212
    179 150 183 227 83 240 184 48 131 184 104 213 75 23 238 84 2 52 182
    150 24 124 20 104 119 244 215 88 44 47 48 210 15 16 27 106 117 38
    200 227 214 60 96 130 254 109 213 116 251 8 207 185 21 27 160 33 91
    192 19 241 51 34 41 173 118 226 40 104 219 51 33 148 76 29 64 240
    174 96 46 147 231 169 254 242 9 87 57 32 160 192 191 125 37 237 154
    151 227 119 206 131 97 23 78 250 187 19 199 50 2 183 38 238 212 89 4
    113 59 247 4 123 31 172 234 38 136 251 166 32 221 100 0 166 7 65 18
    173 77 187 142 59 116 161 201 221 37 47 157 248 70 101 140 200 69
    219 245 205 241 233 218 175 4 130 13 89 178 61 82 61 175 97 59 40
    145 88 160 86 121 5 54 207 127 202 1 225 184 169 145 33 217 59 204
    130 186 173 19 42 27 244 143 176 121 117 120 244 239 141 32 238 92
    50 11 71 59 11 120 134 85 177 113 221 195 98 85 28 15 61 65 45 61
    235 83 169 24 47 37 57 252 87 197 23 186 15 42 61 67 155 140 205 221
    221 85 192 42 61 221 48 29 112 36 239 188 4 77 77 112 102 1 0 211 16
    49 139 211 156 90 245 118 184 22 39 193 94 47 243 243 6 229 64 6 89
    65 36 112 188 98 167 185 244 114 187 212 50 249 218 42 191 85 132
    236 86 244 227 181 126 144 233 152 23 61 100 155 131 104 123 186 21
    83 41 57 149 23 191 181 151 186 174 92 21 206 98 20 112 99 153 106
    56 246 198 135 129 67 36 126 14 227 238 11 171 165 231 195 11 250
    196 180 183 239 17 43 202 182 187 147 49 76 127 50 87 90 193 250 18
    255 221 69 208 82 231 188 227 7 0 251 25 246 24 97 187 117 178 45
    108 35 173 75 222 88 90 109 223 201 233 109 87 185 30 212 4 149 222
    121 84 167 0 48 145 210 149 36 127 209 131 214 248 126 229 20 17 174
    29 224 58 223 235 157 230 100 36 91 97 125 46 224 192 59 142 231 33
    33 78 154 194 45 135 61 153 180 89 118 96 105 169 53 145 114 194 253
    50 244 158 249 246 19 6 183 221 180 142 171 70 188 98 47 112 38 65
    212 101 50 236 159 84 178 101 163 25 221 175 147 249 71 249 6 85 10
    16 42 23 126 77 194 32 198 60 7 164 75 73 71 25 11 126 165 222 193
    126 109 119 129 9 178 3 252 230 47 193 75 221 203 13 57 227 85 57 29
    212 161 164 146 230 21 134 180 0 153 130 169 13 146 83 118 114 56 82
    30 73 140 214 193 127 222 255 229 166 164 66 116 250 114 41 132 166
    132 88 29 51 65 196 85 162 73 227 206 247 225 99 92 244 193 177 232
    194 146 150 73 61 147 6 10 21 110 145 138 244 69 36 32 146 73 227
    101 213 110 109 138 241 28 91 187 68 158 75 171 153 34 147 119 45 48
    227 243 190 109 136 73 91 61 7 160 228 245 181 149 9 106 125 53 66
    247 75 248 219 235 178 16 215 249 222 251 96 94 110 229 24 47 173
    210 73 217 93 233 153 167 244 101 218 105 82 241 135 177 171 235 117
    187 152 252 250 63 201 76 173 174 18 183 248 178 80 63 84 83 236 170
    3 152 134 48 32 92 135 232 104 96 216 72 148 176 208 224 155 114 217
    127 173 0 197 191 214 125 130 235 175 0 99 171 247 109 147 146 251
    40 68 187 82 200 106 120 32 239 105 113 45 250 65 179 91 225 96 27
    128 75 40 212 191 20 210 141 152 61 247 184 154 209 104 200 22 14
    106 213 61 57 88 227 177 104 139 252 7 76 243 222 180 66 134 62 208
    28 137 255 249 27 81 213 61 124 15 197 248 213 132 41 24 15 15 165
    249 213 151 100 233 27 4 38 172 49 215 10 122 217 206 162 9 212 183
    25 236 117 69 156 209 82 85 181 243 10 85 133 223 244 50 226 212 51
    220 86 141 97 42 137 131 42 79 173 29 87 200 69 217 56 182 99 43 127
    44 214 43 208 48 231 174 229 173 154 234 202 159 64 72 46 75 135 182
    115 56 190 201 59 240 143 110 218 109 173 5 112 105 30 238 171 216 7
    136 109 3 22 58 183 145 235 187 91 43 234 204 99 159 137 25 198 25
    22 32 228 56 82 13 186 191 111 80 196 94 51 199 2 172 227 37 151 148
    18 140 56 35 23 166 229 182 34 226 3 62 128 189 83 52 4 5 49 76 150
    210 148 61 66 150 12 98 8 208 142 216 231 176 19 1 123 54 7 203 113
    9 170 73 131 83 251 49 156 226 200 225 46 7 87 150 28 149 113 182
    161 47 199 112 70 84 189 208 134 63 147 89 57 102 182 173 168 220
    139 9 175 76 151 43 182 134 227 166 126 2 11 35 251 143 60 239 124 8
    204 124 200 48 194 229 134 206 175 76 43 230 130 125 175 235 17 29
    149 196 158 18 204 219 20 245 174 228 18 109 172 28 167 85 26 242
    182 16 14 156 58 126 146 224 74 160 35 68 27 102 92 108 119 208 208
    129 57 129 35 209 201 133 69 105 175 34 185 110 71 114 203 98 197
    175 251 219 176 153 22 102 50 91 243 225 229 17 19 52 152 244 32 131
    29 180 199 129 236 164 191 54 15 78 49 244 178 15 229 141 45 173 158
    89 59 52 215 156 202 195 7 179 32 20 210 117 24 3 121 121 183 22 21
    0 236 246 111 125 114 92 5 151 189 56 167 162 175 228 110 166 225
    224 143 207 1 111 89 176 153 127 241 139 191 116 112 37 165 6 64 62
    180 71 251 207 78 217 52 142 207 147 250 209 159 59 202 140 77 142
    180 52 1 28 143 7 184 113 198 178 117 27 87 253 187 211 44 92 90 179
    81 40 83 15 21 216 177 211 69 234 137 159 176 137 63 221 124 140 191
    51 118 198 223 161 221 194 181 53 150 240 208 12 37 201 50 6 228 191
    77 70 169 102 93 239 211 23 29 184 72 71 100 158 72 102 189 244 210
    51 68 83 149 80 182 190 5 117 178 113 232 87 100 209 84 47 67 204 36
    99 166 198 208 116 198 38 248 95 191 66 177 130 56 161 205 121 8 9
    229 178 56 207 133 254 130 236 158 156 56 41 122 174 2 1 95 11 147
    91 201 7 128 70 123 40 71 63 33 162 17 96 127 178 222 173 135 244 35
    60 67 140 203 222 158 28 0 18 86 146 0 178 19 138 59 145 130 94 2
    194 173 154 119 61 244 70 50 12 151 55 14 253 185 74 10 100 122 228
    55 116 100 216 146 242 245 11 186 212 46 136 105 118 119 3 100 81 91
    181 91 112 3 81 9 243 215 252 98 93 50 57 59 90 98 150 75 75 184 124
    185 117 154 229 197 142 7 93 148 62 163 103 241 8 54 78 78 90 96 3
    68 103 185 121 40 130 47 193 81 77 18 41 175 51 226 232 33 152 183
    250 30 128 244 20 186 138 154 233 168 101 199 75 92 126 249 184 118
    113 188 55 251 143 166 252 168 11 1 21 199 86 228 204 115 143 209
    133 4 3 166 192 119 207 102 217 244 165 88 81 236 68 129 127 70 250
    169 221 164 165 75 71 114 113 82 132 30 116 72 173 141 196 110 237
    221 76 18 187 40 144 17 75 231 37 175 168 10 106 36 183 120 115 119
    168 58 138 114 34 179 66 145 123 106 81 236 243 78 125 160 27 113 99
    117 119 253 229 163 27 82 31 114 155 8 142 141 116 224 175 41 150 69
    124 202 181 109 26 144 102 206 90 245 132 202 52 218 95 173 201 148
    79 174 230 83 60 147 36 122 111 51 126 151 57 156 148 95 184 233 38
    113 20 235 222 152 140 161 67 213 51 65 207 113 164 151 170 218 154
    77 7 35 127 253 60 78 125 195 162 48 188 110 150 87 152 191 32 40 30
    175 182 246 92 26 39 152 164 171 154 156 110 174 82 159 57 247 157
    71 49 63 77 140 254 45 246 164 109 152 246 142 55 112 94 64 121 232
    94 178 125 197 178 145 116 41 22 50 54 189 186 167 25 37 83 213 30
    141 101 120 26 123 201 146 75 13 160 150 142 13 49 67 22 202 42 16
    15 143 100 122 36 216 158 119 23 22 86 161 167 65 144 195 134 125
    146 249 254 228 225 215 32 225 230 38 51 117 76 6 244 152 149 53 82
    246 37 252 235 133 225 201 177 81 241 170 64 26 88 86 41 225 27 141
    30 97 251 191 191 87 152 53 174 89 14 92 7 165 8 251 75 217 37 228
    11 6 102 161 131 165 68 196 133 236 111 118 92 197 228 179 22 10 192
    163 242 16 67 35 214 212 132 138 236 197 90 154 174 249 124 253 150
    50 240 210 143 209 171 217 79 104 126 217 151 248 203 103 51 106 43
    55 43 43 248 224 150 8 120 63 201 117 20 45 68 84 92 158 60 146 164
    172 246 145 79 25 145 2 130 165 112 134 76 240 226 125 9 49 221 242
    176 105 228 73 197 154 157 165 225 204 36 161 148 179 163 138 168
    204 134 230 115 224 49 198 28 232 151 139 123 73 199 49 13 41 214
    199 254 3 182 130 180 84 242 75 67 156 69 101 177 147 72 134 154 186
    182 130 231 102 106 99 85 188 141 161 167 235 176 48 90 24 205 180
    46 52 203 189 206 71 195 21 8 81 35 82 90 211 201 163 123 156 106
    245 149 192 198 25 152 48 228 136 99 154 27 230 14 69 228 20 237 211
    52 133 106 61 154 117 250 140 8 140 183 185 106 26 0 251 208 209 101
    188 216 225 179 209 163 163 54 76 141 156 225 19 247 113 245 110 133
    116 185 167 237 59 162 53 170 46 123 207 94 2 180 29 118 38 71 52
    178 223 126 114 242 113 246 56 173 75 70 113 212 180 210 10 183 49
    45 54 94 131 133 38 234 173 175 187 41 42 15 231 236 41 253 177 47
    206 61 172 156 141 80 147 174 97 83 136 204 157 180 186 219 149 122
    29 26 191 175 76 195 146 192 73 170 98 161 170 189 105 208 82 177
    207 1 152 173 247 64 136 54 248 75 145 191 64 95 247 210 246 168 3
    18 97 156 153 207 87 160 208 8 2 31 225 140 41 70 211 41 139 144 22
    219 146 109 139 171 10 217 51 218 55 228 196 82 149 112 19 165 97 64
    58 84 128 187 30 65 74 28 227 227 73 158 43 160 79 218 221 168 32
    254 217 64 170 8 107 3 144 81 65 151 174 104 216 192 102 27 110 30
    66 233 0 14 254 213 253 90 136 239 193 126 73 98 233 253 169 84 2
    143 123 159 164 0 185 118 13 162 124 209 150 249 220 77 144 93 53 6
    235 176 53 179 90 6 94 251 114 112 15 156 254 205 229 32 8 223 122
    128 38 147 235 75 125 73 12 148 199 56 72 0 68 188 80 65 139 175 247
    250 242 254 26 177 142 161 145 124 176 58 218 44 106 71 84 143 13 76
    125 159 225 33 126 137 0 53 15 15 14 78 107 8 118 236 108 167 227
    231 230 50 132 209 233 227 80 134 0 244 206 32 169 38 177 222 153
    121 70 144 45 172 96 224 183 31 87 169 138 55 73 62 18 222 130 190
    159 252 209 95 64 78 196 222 249 244 152 60 6 49 2 222 163 106 72
    160 73 75 119 65 253 2 43 139 128 187 148 37 82 243 197 167 252 154
    115 144 46 208 40 64 70 174 127 161 70 77 211 160 118 196 248 111
    176 211 175 216 188 12 160 122 132 47 145 195 82 80 113 209 159 235
    79 242 239 82 120 46 2 22 144 52 3 180 177 77 59 202 67 41 123 26
    183 11 93 125 173 24 225 36 129 11 122 161 155 135 185 113 180 115
    107 84 14 5 133 33 189 155 117 224 251 85 214 203 116 239 13 4 111
    82 91 159 78 166 177 95 7 150 250 135 31 92 83 72 211 2 95 71 251 94
    221 231 136 125 91 119 129 92 110 144 87 175 146 129 12 43 1 196 142
    129 75 209 93 163 16 144 177 80 171 38 1 100 40 162 84 212 254 173
    213 14 252 149 10 230 185 252 208 43 32 161 127 208 117 249 168 81
    187 65 12 15 37 204 26 248 245 225 176 49 234 246 44 60 203 203 3 97
    121 236 68 75 158 186 254 95 86 204 253 135 248 198 47 108 181 55
    183 110 111 62 39 164 57 69 91 231 223 104 139 53 189 9 59 184 0 200
    129 184 60 159 16 80 106 213 233 144 119 65 100 153 0 252 10 180 111
    242 160 224 209 157 242 227 136 134 196 226 23 83 55 148 82 172 218
    197 167 188 22 179 209 199 205 190 205 255 104 90 10 221 127 103 4
    155 155 234 203 24 96 193 92 188 146 21 231 197 2 164 49 142 104 11
    196 204 44 246 140 232 59 64 25 148 113 118 218 100 38 117 194 153 1
    225 12 59 222 160 221 53 169 59 195 175 210 185 133 248 10 31 52 65
    118 41 127 248 187 227 68 165 230 237 191 60 126 229 92 148 31 170
    75 125 202 92 62 157 202 16 136 65 246 30 0 152 182 97 16 42 240 243
    156 233 86 160 81 131 173 105 229 89 250 158 190 83 96 100 159 163
    17 114 224 12 110 244 186 117 4 181 98 169 128 225 1 168 46 223 8
    109 182 237 228 207 174 66 100 224 216 36 31 76 133 168 55 47 1 9
    228 248 65 89 108 69 171 40 25 125 171 222 28 139 170 44 161 134 70
    230 77 203 192 137 223 14 103 111 102 178 60 107 218 213 125 204 195
    2 65 223 221 13 229 56 174 67 48 39 156 234 12 161 178 243 159 75
    183 190 119 212 217 229 204 27 230 129 83 233 212 101 14 75 240 161
    95 209 154 171 52 204 109 190 89 142 118 45 254 126 62 152 150 75 37
    154 41 51 60 239 163 38 180 132 76 25 21 44 19 194 254 59 127 72 109
    50 224 152 188 84 98 243 130 14 31 23 134 92 212 87 225 62 121 57
    169 240 151 232 150 113 83 1 96 58 166 119 214 145 250 83 27 29 224
    213 124 28 23 169 239 33 213 124 9 2 60 210 248 240 101 28 195 129
    17 225 33 68 100 130 96 28 163 116 223 166 105 28 119 166 164 129 76
    232 164 23 232 17 178 250 212 6 231 230 111 212 240 93 35 52 201 124
    198 34 187 198 8 190 125 249 239 2 21 164 229 32 181 187 112 211 67
    240 111 132 0 220 207 75 138 211 159 252 255 195 134 181 244 166 201
    109 204 97 132 107 206 62 168 128 246 251 208 131 161 209 230 197
    205 138 135 12 116 78 84 104 51 85 84 104 26 142 246 116 171 34 39
    120 68 75 112 117 91 230 189 221 137 13 199 99 7 97 192 195 249 8
    132 20 204 122 186 7 24 173 222 86 199 155 9 98 221 68 212 253 213
    188 96 106 120 59 93 87 149 200 83 193 44 104 58 253 113 30 222 120
    172 43 209 137 162 83 152 26 110 172 205 252 23 109 147 130 91 255
    192 50 9 81 78 28 220 45 212 62 82 191 156 6 39 74 55 162 255 118
    216 197 40 253 135 94 167 11 233 20 207 46 96 242 208 209 19 203 232
    210 34 166 195 112 241 96 199 175 33 113 239 184 69 218 173 75 195
    245 131 114 33 43 146 45 38 163 142 82 222 243 52 133 195 255 16 18
    110 174 187 161 61 75 96 116 30 100 180 1 200 156 255 247 218 164
    124 224 62 198 193 170 165 13 46 78 62 87 68 182 56 91 122 96 9 142
    149 121 40 115 138 159 0 244 175 82 90 40 241 236 46 79 91 242 230
    43 70 185 236 31 86 232 177 93 115 144 235 17 153 169 56 27 209 110
    212 255 239 200 251 252 240 105 112 51 222 129 190 2 222 143 45 255
    108 180 181 16 134 34 230 233 51 85 133 129 143 232 133 225 11 159
    244 216 236 7 118 185 109 69 35 73 187 32 229 224 137 223 140 225
    115 93 191 222 248 112 162 246 124 219 16 89 173 245 55 18 254 225
    34 190 189 198 238 169 116 185 18 179 144 126 200 228 43 28 221 203
    35 155 247 236 240 69 248 221 70 22 153 74 118 106 17 64 185 144 58
    8 111 238 232 11 34 3 154 200 61 223 36 38 237 45 79 138 90 156 42
    16 0 221 101 76 53 234 30 211 201 61 232 120 6 94 40 66 5 234 168
    154 207 143 123 12 50 153 91 199 129 28 59 101 29 25 102 141 117 134
    0 170 186 106 237 207 107 179 44 8 113 222 23 52 100 183 176 129 108
    219 242 155 138 164 174 31 14 173 163 139 46 52 124 5 191 246 194 45
    179 46 92 245 181 63 22 78 235 137 250 154 149 39 173 213 10 64 6
    251 3 5 173 122 207 144 219 202 251 177 122 119 154 243 26 215 218
    131 4 106 91 211 103 86 106 18 254 24 223 175 235 198 190 109 85 82
    193 86 110 19 187 43 50 15 5 186 187 252 200 144 60 38 254 111 167
    64 225 189 111 11 128 164 220 153 222 1 211 220 218 196 204 84 175
    21 233 247 188 227 201 2 159 200 159 74 152 152 168 30 123 2 94 123
    251 148 161 14 18 129 83 88 116 40 203 255 73 52 199 56 255 106 3
    207 154 212 82 252 152 109 24 46 230 199 108 108 0 213 218 123 94
    140 15 75 201 126 32 5 179 84 141 248 203 71 76 162 235 195 185 26
    94 150 144 167 35 16 183 175 163 185 126 43 8 35 63 246 41 255 40
    146 87 245 39 2 57 34 149 191 145 159 45 206 162 55 244 40 231 17
    219 115 221 193 10 150 181 242 31 67 146 12 38 158 168 133 94 173 73
    53 21 145 170 206 132 91 156 72 162 7 100 123 142 101 35 152 75 86
    65 167 225 85 233 68 44 19 227 169 255 222 239 13 36 94 26 220 219
    108 207 227 100 252 135 228 138 225 111 93 198 127 41 249 232 20 94
    100 115 110 120 36 187 199 11 247 12 209 21 167 110 99 54 248 210
    237 171 100 240 165 15 83 6 199 119 3 249 209 170 143 89 99 131 147
    129 90 197 200 175 58 128 246 192 221 117 243 69 43 165 152 182 214
    64 64 187 146 96 80 31 197 215 254 55 37 59 62 205 217 92 181 177
    125 166 107 236 54 138 173 154 90 27 199 95 245 73 127 62 31 60 190
    146 92 31 234 92 108 109 54 145 41 218 30 160 45 15 122 36 164 135
    251 143 66 255 2 74 149 208 177 89 121 255 11 57 64 61 5 76 3 228
    245 72 39 247 60 63 38 2 79 237 97 127 151 103 31 201 43 217 248 65
    146 85 81 172 217 53 44 238 13 123 13 134 178 162 69 58 87 113 111
    48 177 245 25 98 224 255 141 252 26 15 193 30 140 189 175 184 130 47
    113 144 102 27 225 189 190 237 142 146 210 217 104 73 100 120 33 3
    32 32 169 216 83 212 240 200 205 224 10 118 180 29 170 126 39 137
    229 221 42 154 110 114 215 145 115 181 60 82 202 98 68 77 109 38 85
    198 174 8 240 4 181 57 225 119 118 1 114 88 81 143 78 171 218 67 49
    37 246 121 238 9 219 212 21 20 60 125 177 205 176 55 155 177 115 28
    96 242 89 237 72 183 117 207 146 232 91 97 125 243 162 205 120 254
    178 110 57 31 87 50 159 18 218 250 95 20 170 239 118 231 39 33 236
    199 131 232 24 241 176 254 254 238 134 214 143 9 46 103 80 130 183
    135 162 44 78 58 60 197 201 241 96 19 118 91 4 55 50 235 94 186 233
    93 81 131 104 223 143 33 222 72 243 44 125 98 220 245 187 255 11 85
    17 174 204 251 66 14 247 157 253 181 148 28 156 101 161 26 13 112
    180 177 246 89 103 253 79 114 176 253 180 225 68 196 86 44 71 47 229
    80 106 86 180 95 163 107 254 188 124 163 123 135 216 154 214 45 168
    230 204 166 29 58 255 112 137 72 84 36 45 11 162 2 211 123 244 63
    247 16 234 238 130 220 129 140 139 203 4 209 93 76 92 76 220 88 182
    90 212 222 172 87 85 204 15 213 165 7 147 100 181 42 234 81 146 0
    188 253 100 157 237 128 227 197 206 126 178 160 125 2 154 210 210 36
    146 25 254 253 217 207 115 14 11 22 155 174 224 226 77 238 209 245
    56 236 79 226 206 30 161 15 28 84 92 235 162 17 46 200 149 14 184
    205 175 98 157 231 216 197 221 129 96 19 238 166 59 225 89 217 62
    149 1 119 210 177 205 223 54 40 226 239 147 34 179 226 40 175 41 244
    216 250 10 95 215 42 92 221 224 252 61 121 146 153 254 198 214 135
    213 235 197 250 128 72 19 59 48 41 120 142 182 122 184 228 178 219
    154 83 183 195 155 133 111 34 225 55 245 63 253 193 243 45 27 207
    210 34 191 12 136 46 114 52 4 187 72 116 159 115 1 196 68 65 169 36
    218 200 167 144 148 49 109 74 156 135 34 66 202 213 90 183 88 75 17
    215 213 94 69 147 197 20 91 19 157 169 225 125 40 94 208 23 28 237
    118 232 204 215 82 163 222 22 81 7 77 112 5 244 242 135 175 228 252
    149 157 161 54 251 238 39 183 95 126 185 197 232 181 26 72 161 122
    56 105 251 199 43 95 53 165 217 106 101 237 184 179 227 161 127 52
    226 193 187 213 96 157 214 206 119 21 33 157 241 250 115 71 36 245
    64 118 177 139 124 54 33 29 30 150 88 11 102 218 36 209 153 154 0 6
    136 177 69 134 141 153 170 168 150 73 243 115 217 233 110 172 126
    114 155 213 119 87 145 89 117 234 236 81 185 97 146 51 91 40 123 51
    51 88 210 235 79 57 204 220 134 243 66 33 111 216 224 196 152 121 13
    144 27 25 223 193 229 36 194 186 44 33 53 8 126 161 213 92 79 137
    195 19 5 219 51 16 251 206 30 129 2 102 186 28 32 147 110 188 14 207
    242 111 47 71 186 128 124 229 237 137 114 63 98 121 172 45 46 79 82
    136 128 70 114 96 179 190 107 211 185 65 136 160 40 228 132 170 105
    147 84 166 60 83 129 216 79 146 76 181 78 40 246 12 197 206 52 222
    85 239 18 225 150 101 176 50 115 12 89 92 237 100 191 180 245 185 97
    219 94 45 76 39 190 29 100 13 83 42 71 197 223 13 143 25 140 145 34
    131 0 189 223 7 61 87 254 214 149 177 81 89 25 47 4 241 171 195 36
    46 148 128 231 189 60 76 239 34 88 120 191 130 178 51 141 38 61 183
    25 196 32 21 67 240 244 170 211 68 117 131 105 230 230 121 126 194
    112 249 29 49 214 188 204 33 98 85 81 119 57 241 22 49 30 205 233
    210 126 254 112 97 195 98 93 254 169 219 81 161 170 98 101 178 254
    214 98 193 120 3 129 108 26 45 113 247 26 170 122 33 74 155 235 186
    209 205 238 113 229 99 157 160 45 3 158 255 102 196 57 19 215 123 47
    52 81 180 76 59 2 74 68 5 148 167 72 253 81 61 44 160 95 209 252 225
    247 110 139 194 31 186 73 247 73 129 35 190 248 238 37 161 59 183 78
    190 124 159 184 187 88 143 242 210 255 246 153 71 33 121 216 243 40
    96 218 73 132 79 5 172 159 253 14 127 25 34 155 219 132 251 155 169
    83 136 204 140 231 134 155 49 229 154 160 152 25 143 162 56 154 162
    216 22 143 104 41 22 66 232 101 58 162 50 136 222 255 206 101 251
    158 189 146 1 4 98 186 124 146 235 177 243 198 26 238 52 2 81 178
    120 23 181 28 191 243 152 218 222 236 19 208 2 103 253 3 243 158 0
    58 48 167 41 11 115 14 87 104 6 39 29 191 5 4 227 140 28 167 250 217
    92 41 237 58 127 252 70 37 49 81 208 76 105 30 190 38 189 158 131
    135 158 15 156 127 196 197 109 193 143 77 191 8 5 145 58 172 203 22
    21 241 117 198 155 125 28 31 104 62 72 13 203 245 183 174 77 97 19
    41 252 12 195 76 196 231 124 231 238 207 45 140 29 123 63 205 18 29
    41 125 255 105 79 40 170 146 55 224 118 98 208 46 28 213 174 206 223
    157 135 110 37 243 166 109 133 141 214 241 63 216 43 129 235 137 91
    42 111 185 0 36 220 85 33 3 87 12 143 103 253 49 206 177 26 3 18 121
    249 243 184 81 1 64 65 111 133 75 203 155 76 36 195 141 110 83 112
    38 84 241 48 146 158 62 47 140 143 40 181 197 27 93 228 210 106 135
    74 94 32 186 222 80 65 49 253 115 242 217 90 215 89 25 221 14 73 190
    44 91 146 136 182 119 83 183 73 168 199 186 73 14 158 85 70 116 201
    104 152 237 21 192 177 42 194 25 203 235 235 203 9 49 86 251 185 111
    74 181 45 163 93 136 114 198 162 249 84 80 100 125 41 31 187 199 158
    76 11 7 174 210 162 81 135 53 124 151 5 63 240 54 57 59 226 250 167
    178 10 74 161 215 227 185 163 97 181 175 62 153 55 165 159 46 20 101
    68 20 41 226 228 170 49 247 36 164 114 166 208 167 133 10 191 67 182
    134 254 151 134 125 133 22 45 238 31 200 236 153 68 117 59 195 88 95
    171 239 51 178 138 22 65 11 75 175 6 133 35 177 107 158 74 222 81
    214 72 218 254 5 56 191 234 17 176 127 182 207 209 229 49 174 33 7
    174 233 152 130 152 207 19 85 120 92 26 209 149 70 210 176 200 176
    242 186 88 188 135 20 191 200 20 154 68 72 91 145 218 103 169 56 57
    200 97 5 114 1 57 187 144 51 15 44 124 72 134 127 149 107 132 10 108
    124 27 236 24 131 247 34 148 125 58 125 56 147 45 236 174 19 238 205
    0 176 193 105 83 128 82 32 83 238 211 141 93 85 54 173 136 185 141
    106 100 93 184 8 190 255 64 230 163 58 167 41 49 78 154 129 253 81
    183 154 190 157 206 178 209 137 220 90 0 164 188 229 239 140 230 160
    131 143 26 135 162 115 205 97 41 89 159 45 5 150 162 111 111 117 214
    43 222 168 92 128 44 15 17 162 197 39 214 197 74 100 98 202 168 251
    174 18 59 58 193 216 99 59 180 191 175 118 143 135 227 96 119 61 152
    29 115 212 244 205 243 148 184 134 59 247 84 124 37 165 22 57 246
    218 107 241 64 194 201 141 143 153 220 71 70 220 175 249 149 44 247
    13 22 141 176 100 72 237 105 75 228 19 66 111 4 61 131 244 186 125
    152 157 68 133 117 46 244 63 175 135 135 53 173 92 217 170 67 18 208
    85 252 126 90 221 240 58 223 87 76 151 57 154 255 79 172 124 94 183
    249 206 206 79 178 80 54 241 58 24 134 6 32 63 205 188 100 227 240
    119 242 252 9 100 108 134 18 233 107 118 75 90 33 169 22 100 131 212
    248 154 66 178 50 221 163 233 111 163 27 11 86 231 41 194 201 209 8
    19 99 152 56 60 162 126 246 183 45 85 221 214 67 18 13 61 186 61 107
    167 203 30 9 159 227 12 146 155 120 128 197 60 77 110 201 52 148 118
    103 237 160 18 130 10 110 157 223 49 107 76 224 196 3 87 2 21 131
    152 100 202 29 22 133 83 239 164 38 8 211 121 25 179 175 207 239 67
    105 208 108 182 152 226 144 120 48 55 152 113 176 237 3 215 190 238
    137 87 213 216 249 99 106 35 235 143 92 43 234 85 114 178 29 65 83
    46 137 180 156 204 215 39 147 234 3 44 123 238 173 132 10 147 248
    116 141 245 177 18 97 227 9 4 178 107 81 250 56 159 140 56 101 187
    149 248 172 155 2 202 70 51 176 198 86 158 212 24 67 85 95 57 240 92
    67 23 161 0 69 140 230 77 30 96 215 144 238 252 129 245 114 109 234
    54 115 19 156 26 117 238 43 204 29 89 135 23 240 206 223 14 30 215
    165 165 121 128 121 169 4 124 214 17 21 15 170 173 165 232 240 171
    23 164 99 162 20 66 190 48 23 13 97 187 151 201 199 137 244 174 160
    62 75 218 150 137 48 179 127 83 179 196 132 195 79 74 70 28 244 123
    133 216 193 75 157 16 60 133 230 232 222 230 103 56 147 218 209 36
    202 1 153 0 134 153 21 118 218 48 197 143 61 96 192 135 219 249 40 5
    166 109 194 52 157 115 218 16 157 165 10 226 105 251 112 220 155 181
    172 191 178 17 227 245 138 76 99 239 138 54 225 52 151 247 252 44
    158 85 17 255 174 165 75 248 174 181 48 65 250 37 194 152 250 125 2
    212 110 129 120 3 249 128 107 244 28 238 183 23 13 203 44 180 158 3
    121 3 155 63 186 145 175 132 98 138 170 94 138 61 246 36 11 108 45
    220 241 43 27 141 112 111 223 34 57 237 55 58 169 101 196 161 178
    235 7 58 90 91 33 98 63 106 13 159 33 32 70 243 12 101 133 25 248
    193 37 255 71 7 68 166 174 126 93 87 234 78 177 239 171 199 191 94
    126 11 57 145 52 108 143 251 98 142 17 216 68 176 206 40 129 176 127
    152 115 29 144 229 230 20 51 238 202 54 74 226 220 184 200 156 123
    57 232 56 241 20 155 236 67 19 166 13 155 123 221 76 222 8 213 71
    168 202 235 185 94 12 149 87 243 74 7 223 9 250 255 182 9 137 46 60
    94 31 124 123 41 143 120 213 78 68 232 96 253 122 176 201 180 165
    176 218 162 252 219 197 238 202 57 189 184 17 44 254 52 176 89 76 96
    158 234 93 15 26 19 170 21 92 150 84 144 85 147 25 143 162 78 218
    160 182 237 145 137 61 251 101 58 205 213 142 41 22 226 86 74 53 0
    138 156 59 20 154 40 7 14 41 230 127 146 31 65 178 152 84 181 214
    130 79 15 65 184 52 139 199 38 40 50 25 3 135 86 212 26 67 195 251
    63 19 226 217 235 156 234 168 193 247 246 108 164 107 193 87 90 219
    52 1 88 122 35 253 104 80 134 248 62 104 104 37 133 179 165 126 89
    218 230 48 41 212 43 158 219 227 68 62 16 55 21 231 103 126 113 132
    252 137 191 211 119 149 74 237 96 215 85 250 179 139 95 224 156 210
    143 114 191 171 8 230 52 68 218 17 138 33 196 34 22 139 231 54 17
    141 245 91 160 252 145 241 233 99 242 104 55 63 179 14 49 138 192 32
    244 161 70 69 117 81 50 96 165 1 112 222 244 111 230 157 190 80 11
    13 173 246 138 106 207 186 11 64 120 89 245 241 82 31 210 215 220
    134 33 192 36 87 227 153 162 96 192 249 58 195 250 115 216 66 193
    174 37 201 5 180 94 168 148 70 154 27 159 108 3 31 59 5 9 103 95 4
    248 18 220 40 172 38 52 163 15 87 241 214 5 34 12 77 21 72 75 187
    146 196 178 205 132 113 141 176 40 152 96 47 165 38 170 17 243 159
    35 6 163 109 45 218 117 89 61 0 94 197 90 235 134 141 60 238 210 142
    76 65 96 112 236 164 54 217 163 199 246 64 158 141 151 212 111 201
    144 18 18 64 6 160 168 82 116 241 19 224 7 29 219 146 199 164 204 62
    162 5 25 123 157 170 235 11 95 25 49 38 154 251 170 204 115 103 233
    93 125 212 228 145 223 0 241 238 80 19 27 85 184 83 235 243 124 186
    96 181 57 155 241 110 220 184 96 223 88 211 253 42 190 75 234 227 33
    146 211 80 209 60 16 9 16 44 247 95 11 226 107 182 17 75 101 126 196
    47 17 190 52 22 242 45 17 176 38 249 134 89 86 170 181 124 147 213
    242 177 181 14 48 76 147 224 170 50 75 10 148 5 36 125 90 217 247
    154 50 45 60 13 118 147 104 239 82 247 251 113 105 245 210 25 205
    129 132 34 168 27 221 57 69 246 37 116 73 212 207 226 179 14 207 161
    137 74 196 70 38 139 29 89 96 207 240 58 76 233 164 204 237 97 133 7
    5 232 217 87 204 18 195 171 89 121 72 187 36 170 56 19 65 38 123 30
    191 72 61 69 158 141 22 116 131 37 172 110 197 183 10 121 55 136 73
    92 164 241 117 77 42 242 231 83 185 35 41 141 93 105 80 192 249 226
    168 42 253 172 35 200 212 196 235 112 18 202 147 40 23 55 217 84 185
    67 204 78 224 159 249 70 28 67 29 243 220 216 207 184 220 23 224 2
    84 31 86 120 168 130 240 25 169 76 245 97 102 196 248 94 131 1 195
    109 87 58 137 86 81 3 197 128 238 209 211 212 207 250 229 240 235
    190 76 104 242 198 67 78 165 135 71 15 34 37 192 199 63 173 12 62
    255 186 178 191 235 143 56 228 122 28 151 150 102 152 63 97 5 19 141
    71 27 93 102 62 225 117 8 93 81 59 204 30 111 223 16 154 249 32 63
    45 239 18 229 24 82 134 246 235 140 9 229 35 140 194 232 215 248 129
    150 21 247 237 138 25 243 246 43 166 23 136 201 196 60 242 76 6 233
    159 70 124 36 116 12 67 199 165 197 92 74 25 210 227 4 12 41 105 127
    245 39 173 99 129 186 15 132 236 152 36 124 219 44 181 194 187 162
    179 85 172 101 199 193 186 186 138 166 204 94 80 7 111 57 128 243
    199 214 160 202 43 219 112 172 184 44 61 189 254 237 46 245 130 164
    226 18 10 223 56 188 215 208 63 254 71 0 176 255 39 62 1 221 6 82
    160 40 65 115 197 107 44 2 173 13 168 16 239 1 137 155 98 109 17 33
    151 104 236 121 242 140 232 84 31 77 96 213 212 78 141 232 61 48 23
    80 126 242 20 241 88 126 68 143 198 243 248 86 106 235 166 4 54 229
    251 174 11 177 71 252 41 133 168 119 91 249 206 73 82 208 241 229 65
    161 194 122 209 160 240 149 197 12 17 108 182 234 123 94 124 211 48
    24 69 167 212 90 242 129 110 226 247 40 52 87 84 61 61 204 138 0 88
    117 227 72 169 53 114 240 115 217 123 194 154 36 101 82 100 30 153
    67 34 62 62 133 154 165 96 194 18 80 236 105 29 216 29 103 214 207
    151 63 245 81 246 10 224 194 70 112 1 147 225 191 172 122 200 76 224
    87 171 17 162 72 66 222 117 217 173 49 59 252 52 223 248 98 78 160
    109 94 208 6 114 120 238 72 216 85 142 44 5 246 162 111 159 118 241
    239 213 161 176 101 124 5 148 91 110 117 7 174 119 50 148 125 146 78
    89 147 165 48 148 138 139 181 23 24 163 183 184 247 100 36 181 76 25
    96 250 208 124 229 122 37 103 54 182 97 21 75 217 151 42 196 113 39
    153 1 228 18 69 53 109 172 169 82 42 254 201 18 106 2 173 101 87 107
    255 58 166 157 126 41 39 102 249 106 117 1 21 180 74 101 233 67 36
    131 32 53 62 246 178 13 5 63 254 154 21 40 209 199 102 93 35 124 151
    48 94 20 28 74 2 238 57 3 100 159 169 81 251 208 0 230 140 197 206
    49 26 153 246 4 140 173 137 156 100 10 194 181 120 54 1 42 211 131
    229 115 143 82 154 74 156 144 136 225 233 242 253 157 13 188 230 186
    114 129 36 0 184 241 199 31 161 255 180 76 244 207 93 253 99 209 131
    4 110 20 46 140 84 39 38 231 164 94 78 94 82 80 43 8 169 30 98 161
    59 137 51 139 150 48 25 232 86 76 172 154 107 28 124 166 95 179 40
    188 49 51 199 228 125 247 24 192 1 161 75 6 66 109 190 207 153 157 9
    155 13 61 109 144 135 29 107 23 45 242 224 238 200 109 57 154 49 178
    143 231 16 187 34 133 50 9 47 11 58 78 205 212 19 210 99 48 96 34 44
    103 140 38 145 189 139 242 19 10 213 199 155 43 24 255 141 129 187
    244 99 42 126 131 50 47 1 49 240 245 28 236 88 179 210 161 41 142 52
    21 205 151 10 120 221 94 33 209 188 39 200 247 92 93 63 199 52 122
    127 83 39 154 63 195 149 69 170 65 88 76 144 158 39 57 126 72 86 93
    100 23 214 33 122 72 135 25 119 128 97 143 173 150 218 115 112 190
    107 70 245 49 195 56 209 130 134 155 142 21 82 248 139 146 77 230
    148 123 181 167 239 59 161 100 153 26 236 50 166 81 190 112 14 184
    61 26 25 228 92 45 159 221 111 37 151 93 49 119 155 176 149 51 251
    44 223 248 175 155 231 114 157 148 167 215 103 87 20 85 170 252 16
    76 60 98 182 186 184 84 164 105 120 97 133 123 18 145 224 10 189 108
    21 224 100 148 242 238 53 181 196 98 247 188 131 197 208 234 200 209
    4 35 96 237 60 127 182 188 194 20 73 72 194 90 159 216 163 67 41 162
    79 176 241 169 128 144 80 163 6 92 83 189 58 102 176 181 44 14 74 96
    116 113 99 51 189 223 173 31 165 227 168 211 60 252 244 144 82 19 33
    103 237 175 130 143 3 26 120 108 58 80 167 136 252 196 4 98 155 17
    229 202 250 132 243 94 176 5 54 144 92 180 178 200 48 170 54 1 57 6
    98 84 5 139 112 245 253 55 55 124 53 211 19 2 245 254 242 137 220
    108 101 116 192 227 248 52 243 56 235 206 222 108 97 171 199 53 49 2
    133 223 225 199 64 97 30 4 243 218 95 153 198 249 53 93 196 41 40 96
    248 203 87 203 59 151 149 180 44 32 8 12 231 230 179 214 216 51 214
    155 117 255 197 190 204 81 111 210 249 33 46 191 198 144 71 175 246
    64 230 175 72 102 160 224 117 115 28 100 8 195 96 133 229 15 64 193
    75 241 87 149 219 86 154 156 186 65 85 230 249 201 97 236 125 206
    143 216 15 171 116 224 203 106 103 85 49 70 244 29 221 5 144 179 85
    192 83 92 233 93 177 89 193 196 29 70 221 90 185 250 176 54 194 49
    131 215 45 245 36 139 159 111 81 121 167 26 104 66 162 141 29 167
    117 121 48 0 180 255 181 158 178 154 121 226 218 124 72 251 235 15
    97 158 47 241 115 63 107 215 242 204 232 210 167 211 204 244 243 152
    120 112 165 252 11 1 207 90 215 30 49 120 124 94 208 231 78 253 190
    119 138 80 104 80 28 47 77 113 229 161 24 76 105 181 203 156 112 101
    190 141 232 112 70 57 6 172 245 140 27 118 35 224 177 243 100 57 197
    209 23 146 210 98 48 154 204 81 116 11 67 35 230 196 234 206 56 81
    28 70 194 126 242 181 90 196 56 72 97 113 188 248 234 208 28 188 148
    203 180 136 9 174 160 113 243 69 92 164 151 127 164 39 245 118 79
    119 254 144 215 40 224 105 178 39 16 180 164 193 116 227 127 56 106
    63 72 191 209 89 56 235 96 175 219 70 161 206 31 198 169 178 123 32
    64 52 163 138 150 170 212 130 70 26 161 43 241 130 140 199 100 47
    190 253 136 13 223 192 49 49 121 213 136 181 216 130 97 242 36 38
    154 80 238 227 171 240 93 59 151 213 217 100 34 113 214 63 222 144
    74 149 189 14 121 159 212 221 181 84 12 105 180 53 229 230 196 169
    226 165 106 165 164 169 143 27 89 82 251 225 213 161 74 155 94 29 14
    244 228 63 161 222 63 197 199 147 43 103 121 113 25 199 134 252 178
    38 115 161 177 112 37 193 51 97 41 214 25 157 13 109 45 235 28 55
    125 199 230 55 38 203 93 211 40 10 201 139 55 16 151 65 139 69 66
    200 176 13 75 120 7 98 187 89 139 7 154 84 57 203 39 185 43 37 54 44
    250 121 158 43 52 216 193 92 18 225 70 85 189 129 47 235 218 239 59
    231 224 237 206 80 81 60 110 152 203 38 237 51 118 141 9 133 164 193
    120 54 68 46 248 219 9 147 36 9 89 29 208 60 117 66 63 85 190 130
    239 184 89 249 86 104 159 249 15 254 137 84 119 245 100 170 111 56
    34 181 229 31 182 95 29 206 115 140 225 101 46 115 76 244 199 3 165
    102 174 167 199 117 199 28 0 7 234 168 81 160 193 238 226 31 75 196
    39 86 104 104 215 211 86 39 238 88 120 236 26 94 207 95 68 222 50 45
    235 150 149 95 129 62 222 140 8 233 73 41 14 96 147 211 117 253 98
    157 190 77 216 242 53 97 228 236 144 247 11 194 165 65 92 135 74 3
    196 178 142 162 102 203 33 106 43 225 182 178 25 113 184 44 65 128
    101 205 203 229 236 249 157 170 64 92 188 193 127 163 59 194 162 241
    173 166 137 244 116 234 185 79 123 234 155 2 136 146 89 143 216 1 42
    15 228 222 132 21 230 83 51 2 239 68 235 121 24 99 204 63 200 65 112
    161 202 181 232 229 178 240 166 2 71 154 90 52 15 221 62 215 151 43
    74 208 50 189 157 232 168 166 238 223 168 226 175 174 96 118 4 56 49
    100 249 180 92 14 222 217 10 140 92 186 60 102 128 11 226 254 8 24
    235 150 176 31 156 112 102 106 3 165 171 186 148 48 111 150 24 162
    145 233 143 147 40 39 209 250 85 243 63 160 194 24 189 42 11 159 25
    111 124 60 168 52 52 165 54 140 102 148 225 214 183 229 68 126 142
    122 239 51 228 181 35 215 168 33 53 12 202 37 15 223 75 22 193 154
    143 199 236 179 146 119 174 210 231 15 118 62 77 34 233 150 162 244
    227 82 80 107 183 26 72 124 187 50 63 0 3 236 159 143 233 169 126
    113 168 58 69 126 62 17 202 81 34 251 67 31 103 246 115 143 34 14
    124 252 16 143 201 203 134 120 249 145 69 63 242 107 82 249 118 221
    223 218 235 220 50 225 125 146 127 81 138 24 198 131 58 23 56 202
    196 222 58 254 49 232 198 40 144 255 38 22 74 117 85 126 162 118 99
    158 219 89 35 67 60 198 157 41 17 209 177 205 161 227 85 224 40 88
    120 190 1 170 45 70 191 197 121 237 138 51 73 84 204 37 9 223 133 38
    233 126 89 6 4 74 69 244 148 181 120 115 9 239 58 45 163 88 238 137
    239 201 143 115 56 93 71 222 231 52 174 232 226 145 168 25 248 120
    64 233 108 73 54 41 131 216 71 46 141 233 188 239 214 181 70 170 217
    58 57 247 232 224 131 34 205 40 245 97 178 44 70 102 181 85 210 240
    52 166 20 146 253 253 103 225 125 239 51 44 187 63 252 177 49 16 98
    130 150 4 191 36 31 120 149 61 225 211 141 240 195 85 145 150 215
    183 25 2 128 102 4 31 61 240 88 37 195 234 119 47 175 252 172 12 35
    120 146 73 161 242 21 9 46 217 166 204 194 200 162 143 52 44 49 174
    37 25 25 158 194 14 186 146 71 15 7 218 159 160 240 87 25 150 17 224
    209 105 41 11 150 121 65 207 225 163 80 177 222 40 224 49 224 120 35
    109 205 217 158 234 14 44 183 51 103 29 39 38 202 59 101 212 194 202
    200 253 148 154 245 51 205 160 228 98 77 90 243 163 78 70 70 180 215
    64 29 180 139 100 241 68 32 158 45 32 187 120 169 18 42 49 136 65
    134 245 195 21 187 146 32 29 205 69 36 21 112 197 26 188 25 102 118
    222 154 42 171 136 32 0 201 11 133 9 78 189 87 113 227 205 15 139
    178 227 2 140 24 121 210 149 101 122 186 211 3 213 193 234 125 142 0
    66 195 206 136 215 83 94 75 93 152 174 218 57 245 182 239 101 232 16
    131 69 187 215 153 178 212 236 220 250 57 126 148 145 19 28 232 87
    227 87 197 15 50 215 205 204 194 210 219 14 240 95 111 43 101 49 236
    238 24 163 77 214 88 159 178 175 115 135 17 55 202 78 190 85 186 207
    3 59 153 162 102 105 251 210 196 67 91 213 65 61 153 250 48 197 144
    230 224 195 187 247 154 156 202 93 210 232 154 174 15 207 183 208
    205 48 67 98 148 237 87 55 156 239 4 97 76 146 233 255 214 232 123
    81 146 125 181 174 72 148 152 168 182 182 112 126 136 19 87 113 248
    218 8 35 227 224 246 91 186 210 114 114 117 24 238 68 63 198 136 144
    106 212 90 158 196 147 239 209 12 197 75 176 203 104 177 25 172 166
    94 185 214 64 101 149 212 225 114 246 206 226 220 145 111 214 4 110
    216 102 224 5 237 121 97 252 98 66 251 44 146 105 87 39 64 33 202
    237 128 120 167 201 242 229 58 50 107 188 83 135 222 59 45 226 41
    209 199 162 59 217 27 174 20 46 119 205 111 159 59 125 203 123 139
    126 129 27 184 122 63 107 73 53 228 74 217 92 124 106 59 42 202 154
    13 79 2 46 14 74 246 82 127 239 81 114 104 154 133 111 119 238 97 52
    65 96 121 78 235 188 193 219 167 69 142 243 59 102 177 73 5 241 41
    184 102 115 137 217 10 47 175 143 43 185 113 114 243 37 247 55 35
    246 27 241 154 110 41 236 158 169 24 145 225 86 115 231 79 57 45 139
    45 213 207 111 64 0 152 82 107 200 53 126 200 232 7 5 8 202 239 196
    182 228 87 233 6 96 164 114 180 254 78 95 220 46 13 195 166 8 51 188
    149 153 85 196 145 168 231 159 120 50 79 135 220 99 52 48 83 52 4 91
    134 212 145 165 43 187 30 82 129 53 184 111 177 20 68 12 77 95 142
    202 141 125 66 16 59 130 69 155 150 87 93 54 50 54 0 173 206 86 253
    209 135 24 236 192 243 148 70 181 238 75 133 234 76 161 233 164 15
    228 159 255 35 223 12 25 139 112 74 190 116 210 237 170 126 79 192
    136 116 139 3 252 197 119 57 109 41 178 108 195 7 136 38 165 56 181
    86 89 87 244 101 126 219 78 132 29 64 214 32 92 223 153 130 34 253
    222 210 25 112 157 50 168 71 35 119 124 209 131 223 8 208 52 214 41
    67 58 149 0 174 14 107 34 48 146 62 236 193 129 42 8 244 208 108 141
    218 184 5 111 110 245 127 195 187 40 164 128 48 70 195 109 128 47 84
    16 132 180 152 76 53 178 23 104 40 91 41 184 77 194 166 195 189 7 48
    61 88 98 27 180 109 141 23 79 242 204 22 71 219 253 101 196 53 76
    252 2 19 232 209 134 208 144 132 248 194 210 26 159 162 54 73 85 168
    41 36 161 128 163 145 154 152 209 173 52 248 83 35 177 227 157 247
    177 111 9 94 36 20 61 55 80 34 57 247 9 32 193 231 75 75 226 70 39
    107 38 88 148 10 70 184 36 177 186 152 46 82 89 84 111 172 177 51
    144 19 188 3 101 95 122 99 160 232 37 139 67 36 72 184 34 129 67 116
    129 181 164 15 187 40 29 98 185 87 20 89 209 130 99 134 157 178 74
    187 87 94 242 194 69 17 251 140 39 108 130 110 149 111 58 175 113
    176 67 170 174 150 155 97 65 232 70 69 144 26 60 159 223 145 60 195
    214 150 17 149 28 171 1 204 55 118 174 105 63 4 229 189 205 180 146
    117 242 55 62 34 50 1 162 12 182 34 77 1 6 207 121 200 88 116 142
    179 134 55 158 190 119 115 191 201 30 0 67 86 50 7 175 34 238 225
    146 147 194 2 80 220 175 246 9 185 110 95 126 39 80 188 88 41 244
    126 70 236 202 132 253 67 162 25 22 245 169 20 147 159 176 65 253
    215 210 159 89 165 185 70 111 180 20 18 145 84 124 234 140 233 198
    150 180 196 236 204 144 82 211 235 186 5 87 135 125 67 18 110 53 202
    208 147 135 87 34 10 187 125 192 142 120 1 253 38 22 73 105 132 161
    29 153 85 58 51 118 81 196 244 180 2 227 8 244 128 144 26 117 131 45
    16 85 242 42 7 33 111 255 237 99 123 6 108 117 124 31 230 125 34 232
    139 58 43 82 176 238 163 222 4 156 179 164 220 147 59 1 168 161 92
    57 241 77 172 153 1 47 206 128 102 49 127 226 23 2 20 126 174 70 227
    80 134 166 74 124 238 134 186 210 18 103 144 154 216 220 70 123 159
    81 54 103 73 217 91 159 56 229 170 83 240 11 162 158 219 140 36 158
    94 116 159 187 77 118 183 74 145 83 206 72 83 145 131 243 35 174 93
    214 188 22 193 72 7 108 121 11 247 254 202 11 159 242 112 8 186 137
    205 202 93 209 63 133 24 121 1 69 4 212 1 210 134 87 246 56 82 2 24
    163 167 140 64 225 198 183 42 198 5 14 229 38 104 238 195 36 16 15
    41 198 5 176 4 247 141 166 164 95 191 188 19 237 84 108 131 188 180
    137 152 30 64 251 79 41 71 233 180 125 214 71 208 55 128 242 122 49
    113 144 52 94 188 178 179 53 167 238 193 14 172 72 10 74 89 225 36
    111 13 132 73 143 227 110 234 137 81 208 217 200 162 183 189 85 113
    143 15 155 43 82 8 43 117 78 12 93 222 6 88 53 180 20 245 58 252 230
    154 192 5 127 144 158 152 165 196 231 228 125 227 179 98 250 109 188
    93 154 174 32 40 49 32 152 183 160 205 92 139 230 188 141 161 240
    187 84 243 192 118 182 162 142 57 67 16 113 54 157 249 1 250 197 121
    9 66 183 193 96 0 255 221 195 162 148 28 159 196 2 102 134 60 253
    148 219 31 50 216 37 38 166 99 72 227 254 49 53 90 51 149 81 82 106
    107 233 58 154 154 145 0 79 78 128 201 232 205 73 75 116 243 0 171
    75 130 189 158 42 91 18 219 233 177 61 97 176 20 253 252 7 183 126
    182 120 171 199 233 200 11 156 124 129 30 146 191 16 26 22 240 63 49
    166 144 8 37 219 250 225 90 30 245 164 248 245 152 191 59 209 22 11
    91 156 30 161 39 38 207 206 219 30 175 247 128 199 54 238 207 68 249
    133 254 201 73 255 193 196 107 201 36 4 90 230 117 91 76 119 218 14
    133 233 15 101 70 223 15 120 248 58 49 248 86 80 47 243 158 138 193
    209 185 144 222 34 75 160 151 15 101 130 46 123 147 230 55 202 41
    105 250 33 246 47 162 135 65 1 95 67 99 227 183 41 135 226 207 220
    242 134 102 180 45 194 181 232 142 120 249 128 118 82 249 159 176
    118 188 194 1 215 179 205 188 147 65 51 120 160 110 159 198 228 156
    241 23 39 238 211 155 60 96 49 134 126 218 4 188 55 82 210 143 191
    188 222 45 130 152 41 244 124 93 19 68 72 91 49 52 123 6 246 152 146
    142 255 16 180 61 96 152 157 204 102 203 138 171 138 185 153 4 245
    139 16 160 236 69 134 116 204 168 148 234 212 105 72 66 36 55 103
    230 100 163 125 156 220 23 33 168 87 120 105 244 179 8 27 222 21 65
    123 154 212 216 135 230 109 27 34 220 237 231 79 1 99 66 154 116 184
    156 85 117 146 150 77 243 252 84 248 113 238 45 132 114 213 159 3
    227 165 4 107 97 0 182 184 9 135 231 16 248 205 152 216 5 110 11 142
    32 228 66 181 153 135 115 160 143 37 96 56 116 106 16 196 99 30 6
    203 226 235 122 108 81 207 131 135 229 92 115 42 166 110 50 125 74
    201 198 152 237 85 57 138 72 105 241 227 163 185 230 113 244 151 244
    32 55 3 209 19 76 129 230 204 47 212 236 169 22 128 145 191 111 3
    105 58 87 114 131 254 42 78 103 106 56 167 103 254 127 156 173 211
    226 161 65 234 13 82 13 28 29 209 156 235 192 59 85 130 210 214 41
    166 124 113 198 119 136 15 73 26 109 25 122 78 116 110 234 59 146
    227 132 218 147 74 58 152 113 154 49 19 230 228 22 252 59 177 160
    234 53 86 202 8 21 161 206 9 136 154 14 79 1 59 79 141 235 105 210
    242 129 194 10 29 95 114 218 12 6 210 77 68 195 83 51 79 167 251 158
    184 240 190 109 180 182 255 55 173 228 92 212 88 108 240 76 252 213
    224 178 188 197 40 3 45 135 201 90 146 246 72 90 95 205 43 52 118
    204 15 228 134 248 80 216 108 77 103 153 151 202 81 112 172 93 117
    188 143 56 14 218 31 223 94 46 221 120 18 68 18 147 208 208 171 116
    118 180 68 114 81 4 166 50 26 88 229 36 166 221 138 49 140 42 197 34
    136 152 166 227 128 42 174 188 213 234 126 11 90 252 39 97 177 117
    114 151 206 214 193 250 209 111 50 193 248 15 207 252 42 58 164 220
    223 179 101 22 214 253 94 86 78 190 65 249 189 1 29 226 89 144 6 132
    199 36 63 75 78 113 176 176 83 100 223 221 200 177 73 210 208 162 0
    14 216 65 24 40 189 47 37 116 166 97 78 233 208 202 77 181 69 15 230
    117 117 136 175 220 151 163 191 223 170 121 233 57 216 139 250 6 42
    131 46 12 121 207 164 116 243 248 66 157 42 61 205 39 34 115 129 66
    125 83 139 20 1 121 251 146 39 44 201 208 126 208 15 40 250 115 183
    215 34 115 99 64 72 199 245 15 188 233 210 180 14 226 94 85 214 86
    235 231 186 52 57 19 7 102 75 234 222 222 195 69 181 156 171 68 43
    36 128 56 74 75 42 148 82 175 196 146 222 55 87 240 178 233 247 123
    133 247 236 146 143 246 235 154 135 223 59 17 34 227 59 52 70 74 65
    25 183 235 38 134 240 122 51 173 51 137 180 239 195 214 157 1 178 11
    167 196 121 153 107 154 62 78 7 96 82 129 139 122 243 157 194 92 131
    161 81 160 233 120 214 213 173 154 240 95 102 169 38 67 40 231 39
    112 41 148 233 179 190 17 69 246 9 255 199 112 208 84 119 41 11 108
    3 145 0 88 213 99 156 168 252 155 120 79 70 204 141 229 69 145 211
    47 74 144 6 38 49 13 165 102 5 61 123 178 77 160 45 225 127 158 204
    40 153 66 230 156 169 24 247 239 123 59 237 79 87 174 60 145 83 16
    181 160 65 123 166 69 22 38 1 3 46 133 186 130 35 217 5 150 220 19
    149 245 108 170 31 211 39 166 221 252 23 134 61 16 60 119 32 170 171
    123 228 186 254 136 206 100 66 50 201 74 30 135 74 106 78 78 17 146
    103 189 57 162 166 41 126 156 240 236 50 148 80 9 111 226 134 84 86
    35 47 193 156 60 163 26 170 49 138 240 213 105 69 217 127 240 79 161
    160 140 18 65 80 192 232 238 24 136 64 106 242 58 187 192 72 182 178
    71 142 16 22 64 218 112 188 241 198 244 203 132 244 137 196 6 58 54
    217 24 229 158 74 135 139 87 208 46 16 246 100 28 209 56 111 98 94
    225 72 106 42 70 150 59 5 231 103 204 51 74 105 22 113 227 146 8 225
    33 60 170 150 193 34 62 86 249 54 119 125 13 253 210 19 164 119 247
    181 36 102 132 51 155 179 252 233 132 249 136 80 3 244 116 214 139
    14 201 221 144 184 165 118 255 149 90 123 113 100 90 62 189 235 204
    11 14 78 37 13 234 230 135 193 5 232 240 173 53 146 9 162 107 167
    161 3 221 79 133 32 2 22 0 150 213 212 138 94 177 232 154 171 214
    112 70 179 74 185 117 249 228 123 79 60 227 210 7 103 200 244 52 21
    229 254 219 175 80 17 22 153 58 71 199 240 177 126 13 196 27 17 145
    111 245 185 10 145 1 43 208 87 240 94 168 8 61 237 129 165 35 28 58
    56 50 123 66 32 68 93 17 240 215 84 195 10 230 184 37 7 105 15 4 57
    69 133 227 85 174 240 177 50 31 94 34 233 197 152 135 200 134 43 238
    151 46 136 145 82 90 116 255 39 51 199 48 124 12 225 70 75 126 111
    46 212 128 98 239 7 134 222 178 237 163 97 182 15 234 251 126 250
    176 231 51 162 19 39 217 223 183 81 143 91 11 193 77 61 73 78 47 249
    182 202 136 62 254 211 41 124 40 130 195 126 66 209 55 207 210 123
    69 152 211 109 56 131 52 231 66 245 19 76 17 57 18 220 154 249 188
    113 236 114 54 248 135 252 240 22 8 71 253 244 33 1 148 213 53 212
    232 192 55 12 80 243 167 16 116 122 48 6 4 120 242 143 27 187 222
    210 173 72 74 30 105 185 16 48 130 79 145 206 103 123 6 243 184 145
    162 238 89 77 166 56 249 3 184 174 128 148 239 101 186 211 182 214
    133 136 164 196 93 11 42 144 116 125 156 134 169 47 249 145 185 37
    74 6 50 143 144 249 45 81 109 90 154 104 190 82 139 238 121 35 162 4
    117 54 38 188 161 151 214 227 60 202 23 226 48 103 215 201 29 159 96
    239 49 20 44 187 113 156 183 179 60 219 251 179 156 35 169 47 23 69
    77 215 117 63 157 193 207 227 65 38 42 57 93 77 89 199 46 249 185
    171 215 100 66 68 255 195 6 23 102 125 1 10 110 153 251 185 3 116
    239 235 158 122 78 250 195 71 40 66 142 55 10 173 147 124 251 49 5
    117 249 236 26 130 178 142 114 121 123 181 160 23 56 180 127 89 176
    59 96 146 131 68 241 117 64 206 25 59 224 188 227 125 197 162 95 177
    106 85 61 74 251 228 131 255 93 207 118 198 196 26 127 202 143 20 1
    71 35 96 140 140 5 235 32 156 63 231 177 10 164 241 71 191 88 218
    252 172 59 158 117 63 250 199 13 183 140 37 239 30 104 72 211 63 66
    97 216 226 104 206 50 167 74 17 96 149 9 233 200 143 136 162 8 242
    34 45 23 22 139 52 110 201 103 186 64 40 249 191 74 5 207 118 120
    186 128 106 185 168 225 135 192 53 222 183 13 154 123 219 101 214
    230 146 131 132 158 113 116 213 32 208 222 228 141 41 14 34 130 171
    66 126 254 31 242 252 82 83 198 237 163 39 111 226 225 149 91 100 37
    157 124 12 2 5 16 147 207 199 41 40 198 201 115 252 30 223 57 66 205
    254 187 228 4 177 140 47 192 55 190 145 1 127 89 39 62 181 47 236
    180 127 94 125 185 75 104 35 179 22 117 11 183 233 188 218 98 42 232
    112 90 185 176 99 100 233 55 119 134 172 184 247 54 62 132 208 134
    141 187 216 183 22 60 109 65 3 86 50 152 133 138 105 187 201 74 2
    165 133 76 54 42 12 128 116 242 74 178 244 209 103 121 212 79 48 156
    49 189 168 67 144 208 69 132 155 13 110 63 116 219 248 10 86 192 164
    73 113 145 158 70 198 55 169 158 249 216 98 113 200 251 230 222 50 3
    144 44 242 106 81 128 59 79 78 108 150 142 166 167 201 65 150 197
    212 41 89 94 110 26 111 149 67 79 31 58 96 163 69 91 186 58 227 235
    251 72 222 18 224 115 107 181 116 41 110 58 106 126 206 37 4 30 179
    89 16 31 64 45 124 33 112 12 57 149 185 98 18 148 11 157 32 249 224
    220 76 53 75 136 32 27 113 252 30 10 243 202 242 18 150 108 149 5
    140 37 30 28 152 190 144 164 155 100 8 170 250 214 245 108 19 79 37
    16 168 146 95 86 152 214 114 60 242 34 163 40 253 42 15 241 154 158
    226 27 167 33 216 219 186 86 152 86 27 33 115 168 16 193 234 187 50
    248 29 198 116 250 174 142 254 186 90 0 208 94 186 184 189 31 122 31
    144 157 176 15 155 241 202 78 58 92 184 59 191 36 140 207 71 175 153
    154 39 117 133 44 245 209 8 140 33 66 1 16 8 144 137 226 224 230 143
    77 198 255 180 90 209 43 236 150 148 86 144 210 188 51 46 114 51 159
    81 160 169 8 7 216 239 117 173 157 8 86 175 156 64 137 253 113 156
    195 171 222 140 206 72 209 97 189 25 161 196 66 15 157 199 58 223
    243 248 236 185 177 233 204 107 85 46 59 35 216 225 174 106 132 104
    125 194 64 246 64 24 219 3 30 104 123 199 19 223 52 55 38 1 115 169
    245 160 210 101 138 102 21 7 140 161 48 220 207 239 177 208 188 12
    39 88 48 64 23 152 237 185 6 144 0 25 249 38 126 39 16 141 133 59
    180 175 0 86 148 150 253 118 111 19 245 120 166 207 202 67 107 172
    94 115 122 95 114 118 186 48 74 250 186 245 95 24 143 95 66 171 174
    7 96 127 245 74 157 54 236 61 241 59 172 149 104 180 67 232 107 45
    37 248 119 64 148 200 204 254 162 64 129 32 156 165 254 15 24 15 231
    26 58 133 71 110 40 34 173 10 228 100 193 241 187 122 8 250 41 82 63
    82 81 48 204 149 41 235 89 124 156 240 205 201 36 160 17 85 64 166
    43 48 227 97 61 255 76 210 211 226 165 68 208 30 14 219 62 87 57 92
    126 77 168 35 59 35 251 245 150 16 136 176 244 217 44 215 97 101 69
    110 55 51 114 224 25 205 187 59 135 226 115 128 74 199 70 150 141
    120 155 117 32 3 30 140 203 58 77 75 141 145 149 118 154 172 217 43
    180 141 36 1 198 223 11 152 114 1 214 106 250 74 106 77 42 97 69 44
    98 45 177 115 40 216 132 79 227 50 208 220 185 39 201 222 47 118 223
    82 3 211 9 29 170 102 22 21 182 117 146 140 60 231 122 125 205 236
    77 254 206 168 191 105 2 183 16 81 176 198 118 1 164 22 102 177 174
    187 133 220 123 113 166 192 216 39 128 207 221 7 99 115 12 77 131
    158 25 40 197 253 64 174 18 216 10 99 243 129 99 85 204 19 252 147
    97 52 130 21 65 102 183 156 165 151 143 66 68 52 212 226 166 236 199
    233 23 45 35 91 204 55 44 109 145 182 226 16 214 18 2 37 140 77 103
    66 139 87 93 100 170 176 25 120 63 235 123 43 100 45 200 255 30 66
    38 157 92 112 123 60 220 240 77 120 56 11 251 119 62 99 150 60 125
    194 219 118 121 160 79 208 51 98 52 23 163 70 147 134 94 73 175 150
    104 54 218 76 146 118 71 25 216 131 25 136 171 43 167 249 85 64 122
    81 89 37 170 148 104 123 0 83 161 173 127 28 18 16 62 128 90 85 180
    130 248 3 143 133 81 31 230 62 224 41 140 33 14 196 201 14 150 41
    173 138 41 193 25 252 38 125 69 150 122 244 237 78 62 65 149 6 91
    150 219 100 9 73 128 10 17 8 70 24 13 196 56 134 242 137 197 32 70
    51 198 144 169 141 147 219 14 190 134 196 10 38 34 243 178 139 20
    127 69 147 102 165 63 206 43 178 92 190 93 80 27 145 177 9 161 210
    160 55 79 232 193 52 59 50 204 245 123 176 20 73 207 34 174 95 107
    140 18 116 197 63 36 72 50 98 29 208 143 38 98 94 117 205 191 115
    152 185 67 245 244 127 17 34 225 177 12 228 59 89 177 176 249 16 25
    119 44 131 41 105 104 233 170 132 9 151 130 221 217 204 95 139 160
    70 42 246 49 243 125 223 248 90 188 175 189 207 74 48 218 47 47 179
    219 154 211 100 216 209 205 182 137 175 30 2 3 125 16 143 138 75 200
    164 230 182 186 182 52 237 106 202 219 127 230 178 248 99 161 131
    124 103 122 21 85 239 245 67 1 30 232 21 181 162 209 58 188 163 229
    213 79 191 151 205 247 114 197 34 221 235 82 17 13 145 142 3 28 80
    169 160 18 243 238 154 33 66 143 82 130 48 136 116 86 100 33 104 243
    246 69 109 50 192 2 230 173 173 179 50 156 77 205 171 45 250 150 133
    238 153 81 106 126 99 212 168 65 253 224 173 129 149 112 187 4 189
    146 71 54 104 147 164 5 212 192 169 24 196 88 216 117 198 209 237 20
    143 135 106 171 109 42 18 221 28 116 42 88 49 179 211 101 244 231 30
    191 157 183 178 66 98 38 245 184 125 11 55 170 243 18 182 142 5 47
    77 179 146 125 209 206 157 136 139 28 89 52 121 146 52 180 143 205
    60 213 34 225 206 164 236 164 74 151 253 237 150 156 141 232 230 183
    200 152 127 229 17 138 158 90 220 102 81 42 108 30 249 233 68 74 28
    192 243 118 114 123 185 151 144 126 99 236 142 226 101 238 23 174
    196 236 173 108 216 85 105 78 167 72 219 149 241 224 203 156 188 133
    148 92 23 210 89 230 62 242 4 142 61 226 128 2 56 98 65 63 11 248
    190 47 36 242 109 167 42 52 24 180 11 63 208 141 152 193 220 236 31
    50 106 13 184 115 217 218 17 224 136 107 242 43 103 146 206 134 219
    70 166 32 95 244 131 174 231 114 178 35 191 220 123 31 128 50 211
    158 130 66 207 108 107 203 210 78 182 12 191 185 138 154 154 224 148
    121 226 251 110 94 22 145 66 254 183 18 178 12 115 241 201 53 92 142
    223 17 1 23 150 131 225 71 86 225 234 204 35 83 47 224 189 15 83 51
    77 15 61 241 141 140 5 151 175 230 51 36 202 116 192 91 37 236 127
    147 113 177 101 137 185 19 111 99 78 217 186 110 245 224 243 255 231
    245 48 111 253 145 14 139 43 129 28 130 125 56 126 19 94 96 181 15 0
    56 99 155 17 201 195 71 114 5 69 14 47 188 114 76 158 236 168 64 73
    108 30 111 169 29 187 183 250 127 31 250 160 112 105 84 191 184 152
    188 44 32 69 62 61 235 218 107 167 41 235 23 3 254 250 80 152 209
    247 187 27 43 171 80 206 189 70 210 35 223 21 38 0 217 170 143 72 24
    134 58 168 223 169 105 186 25 57 213 157 169 106 84 153 115 41 48 51
    234 213 229 207 243 45 237 134 182 229 111 126 49 136 213 144 230
    249 172 178 128 109 114 187 200 150 148 50 146 127 26 1 233 233 88
    80 162 47 87 207 228 137 155 199 184 91 146 138 69 215 7 151 45 48
    233 70 169 70 69 248 23 147 98 221 114 57 37 48 219 163 103 176 254
    18 255 161 104 12 225 95 232 234 69 49 143 166 164 226 107 189 208
    59 188 102 132 48 91 190 43 187 110 231 195 105 225 76 185 29 30 252
    230 27 192 81 186 162 96 30 51 162 192 25 43 50 66 240 45 148 138 21
    153 206 197 102 246 209 41 167 48 104 7 19 61 137 126 97 128 214 122
    174 206 153 202 121 147 223 72 46 184 1 150 224 157 71 176 161 153
    112 0 14 74 95 1 66 127 59 177 76 37 28 49 117 94 23 71 161 92 219
    150 12 31 243 193 140 182 190 110 105 209 146 92 185 245 242 16 10
    75 208 168 200 92 13 93 19 141 82 6 234 215 176 165 145 118 31 181
    115 12 112 132 43 73 33 169 141 211 154 164 3 234 144 153 215 11 132
    40 44 4 144 108 92 33 91 189 19 71 96 98 190 74 139 176 7 6 128 151
    66 152 64 92 137 1 143 144 112 117 90 101 251 58 177 227 11 25 201
    124 69 77 11 83 185 105 79 242 253 46 11 186 150 154 215 42 28 242
    134 28 124 194 85 43 162 87 189 243 154 225 44 105 205 36 65 24 76
    60 55 48 9 220 178 204 2 134 12 55 114 246 77 175 167 121 201 74 70
    68 2 56 26 111 61 246 97 117 19 30 205 148 206 124 37 99 58 23 184
    53 193 51 151 145 32 76 130 17 236 223 149 91 206 146 129 85 73 68
    87 124 9 152 178 115 21 191 143 48 209 62 223 74 112 142 137 94 34
    175 159 185 189 167 1 102 39 76 114 179 228 234 109 30 59 129 64 14
    174 225 133 147 96 31 37 177 101 147 67 142 2 164 70 122 137 222 161
    238 236 97 171 221 244 252 11 144 84 39 75 186 2 77 128 240 190 182
    239 154 164 116 2 179 95 144 206 27 145 20 222 52 30 223 70 149 51
    140 179 104 84 209 137 255 202 133 137 144 116 32 159 104 231 35 121
    136 25 203 234 48 94 191 52 109 33 101 162 1 232 217 120 34 161 244
    170 118 118 109 84 12 147 231 189 212 84 188 26 49 168 124 216 200
    149 229 159 45 143 10 118 56 255 232 32 40 21 12 229 224 40 105 179
    212 163 38 154 43 174 3 86 137 8 144 226 66 45 13 178 241 235 245
    251 98 68 209 38 101 49 17 42 182 83 69 112 119 185 169 68 61 57 130
    170 98 63 209 117 74 191 37 180 94 248 232 215 247 57 249 100 30 239
    78 176 185 97 218 179 129 123 209 105 8 205 24 48 115 61 215 19 212
    206 28 185 116 125 133 184 153 128 200 199 191 50 38 232 172 140 218
    29 24 127 98 206 140 91 218 202 172 60 133 77 159 165 180 224 196 57
    104 184 125 177 139 115 214 230 173 1 98 182 197 223 229 231 255 6
    219 142 6 255 227 233 46 214 136 107 114 240 76 70 56 170 82 132 64
    63 2 139 239 16 157 93 241 174 76 159 176 94 188 192 217 125 195 199
    32 10 155 82 143 157 143 110 130 26 214 121 212 207 209 111 201 174
    226 124 20 128 88 178 143 48 24 220 91 35 137 179 156 128 218 188
    141 168 194 84 239 139 158 96 81 116 81 96 31 98 202 184 51 148 225
    6 88 83 222 20 47 133 62 148 92 236 191 90 90 21 76 158 212 8 97 100
    238 58 225 151 144 50 127 122 230 117 61 126 169 26 98 253 199 49 38
    152 197 173 108 180 46 165 119 66 175 50 213 194 3 5 115 80 15 34 26
    128 223 121 229 83 178 8 50 135 242 64 122 134 126 17 140 118 243 35
    166 172 197 107 38 178 51 23 20 214 197 245 15 236 239 64 190 135
    174 223 69 72 10 242 174 247 60 232 250 218 177 20 143 204 91 139
    127 182 243 228 161 173 124 169 162 212 167 102 201 179 1 210 219
    193 154 54 99 233 141 163 224 215 28 209 10 8 86 17 133 230 181 103
    221 18 203 8 214 24 47 1 3 162 162 183 57 104 228 216 61 34 84 93
    120 230 220 133 171 5 202 249 24 126 249 112 200 195 163 31 19 169
    225 236 242 110 142 167 107 46 187 67 137 169 19 191 150 180 185 195
    219 107 75 240 235 68 89 254 48 34 253 251 2 91 145 156 251 241 184
    157 80 25 102 251 19 37 105 161 166 243 231 114 185 137 168 146 204
    19 204 115 154 63 12 127 55 105 67 250 237 179 14 128 152 243 41 130
    103 63 109 253 175 45 91 6 48 11 12 62 8 231 197 91 30 38 54 245 48
    136 59 79 254 13 151 15 41 16 167 212 92 174 251 170 161 226 28 217
    73 68 50 10 129 163 223 46 130 126 153 143 164 120 93 55 74 99 234
    106 47 193 115 38 17 66 121 190 44 208 193 52 64 199 155 150 70 90
    12 92 92 204 170 248 178 81 154 135 41 15 144 117 47 133 19 68 117
    11 214 245 187 117 153 204 47 36 239 101 207 233 77 172 109 23 64 81
    152 53 121 248 214 20 168 83 60 132 60 166 66 233 99 225 226 107 141
    105 149 53 109 39 249 217 2 180 195 93 234 36 31 104 246 188 0 61 81
    119 156 224 0 206 87 88 253 60 231 243 59 40 140 99 167 202 17 18
    129 236 177 157 186 213 173 52 44 176 34 170 237 87 101 61 72 209 68
    119 175 101 224 193 167 216 207 91 66 111 1 204 33 244 90 48 89 51
    233 225 17 130 194 11 50 129 38 3 96 185 44 74 154 114 29 211 76 185
    75 78 233 109 10 94 137 36 45 197 198 203 204 57 133 21 188 41 93
    251 114 185 233 82 14 210 166 166 203 145 152 151 242 17 231 22 227
    159 134 174 250 140 41 56 78 209 231 205 146 127 167 249 44 0 122 35
    28 26 193 45 3 210 238 37 162 194 166 153 57 0 111 120 66 165 114
    124 180 84 106 66 124 203 226 103 195 90 120 55 191 98 135 88 119 12
    69 91 224 148 166 243 32 238 181 235 186 97 87 22 234 90 141 203 246
    57 238 194 55 188 165 22 87 171 210 80 72 128 220 40 233 243 80 126
    114 92 115 35 136 101 205 169 249 23 34 239 82 64 138 73 85 118 88
    130 27 162 114 11 227 190 53 82 140 32 226 235 107 213 151 155 157
    46 137 221 113 38 231 219 9 243 135 191 141 89 193 106 129 38 157 76
    173 33 76 157 95 109 221 193 236 181 219 190 170 225 1 141 201 168
    65 46 123 15 10 253 94 59 129 234 9 18 132 196 100 113 192 203 232
    179 138 231 24 160 170 122 239 59 3 77 224 110 18 1 103 40 103 191
    98 136 10 25 103 141 224 70 109 194 21 72 236 212 151 240 207 130 64
    105 204 209 90 177 73 164 242 179 14 139 245 174 7 118 79 65 25 130
    33 197 35 230 26 36 233 203 210 25 163 17 113 144 197 83 100 182 124
    193 220 237 63 221 212 23 64 194 9 161 112 115 92 245 65 38 250 218
    11 242 125 154 196 66 147 202 230 170 158 192 70 112 84 133 220 219
    186 8 185 122 193 86 148 132 2 170 216 83 235 241 67 87 162 251 88
    49 43 232 70 136 112 30 253 184 117 239 94 158 234 156 125 223 191
    205 191 53 217 236 200 200 202 73 247 64 118 92 156 198 21 228 230
    137 181 174 252 230 50 164 179 153 191 186 207 49 51 62 98 217 75
    185 190 98 118 61 93 177 64 63 52 204 154 118 62 107 38 93 57 126 62
    102 156 65 156 203 78 191 3 10 213 108 196 64 114 187 227 167 71 187
    62 112 91 245 38 38 216 86 165 132 121 28 50 227 220 235 95 251 103
    23 106 241 94 233 77 243 217 4 135 10 219 211 124 245 141 95 232 49
    111 248 199 217 101 25 153 178 20 178 215 25 76 16 221 84 137 208 60
    136 127 75 7 51 167 181 216 240 50 97 75 228 111 180 99 86 94 134 94
    187 109 148 143 84 45 234 134 168 152 148 231 76 50 3 87 4 166 216
    131 85 172 6 254 120 32 173 193 141 9 47 184 127 146 10 16 12 2 237
    126 50 239 142 205 93 181 120 22 14 106 18 16 165 14 248 126 239 50
    139 101 176 40 19 88 194 164 67 191 200 211 129 114 16 129 169 69 10
    90 130 247 21 215 236 47 225 21 156 172 250 43 103 163 38 88 241 241
    177 139 82 232 77 157 107 194 135 105 69 101 92 184 70 73 22 25 231
    22 54 36 51 7 37 216 127 94 229 19 171 49 91 149 94 50 37 14 3 165
    229 245 137 36 61 251 217 194 174 25 30 248 53 181 224 243 88 43 128
    77 162 203 234 110 216 244 240 121 102 4 208 222 166 60 45 129 35 64
    35 31 59 217 14 7 41 41 77 192 109 152 221 57 132 120 231 201 189
    192 62 39 53 217 73 23 106 125 251 105 190 50 254 8 207 84 21 155 71
    216 74 190 45 248 107 248 80 184 203 216 57 62 210 12 202 129 136 40
    223 8 171 12 184 220 75 1 198 154 226 0 186 109 176 146 79 245 244
    38 141 94 31 181 129 43 68 55 109 210 222 225 143 24 127 148 167 11
    175 97 11 238 112 184 150 80 230 123 156 57 238 191 198 95 31 101
    108 157 27 49 216 88 152 88 188 233 21 173 45 91 108 55 139 12 105
    193 221 239 231 33 118 125 194 223 44 158 8 69 176 2 81 109 239 155
    117 5 43 16 184 3 204 139 81 251 93 149 14 101 91 6 237 99 240 150
    27 171 133 17 105 96 103 54 137 51 39 157 60 156 238 231 182 49 230
    128 233 231 233 122 199 20 40 137 141 204 195 55 144 78 116 89 139
    62 112 132 196 4 134 247 26 131 189 11 96 75 135 34 240 144 113 67
    12 23 8 218 234 65 149 50 207 227 85 110 62 17 114 79 239 44 96 240
    216 90 253 120 161 196 71 56 116 86 202 196 115 178 117 204 43 47
    189 145 158 29 123 228 206 157 120 112 110 171 254 76 94 238 96 171
    52 112 195 49 27 212 2 41 26 97 9 61 14 190 21 64 137 9 251 121 156
    72 90 39 77 143 72 232 202 148 92 36 111 188 29 104 84 250 155 155
    108 217 136 197 79 228 230 91 208 243 77 88 173 100 163 113 76 55
    133 84 172 249 124 123 197 63 185 138 24 82 32 16 249 75 112 27 115
    144 174 121 87 178 150 81 94 217 66 24 23 8 236 169 79 250 136 71
    191 14 94 138 85 217 191 181 72 189 162 164 225 23 133 98 230 92 116
    201 252 230 155 234 105 21 201 47 0 144 122 129 183 65 208 18 231 32
    36 55 55 6 58 19 63 42 173 53 51 252 63 144 76 158 161 13 215 70 29
    41 204 218 170 177 180 250 91 163 197 232 32 178 102 212 49 110 126
    186 235 84 148 145 49 218 79 79 1 55 186 177 191 135 179 194 84 145
    219 36 75 74 65 58 3 189 122 154 177 55 30 36 253 198 19 219 62 212
    2 104 208 171 227 71 172 164 98 7 1 78 147 219 178 210 83 188 183 34
    124 228 191 245 238 119 9 75 240 119 160 153 235 63 122 91 75 222 76
    209 83 196 33 156 122 14 161 171 171 29 81 84 189 206 39 69 181 159
    199 98 230 235 41 247 10 1 65 27 219 183 20 21 27 152 59 87 107 172
    60 31 242 113 248 25 128 140 157 176 146 25 44 128 233 208 206 117
    80 185 127 50 251 178 148 234 75 75 195 15 170 20 174 54 190 164 233
    73 111 23 158 13 6 124 58 63 28 176 237 120 24 5 152 88 210 174 20
    54 211 62 1 232 156 122 182 157 4 197 233 231 219 17 62 107 170 70
    29 159 180 47 77 5 64 59 14 198 194 38 92 215 25 93 99 70 133 230
    223 30 18 32 225 161 16 195 144 212 184 250 0 103 4 210 103 40 34 52
    36 173 246 195 31 175 1 187 117 81 114 211 251 92 26 145 167 204 204
    179 57 11 243 234 113 102 55 212 254 82 108 72 230 174 159 2 16 166
    180 251 94 4 194 17 97 217 123 208 163 90 254 145 22 45 69 17 190
    210 31 99 206 255 62 43 98 7 52 241 223 236 240 117 251 157 202 3 50
    214 37 252 83 237 74 165 154 116 164 50 80 159 179 21 38 4 108 53
    107 61 56 198 114 165 21 119 122 28 25 237 112 191 126 158 222 210
    118 183 163 30 132 172 221 196 7 249 145 220 28 237 161 224 152 29
    205 180 100 0 195 94 19 105 110 217 15 86 132 208 170 245 252 218 63
    43 236 79 108 84 207 244 39 164 211 113 10 246 189 101 137 176 104
    26 208 23 188 16 32 83 90 218 20 251 198 250 2 28 136 188 76 185 210
    199 137 42 106 60 6 66 21 92 241 180 108 27 59 169 210 116 244 134
    201 239 130 162 100 84 45 57 75 13 155 5 246 151 25 83 208 169 189
    223 200 112 217 176 141 226 74 89 178 207 186 118 102 154 2 197 24
    217 11 246 94 16 94 157 22 100 187 139 191 129 10 119 152 16 23 52
    69 21 41 189 153 193 82 141 223 93 47 26 77 17 19 2 188 210 198 103
    153 235 137 239 51 173 200 72 215 104 167 98 187 170 146 243 59 151
    112 199 6 30 153 160 155 242 119 113 244 131 98 73 249 206 244 61 49
    252 10 134 162 76 24 64 51 121 111 52 2 222 237 161 53 107 124 21 83
    54 99 75 8 18 37 43 133 147 126 126 122 202 143 51 195 7 155 29 26
    199 11 31 36 89 144 16 50 128 19 102 61 72 180 147 220 147 249 190
    21 19 77 12 93 238 191 12 217 252 125 133 142 226 119 109 36 222 176
    117 188 215 211 243 153 156 24 28 111 225 157 75 248 135 232 31 47
    227 5 43 32 55 152 132 109 226 219 197 106 73 142 148 38 221 230 84
    24 245 242 100 214 134 130 201 163 98 204 57 18 59 166 61 235 147
    208 226 41 245 246 207 249 166 125 137 117 140 108 15 113 128 173 2
    42 177 54 86 205 231 148 208 114 169 130 178 89 154 243 109 216 57
    54 97 115 1 68 171 123 33 201 30 52 41 39 7 224 47 29 14 18 52 183
    165 185 195 104 160 221 178 1 203 20 169 44 78 3 64 233 19 38 72 105
    239 153 103 172 181 102 124 156 99 15 78 126 133 37 28 104 45 203
    209 129 79 98 204 48 196 197 84 41 18 154 88 32 36 86 141 9 251 32
    15 58 187 163 96 109 112 190 105 80 22 116 103 208 122 100 83 85 79
    237 58 73 245 187 65 231 75 78 143 84 168 0 150 133 100 194 116 117
    35 168 226 245 219 75 99 252 87 28 140 3 247 111 150 136 245 128 102
    92 230 86 158 216 226 132 254 61 200 157 1 79 42 108 106 134 116 152
    239 2 130 49 53 44 222 10 16 110 211 192 84 104 76 236 136 32 253
    142 154 100 20 32 37 27 66 160 85 17 75 120 226 68 245 241 161 152
    124 165 252 188 36 24 100 131 2 105 94 95 238 95 51 131 39 220 39
    134 219 239 132 28 138 228 239 54 128 35 94 244 175 226 45 229 238
    59 125 240 218 147 224 0 111 242 205 93 45 44 247 128 150 221 198
    113 96 11 111 174 94 100 177 252 128 9 7 229 165 73 125 246 252 53
    18 234 97 247 160 135 32 198 206 71 252 161 23 10 114 223 54 203 24
    53 101 159 133 212 115 115 52 63 2 13 21 96 72 190 162 69 196 117
    213 152 251 75 164 163 140 170 198 92 209 123 218 170 42 23 209 116
    116 27 36 117 159 105 218 28 3 153 25 15 90 222 227 40 227 6 174 174
    42 237 249 224 183 88 52 39 114 14 141 189 114 17 43 24 126 89 75 12
    198 237 254 203 186 229 142 237 67 96 3 9 61 236 53 39 245 81 55 166
    221 228 43 140 242 38 202 126 50 86 112 174 123 238 249 98 112 230
    105 6 52 241 202 201 207 181 56 31 195 183 37 48 200 65 205 182 189
    95 93 163 87 239 114 214 83 230 223 159 90 137 50 187 152 168 69 115
    219 172 218 227 158 119 16 153 151 8 189 181 12 149 75 45 159 150
    199 253 185 206 24 94 112 206 136 82 38 181 252 201 17 189 79 82 124
    200 72 208 120 105 181 14 102 155 97 185 126 230 69 25 52 48 164 129
    77 247 91 228 67 152 228 109 43 126 190 239 244 55 97 39 99 114 247
    47 60 175 115 197 155 163 144 225 171 74 137 233 8 4 14 26 201 19
    138 16 74 136 198 186 111 204 181 92 123 124 152 121 117 128 68 220
    186 23 15 131 200 193 34 209 55 252 154 139 86 147 237 135 216 184
    204 72 57 143 114 68 215 252 123 183 209 242 231 224 153 218 82 103
    76 24 133 241 25 48 126 230 180 72 227 197 218 195 205 195 112 34 82
    91 127 121 246 11 222 9 108 15 168 248 68 235 172 41 39 221 152 54
    30 142 129 156 39 194 88 117 161 236 233 15 158 139 15 187 33 28 234
    204 188 60 138 35 124 155 220 177 115 190 185 200 55 170 174 158 3
    143 212 172 99 62 57 167 149 110 205 180 171 22 197 248 73 9 167 218
    142 30 81 21 62 16 246 28 60 121 210 109 214 123 244 192 22 175 153
    73 164 247 60 112 81 51 225 14 126 46 106 49 208 99 144 141 105 111
    88 158 24 227 167 14 228 7 214 59 228 191 187 250 94 211 172 185 197
    146 195 29 211 80 238 117 18 150 90 45 70 228 92 158 244 248 28 69
    204 72 5 37 3 234 148 74 67 150 243 34 209 129 111 187 50 134 226
    253 170 2 207 176 156 39 38 68 6 50 167 245 92 28 112 162 60 123 51
    188 64 216 243 83 93 171 103 130 157 171 157 196 26 35 158 121 34
    218 207 121 77 250 198 55 154 18 164 199 10 218 150 57 6 195 68 176
    221 85 109 128 173 19 203 48 136 99 167 92 58 75 208 199 185 119 89
    104 170 122 21 29 3 11 77 182 124 153 53 164 255 184 190 186 94 108
    251 58 18 150 243 248 96 254 44 132 99 173 42 27 129 95 65 164 5 176
    147 69 89 207 89 157 66 209 16 99 108 169 104 103 103 52 64 53 234
    223 101 250 78 159 203 43 232 19 146 43 114 153 247 1 139 97 81 49
    198 233 3 17 86 192 27 181 95 198 32 132 238 54 255 94 167 166 232
    252 75 218 192 0 121 136 168 241 243 34 222 107 170 112 85 10 230 11
    88 68 39 189 169 127 40 176 166 55 247 100 70 56 218 184 139 194 107
    167 41 134 231 113 91 241 93 90 145 28 219 215 142 146 235 1 167 89
    36 159 55 197 12 32 131 151 159 155 182 226 36 28 94 96 208 14 68
    209 212 11 6 1 87 49 233 116 190 174 151 44 214 39 161 232 56 76 155
    177 111 90 232 225 26 225 151 35 52 224 114 144 63 208 128 192 207
    140 36 41 0 1 127 167 82 162 62 15 58 143 210 213 211 121 171 69 136
    71 21 59 124 193 133 39 60 193 219 59 253 28 103 38 81 174 139 212
    122 136 10 213 60 116 82 249 145 178 134 41 4 169 197 17 92 235 85
    194 216 167 63 238 196 112 0 55 24 220 228 216 145 236 75 153 28 186
    117 219 66 155 29 155 191 249 64 124 42 181 138 15 165 7 78 253 24
    84 174 218 138 224 222 220 92 42 143 151 106 213 203 171 11 140 140
    81 205 185 242 78 208 225 220 147 101 242 178 144 67 30 248 232 116
    70 51 244 9 169 181 246 178 56 124 33 220 30 210 171 11 234 192 208
    129 126 94 169 1 103 202 12 95 227 57 187 65 221 248 187 123 55 214
    181 28 93 95 119 232 2 244 68 234 197 129 249 174 174 14 150 253 155
    229 8 198 79 17 49 204 82 225 22 126 11 155 55 111 31 178 27 35 31
    90 113 94 42 8 244 221 96 193 155 24 149 10 185 159 1 4 218 214 158
    89 50 67 211 0 218 6 115 11 236 111 151 206 151 231 96 216 131 76
    215 251 7 26 16 167 207 166 161 228 229 135 196 168 198 19 75 191 10
    133 246 210 7 41 10 186 112 92 143 223 152 212 80 32 66 82 145 239
    236 10 17 220 89 202 71 104 100 82 92 175 241 65 51 25 203 161 220
    42 45 184 148 144 95 242 171 61 170 19 7 33 157 90 133 201 179 73
    234 245 141 47 31 132 179 61 198 114 217 142 198 60 112 246 178 247
    34 87 202 66 239 64 42 45 98 132 88 222 154 47 145 154 16 56 151 237
    68 76 105 164 25 153 188 175 97 93 40 81 129 96 249 100 213 218 129
    104 62 129 8 225 205 178 233 87 93 56 241 65 95 84 91 40 48 11 133
    240 178 119 120 64 149 243 8 233 93 205 187 24 246 91 158 27 88 200
    69 91 46 27 164 53 93 13 192 39 26 191 146 104 154 105 148 51 183
    187 240 250 237 165 12 146 110 122 83 249 167 188 77 68 33 142 221
    225 154 136 249 180 155 114 127 58 208 246 239 157 37 7 188 109 179
    40 94 51 164 34 225 65 225 181 92 59 61 135 54 38 92 98 1 46 207 180
    201 206 130 216 90 72 224 85 203 245 215 230 112 164 184 0 241 26 56
    70 111 77 158 138 104 176 137 124 169 201 156 204 143 116 119 113
    176 103 89 158 22 238 238 52 146 160 95 248 160 77 23 214 108 11 40
    107 251 203 42 235 46 92 60 127 234 19 95 115 133 63 98 88 133 150 2
    92 26 96 191 208 16 25 67 89 148 63 173 228 27 210 85 74 192 26 0
    210 235 214 174 27 93 95 106 9 147 235 195 43 242 109 15 228 207 131
    29 137 159 157 56 154 54 48 66 66 103 204 17 242 166 87 87 172 135
    204 229 206 90 123 106 164 74 160 148 28 76 116 63 86 226 253 222 66
    121 36 37 151 108 204 45 183 42 40 253 94 208 136 99 224 21 140 24
    201 169 147 228 3 38 178 160 93 74 13 76 120 61 254 28 108 131 251
    29 141 95 87 131 81 86 35 36 11 220 14 73 186 7 109 139 90 183 221
    249 197 28 235 86 140 246 22 48 212 14 251 98 97 183 88 41 59 101 60
    101 200 243 30 137 232 112 223 115 228 16 116 253 25 251 137 65 245
    171 108 228 34 92 151 219 6 149 106 150 177 36 54 105 180 96 185 29
    155 227 245 107 219 198 151 150 83 101 106 20 127 96 204 218 51 2 90
    112 106 249 22 249 227 191 98 27 130 54 121 84 222 216 92 161 252
    169 10 246 53 254 164 77 142 173 98 172 116 193 53 118 163 177 159
    10 189 81 173 61 225 157 49 175 124 90 44 22 199 238 32 19 237 189
    25 28 20 182 83 117 250 189 218 62 37 63 79 110 162 62 146 147 173
    45 197 22 132 230 10 137 189 180 34 66 101 164 167 24 42 122 28 88
    177 133 153 76 91 19 179 16 124 163 39 29 32 244 122 227 168 135 91
    159 82 180 248 157 204 225 40 196 249 193 78 67 107 11 150 200 131
    201 224 148 180 141 117 0 42 197 14 74 6 240 154 208 133 87 42 58
    141 153 132 209 55 242 169 16 151 16 4 14 209 205 228 139 168 69 142
    30 96 251 126 162 16 86 109 110 66 204 16 228 148 195 248 6 6 158
    238 215 158 53 171 112 132 210 178 175 210 6 35 32 31 55 16 149 223
    7 190 207 196 41 229 34 107 245 201 236 137 155 247 136 104 85 39
    255 169 86 250 118 187 5 79 120 229 131 178 70 125 13 0 142 240 78
    137 63 100 27 167 11 192 125 87 239 170 238 152 44 150 21 51 54 245
    11 129 170 5 31 132 14 128 96 186 200 46 219 44 184 205 154 123 205
    161 97 189 54 43 178 8 38 11 155 231 142 226 38 152 26 79 171 44 237
    124 57 57 84 140 50 249 150 211 103 104 166 241 113 142 103 17 255
    77 69 42 44 74 128 190 175 132 131 23 246 78 63 175 156 114 89 41
    247 134 37 51 176 174 138 41 165 231 225 239 223 125 75 189 131 101
    31 129 222 160 72 202 177 133 228 32 227 29 88 203 88 122 194 103
    190 133 192 99 242 202 157 183 252 183 238 243 80 247 139 241 122 65
    87 217 62 35 252 114 105 178 126 142 199 77 73 159 234 3 24 8 39 25
    128 219 91 85 45 29 93 248 6 170 196 206 127 169 192 185 16 115 213
    73 26 81 230 242 147 72 91 251 245 241 89 78 150 221 30 175 180 50
    202 234 9 218 158 225 16 3 107 130 58 15 23 150 6 252 135 53 186 170
    203 20 151 150 169 250 116 186 47 203 31 127 150 154 49 128 179 82
    232 6 141 63 107 91 120 200 41 78 3 197 86 36 216 175 28 169 180 116
    132 92 221 212 151 146 20 1 90 69 18 41 2 182 186 237 165 192 255 95
    175 18 160 206 138 239 162 119 210 244 83 26 164 61 166 162 108 174
    56 201 196 229 247 241 108 129 230 127 108 226 69 135 206 148 229 35
    237 171 98 225 204 169 121 0 0 235 45 85 158 40 34 235 20 67 134 198
    128 170 30 115 212 97 37 17 138 4 25 3 255 0 82 170 182 167 88 167
    37 140 69 13 122 26 76 97 200 223 26 252 212 230 40 110 55 117 129
    65 115 191 190 42 63 149 79 52 104 144 199 189 119 232 245 18 19 107
    210 11 204 114 176 169 13 37 244 200 201 108 157 158 146 64 141 83
    50 195 58 209 151 124 27 176 102 254 78 62 148 157 87 17 199 87 52
    243 178 142 199 48 245 85 159 141 202 128 15 213 41 146 116 60 156
    86 198 239 195 155 65 188 23 1 77 223 197 27 165 195 23 40 53 4 32
    218 245 155 204 110 233 220 29 1 104 98 97 24 218 68 137 149 62 95
    71 38 193 179 226 41 46 71 252 167 237 142 81 92 73 57 174 140 25 86
    114 9 198 164 85 134 239 27 244 195 1 191 107 248 251 216 86 22 119
    110 248 243 221 255 94 39 43 137 160 66 41 196 19 63 196 136 84 90
    244 231 151 253 197 173 70 115 228 235 90 103 61 102 171 143 67 65
    120 138 108 19 190 108 155 78 202 174 183 18 229 249 180 195 183 229
    54 11 124 133 203 56 59 32 246 240 172 76 172 229 187 155 95 2 215
    46 178 106 182 46 73 228 156 61 45 110 172 39 91 243 41 44 18 144
    157 36 221 41 32 108 36 206 86 50 181 155 168 49 29 35 119 220 14
    219 133 155 44 249 44 37 10 238 193 96 58 240 35 47 6 164 103 105 9
    55 171 141 136 33 102 104 146 216 205 28 182 181 245 219 182 6 151
    192 180 35 149 185 53 255 175 208 40 229 146 16 216 150 145 99 255
    212 63 160 112 160 43 197 107 24 181 41 159 106 12 19 146 106 74 249
    106 94 133 64 35 127 140 246 157 173 213 102 65 166 52 103 25 24 17
    170 235 42 56 203 134 57 138 133 65 204 175 104 242 21 89 208 22 171
    9 211 165 20 254 47 54 60 41 219 52 66 185 209 75 232 40 85 203 121
    66 195 250 249 59 73 167 48 226 127 200 183 195 127 21 79 242 35 116
    114 28 102 174 247 198 170 45 206 100 132 187 125 89 34 17 170 133
    140 199 106 123 161 200 104 90 160 25 251 220 95 197 195 98 210 106
    164 1 204 125 47 191 140 125 76 108 252 99 99 14 49 70 149 35 205
    137 252 233 129 20 28 113 52 69 172 45 145 5 249 60 197 124 218 177
    245 100 100 56 4 99 185 227 123 162 51 11 115 228 242 104 240 48 255
    178 15 3 186 158 11 117 183 24 148 83 14 249 224 87 69 78 152 154 84
    113 106 96 101 188 145 199 58 104 230 185 216 24 27 245 7 189 23 31
    214 7 111 159 90 194 46 134 28 111 189 241 202 176 96 173 171 100 70
    70 209 168 227 13 51 3 194 220 238 212 213 229 139 247 86 120 63 123
    53 199 58 57 243 71 228 204 20 229 9 157 237 143 149 124 94 190 27
    80 27 134 165 61 75 100 167 225 109 137 143 30 233 141 101 248 97 68
    210 187 90 17 103 99 43 175 4 233 79 238 229 13 21 24 139 133 165 63
    100 84 171 27 162 19 168 56 243 61 219 21 203 62 67 129 90 194 15 63
    231 139 69 16 148 173 209 250 184 106 132 9 250 141 242 10 108 220
    33 100 175 15 194 234 112 226 207 252 37 72 230 97 198 28 40 111 44
    5 91 30 120 153 44 180 215 23 15 107 192 228 111 217 186 80 230 118
    134 81 215 150 30 144 54 124 126 43 133 13 5 10 123 67 85 174 5 148
    105 149 254 122 166 152 26 78 118 61 49 46 64 35 120 148 7 68 222 27
    109 130 175 32 164 119 36 242 151 54 191 0 116 207 140 155 195 98
    255 245 106 49 255 43 214 60 182 47 14 63 249 201 201 59 213 137 105
    136 197 10 210 161 247 158 33 143 96 70 126 155 101 226 145 196 90
    187 227 61 201 30 29 134 86 223 133 7 60 102 208 216 142 191 188 95
    192 247 164 65 143 123 87 177 150 49 12 242 177 154 137 91 152 60
    121 62 19 30 87 213 114 112 74 17 144 178 83 97 145 14 135 173 229
    210 248 109 109 153 231 235 87 108 216 139 74 166 133 254 53 102 89
    196 133 251 223 179 44 123 38 33 23 89 100 203 132 220 45 21 216 59
    201 121 139 138 178 162 10 68 219 156 124 197 27 248 102 235 19 192
    30 250 129 227 109 58 114 126 144 174 127 242 65 121 140 201 226 155
    135 236 214 121 164 190 64 116 146 62 195 212 75 105 124 23 232 240
    90 103 197 119 149 84 112 141 220 208 232 147 229 19 41 223 203 127
    21 231 165 139 158 74 240 78 227 79 139 246 211 59 191 94 76 240 155
    183 164 126 153 152 154 229 96 14 131 1 116 77 244 37 76 56 130 102
    206 167 93 252 73 192 166 82 24 245 143 181 58 220 117 164 94 114 27
    19 166 183 233 48 109 176 135 95 155 145 200 102 81 187 236 237 87
    100 74 204 42 207 214 159 48 252 241 193 68 22 202 82 140 156 79 121
    205 134 98 253 47 180 16 58 179 102 156 143 31 203 46 254 191 254 68
    150 22 21 179 60 195 96 72 178 153 180 24 231 127 123 87 235 102 23
    135 82 51 97 164 237 213 210 150 125 223 176 73 92 169 90 241 34 201
    34 146 20 152 141 130 186 142 249 53 242 255 80 108 4 181 9 47 241
    231 102 108 92 79 163 193 140 53 212 200 115 98 57 114 73 159 92 12
    138 83 242 166 70 107 184 134 226 89 206 108 65 236 19 158 125 53
    166 102 208 222 58 36 143 146 49 231 240 6 240 239 254 89 80 71 138
    173 30 250 239 164 108 76 196 132 99 17 190 39 147 0 66 190 188 214
    131 167 191 35 244 55 189 116 206 15 190 3 251 125 111 138 86 9 121
    178 101 232 190 233 210 148 64 171 191 215 107 156 199 65 183 150
    213 186 64 81 115 132 89 25 218 120 207 234 169 5 18 110 147 180 46
    69 63 167 59 22 160 198 228 71 32 214 174 62 200 42 58 7 134 232 209
    74 202 10 27 41 192 105 126 176 130 193 241 245 233 254 106 83 53 41
    152 4 159 105 208 210 90 40 146 223 174 122 228 43 90 7 253 171 146
    76 112 187 161 40 181 174 158 12 44 143 180 89 230 116 124 60 210
    163 168 105 122 39 70 83 216 64 125 175 41 165 224 208 34 25 233 15
    108 121 190 173 22 67 103 3 148 171 223 139 128 208 207 146 95 245
    226 240 162 254 127 38 20 27 238 131 218 81 7 107 98 213 133 215 84
    211 166 7 80 193 232 2 222 254 244 57 89 2 150 205 23 51 223 14 160
    29 127 135 109 240 55 204 168 60 97 226 63 24 162 229 187 143 188
    130 134 209 165 108 117 11 66 61 99 59 41 130 235 192 87 200 54 150
    21 99 26 94 127 65 46 45 217 136 164 40 202 66 144 72 173 46 150 230
    8 114 219 112 178 33 62 245 22 175 179 195 171 66 245 117 58 66 56
    66 216 209 119 70 15 160 51 59 159 147 240 118 224 236 5 68 250 98
    76 177 3 33 191 68 100 89 230 76 133 87 215 55 59 11 143 33 176 177
    153 194 240 226 146 100 158 192 68 209 19 211 149 155 56 3 22 41 187
    114 194 191 188 75 211 59 135 131 194 137 201 217 178 250 110 200 66
    203 71 180 75 154 3 134 64 56 22 240 180 158 83 82 224 199 192 228
    236 210 200 252 201 230 80 239 102 226 0 27 14 235 193 212 137 35 27
    208 23 232 212 228 131 199 136 117 225 93 163 91 51 73 8 70 152 136
    11 181 251 123 151 169 2 233 49 143 19 158 1 209 38 84 186 163 224
    76 217 195 119 172 28 57 94 194 4 201 230 220 221 205 55 245 159 198
    99 192 62 6 161 240 210 131 134 255 248 238 64 202 89 210 196 9 53
    158 16 63 16 196 88 52 96 143 97 92 200 173 164 209 116 132 112 189
    131 121 117 173 105 80 133 187 213 127 89 11 147 241 48 145 255 203
    131 127 51 242 149 187 97 111 185 206 228 145 23 224 106 178 233 109
    248 71 132 28 144 83 157 165 238 40 141 123 9 14 131 173 138 94 146
    25 94 251 126 54 44 76 25 65 144 127 30 231 211 75 22 246 188 84 61
    45 126 139 16 101 155 202 119 232 91 232 45 206 62 224 120 6 149 66
    162 6 79 236 7 195 21 157 145 100 37 57 186 250 92 129 0 25 200 29
    210 20 238 47 48 62 233 157 45 128 115 90 126 118 72 239 130 164 95
    239 69 37 98 170 53 16 90 136 63 101 13 34 20 84 103 249 85 109 126
    229 175 254 252 12 167 236 251 107 137 33 13 182 97 20 233 145 240
    26 101 130 237 201 235 223 174 197 17 182 17 224 25 11 251 159 102
    189 136 33 105 167 210 55 53 234 83 176 175 137 6 136 151 1 142 236
    131 120 58 88 31 130 132 132 123 143 174 206 188 89 20 140 66 125 47
    85 182 208 95 252 24 162 217 232 87 236 210 90 18 93 216 112 180 106
    242 195 24 82 117 118 197 216 63 49 237 162 172 64 5 16 213 41 137
    208 118 15 125 227 144 191 31 40 100 166 91 89 210 220 113 232 132
    191 44 59 6 99 179 128 172 48 41 206 149 16 144 18 222 55 160 164 95
    49 127 69 243 163 20 181 130 205 102 18 10 34 20 172 229 87 65 164
    114 26 196 207 58 23 57 133 134 193 245 248 83 172 154 180 131 140
    135 160 254 180 1 220 129 91 60 119 233 150 213 81 187 254 170 26
    185 113 144 82 101 61 2 100 154 212 191 9 188 202 150 115 72 223 2
    226 9 68 68 19 205 225 91 120 44 0 11 120 163 213 9 17 175 194 133
    103 207 6 26 71 167 135 250 112 8 179 74 187 22 195 173 112 35 222
    67 161 182 113 111 139 101 128 127 115 121 143 179 201 43 131 70 72
    228 164 167 202 74 209 130 121 73 96 198 75 206 206 199 140 117 174
    244 130 140 123 85 140 90 109 143 16 136 162 31 190 243 252 157 120
    72 147 40 47 103 131 57 252 238 242 35 100 83 178 129 29 44 175 143
    250 205 206 203 50 0 151 91 60 38 234 58 33 168 131 187 190 191 105
    206 61 240 223 234 3 135 211 197 211 135 249 140 160 205 8 150 199
    139 241 102 47 24 244 45 132 155 71 16 111 247 251 165 233 253 161
    104 6 55 209 144 142 78 100 80 93 132 172 95 133 54 197 108 228 96
    75 35 86 240 255 168 109 104 84 43 115 4 99 68 49 37 232 160 12 66
    211 240 224 243 199 151 228 111 212 247 150 42 125 147 52 27 64 229
    38 242 215 95 78 5 189 134 218 76 146 151 76 200 189 27 16 121 142
    247 25 163 56 42 23 91 127 216 44 198 205 144 15 189 113 114 58 98
    170 15 175 201 228 75 252 125 48 170 227 205 57 209 176 241 198 190
    127 78 112 40 221 36 255 20 246 182 210 206 59 166 226 251 106 166
    55 86 103 109 223 123 74 93 253 69 200 96 78 212 157 230 147 111 80
    56 121 52 25 11 102 181 169 134 80 178 164 98 183 166 169 111 149 65
    202 166 70 46 54 163 145 28 250 40 248 22 197 112 196 62 89 174 9 26
    89 18 146 31 213 245 243 141 65 76 161 217 164 153 112 38 43 145 54
    142 26 230 32 47 24 30 147 234 45 255 253 227 221 248 37 105 140 178
    50 254 148 239 113 127 145 165 5 86 26 121 132 61 20 142 210 242 127
    217 190 123 91 181 73 29 25 205 103 231 34 86 236 251 21 94 78 63
    227 31 232 58 202 159 166 15 178 208 34 72 207 71 12 35 188 113 36
    152 125 184 168 72 228 133 59 40 67 215 171 176 137 241 117 99 134
    161 12 83 186 3 98 17 251 223 147 0 67 18 5 141 54 5 79 223 154 234
    35 105 231 143 146 195 207 199 45 233 56 67 166 65 59 94 99 137 189
    209 128 99 70 144 225 238 29 35 82 65 211 63 146 244 190 213 169 120
    220 15 55 251 34 26 111 151 110 182 107 51 139 202 172 177 143 190
    37 117 15 33 167 69 205 169 154 118 28 16 179 22 137 167 32 172 206
    156 202 98 249 10 42 4 183 118 246 182 188 42 156 248 200 111 80 112
    211 141 171 177 199 222 98 4 31 216 70 175 14 76 58 122 40 106 26 67
    224 90 116 44 13 97 226 89 96 139 174 179 64 33 129 40 253 160 228
    97 139 64 186 26 134 255 94 251 239 217 107 90 128 53 17 91 166 117
    139 184 199 2 27 64 118 220 14 29 192 72 10 177 248 174 246 231 47
    138 2 112 201 251 10 198 173 194 225 22 255 46 185 115 247 209 89
    209 132 197 181 77 168 156 250 154 180 107 18 145 108 248 243 65 55
    60 219 59 93 76 87 120 19 39 223 146 194 61 51 131 43 251 12 162 224
    144 114 80 245 251 196 182 60 126 111 248 156 55 44 180 239 5 137
    227 203 26 46 141 109 161 195 116 46 20 204 17 127 1 83 150 158 71
    85 112 52 136 174 159 219 219 55 13 59 229 241 251 38 40 111 1 141
    251 136 176 80 100 184 95 210 68 223 230 202 58 214 24 211 222 177
    216 134 252 32 150 179 166 13 102 211 220 161 67 147 183 155 95 170
    145 213 202 201 244 56 105 254 104 11 221 200 142 151 88 217 180 180
    203 94 189 78 230 37 63 250 225 95 20 162 219 228 233 184 40 128 180
    195 93 216 196 111 235 187 6 146 119 150 38 162 216 147 149 30 110
    214 105 73 42 100 201 62 209 220 32 243 12 24 255 64 136 157 251 166
    136 246 62 151 113 82 49 79 64 93 72 127 36 200 110 52 203 91 3 128
    93 100 110 190 232 213 37 104 33 43 245 207 29 227 94 233 179 21 85
    149 165 198 17 94 46 248 237 215 0 255 207 116 134 245 32 146 165
    212 124 33 241 57 107 79 23 175 96 108 36 70 41 75 191 40 177 113
    165 12 145 75 128 19 105 110 46 125 108 8 67 207 8 18 216 48 39 14
    94 112 16 12 28 54 244 152 169 218 13 231 74 89 3 126 132 188 237
    192 59 219 222 55 19 117 23 52 149 165 11 137 41 182 171 37 229 47
    35 241 62 26 200 204 196 203 14 209 140 79 49 175 99 88 222 231 215
    226 29 93 114 208 165 45 150 60 112 254 65 79 254 188 73 246 79 42
    85 2 154 158 245 230 221 212 22 60 19 233 143 135 210 114 179 240
    218 172 140 1 8 127 102 25 252 183 153 165 244 56 205 105 169 128
    172 131 54 99 174 162 36 121 39 5 95 223 0 197 198 250 202 13 142
    253 171 78 198 222 23 153 32 94 25 37 42 21 185 0 108 212 185 163
    140 138 175 41 83 29 168 218 201 158 193 85 57 239 119 217 224 48 98
    74 37 145 190 186 188 132 207 213 24 189 202 25 80 164 73 1 47 37 30
    144 162 73 95 249 133 105 209 49 116 156 137 175 144 44 188 35 247
    51 62 76 244 176 246 60 173 104 12 254 121 17 168 78 120 102 116 140
    104 179 250 67 80 196 247 9 236 77 52 70 58 205 235 206 200 127 237
    58 181 0 145 32 27 177 159 22 6 229 243 128 219 145 130 114 104 97
    164 206 155 34 120 56 209 179 154 30 26 54 198 244 31 157 189 212 24
    192 40 67 30 38 21 182 70 50 19 253 78 155 252 46 98 125 136 67 160
    36 128 100 110 64 8 192 49 20 196 125 167 71 190 231 254 120 50 135
    209 170 254 131 26 222 138 168 59 31 182 161 216 75 38 58 19 247 203
    155 35 127 148 100 48 171 168 35 127 2 35 161 26 112 42 157 99 63
    170 239 182 201 238 76 34 136 135 53 68 215 232 59 153 65 252 111
    254 32 248 131 223 157 141 183 202 116 111 81 177 81 57 104 253 198
    91 30 115 242 221 34 152 94 43 97 235 30 126 58 21 41 241 176 112 99
    50 217 249 161 145 156 124 54 57 86 43 238 165 158 230 180 199 245
    235 9 52 195 168 150 9 199 127 153 69 12 70 174 87 244 79 87 242 50
    5 103 157 166 32 87 159 196 62 132 92 95 27 48 174 218 211 142 134
    66 80 17 121 4 87 112 159 1 178 108 107 170 165 240 155 100 28 121 4
    242 132 137 118 126 54 173 251 105 109 203 188 226 254 38 164 236 43
    201 222 61 103 26 142 161 171 1 27 199 186 219 113 230 142 249 68 12
    149 5 157 0 77 178 219 130 75 2 20 140 89 83 5 237 208 189 45 148
    224 178 56 150 55 157 52 96 129 136 15 165 130 2 111 97 255 73 92
    234 103 43 117 116 22 246 248 53 204 118 60 179 131 19 216 114 108
    96 8 111 186 74 143 93 177 116 240 16 196 252 205 48 110 206 116 181
    188 60 202 206 68 41 157 11 68 7 92 11 206 180 102 189 32 177 164 55
    244 175 120 43 46 142 195 65 197 5 25 233 255 34 118 75 227 239 240
    40 10 73 56 0 234 67 155 151 213 185 32 94 249 148 147 251 56 31 238
    34 39 35 29 86 226 200 51 50 94 203 212 175 113 228 197 117 209 77
    99 123 187 187 156 73 221 102 100 79 140 139 120 157 138 131 29 9 42
    70 175 108 220 212 39 4 191 25 104 124 20 124 14 128 120 59 28 252
    254 119 207 34 4 176 125 35 237 6 184 80 111 120 155 192 143 228 60
    31 8 136 187 70 205 33 49 161 77 200 7 122 52 28 6 70 51 247 70 224
    232 162 210 181 196 92 206 63 167 126 124 176 220 61 208 58 52 204
    86 216 245 97 48 222 114 57 218 168 55 55 65 103 212 163 44 195 196
    32 102 248 219 165 40 224 135 156 127 99 172 51 28 99 65 203 229 126
    225 239 174 47 86 106 6 255 61 176 198 26 163 213 58 80 91 125 254
    119 8 243 156 105 205 213 113 213 237 210 253 247 247 4 202 39 100 2
    20 31 212 82 230 144 139 76 86 155 104 191 176 123 140 194 38 160 62
    151 37 55 99 22 132 148 248 58 168 129 86 241 108 114 12 195 122 203
    87 33 35 123 72 65 254 166 101 234 77 33 93 223 122 151 195 106 92
    159 215 30 199 183 56 86 38 168 42 109 213 142 167 71 242 77 15 129
    199 177 199 217 250 174 172 192 98 228 30 97 96 208 123 156 44 61 57
    164 151 24 119 210 199 119 146 59 84 31 27 6 105 89 157 9 125 226
    123 248 240 255 130 123 103 89 29 233 252 207 214 180 220 186 228 83
    232 64 179 134 212 155 140 159 98 19 140 215 29 96 205 230 197 9 89
    0 164 171 140 145 235 119 145 51 98 224 7 253 191 90 52 72 169 176
    130 99 85 218 7 229 30 165 39 111 56 94 225 60 232 67 207 99 90 197
    124 190 235 3 33 211 195 17 91 91 56 93 38 221 38 36 235 2 202 7 248
    151 232 239 61 120 112 255 167 3 140 16 130 237 174 112 122 73 184
    127 126 105 232 243 221 255 187 233 98 0 51 209 99 233 233 207 185
    155 158 182 82 181 143 204 190 169 0 81 149 249 202 7 195 17 170 222
    93 170 14 198 213 129 67 69 152 176 82 219 31 58 24 132 124 171 187
    177 55 212 65 88 56 95 134 21 30 0 112 210 207 27 173 180 44 190 133
    44 41 225 204 145 248 60 87 57 163 221 102 200 21 103 114 70 96 107
    213 118 5 151 204 221 181 1 220 61 135 45 225 25 1 111 156 79 146 69
    97 253 136 111 213 95 172 235 164 112 94 55 215 41 37 44 47 250 59
    226 151 225 119 76 140 83 119 0 25 121 147 163 117 28 50 113 117 185
    96 196 67 16 15 125 14 223 203 92 100 175 240 100 16 0 211 104 209
    88 22 151 180 167 77 68 6 56 178 234 59 166 86 242 59 18 199 237 107
    121 88 213 210 216 81 252 35 55 156 183 169 221 49 21 173 90 96 82
    247 255 244 119 18 66 57 4 95 150 138 117 113 32 10 61 170 83 187 50
    45 239 178 238 136 199 192 42 101 213 161 250 57 188 40 229 189 58
    115 49 104 150 242 232 116 247 47 221 14 54 2 88 165 194 236 254 103
    88 120 152 121 196 112 255 248 205 3 188 152 113 137 184 37 117 6 71
    181 185 155 164 159 23 81 247 30 7 14 125 177 172 130 15 165 191 182
    148 230 185 229 139 37 17 173 109 49 42 40 206 139 105 76 218 241
    212 235 124 235 151 142 199 213 52 74 116 201 251 66 87 73 63 56 111
    3 51 65 184 75 46 221 74 173 152 172 52 0 172 244 64 194 246 38 175
    139 197 173 209 211 149 60 83 127 181 143 192 55 129 197 27 214 54
    243 69 227 27 77 179 231 206 125 219 97 130 165 154 26 212 153 238
    225 247 100 199 109 203 140 181 97 72 89 243 190 175 102 128 168 22
    182 245 194 31 187 211 101 128 154 81 173 198 220 45 188 138 41 247
    226 90 3 41 18 100 146 35 113 70 158 56 37 19 186 91 138 103 174 79
    55 98 195 18 51 202 106 11 123 139 28 251 97 75 101 95 21 73 124 94
    174 185 202 113 188 86 43 117 34 168 216 60 89 182 120 235 54 126 35
    52 144 14 211 6 205 140 223 42 178 237 63 101 244 76 204 197 179 93
    248 109 87 198 203 142 214 57 182 227 228 199 158 115 224 228 109
    217 51 3 12 193 224 36 26 52 126 128 155 243 60 249 75 136 85 230 88
    22 50 55 162 203 156 37 168 202 67 93 248 23 214 159 198 155 26 138
    122 162 0 112 166 127 205 80 95 135 218 70 52 28 159 237 92 116 160
    101 0 25 85 174 135 148 138 65 225 156 32 37 35 158 222 226 187 127
    119 234 13 36 21 210 93 65 85 188 9 4 55 77 132 220 141 183 122 19
    46 119 80 209 89 38 113 66 182 177 32 205 207 99 56 244 165 105 168
    55 127 8 221 17 73 96 37 130 99 138 251 4 177 31 233 236 206 153 192
    177 197 43 111 188 220 124 30 164 65 79 88 196 126 103 62 234 100
    239 221 142 37 122 1 21 63 116 240 213 71 137 56 16 84 187 58 223
    117 150 35 248 219 74 214 171 17 136 214 25 102 8 209 147 151 255
    145 150 169 122 11 21 99 221 123 188 169 67 57 187 120 169 196 138
    194 219 77 35 214 123 85 8 18 195 32 78 238 116 58 50 143 176 213 51
    174 67 134 213 122 199 128 173 250 232 64 170 211 126 103 238 199
    150 28 153 86 35 149 211 178 62 33 135 190 38 134 205 158 167 4 4 59
    127 47 12 99 74 121 83 134 56 175 108 112 50 160 11 77 240 183 186
    202 59 86 51 47 224 67 118 215 46 178 195 8 3 171 206 63 72 151 113
    112 6 195 136 138 62 210 70 136 154 250 170 9 215 177 163 223 252 30
    116 31 238 157 102 187 15 125 39 141 85 127 82 205 204 12 67 35 15
    38 224 219 32 249 91 77 88 177 6 187 87 54 132 20 52 143 243 74 38
    221 149 207 37 215 104 149 223 74 179 244 188 184 184 234 170 50 54
    30 223 201 40 47 210 27 214 112 12 125 136 171 195 225 15 79 181 236
    64 88 70 52 73 115 42 220 225 210 229 77 24 227 101 158 236 20 63 5
    146 1 60 249 134 238 247 200 241 250 150 47 64 242 33 59 43 66 232
    59 151 189 149 82 85 162 107 76 201 184 251 54 42 36 221 249 222 31
    71 19 203 49 8 28 196 31 58 63 193 234 248 190 19 197 80 179 76 120
    59 222 34 188 110 150 122 34 243 198 120 12 187 9 228 176 149 201
    200 177 204 52 0 55 114 124 7 133 238 195 206 92 41 226 106 222 50
    249 184 191 101 175 148 160 12 147 104 129 25 47 159 234 58 219 18 6
    214 75 78 142 186 125 240 213 13 237 200 6 66 60 46 181 75 52 238
    191 198 178 173 211 68 214 195 249 123 89 131 229 50 159 52 226 193
    160 124 171 57 231 226 71 249 68 154 83 96 153 175 99 224 67 222 220
    28 18 185 169 254 138 77 158 172 247 222 20 178 129 83 55 213 17 118
    227 234 169 147 124 120 212 162 85 212 153 220 82 80 240 81 26 126
    140 44 171 18 28 154 166 253 152 75 25 117 92 239 152 43 91 109 187
    81 240 105 72 232 14 194 29 245 219 168 230 71 179 206 229 165 39
    141 175 229 127 76 234 1 196 9 184 104 42 161 14 140 231 192 199 223
    239 183 16 198 241 135 154 216 87 191 251 228 235 115 72 137 136 216
    174 123 10 235 19 168 8 14 18 68 239 141 22 123 181 80 152 63 189
    121 16 15 168 37 231 64 97 33 139 255 66 207 38 55 4 173 182 18 212
    142 130 9 22 42 167 116 8 252 112 232 89 195 247 252 92 14 135 222
    173 203 198 137 255 202 228 209 127 61 204 47 31 33 141 207 138 249
    76 12 129 57 188 33 124 191 67 70 236 32 237 81 147 148 53 229 175
    167 43 244 160 226 226 21 231 121 167 74 223 78 193 139 230 11 83
    240 7 72 248 197 54 122 82 42 148 50 191 175 216 150 125 201 122 41
    210 121 193 90 169 48 146 240 86 40 32 248 139 5 78 71 106 143 2 235
    76 213 202 107 115 100 1 168 190 148 186 162 18 60 124 208 171 89 80
    6 27 155 17 213 35 231 111 123 99 96 252 176 19 5 50 155 178 219 55
    187 56 77 113 1 50 36 158 213 51 222 224 217 157 126 105 94 5 115 0
    144 87 0 72 78 165 191 254 207 199 109 148 241 150 136 235 107 50
    243 50 36 253 186 254 207 5 119 160 225 126 218 56 202 0 148 132 146
    228 237 130 46 152 45 77 108 156 234 39 185 39 19 179 240 65 88 140
    217 72 169 4 95 3 72 83 191 4 4 251 170 110 193 223 86 28 154 106
    188 39 31 229 246 241 56 78 105 127 132 205 199 29 36 163 81 93 49
    58 4 90 38 106 56 75 185 57 229 7 11 19 191 169 208 3 49 229 67 184
    46 253 10 87 210 19 88 55 218 46 49 222 205 41 91 160 117 146 163 61
    138 252 81 168 95 244 152 89 167 98 20 117 144 203 237 218 129 96
    251 140 117 58 47 68 119 245 244 48 72 62 230 150 212 179 69 50 168
    107 196 30 96 37 102 152 72 124 231 196 29 99 155 31 173 23 122 142
    62 47 38 82 134 96 46 52 46 236 198 217 231 220 6 81 7 151 185 201
    79 81 243 231 27 119 1 118 112 61 176 133 198 89 163 113 88 233 118
    5 146 135 188 77 34 78 5 196 33 22 44 43 31 77 124 228 51 102 44 43
    176 180 95 71 131 210 202 237 82 69 200 180 11 200 102 232 207 215
    99 101 21 152 169 23 175 227 236 169 14 185 80 230 38 52 241 245 185
    245 71 103 65 180 219 123 64 118 112 133 27 224 250 69 233 46 130
    144 4 77 109 132 139 115 43 209 43 241 0 145 58 239 183 211 58 151
    149 2 49 242 231 39 59 247 72 86 114 13 173 188 75 169 175 93 137
    250 191 159 212 34 243 53 9 225 12 175 204 42 15 31 221 97 24 230
    215 171 77 182 56 115 134 153 77 138 95 73 28 113 10 6 249 247 48
    131 53 151 241 83 25 83 44 194 99 189 107 182 101 179 26 10 129 155
    43 103 79 84 98 43 96 162 238 99 104 119 207 79 192 205 199 220 27 8
    4 212 245 251 7 212 112 253 162 133 116 114 140 236 220 80 226 153
    140 221 162 115 8 36 183 58 193 232 48 44 59 175 90 28 235 251 173
    159 56 151 139 71 211 165 142 216 196 4 1 28 47 203 29 91 138 8 118
    184 206 31 59 252 186 236 45 206 53 232 180 54 120 27 216 93 83 71
    165 116 87 121 119 201 75 97 29 168 210 109 152 74 186 150 32 246 6
    244 171 199 125 93 60 24 217 2 230 37 71 130 253 112 204 192 129 111
    70 252 101 8 148 59 230 21 133 112 153 245 10 74 121 140 43 55 254
    58 154 16 17 97 216 20 49 227 69 233 66 154 220 152 29 3 185 16 0
    229 204 163 4 81 199 13 203 194 240 12 204 156 13 66 238 116 235 26
    25 38 10 178 156 235 98 147 96 114 4 203 92 234 243 90 8 79 171 114
    144 254 107 69 181 250 75 14 29 153 200 62 60 87 12 219 83 124 221
    40 136 37 146 20 18 190 81 118 252 14 19 134 221 133 74 222 181 90
    20 12 23 198 249 217 116 87 188 46 58 55 25 98 107 157 239 137 214
    62 178 209 48 126 175 107 189 22 208 107 122 166 219 199 182 246 135
    80 194 74 80 130 50 153 225 199 140 94 186 174 185 223 31 140 72 23
    186 188 153 83 223 88 87 112 183 87 186 98 51 161 44 54 5 252 94 211
    76 109 239 14 67 3 75 127 51 174 41 191 219 182 251 87 134 139 208
    168 92 231 101 185 99 113 203 89 205 86 241 177 168 252 132 147 226
    177 204 202 99 180 116 90 6 216 86 187 179 54 32 56 29 224 32 58 196
    18 132 113 88 197 4 57 9 203 60 81 195 38 102 149 178 238 190 23 113
    28 114 130 211 167 74 200 229 107 107 244 131 174 141 8 130 15 71
    231 80 64 15 77 28 142 109 28 247 59 218 221 70 8 17 53 92 189 57 89
    85 157 149 189 125 11 33 170 118 171 86 16 177 119 181 78 171 33 199
    60 189 186 52 159 132 87 185 227 160 247 243 149 190 123 126 1 93
    200 246 13 55 177 117 99 98 184 52 88 242 189 237 133 44 235 212 175
    12 173 246 54 183 51 4 107 194 93 127 5 29 65 192 226 110 129 40 88
    105 252 150 97 144 136 214 94 15 116 67 37 94 165 44 254 30 98 246
    23 177 158 109 99 223 67 114 227 226 179 1 47 177 111 206 143 200 25
    102 149 115 241 160 245 100 206 213 57 114 119 247 137 99 50 255 35
    219 37 155 236 24 78 128 217 83 55 143 122 158 104 84 4 110 70 124
    21 24 34 92 207 15 83 134 115 130 164 35 55 75 110 7 204 102 126 222
    217 151 25 134 62 100 225 144 180 227 221 15 169 185 131 99 239 125
    235 75 28 152 55 239 106 179 129 176 185 22 130 204 61 200 142 198
    135 18 87 30 54 106 85 243 57 229 30 26 71 254 215 132 139 201 146
    44 79 195 179 67 179 106 55 237 160 76 33 158 6 74 87 207 214 159
    218 123 196 230 19 209 55 69 91 255 124 5 157 96 38 208 100 240 209
    220 120 199 158 162 169 64 1 238 211 246 86 7 69 98 146 247 12 150
    209 85 120 156 61 228 211 205 170 210 72 214 133 52 190 215 25 23 68
    144 33 64 244 175 60 243 91 160 166 227 11 121 201 222 218 196 36
    236 140 85 64 235 147 146 10 164 118 37 102 221 171 244 150 77 195
    117 74 29 207 117 173 30 211 9 174 233 236 157 69 95 248 228 120 4
    171 225 175 226 249 42 143 20 83 124 79 210 15 189 139 8 243 66 52
    58 87 19 5 102 162 112 135 53 200 57 165 130 247 15 237 43 212 141
    232 24 21 14 179 89 21 32 195 166 58 11 46 141 225 47 32 231 157 113
    12 195 218 143 47 92 26 70 71 82 190 177 175 144 180 214 36 182 110
    6 18 31 211 147 227 4 238 134 28 26 102 252 154 214 209 103 21 88
    215 40 134 140 81 73 92 9 28 243 40 25 116 11 149 206 218 52 50 255
    53 232 95 92 91 100 14 39 217 228 87 75 89 120 53 158 243 235 151
    250 113 41 102 156 83 138 212 59 10 50 226 145 216 136 170 102 4 32
    52 112 105 108 245 174 90 30 40 145 159 16 29 129 165 241 115 244
    166 95 201 47 175 199 193 4 139 99 50 250 102 139 72 110 156 167 118
    109 168 117 201 243 123 157 220 140 173 62 49 167 27 243 84 32 147
    10 27 187 170 143 172 229 236 224 146 116 183 22 132 51 74 207 5 104
    85 110 142 52 206 144 5 6 81 80 224 200 36 88 152 217 32 104 176 189
    79 231 9 20 194 114 57 201 217 15 204 84 162 3 162 27 181 120 212
    226 38 129 81 46 118 188 112 200 179 107 61 75 218 69 120 92 19 42
    82 201 200 102 211 191 173 205 114 13 145 58 157 219 94 232 131 80
    16 31 28 60 88 31 32 172 180 97 82 86 228 41 54 77 58 253 33 121 12
    233 102 172 2 170 143 247 221 203 7 168 117 230 151 199 253 103 202
    59 189 121 238 12 17 187 226 1 74 27 236 78 163 203 208 204 112 66
    141 16 69 228 98 230 57 139 43 83 212 83 250 112 12 9 5 138 253 120
    52 158 72 158 240 220 35 8 190 251 100 168 110 17 243 172 43 190 153
    62 75 90 215 2 54 248 125 129 173 231 243 45 79 12 68 55 83 177 107
    53 75 161 204 252 225 219 160 143 51 110 212 218 39 108 190 196 55
    72 16 141 230 70 226 154 134 106 166 89 134 137 221 120 17 155 191
    99 43 44 215 20 165 171 203 237 63 31 38 55 220 196 171 132 149 90
    117 99 32 105 239 103 92 203 83 228 143 47 88 227 139 222 112 21 41
    43 35 197 67 49 242 184 89 183 42 169 90 255 209 42 24 12 37 141 142
    202 141 58 252 169 175 16 158 243 100 195 135 236 55 192 182 159 90
    221 95 100 125 9 95 66 190 110 122 39 174 77 186 116 123 180 107 111
    16 0 119 4 20 30 168 33 219 75 115 31 22 218 94 196 226 129 244 115
    105 251 209 186 245 0 182 135 19 118 239 248 246 224 74 78 59 137
    219 161 244 25 22 114 30 32 231 96 228 131 118 144 99 56 182 44 177
    17 96 139 174 188 130 150 127 60 12 246 37 101 20 213 64 9 157 224
    240 160 22 150 225 215 254 145 85 166 235 7 37 129 67 14 147 92 93
    81 251 99 116 134 240 143 225 84 228 122 235 249 177 128 36 68 154
    122 26 221 8 148 108 126 35 70 221 241 103 195 249 169 254 181 53 3
    114 97 208 99 56 184 253 233 123 111 185 56 59 166 135 103 226 254
    27 200 76 102 172 178 49 14 12 53 145 193 71 95 231 114 200 198 15
    237 129 179 33 119 52 225 92 186 79 13 10 114 53 49 179 218 142 100
    168 185 236 149 124 130 230 56 245 127 93 43 184 35 155 230 238 221
    52 53 75 25 21 147 133 97 168 252 202 25 166 98 140 205 45 20 127
    129 100 21 42 138 211 173 25 77 198 93 33 166 70 51 15 147 15 136
    191 174 228 64 101 119 116 133 157 83 129 185 22 218 111 111 116 62
    2 75 113 63 217 246 124 236 144 5 68 197 0 133 146 198 114 239 114
    229 45 140 179 134 198 8 204 167 212 51 182 240 232 54 12 161 60 249
    57 48 217 165 149 95 217 127 38 210 242 140 9 36 21 108 56 5 168 132
    29 26 44 26 220 217 152 25 223 202 189 242 71 147 145 238 235 44 129
    143 250 186 151 44 151 167 234 41 160 248 96 19 145 73 245 153 225
    175 129 132 251 159 191 41 94 194 157 195 246 234 241 179 103 147
    139 117 203 128 76 78 141 218 188 112 101 144 133 28 194 144 60 146
    93 33 191 205 88 38 16 207 100 161 161 204 34 228 32 224 158 78 79
    84 251 135 185 56 26 21 92 231 89 168 41 62 22 124 252 15 64 26 139
    89 7 84 214 207 147 234 107 205 75 26 166 173 52 112 80 236 143 102
    184 251 128 190 54 207 30 232 103 25 92 2 37 37 220 158 162 144 91
    85 242 229 108 224 31 104 129 58 152 30 148 213 73 211 193 159 145
    219 90 184 218 249 15 114 231 186 170 1 33 90 103 76 3 23 161 27 108
    25 5 60 216 167 102 77 138 227 70 129 50 222 199 112 215 178 102 78
    120 173 114 127 139 21 31 144 1 63 87 23 81 165 198 171 179 20 66
    197 123 0 54 105 111 113 217 3 204 184 179 21 220 181 107 119 61 169
    184 71 68 29 122 104 204 22 95 167 202 242 11 241 32 41 95 27 166 61
    62 231 85 145 170 48 210 25 6 217 204 129 24 208 113 155 206 254 177
    9 201 92 236 17 64 48 251 177 124 12 154 8 66 217 243 199 233 95 32
    140 239 150 151 18 110 97 253 141 3 205 172 36 202 201 117 39 54 123
    233 147 216 146 82 218 122 19 154 104 206 253 72 122 77 189 33 108
    39 41 14 234 11 38 236 239 84 105 156 153 18 198 43 177 169 65 178
    156 204 49 192 154 17 82 235 215 18 73 45 176 166 62 214 161 147 34
    74 18 197 209 96 233 130 185 30 24 104 25 62 76 171 242 59 22 18 165
    51 183 36 253 215 69 231 51 216 30 110 228 23 162 183 139 64 119 7
    130 197 229 164 215 92 150 222 18 49 151 152 194 167 40 201 91 211
    44 97 230 163 242 15 93 213 177 248 74 78 207 37 144 135 191 138 29
    44 2 126 69 214 211 60 183 91 79 89 99 161 150 66 204 148 67 208 36
    29 245 195 193 24 169 71 231 147 178 254 87 170 130 117 41 92 95 73
    61 34 104 150 132 121 120 241 35 234 8 95 39 46 170 153 78 13 64 80
    22 152 218 82 143 94 150 208 196 69 250 105 246 214 66 194 201 56 12
    13 179 204 71 170 15 74 171 63 111 105 37 33 222 190 74 123 215 193
    129 225 100 167 127 112 221 191 1 175 187 122 190 63 79 35 161 44
    133 61 52 133 82 253 214 142 48 50 182 0 115 41 218 224 57 197 138
    194 14 196 194 222 5 173 133 145 60 135 96 165 39 4 243 190 68 180
    16 222 91 10 68 24 54 195 101 206 70 110 73 220 188 16 227 187 119 9
    57 58 110 225 94 167 7 4 106 125 194 56 185 77 23 255 138 11 137 137
    27 142 36 221 43 207 101 108 229 227 30 21 162 237 206 27 224 21 84
    155 163 211 213 18 88 56 239 0 95 10 14 188 134 30 216 92 125 45 149
    61 143 120 54 188 48 198 168 217 226 172 143 193 144 139 39 110 89
    64 167 44 7 132 35 229 11 242 119 32 184 217 49 190 191 229 232 168
    57 57 98 244 116 184 201 120 175 186 189 107 230 74 205 130 53 89 16
    39 193 62 5 164 24 153 217 254 121 244 169 166 46 62 23 149 239 32
    228 78 249 36 10 129 75 69 121 148 42 125 31 229 13 96 242 45 39 4
    255 159 255 107 184 216 163 126 223 255 80 211 175 73 204 33 116 242
    102 201 67 154 26 217 190 136 124 102 103 88 8 179 202 77 62 37 217
    145 214 14 148 49 77 207 157 181 255 148 91 235 225 71 17 255 184
    208 18 50 193 52 19 208 189 82 52 178 182 114 83 112 21 173 55 224
    240 136 51 167 126 157 117 130 243 51 165 8 123 62 218 232 33 48 87
    15 156 184 240 2 29 205 15 210 89 39 237 229 85 70 21 100 193 74 233
    168 161 242 145 143 119 144 242 93 40 153 217 217 141 178 172 116
    181 61 191 179 174 152 4 243 45 6 89 22 209 68 153 85 180 73 180 26
    136 41 217 153 105 123 232 15 76 229 213 50 228 128 40 209 87 1 213
    158 37 185 18 251 156 55 117 14 50 206 241 167 68 134 130 78 227 95
    157 24 111 106 57 159 122 162 150 61 154 146 36 111 80 117 190 251
    36 120 69 71 81 116 39 11 57 208 145 14 239 40 16 118 146 227 103
    133 2 61 123 70 183 212 67 222 216 234 74 207 47 115 111 244 249 147
    122 79 78 144 82 17 80 58 76 251 240 124 3 54 216 194 51 168 58 229
    231 253 212 44 22 213 164 64 151 68 187 48 230 194 175 186 94 10 24
    57 245 63 29 217 158 171 136 23 83 230 32 228 60 82 154 207 210 197
    208 3 42 215 166 202 34 215 194 22 58 91 176 226 110 97 131 199 197
    81 180 255 153 13 158 113 126 178 11 24 243 241 170 225 150 181 92
    246 158 148 151 84 54 184 45 126 29 222 87 147 167 108 210 247 82
    110 55 34 31 59 83 76 247 119 236 224 238 187 109 83 185 38 165 91
    145 4 219 130 70 239 223 191 174 253 101 73 239 164 248 6 150 216
    124 211 134 17 79 46 152 208 236 79 74 254 58 118 42 193 91 0 62 54
    69 43 69 18 73 222 3 41 220 113 203 150 192 109 228 221 52 246 215
    149 105 245 157 44 187 129 56 130 46 116 169 48 194 79 37 20 168 88
    59 247 205 144 123 64 37 164 4 120 20 100 75 247 94 219 243 69 217
    47 76 5 17 88 183 237 208 33 138 89 134 59 45 163 160 33 151 170 44
    105 132 0 124 197 24 97 132 17 91 25 33 197 248 194 122 246 168 101
    98 20 2 229 131 140 169 22 249 221 69 206 87 211 210 1 110 168 102
    172 159 206 251 115 86 178 12 113 93 225 24 247 65 15 163 65 148 4
    225 71 21 161 161 147 112 50 122 135 80 106 0 5 121 3 49 136 193 145
    226 93 167 136 199 163 205 167 199 83 219 174 245 253 168 174 90 111
    170 173 178 28 61 242 244 16 178 64 22 52 118 218 34 16 233 158 100
    97 142 18 95 154 238 58 71 75 100 170 214 34 166 248 226 119 219 125
    168 151 171 43 103 170 189 156 16 136 0 90 4 13 146 76 235 218 255
    227 90 224 188 171 195 225 97 3 226 185 167 25 239 81 85 143 156 118
    182 98 234 26 97 70 35 191 130 252 144 127 226 162 167 218 122 205
    219 223 103 190 26 84 199 161 26 29 89 2 34 89 3 132 92 138 62 85
    214 233 154 48 196 149 206 252 28 193 90 174 210 24 68 131 17 69 3
    171 64 190 79 232 95 177 69 97 132 112 248 79 197 10 7 34 198 20 120
    217 16 161 114 252 110 167 149 38 52 162 119 26 253 249 156 188 178
    13 188 201 186 36 89 32 220 125 21 186 160 92 5 205 116 99 218 148
    230 179 89 229 169 100 5 76 175 249 33 106 23 122 171 140 51 219 125
    137 227 59 165 236 97 23 206 78 5 23 113 101 13 255 247 128 226 169
    227 175 213 54 69 37 248 156 227 185 66 81 196 77 146 57 152 152 210
    37 141 186 120 240 202 49 60 186 90 143 129 103 157 212 61 81 239 40
    165 228 243 9 225 182 63 249 40 228 59 99 213 209 29 225 122 40 245
    174 120 99 141 164 235 27 46 127 255 174 255 242 142 155 190 242 1
    218 47 245 141 168 208 158 85 45 203 229 101 26 100 166 195 208 206
    107 50 189 38 26 204 197 134 104 231 158 81 154 62 251 216 223 37 18
    138 33 214 164 149 220 228 65 199 125 193 84 71 229 17 31 7 216 6
    169 207 44 169 79 112 72 201 187 60 193 175 205 179 61 117 100 4 211
    242 161 165 61 125 106 71 141 97 56 131 171 46 225 204 210 15 44 185
    23 180 49 97 181 118 207 81 94 217 205 89 96 20 145 250 185 146 65
    63 155 220 206 26 206 190 224 186 9 39 66 213 204 255 28 242 145 197
    14 14 70 213 113 68 52 49 200 11 34 65 4 159 209 211 223 199 84 30
    16 86 105 216 217 48 191 251 126 116 158 212 176 211 94 68 251 122
    15 190 170 169 59 23 30 109 21 36 53 106 242 178 2 86 147 90 218 71
    9 76 35 69 161 197 172 13 98 75 215 54 23 154 240 240 31 15 212 221
    232 81 103 86 184 70 234 19 100 103 145 91 198 152 149 51 26 18 114
    159 201 116 224 45 37 71 3 168 145 227 59 91 100 189 243 212 101 173
    215 103 201 174 214 200 20 53 36 254 162 130 158 32 251 192 5 159
    252 60 65 53 187 200 90 11 11 139 213 78 159 113 212 147 245 80 208
    56 29 81 23 155 206 65 130 88 93 57 160 44 174 78 40 64 16 161 24 48
    150 105 102 200 142 230 98 233 144 192 76 108 155 206 56 175 99 46
    72 57 201 131 9 35 183 252 88 106 182 136 55 44 248 66 244 143 230
    68 89 251 169 232 83 167 142 40 148 233 82 55 173 152 81 60 216 226
    115 73 194 95 230 252 68 55 0 192 244 63 91 4 104 155 135 76 41 196
    54 113 33 214 76 226 152 54 183 165 213 97 31 222 104 182 44 220 126
    190 70 95 208 255 241 218 239 141 245 243 105 158 156 199 105 20 202
    253 84 141 49 143 248 155 93 223 49 117 220 25 118 132 151 107 102
    199 66 206 55 168 39 44 140 154 38 133 69 135 139 244 108 85 220 37
    53 210 91 66 178 135 162 81 220 132 250 31 161 238 119 66 5 49 153
    202 152 125 160 80 129 65 181 35 102 226 87 226 220 184 182 125 28
    123 65 12 200 198 246 178 238 147 157 35 213 49 122 249 47 202 255
    189 178 56 171 146 70 228 169 13 138 44 94 199 160 18 29 232 179 50
    11 166 253 214 45 148 254 50 53 37 205 80 255 50 229 46 192 88 200
    90 115 93 223 10 229 175 50 141 166 129 230 73 251 82 234 71 184 232
    172 72 16 14 197 127 189 60 140 110 238 254 96 19 107 57 37 252 130
    98 200 26 105 157 108 172 53 130 237 75 255 126 224 218 236 117 67
    240 43 140 144 242 120 242 107 111 228 247 187 239 120 4 93 91 214 8
    94 204 237 213 89 46 6 181 189 144 132 229 214 141 52 161 254 140 34
    181 160 143 180 206 106 206 158 238 174 39 143 0 41 196 38 157 125
    86 1 32 64 47 167 189 255 208 150 207 63 178 96 157 90 212 131 57
    224 189 7 69 41 254 160 162 39 96 155 35 71 17 142 137 239 119 59
    123 64 204 232 96 255 217 84 139 156 165 88 77 16 127 2 182 204 45
    45 35 23 42 45 110 254 3 208 138 111 106 4 84 25 248 65 61 173 112
    37 127 9 97 3 0 233 5 43 99 241 156 81 175 23 144 90 224 216 254 237
    48 28 197 144 195 121 51 56 113 246 120 133 200 27 86 82 245 168 193
    155 135 38 10 54 222 226 142 227 102 237 89 62 246 123 22 79 216 135
    209 214 167 51 145 102 203 197 14 119 98 74 124 21 35 152 48 153 83
    52 46 52 217 37 4 197 185 19 205 7 34 29 55 110 236 226 89 193 164
    207 56 51 41 124 95 173 141 108 129 42 92 50 219 172 12 115 229 50
    18 72 7 80 80 168 240 78 178 97 200 95 197 85 246 2 181 94 39 177
    237 16 148 206 58 81 113 194 5 49 111 96 255 196 21 105 31 231 76
    102 16 32 234 10 7 69 175 190 44 234 216 9 126 43 197 62 248 255 19
    129 160 116 171 65 20 196 87 15 93 192 219 106 30 77 189 165 241 244
    56 32 212 48 250 168 13 12 19 222 192 181 118 61 199 201 133 224 214
    14 213 45 158 137 114 255 181 57 5 96 102 117 198 72 83 222 93 168
    247 14 164 69 67 186 63 196 110 92 138 81 88 122 134 190 147 9 75 29
    17 172 144 165 189 61 200 86 186 165 194 189 237 223 158 252 30 243
    35 186 238 142 198 5 174 137 26 116 92 115 179 67 107 138 217 254 73
    100 2 15 19 254 248 223 74 78 54 7 243 87 204 21 126 205 201 243 215
    27 127 71 114 23 12 1 94 215 236 49 196 188 175 155 228 248 130 143
    64 176 114 248 93 12 142 249 183 17 36 194 161 220 74 30 112 228 32
    34 65 66 144 226 34 10 89 10 170 100 119 32 96 126 118 240 53 195
    155 112 175 115 204 237 215 248 252 199 199 206 158 15 119 158 18
    115 23 236 112 8 131 165 245 208 226 155 6 212 117 50 202 237 60 30
    207 11 251 35 35 6 163 10 130 226 62 3 66 175 91 42 189 23 191 48 29
    83 59 230 3 167 221 170 77 41 62 69 38 216 162 95 104 139 111 2 109
    25 154 166 179 206 9 246 255 212 236 78 205 90 246 12 43 204 184 3
    73 120 83 143 142 223 89 54 16 255 228 255 86 172 57 7 206 48 53 71
    253 58 167 243 204 77 168 17 136 67 35 120 238 165 21 196 223 109 21
    226 164 13 90 238 149 177 99 57 105 208 94 190 223 136 202 83 151
    146 83 8 193 18 94 81 86 100 127 44 40 117 216 80 84 121 193 157 82
    239 139 133 98 140 44 67 198 2 166 215 174 119 108 95 196 46 117 129
    53 84 110 30 76 92 116 105 120 105 115 146 136 92 22 245 139 70 36
    76 100 219 145 242 161 60 252 8 144 253 36 180 233 43 167 70 137 66
    138 157 93 5 92 251 15 31 83 106 172 101 178 108 102 86 184 72 111
    142 30 157 136 18 28 208 153 210 23 228 89 30 213 244 153 40 38 136
    139 213 66 54 211 197 108 176 141 129 75 64 44 165 212 218 173 136
    91 76 194 108 53 112 13 218 238 8 109 21 170 101 187 150 106 165 63
    37 15 81 181 8 232 216 61 20 148 255 213 222 245 36 63 207 8 173 35
    204 213 86 63 227 179 222 109 219 157 140 212 33 206 249 25 12 170
    180 30 175 182 245 162 232 110 22 254 140 111 226 66 187 36 212 55
    248 171 94 171 19 246 94 22 239 26 186 53 191 2 50 80 35 144 30 98
    92 120 80 85 181 46 122 145 122 230 27 24 93 145 80 48 26 164 160 0
    91 122 252 230 77 191 46 238 8 8 191 237 73 171 129 202 159 217 208
    211 102 191 209 100 38 177 182 196 134 197 194 31 233 57 186 186 172
    234 206 102 227 82 60 30 231 237 247 51 221 140 218 89 56 4 203 251
    49 202 121 249 95 221 44 6 19 36 169 11 161 191 56 44 95 125 64 216
    108 143 67 112 52 99 98 64 8 59 222 198 137 167 233 58 42 13 122 92
    60 178 82 246 232 76 153 240 95 211 175 74 6 20 77 223 42 237 167
    141 101 119 38 95 212 121 229 90 57 145 132 2 227 134 130 170 38 26
    145 63 62 98 122 125 14 31 172 181 97 65 219 86 132 202 227 237 13
    222 236 108 201 70 2 255 101 238 141 100 188 183 224 74 31 70 155
    140 121 246 107 28 68 168 168 68 254 126 244 75 255 146 191 23 138 4
    189 129 32 3 33 15 91 187 46 158 143 60 88 146 200 26 115 223 207 26
    252 34 206 238 214 213 152 225 93 239 230 193 173 59 61 188 125 246
    18 12 151 229 92 69 6 185 72 118 88 183 33 90 86 238 147 96 36 140
    131 73 16 158 216 120 51 0 208 42 45 128 240 5 180 130 141 137 175
    43 33 169 126 135 164 60 214 7 215 10 146 119 230 12 104 32 175 136
    154 241 121 214 98 125 163 178 221 8 249 206 113 108 197 87 92 111
    41 183 48 234 111 10 208 51 93 131 147 118 252 118 177 75 71 93 242
    112 255 194 105 41 170 252 209 246 151 82 232 222 212 40 133 23 180
    213 81 174 116 199 241 130 34 23 42 188 181 178 239 192 162 87 123
    68 21 13 171 155 144 19 81 13 158 179 31 199 58 245 126 90 27 6 41
    236 223 19 93 23 22 59 53 185 14 197 255 194 137 137 61 73 162 105
    102 246 11 134 189 112 74 182 226 69 1 65 227 96 118 219 7 230 253
    88 43 182 105 226 110 190 116 140 97 114 212 234 86 218 154 250 75
    189 93 155 129 118 86 130 152 203 156 63 113 196 167 247 215 4 4 155
    204 45 24 5 159 244 45 8 128 186 118 87 115 84 49 66 56 114 179 46
    191 75 38 212 86 57 20 242 60 32 218 128 133 254 127 92 244 150 27
    20 98 39 51 84 162 36 216 198 164 123 32 160 3 224 67 223 214 6 76
    156 115 15 200 88 75 109 167 162 122 16 91 253 197 74 174 248 21 14
    227 81 91 23 162 193 193 86 42 118 247 254 119 10 212 192 168 73 220
    90 124 1 108 88 144 233 106 14 218 85 174 56 171 204 163 0 174 11
    152 155 160 149 229 80 45 138 22 91 129 61 214 45 175 173 58 23 224
    90 249 11 111 197 136 89 94 42 159 141 59 172 142 233 78 205 7 96 93
    58 97 189 152 148 96 209 171 170 73 16 103 51 255 146 202 60 253 236
    91 29 168 100 115 87 32 57 63 172 253 11 61 145 107 52 80 250 1 135
    147 230 101 86 243 50 62 113 93 18 183 191 27 250 243 83 17 8 206 15
    122 7 195 16 102 250 219 41 181 79 200 51 249 147 200 154 69 242 140
    113 73 200 69 254 42 54 15 83 245 87 189 138 198 184 63 242 54 145
    53 234 130 68 115 212 139 213 26 143 91 93 218 250 100 68 204 234 33
    255 74 210 166 191 102 220 116 103 231 29 191 2 82 83 51 140 68 202
    17 71 62 162 154 214 61 37 245 112 162 251 23 73 111 238 166 107 73
    146 236 62 144 80 43 18 231 151 77 6 194 185 61 124 68 2 26 102 221
    241 26 243 186 99 251 234 64 31 231 11 227 175 186 108 160 128 183
    173 165 172 184 208 106 85 10 143 150 233 235 20 125 143 43 99 82
    170 61 52 75 30 159 157 80 220 11 0 156 183 50 231 117 0 108 244 93
    164 98 165 55 136 82 19 163 25 208 25 29 198 228 197 42 241 183 37
    108 73 175 100 181 42 101 142 73 103 165 235 53 135 115 216 255 91
    90 164 29 184 193 218 19 163 71 124 104 140 171 236 192 223 27 92 76
    199 94 86 57 252 203 11 9 25 74 246 116 253 58 51 77 134 178 126 225
    218 137 211 215 224 66 227 51 218 154 39 48 78 92 101 176 111 15 140
    140 241 101 207 166 53 170 31 207 102 93 220 50 204 13 174 201 91
    128 168 102 199 193 47 174 77 46 83 33 223 250 3 30 238 222 93 155
    235 8 142 232 89 162 125 115 10 240 26 38 68 140 85 26 145 78 69 166
    201 137 79 51 88 108 23 5 88 5 58 93 33 49 237 169 207 248 201 198
    202 159 212 70 137 61 148 193 224 230 252 4 188 46 1 140 44 195 56
    146 114 115 73 217 16 202 92 75 154 9 105 224 193 122 203 56 130 192
    135 239 11 250 208 97 255 214 215 187 118 173 46 30 173 3 25 241 246
    188 61 180 153 113 210 164 245 10 150 173 44 218 56 120 106 223 191
    167 255 143 143 224 130 166 183 100 200 116 81 184 71 193 58 146 66
    142 63 122 217 52 138 218 57 210 200 171 251 64 23 39 87 175 99 81
    50 179 4 79 213 14 182 191 164 17 228 47 191 242 254 2 53 37 71 169
    33 172 29 163 84 82 255 208 112 213 168 39 210 189 93 168 221 0 53
    33 186 255 14 189 254 124 116 110 125 115 186 230 94 12 209 12 179
    150 210 82 97 204 251 54 165 2 15 26 173 116 136 134 24 116 75 110
    152 81 53 209 164 95 255 137 130 156 49 90 247 242 69 175 94 103 240
    79 17 141 118 65 228 196 226 227 16 235 150 44 85 122 184 80 110 228
    171 28 111 41 102 173 5 42 34 30 143 122 246 58 92 165 111 109 202
    105 32 126 229 128 2 153 51 57 155 252 171 68 28 245 4 187 178 4 119
    237 249 32 160 154 111 173 142 50 130 28 231 242 195 31 18 2 21 175
    134 187 218 7 37 217 209 132 250 161 228 166 38 47 228 124 59 89 86
    43 116 71 130 172 253 7 75 62 231 18 145 41 84 46 59 101 96 32 53
    198 91 201 98 163 172 153 83 11 78 172 117 213 223 175 104 218 43
    245 249 34 81 179 243 216 183 34 183 114 196 237 254 242 188 230 97
    230 108 216 244 175 247 26 62 81 163 85 68 198 52 169 174 117 131 2
    81 232 139 25 126 95 173 192 74 81 123 59 155 116 78 111 42 176 251
    195 248 175 58 115 27 33 108 126 140 30 105 126 15 99 247 53 244 205
    62 42 65 108 122 51 219 170 155 31 120 181 247 212 189 31 9 36 136 7
    169 165 63 166 237 147 113 159 184 64 46 199 32 49 187 114 99 107 85
    183 233 58 124 246 20 141 193 148 200 159 15 176 170 235 222 141 99
    173 104 25 234 35 20 150 179 151 230 69 205 209 65 54 194 42 240 15
    3 228 69 42 207 172 25 194 134 249 195 186 13 128 89 9 184 31 83 202
    225 105 220 35 63 197 31 110 38 121 204 75 253 120 250 19 228 106 86
    204 123 240 49 168 172 69 94 254 11 67 14 205 136 46 219 164 26 0
    223 45 208 53 3 222 217 237 154 212 73 74 185 207 165 220 24 147 95
    92 86 74 125 218 29 159 97 241 129 231 90 66 151 68 229 153 54 145
    252 21 132 195 139 41 126 205 223 190 203 111 129 203 235 240 86 229
    16 18 189 75 35 231 179 227 178 122 120 138 59 74 196 126 99 183 43
    207 32 254 234 131 208 242 57 90 45 60 70 176 38 59 149 202 66 177
    253 168 250 44 38 9 76 11 72 4 122 20 194 119 24 213 172 249 221 69
    50 188 49 114 123 6 199 181 137 70 73 64 239 140 32 157 146 213 237
    46 8 62 46 102 229 137 69 17 243 10 124 187 223 10 161 117 96 64 46
    74 108 198 100 18 109 141 165 116 132 92 228 198 104 236 75 42 213
    236 217 177 99 165 136 2 188 229 31 57 44 174 207 60 57 221 176 100
    151 238 116 56 176 251 162 205 160 38 194 182 188 48 78 129 63 241
    99 25 241 140 23 136 138 207 90 172 95 252 188 32 203 62 126 39 151
    36 235 152 19 231 202 87 55 8 64 191 230 227 88 222 176 59 170 174
    140 143 168 175 194 232 236 168 20 231 88 25 236 23 145 64 195 153
    147 61 122 246 211 121 222 10 85 206 189 199 75 37 170 93 204 202 55
    12 53 213 162 240 252 229 179 58 142 195 84 127 84 93 206 169 216
    197 76 67 84 56 84 230 223 184 1 15 29 20 203 166 117 98 102 38 143
    31 156 76 5 58 187 207 211 105 69 238 227 138 0 99 166 115 166 16
    120 192 20 171 32 76 235 98 255 207 103 61 226 44 43 35 161 236 52
    73 0 10 77 169 148 201 221 36 237 168 54 213 97 60 137 197 95 157 86
    108 102 190 44 60 171 157 137 187 107 136 200 58 87 117 199 200 165
    12 149 91 225 61 4 239 38 127 70 133 241 243 13 122 128 5 110 43 249
    115 72 15 239 40 18 138 109 255 44 20 204 232 63 42 75 146 74 91 134
    23 234 56 160 149 190 178 170 150 223 184 164 131 42 33 233 240 51
    181 236 233 177 75 124 150 52 163 134 237 42 40 25 116 197 13 47 188
    182 214 57 56 213 242 144 109 79 207 130 166 99 50 248 13 79 52 3
    119 98 126 87 88 85 104 209 198 118 148 28 26 34 134 93 172 73 138
    54 242 125 233 183 244 249 68 30 39 219 190 112 90 245 39 10 104 50
    236 215 130 105 41 248 145 172 203 109 19 97 5 238 132 162 229 22
    155 138 29 120 221 123 26 120 165 169 204 246 107 212 171 213 94 13
    132 169 103 61 169 217 13 33 22 124 217 41 234 244 242 182 15 28 95
    56 106 143 170 28 138 176 223 69 99 151 196 121 248 50 88 53 213 126
    68 114 10 250 222 181 82 72 172 252 169 147 61 107 208 149 30 4 209
    126 79 195 106 109 147 16 30 163 141 3 221 229 17 46 226 136 108 101
    188 125 119 187 229 222 232 251 174 112 112 77 126 168 17 193 182
    104 243 48 96 98 3 219 7 228 68 66 35 31 250 244 220 229 175 29 22 5
    118 205 79 117 199 87 139 86 214 189 30 24 43 151 51 48 123 73 114
    200 151 89 228 114 193 61 26 226 249 181 208 148 123 206 14 98 7 171
    1 23 226 2 4 201 210 210 50 35 192 26 31 28 220 62 241 215 10 161 36
    110 50 85 146 154 150 107 198 114 52 62 41 151 125 45 195 248 197
    127 143 14 9 217 185 74 20 148 134 249 173 15 232 227 220 171 171 10
    16 8 80 22 126 115 135 88 15 75 153 104 13 223 141 180 105 36 110
    204 242 43 79 241 235 158 225 17 152 136 26 161 85 29 155 124 128
    156 139 6 204 187 78 59 120 24 64 161 239 81 2 149 50 165 245 5 140
    238 71 226 66 231 74 2 234 68 7 195 126 80 190 21 236 51 177 14 114
    11 42 150 11 214 94 111 245 134 205 236 89 119 130 181 104 209 200 7
    3 187 110 239 105 239 238 33 38 131 240 68 88 176 94 235 88 252 102
    184 161 229 129 69 111 168 80 32 166 141 1 179 1 222 6 99 229 226
    243 205 3 152 167 106 158 91 201 18 241 113 154 157 253 93 159 118
    62 39 170 21 150 68 28 209 33 227 140 95 150 203 60 223 135 26 173 1
    211 105 184 41 49 215 173 102 244 85 134 210 128 140 26 23 198 64 5
    139 81 138 98 77 253 60 21 42 17 216 183 64 65 2 187 108 34 89 238
    85 153 183 149 208 57 132 212 197 160 228 186 117 45 170 237 226 199
    64 85 177 233 233 104 122 113 189 219 78 49 11 91 156 5 201 105 214
    238 178 184 48 5 153 230 188 214 230 168 61 109 240 181 143 77 111
    179 247 74 246 91 152 179 101 63 192 41 2 154 9 26 245 93 233 185 51
    42 254 18 94 122 20 135 115 14 172 113 85 82 153 115 163 233 249 215
    148 80 83 236 44 246 69 121 182 219 237 228 185 196 165 196 44 86 19
    73 43 169 153 232 48 16 222 18 143 165 77 250 55 144 139 38 122 25
    123 50 188 235 15 46 217 169 0 73 149 97 199 76 196 38 252 188 245
    120 135 153 74 137 159 54 206 59 106 226 112 19 241 105 12 12 14 130
    157 226 228 128 147 96 84 231 119 68 207 83 119 182 46 111 104 176
    241 232 85 228 17 38 208 154 62 164 143 164 248 35 125 48 116 54 104
    3 239 56 178 100 13 115 25 105 122 27 85 60 37 238 227 157 89 255
    155 253 90 75 218 227 99 170 190 2 189 212 167 138 110 201 255 198
    84 83 106 89 90 206 5 63 0 2 226 3 183 78 183 72 53 192 102 101 145
    150 230 157 97 154 63 63 124 5 45 160 133 113 186 97 142 36 61 78 54
    40 61 161 214 14 25 116 190 129 188 204 224 144 224 83 9 152 117 140
    106 188 240 105 180 12 143 210 201 140 135 114 210 241 98 14 66 84
    31 53 194 58 0 235 118 210 252 221 128 67 48 112 252 5 193 127 132
    56 169 168 225 224 213 75 111 125 62 159 41 204 205 18 26 204 128
    226 183 12 152 36 50 31 137 127 217 233 53 67 200 119 157 185 159
    228 221 160 207 236 51 23 104 23 139 103 58 46 148 110 58 158 88 148
    75 138 39 156 105 252 85 164 55 111 60 25 105 154 67 161 122 110 170
    65 96 234 200 117 31 165 201 57 70 61 148 89 173 29 192 239 64 217
    107 229 71 182 119 10 137 220 28 54 114 40 71 78 34 6 243 43 78 180
    35 113 204 132 239 83 50 174 160 163 4 245 86 39 193 74 206 244 132
    137 156 218 12 225 43 184 201 52 176 255 234 230 90 137 143 133 97 0
    204 150 216 165 128 89 89 249 139 225 108 242 150 220 122 174 240 32
    26 216 206 82 4 208 253 183 113 142 164 184 146 179 189 17 160 155
    213 97 194 30 27 203 193 97 145 76 150 4 239 1 246 251 69 61 159 0
    150 200 57 123 165 66 88 214 167 230 81 55 187 42 89 48 79 6 172 64
    33 38 124 81 193 233 109 202 141 54 52 55 82 66 34 34 66 141 178 140
    118 174 241 95 211 65 98 253 216 13 66 221 105 255 204 205 94 91 45
    186 43 120 206 35 98 92 168 45 232 99 36 179 167 6 109 148 145 115
    165 14 93 245 196 6 249 116 171 246 130 87 198 248 4 222 199 211 252
    245 227 4 11 31 106 207 184 131 153 116 158 118 89 95 170 82 81 4
    117 63 113 2 86 147 241 221 165 83 242 171 125 14 164 178 18 60 131
    187 57 120 4 249 66 77 135 248 123 135 225 236 24 120 121 232 84 27
    205 193 116 201 175 222 117 105 64 93 36 204 8 177 127 98 147 200 96
    81 198 197 9 191 87 52 129 8 78 117 243 46 215 4 81 114 29 207 121
    114 252 24 216 18 192 198 32 3 45 6 170 199 146 43 35 173 197 79 197
    71 139 61 238 60 8 19 233 149 34 184 132 167 30 64 33 176 5 40 236
    54 162 81 186 212 118 54 249 152 215 237 30 223 171 188 111 17 5 181
    197 210 54 145 221 37 171 69 125 2 136 222 162 124 152 66 77 96 208
    5 10 192 232 90 54 172 116 135 152 152 153 114 226 78 197 48 202 166
    245 253 187 217 25 214 149 173 127 15 241 116 102 218 253 74 144 117
    224 25 175 196 99 135 249 53 30 231 49 147 158 185 12 49 75 36 230
    34 219 228 11 35 218 56 180 147 180 185 168 198 153 6 239 164 65 17
    47 121 144 52 114 198 206 87 189 207 216 221 123 66 119 15 60 33 196
    20 21 221 70 5 81 230 145 112 209 70 209 252 188 205 39 33 66 19 139
    102 130 11 70 151 161 215 157 39 51 255 221 49 14 105 84 40 178 236
    185 210 25 215 181 248 141 92 200 252 218 225 126 171 71 209 18 126
    36 3 113 34 141 125 190 44 176 112 23 9 177 20 50 210 93 55 85 44 82
    176 116 51 246 32 234 33 11 52 84 124 25 127 2 3 55 253 246 12 14 83
    6 161 165 35 98 201 193 50 95 11 34 142 32 123 83 189 161 91 148 132
    91 151 113 201 31 167 237 179 185 111 226 218 56 175 14 131 211 14
    95 255 77 218 117 73 143 159 156 186 125 228 63 239 49 51 148 21 140
    21 166 32 226 228 50 131 52 81 199 49 11 18 54 225 103 95 17 254 239
    179 79 193 83 49 227 37 245 25 213 157 236 59 101 115 222 32 66 160
    71 199 211 107 227 251 54 138 192 123 251 246 132 146 245 224 122
    140 61 159 43 68 230 161 133 88 91 104 137 12 135 164 245 204 8 218
    153 81 113 83 12 222 16 53 176 192 101 46 170 17 67 72 76 126 71 248
    138 48 105 83 99 255 153 130 12 209 6 186 76 84 181 119 33 89 199
    223 227 139 117 48 216 198 141 135 161 43 149 125 64 224 196 207 15
    29 241 233 168 26 211 217 142 131 193 87 152 126 155 6 245 235 136
    32 8 60 35 76 254 87 61 73 29 27 100 151 206 213 141 171 132 122 185
    77 142 182 119 112 243 248 150 120 80 132 8 49 26 56 32 186 66 163
    230 232 220 50 224 27 157 41 106 80 93 111 232 162 46 18 3 14 232 1
    114 99 218 60 223 62 228 191 85 83 30 127 162 192 104 69 179 6 185
    11 61 38 45 84 241 58 238 75 34 21 9 99 110 143 134 206 81 118 212
    86 32 112 66 236 191 19 8 216 213 126 15 89 4 164 143 216 75 4 99
    149 243 241 252 168 208 85 28 239 35 172 89 142 250 233 141 105 170
    239 150 79 17 184 197 139 198 176 68 253 199 159 79 77 233 115 120
    223 100 233 214 216 74 207 246 188 196 153 73 89 80 176 208 97 190
    59 155 192 108 50 199 176 207 206 161 179 88 223 169 175 25 252 218
    114 27 147 138 24 154 196 82 87 31 142 245 20 210 87 220 29 108 182
    146 129 18 190 207 109 168 152 178 84 77 95 215 27 157 124 89 190 58
    30 82 232 165 110 193 45 209 52 60 139 168 154 148 92 105 207 249
    107 80 151 149 239 77 150 192 90 24 227 236 130 12 49 252 51 106 117
    187 191 212 194 57 195 85 171 178 2 206 219 119 114 10 1 255 124 27
    93 211 223 44 16 30 6 134 211 77 81 171 184 191 41 51 222 211 46 57
    120 61 2 189 148 84 215 215 0 130 211 155 110 31 215 176 146 63 188
    252 129 33 90 108 186 35 78 66 211 119 182 50 188 100 176 176 242
    245 73 57 206 210 228 120 172 187 181 222 4 116 60 63 217 70 45 30
    54 232 227 148 143 73 65 134 58 211 145 176 136 43 216 247 34 72 248
    104 149 191 76 190 105 158 139 0 53 67 23 112 26 131 120 66 54 119
    128 19 125 190 221 87 135 15 0 59 95 98 111 67 152 63 252 43 188 221
    62 108 11 159 31 102 149 43 106 108 47 62 179 191 32 77 191 12 196
    126 17 47 98 58 77 185 37 200 90 150 178 210 189 199 90 61 128 17
    158 140 147 81 240 40 255 250 119 140 247 92 52 215 171 41 255 88
    226 196 217 224 107 80 144 185 125 40 28 91 24 172 118 53 87 215 113
    237 0 66 250 198 124 167 141 177 89 51 197 207 71 157 163 231 109 21
    42 152 128 216 96 246 251 102 144 238 176 233 38 152 120 38 139 231
    131 71 99 38 53 150 77 70 162 11 99 52 34 172 104 106 61 203 210 33
    16 71 7 90 121 139 128 114 48 149 9 17 236 68 234 4 178 117 103 112
    70 153 32 210 178 29 198 197 192 154 202 225 137 48 203 0 123 14 96
    32 35 43 100 34 143 74 154 185 84 196 102 237 72 148 151 104 36 249
    49 216 210 100 149 90 127 23 39 97 113 47 181 17 98 122 113 69 58
    150 12 184 157 108 51 122 247 184 31 46 205 209 13 85 216 159 217 16
    253 56 243 185 206 15 36 129 12 242 136 37 158 1 35 27 225 31 70 51
    120 227 192 9 170 235 192 101 62 57 247 76 144 76 185 37 178 59 235
    195 81 4 169 228 173 226 48 145 255 27 225 209 193 3 43 185 65 211
    38 142 102 232 196 57 48 85 131 242 209 242 231 241 212 149 144 74
    46 111 87 253 95 169 9 234 241 200 236 140 106 91 55 225 152 215 65
    236 63 152 191 217 236 151 247 253 25 185 167 129 86 163 143 168 28
    57 171 33 227 241 30 89 91 113 67 2 250 169 73 143 13 55 84 28 188 4
    186 91 92 124 213 234 113 90 5 207 70 49 183 197 194 112 48 74 227
    217 247 16 186 151 191 81 231 41 99 224 200 208 50 132 158 31 137
    203 20 76 169 82 230 240 83 145 84 212 50 140 136 20 178 79 193 89
    81 80 22 100 170 244 230 28 169 178 135 184 163 58 2 123 58 121 209
    179 53 200 158 132 160 196 10 225 149 54 112 216 3 232 98 122 88 133
    53 218 227 91 254 191 162 64 239 53 56 31 99 51 140 1 7 122 252 242
    39 173 70 242 223 152 242 27 148 170 105 122 100 213 157 26 132 174
    0 238 4 91 207 123 118 177 19 51 182 24 127 16 162 18 215 97 237 149
    120 148 22 22 228 74 55 243 214 112 166 69 156 243 166 22 80 84 169
    201 248 146 223 177 13 158 39 151 184 212 90 99 135 69 171 45 35 132
    37 73 138 236 118 246 237 15 3 203 5 130 154 143 235 62 105 248 183
    146 135 22 27 247 244 162 68 2 159 38 94 11 216 12 241 101 107 14
    144 167 97 179 99 216 8 144 159 193 86 226 188 72 17 158 212 161 141
    189 38 113 87 79 81 114 23 66 151 251 254 140 251 76 129 143 212 255
    80 62 50 197 109 162 212 239 71 255 42 233 60 205 112 63 111 155 165
    157 118 251 105 57 238 235 75 5 50 36 115 104 62 156 239 248 58 124
    83 75 230 10 249 237 4 230 150 98 17 183 152 150 197 81 140 213 226
    155 158 36 49 76 45 224 32 165 205 161 239 54 39 85 130 218 126 39
    228 225 5 162 21 170 254 55 200 148 1 124 234 185 29 8 163 253 228
    184 237 191 3 34 218 195 252 77 135 2 63 79 97 123 73 41 103 254 76
    169 154 45 198 238 233 215 114 4 109 165 221 87 104 248 196 119 219
    101 142 16 2 36 253 99 51 58 92 169 218 251 158 99 29 108 124 46 200
    30 105 2 39 151 78 63 37 107 117 218 180 77 132 100 61 124 91 106 27
    128 26 149 18 104 91 40 3 158 213 137 11 224 82 240 101 19 63 192 91
    155 221 109 62 247 141 27 247 132 244 76 195 16 122 172 95 255 220
    67 183 171 5 165 46 95 120 111 98 220 218 131 200 183 252 97 46 49 6
    9 240 202 153 200 8 249 76 201 92 122 206 108 170 196 58 25 22 100
    178 53 154 152 141 31 166 160 131 239 94 116 183 185 90 183 143 206
    62 172 194 168 83 19 199 27 77 58 83 223 119 201 174 244 1 208 149
    219 226 107 207 152 39 29 96 128 51 255 206 183 141 150 208 236 200
    114 79 65 156 136 90 43 28 205 22 178 124 71 36 138 13 238 69 209 33
    173 242 234 18 22 125 100 10 23 175 14 111 211 167 5 109 112 224 189
    146 134 141 126 78 40 160 242 51 45 194 95 81 183 228 71 201 77 158
    51 138 35 114 94 172 228 55 117 198 103 135 115 93 203 208 171 46
    176 183 8 169 123 61 242 218 74 68 108 40 197 42 42 197 34 191 221
    135 106 72 35 200 111 71 56 124 153 115 55 124 22 246 250 110 140
    152 214 186 143 178 114 223 117 109 231 67 57 246 215 70 125 171 135
    90 247 202 19 145 48 75 214 228 126 152 241 92 7 241 82 132 106 46
    77 177 61 235 93 98 239 114 149 209 100 65 125 43 28 230 6 230 23
    237 81 146 129 203 155 229 125 110 107 210 50 111 87 235 213 218 196
    154 155 228 242 66 95 229 30 140 217 147 53 39 126 81 140 98 129 133
    6 97 164 111 49 130 225 31 141 235 121 98 118 21 120 173 230 246 133
    46 112 223 135 218 134 86 100 190 171 239 68 44 218 213 21 191 201
    102 33 228 81 54 209 144 55 74 85 67 72 179 255 180 191 36 85 20 23
    211 14 123 81 168 150 216 233 186 61 20 7 252 15 51 94 93 112 14 131
    32 37 64 206 91 67 211 126 25 8 179 42 73 12 67 152 70 184 189 199
    10 236 140 232 222 85 240 28 252 77 188 37 95 125 151 184 50 102 95
    210 25 202 141 101 216 17 217 140 103 187 3 121 56 80 140 154 120 94
    162 191 184 74 70 92 205 209 192 38 100 106 152 167 152 55 73 177 89
    26 73 206 240 69 221 179 178 112 202 22 191 33 182 7 70 240 68 40 59
    206 80 52 157 160 122 90 11 57 69 198 52 174 53 141 8 17 135 69 234
    185 195 108 199 208 140 164 31 167 174 116 199 172 165 225 203 202
    104 160 96 203 73 53 14 78 181 70 88 37 99 217 6 163 137 138 233 143
    179 100 128 93 89 8 144 9 205 70 109 179 61 241 94 82 71 77 1 19 181
    216 72 91 155 109 159 123 59 101 71 245 139 211 85 186 245 233 55 29
    183 42 165 99 220 214 86 171 43 38 64 167 123 171 255 9 70 210 193
    64 165 112 207 20 230 1 17 216 53 33 46 96 175 196 53 238 145 220
    126 101 151 194 238 172 15 6 41 164 193 39 85 244 3 148 98 217 28
    239 194 222 215 125 198 224 48 15 88 162 151 25 24 124 23 230 108 92
    161 244 58 25 191 50 39 78 183 52 160 211 48 39 119 197 61 177 214
    188 16 214 108 220 55 74 23 152 149 46 229 83 74 169 30 74 224 5 59
    107 248 232 147 189 99 188 226 151 76 223 232 153 7 95 112 56 114 31
    28 105 0 38 11 95 12 193 14 198 203 131 89 239 50 252 122 206 65 43
    189 8 1 24 87 228 224 190 103 130 198 253 106 13 161 70 128 168 167
    253 244 150 179 122 40 123 105 186 119 163 147 152 8 191 8 69 8 92
    36 107 60 65 236 231 229 128 30 2 2 228 74 82 70 193 165 59 226 139
    62 30 238 52 255 244 230 47 86 247 216 181 17 133 189 98 46 126 204
    88 223 14 0 153 160 232 189 6 221 230 30 136 85 32 105 51 60 198 134
    122 109 132 139 2 222 57 77 179 71 230 126 46 52 169 90 5 85 42 220
    117 158 173 20 135 245 89 31 130 28 189 75 51 76 206 41 115 167 133
    219 64 55 209 8 137 189 41 174 198 62 49 87 255 148 208 94 160 186
    18 101 154 180 56 122 133 199 247 183 100 108 22 106 87 126 204 15
    247 145 33 121 122 60 221 249 74 14 132 216 150 93 49 173 247 51 254
    4 119 65 194 57 123 18 8 202 95 198 189 239 194 84 107 94 52 138 49
    230 21 221 188 228 243 190 67 152 163 7 26 105 238 169 188 136 195
    234 146 20 145 52 28 209 52 140 16 143 203 175 112 168 44 211 18 158
    234 34 145 175 128 59 11 221 118 229 50 73 136 53 29 41 115 29 75 26
    114 25 126 226 163 91 81 105 172 218 92 228 66 243 165 170 157 133
    62 130 166 243 58 227 178 135 173 240 103 130 104 51 76 160 63 53
    232 159 7 244 155 201 221 200 63 160 105 79 15 55 98 45 139 240 211
    34 127 136 132 88 158 98 253 118 67 67 193 77 139 119 111 175 59 230
    48 84 106 59 150 173 200 135 146 129 127 42 200 140 176 206 39 227
    196 231 80 42 144 168 76 182 110 32 167 232 251 52 235 243 91 165 13
    144 33 231 103 173 145 173 64 89 58 114 124 86 219 165 219 35 76 36
    123 164 145 120 82 189 195 205 7 13 245 55 116 201 221 183 27 250 96
    29 237 151 115 13 200 206 20 82 164 187 10 241 153 59 240 237 165
    147 211 254 90 55 179 218 51 7 170 159 84 197 13 255 222 112 89 212
    229 192 26 176 115 81 234 87 19 45 185 42 83 223 151 28 2 202 38 96
    220 222 218 131 8 43 29 32 21 116 156 95 28 221 79 69 10 180 59 126
    15 110 161 70 135 49 248 71 242 3 144 7 91 255 126 171 190 141 112
    214 101 129 69 127 235 62 142 89 224 46 35 33 91 110 120 198 113 202
    232 195 189 106 166 183 148 72 68 162 48 194 62 173 196 121 182 240
    62 63 115 119 106 210 163 197 251 110 176 254 107 10 60 101 165 196
    174 91 123 184 165 201 200 199 253 221 82 158 238 125 20 182 254 111
    153 48 103 137 96 140 20 224 97 152 244 195 134 218 165 143 219 211
    251 20 164 52 245 10 188 161 164 41 236 70 222 66 134 213 145 206
    130 12 23 20 188 47 11 127 232 222 164 60 53 184 238 54 12 109 105
    94 235 194 130 32 74 0 223 209 121 90 143 81 20 83 225 230 66 12 241
    72 213 115 73 229 188 120 208 124 86 89 113 51 234 155 44 157 123 32
    130 164 161 247 83 126 108 186 48 240 165 171 19 53 245 48 171 172
    58 219 97 138 159 150 80 10 53 111 183 48 207 118 55 151 206 116 75
    79 75 102 115 40 85 187 106 86 119 255 193 63 211 202 116 253 33 62
    192 160 146 22 112 215 100 97 235 92 180 103 97 80 65 177 79 14 18
    83 154 69 145 243 117 85 11 83 250 159 121 236 120 120 171 36 21 125
    33 137 233 50 104 146 145 125 19 200 68 44 250 70 128 114 164 11 233
    230 7 127 255 80 60 155 190 226 157 213 201 51 37 218 1 153 23 46
    194 106 224 95 113 119 125 234 39 130 223 231 211 197 12 49 10 67
    199 210 39 1 188 169 12 90 200 50 133 80 50 228 97 62 20 57 117 49
    18 62 17 236 250 48 17 202 119 191 13 173 128 47 208 61 209 133 208
    68 84 9 69 246 218 228 180 63 209 25 7 226 7 217 120 163 121 7 142
    42 245 161 188 67 58 51 143 244 201 240 92 251 84 106 93 169 169 233
    48 60 31 234 24 33 229 107 130 205 175 26 69 252 245 242 94 116 6
    165 150 90 253 143 6 169 222 212 11 3 43 96 82 200 252 153 241 3 199
    222 65 93 238 175 133 188 102 208 66 70 64 198 29 101 3 158 182 132
    158 54 8 251 135 1 5 253 82 97 112 237 205 2 144 20 206 11 104 173
    40 186 67 142 176 120 162 247 235 156 73 62 226 183 134 28 15 81 100
    163 233 137 158 195 134 33 79 58 136 38 186 174 210 49 47 68 240 192
    57 70 162 243 12 81 158 128 176 85 188 189 28 160 135 81 219 130 24
    225 148 96 132 240 169 124 56 149 202 4 61 251 73 249 165 215 180 73
    123 160 205 171 187 70 214 40 215 209 87 172 115 8 23 197 15 141 151
    190 176 108 72 11 143 80 254 106 17 103 56 237 174 117 255 80 96 99
    242 70 78 247 54 213 191 52 199 70 13 247 240 158 3 47 201 13 61 201
    231 106 197 194 65 123 11 206 9 109 251 134 75 225 1 214 167 203 140
    178 8 89 225 33 84 45 88 206 24 243 127 209 96 74 2 133 201 218 161
    45 237 109 96 112 177 10 218 127 156 27 47 215 146 74 227 6 75 74 80
    197 197 204 0 185 194 209 9 133 184 204 164 64 71 155 229 99 169 45
    45 239 45 78 226 37 164 113 20 188 125 121 215 60 196 117 139 104
    234 51 57 26 254 129 70 1 112 54 246 119 38 15 120 205 56 130 58 115
    230 236 171 51 29 105 171 13 238 170 150 250 152 39 208 187 140 85
    217 198 182 162 38 52 102 132 12 22 76 245 92 75 215 142 147 247 15
    112 254 115 14 109 11 249 152 225 139 252 190 83 157 171 24 202 47
    44 45 20 88 215 100 109 42 51 112 151 100 4 150 255 171 8 5 135 187
    20 122 250 45 111 188 195 201 7 82 107 167 11 125 74 198 19 143 82
    157 236 49 132 112 1 38 27 6 119 203 28 124 130 199 3 92 73 177 165
    143 167 153 57 98 158 170 16 64 51 227 195 94 42 155 48 4 156 136 34
    49 254 201 161 8 197 188 150 220 135 109 189 61 148 33 227 60 100 87
    38 22 227 49 242 77 136 92 24 249 101 34 202 247 242 173 154 25 98
    141 38 0 80 155 32 190 162 99 43 194 93 52 118 138 243 30 11 214 224
    249 120 53 71 40 11 45 77 119 86 248 50 102 36 67 225 148 16 58 186
    182 179 138 9 130 195 74 65 0 164 197 140 14 0 117 137 133 188 139
    185 56 45 99 11 253 187 17 225 128 20 178 12 141 53 163 66 27 71 24
    138 224 211 181 176 8 157 19 226 173 32 210 122 44 40 166 140 154
    142 244 185 60 234 252 166 157 79 141 205 228 46 224 254 84 203 83
    216 123 182 187 59 24 111 242 206 5 66 67 167 138 156 17 107 156 13
    98 214 127 110 79 44 55 128 250 123 226 50 223 183 165 193 60 109
    205 31 43 245 208 108 92 22 101 43 159 210 193 211 137 99 59 65 3 17
    223 135 101 130 73 233 226 227 232 252 125 70 16 216 205 83 232 33
    228 208 115 52 98 203 75 63 252 6 152 248 2 211 8 150 110 216 128 20
    238 176 74 5 155 216 202 69 226 17 247 166 149 226 220 171 138 41
    212 222 189 134 248 79 11 15 104 84 15 103 35 51 108 136 199 230 141
    13 184 145 13 127 235 171 78 95 214 50 152 151 35 142 176 246 183 16
    123 95 187 138 134 166 185 152 131 49 40 20 54 66 14 0 196 101 255
    50 84 153 158 173 114 132 157 106 48 228 201 196 49 120 84 210 201
    243 170 172 114 41 97 93 126 17 81 131 28 168 125 51 203 113 38 153
    161 109 101 180 60 181 125 204 76 53 178 2 151 226 146 137 110 141
    35 59 45 108 143 242 101 182 219 96 224 46 48 102 253 72 15 135 175
    171 45 161 142 161 54 64 118 96 218 144 103 57 36 103 64 126 109 126
    237 79 222 189 107 38 132 33 198 65 120 62 113 117 92 18 229 64 106
    20 147 53 104 197 167 237 194 173 112 178 11 47 204 36 134 110 233
    78 75 13 133 129 249 50 81 189 116 63 194 12 35 224 65 83 148 160 60
    215 85 240 159 15 18 73 211 195 238 159 23 214 214 116 60 41 239 55
    209 221 90 99 155 6 1 74 189 211 21 114 170 173 2 97 69 235 186 174
    31 125 86 56 186 55 213 33 143 215 72 228 33 167 52 203 90 97 46 67
    255 237 168 121 173 121 137 239 244 109 249 132 232 36 152 254 104
    184 65 30 193 217 91 177 16 77 162 30 203 23 17 25 97 63 136 55 190
    192 2 133 213 190 64 247 44 109 186 129 45 57 24 151 150 91 238 108
    170 118 41 219 42 66 250 229 150 66 57 144 132 253 233 88 141 33 133
    197 21 136 24 99 128 80 74 240 52 242 160 79 68 15 195 61 181 134
    121 199 193 131 70 132 29 231 162 149 76 78 37 80 215 79 139 4 112
    63 242 72 195 223 246 168 232 227 230 81 244 157 24 247 210 123 131
    186 223 19 80 250 45 146 142 95 142 170 231 97 54 90 157 79 57 19 67
    216 36 241 72 163 51 222 172 159 184 126 146 203 194 27 217 164 37
    110 93 240 138 192 52 24 20 234 144 83 167 249 147 96 71 105 117 136
    103 213 108 202 178 178 115 207 200 94 185 6 168 126 72 207 154 40
    173 19 191 177 94 178 5 109 133 111 178 23 146 77 140 161 47 9 47 87
    4 134 41 119 182 239 249 229 65 122 206 100 61 251 89 182 161 99 112
    57 94 121 94 226 17 49 117 134 16 16 64 249 4 163 9 121 233 176 26
    100 57 82 43 242 231 229 150 11 7 62 124 21 157 46 205 249 27 55 131
    192 88 55 81 237 151 249 233 70 80 149 243 218 238 253 181 67 152 36
    51 232 234 71 55 92 2 87 185 62 7 143 205 210 112 95 227 241 18 95
    197 41 178 213 119 181 201 186 161 157 144 12 253 18 92 226 9 202 98
    67 250 157 181 33 223 60 14 223 124 231 169 91 156 4 249 56 159 204
    201 33 0 211 99 246 245 25 67 72 221 120 225 111 64 21 2 173 91 181
    138 55 150 33 183 64 44 114 234 34 92 232 228 254 102 107 76 235 6
    130 203 243 29 177 225 236 126 165 219 34 176 123 75 253 188 78 229
    39 188 158 75 178 124 236 74 140 52 152 202 115 215 95 157 59 128
    210 103 126 163 240 196 29 190 79 113 237 133 191 227 228 48 122 241
    227 2 164 116 185 15 141 131 131 236 57 56 245 31 136 52 179 7 126
    29 198 102 228 99 158 250 253 113 150 227 150 201 63 42 92 250 14 26
    237 156 3 181 143 190 107 199 134 16 160 145 129 56 0 57 199 54 210
    188 158 108 164 37 5 190 105 144 114 246 88 72 109 232 223 220 226
    83 156 72 139 70 89 181 65 238 98 230 1 213 218 139 83 151 147 89
    141 161 84 192 20 255 87 238 132 78 130 55 33 96 16 169 229 126 195
    197 129 61 2 10 151 164 100 28 232 120 114 218 66 248 218 105 99 52
    162 172 53 171 155 171 134 16 189 8 203 194 41 252 216 110 100 160
    249 192 120 150 224 214 39 228 159 65 177 196 113 35 173 70 180 128
    3 167 81 221 189 49 82 183 228 238 146 30 62 133 0 96 214 23 116 235
    180 246 130 162 200 2 36 249 232 143 74 181 1 234 64 6 240 165 19
    151 118 186 16 220 164 91 77 214 75 178 56 140 167 248 110 191 114
    240 144 229 180 97 86 90 114 173 17 57 80 233 107 135 148 78 120 39
    192 95 212 74 128 79 217 195 248 222 75 137 243 160 35 145 72 193
    146 251 166 216 240 113 43 30 255 171 233 86 180 227 166 59 200 100
    39 156 140 185 147 28 53 55 103 31 59 214 34 46 86 243 45 69 81 239
    204 215 247 80 146 78 104 165 19 173 231 224 132 28 14 1 217 72 40
    62 252 177 43 40 96 210 211 160 119 158 53 31 204 59 158 215 192 229
    197 18 201 230 234 158 99 27 24 162 186 67 0 231 112 16 41 152 107
    104 135 62 20 234 141 188 115 137 159 118 32 2 136 70 143 97 10 83
    103 85 184 16 55 201 25 13 183 215 145 88 125 107 219 70 3 193 201
    128 168 206 248 185 4 97 222 147 136 106 135 58 59 204 88 46 122 120
    185 201 101 98 205 157 87 134 139 105 80 238 213 4 112 139 141 119
    194 51 180 61 190 196 186 57 200 2 249 49 180 173 0 231 86 255 244
    152 43 22 124 190 129 181 83 30 191 89 236 233 160 248 89 197 218
    120 224 146 221 12 135 56 198 202 16 64 77 81 157 236 92 21 169 236
    155 102 244 232 234 88 221 234 207 104 132 57 143 186 101 170 245 25
    22 168 65 128 110 125 39 45 232 204 125 243 194 40 9 130 61 198 250
    130 110 103 145 119 186 242 194 105 129 224 51 229 18 179 38 162 161
    246 115 172 5 137 196 219 95 83 32 206 214 205 254 238 211 38 26 159
    208 33 184 49 186 124 189 146 146 125 159 20 239 67 4 97 54 177 64
    196 128 245 108 249 132 90 1 10 76 229 105 2 221 34 55 35 194 2 93
    97 139 67 151 133 168 154 166 92 231 159 52 93 177 234 149 121 212
    172 142 77 146 18 124 146 63 155 42 1 168 228 64 80 229 118 111 65
    121 240 130 17 167 94 87 247 122 118 24 151 166 176 165 164 188 52
    40 93 242 10 228 233 121 7 8 207 239 233 201 34 166 154 238 83 66
    116 182 141 149 254 183 245 43 104 186 72 166 200 108 38 105 159 56
    9 30 187 245 89 26 12 73 176 143 218 42 164 124 64 85 248 161 162
    250 72 208 176 29 181 150 55 126 216 133 201 248 241 220 46 81 235
    167 213 19 41 240 214 175 134 32 152 226 207 217 2 42 178 9 4 188
    233 96 115 227 57 91 165 200 127 178 83 80 167 244 30 57 30 28 208
    126 229 212 198 161 117 225 108 237 84 186 28 210 87 7 22 114 67 201
    219 219 73 92 137 115 229 108 216 135 103 113 155 131 168 142 1 117
    151 182 49 135 191 1 45 42 226 144 137 6 234 25 235 52 225 99 33 19
    57 197 157 104 154 212 2 237 95 154 172 65 15 50 167 59 5 58 68 22
    234 240 45 154 192 130 35 217 214 9 182 249 196 78 36 181 151 13 67
    82 56 243 176 116 174 123 133 103 27 111 5 27 197 185 53 12 31 101
    159 234 30 2 205 196 32 49 186 112 228 159 252 61 238 179 31 196 87
    37 128 255 97 96 10 192 88 174 79 43 168 113 106 99 211 82 116 238 0
    145 231 118 29 101 90 200 151 239 18 54 156 238 214 111 199 97 127
    137 22 175 54 230 31 203 151 15 89 230 89 51 164 83 157 188 139 126
    165 220 36 207 130 33 22 248 9 149 175 55 61 43 72 105 132 41 141
    247 136 166 37 192 10 37 101 188 82 93 16 1 221 252 152 124 122 117
    46 91 148 211 23 25 76 21 152 251 129 132 54 154 110 176 23 163 189
    109 196 24 58 181 198 165 127 238 34 51 143 249 154 219 2 141 87 166
    239 201 101 211 214 80 48 122 209 221 206 118 163 140 200 40 32 89
    139 29 160 60 85 33 80 141 204 75 186 72 166 119 211 178 229 89 232
    75 20 53 155 118 106 177 30 97 164 165 232 117 103 172 174 148 91 35
    46 3 20 154 12 99 158 60 21 12 219 51 52 10 46 72 180 140 211 180 43
    148 247 37 1 33 231 7 50 235 218 236 220 98 121 66 242 169 203 227
    208 70 177 43 2 232 100 13 54 100 134 190 225 221 71 112 166 11 189
    120 142 18 159 237 16 172 106 98 173 216 17 215 197 18 128 151 50
    117 76 185 68 127 134 168 177 55 228 125 128 165 110 252 209 56 231
    218 97 188 57 96 108 17 64 62 38 52 33 124 54 54 46 146 210 230 109
    180 165 48 253 87 231 217 69 217 127 232 42 61 77 169 136 13 119 26
    19 222 134 203 99 232 124 67 238 104 121 206 69 218 85 168 26 243
    246 29 184 102 75 82 15 210 1 4 125 109 204 101 96 95 249 21 130 24
    247 38 88 64 110 33 16 145 161 44 6 240 195 140 202 67 59 82 23 111
    190 8 248 1 205 234 141 161 71 56 180 147 169 35 240 180 157 232 253
    252 198 60 248 24 113 143 65 179 10 247 13 56 213 105 94 192 195 233
    99 160 204 162 213 16 17 193 9 146 118 62 141 133 138 174 83 19 84
    21 60 67 112 43 2 143 213 220 164 222 66 130 239 174 55 115 223 74
    245 27 117 162 36 216 72 36 41 10 212 68 244 205 124 11 47 220 79 8
    131 134 249 247 73 86 16 57 128 186 111 112 176 189 82 182 138 140
    238 185 12 40 110 122 65 86 11 145 207 136 132 181 140 74 173 23 216
    99 18 153 118 43 114 0 20 12 190 193 39 235 114 105 242 88 230 241
    85 127 52 65 194 227 200 113 20 236 229 93 225 189 137 124 102 106
    60 47 2 224 95 173 75 191 171 23 155 72 68 187 203 4 216 213 132 53
    216 111 177 90 254 213 60 35 6 239 149 248 36 81 240 117 7 228 174
    83 166 159 26 63 205 147 199 45 162 119 152 44 86 255 122 65 7 250
    244 112 59 215 122 181 129 131 22 37 252 245 118 44 33 14 193 138 16
    145 62 177 128 59 8 216 127 82 181 239 52 205 186 162 79 34 230 96
    206 37 128 95 104 19 73 133 43 196 143 90 7 22 79 146 186 67 38 216
    171 106 86 166 84 226 79 164 60 58 158 3 212 140 205 104 9 170 43
    161 232 50 78 36 226 233 31 140 111 71 132 114 249 83 253 68 201 18
    178 250 59 245 149 66 80 250 80 12 92 121 56 38 199 208 184 94 6 73
    254 121 157 170 128 62 166 236 240 189 156 143 99 224 30 93 1 116
    155 63 10 227 122 120 162 20 190 7 32 85 26 72 3 194 84 250 244 25
    255 122 47 119 204 42 88 106 234 17 198 219 112 239 95 174 127 246 5
    43 253 218 231 86 202 210 185 52 183 122 194 207 122 162 55 1 226 94
    127 133 100 77 119 195 208 35 167 50 20 207 28 171 52 72 63 90 237
    52 31 202 177 94 134 236 15 109 109 189 228 203 128 251 197 11 174
    102 54 176 183 2 18 204 45 53 170 141 197 116 45 207 231 181 201 201
    123 197 249 55 187 166 18 76 189 167 129 149 236 139 54 164 118 90
    76 34 29 171 62 16 212 91 4 52 193 77 155 192 177 198 18 226 248 89
    231 47 65 150 22 150 42 253 111 185 210 44 40 28 194 93 103 206 199
    147 87 39 85 114 118 136 193 224 20 20 94 243 142 167 79 14 78 219
    217 20 130 112 100 166 53 225 164 11 39 203 237 156 198 160 189 232
    196 17 124 101 29 210 164 18 36 190 61 167 186 162 225 37 92 130 177
    154 107 162 184 9 255 252 92 254 128 196 166 57 97 61 170 16 127 189
    41 199 195 143 83 166 131 198 250 217 76 140 23 226 82 200 65 234 97
    84 118 46 171 137 73 50 133 164 63 29 29 141 154 70 125 159 27 117
    239 197 251 221 241 233 193 184 0 53 157 22 213 171 204 107 26 250
    202 19 141 202 148 105 103 249 8 46 181 219 135 211 178 171 116 99
    16 136 226 126 37 39 217 235 23 181 196 37 129 187 20 73 126 31 177
    32 241 34 249 220 40 63 65 43 54 0 25 13 22 207 74 181 72 15 31 86
    249 204 164 146 126 182 126 114 199 208 187 0 11 55 19 65 48 136 116
    45 26 156 34 26 54 76 50 46 246 219 17 108 176 227 24 191 42 4 34 8
    69 213 149 232 63 251 49 99 235 234 40 242 64 9 120 32 213 181 215
    225 98 204 165 116 111 197 162 195 67 35 36 38 160 105 63 202 15 116
    175 143 194 215 140 82 199 255 3 69 99 212 23 72 86 139 90 119 221
    162 126 141 18 24 14 32 98 157 127 153 4 163 12 35 105 140 94 212
    177 2 210 67 93 187 189 204 41 134 133 212 2 152 186 114 32 175 166
    202 208 98 93 232 50 243 143 198 142 214 77 151 99 233 129 32 105 69
    106 108 190 55 91 65 194 114 2 5 80 14 152 145 214 27 5 136 248 50
    208 0 137 134 198 218 71 33 73 38 153 63 89 147 6 250 219 72 208 7
    165 208 168 226 78 171 118 91 103 132 223 10 145 156 249 146 36 106
    134 79 94 69 174 163 87 247 225 56 207 168 156 96 80 162 128 165 150
    246 42 5 201 59 113 112 78 247 4 162 84 92 16 25 195 4 33 4 201 166
    108 26 48 65 54 212 104 232 195 233 169 102 232 163 101 8 14 37 1 28
    152 103 246 63 243 222 63 163 59 57 138 151 41 89 91 59 176 195 22
    225 177 229 111 122 43 53 7 231 25 108 39 4 163 19 135 26 102 5 3 7
    131 20 8 175 205 31 73 241 148 175 85 201 238 172 165 127 94 167 39
    240 90 254 47 115 82 158 68 192 251 232 200 225 114 63 41 188 242 25
    38 53 221 37 138 88 181 3 247 126 0 229 123 19 128 173 132 130 223
    31 172 45 239 84 126 183 61 204 226 160 189 98 202 10 76 126 157 176
    154 14 41 141 115 109 106 215 90 121 171 114 19 252 170 168 221 179
    8 150 41 229 215 56 8 99 162 100 111 47 187 16 43 2 143 160 43 49 59
    212 22 216 154 139 42 215 212 160 23 56 60 194 240 24 170 145 173 55
    180 215 33 237 101 247 6 5 250 56 192 131 23 230 240 181 94 184 207
    171 62 249 249 41 158 123 4 92 98 124 145 248 72 226 33 222 70 43
    151 40 57 150 69 89 14 104 51 189 188 254 66 199 254 76 221 56 70
    121 39 145 200 69 207 206 42 64 15 181 66 192 74 59 138 163 22 41
    250 217 149 132 169 76 132 29 240 88 249 102 158 194 209 242 135 193
    49 243 94 24 121 17 124 184 29 126 3 204 246 2 241 37 146 37 239 127
    144 205 151 78 94 17 236 88 147 140 72 102 16 12 154 99 59 68 206 81
    111 96 140 73 216 196 107 187 219 107 207 247 70 182 115 77 35 125
    138 97 99 178 133 92 233 144 40 126 156 49 175 88 68 205 193 6 36
    254 174 239 144 68 135 122 157 60 169 96 63 118 129 178 57 221 5 137
    178 76 232 244 183 112 105 59 93 218 59 11 195 89 72 164 59 174 107
    111 159 99 105 166 154 72 209 57 215 176 133 224 154 28 150 125 23
    199 139 8 35 48 229 35 241 240 119 209 85 134 250 118 73 45 199 185
    171 39 162 152 112 161 232 202 194 127 23 178 184 157 212 48 163 45
    71 222 95 225 228 135 110 136 5 40 135 62 211 90 73 235 118 143 140
    141 172 142 43 101 13 78 119 17 149 82 38 1 141 191 9 153 98 107 69
    124 255 109 194 164 38 238 100 50 162 37 41 11 95 95 229 188 156 22
    11 160 2 48 190 241 160 4 175 89 22 40 108 61 28 212 27 190 78 25
    145 190 236 46 0 17 43 217 6 161 194 127 81 26 241 132 123 136 107
    220 16 98 42 113 148 196 66 71 254 253 201 200 91 121 185 203 255 83
    71 119 252 3 148 183 234 61 1 248 114 193 152 201 238 183 142 225 4
    131 161 190 158 197 175 224 151 124 7 43 134 44 132 94 108 119 21
    189 113 224 64 15 138 20 127 26 176 203 168 250 75 176 94 203 195
    121 102 141 98 64 74 203 181 178 8 249 92 62 32 47 52 26 130 185 156
    9 182 143 67 172 27 52 83 146 139 148 23 134 254 99 119 31 129 45
    223 147 118 29 147 94 210 153 146 181 137 39 154 111 176 128 25 28
    74 15 76 141 180 224 87 125 57 14 165 22 7 196 133 232 110 222 182
    235 18 99 182 27 97 89 113 83 95 141 188 41 121 186 84 175 58 18 172
    225 151 162 16 178 53 81 134 137 144 223 93 81 142 151 235 132 180
    235 168 119 64 245 240 225 179 153 10 209 73 153 0 90 59 63 250 250
    196 38 6 163 151 225 215 28 10 136 235 6 56 117 61 161 157 30 57 48
    49 95 16 54 73 241 69 133 3 231 110 142 162 240 164 182 132 192 124
    157 133 147 235 86 83 11 179 61 193 70 22 44 113 32 143 243 126 118
    178 123 204 80 252 253 136 143 65 121 240 132 212 31 120 138 91 26
    22 147 133 224 185 117 18 9 115 34 127 136 151 242 98 106 93 212 51
    235 38 117 51 253 245 183 190 82 174 121 106 143 244 73 70 153 24
    232 118 73 45 100 240 204 72 178 113 126 77 110 214 78 158 137 152
    56 76 186 130 109 184 115 188 132 51 111 150 52 211 126 37 129 85 78
    110 92 95 59 193 96 128 205 132 127 128 173 251 70 24 129 21 72 106
    182 128 107 97 204 142 211 196 205 187 40 163 141 75 136 174 150 86
    117 84 29 164 58 245 144 53 203 14 234 78 228 197 195 24 94 47 207
    140 35 253 142 111 183 255 162 99 185 230 120 143 156 33 24 188 221
    73 117 158 230 76 238 135 181 206 78 205 204 148 95 57 10 226 145 57
    66 127 53 50 186 18 95 31 35 235 106 250 10 151 36 5 95 89 34 40 7
    243 68 229 212 105 81 92 97 174 154 96 16 13 223 210 254 118 97 147
    12 43 209 151 191 59 176 152 95 107 54 109 8 119 23 88 249 128 210
    248 228 223 204 106 234 115 251 80 198 239 204 5 61 149 252 154 87
    99 55 147 23 151 72 124 184 231 174 242 128 77 62 221 104 14 61 186
    17 235 23 5 179 4 159 120 146 214 4 202 13 194 16 118 184 80 204 52
    250 198 247 162 171 116 89 138 118 18 186 251 43 69 155 43 190 234
    127 97 131 220 209 69 185 85 66 109 129 123 249 127 173 6 52 65 79
    137 73 99 149 117 164 226 88 9 216 27 128 213 124 10 254 4 241 84
    135 243 5 219 72 61 0 228 237 59 209 168 228 173 196 182 195 117 190
    129 47 204 51 77 252 200 93 81 67 153 68 83 225 229 86 182 91 16 105
    149 45 41 164 86 67 201 75 41 109 65 76 175 219 89 38 48 133 122 33
    165 79 75 28 147 230 207 204 96 209 230 167 132 107 56 31 192 108 21
    2 159 226 106 63 164 156 246 158 200 201 16 62 191 125 14 237 20 104
    98 19 224 136 228 178 75 26 200 31 250 183 234 109 199 149 168 165
    73 104 17 185 134 163 157 248 36 229 213 109 204 36 234 54 21 188 22
    202 85 228 10 134 77 218 156 191 190 11 123 247 161 84 234 237 176
    11 125 165 146 111 109 25 211 238 211 213 24 61 56 150 45 236 20 182
    230 77 229 124 95 87 64 58 237 54 203 41 69 141 253 140 21 106 11 84
    158 205 91 174 67 0 124 75 219 6 131 136 135 198 220 33 249 177 255
    218 123 129 237 148 221 141 252 131 34 247 135 100 249 36 61 195 125
    88 115 248 71 95 208 235 0 112 98 246 207 159 212 37 34 169 248 126
    27 26 44 211 55 202 150 93 253 45 103 208 24 227 212 206 129 181 34
    85 114 108 220 42 196 6 41 93 138 53 4 53 21 69 43 234 59 6 252 108
    120 245 217 75 233 32 168 82 226 81 48 90 16 240 82 156 187 180 120
    25 193 109 55 230 46 42 206 128 211 34 238 146 172 146 153 75 231 81
    135 158 39 6 30 191 127 170 224 248 63 46 75 81 52 112 170 154 201
    115 173 63 84 169 255 92 197 229 227 201 160 219 107 194 7 56 76 30
    204 133 230 246 185 116 84 117 23 142 99 31 39 80 70 107 209 109 199
    1 158 202 183 23 83 167 36 239 238 141 144 48 238 77 1 50 40 37 218
    97 185 144 57 68 195 192 161 33 97 153 2 120 88 135 230 136 23 141
    96 130 181 160 191 243 243 22 155 3 163 220 25 24 42 202 41 239 87
    249 115 60 187 69 254 194 200 91 138 126 96 137 52 134 171 219 130
    216 156 213 72 73 221 12 204 138 216 171 101 222 207 72 45 18 159
    116 135 131 236 105 37 82 106 49 12 222 189 129 84 140 40 243 78 6
    86 148 10 230 201 24 15 235 38 232 182 181 38 151 54 170 177 200 37
    117 160 81 180 176 74 172 149 42 180 200 9 77 63 253 150 184 26 207
    10 63 235 30 233 126 220 42 7 157 3 3 16 15 39 26 205 5 54 88 84 209
    41 117 82 214 203 248 155 154 163 43 24 13 150 30 220 22 38 220 9
    232 32 50 10 244 182 86 171 176 151 18 170 188 106 217 79 170 254
    244 59 112 21 82 191 145 85 51 56 166 78 78 76 193 233 210 164 133
    133 32 201 80 200 119 194 73 17 222 121 158 24 231 88 183 93 155 108
    67 81 142 1 168 124 202 105 233 23 248 222 158 100 221 167 166 148
    168 215 98 10 180 165 192 3 75 104 249 214 80 162 43 47 180 30 160
    249 66 194 42 200 76 9 26 11 31 189 107 44 236 88 189 3 33 28 240 11
    122 55 1 58 185 232 25 159 181 44 201 241 114 60 249 48 208 51 161
    134 247 8 3 9 153 94 236 133 229 8 53 44 145 12 188 198 111 227 193
    54 172 48 143 95 242 205 215 234 207 1 75 28 143 84 77 250 190 69 89
    33 52 23 240 255 119 193 124 14 58 137 41 172 254 59 3 205 175 111
    200 188 16 239 227 173 46 113 91 252 193 19 73 75 81 122 180 252 105
    137 74 133 198 97 241 133 195 153 56 245 142 107 140 184 77 170 209
    120 40 40 245 0 226 16 28 239 110 202 43 74 16 215 238 29 52 96 92
    61 187 167 162 72 249 140 189 103 88 91 162 138 201 233 235 82 238
    120 134 63 234 213 255 30 246 216 231 183 202 31 143 170 70 127 238
    55 189 236 39 50 3 59 220 246 175 143 204 109 180 194 1 57 12 146 34
    157 147 42 16 74 134 232 165 159 28 231 50 182 241 27 17 104 81 183
    118 183 180 211 96 13 208 79 219 34 56 171 151 93 246 110 184 211 2
    146 105 145 222 145 99 45 91 211 240 201 237 36 141 92 102 101 241
    164 76 14 126 233 106 164 26 163 88 88 33 181 95 173 73 148 147 169
    242 170 50 144 7 56 21 96 34 175 12 19 0 86 195 12 39 93 92 70 216
    28 155 56 161 142 153 207 77 29 171 198 72 21 71 134 43 162 96 121
    189 18 72 47 57 125 70 226 104 118 14 80 66 40 95 119 209 237 40 156
    195 218 193 95 125 69 151 10 144 143 102 120 68 118 59 60 141 21 140
    200 3 227 233 33 14 100 35 78 37 76 104 13 80 234 101 188 190 114 72
    252 96 86 167 226 86 38 53 199 231 251 218 240 79 252 253 158 48 47
    127 247 80 210 52 145 227 164 21 75 201 89 72 86 246 203 210 114 198
    141 81 214 158 191 21 12 128 168 169 233 168 36 2 64 242 156 48 252
    65 164 55 244 27 23 62 103 90 183 211 207 31 174 112 177 86 89 230
    44 107 215 198 205 200 15 242 197 10 138 82 193 212 196 4 225 28 128
    241 45 0 43 18 177 80 2 228 178 193 120 50 231 25 136 163 233 210 31
    94 244 174 185 57 25 84 59 217 125 32 248 143 254 222 171 125 40 245
    16 220 128 169 45 182 206 9 60 82 248 99 126 24 199 85 95 255 50 208
    158 211 78 14 169 82 177 248 138 125 91 103 81 161 62 241 72 217 253
    51 213 188 153 85 102 137 221 206 221 240 229 179 73 181 29 26 96
    156 174 133 201 122 62 84 7 200 5 229 48 232 254 129 173 240 165 41
    183 110 48 29 65 41 33 142 1 229 140 155 38 166 34 109 47 49 204 243
    138 175 100 137 155 102 49 29 11 130 252 43 72 107 43 35 243 138 142
    123 182 43 53 175 152 197 149 241 38 100 146 229 57 132 17 244 22
    222 118 239 175 149 158 54 225 247 91 188 244 216 201 25 43 145 124
    139 129 57 152 25 74 88 49 132 246 222 25 194 108 96 246 68 172 167
    182 15 113 209 45 102 224 183 212 199 115 126 160 180 71 246 63 103
    166 71 94 215 192 133 93 181 110 34 121 251 12 100 253 99 236 41 102
    24 47 34 62 200 7 134 223 226 37 183 118 211 16 45 146 241 18 80 34
    91 202 130 253 226 41 8 145 31 130 247 6 232 227 65 151 185 30 143
    64 190 6 173 56 98 95 186 23 222 70 62 160 30 11 123 239 36 11 225
    87 27 218 47 252 58 187 19 133 229 170 185 195 88 190 240 121 107
    241 119 178 255 56 160 226 101 57 30 140 68 161 254 252 231 145 235
    113 202 88 206 49 72 0 148 182 224 21 232 95 20 16 179 146 49 241 34
    172 79 41 244 157 239 162 224 240 140 110 197 129 200 183 127 41 179
    234 30 123 132 100 67 22 195 104 97 2 49 77 229 136 75 235 44 127 25
    58 244 106 44 241 123 159 123 131 166 138 164 66 70 237 101 170 83
    61 151 135 27 109 73 237 35 202 48 47 239 80 202 66 108 137 199 121
    64 170 72 158 216 218 132 164 124 170 119 130 49 13 168 19 255 177
    61 247 179 59 15 109 66 138 124 47 91 175 84 100 131 114 144 40 166
    3 117 233 168 80 43 60 54 72 157 149 47 144 180 250 96 56 118 51 219
    82 40 141 44 50 106 217 132 253 66 17 2 169 248 170 214 139 77 111
    108 113 144 181 212 224 3 233 242 166 85 254 91 143 107 118 194 189
    170 158 189 244 160 79 157 87 78 71 164 199 203 9 38 197 171 118 211
    59 205 109 105 184 39 60 11 209 46 58 32 203 181 180 202 17 243 145
    81 171 82 115 174 160 241 167 184 52 58 139 72 224 204 206 18 119
    119 199 102 74 174 131 231 120 27 108 239 128 94 225 11 216 51 5 200
    11 211 237 224 80 16 147 27 31 169 219 80 224 227 89 220 236 87 43
    193 87 87 115 103 249 223 2 39 191 100 82 93 60 62 3 123 82 143 116
    218 225 232 113 200 212 29 184 252 118 33 70 140 150 224 200 26 206
    115 163 215 105 107 214 203 239 137 220 217 4 1 112 11 87 45 4 182
    95 192 50 53 20 94 66 196 54 191 123 15 130 61 98 146 194 99 161 215
    248 85 147 224 119 0 34 249 18 96 145 32 232 86 217 131 130 2 198
    117 195 144 141 58 87 12 181 2 33 196 8 169 216 123 239 60 253 182
    81 92 94 19 79 144 196 32 60 101 181 105 49 177 198 112 133 197 217
    183 96 142 251 70 209 44 203 201 117 216 136 56 14 126 135 129 202
    231 78 65 118 128 9 73 215 66 107 179 112 11 198 126 239 23 181 136
    51 155 20 70 162 17 241 210 220 166 15 2 156 92 213 30 100 158 137
    163 14 48 35 148 31 26 253 102 188 198 68 236 199 40 173 63 161 173
    158 41 11 143 182 237 200 221 131 230 70 184 166 58 56 23 137 204
    108 152 253 48 148 43 197 228 205 188 123 120 64 78 35 123 119 130
    57 45 200 206 100 220 217 84 250 102 222 117 182 195 80 118 51 170
    237 198 60 232 98 107 172 196 87 121 149 154 242 28 228 186 151 203
    143 169 97 155 189 82 1 222 202 103 60 58 66 108 125 180 133 176 122
    90 195 133 207 242 209 228 143 231 192 235 255 99 42 49 247 196 177
    216 249 115 147 38 30 177 4 28 188 234 119 180 235 90 229 107 232 72
    244 159 83 120 117 209 222 13 168 59 46 14 173 150 171 234 105 22 76
    64 21 208 10 15 34 225 104 144 99 36 29 153 164 16 156 168 16 55 94
    125 98 70 106 5 220 245 14 11 7 250 13 222 104 180 174 110 159 201
    131 223 203 3 148 195 39 170 243 80 74 139 146 201 2 39 77 209 15 44
    15 80 86 22 73 41 192 166 74 253 24 202 175 244 214 53 140 123 16
    190 60 137 21 8 158 151 252 66 140 227 56 180 108 80 161 234 96 164
    190 165 33 234 41 138 145 161 6 210 62 51 103 133 211 103 197 150
    228 168 38 177 101 86 35 225 155 191 110 60 140 103 227 89 185 111
    251 201 70 118 184 45 252 71 9 206 129 72 141 166 196 185 25 188 25
    41 150 132 10 197 80 75 116 220 98 219 109 93 178 182 6 229 169 135
    81 75 216 221 83 113 16 212 66 253 4 199 115 218 4 197 15 30 246 125
    160 117 251 197 171 21 213 102 27 153 197 40 69 79 74 59 107 76 19
    143 50 8 34 189 21 199 139 139 78 178 5 143 75 23 177 194 101 216 18
    5 106 70 18 82 96 65 243 78 54 180 254 141 217 31 125 1 172 16 77 10
    241 191 58 240 131 231 209 216 116 25 236 110 89 226 221 24 39 114
    170 30 6 166 131 20 161 132 143 127 117 14 105 43 185 109 47 181 225
    89 232 205 217 84 231 171 99 78 236 13 128 3 155 198 122 1 105 158
    35 149 73 25 237 78 198 166 160 71 29 81 8 20 241 191 73 83 202 182
    215 141 52 83 151 242 17 116 110 98 92 197 160 130 76 169 177 87 67
    24 201 233 69 174 195 27 34 48 185 95 13 120 35 62 164 10 118 115
    145 172 243 83 136 193 230 226 238 255 187 203 89 195 234 16 127 158
    46 131 134 235 197 64 0 170 255 86 238 105 138 89 143 100 78 252 232
    124 248 201 97 3 197 109 21 96 186 10 12 233 12 230 144 243 251 254
    144 171 141 180 58 154 148 134 47 103 206 140 225 124 9 193 4 181
    147 113 38 155 242 181 34 248 246 89 185 234 104 182 48 61 163 5 167
    193 188 152 39 174 211 107 170 143 83 74 41 30 56 171 24 99 5 208 52
    233 120 126 213 241 108 64 236 67 214 251 58 105 48 72 57 119 17 148
    2 121 209 94 40 21 14 253 5 179 133 165 14 58 19 7 234 47 40 48 218
    189 139 237 115 147 57 105 179 108 236 247 182 76 92 171 130 205 121
    132 103 37 101 112 86 23 58 254 247 251 114 224 231 149 62 124 63 39
    234 147 38 74 79 125 90 13 143 45 87 42 106 12 42 41 28 106 150 197
    100 230 183 71 40 79 126 61 194 120 239 191 34 84 109 254 127 242 75
    150 205 126 184 233 195 4 112 216 71 50 217 188 176 135 72 88 24 136
    191 26 100 184 160 48 59 11 34 104 76 254 88 86 131 22 128 99 198 33
    174 49 143 156 19 200 96 104 173 165 165 189 199 249 84 58 104 36
    202 27 132 103 34 48 236 203 206 163 150 122 177 92 172 176 25 91 3
    77 138 242 213 156 67 41 203 135 231 157 119 134 135 239 67 170 179
    188 230 40 160 144 37 81 169 45 111 113 88 159 71 176 234 11 19 122
    84 253 224 107 189 14 206 102 230 85 223 212 190 95 60 6 244 71 145
    5 142 51 152 129 40 12 58 49 25 122 123 154 21 220 237 60 65 150 95
    116 218 132 235 175 158 232 18 70 228 231 43 6 5 230 115 109 8 251
    177 145 2 71 35 118 110 10 157 56 121 95 204 132 97 172 148 38 243
    28 30 229 255 174 149 69 14 90 116 145 213 42 75 170 119 198 247 39
    134 193 217 37 240 78 20 71 21 56 22 179 201 149 166 0 239 114 143
    180 176 116 127 88 95 75 130 165 91 17 111 196 170 18 241 173 200
    180 244 11 132 3 93 255 34 52 18 187 106 133 222 20 128 40 199 24 21
    209 45 8 167 91 215 237 130 146 226 240 224 131 35 236 161 233 25 83
    36 67 248 159 67 57 27 248 164 66 210 210 144 212 239 194 125 225
    113 248 61 192 113 17 248 239 183 3 170 203 238 165 208 206 135 166
    98 239 96 12 7 12 247 114 210 37 7 209 32 123 17 28 132 221 222 242
    152 149 18 43 86 169 127 218 132 138 103 13 38 59 250 90 87 161 255
    189 121 226 2 156 112 83 183 225 214 254 70 86 161 50 222 180 3 97
    139 191 209 252 22 217 140 38 216 199 7 171 81 84 32 68 216 128 167
    7 111 192 150 74 86 155 11 33 188 213 4 154 119 122 39 188 122 159
    138 158 233 61 145 242 11 18 178 50 254 184 220 219 214 130 212 185
    242 33 196 200 100 203 139 47 187 84 105 155 35 211 1 254 126 77 10
    21 46 106 177 230 139 32 183 100 51 4 167 74 141 58 93 83 143 24 96
    152 128 55 72 1 100 125 139 54 241 216 202 207 80 79 5 160 152 254
    16 28 253 125 179 45 144 44 54 103 135 160 26 159 180 131 109 48 166
    241 202 161 194 183 48 68 54 221 153 70 127 154 248 68 112 175 44 39
    232 19 9 191 43 124 34 197 26 147 50 249 14 5 109 109 232 78 79 47
    32 130 209 25 131 0 66 59 185 8 13 248 227 126 223 81 125 201 51 179
    123 254 24 4 18 12 111 73 248 168 104 60 30 68 172 241 252 155 8 29
    185 68 7 228 176 193 138 245 116 33 194 71 79 98 44 106 8 57 199 78
    140 155 195 78 57 184 163 236 133 60 11 105 128 254 11 21 9 86 64
    125 254 171 104 190 142 72 145 199 150 75 82 30 28 30 226 173 77 60
    197 226 23 61 151 57 150 128 24 233 138 205 113 193 42 217 237 183
    154 222 49 7 22 53 74 59 144 172 209 106 64 255 218 114 152 74 153
    101 138 73 158 74 175 229 26 76 230 118 76 182 141 125 94 13 9 165
    184 62 104 198 54 61 165 95 72 99 208 195 199 122 0 200 253 28 91
    188 81 245 249 147 138 207 55 255 205 66 229 223 136 37 186 103 17
    152 94 223 246 134 69 151 158 89 13 43 141 105 192 136 68 62 200 123
    42 253 62 253 32 196 187 181 250 194 161 239 71 49 121 198 44 108
    163 111 17 202 129 142 221 108 167 96 117 188 55 242 26 66 211 102 1
    186 209 148 80 197 20 13 129 170 29 42 92 232 134 24 93 210 155 152
    107 242 27 45 91 150 40 118 186 78 222 163 159 148 123 97 149 58 86
    211 236 195 56 187 243 199 255 231 177 33 171 76 81 255 62 208 148
    16 122 22 48 121 138 83 172 28 226 56 132 119 66 169 149 216 117 209
    112 97 41 10 58 37 250 171 198 124 75 215 227 90 178 197 156 197 192
    200 132 199 12 229 178 75 208 159 254 226 83 186 87 115 138 63 7 141
    27 101 170 18 244 84 40 50 162 94 147 232 244 213 219 125 115 17 232
    214 141 72 41 81 170 99 196 101 124 185 192 113 24 166 117 33 16 163
    10 92 109 208 219 118 115 99 68 226 123 187 176 157 131 42 23 168 61
    147 127 125 76 103 239 51 142 22 179 33 160 147 6 226 53 122 102 212
    36 155 124 51 48 217 176 14 193 129 163 27 37 170 78 68 19 50 199
    232 90 108 15 29 26 165 97 213 5 164 61 6 184 196 252 24 171 25 72
    105 31 48 14 16 141 200 226 98 212 20 175 146 161 250 244 79 77 251
    90 16 7 183 56 144 112 11 148 115 111 105 159 160 144 20 101 214 34
    177 24 162 17 19 188 56 13 96 23 185 54 6 70 183 132 153 233 199 79
    66 179 126 162 240 241 224 178 19 61 252 161 174 240 155 252 180 39
    17 148 75 198 71 133 230 7 135 250 78 201 44 68 218 222 187 8 238 70
    71 72 204 248 64 112 47 142 11 163 70 119 219 200 101 75 8 128 53 88
    28 94 175 173 106 44 172 56 169 158 105 18 237 96 7 139 19 81 243
    204 61 22 90 252 23 235 223 9 62 213 7 18 24 172 154 79 107 14 252
    151 193 125 242 234 85 92 251 113 183 144 70 157 141 38 73 194 233
    85 250 141 157 110 190 243 228 179 135 4 58 8 87 185 175 85 63 32
    237 57 103 18 84 65 7 156 235 151 16 108 157 121 136 69 50 76 202
    236 64 189 25 239 180 191 143 195 52 60 232 175 199 35 202 156 77
    227 72 140 18 77 189 202 28 81 170 15 199 148 130 84 83 164 204 64
    51 241 234 213 156 111 215 56 85 65 104 239 115 51 96 78 15 194 28
    61 109 251 220 23 249 246 242 22 233 236 106 241 6 106 99 227 115
    210 119 37 164 77 222 219 67 207 102 174 153 205 221 80 137 250 241
    104 101 169 120 91 205 19 216 41 49 151 63 2 118 138 150 131 152 51
    165 192 6 55 106 219 102 53 183 186 80 193 173 237 45 52 75 66 190
    157 171 1 32 232 191 144 241 27 194 255 130 10 16 243 220 13 178 48
    194 87 40 55 170 255 121 121 236 119 245 188 233 54 215 231 201 213
    55 59 180 249 35 29 202 29 177 25 235 88 104 160 144 75 53 65 128
    113 74 220 139 181 136 146 237 129 95 194 118 114 101 166 45 193 192
    242 251 108 170 201 75 41 249 173 119 166 183 187 70 249 137 66 209
    50 12 211 88 242 21 48 81 146 227 13 241 52 9 53 137 42 156 46 108
    177 177 153 227 133 84 47 239 53 251 248 38 34 98 219 224 9 213 173
    219 101 1 112 205 23 232 203 91 75 85 152 157 118 153 104 15 178 56
    75 186 82 50 156 208 181 172 100 20 247 181 142 93 160 52 129 251
    215 88 127 24 122 14 33 77 166 45 171 163 123 25 252 237 120 234 174
    213 123 182 208 215 169 13 52 4 61 132 47 49 14 57 21 243 95 218 8
    126 63 4 229 9 243 79 79 129 203 103 105 215 236 104 155 221 11 208
    156 4 14 206 46 132 119 132 110 141 235 67 2 165 107 157 85 58 95
    148 144 104 217 234 248 194 62 11 88 73 158 212 28 123 27 220 90 159
    192 115 178 38 189 63 131 156 103 9 208 203 158 25 226 25 84 26 67
    150 193 244 146 197 176 104 153 81 149 111 97 134 143 204 192 10 166
    244 35 92 66 48 75 144 19 14 49 224 209 118 245 36 155 127 95 237
    221 222 15 231 149 117 96 0 5 205 248 120 253 122 153 61 134 159 32
    148 251 252 172 180 173 58 0 238 77 131 122 26 252 14 78 56 112 71
    137 76 226 169 38 95 109 249 10 180 40 233 250 156 140 201 102 249
    209 243 162 79 50 173 239 138 16 174 222 121 36 147 173 188 250 144
    184 10 5 54 195 95 54 127 36 105 135 172 197 51 43 86 159 26 126 79
    85 183 232 199 229 224 253 144 40 73 25 202 0 44 185 249 71 65 58
    245 148 57 39 230 58 163 5 162 189 202 204 188 148 150 7 44 160 65
    177 0 123 202 28 64 181 188 218 159 28 34 60 220 147 164 113 251 201
    15 211 130 135 178 164 73 31 10 143 199 46 43 139 233 1 117 248 226
    120 154 171 152 253 84 17 115 210 51 218 200 81 132 211 218 196 155
    34 35 141 248 5 203 132 118 31 34 244 186 107 79 74 151 164 70 61
    142 41 161 199 21 37 187 36 248 31 103 8 225 139 10 119 99 117 6 39
    6 144 114 68 164 221 125 97 154 2 93 41 108 186 19 200 161 100 141
    26 37 216 19 53 0 77 55 226 206 95 104 95 196 253 47 22 17 114 195
    28 229 3 114 84 172 43 53 77 56 149 46 69 115 28 45 251 70 215 38
    237 145 95 144 6 133 39 64 249 216 118 226 35 240 9 170 107 31 121
    88 11 86 26 84 231 219 205 162 101 66 124 47 159 99 66 181 123 131
    75 123 198 229 213 55 100 58 128 185 189 253 87 74 69 39 245 43 236
    221 213 79 153 79 225 58 123 58 167 138 36 179 131 219 218 64 188
    253 100 198 242 176 57 158 221 116 159 57 118 24 62 94 91 84 205 62
    254 249 108 33 120 116 87 69 158 205 102 145 89 6 168 92 56 66 235
    237 136 245 109 43 103 0 110 75 191 31 234 135 26 88 146 250 247 244
    251 195 243 230 87 155 161 154 152 11 193 235 4 20 97 141 26 183 33
    194 254 65 159 103 180 136 128 172 62 227 170 218 56 21 23 68 251 44
    239 226 98 11 137 215 14 60 239 3 176 227 5 212 115 176 104 27 138
    145 58 48 178 65 28 36 4 21 21 32 185 174 243 150 47 188 185 120 119
    248 249 244 93 140 52 31 160 67 199 26 60 38 146 221 64 93 58 207 57
    214 243 115 25 67 89 140 95 55 7 44 250 31 44 179 55 210 78 73 77
    151 167 9 106 50 24 75 177 180 227 107 194 138 38 126 102 191 135 83
    178 126 192 38 24 249 81 227 9 22 4 71 199 9 85 91 154 225 240 232
    191 92 30 78 105 132 241 135 165 136 59 79 191 198 153 26 36 235 179
    191 19 170 157 232 249 192 128 11 72 42 129 212 228 18 69 115 221
    167 46 139 135 122 231 81 56 167 157 45 138 182 7 118 212 132 22 96
    173 222 223 248 38 53 156 13 148 68 88 198 250 155 150 47 168 100 16
    109 36 150 14 77 37 172 64 227 75 62 237 98 135 91 47 117 71 27 102
    146 110 106 165 36 125 220 167 181 223 69 31 129 229 143 70 13 73
    114 248 140 192 86 189 122 228 57 229 229 6 63 121 54 171 196 132 53
    166 193 37 178 98 161 28 59 163 227 101 181 159 76 114 163 252 25 33
    41 111 170 218 139 145 213 166 167 176 224 104 159 175 248 223 54
    252 117 145 23 27 159 137 138 68 104 103 8 65 254 111 96 63 83 216
    165 163 252 169 4 105 136 70 160 123 195 222 215 80 55 253 114 213
    89 77 88 181 167 175 63 75 88 227 93 67 99 61 54 108 70 81 140 120
    106 149 18 50 11 156 125 14 31 192 131 99 229 195 31 52 252 123 218
    191 153 249 10 210 19 20 166 209 128 197 155 142 109 3 67 53 24 128
    14 249 90 100 168 79 135 112 12 15 192 116 120 44 101 150 178 27 229
    162 29 43 78 201 93 46 211 105 132 88 70 17 252 73 21 240 150 196 53
    2 167 193 217 122 14 200 162 116 67 153 76 196 154 120 218 90 72 19
    109 165 143 188 137 123 27 75 232 166 105 101 143 117 153 237 130 90
    253 120 166 77 75 208 82 159 37 163 138 117 63 91 28 205 25 86 225
    232 179 73 38 108 243 14 224 116 39 109 53 181 92 87 59 211 150 157
    118 130 208 243 82 220 115 44 58 174 86 31 106 123 36 250 96 139 160
    14 15 217 92 231 198 109 113 242 93 23 247 9 176 202 172 180 44 209
    27 76 126 80 2 132 217 169 7 54 24 123 101 151 68 228 221 231 114 2
    125 125 229 140 186 41 161 60 209 195 213 174 180 156 77 98 249 26
    120 116 170 223 185 57 99 171 136 78 158 86 245 56 56 84 30 199 130
    184 196 178 41 42 30 40 235 86 237 0 248 109 158 4 168 90 165 195
    222 33 87 170 224 205 218 124 231 64 120 205 157 191 183 193 23 146
    41 167 176 146 161 146 77 116 115 113 154 38 160 217 252 255 24 141
    216 123 5 32 42 134 22 162 90 185 38 222 188 255 132 17 97 54 200 4
    11 209 181 7 59 143 73 187 138 116 66 50 180 141 61 189 186 247 60
    162 230 23 119 200 189 28 210 49 102 56 58 32 207 135 127 167 132
    231 30 40 87 135 48 225 79 229 140 77 66 71 254 84 102 0 239 107 121
    214 2 224 175 109 126 65 248 44 166 210 101 91 108 14 230 196 179
    153 197 45 193 216 36 46 198 220 36 137 162 80 74 238 84 119 241 88
    223 35 83 127 37 149 63 82 234 51 188 212 23 123 197 221 206 178 68
    105 176 222 148 21 186 96 83 29 251 68 93 118 95 203 134 239 71 88
    18 3 161 203 153 160 131 191 90 215 92 229 148 38 197 197 252 120
    117 180 63 35 44 32 100 57 218 182 92 163 134 167 162 163 99 161 135
    243 125 173 192 52 210 206 136 72 25 2 41 70 16 62 231 155 228 181 1
    142 64 229 178 111 17 134 25 128 253 197 87 194 153 4 122 214 144
    127 167 166 21 251 74 253 23 117 205 167 148 210 150 16 178 11 120
    206 124 130 26 222 151 119 58 242 193 189 17 160 126 170 118 178 10
    53 204 124 205 21 2 67 237 218 250 218 208 208 195 73 169 212 239 82
    158 159 186 81 75 53 83 5 27 29 146 119 56 129 197 131 153 219 106 7
    190 180 135 95 83 228 37 200 176 34 215 109 210 174 55 72 63 166 249
    58 118 174 147 16 234 229 118 58 232 164 55 152 171 209 187 4 4 234
    27 166 83 207 41 196 19 94 80 227 196 24 107 66 131 231 108 215 41
    230 109 169 5 176 74 75 194 57 132 160 155 70 65 215 165 137 167 202
    47 184 29 61 208 217 120 129 131 222 103 32 244 123 229 150 48 217
    94 164 206 184 213 158 97 119 231 132 221 139 26 167 169 17 100 207
    70 35 95 127 180 189 177 11 229 184 29 188 252 220 91 59 13 117 123
    16 41 74 217 2 193 110 61 44 245 42 125 184 24 228 177 177 186 32
    247 208 193 137 101 165 231 41 95 99 115 73 40 103 243 34 164 119
    120 232 194 139 57 30 16 191 119 165 223 225 207 103 73 9 206 176
    252 174 69 251 241 169 219 158 74 143 69 101 10 89 99 104 128 206
    250 122 23 168 97 2 63 225 187 248 64 91 66 216 43 233 212 129 19
    145 199 67 64 107 121 108 96 13 178 215 126 33 241 251 36 238 138 54
    170 51 177 74 162 218 160 13 226 88 33 195 124 18 130 97 165 75 247
    133 22 234 18 178 211 99 150 178 143 233 21 200 100 85 140 249 247
    198 35 170 115 7 30 172 222 140 87 56 222 15 111 112 123 60 190 133
    1 92 30 66 48 99 180 112 14 56 85 82 161 66 190 244 106 206 168 208
    49 248 213 215 37 215 188 131 10 112 251 199 64 205 91 206 72 221
    162 212 19 132 195 70 116 238 149 22 249 25 61 48 93 37 156 53 126
    143 54 243 72 223 157 45 87 164 20 116 52 76 1 106 57 211 225 53 97
    204 83 9 213 154 110 61 139 232 168 167 104 50 78 252 196 84 185 226
    87 85 235 55 215 167 118 85 159 134 173 5 18 219 215 207 4 7 22 247
    232 100 27 143 223 45 202 179 146 0 74 18 116 220 98 151 95 176 101
    215 43 226 91 191 229 78 130 35 177 8 133 195 38 209 140 211 72 39
    85 190 236 44 97 149 221 163 208 208 219 253 194 211 109 110 44 25
    24 204 156 188 150 135 94 147 33 231 240 180 234 218 209 162 85 56
    231 194 7 175 159 218 38 204 165 226 235 126 199 217 111 146 125 103
    163 212 8 255 42 157 11 1 121 21 225 220 62 36 227 45 17 34 86 115
    109 79 56 215 19 65 149 194 206 186 95 142 25 187 93 218 149 247 58
    148 158 41 120 177 224 141 105 68 76 132 53 20 219 192 75 237 180 18
    8 66 78 123 244 147 179 38 118 123 217 53 27 1 207 12 3 129 96 47 22
    232 209 223 234 202 78 134 56 47 45 48 29 22 12 188 162 199 224 188
    121 183 51 21 131 123 232 233 201 213 164 108 53 55 103 52 198 60
    199 77 228 232 211 13 231 137 223 248 34 110 81 240 54 160 121 220
    208 135 9 76 143 40 225 105 235 241 103 2 216 170 30 226 78 127 193
    254 147 213 65 135 63 184 97 172 228 211 187 104 34 204 140 102 87 3
    95 6 122 144 219 123 217 113 166 131 99 188 9 55 13 124 66 174 178
    238 35 217 231 182 127 55 28 13 34 44 47 206 27 116 253 36 47 186 98
    248 255 35 75 95 183 41 121 156 97 201 78 224 141 127 143 89 195 95
    37 211 37 87 84 131 25 51 218 213 246 226 201 6 139 84 146 80 156 80
    51 57 45 47 179 88 155 30 201 45 43 175 217 150 137 164 57 3 250 163
    224 50 152 185 214 231 209 95 121 202 239 241 166 59 92 151 61 186
    33 253 108 177 32 110 222 11 239 48 52 65 90 193 73 89 253 15 8 7
    227 5 88 194 15 145 101 3 35 220 54 96 52 94 46 17 3 194 86 134 111
    233 208 131 155 90 5 109 154 128 55 72 73 194 132 136 8 120 80 122 3
    50 234 179 133 90 214 69 226 100 147 108 74 73 28 69 230 38 242 197
    174 250 30 6 167 173 236 56 93 228 110 74 32 67 187 76 144 218 83 55
    108 162 164 42 254 10 121 35 72 180 214 31 249 237 56 134 135 119
    103 41 191 66 165 85 188 244 107 222 206 144 45 29 192 249 40 205 72
    95 186 110 54 15 203 95 30 113 122 190 240 115 205 13 200 30 162 190
    7 255 214 132 189 236 154 152 190 129 238 186 237 105 59 27 246 32
    225 104 98 184 124 175 188 41 255 203 140 155 139 180 157 234 224
    183 6 212 58 173 1 5 20 52 239 118 242 161 66 92 200 22 30 29 202
    160 171 122 161 193 212 135 191 118 196 170 242 61 81 106 231 156 71
    230 40 125 107 124 70 192 191 217 145 132 185 66 92 237 89 68 125 23
    166 60 102 76 157 187 19 89 154 0 12 170 21 192 250 244 36 91 36 204
    248 13 22 68 232 55 65 166 93 32 73 123 41 147 122 200 165 248 86
    162 187 231 144 196 99 209 183 131 16 131 33 105 170 254 168 81 135
    47 222 76 41 255 119 182 15 25 254 85 229 52 64 3 6 19 181 36 137 17
    15 247 138 43 174 166 170 214 45 52 43 32 70 233 26 54 92 0 175 220
    33 15 21 183 20 135 203 210 115 190 165 64 253 69 214 177 46 37 99
    95 33 218 5 116 156 242 51 206 187 51 192 105 228 183 125 32 60 188
    174 106 255 99 228 79 150 53 204 124 216 34 22 166 226 158 131 88 73
    44 66 6 104 98 130 201 171 183 207 72 14 130 161 202 195 191 167 55
    191 136 49 233 11 126 202 40 79 231 125 117 206 217 93 227 144 59
    134 200 174 58 50 195 28 69 237 207 209 132 43 192 242 89 32 71 45
    215 243 150 95 194 200 2 146 237 196 46 124 234 49 229 139 119 127
    67 138 135 171 223 174 219 135 94 216 107 250 179 66 195 79 5 79 79
    101 185 237 59 56 125 190 10 122 174 194 96 27 49 133 59 108 234 170
    112 152 176 160 9 175 38 59 167 46 61 172 126 134 227 223 206 229
    237 139 242 125 247 109 194 157 158 247 9 44 149 48 3 44 49 20 73
    107 202 185 102 14 241 187 155 26 64 159 9 10 48 109 131 103 102 162
    231 70 38 189 84 132 62 9 145 145 181 49 210 156 8 124 34 138 221
    100 90 153 183 3 224 98 111 116 238 68 81 248 137 119 79 24 50 221
    215 193 183 250 217 3 140 173 122 41 124 10 24 105 52 122 187 67 195
    49 74 254 87 190 207 8 62 235 184 196 89 153 255 46 251 65 244 97
    114 228 102 219 96 227 103 99 66 2 95 216 223 221 56 16 253 132 184
    19 24 36 161 2 207 83 72 160 185 20 186 101 57 27 61 220 115 143 150
    137 27 206 57 36 78 106 7 43 244 72 185 104 252 11 57 60 161 88 110
    226 60 230 154 134 245 40 109 205 206 187 236 43 16 157 198 210 208
    136 7 92 179 96 200 121 253 21 132 204 252 247 4 9 198 188 110 51
    175 253 204 34 220 152 13 202 66 64 136 6 45 60 89 118 17 93 42 143
    180 245 151 203 0 178 20 26 48 147 18 153 127 209 191 251 86 49 51
    46 233 87 94 2 95 146 210 26 2 112 129 138 18 200 223 17 166 118 218
    111 74 11 154 238 221 99 15 200 201 172 251 86 200 236 29 185 201
    240 77 39 55 246 34 90 204 31 59 16 247 81 55 74 72 4 98 206 138 250
    43 13 129 53 179 165 171 215 53 246 183 48 69 204 148 203 84 240 7
    203 139 109 86 74 192 254 211 181 166 85 34 15 202 238 162 114 43
    116 24 255 115 100 160 25 189 63 200 30 21 78 213 132 193 200 139 90
    16 2 103 120 137 26 144 227 71 158 92 82 251 149 248 160 203 10 89
    204 172 153 180 86 37 96 248 113 78 125 17 86 103 228 218 244 3 2
    176 135 250 234 212 177 134 246 73 208 16 191 165 228 58 224 71 86
    155 94 132 102 88 161 145 245 82 243 38 65 89 25 238 218 252 69 47
    85 177 13 58 201 77 223 185 120 104 144 178 231 213 208 123 217 203
    225 177 253 216 30 31 191 25 224 79 77 117 228 68 0 60 177 205 130
    184 238 153 101 253 190 172 73 114 81 5 142 101 219 51 93 25 242 113
    17 86 112 155 229 174 89 152 26 180 57 27 117 177 9 119 199 209 50
    132 31 4 132 172 21 29 147 86 11 221 115 109 77 215 170 118 0 136 5
    178 134 50 226 2 56 59 251 129 234 207 74 17 159 45 245 243 186 6 30
    171 45 29 30 16 222 255 119 178 149 2 230 119 68 41 183 73 38 107 29
    50 14 146 107 203 249 6 186 61 99 36 128 14 73 52 76 55 63 0 57 69
    66 227 114 12 160 194 189 10 127 219 31 191 91 45 204 223 248 37 63
    190 116 153 51 75 117 34 100 192 5 51 244 88 166 145 16 10 108 122
    21 203 73 23 133 7 77 59 26 251 58 227 50 43 80 228 161 108 125 217
    49 179 237 144 40 78 139 249 184 173 12 39 186 174 241 95 201 180
    166 139 182 173 237 126 76 62 172 118 217 128 155 174 32 50 98 85
    228 53 106 78 170 139 229 152 82 129 218 24 37 254 253 79 29 17 105
    212 201 190 109 137 118 143 130 72 156 148 226 117 65 145 6 51 223
    127 189 177 200 58 54 235 21 58 109 12 28 42 252 64 13 93 19 151 127
    9 245 32 81 166 255 252 106 92 50 69 13 232 32 145 51 3 83 91 9 169
    195 105 54 29 201 117 238 193 0 71 168 155 208 204 22 93 138 255 57
    242 109 124 81 209 203 44 4 210 128 5 108 74 172 194 128 212 108 49
    207 232 180 12 218 207 247 119 124 211 7 232 152 252 240 182 129 174
    129 161 210 116 178 16 167 100 113 118 18 135 164 23 240 105 242 172
    220 48 109 41 201 165 2 166 21 62 218 46 77 55 175 122 252 245 156
    238 255 45 62 37 51 140 91 193 67 168 117 1 197 11 168 154 56 252 2
    198 198 152 104 203 105 117 232 141 137 226 146 210 51 41 171 8 16
    196 93 223 3 206 211 196 138 89 72 12 61 201 71 237 174 148 140 177
    53 100 231 89 100 143 1 172 181 177 77 211 232 9 25 7 22 177 206 242
    93 112 218 85 252 180 83 126 171 100 135 75 123 110 205 55 222 190
    66 65 216 34 42 155 3 182 143 109 69 130 52 36 198 30 167 9 221 154
    67 135 78 205 70 171 9 43 134 171 237 40 48 139 83 178 92 96 151 46
    251 109 190 223 110 139 235 199 67 221 40 159 0 61 132 34 251 96 24
    26 204 129 178 153 3 10 173 179 63 137 105 227 65 216 239 46 115 33
    133 162 44 192 243 165 194 187 67 71 239 148 236 191 119 129 194 112
    102 201 15 126 229 168 242 212 180 169 100 11 192 10 91 81 21 2 3 19
    29 139 251 17 63 69 50 97 22 52 175 96 234 78 167 7 31 62 101 121
    203 99 7 62 253 137 142 244 95 191 87 246 19 218 246 155 8 222 136
    143 169 133 107 132 232 180 170 232 60 188 33 224 158 137 127 33 138
    167 109 104 14 194 132 135 60 20 241 88 111 40 108 82 173 18 109 221
    110 209 251 84 229 53 158 164 174 167 201 10 161 221 44 219 135 241
    138 118 207 95 151 105 31 191 219 56 33 62 132 170 131 37 115 70 209
    116 152 16 25 97 225 22 21 67 153 58 51 190 72 127 93 34 197 137 8
    75 78 166 106 28 164 130 111 32 193 224 202 133 22 121 202 21 71 231
    227 196 85 8 242 154 160 186 133 202 212 255 5 36 86 172 186 211 155
    184 8 82 219 106 49 247 70 160 178 135 11 105 228 145 39 0 215 12
    240 123 135 4 103 29 188 158 46 90 117 251 251 217 180 143 84 135
    249 77 142 141 27 196 56 123 96 2 248 183 94 184 184 37 46 93 11 10
    117 183 96 108 133 232 65 42 166 11 82 157 78 246 137 182 98 56 100
    65 2 243 216 208 169 139 90 11 52 177 168 86 1 143 236 165 190 217
    210 115 93 59 25 87 69 57 37 77 28 238 10 173 148 74 53 0 22 149 37
    0 78 2 189 138 199 178 156 164 49 101 196 84 90 118 125 65 172 172 4
    182 149 4 203 72 170 101 224 131 52 105 129 233 194 65 107 238 173
    198 203 203 24 154 144 39 102 43 197 104 40 5 244 251 168 158 247
    159 21 242 177 193 88 17 220 231 174 13 202 105 117 108 215 19 122
    106 188 132 134 241 204 131 26 166 25 40 107 183 113 12 235 81 151
    104 170 82 125 119 179 117 31 143 36 208 170 148 138 247 207 128 148
    82 250 159 153 210 11 61 120 129 176 155 59 8 177 174 101 173 151 14
    18 150 60 103 167 95 251 226 192 146 4 202 214 179 73 162 206 59 253
    22 3 241 28 69 144 184 5 239 247 11 14 187 82 182 190 222 158 193
    134 119 231 145 5 86 255 43 101 167 244 6 35 217 207 22 110 191 114
    163 159 4 180 132 33 77 114 150 104 6 25 136 29 115 240 227 38 167 5
    212 91 153 63 71 230 39 201 19 196 193 250 118 119 34 38 65 25 191
    122 129 244 52 6 5 245 101 83 126 87 252 217 163 144 146 2 143 29 40
    27 197 19 175 99 181 138 76 105 223 179 214 145 168 124 239 107 18
    241 83 207 40 27 154 187 247 46 106 36 118 24 4 9 84 120 248 103 121
    98 167 43 170 22 56 72 30 151 31 241 222 184 22 41 32 97 213 220 212
    90 157 51 81 236 150 110 217 197 68 129 85 60 215 248 235 219 2 163
    221 151 75 49 115 135 36 62 73 51 233 122 25 2 43 143 153 24 213 108
    251 61 82 121 46 223 124 93 4 56 39 227 66 218 213 13 96 73 70 192
    43 150 41 205 113 49 187 111 127 183 48 43 39 74 119 35 252 221 208
    181 193 119 105 195 83 172 60 140 207 98 238 126 54 105 116 134 154
    91 156 244 154 50 208 66 222 145 205 176 199 200 220 157 18 185 176
    104 157 41 252 2 106 118 25 93 170 163 196 82 163 218 22 152 84 144
    209 205 140 235 39 141 124 81 176 82 119 194 203 32 248 229 161 135
    232 102 23 224 40 41 84 100 181 59 90 49 120 179 114 61 212 12 70 92
    36 209 116 117 197 204 199 116 125 110 95 130 154 32 118 185 249 142
    139 161 33 60 221 98 163 78 171 203 79 232 21 214 55 2 163 78 106
    150 92 191 211 64 32 72 198 52 210 95 96 188 73 27 173 216 69 77 243
    141 142 12 123 80 50 64 66 235 136 249 194 89 210 197 183 244 165 11
    103 22 252 226 112 92 39 177 237 85 245 63 8 1 237 200 172 163 165
    191 198 65 239 52 51 14 90 81 18 42 228 26 24 253 127 98 63 220 219
    250 63 88 200 109 251 233 183 118 18 121 229 233 143 64 86 143 213 9
    87 66 139 205 157 142 10 135 48 22 133 83 224 23 139 51 79 42 200
    254 98 182 154 127 164 4 194 153 136 19 121 137 10 98 218 84 75 7 55
    26 122 219 181 19 132 141 108 101 39 161 144 183 145 166 235 236 99
    36 79 138 225 167 69 196 6 124 34 105 241 61 29 133 185 14 91 158
    237 103 220 190 49 34 175 117 172 15 52 238 120 237 138 93 214 24
    200 248 201 121 203 224 102 238 193 25 2 137 219 85 184 95 7 1 40
    212 215 5 129 39 81 168 240 245 219 171 187 182 251 111 45 24 44 126
    12 236 188 242 141 209 247 187 148 213 205 66 126 49 85 219 83 154
    65 2 2 247 91 172 153 136 203 7 148 69 145 128 55 14 144 186 10 100
    85 67 202 133 101 170 222 188 181 200 47 197 1 79 45 162 133 150 200
    3 160 92 10 56 229 191 68 1 232 247 151 234 94 81 33 178 252 213 99
    209 200 49 103 63 176 217 140 45 7 60 123 143 113 199 235 252 102
    102 72 39 17 123 202 128 225 62 199 60 170 130 92 91 26 234 234 106
    181 112 179 42 8 114 209 139 45 244 167 110 220 117 165 124 72 201
    124 103 238 219 77 14 9 36 4 191 26 219 46 180 215 235 48 253 228 92
    192 207 94 226 17 51 96 252 212 119 52 244 16 89 75 166 25 246 33
    250 34 115 232 80 221 122 135 69 173 123 166 190 5 50 84 31 188 95
    189 168 164 195 16 161 8 77 77 111 71 57 247 142 123 35 54 125 113
    217 189 65 141 164 187 112 79 38 106 78 73 189 184 127 108 223 107 7
    119 21 12 25 130 50 65 62 137 39 92 27 105 25 249 99 170 165 237 79
    60 72 33 220 60 9 130 172 172 79 225 65 104 80 57 151 46 241 207 219
    76 45 91 125 211 7 240 194 15 69 227 62 167 75 79 156 175 70 111 104
    28 245 82 161 91 15 49 57 213 25 176 192 101 17 191 139 218 11 230
    51 116 119 187 159 180 59 100 180 174 25 50 123 23 15 163 192 196
    133 84 11 238 174 17 167 17 143 229 4 29 169 124 70 30 107 39 177
    242 0 179 218 117 172 179 27 38 139 148 45 125 12 212 98 223 3 19 52
    58 72 244 190 215 144 62 22 92 187 137 182 233 3 12 182 30 226 84 33
    89 38 173 134 80 102 209 0 253 4 8 51 217 23 76 107 6 65 21 230 146
    36 128 109 240 114 49 36 180 141 160 188 140 2 119 215 58 123 0 104
    97 226 226 147 133 146 33 151 140 145 197 92 154 176 204 191 124 180
    73 166 128 201 46 68 81 242 128 249 66 255 203 248 148 48 223 78 133
    91 48 170 178 192 126 3 91 89 79 168 198 86 112 107 240 128 226 113
    166 71 245 173 49 158 147 134 252 208 176 102 124 241 61 116 138 26
    231 111 139 49 249 102 78 71 157 169 52 218 196 242 110 254 88 83 12
    74 91 196 24 98 250 34 26 43 8 84 50 245 77 94 58 162 168 237 119
    163 11 247 63 157 106 143 66 243 10 127 162 209 208 138 212 230 73
    47 117 170 239 33 171 52 238 122 235 195 169 170 97 187 111 167 99
    140 49 122 170 119 244 5 28 172 39 95 124 218 197 143 38 123 2 98
    116 198 125 115 92 72 63 188 122 216 22 50 68 141 45 247 94 89 183
    25 92 44 140 230 61 76 53 90 11 114 36 221 77 173 181 203 2 156 130
    75 124 78 119 143 85 62 192 119 55 104 167 63 44 58 128 155 128 57
    15 216 17 120 31 17 180 130 92 172 183 112 15 29 55 120 94 199 98 30
    229 75 170 247 37 189 210 42 177 254 165 127 148 39 16 125 191 49 36
    187 41 108 238 13 26 123 180 202 220 72 144 63 175 244 132 26 133
    191 133 112 54 72 188 49 23 34 175 67 110 240 233 58 155 89 210 193
    85 168 36 89 224 54 102 41 85 90 200 252 166 171 210 21 24 149 150
    85 131 152 155 153 184 175 74 239 166 201 27 78 171 172 246 35 22 34
    60 62 192 181 209 133 101 3 20 74 101 123 183 209 209 155 147 163
    253 149 210 20 113 50 29 224 152 212 165 1 177 220 108 156 80 32 193
    254 57 100 106 174 157 32 251 205 226 61 49 241 233 24 55 105 123
    128 3 46 52 3 31 83 41 5 222 147 126 174 92 240 195 60 127 203 116
    21 138 236 111 88 146 16 157 183 155 110 59 195 203 225 74 174 60 61
    133 186 240 74 170 170 165 255 144 43 250 5 161 45 246 42 95 224 173
    25 30 160 153 167 65 168 52 133 76 8 165 147 117 181 135 194 87 196
    112 163 215 242 97 84 150 87 35 214 220 53 254 55 252 112 141 175 62
    255 135 178 153 111 131 27 200 122 17 67 234 71 16 115 85 215 17 110
    130 139 119 248 167 66 89 159 55 132 77 222 85 92 55 21 124 157 91
    37 32 253 145 217 207 67 177 99 102 255 17 125 222 212 62 227 231
    145 176 24 158 42 136 203 133 238 159 64 187 14 150 175 187 211 62
    234 110 110 159 95 127 183 39 4 44 104 126 18 221 150 20 226 207 100
    119 21 196 233 210 52 1 232 176 28 215 217 25 204 201 34 252 247 52
    171 175 62 184 116 87 212 134 106 159 83 250 71 79 191 139 161 139
    89 174 60 166 161 76 25 157 111 51 114 96 147 87 2 183 252 199 168
    96 15 217 105 20 65 184 127 11 195 237 8 59 254 69 111 56 74 58 43
    191 233 169 42 110 42 244 23 15 93 99 134 11 231 201 50 6 208 66 22
    101 157 200 231 133 113 37 76 182 154 219 28 194 141 9 186 169 114
    235 228 64 39 136 162 21 14 60 135 59 208 145 238 11 157 225 158 85
    183 152 169 114 239 217 190 64 96 160 189 238 227 78 214 94 66 174
    64 206 110 108 31 64 210 128 60 175 201 143 10 160 84 89 105 26 23
    213 134 188 148 208 241 83 84 174 88 54 84 86 244 2 3 57 77 110 5
    210 170 30 26 66 21 52 96 182 135 211 42 189 245 210 140 122 54 80
    208 56 139 200 72 75 97 117 178 79 26 63 61 68 122 34 122 94 94 193
    76 218 173 157 134 55 109 120 127 115 158 3 56 63 227 83 120 133 157
    250 78 137 165 30 17 46 201 131 70 83 147 222 218 216 250 120 141
    155 36 33 31 145 153 200 187 83 227 23 74 6 206 93 49 0 219 169 255
    196 166 50 193 133 41 160 4 246 245 99 233 9 11 12 162 132 137 70 78
    129 53 143 170 230 176 239 121 11 210 196 114 246 217 221 103 237
    187 201 60 48 161 153 159 23 87 24 11 154 164 14 42 171 79 226 10 3
    215 131 93 51 126 151 127 232 134 244 98 246 86 139 220 194 234 145
    150 111 201 23 219 235 110 39 110 239 128 185 85 28 240 189 195 208
    35 75 163 51 78 201 125 90 0 1 8 122 250 76 115 115 234 167 33 177
    192 85 202 97 250 15 21 215 118 135 90 9 123 149 135 214 238 107 113
    202 119 184 197 180 112 58 168 247 171 229 7 76 129 100 93 35 228 73
    253 124 239 73 223 6 155 162 85 209 73 78 9 126 111 58 94 39 103 186
    63 245 8 37 25 7 116 0 24 203 87 254 138 186 80 30 36 174 228 245
    182 111 136 226 54 42 196 88 140 203 242 226 250 26 187 207 128 34
    87 40 140 138 175 140 241 243 1 65 66 158 37 84 135 177 243 246 101
    107 254 172 111 122 204 90 234 2 104 240 50 45 211 92 97 99 40 195
    116 244 228 4 63 219 69 1 132 240 195 17 60 110 98 137 111 185 119
    192 127 138 237 128 134 41 187 189 189 123 94 79 18 55 10 231 136 75
    23 68 143 165 161 225 213 49 143 219 198 199 20 106 49 117 180 252
    153 236 75 94 174 204 42 114 43 47 22 77 170 51 102 73 158 86 143 21
    197 170 39 238 56 13 250 151 132 145 154 10 76 153 43 115 20 190 248
    191 146 233 211 71 83 22 177 102 116 11 161 170 119 73 217 134 99 38
    165 77 174 171 108 195 170 53 192 195 77 128 154 156 7 118 108 198
    44 196 118 29 132 225 190 187 211 52 185 162 81 16 166 24 223 171
    134 72 236 237 129 85 235 250 125 9 185 184 180 209 250 38 58 203 81
    51 57 0 220 251 21 255 120 98 157 146 197 181 30 10 139 13 38 103
    254 137 190 197 79 5 87 210 40 78 166 116 127 231 136 166 187 37 62
    228 175 166 135 5 252 231 39 23 216 75 166 146 243 226 111 10 160 63
    37 125 174 85 142 253 3 181 222 17 62 230 80 60 128 36 201 110 74 59
    246 82 156 56 48 41 57 158 157 160 222 34 80 138 224 172 255 164 194
    65 23 99 206 33 21 156 207 12 175 134 107 171 22 59 198 0 29 109 60
    49 117 180 113 61 49 6 196 79 124 142 177 37 241 42 231 160 185 55
    127 220 246 128 19 90 52 2 254 241 156 100 235 240 91 63 40 62 40 91
    23 167 228 104 72 250 154 68 136 25 71 90 116 182 165 80 176 55 31
    218 155 189 69 26 18 153 181 163 182 1 50 212 107 232 39 251 60 113
    138 230 124 121 131 124 205 229 48 154 57 115 248 140 136 23 208 190
    157 26 102 0 246 150 243 221 172 10 210 85 198 221 227 171 247 245
    156 140 17 111 184 167 248 200 177 53 143 244 85 49 205 96 49 22 42
    139 167 144 39 2 56 118 136 74 228 34 235 8 217 47 16 6 152 200 47
    134 158 204 185 91 43 156 100 92 29 111 218 243 236 229 59 201 244
    59 205 39 221 141 99 208 158 174 187 203 184 246 209 92 91 14 117
    143 37 35 135 233 168 153 22 107 54 181 26 95 245 94 65 91 124 224
    202 234 57 165 190 87 117 43 13 236 126 91 51 175 149 129 76 45 224
    208 169 64 163 29 118 197 133 182 228 213 93 225 186 79 124 75 193
    191 0 175 146 62 225 145 90 246 160 77 0 193 42 165 76 177 149 198
    91 161 71 135 250 173 41 154 11 93 157 167 222 111 84 138 97 43 187
    72 117 65 25 100 203 33 159 103 72 19 79 240 204 105 191 218 19 33
    160 35 248 59 216 176 235 49 55 172 231 23 200 174 151 96 232 133
    234 72 20 207 180 156 109 18 198 167 252 212 165 223 88 50 141 10 26
    6 132 128 158 176 37 206 74 184 71 164 4 95 47 249 228 105 226 238 3
    230 138 196 214 161 195 206 103 77 123 157 240 145 153 114 161 244
    53 224 203 246 117 58 239 237 108 36 17 121 198 218 15 217 19 179 89
    184 142 114 235 47 108 238 53 96 173 8 91 24 57 79 200 63 117 91 27
    195 73 169 20 75 170 167 111 10 197 229 215 209 162 232 227 29 59
    216 56 73 82 115 88 83 254 105 60 142 166 176 173 97 15 215 224 206
    63 166 92 219 42 229 6 32 92 67 242 212 175 209 53 212 23 73 193 10
    96 110 66 61 73 88 85 73 211 51 216 139 36 117 134 130 235 145 5 84
    63 39 13 127 178 24 172 14 93 0 72 31 150 84 17 78 8 207 162 255 184
    76 24 241 182 43 203 233 175 83 108 175 161 167 95 193 226 47 75 110
    146 208 150 214 67 193 110 227 205 177 164 254 121 212 47 217 4 177
    190 115 201 146 127 134 11 219 115 222 14 179 93 144 81 185 16 88
    137 20 63 135 16 202 132 200 93 173 106 236 162 6 139 1 254 201 30
    74 41 46 82 148 136 214 6 239 162 79 135 22 80 145 188 165 73 70 24
    190 37 176 207 116 13 198 172 202 115 226 207 129 72 224 135 93 145
    34 164 162 143 54 41 40 99 181 157 20 103 61 157 125 135 29 58 175
    12 202 184 215 42 56 58 230 78 221 132 213 218 54 57 158 53 128 181
    241 157 37 219 129 140 204 33 22 20 149 204 99 209 199 6 41 138 135
    191 62 129 99 164 183 192 218 126 112 101 132 225 250 153 249 243
    220 202 129 253 146 54 63 17 62 25 85 242 132 120 17 183 77 50 196
    91 226 254 150 31 88 36 18 163 188 140 13 179 26 39 90 156 245 10
    172 117 32 57 222 194 186 104 193 13 175 140 203 7 54 241 194 57 129
    108 190 88 8 71 40 255 158 80 17 28 156 114 42 169 80 135 150 117 11
    59 240 62 13 128 243 253 44 86 67 110 240 38 11 36 22 222 122 56 69
    233 12 211 237 206 118 179 16 128 165 69 193 184 244 106 70 109 10
    132 81 229 155 76 172 19 191 174 223 70 176 121 101 97 160 14 16 195
    201 221 26 204 111 63 112 102 196 247 39 83 93 148 242 240 169 17 96
    36 62 180 210 140 63 23 119 138 103 66 180 191 107 20 87 216 8 69
    135 136 56 183 188 51 44 169 102 219 171 64 110 185 181 110 39 72
    151 10 182 91 196 223 85 36 50 153 14 235 234 129 90 26 20 233 76
    148 27 11 158 94 38 26 236 67 190 63 112 144 34 130 168 14 149 188
    86 63 7 220 50 211 207 2 56 22 118 185 4 141 182 163 125 95 126 69
    193 115 97 204 7 202 116 99 118 156 154 82 139 130 7 54 2 22 22 28
    75 73 66 50 141 55 160 101 68 91 45 98 55 60 89 24 181 222 130 238
    200 43 100 43 10 228 89 220 62 143 60 87 180 54 178 249 115 3 2 215
    241 19 217 96 111 42 255 235 139 219 155 60 162 244 11 56 209 50 182
    46 199 68 141 120 233 182 98 57 34 244 212 154 4 134 190 162 247 106
    101 122 83 144 237 56 45 74 53 123 15 137 11 124 57 73 159 8 213 202
    218 164 202 188 195 87 1 68 58 229 13 101 237 133 104 45 214 93 49
    33 100 236 233 246 204 242 89 72 16 32 12 236 246 125 248 146 249 62
    219 10 196 222 182 123 209 148 13 74 213 108 123 180 122 29 35 48
    101 150 207 149 196 222 205 42 101 177 178 140 249 5 242 66 252 120
    122 110 23 55 129 212 251 11 37 135 47 84 235 131 216 208 93 235 240
    83 130 158 214 64 218 163 18 203 248 171 157 229 145 246 157 72 229
    77 222 240 198 155 148 170 22 167 88 49 85 60 232 73 24 84 44 19 33
    216 211 29 21 229 145 81 222 173 97 112 14 45 201 82 127 160 180 27
    37 197 167 198 24 218 195 26 16 132 137 117 117 180 85 223 209 157
    231 16 122 80 21 98 49 227 94 33 17 194 188 191 4 87 247 214 201 71
    58 16 47 95 245 94 0 95 178 157 84 237 201 224 55 153 66 63 184 135
    94 16 123 163 205 21 225 148 101 211 51 112 14 59 0 219 127 181 24
    42 244 166 198 185 185 61 49 179 184 101 120 39 109 51 22 16 179 145
    218 156 127 103 136 249 147 187 181 151 28 26 202 183 57 119 255 117
    92 254 85 168 156 54 202 255 202 114 165 100 132 212 155 209 3 140
    90 1 111 125 174 57 200 224 243 34 149 113 155 246 29 248 142 44 211
    141 207 29 7 172 22 232 70 224 10 16 193 66 113 183 176 192 74 108
    98 187 162 192 201 114 243 234 243 142 42 5 128 146 148 34 245 186
    247 224 110 138 205 18 105 163 201 179 16 195 36 1 27 169 38 114 131
    241 168 47 157 207 237 247 28 74 110 4 169 125 71 32 65 52 70 145 90
    109 63 198 157 14 202 235 95 209 108 202 208 10 63 112 12 102 32 177
    226 125 135 156 47 143 90 25 176 200 67 95 174 232 39 235 191 161
    189 205 170 17 255 24 153 20 36 110 136 66 68 163 193 106 171 80 244
    91 204 76 88 252 208 86 133 224 224 217 171 39 135 230 208 121 251
    131 0 53 170 193 244 93 33 238 175 222 123 111 49 169 240 125 65 41
    255 131 100 18 11 110 187 66 39 123 107 229 17 253 33 222 44 99 217
    111 46 209 19 79 164 63 115 55 133 175 39 146 169 170 237 77 242 167
    153 57 107 174 18 188 249 78 94 94 13 11 225 133 187 47 198 237 47
    87 11 87 214 114 76 172 73 200 119 50 146 198 45 244 187 192 114 188
    102 166 209 63 215 197 97 11 226 197 31 119 243 169 107 158 24 227
    62 129 92 173 206 26 18 70 22 64 225 141 100 230 241 255 79 3 189
    167 211 100 76 246 219 44 143 4 81 111 172 172 158 128 35 79 63 237
    115 48 106 158 133 112 63 123 141 236 86 123 206 189 22 181 80 211
    150 155 151 131 57 130 62 1 60 250 233 251 92 215 225 8 12 8 8 195
    29 240 253 92 91 170 9 194 162 223 211 191 206 202 201 34 12 86 6
    152 14 26 54 82 71 54 14 175 34 88 189 200 33 180 153 90 237 237 113
    9 163 71 164 234 140 138 100 68 18 204 126 41 32 68 159 146 51 37
    174 61 232 196 235 222 209 98 67 83 46 72 115 241 82 129 122 167 232
    57 29 24 73 32 9 225 120 198 48 19 69 184 104 142 100 226 240 82 72
    57 170 133 127 249 242 53 14 220 216 1 234 191 84 219 102 135 231 67
    156 36 50 39 131 221 90 80 22 152 117 216 229 94 190 249 245 199 100
    100 248 208 188 100 10 143 146 2 69 80 48 12 84 111 103 196 165 167
    149 125 187 48 189 159 32 75 9 7 209 35 49 246 243 247 6 238 134 56
    178 89 61 183 157 12 180 155 3 3 61 154 226 64 70 219 110 58 5 57 70
    44 129 5 176 251 175 23 175 100 219 112 33 245 138 166 122 209 200
    246 220 54 96 171 107 222 108 118 78 181 200 196 31 9 253 238 95 129
    221 53 71 24 208 137 116 83 57 209 147 213 178 198 163 135 164 173
    38 199 172 114 141 219 127 198 81 224 204 65 29 25 44 57 81 246 96
    207 118 210 106 230 81 34 179 51 123 51 164 20 35 234 185 83 162 220
    111 197 74 26 192 133 138 229 86 107 225 140 210 122 17 70 42 68 121
    177 8 48 97 142 217 99 112 99 2 57 121 173 239 127 179 255 129 207
    133 19 19 50 45 131 63 196 188 103 215 74 249 223 25 159 47 63 122
    215 186 26 15 96 236 192 166 44 254 55 89 178 32 3 242 122 114 22
    124 214 154 218 205 202 70 105 119 83 160 209 67 237 233 104 7 102
    168 166 71 73 126 235 135 184 90 123 114 16 125 252 67 40 235 45 2
    40 22 129 184 131 91 145 86 186 248 56 184 46 229 33 244 10 140 234
    77 51 159 132 210 133 115 218 99 128 140 20 115 77 86 119 101 178
    140 148 97 46 16 105 180 103 125 78 151 89 46 219 150 208 186 28 218
    83 107 215 172 171 32 218 179 136 227 215 186 56 83 76 54 6 80 33 19
    165 212 96 87 145 31 44 27 76 191 88 177 235 85 127 13 243 30 2 62
    73 225 240 80 88 112 160 181 70 208 219 87 81 154 123 49 4 13 163
    130 54 12 95 108 98 169 103 205 249 108 194 36 203 212 50 112 145 68
    225 51 185 198 204 232 40 97 175 154 136 72 4 104 112 160 175 231
    239 123 85 88 157 197 192 106 104 30 63 199 61 150 86 212 116 240
    180 153 136 181 130 84 63 7 212 218 46 50 138 173 167 85 83 246 72
    198 194 93 152 79 223 118 59 203 212 49 91 133 178 219 20 226 66 200
    229 231 1 136 229 254 77 184 174 9 221 114 57 220 235 155 112 55 202
    38 21 147 25 115 76 94 169 18 71 89 102 126 6 164 23 87 207 44 103
    51 127 68 193 203 165 119 35 200 48 41 216 151 240 21 67 235 55 172
    105 155 237 60 102 125 57 226 149 156 236 248 247 113 214 245 222
    210 158 205 245 179 198 86 124 140 10 164 166 107 103 131 163 60 152
    13 241 32 239 186 225 84 146 103 222 68 47 51 251 241 139 174 244
    251 114 214 234 253 59 226 123 230 19 6 19 180 143 170 69 42 210 250
    125 199 238 246 150 213 117 31 105 207 145 155 47 166 64 88 213 112
    55 119 93 66 204 138 180 200 34 74 73 177 221 163 134 53 19 195 238
    63 84 167 88 114 192 38 215 139 167 245 133 162 28 59 239 234 233 38
    178 250 32 141 42 223 198 139 55 218 66 130 91 15 20 116 204 206 110
    184 176 36 17 3 213 129 4 250 68 207 198 208 67 170 25 222 26 218
    201 50 51 110 0 191 154 37 111 88 197 187 255 153 176 22 215 76 74
    210 210 216 135 57 72 186 193 95 140 247 28 120 166 49 44 205 228
    239 64 151 65 40 96 181 110 17 254 183 32 72 158 250 215 224 94 114
    46 81 152 184 53 49 146 22 157 174 201 145 131 191 237 214 78 158
    245 236 59 226 109 147 200 68 21 251 13 252 156 68 131 165 72 246
    120 49 158 156 47 178 170 166 72 42 4 127 234 31 218 91 68 57 158
    246 201 149 33 35 173 236 217 223 184 97 174 253 178 131 244 125 173
    185 72 73 62 55 92 192 139 187 73 28 15 11 38 40 92 170 226 163 51 7
    79 66 54 42 88 243 47 130 91 141 145 236 117 102 253 246 217 211 183
    24 166 212 4 88 132 102 41 99 180 19 60 220 23 246 107 111 249 60
    156 199 205 217 1 221 191 144 80 76 106 8 113 160 183 67 194 6 48
    164 100 241 229 215 202 71 40 66 218 34 104 85 146 17 89 159 34 45 6
    193 234 166 149 147 15 202 40 34 54 54 138 236 27 249 198 120 24 162
    32 5 244 69 252 106 147 249 236 88 251 121 177 88 77 107 27 156 42
    220 133 9 187 14 22 153 55 237 207 83 18 207 215 235 25 59 54 98 237
    111 211 118 218 224 26 235 242 86 225 140 217 59 247 94 170 111 209
    204 51 32 74 133 242 149 131 250 116 65 239 131 23 235 33 28 59 134
    214 217 71 226 22 196 224 13 29 205 115 227 198 103 112 74 238 31
    208 150 74 156 59 20 99 175 57 144 197 228 15 22 152 182 109 178 1
    198 178 170 244 149 211 44 98 171 212 127 130 170 43 133 229 155 152
    120 100 236 189 112 36 155 99 91 196 226 18 146 209 198 73 9 1 14
    218 215 100 180 47 53 164 103 140 156 122 218 127 254 72 126 80 238
    98 166 125 58 44 98 119 169 116 14 45 203 147 9 59 239 111 45 53 181
    177 32 243 66 31 28 107 214 157 49 156 0 176 129 217 138 157 151 141
    244 2 186 113 61 105 194 3 5 15 150 192 113 201 139 27 102 159 236
    231 48 233 178 181 63 83 225 12 176 236 177 216 244 199 72 17 113 48
    89 57 184 96 201 47 64 137 41 3 62 7 202 36 212 71 4 108 63 157 202
    16 227 101 249 37 143 52 74 249 90 92 61 11 35 6 0 7 73 0 227 189
    130 255 186 4 174 45 62 9 44 102 128 58 217 135 81 190 175 24 218
    213 33 191 175 5 156 117 70 0 180 149 35 89 105 200 216 117 94 250
    63 208 194 81 187 255 110 194 158 70 137 235 114 136 25 119 197 184
    56 111 61 160 164 11 94 86 67 17 236 22 116 19 35 171 55 252 170 127
    213 121 180 27 32 98 98 175 104 231 135 38 47 254 118 108 93 77 224
    123 30 30 191 31 62 190 158 23 234 105 208 79 164 66 151 142 45 176
    111 164 180 31 215 26 206 194 106 10 22 82 58 76 225 183 137 21 39
    145 199 155 225 127 105 216 200 232 1 72 98 57 44 104 170 209 220
    128 106 145 143 27 115 127 227 142 91 91 51 111 73 135 74 98 3 205 6
    24 139 180 153 76 1 88 84 156 102 177 218 163 121 202 215 8 203 33
    102 118 154 15 151 32 177 107 165 42 208 16 69 187 168 231 189 210
    75 75 242 35 157 24 102 22 156 76 0 165 186 197 191 159 99 204 187
    223 105 154 166 44 224 246 4 189 156 184 22 58 154 38 247 83 236 116
    207 195 235 12 210 151 65 215 233 188 123 159 152 83 247 26 25 104
    12 32 66 2 11 253 223 144 159 193 128 55 132 233 133 48 227 164 215
    59 208 247 26 102 20 215 26 33 253 138 40 93 167 119 178 189 47 153
    173 1 15 5 138 37 91 150 170 159 241 16 155 129 210 166 191 69 235 9
    92 210 239 50 230 43 250 169 126 153 190 49 198 41 164 33 149 41 136
    20 180 155 176 41 196 174 81 178 21 9 112 152 54 194 249 136 116 191
    248 158 33 53 33 106 122 44 31 162 119 93 91 236 32 3 54 118 184 135
    100 43 62 13 83 171 109 160 179 75 206 75 4 37 244 97 150 156 88 131
    178 228 234 157 68 34 202 56 27 74 4 75 247 54 138 50 132 101 47 132
    248 107 154 138 213 196 255 115 138 249 238 191 228 156 72 115 182
    84 189 203 145 148 188 197 36 189 18 116 61 245 123 243 33 16 64 85
    145 195 248 246 9 226 178 196 146 115 27 36 204 248 111 166 167 36
    206 202 125 178 184 18 149 58 170 241 109 120 32 26 101 154 2 185
    181 3 0 44 219 120 98 174 44 82 37 245 126 204 42 132 141 145 123 7
    71 102 250 253 20 3 16 188 189 80 6 162 16 82 89 114 20 161 71 81
    128 222 229 82 30 181 87 50 92 227 60 213 28 228 194 36 212 133 127
    223 114 29 142 126 242 28 185 110 234 185 179 243 146 127 223 225 81
    229 80 2 35 185 206 33 83 181 135 189 139 208 161 10 207 75 247 175
    12 103 58 188 215 205 184 150 107 94 66 1 97 106 152 45 20 70 47 224
    251 105 21 213 14 131 252 176 236 9 159 47 203 24 193 25 27 85 68
    158 142 52 51 206 9 90 190 243 163 168 108 202 187 96 239 65 186 122
    18 224 100 242 228 137 8 134 147 76 210 67 72 76 250 187 252 87 195
    234 15 233 69 0 7 188 130 234 155 242 222 197 26 34 21 178 117 92 74
    117 180 108 36 28 71 239 126 193 238 14 65 107 49 128 133 81 226 137
    218 59 104 76 135 7 147 187 119 101 248 27 177 220 30 29 41 161 59
    245 65 66 251 32 54 54 61 168 227 146 160 5 137 122 21 2 88 183 101
    72 60 132 141 138 255 212 162 20 126 85 215 191 81 235 125 242 49
    159 226 69 174 49 159 238 210 18 5 240 210 63 141 79 139 12 161 200
    203 198 125 41 85 246 76 153 232 156 107 223 241 92 162 73 86 102 63
    218 215 198 158 209 146 94 165 161 128 223 59 197 217 116 5 121 8 82
    16 143 172 140 175 75 141 62 81 161 68 198 116 254 167 176 102 96
    198 156 44 178 111 11 148 248 30 181 76 251 217 164 120 14 9 228 141
    245 86 216 249 90 47 247 179 167 24 101 104 218 144 24 180 170 191
    219 195 175 158 46 43 93 64 46 10 138 85 117 97 16 9 127 245 17 87
    233 208 174 211 7 57 100 85 146 179 246 181 166 181 208 118 141 86
    180 142 207 131 110 168 133 60 157 211 62 144 155 114 157 84 82 255
    125 25 182 41 228 79 82 98 141 7 171 93 50 232 164 159 152 72 95 241
    56 230 2 255 87 184 252 230 203 203 219 93 17 123 88 89 126 140 63
    209 123 13 118 185 127 119 1 42 211 16 94 89 158 19 215 146 49 31
    136 35 168 225 212 186 6 115 97 10 130 77 240 234 129 70 107 40 39
    155 6 70 221 18 13 104 167 240 24 31 69 105 9 66 255 167 54 22 206
    164 228 160 214 140 230 232 134 152 39 214 130 202 90 232 110 145
    133 197 182 180 216 153 72 190 173 88 186 77 71 208 170 60 156 92 16
    194 94 113 172 13 126 174 229 234 121 251 183 13 42 72 255 173 215
    176 132 4 114 112 53 243 43 36 2 75 218 7 127 60 26 66 98 228 73 173
    118 154 108 188 20 40 14 87 10 42 177 211 97 199 14 37 3 88 213 255
    61 23 11 52 31 133 132 26 151 209 192 69 187 134 117 64 200 164 90
    139 49 152 253 10 196 53 244 242 192 73 57 20 173 221 154 3 33 17
    246 64 139 89 218 228 181 182 91 81 22 83 180 209 231 190 123 254 4
    103 220 89 0 118 53 239 205 95 220 101 5 10 18 71 165 8 150 114 22
    56 186 188 124 106 126 239 4 62 165 73 20 188 169 210 4 101 179 206
    160 21 87 251 57 176 148 153 216 133 182 9 42 212 249 187 250 192
    143 228 128 200 12 233 191 47 45 65 1 209 57 175 161 118 136 218 199
    74 191 34 211 47 71 88 52 98 229 72 8 196 86 110 25 4 219 33 236 51
    74 170 47 217 226 224 70 181 140 34 246 151 230 9 55 239 208 102 240
    115 206 0 79 52 170 74 133 203 25 37 164 193 216 162 68 41 176 218
    150 54 125 80 203 241 250 35 196 45 81 234 145 152 254 209 160 177
    217 143 242 114 52 80 193 149 140 175 212 39 173 89 222 50 146 78
    144 201 249 134 71 165 85 69 186 80 159 203 71 56 115 225 245 104 49
    196 170 73 111 204 97 16 236 148 161 148 171 225 221 160 54 71 38
    216 144 113 81 177 167 185 35 176 46 163 60 214 149 98 153 52 181 66
    136 201 171 55 171 134 205 52 186 151 44 141 187 8 101 124 225 207
    61 197 60 207 205 52 63 4 55 134 76 251 127 203 139 188 8 107 25 125
    204 98 48 133 79 89 156 83 59 228 61 190 165 229 70 1 96 215 169 139
    41 137 201 36 19 84 112 96 114 250 63 113 218 144 236 153 177 251
    185 194 1 145 107 133 248 111 90 51 64 133 62 74 24 72 133 16 34 12
    253 117 92 212 246 115 68 58 210 208 252 102 238 27 208 214 166 139
    94 178 220 113 219 133 39 72 182 233 157 161 108 170 78 123 3 107 71
    106 71 20 124 122 34 192 56 241 228 46 169 13 83 181 196 73 151 117
    122 8 129 208 243 47 95 195 31 121 64 112 172 78 113 229 89 215 7 49
    87 104 251 7 235 116 32 174 55 249 13 208 195 143 79 205 249 19 114
    220 1 252 140 163 191 83 250 186 143 53 196 94 168 49 226 255 101
    115 71 204 181 12 104 210 121 74 157 179 11 153 193 47 198 20 161
    187 29 193 92 186 124 67 99 122 217 150 53 155 161 70 131 151 168 93
    146 159 232 80 52 53 140 46 42 147 78 208 177 87 116 154 103 146 3
    221 92 128 225 104 206 198 104 218 119 218 95 239 133 34 79 74 8 233
    75 192 250 65 28 157 244 149 232 11 36 199 147 39 133 247 48 159 202
    15 190 15 80 150 156 74 73 212 50 5 222 176 101 26 216 73 11 247 3
    119 192 137 1 234 215 240 253 21 193 251 226 127 219 235 11 200 198
    117 149 27 140 64 25 110 4 72 38 174 126 21 24 159 123 197 34 138 26
    1 70 51 83 252 130 14 96 119 215 234 9 70 71 238 223 24 208 182 72
    65 176 171 216 64 32 96 122 82 251 21 182 114 243 229 92 198 249 192
    151 26 24 241 47 47 132 75 205 16 197 31 119 175 223 118 182 165 175
    186 32 252 1 195 59 155 124 35 124 22 133 171 158 84 210 245 15 206
    37 122 108 121 59 144 102 96 78 154 12 138 78 107 215 42 10 191 249
    120 238 159 163 43 161 46 31 92 95 102 48 68 50 193 48 244 106 167
    11 162 196 57 20 166 102 119 128 3 45 211 87 164 101 248 144 245 182
    136 241 63 108 247 56 202 214 63 126 175 77 130 97 119 208 159 83
    178 137 179 5 150 189 40 75 164 192 89 174 43 6 63 22 215 252 127 19
    126 149 66 216 230 97 84 31 219 209 119 148 72 100 28 14 9 153 148
    133 242 116 226 29 244 46 41 119 29 249 202 159 218 88 244 149 157
    248 129 2 91 68 69 52 91 100 247 208 10 40 142 226 85 213 34 40 190
    3 121 189 48 78 218 85 149 195 79 60 129 0 172 0 121 28 37 221 205
    178 227 55 71 248 239 171 165 147 14 156 137 158 0 144 88 239 96 48
    226 162 164 18 68 165 243 153 45 220 61 218 96 39 237 206 179 160
    191 79 142 122 87 245 60 22 23 112 131 144 45 213 180 108 153 215
    182 199 12 176 149 50 151 24 140 145 218 227 49 99 31 246 217 250
    152 126 131 16 14 253 192 217 239 197 219 9 56 8 27 113 214 82 147
    46 187 47 34 235 211 110 250 123 220 67 148 66 141 8 102 59 126 250
    141 186 75 16 6 32 181 95 230 247 188 137 155 202 168 163 255 5 168
    52 23 227 86 41 110 147 239 148 170 180 135 119 10 196 109 220 12
    150 120 113 172 106 113 115 167 152 11 173 111 0 136 7 5 6 154 46 0
    201 224 188 195 153 179 242 185 241 159 101 71 17 155 114 159 61 194
    220 114 126 174 94 91 219 215 145 159 62 120 171 65 40 120 49 34 167
    136 236 8 84 79 87 92 83 239 105 77 77 228 168 164 223 124 231 208
    36 128 226 16 42 232 214 115 13 234 226 132 30 11 232 146 41 195 155
    198 79 165 26 76 81 20 1 62 79 198 161 152 5 178 147 23 43 102 218
    68 155 137 124 9 106 240 253 207 195 96 45 55 122 177 223 53 5 188
    230 174 4 82 50 97 191 148 69 250 230 124 127 176 7 51 147 177 237
    231 91 222 157 71 205 145 116 154 249 163 213 219 105 222 207 92 147
    176 37 76 68 25 239 194 114 166 175 117 47 123 80 169 214 73 120 7 1
    136 26 239 15 20 31 17 95 125 134 15 107 251 183 144 188 84 205 99
    43 20 100 212 232 10 18 255 101 175 249 45 162 139 200 83 122 94 72
    77 205 228 161 194 61 117 50 103 44 50 15 58 163 104 229 129 44 56
    215 170 203 156 235 215 103 108 118 112 111 199 70 119 1 73 67 17
    206 86 197 20 2 131 182 29 197 52 109 255 4 105 247 38 248 175 243
    226 98 27 99 206 17 60 168 236 109 8 31 86 104 14 201 237 46 43 136
    169 57 32 236 94 40 49 28 208 156 163 0 61 42 143 126 206 229 142
    204 40 171 223 216 125 60 34 157 163 20 204 45 47 234 112 74 197 93
    243 232 37 170 111 106 76 101 41 240 116 224 180 88 195 49 77 239
    227 138 68 176 166 62 78 98 24 176 16 255 234 76 252 95 132 209 134
    230 228 105 218 240 60 254 34 174 219 91 2 240 211 75 95 181 169 69
    182 233 173 77 135 42 132 97 136 148 40 118 195 147 14 251 52 192 71
    41 228 230 97 252 187 235 64 146 182 219 116 241 8 18 37 143 84 202
    136 7 65 190 17 231 31 243 145 180 71 227 107 59 19 111 174 112 117
    234 16 211 177 73 100 65 221 249 165 189 0 146 232 108 69 115 115
    215 128 116 173 175 110 61 65 109 207 120 187 215 235 5 238 153 207
    35 158 253 242 37 60 253 45 16 132 227 74 1 14 126 21 240 225 52 73
    71 19 88 126 252 144 91 204 18 185 45 173 192 126 244 51 10 96 192
    109 115 86 127 51 85 99 34 90 84 220 156 205 215 184 104 161 253 59
    222 89 42 153 169 235 54 101 49 154 136 179 100 171 189 108 90 39
    101 84 76 2 196 178 162 94 22 75 243 125 176 124 185 39 55 207 233
    241 244 227 82 75 102 170 6 99 91 13 77 122 148 176 152 100 255 14
    69 69 132 6 205 131 122 90 47 45 134 247 171 7 5 141 59 179 69 239
    135 155 77 25 160 12 109 246 206 208 13 0 115 122 242 57 50 167 45
    147 170 29 240 52 201 145 104 120 41 37 67 240 37 108 216 171 235 17
    94 198 176 201 19 216 32 48 113 250 25 237 112 55 88 151 28 90 94 17
    16 72 47 10 220 180 126 251 250 119 232 126 115 98 225 133 7 242 61
    129 232 166 144 218 197 63 158 202 138 236 68 122 128 20 156 24 106
    88 23 212 238 189 13 218 190 150 57 240 40 171 192 163 180 108 130
    175 155 12 57 10 92 61 113 98 205 197 180 230 102 20 119 144 88 125
    92 102 101 14 213 104 188 144 1 67 71 182 244 92 75 175 127 40 178
    238 95 27 220 225 33 128 7 157 90 235 251 99 61 37 71 7 15 217 37
    111 252 0 43 244 110 173 219 244 75 110 126 175 187 192 125 121 41
    199 164 160 66 138 91 48 55 84 16 220 82 54 162 25 241 35 236 94 224
    23 74 112 103 210 76 70 212 161 154 112 54 34 247 169 127 230 93 94
    173 156 224 101 171 90 114 89 38 125 103 18 17 131 135 176 125 129 2
    24 127 98 30 137 79 85 208 119 7 69 137 74 138 228 246 55 225 186 67
    224 152 88 142 31 104 98 179 46 33 198 65 72 213 215 152 41 102 105
    236 118 199 237 110 250 16 183 148 109 40 207 99 74 230 194 29 166 2
    171 69 14 122 106 110 38 25 93 90 165 42 201 243 173 9 149 255 227
    133 138 132 204 173 228 145 10 177 223 7 122 112 35 159 94 57 138
    209 235 83 9 108 214 241 215 237 191 253 98 9 230 220 163 6 204 203
    135 214 219 60 194 178 101 189 12 11 220 226 240 124 123 4 255 7 49
    9 31 170 27 86 148 104 105 254 180 112 123 35 181 30 105 50 92 144
    238 167 182 136 171 168 162 105 52 132 60 182 83 1 185 212 181 229
    225 70 46 221 122 206 87 209 99 215 200 248 125 152 129 23 55 118 11
    153 220 64 126 223 36 156 144 56 198 170 157 71 120 86 199 210 161
    65 52 31 168 31 112 88 19 142 57 121 55 106 160 178 216 48 110 228
    234 17 145 123 243 127 177 227 90 26 10 230 60 42 136 109 91 153 125
    83 91 54 210 36 84 169 150 148 234 219 190 64 189 211 44 181 113 73
    238 219 168 218 52 248 111 206 60 135 49 166 54 18 47 213 154 185 84
    244 183 48 182 250 83 63 236 113 68 37 67 192 55 211 61 244 39 44 18
    112 216 44 58 250 10 163 114 251 244 140 163 233 247 45 199 99 214
    154 231 102 130 119 88 97 226 201 115 192 8 23 156 72 214 208 152 88
    45 27 206 137 243 112 140 180 218 43 153 22 89 198 171 199 101 37 59
    88 157 93 64 31 13 132 233 147 32 71 177 74 221 254 188 137 15 167
    194 144 72 133 119 24 143 118 78 70 149 198 212 227 46 204 243 169
    173 77 188 151 78 50 198 25 87 30 136 43 225 54 116 47 133 204 88
    111 81 193 78 11 57 120 190 92 66 213 236 32 204 85 230 164 149 211
    78 97 106 218 121 82 40 251 171 38 12 191 170 227 15 73 1 182 194
    111 196 250 21 179 32 228 113 129 223 235 52 235 208 213 175 56 165
    75 211 56 200 35 21 155 19 129 252 0 155 68 215 113 158 122 10 189
    166 158 26 27 252 89 143 236 146 119 178 12 172 147 137 69 99 81 31
    239 174 245 125 166 219 110 161 36 248 68 133 237 250 14 110 45 68
    46 241 27 212 248 25 203 67 68 130 177 162 6 237 200 48 14 211 192
    93 124 98 231 234 6 208 141 95 118 195 64 120 0 79 209 132 208 153
    86 7 141 25 217 161 170 60 45 48 111 128 2 155 224 177 204 87 193 96
    57 243 50 116 75 205 230 174 11 39 139 180 197 172 216 202 156 112
    213 194 67 219 250 193 156 124 3 49 73 62 210 201 99 45 203 107 6
    180 143 159 232 222 60 84 142 37 103 10 15 53 47 107 96 95 36 18 60
    31 222 166 181 38 29 76 140 1 119 191 150 73 130 203 183 147 32 123
    59 37 199 207 14 81 24 234 1 243 57 216 28 102 125 131 107 126 244
    179 212 90 71 216 137 241 150 115 147 23 191 221 152 157 216 52 151
    246 215 180 82 245 51 191 50 73 114 14 94 75 178 244 39 173 254 246
    183 148 203 116 31 116 3 27 145 169 237 112 117 187 188 158 3 196 42
    23 147 244 35 48 30 145 160 119 147 5 117 185 30 60 232 186 30 60
    139 171 223 52 81 28 149 169 216 51 251 236 43 255 118 13 104 160
    182 228 192 24 209 213 81 196 198 43 82 127 245 42 61 20 117 141 194
    215 17 10 185 229 12 221 135 75 162 105 130 98 32 24 14 128 201 11
    72 195 59 141 3 152 0 123 164 246 128 226 102 22 14 194 72 86 245 53
    14 233 216 179 98 140 94 7 143 11 128 4 180 43 207 24 123 121 167 59
    185 38 217 61 52 17 213 93 233 117 191 231 128 90 104 47 0 229 77 91
    178 198 146 57 74 170 234 176 197 182 15 121 219 117 85 76 81 126 52
    166 230 242 218 162 146 112 66 64 230 73 251 245 63 27 79 7 14 197
    169 139 61 142 94 49 23 49 37 31 16 163 248 37 98 76 233 97 172 38
    151 236 1 71 34 53 59 43 120 171 21 222 116 42 156 170 228 127 108
    184 120 178 63 40 162 38 224 18 120 212 151 4 148 134 238 128 192
    182 60 202 115 98 82 215 182 53 180 171 15 155 102 190 101 243 42
    117 18 28 75 166 100 173 214 84 235 97 78 130 206 173 7 122 155 166
    145 144 135 26 153 151 114 35 167 252 122 83 76 61 251 233 73 153 44
    83 149 138 225 210 120 213 185 56 7 116 214 169 192 79 250 29 98 43
    144 61 73 129 152 226 44 48 158 152 40 190 94 121 52 238 19 129 132
    63 99 52 194 203 23 108 205 25 69 180 18 26 242 29 114 142 199 84
    224 153 249 22 167 242 151 156 231 140 38 118 17 207 177 146 92 67
    199 93 179 200 185 250 144 81 220 202 197 238 183 165 105 44 184 249
    201 142 232 64 207 142 236 69 193 253 89 34 39 7 243 210 200 11 43
    229 40 120 4 12 59 155 182 98 117 47 86 224 19 113 60 125 183 205 78
    89 4 94 28 88 99 172 13 195 3 81 1 146 241 221 67 203 180 75 95 211
    96 164 103 226 80 51 54 45 118 103 50 182 38 96 220 141 154 100 210
    237 70 25 150 34 250 194 123 84 146 68 76 118 186 243 89 191 58 160
    65 224 138 53 91 123 133 143 177 205 59 241 201 84 157 46 41 181 83
    41 126 227 158 118 2 240 67 72 116 113 253 139 183 255 101 12 150
    241 168 171 123 83 246 217 211 254 162 31 15 38 51 54 205 5 22 234
    110 121 28 227 229 147 35 55 116 39 44 3 229 132 255 125 66 79 206
    75 242 89 34 170 85 187 48 202 186 151 63 213 245 32 0 55 181 112
    213 117 79 36 205 110 98 234 194 146 90 56 209 37 82 43 110 255 233
    114 232 210 255 144 141 24 21 175 224 55 160 46 118 152 197 49 53 88
    238 93 166 175 186 20 238 53 40 102 107 33 25 116 215 238 76 133 223
    144 220 116 151 110 200 12 188 82 20 243 191 68 115 227 166 108 207
    84 114 108 136 240 144 67 144 153 79 11 115 211 115 197 56 165 144
    253 235 52 204 127 238 218 40 154 66 15 194 190 92 222 54 198 238
    125 193 135 229 48 10 111 20 135 78 171 157 96 231 24 151 250 39 248
    17 127 199 50 68 182 193 207 126 64 7 243 137 88 178 4 163 163 150
    148 216 92 213 64 132 225 123 180 176 154 103 147 167 205 50 19 231
    122 141 88 46 26 133 69 239 203 131 135 89 140 62 62 230 33 8 228
    107 70 99 113 61 120 145 171 230 136 37 18 164 178 97 96 73 65 219
    115 61 74 61 119 104 148 118 41 50 234 62 51 242 159 137 143 163 120
    122 210 182 156 189 184 139 67 231 55 97 210 129 152 195 155 130 29
    95 5 55 122 42 200 56 132 170 159 121 136 173 185 140 216 41 197 55
    175 226 128 129 120 87 216 109 27 191 99 56 135 175 246 96 197 167
    107 96 245 184 151 229 228 34 63 222 62 93 181 109 190 207 234 69
    212 115 167 35 94 75 78 75 226 87 233 246 61 83 190 187 119 7 18 115
    194 44 239 75 196 186 250 216 64 152 227 143 19 81 237 236 233 159
    212 238 180 234 60 134 171 228 9 215 249 79 18 170 224 62 114 112
    135 238 210 176 205 10 191 98 102 210 142 168 170 47 205 199 210 178
    188 53 44 113 244 69 46 139 64 241 166 89 128 118 136 245 122 13 152
    221 34 179 69 228 136 80 63 187 80 200 113 59 42 118 44 212 177 205
    105 121 105 23 252 140 96 20 122 239 2 11 253 28 130 195 219 138 59
    57 84 72 185 34 174 210 72 181 38 156 207 200 162 58 164 14 97 200
    175 53 172 15 109 105 221 181 181 250 112 83 12 80 68 174 109 224
    125 221 8 63 133 208 100 87 85 198 110 204 241 235 176 78 230 88 180
    204 137 75 85 186 12 84 195 88 185 176 198 4 15 166 180 17 136 243
    152 247 124 126 202 145 49 95 112 49 175 238 162 213 213 25 173 207
    74 30 86 144 220 233 172 222 248 96 76 202 240 86 114 101 96 74 82
    215 91 234 249 235 40 97 150 130 100 204 30 207 142 171 124 171 66
    188 1 122 204 28 104 90 249 231 183 247 56 153 214 113 1 35 162 84
    83 213 129 5 204 116 16 166 181 151 90 61 131 251 200 188 29 112 217
    33 72 10 14 207 7 69 17 237 202 69 224 125 186 69 89 104 196 21 74
    108 139 247 187 129 164 1 74 190 169 179 176 210 5 47 127 55 61 30
    177 144 180 184 112 228 227 59 112 228 234 226 237 213 39 165 38 191
    167 244 108 165 250 231 83 79 150 64 237 114 237 116 21 191 172 131
    211 144 50 194 206 52 152 175 235 203 96 3 186 197 191 17 241 66 1
    183 5 253 116 165 39 90 28 130 112 231 3 164 6 9 99 221 218 16 226
    153 71 184 173 155 68 194 190 249 39 185 70 204 72 243 36 159 157
    112 85 230 121 80 217 114 245 188 190 107 113 22 48 64 23 8 217 128
    78 176 130 122 36 52 109 195 194 229 22 9 146 45 255 109 111 172 85
    170 213 25 3 43 89 141 180 57 232 151 83 62 192 217 15 29 88 43 132
    22 135 70 195 4 128 147 245 236 56 157 192 138 47 95 227 190 57 216
    206 221 61 5 213 206 144 24 115 174 36 57 0 167 4 217 33 53 45 151
    44 20 225 64 205 7 5 189 10 177 147 22 80 117 253 247 182 47 217 40
    18 48 52 148 45 90 171 100 129 45 91 139 131 150 134 64 141 95 214
    10 103 158 152 173 137 96 19 155 133 149 36 175 122 113 92 55 96 107
    91 176 217 148 103 224 56 246 6 87 177 46 225 200 210 144 205 55 145
    192 130 131 35 142 95 197 248 80 215 11 66 130 38 167 150 33 154 117
    48 3 3 105 215 30 52 255 218 68 180 100 243 172 202 190 132 76 65 46
    100 158 163 124 255 145 27 44 227 174 39 209 38 63 209 160 150 100
    196 88 191 118 110 23 148 188 81 57 17 106 67 184 163 23 107 14 255
    227 30 102 203 213 28 33 233 16 202 25 31 230 225 39 76 29 116 173
    235 63 62 170 61 207 46 196 124 36 18 129 6 77 147 231 250 220 45 68
    57 89 85 216 246 214 250 227 189 198 63 241 142 77 239 243 26 118 58
    162 105 228 230 30 170 84 129 10 177 96 152 16 211 29 23 225 212 124
    116 138 241 252 68 103 147 53 21 244 181 87 221 183 158 103 204 161
    190 25 60 160 179 143 245 130 182 187 152 116 106 7 87 159 174 28
    107 213 10 44 156 251 25 50 140 142 106 55 254 72 83 68 173 6 186 28
    102 195 173 142 88 103 79 199 176 186 20 183 163 160 151 93 39 185
    177 108 170 96 230 172 203 153 158 187 40 128 74 210 42 147 64 6 124
    59 177 234 184 97 129 126 57 199 181 41 173 124 216 166 160 50 177
    171 218 226 170 82 151 86 139 250 178 202 64 147 14 198 173 19 211
    96 158 212 124 152 163 220 223 251 13 87 13 49 201 168 161 11 114
    100 158 105 63 127 93 148 155 237 200 178 187 136 192 224 25 147 201
    183 196 148 219 102 222 99 144 29 159 240 162 5 238 21 55 151 173 35
    171 48 15 26 177 7 24 169 225 234 189 91 146 85 152 112 121 128 239
    38 172 67 0 103 46 209 67 141 68 184 190 44 164 43 110 66 41 247 237
    251 176 175 98 169 86 213 104 120 96 34 4 179 205 214 215 129 149
    255 138 172 66 217 216 57 34 99 12 45 139 106 72 26 241 17 236 19
    158 143 244 13 91 86 75 154 68 240 67 159 139 222 236 20 134 178 246
    113 54 113 241 173 218 130 3 197 230 97 16 26 213 243 37 1 71 56 120
    43 197 180 11 211 157 120 255 67 200 5 234 6 214 228 136 51 58 30 54
    155 147 252 12 208 99 146 222 76 60 25 107 203 171 214 63 253 45 162
    217 213 103 73 223 250 108 123 212 205 85 3 226 40 207 206 161 241
    192 51 226 151 37 218 105 15 2 146 226 163 107 214 192 242 200 210
    180 25 231 126 50 121 170 211 210 94 228 239 115 120 134 66 92 207
    194 142 28 107 243 81 37 21 60 15 191 234 26 129 184 149 247 79 43
    12 12 116 150 192 77 37 130 239 245 171 54 48 101 216 46 152 163 105
    31 87 103 57 196 7 204 19 178 108 223 173 88 163 195 116 252 231 18
    83 103 243 177 54 141 57 252 242 65 181 216 254 93 185 46 65 38 62
    134 74 198 134 214 45 207 85 126 3 45 147 130 208 83 103 122 119 158
    65 92 160 157 211 184 154 113 15 50 76 194 169 197 48 86 4 0 89 83
    253 34 12 225 11 16 23 129 96 92 11 107 233 9 249 203 204 0 180 214
    196 174 86 151 202 41 104 33 20 50 178 33 211 222 164 13 165 69 54
    169 40 160 227 161 217 50 194 39 71 128 163 255 52 113 5 183 111 56
    175 116 38 184 118 110 107 134 90 204 134 253 247 36 202 4 223 82
    211 178 31 125 211 38 174 223 175 205 19 133 215 205 73 218 3 82 113
    130 35 233 142 213 43 184 216 97 82 37 92 107 206 87 24 210 105 241
    181 50 111 163 9 68 153 31 18 84 255 149 142 139 142 216 218 218 239
    14 146 144 166 52 134 42 212 138 165 224 195 242 143 126 193 226 85
    28 27 72 69 146 210 121 182 131 177 77 194 174 202 222 234 13 149 82
    130 140 213 210 48 155 192 165 28 180 204 114 245 125 69 185 215 101
    10 227 50 81 92 239 1 204 121 84 5 14 2 123 123 99 166 54 123 230
    133 149 68 74 160 180 187 239 181 194 147 175 253 204 21 43 204 118
    165 81 150 81 99 51 64 180 132 29 220 186 120 6 74 62 190 41 32 156
    1 62 143 27 203 159 55 74 233 85 166 126 77 185 7 106 42 131 185 205
    18 26 32 37 3 162 66 127 163 199 254 167 242 228 172 155 139 241 192
    91 255 57 29 227 239 130 76 211 147 22 173 116 41 43 145 65 53 28
    152 123 249 118 121 47 77 230 225 202 133 50 223 187 97 123 185 178
    87 18 3 193 182 76 239 50 78 37 248 115 245 13 181 109 164 101 56
    133 237 243 64 81 36 205 96 107 33 250 195 75 98 229 161 173 174 120
    158 16 7 213 13 218 156 169 194 34 58 88 9 84 238 15 119 237 147 133
    223 30 88 52 214 210 202 65 52 82 225 102 165 24 48 2 85 134 199 251
    224 64 200 103 100 202 48 106 48 69 108 23 8 211 197 182 11 6 5 106
    66 99 122 235 175 132 55 75 54 186 228 123 105 144 44 183 182 128
    145 29 215 239 223 26 86 202 20 17 54 193 72 234 216 204 105 54 39 6
    178 150 14 74 178 59 158 20 46 163 226 103 139 142 69 128 121 153
    201 9 143 238 99 209 169 87 215 25 78 111 243 94 246 133 206 230 19
    180 124 133 162 153 0 9 28 130 191 213 142 184 106 150 105 146 194
    239 88 244 235 237 233 110 221 212 236 237 152 220 130 199 122 189
    139 214 219 192 57 254 128 184 199 177 101 154 45 140 156 150 189
    159 30 25 249 70 136 204 186 243 103 120 175 28 109 216 28 80 46 178
    118 63 141 135 140 24 226 133 38 127 57 216 179 215 152 74 248 226
    28 84 31 79 69 216 188 227 127 18 184 74 13 43 112 140 162 135 175
    85 248 97 92 19 110 254 157 42 110 196 104 3 37 210 115 182 214 218
    51 125 6 175 62 205 110 100 5 158 174 1 38 80 141 180 48 103 127 62
    37 50 199 73 241 41 226 85 142 19 232 226 15 10 219 79 109 51 44 177
    205 32 224 144 63 63 178 171 113 212 105 200 249 47 152 39 28 80 30
    47 87 49 115 141 177 154 174 172 200 27 94 87 114 85 23 12 84 57 187
    74 122 82 225 217 73 71 48 106 126 62 179 231 241 58 38 54 180 131
    71 192 125 50 136 40 117 51 16 128 174 59 161 109 45 6 98 94 170 251
    153 31 67 231 178 194 137 240 141 186 188 229 20 212 119 95 212 187
    101 129 40 11 92 91 158 127 59 38 250 223 38 81 212 136 187 167 56
    21 27 110 200 176 178 225 161 191 85 151 214 188 240 13 167 172 216
    255 24 254 216 27 127 117 190 192 74 207 34 60 39 242 163 61 43 39
    246 104 117 62 30 210 178 34 233 3 49 132 21 21 106 238 207 40 167
    94 218 113 114 209 206 31 239 0 137 162 112 177 95 54 224 53 136 233
    58 229 1 67 83 41 116 213 178 35 236 22 39 157 210 62 22 168 211 113
    60 169 154 54 77 10 162 37 36 135 54 120 210 126 190 14 12 193 188
    88 233 95 71 166 229 173 68 193 192 170 135 96 162 78 255 252 121 12
    219 68 156 64 126 165 185 26 20 32 115 67 174 94 241 27 142 199 69
    141 122 116 240 71 233 78 116 47 242 240 40 62 225 107 89 44 84 71
    220 16 244 224 221 240 92 183 14 3 78 83 178 248 123 110 87 192 154
    54 147 156 249 2 72 102 109 202 18 99 110 37 6 239 89 188 219 220
    184 233 27 20 44 215 236 46 201 112 202 19 189 49 126 182 30 12 222
    86 3 131 181 255 27 229 186 168 145 139 130 95 226 91 96 171 28 26
    136 222 30 161 125 134 13 216 99 100 138 120 17 206 25 168 155 137
    197 46 17 240 21 224 173 229 59 246 105 156 8 191 154 181 112 239
    144 74 199 138 236 18 63 63 48 110 111 171 50 161 27 165 113 7 247
    227 63 163 113 92 168 126 34 160 112 228 80 221 131 77 89 64 242 217
    80 222 106 139 101 68 46 207 140 199 78 48 68 14 155 222 11 34 39 58
    135 233 67 72 98 163 147 142 186 246 36 21 9 229 227 144 165 120 49
    244 117 43 178 192 23 85 91 100 101 136 254 48 174 182 220 34 134 34
    153 107 2 158 29 221 213 239 23 82 57 46 133 170 55 93 182 17 172 38
    16 21 193 19 23 71 32 69 118 156 145 8 42 33 68 185 92 184 33 119 41
    167 232 227 150 140 88 46 57 80 191 211 36 111 119 100 31 7 215 35
    36 216 52 184 22 140 67 213 131 200 218 239 244 187 33 9 106 9 164
    240 14 77 253 223 33 235 125 36 238 202 44 205 47 252 46 250 210 56
    227 79 220 228 34 92 119 235 121 215 150 213 115 36 85 208 252 232
    215 63 181 158 146 61 156 42 142 191 190 70 33 78 203 100 43 30 225
    5 101 183 200 191 216 194 81 28 177 18 173 166 191 101 2 158 164 197
    18 205 177 150 191 97 86 76 46 61 79 11 72 195 25 254 244 8 54 189
    90 149 6 212 176 213 164 124 53 73 254 128 222 230 39 53 19 38 143
    223 199 166 137 17 96 128 162 150 250 212 159 98 101 184 51 213 193
    132 210 236 97 183 205 27 211 64 121 162 70 77 177 179 58 200 150 7
    71 129 216 191 201 116 72 216 150 136 126 167 128 22 105 56 66 110
    186 3 16 154 221 134 194 187 201 100 137 109 3 155 225 164 241 111
    183 39 228 243 166 33 220 60 118 236 247 133 237 48 47 216 43 233
    255 213 83 251 98 46 229 208 0 40 185 23 39 78 69 42 5 97 136 142 80
    84 17 48 209 163 47 94 180 233 65 17 228 53 149 104 52 103 131 253
    106 149 65 227 136 229 67 168 30 93 66 237 86 173 39 140 176 16 210
    175 200 218 225 61 178 236 36 4 108 51 202 92 53 146 97 29 139 16 96
    142 114 50 217 140 51 95 28 227 205 185 14 54 20 65 28 252 80 237
    156 94 168 0 17 61 175 113 2 59 72 181 87 253 95 231 120 102 236 120
    63 176 194 124 176 51 135 6 203 147 144 59 205 222 22 74 206 201 67
    99 45 12 59 153 87 32 89 201 1 13 253 38 51 23 105 80 243 108 111 11
    240 241 66 15 196 9 84 145 105 207 23 131 119 26 232 163 39 148 181
    115 177 77 237 153 227 9 20 207 20 44 188 194 103 36 32 98 95 195
    132 189 217 205 69 58 188 127 131 221 123 190 78 73 155 62 208 47 83
    210 147 61 163 227 230 234 81 96 224 159 98 236 187 19 53 21 232 40
    243 66 114 252 249 139 210 21 94 245 110 229 135 78 132 102 10 147
    62 37 176 42 46 234 32 146 189 37 144 202 224 161 112 151 38 191 141
    19 156 197 169 1 184 52 103 140 11 24 80 160 55 240 72 87 44 240 188
    158 37 171 186 83 5 85 131 5 83 210 110 22 15 232 111 235 73 199 142
    50 72 184 234 215 145 224 45 127 123 177 178 66 217 110 54 6 49 223
    18 11 25 240 33 38 31 18 17 246 232 3 72 217 3 86 8 251 175 21 7 237
    84 193 40 209 187 150 224 199 138 121 232 179 2 45 222 72 162 73 9
    118 204 204 93 137 64 29 135 28 32 198 139 21 224 17 158 194 106 16
    27 54 166 243 54 11 251 83 176 170 179 91 2 185 198 226 31 194 185
    133 19 60 221 184 63 194 57 121 159 11 37 155 128 233 159 188 101
    236 125 66 122 233 26 7 125 192 215 148 111 176 132 189 124 174 16
    59 189 60 108 138 95 63 129 135 189 87 42 109 1 71 127 214 176 53
    137 116 247 145 111 35 131 255 152 44 176 127 99 212 78 79 211 221
    101 61 19 68 152 22 117 228 124 40 187 69 238 135 5 14 142 236 248
    246 3 252 190 38 121 35 153 247 233 160 213 247 240 12 3 141 182 162
    131 79 243 155 152 230 70 70 45 28 148 192 200 150 231 151 15 102 82
    20 107 192 174 225 48 192 70 123 152 61 191 211 57 64 61 26 225 62
    151 137 59 77 10 104 171 107 54 187 72 19 188 231 239 171 16 253 243
    183 172 13 16 248 21 246 159 149 252 180 33 140 125 136 106 189 184
    5 152 207 232 123 28 70 84 59 110 200 115 193 232 178 162 113 144
    197 58 222 241 39 84 245 61 184 138 68 179 14 148 175 33 39 252 101
    228 49 93 194 82 165 240 43 170 147 253 162 4 132 116 159 170 182
    164 68 229 59 137 159 254 117 113 37 112 72 70 11 23 84 161 22 187
    14 106 74 57 200 205 201 98 8 168 60 130 139 157 29 5 134 234 148
    146 31 240 114 220 194 236 30 189 196 51 72 98 203 154 119 23 223
    212 203 74 46 59 235 64 29 21 237 233 119 254 131 91 242 141 176 104
    219 168 22 21 4 63 153 177 120 46 202 169 39 167 158 45 252 131 21
    178 119 153 34 14 179 243 172 167 165 194 193 221 245 121 11 249 155
    31 242 92 96 245 83 36 234 71 237 159 144 161 228 135 142 118 238
    150 230 173 226 93 233 30 17 130 172 39 1 98 50 219 215 39 150 72
    138 200 189 209 5 163 80 230 80 22 208 239 255 243 200 179 144 27
    131 184 1 244 142 223 99 157 29 187 234 69 44 63 74 62 205 48 245
    148 147 136 77 122 252 151 119 87 140 200 15 168 249 124 113 250 232
    19 3 72 243 114 197 153 101 70 204 84 98 41 44 15 26 103 19 29 216
    158 189 65 87 187 47 89 96 239 120 147 124 204 103 198 141 156 167
    229 231 82 47 169 199 206 116 246 47 197 143 27 63 15 110 170 135 15
    109 27 16 162 193 126 30 246 196 81 220 46 44 121 32 246 71 201 101
    203 94 184 245 141 102 133 68 198 251 216 6 108 154 3 54 44 178 19
    40 25 215 224 219 238 18 251 215 17 9 235 149 89 162 79 68 26 146 44
    52 81 210 225 172 218 162 174 129 183 60 24 133 15 110 55 73 220 136
    123 106 46 64 228 3 250 85 80 46 158 30 175 60 38 151 121 221 183 69
    102 233 45 31 194 241 194 124 11 170 21 208 223 163 75 123 70 38 253
    54 205 94 122 190 168 213 54 229 52 6 210 53 47 58 172 23 91 60 252
    148 118 65 139 118 202 110 68 120 112 179 46 144 18 101 103 206 206
    217 94 231 65 113 200 169 100 188 252 220 162 63 250 63 134 176 139
    181 55 252 188 155 196 101 128 52 192 105 160 54 255 195 82 100 4 50
    193 101 53 133 40 64 111 13 208 175 44 151 218 103 243 0 81 21 234
    123 10 49 62 21 150 59 4 27 228 215 184 191 31 101 4 20 4 122 210 31
    242 134 205 157 195 162 160 105 249 241 58 206 204 131 149 4 172 52
    255 214 247 140 28 178 167 125 230 200 4 64 105 92 84 20 171 179 243
    30 212 231 203 102 72 202 205 105 88 187 170 162 249 231 95 34 42 7
    121 90 68 241 42 235 97 94 114 98 16 7 226 40 74 162 246 157 44 11
    64 84 190 125 212 7 154 74 98 206 38 66 46 166 201 153 223 64 156
    178 209 50 51 251 143 103 73 67 153 36 179 251 101 94 13 151 220 156
    245 24 197 142 223 65 193 224 160 25 89 76 147 190 182 152 8 131 12
    59 252 14 56 184 180 199 66 233 156 84 198 39 60 21 14 21 130 3 25
    197 66 68 190 64 98 57 51 151 211 125 23 5 239 146 31 58 251 46 207
    48 103 225 100 247 103 110 201 28 235 32 208 232 215 109 155 114 147
    180 56 199 189 217 91 253 87 219 125 217 244 236 213 98 34 100 241
    25 195 197 92 81 16 104 63 186 131 69 142 54 150 234 72 222 81 129
    98 33 92 13 88 136 7 203 158 234 161 178 167 213 209 41 196 3 36 209
    115 147 166 14 234 231 162 121 165 140 215 144 66 60 94 238 232 141
    174 17 217 146 240 196 191 33 188 38 29 0 97 89 28 16 136 69 167 142
    27 195 131 46 196 109 147 123 22 63 140 231 72 100 31 150 5 245 66
    79 38 22 45 179 253 12 138 255 192 99 109 86 235 39 230 49 44 207 17
    195 85 109 7 78 222 177 166 232 154 80 152 174 90 203 159 160 161
    136 86 246 192 43 153 73 117 200 7 207 31 175 252 12 106 161 251 34
    0 77 238 34 212 111 2 154 8 219 98 252 211 36 225 82 102 75 180 186
    33 5 172 178 238 217 223 218 184 21 230 120 82 26 66 252 163 145 45
    202 185 56 213 56 191 246 216 158 223 33 3 20 152 19 35 246 67 137
    194 83 116 50 218 30 201 6 206 177 92 3 14 32 168 82 232 75 171 181
    119 5 75 21 159 40 127 40 53 6 116 221 97 243 62 139 7 64 50 124 105
    171 121 89 139 187 80 235 10 26 167 143 250 91 63 56 177 184 222 16
    95 248 57 236 247 96 13 221 233 244 224 216 217 93 50 75 0 54 249
    140 103 133 137 116 52 95 3 225 49 232 192 86 6 0 150 115 53 174 120
    171 185 59 54 5 7 62 5 190 126 245 247 131 208 113 229 61 6 197 34
    40 231 157 12 140 249 30 83 36 251 102 79 239 81 155 235 176 12 145
    67 159 92 91 63 87 90 9 227 30 94 38 61 211 141 112 79 133 114 119
    43 5 157 183 55 89 139 70 213 84 136 147 85 37 245 248 32 238 254
    157 15 206 86 77 34 239 250 109 59 187 164 106 68 116 2 133 213 211
    52 9 4 245 97 196 238 146 125 194 188 76 187 159 212 129 219 106 130
    13 217 253 53 232 80 133 199 176 41 242 54 64 62 95 79 189 97 211
    117 213 211 136 203 155 152 240 200 174 217 237 95 149 159 37 159 88
    6 224 190 220 33 48 129 183 175 53 215 198 63 92 46 110 91 175 206
    183 244 59 32 214 97 112 187 167 164 37 75 121 75 1 129 146 208 226
    157 11 206 139 34 98 31 244 95 52 29 74 242 161 128 8 13 142 19 166
    86 75 36 162 8 68 195 217 244 14 35 32 189 6 94 177 238 69 244 41
    149 198 38 140 233 103 169 215 61 110 12 194 43 104 66 109 155 201
    161 249 148 51 97 128 122 202 60 158 82 10 49 49 136 47 136 118 105
    35 223 237 132 68 49 119 102 201 146 88 153 141 77 13 121 212 84 233
    33 132 40 122 68 224 16 207 227 141 148 36 99 242 84 124 8 185 227
    102 33 102 252 214 98 213 63 127 13 250 154 235 41 36 89 191 32 189
    6 117 63 127 212 113 156 214 126 105 178 192 184 138 226 91 215 31
    163 80 21 154 178 178 1 34 237 157 100 251 241 226 77 81 108 200 228
    144 177 45 221 99 110 190 95 178 160 248 74 204 76 129 108 213 79
    167 12 132 157 11 153 144 106 31 40 73 255 72 5 87 146 114 33 183 98
    154 237 12 230 172 175 3 5 20 221 125 89 208 46 50 248 227 90 8 118
    150 103 4 14 161 95 154 128 37 188 57 71 212 12 212 189 79 13 124 56
    35 127 131 180 164 169 176 79 196 33 233 188 77 253 172 5 45 75 218
    195 233 83 45 47 107 89 123 123 224 118 122 93 128 86 159 187 118
    169 210 150 52 17 190 21 100 52 33 136 194 58 64 2 43 49 251 214 71
    84 151 77 100 82 114 227 207 179 45 138 7 36 210 182 43 154 219 147
    6 126 16 253 212 151 60 166 84 141 167 159 151 221 18 209 207 229
    104 225 71 18 167 63 108 154 166 58 171 104 135 150 247 34 185 225
    154 85 130 222 198 35 251 51 210 82 36 156 198 155 136 41 80 129 183
    48 184 156 35 89 119 28 133 65 184 179 238 168 222 89 164 162 223
    110 159 186 35 14 179 224 53 191 11 29 195 15 87 237 250 152 166 213
    71 195 87 129 160 96 153 163 16 178 40 249 68 60 8 105 144 196 249
    239 171 89 15 60 104 3 17 234 241 23 209 137 116 146 182 125 128 67
    245 115 113 33 23 119 6 81 23 188 101 97 52 145 241 5 246 115 213 32
    6 39 124 179 205 193 65 144 205 143 3 8 191 80 22 56 191 115 223 192
    223 227 225 172 114 93 219 242 173 95 104 104 57 72 39 128 254 211
    188 149 34 75 35 151 24 22 1 140 225 193 13 38 160 77 166 4 46 168
    202 189 184 157 200 192 104 162 39 229 206 164 228 185 201 60 147
    171 177 161 252 5 106 226 85 215 68 14 206 13 112 95 29 109 63 19 1
    169 91 150 204 50 217 243 106 230 34 55 36 200 4 247 138 51 233 213
    4 45 138 216 59 47 57 168 177 34 0 73 211 218 27 140 32 90 109 199
    75 146 221 201 77 8 19 252 90 187 167 155 195 249 151 49 157 50 116
    171 173 50 215 94 183 230 214 163 228 188 158 236 174 77 60 156 100
    176 171 255 113 170 8 66 117 252 252 79 94 218 86 174 113 196 137
    128 199 173 55 197 181 8 255 68 107 27 30 142 18 153 4 220 167 75
    158 4 16 120 228 160 168 94 197 179 87 213 173 0 56 177 7 183 231 37
    70 253 210 72 79 25 109 105 203 68 93 87 21 252 111 119 55 244 190
    174 30 222 65 129 90 136 78 232 232 241 73 173 90 196 205 134 26 4
    41 1 6 238 78 157 192 163 187 15 94 15 115 18 146 159 211 30 11 186
    203 209 4 42 129 137 175 126 184 84 134 204 154 226 35 132 69 46 67
    196 43 249 162 96 247 9 160 132 134 183 153 43 149 221 143 160 78
    252 65 242 57 37 11 62 156 103 199 7 231 136 105 70 122 199 116 16
    154 164 1 89 93 48 147 222 237 123 166 242 112 49 150 203 70 155 217
    158 90 11 50 39 242 98 136 119 238 162 39 89 245 31 10 236 167 119
    128 174 74 130 71 158 238 93 155 63 89 44 115 216 80 105 59 94 43 56
    161 228 199 181 250 28 80 217 196 119 34 122 132 228 160 69 234 154
    147 131 12 166 199 75 197 178 142 39 1 87 172 218 164 209 251 183
    179 181 81 221 59 211 235 15 15 6 9 204 105 111 211 138 32 56 10 25
    236 196 153 68 203 14 133 83 20 8 102 70 43 161 5 227 217 50 101 161
    210 145 42 8 207 231 61 183 252 93 236 180 136 119 73 108 134 10 2
    126 1 55 34 134 124 182 11 116 113 112 157 154 249 43 249 128 55 208
    242 5 247 184 155 36 106 113 42 121 207 87 26 226 70 153 108 158 193
    143 255 146 10 175 178 132 106 173 173 154 5 185 156 18 198 181 229
    75 190 26 11 106 104 216 33 94 186 175 111 44 168 227 95 183 121 15
    56 48 207 177 197 72 135 62 47 196 84 47 209 96 97 173 99 113 147
    231 178 250 25 136 172 205 84 95 161 106 40 70 73 47 225 240 60 154
    20 29 194 4 205 24 81 94 202 120 210 194 92 192 26 198 198 57 255 72
    79 203 36 85 27 209 73 101 1 86 245 112 246 85 79 206 0 33 107 162
    157 58 2 173 77 0 228 192 69 201 189 7 185 46 71 205 232 35 226 74
    66 232 223 189 252 53 108 98 103 124 62 210 7 228 86 37 129 52 45
    193 197 91 6 15 107 100 139 52 118 46 46 98 133 126 195 163 141 108
    128 89 138 179 127 22 200 243 43 121 223 37 7 143 145 76 78 41 114
    103 12 191 224 52 153 79 237 2 210 23 251 228 216 194 137 91 228 21
    239 234 250 37 174 62 179 242 212 55 228 237 1 231 6 149 82 102 137
    53 88 75 161 104 22 86 2 117 5 8 66 94 111 123 96 122 210 13 57 91
    222 132 236 237 100 230 182 221 223 181 145 221 176 108 231 161 164
    83 62 232 73 248 35 63 17 208 152 19 121 46 216 197 122 127 50 15
    135 146 37 110 19 157 23 187 140 39 39 235 211 226 179 100 42 157
    179 157 155 148 200 93 133 203 95 142 205 234 30 228 210 128 133 200
    135 173 236 118 128 247 5 107 92 229 196 216 59 209 207 149 208 103
    193 175 235 232 41 70 87 219 249 150 127 47 8 12 88 102 88 237 30
    240 90 240 228 98 243 155 227 164 239 85 230 158 55 27 241 149 142
    208 144 173 65 194 167 60 93 253 250 172 145 101 125 126 204 4 154
    141 40 224 187 96 229 125 46 226 193 110 169 1 114 1 71 171 22 177
    255 242 254 158 249 233 104 78 98 200 9 9 165 198 6 175 120 72 116
    56 129 35 211 235 179 230 119 200 148 42 162 69 86 176 158 11 117
    124 20 203 241 182 253 222 150 121 229 21 203 193 34 173 169 204 125
    162 223 227 138 188 204 61 255 204 215 137 231 66 99 141 12 34 68
    173 104 35 227 167 216 129 45 132 150 54 243 153 251 243 178 80 25
    84 102 35 152 75 237 44 73 161 60 130 220 136 69 29 37 104 19 85 119
    252 133 105 58 191 166 171 163 211 16 214 15 87 17 130 145 129 158
    141 151 35 28 173 54 103 90 56 124 9 154 135 225 218 216 137 88 92
    251 151 44 217 219 163 213 162 199 16 52 72 21 229 101 123 210 98
    193 55 241 85 28 48 79 180 183 170 237 244 255 203 47 116 150 119 5
    47 50 192 10 34 87 200 165 102 103 80 95 213 156 253 179 38 253 102
    104 118 214 207 178 149 161 85 216 231 140 229 89 83 91 22 143 3 77
    202 116 114 65 45 50 7 138 98 114 57 93 155 131 113 119 17 209 223
    117 77 72 154 135 57 156 61 203 178 46 88 241 21 171 100 58 33 253
    75 146 100 161 154 149 108 208 237 201 127 191 138 86 132 249 138
    245 75 162 83 241 215 197 151 75 145 165 93 135 235 73 172 0 253 0
    106 3 39 243 111 119 227 29 80 151 45 247 125 137 51 48 22 154 20 66
    98 99 140 246 187 25 29 145 131 94 48 88 89 121 101 221 14 218 79 78
    186 13 149 0 117 54 216 134 198 233 220 160 221 139 133 145 179 196
    174 115 166 79 15 120 205 65 110 118 98 104 160 129 134 28 152 43
    251 108 166 217 188 121 176 0 20 147 75 46 105 156 107 155 23 100
    108 18 8 137 80 35 20 3 249 16 3 158 21 58 242 195 37 124 81 144 33
    85 79 73 113 194 22 2 197 76 251 122 120 191 2 187 122 200 240 51 71
    250 77 96 86 90 172 124 67 44 56 110 199 121 178 76 30 108 235 46
    189 182 195 213 53 233 82 71 246 33 194 100 135 112 107 243 237 157
    164 233 225 44 224 42 175 22 13 68 18 89 237 254 57 248 34 92 140
    202 151 100 48 190 14 115 93 242 123 225 4 52 7 234 174 123 9 117
    128 11 246 31 110 29 13 172 90 245 244 183 208 177 112 34 67 60 189
    225 238 246 148 221 147 230 200 114 87 7 16 42 158 249 46 93 128 203
    9 117 109 7 241 202 22 233 154 0 226 91 102 95 253 52 188 220 253
    176 157 230 237 187 234 121 190 219 204 64 105 165 246 90 118 145 71
    155 189 198 75 50 252 161 231 219 122 164 122 88 196 114 170 97 104
    255 18 47 249 127 208 40 10 90 143 29 119 121 117 151 150 244 130
    161 8 222 124 7 248 158 84 149 104 239 18 245 168 133 185 32 246 54
    238 151 104 27 213 4 181 173 216 171 239 108 222 157 107 35 70 44
    134 83 219 210 239 253 198 150 204 6 67 170 69 67 169 112 165 102
    182 230 218 175 172 20 25 0 32 237 212 20 125 245 252 130 14 92 199
    134 74 127 218 18 70 23 171 193 28 81 49 87 171 177 252 75 32 111 54
    102 243 83 169 173 21 75 255 183 0 23 148 100 191 197 26 142 25 244
    13 251 27 83 229 7 22 94 49 141 220 75 98 26 131 211 59 95 1 174 244
    233 129 184 113 233 84 14 105 91 82 3 177 251 77 63 5 227 40 13 180
    5 2 71 28 179 87 98 150 93 112 58 0 249 219 115 236 12 142 23 101
    142 249 24 137 16 131 117 95 145 114 40 114 123 6 35 32 233 68 216
    251 110 175 153 69 181 66 34 215 196 183 43 173 240 110 160 149 39
    96 40 88 93 78 116 17 211 247 56 95 136 69 234 53 64 19 217 236 94
    205 244 35 95 79 202 146 209 228 215 171 161 24 179 137 145 235 199
    81 223 222 30 120 193 221 147 209 131 242 130 93 105 69 94 172 112
    83 11 88 128 147 107 129 174 8 31 74 59 227 227 21 7 28 44 87 244
    252 130 57 67 142 132 219 38 154 115 248 216 123 89 253 86 224 120
    43 95 112 81 236 154 253 43 147 87 222 217 64 215 98 158 87 127 31
    53 134 150 121 121 230 93 115 210 184 122 55 55 246 209 251 219 130
    192 29 43 142 54 236 85 11 139 20 219 166 202 153 179 254 65 172 0
    146 66 235 159 73 26 132 12 27 195 93 94 223 34 229 41 77 204 210 55
    99 27 209 186 65 99 65 5 206 215 23 152 83 189 45 218 2 64 234 200
    38 155 247 243 222 110 218 9 75 117 158 32 231 161 143 28 68 61 179
    104 229 231 31 119 233 45 207 76 176 77 180 150 13 210 225 133 113
    55 100 106 69 199 253 135 58 229 31 189 95 231 9 214 202 128 163 224
    70 189 117 50 165 122 219 190 77 39 138 140 171 48 159 231 31 170
    103 198 36 51 19 157 123 120 200 197 215 195 2 167 247 248 139 209
    169 70 124 127 77 153 248 240 93 185 145 90 140 179 239 131 241 191
    19 1 98 147 63 226 12 14 164 162 107 204 48 188 21 144 1 205 170 158
    112 32 235 54 100 84 39 40 113 88 9 161 97 50 80 74 17 104 165 228
    244 186 243 65 130 131 150 20 176 218 174 143 71 131 173 160 62 141
    89 2 118 94 48 39 99 168 188 205 112 108 218 124 133 64 137 79 77
    119 29 97 15 24 93 113 251 84 206 63 225 163 159 200 147 24 219 28
    103 34 201 17 234 145 125 213 216 113 42 144 73 124 221 30 92 230
    122 181 113 200 116 140 7 134 222 33 136 218 114 172 4 22 79 207 214
    94 208 160 90 104 130 76 226 142 138 229 156 65 122 240 105 244 32
    208 200 33 215 166 55 31 131 144 93 53 132 242 12 219 210 95 134 82
    18 188 102 9 135 234 50 33 99 56 6 133 112 8 155 130 254 154 224 34
    199 206 222 235 176 65 118 45 70 224 15 17 16 166 169 84 204 164 45
    108 39 239 181 140 65 109 23 230 109 126 156 111 225 193 243 116 245
    210 25 240 159 21 75 17 210 204 64 249 81 59 48 180 245 33 118 179
    157 105 197 19 136 183 55 225 219 230 202 85 49 115 126 163 174 64
    189 109 194 203 196 146 68 126 164 85 66 55 80 118 131 61 203 128 41
    17 178 30 9 78 147 125 172 161 233 232 37 160 191 85 171 144 97 151
    39 166 253 57 63 146 142 153 71 40 221 95 241 42 152 139 242 219 209
    178 129 39 45 60 240 1 49 46 10 136 20 246 50 24 170 228 254 25 239
    8 176 163 163 35 91 76 171 125 47 134 44 60 148 122 15 153 2 14 200
    187 217 54 38 170 237 91 51 218 159 100 224 62 82 51 102 218 58 170
    253 91 160 41 204 152 44 4 167 131 102 203 34 246 15 201 200 111 106
    78 248 244 147 62 130 0 150 126 3 31 187 64 127 7 203 232 24 181 218
    186 57 174 57 147 198 252 217 219 170 198 194 118 55 29 119 95 124
    129 166 182 100 10 171 224 251 154 109 11 226 113 217 250 92 219 59
    229 121 232 15 41 166 158 151 13 127 248 241 44 57 17 252 144 228 64
    30 197 182 203 250 202 173 116 131 27 90 173 169 252 138 188 126 112
    212 170 213 114 164 73 171 244 231 184 226 58 44 18 120 48 108 241
    165 165 31 132 108 221 2 236 151 201 112 241 105 123 99 213 142 120
    148 207 35 213 74 144 0 23 65 184 183 30 92 147 187 165 47 235 189
    132 222 28 166 170 153 212 1 147 215 165 107 162 173 203 205 159 190
    91 225 40 52 254 0 254 46 122 200 100 145 106 182 14 91 103 192 49
    96 150 37 255 120 181 125 178 82 21 10 118 254 132 231 222 185 106
    114 122 70 48 108 91 167 29 220 144 72 47 209 52 192 203 165 228 55
    239 188 99 202 215 37 250 182 69 91 147 62 180 226 119 109 236 181
    84 10 177 157 228 248 254 58 125 114 60 161 145 108 155 42 212 203
    23 145 48 16 62 145 82 44 50 181 89 135 31 96 220 44 47 41 169 44
    139 97 154 255 59 127 68 132 173 161 66 23 11 83 246 142 115 206 255
    5 222 143 195 233 241 196 185 63 89 57 105 38 163 102 252 195 173
    125 233 146 31 218 88 76 66 20 234 155 73 75 65 211 102 138 210 86
    183 105 180 123 160 91 40 58 235 219 87 229 95 247 180 238 26 77 130
    21 139 123 200 75 131 34 172 161 116 253 203 145 223 139 78 241 217
    106 107 206 169 238 234 7 104 217 58 101 37 67 165 254 179 1 177 155
    57 112 142 82 171 115 247 187 99 19 137 120 137 77 125 27 128 165
    122 201 149 40 243 33 71 232 60 116 16 127 153 42 154 239 201 59 93
    41 193 189 146 2 104 156 184 171 254 30 201 89 78 204 222 159 77 54
    249 149 155 81 182 203 2 176 65 69 208 181 170 33 152 82 83 214 26
    184 63 76 115 8 235 236 5 105 176 235 224 98 122 3 22 190 177 176 28
    91 61 190 86 83 221 95 82 14 132 224 125 106 214 41 29 5 9 180 63
    125 9 8 73 146 228 132 161 32 66 85 170 222 176 103 130 156 135 65
    109 103 93 217 153 202 3 232 63 99 238 109 108 92 47 209 143 136 197
    69 180 79 145 11 238 91 116 230 190 67 226 58 69 232 68 104 201 135
    152 242 40 155 11 254 126 92 140 67 95 124 156 180 253 75 23 119 192
    31 179 35 236 139 2 238 222 24 232 121 237 56 30 154 161 231 187 197
    127 191 252 241 23 150 237 25 59 134 164 6 53 164 255 43 42 240 248
    91 166 43 154 209 252 212 240 181 40 6 11 147 140 16 22 246 8 224 77
    102 250 38 72 237 138 249 158 86 180 195 196 219 104 181 169 138 24
    86 125 69 22 98 143 37 254 246 84 161 194 19 196 37 45 13 125 182
    195 55 173 119 193 234 71 251 124 62 36 210 44 72 196 173 120 250 46
    224 34 93 187 120 67 206 24 225 168 94 76 130 145 110 54 133 145 163
    235 108 181 45 82 155 167 6 13 218 29 233 203 143 36 238 178 194 12
    94 98 211 134 220 247 205 84 17 236 199 152 70 83 133 42 187 211 202
    26 61 70 14 232 198 116 182 16 17 107 10 164 40 166 51 81 79 171 48
    104 45 98 85 227 255 46 105 12 8 116 124 158 135 152 188 171 158 248
    66 143 201 9 46 100 155 118 248 98 159 250 220 172 139 123 167 74
    122 116 39 102 140 118 0 98 137 73 96 49 57 145 242 89 67 56 139 118
    203 93 232 66 150 248 177 106 40 122 20 1 117 17 89 45 94 8 18 220
    11 49 12 221 28 33 142 232 31 170 153 40 60 231 238 201 172 38 228
    117 164 118 3 190 160 68 178 71 140 245 34 89 143 46 77 83 140 14
    166 109 203 26 88 5 79 145 22 242 202 230 178 126 222 239 180 136 75
    231 82 226 183 43 181 254 44 212 124 232 49 225 191 40 31 61 22 144
    90 89 166 116 241 131 236 155 10 99 176 239 188 119 218 57 109 154
    136 62 102 38 251 21 101 195 102 123 116 111 191 146 217 81 202 8 85
    231 66 128 205 20 132 48 50 169 7 44 97 233 20 241 157 243 162 18
    162 46 254 179 164 241 230 207 196 170 94 116 3 172 147 215 221 102
    223 52 3 235 240 174 51 218 77 241 160 243 157 76 37 143 193 241 248
    226 81 168 133 36 112 67 88 221 116 120 129 3 55 224 211 15 15 82
    235 6 15 46 247 14 171 71 222 16 235 22 254 247 213 72 250 78 254
    196 215 20 161 240 179 24 74 217 234 208 214 137 94 60 122 97 64 241
    234 132 198 185 191 201 175 86 243 14 10 192 187 80 9 206 142 195
    211 102 194 151 163 96 235 142 136 182 215 222 37 34 19 86 146 202
    38 218 202 56 64 35 19 238 185 179 51 151 48 13 234 63 52 154 173 83
    34 178 48 248 206 0 77 158 157 82 176 169 27 188 250 214 32 158 187
    115 90 174 210 205 165 6 8 12 211 32 20 213 79 162 18 163 69 38 144
    219 155 155 139 51 140 7 176 72 131 113 59 151 222 158 241 2 198 22
    41 73 61 66 254 44 220 24 129 193 189 128 109 229 24 24 56 209 92 28
    229 233 174 212 112 162 36 118 73 196 13 16 240 163 249 107 32 135
    199 169 69 58 161 116 98 74 115 187 19 223 123 151 177 41 142 213 27
    150 33 159 12 231 23 28 183 154 140 109 186 236 153 29 33 131 144
    138 243 83 46 166 177 142 113 255 238 12 83 27 77 205 133 229 139 4
    17 238 9 98 51 134 11 190 253 219 247 174 63 167 78 163 67 85 236
    165 44 223 13 98 171 195 146 94 58 125 145 161 134 234 23 240 219
    237 71 196 133 153 130 21 66 182 137 182 195 124 246 65 176 227 223
    50 235 18 19 90 136 27 58 102 46 115 187 84 81 228 80 24 168 208 141
    53 15 129 39 32 87 124 19 7 150 187 111 208 216 246 174 218 75 6 147
    253 184 228 177 203 145 78 147 63 210 233 88 6 42 202 57 218 125 216
    237 85 96 208 99 136 64 244 110 136 177 193 204 220 158 72 195 117
    159 247 180 227 45 128 39 75 69 26 255 53 170 149 251 90 194 22 231
    145 173 41 204 242 30 134 38 215 184 189 50 74 213 40 68 70 78 126
    210 198 143 134 102 20 170 179 8 216 30 34 112 200 240 218 114 120
    145 159 149 66 160 101 9 168 105 71 156 117 223 26 130 245 217 205
    102 254 129 201 24 128 45 87 86 28 160 137 96 7 234 232 216 152 19
    240 72 227 227 179 149 38 82 191 173 111 61 195 94 56 176 47 131 105
    36 175 138 77 181 249 82 9 222 76 139 138 154 139 215 75 92 66 167
    98 56 194 97 71 205 179 95 3 213 173 240 64 92 181 80 191 88 230 230
    175 1 150 70 211 15 124 150 25 3 87 108 14 60 173 110 224 224 126 17
    97 162 94 130 161 25 84 175 81 56 61 36 133 104 31 21 215 203 132
    172 141 195 104 158 102 135 181 18 126 114 42 170 0 176 21 95 49 33
    236 14 138 204 82 229 109 205 195 14 128 43 75 80 232 137 147 247
    195 206 12 184 77 183 134 222 170 234 146 48 117 131 28 254 217 187
    216 212 38 204 237 137 37 85 253 52 25 39 174 91 78 187 117 248 63
    228 33 61 2 218 7 163 47 66 99 57 9 188 33 16 25 49 230 226 173 66
    198 62 192 175 33 252 43 185 103 93 197 236 188 240 189 10 0 238 97
    35 29 246 71 221 123 117 111 68 139 168 162 174 37 66 26 30 80 181
    14 29 80 233 145 14 162 126 202 5 229 141 224 176 177 179 157 136 16
    205 186 174 93 204 3 140 219 44 129 252 162 202 15 139 66 57 180 76
    145 125 70 63 41 144 96 100 18 113 248 178 244 198 50 182 114 31 133
    196 44 158 24 6 249 208 134 13 96 208 68 85 154 55 3 70 205 128 54
    44 192 194 71 92 203 154 61 115 244 234 181 108 59 192 195 58 190
    121 236 222 141 106 15 103 226 248 173 165 183 146 153 83 42 15 111
    171 232 78 155 97 104 214 55 108 220 130 14 62 190 111 206 198 197
    67 54 101 169 10 152 54 196 102 204 167 133 158 230 248 247 47 194
    101 67 111 72 25 62 146 5 172 208 30 140 5 184 161 99 35 171 150 23
    251 141 75 150 204 105 128 70 64 110 224 164 222 233 132 161 126 58
    38 243 173 195 191 89 230 200 133 85 118 201 140 171 61 72 97 92 144
    70 26 192 73 143 85 225 254 216 0 153 246 97 247 158 57 170 116 224
    129 180 144 152 125 136 220 40 98 161 26 36 34 246 48 132 48 128 121
    190 129 187 81 249 207 19 40 46 77 188 239 166 235 98 228 86 45 82
    227 88 104 96 254 134 0 54 2 117 56 246 223 57 80 99 54 40 40 28 87
    195 182 54 33 38 101 70 171 217 223 108 190 12 68 79 127 201 235 5
    184 136 64 85 180 97 106 52 87 13 232 237 129 51 118 203 27 155 251
    51 193 98 193 109 212 27 166 138 0 151 218 74 122 37 98 36 205 239
    239 17 139 187 214 59 185 245 131 65 231 250 187 129 227 48 192 137
    97 236 20 34 189 9 174 21 182 45 32 197 194 34 191 201 10 93 206 8
    39 158 35 127 217 90 176 121 163 115 182 2 219 134 246 124 135 97 78
    146 237 199 45 72 161 158 77 223 40 174 253 4 186 193 164 192 87 124
    247 30 37 207 248 134 201 209 245 109 248 96 20 55 244 14 245 143
    203 82 208 167 106 200 181 177 137 47 108 226 253 240 166 197 39 31
    139 137 136 246 190 94 241 13 165 125 228 50 6 255 163 42 223 59 219
    217 158 1 242 55 104 125 56 15 213 105 140 67 153 255 150 98 48 231
    229 158 201 72 205 225 221 162 183 112 5 155 129 114 197 203 139 3
    17 13 200 159 215 99 125 77 26 104 92 249 146 199 104 147 195 132 2
    198 196 153 95 216 126 69 114 227 30 161 42 15 156 233 233 166 137
    129 147 166 204 248 109 199 51 192 62 205 59 37 184 190 88 225 35
    194 155 114 37 227 75 63 48 115 12 255 21 64 57 221 36 214 130 220
    41 134 78 159 143 113 223 40 131 64 81 22 238 194 254 58 108 228 139
    113 147 24 150 152 97 113 166 227 144 32 47 181 126 145 160 173 41
    237 61 110 60 169 151 254 251 25 10 201 145 10 24 70 25 13 169 221
    63 211 202 189 129 68 17 181 6 11 245 75 230 79 229 240 90 66 29 218
    139 48 141 67 75 0 1 171 214 132 29 13 12 66 3 148 126 16 87 248 247
    44 81 13 33 28 42 51 251 203 142 57 54 127 216 4 32 112 193 191 163
    175 125 232 198 196 228 138 194 148 53 3 61 216 12 235 235 188 63
    120 193 230 79 98 195 43 118 243 219 221 220 65 56 30 104 169 242 27
    103 209 227 124 170 2 84 102 225 119 65 77 162 106 132 49 118 93 49
    157 167 210 32 187 6 142 70 56 199 255 157 244 126 59 161 152 57 174
    133 241 150 213 161 205 249 167 10 104 5 140 14 133 203 124 214 132
    161 106 159 1 92 26 230 108 192 113 101 219 202 145 205 52 238 104
    223 244 140 91 20 140 213 198 27 109 54 139 59 207 198 62 65 27 108
    4 130 87 162 228 203 131 118 51 27 136 67 204 206 79 210 240 138 199
    217 182 160 135 41 17 228 107 194 204 39 222 17 173 26 206 195 229
    148 68 148 66 133 125 138 15 225 116 62 38 123 150 20 112 50 107 90
    172 40 56 250 240 86 238 119 102 145 162 178 66 182 250 228 140 92
    190 93 81 84 185 139 239 61 175 179 174 250 26 23 112 86 15 69 205
    139 254 124 60 178 108 148 198 180 37 75 146 174 9 97 46 106 176 55
    214 87 95 117 46 225 91 152 194 2 207 231 70 221 163 77 8 167 252
    139 9 150 184 82 127 194 49 201 188 2 161 79 216 212 182 239 132 138
    211 255 20 238 196 171 0 79 195 204 142 100 191 158 92 191 222 76
    134 197 72 246 43 91 191 121 56 171 35 200 179 221 114 117 17 254 89
    187 36 219 215 142 41 13 183 145 71 217 216 250 241 90 69 118 80 239
    111 61 13 194 75 135 168 65 199 41 137 108 183 27 40 152 93 154 145
    247 55 134 209 162 76 221 177 162 139 83 30 215 134 155 119 246 218
    137 101 200 247 149 237 35 182 92 99 58 194 15 93 248 110 90 23 186
    140 184 203 14 209 12 60 27 206 87 21 247 198 2 229 45 163 136 88
    201 43 151 234 206 186 39 116 108 126 249 82 231 243 217 230 254 25
    37 108 38 139 222 231 162 217 185 149 153 38 35 24 121 202 36 235
    253 229 158 130 12 218 172 167 232 110 177 44 180 4 131 10 110 191
    146 199 41 139 6 66 95 222 176 212 173 28 79 182 253 6 1 44 170 228
    202 158 176 144 220 202 193 149 221 237 119 99 200 146 71 118 61 227
    59 140 243 22 237 25 159 155 236 72 210 170 177 198 102 39 101 56 15
    76 247 148 119 186 115 234 209 193 94 165 252 142 112 40 231 199 17
    12 227 49 16 122 145 242 125 66 51 118 198 237 178 208 125 200 73 31
    0 47 142 250 124 15 18 117 76 86 45 113 181 62 95 66 157 99 67 161
    255 78 39 56 111 233 55 122 67 7 58 150 204 158 20 119 103 129 24
    230 0 89 210 138 104 48 195 138 193 65 142 23 39 167 10 156 88 65
    127 56 91 138 54 87 8 221 208 234 129 40 45 107 104 242 224 121 225
    248 13 144 33 212 89 181 143 64 91 138 90 191 148 204 10 240 31 81
    132 255 235 13 241 13 47 223 104 208 9 222 125 52 255 89 24 224 87
    15 105 140 69 82 193 4 188 112 129 145 117 144 135 160 237 79 13 36
    171 217 107 109 85 116 110 87 15 253 83 132 74 86 158 201 231 29 22
    136 149 207 201 197 225 217 202 182 17 0 90 236 95 89 251 54 93 240
    243 68 87 118 175 123 245 167 228 89 62 233 29 21 46 219 203 49 72
    142 133 92 147 55 63 55 61 79 219 9 39 155 203 255 17 10 28 187 8
    140 56 17 91 14 198 117 202 203 97 242 25 27 140 146 60 123 37 182
    197 7 255 157 197 229 19 62 28 87 83 27 153 224 7 24 114 113 80 148
    68 25 95 89 187 239 10 236 194 239 209 240 211 109 142 109 87 228
    124 180 58 171 212 60 8 204 209 160 15 38 14 155 22 89 233 8 51 22
    87 105 43 218 45 178 94 153 228 111 61 225 39 65 129 140 45 234 66
    36 11 142 127 12 201 154 200 144 174 112 71 23 32 224 149 96 255 25
    250 249 84 188 60 71 185 5 72 240 45 62 162 34 252 24 118 230 103 45
    224 19 115 19 37 76 86 83 139 148 200 72 172 202 76 240 35 196 72
    220 145 22 84 212 205 253 78 171 181 57 149 24 168 48 207 220 179
    132 23 145 138 203 104 169 221 6 119 120 36 51 248 40 244 13 38 128
    1 126 168 175 127 231 210 123 115 224 90 16 144 54 185 228 192 231
    161 140 108 92 254 0 251 10 161 78 82 39 69 54 228 185 85 70 3 221
    248 185 129 65 34 17 86 148 193 181 224 122 180 215 103 245 241 37
    237 170 223 10 56 31 245 184 5 63 249 253 80 167 177 92 197 208 156
    245 92 100 58 207 115 58 232 109 66 162 237 172 223 11 218 239 71
    186 173 76 186 90 226 181 36 194 14 114 94 210 227 128 129 27 253
    102 195 147 65 33 101 225 143 81 24 160 227 67 64 29 205 162 223 54
    232 34 130 101 10 81 227 214 128 60 29 81 149 72 107 45 2 221 149
    198 93 149 219 53 113 38 204 159 252 65 224 82 37 94 64 238 158 193
    100 134 99 3 187 211 57 77 77 215 113 167 58 84 139 111 162 118 169
    201 93 224 135 247 71 212 131 73 84 171 191 207 207 22 180 13 154 15
    65 28 188 4 195 87 102 233 28 62 132 55 152 48 104 154 33 137 26 190
    189 72 235 252 77 181 45 149 57 106 27 172 211 104 214 63 122 221
    187 67 199 88 234 58 196 48 36 208 31 80 163 57 226 182 212 241 239
    5 139 222 104 154 12 93 31 8 154 25 229 141 4 243 159 168 59 29 207
    168 83 169 110 173 214 38 237 72 185 107 32 22 109 140 43 104 39 134
    73 37 148 77 93 20 67 185 57 124 156 147 34 192 212 197 73 204 30
    200 223 75 2 120 157 150 94 9 161 137 243 142 25 151 113 163 138 228
    164 65 244 205 70 225 231 101 29 125 30 175 219 247 135 230 2 69 223
    102 214 68 115 39 245 53 139 194 226 73 218 52 159 80 94 86 244 48
    62 235 65 6 41 253 70 224 34 39 213 65 208 250 79 107 246 6 37 152
    200 116 189 177 135 114 81 70 203 57 13 226 32 19 3 23 242 231 152
    166 164 82 138 62 47 7 70 199 33 241 185 102 147 92 223 251 214 7 81
    203 115 207 26 121 175 106 187 83 65 205 20 254 103 114 97 196 71 93
    200 64 143 32 206 126 82 183 167 116 135 244 150 114 69 30 206 64 16
    122 219 247 190 173 142 87 146 64 223 90 1 226 134 139 176 253 8 139
    253 47 18 94 165 217 90 35 206 56 139 70 237 165 98 69 215 66 217 46
    145 97 190 195 174 242 71 237 228 170 75 30 130 76 63 70 249 16 110
    26 153 171 66 66 187 10 63 235 148 186 226 157 179 215 141 7 159 98
    28 60 0 159 179 167 199 151 203 94 227 106 62 52 174 169 143 191 234
    81 182 142 251 75 37 167 61 254 255 88 213 9 106 196 11 201 170 199
    9 119 151 184 99 4 201 141 223 228 233 245 72 5 4 243 58 134 98 7
    100 189 175 135 11 88 224 197 164 137 24 83 118 32 110 59 35 63 121
    134 232 102 101 207 22 126 64 230 189 4 207 15 123 195 181 206 117
    170 75 176 164 43 30 57 93 20 95 46 111 33 221 230 102 210 217 119
    27 12 217 97 218 154 6 89 131 216 172 178 50 143 12 89 92 157 111
    176 219 240 52 62 185 233 50 0 167 92 57 171 140 146 92 116 149 212
    199 174 150 106 133 52 152 8 213 217 88 94 251 116 118 7 50 18 32
    103 81 166 212 95 148 108 143 196 78 53 241 153 146 219 214 183 66
    211 131 83 73 112 92 221 66 0 252 15 190 228 215 234 223 126 38 20
    74 125 45 209 17 203 250 91 40 94 90 208 150 224 250 90 235 233 155
    241 175 148 155 76 73 89 239 49 209 103 33 126 225 28 79 13 97 187
    240 170 98 196 164 231 185 26 67 174 163 143 28 110 48 205 194 66
    167 130 140 90 17 238 217 15 216 105 145 75 212 181 35 139 214 170
    41 167 31 122 72 134 162 131 201 253 107 64 220 174 121 243 242 121
    252 247 252 131 173 177 13 153 79 150 207 23 203 149 24 79 215 89
    239 52 41 14 180 81 4 99 238 57 203 18 209 0 238 132 145 98 69 249
    115 103 106 204 125 115 47 241 94 139 128 15 138 123 238 150 9 143
    21 69 28 120 187 134 177 130 167 180 135 134 75 250 254 119 97 142
    170 13 111 203 244 243 134 123 205 215 238 49 87 7 5 124 141 172 221
    16 214 216 89 233 152 38 98 153 98 27 115 148 182 7 241 145 101 243
    35 175 49 51 232 9 79 36 195 233 167 93 182 25 40 42 31 62 30 38 76
    179 182 169 86 33 36 45 172 146 10 229 94 108 60 237 248 137 129 59
    82 146 127 133 195 166 115 56 104 144 115 97 234 223 177 255 44 82
    160 239 84 218 209 44 12 168 171 234 245 152 27 179 101 30 22 139 53
    84 40 253 196 166 14 20 25 16 202 82 230 116 184 161 85 194 75 139
    134 50 218 132 7 173 29 88 80 189 159 200 35 230 149 8 177 242 3 155
    18 69 228 206 192 221 96 97 161 70 106 158 159 248 131 1 19 97 12
    233 168 92 43 49 207 72 220 31 139 19 98 17 128 206 125 49 203 225
    32 120 21 116 141 209 31 65 19 65 140 115 197 214 120 107 244 13 78
    16 232 147 181 9 25 38 50 207 179 118 66 30 102 190 120 73 10 195
    202 88 250 165 13 216 245 146 88 22 78 52 24 116 219 139 9 106 24 89
    238 216 203 67 127 57 210 195 129 159 113 98 59 66 194 191 223 217
    46 113 221 106 234 233 3 13 160 156 211 173 218 1 213 55 146 106 63
    219 132 204 194 246 210 193 202 1 188 151 215 140 179 126 26 89 135
    230 168 216 1 241 95 161 191 17 75 129 250 116 73 23 116 252 1 200
    240 165 213 43 206 189 135 109 86 231 231 53 3 234 229 113 38 78 125
    15 212 173 234 137 209 255 148 90 171 79 236 26 55 3 246 10 230 252
    126 189 225 220 253 153 88 148 118 59 119 226 251 132 139 118 93 215
    64 83 168 227 168 222 92 74 182 25 215 57 111 196 62 93 142 76 210 1
    93 204 47 39 65 32 141 104 112 103 251 182 204 244 196 184 213 78 1
    242 107 0 33 103 127 149 117 119 99 117 170 89 216 91 66 171 203 115
    55 139 125 183 249 174 144 178 121 46 135 230 235 251 47 157 167 193
    172 56 49 141 41 14 245 218 61 13 14 15 30 184 1 52 72 34 64 32 184
    185 233 113 168 134 129 233 16 219 240 135 73 10 127 191 239 158 186
    95 166 30 68 71 106 226 49 216 42 121 179 105 229 212 217 219 98 233
    177 118 187 121 131 164 25 208 84 213 231 229 120 47 6 76 89 198 18
    42 102 251 15 57 8 223 190 63 221 106 2 40 84 84 159 33 225 6 78 53
    179 244 174 11 123 145 52 241 110 161 233 192 123 126 134 22 82 154
    129 231 139 155 195 169 98 180 126 22 84 121 114 217 233 137 224 20
    239 58 78 33 70 107 232 170 246 74 22 229 216 136 33 250 43 50 137
    136 69 226 64 157 158 202 223 19 247 52 120 215 178 78 60 75 52 182
    137 225 55 71 152 144 205 77 187 50 106 163 17 180 59 99 42 243 157
    93 42 38 197 164 75 237 147 28 42 15 200 255 250 54 186 226 164 247
    23 142 53 161 236 126 216 49 107 5 242 35 179 169 55 45 181 53 181
    152 168 54 61 198 67 118 244 49 83 234 1 64 76 113 143 128 52 133 48
    62 211 26 223 213 72 12 82 224 113 105 17 19 74 216 202 190 179 167
    68 226 64 133 153 201 100 125 177 228 196 53 135 17 73 119 19 242
    254 54 218 31 236 43 11 37 133 67 99 82 211 16 164 52 244 208 187 92
    146 126 60 64 57 80 42 215 148 175 254 248 38 92 235 157 149 172 162
    158 27 120 230 132 166 0 237 161 248 100 60 116 73 138 117 155 127
    235 191 183 254 171 146 248 96 93 239 131 161 104 33 164 178 230 83
    140 8 218 116 194 188 162 237 184 140 104 12 8 37 57 178 42 229 141
    248 134 174 83 87 81 164 195 121 157 110 205 166 145 182 131 188 232
    132 46 84 69 47 29 115 119 112 8 148 40 48 188 112 220 45 94 87 44
    23 224 171 31 202 67 8 77 135 28 246 177 199 102 145 56 211 116 248
    47 122 6 170 83 164 0 176 251 227 223 156 62 44 90 163 17 113 3 204
    233 202 114 54 105 225 32 242 252 24 24 146 249 59 106 55 98 39 74
    199 130 18 251 76 148 45 54 89 72 77 208 81 208 111 64 219 231 218
    71 207 5 152 235 93 34 206 57 209 233 175 106 140 246 199 108 139
    154 16 72 145 112 27 86 88 102 43 107 141 238 109 187 203 108 43 138
    151 168 122 84 111 66 34 7 135 67 68 186 210 204 235 25 123 118 185
    191 72 11 120 159 103 108 176 231 48 216 204 86 241 72 23 48 215 251
    152 161 101 114 233 233 20 190 234 5 140 58 109 12 171 76 25 200 21
    4 197 43 187 85 123 1 174 92 111 44 198 193 114 45 29 6 60 210 172
    224 234 49 191 126 65 126 58 182 251 171 3 66 2 146 33 43 33 97 72
    201 174 193 85 227 146 207 65 8 99 239 56 39 88 111 43 102 135 63
    114 150 90 16 84 220 96 95 165 229 132 215 159 58 24 136 195 226 188
    245 5 112 8 223 108 35 45 81 26 140 81 208 216 90 123 165 210 168 29
    144 150 71 152 181 117 56 76 117 166 239 178 251 80 112 67 67 178
    253 212 204 96 187 117 126 45 127 80 91 45 188 7 17 25 88 178 231
    195 209 179 251 124 190 207 198 174 234 95 15 95 239 28 195 156 208
    252 206 150 209 36 14 63 92 31 119 8 35 30 145 122 86 53 37 67 175
    69 25 234 163 17 29 218 168 43 20 229 47 215 133 17 184 215 38 204
    93 148 54 102 38 240 92 122 48 66 248 4 187 122 195 115 113 215 239
    126 51 38 192 162 213 253 235 243 147 186 158 55 22 38 16 205 47 137
    181 38 10 244 143 200 240 216 254 100 206 102 102 37 255 145 99 78
    57 199 94 171 125 177 201 227 128 133 117 81 180 129 155 88 204 177
    133 51 43 108 27 110 193 32 114 96 172 190 100 89 217 103 134 93 145
    180 127 190 134 125 49 22 73 155 46 110 56 188 91 88 183 112 255 233
    62 235 72 71 1 144 253 210 116 77 247 249 15 196 194 162 47 237 131
    103 171 107 70 148 247 196 217 145 165 37 63 58 70 91 16 91 71 59
    165 96 115 42 40 99 248 32 1 160 14 168 250 108 170 176 98 183 74
    115 176 231 68 34 133 10 103 240 219 20 14 205 27 218 161 167 14 96
    40 191 133 119 185 234 35 140 144 223 154 204 17 234 214 238 130 105
    129 73 31 187 116 185 181 221 212 190 209 168 111 97 40 226 33 185
    71 153 28 28 211 27 100 92 165 89 219 174 199 42 111 233 62 107 107
    20 136 168 74 173 138 75 92 241 17 141 210 13 239 65 3 16 41 101 216
    177 120 237 48 78 190 89 188 86 195 189 164 171 118 195 234 88 99 92
    62 83 101 86 192 88 255 116 128 68 83 124 20 131 178 91 187 77 37
    184 177 253 116 64 163 23 206 91 220 64 207 64 186 254 87 29 45 180
    144 75 136 243 219 244 179 255 131 151 197 234 136 57 130 190 139 99
    119 153 234 247 26 10 84 213 84 26 255 113 72 191 175 196 51 172 25
    231 163 103 224 123 233 44 15 232 166 236 108 44 129 153 167 201 73
    103 188 154 209 142 208 205 115 59 220 228 203 203 121 236 66 123
    116 3 119 225 197 88 15 134 183 99 238 210 159 69 45 65 42 96 93 4
    114 254 95 225 71 144 111 255 20 228 44 67 212 247 147 116 69 201
    238 100 75 193 48 26 185 222 252 123 156 245 238 194 13 151 240 15
    170 175 10 43 89 159 164 202 238 166 177 44 147 54 146 219 119 37 85
    32 114 126 5 134 54 132 133 9 206 141 152 92 171 231 185 27 107 228
    185 254 21 67 208 207 100 229 65 121 139 215 105 85 200 8 72 109 182
    94 65 92 159 236 240 234 189 230 129 245 202 171 164 151 94 117 166
    127 73 2 19 225 230 46 96 232 243 235 192 122 127 231 235 192 129
    113 7 59 254 158 2 209 140 67 86 151 255 17 160 79 45 91 184 11 100
    191 191 21 35 165 122 5 97 32 91 69 17 242 67 232 73 123 180 166 238
    96 236 62 164 241 241 234 210 110 70 82 186 24 30 13 202 127 75 188
    83 131 204 188 118 253 202 230 51 103 17 235 198 139 241 150 239 23
    42 104 149 187 22 87 170 132 27 24 166 130 170 63 26 237 105 123 44
    67 247 143 57 208 35 222 216 91 142 136 232 208 165 20 231 153 199
    155 50 23 47 2 111 45 45 8 62 220 196 130 183 94 12 136 139 142 244
    46 221 253 207 168 18 236 55 198 32 121 155 138 100 92 1 25 34 55
    205 163 215 207 243 91 174 159 166 237 183 124 63 237 200 230 50 177
    10 155 132 12 11 28 110 72 26 233 253 3 77 195 178 44 219 94 84 140
    9 164 55 199 75 94 231 234 154 234 36 68 46 5 219 191 132 160 245 73
    76 255 50 251 135 160 36 68 83 20 83 16 34 63 156 110 199 35 183 71
    45 27 57 161 59 163 91 239 14 111 144 185 212 202 36 231 51 198 253
    63 246 86 65 178 211 55 198 47 135 54 29 87 158 48 199 20 227 222
    240 50 6 154 157 249 35 75 152 155 238 243 172 80 195 160 138 55 179
    54 206 141 85 104 30 93 235 211 246 243 194 171 185 36 0 65 254 93
    75 128 174 33 213 152 8 98 148 186 132 60 225 31 211 90 157 210 161
    60 28 245 122 55 104 46 71 100 60 226 30 211 156 211 179 94 137 201
    249 61 62 130 62 177 27 100 42 114 46 203 227 80 96 15 128 63 239
    109 3 24 80 128 10 23 194 55 1 33 97 20 178 129 223 168 182 10 116
    118 22 35 57 23 159 159 20 102 63 211 46 93 169 222 3 39 210 124 53
    227 243 126 223 220 121 1 244 144 41 13 16 113 40 164 94 33 1 109
    169 122 68 151 96 59 103 181 243 60 78 49 153 70 86 70 90 237 34 228
    89 18 130 72 68 117 78 187 126 214 117 170 75 125 49 201 170 66 36
    34 9 27 34 54 17 30 28 206 48 49 103 255 168 193 187 68 107 189 60
    171 149 175 155 181 131 184 179 128 201 167 184 135 158 65 94 53 170
    39 141 66 13 209 112 214 106 106 252 75 98 137 11 69 111 155 97 49
    250 68 49 184 119 40 2 153 218 239 161 191 113 166 26 231 194 134 11
    125 201 83 105 81 157 33 61 185 183 56 248 140 107 18 75 112 191 119
    22 36 57 18 21 6 185 116 228 57 107 5 125 147 223 61 115 81 201 73
    84 144 169 107 70 107 169 243 238 46 187 167 45 84 80 249 45 142 106
    191 134 129 251 53 63 128 130 200 183 98 139 24 19 178 23 50 44 105
    68 113 112 123 191 147 234 115 157 32 1 26 214 239 178 2 75 168 158
    188 89 151 90 206 134 187 224 69 251 255 96 97 207 19 80 187 156 231
    40 15 117 84 50 62 224 236 30 20 4 9 64 70 6 215 123 173 231 37 151
    169 235 188 163 215 180 172 189 136 196 94 154 98 139 26 131 67 95
    192 53 230 206 249 86 104 178 126 239 158 185 224 85 214 99 175 232
    180 159 102 31 238 94 180 120 106 240 198 130 48 1 225 89 84 182 224
    207 147 213 29 155 24 90 132 89 49 28 86 176 101 110 33 239 170 115
    217 242 83 219 242 162 194 115 57 149 219 40 196 22 145 228 15 134
    83 171 197 47 113 97 103 98 131 211 218 115 6 112 1 123 207 94 51 46
    141 154 228 255 222 196 50 52 166 92 228 38 228 235 55 164 231 61 59
    29 214 149 88 176 55 61 106 113 83 36 93 135 145 132 23 21 37 0 34
    134 209 81 241 88 144 43 146 232 174 48 62 43 242 96 154 41 166 83 2
    201 124 81 162 78 55 41 74 200 116 152 159 57 50 64 246 158 54 184
    160 228 101 254 243 84 103 77 120 253 97 66 92 147 112 104 240 178
    101 65 61 14 221 173 254 46 121 116 108 146 3 179 160 184 73 121 59
    223 62 92 58 252 234 119 174 7 114 42 93 236 135 169 142 44 195 155
    143 78 50 187 10 3 149 56 76 18 252 250 121 120 126 160 149 214 176
    254 190 66 49 24 90 117 120 114 168 25 178 54 45 2 58 130 154 144 56
    219 199 164 79 180 150 120 99 1 217 132 72 49 80 208 244 226 187 135
    153 125 40 250 150 178 109 18 71 38 216 89 232 200 150 94 24 53 205
    137 68 217 45 106 231 178 44 190 220 6 190 236 122 188 161 68 196 63
    205 177 153 246 118 37 12 169 20 12 34 196 118 212 217 208 145 122
    231 188 228 152 166 81 177 41 237 212 157 175 31 18 67 12 68 20 142
    146 118 25 3 148 231 141 31 29 183 134 124 154 166 207 60 188 102 49
    86 94 239 228 27 179 230 57 235 2 236 147 221 209 83 164 196 236 66
    34 42 239 194 251 187 230 169 228 93 130 5 135 110 68 65 114 46 251
    3 158 90 30 104 133 245 248 46 187 53 94 197 151 57 7 179 125 199 26
    253 182 117 143 27 224 151 90 203 192 91 31 117 152 242 38 13 218
    162 81 248 51 167 145 149 233 210 178 169 201 122 237 248 212 199
    200 35 250 123 174 137 155 227 251 175 92 244 131 249 40 183 242 179
    74 60 29 169 172 168 42 30 191 76 55 115 8 168 24 235 215 193 163 65
    51 208 62 196 120 191 43 217 194 83 150 131 217 114 153 165 133 157
    105 202 72 62 91 252 181 181 166 252 125 248 9 91 175 26 63 157 60
    235 33 253 142 117 139 157 181 10 82 137 57 134 169 170 234 195 183
    254 233 160 5 144 169 123 202 21 151 76 251 217 244 239 185 232 230
    38 124 63 60 55 44 194 36 90 106 164 234 90 42 88 63 200 213 129 17
    12 202 99 126 75 165 246 240 29 109 147 155 46 20 194 242 248 234
    145 167 234 52 1 248 129 104 151 127 139 139 145 41 75 121 149 99 3
    8 131 91 238 238 133 128 181 247 240 133 55 62 97 53 60 77 71 202 50
    164 46 207 147 232 198 189 112 106 203 194 13 39 179 175 10 216 49
    22 73 93 85 169 254 167 229 98 207 105 166 184 155 38 67 131 242 97
    193 115 41 247 69 88 220 130 167 124 102 211 227 79 52 216 161 136
    204 10 51 207 26 238 221 161 50 27 18 183 218 120 126 229 36 229 217
    126 100 55 135 90 150 84 82 208 209 183 160 114 246 87 207 31 149
    165 207 209 93 212 168 181 79 94 16 137 164 196 181 28 211 229 106
    51 148 197 209 107 159 61 226 134 243 206 89 93 12 160 35 57 43 2
    195 95 153 95 114 143 29 135 243 240 98 207 0 122 222 147 0 247 249
    158 37 201 172 56 191 174 205 250 196 27 147 150 150 60 237 109 55
    43 160 212 192 255 25 148 10 13 91 149 216 59 173 128 66 14 230 143
    247 194 133 133 191 161 242 191 232 210 130 171 185 136 230 171 23
    22 185 97 150 166 32 195 157 3 96 237 9 205 0 32 81 71 185 162 95
    207 200 37 89 158 54 208 103 126 233 149 106 60 66 212 13 171 104 7
    116 110 68 66 221 103 30 163 28 57 0 9 77 231 41 60 223 65 195 26 95
    77 82 6 238 138 119 63 243 194 24 124 13 28 180 11 120 214 107 19
    183 41 8 137 247 172 81 33 21 29 191 64 95 161 48 16 247 54 120 109
    53 201 111 162 64 235 95 217 197 115 253 23 76 115 241 27 199 93 252
    141 178 113 49 27 214 233 99 35 49 134 93 251 184 190 236 156 114
    114 9 210 47 194 218 13 74 235 225 64 52 41 118 139 170 164 67 231
    150 44 101 238 126 138 94 153 62 48</data></test_img>
<my_img type_id="opencv-matrix">
  <rows>128</rows>
  <cols>256</cols>
  <dt>"3u"</dt>
  <data>
    255 255 245 0 219 255 255 0 0 255 0 216 0 0 183 0 255 0 255 22 255
    255 155 0 0 0 217 0 0 0 255 255 0 255 0 255 0 255 0 0 0 70 0 255 0
    255 91 52 0 0 0 255 0 172 0 161 0 0 0 0 72 255 255 0 212 255 255 0 0
    167 255 255 255 40 196 219 0 0 0 255 255 255 80 0 0 0 255 255 0 124
    57 255 0 255 255 0 0 237 255 255 0 154 0 0 154 255 0 0 0 255 42 255
    255 0 0 0 255 255 0 0 255 39 0 0 255 255 226 0 255 255 255 0 235 0
    103 0 204 0 255 0 255 0 37 0 255 124 255 0 0 203 255 255 255 255 0
    255 0 255 255 255 255 0 230 5 0 0 0 166 255 81 110 0 255 0 135 0 255
    0 0 255 255 255 0 0 200 162 0 167 0 255 255 255 66 0 255 0 0 255 255
    0 0 255 0 67 0 255 0 255 0 255 255 0 255 0 255 0 0 255 0 255 220 188
    0 145 255 255 255 171 0 55 0 255 255 0 0 255 255 255 0 6 0 255 0 0 0
    0 255 0 255 255 255 255 184 0 0 0 101 255 23 114 255 0 81 0 0 0 255
    0 255 0 0 0 255 255 0 15 255 255 255 255 0 0 255 0 153 0 0 255 255
    249 0 255 0 212 0 0 255 255 255 0 242 0 168 0 255 255 255 0 255 255
    0 0 0 255 255 0 255 0 255 220 153 149 255 0 0 255 0 255 0 255 0 255
    0 156 0 0 0 255 0 255 0 0 0 224 255 255 25 0 255 47 0 0 255 255 191
    0 75 0 255 0 255 255 0 0 255 158 148 1 255 0 255 54 0 0 255 255 103
    206 242 0 255 112 255 0 103 0 255 0 228 255 0 0 255 255 255 121 0
    255 0 255 255 255 0 0 255 255 167 0 95 247 255 96 255 0 0 255 255 70
    0 255 255 141 25 0 255 255 0 255 255 21 0 0 255 0 199 255 0 0 0 255
    255 0 0 255 255 255 0 167 0 192 0 255 60 255 255 164 149 255 255 0 0
    0 0 255 0 255 255 62 102 255 17 31 0 0 0 255 255 255 0 255 0 255 0 0
    0 255 93 255 0 74 0 0 121 255 255 0 186 255 255 255 255 0 255 0 0 0
    255 194 103 0 255 255 255 184 103 0 0 0 40 255 164 0 0 95 255 209
    209 243 0 255 255 255 0 0 255 210 255 128 0 255 0 187 0 0 0 255 253
    0 255 64 0 0 255 0 255 255 0 0 0 255 0 227 0 0 112 146 173 255 0 255
    0 255 0 0 255 0 129 0 205 180 0 255 0 255 55 255 0 255 0 255 39 0 0
    255 0 21 0 0 0 0 255 255 0 0 255 255 255 0 0 255 0 255 255 233 201 0
    255 176 0 0 255 255 0 20 255 255 255 0 0 0 255 255 0 255 255 93 188
    0 0 255 0 92 0 255 0 76 0 255 255 132 255 0 255 255 0 191 226 0 254
    176 255 255 255 0 0 255 0 255 0 255 0 111 0 255 255 255 66 255 0 255
    0 131 0 255 135 169 255 0 114 18 255 255 0 254 255 29 255 255 0 255
    0 49 0 255 0 255 255 0 0 255 255 255 120 99 0 0 255 0 255 63 255 205
    0 0 255 255 2 0 0 255 184 0 0 255 0 214 0 149 255 255 0 255 0 0 0
    255 0 0 0 255 233 255 255 0 23 255 255 255 0 255 255 255 112 0 0 0 0
    255 0 255 109 255 110 177 255 0 255 0 255 113 255 0 255 0 45 255 255
    255 255 132 0 255 0 255 255 255 255 0 0 122 255 255 255 0 228 255
    255 255 0 0 0 255 255 194 255 154 255 255 0 0 0 255 0 0 255 0 255 0
    255 255 0 255 0 31 0 51 0 255 174 255 0 216 255 255 93 0 0 0 172 255
    245 255 255 255 0 0 0 0 0 255 255 168 0 255 0 0 255 45 255 0 255 255
    186 255 0 199 196 255 0 255 145 255 255 255 91 0 255 255 255 0 224 0
    0 0 131 166 255 0 0 255 36 255 0 132 107 255 255 255 0 0 255 255 255
    222 0 237 255 145 255 0 0 0 129 0 0 255 255 157 0 255 0 0 255 255
    255 255 0 0 0 255 255 255 233 0 255 255 255 0 255 0 255 255 0 0 255
    0 0 0 81 255 0 255 255 0 69 0 255 255 255 0 255 255 0 0 255 255 0 0
    0 255 0 243 0 55 255 0 255 161 27 0 0 0 0 0 248 42 17 255 255 24 0
    255 0 255 0 255 255 255 255 0 255 0 255 255 255 251 0 119 0 52 0 196
    255 0 255 0 255 141 255 255 199 255 0 255 35 255 0 0 0 255 34 255
    255 255 0 0 0 255 0 255 0 255 0 255 255 0 255 255 2 0 255 0 255 149
    89 213 255 0 0 97 127 135 55 0 255 255 0 0 0 255 255 117 0 255 0 255
    125 57 255 0 0 0 255 0 255 0 188 0 255 0 113 0 255 62 255 0 255 255
    255 0 255 146 255 255 255 255 0 4 0 77 0 255 0 189 0 255 103 0 255 0
    255 0 200 0 255 255 255 0 226 0 255 255 0 0 0 255 131 255 255 0 0
    255 84 0 0 255 0 0 0 255 0 255 0 255 0 255 0 0 0 0 86 255 255 0 0
    240 255 255 0 255 255 255 0 0 0 255 255 0 0 254 0 0 0 0 255 255 60
    250 0 255 0 255 0 0 255 206 160 0 0 246 255 0 0 0 255 255 255 116
    145 0 0 0 246 0 0 255 255 255 196 0 0 255 102 255 0 255 0 255 255
    255 255 255 0 70 0 0 255 255 0 0 0 255 255 255 0 0 158 255 203 255
    94 0 0 255 255 232 0 0 255 0 0 133 255 255 100 0 60 84 255 3 0 255
    255 255 255 255 0 0 133 255 255 0 0 165 255 0 255 204 0 0 255 255
    255 0 0 0 255 0 255 0 0 255 255 0 255 0 255 255 255 0 0 255 255 54 0
    0 255 108 0 255 255 255 255 255 74 0 179 0 0 0 255 255 0 239 255 255
    0 0 255 255 255 0 0 7 255 94 0 0 255 163 255 255 0 255 0 0 255 35
    255 255 0 255 0 255 255 255 0 255 255 180 0 0 56 255 0 0 255 0 255
    255 255 255 144 255 0 255 0 255 255 94 255 255 0 255 0 0 0 0 255 56
    255 0 255 0 255 0 0 231 37 255 0 213 255 0 0 0 0 255 237 0 0 234 0
    88 113 255 0 0 181 255 255 255 0 0 255 0 255 0 0 0 255 255 255 0 0
    255 255 255 0 0 255 255 0 0 0 89 255 255 107 255 255 255 0 255 0 255
    0 255 0 255 42 0 0 0 162 179 255 0 255 22 255 255 252 0 0 0 0 255 0
    255 0 255 0 190 255 255 0 255 255 255 14 255 255 255 0 255 0 0 0 156
    255 255 255 0 255 0 255 0 255 255 255 255 0 179 0 0 0 21 57 72 0 249
    226 255 0 255 0 255 0 0 255 255 168 0 0 0 255 255 255 0 188 0 0 0
    255 109 255 0 0 0 0 29 255 225 0 0 174 255 255 255 0 0 0 255 124 0 0
    194 59 255 0 0 0 32 7 255 210 0 255 0 255 0 255 0 255 0 45 0 0 253
    12 0 0 89 167 255 0 0 255 255 0 0 0 0 255 0 255 0 255 0 250 0 0 255
    0 255 173 255 178 0 255 0 255 203 255 0 68 63 127 255 0 0 0 255 195
    0 0 105 167 255 0 255 255 0 0 0 255 0 0 0 255 33 202 0 255 0 0 0 0
    20 255 0 128 3 0 0 0 255 255 255 0 255 0 255 236 140 0 255 84 107 0
    0 0 255 255 255 255 0 212 0 255 0 255 0 255 255 0 133 255 0 255 255
    255 0 172 255 255 255 255 140 0 255 255 166 255 0 255 255 255 0 238
    221 255 255 0 0 0 144 0 255 0 255 0 255 0 255 0 0 0 255 255 255 0
    248 0 255 255 255 255 0 0 255 255 255 0 0 0 230 187 255 255 9 255 92
    0 6 255 0 255 88 133 0 208 137 0 0 132 255 255 0 74 255 0 255 187 0
    255 0 0 0 255 0 0 255 255 87 255 0 255 0 255 255 0 255 0 255 255 255
    255 255 171 255 255 119 0 235 255 255 255 71 255 255 255 0 255 0 255
    0 194 255 255 0 0 45 71 154 0 255 255 255 0 0 255 73 0 0 0 255 1 255
    0 0 0 255 255 255 0 0 57 255 255 149 0 255 195 255 255 0 255 0 255 0
    255 255 52 255 0 255 0 255 0 63 0 200 49 255 0 255 0 255 44 0 238
    255 255 0 0 0 0 0 255 255 255 0 255 0 0 0 0 158 0 255 255 255 56 255
    255 255 0 0 0 255 255 129 0 255 255 255 0 255 0 0 255 0 0 0 255 255
    0 255 188 255 116 130 0 0 255 0 0 0 45 255 0 74 255 218 255 41 0 255
    255 92 22 249 255 255 0 0 0 147 0 255 0 255 0 198 211 240 255 255 0
    0 14 0 248 0 121 0 0 0 255 233 0 255 0 255 0 255 255 255 0 255 0 0
    147 0 238 255 255 202 255 0 0 0 0 255 22 174 62 0 211 0 0 255 135
    255 0 0 0 0 255 255 255 197 255 54 189 255 211 0 0 255 0 255 0 255
    255 0 0 0 255 230 255 0 0 0 79 255 255 0 0 255 81 255 255 255 2 222
    255 255 0 255 0 255 0 255 0 130 0 0 255 0 255 0 255 146 255 207 0 0
    0 255 58 255 241 255 255 0 0 255 255 255 192 0 44 0 255 255 255 0 2
    255 255 6 0 0 255 255 255 0 0 255 255 255 131 0 0 0 255 0 0 0 255
    255 255 0 0 0 0 0 135 255 0 255 255 255 255 255 255 0 255 255 0 255
    255 180 255 248 0 255 0 255 0 255 0 255 0 255 0 255 255 255 0 193
    255 255 255 255 181 139 134 255 0 0 255 255 255 255 255 0 0 255 160
    255 0 0 255 255 255 93 3 0 0 255 0 255 0 255 255 255 0 0 0 255 0 0 0
    255 255 0 42 192 0 255 144 0 0 0 0 255 245 0 255 234 94 255 0 170
    255 120 255 0 255 117 255 0 255 0 255 0 0 78 99 255 22 0 255 32 255
    0 255 0 108 0 132 255 0 7 0 255 113 255 0 0 56 27 255 0 0 148 255
    255 0 255 255 0 13 0 172 0 255 150 238 0 130 255 0 255 0 0 0 218 0
    255 160 255 255 0 0 0 142 255 255 0 255 0 255 0 255 255 255 255 0
    255 0 255 0 157 0 255 171 255 0 255 230 0 214 62 255 255 0 0 7 24
    255 64 130 0 0 242 210 255 0 0 0 10 255 0 255 191 255 207 255 255 52
    91 21 255 255 255 37 255 0 0 0 255 247 0 0 0 255 0 255 0 125 255 255
    0 255 0 0 0 255 255 255 0 255 255 255 255 0 0 241 0 255 178 0 129
    255 255 0 255 0 255 0 255 255 70 255 255 0 0 0 255 0 0 255 0 0 0 255
    0 255 0 255 0 0 255 255 255 195 0 0 255 255 246 255 0 255 0 0 0 112
    255 146 255 0 255 0 255 126 255 0 255 255 0 0 167 0 224 0 94 0 255 0
    170 67 0 255 77 157 255 255 255 0 133 255 255 0 0 0 0 0 255 255 255
    255 255 255 255 0 0 255 0 0 255 255 255 0 0 0 0 255 0 112 160 51 82
    74 0 126 246 207 0 152 255 147 0 0 255 255 255 255 255 145 255 0 228
    0 255 1 255 0 255 0 255 0 125 0 255 255 0 0 0 99 255 255 255 0 215
    255 255 243 0 0 255 137 0 0 0 255 255 22 0 255 0 65 66 255 116 159
    191 0 255 0 255 90 145 0 0 0 255 255 255 0 0 0 0 0 51 255 255 232 0
    255 255 255 0 195 135 0 255 209 255 0 0 0 255 255 255 255 0 0 0 255
    255 182 0 143 0 2 0 255 255 255 13 0 0 0 255 220 127 0 255 123 0 255
    84 255 80 56 0 0 0 255 255 170 0 0 25 255 255 255 255 0 0 255 255
    255 0 0 0 240 255 255 255 0 0 166 0 255 0 0 255 255 255 255 255 255
    255 0 198 223 0 0 56 0 255 0 255 0 255 0 0 0 111 255 0 0 0 0 255 255
    163 0 255 255 255 0 0 0 235 0 255 0 255 255 255 0 255 0 255 0 0 255
    0 255 255 255 0 0 0 255 255 255 115 0 0 255 255 251 0 255 255 95 255
    0 247 0 255 62 0 0 0 255 255 0 255 255 255 0 0 255 255 255 0 171 255
    0 255 255 255 66 255 0 255 0 255 0 255 255 0 0 255 0 255 0 255 0 255
    255 0 0 255 0 0 255 255 255 0 181 255 58 0 0 255 255 0 255 0 0 255
    234 86 255 0 138 255 255 0 0 10 0 36 0 255 0 255 0 112 0 255 150 254
    87 255 255 255 255 255 0 0 0 0 0 255 255 170 255 0 0 0 255 255 255 0
    0 255 255 255 0 0 255 255 29 0 0 255 190 0 0 255 255 0 0 0 255 255
    255 0 0 255 255 0 255 255 0 255 0 255 0 255 0 255 255 255 255 164 0
    255 255 255 0 0 0 255 0 255 233 37 255 0 63 255 255 255 0 0 255 0
    255 201 255 0 255 0 255 255 0 0 0 201 0 255 255 0 0 0 0 0 255 0 255
    0 0 0 0 255 255 255 0 0 0 255 0 0 0 255 255 135 255 220 255 0 96 24
    0 255 255 121 255 255 255 0 0 0 255 255 0 213 255 186 0 71 255 255
    148 0 0 255 0 0 255 145 239 0 251 255 81 255 0 0 255 255 255 255 0
    255 208 255 0 117 255 255 0 255 0 255 0 0 255 0 255 255 255 0 0 0 6
    255 0 255 0 255 0 255 0 0 0 0 255 0 178 0 255 255 255 255 255 0 0 0
    255 0 136 0 0 255 255 102 0 0 255 255 159 179 255 0 247 0 0 188 0
    214 106 255 0 0 78 0 255 255 255 0 0 0 255 0 0 0 255 137 241 182 0
    212 21 255 0 0 145 255 0 255 86 114 143 60 255 255 255 255 0 0 0 255
    0 0 0 255 0 0 0 255 0 0 0 0 151 0 255 255 255 0 0 255 0 0 0 255 72 0
    0 0 255 255 26 0 56 255 0 255 255 255 0 0 255 0 255 255 255 255 17
    135 0 0 0 255 0 255 255 0 255 0 0 255 0 0 48 255 255 0 252 0 73 172
    255 32 0 255 255 136 0 0 0 255 0 55 0 255 255 152 40 255 71 183 181
    255 0 255 0 156 39 255 0 255 0 83 0 255 255 0 255 0 0 0 255 255 0 84
    255 0 255 0 89 255 0 255 147 255 0 0 237 255 255 135 255 255 255 255
    0 0 154 148 246 0 0 0 251 255 255 255 0 0 0 0 255 0 144 255 238 255
    0 0 255 172 255 255 0 255 85 0 255 0 211 255 0 0 0 3 255 255 0 0 0
    255 205 0 0 145 255 255 0 0 0 255 231 65 0 255 255 0 0 149 29 255
    255 0 0 69 73 255 199 255 0 255 44 0 60 0 255 2 0 0 255 255 0 255 0
    0 0 255 255 0 0 255 255 0 0 150 255 0 227 0 49 0 0 255 255 255 0 0 0
    0 0 255 184 49 255 0 255 0 172 77 255 255 48 0 0 255 88 255 255 0 0
    0 0 245 174 255 71 255 0 0 0 255 229 0 160 255 255 73 0 0 0 255 255
    255 205 0 201 255 255 255 0 255 0 212 0 107 0 255 255 255 0 186 0
    255 0 0 182 171 255 242 182 0 0 0 255 255 255 0 0 255 0 84 180 255
    255 0 0 195 255 0 255 0 255 0 84 255 0 0 255 255 255 0 255 255 255
    255 0 0 0 0 12 255 255 172 216 255 255 0 0 0 133 255 9 255 255 215 0
    255 0 255 238 0 0 255 255 255 0 89 0 0 255 111 255 0 0 0 43 0 255 0
    255 255 255 255 101 71 255 0 23 0 0 0 0 0 255 110 0 0 0 255 0 255
    255 198 0 0 0 255 255 255 0 255 0 0 205 255 255 255 0 109 4 251 193
    0 0 0 255 255 0 255 34 255 73 255 255 0 54 255 255 209 0 255 0 250 0
    0 0 255 255 255 0 0 1 255 182 0 0 214 255 0 255 0 160 0 124 10 222 0
    255 68 255 0 255 0 13 0 255 103 0 255 255 255 255 255 142 113 0 98 0
    4 171 238 0 0 214 255 92 255 255 60 255 255 141 0 32 255 0 255 65
    255 179 255 205 255 0 0 36 255 0 255 255 0 0 0 255 239 255 0 0 174
    230 254 255 0 0 0 255 255 255 0 135 0 255 0 0 0 200 255 255 48 0 255
    0 0 0 255 255 255 50 255 0 0 157 255 255 0 255 255 0 170 0 255 111
    255 0 255 0 0 246 255 0 0 255 0 255 229 255 255 36 0 15 0 246 0 255
    255 255 0 255 0 2 0 255 255 0 0 0 255 12 0 0 0 255 0 0 255 0 255 0 0
    0 255 255 0 255 0 97 0 255 255 0 255 109 0 0 0 238 0 255 0 255 0 0
    111 110 255 0 0 0 255 0 232 0 0 154 0 0 255 0 129 0 0 255 255 255 0
    0 255 255 255 255 255 0 0 255 0 255 255 255 0 0 0 255 0 69 255 255 0
    0 0 255 255 0 0 255 220 227 0 255 0 255 0 255 255 255 255 0 210 255
    255 135 255 183 120 212 233 0 0 0 101 0 255 255 255 0 0 0 255 255
    127 25 0 255 26 255 224 93 0 152 95 255 56 255 0 255 0 255 169 0 0
    255 106 255 0 255 0 255 0 255 152 155 246 255 0 255 0 23 33 178 0
    255 0 255 192 255 0 255 255 0 0 255 255 0 0 106 0 0 0 255 255 255
    255 152 255 0 0 255 255 255 0 0 255 0 0 234 0 136 0 255 0 255 0 255
    0 255 0 255 255 255 255 0 0 255 176 255 255 255 255 255 0 255 123
    255 0 255 255 0 171 0 255 0 0 255 255 255 98 0 0 83 0 0 0 255 0 0
    255 0 8 0 215 0 152 255 255 127 225 145 255 255 0 0 7 194 255 0 0
    255 0 0 212 0 208 0 0 255 255 0 107 183 255 255 99 0 48 255 255 0
    103 0 73 0 255 255 255 255 255 158 255 0 255 0 255 176 0 58 255 255
    0 0 0 255 255 84 255 255 255 255 255 0 140 0 0 255 117 0 255 148 255
    0 227 0 255 0 0 0 255 111 255 255 255 0 0 0 0 255 255 255 212 0 255
    222 255 0 255 0 0 255 255 0 255 255 0 255 255 193 135 0 0 0 0 158
    255 255 255 0 0 23 255 0 0 0 255 0 217 0 0 0 255 238 255 0 30 194
    255 255 182 79 0 0 0 0 255 255 255 255 0 0 0 255 255 255 0 0 0 184
    255 255 221 255 0 255 52 255 141 255 71 255 255 127 0 0 50 198 255 0
    85 0 255 122 197 0 255 0 0 0 255 255 0 49 177 255 0 255 255 255 59
    255 0 255 79 255 0 110 88 132 255 0 0 244 255 0 0 255 255 109 255
    255 0 255 219 87 0 0 0 0 255 0 0 255 255 0 255 5 255 7 5 255 148 0
    156 129 35 49 255 221 255 255 0 255 0 0 255 0 0 255 0 255 0 255 0
    255 0 231 255 255 0 255 255 0 255 255 255 0 0 0 255 0 0 73 22 255 0
    255 0 255 0 255 0 255 23 0 29 255 255 0 255 0 255 145 255 127 8 255
    28 255 0 0 0 255 94 226 0 255 0 255 0 255 110 255 0 0 34 255 0 0 0
    255 255 119 0 255 255 0 255 176 125 139 255 255 0 179 255 255 0 0 0
    0 255 0 255 255 0 0 255 255 42 0 255 0 0 0 0 0 255 255 0 250 0 38
    255 255 255 0 255 255 255 255 0 0 0 255 0 0 0 255 255 201 156 255
    255 0 255 0 255 0 0 0 0 255 255 255 255 0 0 255 0 255 0 255 0 0 0
    255 255 255 0 0 0 255 255 232 255 247 0 0 0 0 5 95 255 144 255 255
    255 0 0 0 0 131 0 255 0 255 36 0 255 0 255 183 0 255 0 255 0 255 255
    234 0 255 0 80 255 61 0 0 0 255 255 0 255 255 209 0 0 78 2 0 255 255
    255 0 255 255 255 227 0 255 181 255 255 147 0 0 135 0 255 0 255 0 0
    0 255 255 0 255 0 255 107 0 0 255 255 246 0 255 172 255 0 255 221
    255 0 247 0 255 255 237 255 0 255 255 255 255 51 0 255 96 132 0 255
    255 255 255 0 255 255 255 0 255 0 165 255 55 191 0 0 158 255 255 255
    255 0 0 100 0 255 82 0 0 0 255 92 0 255 165 0 155 0 255 11 255 255
    255 0 0 83 0 83 20 0 255 0 0 255 255 255 0 0 89 0 255 0 0 255 255
    255 0 255 0 171 255 255 255 0 255 0 255 0 191 0 0 0 255 255 255 255
    0 0 0 125 0 255 255 0 212 255 255 57 0 255 182 0 252 0 119 255 255
    255 255 255 227 255 0 252 0 255 0 0 255 59 95 255 0 255 0 255 0 255
    0 255 0 0 255 255 0 255 0 255 0 0 255 255 255 255 0 0 158 0 230 0 0
    0 255 255 0 0 0 0 255 108 255 0 0 255 255 0 117 0 0 0 0 255 0 0 0
    255 255 165 0 255 255 255 44 116 0 0 0 255 255 59 0 0 0 65 255 255 0
    255 0 255 0 0 255 92 0 255 255 0 0 0 255 255 255 120 255 0 0 0 255
    255 253 0 0 255 0 92 0 255 255 0 216 0 255 102 255 0 255 0 255 137
    255 0 255 121 255 0 50 0 0 107 255 0 0 255 255 0 255 0 160 255 0 0 0
    255 255 46 0 0 255 227 0 0 255 145 0 0 255 255 255 24 255 0 255 0 0
    0 255 0 255 255 0 0 134 255 0 0 255 255 255 255 0 51 0 255 0 255 0
    255 0 255 255 0 0 0 255 0 255 0 255 0 255 0 255 255 0 0 244 255 196
    255 255 255 115 0 255 255 70 0 0 86 8 255 255 255 0 0 41 255 255 255
    255 0 255 255 0 255 0 0 255 255 148 0 255 255 0 255 0 161 209 255 0
    255 75 255 255 0 0 81 0 255 0 255 102 0 0 37 255 0 0 255 255 255 52
    64 255 0 255 10 255 0 255 255 255 0 255 0 255 0 45 0 255 185 255 0 0
    0 255 255 0 19 255 166 0 0 0 255 255 0 0 0 126 255 0 0 0 255 255 0
    255 0 0 54 0 255 0 255 0 255 255 132 0 255 255 205 255 0 0 0 255 255
    0 220 0 255 0 0 103 255 209 255 255 0 0 255 255 0 0 107 255 255 255
    255 0 0 255 255 0 255 0 255 0 0 158 255 255 255 255 0 255 0 0 40 234
    255 137 255 0 25 112 255 255 0 235 255 255 255 0 0 255 0 255 0 255
    255 0 0 0 255 193 255 0 51 255 255 255 205 0 255 0 115 255 255 0 101
    150 14 0 207 0 255 0 255 166 255 0 255 0 255 0 0 255 0 26 0 0 39 0
    255 255 0 0 255 0 0 0 255 255 255 0 0 239 0 255 36 166 255 117 255
    255 255 87 255 0 185 255 144 0 0 0 114 255 0 25 0 255 104 255 76 0
    129 170 255 199 7 0 119 196 255 0 255 206 255 255 0 226 255 0 193 0
    255 0 255 0 0 0 235 255 92 0 42 0 255 255 255 0 0 0 0 255 255 0 255
    255 255 255 255 255 0 0 0 255 255 255 255 255 255 255 255 132 0 255
    170 255 215 255 0 0 255 255 255 94 255 42 0 43 12 0 0 0 0 0 255 0
    255 255 0 255 0 0 37 0 0 73 255 0 0 0 255 255 0 0 0 0 255 255 0 113
    40 255 0 255 0 255 255 0 255 255 230 159 0 0 255 255 185 0 0 255 0 0
    0 85 255 233 255 0 0 0 0 0 255 0 255 255 0 0 0 255 255 255 0 215 224
    255 0 255 0 0 0 0 0 0 115 255 255 39 255 0 255 0 255 14 0 0 226 255
    0 0 255 255 71 255 0 255 0 255 255 98 41 0 0 0 255 0 255 255 255 255
    255 255 0 0 0 0 255 255 255 255 156 37 178 83 75 0 245 0 152 0 255 0
    255 0 255 0 141 255 255 106 0 0 255 0 0 0 255 0 72 255 255 109 0 255
    156 255 157 255 255 0 0 0 255 255 255 0 255 255 217 80 0 255 0 255
    255 248 0 124 255 18 0 0 0 255 65 255 255 255 255 35 0 28 0 0 255
    255 0 255 0 255 0 255 0 0 0 255 255 255 255 0 50 0 255 0 255 0 255
    122 89 248 255 0 0 255 0 255 255 255 255 255 255 0 0 205 255 0 217 0
    255 0 99 255 247 255 0 36 0 255 0 255 0 0 0 0 143 43 216 0 255 241 0
    0 255 255 255 0 0 255 255 76 0 0 255 163 0 255 31 255 255 101 255 0
    0 0 0 255 35 255 255 0 130 255 255 255 138 255 255 0 114 0 255 0 0
    255 0 0 255 255 255 0 255 0 216 0 255 0 255 255 255 255 7 0 255 182
    0 0 255 255 255 255 255 0 0 135 79 255 0 255 0 255 255 255 0 255 255
    0 0 0 255 225 47 0 255 255 255 255 234 0 13 255 0 81 0 0 0 255 255 0
    255 0 255 255 62 46 0 0 0 255 156 255 0 0 0 255 0 255 255 255 0 0
    195 0 255 255 0 255 246 0 35 200 49 255 255 92 0 255 0 255 79 0 0 74
    0 0 255 0 255 255 0 255 0 108 255 0 177 0 0 255 110 0 0 0 255 0 255
    129 0 255 255 255 0 255 255 255 0 0 255 255 255 131 255 0 0 0 195
    255 0 0 0 255 18 255 255 0 255 0 255 208 255 0 255 0 255 0 150 0 255
    0 255 255 255 255 0 255 0 255 255 0 0 255 255 0 255 255 255 112 0
    255 0 0 255 255 96 0 0 255 255 0 42 255 239 255 0 255 0 255 0 0 0
    255 125 255 181 0 60 222 0 255 255 255 255 108 82 255 0 112 40 0 37
    255 255 0 110 0 0 255 255 255 0 255 0 10 0 255 255 0 255 188 255 0
    255 0 255 0 196 0 0 0 255 108 255 255 117 0 0 0 255 201 255 255 255
    0 243 0 255 0 87 255 255 99 255 79 0 0 255 255 255 255 0 0 0 255 32
    255 0 255 0 255 0 255 255 0 0 60 0 0 254 0 0 165 255 255 0 255 255
    33 0 0 0 0 255 255 255 0 0 0 255 0 255 0 255 255 255 0 0 255 255 158
    255 255 0 0 255 255 0 255 0 255 0 255 255 255 0 0 255 255 255 255 0
    255 255 0 0 0 255 255 255 38 57 255 207 17 255 45 0 175 255 255 0 0
    0 255 0 84 0 0 255 255 255 0 0 0 237 255 255 100 0 234 255 255 209
    255 0 0 28 47 255 2 171 255 0 255 0 0 80 15 255 255 0 0 255 255 0 0
    26 255 255 255 5 0 162 255 0 0 0 0 255 255 0 255 0 255 0 255 10 133
    0 77 255 30 255 0 0 0 0 0 0 36 255 0 255 255 0 68 0 255 0 255 0 0
    255 255 155 0 10 255 0 255 255 206 0 172 255 250 255 0 0 0 255 255
    255 142 0 0 255 170 185 92 2 255 255 255 0 0 0 255 255 255 255 255
    30 178 190 0 255 255 255 0 0 0 255 34 0 0 0 53 255 255 75 0 0 0 0 84
    255 255 0 255 0 255 255 30 0 0 91 255 255 255 82 255 26 176 0 255 0
    255 0 255 255 0 0 255 255 0 0 192 0 0 13 0 255 255 54 255 255 171 0
    0 0 255 255 0 255 255 0 0 0 255 217 189 0 0 255 255 255 255 0 255 0
    255 0 255 135 147 255 0 255 255 0 0 255 37 255 179 0 0 0 255 0 0 255
    211 255 255 0 244 0 255 244 255 255 255 0 0 255 0 0 0 255 255 0 12
    32 255 0 12 0 0 179 255 203 0 170 0 255 255 255 70 255 56 50 0 255
    255 0 255 0 255 238 255 255 0 0 0 0 255 0 0 0 255 255 0 26 0 148 255
    0 0 0 0 50 255 0 0 0 255 255 255 0 0 255 181 255 255 107 0 0 227 255
    255 255 255 0 0 58 255 0 255 0 255 0 255 255 0 0 194 255 61 99 255
    255 255 0 208 0 202 0 76 0 255 255 255 255 0 255 193 255 0 0 0 0 0
    233 0 255 0 224 0 255 255 0 0 0 133 255 0 0 255 0 255 0 255 0 255
    255 255 0 0 249 0 143 60 255 255 255 0 190 0 255 255 131 255 0 255
    75 255 255 0 0 0 188 173 255 255 0 0 2 0 0 0 198 181 255 0 0 255 255
    255 0 0 226 255 255 198 255 18 0 255 255 0 255 255 153 0 0 255 83
    232 0 0 0 178 255 255 15 0 255 235 255 0 0 0 0 0 0 255 255 136 255 0
    0 255 255 85 0 0 255 255 255 79 0 255 0 0 6 0 0 255 255 255 0 255
    255 170 0 0 0 255 0 9 0 255 0 255 0 1 0 0 255 0 0 0 255 255 0 0 0
    112 0 37 255 255 192 255 67 255 255 255 255 0 0 0 0 0 0 255 68 255 0
    255 0 255 255 255 0 0 0 255 102 255 0 255 0 202 0 0 255 0 253 37 0
    129 0 255 255 255 139 154 132 255 0 0 255 255 255 3 120 90 0 42 255
    255 255 0 63 119 89 8 0 255 0 255 0 0 255 255 255 0 0 255 0 255 0
    255 0 255 255 255 255 255 255 255 181 0 0 0 0 0 255 0 255 0 200 255
    215 239 0 255 255 255 0 0 0 255 255 37 0 0 255 0 148 0 7 255 0 255 0
    0 0 255 63 0 0 147 255 0 255 0 87 0 0 255 255 255 255 0 0 255 254
    197 0 0 255 0 255 255 255 255 28 255 244 0 255 0 141 0 255 0 255 171
    255 0 0 255 255 255 0 50 0 213 0 255 255 0 0 235 11 0 69 0 0 255 255
    255 0 0 0 0 0 255 255 0 0 0 233 0 255 255 138 118 0 255 0 0 0 0 0
    142 43 255 255 162 0 0 0 255 255 170 84 0 0 0 255 0 231 224 255 255
    255 255 0 255 255 255 0 0 0 0 255 255 197 255 0 129 255 0 255 255
    255 0 193 0 0 46 0 0 255 0 32 0 102 255 90 255 0 206 207 230 0 255
    255 255 0 255 255 255 0 0 118 0 38 0 255 255 255 0 0 255 154 255 0 0
    187 255 157 0 0 236 224 255 255 179 255 255 176 0 255 0 255 0 255
    255 255 0 103 0 255 255 255 255 38 255 255 255 255 0 0 0 255 255 0 0
    0 255 255 0 0 0 255 0 105 0 0 148 255 0 255 0 0 124 161 0 255 137
    216 0 0 0 255 255 255 255 0 0 174 255 191 255 48 0 255 255 225 0 0 0
    178 255 116 0 255 255 0 255 0 255 0 0 32 255 255 0 255 0 174 0 255
    76 0 0 255 255 255 0 0 255 0 255 255 0 255 255 255 0 93 0 0 255 255
    0 210 189 0 0 0 231 93 230 0 255 0 0 255 255 255 0 0 0 0 255 0 0 0
    230 255 105 77 0 255 0 255 34 68 255 254 221 255 133 255 0 0 0 255
    255 0 0 0 0 211 0 0 0 255 0 255 0 33 0 255 255 0 109 0 255 0 255 0 0
    228 255 0 161 0 255 255 255 0 255 0 255 0 255 255 0 0 0 201 255 0
    255 255 41 0 69 255 255 255 0 0 93 255 53 189 255 255 255 0 10 0 255
    0 255 104 244 255 164 0 0 181 255 255 0 0 255 255 0 255 255 0 0 232
    255 108 0 255 255 100 0 0 0 255 255 255 255 255 255 0 236 88 190 255
    222 255 121 0 144 0 0 214 0 255 210 10 255 255 54 0 255 255 136 114
    0 255 0 255 255 255 210 45 0 255 255 255 0 255 255 0 0 0 255 255 255
    0 255 196 0 255 0 255 162 255 0 24 255 255 255 0 255 53 119 0 0 0
    255 255 255 255 0 0 0 138 15 115 0 187 23 255 0 131 0 0 189 255 188
    0 255 255 255 0 78 255 255 0 0 0 255 255 0 255 255 0 0 0 255 255 0
    235 0 255 0 255 0 255 0 73 0 0 255 255 255 0 61 255 255 0 220 235
    255 255 255 0 76 255 255 255 0 0 255 255 0 0 0 255 0 95 255 213 0 0
    255 255 255 13 0 255 255 255 228 0 0 0 255 0 255 0 255 80 0 77 0 255
    189 167 0 0 255 0 255 0 0 0 255 221 255 0 255 115 255 189 255 0 0
    204 0 255 255 0 255 0 29 0 0 255 187 255 0 255 0 0 0 25 255 255 255
    0 0 0 182 172 255 0 255 255 255 148 0 255 255 255 102 255 0 0 150 44
    255 255 0 157 235 0 161 0 255 0 255 97 75 0 0 0 0 255 72 255 255 255
    255 255 0 0 0 0 255 189 255 255 0 0 0 255 0 255 0 112 0 181 0 76 0 0
    0 0 255 255 255 0 0 32 255 222 0 255 255 255 0 0 0 255 138 114 255 0
    0 0 255 255 141 255 0 255 0 255 253 255 255 0 73 255 0 255 0 0 255
    255 255 0 255 255 0 0 255 0 255 0 0 255 255 0 255 0 255 13 11 255
    255 255 255 143 2 0 0 255 255 255 255 255 0 0 0 255 0 255 98 0 0 255
    188 19 112 0 255 255 252 255 255 71 0 146 255 255 255 255 0 0 255
    255 0 0 255 255 4 255 255 0 0 255 255 103 10 0 255 255 0 0 11 255
    255 255 0 255 34 0 0 0 255 255 0 206 0 205 24 255 51 0 0 255 57 0 90
    255 255 0 255 146 255 0 255 0 0 181 255 0 255 66 0 186 0 0 255 255 0
    0 255 255 254 0 255 255 0 0 0 0 0 150 0 0 0 0 0 179 84 0 255 255 156
    139 200 255 255 150 0 0 255 255 255 0 255 86 0 196 0 226 47 0 255 0
    255 0 255 0 255 0 255 0 255 0 0 0 5 43 255 0 255 0 0 0 255 153 255 0
    0 0 0 255 170 255 255 255 255 0 255 255 255 58 0 0 0 255 255 255 0 0
    255 255 0 0 0 255 255 255 0 255 233 255 0 0 0 0 255 55 255 0 168 0
    115 255 255 0 0 255 255 255 255 0 0 0 255 0 0 213 0 255 74 0 255 0 0
    255 0 0 169 255 0 0 255 0 0 255 132 0 85 255 0 0 0 255 255 255 0 0 0
    132 88 255 168 0 255 255 89 255 0 255 0 209 36 255 255 255 0 255 0 0
    255 0 255 42 130 0 203 182 255 255 0 0 121 0 0 38 255 0 174 255 241
    0 0 0 255 255 255 0 0 217 0 0 83 23 255 0 255 255 255 183 255 0 87
    255 255 255 0 0 180 255 255 0 0 255 0 255 244 255 0 209 0 0 255 255
    255 255 0 114 0 23 255 255 148 255 122 255 0 0 255 255 255 235 0 255
    255 255 255 0 0 168 235 250 187 255 0 203 0 0 255 255 174 255 0 255
    31 225 255 219 0 142 255 255 255 0 255 0 0 255 255 0 244 255 255 0
    236 0 255 0 255 68 2 0 0 116 193 0 255 255 255 255 0 0 227 255 0 248
    0 234 255 0 0 0 0 0 255 255 232 255 255 176 255 92 255 0 0 0 0 43 0
    75 255 255 255 240 0 198 0 255 0 0 255 3 255 255 70 0 0 1 255 255
    135 255 0 255 0 255 255 255 0 0 6 0 255 255 255 255 255 0 0 0 255
    144 255 255 0 255 255 0 0 25 58 0 255 198 255 0 0 11 255 255 0 27 23
    255 255 217 255 255 0 0 182 255 255 0 0 111 255 202 255 181 255 8 0
    0 0 255 255 64 255 0 18 0 255 130 168 255 6 0 16 255 255 255 255 102
    195 0 217 0 255 0 0 0 255 0 255 0 255 205 255 0 0 0 255 0 255 255
    157 190 0 191 255 0 255 23 255 127 0 255 0 0 0 0 0 255 255 255 0 0 0
    0 0 223 0 0 4 0 255 0 255 0 255 255 68 0 0 63 255 255 0 0 0 0 0 255
    255 255 255 0 6 0 255 0 255 255 137 45 23 255 0 159 255 0 42 255 0
    251 0 82 255 0 0 0 255 255 255 255 255 0 0 0 0 255 0 255 255 255 238
    0 0 0 255 0 0 0 236 255 255 255 0 0 0 0 0 0 0 0 255 0 255 255 255
    255 255 0 255 0 255 255 99 255 0 255 9 0 0 47 255 42 0 31 255 255 0
    0 252 255 147 255 0 255 0 255 0 0 255 255 255 0 0 91 255 0 169 0 255
    255 255 255 0 0 0 178 0 70 255 0 52 0 255 255 255 0 255 255 255 0
    255 0 141 0 255 114 0 255 0 0 0 255 253 0 0 0 255 255 117 0 228 0 47
    0 255 45 93 0 0 255 255 255 0 25 0 255 255 0 0 0 0 255 255 255 28 0
    0 0 0 189 0 184 0 255 255 0 255 255 255 255 0 0 0 0 0 0 0 51 255 255
    255 17 0 156 0 0 255 255 255 4 255 0 0 0 203 0 27 255 255 0 131 255
    0 255 0 255 64 255 0 255 48 18 255 236 0 0 255 221 255 118 0 0 0 0
    255 0 0 0 0 255 255 255 255 255 53 0 0 255 30 255 0 255 0 0 255 255
    255 0 0 0 255 255 0 255 255 255 255 0 0 0 255 255 42 255 0 255 0 255
    255 46 0 255 255 201 255 255 0 0 255 255 0 184 0 255 255 255 255 0 0
    0 255 255 255 0 36 0 255 0 255 255 0 55 0 255 243 255 255 0 0 124
    255 255 183 7 255 0 0 0 247 0 221 255 255 255 255 0 255 0 0 0 255
    255 32 255 0 0 0 255 255 0 0 125 0 255 255 255 0 0 255 0 83 255 101
    0 204 255 255 255 0 255 255 255 0 255 8 255 255 41 0 255 124 0 0 255
    255 255 0 194 255 132 255 0 0 140 0 94 0 255 0 0 255 0 105 244 162
    255 0 15 255 255 255 255 0 255 0 0 255 0 112 255 255 0 0 13 0 255
    255 233 54 255 255 0 0 20 255 255 0 255 198 255 221 226 0 0 109 255
    255 255 0 0 0 232 0 255 19 255 187 255 0 131 0 42 0 0 255 0 0 255 0
    255 0 255 255 255 0 255 255 255 0 0 0 255 0 19 0 255 178 186 0 173 0
    255 255 255 255 0 0 255 0 255 244 0 0 0 134 0 255 53 0 0 0 255 0 255
    227 0 0 121 248 255 255 255 0 0 0 255 255 0 255 0 255 68 218 0 0 255
    0 255 97 255 0 255 83 0 0 35 0 255 255 255 0 255 0 255 0 0 0 255 255
    255 234 255 0 22 172 255 140 255 0 0 0 4 255 255 89 255 0 200 255 0
    45 0 0 255 0 43 255 0 255 0 255 219 110 0 0 155 255 255 0 255 0 0 0
    255 255 255 255 0 81 0 255 0 255 0 56 0 0 0 255 255 0 0 0 255 255 0
    0 0 0 255 255 255 0 255 0 83 0 255 255 167 255 0 255 0 191 0 0 255 0
    0 0 255 0 0 0 255 255 255 0 255 0 24 0 255 0 255 82 255 0 255 255
    255 62 172 255 0 0 0 255 31 0 0 38 255 164 0 255 0 255 255 255 255 0
    0 0 161 255 255 255 0 0 13 255 255 0 255 255 255 0 255 0 0 228 0 0 0
    0 0 255 0 255 255 255 11 41 0 0 0 255 145 255 252 255 255 255 0 255
    255 255 0 0 0 0 255 34 255 123 6 0 0 255 255 255 0 255 255 18 57 0 0
    0 0 0 255 0 255 0 255 0 209 0 255 255 0 255 0 255 0 255 0 255 74 255
    255 0 0 0 255 255 255 255 202 77 0 66 0 255 142 0 0 255 255 0 111
    255 210 255 0 0 0 255 255 0 255 255 255 255 255 0 0 0 0 6 255 0 255
    158 255 0 0 255 255 155 0 0 123 255 0 0 0 0 0 255 84 90 255 0 255 0
    0 0 0 255 58 0 0 255 255 0 71 0 255 255 255 0 0 255 255 255 97 255
    255 0 255 0 255 255 100 255 0 0 0 0 255 255 0 255 255 19 255 0 0 0
    255 255 255 255 74 255 255 255 255 179 0 118 0 255 0 255 2 255 255 0
    0 255 4 210 255 0 255 255 0 0 0 173 255 255 255 255 241 0 57 144 0 0
    163 255 0 255 53 255 225 0 255 255 42 0 0 255 255 0 84 255 255 255
    255 0 0 0 0 255 255 17 255 0 0 139 255 0 255 255 252 255 255 0 0 0
    28 0 64 255 255 237 0 255 0 255 0 0 0 0 255 255 60 143 255 0 171 255
    255 0 0 0 0 255 255 138 0 0 255 255 0 255 255 82 201 255 0 255 62 15
    255 0 162 0 255 0 255 255 255 236 0 0 144 146 255 255 0 0 0 255 255
    255 63 255 117 0 0 0 206 81 255 180 0 255 0 0 0 255 255 255 0 200
    178 0 27 0 0 0 0 0 255 0 255 255 0 0 0 255 255 255 0 0 255 0 255 0 0
    33 255 255 255 0 114 198 255 0 32 255 238 0 0 0 99 0 255 128 255 225
    0 0 88 255 132 255 243 3 255 0 0 255 0 255 255 255 255 255 117 0 0
    255 255 0 0 0 0 255 255 183 0 0 6 0 255 0 255 255 255 0 162 0 255 59
    0 187 0 255 0 0 243 255 255 255 255 255 255 5 0 0 255 117 0 255 255
    255 0 0 0 48 0 255 0 0 0 0 181 255 223 0 0 255 0 156 161 255 0 0 255
    244 8 0 255 255 42 0 255 255 0 255 0 255 185 255 0 0 0 255 255 0 123
    255 0 0 186 33 255 255 0 255 255 124 0 0 145 255 31 168 0 205 0 0
    255 35 255 0 255 0 255 255 255 0 0 0 0 255 0 255 0 255 0 0 0 255 255
    0 220 0 6 80 255 0 0 0 255 245 255 12 255 0 0 0 255 0 255 83 0 0 255
    255 255 255 255 69 143 7 255 255 0 0 148 255 0 255 0 255 255 0 255 0
    224 255 255 255 255 74 0 0 244 0 0 27 0 0 0 255 255 92 93 0 0 255 55
    255 0 223 0 255 0 255 0 52 0 255 255 255 0 255 255 255 255 0 0 0 237
    31 255 0 255 0 0 0 116 255 255 0 255 140 0 0 224 255 143 0 0 0 191
    255 255 255 255 28 0 0 255 255 0 0 255 255 255 0 255 14 255 255 0
    147 0 0 255 255 251 255 198 255 239 0 0 0 255 0 255 223 70 0 255 255
    255 0 0 255 255 0 0 0 248 0 0 0 255 255 255 156 0 207 0 255 3 248 77
    255 0 0 0 255 0 255 255 255 255 0 0 0 0 0 0 255 24 0 0 215 255 255
    255 0 0 0 255 255 255 104 24 255 0 255 0 255 255 255 0 250 255 0 255
    255 255 0 126 0 0 0 255 255 0 255 0 0 0 119 255 255 0 0 255 0 0 0
    158 0 255 0 255 255 255 0 255 37 0 0 255 222 0 53 0 255 255 255 255
    0 255 255 255 0 255 0 0 255 255 255 0 0 0 155 0 0 255 255 255 234
    255 155 0 0 0 255 255 255 148 0 255 0 199 0 255 211 0 111 0 0 0 255
    61 255 255 58 255 255 0 255 0 0 255 255 23 0 0 0 142 255 255 0 0 0
    255 76 0 0 0 23 236 0 255 45 255 0 0 56 255 0 0 89 255 255 0 21 0
    147 225 255 255 255 0 0 255 255 255 0 0 200 0 0 255 255 255 0 0 0 0
    139 255 0 0 255 255 0 125 0 255 255 0 255 0 255 54 0 0 255 128 255
    255 255 0 119 0 255 255 255 0 0 165 0 255 255 255 198 255 255 0 255
    0 69 255 0 255 255 99 255 0 0 0 0 0 190 255 210 0 0 0 255 255 0 0
    255 255 255 0 0 0 179 255 255 255 0 0 0 0 0 255 255 0 255 0 59 0 255
    255 255 255 0 204 62 0 0 255 0 255 0 234 0 255 0 255 0 255 0 255 53
    255 0 0 0 0 0 0 255 255 255 0 255 214 0 255 0 134 255 0 0 0 141 255
    255 255 0 192 255 0 0 0 255 0 0 171 255 0 255 0 242 0 176 193 0 0
    235 0 255 255 236 255 255 33 0 0 255 0 255 255 0 0 70 0 255 0 0 255
    255 137 0 0 255 0 255 255 25 255 0 21 255 48 255 255 255 0 0 255 0
    255 0 154 255 255 219 255 0 255 0 255 0 255 0 212 125 255 53 255 255
    255 0 0 0 0 255 0 255 0 255 255 255 255 0 0 249 255 0 0 0 255 255 92
    255 61 161 147 255 255 48 0 0 255 0 255 0 0 0 0 255 0 255 11 0 0 255
    0 169 0 255 0 255 0 29 255 255 255 0 0 255 255 0 0 255 0 0 0 0 255 0
    255 0 0 0 0 0 255 255 0 255 0 130 42 207 255 0 255 0 255 255 255 106
    255 0 255 0 0 255 126 0 0 0 255 233 255 255 0 0 0 255 255 0 255 0
    255 0 0 255 0 255 86 33 0 0 0 233 255 255 107 255 0 146 0 0 255 255
    255 0 0 0 0 0 93 255 255 255 0 0 0 255 255 255 0 0 0 0 0 255 255 0 0
    231 0 255 255 255 159 0 185 0 0 0 255 255 208 0 255 176 0 0 0 255 0
    251 0 255 0 0 0 0 255 255 255 0 255 255 0 0 0 0 0 255 37 0 0 0 0 255
    255 255 14 125 0 191 0 255 119 255 255 66 0 141 89 0 255 255 17 0 0
    226 116 255 0 255 0 255 255 255 99 255 0 0 0 255 255 0 53 0 255 0
    255 0 42 0 255 0 253 0 255 0 255 0 255 242 0 255 141 0 136 255 0 255
    219 255 0 0 0 30 255 255 0 106 0 255 0 255 0 255 0 255 0 0 0 0 255
    255 255 61 0 66 0 255 255 255 0 0 0 0 0 0 255 30 0 0 255 0 12 0 187
    255 0 0 76 223 255 0 151 0 0 0 204 0 255 255 0 0 255 255 255 255 255
    255 0 0 0 255 0 255 0 31 255 99 255 0 237 0 255 255 111 255 255 0
    255 0 255 0 255 87 218 154 255 255 227 0 255 255 255 0 0 255 255 237
    0 255 0 0 0 126 255 255 7 223 255 0 0 255 0 0 0 255 255 255 0 255 0
    0 255 0 255 0 255 255 0 0 0 0 0 236 255 255 0 255 255 255 0 0 0 255
    255 0 255 9 127 0 255 0 255 193 0 0 0 0 255 0 255 0 0 0 255 0 255 0
    138 255 255 188 191 34 0 0 0 255 0 255 0 255 228 255 0 0 0 125 255
    255 73 255 255 255 0 255 238 255 255 0 229 255 0 255 97 255 255 0 0
    20 255 255 109 255 255 255 255 0 0 255 255 254 185 255 255 255 0 0
    165 255 255 0 0 0 255 0 0 255 255 255 0 0 255 255 255 0 0 0 0 0 0 97
    255 154 255 0 255 0 210 107 255 216 24 189 255 255 255 255 0 255 3 0
    0 0 92 255 255 34 255 123 0 255 49 162 86 0 0 73 0 0 255 255 255 0
    140 0 255 255 149 255 0 0 143 255 0 0 50 255 255 0 66 0 153 0 0 255
    0 255 255 255 255 0 0 0 255 255 255 0 255 255 255 0 0 0 255 0 255 0
    152 0 114 255 255 45 255 108 255 148 255 0 255 0 255 0 118 0 255 60
    0 0 255 255 255 255 0 255 255 255 0 255 255 0 0 255 255 255 0 107 0
    255 0 255 106 0 255 0 255 62 255 141 0 255 255 0 255 0 255 255 0 0
    185 255 0 95 0 255 255 255 105 0 0 255 255 255 196 248 65 0 0 25 255
    0 255 255 0 0 0 92 255 0 255 255 255 114 0 255 0 40 145 0 255 255 0
    0 0 135 255 255 255 207 0 0 0 255 255 255 172 255 0 0 0 0 224 255 0
    104 184 0 255 255 200 242 0 255 0 255 0 255 255 33 0 255 0 255 120
    255 0 255 255 255 0 255 0 209 0 255 0 255 0 255 0 0 0 255 0 255 255
    178 84 0 0 14 0 255 132 255 0 255 0 255 2 0 84 0 255 0 0 0 255 255
    255 0 255 0 255 0 255 255 46 0 0 0 255 255 0 0 0 255 0 255 161 255
    16 29 149 255 255 0 255 0 255 0 255 0 255 91 255 255 0 255 69 0 36 0
    0 39 158 255 0 0 0 0 255 255 255 80 255 186 255 101 0 255 255 78 255
    53 0 255 0 255 255 154 255 162 198 0 255 0 255 0 0 0 255 255 0 94
    255 255 0 0 0 255 153 140 0 0 0 255 255 255 255 255 0 0 172 255 255
    255 0 0 0 255 240 255 255 255 176 255 0 21 255 0 255 0 255 255 40 0
    0 255 0 215 98 255 29 255 0 107 163 0 60 155 0 255 0 0 0 255 0 0 0
    246 255 0 0 0 0 255 255 255 145 0 255 0 133 0 255 255 255 0 255 255
    0 0 0 133 0 0 96 255 10 0 255 81 81 0 0 172 255 39 0 0 0 255 255 255
    255 0 0 255 255 255 255 37 0 255 11 255 0 54 37 255 255 0 0 16 214 0
    255 136 0 203 0 255 0 255 0 248 0 156 42 255 255 66 235 0 0 0 255
    255 255 0 0 0 255 255 0 0 0 255 255 255 255 255 0 0 0 0 255 255 255
    0 219 153 0 135 255 244 0 0 255 255 255 0 0 0 0 255 72 255 0 71 0
    160 0 255 0 225 0 0 0 255 0 255 60 0 136 255 169 255 0 0 0 0 255 255
    255 58 0 255 255 255 255 0 0 114 0 255 0 0 0 255 255 255 255 32 0 0
    0 250 255 0 185 93 255 255 255 255 255 255 0 0 0 255 255 255 242 0
    156 255 255 184 255 0 255 0 255 0 0 0 205 255 153 222 255 0 255 96
    255 0 106 255 0 255 0 0 0 255 0 0 0 255 0 0 0 255 255 255 208 255 0
    0 0 255 247 155 0 255 255 255 0 255 0 0 111 255 255 255 255 62 0 0
    255 255 168 0 0 255 0 34 0 255 0 229 0 108 0 255 213 255 0 0 0 0 0
    255 0 255 0 255 255 0 0 0 255 0 255 255 255 0 0 155 255 255 0 0 177
    151 0 255 5 0 255 0 0 255 21 255 0 255 255 255 0 112 255 0 105 0 255
    0 255 0 255 205 146 135 0 0 0 255 255 255 0 0 0 255 255 255 35 255
    51 0 255 122 0 0 0 195 214 255 255 211 122 0 255 0 61 0 255 131 255
    255 255 255 0 87 0 255 0 255 0 255 0 255 111 208 223 91 255 255 0 0
    255 255 45 255 99 255 0 238 0 255 255 0 0 83 179 0 174 255 255 255 0
    0 0 0 0 229 255 255 0 0 255 255 255 0 255 0 255 131 0 255 255 134 0
    6 3 255 0 150 0 200 255 0 203 2 255 255 255 0 0 0 255 255 0 244 127
    255 0 255 39 255 226 0 255 0 100 255 255 255 189 0 0 255 133 0 0 255
    0 255 150 255 0 255 0 255 183 255 255 255 0 212 0 255 0 255 10 0 255
    6 255 170 255 150 0 0 255 255 27 0 0 0 0 0 0 255 89 255 255 0 0 0
    255 190 255 167 255 0 0 0 255 255 0 255 0 255 255 0 0 18 225 0 255
    255 144 0 0 255 255 255 0 0 159 118 255 0 0 0 0 255 255 0 255 255 29
    255 0 255 0 29 0 27 0 0 255 255 0 255 87 0 0 0 255 0 227 0 255 80
    255 0 0 255 255 255 0 0 0 0 0 255 255 0 0 0 93 53 30 90 135 229 0
    255 255 255 0 255 255 255 49 193 0 255 0 255 0 0 0 255 0 0 0 255 255
    255 0 255 237 255 255 255 151 184 255 0 235 0 255 0 255 0 255 255
    140 159 0 255 255 0 0 255 255 140 0 0 255 47 150 255 0 255 0 255 0
    255 0 137 0 255 255 255 0 0 0 255 255 255 111 0 125 255 255 0 43 255
    255 113 0 86 255 0 35 255 255 255 0 0 255 255 255 146 0 0 125 255
    138 255 181 255 0 0 255 255 255 0 255 0 0 255 159 0 0 0 0 0 255 255
    255 0 0 0 0 12 255 40 0 0 255 255 0 22 0 255 255 0 0 0 255 255 255
    255 210 0 0 255 255 158 255 0 255 0 255 0 26 255 255 0 58 255 255 0
    0 0 255 255 255 0 60 0 0 0 255 74 255 0 89 255 0 255 255 255 0 0 0 0
    40 0 0 0 255 255 255 0 0 42 0 0 0 255 0 0 0 255 222 255 0 112 0 255
    79 255 255 0 255 255 0 255 0 255 0 255 28 110 0 255 242 255 0 34 255
    42 0 0 19 0 146 0 255 17 255 255 193 255 0 0 0 0 255 255 0 0 0 0 9
    255 255 0 0 25 0 255 0 255 0 61 255 180 255 0 0 0 255 255 255 255 0
    169 0 255 0 255 0 255 0 0 0 0 116 0 255 156 255 0 237 0 150 0 0 0
    255 255 255 255 0 0 0 255 86 0 0 0 255 255 0 0 255 0 255 255 255 0 0
    0 0 0 255 255 255 0 0 0 0 255 187 0 255 0 255 66 255 255 255 31 227
    108 0 255 0 255 0 92 0 0 255 179 255 255 255 255 0 0 35 255 255 255
    0 255 94 255 168 237 0 209 255 255 255 0 127 255 255 0 0 255 0 4 0 0
    255 39 255 0 255 0 0 0 255 197 0 255 255 255 0 0 0 255 255 0 0 0 255
    255 255 0 255 255 255 0 255 0 0 0 25 255 255 255 255 0 0 47 255 12
    255 0 185 0 255 0 255 0 25 0 255 255 35 0 35 222 255 143 9 0 0 20
    255 0 50 0 255 0 255 0 255 0 255 0 255 83 255 0 0 227 255 0 142 255
    255 130 255 255 235 255 0 0 255 0 255 0 102 0 255 0 0 255 0 0 255
    255 255 0 0 236 0 151 0 255 194 15 255 255 255 62 255 1 0 255 48 255
    255 0 255 0 0 0 255 255 0 0 0 0 238 255 255 238 0 0 0 255 255 0 51 0
    0 0 255 0 255 234 43 0 0 255 255 255 255 255 255 255 0 0 0 223 255
    38 255 255 4 255 255 0 0 255 255 0 0 0 0 255 0 0 255 12 0 255 0 0 87
    0 255 255 0 0 18 255 133 236 0 0 255 255 255 255 255 0 255 0 255 0 0
    0 255 255 255 0 255 0 0 0 255 255 0 255 255 255 97 255 0 0 150 0 0
    255 255 0 255 218 0 12 0 0 255 170 255 0 255 255 0 255 0 121 0 0 0
    255 255 175 0 0 0 255 255 255 255 255 255 255 0 23 0 255 0 255 0 170
    0 0 0 255 255 116 0 255 255 66 255 255 255 255 0 106 255 214 0 0 67
    255 255 72 0 0 0 255 255 177 0 0 0 213 255 0 255 0 255 0 255 0 186 0
    0 255 255 110 0 0 145 255 255 0 0 255 0 216 0 154 255 255 0 194 0
    255 0 0 0 255 255 255 0 255 0 255 0 255 120 122 0 32 184 0 255 0 255
    182 255 0 139 255 41 255 0 255 0 255 0 40 255 239 255 157 255 235
    255 0 0 0 255 255 0 0 0 0 212 0 96 255 255 0 0 0 32 255 0 0 152 255
    255 0 67 0 255 255 0 0 198 255 148 165 13 0 255 0 255 0 242 0 255 0
    255 106 255 0 255 255 255 255 0 0 0 255 246 0 0 255 0 239 0 0 255 0
    255 0 255 0 0 78 255 255 255 0 0 0 0 255 99 86 59 255 0 0 255 255 0
    0 0 0 255 255 255 0 93 255 51 255 189 255 255 0 0 0 255 255 0 0 249
    0 255 0 255 15 255 0 255 0 247 255 255 0 0 88 216 0 0 0 255 255 0 0
    22 255 255 255 88 255 0 255 255 255 0 255 255 255 0 127 0 0 255 255
    255 255 0 61 255 0 0 0 255 0 255 0 255 112 255 0 255 30 0 0 255 255
    255 0 255 255 0 0 0 255 255 255 255 207 0 142 0 0 255 252 0 7 0 0
    255 255 255 127 255 249 255 0 230 188 0 255 0 255 255 186 101 0 105
    255 255 0 0 255 0 255 0 145 129 50 0 0 177 0 0 0 154 255 255 255 0
    255 117 255 255 255 0 0 255 255 122 255 73 0 0 146 0 255 255 188 0 0
    255 0 255 255 255 0 255 0 255 0 0 255 104 0 0 106 0 0 255 0 255 255
    255 0 86 255 0 225 255 0 255 139 255 0 99 255 0 255 255 43 0 19 186
    255 255 0 0 238 255 255 255 0 0 0 255 255 255 255 255 255 78 0 1 255
    255 0 255 0 255 255 255 0 255 0 1 0 255 0 255 255 255 198 0 0 0 255
    110 255 68 162 0 0 0 0 0 255 255 0 30 0 255 255 0 255 255 255 0 255
    255 0 157 0 255 255 93 187 0 56 255 255 46 0 246 22 186 255 0 0 255
    255 105 0 255 255 255 0 0 0 37 255 0 43 0 255 0 0 0 255 209 0 0 255
    255 255 0 143 0 0 0 255 255 255 212 255 0 255 255 255 41 0 0 0 255 0
    0 0 255 255 255 0 0 0 255 255 255 0 0 0 255 255 64 2 0 254 11 255 33
    22 0 255 0 30 255 0 0 0 255 255 255 0 0 0 255 255 117 255 0 255 249
    0 26 255 255 255 0 0 255 0 0 0 255 255 255 255 0 0 0 0 255 150 255 0
    255 157 0 255 0 0 255 0 0 38 255 255 255 255 0 255 118 255 255 0 0
    255 0 255 0 255 235 9 0 255 0 255 255 0 202 59 0 255 0 0 6 0 234 0
    70 230 62 255 210 0 228 255 0 255 0 255 0 255 209 141 255 0 255 255
    0 183 85 171 129 184 0 255 255 0 255 0 255 255 0 0 0 255 0 0 0 0 255
    255 0 251 198 255 170 251 0 0 255 255 0 0 126 0 255 0 255 0 177 46
    45 0 0 255 157 255 0 255 0 255 0 255 0 17 118 255 255 255 255 0 0 0
    255 30 0 0 255 255 156 235 0 255 0 255 0 255 175 0 255 231 0 0 255 0
    255 0 255 0 0 255 143 255 255 255 111 0 155 0 0 255 255 0 255 255
    255 0 0 255 255 255 0 182 255 255 0 255 0 0 0 255 0 0 0 131 0 255
    155 255 0 0 0 0 0 0 255 0 8 0 255 255 0 255 0 255 0 170 255 99 255
    255 0 255 0 255 255 166 0 160 255 255 255 0 0 140 255 0 0 0 0 255
    255 255 0 87 0 255 255 0 0 255 255 0 0 0 166 0 255 0 255 0 255 255 0
    0 255 255 63 255 0 255 0 255 0 255 255 255 255 142 226 0 0 0 255 255
    203 255 255 255 0 0 0 0 255 255 0 0 43 255 0 0 255 0 255 255 0 255 0
    255 180 56 0 0 0 255 255 0 0 255 0 0 0 255 255 255 255 255 0 0 0 255
    255 255 0 255 0 179 0 92 146 255 255 255 0 255 0 255 255 255 0 0 255
    0 255 255 255 255 118 255 255 255 0 120 0 255 255 0 255 0 255 0 228
    0 78 0 255 117 255 0 69 232 13 255 0 255 0 255 0 0 255 255 255 0 88
    0 214 152 255 255 255 255 255 49 0 255 0 0 129 16 255 0 0 0 255 255
    255 0 0 0 255 0 255 255 0 114 255 255 255 0 0 0 255 103 0 255 0 248
    0 0 0 255 255 255 0 0 255 255 255 255 165 0 0 0 145 0 15 0 255 207
    230 0 0 219 255 255 253 255 0 0 0 0 0 158 255 219 255 85 0 0 255 188
    47 255 0 82 26 0 0 255 255 0 150 255 34 151 0 255 82 255 255 255 127
    0 0 42 119 0 124 106 255 255 0 0 0 255 136 0 255 0 0 255 255 255 222
    66 0 39 77 255 128 255 0 0 0 255 255 0 0 251 255 255 166 255 0 0 255
    137 255 0 0 0 23 255 0 255 234 255 0 255 187 0 0 46 255 255 255 255
    0 65 255 255 111 0 0 255 25 0 0 255 255 210 255 255 23 0 0 100 93 0
    0 255 0 255 255 255 0 0 0 58 0 255 0 255 255 255 0 255 0 255 157 255
    0 0 0 255 0 30 0 255 0 255 255 255 255 0 0 255 0 255 0 167 255 245 0
    0 0 0 0 255 0 255 0 255 0 0 255 0 49 0 255 33 0 255 255 0 0 169 255
    255 255 0 0 255 255 255 255 255 0 0 255 255 0 255 0 255 161 255 0
    150 0 255 0 255 234 0 255 0 255 0 0 255 0 0 255 187 255 0 255 255
    130 255 0 255 0 255 120 226 0 0 255 255 255 255 0 0 255 0 0 0 209 61
    255 0 255 0 255 255 0 255 255 255 0 0 237 0 3 253 182 8 0 255 9 0 90
    0 235 0 255 255 0 0 0 255 53 255 0 21 255 255 0 0 228 0 255 0 255
    255 255 254 255 255 103 0 255 0 255 79 0 0 255 152 0 0 0 0 255 255
    255 0 255 0 0 255 122 0 255 211 189 0 255 149 0 0 255 255 77 0 28 0
    0 255 242 0 255 184 38 0 255 255 255 255 0 193 255 0 255 0 0 42 255
    52 0 255 255 0 255 255 156 42 255 228 232 0 0 255 0 216 255 255 0
    255 255 249 0 0 0 255 0 158 143 255 103 0 255 0 255 0 255 0 255 0 0
    246 28 255 0 255 0 255 0 255 65 255 0 255 255 101 49 12 0 0 55 0 0 0
    255 0 0 255 255 255 153 0 255 255 255 0 113 0 255 255 0 0 255 70 255
    255 134 0 255 255 0 255 0 109 0 255 255 0 181 255 61 0 255 0 255 255
    255 0 0 0 0 255 0 255 255 78 0 255 255 255 0 0 255 0 255 255 255 94
    0 255 255 255 252 0 255 0 255 68 198 0 255 255 227 0 0 255 255 255
    255 0 255 0 106 73 0 204 255 11 0 0 68 255 0 0 0 247 255 255 0 24
    208 255 0 0 255 53 255 255 0 182 222 255 0 181 255 0 0 0 255 255 59
    39 255 255 0 9 0 255 0 102 0 255 0 255 255 255 255 255 255 0 255 0 0
    0 255 0 248 255 255 255 0 0 255 0 0 0 255 255 0 0 0 255 15 255 0 255
    255 76 0 0 0 255 255 255 0 255 0 255 255 235 255 0 255 73 255 0 255
    191 255 0 0 40 109 0 255 255 255 0 0 0 255 255 255 0 0 255 255 255 0
    123 255 0 255 255 255 0 0 0 0 255 85 255 255 0 0 0 0 255 255 255 255
    237 0 0 69 0 0 0 255 173 255 255 0 255 0 255 0 120 255 0 255 0 255
    255 255 255 0 0 0 255 255 255 0 0 0 0 255 228 0 0 117 133 255 163 0
    73 0 0 0 255 0 49 13 255 34 255 0 255 0 255 0 0 0 29 255 97 255 149
    255 0 255 207 255 0 0 255 0 255 62 255 191 255 123 235 0 0 189 255
    255 0 0 0 80 166 255 255 0 207 49 255 0 0 255 77 255 0 255 31 255
    255 255 255 0 0 0 0 0 255 255 0 255 255 139 0 0 0 155 0 255 189 255
    174 255 0 255 0 255 154 255 112 255 0 225 70 248 0 0 0 139 0 255 0
    255 255 0 0 0 0 255 255 255 0 0 0 0 255 255 255 126 0 0 3 9 255 255
    255 0 0 0 0 255 255 0 255 0 255 0 255 0 255 255 0 255 0 255 255 0
    255 255 0 255 0 0 255 255 33 0 255 250 0 255 0 255 39 255 0 112 0 0
    0 255 255 41 175 255 255 237 255 0 0 9 232 255 255 0 125 255 255 255
    0 0 0 0 0 255 30 255 0 255 255 255 0 255 0 0 0 0 255 187 0 0 0 255
    255 255 255 255 0 0 255 0 255 0 0 182 0 0 255 255 255 0 255 0 255
    255 198 17 0 165 255 0 255 0 119 0 255 255 255 56 247 0 255 0 0 255
    255 147 0 255 255 255 0 0 130 0 0 255 255 255 0 0 255 0 255 0 0 0 0
    255 97 255 0 0 255 209 255 0 0 255 255 70 0 62 255 255 255 55 0 0
    134 255 145 255 89 255 0 255 0 0 255 255 255 78 0 77 255 0 0 255 255
    26 0 0 255 255 255 255 0 0 199 255 255 0 10 0 243 255 0 230 0 255 91
    255 0 0 0 0 255 255 255 0 0 101 255 0 0 0 0 255 255 148 255 255 255
    0 255 0 0 0 255 255 0 0 0 0 0 255 255 255 124 0 0 255 0 41 3 0 255 0
    0 0 0 0 255 255 255 0 236 0 255 0 255 255 255 0 225 0 255 255 0 0 0
    255 255 255 0 0 255 133 149 0 159 255 117 206 255 0 222 0 0 0 0 255
    0 255 0 255 255 255 0 0 118 177 255 255 255 208 0 223 255 16 255 255
    255 255 96 0 255 0 255 0 255 255 255 0 0 0 0 0 85 255 0 0 0 141 0
    255 0 0 255 0 0 0 255 255 0 243 0 30 0 0 0 0 165 0 4 130 255 255 0
    255 255 255 0 0 0 0 251 255 0 0 0 41 255 0 255 255 0 0 127 255 255
    243 0 0 255 0 255 0 255 239 0 0 0 233 0 255 0 9 0 255 255 180 149
    255 0 0 0 116 255 0 255 0 255 255 254 255 0 124 147 255 0 255 0 18 0
    227 246 178 0 255 255 255 97 0 0 255 206 136 0 255 255 0 0 0 255 238
    255 0 228 0 255 0 255 60 255 0 255 124 0 255 0 0 255 255 255 255 0
    219 117 255 255 255 0 0 127 255 245 255 0 46 0 139 255 67 210 255 40
    0 0 225 255 0 74 255 0 0 0 255 255 0 200 0 255 0 0 255 0 255 0 255
    255 255 16 0 0 255 255 255 0 0 87 255 0 255 255 255 255 0 255 0 255
    0 0 200 255 0 255 9 0 255 255 0 0 0 99 127 255 0 255 255 255 0 0 0
    255 255 255 0 0 0 255 0 255 0 255 255 255 0 0 0 255 255 160 255 0 8
    0 255 0 255 255 255 255 0 255 0 0 0 255 255 255 255 255 187 0 230 0
    0 255 255 0 0 134 255 0 57 131 0 0 255 0 255 110 255 0 250 255 0 0
    255 255 0 0 255 0 163 0 254 255 198 255 0 0 35 223 0 0 255 255 255 0
    0 191 255 255 0 0 0 255 0 255 255 0 112 0 255 0 255 0 255 0 0 0 255
    0 255 255 255 255 242 0 0 0 255 255 0 113 0 255 0 255 255 204 0 99
    205 121 0 192 157 255 0 255 0 0 74 255 0 80 0 0 255 255 255 0 255
    255 0 142 255 255 0 0 0 0 255 255 255 0 255 60 255 59 255 103 0 124
    255 0 111 0 255 255 255 255 0 0 0 255 83 255 255 0 0 218 0 0 0 255 0
    0 41 0 255 255 255 180 0 0 255 110 0 0 55 167 255 255 255 255 0 255
    208 140 0 0 0 50 255 120 255 0 0 255 255 0 0 255 0 0 8 255 0 0 255
    220 255 255 0 0 0 0 0 0 255 255 255 255 0 0 0 67 0 0 0 0 38 255 255
    255 0 255 255 0 0 0 255 255 188 151 0 255 255 216 255 255 255 255
    255 255 0 0 0 0 0 255 0 199 0 255 0 255 0 255 93 0 174 0 154 18 0 0
    0 255 121 255 0 255 98 255 62 255 255 0 138 255 191 0 248 0 0 61 78
    73 255 247 255 137 255 255 255 0 255 0 0 255 255 255 104 255 0 255 0
    255 255 255 255 50 255 255 255 255 255 37 0 0 0 82 255 255 255 0 255
    0 29 169 88 255 0 46 0 108 0 255 0 255 255 36 0 255 112 255 0 0 255
    0 255 0 255 255 255 0 0 18 255 255 255 255 0 0 0 255 255 36 0 0 91 0
    0 0 0 0 0 0 255 178 0 0 0 255 0 140 255 255 242 0 68 0 255 0 87 255
    255 0 33 0 255 0 255 0 219 255 190 190 0 0 0 0 255 255 255 8 0 62
    255 255 255 0 0 0 0 255 0 85 0 0 0 255 255 246 0 0 255 255 0 255 28
    255 0 255 193 0 0 255 0 0 255 0 236 0 0 255 255 255 255 249 117 0 0
    255 5 255 0 134 0 255 255 255 241 255 0 255 0 255 0 0 0 0 255 255
    255 255 0 0 255 214 255 255 73 0 0 255 255 255 0 255 0 255 0 255 0
    255 0 255 0 0 109 255 255 255 255 0 0 0 255 255 0 255 255 217 255 0
    255 0 255 0 0 255 0 155 0 37 0 1 0 255 255 102 255 192 0 0 255 255 0
    255 66 64 0 0 0 0 0 255 0 0 255 255 50 0 0 255 255 0 21 0 255 0 91
    219 255 0 13 22 0 0 255 255 255 255 25 0 0 0 0 255 145 0 0 255 255
    255 0 255 0 255 0 255 0 255 0 0 0 31 0 255 0 255 255 255 0 0 59 0
    255 255 255 153 0 255 0 0 255 71 255 0 0 0 0 255 255 0 0 255 255 255
    0 255 0 0 244 0 255 0 0 55 255 255 0 186 0 255 255 255 0 255 255 0
    255 0 255 255 255 255 224 99 0 0 255 136 255 0 255 0 0 246 192 255 0
    255 0 0 58 255 255 0 0 255 255 255 0 0 0 0 155 0 0 0 0 255 38 255 0
    0 0 255 255 255 255 0 0 0 255 255 255 0 255 0 200 0 255 255 255 0 0
    0 255 67 0 0 0 0 0 255 255 255 0 255 139 255 255 0 83 0 0 255 255
    255 0 255 184 255 255 0 255 255 255 0 0 0 255 0 0 170 35 255 255 0
    64 255 77 255 255 54 255 0 255 255 255 0 196 0 0 255 0 255 0 255 255
    255 0 0 0 255 30 161 0 255 0 255 208 77 50 255 0 0 0 255 255 255 0
    210 200 0 0 0 255 255 255 255 255 255 255 85 0 255 0 255 255 255 106
    0 255 44 170 0 255 0 255 255 255 1 255 0 255 0 255 13 157 255 0 255
    0 0 0 140 255 255 3 255 255 0 0 255 0 24 255 255 255 0 0 0 255 0 78
    0 39 52 0 255 51 255 255 78 0 0 255 255 0 255 0 255 118 0 0 0 0 255
    11 0 0 0 198 0 228 0 0 0 0 255 255 168 255 158 67 0 255 0 255 165
    255 52 0 207 27 0 0 0 0 0 0 0 0 255 0 255 0 255 255 0 0 105 255 255
    0 255 255 0 188 0 255 199 0 0 255 0 38 0 255 0 219 255 0 255 0 0 0
    255 255 255 0 0 0 255 255 65 0 255 255 0 89 255 176 255 0 204 215
    152 255 255 0 245 255 255 0 0 255 0 205 124 255 4 0 45 255 0 0 0 255
    55 255 255 0 86 255 109 0 0 129 0 255 54 255 0 88 255 255 0 255 176
    255 83 247 0 255 187 0 0 142 255 255 0 242 79 255 255 0 86 0 0 255
    255 209 0 0 0 255 0 0 255 177 255 0 0 255 0 255 0 255 26 255 55 255
    37 0 0 255 0 253 0 0 0 255 0 255 255 110 0 255 0 0 203 255 255 3 0 0
    255 255 255 255 0 0 0 0 255 255 0 255 0 54 0 255 255 255 255 164 0 0
    0 255 255 255 0 0 255 255 255 255 192 105 0 255 255 255 255 0 255
    255 141 0 255 255 129 255 87 255 191 0 0 0 255 95 175 255 255 0 0 0
    0 255 255 183 0 255 255 0 255 0 194 0 255 0 255 0 255 147 69 255 255
    255 0 231 0 255 255 255 255 255 87 255 0 0 255 207 0 255 0 255 255
    255 255 0 129 0 234 255 255 0 0 255 64 255 0 255 255 255 255 0 0 255
    0 0 0 0 255 255 255 255 0 255 0 255 0 244 0 255 217 0 255 65 0 255
    34 0 255 227 255 255 0 0 242 255 0 106 0 255 94 255 0 0 30 255 0 255
    255 0 0 255 133 255 0 48 181 75 148 0 255 0 255 0 247 0 255 255 165
    214 0 200 0 255 255 0 194 0 62 255 78 255 0 255 0 255 0 255 116 0 20
    255 255 0 0 0 0 109 255 64 0 255 244 255 0 255 0 14 0 255 0 255 0
    255 255 31 0 0 0 255 0 255 255 255 255 94 0 0 0 255 255 255 0 255
    255 9 0 0 175 255 92 0 36 255 29 255 255 0 0 0 255 0 0 0 255 255 255
    143 0 0 0 0 255 117 0 0 0 255 185 255 0 255 0 0 0 255 255 255 0 255
    0 0 105 255 107 255 0 202 179 4 45 0 255 255 255 255 255 0 0 255 255
    255 255 0 255 0 0 141 0 255 255 255 255 0 255 0 27 0 255 0 110 255 0
    255 255 255 0 0 60 191 49 0 52 255 255 0 255 0 255 255 163 0 0 0 255
    255 255 255 255 255 0 255 0 23 255 234 255 77 255 0 157 255 255 164
    0 0 249 0 32 0 255 0 255 0 255 255 255 0 255 255 255 255 0 255 0 105
    0 0 74 255 255 0 255 0 76 0 0 0 234 255 0 184 255 255 255 0 0 0 255
    226 255 0 255 133 13 15 0 255 204 0 14 255 0 0 0 0 14 255 0 0 255
    255 0 120 0 255 255 255 0 0 0 255 255 255 175 233 255 0 3 0 100 0
    255 20 196 0 144 0 0 255 0 161 255 0 255 255 233 255 0 255 0 0 0 0
    255 255 255 0 0 0 0 255 149 82 194 255 255 255 255 0 0 0 0 0 255 0 0
    0 99 96 0 255 0 255 255 0 0 197 110 112 0 255 255 255 0 0 255 217 0
    255 255 255 0 0 0 255 173 86 20 0 0 180 206 255 0 99 255 255 0 0 0
    218 255 255 255 0 0 0 255 203 255 0 255 39 147 114 255 143 0 255 0 0
    32 176 255 255 0 0 255 134 255 0 0 0 255 255 0 255 0 255 0 255 255
    255 0 255 0 255 0 230 79 211 255 76 241 10 0 255 0 255 0 255 255 255
    144 0 0 255 0 255 0 255 255 255 0 255 44 255 0 0 242 255 53 255 141
    0 204 74 255 0 255 0 0 240 0 255 255 255 255 0 0 0 141 0 0 0 255 255
    105 90 255 42 255 255 62 255 0 255 87 255 192 255 18 255 255 0 0 255
    255 255 36 207 0 164 255 255 255 0 255 69 119 0 255 255 255 0 3 0
    240 255 255 255 0 15 0 255 255 73 255 255 4 0 253 0 255 0 255 0 255
    88 0 0 0 36 0 0 255 0 255 255 0 0 0 237 255 255 0 0 255 255 0 255 0
    40 0 255 0 0 255 0 255 219 255 105 0 255 255 255 78 0 255 0 255 0
    255 0 255 255 255 125 55 0 0 14 255 154 114 255 0 255 255 255 0 0 0
    255 145 0 255 0 0 88 68 74 255 255 0 237 0 0 0 220 176 255 0 255 255
    255 255 0 255 0 255 255 255 215 0 0 255 255 255 182 0 255 255 0 196
    255 255 0 0 0 57 255 127 255 0 0 255 255 255 0 255 0 255 0 255 255
    192 0 0 0 255 0 85 27 0 0 255 0 0 0 0 255 239 255 255 0 0 255 255 67
    0 0 255 0 255 0 255 255 209 0 163 255 32 0 0 0 255 255 149 255 0 0
    255 255 255 0 0 255 0 255 8 255 255 255 0 255 0 0 114 255 0 255 141
    255 0 217 204 255 0 255 0 0 236 0 255 255 255 255 0 0 255 255 255
    255 255 40 0 255 0 0 0 255 170 255 255 0 0 112 255 214 0 189 0 255 0
    255 255 124 221 0 0 98 255 255 0 255 0 255 0 255 0 255 241 57 0 255
    255 0 0 0 255 0 255 154 0 255 255 0 255 0 0 0 255 255 255 0 255 0 0
    0 0 255 0 70 1 255 0 248 76 112 135 253 129 89 0 124 255 255 167 0 0
    255 0 116 45 255 0 34 0 255 255 255 0 0 192 255 255 0 0 0 255 53 255
    0 178 0 255 0 255 255 255 0 0 0 255 0 0 255 51 0 0 255 18 82 0 0 255
    98 255 0 255 0 0 255 37 215 0 0 146 255 0 0 255 226 255 0 96 112 0
    255 0 152 255 255 255 255 255 0 255 0 255 0 255 42 0 255 190 0 0 0
    255 255 0 0 0 0 255 0 255 2 209 0 232 0 217 255 255 255 255 0 0 0 0
    130 255 255 0 255 255 255 255 0 255 94 255 255 255 0 42 23 255 0 0
    255 0 255 0 0 255 155 255 0 255 255 0 0 238 255 0 255 255 255 0 255
    0 255 249 255 0 0 255 255 0 0 226 80 255 28 255 218 0 255 255 255 0
    0 0 135 210 255 0 0 0 61 210 255 0 0 0 223 255 25 255 80 255 0 255 0
    0 0 255 255 255 0 211 0 255 255 255 30 0 255 255 255 6 0 255 255 58
    0 0 240 0 0 255 0 255 255 0 0 0 255 255 0 238 0 255 255 255 0 0 0
    168 255 255 255 235 0 0 0 255 255 255 255 255 0 0 0 255 0 0 0 255
    255 86 118 0 0 255 79 255 0 0 255 255 246 210 0 255 255 0 144 0 255
    0 222 0 255 0 0 0 255 0 110 255 255 0 255 255 133 255 0 255 0 255
    255 0 255 208 0 0 0 0 0 0 0 255 117 255 255 30 0 0 255 0 0 0 255 255
    26 0 0 0 255 0 255 0 255 0 0 0 0 255 0 255 0 251 255 255 0 0 255 0
    255 0 0 255 0 0 0 0 255 255 62 0 0 11 0 225 0 255 0 255 0 255 0 255
    0 0 0 0 255 255 91 255 255 0 255 0 0 0 255 0 0 0 255 255 255 0 255
    255 255 255 71 255 0 140 165 255 0 0 0 3 0 255 0 0 59 0 255 0 255
    183 255 0 188 0 0 255 255 0 0 0 0 0 185 255 255 255 0 0 0 108 255
    175 0 59 0 255 255 255 0 0 0 8 255 0 0 67 255 0 0 0 255 255 253 255
    0 255 81 255 0 0 255 255 255 0 0 0 255 255 0 219 0 0 0 255 79 101 0
    255 255 255 88 0 255 218 255 62 0 94 255 0 16 0 255 255 36 0 255 0
    255 255 255 0 155 0 0 238 255 105 0 255 0 255 0 0 255 255 255 255 0
    0 255 0 0 0 255 250 255 0 100 0 4 0 105 255 255 255 255 0 0 0 255
    255 255 0 0 0 255 255 0 0 255 255 0 248 0 0 125 0 0 0 91 108 255 255
    255 0 0 0 255 0 0 0 190 222 65 255 226 0 0 56 224 138 177 47 255 0
    255 229 103 255 0 255 255 0 255 0 0 0 0 0 255 255 0 0 255 191 177 0
    255 0 91 255 255 247 0 255 255 255 214 255 0 80 0 255 0 255 0 0 131
    255 255 255 0 255 0 128 0 120 0 0 185 0 255 255 0 0 0 0 101 0 0 0
    155 255 0 22 0 255 121 0 0 0 149 255 0 0 0 0 255 0 255 255 0 255 233
    129 0 255 255 255 255 0 0 107 255 101 0 0 0 42 0 0 255 0 11 0 255 80
    0 255 0 0 255 39 0 255 110 0 255 0 193 255 255 0 0 255 255 0 0 255
    255 146 255 0 255 255 255 255 200 0 0 0 255 255 175 255 90 0 0 255 0
    255 0 255 255 0 255 0 255 126 255 205 0 0 9 140 0 255 255 255 0 255
    0 255 0 255 0 255 0 122 215 0 255 123 255 0 0 0 255 255 0 0 66 0 69
    0 66 255 255 0 0 232 255 255 255 0 0 255 255 255 0 0 255 255 176 0 0
    0 0 255 255 255 0 0 0 63 0 127 255 255 255 0 255 255 31 255 0 0 255
    0 114 0 255 0 255 0 223 134 255 0 0 87 0 255 0 213 0 255 0 255 0 255
    255 91 255 0 0 113 255 255 0 0 239 0 255 0 0 0 255 255 0 255 255 255
    0 0 255 0 0 255 68 0 186 0 255 189 0 255 255 255 255 100 255 255 159
    41 0 255 255 255 0 0 255 255 255 0 0 255 255 255 255 0 0 255 255 12
    0 0 0 255 0 0 24 0 156 255 0 0 0 0 0 255 255 255 0 0 88 157 255 255
    0 255 120 255 255 0 0 0 241 255 255 255 38 255 150 0 0 208 255 255
    255 122 0 0 43 187 255 0 99 0 255 0 0 0 255 0 255 255 0 0 255 20 0
    255 255 255 0 0 255 255 0 255 0 0 255 0 0 0 133 121 255 255 0 255
    255 255 0 255 0 255 255 255 0 0 255 0 200 183 255 255 0 0 0 255 0
    255 0 255 0 255 0 234 255 255 255 245 255 0 187 0 0 255 0 255 255
    255 255 208 0 0 0 0 255 0 255 0 6 0 0 0 255 255 0 0 0 255 184 255 0
    255 255 255 255 0 0 0 61 255 0 255 0 0 0 0 151 167 0 0 255 0 255 255
    255 0 0 255 255 255 0 0 0 255 0 255 255 255 255 255 255 0 162 0 255
    255 255 0 0 255 255 255 255 0 0 0 255 125 255 255 0 255 255 255 255
    255 0 0 0 0 0 0 255 255 0 0 255 80 246 255 0 0 255 0 152 0 235 255 0
    84 0 0 255 255 137 0 255 255 0 235 255 255 0 255 0 255 0 255 0 0 251
    255 0 0 0 0 0 255 255 255 0 255 3 0 0 255 255 92 130 255 255 0 255
    255 255 255 166 0 255 0 255 0 0 189 255 255 255 0 84 0 122 0 255 255
    0 255 0 0 255 0 0 0 0 164 255 245 255 0 0 0 255 255 0 0 0 255 255
    255 255 0 0 0 255 255 117 0 255 0 0 255 26 255 0 0 255 0 0 255 255 0
    0 255 107 0 119 255 135 255 130 0 255 255 255 255 0 0 0 0 255 255 71
    255 0 95 255 172 0 0 123 0 255 250 255 0 0 0 255 255 255 255 0 0 163
    122 202 0 0 111 255 255 109 0 0 0 29 162 255 255 255 255 0 0 255 255
    0 0 255 232 0 255 225 0 0 0 255 126 148 255 255 201 66 164 255 0 0
    255 255 0 0 255 255 107 0 220 10 221 255 255 255 0 0 0 19 255 0 255
    9 86 0 0 255 105 0 0 0 0 0 208 231 76 255 0 255 0 255 0 255 117 255
    53 255 0 255 0 255 0 244 0 0 255 255 255 255 0 255 103 255 199 255
    255 0 255 12 255 255 255 0 117 0 255 255 255 0 0 222 255 3 255 0 0 0
    255 255 0 0 0 0 0 255 0 134 69 255 255 101 255 0 255 112 255 0 255 0
    255 255 0 0 0 0 255 255 255 0 255 255 155 101 87 0 0 255 139 255 255
    255 255 255 255 0 0 0 255 0 0 0 255 0 255 0 255 0 255 0 255 0 201
    215 255 0 0 255 0 255 5 255 0 0 222 255 0 0 0 255 255 0 255 0 75 255
    255 255 0 0 255 255 61 255 0 0 74 255 255 0 0 255 255 255 0 0 0 0
    198 138 255 255 255 228 254 185 0 255 0 255 0 0 255 255 0 0 0 255
    255 0 255 0 191 0 255 165 255 255 255 0 255 213 0 110 0 255 0 0 255
    0 200 0 0 255 0 0 255 255 255 0 0 255 0 0 24 255 255 0 83 255 0 255
    69 255 251 206 0 255 255 255 0 0 80 255 0 255 0 255 0 255 255 232 0
    0 41 255 255 255 146 0 0 0 255 0 255 0 255 0 255 244 255 157 255 200
    0 255 170 255 255 0 0 0 11 255 0 0 0 255 0 255 0 255 0 0 255 255 0
    255 0 0 99 0 37 255 255 0 88 255 255 0 154 138 170 255 255 0 0 255
    133 0 0 0 0 255 255 255 0 255 0 255 105 0 0 255 36 255 0 0 255 255
    255 58 0 12 0 0 0 0 100 255 255 0 101 0 154 255 0 214 0 255 0 255
    255 0 0 0 255 255 199 0 255 0 0 0 255 255 153 255 0 255 255 0 0 255
    0 84 0 255 255 0 75 0 255 0 255 189 0 0 255 195 255 255 255 0 0 0 0
    255 241 0 255 255 227 0 0 255 102 237 64 0 255 0 234 0 0 255 255 255
    0 255 130 255 0 0 0 255 80 255 255 0 0 0 255 0 255 0 255 255 0 221
    32 0 0 255 224 255 0 255 0 0 255 115 0 234 0 255 143 18 255 0 255
    255 0 145 255 255 0 216 0 255 230 77 0 0 0 255 255 0 255 0 173 0 255
    125 0 64 255 255 0 0 0 0 0 248 255 27 255 0 0 255 255 0 39 0 255 255
    83 0 0 255 0 255 255 255 91 255 0 255 22 0 255 125 255 255 0 255 0 0
    255 255 0 0 1 0 255 0 255 0 0 0 255 153 0 255 0 255 0 255 0 255 194
    0 255 255 0 0 124 255 238 149 0 192 255 187 0 0 255 251 255 210 255
    132 0 24 255 0 255 255 29 204 0 0 126 238 255 186 255 0 79 0 255 0
    255 0 255 251 237 0 255 255 255 0 255 0 255 255 0 255 255 0 255 0
    255 255 255 255 255 86 255 255 0 0 255 255 255 0 0 0 0 0 179 0 255
    255 255 67 255 255 255 0 255 0 255 0 111 0 0 19 255 0 0 87 0 255 72
    255 0 0 0 255 0 0 0 255 0 0 0 255 255 0 255 27 0 0 255 46 255 0 255
    0 0 117 255 255 0 0 255 255 255 0 0 0 0 0 255 243 255 255 108 255
    255 189 0 13 0 255 255 52 0 255 255 255 0 0 0 0 255 255 255 0 0 0 0
    255 0 255 0 0 0 0 255 255 255 21 19 255 255 207 84 183 0 0 255 255
    255 255 0 255 0 122 0 23 29 95 255 66 0 0 255 255 255 255 0 0 255 68
    255 0 0 0 178 255 29 73 0 0 255 255 142 136 109 0 255 255 255 0 213
    233 255 163 255 0 120 0 0 255 193 0 0 251 249 3 252 255 0 255 255
    255 0 255 255 255 0 0 31 0 0 255 106 33 56 255 255 255 0 0 0 148 255
    255 80 0 0 255 0 255 0 0 66 255 255 0 255 255 0 255 83 255 0 0 255
    255 255 0 0 255 255 0 0 255 0 255 0 255 0 240 255 255 255 0 0 0 0
    255 255 255 16 0 255 41 255 255 255 0 0 0 96 170 234 255 0 255 128
    255 0 145 255 0 0 0 163 255 0 0 0 255 78 152 0 0 184 255 255 165 255
    0 0 255 255 0 0 0 255 255 255 255 181 255 0 0 0 255 0 0 0 0 255 27 0
    255 0 255 105 0 193 239 0 221 0 0 0 255 255 255 133 0 0 255 147 255
    216 255 255 0 123 255 255 255 212 128 35 0 0 0 118 0 57 130 0 0 255
    255 229 0 0 255 255 0 0 255 255 255 255 0 255 88 110 0 255 255 0 0
    213 65 255 0 255 0 0 255 143 255 0 0 255 0 255 255 0 255 0 255 100
    255 157 255 255 0 255 207 255 0 255 0 0 255 0 255 255 128 0 0 255
    255 255 241 255 0 0 255 255 255 0 0 0 255 255 57 255 174 0 0 0 255
    255 0 255 228 255 0 0 0 0 255 255 255 255 255 0 248 255 67 0 239 48
    255 0 0 18 255 255 0 255 255 255 255 0 0 255 105 255 0 18 170 0 32
    177 0 0 255 255 255 42 0 0 255 255 0 0 0 255 255 0 230 95 127 255
    255 185 255 255 255 0 0 0 143 255 255 255 255 255 0 255 0 66 0 0 255
    255 255 0 255 0 255 0 79 0 0 107 0 255 134 0 0 255 255 0 255 0 0 0
    255 255 237 34 0 126 0 27 255 255 255 255 7 0 0 0 255 255 255 255
    255 0 0 0 12 0 255 255 255 16 255 0 255 0 255 140 0 0 255 157 0 0 0
    24 45 255 0 0 161 255 0 255 0 0 0 0 255 1 0 221 0 255 255 91 0 40 0
    255 255 255 0 217 255 255 255 43 255 0 169 255 0 255 82 47 0 255 255
    255 0 255 255 0 14 255 255 0 0 0 255 255 255 0 0 0 0 255 255 255 0 0
    150 0 0 87 0 0 181 255 255 255 31 255 0 255 0 255 0 255 0 191 0 255
    255 255 39 255 255 0 0 255 255 255 0 22 255 153 26 255 255 255 62 0
    0 0 0 185 255 255 0 3 255 255 255 0 0 255 110 0 0 0 255 214 0 199 0
    255 0 255 0 0 0 255 255 0 113 0 255 90 255 0 255 0 28 0 255 255 255
    0 0 0 255 255 0 0 0 255 255 255 108 255 212 255 0 0 131 0 0 255 0 0
    0 255 255 0 255 255 255 255 255 0 0 0 255 255 255 0 255 0 0 0 0 0
    126 0 255 0 255 255 0 255 231 255 0 255 255 0 255 0 255 255 0 0 255
    255 0 0 255 255 0 255 0 156 0 0 0 255 255 255 0 0 233 255 76 0 255
    47 255 255 255 0 0 0 23 0 0 0 0 255 78 255 0 255 0 0 0 255 0 0 255
    255 255 255 255 0 241 0 255 0 255 255 255 19 255 0 27 0 221 82 0 0 0
    0 7 62 255 255 0 0 255 0 29 255 160 90 0 70 255 255 148 0 0 0 0 255
    255 255 0 0 255 255 0 90 51 169 137 0 255 0 152 255 255 0 243 255 0
    180 0 255 255 0 0 0 255 255 255 255 139 40 0 255 0 0 89 0 255 180
    255 160 255 0 0 161 0 255 255 128 255 0 10 0 255 0 173 0 255 255 255
    0 0 119 255 240 255 0 0 0 97 150 61 213 0 255 0 255 255 255 0 131
    255 0 0 255 0 80 0 0 255 0 0 0 255 0 0 0 0 255 255 255 219 255 147 0
    255 255 255 0 0 255 0 0 255 255 0 46 0 173 255 255 0 0 159 255 255 0
    255 0 0 0 0 0 0 255 0 255 0 0 0 0 255 255 255 255 255 0 0 255 255 0
    0 0 255 255 0 180 0 255 255 255 169 0 255 255 0 0 0 0 255 216 0 49
    255 255 255 0 0 0 255 255 0 0 255 186 0 0 255 255 0 255 255 0 255 0
    232 0 132 0 7 227 255 0 0 0 170 0 255 38 255 0 0 255 136 227 51 255
    0 255 157 255 255 0 0 255 184 255 255 135 0 211 0 121 210 255 255
    255 121 255 0 0 0 255 0 255 255 255 0 255 0 255 0 255 255 255 0 66
    255 255 0 0 0 255 71 255 255 0 255 0 0 0 255 0 255 255 0 38 0 90 255
    255 255 31 0 0 255 44 255 0 0 52 0 0 255 190 255 0 112 0 255 255 255
    146 0 0 255 133 255 0 255 255 28 0 0 0 0 255 23 255 40 255 255 14 0
    93 0 255 255 255 255 0 0 36 176 0 255 238 255 0 255 75 253 0 213 0
    255 0 255 255 66 229 0 255 255 255 0 255 236 255 0 0 0 255 255 255
    255 219 0 255 255 51 255 255 255 255 255 0 100 0 0 255 46 255 206
    255 0 255 0 56 7 255 163 255 0 215 0 0 0 255 255 85 0 255 255 140
    255 0 206 253 65 255 255 255 0 0 255 86 255 255 255 255 0 0 0 255 0
    0 27 115 255 0 0 0 196 0 255 0 114 0 255 0 255 179 255 255 0 0 255
    255 255 255 255 255 0 255 0 67 168 255 255 0 0 0 0 255 255 218 0 255
    255 0 233 0 255 255 0 0 2 255 255 0 45 0 0 255 0 143 255 255 255 0
    255 0 0 0 255 0 10 0 255 0 255 0 0 255 0 255 0 255 255 255 0 255 255
    255 255 0 0 0 0 255 0 255 66 255 255 255 255 0 0 39 0 255 0 0 255
    255 255 0 0 106 255 0 0 0 255 255 255 66 119 61 0 255 0 255 0 169 0
    131 0 19 0 21 255 255 255 0 0 255 0 255 255 26 0 86 255 255 255 255
    154 121 200 255 255 255 0 0 255 255 255 255 255 255 171 0 0 255 125
    0 0 169 255 0 255 255 255 0 255 0 255 0 0 0 0 255 255 62 0 0 0 0 255
    0 0 255 0 255 0 255 255 255 255 0 0 255 145 255 0 0 67 255 0 106 255
    0 232 25 0 255 255 255 0 255 0 255 0 255 70 132 0 0 0 255 255 0 0 37
    0 255 0 255 139 0 0 255 255 0 0 0 255 95 255 0 185 52 255 0 59 0 255
    255 0 0 0 255 255 0 0 0 0 255 255 255 255 0 0 0 255 0 255 0 255 11 0
    255 255 0 0 255 255 63 90 0 0 0 217 255 0 255 0 255 255 255 0 255 58
    125 230 102 0 255 0 255 0 255 0 0 0 0 0 255 255 0 0 165 255 0 255
    255 146 38 0 0 255 255 255 0 255 255 255 0 201 255 255 0 0 147 0 255
    255 171 255 255 190 255 0 125 0 0 0 0 0 0 255 255 255 0 232 0 255
    202 6 255 83 0 0 0 239 67 255 255 0 255 236 0 255 255 255 0 0 255 0
    255 182 255 255 255 255 24 0 58 255 240 255 255 0 255 0 137 0 55 0 0
    0 255 255 96 0 0 42 0 255 0 255 255 255 0 186 255 255 113 0 255 0
    255 255 0 0 255 1 7 255 255 0 255 0 61 255 255 21 255 255 0 0 255 0
    255 0 255 0 255 0 255 70 255 0 255 255 255 45 0 255 0 255 19 140 255
    255 255 0 0 3 0 255 0 0 0 219 0 0 1 244 0 255 0 255 255 0 0 147 0 0
    0 23 9 255 186 0 73 255 194 255 0 221 0 255 0 0 0 255 0 255 227 255
    255 0 246 0 97 0 255 255 0 0 255 255 0 255 167 255 0 30 255 255 255
    255 40 0 0 254 255 255 255 0 0 255 255 255 0 37 119 255 0 0 0 234
    255 12 255 0 255 0 255 0 255 0 0 0 255 99 198 255 0 0 0 255 63 0 0 0
    186 255 0 255 0 0 0 255 255 255 0 0 172 0 255 0 255 0 0 0 255 255 0
    255 255 255 245 169 0 0 0 255 25 255 255 255 0 255 0 255 0 0 0 0 0
    255 255 255 0 35 255 47 0 0 0 255 255 0 132 0 61 255 255 0 0 0 255
    255 134 53 215 255 152 0 255 0 0 255 50 255 0 255 255 0 0 0 255 20
    255 0 163 143 255 0 66 0 255 80 0 0 0 0 255 0 255 0 255 0 0 150 255
    255 255 0 0 0 0 0 255 0 0 0 83 255 255 255 255 124 0 0 0 0 0 255 0
    255 11 255 71 90 0 255 255 255 22 255 0 255 255 255 255 66 176 0 0 0
    0 255 255 255 0 255 255 255 77 0 0 255 255 255 255 249 255 255 8 0 0
    0 0 0 255 255 255 0 49 0 255 230 255 92 179 0 0 177 255 255 255 0 0
    255 255 0 0 0 255 255 255 255 255 255 255 255 255 255 255 0 0 0 0 0
    255 255 0 0 173 73 255 83 255 0 231 0 255 252 0 148 28 196 255 0 0
    255 0 223 0 255 255 255 0 0 255 0 255 255 255 211 0 0 255 75 0 0 0 0
    255 0 255 255 255 0 0 0 0 0 255 235 255 181 252 255 5 255 0 134 0
    255 255 255 0 0 255 0 255 0 0 255 207 76 255 0 255 255 186 255 0 255
    0 255 255 135 255 0 0 0 255 22 255 255 255 255 255 255 118 0 0 255 0
    0 0 0 26 31 0 255 255 0 0 0 181 0 255 250 130 22 255 41 0 0 255 255
    255 0 216 255 153 0 0 0 255 255 255 255 0 0 0 255 0 255 0 255 255
    255 0 225 105 0 255 255 255 0 0 0 255 255 0 0 0 0 0 255 255 85 72
    154 255 0 255 0 255 0 0 128 111 0 255 0 255 118 255 83 255 20 255 17
    0 255 0 255 0 255 255 85 0 247 0 164 0 255 0 255 255 255 0 191 0 255
    255 255 0 43 255 64 255 0 255 149 255 0 0 0 255 255 255 0 0 0 255
    255 255 0 175 255 255 0 0 0 255 75 0 0 255 255 255 0 255 255 0 255 0
    255 195 0 255 255 255 14 1 255 0 255 69 255 0 0 255 255 255 255 0 0
    80 255 0 255 72 255 59 255 255 255 0 255 0 255 0 0 0 255 255 0 0 0
    255 239 181 255 0 0 0 12 0 255 116 165 0 255 255 255 255 255 81 0 0
    0 255 0 255 141 255 255 255 0 221 255 0 0 0 255 63 255 0 36 255 255
    199 0 241 221 255 255 0 202 255 0 0 0 255 255 255 0 176 150 0 130 62
    0 255 255 255 0 255 255 255 9 255 255 255 0 255 0 255 0 0 255 255 0
    0 0 255 130 67 255 0 255 0 0 0 255 102 0 0 0 255 255 255 225 0 0 255
    255 5 0 0 255 0 255 255 255 0 0 255 185 255 0 72 0 255 255 201 0 211
    0 116 255 102 0 0 39 0 255 0 255 255 255 255 0 0 255 183 228 148 0
    215 46 122 0 255 67 255 253 255 255 255 0 0 0 0 255 255 25 0 164 0
    55 78 255 144 255 0 255 0 0 0 255 0 255 158 174 255 126 0 255 204 0
    0 0 255 167 235 0 0 255 255 255 43 0 255 0 0 0 0 255 63 148 0 0 0
    207 0 255 0 255 255 156 56 255 0 255 0 0 255 255 0 178 134 0 248 255
    65 255 0 255 1 0 14 255 255 0 255 0 224 0 255 43 0 0 255 137 255 0 0
    255 255 255 0 255 255 255 0 255 0 255 0 255 0 213 198 0 255 0 255 67
    255 162 255 255 255 0 40 255 255 0 255 255 21 255 255 0 0 0 255 0
    255 0 255 255 25 71 0 0 0 255 255 0 0 0 0 255 19 0 255 223 0 59 0 0
    0 0 255 161 255 0 255 255 0 0 0 51 255 22 0 255 255 0 0 0 255 255 0
    0 152 151 0 255 0 255 255 255 0 148 0 33 255 255 255 255 2 255 2 255
    0 0 0 0 0 0 195 255 255 0 214 255 255 0 0 255 0 255 0 255 0 0 114 0
    255 0 255 229 92 255 0 0 255 255 255 0 25 10 244 0 0 195 255 0 0 0
    255 0 154 255 33 0 0 255 255 255 116 0 0 166 0 255 20 255 0 0 0 102
    0 255 255 0 10 0 0 255 255 255 0 0 0 255 0 255 255 0 0 255 255 255 0
    215 250 255 255 34 255 0 255 255 255 255 0 0 0 177 255 0 0 0 0 255
    255 0 144 255 255 255 0 0 255 46 255 0 104 0 255 0 255 142 255 0 0 0
    255 45 227 255 230 255 255 255 118 255 0 0 255 255 126 255 31 0 5 20
    255 197 0 0 30 255 255 166 255 178 255 0 255 235 0 0 255 255 255 0 0
    255 0 0 0 255 255 0 48 0 71 17 255 255 50 0 0 0 255 0 0 0 0 22 0 255
    255 255 0 0 0 255 52 255 0 255 0 255 47 4 0 187 0 60 255 0 255 0 0 0
    255 255 255 0 0 255 0 0 142 24 0 21 255 255 0 0 149 255 255 255 255
    0 0 0 0 255 255 255 0 0 255 172 20 255 228 255 0 0 0 0 255 255 0 228
    0 0 255 0 255 255 103 0 73 0 255 0 0 0 255 255 0 201 255 255 0 255
    29 0 255 0 8 0 255 0 255 211 0 0 255 255 255 0 0 102 255 0 26 0 255
    0 255 255 255 255 255 255 142 0 0 0 0 255 50 74 0 255 0 0 0 255 104
    255 0 170 0 0 255 88 255 0 255 255 255 255 0 255 0 255 84 255 255 0
    0 0 255 255 255 0 0 145 255 255 255 0 255 0 0 0 0 0 0 0 255 107 255
    187 255 255 181 0 0 0 0 0 0 0 255 170 255 0 0 0 0 255 100 255 0 255
    0 0 0 0 255 175 255 255 255 0 235 0 0 255 0 0 0 42 255 255 0 0 0 186
    0 0 0 255 0 0 255 255 255 0 255 31 255 0 0 154 55 0 255 255 0 255 0
    0 0 0 44 169 255 0 255 255 255 63 255 222 0 255 255 0 13 0 0 255 0
    255 255 255 0 152 255 255 0 0 0 255 152 102 121 255 0 0 0 0 255 0
    255 255 255 255 131 13 0 255 0 0 0 6 255 117 0 255 255 255 152 0 0
    30 0 255 255 0 111 255 255 255 0 255 208 255 255 255 0 0 255 255 255
    110 0 0 86 0 0 101 255 255 0 255 255 0 255 0 255 255 255 0 0 255 0
    255 0 0 244 21 255 0 186 0 255 0 255 0 0 0 255 255 255 0 0 223 0 255
    0 255 255 255 180 41 0 0 255 255 255 0 24 255 255 255 255 254 255 0
    0 255 0 255 0 255 255 255 255 24 0 0 0 151 0 255 255 39 255 255 0 0
    0 255 255 0 239 0 255 255 20 0 150 0 235 0 0 79 255 255 0 255 193
    255 255 0 0 255 255 255 165 255 0 255 216 0 0 0 0 255 255 0 255 197
    0 255 0 212 0 255 255 233 255 0 255 0 0 0 0 0 0 248 0 255 0 255 0 0
    255 10 0 0 0 0 97 255 255 255 2 74 50 255 0 255 0 255 255 0 255 0
    255 255 0 0 255 87 0 0 255 255 255 202 255 0 106 252 0 255 83 255 0
    255 0 255 222 0 0 0 0 255 255 255 10 255 255 255 179 0 0 136 255 51
    0 0 255 218 0 0 0 0 255 0 196 0 255 255 255 255 0 0 255 255 255 255
    255 255 232 0 0 255 0 0 0 100 255 239 255 0 0 0 255 0 255 189 255 0
    83 107 255 0 0 255 0 255 0 255 242 0 175 29 0 0 255 255 255 160 0
    136 0 0 0 255 255 255 211 66 0 133 162 0 0 255 1 255 255 255 25 0
    255 255 255 255 0 112 67 255 0 0 98 255 45 255 0 255 99 255 255 0
    255 0 12 255 0 255 157 255 0 255 0 255 255 0 255 44 255 239 0 255
    255 255 34 0 0 122 255 255 0 68 223 37 0 0 255 255 144 0 255 0 99
    255 255 255 255 0 255 13 251 0 255 255 255 0 249 255 255 0 0 125 255
    0 255 151 255 0 0 167 135 255 0 90 0 255 0 86 0 255 0 255 0 255 0 0
    0 0 0 255 255 0 255 84 255 0 255 255 201 255 0 255 0 0 223 255 0 0 0
    255 253 64 189 255 0 0 255 255 255 0 61 0 255 0 255 255 255 0 0 255
    0 170 0 255 255 255 218 0 0 0 0 255 255 255 255 197 255 0 0 0 255 0
    255 0 69 255 255 132 0 255 255 0 255 0 0 123 255 0 0 221 255 0 0 6
    255 255 0 255 255 0 255 0 255 50 0 255 0 0 0 255 0 0 255 89 255 0
    255 0 0 165 0 255 0 255 0 255 210 255 255 201 255 255 207 0 0 0 0
    255 255 115 3 249 255 8 255 114 61 255 0 255 0 0 0 0 255 255 255 0
    255 0 0 0 0 255 255 255 255 0 0 255 255 229 255 255 0 255 0 0 0 255
    0 0 0 255 255 157 0 213 152 0 255 0 232 255 0 255 255 0 118 0 0 0
    255 255 255 0 255 0 25 171 255 200 0 0 0 0 0 255 255 255 0 0 255 0 0
    0 255 180 255 255 255 0 0 0 0 0 255 255 0 255 0 255 0 255 0 174 255
    255 255 0 0 0 255 0 183 167 255 255 0 255 59 27 65 255 255 255 0 71
    0 0 0 255 255 255 255 231 0 255 0 255 0 244 195 255 255 147 0 0 0
    255 255 0 255 201 0 255 176 255 0 255 255 255 255 0 0 0 255 25 214
    255 255 0 0 255 255 255 0 255 255 0 255 255 255 0 0 255 0 216 0 0
    255 255 0 0 255 0 255 64 255 0 255 0 0 0 125 0 138 73 255 255 120 0
    0 0 255 255 216 0 0 255 0 255 0 164 0 255 0 255 255 255 255 255 255
    0 0 0 62 255 255 255 0 0 0 215 255 0 225 0 255 237 250 255 216 255 0
    0 0 86 255 255 0 255 129 4 234 255 0 0 0 255 255 255 255 0 201 0 0
    255 186 0 0 231 255 255 0 0 0 255 255 97 0 28 134 0 168 152 0 58 0
    255 255 0 255 255 255 109 255 0 0 0 255 146 154 255 218 255 0 146 0
    255 0 0 0 255 0 255 255 75 255 0 0 157 220 255 255 129 0 255 113 16
    219 255 0 0 0 215 0 255 39 255 255 0 0 0 255 255 255 0 0 0 255 0 0 0
    0 0 255 255 255 0 255 106 255 228 152 0 255 153 255 255 0 3 255 255
    255 255 255 94 0 159 255 255 0 0 255 0 0 255 255 0 0 255 0 149 255
    255 0 0 255 89 0 0 115 0 0 255 255 255 0 0 0 84 106 255 255 0 0 255
    199 255 0 37 255 0 0 0 255 0 0 233 255 255 0 255 0 255 0 255 0 255
    33 0 255 255 64 0 0 255 255 0 255 107 255 0 255 149 92 0 0 255 255 0
    0 87 0 255 0 255 0 255 0 255 0 0 0 0 165 0 0 0 255 255 255 19 255 0
    0 0 255 255 255 255 0 0 0 0 255 0 255 0 255 0 255 0 0 0 255 255 255
    34 0 255 0 0 0 111 0 0 255 255 0 0 0 87 255 0 201 0 255 255 255 255
    0 87 255 0 31 79 105 30 0 0 0 96 255 19 133 0 0 0 255 255 255 125 0
    0 0 0 237 0 218 0 0 255 88 255 0 195 255 255 57 0 0 255 0 255 127
    255 0 0 0 106 56 17 0 0 0 255 252 0 159 0 255 36 0 0 0 255 0 255 255
    0 103 192 255 0 195 255 0 225 91 255 255 214 50 255 0 0 221 255 255
    118 0 255 0 255 106 255 255 255 0 0 0 255 0 255 205 0 255 255 219 0
    0 113 255 133 255 0 255 255 139 0 0 255 0 0 0 0 255 255 255 255 226
    0 0 152 128 0 255 0 186 0 255 0 255 252 255 255 87 0 255 0 245 0 0
    255 6 255 255 0 20 0 255 29 210 0 255 0 0 69 0 255 0 255 0 0 0 255
    255 54 147 219 0 0 0 90 31 255 255 255 0 0 0 255 255 0 255 188 255
    255 255 0 0 0 121 255 255 0 0 103 0 255 0 255 0 255 0 255 0 255 255
    174 0 255 255 95 0 234 0 138 0 0 81 255 0 114 192 134 255 255 0 0 0
    255 255 255 21 255 37 255 0 0 255 0 255 255 255 255 158 0 0 0 255
    255 0 0 227 246 255 0 255 0 133 0 255 255 0 0 0 255 255 255 0 0 0
    255 255 255 235 255 0 255 0 255 0 255 255 0 0 0 6 226 255 0 255 10
    26 179 255 255 0 99 0 50 0 255 0 255 0 255 255 255 233 0 0 0 1 255
    255 255 0 0 0 255 0 255 0 140 0 255 255 255 0 0 255 255 255 0 0 0 0
    255 0 0 0 255 95 255 0 255 255 116 0 0 13 212 255 0 188 255 0 0 137
    255 255 255 255 255 0 255 255 0 0 0 0 0 255 255 192 0 0 255 0 255
    255 100 255 218 222 8 255 255 0 0 0 48 0 255 0 227 0 248 255 255 255
    0 186 0 255 88 0 87 0 255 0 255 0 255 0 255 0 0 0 255 255 219 0 255
    23 255 0 0 0 255 255 255 0 0 255 255 255 0 0 0 255 255 49 109 255
    255 0 212 255 255 79 255 6 0 255 255 255 255 61 255 0 11 0 255 255
    255 255 0 0 21 0 0 0 0 255 255 255 0 24 0 255 255 0 0 0 0 0 255 0
    171 255 255 255 255 18 0 110 0 255 255 238 0 0 255 255 95 0 0 255
    255 255 0 255 0 245 47 118 158 255 255 0 255 153 255 48 232 221 255
    21 255 0 255 0 255 0 255 243 79 64 0 255 0 0 0 255 255 255 0 255 0
    255 0 255 0 0 85 0 255 255 223 45 0 183 255 255 224 255 52 0 0 0 255
    33 255 188 255 255 0 0 0 255 212 0 0 255 255 255 0 255 0 0 0 0 0 102
    255 255 201 0 0 0 255 255 255 255 0 255 0 255 255 0 113 0 255 0 0
    255 0 255 255 0 153 0 0 255 255 255 89 0 93 255 255 72 0 0 255 255
    255 0 255 255 255 255 255 184 239 0 0 255 255 255 0 255 0 255 0 111
    0 255 196 255 0 255 0 255 0 255 255 30 0 255 0 177 0 0 0 255 255 61
    0 255 202 255 0 228 0 0 0 255 255 255 0 255 0 0 0 175 250 255 0 255
    255 255 255 0 0 0 255 255 83 255 255 0 255 0 255 255 255 0 255 217
    124 0 115 255 201 255 255 255 255 0 0 0 255 255 0 255 140 255 0 255
    0 255 58 255 3 255 50 255 255 0 255 145 255 0 28 0 255 0 255 112 0 0
    255 255 255 255 0 0 0 255 255 255 22 241 255 0 0 0 255 226 0 0 255 0
    213 243 0 255 168 244 0 255 0 255 0 255 0 255 255 195 0 127 0 255
    190 39 0 96 189 255 0 0 0 0 255 255 0 255 0 222 0 255 255 255 0 255
    255 0 255 0 25 0 206 0 0 0 255 139 255 255 188 0 0 0 0 255 0 0 255
    255 255 0 49 255 255 71 0 9 255 255 255 0 0 39 255 255 255 0 255 0 0
    33 0 255 255 255 255 86 173 0 0 0 255 255 0 235 0 0 0 255 162 57 0
    255 255 255 255 0 0 255 99 109 0 208 255 129 112 0 0 255 255 0 6 0
    58 255 0 0 117 221 255 255 255 255 0 221 120 240 255 47 255 0 255 0
    31 0 28 133 0 0 62 246 255 0 135 255 0 0 0 0 0 79 0 0 58 255 24 232
    255 255 255 0 0 255 255 255 0 21 0 255 255 0 122 0 255 255 163 37 0
    255 0 255 115 255 255 0 0 255 252 0 0 0 0 255 216 255 51 255 255 0 0
    0 224 255 255 255 255 0 0 0 0 255 255 255 0 255 0 0 142 0 255 0 0 47
    255 255 122 0 0 255 255 255 255 92 0 255 0 255 0 0 0 255 176 255 0
    32 255 253 0 184 255 104 255 255 255 235 255 0 255 87 223 0 161 255
    0 0 0 255 85 255 0 255 255 0 0 0 0 0 255 0 0 255 255 255 0 255 0 0
    165 0 255 0 255 0 255 0 255 0 115 0 185 255 255 176 255 148 255 177
    205 0 0 0 15 0 255 254 255 255 255 0 255 255 154 255 0 0 0 0 0 27 0
    255 241 0 0 255 255 255 0 0 96 0 255 0 0 0 255 0 255 255 142 0 0 0
    13 48 65 255 82 255 255 255 0 0 0 255 145 255 0 255 0 255 0 255 255
    217 255 0 0 88 0 255 0 255 255 255 255 0 255 236 0 255 255 255 255 0
    0 159 49 255 98 255 251 0 255 26 0 0 0 255 0 255 255 255 0 0 255 255
    0 0 255 255 0 0 73 255 0 0 174 255 255 0 0 82 255 255 255 255 0 0
    255 0 255 21 84 0 0 255 0 0 33 255 255 75 110 0 255 0 0 133 0 255
    162 255 0 208 0 0 0 255 255 69 88 0 0 75 0 255 0 232 0 255 120 255
    173 95 255 255 118 78 255 255 0 0 0 255 0 255 255 255 39 249 0 255
    255 255 255 255 255 255 0 0 0 255 202 24 0 255 255 255 255 0 0 255
    160 236 132 0 255 255 0 255 0 143 0 0 255 255 0 255 170 255 0 0 0
    162 176 255 255 27 0 69 255 255 0 255 0 0 255 255 255 0 249 0 255
    251 255 255 155 255 0 0 0 0 146 0 207 255 255 255 0 226 255 255 255
    0 0 255 74 255 0 219 0 153 255 0 0 109 255 0 255 92 255 0 0 255 255
    0 0 0 255 255 221 255 0 255 0 0 255 0 255 0 255 195 255 0 0 17 255
    120 0 67 255 0 109 255 255 75 0 255 0 255 0 255 0 255 0 255 0 0 206
    255 255 255 205 0 0 255 255 0 0 40 255 255 0 0 0 0 255 255 0 0 100
    221 223 0 0 158 255 255 0 50 122 0 235 255 0 255 0 255 255 112 255 0
    0 0 20 255 0 255 255 255 222 255 189 0 0 255 255 0 255 0 255 0 0 0
    186 255 0 165 166 255 185 22 118 255 0 255 255 255 255 0 255 0 168
    255 255 0 0 0 255 255 0 255 255 255 0 255 109 255 0 197 111 0 255 0
    0 252 255 0 0 220 0 0 38 255 235 0 255 255 100 0 0 0 0 255 255 0 126
    0 75 0 255 176 255 0 246 255 255 0 0 0 255 0 255 81 255 0 130 0 255
    255 255 255 255 212 0 0 0 0 255 60 255 93 255 0 0 0 255 255 67 0 0
    189 255 0 255 0 0 0 0 255 255 255 0 0 231 220 0 255 0 0 0 0 0 0 219
    214 255 255 0 0 105 255 255 204 22 255 255 0 255 0 255 255 255 0 255
    255 79 255 255 0 0 0 255 105 255 0 215 255 0 255 222 255 255 0 0 132
    255 0 247 136 30 255 0 255 0 152 0 255 255 0 101 255 255 255 255 255
    17 191 255 211 255 0 255 0 234 0 255 0 255 19 255 255 255 0 0 255
    255 255 255 0 38 0 61 0 148 18 0 37 0 0 0 0 255 255 255 0 0 0 29 0 0
    151 0 255 255 255 68 0 255 0 0 0 255 255 255 0 102 0 255 125 252 0 0
    247 255 255 255 0 0 0 255 0 255 255 255 255 0 130 251 0 0 0 236 255
    0 255 0 127 0 255 211 0 255 0 255 0 255 121 255 0 255 0 0 255 255
    255 0 127 0 160 60 255 255 66 0 0 91 0 255 0 255 0 244 255 248 0 0 0
    0 255 255 255 255 255 0 255 255 0 213 0 255 0 255 0 5 255 255 255 0
    255 255 255 0 210 255 139 255 66 255 36 0 43 255 255 35 255 255 30
    255 255 164 0 0 0 58 0 0 19 117 0 255 255 0 135 255 255 0 0 0 255
    255 255 0 0 0 164 0 0 217 0 255 255 255 255 255 102 0 255 0 255 255
    255 255 0 0 0 0 89 0 255 14 0 46 78 0 230 255 210 0 108 140 255 0
    255 255 0 0 0 255 255 0 0 0 255 255 0 0 255 255 0 0 255 255 0 0 161
    255 0 255 143 0 0 255 85 255 255 255 204 255 255 255 0 0 0 255 105
    255 0 255 195 0 255 108 255 204 0 0 0 255 255 0 0 0 45 108 255 176
    255 0 198 255 255 255 0 49 255 142 0 0 0 249 0 255 255 155 255 255
    255 0 0 255 255 255 3 219 255 128 255 0 0 53 255 0 0 255 255 0 166
    156 255 255 248 0 235 0 255 0 200 255 255 0 0 255 255 0 0 255 255
    255 0 255 255 0 0 0 0 255 0 0 0 255 255 0 0 144 255 255 0 0 0 255
    255 29 255 0 0 255 0 0 89 60 255 0 0 0 255 68 0 0 255 0 255 255 0
    255 5 0 0 0 0 0 255 255 255 255 169 0 0 0 255 162 255 69 0 0 0 0 0
    212 255 255 130 0 4 255 0 255 255 0 178 0 0 68 255 0 0 0 255 255 86
    0 255 255 154 148 255 184 0 0 255 255 255 0 0 212 0 255 255 255 0
    237 0 255 255 255 0 0 0 255 129 255 73 173 0 255 255 0 0 0 255 0 0
    255 17 255 0 255 255 255 255 142 0 158 255 0 255 255 92 0 0 0 255 65
    0 49 0 255 0 255 171 255 255 255 62 0 0 255 0 112 0 255 0 0 0 0 237
    255 255 255 0 0 0 255 0 255 0 255 255 0 0 18 171 255 194 255 0 249
    255 255 211 255 0 192 0 255 255 255 255 255 0 255 255 255 0 255 255
    255 0 28 0 0 0 255 203 101 0 0 213 59 71 54 0 255 255 113 0 255 0
    255 0 0 255 255 255 0 255 255 0 0 0 255 255 156 0 0 255 255 255 0 20
    0 0 255 255 0 0 255 156 255 255 255 0 0 255 255 255 255 0 0 160 255
    255 0 0 255 255 255 255 151 0 0 0 0 255 0 255 0 255 0 255 0 0 0 0
    255 255 255 208 0 255 236 0 255 0 255 0 255 188 255 192 0 255 255
    255 0 33 255 0 0 255 255 255 0 255 0 0 0 255 255 255 96 0 255 0 255
    0 37 193 200 0 0 255 0 0 0 255 255 100 255 0 0 0 255 226 255 255 255
    0 0 0 0 255 255 187 189 255 60 255 0 255 0 255 146 0 46 10 0 255 255
    0 0 0 231 0 177 0 255 255 0 255 0 255 0 255 0 0 0 255 255 255 102 1
    255 255 0 0 0 255 0 0 255 255 255 0 0 0 91 197 56 0 255 255 255 0 51
    255 255 255 85 255 0 0 106 255 255 255 0 0 255 255 49 0 0 255 255
    255 0 0 0 0 255 255 0 255 255 133 255 73 255 0 240 255 101 0 0 255
    196 255 0 251 0 0 0 255 174 183 0 255 170 255 0 0 255 0 255 0 255 0
    0 138 0 255 255 255 98 0 255 0 0 247 255 155 0 0 255 0 0 0 28 0 0 0
    255 255 91 0 255 85 0 0 0 0 255 255 255 83 255 0 219 0 255 255 77 0
    0 110 255 255 0 0 255 0 219 0 134 255 255 0 0 0 200 0 0 255 255 0 0
    255 255 255 255 0 0 206 0 246 182 255 255 0 0 255 143 190 0 255 255
    255 255 19 255 255 255 0 0 237 214 0 0 0 0 255 255 60 255 255 255
    255 255 0 0 214 0 255 93 0 240 255 255 0 13 43 136 255 255 216 181 0
    83 255 8 0 0 56 0 181 255 255 0 255 0 255 0 255 0 235 0 4 81 23 187
    0 255 255 0 0 0 255 222 255 0 255 255 0 0 0 194 255 255 255 0 255
    255 0 0 0 255 0 255 0 255 0 255 67 255 0 0 0 255 106 255 0 255 255
    111 0 0 71 0 255 0 255 255 0 0 0 255 255 255 0 0 255 255 0 255 0 255
    238 255 255 255 180 255 0 0 0 17 144 36 255 222 255 0 0 0 0 255 255
    255 0 0 255 74 0 0 0 255 0 255 255 0 0 14 105 255 192 0 255 0 255 0
    0 0 255 255 255 255 0 0 0 255 255 255 0 0 255 255 255 75 128 0 255
    80 255 0 0 0 255 255 255 0 0 255 0 45 185 255 199 255 0 255 108 0 0
    0 255 0 0 0 255 0 255 0 255 255 235 76 53 172 255 255 255 0 255 255
    255 141 0 0 255 255 255 0 0 0 68 0 255 0 255 0 255 0 255 0 255 255
    255 255 98 255 0 255 0 255 0 0 8 0 255 0 255 0 255 255 255 166 0 255
    0 255 247 0 255 0 255 0 255 0 146 0 255 255 255 181 255 88 255 255
    255 25 255 228 47 0 255 255 255 0 234 0 255 255 255 255 0 0 0 0 255
    255 255 255 0 255 255 255 0 255 0 255 255 0 255 0 0 0 57 255 219 0 0
    255 250 0 255 255 255 0 137 255 255 255 255 0 0 0 255 255 0 255 0
    255 0 0 0 43 255 255 255 255 0 0 255 255 53 0 161 255 0 98 0 255 255
    255 0 0 255 0 0 255 255 255 0 0 80 221 255 255 255 0 255 255 255 255
    43 0 0 0 0 0 127 162 255 4 255 255 255 255 77 0 255 255 171 0 105 0
    255 0 255 0 255 255 255 0 0 255 255 0 255 0 255 0 255 0 0 255 0 129
    157 255 0 255 0 0 255 0 255 255 255 255 255 0 0 0 255 200 0 0 255
    255 0 255 0 0 0 255 255 20 81 255 255 0 0 0 255 255 255 0 0 0 255 0
    0 255 0 255 255 255 0 255 255 0 0 0 63 108 0 255 255 205 226 255 255
    255 0 0 0 255 255 0 255 0 151 255 255 255 255 0 0 255 53 0 0 255 255
    0 0 0 255 255 0 0 255 233 255 255 208 101 0 255 255 255 255 0 127
    255 255 112 0 0 255 255 255 125 0 0 255 0 195 255 255 202 22 0 0 20
    255 122 0 0 255 0 255 255 189 0 0 36 255 0 18 170 255 255 202 198 0
    255 86 255 255 212 255 0 0 217 255 0 0 0 0 123 255 255 0 255 0 255 0
    8 0 143 0 0 41 255 255 0 0 255 255 212 255 0 0 0 255 255 255 69 122
    0 82 0 0 255 255 255 0 255 255 0 0 0 0 210 255 255 36 0 23 255 0 0
    181 0 0 255 255 0 0 0 255 255 0 0 239 46 255 0 255 255 255 0 0 255
    181 0 255 255 132 0 0 75 139 255 0 0 0 47 84 193 30 0 117 255 255
    227 255 235 0 58 255 0 255 147 255 0 238 0 255 0 156 117 255 6 255 0
    255 2 0 255 0 255 255 0 255 0 255 0 255 91 255 255 0 0 0 0 0 255 0
    255 255 255 255 0 255 71 0 0 0 255 0 89 0 0 0 10 255 255 0 194 0 255
    255 0 70 0 255 255 0 0 0 255 255 255 255 0 0 0 0 0 255 255 255 0 0
    65 214 255 255 0 0 255 0 12 0 255 222 255 0 219 0 0 255 0 255 0 0 0
    255 255 255 255 0 0 0 150 255 255 78 0 255 255 255 0 0 255 255 255 0
    63 6 0 130 0 255 0 0 0 255 255 255 27 255 0 19 166 0 0 255 255 255 0
    255 181 0 0 255 255 255 51 255 113 0 110 64 0 0 0 255 0 247 0 0 0
    255 255 181 255 255 255 0 255 0 195 0 0 0 176 255 255 255 0 0 255
    222 0 0 104 255 177 20 0 0 0 0 255 255 0 255 0 20 0 255 0 255 255
    255 255 28 8 255 0 255 0 255 0 0 0 255 255 255 0 228 0 255 0 255 0
    255 255 67 0 0 255 255 255 255 127 0 0 221 255 255 0 0 255 83 133 0
    0 255 148 255 0 13 0 0 101 255 255 255 206 255 0 7 255 224 255 0 124
    0 255 255 255 0 0 121 255 0 154 138 255 0 255 0 0 0 0 255 203 0 136
    0 255 255 255 255 0 255 255 255 0 0 0 0 255 233 168 255 255 255 255
    0 255 0 0 0 255 131 0 166 0 255 255 255 255 255 255 0 255 0 93 255 0
    255 255 0 0 0 255 0 0 0 0 0 54 0 0 0 255 0 0 255 207 0 255 255 255 0
    0 255 106 255 255 31 0 0 0 255 0 92 0 255 0 255 0 252 180 255 0 255
    171 255 214 176 255 255 0 255 0 0 0 0 255 255 0 0 255 125 255 173
    255 0 0 255 0 0 0 255 255 255 255 0 0 0 0 255 0 255 0 255 255 148
    255 255 255 0 0 0 255 39 255 0 0 0 200 255 0 7 0 235 255 0 255 35 24
    218 0 0 182 255 255 255 255 92 0 0 255 255 87 0 191 255 255 0 255 0
    255 255 255 0 0 127 255 0 0 255 0 0 0 106 0 219 134 255 45 255 255 0
    0 0 4 255 255 255 0 0 0 0 255 247 0 255 82 0 0 255 255 255 0 0 0 136
    255 0 213 154 0 0 115 255 0 255 255 0 0 255 255 229 255 0 0 0 255
    255 0 0 0 255 121 255 255 0 255 84 0 255 0 0 255 0 0 255 235 255 213
    0 183 0 255 255 255 0 0 190 0 0 0 255 14 152 255 0 255 255 0 219 0
    255 255 255 255 0 0 0 255 255 180 0 255 0 255 0 97 66 255 235 255 0
    49 0 25 0 0 255 255 255 0 0 0 255 255 255 0 24 0 159 239 0 0 255 0 0
    0 255 255 255 255 0 0 36 255 255 255 231 0 255 255 0 7 0 255 255 0 0
    51 0 0 0 255 255 255 0 255 0 255 0 255 255 50 255 0 255 0 255 51 255
    137 255 255 67 0 0 255 0 255 255 255 0 57 0 255 0 80 40 255 6 255
    251 0 0 0 0 255 0 178 0 255 90 255 0 255 0 255 0 255 255 0 19 255
    255 0 255 0 255 255 255 255 0 255 0 0 255 255 225 255 0 255 0 0 42
    99 0 255 74 0 255 255 255 255 255 184 28 255 19 0 255 255 0 229 0 0
    0 130 255 40 255 0 0 255 0 0 0 0 0 255 255 0 0 0 0 97 255 65 255 161
    255 0 0 83 0 255 0 255 255 14 18 152 0 20 0 255 0 255 255 0 255 255
    0 255 234 255 0 68 0 0 13 255 255 255 0 0 0 255 255 255 171 0 255 0
    255 0 255 255 0 255 255 0 255 0 0 0 239 236 255 0 255 106 255 57 255
    226 255 79 255 0 0 99 255 255 255 255 255 90 198 0 0 122 255 255 255
    46 0 177 255 0 0 144 255 41 150 0 255 0 255 190 203 57 0 0 0 255 255
    0 255 255 38 0 0 255 255 255 143 0 0 0 255 255 0 0 255 255 255 0 255
    247 255 0 66 0 226 0 59 255 255 255 255 255 255 158 0 255 0 255 0
    255 0 90 255 255 165 255 0 255 230 0 182 237 255 0 0 255 255 255 255
    0 255 0 0 222 255 71 0 255 255 155 255 0 100 0 0 0 255 255 255 247
    22 255 0 46 40 0 255 0 255 0 255 0 255 69 255 169 0 0 255 178 255 0
    0 255 255 0 255 0 0 0 0 189 255 0 255 0 0 32 255 255 255 0 166 0 0
    255 0 0 255 0 0 8 255 255 0 255 255 255 255 255 0 54 0 255 0 255 15
    83 0 0 0 255 0 0 123 255 255 255 0 179 0 255 68 255 231 255 0 0 1
    255 0 255 255 255 0 0 0 178 0 0 213 255 255 140 0 2 255 255 54 0 0 0
    255 0 255 255 255 0 0 134 255 0 226 236 110 21 255 0 0 0 255 0 141
    11 0 255 236 0 219 0 255 201 255 0 0 70 255 255 0 0 0 0 255 255 221
    255 0 0 0 113 255 255 0 0 255 0 0 255 255 255 255 0 19 255 36 255
    168 255 206 0 0 0 115 255 255 255 0 255 255 255 0 0 255 255 255 0 0
    0 255 25 178 0 255 90 255 255 0 0 0 0 79 216 255 255 255 0 255 255 0
    0 0 255 255 0 0 0 255 122 255 255 255 0 62 255 0 0 255 255 0 255 0
    255 0 0 24 175 255 255 44 255 0 255 0 0 135 255 195 255 255 0 0 0
    131 0 255 0 61 0 255 0 0 255 255 0 0 0 255 255 255 255 118 255 97
    255 255 0 3 0 47 0 212 255 0 255 0 0 0 0 255 255 255 0 0 255 227 255
    0 255 0 142 0 249 255 0 0 0 255 255 255 255 255 255 0 255 0 218 0 40
    255 0 0 0 145 255 255 255 170 249 255 255 154 0 0 255 255 98 0 255 0
    8 206 255 255 255 0 0 0 0 255 119 255 255 255 0 255 0 0 0 255 255
    255 255 0 0 255 255 255 0 255 0 122 0 211 0 0 185 255 0 255 160 0 0
    255 255 255 255 0 0 255 0 255 0 255 85 255 0 120 229 0 255 91 255 0
    255 75 255 248 255 255 0 255 255 0 0 6 255 255 0 255 0 255 255 255 0
    0 0 0 255 255 255 0 255 255 255 0 0 255 0 255 255 255 0 0 255 242
    110 52 0 255 143 76 255 0 255 204 0 0 255 0 255 255 0 0 0 255 0 255
    131 255 46 103 68 255 0 255 0 255 0 0 0 0 255 255 0 0 0 255 255 255
    0 0 255 0 0 162 0 255 252 228 255 0 0 0 125 0 44 0 73 0 255 0 0 0
    255 0 0 0 0 255 255 0 255 0 0 0 255 255 164 0 0 255 0 255 255 255
    255 255 219 0 0 0 93 0 101 130 255 0 156 0 255 25 255 255 0 136 255
    255 165 0 0 255 255 255 0 0 255 255 0 0 255 255 255 255 0 255 0 255
    0 255 0 255 255 183 0 255 0 255 137 255 0 255 0 255 0 255 255 255
    255 0 0 164 0 255 0 0 255 0 255 255 255 0 219 0 25 0 0 213 162 0 255
    102 255 0 0 255 0 255 96 189 185 232 255 0 255 196 255 255 255 255
    247 0 192 149 0 0 255 0 255 0 0 37 255 255 88 0 0 0 255 0 0 255 129
    255 0 148 0 151 162 0 255 255 255 255 0 53 0 255 0 0 255 255 37 0 0
    255 199 50 0 0 194 255 58 0 205 0 0 0 0 255 255 149 0 0 255 198 0
    185 255 86 0 0 0 255 0 255 255 0 0 0 0 0 255 8 255 0 0 255 255 0 0
    255 255 255 102 255 109 255 255 255 0 255 0 255 0 163 255 0 0 0 255
    12 255 145 0 6 255 0 90 58 0 255 255 255 0 0 255 255 0 0 255 0 255
    255 255 0 0 0 0 0 255 0 116 0 220 255 255 255 255 0 56 0 255 0 255 0
    255 0 0 0 255 172 255 14 124 255 255 0 255 0 0 255 0 255 0 255 0 0
    36 255 0 0 0 255 0 255 255 255 255 255 3 255 0 0 0 255 0 0 0 255 0
    255 153 0 0 255 107 7 0 255 0 0 255 255 146 255 151 255 0 0 0 193
    255 229 138 255 255 0 0 78 191 255 255 0 0 255 255 255 111 0 255 0
    67 255 173 172 106 255 255 0 255 255 55 255 0 255 255 0 255 0 255 0
    255 255 0 79 0 255 40 0 0 0 0 0 0 255 0 255 0 255 0 255 0 0 229 0 0
    255 255 0 0 0 0 0 0 0 255 237 255 255 255 92 229 0 253 0 80 0 0 255
    0 255 0 255 239 0 0 112 140 0 255 68 102 0 0 0 255 148 255 0 60 0
    255 255 255 0 0 147 223 255 139 0 255 255 255 255 0 142 0 105 255 70
    255 255 0 0 0 0 255 255 9 0 255 0 255 0 0 255 136 255 168 255 0 175
    0 0 18 255 255 255 0 170 0 0 0 255 255 255 255 5 0 255 6 245 255 255
    98 255 0 255 255 100 0 0 20 255 213 255 255 0 222 26 255 0 116 255
    255 255 176 0 255 91 255 255 0 255 0 255 255 0 161 255 255 255 0 0 0
    0 0 255 181 0 255 69 255 0 0 0 255 255 0 0 188 0 0 255 0 0 210 0 255
    207 0 0 203 255 0 179 255 255 255 255 0 0 0 255 255 255 0 0 0 186 0
    0 178 231 255 255 189 0 0 0 0 83 131 0 255 0 255 255 142 115 255 255
    0 255 135 255 0 255 0 255 0 0 255 0 255 0 255 255 255 204 0 255 255
    255 0 255 0 0 66 0 0 0 255 255 0 0 255 255 255 255 191 79 0 0 255
    255 159 255 0 255 255 76 223 0 255 0 255 0 0 0 0 255 0 255 0 0 0 255
    255 0 0 56 0 255 255 255 255 0 0 0 252 0 231 255 255 198 0 0 255 255
    124 175 0 0 196 15 7 0 255 255 255 255 0 255 255 0 255 255 255 255 3
    0 255 201 0 0 0 255 0 255 0 255 0 255 255 255 0 0 0 0 255 255 255
    255 255 255 0 255 0 56 0 166 0 255 255 255 0 255 0 255 0 179 255 255
    0 135 0 255 160 17 0 207 0 0 0 255 249 255 255 255 255 255 255 255
    255 255 163 0 0 255 255 0 0 255 255 0 0 0 0 255 255 50 68 0 0 255
    212 255 255 255 50 0 255 0 0 113 255 0 229 0 146 0 0 237 0 0 0 41
    106 255 178 0 0 0 0 255 0 81 255 0 255 255 0 0 0 255 0 255 0 74 90
    255 255 255 0 255 0 255 29 255 255 255 0 0 0 255 255 95 0 255 255 0
    114 0 210 107 255 25 255 0 0 255 245 92 35 0 115 0 0 255 255 255 0 0
    0 255 255 0 0 0 155 65 255 0 194 59 9 173 0 61 255 155 0 0 255 0 255
    122 255 255 255 0 225 46 255 255 255 255 185 255 255 114 129 0 98 0
    51 255 255 255 80 255 0 255 17 255 255 0 0 255 255 255 0 255 239 255
    255 0 0 255 0 255 255 255 0 255 0 0 103 255 0 0 0 255 0 0 226 0 26
    152 255 99 0 0 255 0 255 0 255 0 255 255 0 0 0 0 245 34 255 52 255
    200 255 0 0 0 58 255 255 13 160 255 0 0 0 159 0 255 0 255 0 36 0 0
    255 255 255 0 0 255 80 0 0 255 255 255 0 255 0 255 0 106 0 232 0 255
    255 0 0 255 255 255 0 134 255 0 255 255 255 56 255 0 0 0 255 255 1 0
    218 255 0 0 0 255 255 0 255 0 215 255 255 0 0 0 0 0 1 255 76 0 0 0
    255 0 204 0 157 255 0 255 187 255 87 0 146 0 62 0 150 0 0 0 0 91 255
    255 47 255 0 0 255 183 0 255 0 84 255 255 255 0 255 0 255 0 255 255
    0 0 0 144 255 255 255 0 255 0 255 0 255 0 195 0 0 255 255 255 107 0
    0 255 0 255 255 0 0 247 174 173 255 0 139 0 255 0 255 0 2 0 0 255
    255 220 27 0 255 255 255 131 255 0 128 0 255 135 158 207 0 255 235 0
    255 202 255 0 0 52 255 0 0 138 255 255 0 0 203 255 255 255 0 0 255 0
    0 0 255 255 33 255 0 0 4 0 255 0 0 0 255 255 0 255 178 0 255 0 255 0
    0 0 255 255 255 0 0 255 255 0 26 0 255 15 255 0 255 0 249 215 255 0
    0 0 255 86 46 0 0 168 0 255 255 145 0 4 0 0 0 255 255 0 0 0 255 255
    0 0 255 255 0 0 0 17 255 0 81 0 0 151 0 255 0 0 65 255 255 219 255
    255 0 255 127 255 255 0 0 205 255 0 110 255 255 206 0 0 255 255 255
    0 0 0 255 255 255 0 235 0 134 0 51 34 255 255 255 255 255 112 0 255
    255 255 255 15 0 0 255 255 255 0 255 255 255 0 255 255 0 255 0 255
    50 0 0 0 131 149 0 0 0 255 255 77 0 56 0 0 0 0 255 0 0 255 0 100 0
    255 207 0 0 255 0 206 255 255 37 0 108 255 0 255 0 255 0 0 255 255 0
    255 0 255 0 255 0 0 0 32 255 255 255 255 0 255 0 0 255 255 255 0 0 0
    0 255 255 255 255 0 0 177 0 255 57 255 0 255 0 255 0 0 0 0 0 11 255
    255 0 255 34 0 0 0 0 0 23 0 177 255 255 255 0 0 255 255 255 0 0 255
    244 247 255 255 36 0 95 239 44 0 0 0 255 255 0 255 0 255 255 223 0
    20 0 0 255 255 0 73 255 0 0 255 255 0 255 255 0 46 0 255 0 177 105
    92 0 255 98 255 253 24 255 0 0 0 255 162 0 0 86 0 56 0 0 0 255 0 255
    0 243 0 227 36 225 255 255 220 255 0 0 236 250 0 255 0 255 0 255 197
    255 210 101 0 0 255 174 255 0 255 244 0 255 255 255 0 255 0 255 0
    255 0 255 0 255 162 0 255 0 0 0 255 0 0 255 255 255 0 122 0 0 0 255
    255 255 0 255 0 255 255 255 64 255 0 0 173 255 255 0 0 0 182 255 255
    0 0 0 211 255 255 255 0 214 55 78 255 255 65 0 38 255 0 255 0 0 255
    67 255 255 255 0 255 166 0 255 255 70 255 255 255 255 255 0 0 0 255
    0 138 239 255 255 0 0 0 255 0 255 255 255 0 0 255 0 255 255 190 4
    102 0 255 0 0 0 255 0 103 255 255 0 0 0 27 255 3 0 0 255 255 255 0
    74 255 255 255 0 255 255 194 0 0 0 38 255 255 255 113 0 0 0 14 0 0
    255 255 255 255 0 0 255 0 255 255 255 123 255 0 252 0 0 147 0 255
    255 255 0 255 0 0 0 0 247 188 0 42 163 255 255 0 0 220 0 255 0 0 255
    255 255 41 255 37 0 0 255 255 255 0 255 0 255 255 255 0 45 255 255 0
    0 0 21 255 255 255 0 0 0 0 255 255 0 234 255 255 0 0 255 0 0 0 255
    255 0 255 0 255 46 255 0 0 0 0 255 255 255 255 255 0 255 255 21 255
    255 255 230 0 116 255 255 0 0 255 255 255 0 215 255 0 255 169 0 0
    255 255 20 0 0 0 0 255 0 255 255 0 0 255 0 255 0 255 255 24 255 255
    255 0 0 255 255 255 0 255 0 255 0 255 0 255 0 255 255 78 0 0 0 0 255
    0 255 0 255 255 0 255 0 0 255 0 243 58 255 252 0 0 255 98 255 255
    255 0 181 0 0 255 0 255 0 255 181 127 0 255 255 0 145 0 255 167 0
    255 170 158 0 0 255 255 255 255 59 152 150 255 255 209 0 255 255 0 0
    255 0 255 161 0 0 255 255 255 255 255 215 255 234 255 255 67 0 0 255
    255 0 0 255 164 255 0 0 43 112 147 255 255 77 255 255 193 55 0 123 0
    0 0 0 255 255 211 0 0 95 255 255 253 0 0 255 185 255 174 0 0 0 255
    255 255 0 0 0 255 255 255 0 0 255 255 0 96 255 0 0 250 255 45 176 0
    0 0 255 255 255 255 0 0 0 0 224 178 255 255 108 255 0 0 0 0 255 255
    255 255 0 255 133 255 106 54 0 192 255 255 255 0 0 76 255 164 210 0
    255 0 0 0 255 55 255 0 255 33 255 0 0 255 255 255 19 255 0 0 0 0 0
    255 255 12 0 247 0 225 255 185 117 255 0 255 255 255 255 0 0 0 255
    80 255 255 255 185 0 0 255 0 255 13 255 255 0 0 255 255 255 0 255
    255 0 0 0 255 255 255 255 229 0 255 0 0 0 0 255 255 255 255 0 0 221
    255 255 0 0 0 255 15 255 22 65 211 255 0 0 255 255 255 255 0 0 0 255
    0 255 255 255 75 255 78 0 180 255 255 255 0 0 0 255 255 255 236 0
    255 0 0 0 255 255 40 0 255 0 255 255 255 0 0 63 255 0 255 255 255
    118 0 32 255 255 223 0 255 0 254 0 255 0 246 0 79 0 255 0 0 180 255
    255 0 0 255 78 255 0 0 255 212 0 0 210 60 211 0 0 255 255 0 0 0 0 11
    255 35 128 0 255 0 0 255 0 255 0 0 0 0 255 255 147 0 0 255 255 248 0
    255 0 196 125 61 0 255 255 255 0 255 255 255 255 0 0 0 180 65 255 0
    255 0 248 158 0 186 255 255 162 0 0 0 255 255 0 233 0 0 70 0 255 0
    247 0 0 0 255 59 255 255 0 255 0 237 141 255 0 255 0 0 0 255 34 255
    0 0 0 255 255 0 127 0 0 255 145 255 255 14 0 0 48 255 255 0 175 0
    255 242 255 255 255 0 0 0 255 255 0 115 255 255 255 0 0 255 0 0 0
    171 255 255 0 0 255 0 182 255 0 0 255 189 0 255 0 0 255 255 254 0 96
    0 255 255 0 255 0 0 0 0 166 255 0 255 9 247 222 0 255 255 0 0 255
    255 66 255 0 255 167 51 0 0 0 0 255 255 148 255 0 255 0 0 0 255 255
    255 0 60 255 0 0 0 0 255 255 255 255 255 255 221 0 0 255 255 193 199
    0 255 174 255 53 255 0 255 0 255 255 0 60 255 126 0 69 0 255 255 255
    0 0 0 255 255 255 0 255 0 21 0 255 0 255 0 0 0 255 0 255 0 38 232
    255 222 255 255 250 255 111 0 0 255 16 0 0 255 0 255 82 0 0 255 0
    255 157 255 0 166 255 255 204 255 230 255 0 220 0 0 0 168 255 189 0
    0 255 255 0 157 75 255 0 0 0 0 255 255 0 0 255 122 255 0 255 83 176
    0 0 255 255 255 116 0 77 157 0 255 59 255 255 252 0 0 255 255 125
    255 0 255 255 0 255 0 0 247 0 0 255 0 255 0 0 255 0 255 0 34 255 255
    255 255 0 0 168 0 255 0 255 178 0 255 255 0 0 0 255 0 0 255 0 0 255
    194 255 255 255 255 42 0 255 255 255 0 0 0 0 0 255 255 255 255 255 0
    50 0 255 0 0 153 255 0 0 0 0 255 239 255 255 120 233 85 255 0 0 0 0
    0 255 122 0 255 0 0 0 255 95 241 0 0 255 255 0 198 255 255 53 0 255
    43 0 0 255 0 0 255 0 255 255 255 255 255 0 255 0 255 252 0 144 0 255
    71 0 0 0 255 255 255 0 255 0 255 255 0 103 255 0 0 0 17 52 219 255
    132 0 255 255 154 0 0 87 255 122 0 0 255 255 255 136 255 0 255 0 58
    90 255 0 255 0 0 138 255 115 255 207 0 0 0 255 0 0 255 236 0 255 133
    15 0 0 0 87 255 255 255 0 0 0 255 0 0 217 0 255 33 255 255 199 73 0
    0 0 255 255 0 142 255 255 76 255 0 255 0 0 255 117 0 0 0 255 255 0 0
    33 255 255 255 255 255 0 174 255 0 0 255 255 255 0 0 255 0 255 0 255
    0 0 55 255 127 255 255 0 189 0 255 255 255 0 255 0 255 0 0 255 134
    255 201 0 0 0 89 255 0 255 0 0 0 64 0 255 255 255 255 255 0 0 255
    255 255 0 0 80 102 0 0 48 255 0 0 255 255 179 0 255 255 255 0 0 0
    218 31 255 255 0 0 0 255 255 255 255 255 255 166 0 0 0 255 0 0 0 89
    255 0 255 255 0 0 0 255 255 255 255 0 0 0 0 255 255 96 0 0 255 55 0
    255 255 255 0 112 255 0 255 0 255 22 0 0 255 255 255 255 0 0 255 138
    214 0 0 0 255 0 138 255 255 255 255 255 201 255 255 0 255 255 255 0
    0 0 255 255 0 0 0 255 255 58 0 255 255 125 255 0 0 181 0 0 255 255
    255 0 0 0 0 0 255 255 255 0 255 167 0 0 255 0 0 0 64 255 0 255 0 85
    163 255 240 0 255 175 0 0 255 0 125 0 52 255 0 255 255 255 0 255 255
    255 0 134 0 255 255 255 0 245 208 255 0 255 255 255 28 148 0 0 255
    255 224 255 0 0 0 0 255 255 255 0 255 255 255 0 255 0 119 0 255 255
    225 163 255 255 255 255 0 227 254 219 0 0 255 9 255 69 255 0 0 255
    255 255 255 255 255 0 255 0 198 0 0 0 255 255 0 255 0 255 69 255 255
    255 68 0 0 0 255 0 255 0 255 255 0 0 255 197 129 55 255 255 255 0 0
    255 0 0 33 255 0 204 197 255 203 255 255 255 255 13 255 0 255 255
    237 255 0 255 255 255 255 0 0 0 255 255 0 0 188 255 0 0 0 148 255
    255 255 255 0 0 162 173 255 255 0 166 167 255 255 183 0 0 99 0 0 0
    255 255 0 0 255 255 255 90 255 255 234 0 62 0 255 14 0 255 187 255 0
    255 106 216 255 255 255 255 0 255 0 255 255 123 189 0 255 225 38 168
    255 0 0 255 255 255 0 255 255 255 255 68 0 255 0 0 255 0 255 0 255 0
    0 255 0 0 255 0 255 0 255 0 0 0 255 255 255 95 0 255 255 255 0 0 88
    255 158 255 255 0 0 255 0 255 255 255 0 255 0 255 0 0 0 255 20 205 0
    102 255 184 255 0 184 0 255 210 0 0 0 0 255 2 255 0 96 0 2 0 255 255
    0 0 0 0 0 2 255 92 139 255 0 0 0 98 210 54 154 255 0 0 0 0 255 0 255
    255 255 255 0 45 215 255 0 255 22 0 0 255 0 255 0 255 255 255 0 0
    255 255 0 255 18 43 255 0 255 0 0 255 0 255 152 16 0 255 255 255 0
    202 255 146 36 255 0 0 0 255 0 255 255 165 0 0 255 0 178 255 0 82
    255 255 0 0 0 255 255 255 122 255 0 255 0 27 193 190 255 255 0 0 255
    0 0 244 239 0 0 255 255 255 0 255 96 255 255 202 46 0 0 229 255 37 0
    0 140 0 0 55 236 255 182 255 0 255 0 0 0 0 255 17 255 0 0 0 88 0 255
    255 255 172 0 0 0 114 0 255 255 175 0 0 0 0 0 255 255 0 255 239 115
    0 255 255 255 0 0 181 255 12 0 255 0 255 255 255 0 255 220 255 0 255
    0 0 19 255 0 255 0 255 255 101 0 0 255 255 60 0 0 255 255 252 0 0 0
    255 0 255 0 86 0 255 0 255 0 0 57 255 0 0 255 0 78 0 0 255 0 74 255
    0 0 0 255 255 255 0 0 241 0 255 0 0 66 188 255 37 255 0 255 0 255 0
    122 0 255 0 255 0 124 0 0 21 0 255 255 93 0 0 255 255 187 147 255
    255 0 0 0 255 112 255 255 0 255 0 0 49 255 185 255 0 0 0 216 255 255
    0 0 255 0 28 0 255 0 255 0 255 255 255 255 0 0 0 0 0 0 255 0 129 0 0
    255 255 0 0 255 255 73 255 0 0 255 0 0 255 255 255 145 0 163 255 255
    255 0 255 225 0 0 0 255 0 0 133 255 249 97 255 231 255 255 0 255 0 0
    159 255 172 255 255 109 0 114 0 0 81 0 0 0 0 255 0 0 252 255 0 0 255
    0 0 0 0 103 255 0 0 255 0 255 254 255 0 43 0 0 255 140 255 0 252 0
    255 0 200 0 130 132 255 255 0 122 0 0 0 255 0 255 0 0 200 255 255 0
    255 0 0 9 255 0 0 0 255 255 0 176 255 255 0 255 3 129 255 255 0 0
    255 255 0 0 133 213 111 133 0 255 86 255 0 178 255 255 105 0 0 255 0
    32 41 0 0 255 255 124 0 255 255 255 0 221 0 255 0 255 0 142 255 0 0
    0 255 255 255 65 93 0 255 0 0 0 0 0 255 0 255 0 63 0 0 255 139 255 0
    0 97 196 138 0 255 255 255 231 255 255 0 0 0 0 0 0 255 0 255 255 255
    156 255 0 0 255 255 255 0 255 0 17 0 0 50 255 31 0 255 18 0 255 255
    209 255 0 52 0 0 255 255 0 101 0 237 0 255 255 255 158 0 255 166 0
    161 138 0 0 106 15 132 255 227 255 186 139 255 255 255 244 0 0 255
    255 255 0 0 224 155 0 0 0 0 255 255 255 255 0 0 0 255 124 255 255
    199 0 255 0 0 0 41 240 255 0 255 0 70 0 0 0 255 255 255 0 255 0 255
    0 234 0 139 110 0 0 0 255 0 0 0 76 255 255 209 0 0 122 0 145 0 255 0
    0 255 255 0 0 0 255 255 248 255 0 162 255 251 255 244 0 0 255 233
    192 0 255 103 255 0 0 0 255 77 0 0 255 255 0 0 0 10 255 78 255 0 225
    0 0 0 255 248 255 255 0 52 98 255 255 255 0 142 153 29 0 80 0 255 0
    212 0 255 255 0 255 0 255 255 255 110 0 118 0 136 255 255 140 154
    255 5 255 0 255 0 0 216 255 255 0 255 2 255 255 0 255 0 0 0 34 0 255
    255 255 0 255 255 255 0 114 255 255 255 0 255 0 255 0 131 0 93 0 255
    0 255 61 146 255 0 0 0 0 171 255 13 0 255 255 255 0 255 0 0 255 0
    109 255 255 0 0 0 0 255 0 255 0 255 34 255 62 7 255 255 0 255 0 255
    161 255 255 177 0 0 0 255 0 0 0 255 255 0 255 0 255 0 255 255 37 0
    62 104 0 0 255 255 255 0 255 255 255 0 255 0 0 0 161 255 0 144 0 170
    0 90 255 103 255 0 0 255 255 255 255 255 173 189 62 255 0 255 0 0 0
    0 94 0 0 80 255 0 162 0 255 0 255 0 255 255 200 255 0 0 0 255 80 183
    255 255 255 0 255 255 0 255 0 255 0 255 255 0 0 0 0 116 255 255 255
    0 99 255 255 96 44 255 255 62 255 255 183 255 255 135 0 0 0 0 64 255
    255 0 255 255 202 0 0 255 255 0 0 255 255 255 14 54 0 255 255 0 9 18
    0 255 255 255 0 0 255 0 0 66 38 0 255 255 0 0 0 0 255 166 0 142 20
    255 0 255 255 255 0 0 0 255 255 255 255 0 0 60 255 0 191 0 255 255
    255 0 0 0 255 255 255 0 0 201 0 255 255 0 255 0 255 0 214 255 255
    255 0 255 119 190 0 254 255 0 0 0 255 0 0 255 213 0 0 255 255 255 0
    0 255 241 255 255 90 255 0 255 0 0 0 255 0 195 0 0 255 255 255 0 39
    255 223 255 0 255 255 0 255 255 255 255 0 255 255 255 26 255 0 0 0
    255 50 0 0 105 255 0 207 255 0 59 0 255 0 255 255 121 0 255 0 0 0
    255 255 71 255 255 255 145 255 0 0 225 255 0 58 42 0 255 57 255 0
    255 0 96 255 0 255 0 255 0 175 0 0 0 103 255 255 0 0 255 255 255 255
    255 0 255 0 255 255 255 39 0 255 0 192 0 255 163 255 251 255 195 0
    255 255 255 255 255 0 0 98 255 16 255 255 255 255 255 0 0 255 255
    255 0 0 0 255 110 255 0 215 0 59 255 127 255 255 255 0 75 239 0 255
    255 34 0 0 176 126 142 0 255 0 255 134 255 0 255 0 157 0 0 53 255
    255 0 255 200 255 212 255 255 0 255 255 0 255 255 0 50 0 255 192 123
    255 255 186 0 0 0 0 65 255 185 255 227 255 255 0 0 255 0 1 37 255
    233 0 0 255 0 0 88 255 255 255 234 255 0 0 0 255 255 255 0 0 0 0 222
    89 255 255 68 0 35 153 0 255 255 0 255 0 255 0 67 0 255 255 0 255
    255 0 0 0 0 252 255 0 0 255 0 255 255 255 255 0 0 0 250 0 255 0 255
    255 255 193 255 219 0 0 31 0 100 0 255 15 0 0 255 255 255 106 50 0
    255 98 246 255 0 175 0 255 238 0 0 0 255 255 255 255 0 0 0 14 0 255
    255 255 205 255 82 255 255 255 0 0 0 255 0 0 253 255 255 0 255 255
    255 0 184 255 255 0 0 0 0 38 187 255 255 0 0 0 255 0 223 17 255 0
    255 23 255 255 255 0 255 0 205 0 0 0 255 255 255 255 0 0 107 255 255
    0 66 0 81 255 42 255 0 0 0 75 0 183 0 204 169 255 0 255 255 223 255
    162 0 0 249 78 255 0 0 255 255 0 255 0 255 75 255 0 71 205 0 0 255
    255 0 255 255 0 0 0 0 38 255 255 142 255 255 255 255 0 0 9 104 255 0
    0 255 0 90 255 0 0 0 255 255 218 255 255 255 44 255 255 255 0 233
    255 154 255 0 48 255 0 255 255 255 255 255 255 0 0 0 255 255 0 255
    255 0 0 8 255 0 0 0 255 0 255 0 255 0 255 0 0 0 255 255 255 0 115
    146 0 198 255 255 0 0 255 0 255 0 0 255 204 0 0 0 255 255 255 255 0
    117 255 0 0 0 0 255 0 0 0 255 0 255 255 255 0 58 0 255 0 56 179 255
    255 99 0 79 255 255 255 0 0 0 255 0 32 255 71 0 255 255 255 255 255
    255 36 0 255 255 0 255 255 0 0 222 255 255 255 0 0 255 255 24 0 0
    255 0 255 155 0 0 255 0 255 0 255 255 0 16 0 58 134 255 255 0 0 255
    255 248 34 0 255 255 254 0 0 255 0 0 0 255 0 0 55 255 159 0 255 255
    255 0 255 0 0 255 132 206 169 255 255 0 205 255 255 228 0 255 0 255
    255 255 0 0 4 0 0 147 255 246 55 255 255 0 106 0 0 255 0 0 70 255 8
    113 111 229 0 0 255 255 201 0 0 255 255 255 255 0 0 255 255 255 255
    0 8 0 0 130 255 255 0 255 255 255 255 0 255 9 0 255 0 255 255 255 0
    0 0 0 0 0 255 255 255 255 0 255 255 255 0 0 0 255 98 0 0 0 224 124
    197 255 255 255 0 0 255 255 255 255 0 0 255 255 255 219 255 255 255
    183 255 0 0 0 255 0 0 0 0 0 0 255 255 0 242 255 255 0 158 0 255 167
    255 255 255 255 0 216 0 255 255 255 255 0 255 0 0 0 0 0 255 245 38
    255 255 255 0 0 79 0 110 255 111 255 255 255 226 255 42 107 255 0 8
    0 255 0 0 0 240 255 255 233 0 0 255 0 255 255 143 255 14 75 0 0 48 0
    255 0 118 255 0 255 238 255 157 80 0 0 255 226 255 0 255 253 127 0
    218 0 0 0 0 255 147 0 0 0 255 0 255 0 255 255 104 255 0 208 0 255 7
    255 0 255 255 255 0 255 0 0 255 0 255 0 0 255 211 0 255 255 11 0 0 0
    0 0 255 255 255 0 255 0 255 255 0 143 255 113 209 0 255 0 255 255
    255 0 255 0 0 0 0 0 255 255 0 255 255 255 29 255 0 0 0 255 44 0 8 5
    204 0 25 0 255 14 255 0 255 255 0 0 255 255 255 33 82 0 0 28 255 254
    0 0 0 0 255 255 0 255 0 255 0 255 255 255 88 0 255 24 255 0 219 42
    255 0 0 0 255 255 255 0 0 0 88 255 10 255 251 176 209 255 251 202 0
    0 0 255 141 180 255 255 255 255 49 255 254 255 0 0 0 255 0 255 183 0
    20 255 97 255 0 0 255 96 0 233 0 75 0 0 255 0 3 0 26 163 0 0 255 41
    255 0 0 0 0 255 255 255 0 255 0 0 241 255 255 0 0 0 255 109 159 151
    0 255 255 0 0 0 255 255 0 0 199 0 139 255 255 255 229 255 0 0 0 255
    255 255 64 0 255 255 255 124 136 36 255 143 0 0 219 0 24 0 255 255
    255 0 0 0 0 0 255 255 217 133 0 255 255 255 0 205 0 255 205 255 255
    0 255 0 255 0 0 0 0 255 255 255 135 0 255 255 255 255 255 217 0 255
    0 189 166 255 255 0 0 0 255 255 0 0 255 255 0 0 255 255 255 255 0 0
    0 202 0 0 255 255 255 251 0 255 0 0 189 123 255 255 0 178 0 0 255 0
    255 0 223 0 0 255 255 255 0 0 0 0 0 159 55 0 0 0 0 255 255 0 255 0
    255 255 0 0 94 0 0 0 0 147 255 117 255 255 255 0 0 0 0 255 255 255
    255 220 180 0 255 142 0 165 124 0 0 15 255 0 0 255 0 219 0 255 0 255
    92 224 0 255 121 0 255 0 0 255 255 255 255 0 230 0 255 255 255 255
    152 255 0 88 0 0 255 255 255 0 57 0 0 255 0 0 0 0 0 255 255 255 0 0
    255 255 0 0 0 217 255 81 0 255 0 255 255 141 0 255 255 123 0 0 0 255
    24 255 0 22 0 0 0 255 201 255 255 184 247 0 0 255 255 255 255 0 0 0
    255 255 0 0 67 255 0 255 255 255 0 0 0 255 255 0 71 244 0 0 0 255
    255 226 0 255 255 255 255 0 0 0 255 255 0 0 0 0 157 255 0 0 0 255
    255 255 217 255 0 0 255 0 255 0 255 15 255 182 255 0 255 255 255 255
    178 0 255 255 32 0 0 177 107 115 255 203 255 0 255 255 255 0 0 0 0
    255 255 255 0 0 0 93 255 109 255 0 120 255 255 0 255 0 0 0 0 255 255
    255 255 255 0 255 0 255 0 255 255 255 0 255 0 255 0 0 0 255 191 255
    255 255 0 255 255 255 180 0 255 0 0 0 125 255 0 0 44 255 255 255 0 0
    0 0 0 8 0 255 0 255 255 255 255 0 0 0 255 255 0 0 0 255 0 0 0 255
    255 255 0 0 255 255 0 4 59 255 255 0 0 0 242 0 0 255 255 255 255 0 0
    0 255 255 0 0 255 255 35 104 209 255 175 0 0 156 255 0 255 0 0 74
    255 0 255 255 17 255 0 0 255 255 255 0 255 255 0 202 17 0 0 0 255
    255 204 255 0 255 95 255 255 0 190 255 212 0 0 0 0 157 0 255 0 255 0
    255 0 255 255 0 255 255 0 255 0 255 255 255 0 115 0 0 255 255 0 153
    250 0 255 0 255 0 255 0 0 0 255 255 0 255 0 255 0 0 0 255 0 255 255
    255 156 255 0 255 0 0 0 0 126 52 150 255 255 255 0 0 255 255 0 0 255
    88 10 255 12 0 255 255 255 14 255 0 255 255 0 0 73 255 0 255 255 249
    72 167 150 188 74 255 0 255 255 255 197 0 0 0 251 255 107 0 255 0
    255 255 15 0 255 255 255 0 0 255 255 221 0 0 0 255 250 0 0 0 0 255
    255 255 0 0 247 255 147 255 0 255 0 0 255 255 255 255 0 135 255 0
    242 43 255 119 0 189 0 104 0 255 0 255 188 54 0 72 255 0 24 0 255 0
    64 0 255 255 255 255 0 0 255 0 118 255 63 234 0 255 0 163 0 255 255
    255 0 0 109 255 163 209 255 255 255 0 0 128 131 0 0 0 255 101 255 82
    255 255 0 0 255 223 40 0 0 0 248 0 255 0 255 255 255 0 58 255 0 0
    166 0 255 145 33 127 255 115 255 126 0 0 0 255 255 255 0 0 255 255 0
    129 57 255 0 255 0 255 138 255 255 6 0 255 255 255 255 0 0 76 84 255
    0 0 140 0 137 0 146 209 180 255 134 255 0 255 255 255 0 41 0 86 0
    247 255 0 20 0 0 184 255 9 0 209 0 255 255 255 0 255 0 255 108 129
    134 85 0 157 0 192 206 255 0 0 0 255 191 0 0 0 0 255 18 0 0 3 228
    255 0 0 255 0 255 0 255 255 255 0 0 0 255 0 0 216 255 0 0 255 255
    255 0 255 0 255 0 118 0 0 0 255 255 255 255 255 0 0 255 255 255 255
    0 0 0 0 0 255 255 0 0 145 255 225 0 255 0 255 0 255 0 0 255 255 255
    255 0 255 0 255 255 255 77 189 0 0 0 70 255 0 255 255 255 0 255 0
    255 0 255 161 255 255 137 0 0 255 0 255 255 255 0 125 0 218 155 255
    0 255 255 255 0 0 0 255 0 255 0 18 255 0 255 7 255 0 0 0 0 255 255 0
    181 0 57 0 0 0 73 230 255 255 255 0 0 250 255 255 0 255 0 255 105
    163 0 242 255 255 0 0 114 0 234 59 255 255 0 0 255 255 255 219 194 0
    0 255 255 0 29 255 162 255 234 255 255 128 255 0 255 0 255 0 255 233
    0 0 45 255 0 255 255 255 255 255 255 255 255 173 123 0 0 0 255 255
    255 0 42 160 0 255 0 255 0 0 255 0 0 0 0 255 0 255 0 0 0 0 145 255
    255 255 255 28 149 0 0 0 43 255 0 255 255 255 255 255 255 0 0 0 0 0
    0 255 255 255 0 10 0 0 255 16 255 0 0 36 45 0 255 196 0 0 255 255
    255 0 236 0 255 0 255 255 255 0 0 255 9 133 172 0 0 4 255 0 0 255
    255 255 0 0 116 45 104 178 255 0 159 211 255 0 255 0 255 0 255 0 255
    120 0 255 0 255 0 0 0 255 196 0 91 255 255 255 122 0 10 0 237 231
    255 0 0 0 255 0 0 178 0 123 0 0 255 0 255 0 255 255 198 0 0 255 0 98
    0 0 21 0 255 255 0 255 0 42 50 255 255 255 0 255 0 130 0 238 0 0 252
    155 0 255 0 255 255 255 255 0 255 0 0 255 0 0 0 0 234 0 255 0 0 0
    255 255 255 0 0 255 255 255 0 255 124 194 0 43 0 140 0 255 0 255 155
    0 0 255 206 253 0 255 0 114 235 163 255 157 0 0 0 255 255 0 0 0 95
    251 170 0 255 122 255 0 255 0 0 0 255 255 0 91 0 0 255 34 255 0 153
    0 0 0 89 0 164 0 218 24 0 255 180 0 255 0 255 255 255 0 255 255 0
    179 236 23 0 255 0 0 255 83 0 0 255 188 255 105 0 255 0 79 255 255 0
    255 255 255 255 0 0 197 0 168 229 255 201 0 164 0 0 255 255 255 99
    255 130 55 255 255 255 0 255 255 255 0 0 0 0 29 211 255 0 0 255 255
    0 255 0 255 0 39 255 176 20 0 255 0 255 13 189 0 67 0 0 0 255 255
    255 255 255 0 0 0 255 255 255 255 255 255 0 0 0 79 255 15 0 0 255
    255 255 0 255 0 0 0 255 0 0 0 255 27 0 98 255 255 0 0 0 255 255 0 0
    0 255 255 0 0 0 255 0 57 112 60 255 255 3 0 0 0 255 38 0 42 5 0 119
    255 255 0 0 255 0 255 0 0 0 0 165 100 255 156 199 4 255 152 9 0 255
    0 255 0 0 0 255 69 0 42 207 0 255 255 1 0 96 0 0 0 190 255 168 0 0 0
    255 255 226 0 0 0 40 156 0 0 255 0 255 0 229 0 185 0 255 0 255 0 147
    0 0 255 255 0 165 0 255 255 0 255 0 255 0 57 0 160 146 255 255 0 12
    0 255 0 0 255 255 207 0 0 255 0 0 0 0 0 0 255 0 240 255 198 255 0 0
    0 255 255 101 174 0 255 0 255 134 255 0 0 0 255 255 255 0 11 0 255 0
    255 0 255 0 255 0 255 0 0 0 255 255 0 205 255 153 0 0 255 255 0 0 0
    255 255 255 255 0 0 255 0 255 66 192 0 0 255 255 0 0 0 0 40 0 255
    243 0 0 0 218 255 255 102 0 255 0 255 255 70 0 0 255 255 0 255 0 0
    255 255 255 0 0 105 0 242 0 123 99 255 255 174 0 185 24 255 255 255
    21 91 199 0 0 255 0 255 0 255 255 0 255 255 255 238 0 0 255 0 0 255
    255 255 255 0 255 255 255 255 255 255 0 0 0 72 0 131 133 0 255 237
    255 255 255 255 0 255 0 255 255 0 255 255 255 0 254 0 255 129 114 0
    95 255 255 0 0 0 255 0 255 154 255 0 255 255 255 255 0 155 211 255
    255 0 255 0 255 255 0 0 0 255 255 0 0 17 255 255 0 255 255 255 0 0
    255 0 255 0 192 140 13 107 0 111 255 255 0 49 0 255 0 255 255 255
    255 0 139 0 255 255 0 255 181 173 255 204 0 0 72 86 255 255 0 255
    255 255 48 255 0 255 0 255 255 12 0 130 252 255 0 255 255 255 0 255
    0 255 0 255 255 255 0 110 0 255 255 0 0 0 255 0 255 0 0 0 255 255
    223 255 255 0 255 37 255 255 0 0 0 255 255 255 0 0 183 255 0 255 106
    0 0 0 255 216 145 255 255 255 100 233 0 0 0 255 248 0 255 0 255 0
    255 0 255 255 255 255 255 0 0 255 255 138 195 138 255 255 255 255
    143 212 255 0 34 200 122 255 0 0 0 0 0 255 255 0 0 0 255 255 35 0 0
    255 255 11 104 0 255 16 255 45 255 0 255 173 255 251 8 255 0 247 0
    255 0 255 173 255 255 255 56 255 16 137 0 0 255 0 255 0 255 0 241 0
    255 160 0 0 234 0 0 0 255 255 0 0 255 155 255 0 0 0 255 0 0 255 224
    255 255 255 255 0 0 0 0 255 255 255 255 0 255 152 32 255 0 88 79 255
    255 255 0 197 0 58 255 255 159 255 0 243 0 255 255 255 0 44 0 255
    141 255 0 232 2 255 255 255 0 67 0 255 255 164 175 255 255 204 255
    255 255 172 0 0 255 12 255 255 0 198 0 103 255 255 0 0 255 255 0 0 0
    255 255 255 0 0 255 255 255 0 0 0 255 255 0 0 0 0 0 0 255 142 224 0
    255 255 255 0 0 255 255 255 0 0 255 143 247 0 255 0 252 255 0 0 0 0
    255 255 1 255 255 255 255 255 255 0 73 255 255 0 90 0 183 0 217 255
    0 0 0 0 16 255 0 0 0 0 48 0 255 255 0 0 0 64 0 0 255 28 0 228 255
    255 0 0 0 0 49 255 0 255 255 255 101 0 255 255 0 0 0 255 255 255 255
    0 0 0 0 0 255 255 0 255 0 255 0 0 255 255 0 15 255 255 255 0 0 64 43
    255 255 0 255 0 255 0 0 0 255 255 255 0 0 193 0 255 255 255 0 175 0
    0 255 255 229 0 0 255 215 0 0 0 255 255 255 255 255 0 255 137 255
    255 45 199 0 78 255 255 255 255 168 255 0 19 85 255 255 255 105 0
    201 163 0 0 255 255 115 0 0 0 116 255 255 136 255 243 255 32 156 103
    0 255 0 208 0 0 255 20 155 0 0 255 0 255 53 255 255 0 0 0 255 255 0
    186 255 0 255 140 0 0 255 27 255 255 0 0 0 255 255 255 79 243 255 0
    255 61 255 0 0 255 0 207 0 255 255 0 255 0 255 0 0 255 255 0 255 0
    255 117 0 0 0 255 255 0 0 0 0 255 0 255 0 0 246 255 255 98 255 255 0
    255 0 127 0 0 0 255 158 45 0 255 141 216 255 255 255 65 159 255 40 0
    27 0 255 255 255 0 255 255 255 132 0 0 91 113 0 0 255 0 255 0 0 0 0
    123 0 0 0 173 241 255 55 0 0 255 255 255 255 255 0 0 239 58 0 255
    255 255 0 0 0 255 255 255 0 0 0 0 102 0 0 255 255 255 255 0 113 0
    195 0 0 33 181 0 0 0 255 109 255 215 203 0 255 255 255 255 0 157 0 0
    0 255 0 54 0 227 255 0 0 0 111 255 24 255 255 0 0 0 255 0 96 0 13
    225 0 208 255 188 3 58 0 255 113 255 255 0 0 227 163 0 0 0 70 255 83
    82 255 255 0 0 255 255 255 255 0 0 255 68 0 0 255 0 0 106 0 255 255
    255 255 0 0 255 0 0 0 47 0 0 0 0 255 255 255 0 202 0 0 36 255 0 255
    254 255 255 0 0 44 0 0 0 255 0 255 36 110 0 0 255 255 255 68 0 0 0 0
    255 0 255 0 255 197 32 0 0 0 255 255 255 0 255 86 207 0 0 87 0 76 0
    255 255 101 0 255 108 0 255 0 255 0 126 255 61 0 0 255 170 255 255
    255 0 0 0 0 52 255 255 255 23 0 0 0 0 0 255 255 179 255 0 0 0 255 0
    255 0 255 0 134 0 78 0 255 255 255 255 0 55 255 255 255 0 150 0 0 0
    255 0 0 0 255 255 255 255 241 255 0 0 219 190 224 255 0 163 0 255 0
    0 255 0 255 0 255 52 18 0 255 209 255 255 255 245 0 243 0 255 3 255
    0 52 0 0 255 255 36 0 255 0 0 0 0 255 0 255 255 255 0 249 255 255 78
    69 0 0 0 153 255 255 255 0 255 0 0 25 61 255 246 255 255 192 0 255 0
    85 0 255 255 0 0 0 0 255 255 0 0 250 255 255 0 183 0 255 0 0 99 0
    255 255 33 0 0 255 255 255 255 255 0 0 255 0 105 0 0 0 255 85 0 121
    175 255 196 0 0 0 255 255 0 0 255 255 0 255 0 255 0 255 255 255 255
    0 255 0 0 255 23 255 49 0 255 215 146 255 255 117 0 255 0 0 113 0
    255 0 255 255 0 255 0 164 36 255 180 111 255 255 255 0 0 255 255 255
    255 0 0 0 8 255 31 0 255 255 255 0 39 8 145 255 255 255 255 0 0 224
    255 255 34 0 255 255 255 0 0 255 255 255 255 255 255 0 255 92 0 255
    255 255 0 255 0 255 102 255 0 0 0 255 0 171 0 0 0 89 255 0 187 0 255
    255 0 255 255 0 255 255 255 0 255 255 0 0 255 119 149 47 255 0 25 0
    255 79 255 255 255 0 255 255 255 186 0 249 127 255 47 0 0 255 194 0
    176 255 110 123 255 210 255 254 194 0 255 74 255 0 0 245 0 0 0 0 255
    255 0 226 255 0 0 0 255 0 0 150 0 228 0 255 255 0 0 0 0 213 255 0 0
    0 255 0 255 255 207 0 155 132 255 5 7 0 35 0 96 255 255 0 0 200 255
    255 151 255 0 255 121 0 222 0 255 255 0 0 19 0 0 0 0 236 255 105 255
    0 194 0 0 92 255 46 85 61 214 0 246 166 255 0 255 255 255 0 0 255 0
    0 0 255 255 255 0 255 255 0 202 104 255 255 0 0 0 255 145 255 0 255
    255 255 151 0 60 255 0 192 4 255 255 255 179 175 0 255 130 255 240
    81 158 147 0 255 255 255 255 0 0 255 235 255 255 255 0 255 0 0 0 0
    255 255 255 15 255 0 255 0 255 0 0 0 0 255 255 255 0 11 255 255 0 0
    0 44 255 255 255 59 211 0 255 255 0 0 255 255 255 255 176 0 0 222
    255 255 255 0 241 0 10 0 255 0 255 67 0 190 77 255 255 255 255 0 0
    255 255 0 0 255 0 0 255 255 0 0 0 255 255 255 255 255 0 0 0 255 0 0
    0 204 255 255 255 141 255 0 255 9 255 0 255 112 255 0 0 138 0 3 0
    255 255 255 0 212 254 255 0 84 0 0 0 255 255 0 3 0 0 0 0 0 0 255 255
    204 0 0 0 255 9 246 0 0 255 0 255 0 0 0 255 255 0 255 255 255 39 255
    0 255 0 0 0 0 255 255 255 0 255 39 255 240 255 255 87 0 0 110 255
    139 0 255 234 0 0 0 115 255 0 255 255 0 0 255 255 255 0 0 0 0 0 255
    255 255 255 0 142 139 0 0 197 255 0 104 0 0 0 0 255 255 255 18 188
    255 0 0 255 198 255 255 186 255 0 0 0 0 255 0 255 255 255 0 255 0 26
    255 0 255 0 255 11 255 255 0 66 15 255 0 0 0 255 255 0 220 255 245
    255 0 0 0 255 255 0 0 0 255 255 255 0 255 0 162 255 49 255 255 0 0 0
    169 255 255 0 0 0 255 255 178 255 255 226 0 0 153 0 255 255 37 0 0
    15 255 0 0 224 0 255 184 255 255 255 236 0 174 0 255 0 255 0 0 0 0
    255 255 0 173 255 0 73 0 0 0 202 255 0 49 159 32 0 255 0 255 0 45
    255 0 0 0 16 0 0 239 255 255 255 0 131 0 255 0 0 255 25 255 255 0 0
    255 255 255 255 0 251 151 255 0 255 0 255 0 153 255 255 229 0 0 0
    255 255 255 0 170 255 255 0 0 244 0 0 0 255 0 0 255 255 0 194 255
    255 20 0 0 0 255 0 255 126 255 255 91 65 0 255 255 255 0 255 0 255 0
    255 4 255 0 193 0 0 0 255 255 168 255 0 255 217 255 255 0 0 0 255 0
    255 255 255 0 255 255 31 255 255 0 0 255 255 0 0 0 255 0 255 255 115
    58 2 0 0 0 173 0 255 255 255 0 0 255 158 0 231 0 0 255 0 60 0 255 42
    0 255 255 0 0 12 0 255 255 5 255 255 255 255 0 0 255 0 0 255 255 0
    255 68 255 0 0 255 0 133 0 255 0 255 0 0 0 0 48 255 255 255 255 255
    255 255 255 0 255 255 255 0 0 6 0 0 255 0 0 0 255 0 0 169 255 75 92
    230 255 255 255 100 255 0 255 158 255 255 0 0 0 255 164 0 0 87 0 92
    255 169 52 0 0 136 255 255 69 10 238 0 0 255 255 97 255 255 120 0 0
    255 255 0 255 0 255 255 255 0 255 255 255 0 128 0 28 0 191 0 255 0
    255 0 0 255 255 255 0 255 0 75 225 255 0 0 255 92 255 250 255 14 255
    255 0 0 255 0 255 12 158 50 255 0 0 255 255 0 255 0 255 159 0 255
    255 255 255 255 255 0 0 0 133 255 255 255 0 255 141 255 57 197 0 0
    242 255 0 255 255 0 0 255 255 64 0 0 255 198 119 0 0 255 255 0 255 0
    198 255 243 152 255 255 255 145 0 255 255 255 121 255 0 255 0 16 4
    251 255 0 255 255 91 178 255 255 255 0 255 223 143 255 255 255 0 0 0
    12 255 38 255 255 42 142 0 105 255 0 0 0 255 255 144 0 255 0 255 0
    255 1 88 255 0 254 255 94 255 0 0 255 242 255 0 0 255 255 255 0 255
    0 11 0 255 0 0 255 0 255 203 120 0 0 255 255 255 0 255 0 0 0 255 0
    255 107 255 255 0 7 0 255 255 234 255 141 0 255 0 97 255 255 255 0 0
    224 255 0 201 255 0 17 0 255 0 255 255 0 255 179 0 0 0 255 255 255
    255 0 0 0 255 90 255 0 0 0 255 0 255 40 171 102 0 0 255 255 239 255
    255 255 0 0 0 0 0 255 255 255 0 255 0 255 86 0 255 255 7 0 0 255 255
    255 0 0 0 0 255 247 0 255 73 255 0 255 59 0 0 0 0 0 255 0 255 33 255
    0 223 47 255 0 0 45 255 255 0 255 255 255 107 0 0 255 255 0 0 186
    140 255 0 255 255 0 255 0 255 255 255 0 47 0 0 0 255 255 255 163 0
    255 0 255 64 255 232 128 0 0 0 255 81 0 0 0 255 0 80 0 0 0 0 255 255
    0 255 0 255 0 0 149 228 0 0 0 0 255 255 255 0 0 0 255 255 255 103 0
    0 255 0 255 255 255 0 0 70 0 255 255 255 0 255 255 255 0 0 0 255 255
    240 0 0 188 0 0 0 0 101 255 0 0 0 0 44 255 131 215 255 0 56 13 255
    255 255 255 0 0 0 255 119 0 0 255 255 0 255 0 255 0 255 0 0 245 0
    255 0 255 0 255 106 255 0 255 255 255 0 0 255 0 255 0 255 0 255 0
    255 0 255 255 0 0 255 226 255 0 255 12 255 120 0 255 255 0 0 0 0 255
    255 0 0 0 0 255 255 255 171 0 0 233 255 0 255 0 0 255 255 197 169 0
    255 65 199 0 255 255 255 0 0 7 85 255 0 0 255 89 237 0 255 255 0 207
    0 176 0 0 173 0 0 255 255 255 255 0 0 255 255 255 0 89 0 31 255 0 0
    0 255 255 153 0 0 0 255 0 255 92 55 255 32 195 0 0 0 0 255 0 255 178
    0 255 255 0 23 0 53 0 255 0 0 255 0 255 255 255 255 0 255 0 255 255
    255 11 255 0 0 160 255 255 255 0 128 0 141 0 255 0 177 132 255 0 119
    255 0 239 255 0 7 0 255 0 255 255 255 0 0 0 0 255 255 0 0 0 255 255
    0 19 0 0 148 0 255 0 0 255 255 0 255 63 255 255 71 0 0 7 255 255 52
    255 66 255 0 0 255 255 253 0 39 255 255 255 33 0 159 255 255 73 0
    255 32 255 0 255 255 2 0 255 0 0 0 229 0 162 0 255 0 0 66 0 255 135
    255 2 92 0 0 255 0 255 255 255 0 0 43 255 0 0 0 255 194 104 0 255 0
    255 0 255 255 0 255 255 0 0 113 74 255 18 52 0 97 158 255 255 255 7
    249 0 255 255 0 0 0 0 255 0 255 0 120 255 255 9 0 255 67 30 0 255 0
    0 0 0 255 255 0 255 255 0 206 0 0 77 67 255 255 255 0 255 255 255
    255 0 165 0 255 0 0 255 255 255 255 255 0 0 255 0 0 34 196 232 255 0
    255 0 255 0 0 0 0 0 0 0 168 51 138 22 0 255 56 203 0 230 167 0 255 0
    0 0 255 255 255 230 255 255 0 255 124 255 0 255 0 255 0 0 0 255 255
    0 43 131 0 255 0 0 0 0 255 255 255 0 255 255 89 169 255 0 0 0 0 0 0
    255 255 255 255 0 0 0 255 255 0 255 0 255 0 57 255 255 255 0 255 255
    0 0 0 0 255 255 255 255 0 166 123 0 0 255 255 255 255 0 0 0 255 86
    255 166 255 0 0 0 0 255 0 255 0 255 0 255 7 0 255 255 255 0 0 0 255
    255 0 0 255 68 255 0 255 255 0 255 0 0 0 0 255 255 0 0 0 255 0 158
    100 255 0 0 255 159 255 0 66 14 255 255 255 0 0 23 255 255 255 94 0
    255 0 0 255 255 255 255 0 0 255 0 255 0 255 0 255 255 255 0 31 0 255
    0 0 0 0 0 0 255 255 255 0 0 100 118 255 255 0 0 255 0 0 255 175 225
    162 170 0 255 255 255 255 0 0 49 255 0 0 255 255 0 0 0 0 0 0 255 255
    0 0 255 0 32 0 0 121 255 255 0 0 0 255 255 0 255 31 255 232 255 0 25
    0 255 124 0 0 0 0 255 255 255 0 255 0 255 11 0 63 255 255 0 0 145
    255 255 255 255 0 0 255 255 236 0 0 255 255 0 0 0 255 255 255 0 0
    255 255 255 0 0 255 0 96 255 255 255 162 121 255 27 0 0 0 0 255 255
    0 0 255 255 0 0 0 0 0 255 255 255 255 0 255 255 255 0 0 255 0 255 0
    255 0 255 255 187 182 0 0 255 255 0 0 0 131 0 135 0 0 255 255 185 0
    255 0 0 0 255 44 255 0 255 255 255 255 255 188 0 0 251 255 255 0 255
    206 255 0 255 255 255 0 0 255 229 58 0 255 52 0 98 4 255 0 56 0 255
    81 255 255 255 0 0 255 0 0 57 255 255 0 255 255 75 0 255 255 23 72
    242 100 0 255 0 255 0 0 35 127 255 0 255 255 255 0 0 0 255 0 255 255
    255 228 0 0 0 0 0 0 134 255 255 0 0 0 139 255 127 255 178 255 255 97
    255 0 0 0 0 39 0 126 0 255 167 0 0 255 255 255 255 177 0 255 255 255
    255 0 0 255 255 255 44 0 255 0 255 0 255 0 255 0 0 93 255 0 0 255
    255 255 178 0 132 255 0 0 0 0 0 0 255 252 255 0 206 255 0 0 0 119 0
    0 0 255 255 255 0 61 255 123 255 0 165 255 0 255 0 255 0 255 255 133
    255 0 255 0 255 0 0 94 255 255 255 46 114 255 255 12 0 255 255 255 0
    0 255 0 255 203 0 0 0 0 255 0 0 0 255 255 255 0 0 42 0 0 0 255 169 0
    0 0 22 255 219 23 158 98 255 255 0 254 0 255 0 0 255 0 0 0 101 255 0
    0 255 0 59 0 0 255 120 255 255 255 255 0 0 0 0 201 255 255 0 255 255
    18 32 147 255 0 0 0 255 224 15 255 255 255 255 255 180 0 0 78 255
    255 0 255 173 255 0 0 255 0 0 0 0 246 0 0 255 255 255 0 0 254 196 0
    255 255 0 0 255 255 97 255 56 207 255 247 94 255 0 0 0 255 0 255 172
    255 255 0 255 255 255 255 134 164 0 133 43 86 0 111 236 255 0 0 255
    0 0 255 255 164 255 0 255 146 255 0 229 255 191 255 0 0 0 10 0 0 255
    255 0 255 0 160 0 0 0 255 87 0 0 0 0 255 255 255 255 0 255 255 255 0
    255 0 255 0 0 0 0 255 0 0 0 105 255 255 40 250 255 0 142 252 45 0 0
    255 255 43 0 0 0 255 255 160 0 0 255 0 255 255 35 0 0 255 0 0 0 0
    255 0 255 0 0 0 255 255 0 147 43 255 108 0 0 170 94 255 255 164 0 0
    0 255 0 0 255 255 0 255 0 0 0 0 255 0 255 9 165 255 84 0 0 255 255
    255 255 0 0 255 72 0 92 0 255 0 255 61 255 10 100 0 255 11 255 255
    255 0 255 0 255 255 0 36 0 255 126 127 173 255 255 0 163 0 85 0 255
    0 0 0 255 255 22 0 0 255 226 0 255 255 255 0 0 0 0 0 21 255 36 0 0 0
    255 0 255 255 255 0 1 255 255 255 0 0 46 255 0 0 62 255 255 108 0
    255 0 255 0 255 255 255 71 0 116 255 255 0 0 0 0 255 255 255 0 255
    255 0 0 255 255 255 255 0 209 255 255 0 0 0 255 182 255 255 255 0 11
    0 33 255 0 148 255 255 0 0 0 255 255 0 0 255 255 0 0 255 0 255 104
    136 0 255 255 89 255 255 0 0 0 255 0 255 0 0 0 255 223 255 133 222 0
    0 0 0 0 255 140 255 255 0 255 102 255 3 255 0 215 15 188 249 255 15
    255 136 255 145 0 0 255 212 4 0 0 60 255 194 255 0 0 176 0 0 37 255
    255 0 255 0 255 118 0 255 255 255 206 0 0 0 51 0 255 255 255 0 0 0
    255 75 0 0 255 255 255 255 222 255 255 255 0 0 0 0 80 255 0 0 255 0
    0 239 255 255 0 158 255 0 255 0 0 0 0 184 179 255 255 0 0 255 0 0 0
    255 255 255 255 255 0 0 255 255 0 0 255 0 255 255 255 24 0 255 0 255
    0 255 0 255 255 255 0 0 0 255 140 255 0 0 255 255 255 255 172 0 0
    188 255 0 255 255 0 255 0 0 118 255 255 255 183 255 0 0 0 255 192 0
    0 255 255 255 0 255 0 103 2 255 0 255 255 142 120 0 0 216 0 255 194
    255 0 0 0 27 255 255 0 255 58 255 0 255 255 49 0 0 255 255 255 0 0 0
    0 184 255 0 0 102 88 255 217 255 38 255 153 157 143 255 0 0 0 0 255
    0 255 0 0 255 255 255 95 255 255 0 18 255 255 245 0 13 0 255 255 0 0
    162 255 255 0 255 0 255 178 4 0 221 255 255 255 255 255 0 0 0 0 0
    255 255 0 255 179 255 255 255 170 255 0 3 0 0 255 255 0 0 7 255 231
    0 255 255 255 255 255 255 54 0 0 0 255 20 255 0 255 0 30 0 255 255
    190 255 92 0 0 255 255 0 0 188 136 255 0 255 0 58 255 255 255 0 251
    201 0 255 0 0 255 255 255 0 0 0 234 255 255 255 17 255 194 255 0 255
    255 255 0 161 255 255 80 0 0 255 255 0 255 222 170 0 255 255 0 0 117
    255 255 0 0 0 168 0 255 0 16 0 255 0 255 203 255 255 0 255 207 0 158
    255 0 0 0 0 255 0 255 0 169 0 255 191 224 121 141 9 0 255 0 255 255
    0 255 0 255 0 255 255 255 255 0 255 0 153 255 86 255 0 255 0 255 9 0
    252 0 0 0 255 0 255 255 255 0 0 255 88 0 0 0 255 242 0 0 0 255 0 255
    143 255 255 0 41 255 255 255 0 255 255 255 0 0 0 0 101 255 255 0 0 0
    255 0 128 0 255 0 255 255 0 0 255 33 0 255 255 255 255 0 0 196 42 0
    255 255 80 0 255 255 0 0 0 255 255 0 255 44 0 0 255 0 255 255 0 106
    80 255 0 255 0 255 40 255 67 0 0 255 255 255 8 0 145 255 94 0 0 0 0
    37 255 235 200 0 255 255 255 255 160 0 129 255 0 0 177 255 255 0 255
    0 255 40 255 0 0 63 25 0 125 0 255 170 0 16 255 0 255 0 255 0 174 0
    255 136 222 0 0 0 0 255 255 0 255 0 202 255 0 255 0 255 0 255 193
    255 0 157 0 0 0 255 255 0 0 0 255 0 255 0 255 0 56 255 0 255 0 255
    255 255 255 0 255 255 0 0 0 255 255 255 0 255 31 255 0 0 0 255 0 0 0
    0 255 255 255 0 255 255 6 255 0 0 0 255 255 253 255 0 151 0 255 255
    176 123 255 0 0 115 0 255 255 255 0 255 0 71 69 0 128 0 255 0 0 0
    255 255 204 255 255 0 0 59 101 255 0 26 255 255 0 0 0 0 0 255 0 255
    119 255 0 255 0 255 255 0 0 96 255 0 0 255 255 0 255 198 0 0 255 41
    255 0 255 0 255 255 255 0 0 0 0 254 255 105 255 0 0 0 255 255 255
    255 0 255 0 75 0 0 0 162 255 250 0 0 247 255 0 255 0 113 0 0 255 255
    255 56 255 0 255 0 192 0 255 231 255 51 0 0 255 255 0 0 255 78 255
    255 255 0 255 255 211 0 0 0 255 255 255 78 255 0 157 0 255 0 255 0
    255 0 255 255 255 0 63 0 255 141 0 216 0 39 255 0 0 255 255 173 255
    255 255 0 0 142 142 35 255 255 255 0 72 0 0 255 255 255 0 255 255
    255 57 0 255 255 117 0 0 255 255 0 0 0 255 0 255 255 255 255 0 42 0
    255 0 255 123 0 255 255 255 184 87 0 255 0 0 255 0 0 255 0 255 0 255
    255 241 134 0 255 255 0 0 250 128 255 0 255 0 255 255 137 255 255 29
    0 80 255 255 255 0 255 0 0 0 255 47 255 0 255 0 255 0 255 0 255 0 0
    0 160 221 0 0 0 255 255 255 255 255 0 255 0 255 117 0 0 255 255 249
    0 0 0 255 0 255 0 255 0 255 0 255 255 174 255 7 255 0 0 255 255 0 0
    0 255 255 255 205 255 255 201 255 169 255 0 0 255 0 255 255 255 0 0
    0 255 58 0 234 255 255 255 0 0 0 0 255 255 255 0 0 255 0 255 0 140 0
    0 0 255 255 0 0 0 255 255 255 0 0 174 223 240 170 255 255 32 217 0 0
    0 255 16 255 197 162 0 255 255 255 0 0 27 255 10 255 0 255 255 255 0
    0 255 255 255 0 0 255 161 255 0 0 0 0 235 41 255 255 0 116 71 0 0
    170 255 0 0 0 255 0 255 255 255 48 0 0 0 213 0 255 0 255 255 167 73
    0 35 0 255 255 255 255 0 9 0 255 0 194 0 6 0 0 0 255 255 255 50 0 0
    233 255 0 255 0 255 255 0 255 0 255 0 136 255 0 56 0 0 255 0 113 0
    255 0 0 255 255 0 255 0 62 0 183 255 255 255 255 163 0 142 81 139 0
    255 255 255 0 0 0 168 255 255 140 0 255 255 255 0 0 0 255 255 255 16
    0 0 255 41 255 0 175 0 255 0 255 0 255 255 55 0 0 185 0 0 95 37 0 0
    255 255 255 255 187 255 0 0 239 50 255 255 255 255 24 61 255 0 255 0
    0 0 140 0 255 239 0 230 93 191 0 255 255 255 255 83 0 254 255 183 35
    188 0 255 255 0 0 198 43 255 247 0 0 255 95 0 0 83 255 255 0 255 0 0
    0 150 255 0 60 11 255 0 0 52 127 255 0 0 0 137 255 255 0 0 0 67 239
    0 114 255 0 255 39 9 255 0 0 255 255 255 255 0 0 0 71 0 255 255 255
    0 255 110 0 255 255 255 0 255 255 255 0 144 0 0 0 41 0 255 0 255 255
    40 0 128 203 255 255 255 0 121 60 255 0 255 255 0 0 137 0 0 255 255
    255 0 0 0 0 190 0 255 0 255 0 0 255 94 255 69 7 255 0 10 0 255 255
    255 255 0 0 255 255 117 0 0 0 255 0 255 0 0 82 255 0 68 0 164 86 80
    113 0 0 0 255 0 0 255 0 3 58 0 255 255 255 255 0 255 0 255 255 0 0
    255 0 255 16 255 255 0 0 0 24 0 255 255 255 0 21 255 46 255 22 255 0
    0 255 0 255 12 51 255 255 154 255 0 208 128 255 0 134 0 239 255 0 0
    0 255 0 255 0 255 255 255 0 255 255 255 255 188 28 0 0 100 0 255 255
    0 0 0 167 0 255 0 255 255 255 56 0 8 0 0 65 255 255 0 255 255 255 0
    255 0 255 126 0 72 205 0 255 0 255 0 0 255 237 227 0 255 0 255 0 255
    186 0 255 87 0 0 0 255 255 0 0 255 255 0 0 0 219 0 11 255 255 255 0
    0 0 186 153 255 0 255 80 255 0 241 0 158 255 0 51 255 255 0 0 117
    255 197 0 0 179 0 0 255 242 212 0 251 0 255 0 255 198 0 0 0 255 20
    255 255 48 0 67 2 255 255 255 255 255 0 255 255 255 0 0 0 0 120 255
    180 255 255 255 255 199 0 0 0 255 0 0 0 255 255 255 168 0 0 0 255
    255 0 255 0 255 255 0 255 0 0 0 255 255 255 101 163 0 0 0 59 255 255
    255 0 0 0 255 0 255 0 255 129 255 255 0 0 214 255 255 255 0 146 123
    148 255 255 255 255 0 0 0 0 0 0 156 255 0 255 255 255 0 255 0 0 255
    255 255 34 125 255 148 0 0 0 255 255 0 255 102 255 0 0 95 255 71 255
    0 255 0 0 200 255 77 222 0 67 0 247 0 255 10 0 255 255 255 41 0 255
    0 0 0 255 0 154 126 0 0 255 0 255 41 255 255 0 255 0 255 229 255 24
    255 255 40 255 0 0 255 0 0 0 122 255 255 255 0 199 0 0 255 0 255 251
    0 0 0 193 0 255 255 255 0 0 145 255 255 81 0 0 255 25 23 0 0 0 255
    255 255 0 120 0 255 9 0 255 255 43 0 0 255 0 0 0 255 255 215 0 161
    255 255 255 255 0 0 255 51 0 0 234 255 255 0 224 255 11 255 0 255 0
    66 255 183 0 255 0 255 128 255 0 255 255 255 199 255 255 255 255 0
    255 21 255 0 2 0 238 0 0 255 150 0 255 4 255 255 0 125 255 255 0 0 0
    0 0 255 255 0 0 0 0 0 255 0 255 255 255 0 219 255 255 0 0 255 0 0 0
    255 255 0 0 0 255 255 255 0 0 123 255 0 115 86 77 255 255 0 255 171
    255 0 0 0 255 0 0 0 255 0 255 30 0 208 255 255 0 244 63 255 255 0
    255 0 255 0 255 201 251 0 0 255 144 255 0 91 0 101 22 255 255 0 19 0
    255 37 0 255 255 0 191 255 0 81 0 255 255 255 148 0 0 0 195 0 0 0
    255 255 255 137 255 255 0 255 0 255 255 255 255 242 255 255 255 0 0
    255 0 255 255 0 174 0 255 255 255 255 255 58 162 255 255 255 255 14
    122 255 182 255 0 255 255 31 255 255 255 0 0 0 255 0 231 239 0 0 255
    0 92 48 255 255 255 0 170 255 151 0 0 255 0 0 0 255 0 0 184 255 255
    0 255 0 255 3 0 255 0 0 243 255 255 0 255 255 255 0 0 0 230 28 0 214
    255 255 0 0 225 0 0 0 201 255 255 255 255 255 0 0 0 255 0 255 4 255
    60 0 0 255 255 255 0 255 91 150 0 156 0 0 255 0 255 153 239 0 252
    100 255 0 0 255 166 161 0 255 3 0 255 255 255 255 0 255 0 255 148
    255 158 0 255 0 219 130 0 132 0 255 255 255 165 0 255 0 0 0 255 255
    0 255 255 0 0 0 0 0 255 255 204 255 0 255 255 0 0 0 0 242 0 255 0
    103 255 4 0 0 0 255 255 255 0 0 0 255 255 255 0 0 0 0 0 255 255 0 0
    0 0 255 255 255 0 255 0 255 255 0 192 0 255 255 255 0 0 0 118 255
    255 255 255 0 0 0 255 177 0 0 255 0 0 255 126 0 0 255 255 119 255
    255 255 0 0 255 255 33 0 0 34 255 114 0 0 158 185 254 0 255 0 241 0
    255 100 255 0 255 255 255 255 255 255 0 0 50 255 255 0 0 0 255 255
    255 0 255 255 255 117 0 0 255 0 255 132 255 0 0 255 255 0 0 121 239
    0 154 255 0 0 0 35 255 0 255 0 0 0 0 255 0 0 255 255 255 0 0 0 0 255
    0 255 0 255 0 255 0 0 0 255 255 195 0 255 0 0 0 255 255 225 0 0 255
    255 181 0 0 4 255 255 255 0 70 145 255 255 255 0 255 255 255 0 163
    156 0 255 69 255 0 255 255 0 255 67 192 169 255 255 0 245 0 255 0
    255 118 0 255 0 255 0 0 0 142 217 0 255 27 96 0 0 0 175 255 255 255
    255 255 0 0 252 0 14 0 0 0 255 255 0 0 255 255 0 127 100 0 255 255
    55 255 0 0 255 0 255 0 255 255 0 255 0 0 0 0 255 0 0 255 255 0 255 0
    0 255 114 0 255 255 255 0 0 196 0 255 0 255 255 255 99 0 0 255 0 255
    0 0 97 201 255 255 149 0 255 0 219 255 0 11 0 0 164 255 255 255 0 91
    117 255 0 0 137 0 255 255 96 255 255 0 255 0 255 0 255 30 0 255 59
    22 0 0 255 0 124 0 54 0 255 0 255 121 255 255 255 0 0 100 0 0 255 0
    255 0 255 0 255 0 255 251 255 0 0 0 0 0 255 255 184 255 0 0 60 255
    255 0 255 0 255 89 0 0 255 255 0 104 255 0 73 0 0 255 255 0 0 0 255
    255 56 0 0 0 0 255 255 255 0 0 255 255 255 0 0 255 0 255 0 0 255 0
    130 149 255 255 0 144 0 89 255 255 255 255 0 255 255 99 0 0 255 255
    255 0 0 0 255 255 255 255 255 255 0 255 0 87 0 102 0 255 0 0 255 125
    255 255 0 255 0 255 255 255 8 116 36 255 0 0 0 255 255 0 0 69 255
    255 242 0 158 0 255 168 0 255 0 7 255 255 0 0 0 225 0 255 0 255 70
    255 255 0 0 0 206 255 255 0 0 0 255 0 255 0 255 0 255 0 255 0 255 0
    0 255 255 255 0 0 255 255 0 0 0 255 255 255 255 0 25 0 255 165 255 0
    37 255 0 0 186 0 255 255 120 255 255 255 0 0 255 0 255 0 0 0 0 0 0 0
    186 126 0 255 255 0 0 0 255 255 133 255 255 0 255 0 125 0 255 255 0
    181 0 255 30 6 186 0 0 0 255 43 133 255 0 255 160 103 255 255 255
    191 0 36 166 19 0 0 0 0 224 255 0 0 255 0 16 49 255 0 255 114 0 255
    255 0 228 0 255 255 255 182 255 0 255 255 6 0 255 0 255 0 255 0 0 0
    255 255 255 0 255 21 215 0 255 0 255 241 255 132 0 157 0 0 0 182 0
    255 0 255 0 255 255 0 255 0 0 134 172 255 130 0 0 0 255 255 255 172
    137 0 255 255 179 0 0 0 31 255 60 0 0 255 255 255 0 0 255 0 226 0 0
    0 0 255 255 145 0 0 176 201 136 0 173 0 75 255 255 255 255 0 0 0 255
    255 0 171 255 255 0 255 87 255 0 160 0 255 54 255 255 255 0 177 0 0
    0 156 0 255 255 255 0 0 255 0 255 0 81 255 255 255 0 0 255 255 151
    255 0 255 0 255 0 255 0 255 249 255 0 0 0 255 161 255 200 255 0 0 0
    255 255 60 0 255 255 66 44 255 0 43 53 0 255 255 38 0 0 0 255 255 0
    0 255 0 124 0 88 44 255 255 255 194 255 0 0 255 255 203 0 255 255 0
    132 0 255 0 255 0 255 255 255 0 255 0 0 255 255 255 27 27 198 255
    255 255 37 0 52 0 255 135 255 0 38 0 174 98 255 255 0 255 0 255 133
    0 0 255 255 255 0 255 0 255 0 198 0 0 255 255 255 0 105 255 236 52
    214 255 255 0 0 255 255 255 0 0 0 255 0 255 255 107 0 255 255 232 0
    0 255 0 208 148 16 103 255 255 0 255 0 255 0 0 255 178 255 247 0 255
    0 255 255 255 0 255 0 0 255 0 255 0 0 255 190 255 0 255 0 216 0 255
    134 0 183 0 0 0 255 255 255 255 145 186 255 255 0 0 242 0 255 0 255
    0 255 0 255 101 18 255 34 255 0 255 255 0 63 0 139 0 0 255 255 255 0
    0 0 255 255 105 0 255 255 255 0 0 110 66 255 0 0 118 91 255 255 0 0
    255 126 255 0 255 0 0 255 0 213 172 0 66 0 255 255 0 0 0 194 0 255
    255 0 255 255 255 0 0 0 0 223 0 255 255 255 0 0 255 59 65 0 255 0
    255 0 45 255 255 255 148 174 255 0 255 0 255 0 255 0 255 0 255 16
    234 18 0 0 66 255 6 255 255 255 255 50 0 240 255 255 0 25 255 0 255
    182 255 255 0 0 117 83 0 0 255 63 255 255 255 0 0 57 255 255 0 0 0
    255 0 0 255 255 255 0 0 255 255 0 255 0 0 0 255 255 255 0 255 0 0 0
    255 112 26 118 132 255 255 255 255 255 59 0 0 0 225 0 200 122 255
    255 9 0 148 255 255 255 255 0 0 0 255 255 255 0 173 255 255 0 255
    233 255 0 0 182 255 120 255 0 0 0 255 255 255 0 255 0 0 36 255 0 153
    37 0 255 255 255 0 0 255 0 87 42 255 255 0 0 0 0 169 255 255 0 108
    255 255 158 0 255 255 255 255 255 70 0 0 0 255 255 255 0 0 23 80 255
    71 255 1 255 255 0 0 163 255 0 255 255 255 0 0 0 255 255 0 0 255 0
    255 0 113 255 252 255 0 255 0 0 0 255 17 0 209 255 255 77 224 232
    151 255 255 0 0 0 0 0 0 0 0 231 255 255 0 255 0 255 0 63 0 255 188 0
    0 0 255 255 255 0 255 0 255 0 255 0 199 255 0 0 255 255 255 0 0 255
    0 255 255 255 255 0 255 101 0 0 0 0 255 255 151 0 0 255 0 0 255 255
    255 255 255 255 0 0 255 211 215 103 0 0 255 0 32 0 255 0 255 0 255 0
    0 0 255 0 255 195 234 255 255 255 59 0 200 255 0 255 0 255 255 255 0
    0 0 0 255 147 255 205 255 0 255 0 255 124 255 119 253 255 129 255 0
    255 0 255 0 255 0 255 0 255 0 0 0 255 255 255 0 0 255 255 255 255
    241 255 255 255 255 255 0 255 168 255 0 0 0 255 255 255 16 0 0 255 0
    255 255 255 85 255 219 73 255 0 255 0 0 0 0 0 66 26 0 255 255 250 54
    255 0 255 0 255 0 255 0 255 0 0 255 255 255 0 255 255 173 255 0 85 0
    255 0 255 255 255 255 223 0 255 215 255 0 255 0 0 255 255 255 0 0
    255 255 255 0 255 0 255 217 0 0 255 0 6 0 255 0 0 0 255 109 0 213
    255 186 255 0 0 0 255 55 184 22 255 0 0 0 255 255 86 0 0 137 255 0
    118 255 255 42 0 0 255 82 255 0 0 255 255 255 206 0 255 0 255 255 0
    255 0 255 0 255 0 255 97 255 0 255 4 0 0 47 255 255 0 83 0 58 255
    255 0 0 0 0 0 255 95 0 255 255 0 0 255 255 62 0 0 255 255 0 105 140
    255 39 255 0 255 0 255 53 255 127 0 255 0 255 0 0 255 0 255 0 255
    143 0 0 0 255 255 0 161 0 0 255 0 255 0 255 0 0 0 255 255 0 0 0 99
    94 165 0 255 50 255 0 255 0 0 0 255 0 0 0 255 0 216 0 0 0 36 255 255
    0 23 0 255 255 255 255 0 255 255 255 48 75 0 0 255 194 0 255 177 255
    0 0 0 255 255 255 255 255 255 0 255 0 255 0 0 255 255 32 247 0 0 0
    180 255 0 0 255 0 255 255 189 0 185 115 0 215 255 255 255 0 0 0 147
    255 225 162 223 255 255 255 26 0 125 0 252 0 1 255 255 0 255 0 253
    255 255 32 255 255 0 0 0 255 157 255 16 255 255 0 0 0 58 255 255 0 0
    255 255 255 0 0 0 255 0 255 255 49 0 0 255 255 255 0 0 0 255 0 0 255
    255 19 255 146 255 0 0 0 187 255 255 247 0 0 255 255 0 204 0 255 0
    255 215 39 0 52 0 255 183 0 255 210 255 0 0 0 0 0 255 255 225 0 232
    0 0 255 255 0 0 0 0 102 255 255 255 0 255 0 255 40 177 103 215 255
    255 0 255 255 168 0 0 255 234 255 0 255 255 255 0 255 35 255 0 0 0 0
    0 255 255 255 0 242 255 255 221 0 255 0 255 0 0 0 0 255 255 170 255
    0 0 0 255 255 255 0 0 255 255 255 91 255 0 0 0 235 255 255 80 0 255
    0 255 0 255 255 241 0 255 0 255 255 19 0 0 0 255 15 26 64 255 238
    255 0 30 0 0 255 255 128 255 0 255 0 150 0 0 212 0 255 255 255 0 0
    255 255 189 0 5 86 94 17 0 45 0 255 67 0 255 255 255 0 168 0 191 0 0
    0 255 0 255 255 255 0 0 0 255 231 0 0 237 255 255 255 255 255 0 0
    255 0 0 0 255 0 0 210 70 255 255 255 35 255 0 255 255 255 0 0 255
    255 255 213 255 255 255 255 0 193 255 255 255 0 0 0 255 0 255 255 0
    0 0 255 255 255 255 255 255 0 0 0 255 255 188 0 0 0 169 75 255 104
    184 0 255 80 255 37 0 0 0 255 255 255 103 0 55 0 148 0 237 0 0 0 255
    255 0 0 255 255 255 255 255 92 255 0 255 255 255 0 166 176 0 0 0 255
    0 255 255 0 0 0 255 255 255 0 186 255 157 255 255 0 0 186 192 255 0
    255 0 0 0 126 17 255 0 255 166 255 0 255 0 174 0 78 206 0 255 255
    255 0 255 0 0 255 255 255 0 255 197 255 239 255 23 0 0 0 255 0 255 0
    255 255 255 120 0 156 255 255 10 255 0 0 0 75 255 0 0 0 255 0 255 11
    0 255 255 255 148 113 0 0 255 0 0 0 0 255 255 255 0 255 149 167 255
    255 255 0 114 0 255 255 0 0 6 255 192 0 255 0 255 0 255 136 255 0 72
    255 0 0 234 0 7 0 255 255 255 0 0 0 255 255 255 164 31 0 0 255 0 255
    0 255 0 0 0 0 196 255 0 255 255 255 255 255 0 0 52 255 0 255 255 255
    0 239 129 255 0 0 0 255 182 0 0 204 255 255 0 255 255 130 63 255 0 0
    0 255 0 255 0 0 255 255 0 0 63 0 255 0 255 0 255 140 255 0 255 255 0
    0 255 0 0 0 255 244 0 125 158 255 255 0 255 219 0 0 0 255 151 255
    255 255 0 0 79 255 0 0 255 0 0 0 255 255 255 0 0 0 0 255 0 0 0 255
    180 255 0 15 255 255 134 255 255 255 0 255 0 161 255 0 0 0 46 8 255
    255 172 0 0 255 255 255 0 0 0 70 255 0 255 255 255 255 255 67 235 0
    0 255 0 0 0 255 255 255 0 0 0 255 255 255 6 255 0 0 0 0 66 0 255 255
    255 45 0 0 255 0 255 83 0 255 255 236 255 0 255 0 0 0 255 161 255
    255 255 0 192 255 255 0 0 0 255 63 255 255 255 255 0 0 0 255 0 255 0
    0 0 255 0 13 0 91 255 26 86 0 0 0 255 0 81 233 255 255 0 0 191 0 255
    255 255 0 171 0 247 0 0 255 0 255 255 255 65 0 140 0 0 20 255 0 230
    255 255 0 0 0 202 255 0 3 255 0 0 241 255 255 255 255 0 20 0 230 255
    255 0 255 255 255 255 0 255 0 255 95 255 255 0 255 28 255 255 0 217
    190 255 255 255 0 0 0 203 255 255 0 0 0 255 0 4 0 11 178 0 0 255 255
    255 0 0 133 0 255 0 255 255 151 96 0 255 255 255 87 0 92 120 255 133
    0 0 255 255 0 80 255 255 0 0 179 255 255 255 0 0 0 255 0 255 0 212
    255 255 30 0 221 0 14 138 255 255 255 0 0 0 255 255 255 0 0 0 0 255
    255 255 255 0 0 255 69 255 0 255 255 255 0 178 0 255 255 255 255 48
    255 0 137 255 255 0 88 255 255 251 0 215 255 225 0 255 0 255 255 255
    255 0 70 255 0 0 255 255 255 182 0 255 255 255 255 0 255 0 255 0 37
    255 255 63 0 0 255 255 255 205 0 119 163 255 116 255 253 255 255 255
    0 56 0 255 0 217 255 255 63 0 135 255 79 0 0 0 225 0 255 255 0 255 0
    0 255 0 255 58 255 226 118 255 0 216 0 49 0 0 0 230 0 253 0 255 0 0
    255 118 0 2 0 183 0 255 255 255 0 0 0 0 255 255 0 255 0 255 255 0 0
    255 255 255 0 0 0 255 255 255 0 255 68 255 0 255 0 87 255 255 102 0
    255 0 84 0 0 255 134 51 0 0 0 0 255 0 255 0 255 0 255 0 255 0 255
    187 129 255 135 0 0 255 0 0 255 0 0 0 53 202 0 0 0 0 255 255 205 255
    0 255 0 46 0 7 236 255 255 255 0 255 255 0 0 35 0 0 255 255 0 191 0
    255 255 0 255 0 0 255 0 0 186 255 255 255 0 255 0 98 0 104 0 0 255
    255 255 255 0 0 0 255 255 0 21 0 104 255 0 0 255 255 48 255 0 0 0 0
    79 64 255 255 255 255 0 0 0 255 255 255 255 0 235 255 255 255 178 0
    0 0 0 0 255 228 255 128 255 0 255 29 255 255 255 0 0 149 255 255 0 0
    0 0 34 255 0 255 255 255 255 0 147 255 255 0 255 255 0 255 0 0 0 0 0
    0 255 0 123 255 255 136 146 93 255 0 0 0 211 255 255 255 228 0 0 255
    121 255 255 0 0 0 0 100 255 255 255 96 255 246 0 255 255 0 0 255 0 0
    0 0 0 255 213 138 56 255 255 176 255 0 1 208 225 218 189 0 255 0 255
    0 0 0 255 255 255 0 135 0 0 255 101 0 189 0 233 0 53 0 52 255 255 0
    0 245 255 0 255 0 0 0 0 255 255 255 255 0 255 0 255 0 255 0 0 255
    167 0 0 255 255 194 255 255 255 0 159 0 255 255 255 0 159 0 255 255
    255 0 0 0 255 255 0 255 169 255 0 255 0 66 0 0 0 255 0 0 0 255 0 255
    255 0 0 0 255 0 255 0 159 48 120 58 0 255 0 0 255 84 249 0 255 255
    255 41 0 0 255 255 255 0 0 255 255 255 0 0 255 255 255 0 0 0 0 255
    255 199 0 61 255 188 0 152 255 0 0 0 0 208 0 54 0 142 0 0 255 255
    255 255 255 0 0 160 112 0 0 255 255 0 243 0 255 0 255 0 255 208 255
    255 171 255 255 177 0 0 255 0 0 0 255 255 0 0 0 255 255 0 119 0 0 0
    255 0 255 0 0 0 255 255 233 0 0 255 255 255 0 174 21 0 0 0 0 255 255
    255 255 255 255 255 255 0 0 255 240 255 0 255 255 255 0 0 0 255 58
    255 0 115 255 0 0 155 255 255 0 0 255 255 0 126 0 0 0 0 255 255 255
    79 255 0 83 0 255 0 107 151 255 0 120 0 213 255 255 255 216 150 0 80
    0 255 255 255 23 0 0 255 255 74 0 255 255 255 255 0 206 255 0 255
    255 0 0 0 255 255 255 0 0 251 255 255 0 255 255 255 0 0 91 0 255 0
    173 255 255 255 0 0 0 255 125 41 0 255 255 255 0 18 255 255 0 216 0
    255 0 159 122 137 0 255 126 0 0 125 255 0 121 255 16 0 0 0 0 255 255
    0 255 0 0 147 0 0 255 164 124 0 0 0 255 0 173 0 255 0 255 0 255 255
    255 0 0 255 186 154 255 0 255 255 46 0 255 0 94 0 0 0 255 255 0 255
    0 141 1 0 255 255 147 0 0 100 255 84 255 0 0 255 255 0 0 0 255 255
    255 0 0 0 0 0 255 0 255 24 255 255 0 0 255 255 255 255 1 0 255 15 0
    0 0 31 255 255 0 0 0 255 255 255 158 255 255 83 255 0 0 0 255 255
    225 0 255 0 140 0 134 240 0 255 255 255 0 0 0 0 255 26 255 242 0 0
    255 0 201 5 0 64 0 97 0 0 0 255 255 255 255 0 0 47 230 0 255 0 255 0
    68 0 250 255 255 255 0 0 0 255 255 55 255 0 0 255 44 255 0 255 0 0 0
    3 0 255 0 255 255 255 255 255 255 0 255 0 255 113 255 255 255 0 255
    0 0 255 78 255 255 0 0 255 0 0 255 255 0 0 0 114 255 255 0 255 255 0
    75 255 255 255 0 255 255 92 244 180 255 0 0 0 0 255 255 172 255 255
    255 0 0 0 0 255 0 255 229 0 146 255 0 0 0 163 255 212 0 255 147 0
    255 255 0 255 255 255 255 255 255 0 255 0 255 0 0 0 255 0 255 0 165
    0 0 229 225 255 255 255 0 255 0 255 0 255 0 0 0 0 161 183 255 0 251
    0 100 255 177 245 0 255 255 255 0 0 0 191 0 0 255 255 117 255 0 0 48
    255 255 255 255 24 0 255 255 0 255 255 0 0 0 255 0 184 255 0 255 0
    255 0 0 0 255 215 255 255 255 255 246 255 0 255 0 113 0 255 255 229
    0 0 0 255 229 0 233 255 255 149 255 0 35 0 0 0 149 236 216 0 78 255
    170 255 255 255 0 255 0 0 0 255 255 255 255 139 255 187 255 0 255 0
    255 32 255 255 255 68 0 0 255 255 0 0 255 255 255 0 0 0 255 209 141
    76 255 162 119 0 0 255 0 255 255 102 0 0 194 255 0 3 0 255 0 255 0
    255 0 119 0 0 255 0 255 0 255 64 0 78 255 255 255 0 0 255 255 0 0 46
    0 0 0 255 0 0 255 0 255 0 255 255 255 255 0 115 47 255 255 0 26 0
    255 255 255 0 0 0 255 0 0 0 255 255 255 255 239 255 0 0 0 255 80 255
    255 255 255 250 174 255 0 105 3 255 255 255 0 0 255 255 255 0 255 0
    255 255 49 247 0 255 255 255 0 0 47 255 0 255 0 0 0 165 250 255 144
    255 0 255 0 137 0 142 255 0 0 0 255 255 255 0 216 255 0 255 67 0 0
    255 255 255 255 0 0 0 255 255 255 255 0 185 0 43 113 255 255 29 0
    180 255 255 255 0 255 0 255 0 255 0 0 0 255 0 0 0 0 255 227 145 255
    0 255 255 255 0 0 0 255 15 0 0 0 255 0 255 0 255 97 0 84 0 255 0 0 0
    255 255 212 0 0 90 75 255 15 255 0 0 0 255 0 255 255 30 0 255 255 8
    0 0 255 17 255 0 0 255 255 255 0 0 0 0 255 255 0 255 0 255 0 0 178
    255 0 0 0 255 213 255 0 255 0 0 77 255 255 255 0 0 255 0 0 0 255 255
    255 244 0 0 0 0 42 255 255 255 255 0 0 0 255 65 255 0 0 255 227 255
    146 255 255 0 0 255 224 255 0 255 0 255 255 0 0 0 126 98 255 255 0
    255 0 255 0 0 0 72 255 255 255 255 0 0 0 243 162 255 0 255 255 255 0
    255 0 255 9 255 0 207 0 0 255 255 255 255 0 0 0 255 0 0 0 255 255
    255 3 0 190 255 255 0 255 255 255 71 0 0 255 88 0 0 0 255 199 0 0
    255 255 255 255 0 255 217 255 255 255 0 0 110 255 255 0 0 0 0 0 115
    0 0 0 255 0 0 255 0 255 255 255 0 0 190 255 2 253 255 0 58 23 255
    203 255 255 109 0 0 0 255 113 255 0 89 255 0 255 0 255 0 255 0 0 255
    255 255 0 255 0 255 175 255 0 255 192 255 255 255 0 255 0 255 84 255
    0 0 0 255 255 255 0 68 207 0 255 255 255 0 240 255 104 84 255 0 255
    255 255 0 212 82 0 255 255 165 0 0 0 174 255 0 140 0 255 0 0 0 255
    17 232 0 255 0 0 0 239 0 0 255 185 0 0 153 0 255 184 0 59 183 0 0 46
    51 255 255 255 105 255 0 0 28 0 255 255 0 0 255 182 255 0 12 0 0 255
    0 255 0 255 167 255 0 255 255 89 0 255 0 255 65 255 0 255 0 0 196
    255 255 255 0 255 255 255 255 0 0 255 255 63 255 0 0 0 255 255 0 0 0
    255 255 133 255 0 255 0 255 1 255 0 0 0 0 255 255 255 0 255 255 195
    0 255 0 255 255 255 255 0 255 34 255 0 0 255 255 255 0 184 255 255 0
    0 0 255 255 82 137 255 120 0 0 0 255 255 255 58 0 255 255 0 0 0 245
    255 255 255 43 0 255 0 0 0 255 224 0 0 255 0 0 0 0 255 255 255 255
    55 0 0 116 96 255 45 0 42 39 255 255 0 255 255 0 0 255 255 215 255 0
    255 0 255 0 0 0 0 0 99 144 255 0 255 0 255 255 255 0 243 171 255 0 0
    255 255 255 0 234 0 84 0 255 54 117 0 255 27 255 255 138 0 181 0 0 0
    94 255 255 0 56 0 0 0 255 0 255 0 165 0 255 255 0 255 177 0 0 255 0
    45 0 255 255 255 255 192 255 255 255 0 0 30 255 255 255 130 0 0 255
    197 255 255 211 255 255 0 0 255 255 0 0 0 255 0 0 255 135 0 0 195
    255 255 0 214 0 85 255 167 255 0 255 255 255 0 255 255 86 0 255 255
    143 0 188 11 0 255 255 255 0 0 159 255 0 102 255 255 255 0 0 97 255
    0 0 37 133 120 0 255 0 255 0 255 0 178 0 0 255 255 255 255 0 0 0 0
    255 0 50 255 0 255 248 0 0 255 255 7 9 255 188 0 0 255 255 255 0 255
    0 136 255 255 144 0 255 185 255 255 255 0 0 0 255 255 222 255 0 255
    0 255 0 245 44 255 255 0 0 0 0 0 255 255 0 255 0 0 9 255 0 255 0 0
    140 0 0 142 255 0 0 255 255 255 0 255 0 255 243 0 248 255 255 255
    255 255 255 0 0 0 255 255 0 0 255 0 255 20 0 0 96 255 255 255 0 0
    255 255 0 0 0 0 0 195 0 255 255 255 255 0 0 255 142 255 255 0 0 0 52
    0 0 255 213 255 255 255 255 255 0 0 0 255 0 0 0 0 255 0 255 255 191
    0 112 63 0 0 255 255 255 0 0 0 255 255 255 0 0 0 255 0 0 0 255 0 0 0
    255 255 255 255 0 255 0 255 0 138 0 255 0 255 0 245 0 0 255 255 255
    0 220 0 255 255 69 255 255 255 255 0 0 0 176 115 0 145 255 255 255 0
    0 255 0 255 0 255 255 255 0 255 190 255 0 255 0 46 0 0 230 255 0 255
    0 0 255 0 35 0 255 222 255 255 0 255 255 0 0 0 0 255 9 0 255 255 255
    255 150 255 0 255 255 255 0 0 96 255 0 117 0 255 255 255 0 0 0 255
    255 0 255 0 215 0 36 169 255 0 255 0 255 255 0 0 255 255 255 45 0 0
    255 255 255 0 218 0 113 0 255 0 72 255 255 248 0 165 216 255 255 0
    255 189 255 0 76 255 0 0 0 224 0 242 0 0 240 255 255 255 0 0 0 149
    255 255 0 0 0 255 51 255 6 0 255 0 255 0 255 255 201 255 0 129 255
    255 172 0 143 255 255 249 0 255 0 255 0 255 0 0 145 0 230 255 255
    255 255 255 255 0 255 255 255 131 255 0 255 255 255 255 127 0 0 255
    255 255 255 0 255 0 255 0 0 0 171 255 192 0 10 255 0 255 32 255 0 0
    0 255 0 255 0 0 0 255 255 51 255 0 0 0 255 255 0 255 255 234 0 0 0
    183 255 0 255 0 255 0 255 255 255 0 0 0 255 255 255 255 0 255 255
    255 255 124 0 255 0 0 0 0 255 255 255 0 0 171 0 255 0 228 255 67 0
    255 0 255 0 179 51 0 255 225 255 0 255 166 255 255 0 255 0 255 0 255
    0 255 170 255 0 0 255 0 0 255 255 0 11 0 0 255 0 255 255 255 193 125
    223 0 0 255 55 255 0 255 0 255 255 0 0 0 255 255 0 0 147 129 255 0
    255 0 255 255 231 51 0 0 136 255 255 255 255 0 0 235 255 255 162 0 0
    0 244 0 255 0 255 63 33 0 204 255 255 0 0 0 255 255 255 0 255 0 41 0
    0 0 0 245 255 0 255 255 255 20 226 0 0 0 55 0 255 0 0 0 0 255 255
    255 255 255 0 120 255 255 255 255 118 0 255 0 0 255 255 255 255 0 0
    236 255 154 255 0 255 0 192 0 255 255 255 115 0 146 0 0 0 255 255 0
    255 0 0 255 255 0 0 0 255 0 255 0 105 0 74 92 255 0 0 255 255 238
    255 255 114 0 255 255 255 0 0 255 255 255 0 0 0 35 255 255 255 0 0
    255 0 142 0 47 0 0 0 79 0 0 255 0 255 0 0 0 255 255 255 0 0 255 0
    255 0 255 0 198 255 0 128 0 255 0 0 255 255 0 0 82 255 216 107 0 182
    255 0 255 0 255 255 239 255 82 0 0 176 255 255 255 2 0 255 255 71 0
    0 0 255 255 255 0 0 0 255 145 255 255 0 0 255 203 255 0 0 0 0 176 0
    255 255 255 0 0 255 0 255 0 255 223 8 0 0 45 255 155 0 0 0 255 255
    255 255 255 0 0 0 197 255 255 0 95 255 255 0 111 0 44 1 0 255 171
    255 0 102 154 143 255 62 0 221 206 255 69 0 0 0 255 0 0 0 0 0 52 241
    255 0 14 0 0 255 255 0 0 0 255 255 255 0 0 255 255 0 148 0 255 255
    255 0 0 0 255 255 0 255 255 255 255 0 255 0 255 0 0 255 255 255 255
    0 0 0 255 255 255 0 0 0 130 0 255 255 33 255 0 186 145 0 25 0 204
    111 255 0 255 0 255 0 255 0 255 255 255 0 255 0 0 0 255 255 0 0 255
    153 0 0 0 255 255 0 255 0 0 75 255 255 255 255 0 255 0 0 255 0 255
    255 0 0 0 255 2 0 255 255 255 0 165 0 127 86 232 0 147 0 78 0 0 0 0
    255 255 0 58 0 255 255 0 0 58 0 255 0 255 0 255 0 255 0 0 0 255 0
    218 0 0 113 0 0 246 255 0 29 0 255 0 255 255 255 255 0 0 0 255 255
    255 0 255 0 255 199 62 0 0 13 255 255 0 255 87 255 255 255 106 0 0
    255 77 255 255 0 0 0 255 0 0 255 255 255 157 0 116 101 0 255 16 255
    255 255 0 0 0 0 255 0 0 0 0 255 255 255 0 0 255 255 255 0 255 0 255
    255 0 5 0 255 41 0 0 255 216 0 0 124 255 0 0 0 255 255 191 191 0 255
    151 0 255 0 255 217 255 190 0 0 0 255 0 255 0 144 0 255 184 255 255
    68 0 0 255 0 0 255 0 255 0 20 0 255 255 0 0 0 106 0 0 255 80 255 0 0
    185 255 0 0 255 0 255 0 255 255 255 0 0 255 0 0 255 255 255 0 0 255
    0 255 255 255 0 255 184 0 0 255 255 255 0 0 0 0 255 255 255 27 243 0
    255 0 255 0 255 255 0 0 0 255 181 251 255 0 0 255 255 0 0 0 255 255
    0 0 0 0 255 0 114 255 0 255 0 255 0 0 255 148 255 255 0 0 0 255 146
    0 255 255 32 0 0 0 255 255 255 108 0 255 0 0 0 0 0 60 255 255 236
    255 0 255 255 0 57 255 165 255 0 255 0 0 215 255 255 255 255 160 0
    255 0 0 0 0 237 255 255 213 0 34 255 255 255 0 105 0 0 255 255 255 0
    255 0 96 30 255 88 255 0 0 255 0 0 0 255 13 255 95 212 255 0 0 0 0
    255 0 255 0 255 255 255 255 0 0 0 255 255 0 255 106 255 97 151 255 0
    255 0 255 222 218 255 10 115 255 255 255 255 0 255 0 42 0 255 0 255
    255 0 0 0 0 255 0 0 255 0 135 79 251 255 0 0 0 255 20 0 255 0 0 206
    255 255 255 0 0 0 60 83 255 255 79 255 255 0 0 255 197 255 255 0 0 0
    187 255 0 49 0 82 0 202 165 0 255 0 255 255 0 0 0 0 29 255 0 0 0 255
    255 255 40 0 0 255 255 255 0 0 255 105 255 0 255 0 255 0 255 255 0
    255 83 0 138 255 255 255 255 210 255 0 0 0 174 255 255 0 0 67 255
    255 0 255 0 7 255 255 255 0 0 255 255 255 0 255 255 0 255 0 0 0 255
    71 212 0 0 0 255 255 50 62 0 0 123 255 48 0 35 255 255 150 0 0 0 11
    0 255 0 255 0 48 255 0 255 5 217 150 255 0 49 255 255 255 0 0 255 80
    255 247 255 0 0 108 7 255 215 255 0 255 255 0 81 0 255 4 0 0 255 0
    255 0 255 255 0 0 0 255 77 0 255 206 255 186 22 0 194 0 255 0 0 0 20
    255 0 0 0 204 255 255 0 0 0 146 0 255 17 255 255 255 255 0 0 0 41
    255 205 255 255 255 0 255 255 255 0 255 255 255 0 0 68 0 255 0 255
    55 255 255 0 0 255 0 255 176 255 203 0 42 0 0 0 0 255 0 255 0 0 0
    255 255 116 10 255 94 0 0 255 255 0 252 173 0 255 255 99 0 255 0 0 0
    255 255 255 186 77 166 255 0 255 0 85 0 255 255 0 67 36 0 255 136
    255 229 255 0 247 164 255 0 0 0 255 255 255 0 0 0 196 145 255 0 255
    255 75 66 170 0 255 255 255 199 255 0 255 0 0 255 255 0 0 0 248 0 0
    255 255 0 255 0 251 254 255 0 58 255 255 255 255 0 255 80 102 0 255
    152 255 0 255 0 0 0 255 255 255 83 0 255 0 4 0 255 66 255 0 255 0
    255 255 255 255 0 0 255 255 0 0 85 255 255 255 255 0 167 0 0 171 0
    255 0 255 150 0 255 0 0 0 59 0 0 2 255 35 255 0 255 0 255 0 255 0
    255 0 255 255 255 0 0 0 255 0 0 0 255 255 0 0 0 183 255 0 0 255 243
    0 0 255 255 255 0 0 0 0 0 0 255 255 180 255 240 255 0 255 14 0 0 0
    255 255 255 0 255 122 0 0 0 255 255 255 255 0 0 0 255 0 255 81 108
    69 0 0 0 255 128 0 0 0 255 255 255 0 0 255 0 255 0 112 0 0 0 0 255
    255 28 0 0 54 0 255 255 255 255 255 0 0 0 117 74 255 255 0 0 0 255
    255 255 53 255 0 0 0 0 119 150 13 255 255 0 0 0 255 255 0 0 161 255
    255 104 255 145 0 255 0 255 255 255 0 44 18 0 255 132 147 0 51 255
    255 178 0 210 206 255 255 0 193 255 251 255 0 0 201 0 255 12 0 165 0
    0 255 255 205 177 255 255 255 175 0 255 0 32 0 0 255 0 0 68 169 255
    0 255 255 0 0 0 0 255 255 0 0 227 255 0 98 255 255 0 255 0 0 248 77
    0 243 255 0 255 0 255 0 255 0 255 47 255 255 0 0 0 0 31 255 166 255
    255 0 0 0 255 177 255 0 0 0 115 255 255 184 255 255 255 255 0 0 90 0
    255 255 255 255 228 5 0 0 0 0 0 0 0 255 255 0 0 83 255 0 0 0 0 255 0
    75 0 255 0 255 0 198 70 255 255 255 0 255 0 255 190 255 255 68 255 0
    255 235 255 0 0 255 255 0 0 0 255 0 255 255 255 255 127 0 160 0 0
    255 20 255 0 0 0 0 255 198 255 107 0 0 0 255 255 208 0 11 0 255 255
    255 0 0 95 255 255 255 0 0 255 255 0 255 255 0 0 0 255 0 0 255 0 141
    255 255 255 0 0 0 104 0 8 255 0 0 0 255 255 255 255 255 189 0 0 0
    255 255 0 37 255 255 0 0 0 0 255 0 255 207 255 0 255 0 195 208 255
    53 0 255 255 13 0 0 255 0 233 255 255 255 0 0 0 0 255 255 255 246
    255 0 89 0 0 126 255 174 0 255 0 255 101 0 0 255 255 255 50 0 0 0 0
    255 12 5 255 255 0 255 0 48 0 255 255 0 0 0 0 198 255 255 33 0 255
    250 255 0 86 255 59 255 0 255 0 255 159 255 0 255 83 161 18 0 0 27
    255 0 255 0 255 0 255 98 101 255 124 23 0 0 197 0 0 0 255 0 255 0 89
    0 0 255 12 255 255 213 255 0 0 255 255 255 255 0 255 0 0 0 255 255
    255 255 0 0 0 136 255 255 255 0 0 0 0 0 255 103 255 118 255 38 24 0
    255 0 255 0 17 196 255 255 255 255 0 0 0 255 0 255 0 255 0 0 255 255
    255 146 0 0 255 255 255 52 44 255 255 0 0 181 0 0 255 0 87 29 255 0
    160 46 255 0 255 0 255 0 255 255 255 0 0 67 155 124 0 255 0 255 176
    32 0 0 255 255 23 219 255 255 255 255 0 0 79 15 255 0 0 255 255 255
    169 79 121 0 0 255 131 68 255 255 0 255 0 181 255 255 0 0 0 106 255
    255 145 0 255 255 255 255 0 255 52 255 0 65 0 255 0 255 11 0 0 117 0
    0 255 255 255 0 230 255 255 0 131 0 255 0 255 0 163 0 214 0 117 255
    255 255 0 0 0 0 0 235 0 0 255 255 255 0 43 0 195 255 0 0 255 195 255
    0 0 255 255 255 0 0 255 187 0 255 44 0 0 255 0 255 255 255 255 0 0
    52 3 248 130 97 0 255 0 255 85 255 134 19 0 0 0 59 255 255 110 255
    55 0 0 255 0 231 19 255 0 255 22 255 0 131 255 55 255 0 255 36 255 0
    255 255 255 0 0 255 0 255 0 0 255 255 224 0 255 0 0 255 255 255 0 0
    0 0 0 0 255 255 17 0 0 0 255 255 154 0 255 255 255 255 0 0 185 255
    255 0 0 127 255 199 103 0 228 229 255 0 255 255 0 0 10 0 255 255 255
    51 0 61 255 255 255 0 0 195 255 255 255 255 255 184 45 35 94 155 255
    173 0 0 158 255 255 0 23 80 39 0 255 255 0 105 0 0 255 255 0 0 0 255
    42 255 186 255 0 255 0 255 174 0 0 0 255 255 255 0 0 0 179 255 255
    255 0 0 0 255 255 0 0 0 255 0 0 0 255 255 224 255 0 255 0 0 255 255
    0 0 0 255 0 13 255 255 106 255 0 255 0 255 0 0 0 0 0 0 255 240 255
    64 0 37 255 255 128 255 0 0 161 0 196 0 217 255 0 255 255 255 96 255
    0 255 255 255 0 0 255 255 255 0 0 98 255 0 0 0 255 7 0 0 0 0 255 255
    0 0 70 255 0 0 0 255 255 220 255 255 31 0 104 255 129 237 235 0 0
    255 0 46 0 0 0 255 255 255 255 0 41 255 255 0 0 0 255 0 255 0 255
    138 231 0 255 255 95 0 0 255 255 0 0 0 209 255 255 0 0 255 255 255 0
    255 0 0 0 0 255 0 23 255 22 130 255 63 255 0 0 255 255 255 0 255 0
    204 255 255 185 0 255 60 255 0 0 0 255 255 135 0 255 0 0 255 255 255
    255 0 0 0 255 255 115 0 0 226 255 255 0 255 238 0 255 255 136 0 0 0
    255 186 255 174 102 255 0 0 163 87 255 255 0 119 0 255 0 221 0 0 0
    255 0 0 255 255 0 1 145 255 0 255 0 255 192 4 255 203 255 0 255 213
    0 0 255 255 0 0 0 255 255 0 255 255 255 0 0 0 255 255 0 255 246 255
    0 0 56 0 0 0 255 255 0 0 0 255 0 255 0 255 255 0 255 0 255 0 89 255
    0 255 255 255 0 0 0 255 239 255 255 255 0 210 255 0 0 138 255 255
    255 0 255 179 255 0 52 255 230 255 0 0 255 255 255 0 0 255 0 255 255
    255 255 0 0 0 55 0 255 255 51 255 31 0 0 150 31 193 0 255 255 17 182
    0 0 255 255 255 0 161 0 255 255 255 255 0 255 126 71 0 10 2 157 0 0
    96 255 209 185 0 255 0 255 0 0 0 48 255 255 52 0 0 0 0 255 255 4 6 0
    255 255 255 0 255 3 255 255 0 255 255 0 0 0 255 255 174 252 0 120
    255 0 254 0 0 0 255 255 0 0 255 255 178 255 49 3 0 255 255 255 0 255
    255 255 255 0 0 0 255 4 255 0 0 109 12 255 255 189 0 0 255 0 0 0 255
    255 0 255 0 255 0 255 255 255 0 223 37 224 0 255 0 255 0 0 255 255 0
    255 0 255 36 0 0 0 0 255 0 255 0 35 0 255 255 0 255 255 255 0 0 0 46
    255 193 192 0 0 0 140 255 0 225 0 0 255 231 0 145 255 0 255 0 255 0
    255 0 197 255 255 0 0 221 255 255 0 255 0 0 0 255 255 255 0 124 0
    255 0 28 0 0 255 255 0 255 0 255 0 223 0 205 226 0 255 0 255 87 255
    255 255 214 255 106 145 0 81 0 250 255 0 0 234 0 255 0 255 0 0 88
    255 0 241 255 255 255 255 0 0 0 255 96 255 255 181 255 149 255 0 255
    0 255 15 32 0 0 0 255 179 0 255 0 255 255 255 1 255 255 255 0 0 0 62
    255 0 255 0 255 0 0 0 0 76 147 255 0 70 0 255 0 155 255 0 0 0 255
    255 255 0 255 255 92 0 255 255 68 248 251 0 255 0 0 255 255 255 0
    111 0 255 255 203 58 0 0 0 0 255 255 0 0 0 255 251 255 0 228 0 0 255
    234 255 255 42 0 255 255 0 0 255 255 255 0 0 207 0 0 255 255 0 0 255
    255 211 0 0 0 255 0 255 255 198 0 255 123 28 171 93 255 0 255 0 0 14
    255 255 0 0 0 0 255 255 255 0 0 255 0 255 0 0 255 255 0 0 0 0 255 9
    255 248 97 255 169 0 0 165 255 0 0 107 255 255 203 242 255 166 255 0
    255 255 255 255 0 255 0 0 0 0 255 0 255 0 255 0 255 0 162 0 255 1 34
    9 255 0 0 255 255 0 255 0 0 255 0 0 255 255 0 166 0 255 255 0 62 0 0
    255 255 255 0 60 58 0 255 0 255 0 0 88 0 255 255 255 76 0 255 255 0
    104 0 255 255 255 0 0 0 0 50 178 0 0 0 255 255 0 255 0 0 0 255 255
    98 0 0 0 131 75 213 255 0 255 255 255 0 255 0 0 0 255 255 255 0 0 0
    219 0 0 0 0 0 255 255 88 0 0 255 255 0 0 0 255 255 255 255 0 0 255
    255 0 255 0 255 0 255 221 255 255 0 0 0 0 255 0 0 255 255 255 0 0 0
    255 0 255 0 0 95 255 255 255 255 0 0 255 255 255 0 255 255 0 0 34
    255 255 44 0 231 255 255 0 255 255 228 0 9 255 255 255 0 0 255 255
    255 255 88 187 0 255 224 255 57 0 0 255 0 255 0 255 0 255 168 0 255
    255 124 255 0 0 0 0 10 0 255 0 255 255 255 203 0 0 255 0 255 0 255 0
    255 0 0 255 255 255 201 255 0 0 255 255 255 0 124 255 255 255 41 0 0
    0 255 255 255 0 0 255 0 232 0 255 0 0 0 0 88 0 0 0 197 255 0 0 255
    207 255 255 255 167 255 255 0 255 255 255 0 255 171 0 255 149 0 194
    0 105 255 0 255 0 0 0 255 0 0 255 255 255 0 0 0 221 0 215 0 0 0 255
    0 255 255 0 255 0 96 0 0 0 255 255 255 0 255 0 144 0 0 215 255 0 200
    255 124 155 62 0 185 255 21 153 219 0 63 0 0 255 255 255 0 255 204
    160 0 0 0 255 255 224 0 0 255 255 0 241 0 255 255 0 0 167 0 155 255
    255 255 109 0 255 0 157 0 255 0 255 0 0 200 0 255 0 255 0 0 185 255
    255 0 0 117 255 94 88 0 0 0 0 3 143 255 255 255 0 174 0 255 144 255
    3 255 0 255 190 255 255 255 148 0 0 255 255 255 0 0 255 255 0 255 0
    0 0 255 255 0 0 255 227 255 0 99 0 0 255 255 0 0 0 228 255 255 0 249
    255 255 19 255 0 255 164 255 0 0 255 255 255 0 172 0 0 0 0 151 0 255
    255 255 255 0 255 255 255 255 255 0 0 255 181 255 0 255 0 144 185
    255 66 255 0 255 0 16 0 0 255 238 255 125 54 255 195 255 255 36 255
    255 255 0 109 0 0 255 255 0 0 34 0 0 23 0 243 191 104 0 0 255 255
    255 0 255 255 255 255 0 181 91 255 255 0 0 205 0 0 0 255 0 255 0 255
    0 255 0 10 248 111 255 74 255 0 0 0 255 0 45 255 0 255 49 255 255
    255 0 0 0 241 13 0 255 255 255 255 90 0 255 255 255 0 0 0 255 171 0
    255 9 58 0 255 0 0 255 255 255 212 0 255 255 38 0 144 255 255 0 0 0
    117 255 185 0 255 124 255 255 0 255 255 89 0 255 136 0 0 0 79 0 255
    255 38 255 133 255 255 255 0 0 0 255 255 255 41 0 0 255 31 255 0 255
    255 255 0 4 255 249 255 255 0 0 255 16 255 86 0 255 255 0 0 255 0
    255 255 255 0 255 222 0 255 0 255 0 239 255 255 0 255 113 0 255 255
    0 0 255 255 255 0 0 0 255 255 255 255 0 255 255 255 0 255 0 255 0
    255 255 186 0 0 255 255 0 0 0 255 255 255 255 69 0 255 0 0 255 255
    255 83 255 255 0 68 0 255 255 255 0 0 213 0 255 255 255 255 255 0
    255 172 255 0 116 255 0 0 0 255 0 255 255 0 255 0 206 0 255 255 0
    255 255 255 255 0 71 0 0 255 255 255 225 0 195 107 0 160 6 0 24 255
    0 255 255 255 0 0 255 0 255 0 0 255 234 255 0 34 255 255 165 0 0 255
    255 255 255 0 0 175 255 255 0 255 255 255 255 0 0 0 255 255 255 0
    255 255 255 0 0 0 255 214 0 0 0 255 0 0 0 0 255 255 255 255 255 0 0
    0 0 255 255 255 0 255 255 255 0 106 255 255 255 0 0 255 0 0 255 255
    255 0 0 0 161 0 0 0 166 255 255 0 0 239 247 255 0 0 0 0 0 255 255
    255 0 0 0 255 0 0 124 255 255 0 0 255 255 255 0 0 0 255 0 255 0 0 0
    255 0 255 255 255 0 0 0 120 255 255 76 255 0 0 0 0 255 255 255 0 0 0
    255 255 255 0 9 255 65 255 255 255 255 0 0 0 255 255 220 5 0 255 255
    0 130 255 0 0 0 255 255 0 0 0 186 255 0 220 0 255 5 255 0 255 0 0 0
    0 255 255 0 196 0 158 0 255 0 255 147 0 0 0 255 0 0 99 0 0 255 0 255
    0 255 107 255 0 121 245 255 0 255 0 0 0 0 255 193 0 0 255 255 0 0
    230 168 0 0 255 0 255 154 255 0 0 255 192 255 0 143 183 0 255 255 15
    0 99 142 83 0 255 255 153 0 174 126 255 255 0 0 0 255 255 0 0 0 249
    255 255 0 0 255 0 138 0 255 0 255 238 0 255 255 255 38 0 255 0 255 0
    255 0 255 0 0 255 255 255 255 255 96 255 255 68 245 255 255 0 0 239
    255 0 0 0 139 255 255 111 176 0 255 255 0 216 153 255 146 0 255 0
    255 0 255 0 0 8 255 0 103 0 156 255 255 134 0 255 0 0 229 32 0 255
    60 255 0 255 0 255 0 255 255 164 0 0 0 255 255 255 76 138 0 255 0
    233 0 0 255 62 255 255 255 255 186 0 0 0 0 255 255 255 180 255 17
    255 0 255 0 209 255 0 255 255 255 255 0 208 255 201 255 255 0 0 0 93
    255 205 0 0 255 255 0 0 255 255 255 0 79 255 0 0 0 255 0 255 0 255 0
    255 25 255 0 6 0 255 0 255 67 0 0 124 89 255 0 255 0 255 0 255 255
    255 0 0 0 255 255 255 0 75 31 255 255 0 0 0 0 0 255 173 255 241 0 63
    255 152 255 0 247 255 6 255 0 255 255 255 185 0 255 0 255 72 255 73
    255 0 100 255 255 255 255 0 0 0 0 255 0 0 255 255 255 0 0 0 193 255
    235 129 255 255 0 0 255 255 255 0 236 248 255 255 255 0 255 255 255
    255 0 0 0 0 255 0 255 124 255 0 0 0 0 255 255 255 255 24 255 0 255 0
    158 0 255 61 0 255 255 0 0 0 255 255 255 0 0 255 0 0 0 194 255 255
    255 0 0 0 255 255 20 255 255 0 180 243 255 0 15 0 122 0 255 255 0 0
    0 0 0 0 144 255 0 255 141 255 34 0 0 0 255 94 0 148 255 0 255 0 0 0
    0 255 0 0 51 255 232 0 253 0 80 0 255 255 255 255 0 0 255 255 255 0
    0 0 113 255 255 0 255 0 0 0 255 255 255 64 255 0 0 0 255 255 162 255
    32 255 0 104 255 0 0 0 255 207 255 255 255 0 92 87 255 255 0 74 0
    101 156 0 0 255 0 255 0 0 0 0 255 0 0 255 255 0 255 0 0 0 0 255 255
    255 0 255 190 255 0 0 0 170 72 255 86 17 183 0 35 0 255 255 0 115
    255 0 0 0 0 0 114 255 255 30 255 0 255 0 255 0 255 0 255 0 25 255
    255 0 107 255 0 15 66 255 0 0 53 116 255 255 0 172 0 255 0 0 0 47
    255 0 0 0 255 255 0 255 255 0 215 0 255 10 255 255 0 0 101 150 255 0
    0 255 17 0 0 255 255 0 0 0 255 255 255 255 0 0 255 0 255 255 0 0 0
    255 255 255 0 0 255 255 255 255 255 0 255 0 206 0 158 255 255 0 0 0
    0 200 255 49 43 255 96 255 255 0 41 0 0 255 0 255 112 120 48 0 0 55
    255 255 255 0 0 0 0 255 255 255 255 0 255 0 255 0 255 255 255 255
    147 255 0 255 0 255 255 44 255 0 255 34 0 0 70 124 255 0 0 248 255
    255 0 8 0 0 0 255 255 255 0 0 0 0 255 73 255 0 0 255 255 255 255 0
    171 0 255 0 0 0 199 255 255 0 255 104 255 101 255 255 234 29 0 255
    93 255 0 0 255 255 255 0 0 255 255 255 0 0 0 255 0 0 0 166 255 255 0
    0 0 0 255 183 255 0 0 199 102 255 0 255 255 0 198 0 255 255 255 255
    255 255 255 255 30 0 215 255 0 240 0 255 0 0 0 16 255 255 255 158 0
    240 0 14 255 255 0 0 255 0 255 0 0 0 255 0 255 255 0 0 0 255 115 0
    255 0 255 0 0 74 0 255 0 255 255 255 0 0 0 0 0 255 229 0 43 93 62 0
    0 0 255 255 255 252 0 255 255 255 255 0 255 54 255 0 0 255 255 0 0 5
    0 255 253 255 0 0 0 255 255 255 0 255 0 0 255 0 0 0 255 0 255 255
    255 0 255 0 198 0 0 125 255 255 0 255 255 25 0 255 255 0 0 255 255
    255 0 0 87 255 86 255 255 148 255 0 255 0 27 0 255 0 97 0 96 0 11 0
    0 0 255 0 74 23 204 255 0 255 91 114 0 73 0 0 215 0 255 255 255 15
    79 0 255 0 0 54 125 0 78 0 0 14 93 0 255 46 255 231 95 0 0 255 255 0
    0 0 7 255 255 255 255 0 255 0 255 255 0 110 255 0 255 0 255 0 255
    225 0 0 86 255 0 0 0 190 255 0 255 0 129 0 255 95 0 89 0 255 255 0 0
    255 201 255 0 255 0 0 255 255 255 0 0 255 255 255 0 0 255 255 0 255
    255 185 0 0 0 255 255 255 255 0 71 0 255 106 0 0 0 255 255 0 0 0 255
    0 255 255 224 174 0 0 0 0 255 0 255 255 0 0 0 255 255 255 255 0 0
    255 0 255 0 255 255 137 0 255 255 255 0 255 139 255 172 0 255 255 0
    0 255 255 0 255 216 255 216 255 0 0 255 255 243 255 0 255 0 255 0
    255 255 3 89 0 255 0 0 255 0 255 0 255 0 0 0 56 255 0 168 32 140 172
    132 255 0 0 255 255 255 0 0 17 255 114 0 0 255 255 0 0 228 255 255 0
    255 0 255 0 0 237 255 48 228 0 255 255 255 245 255 0 255 255 0 0 255
    255 255 220 255 255 0 255 0 255 233 255 255 255 0 255 0 0 0 255 255
    255 0 255 196 255 0 0 0 255 255 0 255 0 255 42 255 0 0 0 0 255 0 255
    255 0 0 0 255 0 255 68 255 0 255 0 178 253 0 0 0 255 255 255 255 255
    0 0 0 0 205 0 230 0 255 255 0 131 255 37 255 252 0 0 0 0 255 0 255
    255 233 52 74 0 0 255 194 255 0 57 0 255 0 255 217 255 0 0 0 255 91
    0 0 255 0 0 0 255 255 0 0 255 0 125 255 255 255 0 255 255 231 255 0
    0 255 233 255 22 0 255 255 255 0 0 0 246 255 255 255 0 0 0 99 255 0
    255 13 255 0 255 87 255 0 116 0 255 208 0 0 0 0 12 255 77 123 0 0 89
    218 255 0 0 255 255 0 255 0 255 255 255 255 98 255 0 255 255 255 215
    0 0 255 255 255 0 0 213 255 90 0 0 255 0 247 0 255 0 0 0 255 255 0 0
    255 150 0 0 255 255 107 0 0 255 0 19 8 255 0 255 0 255 162 136 0 0
    255 209 239 255 0 255 0 255 0 255 120 255 0 0 0 255 140 255 255 0
    255 0 163 255 255 255 0 255 255 151 0 255 0 0 0 0 255 0 255 68 0 255
    0 48 25 255 202 255 87 255 0 0 0 255 79 255 147 0 0 151 255 255 255
    0 0 255 255 255 0 91 0 255 255 0 255 0 255 255 209 0 0 0 255 255 255
    255 255 255 1 231 0 0 0 255 255 255 0 0 0 218 255 0 255 0 255 8 66 0
    0 0 255 255 0 0 0 0 0 0 255 0 255 255 255 207 0 0 0 0 255 64 255 0
    255 255 0 41 255 255 0 0 0 255 163 0 255 0 255 255 0 0 193 222 255
    154 255 41 183 0 255 255 255 0 255 225 255 0 255 0 197 94 111 0 205
    255 255 187 0 0 255 255 255 255 0 0 182 255 0 0 0 255 255 0 0 255
    255 255 0 100 0 0 0 68 203 255 0 201 19 0 255 76 0 0 255 0 0 255 175
    189 255 175 100 255 160 0 0 0 0 0 0 125 0 255 255 153 228 0 255 0
    255 0 255 255 0 0 161 118 0 255 0 87 0 255 255 209 0 199 255 255 38
    255 255 0 0 255 0 36 0 255 255 255 0 0 0 255 255 56 0 255 255 255 0
    255 0 255 0 60 0 255 255 187 0 255 0 255 0 255 255 255 0 205 0 255
    64 255 255 255 1 0 179 0 0 68 0 255 0 255 0 113 0 255 2 255 0 255
    255 255 0 0 0 135 188 0 255 0 255 0 255 0 0 0 0 52 255 255 220 0 255
    255 255 0 0 179 0 255 82 255 0 255 255 73 0 192 101 255 11 0 0 0 255
    255 0 0 36 0 0 0 255 0 255 108 255 72 0 255 0 31 0 63 0 235 255 0
    255 255 0 0 0 255 0 255 0 255 0 213 255 255 0 255 0 255 0 255 255
    255 0 0 255 151 180 0 255 0 255 0 0 0 22 255 0 255 40 255 255 0 255
    0 133 0 255 122 0 0 255 74 255 0 97 0 125 255 255 0 0 139 255 0 255
    0 255 0 255 49 255 255 0 255 0 255 0 13 0 0 255 0 255 0 0 0 255 255
    255 0 0 255 255 255 255 0 0 135 255 255 12 0 255 255 0 255 0 0 0 255
    60 0 0 255 255 49 255 0 0 0 151 255 255 0 255 42 58 255 255 0 0 255
    0 255 80 255 0 36 41 165 255 91 255 255 255 0 0 0 255 255 255 255 0
    0 222 0 140 0 255 0 0 0 0 255 255 181 255 0 0 140 255 210 255 0 0 0
    255 39 255 0 255 0 74 0 0 255 0 255 0 0 255 255 255 0 255 255 0 0 0
    255 219 255 0 116 87 0 72 109 255 0 0 23 255 255 180 0 255 0 255 255
    255 0 228 0 245 0 89 128 255 255 255 0 0 0 255 0 0 0 255 255 0 0 0 0
    255 255 255 0 0 0 83 255 152 255 255 133 255 255 255 0 255 0 255 51
    0 0 0 147 158 255 0 0 171 141 255 255 255 216 0 255 0 255 166 98 255
    0 255 0 255 255 156 0 135 65 255 255 0 201 0 0 0 10 255 255 0 0 255
    255 231 255 255 0 255 255 55 255 0 148 0 255 0 0 0 139 0 0 4 0 0 228
    255 255 0 0 0 255 0 0 0 0 68 109 0 0 255 255 255 255 255 255 255 58
    255 0 0 0 241 255 255 255 255 0 255 0 0 255 0 255 0 242 0 135 0 255
    0 255 0 0 69 0 100 255 255 0 255 0 150 255 255 255 0 255 255 41 255
    255 255 255 99 68 0 0 221 0 0 255 255 255 0 255 132 125 255 255 255
    0 255 143 0 255 0 0 0 255 255 214 255 196 205 255 89 63 165 0 255 89
    0 255 0 255 0 167 0 43 48 253 255 0 28 255 0 255 255 255 255 0 0 0 0
    255 0 0 0 183 0 0 255 0 255 228 255 0 255 0 255 255 255 0 0 0 0 255
    0 255 0 255 0 11 255 255 255 255 255 0 255 255 81 121 255 0 0 0 255
    255 0 255 255 255 47 0 73 183 255 255 230 0 255 0 255 139 255 0 0
    255 255 0 214 0 0 0 255 255 173 255 0 0 0 255 147 0 0 255 255 77 255
    255 237 149 0 0 255 255 0 235 0 124 255 0 0 213 0 0 255 255 255 255
    0 255 255 0 0 176 255 0 126 255 255 0 0 0 230 255 0 0 0 0 255 255
    255 0 20 84 140 138 255 0 0 0 255 255 0 167 0 48 255 255 255 0 0 255
    0 255 104 0 73 255 255 0 255 253 69 255 255 0 144 0 255 255 255 0 0
    0 0 244 255 255 255 0 0 255 255 132 255 255 255 0 0 0 255 5 0 0 195
    0 0 0 255 255 255 0 174 0 255 0 169 0 182 0 0 49 8 0 0 255 163 255 0
    255 255 200 0 0 0 255 141 255 255 255 0 239 0 255 255 0 0 68 255 255
    255 0 96 0 255 255 255 255 255 255 0 255 0 255 255 255 255 0 0 0 255
    53 0 255 0 255 255 156 169 0 61 255 255 0 96 0 255 255 61 0 93 18
    246 161 0 4 0 129 255 255 255 255 0 0 0 0 255 142 185 0 19 0 0 0 255
    65 255 255 0 0 0 0 255 0 255 255 255 0 86 247 255 255 255 0 0 0 255
    0 255 77 0 255 255 237 0 129 255 6 0 255 0 51 255 255 114 0 135 253
    255 0 0 255 0 255 255 255 244 223 0 144 251 255 255 191 0 255 227 0
    255 0 0 0 255 255 255 0 255 227 0 0 255 0 255 0 0 255 8 0 255 255 0
    255 0 255 255 255 0 103 0 0 255 0 154 252 255 255 255 0 0 255 0 200
    0 49 255 0 255 0 255 0 255 0 51 255 94 255 0 255 255 64 0 255 0 0 0
    255 133 0 255 255 0 0 255 0 255 0 0 255 255 255 255 255 0 0 255 255
    255 255 0 255 0 0 0 108 8 255 0 255 0 255 164 255 68 0 0 0 255 126
    164 56 255 0 82 255 255 0 0 255 255 255 255 0 0 255 255 255 160 255
    0 0 206 0 0 255 255 255 255 124 0 70 0 0 255 255 70 255 0 255 0 255
    255 255 255 255 0 0 0 62 6 255 0 129 15 255 0 137 255 255 255 0 0 0
    59 0 0 0 255 0 255 0 0 255 255 255 255 0 0 255 51 156 0 0 255 255
    145 0 0 0 255 255 0 147 158 255 255 0 0 0 0 255 255 255 0 0 255 0
    181 255 255 0 255 0 203 0 0 0 141 255 0 0 47 186 255 79 83 0 255 255
    241 255 0 0 202 255 255 255 0 138 0 0 255 255 0 0 0 255 255 0 0 255
    255 45 255 255 0 0 152 255 255 255 102 0 255 255 255 0 0 100 94 255
    126 0 255 231 0 115 169 255 0 255 0 255 255 0 255 0 206 0 185 0 255
    243 0 255 255 167 0 0 0 255 255 255 0 255 230 0 255 255 123 123 251
    226 255 255 255 255 0 255 0 0 255 0 255 0 255 54 22 0 0 255 255 255
    245 0 0 255 255 255 0 0 50 131 255 255 0 0 0 255 255 255 255 255 109
    0 0 255 0 102 0 0 255 255 255 255 0 0 0 0 51 255 255 255 0 0 0 0 255
    255 255 0 212 0 255 0 251 0 0 0 255 255 255 0 0 255 255 255 0 0 255
    32 255 0 0 255 0 93 0 0 255 174 255 255 218 0 255 0 0 0 255 255 0 0
    0 0 0 255 255 255 255 0 255 255 0 255 0 0 0 255 32 255 0 227 1 237 0
    30 28 255 255 255 96 244 255 0 0 38 255 255 255 0 192 102 255 0 0
    255 0 169 0 255 255 255 0 0 82 0 0 0 255 0 0 0 255 0 0 255 129 255 0
    0 255 255 0 0 0 191 255 0 196 0 255 0 255 23 255 122 255 113 255 255
    255 0 0 0 255 255 0 255 255 255 255 0 3 129 0 255 255 255 0 0 0 132
    255 0 0 255 255 255 0 0 255 255 226 6 0 255 97 255 0 0 255 0 21 0 0
    255 74 140 0 0 0 216 255 255 255 232 0 0 0 191 0 255 0 195 0 255 17
    255 153 255 255 0 0 0 255 255 246 0 255 0 0 0 0 255 255 171 0 0 255
    169 255 255 255 0 28 0 255 255 255 255 0 255 0 0 174 255 150 0 0 233
    255 255 255 63 255 249 255 0 0 255 255 46 0 247 255 0 0 0 250 255 0
    255 255 255 182 0 0 38 0 255 197 187 0 242 237 255 0 11 44 255 58
    255 0 0 0 255 255 0 0 0 255 255 255 0 0 198 255 255 32 0 239 255 255
    0 0 255 255 141 255 237 255 124 0 0 81 145 0 255 255 0 0 255 225 34
    0 255 98 30 120 255 255 255 255 255 2 0 0 0 255 0 240 255 157 255 0
    39 80 0 255 0 255 0 0 0 0 255 255 255 255 248 0 0 0 122 255 0 255
    255 0 115 0 255 255 0 0 0 212 0 51 0 0 98 218 255 0 255 94 255 0 0
    255 255 255 255 204 144 255 0 213 0 255 0 0 255 0 0 255 255 255 0 0
    255 0 0 0 255 202 255 255 0 255 0 26 0 0 214 83 255 0 255 80 0 0 0
    255 0 0 255 255 255 255 179 0 0 255 255 0 0 197 255 255 245 0 255
    255 255 255 169 0 0 0 146 0 255 226 255 58 0 0 255 245 0 255 255 255
    0 0 0 255 255 0 0 255 255 255 255 0 155 0 0 248 0 0 255 59 255 100 0
    0 255 255 0 0 0 0 0 255 255 57 0 183 0 255 255 0 95 255 0 255 0 255
    0 0 255 0 0 255 172 0 255 0 255 0 255 0 193 0 0 255 0 255 0 255 255
    35 255 255 0 21 192 255 255 255 255 0 0 255 69 255 0 255 255 0 0 198
    255 42 0 255 142 255 0 255 0 255 255 255 0 0 123 235 0 0 255 255 0
    255 0 255 0 116 255 255 255 255 0 0 255 141 255 0 255 0 255 0 255
    169 255 0 236 0 0 0 255 0 100 25 0 255 0 255 0 69 42 255 0 255 255 0
    255 0 255 181 255 0 0 255 255 70 255 0 0 255 255 0 0 0 255 0 0 173
    79 199 237 35 255 0 0 0 0 255 255 0 0 0 255 0 0 2 255 0 255 255 255
    255 0 170 255 255 223 255 255 0 0 248 255 255 245 0 0 245 255 255 0
    0 0 255 255 0 0 0 0 193 0 255 0 255 255 255 255 0 0 36 255 255 255
    255 100 0 0 255 255 255 0 0 217 255 0 255 0 255 103 165 35 255 0 0
    45 0 0 255 94 255 14 35 0 255 0 0 57 0 96 162 0 255 167 0 0 190 0
    255 255 255 255 0 0 0 255 0 255 0 108 255 255 255 255 93 255 81 255
    0 0 0 0 0 255 255 255 0 0 255 0 190 213 126 255 0 255 21 0 199 0 0 0
    255 255 0 0 255 255 0 0 255 87 255 0 255 0 255 255 255 0 108 189 0
    77 255 0 255 0 255 255 255 0 255 140 0 0 0 123 255 255 255 243 28 0
    0 255 253 0 255 149 234 124 0 0 11 255 255 255 57 255 0 0 255 255 0
    78 255 255 255 0 255 0 255 0 231 0 255 0 255 82 0 120 0 255 251 0 0
    0 0 255 255 239 0 255 74 255 0 0 255 255 101 79 255 0 255 255 255 0
    0 255 255 255 0 0 0 255 181 255 0 0 0 0 255 0 255 0 255 0 0 255 61 0
    155 234 255 255 0 236 0 0 118 0 0 146 255 115 255 56 99 0 0 0 0 0 62
    255 255 0 0 0 255 0 255 134 255 228 255 0 0 255 0 229 0 255 255 106
    255 0 221 255 255 199 65 5 255 255 103 0 0 0 0 1 255 0 0 255 44 255
    255 255 0 0 0 98 255 0 255 0 170 0 71 217 255 255 255 0 0 145 0 64 0
    255 255 0 0 255 255 255 255 0 91 0 0 0 255 255 255 255 0 0 161 0 255
    187 212 255 255 255 255 255 3 0 0 0 255 207 0 0 231 250 0 255 0 226
    0 255 0 255 0 255 1 255 0 77 0 0 68 255 3 255 195 157 253 0 0 255
    255 14 0 249 255 0 0 0 255 0 255 0 207 255 0 255 0 255 0 255 0 0 203
    255 0 0 22 9 0 20 0 0 255 79 232 143 0 0 255 255 255 0 0 255 167 255
    0 255 0 0 255 0 255 255 202 242 41 255 0 255 0 255 245 0 255 255 255
    255 0 142 193 0 0 0 255 255 255 255 0 42 0 255 248 255 0 255 104 255
    123 255 255 0 0 255 255 0 0 255 255 255 0 192 255 255 255 233 255 0
    238 188 255 235 255 0 0 255 255 55 32 0 255 0 255 0 255 255 136 0
    115 0 105 255 172 33 118 0 0 255 255 255 0 0 255 0 255 0 58 0 255 0
    0 0 0 0 255 255 166 255 185 0 0 0 0 0 0 0 0 255 255 128 43 255 255 0
    255 0 28 255 255 0 0 255 169 255 255 255 0 0 0 255 0 191 255 0 74 0
    255 0 255 5 0 255 255 0 0 255 255 55 244 0 124 255 255 0 255 0 255
    255 0 74 255 255 0 255 255 255 255 255 255 0 0 0 155 255 255 255 43
    110 105 133 0 0 255 37 98 0 226 0 70 0 0 255 255 255 108 0 255 255
    206 0 255 255 0 0 51 255 0 255 0 255 0 0 0 255 0 255 255 255 0 26
    171 255 0 0 255 255 0 255 255 255 0 122 0 121 0 255 0 255 0 162 38
    255 33 0 255 255 0 255 0 0 217 0 177 56 255 0 255 0 0 0 0 255 227
    191 255 0 255 0 255 255 0 0 0 0 255 255 255 0 0 255 255 0 255 0 255
    0 255 0 0 0 255 237 0 255 176 255 0 0 0 255 0 0 255 0 255 0 255 255
    243 0 255 203 255 255 0 255 255 255 0 0 0 255 255 255 0 248 255 0
    255 0 248 0 255 255 255 0 64 0 122 144 255 0 0 255 255 9 0 186 0 255
    250 0 255 9 255 0 255 0 255 255 255 255 255 255 0 255 128 255 145 0
    255 0 255 255 255 0 215 0 255 0 255 255 70 144 255 0 0 255 0 255 220
    255 0 0 0 0 255 0 255 255 0 0 255 0 255 148 255 169 255 255 68 0 255
    255 63 0 0 245 166 0 90 255 255 0 139 255 255 255 159 0 201 0 0 0
    255 0 0 255 0 0 0 255 255 0 255 0 255 255 255 255 0 0 0 0 225 144
    255 0 0 255 255 255 98 0 0 255 255 0 0 0 0 0 255 255 255 255 0 255
    155 255 0 0 255 255 255 255 0 255 0 255 0 160 0 0 0 0 255 255 255 0
    255 0 0 0 255 0 26 255 166 6 0 0 66 255 255 0 255 0 255 0 0 0 128
    255 0 255 0 0 0 255 255 0 0 0 0 255 255 0 185 255 255 0 20 0 0 255 0
    164 0 255 255 0 144 83 0 255 0 255 0 255 255 255 255 222 255 255 0
    182 0 253 255 0 0 255 7 255 0 0 0 255 205 255 0 255 0 255 0 0 233 0
    255 0 255 0 255 255 0 12 0 255 255 0 0 0 0 255 0 0 0 255 255 255 0
    255 0 0 255 0 255 0 255 0 255 0 253 125 255 0 0 104 47 255 255 207
    255 255 0 67 255 184 255 255 255 0 255 255 178 146 0 0 0 0 255 255
    255 0 86 0 21 0 255 255 255 255 0 255 174 0 0 0 0 255 0 86 255 255
    85 0 255 0 0 0 0 219 62 255 164 0 0 0 0 255 239 237 0 255 0 255 0
    132 255 150 0 0 255 255 255 0 0 0 255 255 198 188 176 0 86 0 0 255
    255 244 0 0 255 255 255 0 255 255 255 44 255 0 255 0 141 0 255 255
    255 0 0 0 0 125 255 226 0 0 0 0 50 236 255 255 222 212 0 140 255 0
    137 255 65 0 255 255 255 117 0 205 0 0 0 0 0 255 0 199 255 255 255 0
    255 0 255 0 255 0 0 158 255 255 0 0 0 0 255 0 255 0 255 0 255 0 255
    255 34 0 0 240 255 255 0 0 255 0 255 0 0 0 71 0 255 56 255 0 0 0 0
    168 0 214 188 255 0 255 255 0 0 31 0 255 255 0 0 255 255 255 0 0 0
    255 255 255 0 0 0 255 255 255 255 255 255 0 0 255 0 255 0 245 255
    255 231 0 190 255 221 0 0 255 255 255 255 231 0 255 255 66 0 0 255
    172 145 255 100 255 255 255 0 255 255 255 255 255 0 0 92 210 255 189
    230 0 255 255 71 0 255 200 255 255 73 234 0 255 138 255 0 255 255
    146 0 0 0 0 210 255 164 0 0 176 255 0 255 0 255 0 0 255 255 245 0
    255 255 132 255 239 255 0 0 0 255 0 236 149 16 255 0 0 90 255 255 0
    255 0 255 0 0 154 255 213 104 0 0 255 255 153 0 38 211 255 0 196 255
    0 0 255 255 128 0 0 255 0 203 0 255 255 255 255 0 250 0 144 255 0
    255 255 208 21 0 0 255 244 0 0 255 255 0 0 0 0 116 255 0 0 255 255
    255 0 0 255 255 0 0 82 71 0 255 255 117 255 255 0 0 255 255 142 0
    255 255 14 0 255 255 255 0 0 145 255 0 0 0 255 0 255 0 255 0 255 255
    255 255 0 0 255 255 255 154 208 255 255 255 0 0 0 0 255 0 0 0 0 255
    255 255 255 0 0 0 7 255 193 121 0 0 255 255 0 0 255 62 117 255 0 255
    223 255 175 0 0 0 0 108 0 255 42 4 0 0 35 0 87 255 255 0 0 0 0 0 0
    120 79 0 255 0 255 0 255 255 0 251 0 255 0 0 255 0 109 93 0 0 255
    255 0 0 255 0 255 125 0 0 0 0 0 255 0 255 0 255 202 255 255 255 0 0
    62 0 255 173 255 0 255 0 255 255 160 83 255 70 0 236 255 0 255 0 255
    183 255 255 0 0 193 255 157 0 0 0 0 255 0 0 0 255 186 255 0 0 255
    255 239 98 2 248 0 0 184 255 0 255 255 255 0 0 0 229 194 255 0 255
    255 80 32 255 255 255 0 230 70 0 182 255 255 0 0 0 0 236 150 0 255 0
    0 0 0 255 90 0 5 255 255 0 0 0 0 255 255 255 65 0 0 166 0 0 255 0
    255 0 255 0 101 103 0 255 0 255 255 0 231 255 255 137 255 255 180 0
    255 0 212 0 168 0 0 0 154 0 188 101 255 255 82 255 0 255 0 255 0 22
    0 255 0 255 255 238 92 138 255 0 0 32 255 0 255 0 0 187 126 57 0 241
    0 255 255 182 0 224 255 255 0 0 255 255 0 0 255 255 255 0 255 0 255
    255 255 0 0 0 0 255 182 0 255 0 0 0 255 0 0 0 219 255 255 0 255 255
    255 0 0 0 255 0 255 0 255 0 255 0 255 255 0 0 145 255 255 255 0 0
    255 0 255 255 255 0 0 255 0 255 0 48 158 255 255 0 0 0 0 255 255 255
    255 255 255 255 163 0 0 184 0 255 0 255 0 255 255 255 255 100 0 0 0
    255 137 255 0 255 0 210 255 255 255 255 255 255 0 255 0 228 0 255
    109 255 0 0 249 0 255 255 0 0 0 0 0 0 255 255 4 0 0 0 0 0 255 0 255
    0 0 54 255 255 14 0 0 255 0 0 255 255 255 0 0 0 255 255 255 0 255
    125 255 0 255 0 0 255 255 255 0 32 252 0 207 255 0 0 196 43 255 255
    0 12 0 255 0 139 255 0 255 0 255 75 76 0 0 0 255 255 255 0 255 255
    255 255 255 0 0 0 0 79 255 255 0 255 64 255 181 255 0 255 201 0 0
    255 0 255 0 255 0 206 0 255 255 183 255 255 255 0 255 0 0 0 255 0
    166 0 0 138 255 255 0 255 0 255 255 167 255 0 255 236 0 0 200 255
    164 0 0 255 0 255 0 0 255 255 255 183 0 0 255 0 171 0 255 0 255 0
    255 103 136 164 0 0 255 0 0 255 255 17 63 0 255 255 255 0 0 0 255
    255 255 255 255 255 0 158 0 255 255 255 147 0 142 86 255 0 0 16 0 0
    156 255 255 255 255 0 0 255 0 136 162 252 255 0 0 255 255 219 122 0
    0 255 255 255 0 0 187 0 242 0 255 0 255 32 203 0 105 255 75 255 0
    255 0 255 65 255 0 255 255 0 0 255 255 255 160 255 0 21 0 49 48 0 0
    0 236 255 255 255 255 0 176 87 255 255 0 0 0 255 49 255 255 255 0
    255 0 255 0 255 0 0 0 255 107 164 251 255 0 0 255 255 39 0 0 0 196 0
    0 255 255 255 0 0 0 36 255 0 255 255 0 255 26 105 0 222 250 255 255
    0 33 255 255 255 255 0 0 0 0 255 0 240 255 255 255 0 0 0 182 255 101
    0 255 255 0 243 0 255 255 0 255 0 0 88 255 255 0 0 243 255 255 255
    255 184 0 0 255 255 255 0 206 0 0 0 89 255 0 0 92 255 213 255 135 0
    255 255 255 255 0 0 0 255 255 211 255 255 255 19 255 51 255 0 0 0
    255 0 0 0 92 255 255 255 250 79 0 0 255 0 255 0 255 0 0 255 0 0 0 0
    255 255 255 0 216 0 0 255 48 209 0 104 0 255 0 255 0 0 0 255 255 255
    0 255 0 255 0 0 0 255 116 255 255 39 0 255 100 0 255 53 255 0 255 0
    215 247 255 255 255 0 179 246 0 255 0 78 0 11 70 255 255 69 255 255
    255 42 0 0 0 0 255 255 255 255 0 255 0 255 0 164 255 26 255 255 0 0
    0 97 255 0 255 255 172 0 255 255 255 255 0 255 255 255 0 255 145 255
    0 255 255 255 123 0 255 0 0 0 7 255 155 255 255 255 0 255 2 255 255
    95 255 237 0 0 13 0 0 255 255 253 0 75 255 255 255 94 0 0 255 255 0
    0 0 255 0 255 47 0 0 104 0 255 0 255 0 255 255 255 0 0 120 0 0 0 255
    0 255 255 255 0 17 0 255 255 255 124 255 34 0 0 255 255 0 0 255 25 0
    89 255 0 255 0 255 0 246 0 56 253 253 255 0 0 202 158 235 0 85 255
    255 255 0 255 255 0 0 0 0 255 255 0 0 245 0 247 0 0 255 0 255 255
    255 0 0 0 255 248 0 0 230 255 153 0 0 0 255 255 0 7 108 255 255 209
    255 79 255 11 107 255 0 0 255 255 69 89 233 86 71 255 255 0 0 0 0
    255 255 180 234 255 0 0 255 0 165 0 0 0 255 0 255 0 0 255 177 173
    255 88 0 0 0 0 255 0 255 0 255 0 222 0 255 130 255 92 14 57 255 0
    150 0 255 255 255 255 31 195 255 255 44 0 255 0 246 255 255 0 0 122
    0 183 70 255 126 0 153 255 82 0 0 255 0 255 255 209 0 0 0 0 217 255
    255 32 0 0 255 191 255 49 0 0 255 255 255 0 0 255 255 0 255 255 180
    0 255 0 0 255 203 11 0 0 0 0 255 255 255 255 0 0 0 0 255 0 159 0 255
    123 255 255 255 0 0 0 255 0 0 0 59 156 0 207 0 0 106 255 0 104 255
    63 0 0 255 0 0 0 0 255 0 255 247 255 0 255 58 255 255 0 255 0 255 0
    255 0 0 146 162 255 0 138 0 255 0 252 234 218 255 0 255 160 150 255
    0 237 0 62 255 255 0 0 255 255 255 0 0 0 255 255 255 0 0 85 255 255
    242 0 0 255 0 0 0 255 255 0 255 127 255 0 255 0 255 0 255 0 97 255 0
    0 0 255 0 0 255 255 255 0 0 3 0 255 0 255 0 255 0 0 149 0 255 255
    255 0 255 255 80 253 0 255 255 0 238 139 199 255 255 255 0 255 0 255
    0 0 0 39 255 0 38 0 62 255 0 165 75 189 255 59 255 0 255 0 0 0 255 0
    255 12 26 255 0 255 143 179 0 0 0 0 255 255 0 0 29 25 255 162 0 0 0
    255 176 255 0 236 255 255 0 0 255 0 255 0 255 255 0 175 0 0 0 255
    255 255 255 0 0 255 255 0 255 0 255 0 255 0 0 255 0 0 0 14 255 255 0
    255 67 255 0 0 142 255 255 255 0 0 0 255 255 0 0 255 0 255 0 255 0
    255 255 255 255 110 255 255 0 0 138 255 198 0 0 130 0 255 0 146 255
    255 0 0 255 0 0 0 255 81 246 255 0 0 0 255 5 255 255 255 0 255 57
    255 0 0 0 255 255 0 255 0 96 255 0 0 255 0 0 0 255 255 19 254 0 255
    255 196 0 255 255 255 0 0 61 0 120 0 0 195 0 39 0 255 0 255 0 255
    255 255 0 255 0 255 65 255 0 0 255 0 0 0 174 255 255 255 0 0 255 255
    181 0 46 0 163 143 255 255 255 255 255 0 0 0 0 255 131 200 137 255 0
    255 0 68 0 175 0 82 0 0 255 255 255 37 0 0 0 255 0 7 0 255 255 0 255
    0 0 0 255 0 255 255 255 0 0 255 255 255 0 2 255 14 0 60 255 101 255
    0 0 136 255 255 255 0 255 255 0 177 0 0 0 0 0 255 255 20 141 0 255 0
    255 0 61 255 0 255 0 0 0 202 218 0 0 0 255 152 255 60 0 237 255 0 0
    113 0 255 0 0 0 255 0 38 106 249 255 0 0 255 0 255 255 61 255 255 0
    0 0 255 255 255 158 244 247 0 14 195 255 0 26 130 255 255 255 166 0
    0 0 90 191 255 0 255 0 0 0 0 49 255 255 0 0 0 255 255 0 0 172 255 0
    255 0 255 0 255 0 131 0 0 255 0 255 255 255 255 0 0 37 0 117 0 255 0
    255 255 255 255 255 0 87 255 0 0 14 255 255 255 0 255 255 95 0 42 0
    0 255 0 235 0 255 255 255 17 255 0 255 0 255 255 0 84 255 195 0 0
    255 255 255 0 0 255 0 0 0 195 0 0 0 40 0 255 255 255 0 0 0 255 255 0
    255 0 255 255 255 104 255 0 7 255 255 0 255 0 255 236 255 24 165 0 0
    0 194 0 0 255 168 0 255 255 255 255 255 0 255 0 0 0 0 0 0 139 255
    255 0 96 0 112 0 186 0 255 0 0 0 255 0 255 49 0 255 0 255 0 0 0 0
    255 255 255 255 255 0 8 0 255 255 255 255 0 255 255 255 0 0 97 207
    171 255 0 0 255 255 255 0 255 255 154 255 0 218 0 255 0 255 100 255
    0 0 0 2 133 0 255 255 255 0 0 0 219 255 255 132 0 255 255 255 0 0
    255 0 255 255 255 255 0 255 0 0 255 255 119 0 255 255 0 0 18 255 0
    255 254 0 255 255 134 255 255 255 0 0 255 255 0 0 154 255 0 237 0
    255 255 197 0 255 255 255 0 255 0 216 255 0 0 0 255 0 144 255 94 0 0
    255 0 15 255 255 255 74 0 0 0 0 0 131 178 98 0 255 0 0 0 255 0 254 0
    245 255 0 196 0 255 0 255 0 255 0 5 255 255 255 255 159 0 255 58 0 0
    229 255 0 255 0 255 0 0 0 0 135 91 255 77 255 255 255 255 0 228 208
    193 0 0 255 0 255 0 211 255 171 255 255 0 0 0 159 0 255 255 255 255
    247 255 255 97 0 0 0 255 255 255 0 74 194 189 255 255 255 255 255 0
    255 255 0 0 243 255 255 107 0 12 255 67 255 0 255 0 255 255 255 255
    255 160 237 255 255 255 0 255 0 255 0 255 134 255 0 255 0 255 0 120
    255 255 255 255 0 0 0 255 0 0 189 255 255 255 0 0 255 255 0 0 0 0
    237 255 255 255 0 0 0 255 255 110 0 255 0 0 0 255 255 0 0 255 0 255
    0 0 255 255 255 255 205 0 0 0 0 255 116 0 255 223 0 0 255 255 255 0
    203 0 255 0 255 145 255 0 0 255 0 255 147 0 255 0 255 255 255 0 0 0
    0 255 96 255 81 0 255 255 255 0 0 149 0 2 0 0 255 255 0 136 255 255
    0 105 255 222 255 0 0 255 255 0 0 90 255 39 0 255 70 255 0 0 95 0
    255 53 0 0 0 192 0 239 255 170 0 0 0 255 255 255 255 255 255 255 0 0
    0 0 243 255 0 0 255 255 164 0 255 0 0 255 0 255 0 255 0 255 255 0 0
    255 0 0 255 255 255 255 255 255 0 0 255 0 233 0 0 255 229 255 24 0
    25 92 255 0 0 255 255 255 255 0 0 0 0 255 255 0 0 255 187 0 49 255 0
    97 0 10 255 252 0 0 0 180 28 0 0 0 255 255 0 0 255 116 255 0 255 41
    0 255 0 255 193 255 0 0 0 0 255 255 255 255 0 255 0 0 255 0 255 51
    255 32 0 67 0 255 255 255 0 0 0 143 255 255 255 0 255 0 0 0 255 255
    255 0 0 0 255 0 0 255 200 255 255 254 0 0 255 255 255 0 0 0 203 200
    66 255 28 0 255 255 255 0 0 0 82 0 255 255 120 255 0 255 255 0 26
    255 255 133 255 188 255 0 117 0 255 0 41 0 255 255 255 255 0 0 255
    103 0 0 255 0 0 107 255 255 0 255 0 255 0 0 160 0 255 0 255 197 147
    226 255 255 184 0 0 255 255 255 0 0 0 229 255 255 212 173 255 255 0
    82 0 255 0 255 255 255 0 0 0 255 255 0 0 255 255 0 0 255 255 255 192
    255 255 0 255 83 74 255 79 0 255 4 0 107 255 255 0 0 255 255 0 0 255
    0 255 255 255 64 0 0 4 255 255 255 0 255 0 255 255 7 255 102 0 0 255
    0 255 255 255 255 0 0 0 255 52 255 0 0 12 0 255 255 124 255 0 0 38
    255 59 0 255 0 255 255 0 255 0 0 255 255 255 0 0 255 0 0 255 255 255
    255 255 0 0 0 255 0 25 255 255 0 255 0 255 154 255 57 145 0 0 255 0
    0 0 0 255 0 255 148 255 0 0 0 102 255 255 255 0 255 12 3 47 255 0
    255 184 255 0 0 255 255 0 255 0 0 0 30 255 255 255 0 255 255 255 0
    65 255 255 162 0 0 141 255 126 191 0 0 255 0 0 255 0 110 0 0 255 140
    0 255 0 255 0 255 0 255 0 0 0 255 185 0 0 91 0 255 148 0 0 139 255 0
    126 0 0 255 255 255 0 0 0 199 0 255 255 255 255 132 0 255 227 61 0
    255 255 255 255 0 0 243 173 0 0 0 255 0 84 255 255 255 255 0 255 255
    124 0 0 0 255 130 255 205 255 255 0 60 255 0 255 0 0 0 0 12 255 163
    0 0 0 0 204 0 0 255 255 255 0 0 196 255 0 158 255 0 0 255 255 255 0
    0 0 255 0 228 0 255 0 114 0 255 255 0 255 0 0 0 0 0 209 255 0 107 0
    255 0 78 0 255 255 255 255 42 0 14 255 255 0 0 0 255 255 233 0 0 0 0
    129 148 0 0 255 255 255 0 255 238 255 255 208 0 255 0 255 0 255 0 98
    0 0 0 255 44 255 0 214 0 0 255 0 0 255 255 255 96 99 0 197 255 0 0 0
    255 0 255 212 120 0 255 0 0 230 255 255 0 0 255 255 255 125 0 0 0 0
    0 0 174 123 255 0 0 0 0 255 255 0 0 255 255 255 0 0 211 255 0 0 0
    255 255 255 0 0 0 255 108 255 255 255 0 0 0 0 255 255 0 255 160 0
    155 0 255 0 255 0 0 0 0 149 255 255 255 255 0 255 0 212 255 0 255 0
    0 0 255 255 255 252 255 255 0 255 255 255 109 0 222 255 255 0 255
    255 0 255 0 255 0 255 255 0 0 24 255 255 0 0 0 255 194 194 0 86 164
    0 114 255 126 255 0 0 0 0 255 59 255 0 255 255 255 245 0 90 255 0 0
    255 255 201 0 0 0 0 255 255 255 255 210 0 0 0 0 0 255 255 0 0 0 255
    255 255 255 255 0 0 0 255 255 0 255 0 255 255 244 0 0 255 253 0 255
    0 255 255 0 255 0 255 49 255 84 0 255 255 0 0 238 255 255 0 255 0
    255 208 248 255 255 255 0 0 255 255 255 255 255 0 0 0 104 101 0 120
    0 0 163 255 255 255 159 0 175 219 0 103 255 255 0 0 255 0 250 0 0 35
    255 255 255 0 0 0 255 104 253 195 255 255 151 0 0 0 0 48 0 0 255 33
    255 0 85 198 255 255 0 82 252 0 0 255 255 255 0 0 0 255 255 255 238
    255 0 0 0 0 115 0 0 54 0 255 144 0 255 0 0 171 255 86 0 255 0 255
    255 255 0 0 255 0 255 255 255 223 0 255 0 0 0 255 255 255 191 177
    255 186 255 0 0 0 255 0 0 87 178 255 0 255 255 255 0 0 29 70 255 191
    0 0 0 45 0 255 0 0 255 56 255 255 0 0 255 0 255 0 255 0 138 92 0 0
    255 0 217 0 161 0 0 255 255 255 255 255 0 108 0 0 255 0 253 153 255
    0 6 0 139 167 255 0 12 222 255 0 255 0 0 255 0 0 19 230 0 255 90 255
    255 0 0 0 255 255 255 193 0 255 255 169 0 0 255 0 255 255 0 39 255 0
    0 85 255 255 0 19 255 255 0 0 0 255 254 255 0 120 0 0 255 0 255 0 20
    255 15 255 0 255 0 255 0 0 0 0 255 255 255 0 177 0 255 255 255 100
    255 123 255 0 255 255 169 255 0 0 255 255 0 120 0 0 255 0 255 0 0 0
    162 0 145 0 255 255 0 225 255 255 0 255 0 104 255 255 0 0 0 148 255
    0 255 113 255 110 0 255 0 30 255 255 255 0 0 204 79 255 255 0 20 0
    228 255 0 140 0 255 0 19 0 255 0 255 106 15 0 0 255 0 255 28 255 255
    255 212 0 53 0 255 169 255 0 0 0 0 255 94 209 0 21 0 255 0 255 255
    255 136 255 255 255 0 255 107 0 255 255 97 255 215 255 0 0 255 0 17
    123 44 191 255 255 0 0 0 255 0 0 0 0 255 0 255 0 187 0 255 255 255
    255 0 255 255 255 0 255 255 0 34 0 255 255 255 0 0 0 255 93 0 255
    255 125 0 0 136 137 251 0 255 0 255 247 255 0 255 255 0 255 0 255 58
    72 255 255 0 238 0 255 255 0 255 0 90 184 94 255 0 63 0 255 255 0 0
    0 255 0 208 0 139 146 255 255 255 0 70 255 0 0 255 32 255 104 0 0 0
    0 255 144 255 0 0 234 255 0 0 0 255 0 117 0 200 255 255 0 69 0 0 0
    255 255 255 172 0 0 0 255 0 90 0 255 255 0 0 122 255 94 0 0 255 255
    255 255 0 0 0 255 255 255 255 255 0 0 0 0 255 255 124 0 0 0 233 255
    0 0 197 255 255 0 0 255 255 0 0 255 0 255 255 234 255 255 255 226 24
    255 0 255 0 0 255 0 255 0 85 255 210 255 0 255 0 0 255 238 255 161 0
    255 0 255 0 255 255 255 0 0 255 139 255 255 0 0 0 255 118 255 0 0 0
    0 255 229 255 69 0 192 0 255 0 0 0 255 0 0 255 255 255 0 0 0 255 0
    170 255 255 0 255 255 255 105 77 255 0 142 0 162 255 255 0 255 0 255
    14 0 255 128 255 0 117 0 9 255 216 255 114 255 0 27 255 0 0 255 255
    255 0 255 0 39 255 90 255 255 255 0 126 255 255 0 255 0 255 0 45 73
    255 255 0 0 255 0 255 0 255 0 255 0 255 151 255 0 255 255 255 0 144
    255 255 255 0 0 0 255 0 0 255 255 0 221 133 255 125 255 150 0 255
    168 255 0 0 0 255 0 255 255 255 133 255 0 0 255 0 255 141 255 0 0 0
    255 255 255 255 0 255 0 40 49 0 255 0 255 0 255 0 255 255 217 0 175
    102 0 255 255 0 255 0 255 49 255 126 0 163 16 0 0 0 255 255 255 255
    255 180 0 0 0 255 255 0 0 255 78 10 255 0 255 255 0 0 0 207 255 0
    255 255 255 255 0 235 0 255 255 0 255 255 29 0 177 255 255 0 255 255
    255 0 255 143 48 255 255 83 0 245 0 255 0 0 43 85 255 255 0 0 255
    255 255 40 0 0 74 0 159 255 0 59 255 255 255 230 255 182 0 0 255 255
    255 0 255 0 255 0 0 255 255 0 247 102 255 0 255 236 98 0 255 87 255
    0 255 176 255 0 229 0 255 130 255 255 0 0 0 95 255 0 0 58 255 20 97
    255 0 27 0 255 10 255 0 17 0 255 255 255 255 0 190 255 255 0 175 0
    255 0 255 224 255 255 0 0 0 255 179 255 0 255 255 255 0 255 30 0 44
    255 255 255 0 0 0 116 0 0 255 0 0 0 255 0 0 0 255 255 255 255 0 47
    71 47 241 0 255 255 255 255 0 0 0 255 0 0 0 255 255 0 0 8 255 255
    255 1 113 0 0 255 0 255 255 255 255 255 0 255 255 255 255 0 0 0 255
    255 0 0 255 0 0 0 229 112 255 114 0 0 255 222 255 2 185 255 99 0 0
    255 213 255 70 0 0 0 139 255 0 22 255 0 0 255 255 255 0 0 255 255 0
    0 255 255 118 204 255 255 255 0 0 255 255 255 0 22 0 0 255 6 0 0 255
    255 255 23 0 255 255 0 113 125 0 241 255 255 0 79 60 255 3 255 0 212
    0 255 247 255 0 255 0 255 0 255 238 0 255 0 255 255 255 0 0 104 255
    255 255 0 0 255 46 255 255 231 255 0 255 255 170 255 120 255 0 0 0
    255 255 0 0 0 245 255 255 0 0 206 255 255 0 255 255 255 0 255 255
    255 0 71 0 255 255 65 255 255 0 0 175 0 177 176 84 0 0 255 255 255
    255 255 0 0 0 0 255 255 255 0 0 207 0 255 255 255 0 0 255 0 255 0
    255 0 255 156 255 0 241 0 197 255 255 0 0 0 255 255 255 255 255 255
    0 0 255 255 0 255 0 255 136 255 238 255 109 255 0 255 0 0 154 0 255
    0 255 0 255 0 255 220 204 0 0 193 255 255 0 255 0 0 0 255 0 255 0
    255 0 50 3 255 255 169 0 255 83 0 0 255 255 255 219 255 203 255 0
    208 0 112 255 52 255 0 0 210 255 66 0 255 255 54 0 255 255 142 0 0 0
    40 255 185 0 0 197 255 255 255 255 255 0 0 0 255 0 255 255 223 0 0
    255 255 255 255 0 255 0 255 0 0 0 187 227 80 255 235 255 0 2 255 0
    255 255 0 0 122 255 0 0 0 255 255 124 0 0 0 255 212 255 0 255 0 0 0
    255 255 255 255 158 255 128 0 255 100 0 0 255 0 255 255 255 255 0 0
    255 255 255 0 0 255 255 255 0 0 172 255 255 255 0 0 211 0 0 255 255
    78 171 255 0 0 106 255 241 255 0 0 255 255 0 0 0 0 255 0 255 255 255
    44 69 255 0 255 0 255 0 255 0 0 0 0 0 255 255 255 0 0 116 38 255 25
    255 0 0 0 255 255 255 206 0 188 255 255 0 255 255 0 0 0 255 167 255
    0 255 0 255 0 255 0 0 0 0 255 255 157 188 255 0 255 0 255 74 0 0 0
    255 0 0 0 0 0 255 255 0 255 230 205 0 255 255 0 218 255 255 0 0 255
    255 0 0 0 0 255 180 115 130 137 255 0 0 99 0 0 255 255 1 0 0 173 255
    255 0 0 255 255 0 0 255 0 255 55 255 0 255 255 0 255 0 0 89 255 0
    113 0 255 181 250 0 0 188 0 255 68 255 0 0 255 0 146 255 255 0 0 0
    255 255 255 0 0 134 255 255 136 255 91 9 48 0 255 0 255 0 255 237 0
    6 255 188 0 142 19 255 229 0 213 134 255 4 255 0 0 0 255 0 255 153
    119 0 0 45 128 36 0 230 255 182 255 0 255 0 0 0 255 1 0 0 0 255 255
    153 154 0 0 0 148 255 255 0 0 0 0 255 255 217 160 0 255 187 255 0
    255 255 245 255 0 0 255 255 255 89 255 0 0 0 255 154 255 0 0 0 255
    255 255 118 255 255 0 0 0 255 255 255 0 255 255 255 0 0 0 255 0 255
    0 204 0 0 157 255 0 255 0 255 0 255 255 255 0 255 0 0 0 194 255 168
    132 0 0 255 255 255 0 0 255 255 238 74 0 0 0 0 165 0 168 255 0 0 0
    255 0 0 0 0 0 255 255 255 0 0 175 255 0 0 0 255 0 0 255 255 255 255
    0 0 0 255 255 255 255 255 0 213 0 0 255 255 0 0 0 242 255 255 255 0
    0 255 0 255 86 255 0 255 255 0 255 0 79 255 255 0 255 239 0 0 1 0
    201 5 255 0 224 111 238 255 0 255 0 85 247 108 255 255 0 255 255 168
    255 0 0 50 0 0 0 0 0 0 255 0 0 0 255 255 255 132 70 255 0 255 0 255
    255 0 255 0 255 0 0 0 255 255 0 0 0 0 255 255 255 95 255 6 0 255 223
    92 255 0 255 0 158 0 255 255 0 194 25 0 148 0 255 0 0 245 143 255 0
    222 0 255 0 255 0 255 0 33 0 255 0 0 255 255 0 0 255 255 255 255 0 0
    0 0 0 255 0 255 0 255 255 255 255 0 0 255 133 255 0 255 88 91 255
    255 255 255 0 255 0 111 255 0 255 0 255 0 55 255 0 0 255 255 255 0 0
    255 255 255 0 0 255 0 225 141 0 115 116 255 255 97 0 40 0 120 0 202
    0 0 222 255 255 246 255 0 111 255 255 0 23 255 0 255 0 252 138 0 255
    151 0 0 0 255 0 255 255 0 0 0 255 108 0 0 255 255 255 0 0 0 0 141
    255 127 135 255 255 0 255 70 255 255 255 0 0 119 255 0 0 0 255 255
    255 176 255 239 0 201 0 255 0 0 236 242 0 88 0 0 0 255 255 0 255 0
    128 255 25 255 255 0 0 0 0 255 255 255 157 0 255 255 13 255 255 107
    213 76 136 0 0 0 255 0 255 0 255 255 0 130 0 96 255 255 0 255 255
    126 0 255 0 255 0 255 255 0 0 0 255 255 255 0 95 255 83 0 255 255 69
    244 0 0 0 255 147 255 0 255 0 145 0 98 255 163 0 0 255 255 255 0 255
    255 255 101 128 0 0 255 255 255 0 0 0 255 255 0 0 0 255 206 25 0 255
    83 30 247 255 0 255 255 255 0 0 255 56 255 0 255 0 78 0 0 0 0 255
    255 12 0 0 0 255 255 0 0 255 255 12 0 255 0 255 54 251 0 0 241 0 255
    255 255 71 0 255 0 255 255 0 0 0 255 255 0 112 54 0 255 0 255 0 255
    0 255 0 238 255 0 255 51 0 0 255 0 0 0 98 0 0 255 255 255 0 0 0 255
    149 255 255 110 0 255 255 255 255 127 70 0 255 0 0 0 255 217 0 0 255
    255 200 255 0 255 0 0 20 0 193 0 255 52 255 255 0 255 0 0 0 255 0 0
    0 255 0 255 255 41 255 0 255 12 255 0 0 255 255 255 0 255 255 236 0
    255 71 255 255 96 0 0 0 255 0 255 0 0 0 142 255 255 0 255 0 0 255 0
    255 0 0 0 255 255 0 0 255 255 209 180 255 0 0 0 255 255 255 177 255
    255 0 255 0 146 255 255 0 0 214 0 0 255 242 255 0 0 255 255 255 255
    255 0 128 255 0 255 199 0 0 242 255 158 255 255 233 0 15 153 42 0 0
    0 255 41 0 255 0 0 0 255 0 81 255 214 255 0 255 255 0 255 0 0 255 0
    255 0 255 113 255 255 0 0 0 255 0 75 255 255 255 0 0 0 128 0 255 255
    255 0 0 0 255 255 255 0 0 2 255 255 0 0 23 0 255 0 255 255 0 0 255
    255 255 255 0 255 255 255 0 0 0 0 255 255 0 0 255 0 255 255 255 255
    0 0 46 255 255 172 230 102 0 255 255 107 255 0 255 255 0 0 0 255 0
    98 170 0 255 255 255 0 50 0 255 255 255 0 149 0 255 0 255 0 255 82 0
    0 0 255 255 0 0 69 255 0 0 0 146 255 4 188 255 0 0 255 255 255 255
    255 255 255 203 0 0 255 0 255 255 255 17 0 255 255 0 145 228 35 185
    0 255 0 0 253 255 139 255 255 255 77 0 0 255 255 201 0 0 255 255 0
    255 244 12 100 255 0 0 255 0 255 0 255 0 255 255 0 0 0 0 75 0 0 0 0
    255 123 255 0 0 0 0 255 255 255 139 96 63 0 224 255 255 255 0 0 0 0
    0 0 255 77 17 0 255 0 0 0 59 0 0 255 255 0 110 255 255 0 255 0 0 0 0
    0 255 255 255 0 255 0 255 180 255 0 255 0 0 0 0 255 255 255 255 0
    255 98 0 0 255 255 255 0 0 0 0 255 112 9 203 0 136 84 255 255 255 0
    0 255 255 0 0 0 255 0 0 0 186 77 132 255 255 255 255 0 0 0 0 77 255
    160 255 0 255 0 0 0 168 255 255 255 0 255 0 0 255 255 255 0 255 241
    255 0 255 255 207 0 255 192 255 255 91 0 255 0 255 0 255 44 255 0
    255 114 255 168 0 0 0 149 126 255 0 0 0 255 33 0 0 0 0 255 255 255 0
    0 107 255 0 255 0 157 243 255 255 0 0 0 0 255 4 27 129 0 255 255 0
    255 0 188 255 255 255 0 255 0 48 0 109 255 0 255 255 255 133 0 0 255
    0 46 0 255 255 164 255 255 0 255 193 156 0 0 197 62 255 255 255 0 0
    255 0 87 35 0 255 0 255 29 163 0 0 255 0 0 0 255 255 249 0 0 0 0 255
    140 255 255 255 94 139 255 255 165 0 0 0 0 0 255 0 255 0 255 255 0
    13 0 0 255 255 0 0 0 41 255 255 0 255 255 255 22 179 0 26 0 255 0 45
    0 0 255 0 255 0 153 0 0 0 204 0 0 255 255 0 0 255 255 255 0 255 255
    255 193 95 0 255 0 255 0 255 0 9 0 160 0 255 255 255 255 255 0 0 0
    255 255 0 0 0 255 0 255 0 255 0 255 0 0 255 139 0 0 232 255 104 255
    0 255 0 255 0 74 247 0 255 255 255 255 0 255 0 0 0 255 255 255 0 0
    198 152 115 55 255 0 152 53 62 0 255 255 255 255 255 0 25 0 255 255
    0 0 0 255 103 122 0 255 0 0 0 255 255 0 0 0 255 0 255 122 192 0 255
    255 255 0 0 0 255 255 0 255 0 255 0 255 255 0 255 7 255 0 0 255 57
    255 0 0 255 255 255 0 255 236 255 0 255 255 0 255 0 0 0 0 255 252
    255 0 255 0 255 0 0 89 0 0 238 0 177 0 0 0 255 255 255 0 255 255 0
    255 0 0 46 11 177 255 228 255 255 0 0 0 255 0 255 0 0 52 156 0 0 255
    255 169 0 255 0 255 0 255 0 255 0 165 255 255 255 13 255 0 255 112 0
    28 0 130 255 0 0 0 255 255 0 255 0 255 0 255 45 255 255 255 0 1 0
    255 0 255 240 0 93 0 0 175 6 0 0 255 0 106 0 255 0 255 255 0 255 255
    159 255 255 0 255 0 159 0 179 24 255 30 223 244 0 255 0 0 0 255 0
    191 0 0 255 255 0 0 255 255 255 255 0 0 152 255 0 255 0 0 17 18 255
    0 255 0 0 191 0 255 255 255 0 0 0 115 255 0 0 255 178 0 255 0 255 18
    68 250 0 255 55 255 0 210 0 255 255 255 255 159 0 203 0 0 255 231 0
    0 0 255 0 255 255 159 255 0 85 255 143 0 0 255 255 255 0 0 50 0 125
    255 255 255 121 0 255 255 255 255 0 255 0 0 255 0 255 255 255 134 0
    0 0 103 0 255 0 0 255 36 167 211 199 160 255 0 68 0 0 197 0 255 111
    0 0 255 255 0 255 0 81 0 93 255 156 255 255 0 255 225 67 255 0 0 0 0
    0 255 255 255 0 0 67 0 0 255 255 255 0 255 0 0 0 94 38 0 255 0 255 0
    0 255 255 255 0 0 0 0 255 0 234 255 146 0 0 255 90 137 255 148 255 0
    0 0 14 255 255 0 0 255 255 255 255 0 0 255 255 255 0 0 0 255 0 255
    255 255 0 0 255 146 255 229 255 255 255 112 255 0 98 0 255 220 255
    255 255 158 0 0 0 255 0 255 168 2 205 0 255 75 255 0 0 173 0 148 0
    255 255 255 255 0 213 0 255 255 26 14 124 0 0 0 255 255 255 0 255
    123 21 0 0 11 0 255 255 255 0 175 255 32 255 0 0 18 255 255 0 0 0
    255 99 64 0 167 0 255 163 133 0 116 0 255 255 255 255 199 0 185 255
    255 174 0 0 92 0 0 255 255 255 84 140 0 0 255 0 0 255 35 255 0 255
    255 255 0 54 255 0 56 0 42 0 147 255 255 0 255 235 0 255 0 0 63 255
    255 255 0 255 0 101 0 255 255 255 0 0 118 123 255 84 255 255 255 0 0
    255 255 255 70 239 0 255 0 255 0 0 0 0 255 255 255 0 0 181 255 255
    255 0 0 255 255 0 0 0 0 255 255 0 0 0 0 255 0 35 66 255 0 255 0 255
    0 119 151 255 255 255 89 255 12 188 152 255 255 0 184 0 255 0 255 0
    0 0 188 0 255 255 255 206 255 65 255 0 255 255 246 80 0 96 255 170
    255 0 178 0 0 0 0 255 121 255 255 186 0 0 242 0 207 0 255 255 0 101
    0 255 0 255 0 0 0 255 255 255 163 0 255 0 0 221 255 74 0 255 0 255
    121 0 0 69 255 255 0 255 0 197 0 103 255 0 255 130 255 0 0 212 101
    54 255 244 255 0 0 0 252 10 255 24 0 191 86 0 234 0 0 0 255 0 230
    255 0 0 255 255 255 0 0 56 0 0 0 255 73 40 0 255 255 255 255 255 255
    0 255 69 0 185 225 255 3 0 0 0 255 94 255 255 0 255 0 255 0 255 255
    255 0 0 0 255 255 0 255 105 3 255 255 226 0 255 255 255 255 0 0 0
    255 255 0 0 145 255 0 255 71 255 255 0 255 255 255 0 0 0 255 255 132
    0 99 0 0 255 0 0 0 0 255 79 255 0 255 0 0 107 1 0 0 0 255 58 255 255
    173 0 0 0 255 255 45 0 0 255 255 255 185 0 16 0 0 255 255 255 0 255
    206 0 49 0 230 0 0 0 91 255 100 255 255 255 255 204 0 255 0 255 0
    255 255 255 0 0 109 255 255 46 0 0 255 0 255 0 255 255 255 255 255
    87 0 0 255 39 0 0 255 0 255 0 0 252 0 128 106 228 255 0 255 0 255 0
    140 249 0 255 0 255 255 255 182 241 32 124 221 0 0 255 255 0 0 0 0
    255 255 107 0 50 255 255 0 255 0 0 26 69 255 255 26 255 0 0 0 126
    255 0 0 45 172 255 255 149 0 255 0 193 255 255 0 255 0 255 0 255 255
    0 255 0 0 0 255 255 0 255 255 255 200 255 205 255 0 255 25 0 255 0
    27 255 255 61 0 0 141 0 0 255 255 0 255 0 0 0 255 0 0 255 0 0 255
    133 0 108 0 0 255 255 0 0 0 88 255 0 255 0 0 0 255 255 255 255 0 255
    255 255 255 0 0 0 255 74 0 0 255 255 15 0 244 119 255 255 255 255 0
    0 255 236 0 255 0 229 0 0 255 255 255 167 0 0 255 0 255 255 255 45
    255 50 255 255 0 0 0 255 51 255 112 255 0 255 255 233 255 0 255 0 0
    255 0 255 84 255 0 83 0 255 223 255 255 0 123 255 255 21 255 255 255
    0 66 255 255 0 0 0 255 255 255 255 0 0 0 255 0 255 0 255 255 103 255
    52 63 0 0 0 255 0 255 0 0 203 255 188 0 0 0 77 255 255 255 255 0 0
    255 83 255 0 255 13 255 255 255 0 255 255 255 255 0 0 255 38 255 87
    255 24 0 255 255 221 255 0 0 219 142 58 230 255 0 228 255 255 0 105
    0 255 255 255 255 0 0 255 255 255 0 0 0 255 64 255 230 64 255 0 0
    255 0 255 255 255 165 255 0 0 0 0 255 2 255 0 0 100 255 71 0 0 0 40
    0 255 0 0 255 154 255 255 255 0 255 0 255 0 255 0 0 0 0 255 0 255
    255 255 0 0 157 255 0 255 0 0 255 19 255 0 255 0 255 0 255 0 255 0
    236 148 0 0 0 255 0 255 255 255 0 0 0 0 0 11 223 255 255 57 225 0
    190 255 255 0 182 255 255 255 197 255 0 255 0 0 0 0 255 200 255 255
    255 0 0 255 0 255 56 0 0 34 0 28 255 0 255 0 255 255 255 0 0 4 0 255
    255 224 40 0 255 0 0 0 0 0 255 144 255 206 0 0 255 255 255 0 0 250 0
    0 0 255 255 108 0 0 0 135 255 248 255 255 255 0 42 0 255 255 0 0 0
    255 0 255 0 255 38 0 225 0 255 185 255 0 230 158 123 0 0 20 240 255
    0 255 169 255 0 0 255 0 255 0 255 131 21 255 255 0 0 0 255 17 255
    216 255 84 0 0 44 0 0 255 255 252 0 189 0 255 0 0 0 255 0 255 255 0
    0 255 0 255 255 255 0 134 0 255 255 255 0 0 35 49 255 255 71 255 214
    0 255 255 0 0 0 255 227 255 0 255 0 0 255 0 255 63 255 0 0 255 0 0 0
    0 77 0 255 0 0 0 0 255 0 55 0 255 255 255 174 213 199 0 0 0 255 0
    255 0 0 255 0 255 0 0 0 255 255 0 255 96 238 0 5 255 0 255 0 255 255
    255 0 0 0 17 255 255 12 0 0 255 44 0 0 255 255 255 255 0 178 0 255 0
    255 255 255 0 0 255 0 255 0 255 0 255 24 255 140 0 0 90 0 255 61 255
    0 255 0 255 255 183 0 255 255 255 110 255 255 0 0 255 255 255 0 0 19
    255 255 0 115 0 0 148 0 165 255 0 255 0 255 0 0 0 0 17 255 255 0 255
    0 255 0 0 0 255 0 255 0 0 0 255 255 0 234 68 0 255 255 92 0 255 0
    255 0 255 255 255 0 0 0 255 0 255 136 255 0 0 0 166 0 255 255 240
    255 255 0 200 0 105 0 255 255 255 255 255 0 0 0 255 0 0 255 255 53 0
    0 0 0 255 255 212 255 0 0 0 255 0 255 255 0 0 255 255 255 120 255 0
    255 255 255 0 0 188 255 255 0 0 0 0 153 255 255 0 31 0 59 255 0 255
    255 255 0 0 255 223 188 66 255 0 255 255 0 0 0 255 0 255 0 0 255 255
    255 0 0 0 255 255 0 0 0 94 0 255 202 255 0 255 255 255 0 0 0 209 24
    255 255 255 0 255 0 220 0 255 255 255 0 255 255 255 255 255 0 130 0
    0 207 255 0 255 255 0 0 0 0 255 255 255 31 255 243 255 255 0 0 0 255
    0 255 234 0 0 0 255 255 87 255 0 255 0 255 255 0 0 0 0 255 218 255
    255 255 0 0 255 90 255 0 0 45 250 0 255 30 255 255 0 3 0 255 255 205
    0 0 0 255 255 255 255 0 0 0 144 48 255 255 0 0 74 255 244 174 0 255
    0 238 0 255 104 255 0 219 77 255 255 255 0 255 0 0 0 146 0 255 0 0 0
    0 255 0 0 0 0 0 255 0 147 0 255 130 255 250 0 0 255 255 0 0 0 255 0
    154 255 255 255 0 0 0 0 255 0 255 0 255 0 16 0 0 0 28 255 255 0 0
    255 255 255 25 124 0 192 0 255 127 119 69 0 210 0 0 152 0 0 255 0
    255 255 0 0 0 34 25 0 0 0 0 0 255 106 255 93 94 0 255 31 40 255 255
    25 0 0 255 255 255 255 255 0 255 255 255 0 0 72 255 122 255 0 255
    255 255 0 0 255 0 0 0 255 255 255 72 255 0 0 255 255 255 0 0 23 255
    255 255 216 0 0 0 255 255 0 255 0 255 0 255 0 0 0 0 0 255 255 255 0
    255 0 255 0 159 255 0 106 255 255 248 230 0 255 255 0 117 0 255 255
    255 0 255 0 255 255 0 0 0 0 255 27 0 255 255 255 0 0 255 0 0 255 255
    255 0 4 255 255 255 0 0 0 0 255 217 0 255 249 255 255 159 54 0 255 0
    255 0 255 0 255 255 0 0 8 255 85 255 0 255 123 13 255 0 255 235 255
    0 0 38 0 255 255 255 133 0 0 0 255 0 255 0 255 255 0 255 255 255 0 0
    147 255 255 255 255 255 195 0 255 0 0 0 255 255 253 255 194 0 87 0
    255 0 255 0 255 255 190 255 255 255 0 255 54 97 0 0 0 0 38 0 255 38
    255 0 255 0 0 0 0 255 255 193 232 0 153 255 72 0 0 0 107 255 0 72 0
    0 0 255 78 255 80 240 0 0 255 49 255 254 255 0 60 149 255 0 255 0
    255 0 255 0 255 255 170 75 0 255 255 26 255 255 255 255 0 0 255 89
    255 205 0 255 0 66 0 0 108 255 255 0 243 53 251 255 0 255 25 255 0 0
    255 0 0 255 255 255 241 23 152 200 255 19 255 0 141 0 0 54 255 255
    255 0 255 0 0 0 255 0 0 255 0 255 0 185 0 0 0 0 255 0 206 255 255 0
    255 175 255 0 0 143 255 0 0 0 0 255 198 255 255 19 0 1 0 255 255 0
    255 255 0 194 255 0 134 0 255 0 255 0 229 0 255 0 255 0 94 14 0 0 0
    255 0 0 255 163 0 255 0 255 0 255 0 149 255 255 255 255 0 255 255
    235 0 255 107 255 255 0 150 255 129 0 0 216 0 255 255 255 255 85 255
    0 255 0 255 0 0 0 255 255 255 0 255 0 0 0 255 255 0 255 0 255 0 0
    255 255 255 255 255 255 94 0 223 87 255 255 121 0 255 255 0 141 255
    0 0 0 255 133 255 0 0 0 255 255 0 255 0 255 0 112 255 14 0 255 156
    197 0 64 255 187 109 0 0 255 255 255 0 0 255 228 0 170 0 255 0 255 0
    0 255 89 255 0 51 212 255 255 0 43 0 255 255 255 235 255 15 255 174
    190 0 0 255 0 255 193 0 255 255 0 0 0 0 255 192 0 0 255 0 104 0 0
    170 0 255 0 212 255 255 0 0 0 0 0 255 255 0 255 255 255 0 0 0 0 255
    0 55 138 0 0 0 255 255 255 0 0 0 102 255 255 255 0 39 0 0 94 170 255
    255 255 0 255 255 255 0 255 0 159 0 135 255 255 255 255 255 255 180
    0 255 0 0 0 255 255 255 0 0 255 255 36 255 0 255 43 174 255 0 0 0
    255 0 0 0 255 255 255 255 0 255 75 83 252 0 70 255 201 255 255 255 0
    0 8 0 255 255 255 0 32 60 255 0 0 255 199 255 0 0 141 255 255 0 255
    0 255 0 0 255 0 255 255 255 0 0 102 0 0 161 255 7 255 255 0 255 255
    59 0 255 153 0 107 101 255 255 0 0 255 72 0 0 0 0 0 154 73 240 0 255
    255 255 191 255 255 0 255 255 183 0 0 0 255 255 255 0 255 0 255 255
    146 0 255 255 255 84 255 255 0 0 1 0 0 0 0 255 137 255 0 0 0 188 0
    255 0 255 191 0 0 0 58 255 255 28 80 255 255 0 255 255 118 0 0 255 0
    0 40 0 255 0 255 0 255 0 255 0 255 209 255 0 0 0 255 0 0 255 0 255
    255 180 255 0 255 255 0 0 0 0 5 255 255 0 0 0 255 123 0 255 255 71
    232 195 255 255 0 0 255 0 255 0 255 255 123 255 255 0 0 149 121 255
    255 255 0 0 60 255 0 74 255 0 68 75 237 0 255 92 255 0 255 255 0 95
    0 0 163 0 255 255 255 66 0 0 255 0 255 0 5 255 255 255 0 0 0 186 0 0
    255 238 255 147 0 255 255 0 218 0 255 255 255 0 0 0 255 255 255 255
    44 255 0 255 150 0 0 0 255 255 255 234 255 0 0 0 255 255 255 255 176
    255 0 0 0 255 237 245 0 0 255 255 216 255 255 0 255 0 255 0 255 255
    0 0 0 255 255 255 0 255 0 2 248 255 1 0 255 176 255 0 255 255 255
    255 237 255 0 255 255 0 0 255 255 229 0 0 0 190 64 255 101 255 0 53
    255 57 255 255 255 255 10 255 255 255 255 0 0 0 255 255 255 255 255
    207 126 0 0 181 0 0 255 255 39 255 255 0 255 0 255 0 255 246 0 0 255
    255 255 0 255 0 0 0 211 255 255 255 0 0 0 0 0 255 0 0 0 255 233 255
    0 0 0 92 255 0 163 255 0 0 0 196 188 0 36 0 255 255 0 0 0 255 0 255
    0 255 255 88 113 255 255 255 255 0 255 255 0 238 255 21 0 209 255
    255 0 0 0 255 0 0 0 229 70 0 0 0 255 255 0 255 0 255 255 255 255 0
    128 165 0 255 40 255 0 0 255 255 255 66 230 255 0 255 47 0 255 255 0
    255 15 255 0 255 0 182 0 255 0 255 0 0 56 216 255 0 255 87 255 255 0
    255 0 141 0 255 255 255 0 0 150 0 255 0 255 0 255 255 0 0 255 0 255
    0 0 255 184 0 33 255 255 255 0 255 0 0 0 202 0 255 0 0 22 255 176
    255 0 13 179 211 0 255 255 255 0 0 255 255 0 48 0 255 0 255 0 255 0
    255 0 255 0 0 255 159 220 0 255 255 255 0 255 0 0 255 255 0 0 0 54 0
    0 0 0 255 0 0 0 255 0 255 167 255 0 255 0 133 0 0 245 255 169 255 0
    0 57 79 0 0 198 50 255 0 6 0 255 255 255 0 176 0 255 0 44 0 255 255
    0 255 0 255 255 255 0 0 255 63 0 255 255 0 0 242 255 0 0 255 255 0
    255 62 255 174 255 0 161 0 255 0 0 255 255 0 255 255 255 13 255 96
    135 0 255 0 157 0 255 255 196 0 0 255 0 107 0 0 255 0 255 255 255 0
    0 0 0 0 255 255 0 0 255 255 255 85 0 0 255 255 0 35 0 54 0 255 222
    115 0 255 255 79 0 0 255 255 0 255 255 0 0 0 255 255 0 150 0 0 255 0
    155 0 255 255 255 0 44 255 255 255 255 255 236 255 68 255 255 0 58
    255 0 33 135 255 255 0 0 238 255 11 255 0 216 0 155 0 6 255 255 255
    255 255 0 0 255 0 0 116 255 0 0 255 0 255 0 255 255 255 0 253 77 255
    0 255 255 212 0 0 255 255 255 121 0 255 0 255 8 0 0 255 255 245 0
    255 255 176 161 255 196 255 0 0 162 0 129 255 255 0 0 255 255 203
    255 255 192 0 0 0 0 255 0 233 0 255 0 255 0 255 255 255 225 0 255 0
    255 255 0 53 0 0 0 255 0 218 0 255 255 255 0 0 0 255 0 255 0 255 0 0
    0 0 255 0 0 0 255 255 255 255 0 176 0 0 107 0 255 255 255 0 0 255
    142 255 255 255 0 0 229 123 0 0 0 255 255 255 0 255 255 255 0 0 0 0
    255 170 0 0 16 252 0 0 210 0 146 0 255 0 0 0 0 188 255 255 53 255
    255 0 0 0 66 0 255 223 255 255 0 0 0 255 149 255 0 255 144 74 255
    255 255 0 19 255 105 0 255 255 255 206 0 0 0 202 255 0 0 255 255 0 0
    0 0 230 255 255 0 0 22 0 255 0 255 0 255 0 255 255 0 255 0 0 68 255
    217 255 255 255 0 0 81 0 255 0 255 0 0 0 255 255 255 138 255 0 93 6
    255 255 0 0 0 0 186 255 255 193 0 0 255 49 255 255 0 154 213 255 0
    248 202 255 255 0 248 0 0 0 255 0 9 34 106 131 0 255 255 0 0 0 0 255
    255 0 241 0 255 0 255 0 255 255 255 0 0 0 255 0 255 0 9 0 255 43 0 0
    0 0 0 213 255 255 0 255 255 0 0 155 0 79 255 103 255 255 255 255 0 0
    255 255 0 0 0 255 0 114 0 255 255 255 0 0 0 57 255 0 255 0 255 0 255
    147 104 142 255 0 255 0 0 255 255 255 197 0 0 0 188 244 255 0 0 37
    255 255 255 0 82 255 255 0 255 0 0 0 0 0 0 255 255 255 255 0 255 13
    255 255 255 106 255 0 101 9 255 255 0 0 90 255 255 0 255 84 255 70
    255 0 24 0 202 255 0 0 0 255 228 255 255 0 255 0 255 0 0 255 0 0 118
    0 255 255 42 0 255 255 255 91 0 255 255 255 0 0 0 25 255 255 0 0 0
    255 255 0 255 245 255 255 255 255 0 255 0 255 0 255 0 0 255 255 255
    0 0 255 255 248 255 255 0 120 0 255 99 0 0 0 255 250 255 0 0 255 0
    239 0 0 0 255 255 255 255 73 0 0 0 255 170 255 173 225 214 0 0 0 255
    0 0 152 255 255 131 255 0 255 0 0 54 255 255 255 0 0 255 0 255 255 0
    0 145 255 255 255 0 255 181 0 255 255 0 255 0 0 0 0 255 255 248 0 0
    255 255 0 0 255 0 0 255 255 0 255 0 154 0 255 0 140 0 255 255 0 255
    255 0 0 66 0 255 215 255 165 255 0 255 255 255 0 255 165 20 255 255
    0 255 129 76 246 0 255 0 255 198 108 0 0 0 255 255 255 255 0 255 0 0
    0 255 92 255 0 32 36 80 0 0 255 255 0 0 0 226 0 255 0 255 255 255
    255 0 0 0 255 255 255 0 0 255 104 255 0 142 0 0 121 255 255 0 255
    255 113 0 0 255 255 255 255 255 255 0 0 0 255 255 0 83 255 255 33 82
    127 0 0 255 0 0 255 0 255 0 255 0 255 0 255 0 0 0 62 255 0 0 0 0 143
    255 0 134 0 171 0 255 0 0 255 255 202 255 0 63 255 0 255 116 255 0 0
    0 0 4 0 255 255 0 0 0 0 240 255 255 2 0 0 205 0 0 255 255 255 222
    255 101 0 255 29 0 0 0 0 0 0 255 0 255 255 255 0 0 255 255 255 255 0
    0 122 119 255 0 0 0 0 0 255 255 241 0 198 88 0 190 255 229 24 69 0 0
    0 255 234 17 0 255 255 0 0 216 0 130 36 0 255 0 255 0 59 0 255 255
    255 255 255 0 0 0 0 0 0 255 255 255 0 0 255 255 69 224 0 255 118 59
    0 255 0 255 255 0 0 255 255 74 255 249 205 0 0 0 255 255 0 122 255 0
    0 248 0 0 0 255 255 255 0 0 208 255 0 0 191 0 255 255 255 0 215 0
    255 255 0 255 255 165 0 255 158 0 159 73 255 255 255 0 243 255 0 0 0
    255 157 255 106 0 0 125 113 0 255 0 255 0 175 198 255 255 255 255
    255 0 0 0 255 0 189 75 169 0 254 234 204 255 0 191 0 0 255 0 255 0
    255 255 39 0 255 255 255 49 255 0 0 200 255 0 0 0 255 156 0 0 255
    133 255 10 255 0 0 0 255 0 33 255 160 255 197 255 189 39 0 70 0 0
    255 255 255 0 111 255 255 255 255 255 0 0 0 0 255 0 255 144 0 4 0 0
    0 255 0 255 0 255 0 125 38 0 255 117 255 105 255 38 0 0 0 0 0 255
    255 255 0 0 255 255 8 96 255 107 255 192 255 0 255 0 255 96 28 255
    255 255 255 0 255 31 255 255 138 0 51 0 0 255 0 255 0 0 0 178 0 239
    255 255 255 255 0 125 0 255 255 255 0 0 0 255 62 255 0 0 255 255 73
    0 255 199 0 0 255 0 104 0 255 255 185 0 44 0 255 103 255 255 255 42
    0 0 255 0 255 0 127 0 0 255 0 118 0 255 0 255 255 0 255 0 255 0 255
    0 255 0 0 0 255 255 0 255 198 255 0 0 255 182 0 0 0 255 255 217 33 0
    0 0 255 7 255 0 255 0 0 255 255 255 0 255 0 182 163 0 0 0 0 255 255
    255 0 255 0 255 20 255 255 255 0 0 255 0 0 0 255 0 255 60 0 255 35
    108 10 255 255 156 0 0 255 0 255 0 212 0 0 255 0 0 0 0 255 0 0 0 255
    129 255 255 255 0 0 247 0 137 255 255 255 131 0 0 255 255 255 255
    255 255 103 0 0 255 0 255 0 199 255 0 0 255 69 255 0 0 255 255 255 0
    255 0 0 0 255 255 0 49 0 255 0 255 0 255 255 255 0 0 0 255 0 0 0 0
    255 255 255 0 224 0 255 138 31 0 255 138 0 167 0 70 255 255 0 0 0
    255 40 255 255 0 0 255 0 0 0 255 255 20 0 0 255 255 255 52 255 255 0
    0 255 181 252 255 128 255 255 0 0 255 255 0 255 0 202 0 255 255 255
    255 77 0 0 0 198 255 255 0 0 0 255 3 171 0 155 0 0 255 255 255 0 0
    246 255 255 0 0 0 255 255 0 255 0 255 233 255 238 255 0 0 255 255
    255 0 207 118 0 255 0 255 0 0 255 255 0 0 255 0 255 118 255 0 42 255
    255 0 0 255 255 255 255 0 255 0 0 0 54 255 206 0 0 0 0 255 0 0 166
    255 255 0 255 255 255 0 255 255 162 255 0 125 0 255 38 255 255 0 190
    0 255 255 0 255 0 255 255 255 255 0 242 255 255 16 0 146 255 0 255 0
    255 0 0 55 0 0 149 255 255 109 255 0 236 255 0 0 76 255 0 0 154 255
    16 255 255 255 0 0 0 0 255 255 255 0 0 255 255 199 255 0 255 255 255
    0 0 255 255 0 255 0 255 0 0 0 255 255 150 41 255 174 255 247 255 0
    255 255 255 255 0 0 255 255 0 0 255 0 255 0 255 0 116 222 201 68 0 0
    221 24 0 255 165 255 0 197 255 206 0 255 0 33 0 255 0 255 255 255
    255 122 255 46 0 0 255 255 43 255 255 255 0 255 255 0 255 0 0 255 86
    255 0 0 0 255 255 0 255 0 0 0 255 0 255 0 35 255 255 255 255 37 0 0
    255 58 255 255 0 0 0 255 255 0 255 255 255 0 0 0 255 0 255 255 45 0
    0 255 219 217 21 42 0 255 0 0 255 5 0 209 255 255 109 0 0 255 255
    255 0 255 0 255 255 255 0 64 0 127 0 0 0 255 0 255 157 148 0 255 255
    10 255 192 255 0 255 255 255 255 0 0 0 0 255 5 0 0 0 0 255 255 255 0
    0 0 0 255 0 255 0 55 0 255 0 114 255 255 213 151 255 0 255 42 0 0
    255 0 255 94 153 0 255 255 0 0 196 106 255 0 0 0 85 23 87 255 255
    255 255 0 0 0 63 255 255 0 53 0 255 0 255 255 181 255 0 255 0 255 91
    18 0 255 255 255 0 255 0 0 0 0 183 255 255 73 255 255 0 126 0 92 5 0
    13 255 255 255 0 189 255 0 0 0 0 117 236 0 0 0 255 255 120 255 0 7
    81 72 255 255 255 0 255 57 137 0 0 0 255 255 139 255 68 255 0 55 229
    0 245 255 255 255 255 255 0 0 255 204 100 228 0 255 0 24 0 199 0 255
    0 255 255 0 0 0 255 0 121 0 255 255 255 0 255 0 255 255 255 0 0 0
    255 255 83 0 255 255 180 0 94 227 255 255 157 255 0 0 0 255 215 0 15
    0 105 255 255 255 0 0 0 255 0 134 0 57 136 255 255 255 255 255 18 0
    67 0 255 0 0 255 255 0 0 0 255 19 0 0 255 0 255 0 144 230 255 255
    255 255 255 0 0 255 0 255 0 255 255 0 0 255 255 255 255 0 0 0 255
    255 231 236 255 255 0 255 152 255 255 255 18 0 0 255 255 0 0 68 255
    0 162 255 255 76 0 251 255 255 0 0 0 255 0 255 249 0 111 255 255 255
    255 0 0 255 255 0 255 146 191 0 0 255 255 203 0 30 255 255 0 0 85 0
    255 255 0 0 255 0 255 0 67 0 255 156 0 200 163 255 0 0 0 255 131 99
    255 255 255 59 203 0 0 0 205 255 0 255 255 255 13 0 0 255 0 0 0 0 0
    255 255 0 0 117 255 255 0 0 0 112 255 0 255 0 90 0 255 0 0 0 0 255 0
    0 0 0 0 255 0 255 0 255 39 125 61 0 105 0 0 255 255 6 255 0 255 0
    255 0 0 160 69 0 0 0 31 255 255 255 255 24 0 116 0 166 23 0 255 38
    96 0 0 255 255 255 0 0 0 156 255 255 255 0 0 0 0 255 0 255 255 255 0
    216 0 255 0 255 0 255 221 0 255 205 255 255 0 225 255 88 255 255 255
    0 213 255 123 255 0 24 0 85 0 0 0 255 0 255 255 255 0 14 1 0 0 255
    255 0 254 0 0 255 0 0 0 255 255 255 255 63 0 0 0 255 0 255 0 255 235
    0 0 151 255 255 255 255 255 255 255 0 154 255 110 43 0 255 255 0 0 0
    255 0 255 0 255 255 0 192 0 188 255 139 194 0 255 255 255 0 0 0 0
    255 0 255 255 0 0 255 255 0 0 255 0 255 255 0 255 245 255 0 0 255 0
    11 0 255 0 0 0 0 0 0 0 255 255 255 192 0 245 255 37 0 255 255 255 0
    0 0 0 255 0 255 0 0 0 254 255 0 0 0 255 0 255 255 166 0 0 0 255 0 0
    0 0 255 0 0 182 0 255 0 0 0 255 255 0 83 0 0 29 255 255 255 121 255
    255 0 49 148 245 174 25 255 181 255 0 0 255 41 255 0 0 0 103 255 0 0
    0 114 255 255 255 255 0 0 0 0 122 255 255 255 0 0 0 255 255 187 0 0
    255 255 255 0 255 171 255 255 255 255 0 0 0 217 255 255 0 0 0 255
    255 0 0 216 99 255 0 0 255 255 65 255 255 0 239 255 255 0 0 102 255
    255 255 0 0 161 0 186 0 0 255 255 255 255 0 255 55 0 251 0 255 0 0 0
    255 0 255 0 0 255 171 255 0 0 190 0 0 0 203 255 78 214 0 16 255 255
    255 255 0 0 140 255 255 0 0 14 12 255 173 255 0 255 0 255 0 255 255
    0 0 61 0 255 255 185 0 213 255 0 255 0 255 0 0 234 255 0 255 145 0
    39 255 255 0 0 0 15 255 255 255 157 255 90 129 204 255 0 61 255 255
    255 0 255 32 255 0 0 255 255 221 11 46 0 0 39 255 255 156 0 0 255
    255 255 255 255 0 2 110 0 34 247 255 255 255 0 0 255 83 255 0 0 0
    255 255 255 0 0 0 255 0 0 0 0 0 202 0 95 255 255 130 255 0 0 0 255
    118 0 0 255 255 204 255 255 0 0 255 255 255 255 70 255 0 255 0 0 0
    255 180 255 255 133 88 0 0 0 0 255 0 255 0 0 255 0 255 193 0 0 255
    165 244 0 191 50 255 0 255 255 0 0 0 255 174 0 255 22 255 0 0 0 255
    72 0 255 255 255 0 0 98 255 255 149 0 255 255 255 0 255 0 255 241
    245 255 0 0 0 0 255 255 255 255 0 0 0 255 255 126 0 103 0 255 255
    239 0 255 50 255 0 0 255 125 199 0 255 175 255 0 246 0 255 0 117 255
    255 255 0 0 0 255 0 255 1 0 0 0 255 0 0 0 255 227 231 0 0 255 255 0
    255 86 0 0 255 50 0 0 203 0 255 66 255 182 0 0 255 248 255 194 249
    34 255 177 0 255 0 255 255 255 255 0 255 0 72 136 0 0 255 255 255 0
    0 0 203 46 255 0 255 255 255 0 0 138 0 255 255 255 0 255 0 255 255
    255 255 255 42 0 0 255 0 0 0 255 255 255 0 0 255 190 0 255 20 255 44
    0 0 0 255 255 255 255 255 0 0 0 0 255 0 255 0 255 134 255 0 255 0
    255 255 255 0 0 186 255 255 255 0 255 0 69 255 255 255 212 255 0 61
    0 255 255 255 255 183 0 98 163 104 93 0 0 255 255 255 0 109 255 250
    0 0 0 255 0 255 0 255 0 255 255 255 65 0 0 0 255 0 0 255 255 0 0 3
    19 255 206 23 0 0 184 255 0 255 255 255 0 255 255 0 255 214 255 0
    255 0 80 0 0 0 255 255 76 255 255 255 0 0 0 255 0 255 98 255 18 0 0
    0 255 0 255 0 255 22 201 175 0 255 255 108 0 0 255 0 255 255 141 0 0
    0 255 255 255 0 158 0 255 255 0 0 210 255 0 121 169 0 0 255 89 169
    255 199 255 0 0 246 25 173 0 0 255 0 255 255 0 37 255 255 255 255 0
    0 255 255 103 0 255 0 248 0 255 0 0 0 0 255 255 255 75 69 0 0 185
    255 222 255 0 255 0 255 0 255 0 0 255 255 255 0 232 245 16 0 0 0 177
    0 255 255 0 255 0 160 255 255 0 255 169 255 255 255 255 0 255 255
    255 0 0 0 0 0 0 0 255 255 255 255 0 25 0 255 255 255 0 57 0 255 255
    255 54 255 129 0 242 255 255 255 77 255 0 255 0 255 0 96 255 255 255
    255 255 0 255 0 255 255 2 102 0 255 149 69 0 255 255 255 0 255 0 255
    89 255 0 0 255 232 255 0 0 0 255 255 255 255 255 255 255 0 170 255
    255 0 174 244 255 24 0 0 104 0 0 0 255 112 0 236 255 255 206 255 0 0
    255 255 255 0 0 255 0 255 164 0 255 0 255 255 0 0 0 255 255 0 70 255
    129 0 255 255 255 0 255 255 0 160 255 255 164 0 0 255 0 255 0 255 0
    255 0 195 0 255 255 0 49 0 201 255 69 255 0 255 0 255 0 255 0 38 255
    0 255 137 99 0 0 255 255 255 104 255 0 255 0 0 255 255 128 55 250
    255 97 0 255 252 255 211 0 255 0 255 255 255 255 104 0 0 255 255 255
    0 0 12 255 0 108 255 0 0 0 92 255 255 255 0 255 255 0 255 255 255 0
    0 0 242 224 0 0 0 255 0 255 0 0 0 255 0 104 166 0 255 255 255 162 0
    255 255 255 0 0 255 255 0 0 0 255 0 0 21 255 0 255 93 213 255 255
    255 0 0 0 255 0 255 255 255 255 0 0 0 255 255 255 0 0 255 255 255
    255 97 0 239 0 255 0 163 0 28 255 255 255 110 0 255 0 0 0 255 255
    255 0 0 0 255 0 255 255 68 0 255 255 0 0 76 72 32 0 0 255 255 84 0
    255 255 0 255 174 0 159 0 205 0 255 255 234 0 255 0 0 255 210 0 122
    0 255 80 255 125 0 255 0 255 255 193 15 255 222 255 0 255 0 0 70 255
    255 255 0 255 0 0 0 255 255 93 0 0 255 0 255 0 194 89 255 212 0 94 0
    0 0 255 255 188 0 0 72 0 248 0 255 255 0 255 86 255 0 255 255 255 0
    255 255 88 0 23 255 255 0 255 0 255 0 255 255 255 0 126 73 0 84 255
    255 0 255 0 0 0 78 0 255 0 185 255 0 255 0 255 116 0 46 255 0 136 0
    98 0 25 0 255 255 108 119 255 0 0 255 255 33 0 0 255 255 255 0 0 16
    255 255 134 255 255 121 0 255 0 255 64 78 0 255 255 88 0 0 255 255
    255 0 0 0 255 255 134 0 188 255 0 255 255 255 0 0 0 130 255 58 255 0
    255 0 255 0 255 0 255 255 0 255 0 255 0 43 255 0 255 234 255 0 0 0
    255 255 0 0 0 255 255 255 191 255 255 255 255 0 9 0 0 0 255 255 255
    72 94 0 0 0 255 255 255 255 255 255 126 0 0 255 255 0 255 178 255 0
    255 255 255 255 0 255 255 13 54 0 99 13 255 0 255 0 255 0 0 0 0 255
    255 0 0 255 0 0 0 39 255 153 30 0 255 0 0 10 255 255 255 0 255 0 255
    0 255 137 255 0 238 16 0 126 255 255 255 0 0 0 18 0 0 255 255 19 255
    255 0 0 0 32 224 255 255 255 0 180 255 255 0 0 0 255 0 0 255 139 0 0
    255 255 255 255 255 0 131 0 0 0 0 0 0 0 255 235 255 255 255 190 255
    0 0 0 85 255 255 255 255 255 0 0 0 176 0 255 0 255 0 255 255 255 0
    255 74 255 255 0 26 0 255 0 148 0 255 255 164 0 0 211 0 255 92 255
    255 0 0 255 255 0 255 0 198 144 255 255 255 0 175 0 255 0 255 255
    255 255 0 0 255 255 137 0 0 0 0 255 208 255 104 255 0 211 179 158
    255 0 0 0 255 0 255 255 255 0 255 255 255 180 0 0 0 0 88 0 255 0 130
    255 0 0 143 232 255 255 0 0 0 255 0 79 97 91 255 37 255 123 128 0
    186 255 74 0 255 0 46 0 0 0 0 255 255 255 255 255 0 67 0 255 0 255 4
    0 0 0 0 255 0 239 0 255 0 0 255 255 255 119 54 0 0 255 255 255 0 87
    247 255 255 255 0 0 255 255 255 216 0 0 255 0 255 0 255 0 255 0 33
    255 0 255 0 0 0 237 255 156 0 255 0 0 0 255 0 66 255 0 255 0 0 0 255
    115 3 0 26 0 0 0 255 0 181 0 255 255 255 196 0 0 0 205 255 0 0 0 255
    221 255 0 255 0 0 0 0 255 255 236 0 255 0 255 0 181 0 0 0 0 0 255 0
    255 255 255 255 0 0 255 255 255 0 0 255 7 0 0 0 255 0 255 255 0 0 8
    248 255 0 255 0 104 0 0 255 255 0 255 255 0 116 247 0 228 0 255 0
    255 0 255 255 0 255 255 240 0 0 255 255 0 255 0 207 255 149 0 0 255
    0 0 0 255 255 255 0 255 0 255 0 239 185 0 255 255 255 200 255 212 0
    43 82 255 255 255 0 0 0 255 0 255 0 0 255 34 235 255 0 255 255 255 0
    0 156 255 255 255 255 0 255 0 255 0 0 0 0 255 145 255 211 9 0 255 0
    0 0 255 173 255 0 228 255 255 54 207 0 255 157 255 0 0 0 255 255 0
    255 0 255 0 197 0 255 255 255 255 0 130 0 0 255 112 0 117 0 255 0 79
    0 247 255 0 55 205 0 0 161 0 255 255 255 0 0 0 255 255 0 0 0 255 0
    186 255 40 0 0 156 0 255 22 255 255 255 0 171 255 255 66 255 7 255
    205 190 0 0 0 32 255 255 211 0 225 0 255 0 0 255 255 255 0 0 255 33
    255 0 37 0 0 0 255 95 104 0 0 255 232 0 125 255 255 255 0 0 0 0 195
    255 32 0 0 0 255 255 0 0 0 255 0 255 255 255 190 255 255 0 255 0 255
    255 0 0 0 146 0 255 0 192 90 255 0 255 255 0 164 42 255 255 198 0 0
    255 255 201 255 0 255 0 255 0 255 255 255 0 0 255 255 255 255 0 0 0
    0 0 148 0 255 241 255 255 255 0 0 105 240 255 255 229 222 0 255 213
    0 255 0 139 255 0 0 255 0 155 163 255 0 255 0 0 39 255 255 41 0 242
    0 0 255 255 255 0 0 255 255 124 0 0 0 255 255 255 0 255 255 0 255
    255 255 0 0 255 0 255 0 1 51 0 105 128 255 255 255 255 77 0 255 188
    255 255 0 255 0 0 0 0 255 255 255 0 0 175 255 0 118 255 255 0 0 0
    113 0 109 255 255 0 113 36 255 0 255 0 92 79 0 0 255 255 244 255 255
    255 255 255 113 255 0 255 0 255 255 255 255 0 0 212 42 0 0 0 0 0 68
    255 255 0 0 255 255 160 0 0 250 0 0 0 250 224 83 234 255 255 0 0 255
    0 6 0 0 150 255 255 0 255 93 0 0 0 255 255 20 138 39 255 0 255 0 255
    29 255 0 134 255 255 0 0 0 0 255 255 255 255 255 255 0 110 255 255 0
    202 0 0 0 0 132 255 0 255 0 0 255 111 255 99 0 0 255 255 255 0 65
    255 0 255 0 255 0 0 255 0 255 33 255 147 45 0 0 0 255 255 255 0 0
    255 255 255 0 0 0 255 0 255 0 109 115 255 0 255 57 0 0 0 255 105 255
    119 160 0 255 0 0 0 0 0 0 255 0 255 76 255 0 0 0 232 0 48 255 0 255
    255 255 255 0 62 255 255 255 255 0 0 29 255 255 255 122 0 0 255 0
    255 174 255 0 209 255 255 255 0 0 255 255 0 0 255 255 255 0 255 106
    0 193 82 62 94 0 0 0 155 231 0 0 0 191 255 255 144 255 0 255 0 0 0
    255 0 172 192 255 255 255 84 0 0 0 255 33 253 0 176 255 255 0 0 252
    58 125 0 255 255 0 255 197 255 0 0 0 179 255 255 0 0 84 255 255 255
    1 255 255 0 255 255 255 0 0 0 255 0 156 255 0 64 0 255 120 163 0 0 0
    0 255 255 255 0 0 64 0 255 226 255 255 0 255 255 0 0 255 255 255 0
    255 0 255 177 17 0 0 255 255 255 255 181 0 0 0 255 255 255 103 0 0 0
    255 17 61 116 0 255 0 255 0 0 0 255 174 255 255 235 0 0 0 235 188
    187 0 149 255 112 101 0 0 255 138 255 255 255 0 0 168 255 255 255 0
    0 0 255 255 0 16 0 0 0 255 255 255 0 0 111 192 255 255 255 255 134
    255 0 255 0 255 148 255 0 255 0 75 197 0 211 32 0 214 139 255 0 255
    0 0 0 0 255 255 255 0 0 0 255 0 0 255 191 255 196 0 0 139 248 255
    255 255 0 255 188 255 255 255 255 0 0 255 0 255 0 180 201 255 0 0 0
    255 255 244 255 255 102 11 255 255 255 0 43 19 0 160 0 255 0 0 0 255
    67 0 0 0 255 255 255 28 180 0 255 0 0 0 255 0 127 255 255 0 65 0 0
    255 255 0 0 8 0 0 255 0 131 0 255 255 255 0 62 0 255 229 0 255 0 0 0
    255 255 255 124 0 0 232 0 255 255 255 0 0 255 28 0 0 0 255 255 255
    105 232 0 255 0 0 0 255 101 0 247 0 0 0 255 255 255 255 0 255 0 255
    0 255 0 49 0 214 0 0 0 0 0 0 255 105 0 255 255 255 0 155 255 0 255 0
    0 255 255 255 0 0 255 173 255 0 0 14 0 0 255 0 0 255 128 255 51 0 0
    146 201 0 255 3 0 133 0 5 93 0 255 0 255 0 0 0 255 255 88 0 255 0
    255 255 255 0 0 212 255 255 255 0 0 255 255 255 0 255 129 255 0 255
    255 255 0 0 0 255 83 255 255 200 255 0 0 41 0 255 0 238 0 255 144
    255 0 0 57 255 0 0 255 255 0 0 0 87 255 255 255 4 255 13 141 93 0
    195 255 255 179 0 66 0 0 255 8 255 255 255 0 0 255 0 0 6 0 0 56 255
    0 0 0 0 255 255 0 255 0 0 180 255 255 0 0 0 0 0 255 0 255 0 0 0 0 0
    255 255 72 0 0 255 255 255 211 0 0 37 255 255 255 0 120 86 255 0 255
    0 22 0 255 255 0 0 255 255 0 0 0 255 255 178 255 0 0 255 255 255 0
    255 255 255 243 147 255 0 255 74 255 255 255 0 255 126 151 255 0 255
    0 255 0 255 5 0 44 255 0 255 0 255 251 255 0 0 0 255 255 0 26 0 0
    255 59 0 0 255 255 255 255 255 255 255 0 0 0 0 255 51 255 66 242 43
    0 255 0 255 146 3 255 0 255 255 255 0 255 0 226 255 255 162 255 255
    255 0 0 177 0 0 255 9 255 0 255 255 255 255 0 0 0 0 255 12 255 240
    255 255 255 0 109 255 168 40 43 0 255 255 255 0 255 255 0 0 0 0 255
    255 255 0 0 255 135 255 255 0 23 248 0 255 0 182 0 255 0 255 255 0 0
    255 0 0 255 0 255 255 251 0 0 65 0 255 0 217 0 255 222 0 191 0 255 0
    232 0 0 181 255 255 0 0 76 182 255 0 0 255 0 255 20 255 244 0 88 255
    255 0 255 0 255 0 0 211 0 255 0 0 0 255 255 255 0 0 0 255 255 0 153
    0 255 0 255 255 0 0 0 255 110 0 255 255 255 255 51 0 0 255 255 255
    255 0 16 255 142 0 255 0 0 255 255 255 255 255 165 176 0 255 0 217 0
    0 0 0 0 6 255 255 0 0 0 136 0 0 0 255 0 255 98 255 0 0 0 117 248 255
    0 0 0 255 255 255 255 0 255 0 255 0 255 255 255 0 255 102 228 255
    158 0 224 255 255 214 255 0 180 0 255 255 255 86 0 253 255 0 0 0 255
    255 107 0 0 255 0 215 0 254 0 255 0 13 255 111 255 255 0 255 0 255 0
    255 255 255 0 115 255 0 255 198 255 134 0 255 255 255 0 0 255 255 0
    0 0 101 255 65 0 10 0 255 131 136 0 0 139 255 0 0 0 255 0 0 255 16
    255 7 0 255 119 0 0 21 255 218 0 255 69 79 0 255 255 255 0 0 56 233
    0 0 255 255 255 0 0 255 215 255 255 0 255 255 255 0 0 0 255 255 255
    255 178 0 0 255 255 0 255 0 255 255 28 0 204 255 255 0 0 255 0 255
    178 255 0 17 0 255 255 0 0 170 255 255 255 255 0 0 185 255 0 212 96
    0 255 0 48 0 0 255 255 255 205 255 0 0 0 0 0 146 255 208 178 169 255
    0 0 255 0 0 255 0 255 255 255 0 15 0 0 0 255 255 255 255 147 0 0 0
    255 255 0 0 167 255 255 255 255 255 139 0 0 0 129 146 1 0 20 0 255 0
    255 156 211 0 0 0 255 100 0 0 0 255 255 255 255 241 255 0 0 255 34
    24 0 168 0 255 255 0 255 56 0 255 0 255 0 255 81 0 0 255 255 255 0 0
    255 255 255 255 255 0 249 255 0 1 0 255 68 0 0 255 255 255 122 255
    255 0 255 255 255 0 0 255 255 255 0 255 0 255 0 255 0 230 0 255 0
    132 255 255 224 0 255 0 0 14 255 255 0 255 0 255 0 255 0 128 177 255
    119 0 148 0 255 89 234 22 255 255 46 102 17 255 255 178 255 0 0 0
    148 255 240 0 0 255 255 146 255 49 0 0 219 0 0 255 120 255 255 255
    13 0 255 255 255 0 251 255 0 255 0 0 255 0 71 98 255 0 255 255 0 0
    144 0 255 255 255 244 255 129 192 255 114 0 24 255 0 255 253 255 0 0
    255 255 0 0 255 255 255 192 0 255 77 0 0 105 253 123 0 0 105 0 184
    255 255 0 164 0 255 47 255 0 0 255 0 255 0 255 243 255 107 40 0 0 0
    0 255 255 252 255 0 0 0 255 134 0 0 0 255 255 255 0 255 0 255 0 0 0
    255 0 255 0 255 10 0 0 255 255 255 191 255 255 255 0 0 255 0 255 0 0
    59 255 255 0 173 0 255 0 0 0 0 255 255 28 254 0 255 0 255 0 0 132 0
    156 0 255 255 255 0 0 0 103 255 255 255 0 255 0 0 255 255 139 255
    255 0 0 0 0 255 255 255 255 0 255 255 255 0 0 37 255 0 0 0 0 255 255
    0 0 0 255 200 0 255 136 255 2 0 0 0 255 98 159 0 0 0 255 51 255 255
    0 0 0 0 255 0 255 0 255 231 0 255 255 255 255 0 0 0 0 55 0 255 255
    255 255 255 47 0 255 0 255 0 255 255 152 255 50 0 0 226 186 56 0 255
    255 255 0 255 0 255 36 255 152 255 255 255 163 0 255 255 49 255 0
    255 0 172 0 0 0 255 201 255 167 255 255 0 234 0 255 253 255 73 255 0
    185 191 0 185 0 178 196 255 0 255 255 255 94 255 0 0 255 0 0 0 60
    255 0 0 0 251 235 159 0 255 0 0 0 0 255 125 255 255 255 255 41 0 0
    200 90 255 0 209 255 255 188 255 3 0 0 255 212 255 0 255 255 0 255 0
    255 0 0 88 0 135 42 9 255 255 0 0 0 255 0 255 0 60 255 0 0 255 255 0
    0 255 255 158 0 35 0 0 0 0 255 255 255 233 0 255 255 255 255 255 0 0
    0 255 255 255 0 0 200 255 0 255 0 0 0 255 255 255 64 255 255 255 0
    255 0 0 0 170 0 0 0 255 0 0 255 241 170 0 255 255 255 0 0 255 0 255
    255 255 0 0 0 255 255 254 0 6 255 255 0 0 0 255 255 255 255 0 244 0
    0 255 0 255 0 255 0 0 0 255 255 20 214 255 100 71 0 255 255 255 0
    106 0 0 131 255 68 0 0 0 0 202 255 255 0 0 255 130 0 0 255 15 255
    132 222 255 255 0 0 0 255 255 255 0 255 0 112 0 143 255 0 0 96 255 0
    0 62 255 146 255 255 0 0 255 102 214 0 0 255 159 255 255 0 255 0 255
    255 255 216 255 255 154 255 255 0 0 154 255 202 255 0 0 0 0 255 255
    0 9 0 0 191 255 255 255 0 125 255 255 200 0 0 0 48 0 255 255 255 97
    255 255 255 167 255 255 0 0 0 0 255 77 255 0 0 0 255 91 255 255 255
    255 0 255 0 255 127 0 0 255 255 0 0 0 0 255 63 0 255 255 255 133 255
    0 255 0 0 0 255 255 255 255 0 255 0 0 0 255 255 0 0 255 255 255 255
    0 0 0 255 255 255 18 255 255 0 0 0 255 255 215 0 0 0 118 255 103 255
    255 255 89 0 0 0 0 60 255 255 255 0 255 0 255 0 0 0 0 255 255 51 255
    37 255 0 0 187 255 203 0 255 255 0 255 119 255 77 0 190 32 144 255
    255 83 0 0 0 0 255 0 255 0 255 255 255 0 255 255 30 176 255 0 255 0
    0 0 255 255 201 0 255 0 66 0 255 0 255 0 255 0 0 255 0 255 0 146 0
    255 255 255 255 0 0 92 0 255 0 255 255 165 255 0 175 0 0 0 83 0 0
    255 255 90 0 0 236 112 255 255 0 26 255 255 140 0 0 0 0 61 255 255
    241 179 255 124 0 193 0 0 0 255 78 0 0 255 0 95 0 229 0 255 0 255
    214 255 0 0 0 0 255 0 0 21 255 255 0 255 0 14 0 0 241 0 255 255 255
    0 0 0 209 255 0 255 255 0 0 255 18 255 0 0 255 255 0 0 25 0 255 0
    255 0 0 0 0 255 0 255 255 215 0 255 213 255 0 255 0 103 0 255 255
    255 0 88 255 255 0 0 85 0 0 93 255 255 130 0 0 255 255 0 228 0 255
    255 0 0 255 92 0 0 0 3 255 255 0 92 255 255 255 255 0 0 228 255 0
    255 0 255 133 255 0 0 0 0 0 255 255 255 119 0 0 0 255 255 255 255 0
    0 255 11 255 0 0 0 0 255 85 198 0 255 0 255 0 0 0 255 0 9 54 0 0 0
    255 255 0 0 24 255 58 0 0 255 173 255 228 201 0 0 255 0 189 0 0 97
    255 255 255 22 115 0 205 224 255 255 0 177 255 255 255 0 255 0 230 6
    255 0 0 0 255 155 255 0 255 255 255 94 0 255 0 255 0 0 255 255 255
    137 0 0 0 0 255 255 0 90 0 255 203 255 0 255 0 255 223 0 0 181 247
    255 255 187 0 176 255 11 0 93 0 255 9 255 0 255 0 0 0 113 255 0 255
    255 255 0 255 0 0 0 0 19 255 0 163 255 0 0 0 0 73 0 255 0 0 0 255
    255 255 0 255 0 255 0 255 0 255 0 255 0 255 76 255 255 91 255 255 0
    0 57 255 255 0 200 0 255 3 255 255 255 108 0 255 28 255 0 211 0 0
    255 255 255 0 0 255 0 0 135 255 255 255 0 112 0 192 0 255 37 147 0 0
    0 255 104 255 0 0 0 255 0 255 37 172 255 0 0 0 255 255 0 0 0 230 0
    168 0 255 0 255 255 255 0 234 104 0 159 0 130 156 0 37 255 0 0 0 255
    0 0 0 172 255 7 27 0 255 0 228 0 0 255 141 0 255 255 212 0 0 0 255
    43 255 56 0 255 27 255 255 0 255 255 0 255 255 255 78 247 0 0 195
    255 0 0 255 0 131 255 0 0 0 255 255 255 0 231 0 255 255 165 0 77 255
    128 87 0 0 255 0 0 0 255 0 172 255 255 0 248 0 255 255 0 71 0 0 255
    0 0 0 0 0 255 255 255 255 255 0 0 255 255 85 188 255 255 213 137 255
    0 255 255 255 0 0 255 255 255 0 0 0 0 5 255 255 255 120 0 0 0 0 0 0
    255 255 255 204 250 215 255 71 255 0 17 0 0 255 255 255 36 0 176 255
    231 207 0 0 255 255 0 0 155 255 255 0 255 255 255 0 0 255 255 0 0 0
    255 255 0 0 0 0 0 89 0 0 255 255 0 187 91 255 162 0 109 255 143 0
    255 255 215 0 139 0 255 255 255 0 0 255 255 255 94 224 0 0 159 255
    255 0 154 255 255 255 255 0 255 0 255 0 255 0 213 255 255 0 0 167
    168 255 0 255 0 255 19 0 225 211 167 255 0 255 0 255 0 255 255 255 0
    60 0 0 0 255 255 0 255 0 255 0 162 97 0 255 179 255 239 0 139 0 255
    0 0 0 255 0 0 0 0 255 0 72 0 165 185 255 255 0 0 255 0 255 0 255 0
    169 0 0 227 255 30 0 0 255 255 255 255 0 146 0 165 255 0 255 255 255
    0 255 255 197 255 0 157 0 139 255 255 255 209 0 169 0 255 255 255
    255 0 255 0 68 124 0 188 255 0 0 0 198 221 0 255 213 0 255 255 35 14
    0 255 255 255 0 0 255 255 0 255 242 0 255 255 0 255 255 0 197 248 0
    255 40 83 252 92 0 255 0 255 0 0 255 255 255 255 0 255 0 255 255 0 0
    255 115 0 193 71 255 175 0 255 255 255 255 0 0 255 0 0 0 255 0 0 255
    255 0 0 255 0 33 0 32 0 0 255 255 255 0 171 0 255 0 0 37 95 255 0
    255 255 0 0 255 0 0 0 255 255 255 255 0 0 0 255 255 255 0 255 0 0
    255 255 255 255 255 0 0 225 255 0 0 0 255 0 255 76 255 0 255 255 255
    0 184 0 255 0 255 255 246 0 0 255 255 255 255 0 255 99 0 187 0 255
    136 248 0 0 255 111 0 255 255 255 0 208 198 173 0 0 0 255 223 255
    160 255 255 0 0 255 7 0 79 200 255 0 0 0 0 126 0 255 255 0 0 0 0 0
    11 255 91 255 0 255 255 255 45 20 0 0 255 0 255 255 0 0 0 110 255 0
    0 0 0 105 62 0 58 0 57 255 0 255 255 156 37 0 75 54 255 41 255 0 0 0
    255 0 107 106 255 255 0 240 182 0 0 0 255 129 0 0 220 255 255 255
    255 225 255 101 0 0 0 131 255 255 255 55 255 0 0 0 255 119 0 0 255
    255 255 255 255 0 178 255 0 229 0 255 255 186 255 0 0 0 255 219 241
    0 0 135 0 134 197 255 255 255 0 0 255 255 0 255 255 255 5 255 255
    255 0 0 255 255 255 0 0 0 0 255 255 0 0 255 214 255 0 0 255 155 0 0
    0 255 198 255 15 255 0 255 0 95 255 255 255 10 86 57 255 0 255 255 0
    0 0 255 255 255 0 0 255 255 255 255 0 0 127 0 0 255 255 173 0 0 0
    237 255 0 171 0 255 255 0 93 255 0 255 0 255 0 0 255 255 173 0 0 0
    239 244 255 255 24 0 255 0 255 255 255 0 0 255 255 255 255 0 0 67 0
    0 0 255 0 255 0 255 0 255 0 255 255 74 255 0 111 0 184 255 0 0 0 0
    255 0 255 0 0 0 0 69 0 0 255 38 255 175 255 0 0 0 255 255 255 255 0
    0 255 0 0 255 0 157 255 255 255 255 0 255 255 255 0 0 0 255 0 197
    143 255 255 0 0 0 255 0 0 26 255 255 255 0 0 255 255 255 0 255 0 255
    0 255 255 21 0 255 88 0 16 0 255 255 255 255 0 0 255 0 0 198 255 255
    0 0 107 66 255 0 255 36 255 171 176 255 140 179 0 255 255 255 255
    102 0 0 0 0 255 177 0 0 0 13 189 255 255 255 0 88 255 255 255 0 0 0
    178 255 255 202 255 0 0 159 255 0 30 0 0 0 0 255 0 132 0 255 0 174 0
    255 255 0 255 0 0 255 255 255 246 217 0 30 219 0 0 0 255 255 238 255
    255 255 0 0 0 255 19 255 0 255 216 147 0 255 95 50 0 255 0 255 255
    41 255 217 0 255 255 0 50 8 255 0 44 0 255 0 255 0 0 150 255 255 255
    255 0 255 136 8 0 255 0 255 72 130 0 255 255 95 0 255 255 83 0 255
    213 255 255 255 0 0 255 130 0 0 0 255 255 0 255 129 20 11 248 255
    255 0 0 54 0 0 0 255 255 255 255 0 0 0 255 0 0 53 166 238 255 255
    255 81 0 0 255 255 197 0 0 255 255 0 0 255 0 218 98 255 255 146 0
    255 0 0 65 255 147 71 255 0 255 255 0 0 255 83 0 212 7 255 0 84 0
    255 237 255 0 0 0 0 255 255 255 255 0 0 0 255 255 255 239 255 0 0
    147 255 0 0 131 255 0 255 255 232 255 0 0 255 0 0 93 0 0 197 255 130
    0 0 0 255 0 255 240 255 0 255 0 255 128 255 0 55 255 255 255 0 0 0 0
    255 255 255 0 255 255 91 9 0 0 0 0 0 255 255 255 0 255 255 15 0 0 0
    0 255 255 255 0 255 0 0 255 255 255 0 0 0 78 255 255 255 0 0 255 167
    255 0 255 0 164 0 255 0 0 21 255 255 255 0 0 0 111 255 252 141 0 255
    255 255 0 0 0 255 255 255 255 255 0 255 0 255 255 255 224 255 255
    255 0 0 0 255 255 255 255 255 0 227 255 0 0 255 129 0 0 0 255 255
    255 0 0 0 137 255 0 255 0 255 0 255 0 0 0 255 255 0 110 124 255 255
    0 0 255 27 136 0 0 255 255 255 255 0 255 255 0 255 0 255 183 65 255
    255 201 255 255 255 255 255 0 0 0 175 220 0 0 193 255 255 255 0 186
    0 255 0 153 255 149 0 0 0 255 255 255 0 229 255 60 0 0 0 255 138 60
    0 255 255 160 0 0 255 255 255 0 117 0 241 255 0 255 255 255 0 255
    255 0 67 0 255 184 0 219 0 56 255 245 0 255 255 0 0 255 0 255 0 255
    123 255 0 255 0 255 255 255 0 138 0 0 171 255 255 152 0 45 0 0 255
    169 255 0 0 195 255 0 255 0 4 0 0 255 255 158 255 255 0 0 255 0 255
    0 255 255 255 0 0 176 255 0 255 255 255 0 255 222 255 0 0 255 255
    255 0 0 191 107 255 255 255 255 78 0 255 0 0 0 255 246 180 255 0 255
    0 255 0 255 0 56 0 255 255 253 255 255 0 255 159 255 255 237 255 230
    0 0 85 75 255 135 57 74 255 255 0 255 255 255 0 0 255 255 137 0 0
    255 249 255 0 255 0 255 0 255 236 146 255 0 150 255 0 78 255 0 105 0
    74 0 255 0 131 27 0 255 8 255 0 0 255 200 98 0 255 255 255 255 154
    255 255 0 0 255 0 0 0 0 0 33 255 44 0 0 255 255 255 18 0 255 255 255
    0 126 0 255 0 255 0 0 0 0 255 255 255 255 0 255 0 73 255 0 0 188 95
    0 0 0 0 0 255 0 255 0 0 0 142 255 255 64 0 171 0 0 0 255 255 0 255 0
    146 0 80 0 255 108 0 0 0 255 255 255 135 0 0 255 255 0 255 255 255 0
    0 255 255 92 0 255 255 0 0 0 92 255 255 255 0 255 0 255 255 239 161
    255 0 255 0 255 0 255 255 186 255 255 173 79 0 255 0 255 0 255 0 255
    0 255 0 0 0 0 0 231 0 255 97 255 0 255 0 255 255 0 0 0 255 255 0 0 0
    0 0 255 30 255 0 255 255 60 0 0 0 255 255 255 0 2 0 255 0 255 255
    102 0 255 218 255 96 255 255 204 0 255 208 0 0 0 255 255 255 0 0 0
    164 255 255 0 0 0 255 174 186 0 0 255 0 255 255 255 0 0 0 255 0 255
    78 255 255 0 0 0 0 255 255 255 255 0 255 255 255 255 0 0 0 255 255
    209 255 255 0 0 154 255 255 0 0 0 255 255 255 255 151 0 0 0 255 255
    5 255 255 255 255 97 255 255 0 0 0 0 0 34 255 138 59 0 255 0 0 209 0
    255 255 255 0 0 0 0 255 255 255 0 255 0 0 117 255 255 0 255 0 0 0
    255 255 255 0 251 0 255 128 255 0 0 255 255 0 127 0 255 0 0 0 0 255
    255 0 0 0 219 182 0 255 0 255 255 150 0 0 255 0 0 0 255 255 0 0 0
    199 255 0 0 0 0 255 136 139 0 255 0 255 255 255 0 255 0 122 247 0
    255 255 255 0 0 70 0 187 139 255 255 0 180 0 255 120 255 0 255 104 0
    24 219 0 0 255 255 255 0 255 186 0 0 61 255 255 0 0 0 255 255 255
    255 0 0 0 0 255 255 255 0 0 225 84 216 0 255 255 21 0 157 255 0 0 0
    171 50 255 255 0 0 255 35 255 45 0 5 255 255 61 0 0 255 0 255 0 255
    255 97 0 0 160 0 255 255 255 0 0 0 255 84 190 0 0 255 0 82 0 255 0
    255 0 12 184 0 101 242 0 255 255 0 0 0 255 0 255 255 0 0 0 217 203 0
    165 255 255 255 0 0 0 255 64 0 255 0 255 116 157 255 255 255 222 255
    255 0 0 0 0 0 0 0 0 119 0 255 0 255 0 0 29 0 205 0 0 0 0 255 255 255
    255 255 0 0 0 0 255 163 255 0 216 0 0 244 0 255 255 57 0 0 255 255 0
    255 0 104 0 255 255 255 255 161 0 255 255 0 0 255 21 255 0 255 0 200
    0 255 255 0 0 0 255 255 255 0 147 255 255 255 34 0 0 31 255 255 0 0
    0 0 255 0 255 0 66 0 0 255 0 255 229 255 127 255 255 255 0 0 0 0 255
    0 8 255 240 8 0 255 0 0 0 0 255 255 255 255 255 0 0 0 0 0 255 255 37
    255 93 255 0 255 0 255 255 255 36 255 131 0 0 255 148 171 255 110 0
    0 0 17 137 255 149 255 255 255 0 0 160 255 118 255 0 255 0 255 72
    169 0 0 0 247 255 255 0 0 0 0 0 255 255 255 255 23 255 255 0 56 132
    255 0 255 202 0 167 255 255 0 255 255 255 255 0 255 0 255 255 255
    201 64 255 0 255 0 0 72 0 255 11 0 0 0 0 0 255 255 0 0 255 255 174
    255 255 148 0 0 0 255 0 255 255 255 0 0 255 211 255 0 255 255 0 0 86
    139 255 124 255 0 255 255 174 255 0 0 0 0 0 105 255 26 0 0 255 255
    255 0 0 255 255 255 0 0 0 0 9 255 113 0 0 255 255 0 255 255 255 0
    156 0 0 255 233 0 0 132 255 255 0 255 237 174 255 0 251 0 0 0 255
    255 255 0 0 255 255 255 255 255 0 0 255 255 0 2 0 30 0 0 0 255 255
    255 135 0 0 0 255 255 255 255 39 0 0 255 255 0 2 255 255 0 255 0 213
    19 0 255 255 255 133 201 0 0 255 244 255 0 142 0 0 168 150 255 0 255
    255 255 0 152 160 186 255 0 255 0 0 255 255 255 0 0 255 0 255 0 255
    0 0 255 0 225 255 255 255 0 9 0 255 255 255 210 0 255 255 255 92 0 0
    238 231 255 0 255 255 255 255 99 125 255 0 125 255 255 255 0 255 0 0
    0 255 0 253 191 255 115 0 66 255 255 255 0 0 0 0 255 158 0 0 0 0 75
    255 0 44 0 255 155 0 255 255 75 255 220 255 255 0 0 33 0 0 0 255 255
    72 0 117 0 0 0 0 255 255 0 0 255 255 0 255 201 255 255 255 255 0 255
    0 255 0 0 0 116 0 0 255 255 0 216 0 255 0 255 0 0 255 255 22 0 255
    255 255 26 0 0 255 255 255 255 0 0 0 255 255 255 0 0 255 235 255 2 0
    0 250 255 18 0 0 255 184 233 0 0 149 255 75 0 255 0 255 0 255 0 255
    0 253 255 208 0 255 0 141 255 0 44 0 255 156 0 128 209 255 255 0 255
    194 255 0 0 182 0 255 255 227 174 0 0 0 255 251 255 0 255 255 0 0 0
    143 255 173 0 255 164 255 0 0 88 255 0 255 255 255 0 240 0 255 255 0
    255 63 0 0 255 255 0 0 255 255 0 255 0 255 0 255 0 255 255 0 0 0 0 0
    255 65 93 255 255 255 0 0 255 239 255 0 8 255 255 0 145 0 0 130 255
    255 151 123 0 0 0 255 255 0 0 255 234 218 0 0 144 255 0 203 209 255
    0 255 0 255 41 255 147 252 0 245 0 0 0 255 255 255 129 255 255 0 0 0
    0 255 0 255 255 147 0 253 0 255 255 255 255 255 255 255 255 0 0 0 0
    255 0 0 0 13 0 0 0 255 0 255 255 255 0 226 48 194 255 255 206 0 255
    0 255 255 255 255 0 0 0 255 255 0 0 116 255 228 0 0 255 0 255 255
    255 255 255 0 0 37 0 0 0 255 0 91 113 255 255 0 0 0 0 0 0 255 255
    255 0 0 0 255 0 140 0 255 255 0 0 0 255 63 108 255 255 0 0 255 255 0
    255 255 184 232 0 255 255 0 255 0 0 0 255 255 121 0 0 255 149 255
    255 0 159 255 255 255 0 0 255 255 255 0 0 255 220 0 0 0 10 0 0 93 0
    255 255 172 247 127 255 0 255 205 0 0 0 0 255 0 0 255 255 255 0 255
    34 0 255 0 0 248 255 0 255 255 0 0 0 255 255 0 0 255 93 0 0 0 0 0 15
    0 255 255 255 0 203 109 255 177 0 255 78 255 0 255 255 255 255 0 0
    255 228 255 0 153 0 255 255 255 0 0 255 255 0 0 255 0 0 0 255 255 30
    0 0 255 157 255 255 255 187 255 89 255 0 255 176 176 85 255 36 255 0
    255 255 91 0 0 0 0 0 255 49 255 94 255 0 255 0 0 219 0 255 0 255 0 0
    255 255 97 255 255 150 255 0 0 255 48 182 255 0 156 255 255 255 191
    0 0 0 255 221 255 0 0 43 255 255 0 91 0 0 0 83 255 255 40 255 255
    233 255 169 0 0 0 0 162 87 255 255 46 255 86 255 255 0 255 0 0 89
    255 255 0 0 0 255 255 255 0 255 9 0 0 0 0 255 176 245 0 2 255 255
    255 255 255 0 70 0 0 91 255 0 255 255 0 0 0 247 255 0 0 0 255 205
    255 0 216 0 0 255 255 0 0 255 0 0 0 0 214 255 127 0 10 84 255 255 0
    255 0 255 0 255 0 255 255 0 0 95 221 255 0 3 255 0 58 154 0 150 0 83
    0 40 255 255 255 0 0 0 20 255 0 245 20 180 0 0 255 206 255 239 0 226
    0 255 255 255 205 0 255 84 229 255 255 255 0 0 0 0 0 0 0 0 255 255
    255 33 192 0 0 0 0 255 165 255 255 0 34 0 255 0 0 0 77 255 255 70 0
    114 255 255 0 255 255 36 0 255 104 0 0 0 255 192 0 0 62 185 58 255
    17 255 255 94 255 0 255 255 0 0 235 0 255 0 162 255 255 255 0 0 255
    255 255 0 0 0 21 255 255 255 255 102 0 0 255 255 255 0 0 0 0 255 0
    255 0 255 17 255 219 255 209 255 103 0 0 0 255 255 0 0 142 255 197
    92 0 255 0 255 255 121 255 0 255 0 0 255 255 0 84 205 255 255 0 255
    0 255 255 255 0 255 255 255 117 35 178 0 255 0 37 255 255 255 247 0
    255 0 0 183 0 0 21 38 224 0 0 0 73 255 0 152 0 74 255 0 114 0 119 0
    255 255 136 251 0 255 0 0 255 255 255 0 0 255 27 255 13 255 255 0 0
    0 0 255 85 87 255 255 255 0 255 255 255 255 209 255 255 255 255 58 0
    50 0 255 255 0 234 255 255 0 255 0 255 0 255 138 255 0 255 9 255 0 0
    0 255 255 255 156 255 255 22 255 255 255 0 255 94 255 0 0 0 255 255
    255 0 0 255 255 0 255 255 255 255 255 0 0 0 255 245 255 0 255 0 161
    255 116 0 0 0 0 255 255 255 255 0 0 0 255 255 255 26 0 0 255 255 0 0
    92 0 0 255 0 255 143 255 255 255 255 0 0 255 255 255 0 233 255 0 0 0
    255 255 255 0 255 0 255 37 0 0 58 255 255 238 255 255 0 0 0 255 255
    0 255 0 255 255 255 0 228 0 255 0 255 255 1 0 127 0 255 255 0 0 0
    255 209 255 89 255 0 255 0 0 255 255 255 101 0 0 255 255 250 64 255
    0 255 255 0 0 255 255 255 0 255 0 0 78 219 88 0 255 255 0 0 69 255
    255 255 0 46 0 0 255 255 0 0 37 0 255 255 255 0 67 255 255 255 0 215
    255 255 0 255 223 255 255 0 0 255 0 255 159 0 0 161 68 255 188 0 38
    255 0 255 255 255 0 0 0 0 255 0 255 0 0 0 255 255 255 176 0 0 255
    255 255 255 83 0 255 255 255 0 255 255 255 255 30 0 0 0 0 255 255
    255 0 0 0 0 0 0 0 255 255 255 0 0 0 0 0 0 0 255 0 255 0 97 200 255
    33 0 255 255 255 181 247 0 255 255 0 90 192 255 0 0 255 0 0 255 0
    255 0 90 255 0 200 255 255 255 0 255 189 171 0 0 45 0 250 237 255 0
    236 0 0 103 0 255 255 255 255 0 0 0 255 0 187 0 255 0 0 255 0 0 0
    255 255 255 6 255 0 255 0 0 0 19 255 255 0 255 237 255 0 122 0 0 255
    0 255 16 255 255 255 0 255 0 255 33 0 0 0 255 0 255 255 0 121 0 0
    114 0 255 255 0 0 255 255 255 0 0 0 223 255 0 255 155 255 255 0 255
    255 135 255 0 255 0 255 0 255 73 255 255 0 0 0 255 255 255 20 255 27
    0 255 255 0 255 0 0 0 198 255 255 0 255 0 255 255 0 0 255 194 255
    255 80 255 0 255 0 255 255 0 252 0 0 0 255 0 170 255 255 0 0 17 255
    86 186 0 243 255 255 255 255 255 0 88 247 255 255 157 255 0 0 255
    255 132 152 0 255 255 0 0 80 21 152 255 255 0 248 255 255 0 0 0 0
    255 255 125 149 0 0 101 52 171 219 81 255 255 255 0 255 0 255 0 255
    7 34 0 75 255 255 124 0 0 255 168 0 0 255 129 0 0 255 255 0 255 0 0
    0 108 255 255 0 255 0 255 166 255 255 132 226 219 255 0 255 0 5 38
    255 0 0 0 255 255 178 255 6 0 0 255 255 255 0 255 197 255 0 0 255 0
    255 255 255 255 255 255 0 0 121 0 0 0 255 81 255 0 0 213 0 0 0 0 255
    0 255 0 0 0 0 255 255 0 255 0 255 0 189 0 0 255 221 33 0 0 0 0 0 0 0
    0 255 255 146 255 255 0 255 0 0 0 0 153 135 0 255 173 62 245 188 0
    255 255 0 204 255 0 128 0 0 0 255 255 0 0 0 255 255 132 0 255 0 255
    248 0 255 255 18 255 208 0 255 255 255 76 0 92 255 255 0 97 0 255
    255 0 26 0 114 0 255 0 22 0 0 154 0 255 255 95 255 73 255 0 0 0 0
    255 130 255 0 0 0 255 47 0 0 0 255 154 0 0 255 0 0 255 255 0 255 0
    255 0 229 0 255 196 0 255 255 255 255 0 255 0 255 255 0 0 0 0 0 0
    255 255 177 0 0 198 255 242 255 1 0 255 255 255 0 0 0 0 0 0 255 255
    255 25 0 255 150 0 86 31 255 255 0 0 0 4 0 213 0 255 0 255 0 0 158
    255 255 0 0 0 32 255 0 255 255 255 127 255 255 0 220 0 122 0 255 0
    173 0 255 0 255 0 255 0 0 222 255 255 255 255 0 0 255 0 255 0 174 0
    255 0 0 255 255 255 232 206 0 255 255 255 59 162 114 0 255 255 0 255
    255 255 0 0 242 0 255 0 255 0 255 250 255 0 255 63 0 255 255 255 79
    0 255 0 255 0 0 0 0 0 0 0 0 255 255 255 16 255 0 0 182 255 85 0 255
    153 255 0 255 255 0 0 0 255 0 0 255 255 0 0 255 190 255 255 0 142
    255 0 0 0 255 0 61 0 255 255 255 0 255 0 255 255 255 0 255 0 198 236
    255 0 255 0 255 169 154 197 255 0 255 0 255 0 255 0 255 0 255 198
    255 0 202 255 169 255 0 0 0 212 0 255 255 173 0 255 255 246 0 0 0
    207 188 0 0 255 0 173 0 255 0 0 0 224 255 223 0 0 0 0 185 255 170
    255 255 141 255 0 0 0 255 30 118 60 0 0 250 255 255 42 0 0 255 81 0
    0 0 0 255 0 255 0 15 0 0 47 255 21 255 13 255 255 255 0 0 255 255
    255 255 130 0 0 152 16 255 255 255 255 196 255 0 255 0 40 0 255 255
    255 0 0 0 0 255 255 255 255 0 255 124 255 115 0 0 0 255 255 249 255
    98 0 255 255 255 255 255 0 0 0 255 255 174 0 0 0 0 110 0 255 255 0 0
    0 255 255 12 255 0 28 0 255 255 255 0 255 87 255 81 0 0 82 255 255 0
    0 0 255 255 102 0 106 0 118 0 35 0 255 0 0 255 255 255 0 0 211 0 0 0
    255 0 255 0 255 255 0 255 0 198 255 41 0 255 191 255 0 245 0 255 255
    255 255 164 104 255 255 0 255 0 0 0 255 255 0 0 255 228 255 255 255
    165 0 255 0 255 255 0 0 0 255 255 255 255 176 0 0 0 0 106 176 255 0
    0 0 0 255 255 74 0 239 0 77 255 255 255 0 224 0 255 0 255 0 0 0 0
    255 247 122 0 255 0 0 255 255 255 163 0 255 255 0 255 0 255 13 0 255
    0 255 255 212 0 0 226 120 255 0 0 0 255 255 255 56 182 255 0 255 0 0
    0 255 235 255 237 255 255 255 0 0 0 255 222 0 0 214 255 89 0 0 0 255
    255 255 255 0 0 0 0 138 224 0 255 255 255 0 27 0 237 0 227 194 247 0
    255 0 255 255 0 0 0 255 77 255 0 107 255 0 0 0 0 255 255 142 255 0
    255 109 0 0 0 255 159 0 0 0 192 244 255 255 199 0 0 0 255 236 0 255
    142 255 0 255 255 22 230 0 255 255 255 0 0 255 255 0 255 0 196 0 159
    255 255 255 85 0 0 255 0 209 255 150 107 255 255 0 255 0 0 0 0 255
    255 255 184 255 48 0 115 255 106 255 0 255 255 84 0 255 0 0 0 255
    255 229 255 0 143 0 52 255 0 255 0 255 255 255 0 0 255 255 25 177 2
    0 162 255 0 255 0 255 255 255 11 0 0 255 255 255 0 255 255 0 0 255
    255 255 0 123 0 255 201 0 238 255 255 255 255 255 159 0 0 24 0 0 0
    219 24 255 0 0 0 117 255 0 0 255 255 255 255 0 0 0 0 255 209 255 198
    181 255 255 0 46 0 255 143 255 59 111 255 35 0 255 255 0 71 203 246
    231 0 0 255 177 0 255 0 255 0 131 0 255 0 255 6 0 255 255 255 43 0 0
    255 0 255 0 255 0 255 255 255 255 255 255 0 0 0 174 0 0 84 0 255 81
    0 0 255 130 0 0 0 255 0 225 0 255 0 255 170 111 0 106 0 255 255 255
    255 0 0 0 0 121 0 255 255 199 0 0 0 0 255 0 0 255 0 0 0 255 255 0 0
    0 0 0 0 255 255 0 0 255 255 255 96 255 199 255 255 192 136 0 255 0
    255 0 255 0 255 66 255 174 255 255 152 0 158 255 0 103 0 0 255 255 0
    255 0 0 255 148 221 249 0 0 255 255 255 207 255 255 0 0 0 255 255
    255 126 255 0 0 21 47 255 0 0 0 71 255 0 195 0 0 0 0 255 0 255 94
    255 191 255 0 0 0 0 0 0 255 255 255 255 0 0 0 178 255 255 0 0 0 0 0
    223 107 0 251 255 255 0 255 93 200 0 255 255 0 88 0 255 255 0 255 0
    255 255 255 0 0 0 255 255 255 0 0 0 255 0 239 0 255 255 255 255 0 0
    0 0 255 255 255 255 150 255 0 169 255 22 0 0 0 255 255 255 255 0 0 0
    0 0 255 0 255 40 0 0 255 255 10 50 177 255 0 0 0 0 0 255 255 255 0
    67 255 255 0 0 0 255 0 255 58 255 255 37 255 0 0 255 255 255 255 255
    97 255 0 255 0 255 255 0 0 0 0 255 0 255 255 93 0 255 255 0 255 0
    255 0 0 0 0 255 255 0 0 255 18 115 0 0 255 0 255 0 0 186 0 255 255
    255 0 4 0 0 255 255 255 0 0 255 255 210 255 68 255 0 0 0 255 0 139
    255 0 0 98 255 255 227 0 0 255 255 174 0 31 0 255 255 255 0 255 0 76
    255 190 142 255 210 123 0 255 255 255 0 0 0 255 254 255 255 255 0
    255 0 255 0 128 0 255 255 255 93 2 41 0 0 209 45 255 255 0 0 86 255
    255 0 0 255 255 0 96 255 31 0 255 53 255 239 107 255 255 229 0 0 0
    255 245 22 0 255 255 255 0 255 0 255 0 255 218 127 255 0 211 0 232
    255 255 0 255 69 255 0 255 255 0 94 230 0 0 185 255 255 0 186 0 255
    255 0 0 0 0 91 0 255 0 255 243 255 0 0 0 255 255 44 0 214 140 197
    192 124 0 255 0 255 255 255 0 0 0 255 255 83 0 204 255 0 0 0 0 0 200
    255 0 95 255 113 255 100 255 255 255 255 0 104 0 255 255 148 0 0 0
    255 95 0 0 190 255 0 0 0 255 0 255 255 255 229 0 0 255 255 255 0 255
    0 255 243 160 0 0 255 255 162 255 5 0 0 255 255 154 145 111 255 23
    180 0 0 0 209 0 0 0 166 0 255 0 255 255 0 134 0 98 255 255 0 255 0 0
    0 45 255 255 0 0 255 0 99 0 125 244 54 0 255 110 255 0 0 0 96 255 0
    255 196 0 255 0 255 0 255 255 255 62 255 255 0 0 255 0 255 0 253 153
    0 255 246 255 0 255 0 255 0 255 255 0 0 0 255 254 0 28 255 64 20 105
    255 0 0 255 0 255 0 255 255 0 255 0 255 118 0 0 113 255 239 0 99 255
    0 79 169 255 0 243 255 255 0 0 0 255 0 0 255 0 255 213 23 217 255 0
    255 0 255 0 0 255 38 229 255 0 255 0 255 0 255 164 0 0 42 0 255 65
    255 255 0 0 205 255 189 255 0 0 255 192 0 0 255 5 255 255 0 255 0
    147 255 255 25 0 235 0 0 255 255 169 0 189 0 0 255 0 255 255 140 0
    255 255 255 255 0 255 255 255 209 255 255 0 255 255 255 147 0 91 0 0
    31 0 101 0 255 93 0 0 255 255 255 0 255 0 0 0 0 195 255 255 0 0 167
    255 255 0 0 0 255 255 0 255 255 5 0 255 255 255 0 0 0 250 0 255 0
    255 0 255 255 0 255 255 255 68 0 0 255 0 0 78 0 255 0 255 0 137 119
    255 144 217 255 215 255 0 255 0 255 0 255 107 0 115 0 230 255 63 7
    255 255 0 255 0 255 0 255 0 184 0 255 0 255 0 0 78 255 255 0 0 255
    255 255 255 87 255 0 255 0 0 0 137 68 0 47 0 255 0 255 0 193 0 250
    255 0 0 211 202 117 0 0 0 255 0 255 0 255 42 255 255 255 255 0 0 255
    0 255 255 24 161 255 0 162 0 178 255 134 0 255 127 255 0 255 255 0 0
    255 255 214 255 0 0 0 0 255 255 163 0 0 0 0 255 255 0 0 0 255 255
    222 255 0 255 0 0 0 139 255 255 255 0 255 0 255 0 0 51 0 255 255 236
    255 0 255 151 255 255 231 0 0 0 0 0 0 0 255 255 0 0 0 255 70 255 0 0
    255 0 255 255 0 0 255 0 255 255 76 0 119 0 255 0 255 0 0 255 255 255
    255 0 0 255 255 255 192 91 0 244 255 255 0 229 0 255 102 0 255 255
    255 0 0 255 255 230 0 255 0 255 0 0 255 255 255 214 255 0 46 0 154
    255 0 0 0 39 104 255 0 255 255 30 29 255 186 255 0 255 178 0 182 0
    255 255 255 255 0 0 0 255 255 255 255 0 0 0 0 255 255 255 255 255
    255 0 0 0 0 113 255 0 224 0 207 0 0 255 255 0 255 4 255 0 196 0 255
    0 0 0 217 255 255 255 0 0 0 0 255 0 255 255 255 60 255 255 255 255
    255 0 105 0 0 255 0 0 0 255 255 255 255 255 204 22 0 255 0 255 0 255
    0 136 255 19 27 112 255 177 0 255 168 0 221 0 0 0 255 0 0 255 255
    255 255 184 255 255 247 255 228 0 0 0 255 132 255 0 255 255 54 92 53
    0 0 255 255 255 81 0 157 255 0 0 125 0 0 255 99 255 0 0 0 0 235 0
    255 0 0 0 255 255 255 255 255 255 255 0 5 255 0 0 255 255 0 0 255
    255 65 0 0 255 255 0 255 255 255 0 255 0 95 19 0 0 0 187 255 185 255
    0 255 156 0 0 31 255 0 255 185 0 0 0 255 255 255 255 0 0 0 100 255
    255 0 0 255 255 255 0 0 0 74 255 255 55 255 255 255 156 144 0 0 255
    255 255 255 0 255 227 0 223 52 166 69 255 255 255 255 0 255 255 85
    255 255 0 0 0 0 255 255 255 180 255 115 0 0 0 255 255 0 118 0 0 73
    83 255 0 0 0 0 134 255 79 0 182 255 255 31 158 0 255 0 0 0 186 255
    255 0 0 255 146 255 255 0 255 118 255 0 84 0 0 0 255 255 255 255 0
    105 0 203 7 0 0 0 255 246 255 40 0 0 255 255 255 211 255 255 29 9 0
    0 0 255 0 193 0 0 0 0 255 93 255 0 0 0 255 0 255 0 249 255 0 0 255 0
    255 213 255 255 0 0 0 255 0 0 255 255 171 0 0 0 24 0 255 255 0 0 205
    207 0 0 255 0 0 0 0 255 255 255 0 0 0 255 212 255 255 255 255 0 255
    255 255 114 0 0 255 255 0 249 0 0 255 92 0 255 0 255 255 0 203 0 255
    0 0 0 255 154 255 255 53 252 0 0 255 255 255 0 255 255 0 0 201 0 255
    0 255 255 0 255 0 255 255 255 255 255 255 255 255 0 255 0 255 236 90
    0 255 255 0 0 255 255 0 255 255 255 0 170 0 167 174 255 52 0 245 255
    255 0 255 0 255 0 0 255 255 0 255 185 255 0 91 38 255 100 255 0 0 0
    255 125 255 255 0 0 255 0 255 0 255 0 255 0 255 0 0 0 92 215 255 14
    255 0 255 255 0 0 0 255 255 255 150 0 227 255 130 0 0 255 255 81 186
    255 255 69 0 0 33 255 50 255 255 255 0 255 234 255 0 255 255 255 0 0
    255 0 0 0 255 0 0 0 40 0 255 255 134 0 0 0 43 177 255 255 0 255 0
    255 0 255 255 255 255 0 0 15 255 8 204 0 168 0 79 72 0 0 0 255 255
    255 255 255 0 0 255 53 255 0 0 255 255 255 0 0 0 255 5 255 0 255 255
    0 37 0 114 41 0 0 255 255 255 0 0 0 255 61 255 172 255 0 0 255 255
    255 255 255 0 0 22 255 0 65 0 0 43 0 255 255 199 89 255 0 142 0 173
    0 255 248 255 0 0 0 255 255 255 0 0 77 0 255 0 255 63 131 0 0 198 0
    108 255 255 255 0 0 59 254 255 0 0 193 0 0 255 0 255 0 255 255 255 0
    0 0 0 255 0 1 255 255 255 0 76 255 255 255 0 255 0 9 0 255 0 255 0
    150 0 255 0 67 221 0 0 0 0 0 255 255 198 255 255 86 255 0 77 63 255
    255 0 255 0 103 255 255 255 255 255 0 187 255 209 255 0 158 142 0
    255 0 0 0 0 255 255 255 0 255 255 255 0 255 0 255 255 255 255 2 255
    255 255 0 0 0 112 0 135 0 255 255 255 255 0 0 59 255 52 0 4 0 0 0
    255 255 255 204 0 0 0 255 255 9 23 106 189 0 255 255 9 0 255 255 0
    199 0 168 0 255 255 0 0 0 0 0 0 255 0 117 255 0 0 255 41 255 255 255
    0 0 17 255 255 255 0 25 0 255 255 255 0 233 0 0 0 65 0 255 34 0 255
    0 255 0 255 0 255 0 0 0 251 255 0 0 255 223 255 0 0 0 255 255 146
    255 10 0 255 255 255 21 255 0 164 0 0 244 135 0 0 182 231 255 218 85
    0 0 90 244 0 12 0 137 255 253 0 0 102 0 244 255 255 0 175 255 0 255
    255 73 72 0 146 252 255 0 0 203 0 18 255 255 255 0 70 0 255 196 255
    255 170 255 0 255 43 47 0 255 0 0 255 255 0 255 0 255 0 0 51 161 222
    0 0 0 76 255 0 255 255 255 0 199 255 255 58 115 2 255 255 255 0 0
    255 255 0 18 15 0 255 15 0 92 255 255 0 0 0 255 255 255 255 255 255
    0 0 255 255 255 0 149 255 255 204 255 0 255 255 225 255 0 0 255 255
    255 0 76 0 255 0 0 0 0 255 0 52 205 70 1 255 255 0 19 0 255 0 82 0
    124 255 255 213 255 112 255 255 255 55 0 58 0 255 0 0 255 255 255
    255 255 0 0 255 184 255 0 247 0 255 229 255 182 255 33 0 0 0 0 255
    255 91 231 255 0 17 0 0 255 255 255 0 90 0 255 255 255 0 0 0 255 0
    136 72 0 255 0 179 0 0 255 255 255 0 146 255 255 0 77 0 255 255 255
    255 0 0 0 255 0 0 109 76 184 255 134 0 142 0 255 0 0 240 147 255 255
    255 226 0 255 255 0 231 1 48 255 255 255 255 0 255 0 255 0 157 0 255
    0 0 0 255 255 255 0 255 71 0 255 255 0 0 255 102 0 0 0 255 0 255 0
    255 0 0 0 255 255 0 0 255 0 63 44 255 255 49 255 255 255 0 255 0 255
    255 255 0 76 0 0 130 255 255 255 197 0 0 65 0 255 255 255 0 0 0 255
    168 255 0 252 192 255 0 206 0 45 255 255 255 0 0 0 0 255 0 0 0 0 255
    255 255 0 0 255 0 255 255 255 92 0 255 255 255 0 53 0 0 69 91 0 0
    148 255 255 255 0 255 255 255 255 0 255 142 53 0 255 0 42 0 255 0
    255 0 0 0 255 255 0 208 0 255 0 0 0 0 255 3 0 255 255 0 255 0 255
    203 255 255 0 0 0 255 0 0 0 255 230 0 0 255 255 255 0 0 0 255 255
    255 255 255 0 255 0 255 0 255 255 255 0 255 255 255 255 0 222 0 255
    0 255 0 0 0 0 255 255 0 51 0 255 195 255 0 0 255 255 255 0 0 255 74
    255 255 255 3 255 0 255 255 255 0 0 0 0 255 255 255 26 95 255 0 255
    0 255 0 255 255 255 0 72 0 100 0 255 0 255 255 0 255 0 0 255 255 255
    0 255 255 0 0 255 255 0 0 26 255 255 0 255 157 254 0 255 0 142 0 0
    255 229 255 175 220 0 54 0 255 255 255 0 0 0 255 193 0 255 255 255
    255 124 87 0 0 255 0 141 0 255 255 255 0 0 119 255 255 255 255 255
    70 47 255 255 0 255 255 255 255 0 0 0 0 100 255 255 167 0 252 37 0
    94 117 255 255 255 0 0 230 0 54 0 0 0 0 255 114 140 0 0 0 0 255 255
    255 0 0 0 114 0 165 255 225 0 201 255 255 255 0 0 0 0 255 255 0 0 0
    255 0 255 0 255 0 137 0 0 95 101 255 255 255 0 0 255 255 255 255 92
    42 0 255 255 255 218 255 0 132 255 255 255 0 255 0 255 0 0 38 0 66 0
    255 255 0 163 255 255 255 231 255 112 0 145 0 0 149 255 255 20 0 255
    255 255 0 255 0 0 115 255 0 0 0 255 255 164 217 0 252 255 0 0 255
    255 0 0 255 255 255 0 0 0 255 255 255 0 255 255 0 255 0 0 0 255 255
    255 250 0 255 255 71 255 255 0 0 199 255 0 0 0 6 255 255 255 0 0 170
    255 0 255 221 0 52 15 255 0 0 0 0 255 204 0 0 255 0 204 0 231 0 170
    247 255 81 255 0 0 0 255 0 255 255 0 0 255 255 255 91 0 123 0 255 0
    255 0 255 0 255 0 135 0 255 0 255 0 255 0 7 0 255 0 255 0 255 255 51
    0 0 0 0 255 0 0 131 255 57 0 0 97 255 255 255 82 0 179 255 21 39 0 0
    0 0 255 255 255 255 64 124 0 81 0 255 85 255 255 0 0 0 0 0 255 255
    219 0 255 134 0 0 0 0 0 0 255 255 0 0 0 255 0 255 0 234 255 0 0 0 0
    0 0 0 255 0 255 0 0 107 255 255 83 0 255 64 255 0 0 255 0 255 0 166
    255 255 0 149 161 255 69 255 255 0 255 35 0 35 255 221 0 255 255 0
    119 0 255 87 255 0 255 0 0 0 255 195 230 255 0 255 0 0 151 255 255 0
    14 57 255 255 255 0 0 255 184 0 0 255 255 233 0 0 0 255 255 0 0 0 0
    0 199 255 255 9 255 255 0 0 0 255 222 255 16 255 0 127 0 184 0 0 255
    255 255 0 0 94 255 0 255 0 202 0 255 0 85 50 0 96 0 255 255 0 44 176
    0 71 255 0 0 255 0 109 138 255 0 255 64 255 0 58 255 255 226 255 218
    0 0 0 255 255 255 0 0 255 72 255 255 255 255 156 0 173 255 255 255
    255 24 0 0 255 255 255 18 255 0 255 0 255 0 255 255 181 0 0 0 255
    255 255 0 0 255 0 255 0 0 0 255 255 140 0 0 0 255 0 38 0 255 255 255
    32 82 0 5 0 24 0 255 0 255 0 0 0 255 255 255 17 255 255 64 48 255 0
    240 15 255 0 0 0 0 18 108 0 255 0 180 255 229 154 0 255 255 19 0 3 0
    255 255 238 0 207 0 0 213 255 255 0 255 0 255 0 255 128 0 0 64 22
    255 255 255 0 255 255 47 69 0 0 255 0 0 0 255 206 194 0 255 0 0 0
    109 255 255 255 255 0 0 171 255 255 71 0 0 255 255 255 255 212 0 0 0
    0 54 255 0 0 255 76 61 0 255 255 247 0 0 84 0 0 0 255 255 255 0 0 0
    255 12 255 0 0 255 0 255 0 255 255 104 0 255 255 0 0 0 255 106 255 0
    0 0 255 0 59 255 255 242 0 0 255 0 0 0 238 255 255 0 255 255 255 207
    0 0 0 255 255 0 118 0 221 255 255 0 0 0 255 10 255 9 255 0 255 0 0 0
    255 0 0 188 255 255 56 146 255 255 255 0 255 0 255 0 185 0 0 255 255
    0 0 255 255 80 255 0 0 0 255 255 108 0 255 155 0 0 0 255 200 255 0
    255 255 255 255 0 255 150 255 255 0 183 0 0 217 255 0 255 0 255 255
    249 255 140 255 0 0 0 0 255 0 255 255 208 255 0 255 255 0 255 0 80
    255 0 0 255 255 255 0 0 0 255 255 0 255 0 255 142 255 99 255 1 255 0
    233 255 76 255 255 182 0 111 255 255 0 0 255 239 255 0 0 0 150 0 255
    255 68 0 0 164 0 0 255 0 0 255 181 0 0 51 0 0 200 255 255 65 0 0 253
    255 255 32 0 0 255 159 0 0 0 0 148 255 0 0 0 255 0 0 255 255 255 255
    67 0 56 255 255 167 255 17 255 0 255 0 0 255 47 255 255 255 255 0 0
    0 0 82 0 255 0 255 255 255 0 0 255 255 0 255 0 255 0 255 255 154 0
    236 29 255 244 0 255 0 0 23 255 255 225 255 248 0 0 255 255 255 255
    255 0 0 255 0 0 255 132 255 255 255 0 255 66 255 0 111 0 60 0 255 64
    255 255 0 0 255 255 177 0 0 49 255 0 255 0 255 255 255 255 0 255 255
    163 0 0 255 255 255 177 255 255 255 255 0 255 38 255 0 255 255 0 0
    255 255 0 0 0 175 255 255 248 255 0 255 0 82 255 150 255 184 0 255
    255 255 255 255 0 0 27 255 67 0 242 7 255 233 0 0 107 255 255 117 0
    117 255 0 255 0 255 101 142 0 255 0 255 0 0 0 58 0 255 255 255 42 0
    0 0 255 255 0 0 255 255 0 0 255 0 144 174 255 197 0 0 0 0 255 0 255
    255 0 239 0 255 255 255 255 0 0 0 70 255 255 0 255 0 0 0 255 255 255
    255 0 0 0 143 0 255 0 255 6 255 0 0 33 255 33 0 0 255 0 255 255 255
    130 0 255 0 255 255 121 0 0 255 0 0 255 156 255 255 255 0 0 105 255
    0 34 255 255 255 0 211 255 198 0 0 0 0 255 255 255 255 255 0 255 255
    134 0 0 66 255 255 255 255 255 0 0 255 255 0 231 0 25 0 0 255 0 255
    255 255 0 0 0 206 0 255 0 255 53 255 11 255 0 254 0 39 255 0 0 0 255
    255 255 255 0 225 255 112 0 0 5 0 217 255 168 0 255 33 0 255 255 255
    0 0 255 255 255 255 0 178 255 77 0 0 0 255 0 0 0 255 255 0 255 63
    255 0 75 0 255 0 0 128 255 255 255 119 148 0 0 255 255 255 255 255 0
    0 84 0 0 0 255 255 252 255 0 255 255 0 0 255 255 255 255 255 0 186 0
    255 179 255 0 255 255 255 0 0 31 0 255 127 255 0 0 110 147 255 251
    45 0 255 255 0 218 255 255 255 0 0 255 255 255 0 255 0 0 255 0 255
    82 255 0 0 0 255 54 255 0 255 0 0 46 255 255 0 255 176 0 242 255 239
    0 255 255 255 0 255 0 255 0 255 0 255 84 208 0 255 63 0 188 0 255
    255 255 0 97 0 0 0 0 0 255 240 0 167 255 0 0 0 0 255 255 255 0 0 27
    0 255 0 182 255 191 255 255 0 0 0 205 146 255 0 255 29 0 0 255 255 0
    0 108 0 112 0 255 0 255 0 190 254 255 255 0 255 255 236 0 85 255 255
    0 255 255 255 0 0 255 255 255 0 45 255 0 0 0 255 0 255 0 121 0 96 0
    0 255 0 255 0 0 255 0 255 26 0 0 0 255 255 255 0 255 0 0 0 0 255 0
    14 255 110 255 0 0 199 239 255 137 0 88 0 255 0 84 0 255 255 136 0 0
    255 79 255 0 255 0 20 0 0 0 0 0 255 255 255 0 255 0 255 0 0 202 0
    255 255 255 251 255 0 255 255 184 198 0 101 0 255 255 0 255 0 11 0 0
    255 255 0 255 77 0 0 0 84 255 0 0 255 255 0 216 0 255 105 255 255
    130 0 0 0 105 38 195 255 255 219 0 0 255 255 0 255 0 0 255 255 255 0
    255 0 255 0 56 0 255 255 0 0 0 21 25 255 255 0 0 0 255 255 0 0 255
    255 0 0 255 0 255 0 0 255 255 0 0 0 199 255 255 0 0 215 0 255 0 255
    58 0 0 57 0 0 187 255 255 255 0 0 0 0 0 255 255 255 255 255 223 255
    0 255 65 0 255 255 0 163 0 255 255 255 255 0 255 0 246 0 255 0 255 0
    255 0 0 255 255 255 0 146 255 255 0 126 23 0 0 255 255 75 255 255
    249 0 255 255 233 0 0 0 255 198 255 0 255 255 255 0 0 0 0 255 255 0
    0 255 0 0 225 255 0 0 34 0 57 0 255 0 0 0 255 0 255 0 166 255 255
    255 0 0 0 255 255 255 0 111 255 255 145 0 0 255 255 0 242 0 255 255
    255 59 37 255 0 255 0 255 0 255 0 0 100 0 255 255 255 0 0 0 9 255
    255 0 248 0 255 58 255 0 255 255 255 255 255 0 0 0 234 255 255 255 0
    49 0 255 255 0 255 0 255 255 255 255 97 255 255 255 0 0 0 0 255 255
    255 0 17 18 255 29 6 158 0 80 126 255 255 255 255 189 255 255 0 157
    255 255 255 82 255 0 255 0 222 0 255 255 255 0 255 0 0 60 255 0 255
    0 0 0 255 0 0 28 255 255 255 0 198 0 254 86 255 0 255 0 255 0 0 0 0
    255 0 234 0 255 255 0 255 0 0 0 0 255 255 255 255 255 0 84 0 255 0
    255 0 0 0 255 255 255 255 69 178 255 0 208 0 255 255 15 0 0 0 0 249
    0 0 0 255 0 255 0 255 22 255 0 0 0 0 255 0 255 0 84 242 255 255 0 47
    255 255 0 0 0 255 255 255 0 0 255 255 0 0 0 255 255 0 0 0 0 210 0
    255 255 0 255 160 83 255 0 255 0 255 0 255 255 255 0 0 0 0 255 199
    255 0 255 0 255 255 84 0 0 0 255 255 255 0 255 0 255 255 255 0 0 255
    255 38 160 255 255 0 0 255 0 255 255 255 255 255 0 255 18 0 255 64 0
    0 255 255 255 0 255 179 255 255 255 255 0 255 118 0 0 255 255 255 0
    255 255 255 0 0 0 27 255 255 157 0 82 255 11 0 0 0 0 255 255 0 0 255
    255 255 0 0 0 0 0 255 255 0 0 108 255 255 255 0 0 0 255 0 255 255 0
    0 0 255 0 255 0 255 0 255 0 255 255 49 0 233 255 255 255 0 0 0 255
    255 0 114 0 255 255 0 255 255 255 39 255 0 0 0 0 149 0 255 159 255 0
    255 0 233 0 0 203 255 255 0 6 54 142 107 0 0 119 254 255 255 227 168
    0 0 0 255 255 255 0 0 0 0 119 116 255 0 0 255 0 0 0 229 111 126 0 0
    255 0 255 164 255 0 255 255 255 255 0 255 255 0 0 0 0 0 255 0 255
    255 255 0 255 0 0 255 0 140 255 255 255 0 188 0 0 115 255 255 0 205
    0 255 187 0 255 201 0 255 0 251 0 190 0 255 255 255 255 0 255 0 255
    0 255 255 0 53 255 0 229 255 255 255 0 254 255 255 0 255 0 164 0 255
    0 255 99 255 0 255 255 27 0 0 67 230 255 98 0 255 210 255 255 0 0
    140 0 131 255 0 0 0 255 255 222 8 111 255 255 255 255 0 70 33 255 0
    33 0 255 147 132 255 255 255 93 85 255 255 83 0 0 0 0 200 255 255
    255 14 255 0 255 193 255 255 255 0 149 0 162 115 255 255 0 255 255
    255 0 229 255 255 255 0 0 255 255 0 0 255 0 78 0 255 0 255 35 0 0 0
    0 172 125 133 255 0 88 255 255 255 0 0 255 255 255 255 254 163 0 190
    255 255 0 0 255 255 255 0 165 0 0 0 0 255 152 0 255 255 255 0 0 0
    255 0 0 49 0 0 186 0 255 151 0 0 255 56 255 145 0 255 0 18 0 173 255
    255 0 0 0 0 0 255 0 20 106 255 255 56 255 255 254 52 157 255 255 0
    255 0 0 255 255 129 0 255 131 0 255 163 0 0 255 0 0 0 255 140 255 90
    84 0 0 255 255 255 129 0 255 255 28 0 255 255 0 0 0 255 255 215 255
    0 0 0 255 138 255 0 255 0 255 0 0 186 255 255 0 0 0 255 0 204 0 255
    255 0 0 255 229 255 255 57 242 0 0 255 0 255 244 255 255 0 0 0 0 0
    255 0 205 255 255 183 255 0 0 0 255 255 255 0 0 0 255 94 255 0 0 0 0
    93 255 255 255 0 255 0 0 255 0 170 0 110 0 0 0 255 255 255 0 0 0 202
    0 90 80 255 255 99 0 0 0 255 255 68 0 26 0 255 255 139 107 0 255 255
    255 0 108 255 0 0 0 255 80 255 255 255 0 0 0 0 255 142 0 0 255 0 255
    0 0 255 255 255 0 73 0 0 145 255 255 0 255 255 255 255 255 0 255 0 0
    0 255 0 255 207 255 255 0 255 0 228 255 255 0 0 0 138 255 255 32 250
    0 255 0 255 255 255 0 255 255 255 255 0 255 255 255 255 235 255 0
    255 0 255 0 255 255 255 0 255 60 255 255 255 0 164 0 0 117 255 255
    255 0 0 255 57 255 255 255 255 255 0 116 0 248 255 0 13 0 255 79 0
    255 7 255 0 255 126 0 0 0 255 255 255 20 0 255 255 0 0 0 0 0 255 255
    255 0 0 255 0 0 0 0 163 255 0 255 0 255 65 0 0 85 255 255 0 76 255 4
    0 0 255 232 255 255 255 0 128 0 255 0 255 0 0 0 255 255 0 0 0 255
    255 0 133 63 0 0 0 255 0 255 0 255 0 152 0 255 255 0 0 255 0 111 0 0
    255 255 0 255 178 0 0 255 224 180 255 40 255 255 0 190 0 0 0 0 0 0 0
    255 255 255 255 255 255 255 0 46 25 255 3 0 0 195 0 255 0 98 45 255
    255 0 0 0 157 114 0 255 255 255 0 0 0 255 255 40 255 134 0 166 0 255
    0 0 212 255 0 255 0 0 0 0 0 255 255 185 0 0 255 255 255 52 255 78
    255 232 255 0 255 0 101 255 255 255 0 0 0 142 216 255 228 0 0 255
    255 0 0 255 255 255 255 0 0 0 150 255 255 253 255 179 255 0 38 255
    255 255 0 0 255 255 255 0 255 255 0 0 14 255 255 6 255 0 0 0 255 255
    0 0 0 255 255 176 0 0 255 255 0 255 0 0 185 0 0 209 255 255 0 255 0
    255 0 227 190 255 0 255 0 135 255 63 183 190 0 255 0 46 255 0 255 0
    19 0 0 255 255 255 0 255 0 31 196 255 0 0 197 255 87 0 255 255 0 0 0
    255 0 0 0 0 255 255 255 255 0 0 255 255 46 255 0 0 255 255 227 0 147
    255 255 205 0 0 42 255 255 133 0 255 0 198 0 255 255 255 0 0 0 255 0
    255 0 255 0 117 255 0 12 114 0 255 0 255 0 0 0 255 255 0 0 255 237 0
    0 100 0 255 0 255 255 255 255 0 255 0 0 0 110 255 255 151 0 0 255
    255 0 255 255 255 0 0 0 211 255 0 0 0 0 0 255 0 255 255 255 255 255
    0 0 0 255 255 0 255 0 255 0 255 0 255 96 0 0 255 0 0 199 255 255 0
    255 255 255 255 4 245 121 255 0 129 255 0 0 98 255 0 255 0 255 0 255
    0 144 18 255 0 255 0 255 255 255 255 0 0 255 0 255 143 255 0 255 0
    255 0 255 122 255 0 255 219 0 255 255 255 0 0 0 0 255 102 255 0 255
    0 225 0 0 255 255 0 65 60 253 73 34 0 235 0 255 0 255 255 0 0 0 255
    255 18 255 0 255 0 0 0 255 255 255 0 0 0 0 255 255 0 0 0 46 255 255
    0 0 0 255 127 255 255 255 0 0 0 255 255 230 20 34 0 255 0 0 255 255
    0 0 0 0 49 155 255 0 255 255 255 0 78 0 255 222 0 255 0 255 255 255
    0 0 0 0 255 255 0 0 255 0 255 0 0 0 255 0 0 0 0 0 255 255 255 0 0 0
    0 255 2 255 0 41 0 236 255 255 255 239 0 0 0 0 255 255 0 0 72 203 0
    0 255 0 0 255 0 255 0 252 0 255 180 255 255 255 255 255 0 0 0 0 255
    255 0 0 255 255 0 255 0 0 255 255 0 250 0 255 0 255 255 0 255 0 255
    255 0 0 0 255 156 255 249 255 0 0 0 255 255 255 255 0 255 176 255 0
    211 0 153 255 255 0 0 0 255 0 0 0 255 0 71 70 255 255 255 255 0 0
    255 0 255 255 255 0 0 210 255 255 0 255 255 255 232 0 185 0 0 0 0 0
    0 255 0 255 255 0 0 255 89 255 0 255 255 255 255 0 0 0 255 255 255
    255 0 0 0 0 246 255 255 255 176 0 0 145 255 145 255 255 188 140 0
    255 0 255 197 255 255 255 100 255 255 0 255 0 255 0 0 0 255 255 43
    255 255 0 0 0 255 255 255 0 0 255 255 99 178 255 255 0 53 0 204 196
    255 0 0 85 255 255 255 255 255 0 0 57 0 193 255 255 255 0 250 0 255
    255 255 0 255 0 98 255 255 201 255 0 0 255 0 255 255 255 0 255 0 0
    255 255 0 0 255 0 0 0 0 0 0 0 255 255 31 0 0 27 255 255 0 0 255 255
    0 0 255 0 255 85 0 74 46 255 0 39 0 255 82 255 0 255 0 0 0 255 0 255
    0 254 255 0 255 181 255 255 255 0 255 255 0 0 0 0 255 0 0 0 89 0 179
    0 13 110 226 0 255 255 0 0 0 255 255 255 0 0 0 3 0 255 0 255 255 248
    255 0 0 0 255 239 0 0 0 255 0 255 0 255 0 81 255 0 0 255 255 109 255
    0 151 0 255 255 196 0 255 255 0 0 255 255 183 0 0 0 0 255 0 0 135
    255 0 0 255 20 0 0 249 0 255 130 7 0 255 255 0 0 173 0 0 52 38 255 0
    250 0 0 255 255 0 123 255 192 255 0 255 255 255 0 0 255 0 0 255 255
    120 0 0 0 0 255 255 255 255 255 0 0 255 179 105 255 35 255 0 0 255 0
    255 0 87 255 255 0 0 255 255 255 0 0 193 255 57 255 255 0 0 0 255 0
    255 0 149 255 255 255 255 0 0 255 72 255 114 114 158 76 0 125 0 0
    255 0 0 255 0 255 64 0 58 255 255 255 0 0 0 255 0 0 255 255 255 0
    255 4 0 64 0 0 0 255 0 255 0 0 0 255 255 255 0 255 255 0 0 0 19 0
    171 255 4 0 0 255 0 255 0 255 0 0 0 237 255 255 255 255 0 0 0 255
    255 0 255 199 0 0 0 255 0 0 0 255 0 0 0 0 0 255 255 0 0 255 0 0 0
    255 213 0 0 255 0 255 0 255 255 255 255 255 255 252 255 200 0 0 255
    80 255 0 0 167 255 255 55 0 0 0 86 0 0 255 255 0 255 0 255 255 166 0
    0 0 255 255 0 0 255 0 255 255 255 0 0 255 255 255 0 255 255 71 0 0
    255 255 0 255 0 75 161 0 0 193 182 255 0 239 31 255 56 57 145 255 0
    0 62 255 255 255 0 255 167 255 148 255 0 0 252 0 255 255 118 0 83
    255 255 52 0 134 0 0 208 255 255 0 76 0 255 255 0 0 234 255 255 0
    169 166 45 255 0 0 255 255 123 0 0 0 249 0 203 255 119 0 255 69 255
    76 0 0 185 255 255 255 0 255 255 0 0 0 255 255 255 154 255 255 255 0
    0 217 255 255 207 0 255 255 255 255 0 0 0 0 242 255 255 255 255 111
    0 0 0 0 0 255 255 255 0 255 0 144 232 0 255 255 0 0 0 0 255 0 255
    209 0 0 0 53 255 196 0 154 0 0 255 255 255 3 0 255 255 255 100 0 0
    255 0 255 0 255 255 255 0 3 72 62 104 255 255 0 213 255 255 0 0 0 0
    0 49 255 94 255 255 237 72 0 126 255 0 255 255 5 0 255 61 255 116 0
    154 0 255 185 0 0 255 73 255 0 131 255 60 127 255 0 172 255 255 255
    0 0 0 255 255 255 255 0 255 0 228 255 255 78 77 0 255 0 0 0 0 0 255
    0 255 0 0 0 0 255 255 255 82 0 235 0 255 255 255 0 0 205 255 28 131
    0 255 0 255 255 255 0 255 203 0 0 0 255 255 143 0 255 255 255 0 0 0
    255 0 0 0 255 255 156 255 0 0 255 52 255 13 255 255 0 0 0 0 255 255
    204 0 255 255 0 0 255 0 255 239 0 255 76 242 0 0 255 255 255 133 43
    207 255 255 255 0 0 255 212 0 255 0 176 255 0 0 255 0 255 72 255 152
    255 108 255 0 255 152 255 109 255 0 255 0 0 184 255 76 0 0 0 255 255
    0 48 0 255 255 255 255 0 255 63 255 0 0 255 255 255 255 255 255 120
    0 118 255 0 255 156 255 0 117 0 255 255 0 0 0 128 0 255 0 255 229
    255 0 0 211 255 255 218 0 222 255 0 255 255 0 54 255 255 0 0 0 255
    205 255 255 21 0 255 0 0 0 0 0 0 238 0 0 255 255 255 0 0 255 0 140 0
    255 0 108 0 255 36 255 33 217 255 255 255 0 0 255 255 255 0 255 0
    255 8 0 0 0 255 255 255 0 0 0 0 255 255 153 0 255 255 143 255 0 0
    124 0 255 0 255 0 255 0 255 255 255 0 83 0 255 255 255 0 102 255 0 0
    0 255 0 0 0 255 255 255 255 0 255 255 0 0 255 255 137 207 0 0 0 117
    0 0 0 255 255 178 255 135 255 91 215 0 0 193 0 0 0 50 255 219 35 0 0
    0 255 0 255 0 0 0 255 0 255 0 0 172 150 255 63 0 0 255 0 0 255 255
    255 194 0 155 0 255 255 255 0 2 8 0 255 0 255 0 0 255 90 255 0 255 0
    0 255 0 0 0 255 0 0 0 255 146 211 0 255 196 255 0 0 212 47 255 0 255
    0 0 0 255 255 255 0 255 0 0 255 255 0 179 255 255 255 0 255 0 225
    245 0 142 0 255 255 255 255 0 171 0 255 0 255 0 255 255 160 33 0 0
    255 255 0 147 0 0 65 0 255 112 0 204 255 107 255 0 78 0 255 210 0 0
    0 0 255 0 0 0 255 255 255 255 0 51 0 0 0 137 255 0 255 0 255 255 255
    200 248 0 255 255 0 255 255 182 245 0 255 0 255 255 255 30 0 255 255
    255 255 255 0 0 0 0 69 0 255 254 255 0 255 255 255 0 0 255 255 65 0
    185 238 255 255 255 121 0 0 0 0 31 39 255 0 255 0 51 154 0 0 0 255 0
    149 255 255 255 0 0 0 0 255 145 255 0 241 0 255 255 0 0 0 255 255
    255 255 0 255 255 255 0 0 255 255 150 0 0 233 0 255 255 140 0 0 141
    255 255 255 0 255 133 255 0 255 255 255 0 0 0 234 255 255 136 0 16 0
    64 255 0 0 255 255 255 0 255 255 81 255 0 0 0 0 0 182 0 0 255 0 17
    255 8 66 0 0 255 255 25 0 0 255 37 0 0 255 0 255 0 56 255 56 255 77
    114 255 0 255 0 255 255 255 34 255 71 200 255 0 255 255 255 0 255 0
    255 87 255 255 255 255 0 0 0 255 0 255 255 0 0 0 50 0 255 255 0 0 0
    214 255 0 255 0 255 2 0 0 0 72 47 0 255 255 255 109 132 255 255 255
    0 255 0 0 255 255 246 134 0 255 255 255 0 19 255 255 255 0 0 0 255
    255 132 169 0 255 187 255 231 255 0 255 0 0 0 43 70 0 0 0 0 255 255
    0 255 255 0 255 200 255 91 0 0 255 255 0 0 0 226 0 255 0 155 0 0 0
    255 255 0 96 255 255 0 0 0 255 0 255 0 0 255 0 255 0 0 0 0 255 255
    255 255 177 0 177 158 0 255 255 228 0 175 0 255 255 0 0 0 202 255 0
    255 0 255 255 0 0 255 255 0 0 0 255 0 255 41 0 255 0 255 87 255 255
    0 255 0 0 0 255 255 0 0 255 255 255 255 255 171 255 0 255 85 0 0 0
    255 255 217 0 255 255 0 255 0 255 255 255 255 255 0 0 0 236 0 0 255
    96 255 255 0 181 0 255 0 255 0 255 255 179 0 0 0 255 0 255 0 255 173
    148 0 34 0 255 0 255 0 0 0 68 255 25 255 0 255 0 45 0 252 173 255
    124 112 13 255 0 255 0 0 255 255 255 50 0 0 255 255 255 0 0 255 0
    255 255 0 0 255 255 255 255 255 255 20 0 0 0 0 255 255 0 107 255 181
    0 130 0 255 0 255 255 106 0 0 142 104 0 151 0 255 255 87 0 0 0 10 0
    255 189 255 255 233 255 64 255 0 0 255 0 0 255 255 0 145 255 0 0 0
    255 193 0 255 0 255 255 255 0 255 0 255 0 29 0 0 0 0 255 0 92 0 0
    255 255 0 0 255 198 0 0 0 151 255 0 0 255 90 255 0 255 0 0 0 255 255
    0 255 255 205 0 255 0 0 0 255 255 150 0 255 255 255 0 0 0 154 255
    255 0 0 0 255 0 255 255 232 120 255 255 0 255 9 255 0 255 0 0 0 255
    255 0 255 0 255 255 255 0 255 0 0 0 122 25 255 0 255 0 255 255 200
    142 40 255 255 255 255 255 255 0 246 169 0 195 0 0 255 255 255 0 0 0
    255 255 0 255 255 105 4 0 102 0 187 255 255 255 0 0 255 41 49 255
    255 255 0 0 46 0 0 122 193 255 255 255 0 255 218 0 0 0 255 0 0 0 26
    255 255 93 0 0 199 0 255 39 0 0 255 0 0 255 255 255 0 0 0 255 0 251
    255 255 0 255 0 255 255 0 218 255 255 168 255 0 0 0 255 0 240 0 72 0
    255 255 255 0 0 0 120 38 255 0 161 0 0 0 0 255 0 255 43 0 0 255 255
    255 0 0 182 0 255 255 69 255 255 0 0 0 255 0 255 0 188 0 255 0 255 0
    255 255 255 65 0 0 255 0 10 0 255 255 0 0 0 255 255 0 255 0 51 0 255
    250 255 0 0 0 255 0 255 0 255 0 176 255 205 185 255 44 0 255 255 255
    72 255 0 255 0 255 0 0 255 255 170 0 0 255 255 62 255 255 255 0 0
    143 255 255 215 255 0 255 38 0 255 0 255 196 255 0 255 0 255 0 255 0
    255 0 117 129 0 255 203 147 0 0 0 255 88 0 107 255 255 0 255 52 255
    255 0 255 255 255 0 0 0 255 255 0 204 0 0 255 255 183 0 0 255 18 0 0
    255 108 251 166 0 215 0 0 255 0 255 219 40 0 84 0 0 137 226 255 241
    255 216 0 175 0 255 255 100 255 255 0 0 0 255 255 255 0 0 0 130 0
    143 240 255 149 140 0 0 46 176 255 178 255 255 255 0 0 255 0 45 0 0
    124 255 0 0 0 0 0 255 255 0 0 255 0 102 0 0 255 255 255 0 29 0 22
    255 255 0 228 255 255 0 0 0 255 255 255 0 206 0 255 255 255 255 255
    0 255 255 255 150 255 0 0 164 0 255 79 255 0 255 0 195 255 255 0 255
    255 41 0 242 255 255 0 255 0 255 0 0 207 255 255 243 0 0 0 255 28
    255 255 0 0 203 0 255 0 255 255 255 255 255 0 171 248 255 177 255
    255 0 0 154 255 133 255 0 0 152 0 0 255 255 255 248 255 0 255 0 178
    255 18 201 255 0 255 0 255 0 0 0 0 255 255 255 255 255 0 0 77 0 0 0
    255 255 0 255 0 183 142 255 0 103 0 255 199 55 0 0 219 0 0 0 255 27
    0 0 53 255 0 255 101 255 0 0 0 255 255 255 255 0 200 255 135 0 0 255
    101 0 0 255 30 255 75 255 255 255 78 0 0 255 255 255 0 0 94 0 0 0 66
    255 255 255 255 0 0 0 255 0 0 0 255 255 255 0 0 255 13 255 0 0 255
    255 255 236 218 255 255 0 121 0 255 255 255 255 182 255 0 0 92 255
    255 255 0 0 255 236 255 0 0 255 0 207 30 0 255 0 0 0 255 255 153 255
    0 255 255 47 255 0 8 0 255 0 255 46 51 255 255 0 0 190 255 13 0 0
    255 255 0 0 0 255 255 0 199 0 0 0 255 0 255 255 255 0 0 0 255 0 255
    99 255 255 255 255 0 242 0 193 250 255 0 255 0 255 255 255 255 255
    171 180 255 208 0 0 0 0 255 213 255 172 255 0 0 76 255 255 0 0 255 0
    255 0 255 131 213 255 255 0 255 255 0 255 0 58 0 0 255 0 236 0 255
    255 30 108 0 0 18 255 199 254 0 255 255 255 255 15 0 0 179 0 255 255
    0 0 255 255 0 0 0 91 94 255 0 0 0 0 255 0 28 0 255 204 255 0 255 0
    255 0 51 0 255 255 255 0 255 0 255 255 255 0 0 0 0 0 255 91 255 255
    255 255 0 0 0 114 0 255 255 255 0 0 255 255 255 0 0 45 37 255 105
    255 0 13 255 255 255 0 130 0 36 0 255 0 255 255 123 255 0 255 0 255
    255 119 0 210 255 49 207 0 255 0 255 0 0 0 0 255 0 255 0 255 159 0 0
    255 255 110 0 255 255 0 3 0 0 173 255 255 147 231 255 0 0 0 255 0
    255 255 255 96 0 0 0 255 0 255 175 255 6 0 0 255 0 0 255 255 112 7
    255 0 105 0 255 255 14 162 0 0 0 69 255 0 122 0 0 0 0 255 255 255
    255 255 0 0 255 255 255 0 0 144 255 218 0 255 255 131 51 0 222 255
    55 255 255 224 0 0 5 255 255 255 255 255 255 189 255 0 255 0 255 255
    0 0 0 0 255 19 99 255 255 0 0 0 0 255 255 255 0 255 0 148 0 0 0 146
    0 0 255 0 255 255 0 0 219 255 235 0 0 251 255 0 233 255 31 255 255
    88 0 7 255 255 0 0 255 0 0 0 255 20 255 0 33 72 0 255 185 255 0 255
    0 0 255 255 0 255 138 255 0 217 0 0 154 255 111 0 255 0 197 0 144
    255 255 255 173 0 159 255 255 0 255 255 255 0 255 177 0 255 255 255
    0 255 0 0 0 11 255 0 4 255 255 0 0 255 255 153 255 52 0 0 0 255 255
    255 0 108 0 0 218 36 0 255 255 77 246 0 201 155 255 255 255 0 255
    255 255 0 27 255 92 0 0 0 0 255 255 0 50 0 0 255 0 255 0 142 0 255
    108 255 255 82 243 0 255 255 0 255 0 0 255 0 0 0 255 0 0 0 0 255 216
    255 0 42 255 0 0 0 255 255 0 0 221 0 0 255 255 186 255 255 0 179 0 0
    255 255 0 255 0 0 255 255 255 255 0 0 0 0 255 0 255 0 255 0 0 0 0 0
    255 255 0 0 0 204 177 255 3 0 0 0 0 255 255 255 255 255 0 0 0 148
    206 11 0 255 255 0 215 255 0 0 78 255 0 0 0 92 99 0 255 255 0 199 0
    255 0 255 0 255 255 255 215 175 0 255 0 255 255 255 0 0 0 255 255
    255 0 255 255 0 255 0 255 0 200 65 0 0 26 255 146 0 0 0 196 0 0 0 29
    106 26 255 255 255 0 0 0 255 180 255 255 0 255 238 255 255 255 26
    255 121 6 255 255 201 0 0 255 0 255 0 0 0 255 255 0 43 0 255 255 255
    0 0 0 251 255 0 207 0 224 0 255 16 0 0 255 255 255 255 0 0 68 209
    119 71 170 255 0 192 255 0 255 255 255 0 255 255 255 0 255 142 255
    255 255 255 255 0 0 0 255 215 255 0 255 255 64 255 0 255 208 255 255
    0 0 0 255 255 255 179 0 0 0 24 255 0 255 0 255 0 255 255 12 255 0
    255 148 255 0 255 0 0 0 255 255 176 255 0 255 0 255 251 0 0 255 255
    251 98 0 208 106 255 0 111 150 0 255 255 29 255 55 0 255 255 109 255
    0 173 0 0 255 0 255 255 255 255 33 255 255 0 0 0 255 0 0 255 255 0
    255 0 0 148 0 255 0 255 255 255 255 127 255 255 0 255 0 4 255 255 0
    0 36 0 255 255 255 255 212 255 0 255 0 255 248 0 250 215 255 73 225
    255 255 214 226 255 0 255 255 255 9 255 0 83 0 0 0 0 255 7 0 255 255
    255 0 0 0 19 0 255 255 255 255 255 0 0 0 2 0 255 48 255 0 0 249 0
    127 255 255 0 0 0 0 0 0 127 255 109 45 0 255 255 255 245 255 0 255 0
    99 0 255 255 154 255 209 0 0 0 255 14 114 16 0 103 0 255 33 255 255
    255 0 0 0 255 255 0 255 255 255 255 255 255 0 0 0 0 255 138 90 255 0
    255 0 255 0 0 0 0 255 255 255 255 255 255 243 0 47 200 255 0 0 0 255
    0 0 0 255 255 210 0 0 56 255 255 255 255 0 255 0 2 0 255 255 255 80
    255 0 255 255 255 255 107 0 168 0 74 0 0 255 248 186 0 0 0 0 255 126
    249 0 0 255 248 44 65 0 255 255 63 0 0 255 177 0 255 0 255 237 0 0
    255 0 255 0 104 0 255 0 255 0 255 255 255 0 255 255 255 0 255 153 36
    0 255 39 255 0 177 0 255 255 255 116 0 210 255 56 247 255 0 255 0
    255 0 111 0 0 255 255 201 255 0 0 0 0 255 190 255 0 0 0 255 0 128 0
    114 255 255 255 0 0 207 255 0 0 0 68 137 0 255 0 255 0 0 255 0 255 0
    186 0 255 56 255 255 255 246 255 0 58 0 255 255 255 192 100 0 0 27
    255 38 74 73 48 0 255 183 178 0 255 0 255 1 255 255 255 181 252 0 0
    255 0 0 0 255 167 255 0 241 191 0 0 255 227 0 0 0 255 0 0 0 0 88 255
    255 0 178 0 208 0 63 0 7 100 255 0 0 255 196 255 244 242 255 0 255
    26 255 255 0 0 255 87 92 0 25 255 149 0 0 0 255 255 208 255 0 0 31
    255 0 255 255 255 255 0 255 0 0 255 0 255 0 68 0 29 255 255 152 255
    255 255 0 255 0 255 0 0 0 0 50 255 255 0 255 0 0 164 255 237 101 0
    247 0 202 0 255 234 255 0 0 0 255 255 122 0 55 171 0 255 0 255 0 0
    255 0 255 255 255 255 255 98 0 0 0 255 255 255 255 0 255 255 255 255
    255 0 0 0 37 255 255 0 87 121 255 0 74 0 0 255 255 0 255 253 0 255 0
    112 0 255 0 255 255 255 50 0 255 255 250 255 0 255 255 255 0 0 255
    255 38 12 82 0 255 255 255 0 0 255 255 255 255 85 255 194 65 255 29
    255 0 156 255 0 0 255 255 255 0 0 0 127 0 0 0 76 136 28 255 0 215 0
    255 92 0 255 255 0 255 0 255 0 255 255 154 255 0 255 0 255 128 255 0
    255 0 255 255 255 255 255 0 255 255 0 0 0 0 255 0 255 255 255 255
    255 93 255 0 0 255 22 0 197 126 229 0 255 255 255 255 255 0 0 0 0
    255 255 0 0 255 255 255 0 0 255 94 137 0 255 0 0 0 255 255 0 0 0 0
    255 255 255 0 0 0 0 145 255 190 255 17 0 0 255 255 0 0 58 190 255
    255 0 174 0 255 0 255 0 253 255 0 0 0 0 165 255 0 0 0 155 255 47 0 0
    255 255 255 108 117 178 255 0 0 73 0 0 0 255 255 0 76 0 255 0 0 255
    0 0 0 0 255 47 160 255 27 0 0 0 255 255 65 255 0 248 0 40 134 255 0
    107 0 255 43 184 212 54 0 208 128 0 0 0 255 0 255 255 13 255 0 121
    83 0 0 255 255 255 0 196 255 114 145 36 0 109 0 0 0 0 0 0 255 255 0
    0 110 0 255 0 0 0 255 255 119 255 255 0 0 0 255 0 255 255 255 212 94
    0 153 24 255 255 255 0 255 255 0 0 255 255 204 255 101 255 17 0 0 0
    0 255 114 0 0 0 255 188 217 255 255 0 0 0 85 255 255 0 0 0 0 0 255
    255 62 0 0 185 196 255 0 132 0 255 255 48 0 255 0 255 0 0 0 80 0 255
    255 255 0 241 0 255 255 0 255 0 255 0 255 0 0 60 203 119 0 255 0 96
    255 255 66 0 0 255 255 255 255 0 180 0 0 239 13 255 59 0 23 0 255
    190 255 255 255 255 0 255 0 255 0 255 138 0 0 21 0 0 227 234 68 255
    0 255 0 25 255 255 0 0 0 255 255 0 0 0 0 255 255 0 255 0 255 0 255 0
    0 255 255 0 225 255 255 255 0 255 0 19 0 255 0 255 198 255 0 0 0 255
    81 255 255 0 14 255 0 255 0 255 0 255 97 0 255 255 255 0 0 70 0 0
    255 255 255 0 255 0 255 0 255 0 255 226 255 137 255 2 137 0 0 177
    255 255 255 83 0 199 255 255 0 87 255 0 255 16 255 0 0 0 255 175 105
    255 255 255 255 0 255 255 255 103 255 177 0 39 0 0 188 255 255 55
    220 0 0 0 191 255 194 255 255 0 0 0 255 0 255 0 0 249 255 0 255 0
    255 0 120 0 255 255 255 126 0 255 0 241 0 0 0 110 105 0 255 195 0 0
    0 0 65 151 255 255 255 255 0 169 0 198 0 255 255 255 128 0 192 229
    245 96 255 0 0 0 14 0 0 38 255 255 254 0 0 255 43 197 0 197 66 0 70
    0 116 0 0 0 221 255 0 255 0 255 246 255 222 255 0 255 0 208 0 255 0
    255 0 124 255 255 0 0 0 0 131 255 0 0 255 29 255 91 255 57 190 0 0
    255 0 255 255 151 255 0 0 40 255 255 177 255 151 32 0 255 27 255 0
    243 255 255 0 0 255 0 255 0 255 255 0 255 145 0 0 11 203 0 85 0 255
    0 255 255 91 23 0 0 255 0 0 255 255 90 0 0 0 0 202 16 0 255 0 255
    255 255 0 255 196 255 255 161 0 0 0 0 255 0 0 0 255 255 0 255 172 0
    11 0 255 255 255 0 0 0 255 0 15 255 0 255 129 255 250 255 255 0 255
    249 0 0 0 255 255 0 255 0 0 0 255 255 0 0 158 255 139 240 0 140 212
    0 255 255 255 255 0 0 0 255 255 251 0 255 4 255 255 255 50 0 0 255
    173 0 0 0 12 255 0 255 131 0 0 255 0 0 0 236 101 255 255 255 255 0
    59 114 0 144 43 17 0 0 255 255 0 0 144 255 196 0 0 255 0 255 0 212
    189 255 255 255 170 0 0 0 0 255 0 0 0 0 255 0 255 0 0 255 255 255 0
    255 0 255 253 255 0 0 0 255 255 0 82 0 142 66 255 0 139 0 0 255 255
    255 0 0 255 255 0 0 138 255 32 255 0 0 0 186 255 0 255 255 0 178 0
    255 152 0 0 255 255 0 255 0 255 0 255 255 112 0 0 255 255 255 0 158
    0 255 0 0 0 255 97 255 0 255 255 0 255 255 255 0 148 0 69 177 255
    255 255 183 255 255 61 0 0 0 66 139 186 255 255 0 0 255 255 255 220
    176 0 255 75 255 255 0 255 0 255 212 255 0 0 199 255 61 0 173 255
    255 0 0 0 255 255 255 0 0 251 255 255 255 255 255 0 215 0 35 255 252
    255 169 145 20 74 255 127 255 0 6 0 158 255 255 255 255 0 0 0 42 0 0
    255 255 255 0 255 0 255 0 255 34 255 0 255 0 244 0 255 255 96 0 255
    0 255 0 255 0 0 0 255 255 0 0 213 206 0 0 255 255 148 255 0 76 255
    255 255 0 115 255 255 0 188 76 255 255 147 255 18 255 0 0 255 0 255
    0 94 255 0 255 43 255 0 168 0 255 0 0 206 0 255 0 255 0 255 0 0 0 0
    255 226 255 255 255 17 151 219 0 0 255 0 255 0 255 124 0 0 190 0 255
    255 158 255 0 255 255 255 255 255 0 255 234 50 0 241 0 255 255 0 20
    255 255 0 0 27 225 255 255 255 0 0 0 0 255 212 90 157 0 255 255 0
    255 0 0 0 255 0 0 0 255 106 12 0 98 255 0 53 0 255 0 255 0 255 255 0
    0 0 78 255 255 0 0 0 60 255 40 255 255 255 0 255 0 255 255 255 255
    255 0 0 0 0 0 164 0 255 241 255 29 255 255 0 255 72 0 0 0 255 255 0
    0 0 255 22 176 255 0 255 0 255 255 255 0 0 0 255 255 0 255 0 255 255
    255 0 0 40 0 255 229 255 0 68 0 193 153 228 255 255 244 242 0 0 255
    255 28 0 255 255 255 255 0 0 255 0 1 0 0 255 255 255 0 255 255 158 0
    255 0 255 216 255 255 9 0 222 135 255 0 111 0 207 246 255 214 255 0
    255 0 0 255 0 0 0 49 245 0 255 255 255 0 0 0 255 255 246 0 0 172 255
    255 255 0 255 0 49 255 255 157 0 0 255 255 255 66 255 255 0 0 0 0
    255 255 255 0 0 0 116 255 0 255 0 0 0 0 255 255 0 0 255 255 255 192
    0 0 0 255 255 255 0 0 0 255 0 79 255 0 41 0 110 255 255 122 255 0 0
    0 0 255 0 215 0 0 5 255 255 250 116 0 0 0 237 255 255 127 21 255 246
    0 0 0 0 255 119 255 0 255 0 136 255 181 0 0 0 255 171 205 255 0 255
    0 255 0 255 91 129 255 255 0 255 0 0 255 92 34 143 208 84 255 0 133
    0 255 0 116 255 0 19 39 255 255 255 0 0 78 255 0 255 0 255 191 0 255
    255 0 255 113 255 0 0 14 218 255 255 255 0 255 255 255 0 201 255 0
    74 185 198 0 0 255 255 0 0 255 255 0 0 0 236 255 255 255 255 255 0 0
    0 255 176 0 0 255 0 255 0 185 255 0 0 255 255 255 123 0 124 255 255
    255 42 255 255 255 0 0 211 0 0 0 78 0 255 255 134 11 255 0 255 0 0 0
    255 255 255 0 222 45 255 255 9 255 8 0 0 255 0 0 255 255 86 255 0
    255 0 191 255 255 0 255 0 255 255 0 0 14 255 81 0 4 255 255 255 0
    255 0 0 255 233 0 0 255 0 255 255 255 0 255 255 255 0 24 0 255 48
    255 255 255 0 0 255 255 255 0 0 162 0 255 255 255 0 0 0 0 255 255
    255 255 0 0 0 0 255 0 255 0 163 0 255 0 155 0 112 33 255 255 8 0 0 0
    255 48 183 255 255 103 255 198 255 1 183 255 0 0 0 255 12 255 0 255
    255 255 255 97 119 255 0 177 249 0 0 125 36 0 117 255 98 0 0 0 182
    255 0 0 0 255 189 255 0 255 0 255 255 253 184 0 158 0 0 32 0 255 0
    33 0 0 255 0 83 0 255 0 0 117 255 0 255 0 0 0 255 255 255 255 0 255
    91 255 0 0 255 255 0 129 101 251 255 0 0 134 0 0 0 255 0 255 88 255
    0 0 0 0 184 0 255 255 255 255 0 255 255 255 179 0 255 0 255 179 0
    161 255 0 255 0 255 0 255 255 0 0 0 0 255 42 0 255 0 255 103 255 1 0
    0 206 255 255 13 255 0 225 131 149 0 0 0 255 0 15 255 151 245 0 15
    255 34 255 0 255 0 0 255 118 255 255 0 102 0 0 255 0 0 0 255 0 255
    241 255 255 0 175 0 255 255 196 255 255 255 255 192 0 45 0 255 255
    255 255 162 255 0 0 255 255 255 0 255 0 255 255 255 181 0 0 0 255
    255 255 255 0 91 66 0 0 0 50 255 169 255 26 0 0 255 255 0 0 0 255 0
    0 0 255 0 255 0 255 0 255 0 255 255 255 0 255 0 255 255 255 0 255
    255 255 0 0 247 255 255 255 0 0 0 0 0 0 255 255 117 255 200 255 255
    255 0 255 0 0 255 255 56 0 255 255 255 255 118 255 54 249 0 255 0
    209 255 255 255 0 0 0 119 255 255 0 255 255 0 0 0 0 255 255 255 0
    125 0 0 255 0 0 122 255 59 0 124 0 255 255 0 0 168 255 58 253 119 0
    255 255 255 0 255 222 132 0 120 255 255 255 0 0 0 255 0 0 255 0 255
    0 255 0 0 142 255 255 255 255 0 164 0 255 0 255 0 0 87 255 255 255 0
    255 0 0 0 0 0 255 0 255 0 140 255 255 247 0 255 0 0 0 255 80 0 255
    255 255 255 34 124 0 123 25 255 0 0 255 255 255 0 0 21 255 255 0 0
    255 255 0 39 56 255 0 255 151 255 255 0 118 255 0 255 0 255 0 255 0
    0 255 255 64 69 255 255 255 0 0 0 161 255 255 0 0 255 255 216 0 255
    255 0 0 0 0 255 255 255 133 0 0 255 0 235 0 75 0 255 255 255 255 255
    0 255 0 255 0 102 255 255 0 255 0 216 231 255 166 0 0 148 179 255 80
    255 0 255 255 255 0 155 162 255 0 0 0 247 255 210 255 233 255 0 255
    255 255 0 255 0 0 0 189 0 0 71 0 236 255 0 196 255 0 0 145 255 255 0
    0 178 0 0 0 146 0 0 143 255 0 255 255 255 255 255 0 0 115 255 255
    255 204 236 227 0 0 0 255 255 95 0 0 255 0 255 0 255 255 94 0 255 0
    255 0 255 0 253 111 255 255 255 62 0 122 42 255 255 207 255 0 90 0 0
    0 0 255 0 255 180 255 0 255 0 255 193 255 0 255 255 0 178 0 255 255
    255 0 0 255 0 0 0 0 190 255 255 206 0 0 0 255 255 0 255 0 0 0 255
    255 255 0 75 211 198 255 0 146 0 0 255 157 0 223 0 255 0 158 255 255
    255 0 255 0 255 0 75 0 83 0 0 255 200 31 0 255 255 255 0 0 255 0 255
    255 255 24 0 0 255 255 2 0 255 142 0 255 0 164 0 0 255 135 0 255 255
    182 0 255 0 255 0 255 255 255 0 126 0 255 191 0 255 164 0 255 207 55
    0 255 255 255 0 0 255 0 255 0 255 255 255 0 255 0 255 0 255 166 0 0
    0 123 0 0 204 126 255 255 79 0 0 255 206 255 86 0 35 255 119 0 0 0
    255 2 0 0 255 255 255 255 209 255 0 255 69 154 255 0 249 255 0 255 0
    255 0 0 0 0 255 0 192 255 0 255 48 255 255 0 255 0 0 0 255 255 246
    255 255 255 0 255 0 255 0 255 255 255 255 0 55 84 0 255 255 255 255
    255 0 255 255 160 0 0 255 0 0 0 255 40 0 255 0 255 0 255 0 45 0 255
    0 255 0 60 0 0 0 255 0 0 0 0 255 255 255 0 255 38 255 255 0 255 0
    255 0 0 255 255 255 255 255 0 0 255 0 0 0 255 43 255 62 109 0 0 186
    255 255 255 0 0 0 0 2 255 0 0 102 255 185 0 157 0 255 0 255 3 255 0
    255 255 59 82 0 255 255 255 0 255 0 170 255 0 200 255 255 255 0 0 0
    0 199 0 219 39 0 0 0 255 0 0 0 0 255 255 255 255 0 255 0 0 0 255 1
    214 0 0 255 255 255 0 0 255 135 193 255 0 0 0 255 17 0 0 255 255 0 0
    255 45 0 0 255 255 255 0 0 255 255 0 146 9 255 255 115 0 0 0 255 255
    250 74 255 92 255 0 0 0 158 255 255 115 91 0 82 255 0 30 255 108 0 0
    255 36 255 255 255 0 0 0 255 0 255 0 255 0 255 232 0 76 255 255 255
    0 255 0 0 162 0 0 0 77 0 255 255 0 176 0 255 255 55 0 255 255 0 255
    223 0 26 255 0 43 0 0 0 255 255 255 255 226 133 0 0 0 255 255 255
    255 0 255 255 207 0 68 255 205 255 0 0 103 161 237 0 0 255 0 190 0
    255 255 255 0 66 255 255 255 160 0 255 0 255 0 255 40 0 140 176 255
    0 48 255 0 0 0 255 0 237 0 72 0 255 115 255 0 255 255 0 0 0 0 255
    255 207 255 0 255 0 0 0 255 0 71 0 255 230 0 0 0 246 0 255 255 0 40
    0 65 0 0 0 6 255 255 0 0 0 0 0 255 255 255 0 249 0 0 0 226 255 255 0
    150 35 0 7 255 0 150 0 0 0 255 255 255 0 132 255 0 164 255 0 255 0
    255 0 255 0 255 115 0 96 255 28 163 0 4 0 255 255 255 0 51 255 255 0
    255 255 88 0 255 255 255 0 255 0 255 26 12 255 0 0 255 0 255 0 255 0
    0 255 255 0 255 255 0 0 255 0 0 54 0 62 255 10 255 0 255 17 255 0
    255 255 255 189 255 0 0 164 255 255 0 0 114 255 0 255 0 255 255 0
    134 255 255 255 0 128 255 0 0 255 255 0 255 182 255 0 255 0 0 0 255
    0 255 0 255 0 255 236 0 255 255 255 0 0 0 255 255 255 255 255 0 0
    168 255 53 255 255 0 255 0 255 163 255 0 0 255 255 0 255 0 255 255
    255 0 255 0 146 0 0 0 255 72 22 0 241 255 225 0 0 255 255 255 255 0
    255 255 255 255 255 4 0 123 0 255 255 255 255 0 0 0 255 255 255 187
    121 0 0 0 15 255 255 255 0 255 255 154 0 255 255 255 112 255 0 0 0
    255 0 157 0 0 84 255 255 255 194 0 60 255 255 255 2 255 0 255 0 255
    0 0 223 255 0 255 0 255 0 255 0 255 0 0 0 192 0 255 0 110 0 255 0
    255 0 255 0 154 0 255 169 37 255 0 199 0 36 0 255 255 255 0 38 255
    255 94 181 0 255 255 21 117 255 255 123 0 0 255 255 255 103 255 0
    255 0 195 0 255 255 255 255 0 0 255 255 0 0 0 0 0 255 255 0 255 255
    255 213 0 0 255 0 0 255 0 255 0 255 255 49 0 0 255 82 0 189 0 0 0 0
    255 255 255 0 0 0 0 0 255 103 0 14 255 255 0 0 0 0 0 0 0 255 255 255
    0 0 255 255 0 0 0 255 255 255 255 191 255 255 255 255 133 255 255 0
    0 0 255 0 255 255 255 0 64 255 255 0 139 231 0 25 255 255 255 255 0
    0 0 100 255 255 0 0 255 255 88 235 0 0 0 255 110 0 0 255 79 35 0 0 0
    0 255 255 255 0 255 0 255 0 31 255 255 255 255 179 0 140 201 0 255 0
    255 255 255 169 255 255 255 0 0 0 255 0 149 255 127 255 230 255 0
    255 0 0 0 255 190 255 55 0 255 255 97 255 0 255 111 255 255 207 0 0
    255 255 255 0 35 0 255 0 255 255 0 0 0 223 0 0 0 255 255 255 255 0 0
    0 255 98 255 255 53 255 255 35 255 255 255 255 0 0 0 255 54 255 255
    0 255 0 188 0 255 255 255 213 0 115 0 127 0 164 0 255 21 0 0 255 255
    0 109 0 200 149 255 0 9 255 255 104 255 130 0 142 128 213 0 255 255
    255 32 29 255 0 0 0 255 80 255 0 116 255 255 255 0 0 164 0 0 0 255
    255 255 0 0 255 26 255 255 237 0 4 217 255 0 0 0 39 255 0 255 0 0
    113 0 255 135 48 111 0 255 255 182 255 0 0 0 223 255 193 0 61 255 37
    0 255 0 255 255 0 93 0 255 255 255 255 0 166 181 255 0 255 254 255 0
    0 255 255 213 0 155 255 0 255 255 0 0 255 25 255 0 48 255 255 0 255
    0 255 254 255 0 164 0 255 0 255 0 255 255 191 0 0 255 103 0 255 255
    255 255 0 0 105 72 255 37 43 0 255 0 255 161 0 255 0 255 134 255 0 0
    93 0 255 255 255 0 255 255 249 0 255 255 255 244 0 0 255 63 215 23
    255 255 197 0 226 255 194 255 0 255 0 0 0 255 0 0 255 121 0 0 233
    255 255 255 0 255 0 46 0 255 0 0 255 255 0 255 0 255 37 172 255 0
    163 255 255 255 0 0 0 38 255 0 255 255 255 255 255 0 0 0 0 255 255
    255 218 255 255 255 131 0 0 0 126 255 0 255 255 255 139 41 0 255 232
    255 255 78 255 0 255 0 162 0 181 255 255 255 0 114 0 0 0 255 255 255
    214 0 0 255 255 0 0 0 255 255 255 255 255 96 255 255 255 93 255 255
    0 70 255 255 0 255 0 255 0 196 255 0 255 0 255 0 255 0 255 86 255
    255 116 0 35 0 0 14 255 227 0 238 0 255 255 255 0 226 255 65 0 0 255
    255 0 0 255 0 0 28 255 255 194 0 0 113 255 255 205 255 92 255 0 0 0
    0 237 255 33 0 0 174 0 33 0 191 255 0 1 0 255 0 104 255 255 14 0 0
    22 255 107 230 0 0 0 255 255 255 0 58 0 255 0 255 0 44 255 200 147 0
    255 255 255 0 97 0 0 255 0 255 23 51 67 0 161 115 0 0 0 255 255 255
    0 0 0 0 209 255 255 253 255 255 0 255 0 255 205 255 241 0 0 0 75 255
    32 255 0 255 0 0 182 255 255 0 255 0 0 255 0 255 0 255 204 0 255 0 0
    255 0 0 0 243 0 0 255 0 255 0 195 4 145 42 157 255 255 0 0 0 255 255
    0 183 0 187 0 92 0 255 2 255 0 0 255 255 255 0 0 0 255 255 255 255
    255 255 255 255 0 0 0 255 255 18 255 0 101 255 255 62 8 0 255 0 255
    255 255 0 0 255 0 0 0 255 255 0 0 180 255 146 255 0 0 0 37 184 255 0
    0 255 255 255 0 0 0 255 0 182 0 0 0 0 255 255 255 255 255 255 0 0 91
    255 0 0 0 255 255 0 255 255 255 255 0 0 0 0 15 0 255 255 0 0 0 146
    113 255 0 0 0 128 255 255 0 255 219 255 255 255 255 22 0 0 0 255 255
    255 0 255 255 0 0 255 255 255 0 0 0 205 0 30 255 0 0 0 0 204 0 255 0
    255 0 255 255 79 0 255 0 75 0 255 0 255 0 0 0 119 81 0 255 107 255
    214 255 119 0 0 0 255 255 45 255 0 255 255 130 255 0 0 255 0 0 255 0
    0 239 0 255 0 216 255 117 0 255 0 255 0 0 0 0 92 255 224 255 0 174
    255 0 255 0 255 0 255 45 0 0 255 255 255 0 112 255 0 247 0 255 0 255
    255 255 255 0 255 137 255 31 204 255 0 255 4 0 0 255 0 255 0 0 0 0
    255 246 255 58 255 219 58 0 255 26 0 0 0 255 255 255 255 185 30 0 0
    255 0 255 0 255 42 180 0 0 0 255 255 0 0 0 255 255 255 169 0 0 0 39
    231 255 255 255 0 247 255 222 255 255 0 255 254 255 0 0 0 255 255 0
    0 255 255 75 255 202 0 255 255 193 255 0 0 0 255 166 0 255 0 0 0 255
    234 255 0 255 255 18 255 250 0 156 0 255 255 0 255 0 33 31 255 255
    140 83 0 255 68 255 255 0 0 0 255 156 0 0 255 255 0 0 0 255 184 255
    0 255 0 242 0 0 0 255 255 255 0 0 21 255 98 0 0 0 255 249 255 0 150
    255 0 0 0 255 255 255 0 255 0 0 0 0 255 195 255 0 99 0 0 255 255 0 0
    0 255 0 185 0 0 58 43 255 0 255 255 0 255 22 255 0 255 0 0 0 255 255
    255 255 0 255 0 255 0 114 0 255 0 255 0 255 255 0 0 167 0 161 0 91
    255 0 161 0 255 255 0 255 255 0 133 0 255 0 190 0 255 255 99 255 0
    162 255 255 0 255 0 255 0 255 0 0 255 0 0 183 0 255 246 255 255 255
    0 0 255 215 255 0 167 0 0 255 0 255 0 0 255 255 255 0 0 255 255 0
    126 0 255 255 0 255 0 255 0 0 0 107 254 0 101 0 53 0 0 255 0 23 0 0
    207 56 224 142 255 0 255 255 255 0 255 0 255 255 0 0 0 255 255 179 0
    254 185 255 158 0 91 0 255 160 255 61 0 255 255 0 255 255 255 0 0 0
    255 255 255 165 255 0 0 255 91 255 0 98 0 255 0 255 255 255 0 255 0
    255 0 255 85 255 0 0 255 0 0 0 255 118 255 0 0 255 68 255 255 255 0
    255 0 0 153 255 198 255 255 167 0 138 0 255 0 0 255 0 0 0 0 255 255
    255 255 255 0 255 0 0 0 0 255 0 255 255 61 1 0 255 255 255 0 0 255
    125 255 0 127 214 85 255 0 0 255 0 255 0 222 0 255 0 0 255 0 255 0
    255 150 0 89 62 119 136 255 255 0 0 0 255 0 0 46 255 255 255 24 255
    0 122 0 255 45 0 255 4 255 255 255 0 255 255 0 0 0 255 255 4 0 255 0
    176 0 255 129 191 0 255 0 255 0 251 0 185 255 255 255 0 255 255 232
    0 0 120 0 134 51 255 0 0 0 255 255 108 0 222 0 0 255 230 255 255 255
    255 255 173 0 255 132 0 0 0 255 255 255 255 53 255 115 255 66 0 0
    242 255 255 255 255 0 255 245 255 0 0 0 0 255 255 60 255 0 0 255 0
    255 255 255 0 89 255 255 0 0 255 227 255 255 255 255 0 0 0 255 60
    255 0 0 177 255 255 45 0 0 255 255 255 240 0 0 255 0 196 0 0 0 232
    255 255 224 94 255 0 0 0 255 255 0 255 0 180 255 255 255 127 255 0
    255 121 0 0 0 123 0 255 0 154 0 255 255 88 255 255 0 0 0 255 93 255
    0 0 0 125 255 255 255 0 89 0 0 0 213 35 255 255 255 0 0 255 255 0 0
    255 25 71 255 117 255 0 0 255 255 255 255 75 122 140 0 255 0 255 255
    27 109 255 221 255 0 0 0 0 0 0 255 255 0 255 0 255 140 0 0 255 92
    191 255 255 255 0 255 97 16 0 178 0 255 0 0 255 0 255 255 255 255
    255 255 0 0 0 255 0 255 0 255 255 84 0 0 0 255 255 255 255 3 255 255
    255 255 244 255 200 0 0 0 255 0 255 0 0 198 255 0 0 0 99 255 255 255
    0 255 255 255 255 0 0 255 255 255 0 0 0 255 255 0 116 62 0 0 0 255
    255 0 255 0 253 0 255 255 0 209 255 255 0 255 0 71 0 255 57 215 255
    255 0 0 255 116 238 255 255 74 255 255 255 154 166 255 0 18 72 215
    255 0 255 207 0 0 255 174 255 0 0 0 255 0 0 0 255 0 255 0 255 0 255
    24 180 0 0 255 0 26 0 255 0 196 0 255 89 234 0 0 173 255 255 255 0
    255 0 1 0 248 255 255 255 55 174 242 15 8 0 255 255 248 0 106 234 0
    0 255 255 255 150 0 255 255 255 0 0 0 0 0 255 255 255 0 255 255 85
    255 192 0 0 242 18 0 195 0 255 0 255 125 46 255 0 255 0 0 255 0 0 0
    255 255 255 62 255 0 0 0 0 0 0 0 0 255 255 255 65 0 0 0 255 255 0
    255 0 0 0 255 255 199 84 0 3 29 33 219 255 255 0 0 0 255 13 47 255
    255 255 255 0 0 148 255 83 255 255 0 0 51 255 255 255 42 0 255 0 0 0
    255 0 149 0 255 255 255 0 0 0 0 255 0 255 118 255 244 0 255 0 69 0 0
    255 255 0 255 0 153 0 255 200 255 0 255 156 0 208 255 0 0 0 0 255
    255 255 255 76 0 255 0 0 255 255 255 167 0 0 123 0 255 255 0 0 0 255
    0 255 0 224 0 0 0 255 255 59 0 255 255 0 0 0 164 245 255 0 0 0 0 191
    255 255 255 200 121 255 0 0 0 255 255 255 0 0 0 0 255 255 35 0 0 167
    255 255 0 0 255 255 166 255 0 0 255 255 255 0 0 0 0 0 157 255 255 0
    0 0 0 255 255 255 0 198 0 255 253 186 199 39 0 0 0 255 255 255 255 0
    0 255 255 255 255 0 0 159 255 255 246 255 0 255 0 161 0 0 255 45 255
    255 255 255 255 255 0 255 57 255 255 255 122 0 0 193 255 92 255 0
    255 90 255 255 0 0 220 255 66 0 0 0 255 0 255 255 255 255 0 255 255
    179 0 0 255 255 0 0 255 255 255 0 0 153 0 255 246 255 40 255 255 255
    0 164 0 255 0 36 0 255 0 255 255 255 144 255 255 255 184 0 202 25 0
    0 255 255 255 0 33 32 255 0 88 255 255 255 255 0 0 255 0 255 0 100
    255 0 0 255 0 255 0 106 255 0 0 0 0 255 135 147 0 255 180 255 255
    255 255 204 0 0 255 119 0 0 199 131 255 255 0 0 0 218 0 255 0 0 255
    255 255 0 0 105 255 255 234 255 255 144 0 121 255 255 255 0 26 255
    255 255 0 0 71 0 0 255 255 141 0 0 0 0 255 0 0 0 0 0 0 255 255 255 0
    229 230 0 255 0 255 255 87 0 0 229 255 255 241 255 0 255 0 0 0 118
    255 0 255 0 70 113 0 255 255 255 255 0 255 255 18 255 0 55 255 0 255
    0 255 255 255 1 0 0 0 127 255 0 0 72 255 0 0 0 255 255 0 255 7 0 0 0
    0 255 0 255 0 0 0 255 255 255 0 0 191 0 255 0 255 255 255 226 100 90
    0 0 255 215 255 106 255 235 244 55 147 0 0 0 0 209 255 255 0 255 0
    255 0 0 0 0 0 255 255 255 0 0 255 255 255 0 255 0 0 0 255 61 255 0
    215 255 255 255 0 255 0 252 255 255 30 0 0 0 255 140 255 0 0 255 182
    255 1 255 0 61 206 0 255 0 0 0 255 223 0 0 0 255 255 63 255 255 0 0
    0 255 255 255 0 177 255 255 255 0 51 0 255 255 75 255 0 55 0 255 0
    255 184 0 0 201 0 255 56 255 0 0 255 0 170 255 0 0 255 0 0 0 235 255
    198 0 0 0 0 255 0 255 255 0 0 0 255 255 255 0 0 0 255 255 255 109
    255 0 255 0 255 253 255 0 0 255 255 255 0 125 0 0 0 0 255 255 0 255
    0 255 0 0 0 255 0 255 0 255 0 255 0 255 255 255 0 255 116 0 0 0 0 0
    255 117 255 255 255 0 0 255 164 166 255 255 197 0 0 255 137 255 0
    255 219 255 0 0 0 0 171 0 255 48 255 213 255 255 255 163 255 44 0
    255 241 69 68 0 255 238 255 0 58 0 255 47 255 255 255 255 255 223 0
    0 0 0 0 255 0 255 41 255 17 255 0 0 0 131 255 87 208 0 255 255 86 73
    76 255 255 128 0 0 0 0 0 198 29 255 0 48 0 0 255 83 255 0 0 0 0 0
    255 255 0 255 0 0 0 124 0 255 255 255 0 163 0 255 253 255 0 0 0 255
    0 255 0 255 255 255 255 195 0 0 0 255 0 0 0 255 255 255 0 0 0 255 0
    255 255 0 0 0 255 0 0 0 0 0 81 255 255 0 255 33 255 0 15 0 0 0 255
    217 255 0 0 255 255 255 0 255 0 255 255 24 0 255 0 255 255 255 0 97
    255 255 214 255 161 0 7 179 60 0 70 0 170 0 82 0 255 0 255 255 40 0
    0 233 255 223 39 151 0 0 0 188 0 0 255 255 255 255 0 0 10 255 255 0
    0 164 255 0 0 255 255 0 255 255 57 255 0 0 0 255 255 255 14 0 200
    255 255 0 255 255 0 255 0 211 0 255 0 0 255 0 0 255 0 255 0 171 0
    255 0 57 0 255 255 216 0 0 0 0 255 255 255 255 0 238 129 0 0 0 255
    255 255 0 0 0 255 0 0 0 0 0 255 255 255 0 255 255 255 0 0 0 255 0 0
    0 85 0 51 0 24 255 253 0 0 0 255 0 209 0 255 182 255 85 0 0 78 255
    255 255 255 0 211 0 255 115 0 0 0 0 157 0 255 255 0 27 255 255 202 0
    0 216 0 214 255 165 0 0 8 157 255 255 255 0 79 0 0 255 255 255 255 0
    255 0 210 0 95 0 198 0 255 0 0 0 0 183 255 255 255 123 255 0 255 255
    255 255 255 0 0 0 255 0 255 255 255 255 255 172 255 0 0 0 226 0 132
    0 0 0 255 255 109 0 0 0 226 0 0 255 255 0 0 255 255 0 0 255 78 255 0
    0 255 255 0 255 0 255 0 182 0 255 203 0 0 0 255 0 255 9 255 0 0 255
    255 21 0 0 137 222 255 255 255 255 186 255 240 0 0 0 0 255 0 255 152
    0 0 255 2 255 255 255 255 0 255 0 0 0 255 239 0 0 0 255 30 255 0 255
    255 255 255 78 0 14 255 105 48 0 255 255 178 0 0 65 0 141 255 0 90
    76 255 255 49 0 255 0 124 9 0 255 45 255 119 92 0 0 80 255 0 202 0
    255 7 0 255 83 255 255 0 255 0 0 0 98 255 255 105 0 255 255 0 255
    255 255 0 255 85 255 145 0 0 255 255 255 255 254 255 0 0 22 0 108 0
    0 52 0 255 120 0 0 0 255 255 0 0 130 0 255 255 117 255 249 127 171 0
    210 255 255 32 0 0 0 165 255 255 0 0 228 0 255 23 255 0 131 0 255 40
    106 255 255 0 88 0 255 186 255 0 255 255 255 51 113 137 0 0 255 31
    255 255 255 255 249 255 255 0 110 0 255 0 255 0 224 0 0 255 0 221 0
    255 28 255 255 255 0 214 255 18 186 94 0 128 255 67 255 94 17 0 255
    0 6 255 0 255 0 0 0 0 98 255 255 0 255 0 0 255 64 255 4 255 255 255
    142 255 255 255 35 74 0 0 0 145 0 255 0 255 0 123 0 0 100 0 141 255
    255 255 0 0 230 255 255 12 0 255 0 255 0 255 0 255 0 255 255 0 0 0
    255 104 0 0 255 255 255 255 255 0 194 255 255 99 0 125 255 52 0 0
    255 255 255 0 0 0 255 0 0 255 225 0 255 227 255 0 178 0 255 178 199
    255 233 255 0 0 255 255 255 0 0 0 255 255 255 0 0 255 179 255 143
    255 255 55 0 255 255 255 255 117 255 0 137 0 0 142 255 255 58 0 97
    183 37 255 255 255 0 0 0 17 0 0 0 38 255 75 255 0 151 0 255 0 255 0
    0 255 255 255 0 0 255 255 145 0 79 0 0 255 255 255 0 255 255 255 197
    0 108 255 0 255 133 0 0 0 255 255 255 255 255 255 0 113 0 255 255
    255 0 0 0 45 197 0 230 0 246 0 0 255 66 255 0 255 255 255 0 0 255
    255 255 0 0 255 255 0 255 0 212 134 255 199 0 255 0 0 0 255 183 0 0
    255 255 255 255 198 255 0 255 255 255 81 66 0 9 255 255 0 0 0 255
    255 0 0 255 255 255 255 0 0 255 255 255 173 0 0 0 255 255 0 255 0 0
    3 208 255 0 255 0 0 0 255 0 120 255 255 0 0 253 255 0 101 0 158 0 0
    255 0 255 0 54 255 120 255 0 255 0 255 255 255 255 255 0 0 0 255 0 0
    0 255 254 48 134 0 156 255 255 4 255 255 255 0 51 0 255 255 252 255
    255 255 0 0 50 255 255 0 139 255 255 0 0 255 255 255 0 0 255 174 174
    0 0 255 255 0 238 0 255 255 0 0 43 255 255 253 0 255 122 255 255 0 0
    0 0 255 0 0 0 0 255 255 255 255 0 0 0 255 255 255 0 255 255 255 213
    0 255 0 255 0 179 0 255 73 62 0 0 0 0 255 255 255 255 255 0 243 213
    255 255 81 126 0 255 255 255 0 182 0 255 138 0 0 0 0 0 0 255 255 0 0
    255 255 0 255 0 0 220 0 255 0 255 0 80 255 255 255 255 0 0 0 0 255
    255 181 249 255 0 0 255 0 255 6 255 0 0 154 0 62 0 0 0 255 105 255 0
    255 0 0 0 0 255 0 255 0 255 0 0 0 255 255 255 0 255 0 255 255 0 255
    0 0 191 255 0 255 0 255 0 0 0 255 0 255 0 255 255 255 0 0 102 255
    255 0 0 0 255 255 255 255 0 255 108 255 0 255 0 255 38 9 0 0 0 255
    255 255 255 255 255 255 0 0 0 255 0 0 114 255 0 255 13 0 0 164 255
    188 0 255 0 255 0 255 255 182 0 0 255 228 0 0 0 0 255 0 255 0 255
    255 255 160 0 254 255 255 0 0 52 0 255 0 143 0 0 0 255 255 0 0 0 255
    0 255 24 0 0 0 255 0 0 255 0 0 0 78 0 255 255 255 255 255 0 78 152 0
    0 0 0 230 255 0 7 0 255 0 85 219 255 0 0 255 227 0 235 255 255 255
    164 177 0 255 233 0 0 0 179 0 255 0 0 0 213 255 214 0 164 152 0 66
    255 255 0 0 0 255 0 0 0 0 255 0 255 0 0 44 0 0 0 0 255 139 255 140
    255 0 249 0 255 255 2 0 0 0 0 0 0 0 0 0 255 0 0 9 255 255 255 255 0
    0 255 0 255 79 255 248 255 77 255 148 0 255 101 255 158 211 0 0 0
    255 0 28 0 0 255 0 255 0 190 255 112 154 181 0 0 78 255 114 0 255 0
    94 255 133 0 0 255 255 255 107 255 0 255 0 255 233 255 0 115 255 137
    161 0 188 0 0 195 255 0 255 198 0 0 0 25 255 173 0 0 0 0 0 0 255 255
    255 0 0 0 243 255 255 0 24 0 255 0 98 161 255 26 0 0 255 255 255 0
    177 247 0 0 0 255 0 57 0 255 255 144 255 0 0 54 255 255 255 114 0 0
    0 255 0 0 0 21 0 0 204 123 255 221 255 0 255 0 0 0 255 255 255 0 0
    255 255 255 0 255 0 255 200 136 255 0 255 255 43 0 255 0 1 255 255
    255 0 0 0 0 0 0 255 255 0 0 0 0 0 18 0 255 87 255 255 0 67 229 255
    255 255 255 255 249 255 0 255 0 255 103 250 0 23 0 72 255 0 255 255
    255 0 0 255 68 255 255 245 255 0 255 0 255 255 255 218 0 0 255 146
    255 0 0 255 255 119 0 0 255 0 127 216 255 255 255 255 0 255 0 12 69
    39 0 0 0 255 0 65 0 255 197 255 255 255 0 255 255 255 185 0 12 111
    255 0 255 0 213 255 0 0 0 255 255 0 0 0 0 24 43 255 255 166 0 0 0
    227 255 147 0 0 255 255 255 255 255 255 0 0 255 82 255 0 255 255 0
    255 255 0 0 0 255 186 54 255 0 0 23 0 0 0 0 255 255 255 0 0 0 0 0
    255 255 34 255 0 0 0 255 255 255 0 0 0 255 0 255 0 160 0 0 255 255
    122 255 164 0 0 0 255 215 255 255 0 0 53 255 255 0 255 214 255 0 255
    255 27 0 0 255 255 104 0 0 169 201 0 255 255 0 0 0 0 255 255 255 0
    214 26 0 36 0 255 186 255 0 129 0 255 0 0 0 255 255 255 255 0 0 0 69
    255 255 255 134 0 255 255 193 0 0 255 0 0 255 0 0 0 255 255 78 72 0
    255 23 255 255 255 255 0 0 0 141 20 255 138 255 0 255 0 0 0 0 255
    255 163 0 255 255 255 0 255 255 3 0 0 255 255 0 0 0 255 255 255 255
    47 78 174 0 255 175 255 73 0 0 0 255 0 255 255 255 0 0 0 255 192 0
    255 0 255 255 255 0 255 255 0 255 255 255 255 188 0 132 0 255 111
    255 255 123 0 0 255 0 0 0 255 255 255 255 255 72 0 255 255 255 91
    255 0 255 0 255 255 255 228 0 0 0 0 0 0 255 255 255 0 0 151 255 255
    0 0 255 62 0 174 124 255 0 255 125 0 0 0 255 255 0 26 255 0 255 0
    255 255 255 255 0 255 255 255 0 0 0 255 255 255 24 255 188 255 17
    135 0 255 0 132 0 60 0 255 0 255 0 0 0 255 255 255 0 255 0 226 255
    255 0 0 255 204 255 0 255 211 0 134 0 255 147 242 255 255 115 0 132
    255 255 0 0 255 255 0 255 0 255 97 255 255 255 216 116 255 35 255
    255 255 184 255 0 255 194 151 12 255 255 255 255 0 255 0 255 0 255
    255 255 0 0 0 255 255 255 0 0 255 207 0 179 0 255 0 255 255 255 68 0
    0 255 0 255 70 255 0 255 255 0 240 113 255 155 255 102 180 144 151
    255 0 0 0 255 255 255 100 255 147 255 0 59 255 0 0 255 0 255 0 255 0
    106 113 255 255 0 0 25 0 8 255 255 255 249 189 255 255 84 0 87 255
    255 255 0 151 0 255 255 255 255 255 255 255 0 0 0 0 0 0 255 0 0 75
    255 255 205 0 0 0 255 255 210 0 0 255 11 164 0 255 255 255 0 95 247
    255 0 0 255 255 255 255 222 255 255 0 0 255 194 255 49 16 255 255
    234 0 54 244 255 79 0 0 118 121 255 255 24 0 255 255 255 127 0 0 0 0
    0 0 7 255 0 156 0 255 42 255 255 255 0 97 255 255 0 0 255 255 0 255
    0 0 0 0 55 255 255 255 255 0 255 0 255 255 174 0 0 0 255 94 255 0 0
    255 17 0 255 122 255 0 40 255 255 0 0 255 255 255 255 0 0 255 0 255
    255 255 0 0 0 255 255 255 81 255 0 255 255 0 0 0 255 14 255 0 36 255
    255 229 238 0 255 0 255 0 151 173 255 255 0 255 229 255 0 0 0 194
    255 255 223 0 255 255 0 0 0 255 255 0 255 0 255 70 255 255 0 0 0 255
    0 0 0 0 255 50 255 23 8 0 0 207 255 255 0 255 0 255 255 116 0 255
    255 255 0 255 176 0 216 255 255 255 255 0 255 0 255 0 255 0 0 0 190
    255 255 255 0 255 0 0 0 255 255 0 255 0 0 0 255 222 255 227 226 0
    255 179 255 255 255 255 255 192 236 255 255 213 0 0 152 0 144 241 0
    255 138 0 0 255 0 255 0 0 0 176 255 253 90 255 255 0 0 255 0 255 0
    255 255 206 0 0 0 255 0 255 157 0 104 0 0 0 255 243 0 205 0 125 0 0
    0 255 0 0 255 0 255 0 46 0 56 0 255 96 251 0 255 255 0 0 0 0 148 0
    255 255 255 0 255 0 0 222 255 255 0 0 0 0 255 0 82 197 0 0 255 0 255
    97 0 255 0 255 0 255 15 255 255 0 255 0 159 0 255 0 255 0 255 42 255
    0 0 0 255 255 158 0 0 130 33 255 255 255 255 255 0 0 0 255 0 255 255
    0 0 255 255 0 0 0 6 255 246 137 0 255 242 0 0 255 168 255 0 255 0 0</data></my_img>
<your_img type_id="opencv-matrix">
  <rows>128</rows>
  <cols>256</cols>
  <dt>"3u"</dt>
  <data>
    255 214 166 0 244 255 255 52 0 255 0 225 39 0 69 0 255 0 255 0 255
    255 255 0 0 0 166 0 0 121 255 255 0 255 0 255 0 255 0 0 0 92 0 255 0
    255 0 159 0 0 107 255 0 239 104 145 0 84 0 0 37 111 255 0 255 255
    255 0 0 90 255 255 255 0 86 227 0 0 0 255 255 255 158 0 0 0 255 255
    0 133 255 255 0 255 255 0 0 246 255 208 0 189 0 0 21 255 37 0 0 255
    147 255 255 0 0 0 255 255 0 0 255 58 37 0 255 255 255 0 255 255 255
    0 255 0 149 0 249 0 255 0 255 0 89 0 255 207 255 0 0 255 255 255 255
    255 0 255 0 255 255 255 255 0 255 74 0 0 0 153 255 155 255 0 255 0
    117 0 255 0 0 255 255 255 0 0 255 179 0 255 0 255 255 255 255 0 255
    0 0 255 255 0 0 255 0 135 0 255 0 255 63 255 255 35 255 0 255 0 0
    255 0 255 255 255 5 213 255 255 255 93 56 47 0 255 255 0 0 255 255
    255 0 0 0 255 0 0 0 0 255 0 255 255 255 255 255 0 0 0 76 255 69 153
    248 0 20 0 0 0 255 0 255 0 0 0 255 235 0 89 255 255 255 232 63 0 255
    0 160 0 0 255 255 64 92 255 0 255 0 0 255 255 209 0 255 0 219 0 255
    255 255 0 255 255 0 0 0 255 255 0 255 0 255 255 218 253 255 0 0 255
    0 255 0 255 0 255 0 255 0 0 0 255 0 255 0 12 0 74 255 255 0 0 255
    106 0 0 255 123 255 0 45 0 255 0 255 255 0 0 255 98 0 23 255 0 255
    53 0 0 255 255 110 81 255 0 175 70 255 0 216 0 255 0 255 255 0 0 255
    255 255 0 0 255 0 255 255 255 0 0 232 255 255 0 0 139 255 61 226 0
    31 255 255 35 0 255 255 67 81 0 255 255 0 255 255 0 75 0 255 0 227
    255 0 0 0 255 255 0 0 255 255 255 0 50 0 239 0 255 38 255 255 200
    255 255 255 0 0 156 2 255 0 255 255 5 209 255 0 52 0 42 0 255 255
    255 0 255 65 255 0 0 0 255 208 255 0 36 0 0 128 255 255 0 47 255 255
    255 165 0 255 0 0 0 255 113 218 17 213 212 255 128 98 0 0 0 245 255
    255 0 0 109 255 170 38 255 0 175 255 255 0 0 255 230 177 189 0 255 0
    255 0 0 0 255 20 0 255 33 0 0 255 0 255 255 0 0 0 255 42 161 0 0 123
    9 80 255 0 255 0 255 0 0 255 0 0 0 255 123 0 255 0 255 242 255 0 255
    0 255 27 0 0 255 11 27 0 107 0 0 255 255 0 0 255 255 207 0 0 255 0
    255 255 255 144 0 255 199 0 0 255 255 0 104 255 221 255 0 0 0 251
    255 0 255 255 0 219 0 0 255 0 0 0 255 0 81 0 255 255 145 216 0 255
    199 0 255 179 0 255 70 255 255 255 0 0 255 91 255 0 255 0 93 0 255
    255 255 60 255 0 255 0 26 0 217 0 233 255 0 0 0 255 255 0 102 255
    141 255 255 0 191 0 14 0 255 0 255 255 0 0 255 255 255 255 108 0 0
    255 0 255 90 255 211 0 0 218 255 188 0 0 255 135 0 0 255 0 255 0 103
    255 255 0 255 0 3 0 255 0 0 64 255 187 255 247 0 33 255 255 255 0
    255 255 255 13 0 0 0 190 255 0 255 0 255 110 177 255 0 255 0 255 113
    255 0 255 0 45 255 255 255 255 132 0 255 0 255 255 255 255 0 0 122
    255 255 255 0 228 255 255 255 0 0 0 255 255 194 255 154 255 255 0 0
    0 255 0 0 255 0 255 0 255 255 0 255 0 31 0 51 0 255 174 255 0 216
    255 255 93 0 0 0 172 255 245 255 255 255 0 0 0 0 0 255 255 168 0 255
    0 0 255 45 255 0 255 255 186 255 0 199 196 255 0 255 145 255 255 255
    91 0 255 255 255 0 224 0 0 0 131 166 255 0 0 255 36 255 0 132 107
    255 255 255 0 0 255 255 255 222 0 237 255 145 255 0 0 0 129 0 0 255
    255 157 0 255 0 0 255 255 255 255 0 0 0 255 255 255 233 0 255 255
    255 0 255 0 255 255 0 0 255 0 0 0 81 255 0 255 255 0 69 0 255 255
    255 0 255 255 0 0 255 255 0 0 0 255 0 243 0 55 255 0 255 161 27 0 0
    0 0 0 248 42 17 255 255 24 0 255 0 255 0 255 255 255 255 0 255 0 255
    255 255 251 0 119 0 52 0 196 255 0 255 0 255 141 255 255 199 255 0
    255 35 255 0 0 0 255 34 255 255 255 0 0 0 255 0 255 0 255 0 255 255
    0 255 255 2 0 255 0 255 149 89 213 255 0 0 97 127 135 55 0 255 255 0
    0 0 255 255 117 0 255 0 255 125 57 255 0 0 0 255 0 255 0 188 0 255 0
    113 0 255 62 255 0 255 255 255 0 255 146 255 255 255 255 0 4 0 77 0
    255 0 189 0 255 103 0 255 0 255 0 200 0 255 255 255 0 226 0 255 255
    0 0 0 255 131 255 255 0 0 255 84 0 0 255 0 0 0 255 0 255 0 255 0 255
    0 0 0 0 86 255 255 0 0 240 255 255 0 255 255 255 0 0 0 255 255 0 0
    254 0 0 0 0 255 255 60 250 0 255 0 255 0 0 255 206 160 0 0 246 255 0
    0 0 255 255 255 116 145 0 0 0 246 0 0 255 255 255 196 0 0 255 102
    255 0 255 0 255 255 255 255 255 0 70 0 0 255 255 0 0 0 255 255 255 0
    0 158 255 203 255 94 0 0 255 255 232 0 0 255 0 0 133 255 255 100 0
    60 84 255 3 0 255 255 255 255 255 0 0 133 255 255 0 0 165 255 0 255
    204 0 0 255 255 255 0 0 0 255 0 255 0 0 255 255 0 255 0 255 255 255
    0 0 255 255 54 0 0 255 108 0 255 255 255 255 255 74 0 179 0 0 0 255
    255 0 239 255 255 0 0 255 255 255 0 0 7 255 94 0 0 255 163 255 255 0
    255 0 0 255 35 255 255 0 255 0 255 255 255 0 255 255 180 0 0 56 255
    0 0 255 0 255 255 255 255 144 255 0 255 0 255 255 94 255 255 0 255 0
    0 0 0 255 56 255 0 255 0 255 0 0 231 37 255 0 213 255 0 0 0 0 255
    237 0 0 234 0 88 113 255 0 0 181 255 255 255 0 0 255 0 255 0 0 0 255
    255 255 0 0 255 255 255 0 0 255 255 0 0 0 89 255 255 107 255 255 255
    0 255 0 255 0 255 0 255 42 0 0 0 162 179 255 0 255 22 255 255 252 0
    0 0 0 255 0 255 0 255 0 190 255 255 0 255 255 255 14 255 255 255 0
    255 0 0 0 156 255 255 255 0 255 0 255 0 255 255 255 255 0 0 0 0 85 6
    150 72 0 249 226 255 0 255 0 255 0 0 255 255 168 0 0 0 255 255 255 0
    188 0 0 0 255 109 255 0 0 0 0 29 255 225 0 0 174 255 255 255 0 0 0
    255 124 0 0 194 59 255 0 0 0 32 7 255 210 0 255 0 255 0 255 0 255 0
    45 0 0 253 12 0 0 89 167 255 0 0 255 255 0 0 0 0 255 0 255 0 255 0
    250 0 0 255 0 255 173 255 178 0 255 0 255 203 255 0 68 63 127 255 0
    0 0 255 195 0 0 105 167 255 0 255 255 0 0 0 255 0 0 0 255 33 202 0
    255 0 0 0 0 20 255 0 128 3 0 0 0 255 255 255 0 255 0 255 236 140 0
    255 84 107 0 0 0 255 255 255 255 0 212 0 255 0 255 0 255 255 0 133
    255 0 255 255 255 0 172 255 255 255 255 140 0 255 255 166 255 0 255
    255 255 0 238 221 255 255 0 0 0 144 0 255 0 255 0 255 0 255 0 0 0
    255 255 255 0 248 0 255 255 255 255 0 0 255 255 255 0 0 0 230 187
    255 255 9 255 92 0 6 255 0 255 88 133 0 208 137 0 0 132 255 255 0 74
    255 0 255 187 0 255 0 0 0 255 0 0 255 255 87 255 0 255 0 255 255 0
    255 0 255 255 255 255 255 171 255 255 119 0 235 255 255 255 71 255
    255 255 0 255 0 255 0 194 255 255 0 0 45 71 154 0 255 255 255 0 0
    255 73 0 0 0 255 1 255 0 0 0 255 255 255 0 0 57 255 255 149 0 255
    195 255 255 0 255 0 255 0 255 255 52 255 0 255 0 255 0 63 0 200 49
    255 0 255 0 255 44 0 238 255 255 0 0 0 0 0 255 255 255 0 255 0 0 0 0
    158 0 255 255 255 56 255 255 255 0 0 0 255 255 129 0 255 255 255 0
    255 0 0 255 0 0 0 255 255 0 255 188 255 116 130 0 0 255 0 0 0 45 255
    0 74 255 218 255 41 0 255 255 92 22 249 255 255 0 0 0 147 0 255 0
    255 0 198 211 240 255 255 0 0 14 0 248 0 121 0 0 0 255 233 0 255 0
    255 0 255 255 255 0 255 0 0 147 0 238 255 255 202 255 0 0 0 0 255 22
    174 62 0 211 0 0 255 135 255 0 0 0 0 255 255 255 197 255 54 189 255
    211 0 0 255 0 255 0 255 255 0 0 0 255 230 255 0 0 0 79 255 255 0 0
    255 81 255 255 255 2 222 255 255 0 255 0 255 0 255 0 130 0 0 255 0
    255 0 255 146 255 207 0 0 0 255 58 255 241 255 255 0 0 255 255 255
    192 0 44 0 255 255 255 0 2 255 255 6 0 0 255 255 255 0 0 255 255 255
    131 0 0 0 255 0 0 0 255 255 255 0 0 0 0 0 135 255 0 255 255 255 255
    255 255 0 255 255 0 255 255 180 255 248 0 255 0 255 0 255 0 255 0
    255 0 255 255 255 0 193 255 255 255 255 181 139 134 255 0 0 255 255
    255 255 255 0 0 255 160 255 0 0 255 255 255 93 3 0 0 255 0 255 0 255
    255 255 0 0 0 255 0 0 0 255 255 0 42 192 0 255 144 0 0 0 0 255 245 0
    255 234 94 255 0 170 255 120 255 0 255 117 255 0 255 0 255 0 0 78 99
    255 22 0 255 32 255 0 255 0 108 0 132 255 0 7 0 255 113 255 0 0 56
    27 255 0 0 148 255 255 0 255 255 115 49 0 172 0 255 150 238 0 130
    255 0 255 0 0 0 218 0 255 160 255 255 0 0 0 142 255 255 0 255 0 255
    0 255 255 255 255 0 255 0 255 0 157 0 255 171 255 0 255 230 0 214 62
    255 255 0 0 7 24 255 64 130 0 0 242 210 255 0 0 0 10 255 0 255 191
    255 207 255 255 52 91 21 255 255 255 37 255 0 0 0 255 247 0 0 0 255
    0 255 0 125 255 255 0 255 0 0 0 255 255 255 0 255 255 255 255 0 0
    241 0 255 178 0 129 255 255 0 255 0 255 0 255 255 70 255 255 0 0 0
    255 0 0 255 0 0 0 255 0 255 0 255 0 0 255 255 255 195 0 0 255 255
    246 255 0 255 0 0 0 112 255 146 255 0 255 0 255 126 255 0 255 255 0
    0 167 0 224 0 94 0 255 0 170 67 0 255 77 157 255 255 255 0 133 255
    255 0 0 0 0 0 255 255 255 255 255 255 255 0 0 255 0 0 255 255 255 0
    0 0 0 255 0 112 160 51 82 74 0 126 246 207 0 152 255 147 0 0 255 255
    255 255 255 145 255 0 228 0 255 1 255 0 255 0 255 0 125 0 255 255 0
    0 0 99 255 255 255 0 215 255 255 243 0 0 255 137 0 0 0 255 255 22 0
    255 0 65 66 255 116 159 191 0 255 0 255 90 145 0 0 0 255 255 255 0 0
    0 0 0 51 255 255 232 0 255 255 255 0 195 135 0 255 209 255 0 0 0 255
    255 255 255 0 0 0 255 255 182 0 143 0 2 0 255 255 255 13 0 0 0 255
    220 127 0 255 123 0 255 84 255 80 56 0 0 0 255 255 170 0 0 25 255
    255 255 255 0 0 255 255 255 0 0 0 240 255 255 255 0 0 166 0 255 0 0
    255 255 255 255 255 255 255 0 198 223 0 0 56 0 255 0 255 0 255 0 0 0
    111 255 0 0 0 0 255 255 163 0 255 255 255 0 0 0 235 0 255 0 255 255
    255 0 255 0 255 0 0 255 0 255 255 255 0 0 0 255 255 255 115 0 0 255
    255 251 0 255 255 95 255 0 247 0 255 62 0 0 0 255 255 0 255 255 255
    0 0 255 255 255 0 171 255 0 255 255 255 66 255 0 255 0 255 0 255 255
    0 0 255 0 255 0 255 0 255 255 0 0 255 0 0 255 255 255 0 181 255 58 0
    0 255 255 0 255 0 0 255 234 86 255 0 138 255 255 0 0 10 0 36 0 255 0
    255 0 112 0 255 150 254 87 255 255 255 255 255 0 0 0 0 0 255 255 170
    255 0 0 0 255 255 255 0 0 255 255 255 0 0 255 255 29 0 0 255 190 0 0
    255 255 0 0 0 255 255 255 0 0 255 255 0 255 255 0 255 0 255 0 255 0
    255 255 255 255 164 0 255 255 255 0 0 0 255 0 255 233 37 255 0 63
    255 255 255 0 0 255 0 255 201 255 0 255 0 255 255 0 0 0 201 0 255
    255 0 0 0 0 0 255 0 255 0 0 0 0 255 255 255 0 0 0 255 0 0 0 255 255
    135 255 220 255 0 96 24 0 255 255 121 255 255 255 0 0 0 255 255 0
    213 255 186 0 71 255 255 148 0 0 255 0 0 255 145 239 0 251 255 81
    255 0 0 255 255 255 255 0 255 208 255 0 117 255 255 0 255 0 255 0 0
    255 0 255 255 255 0 0 0 6 255 0 255 0 255 0 255 0 0 0 0 255 0 31 82
    255 255 255 255 255 0 0 0 255 0 136 0 0 255 255 102 0 0 255 255 159
    179 255 0 247 0 0 188 0 214 106 255 0 0 78 0 255 255 255 0 0 0 255 0
    0 0 255 137 241 182 0 212 21 255 0 0 145 255 0 255 86 114 143 60 255
    255 255 255 0 0 0 255 0 0 0 255 0 0 0 255 0 0 0 0 151 0 255 255 255
    0 0 255 0 0 0 255 72 0 0 0 255 255 26 0 56 255 0 255 255 255 0 0 255
    0 255 255 255 255 17 135 0 0 0 255 0 255 255 0 255 0 0 255 0 0 48
    255 255 0 252 0 73 172 255 32 0 255 255 136 0 0 0 255 0 55 0 255 255
    152 40 255 71 183 181 255 0 255 0 156 39 255 0 255 0 83 0 255 255 0
    255 0 0 0 255 255 0 84 255 0 255 0 89 255 0 255 147 255 0 0 237 255
    255 135 255 255 255 255 0 0 154 148 246 0 0 0 251 255 255 255 0 0 0
    0 255 0 144 255 238 255 0 0 255 172 255 255 0 255 85 0 255 0 211 255
    0 0 0 3 255 255 0 0 0 255 205 0 0 145 255 255 0 0 0 255 231 65 0 255
    255 0 0 149 29 255 255 0 0 69 73 255 199 255 0 255 44 0 60 0 255 2 0
    0 255 255 0 255 0 0 0 255 255 0 0 255 255 0 0 150 255 0 227 0 49 0 0
    255 255 255 0 0 0 0 0 255 184 49 255 0 255 0 172 77 255 255 48 0 0
    255 88 255 255 0 0 0 0 245 174 255 71 255 0 0 0 255 229 0 160 255
    255 73 0 0 0 255 255 255 205 0 201 255 255 255 0 255 0 212 0 107 0
    255 255 255 0 186 0 255 0 0 182 171 255 242 182 0 0 0 255 255 255 0
    0 255 0 84 180 255 255 0 0 195 255 0 255 0 255 0 84 255 0 0 255 255
    255 0 255 255 255 255 0 0 0 0 12 255 255 172 216 255 255 0 0 0 133
    255 9 255 255 215 0 255 0 255 238 0 0 255 255 255 0 89 0 0 255 111
    255 0 0 0 43 0 255 0 255 255 255 255 101 71 255 0 23 0 0 0 0 0 255
    110 0 0 0 255 0 255 255 198 0 0 0 255 255 255 0 255 0 0 205 255 255
    255 0 109 4 251 193 0 0 0 255 255 0 255 34 255 73 255 255 0 54 255
    255 209 0 255 0 250 0 0 0 255 255 255 0 0 1 255 182 0 0 214 255 0
    255 0 160 0 124 10 222 0 255 68 255 0 255 0 13 0 255 103 0 255 255
    255 255 255 142 113 0 98 0 4 171 238 0 0 214 255 92 255 255 60 255
    255 141 0 32 255 0 255 65 255 179 255 205 255 0 0 36 255 0 255 255 0
    0 0 255 239 255 0 0 174 230 254 255 0 0 0 255 255 255 0 135 0 255 0
    0 0 200 255 255 48 0 255 0 0 0 255 255 255 50 255 0 0 157 255 255 0
    255 255 0 170 0 255 111 255 0 255 0 0 246 255 0 0 255 0 255 229 255
    255 36 0 15 0 246 0 255 255 255 0 255 0 2 0 255 255 0 0 0 255 12 0 0
    0 255 0 0 255 0 255 0 0 0 255 255 0 255 0 97 0 255 255 0 255 109 0 0
    0 238 0 255 0 255 0 0 111 110 255 0 0 0 255 0 232 0 0 154 0 0 255 0
    129 0 0 255 255 255 0 0 255 255 255 255 255 0 0 255 163 255 255 255
    0 0 0 255 0 69 255 255 0 0 0 255 255 0 0 255 220 227 0 255 0 255 0
    255 255 255 255 0 210 255 255 135 255 183 120 212 233 0 0 0 101 0
    255 255 255 0 0 0 255 255 127 25 0 255 26 255 224 93 0 152 95 255 56
    255 0 255 0 255 169 0 0 255 106 255 0 255 0 255 0 255 152 155 246
    255 0 255 0 23 33 178 0 255 0 255 192 255 0 255 255 0 0 255 255 0 0
    106 0 0 0 255 255 255 255 152 255 0 0 255 255 255 0 0 255 0 0 234 0
    136 0 255 0 255 0 255 0 255 0 255 255 255 255 0 0 255 176 255 255
    255 255 255 0 255 123 255 0 255 255 0 171 0 255 0 0 255 255 255 98 0
    0 83 0 0 0 255 0 0 255 0 8 0 215 0 152 255 255 127 225 145 255 255 0
    0 7 194 255 0 0 255 0 0 212 0 208 0 0 255 255 0 107 183 255 255 99 0
    48 255 255 0 103 0 73 0 255 255 255 255 255 158 255 0 255 0 255 176
    0 58 255 255 0 0 0 255 255 84 255 255 255 255 255 0 140 0 0 255 117
    0 255 148 255 0 227 0 255 0 0 0 255 111 255 255 255 0 0 0 0 255 255
    255 212 0 255 222 255 0 255 0 0 255 255 0 255 255 0 255 255 193 135
    0 0 0 0 158 255 255 255 0 0 23 255 0 0 0 255 0 217 0 0 0 255 238 255
    0 30 194 255 255 182 79 0 0 0 0 255 255 255 255 0 0 0 255 255 255 0
    0 0 184 255 255 221 255 0 255 52 255 141 255 71 255 255 127 0 0 50
    198 255 0 85 0 255 122 197 0 255 0 0 0 255 255 0 49 177 255 0 255
    255 255 59 255 0 255 79 255 0 110 88 132 255 0 0 244 255 0 0 255 255
    109 255 255 0 255 219 87 0 0 0 0 255 0 0 255 255 0 255 5 255 7 5 255
    148 0 156 129 35 49 255 221 255 255 0 255 0 0 255 0 0 255 0 255 0
    255 0 255 0 231 255 255 0 255 255 0 255 255 255 0 0 0 255 0 0 73 22
    255 0 255 0 255 0 255 0 255 23 0 29 255 255 0 255 0 255 145 255 127
    8 255 28 255 0 0 0 255 94 226 0 255 0 255 0 255 110 255 0 0 34 255 0
    0 0 255 255 119 0 255 255 0 255 176 125 139 255 255 0 179 255 255 0
    0 0 0 255 0 255 255 0 0 255 255 42 0 255 0 0 0 0 0 255 255 0 250 0
    38 255 255 255 0 255 255 255 255 0 0 0 255 0 0 0 255 255 201 156 255
    255 0 255 0 255 0 0 0 0 255 255 255 255 0 0 255 0 255 0 255 0 0 0
    255 255 255 0 0 0 255 255 232 255 247 0 0 0 0 5 95 255 144 255 255
    255 0 0 0 0 131 0 255 0 255 36 0 255 0 255 183 0 255 0 255 0 255 255
    234 0 255 0 80 255 61 0 0 0 255 255 0 255 255 209 0 0 78 2 0 255 255
    255 0 255 255 255 227 0 255 181 255 255 147 0 0 135 0 255 0 255 0 0
    0 255 255 0 255 0 255 107 0 0 255 255 246 0 255 172 255 0 255 221
    255 0 247 0 255 255 237 255 0 255 255 255 255 51 0 255 96 132 0 255
    255 255 255 0 255 255 255 0 255 0 165 255 55 191 0 0 158 255 255 255
    255 0 0 100 0 255 82 0 0 0 255 206 43 255 193 0 243 0 255 11 255 255
    255 0 0 83 0 83 20 0 255 0 0 255 255 255 0 0 89 0 255 0 0 255 255
    255 0 255 0 171 255 255 255 0 255 0 255 0 191 0 0 0 255 255 255 255
    0 0 0 125 0 255 255 0 212 255 255 57 0 255 182 0 252 0 119 255 255
    255 255 255 227 255 0 252 0 255 0 0 255 59 95 255 0 255 0 255 0 255
    0 255 0 0 255 255 0 255 0 255 0 0 255 255 255 255 0 0 158 0 230 0 0
    0 255 255 0 0 0 0 255 108 255 0 0 255 255 0 117 0 0 0 0 255 0 0 0
    255 255 165 0 255 255 255 44 116 0 0 0 255 255 59 0 0 0 65 255 255 0
    255 0 255 0 0 255 92 0 255 255 0 0 0 255 255 255 120 255 0 0 0 255
    255 253 0 0 255 0 92 0 255 255 0 216 0 255 102 255 0 255 0 255 137
    255 0 255 121 255 0 50 0 0 107 255 0 0 255 255 0 255 0 160 255 0 0 0
    255 255 46 0 0 255 227 0 0 255 145 0 0 255 255 255 24 255 0 255 0 0
    0 255 0 255 255 0 0 134 255 0 0 255 255 255 255 0 51 0 255 0 255 0
    255 0 255 255 0 0 0 255 0 255 0 255 0 255 0 255 255 0 0 244 255 196
    255 255 255 115 0 255 255 70 0 0 86 8 255 255 255 0 0 41 255 255 255
    255 0 255 255 0 255 0 0 255 255 148 0 255 255 0 255 0 161 209 255 0
    255 75 255 255 0 0 81 0 255 0 255 102 0 0 37 255 0 0 255 255 255 52
    64 255 0 255 10 255 0 255 255 255 0 255 0 255 0 45 0 255 185 255 0 0
    0 255 255 0 19 255 166 0 0 0 255 255 0 0 0 126 255 0 0 0 255 255 0
    255 0 0 54 0 255 0 255 0 255 255 132 0 255 255 205 255 0 0 0 255 255
    0 220 0 255 0 0 103 255 209 255 255 0 0 255 255 0 0 107 255 255 255
    255 0 0 255 255 0 255 0 255 0 0 158 255 255 255 255 0 255 0 0 40 234
    255 137 255 0 25 112 255 255 0 235 255 255 255 0 0 255 0 255 0 255
    255 0 0 0 255 193 255 0 51 255 255 255 205 0 255 0 115 255 255 0 101
    150 14 0 207 0 255 0 255 166 255 0 255 0 255 0 0 255 0 26 0 0 39 0
    255 255 0 0 255 0 0 0 255 255 255 0 0 239 0 255 36 166 255 117 255
    255 255 87 255 0 185 255 144 0 0 0 114 255 0 25 0 255 104 255 76 0
    129 170 255 199 7 0 119 196 255 0 255 206 255 255 0 226 255 0 193 0
    255 0 255 0 0 0 235 255 92 0 42 0 255 255 255 0 0 0 0 255 255 0 255
    255 255 255 255 255 0 0 0 255 255 255 255 255 255 255 255 132 0 255
    170 255 215 255 0 0 255 255 255 94 255 42 0 43 12 0 0 0 0 0 255 0
    255 255 0 255 0 0 37 0 0 73 255 0 0 0 255 255 0 0 0 0 255 255 0 113
    40 255 0 255 0 255 255 0 255 255 230 159 0 0 255 255 185 0 0 255 0 0
    0 85 255 233 255 0 0 0 0 0 255 0 255 255 0 0 0 255 255 255 0 215 224
    255 0 255 0 0 0 0 0 0 115 255 255 39 255 0 255 0 255 14 0 0 226 255
    0 0 255 255 71 255 0 255 0 255 255 98 41 0 0 0 255 0 255 255 255 255
    255 255 0 0 0 0 255 255 255 255 156 37 178 83 75 0 245 0 152 0 255 0
    255 0 255 0 141 255 255 106 0 0 255 0 0 0 255 0 72 255 255 109 0 255
    156 255 157 255 255 0 0 0 255 255 255 0 255 255 217 80 0 255 0 255
    255 248 0 124 255 18 0 0 0 255 65 255 255 255 255 35 0 28 0 0 255
    255 0 255 0 255 0 255 0 0 0 255 255 255 255 0 50 0 255 0 255 0 255
    122 89 248 255 0 0 255 0 255 255 255 255 255 255 0 0 205 255 0 217 0
    255 0 99 255 247 255 0 36 0 255 0 255 0 0 0 0 143 43 216 0 255 241 0
    0 255 255 255 0 0 255 255 76 0 0 255 163 0 255 31 255 255 101 255 0
    0 0 0 255 35 255 255 0 130 255 255 255 138 255 255 0 114 0 255 0 0
    255 0 0 255 255 255 0 255 0 216 0 255 0 255 255 255 255 7 0 255 182
    0 0 255 255 255 255 255 0 0 135 79 255 0 255 0 255 255 255 0 255 255
    0 0 0 255 225 47 0 255 255 255 255 234 0 13 255 0 81 0 0 0 255 255 0
    255 0 255 255 62 46 0 0 0 255 156 255 0 0 0 255 0 255 255 255 0 0
    195 0 255 255 0 255 246 0 35 200 49 255 255 92 0 255 0 255 79 0 0 74
    0 0 255 0 255 255 0 255 0 108 255 0 177 0 0 255 110 0 0 0 255 0 255
    129 0 255 255 255 0 255 255 255 0 0 255 255 255 131 255 0 0 0 195
    255 0 0 0 255 18 255 255 0 255 0 255 208 255 0 255 0 255 0 150 0 255
    0 255 255 255 255 0 255 0 255 255 0 0 255 255 0 255 255 255 112 0
    255 0 0 255 255 96 0 0 255 255 0 42 255 239 255 0 255 0 255 0 0 0
    255 125 255 181 0 60 222 0 255 255 255 255 108 82 255 0 112 40 0 37
    255 255 0 110 0 0 255 255 255 0 255 0 10 0 255 255 0 255 188 255 0
    255 0 255 0 196 0 0 0 255 108 255 255 117 0 0 0 255 201 255 255 255
    0 243 0 255 0 87 255 255 99 255 79 0 0 255 255 255 255 0 0 0 255 32
    255 0 255 0 255 0 255 255 0 0 60 0 0 254 0 0 165 255 255 0 255 255
    33 0 0 0 0 255 255 255 0 0 0 255 0 255 0 255 255 255 0 0 255 255 158
    255 255 0 0 255 255 0 255 0 255 0 255 255 255 0 0 255 255 255 255 0
    255 255 0 0 0 255 255 255 38 57 255 207 17 255 45 0 175 255 255 0 0
    0 255 0 84 0 0 255 255 255 0 0 0 237 255 255 100 0 234 255 255 209
    255 0 0 28 47 255 2 171 255 0 255 0 0 80 15 255 255 0 0 255 255 0 0
    26 255 255 255 5 0 162 255 0 0 0 0 255 255 0 255 0 255 0 255 10 133
    0 77 255 30 255 0 0 0 0 0 0 36 255 0 255 255 0 68 0 255 0 255 0 0
    255 255 155 0 10 255 0 255 255 206 0 172 255 250 255 0 0 0 255 255
    255 142 0 0 255 170 185 92 2 255 255 255 0 0 0 255 255 255 255 255
    30 178 190 0 255 255 255 0 0 0 255 34 0 0 0 53 255 255 75 0 0 0 0 84
    255 255 0 255 0 255 255 30 0 0 91 255 255 255 82 255 26 176 0 255 0
    255 0 255 255 0 0 255 255 126 43 255 0 0 13 0 255 255 54 255 255 171
    0 0 0 255 255 0 255 255 0 0 0 255 217 189 0 0 255 255 255 255 0 255
    0 255 0 255 135 147 255 0 255 255 0 0 255 37 255 179 0 0 0 255 0 0
    255 211 255 255 0 244 0 255 244 255 255 255 0 0 255 0 0 0 255 255 0
    12 32 255 0 12 0 0 179 255 203 0 170 0 255 255 255 70 255 56 50 0
    255 255 0 255 0 255 238 255 255 0 0 0 0 255 0 0 0 255 255 0 26 0 148
    255 0 0 0 0 50 255 0 0 0 255 255 255 0 0 255 181 255 255 107 0 0 227
    255 255 255 255 0 0 58 255 0 255 0 255 0 255 255 0 0 194 255 61 99
    255 255 255 0 208 0 202 0 76 0 255 255 255 255 0 255 193 255 0 0 0 0
    0 233 0 255 0 224 0 255 255 0 0 0 133 255 0 0 255 0 255 0 255 0 255
    255 255 0 0 249 0 143 60 255 255 255 0 190 0 255 255 131 255 0 255
    75 255 255 0 0 0 188 173 255 255 0 0 2 0 0 0 198 181 255 0 0 255 255
    255 0 0 226 255 255 198 255 18 0 255 255 0 255 255 153 0 0 255 83
    232 0 0 0 178 255 255 15 0 255 235 255 0 0 0 0 0 0 255 255 136 255 0
    0 255 255 85 0 0 255 255 255 79 0 255 0 0 6 0 0 255 255 255 0 255
    255 170 0 0 0 255 0 9 0 255 0 255 0 1 0 0 255 0 0 0 255 255 0 0 0
    112 0 37 255 255 192 255 67 255 255 255 255 0 0 0 0 0 0 255 68 255 0
    255 0 255 255 255 0 0 0 255 102 255 0 255 0 202 0 0 255 0 253 37 0
    129 0 255 255 255 139 154 132 255 0 0 255 255 255 3 120 90 0 42 255
    255 255 0 63 119 89 8 0 255 0 255 0 0 255 255 255 0 0 255 0 255 0
    255 0 255 255 255 255 255 255 255 181 0 0 0 0 0 255 0 255 0 200 255
    215 239 0 255 255 255 0 0 0 255 255 37 0 0 255 0 148 0 7 255 0 255 0
    0 0 255 63 0 0 147 255 0 255 0 87 0 0 255 255 255 255 0 0 255 254
    197 0 0 255 0 255 255 255 255 28 255 244 0 255 0 141 0 255 0 255 171
    255 0 0 255 255 255 0 50 0 213 0 255 255 0 0 235 11 0 69 0 0 255 255
    255 0 0 0 0 0 255 255 0 0 0 233 0 255 255 138 118 0 255 0 0 0 0 0
    142 43 255 255 162 0 0 0 255 255 170 84 0 0 0 255 0 231 224 255 255
    255 255 0 255 255 255 0 0 0 0 255 255 197 255 0 129 255 0 255 255
    255 0 193 0 0 46 0 0 255 0 32 0 102 255 90 255 0 206 207 230 0 255
    255 255 0 255 255 255 0 0 118 0 38 0 255 255 255 0 0 255 154 255 0 0
    187 255 157 0 0 236 224 255 255 179 255 255 176 0 255 0 255 0 255
    255 255 0 103 0 255 255 255 255 38 255 255 255 255 0 0 0 255 255 0 0
    0 255 255 0 0 0 255 0 105 0 0 148 255 0 255 0 0 124 161 0 255 137
    216 0 0 0 255 255 255 255 0 0 174 255 191 255 48 0 255 255 225 0 0 0
    178 255 116 0 255 255 0 255 0 255 0 0 32 255 255 0 255 0 174 0 255
    76 0 0 255 255 255 0 0 255 0 255 126 0 255 255 255 98 93 0 0 255 255
    0 210 189 0 0 0 231 93 230 0 255 0 0 255 255 255 0 0 0 0 255 0 0 0
    230 255 105 77 0 255 0 255 34 68 255 254 221 255 133 255 0 0 0 255
    255 0 0 0 0 211 0 0 0 255 0 255 0 33 0 255 255 0 109 0 255 0 255 0 0
    228 255 0 161 0 255 255 255 0 255 0 255 0 255 255 0 0 0 201 255 0
    255 255 41 0 69 255 255 255 0 0 93 255 53 189 255 255 255 0 10 0 255
    0 255 104 244 255 164 0 0 181 255 255 0 0 255 255 0 255 255 0 0 232
    255 108 0 255 255 100 0 0 0 255 255 255 255 255 255 0 236 88 190 255
    222 255 121 0 144 0 0 214 0 255 210 10 255 255 54 0 255 255 136 114
    0 255 0 255 255 255 210 45 0 255 255 255 0 255 255 0 0 0 255 255 255
    0 255 196 0 255 0 255 162 255 0 24 255 255 255 0 255 53 119 0 0 0
    255 255 255 255 0 0 0 138 15 115 0 187 23 255 0 131 0 0 189 255 188
    0 255 255 255 0 78 255 255 0 0 0 255 255 0 255 255 0 0 0 255 255 0
    235 0 255 0 255 0 255 0 73 0 0 255 255 255 0 61 255 255 0 220 235
    255 255 255 0 76 255 255 255 0 0 255 255 0 0 0 255 0 95 255 213 0 0
    255 255 255 13 0 255 255 255 228 0 0 0 255 0 255 0 255 80 0 77 0 255
    189 167 0 0 255 0 255 0 0 0 255 221 255 0 255 115 255 189 255 0 0
    204 0 255 255 0 255 0 29 0 0 255 187 255 0 255 0 0 0 25 255 255 255
    0 0 0 182 172 255 0 255 255 255 148 0 255 255 255 102 255 0 0 150 44
    255 255 0 157 235 0 161 0 255 0 255 97 75 0 0 0 0 255 72 255 255 255
    255 255 0 0 0 0 255 189 255 255 0 0 0 255 0 255 0 112 0 181 0 76 0 0
    0 0 255 255 255 0 0 32 255 222 0 255 255 255 0 0 0 255 138 114 255 0
    0 0 255 255 141 255 0 255 0 255 253 255 255 0 73 255 0 255 0 0 255
    255 255 0 255 255 0 0 255 0 255 0 0 255 255 0 255 0 255 13 11 255
    255 255 255 143 2 0 0 255 255 255 255 255 0 0 0 255 0 255 98 0 0 255
    188 19 112 0 255 255 252 255 255 71 0 146 255 255 255 255 0 0 255
    255 0 0 255 255 4 255 255 0 0 255 255 103 10 0 255 255 0 0 11 255
    255 255 0 255 34 0 0 0 255 255 0 206 0 205 24 255 51 0 0 255 57 0 90
    255 255 0 255 146 255 0 255 0 0 181 255 0 255 66 0 186 0 0 255 255 0
    0 255 255 254 0 255 255 0 0 0 0 0 150 0 0 0 0 0 179 84 0 255 255 156
    139 200 255 255 150 0 0 255 255 255 0 255 86 0 196 0 226 47 0 255 0
    255 0 255 0 255 0 255 0 255 0 0 0 5 43 255 0 255 0 0 0 255 153 255 0
    0 0 0 255 170 255 255 255 255 0 255 255 255 58 0 0 0 255 255 255 0 0
    255 255 0 0 0 255 255 255 0 255 233 255 0 0 0 0 255 55 255 0 168 0
    115 255 255 0 0 255 255 255 255 0 0 0 255 0 0 213 0 255 74 0 255 0 0
    255 0 0 169 255 0 0 255 0 0 255 132 0 85 255 0 0 0 255 255 255 0 0 0
    132 88 255 168 0 255 255 89 255 0 255 0 209 36 255 255 255 0 255 0 0
    255 0 255 42 130 0 203 182 255 255 0 0 121 0 0 38 255 0 174 255 241
    0 0 0 255 255 255 0 0 217 0 0 83 23 255 0 255 255 255 183 255 0 87
    255 255 255 0 0 180 255 255 0 0 255 0 255 244 255 0 209 0 0 255 255
    255 255 0 114 0 23 255 255 148 255 122 255 0 0 255 255 255 235 0 255
    255 255 255 0 0 168 235 250 187 255 0 203 0 0 255 255 174 255 0 255
    31 225 255 219 0 142 255 255 255 0 255 0 0 255 255 0 244 255 255 0
    236 0 255 0 255 68 2 0 0 116 193 0 255 255 255 255 0 0 227 255 0 248
    0 234 255 0 0 0 0 0 255 255 232 255 255 176 255 92 255 0 0 0 0 43 0
    75 255 255 255 240 0 198 0 255 0 0 255 3 255 255 70 0 0 1 255 255
    135 255 0 255 0 255 255 255 0 0 6 0 255 255 255 255 255 0 0 0 255
    144 255 255 0 255 255 0 0 25 58 0 255 198 255 0 0 11 255 255 0 27 23
    255 255 217 255 255 0 0 182 255 255 0 0 111 255 202 255 181 255 8 0
    0 0 255 255 64 255 0 18 0 255 130 168 255 6 0 16 255 255 255 255 102
    195 0 217 0 255 0 0 0 255 0 255 0 255 205 255 0 0 0 255 0 255 255
    157 190 0 191 255 0 255 23 255 127 0 255 0 0 0 0 0 255 255 255 0 0 0
    0 0 223 0 0 4 0 255 0 255 0 255 255 68 0 0 63 255 255 0 0 0 0 0 255
    255 255 255 0 6 0 255 0 255 255 137 45 23 255 0 159 255 0 42 255 0
    251 0 82 255 0 0 0 255 255 255 255 255 0 0 0 0 255 0 255 255 255 238
    0 0 0 255 0 0 0 236 255 255 255 0 0 0 0 0 0 0 0 255 0 255 255 255
    255 255 0 255 0 255 255 99 255 0 255 9 0 0 47 255 42 0 31 255 255 0
    0 252 255 147 255 0 255 0 255 0 0 255 255 255 0 0 91 255 0 169 0 255
    255 255 255 0 0 0 178 0 70 255 0 52 0 255 255 255 0 255 255 255 0
    255 0 141 0 255 114 0 255 0 0 0 255 253 0 0 0 255 255 117 0 228 0 47
    0 255 45 93 0 0 255 255 255 0 25 0 255 255 0 0 0 0 255 255 255 28 0
    0 0 0 189 0 184 0 255 255 0 255 255 255 255 0 0 0 0 0 0 0 51 255 255
    255 17 0 156 0 0 255 255 255 4 255 0 0 0 203 0 27 255 255 0 131 255
    0 255 0 255 64 255 0 255 48 18 255 236 0 0 255 221 255 118 0 0 0 0
    255 0 0 0 0 255 255 255 255 255 53 0 0 255 30 255 0 255 0 0 255 255
    255 0 0 0 255 255 0 255 255 255 255 0 0 0 255 255 42 255 0 255 0 255
    255 46 0 255 255 201 255 255 0 0 255 255 0 184 0 255 255 255 255 0 0
    0 255 255 255 0 36 0 255 0 255 255 0 55 0 255 243 255 255 0 0 124
    255 255 183 7 255 0 0 0 247 0 221 255 255 255 255 0 255 0 0 0 255
    255 32 255 0 0 0 255 255 0 0 125 0 255 255 255 0 0 255 0 83 255 101
    0 204 255 255 255 0 255 255 255 0 255 8 255 255 41 0 255 124 0 0 255
    255 255 0 33 255 185 255 0 0 140 0 94 0 255 0 0 255 0 105 244 162
    255 0 15 255 255 255 255 0 255 0 0 255 0 112 255 255 0 0 13 0 255
    255 233 54 255 255 0 0 20 255 255 0 255 198 255 221 226 0 0 109 255
    255 255 0 0 0 232 0 255 19 255 187 255 0 131 0 42 0 0 255 0 0 255 0
    255 0 255 255 255 0 255 255 255 0 0 0 255 0 19 0 255 178 186 0 173 0
    255 255 255 255 0 0 255 0 255 244 0 0 0 134 0 255 53 0 0 0 255 0 255
    227 0 0 121 248 255 255 255 0 0 0 255 255 0 255 0 255 68 218 0 0 255
    0 255 97 255 0 255 83 0 0 35 0 255 255 255 0 255 0 255 0 0 0 255 255
    255 234 255 0 22 172 255 140 255 0 0 0 4 255 255 89 255 0 200 255 0
    45 0 0 255 0 43 255 0 255 0 255 219 110 0 0 155 255 255 0 255 0 0 0
    255 255 255 255 0 81 0 255 0 255 0 56 0 0 0 255 255 0 0 0 255 255 0
    0 0 0 255 255 255 0 255 0 83 0 255 255 167 255 0 255 0 191 0 0 255 0
    0 0 255 0 0 0 255 255 255 0 255 0 24 0 255 0 255 82 255 0 255 255
    255 62 172 255 0 0 0 255 31 0 0 38 255 164 0 255 0 255 255 255 255 0
    0 0 161 255 255 255 0 0 13 255 255 0 255 255 255 0 255 0 0 228 0 0 0
    0 0 255 0 255 255 255 11 41 0 0 0 255 145 255 252 255 255 255 0 255
    255 255 0 0 0 0 255 34 255 123 6 0 0 255 255 255 0 255 255 18 57 0 0
    0 0 0 255 0 255 0 255 0 209 0 255 255 0 255 0 255 0 255 0 255 74 255
    255 0 0 0 255 255 255 255 202 77 0 66 0 255 142 0 0 255 255 0 111
    255 210 255 0 0 0 255 255 0 255 255 255 255 255 0 0 0 0 6 255 0 255
    158 255 0 0 255 255 155 0 0 123 255 0 0 0 0 0 255 84 90 255 0 255 0
    0 0 0 255 58 0 0 255 255 0 71 0 255 255 255 0 0 255 255 255 97 255
    255 0 255 0 255 255 100 255 0 0 0 0 255 255 0 255 255 19 255 0 0 0
    255 255 255 255 74 255 255 255 255 179 0 118 0 255 0 255 2 255 255 0
    0 255 4 210 255 0 255 255 0 0 0 173 255 255 255 255 241 0 57 144 0 0
    163 255 0 255 53 255 225 0 255 255 42 0 0 255 255 0 84 255 255 255
    255 0 0 0 0 255 255 17 255 0 0 139 255 0 255 255 252 255 255 0 0 0
    28 0 64 255 255 237 0 255 0 255 0 0 0 0 255 255 60 143 255 0 171 255
    255 0 0 0 0 255 255 138 0 0 255 255 0 255 255 82 201 255 0 255 62 15
    255 0 162 0 255 0 255 255 255 236 0 0 144 146 255 255 0 0 0 255 255
    255 63 255 117 0 0 0 206 81 255 180 0 255 0 0 0 255 255 255 0 200
    178 0 27 0 0 0 0 0 255 0 255 255 0 0 0 255 255 255 0 0 255 0 255 0 0
    33 255 255 255 0 114 198 255 0 32 255 238 0 0 0 99 0 255 128 255 225
    0 0 88 255 132 255 243 3 255 0 0 255 0 255 255 255 255 255 117 0 0
    255 255 0 0 0 0 255 255 183 0 0 6 0 255 0 255 255 255 0 162 0 255 59
    0 111 0 255 0 0 243 255 255 255 255 255 255 5 0 0 255 117 0 255 255
    255 0 0 0 48 0 255 0 0 0 0 181 255 223 0 0 255 0 156 161 255 0 0 255
    244 8 0 255 255 42 0 255 255 0 255 0 255 185 255 0 0 0 255 255 0 123
    255 0 0 186 33 255 255 0 255 255 124 0 0 145 255 31 168 0 205 0 0
    255 35 255 0 255 0 255 255 255 0 0 0 0 255 0 255 0 255 0 0 0 255 255
    0 220 0 6 80 255 0 0 0 255 245 255 12 255 0 0 0 255 0 255 83 0 0 255
    255 255 255 255 69 143 7 255 255 0 0 148 255 0 255 0 255 255 0 255 0
    224 255 255 255 255 74 0 0 244 0 0 27 0 0 0 255 255 92 93 0 0 255 55
    255 0 223 0 255 0 255 0 52 0 255 255 255 0 255 255 255 255 0 0 0 237
    31 255 0 255 0 0 0 116 255 255 0 255 140 0 0 224 255 143 0 0 0 191
    255 255 255 255 28 0 0 255 255 0 0 255 255 255 0 255 14 255 255 0
    147 0 0 255 255 251 255 198 255 239 0 0 0 255 0 255 223 70 0 255 255
    255 0 0 255 255 0 0 0 248 0 0 0 255 255 255 156 0 207 0 255 3 248 77
    255 0 0 0 255 0 255 255 255 255 0 0 0 0 0 0 255 24 0 0 215 255 255
    255 0 0 0 255 255 255 104 24 255 0 255 0 255 255 255 0 250 255 0 255
    255 255 0 126 0 0 0 255 255 0 255 0 0 0 119 255 255 0 0 255 0 0 0
    158 0 255 0 255 255 255 0 255 37 0 0 255 222 0 53 0 255 255 255 255
    0 255 255 255 0 255 0 0 255 255 255 0 0 0 155 0 0 255 255 255 234
    255 155 0 0 0 255 255 255 148 0 255 0 199 0 255 211 0 111 0 0 0 255
    61 255 255 58 255 255 0 255 0 0 255 255 23 0 0 0 142 255 255 0 0 0
    255 76 0 0 0 23 236 0 255 45 255 0 0 56 255 0 0 89 255 255 0 21 0
    147 225 255 255 255 0 0 255 255 255 0 0 200 0 0 255 255 255 0 0 0 0
    139 255 0 0 255 255 0 125 0 255 255 0 255 0 255 54 0 0 255 128 255
    255 255 0 119 0 255 255 255 0 0 165 0 255 255 255 198 255 255 0 255
    0 69 255 0 255 255 99 255 0 0 0 0 0 190 255 210 0 0 0 255 255 0 0
    255 255 255 0 0 0 179 255 255 255 0 0 0 0 0 255 255 0 255 0 59 0 255
    255 255 255 0 204 62 0 0 255 0 255 0 234 0 255 0 255 0 255 0 255 53
    255 0 0 0 0 0 0 255 255 255 0 255 214 0 255 0 134 255 0 0 0 141 255
    255 255 0 192 255 0 0 0 255 0 0 171 255 0 255 0 242 0 176 193 0 0
    235 0 255 255 236 255 255 33 0 0 255 0 255 255 0 0 70 0 255 0 0 255
    255 137 0 0 255 0 255 255 25 255 0 21 255 48 255 255 255 0 0 255 0
    255 0 154 255 255 219 255 0 255 0 255 0 255 0 212 125 255 53 255 255
    255 0 0 0 0 255 0 255 0 255 255 255 255 0 0 249 255 0 0 0 255 255 92
    255 61 161 147 255 255 48 0 0 255 0 255 0 0 0 0 255 0 255 11 0 0 255
    0 169 0 255 0 255 0 29 255 255 255 0 0 255 255 0 0 255 0 0 0 0 255 0
    255 0 0 0 0 0 255 255 0 255 0 130 42 207 255 0 255 0 255 255 255 106
    255 0 255 0 0 255 126 0 0 0 255 233 255 255 0 0 0 255 255 0 255 0
    255 0 0 255 0 255 86 33 0 0 0 233 255 255 107 255 0 146 0 0 255 255
    255 0 0 0 0 0 93 255 255 255 0 0 0 255 255 255 0 0 0 0 0 255 255 0 0
    231 0 255 255 255 159 0 185 0 0 0 255 255 208 0 255 176 0 0 0 255 0
    251 0 255 0 0 0 0 255 255 255 0 255 255 0 0 0 0 0 255 37 0 0 0 0 255
    255 255 14 125 0 191 0 255 119 255 255 66 0 141 89 0 255 255 17 0 0
    226 116 255 0 255 0 255 255 255 99 255 0 0 0 255 255 0 53 0 255 0
    255 0 42 0 255 0 253 0 255 0 255 0 255 242 0 255 141 0 136 255 0 255
    219 255 0 0 0 30 255 255 0 106 0 255 0 255 0 255 0 255 0 0 0 0 255
    255 255 61 0 66 0 255 255 255 0 0 0 0 0 0 255 30 0 0 255 0 12 0 187
    255 0 0 76 223 255 0 151 0 0 0 204 0 255 255 0 0 255 255 255 255 255
    255 0 0 0 255 0 255 0 31 255 99 255 0 237 0 255 255 111 255 255 0
    255 0 255 0 255 87 218 154 255 255 227 0 255 255 255 0 0 255 255 237
    0 255 0 0 0 126 255 255 7 223 255 0 0 255 0 0 0 255 255 255 0 255 0
    0 255 0 255 0 255 255 0 0 0 0 0 236 255 255 0 255 255 255 0 0 0 255
    255 0 255 9 127 0 255 0 255 193 0 0 0 0 255 0 255 0 0 0 255 0 255 0
    138 255 255 188 191 34 0 0 0 255 0 255 0 255 228 255 0 0 0 125 255
    255 73 255 255 255 0 255 238 255 255 0 229 255 0 255 97 255 255 0 0
    20 255 255 109 255 255 255 255 0 0 255 255 254 185 255 255 255 0 0
    165 255 255 0 0 0 255 0 0 255 255 255 0 0 255 255 255 0 0 0 0 0 0 97
    255 154 255 0 255 0 210 107 255 216 24 189 255 255 255 255 0 255 3 0
    0 0 92 255 255 34 255 123 0 255 49 162 86 0 0 73 0 0 255 255 255 0
    140 0 255 255 149 255 0 0 143 255 0 0 50 255 255 0 66 0 153 0 0 255
    0 255 255 255 255 0 0 0 255 255 255 0 255 255 255 0 0 0 255 0 255 0
    152 0 114 255 255 45 255 108 255 148 255 0 255 0 255 0 118 0 255 60
    0 0 255 255 255 255 0 255 255 255 0 255 255 0 0 255 255 255 0 107 0
    255 0 255 106 0 255 0 255 62 255 141 0 255 255 0 255 0 255 255 0 0
    185 255 0 95 0 255 255 255 105 0 0 255 255 255 196 248 65 0 0 25 255
    0 255 255 0 0 0 92 255 0 255 255 255 114 0 255 0 40 145 0 255 255 0
    0 0 135 255 255 255 207 0 0 0 255 255 255 172 255 0 0 0 0 224 255 0
    104 184 0 255 255 200 242 0 255 0 255 0 255 255 33 0 255 0 255 120
    255 0 255 255 255 0 255 0 209 0 255 0 255 0 255 0 0 0 255 0 255 255
    178 84 0 0 14 0 255 132 255 0 255 0 255 2 0 84 0 255 0 0 0 255 255
    255 0 255 0 255 0 255 255 46 0 0 0 255 255 0 0 0 255 0 255 54 255 0
    69 238 255 255 0 255 0 255 0 255 0 255 91 255 255 0 255 69 0 36 0 0
    39 158 255 0 0 0 0 255 255 255 80 255 186 255 101 0 255 255 78 255
    53 0 255 0 255 255 154 255 162 198 0 255 0 255 0 0 0 255 255 0 94
    255 255 0 0 0 255 153 140 0 0 0 255 255 255 255 255 0 0 172 255 255
    255 0 0 0 255 240 255 255 255 176 255 0 21 255 0 255 0 255 255 40 0
    0 255 0 215 98 255 29 255 0 107 163 0 60 155 0 255 0 0 0 255 0 0 0
    246 255 0 0 0 0 255 255 255 145 0 255 0 133 0 255 255 255 0 255 255
    0 0 0 133 0 0 96 255 10 0 255 81 81 0 0 172 255 39 0 0 0 255 255 255
    255 0 0 255 255 255 255 37 0 255 11 255 0 54 37 255 255 0 0 16 214 0
    255 136 0 203 0 255 0 255 0 248 0 156 42 255 255 66 235 0 0 0 255
    255 255 0 0 0 255 255 0 0 0 255 255 255 255 255 0 0 0 0 255 255 255
    0 219 153 0 135 255 244 0 0 255 255 255 0 0 0 0 255 72 255 0 71 0
    160 0 255 0 225 0 0 0 255 0 255 60 0 136 255 169 255 0 0 0 0 255 255
    255 58 0 255 255 255 255 0 0 114 0 255 0 0 0 255 255 255 255 32 0 0
    0 250 255 0 185 93 255 255 255 255 255 255 0 0 0 255 255 255 242 0
    156 255 255 184 255 0 255 0 255 0 0 0 205 255 153 222 255 0 255 96
    255 0 106 255 0 255 0 0 0 255 0 0 0 255 0 0 0 255 255 255 208 255 0
    0 0 255 247 155 0 255 255 255 0 255 0 0 111 255 255 255 255 62 0 0
    255 255 168 0 0 255 0 34 0 255 0 229 0 108 0 255 213 255 0 0 0 0 0
    255 0 255 0 255 255 0 0 0 255 0 255 255 255 0 0 155 255 255 0 0 177
    151 0 255 5 0 255 0 0 255 21 255 0 255 255 255 0 112 255 0 105 0 255
    0 255 0 255 205 146 135 0 0 0 255 255 255 0 0 0 255 255 255 35 255
    51 0 255 122 0 0 0 195 214 255 255 211 122 0 255 0 61 0 255 131 255
    255 255 255 0 87 0 255 0 255 0 255 0 255 111 208 223 91 255 255 0 0
    255 255 45 255 99 255 0 238 0 255 255 0 0 83 179 0 174 255 255 255 0
    0 0 0 0 229 255 255 0 0 255 255 255 0 255 0 255 131 0 255 255 134 0
    6 3 255 0 150 0 200 255 0 203 2 255 255 255 0 0 0 255 255 0 244 127
    255 0 255 39 255 226 0 255 0 100 255 255 255 189 0 0 255 133 0 0 255
    0 255 150 255 0 255 0 255 183 255 255 255 0 212 0 255 0 255 10 0 255
    6 255 170 255 150 0 0 255 255 27 0 0 0 0 0 0 255 89 255 255 0 0 0
    255 190 255 167 255 0 0 0 255 255 0 255 0 255 255 0 0 18 225 0 255
    255 144 0 0 255 255 255 0 0 159 118 255 0 0 0 0 255 255 0 255 255 29
    255 0 255 0 29 0 27 0 0 255 255 0 255 87 0 0 0 255 0 227 0 255 80
    255 0 0 255 255 255 0 0 0 0 0 255 255 0 0 0 93 53 30 90 135 229 0
    255 255 255 0 255 255 255 49 193 0 255 0 255 0 0 0 255 0 0 0 255 255
    255 0 255 237 255 223 255 67 113 255 0 235 0 255 0 255 0 255 255 140
    159 0 255 255 0 0 255 255 140 0 0 255 47 150 255 0 255 0 255 0 255 0
    137 0 255 255 255 0 0 0 255 255 255 111 0 125 255 255 0 43 255 255
    113 0 86 255 0 35 255 255 255 0 0 255 255 255 146 0 0 125 255 138
    255 181 255 0 0 255 255 255 0 255 0 0 255 159 0 0 0 0 0 255 255 255
    0 0 0 0 12 255 40 0 0 255 255 0 22 0 255 255 0 0 0 255 255 255 255
    210 0 0 255 255 158 255 0 255 0 255 0 26 255 255 0 58 255 255 0 0 0
    255 255 255 0 60 0 0 0 255 74 255 0 89 255 0 255 255 255 0 0 0 0 40
    0 0 0 255 255 255 0 0 42 0 0 0 255 0 0 0 255 222 255 0 112 0 255 79
    255 255 0 255 255 0 255 0 255 0 255 28 110 0 255 242 255 0 34 255 42
    0 0 19 0 146 0 255 17 255 255 193 255 0 0 0 0 255 255 0 0 0 0 9 255
    255 0 0 25 0 255 0 255 0 61 255 180 255 0 0 0 255 255 255 255 0 169
    0 255 0 255 0 255 0 0 0 0 116 0 255 156 255 0 237 0 150 0 0 0 255
    255 255 255 0 0 0 255 86 0 0 0 255 255 0 0 255 0 255 255 255 0 0 0 0
    0 255 255 255 0 0 0 0 255 187 0 255 0 255 66 255 255 255 31 227 108
    0 255 0 255 0 92 0 0 255 179 255 255 255 255 0 0 35 255 255 255 0
    255 94 255 168 237 0 209 255 255 255 0 127 255 255 0 0 255 0 4 0 0
    255 39 255 0 255 0 0 0 255 197 0 255 255 255 0 0 0 255 255 0 0 0 255
    255 255 0 255 255 255 0 255 0 0 0 25 255 255 255 255 0 0 47 255 12
    255 0 185 0 255 0 255 0 25 0 255 255 35 0 35 222 255 143 9 0 0 20
    255 0 50 0 255 0 255 0 255 0 255 0 255 83 255 0 0 227 255 0 142 255
    255 130 255 255 235 255 0 0 255 0 255 0 102 0 255 0 0 255 0 0 255
    255 255 0 0 236 0 151 0 255 194 15 255 255 255 62 255 1 0 255 48 255
    255 0 255 0 0 0 255 255 0 0 0 0 238 255 255 238 0 0 0 255 255 0 51 0
    0 0 255 0 255 234 43 0 0 255 255 255 255 255 255 255 0 0 0 223 255
    38 255 255 4 255 255 0 0 255 255 0 0 0 0 255 0 0 255 12 0 255 0 0 87
    0 255 255 0 0 18 255 133 236 0 0 255 255 255 255 255 0 255 0 255 0 0
    0 255 255 255 0 255 0 0 0 255 255 0 255 255 255 97 255 0 0 150 0 0
    255 255 0 255 218 0 12 0 0 255 170 255 0 255 255 0 255 0 121 0 0 0
    255 255 175 0 0 0 255 255 255 255 255 255 255 0 23 0 255 0 255 0 170
    0 0 0 255 255 116 0 255 255 66 255 255 255 255 0 106 255 214 0 0 67
    255 255 72 0 0 0 255 255 177 0 0 0 213 255 0 255 0 255 0 255 0 186 0
    0 255 255 110 0 0 145 255 255 0 0 255 0 216 0 154 255 255 0 194 0
    255 0 0 0 255 255 255 0 255 0 255 0 255 120 122 0 32 184 0 255 0 255
    182 255 0 139 255 41 255 0 255 0 255 0 40 255 239 255 157 255 235
    255 0 0 0 255 255 0 0 0 131 186 0 214 255 255 0 0 0 32 255 0 0 152
    255 255 0 67 0 255 255 0 0 198 255 148 165 13 0 255 0 255 0 242 0
    255 0 255 106 255 0 255 255 255 255 0 0 0 255 246 0 0 255 0 239 0 0
    255 0 255 0 255 0 0 78 255 255 255 0 0 0 0 255 99 86 59 255 0 0 255
    255 0 0 0 0 255 255 255 0 93 255 51 255 189 255 255 0 0 0 255 255 0
    0 249 0 255 0 255 15 255 0 255 0 247 255 255 0 0 88 216 0 0 0 255
    255 0 0 22 255 255 255 88 255 0 255 255 255 0 255 255 255 0 127 0 0
    255 255 255 255 0 61 255 0 0 0 255 0 255 0 255 112 255 0 255 30 0 0
    255 255 255 0 255 255 0 0 0 255 255 255 255 207 0 142 0 0 255 252 0
    7 0 0 255 255 255 127 255 249 255 0 230 188 0 255 0 255 255 186 101
    0 105 255 255 0 0 255 0 255 0 145 129 50 0 0 177 0 0 0 154 255 255
    255 0 255 117 255 255 255 0 0 255 255 122 255 73 0 0 146 0 255 255
    188 0 0 255 0 255 255 255 0 255 0 255 0 0 255 104 0 0 106 0 0 255 0
    255 255 255 0 86 255 0 225 255 0 255 139 255 0 99 255 0 255 255 43 0
    19 186 255 255 0 0 238 255 255 255 0 0 0 255 255 255 255 255 255 78
    0 1 255 255 0 255 0 255 255 255 0 255 0 1 0 255 0 255 255 255 198 0
    0 0 255 110 255 68 162 0 0 0 0 0 255 255 0 30 0 255 255 0 255 255
    255 0 255 255 0 157 0 255 255 93 187 0 56 255 255 46 0 246 22 186
    255 0 0 255 255 105 0 255 255 255 0 0 0 37 255 0 43 0 255 0 0 0 255
    209 0 0 255 255 255 0 143 0 0 0 255 255 255 212 255 0 255 255 255 41
    0 0 0 255 0 0 0 255 255 255 0 0 0 255 255 255 0 0 0 255 255 64 2 0
    254 11 255 33 22 0 255 0 30 255 0 0 0 255 255 255 0 0 0 255 255 117
    255 0 255 249 0 26 255 255 255 0 0 255 0 0 0 255 255 255 255 0 0 0 0
    255 150 255 0 255 157 0 255 0 0 255 0 0 38 255 255 255 255 0 255 118
    255 255 0 0 255 0 255 0 255 235 9 0 255 0 255 255 0 202 59 0 255 0 0
    6 0 234 0 70 230 62 255 210 0 228 255 0 255 0 255 0 255 209 141 255
    0 255 255 0 183 85 171 129 184 0 255 255 0 255 0 255 255 0 0 0 255 0
    0 0 0 255 255 0 251 198 255 170 251 0 0 255 255 0 0 126 0 255 0 255
    0 177 46 45 0 0 255 157 255 0 255 0 255 0 255 0 17 118 255 255 255
    255 0 0 0 255 30 0 0 255 255 156 235 0 255 0 255 0 255 175 0 255 231
    0 0 255 0 255 0 255 0 0 255 143 255 255 255 111 0 155 0 0 255 255 0
    255 255 255 0 0 255 255 255 0 182 255 255 0 255 0 0 0 255 0 0 0 131
    0 255 155 255 0 0 0 0 0 0 255 0 8 0 255 255 0 255 0 255 0 170 255 99
    255 255 0 255 0 255 255 166 0 160 255 255 255 0 0 140 255 0 0 0 0
    255 255 255 0 87 0 255 255 0 0 255 255 0 0 0 166 0 255 0 255 0 255
    255 0 0 255 255 63 255 0 255 0 255 0 255 255 255 255 182 255 0 0 0
    255 255 203 255 255 255 0 0 0 0 255 255 0 0 43 255 0 0 255 0 255 255
    0 255 0 255 180 56 0 0 0 255 255 0 0 255 0 0 0 255 255 255 255 255 0
    0 0 255 255 255 0 255 0 179 0 92 146 255 255 255 0 255 0 255 255 255
    0 0 255 0 255 255 255 255 118 255 255 255 0 120 0 255 255 0 255 0
    255 0 228 0 78 0 255 117 255 0 69 232 13 255 0 255 0 255 0 0 255 255
    255 0 88 0 214 152 255 255 255 255 255 49 0 255 0 0 129 16 255 0 0 0
    255 255 255 0 0 0 255 0 255 255 0 114 255 255 255 0 0 0 255 103 0
    255 0 248 0 0 0 255 255 255 0 0 255 255 255 255 165 0 0 0 145 0 15 0
    255 207 230 0 0 219 255 255 253 255 0 0 0 0 0 158 255 219 255 85 0 0
    255 188 47 255 0 82 26 0 0 255 255 0 150 255 34 151 0 255 82 255 255
    255 127 0 0 42 119 0 124 106 255 255 0 0 0 255 136 0 255 0 0 255 255
    255 222 66 0 39 77 255 128 255 0 0 0 255 255 0 0 251 255 255 166 255
    0 0 255 137 255 0 0 0 23 255 0 255 234 255 0 255 187 0 0 46 255 255
    255 255 0 65 255 255 111 0 0 255 25 0 0 255 255 210 255 255 23 0 0
    100 93 0 0 255 0 255 255 255 0 0 0 58 0 255 0 255 255 255 0 255 0
    255 157 255 0 0 0 255 0 30 0 255 0 255 255 255 255 0 0 255 0 255 0
    167 255 245 0 0 0 0 0 255 0 255 0 255 0 0 255 0 49 0 255 33 0 255
    255 0 0 169 255 255 255 0 0 255 255 255 255 255 0 0 255 255 0 255 0
    255 161 255 0 150 0 255 0 255 234 0 255 0 255 0 0 255 0 0 255 187
    255 0 255 255 130 255 0 255 0 255 120 226 0 0 255 255 255 255 0 0
    255 0 0 0 209 61 255 0 255 0 255 255 0 255 255 255 0 0 237 0 3 253
    182 8 0 255 9 0 90 0 235 0 255 255 0 0 0 255 53 255 0 21 255 255 0 0
    228 0 255 0 255 255 255 254 255 255 103 0 255 0 255 79 0 0 255 152 0
    0 0 0 255 255 255 0 255 0 0 255 122 0 255 211 189 0 255 149 0 0 255
    255 77 0 28 0 0 255 242 0 255 184 38 0 255 255 255 255 0 193 255 0
    255 0 0 42 255 52 0 255 255 0 255 255 156 42 255 228 232 0 0 255 0
    216 255 255 0 255 255 249 0 0 0 255 0 158 143 255 103 0 255 0 255 0
    255 0 255 0 0 246 28 255 0 255 0 255 0 255 65 255 0 255 255 101 49
    12 0 0 55 0 0 0 255 0 0 255 255 255 153 0 255 255 255 0 113 0 255
    255 0 0 255 70 255 255 134 0 255 255 0 255 0 109 0 255 255 0 181 255
    61 0 255 0 255 255 255 0 0 0 0 255 0 255 255 78 0 255 255 255 0 0
    255 0 255 255 255 94 0 255 255 255 252 0 255 0 255 68 198 0 255 255
    227 0 0 255 255 255 255 0 255 0 106 73 0 204 255 11 0 0 68 255 0 0 0
    247 255 255 0 24 208 255 0 0 255 53 255 255 0 182 222 255 0 181 255
    0 0 0 255 255 59 39 255 255 0 9 0 255 0 102 0 255 0 255 255 255 255
    255 255 0 255 0 0 0 255 0 255 255 255 255 0 0 255 0 0 0 255 255 0 0
    0 255 15 255 0 255 255 76 0 0 0 255 255 255 0 255 0 255 255 235 255
    0 255 73 255 0 255 191 255 0 0 40 109 0 255 255 255 0 0 0 255 255
    255 0 0 255 255 255 0 123 255 0 255 255 255 0 0 0 0 255 85 255 255 0
    0 0 0 255 255 255 255 237 0 0 69 0 0 0 255 173 255 255 0 255 0 255 0
    120 255 0 255 0 255 255 255 255 0 0 0 255 255 255 0 0 0 0 255 228 0
    0 117 133 255 163 0 73 0 0 0 255 0 49 13 255 34 255 0 255 0 255 0 0
    0 29 255 97 255 149 255 0 255 207 255 0 0 255 0 255 62 255 191 255
    123 235 0 0 189 255 255 0 0 0 80 166 255 255 0 207 49 255 0 0 255 77
    255 0 255 31 255 255 255 255 0 0 0 0 0 255 255 0 255 255 139 0 0 0
    155 0 255 189 255 174 255 0 255 0 255 154 255 112 255 0 225 70 248 0
    0 0 139 0 255 0 255 255 0 0 0 0 255 255 255 0 0 0 0 255 255 255 126
    0 0 3 9 255 255 255 0 0 0 0 255 255 0 255 0 255 0 255 0 255 255 0
    255 0 255 255 0 255 255 0 255 0 0 255 255 33 0 255 250 0 255 0 255
    39 255 0 112 0 0 0 255 255 41 175 255 255 237 255 0 0 9 232 255 255
    0 125 255 255 255 0 0 0 0 0 255 30 255 0 255 255 255 0 255 0 0 0 0
    255 187 0 0 0 255 255 255 255 255 0 0 255 0 255 0 0 182 0 0 255 255
    255 0 255 0 255 255 198 17 0 165 255 0 255 0 119 0 255 255 255 56
    247 0 255 0 0 255 255 147 0 255 255 255 0 0 130 0 0 255 255 255 0 0
    255 0 255 0 0 0 0 255 97 255 0 0 255 209 255 0 0 255 255 70 0 62 255
    255 255 55 0 0 134 255 145 255 89 255 0 255 0 0 255 255 255 78 0 77
    255 0 0 255 255 26 0 0 255 255 255 255 0 0 199 255 255 0 10 0 243
    255 0 230 0 255 91 255 0 0 0 0 255 255 255 0 0 101 255 0 0 0 0 255
    255 148 255 255 255 0 255 0 0 0 255 255 0 0 0 0 0 255 255 255 124 0
    0 255 0 41 3 0 255 0 0 0 0 0 255 255 255 0 236 0 255 0 255 255 255 0
    225 0 255 255 0 0 0 255 255 255 0 0 255 133 149 0 159 255 117 206
    255 0 222 0 0 0 0 255 0 255 0 255 255 255 0 0 118 177 255 255 255
    208 0 223 255 16 255 255 255 255 96 0 255 0 255 0 255 255 255 0 0 0
    0 0 85 255 0 0 0 141 0 255 0 0 255 0 0 0 255 255 0 243 0 30 0 0 0 0
    165 0 4 130 255 255 0 255 255 255 0 0 0 0 251 255 0 0 0 41 255 0 255
    255 0 0 127 255 255 243 0 0 255 0 255 0 255 239 0 0 0 233 0 255 0 9
    0 255 255 180 149 255 0 0 0 116 255 0 255 0 255 255 254 255 0 124
    147 255 0 255 0 18 0 227 246 178 0 255 255 255 97 0 0 255 206 136 0
    255 255 0 0 0 255 238 255 0 228 0 255 0 255 60 255 0 255 124 0 255 0
    0 255 255 255 255 0 219 117 255 255 255 0 0 127 255 245 255 0 46 0
    139 255 67 210 255 40 0 0 124 255 150 154 255 52 0 0 255 255 0 200 0
    255 0 0 255 0 255 0 255 255 255 16 0 0 255 255 255 0 0 87 255 0 255
    255 255 255 0 255 0 255 0 0 200 255 0 255 9 0 255 255 0 0 0 99 127
    255 0 255 255 255 0 0 0 255 255 255 0 0 0 255 0 255 0 255 255 255 0
    0 0 255 255 160 255 0 8 0 255 0 255 255 255 255 0 255 0 0 0 255 255
    255 255 255 187 0 230 0 0 255 255 0 0 134 255 0 57 131 0 0 255 0 255
    110 255 0 250 255 0 0 255 255 0 0 255 0 163 0 254 255 198 255 0 0 35
    223 0 0 255 255 255 0 0 191 255 255 0 0 0 255 0 255 255 0 112 0 255
    0 255 0 255 0 0 0 255 0 255 255 255 255 242 0 0 0 255 255 0 113 0
    255 0 255 255 204 0 99 205 121 0 192 157 255 0 255 0 0 74 255 0 80 0
    0 255 255 255 0 255 255 0 142 255 255 0 0 0 0 255 255 255 0 255 60
    255 59 255 103 0 124 255 0 111 0 255 255 255 255 0 0 0 255 83 255
    255 0 0 218 0 0 0 255 0 0 41 0 255 255 255 180 0 0 255 110 0 0 55
    167 255 255 255 255 0 255 208 140 0 0 0 50 255 120 255 0 0 255 255 0
    0 255 0 0 8 255 0 0 255 220 255 255 0 0 0 0 0 0 255 255 255 255 0 0
    0 67 0 0 0 0 38 255 255 255 0 255 255 0 0 0 255 255 188 151 0 255
    255 216 255 255 255 255 255 255 0 0 0 0 0 255 0 199 0 255 0 255 0
    255 93 0 174 0 154 18 0 0 0 255 121 255 0 255 98 255 62 255 255 0
    138 255 191 0 248 0 0 61 78 73 255 247 255 137 255 255 255 0 255 0 0
    255 255 255 104 255 0 255 0 255 255 255 255 50 255 255 255 255 255
    37 0 0 0 82 255 255 255 0 255 0 29 169 88 255 0 46 0 108 0 255 0 255
    255 36 0 255 112 255 0 0 255 0 255 0 255 255 255 0 0 18 255 255 255
    255 0 0 0 255 255 36 0 0 91 0 0 0 0 0 0 0 255 178 0 0 0 255 0 140
    255 255 242 0 68 0 255 0 87 255 255 0 33 0 255 0 255 0 219 255 190
    190 0 0 0 0 255 255 255 8 0 62 255 255 255 0 0 0 0 255 0 85 0 0 0
    255 255 246 0 0 255 255 0 255 28 255 0 255 193 0 0 255 0 0 255 0 236
    0 0 255 255 255 255 249 117 0 0 255 5 255 0 134 0 255 255 255 241
    255 0 255 0 255 0 0 0 0 255 255 255 255 0 0 255 214 255 255 73 0 0
    255 255 255 0 255 0 255 0 255 0 255 0 255 0 0 109 255 255 255 255 0
    0 0 255 255 0 255 255 217 255 0 255 0 255 0 0 255 0 155 0 37 0 1 0
    255 255 102 255 192 0 0 255 255 0 255 66 64 0 0 0 0 0 255 0 0 255
    255 50 0 0 255 255 0 21 0 255 0 91 219 255 0 13 22 0 0 255 255 255
    255 25 0 0 0 0 255 145 0 0 255 255 255 0 255 0 255 0 255 0 255 0 0 0
    31 0 255 0 255 255 255 0 0 59 0 255 255 255 153 0 255 0 0 255 71 255
    0 0 0 0 255 255 0 0 255 255 255 0 255 0 0 244 0 255 0 0 55 255 255 0
    186 0 255 255 255 0 255 255 0 205 0 255 255 255 255 224 99 0 0 255
    136 255 0 255 0 0 246 192 255 0 255 0 0 58 255 255 0 0 255 255 255 0
    0 0 0 155 0 0 0 0 255 38 255 0 0 0 255 255 255 255 0 0 0 255 255 255
    0 255 0 200 0 255 255 255 0 0 0 255 67 0 0 0 0 0 255 255 255 0 255
    139 255 255 0 83 0 0 255 255 255 0 255 184 255 255 0 255 255 255 0 0
    0 255 0 0 170 35 255 255 0 64 255 77 255 255 54 255 0 255 255 255 0
    196 0 0 255 0 255 0 255 255 255 0 0 0 255 30 161 0 255 0 255 208 77
    50 255 0 0 0 255 255 255 0 210 200 0 0 0 255 255 255 255 255 255 255
    85 0 255 0 255 255 255 106 0 255 44 170 0 255 0 255 255 255 1 255 0
    255 0 255 13 157 255 0 255 0 0 0 140 255 255 3 255 255 0 0 255 0 24
    255 255 255 0 0 0 255 0 78 0 39 52 0 255 51 255 255 78 0 0 255 255 0
    255 0 255 118 0 0 0 0 255 11 0 0 0 198 0 228 0 0 0 0 255 255 168 255
    158 67 0 255 0 255 165 255 52 0 207 27 0 0 0 0 0 0 0 0 255 0 255 0
    255 255 0 0 105 255 255 0 255 255 0 188 0 255 199 0 0 255 0 38 0 255
    0 219 255 0 255 0 0 0 255 255 255 0 0 0 255 255 65 0 255 255 0 89
    255 176 255 0 204 215 152 255 255 0 245 255 255 0 0 255 0 205 124
    255 4 0 45 255 0 0 0 255 55 255 255 0 86 255 109 0 0 129 0 255 54
    255 0 88 255 255 0 255 176 255 83 247 0 255 187 0 0 142 255 255 0
    242 79 255 255 0 86 0 0 255 255 209 0 0 0 255 0 0 255 177 255 0 0
    255 0 255 0 255 26 255 55 255 37 0 0 255 0 253 0 0 0 255 0 255 255
    110 0 255 0 0 203 255 255 3 0 0 255 255 255 255 0 0 0 0 255 255 0
    255 0 54 0 255 255 255 255 164 0 0 0 255 255 255 0 0 255 255 255 255
    192 105 0 255 255 255 255 0 255 255 141 0 255 255 129 255 87 255 191
    0 0 0 255 95 175 255 255 0 0 0 0 255 255 183 0 255 255 0 255 0 194 0
    255 0 255 0 255 147 69 255 255 255 0 231 0 255 255 255 255 255 87
    255 0 0 255 207 0 255 0 255 255 255 255 0 129 0 234 255 255 0 0 255
    64 255 0 255 255 255 255 0 0 255 0 0 0 0 255 255 255 255 0 255 0 255
    0 244 0 255 217 0 255 65 0 255 34 0 255 227 255 255 0 0 242 255 0
    106 0 255 94 255 0 0 30 255 0 255 255 0 0 255 133 255 0 48 181 75
    148 0 255 0 255 0 247 0 255 255 165 214 0 200 0 255 255 0 194 0 62
    255 78 255 0 255 0 255 0 255 116 0 20 255 255 0 0 0 0 109 255 64 0
    255 244 255 0 255 0 14 0 255 0 255 0 255 255 31 0 0 0 255 0 255 255
    255 255 94 0 0 0 255 255 255 0 255 255 9 0 0 175 255 92 0 36 255 29
    255 255 0 0 0 255 0 0 0 255 255 255 143 0 0 0 0 255 117 0 0 0 255
    185 255 0 255 0 0 0 255 255 255 0 255 0 0 105 255 107 255 0 202 179
    4 45 0 255 255 255 255 255 0 0 255 255 255 255 0 255 0 0 141 0 255
    255 255 255 0 255 0 27 0 255 0 110 255 0 255 255 255 0 0 60 191 49 0
    52 255 255 0 255 0 255 255 163 0 0 0 255 255 255 255 255 255 0 255 0
    23 255 234 255 77 255 0 157 255 255 164 0 0 249 0 32 0 255 0 255 0
    255 255 255 0 255 255 255 255 0 255 0 105 0 0 74 255 255 0 255 0 76
    0 0 0 234 255 0 184 255 255 255 0 0 0 255 226 255 0 255 133 13 15 0
    255 204 0 14 255 0 0 0 0 14 255 0 0 255 255 0 120 0 255 255 255 0 0
    0 255 255 255 175 233 255 0 3 0 100 0 255 20 196 0 144 0 0 255 0 161
    255 0 255 255 233 255 0 255 0 0 0 0 255 255 255 0 0 0 0 255 149 82
    194 255 255 255 255 0 0 0 0 0 255 0 0 0 99 96 0 255 0 255 255 0 0
    197 110 112 0 255 255 255 0 0 255 217 0 255 255 255 0 0 0 255 173 86
    20 0 0 180 206 255 0 99 255 255 0 0 0 218 255 255 255 0 0 0 255 203
    255 0 255 39 147 114 255 143 0 255 0 0 32 176 255 255 0 0 255 134
    255 0 0 0 255 255 0 255 0 255 0 255 255 255 0 255 0 255 0 230 79 211
    255 76 241 10 0 255 0 255 0 255 255 255 144 0 0 255 0 255 0 255 255
    255 0 255 44 255 0 0 242 255 53 255 141 0 204 74 255 0 255 0 0 240 0
    255 255 255 255 0 0 0 141 0 0 0 255 255 105 90 255 42 255 255 62 255
    0 255 87 255 192 255 18 255 255 0 0 255 255 255 36 207 0 164 255 255
    255 0 255 69 119 0 255 255 255 0 3 0 240 255 255 255 0 15 0 255 255
    73 255 255 4 0 253 0 255 0 255 0 255 88 0 0 0 36 0 0 255 0 255 255 0
    0 0 237 255 255 0 0 255 255 0 255 0 40 0 255 0 0 255 0 255 219 255
    105 0 255 255 255 78 0 255 0 255 0 255 0 255 255 255 125 55 0 0 14
    255 154 114 255 0 255 255 255 0 0 0 255 145 0 255 0 0 88 68 74 255
    255 0 237 0 0 0 220 176 255 0 255 255 255 255 0 255 0 255 255 255
    215 0 0 255 255 255 182 0 255 255 0 196 255 255 0 0 0 57 255 127 255
    0 0 255 255 255 0 255 0 255 0 255 255 192 0 0 0 255 0 85 27 0 0 255
    0 0 0 0 255 239 255 255 0 0 255 255 67 0 0 255 0 255 0 255 255 209 0
    163 255 32 0 0 0 255 255 149 255 0 0 255 255 255 0 0 255 0 255 8 255
    255 255 0 255 0 0 114 255 0 255 141 255 0 217 204 255 0 255 0 0 236
    0 255 255 255 255 0 0 255 255 255 255 255 40 0 255 0 0 0 255 170 255
    255 0 0 112 255 214 0 189 0 255 0 255 255 124 221 0 0 98 255 255 0
    255 0 255 0 255 0 255 241 57 0 255 255 0 0 0 255 0 255 154 0 255 255
    0 255 0 0 0 255 255 255 0 255 0 0 0 0 255 0 70 1 255 0 248 76 112
    135 253 129 89 0 124 255 255 167 0 0 255 0 116 45 255 0 34 0 255 255
    255 0 0 192 255 255 0 0 0 255 53 255 0 178 0 255 0 255 255 255 0 0 0
    255 0 0 255 51 0 0 255 18 82 0 0 255 98 255 0 255 0 0 255 37 215 0 0
    146 255 0 0 255 226 255 0 0 160 0 125 0 152 255 255 255 255 255 0
    255 0 255 0 255 42 0 255 190 0 0 0 255 255 0 0 0 0 255 0 255 2 209 0
    232 0 217 255 255 255 255 0 0 0 0 130 255 255 0 255 255 255 255 0
    255 94 255 255 255 0 42 23 255 0 0 255 0 255 0 0 255 155 255 0 255
    255 0 0 238 255 0 255 255 255 0 255 0 255 249 255 0 0 255 255 0 0
    226 80 255 28 255 218 0 255 255 255 0 0 0 135 210 255 0 0 0 61 210
    255 0 0 0 223 255 25 255 80 255 0 255 0 0 0 255 255 255 0 211 0 255
    255 255 30 0 255 255 255 6 0 255 255 58 0 0 240 0 0 255 0 255 255 0
    0 0 255 255 0 238 0 255 255 255 0 0 0 168 255 255 255 235 0 0 0 255
    255 255 255 255 0 0 0 255 0 0 0 255 255 86 118 0 0 255 79 255 0 0
    255 255 246 210 0 255 255 0 144 0 255 0 222 0 255 0 0 0 255 0 110
    255 255 0 255 255 133 255 0 255 0 255 255 0 255 208 0 0 0 0 0 0 0
    255 117 255 255 30 0 0 255 0 0 0 255 255 26 0 0 0 255 0 255 0 255 0
    0 0 0 255 0 255 0 251 255 255 0 0 255 0 255 0 0 255 0 0 0 0 255 255
    62 0 0 11 0 225 0 255 0 255 0 255 0 255 0 0 0 0 255 255 91 255 255 0
    255 0 0 0 255 0 0 0 255 255 255 0 255 255 255 255 71 255 0 140 165
    255 0 0 0 3 0 255 0 0 59 0 255 0 255 183 255 0 188 0 0 255 255 0 0 0
    0 0 185 255 255 255 0 0 0 108 255 175 0 59 0 255 255 255 0 0 0 8 255
    0 0 67 255 0 0 0 255 255 253 255 0 255 81 255 0 0 255 255 255 0 0 0
    255 255 0 219 0 0 0 255 79 101 0 255 255 255 88 0 255 218 255 62 0
    94 255 0 16 0 255 255 36 0 255 0 255 255 255 0 155 0 0 238 255 105 0
    255 0 255 0 0 255 255 255 255 0 0 255 0 0 0 255 250 255 0 100 0 4 0
    105 255 255 255 255 0 0 0 255 255 255 0 0 0 255 255 0 0 255 255 0
    248 0 0 125 0 0 0 91 108 255 255 255 0 0 0 255 0 0 0 190 222 65 255
    226 0 0 56 224 138 177 47 255 0 255 229 103 255 0 255 255 0 255 0 0
    0 0 0 255 255 0 0 255 191 177 0 255 0 91 255 255 247 0 255 255 255
    214 255 0 80 0 255 0 255 0 0 131 255 255 255 0 255 0 128 0 120 0 0
    185 0 255 255 0 0 0 0 101 0 0 0 155 255 0 22 0 255 121 0 0 0 149 255
    0 0 0 0 255 0 255 255 0 255 233 129 0 255 255 255 255 0 0 107 255
    101 0 0 0 42 0 0 255 0 11 0 255 80 0 255 0 0 255 39 0 255 110 0 255
    0 193 255 255 0 0 255 255 0 0 255 255 146 255 0 255 255 255 255 200
    0 0 0 255 255 175 255 90 0 0 255 0 255 0 255 255 0 255 0 255 126 255
    205 0 0 9 140 0 255 255 255 0 255 0 255 0 255 0 255 0 122 215 0 255
    123 255 0 0 0 255 255 0 0 66 0 69 0 66 255 255 0 0 232 255 255 255 0
    0 255 255 255 0 0 255 255 176 0 0 0 0 255 255 255 0 0 0 63 0 127 255
    255 255 0 182 255 149 253 0 0 255 0 114 0 255 0 255 0 223 134 255 0
    0 87 0 255 0 213 0 255 0 255 0 255 255 91 255 0 0 113 255 255 0 0
    239 0 255 0 0 0 255 255 0 255 255 255 0 0 255 0 0 255 68 0 186 0 255
    189 0 255 255 255 255 100 255 255 159 41 0 255 255 255 0 0 255 255
    255 0 0 255 255 255 255 0 0 255 255 12 0 0 0 255 0 0 24 0 156 255 0
    0 0 0 0 255 255 255 0 0 88 157 255 255 0 255 120 255 255 0 0 0 241
    255 255 255 38 255 150 0 0 208 255 255 255 122 0 0 43 187 255 0 99 0
    255 0 0 0 255 0 255 255 0 0 255 20 0 255 255 255 0 0 255 255 0 255 0
    0 255 0 0 0 133 121 255 255 0 255 255 255 0 255 0 255 255 255 0 0
    255 0 200 183 255 255 0 0 0 255 0 255 0 255 0 255 0 234 255 255 255
    245 255 0 187 0 0 255 0 255 255 255 255 208 0 0 0 0 255 0 255 0 6 0
    0 0 255 255 0 0 0 255 184 255 0 255 255 255 255 0 0 0 61 255 0 255 0
    0 0 0 151 167 0 0 255 0 255 255 255 0 0 255 255 255 0 0 0 255 0 255
    255 255 255 255 255 0 162 0 255 255 255 0 0 255 255 255 255 0 0 0
    255 125 255 255 0 255 255 255 255 255 0 0 0 0 0 0 255 255 0 0 255 80
    246 255 0 0 255 0 152 0 235 255 0 84 0 0 255 255 137 0 255 255 0 235
    255 255 0 255 0 255 0 255 0 0 251 255 0 0 0 0 0 255 255 255 0 255 3
    0 0 255 255 92 130 255 255 0 255 255 255 255 166 0 255 0 255 0 0 189
    255 255 255 0 84 0 122 0 255 255 0 255 0 0 255 0 0 0 0 164 255 245
    255 0 0 0 255 255 0 0 0 255 255 255 255 0 0 0 255 255 117 0 255 0 0
    255 26 255 0 0 255 0 0 255 255 0 0 255 107 0 119 255 135 255 130 0
    255 255 255 255 0 0 0 0 255 255 71 255 0 95 255 172 0 0 123 0 255
    250 255 0 0 0 255 255 255 255 0 0 163 122 202 0 0 111 255 255 109 0
    0 0 29 162 255 255 255 255 0 0 255 255 0 0 255 232 0 255 225 0 0 0
    255 126 148 255 255 201 66 164 255 0 0 255 255 0 0 255 255 107 0 220
    10 221 255 255 255 0 0 0 19 255 0 255 9 86 0 0 255 105 0 0 0 0 0 208
    231 76 255 0 255 0 255 0 255 117 255 53 255 0 255 0 255 0 244 0 0
    255 255 255 255 0 255 103 255 199 255 255 0 255 12 255 255 255 0 117
    0 255 255 255 0 0 222 255 3 255 0 0 0 255 255 0 0 0 0 0 255 0 134 69
    255 255 101 255 0 255 112 255 0 255 0 255 255 0 0 0 0 255 255 255 0
    255 255 155 101 87 0 0 255 139 255 255 255 255 255 255 0 0 0 255 0 0
    0 255 0 255 0 255 0 255 0 255 0 201 215 255 0 0 255 0 255 5 255 0 0
    222 255 0 0 0 255 255 0 255 0 75 255 255 255 0 0 255 255 61 255 0 0
    74 255 255 0 0 255 255 255 0 0 0 0 198 138 255 255 255 228 254 185 0
    255 0 255 0 0 255 255 0 0 0 255 255 0 255 0 191 0 255 165 255 255
    255 0 255 213 0 110 0 255 0 0 180 84 255 0 25 255 0 0 255 255 255 0
    0 255 0 0 24 255 255 0 83 255 0 255 69 255 251 206 0 255 255 255 0 0
    80 255 0 255 0 255 0 255 255 232 0 0 41 255 255 255 146 0 0 0 255 0
    255 0 255 0 255 244 255 157 255 200 0 255 170 255 255 0 0 0 11 255 0
    0 0 255 0 255 0 255 0 0 255 255 0 255 0 0 99 0 37 255 255 0 88 255
    255 0 154 138 170 255 255 0 0 255 133 0 0 0 0 255 255 255 0 255 0
    255 105 0 0 255 36 255 0 0 255 255 255 58 0 12 0 0 0 0 100 255 255 0
    101 0 154 255 0 214 0 255 0 255 255 0 0 0 255 255 199 0 255 0 0 0
    255 255 153 255 0 255 255 0 0 255 0 84 0 255 255 0 75 0 255 0 255
    189 0 0 255 195 255 255 255 0 0 0 0 255 241 0 255 255 227 0 0 255
    102 237 64 0 255 0 234 0 0 255 255 255 0 255 130 255 0 0 0 255 80
    255 255 0 0 0 255 0 255 0 255 255 0 221 32 0 0 255 224 255 0 255 0 0
    255 115 0 234 0 255 143 18 255 0 255 255 0 145 255 255 0 216 0 255
    230 77 0 0 0 255 255 0 255 0 173 0 255 125 0 64 255 255 0 0 0 0 0
    248 255 27 255 0 0 255 255 0 39 0 255 255 83 0 0 255 0 255 255 255
    91 255 0 255 22 0 255 125 255 255 0 255 0 0 255 255 0 0 1 0 255 0
    255 0 0 0 255 153 0 255 0 255 0 255 0 255 194 0 255 255 0 0 124 255
    238 149 0 192 255 187 0 0 255 251 255 210 255 132 0 24 255 0 255 255
    29 204 0 0 126 238 255 186 255 0 79 0 255 0 255 0 255 251 237 0 255
    255 255 0 255 0 255 255 0 255 255 0 255 0 255 255 255 255 255 86 255
    255 0 0 255 255 255 0 0 0 0 0 179 0 255 255 255 67 255 255 255 0 255
    0 255 0 111 0 0 19 255 0 0 87 0 255 72 255 0 0 0 255 0 0 0 255 0 0 0
    255 255 0 255 27 0 0 255 46 255 0 255 0 0 117 255 255 0 0 255 255
    255 0 0 0 0 0 255 243 255 255 108 255 255 189 0 13 0 255 255 52 0
    255 255 255 0 0 0 0 255 255 255 0 0 0 0 255 0 255 0 0 0 0 255 255
    255 21 19 255 255 207 84 183 0 0 255 255 255 255 0 255 0 122 0 23 29
    95 255 66 0 0 255 255 255 255 0 0 255 68 255 0 0 0 178 255 29 73 0 0
    255 255 142 136 109 0 255 255 255 0 213 233 255 163 255 0 120 0 0
    255 193 0 0 251 249 3 252 255 0 255 255 255 0 255 255 255 0 0 31 0 0
    255 106 33 56 255 255 255 0 0 0 148 255 255 80 0 0 255 0 255 0 0 66
    255 255 0 255 255 0 255 83 255 0 0 255 255 255 0 0 255 255 0 0 255 0
    255 0 255 0 240 255 255 255 0 0 0 0 255 255 255 16 0 255 41 255 255
    255 0 0 0 96 170 234 255 0 255 128 255 0 145 255 0 0 0 163 255 0 0 0
    255 78 152 0 0 184 255 255 165 255 0 0 255 255 0 0 0 255 255 255 255
    181 255 0 0 0 255 0 0 0 0 255 27 0 255 0 255 105 0 193 239 0 221 0 0
    0 255 255 255 133 0 0 255 147 255 216 255 255 0 123 255 255 255 255
    154 221 0 0 0 118 0 57 130 0 0 255 255 229 0 0 255 255 0 0 255 255
    255 255 0 255 88 110 0 255 255 0 0 213 65 255 0 255 0 0 255 143 255
    0 0 255 0 255 255 0 255 0 255 100 255 157 255 255 0 255 207 255 0
    255 0 0 255 0 255 255 128 0 0 255 255 255 241 255 0 0 255 255 255 0
    0 0 255 255 57 255 174 0 0 0 255 255 0 255 228 255 0 0 0 0 255 255
    255 255 255 0 248 255 67 0 239 48 255 0 0 18 255 255 0 255 255 255
    255 0 0 255 105 255 0 18 170 0 32 177 0 0 255 255 255 42 0 0 255 255
    0 0 0 255 255 0 230 95 127 255 255 185 255 255 255 0 0 0 143 255 255
    255 255 255 0 255 0 66 0 0 255 255 255 0 255 0 255 0 79 0 0 107 0
    255 134 0 0 255 255 0 255 0 0 0 255 255 237 34 0 126 0 27 255 255
    255 255 7 0 0 0 255 255 255 255 255 0 0 0 12 0 255 255 255 16 255 0
    255 0 255 140 0 0 255 157 0 0 0 24 45 255 0 0 161 255 0 255 0 0 0 0
    255 1 0 221 0 255 255 91 0 40 0 255 255 255 0 217 255 255 255 43 255
    0 169 255 0 255 82 47 0 255 255 255 0 255 255 0 14 255 255 0 0 0 255
    255 255 0 0 0 0 255 255 255 0 0 150 0 0 87 0 0 181 255 255 255 31
    255 0 255 0 255 0 255 0 191 0 255 255 255 39 255 255 0 0 255 255 255
    0 22 255 153 26 255 255 255 62 0 0 0 0 185 255 255 0 3 255 255 255 0
    0 255 110 0 0 0 255 214 0 199 0 255 0 255 0 0 0 255 255 0 113 0 255
    90 255 0 255 0 28 0 255 255 255 0 0 0 255 255 0 0 0 255 255 255 108
    255 212 255 0 0 131 0 0 255 0 0 0 255 255 0 255 255 255 255 255 0 0
    0 255 255 255 0 255 0 0 0 0 0 126 0 255 0 255 255 0 255 231 255 0
    255 255 0 255 0 255 255 0 0 255 255 0 0 255 255 0 255 0 156 0 0 0
    255 255 255 0 0 233 255 76 0 255 47 255 255 255 0 0 0 23 0 0 0 0 255
    78 255 0 255 0 0 0 255 0 0 255 255 255 255 255 0 241 0 255 0 255 255
    255 19 255 0 27 0 221 82 0 0 0 0 7 62 255 255 0 0 255 0 29 255 160
    90 0 70 255 255 148 0 0 0 0 255 255 255 0 0 255 255 0 90 51 169 137
    0 255 0 152 255 255 0 243 255 0 180 0 255 255 0 0 0 255 255 255 255
    139 40 0 255 0 0 89 0 255 180 255 160 255 0 0 161 0 255 255 128 255
    0 10 0 255 0 173 0 255 255 255 0 0 119 255 240 255 0 0 0 97 150 61
    213 0 255 0 255 255 255 0 131 255 0 0 255 0 80 0 0 255 0 0 0 255 0 0
    0 0 255 255 255 219 255 147 0 255 255 255 0 0 255 0 0 255 255 0 46 0
    173 255 255 0 0 159 255 255 0 255 0 0 0 0 0 0 255 0 255 0 0 0 0 255
    255 255 255 255 0 0 255 255 0 0 0 255 255 0 180 0 255 255 255 169 0
    255 255 0 0 0 0 255 216 0 49 255 255 255 0 0 0 255 255 0 0 255 186 0
    0 255 255 0 255 255 0 255 0 232 0 132 0 7 227 255 0 0 0 255 0 255
    182 255 0 0 255 136 227 51 255 0 255 157 255 255 0 0 255 184 255 255
    135 0 211 0 121 210 255 255 255 121 255 0 0 0 255 0 255 255 255 0
    255 0 255 0 255 255 255 0 66 255 255 0 0 0 255 71 255 255 0 255 0 0
    0 255 0 255 255 0 38 0 90 255 255 255 31 0 0 255 44 255 0 0 52 0 0
    255 190 255 0 112 0 255 255 255 146 0 0 255 133 255 0 255 255 28 0 0
    0 0 255 23 255 40 255 255 14 0 93 0 255 255 255 255 0 0 36 176 0 255
    238 255 0 255 75 253 0 213 0 255 0 255 255 66 229 0 255 255 255 0
    255 236 255 0 0 0 255 255 255 255 219 0 255 255 51 255 255 255 255
    255 0 100 0 0 255 46 255 206 255 0 255 0 56 7 255 163 255 0 215 0 0
    0 255 255 85 0 255 255 140 255 0 206 253 65 255 255 255 0 0 255 86
    255 255 255 255 0 0 0 255 0 0 27 115 255 0 0 0 196 0 255 0 114 0 255
    0 255 179 255 255 0 0 255 255 255 255 255 255 0 255 0 67 168 255 255
    0 0 0 0 255 255 218 0 255 255 0 233 0 255 255 0 0 2 255 255 0 45 0 0
    255 0 143 255 255 255 0 255 0 0 0 255 0 10 0 255 0 255 0 0 255 0 255
    0 255 255 255 0 255 255 255 255 0 0 0 0 255 0 255 66 255 255 255 255
    0 0 39 0 255 0 0 255 255 255 0 0 106 255 0 0 0 255 255 255 66 119 61
    0 255 0 255 0 169 0 131 0 19 0 21 255 255 255 0 0 255 0 255 255 26 0
    86 255 255 255 255 154 121 200 255 255 255 0 0 255 255 255 255 255
    255 171 0 0 255 125 0 0 169 255 0 255 255 255 0 255 0 255 0 0 0 0
    255 255 62 0 0 0 0 255 0 0 255 0 255 0 255 255 255 255 0 0 255 145
    255 0 0 67 255 0 106 255 0 232 25 0 255 255 255 0 255 0 255 0 255 70
    132 0 0 0 255 255 0 0 37 0 255 0 255 139 0 0 255 255 0 0 0 255 95
    255 0 185 52 255 0 59 0 255 255 0 0 0 255 255 0 0 0 0 255 255 255
    255 0 0 0 255 0 255 0 255 11 0 255 255 0 0 255 255 63 90 0 0 0 217
    255 0 255 0 255 255 255 0 255 58 125 230 102 0 255 0 255 0 255 0 0 0
    0 0 255 255 0 0 165 255 0 255 255 146 38 0 0 255 255 255 0 255 255
    255 0 201 255 255 0 0 147 0 255 255 171 255 255 190 255 0 125 0 0 0
    0 0 0 255 255 255 0 232 0 255 202 6 255 83 0 0 0 239 67 255 255 0
    255 236 0 255 255 255 0 0 255 0 255 182 255 255 255 255 24 0 58 255
    240 255 255 0 255 0 137 0 55 0 0 0 255 255 96 0 0 42 0 255 0 255 255
    255 0 186 255 255 113 0 255 0 255 255 0 0 255 1 7 255 255 0 255 0 61
    255 255 21 255 255 0 0 255 0 255 0 255 0 255 0 255 70 255 0 255 255
    255 45 0 255 0 255 19 140 255 255 255 0 0 3 0 255 0 0 0 219 0 0 1
    244 0 255 0 255 255 0 0 147 0 0 0 23 9 255 186 0 73 255 194 255 0
    221 0 255 0 0 0 255 0 255 227 255 255 0 246 0 97 0 255 255 0 0 255
    255 0 255 167 255 0 30 255 255 255 255 122 0 0 254 255 255 255 0 0
    255 255 255 0 37 119 255 0 0 0 234 255 12 255 0 255 0 255 0 255 0 0
    0 255 99 198 255 0 0 0 255 63 0 0 0 186 255 0 255 0 0 0 255 255 255
    0 0 172 0 255 0 255 0 0 0 255 255 0 255 255 255 245 169 0 0 0 255 25
    255 255 255 0 255 0 255 0 0 0 0 0 255 255 255 0 35 255 47 0 0 0 255
    255 0 132 0 61 255 255 0 0 0 255 255 134 53 215 255 152 0 255 0 0
    255 50 255 0 255 255 0 0 0 255 20 255 0 163 143 255 0 66 0 255 80 0
    0 0 0 255 0 255 0 255 0 0 150 255 255 255 0 0 0 0 0 255 0 0 0 83 255
    255 255 255 124 0 0 0 0 0 255 0 255 11 255 71 90 0 255 255 255 22
    255 0 255 255 255 255 66 176 0 0 0 0 255 255 255 0 255 255 255 77 0
    0 255 255 255 255 249 255 255 8 0 0 0 0 0 255 255 255 0 49 0 255 230
    255 92 179 0 0 177 255 255 255 0 0 255 255 0 0 0 255 255 255 255 255
    255 255 255 255 255 255 0 0 0 0 0 255 255 0 0 173 73 255 83 255 0
    231 0 255 252 0 148 28 196 255 0 0 255 0 223 0 255 255 255 0 0 255 0
    255 255 255 211 0 0 255 75 0 0 0 0 255 0 255 255 255 0 0 0 0 0 255
    235 255 181 252 255 5 255 0 134 0 255 255 255 0 0 255 0 255 0 0 255
    207 76 255 0 255 255 186 255 0 255 0 255 255 135 255 0 0 0 255 22
    255 255 255 255 255 255 118 0 0 255 0 0 0 0 26 31 0 255 255 0 0 0
    181 0 255 250 130 22 255 41 0 0 255 255 255 0 216 255 153 0 0 0 255
    255 255 255 0 0 0 255 0 255 0 255 255 255 0 225 105 0 255 255 255 0
    0 0 255 255 0 0 0 0 0 255 255 85 72 154 255 0 255 0 255 0 0 128 111
    0 255 0 255 118 255 83 255 20 255 17 0 255 0 255 0 255 255 85 0 247
    0 164 0 255 0 255 255 255 0 191 0 255 255 255 0 43 255 64 255 0 255
    149 255 0 0 0 255 255 255 0 0 0 255 255 255 0 175 255 255 0 0 0 255
    75 0 0 255 255 255 0 255 255 0 255 0 255 195 0 255 255 255 14 1 255
    0 255 69 255 0 0 255 255 255 255 0 0 80 255 0 255 72 255 59 255 255
    255 0 255 0 255 0 0 0 255 255 0 0 0 255 239 181 255 0 0 0 12 0 255
    116 165 0 255 255 255 255 255 81 0 0 0 255 0 255 141 255 255 255 0
    221 255 0 0 0 255 63 255 0 36 255 255 199 0 241 221 255 255 0 202
    255 0 0 0 255 255 255 0 176 150 0 130 62 0 255 255 255 0 255 255 255
    9 255 255 255 0 255 0 255 0 0 255 255 0 0 0 255 130 67 255 0 255 0 0
    0 255 102 0 0 0 255 255 255 225 0 0 255 255 5 0 0 255 0 255 255 255
    0 0 255 185 255 0 72 0 255 255 201 0 211 0 116 255 102 0 0 39 0 255
    0 255 255 255 255 0 0 255 183 228 148 0 215 46 122 0 255 67 255 253
    255 255 255 0 0 0 0 255 255 25 0 164 0 55 78 255 144 255 0 255 0 0 0
    255 0 255 158 174 255 126 0 255 204 0 0 0 255 167 235 0 0 255 255
    255 207 0 255 0 0 0 0 255 63 148 0 0 0 207 0 255 0 255 255 156 56
    255 0 255 0 0 255 255 0 178 134 0 248 255 65 255 0 255 1 0 14 255
    255 0 255 0 224 0 255 43 0 0 255 137 255 0 0 255 255 255 0 255 255
    255 0 255 0 255 0 255 0 213 198 0 255 0 255 67 255 162 255 255 255 0
    40 255 255 0 255 255 21 255 255 0 0 0 255 0 255 0 255 255 25 71 0 0
    0 255 255 0 0 0 0 255 19 0 255 223 0 59 0 0 0 0 255 161 255 0 255
    255 0 0 0 51 255 22 0 255 255 0 0 0 255 255 0 0 152 151 0 255 0 255
    255 255 0 148 0 33 255 255 255 255 2 255 2 255 0 0 0 0 0 0 195 255
    255 0 214 255 255 0 0 255 0 255 0 255 0 0 114 0 255 0 255 229 92 255
    0 0 255 255 255 0 25 10 244 0 0 195 255 0 0 0 255 0 154 255 33 0 0
    255 255 255 116 0 0 166 0 255 20 255 0 0 0 102 0 255 255 0 10 0 0
    255 255 255 0 0 0 255 0 255 255 0 0 255 255 255 0 215 250 255 255 34
    255 0 255 255 255 255 0 0 0 177 255 0 0 0 0 255 255 0 144 255 255
    255 0 0 255 46 255 0 104 0 255 0 255 142 255 0 0 0 255 45 227 255
    230 255 255 255 118 255 0 0 255 255 126 255 31 0 5 20 255 197 0 0 30
    255 255 166 255 178 255 0 255 235 0 0 255 255 255 0 0 255 0 0 0 255
    255 0 48 0 71 17 255 255 50 0 0 0 255 0 0 0 0 22 0 255 255 255 0 0 0
    255 52 255 0 255 0 255 47 4 0 187 0 60 255 0 255 0 0 0 255 255 255 0
    0 255 0 0 142 24 0 21 255 255 0 0 149 255 255 255 255 0 0 0 0 255
    255 255 0 0 255 172 20 255 228 255 0 0 0 0 255 255 0 228 0 0 255 0
    255 255 103 0 73 0 255 0 0 0 255 255 0 201 255 255 0 255 29 0 255 0
    8 0 255 0 255 211 0 0 255 255 255 0 0 102 255 0 26 0 255 0 255 255
    255 255 255 255 142 0 0 0 0 255 50 74 0 255 0 0 0 255 104 255 0 170
    0 0 255 88 255 0 255 255 255 255 0 255 0 255 84 255 255 0 0 0 255
    255 255 0 0 145 255 255 255 0 255 0 0 0 0 0 0 0 255 107 255 187 255
    255 181 0 0 0 0 0 0 0 255 170 255 0 0 0 0 255 100 255 0 255 0 0 0 0
    255 175 255 255 255 0 235 0 0 255 0 0 0 42 255 255 0 0 0 186 0 0 0
    255 0 0 255 255 255 0 255 31 255 0 0 154 55 0 255 255 0 255 0 0 0 0
    44 169 255 0 255 255 255 63 255 222 0 255 255 0 13 0 0 255 0 255 255
    255 0 152 255 255 0 0 0 255 152 102 121 255 0 0 0 0 255 0 255 255
    255 255 131 13 0 255 0 0 0 6 255 117 0 255 255 255 152 0 0 30 0 255
    255 0 111 255 255 255 0 255 208 255 255 255 0 0 255 255 255 110 0 0
    86 0 0 101 255 255 0 255 255 0 255 0 255 255 255 0 0 255 0 255 0 0
    244 21 255 0 186 0 255 0 255 0 0 0 255 255 255 0 0 223 0 255 0 255
    255 255 180 41 0 0 255 255 255 0 24 255 255 255 255 254 255 0 0 192
    0 255 0 255 255 255 255 24 0 0 0 151 0 255 255 39 255 255 0 0 0 255
    255 0 239 0 255 255 20 0 150 0 235 0 0 79 255 255 0 255 193 255 255
    0 0 255 255 255 165 255 0 255 216 0 0 0 0 255 255 0 255 197 0 255 0
    212 0 255 255 233 255 0 255 0 0 0 0 0 0 248 0 255 0 255 0 0 255 10 0
    0 0 0 97 255 255 255 2 74 50 255 0 255 0 255 255 0 255 0 255 255 0 0
    255 87 0 0 255 255 255 202 255 0 106 252 0 255 83 255 0 255 0 255
    222 0 0 0 0 255 255 255 10 255 255 255 179 0 0 136 255 51 0 0 255
    218 0 0 0 0 255 0 196 0 255 255 255 255 0 0 255 255 255 255 255 255
    232 0 0 255 0 0 0 100 255 239 255 0 0 0 255 0 255 189 255 0 83 107
    255 0 0 255 0 255 0 255 242 0 175 29 0 0 255 255 255 160 0 136 0 0 0
    255 255 255 211 66 0 133 162 0 0 255 1 255 255 255 25 0 255 255 255
    255 0 112 67 255 0 0 98 255 45 255 0 255 99 255 255 0 255 0 12 255 0
    255 157 255 0 255 0 255 255 0 255 44 255 239 0 255 255 255 34 0 0
    122 255 255 0 68 223 37 0 0 255 255 144 0 255 0 99 255 255 255 255 0
    255 13 251 0 255 255 255 0 249 255 255 0 0 125 255 0 255 151 255 0 0
    167 135 255 0 90 0 255 0 86 0 255 0 255 0 255 0 0 0 0 0 255 255 0
    255 84 255 0 255 255 201 255 0 255 0 0 223 255 0 0 0 255 253 64 189
    255 0 0 255 255 255 0 61 0 255 0 255 255 255 0 0 255 0 170 0 255 255
    255 218 0 0 0 0 255 255 255 255 197 255 0 0 0 255 0 255 0 69 255 255
    132 0 255 255 0 255 0 0 123 255 0 0 221 255 0 0 6 255 255 0 255 255
    0 255 0 255 50 0 255 0 0 0 255 0 0 255 89 255 0 255 0 0 165 0 255 0
    255 0 255 210 255 255 201 255 255 207 0 0 0 0 255 255 115 3 249 255
    8 255 114 61 255 0 255 0 0 0 0 255 255 255 0 255 0 0 0 0 255 255 255
    255 0 0 255 255 229 255 255 0 255 0 0 0 255 0 0 0 255 255 157 0 213
    152 0 255 0 232 255 0 255 255 0 118 0 0 0 255 255 255 0 255 0 25 171
    255 200 0 0 0 0 0 255 255 255 0 0 255 0 0 0 255 180 255 255 255 0 0
    0 0 0 255 255 0 255 0 255 0 255 0 174 255 255 255 0 0 0 255 0 183
    167 255 255 0 255 59 27 65 255 255 255 0 71 0 0 0 255 255 255 255
    231 0 255 0 255 0 244 195 255 255 147 0 0 0 255 255 0 255 201 0 255
    176 255 0 255 255 255 255 0 0 0 255 25 214 255 255 0 0 255 255 255 0
    255 255 0 255 255 255 0 0 255 0 216 0 0 255 255 0 0 255 0 255 64 255
    0 255 0 0 0 125 0 138 73 255 255 120 0 0 0 255 255 216 0 0 255 0 255
    0 164 0 255 0 255 255 255 255 255 255 0 0 0 62 255 255 255 0 0 0 215
    255 0 225 0 255 237 250 255 216 255 0 0 0 86 255 255 0 255 129 4 234
    255 0 0 0 255 255 255 255 0 201 0 0 255 186 0 0 231 255 255 0 0 0
    255 255 97 0 28 134 0 255 255 0 51 127 255 255 0 255 255 255 109 255
    0 0 0 255 146 154 255 218 255 0 146 0 255 0 0 0 255 0 255 255 75 255
    0 0 157 220 255 255 129 0 255 113 16 219 255 0 0 0 215 0 255 39 255
    255 0 0 0 255 255 255 0 0 0 255 0 0 0 0 0 255 255 255 0 255 106 255
    228 152 0 255 153 255 255 0 3 255 255 255 255 255 94 0 159 255 255 0
    0 255 0 0 255 255 0 0 255 0 149 255 255 0 0 255 89 0 0 115 0 0 255
    255 255 0 0 0 84 106 255 255 0 0 255 199 255 0 37 255 0 0 0 255 0 0
    233 255 255 0 255 0 255 0 255 0 255 33 0 255 255 64 0 0 255 255 0
    255 107 255 0 255 149 92 0 0 255 255 0 0 87 0 255 0 255 0 255 0 255
    0 0 0 0 165 0 0 0 255 255 255 19 255 0 0 0 255 255 255 255 0 0 0 0
    255 0 255 0 255 0 255 0 0 0 255 255 255 34 0 255 0 0 0 111 0 0 255
    255 0 0 0 87 255 0 201 0 255 255 255 255 0 87 255 0 31 79 105 30 0 0
    0 96 255 19 133 0 0 0 255 255 255 125 0 0 0 0 237 0 218 0 0 255 88
    255 0 195 255 255 57 0 0 255 0 255 127 255 0 0 0 106 56 17 0 0 0 255
    252 0 159 0 255 36 0 0 0 255 0 255 255 0 103 192 255 0 195 255 0 225
    91 255 255 214 50 255 0 0 221 255 255 118 0 255 0 255 106 255 255
    255 0 0 0 255 0 255 205 0 255 255 219 0 0 113 255 133 255 0 255 255
    139 0 0 255 0 0 0 0 255 255 255 255 226 0 0 152 128 0 255 0 186 0
    255 0 255 252 255 255 87 0 255 0 245 0 0 255 6 255 255 0 20 0 255 29
    210 0 255 0 0 69 0 255 0 255 0 0 0 255 255 54 147 219 0 0 0 90 31
    255 255 255 0 0 0 255 255 0 255 188 255 255 255 0 0 0 121 255 255 0
    0 103 0 255 0 255 0 255 0 255 0 255 255 174 0 255 255 95 0 234 0 138
    0 0 81 255 0 114 192 134 255 255 0 0 0 255 255 255 21 255 37 255 0 0
    255 0 255 255 255 255 158 0 0 0 255 255 0 0 227 246 255 0 255 0 133
    0 255 255 0 0 0 255 255 255 0 0 0 255 255 255 235 255 0 255 0 255 0
    255 255 0 0 0 6 226 255 0 255 10 26 179 255 255 0 99 0 50 0 255 0
    255 0 255 255 255 233 0 0 0 1 255 255 255 0 0 0 255 0 255 0 140 0
    255 255 255 0 0 255 255 255 0 0 0 0 255 0 0 0 255 95 255 0 255 255
    116 0 0 13 212 255 0 188 255 0 0 137 255 255 255 255 255 0 255 255 0
    0 0 0 0 255 255 192 0 0 255 0 255 255 100 255 218 222 8 255 255 0 0
    0 48 0 255 0 227 0 248 255 255 255 0 186 0 255 88 0 87 0 255 0 255 0
    255 0 255 0 0 0 255 255 219 0 255 23 255 0 0 0 255 255 255 0 0 255
    255 255 0 0 0 255 255 49 109 255 255 0 212 255 255 79 255 6 0 255
    255 255 255 61 255 0 11 0 255 255 255 255 0 0 21 0 0 0 0 255 255 255
    0 24 0 255 255 0 0 0 0 0 255 0 171 255 255 255 255 18 0 110 0 255
    255 238 0 0 255 255 95 0 0 255 255 255 0 255 0 245 47 118 158 255
    255 0 255 153 255 48 232 221 255 21 255 0 255 0 255 0 255 243 79 64
    0 255 0 0 0 255 255 255 0 255 0 255 0 255 0 0 85 0 255 255 223 45 0
    183 255 255 224 255 52 0 0 0 255 33 255 188 255 255 0 0 0 255 212 0
    0 255 255 255 0 255 0 0 0 0 0 102 255 255 201 0 0 0 255 255 255 255
    0 255 0 255 255 0 113 0 255 0 0 255 0 255 255 0 153 0 0 255 255 255
    89 0 93 255 255 72 0 0 255 255 255 0 255 255 255 255 255 184 239 0 0
    255 255 255 0 255 0 255 0 111 0 255 196 255 0 255 0 255 0 255 255 30
    0 255 0 177 0 0 0 255 255 61 0 255 202 255 0 228 0 0 0 255 255 255 0
    255 0 0 0 175 250 255 0 255 255 255 255 0 0 0 255 255 83 255 255 0
    255 0 255 255 255 0 255 217 124 0 115 255 201 255 255 255 255 0 0 0
    255 255 0 255 140 255 0 255 0 255 58 255 3 255 50 255 255 0 255 145
    255 0 28 0 255 0 255 112 0 0 255 255 255 255 0 0 0 255 255 255 22
    241 255 0 0 0 255 226 0 0 255 0 213 243 0 255 168 244 0 255 0 255 0
    255 0 255 255 195 0 127 0 255 190 39 0 96 189 255 0 0 0 0 255 255 0
    255 0 222 0 255 255 255 0 255 255 0 255 0 25 0 206 0 0 0 255 139 255
    255 188 0 0 0 0 255 0 0 255 255 255 0 49 255 255 71 0 9 255 255 255
    0 0 39 255 255 255 0 255 0 0 33 0 255 255 255 255 86 173 0 0 0 255
    255 0 235 0 0 0 255 162 57 0 255 255 255 255 0 0 255 99 109 0 208
    255 129 112 0 0 255 255 0 6 0 58 255 0 0 117 221 255 255 255 255 0
    221 120 240 255 47 255 0 255 0 31 0 28 133 0 0 62 246 255 0 135 255
    0 0 0 0 0 79 0 0 58 255 24 232 255 255 255 0 0 255 255 255 0 21 0
    255 255 0 122 0 255 255 163 37 0 255 0 255 115 255 255 0 0 255 252 0
    0 0 0 255 216 255 51 255 255 0 0 0 224 255 255 255 255 0 0 0 0 255
    255 255 0 255 0 0 142 0 255 0 0 47 255 255 122 0 0 255 255 255 255
    92 0 255 0 255 0 0 0 255 176 255 0 32 255 253 0 184 255 104 255 255
    255 235 255 0 255 87 223 0 161 255 0 0 0 255 85 255 0 255 255 0 0 0
    0 0 255 0 0 255 255 255 0 255 0 0 165 0 255 0 255 0 255 0 255 0 115
    0 185 255 255 176 255 148 255 177 205 0 0 0 15 0 255 254 255 255 255
    0 255 255 154 255 0 0 0 0 0 27 0 255 241 0 0 255 255 255 0 0 96 0
    255 0 0 0 255 0 255 255 142 0 0 0 13 48 65 255 82 255 255 255 0 0 0
    255 145 255 0 255 0 255 0 255 255 217 255 0 0 88 0 255 0 255 255 255
    255 0 255 236 0 255 255 255 255 0 0 159 49 255 98 255 251 0 255 26 0
    0 0 255 0 255 255 255 0 0 255 255 0 0 255 255 0 0 73 255 0 0 174 255
    255 0 0 82 255 255 255 255 0 0 255 0 255 21 84 0 0 255 0 0 33 255
    255 75 110 0 255 0 0 133 0 255 162 255 0 208 0 0 0 255 255 69 88 0 0
    61 0 255 0 127 0 255 120 255 173 95 255 255 118 78 255 255 0 0 0 255
    0 255 255 255 39 249 0 255 255 255 255 255 255 255 0 0 0 255 202 24
    0 255 255 255 255 0 0 255 160 236 132 0 255 255 0 255 0 143 0 0 255
    255 0 255 170 255 0 0 0 162 176 255 255 27 0 69 255 255 0 255 0 0
    255 255 255 0 249 0 255 251 255 255 155 255 0 0 0 0 146 0 207 255
    255 255 0 226 255 255 255 0 0 255 74 255 0 219 0 153 255 0 0 109 255
    0 255 92 255 0 0 255 255 0 0 0 255 255 221 255 0 255 0 0 255 0 255 0
    255 195 255 0 0 17 255 120 0 67 255 0 109 255 255 75 0 255 0 255 0
    255 0 255 0 255 0 0 206 255 255 255 205 0 0 255 255 0 0 40 255 255 0
    0 0 0 255 255 0 0 100 221 223 0 0 158 255 255 0 50 122 0 235 255 0
    255 0 255 255 112 255 0 0 0 20 255 0 255 255 255 222 255 189 0 0 255
    255 0 255 0 255 0 0 0 186 255 0 165 166 255 185 22 118 255 0 255 255
    255 255 0 255 0 168 255 255 0 0 0 255 255 0 255 255 255 0 255 109
    255 0 197 111 0 255 0 0 252 255 0 0 220 0 0 38 255 235 0 255 255 100
    0 0 0 0 255 255 0 126 0 75 0 255 176 255 0 246 255 255 0 0 0 255 0
    255 81 255 0 130 0 255 255 255 255 255 212 0 0 0 0 255 60 255 93 255
    0 0 0 255 255 67 0 0 189 255 0 255 0 0 0 0 255 255 255 0 0 231 220 0
    255 0 0 0 0 0 0 219 214 255 255 0 0 105 255 255 204 22 255 255 0 255
    0 255 255 255 0 255 255 79 255 255 0 0 0 255 105 255 0 215 255 0 255
    222 255 255 0 0 132 255 0 247 136 30 255 0 255 0 152 0 255 255 0 101
    255 255 255 255 255 17 191 255 211 255 0 255 0 234 0 255 0 255 19
    255 255 255 0 0 255 255 255 255 0 38 0 61 0 148 18 0 37 0 0 0 0 255
    255 255 0 0 0 29 0 0 151 0 255 255 255 68 0 255 0 0 0 255 255 255 0
    102 0 255 125 252 0 0 247 255 255 255 0 0 0 255 0 255 255 255 255 0
    130 251 0 0 0 236 255 0 255 0 127 0 255 211 0 255 0 255 0 255 121
    255 0 255 0 0 255 255 255 0 127 0 160 60 255 255 66 0 0 91 0 255 0
    255 0 244 255 248 0 0 0 0 255 255 255 255 255 0 255 255 0 213 0 255
    0 255 0 5 255 255 255 0 255 255 255 0 210 255 139 255 66 255 36 0 43
    255 255 35 255 255 30 255 255 164 0 0 0 58 0 0 19 117 0 255 255 0
    135 255 255 0 0 0 255 255 255 0 0 0 164 0 0 217 0 255 255 255 255
    255 102 0 255 0 255 255 255 255 0 0 0 0 89 0 255 14 0 46 78 0 230
    255 210 0 108 140 255 0 255 255 0 0 0 255 255 0 0 0 255 255 0 0 255
    255 0 0 255 255 0 0 161 255 0 255 143 0 0 255 85 255 255 255 204 255
    255 255 0 0 0 255 105 255 0 255 195 0 255 108 255 204 0 0 0 255 255
    0 0 0 45 108 255 176 255 0 198 255 255 255 0 49 255 142 0 0 0 249 0
    255 255 155 255 255 255 0 0 255 255 255 3 219 255 128 255 0 0 86 255
    78 0 255 255 0 166 156 255 255 248 0 235 0 255 0 200 255 255 0 0 255
    255 0 0 255 255 255 0 255 255 0 0 0 0 255 0 0 0 255 255 0 0 144 255
    255 0 0 0 255 255 29 255 0 0 255 0 0 89 60 255 0 0 0 255 68 0 0 255
    0 255 255 0 255 5 0 0 0 0 0 255 255 255 255 169 0 0 0 255 162 255 69
    0 0 0 0 0 212 255 255 130 0 4 255 0 255 255 0 178 0 0 68 255 0 0 0
    255 255 86 0 255 255 154 148 255 184 0 0 255 255 255 0 0 212 0 255
    255 255 0 237 0 255 255 255 0 0 0 255 129 255 73 173 0 255 255 0 0 0
    255 0 0 255 17 255 0 255 255 255 255 142 0 158 255 0 255 255 92 0 0
    0 255 65 0 49 0 255 0 255 171 255 255 255 62 0 0 255 0 112 0 255 0 0
    0 0 237 255 255 255 0 0 0 255 0 255 0 255 255 0 0 18 171 255 194 255
    0 249 255 255 211 255 0 192 0 255 255 255 255 255 0 255 255 255 0
    255 255 255 0 28 0 0 0 255 203 101 0 0 213 59 71 54 0 255 255 113 0
    255 0 255 0 0 255 255 255 0 255 255 0 0 0 255 255 156 0 0 255 255
    255 0 20 0 0 255 255 0 0 255 156 255 255 255 0 0 255 255 255 255 0 0
    160 255 255 0 0 255 255 255 255 151 0 0 0 0 255 0 255 0 255 0 255 0
    0 0 0 255 255 255 208 0 255 236 0 255 0 255 0 255 188 255 192 0 255
    255 255 0 33 255 0 0 255 255 255 0 255 0 0 0 255 255 255 96 0 255 0
    255 0 37 193 200 0 0 255 0 0 0 255 255 100 255 0 0 0 255 226 255 255
    255 0 0 0 0 255 255 187 189 255 60 255 0 255 0 255 146 0 46 10 0 255
    255 0 0 0 231 0 177 0 255 255 0 255 0 255 0 255 0 0 0 255 255 255
    102 1 255 255 0 0 0 255 0 0 255 255 255 0 0 0 91 197 56 0 255 255
    255 0 51 255 255 255 85 255 0 0 106 255 255 255 0 0 255 255 49 0 0
    255 255 255 0 0 0 0 255 255 0 255 255 133 255 73 255 0 240 255 101 0
    0 255 196 255 0 251 0 0 0 255 174 183 0 255 170 255 0 0 255 0 255 0
    255 0 0 138 0 255 255 255 98 0 255 0 0 247 255 155 0 0 255 0 0 0 28
    0 0 0 255 255 91 0 255 85 0 0 0 0 255 255 255 83 255 0 219 0 255 255
    77 0 0 110 255 255 0 0 255 0 219 0 134 255 255 0 0 0 200 0 0 255 255
    0 0 255 255 255 255 0 0 206 0 246 182 255 255 0 0 255 143 190 0 255
    255 255 255 19 255 255 255 0 0 237 214 0 0 0 0 255 255 60 255 255
    255 255 255 0 0 214 0 255 93 0 240 255 255 0 13 43 136 255 255 216
    181 0 83 255 8 0 0 56 0 181 255 255 0 255 0 255 0 255 0 235 0 4 81
    23 187 0 255 255 0 0 0 255 222 255 0 255 255 0 0 0 194 255 255 255 0
    255 255 0 0 0 255 0 255 0 255 0 255 67 255 0 0 0 255 106 255 0 255
    255 111 0 0 71 0 255 0 255 255 0 0 0 255 255 255 0 0 255 255 0 255 0
    255 238 255 255 255 180 255 0 0 0 17 144 36 255 222 255 0 0 0 0 255
    255 255 0 0 255 29 0 0 0 255 0 255 255 0 0 14 105 255 192 0 255 0
    255 0 0 0 255 255 255 255 0 0 0 255 255 255 0 0 255 255 255 75 128 0
    255 80 255 0 0 0 255 255 255 0 0 255 0 45 185 255 199 255 0 255 108
    0 0 0 255 0 0 0 255 0 255 0 255 255 235 76 53 172 255 255 255 0 255
    255 255 141 0 0 255 255 255 0 0 0 68 0 255 0 255 0 255 0 255 0 255
    255 255 255 98 255 0 255 0 255 0 0 8 0 255 0 255 0 255 255 255 166 0
    255 0 255 247 0 255 0 255 0 255 0 146 0 255 255 255 181 255 88 255
    255 255 25 255 228 47 0 255 255 255 0 234 0 255 255 255 255 0 0 0 0
    255 255 255 255 0 255 255 255 0 255 0 255 255 0 255 0 0 0 57 255 219
    0 0 255 250 0 255 255 255 0 137 255 255 255 255 0 0 0 255 255 0 255
    0 255 0 0 0 43 255 255 255 255 0 0 255 255 53 0 161 255 0 98 0 255
    255 255 0 0 255 0 0 255 255 255 0 0 80 221 255 255 255 0 255 255 255
    255 43 0 0 0 0 0 127 162 255 4 255 255 255 255 77 0 255 255 171 0
    105 0 255 0 255 0 255 255 255 0 0 255 255 0 255 0 255 0 255 0 0 255
    0 129 157 255 0 255 0 0 255 0 255 255 255 255 255 0 0 0 255 200 0 0
    255 255 0 255 0 0 0 255 255 20 81 255 255 0 0 0 255 255 255 0 0 0
    255 0 0 255 0 255 255 255 0 255 255 0 0 0 63 108 0 255 255 205 226
    255 255 255 0 0 0 255 255 0 255 0 151 255 255 255 255 0 0 255 53 0 0
    255 255 0 0 0 255 255 0 0 255 233 255 255 208 101 0 255 255 255 255
    0 127 255 255 112 0 0 255 255 255 125 0 0 255 0 195 255 255 202 22 0
    0 20 255 122 0 0 255 0 255 255 189 0 0 36 255 0 18 170 255 255 202
    198 0 255 86 255 255 212 255 0 0 217 255 0 0 0 0 123 255 255 0 255 0
    255 0 8 0 143 0 0 41 255 255 0 0 255 255 212 255 0 0 0 255 255 255
    69 122 0 82 0 0 255 255 255 0 255 255 0 0 0 0 210 255 255 36 0 23
    255 0 0 181 0 0 255 255 0 0 0 255 255 0 0 239 46 255 0 255 255 255 0
    0 255 181 0 255 255 132 0 0 75 139 255 0 0 0 47 84 193 30 0 117 255
    255 227 255 235 0 58 255 0 255 147 255 0 238 0 255 0 156 117 255 6
    255 0 255 2 0 255 0 255 255 0 255 0 255 0 255 91 255 255 0 0 0 0 0
    255 0 255 255 255 255 0 255 71 0 0 0 255 0 89 0 0 0 10 255 255 0 194
    0 255 255 0 70 0 255 255 0 0 0 255 255 255 255 0 0 0 0 0 255 255 255
    0 0 65 214 255 255 0 0 255 0 12 0 255 222 255 0 219 0 0 255 0 255 0
    0 0 255 255 255 255 0 0 0 150 255 255 78 0 255 255 255 0 0 255 255
    255 0 63 6 0 130 0 255 0 0 0 255 255 255 27 255 0 19 166 0 0 255 255
    255 0 255 181 0 0 255 255 255 51 255 113 0 110 64 0 0 0 255 0 247 0
    0 0 255 255 181 255 255 255 0 255 0 195 0 0 0 176 255 255 255 0 0
    255 222 0 0 104 255 177 20 0 0 0 0 255 255 22 255 0 20 0 255 0 255
    255 255 255 28 8 255 0 255 0 255 0 0 0 255 255 255 0 228 0 255 0 255
    0 255 255 67 0 0 255 255 255 255 127 0 0 221 255 255 0 0 255 83 133
    0 0 255 148 255 0 13 0 0 101 255 255 255 206 255 0 7 255 224 255 0
    124 0 255 255 255 0 0 121 255 0 154 138 255 0 255 0 0 0 0 255 203 0
    136 0 255 255 255 255 0 255 255 255 0 0 0 0 255 233 168 255 255 255
    255 0 255 0 0 0 255 131 0 166 0 255 255 255 255 255 255 0 255 0 93
    255 0 255 255 0 0 0 255 0 0 0 0 0 54 0 0 0 255 0 0 255 207 0 255 255
    255 0 0 255 106 255 255 31 0 0 0 255 0 92 0 255 0 255 0 252 180 255
    0 255 171 255 214 176 255 255 0 255 0 0 0 0 255 255 0 0 255 125 255
    173 255 0 0 255 0 0 0 255 255 255 255 0 0 0 0 255 0 255 0 255 255
    148 255 255 255 0 0 0 255 39 255 0 0 0 200 255 0 7 0 235 255 0 255
    35 24 218 0 0 182 255 255 255 255 92 0 0 255 255 87 0 191 255 255 0
    255 0 255 255 255 0 0 127 255 0 0 255 0 0 0 106 0 219 134 255 45 255
    255 0 0 0 4 255 255 255 0 0 0 0 255 247 0 255 82 0 0 255 255 255 0 0
    0 136 255 0 213 154 0 0 115 255 0 255 255 0 0 255 255 229 255 0 0 0
    255 255 0 0 0 255 121 255 255 0 255 84 0 255 0 0 255 0 0 255 235 255
    213 0 183 0 255 255 255 0 0 190 0 0 0 255 14 152 255 0 255 255 0 219
    0 255 255 255 255 0 0 0 255 255 180 0 255 0 255 0 97 66 255 235 255
    0 49 0 25 0 0 255 255 255 0 0 0 255 255 255 0 24 0 159 239 0 0 255 0
    0 0 255 255 255 255 0 0 36 255 255 255 231 0 255 255 0 7 0 255 255 0
    0 51 0 0 0 255 255 255 0 255 0 255 0 255 255 50 255 0 255 0 255 51
    255 137 255 255 67 0 0 255 0 255 255 255 0 57 0 255 0 80 40 255 6
    255 251 0 0 0 0 255 0 178 0 255 90 255 0 255 0 255 0 255 255 0 19
    255 255 0 255 0 255 255 255 255 0 255 0 0 255 255 225 255 0 255 0 0
    42 99 0 255 74 0 255 255 255 255 255 184 28 255 19 0 255 255 0 229 0
    0 0 130 255 40 255 0 0 255 0 0 0 0 0 255 255 0 0 0 0 97 255 65 255
    161 255 0 0 83 0 255 0 255 255 14 18 152 0 20 0 255 0 255 255 0 255
    255 0 255 234 255 0 68 0 0 13 255 255 255 0 0 0 255 255 255 171 0
    255 0 255 0 255 255 0 255 255 0 255 0 0 0 239 236 255 0 255 106 255
    57 255 226 255 79 255 0 0 99 255 255 255 255 255 90 198 0 0 122 255
    255 255 46 0 177 255 0 0 144 255 41 150 0 255 0 255 190 203 57 0 0 0
    255 255 0 255 255 38 0 0 255 255 255 143 0 0 0 255 255 0 0 255 255
    255 0 255 247 255 0 66 0 226 0 59 255 255 255 255 255 255 158 0 255
    0 255 0 255 0 90 255 255 165 255 0 255 230 0 182 237 255 0 0 255 255
    255 255 0 255 0 0 222 255 71 0 255 255 155 255 0 100 0 0 25 255 255
    255 255 137 255 0 46 40 0 255 0 255 0 255 0 255 69 255 169 0 0 255
    178 255 0 0 255 255 0 255 0 0 0 0 189 255 0 255 0 0 32 255 255 255 0
    166 0 0 255 0 0 255 0 0 8 255 255 0 255 255 255 255 255 0 54 0 255 0
    255 15 83 0 0 0 255 0 0 123 255 255 255 0 179 0 255 68 255 231 255 0
    0 1 255 0 255 255 255 0 0 0 178 0 0 213 255 255 140 0 2 255 255 54 0
    0 0 255 0 255 255 255 0 0 134 255 0 226 236 110 21 255 0 0 0 255 0
    141 11 0 255 236 0 219 0 255 201 255 0 0 70 255 255 0 0 0 0 255 255
    221 255 0 0 0 113 255 255 0 0 255 0 0 255 255 255 255 0 19 255 36
    255 168 255 206 0 0 0 115 255 255 255 0 255 255 255 0 0 255 255 255
    0 0 0 255 25 178 0 255 90 255 255 0 0 0 0 79 216 255 255 255 0 255
    255 0 0 0 255 255 0 0 0 255 122 255 255 255 0 62 255 0 0 255 255 0
    255 0 255 0 0 24 175 255 255 44 255 0 255 0 0 135 255 195 255 255 0
    0 0 131 0 255 0 61 0 255 0 0 255 255 0 0 0 255 255 255 255 118 255
    97 255 255 0 3 0 47 0 212 255 0 255 0 0 0 0 255 255 255 0 0 255 227
    255 0 255 0 142 0 249 255 0 0 0 255 255 255 255 255 255 0 255 0 218
    0 40 255 0 0 0 145 255 255 255 170 249 255 255 154 0 0 255 255 98 0
    255 0 8 206 255 255 255 0 0 0 0 255 119 255 255 255 0 255 0 0 0 255
    255 255 255 0 0 255 255 255 0 255 0 122 0 211 0 0 185 255 0 255 160
    0 0 255 255 255 255 0 0 255 0 255 0 255 85 255 0 120 229 0 255 91
    255 0 255 75 255 248 255 255 0 255 255 0 0 6 255 255 0 255 0 255 255
    255 0 0 0 0 255 255 255 0 255 255 255 0 0 255 0 255 255 255 0 0 255
    242 110 52 0 255 143 76 255 0 255 204 0 0 255 0 255 255 0 0 0 255 0
    255 131 255 46 103 68 255 0 255 0 255 0 0 0 0 255 255 0 0 0 255 255
    255 0 0 255 0 0 162 0 255 252 228 255 0 0 0 125 0 44 0 73 0 255 0 0
    0 255 0 0 0 0 255 255 0 255 0 0 0 255 255 164 0 0 255 0 255 255 255
    255 255 219 0 0 0 93 0 101 130 255 0 156 0 255 25 255 255 0 136 255
    255 165 0 0 255 255 255 0 0 255 255 0 0 255 255 255 255 0 255 0 255
    0 255 0 255 255 183 0 255 0 255 137 255 0 255 0 255 0 255 255 255
    255 0 0 164 0 255 0 0 255 0 255 255 255 0 219 0 25 0 0 213 162 0 255
    102 255 0 0 255 0 255 96 189 185 232 255 0 255 196 255 255 255 255
    247 0 192 149 0 0 255 0 255 0 0 37 255 255 88 0 0 0 255 0 0 255 129
    255 0 148 0 151 162 0 255 255 255 255 0 53 0 255 0 0 255 255 37 0 0
    255 199 50 0 0 194 255 58 0 205 0 0 0 0 255 255 149 0 0 255 198 0
    185 255 86 0 0 0 255 0 255 255 0 0 0 0 0 255 8 255 0 0 255 255 0 0
    255 255 255 102 255 109 255 255 255 0 255 0 255 0 163 255 0 0 0 255
    12 255 145 132 0 255 0 112 0 0 255 255 255 0 0 255 255 0 0 255 0 255
    255 255 0 0 0 0 0 255 0 116 0 220 255 255 255 255 0 56 0 255 0 255 0
    255 0 0 0 255 172 255 14 124 255 255 0 255 0 0 255 0 255 0 255 0 0
    36 255 0 0 0 255 0 255 255 255 255 255 3 255 0 0 0 255 0 0 0 255 0
    255 153 0 0 255 107 7 0 255 0 0 255 255 146 255 151 255 0 0 0 193
    255 229 138 255 255 0 0 78 191 255 255 0 0 255 255 255 111 0 255 0
    67 255 173 172 106 255 255 0 255 255 55 255 0 255 255 0 255 0 255 0
    255 255 0 79 0 255 40 0 0 0 0 0 0 255 0 255 0 255 0 255 0 0 229 0 0
    255 255 0 0 0 0 0 0 0 255 237 255 255 255 92 229 0 253 0 80 0 0 255
    0 255 0 255 239 0 0 112 140 0 255 68 102 0 0 0 255 148 255 0 60 0
    255 255 255 0 0 147 223 255 139 0 255 255 255 255 0 142 0 105 255 70
    255 255 0 0 0 0 255 255 9 0 255 0 255 0 0 255 136 255 168 255 0 175
    0 0 18 255 255 255 0 170 0 0 0 255 255 255 255 5 0 255 6 245 255 255
    98 255 0 255 255 100 0 0 20 255 213 255 255 0 222 26 255 0 116 255
    255 255 176 0 255 91 255 255 0 255 0 255 255 0 161 255 255 255 0 0 0
    0 0 255 181 0 255 69 255 0 0 0 255 255 0 0 188 0 0 255 0 0 210 0 255
    207 0 0 203 255 0 179 255 255 255 255 0 0 0 255 255 255 0 0 0 186 0
    0 178 231 255 255 189 0 0 0 0 83 131 0 255 0 255 255 142 115 255 255
    0 255 135 255 0 255 0 255 0 0 255 0 255 0 255 255 255 204 0 255 255
    255 0 255 0 0 66 0 0 0 255 255 0 0 255 255 255 255 191 79 0 0 255
    255 159 255 0 255 255 76 223 0 255 0 255 0 0 0 0 255 0 255 0 0 0 255
    255 0 0 56 0 255 255 255 255 0 0 0 252 0 231 255 255 198 0 0 255 255
    124 175 0 0 196 15 7 0 255 255 255 255 0 255 255 0 255 255 255 255 3
    0 255 201 0 0 0 255 0 255 0 255 0 255 255 255 0 0 0 0 255 255 255
    255 255 255 0 255 0 56 0 166 0 255 255 255 0 255 0 255 0 179 255 255
    0 135 0 255 160 17 0 207 0 0 0 255 249 255 255 255 255 255 255 255
    255 255 163 0 0 255 255 0 0 255 255 0 0 0 0 255 255 50 68 0 0 255
    212 255 255 255 50 0 255 0 0 113 255 0 229 0 146 0 0 237 0 0 0 41
    106 255 178 0 0 0 0 255 0 81 255 0 255 255 0 0 0 255 0 255 0 74 90
    255 255 255 0 255 0 255 29 255 255 255 0 0 0 255 255 95 0 255 255 0
    114 0 210 107 255 25 255 0 0 255 245 92 35 0 115 0 0 255 255 255 0 0
    0 255 255 0 0 0 155 65 255 0 194 59 9 173 0 61 255 155 0 0 255 0 255
    122 255 255 255 0 225 46 255 255 255 255 185 255 255 114 129 0 98 0
    51 255 255 255 80 255 0 255 17 255 255 0 0 255 255 255 0 255 239 255
    255 0 0 255 0 255 255 255 0 255 0 0 103 255 0 0 0 255 0 0 226 0 26
    152 255 99 0 0 255 0 255 0 255 0 255 146 11 0 0 0 245 34 255 52 255
    200 255 0 0 0 58 255 255 13 160 255 0 0 0 159 0 255 0 255 0 36 0 0
    255 255 255 0 0 255 80 0 0 255 255 255 0 255 0 255 0 106 0 232 0 255
    255 0 0 255 255 255 0 134 255 0 255 255 255 56 255 0 0 0 255 255 1 0
    218 255 0 0 0 255 255 0 255 0 215 255 255 0 0 0 0 0 1 255 76 0 0 0
    255 0 204 0 157 255 0 255 187 255 87 0 146 0 62 0 150 0 0 0 0 91 255
    255 47 255 0 0 255 183 0 255 0 84 255 255 255 0 255 0 255 0 255 255
    0 0 0 144 255 255 255 0 255 0 255 0 255 0 195 0 0 255 255 255 107 0
    0 255 0 255 255 0 0 247 174 173 255 0 139 0 255 0 255 0 2 0 0 255
    255 220 27 0 255 255 255 131 255 0 128 0 255 135 158 207 0 255 235 0
    255 202 255 0 0 52 255 0 0 138 255 255 0 0 203 255 255 255 0 0 255 0
    0 0 255 255 33 255 0 0 4 0 255 0 0 0 255 255 0 255 178 0 255 0 255 0
    0 0 255 255 255 0 0 255 255 0 26 0 255 15 255 0 255 0 249 215 255 0
    0 0 255 86 46 0 0 168 0 255 255 145 0 4 0 0 0 255 255 0 0 0 255 255
    0 0 255 255 0 0 0 17 255 0 81 0 0 151 0 255 0 0 65 255 255 219 255
    255 0 255 127 255 255 0 0 205 255 0 110 255 255 206 0 0 255 255 255
    0 0 0 255 255 255 0 235 0 134 0 51 34 255 255 255 255 255 112 0 255
    255 255 255 15 0 0 255 255 255 0 255 255 255 0 255 255 0 255 0 255
    50 0 0 0 131 149 0 0 0 255 255 77 0 56 0 0 0 0 255 0 0 255 0 100 0
    255 207 0 0 255 0 206 255 255 37 0 108 255 0 255 0 255 0 0 255 255 0
    255 0 255 0 255 0 0 0 32 255 255 255 255 0 255 0 0 255 255 255 0 0 0
    0 255 255 255 255 0 0 177 0 255 57 255 0 255 0 255 0 0 0 0 0 11 255
    255 0 255 34 0 0 0 0 0 23 0 177 255 255 255 0 0 255 255 255 0 0 255
    244 247 255 255 36 0 95 239 44 0 0 0 255 255 0 255 0 255 255 223 0
    20 0 0 255 255 0 73 255 0 0 255 255 0 255 255 0 46 0 255 0 177 105
    92 0 255 98 255 253 24 255 0 0 0 255 162 0 0 86 0 56 0 0 0 255 0 255
    0 243 0 227 36 225 255 255 220 255 0 0 236 250 0 255 0 255 0 255 197
    255 210 101 0 0 255 174 255 0 255 244 0 255 255 255 0 255 0 255 0
    255 0 255 0 255 162 0 255 0 0 0 255 0 0 255 255 255 0 122 0 0 0 255
    255 255 0 255 0 255 255 255 64 255 0 0 173 255 255 0 0 0 182 255 255
    0 0 0 211 255 255 255 0 214 55 78 255 255 65 0 38 255 0 255 0 0 255
    67 255 255 255 0 255 166 0 255 255 70 255 255 255 255 255 0 0 0 255
    0 138 239 255 255 0 0 0 255 0 255 255 255 0 0 255 0 255 255 190 4
    102 0 255 0 0 0 255 0 103 255 255 0 0 0 27 255 3 0 0 255 255 255 0
    74 255 255 255 0 255 255 194 0 0 0 38 255 255 255 113 0 0 0 14 0 0
    255 255 255 255 0 0 187 0 255 174 255 109 255 0 252 0 0 147 0 255
    255 255 0 255 0 0 0 0 247 188 0 42 163 255 255 0 0 220 0 255 0 0 255
    255 255 41 255 37 0 0 255 255 255 0 255 0 255 255 255 0 45 255 255 0
    0 0 21 255 255 255 0 0 0 0 255 255 0 234 255 255 0 0 255 0 0 0 255
    255 0 255 0 255 46 255 0 0 0 0 255 255 255 255 255 0 255 255 21 255
    255 255 230 0 116 255 255 0 0 255 255 255 0 215 255 0 255 169 0 0
    255 255 20 0 0 0 0 255 0 255 255 0 0 255 0 255 0 255 255 24 255 255
    255 0 0 255 255 255 0 255 0 255 0 255 0 255 0 255 255 78 0 0 0 0 255
    0 255 0 255 255 0 255 0 0 255 0 243 58 255 252 0 0 255 98 255 255
    255 0 181 0 0 255 0 255 0 255 181 127 0 255 255 0 145 0 255 167 0
    255 170 158 0 0 255 255 255 255 59 152 150 255 255 209 0 255 255 0 0
    255 0 255 161 0 0 255 255 255 255 255 215 255 234 255 255 67 0 0 255
    255 0 0 255 164 255 0 0 43 112 147 255 255 77 255 255 193 55 0 123 0
    0 0 0 255 255 211 0 0 95 255 255 253 0 0 255 185 255 174 0 0 0 255
    255 255 0 0 0 255 255 255 0 0 255 255 0 96 255 0 0 250 255 45 176 0
    0 0 255 255 255 255 0 0 0 0 224 178 255 255 108 255 0 0 0 0 255 255
    255 255 0 255 133 255 106 54 0 192 255 255 255 0 0 76 255 164 210 0
    255 0 0 0 255 55 255 0 255 33 255 0 0 255 255 255 19 255 0 0 0 0 0
    255 255 12 0 247 0 225 255 185 117 255 0 255 255 255 255 0 0 0 255
    80 255 255 255 185 0 0 255 0 255 13 255 255 0 0 255 255 255 0 255
    255 0 0 0 255 255 255 255 229 0 255 0 0 0 0 255 255 255 255 0 0 221
    255 255 0 0 0 255 15 255 22 65 211 255 0 0 255 255 255 255 0 0 0 255
    0 255 255 255 75 255 78 0 180 255 255 255 0 0 0 255 255 255 236 0
    255 0 0 0 255 255 40 0 255 0 255 255 255 0 0 63 255 0 255 255 255
    118 0 32 255 255 223 0 255 0 254 0 255 0 246 0 79 0 255 0 0 180 255
    255 0 0 255 78 255 0 0 255 212 0 0 210 60 211 0 0 255 255 0 0 0 0 11
    255 35 128 0 255 0 0 255 0 255 0 0 0 0 255 255 147 0 0 255 255 248 0
    255 0 196 125 61 0 255 255 255 0 255 255 255 255 0 0 0 180 65 255 0
    255 0 248 158 0 186 255 255 162 0 0 0 255 255 0 233 0 0 70 0 255 0
    247 0 0 0 255 59 255 255 0 255 0 237 141 255 0 255 0 0 0 255 34 255
    0 0 0 255 255 0 127 0 0 255 145 255 255 14 0 0 48 255 255 0 175 0
    255 242 255 255 255 0 0 0 255 255 0 115 255 255 255 0 0 255 0 0 0
    171 255 255 0 0 255 0 182 255 0 0 255 189 0 255 0 0 255 255 254 0 96
    0 255 255 0 255 0 0 0 0 166 255 0 255 9 247 222 0 255 255 0 0 255
    255 66 255 0 255 167 51 0 0 0 0 255 255 148 255 0 255 0 0 0 255 255
    255 0 60 255 0 0 0 0 255 255 255 255 255 255 221 0 0 255 255 193 199
    0 255 143 255 0 255 0 255 0 255 255 0 60 255 126 0 69 0 255 255 255
    0 0 0 255 255 255 0 255 0 21 0 255 0 255 0 0 0 255 0 255 0 38 232
    255 222 255 255 250 255 111 0 0 255 16 0 0 255 0 255 82 0 0 255 0
    255 157 255 0 166 255 255 204 255 230 255 0 220 0 0 0 168 255 189 0
    0 255 255 0 157 75 255 0 0 0 0 255 255 0 0 255 122 255 0 255 83 176
    0 0 255 255 255 116 0 77 157 0 255 59 255 255 252 0 0 255 255 125
    255 0 255 255 0 255 0 0 247 0 0 255 0 255 0 0 255 0 255 0 34 255 255
    255 255 0 0 168 0 255 0 255 178 0 255 255 0 0 0 255 0 0 255 0 0 255
    194 255 255 255 255 42 0 255 255 255 0 0 0 0 0 255 255 255 255 255 0
    50 0 255 0 0 153 255 0 0 0 0 255 239 255 255 120 233 85 255 0 0 0 0
    0 255 122 0 255 0 0 0 255 95 241 0 0 255 255 0 198 255 255 53 0 255
    43 0 0 255 0 0 255 0 255 255 255 255 255 0 255 0 255 252 0 144 0 255
    71 0 0 0 255 255 255 0 255 0 255 255 0 103 255 0 0 0 17 52 219 255
    132 0 255 255 154 0 0 87 255 122 0 0 255 255 255 136 255 0 255 0 58
    90 255 0 255 0 0 138 255 115 255 207 0 0 0 255 0 0 255 236 0 255 133
    15 0 0 0 87 255 255 255 0 0 0 255 0 0 217 0 255 33 255 255 199 73 0
    0 0 255 255 0 142 255 255 76 255 0 255 0 0 255 117 0 0 0 255 255 0 0
    33 255 255 255 255 255 0 174 255 0 0 255 255 255 0 0 255 0 255 0 255
    0 0 55 255 127 255 255 0 189 0 255 255 255 0 255 0 255 0 0 255 134
    255 201 0 0 0 89 255 0 255 0 0 0 64 0 255 255 255 255 255 0 0 255
    255 255 0 0 80 102 0 0 48 255 0 0 255 255 179 0 255 255 255 0 0 0
    218 31 255 255 0 0 0 255 255 255 255 255 255 166 0 0 0 255 0 0 0 89
    255 0 255 255 0 0 0 255 255 255 255 0 0 0 0 255 255 96 0 0 255 55 0
    255 255 255 0 112 255 0 255 0 255 22 0 0 255 255 255 255 0 0 255 138
    214 0 0 0 255 0 138 255 255 255 255 255 201 255 255 0 255 255 255 0
    0 0 255 255 0 0 0 255 255 58 0 255 255 125 255 0 0 181 0 0 255 255
    255 0 0 0 0 0 255 255 255 0 255 167 0 0 255 0 0 0 64 255 0 255 0 85
    163 255 240 0 255 175 0 0 255 0 125 0 52 255 0 255 255 255 0 255 255
    255 0 134 0 255 255 255 0 245 208 255 0 255 255 255 28 148 0 0 255
    255 224 255 0 0 0 0 255 255 255 0 255 255 255 0 255 0 119 0 255 255
    225 163 255 255 255 255 0 227 254 219 0 0 255 9 255 69 255 0 0 255
    255 255 255 255 255 0 255 0 198 0 0 0 255 255 0 255 0 255 69 255 255
    255 68 0 0 0 255 0 255 0 255 255 0 0 255 197 129 55 255 255 255 0 0
    255 0 0 33 255 0 204 197 255 203 255 255 255 255 13 255 0 255 255
    237 255 0 255 255 255 255 0 0 0 255 255 0 0 188 255 0 0 0 148 255
    255 255 255 0 0 162 173 255 255 0 166 167 255 255 204 0 80 194 0 0 0
    255 255 0 0 255 255 255 90 255 255 234 0 62 0 255 14 0 255 187 255 0
    255 106 216 255 255 255 255 0 255 0 255 255 123 189 0 255 225 38 168
    255 0 0 255 255 255 0 255 255 255 255 68 0 255 0 0 255 0 255 0 255 0
    0 255 0 0 255 0 255 0 255 0 0 0 255 255 255 95 0 255 255 255 0 0 88
    255 158 255 255 0 0 255 0 255 255 255 0 255 0 255 0 0 0 255 20 205 0
    102 255 184 255 0 184 0 255 210 0 0 0 0 255 2 255 0 96 0 2 0 255 255
    0 0 0 0 0 2 255 92 139 255 0 0 0 98 210 54 154 255 0 0 0 0 255 0 255
    255 255 255 0 45 215 255 0 255 22 0 0 255 0 255 0 255 255 255 0 0
    255 255 0 255 18 43 255 0 255 0 0 255 0 255 152 16 0 255 255 255 0
    202 255 146 36 255 0 0 0 255 0 255 255 165 0 0 255 0 178 255 0 82
    255 255 0 0 0 255 255 255 122 255 0 255 0 27 193 190 255 255 0 0 255
    0 0 244 239 0 0 255 255 255 0 255 96 255 255 202 46 0 0 229 255 37 0
    0 140 0 0 55 236 255 182 255 0 255 0 0 0 0 255 17 255 0 0 0 88 0 255
    255 255 172 0 0 0 114 0 255 255 175 0 0 0 0 0 255 255 0 255 239 115
    0 255 255 255 0 0 181 255 12 0 255 0 255 255 255 0 255 220 255 0 255
    0 0 19 255 0 255 0 255 255 101 0 0 255 255 60 0 0 255 255 252 0 0 0
    255 0 255 0 86 0 255 0 255 0 0 57 255 0 0 255 0 78 0 0 255 0 74 255
    0 0 0 255 255 255 0 0 241 0 255 0 0 66 188 255 37 255 0 255 0 255 0
    122 0 255 0 255 0 124 0 0 21 0 255 255 93 0 0 255 255 187 147 255
    255 0 0 0 255 112 255 255 0 255 0 0 49 255 185 255 0 0 0 216 255 255
    0 0 255 0 28 0 255 0 255 0 255 255 255 255 0 0 0 0 0 0 255 0 129 0 0
    255 255 0 0 255 255 73 255 0 0 255 0 0 255 255 255 145 0 163 255 255
    255 0 255 225 0 0 0 255 0 0 133 255 249 97 255 231 255 255 0 255 0 0
    159 255 172 255 255 109 0 114 0 0 81 0 0 0 0 255 0 0 252 255 0 0 255
    0 0 0 0 103 255 0 0 255 0 255 254 255 0 43 0 0 255 140 255 0 252 0
    255 0 200 0 130 132 255 255 0 122 0 0 0 255 0 255 0 0 200 255 255 0
    255 0 0 9 255 0 0 0 255 255 0 176 255 255 0 255 3 129 255 255 0 0
    255 255 0 0 133 213 111 133 0 255 86 255 0 178 255 255 105 0 0 255 0
    32 41 0 0 255 255 124 0 255 255 255 0 221 0 255 0 255 0 142 255 0 0
    0 255 255 255 65 93 0 255 0 0 0 0 0 255 0 255 0 63 0 0 255 139 255 0
    0 97 196 138 0 255 255 255 231 255 255 0 0 0 0 0 0 255 0 255 255 255
    156 255 0 0 255 255 255 0 255 0 17 0 0 50 255 31 0 255 18 0 255 255
    209 255 0 52 0 0 255 255 0 101 0 237 0 255 255 255 158 0 255 166 0
    161 138 0 0 106 15 132 255 227 255 186 139 255 255 255 244 0 0 255
    255 255 0 0 224 155 0 0 0 0 255 255 255 255 0 0 0 255 124 255 255
    199 0 255 0 0 0 41 240 255 0 255 0 70 0 0 0 255 255 255 0 255 0 255
    0 234 0 139 110 0 0 0 255 0 0 0 76 255 255 209 0 0 122 0 145 0 255 0
    0 255 255 0 0 0 255 255 248 255 0 162 255 251 255 244 0 0 255 233
    192 0 255 103 255 0 0 0 255 77 0 0 255 255 0 0 0 10 255 78 255 0 225
    0 0 0 255 248 255 255 0 52 98 255 255 255 0 142 153 29 0 80 0 255 0
    212 0 255 255 0 255 0 255 255 255 110 0 118 0 136 255 255 140 154
    255 5 255 0 255 0 0 216 255 255 0 255 2 255 255 0 255 0 0 0 34 0 255
    255 255 0 255 255 255 0 114 255 255 255 0 255 0 255 0 131 0 93 0 255
    0 255 61 146 255 0 0 0 0 171 255 13 0 255 255 255 0 255 0 0 255 0
    109 255 255 0 0 0 0 255 0 255 0 255 34 255 62 7 255 255 0 255 0 255
    161 255 255 177 0 0 0 255 0 0 0 255 255 0 255 0 255 0 255 255 37 0
    62 104 0 0 255 255 255 0 255 255 255 0 255 0 0 0 161 255 0 144 0 170
    0 90 255 103 255 0 0 255 255 255 255 255 173 189 62 255 0 255 0 0 0
    0 94 0 0 80 255 0 162 0 255 0 255 0 255 255 200 255 0 0 0 255 80 183
    255 255 255 0 255 255 0 255 0 255 0 255 255 0 0 0 0 116 255 255 255
    0 99 255 255 96 44 255 255 62 255 255 183 255 255 135 0 0 0 0 64 255
    255 0 255 255 202 0 0 255 255 0 0 255 255 255 14 54 0 255 255 0 9 18
    0 255 255 255 0 0 255 0 0 66 38 0 255 255 0 0 0 0 255 166 0 142 20
    255 0 255 255 255 0 0 0 255 255 255 255 0 0 60 255 0 191 0 255 255
    255 0 0 0 255 255 255 0 0 201 0 255 255 0 255 0 255 0 214 255 255
    255 0 255 119 190 0 254 255 0 0 0 255 0 0 255 213 0 0 255 255 255 0
    0 255 241 255 255 90 255 0 255 0 0 0 255 0 195 0 0 255 255 255 0 39
    255 223 255 0 255 255 0 255 255 255 255 0 255 255 255 26 255 0 0 0
    255 50 0 0 105 255 0 207 255 0 59 0 255 0 255 255 121 0 255 0 0 0
    255 255 71 255 255 255 145 255 0 0 225 255 0 58 42 0 255 57 255 0
    255 0 96 255 0 255 0 255 0 175 0 0 0 103 255 255 0 0 255 255 255 255
    255 0 255 0 255 255 255 39 0 255 0 192 0 255 163 255 251 255 195 0
    255 255 255 255 255 0 0 98 255 16 255 255 255 255 255 0 0 255 255
    255 0 0 0 255 110 255 0 215 0 59 255 127 255 255 255 0 75 239 0 255
    255 34 0 0 176 126 142 0 255 0 255 134 255 0 255 0 157 0 0 53 255
    255 0 255 200 255 212 255 255 0 255 255 0 255 255 0 50 0 255 192 123
    255 255 186 0 0 0 0 65 255 185 255 227 255 255 0 0 255 0 1 37 255
    233 0 0 255 0 0 88 255 255 255 234 255 0 0 0 255 255 255 0 0 0 0 222
    89 255 255 68 0 35 153 0 255 255 0 255 0 255 0 67 0 255 255 0 255
    255 0 0 0 0 252 255 0 0 255 0 255 255 255 255 0 0 0 250 0 255 0 255
    255 255 193 255 219 0 0 39 0 159 0 255 15 0 0 255 255 255 106 50 0
    255 98 246 255 0 175 0 255 238 0 0 0 255 255 255 255 0 0 0 14 0 255
    255 255 205 255 82 255 255 255 0 0 0 255 0 0 253 255 255 0 255 255
    255 0 184 255 255 0 0 0 0 38 187 255 255 0 0 0 255 0 223 17 255 0
    255 23 255 255 255 0 255 0 205 0 0 0 255 255 255 255 0 0 107 255 255
    0 66 0 81 255 42 255 0 0 0 75 0 183 0 204 169 255 0 255 255 223 255
    162 0 0 249 78 255 0 0 255 255 0 255 0 255 75 255 0 71 205 0 0 255
    255 0 255 255 0 0 0 0 38 255 255 142 255 255 255 255 0 0 9 104 255 0
    0 255 0 90 255 0 0 0 255 255 218 255 255 255 44 255 255 255 0 233
    255 154 255 0 48 255 0 255 255 255 255 255 255 0 0 0 255 255 0 255
    255 0 0 8 255 0 0 0 255 0 255 0 255 0 255 0 0 0 255 255 255 0 115
    146 0 198 255 255 0 0 255 0 255 0 0 255 204 0 0 0 255 255 255 255 0
    117 255 0 0 0 0 255 0 0 0 255 0 255 255 255 0 58 0 255 0 56 179 255
    255 99 0 79 255 255 255 0 0 0 255 0 32 255 71 0 255 255 255 255 255
    255 36 0 255 255 0 255 255 0 0 222 255 255 255 0 0 255 255 24 0 0
    255 0 255 155 0 0 255 0 255 0 255 255 0 16 0 58 134 255 255 0 0 255
    255 248 34 0 255 255 254 0 0 255 0 0 0 255 0 0 55 255 159 0 255 255
    255 0 255 0 0 255 132 206 169 255 255 0 205 255 255 228 0 255 0 255
    255 255 0 0 4 0 0 147 255 246 55 255 255 0 106 0 0 255 0 0 70 255 8
    113 111 229 0 0 255 255 201 0 0 255 255 255 255 0 0 255 255 255 255
    0 8 0 0 130 255 255 0 255 255 255 255 0 255 9 0 255 0 255 255 255 0
    0 0 0 0 0 255 255 255 255 0 255 255 255 0 0 0 255 98 0 0 0 224 124
    197 255 255 255 0 0 255 255 255 255 0 0 255 255 255 219 255 255 255
    183 255 0 0 0 255 0 0 0 0 0 0 255 255 0 242 255 255 0 158 0 255 167
    255 255 255 255 0 216 0 255 255 255 255 0 255 0 0 0 0 0 255 245 38
    255 255 255 0 0 79 0 110 255 111 255 255 255 226 255 42 107 255 0 8
    0 255 0 0 0 240 255 255 233 0 0 255 0 255 255 143 255 14 75 0 0 48 0
    255 0 118 255 0 255 238 255 157 80 0 0 255 226 255 0 255 253 127 0
    218 0 0 0 0 255 147 0 0 0 255 0 255 0 255 255 104 255 0 208 0 255 7
    255 0 255 255 255 0 255 0 0 255 0 255 0 0 255 211 0 255 255 11 0 0 0
    0 0 255 255 255 0 255 0 255 255 0 143 255 113 209 0 255 0 255 255
    255 0 255 0 0 0 0 0 255 255 0 255 255 255 29 255 0 0 0 255 44 0 8 5
    204 0 25 0 255 14 255 0 255 255 0 0 255 255 255 33 82 0 0 28 255 254
    0 0 0 0 255 255 0 255 0 255 0 255 255 255 88 0 255 24 255 0 219 42
    255 0 0 0 255 255 255 0 0 0 88 255 10 255 251 176 209 255 251 202 0
    0 0 255 141 180 255 255 255 255 49 255 254 255 0 0 0 255 0 255 72 0
    45 255 97 255 0 0 255 96 0 233 0 75 0 0 255 0 3 0 26 163 0 0 255 41
    255 0 0 0 0 255 255 255 0 255 0 0 241 255 255 0 0 0 255 109 159 151
    0 255 255 0 0 0 255 255 0 0 199 0 139 255 255 255 229 255 0 0 0 255
    255 255 64 0 255 255 255 124 136 36 255 143 0 0 219 0 24 0 255 255
    255 0 0 0 0 0 255 255 217 133 0 255 255 255 0 205 0 255 205 255 255
    0 255 0 255 0 0 0 0 255 255 255 135 0 255 255 255 255 255 217 0 255
    0 189 166 255 255 0 0 0 255 255 0 0 255 255 0 0 255 255 255 255 0 0
    0 202 0 0 255 255 255 251 0 255 0 0 189 123 255 255 0 178 0 0 255 0
    255 0 223 0 0 255 255 255 0 0 0 0 0 159 55 0 0 0 0 255 255 0 255 0
    255 255 0 0 94 0 0 0 0 147 255 117 255 255 255 0 0 0 0 255 255 255
    255 220 180 0 255 142 0 165 124 0 0 15 255 0 0 255 0 219 0 255 0 255
    92 224 0 255 121 0 255 0 0 255 255 255 255 0 230 0 255 255 255 255
    152 255 0 88 0 0 255 255 255 0 57 0 0 255 0 0 0 0 0 255 255 255 0 0
    255 255 0 0 0 217 255 81 0 255 0 255 255 141 0 255 255 123 0 0 0 255
    24 255 0 22 0 0 0 255 201 255 255 184 247 0 0 255 255 255 255 0 0 0
    255 255 0 0 67 255 0 255 255 255 0 0 0 255 255 0 71 244 0 0 0 255
    255 226 0 255 255 255 255 0 0 0 255 255 0 0 0 0 157 255 0 0 0 255
    255 255 217 255 0 0 255 0 255 0 255 15 255 182 255 0 255 255 255 255
    178 0 255 255 32 0 0 177 107 115 255 203 255 0 255 255 255 0 0 0 0
    255 255 255 0 0 0 93 255 109 255 0 120 255 255 0 255 0 0 0 0 255 255
    255 255 255 0 255 0 255 0 255 255 255 0 255 0 255 0 0 0 255 191 255
    255 255 0 255 255 255 180 0 255 0 0 0 125 255 0 0 44 255 255 255 0 0
    0 0 0 8 0 255 0 255 255 255 255 0 0 0 255 255 0 0 0 255 0 0 0 255
    255 255 0 0 255 255 0 4 59 255 255 0 0 0 242 0 0 255 255 255 255 0 0
    0 255 255 0 0 255 255 35 104 209 255 175 0 0 156 255 0 255 0 0 74
    255 0 255 255 17 255 0 0 255 255 255 0 255 255 0 202 17 0 0 0 255
    255 204 255 0 255 95 255 255 0 190 255 212 0 0 0 0 157 0 255 0 255 0
    255 0 255 255 0 255 255 0 255 0 255 255 255 0 115 0 0 255 255 0 153
    250 0 255 0 255 0 255 0 0 0 255 255 0 255 0 255 0 0 0 255 0 255 255
    255 156 255 0 255 0 0 0 0 126 52 150 255 255 255 0 0 255 255 0 0 255
    88 10 255 12 0 255 255 255 14 255 0 255 255 0 0 73 255 0 255 255 249
    72 167 150 188 74 255 0 255 255 255 197 0 0 0 251 255 107 0 255 0
    255 255 15 0 255 255 255 0 0 255 255 221 0 0 0 255 250 0 0 0 0 255
    255 255 0 0 247 255 147 255 0 255 0 0 255 255 255 255 0 135 255 0
    242 43 255 119 0 189 0 104 0 255 0 255 188 54 0 72 255 0 24 0 255 0
    64 0 255 255 255 255 0 0 255 0 118 255 63 234 0 255 0 163 0 255 255
    255 0 0 109 255 163 209 255 255 255 0 0 128 131 0 0 0 255 101 255 82
    255 255 0 0 255 223 40 0 0 0 248 0 255 0 255 255 255 0 58 255 0 0
    166 0 255 145 33 127 255 115 255 126 0 0 0 255 255 255 0 0 255 255 0
    129 57 255 0 255 0 255 138 255 255 6 0 255 255 255 255 0 0 76 84 255
    0 0 140 0 137 0 146 209 180 255 134 255 0 255 255 255 0 41 0 86 0
    247 255 0 20 0 0 184 255 9 0 209 0 255 255 255 0 255 0 255 108 129
    134 85 0 157 0 192 206 255 0 0 0 255 191 0 0 0 0 255 18 0 0 3 228
    255 0 0 255 0 255 0 255 255 255 0 0 0 255 0 0 216 255 0 0 255 255
    255 0 255 0 255 0 118 0 0 0 255 255 255 255 255 0 0 255 255 255 255
    0 0 0 0 0 255 255 0 0 145 255 225 0 255 0 255 0 255 0 0 255 255 255
    255 0 255 0 255 255 255 77 189 0 0 0 70 255 0 255 255 255 0 255 0
    255 0 255 161 255 255 137 0 0 255 0 255 255 255 0 125 0 218 155 255
    0 255 255 255 0 0 0 255 0 255 0 18 255 0 255 7 255 0 0 0 0 255 255 0
    181 0 57 0 0 0 73 230 255 255 255 0 0 250 255 255 0 255 0 255 105
    163 0 242 255 255 0 0 114 0 234 59 255 255 0 0 255 255 255 219 194 0
    0 255 255 0 29 255 162 255 234 255 255 128 255 0 255 0 255 0 255 233
    0 0 45 255 0 255 255 255 255 255 255 255 255 173 123 0 0 0 255 255
    255 0 42 160 0 255 0 255 0 0 255 0 0 0 0 255 0 255 0 0 0 0 145 255
    255 255 255 28 149 0 0 0 43 255 0 255 255 255 255 255 255 0 0 0 0 0
    0 255 255 255 0 10 0 0 255 16 255 0 0 36 45 0 255 196 0 0 255 255
    255 0 236 0 255 0 255 255 255 0 0 255 9 133 172 0 0 4 255 0 0 255
    255 255 0 0 116 45 104 178 255 0 159 211 255 0 255 0 255 0 255 0 255
    120 0 255 0 255 0 0 0 255 196 0 91 255 255 255 122 0 10 0 237 231
    255 0 0 0 255 0 0 178 0 123 0 0 255 0 255 0 255 255 198 0 0 255 0 98
    0 0 21 0 255 255 0 255 0 42 50 255 255 255 0 255 0 130 0 238 0 0 252
    155 0 255 0 255 255 255 255 0 255 0 0 255 0 0 0 0 234 0 255 0 0 0
    255 255 255 0 0 255 255 255 0 255 124 194 0 43 0 140 0 255 0 255 155
    0 0 255 206 253 0 255 0 114 235 163 255 157 0 0 0 255 255 0 0 0 95
    251 170 0 255 122 255 0 255 0 0 0 255 255 0 91 0 0 255 34 255 0 153
    0 0 0 89 0 164 0 218 24 0 255 180 0 255 0 255 255 255 0 255 255 0
    179 236 23 0 255 0 0 255 83 0 0 255 188 255 105 0 255 0 79 255 255 0
    255 255 255 255 0 0 197 0 168 229 255 201 0 164 0 0 255 255 255 99
    255 130 55 255 255 255 0 255 255 255 0 0 0 0 29 211 255 0 0 255 255
    0 255 0 255 0 39 255 176 20 0 255 0 255 13 189 0 67 0 0 0 255 255
    255 255 255 0 0 0 255 255 255 255 255 255 0 0 0 50 255 0 0 0 255 255
    255 0 255 0 0 0 255 0 0 0 255 27 0 98 255 255 0 0 0 255 255 0 0 0
    255 255 0 0 0 255 0 57 112 60 255 255 3 0 0 0 255 38 0 42 5 0 119
    255 255 0 0 255 0 255 0 0 0 0 165 100 255 156 199 4 255 152 9 0 255
    0 255 0 0 0 255 69 0 42 207 0 255 255 1 0 96 0 0 0 190 255 168 0 0 0
    255 255 226 0 0 0 40 156 0 0 255 0 255 0 229 0 185 0 255 0 255 0 147
    0 0 255 255 0 165 0 255 255 0 255 0 255 0 57 0 160 146 255 255 0 12
    0 255 0 0 255 255 207 0 0 255 0 0 0 0 0 0 255 0 240 255 198 255 0 0
    0 255 255 101 174 0 255 0 255 134 255 0 0 0 255 255 255 0 11 0 255 0
    255 0 255 0 255 0 255 0 0 0 255 255 0 205 255 153 0 0 255 255 0 0 0
    255 255 255 255 0 0 255 0 255 66 192 0 0 255 255 0 0 0 0 40 0 255
    243 0 0 0 218 255 255 102 0 255 0 255 255 70 0 0 255 255 0 255 0 0
    255 255 255 0 0 105 0 242 0 123 99 255 255 174 0 185 24 255 255 255
    21 91 199 0 0 255 0 255 0 255 255 0 255 255 255 238 0 0 255 0 0 255
    255 255 255 0 255 255 255 255 255 255 0 0 0 72 0 131 133 0 255 237
    255 255 255 255 0 255 0 255 255 0 255 255 255 0 254 0 255 129 114 0
    95 255 255 0 0 0 255 0 255 154 255 0 255 255 255 255 0 155 211 255
    255 0 255 0 255 255 0 0 0 255 255 0 0 17 255 255 0 255 255 255 0 0
    255 0 255 0 192 140 13 107 0 111 255 255 0 49 0 255 0 255 255 255
    255 0 139 0 255 255 0 255 181 173 255 204 0 0 72 86 255 255 0 255
    255 255 48 255 0 255 0 255 255 12 0 130 252 255 0 255 255 255 0 255
    0 255 0 255 255 255 0 110 0 255 255 0 0 0 255 0 255 0 0 0 255 255
    223 255 255 0 255 37 255 255 0 0 0 255 255 255 0 0 183 255 0 255 106
    0 0 0 255 216 145 255 255 255 100 233 0 0 0 255 248 0 255 0 255 0
    255 0 255 255 255 255 255 0 0 255 255 138 195 138 255 255 255 255
    143 212 255 0 34 200 122 255 0 0 0 0 0 255 255 0 0 0 255 255 35 0 0
    255 255 11 104 0 255 16 255 45 255 0 255 173 255 251 8 255 0 247 0
    255 0 255 173 255 255 255 56 255 16 137 0 0 255 0 255 0 255 0 241 0
    255 160 0 0 234 0 0 0 255 255 0 0 255 155 255 0 0 0 255 0 0 255 224
    255 255 255 255 0 0 0 0 255 255 255 255 0 255 152 32 255 0 88 79 255
    255 255 0 197 0 58 255 255 159 255 0 243 0 255 255 255 0 44 0 255
    141 255 0 232 2 255 255 255 0 67 0 255 255 164 175 255 255 204 255
    255 255 172 0 0 255 12 255 255 0 198 0 103 255 255 0 0 255 255 0 0 0
    255 255 255 0 0 255 255 255 0 0 0 255 255 0 0 0 0 0 0 255 142 224 0
    255 255 255 0 0 255 255 255 0 0 255 143 247 0 255 0 252 255 0 0 0 0
    255 255 1 255 255 255 255 255 255 0 73 255 255 0 90 0 183 0 217 255
    0 0 0 0 16 255 0 0 0 1 83 0 255 255 0 0 0 64 0 0 255 28 0 228 255
    255 0 0 0 0 49 255 0 255 255 255 101 0 255 255 0 0 0 255 255 255 255
    0 0 0 0 0 255 255 0 255 0 255 0 0 255 255 0 15 255 255 255 0 0 64 43
    255 255 0 255 0 255 0 0 0 255 255 255 0 0 193 0 255 255 255 0 175 0
    0 255 255 229 0 0 255 215 0 0 0 255 255 255 255 255 0 255 137 255
    255 45 199 0 78 255 255 255 255 168 255 0 19 85 255 255 255 105 0
    201 163 0 0 255 255 115 0 0 0 116 255 255 136 255 243 255 32 156 103
    0 255 0 208 0 0 255 20 155 0 0 255 0 255 53 255 255 0 0 0 255 255 0
    186 255 0 255 140 0 0 255 27 255 255 0 0 0 255 255 255 79 243 255 0
    255 61 255 0 0 255 0 207 0 255 255 0 255 0 255 0 0 255 255 0 255 0
    255 117 0 0 0 255 255 0 0 0 0 255 0 255 0 0 246 255 255 98 255 255 0
    255 0 127 0 0 0 255 158 45 0 255 141 216 255 255 255 65 159 255 40 0
    27 0 255 255 255 0 255 255 255 132 0 0 91 113 0 0 255 0 255 0 0 0 0
    123 0 0 0 173 241 255 55 0 0 255 255 255 255 255 0 0 239 58 0 255
    255 255 0 0 0 255 255 255 0 0 0 0 102 0 0 255 255 255 255 0 113 0
    195 0 0 33 181 0 0 0 255 109 255 215 203 0 255 255 255 255 0 157 0 0
    0 255 0 54 0 227 255 0 0 0 111 255 24 255 255 0 0 0 255 0 96 0 13
    225 0 208 255 188 3 58 0 255 113 255 255 0 0 227 163 0 0 0 70 255 83
    82 255 255 0 0 255 255 255 255 0 0 255 68 0 0 255 0 0 106 0 255 255
    255 255 0 0 255 0 0 0 47 0 0 0 0 255 255 255 0 202 0 0 36 255 0 255
    254 255 255 0 0 44 0 0 0 255 0 255 36 110 0 0 255 255 255 68 0 0 0 0
    255 0 255 0 255 197 32 0 0 0 255 255 255 0 255 86 207 0 0 87 0 76 0
    255 255 101 0 255 108 0 255 0 255 0 126 255 61 0 0 255 170 255 255
    255 0 0 0 0 52 255 255 255 23 0 0 0 0 0 255 255 179 255 0 0 0 255 0
    255 0 255 0 134 0 78 0 255 255 255 255 0 55 255 255 255 0 150 0 0 0
    255 0 0 0 255 255 255 255 241 255 0 0 219 190 224 255 0 163 0 255 0
    0 255 0 255 0 255 52 18 0 255 209 255 255 255 245 0 243 0 255 3 255
    0 52 0 0 255 255 36 0 255 0 0 0 0 255 0 255 255 255 0 249 255 255 78
    69 0 0 0 153 255 255 255 0 255 0 0 25 61 255 246 255 255 192 0 255 0
    85 0 255 255 0 0 0 0 255 255 0 0 250 255 255 0 183 0 255 0 0 99 0
    255 255 33 0 0 255 255 255 255 255 0 0 255 0 105 0 0 0 255 85 0 121
    175 255 196 0 0 0 255 255 0 0 255 255 0 255 0 255 0 255 255 255 255
    0 255 0 0 255 23 255 49 0 255 215 146 255 255 117 0 255 0 0 113 0
    255 0 255 255 0 255 0 164 36 255 180 111 255 255 255 0 0 255 255 255
    255 0 0 0 8 255 31 0 255 255 255 0 39 8 145 255 255 255 255 0 0 224
    255 255 34 0 255 255 255 0 0 255 255 255 255 255 255 0 255 92 0 255
    255 255 0 255 0 255 102 255 0 0 0 255 0 171 0 0 0 89 255 0 187 0 255
    255 0 255 255 0 255 255 255 0 255 255 0 0 255 119 149 47 255 0 25 0
    255 79 255 255 255 0 255 255 255 186 0 249 127 255 47 0 0 255 194 0
    176 255 110 123 255 210 255 254 194 0 255 74 255 0 0 245 0 0 0 0 255
    255 0 226 255 0 0 0 255 0 0 150 0 228 0 255 255 0 0 0 0 213 255 0 0
    0 255 0 255 255 207 0 155 132 255 5 7 0 35 0 96 255 255 0 0 200 255
    255 151 255 0 255 121 0 222 0 255 255 0 0 19 0 0 0 0 236 255 105 255
    0 194 0 0 92 255 46 85 61 214 0 246 166 255 0 255 255 255 0 0 255 0
    0 0 255 255 255 0 255 255 0 202 104 255 255 0 0 0 255 145 255 0 255
    255 255 151 0 60 255 0 192 4 255 255 255 179 175 0 255 130 255 240
    81 158 147 0 255 255 255 255 0 0 255 235 255 255 255 0 255 0 0 0 0
    255 255 255 15 255 0 255 0 255 0 0 0 0 255 255 255 0 11 255 255 0 0
    0 44 255 255 255 59 211 0 255 255 0 0 255 255 255 255 176 0 0 222
    255 255 255 0 241 0 10 0 255 0 255 67 0 190 77 255 255 255 255 0 0
    255 255 0 0 255 0 0 255 255 0 0 0 255 255 255 255 255 0 0 0 255 0 0
    0 204 255 255 255 141 255 0 255 9 255 0 255 112 255 0 0 138 0 3 0
    255 255 255 0 212 254 255 0 84 0 0 0 255 255 0 3 0 0 0 0 0 0 255 255
    204 0 0 0 255 9 246 0 0 255 0 255 0 0 0 255 255 0 255 255 255 39 255
    0 255 0 0 0 0 255 255 255 0 255 39 255 240 255 255 87 0 0 110 255
    139 0 255 234 0 0 0 115 255 0 255 255 0 0 255 255 255 0 0 0 0 0 255
    255 255 255 0 142 139 0 0 197 255 0 104 0 0 0 0 255 255 255 18 188
    255 0 0 255 198 255 255 186 255 0 0 0 0 255 0 255 255 255 0 255 0 26
    255 0 255 0 255 11 255 255 0 66 15 255 0 0 0 255 255 0 220 255 245
    255 0 0 0 255 255 0 0 0 255 255 255 0 255 0 162 255 49 255 255 0 0 0
    169 255 255 0 0 0 255 255 178 255 255 226 0 0 153 0 255 255 37 0 0
    15 255 0 0 224 0 255 184 255 255 255 236 0 174 0 255 0 255 0 0 0 0
    255 255 0 173 255 0 73 0 0 0 202 255 0 49 159 32 0 255 0 255 0 45
    255 0 0 0 16 0 0 239 255 255 255 0 131 0 255 0 0 255 25 255 255 0 0
    255 255 255 255 0 251 151 255 0 255 0 255 0 153 255 255 229 0 0 0
    255 255 255 0 170 255 255 0 0 244 0 0 0 255 0 0 255 255 0 194 255
    255 20 0 0 0 255 0 255 126 255 255 91 65 0 255 255 255 0 255 0 255 0
    255 4 255 0 193 0 0 0 255 255 168 255 0 255 217 255 255 0 0 0 255 0
    255 255 255 0 255 255 31 255 255 0 0 255 255 0 0 0 255 0 255 255 115
    58 2 0 0 0 173 0 255 255 255 0 0 255 158 0 231 0 0 255 0 60 0 255 42
    0 255 255 0 0 12 0 255 255 5 255 255 255 95 0 0 255 0 0 255 255 0
    255 68 255 0 0 255 0 133 0 255 0 255 0 0 0 0 48 255 255 255 255 255
    255 255 255 0 255 255 255 0 0 6 0 0 255 0 0 0 255 0 0 169 255 75 92
    230 255 255 255 100 255 0 255 158 255 255 0 0 0 255 164 0 0 87 0 92
    255 169 52 0 0 136 255 255 69 10 238 0 0 255 255 97 255 255 120 0 0
    255 255 0 255 0 255 255 255 0 255 255 255 0 128 0 28 0 191 0 255 0
    255 0 0 255 255 255 0 255 0 75 225 255 0 0 255 92 255 250 255 14 255
    255 0 0 255 0 255 12 158 50 255 0 0 255 255 0 255 0 255 159 0 255
    255 255 255 255 255 0 0 0 133 255 255 255 0 255 141 255 57 197 0 0
    242 255 0 255 255 0 0 255 255 64 0 0 255 198 119 0 0 255 255 0 255 0
    198 255 243 152 255 255 255 145 0 255 255 255 121 255 0 255 0 16 4
    251 255 0 255 255 91 178 255 255 255 0 255 223 143 255 255 255 0 0 0
    12 255 38 255 255 42 142 0 105 255 0 0 0 255 255 144 0 255 0 255 0
    255 1 88 255 0 254 255 94 255 0 0 255 242 255 0 0 255 255 255 0 255
    0 11 0 255 0 0 255 0 255 203 120 0 0 255 255 255 0 255 0 0 0 255 0
    255 107 255 255 0 7 0 255 255 234 255 141 0 255 0 97 255 255 255 0 0
    224 255 0 201 255 0 17 0 255 0 255 255 0 255 179 0 0 0 255 255 255
    255 0 0 0 255 90 255 0 0 0 255 0 255 40 171 102 0 0 255 255 239 255
    255 255 0 0 0 0 0 255 255 255 0 255 0 255 86 0 255 255 7 0 0 255 255
    255 0 0 0 0 255 247 0 255 73 255 0 255 59 0 0 0 0 0 255 0 255 33 255
    0 223 47 255 0 0 45 255 255 0 255 255 255 107 0 0 255 255 0 0 186
    140 255 0 255 255 0 255 0 255 255 255 0 47 0 0 0 255 255 255 163 0
    255 0 255 64 255 232 128 0 0 0 255 81 0 0 0 255 0 80 0 0 0 0 255 255
    0 255 0 255 0 0 149 228 0 0 0 0 255 255 255 0 0 0 255 255 255 103 0
    0 255 0 255 255 255 0 0 70 0 255 255 255 0 255 255 255 0 0 0 255 255
    240 0 0 188 0 0 0 0 101 255 0 0 0 0 44 255 131 215 255 0 56 13 255
    255 255 255 0 0 0 255 119 0 0 255 255 0 255 0 255 0 255 0 0 245 0
    255 0 255 0 255 106 255 0 255 255 255 0 0 255 0 255 0 255 0 255 0
    255 0 255 255 0 0 255 226 255 0 255 12 255 120 0 255 255 0 0 0 0 255
    255 0 0 0 0 255 255 255 171 0 0 233 255 0 255 0 0 255 255 197 169 0
    255 65 199 0 255 255 255 0 0 7 85 255 0 0 255 89 237 0 255 255 0 207
    0 176 0 0 173 0 0 255 255 255 255 0 0 255 255 255 0 89 0 31 255 0 0
    0 255 255 153 0 0 0 255 0 255 92 55 255 32 195 0 0 0 0 255 0 255 178
    0 255 255 0 23 0 53 0 255 0 0 255 0 255 255 255 255 0 255 0 255 255
    255 11 255 0 0 160 255 255 255 0 128 0 141 0 255 0 177 132 255 0 119
    255 0 239 255 0 7 0 255 0 255 255 255 0 0 0 0 255 255 0 0 0 255 255
    0 3 0 0 148 0 255 0 0 255 255 0 255 63 255 255 71 0 0 7 255 255 52
    255 66 255 0 0 255 255 253 0 39 255 255 255 33 0 159 255 255 73 0
    255 32 255 0 255 255 2 0 255 0 0 0 229 0 162 0 255 0 0 66 0 255 135
    255 2 92 0 0 255 0 255 255 255 0 0 43 255 0 0 0 255 194 104 0 255 0
    255 0 255 255 0 255 255 0 0 113 74 255 18 52 0 97 158 255 255 255 7
    249 0 255 255 0 0 0 0 255 0 255 0 120 255 255 9 0 255 67 30 0 255 0
    0 0 0 255 255 0 255 255 0 206 0 0 77 67 255 255 255 0 255 255 255
    255 0 165 0 255 0 0 255 255 255 255 255 0 0 255 0 0 34 196 232 255 0
    255 0 255 0 0 0 0 0 0 0 168 51 138 22 0 255 56 203 0 230 167 0 255 0
    0 0 255 255 255 230 255 255 0 255 124 255 0 255 0 255 0 0 0 255 255
    0 43 131 0 255 0 0 0 0 255 255 255 0 255 255 89 169 255 0 0 0 0 0 0
    255 255 255 255 0 0 0 255 255 0 255 0 255 0 57 255 255 255 0 255 255
    0 0 0 0 255 255 255 255 0 166 123 0 0 255 255 255 255 0 0 0 255 86
    255 166 255 0 0 0 0 255 0 255 0 255 0 255 7 0 255 255 255 0 0 0 255
    255 0 0 255 68 255 0 255 255 0 255 0 0 0 0 255 255 0 0 0 255 0 158
    100 255 0 0 255 159 255 0 66 14 255 255 255 0 0 23 255 255 255 94 0
    255 0 0 255 255 255 255 0 0 255 0 255 0 255 0 255 255 255 0 31 0 255
    0 0 0 0 0 0 255 255 255 0 0 100 118 255 255 0 0 255 0 0 255 175 225
    162 170 0 255 255 255 255 0 0 49 255 0 0 255 255 0 0 0 0 0 0 255 255
    0 0 255 0 32 0 0 121 255 255 0 0 0 255 255 0 255 31 255 232 255 0 25
    0 255 124 0 0 0 0 255 255 255 0 255 0 255 11 0 63 255 255 0 0 145
    255 255 255 255 0 0 255 255 236 0 0 255 255 0 0 0 255 255 255 0 0
    255 255 255 0 0 255 0 96 255 255 255 162 121 255 27 0 0 0 0 255 255
    0 0 255 255 0 0 0 0 0 255 255 255 255 0 255 255 255 0 0 255 0 255 0
    255 0 255 255 187 182 0 0 255 255 0 0 0 131 0 135 0 0 255 255 185 0
    255 0 0 0 255 44 255 0 255 255 255 255 255 188 0 0 251 255 255 0 255
    206 255 0 255 255 255 0 0 255 229 58 0 255 52 0 98 4 255 0 56 0 255
    81 255 255 255 0 0 255 0 0 57 255 255 0 255 255 75 0 255 255 23 72
    242 100 0 255 0 255 0 0 35 127 255 0 255 255 255 0 0 0 255 0 255 255
    255 228 0 0 0 0 0 0 134 255 255 0 0 0 139 255 127 255 178 255 255 97
    255 0 0 0 0 39 0 126 0 255 167 0 0 255 255 255 255 177 0 255 255 255
    255 0 0 255 255 255 44 0 255 0 255 0 255 0 255 0 0 93 255 0 0 255
    255 255 178 0 132 255 0 0 0 0 0 0 255 252 255 0 206 255 0 0 0 119 0
    0 0 255 255 255 0 61 255 123 255 0 165 255 0 255 0 255 0 255 255 133
    255 0 255 0 255 0 0 94 255 255 255 46 114 255 255 9 0 255 255 255 0
    0 255 0 255 203 0 0 0 0 255 0 0 0 255 255 255 0 0 42 0 0 0 255 169 0
    0 0 22 255 219 23 158 98 255 255 0 254 0 255 0 0 255 0 0 0 101 255 0
    0 255 0 59 0 0 255 120 255 255 255 255 0 0 0 0 201 255 255 0 255 255
    18 32 147 255 0 0 0 255 224 15 255 255 255 255 255 180 0 0 78 255
    255 0 255 173 255 0 0 255 0 0 0 0 246 0 0 255 255 255 0 0 254 196 0
    255 255 0 0 255 255 97 255 56 207 255 247 94 255 0 0 0 255 0 255 172
    255 255 0 255 255 255 255 134 164 0 133 43 86 0 111 236 255 0 0 255
    0 0 255 255 164 255 0 255 146 255 0 229 255 191 255 0 0 0 10 0 0 255
    255 0 255 0 160 0 0 0 255 87 0 0 0 0 255 255 255 255 0 255 255 255 0
    255 0 255 0 0 0 0 255 0 0 0 105 255 255 40 250 255 0 142 252 45 0 0
    255 255 43 0 0 0 255 255 160 0 0 255 0 255 255 35 0 0 255 0 0 0 0
    255 0 255 0 0 0 255 255 0 147 43 255 108 0 0 170 94 255 255 164 0 0
    0 255 0 0 255 255 0 255 0 0 0 0 255 0 255 9 165 255 84 0 0 255 255
    255 255 0 0 255 72 0 92 0 255 0 255 61 255 10 100 0 255 11 255 255
    255 0 255 0 255 255 0 36 0 255 126 127 173 255 255 0 163 0 85 0 255
    0 0 0 255 255 22 0 0 255 226 0 255 255 255 0 0 0 0 0 21 255 36 0 0 0
    255 0 255 255 255 0 1 255 255 255 0 0 46 255 0 0 62 255 255 108 0
    255 0 255 0 255 255 255 71 0 116 255 255 0 0 0 0 255 255 255 0 255
    255 0 0 255 255 255 255 0 209 255 255 0 0 0 255 182 255 255 255 0 11
    0 33 255 0 148 255 255 0 0 0 255 255 0 0 255 255 0 0 255 0 255 104
    136 0 255 255 89 255 255 0 0 0 255 0 255 0 0 0 255 223 255 133 222 0
    0 0 0 0 255 140 255 255 0 255 102 255 3 255 0 215 15 188 249 255 15
    255 136 255 145 0 0 255 212 4 0 0 60 255 194 255 0 0 176 0 0 37 255
    255 0 255 0 255 118 0 255 255 255 206 0 0 0 51 0 255 255 255 0 0 0
    255 75 0 0 255 255 255 255 222 255 255 255 0 0 0 0 80 255 0 0 255 0
    0 239 255 255 0 158 255 0 255 0 0 0 0 184 179 255 255 0 0 255 0 0 0
    255 255 255 255 255 0 0 255 255 0 0 255 0 255 255 255 24 0 255 0 255
    0 255 0 255 255 255 0 0 0 255 140 255 0 0 255 255 255 255 172 0 0
    188 255 0 255 255 0 255 0 0 118 255 255 255 183 255 0 0 0 255 192 0
    0 255 255 255 0 255 0 103 2 255 0 255 255 142 120 0 0 216 0 255 194
    255 0 0 0 27 255 255 0 255 58 255 0 255 255 49 0 0 255 255 255 0 0 0
    0 184 255 0 0 102 88 255 217 255 38 255 153 157 143 255 0 0 0 0 255
    0 255 0 0 255 255 255 95 255 255 0 18 255 255 245 0 13 0 255 255 0 0
    162 255 255 0 255 0 255 178 4 0 221 255 255 255 255 255 0 0 0 0 0
    255 255 0 255 179 255 255 255 170 255 0 3 0 0 255 255 0 0 10 255 255
    0 255 255 255 255 255 255 54 0 0 0 255 20 255 0 255 0 30 0 255 255
    190 255 92 0 0 255 255 0 0 188 136 255 0 255 0 58 255 255 255 0 251
    201 0 255 0 0 255 255 255 0 0 0 234 255 255 255 17 255 194 255 0 255
    255 255 0 161 255 255 80 0 0 255 255 0 255 222 170 0 255 255 0 0 117
    255 255 0 0 0 168 0 255 0 16 0 255 0 255 203 255 255 0 255 207 0 158
    255 0 0 0 0 255 0 255 0 169 0 255 191 224 121 141 9 0 255 0 255 255
    0 255 0 255 0 255 255 255 255 0 255 0 153 255 86 255 0 255 0 255 9 0
    252 0 0 0 255 0 255 255 255 0 0 255 88 0 0 0 255 242 0 0 0 255 0 255
    143 255 255 0 41 255 255 255 0 255 255 255 0 0 0 0 101 255 255 0 0 0
    255 0 128 0 255 0 255 255 0 0 255 33 0 255 255 255 255 0 0 196 42 0
    255 255 80 0 255 255 0 0 0 255 255 0 255 44 0 0 255 0 255 255 0 106
    80 255 0 255 0 255 40 255 67 0 0 255 255 255 8 0 145 255 94 0 0 0 0
    37 255 235 200 0 255 255 255 255 160 0 129 255 0 0 177 255 255 0 255
    0 255 40 255 0 0 63 25 0 125 0 255 170 0 16 255 0 255 0 255 0 174 0
    255 136 222 0 0 0 0 255 255 0 255 0 202 255 0 255 0 255 0 255 193
    255 0 157 0 0 0 255 255 0 0 0 255 0 255 0 255 0 56 255 0 255 0 255
    255 255 255 0 255 255 0 0 0 255 255 255 0 255 31 255 0 0 0 255 0 0 0
    0 255 255 255 0 255 255 6 255 0 0 0 255 255 253 255 0 151 0 255 255
    176 123 255 0 0 115 0 255 255 255 0 255 0 71 69 0 128 0 255 0 0 0
    255 255 204 255 255 0 0 59 101 255 0 26 255 255 0 0 0 0 0 255 0 255
    119 255 0 255 0 255 255 0 0 96 255 0 0 255 255 0 255 198 0 0 255 41
    255 0 255 0 255 255 255 0 0 0 0 254 255 105 255 0 0 0 255 255 255
    255 0 255 0 75 0 0 0 162 255 250 0 0 247 255 0 255 0 113 0 0 255 255
    255 56 255 0 255 0 192 0 255 231 255 51 0 0 255 255 0 0 255 78 255
    255 255 0 255 255 211 0 0 0 255 255 255 78 255 0 157 0 255 0 255 0
    255 0 255 255 255 0 63 0 255 141 0 216 0 39 255 0 0 255 255 173 255
    255 255 0 0 142 142 35 255 255 255 0 72 0 0 255 255 255 0 255 255
    255 57 0 255 255 117 0 0 255 255 0 0 0 255 0 255 255 255 255 0 42 0
    255 0 255 123 0 255 255 255 184 87 0 255 0 0 255 0 0 255 0 255 0 255
    255 241 134 0 255 255 0 0 250 128 255 0 255 0 255 255 137 255 255 29
    0 80 255 255 255 0 255 0 0 0 255 47 255 0 255 0 255 0 255 0 255 0 0
    0 160 221 0 0 0 255 255 255 255 255 0 255 0 255 117 0 0 255 255 249
    0 0 0 255 0 255 0 255 0 255 0 255 255 174 255 7 255 0 0 255 255 0 0
    0 255 255 255 205 255 255 201 255 169 255 0 0 255 0 255 255 255 0 0
    0 255 58 0 234 255 255 255 0 0 0 0 255 255 255 0 0 255 0 255 0 140 0
    0 0 255 255 0 0 0 255 255 255 0 0 174 223 240 170 255 255 32 217 0 0
    0 255 16 255 197 162 0 255 255 255 0 0 27 255 10 255 0 255 255 255 0
    0 255 255 255 0 0 255 161 255 0 0 0 0 235 41 255 255 0 116 71 0 0
    170 255 0 0 0 255 0 255 255 255 48 0 0 0 213 0 255 0 255 255 167 73
    0 35 0 255 255 255 255 0 9 0 255 0 194 0 6 0 0 0 255 255 255 50 0 0
    233 255 0 255 0 255 255 0 255 0 255 0 136 255 0 56 0 0 255 0 113 0
    255 0 0 255 255 0 255 0 62 0 183 255 255 255 255 163 0 142 81 139 0
    255 255 255 0 0 0 168 255 255 140 0 255 255 255 0 0 0 255 255 255 16
    0 0 255 41 255 0 175 0 255 0 255 0 255 255 55 0 0 185 0 0 95 37 0 0
    255 255 255 255 187 255 0 0 239 50 255 255 255 255 24 61 255 0 255 0
    0 0 140 0 255 239 0 230 93 191 0 255 255 255 255 83 0 254 255 183 35
    188 0 255 255 0 0 198 43 255 247 0 0 255 95 0 0 83 255 255 0 255 0 0
    0 150 255 0 60 11 255 0 0 52 127 255 0 0 0 137 255 255 0 0 0 67 239
    0 114 255 0 255 39 9 255 0 0 255 255 255 255 0 0 0 71 0 255 255 255
    0 255 110 0 255 255 255 0 255 255 255 0 144 0 0 0 41 0 255 0 255 255
    40 0 128 203 255 255 255 0 121 60 255 0 255 255 0 0 137 0 0 255 255
    255 0 0 0 0 190 0 255 0 255 0 0 255 94 255 69 7 255 0 10 0 255 255
    255 255 0 0 255 255 117 0 0 0 255 0 255 0 0 82 255 0 68 0 164 86 80
    113 0 0 0 255 0 0 255 0 3 58 0 255 255 255 255 0 255 0 255 255 0 0
    255 0 255 16 255 255 0 0 0 24 0 255 255 255 0 21 255 46 255 22 255 0
    0 255 0 255 12 51 255 255 154 255 0 208 128 255 0 134 0 239 255 0 0
    0 255 0 255 0 255 255 255 0 255 255 255 255 188 28 0 0 100 0 255 255
    0 0 0 167 0 255 0 255 255 255 56 0 8 0 0 65 255 255 0 255 255 255 0
    255 0 255 126 0 72 205 0 255 0 255 0 0 255 237 227 0 255 0 255 0 255
    186 0 255 87 0 0 0 255 255 0 0 255 255 0 0 0 219 0 11 255 255 255 0
    0 0 186 153 255 0 255 80 255 0 241 0 158 255 0 51 255 255 0 0 117
    255 197 0 0 179 0 0 255 242 212 0 251 0 255 0 255 198 0 0 0 255 20
    255 255 48 0 67 2 255 255 255 255 255 0 255 255 255 0 0 0 0 120 255
    180 255 255 255 255 199 0 0 0 255 0 0 0 255 255 255 168 0 0 0 255
    255 0 255 0 255 255 0 255 0 0 0 255 255 255 101 163 0 0 0 59 255 255
    255 0 0 0 255 0 255 0 255 129 255 255 0 0 214 255 255 255 0 146 123
    148 255 255 255 255 0 0 0 0 0 0 156 255 0 255 255 255 0 255 0 0 255
    255 255 34 125 255 148 0 0 0 255 255 0 255 102 255 0 0 95 255 71 255
    0 255 0 0 200 255 77 222 0 67 0 247 0 255 10 0 255 255 255 41 0 255
    0 0 0 255 0 154 126 0 0 255 0 255 41 255 255 0 255 0 255 229 255 24
    255 255 40 235 0 0 255 0 0 0 122 255 255 255 0 199 0 0 255 0 255 251
    0 0 0 193 0 255 255 255 0 0 145 255 255 81 0 0 255 25 23 0 0 0 255
    255 255 0 120 0 255 9 0 255 255 43 0 0 255 0 0 0 255 255 215 0 161
    255 255 255 255 0 0 255 51 0 0 234 255 255 0 224 255 11 255 0 255 0
    66 255 183 0 255 0 255 128 255 0 255 255 255 199 255 255 255 255 0
    255 21 255 0 2 0 238 0 0 255 150 0 255 4 255 255 0 125 255 255 0 0 0
    0 0 255 255 0 0 0 0 0 255 0 255 255 255 0 219 255 255 0 0 255 0 0 0
    255 255 0 0 0 255 255 255 0 0 123 255 0 115 86 77 255 255 0 255 171
    255 0 0 0 255 0 0 0 255 0 255 30 0 208 255 255 0 244 63 255 255 0
    255 0 255 0 255 201 251 0 0 255 144 255 0 91 0 101 22 255 255 0 19 0
    255 37 0 255 255 0 191 255 0 81 0 255 255 255 148 0 0 0 195 0 0 0
    255 255 255 137 255 255 0 255 0 255 255 255 255 242 255 255 255 0 0
    255 0 255 255 0 174 0 255 255 255 255 255 58 162 255 255 255 255 14
    122 255 182 255 0 255 255 31 255 255 255 0 0 0 255 0 231 239 0 0 255
    0 92 48 255 255 255 0 170 255 151 0 0 255 0 0 0 255 0 0 184 255 255
    0 255 0 255 3 0 255 0 0 243 255 255 0 255 255 255 0 0 0 230 28 0 214
    255 255 0 0 225 0 0 0 201 255 255 255 255 255 0 0 0 255 0 255 4 255
    60 0 0 255 255 255 0 255 91 150 0 156 0 0 255 0 255 153 239 0 252
    100 255 0 0 255 166 161 0 255 3 0 255 255 255 255 0 255 0 255 148
    255 158 0 255 0 219 130 0 132 0 255 255 255 165 0 255 0 0 0 255 255
    0 255 255 0 0 0 0 0 255 255 204 255 0 255 255 0 0 0 0 242 0 255 0
    103 255 4 0 0 0 255 255 255 0 0 0 255 255 255 0 0 0 0 0 255 255 0 0
    0 0 255 255 255 0 255 0 255 255 0 192 0 255 255 255 0 0 0 118 255
    255 255 255 0 0 0 255 177 0 0 255 0 0 255 126 0 0 255 255 119 255
    255 255 0 0 255 255 33 0 0 34 255 114 0 0 158 185 254 0 255 0 241 0
    255 100 255 0 255 255 255 255 255 255 0 0 50 255 255 0 0 0 255 255
    255 0 255 255 255 117 0 0 255 0 255 132 255 0 0 255 255 0 0 121 239
    0 154 255 0 0 0 35 255 0 255 0 0 0 0 255 0 0 255 255 255 0 0 0 0 255
    0 255 0 255 0 255 0 0 0 255 255 195 0 255 0 0 0 255 255 225 0 0 255
    255 181 0 0 4 255 255 255 0 70 145 255 255 255 0 255 255 255 0 163
    156 0 255 69 255 0 255 255 0 255 67 192 169 255 255 0 245 0 255 0
    255 118 0 255 0 255 0 0 0 142 217 0 255 27 96 0 0 0 175 255 255 255
    255 255 0 0 252 0 14 0 0 0 255 255 0 0 255 255 0 127 100 0 255 255
    55 255 0 0 255 0 255 0 255 255 0 255 0 0 0 0 255 0 0 255 255 0 255 0
    0 255 114 0 255 255 255 0 0 196 0 255 0 255 255 255 99 0 0 255 0 255
    0 0 97 201 255 255 149 0 255 0 219 255 5 0 0 0 205 161 255 255 0 91
    117 255 0 0 137 0 255 255 96 255 255 0 255 0 255 0 255 30 0 255 59
    22 0 0 255 0 124 0 54 0 255 0 255 121 255 255 255 0 0 100 0 0 255 0
    255 0 255 0 255 0 255 251 255 0 0 0 0 0 255 255 184 255 0 0 60 255
    255 0 255 0 255 89 0 0 255 255 0 104 255 0 73 0 0 255 255 0 0 0 255
    255 56 0 0 0 0 255 255 255 0 0 255 255 255 0 0 255 0 255 0 0 255 0
    130 149 255 255 0 144 0 89 255 255 255 255 0 255 255 99 0 0 255 255
    255 0 0 0 255 255 255 255 255 255 0 255 0 87 0 102 0 255 0 0 255 125
    255 255 0 255 0 255 255 255 8 116 36 255 0 0 0 255 255 0 0 69 255
    255 242 0 158 0 255 168 0 255 0 7 255 255 0 0 0 225 0 255 0 255 70
    255 255 0 0 0 206 255 255 0 0 0 255 0 255 0 255 0 255 0 255 0 255 0
    0 255 255 255 0 0 255 255 0 0 0 255 255 255 255 0 25 0 255 165 255 0
    37 255 0 0 186 0 255 255 120 255 255 255 0 0 255 0 255 0 0 0 0 0 0 0
    186 126 0 255 255 0 0 0 255 255 133 255 255 0 255 0 125 0 255 255 0
    181 0 255 30 6 186 0 0 0 255 43 133 255 0 255 160 103 255 255 255
    191 0 36 166 19 0 0 0 0 224 255 0 0 255 0 16 49 255 0 255 114 0 255
    255 0 228 0 255 255 255 182 255 0 255 255 6 0 255 0 255 0 255 0 0 0
    255 255 255 0 255 21 215 0 255 0 255 241 255 132 0 157 0 0 0 182 0
    255 0 255 0 255 255 0 255 0 0 134 172 255 130 0 0 0 255 255 255 172
    137 0 255 255 179 0 0 0 31 255 60 0 0 255 255 255 0 0 255 0 226 0 0
    0 0 255 255 145 0 0 176 201 136 0 173 0 75 255 255 255 255 0 0 0 255
    255 0 171 255 255 0 255 87 255 0 160 0 255 54 255 255 255 0 177 0 0
    0 156 0 255 255 255 0 0 255 0 255 0 81 255 255 255 0 0 255 255 151
    255 0 255 0 255 0 255 0 255 249 255 0 0 0 255 161 255 200 255 0 0 0
    255 255 60 0 255 255 66 44 255 0 43 53 0 255 255 38 0 0 0 255 255 0
    0 255 0 124 0 88 44 255 255 255 194 255 0 0 255 255 203 0 255 255 0
    132 0 255 0 255 0 255 255 255 0 255 0 0 255 255 255 27 27 198 255
    255 255 37 0 52 0 255 135 255 0 38 0 174 98 255 255 0 255 0 255 133
    0 0 255 255 255 0 255 0 255 0 198 0 0 255 255 255 0 105 255 236 52
    214 255 255 0 0 255 255 255 0 0 0 255 0 255 255 107 0 255 255 232 0
    0 255 0 208 148 16 103 255 255 0 255 0 255 0 0 255 178 255 247 0 255
    0 255 255 255 0 255 0 0 255 0 255 0 0 255 190 255 0 255 0 216 0 255
    134 0 183 0 0 0 255 255 255 255 145 186 255 255 0 0 242 0 255 0 255
    0 255 0 255 101 18 255 34 255 0 255 255 0 63 0 139 0 0 255 255 255 0
    0 0 255 255 105 0 255 255 255 0 0 110 66 255 0 0 118 91 255 255 0 0
    255 126 255 0 255 0 0 255 0 213 172 0 66 0 255 255 0 0 0 194 0 255
    255 0 255 255 255 0 0 0 0 223 0 255 255 255 0 0 255 59 65 0 255 0
    255 0 45 255 255 255 148 174 255 0 255 0 255 0 255 0 255 0 255 16
    234 18 0 0 66 255 6 255 255 255 255 50 0 240 255 255 0 25 255 0 255
    182 255 255 0 0 117 83 0 0 255 63 255 255 255 0 0 57 255 255 0 0 0
    255 0 0 255 255 255 0 0 255 255 0 255 0 0 0 255 255 255 0 255 0 0 0
    255 112 26 118 132 255 255 255 255 255 59 0 0 0 225 0 200 122 255
    255 9 0 148 255 255 255 255 0 0 0 255 255 255 0 173 255 255 0 255
    233 255 0 0 182 255 120 255 0 0 0 255 255 255 0 255 0 0 36 255 0 153
    37 0 255 255 255 0 0 255 0 87 42 255 255 0 0 0 0 169 255 255 0 108
    255 255 158 0 255 255 255 255 255 70 0 0 0 255 255 255 0 0 23 80 255
    71 255 1 255 255 0 0 163 255 0 255 255 255 0 0 0 255 255 0 0 255 0
    255 0 113 255 252 255 0 255 0 0 0 255 17 0 209 255 255 77 224 232
    151 255 255 0 0 0 0 0 0 0 0 231 255 255 0 255 0 255 0 63 0 255 188 0
    0 0 255 255 255 0 255 0 255 0 255 0 199 255 0 0 255 255 255 0 0 255
    0 255 255 255 255 0 255 101 0 0 0 0 255 255 151 0 0 255 0 0 255 255
    255 255 255 255 0 0 255 211 215 103 0 0 255 0 32 0 255 0 255 0 255 0
    0 0 255 0 255 195 234 255 255 255 59 0 200 255 0 255 0 255 255 255 0
    0 0 0 255 147 255 205 255 0 255 0 255 124 255 119 253 255 129 255 0
    255 0 255 0 255 0 255 0 255 0 0 0 255 255 255 0 0 255 255 255 255
    241 255 255 255 255 255 0 255 168 255 0 0 0 255 255 255 16 0 0 255 0
    255 255 255 85 255 219 73 255 0 255 0 0 0 0 0 66 26 0 255 255 250 54
    255 0 255 0 255 0 255 0 255 0 0 255 255 255 0 255 255 173 255 0 85 0
    255 0 255 255 255 255 223 0 255 215 255 0 255 0 0 255 255 255 0 0
    255 255 255 0 255 0 255 217 0 0 255 0 6 0 255 0 0 0 255 109 0 213
    255 186 255 0 0 0 255 55 184 22 255 0 0 0 255 255 86 0 0 137 255 0
    118 255 255 42 0 0 255 82 255 0 0 255 255 255 206 0 255 0 255 255 0
    255 0 255 0 255 0 255 97 255 0 255 4 0 0 47 255 255 0 83 0 58 255
    255 0 0 0 0 0 255 95 0 255 255 0 0 255 255 62 0 0 255 255 0 105 140
    255 39 255 0 255 0 255 53 255 127 0 255 0 255 0 0 255 0 255 0 255
    143 0 0 0 255 255 0 161 0 0 255 0 255 0 255 0 0 0 255 255 0 0 0 99
    94 165 0 255 50 255 0 255 0 0 0 255 0 0 0 255 0 216 0 0 0 36 255 255
    0 23 0 255 255 255 255 0 255 255 255 48 75 0 0 255 194 0 255 177 255
    0 0 0 255 255 255 255 255 255 0 255 0 255 0 0 255 255 32 247 0 0 0
    180 255 0 0 255 0 255 255 189 0 185 115 0 215 255 255 255 0 0 0 147
    255 225 162 223 255 255 255 26 0 125 0 252 0 1 255 255 0 255 0 253
    255 255 32 255 255 0 0 0 255 157 255 16 255 255 0 0 0 86 255 255 0 0
    255 255 255 0 0 0 255 0 255 255 49 0 0 255 255 255 0 0 0 255 0 0 255
    255 19 255 146 255 0 0 0 187 255 255 247 0 0 255 255 0 204 0 255 0
    255 215 39 0 52 0 255 183 0 255 210 255 0 0 0 0 0 255 255 225 0 232
    0 0 255 255 0 0 0 0 102 255 255 255 0 255 0 255 40 177 103 215 255
    255 0 255 255 168 0 0 255 234 255 0 255 255 255 0 255 35 255 0 0 0 0
    0 255 255 255 0 242 255 255 221 0 255 0 255 0 0 0 0 255 255 170 255
    0 0 0 255 255 255 0 0 255 255 255 91 255 0 0 0 235 255 255 80 0 255
    0 255 0 255 255 241 0 255 0 255 255 19 0 0 0 255 15 26 64 255 238
    255 0 30 0 0 255 255 128 255 0 255 0 150 0 0 212 0 255 255 255 0 0
    255 255 189 0 5 86 94 17 0 45 0 255 67 0 255 255 255 0 168 0 191 0 0
    0 255 0 255 255 255 0 0 0 255 231 0 0 237 255 255 255 255 255 0 0
    255 0 0 0 255 0 0 210 70 255 255 255 35 255 0 255 255 255 0 0 255
    255 255 213 255 255 255 255 0 193 255 255 255 0 0 0 255 0 255 255 0
    0 0 255 255 255 255 255 255 0 0 0 255 255 188 0 0 0 169 75 255 104
    184 0 255 80 255 37 0 0 0 255 255 255 103 0 55 0 148 0 237 0 0 0 255
    255 0 0 255 255 255 255 255 92 255 0 255 255 255 0 166 176 0 0 0 255
    0 255 255 0 0 0 255 255 255 0 186 255 157 255 255 0 0 186 192 255 0
    255 0 0 0 126 17 255 0 255 166 255 0 255 0 174 0 78 206 0 255 255
    255 0 255 0 0 255 255 255 0 255 197 255 239 255 23 0 0 0 255 0 255 0
    255 255 255 120 0 156 255 255 10 255 0 0 0 75 255 0 0 0 255 0 255 11
    0 255 255 255 148 113 0 0 255 0 0 0 0 255 255 255 0 255 149 167 255
    255 255 0 114 0 255 255 0 0 6 255 192 0 255 0 255 0 255 136 255 0 72
    255 0 0 234 0 7 0 255 255 255 0 0 0 255 255 255 164 31 0 0 255 0 255
    0 255 0 0 0 0 196 255 0 255 255 255 255 255 0 0 52 255 0 255 255 255
    0 239 129 255 0 0 0 255 182 0 0 204 255 255 0 255 255 130 63 255 0 0
    0 255 0 255 0 0 255 255 0 0 63 0 255 0 255 0 255 140 255 0 255 255 0
    0 255 0 0 0 255 244 0 125 158 255 255 0 255 219 0 0 0 255 151 255
    255 255 0 0 79 255 0 0 255 0 0 0 255 255 255 0 0 0 0 255 0 0 0 255
    180 255 0 15 255 255 134 255 255 255 0 255 0 161 255 0 0 0 46 8 255
    255 172 0 0 255 255 255 0 0 0 70 255 0 255 255 255 255 255 67 235 0
    0 255 0 0 0 255 255 255 0 0 0 255 255 255 6 255 0 0 0 0 66 0 255 255
    255 45 0 0 255 0 255 83 0 255 255 236 255 0 255 0 0 0 255 161 255
    255 255 0 192 255 255 0 0 0 255 63 255 255 255 255 0 0 0 255 0 255 0
    0 0 255 0 13 0 91 255 26 86 0 0 0 255 0 81 233 255 255 0 0 191 0 255
    255 255 0 171 0 247 0 0 255 0 255 255 255 65 0 140 0 0 10 255 0 255
    255 255 0 0 0 202 255 0 3 255 0 0 241 255 255 255 255 0 20 0 230 255
    255 0 255 255 255 255 0 255 0 255 95 255 255 0 255 28 255 255 0 217
    190 255 255 255 0 0 0 203 255 255 0 0 0 255 0 4 0 11 178 0 0 255 255
    255 0 0 133 0 255 0 255 255 151 96 0 255 255 255 87 0 92 120 255 133
    0 0 255 255 0 80 255 255 0 0 179 255 255 255 0 0 0 255 0 255 0 212
    255 255 30 0 221 0 14 138 255 255 255 0 0 0 255 255 255 0 0 0 0 255
    255 255 255 0 0 255 69 255 0 255 255 255 0 178 0 255 255 255 255 48
    255 0 137 255 255 0 88 255 255 251 0 215 255 225 0 255 0 255 255 255
    255 0 70 255 0 0 255 255 255 182 0 255 255 255 255 0 255 0 255 0 37
    255 255 63 0 0 255 255 255 205 0 119 163 255 116 255 253 255 255 255
    0 56 0 255 0 217 255 255 63 0 135 255 79 0 0 0 225 0 255 255 0 255 0
    0 255 0 255 58 255 226 118 255 0 216 0 49 0 0 0 230 0 253 0 255 0 0
    255 118 0 2 0 183 0 255 255 255 0 0 0 0 255 255 0 255 0 255 255 0 0
    255 255 255 0 0 0 255 255 255 0 255 68 255 0 255 0 87 255 255 102 0
    255 0 84 0 0 255 134 51 0 0 0 0 255 0 255 0 255 0 255 0 255 0 255
    187 129 255 135 0 0 255 0 0 255 0 0 0 53 202 0 0 0 0 255 255 205 255
    0 255 0 46 0 7 236 255 255 255 0 255 255 0 0 35 0 0 255 255 0 191 0
    255 255 0 255 0 0 255 0 0 186 255 255 255 0 255 0 98 0 104 0 0 255
    255 255 255 0 0 0 255 255 0 21 0 104 255 0 0 255 255 48 255 0 0 0 0
    79 64 255 255 255 255 0 0 0 255 255 255 255 0 235 255 255 255 178 0
    0 0 0 0 255 228 255 128 255 0 255 29 255 255 255 0 0 149 255 255 0 0
    0 0 34 255 0 255 255 255 255 0 147 255 255 0 255 255 0 255 0 0 0 0 0
    0 255 0 123 255 255 136 146 93 255 0 0 0 211 255 255 255 228 0 0 255
    121 255 255 0 0 0 0 100 255 255 255 96 255 246 0 255 255 0 0 255 0 0
    0 0 0 255 213 138 56 255 255 176 255 0 1 208 225 218 189 0 255 0 255
    0 0 0 255 255 255 0 135 0 0 255 101 0 189 0 233 0 53 0 52 255 255 0
    0 245 255 0 255 0 0 0 0 255 255 255 255 0 255 0 255 0 255 0 0 255
    167 0 0 255 255 194 255 255 255 0 159 0 255 255 255 0 159 0 255 255
    255 0 0 0 255 255 0 255 169 255 0 255 0 66 0 0 0 255 0 0 0 255 0 255
    255 0 0 0 255 0 255 0 159 48 120 58 0 255 0 0 255 84 249 0 255 255
    255 41 0 0 255 255 255 0 0 255 255 255 0 0 255 255 255 0 0 0 0 255
    255 199 0 61 255 188 0 152 255 0 0 0 0 208 0 54 0 142 0 0 255 255
    255 255 255 0 0 160 112 0 0 255 255 0 243 0 255 0 255 0 255 208 255
    255 171 255 255 177 0 0 255 0 0 0 255 255 0 0 0 255 255 0 119 0 0 0
    255 0 255 0 0 0 255 255 233 0 0 255 255 255 0 174 21 0 0 0 0 255 255
    255 255 222 255 255 255 0 0 255 240 255 0 255 255 255 0 0 0 255 58
    255 0 115 255 0 0 155 255 255 0 0 255 255 0 126 0 0 0 0 255 255 255
    79 255 0 83 0 255 0 107 151 255 0 120 0 213 255 255 255 216 150 0 80
    0 255 255 255 23 0 0 255 255 74 0 255 255 255 255 0 206 255 0 255
    255 0 0 0 255 255 255 0 0 251 255 255 0 255 255 255 0 0 91 0 255 0
    173 255 255 255 0 0 0 255 125 41 0 255 255 255 0 18 255 255 0 216 0
    255 0 159 122 137 0 255 126 0 0 125 255 0 121 255 16 0 0 0 0 255 255
    0 255 0 0 147 0 0 255 164 124 0 0 0 255 0 173 0 255 0 255 0 255 255
    255 0 0 255 186 154 255 0 255 255 46 0 255 0 94 0 0 0 255 255 0 255
    0 141 1 0 255 255 147 0 0 100 255 84 255 0 0 255 255 0 0 0 255 255
    255 0 0 0 0 0 255 0 255 24 255 255 0 0 255 255 255 255 1 0 255 15 0
    0 0 31 255 255 0 0 0 255 255 255 158 255 255 83 255 0 0 0 255 255
    225 0 255 0 140 0 134 240 0 255 255 255 0 0 0 0 255 26 255 242 0 0
    255 0 201 5 0 64 0 97 0 0 0 255 255 255 255 0 0 47 230 0 255 0 255 0
    68 0 250 255 255 255 0 0 0 255 255 55 255 0 0 255 44 255 0 255 0 0 0
    3 0 255 0 255 255 255 255 255 255 0 255 0 255 113 255 255 255 0 255
    0 0 255 78 255 255 0 0 255 0 0 255 255 0 0 0 114 255 255 0 255 255 0
    75 255 255 255 0 255 255 92 244 180 255 0 0 0 0 255 255 172 255 255
    255 0 0 0 0 255 0 255 229 0 146 255 0 0 0 163 255 212 0 255 147 0
    255 255 0 255 255 255 255 255 255 0 255 0 255 0 0 0 255 0 255 0 165
    0 0 229 225 255 255 255 0 255 0 255 0 255 0 0 0 0 161 183 255 0 251
    0 100 255 177 245 0 255 255 255 0 0 0 191 0 0 255 255 117 255 0 0 48
    255 255 255 255 24 0 255 255 0 255 255 0 0 0 255 0 184 255 0 255 0
    255 0 0 0 255 215 255 255 255 255 246 255 0 255 0 113 0 255 255 229
    0 0 0 255 229 0 233 255 255 149 255 0 35 0 0 0 149 236 216 0 78 255
    170 255 255 255 0 255 0 0 0 255 255 255 255 139 255 187 255 0 255 0
    255 32 255 255 255 68 0 0 255 255 0 0 255 255 255 0 0 0 255 209 141
    76 255 162 119 0 0 255 0 255 255 102 0 0 194 255 0 3 0 255 0 255 0
    255 0 119 0 0 255 0 255 0 255 64 0 78 255 255 255 0 0 255 255 0 0 46
    0 0 0 255 0 0 255 0 255 0 255 255 255 255 0 115 47 255 255 0 26 0
    255 255 255 0 0 0 255 0 0 0 255 255 255 255 239 255 0 0 0 255 80 255
    255 255 255 250 174 255 0 105 3 255 255 255 0 0 255 255 255 0 255 0
    255 255 49 247 0 255 255 255 0 0 47 255 0 255 0 0 0 165 250 255 144
    255 0 255 0 137 0 142 255 0 0 0 255 255 255 0 216 255 0 255 67 0 0
    255 255 255 255 0 0 0 255 255 255 255 0 185 0 43 113 255 255 29 0
    180 255 255 255 0 255 0 255 0 255 0 0 0 255 147 0 0 0 255 227 145
    255 0 255 255 255 0 0 0 255 15 0 0 0 255 0 255 0 255 97 0 84 0 255 0
    0 0 255 255 212 0 0 90 75 255 15 255 0 0 0 255 0 255 255 30 0 255
    255 8 0 0 255 17 255 0 0 255 255 255 0 0 0 0 255 255 0 255 0 255 0 0
    178 255 0 0 0 255 213 255 0 255 0 0 77 255 255 255 0 0 255 0 0 0 255
    255 255 244 0 0 0 0 42 255 255 255 255 0 0 0 255 65 255 0 0 255 227
    255 146 255 255 0 0 255 224 255 0 255 0 255 255 0 0 0 126 98 255 255
    0 255 0 255 0 0 0 72 255 255 255 255 0 0 0 243 162 255 0 255 255 255
    0 255 0 255 9 255 0 207 0 0 255 255 255 255 0 0 0 255 0 0 0 255 255
    255 3 0 190 255 255 0 255 255 255 71 0 0 255 88 0 0 0 255 199 0 0
    255 255 255 255 0 255 217 255 255 255 0 0 110 255 255 0 0 0 0 0 115
    0 0 0 255 0 0 255 0 255 255 255 0 0 190 255 2 253 255 0 58 23 255
    203 255 255 109 0 0 0 255 113 255 0 89 255 0 255 0 255 0 255 0 0 255
    255 255 0 255 0 255 175 255 0 255 192 255 255 255 0 255 0 255 84 255
    0 0 0 255 255 255 0 68 207 0 255 255 255 0 240 255 104 84 255 0 255
    255 255 0 212 82 0 255 255 165 0 0 0 174 255 0 140 0 255 0 0 0 255
    17 232 0 255 0 0 0 239 0 0 255 185 0 0 153 0 255 184 0 59 183 0 0 46
    51 255 255 255 105 255 0 0 28 0 255 255 0 0 255 182 255 0 12 0 0 255
    0 255 0 255 167 255 0 255 255 89 0 255 0 255 65 255 0 255 0 0 196
    255 255 255 0 255 255 255 255 0 0 255 255 63 255 0 0 0 255 255 0 0 0
    255 255 133 255 0 255 0 255 1 255 0 0 0 0 255 255 255 0 255 255 195
    0 255 0 255 255 255 255 0 255 34 255 0 0 255 255 255 0 184 255 255 0
    0 0 255 255 82 137 255 120 0 0 0 255 255 255 58 0 255 255 0 0 0 245
    255 255 255 43 0 255 0 0 0 255 224 0 0 255 0 0 0 0 255 255 255 255
    55 0 0 116 96 255 45 0 42 39 255 255 0 255 255 0 0 255 255 215 255 0
    255 0 255 0 0 0 0 0 99 144 255 0 255 0 255 255 255 0 243 171 255 0 0
    255 255 255 0 234 0 84 0 255 54 117 0 255 27 255 255 138 0 181 0 0 0
    94 255 255 0 56 0 0 0 255 0 255 0 165 0 255 255 0 255 177 0 0 255 0
    45 0 255 255 255 255 192 255 255 255 0 0 30 255 255 255 130 0 0 255
    197 255 255 211 255 255 0 0 255 255 0 0 0 255 0 0 255 135 0 0 195
    255 255 0 214 0 85 255 167 255 0 255 255 255 0 255 255 86 0 255 255
    143 0 188 11 0 255 255 255 0 0 159 255 0 102 255 255 255 0 0 97 255
    0 0 37 133 120 0 255 0 255 0 255 0 178 0 0 255 255 255 255 0 0 0 0
    255 0 50 255 0 255 248 0 0 255 255 7 9 255 188 0 0 255 255 255 0 255
    0 136 255 255 144 0 255 185 255 255 255 0 0 0 255 255 222 255 0 255
    0 255 0 245 44 255 255 0 0 0 0 0 255 255 0 255 0 0 0 255 0 255 0 0
    140 0 0 142 255 0 0 255 255 255 0 255 0 255 243 0 248 255 255 255
    255 255 255 0 0 0 255 255 0 0 255 0 255 20 0 0 96 255 255 255 0 0
    255 255 0 0 0 0 0 195 0 255 255 255 255 0 0 255 142 255 255 0 0 0 52
    0 0 255 213 255 255 255 255 255 0 0 0 255 0 0 0 0 255 0 255 255 191
    0 112 63 0 0 255 255 255 0 0 0 255 255 255 0 0 0 255 0 0 0 255 0 0 0
    255 255 255 255 0 255 0 255 0 138 0 255 0 255 0 245 0 0 255 255 255
    0 220 0 255 255 69 255 255 255 255 0 0 0 176 115 0 145 255 255 255 0
    0 255 0 255 0 255 255 255 0 255 190 255 0 255 0 46 0 0 230 255 0 255
    0 0 255 0 35 0 255 222 255 255 0 255 255 0 0 0 0 255 9 0 255 255 255
    255 150 255 0 255 255 255 0 0 96 255 0 117 0 255 255 255 0 0 0 255
    255 0 255 0 215 0 36 169 255 0 255 0 255 255 0 0 255 255 255 45 0 0
    255 255 255 0 218 0 113 0 255 0 72 255 255 248 0 165 216 255 255 0
    255 189 255 0 76 255 0 0 0 224 0 242 0 0 240 255 255 255 0 0 0 149
    255 255 0 0 0 255 51 255 6 0 255 0 255 0 255 255 201 255 0 129 255
    255 172 0 143 255 255 249 0 255 0 255 0 255 0 0 145 0 230 255 255
    255 255 255 255 0 255 255 255 131 255 0 255 255 255 255 127 0 0 255
    255 255 255 0 255 0 255 0 0 0 171 255 192 0 10 255 0 255 32 255 0 0
    0 255 0 255 0 0 0 255 255 51 255 0 0 0 255 255 0 255 255 234 0 0 0
    183 255 0 255 0 255 0 255 255 255 0 0 0 255 255 255 255 0 255 255
    255 255 124 0 255 0 0 0 0 255 255 255 0 0 171 0 255 0 228 255 67 0
    255 0 255 0 179 51 0 255 225 255 0 255 166 255 255 0 255 0 255 0 255
    0 255 170 255 0 0 255 0 0 255 255 0 11 0 0 255 0 255 255 255 193 125
    223 0 0 255 55 255 0 255 0 255 255 0 0 0 255 255 0 0 147 129 255 0
    255 0 255 255 231 51 0 0 136 255 255 255 255 0 0 235 255 255 162 0 0
    0 244 0 255 0 255 63 33 0 204 255 255 0 0 0 255 255 255 0 255 0 41 0
    0 0 0 245 255 0 255 255 255 20 226 0 0 0 55 0 255 0 0 0 0 255 255
    255 255 255 0 120 255 255 255 255 118 0 255 0 0 255 255 255 255 0 0
    236 255 154 255 0 255 0 192 0 255 255 255 115 0 146 0 0 0 255 255 0
    255 0 0 255 255 0 0 0 255 0 255 0 105 0 74 92 255 0 0 255 255 238
    255 255 114 0 255 255 255 0 0 255 255 255 0 0 0 35 255 255 255 0 0
    255 0 142 0 47 0 0 0 79 0 0 255 0 255 0 0 0 255 255 255 0 0 255 0
    255 0 255 0 198 255 0 128 0 255 0 0 255 255 0 0 82 255 216 107 0 182
    255 0 255 0 255 255 239 255 82 0 0 176 255 255 255 2 0 255 255 71 0
    0 0 255 255 255 0 0 0 255 145 255 255 0 0 255 203 255 0 0 0 0 176 0
    255 255 255 0 0 255 0 255 0 255 223 8 0 0 45 255 155 0 0 0 255 255
    255 255 255 0 0 0 255 255 255 0 95 255 255 0 111 0 44 1 0 255 171
    255 0 102 154 143 255 62 0 221 206 255 69 0 0 0 255 0 0 0 0 0 52 241
    255 0 14 0 0 255 255 0 0 0 255 255 255 0 0 255 255 0 148 0 255 255
    255 0 0 0 255 255 0 255 255 255 255 0 255 0 255 0 0 255 255 255 255
    0 0 0 255 255 255 0 0 0 130 0 255 255 33 255 0 186 145 0 25 0 204
    111 255 0 255 0 255 0 255 0 255 255 255 0 255 0 0 0 255 255 0 0 255
    153 0 0 0 255 255 0 255 0 0 75 255 255 255 255 0 255 0 0 255 0 255
    255 0 0 0 255 2 0 255 255 255 0 165 0 127 86 232 0 147 0 78 0 0 0 0
    255 255 0 58 0 255 255 0 0 58 0 255 0 255 0 255 0 255 0 0 0 255 0
    218 0 0 113 0 0 246 255 0 29 0 255 0 255 255 255 255 0 0 0 255 255
    255 0 255 0 255 199 62 0 0 13 255 255 0 255 87 255 255 255 106 0 0
    255 77 255 255 0 0 0 255 0 0 255 255 255 157 0 116 101 0 255 16 255
    255 255 0 0 0 0 255 0 0 0 0 255 255 255 0 0 255 255 255 0 255 0 255
    255 0 5 0 255 41 0 0 255 216 0 0 124 255 0 0 0 255 255 191 191 0 255
    151 0 255 0 255 217 255 190 0 0 0 255 0 255 0 144 0 255 184 255 255
    68 0 0 255 0 0 255 0 255 0 20 0 255 255 0 0 0 106 0 0 255 80 255 0 0
    185 255 0 0 255 0 255 0 255 255 255 0 0 255 0 0 255 255 255 0 0 255
    0 255 255 255 0 255 184 0 0 255 255 255 0 0 0 0 255 255 255 27 243 0
    255 0 255 0 255 255 0 0 0 255 181 251 255 0 0 255 255 0 0 0 255 255
    0 0 0 0 255 0 114 255 0 255 0 255 0 0 255 148 255 255 0 0 0 255 146
    0 255 255 32 0 0 0 255 255 255 108 0 255 0 0 0 0 0 60 255 255 236
    255 0 255 255 0 57 255 165 255 0 255 0 0 215 255 255 255 255 160 0
    255 0 0 0 0 237 255 255 213 0 34 255 255 255 0 105 0 0 255 255 255 0
    255 0 96 30 255 88 255 0 0 255 0 0 0 255 13 255 95 212 255 0 0 0 0
    255 0 255 0 255 255 255 255 0 0 0 255 255 0 255 106 255 97 151 255 0
    255 0 255 222 218 255 10 115 255 255 255 255 0 255 0 42 0 255 0 255
    255 0 0 0 0 255 0 0 255 0 135 79 251 255 0 0 0 255 20 0 255 0 0 206
    255 255 255 0 0 0 60 83 255 255 79 255 255 0 0 255 197 255 255 0 0 0
    187 255 0 49 0 82 0 202 165 0 255 0 255 255 0 0 0 0 29 255 0 0 0 255
    255 255 40 0 0 255 255 255 0 0 255 105 255 0 255 0 255 0 255 255 0
    255 83 0 138 255 255 255 255 210 255 0 0 0 174 255 255 0 0 67 255
    255 0 255 0 7 255 255 255 0 0 255 255 255 0 255 255 0 255 0 0 0 255
    71 212 0 0 0 255 255 50 62 0 0 123 255 48 0 35 255 255 150 0 0 0 11
    0 255 0 255 0 48 255 0 255 5 217 150 255 0 49 255 255 255 0 0 255 80
    255 247 255 0 0 108 7 255 215 255 0 255 255 0 81 0 255 4 0 0 255 0
    255 0 255 255 0 0 0 255 77 0 255 206 255 186 22 0 194 0 255 0 0 0 20
    255 0 0 0 204 255 255 0 0 0 146 0 255 17 255 255 255 255 0 0 0 41
    255 205 255 255 255 0 255 255 255 0 255 255 255 0 0 68 0 255 0 255
    55 255 255 0 0 255 0 255 176 255 203 0 42 0 0 0 0 255 0 255 0 0 0
    255 255 116 10 255 94 0 0 255 255 0 252 173 0 255 255 99 0 255 0 0 0
    255 255 255 186 77 166 255 0 255 0 85 0 255 255 0 67 36 0 255 136
    255 229 255 0 247 164 255 0 0 0 255 255 255 0 0 0 196 145 255 0 255
    255 75 66 170 0 255 255 255 199 255 0 255 0 0 255 255 0 0 0 248 0 0
    255 255 0 255 0 251 254 255 0 58 255 255 255 255 0 255 80 102 0 255
    152 255 0 255 0 0 0 255 255 255 83 0 255 0 4 0 255 66 255 0 255 0
    255 255 255 255 0 0 255 255 0 0 85 255 255 255 255 0 167 0 0 171 0
    255 0 255 150 0 255 0 0 0 59 0 0 2 255 35 255 0 255 0 255 0 255 0
    255 0 255 255 255 0 0 0 255 0 0 0 255 255 0 0 0 183 255 0 0 255 243
    0 0 255 255 255 0 0 0 0 0 0 255 255 180 255 240 255 0 255 14 0 0 0
    255 255 255 0 255 122 0 0 0 255 255 255 255 0 0 0 255 0 255 81 108
    69 0 0 0 255 128 0 0 0 255 255 255 0 0 255 0 255 0 112 0 0 0 0 255
    255 28 0 0 54 0 255 255 255 255 255 0 0 0 117 74 255 255 0 0 0 255
    255 255 53 255 0 0 0 0 119 150 13 255 255 0 0 0 255 255 0 0 161 255
    255 104 255 145 0 255 0 255 255 255 0 44 18 0 255 132 147 0 51 255
    255 178 0 210 206 255 255 0 193 255 251 255 0 0 201 0 255 12 0 165 0
    0 255 255 205 177 255 255 255 175 0 255 0 32 0 0 255 0 0 68 169 255
    0 255 255 0 0 0 0 255 255 0 0 227 255 0 98 255 255 0 255 0 0 248 77
    0 243 255 0 255 0 255 0 255 0 255 47 255 255 0 0 0 0 31 255 166 255
    255 0 0 0 255 177 255 0 0 0 115 255 255 184 255 255 255 255 0 0 90 0
    255 255 255 255 228 5 0 0 0 0 0 0 0 255 255 0 0 83 255 0 0 0 0 255 0
    75 0 255 0 255 0 198 70 255 255 255 0 255 0 255 190 255 255 68 255 0
    255 235 255 0 0 255 255 0 0 0 255 0 255 255 255 255 127 0 160 0 0
    255 20 255 0 0 0 0 255 198 255 107 0 0 0 255 255 208 0 11 0 255 255
    255 0 0 95 255 255 255 0 0 255 255 0 255 255 0 0 0 255 0 0 255 0 141
    255 255 255 0 0 0 104 0 8 255 0 0 0 255 255 255 255 255 189 0 0 0
    255 255 0 37 255 255 0 0 0 0 255 0 255 207 255 0 255 0 195 208 255
    53 0 255 255 13 0 0 255 0 233 255 255 255 0 0 0 0 255 255 255 246
    255 0 89 0 0 126 255 174 0 255 0 255 101 0 0 255 255 255 50 0 0 0 0
    255 12 5 255 255 0 255 0 48 0 255 255 0 0 0 0 198 255 255 33 0 255
    250 255 0 86 255 59 255 0 255 0 255 159 255 0 255 83 161 18 0 0 0
    255 0 255 0 255 0 255 98 101 255 124 23 0 0 197 0 0 0 255 0 255 0 89
    0 0 255 12 255 255 213 255 0 0 255 255 255 255 0 255 0 0 0 255 255
    255 255 0 0 0 136 255 255 255 0 0 0 0 0 255 103 255 118 255 38 24 0
    255 0 255 0 17 196 255 255 255 255 0 0 0 255 0 255 0 255 0 0 255 255
    255 146 0 0 255 255 255 52 44 255 255 0 0 181 0 0 255 0 87 29 255 0
    160 46 255 0 255 0 255 0 255 255 255 0 0 67 155 124 0 255 0 255 176
    32 0 0 255 255 23 219 255 255 255 255 0 0 79 15 255 0 0 255 255 255
    169 79 121 0 0 255 131 68 255 255 0 255 0 181 255 255 0 0 0 106 255
    255 145 0 255 255 255 255 0 255 52 255 0 65 0 255 0 255 11 0 0 117 0
    0 255 255 255 0 230 255 255 0 131 0 255 0 255 0 163 0 214 0 117 255
    255 255 0 0 0 0 0 235 0 0 255 255 255 0 43 0 195 255 0 0 255 195 255
    0 0 255 255 255 0 0 255 187 0 255 44 0 0 255 0 255 255 255 255 0 0
    52 3 248 130 97 0 255 0 255 85 255 134 19 0 0 0 59 255 255 110 255
    55 0 0 255 0 231 19 255 0 255 22 255 0 131 255 55 255 0 255 36 255 0
    255 255 255 0 0 255 0 255 0 0 255 255 224 0 255 0 0 255 255 255 0 0
    0 0 0 0 255 255 17 0 0 0 255 255 154 0 255 255 255 255 0 0 185 255
    255 0 0 127 255 199 103 0 228 229 255 0 255 255 0 0 10 0 255 255 255
    51 0 61 255 255 255 0 0 195 255 255 255 255 255 184 45 35 94 155 255
    173 0 0 158 255 255 0 23 80 39 0 255 255 0 105 0 0 255 255 0 0 0 255
    42 255 186 255 0 255 0 255 174 0 0 0 255 255 255 0 0 0 179 255 255
    255 0 0 0 255 255 0 0 0 255 0 0 0 255 255 224 255 0 255 0 0 255 255
    0 0 0 255 0 13 255 255 106 255 0 255 0 255 0 0 0 0 0 0 255 240 255
    64 0 37 255 255 128 255 0 0 161 0 196 0 217 255 0 255 255 255 96 255
    0 255 255 255 0 0 255 255 255 0 0 98 255 0 0 0 255 7 0 0 0 0 255 255
    0 0 70 255 0 0 0 255 255 220 255 255 31 0 104 255 129 237 235 0 0
    255 0 46 0 0 0 255 255 255 255 0 41 255 255 0 0 0 255 0 255 0 255
    138 231 0 255 255 95 0 0 255 255 0 0 0 209 255 255 0 0 255 255 255 0
    255 0 0 0 0 255 0 23 255 22 130 255 63 255 0 0 255 255 255 0 255 0
    204 255 255 185 0 255 60 255 0 0 0 255 255 135 0 255 0 0 255 255 255
    255 0 0 0 255 255 115 0 0 226 255 255 0 255 238 0 255 255 136 0 0 0
    255 186 255 174 102 255 0 0 163 87 255 255 0 119 0 255 0 221 0 0 0
    255 0 0 255 255 0 1 145 255 0 255 0 255 192 4 255 203 255 0 255 213
    0 0 255 255 0 0 0 255 255 0 255 255 255 0 0 0 255 255 0 255 246 255
    0 0 56 0 0 0 255 255 0 0 0 255 0 255 0 255 255 0 255 0 255 0 89 255
    0 255 255 255 0 0 0 255 239 255 255 255 0 210 255 0 0 138 255 255
    255 0 255 179 255 0 0 255 255 255 0 0 255 255 255 0 0 255 0 255 255
    255 255 0 0 0 55 0 255 255 51 255 31 0 0 150 31 193 0 255 255 17 182
    0 0 255 255 255 0 161 0 255 255 255 255 0 255 126 71 0 10 2 157 0 0
    96 255 209 185 0 255 0 255 0 0 0 48 255 255 52 0 0 0 0 255 255 4 6 0
    255 255 255 0 255 3 255 255 0 255 255 0 0 0 255 255 174 252 0 120
    255 0 254 0 0 0 255 255 0 0 255 255 178 255 49 3 0 255 255 255 0 255
    255 255 255 0 0 0 255 4 255 0 0 109 12 255 255 189 0 0 255 0 0 0 255
    255 0 255 0 255 0 255 255 255 0 223 37 224 0 255 0 255 0 0 255 255 0
    255 0 255 36 0 0 0 0 255 0 255 0 35 0 255 255 0 255 255 255 0 0 0 46
    255 193 192 0 0 0 140 255 0 225 0 0 255 231 0 145 255 0 255 0 255 0
    255 0 197 255 255 0 0 221 255 255 0 255 0 0 0 255 255 255 0 124 0
    255 0 28 0 0 255 255 0 255 0 255 0 223 0 205 226 0 255 0 255 87 255
    255 255 214 255 106 145 0 81 0 250 255 0 0 234 0 255 0 255 0 0 88
    255 0 241 255 255 255 255 0 0 0 255 96 255 255 181 255 149 255 0 255
    0 255 15 32 0 0 0 255 179 0 255 0 255 255 255 1 255 255 255 0 0 0 62
    255 0 255 0 255 0 0 0 0 76 147 255 0 70 0 255 0 155 255 0 0 0 255
    255 255 0 255 255 92 0 255 255 68 248 251 0 255 0 0 255 255 255 0
    111 0 255 255 203 58 0 0 0 0 255 255 0 0 0 255 251 255 0 228 0 0 255
    234 255 255 42 0 255 255 0 0 255 255 255 0 0 207 0 0 255 255 0 0 255
    255 211 0 0 0 255 0 255 255 198 0 255 123 28 171 93 255 0 255 0 0 14
    255 255 0 0 0 0 255 255 255 0 0 255 0 255 0 0 255 255 0 0 0 0 255 9
    255 248 97 255 169 0 0 165 255 0 0 107 255 255 203 242 255 166 255 0
    255 255 255 255 0 255 0 0 0 0 255 0 255 0 255 0 255 0 162 0 255 1 34
    9 255 0 0 255 255 0 255 0 0 255 0 0 255 255 0 166 0 255 255 0 62 0 0
    255 255 255 0 60 58 0 255 0 255 0 0 88 0 255 255 255 76 0 255 255 0
    104 0 255 255 255 0 0 0 0 50 178 0 0 0 255 255 0 255 0 0 0 255 255
    98 0 0 0 131 75 213 255 0 255 255 255 0 255 0 0 0 255 255 255 0 0 0
    219 0 0 0 0 0 255 255 88 0 0 255 255 0 0 0 255 255 255 255 0 0 255
    255 0 255 0 255 0 255 221 255 255 0 0 0 0 255 0 0 255 255 255 0 0 0
    255 0 255 0 0 95 255 255 255 255 0 0 255 255 255 0 255 255 0 0 34
    255 255 44 0 231 255 255 0 255 255 228 0 9 255 255 255 0 0 255 255
    255 255 88 187 0 255 224 255 57 0 0 255 0 255 0 255 0 255 168 0 255
    255 124 255 0 0 0 0 10 0 255 0 255 255 255 203 0 0 255 0 255 0 255 0
    255 0 0 255 255 255 201 255 0 0 255 255 255 0 124 255 255 255 41 0 0
    0 255 255 255 0 0 255 0 232 0 255 0 0 0 0 88 0 0 0 197 255 0 0 255
    255 255 107 228 255 255 255 0 255 255 255 0 255 171 0 255 149 0 194
    0 105 255 0 255 0 0 0 255 0 0 255 255 255 0 0 0 221 0 215 0 0 0 255
    0 255 255 0 255 0 96 0 0 0 255 255 255 0 255 0 144 0 0 215 255 0 200
    255 124 155 62 0 185 255 21 153 219 0 63 0 0 255 255 255 0 255 204
    160 0 0 0 255 255 224 0 0 255 255 0 241 0 255 255 0 0 167 0 155 255
    255 255 109 0 255 0 157 0 255 0 255 0 0 200 0 255 0 255 0 0 185 255
    255 0 0 117 255 94 88 0 0 0 0 3 143 255 255 255 0 174 0 255 144 255
    3 255 0 255 190 255 255 255 148 0 0 255 255 255 0 0 255 255 0 255 0
    0 0 255 255 0 0 255 227 255 0 99 0 0 255 255 0 0 0 228 255 255 0 249
    255 255 19 255 0 255 164 255 0 0 255 255 255 0 172 0 0 0 0 151 0 255
    255 255 255 0 255 255 255 255 255 0 0 255 181 255 0 255 0 144 185
    255 66 255 0 255 0 16 0 0 255 238 255 125 54 255 195 255 255 36 255
    255 255 0 109 0 0 255 255 0 0 34 0 0 23 0 243 191 104 0 0 255 255
    255 0 255 255 255 255 0 181 91 255 255 0 0 205 0 0 0 255 0 255 0 255
    0 255 0 10 248 111 255 74 255 0 0 0 255 0 45 255 0 255 49 255 255
    255 0 0 0 241 13 0 255 255 255 255 90 0 255 255 255 0 0 0 255 171 0
    255 9 58 0 255 0 0 255 255 255 212 0 255 255 38 0 144 255 255 0 0 0
    117 255 185 0 255 124 255 255 0 255 255 89 0 255 136 0 0 0 79 0 255
    255 38 255 133 255 255 255 0 0 0 255 255 255 41 0 0 255 31 255 0 255
    255 255 0 4 255 249 255 255 0 0 255 16 255 86 0 255 255 0 0 255 0
    255 255 255 0 255 222 0 255 0 255 0 239 255 255 0 255 113 0 255 255
    0 0 255 255 255 0 0 0 255 255 255 255 0 255 255 255 0 255 0 255 0
    255 255 186 0 0 255 255 0 0 0 255 255 255 255 69 0 255 0 0 255 255
    255 83 255 255 0 68 0 255 255 255 0 0 213 0 255 255 255 255 255 0
    255 172 255 0 116 255 0 0 0 255 0 255 255 0 255 0 206 0 255 255 0
    255 255 255 255 0 71 0 0 255 255 255 225 0 195 107 0 160 6 0 24 255
    0 255 255 255 0 0 255 0 255 0 0 255 234 255 0 34 255 255 165 0 0 255
    255 255 255 0 0 175 255 255 0 255 255 255 255 0 0 0 255 255 255 0
    255 255 255 0 0 0 255 214 0 0 0 255 0 0 0 0 255 255 255 255 255 0 0
    0 0 255 255 255 0 255 255 255 0 106 255 255 255 0 0 255 0 0 255 255
    255 0 0 0 161 0 0 0 166 255 255 0 0 239 247 255 0 0 0 0 0 255 255
    255 0 0 0 255 0 0 124 255 255 0 0 255 255 255 0 0 0 255 0 255 0 0 0
    255 0 255 255 255 0 0 0 120 255 255 76 255 0 0 0 0 255 255 255 0 0 0
    255 255 255 0 9 255 65 255 255 255 255 0 0 0 255 255 220 5 0 255 255
    0 130 255 0 0 0 255 255 0 0 0 186 255 0 220 0 255 5 255 0 255 0 0 0
    0 255 255 0 196 0 158 0 255 0 255 147 0 0 0 255 0 0 0 0 0 255 0 255
    0 255 107 255 0 121 245 255 0 255 0 0 0 0 255 193 0 0 255 255 0 0
    230 168 0 0 255 0 255 154 255 0 0 255 192 255 0 143 183 0 255 255 15
    0 99 142 83 0 255 255 153 0 174 126 255 255 0 0 0 255 255 0 0 0 249
    255 255 0 0 255 0 138 0 255 0 255 238 0 255 255 255 38 0 255 0 255 0
    255 0 255 0 0 255 255 255 255 255 96 255 255 68 245 255 255 0 0 239
    255 0 0 0 139 255 255 111 176 0 255 255 0 216 153 255 146 0 255 0
    255 0 255 0 0 8 255 0 103 0 156 255 255 134 0 255 0 0 229 32 0 255
    60 255 0 255 0 255 0 255 255 164 0 0 0 255 255 255 76 138 0 255 0
    233 0 0 255 62 255 255 255 255 186 0 0 0 0 255 255 255 180 255 17
    255 0 255 0 209 255 0 255 255 255 255 0 208 255 201 255 255 0 0 0 93
    255 205 0 0 255 255 0 0 255 255 255 0 79 255 0 0 0 255 0 255 0 255 0
    255 25 255 0 6 0 255 0 255 67 0 0 124 89 255 0 255 0 255 0 255 255
    255 0 0 0 255 255 255 0 75 31 255 255 0 0 0 0 0 255 173 255 241 0 63
    255 152 255 0 247 255 6 255 0 255 255 255 185 0 255 0 255 72 255 73
    255 0 100 255 255 255 255 0 0 0 0 255 0 0 255 255 255 0 0 0 193 255
    235 129 255 255 0 0 255 255 255 0 236 248 255 255 255 0 255 255 255
    255 0 0 0 0 255 0 255 124 255 0 0 0 0 255 255 255 255 24 255 0 255 0
    158 0 255 61 0 255 255 0 0 0 255 255 255 0 0 255 0 0 0 194 255 255
    255 0 0 0 255 255 20 255 255 0 180 243 255 0 15 0 122 0 255 255 0 0
    0 0 0 0 144 255 0 255 141 255 34 0 0 0 255 94 0 148 255 0 255 0 0 0
    0 255 0 0 51 255 232 0 253 0 80 0 255 255 255 255 0 0 255 255 255 0
    0 0 113 255 255 0 255 0 0 0 255 255 255 64 255 0 0 0 255 255 162 255
    32 255 0 104 255 0 0 0 255 207 255 255 255 0 92 87 255 255 0 74 0
    101 156 0 0 255 0 255 0 0 0 0 255 0 0 255 255 0 255 0 0 0 0 255 255
    255 0 255 190 255 0 0 0 170 72 255 86 17 183 0 35 0 255 255 0 115
    255 0 0 0 0 0 114 255 255 30 255 0 255 0 255 0 255 0 255 0 25 255
    255 0 107 255 0 15 66 255 0 0 53 116 255 255 0 172 0 255 0 0 0 47
    255 0 0 0 255 255 0 255 255 0 215 0 255 10 255 255 0 0 101 150 255 0
    0 255 17 0 0 255 255 0 0 0 255 255 255 255 0 0 255 0 255 255 0 0 0
    255 255 255 0 0 255 255 255 255 255 0 255 0 206 0 158 255 255 0 0 0
    0 200 255 49 43 255 96 255 255 0 41 0 0 255 0 255 112 120 48 0 0 55
    255 255 255 0 0 0 0 255 255 255 255 0 255 0 255 0 255 255 255 255
    147 255 0 255 0 255 255 44 255 0 255 34 0 0 70 124 255 0 0 248 255
    255 0 8 0 0 0 255 255 255 0 0 0 0 255 73 255 0 0 255 255 255 255 0
    171 0 255 0 0 0 199 255 255 0 255 104 255 101 255 255 234 29 0 255 0
    255 0 0 255 255 255 0 0 255 255 255 0 0 0 255 0 0 0 166 255 255 0 0
    0 0 255 183 255 0 0 199 102 255 0 255 255 0 198 0 255 255 255 255
    255 255 255 255 30 0 215 255 0 240 0 255 0 0 0 16 255 255 255 158 0
    240 0 14 255 255 0 0 255 0 255 0 0 0 255 0 255 255 0 0 0 255 115 0
    255 0 255 0 0 74 0 255 0 255 255 255 0 0 0 0 0 255 229 0 43 93 62 0
    0 0 255 255 255 252 0 255 255 255 255 0 255 54 255 0 0 255 255 0 0 5
    0 255 253 255 0 0 0 255 255 255 0 255 0 0 255 0 0 0 255 0 255 255
    255 0 255 0 198 0 0 125 255 255 0 255 255 25 0 255 255 0 0 255 255
    255 0 0 87 255 86 255 255 148 255 0 255 0 27 0 255 0 97 0 96 0 11 0
    0 0 255 0 74 23 204 255 0 255 91 114 0 73 0 0 215 0 255 255 255 15
    79 0 255 0 0 54 125 0 78 0 0 14 93 0 255 46 255 231 95 0 0 255 255 0
    0 0 7 255 255 255 255 0 255 0 255 255 0 110 255 0 255 0 255 0 255
    225 0 0 86 255 0 0 0 190 255 0 255 0 129 0 255 95 0 89 0 255 255 0 0
    255 201 255 0 255 0 0 255 255 255 0 0 255 255 255 0 0 255 255 0 255
    255 185 0 0 0 255 255 255 255 0 71 0 255 106 0 0 0 255 255 0 0 0 255
    0 255 255 224 174 0 0 0 0 255 0 255 255 0 0 0 255 255 255 255 0 0
    255 0 255 0 255 255 137 0 255 255 255 0 255 139 255 172 0 255 255 0
    0 255 255 0 255 216 255 216 255 0 0 255 255 243 255 0 255 0 255 0
    255 255 3 89 0 255 0 0 255 0 255 0 255 0 0 0 56 255 0 168 32 140 172
    132 255 0 0 255 255 255 0 0 17 255 114 0 0 255 255 0 0 228 255 255 0
    255 0 255 0 0 237 255 48 228 0 255 255 255 245 255 0 255 255 0 0 255
    255 255 220 255 255 0 255 0 255 233 255 255 255 0 255 0 0 0 255 255
    255 0 255 196 255 0 0 0 255 255 0 255 0 255 42 255 0 0 0 0 255 0 255
    255 0 0 0 255 0 255 68 255 0 255 0 178 253 0 0 0 255 255 255 255 255
    0 0 0 0 205 0 230 0 255 255 0 131 255 37 255 252 0 0 0 0 255 0 255
    255 233 52 74 0 0 255 194 255 0 57 0 255 0 255 217 255 0 0 0 255 91
    0 0 255 0 0 0 255 255 0 0 255 0 125 255 255 255 0 255 255 231 255 0
    0 255 233 255 22 0 255 255 255 0 0 0 246 255 255 255 0 0 0 99 255 0
    255 13 255 0 255 87 255 0 116 0 255 208 0 0 0 0 12 255 77 123 0 0 89
    218 255 0 0 255 255 0 255 0 255 255 255 255 98 255 0 255 255 255 215
    0 0 255 255 255 0 0 213 255 90 0 0 255 0 247 0 255 0 0 0 255 255 0 0
    255 150 0 0 255 255 107 0 0 255 0 19 8 255 0 255 0 255 162 136 0 0
    255 209 239 255 0 255 0 255 0 255 120 255 0 0 0 255 140 255 255 0
    255 0 163 255 255 255 0 255 255 151 0 255 0 0 0 0 255 0 255 68 0 255
    0 48 25 255 202 255 87 255 0 0 0 255 79 255 147 0 0 151 255 255 255
    0 0 255 255 255 0 91 0 255 255 0 255 0 255 255 209 0 0 0 255 255 255
    255 255 255 1 231 0 0 0 255 255 255 0 0 0 218 255 0 255 0 255 8 66 0
    0 0 255 255 0 0 0 0 0 0 255 0 255 255 255 207 0 0 0 0 255 64 255 0
    255 255 0 41 255 255 0 0 0 255 163 0 255 0 255 255 0 0 193 222 255
    154 255 41 183 0 255 255 255 0 255 225 255 0 255 0 197 94 111 0 205
    255 255 187 0 0 255 255 255 255 0 0 182 255 0 0 0 255 255 0 0 255
    255 255 0 100 0 0 0 68 203 255 0 201 19 0 255 76 0 0 255 0 0 255 175
    189 255 175 100 255 160 0 0 0 0 0 0 125 0 255 255 153 228 0 255 0
    255 0 255 255 0 0 161 118 0 255 0 87 0 255 255 209 0 199 255 255 38
    255 255 0 0 255 0 36 0 255 255 255 0 0 0 255 255 56 0 255 255 255 0
    255 0 255 0 60 0 255 255 187 0 255 0 255 0 255 255 255 0 205 0 255
    64 255 255 255 1 0 179 0 0 68 0 255 0 255 0 113 0 255 2 255 0 255
    255 255 0 0 0 135 188 0 255 0 255 0 255 0 0 0 0 52 255 255 220 0 255
    255 255 0 0 179 0 255 82 255 0 255 255 73 0 192 101 255 11 0 0 0 255
    255 0 0 36 0 0 0 255 0 255 108 255 72 0 255 0 31 0 63 0 235 255 0
    255 255 0 0 0 255 0 255 0 255 0 213 255 255 0 255 0 255 0 255 255
    255 0 0 255 151 180 0 255 0 255 0 0 0 22 255 0 255 40 255 255 0 255
    0 133 0 255 122 0 0 255 74 255 0 97 0 125 255 255 0 0 139 255 0 255
    0 255 0 255 49 255 255 0 255 0 255 0 13 0 0 255 0 255 0 0 0 255 255
    255 0 0 255 255 255 255 0 0 135 255 255 12 0 255 255 0 255 0 0 0 255
    60 0 0 255 255 49 255 0 0 0 151 255 255 0 255 42 58 255 255 0 0 255
    0 255 80 255 0 36 41 165 255 91 255 255 255 0 0 0 255 255 255 255 0
    0 222 0 140 0 255 0 0 0 0 255 255 181 255 0 0 140 255 210 255 0 0 0
    255 39 255 0 255 0 74 0 0 255 0 255 0 0 255 255 255 0 255 255 0 0 0
    255 219 255 0 116 87 0 72 109 255 0 0 23 255 255 180 0 255 0 255 255
    255 0 228 0 245 0 89 128 255 255 255 0 0 0 255 0 0 0 255 255 0 0 0 0
    255 255 255 0 0 0 83 255 152 255 255 133 255 255 255 0 255 0 255 51
    0 0 0 147 158 255 0 0 171 141 255 255 255 216 0 255 0 255 166 98 255
    0 255 0 255 255 156 0 135 65 255 255 0 201 0 0 0 10 255 255 0 0 255
    255 231 255 255 0 255 255 55 255 0 148 0 255 0 0 0 139 0 0 4 0 0 228
    255 255 0 0 0 255 0 0 0 0 68 109 0 0 255 255 255 255 255 255 255 58
    255 0 0 0 241 255 255 255 255 0 255 0 0 255 0 255 0 242 0 135 0 255
    0 255 0 0 69 0 100 255 255 0 255 0 150 255 255 255 0 255 255 41 255
    255 255 255 99 68 0 0 221 0 0 255 255 255 0 255 132 125 255 255 255
    0 255 143 0 255 0 0 0 255 255 214 255 196 205 255 89 63 165 0 255 89
    0 255 0 255 0 188 0 49 48 253 255 0 28 255 0 255 255 255 255 0 0 0 0
    255 0 0 0 183 0 0 255 0 255 228 255 0 255 0 255 255 255 0 0 0 0 255
    0 255 0 255 0 11 255 255 255 255 255 0 255 255 81 121 255 0 0 0 255
    255 0 255 255 255 47 0 73 183 255 255 230 0 255 0 255 139 255 0 0
    255 255 0 214 0 0 0 255 255 173 255 0 0 0 255 147 0 0 255 255 77 255
    255 237 149 0 0 255 255 0 235 0 124 255 0 0 213 0 0 255 255 255 255
    0 255 255 0 0 176 255 0 126 255 255 0 0 0 230 255 0 0 0 0 255 255
    255 0 20 84 140 138 255 0 0 0 255 255 0 167 0 48 255 255 255 0 0 255
    0 255 104 0 73 255 255 0 255 253 69 255 255 0 144 0 255 255 255 0 0
    0 0 244 255 255 255 0 0 255 255 132 255 255 255 0 0 0 255 5 0 0 195
    0 0 0 255 255 255 0 174 0 255 0 169 0 182 0 0 49 8 0 0 255 163 255 0
    255 255 200 0 0 0 255 141 255 255 255 0 239 0 255 255 0 0 68 255 255
    255 0 96 0 255 255 255 255 255 255 0 255 0 255 255 255 255 0 0 0 255
    53 0 255 0 255 255 156 169 0 61 255 255 0 96 0 255 255 61 0 93 18
    246 161 0 4 0 129 255 255 255 255 0 0 0 0 255 142 185 0 19 0 0 0 255
    65 255 255 0 0 0 0 255 0 255 255 255 0 86 247 255 255 255 0 0 0 255
    0 255 77 0 255 255 237 0 129 255 6 0 255 0 51 255 255 114 0 135 253
    255 0 0 255 0 255 255 255 244 223 0 144 251 255 255 191 0 255 227 0
    255 0 0 0 255 255 255 0 255 227 0 0 255 0 255 0 0 255 8 0 255 255 0
    255 0 255 255 255 0 103 0 0 255 0 154 252 255 255 255 0 0 255 0 200
    0 49 255 0 255 0 255 0 255 0 51 255 94 255 0 255 255 64 0 255 0 0 0
    255 133 0 255 255 0 0 255 0 255 0 0 255 255 255 255 255 0 0 255 255
    255 255 0 255 0 0 0 108 8 255 0 255 0 255 164 255 68 0 0 0 255 126
    164 56 255 0 82 255 255 0 0 255 255 255 255 0 0 255 255 255 160 255
    0 0 206 0 0 255 255 255 255 124 0 70 0 0 255 255 70 255 0 255 0 255
    255 255 255 255 0 0 0 62 6 255 0 129 15 255 0 137 255 255 255 0 0 0
    59 0 0 0 255 0 255 0 0 255 255 255 255 0 0 255 51 156 0 0 255 255
    145 0 0 0 255 255 0 147 158 255 255 0 0 0 0 255 255 255 0 0 255 0
    181 255 255 0 255 0 203 0 0 0 141 255 0 0 47 186 255 79 83 0 255 255
    241 255 0 0 202 255 255 255 0 138 0 0 255 255 0 0 0 255 255 0 0 255
    255 45 255 255 0 0 152 255 255 255 102 0 255 255 255 0 0 100 94 255
    126 0 255 231 0 115 169 255 0 255 0 255 255 0 255 0 206 0 185 0 255
    243 0 255 255 167 0 0 0 255 255 255 0 255 230 0 255 255 123 123 251
    226 255 255 255 255 0 255 0 0 255 0 255 0 255 54 22 0 0 255 255 255
    245 0 0 255 255 255 0 0 50 131 255 255 0 0 0 255 255 255 255 255 109
    0 0 255 0 102 0 0 255 255 255 255 0 0 0 0 130 255 255 255 0 0 0 0
    255 255 255 0 212 0 255 0 251 0 0 0 255 255 255 0 0 255 255 255 0 0
    255 32 255 0 0 255 0 93 0 0 255 174 255 255 218 0 255 0 0 0 255 255
    0 0 0 0 0 255 255 255 255 0 255 255 0 255 0 0 0 255 32 255 0 227 1
    237 0 30 28 255 255 255 96 244 255 0 0 38 255 255 255 0 192 102 255
    0 0 255 0 169 0 255 255 255 0 0 82 0 0 0 255 0 0 0 255 0 0 255 129
    255 0 0 255 255 0 0 0 191 255 0 196 0 255 0 255 23 255 122 255 113
    255 255 255 0 0 0 255 255 0 255 255 255 255 0 3 129 0 255 255 255 0
    0 0 132 255 0 0 255 255 255 0 0 255 255 226 6 0 255 97 255 0 0 255 0
    21 0 0 255 74 140 0 0 0 216 255 255 255 232 0 0 0 191 0 255 0 195 0
    255 17 255 153 255 255 0 0 0 255 255 246 0 255 0 0 0 0 255 255 171 0
    0 255 169 255 255 255 0 28 0 255 255 255 255 0 255 0 0 174 255 150 0
    0 233 255 255 255 63 255 249 255 0 0 255 255 46 0 247 255 0 0 0 250
    255 0 255 255 255 182 0 0 38 0 255 197 187 0 242 237 255 0 11 44 255
    58 255 0 0 0 255 255 0 0 0 255 255 255 0 0 198 255 255 32 0 239 255
    255 0 0 255 255 141 255 237 255 124 0 0 81 145 0 255 255 0 0 255 225
    34 0 255 98 30 120 255 255 255 255 255 2 0 0 0 255 0 240 255 157 255
    0 39 80 0 255 0 255 0 0 0 0 255 255 255 255 248 0 0 0 122 255 0 255
    255 0 115 0 255 255 0 0 0 212 0 51 0 0 98 218 255 0 255 94 255 0 0
    255 255 255 255 204 144 255 0 213 0 255 0 0 255 0 0 255 255 255 0 0
    255 0 0 0 255 202 255 255 0 255 0 26 0 0 214 83 255 0 255 80 0 0 0
    255 0 0 255 255 255 255 179 0 0 255 255 0 0 197 255 255 245 0 255
    255 255 255 169 0 0 0 146 0 255 226 255 58 0 0 255 245 0 255 255 255
    0 0 0 255 255 0 0 255 255 255 255 0 155 0 0 248 0 0 255 59 255 100 0
    0 255 255 0 0 0 0 0 255 255 57 0 183 0 255 255 0 95 255 0 255 0 255
    0 0 255 0 0 255 172 0 255 0 255 0 255 0 193 0 0 255 0 255 0 255 255
    35 255 255 0 21 192 255 255 255 255 0 0 255 69 255 0 255 255 0 0 198
    255 42 0 255 142 255 0 255 0 255 255 255 0 0 123 235 0 0 255 255 0
    255 0 255 0 116 255 255 255 255 0 0 255 141 255 0 255 0 255 0 255
    169 255 0 236 0 0 0 255 0 100 25 0 255 0 255 0 69 42 255 0 255 255 0
    255 0 255 181 255 0 0 255 255 70 255 0 0 255 255 0 0 0 255 0 0 173
    79 199 237 35 255 0 0 0 0 255 255 0 0 0 255 0 0 2 255 0 255 255 255
    255 0 170 255 255 223 255 255 0 0 248 255 255 245 0 0 245 255 255 0
    0 0 255 255 0 0 0 0 193 0 255 0 255 255 255 255 0 0 36 255 255 255
    255 100 0 0 255 255 255 0 0 217 255 0 255 0 255 103 165 35 255 0 0
    45 0 0 255 94 255 14 35 0 255 0 0 57 0 96 162 0 255 167 169 0 92 0
    209 255 255 255 0 0 0 255 0 255 0 108 255 255 255 255 93 255 81 255
    0 0 0 0 0 255 255 255 0 0 255 0 190 213 126 255 0 255 21 0 199 0 0 0
    255 255 0 0 255 255 0 0 255 87 255 0 255 0 255 255 255 0 108 189 0
    77 255 0 255 0 255 255 255 0 255 140 0 0 0 123 255 255 255 243 28 0
    0 255 253 0 255 149 234 124 0 0 11 255 255 255 57 255 0 0 255 255 0
    78 255 255 255 0 255 0 255 0 231 0 255 0 255 82 0 120 0 255 251 0 0
    0 0 255 255 239 0 255 74 255 0 0 255 255 101 79 255 0 255 255 255 0
    0 255 255 255 0 0 0 255 181 255 0 0 0 0 255 0 255 0 255 0 0 255 61 0
    155 234 255 255 0 236 0 0 118 0 0 146 255 115 255 56 99 0 0 0 0 0 62
    255 255 0 0 0 255 0 255 134 255 228 255 0 0 255 0 229 0 255 255 106
    255 0 221 255 255 199 65 5 255 255 103 0 0 0 0 1 255 0 0 255 44 255
    255 255 0 0 0 98 255 0 255 0 170 0 71 217 255 255 255 0 0 145 0 64 0
    255 255 0 0 255 255 255 255 0 91 0 0 0 255 255 255 255 0 0 161 0 255
    187 212 255 255 255 255 255 3 0 0 0 255 207 0 0 231 250 0 255 0 226
    0 255 0 255 0 255 1 255 0 77 0 0 68 255 3 255 195 157 253 0 0 255
    255 14 0 249 255 0 0 0 255 0 255 0 207 255 0 255 0 255 0 255 0 0 203
    255 0 0 22 9 0 20 0 0 255 79 232 143 0 0 255 255 255 0 0 255 167 255
    0 255 0 0 255 0 255 255 202 242 41 255 0 255 0 255 245 0 255 255 255
    255 0 142 193 0 0 0 255 255 255 255 0 42 0 255 248 255 0 255 104 255
    123 255 255 0 0 255 255 0 0 255 255 255 0 192 255 255 255 233 255 0
    238 188 255 235 255 0 0 255 255 55 32 0 255 0 255 0 255 255 136 0
    115 0 105 255 172 33 118 0 0 255 255 255 0 0 255 0 255 0 58 0 255 0
    0 0 0 0 255 255 166 255 185 0 0 0 0 0 0 0 0 255 255 128 43 255 255 0
    255 0 28 255 255 0 0 255 169 255 255 255 0 0 0 255 0 191 255 0 74 0
    255 0 255 5 0 255 255 0 0 255 255 55 244 0 124 255 255 0 255 0 255
    255 0 74 255 255 0 255 255 255 255 255 255 0 0 0 155 255 255 255 43
    110 105 133 0 0 255 37 98 0 226 0 70 0 0 255 255 255 108 0 255 255
    206 0 255 255 0 0 51 255 0 255 0 255 0 0 0 255 0 255 255 255 0 26
    171 255 0 0 255 255 0 255 255 255 0 122 0 121 0 255 0 255 0 162 38
    255 33 0 255 255 0 255 0 0 217 0 177 56 255 0 255 0 0 0 0 255 227
    191 255 0 255 0 255 255 0 0 0 0 255 255 255 0 0 255 255 0 255 0 255
    0 255 0 0 0 255 237 0 255 176 255 0 0 0 255 0 0 255 0 255 0 255 255
    243 0 255 203 255 255 0 255 255 255 0 0 0 255 255 255 0 248 255 0
    255 0 248 0 255 255 255 0 64 0 122 144 255 0 0 255 255 9 0 186 0 255
    250 0 255 9 255 0 255 0 255 255 255 255 255 255 0 255 128 255 145 0
    255 0 255 255 255 0 112 0 255 0 255 154 70 144 255 0 0 255 0 255 220
    255 0 0 0 0 255 0 255 255 0 0 255 0 255 148 255 169 255 255 68 0 255
    255 63 0 0 245 166 0 90 255 255 0 139 255 255 255 159 0 201 0 0 0
    255 0 0 255 0 0 0 255 255 0 255 0 255 255 255 255 0 0 0 0 225 144
    255 0 0 255 255 255 98 0 0 255 255 0 0 0 0 0 255 255 255 255 0 255
    155 255 0 0 255 255 255 255 0 255 0 255 0 160 0 0 0 0 255 255 255 0
    255 0 0 0 255 0 26 255 166 6 0 0 66 255 255 0 255 0 255 0 0 0 128
    255 0 255 0 0 0 255 255 0 0 0 0 255 255 0 185 255 255 0 20 0 0 255 0
    164 0 255 255 0 144 83 0 255 0 255 0 255 255 255 255 222 255 255 0
    182 0 253 255 0 0 255 7 255 0 0 0 255 205 255 0 255 0 255 0 0 233 0
    255 0 255 0 255 255 0 12 0 255 255 0 0 0 0 255 0 0 0 255 255 255 0
    255 0 0 255 0 255 0 255 0 255 0 253 125 255 0 0 104 47 255 255 207
    255 255 0 67 255 184 255 255 255 0 255 255 178 146 0 0 0 0 255 255
    255 0 86 0 21 0 255 255 255 255 0 255 174 0 0 0 0 255 0 86 255 255
    85 0 255 0 0 0 0 219 62 255 164 0 0 0 0 255 239 237 0 255 0 255 0
    132 255 150 0 0 255 255 255 0 0 0 255 255 198 188 176 0 86 0 0 255
    255 244 0 0 255 255 255 0 255 255 255 44 255 0 255 0 141 0 255 255
    255 0 0 0 0 125 255 226 0 0 0 0 50 236 255 255 222 212 0 140 255 0
    137 255 65 0 255 255 255 117 0 205 0 0 0 0 0 255 0 199 255 255 255 0
    255 0 255 0 255 0 0 158 255 255 0 0 0 0 255 0 255 0 255 0 255 0 255
    255 34 0 0 240 255 255 0 0 255 0 255 0 0 0 71 0 255 56 255 0 0 0 0
    168 0 214 188 255 0 255 255 0 0 31 0 255 255 0 0 255 255 255 0 0 0
    255 255 255 0 0 0 255 255 255 255 255 255 0 0 255 0 255 0 245 255
    255 231 0 190 255 221 0 0 255 255 255 255 231 0 255 255 66 0 0 255
    172 145 255 100 255 255 255 0 255 255 255 255 255 0 0 92 210 255 189
    230 0 255 255 71 0 255 200 255 255 73 234 0 255 138 255 0 255 255
    146 0 0 0 0 210 255 164 0 0 176 255 0 255 0 255 0 0 255 255 245 0
    255 255 132 255 239 255 0 0 0 255 0 236 149 16 255 0 0 90 255 255 0
    255 0 255 0 0 154 255 213 104 0 0 255 255 153 0 38 211 255 0 196 255
    0 0 255 255 128 0 0 255 0 203 0 255 255 255 255 0 250 0 144 255 0
    255 255 208 21 0 0 255 244 0 0 255 255 0 0 0 0 116 255 0 0 255 255
    255 0 0 255 255 0 0 82 71 0 255 255 117 255 255 0 0 255 255 142 0
    255 255 14 0 255 255 255 0 0 145 255 0 0 0 255 0 255 0 255 0 255 255
    255 255 0 0 255 255 255 154 208 255 255 255 0 0 0 0 255 0 0 0 0 255
    255 255 255 0 0 0 7 255 193 121 0 0 255 255 0 0 255 62 117 255 0 255
    223 255 175 0 0 0 0 108 0 255 42 4 0 0 35 0 87 255 255 0 0 0 0 0 0
    120 79 0 255 0 255 0 255 255 0 251 0 255 0 0 255 0 109 93 0 0 255
    255 0 0 255 0 255 125 0 0 0 0 0 255 0 255 0 255 202 255 255 255 0 0
    62 0 255 173 255 0 255 0 255 255 160 83 255 70 0 236 255 0 255 0 255
    183 255 255 0 0 193 255 157 0 0 0 0 255 0 0 0 255 186 255 0 0 255
    255 239 98 2 248 0 0 184 255 0 255 255 255 0 0 0 229 194 255 0 255
    255 80 32 255 255 255 0 230 70 0 182 255 255 0 0 0 0 236 150 0 255 0
    0 0 0 255 90 0 5 255 255 0 0 0 0 255 255 255 65 0 0 166 0 0 255 0
    255 0 255 0 101 103 0 255 0 255 255 0 231 255 255 137 255 255 180 0
    255 0 212 0 168 0 0 0 154 0 188 101 255 255 82 255 0 255 0 255 0 22
    0 255 0 255 255 238 92 138 255 0 0 32 255 0 255 0 0 187 126 57 0 241
    0 255 255 182 0 224 255 255 0 0 255 255 0 0 255 255 255 0 255 0 255
    255 255 0 0 0 0 255 182 0 255 0 0 0 255 0 0 0 219 255 255 0 255 255
    255 0 0 0 255 0 255 0 255 0 255 0 255 255 0 0 145 255 255 255 0 0
    255 0 255 255 255 0 0 255 0 255 0 48 158 255 255 0 0 0 0 255 255 255
    255 255 255 255 163 0 0 184 0 255 0 255 0 255 255 255 255 100 0 0 0
    255 137 255 0 255 0 210 255 255 255 255 255 255 0 255 0 228 0 255
    109 255 0 0 249 0 255 255 0 0 0 0 0 0 255 255 4 0 0 0 0 0 255 0 255
    0 0 54 255 255 14 0 0 255 0 0 255 255 255 0 0 0 255 255 255 0 255
    125 255 0 255 0 0 255 255 255 0 32 252 0 207 255 0 0 196 43 255 255
    0 12 0 255 0 139 255 0 255 0 255 75 76 0 0 0 255 255 255 0 255 255
    255 255 255 0 0 0 0 79 255 255 0 255 64 255 181 255 0 255 201 0 0
    255 0 255 0 255 0 206 0 255 255 183 255 255 255 0 255 0 0 0 255 0
    166 0 0 138 255 255 0 255 0 255 255 167 255 0 255 236 0 0 200 255
    164 0 0 255 0 255 0 0 255 255 255 183 0 0 255 0 171 0 255 0 255 0
    255 103 136 164 0 0 255 0 0 255 255 17 63 0 255 255 255 0 0 0 255
    255 255 255 255 255 0 158 0 255 255 255 147 0 142 86 255 0 0 16 0 0
    156 255 255 255 255 0 0 255 0 136 162 252 255 0 0 255 255 219 122 0
    0 255 255 255 0 0 187 0 242 0 255 0 255 32 203 0 105 255 75 255 0
    255 0 255 65 255 0 255 255 0 0 255 255 255 160 255 0 21 0 49 48 0 0
    0 236 255 255 255 255 0 176 87 255 255 0 0 0 255 49 255 255 255 0
    255 0 255 0 255 0 0 0 255 107 164 251 255 0 0 255 255 39 0 0 0 196 0
    0 255 255 255 0 0 0 36 255 0 255 255 0 255 26 105 0 222 250 255 255
    0 33 255 255 255 255 0 0 0 0 255 0 240 255 255 255 0 0 0 182 255 101
    0 255 255 0 243 0 255 255 0 255 0 0 88 255 255 0 0 243 255 255 255
    255 184 0 0 255 255 255 0 206 0 0 0 89 255 0 0 92 255 213 255 135 0
    255 255 255 255 0 0 0 255 255 197 223 255 255 19 255 51 255 0 0 0
    255 0 0 0 92 255 255 255 250 79 0 0 255 0 255 0 255 0 0 255 0 0 0 0
    255 255 255 0 216 0 0 255 48 209 0 104 0 255 0 255 0 0 0 255 255 255
    0 255 0 255 0 0 0 255 116 255 255 39 0 255 100 0 255 53 255 0 255 0
    215 247 255 255 255 0 179 246 0 255 0 78 0 11 70 255 255 69 255 255
    255 42 0 0 0 0 255 255 255 255 0 255 0 255 0 164 255 26 255 255 0 0
    0 97 255 0 255 255 172 0 255 255 255 255 0 255 255 255 0 255 145 255
    0 255 255 255 123 0 255 0 0 0 7 255 155 255 255 255 0 255 2 255 255
    95 255 237 0 0 13 0 0 255 255 253 0 75 255 255 255 94 0 0 255 255 0
    0 0 255 0 255 47 0 0 104 0 255 0 255 0 255 255 255 0 0 120 0 0 0 255
    0 255 255 255 0 17 0 255 255 255 124 255 34 0 0 255 255 0 0 255 25 0
    89 255 0 255 0 255 0 246 0 56 253 253 255 0 0 202 158 235 0 85 255
    255 255 0 255 255 0 0 0 0 255 255 0 0 245 0 247 0 0 255 0 255 255
    255 0 0 0 255 248 0 0 230 255 153 0 0 0 255 255 0 7 108 255 255 209
    255 79 255 11 107 255 0 0 255 255 69 89 233 86 71 255 255 0 0 0 0
    255 255 180 234 255 0 0 255 0 165 0 0 0 255 0 255 0 0 255 177 173
    255 88 0 0 0 0 255 0 255 0 255 0 222 0 255 130 255 92 14 57 255 0
    150 0 255 255 255 255 31 195 255 255 44 0 255 0 246 255 255 0 0 122
    0 183 70 255 126 0 153 255 82 0 0 255 0 255 255 209 0 0 0 0 217 255
    255 32 0 0 255 191 255 49 0 0 255 255 255 0 0 255 255 0 255 255 180
    0 255 0 0 255 203 11 0 0 0 0 255 255 255 255 0 0 0 0 255 0 159 0 255
    123 255 255 255 0 0 0 255 0 0 0 59 156 0 207 0 0 106 255 0 104 255
    63 0 0 255 0 0 0 0 255 0 255 247 255 0 255 58 255 255 0 255 0 255 0
    255 0 0 146 162 255 0 138 0 255 0 252 234 218 255 0 255 160 150 255
    0 237 0 62 255 255 0 0 255 255 255 0 0 0 255 255 255 0 0 85 255 255
    242 0 0 255 0 0 0 255 255 0 255 127 255 0 255 0 255 0 255 0 97 255 0
    0 0 255 0 0 255 255 255 0 0 3 0 255 0 255 0 255 0 0 149 0 255 255
    255 0 255 255 80 253 0 255 255 0 238 139 199 255 255 255 0 255 0 255
    0 0 0 39 255 0 38 0 62 255 0 165 75 189 255 59 255 0 255 0 0 0 255 0
    255 12 26 255 0 255 143 179 0 0 0 0 255 255 0 0 29 25 255 162 0 0 0
    255 176 255 0 236 255 255 0 0 255 0 255 0 255 255 0 175 0 0 0 255
    255 255 255 0 0 255 255 0 255 0 255 0 255 0 0 255 0 0 0 14 255 255 0
    255 67 255 0 0 142 255 255 255 0 0 0 255 255 0 0 255 0 255 0 255 0
    255 255 255 255 110 255 255 0 0 138 255 198 0 0 130 0 255 0 146 255
    255 0 0 255 0 0 0 255 81 246 255 0 0 0 255 5 255 255 255 0 255 57
    255 0 0 0 255 255 0 255 0 96 255 0 0 255 0 0 0 255 255 19 254 0 255
    255 196 0 255 255 255 0 0 61 0 120 0 0 195 0 39 0 255 0 255 0 255
    255 255 0 255 0 255 65 255 0 0 255 0 0 0 174 255 255 255 0 0 255 255
    181 0 46 0 163 143 255 255 255 255 255 0 0 0 0 255 131 200 137 255 0
    255 0 68 0 175 0 82 0 0 255 255 255 37 0 0 0 255 0 7 0 255 255 0 255
    0 0 0 255 0 255 255 255 0 0 255 255 255 0 2 255 14 0 60 255 101 255
    0 0 136 255 255 255 0 255 255 0 177 0 0 0 0 0 255 255 20 141 0 255 0
    255 0 61 255 0 255 0 0 0 202 218 0 0 0 255 152 255 60 0 237 255 0 0
    113 0 255 0 0 0 255 0 38 106 249 255 0 0 255 0 255 255 61 255 255 0
    0 0 255 255 255 158 244 247 0 14 195 255 0 26 130 255 255 255 166 0
    0 0 90 191 255 0 255 0 0 0 0 49 255 255 0 0 0 255 255 0 0 172 255 0
    255 0 255 0 255 0 131 0 0 255 0 255 255 255 255 0 0 37 0 117 0 255 0
    255 255 255 255 255 0 87 255 0 0 14 255 255 255 0 255 255 95 0 42 0
    0 255 0 235 0 255 255 255 17 255 0 255 0 255 255 0 84 255 195 0 0
    255 255 255 0 0 255 0 0 0 195 0 0 0 40 0 255 255 255 0 0 0 255 255 0
    255 0 255 255 255 104 255 0 7 255 255 0 255 0 255 236 255 24 165 0 0
    0 194 0 0 255 168 0 255 255 255 255 255 0 255 0 0 0 0 0 0 139 255
    255 0 96 0 112 0 186 0 255 0 0 0 255 0 255 49 0 255 0 255 0 0 0 0
    255 255 255 255 255 0 8 0 255 255 255 255 0 255 255 255 0 0 97 207
    171 255 0 0 255 255 255 0 255 255 154 255 0 218 0 255 0 255 100 255
    0 0 0 2 133 0 255 255 255 0 0 0 219 255 255 132 0 255 255 255 0 0
    255 0 255 255 255 255 0 255 0 0 255 255 119 0 255 255 0 0 18 255 0
    255 254 0 255 255 134 255 255 255 0 0 255 255 0 0 154 255 0 237 0
    255 255 197 0 255 255 255 0 255 0 216 255 0 0 0 255 0 144 255 94 0 0
    255 0 15 255 255 255 74 0 0 0 0 0 131 178 98 0 255 0 0 0 255 0 254 0
    245 255 0 196 0 255 0 255 0 255 0 5 255 255 255 255 159 0 255 58 0 0
    229 255 0 255 0 255 0 0 0 0 135 91 255 77 255 255 255 255 0 228 208
    193 0 0 255 0 255 0 211 255 171 255 255 0 0 0 159 0 255 255 255 255
    247 255 255 97 0 0 0 255 255 255 0 74 194 189 255 255 255 255 255 0
    255 255 0 0 243 255 255 107 0 12 255 67 255 0 255 0 255 255 255 255
    255 160 237 255 255 255 0 255 0 255 0 255 134 255 0 255 0 255 0 120
    255 255 255 255 0 0 0 255 0 0 189 255 255 255 0 0 255 255 0 0 0 0
    237 255 255 255 0 0 0 255 255 110 0 255 0 0 0 255 255 0 0 255 0 255
    0 0 255 255 255 255 205 0 0 0 0 255 116 0 255 223 0 0 255 255 255 0
    203 0 255 0 255 145 255 0 0 255 0 255 147 0 255 0 255 255 255 0 0 0
    0 255 96 255 81 0 255 255 255 0 0 149 0 2 0 0 255 255 0 197 255 255
    0 105 255 222 255 0 0 255 255 0 0 90 255 39 0 255 70 255 0 0 95 0
    255 53 0 0 0 192 0 239 255 170 0 0 0 255 255 255 255 255 255 255 0 0
    0 0 243 255 0 0 255 255 164 0 255 0 0 255 0 255 0 255 0 255 255 0 0
    255 0 0 255 255 255 255 255 255 0 0 255 0 233 0 0 255 229 255 24 0
    25 92 255 0 0 255 255 255 255 0 0 0 0 255 255 0 0 255 187 0 49 255 0
    97 0 10 255 252 0 0 0 180 28 0 0 0 255 255 0 0 255 116 255 0 255 41
    0 255 0 255 193 255 0 0 0 0 255 255 255 255 0 255 0 0 255 0 255 51
    255 32 0 67 0 255 255 255 0 0 0 143 255 255 255 0 255 0 0 0 255 255
    255 0 0 0 255 0 0 255 200 255 255 254 0 0 255 255 255 0 0 0 203 200
    66 255 28 0 255 255 255 0 0 0 82 0 255 255 120 255 0 255 255 0 26
    255 255 133 255 188 255 0 117 0 255 0 41 0 255 255 255 255 0 0 255
    103 0 0 255 0 0 107 255 255 0 255 0 255 0 0 160 0 255 0 255 197 147
    226 255 255 184 0 0 255 255 255 0 0 0 229 255 255 212 173 255 255 0
    82 0 255 0 255 255 255 0 0 0 255 255 0 0 255 255 0 0 255 255 255 192
    255 255 0 255 83 74 255 79 0 255 4 0 107 255 255 0 0 255 255 0 0 255
    0 255 255 255 64 0 0 4 255 255 255 0 255 0 255 255 7 255 102 0 0 255
    0 255 255 255 255 0 0 0 255 52 255 0 0 12 0 255 255 124 255 0 0 38
    255 59 0 255 0 255 255 0 255 0 0 255 255 255 0 0 255 0 0 255 255 255
    255 255 0 0 0 255 0 25 255 255 0 255 0 255 154 255 57 145 0 0 255 0
    0 0 0 255 0 255 148 255 0 0 0 102 255 255 255 0 255 12 3 47 255 0
    255 184 255 0 0 255 255 0 255 0 0 0 30 255 255 255 0 255 255 255 0
    65 255 255 162 0 0 141 255 126 191 0 0 255 0 0 255 0 110 0 0 255 140
    0 255 0 255 0 255 0 255 0 0 0 255 185 0 0 91 0 255 148 0 0 139 255 0
    126 0 0 255 255 255 0 0 0 199 0 255 255 255 255 132 0 255 227 61 0
    255 255 255 255 0 0 243 173 0 0 0 255 0 84 255 255 255 255 0 255 255
    124 0 0 0 255 130 255 205 255 255 0 60 255 0 255 0 0 0 0 12 255 163
    0 0 0 0 204 0 0 255 255 255 0 0 196 255 0 158 255 0 0 255 255 255 0
    0 0 255 0 228 0 255 0 114 0 255 255 0 255 0 0 0 0 0 209 255 0 107 0
    255 0 78 0 255 255 255 255 42 0 14 255 255 0 0 0 255 255 233 0 0 0 0
    129 148 0 0 255 255 255 0 255 238 255 255 208 0 255 0 255 0 255 0 98
    0 0 0 255 44 255 0 214 0 0 255 0 0 255 255 255 96 99 0 197 255 0 0 0
    255 0 255 212 120 0 255 0 0 230 255 255 0 0 255 255 255 125 0 0 0 0
    0 0 174 123 255 0 0 0 0 255 255 0 0 255 255 255 0 0 211 255 0 0 0
    255 255 255 0 0 0 255 108 255 255 255 0 0 0 0 255 255 0 255 160 0
    155 0 255 0 255 0 0 0 0 149 255 255 255 255 0 255 0 251 227 0 255 0
    0 0 255 255 255 252 255 255 0 255 255 255 109 0 222 255 255 0 255
    255 0 255 0 255 0 255 255 0 0 24 255 255 0 0 0 255 194 194 0 86 164
    0 114 255 126 255 0 0 0 0 255 59 255 0 255 255 255 245 0 90 255 0 0
    255 255 201 0 0 0 0 255 255 255 255 210 0 0 0 0 0 255 255 0 0 0 255
    255 255 255 255 0 0 0 255 255 0 255 0 255 255 244 0 0 255 253 0 255
    0 255 255 0 255 0 255 49 255 84 0 255 255 0 0 238 255 255 0 255 0
    255 208 248 255 255 255 0 0 255 255 255 255 255 0 0 0 104 101 0 120
    0 0 163 255 255 255 159 0 175 219 0 103 255 255 0 0 255 0 250 0 0 35
    255 255 255 0 0 0 255 104 253 195 255 255 151 0 0 0 0 48 0 0 255 33
    255 0 85 198 255 255 0 82 252 0 0 255 255 255 0 0 0 255 255 255 238
    255 0 0 0 0 115 0 0 54 0 255 144 0 255 0 0 171 255 86 0 255 0 255
    255 255 0 0 255 0 255 255 255 223 0 255 0 0 0 255 255 255 191 177
    255 186 255 0 0 0 255 0 0 87 178 255 0 255 255 255 0 0 29 70 255 191
    0 0 0 45 0 255 0 0 255 56 255 255 0 0 255 0 255 0 255 0 138 92 0 0
    255 0 217 0 161 0 0 255 255 255 255 255 0 108 0 0 255 0 253 153 255
    0 6 0 139 167 255 0 12 222 255 0 255 0 0 255 0 0 19 230 0 255 90 255
    255 0 0 0 255 255 255 193 0 255 255 169 0 0 255 0 255 255 0 39 255 0
    0 85 255 255 0 19 255 255 0 0 0 255 254 255 0 120 0 0 255 0 255 0 20
    255 15 255 0 255 0 255 0 0 0 0 255 255 255 0 177 0 255 255 255 100
    255 123 255 0 255 255 169 255 0 0 255 255 0 120 0 0 255 0 255 0 0 0
    162 0 145 0 255 255 0 225 255 255 0 255 0 104 255 255 0 0 0 148 255
    0 255 113 255 110 0 255 0 30 255 255 255 0 0 204 79 255 255 0 20 0
    228 255 0 140 0 255 0 19 0 255 0 255 106 15 0 0 255 0 255 28 255 255
    255 212 0 53 0 255 169 255 0 0 0 0 255 94 209 0 21 0 255 0 255 255
    255 136 255 255 255 0 255 107 0 255 255 97 255 215 255 0 0 255 0 17
    123 44 191 255 255 0 0 0 255 0 0 0 0 255 0 255 0 187 0 255 255 255
    255 0 255 255 255 0 255 255 0 34 0 255 255 255 0 0 0 255 93 0 255
    255 125 0 0 136 137 251 0 255 0 255 247 255 0 255 255 0 255 0 255 58
    72 255 255 0 238 0 255 255 0 255 0 90 184 94 255 0 63 0 255 255 0 0
    0 255 0 208 0 139 146 255 255 255 0 70 255 0 0 255 32 255 104 0 0 0
    0 255 144 255 0 0 234 255 0 0 0 255 0 117 0 200 255 255 0 69 0 0 0
    255 255 255 172 0 0 0 255 0 90 0 255 255 0 0 122 255 94 0 0 255 255
    255 255 0 0 0 255 255 255 255 255 0 0 0 0 255 255 124 0 0 0 233 255
    0 0 197 255 255 0 0 255 255 0 0 255 0 255 255 234 255 255 255 226 24
    255 0 255 0 0 255 0 255 0 85 255 210 255 0 255 0 0 255 238 255 161 0
    255 0 255 0 255 255 255 0 0 255 139 255 255 0 0 0 255 118 255 0 0 0
    0 255 229 255 69 0 192 0 255 0 0 0 255 0 0 255 255 255 0 0 0 255 0
    170 255 255 0 255 255 255 105 77 255 0 142 0 162 255 255 0 255 0 255
    14 0 255 128 255 0 117 0 9 255 216 255 114 255 0 27 255 0 0 255 255
    255 0 255 0 39 255 90 255 255 255 0 126 255 255 0 255 0 255 0 45 73
    255 255 0 0 255 0 255 0 255 0 255 0 255 151 255 0 255 255 255 0 144
    255 255 255 0 0 0 255 0 0 255 255 0 221 133 255 125 255 150 0 255
    168 255 0 0 0 255 0 255 255 255 133 255 0 0 255 0 255 141 255 0 0 0
    255 255 255 255 0 255 0 40 49 0 255 0 255 0 255 0 255 255 217 0 175
    102 0 255 255 0 255 0 255 49 255 126 0 163 16 0 0 0 255 255 255 255
    255 180 0 0 0 255 255 0 0 255 78 10 255 0 255 255 0 0 0 207 255 0
    255 255 255 255 0 235 0 255 255 0 255 255 29 0 177 255 255 0 255 255
    255 0 255 143 48 255 255 83 0 245 0 255 0 0 43 85 255 255 0 0 255
    255 255 40 0 0 74 0 159 255 0 59 255 255 255 230 255 182 0 0 255 255
    255 0 255 0 255 0 0 255 255 0 247 102 255 0 255 236 98 0 255 87 255
    0 255 176 255 0 229 0 255 130 255 255 0 0 0 95 255 0 0 58 255 20 97
    255 0 27 0 255 10 255 0 17 0 255 255 255 255 0 190 255 255 0 175 0
    255 0 255 224 255 255 0 0 0 255 179 255 0 255 255 255 0 255 30 0 44
    255 255 255 0 0 0 116 0 0 255 0 0 0 255 0 0 0 255 255 255 255 0 47
    71 47 241 0 255 255 255 255 0 0 0 255 0 0 0 255 255 0 0 8 255 255
    255 1 113 0 0 255 0 255 255 255 255 255 0 255 255 255 255 0 0 0 255
    255 0 0 255 0 0 0 229 112 255 114 0 0 255 222 255 2 185 255 99 0 0
    255 213 255 70 0 0 0 139 255 0 22 255 0 0 255 255 255 0 0 255 255 0
    0 255 255 118 204 255 255 255 0 0 255 255 255 0 22 0 0 255 6 0 0 255
    255 255 23 0 255 255 0 113 125 0 241 255 255 0 79 60 255 3 255 0 212
    0 255 247 255 0 255 0 255 0 255 238 0 255 0 255 255 255 0 0 104 255
    255 255 0 0 255 46 255 255 231 255 0 255 255 170 255 120 255 0 0 0
    255 255 0 0 0 245 255 255 0 0 206 255 255 0 255 255 255 0 255 255
    255 0 71 0 255 255 65 255 255 0 0 175 0 177 176 84 0 0 255 255 255
    255 255 0 0 0 0 255 255 255 0 0 207 0 255 255 255 0 0 255 0 255 0
    255 0 255 156 255 0 241 0 197 255 255 0 0 0 255 255 255 255 255 255
    0 0 255 255 0 255 0 255 136 255 238 255 109 255 0 255 0 0 154 0 255
    0 255 0 255 0 255 220 204 0 0 193 255 255 0 255 0 0 0 255 0 255 0
    255 0 50 3 255 255 169 0 255 83 0 0 255 255 255 219 255 203 255 0
    208 0 112 255 52 255 0 0 210 255 66 0 255 255 54 0 255 255 142 0 0 0
    40 255 185 0 0 197 255 255 255 255 255 0 0 0 255 0 255 255 223 0 0
    255 255 255 255 0 255 0 255 0 0 61 133 227 80 255 235 255 0 2 255 0
    255 255 0 0 122 255 0 0 0 255 255 124 0 0 0 255 212 255 0 255 0 0 0
    255 255 255 255 158 255 128 0 255 100 0 0 255 0 255 255 255 255 0 0
    255 255 255 0 0 255 255 255 0 0 172 255 255 255 0 0 211 0 0 255 255
    78 171 255 0 0 106 255 241 255 0 0 255 255 0 0 0 0 255 0 255 255 255
    44 69 255 0 255 0 255 0 255 0 0 0 0 0 255 255 255 0 0 116 38 255 25
    255 0 0 0 255 255 255 206 0 188 255 255 0 255 255 0 0 0 255 167 255
    0 255 0 255 0 255 0 0 0 0 255 255 157 188 255 0 255 0 255 74 0 0 0
    255 0 0 0 0 0 255 255 0 255 230 205 0 255 255 0 218 255 255 0 0 255
    255 0 0 0 0 255 180 115 130 137 255 0 0 99 0 0 255 255 1 0 0 173 255
    255 0 0 255 255 0 0 255 0 255 55 255 0 255 255 0 255 0 0 89 255 0
    113 0 255 181 250 0 0 188 0 255 68 255 0 0 255 0 146 255 255 0 0 0
    255 255 255 0 0 134 255 255 136 255 91 9 48 0 255 0 255 0 255 237 0
    6 255 188 0 142 19 255 229 0 213 134 255 4 255 0 0 0 255 0 255 153
    119 0 0 45 128 36 0 230 255 182 255 0 255 0 0 0 255 1 0 0 0 255 255
    153 154 0 0 0 148 255 255 0 0 0 0 255 255 217 160 0 255 187 255 0
    255 255 245 255 0 0 255 255 255 89 255 0 0 0 255 154 255 0 0 0 255
    255 255 118 255 255 0 0 0 255 255 255 0 255 255 255 0 0 0 255 0 255
    0 204 0 0 157 255 0 255 0 255 0 255 255 255 0 255 0 0 0 194 255 168
    132 0 0 255 255 255 0 0 255 255 238 74 0 0 0 0 165 0 168 255 0 0 0
    255 0 0 0 0 0 255 255 255 0 0 175 255 0 0 0 255 0 0 255 255 255 255
    0 0 0 255 255 255 255 255 0 213 0 0 255 255 0 0 0 242 255 255 255 0
    0 255 0 255 86 255 0 255 255 0 255 0 79 255 255 0 255 239 0 0 1 0
    201 5 255 0 224 111 238 255 0 255 0 85 247 108 255 255 0 255 255 168
    255 0 0 50 0 0 0 0 0 0 255 0 0 0 255 255 255 132 70 255 0 255 0 255
    255 0 255 0 255 0 0 0 255 255 0 0 0 0 255 255 255 95 255 6 0 255 223
    92 255 0 255 0 158 0 255 255 0 194 25 0 148 0 255 0 0 245 143 255 0
    222 0 255 0 255 0 255 0 33 0 255 0 0 255 255 0 0 255 255 255 255 0 0
    0 0 0 255 0 255 0 255 255 255 255 0 0 255 133 255 0 255 88 91 255
    255 255 255 0 255 0 111 255 0 255 0 255 0 55 255 0 0 255 255 255 0 0
    255 255 255 0 0 255 0 225 141 0 115 116 255 255 97 0 40 0 120 0 202
    0 0 222 255 255 246 255 0 111 255 255 0 23 255 0 255 0 252 138 0 255
    151 0 0 0 255 0 255 255 0 0 0 255 108 0 0 255 255 255 0 0 0 0 141
    255 127 135 255 255 0 255 70 255 255 255 0 0 119 255 0 0 0 255 255
    255 176 255 239 0 201 0 255 0 0 236 242 0 88 0 0 0 255 255 0 255 0
    128 255 25 255 255 0 0 0 0 255 255 255 31 0 255 255 13 255 255 107
    213 76 136 0 0 0 255 0 255 0 255 255 0 130 0 96 255 255 0 255 255
    126 0 255 0 255 0 255 255 0 0 0 255 255 255 0 95 255 83 0 255 255 69
    244 0 0 0 255 147 255 0 255 0 145 0 98 255 163 0 0 255 255 255 0 255
    255 255 101 128 0 0 255 255 255 0 0 0 255 255 0 0 0 255 206 25 0 255
    83 30 247 255 0 255 255 255 0 0 255 56 255 0 255 0 78 0 0 0 0 255
    255 12 0 0 0 255 255 0 0 255 255 12 0 255 0 255 54 251 0 0 241 0 255
    255 255 71 0 255 0 255 255 0 0 0 255 255 0 112 54 0 255 0 255 0 255
    0 255 0 238 255 0 255 51 0 0 255 0 0 0 98 0 0 255 255 255 0 0 0 255
    149 255 255 110 0 255 255 255 255 127 70 0 255 0 0 0 255 217 0 0 255
    255 200 255 0 255 0 0 20 0 193 0 255 52 255 255 0 255 0 0 0 255 0 0
    0 255 0 255 255 41 255 0 255 12 255 0 0 255 255 255 0 255 255 236 0
    255 71 255 255 96 0 0 0 255 0 255 0 0 0 142 255 255 0 255 0 0 255 0
    255 0 0 0 255 255 0 0 255 255 209 180 255 0 0 0 255 255 255 177 255
    255 0 255 0 146 255 255 0 0 214 0 0 255 242 255 0 0 255 255 255 255
    255 0 128 255 0 255 199 0 0 242 255 158 255 255 233 0 15 153 42 0 0
    0 255 41 0 255 0 0 0 255 0 81 255 214 255 0 255 255 0 255 0 0 255 0
    255 0 255 113 255 255 0 0 0 255 0 75 255 255 255 0 0 0 128 0 255 255
    255 0 0 0 255 255 255 0 0 2 255 255 0 0 23 0 255 0 255 255 0 0 255
    255 255 255 0 255 255 255 0 0 0 0 255 255 0 0 255 0 255 255 255 255
    0 0 46 255 255 172 230 102 0 255 255 107 255 0 255 255 0 0 0 255 0
    98 170 0 255 255 255 0 50 0 255 255 255 0 149 0 255 0 255 0 255 82 0
    0 0 255 255 0 0 69 255 0 0 0 146 255 4 188 255 0 0 255 255 255 255
    255 255 255 203 0 0 255 0 255 255 255 17 0 255 255 0 145 228 35 185
    0 255 0 0 253 255 139 255 255 255 77 0 0 255 255 201 0 0 255 255 0
    255 244 12 100 255 0 0 255 0 255 0 255 0 255 255 0 0 0 0 75 0 0 0 0
    255 123 255 0 0 0 0 255 255 255 139 96 63 0 224 255 255 255 0 0 0 0
    0 0 255 77 17 0 255 0 0 0 59 0 0 255 255 0 110 255 255 0 255 0 0 0 0
    0 255 255 255 0 255 0 255 180 255 0 255 0 0 0 0 255 255 255 255 0
    255 98 0 0 255 255 255 0 0 0 0 255 112 9 203 0 136 84 255 255 255 0
    0 255 255 0 0 0 255 0 0 0 186 77 132 255 255 255 255 0 0 0 0 77 255
    160 255 0 255 0 0 0 168 255 255 255 0 255 0 0 255 255 255 0 255 241
    255 0 255 255 207 0 255 192 255 255 91 0 255 0 255 0 255 44 255 0
    255 114 255 168 0 0 0 149 126 255 0 0 0 255 33 0 0 0 0 255 255 255 0
    0 107 255 0 255 0 157 243 255 255 0 0 0 0 255 4 27 129 0 255 255 0
    255 0 188 255 255 255 0 255 0 48 0 11 255 0 255 255 255 133 0 0 255
    0 46 0 255 255 164 255 255 0 255 193 156 0 0 197 62 255 255 255 0 0
    255 0 87 35 0 255 0 255 29 163 0 0 255 0 0 0 255 255 249 0 0 0 0 255
    140 255 255 255 94 139 255 255 165 0 0 0 0 0 255 0 255 0 255 255 0
    13 0 0 255 255 0 0 0 41 255 255 0 255 255 255 22 179 0 26 0 255 0 45
    0 0 255 0 255 0 153 0 0 0 204 0 0 255 255 0 0 255 255 255 0 255 255
    255 193 95 0 255 0 255 0 255 0 9 0 160 0 255 255 255 255 255 0 0 0
    255 255 0 0 0 255 0 255 0 255 0 255 0 0 255 139 0 0 232 255 104 255
    0 255 0 255 0 74 247 0 255 255 255 255 0 255 0 0 0 255 255 255 0 0
    198 152 115 55 255 0 152 53 62 0 255 255 255 255 255 0 25 0 255 255
    0 0 0 255 103 122 0 255 0 0 0 255 255 0 0 0 255 0 255 122 192 0 255
    255 255 0 0 0 255 255 0 255 0 255 0 255 255 0 255 7 255 0 0 255 57
    255 0 0 255 255 255 0 255 236 255 0 255 255 0 255 0 0 0 0 255 252
    255 0 255 0 255 0 0 89 0 0 238 0 177 0 0 0 255 255 255 0 255 255 0
    255 0 0 46 11 177 255 228 255 255 0 0 0 255 0 255 0 0 52 156 0 0 255
    255 169 0 255 0 255 0 255 0 255 0 165 255 255 255 13 255 0 255 112 0
    28 0 130 255 0 0 0 255 255 0 255 0 255 0 255 45 255 255 255 0 1 0
    255 0 255 240 0 93 0 0 175 6 0 0 255 0 106 0 255 0 255 255 0 255 255
    159 255 255 0 255 0 159 0 179 24 255 30 223 244 0 255 0 0 0 255 0
    191 0 0 255 255 0 0 255 255 255 255 0 0 152 255 0 255 0 0 17 18 255
    0 255 0 0 191 0 255 255 255 0 0 0 115 255 0 0 255 178 0 255 0 255 18
    68 250 0 255 55 255 0 210 0 255 255 255 255 159 0 203 0 0 255 231 0
    0 0 255 0 255 255 159 255 0 85 255 143 0 0 255 255 255 0 0 50 0 125
    255 255 255 121 0 255 255 255 255 0 255 0 0 255 0 255 255 255 134 0
    0 0 103 0 255 0 0 255 36 167 211 199 160 255 0 68 0 0 197 0 255 111
    0 0 255 255 0 255 0 81 0 93 255 156 255 255 0 255 225 67 255 0 0 0 0
    0 255 255 255 0 0 67 0 0 255 255 255 0 255 0 0 0 94 38 0 255 0 255 0
    0 255 255 255 0 0 0 0 255 0 234 255 146 0 0 255 90 137 255 148 255 0
    0 0 14 255 255 0 0 255 255 255 255 0 0 255 255 255 0 0 0 255 0 255
    255 255 0 0 255 146 255 229 255 255 255 112 255 0 98 0 255 220 255
    255 255 158 0 0 0 255 0 255 168 2 205 0 255 75 255 0 0 173 0 148 0
    255 255 255 255 0 213 0 255 255 26 14 124 0 0 0 255 255 255 0 255
    123 21 0 0 11 0 255 255 255 0 175 255 32 255 0 0 18 255 255 0 0 0
    255 99 64 0 167 0 255 163 133 0 116 0 255 255 255 255 199 0 185 255
    255 174 0 0 92 0 0 255 255 255 84 140 0 0 255 0 0 255 35 255 0 255
    255 255 0 54 255 0 56 0 42 0 147 255 255 0 165 192 69 255 0 0 63 255
    255 255 0 255 0 101 0 255 255 255 0 0 118 123 255 84 255 255 255 0 0
    255 255 255 70 239 0 255 0 255 0 0 0 0 255 255 255 0 0 181 255 255
    255 0 0 255 255 0 0 0 0 255 255 0 0 0 0 255 0 35 66 255 0 255 0 255
    0 119 151 255 255 255 89 255 12 188 152 255 255 0 184 0 255 0 255 0
    0 0 188 0 255 255 255 206 255 65 255 0 255 255 246 80 0 96 255 170
    255 0 178 0 0 0 0 255 121 255 255 186 0 0 242 0 207 0 255 255 0 101
    0 255 0 255 0 0 0 255 255 255 163 0 255 0 0 221 255 74 0 255 0 255
    121 0 0 69 255 255 0 255 0 197 0 103 255 0 255 130 255 0 0 212 101
    54 255 244 255 0 0 0 252 10 255 24 0 191 86 0 234 0 0 0 255 0 230
    255 0 0 255 255 255 0 0 56 0 0 0 255 73 40 0 255 255 255 255 255 255
    0 255 69 0 185 225 255 3 0 0 0 255 94 255 255 0 255 0 255 0 255 255
    255 0 0 0 255 255 0 255 105 3 255 255 226 0 255 255 255 255 0 0 0
    255 255 0 0 145 255 0 255 71 255 255 0 255 255 255 0 0 0 255 255 132
    0 99 0 0 255 0 0 0 0 255 79 255 0 255 0 0 107 1 0 0 0 255 58 255 255
    173 0 0 0 255 255 45 0 0 255 255 255 185 0 16 0 0 255 255 255 0 255
    206 0 49 0 230 0 0 0 91 255 100 255 255 255 255 204 0 255 0 255 0
    255 255 255 0 0 109 255 255 46 0 0 255 0 255 0 255 255 255 255 255
    87 0 0 255 39 0 0 255 0 255 0 0 252 0 128 106 228 255 0 255 0 255 0
    140 249 0 255 0 255 255 255 182 241 32 124 221 0 0 255 255 0 0 0 0
    255 255 107 0 50 255 255 0 255 0 0 26 69 255 255 26 255 0 0 0 126
    255 0 0 45 172 255 255 149 0 255 0 193 255 255 0 255 0 255 0 255 255
    0 255 0 0 0 255 255 0 255 255 255 200 255 205 255 0 255 25 0 255 0
    27 255 255 61 0 0 141 0 0 255 255 0 255 0 0 0 255 0 0 255 0 0 255
    133 0 108 0 0 255 255 0 0 0 88 255 0 255 0 0 0 255 255 255 255 0 255
    255 255 255 0 0 0 255 74 0 0 255 255 15 0 244 119 255 255 255 255 0
    0 255 236 0 255 0 229 0 0 255 255 255 167 0 0 255 0 255 255 255 45
    255 50 255 255 0 0 0 255 51 255 112 255 0 255 255 233 255 0 255 0 0
    255 0 255 84 255 0 83 0 255 223 255 255 0 123 255 255 21 255 255 255
    0 66 255 255 0 0 0 255 255 255 255 0 0 0 255 0 255 0 255 255 103 255
    52 63 0 0 0 255 0 255 0 0 203 255 188 0 0 0 77 255 255 255 255 0 0
    255 83 255 0 255 13 255 255 255 0 255 255 255 255 0 0 255 38 255 87
    255 24 0 255 255 221 255 0 0 219 142 58 230 255 0 228 255 255 0 105
    0 255 255 255 255 0 0 255 255 255 0 0 0 255 64 255 230 64 255 0 0
    255 0 255 255 255 165 255 0 0 0 0 255 2 255 0 0 100 255 71 0 0 0 40
    0 255 0 0 255 154 255 255 255 0 255 0 255 0 255 0 0 0 0 255 0 255
    255 255 0 0 157 255 0 255 0 0 255 0 255 0 255 0 255 0 255 0 255 0
    236 148 0 0 0 255 0 255 255 255 0 0 0 0 0 11 223 255 255 57 225 0
    190 255 255 0 182 255 255 255 197 255 0 255 0 0 0 0 255 200 255 255
    255 0 0 255 0 255 56 0 0 34 0 28 255 0 255 0 255 255 255 0 0 4 0 255
    255 224 40 0 255 0 0 0 0 0 255 144 255 206 0 0 255 255 255 0 0 250 0
    0 0 255 255 108 0 0 0 135 255 248 255 255 255 0 42 0 255 255 0 0 0
    255 0 255 0 255 38 0 225 0 255 185 255 0 230 158 123 0 0 20 240 255
    0 255 169 255 0 0 255 0 255 0 255 131 21 255 255 0 0 0 255 17 255
    216 255 84 0 0 44 0 0 255 255 252 0 189 0 255 0 0 0 255 0 255 255 0
    0 255 0 255 255 255 0 134 0 255 255 255 0 0 35 49 255 255 71 255 214
    0 255 255 0 0 0 255 227 255 0 255 0 0 255 0 255 63 255 0 0 255 0 0 0
    0 77 0 255 0 0 0 0 255 0 55 0 255 255 255 174 213 199 0 0 0 255 0
    255 0 0 255 0 255 0 0 0 255 255 0 255 96 238 0 5 255 0 255 0 255 255
    255 0 0 0 17 255 255 12 0 0 255 44 0 0 255 255 255 255 0 178 0 255 0
    255 255 255 0 0 255 0 255 0 255 0 255 24 255 140 0 0 90 0 255 61 255
    0 255 0 255 255 183 0 255 255 255 110 255 255 0 0 255 255 255 0 0 19
    255 255 0 115 0 0 148 0 165 255 0 255 0 255 0 0 0 0 17 255 255 0 255
    0 255 0 0 0 255 0 255 0 0 0 255 255 0 234 68 0 255 255 92 0 255 0
    255 0 255 255 255 0 0 0 255 0 255 136 255 0 0 0 166 0 255 255 240
    255 255 0 200 0 105 0 255 255 255 255 255 0 0 0 255 0 0 255 255 53 0
    0 0 0 255 255 212 255 0 0 0 255 0 255 255 0 0 255 255 255 120 255 0
    255 255 255 0 0 188 255 255 0 0 0 0 153 255 255 0 31 0 59 255 0 255
    255 255 0 0 255 223 188 66 255 0 255 255 0 0 0 255 0 255 0 0 255 255
    255 0 0 0 255 255 0 0 0 94 0 255 202 255 0 255 255 255 0 0 0 209 24
    255 255 255 0 255 0 220 0 255 255 255 0 255 255 255 255 255 0 130 0
    0 207 255 0 255 255 0 0 0 0 255 255 255 31 255 243 255 255 0 0 0 255
    0 255 234 0 0 0 255 255 87 255 0 255 0 255 255 0 0 0 0 255 218 255
    255 255 0 0 255 90 255 0 0 45 250 0 255 30 255 255 0 3 0 255 255 205
    0 0 0 255 255 255 255 0 0 0 144 48 255 255 0 0 74 255 244 174 0 255
    0 238 0 255 104 255 0 219 77 255 255 255 0 255 0 0 0 146 0 255 0 0 0
    0 255 0 0 0 0 0 255 0 147 0 255 130 255 250 0 0 255 255 0 0 0 255 0
    154 255 255 255 0 0 0 0 255 0 255 0 255 0 16 0 0 0 28 255 255 0 0
    255 255 255 25 124 0 192 0 255 127 119 69 0 210 0 0 152 0 0 255 0
    255 255 0 0 0 34 25 0 0 0 0 0 255 106 255 93 94 0 255 31 40 255 255
    25 0 0 255 255 255 255 255 0 255 255 255 0 0 72 255 122 255 0 255
    255 255 0 0 255 0 0 0 255 255 255 72 255 0 0 255 255 255 0 0 23 255
    255 255 216 0 0 0 255 255 0 255 0 255 0 255 0 0 0 0 0 255 255 255 0
    255 0 255 0 159 255 0 106 255 255 248 230 0 255 255 0 117 0 255 255
    255 0 255 0 255 255 0 0 0 0 255 27 0 255 255 255 0 0 255 0 0 255 255
    255 0 4 255 255 255 0 0 0 0 255 217 0 255 249 255 255 159 54 0 255 0
    255 0 255 0 255 255 0 0 8 255 85 255 0 255 123 13 255 0 255 235 255
    0 0 38 0 255 255 255 133 0 0 0 255 0 255 0 255 255 0 255 255 255 0 0
    147 255 255 255 255 255 195 0 255 0 0 0 255 255 253 255 194 0 87 0
    255 0 255 0 255 255 190 255 255 255 0 255 54 97 0 0 0 0 38 0 255 38
    255 0 255 0 0 0 0 255 255 193 232 0 153 255 72 0 0 0 107 255 0 72 0
    0 0 255 78 255 80 240 0 0 255 49 255 254 255 0 60 149 255 0 255 0
    255 0 255 0 255 255 170 75 0 255 255 26 255 255 255 255 0 0 255 89
    255 205 0 255 0 66 0 0 108 255 255 0 243 53 251 255 0 255 25 255 0 0
    255 0 0 255 255 255 241 23 152 200 255 19 255 0 141 0 0 54 255 255
    255 0 255 0 0 0 255 0 0 255 0 255 0 185 0 0 0 0 255 0 206 255 255 0
    255 175 255 0 0 143 255 0 0 0 0 255 198 255 255 19 0 1 0 255 255 0
    255 255 0 194 255 0 134 0 255 0 255 0 229 0 255 0 255 0 94 14 0 0 0
    255 0 0 255 163 0 255 0 255 0 255 0 149 255 255 255 255 0 255 255
    235 0 255 107 255 255 0 150 255 129 0 0 216 0 255 255 255 255 85 255
    0 255 0 255 0 0 0 255 255 255 0 255 0 0 0 255 255 0 255 0 255 0 0
    255 255 255 255 255 255 94 0 223 87 255 255 121 0 255 255 0 141 255
    0 0 0 255 133 255 0 0 0 255 255 0 255 0 255 0 112 255 14 0 255 156
    197 0 64 255 187 109 0 0 255 255 255 0 0 255 228 0 170 0 255 0 255 0
    0 255 89 255 0 51 212 255 255 0 43 0 255 255 255 235 255 15 255 174
    190 0 0 255 0 255 193 0 255 255 0 0 0 0 255 192 0 0 255 0 104 0 0
    170 0 255 0 212 255 255 0 0 0 0 0 255 255 0 255 255 255 0 0 0 0 255
    0 55 138 0 0 0 255 255 255 0 0 0 102 255 255 255 0 39 0 0 94 170 255
    255 255 0 255 255 255 0 255 0 159 0 135 255 255 255 255 255 255 180
    0 255 0 0 0 255 255 255 0 0 255 255 36 255 0 255 43 174 255 0 0 0
    255 0 0 0 255 255 255 255 0 255 75 83 252 0 70 255 201 255 255 255 0
    0 8 0 255 255 255 0 32 60 255 0 0 255 199 255 0 0 141 255 255 0 255
    0 255 0 0 255 0 255 255 255 0 0 102 0 0 161 255 7 255 255 0 255 255
    59 0 255 153 0 107 101 255 255 0 0 255 72 0 0 0 0 0 154 73 240 0 255
    255 255 191 255 255 0 255 255 183 0 0 0 255 255 255 0 255 0 255 255
    146 0 255 255 255 84 255 255 0 0 1 0 0 0 0 255 137 255 0 0 0 188 0
    255 0 255 191 0 0 0 58 255 255 5 135 255 255 0 255 255 118 0 0 255 0
    0 40 0 255 0 255 0 255 0 255 0 255 209 255 0 0 0 255 0 0 255 0 255
    255 180 255 0 255 255 0 0 0 0 5 255 255 0 0 0 255 123 0 255 255 71
    232 195 255 255 0 0 255 0 255 0 255 255 123 255 255 0 0 149 121 255
    255 255 0 0 60 255 0 74 255 0 68 75 237 0 255 92 255 0 255 255 0 95
    0 0 163 0 255 255 255 66 0 0 255 0 255 0 5 255 255 255 0 0 0 186 0 0
    255 238 255 147 0 255 255 0 218 0 255 255 255 0 0 0 255 255 255 255
    44 255 0 255 150 0 0 0 255 255 255 234 255 0 0 0 255 255 255 255 176
    255 0 0 0 255 237 245 0 0 255 255 216 255 255 0 255 0 255 0 255 255
    0 0 0 255 255 255 0 255 0 2 248 255 1 0 255 176 255 0 255 255 255
    255 237 255 0 255 255 0 0 255 255 229 0 0 0 190 64 255 101 255 0 53
    255 57 255 255 255 255 10 255 255 255 255 0 0 0 255 255 255 255 255
    207 126 0 0 181 0 0 255 255 39 255 255 0 255 0 255 0 255 246 0 0 255
    255 255 0 255 0 0 0 211 255 255 255 0 0 0 0 0 255 0 0 0 255 233 255
    0 0 0 92 255 0 163 255 0 0 0 196 188 0 36 0 255 255 0 0 0 255 0 255
    0 255 255 88 113 255 255 255 255 0 255 255 0 238 255 21 0 209 255
    255 0 0 0 255 0 0 0 229 70 0 0 0 255 255 0 255 0 255 255 255 255 0
    128 165 0 255 40 255 0 0 255 255 255 66 230 255 0 255 47 0 255 255 0
    255 15 255 0 255 0 182 0 255 0 255 0 0 56 216 255 0 255 87 255 255 0
    255 0 141 0 255 255 255 0 0 150 0 255 0 255 0 255 255 0 0 255 0 255
    0 0 255 184 0 33 255 255 255 0 255 0 0 0 202 0 255 0 0 22 255 176
    255 0 13 179 211 0 255 255 255 0 0 255 255 0 48 0 255 0 255 0 255 0
    255 0 255 0 0 255 159 220 0 255 255 255 0 255 0 0 255 255 0 0 0 54 0
    0 0 0 255 0 0 0 255 0 255 167 255 0 255 0 133 0 0 245 255 169 255 0
    0 57 79 0 0 198 50 255 0 6 0 255 255 255 0 176 0 255 0 44 0 255 255
    0 255 0 255 255 255 0 0 255 63 0 255 255 0 0 242 255 0 0 255 255 0
    255 62 255 174 255 0 161 0 255 0 0 255 255 0 255 255 255 13 255 96
    135 0 255 0 157 0 255 255 196 0 0 255 0 107 0 0 255 0 255 255 255 0
    0 0 0 0 255 255 0 0 255 255 255 85 0 0 255 255 0 35 0 54 0 255 222
    115 0 255 255 79 0 0 255 255 0 255 255 0 0 0 255 255 0 150 0 0 255 0
    155 0 255 255 255 0 44 255 255 255 255 255 236 255 68 255 255 0 58
    255 0 33 135 255 255 0 0 238 255 11 255 0 216 0 155 0 6 255 255 255
    255 255 0 0 255 0 0 116 255 0 0 255 0 255 0 255 255 255 0 253 77 255
    0 255 255 212 0 0 255 255 255 121 0 255 0 255 8 0 0 255 255 245 0
    255 255 176 161 255 196 255 0 0 162 0 129 255 255 0 0 255 255 203
    255 255 192 0 0 0 0 255 0 233 0 255 0 255 0 255 255 255 225 0 255 0
    255 255 0 109 0 0 0 255 0 218 0 255 255 255 0 0 0 255 0 255 0 255 0
    0 0 0 255 0 0 0 255 255 255 255 0 176 0 0 107 0 255 255 255 0 0 255
    142 255 255 255 0 0 229 123 0 0 0 255 255 255 0 255 255 255 0 0 0 0
    255 170 0 0 16 252 0 0 210 0 146 0 255 0 0 0 0 188 255 255 53 255
    255 0 0 0 66 0 255 223 255 255 0 0 0 255 149 255 0 255 144 74 255
    255 255 0 19 255 105 0 255 255 255 206 0 0 0 202 255 0 0 255 255 0 0
    0 0 230 255 255 0 0 22 0 255 0 255 0 255 0 255 255 0 255 0 0 68 255
    217 255 255 255 0 0 81 0 255 0 255 0 0 0 255 255 255 138 255 0 93 6
    255 255 0 0 0 0 186 255 255 193 0 0 255 49 255 255 0 154 213 255 0
    248 202 255 255 0 248 0 0 0 255 0 9 34 106 131 0 255 255 0 0 0 0 255
    255 0 241 0 255 0 255 0 255 255 255 0 0 0 255 0 255 0 9 0 255 43 0 0
    0 0 0 213 255 255 0 255 255 0 0 155 0 79 255 103 255 255 255 255 0 0
    255 255 0 0 0 255 0 114 0 255 255 255 0 0 0 57 255 0 255 0 255 0 255
    147 104 142 255 0 255 0 0 255 255 255 197 0 0 0 188 244 255 0 0 37
    255 255 255 0 82 255 255 0 255 0 0 0 0 0 0 255 255 255 255 0 255 13
    255 255 255 106 255 0 101 9 255 255 0 0 90 255 255 0 255 84 255 70
    255 0 24 0 202 255 0 0 0 255 228 255 255 0 255 0 255 0 0 255 0 0 118
    0 255 255 42 0 255 255 255 91 0 255 255 255 0 0 0 25 255 255 0 0 0
    255 255 0 255 245 255 255 255 255 0 255 0 255 0 255 0 0 255 255 255
    0 0 255 255 248 255 255 0 120 0 255 99 0 0 0 255 250 255 0 0 255 0
    239 0 0 0 255 255 255 255 73 0 0 0 255 170 255 173 225 214 0 0 0 255
    0 0 152 255 255 131 255 0 255 0 0 54 255 255 255 0 0 255 0 255 255 0
    0 145 255 255 255 0 255 181 0 255 255 0 255 0 0 0 0 255 255 248 0 0
    255 255 0 0 255 0 0 255 255 0 255 0 154 0 255 0 140 0 255 255 0 255
    255 0 0 66 0 255 215 255 165 255 0 255 255 255 0 255 165 20 255 255
    0 255 129 76 246 0 255 0 255 198 108 0 0 0 255 255 255 255 0 255 0 0
    0 255 92 255 0 32 36 80 0 0 255 255 0 0 0 226 0 255 0 255 255 255
    255 0 0 0 255 255 255 0 0 255 104 255 0 142 0 0 121 255 255 0 255
    255 113 0 0 255 255 255 255 255 255 0 0 0 255 255 0 83 255 255 33 82
    127 0 0 255 0 0 255 0 255 0 255 0 255 0 255 0 0 0 62 255 0 0 0 0 143
    255 0 134 0 171 0 255 0 0 255 255 202 255 0 63 255 0 255 116 255 0 0
    0 0 4 0 255 255 0 0 0 0 240 255 255 2 0 0 205 0 0 255 255 255 222
    255 101 0 255 29 0 0 0 0 0 0 255 0 255 255 255 0 0 255 255 255 255 0
    0 122 119 255 0 0 0 0 0 255 255 241 0 198 88 0 190 255 229 24 69 0 0
    0 255 234 17 0 255 255 0 0 216 0 130 36 0 255 17 255 0 3 0 255 255
    255 255 255 0 0 0 0 0 0 255 255 255 0 0 255 255 69 224 0 255 118 59
    0 255 0 255 255 0 0 255 255 74 255 249 205 0 0 0 255 255 0 122 255 0
    0 248 0 0 0 255 255 255 0 0 208 255 0 0 191 0 255 255 255 0 215 0
    255 255 0 255 255 165 0 255 158 0 159 73 255 255 255 0 243 255 0 0 0
    255 157 255 106 0 0 125 113 0 255 0 255 0 175 198 255 255 255 255
    255 0 0 0 255 0 189 75 169 0 254 234 204 255 0 191 0 0 255 0 255 0
    255 255 39 0 255 255 255 49 255 0 0 200 255 0 0 0 255 156 0 0 255
    133 255 10 255 0 0 0 255 0 33 255 160 255 197 255 189 39 0 70 0 0
    255 255 255 0 111 255 255 255 255 255 0 0 0 0 255 0 255 144 0 4 0 0
    0 255 0 255 0 255 0 125 38 0 255 117 255 105 255 38 0 0 0 0 0 255
    255 255 0 0 255 255 8 96 255 107 255 192 255 0 255 0 255 96 28 255
    255 255 255 0 255 31 255 255 138 0 51 0 0 255 0 255 0 0 0 178 0 239
    255 255 255 255 0 125 0 255 255 255 0 0 0 255 62 255 0 0 255 255 73
    0 255 199 0 0 255 0 104 0 255 255 185 0 44 0 255 103 255 255 255 42
    0 0 255 0 255 0 127 0 0 255 0 118 0 255 0 255 255 0 255 0 255 0 255
    0 255 0 0 0 255 255 0 255 198 255 0 0 255 182 0 0 0 255 255 217 33 0
    0 0 255 7 255 0 255 0 0 255 255 255 0 255 0 182 163 0 0 0 0 255 255
    255 0 255 0 255 20 255 255 255 0 0 255 0 0 0 255 0 255 60 0 255 35
    108 10 255 255 156 0 0 255 0 255 0 212 0 0 255 0 0 0 0 255 0 0 0 255
    129 255 255 255 0 0 247 0 137 255 255 255 131 0 0 255 255 255 255
    255 255 103 0 0 255 0 255 0 199 255 0 0 255 69 255 0 0 255 255 255 0
    255 0 0 0 255 255 0 49 0 255 0 255 0 255 255 255 0 0 0 255 0 0 0 0
    255 255 255 0 224 0 255 138 31 0 255 138 0 167 0 70 255 255 0 0 0
    255 40 255 255 0 0 255 0 0 0 255 255 20 0 0 255 255 255 52 255 255 0
    0 255 181 252 255 128 255 255 0 0 255 255 0 255 0 202 0 255 255 255
    255 77 0 0 0 198 255 255 0 0 0 255 3 171 0 155 0 0 255 255 255 0 0
    246 255 255 0 0 0 255 255 0 255 0 255 233 255 238 255 0 0 255 255
    255 0 207 118 0 255 0 255 0 0 255 255 0 0 255 0 255 118 255 0 42 255
    255 0 0 255 255 255 255 0 255 0 0 0 54 255 206 0 0 0 0 255 0 0 166
    255 255 0 255 255 255 0 255 255 162 255 0 125 0 255 38 255 255 0 190
    0 255 255 0 255 0 255 255 255 255 0 242 255 255 16 0 146 255 0 255 0
    255 0 0 55 0 0 149 255 255 109 255 0 236 255 0 0 76 255 0 0 154 255
    16 255 255 255 0 0 0 0 255 255 255 0 0 255 255 199 255 0 255 255 255
    0 0 255 255 0 255 0 255 0 0 0 255 255 150 41 255 174 255 247 255 0
    255 255 255 255 0 0 255 255 0 0 255 0 255 0 255 0 116 222 201 68 0 0
    221 24 0 255 165 255 0 255 255 255 0 255 0 33 0 255 0 255 255 255
    255 122 255 46 0 0 255 255 43 255 255 255 0 255 255 0 255 0 0 255 86
    255 0 0 0 255 255 0 255 0 0 0 255 0 255 0 35 255 255 255 255 37 0 0
    255 58 255 255 0 0 0 255 255 0 255 255 255 0 0 0 255 0 255 255 45 0
    0 255 219 217 21 42 0 255 0 0 255 5 0 209 255 255 109 0 0 255 255
    255 0 255 0 255 255 255 0 64 0 127 0 0 0 255 0 255 157 148 0 255 255
    10 255 192 255 0 255 255 255 255 0 0 0 0 255 5 0 0 0 0 255 255 255 0
    0 0 0 255 0 255 0 55 0 255 0 114 255 255 213 151 255 0 255 42 0 0
    255 0 255 94 153 0 255 255 0 0 196 106 255 0 0 0 85 23 87 255 255
    255 255 0 0 0 63 255 255 0 53 0 255 0 255 255 181 255 0 255 0 255 91
    18 0 255 255 255 0 255 0 0 0 0 183 255 255 73 255 255 0 126 0 92 5 0
    13 255 255 255 0 189 255 0 0 0 0 117 236 0 0 0 255 255 120 255 0 7
    81 72 255 255 255 0 255 57 137 0 0 0 255 255 139 255 68 255 0 55 229
    0 245 255 255 255 255 255 0 0 255 204 100 228 0 255 0 24 0 199 0 255
    0 255 255 0 0 0 255 0 121 0 255 255 255 0 255 0 255 255 255 0 0 0
    255 255 83 0 255 255 180 0 94 227 255 255 157 255 0 0 0 255 215 0 15
    0 105 255 255 255 0 0 0 255 0 134 0 57 136 255 255 255 255 255 18 0
    67 0 255 0 0 255 255 0 0 0 255 19 0 0 255 0 255 0 144 230 255 255
    255 255 255 0 0 255 0 255 0 255 255 0 0 255 255 255 255 0 0 0 255
    255 231 236 255 255 0 255 152 255 255 255 18 0 0 255 255 0 0 68 255
    0 162 255 255 76 0 251 255 255 0 0 0 255 0 255 249 0 111 255 255 255
    255 0 0 255 255 0 255 146 191 0 0 255 255 203 0 30 255 255 0 0 85 0
    255 255 0 0 255 0 255 0 67 0 255 156 0 200 163 255 0 0 0 255 131 99
    255 255 255 59 203 0 0 0 205 255 0 255 255 255 13 0 0 255 0 0 0 0 0
    255 255 0 0 117 255 255 0 0 0 112 255 0 255 0 90 0 255 0 0 0 0 255 0
    0 0 0 0 255 0 255 0 255 39 125 61 0 105 0 0 255 255 6 255 0 255 0
    255 0 0 160 69 0 0 0 31 255 255 255 255 24 0 116 0 166 23 0 255 38
    96 0 0 255 255 255 0 0 0 156 255 255 255 0 0 0 0 255 0 255 255 255 0
    216 0 255 0 255 0 255 221 0 255 205 255 255 0 225 255 88 255 255 255
    0 213 255 123 255 0 24 0 85 0 0 0 255 0 255 255 255 0 14 1 0 0 255
    255 0 254 0 0 255 0 0 0 255 255 255 255 63 0 0 0 255 0 255 0 255 235
    0 0 151 255 255 255 255 255 255 255 0 154 255 110 43 0 255 255 0 0 0
    255 0 255 0 255 255 0 192 0 188 255 139 194 0 255 255 255 0 0 0 0
    255 0 255 255 0 0 255 255 0 0 255 0 255 255 0 255 245 255 0 0 255 0
    11 0 255 0 0 0 0 0 0 0 255 255 255 192 0 245 255 37 0 255 255 255 0
    0 0 0 255 0 255 0 0 0 255 255 41 0 0 255 0 255 255 166 0 0 0 255 0 0
    0 0 255 0 0 182 0 255 0 0 0 255 255 0 83 0 0 29 255 255 255 121 255
    255 0 49 148 245 174 25 255 181 255 0 0 255 41 255 0 0 0 103 255 0 0
    0 114 255 255 255 255 0 0 0 0 122 255 255 255 0 0 0 255 255 187 0 0
    255 255 255 0 255 171 255 255 255 255 0 0 0 217 255 255 0 0 0 255
    255 0 0 216 99 255 0 0 255 255 65 255 255 0 239 255 255 0 0 102 255
    255 255 0 0 161 0 186 0 0 255 255 255 255 0 255 55 0 251 0 255 0 0 0
    255 0 255 0 0 255 171 255 0 0 190 0 0 0 203 255 78 214 0 16 255 255
    255 255 0 0 140 255 255 0 0 14 12 255 173 255 0 255 0 255 0 255 255
    0 0 61 0 255 255 185 0 213 255 0 255 0 255 0 0 234 255 0 255 145 0
    39 255 255 0 0 0 15 255 255 255 157 255 90 129 204 255 0 61 255 255
    255 0 255 32 255 0 0 255 255 221 11 46 0 0 39 255 255 156 0 0 255
    255 255 255 255 0 2 110 0 34 247 255 255 255 0 0 255 83 255 0 0 0
    255 255 255 0 0 0 255 0 0 0 0 0 202 0 95 255 255 130 255 0 0 0 255
    118 0 0 255 255 204 255 255 0 0 255 255 255 255 70 255 0 255 0 0 0
    255 180 255 255 133 88 0 0 0 0 255 0 255 0 0 255 0 255 193 0 0 255
    165 244 0 191 50 255 0 255 255 0 0 0 255 174 0 255 22 255 0 0 0 255
    72 0 255 255 255 0 0 98 255 255 149 0 255 255 255 0 255 0 255 241
    245 255 0 0 0 0 255 255 255 255 0 0 0 255 255 126 0 103 0 255 255
    239 0 255 50 255 0 0 255 125 199 0 255 175 255 0 246 0 255 0 117 255
    255 255 0 0 0 255 0 255 1 0 0 0 255 0 0 0 255 227 231 0 0 255 255 0
    255 86 0 0 255 50 0 0 203 0 255 66 255 182 0 0 255 248 255 194 249
    34 255 177 0 255 0 255 255 255 255 0 255 0 72 136 0 0 255 255 255 0
    0 0 203 46 255 0 255 255 255 0 0 138 0 255 255 255 0 255 0 255 255
    255 255 255 42 0 0 255 0 0 0 255 255 255 0 0 255 190 0 255 20 255 44
    0 0 0 255 255 255 255 255 0 0 0 0 255 0 255 0 255 134 255 0 255 0
    255 255 255 0 0 186 255 255 255 0 255 0 69 255 255 255 212 255 0 61
    0 255 255 255 255 183 0 98 163 104 93 0 0 255 255 255 0 109 255 250
    0 0 0 255 0 255 0 255 0 255 255 255 65 0 0 0 255 0 0 255 255 0 0 3
    19 255 206 23 0 0 184 255 0 255 255 255 0 255 255 0 255 214 255 0
    255 0 80 0 0 0 255 255 76 255 255 255 0 0 0 255 0 255 98 255 18 0 0
    0 255 0 255 0 255 22 201 175 0 255 255 108 0 0 255 0 255 255 141 0 0
    0 255 255 255 0 158 0 255 255 0 0 210 255 0 121 169 0 0 255 89 169
    255 199 255 0 0 246 25 173 0 0 255 0 255 255 0 37 255 255 255 255 0
    0 255 255 103 0 255 0 248 0 255 0 0 0 0 255 255 255 75 69 0 0 185
    255 222 255 0 255 0 255 0 255 0 0 255 255 255 0 232 245 16 0 0 0 200
    57 255 255 0 255 0 160 255 255 0 255 169 255 255 255 255 0 255 255
    255 0 0 0 0 0 0 0 255 255 255 255 0 25 0 255 255 255 0 57 0 255 255
    255 54 255 129 0 242 255 255 255 77 255 0 255 0 255 0 96 255 255 255
    255 255 0 255 0 255 255 2 102 0 255 149 69 0 255 255 255 0 255 0 255
    89 255 0 0 255 232 255 0 0 0 255 255 255 255 255 255 255 0 170 255
    255 0 174 244 255 24 0 0 104 0 0 0 255 112 0 236 255 255 206 255 0 0
    255 255 255 0 0 255 0 255 164 0 255 0 255 255 0 0 0 255 255 0 70 255
    129 0 255 255 255 0 255 255 0 160 255 255 164 0 0 255 0 255 0 255 0
    255 0 195 0 255 255 0 49 0 201 255 69 255 0 255 0 255 0 255 0 38 255
    0 255 137 99 0 0 255 255 255 104 255 0 255 0 0 255 255 128 55 250
    255 97 0 255 252 255 211 0 255 0 255 255 255 255 104 0 0 255 255 255
    0 0 12 255 0 108 255 0 0 0 92 255 255 255 0 255 255 0 255 255 255 0
    0 0 242 224 0 0 0 255 0 255 0 0 0 255 0 104 166 0 255 255 255 162 0
    255 255 255 0 0 255 255 0 0 0 255 0 0 21 255 0 255 93 213 255 255
    255 0 0 0 255 0 255 255 255 255 0 0 0 255 255 255 0 0 255 255 255
    255 97 0 239 0 255 0 163 0 28 255 255 255 110 0 255 0 0 0 255 255
    255 0 0 0 255 0 255 255 68 0 255 255 0 0 76 72 32 0 0 255 255 84 0
    255 255 0 255 174 0 159 0 205 0 255 255 234 0 255 0 0 255 210 0 122
    0 255 80 255 125 0 255 0 255 255 193 15 255 222 255 0 255 0 0 70 255
    255 255 0 255 0 0 0 255 255 93 0 0 255 0 255 0 194 89 255 212 0 94 0
    0 0 255 255 188 0 0 72 0 248 0 255 255 0 255 86 255 0 255 255 255 0
    255 255 88 0 23 255 255 0 255 0 255 0 255 255 255 0 126 73 0 84 255
    255 0 255 0 0 0 78 0 255 0 185 255 0 255 0 255 116 0 46 255 0 136 0
    98 0 25 0 255 255 108 119 255 0 0 255 255 33 0 0 255 255 255 0 0 16
    255 255 134 255 255 121 0 255 0 255 64 78 0 255 255 88 0 0 255 255
    255 0 0 0 255 255 134 0 188 255 0 255 255 255 0 0 0 130 255 58 255 0
    255 0 255 0 255 0 255 255 0 255 0 255 0 43 255 0 255 234 255 0 0 0
    255 255 0 0 0 255 255 255 191 255 255 255 255 0 9 0 0 0 255 255 255
    72 94 0 0 0 255 255 255 255 255 255 126 0 0 255 255 0 255 178 255 0
    255 255 255 255 0 255 255 13 54 0 99 13 255 0 255 0 255 0 0 0 0 255
    255 0 0 255 0 0 0 39 255 153 30 0 255 0 0 10 255 255 255 0 255 0 255
    0 255 137 255 0 238 16 0 126 255 255 255 0 0 0 18 0 0 255 255 19 255
    255 0 0 0 32 224 255 255 255 0 180 255 255 0 0 0 255 0 0 255 139 0 0
    255 255 255 255 255 0 131 0 0 0 0 0 0 0 255 235 255 255 255 190 255
    0 0 0 85 255 255 255 255 255 0 0 0 176 0 255 0 255 0 255 255 255 0
    255 74 255 255 0 26 0 255 0 148 0 255 255 255 0 0 246 0 255 92 255
    255 0 0 255 255 0 255 0 198 144 255 255 255 0 175 0 255 0 255 255
    255 255 0 0 255 255 137 0 0 0 0 255 208 255 104 255 0 211 179 158
    255 0 0 0 255 0 255 255 255 0 255 255 255 180 0 0 0 0 88 0 255 0 130
    255 0 0 143 232 255 255 0 0 0 255 0 79 97 91 255 37 255 123 128 0
    186 255 74 0 255 0 46 0 0 0 0 255 255 255 255 255 0 67 0 255 0 255 4
    0 0 0 0 255 0 239 0 255 0 0 255 255 255 119 54 0 0 255 255 255 0 87
    247 255 255 255 0 0 255 255 255 216 0 0 255 0 255 0 255 0 255 0 33
    255 0 255 0 0 0 237 255 156 0 255 0 0 0 255 0 66 255 0 255 0 0 0 255
    115 3 0 26 0 0 0 255 0 181 0 255 255 255 196 0 0 0 205 255 0 0 0 255
    221 255 0 255 0 0 0 0 255 255 236 0 255 0 255 0 181 0 0 0 0 0 255 0
    255 255 255 255 0 0 255 255 255 0 0 255 7 0 0 0 255 0 255 255 0 0 8
    248 255 0 255 0 104 0 0 255 255 0 255 255 0 116 247 0 228 0 255 0
    255 0 255 255 0 255 255 240 0 0 255 255 0 255 0 207 255 149 0 0 255
    0 0 0 255 255 255 0 255 0 255 0 239 185 0 255 255 255 200 255 212 0
    43 82 255 255 255 0 0 0 255 0 255 0 0 255 34 235 255 0 255 255 255 0
    0 156 255 255 255 255 0 255 0 255 0 0 0 0 255 145 255 211 9 0 255 0
    0 0 255 173 255 0 228 255 255 54 207 0 255 157 255 0 0 0 255 255 0
    255 0 255 0 197 0 255 255 255 255 0 130 0 0 255 112 0 117 0 255 0 79
    0 247 255 0 55 205 0 0 161 0 255 255 255 0 0 0 255 255 0 0 0 255 0
    186 255 40 0 0 156 0 255 22 255 255 255 0 171 255 255 66 255 7 255
    205 190 0 0 0 32 255 255 211 0 225 0 255 0 0 255 255 255 0 0 255 33
    255 0 37 0 0 0 255 95 104 0 0 255 232 0 125 255 255 255 0 0 0 0 195
    255 32 0 0 0 255 255 0 0 0 255 0 255 255 255 190 255 255 0 255 0 255
    255 0 0 0 146 0 255 0 192 90 255 0 255 255 0 164 42 255 255 198 0 0
    255 255 201 255 0 255 0 255 0 255 255 255 0 0 255 255 255 255 0 0 0
    0 0 148 0 255 241 255 255 255 0 0 105 240 255 255 229 222 0 255 213
    0 255 0 139 255 0 0 255 0 155 163 255 0 255 0 0 39 255 255 41 0 242
    0 0 255 255 255 0 0 255 255 124 0 0 0 255 255 255 0 255 255 0 255
    255 255 0 0 255 0 255 0 1 51 0 105 128 255 255 255 255 77 0 255 188
    255 255 0 255 0 0 0 0 255 255 255 0 0 175 255 0 118 255 255 0 0 0
    113 0 109 255 255 0 113 36 255 0 255 0 92 79 0 0 255 255 244 255 255
    255 255 255 113 255 0 255 0 255 255 255 255 0 0 212 42 0 0 0 0 0 68
    255 255 0 0 255 255 160 0 0 250 0 0 0 250 224 83 234 255 255 0 0 255
    0 6 0 0 150 255 255 0 255 93 0 0 0 255 255 20 138 39 255 0 255 0 255
    29 255 0 134 255 255 0 0 0 0 255 255 255 255 255 255 0 3 204 255 0
    255 0 0 0 0 132 255 0 255 0 0 255 111 255 99 0 0 255 255 255 0 65
    255 0 255 0 255 0 0 255 0 255 33 255 147 45 0 0 0 255 255 255 0 0
    255 255 255 0 0 0 255 0 255 0 109 115 255 0 255 57 0 0 0 255 105 255
    119 160 0 255 0 0 0 0 0 0 255 0 255 76 255 0 0 0 232 0 48 255 0 255
    255 255 255 0 62 255 255 255 255 0 0 29 255 255 255 122 0 0 255 0
    255 174 255 0 209 255 255 255 0 0 255 255 0 0 255 255 255 0 255 106
    0 193 82 62 94 0 0 0 155 231 0 0 0 191 255 255 144 255 0 255 0 0 0
    255 0 172 192 255 255 255 84 0 0 0 255 33 253 0 176 255 255 0 0 252
    58 125 0 255 255 0 255 197 255 0 0 0 179 255 255 0 0 84 255 255 255
    1 255 255 0 255 255 255 0 0 0 255 0 156 255 0 64 0 255 120 163 0 0 0
    0 255 255 255 0 0 64 0 255 226 255 255 0 255 255 0 0 255 255 255 0
    255 0 255 177 17 0 0 255 255 255 255 181 0 0 0 255 255 255 103 0 0 0
    255 17 61 116 0 255 0 255 0 0 0 255 174 255 255 235 0 0 0 235 188
    187 0 149 255 112 101 0 0 255 138 255 255 255 0 0 168 255 255 255 0
    0 0 255 255 0 16 0 0 0 255 255 255 0 0 111 192 255 255 255 255 134
    255 0 255 0 255 148 255 0 255 0 75 197 0 211 32 0 214 139 255 0 255
    0 0 0 0 255 255 255 0 0 0 255 0 0 255 191 255 196 0 0 139 248 255
    255 255 0 255 188 255 255 255 255 0 0 255 0 255 0 180 201 255 0 0 0
    255 255 244 255 255 102 11 255 255 255 0 43 19 0 160 0 255 0 0 0 255
    67 0 0 0 255 255 255 28 180 0 255 0 0 0 255 0 127 255 255 0 65 0 0
    255 255 0 0 8 0 0 255 0 131 0 255 255 255 0 62 0 255 229 0 255 0 0 0
    255 255 255 124 0 0 232 0 255 255 255 0 0 255 28 0 0 0 255 255 255
    105 232 0 255 0 0 0 255 101 0 247 0 0 0 255 255 255 255 0 255 0 255
    0 255 0 49 0 214 0 0 0 0 0 0 255 105 0 255 255 255 0 155 255 0 255 0
    0 255 255 255 0 0 255 173 255 0 0 14 0 0 255 0 0 255 128 255 51 0 0
    146 201 0 255 3 0 133 0 5 93 0 255 0 255 0 0 0 255 255 88 0 255 0
    255 255 255 0 0 212 255 255 255 0 0 255 255 255 0 255 129 255 0 255
    255 255 0 0 0 255 83 255 255 200 255 0 0 41 0 255 0 238 0 255 144
    255 0 0 57 255 0 0 255 255 0 0 0 87 255 255 255 4 255 13 141 93 0
    195 255 255 179 0 66 0 0 255 8 255 255 255 0 0 255 0 0 6 0 0 56 255
    0 0 0 0 255 255 0 255 0 0 180 255 255 0 0 0 0 0 255 0 255 0 0 0 0 0
    255 255 72 0 0 255 255 255 211 0 0 37 255 255 255 0 120 86 255 0 255
    0 22 0 255 255 0 0 255 255 0 0 0 255 255 178 255 0 0 255 255 255 0
    255 255 255 243 147 255 0 255 74 255 255 255 0 255 126 151 255 0 255
    0 255 0 255 5 0 44 255 0 255 0 255 251 255 0 0 0 255 255 0 26 0 0
    255 48 0 0 168 255 255 255 255 255 255 0 0 0 0 255 51 255 66 242 43
    0 255 0 255 146 3 255 0 255 255 255 0 255 0 226 255 255 162 255 255
    255 0 0 177 0 0 255 9 255 0 255 255 255 255 0 0 0 0 255 12 255 240
    255 255 255 0 109 255 168 40 43 0 255 255 255 0 255 255 0 0 0 0 255
    255 255 0 0 255 135 255 255 0 23 248 0 255 0 182 0 255 0 255 255 0 0
    255 0 0 255 0 255 255 251 0 0 65 0 255 0 217 0 255 222 0 191 0 255 0
    232 0 0 181 255 255 0 0 76 182 255 0 0 255 0 255 20 255 244 0 88 255
    255 0 255 0 255 0 0 211 0 255 0 0 0 255 255 255 0 0 0 255 255 0 153
    0 255 0 255 255 0 0 0 255 110 0 255 255 255 255 51 0 0 255 255 255
    255 0 16 255 142 0 255 0 0 255 255 255 255 255 165 176 0 255 0 217 0
    0 0 0 0 6 255 255 0 0 0 136 0 0 0 255 0 255 98 255 0 0 0 117 248 255
    0 0 0 255 255 255 255 0 255 0 255 0 255 255 255 0 255 102 228 255
    158 0 224 255 255 214 255 0 180 0 255 255 255 86 0 253 255 0 0 0 255
    255 107 0 0 255 0 215 0 254 0 255 0 13 255 111 255 255 0 255 0 255 0
    255 255 255 0 115 255 0 255 198 255 134 0 255 255 255 0 0 255 255 0
    0 0 101 255 65 0 10 0 255 131 136 0 0 139 255 0 0 0 255 0 0 255 16
    255 7 0 255 119 0 0 21 255 218 0 255 69 79 0 255 255 255 0 0 56 233
    0 0 255 255 255 0 0 255 215 255 255 0 255 255 255 0 0 0 255 255 255
    255 178 0 0 255 255 0 255 0 255 255 28 0 204 255 255 0 0 255 0 255
    178 255 0 17 0 255 255 0 0 170 255 255 255 255 0 0 185 255 0 212 96
    0 255 0 48 0 0 255 255 255 205 255 0 0 0 0 0 146 255 208 178 169 255
    0 0 255 0 0 255 0 255 255 255 0 15 0 0 0 255 255 255 255 147 0 0 0
    255 255 0 0 167 255 255 255 255 255 139 0 0 0 129 146 1 0 20 0 255 0
    255 156 211 0 0 0 255 100 0 0 0 255 255 255 255 241 255 0 0 255 34
    24 0 168 0 255 255 0 255 56 0 255 0 255 0 255 81 0 0 255 255 255 0 0
    255 255 255 255 255 0 249 255 0 1 0 255 68 0 0 255 255 255 122 255
    255 0 255 255 255 0 0 255 255 255 0 255 0 255 0 255 0 230 0 255 0
    132 255 255 224 0 255 0 0 14 255 255 0 255 0 255 0 255 0 128 177 255
    119 0 148 0 255 89 234 22 255 255 46 102 17 255 255 178 255 0 0 0
    148 255 240 0 0 255 255 146 255 49 0 0 219 0 0 255 120 255 255 255
    13 0 255 255 255 0 251 255 0 255 0 0 255 0 71 98 255 0 255 255 0 0
    144 0 255 255 255 244 255 129 192 255 114 0 24 255 0 255 253 255 0 0
    255 255 0 0 255 255 255 192 0 255 77 0 0 105 253 123 0 0 105 0 184
    255 255 0 164 0 255 47 255 0 0 255 0 255 0 255 243 255 107 40 0 0 0
    0 255 255 252 255 0 0 0 255 134 0 0 0 255 255 255 0 255 0 255 0 0 0
    255 0 255 0 255 10 0 0 255 255 255 191 255 255 255 0 0 255 215 255 0
    0 59 255 255 0 173 0 255 0 0 0 0 255 255 28 254 0 255 0 255 0 0 132
    0 156 0 255 255 255 0 0 0 103 255 255 255 0 255 0 0 255 255 139 255
    255 0 0 0 0 255 255 255 255 0 255 255 255 0 0 37 255 0 0 0 0 255 255
    0 0 0 255 200 0 255 136 255 2 0 0 0 255 98 159 0 0 0 255 51 255 255
    0 0 0 0 255 0 255 0 255 231 0 255 255 255 255 0 0 0 0 55 0 255 255
    255 255 255 47 0 255 0 255 0 255 255 152 255 50 0 0 226 186 56 0 255
    255 255 0 255 0 255 36 255 152 255 255 255 163 0 255 255 49 255 0
    255 0 172 0 0 0 255 201 255 167 255 255 0 234 0 255 253 255 73 255 0
    185 191 0 185 0 178 196 255 0 255 255 255 94 255 0 0 255 0 0 0 60
    255 0 0 0 251 235 159 0 255 0 0 0 0 255 125 255 255 255 255 41 0 0
    200 90 255 0 209 255 255 188 255 3 0 0 255 212 255 0 255 255 0 255 0
    255 0 0 88 0 135 42 9 255 255 0 0 0 255 0 255 0 60 255 0 0 255 255 0
    0 255 255 158 0 35 0 0 0 0 255 255 255 233 0 255 255 255 255 255 0 0
    0 255 255 255 0 0 200 255 0 255 0 0 0 255 255 255 64 255 255 255 0
    255 0 0 0 170 0 0 0 255 0 0 255 241 170 0 255 255 255 0 0 255 0 255
    255 255 0 0 0 255 255 254 0 6 255 255 0 0 0 255 255 255 255 0 244 0
    0 255 0 255 0 255 0 0 0 255 255 20 214 255 100 71 0 255 255 255 0
    106 0 0 131 255 68 0 0 0 0 202 255 255 0 0 255 130 0 0 255 15 255
    132 222 255 255 0 0 0 255 255 255 0 255 0 112 0 143 255 0 0 96 255 0
    0 62 255 146 255 255 0 0 255 102 214 0 0 255 159 255 255 0 255 0 255
    255 255 216 255 255 154 255 255 0 0 154 255 202 255 0 0 0 0 255 255
    0 9 0 0 191 255 255 255 0 125 255 255 200 0 0 0 48 0 255 255 255 97
    255 255 255 167 255 255 0 0 0 0 255 77 255 0 0 0 255 91 255 255 255
    255 0 255 0 255 127 0 0 255 255 0 0 0 0 255 63 0 255 255 255 133 255
    0 255 0 0 0 255 255 255 255 0 255 0 0 0 255 255 0 0 255 255 255 255
    0 0 0 255 255 255 18 255 255 0 0 0 255 255 215 0 0 0 118 255 103 255
    255 255 89 0 0 0 0 60 255 255 255 0 255 0 255 0 0 0 0 255 255 51 255
    37 255 0 0 187 255 203 0 255 255 0 255 119 255 77 0 190 32 144 255
    255 83 0 0 0 0 255 0 255 0 255 255 255 0 255 255 30 176 255 0 255 0
    0 0 255 255 201 0 255 0 66 0 255 0 255 0 255 0 0 255 0 255 0 146 0
    255 255 255 255 0 0 92 0 255 0 255 255 165 255 0 175 0 0 0 83 0 0
    255 255 90 0 0 236 112 255 255 0 26 255 255 140 0 0 0 0 61 255 255
    241 179 255 124 0 193 0 0 0 255 78 0 0 255 0 95 0 229 0 255 0 255
    214 255 0 0 0 0 255 0 0 21 255 255 0 255 0 14 0 0 241 0 255 255 255
    0 0 0 209 255 0 255 255 0 0 255 18 255 0 0 255 255 0 0 25 0 255 97
    255 75 0 0 0 255 0 255 255 215 0 255 213 255 0 255 0 103 0 255 255
    255 0 88 255 255 0 0 85 0 0 93 255 255 130 0 0 255 255 0 228 0 255
    255 0 0 255 92 0 0 0 3 255 255 0 92 255 255 255 255 0 0 228 255 0
    255 0 255 133 255 0 0 0 0 0 255 255 255 119 0 0 0 255 255 255 255 0
    0 255 11 255 0 0 0 0 255 85 198 0 255 0 255 0 0 0 255 0 9 54 0 0 0
    255 255 0 0 24 255 58 0 0 255 173 255 228 201 0 0 255 0 189 0 0 97
    255 255 255 22 115 0 205 224 255 255 0 177 255 255 255 0 255 0 230 6
    255 0 0 0 255 155 255 0 255 255 255 94 0 255 0 255 0 0 255 255 255
    137 0 0 0 0 255 255 0 90 0 255 203 255 0 255 0 255 223 0 0 181 247
    255 255 187 0 176 255 11 0 93 0 255 9 255 0 255 0 0 0 113 255 0 255
    255 255 0 255 0 0 0 0 19 255 0 163 255 0 0 0 0 73 0 255 0 0 0 255
    255 255 0 255 0 255 0 255 0 255 0 255 0 255 76 255 255 91 255 255 0
    0 57 255 255 0 200 0 255 3 255 255 255 108 0 255 28 255 0 211 0 0
    255 255 255 0 0 255 0 0 135 255 255 255 0 112 0 192 0 255 37 147 0 0
    0 255 104 255 0 0 0 255 0 255 37 172 255 0 0 0 255 255 0 0 0 230 0
    168 0 255 0 255 255 255 0 234 104 0 159 0 130 156 0 37 255 0 0 0 255
    0 0 0 172 255 7 27 0 255 0 228 0 0 255 141 0 255 255 212 0 0 0 255
    43 255 56 0 255 27 255 255 0 255 255 0 255 255 255 78 247 0 0 195
    255 0 0 255 0 131 255 0 0 0 255 255 255 0 231 0 255 255 165 0 77 255
    128 87 0 0 255 0 0 0 255 0 172 255 255 0 248 0 255 255 0 71 0 0 255
    0 0 0 0 0 255 255 255 255 255 0 0 255 255 85 188 255 255 213 137 255
    0 255 255 255 0 0 255 255 255 0 0 0 0 5 255 255 255 120 0 0 0 0 0 0
    255 255 255 204 250 215 255 71 255 0 17 0 0 255 255 255 36 0 176 255
    231 207 0 0 255 255 0 0 155 255 255 0 255 255 255 0 0 255 255 0 0 0
    255 255 0 0 0 0 0 89 0 0 255 255 0 187 91 255 162 0 109 255 143 0
    255 255 215 0 139 0 255 255 255 0 0 255 255 255 94 224 0 0 159 255
    255 0 154 255 255 255 255 0 255 0 255 0 255 0 213 255 255 0 0 167
    168 255 0 255 0 255 19 0 225 211 167 255 0 255 0 255 0 255 255 255 0
    60 0 0 0 255 255 0 255 0 255 0 162 97 0 255 179 255 239 0 139 0 255
    0 0 0 255 0 0 0 0 255 0 72 0 165 185 255 255 0 0 255 0 255 0 255 0
    169 0 0 227 255 30 0 0 255 255 255 255 0 146 0 165 255 0 255 255 255
    0 255 255 197 255 0 157 0 139 255 255 255 209 0 169 0 255 255 255
    255 0 255 0 68 124 0 188 255 0 0 0 198 221 0 255 213 0 255 255 35 14
    0 255 255 255 0 0 255 255 0 255 242 0 255 255 0 255 255 0 197 248 0
    255 40 83 252 92 0 255 0 255 0 0 255 255 255 255 0 255 0 255 255 0 0
    255 115 0 193 121 255 76 0 255 255 255 255 0 0 255 0 0 0 255 0 0 255
    255 0 0 255 0 33 0 32 0 0 255 255 255 0 171 0 255 0 0 37 95 255 0
    255 255 0 0 255 0 0 0 255 255 255 255 0 0 0 255 255 255 0 255 0 0
    255 255 255 255 255 0 0 225 255 0 0 0 255 0 255 76 255 0 255 255 255
    0 184 0 255 0 255 255 246 0 0 255 255 255 255 0 255 99 0 187 0 255
    136 248 0 0 255 111 0 255 255 255 0 208 198 173 0 0 0 255 223 255
    160 255 255 0 0 255 7 0 79 200 255 0 0 0 0 126 0 255 255 0 0 0 0 0
    11 255 91 255 0 255 255 255 45 20 0 0 255 0 255 255 0 0 0 110 255 0
    0 0 0 105 62 0 58 0 57 255 0 255 255 156 37 0 75 54 255 41 255 0 0 0
    255 0 107 106 255 255 0 240 182 0 0 0 255 129 0 0 220 255 255 255
    255 225 255 101 0 0 0 131 255 255 255 55 255 0 0 0 255 119 0 0 255
    255 255 255 255 0 178 255 0 229 0 255 255 186 255 0 0 0 255 219 241
    0 0 135 0 134 197 255 255 255 0 0 255 255 0 255 255 255 5 255 255
    255 0 0 255 255 255 0 0 0 0 255 255 0 0 255 214 255 0 0 255 155 0 0
    0 255 198 255 15 255 0 255 0 95 255 255 255 10 86 57 255 0 255 255 0
    0 0 255 255 255 0 0 255 255 255 255 0 0 127 0 0 255 255 173 0 0 0
    237 255 0 171 0 255 255 0 93 255 0 255 0 255 0 0 255 255 173 0 0 0
    239 244 255 255 24 0 255 0 255 255 255 0 0 255 255 255 255 0 0 67 0
    0 0 255 0 255 0 255 0 255 0 255 255 74 255 0 111 0 184 255 0 0 0 0
    255 0 255 0 0 0 0 69 0 0 255 38 255 175 255 0 0 0 255 255 255 255 0
    0 255 0 0 255 0 157 255 255 255 255 0 255 255 255 0 0 0 255 0 197
    143 255 255 0 0 0 255 0 0 26 255 255 255 0 0 255 255 255 0 255 0 255
    0 255 255 21 0 255 88 0 16 0 255 255 255 255 0 0 255 0 0 198 255 255
    0 0 107 66 255 0 255 36 255 171 176 255 140 179 0 255 255 255 255
    102 0 0 0 0 255 177 0 0 0 13 189 255 255 255 0 88 255 255 255 0 0 0
    178 255 255 202 255 0 0 159 255 0 30 0 0 0 0 255 0 132 0 255 0 174 0
    255 255 0 255 0 0 255 255 255 246 217 0 30 219 0 0 0 255 255 238 255
    255 255 0 0 0 255 19 255 0 255 216 147 0 255 95 50 0 255 0 255 255
    41 255 217 0 255 255 0 50 8 255 0 44 0 255 0 255 0 0 150 255 255 255
    255 0 255 136 8 0 255 0 255 72 130 0 255 255 95 0 255 255 83 0 255
    213 255 255 255 0 0 255 130 0 0 0 255 255 0 255 129 20 11 248 255
    255 0 0 54 0 0 0 255 255 255 255 0 0 0 255 0 0 53 166 238 255 255
    255 81 0 0 255 255 197 0 0 255 255 0 0 255 0 218 98 255 255 146 0
    255 0 0 65 255 147 71 255 0 255 255 0 0 255 83 0 212 7 255 0 84 0
    255 237 255 0 0 0 0 255 255 255 255 0 0 0 255 255 255 239 255 0 0
    147 255 0 0 131 255 0 255 255 232 255 0 0 255 0 0 0 39 58 255 255
    166 0 0 0 255 0 255 240 255 0 255 0 255 128 255 0 55 255 255 255 0 0
    0 0 255 255 255 0 255 255 91 9 0 0 0 0 0 255 255 255 0 255 255 15 0
    0 0 0 255 255 255 0 255 0 0 255 255 255 0 0 0 78 255 255 255 0 0 255
    167 255 0 255 0 164 0 255 0 0 21 255 255 255 0 0 0 111 255 252 141 0
    255 255 255 0 0 0 255 255 255 255 255 0 255 0 255 255 255 224 255
    255 255 0 0 0 255 255 255 255 255 0 227 255 0 0 255 129 0 0 0 255
    255 255 0 0 0 137 255 0 255 0 255 0 255 0 0 0 255 255 0 110 124 255
    255 0 0 255 27 136 0 0 255 255 255 255 0 255 255 0 255 0 255 183 65
    255 255 201 255 255 255 255 255 0 0 0 175 220 0 0 193 255 255 255 0
    186 0 255 0 153 255 149 0 0 0 255 255 255 0 229 255 60 0 0 0 255 138
    60 0 255 255 160 0 0 255 255 255 0 117 0 241 255 0 255 255 255 0 255
    255 0 67 0 255 184 0 219 0 56 255 245 0 255 255 0 0 255 0 255 0 255
    123 255 0 255 0 255 255 255 0 138 0 0 171 255 255 152 0 45 0 0 255
    169 255 0 0 195 255 0 255 0 4 0 0 255 255 158 255 255 0 0 255 0 255
    0 255 255 255 0 0 176 255 0 255 255 255 0 255 222 255 0 0 255 255
    255 0 0 191 107 255 255 255 255 78 0 255 0 0 0 255 246 180 255 0 255
    0 255 0 255 0 56 0 255 255 253 255 255 0 255 159 255 255 237 255 230
    0 0 85 75 255 135 57 74 255 255 0 255 255 255 0 0 255 255 137 0 0
    255 249 255 0 255 0 255 0 255 236 146 255 0 150 255 0 78 255 0 105 0
    74 0 255 0 131 27 0 255 8 255 0 0 255 200 98 0 255 255 255 255 154
    255 255 0 0 255 0 0 0 0 0 33 255 44 0 0 255 255 255 18 0 255 255 255
    0 126 0 255 0 255 0 0 0 0 255 255 255 255 0 255 0 73 255 0 0 188 95
    0 0 0 0 0 255 0 255 0 0 0 142 255 255 64 0 171 0 0 0 255 255 0 255 0
    146 0 80 0 255 108 0 0 0 255 255 255 135 0 0 255 255 0 255 255 255 0
    0 255 255 92 0 255 255 0 0 0 92 255 255 255 0 255 0 255 255 239 161
    255 0 255 0 255 0 255 255 186 255 255 173 79 0 255 0 255 0 255 0 255
    0 255 0 0 0 0 0 231 0 255 97 255 0 255 0 255 255 0 0 0 255 255 0 0 0
    0 0 255 30 255 0 255 255 60 0 0 0 255 255 255 0 2 0 255 0 255 255
    102 0 255 218 255 96 255 255 204 0 255 208 0 0 0 255 255 255 0 0 0
    164 255 255 0 0 0 255 174 186 0 0 255 0 255 255 255 0 0 0 255 0 255
    78 255 255 0 0 0 0 255 255 255 255 0 255 255 255 255 0 0 0 255 255
    209 255 255 0 0 154 255 255 0 0 0 255 255 255 255 151 0 0 0 255 255
    5 255 255 255 255 97 255 255 0 0 0 0 0 34 255 138 59 0 255 0 0 209 0
    255 255 255 0 0 0 0 255 255 255 0 255 0 0 117 255 255 0 255 0 0 0
    255 255 255 0 251 0 255 128 255 0 0 255 255 0 127 0 255 0 0 0 0 255
    255 0 0 0 255 255 5 255 0 255 255 150 0 0 255 0 0 0 255 255 0 0 0
    199 255 0 0 0 0 255 136 139 0 255 0 255 255 255 0 255 0 122 247 0
    255 255 255 0 0 70 0 187 139 255 255 0 180 0 255 120 255 0 255 104 0
    24 219 0 0 255 255 255 0 255 186 0 0 61 255 255 0 0 0 255 255 255
    255 0 0 0 0 255 255 255 0 0 225 84 216 0 255 255 21 0 157 255 0 0 0
    171 50 255 255 0 0 255 35 255 45 0 5 255 255 61 0 0 255 0 255 0 255
    255 97 0 0 160 0 255 255 255 0 0 0 255 84 190 0 0 255 0 82 0 255 0
    255 0 12 184 0 101 242 0 255 255 0 0 0 255 0 255 255 0 0 0 217 203 0
    165 255 255 255 0 0 0 255 64 0 255 0 255 116 157 255 255 255 222 255
    255 0 0 0 0 0 0 0 0 119 0 255 0 255 0 0 29 0 205 0 0 0 0 255 255 255
    255 255 0 0 0 0 255 163 255 0 216 0 0 244 0 255 255 57 0 0 255 255 0
    255 0 104 0 255 255 255 255 161 0 255 255 0 0 255 21 255 0 255 0 200
    0 255 255 0 0 0 255 255 255 0 147 255 255 255 34 0 0 31 255 255 0 0
    0 0 255 0 255 0 66 0 0 255 0 255 229 255 127 255 255 255 0 0 0 0 255
    0 8 255 240 8 0 255 0 0 0 0 255 255 255 255 255 0 0 0 0 0 255 255 37
    255 93 255 0 255 0 255 255 255 36 255 131 0 0 255 148 171 255 110 0
    0 0 17 137 255 149 255 255 255 0 0 160 255 118 255 0 255 0 255 72
    169 0 0 0 247 255 255 0 0 0 0 0 255 255 255 255 23 255 255 0 56 132
    255 0 255 202 0 167 255 255 0 255 255 255 255 0 255 0 255 255 255
    201 64 255 0 255 0 0 72 0 255 11 0 0 0 0 0 255 255 0 0 255 255 174
    255 255 148 0 0 0 255 0 255 255 255 0 0 255 211 255 0 255 255 0 0 86
    139 255 124 255 0 255 255 174 255 0 0 0 0 0 105 255 26 0 0 255 255
    255 0 0 255 255 255 0 0 0 0 9 255 113 0 0 255 255 0 255 255 255 0
    156 0 0 255 233 0 0 132 255 255 0 255 237 174 255 0 251 0 0 0 255
    255 255 0 0 255 255 255 255 255 0 0 255 255 0 2 0 30 0 0 0 255 255
    255 135 0 0 0 255 255 255 255 39 0 0 255 255 0 2 255 255 0 255 0 213
    19 0 255 255 255 133 201 0 0 255 244 255 0 142 0 0 168 150 255 0 255
    255 255 0 152 160 186 255 0 255 0 0 255 255 255 0 0 255 0 255 0 255
    0 0 255 0 225 255 255 255 0 9 0 255 255 255 210 0 255 255 255 92 0 0
    238 231 255 0 255 255 255 255 99 125 255 0 125 255 255 255 0 255 0 0
    0 255 0 253 191 255 115 0 66 255 255 255 0 0 0 0 255 158 0 0 0 0 75
    255 0 44 0 255 155 0 255 255 75 255 220 255 255 0 0 33 0 0 0 255 255
    72 0 117 0 0 0 0 255 255 0 0 255 255 0 255 201 255 255 255 255 0 255
    0 255 0 0 0 116 0 0 255 255 0 216 0 255 0 255 0 0 255 255 22 0 255
    255 255 26 0 0 255 255 255 255 0 0 0 255 255 255 0 0 255 235 255 2 0
    0 250 255 18 0 0 255 199 255 0 0 159 255 75 0 255 0 255 0 255 0 255
    0 253 255 208 0 255 0 141 255 0 44 0 255 156 0 128 209 255 255 0 255
    194 255 0 0 182 0 255 255 227 174 0 0 0 255 251 255 0 255 255 0 0 0
    143 255 173 0 255 164 255 0 0 88 255 0 255 255 255 0 240 0 255 255 0
    255 63 0 0 255 255 0 0 255 255 0 255 0 255 0 255 0 255 255 0 0 0 0 0
    255 65 93 255 255 255 0 0 255 239 255 0 8 255 255 0 145 0 0 130 255
    255 151 123 0 0 0 255 255 0 0 255 234 218 0 0 144 255 0 203 209 255
    0 255 0 255 41 255 147 252 0 245 0 0 0 255 255 255 129 255 255 0 0 0
    0 255 0 255 255 147 0 253 0 255 255 255 255 255 255 255 255 0 0 0 0
    255 0 0 0 13 0 0 0 255 0 255 255 255 0 226 48 194 255 255 206 0 255
    0 255 255 255 255 0 0 0 255 255 0 0 116 255 228 0 0 255 0 255 255
    255 255 255 0 0 37 0 0 0 255 0 91 113 255 255 0 0 0 0 0 0 255 255
    255 0 0 0 255 0 140 0 255 255 0 0 0 255 63 108 255 255 0 0 255 255 0
    255 255 184 232 0 255 255 0 255 0 0 0 255 255 121 0 0 255 149 255
    255 0 159 255 255 255 0 0 255 255 255 0 0 255 220 0 0 0 10 0 0 93 0
    255 255 172 247 127 255 0 255 205 0 0 0 0 255 0 0 255 255 255 0 255
    34 0 255 0 0 248 255 0 255 255 0 0 0 255 255 0 0 255 93 0 0 0 0 0 15
    0 255 255 255 0 203 109 255 177 0 255 78 255 0 255 255 255 255 0 0
    255 228 255 0 153 0 255 255 255 0 0 255 255 0 0 255 0 0 0 255 255 30
    0 0 255 157 255 255 255 187 255 89 255 0 255 176 176 85 255 36 255 0
    255 255 91 0 0 0 0 0 255 49 255 94 255 0 255 0 0 219 0 255 0 255 0 0
    255 255 97 255 255 150 255 0 0 255 48 182 255 0 156 255 255 255 191
    0 0 0 255 221 255 0 0 43 255 255 0 91 0 0 0 83 255 255 40 255 255
    233 255 169 0 0 0 0 162 87 255 255 46 255 86 255 255 0 255 0 0 89
    255 255 0 0 0 255 255 255 0 255 9 0 0 0 0 255 176 245 0 2 255 255
    255 255 255 0 70 0 0 91 255 0 255 255 0 0 0 247 255 0 0 0 255 205
    255 0 216 0 0 255 255 0 0 255 0 0 0 0 214 255 127 0 10 84 255 255 0
    255 0 255 0 255 0 255 255 0 0 95 221 255 0 3 255 0 58 154 0 150 0 83
    0 40 255 255 255 0 0 0 20 255 0 245 20 180 0 0 255 206 255 239 0 226
    0 255 255 255 205 0 255 84 229 255 255 255 0 0 0 0 0 0 0 0 255 255
    255 33 192 0 0 0 0 255 165 255 255 0 34 0 255 0 0 0 77 255 255 70 0
    114 255 255 0 255 255 36 0 255 104 0 0 0 255 192 0 0 62 185 58 255
    17 255 255 94 255 0 255 255 0 0 235 0 255 0 162 255 255 255 0 0 255
    255 255 0 0 0 21 255 255 255 255 102 0 0 255 255 255 0 0 0 0 255 0
    255 0 255 17 255 219 255 209 255 103 0 0 0 255 255 0 0 142 255 197
    92 0 255 0 255 255 121 255 0 255 0 0 184 255 0 0 255 255 255 0 255 0
    255 255 255 0 255 255 255 117 35 178 0 255 0 37 255 255 255 247 0
    255 0 0 183 0 0 21 38 224 0 0 0 73 255 0 152 0 74 255 0 114 0 119 0
    255 255 136 251 0 255 0 0 255 255 255 0 0 255 27 255 13 255 255 0 0
    0 0 255 85 87 255 255 255 0 255 255 255 255 209 255 255 255 255 58 0
    50 0 255 255 0 234 255 255 0 255 0 255 0 255 138 255 0 255 9 255 0 0
    0 255 255 255 156 255 255 22 255 255 255 0 255 94 255 0 0 0 255 255
    255 0 0 255 255 0 255 255 255 255 255 0 0 0 255 245 255 0 255 0 161
    255 116 0 0 0 0 255 255 255 255 0 0 0 255 255 255 26 0 0 255 255 0 0
    92 0 0 255 0 255 143 255 255 255 255 0 0 255 255 255 0 233 255 0 0 0
    255 255 255 0 255 0 255 37 0 0 58 255 255 238 255 255 0 0 0 255 255
    0 255 0 255 255 255 0 228 0 255 0 255 255 1 0 127 0 255 255 0 0 0
    255 209 255 89 255 0 255 0 0 255 255 255 101 0 0 255 255 250 64 255
    0 255 255 0 0 255 255 255 0 255 0 0 78 219 88 0 255 255 0 0 69 255
    255 255 0 46 0 0 255 255 0 0 37 0 255 255 255 0 67 255 255 255 0 215
    255 255 0 255 223 255 255 0 0 255 0 255 159 0 0 161 68 255 188 0 38
    255 0 255 255 255 0 0 0 0 255 0 255 0 0 0 255 255 255 176 0 0 255
    255 255 255 83 0 255 255 255 0 255 255 255 255 30 0 0 0 0 255 255
    255 0 0 0 0 0 0 0 255 255 255 0 0 0 0 0 0 0 255 0 255 0 97 200 255
    33 0 255 255 255 181 247 0 255 255 0 90 192 255 0 0 255 0 0 255 0
    255 0 90 255 0 200 255 255 255 0 255 189 171 0 0 45 0 250 237 255 0
    236 0 0 103 0 255 255 255 255 0 0 0 255 0 187 0 255 0 0 255 0 0 0
    255 255 255 6 255 0 255 0 0 0 19 255 255 0 255 237 255 0 122 0 0 255
    0 255 16 255 255 255 0 255 0 255 33 0 0 0 255 0 255 255 0 121 0 0
    114 0 255 255 0 0 255 255 255 0 0 0 223 255 0 255 155 255 255 0 255
    255 135 255 0 255 0 255 0 255 73 255 255 0 0 0 255 255 255 20 255 27
    0 255 255 0 255 0 0 0 198 255 255 0 255 0 255 255 0 0 255 194 255
    255 80 255 0 255 0 255 255 0 252 0 0 0 255 0 170 255 255 0 0 17 255
    86 186 0 243 255 255 255 255 255 0 88 247 255 255 157 255 0 0 255
    255 132 152 0 255 255 0 0 80 21 152 255 255 0 248 255 255 0 0 0 0
    255 255 125 149 0 0 101 52 171 219 81 255 255 255 0 255 0 255 0 255
    7 34 0 75 255 255 124 0 0 255 168 0 0 255 129 0 0 255 255 0 255 0 0
    0 108 255 255 0 255 0 255 166 255 255 132 226 219 255 0 255 0 5 38
    255 0 0 0 255 255 178 255 6 0 0 255 255 255 0 255 197 255 0 0 255 0
    255 255 255 255 255 255 0 0 121 0 0 0 255 81 255 0 0 213 0 0 0 0 255
    0 255 0 0 0 0 255 255 0 255 0 255 0 189 0 0 255 221 33 0 0 0 0 0 0 0
    0 255 255 237 255 255 0 255 0 0 0 0 153 135 0 255 173 62 245 188 0
    255 255 0 204 255 0 128 0 0 0 255 255 0 0 0 255 255 132 0 255 0 255
    248 0 255 255 18 255 208 0 255 255 255 76 0 92 255 255 0 97 0 255
    255 0 26 0 114 0 255 0 22 0 0 154 0 255 255 95 255 73 255 0 0 0 0
    255 130 255 0 0 0 255 47 0 0 0 255 154 0 0 255 0 0 255 255 0 255 0
    255 0 229 0 255 196 0 255 255 255 255 0 255 0 255 255 0 0 0 0 0 0
    255 255 177 0 0 198 255 242 255 1 0 255 255 255 0 0 0 0 0 0 255 255
    255 25 0 255 150 0 86 31 255 255 0 0 0 4 0 213 0 255 0 255 0 0 158
    255 255 0 0 0 32 255 0 255 255 255 127 255 255 0 220 0 122 0 255 0
    173 0 255 0 255 0 255 0 0 222 255 255 255 255 0 0 255 0 255 0 174 0
    255 0 0 255 255 255 232 206 0 255 255 255 59 162 114 0 255 255 0 255
    255 255 0 0 242 0 255 0 255 0 255 250 255 0 255 63 0 255 255 255 79
    0 255 0 255 0 0 0 0 0 0 0 0 255 255 255 16 255 0 0 182 255 85 0 255
    153 255 0 255 255 0 0 0 255 0 0 255 255 0 0 255 190 255 255 0 142
    255 0 0 0 255 0 61 0 255 255 255 0 255 0 255 255 255 0 255 0 198 236
    255 0 255 0 255 169 154 197 255 0 255 0 255 0 255 0 255 0 255 198
    255 0 202 255 169 255 0 0 0 212 0 255 255 173 0 255 255 246 0 0 0
    207 188 0 0 255 0 173 0 255 0 0 0 224 255 223 0 0 0 0 185 255 170
    255 255 141 255 0 0 0 255 30 118 60 0 0 250 255 255 42 0 0 255 81 0
    0 0 0 255 0 255 0 15 0 0 47 255 21 255 13 255 255 255 0 0 255 255
    255 255 130 0 0 152 16 255 255 255 255 196 255 0 255 0 40 0 255 255
    255 0 0 0 0 255 255 255 255 0 255 124 255 115 0 0 0 255 255 249 255
    98 0 255 255 255 255 255 0 0 0 255 255 174 0 0 0 0 110 0 255 255 0 0
    0 255 255 12 255 0 28 0 255 255 255 0 255 87 255 81 0 0 82 255 255 0
    0 0 255 255 102 0 106 0 118 0 35 0 255 0 0 255 255 255 0 0 211 0 0 0
    255 0 255 0 255 255 0 255 0 198 255 41 0 255 191 255 0 245 0 255 255
    255 255 164 104 255 255 0 255 0 0 0 255 255 0 0 255 228 255 255 255
    165 0 255 0 255 255 0 0 0 255 255 255 255 176 0 0 0 0 106 176 255 0
    0 0 0 255 255 74 0 239 0 77 255 255 255 0 224 0 255 0 255 0 0 0 0
    255 247 122 0 255 0 0 255 255 255 163 0 255 255 0 255 0 255 13 0 255
    0 255 255 212 0 0 226 120 255 0 0 0 255 255 255 56 182 255 0 255 0 0
    0 255 235 255 237 255 255 255 0 0 0 255 222 0 0 214 255 89 0 0 0 255
    255 255 255 0 0 0 0 138 224 0 255 255 255 0 27 0 237 0 227 194 247 0
    255 0 255 255 0 0 0 255 77 255 0 107 255 0 0 0 0 255 255 142 255 0
    255 109 0 0 0 255 159 0 0 0 192 244 255 255 199 0 0 0 255 236 0 255
    142 255 0 255 255 22 230 0 255 255 255 0 0 255 255 0 255 0 196 0 159
    255 255 255 85 0 0 255 0 209 255 150 107 255 255 0 255 0 0 0 0 255
    255 255 184 255 48 0 115 255 106 255 0 255 255 84 0 255 0 0 0 255
    255 229 255 0 143 0 52 255 0 255 0 255 255 255 0 0 255 255 25 177 2
    0 162 255 0 255 0 255 255 255 11 0 0 255 255 255 0 255 255 0 0 255
    255 255 0 123 0 255 201 0 238 255 255 255 255 255 159 0 0 24 0 0 0
    219 24 255 0 0 0 117 255 0 0 255 255 255 255 0 0 0 0 255 209 255 198
    181 255 255 0 46 0 255 143 255 59 111 255 35 0 255 255 0 71 203 246
    231 0 0 255 177 0 255 0 255 0 131 0 255 0 255 6 0 255 255 255 43 0 0
    255 0 255 0 255 0 255 255 255 255 255 255 0 0 0 174 0 0 84 0 255 81
    0 0 255 130 0 0 0 255 0 225 0 255 0 255 170 111 0 106 0 255 255 255
    255 0 0 0 0 121 0 255 255 199 0 0 0 0 255 0 0 255 0 0 0 255 255 0 0
    0 0 0 0 255 255 0 0 255 255 255 96 255 199 255 255 192 136 0 255 0
    255 0 255 0 255 66 255 174 255 255 152 0 158 255 0 103 0 0 255 255 0
    255 0 0 255 148 221 249 0 0 255 255 255 207 255 255 0 0 0 255 255
    255 126 255 0 0 21 47 255 0 0 0 71 255 0 195 0 0 0 0 255 0 255 94
    255 191 255 0 0 0 0 0 0 255 255 255 255 0 0 0 178 255 255 0 0 0 0 0
    223 107 0 251 255 255 0 255 93 200 0 255 255 0 88 0 255 255 0 255 0
    255 255 255 0 0 0 255 255 255 0 0 0 255 0 239 0 255 255 255 255 0 0
    0 0 255 255 255 255 150 255 0 169 255 22 0 0 0 255 255 255 255 0 0 0
    0 0 255 0 255 40 0 0 255 255 10 50 177 255 0 0 0 0 0 255 255 255 0
    67 255 255 0 0 0 255 0 255 58 255 255 37 255 0 0 255 255 255 255 255
    97 255 0 255 0 255 255 0 0 0 0 255 0 255 255 93 0 255 255 0 255 0
    255 0 0 0 0 255 255 0 0 255 18 115 0 0 255 0 255 0 0 186 0 255 255
    255 0 4 0 0 255 255 255 0 0 255 255 210 255 68 255 0 0 0 255 0 139
    255 0 0 98 255 255 227 0 0 255 255 174 0 31 0 255 255 255 0 255 0 76
    255 190 142 255 210 123 0 255 255 255 0 0 0 255 254 255 255 255 0
    255 0 255 0 128 0 255 255 255 93 2 41 0 0 209 45 255 255 0 0 86 255
    255 0 0 255 255 0 96 255 31 0 255 53 255 239 107 255 255 229 0 0 0
    255 245 22 0 255 255 255 0 255 0 255 0 255 218 127 255 0 211 0 232
    255 255 0 255 69 255 0 255 255 0 94 230 0 0 185 255 255 0 186 0 255
    255 0 0 0 0 91 0 255 0 255 243 255 0 0 0 255 255 44 0 214 140 197
    192 124 0 255 0 255 255 255 0 0 0 255 255 83 0 204 255 0 0 0 0 0 200
    255 0 95 255 113 255 100 255 255 255 255 0 104 0 255 255 148 0 0 0
    255 95 0 0 190 255 0 0 0 255 0 255 255 255 229 0 0 255 255 255 0 255
    0 255 243 160 0 0 255 255 162 255 5 0 0 255 255 154 145 111 255 23
    180 0 21 22 255 0 0 46 166 0 255 0 255 255 0 134 0 98 255 255 0 255
    0 0 0 45 255 255 0 0 255 0 99 0 125 244 54 0 255 110 255 0 0 0 96
    255 0 255 196 0 255 0 255 0 255 255 255 62 255 255 0 0 255 0 255 0
    253 153 0 255 246 255 0 255 0 255 0 255 255 0 0 0 255 254 0 28 255
    64 20 105 255 0 0 255 0 255 0 255 255 0 255 0 255 118 0 0 113 255
    239 0 99 255 0 79 169 255 0 243 255 255 0 0 0 255 0 0 255 0 255 213
    23 217 255 0 255 0 255 0 0 255 38 229 255 0 255 0 255 0 255 164 0 0
    42 0 255 65 255 255 0 0 205 255 189 255 0 0 255 192 0 0 255 5 255
    255 0 255 0 147 255 255 25 0 235 0 0 255 255 169 0 189 0 0 255 0 255
    255 140 0 255 255 255 255 0 255 255 255 209 255 255 0 255 255 255
    147 0 91 0 0 31 0 101 0 255 93 0 0 255 255 255 0 255 0 0 0 0 195 255
    255 0 0 167 255 255 0 0 0 255 255 0 255 255 5 0 255 255 255 0 0 0
    250 0 255 0 255 0 255 255 0 255 255 255 68 0 0 255 0 0 78 0 255 0
    255 0 137 119 255 144 217 255 215 255 0 255 0 255 0 255 107 0 115 0
    230 255 63 7 255 255 0 255 0 255 0 255 0 184 0 255 0 255 0 0 78 255
    255 0 0 255 255 255 255 87 255 0 255 0 0 0 137 68 0 47 0 255 0 255 0
    193 0 250 255 0 0 211 202 117 0 0 0 255 0 255 0 255 42 255 255 255
    255 0 0 255 0 255 255 24 161 255 0 162 0 178 255 134 0 255 127 255 0
    255 255 0 0 255 255 214 255 0 0 0 0 255 255 163 0 0 0 0 255 255 0 0
    0 255 255 222 255 0 255 0 0 0 139 255 255 255 0 255 0 255 0 0 51 0
    255 255 236 255 0 255 151 255 255 231 0 0 0 0 0 0 0 255 255 0 0 0
    255 70 255 0 0 255 0 255 255 0 0 255 0 255 255 76 0 119 0 255 0 255
    0 0 255 255 255 255 0 0 255 255 255 192 91 0 244 255 255 0 229 0 255
    102 0 255 255 255 0 0 255 255 230 0 255 0 255 0 0 255 255 255 214
    255 0 46 0 154 255 0 0 0 39 104 255 0 255 255 30 29 255 186 255 0
    255 178 0 182 0 255 255 255 255 0 0 0 255 255 255 255 0 0 0 0 255
    255 255 255 255 255 0 0 0 0 113 255 0 224 0 207 0 0 255 255 0 255 4
    255 0 196 0 255 0 0 0 217 255 255 255 0 0 0 0 255 0 255 255 255 60
    255 255 255 255 255 0 105 0 0 255 0 0 0 255 255 255 255 255 204 22 0
    255 0 255 0 255 0 136 255 19 27 112 255 177 0 255 168 0 221 0 0 0
    255 0 0 255 255 255 255 184 255 255 247 255 228 0 0 0 255 132 255 0
    255 255 54 92 53 0 0 255 255 255 81 0 157 255 0 0 125 0 0 255 99 255
    0 0 0 0 235 0 255 0 0 0 255 255 255 255 255 255 255 0 5 255 0 0 255
    255 0 0 255 255 65 0 0 255 255 0 255 255 255 0 255 0 95 19 0 0 0 187
    255 185 255 0 255 156 0 0 31 255 0 255 185 0 0 0 255 255 255 255 0 0
    0 100 255 255 0 0 255 255 255 0 0 0 74 255 255 0 255 255 255 210 144
    0 0 255 255 255 255 0 255 227 0 223 52 166 69 255 255 255 255 0 255
    255 85 255 255 0 0 0 0 255 255 255 180 255 115 0 0 0 255 255 0 118 0
    0 73 83 255 0 0 0 0 134 255 79 0 182 255 255 31 158 0 255 0 0 0 186
    255 255 0 0 255 146 255 255 0 255 118 255 0 84 0 0 0 255 255 255 255
    0 105 0 203 7 0 0 0 255 246 255 40 0 0 255 255 255 211 255 255 29 9
    0 0 0 255 0 193 0 0 0 0 255 93 255 0 0 0 255 0 255 0 249 255 0 0 255
    0 255 213 255 255 0 0 0 255 0 0 255 255 171 0 0 0 24 0 255 255 0 0
    205 207 0 0 255 0 0 0 0 255 255 255 0 0 0 255 212 255 255 255 255 0
    255 255 255 114 0 0 255 255 0 249 0 0 255 92 0 255 0 255 255 0 203 0
    255 0 0 0 255 154 255 255 53 252 0 0 255 255 255 0 255 255 0 0 201 0
    255 0 255 255 0 255 0 255 255 255 255 255 255 255 255 0 255 0 255
    236 90 0 255 255 0 0 255 255 0 255 255 255 0 170 0 167 174 255 52 0
    245 255 255 0 255 0 255 0 0 255 255 0 255 185 255 0 91 38 255 100
    255 0 0 0 255 125 255 255 0 0 255 0 255 0 255 0 255 0 255 0 0 0 92
    215 255 14 255 0 255 255 0 0 0 255 255 255 150 0 227 255 130 0 0 255
    255 81 186 255 255 69 0 0 33 255 50 255 255 255 0 255 234 255 0 255
    255 255 0 0 255 0 0 0 255 0 0 0 40 0 255 255 134 0 0 0 43 177 255
    255 0 255 0 255 0 255 255 255 255 0 0 15 255 8 204 0 168 0 79 72 0 0
    0 255 255 255 255 255 0 0 255 53 255 0 0 255 255 255 0 0 0 255 5 255
    0 255 255 0 37 0 114 41 0 0 255 255 255 0 0 0 255 61 255 172 255 0 0
    255 255 255 255 255 0 0 22 255 0 65 0 0 43 0 255 255 199 89 255 0
    142 0 173 0 255 248 255 0 0 0 255 255 255 0 0 77 0 255 0 255 63 131
    0 0 198 0 108 255 255 255 0 0 59 254 255 0 0 193 0 0 255 0 255 0 255
    255 255 0 0 0 0 255 0 1 255 255 255 0 76 255 255 255 0 255 0 9 0 255
    0 255 0 150 0 255 0 67 221 0 0 0 0 0 255 255 198 255 255 86 255 0 77
    63 255 255 0 255 0 103 255 255 255 255 255 0 187 255 209 255 0 158
    142 0 255 0 0 0 0 255 255 255 0 255 255 255 0 255 0 255 255 255 255
    2 255 255 255 0 0 0 112 0 135 0 255 255 255 255 0 0 59 255 52 0 4 0
    0 0 255 255 255 204 0 0 0 255 255 9 23 106 189 0 255 255 9 0 255 255
    0 199 0 168 0 255 255 0 0 0 0 0 0 255 0 117 255 0 0 255 41 255 255
    255 0 0 17 255 255 255 0 25 0 255 255 255 0 233 0 0 0 65 0 255 34 0
    255 0 255 0 255 0 255 0 0 0 251 255 0 0 255 223 255 0 0 0 255 255
    146 255 10 0 255 255 255 21 255 0 164 0 0 244 135 0 0 182 231 255
    218 85 0 0 90 244 0 12 0 137 255 253 0 0 102 0 244 255 255 0 175 255
    0 255 255 73 72 0 146 252 255 0 0 203 0 18 255 255 255 0 0 0 255 118
    167 255 170 255 0 255 43 47 0 255 0 0 255 255 0 255 0 255 0 0 51 161
    222 0 0 0 76 255 0 255 255 255 0 199 255 255 58 115 2 255 255 255 0
    0 255 255 0 18 15 0 255 15 0 92 255 255 0 0 0 255 255 255 255 255
    255 0 0 255 255 255 0 149 255 255 204 255 0 255 255 225 255 0 0 255
    255 255 0 76 0 255 0 0 0 0 255 0 52 205 70 1 255 255 0 19 0 255 0 82
    0 124 255 255 213 255 112 255 255 255 55 0 58 0 255 0 0 255 255 255
    255 255 0 0 255 184 255 0 247 0 255 229 255 182 255 33 0 0 0 0 255
    255 91 231 255 0 17 0 0 255 255 255 0 90 0 255 255 255 0 0 0 255 0
    136 72 0 255 0 179 0 0 255 255 255 0 146 255 255 0 77 0 255 255 255
    255 0 0 0 255 0 0 109 76 184 255 134 0 142 0 255 0 0 240 147 255 255
    255 226 0 255 255 0 231 1 48 255 255 255 255 0 255 0 255 0 157 0 255
    0 0 0 255 255 255 0 255 71 0 255 255 0 0 255 102 0 0 0 255 0 255 0
    255 0 0 0 255 255 0 0 255 0 63 44 255 255 49 255 255 255 0 255 0 255
    255 255 0 76 0 0 130 255 255 255 197 0 0 65 0 255 255 255 0 0 0 255
    168 255 0 252 192 255 0 206 0 45 255 255 255 0 0 0 0 255 0 0 0 0 255
    255 255 0 0 255 0 255 255 255 92 0 255 255 255 0 53 0 0 69 91 0 0
    148 255 255 255 0 255 255 255 255 0 255 142 53 0 255 0 42 0 255 0
    255 0 0 0 255 255 0 208 0 255 0 0 0 0 255 3 0 255 255 0 255 0 255
    203 255 255 0 0 0 255 0 0 0 255 230 0 0 255 255 255 0 0 0 255 255
    255 255 255 0 255 0 255 0 255 255 255 0 255 255 255 255 0 222 0 255
    0 255 0 0 0 0 255 255 0 51 0 255 195 255 0 0 255 255 255 0 0 255 74
    255 255 255 3 255 0 255 255 255 0 0 0 0 255 255 255 26 95 255 0 255
    0 255 0 255 255 255 0 72 0 100 0 255 0 255 255 0 255 0 0 255 255 255
    0 255 255 0 0 255 255 0 0 26 255 255 0 255 157 254 0 255 0 142 0 0
    255 229 255 175 220 0 54 0 255 255 255 0 0 0 255 193 0 255 255 255
    255 124 87 0 0 255 0 141 0 255 255 255 0 0 119 255 255 255 255 255
    70 47 255 255 0 255 255 255 255 0 0 0 0 100 255 255 167 0 252 37 0
    94 117 255 255 255 0 0 230 0 54 0 0 0 0 255 114 140 0 0 0 0 255 255
    255 0 0 0 114 0 165 255 225 0 201 255 255 255 0 0 0 0 255 255 0 0 0
    255 0 255 0 255 0 137 0 0 95 101 255 255 255 0 0 255 255 255 255 92
    42 0 255 255 255 218 255 0 132 255 255 255 0 255 0 255 0 0 38 0 66 0
    255 255 0 163 255 255 255 231 255 112 0 145 0 0 149 255 255 20 0 255
    255 255 0 255 0 0 115 255 0 0 0 255 255 164 217 0 252 255 0 0 255
    255 0 0 255 255 255 0 0 0 255 255 255 0 255 255 0 255 0 0 0 255 255
    255 250 0 255 255 71 255 255 0 0 199 255 0 0 0 6 255 255 255 0 0 170
    255 0 255 221 0 52 15 255 5 0 0 0 255 225 0 0 255 0 204 0 231 0 170
    247 255 81 255 0 0 0 255 0 255 255 0 0 255 255 255 91 0 123 0 255 0
    255 0 255 0 255 0 135 0 255 0 255 0 255 0 7 0 255 0 255 0 255 255 51
    0 0 0 0 255 0 0 131 255 57 0 0 97 255 255 255 82 0 179 255 21 39 0 0
    0 0 255 255 255 255 64 124 0 81 0 255 85 255 255 0 0 0 0 0 255 255
    219 0 255 134 0 0 0 0 0 0 255 255 0 0 0 255 0 255 0 234 255 0 0 0 0
    0 0 0 255 0 255 0 0 107 255 255 83 0 255 64 255 0 0 255 0 255 0 166
    255 255 0 149 161 255 69 255 255 0 255 35 0 35 255 221 0 255 255 0
    119 0 255 87 255 0 255 0 0 0 255 195 230 255 0 255 0 0 151 255 255 0
    14 57 255 255 255 0 0 255 184 0 0 255 255 233 0 0 0 255 255 0 0 0 0
    0 199 255 255 9 255 255 0 0 0 255 222 255 16 255 0 127 0 184 0 0 255
    255 255 0 0 94 255 0 255 0 202 0 255 0 85 50 0 96 0 255 255 0 44 176
    0 71 255 0 0 255 0 109 138 255 0 255 64 255 0 58 255 255 226 255 218
    0 0 0 255 255 255 0 0 255 72 255 255 255 255 156 0 173 255 255 255
    255 24 0 0 255 255 255 18 255 0 255 0 255 0 255 255 181 0 0 0 255
    255 255 0 0 255 0 255 0 0 0 255 255 140 0 0 0 255 0 38 0 255 255 255
    32 82 0 5 0 24 0 255 0 255 0 0 0 255 255 255 17 255 255 64 48 255 0
    240 15 255 0 0 0 0 18 108 0 255 0 180 255 229 154 0 255 255 19 0 3 0
    255 255 238 0 207 0 0 213 255 255 0 255 0 255 0 255 128 0 0 64 22
    255 255 255 0 255 255 47 69 0 0 255 0 0 0 255 206 194 0 255 0 0 0
    109 255 255 255 255 0 0 171 255 255 71 0 0 255 255 255 255 212 0 0 0
    0 54 255 0 0 255 76 61 0 255 255 247 0 0 84 0 0 0 255 255 255 0 0 0
    255 12 255 0 0 255 0 255 0 255 255 104 0 255 255 0 0 0 255 106 255 0
    0 0 255 0 59 255 255 242 0 0 255 0 0 0 238 255 255 0 255 255 255 207
    0 0 0 255 255 0 118 0 221 255 255 0 0 0 255 10 255 9 255 0 255 0 0 0
    255 0 0 188 255 255 56 146 255 255 255 0 255 0 255 0 185 0 0 255 255
    0 0 255 255 80 255 0 0 0 255 255 108 0 255 155 0 0 0 255 200 255 0
    255 255 255 255 0 255 150 255 255 0 183 0 0 217 255 0 255 0 255 255
    249 255 140 255 0 0 0 0 255 0 255 255 208 255 0 255 255 0 255 0 80
    255 0 0 255 255 255 0 0 0 255 255 0 255 0 255 142 255 99 255 1 255 0
    233 255 76 255 255 182 0 111 255 255 0 0 255 239 255 0 0 0 150 0 255
    255 68 0 0 164 0 0 255 0 0 255 181 0 0 51 0 0 200 255 255 65 0 0 253
    255 255 32 0 0 255 159 0 0 0 0 148 255 0 0 0 255 0 0 255 255 255 255
    67 0 56 255 255 167 255 17 255 0 255 0 0 255 47 255 255 255 255 0 0
    0 0 82 0 255 0 255 255 255 0 0 255 255 0 255 0 255 0 255 255 154 0
    24 29 255 171 0 255 0 0 23 255 255 225 255 248 0 0 255 255 255 255
    255 0 0 255 0 0 255 132 255 255 255 0 255 66 255 0 111 0 60 0 255 64
    255 255 0 0 255 255 177 0 0 49 255 0 255 0 255 255 255 255 0 255 255
    163 0 0 255 255 255 177 255 255 255 255 0 255 38 255 0 255 255 0 0
    255 255 0 0 0 175 255 255 248 255 0 255 0 82 255 150 255 184 0 255
    255 255 255 255 0 0 27 255 67 0 242 7 255 233 0 0 107 255 255 117 0
    117 255 0 255 0 255 101 142 0 255 0 255 0 0 0 58 0 255 255 255 42 0
    0 0 255 255 0 0 255 255 0 0 255 0 144 174 255 197 0 0 0 0 255 0 255
    255 0 239 0 255 255 255 255 0 0 0 70 255 255 0 255 0 0 0 255 255 255
    255 0 0 0 143 0 255 0 255 6 255 0 0 33 255 33 0 0 255 0 255 255 255
    130 0 255 0 255 255 121 0 0 255 0 0 255 156 255 255 255 0 0 105 255
    0 34 255 255 255 0 211 255 198 0 0 0 0 255 255 255 255 255 0 255 255
    134 0 0 66 255 255 255 255 255 0 0 255 255 0 231 0 25 0 0 255 0 255
    255 255 0 0 0 206 0 255 0 255 53 255 11 255 0 254 0 39 255 0 0 0 255
    255 255 255 0 225 255 112 0 0 5 0 217 255 168 0 255 33 0 255 255 255
    0 0 255 255 255 255 0 178 255 77 0 0 0 255 0 0 0 255 255 0 255 63
    255 0 75 0 255 0 0 128 255 255 255 119 148 0 0 255 255 255 255 255 0
    0 84 0 0 0 255 255 252 255 0 255 255 0 0 255 255 255 255 255 0 186 0
    255 179 255 0 255 255 255 0 0 31 0 255 127 255 0 0 110 147 255 251
    45 0 255 255 0 218 255 255 255 0 0 255 255 255 0 255 0 0 255 0 255
    82 255 0 0 0 255 54 255 0 255 0 0 46 255 255 0 255 176 0 242 255 239
    0 255 255 255 0 255 0 255 0 255 0 255 84 208 0 255 63 0 188 0 255
    255 255 0 97 0 0 0 0 0 255 240 0 167 255 0 0 0 0 255 255 255 0 0 27
    0 255 0 182 255 191 255 255 0 0 0 205 146 255 0 255 29 0 0 255 255 0
    0 108 0 112 0 255 0 255 0 190 254 255 255 0 255 255 236 0 85 255 255
    0 255 255 255 0 0 255 255 255 0 45 255 0 0 0 255 0 255 0 121 0 96 0
    0 255 0 255 0 0 255 0 255 26 0 0 0 255 255 255 0 255 0 0 0 0 255 0
    14 255 110 255 0 0 199 239 255 137 0 88 0 255 0 84 0 255 255 136 0 0
    255 79 255 0 255 0 20 0 0 0 0 0 255 255 255 0 255 0 255 0 0 202 0
    255 255 255 251 255 0 255 255 184 198 0 101 0 255 255 0 255 0 11 0 0
    255 255 0 255 77 0 0 0 84 255 0 0 255 255 0 216 0 255 105 255 255
    130 0 0 0 105 38 195 255 255 219 0 0 255 255 0 255 0 0 255 255 255 0
    255 0 255 0 56 0 255 255 0 0 0 21 25 255 255 0 0 0 255 255 0 0 255
    255 0 0 255 0 255 0 0 255 255 0 0 0 199 255 255 0 0 215 0 255 0 255
    58 0 0 57 0 0 187 255 255 255 0 0 0 0 0 255 255 255 255 255 223 255
    0 255 65 0 255 255 0 0 0 51 255 255 255 0 255 0 246 0 255 0 255 0
    255 0 0 255 255 255 0 146 255 255 0 126 23 0 0 255 255 75 255 255
    249 0 255 255 233 0 0 0 255 198 255 0 255 255 255 0 0 0 0 255 255 0
    0 255 0 0 225 255 0 0 34 0 57 0 255 0 0 0 255 0 255 0 166 255 255
    255 0 0 0 255 255 255 0 111 255 255 145 0 0 255 255 0 242 0 255 255
    255 59 37 255 0 255 0 255 0 255 0 0 100 0 255 255 255 0 0 0 9 255
    255 0 248 0 255 58 255 0 255 255 255 255 255 0 0 0 234 255 255 255 0
    49 0 255 255 0 255 0 255 255 255 255 97 255 255 255 0 0 0 0 255 255
    255 0 17 18 255 29 6 158 0 80 126 255 255 255 255 189 255 255 0 157
    255 255 255 82 255 0 255 0 222 0 255 255 255 0 255 0 0 60 255 0 255
    0 0 0 255 0 0 28 255 255 255 0 198 0 254 86 255 0 255 0 255 0 0 0 0
    255 0 234 0 255 255 0 255 0 0 0 0 255 255 255 255 255 0 84 0 255 0
    255 0 0 0 255 255 255 255 69 178 255 0 208 0 255 255 15 0 0 0 0 249
    0 0 0 255 0 255 0 255 22 255 0 0 0 0 255 0 255 0 84 242 255 255 0 47
    255 255 0 0 0 255 255 255 0 0 255 255 0 0 0 255 255 0 0 0 0 210 0
    255 255 0 255 160 83 255 0 255 0 255 0 255 255 255 0 0 0 0 255 199
    255 0 255 0 255 255 84 0 0 0 255 255 255 0 255 0 255 255 255 0 0 255
    255 38 160 255 255 0 0 255 0 255 255 255 255 255 0 255 18 0 255 64 0
    0 255 255 255 0 255 179 255 255 255 255 0 255 118 0 0 255 255 255 0
    255 255 255 0 0 0 27 255 255 157 0 82 255 11 0 0 0 0 255 255 0 0 255
    255 255 0 0 0 0 0 255 255 0 0 108 255 255 255 0 0 0 255 0 255 255 0
    0 0 255 0 255 0 255 0 255 0 255 255 49 0 233 255 255 255 0 0 0 255
    255 0 114 0 255 255 0 255 255 255 39 255 0 0 0 0 149 0 255 159 255 0
    255 0 233 0 0 203 255 255 0 6 54 142 107 0 0 119 254 255 255 227 168
    0 0 0 255 255 255 0 0 0 0 119 116 255 0 0 255 0 0 0 229 111 126 0 0
    255 0 255 164 255 0 255 255 255 255 0 255 255 0 0 0 0 0 255 0 255
    255 255 0 255 0 0 255 0 140 255 255 255 0 188 0 0 115 255 255 0 205
    0 255 187 0 255 201 0 255 0 251 0 190 0 255 255 255 255 0 255 0 255
    0 255 255 0 53 255 0 229 255 255 255 0 254 255 255 0 255 0 164 0 255
    0 255 99 255 0 255 255 27 0 0 67 230 255 98 0 255 210 255 255 0 0
    140 0 131 255 0 0 0 255 255 222 8 111 255 255 255 255 0 70 33 255 0
    33 0 255 147 132 255 255 255 93 85 255 255 83 0 0 0 0 200 255 255
    255 14 255 0 255 193 255 255 255 0 149 0 162 115 255 255 0 255 255
    255 0 229 255 255 255 0 0 255 255 0 0 255 0 78 0 255 0 255 35 0 0 0
    0 172 125 133 255 0 88 255 255 255 0 0 255 255 255 255 254 163 0 190
    255 255 0 0 255 255 255 0 165 0 0 0 0 255 152 0 255 255 255 0 0 0
    255 0 0 49 0 0 186 0 255 151 0 0 255 56 255 145 0 255 0 18 0 173 255
    255 0 0 0 0 0 255 0 20 106 255 255 56 255 255 254 52 157 255 255 0
    255 0 0 255 255 129 0 255 131 0 255 163 0 0 255 0 0 0 255 140 255 90
    84 0 0 255 255 255 129 0 255 255 28 0 255 255 0 0 0 255 255 215 255
    0 0 0 255 138 255 0 255 0 255 0 0 186 255 255 0 0 0 255 0 204 0 255
    255 0 0 255 229 255 255 57 242 0 0 255 0 255 244 255 255 0 0 0 0 0
    255 0 205 255 255 183 255 0 0 0 255 255 255 0 0 0 255 94 255 0 0 0 0
    93 255 255 255 0 255 0 0 255 0 170 0 110 0 0 0 255 255 255 0 0 0 202
    0 90 80 255 255 99 0 0 0 255 255 68 0 26 0 255 255 139 107 0 255 255
    255 0 108 255 0 0 0 255 80 255 255 255 0 0 0 0 255 142 0 0 255 0 255
    0 0 255 255 255 0 73 0 0 145 255 255 0 255 255 255 255 255 0 255 0 0
    0 255 0 255 207 255 255 0 255 0 228 255 255 0 0 0 138 255 255 32 250
    0 255 0 255 255 255 0 255 255 255 255 0 255 255 255 255 235 255 0
    255 0 255 0 255 255 255 0 255 60 255 255 255 0 164 0 0 117 255 255
    255 0 0 255 57 255 255 255 255 255 0 116 0 248 255 0 13 0 255 79 0
    255 7 255 0 255 126 0 0 0 255 255 255 20 0 255 255 0 0 0 0 0 255 255
    255 0 0 255 0 0 0 0 163 255 0 255 0 255 65 0 0 85 255 255 0 76 255 4
    0 0 255 232 255 255 255 0 128 0 255 0 255 0 0 0 255 255 0 0 0 255
    255 0 133 63 0 0 0 255 0 255 0 255 0 152 0 255 255 0 0 255 0 111 0 0
    255 255 0 255 178 0 0 255 224 180 255 40 255 255 0 190 0 0 0 0 0 0 0
    255 255 255 255 255 255 255 0 46 25 255 3 0 0 195 0 255 0 98 45 255
    255 0 0 0 157 114 0 255 255 255 0 0 0 255 255 40 255 134 0 166 0 255
    0 0 212 255 0 255 0 0 0 0 0 255 255 185 0 0 255 255 255 52 255 78
    255 232 255 0 255 0 101 255 255 255 0 0 0 142 216 255 228 0 0 255
    255 0 0 255 255 255 255 0 0 0 150 255 255 253 255 179 255 0 38 255
    255 255 0 0 255 255 255 0 255 255 0 0 14 255 255 6 255 0 0 0 255 255
    0 0 0 255 255 176 0 0 255 255 0 255 0 0 185 0 0 209 255 255 0 255 0
    255 0 227 190 255 0 255 0 135 255 63 183 190 0 255 0 46 255 0 255 0
    19 0 0 255 255 255 0 255 0 31 196 255 0 0 197 255 87 0 255 255 0 0 0
    255 0 0 0 0 255 255 255 255 0 0 255 255 46 255 0 0 255 255 227 0 147
    255 255 205 0 0 42 255 255 133 0 255 0 198 0 255 255 255 0 0 0 255 0
    255 0 255 0 117 255 0 12 114 0 255 0 255 0 0 0 255 255 0 0 255 237 0
    0 100 0 255 0 255 255 255 255 0 255 0 0 0 110 255 255 151 0 0 255
    255 0 255 255 255 0 0 0 211 255 0 0 0 0 0 255 0 255 255 255 255 255
    0 0 0 255 255 0 255 0 255 0 255 0 255 96 0 0 255 0 0 167 255 255 0
    255 255 255 255 4 245 121 255 0 129 255 0 0 98 255 0 255 0 255 0 255
    0 144 18 255 0 255 0 255 255 255 255 0 0 255 0 255 143 255 0 255 0
    255 0 255 122 255 0 255 219 0 255 255 255 0 0 0 0 255 102 255 0 255
    0 225 0 0 255 255 0 65 60 253 73 34 0 235 0 255 0 255 255 0 0 0 255
    255 18 255 0 255 0 0 0 255 255 255 0 0 0 0 255 255 0 0 0 46 255 255
    0 0 0 255 127 255 255 255 0 0 0 255 255 230 20 34 0 255 0 0 255 255
    0 0 0 0 49 155 255 0 255 255 255 0 78 0 255 222 0 255 0 255 255 255
    0 0 0 0 255 255 0 0 255 0 255 0 0 0 255 0 0 0 0 0 255 255 255 0 0 0
    0 255 2 255 0 41 0 236 255 255 255 239 0 0 0 0 255 255 0 0 72 203 0
    0 255 0 0 255 0 255 0 252 0 255 180 255 255 255 255 255 0 0 0 0 255
    255 0 0 255 255 0 255 0 0 255 255 0 250 0 255 0 255 255 0 255 0 255
    255 0 0 0 255 156 255 249 255 0 0 0 255 255 255 255 0 255 176 255 0
    211 0 153 255 255 0 0 0 255 0 0 0 255 0 71 70 255 255 255 255 0 0
    255 0 255 255 255 0 0 210 255 255 0 255 255 255 232 0 185 0 0 0 0 0
    0 255 0 255 255 0 0 255 89 255 0 255 255 255 255 0 0 0 255 255 255
    255 0 0 0 0 246 255 255 255 176 0 0 145 255 145 255 255 188 140 0
    255 0 255 197 255 255 255 100 255 255 0 255 0 255 0 0 0 255 255 43
    255 255 0 0 0 255 255 255 0 0 255 255 99 178 255 255 0 53 0 204 196
    255 0 0 85 255 255 255 255 255 0 0 57 0 193 255 255 255 0 250 0 255
    255 255 0 255 0 98 255 255 201 255 0 0 255 0 255 255 255 0 255 0 0
    255 255 0 0 255 0 0 0 0 0 0 0 255 255 31 0 0 27 255 255 0 0 255 255
    0 0 255 0 255 85 0 74 46 255 0 39 0 255 82 255 0 255 0 0 0 255 0 255
    0 254 255 0 255 181 255 255 255 0 255 255 0 0 0 0 255 0 0 0 89 0 179
    0 13 110 226 0 255 255 0 0 0 255 255 255 0 0 0 3 0 255 0 255 255 248
    255 0 0 0 255 239 0 0 0 255 0 255 0 255 0 81 255 0 0 255 255 109 255
    0 151 0 255 255 196 0 255 255 0 0 255 255 183 0 0 0 0 255 0 0 135
    255 0 0 255 20 0 0 249 0 255 130 7 0 255 255 0 0 173 0 0 52 38 255 0
    250 0 0 255 255 0 123 255 192 255 0 255 255 255 0 0 255 0 0 255 255
    120 0 0 0 0 255 255 255 255 255 0 0 255 179 105 255 35 255 0 0 255 0
    255 0 87 255 255 0 0 255 255 255 0 0 193 255 57 255 255 0 0 0 255 0
    255 0 149 255 255 255 255 0 0 255 72 255 114 114 158 76 0 125 0 0
    255 0 0 255 0 255 64 0 58 255 255 255 0 0 0 255 0 0 255 255 255 0
    255 4 0 64 0 0 0 255 0 255 0 0 0 255 255 255 0 255 255 0 0 0 19 0
    171 255 4 0 0 255 0 255 0 255 0 0 0 237 255 255 255 255 0 0 0 255
    255 0 255 199 0 0 0 255 0 0 0 255 0 0 0 0 12 255 255 0 0 255 0 0 0
    255 213 0 0 255 0 255 0 255 255 255 255 255 255 252 255 200 0 0 255
    80 255 0 0 167 255 255 55 0 0 0 86 0 0 255 255 0 255 0 255 255 166 0
    0 0 255 255 0 0 255 0 255 255 255 0 0 255 255 255 0 255 255 71 0 0
    255 255 0 255 0 75 161 0 0 193 182 255 0 239 31 255 56 57 145 255 0
    0 62 255 255 255 0 255 167 255 148 255 0 0 252 0 255 255 118 0 83
    255 255 52 0 134 0 0 208 255 255 0 76 0 255 255 0 0 234 255 255 0
    169 166 45 255 0 0 255 255 123 0 0 0 249 0 203 255 119 0 255 69 255
    76 0 0 185 255 255 255 0 255 255 0 0 0 255 255 255 154 255 255 255 0
    0 217 255 255 207 0 255 255 255 255 0 0 0 0 242 255 255 255 255 111
    0 0 0 0 0 255 255 255 0 255 0 144 232 0 255 255 0 0 0 0 255 0 255
    209 0 0 0 53 255 196 0 154 0 0 255 255 255 3 0 255 255 255 100 0 0
    255 0 255 0 255 255 255 0 3 72 62 104 255 255 0 213 255 255 0 0 0 0
    0 49 255 94 255 255 237 72 0 126 255 0 255 255 5 0 255 61 255 116 0
    154 0 255 185 0 0 255 73 255 0 131 255 60 127 255 0 172 255 255 255
    0 0 0 255 255 255 255 0 255 0 228 255 255 78 77 0 255 0 0 0 0 0 255
    0 255 0 0 0 0 255 255 255 82 0 235 0 255 255 255 0 0 205 255 28 131
    0 255 0 255 255 255 0 255 203 0 0 0 255 255 143 0 255 255 255 0 0 0
    255 0 0 0 255 255 156 255 0 0 255 52 255 13 255 255 0 0 0 0 255 255
    204 0 255 255 0 0 255 0 255 239 0 255 76 242 0 0 255 255 255 133 43
    207 255 255 255 0 0 255 212 0 255 0 176 255 0 0 255 0 255 72 255 152
    255 108 255 0 255 152 255 109 255 0 255 0 0 184 255 76 0 0 0 255 255
    0 48 0 255 255 255 255 0 255 63 255 0 0 255 255 255 255 255 255 120
    0 118 255 0 255 156 255 0 117 0 255 255 0 0 0 128 0 255 0 255 229
    255 0 0 211 255 255 218 0 222 255 0 255 255 0 54 255 255 0 0 0 255
    205 255 255 21 0 255 0 0 0 0 0 0 238 0 0 255 255 255 0 0 255 0 140 0
    255 0 108 0 255 36 255 33 217 255 255 255 0 0 255 255 255 0 255 0
    255 8 0 0 0 255 255 255 0 0 0 0 255 255 153 0 255 255 143 255 0 0
    124 0 255 0 255 0 255 0 255 255 255 0 83 0 255 255 255 0 102 255 0 0
    0 255 0 0 0 255 255 255 255 0 255 255 0 0 255 255 137 207 0 0 0 117
    0 0 0 255 255 178 255 135 255 91 215 0 0 193 0 0 0 50 255 219 35 0 0
    0 255 0 255 0 0 0 255 0 255 0 0 172 150 255 63 0 0 255 0 0 255 255
    255 194 0 155 0 255 255 255 0 2 8 0 255 0 255 0 0 255 90 255 0 255 0
    0 255 0 0 0 255 0 0 0 255 146 211 0 255 196 255 0 0 212 47 255 0 255
    0 0 0 255 255 255 0 255 0 0 255 255 0 179 255 255 255 0 255 0 225
    245 0 142 0 255 255 255 255 0 171 0 255 0 255 0 255 255 160 33 0 0
    255 255 48 186 121 0 0 0 255 112 0 204 255 107 255 0 78 0 255 210 0
    0 0 0 255 0 0 0 255 255 255 255 0 51 0 0 0 137 255 0 255 0 255 255
    255 200 248 0 255 255 0 255 255 182 245 0 255 0 255 255 255 30 0 255
    255 255 255 255 0 0 0 0 69 0 255 254 255 0 255 255 255 0 0 255 255
    65 0 185 238 255 255 255 121 0 0 0 0 31 39 255 0 255 0 51 154 0 0 0
    255 0 149 255 255 255 0 0 0 0 255 145 255 0 241 0 255 255 0 0 0 255
    255 255 255 0 255 255 255 0 0 255 255 150 0 0 233 0 255 255 140 0 0
    141 255 255 255 0 255 133 255 0 255 255 255 0 0 0 234 255 255 136 0
    16 0 64 255 0 0 255 255 255 0 255 255 81 255 0 0 0 0 0 182 0 0 255 0
    17 255 8 66 0 0 255 255 25 0 0 255 37 0 0 255 0 255 0 56 255 56 255
    77 114 255 0 255 0 255 255 255 34 255 71 200 255 0 255 255 255 0 255
    0 255 87 255 255 255 255 0 0 0 255 0 255 255 0 0 0 50 0 255 255 0 0
    0 214 255 0 255 0 255 2 0 0 0 72 47 0 255 255 255 109 132 255 255
    255 0 255 0 0 255 255 246 134 0 255 255 255 0 19 255 255 255 0 0 0
    255 255 132 169 0 255 187 255 231 255 0 255 0 0 0 43 70 0 0 0 0 255
    255 0 255 255 0 255 200 255 91 0 0 255 255 0 0 0 226 0 255 0 155 0 0
    0 255 255 0 96 255 255 0 0 0 255 0 255 0 0 255 0 255 0 0 0 0 255 255
    255 255 177 0 177 158 0 255 255 228 0 175 0 255 255 0 0 0 202 255 0
    255 0 255 255 0 0 255 255 0 0 0 255 0 255 41 0 255 0 255 87 255 255
    0 255 0 0 0 255 255 0 0 255 255 255 255 255 171 255 0 255 85 0 0 0
    255 255 217 0 255 255 0 255 0 255 255 255 255 255 0 0 0 236 0 0 255
    96 255 255 0 181 0 255 0 255 0 255 255 179 0 0 0 255 0 255 0 255 173
    148 0 34 0 255 0 255 0 0 0 68 255 25 255 0 255 0 45 0 252 173 255
    124 112 13 255 0 255 0 0 255 255 255 50 0 0 255 255 255 0 0 255 0
    255 255 0 0 255 255 255 255 255 255 20 0 0 0 0 255 255 0 107 255 181
    0 130 0 255 0 255 255 106 0 0 142 104 0 151 0 255 255 87 0 0 0 10 0
    255 189 255 255 233 255 64 255 0 0 255 0 0 255 255 0 145 255 0 0 0
    255 193 0 255 0 255 255 255 0 255 0 255 0 29 0 0 0 0 255 0 92 0 0
    255 255 0 0 255 198 0 0 0 151 255 0 0 255 90 255 0 255 0 0 0 255 255
    0 255 255 205 0 255 0 0 0 255 255 150 0 255 255 255 0 0 0 154 255
    255 0 0 0 255 0 255 255 232 120 255 255 0 255 9 255 0 255 0 0 0 255
    255 0 255 0 255 255 255 0 255 0 0 0 122 25 255 0 255 0 255 255 200
    142 40 255 255 255 255 255 255 0 246 169 0 195 0 0 255 255 255 0 0 0
    255 255 0 255 255 105 4 0 102 0 187 255 255 255 0 0 255 41 49 255
    255 255 0 0 46 0 0 122 193 255 255 255 0 255 218 0 0 0 255 0 0 0 26
    255 255 93 0 0 199 0 255 0 70 0 203 0 0 255 255 255 0 0 0 255 0 251
    255 255 0 255 0 255 255 0 218 255 255 168 255 0 0 0 255 0 240 0 72 0
    255 255 255 0 0 0 120 38 255 0 161 0 0 0 0 255 0 255 43 0 0 255 255
    255 0 0 182 0 255 255 69 255 255 0 0 0 255 0 255 0 188 0 255 0 255 0
    255 255 255 65 0 0 255 0 10 0 255 255 0 0 0 255 255 0 255 0 51 0 255
    250 255 0 0 0 255 0 255 0 255 0 176 255 205 185 255 44 0 255 255 255
    72 255 0 255 0 255 0 0 255 255 170 0 0 255 255 62 255 255 255 0 0
    143 255 255 215 255 0 255 38 0 255 0 255 196 255 0 255 0 255 0 255 0
    255 0 117 129 0 255 203 147 0 0 0 255 88 0 107 255 255 0 255 52 255
    255 0 255 255 255 0 0 0 255 255 0 204 0 0 255 255 183 0 0 255 18 0 0
    255 108 251 166 0 215 0 0 255 0 255 219 40 0 84 0 0 137 226 255 241
    255 216 0 175 0 255 255 100 255 255 0 0 0 255 255 255 0 0 0 130 0
    143 240 255 149 140 0 0 46 176 255 178 255 255 255 0 0 255 0 45 0 0
    124 255 0 0 0 0 0 255 255 0 0 255 0 102 0 0 255 255 255 0 29 0 22
    255 255 0 228 255 255 0 0 0 255 255 255 0 206 0 255 255 255 255 255
    0 255 255 255 150 255 0 0 164 0 255 79 255 0 255 0 195 255 255 0 255
    255 41 0 242 255 255 0 255 0 255 0 0 207 255 255 243 0 0 0 255 28
    255 255 0 0 203 0 255 0 255 255 255 255 255 0 171 248 255 177 255
    255 0 0 154 255 133 255 0 0 152 0 0 255 255 255 248 255 0 255 0 178
    255 18 201 255 0 255 0 255 0 0 0 0 255 255 255 255 255 0 0 77 0 0 0
    255 255 0 255 0 183 142 255 0 103 0 255 199 55 0 0 219 0 0 0 255 27
    0 0 53 255 0 255 101 255 0 0 0 255 255 255 255 0 200 255 135 0 0 255
    101 0 0 255 30 255 75 255 255 255 78 0 0 255 255 255 0 0 94 0 0 0 66
    255 255 255 255 0 0 0 255 0 0 0 255 255 255 0 0 255 13 255 0 0 255
    255 255 236 218 255 255 0 121 0 255 255 255 255 182 255 0 0 92 255
    255 255 0 0 255 236 255 0 0 255 0 207 30 0 255 0 0 0 255 255 153 255
    0 255 255 47 255 0 8 0 255 0 255 46 51 255 255 0 0 190 255 13 0 0
    255 255 0 0 0 255 255 0 199 0 0 0 255 0 255 255 255 0 0 0 255 0 255
    99 255 255 255 255 0 242 0 193 250 255 0 255 0 255 255 255 255 255
    171 180 255 208 0 0 0 0 255 213 255 172 255 0 0 76 255 255 0 0 255 0
    255 0 255 131 213 255 255 0 255 255 0 255 0 58 0 0 255 0 236 0 255
    255 30 108 0 0 18 255 199 254 0 255 255 255 255 15 0 0 179 0 255 255
    0 0 255 255 0 0 0 91 94 255 0 0 0 0 255 0 28 0 255 204 255 0 255 0
    255 0 51 0 255 255 255 0 255 0 255 255 255 0 0 0 0 0 255 91 255 255
    255 255 0 0 0 114 0 255 255 255 0 0 255 255 255 0 0 45 37 255 105
    255 0 13 255 255 255 0 130 0 36 0 255 0 255 255 123 255 0 255 0 255
    255 71 0 210 255 49 207 0 255 0 255 0 0 0 0 255 0 255 0 255 159 0 0
    255 255 110 0 255 255 0 3 0 0 173 255 255 147 231 255 0 0 0 255 0
    255 255 255 96 0 0 0 255 0 255 175 255 6 0 0 255 0 0 255 255 112 7
    255 0 105 0 255 255 14 162 0 0 0 69 255 0 122 0 0 0 0 255 255 255
    255 255 0 0 255 255 255 0 0 144 255 218 0 255 255 131 51 0 222 255
    55 255 255 224 0 0 5 255 255 255 255 255 255 189 255 0 255 0 255 255
    0 0 0 0 255 19 99 255 255 0 0 0 0 255 255 255 0 255 0 148 0 0 0 146
    0 0 255 0 255 255 0 0 219 255 235 0 0 251 255 0 233 255 31 255 255
    88 0 7 255 255 0 0 255 0 0 0 255 20 255 0 33 72 0 255 185 255 0 255
    0 0 255 255 0 255 138 255 0 217 0 0 154 255 111 0 255 0 197 0 144
    255 255 255 173 0 159 255 255 0 255 255 255 0 255 177 0 255 255 255
    0 255 0 0 0 11 255 0 4 255 255 0 0 255 255 153 255 52 0 0 0 255 255
    255 0 108 0 0 218 36 0 255 255 77 246 0 201 155 255 255 255 0 255
    255 255 0 27 255 92 0 0 0 0 255 255 0 50 0 0 255 0 255 0 142 0 255
    108 255 255 82 243 0 255 255 0 255 0 0 255 0 0 0 255 0 0 0 0 255 216
    255 0 42 255 0 0 0 255 255 0 0 221 0 0 255 255 186 255 255 0 179 0 0
    255 255 0 255 0 0 255 255 255 255 0 0 0 0 255 0 255 0 255 0 0 0 0 0
    255 255 0 0 0 204 177 255 3 0 0 0 0 255 255 255 255 255 0 0 0 148
    206 11 0 255 255 0 215 255 0 0 78 255 0 0 0 92 99 0 255 255 0 199 0
    255 0 255 0 255 255 255 215 175 0 255 0 255 255 255 0 0 0 255 255
    255 0 255 255 0 255 0 255 0 200 65 0 0 26 255 146 0 0 0 196 0 0 0 29
    106 26 255 255 255 0 0 0 255 180 255 255 0 255 238 255 255 255 26
    255 121 6 255 255 201 0 0 255 0 255 0 0 0 255 255 0 43 0 255 255 255
    0 0 0 251 255 0 207 0 224 0 255 16 0 0 255 255 255 255 0 0 68 209
    119 71 170 255 0 192 255 0 255 255 255 0 255 255 255 0 255 142 255
    255 255 255 255 0 0 0 255 215 255 0 255 255 64 255 0 255 208 255 255
    0 0 0 255 255 255 179 0 0 0 24 255 0 255 0 255 0 255 255 12 255 0
    255 148 255 0 255 0 0 0 255 255 176 255 0 255 0 255 251 0 0 255 255
    251 98 0 208 106 255 0 111 150 0 255 255 29 255 55 0 255 255 109 255
    0 173 0 0 255 0 255 255 255 255 33 255 255 0 0 0 255 0 0 255 255 0
    255 0 0 148 0 255 0 255 255 255 255 127 255 255 0 255 0 4 255 255 0
    0 36 0 255 255 255 255 212 255 0 255 0 255 248 0 250 215 255 73 225
    255 255 214 226 255 0 255 255 255 9 255 0 83 0 0 0 0 255 7 0 255 255
    255 0 0 0 19 0 255 255 255 255 255 0 0 0 2 0 255 48 255 0 0 249 0
    127 255 255 0 0 0 0 0 0 127 255 109 45 0 255 255 255 245 255 0 255 0
    99 0 255 255 154 255 209 0 0 0 255 22 0 35 0 103 0 255 33 255 255
    255 0 0 0 255 255 0 255 255 255 255 255 255 0 0 0 0 255 138 90 255 0
    255 0 255 0 0 0 0 255 255 255 255 255 255 243 0 47 200 255 0 0 0 255
    0 0 0 255 255 210 0 0 56 255 255 255 255 0 255 0 2 0 255 255 255 80
    255 0 255 255 255 255 107 0 168 0 74 0 0 255 248 186 0 0 0 0 255 126
    249 0 0 255 248 44 65 0 255 255 63 0 0 255 177 0 255 0 255 237 0 0
    255 0 255 0 104 0 255 0 255 0 255 255 255 0 255 255 255 0 255 153 36
    0 255 39 255 0 177 0 255 255 255 116 0 210 255 56 247 255 0 255 0
    255 0 111 0 0 255 255 201 255 0 0 0 0 255 190 255 0 0 0 255 0 128 0
    114 255 255 255 0 0 207 255 0 0 0 68 137 0 255 0 255 0 0 255 0 255 0
    186 0 255 56 255 255 255 246 255 0 58 0 255 255 255 192 100 0 0 27
    255 38 74 73 48 0 255 183 178 0 255 0 255 1 255 255 255 181 252 0 0
    255 0 0 0 255 167 255 0 241 191 0 0 255 227 0 0 0 255 0 0 0 0 88 255
    255 0 178 0 208 0 63 0 7 100 255 0 0 255 196 255 244 242 255 0 255
    26 255 255 0 0 255 87 92 0 25 255 149 0 0 0 255 255 208 255 0 0 31
    255 0 255 255 255 255 0 255 0 0 255 0 255 0 68 0 29 255 255 152 255
    255 255 0 255 0 255 0 0 0 0 50 255 255 0 255 0 0 164 255 237 101 0
    247 0 202 0 255 234 255 0 0 0 255 255 122 0 55 171 0 255 0 255 0 0
    255 0 255 255 255 255 255 98 0 0 0 255 255 255 255 0 255 255 255 255
    255 0 0 0 37 255 255 0 87 121 255 0 74 0 0 255 255 0 255 253 0 255 0
    112 0 255 0 255 255 255 50 0 255 255 250 255 0 255 255 255 0 0 255
    255 38 12 82 0 255 255 255 0 0 255 255 255 255 85 255 194 65 255 29
    255 0 156 255 0 0 255 255 255 0 0 0 127 0 0 0 76 136 28 255 0 215 0
    255 92 0 255 255 0 255 0 255 0 255 255 154 255 0 255 0 255 128 255 0
    255 0 255 255 255 255 255 0 255 255 0 0 0 0 255 0 255 255 255 255
    255 93 255 0 0 255 22 0 197 126 229 0 255 255 255 255 255 0 0 0 0
    255 255 0 0 255 255 255 0 0 255 94 137 0 255 0 0 0 255 255 0 0 0 0
    255 255 255 0 0 0 0 145 255 190 255 17 0 0 255 255 0 0 58 190 255
    255 0 174 0 255 0 255 0 253 255 0 0 0 0 165 255 0 0 0 155 255 47 0 0
    255 255 255 108 117 178 255 0 0 73 0 0 0 255 255 0 76 0 255 0 0 255
    0 0 0 0 255 47 160 255 27 0 0 0 255 255 65 255 0 248 0 40 134 255 0
    107 0 255 43 184 212 54 0 208 128 0 0 0 255 0 255 255 13 255 0 121
    83 0 0 255 255 255 0 196 255 114 145 36 0 109 0 0 0 0 0 0 255 255 0
    0 110 0 255 0 0 0 255 255 119 255 255 0 0 0 255 0 255 255 255 212 94
    0 153 24 255 255 255 0 255 255 0 0 255 255 204 255 101 255 17 0 0 0
    0 255 114 0 0 0 255 188 217 255 255 0 0 0 85 255 255 0 0 0 0 0 255
    255 62 0 0 185 196 255 0 132 0 255 255 48 0 255 0 255 0 0 0 80 0 255
    255 255 0 241 0 255 255 0 255 0 255 0 255 0 0 60 203 119 0 255 0 96
    255 255 66 0 0 255 255 255 255 0 180 0 0 239 13 255 59 0 23 0 255
    190 255 255 255 255 0 255 0 255 0 255 138 0 0 21 0 0 227 234 68 255
    0 255 0 25 255 255 0 0 0 255 255 0 0 0 0 255 255 0 255 0 255 0 255 0
    0 255 255 0 225 255 255 255 0 255 0 19 0 255 0 255 198 255 0 0 0 255
    81 255 255 0 14 255 0 255 0 255 0 255 97 0 255 255 255 0 0 70 0 0
    255 255 255 0 255 0 255 0 255 0 255 226 255 137 255 2 137 0 0 177
    255 255 255 83 0 199 255 255 0 87 255 0 255 16 255 0 0 0 255 175 105
    255 255 255 255 0 255 255 255 103 255 177 0 39 0 0 188 255 255 55
    220 0 0 0 191 255 194 255 255 0 0 0 255 0 255 0 0 249 255 0 255 0
    255 0 120 0 255 255 255 126 0 255 0 241 0 0 0 110 105 0 255 195 0 0
    0 0 65 151 255 255 255 255 0 169 0 198 0 255 255 255 128 0 192 229
    245 96 255 0 0 0 14 0 0 38 255 255 254 0 0 255 43 197 0 197 66 0 70
    0 116 0 0 0 221 255 0 255 0 255 246 255 222 255 0 255 0 208 0 255 0
    255 0 124 255 255 0 0 0 0 131 255 0 0 255 29 255 91 255 57 190 0 0
    255 0 255 255 151 255 0 0 40 255 255 177 255 151 32 0 255 27 255 0
    243 255 255 0 0 255 0 255 0 255 255 0 255 145 0 0 11 203 0 85 0 255
    0 255 255 91 23 0 0 255 0 0 255 255 90 0 0 0 0 202 16 0 255 0 255
    255 255 0 255 196 255 255 161 0 0 0 0 255 0 0 0 255 255 0 255 172 0
    11 0 255 255 255 0 0 0 255 0 15 255 0 255 129 255 250 255 255 0 255
    249 0 0 0 255 255 0 255 0 0 0 255 255 0 0 158 255 139 240 0 140 212
    0 255 255 255 255 0 0 0 255 255 251 0 255 4 255 255 255 50 0 0 255
    173 0 0 0 12 255 0 255 131 0 0 255 0 0 0 236 101 255 255 255 255 0
    59 114 0 144 43 17 0 0 255 255 0 0 144 255 196 0 0 255 0 255 0 212
    189 255 255 255 170 0 0 0 0 255 0 0 0 0 255 0 255 0 0 255 255 255 0
    255 0 255 253 255 0 0 0 255 255 0 82 0 142 66 255 0 139 0 0 255 255
    255 0 0 255 255 0 0 138 255 32 255 0 0 0 186 255 0 255 255 0 178 0
    255 152 0 0 255 255 0 255 0 255 0 255 255 112 0 0 255 255 255 0 158
    0 255 0 0 0 255 97 255 0 255 255 0 255 255 255 0 148 0 69 177 255
    255 255 183 255 255 61 0 0 0 66 139 186 255 255 0 0 255 255 255 220
    176 0 255 75 255 255 0 255 0 255 212 255 0 0 199 255 61 0 173 255
    255 0 0 0 255 255 255 0 0 251 255 255 255 255 255 0 215 0 35 255 252
    255 169 145 20 74 255 127 255 0 6 0 158 255 255 255 255 0 0 0 42 0 0
    255 255 255 0 255 0 255 0 255 34 255 0 255 0 244 0 255 255 96 0 255
    0 255 0 255 0 0 0 255 255 0 0 255 197 0 0 255 255 148 255 0 76 255
    255 255 0 115 255 255 0 188 76 255 255 147 255 18 255 0 0 255 0 255
    0 94 255 0 255 43 255 0 168 0 255 0 0 206 0 255 0 255 0 255 0 0 0 0
    255 226 255 255 255 17 151 219 0 0 255 0 255 0 255 124 0 0 190 0 255
    255 158 255 0 255 255 255 255 255 0 255 234 50 0 241 0 255 255 0 20
    255 255 0 0 27 225 255 255 255 0 0 0 0 255 212 90 157 0 255 255 0
    255 0 0 0 255 0 0 0 255 106 12 0 98 255 0 53 0 255 0 255 0 255 255 0
    0 0 78 255 255 0 0 0 60 255 40 255 255 255 0 255 0 255 255 255 255
    255 0 0 0 0 0 164 0 255 241 255 29 255 255 0 255 72 0 0 0 255 255 0
    0 0 255 22 176 255 0 255 0 255 255 255 0 0 0 255 255 0 255 0 255 255
    255 0 0 40 0 255 229 255 0 68 0 193 153 228 255 255 244 242 0 0 255
    255 28 0 255 255 255 255 0 0 255 0 1 0 0 255 255 255 0 255 255 158 0
    255 0 255 216 255 255 9 0 222 135 255 0 111 0 207 246 255 214 255 0
    255 0 0 255 0 0 0 49 245 0 255 255 255 0 0 0 255 255 246 0 0 172 255
    255 255 0 255 0 49 255 255 157 0 0 255 255 255 66 255 255 0 0 0 0
    255 255 255 0 0 0 116 255 0 255 0 0 0 0 255 255 0 0 255 255 255 192
    0 0 0 255 255 255 0 0 0 255 0 79 255 0 41 0 110 255 255 122 255 0 0
    0 0 255 0 215 0 0 5 255 255 250 116 0 0 0 237 255 255 127 21 255 246
    0 0 0 0 255 119 255 0 255 0 136 255 181 0 0 0 255 171 205 255 0 255
    0 255 0 255 91 129 255 255 0 255 0 0 255 92 34 143 208 84 255 0 133
    0 255 0 116 255 0 19 39 255 255 255 0 0 78 255 0 255 0 255 191 0 255
    255 0 255 113 255 0 0 14 218 255 255 255 0 255 255 255 0 201 255 0
    74 185 198 0 0 255 255 0 0 255 255 0 0 0 236 255 255 255 255 255 0 0
    0 255 176 0 0 255 0 255 0 185 255 0 0 255 255 255 123 0 124 255 255
    255 42 255 255 255 0 0 211 0 0 0 78 0 255 255 134 11 255 0 255 0 0 0
    255 255 255 0 222 45 255 255 9 255 8 0 0 255 0 0 255 255 86 255 0
    255 0 191 255 255 0 255 0 255 255 0 0 14 255 81 0 4 255 255 255 0
    255 0 0 255 233 0 0 255 0 255 255 255 0 255 255 255 0 24 0 255 48
    255 255 255 0 0 255 255 255 0 0 162 0 255 255 255 0 0 0 0 255 255
    255 255 0 0 0 0 255 0 255 0 163 0 255 0 155 0 112 33 255 255 8 0 0 0
    255 48 183 255 255 103 255 198 255 1 183 255 0 0 0 255 12 255 0 255
    255 255 255 97 119 255 0 177 249 0 0 125 36 0 117 255 98 0 0 0 182
    255 0 0 0 255 189 255 0 255 0 255 255 253 184 0 158 0 0 32 0 255 0
    33 0 0 255 0 83 0 255 0 0 117 255 0 255 0 0 0 255 255 255 255 0 255
    91 255 0 0 255 255 0 129 101 251 255 0 0 134 0 0 0 255 0 255 88 255
    0 0 0 0 184 0 255 255 255 255 0 255 255 255 179 0 255 0 255 113 0 66
    255 0 255 0 255 0 255 255 0 0 0 0 255 42 0 255 0 255 103 255 1 0 0
    206 255 255 13 255 0 225 131 149 0 0 0 255 0 15 255 151 245 0 15 255
    34 255 0 255 0 0 255 118 255 255 0 102 0 0 255 0 0 0 255 0 255 241
    255 255 0 175 0 255 255 196 255 255 255 255 192 0 45 0 255 255 255
    255 162 255 0 0 255 255 255 0 255 0 255 255 255 181 0 0 0 255 255
    255 255 0 91 66 0 0 0 50 255 169 255 26 0 0 255 255 0 0 0 255 0 0 0
    255 0 255 0 255 0 255 0 255 255 255 0 255 0 255 255 255 0 255 255
    255 0 0 247 255 255 255 0 0 0 0 0 0 255 255 117 255 200 255 255 255
    0 255 0 0 255 255 56 0 255 255 255 255 118 255 54 249 0 255 0 209
    255 255 255 0 0 0 119 255 255 0 255 255 0 0 0 0 255 255 255 0 125 0
    0 255 0 0 122 255 59 0 124 0 255 255 0 0 168 255 58 253 119 0 255
    255 255 0 255 222 132 0 120 255 255 255 0 0 0 255 0 0 255 0 255 0
    255 0 0 142 255 255 255 255 0 164 0 255 0 255 0 0 87 255 255 255 0
    255 0 0 0 0 0 255 0 255 0 140 255 255 247 0 255 0 0 0 255 80 0 255
    255 255 255 34 124 0 123 25 255 0 0 255 255 255 0 0 21 255 255 0 0
    255 255 0 39 56 255 0 255 151 255 255 0 118 255 0 255 0 255 0 255 0
    0 255 255 64 69 255 255 255 0 0 0 161 255 255 0 0 255 255 216 0 255
    255 0 0 0 0 255 255 255 133 0 0 255 0 235 0 75 0 255 255 255 255 255
    0 255 0 255 0 102 255 255 0 255 0 216 231 255 166 0 0 148 179 255 80
    255 0 255 255 255 0 155 162 255 0 0 0 247 255 210 255 233 255 0 255
    255 255 0 255 0 0 0 189 0 0 71 0 236 255 0 196 255 0 0 145 255 255 0
    0 178 0 0 0 146 0 0 143 255 0 255 255 255 255 255 0 0 115 255 255
    255 204 236 227 0 0 0 255 255 95 0 0 255 0 255 0 255 255 94 0 255 0
    255 0 255 0 253 111 255 255 255 62 0 122 42 255 255 207 255 0 90 0 0
    0 0 255 0 255 180 255 0 255 0 255 193 255 0 255 255 0 178 0 255 255
    255 0 0 255 0 0 0 0 190 255 255 206 0 0 0 255 255 0 255 0 0 0 255
    255 255 0 75 211 198 255 0 146 0 0 255 157 0 223 0 255 0 158 255 255
    255 0 255 0 255 0 75 0 83 0 0 255 200 31 0 255 255 255 0 0 255 0 255
    255 255 24 0 0 255 255 2 0 255 142 0 255 0 164 0 0 255 135 0 255 255
    182 0 255 0 255 0 255 255 255 0 126 0 255 191 0 255 164 0 255 207 55
    0 255 255 255 0 0 255 0 255 0 255 255 255 0 255 0 255 0 255 166 0 0
    0 123 0 0 204 126 255 255 79 0 0 255 206 255 86 0 35 255 119 0 0 0
    255 2 0 0 255 255 255 255 209 255 0 255 69 154 255 0 249 255 0 255 0
    255 0 0 0 0 255 0 192 255 0 255 48 255 255 0 255 0 0 0 255 255 246
    255 255 255 0 255 0 255 0 255 255 255 255 0 55 84 0 255 255 255 255
    255 0 255 255 160 0 0 255 0 0 0 255 40 0 255 39 255 0 255 0 186 0
    255 0 255 0 60 0 0 0 255 0 0 0 0 255 255 255 0 255 38 255 255 0 255
    0 255 0 0 255 255 255 255 255 0 0 255 0 0 0 255 43 255 62 109 0 0
    186 255 255 255 0 0 0 0 2 255 0 0 102 255 185 0 157 0 255 0 255 3
    255 0 255 255 59 82 0 255 255 255 0 255 0 170 255 0 200 255 255 255
    0 0 0 0 199 0 219 39 0 0 0 255 0 0 0 0 255 255 255 255 0 255 0 0 0
    255 1 214 0 0 255 255 255 0 0 255 135 193 255 0 0 0 255 17 0 0 255
    255 0 0 255 45 0 0 255 255 255 0 0 255 255 0 146 9 255 255 115 0 0 0
    255 255 250 74 255 92 255 0 0 0 158 255 255 115 91 0 82 255 0 30 255
    108 0 0 255 36 255 255 255 0 0 0 255 0 255 0 255 0 255 232 0 76 255
    255 255 0 255 0 0 162 0 0 0 77 0 255 255 0 176 0 255 255 55 0 255
    255 0 255 223 0 26 255 0 43 0 0 0 255 255 255 255 226 133 0 0 0 255
    255 255 255 0 255 255 207 0 68 255 205 255 0 0 103 161 237 0 0 255 0
    190 0 255 255 255 0 66 255 255 255 160 0 255 0 255 0 255 40 0 140
    176 255 0 48 255 0 0 0 255 0 237 0 72 0 255 115 255 0 255 255 0 0 0
    0 255 255 207 255 0 255 0 0 0 255 0 71 0 255 230 0 0 0 246 0 255 255
    0 40 0 65 0 0 0 6 255 255 0 0 0 0 0 255 255 255 0 249 0 0 0 226 255
    255 0 150 35 0 7 255 0 150 0 0 0 255 255 255 0 132 255 0 164 255 0
    255 0 255 0 255 0 255 115 0 96 255 28 163 0 4 0 255 255 255 0 51 255
    255 0 255 255 88 0 255 255 255 0 255 0 255 26 12 255 0 0 255 0 255 0
    255 0 0 255 255 0 255 255 0 0 255 0 0 54 0 62 255 10 255 0 255 17
    255 0 255 255 255 189 255 0 0 164 255 255 0 0 114 255 0 255 0 255
    255 0 134 255 255 255 0 128 255 0 0 255 255 0 255 182 255 0 255 0 0
    0 255 0 255 0 255 0 255 236 0 255 255 255 0 0 0 255 255 255 255 255
    0 0 168 255 53 255 255 0 255 0 255 163 255 0 0 255 255 0 255 0 255
    255 255 0 255 0 146 0 0 0 255 72 22 0 241 255 225 0 0 255 255 255
    255 0 255 255 255 255 255 4 0 123 0 255 255 255 255 0 0 0 255 255
    255 187 121 0 0 0 15 255 255 255 0 255 255 154 0 255 255 255 112 255
    0 0 0 255 0 157 0 0 84 255 255 255 194 0 60 255 255 255 2 255 0 255
    0 255 0 0 223 255 0 255 0 255 0 255 0 255 0 0 0 192 0 255 0 110 0
    255 0 255 0 255 0 154 0 255 169 37 255 0 199 0 36 0 255 255 255 0 38
    255 255 94 181 0 255 255 21 117 255 255 123 0 0 255 255 255 103 255
    0 255 0 195 0 255 255 255 255 0 0 255 255 0 0 0 0 0 255 255 0 255
    255 255 213 0 0 255 0 0 255 0 255 0 255 255 49 0 0 255 82 0 189 0 0
    0 0 255 255 255 0 0 0 0 0 255 103 0 14 255 255 0 0 0 0 0 0 0 255 255
    255 0 0 255 255 0 0 0 255 255 255 255 191 255 255 255 255 163 132
    104 0 0 0 255 0 255 255 255 0 64 255 255 0 139 231 0 25 255 255 255
    255 0 0 0 100 255 255 0 0 255 255 88 235 0 0 0 255 110 0 0 255 79 35
    0 0 0 0 255 255 255 0 255 0 255 0 31 255 255 255 255 179 0 140 201 0
    255 0 255 255 255 169 255 255 255 0 0 0 255 0 149 255 127 255 230
    255 0 255 0 0 0 255 190 255 55 0 255 255 97 255 0 255 111 255 255
    207 0 0 255 255 255 0 35 0 255 0 255 255 0 0 0 223 0 0 0 255 255 255
    255 0 0 0 255 98 255 255 53 255 255 35 255 255 255 255 0 0 0 255 54
    255 255 0 255 0 188 0 255 255 255 213 0 115 0 127 0 164 0 255 21 0 0
    255 255 0 109 0 200 149 255 0 9 255 255 104 255 130 0 142 128 213 0
    255 255 255 32 29 255 0 0 0 255 80 255 0 116 255 255 255 0 0 164 0 0
    0 255 255 255 0 0 255 26 255 255 237 0 4 217 255 0 0 0 39 255 0 255
    0 0 113 0 255 135 48 111 0 255 255 182 255 0 0 0 223 255 193 0 61
    255 37 0 255 0 255 255 0 93 0 255 255 255 255 0 166 181 255 0 255
    254 255 0 0 255 255 213 0 155 255 0 255 255 0 0 255 25 255 0 48 255
    255 0 255 0 255 254 255 0 164 0 255 0 255 0 255 255 191 0 0 255 103
    0 255 255 255 255 0 0 105 72 255 37 43 0 255 0 255 161 0 255 0 255
    134 255 0 0 93 0 255 255 255 0 255 255 249 0 255 255 255 244 0 0 255
    63 215 23 255 255 197 0 226 255 194 255 0 255 0 0 0 255 0 0 255 121
    0 0 233 255 255 255 0 255 0 46 0 255 0 0 255 255 0 255 0 255 37 172
    255 0 163 255 255 255 0 0 0 38 255 0 255 255 255 255 255 0 0 0 0 255
    255 255 218 255 255 255 131 0 0 0 126 255 0 255 255 255 139 41 0 255
    232 255 255 78 255 0 255 0 162 0 181 255 255 255 0 114 0 0 0 255 255
    255 214 0 0 255 255 0 0 0 255 255 255 255 255 96 255 255 255 93 255
    255 0 70 255 255 0 255 0 255 0 196 255 0 255 0 255 0 255 0 255 86
    255 255 116 0 35 0 0 14 255 227 0 238 0 255 255 255 0 226 255 65 0 0
    255 255 0 0 255 0 0 28 255 255 194 0 0 113 255 255 205 255 92 255 0
    0 0 0 237 255 33 0 0 174 0 33 0 191 255 0 1 0 255 0 104 255 255 14 0
    0 22 255 107 230 0 0 0 255 255 255 0 58 0 255 0 255 0 44 255 200 147
    0 255 255 255 0 97 0 0 255 0 255 23 51 67 0 161 115 0 0 0 255 255
    255 0 0 0 0 209 255 255 253 255 255 0 255 0 255 205 255 241 0 0 0 75
    255 32 255 0 255 0 0 182 255 255 0 255 0 0 255 0 255 0 255 204 0 255
    0 0 255 0 0 0 243 0 0 255 0 255 0 195 4 145 42 157 255 255 0 0 0 255
    255 0 183 0 187 0 92 0 255 2 255 0 0 255 255 255 0 0 0 255 255 255
    255 255 255 255 255 0 0 0 255 255 18 255 0 101 255 255 62 8 0 255 0
    255 255 255 0 0 255 0 0 0 255 255 0 0 180 255 146 255 0 0 0 37 184
    255 0 0 255 255 255 0 0 0 255 0 182 0 0 0 0 255 246 255 255 255 255
    0 0 91 255 0 0 0 255 255 0 255 255 255 255 0 0 0 0 15 0 255 255 0 0
    0 146 113 255 0 0 0 128 255 255 0 255 219 255 255 255 255 22 0 0 0
    255 255 255 0 255 255 0 0 255 255 255 0 0 0 205 0 30 255 0 0 0 0 204
    0 255 0 255 0 255 255 79 0 255 0 75 0 255 0 255 0 0 0 119 81 0 255
    107 255 214 255 119 0 0 0 255 255 45 255 0 255 255 130 255 0 0 255 0
    0 255 0 0 239 0 255 0 216 255 117 0 255 0 255 0 0 0 0 92 255 224 255
    0 174 255 0 255 0 255 0 255 45 0 0 255 255 255 0 112 255 0 247 0 255
    0 255 255 255 255 0 255 137 255 31 204 255 0 255 4 0 0 255 0 255 0 0
    0 0 255 246 255 58 255 219 58 0 255 26 0 0 0 255 255 255 255 185 30
    0 0 255 0 255 0 255 42 180 0 0 0 255 255 0 0 0 255 255 255 169 0 0 0
    39 231 255 255 255 0 247 255 222 255 255 0 255 254 255 0 0 0 255 255
    0 0 255 255 75 255 202 0 255 255 193 255 0 0 0 255 166 0 255 0 0 0
    255 234 255 0 255 255 18 255 250 0 156 0 255 255 0 255 0 33 31 255
    255 140 83 0 255 68 255 255 0 0 0 255 156 0 0 255 255 0 0 0 255 184
    255 0 255 0 242 0 0 0 255 255 255 0 0 21 255 98 0 0 0 255 249 255 0
    150 255 0 0 0 255 255 255 0 255 0 0 0 0 255 195 255 0 99 0 0 255 255
    0 0 0 255 0 185 0 0 58 43 255 0 255 255 0 255 22 255 0 255 0 0 0 255
    255 255 255 0 255 0 255 0 114 0 255 0 255 0 255 255 0 0 167 0 161 0
    91 255 0 161 0 255 255 0 255 255 0 133 0 255 0 190 0 255 255 99 255
    0 162 255 255 0 255 0 255 0 255 0 0 255 0 0 183 0 255 246 255 255
    255 0 0 255 215 255 0 167 0 0 255 0 255 0 0 255 255 255 0 0 255 255
    0 126 0 255 255 0 255 0 255 0 0 0 107 254 0 101 0 53 0 0 255 0 23 0
    0 207 56 224 142 255 0 255 255 255 0 255 0 255 255 0 0 0 255 255 179
    0 254 185 255 158 0 91 0 255 160 255 61 0 255 255 0 255 255 255 0 0
    0 255 255 255 165 255 0 0 255 91 255 0 98 0 255 0 255 255 255 0 255
    0 255 0 255 85 255 0 0 255 0 0 0 255 118 255 0 0 255 68 255 255 255
    0 255 0 0 153 255 198 255 255 167 0 138 0 255 0 0 255 0 0 0 0 255
    255 255 255 255 0 255 0 0 0 0 255 0 255 255 61 1 0 255 255 255 0 0
    255 125 255 0 127 214 85 255 0 0 255 0 255 0 222 0 255 0 0 255 0 255
    0 255 150 0 89 62 119 136 255 255 0 0 0 255 0 0 46 255 255 255 24
    255 0 122 0 255 45 0 255 4 255 255 255 0 255 255 0 0 0 255 255 4 0
    255 0 176 0 255 129 191 0 255 0 255 0 251 0 185 255 255 255 0 255
    255 232 0 0 120 0 134 51 255 0 0 0 255 255 108 0 222 0 0 255 230 255
    255 255 255 255 173 0 255 132 0 0 0 255 255 255 255 53 255 115 255
    66 0 0 242 255 255 255 255 0 255 245 255 0 0 0 0 255 255 201 232 0 0
    255 0 255 255 255 0 89 255 255 0 0 255 227 255 255 255 255 0 0 0 255
    60 255 0 0 177 255 255 45 0 0 255 255 255 240 0 0 255 0 196 0 0 0
    232 255 255 224 94 255 0 0 0 255 255 0 255 0 180 255 255 255 127 255
    0 255 121 0 0 0 123 0 255 0 154 0 255 255 88 255 255 0 0 0 255 93
    255 0 0 0 125 255 255 255 0 89 0 0 0 213 35 255 255 255 0 0 255 255
    0 0 255 25 71 255 117 255 0 0 255 255 255 255 75 122 140 0 255 0 255
    255 27 109 255 221 255 0 0 0 0 0 0 255 255 0 255 0 255 140 0 0 255
    92 191 255 255 255 0 255 97 16 0 178 0 255 0 0 255 0 255 255 255 255
    255 255 0 0 0 255 0 255 0 255 255 84 0 0 0 255 255 255 255 3 255 255
    255 255 244 255 200 0 0 0 255 0 255 0 0 198 255 0 0 0 99 255 255 255
    0 255 255 255 255 0 0 255 255 255 0 0 0 255 255 0 116 62 0 0 0 255
    255 0 255 0 253 0 255 255 0 209 255 255 0 255 0 71 0 255 57 215 255
    255 0 0 255 116 238 255 255 74 255 255 255 154 166 255 0 18 72 215
    255 0 255 207 0 0 255 174 255 0 0 0 255 0 0 0 255 0 255 0 255 0 255
    24 180 0 0 255 0 26 0 255 0 196 0 255 89 234 0 0 173 255 255 255 0
    255 0 1 0 248 255 255 255 55 174 242 15 8 0 255 255 248 0 106 234 0
    0 255 255 255 150 0 255 255 255 0 0 0 0 0 255 255 255 0 255 255 85
    255 192 0 0 242 18 0 195 0 255 0 255 125 46 255 0 255 0 0 255 0 0 0
    255 255 255 62 255 0 0 0 0 0 0 0 0 255 255 255 65 0 0 0 255 255 0
    255 0 0 0 255 255 199 84 0 3 29 33 219 255 255 0 0 0 255 13 47 255
    255 255 255 0 0 148 255 83 255 255 0 0 51 255 255 255 42 0 255 0 0 0
    255 0 149 0 255 255 255 0 0 0 0 255 0 255 118 255 244 0 255 0 69 0 0
    255 255 0 255 0 153 0 255 200 255 0 255 156 0 208 255 0 0 0 0 255
    255 255 255 76 0 255 0 0 255 255 255 167 0 0 123 0 255 255 0 0 0 255
    0 255 0 224 0 0 0 255 255 59 0 255 255 0 0 0 164 245 255 0 0 0 0 191
    255 255 255 200 121 255 0 0 0 255 255 255 0 0 0 0 255 255 35 0 0 167
    255 255 0 0 255 255 166 255 0 0 255 255 255 0 0 0 0 0 157 255 255 0
    0 0 0 255 255 255 0 198 0 255 253 186 199 39 0 0 0 255 255 255 255 0
    0 255 255 255 255 0 0 159 255 255 246 255 0 255 0 161 0 0 255 45 255
    255 255 255 255 255 0 255 57 255 255 255 122 0 0 193 255 92 255 0
    255 90 255 255 0 0 220 255 66 0 0 0 255 0 255 255 255 255 0 255 255
    179 0 0 255 255 0 0 255 255 255 0 0 153 0 255 246 255 40 255 255 255
    0 164 0 255 0 36 0 255 0 255 255 255 144 255 255 255 184 0 202 25 0
    0 255 255 255 0 33 32 255 0 88 255 255 255 255 0 0 255 0 255 0 100
    255 0 0 255 0 255 0 106 255 0 0 0 0 255 135 147 0 255 180 255 255
    255 255 204 0 0 255 119 0 0 198 255 255 217 0 150 0 218 0 255 0 0
    255 255 255 0 0 105 255 255 234 255 255 144 0 121 255 255 255 0 26
    255 255 255 0 0 71 0 0 255 255 141 0 0 0 0 255 0 0 0 0 0 0 255 255
    255 0 229 230 0 255 0 255 255 87 0 0 229 255 255 241 255 0 255 0 0 0
    118 255 0 255 0 70 113 0 255 255 255 255 0 255 255 18 255 0 55 255 0
    255 0 255 255 255 1 0 0 0 127 255 0 0 72 255 0 0 0 255 255 0 255 7 0
    0 0 0 255 0 255 0 0 0 255 255 255 0 0 191 0 255 0 255 255 255 226
    100 90 0 0 255 215 255 106 255 235 244 55 147 0 0 0 0 209 255 255 0
    255 0 255 0 0 0 0 0 255 255 255 0 0 255 255 255 0 255 0 0 0 255 61
    255 0 215 255 255 255 0 255 0 252 255 255 30 0 0 0 255 140 255 0 0
    255 182 255 1 255 0 61 206 0 255 0 0 0 255 223 0 0 0 255 255 63 255
    255 0 0 0 255 255 255 0 177 255 255 255 0 51 0 255 255 75 255 0 55 0
    255 0 255 184 0 0 201 0 255 56 255 0 0 255 0 170 255 0 0 255 0 0 0
    235 255 198 0 0 0 0 255 0 255 255 0 0 0 255 255 255 0 0 0 255 255
    255 109 255 0 255 0 255 253 255 0 0 255 255 255 0 125 0 0 0 0 255
    255 0 255 0 255 0 0 0 255 0 255 0 255 0 255 0 255 255 255 0 255 116
    0 0 0 0 0 255 117 255 255 255 0 0 255 164 166 255 255 197 0 0 255
    137 255 0 255 219 255 0 0 0 0 171 0 255 48 255 213 255 255 255 163
    255 44 0 255 241 69 68 0 255 238 255 0 58 0 255 47 255 255 255 255
    255 223 0 0 0 0 0 255 0 255 41 255 17 255 0 0 0 131 255 87 208 0 255
    255 86 73 76 255 255 128 0 0 0 0 0 198 29 255 0 48 0 0 255 83 255 0
    0 0 0 0 255 255 0 255 0 0 0 124 0 255 255 255 0 163 0 255 253 255 0
    0 0 255 0 255 0 255 255 255 255 195 0 0 0 255 0 0 0 255 255 255 0 0
    0 255 0 255 255 0 0 0 255 0 0 0 0 0 81 255 255 0 255 33 255 0 15 0 0
    0 255 217 255 0 0 255 255 255 0 255 0 255 255 24 0 255 0 255 255 255
    0 97 255 255 214 255 161 0 7 179 60 0 70 0 170 0 82 0 255 0 255 255
    40 0 0 233 255 223 39 151 0 0 0 188 0 0 255 255 255 255 0 0 10 255
    255 0 0 164 255 0 0 255 255 0 255 255 57 255 0 0 0 255 255 255 14 0
    200 255 255 0 255 255 0 255 0 211 0 255 0 0 255 0 0 255 0 255 0 171
    0 255 0 57 0 255 255 216 0 0 0 0 255 255 255 255 0 238 129 0 0 0 255
    255 255 0 0 0 255 0 0 0 0 0 255 255 255 0 255 255 255 0 0 0 255 0 0
    0 85 0 51 0 24 255 253 0 0 0 255 0 209 0 255 182 255 85 0 0 78 255
    255 255 255 0 211 0 255 115 0 0 0 0 157 0 255 255 0 27 255 255 202 0
    0 216 0 214 255 165 0 0 8 157 255 255 255 0 79 0 0 255 255 255 255 0
    255 0 210 0 95 0 198 0 255 0 0 0 0 183 255 255 255 123 255 0 255 255
    255 255 255 0 0 0 255 0 174 225 255 255 255 172 255 0 0 0 226 0 132
    0 0 0 255 255 109 0 0 0 226 0 0 255 255 0 0 255 255 0 0 255 78 255 0
    0 255 255 0 255 0 255 0 182 0 255 203 0 0 0 255 0 255 9 255 0 0 255
    255 21 0 0 137 222 255 255 255 255 186 255 240 0 0 0 0 255 0 255 152
    0 0 255 2 255 255 255 255 0 255 0 0 0 255 239 0 0 0 255 30 255 0 255
    255 255 255 78 0 14 255 105 48 0 255 255 178 0 0 65 0 141 255 0 90
    76 255 255 49 0 255 0 124 9 0 255 45 255 119 92 0 0 80 255 0 202 0
    255 7 0 255 83 255 255 0 255 0 0 0 98 255 255 105 0 255 255 0 255
    255 255 0 255 85 255 145 0 0 255 255 255 255 254 255 0 0 22 0 108 0
    0 52 0 255 120 0 0 0 255 255 0 0 130 0 255 255 117 255 249 127 171 0
    210 255 255 32 0 0 0 165 255 255 0 0 228 0 255 23 255 0 131 0 255 40
    106 255 255 0 88 0 255 186 255 0 255 255 255 51 113 137 0 0 255 31
    255 255 255 255 249 255 255 0 110 0 255 0 255 0 224 0 0 255 0 221 0
    255 28 255 255 255 0 214 255 18 186 94 0 128 255 67 255 94 17 0 255
    0 6 255 0 255 0 0 0 0 98 255 255 0 255 0 0 255 64 255 4 255 255 255
    142 255 255 255 35 74 0 0 0 145 0 255 0 255 0 123 0 0 100 0 141 255
    255 255 0 0 230 255 255 12 0 255 0 255 0 255 0 255 0 255 255 0 0 0
    255 104 0 0 255 255 255 255 255 0 194 255 255 99 0 125 255 52 0 0
    255 255 255 0 0 0 255 0 0 255 225 0 255 227 255 0 178 0 255 178 199
    255 233 255 0 0 255 255 255 0 0 0 255 255 255 0 0 255 179 255 143
    255 255 55 0 255 255 255 255 117 255 0 137 0 0 142 255 255 58 0 97
    183 37 255 255 255 0 0 0 17 0 0 0 38 255 75 255 0 151 0 255 0 255 0
    0 255 255 255 0 0 255 255 145 0 79 0 0 255 255 255 0 255 255 255 197
    0 108 255 0 255 133 0 0 0 255 255 255 255 255 255 0 113 0 255 255
    255 0 0 0 45 197 0 230 0 246 0 0 255 66 255 0 255 255 255 0 0 255
    255 255 0 0 255 255 0 255 0 212 134 255 199 0 255 0 0 0 255 183 0 0
    255 255 255 255 198 255 0 255 255 255 81 66 0 9 255 255 0 0 0 255
    255 0 0 255 255 255 255 0 0 255 255 255 173 0 0 0 255 255 0 255 0 0
    3 208 255 0 255 0 0 0 255 0 120 255 255 0 0 253 255 0 101 0 158 0 0
    255 0 255 0 54 255 120 255 0 255 0 255 255 255 255 255 0 0 0 255 0 0
    0 255 254 48 134 0 156 255 255 4 255 255 255 0 51 0 255 255 252 255
    255 255 0 0 50 255 255 0 139 255 255 0 0 255 255 255 0 0 255 174 174
    0 0 255 255 0 238 0 255 255 0 0 43 255 255 253 0 255 122 255 255 0 0
    0 0 255 0 0 0 0 255 255 255 255 0 0 0 255 255 255 0 255 255 255 213
    0 255 0 255 0 179 0 255 73 62 0 0 0 0 255 255 255 255 255 0 243 213
    255 255 81 126 0 255 255 255 0 182 0 255 138 0 0 0 0 0 0 255 255 0 0
    255 255 0 255 0 0 220 0 255 0 255 0 80 255 255 255 255 0 0 0 0 255
    255 181 249 255 0 0 255 0 255 6 255 0 0 154 0 62 0 0 0 255 105 255 0
    255 0 0 0 0 255 0 255 0 255 0 0 0 255 255 255 0 255 0 255 255 0 255
    0 0 191 255 0 255 0 255 0 0 0 255 0 255 0 255 255 255 0 0 102 255
    255 0 0 0 255 255 255 255 0 255 108 255 0 255 0 255 38 9 0 0 0 255
    255 255 255 255 255 255 0 0 0 255 0 0 114 255 0 255 13 0 0 164 255
    188 0 255 0 255 0 255 255 182 0 0 255 228 0 0 0 0 255 0 255 0 255
    255 255 160 0 254 255 255 0 0 52 0 255 0 143 0 0 0 255 255 0 0 0 255
    0 255 24 0 0 0 255 0 0 255 0 0 0 78 0 255 255 255 255 255 0 78 152 0
    0 0 0 230 255 0 7 0 255 0 85 219 255 0 0 255 227 0 235 255 255 255
    164 177 0 255 233 0 0 0 179 0 255 0 0 0 213 255 214 0 164 152 0 66
    255 255 0 0 0 255 0 0 0 0 255 0 255 0 0 44 0 0 0 0 255 139 255 140
    255 0 249 0 255 255 2 0 0 0 0 0 0 0 0 0 255 0 0 9 255 255 255 255 0
    0 255 0 255 79 255 248 255 77 255 148 0 255 101 255 158 211 0 0 0
    255 0 28 0 0 255 0 255 0 190 255 112 154 181 0 0 78 255 114 0 255 0
    94 255 133 0 0 255 255 255 107 255 0 255 0 255 233 255 0 115 255 137
    161 0 188 0 0 195 255 0 255 198 0 0 0 25 255 173 0 0 0 0 0 0 255 255
    255 0 0 0 243 255 255 0 24 0 255 0 98 161 255 26 0 0 255 255 255 0
    177 247 0 0 0 255 0 57 0 255 255 144 255 0 0 54 255 255 255 114 0 0
    0 255 0 0 0 21 0 0 204 123 255 221 255 0 255 0 0 0 255 255 255 0 0
    255 255 255 0 255 0 255 200 136 255 0 255 255 43 0 255 0 1 255 255
    255 0 0 0 0 0 0 255 255 0 0 0 0 0 18 0 255 87 255 255 0 67 229 255
    255 255 255 255 249 255 0 255 0 255 103 250 0 23 0 72 255 0 255 255
    255 0 0 255 68 255 255 245 255 0 255 0 255 255 255 218 0 0 255 146
    255 0 0 255 255 119 0 0 255 0 127 216 255 255 255 255 0 255 0 12 69
    39 0 0 0 255 0 65 0 255 197 255 255 255 0 255 255 255 185 0 12 111
    255 0 255 0 213 255 0 0 0 255 255 0 0 0 0 24 43 255 255 166 0 0 0
    227 255 147 0 0 255 255 255 255 255 255 0 0 255 82 255 0 255 255 0
    255 255 0 0 0 255 186 54 255 0 0 23 0 0 0 0 255 255 255 0 0 0 0 0
    255 255 34 255 0 0 0 255 255 255 0 0 0 255 0 255 0 160 0 0 255 255
    122 255 164 0 0 0 255 215 255 255 0 0 53 255 255 0 255 214 255 0 255
    255 27 0 0 255 255 104 0 0 169 201 0 255 255 0 0 0 0 255 255 255 0
    214 26 0 36 0 255 186 255 0 129 0 255 0 0 0 255 255 255 255 0 0 0 69
    255 255 255 134 0 255 255 193 0 0 255 0 0 255 0 0 0 255 255 78 72 0
    255 23 255 255 255 255 0 0 0 141 20 255 138 255 0 255 0 0 0 0 111
    255 255 0 255 255 255 0 255 255 0 0 0 255 255 15 0 32 255 255 255
    255 0 143 136 0 255 105 255 0 0 0 0 255 58 255 255 255 0 0 0 255 250
    39 255 0 255 255 255 0 255 208 0 255 255 166 130 102 0 153 0 255 65
    255 255 72 0 0 255 0 0 0 255 255 255 255 255 229 0 255 175 255 0 255
    0 213 0 255 255 255 255 0 0 0 0 16 0 255 255 255 0 0 179 255 255 0 0
    255 3 0 35 22 255 0 255 137 0 0 0 255 255 0 73 255 0 255 0 255 121
    255 255 0 83 255 255 0 0 0 255 255 255 0 255 255 255 8 229 0 255 0
    229 0 145 0 255 0 255 0 0 0 255 255 255 0 255 0 255 255 255 0 0 255
    123 255 0 255 206 117 255 0 255 164 255 255 255 103 0 255 255 255 0
    0 154 255 0 255 0 255 223 255 255 255 255 57 255 16 255 255 255 255
    255 0 255 182 188 0 255 255 255 255 0 255 55 255 0 255 255 255 0 0 0
    255 255 255 0 0 255 86 0 58 0 255 0 255 255 255 216 0 0 255 0 255 0
    225 0 255 255 119 159 164 255 53 255 129 97 132 64 255 0 0 0 255 251
    255 255 255 255 255 0 159 255 1 0 165 0 255 0 255 0 0 58 255 255 0 0
    0 0 4 203 248 255 205 227 255 255 114 0 15 255 255 255 0 75 0 255
    255 255 255 255 255 255 0 0 0 0 0 45 255 0 0 52 255 255 145 0 0 0
    255 255 74 0 0 255 0 146 0 255 255 255 0 231 225 150 0 0 255 255 255
    255 61 220 255 0 0 255 255 230 144 0 255 255 255 0 101 255 255 0 0 0
    204 105 255 255 33 0 255 255 255 0 0 0 0 0 0 98 0 255 0 126 0 255 48
    255 255 255 0 229 255 255 0 0 227 255 0 255 0 0 0 0 40 255 255 255
    255 24 255 53 255 255 255 0 0 0 255 0 255 0 0 255 48 0 251 123 255
    23 0 255 255 0 0 255 255 255 223 0 0 108 0 255 255 255 0 0 0 255 255
    255 188 255 0 255 255 11 0 0 255 255 255 0 0 255 255 255 159 0 255 0
    255 0 73 199 255 255 0 255 255 255 0 0 0 147 255 255 255 0 255 255 0
    0 0 255 255 0 212 0 255 52 255 255 0 0 0 204 0 0 0 0 255 130 255 11
    128 0 0 203 255 255 0 255 0 148 208 72 0 255 255 255 0 255 255 0 255
    255 255 255 255 0 255 0 255 0 255 0 0 0 0 255 255 255 0 159 0 0 0
    255 255 0 255 0 0 0 255 255 255 255 155 0 255 18 255 255 255 255 255
    147 130 255 255 255 0 0 132 0 89 96 0 255 50 0 0 255 0 255 0 0 0 138
    255 255 0 255 255 0 0 255 0 255 42 255 255 255 0 0 0 255 0 255 130 0
    0 63 0 8 255 255 0 130 0 82 0 0 0 255 0 0 255 23 255 0 156 0 0 0 255
    255 247 0 255 255 0 83 0 0 70 0 255 255 163 0 255 0 0 253 255 255 0
    0 0 0 255 0 206 159 0 0 255 39 255 159 0 255 0 255 0 255 0 255 255
    46 255 0 92 0 255 0 255 0 255 0 255 0 0 0 255 255 148 0 0 49 0 255
    240 255 255 255 70 0 0 255 0 255 255 0 0 255 255 0 0 0 64 148 226 44
    0 255 250 0 0 255 193 255 0 255 0 0</data></your_img>
</opencv_storage>
