<?xml version="1.0"?>
<opencv_storage>
<filter_type>0</filter_type>
<only_luma>0</only_luma>
<r1>1</r1>
<r2>2</r2>
<L2_diff>1.1962867549212438e+03</L2_diff>
<test_img type_id="opencv-matrix">
  <rows>128</rows>
  <cols>256</cols>
  <dt>u</dt>
  <data>
    15 241 43 125 54 123 240 137 224 65 182 126 168 81 123 42 65 24 157
    172 109 17 181 151 49 194 5 124 12 130 126 231 253 1 116 16 143 202
    11 247 109 171 240 166 246 112 21 79 126 7 242 31 58 95 12 13 114
    134 143 9 204 141 78 115 59 214 96 112 156 213 246 38 240 78 157 24
    33 170 132 222 254 228 246 236 119 201 124 254 235 189 219 244 131
    50 164 230 232 34 161 197 162 65 139 63 66 63 85 44 4 162 167 113
    145 111 45 46 215 247 208 186 134 70 178 142 7 69 95 100 172 112 131
    18 222 15 94 73 85 99 101 71 57 10 112 16 7 87 151 249 27 183 58 137
    42 1 200 58 145 37 172 34 193 217 239 220 181 126 178 18 133 1 195
    30 27 10 17 231 106 93 12 96 132 92 195 21 219 107 8 104 173 140 9
    26 144 80 59 81 84 136 40 137 89 98 191 67 149 124 106 153 103 170
    179 110 69 162 8 26 209 123 107 141 143 120 194 32 178 38 140 56 71
    218 2 126 160 193 212 188 40 103 194 199 140 92 113 213 134 139 97
    85 93 240 184 3 214 253 219 59 42 193 7 53 215 185 98 133 243 11 15
    155 108 27 91 186 124 206 26 121 237 107 32 190 189 210 195 147 120
    206 6 45 51 195 238 2 27 23 7 16 12 95 179 56 204 48 66 168 31 154
    164 4 222 202 210 110 72 98 210 217 22 84 105 57 29 137 69 206 185
    210 140 0 248 53 139 86 178 146 223 191 249 218 48 210 22 241 237
    239 84 76 196 211 54 97 133 64 74 71 114 35 218 150 207 13 106 174
    119 67 181 83 154 148 150 233 93 175 107 110 4 135 108 23 67 123 131
    103 47 169 1 56 166 201 111 99 117 140 130 195 229 165 162 104 199
    234 115 101 254 153 194 190 35 168 10 13 61 219 8 163 239 180 201
    227 249 112 195 147 197 130 125 60 103 54 62 124 255 133 121 79 10
    225 204 147 218 15 143 95 31 255 176 180 190 52 222 174 8 190 13 125
    190 19 145 96 71 134 83 69 246 39 78 51 17 198 69 163 117 186 65 196
    200 140 203 238 139 28 237 46 74 47 18 29 13 201 182 171 10 178 71
    147 146 105 160 161 205 129 215 82 73 196 203 185 174 46 42 101 249
    131 176 4 120 92 79 134 202 45 240 245 245 10 11 244 46 190 115 198
    139 87 10 205 237 111 232 245 239 207 132 104 26 156 224 19 147 177
    228 162 238 75 14 252 158 226 115 61 195 54 120 0 115 7 116 31 79 86
    43 87 6 29 3 14 60 5 90 9 166 228 228 164 83 166 72 19 222 41 124
    207 35 164 95 143 192 154 6 172 131 114 98 230 53 32 47 207 92 43
    191 117 140 57 201 27 19 189 191 34 195 140 58 140 105 66 104 204 31
    164 147 229 72 3 21 66 245 215 110 34 125 230 55 243 176 63 120 16 3
    237 125 61 200 252 72 101 50 111 116 95 251 118 18 241 27 37 17 91
    32 120 111 99 166 57 254 229 193 13 128 172 237 102 216 123 213 111
    219 25 51 11 85 52 86 36 71 49 98 5 190 227 153 58 104 212 15 238 58
    27 46 170 7 198 116 68 214 62 228 253 107 73 67 56 114 57 142 231
    231 113 98 213 65 229 72 24 170 75 108 85 17 84 224 157 169 235 74
    102 83 248 190 71 141 180 28 143 211 88 55 253 148 79 55 26 106 168
    231 84 253 164 175 34 228 185 66 76 98 45 61 137 213 49 2 106 111
    144 219 29 42 241 139 141 37 194 4 204 69 130 161 247 223 229 129
    206 117 254 250 214 30 40 65 53 158 140 233 6 173 230 6 117 33 224
    192 160 186 45 208 111 12 94 121 236 65 172 125 93 0 254 212 129 248
    208 52 77 101 141 206 155 64 221 120 229 149 17 31 190 173 54 52 251
    253 53 31 198 226 186 244 35 118 253 145 185 202 132 160 135 38 174
    72 113 25 149 14 183 101 243 59 33 203 4 214 234 84 255 101 230 113
    239 30 139 0 233 8 170 101 132 92 244 163 246 141 100 238 204 255 90
    17 120 82 218 88 154 20 200 130 2 220 215 19 223 147 211 211 164 10
    146 151 172 64 151 177 155 12 58 139 162 238 127 209 176 173 40 217
    149 167 57 64 27 88 79 54 112 163 24 227 67 2 101 83 222 24 135 164
    252 82 101 43 213 78 156 12 112 90 23 217 22 100 173 80 52 203 104
    248 223 254 180 234 116 56 102 219 200 132 248 65 138 225 7 241 180
    67 118 231 181 145 212 185 79 145 165 138 114 42 78 112 155 119 248
    5 220 36 2 86 235 178 68 104 176 61 28 167 114 215 97 134 208 60 62
    45 232 222 114 207 203 235 167 77 101 92 222 112 189 145 147 70 71
    36 22 54 148 78 206 166 76 37 81 55 101 2 13 250 114 117 238 112 182
    48 68 234 66 65 205 63 46 35 171 192 54 205 122 43 216 100 71 187 71
    51 27 40 125 254 248 49 197 143 203 29 215 98 125 76 76 149 236 49
    43 161 218 24 217 121 220 6 7 161 60 212 57 72 4 44 64 38 239 43 141
    74 145 199 105 254 206 22 73 181 213 5 20 124 137 74 64 14 239 2 95
    243 224 89 123 142 32 112 179 78 204 135 105 153 50 131 40 37 212
    173 99 108 185 56 82 19 22 41 200 35 133 140 219 76 25 176 88 119
    222 67 63 206 67 248 20 189 185 246 80 71 11 80 117 191 245 120 102
    120 13 134 187 42 124 88 30 58 99 167 91 17 138 156 8 113 209 145
    170 5 169 217 24 247 7 128 58 145 215 246 33 133 2 107 134 233 17
    210 57 225 192 209 33 53 94 57 23 160 191 130 191 157 175 27 74 9
    168 87 163 246 54 124 161 40 164 10 205 217 50 86 226 114 251 67 175
    125 116 110 79 2 37 21 62 215 227 167 242 120 230 199 253 153 34 198
    26 159 2 222 92 217 41 199 66 148 158 107 127 43 231 180 63 21 119
    155 121 238 203 17 195 246 184 13 182 3 230 195 252 27 132 225 212
    224 246 166 38 150 114 141 163 16 205 59 191 182 184 44 46 119 225
    104 151 117 149 89 106 96 45 234 126 186 3 115 22 244 91 199 240 33
    238 41 151 148 207 85 154 69 100 162 62 157 241 194 89 119 250 108
    175 105 225 113 65 109 107 146 115 248 223 140 106 128 29 56 114 220
    129 108 211 43 203 91 188 250 7 194 79 12 142 215 3 206 231 165 100
    48 125 139 182 51 24 70 195 55 255 169 201 99 126 59 114 246 214 30
    62 226 114 165 255 177 36 191 105 211 117 30 132 189 141 57 190 34
    217 176 41 101 124 181 28 242 143 122 235 186 33 217 144 249 72 165
    1 224 90 106 181 193 179 4 150 238 155 29 146 161 212 128 169 41 110
    146 74 222 238 199 2 71 128 33 142 116 215 21 222 7 236 139 14 74 19
    211 98 155 133 5 250 234 27 220 79 168 214 109 190 171 91 22 203 84
    68 17 132 40 25 181 203 25 225 182 110 185 86 226 110 33 130 68 215
    230 144 165 80 48 70 218 118 49 170 175 33 155 122 253 12 49 63 32
    253 23 49 90 109 250 185 160 120 211 100 195 60 161 27 134 156 142
    172 119 249 222 83 34 165 204 212 81 95 141 88 211 252 171 220 161
    90 73 23 233 13 134 98 246 121 137 235 48 40 157 16 251 161 229 180
    215 192 125 243 207 236 208 144 12 106 204 46 82 9 97 38 89 176 244
    238 59 208 223 184 205 40 130 20 86 119 150 120 218 22 20 168 205
    209 52 154 29 141 162 79 9 20 152 96 222 115 32 137 224 158 96 217 8
    57 80 121 25 191 243 94 231 226 54 173 222 213 208 248 0 68 119 212
    214 146 60 25 201 163 216 169 197 14 189 136 98 175 71 147 144 193
    86 23 38 41 128 39 97 32 231 33 121 182 185 202 22 56 121 253 194
    205 108 169 206 64 92 58 179 140 167 27 14 138 153 32 200 247 165 74
    243 213 34 243 64 152 73 79 102 165 70 242 67 213 181 153 246 170 0
    161 108 5 188 131 74 125 37 109 97 70 223 199 157 154 166 218 149
    138 193 222 49 146 217 210 249 78 26 170 119 91 79 69 112 50 181 212
    83 82 91 142 252 131 24 89 37 83 15 27 207 93 65 160 223 66 3 66 172
    218 68 239 215 143 152 169 191 181 132 53 247 191 238 207 20 213 62
    45 242 212 105 170 215 249 233 152 169 159 235 221 95 30 210 96 57
    34 136 98 209 231 119 128 240 39 80 71 40 87 55 153 145 46 221 218
    253 112 232 151 25 183 69 141 104 156 253 84 64 216 250 43 80 237
    151 67 93 26 11 118 17 233 15 190 154 169 103 217 62 167 215 57 88
    195 45 179 231 229 19 61 216 2 73 30 175 10 86 153 70 82 237 137 148
    154 1 206 63 84 3 155 77 55 251 226 105 139 119 206 79 158 135 46
    112 170 44 137 29 223 86 64 78 42 213 160 117 231 69 239 59 157 254
    74 77 236 75 38 0 60 5 227 106 96 139 205 97 10 246 51 3 213 208 122
    211 178 168 20 129 76 196 236 200 106 8 9 213 77 112 136 85 205 169
    74 36 120 67 249 254 152 91 141 88 72 247 153 225 151 94 59 75 159
    26 212 79 144 171 169 2 127 161 210 189 242 114 132 167 44 32 65 53
    122 15 66 113 144 15 59 43 177 85 151 73 64 183 135 30 58 188 71 13
    0 209 120 226 34 242 107 13 37 185 213 166 197 111 17 160 49 231 42
    250 104 129 92 85 95 199 215 166 221 70 175 97 108 148 109 195 203
    140 251 135 73 140 189 162 194 17 124 106 22 163 68 16 203 111 108 7
    27 100 51 116 233 60 144 59 174 10 54 65 88 47 210 220 79 97 105 14
    27 165 82 161 213 139 178 26 4 215 231 116 227 133 20 29 114 142 206
    94 117 187 104 47 19 37 80 48 117 254 29 151 230 201 55 166 85 78
    102 35 242 33 100 50 54 201 235 157 33 57 45 95 85 131 30 213 157 96
    49 38 82 209 151 67 186 45 24 114 142 134 242 128 239 215 23 239 65
    188 75 184 23 202 155 176 53 202 156 219 130 11 160 252 131 253 167
    92 99 40 208 213 165 139 246 11 132 219 147 212 189 108 192 108 170
    53 56 82 105 45 62 65 187 48 143 204 214 155 185 194 241 53 139 210
    100 84 111 138 224 245 194 230 117 91 17 113 4 211 156 218 197 153
    91 107 73 62 132 33 229 251 82 231 203 206 130 22 222 63 91 227 231
    163 185 8 79 109 244 27 238 209 184 20 40 243 20 157 110 36 202 231
    199 38 97 89 124 176 136 67 230 23 199 100 184 4 28 225 82 42 237
    107 194 62 26 163 178 243 177 79 79 42 41 245 202 83 177 189 218 248
    198 56 183 199 154 79 40 98 95 156 236 244 184 51 71 244 167 9 146
    251 167 107 106 98 36 141 214 57 246 229 65 54 132 72 33 186 35 39
    113 17 209 100 169 174 172 178 243 172 164 215 80 65 97 192 159 105
    219 131 216 118 25 193 196 96 249 98 194 14 166 185 251 176 233 105
    202 208 93 236 211 226 210 251 9 222 22 131 105 205 43 71 139 61 27
    124 188 54 22 116 174 245 165 48 51 38 226 138 168 8 85 223 243 198
    176 3 53 107 54 184 188 217 52 251 219 137 42 168 173 121 119 13 214
    128 94 231 216 221 60 167 3 9 176 202 181 226 69 192 137 146 126 112
    143 3 199 217 54 233 109 77 201 181 243 14 200 122 94 148 173 239
    227 90 90 135 10 214 245 104 10 70 23 11 217 190 60 193 88 170 85 68
    7 97 67 179 208 103 36 250 13 39 151 147 207 193 197 94 55 152 188
    246 59 66 171 171 161 50 22 83 3 167 137 232 197 194 69 163 83 184 5
    3 67 78 66 183 194 65 70 250 155 51 160 194 223 252 13 92 109 128
    242 0 73 131 58 93 79 132 240 76 188 124 104 118 121 160 49 37 22
    154 152 205 235 207 7 107 139 189 233 205 46 58 109 36 154 123 195
    82 90 55 168 146 97 213 97 231 139 30 109 232 187 3 168 83 171 184
    105 50 2 210 191 69 127 224 21 183 152 250 143 39 162 24 123 214 212
    226 144 33 106 51 137 89 134 171 224 5 114 154 232 121 46 57 145 46
    210 138 82 19 90 217 190 115 201 10 101 19 40 178 210 164 97 29 199
    149 254 148 215 172 84 6 202 106 138 95 158 226 141 64 166 179 181
    149 233 165 5 98 197 173 229 32 188 182 180 21 239 124 228 243 58
    191 26 63 225 162 198 250 9 233 79 231 10 27 163 244 76 156 152 217
    242 19 86 136 155 21 163 200 78 238 19 229 187 35 177 159 177 189
    229 142 231 0 191 46 156 79 58 60 15 12 201 203 91 172 156 111 141
    37 200 74 55 104 69 148 182 191 16 216 130 210 92 248 130 56 140 40
    240 229 41 152 80 172 240 98 14 239 71 107 251 102 165 198 152 86 22
    161 65 149 101 62 63 126 228 7 49 39 194 1 128 201 115 75 109 228
    166 81 37 237 216 210 100 119 119 163 152 176 232 163 61 227 77 183
    34 120 224 234 140 174 88 45 245 145 46 137 8 150 135 205 61 9 80
    167 155 48 4 162 110 205 89 179 24 189 33 119 111 18 69 42 234 211
    170 225 89 38 51 224 28 72 144 12 146 181 210 1 238 111 143 185 192
    252 57 213 4 6 51 168 197 192 18 119 39 202 221 210 243 160 231 252
    124 84 146 68 156 67 38 36 123 180 134 59 180 162 97 32 13 51 193
    169 174 159 227 159 120 184 19 198 64 182 175 157 176 4 44 182 173
    130 193 99 156 193 82 44 231 13 59 226 24 5 131 11 118 180 95 122 62
    117 186 142 35 146 140 15 13 55 6 97 176 52 207 100 69 42 222 230
    186 6 195 143 52 148 222 192 41 109 54 0 145 127 117 94 228 213 207
    253 241 189 138 40 246 205 78 105 114 159 148 189 28 187 163 244 121
    14 124 195 237 139 115 81 112 179 131 162 224 108 21 63 221 179 168
    40 201 221 180 108 87 228 185 164 209 177 99 53 216 163 212 125 227
    186 152 235 153 60 31 164 193 211 196 131 109 206 57 247 207 132 176
    231 238 115 239 118 8 240 109 55 144 227 107 243 167 205 103 241 178
    103 187 226 30 56 82 51 119 123 41 136 26 51 107 56 130 243 98 240
    202 154 188 187 35 139 11 246 93 42 236 238 115 185 22 29 22 169 151
    223 92 84 239 106 56 40 111 118 46 142 95 42 239 89 226 155 251 255
    134 114 240 240 50 108 227 92 73 39 172 141 146 20 245 216 239 29
    215 73 131 188 46 203 159 179 145 150 240 22 80 59 126 35 18 1 205
    98 245 19 69 249 71 150 132 20 139 247 124 200 148 242 182 207 231
    105 203 177 103 33 44 61 118 55 102 33 127 178 204 6 196 96 170 130
    148 143 231 180 0 64 179 209 16 158 45 242 221 238 49 75 173 243 141
    10 138 105 69 39 120 158 184 19 52 144 27 144 156 121 195 57 83 118
    204 114 129 99 47 76 101 69 102 49 122 138 144 176 69 229 31 63 185
    97 27 188 154 227 153 113 50 140 86 220 67 5 16 114 249 131 208 175
    229 53 17 162 32 50 92 194 101 34 5 50 99 215 212 251 205 14 122 63
    120 102 37 223 159 94 44 227 2 171 215 49 141 175 87 59 136 167 88
    54 234 198 67 156 71 154 219 40 155 213 62 220 92 36 211 199 49 103
    134 93 104 0 253 63 74 152 83 139 77 129 107 45 3 79 66 74 104 163
    237 16 167 57 20 206 218 60 153 231 17 77 1 64 237 96 159 80 0 140
    25 121 79 212 81 94 217 147 44 145 199 81 200 222 34 72 51 160 9 48
    77 159 212 179 39 56 113 58 190 199 30 89 75 110 224 210 123 50 76
    42 119 43 66 127 171 1 178 178 77 206 21 94 144 134 221 37 63 93 93
    30 252 251 237 105 230 66 52 108 164 85 60 29 240 47 195 213 127 95
    147 61 34 220 58 189 238 194 129 127 62 135 133 105 134 137 107 150
    239 172 175 132 56 154 107 199 72 184 74 27 216 168 72 209 232 68
    193 45 122 158 60 7 201 237 11 22 24 137 231 188 193 166 88 253 104
    57 161 230 111 18 196 49 218 239 191 181 225 240 40 186 177 92 94 10
    93 211 156 225 169 51 206 155 60 41 103 29 106 38 212 231 217 181
    189 89 150 241 241 183 110 114 208 218 9 240 214 147 40 248 159 131
    48 253 107 98 145 3 149 233 151 50 83 120 100 144 123 125 241 179
    244 140 63 0 35 93 136 84 167 204 50 221 2 156 50 192 105 217 76 63
    12 183 75 36 125 233 20 156 226 203 17 224 140 68 131 86 12 138 95
    124 166 158 246 186 216 189 113 0 39 39 81 174 153 232 86 156 80 8 9
    214 83 42 220 253 82 127 242 176 153 211 15 108 116 42 176 77 56 155
    162 100 185 157 126 142 139 37 14 242 130 41 117 92 147 136 88 253
    142 147 27 128 167 44 194 128 209 194 45 96 5 108 107 90 101 76 119
    221 1 127 189 197 21 193 133 17 254 50 208 4 171 33 90 97 45 84 74
    158 55 28 239 154 57 146 72 88 88 193 166 77 27 191 140 175 111 173
    88 196 5 132 21 215 254 156 134 204 82 117 12 143 139 87 94 125 126
    169 118 31 115 200 194 93 16 12 240 215 4 146 230 22 117 67 219 175
    160 234 166 177 151 254 40 229 255 6 125 105 87 87 144 23 194 75 30
    234 211 165 18 136 169 100 207 160 122 11 146 125 136 91 27 1 244
    189 179 95 93 142 153 95 232 88 190 155 192 158 157 175 185 105 211
    120 191 217 247 96 167 23 15 182 249 158 221 234 201 51 245 232 66
    154 210 70 55 197 6 254 208 135 190 159 30 51 124 206 110 186 232 87
    68 68 125 168 139 47 70 8 147 174 184 117 70 181 236 106 216 53 187
    149 170 107 250 38 205 97 115 29 4 88 147 148 176 13 86 110 225 31
    11 5 234 240 32 187 182 237 237 10 255 233 120 245 6 244 144 1 164
    196 139 233 21 234 97 114 16 126 253 42 190 73 130 170 143 146 13
    107 13 118 190 172 62 75 26 116 124 50 229 239 31 37 148 254 84 223
    102 79 49 194 236 46 77 218 102 243 140 72 228 198 108 225 116 115
    160 247 47 144 15 93 248 142 15 155 51 156 43 220 79 74 6 230 80 55
    237 17 167 37 103 107 108 75 18 51 161 58 156 169 157 235 235 161
    254 66 113 71 224 123 219 192 41 224 225 42 59 253 157 163 163 36 52
    32 221 7 251 246 106 66 118 224 21 237 227 119 26 134 107 93 42 200
    183 223 39 91 131 28 54 19 236 248 197 241 150 42 180 245 65 82 223
    250 48 185 202 77 147 65 159 117 33 15 49 5 131 193 242 79 219 7 151
    140 176 246 91 74 11 210 162 53 207 245 102 176 98 170 8 239 137 249
    103 57 5 79 18 124 187 245 43 111 92 95 20 113 121 106 30 79 222 175
    203 179 233 198 82 111 40 183 216 181 178 96 23 40 18 149 115 135
    164 91 120 67 170 130 217 30 36 38 74 107 115 195 107 62 50 129 34 6
    247 59 37 13 172 206 96 249 14 234 199 182 15 22 152 142 61 150 104
    9 89 25 121 107 102 14 143 133 235 238 121 77 1 222 128 35 121 93 67
    30 62 19 252 150 66 123 228 74 170 235 62 32 64 213 13 143 194 4 7
    138 233 7 148 193 214 99 7 255 87 254 70 111 153 226 216 163 228 88
    169 173 47 82 252 164 207 112 155 111 160 190 160 99 247 137 153 99
    107 76 191 224 38 196 240 152 138 83 141 4 213 189 24 168 202 210 53
    54 233 240 85 33 134 20 110 191 169 33 138 9 162 181 162 132 159 235
    182 198 133 40 3 5 89 108 56 252 114 243 221 146 224 180 115 223 7
    18 3 139 107 212 127 174 46 18 70 181 139 138 77 224 106 238 152 47
    55 246 196 53 42 211 153 82 111 156 37 146 182 129 97 152 115 18 123
    114 25 98 2 151 109 18 50 157 76 146 87 52 245 136 34 34 25 228 92
    239 91 124 23 193 252 77 132 74 204 15 150 31 232 32 111 15 132 50
    202 139 90 127 226 4 75 69 205 214 238 86 2 128 10 122 147 172 180
    152 140 250 80 44 49 196 150 232 180 8 203 78 45 152 35 254 163 139
    184 8 222 229 195 240 188 196 162 211 97 199 45 170 79 98 253 47 87
    224 97 59 143 193 134 215 249 97 228 235 199 7 22 174 38 234 150 232
    202 73 156 138 216 201 229 148 2 36 154 32 197 167 211 62 32 34 62
    143 43 78 108 66 114 87 242 233 135 222 191 16 34 152 162 72 154 28
    203 39 130 43 84 154 42 151 177 95 53 230 98 227 60 57 186 124 170
    140 172 245 43 134 236 25 117 219 240 21 201 94 53 115 54 50 123 68
    163 18 61 108 210 16 29 153 41 213 71 53 73 64 206 157 164 133 140
    170 125 133 142 93 233 233 85 92 176 121 224 119 87 232 173 73 231
    220 76 11 104 173 185 150 89 64 221 40 120 32 151 200 72 33 158 172
    15 55 72 152 134 225 49 156 66 75 207 71 194 117 232 4 72 56 255 70
    255 115 54 23 194 247 149 207 84 51 236 25 131 43 12 38 0 153 173
    231 221 47 216 250 51 223 0 39 156 251 37 37 160 168 255 84 183 116
    152 211 77 11 141 140 116 77 4 54 145 82 246 189 167 215 157 171 158
    170 222 80 83 43 251 247 156 133 105 49 208 68 167 174 165 149 63 33
    215 240 82 56 225 97 135 243 77 33 33 35 92 135 70 229 153 168 206
    204 41 217 65 127 6 64 63 95 12 31 28 59 232 181 107 207 237 179 247
    126 59 98 184 104 176 13 213 52 237 37 122 184 99 156 254 145 9 103
    173 65 254 78 104 64 210 142 209 154 80 201 141 234 242 36 53 159 28
    118 94 48 143 88 164 54 247 62 195 50 6 184 191 120 235 56 91 38 89
    186 127 229 231 144 38 149 196 141 240 12 58 160 22 220 206 237 170
    3 251 93 194 41 170 59 67 24 172 180 7 122 115 182 6 237 159 71 116
    159 79 122 55 192 198 116 136 50 61 120 156 5 164 253 159 154 144 76
    35 58 136 244 93 217 169 188 20 249 180 144 36 184 67 6 57 67 10 44
    180 210 127 121 183 175 122 146 186 139 153 38 90 130 217 3 153 51
    124 173 69 217 48 189 92 114 36 64 74 54 192 149 118 237 233 120 112
    49 57 129 195 204 42 74 148 207 39 60 95 43 44 124 223 228 53 221
    162 182 231 78 228 195 14 105 98 213 244 49 224 140 19 123 11 174
    207 57 84 119 121 134 92 166 159 47 28 11 157 44 248 182 128 131 91
    60 20 92 91 205 11 238 160 157 143 231 47 104 199 70 119 181 49 237
    8 207 9 178 26 17 109 88 223 78 235 179 84 223 81 205 51 182 180 178
    236 253 43 227 85 127 73 173 5 182 82 187 173 38 228 152 234 235 23
    6 232 149 3 208 217 65 29 45 14 120 185 73 254 157 221 225 99 83 193
    191 215 40 48 137 241 128 136 10 232 219 137 235 164 39 188 107 125
    215 113 126 69 181 3 127 98 91 215 83 124 130 9 119 206 111 166 225
    216 183 221 180 1 210 186 39 173 41 37 34 140 89 171 180 50 24 227
    28 196 2 187 6 41 14 159 63 232 61 78 57 137 249 200 184 191 182 162
    72 37 115 56 119 160 107 70 241 207 72 91 152 5 219 161 157 35 165
    254 17 92 208 71 82 51 220 120 116 88 68 55 50 143 159 48 216 210
    129 125 60 97 234 109 26 216 58 118 106 196 218 40 182 241 60 171 7
    223 66 53 173 219 162 65 225 115 137 102 18 143 51 229 116 24 52 237
    125 131 76 172 41 173 158 171 120 103 85 13 226 168 77 233 61 8 228
    177 91 233 87 35 122 66 147 162 35 177 193 250 230 93 85 208 67 87
    105 5 49 154 95 30 120 92 171 151 86 39 112 80 201 90 213 20 174 215
    232 175 79 143 134 162 97 69 179 217 156 209 78 125 165 22 163 232
    97 19 63 12 221 220 107 125 171 58 227 26 181 247 68 126 58 117 26 2
    14 22 22 212 111 109 224 210 47 28 17 75 170 231 159 208 50 244 118
    248 112 112 177 7 87 118 234 7 248 16 203 105 23 170 51 30 61 116 11
    179 142 168 178 60 61 237 186 46 31 246 234 209 29 66 77 215 152 100
    72 114 75 221 234 71 105 19 8 47 26 178 102 186 0 123 228 48 236 113
    63 62 133 41 6 208 64 238 99 206 183 136 131 32 101 5 47 216 86 190
    78 236 202 197 123 167 20 163 47 170 165 122 66 54 254 226 169 127
    22 238 138 208 244 254 181 66 12 139 250 228 13 230 51 238 115 108
    60 115 72 247 150 221 83 146 253 19 173 237 203 24 166 200 214 253
    130 186 225 66 132 123 22 180 67 27 252 64 122 88 131 84 92 244 98
    77 83 74 245 222 65 6 203 142 41 54 141 113 222 1 5 162 210 214 169
    55 237 145 128 197 178 170 193 38 94 245 230 153 176 37 160 235 243
    97 98 126 146 72 3 99 179 229 173 233 104 228 175 175 200 118 101
    186 86 225 123 42 131 129 229 9 86 63 124 20 34 132 27 201 47 191
    103 7 106 24 146 192 191 72 106 190 144 234 6 52 236 245 16 167 72
    116 75 109 219 46 164 114 14 174 105 18 178 166 13 107 179 72 168
    253 64 203 140 176 121 133 211 82 148 29 220 196 46 207 198 199 199
    220 26 251 177 164 32 17 141 20 6 62 183 49 126 125 140 245 85 116
    60 14 118 80 97 214 177 221 194 44 191 118 202 241 127 92 61 42 93
    187 227 22 175 47 51 83 62 210 179 101 102 96 68 161 65 152 172 169
    36 65 0 108 5 174 152 221 37 184 56 199 84 71 107 183 180 139 162 85
    126 104 137 167 100 122 211 200 195 12 170 65 236 128 79 34 214 75
    183 175 23 60 108 218 115 81 133 31 216 150 208 16 89 97 52 208 113
    116 230 160 40 139 189 81 84 255 22 25 92 81 147 100 79 63 48 36 17
    164 86 144 222 174 27 32 198 90 78 154 95 226 6 154 160 177 210 0
    213 158 168 206 144 227 57 183 240 24 26 212 245 59 103 181 53 227
    48 233 189 75 186 245 188 37 53 66 161 126 56 123 138 22 0 11 163
    124 43 42 123 182 173 21 144 67 132 63 138 250 192 214 246 2 251 153
    228 94 189 240 30 44 133 114 214 98 24 206 45 252 227 140 61 232 90
    26 75 104 255 246 122 171 82 215 53 118 21 180 214 131 101 149 211
    73 62 136 189 208 199 140 240 81 40 192 58 113 215 75 232 125 208 14
    29 32 121 58 37 29 167 45 252 67 155 165 221 77 164 138 197 236 129
    214 50 238 143 66 73 158 13 33 199 83 65 123 64 155 249 153 107 158
    15 55 147 127 132 106 91 152 20 105 245 223 104 31 227 118 229 163
    201 205 66 108 230 164 150 11 170 232 60 131 241 162 109 171 145 16
    222 40 209 96 0 171 172 217 132 70 194 185 132 248 108 112 37 244
    250 68 130 63 88 24 10 242 227 231 12 215 146 141 192 71 184 189 188
    91 123 222 153 200 136 208 70 152 80 120 103 41 123 241 235 80 215
    124 5 37 180 160 223 224 164 94 20 84 30 112 209 45 102 136 116 193
    221 2 213 44 74 94 105 168 110 193 67 99 185 222 212 225 176 117 59
    140 100 203 35 202 205 240 165 50 14 105 18 197 65 208 231 108 21
    231 176 221 191 174 12 178 159 244 13 188 128 106 238 165 42 190 91
    154 174 184 93 159 80 153 149 16 193 45 92 85 75 116 223 69 246 250
    238 189 74 181 174 44 77 61 83 84 234 123 60 85 162 217 163 56 59
    217 21 101 95 14 78 58 163 126 2 106 14 9 185 101 218 110 249 184 45
    19 231 137 23 151 227 194 177 203 180 156 176 35 97 95 82 103 222 42
    149 119 80 232 58 92 160 32 202 129 123 13 83 157 93 10 150 58 255
    199 80 141 151 72 16 59 50 122 231 72 34 130 224 24 224 134 40 8 177
    139 253 70 180 47 101 179 55 172 137 133 170 112 121 204 4 148 164
    222 74 154 239 106 235 52 35 86 252 137 94 16 25 71 153 155 63 21
    130 33 65 53 176 118 25 136 247 250 216 18 140 176 74 52 72 231 235
    17 116 46 21 203 146 164 183 255 123 177 173 182 91 184 169 27 233
    227 118 238 42 70 242 51 241 51 45 148 27 203 136 183 210 218 56 197
    161 184 127 172 144 98 66 72 167 250 107 231 76 147 81 137 228 12 68
    169 205 179 233 126 186 34 64 209 15 28 199 48 247 214 59 34 180 225
    141 216 63 223 81 96 206 38 8 55 187 87 108 199 49 68 139 164 183
    242 64 74 36 232 254 166 63 75 152 98 175 151 125 237 90 140 61 20
    63 194 32 56 104 150 135 197 3 186 123 32 156 175 13 140 79 23 86 58
    194 101 161 94 234 215 247 79 12 182 135 38 145 166 51 183 83 151
    122 188 48 104 99 28 143 15 194 103 247 60 81 145 158 150 38 197 113
    170 141 77 24 142 111 249 235 69 107 101 201 112 241 64 57 43 220
    195 7 181 81 229 25 144 217 160 44 59 192 247 21 235 50 208 76 223
    80 245 200 253 27 57 241 87 87 48 64 228 27 254 227 63 252 16 40 56
    214 205 26 60 102 132 196 228 60 119 67 142 120 225 89 251 214 203
    48 218 36 7 35 210 75 127 146 54 196 240 45 144 35 162 14 187 177 18
    179 81 244 171 44 56 81 200 131 120 120 85 5 166 204 63 168 73 79
    168 112 229 202 90 91 194 109 156 225 209 226 226 153 69 22 202 228
    203 115 182 254 191 114 185 134 20 42 159 54 180 99 14 237 24 56 98
    241 198 27 80 93 162 146 171 47 13 22 195 150 57 231 146 136 236 100
    97 214 52 86 89 4 181 232 130 30 64 181 221 113 244 51 23 232 186 92
    118 161 24 127 81 247 92 227 207 80 116 165 131 144 54 185 9 244 178
    110 110 187 46 1 147 161 185 57 70 185 14 55 70 110 109 120 36 70
    137 46 193 125 32 127 70 14 134 159 188 148 66 225 224 224 19 225 94
    175 77 172 125 48 63 216 140 39 17 144 167 113 29 112 203 79 231 15
    167 231 145 202 230 166 205 47 172 247 156 12 130 64 152 243 132 250
    29 65 91 164 192 149 208 198 159 50 176 231 135 194 97 110 79 221
    240 165 76 59 121 10 214 33 73 35 177 29 195 86 87 49 225 192 190 18
    108 95 66 31 68 237 63 17 134 154 76 199 125 14 116 80 136 118 41
    112 9 147 241 163 198 41 71 39 13 210 163 196 175 229 234 119 182 9
    192 82 209 2 85 167 216 117 22 227 210 235 222 112 191 104 203 242
    112 219 232 97 214 13 246 75 32 31 146 53 152 195 71 140 198 61 204
    209 37 61 160 185 183 128 116 231 161 253 93 193 50 87 210 41 153
    172 192 154 100 8 123 104 101 248 185 47 198 209 126 38 153 189 21
    42 76 246 38 19 70 126 72 54 85 125 118 29 125 111 167 93 219 198
    252 12 255 217 124 181 213 56 135 25 113 122 171 78 160 204 156 21
    128 119 235 34 46 107 222 233 4 187 81 56 51 58 73 151 17 30 136 43
    152 37 213 199 103 228 123 230 52 184 75 169 244 100 126 121 28 147
    49 124 0 26 136 207 194 202 205 155 140 45 112 74 208 219 136 182
    167 32 185 238 195 162 246 108 42 56 15 128 43 88 80 207 96 134 255
    1 36 138 155 191 61 90 75 131 156 60 168 75 218 51 184 141 231 10 67
    1 106 75 28 250 176 50 148 246 167 97 61 221 126 4 95 32 57 37 255 3
    125 143 199 83 71 27 236 221 76 151 124 201 90 250 71 192 178 43 41
    232 149 225 196 232 25 205 185 247 3 11 114 26 95 236 172 176 173
    255 47 19 166 39 166 126 104 254 71 216 91 122 154 32 103 68 122 25
    48 58 49 4 22 151 241 29 247 34 88 27 13 87 201 38 166 148 62 127 94
    167 100 182 77 5 46 200 122 167 170 52 172 222 146 54 86 147 63 141
    84 206 139 225 77 27 229 143 141 32 44 99 2 96 140 22 215 211 69 27
    173 253 108 145 182 53 97 244 240 18 97 56 224 59 40 212 204 246 133
    203 243 9 156 235 72 136 26 44 1 171 238 41 168 176 119 39 46 118
    255 53 168 32 70 178 206 23 19 19 233 171 133 57 62 10 138 9 28 29
    100 142 173 13 79 154 174 173 7 25 51 221 235 213 209 255 147 129 65
    71 150 135 234 96 19 104 155 110 77 156 249 205 221 209 102 13 42
    121 76 206 111 230 44 48 88 23 60 68 92 94 191 20 101 95 198 107 122
    79 157 82 177 36 106 55 149 187 1 6 237 126 3 159 186 198 94 106 154
    115 134 128 2 57 1 14 225 18 56 121 188 102 113 22 84 13 249 152 101
    107 81 7 84 102 232 159 48 43 107 180 15 251 195 57 153 25 100 11
    197 83 122 228 136 63 179 187 245 38 153 230 216 99 91 224 20 229
    243 204 203 196 153 236 41 54 208 145 159 132 154 40 85 122 217 143
    136 100 24 83 254 209 202 182 118 162 55 161 171 184 75 204 32 40
    202 249 209 225 101 149 108 85 247 56 218 202 37 22 45 240 207 205
    35 225 141 60 213 186 204 82 196 27 99 245 16 183 34 239 216 27 11
    63 215 117 64 196 127 30 34 29 232 87 176 156 70 107 58 207 232 227
    239 125 136 134 141 79 219 108 37 44 125 190 152 113 160 247 51 165
    82 165 82 235 202 106 138 230 108 158 156 100 237 32 133 251 50 147
    210 98 235 84 91 232 212 168 17 83 234 150 120 224 45 16 54 139 121
    111 29 197 143 253 7 67 20 135 180 98 81 89 54 138 162 35 80 61 179
    233 205 157 244 42 237 241 166 150 242 181 14 189 47 185 148 219 219
    120 82 233 128 219 200 188 164 189 124 243 131 39 163 2 187 85 1 192
    193 95 200 71 51 54 139 141 214 185 142 97 226 236 92 150 185 18 117
    105 191 134 38 202 53 167 225 98 75 103 140 98 179 31 198 152 188
    224 156 42 234 61 115 87 242 111 90 17 160 64 46 248 170 78 0 141
    164 18 239 156 61 92 163 148 253 166 62 94 242 107 108 169 26 213
    236 231 208 92 90 235 147 235 130 91 242 220 157 121 74 180 231 244
    212 179 234 175 180 28 95 49 15 168 179 208 230 186 147 180 190 246
    7 200 178 240 152 92 85 123 213 48 245 198 190 130 122 107 10 96 9
    145 199 233 48 5 59 21 239 250 210 80 26 169 175 28 76 15 8 41 29 67
    192 55 207 205 99 75 252 37 126 238 242 73 189 219 143 187 208 82
    209 104 246 121 69 162 230 161 15 238 2 193 45 157 221 102 197 43
    174 185 75 13 246 156 7 58 68 234 109 51 9 49 229 66 62 156 0 58 53
    172 146 68 5 45 157 87 165 194 70 99 162 94 154 81 182 121 195 124
    88 227 159 10 184 43 206 234 226 98 139 243 193 32 255 147 219 63 76
    101 84 252 20 224 24 74 77 185 60 253 223 117 213 217 34 95 94 14 83
    151 20 59 48 253 174 248 100 7 218 106 116 14 35 32 176 24 31 38 240
    241 60 54 177 211 248 222 69 48 189 180 68 212 65 202 230 157 168 39
    17 247 97 49 120 100 3 60 63 118 103 209 215 32 120 140 108 129 93
    25 241 249 126 40 158 211 133 194 55 103 55 165 87 28 63 76 241 84
    12 68 230 136 147 22 162 22 75 178 253 11 114 152 67 50 63 199 70 26
    57 19 16 167 212 221 145 202 125 150 168 235 11 175 250 75 224 194
    182 137 105 230 77 77 36 193 135 22 178 18 209 19 47 168 12 192 16
    49 81 100 247 234 80 158 248 48 23 246 120 104 101 123 10 227 135
    237 74 135 58 219 43 91 39 20 246 43 247 237 105 247 188 22 148 163
    168 120 195 80 81 165 67 207 102 36 211 182 247 183 105 89 154 132
    88 159 215 73 87 157 73 60 101 245 188 26 207 226 152 148 168 149
    141 96 101 183 216 170 31 74 223 210 77 33 176 129 88 154 49 196 55
    204 10 146 199 224 46 41 196 91 89 99 225 253 37 13 29 24 96 7 132
    55 247 134 4 34 195 112 253 200 163 159 123 165 187 142 148 57 102
    160 125 155 23 226 223 40 91 237 158 175 125 120 7 11 224 125 243
    186 148 130 2 124 248 129 78 8 200 30 157 99 65 168 80 2 144 149 207
    8 94 61 161 239 13 7 181 233 87 214 94 95 50 65 162 80 213 94 86 189
    154 57 168 200 99 91 89 249 178 129 198 115 241 52 131 150 179 60 45
    142 204 247 62 246 232 152 92 29 225 169 161 68 17 159 218 21 146
    100 202 69 14 151 235 67 200 169 189 194 102 5 38 190 121 156 132 2
    225 209 219 211 251 76 144 233 46 123 158 212 62 57 163 90 3 99 243
    157 206 151 109 232 247 123 217 250 153 20 156 146 163 197 247 82
    116 66 100 40 17 7 158 100 87 250 65 103 15 109 94 209 73 139 175
    116 189 252 182 59 169 233 140 212 147 137 92 62 2 92 27 74 65 116
    157 74 19 136 247 169 250 171 82 138 66 71 20 135 10 165 185 29 172
    103 134 196 201 196 126 231 99 72 23 245 66 61 192 44 65 40 28 8 130
    5 15 64 36 198 146 162 56 19 86 253 38 217 57 199 75 74 64 93 155 70
    228 50 237 17 203 38 134 24 138 62 149 27 121 215 193 246 181 158
    108 243 249 19 114 217 97 146 130 170 86 149 112 248 67 205 168 243
    27 130 96 40 182 97 2 255 133 176 210 100 24 199 130 170 204 32 199
    220 253 20 3 249 18 59 151 3 34 233 166 138 41 166 134 73 42 95 15
    20 49 155 9 29 166 222 230 149 108 99 33 218 183 107 177 23 18 85 37
    39 226 6 195 109 146 134 219 124 212 211 251 189 249 214 0 201 104
    176 172 4 74 177 121 227 23 254 14 72 153 8 24 73 178 222 202 193
    121 234 186 138 92 119 173 91 105 170 26 176 227 1 175 49 165 75 51
    168 144 154 10 14 154 16 187 210 202 243 61 230 136 9 194 110 206
    253 0 85 226 249 73 37 213 42 146 209 6 241 217 188 198 57 108 148
    236 183 109 101 62 11 107 215 214 209 36 6 239 253 36 63 14 137 107
    209 19 61 225 75 255 194 43 76 234 55 116 52 72 238 156 186 223 185
    220 144 92 187 87 127 5 152 255 174 142 100 125 106 107 199 109 159
    166 2 1 209 93 31 132 159 78 235 217 237 168 216 99 163 41 111 173
    246 69 97 75 102 127 147 191 220 81 58 249 108 153 217 72 75 247 22
    82 75 128 161 224 231 150 251 196 244 76 220 193 215 221 109 211 41
    58 251 90 88 233 107 138 206 12 86 40 53 250 60 23 66 158 76 143 246
    135 248 50 55 38 201 106 190 37 153 214 65 65 227 92 208 46 53 90 52
    107 113 118 94 39 41 150 66 23 210 250 239 122 14 70 155 219 37 18
    209 228 123 208 62 238 91 231 59 237 38 18 60 109 34 45 196 172 244
    38 105 18 95 180 192 255 114 53 131 0 142 46 219 81 208 247 1 251
    212 183 121 92 241 56 108 63 59 60 59 41 163 182 160 188 62 195 0
    135 224 255 180 100 79 201 15 105 120 177 144 169 60 165 177 230 121
    208 8 36 196 38 115 54 186 197 170 53 57 176 181 48 144 166 80 244
    229 67 60 104 171 213 225 218 156 170 156 132 87 247 189 180 137 233
    19 45 163 226 18 86 242 86 53 132 244 150 186 243 8 170 234 179 194
    215 60 75 167 84 6 47 159 117 10 47 248 219 159 9 104 71 245 193 56
    65 31 202 194 215 78 4 166 198 66 117 146 102 117 30 241 48 228 182
    116 98 175 4 219 12 211 77 232 65 167 254 143 4 149 228 28 144 183
    44 158 106 115 48 65 42 252 254 248 151 43 7 83 67 196 192 247 187
    20 110 190 184 54 150 52 9 22 249 148 172 225 117 124 255 132 170 44
    190 210 137 235 129 245 243 151 60 80 159 142 0 76 94 160 28 158 96
    249 247 15 82 191 18 125 253 92 98 183 57 154 89 167 118 195 255 13
    207 129 230 128 204 91 184 180 80 178 230 14 87 63 231 220 173 75 99
    251 124 147 238 69 217 38 165 93 31 223 176 145 183 225 161 98 48 1
    237 213 136 218 44 45 141 178 45 115 186 35 87 224 10 29 175 224 60
    247 19 46 127 34 9 87 54 54 162 160 114 102 253 252 8 1 87 34 203 65
    24 243 160 220 165 218 0 47 232 229 35 167 69 42 252 234 233 126 65
    147 4 136 216 235 48 197 214 218 43 109 41 134 57 35 161 156 21 197
    10 212 49 180 176 226 133 236 67 206 241 251 172 59 15 234 131 122
    80 76 58 40 187 11 72 220 36 54 97 169 184 95 52 62 23 2 152 33 149
    29 186 32 64 90 244 0 159 173 238 221 36 57 133 187 50 83 95 159 164
    19 11 182 30 255 238 180 90 95 232 6 122 219 141 120 255 146 35 203
    32 161 228 90 255 109 26 99 123 230 118 137 53 182 37 154 202 213 71
    79 82 43 172 194 169 159 137 149 64 149 124 207 228 237 87 148 108
    135 190 0 181 247 61 57 112 110 122 129 188 212 143 76 141 173 181
    148 156 153 39 169 118 38 140 105 155 97 107 189 163 168 111 128 161
    140 95 82 211 185 72 59 220 208 129 227 113 94 120 214 181 122 166
    127 40 128 121 184 202 91 239 246 79 21 114 47 114 103 152 174 135
    100 5 213 137 1 158 150 122 2 13 228 104 163 139 78 228 171 98 229
    245 155 154 151 29 57 21 78 235 194 16 251 240 98 149 53 117 20 159
    169 233 7 225 185 176 133 172 151 212 78 0 191 237 191 191 237 151
    189 64 253 254 108 142 196 127 232 205 153 164 214 207 160 208 92
    161 239 107 57 83 182 130 70 41 0 185 203 172 242 192 134 55 168 67
    255 218 31 231 82 225 75 135 156 153 103 100 100 86 10 109 14 69 201
    197 247 31 192 135 152 184 114 127 180 185 233 136 101 142 212 74 85
    241 253 134 134 189 186 126 190 167 119 33 2 80 49 103 249 25 208
    218 74 161 132 6 235 177 243 192 151 237 121 62 224 135 233 18 24
    133 96 185 90 101 124 164 235 42 247 92 157 202 150 14 129 23 8 49
    19 127 76 218 120 74 90 249 17 121 139 15 127 131 64 192 149 54 179
    232 117 218 52 230 147 2 254 106 113 38 84 82 208 195 182 23 237 253
    226 154 26 127 98 1 202 68 152 50 204 144 154 123 167 149 76 13 167
    196 210 54 126 191 70 224 129 246 252 131 185 149 112 118 88 33 209
    186 2 186 146 19 31 228 80 237 22 227 252 203 145 128 61 220 206 150
    157 68 240 170 189 33 204 36 29 126 75 108 74 1 138 177 137 157 29
    184 63 201 244 205 151 128 110 246 198 140 236 16 215 34 96 135 137
    218 140 98 34 43 1 85 211 175 168 178 51 165 240 53 244 211 21 232
    168 30 44 63 13 199 250 179 129 47 59 212 54 63 245 132 205 60 30
    181 9 40 19 212 195 46 20 243 41 78 131 132 233 165 41 212 102 153
    160 113 10 81 111 233 122 191 85 58 250 75 201 161 238 40 86 69 7
    180 166 70 244 95 23 147 74 24 148 10 129 161 6 232 27 72 184 97 232
    33 186 220 18 195 60 17 192 140 72 115 25 225 58 67 200 73 75 114 96
    233 226 189 248 121 146 8 19 130 14 247 67 115 219 181 198 163 53 45
    194 150 129 80 237 17 242 119 87 211 199 155 189 26 66 27 144 73 127
    228 87 89 74 219 98 5 113 115 131 110 67 79 207 12 142 182 103 128
    78 12 4 169 24 233 160 62 62 40 59 237 15 240 220 88 232 57 52 107
    95 4 179 184 34 12 5 245 18 199 92 37 126 75 163 177 15 206 207 222
    160 6 193 250 53 157 138 234 0 184 105 191 37 139 185 135 196 141
    199 221 159 175 119 28 117 148 200 124 44 10 165 109 44 159 54 181
    155 67 215 105 205 93 108 220 108 175 151 152 8 45 23 64 158 148 66
    224 75 58 27 99 12 79 136 64 252 164 243 175 238 236 233 16 40 228
    244 168 51 47 11 68 166 163 20 165 73 69 237 197 84 206 27 226 93
    104 123 124 213 246 83 56 244 98 221 58 27 131 149 218 43 155 68 0
    12 167 59 54 199 177 36 236 66 30 191 38 48 185 102 179 54 137 3 244
    49 45 117 168 28 143 188 104 226 164 244 253 99 112 128 112 13 142
    27 151 132 219 77 137 2 187 242 240 3 128 112 194 59 247 73 108 58
    154 145 145 222 235 156 139 58 41 35 204 100 160 249 110 121 139 87
    253 120 139 191 182 91 100 158 190 129 235 154 62 252 185 183 0 86
    76 211 53 6 103 162 234 1 94 219 86 149 123 178 55 122 119 168 72
    245 138 209 201 225 93 172 187 12 165 29 211 112 137 237 169 60 172
    182 158 175 30 74 255 11 35 188 81 41 163 42 50 121 185 28 161 176
    195 69 116 243 108 242 201 55 154 39 76 123 37 141 73 105 64 32 32
    154 17 85 147 199 112 46 75 194 64 69 253 88 40 101 213 50 104 207
    151 125 61 162 6 153 65 23 205 9 139 92 100 247 56 122 107 241 62
    233 36 66 172 251 1 60 89 123 223 235 252 3 134 112 150 130 133 56
    60 204 190 182 146 131 2 134 53 175 30 183 254 244 242 252 12 221 80
    226 116 69 226 23 33 242 180 194 127 85 252 57 97 244 251 167 37 221
    114 83 46 159 2 149 149 241 230 226 81 126 156 136 208 42 237 68 220
    137 123 246 25 73 30 183 73 59 159 1 247 57 175 164 229 112 158 191
    238 126 230 1 202 238 121 188 80 53 169 249 95 207 174 133 150 147
    128 213 125 56 165 51 25 248 24 183 87 52 39 71 185 54 188 203 27 71
    10 179 52 255 27 101 182 93 51 162 88 51 21 245 156 245 160 69 222
    36 82 118 40 118 158 201 68 245 118 110 30 79 190 80 201 72 136 179
    145 237 59 167 43 213 253 81 69 107 26 29 100 19 1 232 149 58 95 60
    160 101 5 211 203 11 110 145 88 113 114 152 53 19 252 231 3 220 37
    49 130 100 66 125 140 11 29 109 162 236 132 111 224 11 97 88 216 120
    166 83 4 38 24 248 141 3 191 147 66 125 29 12 48 11 27 51 42 145 241
    192 231 195 119 143 190 198 98 164 46 201 152 34 60 10 127 33 57 46
    60 54 93 54 188 28 52 209 218 149 33 186 28 113 199 29 138 222 234
    244 145 164 18 246 204 172 141 183 46 161 46 10 19 200 119 90 77 219
    153 137 78 200 126 199 151 27 11 51 83 176 183 29 116 98 73 48 12 3
    78 251 149 206 0 139 49 125 72 224 4 10 25 153 11 178 83 218 134 95
    74 242 198 176 137 95 80 132 107 54 57 38 179 32 235 42 148 99 242
    51 237 135 4 207 120 163 112 20 146 112 229 158 177 9 63 39 231 112
    218 93 28 135 25 219 136 245 37 41 63 42 94 74 149 249 107 231 176 1
    133 215 194 7 147 165 83 138 122 253 255 238 67 93 47 108 162 184 42
    78 48 136 216 91 126 159 188 162 172 118 30 246 154 44 56 215 177
    191 1 58 54 165 117 102 175 100 6 176 121 242 155 11 240 10 85 81 36
    48 223 76 101 83 16 88 63 144 73 105 86 158 142 108 239 198 16 18
    210 60 172 23 10 80 114 1 219 181 213 188 200 228 248 239 161 17 136
    100 3 124 117 195 147 182 197 223 104 48 11 71 41 13 191 156 188 204
    136 59 192 151 200 84 137 113 128 116 134 187 218 51 231 107 3 4 148
    72 254 2 181 96 80 180 29 218 251 71 91 63 45 169 174 120 119 32 194
    185 53 95 115 14 41 69 128 168 209 230 219 250 234 210 174 191 233
    223 61 163 155 172 57 218 89 11 114 20 79 196 92 189 14 195 206 48
    207 201 148 37 208 81 32 99 200 19 136 37 95 248 78 21 226 142 232
    170 29 194 158 202 230 103 35 210 125 248 165 12 140 96 29 184 238
    211 51 252 72 93 23 79 114 36 69 201 43 186 139 78 222 183 53 86 204
    215 0 192 169 180 73 226 36 197 133 63 27 14 194 117 136 79 71 131
    74 217 51 121 70 177 145 113 226 59 1 173 90 255 243 86 195 207 49
    112 173 109 153 2 177 56 199 113 237 240 200 234 56 59 173 49 222
    195 31 165 228 158 202 47 90 9 152 211 203 74 12 187 67 26 140 236
    118 40 128 127 11 130 19 181 126 14 102 194 193 6 49 96 231 230 136
    21 217 169 196 192 47 130 166 174 89 130 88 131 35 15 33 81 61 100
    32 21 146 158 182 107 244 67 223 94 194 152 127 141 14 197 204 194
    172 193 220 99 95 175 191 75 75 44 134 167 76 47 72 70 181 178 67
    143 216 78 115 93 165 170 19 112 91 81 252 44 17 44 101 239 249 221
    204 245 237 63 68 148 206 121 17 113 34 64 66 70 95 148 102 131 83
    28 229 156 14 29 192 154 17 89 84 165 245 122 252 12 147 50 7 96 4
    161 155 111 18 150 115 104 42 57 53 146 224 79 207 113 202 129 228
    211 81 51 49 180 27 41 45 247 150 83 10 19 108 57 85 142 26 186 147
    88 174 32 41 29 181 155 245 251 33 36 161 152 12 126 183 23 45 118
    223 27 51 166 128 69 64 152 224 224 13 137 204 94 69 163 65 249 121
    173 156 128 122 223 176 119 34 137 18 191 167 124 48 197 218 183 123
    162 126 72 204 94 86 164 149 56 137 12 125 49 69 114 81 79 194 138
    87 191 1 252 188 182 7 106 161 238 155 44 60 79 208 35 38 103 205
    191 92 100 254 65 69 249 97 129 14 52 51 97 49 101 10 118 140 146
    218 94 185 41 33 94 174 102 240 88 203 187 50 161 248 191 206 31 118
    119 169 76 196 118 179 92 191 150 131 106 139 143 85 135 14 54 89
    194 4 236 17 120 170 79 107 80 37 242 68 99 36 163 108 71 91 170 116
    51 247 197 23 122 76 3 43 40 213 199 13 26 164 202 47 5 119 35 219
    134 185 252 150 10 175 24 238 185 234 135 46 252 147 126 67 175 108
    79 78 117 65 166 78 179 34 138 29 191 28 34 209 127 30 25 148 28 34
    212 211 29 42 251 99 85 208 165 75 156 20 234 17 253 126 220 180 98
    0 91 191 20 77 52 98 148 72 85 33 81 13 13 228 91 183 234 211 228
    118 157 48 72 171 188 186 140 29 120 87 18 78 167 120 186 7 250 100
    191 46 135 46 139 232 71 3 252 80 16 255 21 23 39 87 247 251 245 130
    89 207 88 220 196 61 141 177 160 205 79 119 137 178 47 204 89 206 81
    135 42 62 230 177 6 109 151 124 241 172 16 190 127 127 168 95 34 79
    115 6 81 40 60 158 178 51 33 220 7 80 137 50 176 128 127 98 191 159
    16 132 156 2 242 77 8 60 235 230 141 47 245 206 227 113 151 18 87 0
    131 2 49 249 175 49 116 54 188 203 118 195 35 181 127 11 151 23 50
    15 65 225 99 24 153 57 190 9 53 55 2 110 115 88 237 30 20 80 116 149
    215 114 108 4 107 80 124 56 213 172 147 190 171 137 204 164 46 193
    29 203 65 73 255 42 150 29 67 43 73 30 172 102 196 36 90 232 18 101
    137 63 101 196 50 206 64 144 102 26 6 159 126 249 110 109 133 194 8
    65 138 162 106 14 38 78 12 188 195 158 8 52 26 24 19 14 18 59 236 63
    50 64 38 225 10 133 156 16 25 222 90 117 206 21 179 169 247 153 236
    65 127 10 33 227 216 13 136 131 155 81 19 69 214 127 1 232 228 145
    36 173 223 196 239 143 7 58 71 123 175 227 133 247 69 24 228 121 249
    159 77 185 135 176 95 78 10 47 235 253 69 207 214 109 96 124 193 44
    231 70 203 152 113 159 155 250 60 175 182 65 14 220 175 105 176 65
    35 26 56 41 148 184 156 228 218 255 228 125 86 186 57 126 71 141 143
    230 83 39 30 140 161 201 99 23 4 11 94 159 23 112 153 68 94 214 138
    124 143 90 250 161 154 44 195 110 5 239 215 148 73 197 129 103 32
    250 169 15 90 125 157 74 183 62 247 233 52 67 77 192 37 47 175 48
    246 156 168 210 58 7 9 143 80 55 179 215 175 66 200 98 249 77 216 15
    212 204 171 12 46 116 117 198 103 229 31 96 65 183 193 19 208 254
    164 29 248 241 84 63 156 137 171 59 232 172 184 229 171 108 9 235
    128 40 61 24 134 104 120 116 230 38 155 189 238 242 165 59 132 199
    220 145 105 95 27 71 37 84 64 29 31 184 28 215 223 189 81 246 93 189
    24 206 251 137 241 62 19 116 107 194 52 117 204 91 35 236 163 155
    189 142 90 214 177 0 45 52 104 71 114 228 254 133 68 163 153 187 135
    199 207 77 211 73 107 252 197 8 31 56 69 246 219 38 139 67 59 62 43
    26 83 198 197 120 75 55 57 131 115 169 48 249 231 2 251 39 143 73
    107 18 164 61 153 254 49 83 11 82 214 176 143 125 123 243 56 157 13
    94 105 183 56 205 37 63 48 41 122 136 106 109 191 114 231 102 56 164
    133 53 30 196 75 211 218 250 21 21 229 209 105 11 135 69 27 242 16
    67 62 240 90 44 20 98 192 86 14 165 96 119 119 182 44 140 131 84 91
    103 29 252 106 151 119 33 10 209 202 117 116 44 173 74 133 61 186
    165 196 22 54 195 51 36 220 165 225 222 114 170 51 12 227 134 30 175
    108 32 13 203 38 247 113 70 174 87 72 58 134 143 221 168 134 240 166
    161 32 170 67 132 225 196 16 208 107 0 108 136 135 40 122 164 9 50
    245 239 78 128 163 217 177 31 228 198 165 247 197 20 60 185 249 232
    1 93 76 118 18 160 29 228 92 123 52 165 52 148 154 24 94 165 89 54
    206 166 113 164 85 123 88 49 128 129 136 118 88 126 195 121 87 142
    24 38 3 189 125 193 202 195 175 191 203 123 236 15 4 19 243 235 112
    83 70 213 229 120 97 116 152 55 187 164 17 50 19 53 83 175 9 233 0
    175 18 154 98 235 98 49 145 87 106 161 36 141 151 162 218 107 227 45
    114 151 232 21 168 173 52 175 253 127 205 200 219 64 175 145 205 5
    139 87 84 90 101 193 251 93 116 175 18 207 50 223 67 57 162 109 18
    162 104 220 131 151 129 207 36 132 160 63 91 1 116 189 175 127 38
    254 253 243 169 124 96 152 181 177 43 150 136 35 188 106 81 126 46
    253 45 242 25 212 132 151 65 120 53 158 81 7 133 254 6 149 96 65 135
    8 177 90 180 74 213 33 242 123 118 232 102 110 236 247 37 25 116 250
    126 184 199 166 191 106 6 42 221 206 67 14 226 42 201 240 110 75 228
    190 127 252 166 199 17 103 136 68 155 205 249 3 252 20 223 197 9 65
    179 77 33 32 63 212 119 232 91 223 107 206 151 143 105 200 174 157
    251 12 106 85 248 239 214 75 104 42 14 182 196 223 22 16 168 86 52
    27 49 127 128 112 68 91 165 245 4 51 149 77 76 141 191 22 32 168 15
    168 18 36 144 20 114 38 251 126 211 80 172 15 107 127 12 7 243 42 75
    46 187 128 46 225 81 160 130 202 110 100 101 51 25 38 63 67 27 27 49
    214 132 83 65 112 93 234 9 227 11 51 195 229 190 17 60 138 204 40
    197 237 107 231 186 184 53 74 178 0 185 50 215 71 67 106 57 187 129
    82 125 216 138 22 26 231 233 65 161 43 196 44 59 225 18 145 42 189
    196 184 154 215 218 22 43 81 255 119 62 118 27 36 79 165 107 165 92
    141 150 112 57 87 153 40 199 44 237 254 182 78 236 161 122 87 170 91
    209 156 134 200 74 170 57 76 131 83 197 161 196 168 40 96 180 154
    245 127 187 217 246 201 30 111 242 146 251 21 172 170 246 42 125 86
    72 199 139 80 178 76 29 82 145 47 183 39 241 165 220 224 240 249 156
    145 108 1 231 64 80 242 90 101 118 66 226 129 241 109 221 159 186
    215 108 228 28 115 121 229 60 83 168 63 134 237 13 15 236 236 26 123
    146 189 89 53 121 110 31 88 25 65 118 52 211 122 102 90 180 241 76
    254 53 182 111 227 137 30 120 59 89 181 195 222 160 151 88 117 70
    140 125 0 211 109 43 89 56 162 145 182 195 36 172 245 60 34 248 207
    93 34 238 143 82 46 38 13 200 217 39 169 43 24 191 105 231 15 109 70
    96 66 205 5 62 207 154 52 123 90 19 2 5 25 7 48 106 44 50 161 180
    126 203 127 196 19 143 218 235 88 100 23 24 19 20 22 211 7 194 169
    56 209 240 20 49 212 182 83 246 182 144 189 140 31 32 6 170 128 187
    196 122 103 219 145 169 147 98 241 68 201 251 40 89 108 122 74 70
    183 83 74 163 68 152 121 69 56 174 182 179 127 117 169 13 56 44 149
    177 0 238 244 206 63 199 207 11 94 170 92 169 101 55 23 124 80 237
    106 241 130 108 248 38 176 223 195 37 53 28 66 235 148 179 39 47 100
    139 141 167 227 64 197 163 142 237 35 48 79 213 6 107 175 155 225 7
    145 224 222 205 13 91 224 254 140 120 207 127 126 77 85 123 53 99 63
    108 217 139 123 247 15 151 71 125 54 170 228 56 137 231 135 83 135
    161 187 187 85 219 4 190 154 176 249 84 52 53 54 63 112 29 228 56
    182 160 39 108 198 187 167 160 4 19 198 146 126 143 221 126 223 142
    123 145 83 222 250 34 87 128 71 13 12 89 193 42 136 172 209 7 179 57
    215 194 193 136 90 122 199 184 219 38 223 44 169 52 210 119 133 179
    173 209 75 192 33 215 180 180 119 58 218 161 120 60 167 17 166 64
    102 27 13 26 247 102 230 226 126 176 221 174 38 1 243 234 171 204
    219 232 125 181 166 2 86 4 68 54 59 149 17 208 60 249 137 3 188 125
    78 190 29 39 99 222 224 230 173 120 20 195 218 159 237 179 238 174
    235 47 62 159 231 78 109 97 91 22 13 225 149 20 7 225 195 211 35 202
    91 66 126 159 184 138 1 79 63 97 166 172 202 55 57 89 214 57 241 174
    1 138 249 0 29 200 1 34 157 3 138 92 150 0 103 25 32 165 230 161 254
    229 95 64 72 188 49 224 31 10 230 81 149 19 239 135 236 131 255 60
    157 174 228 204 105 43 63 188 205 145 200 245 111 199 54 90 7 224
    235 63 220 220 13 248 101 9 20 197 71 70 208 138 13 105 229 201 140
    68 101 147 205 12 179 45 92 96 83 84 189 28 122 140 223 220 42 50
    243 241 48 116 107 94 237 154 144 64 202 45 114 133 138 250 124 145
    121 206 34 221 122 244 16 174 231 51 171 139 96 226 102 224 50 103
    160 202 99 153 21 161 180 214 3 17 67 206 174 248 35 230 148 11 105
    113 148 132 44 38 186 65 104 35 109 19 72 53 73 173 124 118 5 4 132
    104 150 53 215 106 173 222 100 75 247 137 59 192 91 75 147 13 59 105
    179 235 206 250 98 177 83 160 29 98 50 43 153 210 132 4 35 230 43
    192 209 80 181 10 66 23 31 159 162 187 213 240 17 127 20 199 52 57
    170 90 49 126 158 147 76 59 248 236 84 204 122 7 126 157 71 86 251
    176 246 233 96 184 131 147 108 61 243 245 81 75 225 248 173 205 92
    200 115 208 20 222 24 33 5 48 234 185 66 24 11 157 167 95 87 9 131
    243 201 17 230 32 91 169 119 70 34 213 118 252 25 216 195 120 93 189
    48 207 229 252 32 24 139 244 91 144 224 60 196 32 33 212 81 178 59
    68 32 232 237 231 21 43 26 114 247 179 193 102 248 38 152 236 115
    133 176 79 56 170 59 133 189 10 55 184 130 76 3 185 75 50 88 247 111
    249 194 128 116 90 63 72 248 39 221 113 219 186 47 85 192 109 111 91
    56 222 166 254 77 236 230 194 221 182 74 160 200 146 5 253 92 37 163
    132 12 22 210 140 32 100 78 76 202 172 54 120 179 179 169 86 88 249
    190 24 208 160 148 194 63 218 45 63 26 13 98 173 43 161 143 87 148
    215 166 240 34 122 55 174 84 34 33 42 167 180 46 241 59 43 163 225
    28 120 125 159 108 117 11 74 40 100 24 115 200 208 84 155 94 160 225
    110 229 61 151 179 185 1 185 255 226 151 146 219 245 223 14 141 187
    223 103 141 127 100 98 113 248 173 21 199 31 24 27 167 25 58 18 186
    169 143 96 119 91 178 90 200 172 66 172 102 85 151 32 107 6 21 71
    195 77 61 68 130 106 98 175 229 183 50 81 50 130 134 140 255 168 165
    74 142 80 217 33 233 6 249 7 183 71 144 41 54 202 34 97 43 216 38
    123 182 211 227 13 186 198 251 134 205 214 237 200 180 255 179 202
    98 193 14 151 66 4 11 231 253 98 205 215 26 150 156 47 242 81 212 91
    210 68 181 122 93 82 108 157 98 43 246 221 45 130 42 20 61 236 80
    178 193 253 21 145 75 24 103 67 76 46 146 175 243 194 173 169 61 172
    59 223 165 169 125 235 89 132 151 59 218 161 92 154 18 42 165 24 3
    144 214 53 14 228 181 132 176 130 243 105 232 59 14 121 149 49 143
    32 49 82 211 166 200 240 171 14 251 197 210 179 13 0 203 119 189 189
    134 120 188 209 80 14 241 68 104 2 6 187 236 231 156 59 98 116 65
    106 46 53 125 68 194 149 208 37 104 32 56 49 26 234 252 126 67 194
    137 192 197 243 34 253 70 213 210 247 107 240 104 120 141 96 185 11
    211 197 10 245 238 207 55 223 99 69 200 246 100 85 122 234 226 31
    184 74 95 54 132 203 209 187 6 198 27 162 174 204 69 84 47 84 230
    212 230 242 214 244 149 71 98 21 192 69 157 186 78 122 26 91 132 129
    125 42 103 80 209 73 209 19 210 142 31 166 226 113 92 90 56 141 92
    223 56 26 162 220 46 165 217 218 114 232 166 195 179 50 176 168 241
    86 68 90 39 14 46 117 125 48 103 254 66 221 44 80 94 31 66 213 19
    228 151 252 231 29 156 242 18 48 116 242 243 37 210 150 116 11 204
    210 92 59 51 232 116 194 2 106 122 148 5 81 214 230 117 115 234 61
    27 136 114 183 142 54 203 87 142 107 223 178 95 183 102 192 22 161
    194 18 55 242 226 174 91 236 66 142 181 148 0 108 140 220 6 236 116
    15 190 46 48 141 211 101 180 197 0 54 67 124 134 210 57 226 41 236
    37 74 76 28 70 65 197 151 73 136 157 49 88 57 255 176 109 42 234 41
    24 226 3 230 225 86 35 137 194 30 102 62 127 106 156 244 7 167 14
    133 145 83 23 173 142 122 240 81 53 40 149 147 173 81 224 254 130 33
    9 245 2 0 119 64 150 74 194 103 24 42 220 25 38 214 102 39 115 191
    66 235 127 84 39 172 222 83 154 166 207 218 8 139 196 90 118 221 152
    88 200 40 172 187 63 246 160 7 241 58 2 227 135 82 150 187 190 204
    36 105 240 139 71 127 116 246 238 249 241 79 157 174 170 179 187 190
    90 100 249 153 140 201 167 16 161 188 66 88 70 76 83 181 9 142 144
    54 228 158 159 100 48 237 179 215 2 96 36 66 149 60 54 8 95 154 90
    204 236 87 148 18 31 18 10 33 21 1 12 191 162 25 24 215 61 149 251
    176 92 6 34 215 141 94 13 236 69 115 103 17 232 149 128 202 236 25
    247 87 109 252 31 196 54 44 254 19 101 40 128 2 16 209 222 132 67 32
    234 80 98 236 244 12 1 250 143 163 82 161 29 156 26 253 84 80 252 76
    252 17 8 175 138 165 240 204 131 253 27 40 254 110 26 118 235 155 91
    93 230 209 59 140 177 1 164 110 58 48 155 41 18 151 70 29 182 128
    244 54 40 11 129 204 174 95 125 152 122 172 7 83 78 33 229 107 37
    117 138 229 214 145 113 151 184 107 22 232 1 226 171 17 179 102 107
    160 18 31 25 140 175 240 252 224 81 26 225 229 157 24 20 212 245 169
    219 19 105 93 65 178 125 248 197 5 108 129 114 180 229 8 179 211 79
    131 197 56 170 137 57 63 107 132 95 128 41 242 148 111 13 162 10 194
    236 70 124 150 228 97 134 192 106 166 36 6 135 88 145 200 226 176 23
    162 243 197 112 184 99 202 240 140 189 27 228 8 59 86 210 3 193 93
    180 230 80 2 129 209 150 225 86 4 231 171 180 99 159 73 151 221 198
    19 50 176 3 197 53 196 195 254 226 131 157 8 165 71 210 155 78 85
    225 233 123 201 22 108 97 163 223 168 102 187 154 170 160 58 96 18
    224 77 62 1 86 112 126 96 157 79 192 160 103 52 130 179 170 251 148
    166 229 39 13 108 219 176 213 153 62 25 106 188 218 16 87 63 249 101
    70 49 252 77 226 179 4 230 203 11 253 77 86 121 116 85 59 114 67 217
    146 69 50 41 4 80 123 110 221 146 177 185 60 4 65 148 40 95 3 206 5
    225 137 20 233 255 104 31 248 193 82 155 151 250 187 44 67 208 7 251
    241 57 182 39 53 48 67 179 105 190 209 87 176 132 128 204 237 45 206
    44 139 149 114 39 255 108 246 122 74 164 200 26 178 52 210 56 217
    229 93 4 61 154 14 123 216 168 118 133 14 190 106 94 243 213 136 206
    103 29 113 102 221 173 106 139 150 51 33 248 122 227 90 17 232 170
    40 239 131 189 154 241 54 173 124 186 64 96 110 90 33 119 31 156 174
    187 28 229 88 194 234 102 246 47 40 192 120 233 116 141 97 9 185 43
    118 41 230 19 38 85 118 119 253 234 50 69 181 59 248 196 4 202 110
    253 73 175 112 20 222 39 233 48 31 162 250 6 34 77 139 79 195 176
    103 236 100 245 135 10 31 62 16 38 120 187 127 32 151 227 237 49 132
    18 251 91 126 150 222 78 59 155 24 155 98 10 254 58 68 139 116 160
    14 114 89 181 55 128 164 233 207 212 102 67 43 147 210 47 57 175 20
    110 30 185 248 209 152 32 111 108 182 254 246 70 252 213 22 178 213
    168 121 215 34 47 40 8 48 51 29 54 149 130 168 136 135 104 57 48 29
    95 104 27 46 124 194 29 58 137 132 153 240 144 96 82 82 225 192 79
    63 117 187 231 15 139 129 187 243 53 62 13 161 0 236 247 252 212 236
    31 114 201 11 80 107 74 96 209 50 134 126 176 190 179 45 20 216 196
    51 109 158 125 222 13 218 50 12 249 83 67 61 51 219 53 92 156 173
    212 2 95 29 65 142 84 158 6 2 203 248 26 132 185 34 48 123 253 188
    240 176 6 91 53 20 4 231 87 78 73 67 90 219 150 105 123 12 30 227 70
    87 169 30 22 211 212 213 241 100 23 8 1 67 157 123 183 171 37 34 149
    110 200 232 166 227 95 74 254 228 93 180 212 122 218 13 1 103 28 81
    40 126 159 133 183 254 131 0 79 80 69 137 134 175 180 118 50 208 6
    10 98 230 49 38 19 251 225 117 251 243 162 85 64 180 204 1 23 219
    126 234 150 52 22 108 10 4 131 243 157 76 244 68 127 236 241 9 251
    22 7 112 75 202 147 247 70 131 24 176 219 171 7 106 227 192 106 57
    67 1 114 77 246 151 27 140 217 175 123 37 175 53 26 82 33 224 50 58
    130 60 102 98 61 85 210 109 58 83 156 18 23 162 15 68 50 70 0 242 39
    19 118 135 55 4 74 93 43 92 106 25 18 8 216 208 255 154 162 56 189
    168 144 15 119 58 86 98 188 75 91 234 62 139 122 152 236 226 38 144
    66 153 54 183 191 223 109 120 63 220 124 251 216 57 86 204 210 4 196
    195 131 134 89 217 195 71 151 220 11 194 106 130 133 1 212 159 231
    52 17 241 128 90 247 121 191 100 237 154 49 159 130 36 223 128 245
    43 51 218 181 138 66 246 169 3 96 168 159 239 142 66 135 141 167 131
    85 175 10 205 151 162 206 33 181 221 240 76 131 52 121 47 240 25 228
    216 112 255 9 191 139 247 14 131 65 105 198 52 188 50 138 40 142 246
    117 214 99 118 54 99 183 73 61 202 159 249 36 102 242 175 56 132 228
    145 220 53 117 134 92 174 5 131 162 58 173 219 83 226 92 111 169 37
    154 52 204 97 42 19 189 16 176 7 248 139 114 172 52 215 22 194 135
    46 35 103 118 53 205 153 62 87 190 57 55 67 147 250 216 149 70 199
    187 22 217 39 239 236 135 3 51 218 100 177 86 204 75 12 48 221 42 16
    61 173 242 47 118 226 41 130 180 113 191 129 20 219 247 243 61 225
    36 41 255 231 34 81 40 151 187 242 73 71 78 72 91 216 248 70 218 96
    230 173 206 186 236 44 216 50 209 126 11 249 141 201 58 11 138 51
    113 79 117 28 52 75 23 177 222 188 98 234 196 164 65 141 153 235 205
    54 102 240 200 129 25 228 15 245 133 95 214 143 226 60 175 204 196
    16 125 58 243 228 22 109 36 142 243 21 10 170 32 80 133 227 199 96
    245 205 57 56 157 101 12 242 161 154 240 143 107 62 137 155 224 138
    105 182 42 132 199 180 184 208 32 31 67 90 149 52 239 238 105 12 224
    118 88 251 22 247 150 84 7 24 153 193 132 214 5 200 1 172 103 120
    172 73 199 217 113 163 92 201 20 17 209 52 209 0 245 64 152 119 137
    39 39 226 3 162 129 224 139 106 194 136 35 22 182 64 86 154 231 208
    166 180 165 67 208 87 195 200 20 37 96 192 151 33 179 244 231 122
    178 27 81 65 163 14 222 162 109 90 201 253 23 33 152 62 60 22 128
    169 14 242 16 253 46 236 20 54 93 23 224 216 129 137 30 46 185 11
    108 61 203 0 1 118 163 105 221 20 9 90 11 202 63 168 181 60 164 245
    150 210 150 7 31 41 114 176 69 149 89 56 227 203 78 23 82 124 110
    173 32 172 44 159 248 18 93 130 2 86 91 155 203 147 188 252 212 57
    33 106 164 129 234 142 170 243 145 115 59 211 90 38 252 18 211 50
    170 173 203 141 163 150 60 236 149 87 60 44 14 59 250 218 91 33 244
    149 15 32 45 118 254 174 67 14 206 9 108 78 191 37 138 223 226 106
    11 198 223 192 42 61 175 222 46 43 222 239 83 96 163 81 140 122 169
    99 147 105 161 134 185 212 243 113 79 142 222 210 64 137 171 73 182
    236 2 202 201 11 226 221 9 11 191 119 61 213 27 213 106 164 174 28 3
    37 37 157 120 228 80 160 122 57 110 157 6 124 4 183 242 236 70 208
    130 128 110 1 167 146 249 35 196 182 242 203 15 158 71 209 69 154 98
    18 104 232 110 115 228 94 161 105 0 231 11 50 129 129 58 206 28 222
    164 181 187 62 53 107 82 117 128 15 142 107 135 255 207 101 220 112
    118 124 182 49 36 243 189 225 30 131 131 44 203 161 33 200 137 63 1
    119 202 152 103 62 202 194 62 61 139 137 1 134 69 23 217 144 41 67
    104 176 155 166 152 1 6 34 154 235 209 236 51 0 52 186 130 186 78
    188 27 10 194 87 246 186 188 210 26 36 80 223 27 122 216 149 37 36
    223 158 251 136 27 206 50 236 224 42 43 69 76 0 112 215 227 88 68
    176 16 26 210 233 191 15 39 247 223 232 91 141 50 95 49 87 219 23 32
    230 168 10 237 193 153 116 225 124 169 95 154 182 90 108 182 144 210
    204 63 190 12 196 181 126 49 54 91 213 150 134 115 228 88 116 94 215
    161 14 223 175 144 169 214 131 187 241 240 14 103 91 194 231 70 132
    198 139 197 231 223 120 196 40 102 184 12 58 52 19 113 136 65 142
    238 96 193 4 163 136 142 236 178 226 33 233 233 87 48 85 63 23 76 66
    123 50 19 23 179 170 212 39 140 51 191 76 148 9 123 102 118 214 90
    155 208 147 230 172 87 173 1 99 58 153 44 28 232 141 71 158 96 113
    22 162 16 16 213 130 176 176 166 146 124 195 5 171 196 97 140 178
    157 139 94 216 119 95 118 36 224 233 164 203 120 118 94 108 159 55
    131 240 38 1 218 68 181 104 138 0 121 83 53 235 110 69 170 146 71 38
    168 29 174 55 17 241 187 179 200 115 190 180 33 112 185 162 63 101
    255 80 173 64 110 126 7 230 111 100 249 205 166 16 246 155 215 113
    163 240 107 149 142 126 200 34 9 108 157 42 192 138 223 250 98 185
    246 141 79 208 184 119 81 218 225 122 195 136 71 202 59 249 212 151
    167 239 95 140 30 219 193 234 64 219 208 167 76 61 88 43 177 170 150
    41 200 84 124 135 86 233 48 37 129 93 177 157 130 33 230 222 80 115
    219 123 116 146 0 109 42 215 79 93 212 48 93 146 120 87 46 128 140
    87 25 66 51 49 153 9 157 143 168 97 53 27 17 121 117 8 239 192 249
    31 205 219 98 224 190 186 81 205 125 25 194 126 86 89 77 40 220 42
    167 67 196 169 83 29 125 31 194 104 71 225 245 29 148 64 200 223 30
    95 69 144 150 184 225 199 228 36 4 98 154 197 93 36 178 142 6 223
    134 65 130 240 93 244 172 140 54 63 94 133 211 187 212 14 69 66 51
    251 189 7 254 215 96 63 5 160 83 44 202 177 214 136 163 12 214 250
    95 101 14 28 172 42 98 151 82 19 223 27 68 12 42 31 14 200 37 122
    213 173 129 75 173 1 40 175 72 74 1 155 11 223 88 63 173 152 190 249
    53 165 125 222 127 109 5 58 1 51 144 47 230 0 222 92 72 115 190 177
    62 104 203 16 188 142 224 180 226 124 133 56 87 154 134 47 25 252 41
    99 1 174 94 140 244 104 101 67 180 239 182 149 188 230 126 54 127 1
    162 173 204 153 1 10 118 213 29 36 222 255 116 212 198 176 44 182
    151 108 219 132 160 9 98 189 216 182 194 46 40 138 30 23 180 18 207
    163 84 166 9 139 187 36 56 23 154 134 62 87 102 243 232 252 132 32
    238 1 31 156 156 255 15 64 254 1 66 79 68 170 250 106 126 132 58 49
    241 56 69 160 54 77 197 178 79 164 69 52 154 94 15 158 141 168 197
    200 21 35 224 243 107 175 46 241 172 191 123 57 116 242 41 207 232
    113 176 146 104 25 237 135 149 118 237 142 94 153 156 116 72 198 40
    118 10 43 18 95 57 78 101 119 44 61 109 171 158 27 136 18 163 115 29
    222 201 254 243 127 13 54 234 157 225 48 84 31 226 233 177 96 5 218
    100 49 246 190 63 203 190 133 198 21 188 199 83 94 48 55 229 113 122
    60 148 135 179 203 165 31 131 90 198 102 127 165 173 5 56 46 179 133
    113 22 41 41 2 67 190 254 218 98 192 28 206 142 107 0 72 188 0 109
    201 127 247 160 153 108 64 148 243 7 66 66 232 102 55 12 166 28 78
    58 137 2 212 100 226 47 132 125 119 158 18 32 32 88 2 53 193 203 37
    201 254 253 43 201 109 145 129 51 248 66 52 67 98 203 234 194 144 28
    28 168 215 133 152 180 6 59 165 228 75 25 226 217 58 172 202 177 180
    35 20 184 137 93 76 208 28 185 95 26 22 157 52 132 242 231 202 148
    185 89 97 76 108 116 80 126 165 136 207 156 229 92 11 85 15 16 201 3
    71 126 57 181 70 27 57 47 83 180 189 35 253 39 93 184 21 7 6 76 207
    74 236 21 216 162 210 118 138 58 158 129 243 32 1 204 73 163 71 105
    249 54 188 125 69 232 250 215 233 56 136 242 106 223 27 178 160 188
    194 82 115 88 164 162 42 18 46 101 177 110 224 138 254 116 63 79 29
    154 230 3 191 84 151 166 4 137 120 238 241 191 57 39 18 131 10 121 9
    189 144 162 189 4 89 5 6 190 118 130 205 77 201 156 201 166 233 52
    107 20 33 200 185 160 212 125 146 107 14 172 105 205 28 175 108 51
    63 230 11 9 190 96 224 215 230 5 181 27 112 254 74 43 92 122 193 233
    72 186 127 90 101 110 108 104 218 131 138 93 139 90 79 64 112 163 7
    126 127 126 109 215 237 168 169 101 23 170 46 144 161 17 216 51 84
    219 177 111 151 52 182 176 90 103 237 2 171 27 192 54 92 235 31 232
    218 110 255 169 45 8 151 196 198 67 252 85 225 52 109 38 203 191 119
    10 230 77 17 184 77 150 141 231 240 252 24 20 104 48 101 18 6 75 193
    150 37 213 224 251 3 55 129 167 96 123 79 233 165 152 223 216 201
    137 157 59 168 107 53 179 224 140 223 32 133 64 30 21 103 168 189 94
    36 242 91 89 223 145 246 222 123 34 147 84 14 252 143 176 225 188
    142 125 181 151 52 57 192 73 5 186 138 62 115 173 26 254 8 32 17 146
    54 27 111 236 221 179 203 195 206 170 44 173 43 39 92 96 35 79 66 90
    69 194 63 234 152 219 31 205 115 32 186 130 108 100 8 65 9 94 130
    158 220 98 188 182 24 123 112 11 196 213 26 46 3 242 10 180 164 6
    119 231 51 221 42 67 68 251 56 235 122 68 67 48 52 76 59 212 152 51
    98 136 117 202 255 13 124 14 85 38 87 200 3 34 49 92 52 133 21 163
    189 188 140 50 208 176 36 143 40 51 4 252 65 116 153 89 161 37 85 96
    87 147 98 66 19 189 167 158 107 170 184 64 1 209 76 35 158 120 213
    187 52 248 24 197 20 29 231 133 160 220 82 226 25 138 199 175 168 95
    210 23 117 136 2 62 58 70 195 106 18 251 48 100 24 96 247 123 250 74
    227 200 177 242 155 218 51 220 78 205 13 135 198 240 169 136 69 201
    112 162 163 3 191 218 242 168 128 212 156 100 9 230 162 131 187 78
    26 217 42 203 36 175 96 107 222 147 97 84 173 224 192 227 169 25 210
    176 213 153 147 13 75 178 35 123 136 81 247 50 117 217 17 234 34 243
    1 25 240 228 114 99 17 214 85 64 50 221 193 59 88 15 206 107 140 59
    150 38 192 199 227 74 22 37 208 80 101 41 130 95 92 83 80 103 173
    147 161 25 64 17 46 208 61 76 19 74 248 189 31 0 244 92 145 143 108
    197 202 18 149 216 16 231 62 43 78 65 198 50 26 92 33 115 182 72 142
    113 21 12 28 26 53 140 13 157 199 155 28 82 177 13 161 251 161 7 197
    66 137 226 70 154 16 60 214 40 54 103 35 79 209 144 47 166 122 95 9
    75 14 35 119 222 96 113 107 60 24 13 101 167 150 214 129 81 44 187
    75 38 22 74 53 199 162 63 72 20 72 21 121 21 22 176 88 186 148 0 204
    77 72 80 81 39 173 222 97 200 192 27 163 55 211 194 170 214 202 254
    227 251 178 165 80 54 87 140 75 122 199 179 77 4 162 114 31 180 70
    119 153 92 53 203 3 208 53 8 146 75 86 255 162 147 124 105 142 60
    110 136 9 21 246 210 236 223 66 209 197 163 219 144 9 46 81 137 25
    236 168 90 173 136 54 181 31 85 121 189 36 3 3 253 7 128 237 105 241
    69 220 58 223 60 174 144 114 148 77 68 70 128 202 47 15 38 250 208
    44 75 134 250 254 6 203 162 183 160 20 155 222 9 219 123 112 158 99
    159 193 92 212 181 52 59 57 160 126 43 64 6 89 138 180 110 210 136
    132 110 124 221 30 25 195 92 139 247 126 39 170 100 217 145 249 115
    142 96 43 137 31 44 113 229 125 178 32 35 62 194 142 231 248 239 3
    64 147 233 135 52 243 162 227 189 137 2 166 39 177 158 81 207 144 73
    144 85 166 246 143 135 92 203 212 205 104 141 13 4 17 218 103 186
    142 57 128 151 120 236 248 239 156 95 157 167 69 160 55 248 228 230
    171 32 227 137 208 99 125 202 3 130 101 252 1 217 86 200 157 177 79
    189 60 100 181 198 66 50 49 107 50 105 74 69 56 165 214 54 55 90 64
    82 62 79 29 202 121 199 206 26 230 5 253 21 124 33 195 18 85 210 104
    164 9 196 139 34 131 100 234 251 201 137 195 65 93 142 172 196 173
    60 116 202 57 34 76 33 240 28 143 38 38 241 33 153 167 77 83 105 187
    105 224 204 199 57 207 92 176 87 21 138 192 55 14 20 31 75 68 134
    122 169 203 63 74 52 184 167 223 192 125 149 149 191 4 154 114 241
    231 232 205 64 215 59 24 44 197 0 215 88 176 155 239 208 230 108 7
    249 154 13 157 0 175 240 199 60 231 95 140 117 231 209 91 125 243
    159 152 73 238 53 46 36 72 57 153 101 109 206 240 52 195 206 148 248
    85 224 24 63 105 87 178 147 245 189 203 52 71 129 239 128 92 244 4
    116 167 17 93 50 90 204 16 134 1 107 171 102 1 9 84 28 155 56 146 45
    107 147 55 133 161 18 180 205 80 208 10 187 17 116 36 8 126 229 222
    39 124 5 92 83 113 248 228 119 159 48 170 39 159 227 215 208 138 18
    13 216 210 241 40 137 247 208 77 245 13 79 164 230 254 60 16 135 43
    228 98 128 4 183 167 147 51 73 207 6 176 157 35 104 111 183 73 44 38
    97 30 78 118 222 13 176 107 24 93 152 54 92 34 73 159 101 10 186 74
    218 192 154 222 71 145 188 120 205 42 226 3 221 132 234 50 66 183
    177 124 179 122 109 211 127 13 178 171 144 12 116 183 241 45 83 73
    30 215 56 128 132 189 229 68 37 67 22 137 59 141 192 151 221 215 151
    210 139 1 244 188 99 14 141 147 131 3 171 121 218 250 91 55 19 230
    59 29 207 37 172 138 5 203 162 239 213 247 146 165 196 23 97 139 248
    24 199 87 135 115 159 88 107 84 63 171 159 22 100 242 211 31 217 107
    144 209 195 85 157 234 181 142 132 208 163 20 107 194 232 226 122
    199 159 116 44 164 113 123 103 23 217 60 202 102 149 86 135 129 77
    95 29 112 77 174 142 70 239 204 165 216 153 31 247 207 31 170 156
    129 24 135 52 85 113 107 227 160 45 225 221 118 13 89 214 16 61 226
    70 130 234 62 153 85 39 224 59 69 77 125 160 32 173 209 207 7 67 165
    106 253 231 159 35 191 103 163 209 85 165 13 20 36 137 173 226 176
    118 30 170 33 240 54 254 148 198 24 226 70 40 179 158 173 160 12 16
    67 8 25 63 151 112 57 37 121 170 33 229 85 80 29 72 101 91 82 34 226
    225 88 204 233 128 185 2 219 215 152 15 37 129 251 0 52 72 255 251
    105 209 164 182 92 124 160 20 175 83 29 74 201 133 147 112 207 183
    213 94 140 4 138 139 209 214 144 237 132 120 122 39 208 227 62 86 74
    193 6 103 109 114 219 55 7 173 141 48 189 226 85 66 167 55 162 225
    249 97 72 70 218 34 203 235 110 48 55 204 69 154 155 177 51 189 191
    177 114 212 111 187 177 36 242 245 193 160 247 116 211 99 213 202 42
    89 74 220 84 171 105 193 46 191 172 202 154 131 142 16 37 58 229 25
    106 189 153 223 229 221 115 150 199 134 133 251 116 184 52 251 67
    178 215 235 119 37 115 90 170 213 248 116 68 8 229 104 34 164 78 5
    72 104 161 88 57 106 127 80 66 128 7 29 251 229 49 215 33 129 206
    144 157 109 205 19 18 231 120 213 27 230 182 120 62 105 200 9 13 41
    216 77 145 51 1 94 190 196 40 151 10 154 151 129 127 206 136 219 161
    33 31 210 238 118 186 82 212 222 154 247 99 207 157 22 163 185 213
    202 220 195 46 64 127 255 102 175 10 74 82 213 27 248 101 186 143
    171 111 188 37 240 166 0 7 135 57 61 64 221 209 166 38 72 225 90 1
    32 210 222 136 97 245 38 59 34 216 2 64 131 250 107 243 245 12 104
    16 0 33 107 85 130 38 219 242 116 181 70 249 184 97 251 7 208 49 158
    196 190 226 94 165 172 68 208 194 180 16 98 77 46 66 128 43 13 137
    246 112 3 103 3 61 66 252 63 98 208 199 117 212 65 142 85 228 73 102
    96 201 13 165 180 230 58 185 92 216 222 201 62 244 162 34 246 97 213
    77 185 101 88 28 192 128 203 214 195 238 121 225 133 16 96 112 188 7
    133 77 119 228 108 237 222 2 16 47 166 61 154 178 105 196 90 201 224
    235 136 178 66 160 242 187 217 161 210 56 38 210 121 111 24 6 123 53
    160 34 43 214 30 166 79 197 47 232 106 67 179 66 222 100 80 22 231
    247 117 25 40 108 246 124 153 71 252 163 189 160 95 71 69 94 109 10
    143 173 235 3 220 156 160 147 62 125 224 158 4 4 158 118 50 132 198
    52 159 242 52 64 140 88 51 236 96 202 246 189 139 65 147 142 181 109
    132 5 247 60 102 79 167 142 180 241 117 219 79 116 181 148 42 177 82
    247 128 196 72 125 169 133 42 84 87 23 110 209 232 150 90 25 202 30
    20 180 47 91 253 44 72 209 89 99 231 152 201 9 78 234 49 33 146 9 63
    220 207 104 72 230 19 191 224 39 48 250 167 197 183 238 203 230 82
    195 252 167 239 11 101 176 191 89 71 18 34 239 140 23 231 34 19 71
    122 14 238 162 200 225 215 113 116 31 246 220 109 105 184 91 200 105
    17 70 208 213 191 153 254 1 80 147 190 54 127 212 8 153 191 150 220
    236 177 50 81 68 223 197 5 233 59 139 223 81 144 139 15 243 49 248
    104 169 249 226 214 173 137 203 185 155 94 37 66 102 209 91 45 108
    52 207 223 55 254 237 145 130 88 44 109 96 107 118 175 164 79 164
    124 115 178 185 140 77 123 110 26 6 85 105 58 25 55 26 218 220 82 32
    168 204 182 241 104 61 249 94 210 141 120 223 197 183 84 12 53 123
    143 40 184 110 64 200 139 133 242 99 4 249 130 248 224 246 81 228 91
    174 200 79 56 240 16 167 89 52 181 190 253 60 59 66 248 251 23 82
    249 136 162 253 123 52 52 0 159 223 142 58 251 216 98 154 64 115 83
    8 193 60 74 139 242 233 246 25 119 33 190 9 24 244 212 133 234 106
    17 240 201 26 100 158 150 23 136 30 185 31 242 137 97 46 220 41 121
    9 45 176 9 212 202 1 197 3 250 18 183 67 113 52 171 80 12 222 112
    253 156 36 117 31 7 218 227 159 189 126 113 234 134 92 1 240 164 110
    39 95 58 125 108 250 247 20 54 26 139 113 216 83 49 18 253 172 156
    25 73 227 235 82 230 58 233 53 76 75 230 235 71 159 24 162 167 47
    201 185 152 110 146 46 125 0 14 158 19 191 168 250 206 130 109 19
    167 79 160 207 181 151 0 144 2 162 146 81 231 84 131 62 157 229 233
    54 227 99 48 111 28 223 161 192 200 243 80 147 79 96 116 136 42 54
    22 32 95 226 120 96 16 11 194 96 254 156 88 104 211 75 130 104 129
    61 134 238 253 99 30 187 199 217 106 170 130 60 209 15 71 88 210 1 1
    133 42 251 6 206 27 246 182 191 203 212 192 190 138 135 176 197 201
    178 63 193 20 173 203 165 107 13 53 241 29 68 94 134 129 254 15 121
    53 107 23 6 101 39 208 122 236 202 32 219 30 64 237 68 153 33 240 28
    37 98 221 189 72 239 196 34 211 170 15 223 246 168 80 89 63 36 86
    107 140 8 127 203 78 128 206 53 81 160 54 222 24 245 61 238 167 203
    151 172 96 140 207 62 43 101 98 234 11 50 117 255 83 144 236 40 101
    133 51 249 207 146 35 124 102 102 194 53 253 164 172 194 184 235 240
    68 210 208 160 219 132 212 145 219 254 132 87 250 161 15 71 63 132
    164 51 183 68 251 123 186 157 128 102 162 52 5 55 111 174 210 112
    228 103 91 140 98 67 67 179 68 213 232 16 215 44 35 189 215 163 5 95
    170 115 230 53 131 64 182 188 187 198 146 214 168 92 154 235 55 232
    71 67 12 55 157 193 39 28 160 201 113 108 125 60 24 247 41 201 66
    106 194 95 26 35 0 198 216 121 214 249 19 115 168 175 55 122 7 173
    10 185 109 172 145 46 24 12 162 225 215 103 18 226 72 13 150 163 102
    43 241 74 17 2 240 77 13 216 7 31 186 69 162 77 128 239 42 64 132 71
    20 88 144 82 40 0 249 93 90 192 177 16 77 206 154 69 141 42 247 2 99
    100 78 7 16 98 31 57 254 196 43 7 190 119 202 246 205 84 237 126 79
    214 212 34 192 67 183 107 247 180 98 226 13 204 19 61 177 172 105
    181 23 127 178 38 98 38 179 200 216 229 123 166 90 193 128 253 19
    155 100 24 208 231 102 99 141 254 129 81 219 197 155 17 173 136 136
    21 148 129 214 239 29 229 202 170 60 90 61 133 78 146 173 232 27 78
    194 72 133 64 18 62 212 51 243 122 74 15 232 55 132 66 106 215 180
    75 146 246 244 215 45 7 68 146 116 118 236 50 208 154 109 131 197 42
    184 79 125 147 169 51 123 64 186 73 103 39 148 32 217 14 222 82 182
    22 105 27 51 232 8 237 117 98 70 91 104 105 121 65 20 31 156 139 26
    199 135 25 142 164 20 56 184 50 37 84 96 5 187 157 151 52 155 32 39
    174 131 29 72 80 181 214 88 218 119 31 229 94 251 95 35 42 99 70 74
    118 219 188 88 187 200 79 26 183 21 208 197 107 108 19 236 243 44
    215 209 162 255 131 197 2 11 94 103 159 251 244 204 2 4 62 23 107 1
    55 151 81 68 145 69 147 184 169 191 150 2 165 54 149 251 55 159 19
    213 34 85 214 83 213 61 73 219 249 45 125 196 124 86 151 114 52 64
    105 39 100 153 219 217 64 98 185 52 108 68 63 193 107 21 163 173 203
    90 97 130 253 7 64 102 61 191 72 79 112 104 246 197 54 127 117 134
    130 147 10 15 64 39 214 108 210 64 225 200 8 39 22 194 65 146 185 67
    228 93 3 27 118 97 57 152 216 99 42 137 221 181 9 38 219 152 27 156
    215 124 248 175 169 104 70 144 197 188 116 1 59 125 242 11 120 40
    213 56 77 219 23 232 167 233 204 17 162 73 134 25 255 112 217 13 55
    112 178 144 123 186 84 155 103 138 2 110 159 199 152 181 121 252 248
    191 246 159 60 211 188 30 237 25 243 239 64 51 167 121 69 171 200
    238 142 120 5 98 58 37 85 20 83 116 12 113 32 41 157 87 189 9 139
    191 203 105 171 18 175 193 78 111 187 235 37 18 97 97 153 246 129
    139 30 243 133 251 4 139 234 11 243 4 208 52 127 84 101 45 97 2 26
    252 36 2 212 161 164 159 111 170 67 28 98 153 173 89 134 112 159 109
    61 152 174 200 9 35 2 85 112 173 115 63 187 52 150 183 86 38 207 161
    110 185 27 223 3 134 197 62 228 126 161 145 160 5 92 123 66 154 93
    87 102 61 45 250 65 39 85 133 240 112 26 183 241 186 16 45 43 116
    208 101 85 136 89 1 140 88 222 244 24 171 176 248 42 254 108 81 20
    229 10 130 84 110 229 89 49 140 103 65 9 242 125 232 242 112 40 81
    221 146 67 236 102 121 133 231 74 38 95 62 234 189 62 56 200 135 246
    30 254 90 230 236 27 70 184 232 138 254 173 168 176 114 221 21 138
    221 226 218 115 246 178 146 158 18 219 210 183 133 229 39 172 109 46
    78 45 7 62 198 172 4 22 99 161 223 59 233 145 220 134 164 69 113 107
    54 54 126 134 4 86 95 31 196 121 100 165 149 173 171 70 126 176 226
    214 171 110 165 210 147 67 184 232 40 232 197 46 104 170 6 32 196 45
    28 177 196 248 22 19 114 170 20 101 124 185 73 101 39 63 37 159 138
    12 178 83 78 88 23 128 100 210 106 164 192 56 91 222 54 169 50 141
    143 235 83 231 154 138 124 134 92 139 175 150 139 248 205 179 238
    212 125 17 83 105 48 253 64 113 2 1 102 195 41 208 176 177 70 47 250
    0 166 51 151 232 58 210 173 21 126 181 232 222 190 146 78 130 191
    214 187 126 94 162 191 246 246 10 78 63 134 77 26 153 141 32 95 72
    80 48 120 204 17 230 62 33 38 159 227 123 180 19 7 248 38 144 84 30
    69 152 234 28 227 15 113 72 76 212 118 122 53 38 177 225 90 109 126
    136 112 146 59 45 59 78 225 219 83 200 111 76 138 161 123 192 137
    228 97 15 188 85 146 37 200 177 13 87 106 90 240 86 106 88 219 156
    131 208 38 186 110 34 127 24 221 147 221 220 192 119 250 227 183 68
    133 18 255 138 227 80 126 187 90 118 221 130 127 56 98 199 190 67
    215 51 118 164 181 194 68 110 1 213 1 200 62 159 158 83 153 126 252
    157 161 123 143 129 48 208 60 138 19 198 85 36 223 57 173 67 195 150
    66 11 126 222 132 116 183 182 40 203 118 121 70 94 59 31 197 232 201
    166 183 133 171 215 219 227 46 147 189 39 251 237 153 130 106 218 89
    128 23 251 180 177 65 135 75 125 18 191 147 7 203 157 151 93 82 172
    63 206 149 126 16 225 55 81 68 114 232 37 220 0 195 172 40 174 217
    163 56 245 57 216 220 174 195 19 17 152 21 108 221 249 255 137 19
    232 210 95 46 143 123 88 152 108 112 102 72 161 152 201 79 107 99
    186 225 132 80 110 82 170 165 210 108 174 125 16 123 57 53 152 22
    166 145 228 134 62 238 3 103 244 27 90 191 38 196 69 247 196 7 125
    114 130 233 231 139 170 221 95 252 12 181 248 178 111 18 106 78 44
    229 35 212 4 36 229 124 18 65 148 8 78 104 127 151 227 251 211 115
    224 143 118 248 190 72 183 102 26 178 252 203 84 0 192 24 236 205 27
    114 93 112 204 154 27 139 250 72 27 65 86 183 180 196 245 248 65 63
    192 62 229 86 99 70 208 186 176 161 251 101 151 102 211 74 234 107
    252 150 127 7 189 10 9 83 243 247 73 129 62 250 24 101 216 107 97
    190 30 249 179 72 70 217 93 135 124 232 106 35 203 119 221 147 41
    133 71 177 91 55 196 161 189 136 96 166 225 145 7 48 97 108 107 77
    142 248 141 99 237 219 175 208 127 109 200 64 7 109 203 206 188 43
    167 154 7 175 61 92 157 200 201 229 142 37 140 210 114 193 197 24
    200 138 194 72 119 121 130 18 30 62 233 160 28 2 119 231 235 180 100
    81 15 140 47 46 32 252 163 127 128 184 145 159 251 43 81 121 34 118
    175 182 216 111 140 117 188 28 12 94 187 250 214 255 129 33 148 88
    209 205 148 237 88 76 188 71 91 254 235 142 155 77 138 222 212 250
    38 249 151 221 126 192 223 128 106 86 18 214 138 9 49 229 111 130 39
    195 80 70 141 102 181 71 164 46 161 12 35 187 58 115 26 30 134 56 86
    168 4 27 101 193 65 207 158 208 105 16 227 68 172 191 91 12 38 7 214
    4 135 234 117 147 189 231 54 224 165 226 68 172 50 94 94 214 29 103
    120 35 139 189 151 58 173 148 212 103 99 55 49 171 97 24 100 166 201
    135 55 211 121 51 127 125 166 229 120 199 52 119 20 89 109 70 32 220
    60 201 179 87 172 213 17 111 215 190 179 198 192 96 112 240 123 91
    189 105 53 138 51 240 51 132 10 18 126 74 3 159 143 74 112 242 19
    198 155 96 102 229 116 21 149 59 16 173 30 129 38 32 215 56 164 163
    101 160 123 74 187 238 101 167 237 216 140 37 96 82 11 140 22 22 86
    67 160 3 31 51 226 21 73 35 192 244 129 40 86 89 49 52 29 172 235
    146 3 171 131 134 176 134 124 184 252 46 180 132 87 154 31 64 153 21
    4 126 20 129 88 71 118 239 126 161 9 100 201 232 11 88 95 236 245
    109 55 79 198 238 49 212 139 53 213 120 31 194 2 207 76 9 251 105
    202 174 216 234 173 96 138 18 68 189 25 131 138 85 233 152 203 26 73
    113 96 116 116 134 134 138 8 91 166 86 67 69 0 101 68 58 79 84 229
    215 77 135 129 158 164 174 176 253 173 248 128 176 145 151 201 133
    152 163 84 159 35 151 182 248 81 226 178 7 188 161 159 149 151 56
    131 136 191 75 67 218 99 190 77 189 63 245 173 11 69 33 182 212 155
    101 73 209 101 4 147 134 104 39 63 212 144 128 204 171 116 113 246
    188 222 240 164 161 85 202 118 39 202 149 141 58 103 209 111 189 160
    171 121 45 234 206 50 200 240 179 175 63 199 161 165 249 247 65 195
    163 182 93 2 94 108 191 236 148 244 207 3 118 217 180 7 51 135 229
    20 37 28 70 73 253 239 253 210 191 70 11 224 17 223 103 90 167 175
    195 233 40 116 86 40 82 117 211 58 157 8 237 136 149 119 69 115 120
    210 103 168 57 119 194 53 210 249 8 128 91 171 197 151 79 72 138 46
    115 114 251 49 148 109 131 240 222 122 102 192 55 134 97 91 213 109
    210 82 178 195 185 84 46 215 13 15 223 33 60 199 101 178 236 117 162
    156 74 164 5 68 181 51 219 140 238 82 16 153 211 129 222 203 208 97
    64 242 133 74 57 180 132 178 179 75 44 37 78 240 42 75 170 170 217
    97 21 158 58 248 146 99 122 251 77 153 237 8 225 152 96 129 58 94
    236 8 49 185 103 159 209 95 97 106 195 132 222 118 143 68 46 173 242
    249 199 130 65 13 246 11 124 195 141 88 221 233 63 143 39 220 49 75
    58 17 152 184 230 5 203 186 130 50 209 197 5 45 213 179 35 85 203 34
    4 231 221 135 34 42 187 250 75 103 185 254 206 111 200 172 73 182
    197 77 86 78 187 186 177 27 49 157 35 56 67 31 24 57 97 136 245 94
    25 88 145 104 65 123 251 140 27 165 226 116 227 107 15 137 207 128
    136 55 108 245 254 180 20 87 76 230 76 241 23 2 54 203 70 56 146 136
    171 231 193 79 4 165 174 73 41 150 246 51 242 38 62 87 181 218 110
    169 216 89 13 252 35 98 185 2 52 182 57 207 199 125 39 163 167 22 27
    42 54 31 33 24 3 197 123 231 214 234 40 99 58 38 141 173 50 29 186
    85 221 47 41 154 226 219 162 37 249 14 129 21 97 247 154 203 95 134
    113 207 67 134 55 224 251 126 189 246 71 85 180 44 225 116 195 47 20
    88 142 90 150 89 220 208 63 211 250 18 71 203 135 140 125 21 203 225
    151 134 71 69 12 76 245 159 66 14 32 182 127 81 31 144 31 114 154
    132 160 120 141 145 29 10 35 149 29 179 143 130 64 21 163 104 228 29
    242 224 27 60 152 11 159 9 248 31 100 54 200 156 162 255 118 238 241
    104 104 198 153 159 54 83 24 173 231 158 47 144 150 246 2 151 76 121
    53 150 0 100 35 152 199 230 182 206 55 237 228 244 178 231 170 137
    214 75 143 218 34 95 22 115 157 204 248 82 83 224 21 87 202 109 125
    201 71 41 132 105 243 119 252 238 211 208 94 75 8 130 34 80 27 176
    176 130 132 151 91 59 205 125 99 101 75 158 139 54 130 172 113 30
    227 197 9 191 188 44 75 246 91 56 193 140 173 51 146 45 92 244 194
    41 68 10 242 116 131 230 167 186 222 24 88 76 131 177 177 240 108
    215 219 255 7 235 224 143 13 54 130 48 53 167 181 176 62 46 215 211
    120 131 231 153 101 115 215 242 210 243 35 161 246 148 220 142 0 174
    5 119 220 219 11 53 154 163 11 87 114 145 15 141 123 152 81 23 28
    136 54 174 233 246 68 154 198 182 116 214 149 183 144 227 146 245 70
    48 52 152 87 15 18 192 228 124 164 30 133 26 22 37 133 103 144 123
    172 18 94 33 88 187 11 95 150 190 235 186 1 90 254 10 0 144 63 158
    10 192 212 61 193 32 126 60 219 83 12 103 186 33 119 208 102 180 101
    23 160 132 253 61 24 96 65 48 202 250 187 76 189 49 213 71 72 35 124
    224 64 138 222 122 19 254 151 187 249 71 4 129 215 203 48 86 23 51
    193 43 185 128 139 154 49 145 47 12 188 7 238 167 107 26 95 175 55
    149 27 108 254 166 96 142 22 61 178 129 128 199 16 225 55 19 19 222
    157 0 246 233 91 52 213 91 52 123 216 246 191 51 243 102 150 184 226
    197 171 79 252 136 217 223 163 239 190 1 53 143 80 162 226 125 67 22
    46 140 85 128 248 40 118 61 48 40 240 233 107 209 85 162 183 34 134
    155 242 116 30 99 67 155 200 116 192 5 124 161 117 186 144 32 35 169
    37 21 55 105 18 11 115 25 115 206 59 11 96 73 39 224 207 181 109 12
    142 182 230 8 124 103 155 26 234 179 60 195 237 167 85 42 5 92 239
    111 85 253 55 150 172 92 158 161 7 146 5 142 140 215 34 8 64 31 228
    255 8 189 162 239 184 212 145 136 18 116 158 60 128 149 240 41 228
    217 126 178 42 34 255 174 254 168 154 69 130 81 153 215 199 132 255
    248 223 13 95 208 141 247 105 73 244 223 161 38 212 240 42 224 4 198
    113 38 192 98 98 244 51 216 143 10 106 253 194 147 18 219 241 68 89
    0 226 33 229 204 184 73 2 228 170 189 145 245 212 210 250 45 228 53
    162 251 169 165 223 222 19 70 103 162 125 237 238 198 3 224 107 82
    242 160 125 185 230 200 160 47 148 108 114 254 101 7 17 119 186 50
    31 221 175 227 17 211 51 139 61 144 159 192 118 229 2 89 33 222 173
    27 187 72 33 74 253 113 73 237 53 228 24 25 95 80 94 2 160 52 123
    120 60 226 213 79 65 58 113 22 58 97 93 69 63 121 72 5 119 188 124
    93 252 229 41 146 72 108 63 253 119 218 206 94 33 179 109 179 131
    159 157 215 15 151 19 56 82 201 245 73 15 112 3 34 183 152 225 11
    182 124 227 178 42 190 108 2 165 87 152 79 94 45 205 113 220 105 224
    81 16 40 51 151 20 109 211 91 173 253 251 35 252 93 144 57 135 38
    229 119 30 210 228 199 69 124 215 133 228 179 75 190 26 23 108 92
    137 105 22 1 23 179 6 192 18 223 59 115 34 182 62 183 190 203 254
    154 48 143 50 124 235 93 118 186 98 71 54 76 20 134 168 45 199 108
    66 157 204 196 232 141 136 221 229 53 37 225 186 205 121 33 189 194
    106 20 156 251 115 58 235 162 5 66 21 19 189 186 147 172 244 179 0
    254 141 59 4 130 71 109 52 237 206 4 220 180 148 95 43 203 141 228
    117 74 96 199 180 27 251 142 254 86 40 164 223 73 96 6 108 217 100
    81 242 29 200 85 99 155 225 218 79 117 115 68 209 226 145 141 180
    123 57 126 110 210 169 131 29 179 123 164 183 83 233 238 189 153 6
    18 85 73 230 22 219 151 192 104 32 98 89 47 72 184 228 245 47 91 213
    85 198 49 156 195 200 116 79 110 37 167 43 68 207 31 107 240 31 118
    136 111 102 232 198 35 38 86 230 190 105 156 91 174 24 31 6 44 118
    106 63 166 69 159 96 178 192 128 143 0 149 12 159 224 20 69 74 185 2
    33 91 47 246 227 126 218 85 11 147 50 234 86 236 204 223 219 120 171
    89 133 88 90 143 42 53 114 129 22 86 94 137 140 143 234 213 57 38 86
    137 197 187 156 29 15 251 100 87 132 198 112 228 7 68 104 152 183 45
    160 169 172 76 195 173 12 175 24 115 8 179 28 103 126 127 239 94 80
    10 168 39 77 220 76 238 177 253 153 253 111 210 195 66 28 30 68 157
    249 60 240 69 128 154 190 116 63 149 131 142 52 191 145 167 33 86
    161 224 54 207 57 247 39 228 129 43 34 54 164 203 38 222 231 225 30
    224 202 190 214 233 10 251 54 171 136 155 114 77 71 83 31 5 157 233
    0 226 127 116 251 200 238 129 73 166 202 121 149 56 47 66 230 77 127
    147 6 31 225 57 23 97 76 83 191 26 81 47 138 134 74 36 145 232 200
    54 97 87 169 172 185 30 103 233 88 139 222 109 224 41 146 199 3 14
    146 10 221 183 99 1 62 193 162 255 157 120 177 140 73 100 27 223 205
    232 63 61 55 38 83 214 25 215 244 113 96 176 187 25 120 107 171 108
    178 204 189 84 74 205 193 238 174 124 88 205 187 5 5 100 79 27 143
    49 146 63 149 232 140 217 102 18 195 207 35 137 204 183 147 79 27
    184 9 156 63 112 99 158 146 204 27 227 48 0 184 0 194 187 77 151 82
    201 21 30 194 87 155 39 156 1 236 68 169 175 163 161 231 233 191 210
    2 16 139 103 111 127 123 127 32 66 212 5 106 41 92 17 177 173 90 56
    110 208 26 140 173 122 94 233 121 92 145 247 26 183 132 190 38 83
    118 243 59 175 224 67 42 146 38 190 243 107 48 66 37 163 212 0 140
    250 175 129 42 32 6 104 214 22 198 134 69 87 27 50 181 92 125 92 186
    130 225 112 181 97 211 83 225 57 12 214 228 205 132 158 203 14 124
    231 101 252 61 234 92 106 91 244 250 199 125 21 214 141 186 206 91
    120 164 132 216 205 212 87 211 190 178 34 1 244 223 45 80 171 0 140
    93 241 114 143 235 180 122 19 201 208 177 239 217 148 10 77 58 87
    208 219 223 41 218 25 134 33 192 139 125 224 131 235 180 214 62 17
    19 17 42 20 224 40 165 186 113 247 239 75 221 147 221 213 198 130
    220 207 62 73 77 51 203 236 42 196 192 83 244 98 89 173 104 180 5 98
    252 199 174 214 240 15 60 176 45 233 192 88 41 85 174 182 77 10 230
    144 21 76 17 113 120 210 198 184 100 97 85 148 54 214 201 90 219 176
    218 48 222 155 222 128 184 228 250 185 210 166 127 80 120 212 134
    180 218 76 6 9 94 159 172 146 42 234 65 205 64 239 178 96 250 197 77
    161 252 178 228 166 45 186 149 190 255 140 194 99 230 91 177 149 12
    181 206 61 14 152 51 25 184 231 50 39 240 109 81 150 139 32 197 16
    32 33 66 31 199 201 135 2 59 164 158 42 44 103 174 152 88 72 222 149
    95 157 95 114 122 84 77 197 255 108 159 5 41 163 117 121 154 16 60
    33 4 61 114 66 225 88 69 202 183 154 226 207 145 19 221 223 188 213
    121 79 80 166 195 202 233 35 183 79 207 63 1 67 201 178 247 162 229
    131 65 32 38 5 244 131 220 89 39 185 174 167 98 48 42 206 16 146 20
    217 163 207 37 169 233 210 100 14 255 218 221 208 169 103 17 239 39
    11 230 22 184 146 185 73 119 105 121 22 249 42 78 88 120 39 190 142
    183 137 218 104 103 180 63 82 200 140 71 108 19 236 54 155 159 177
    29 55 121 16 126 247 109 217 132 230 252 12 24 107 90 188 131 173
    114 250 251 170 119 115 2 218 109 248 214 206 15 54 179 196 44 97 44
    155 74 32 226 129 251 74 1 190 251 54 196 5 69 131 242 130 122 82
    207 17 70 194 255 217 139 233 157 28 233 158 22 36 72 96 109 23 73
    116 56 203 26 136 219 49 46 97 172 75 246 153 251 72 115 224 73 163
    203 12 194 221 183 0 212 32 23 177 162 144 119 81 85 141 50 159 96
    100 140 51 178 111 77 156 175 247 2 44 145 17 137 241 93 136 130 102
    211 225 240 12 33 65 18 7 88 221 145 97 194 28 207 247 165 156 145
    40 37 237 44 58 186 173 232 0 144 164 117 45 137 191 141 69 79 175
    103 143 109 240 187 162 21 127 52 87 241 113 43 241 46 25 162 15 44
    147 65 248 13 171 118 245 66 180 184 27 116 77 50 189 86 174 88 98
    247 164 131 17 105 57 23 216 21 183 238 85 192 70 215 227 218 139 89
    227 45 187 43 250 59 193 161 51 46 172 40 58 198 255 143 33 11 93
    169 249 161 178 217 237 176 32 78 90 132 32 167 47 253 92 40 182 242
    44 2 226 240 139 169 219 227 88 247 240 35 229 232 173 146 196 253
    16 71 209 128 69 58 173 233 224 151 50 202 59 59 111 185 28 53 216
    193 150 146 177 20 131 46 131 153 212 159 106 40 3 82 2 26 212 169
    188 39 93 78 112 199 244 161 28 192 61 221 49 144 165 137 207 46 212
    49 197 89 207 146 137 148 157 11 36 1 173 56 147 127 82 81 89 118
    177 24 212 24 118 62 40 252 84 176 215 48 63 203 206 10 66 88 139
    160 139 250 75 219 84 72 191 222 136 54 197 173 161 46 67 17 225 40
    201 193 44 247 198 116 203 134 26 177 133 110 92 114 210 76 210 236
    66 18 128 90 95 154 244 99 238 62 100 220 181 52 192 205 247 188 38
    132 156 11 229 180 208 7 250 31 185 107 100 12 179 226 29 43 219 109
    231 123 52 156 58 177 87 22 165 223 181 45 92 7 221 21 177 95 114
    112 229 184 59 185 75 108 59 26 104 244 71 3 191 211 91 243 52 167
    168 43 232 218 8 95 112 118 110 236 98 12 214 245 55 239 137 66 238
    215 210 5 186 146 213 183 150 91 129 23 174 0 167 125 115 115 102 79
    220 224 203 3 94 197 14 193 37 130 183 230 247 128 208 148 37 117
    136 86 68 184 11 99 51 29 93 243 179 189 134 123 88 24 171 241 40 25
    138 80 191 9 81 104 250 247 9 38 130 179 247 242 121 92 249 137 148
    134 227 183 28 57 38 48 154 1 202 137 96 145 25 68 82 157 117 216
    172 124 166 89 207 235 242 2 133 190 142 245 142 239 215 136 61 91
    36 76 137 57 106 25 37 77 243 60 40 133 22 101 192 117 82 104 37 178
    8 83 43 251 127 175 133 108 59 33 232 27 52 126 172 154 37 211 102
    73 254 244 195 5 44 149 21 163 130 26 243 18 254 152 226 212 194 102
    230 186 233 67 235 110 168 60 8 116 41 183 174 208 71 184 67 243 240
    148 190 156 172 119 0 230 139 160 159 213 117 109 144 28 7 14 235 14
    232 61 7 211 68 138 200 21 13 247 172 26 60 88 158 103 143 208 240
    56 30 128 187 153 129 254 119 82 197 136 238 206 174 48 169 36 13
    130 235 47 125 22 62 175 93 59 90 170 126 210 77 234 138 138 164 193
    26 47 44 221 162 61 30 61 102 159 91 6 200 25 151 243 60 175 65 17
    190 189 79 63 6 203 251 33 42 45 56 183 110 88 243 207 193 199 113
    63 139 171 215 100 125 99 126 116 39 32 246 98 19 159 156 46 191 127
    70 81 36 31 92 21 244 142 80 78 162 121 48 217 239 212 189 101 31
    123 48 36 146 227 203 224 232 70 254 52 170 170 111 116 105 220 149
    158 245 56 215 140 83 106 130 177 223 158 54 121 123 188 149 168 12
    219 140 125 33 255 164 139 186 68 250 125 13 8 139 85 106 251 231 40
    64 174 83 49 249 106 18 83 53 192 50 25 95 106 233 145 38 76 17 69
    108 235 247 125 247 209 71 158 117 21 241 98 226 217 254 81 57 245
    198 176 189 207 36 185 75 183 181 90 221 170 249 71 3 163 45 217 237
    54 91 109 109 200 186 122 57 108 172 91 214 154 160 147 25 138 182
    163 156 51 216 191 34 183 140 140 192 63 184 163 234 219 100 222 148
    28 85 30 175 31 117 89 52 224 78 59 40 123 84 181 29 96 72 9 98 181
    248 200 87 101 250 163 17 77 68 56 230 193 170 170 56 158 209 113 19
    132 167 87 163 193 170 139 115 149 170 97 34 80 50 127 223 182 7 116
    238 157 62 8 62 105 155 103 4 202 5 36 112 165 205 160 112 77 129 40
    118 95 126 192 30 167 43 89 56 55 97 72 83 46 103 153 169 1 143 249
    55 92 147 194 127 51 244 129 214 14 100 244 158 21 84 178 183 99 132
    202 198 70 178 154 67 187 113 251 230 59 92 97 169 184 50 250 254 6
    101 235 22 150 199 254 144 134 132 70 181 96 183 149 83 158 124 44
    250 255 179 221 5 107 175 158 61 98 117 14 159 167 119 212 220 84
    165 232 158 234 114 214 18 9 180 127 60 189 236 23 216 159 7 170 70
    10 120 68 61 245 196 20 94 105 240 174 192 105 105 224 106 152 231
    55 89 161 176 202 192 235 104 92 176 193 17 248 212 38 133 18 66 32
    242 21 33 92 34 112 157 90 95 100 56 78 36 157 68 240 199 14 41 195
    215 126 72 212 82 50 11 144 12 120 238 148 179 215 95 192 151 138
    161 161 222 73 157 230 55 64 20 176 162 64 202 170 164 99 130 101
    222 136 154 110 143 165 8 54 255 219 206 37 97 246 78 217 113 228
    229 196 152 236 219 26 254 123 109 81 163 197 199 50 238 250 78 23
    145 241 239 245 52 203 19 103 62 99 164 254 6 141 3 101 88 33 21 205
    2 201 84 5 236 223 104 45 224 119 240 20 13 38 233 123 234 166 83 10
    81 142 143 252 113 122 151 233 81 22 253 66 110 199 247 85 30 24 213
    18 155 221 101 119 37 178 21 210 98 131 160 187 5 17 235 119 144 141
    240 84 91 161 221 34 193 143 209 65 226 150 21 23 32 154 162 145 169
    6 55 150 68 50 138 14 196 194 60 211 252 225 6 156 50 114 132 75 239
    24 241 76 198 103 27 50 253 60 138 50 139 45 214 185 21 247 49 36
    139 69 225 150 23 214 255 234 19 217 193 167 4 219 19 60 14 110 34
    111 217 210 155 135 143 6 204 21 168 22 51 105 143 230 60 70 206 216
    190 246 143 133 26 160 10 127 38 216 62 42 89 227 150 112 174 163
    174 19 187 187 30 147 118 180 231 15 244 225 138 129 135 150 70 207
    117 180 207 181 244 255 176 246 205 150 63 35 246 183 120 155 252
    165 147 121 233 96 188 104 69 7 18 248 116 100 15 177 251 171 141
    231 104 137 130 251 29 42 95 191 172 151 8 176 249 3 229 223 224 91
    118 44 148 130 100 247 29 1 246 53 19 226 19 140 61 219 52 104 122
    25 178 22 122 46 226 156 14 38 215 78 237 219 178 205 146 48 208 55
    90 143 80 220 101 232 218 111 224 186 235 228 7 176 17 132 226 160
    121 247 205 132 167 187 137 145 84 83 212 105 69 52 82 173 157 158 7
    171 13 118 88 105 53 94 40 158 245 244 52 183 244 148 117 220 190
    215 230 206 242 101 253 87 79 109 131 189 63 22 44 254 3 122 154 51
    218 145 110 166 178 109 105 137 216 113 188 51 208 34 203 174 205 41
    193 165 88 250 168 183 152 250 205 1 25 190 117 87 33 21 4 245 65 78
    67 166 205 208 123 173 180 205 66 68 229 139 175 39 18 164 129 247
    199 65 109 196 95 102 176 212 80 55 86 126 254 165 177 49 154 131 38
    8 196 24 124 249 198 23 144 188 200 125 122 178 65 137 127 194 149
    90 33 87 107 222 155 172 217 243 236 189 20 46 87 239 204 27 82 127
    168 177 64 25 245 249 9 245 93 111 213 97 8 167 232 201 146 155 133
    21 226 233 26 255 190 75 252 242 79 172 72 186 142 219 138 60 109 4
    235 92 140 213 108 109 138 41 100 228 97 132 12 251 9 68 7 15 205
    108 65 207 133 73 167 210 224 0 173 164 163 224 126 89 128 46 161 95
    119 99 144 217 91 186 31 117 157 55 173 175 201 159 124 18 82 70 123
    159 209 195 29 183 82 98 249 236 17 186 131 6 247 27 21 90 215 213
    189 222 136 64 96 92 92 43 46 78 137 99 202 13 247 243 236 80 55 135
    194 42 28 35 230 194 127 60 236 137 2 174 223 102 46 147 68 205 54
    179 172 181 250 35 100 19 42 95 133 54 164 197 38 227 130 216 44 150
    246 136 190 73 125 28 147 38 252 74 9 200 145 114 200 33 251 20 204
    65 49 111 157 240 234 73 3 93 176 120 160 177 70 254 114 140 220 112
    76 4 143 169 247 40 101 10 155 166 0 136 168 5 174 194 188 126 54
    143 247 112 48 184 61 47 61 141 255 247 71 152 108 139 110 96 23 163
    123 7 122 59 18 227 20 33 254 197 187 233 213 98 125 168 194 2 49
    159 93 81 28 109 244 9 212 238 136 50 252 144 136 29 117 72 108 246
    14 176 174 201 184 52 80 65 194 97 96 142 168 182 165 19 17 186 132
    23 255 61 96 148 249 111 75 100 223 163 104 109 141 141 152 122 86
    132 126 160 117 145 42 138 255 58 87 155 205 93 245 223 185 232 241
    230 31 201 38 233 138 96 223 129 249 112 28 201 119 66 4 94 229 246
    44 184 193 155 194 138 9 226 237 172 208 49 122 158 138 166 234 219
    7 125 53 155 111 92 107 33 171 200 195 176 147 63 189 200 180 195
    144 191 218 74 75 195 215 230 76 20 255 116 144 92 94 181 83 97 95
    76 77 56 170 233 79 73 110 177 234 43 176 9 242 250 129 172 25 116
    18 60 206 213 13 237 76 196 43 4 53 40 51 235 158 127 162 57 180 225
    168 115 243 29 17 247 114 98 53 124 67 176 203 24 46 68 14 126 69
    234 73 224 5 222 179 81 27 191 156 20 3 98 230 234 204 240 160 95
    125 164 101 191 194 90 19 184 252 108 50 172 190 9 162 222 7 88 214
    120 184 62 7 230 246 43 255 237 36 211 145 250 221 75 255 234 0 189
    173 158 60 227 193 201 149 173 22 130 185 47 84 173 75 150 107 200
    239 88 220 187 242 191 42 186 131 15 160 48 156 198 4 58 83 47 137
    76 68 240 88 80 223 135 87 211 112 153 193 224 77 110 103 181 63 73
    152 172 243 86 176 96 179 161 174 109 7 79 42 98 84 32 76 215 58 10
    87 141 156 226 103 179 26 127 36 156 132 20 243 91 173 221 83 28 7
    208 189 8 159 23 14 212 212 116 74 156 171 180 228 211 165 3 113 110
    186 249 231 143 86 131 129 100 11 191 143 48 107 17 170 137 106 86
    205 69 32 53 5 156 128 167 79 114 27 184 174 20 38 26 132 69 214 24
    174 32 24 234 122 74 124 44 237 108 175 52 53 84 112 119 37 198 21
    95 223 112 103 49 207 72 198 25 0 86 192 82 77 212 195 223 170 226
    241 159 17 182 237 26 167 157 250 219 209 176 247 48 171 251 205 131
    223 8 240 148 50 196 127 91 61 105 152 68 74 33 100 245 226 140 131
    114 167 169 50 226 174 0 187 100 32 103 188 214 230 128 203 1 84 170
    161 29 238 185 152 249 140 64 44 62 188 106 46 255 209 34 165 139
    181 85 205 81 119 229 31 145 219 39 152 16 216 20 251 0 234 218 29
    148 128 133 92 229 184 79 95 39 5 177 63 34 29 238 90 134 139 178
    251 59 117 21 95 200 174 196 248 114 128 178 230 106 60 239 7 193
    101 129 65 3 86 152 163 224 23 121 159 218 163 186 141 36 128 242
    211 230 211 82 1 204 159 79 216 36 179 100 50 125 157 212 176 180
    133 214 43 85 150 219 158 153 106 36 161 27 100 88 110 160 135 18
    229 171 31 141 232 63 9 250 249 214 4 91 165 143 16 127 27 165 16
    232 113 101 92 197 60 63 175 192 181 12 115 187 0 249 204 3 37 152
    18 103 148 194 90 132 159 94 42 235 63 225 184 99 136 111 224 190
    153 190 17 211 25 76 38 244 164 23 193 23 2 230 204 55 177 178 122
    12 191 189 144 151 151 58 35 171 248 109 43 149 83 180 53 149 44 38
    233 241 89 122 99 50 108 245 175 174 184 50 57 21 211 217 134 87 170
    197 2 169 180 197 66 86 150 221 64 220 48 181 201 219 181 3 88 131
    68 247 139 65 185 189 48 233 145 198 92 29 171 201 57 62 60 39 205
    44 1 32 75 26 222 120 0 24 86 220 227 6 218 67 140 3 181 102 12 75
    177 196 47 92 127 186 67 59 237 127 106 200 133 239 108 80 222 149
    245 208 161 38 44 98 192 107 234 44 197 137 70 76 37 200 17 45 199
    88 42 6 122 207 169 106 147 213 222 26 202 26 232 151 6 176 49 19 19
    169 203 171 235 214 160 142 141 27 210 247 120 187 222 216 245 161
    11 238 229 138 174 209 204 49 185 157 153 215 6 116 208 12 62 13 143
    75 20 155 100 164 11 21 24 39 5 62 51 76 162 93 32 12 128 208 59 66
    93 0 58 19 246 82 133 157 172 82 121 131 214 231 201 158 43 230 178
    37 100 136 143 142 126 164 132 168 134 127 11 246 108 6 40 228 198
    19 56 135 19 156 207 130 3 64 68 185 3 44 2 201 153 222 127 33 234
    188 166 132 54 10 164 247 120 167 71 112 193 45 60 127 217 163 107
    229 213 30 90 156 75 168 85 194 119 152 128 97 242 18 184 19 134 11
    159 108 132 121 196 120 123 195 123 227 152 112 207 119 198 102 165
    184 54 53 29 188 207 233 15 192 153 14 102 112 179 181 135 101 188 4
    157 254 10 127 175 87 31 252 88 53 101 143 162 231 185 18 100 63 194
    27 76 225 222 191 235 61 116 220 131 184 96 47 255 15 38 103 215 170
    94 229 42 59 179 72 45 14 164 68 79 150 118 123 191 88 195 118 5 200
    173 133 48 101 137 241 32 247 240 121 136 239 19 174 49 148 32 171
    54 39 114 225 228 88 219 143 52 13 172 12 200 188 31 51 217 135 192
    134 242 160 8 144 145 192 205 132 109 158 220 40 210 139 125 255 199
    131 71 136 246 252 122 40 152 9 82 57 236 82 147 186 224 43 124 130
    132 65 222 158 179 52 9 166 158 237 216 5 186 105 65 73 27 168 226
    98 234 131 139 81 7 180 240 169 242 21 210 29 214 179 10 228 219 175
    139 186 160 100 126 154 40 81 31 98 235 85 68 64 120 222 224 27 154
    53 171 74 168 100 89 156 130 63 43 123 19 17 219 177 143 104 70 189
    216 164 216 142 72 11 233 228 21 135 180 33 169 214 111 149 238 248
    167 194 149 27 79 243 157 158 47 247 115 202 198 30 128 183 14 62
    244 221 225 99 237 166 225 122 128 182 140 29 200 167 187 242 171
    135 22 52 78 82 207 181 44 26 162 74 207 229 149 91 53 139 10 234 4
    211 25 43 39 244 140 92 250 78 81 39 200 58 253 243 138 36 248 210
    11 134 98 206 131 29 249 154 16 92 132 87 122 124 253 88 98 239 237
    167 57 217 71 194 166 155 174 175 195 251 66 61 87 229 83 211 122
    169 200 166 87 102 84 207 124 84 4 214 247 89 104 188 91 56 48 242
    71 34 198 216 238 121 82 57 33 107 39 134 226 9 173 8 54 48 74 34
    160 139 62 61 122 176 16 18 29 212 79 2 49 36 205 82 240 68 79 243
    243 188 28 240 233 99 239 81 29 77 43 254 136 108 26 14 1 183 241 48
    36 160 34 114 28 117 154 81 232 52 228 75 24 159 153 75 182 92 6 13
    73 139 51 98 69 15 121 208 77 135 215 238 62 245 217 91 240 124 56
    50 33 149 167 102 167 190 9 173 242 202 192 157 125 204 93 193 246
    39 123 215 153 112 80 236 92 58 75 21 229 75 78 78 60 172 105 240
    109 43 111 16 32 191 23 211 9 155 166 134 3 207 96 92 103 252 37 104
    33 89 5 1 114 212 202 103 130 209 31 55 244 165 231 88 166 80 186
    122 167 196 135 215 251 36 118 144 27 103 176 103 216 176 126 88 217
    0 11 157 53 152 249 38 91 252 240 112 130 126 49 3 140 162 94 195
    112 58 27 222 182 165 173 211 89 58 9 91 163 84 24 129 98 210 18 136
    192 166 101 203 149 176 168 206 16 91 200 224 39 85 97 244 2 41 78
    198 17 45 98 237 88 39 191 140 24 116 136 64 140 216 157 164 123 196
    240 161 29 234 73 145 96 179 152 148 242 181 216 140 74 106 122 21
    249 148 173 142 33 5 127 169 133 114 108 131 255 236 157 189 111 120
    4 85 38 146 240 239 37 201 181 129 14 161 170 158 83 237 44 223 163
    243 209 128 172 85 243 238 63 38 226 161 200 192 215 32 38 10 46 134
    11 60 236 122 128 108 69 25 220 6 95 0 145 219 2 172 214 204 16 84
    80 30 86 39 56 54 75 30 247 240 212 2 103 75 170 39 245 195 231 192
    222 49 151 225 43 22 227 88 121 210 200 65 122 3 54 149 136 38 69 2
    179 94 195 160 55 121 129 141 41 19 93 81 163 17 91 36 80 9 100 49
    176 134 115 139 159 118 206 244 17 145 75 40 25 222 160 228 178 134
    102 43 38 140 154 203 254 60 172 47 126 189 66 80 215 201 31 210 113
    142 9 194 15 22 7 152 255 246 168 95 228 196 75 120 198 59 249 176
    168 23 59 70 69 40 106 214 83 228 205 114 84 242 175 131 142 213 149
    161 140 79 21 223 188 104 189 196 244 172 126 173 184 81 169 114 8 6
    189 249 129 191 223 133 4 82 184 204 136 167 184 215 83 99 253 150
    112 70 236 141 94 235 114 82 246 147 68 47 205 167 99 103 130 248 17
    165 40 31 14 226 150 247 131 85 249 84 6 121 35 161 79 161 16 238
    101 29 187 145 104 67 99 8 248 51 219 154 169 44 211 227 204 203 70
    220 87 214 180 159 120 36 248 8 159 143 50 36 20 181 87 96 92 192
    121 193 222 233 53 120 213 214 203 228 167 193 7 111 82 68 40 164
    171 98 215 167 72 163 214 104 86 111 1 171 235 126 240 87 140 145 34
    250 160 148 93 234 134 26 17 222 234 138 43 132 245 120 89 183 254
    96 187 95 13 23 34 212 158 39 71 25 246 50 177 30 72 80 174 172 169
    61 86 199 19 99 65 175 209 30 216 172 9 196 189 11 67 77 12 118 197
    171 59 85 61 10 182 247 113 230 187 2 247 98 121 227 48 23 115 121
    159 98 220 81 252 231 165 47 74 72 151 139 227 245 71 157 33 130 32
    235 12 128 59 88 127 90 205 123 201 34 213 226 243 173 75 8 102 104
    253 169 85 228 106 44 149 94 60 64 130 221 172 164 105 80 178 249
    239 251 150 215 183 213 70 73 198 195 130 242 141 251 153 79 42 20
    41 19 6 233 237 149 74 246 118 23 47 214 125 201 200 152 16 221 56
    27 87 42 206 136 20 32 60 224 117 149 86 204 49 218 106 112 16 242
    194 166 201 253 44 102 215 201 19 50 219 233 209 242 84 101 23 143
    109 235 60 222 137 113 1 80 100 117 47 47 52 119 113 67 176 108 21
    103 94 237 148 208 29 231 180 155 109 41 216 204 232 146 71 249 163
    149 87 24 189 240 33 127 81 94 138 133 234 93 24 227 57 69 90 153 15
    149 138 3 49 11 117 134 202 131 100 192 141 241 252 3 89 249 142 189
    69 47 200 74 197 248 229 135 175 88 47 151 0 147 254 21 14 11 102 14
    29 233 8 100 134 189 152 222 244 159 61 152 214 176 42 92 97 15 89
    132 67 74 172 182 162 219 70 114 87 93 182 139 209 58 114 170 132 97
    31 78 48 184 180 180 74 128 219 17 181 113 161 134 71 128 35 22 190
    51 5 116 254 94 112 108 54 180 35 146 189 161 135 150 73 46 18 200
    38 180 139 134 51 226 124 47 242 53 96 187 176 110 57 107 77 252 15
    217 218 209 30 192 215 187 126 19 155 232 205 1 194 160 11 44 73 57
    29 185 124 163 248 131 37 124 245 93 17 180 173 127 177 175 183 76
    127 51 125 56 12 17 116 158 5 149 219 27 147 109 23 31 236 190 122
    192 41 30 219 182 58 154 246 191 38 0 222 178 216 32 59 106 106 42
    158 6 156 59 174 243 170 132 170 183 137 12 26 96 228 34 175 83 164
    144 162 210 174 116 203 225 105 124 37 147 143 120 95 111 67 194 59
    7 254 143 242 134 158 136 174 153 144 213 100 177 97 41 254 143 31
    188 210 188 141 53 62 190 169 133 241 249 99 242 49 127 124 157 108
    201 40 252 0 60 200 105 184 74 140 73 132 62 60 42 133 155 85 124
    236 83 44 61 12 67 213 71 88 89 136 162 169 231 48 150 150 188 178
    31 108 240 119 166 41 40 250 203 109 213 209 240 163 85 91 113 238
    72 83 164 151 111 243 144 158 31 44 43 67 14 101 36 207 230 208 20
    218 249 166 17 147 151 250 3 181 229 178 214 29 183 56 117 191 213
    92 123 41 46 246 203 61 35 47 183 151 244 67 236 129 248 9 173 29
    237 88 162 69 251 26 213 23 216 162 13 103 61 61 198 182 92 181 94
    91 106 246 182 164 125 253 32 221 88 69 206 126 172 115 246 223 183
    65 167 160 128 138 41 66 250 183 120 87 194 125 139 208 90 138 165
    78 90 250 88 29 182 108 180 166 227 23 86 118 19 200 30 85 218 221 0
    82 216 221 4 165 75 87 168 123 225 252 207 177 159 150 51 12 42 227
    209 50 249 28 55 202 26 86 234 192 224 224 240 76 119 48 146 58 139
    80 89 82 4 6 164 116 5 178 146 167 131 170 233 94 129 236 205 146
    114 253 73 230 9 211 80 249 45 108 76 133 139 168 168 235 154 96 60
    17 248 16 35 224 204 83 173 206 191 161 186 50 65 68 67 198 201 41
    54 183 58 158 255 218 244 113 28 58 114 170 151 132 84 176 62 111 5
    33 227 219 122 127 191 208 183 162 7 154 135 83 175 21 96 1 189 145
    52 101 145 52 66 63 240 28 189 220 16 190 251 157 152 120 83 162 34
    124 128 37 127 13 205 64 88 101 217 82 11 174 45 190 40 43 35 229
    251 126 83 164 234 212 85 251 70 98 160 183 90 74 56 37 59 140 42
    103 150 10 129 74 23 47 23 31 188 48 6 85 178 195 128 243 148 135
    246 57 65 144 156 67 250 242 26 224 50 149 26 106 171 194 91 109 206
    193 214 184 133 52 20 241 77 76 18 179 32 6 243 90 243 173 98 184
    107 183 30 236 79 203 67 152 174 182 174 159 88 205 241 229 46 216
    91 225 48 106 125 244 22 124 79 137 46 99 151 224 176 169 189 206 25
    245 33 136 5 43 190 196 168 55 78 44 39 21 181 43 213 166 208 227 72
    34 120 39 234 184 149 12 48 222 55 188 185 102 31 47 9 72 255 49 211
    97 189 76 49 26 163 231 249 111 249 83 218 6 242 100 221 1 47 187
    226 254 212 108 158 61 5 254 156 203 115 150 89 65 251 217 109 102
    226 140 186 135 168 174 182 112 118 30 164 75 95 180 135 168 223 128
    200 196 10 119 249 155 181 122 16 75 32 20 228 111 56 182 91 207 25
    110 85 21 75 40 37 248 221 158 45 183 207 27 60 237 20 176 172 148
    75 149 207 49 134 240 120 46 56 165 4 199 239 198 235 167 135 249
    242 250 250 240 11 151 96 156 135 245 146 51 222 22 142 164 165 225
    9 67 58 4 211 111 58 196 40 116 141 52 48 52 147 213 139 165 180 207
    214 180 99 45 139 64 232 238 182 26 65 220 55 147 85 146 66 160 100
    39 222 234 12 98 237 66 42 214 229 14 240 36 9 28 44 153 38 71 153
    204 193 33 99 43 87 26 211 20 72 115 234 96 86 2 167 166 58 120 146
    89 26 46 24 140 47 237 7 178 165 141 115 115 11 26 137 146 192 204
    22 63 41 89 107 57 249 11 241 167 187 248 0 41 50 33 26 251 3 186
    236 172 217 233 106 239 213 50 179 30 204 53 62 66 49 49 53 160 247
    137 101 167 95 27 118 165 29 159 231 137 186 208 42 214 194 156 228
    255 44 167 249 186 214 95 95 149 21 166 195 82 236 252 226 172 71 44
    3 183 137 227 94 181 212 65 226 47 58 99 88 161 62 89 136 69 184 9
    142 20 25 215 3 163 76 194 106 21 91 16 23 46 87 142 99 251 191 245
    9 206 27 39 52 92 73 162 154 84 62 236 44 28 108 244 105 254 8 207
    143 203 152 209 91 58 165 175 113 99 170 17 144 35 63 48 186 131 201
    158 235 47 95 235 207 72 15 14 254 98 240 204 168 97 208 113 231 102
    251 150 241 102 212 167 97 38 211 17 183 84 181 102 48 11 42 85 77
    24 97 58 36 139 185 185 109 223 134 88 144 156 152 229 130 97 202 89
    33 198 63 147 75 202 77 123 135 37 132 229 23 144 119 141 145 94 158
    95 104 159 159 65 164 138 50 162 128 184 149 31 127 212 251 38 195
    70 229 90 135 201 28 175 105 178 108 177 41 210 227 64 212 75 80 191
    11 183 142 206 169 143 150 175 245 93 84 240 185 191 49 37 253 68
    170 0 64 240 168 21 126 63 231 77 158 58 153 61 186 179 20 114 151
    164 209 28 61 32 160 106 146 19 174 57 151 191 177 58 3 204 32 174
    43 219 212 209 192 19 130 195 97 46 114 152 146 190 218 59 182 67 0
    216 182 193 6 190 85 176 108 214 40 91 160 221 22 106 74 170 95 223
    66 176 173 183 129 100 204 128 152 141 182 120 110 53 49 229 23 93
    182 38 112 243 8 24 106 18 152 244 120 85 116 172 147 160 80 239 227
    132 167 26 218 86 221 86 202 148 186 166 26 220 197 76 147 175 236
    127 92 100 196 110 107 118 44 149 150 175 70 61 59 224 59 209 129 57
    254 229 241 241 207 53 170 224 5 102 4 74 33 112 183 100 215 186 108
    183 33 22 20 219 2 96 85 111 55 58 102 194 61 209 0 40 37 238 120 51
    211 78 183 96 158 146 123 170 15 91 50 245 252 71 49 163 79 194 140
    51 22 74 85 106 174 134 98 224 177 128 221 249 112 123 145 104 57
    149 71 43 17 179 238 181 149 161 185 29 107 56 212 190 229 197 67 45
    167 32 149 62 109 184 113 26 205 81 70 58 227 47 121 75 246 52 160
    185 5 74 119 214 189 252 132 69 107 160 106 63 165 176 242 27 160
    180 228 127 233 244 66 255 215 229 175 86 227 48 50 56 90 143 202
    222 247 240 253 182 143 83 239 198 79 225 77 28 229 116 134 244 84
    148 66 68 54 20 193 55 153 18 215 99 164 190 79 20 250 240 3 205 238
    95 144 25 7 94 29 199 160 146 5 39 153 90 97 132 125 196 84 123 210
    26 110 140 32 234 242 145 168 244 20 202 157 252 77 130 123 235 85
    70 33 148 12 147 196 50 26 76 36 96 124 7 122 230 177 54 104 134 92
    222 70 90 57 128 188 73 1 15 133 228 43 215 191 82 94 132 226 228 87
    219 105 125 236 82 82 246 70 27 250 246 158 224 103 211 177 81 77
    180 221 157 44 81 142 45 5 13 221 3 123 151 19 219 79 149 92 149 104
    155 61 190 70 246 239 208 11 122 81 25 229 55 178 250 5 241 123 104
    48 18 98 30 74 54 255 123 102 68 163 179 90 14 44 69 116 2 158 35 10
    195 190 188 110 96 224 246 52 215 39 108 45 2 250 230 226 220 143 62
    210 105 163 63 203 51 167 101 71 151 58 70 108 131 214 203 91 12 226
    38 133 244 170 231 214 152 172 83 239 179 41 209 62 96 43 109 234
    236 255 147 73 204 16 40 154 200 35 157 141 149 185 174 112 241 41
    150 133 202 0 170 129 40 178 50 50 84 57 117 166 196 67 25 130 112
    56 216 8 147 52 254 215 12 142 3 31 133 238 121 252 173 223 206 172
    129 70 252 88 126 214 112 2 188 135 167 234 216 235 170 125 240 35
    150 47 136 233 175 189 124 242 203 214 192 206 50 199 178 21 123 31
    208 57 43 92 157 186 194 41 111 179 201 77 50 235 20 227 130 46 130
    146 236 148 68 79 254 120 107 114 188 4 93 43 69 85 175 99 243 220
    218 176 207 35 118 180 105 67 231 191 174 94 240 235 65 138 234 194
    177 208 106 51 250 18 115 225 29 161 55 92 14 207 60 182 254 57 81
    128 249 133 211 114 138 252 199 245 167 147 200 53 121 241 94 183
    239 217 5 186 145 81 36 99 50 253 8 42 68 245 181 61 106 254 115 43
    101 123 216 21 196 1 43 242 235 253 199 123 41 108 172 60 177 120
    175 218 153 56 236 204 174 131 212 84 10 3 195 61 19 221 131 149 146
    49 54 225 41 41 52 245 22 186 111 115 111 5 133 192 195 244 141 68
    25 129 224 113 140 52 83 132 214 224 115 85 239 232 116 75 185 240
    83 86 216 226 17 148 177 21 75 26 91 73 119 110 56 78 235 192 87 159
    87 115 183 150 135 157 178 25 119 101 69 50 39 97 39 38 88 141 116
    153 1 38 222 62 4 199 109 68 247 23 51 55 239 190 103 90 123 12 60
    97 71 241 27 151 66 33 41 60 167 78 62 243 35 101 73 246 255 18 120
    184 72 112 158 71 34 58 54 38 205 163 106 250 115 171 3 18 76 123
    148 171 239 56 167 40 179 249 191 114 7 10 137 187 206 124 58 1 10
    187 25 167 42 35 253 50 208 234 220 219 54 118 17 128 2 244 227 253
    112 238 242 138 20 82 118 131 79 175 6 254 147 146 250 173 126 242
    250 34 228 4 76 207 28 33 228 180 188 23 160 88 139 107 28 6 28 253
    216 175 162 194 44 56 245 255 103 1 223 3 208 209 206 124 221 160 40
    1 18 2 54 233 252 175 118 242 92 100 219 175 23 131 36 116 38 24 80
    221 101 196 113 208 171 30 220 38 148 38 172 162 178 154 191 241 159
    237 219 169 192 62 10 28 137 208 161 36 131 254 222 38 33 110 229
    110 195 182 93 70 171 68 221 74 4 5 132 80 24 162 173 151 111 113
    115 132 198 30 199 214 70 103 216 71 164 46 228 136 129 172 250 54
    86 146 254 6 111 109 3 65 116 140 141 90 138 195 111 118 82 141 193
    255 244 211 61 129 3 120 112 118 170 190 222 12 103 120 31 179 134
    129 158 160 234 183 244 239 195 255 5 145 215 226 209 189 192 185
    118 60 87 213 202 180 244 246 119 131 16 68 141 92 63 157 67 254 247
    69 180 40 253 181 114 196 198 170 151 17 68 2 49 236 57 171 149 173
    219 176 32 233 106 146 228 21 181 26 180 217 161 227 34 39 181 136
    31 213 80 211 151 167 197 130 1 146 155 222 160 242 152 64 25 46 11
    57 167 161 14 92 0 218 127 8 209 123 145 197 26 159 61 243 50 32 235
    107 90 132 208 108 82 121 32 14 213 100 226 208 78 68 244 235 64 223
    181 215 17 135 255 151 38 115 147 71 5 95 9 139 185 53 192 141 95 37
    163 213 229 127 169 51 243 127 154 177 23 247 105 198 148 49 148 125
    253 243 201 138 247 6 72 34 104 204 224 182 204 119 170 66 15 160
    135 83 98 179 136 226 147 249 211 28 205 29 165 200 26 238 96 186 36
    254 212 78 7 230 49 146 99 140 18 178 139 78 37 35 227 225 183 117
    188 115 123 86 247 129 255 43 155 154 227 30 220 101 125 152 84 50
    98 194 207 175 215 231 53 45 218 255 40 157 222 182 8 81 107 160 23
    50 212 38 223 136 225 202 122 195 69 1 90 137 20 23 140 17 77 214
    130 111 161 52 243 89 59 173 155 232 240 117 209 106 126 211 106 148
    12 90 141 159 15 101 56 62 85 48 178 62 44 204 231 212 165 34 163 16
    166 110 213 233 161 172 28 199 119 170 64 52 249 193 208 8 255 115
    29 58 168 143 79 69 170 128 92 204 51 1 107 94 118 251 93 139 162
    126 131 87 250 37 31 230 168 55 74 230 11 76 235 3 181 36 159 99 41
    88 193 211 221 34 87 213 138 143 157 129 37 54 129 208 107 39 200
    197 24 184 149 70 230 87 189 245 122 229 111 136 149 106 111 49 115
    247 138 27 74 80 92 78 118 50 147 79 108 111 74 15 29 107 189 186 78
    75 201 14 172 215 67 57 238 154 184 58 20 254 57 151 4 9 99 117 18
    134 252 140 57 52 249 9 204 159 172 93 191 4 106 103 252 120 209 151
    138 125 68 58 225 201 103 235 205 172 255 51 49 220 137 234 90 28 5
    84 125 137 191 79 29 119 227 110 80 42 107 1 101 103 196 212 219 67
    227 142 93 74 86 33 148 105 147 155 244 52 86 145 70 193 193 2 122
    30 121 246 191 192 54 42 37 193 176 56 250 88 163 26 78 108 73 130
    191 59 199 204 218 149 59 70 166 222 128 160 125 1 24 250 97 251 234
    30 229 130 200 219 66 247 201 76 193 216 224 184 123 197 144 198 164
    224 146 50 42 156 133 175 249 38 253 213 203 181 113 187 197 212 53
    128 79 16 162 189 14 21 104 28 152 48 139 210 240 138 46 94 40 54
    199 42 13 254 229 36 140 135 233 168 116 96 198 7 169 174 100 197
    222 71 155 96 4 18 232 81 94 153 178 158 236 112 216 97 36 253 23
    138 235 182 146 54 189 116 54 16 206 74 180 184 207 90 99 248 96 253
    12 180 68 198 251 89 248 52 215 58 136 41 46 38 90 68 100 137 225
    165 133 75 213 164 248 241 31 251 27 205 177 149 122 148 109 48 34
    74 226 143 222 48 214 126 215 154 108 107 133 24 7 16 124 51 169 167
    139 206 147 214 206 63 112 169 134 121 213 26 57 67 158 246 222 29
    58 179 38 102 154 210 15 93 175 144 4 40 193 178 112 209 78 243 212
    223 249 179 179 83 110 10 243 30 65 194 195 164 109 213 198 7 92 237
    230 239 74 101 254 61 121 175 244 82 113 113 79 128 182 181 57 111
    50 54 189 45 56 230 130 39 243 69 71 62 4 76 243 195 141 251 70 143
    212 144 196 73 223 225 203 116 237 191 185 77 110 148 15 35 2 135
    115 199 68 210 54 195 9 208 153 51 16 13 250 38 250 122 203 33 9 95
    211 155 162 174 254 15 178 209 116 158 254 181 248 119 29 189 66 81
    15 63 55 18 167 9 9 111 65 253 216 14 18 71 21 53 48 159 36 73 127
    137 71 229 123 18 38 196 79 92 61 245 62 155 190 76 211 52 141 231
    59 80 74 89 207 19 253 0 165 236 18 167 76 119 209 237 130 192 8 233
    51 153 101 179 203 226 189 73 192 52 11 118 119 133 152 52 45 81 83
    156 239 89 185 24 245 91 109 230 223 4 26 92 218 108 58 195 69 145
    86 139 13 76 219 64 115 92 75 45 58 150 227 80 229 132 46 128 199 64
    1 218 141 74 95 53 233 161 167 179 108 245 65 156 211 58 71 80 174
    123 251 39 95 0 82 30 226 70 127 43 25 29 103 106 203 223 156 147
    168 123 207 144 19 82 105 162 158 104 244 57 111 110 97 52 65 92 7
    167 195 24 193 61 107 221 19 184 148 97 158 64 98 222 216 219 85 4
    64 93 45 145 72 164 201 45 122 39 232 126 64 102 194 207 248 16 243
    239 245 85 142 149 168 252 198 74 185 193 217 93 227 100 118 13 111
    234 130 102 106 28 37 232 31 79 238 124 174 130 166 107 109 48 2 203
    122 1 7 178 193 159 186 251 145 190 51 246 189 163 129 242 250 146
    164 237 28 14 244 51 235 166 83 232 2 177 7 91 63 64 137 232 12 221
    251 88 114 208 196 199 0 65 164 252 166 170 69 36 158 137 142 31 171
    242 215 107 72 129 246 55 195 203 235 124 44 7 68 84 120 167 101 118
    250 182 250 183 210 158 227 206 86 217 101 83 70 123 208 57 156 51
    234 88 48 160 143 22 232 183 151 174 81 160 4 150 52 203 106 59 132
    172 6 146 71 244 19 215 8 159 82 145 19 228 66 84 92 71 105 62 154 7
    15 40 51 75 242 171 141 35 241 122 129 54 155 12 99 15 27 93 190 94
    152 215 1 114 162 19 186 212 190 109 72 120 136 178 79 149 252 131
    67 203 44 201 123 56 213 155 145 250 133 92 36 1 238 37 233 170 81 7
    116 189 103 202 7 48 246 12 164 50 48 20 137 26 101 208 20 181 128
    144 253 89 15 37 226 209 201 43 31 165 154 124 36 203 252 128 161
    133 31 35 50 80 156 231 192 179 123 205 66 12 49 250 166 183 40 121
    57 213 19 111 8 209 191 40 186 249 2 98 188 152 250 198 234 209 41
    196 192 185 89 239 9 151 207 128 250 144 213 26 1 87 215 253 108 82
    83 172 179 114 220 210 3 23 32 198 15 212 93 132 109 58 125 236 253
    26 171 35 203 195 181 49 252 189 92 53 123 68 80 4 82 76 162 107 247
    132 55 52 42 151 191 235 80 220 233 98 235 132 161 233 109 29 118 84
    40 159 95 178 208 5 8 47 217 118 184 139 71 250 44 112 91 135 129
    173 122 211 147 194 228 225 212 167 110 97 119 21 115 33 41 46 144
    190 168 109 2 104 124 28 163 117 233 43 195 51 89 246 4 120 18 238
    142 165 1 201 118 56 229 177 41 52 191 143 136 255 60 201 130 101 16
    161 125 40 8 80 145 175 236 242 219 166 110 255 220 165 79 232 73
    255 22 201 1 226 220 43 206 72 70 123 81 89 33 164 174 108 81 57 7
    123 48 168 197 149 198 151 224 164 64 16 110 6 151 200 55 112 55 114
    37 160 156 142 252 140 233 211 179 0 244 244 7 249 88 79 196 118 9
    128 127 70 122 16 225 188 115 203 140 236 233 55 163 224 91 65 185
    68 203 123 189 106 108 210 223 211 17 250 51 165 143 161 96 93 139
    222 164 238 216 45 66 219 236 32 227 151 190 243 76 83 249 162 79
    162 4 213 48 199 109 52 170 147 178 211 231 214 193 141 235 35 208
    247 233 41 81 52 254 188 6 103 189 48 151 102 252 7 44 244 244 161
    78 11 145 204 134 1 73 10 6 11 202 152 168 5 155 170 18 192 191 85
    86 226 162 218 202 22 53 222 210 239 156 85 80 7 8 85 50 116 217 12
    233 180 48 243 38 3 170 159 207 55 9 126 191 118 182 91 142 163 69
    224 247 197 217 217 254 62 84 147 147 152 105 185 127 230 43 151 124
    82 231 86 109 34 11 217 182 27 216 45 43 254 106 81 114 67 130 239
    129 135 45 19 24 173 46 148 213 229 67 194 209 65 165 79 174 69 185
    107 10 211 60 222 41 68 233 59 254 119 17 226 137 185 176 103 90 32
    151 160 220 241 28 66 65 177 135 7 139 120 244 155 115 199 172 251
    195 181 105 186 184 52 118 192 103 199 13 41 165 201 161 131 228 50
    183 84 253 123 151 13 11 34 71 10 21 179 212 254 71 146 178 169 48
    82 33 110 46 200 116 142 57 40 23 248 0 5 161 77 165 14 205 120 243
    150 142 194 224 109 227 192 87 57 42 67 111 247 71 19 67 32 242 66
    125 169 30 43 159 24 108 153 161 212 175 12 25 70 126 94 36 226 126
    10 242 122 230 92 208 231 71 126 227 197 186 163 252 112 36 181 218
    87 231 183 4 228 80 36 88 26 168 98 73 106 160 187 232 168 0 157 23
    45 98 106 110 43 46 24 76 175 212 115 194 243 63 161 140 67 212 100
    187 168 59 226 252 128 96 248 129 77 12 191 213 230 13 52 88 156 125
    72 158 126 128 84 150 174 41 125 213 58 0 155 33 10 141 112 78 194
    218 252 28 65 6 72 252 230 130 86 83 94 76 62 177 3 199 233 47 0 44
    181 212 220 13 142 97 24 204 80 22 17 6 151 246 229 155 17 21 99 2</data></test_img>
<my_img type_id="opencv-matrix">
  <rows>128</rows>
  <cols>256</cols>
  <dt>u</dt>
  <data>
    0 255 0 255 0 46 255 0 255 0 255 97 255 22 224 0 128 0 255 229 0 0
    255 163 0 255 0 255 0 122 211 255 255 0 126 0 255 255 0 255 0 183
    255 105 255 0 0 0 255 0 255 0 0 182 0 0 97 244 216 0 255 255 0 255 0
    255 0 0 128 255 255 0 255 0 255 0 0 255 31 255 255 179 255 255 0 255
    0 255 255 255 255 255 240 0 160 255 255 0 255 255 255 0 191 67 55 0
    175 0 0 255 194 0 255 107 0 0 255 255 255 255 255 0 255 172 0 0 28 0
    255 0 162 0 255 0 153 10 0 0 19 0 0 0 107 0 0 88 139 255 0 255 0 255
    0 0 255 0 255 0 255 0 255 255 255 255 255 48 255 0 255 0 255 0 0 0 0
    255 0 81 0 52 42 0 255 0 255 84 0 72 254 125 0 0 255 0 0 0 118 255 0
    255 0 0 255 0 255 83 0 255 0 255 255 0 0 255 0 0 255 75 6 255 179 0
    255 0 255 0 255 0 1 255 0 68 66 255 255 255 0 0 255 255 107 0 31 255
    23 255 171 33 0 255 255 0 255 255 255 0 0 255 0 0 255 255 0 142 255
    0 0 255 179 0 73 255 48 255 0 83 255 44 0 255 255 227 255 89 103 255
    0 0 0 255 255 0 0 0 0 0 0 0 255 0 255 0 0 255 0 255 255 0 255 255
    255 169 0 0 255 255 0 138 246 31 0 255 0 255 125 255 161 0 255 0 177
    48 255 0 255 97 255 255 0 255 0 255 255 255 0 0 255 255 0 41 248 0 0
    16 163 0 255 233 255 0 86 255 74 0 255 0 255 255 120 255 0 255 0 0 0
    255 227 0 0 60 255 234 0 255 0 0 255 255 0 236 249 143 105 255 255
    111 255 48 255 255 117 0 255 0 255 255 0 255 0 0 0 255 0 255 255 255
    151 239 255 0 255 45 255 208 86 0 0 0 0 255 255 47 202 119 0 255 255
    172 255 0 196 0 0 255 168 182 255 0 255 255 0 255 0 88 255 0 255 104
    0 196 0 0 255 0 83 0 0 255 0 255 130 255 0 255 255 132 255 255 127 0
    255 0 0 0 0 0 0 255 255 222 0 255 0 235 255 0 183 255 255 0 255 0 0
    255 255 140 224 0 0 0 255 255 255 0 255 132 0 159 255 0 255 255 255
    0 0 255 0 255 21 255 245 24 0 255 255 0 255 255 255 255 6 0 0 255
    255 0 51 255 255 255 255 54 0 255 0 255 0 0 255 0 255 0 212 0 134 0
    0 87 0 194 0 0 0 0 51 0 255 0 255 255 255 91 0 255 0 0 255 0 130 255
    0 255 0 193 255 172 0 255 80 0 0 255 0 0 0 255 0 0 255 0 255 0 255 0
    0 255 255 0 255 255 0 255 151 0 0 255 0 255 32 255 0 0 0 0 255 255
    57 0 255 255 0 255 255 0 255 0 0 255 34 0 255 255 0 75 0 65 242 0
    255 0 0 255 0 0 0 255 0 23 255 0 255 0 255 255 255 0 109 176 255 0
    255 0 255 11 255 0 0 0 32 0 159 0 0 0 51 0 255 255 255 0 20 255 0
    255 0 0 23 255 0 255 100 0 255 0 255 255 83 0 0 0 255 0 255 255 255
    51 0 255 0 255 0 0 255 0 0 92 0 17 255 243 216 255 0 0 0 255 255 0
    142 255 0 253 255 0 0 255 8 31 0 0 0 204 255 0 255 136 255 0 255 255
    0 122 204 0 0 255 255 0 0 255 127 32 255 0 0 255 114 255 0 255 0 255
    0 0 0 255 255 255 92 255 0 255 255 255 0 0 0 0 255 0 255 0 255 255 0
    255 0 255 255 255 255 0 255 11 0 68 221 255 0 255 235 130 0 255 255
    0 255 255 0 0 172 163 255 255 0 255 64 255 255 0 0 255 255 0 0 255
    255 0 0 255 255 177 255 0 62 255 0 255 255 54 255 68 0 255 0 255 0
    255 0 255 0 255 0 0 255 0 255 255 0 255 0 255 0 255 0 222 0 255 0
    255 9 255 67 255 198 255 0 0 255 255 255 35 0 227 0 255 0 255 0 255
    255 0 255 255 0 255 27 255 255 255 0 255 255 255 0 255 223 244 0 3
    80 255 255 0 255 255 255 0 255 255 255 0 0 0 110 184 0 14 255 0 255
    0 0 237 0 255 0 255 131 255 0 28 0 255 0 255 0 255 60 0 255 0 202
    255 0 0 255 38 255 255 255 112 255 173 0 76 255 255 0 255 0 95 255 0
    255 255 0 55 255 255 117 255 255 0 255 255 255 148 0 0 0 217 0 255 0
    255 0 0 85 255 255 0 0 255 0 0 255 0 255 0 213 255 0 27 0 255 255 0
    255 201 255 46 0 0 0 255 0 255 0 255 0 117 0 0 0 255 0 255 255 0 0 0
    0 161 0 0 255 37 0 255 111 255 0 0 255 0 0 255 0 0 0 255 255 0 255
    39 0 255 0 0 255 0 21 0 0 123 255 255 0 255 144 255 0 255 2 104 0 0
    93 255 0 0 213 255 0 255 0 255 0 0 255 0 255 0 137 0 0 0 0 255 0 255
    0 0 255 0 255 255 0 0 255 255 0 0 255 210 0 0 0 255 0 0 255 255 0 66
    80 0 224 255 0 255 187 0 255 0 241 0 0 255 255 0 0 255 0 71 0 0 0
    255 0 255 101 255 69 0 255 0 0 255 0 0 255 0 255 0 255 255 255 0 0 0
    27 97 219 255 0 71 255 0 255 255 0 138 0 0 0 45 255 30 0 218 255 0
    72 255 0 255 0 255 255 0 255 0 221 0 5 255 255 0 255 0 151 0 255 0
    255 0 255 255 255 0 0 4 0 0 255 255 50 255 158 255 0 0 0 255 0 255
    255 0 224 255 0 255 0 255 255 0 0 255 0 255 0 255 0 157 199 0 0 32 0
    0 255 255 0 255 0 255 253 255 201 0 255 0 255 0 255 0 255 0 255 0
    255 255 0 255 0 255 255 0 0 255 32 86 255 255 0 255 255 255 0 255 0
    255 255 255 0 137 255 255 255 255 255 0 255 36 122 255 0 255 0 255
    77 234 0 0 40 255 0 67 16 194 0 179 107 0 255 154 255 0 255 0 255 0
    255 255 0 255 0 255 81 255 0 255 0 0 255 0 200 255 255 0 0 255 11
    255 0 255 181 0 5 0 255 0 255 255 164 127 132 0 0 52 255 165 0 255 0
    255 0 255 255 0 255 8 0 192 255 0 255 255 216 90 0 255 123 255 0 0 0
    255 0 255 188 255 0 156 0 0 255 255 0 0 255 0 210 255 255 0 255 0
    255 74 0 176 255 255 0 255 0 255 255 0 211 92 255 0 255 190 38 255
    255 0 255 52 255 0 255 0 255 0 109 255 255 230 0 255 255 255 0 255
    122 255 0 255 0 144 255 0 255 255 255 0 0 255 0 157 32 255 0 255 0
    255 255 0 21 0 255 0 255 188 0 255 255 0 255 0 245 255 0 255 255 37
    0 255 0 3 0 255 0 0 255 255 0 255 255 0 255 0 255 187 0 255 0 255
    255 215 255 71 0 0 255 114 0 253 240 0 255 0 255 0 0 4 0 255 0 0 56
    0 255 219 128 0 255 0 255 0 255 0 130 255 100 255 0 255 255 0 0 183
    255 255 0 0 255 0 255 255 33 255 237 0 0 0 255 0 163 11 255 166 0
    255 0 0 255 0 255 135 255 178 255 255 66 255 249 255 255 41 0 113
    255 0 222 0 255 0 14 255 255 255 0 255 225 226 255 0 255 0 142 219
    255 0 255 0 0 222 255 255 0 255 0 255 255 25 0 0 255 0 255 0 0 243
    255 255 0 255 0 0 81 92 0 255 255 0 255 255 0 169 255 255 255 255 0
    0 0 255 255 212 0 0 255 108 255 245 255 0 255 39 0 255 0 255 121 255
    0 0 0 0 255 0 138 0 255 0 148 255 242 255 0 0 98 255 255 255 0 171
    255 0 0 0 255 0 255 0 0 255 205 0 255 255 237 0 255 255 0 255 0 255
    15 0 42 255 0 255 0 255 255 0 255 202 0 255 66 0 255 26 0 173 0 255
    209 0 255 255 255 171 247 255 206 18 255 255 0 112 255 255 255 0 0
    255 213 0 0 0 163 0 255 255 0 0 97 46 255 255 0 127 0 255 0 0 255 0
    0 255 255 0 0 0 255 255 0 255 255 91 176 255 255 255 53 0 255 117
    255 255 0 255 0 0 255 255 0 255 255 255 255 29 178 98 255 255 0 0
    255 0 0 0 255 0 255 255 0 197 255 0 0 0 0 121 0 255 203 0 255 255
    255 0 255 255 0 255 0 255 0 168 255 0 0 255 255 0 0 255 182 0 255 0
    0 211 0 255 0 255 177 255 0 255 0 255 255 0 132 255 0 255 255 255 0
    0 255 0 36 0 255 0 109 255 55 0 255 106 168 255 0 255 0 108 0 255 80
    0 255 255 0 168 94 255 0 255 46 0 80 255 0 255 0 255 0 0 12 0 255
    255 0 255 0 255 0 255 255 0 0 255 0 0 0 109 0 255 0 0 33 255 0 0 255
    0 0 255 255 0 255 241 255 0 137 0 255 255 255 0 0 0 255 0 229 255 0
    255 255 0 0 70 0 255 255 4 109 226 0 0 255 51 255 87 0 0 0 255 0 255
    0 255 165 255 0 137 122 255 255 255 0 37 255 0 0 0 0 248 0 3 221 255
    0 0 0 255 0 255 0 0 255 129 0 0 255 0 0 0 255 0 255 0 255 12 0 0 255
    255 116 255 13 0 255 0 255 0 255 0 207 11 0 0 255 255 45 255 0 255 0
    0 47 0 255 255 0 255 11 0 145 255 181 255 0 201 119 0 255 0 0 255 66
    255 0 0 123 0 100 255 0 216 0 255 0 0 51 39 0 255 255 0 0 84 0 0 255
    0 255 255 0 255 0 0 255 255 5 255 229 0 0 0 115 255 0 57 255 132 0 0
    0 0 0 0 255 0 87 255 255 0 255 0 103 78 0 255 0 47 0 0 255 255 218 0
    0 0 17 135 67 0 255 232 0 0 0 0 255 255 0 255 0 0 255 65 0 255 33
    255 255 0 255 0 255 0 255 0 255 147 255 0 255 255 255 172 0 255 255
    0 255 243 0 180 0 255 255 46 0 255 0 36 255 224 255 255 0 255 0 255
    0 67 0 184 0 0 0 255 0 255 255 255 76 218 213 255 0 48 255 0 0 86 0
    255 255 209 255 15 160 0 251 0 255 172 255 255 255 0 0 0 0 255 0 255
    255 0 255 255 255 148 0 255 0 93 255 255 167 255 0 17 0 255 0 255
    189 255 0 0 255 0 255 255 0 255 255 255 0 0 0 89 255 255 0 255 0 255
    0 255 0 0 255 0 0 255 0 255 0 0 255 255 255 255 0 0 0 0 255 255 0
    255 255 219 255 255 0 255 255 255 25 0 207 91 255 255 255 255 0 0
    255 255 0 63 255 255 139 128 255 0 112 255 0 255 255 0 0 255 0 0 255
    0 0 255 0 255 3 176 255 255 255 255 255 225 255 0 0 0 255 255 0 255
    0 255 56 0 255 255 0 255 0 255 0 255 255 255 255 255 0 255 255 0 255
    255 255 255 255 0 255 0 177 0 255 0 0 255 0 0 255 255 0 0 92 157 255
    193 0 0 0 255 0 255 0 35 255 255 255 255 0 0 0 0 255 243 255 0 255
    255 6 0 255 255 100 24 0 255 11 0 255 255 255 0 255 0 0 255 255 82
    255 0 255 233 189 231 0 255 0 255 255 0 255 0 0 255 255 255 0 255
    211 0 135 176 255 255 0 0 255 0 255 255 0 0 0 0 0 255 255 0 255 0
    255 0 0 0 0 0 242 255 138 0 255 0 0 255 110 255 255 255 0 0 255 174
    255 0 0 255 224 255 0 0 125 0 255 7 255 222 255 0 248 0 255 0 0 0 0
    0 255 255 0 0 255 136 0 255 255 255 255 0 56 0 209 255 0 78 204 0 17
    0 71 255 0 255 62 0 47 54 255 0 0 0 255 104 167 255 255 0 25 8 255
    255 255 0 0 100 0 255 0 255 0 0 0 255 255 0 255 0 255 255 0 60 255
    255 0 255 0 255 255 0 0 0 255 255 0 75 255 0 255 57 255 182 0 255 0
    35 255 161 255 29 0 137 0 102 0 120 179 255 0 255 20 255 0 0 0 255 0
    255 57 0 0 0 255 255 39 255 0 132 0 0 255 255 88 0 0 255 92 255 101
    255 255 0 0 255 0 86 17 255 255 255 0 255 149 255 0 255 255 0 0 255
    188 255 0 255 221 255 0 255 0 255 255 0 255 0 0 255 0 255 255 0 255
    0 255 0 0 232 255 0 255 255 255 255 0 0 255 255 0 255 255 0 255 0
    255 255 0 255 35 251 255 255 180 255 0 255 0 255 0 0 0 0 0 255 255 0
    229 211 50 255 0 255 0 0 62 0 52 253 255 0 255 0 255 0 255 63 0 255
    0 255 255 0 255 0 129 255 2 0 255 0 0 255 0 255 255 201 0 0 255 0
    166 0 0 0 0 255 0 33 0 255 0 3 255 30 0 75 255 255 0 0 255 255 255 0
    143 0 255 255 219 255 255 0 255 0 255 0 30 255 255 0 255 0 0 255 255
    0 255 0 255 189 255 0 0 20 255 255 0 0 255 0 255 0 255 0 255 0 21
    220 0 47 0 255 255 255 255 139 0 0 255 0 65 235 0 255 255 255 0 255
    0 218 255 147 255 0 255 0 0 0 255 153 255 0 255 0 255 255 255 255
    166 255 255 0 0 138 0 255 49 0 0 143 255 175 0 255 234 0 0 0 0 255
    255 255 255 255 255 0 255 0 255 0 255 223 255 255 0 0 255 208 0 255
    0 69 255 0 0 255 0 0 255 0 0 255 0 47 255 0 197 0 8 255 128 0 255 0
    0 0 36 0 0 255 0 255 0 0 0 255 255 255 0 255 229 0 255 255 255 0 103
    0 0 255 229 146 0 255 255 255 255 255 255 56 0 255 255 0 146 64 255
    90 255 0 255 171 255 96 0 255 255 255 36 236 0 16 255 21 255 255 0 0
    0 255 255 255 0 255 255 255 0 0 255 255 66 255 255 151 0 255 204 255
    74 255 210 0 255 216 63 0 255 255 255 255 52 0 255 0 255 255 0 86
    255 255 0 255 121 0 255 0 0 143 255 0 255 255 255 0 255 251 0 255
    255 0 0 46 0 255 202 0 255 0 113 95 0 122 255 0 255 255 46 255 255 0
    255 0 255 0 0 255 255 0 255 0 0 0 255 159 255 108 0 255 159 0 0 28
    255 0 255 123 0 255 0 255 0 255 255 206 0 255 255 0 0 255 0 0 0 255
    179 255 0 255 255 255 0 255 0 166 255 0 255 204 255 0 0 255 0 230 0
    224 0 0 0 255 0 255 0 0 255 0 255 171 0 31 255 66 255 32 255 16 255
    255 0 255 255 22 0 0 0 255 21 51 0 111 166 255 0 255 0 255 0 255 1
    255 255 0 0 255 255 0 255 0 255 255 255 0 0 186 255 201 0 255 0 0 0
    255 255 255 0 0 255 0 255 94 0 255 0 0 107 255 0 175 92 0 0 15 0 51
    0 255 0 139 255 0 255 0 0 255 85 0 255 52 255 69 0 0 255 0 255 0 0 0
    54 255 0 255 255 255 0 0 255 0 0 11 255 0 0 0 0 0 255 255 255 255 0
    255 0 34 0 0 255 155 0 0 255 0 255 255 0 136 255 0 0 255 138 0 0 255
    255 0 255 0 150 255 0 100 255 0 255 139 0 255 255 0 5 255 0 255 0
    255 0 0 143 0 232 0 124 98 0 0 0 146 0 0 229 255 0 255 0 0 255 255 0
    228 255 0 125 0 0 255 0 255 123 0 255 0 255 0 255 0 0 255 211 0 154
    255 0 255 255 0 56 0 255 0 0 17 255 255 255 0 22 180 0 255 255 0 0 0
    0 255 255 101 0 78 0 255 0 0 255 255 0 255 255 0 255 0 111 166 157
    255 0 16 13 189 0 255 255 255 0 255 0 0 164 255 0 47 0 255 0 255 255
    0 191 212 0 0 255 0 255 255 255 255 255 0 117 255 0 255 114 0 0 255
    255 255 0 0 255 0 255 0 255 34 0 255 255 0 255 255 0 255 0 200 255 0
    0 255 255 0 0 0 255 255 247 255 255 0 255 0 0 255 255 46 0 255 0 255
    255 221 28 255 255 0 255 255 0 46 0 103 255 8 255 217 0 255 255 57 0
    202 0 255 0 255 255 255 255 255 0 62 255 255 255 104 188 255 255 0
    255 255 245 0 255 182 189 0 255 0 0 255 0 188 255 173 0 0 2 0 245
    108 84 255 188 255 22 0 0 0 207 47 0 255 255 0 255 0 255 0 255 0 255
    0 0 0 255 0 0 243 255 0 255 255 255 0 255 102 0 255 73 0 255 0 11
    255 120 255 255 252 255 30 0 0 0 0 255 75 255 0 255 15 0 0 255 0 0
    255 255 0 208 255 255 135 255 0 63 36 0 255 87 0 255 245 0 255 141
    112 255 128 0 0 255 255 0 236 39 255 192 0 255 0 255 0 70 255 0 255
    0 255 255 0 165 0 255 59 0 0 5 0 255 0 255 255 255 0 255 113 0 255 0
    255 0 255 0 184 0 0 40 0 115 0 0 255 224 0 249 0 0 37 255 73 0 0 255
    227 255 57 247 0 255 0 255 0 255 255 166 0 255 0 255 0 255 255 144 0
    110 169 255 209 0 0 255 230 23 0 0 255 255 0 74 255 0 75 0 255 4 43
    255 31 255 232 255 0 255 255 0 255 36 0 0 255 0 255 0 0 255 255 255
    0 255 214 0 255 199 119 0 255 83 0 0 0 0 255 255 255 0 0 235 255 0
    255 0 255 63 255 255 148 255 255 0 255 143 255 255 255 0 255 0 0 255
    255 0 255 255 255 0 255 255 0 45 255 0 0 255 0 255 255 0 255 255 0 0
    255 255 0 110 255 0 0 0 255 239 219 0 134 0 255 226 255 28 0 243 255
    0 255 0 255 207 255 0 255 0 255 0 248 0 0 190 255 136 255 0 0 0 255
    0 0 0 255 255 0 255 255 255 255 0 255 255 0 255 0 255 253 0 255 255
    53 255 0 255 0 223 0 75 255 0 255 0 255 255 130 255 0 248 0 0 255
    255 57 0 0 255 232 0 255 255 0 0 8 255 0 255 0 153 0 255 255 0 0 255
    0 255 146 0 255 255 0 255 0 0 167 255 0 255 0 0 255 255 0 255 0 255
    0 255 0 0 0 255 0 0 255 0 255 0 129 17 186 7 0 0 255 0 255 255 72
    255 255 0 255 0 255 0 255 0 255 255 0 255 255 0 0 255 0 21 255 0 0 0
    255 0 255 255 0 0 51 255 0 255 255 32 0 105 0 111 0 255 234 255 0 0
    255 0 0 0 255 255 255 255 216 0 255 255 0 0 255 255 0 255 255 0 255
    0 255 0 0 0 0 0 211 129 255 0 255 0 255 109 134 255 0 0 0 255 205 0
    255 255 0 255 64 255 0 255 0 255 0 0 0 175 0 157 211 255 0 255 161
    67 0 17 156 208 0 0 255 199 255 255 255 255 0 255 0 255 255 255 255
    122 0 0 0 255 0 255 255 14 90 0 239 164 255 0 0 0 67 169 0 255 106 0
    0 255 0 0 255 0 0 0 255 255 0 255 0 255 255 255 0 0 255 154 0 219 0
    0 59 0 246 0 201 0 255 82 255 255 13 0 0 255 214 0 219 12 0 0 2 0
    255 171 0 0 255 0 255 255 0 0 0 255 0 64 255 0 0 221 255 0 227 255
    255 0 0 255 0 255 0 112 255 255 255 128 255 0 255 255 0 0 255 154
    255 109 231 175 193 255 255 0 255 80 255 26 27 0 255 255 0 255 255
    255 156 0 224 0 255 255 0 255 171 255 0 0 255 255 0 0 255 0 64 255
    247 0 255 0 255 249 255 86 172 255 255 255 249 0 0 0 0 15 0 255 0
    255 255 133 255 220 0 255 0 0 0 219 0 255 0 215 0 0 0 255 153 255 0
    255 0 255 255 0 0 255 255 0 0 255 249 0 0 214 0 255 255 4 0 255 149
    0 255 171 0 222 0 255 7 0 0 255 0 255 0 0 255 133 0 0 0 255 0 255 0
    255 0 255 255 0 255 0 255 0 255 0 255 0 241 0 255 0 255 112 129 133
    255 0 0 0 255 255 255 0 0 255 0 255 251 255 255 191 46 255 0 0 0 255
    0 255 255 0 255 0 0 255 0 255 67 33 255 0 255 255 255 255 235 255
    251 255 0 255 0 255 0 0 255 0 0 255 168 0 243 255 71 255 255 0 255
    255 255 0 0 255 0 255 51 255 255 0 255 46 255 236 255 255 0 0 222 0
    255 136 255 0 0 0 0 255 0 91 121 0 102 0 255 255 42 255 255 0 0 255
    255 0 255 0 255 0 255 0 0 255 0 255 255 10 0 255 0 255 0 0 255 127
    198 255 67 255 0 39 255 0 53 255 255 0 255 0 0 219 0 0 255 0 255 0 0
    76 255 0 0 240 0 255 0 78 0 0 255 255 255 50 216 255 0 72 253 0 255
    255 87 0 255 0 255 0 0 255 255 0 255 255 0 0 198 232 255 233 0 0 255
    0 188 0 255 255 0 0 255 255 0 0 0 176 16 255 0 255 0 0 255 0 255 0
    255 0 123 0 255 0 255 68 0 0 255 255 176 255 0 0 255 0 255 0 0 0 0
    255 185 255 255 0 255 255 0 255 0 0 55 255 0 0 255 255 255 0 255 0
    47 255 122 0 255 255 172 0 0 0 255 0 255 255 151 255 21 113 255 255
    255 0 3 0 255 255 218 142 148 0 255 0 255 179 193 187 0 0 255 255 41
    0 255 0 0 255 0 0 0 0 127 228 0 255 108 146 255 255 0 255 0 255 0 0
    0 0 0 0 0 0 255 187 0 255 255 255 255 214 0 0 255 0 255 0 255 0 255
    0 45 255 0 113 255 102 0 0 255 0 255 0 43 0 255 111 255 207 0 255 0
    255 255 0 0 255 0 193 192 0 255 3 238 0 255 0 255 0 0 255 200 109
    255 0 0 0 0 255 0 255 255 166 0 255 255 144 255 0 0 255 0 255 255
    255 255 0 255 0 255 0 255 0 0 0 255 255 0 212 0 255 0 255 125 0 0
    255 0 210 0 255 255 0 255 18 0 182 255 0 255 255 126 255 211 106 0 0
    228 255 0 255 225 255 0 255 211 207 0 255 23 0 0 90 0 0 207 255 141
    87 255 255 0 150 255 168 140 0 41 0 255 0 255 0 145 255 0 255 0 255
    0 52 0 0 0 0 255 152 107 255 255 0 138 0 0 119 191 255 0 0 66 255 0
    148 8 0 0 103 255 255 0 255 46 191 255 0 255 255 0 127 0 255 255 0
    255 134 0 255 0 255 255 0 0 131 174 82 0 255 134 0 0 0 255 0 255 204
    215 255 165 7 0 179 0 255 0 255 106 193 78 255 0 42 255 0 127 255 0
    255 0 255 0 255 0 0 32 0 255 0 255 255 0 255 0 255 0 255 141 255 255
    255 0 255 0 254 0 255 0 255 0 255 255 0 255 0 255 255 0 0 255 49 0
    255 255 0 0 6 0 255 255 0 255 234 255 255 0 0 255 255 255 0 0 170
    255 66 245 0 255 255 0 255 255 0 255 0 0 255 159 40 0 255 0 255 0 88
    255 0 97 255 0 179 255 0 255 255 255 170 255 255 0 255 255 0 255 0 0
    0 255 0 255 255 0 0 255 0 255 0 255 0 0 0 255 0 255 0 88 0 173 255
    255 208 255 255 168 0 0 199 0 190 255 107 0 255 255 0 0 255 0 255 71
    241 0 255 255 0 0 255 0 120 0 255 86 0 0 0 0 0 176 255 0 255 255 75
    178 0 0 255 0 0 255 0 131 0 255 255 0 255 255 0 255 0 255 0 0 255
    255 95 0 255 0 72 0 0 232 0 255 90 0 0 255 141 203 0 255 0 255 141
    255 177 0 92 0 255 255 0 255 0 0 255 255 0 255 0 0 156 0 255 255 0
    255 164 255 255 0 0 255 0 46 136 0 0 255 0 0 65 124 245 254 0 0 255
    0 255 0 255 0 255 255 255 250 0 223 8 224 0 0 255 255 41 255 0 255
    255 0 150 255 0 0 122 0 255 255 0 123 255 0 255 0 255 255 0 255 0
    255 0 0 0 0 0 255 0 0 255 255 0 0 0 31 188 255 64 255 0 255 0 255 0
    0 255 0 24 72 255 0 255 0 255 120 0 255 0 0 0 255 0 255 198 107 255
    0 0 255 255 0 0 255 255 255 0 31 57 255 228 87 0 127 0 255 255 0 255
    0 0 0 0 255 0 255 0 111 255 0 255 0 0 0 255 0 0 255 0 255 0 255 255
    123 255 0 48 0 0 255 0 255 0 255 248 255 50 255 0 255 0 255 255 107
    0 0 255 255 255 255 0 255 0 255 255 255 255 0 0 169 255 255 0 255 0
    255 0 104 0 255 0 255 8 255 0 0 255 0 255 255 255 0 248 255 255 255
    0 255 255 0 255 229 0 255 0 0 255 0 228 0 241 0 0 255 0 110 0 0 255
    255 0 0 255 125 0 0 229 0 255 0 0 255 255 255 255 0 255 113 53 255
    246 255 255 0 0 255 255 102 255 0 117 255 255 0 0 192 255 0 0 66 255
    255 0 255 0 255 150 255 255 154 0 255 0 255 132 0 255 252 255 0 218
    44 255 0 0 255 0 255 0 255 0 0 126 0 200 255 255 0 14 255 93 255 0 0
    255 255 0 255 6 199 88 0 255 0 255 0 0 255 140 0 255 255 0 165 255 0
    228 255 0 255 0 255 172 14 255 0 255 0 255 255 0 255 166 255 255 255
    0 255 224 255 0 0 255 0 0 0 255 0 255 216 88 255 0 255 0 0 255 61 1
    255 151 255 255 0 255 0 255 255 166 52 25 0 31 255 255 0 255 0 0 13
    0 255 255 164 119 0 0 255 0 135 255 255 0 0 0 255 0 255 0 255 0 255
    0 255 0 0 109 255 255 0 255 0 19 29 255 255 0 55 255 255 255 0 255 0
    255 0 29 0 255 0 255 255 0 38 52 255 0 65 255 0 255 49 255 0 0 47 0
    255 73 0 255 255 0 213 255 0 0 255 0 0 120 0 255 48 0 0 0 68 0 255 0
    255 255 255 0 0 255 0 0 159 0 255 0 255 255 206 255 0 255 235 255
    255 0 255 0 255 255 0 0 255 255 0 0 255 0 255 0 255 255 0 255 255
    255 0 0 0 255 0 0 146 255 0 0 0 255 197 0 0 246 255 255 0 255 0 255
    0 115 255 255 255 255 0 255 49 255 0 255 255 0 0 178 0 255 0 0 255 0
    255 255 255 0 255 0 0 0 0 255 255 106 255 0 255 0 202 0 255 255 41
    44 215 255 0 0 255 255 239 255 0 255 0 0 255 0 0 255 0 255 159 255 0
    0 0 83 0 0 0 255 0 255 0 255 241 255 0 255 0 255 255 0 255 0 255 0 0
    0 255 0 0 255 0 0 255 0 255 255 255 79 255 0 2 255 202 104 0 52 255
    0 19 255 255 216 0 255 0 255 34 255 255 0 0 255 255 255 0 174 255 0
    222 255 177 20 255 255 0 255 0 255 55 0 255 72 255 220 0 255 255 0
    255 122 255 0 255 255 0 255 0 0 0 0 255 255 255 0 255 85 133 255 0
    255 184 255 45 78 255 247 255 108 255 0 255 0 255 255 0 170 255 255
    0 255 49 0 0 255 123 255 255 174 0 0 0 0 74 255 0 0 253 38 255 255 0
    255 0 0 49 181 216 0 255 0 0 255 255 255 255 182 25 0 65 0 255 0 255
    194 255 255 0 0 255 0 255 0 255 255 37 0 255 56 255 169 255 0 255 55
    255 0 255 37 0 255 255 0 255 0 210 255 255 0 255 0 255 255 0 255 0
    39 44 77 0 255 0 255 255 255 255 0 255 255 0 137 0 188 0 255 0 0 0
    193 255 255 0 0 255 0 217 0 0 255 0 255 255 0 255 0 0 255 0 255 0
    255 255 0 0 255 255 0 255 255 218 184 255 255 98 255 0 127 54 19 0
    255 0 255 148 0 255 0 9 255 0 255 0 83 0 114 255 172 0 255 0 255 255
    0 210 255 24 0 0 0 103 255 0 0 0 255 0 255 138 0 0 255 7 255 0 255 0
    0 255 0 252 35 89 255 172 0 255 0 255 214 255 0 133 255 0 255 0 0 0
    255 0 41 0 0 0 255 255 69 0 255 0 107 0 255 0 0 134 255 255 255 0
    255 234 0 0 0 255 255 0 255 0 0 255 226 63 84 255 0 255 255 255 0
    255 255 0 255 255 0 255 0 0 255 0 255 0 0 255 0 255 0 255 255 255 0
    255 89 255 0 255 112 0 0 0 109 255 0 255 0 184 0 0 255 0 0 255 255
    172 255 0 255 0 0 255 0 0 255 0 255 255 0 0 255 255 229 255 0 255 0
    0 255 0 0 0 255 0 75 255 0 0 82 255 255 255 0 0 0 255 255 255 0 0
    255 0 255 250 0 255 0 255 0 0 0 255 0 0 8 240 0 255 0 255 255 0 255
    255 0 255 0 0 255 0 255 127 255 0 255 255 255 0 0 255 178 0 255 255
    0 255 0 213 0 255 0 255 41 0 255 0 255 0 255 0 0 129 255 255 0 255 0
    255 191 40 0 255 0 255 255 0 95 0 255 0 255 0 0 0 255 255 0 255 0
    255 0 255 255 255 0 22 255 255 0 255 0 255 0 255 0 255 134 255 0 0
    255 0 75 0 0 255 0 255 255 0 255 0 58 0 255 255 0 69 244 66 255 255
    0 255 0 255 137 255 0 255 255 255 0 255 0 0 0 255 0 226 255 0 255
    255 0 255 0 255 0 255 255 0 255 0 255 210 0 0 0 255 93 0 195 0 0 255
    255 0 255 45 0 255 0 255 255 0 0 255 0 137 255 255 255 255 255 0 0
    255 255 255 30 158 255 255 0 255 176 0 0 255 0 255 0 0 255 0 0 0 255
    255 0 182 0 147 255 255 0 0 0 255 255 0 255 166 0 255 112 0 255 0
    143 3 0 255 255 148 0 0 255 255 0 255 0 0 255 255 0 114 255 0 255 0
    255 0 255 255 0 17 255 77 255 0 255 0 255 179 61 61 255 0 0 255 255
    255 0 4 255 0 0 87 0 19 152 0 107 255 0 255 225 0 255 0 0 133 152
    255 210 0 255 255 255 0 255 0 255 0 255 232 0 0 255 248 0 0 188 255
    143 0 62 255 0 255 0 255 255 44 212 255 255 255 0 176 255 94 0 255 0
    255 255 0 255 0 0 0 255 157 255 255 255 169 0 255 255 0 255 0 73 0
    255 255 255 0 0 51 0 255 0 175 0 255 0 255 72 92 0 255 252 255 0 182
    230 0 0 0 255 0 0 171 255 0 255 255 0 40 0 255 116 0 113 0 190 255
    149 255 0 47 0 0 255 132 166 254 255 255 0 255 0 255 0 255 0 0 154
    255 0 0 255 254 255 255 0 255 0 255 255 0 255 255 0 255 0 255 50 0 0
    255 0 255 255 0 255 255 0 255 255 0 0 173 255 255 0 135 255 129 255
    0 255 0 77 255 0 255 255 255 255 0 0 255 11 0 255 255 0 255 255 192
    0 255 255 0 0 0 255 0 0 0 255 0 40 8 0 181 0 194 0 255 0 255 219 255
    0 255 255 9 255 255 0 255 0 205 0 255 0 165 255 255 0 255 0 255 0 18
    0 255 255 0 255 0 0 59 0 0 255 0 0 255 0 255 0 255 255 0 255 0 255 0
    255 0 255 255 0 232 137 0 255 0 201 0 0 255 255 255 255 255 105 88 0
    63 0 255 255 0 255 157 0 255 255 248 12 255 84 0 0 0 130 0 54 34 255
    0 0 255 0 0 253 199 255 0 15 0 136 255 0 255 0 255 0 255 152 255 0 0
    0 255 151 0 255 255 0 120 255 255 0 0 255 203 0 219 0 14 0 255 0 255
    223 255 0 64 0 255 255 0 255 143 255 0 255 0 255 255 0 0 255 43 255
    255 255 0 255 224 255 0 0 188 0 0 255 166 255 96 255 0 0 255 0 198
    210 0 255 0 255 0 0 255 0 0 0 68 0 0 0 0 0 0 152 255 0 255 0 90 0 0
    17 255 0 255 255 0 39 0 206 0 255 93 0 0 255 15 167 255 0 255 255
    122 0 27 189 0 255 0 255 0 255 0 0 255 63 247 0 16 205 0 152 255 0
    255 255 0 0 255 255 0 159 255 0 0 255 255 0 72 0 255 0 0 255 255 255
    0 255 255 0 255 255 0 255 0 0 0 255 255 0 255 255 80 0 0 187 255 0
    255 0 0 255 255 0 0 0 255 26 112 0 53 0 255 0 0 0 0 255 255 0 129
    246 255 255 0 0 0 255 255 255 255 255 5 209 0 0 255 93 255 56 0 0
    255 0 0 93 255 255 255 255 65 0 0 191 0 255 0 255 0 0 35 0 0 0 0 14
    255 0 56 0 255 0 226 0 255 0 255 0 114 0 255 255 0 0 255 0 0 255 255
    246 0 239 255 253 183 255 0 87 0 0 255 0 19 255 255 0 151 0 119 0
    255 0 83 11 0 0 153 0 255 156 0 0 234 255 0 255 255 0 255 0 190 0
    255 0 0 255 186 0 245 255 255 0 151 255 255 0 0 255 0 255 255 255
    255 255 121 255 0 0 255 115 114 170 98 0 113 187 255 168 128 133 0 0
    255 231 255 255 56 220 0 255 255 255 0 255 0 0 255 255 194 255 0 210
    9 0 255 0 255 255 0 0 0 255 219 255 0 255 228 0 255 255 255 0 255 0
    0 255 0 255 0 255 255 0 0 0 255 154 0 255 170 0 0 0 255 0 155 255 0
    92 0 255 255 255 255 64 175 255 255 0 255 190 0 0 37 255 37 184 244
    255 0 255 0 255 0 255 255 51 83 255 0 255 255 0 255 0 194 255 0 128
    255 0 255 0 0 255 251 213 0 0 255 111 154 255 0 0 0 255 255 252 0
    255 126 255 0 45 0 94 255 148 171 144 0 181 255 0 190 0 255 255 255
    187 255 0 255 255 250 20 255 255 0 255 0 255 0 255 255 1 0 255 0 255
    137 255 255 255 0 255 255 0 255 0 255 0 0 255 255 0 255 0 40 0 218
    236 255 255 255 45 255 255 0 118 255 0 160 9 255 255 0 255 0 255 255
    0 0 2 255 92 255 0 255 69 255 255 189 0 255 0 117 0 255 0 0 0 255 0
    0 255 161 0 0 255 255 0 255 217 0 59 255 52 255 255 0 19 255 0 2 255
    0 255 255 255 255 0 0 255 123 255 90 0 255 255 255 255 0 210 255 255
    255 255 255 198 197 0 66 0 0 255 255 192 255 255 255 255 255 255 0
    255 101 255 107 46 0 0 255 0 255 241 182 117 180 203 0 114 0 244 255
    255 0 0 0 0 255 255 255 0 0 245 255 0 17 0 0 0 0 0 255 0 255 255 0 0
    255 0 185 255 255 0 255 255 169 130 255 0 255 0 255 89 0 174 255 255
    0 255 0 255 0 255 255 0 255 0 255 255 58 0 255 195 0 0 0 255 52 0 0
    0 255 0 0 255 0 110 0 255 122 65 0 0 255 0 214 255 0 106 255 0 174 0
    255 112 255 0 0 255 140 0 255 0 255 255 255 0 125 255 255 0 255 1
    255 0 0 57 0 255 0 255 0 243 0 255 0 255 255 0 255 255 0 181 0 0 0
    255 0 0 0 255 129 255 0 0 255 0 246 0 0 0 255 0 0 0 255 255 0 0 217
    255 255 255 0 0 255 255 0 255 0 255 255 246 255 0 0 255 0 0 137 150
    0 85 0 255 0 255 255 0 84 91 0 64 155 0 255 255 71 0 255 255 0 255 0
    255 0 248 0 0 0 0 255 0 0 0 255 71 215 0 255 0 0 245 255 0 250 255 0
    0 0 255 0 0 0 0 0 202 255 255 0 255 0 255 255 255 0 255 255 0 255
    240 255 255 110 255 0 0 0 255 187 0 255 0 255 0 0 255 0 255 0 0 118
    100 255 255 0 255 255 0 0 255 42 0 0 255 0 255 0 255 0 178 0 255 0
    209 0 0 255 0 255 255 0 255 255 0 255 203 255 0 255 0 0 255 0 255 3
    0 255 237 255 255 45 0 255 230 48 255 255 0 116 255 83 0 0 255 255 0
    255 255 0 162 255 104 255 68 44 255 255 255 0 0 255 255 0 0 255 175
    0 255 0 255 0 255 0 217 240 255 0 0 255 99 49 75 255 255 0 0 0 0 255
    0 255 0 255 85 0 0 255 0 255 255 218 255 43 255 255 105 164 0 59 255
    0 255 0 255 255 0 0 255 166 255 0 0 0 0 255 0 255 171 225 255 0 41
    255 0 121 0 255 0 255 104 0 255 0 0 255 39 255 0 128 0 255 255 0 0
    255 255 0 255 0 255 0 0 255 0 255 0 0 255 255 0 255 255 0 166 0 255
    255 165 255 0 255 0 140 196 255 0 0 184 255 255 0 255 255 255 198 0
    255 255 255 137 0 255 255 0 245 0 255 0 0 82 255 0 255 180 254 255 0
    0 0 255 61 223 255 0 255 255 255 255 255 0 186 255 0 26 255 255 0 0
    255 0 0 0 255 118 255 18 0 255 255 0 255 255 255 0 255 122 255 255
    255 0 206 0 0 0 0 0 255 0 0 255 0 19 0 231 0 255 0 245 255 0 255 255
    255 0 89 255 0 255 124 166 0 0 0 255 0 110 0 83 255 0 0 255 255 0
    255 255 0 255 0 0 0 255 0 255 255 0 255 0 60 255 255 255 43 255 0 0
    0 255 0 0 255 0 108 0 0 0 255 0 0 0 0 255 234 255 0 0 0 255 0 255 0
    255 0 0 0 0 232 0 255 0 255 0 255 0 255 0 255 0 255 0 13 255 222 255
    255 255 0 255 255 0 38 255 0 255 104 255 0 255 0 255 0 255 0 255 0
    208 52 0 255 151 0 255 0 255 255 117 0 255 130 255 255 0 255 255 255
    0 0 255 0 0 255 0 0 255 255 255 0 254 226 0 0 16 0 0 0 255 0 0 255
    255 255 255 140 99 0 255 255 0 255 0 0 131 0 0 255 0 255 0 50 247
    255 0 255 255 255 232 255 255 0 255 0 255 255 0 42 255 35 255 0 255
    0 0 255 0 0 0 196 255 255 255 20 255 255 136 0 32 255 77 0 255 0 255
    255 0 255 0 255 0 0 255 201 255 0 0 255 0 255 255 255 255 0 255 183
    0 255 0 255 255 0 0 255 255 0 0 255 0 82 255 0 255 255 177 255 0 0
    89 255 255 83 61 123 0 78 255 245 255 0 0 255 255 0 0 0 255 0 255 0
    0 255 0 255 255 0 0 255 0 46 0 0 255 171 255 255 0 255 161 0 255 0
    255 0 255 255 255 255 2 255 94 37 255 14 255 255 0 0 255 159 0 255
    255 0 255 255 255 0 255 0 255 0 137 176 255 0 133 0 164 235 0 255
    255 0 0 255 0 187 255 0 0 255 0 118 0 64 161 255 255 0 255 173 255 0
    255 255 255 255 124 255 0 0 255 0 0 255 0 180 255 0 99 0 0 255 0 0 0
    255 0 233 255 0 255 0 0 0 255 0 255 0 255 255 0 0 255 0 255 0 0 55 0
    103 99 255 19 0 0 255 0 0 255 255 255 49 0 0 252 255 0 0 255 255 0
    255 0 255 0 255 0 255 0 0 41 173 0 0 255 255 255 0 255 0 206 255 232
    255 0 0 158 0 255 0 255 0 255 255 0 255 233 255 9 0 255 0 255 0 96 0
    0 0 220 255 255 255 0 255 0 63 255 255 91 95 56 255 0 124 0 255 243
    255 0 255 255 255 71 255 0 0 255 0 43 0 255 255 255 0 0 255 255 0
    255 255 0 255 255 0 0 15 118 255 255 255 21 198 143 255 0 255 255
    103 0 255 0 0 255 255 0 57 255 0 0 0 255 79 196 255 0 255 255 255
    198 255 0 0 255 0 0 0 255 255 0 0 255 255 255 0 255 0 255 255 0 0 0
    255 168 255 0 0 255 255 0 152 255 23 255 0 255 0 255 241 242 0 255 0
    255 0 255 0 255 0 255 255 137 0 255 255 0 255 228 0 240 0 111 0 0 0
    255 255 255 119 0 0 31 0 255 255 255 255 0 64 255 255 0 255 0 0 0
    255 0 235 255 127 0 255 2 255 0 255 255 38 255 9 255 255 192 0 0 255
    255 0 57 5 255 0 255 0 255 255 0 0 255 0 0 255 0 56 255 0 255 0 255
    0 255 255 0 255 65 255 49 255 0 255 255 0 208 255 0 245 0 255 255
    243 0 0 255 93 4 255 0 255 0 255 146 0 255 255 117 255 255 224 82 0
    0 255 255 94 255 0 0 142 255 0 244 255 0 0 255 0 0 255 255 0 255 0 0
    247 0 0 24 0 0 143 255 118 0 255 255 0 0 0 0 255 0 0 255 140 255 104
    255 0 0 255 255 0 255 0 0 255 255 255 98 0 255 0 80 255 255 0 255
    255 255 0 255 0 134 0 0 255 201 0 255 0 255 0 255 134 255 0 255 0
    255 255 255 255 0 0 255 80 0 0 0 110 0 255 0 0 255 0 24 0 255 255 5
    0 0 0 0 255 0 255 0 255 0 0 0 255 0 255 141 255 255 0 0 159 255 0 2
    0 181 255 0 0 255 0 255 255 228 0 0 255 0 255 255 32 0 255 148 0 255
    0 255 255 0 255 9 0 0 0 255 0 255 0 255 0 150 255 255 0 22 0 0 255
    255 138 44 198 62 0 155 0 255 255 255 0 255 208 255 255 0 255 255 0
    0 0 255 168 5 255 255 43 0 166 211 255 70 158 255 0 255 0 0 255 0
    237 0 7 255 192 178 0 8 255 193 0 0 255 255 0 0 255 238 18 255 0 0 0
    255 255 3 255 130 0 167 0 162 255 0 255 255 0 0 120 0 245 19 193 255
    238 157 0 255 198 0 255 255 255 0 0 255 0 255 100 0 255 255 0 255
    255 10 200 255 0 0 0 0 255 255 0 255 255 0 255 0 255 0 255 255 255 0
    255 255 255 31 119 0 255 0 0 255 255 155 255 255 247 255 0 255 255 0
    255 255 107 255 255 29 255 255 255 122 255 0 245 255 0 0 0 255 127 0
    0 0 255 174 105 255 255 255 0 255 0 255 255 0 255 0 255 0 220 255
    242 5 228 255 0 0 255 0 0 255 255 255 0 255 19 108 255 28 224 255
    146 255 105 59 244 255 0 0 255 255 213 6 255 255 0 255 255 242 0 0
    61 0 0 255 0 255 255 0 139 255 0 255 255 255 255 0 255 151 0 255 164
    255 0 0 255 58 255 63 52 0 219 255 0 255 0 116 255 79 0 225 0 0 0 0
    103 0 255 0 0 0 255 0 255 236 0 148 241 0 255 84 0 255 255 0 255 0
    255 255 0 255 0 197 0 24 0 255 255 255 0 255 255 255 197 0 255 96 0
    255 0 255 0 255 230 255 0 255 103 0 0 255 255 255 0 255 255 0 255 0
    255 255 0 255 255 0 71 155 0 255 255 0 255 255 0 0 255 0 255 0 255
    255 168 63 255 0 255 255 76 255 0 255 216 255 0 255 0 0 151 0 101 9
    0 255 255 63 255 0 255 0 255 255 255 106 58 54 255 255 0 255 0 255 0
    0 255 0 255 168 0 0 0 0 0 255 255 115 255 0 102 255 0 255 255 0 255
    255 0 0 53 0 255 255 108 0 0 0 255 0 0 255 0 255 0 0 255 0 0 0 255
    255 0 0 255 0 0 255 123 255 230 0 255 0 255 138 113 0 99 34 255 0
    255 32 0 255 0 255 0 255 0 0 0 0 255 255 0 255 137 0 255 48 0 255 0
    255 208 0 255 0 0 255 0 255 0 255 255 0 255 0 0 255 255 68 203 0 255
    0 0 255 0 0 170 0 255 255 141 255 3 255 0 0 255 0 255 0 0 255 179
    255 176 0 0 255 208 188 0 255 0 255 73 0 255 255 30 255 0 39 0 208 0
    92 255 0 140 0 255 0 0 122 2 0 145 114 0 255 0 255 255 0 255 0 0 0
    255 0 255 255 3 0 0 0 255 0 255 255 0 255 0 0 46 67 0 255 255 0 0 0
    255 0 255 4 0 255 0 255 255 0 255 255 255 255 0 255 255 0 249 73 255
    0 255 0 255 0 255 255 92 255 165 255 255 156 255 223 0 226 222 255
    28 0 0 255 133 0 255 0 255 203 0 255 0 255 0 0 255 0 255 232 255 0
    44 0 0 255 199 0 255 0 79 0 138 0 0 136 0 255 90 255 194 255 255 255
    0 0 255 255 255 0 0 0 0 255 255 0 255 0 0 255 255 0 255 0 255 0 0 0
    0 255 255 0 0 255 0 255 0 0 213 32 255 0 255 0 0 0 255 0 0 255 255 0
    255 0 0 255 0 0 255 0 255 0 255 0 255 0 0 255 255 0 182 255 0 255
    105 255 255 0 243 165 120 0 255 0 196 68 255 0 255 0 255 255 255 0
    134 0 255 0 255 0 110 0 225 152 69 255 255 61 190 0 0 0 255 0 255
    255 139 0 255 0 255 0 44 255 255 0 197 255 255 0 255 131 0 255 89
    255 0 79 0 255 0 0 112 21 255 0 0 255 0 255 236 255 0 211 4 244 0
    255 166 255 144 255 0 255 255 0 255 0 255 0 255 255 111 0 255 255
    162 255 0 0 255 0 0 255 0 0 255 0 0 0 255 0 241 255 255 0 0 255 0
    255 255 0 255 0 46 255 0 255 0 104 0 0 0 255 0 0 195 255 81 0 0 255
    0 0 255 0 0 0 255 0 29 255 12 158 0 255 0 255 56 0 255 0 255 10 0
    255 0 225 0 255 0 255 0 0 255 255 0 0 0 60 255 255 255 0 255 171 255
    255 223 0 0 255 181 255 255 84 0 255 0 255 0 255 255 255 255 255 0
    255 0 255 46 0 255 0 0 255 227 255 82 0 255 0 0 255 255 148 0 255 0
    162 0 255 0 255 0 255 255 255 0 255 255 255 255 0 255 0 255 15 79
    255 0 0 0 255 0 0 255 0 255 0 255 189 255 0 152 255 255 0 255 0 255
    255 0 255 0 0 200 255 0 255 143 68 0 166 137 255 195 0 255 0 0 255 0
    255 0 38 0 0 255 0 255 255 0 25 0 255 0 255 0 3 255 7 0 255 2 0 0
    255 11 255 119 0 255 0 23 154 0 76 255 255 0 255 96 64 0 0 255 0 255
    0 194 255 0 255 0 255 0 255 255 0 0 12 0 0 255 0 0 255 255 0 222 0
    255 196 0 255 255 0 112 109 0 255 0 255 0 0 255 255 0 255 0 0 255 75
    0 170 255 0 0 42 255 255 0 0 255 0 101 0 255 126 255 77 0 60 0 255
    137 0 255 125 0 129 0 0 16 0 0 53 0 155 255 59 255 255 46 117 255
    255 51 255 0 255 255 0 31 0 177 0 0 26 0 0 79 0 255 0 0 255 255 205
    0 255 0 132 255 0 228 255 255 255 46 187 0 255 255 226 189 255 0 255
    0 0 0 255 125 74 0 255 255 141 0 255 0 255 196 0 0 0 12 255 255 0
    162 0 0 0 0 0 0 255 0 255 0 255 0 69 0 255 0 0 0 255 0 255 0 255 150
    4 0 255 255 255 81 0 0 255 0 0 0 0 255 0 255 0 255 0 255 0 255 39 0
    255 0 255 183 0 255 0 255 0 255 0 205 0 255 21 255 0 0 255 0 255 0
    255 0 0 0 0 255 0 165 255 0 255 255 0 156 255 255 0 255 255 0 255 0
    255 255 255 0 120 0 75 183 255 0 169 0 64 255 0 78 228 255 30 255
    195 0 255 255 0 0 255 255 255 0 0 0 255 102 58 255 59 0 255 46 255
    206 0 255 0 191 255 0 0 255 0 255 62 0 235 0 223 0 255 10 255 255 0
    255 255 0 0 255 0 255 0 0 97 254 0 255 204 255 255 197 255 255 255
    255 0 255 220 0 255 189 255 84 255 255 255 98 0 0 0 0 0 255 133 205
    255 163 0 255 189 255 0 224 52 146 71 0 255 255 0 255 77 0 0 255 0
    255 0 255 0 0 255 0 255 255 0 2 0 0 255 255 34 255 0 255 255 0 173
    255 0 0 0 121 58 255 255 255 255 255 255 255 255 255 255 0 255 255
    255 0 255 55 0 161 0 165 255 0 255 0 255 255 0 255 255 239 0 255 0 0
    72 255 0 255 0 35 255 0 0 255 141 255 255 0 255 0 255 255 22 0 255 0
    255 255 0 255 107 0 255 255 255 0 255 0 255 0 77 198 0 0 255 0 255
    255 0 255 240 0 0 255 255 0 255 255 255 0 255 0 255 49 0 0 0 255 21
    255 0 0 33 0 255 0 255 0 255 208 0 255 0 0 255 0 255 255 0 255 255 0
    29 255 0 255 0 255 0 255 0 255 255 255 255 0 0 255 0 255 255 0 255
    255 235 255 0 115 0 255 255 255 0 0 255 99 0 214 255 86 0 255 255 0
    255 0 255 214 0 0 255 255 0 64 0 255 255 196 0 255 147 255 255 0 80
    225 255 0 255 0 255 0 0 0 27 0 96 0 0 255 230 255 0 255 0 255 0 255
    255 0 255 0 255 255 255 214 255 255 0 0 255 255 0 164 0 255 255 0 0
    0 0 255 255 0 0 255 0 255 0 255 255 0 160 27 0 255 0 0 0 31 255 255
    255 213 255 255 0 0 14 255 255 0 255 0 0 0 0 0 255 0 228 0 0 255 255
    0 0 255 246 0 0 0 255 255 0 255 0 255 0 0 232 0 255 255 255 0 242
    213 255 0 20 0 71 255 0 255 0 255 27 255 255 0 0 0 255 0 0 0 255 2 0
    0 0 201 0 126 255 0 255 255 0 255 0 0 0 255 75 255 255 0 0 255 238 0
    183 255 0 0 0 255 0 0 255 133 0 0 207 255 255 0 60 255 0 0 255 0 255
    0 255 255 173 0 255 255 255 0 179 0 255 217 207 0 255 255 255 10 255
    0 0 255 0 0 255 174 0 191 0 255 0 0 220 0 0 255 255 0 255 0 255 255
    255 0 209 194 255 255 0 0 0 255 0 0 31 255 255 16 0 255 0 0 255 0
    128 0 47 0 25 0 238 0 154 255 0 255 0 255 0 0 107 255 0 255 0 255
    255 0 255 255 255 255 0 0 39 255 0 255 0 255 0 255 199 46 0 215 241
    29 255 0 27 0 255 0 255 0 176 255 0 140 76 0 255 0 76 0 255 61 0 46
    255 154 0 255 255 0 255 98 0 0 0 255 255 0 0 255 255 0 0 255 0 255 0
    255 255 255 0 255 0 255 253 255 43 0 255 0 244 0 255 139 0 0 255 0
    255 0 255 0 255 0 255 0 0 255 113 0 0 255 0 0 255 255 0 0 255 0 0
    255 255 0 255 0 255 0 255 53 255 255 177 0 207 255 0 95 0 248 255 0
    142 0 121 0 0 255 0 192 255 255 255 34 255 0 0 255 255 255 212 0 255
    177 0 0 255 0 255 0 255 0 255 0 250 0 247 255 0 0 255 0 0 255 0 0 0
    0 255 255 255 0 0 255 0 255 255 0 70 205 255 255 0 184 128 255 0 255
    0 255 0 255 0 0 255 205 0 126 149 162 255 195 0 255 36 114 255 92 0
    145 255 0 168 0 0 92 255 0 0 255 0 61 235 0 255 93 255 82 255 255 0
    255 255 0 255 0 0 0 255 255 181 0 255 104 255 0 255 0 6 0 255 0 0
    255 255 0 186 0 255 255 0 255 0 255 168 0 255 0 0 0 0 255 0 0 255 0
    255 0 85 66 0 255 0 0 255 0 0 149 255 180 255 76 192 0 79 80 162 0
    255 255 117 255 117 93 255 255 0 255 0 255 0 0 255 0 255 0 60 0 60 0
    255 0 255 0 0 255 0 146 175 0 0 255 0 255 0 255 152 0 0 255 0 255 24
    0 115 255 0 0 255 255 0 0 0 239 0 255 255 234 0 56 0 0 0 0 0 0 255 0
    0 17 0 255 0 176 255 0 0 255 0 119 255 0 255 75 255 0 255 0 128 0 0
    255 255 0 159 36 255 0 0 25 255 255 0 255 255 226 0 255 255 255 255
    236 0 0 0 255 62 255 68 255 0 0 255 0 255 0 0 255 86 255 74 3 0 0
    255 255 0 255 255 61 53 22 255 0 255 0 255 255 0 255 0 255 0 255 255
    0 0 255 255 0 255 0 0 0 36 0 255 255 231 255 255 255 255 77 30 255 0
    255 0 255 46 255 0 0 0 236 217 255 59 0 0 0 255 255 0 0 226 0 0 255
    0 17 245 28 255 255 255 0 255 34 0 255 255 255 0 255 35 73 0 255 255
    0 40 173 255 0 255 0 255 255 0 0 0 255 0 0 255 0 255 161 121 255 0 0
    0 255 0 0 255 255 255 0 255 0 255 0 255 0 255 255 255 0 0 178 194
    255 0 255 0 139 0 255 255 0 255 255 255 0 255 255 0 0 255 17 255 0
    255 78 255 255 229 20 0 255 252 0 7 0 255 117 125 0 255 0 165 151
    255 255 255 0 213 255 255 44 112 44 0 247 0 120 0 0 0 255 0 255 255
    255 0 255 0 255 0 255 255 0 255 5 0 120 0 255 0 98 255 42 0 255 120
    255 255 171 0 255 255 0 0 0 255 0 19 255 255 0 0 205 0 255 107 255
    255 0 255 0 73 255 255 0 0 0 0 255 255 0 255 0 0 75 0 0 0 255 255 68
    0 0 0 126 82 255 0 255 255 0 255 0 255 0 255 0 255 0 255 255 0 143 0
    75 255 255 126 255 0 255 0 255 0 0 0 255 0 255 0 0 0 0 151 135 118
    119 255 0 255 0 0 255 255 0 0 255 0 255 255 255 0 0 255 255 31 0 216
    0 0 255 0 84 0 255 0 0 0 0 255 0 0 222 0 241 108 255 0 255 205 0 0
    127 0 255 0 212 255 0 0 255 255 0 119 0 255 0 255 0 255 255 255 0 0
    255 0 0 255 255 255 255 0 255 0 0 255 87 0 255 128 0 0 255 0 255 0 0
    255 0 0 0 30 13 255 255 0 255 191 255 0 255 0 0 255 255 0 255 72 0
    177 214 255 0 150 255 0 0 255 255 0 137 82 255 255 0 255 255 242 255
    255 0 0 255 255 255 0 0 0 138 0 255 0 255 0 255 0 255 0 158 143 0
    158 255 105 0 255 171 9 255 0 120 53 0 224 112 215 40 0 255 255 26
    64 255 0 0 0 255 0 255 255 243 255 210 255 63 255 0 0 0 255 255 0 97
    0 255 255 109 98 255 255 0 255 255 0 0 0 0 31 255 0 255 0 255 0 255
    0 255 0 0 255 84 126 255 0 255 234 75 255 0 255 0 149 182 255 0 255
    255 0 255 255 43 255 156 255 0 255 98 255 0 255 76 0 106 0 255 255 0
    199 255 0 255 0 255 0 0 255 0 0 255 0 255 0 255 93 255 0 77 255 0
    133 0 146 255 255 255 0 255 255 255 255 118 58 255 255 255 0 255 255
    0 255 0 10 255 0 255 0 255 0 255 0 255 0 247 0 255 0 0 0 255 0 248
    141 0 255 0 255 0 255 0 255 0 255 113 52 255 0 53 255 255 0 0 162
    255 0 255 255 255 255 20 0 0 255 255 0 0 255 0 255 255 0 0 255 255 0
    255 30 255 0 98 147 0 255 255 255 0 255 0 255 255 0 5 255 0 0 0 0
    255 0 255 0 255 0 255 255 226 43 255 255 49 255 0 247 0 255 255 255
    0 255 0 0 255 255 255 0 0 255 0 34 0 0 255 54 124 0 6 114 255 0 0
    255 0 48 22 255 0 0 255 0 255 0 0 255 0 255 0 255 0 255 0 255 0 121
    255 0 0 255 0 0 0 255 112 0 255 0 207 186 255 10 0 254 0 0 0 0 0 0 0
    0 255 136 0 0 225 0 255 0 255 0 0 255 255 255 0 0 161 255 0 255 255
    0 255 234 255 0 0 255 0 255 0 255 0 0 95 0 255 255 0 253 255 255 0 0
    255 255 0 255 0 255 0 0 255 0 255 0 255 255 255 115 255 255 0 0 0
    255 0 0 255 0 0 0 255 64 235 0 227 58 207 0 0 255 0 255 0 255 255
    255 0 255 206 240 0 255 0 255 56 191 255 0 255 0 35 142 0 255 94 232
    255 0 0 255 19 255 1 186 255 255 255 0 0 255 0 255 0 255 78 255 0 53
    0 0 255 162 0 255 0 0 122 255 0 255 0 255 0 255 255 255 255 0 221 97
    0 255 0 0 255 0 7 237 0 255 0 255 0 255 0 211 255 0 255 0 157 79 255
    0 0 255 0 156 255 0 0 255 255 0 255 255 255 0 0 255 245 0 163 0 20
    255 0 255 100 11 73 214 255 0 255 0 255 17 255 174 0 255 0 134 255
    255 255 175 255 0 222 0 255 255 0 255 150 0 0 0 255 0 255 255 0 170
    255 0 0 255 255 81 0 255 102 78 0 0 0 255 255 0 255 0 0 255 0 255 0
    183 0 255 0 255 0 0 255 202 0 234 0 0 0 0 0 0 0 72 0 0 255 255 127
    255 19 255 0 255 255 255 0 234 0 0 0 0 0 255 0 255 255 0 255 255 0 0
    255 255 0 255 165 151 255 255 0 0 0 255 185 148 255 0 0 255 113 255
    225 0 255 0 255 255 0 10 69 155 118 0 255 0 0 255 0 161 0 0 0 255
    235 255 74 58 255 0 40 0 255 255 0 255 255 255 0 255 255 0 9 255 0
    255 63 0 0 255 0 255 0 255 223 0 255 0 255 255 255 0 0 0 0 255 249
    255 0 0 129 179 210 226 255 0 255 71 0 255 0 0 38 255 0 86 255 61
    255 0 198 255 255 255 0 0 255 255 0 85 255 100 83 0 0 255 0 23 0 0
    255 97 103 255 0 255 0 130 0 255 255 0 255 255 172 111 255 168 255
    255 0 255 0 255 0 200 255 0 0 0 0 0 255 0 255 0 255 255 0 115 255
    255 148 255 0 0 255 0 184 209 255 36 255 65 2 255 0 255 255 0 101 0
    0 0 0 0 255 0 255 233 255 0 255 0 255 255 255 0 0 0 255 255 255 0
    255 0 255 0 255 0 255 255 255 255 0 255 0 255 255 255 208 0 255 155
    209 0 255 0 255 0 92 0 0 0 255 0 255 255 201 255 255 255 0 0 255 255
    224 255 255 255 0 231 255 0 144 0 104 98 27 255 0 255 0 255 232 0
    255 30 0 255 0 0 0 255 255 255 255 55 0 255 255 177 255 247 255 222
    255 0 0 141 255 0 226 41 147 0 0 255 181 0 0 255 137 255 0 255 0 0
    227 111 255 255 0 119 45 46 230 79 255 0 0 0 255 0 255 255 0 158 255
    0 0 255 0 0 255 0 255 0 255 0 239 0 0 255 255 0 255 255 92 0 0 255 0
    255 0 0 255 0 193 0 255 0 255 0 255 0 226 106 255 255 0 0 0 255 255
    5 164 255 0 255 0 0 0 255 255 0 255 255 0 255 32 0 0 255 0 0 255 19
    0 50 255 255 0 0 45 255 255 0 255 0 0 116 0 0 255 0 185 35 255 255 0
    0 255 255 0 97 29 0 255 0 255 0 255 0 26 255 157 255 0 255 21 255 0
    255 0 255 0 255 255 0 255 12 0 255 0 255 0 0 55 255 0 255 0 255 255
    255 0 0 0 255 255 255 0 255 255 0 204 178 75 135 0 0 255 0 85 0 255
    0 85 70 0 255 0 41 0 0 255 1 255 0 255 0 255 255 0 0 255 0 0 255 68
    11 255 0 34 104 255 255 255 255 0 255 0 255 0 0 52 0 255 255 114 0 0
    255 0 255 255 0 255 0 0 0 0 255 177 255 178 255 0 255 0 255 0 0 255
    60 0 0 77 67 125 0 255 255 0 255 88 0 255 255 0 0 255 12 255 255 0
    255 85 255 73 0 255 255 0 0 255 255 255 255 0 255 0 255 0 255 0 4 0
    0 255 255 0 0 0 255 255 0 107 0 189 255 255 0 255 0 0 245 0 0 0 255
    0 255 0 255 255 20 86 255 0 255 255 255 0 0 255 255 0 143 255 0 255
    0 0 255 0 255 0 0 0 255 255 255 0 0 0 0 255 255 255 0 255 0 76 255
    16 73 255 53 0 255 0 35 255 0 0 255 79 0 0 255 0 0 0 255 0 255 170
    240 118 96 0 0 255 0 255 0 255 255 0 0 255 0 57 161 0 255 83 255 0
    255 255 255 255 255 0 208 255 239 0 255 35 0 255 61 0 0 255 210 0
    214 85 0 255 255 0 255 182 255 255 0 0 255 255 0 255 255 141 255 0
    255 0 91 0 0 0 255 0 226 255 0 0 255 137 255 0 243 0 255 0 0 0 0 198
    255 0 255 0 0 255 255 0 168 0 196 73 255 0 24 0 198 0 146 255 255 0
    255 87 218 255 0 255 0 255 180 255 0 255 255 255 96 68 255 255 255 0
    235 63 255 0 167 152 127 55 0 255 255 0 255 0 0 0 255 0 1 0 255 27
    105 52 211 0 235 0 255 255 0 255 0 0 207 0 255 0 0 0 255 0 67 54 255
    51 0 249 255 255 0 0 0 165 255 199 255 232 255 0 255 0 255 0 255 0
    255 0 255 0 192 0 0 255 0 127 0 255 0 58 255 255 255 0 255 249 255
    129 255 255 255 181 0 255 255 255 0 255 0 255 0 0 0 255 255 0 255
    255 0 255 255 0 255 0 255 0 255 0 255 255 10 0 232 255 0 0 255 255 0
    205 0 0 0 255 0 255 211 255 0 255 0 0 223 0 125 0 171 126 255 255
    144 233 0 255 0 255 156 240 0 255 0 192 255 0 255 255 0 255 0 0 255
    0 0 118 255 0 0 255 172 116 255 0 255 0 255 0 0 152 200 0 255 0 0 0
    255 85 255 255 250 0 255 235 248 255 0 0 255 94 255 255 193 35 255
    255 0 0 255 0 255 0 0 255 255 255 255 0 41 255 0 255 0 0 255 0 255
    218 255 0 255 0 0 0 0 255 255 96 0 255 0 255 243 255 0 255 0 255 255
    255 0 255 0 106 149 0 255 0 255 255 0 255 255 255 0 255 136 0 255
    255 0 43 22 255 255 0 255 0 61 0 255 255 255 255 0 255 0 255 182 255
    0 64 0 0 255 255 255 255 255 255 184 0 146 0 255 0 165 255 0 239 0
    18 47 255 0 0 208 0 255 0 255 0 255 168 0 252 255 0 4 0 0 255 0 255
    0 0 202 255 0 183 255 255 0 255 56 255 255 0 255 255 255 0 0 157 0 0
    0 83 255 0 0 255 0 255 0 94 130 0 0 255 0 255 141 255 255 0 255 255
    0 0 139 255 255 0 255 153 255 0 255 255 67 84 0 255 0 255 0 0 122
    255 0 0 255 255 41 0 255 0 0 171 31 255 152 0 255 0 255 0 255 255 0
    255 0 255 0 165 255 0 0 255 255 255 0 255 0 133 244 255 0 255 89 255
    0 255 0 0 255 0 0 86 255 0 255 255 0 0 0 150 0 255 0 255 0 255 0 24
    0 0 120 0 255 214 0 255 255 0 34 0 255 255 0 0 255 0 0 255 0 255 255
    73 0 181 255 0 255 0 148 0 0 255 0 255 0 89 125 0 0 255 189 0 255 0
    0 0 118 109 255 0 255 255 94 0 0 255 0 0 255 0 255 0 255 249 0 0 255
    0 0 255 23 0 164 255 0 255 61 24 0 255 255 0 255 45 176 255 0 228
    255 0 116 255 134 0 255 0 255 255 0 255 186 0 255 0 0 255 0 0 102
    255 255 255 0 0 255 143 0 116 3 255 255 255 255 0 134 253 255 223
    121 255 0 0 255 15 131 255 255 0 215 255 0 38 124 51 0 255 0 255 255
    0 255 42 255 186 0 255 255 255 0 211 0 0 208 0 0 0 166 255 0 227 255
    10 194 0 0 0 0 0 0 0 0 255 255 0 0 255 0 89 255 202 0 0 0 255 0 184
    0 255 0 135 16 0 255 97 125 255 255 0 255 0 2 255 0 255 0 0 255 0 0
    0 255 0 0 255 255 127 14 0 255 0 65 255 255 0 0 255 106 255 0 255 0
    255 0 255 0 0 255 0 255 0 0 255 226 255 255 255 58 255 0 0 255 0 0
    50 255 255 0 0 255 255 0 255 255 0 255 0 0 0 255 0 0 255 0 0 255 0
    255 0 68 0 255 255 255 100 255 134 139 255 0 229 0 0 255 91 0 136 38
    255 255 115 73 169 255 121 0 255 0 255 236 0 255 134 0 255 0 0 0 255
    204 255 255 255 0 0 255 255 171 0 0 255 255 55 255 0 143 41 0 255 0
    255 255 0 17 7 105 255 255 0 255 255 0 0 255 0 255 81 0 0 61 140 0
    159 0 255 158 46 0 255 0 255 255 0 197 0 255 0 201 255 0 255 0 0 255
    0 122 200 255 255 0 255 255 255 60 255 0 255 255 0 255 0 255 0 0 0
    255 0 255 0 255 255 0 0 223 255 129 255 0 0 255 255 255 119 255 0
    255 255 255 0 0 255 0 255 0 255 255 255 255 13 255 0 255 0 255 212 0
    0 255 255 0 255 0 142 0 255 255 252 0 191 255 95 255 0 119 0 255 21
    0 0 174 107 49 0 255 0 255 255 0 0 49 255 197 255 121 135 255 0 0
    142 255 137 255 255 0 0 51 255 255 0 163 0 255 0 0 0 255 0 255 255 0
    255 255 0 255 0 0 9 67 0 0 255 0 255 204 0 0 40 0 0 255 0 255 36 189
    255 37 0 4 255 0 164 0 255 0 255 255 0 255 255 0 0 255 255 0 255 90
    255 255 0 0 255 0 255 255 0 255 0 0 0 0 255 75 255 255 0 255 0 0 244
    255 0 255 0 184 255 126 0 255 0 255 240 0 252 255 0 255 0 255 0 255
    255 0 0 0 255 0 154 255 179 41 255 0 255 0 45 255 255 154 255 156 0
    225 14 255 255 116 89 151 0 0 255 0 255 0 0 255 255 0 255 0 255 63
    255 0 255 115 255 0 0 76 117 0 255 0 255 107 255 0 255 0 255 255 0
    255 0 0 255 0 255 0 114 155 0 255 0 62 0 255 0 0 195 168 0 255 255 0
    0 255 0 255 255 0 255 0 255 0 255 0 0 255 0 255 0 0 255 255 0 0 64
    255 0 255 231 0 255 0 255 180 0 0 111 0 0 195 255 122 0 255 255 255
    0 255 0 255 0 142 0 255 0 0 255 0 255 255 0 255 0 0 208 167 255 0
    255 0 255 0 201 134 255 255 255 0 0 0 52 255 0 0 255 0 255 0 255 255
    255 255 0 177 23 255 255 255 0 255 255 0 255 255 114 0 255 0 0 0 0
    104 0 0 0 255 75 213 255 144 0 0 21 0 88 231 0 0 72 255 0 39 255 201
    127 255 255 2 193 0 255 255 0 0 90 255 255 0 255 99 253 255 0 30 0
    255 0 255 255 255 255 255 0 249 255 0 170 105 0 0 255 0 203 88 255
    255 255 0 0 255 255 0 149 255 0 255 0 255 0 0 255 0 0 17 0 255 0 141
    180 152 255 0 107 0 0 255 0 248 0 0 255 255 0 255 255 0 0 138 255
    142 255 255 0 242 0 0 0 255 0 43 0 48 0 255 79 0 255 0 0 255 0 0 255
    0 0 255 255 255 255 0 0 0 0 0 255 0 255 255 0 0 255 0 255 255 0 255
    0 0 255 255 0 255 255 0 255 0 0 45 0 56 0 161 255 23 154 255 0 0 0
    77 0 205 179 255 255 122 0 255 0 0 0 255 0 0 0 255 255 0 255 255 176
    0 0 255 255 0 0 255 114 255 163 0 0 255 0 0 135 255 169 0 255 0 0
    255 255 0 255 0 0 255 0 255 62 255 0 98 0 255 255 255 0 11 255 255 6
    0 2 0 124 0 255 255 0 172 255 255 255 0 255 1 0 163 0 255 0 0 255 0
    204 121 0 0 255 219 0 0 255 0 0 255 0 0 0 0 0 255 0 0 166 255 0 0 0
    90 0 0 190 0 0 0 255 255 255 0 166 0 255 200 255 0 230 0 0 39 255 0
    0 255 0 199 0 168 255 255 0 255 0 255 0 255 255 255 51 159 0 255 0
    255 255 0 95 255 255 0 255 241 0 255 0 255 255 0 175 255 0 255 0 34
    255 0 255 73 255 0 0 255 0 0 255 0 255 36 255 195 0 255 255 0 255 0
    255 0 0 255 255 136 0 255 228 0 42 169 119 255 7 0 255 153 255 182 0
    255 0 255 214 255 255 0 255 255 255 0 233 0 68 0 255 0 255 255 0 255
    0 255 124 255 0 255 0 0 255 0 255 0 255 0 202 255 0 255 0 119 2 0
    255 0 0 255 96 255 0 0 255 255 0 116 255 140 255 0 0 255 0 255 0 215
    255 0 255 255 0 255 0 0 255 0 255 0 255 0 0 0 255 0 255 0 255 64 0
    255 0 255 0 255 120 0 0 223 28 0 255 255 0 155 255 0 0 0 169 255 255
    194 0 255 255 0 255 0 255 255 255 0 0 255 0 255 0 255 0 0 0 255 0 0
    0 255 255 0 82 255 0 126 255 175 255 181 0 255 255 255 0 255 0 0 255
    255 0 63 0 129 230 255 0 29 72 135 0 255 255 0 255 0 255 0 255 255
    255 0 255 0 255 94 0 255 0 255 0 0 255 0 255 0 151 0 0 0 0 255 255
    255 0 255 217 255 0 27 49 255 255 0 115 255 255 255 0 255 0 255 0 0
    255 0 255 0 215 255 255 0 255 0 255 255 0 255 0 154 255 0 0 255 0 0
    225 255 255 24 255 255 0 0 255 47 0 255 231 40 255 1 255 0 142 30
    255 255 0 255 0 247 255 255 255 255 0 0 0 0 255 0 255 255 0 0 255 5
    0 255 0 255 60 140 0 0 255 232 0 255 0 255 0 255 0 133 255 0 255 255
    43 255 0 255 0 0 255 0 255 0 255 0 255 75 255 0 0 255 0 255 0 255
    203 0 255 255 0 0 255 0 0 255 255 255 24 255 255 0 255 0 255 255 0 0
    12 255 255 0 255 255 255 0 255 0 112 0 255 0 255 23 49 0 255 255 0 0
    255 0 0 0 186 255 0 255 0 255 0 255 0 33 222 0 255 255 195 110 0 0
    255 0 255 0 255 0 0 97 255 0 255 0 0 53 0 255 0 171 255 0 255 255
    107 255 255 0 0 0 221 255 0 255 0 0 255 255 0 0 0 149 0 255 0 255 0
    68 255 0 181 255 0 255 0 255 255 130 255 255 255 0 0 0 255 0 255 0
    255 255 0 0 0 255 72 0 255 0 255 0 255 178 255 244 198 169 0 255 179
    0 0 104 0 0 255 255 143 0 255 112 0 0 15 26 255 255 0 0 255 0 40 0
    255 0 120 255 255 0 0 255 255 255 0 0 255 255 0 0 255 255 26 0 255 0
    255 39 255 0 255 0 255 44 252 255 255 16 0 255 255 255 0 34 255 0
    255 255 0 255 255 0 255 255 0 0 255 84 0 255 0 255 0 255 255 0 0 70
    0 255 0 255 0 255 3 0 6 255 0 248 0 255 255 255 0 255 0 177 255 0
    255 227 255 0 255 214 255 255 0 255 0 255 0 255 107 0 26 255 0 102
    255 0 255 87 0 255 0 0 216 255 0 255 0 255 172 255 255 0 0 180 30
    240 255 0 255 0 84 255 255 0 255 22 137 102 255 0 0 255 255 255 0
    255 255 0 255 255 0 255 35 0 0 169 255 247 196 0 255 255 0 0 255 255
    0 255 0 0 255 255 0 0 155 237 234 255 196 0 0 0 251 255 255 255 0 0
    0 255 0 255 0 255 0 0 255 0 255 248 101 255 0 0 0 255 0 8 255 250 0
    0 255 185 255 36 0 255 0 255 255 0 0 0 0 0 173 255 255 0 0 255 0 0
    255 255 211 0 0 255 208 255 0 255 0 136 0 0 255 0 0 255 255 0 255
    255 223 0 255 0 255 0 206 255 0 40 255 45 255 255 0 255 0 255 220
    235 0 0 0 255 208 255 0 255 0 29 0 255 255 0 255 183 93 227 255 35
    255 255 255 0 130 54 210 255 0 235 255 94 255 255 255 0 255 0 61 255
    0 180 0 0 122 177 0 220 255 0 255 0 255 59 85 255 0 255 0 255 255 0
    0 108 0 0 0 0 217 0 0 0 255 255 255 0 255 0 255 0 255 0 200 50 0 255
    0 255 255 2 255 255 0 255 0 86 0 255 0 0 255 255 0 255 0 133 0 255 0
    0 255 0 233 255 158 88 68 255 0 255 255 0 142 235 227 126 0 255 12
    11 255 0 255 255 129 255 0 161 136 65 255 0 96 255 0 0 255 0 255 0
    255 0 255 146 0 255 0 0 255 255 0 0 255 0 255 0 0 255 255 200 255 0
    255 255 0 255 255 255 0 0 255 0 255 0 192 227 0 255 0 0 255 255 255
    0 255 69 255 0 255 255 0 255 162 219 255 0 0 44 218 0 255 0 255 255
    0 206 255 185 0 255 237 42 0 255 255 48 255 75 0 255 0 255 255 226 0
    255 0 255 0 255 161 255 0 255 255 255 0 0 0 0 255 180 255 0 255 0
    255 255 0 255 0 0 202 0 255 180 215 0 255 255 0 92 255 0 0 255 0 216
    0 255 0 60 255 0 0 222 85 0 0 84 75 114 0 191 0 0 255 0 255 128 255
    0 0 0 0 255 232 0 255 81 255 0 255 255 0 255 239 255 0 255 206 0 255
    235 0 176 168 0 255 0 255 0 255 255 0 0 255 0 255 0 0 255 255 0 255
    0 255 255 0 28 59 161 192 201 255 255 255 0 0 0 147 255 34 0 255 255
    0 255 57 0 0 255 0 255 255 187 0 0 94 64 255 255 255 0 89 37 0 255
    255 0 255 255 0 69 0 255 0 0 255 7 255 48 206 0 255 255 0 239 0 0
    255 0 0 255 0 0 255 0 33 0 0 0 0 255 0 48 255 255 19 0 255 0 0 255 0
    83 0 255 0 255 0 0 255 136 255 255 0 255 0 255 0 253 0 125 0 0 255 0
    255 0 255 65 0 0 255 255 0 89 255 0 255 113 255 121 255 0 100 0 0
    171 91 0 0 255 0 244 0 255 0 109 255 0 73 0 255 255 192 139 255 255
    0 0 255 0 255 255 255 255 0 0 165 255 0 0 255 255 0 255 255 255 0
    255 206 86 255 0 255 0 0 255 255 160 255 0 0 237 0 0 255 0 255 255 0
    255 0 255 255 0 138 0 255 228 0 227 3 255 255 255 247 0 255 0 0 255
    108 255 0 0 255 0 0 0 0 255 255 0 159 255 0 0 255 0 0 255 0 0 255
    255 0 255 0 5 255 144 0 255 238 250 255 255 0 0 255 255 0 255 0 255
    255 255 136 0 52 255 0 255 255 0 255 255 33 0 255 0 115 107 255 0 9
    108 255 107 0 255 0 255 0 0 0 171 0 110 121 0 0 0 32 195 255 0 255 0
    255 251 0 255 255 255 255 255 0 0 255 87 255 0 106 0 255 255 244 255
    0 255 14 0 255 255 0 255 255 0 255 0 255 255 0 217 42 0 255 0 247 0
    255 120 255 255 255 0 139 0 255 0 42 137 255 0 117 0 255 122 81 0 0
    37 0 0 255 255 255 0 255 0 255 255 142 0 0 255 0 124 255 0 255 241
    182 249 0 0 255 0 164 0 255 0 0 0 255 0 23 0 255 0 255 0 255 0 222
    255 71 255 0 0 32 255 0 0 255 255 0 255 255 255 0 255 109 161 137 0
    255 0 0 0 0 255 255 255 122 0 0 255 255 255 96 255 0 0 255 255 82 0
    255 255 0 255 255 255 255 0 0 255 0 0 0 255 0 255 30 0 0 255 0 225
    255 255 255 124 255 0 0 0 198 240 0 255 221 234 255 109 255 0 0 8 0
    0 255 0 0 241 0 255 0 0 0 0 0 255 255 0 255 0 28 255 0 0 0 0 255 0
    255 0 255 250 255 0 221 0 255 0 255 0 0 255 0 255 0 55 255 0 255 0 0
    255 255 255 255 0 100 255 0 255 0 255 255 255 255 21 127 0 255 128 0
    0 0 9 255 68 255 0 255 36 0 77 0 108 255 0 255 0 255 255 0 255 96
    255 255 255 0 0 0 209 0 255 0 255 0 234 255 0 255 0 0 255 0 138 255
    0 255 94 255 108 255 0 211 0 0 255 255 139 255 46 255 255 0 255 0
    255 0 255 40 0 0 255 0 0 255 0 255 255 255 0 255 0 117 255 0 0 0 246
    254 255 0 255 106 0 224 249 140 100 255 66 219 0 191 0 0 0 107 255 0
    255 255 255 7 255 255 117 169 0 0 255 0 255 255 0 255 0 79 255 255 0
    251 0 255 255 142 0 255 0 255 0 255 0 0 255 0 255 255 0 255 240 0 0
    255 255 255 0 255 0 255 0 217 0 255 255 255 0 255 0 0 255 0 133 91
    255 255 255 0 0 122 0 47 0 0 0 255 210 0 255 255 255 0 5 154 244 0
    123 0 255 255 163 255 255 255 74 94 0 255 0 0 255 255 0 255 0 146 58
    0 0 74 227 255 12 0 255 0 0 255 0 255 255 96 0 199 180 0 255 5 127
    255 255 89 68 255 157 0 0 255 0 0 255 231 0 191 255 0 255 0 0 0 255
    0 0 0 255 255 134 255 255 255 255 0 255 0 0 24 149 0 0 0 3 0 255 0
    255 188 255 0 255 237 0 255 91 0 233 0 255 0 124 234 102 255 0 255
    255 0 124 162 0 255 255 0 0 0 255 0 255 255 0 255 255 0 255 0 0 0
    255 0 255 255 27 0 0 0 0 0 255 255 0 138 71 160 255 255 0 255 0 124
    0 0 255 0 1 0 189 0 235 0 255 255 255 169 0 255 255 0 255 0 0 0 255
    0 99 255 0 255 0 127 0 0 255 0 102 0 255 210 238 0 255 255 0 0 255 0
    0 255 128 255 255 0 255 0 255 0 0 255 84 255 255 0 255 0 255 226 255
    255 0 255 0 50 148 0 40 0 0 255 78 0 255 0 0 0 0 255 0 255 0 255 255
    255 255 47 255 0 255 0 255 0 255 255 255 255 200 0 255 0 180 255 0
    255 255 255 255 6 255 253 9 0 255 183 234 255 0 0 255 0 255 0 255 96
    0 255 164 0 0 255 255 255 255 255 0 255 115 255 93 255 0 11 255 0
    104 255 0 255 0 255 255 0 255 0 255 0 0 255 255 52 74 0 255 0 0 0
    255 255 0 145 0 255 0 255 0 255 0 255 255 255 0 0 0 255 0 10 0 255 0
    55 53 0 0 255 209 255 0 217 0 0 255 0 159 0 0 255 255 0 0 255 0 255
    255 73 212 255 0 152 255 0 255 0 0 70 0 255 0 0 51 0 196 255 0 255
    255 0 0 0 0 0 255 0 177 255 255 0 0 255 0 255 255 255 0 255 0 114
    255 0 255 0 0 255 0 0 43 0 0 255 255 0 163 141 93 0 60 0 0 149 255
    45 211 247 0 0 0 16 255 134 255 46 0 0 255 0 0 0 8 0 255 255 0 25 0
    128 0 105 0 0 255 0 255 255 0 255 0 34 0 0 0 255 255 0 255 255 0 255
    0 255 255 255 255 255 255 255 255 168 255 0 0 9 206 0 36 255 255 95
    0 255 43 0 255 0 231 232 32 0 255 0 255 0 0 255 0 0 255 113 255 228
    0 78 0 0 255 0 0 255 223 255 255 0 255 255 50 255 255 0 0 0 255 0
    255 255 0 255 147 0 255 0 0 109 255 0 0 0 255 0 87 255 0 255 0 255 0
    255 0 255 255 193 201 0 0 0 84 255 0 0 0 255 255 0 0 46 255 255 0
    255 109 255 255 0 255 255 0 255 145 0 255 0 255 255 0 255 255 0 61
    13 160 212 0 95 0 0 0 255 100 255 151 129 34 0 255 0 0 255 0 188 255
    44 0 255 12 255 152 255 0 255 0 0 255 0 0 123 255 105 255 0 0 0 255
    0 255 255 255 0 105 206 255 0 0 255 30 255 239 255 0 255 0 255 255 0
    255 255 0 182 0 255 255 128 255 0 255 255 255 0 219 0 0 0 255 0 255
    255 0 255 106 67 255 255 255 245 0 255 255 0 255 0 255 255 255 255 0
    255 181 255 0 77 255 0 255 0 255 0 255 0 255 195 255 0 255 0 0 255
    255 0 0 0 162 0 12 0 0 0 255 255 0 0 44 22 89 0 119 0 255 7 255 255
    0 255 0 255 0 255 0 255 0 131 255 0 255 0 255 249 0 255 0 255 255
    255 0 255 0 0 81 64 255 255 0 1 255 0 0 255 0 255 0 255 0 0 255 0
    250 255 0 0 43 255 0 255 255 255 0 255 0 255 50 0 255 255 0 0 0 0 0
    0 255 163 255 255 0 0 0 255 169 255 253 30 255 255 255 0 255 0 255
    255 255 255 0 255 0 0 0 255 0 255 0 255 61 255 218 255 239 0 255 143
    0 255 0 255 255 255 0 255 0 255 0 255 255 0 107 255 201 255 0 255 0
    0 0 0 0 255 0 0 255 255 0 255 255 0 255 0 255 0 0 255 0 255 0 255
    136 255 0 0 58 255 144 0 255 0 3 255 0 130 0 0 255 0 255 0 255 255
    176 0 0 170 0 255 0 201 0 208 185 0 255 255 0 255 255 0 255 0 255 0
    64 0 0 12 255 255 0 255 0 255 0 0 255 255 0 255 0 255 0 180 255 255
    255 238 0 0 255 255 255 0 154 255 255 0 255 0 0 254 255 255 0 0 255
    0 255 42 236 0 255 255 255 0 0 255 0 255 118 0 0 38 255 0 64 0 238 0
    49 83 255 0 255 206 0 129 255 0 255 0 0 204 0 0 255 0 255 255 123
    255 0 67 255 3 255 0 255 0 255 0 255 0 44 255 208 0 255 103 63 255
    55 0 255 145 151 0 204 191 255 0 127 202 0 255 0 255 211 255 255 0 0
    14 0 255 0 171 255 14 255 255 18 255 255 0 255 255 53 0 110 226 170
    0 255 0 255 255 0 0 0 255 0 0 255 0 255 121 0 255 22 255 255 255 255
    105 255 0 215 64 255 0 255 0 87 139 255 0 27 0 0 255 255 0 164 255
    255 0 255 0 82 255 255 0 58 255 192 238 0 255 255 0 41 255 255 255 0
    255 255 164 0 255 92 78 100 0 255 0 255 0 255 0 106 218 0 235 0 167
    0 255 206 0 255 246 114 255 255 0 255 255 0 254 255 217 0 255 0 216
    22 100 255 255 0 255 255 77 0 0 255 0 0 255 0 0 255 0 255 30 0 255 0
    0 0 45 255 0 177 255 255 0 0 223 0 255 255 255 0 255 0 33 255 0 255
    0 0 0 152 255 255 255 83 0 255 0 255 0 255 92 255 0 255 0 0 255 255
    255 255 0 0 199 0 0 93 255 15 0 0 144 255 0 255 0 0 0 0 140 44 0 0
    255 255 0 255 255 0 255 0 255 230 255 0 0 45 255 0 2 0 255 255 14
    255 33 255 141 220 255 0 255 31 0 72 255 227 146 72 255 135 255 0
    255 0 255 185 255 255 85 255 3 65 203 0 255 255 0 125 0 255 0 18 255
    0 255 0 0 255 203 0 255 255 36 0 255 0 255 255 255 0 0 0 255 0 255
    255 132 0 0 255 0 255 105 255 0 255 255 255 0 255 0 255 255 0 255
    255 255 130 255 0 255 0 255 255 0 0 0 255 0 255 107 255 0 255 164
    255 137 112 255 0 0 0 255 0 55 255 68 255 255 255 6 113 255 128 108
    255 0 255 0 255 0 255 255 255 46 0 239 0 144 255 255 0 0 0 255 139 0
    255 0 0 0 32 255 0 0 212 249 0 100 255 0 0 255 255 0 255 0 255 255
    251 231 0 255 0 0 255 0 255 0 255 148 133 0 0 255 0 0 0 255 0 255 0
    0 164 255 255 0 255 0 255 255 0 255 255 45 255 255 0 0 255 255 122
    255 0 255 255 157 255 0 255 255 0 255 255 255 255 255 255 0 0 42 255
    0 255 0 6 0 255 0 255 0 255 46 255 0 255 0 255 219 0 0 255 0 142 0
    255 156 204 0 0 255 0 0 0 255 255 163 0 255 0 0 0 255 0 0 138 255 0
    255 255 0 255 0 0 0 0 0 206 0 255 255 0 255 0 255 255 0 255 0 255 0
    255 255 131 255 0 120 234 0 255 177 255 0 90 0 0 0 222 0 0 47 255
    112 0 255 0 0 0 255 0 134 255 255 0 255 0 255 0 255 0 0 0 255 0 165
    255 255 0 255 0 255 255 255 0 255 170 0 255 0 255 0 255 24 53 0 255
    55 255 255 255 255 0 255 120 0 0 0 255 0 255 0 0 255 0 255 255 0 0 0
    255 0 245 255 0 255 0 240 255 255 165 255 0 255 255 255 255 198 255
    0 0 255 0 46 0 0 255 0 255 0 0 255 0 255 0 255 0 255 0 0 255 0 255 0
    39 0 255 255 135 0 0 28 255 0 255 0 255 25 255 255 46 0 0 158 80 0
    255 113 255 0 255 252 225 229 0 255 255 214 0 0 255 37 0 159 255 0
    164 255 0 0 255 0 0 255 0 255 255 193 170 0 255 255 255 0 80 0 255 0
    0 0 255 170 80 255 0 255 0 255 255 255 0 255 0 255 0 255 0 5 255 255
    0 73 0 0 147 255 255 136 0 0 255 0 0 255 0 0 255 0 0 255 120 0 255
    217 255 0 0 255 0 0 255 0 0 255 255 188 0 255 0 255 255 0 0 255 14
    255 75 255 117 255 0 255 255 226 255 0 255 229 255 0 89 0 0 255 255
    0 255 0 0 0 255 0 255 138 255 242 255 22 255 0 255 255 0 0 255 0 255
    66 0 0 255 255 255 255 255 0 0 255 255 0 46 255 0 255 216 72 255 255
    248 0 83 0 255 255 0 255 0 151 255 0 246 253 0 255 0 255 0 240 255
    239 255 188 110 255 176 182 0 0 0 0 255 0 0 120 0 255 255 0 255 255
    177 182 0 0 18 131 230 0 255 177 0 228 94 0 255 255 180 0 90 165 0 0
    61 103 0 0 64 0 255 255 0 0 98 255 188 255 0 0 255 0 255 255 0 255
    91 255 0 0 0 55 255 0 255 84 0 255 133 78 255 116 0 255 0 255 255
    255 0 255 0 152 255 0 0 255 0 255 0 0 255 229 255 0 0 0 255 255 0 0
    255 0 255 255 137 0 0 0 255 255 255 0 255 255 0 255 0 173 14 0 255 0
    31 106 255 255 255 0 95 0 255 0 0 255 255 0 255 36 0 255 255 0 0 255
    255 0 255 0 255 0 255 118 0 0 255 0 255 0 0 255 0 255 255 0 255 0
    255 0 255 0 98 0 255 144 0 255 0 255 255 0 255 0 0 255 255 255 255
    124 32 255 0 17 0 255 153 132 0 255 0 75 0 255 255 0 0 0 255 0 255 0
    0 0 255 231 249 0 0 255 255 0 255 0 255 0 0 0 255 255 0 255 0 255
    255 0 255 255 187 60 255 0 255 0 0 255 0 255 83 255 255 94 46 0 255
    0 255 255 255 255 0 255 0 255 255 0 255 0 191 0 161 255 255 0 255 0
    0 207 0 255 79 255 255 255 0 234 0 169 197 252 0 87 0 0 99 255 0 255
    0 0 255 0 255 208 0 0 255 0 101 0 21 0 136 255 255 0 0 255 255 255 0
    255 64 0 255 0 101 0 255 0 0 255 0 255 0 255 0 255 255 155 255 255
    255 140 255 181 243 255 255 250 0 255 0 255 190 222 255 0 0 255 0 0
    63 255 205 255 0 224 0 224 0 0 156 0 255 0 255 255 0 255 0 0 255 0
    255 0 255 0 0 180 255 218 0 255 227 0 255 147 0 255 255 144 0 87 0 0
    0 31 163 0 101 255 0 255 255 0 0 255 0 255 0 255 0 255 106 255 0 255
    0 222 255 0 0 14 0 255 0 0 139 255 0 81 255 0 0 255 0 255 255 241 0
    70 0 0 255 0 255 56 155 255 15 255 255 0 255 255 24 255 34 255 0 255
    255 100 0 255 241 0 0 0 149 255 0 255 0 255 52 255 255 113 0 255 0 0
    0 0 188 255 0 255 36 0 255 0 0 0 255 0 255 255 0 255 0 0 255 255 255
    0 234 255 0 255 0 255 0 255 255 98 255 82 255 255 63 255 255 0 255 0
    0 0 0 255 255 0 0 255 255 46 141 255 0 0 255 0 255 0 20 255 0 0 0 0
    255 255 0 255 255 0 222 255 225 0 255 0 255 0 255 0 255 255 0 0 0
    234 255 255 239 0 255 0 0 149 255 0 0 255 0 0 0 255 0 0 255 0 0 255
    0 255 0 0 255 0 0 255 148 0 153 255 0 0 0 255 109 40 255 255 0 156
    255 255 0 255 0 255 0 0 124 28 0 0 125 0 0 255 255 0 0 255 97 255
    255 255 0 255 226 0 255 255 0 255 0 255 0 255 255 12 255 0 255 0 0
    255 255 0 255 0 255 255 0 0 0 255 255 255 255 0 255 0 255 86 255 0
    255 80 0 255 255 0 0 115 255 50 0 255 255 255 0 255 205 255 0 255 0
    255 255 0 255 255 255 0 54 0 181 0 119 182 255 0 0 255 0 127 0 0 0
    255 0 255 233 12 0 255 0 197 0 0 255 255 0 255 255 255 255 0 0 0 255
    100 0 255 0 255 61 136 59 255 0 255 0 131 48 255 0 255 0 255 0 61 0
    255 0 255 0 255 0 255 0 153 0 0 255 0 255 0 84 0 105 0 0 205 0 0 0
    255 217 0 255 255 0 241 255 0 0 255 0 0 52 153 0 255 255 234 0 255 0
    0 255 255 0 131 0 255 255 0 255 192 0 255 0 255 0 0 0 172 0 0 97 255
    255 0 255 255 0 0 255 0 255 255 0 156 0 255 255 0 255 255 0 255 12
    255 0 0 171 116 255 255 255 255 0 0 0 0 255 0 0 255 19 0 255 0 255
    255 211 255 255 0 255 0 255 255 0 255 0 255 0 0 255 0 255 0 0 255
    255 0 240 255 244 0 255 0 0 3 0 0 0 255 255 255 0 13 255 0 200 0 0
    255 238 0 255 244 255 0 0 98 255 0 0 180 0 255 23 0 0 0 255 255 0
    255 103 116 0 196 0 0 0 0 255 0 255 0 255 255 0 0 0 255 0 255 255 0
    255 0 0 0 255 0 0 242 255 138 0 64 255 196 0 0 255 51 0 255 255 0
    255 89 255 79 0 74 192 255 130 0 0 0 255 0 255 0 255 0 0 255 0 255
    70 255 255 0 255 0 255 0 255 0 255 0 0 0 255 64 0 255 0 255 149 255
    0 255 187 255 110 255 59 255 255 117 255 236 0 255 255 0 255 0 255
    255 0 0 255 181 0 255 255 255 226 166 0 127 0 0 255 0 0 128 0 255 0
    0 233 0 255 0 232 255 255 0 255 0 255 255 0 20 255 255 0 0 0 13 255
    255 39 255 0 255 0 255 0 182 255 0 255 0 255 0 255 0 255 0 216 0 0
    255 0 0 255 255 216 255 0 255 0 0 0 255 247 0 184 0 255 42 0 255 203
    255 0 0 0 0 71 255 255 0 255 0 49 255 23 0 255 255 0 255 0 255 0 255
    255 0 255 36 255 100 199 0 58 186 0 255 0 0 77 0 0 255 0 0 0 63 255
    70 0 255 255 255 0 0 0 116 255 82 0 168 222 0 255 0 255 255 0 255
    167 255 0 255 0 0 0 255 0 255 0 5 255 0 0 255 0 0 0 255 18 255 255
    50 0 0 255 252 0 255 0 242 0 255 0 0 14 0 255 255 0 0 255 2 255 0
    255 0 255 255 0 0 255 255 0 255 255 126 255 0 255 0 157 255 255 255
    0 255 155 63 253 0 255 255 208 0 255 0 255 0 0 0 0 0 0 255 255 0 0 0
    217 255 0 255 132 255 0 255 0 143 0 0 0 255 174 0 195 0 0 255 3 0
    255 241 255 255 0 255 245 255 255 255 99 255 255 119 0 255 255 0 255
    255 0 226 255 0 0 255 0 0 255 255 255 0 0 110 255 0 109 0 255 0 207
    0 0 0 255 255 0 255 1 0 6 0 254 0 255 0 255 255 0 0 255 0 255 0 208
    158 255 0 255 223 150 213 44 0 190 255 127 22 255 255 255 255 255 20
    0 79 114 0 255 0 207 0 0 137 255 0 255 204 255 0 0 255 0 255 0 255
    255 0 255 255 0 217 238 255 255 255 255 0 164 255 255 241 0 0 255
    255 255 255 0 226 0 255 0 0 255 255 0 255 0 40 0 25 255 0 255 0 0 0
    255 255 18 255 0 0 255 0 255 34 0 0 202 255 0 255 0 112 0 0 255 72 0
    0 0 195 255 0 127 0 172 233 255 0 0 0 0 255 255 0 255 0 0 182 66 0
    255 177 255 0 0 255 0 228 0 255 222 0 160 67 0 255 0 6 0 255 45 22
    255 0 255 54 0 255 0 255 64 255 255 255 0 255 255 255 0 255 0 255
    122 255 0 31 255 0 183 255 0 255 0 44 255 255 0 255 0 0 255 255 255
    0 79 0 255 0 255 0 185 216 0 255 0 255 94 255 0 255 0 0 255 0 252 0
    255 0 0 255 0 255 0 255 255 0 0 255 255 8 50 255 255 0 255 12 165 0
    205 0 0 255 255 255 97 255 60 255 255 255 255 0 82 255 0 255 255 89
    0 0 255 0 255 0 255 255 255 0 244 0 47 0 255 91 0 255 214 255 120 0
    255 0 255 255 255 0 255 0 13 0 0 255 0 255 0 255 255 0 255 255 135 0
    255 0 255 255 114 255 0 0 255 0 0 255 255 255 130 0 255 255 109 0
    255 110 41 255 91 0 131 0 255 134 255 0 0 142 255 255 255 2 54 0 255
    154 255 32 201 255 0 255 0 0 255 0 255 71 255 179 0 255 0 0 255 0 6
    255 0 255 0 255 255 0 220 34 46 255 255 0 120 255 0 255 0 255 255
    255 149 0 68 134 0 255 0 255 0 0 255 255 0 0 255 0 28 163 131 170
    255 255 255 0 255 233 31 255 255 0 255 53 0 227 255 222 0 0 255 0
    255 255 0 32 68 125 255 255 0 193 255 0 0 0 0 228 255 116 255 255 0
    0 255 0 255 0 97 0 255 255 235 31 255 0 253 0 255 0 255 0 255 152
    173 0 255 0 0 0 255 255 0 255 0 255 0 175 255 0 0 255 0 255 255 1 0
    255 0 187 0 255 60 0 255 0 255 100 0 184 0 255 0 0 255 140 255 39 0
    218 255 147 0 0 191 255 0 0 205 255 80 0 255 255 238 255 156 0 255 0
    0 232 255 255 255 0 255 255 0 255 0 118 215 247 255 255 255 0 94 255
    0 255 255 0 255 202 255 0 217 21 255 0 0 0 255 255 0 0 0 255 255 255
    0 0 0 255 0 0 0 255 255 100 0 255 178 149 255 0 0 131 0 117 213 255
    255 0 175 0 255 0 0 127 255 255 255 255 103 0 255 0 255 255 255 255
    0 0 255 0 0 255 255 0 255 6 68 255 255 255 0 255 0 255 91 165 255 0
    0 119 0 255 159 0 0 255 0 192 0 255 0 0 255 0 255 0 255 0 255 0 0
    255 0 255 0 0 255 0 8 255 0 0 192 255 0 255 223 255 30 0 255 0 255
    255 30 0 0 0 255 0 14 255 49 188 255 255 0 255 0 255 0 255 0 113 0
    255 0 70 76 0 107 255 98 0 255 197 255 0 0 0 0 255 64 0 44 255 255
    91 0 255 201 0 215 0 255 255 11 255 0 255 0 0 103 98 0 255 0 255 255
    0 255 255 0 16 255 169 255 255 255 0 15 255 0 0 255 89 0 211 0 255 0
    255 0 0 197 0 0 201 101 0 0 255 0 255 189 0 0 255 128 0 255 0 0 255
    0 232 0 0 255 0 255 232 0 167 232 0 255 255 0 255 255 255 174 0 0 0
    0 255 0 0 87 10 255 0 0 0 255 0 0 0 255 255 255 0 137 53 14 0 0 232
    255 159 0 255 0 200 255 146 100 255 255 0 255 72 0 255 0 17 255 0 0
    255 0 144 65 1 18 255 0 255 0 0 255 255 0 161 0 255 255 6 0 0 255
    255 0 255 197 0 255 89 0 255 0 255 25 0 255 0 255 207 255 255 255 0
    255 0 0 255 0 171 153 0 255 255 255 0 62 0 0 45 207 255 22 255 0 56
    255 38 0 0 0 186 0 0 0 54 255 255 0 61 164 255 255 255 0 255 130 255
    0 255 56 0 255 0 147 255 0 255 0 208 255 255 0 255 255 0 255 172 228
    182 245 0 133 112 255 16 0 255 0 255 0 255 0 255 255 0 0 0 255 255
    63 0 0 255 20 0 255 255 221 0 0 255 255 0 255 255 74 0 255 255 255
    255 61 255 0 255 203 0 255 90 174 0 153 255 0 255 255 255 125 0 255
    255 0 255 255 209 255 0 255 56 74 255 255 0 255 255 255 155 0 163
    168 255 255 0 255 255 0 62 255 255 0 0 68 255 0 0 0 0 0 255 255 255
    255 255 71 0 255 0 255 179 62 255 57 255 255 0 255 0 0 143 150 255 0
    255 0 255 0 255 209 0 182 100 255 0 255 0 54 255 0 255 255 0 255 0
    255 255 223 11 25 255 0 255 0 255 0 222 132 167 255 255 253 81 255 0
    242 118 66 255 0 255 0 187 239 255 0 0 255 0 0 255 0 0 255 0 255 255
    0 77 152 0 255 0 72 255 0 255 0 255 0 0 201 255 0 255 255 255 0 0
    255 22 0 0 255 36 255 255 36 0 0 35 255 0 0 240 255 255 0 0 255 0
    255 59 0 0 255 0 255 255 0 255 153 0 255 0 65 255 0 0 255 0 123 255
    0 92 0 255 0 255 0 233 0 0 255 255 255 255 160 0 0 255 0 255 255 226
    0 255 255 0 137 0 255 0 110 0 0 255 255 255 0 255 237 81 0 255 255 0
    0 255 255 0 0 255 0 0 255 255 121 0 0 255 255 0 0 255 255 255 0 255
    255 0 248 255 0 30 0 255 164 195 0 0 255 0 0 0 0 0 0 67 7 255 0 0 63
    167 11 0 68 255 200 0 255 255 0 255 179 0 119 255 0 54 0 18 255 255
    255 0 119 0 255 0 255 0 0 0 255 0 0 122 180 232 255 255 0 0 255 255
    0 0 223 255 0 255 0 0 95 255 255 64 255 255 0 0 255 0 153 255 0 0
    255 0 255 255 162 0 139 255 0 0 0 54 0 0 0 0 255 0 255 208 255 0 78
    0 0 255 255 0 0 255 0 255 0 0 255 255 255 255 0 255 0 255 0 0 255 0
    255 87 148 0 255 0 203 0 255 255 0 220 255 0 0 255 0 255 0 255 0 0 0
    255 0 255 0 255 255 0 255 255 0 0 255 12 7 255 0 255 255 27 69 0 0 0
    0 255 255 21 0 0 255 0 28 0 255 0 227 255 191 255 128 250 255 0 0 0
    255 0 255 149 255 0 0 255 0 255 0 255 255 0 0 255 0 255 0 255 0 0 0
    255 172 50 255 0 255 255 97 0 255 255 255 0 255 0 247 255 255 0 255
    108 255 0 255 0 146 0 255 0 222 0 255 255 255 255 255 0 255 255 255
    215 255 198 174 255 0 183 255 0 197 0 251 248 255 255 0 0 255 0 0
    255 41 0 255 0 0 255 0 255 0 255 255 255 255 0 0 0 255 0 48 0 255
    255 141 255 104 120 0 255 0 0 100 0 255 255 0 37 255 255 0 255 255 0
    255 255 0 0 255 0 0 255 166 255 0 255 0 0 255 255 0 179 0 255 0 44
    255 185 255 255 0 201 2 121 255 255 255 0 255 171 255 0 255 255 255
    0 0 255 0 0 255 255 255 0 0 255 255 0 255 255 255 0 52 255 255 255
    255 0 255 255 0 255 255 0 255 0 38 255 255 0 0 255 255 0 13 34 255 0
    255 0 255 0 0 0 255 0 193 255 255 0 134 255 255 54 255 0 255 74 255
    132 255 0 0 0 255 195 0 0 255 255 0 255 0 255 0 0 0 255 0 191 0 255
    0 239 0 173 255 0 124 255 255 255 255 0 0 255 0 0 255 0 255 0 255
    255 0 255 0 185 0 255 0 0 0 255 0 155 255 0 255 143 0 255 0 255 0 0
    7 0 0 255 255 255 0 255 0 255 0 168 0 19 255 0 0 255 0 0 255 0 236
    255 0 0 255 255 255 0 191 0 0 255 0 255 0 118 148 0 255 0 0 255 0
    255 255 0 0 12 255 0 255 0 0 255 207 161 238 0 0 255 3 11 255 0 255
    0 0 0 255 255 0 255 255 14 0 255 0 0 96 255 255 255 0 255 0 255 154
    255 255 255 0 255 71 255 255 88 255 255 0 20 255 0 255 255 0 0 0 0
    255 0 151 255 0 152 0 0 0 255 255 0 255 0 255 255 0 255 254 255 72 0
    101 0 255 255 0 255 0 0 182 96 255 215 0 0 255 0 0 0 210 0 0 255 0
    208 255 0 0 255 26 0 255 255 255 0 0 255 255 255 0 245 61 255 0 255
    255 0 254 255 169 0 0 0 0 255 0 0 255 0 165 255 0 255 255 0 255 0
    222 95 255 0 0 0 0 255 255 0 255 94 255 162 255 54 255 0 7 255 0 212
    63 255 0 255 255 74 255 0 0 255 111 255 135 255 0 255 0 255 255 255
    0 255 255 255 0 73 255 0 255 0 0 255 255 241 0 255 255 0 255 0 255
    88 0 255 17 0 255 0 255 255 0 0 255 116 255 0 255 255 0 91 0 255 0
    255 255 255 0 0 255 84 255 0 255 231 255 255 0 255 0 129 255 44 94
    255 255 0 0 87 255 195 255 255 255 0 255 1 0 255 124 4 255 255 182
    255 0 255 0 0 255 0 0 0 198 255 0 0 255 0 255 0 255 0 255 0 235 0
    255 0 255 0 119 0 255 255 0 255 71 0 0 255 0 0 255 0 255 0 0 116 0
    111 0 255 0 212 255 0 255 255 0 97 0 217 0 0 157 0 0 0 255 135 0 113
    255 75 0 255 255 0 255 0 255 0 255 0 255 255 10 0 255 35 255 159 233
    145 255 0 255 0 0 0 255 255 0 0 255 0 0 255 59 255 0 255 0 255 255 0
    255 145 0 255 0 255 0 165 0 255 0 255 0 255 0 0 0 39 255 0 0 255 30
    255 255 255 0 255 0 255 0 249 0 255 114 0 255 255 255 0 16 255 48
    255 255 0 255 0 0 41 19 148 104 0 0 0 255 0 255 0 255 0 37 0 255 0
    255 172 224 255 255 0 255 0 255 255 0 117 255 184 0 0 96 0 189 255 0
    255 35 0 255 255 255 255 64 173 255 255 0 0 255 235 255 0 0 255 255
    61 0 86 255 0 0 255 255 0 191 0 0 255 103 139 176 255 239 0 255 140
    0 0 255 0 79 0 255 255 0 255 255 133 42 0 255 0 255 92 15 39 255 255
    0 255 0 255 56 0 134 255 0 151 0 15 255 0 0 255 0 255 0 170 255 255
    255 0 255 0 0 255 255 0 29 255 68 0 33 69 255 255 255 0 255 35 255
    255 0 255 255 255 255 0 0 138 0 255 0 255 137 255 101 0 219 0 0 0
    255 255 255 0 0 255 0 255 0 255 179 255 0 95 109 0 255 0 0 255 0 66
    255 0 255 176 0 0 255 255 0 0 55 255 255 0 255 0 255 0 0 0 0 118 255
    0 255 0 255 0 255 255 72 255 0 255 0 255 255 0 26 0 255 0 0 78 0 255
    255 0 255 0 0 255 0 255 0 255 202 232 255 0 255 0 160 0 5 223 0 0
    218 255 0 0 133 255 255 206 255 255 0 0 5 116 255 255 198 0 0 255 0
    0 139 255 0 255 0 0 52 255 255 0 255 255 255 0 255 255 0 255 0 255 0
    255 0 26 148 7 255 0 211 0 255 0 0 255 0 255 23 255 149 255 0 255
    255 0 0 0 0 214 255 0 255 0 219 25 255 137 0 255 187 255 0 255 34
    255 0 0 255 255 0 255 0 255 0 255 0 0 0 0 189 255 0 255 255 255 0
    255 234 177 255 255 0 255 0 255 148 191 123 0 0 102 0 0 118 255 0
    255 213 0 255 161 255 0 0 255 255 0 255 0 0 0 255 0 156 175 0 0 255
    0 0 239 0 0 255 0 146 0 142 61 0 0 148 255 255 0 159 0 118 255 255 0
    167 255 0 0 255 0 255 0 255 255 0 0 255 0 255 255 61 0 0 255 43 255
    0 27 255 255 0 137 0 255 255 255 0 0 0 0 57 255 0 255 255 136 0 255
    255 0 227 0 255 0 255 255 212 0 0 255 117 255 255 194 0 255 255 0 0
    135 65 0 255 0 255 0 142 255 27 255 0 0 255 255 0 255 255 255 255 0
    0 255 0 255 0 73 0 255 81 255 0 255 0 0 255 0 255 229 0 255 0 255 0
    0 255 0 255 0 255 0 255 0 208 255 100 10 255 255 255 255 0 0 255 0
    65 94 0 255 0 67 255 0 235 0 255 0 255 140 4 0 0 255 0 238 255 152 0
    255 0 0 101 255 0 255 0 255 0 11 0 255 0 252 255 0 0 255 0 255 255
    12 0 0 0 255 255 0 255 255 193 193 0 0 0 42 255 0 255 12 0 104 0 0
    255 0 255 0 255 10 255 0 255 0 255 0 255 0 0 255 255 255 0 218 255 0
    132 255 0 255 0 255 0 237 0 255 255 255 0 0 255 6 255 255 0 112 255
    214 255 240 255 0 255 250 255 0 0 255 255 0 0 255 0 255 0 255 0 79
    255 255 36 0 255 255 254 255 233 199 0 227 25 0 255 242 255 0 255 0
    255 0 255 0 0 255 96 255 163 255 0 0 0 0 0 0 255 0 255 255 0 255 255
    0 255 0 255 255 255 0 255 255 0 60 95 0 255 255 0 255 255 0 255 4 0
    255 0 255 0 0 255 255 243 213 255 0 0 255 0 255 255 7 0 0 255 255 0
    0 255 253 0 8 0 240 0 255 255 185 0 0 0 255 0 255 255 0 255 198 255
    0 255 67 255 0 255 255 255 200 255 154 136 63 168 255 0 255 255 24 0
    0 0 255 255 255 0 255 0 255 0 255 255 0 255 255 0 196 255 141 255
    255 0 255 255 247 255 0 255 0 255 0 255 255 0 255 255 0 0 255 0 0
    255 255 0 0 255 3 0 255 126 0 255 0 0 0 0 0 255 255 255 0 6 255 255
    0 0 94 255 212 0 0 255 255 0 255 0 55 255 0 0 255 255 0 239 0 0 255
    182 75 255 0 14 0 0 0 0 0 255 0 0 255 255 0 255 255 149 0 255 255
    148 255 0 0 0 255 255 255 255 0 255 0 255 0 0 0 255 172 255 67 255
    229 0 0 0 0 255 28 255 0 0 255 255 173 0 0 0 255 0 255 0 255 216 255
    0 166 255 255 0 0 255 255 255 255 255 73 0 255 0 0 255 0 255 0 255 0
    130 0 213 0 255 0 124 0 109 0 255 0 255 143 255 0 0 255 0 0 255 82 0
    73 0 255 0 255 255 255 0 0 175 0 73 255 0 255 0 255 255 0 0 206 0
    255 0 255 0 255 255 154 0 133 0 255 0 255 255 255 0 0 255 255 0 45 0
    255 0 0 255 0 255 10 0 255 255 0 255 0 183 204 255 0 73 0 255 0 34
    255 255 255 41 255 105 0 255 255 0 0 0 0 220 0 0 200 0 255 0 171 255
    0 0 0 255 0 255 0 255 0 80 255 0 255 255 0 255 255 255 0 255 0 0 255
    255 194 255 52 0 255 0 255 0 0 255 0 255 0 0 255 255 255 0 0 255 0
    113 255 0 182 113 0 255 255 255 0 1 44 0 0 18 255 154 69 255 0 255
    255 63 255 255 0 0 255 0 0 255 218 255 0 255 218 165 0 215 255 151 0
    0 255 0 243 0 255 255 255 0 255 0 0 255 0 0 255 0 0 255 0 0 255 0
    255 0 255 33 255 0 213 255 0 255 0 0 255 8 255 0 0 255 255 212 0 209
    0 0 255 0 188 255 0 255 0 255 255 255 211 0 255 0 255 0 255 0 255
    255 0 0 255 0 0 255 255 206 0 0 105 255 255 62 255 255 255 255 0 0 0
    255 0 255 0 255 0 0 255 255 0 0 255 255 64 255 255 255 0 255 255 0
    255 255 255 166 255 255 0 0 255 219 0 0 255 255 255 255 0 255 0 0
    131 255 0 0 255 159 223 84 255 0 255 0 255 255 255 190 123 12 0 46 0
    0 255 250 255 0 0 0 126 255 255 255 0 255 0 255 0 255 255 46 255 0
    255 0 255 0 255 67 237 174 255 0 0 0 255 0 124 0 0 20 81 111 255 0
    255 0 208 0 0 255 0 255 255 0 0 255 255 0 0 0 160 255 219 255 0 255
    0 0 255 255 255 0 255 16 255 0 74 0 255 0 255 255 0 255 255 0 255 65
    0 255 84 44 0 219 255 0 255 255 0 0 125 92 0 142 255 0 255 0 0 255
    255 0 228 255 255 255 0 255 255 0 255 212 255 0 255 0 255 58 44 0
    237 255 0 0 255 0 255 0 0 255 0 255 40 0 171 255 255 0 237 0 255 0
    255 140 134 0 255 255 0 255 0 88 0 0 0 255 0 0 255 255 0 255 0 255
    255 0 255 255 0 109 0 189 150 255 0 0 255 255 0 255 50 0 255 255 255
    0 255 0 255 161 220 0 255 0 255 0 255 42 166 128 0 0 255 255 255 0 0
    255 0 255 0 160 255 255 255 0 255 234 0 146 211 30 0 255 0 255 0 0 0
    255 134 255 69 76 0 0 255 255 0 0 255 0 255 0 255 0 255 255 0 0 175
    255 255 255 67 0 255 0 255 25 255 255 0 0 0 0 255 0 255 215 0 255 0
    0 0 214 0 255 230 229 255 0 255 255 255 0 235 255 0 255 0 255 255
    236 0 0 0 0 255 0 255 0 0 0 255 0 0 255 0 0 255 0 0 255 0 255 0 255
    0 255 0 255 84 255 0 0 255 0 0 53 255 255 0 255 150 0 255 255 255 0
    0 255 0 255 255 0 255 0 255 0 255 255 255 3 255 149 255 0 255 0 255
    0 0 223 0 255 214 255 0 255 0 255 255 33 255 255 255 34 0 255 0 255
    100 255 102 0 255 0 0 0 255 0 255 0 0 255 0 255 255 0 0 255 142 0 93
    0 255 0 153 255 255 0 0 201 255 16 0 255 122 0 255 171 255 255 255 0
    255 0 0 43 255 0 255 0 0 255 0 0 0 61 0 255 0 255 88 128 255 255 0 0
    0 255 255 0 0 0 169 255 0 0 255 0 223 255 0 255 0 0 255 255 0 0 0
    255 255 0 0 0 0 255 206 0 255 255 255 244 119 0 215 213 255 0 143 0
    246 255 0 0 255 24 0 255 255 0 255 255 0 48 0 0 184 0 255 248 0 0
    255 120 0 255 255 255 234 155 0 255 0 0 255 255 255 255 255 0 255 0
    255 255 0 0 0 255 121 0 255 0 255 66 0 0 255 191 255 255 0 136 178
    255 153 255 0 255 184 249 0 255 51 79 255 0 255 140 0 0 255 0 62 255
    255 0 0 255 0 0 255 0 0 0 0 255 0 0 0 0 255 235 0 167 0 0 46 255 255
    90 255 255 0 220 142 0 255 0 255 255 255 0 0 255 255 203 255 255 0
    255 0 255 255 0 255 71 255 0 0 255 0 255 255 0 116 0 0 255 255 255 0
    255 184 34 255 243 255 227 0 255 255 255 255 0 255 255 0 255 20 251
    255 0 239 215 255 255 0 255 255 0 236 0 255 0 48 0 0 255 0 3 0 200 0
    255 0 127 138 0 187 255 255 255 0 0 255 215 0 61 0 0 255 255 255 238
    0 255 255 57 0 255 255 0 255 255 254 0 0 89 255 28 0 101 0 176 255
    255 0 105 255 255 0 0 9 197 179 0 0 255 0 0 201 234 255 255 34 0 255
    0 255 98 9 255 0 255 0 99 0 0 52 0 157 0 0 255 207 0 255 255 0 14
    167 255 68 0 255 0 255 0 81 255 228 0 0 255 153 44 0 255 255 0 255
    255 0 255 0 255 255 0 52 0 255 255 0 255 255 0 205 255 0 222 255 255
    80 91 225 0 255 0 255 197 0 255 0 0 255 255 248 255 0 0 210 255 0 0
    255 0 227 255 2 255 255 0 207 255 223 255 0 255 0 0 255 255 0 255
    255 0 255 255 0 255 0 0 142 16 0 255 255 0 239 0 255 193 255 0 137
    255 0 6 255 0 0 203 255 255 255 255 134 0 255 255 0 255 255 0 255 0
    19 0 255 0 0 134 0 0 255 0 0 0 0 1 0 255 0 255 255 0 0 255 255 138 0
    255 0 0 0 255 0 255 255 105 255 255 0 255 116 255 222 74 255 0 255
    255 0 29 0 255 0 0 255 128 125 0 228 0 255 213 48 0 150 255 0 0 255
    255 255 0 0 255 0 255 0 255 255 255 143 255 255 0 255 0 14 0 255 255
    255 0 255 255 0 0 255 255 255 255 0 255 0 178 0 65 207 255 0 255 0
    255 0 0 0 255 0 255 97 0 255 255 47 0 255 0 255 0 0 0 255 18 255 241
    0 0 0 152 0 255 0 47 152 255 0 0 255 0 0 255 255 0 0 0 255 0 255 255
    0 238 0 255 0 255 0 0 91 255 0 0 255 0 192 15 255 0 0 255 255 0 255
    46 255 0 255 255 0 0 0 111 255 104 255 0 0 255 0 0 237 0 255 255 0
    255 255 255 0 255 0 152 255 0 255 0 255 0 255 122 0 0 255 0 255 0
    255 0 255 255 0 255 0 0 145 0 255 232 0 255 255 255 0 255 255 255 0
    255 0 0 0 255 0 0 255 255 151 173 236 0 255 0 255 0 29 171 117 255 0
    0 255 255 255 255 101 255 0 255 0 255 0 255 0 0 18 255 75 21 255 255
    255 0 255 255 0 255 44 110 255 0 255 255 0 174 117 137 0 255 51 206
    255 255 255 255 108 255 255 209 0 0 255 250 99 192 255 133 0 0 255 0
    255 0 92 0 0 255 0 0 0 255 255 255 41 255 0 169 0 255 0 15 0 205 255
    255 0 255 255 0 255 255 255 0 251 0 255 88 8 255 0 0 255 0 0 255 0
    255 0 255 0 0 255 0 255 0 255 0 255 255 0 0 255 0 255 255 161 255
    161 0 255 0 0 223 0 255 0 255 255 0 255 169 255 255 0 255 0 141 255
    159 0 255 255 60 255 255 70 158 0 0 255 0 0 0 0 255 255 255 0 255 0
    255 0 229 0 14 0 255 255 255 0 255 255 255 116 255 255 255 255 255
    255 0 255 0 0 0 157 255 26 0 0 255 0 255 120 0 255 120 0 255 255 55
    73 109 255 0 255 0 255 0 255 255 255 0 255 255 0 255 114 134 178 255
    255 0 0 255 99 152 0 0 0 255 0 0 0 223 255 255 0 255 103 255 0 0 255
    0 255 0 0 255 41 255 255 0 98 255 97 0 255 255 0 0 84 59 255 113 250
    0 255 255 0 0 255 0 61 255 255 0 77 245 255 31 0 255 0 102 126 255
    102 34 0 0 0 255 68 199 255 255 255 255 0 0 0 255 255 0 3 255 94 255
    0 0 255 255 0 255 0 70 255 0 0 255 255 255 0 236 248 0 255 255 0 255
    255 0 255 255 0 240 0 255 13 255 79 0 255 0 255 0 53 255 31 0 255 0
    153 255 0 255 0 255 0 154 0 0 255 14 0 255 66 0 174 255 255 0 255
    255 93 255 110 0 255 0 255 0 96 0 0 255 0 255 0 0 255 0 255 140 255
    0 100 0 0 0 0 206 255 255 0 255 56 13 255 255 0 255 255 0 255 0 0 0
    255 255 255 255 27 0 134 0 0 0 0 0 255 0 255 0 255 255 255 0 0 141
    255 0 0 0 255 164 234 0 255 255 0 255 255 0 0 255 0 255 0 255 218
    251 255 0 148 0 0 203 153 0 255 255 0 255 0 255 0 255 255 0 255 0
    255 0 255 0 255 0 0 255 130 0 255 0 255 0 255 0 0 83 97 255 255 0 0
    0 225 170 255 212 0 255 0 30 255 33 0 0 242 222 255 0 232 0 255 255
    0 255 255 0 255 255 255 180 0 191 255 0 0 255 0 0 0 71 255 255 0 255
    75 121 0 0 0 255 235 0 255 0 0 255 0 0 255 255 255 255 243 0 95 39
    255 0 0 255 0 42 0 0 255 0 255 255 106 0 255 0 168 0 210 0 0 255 0
    255 255 255 255 0 0 0 255 0 0 42 255 255 255 0 0 255 198 0 255 0 179
    255 255 140 0 0 255 201 0 92 201 0 161 219 0 60 98 223 51 255 0 255
    255 0 0 255 255 0 255 255 255 255 255 255 0 255 0 255 161 0 255 93
    255 0 0 255 196 0 0 12 255 255 0 255 252 255 255 239 0 255 255 0 255
    0 108 255 255 154 255 255 0 255 0 255 0 18 0 0 255 255 255 154 71 0
    255 255 146 255 196 255 255 0 0 255 255 255 0 0 255 0 255 0 20 255 0
    105 123 75 184 0 254 255 0 0 130 245 255 0 255 0 255 255 0 255 0 255
    0 0 255 255 0 255 0 255 0 0 0 0 0 255 255 155 255 0 186 255 255 0
    255 0 0 255 0 0 0 134 0 255 255 0 0 85 0 255 0 255 0 255 0 255 253 0
    0 255 158 0 0 0 255 255 255 255 255 38 176 255 0 255 255 0 0 255 255
    28 0 255 255 0 255 255 0 0 255 66 255 0 0 255 255 0 255 255 0 255 0
    255 255 0 255 255 0 255 118 213 0 255 76 255 70 255 0 255 255 0 67
    255 0 222 0 255 255 0 255 255 255 255 0 255 255 0 255 0 255 255 0 63
    119 0 255 0 0 255 0 0 255 122 0 255 0 255 255 255 0 10 0 255 0 0 132
    229 255 0 255 0 255 36 255 3 0 113 0 11 89 0 0 255 0 0 0 164 244 255
    0 255 0 249 0 255 255 0 255 0 143 255 0 0 0 255 255 0 255 0 0 255
    255 0 0 191 255 193 255 255 255 0 181 0 255 255 255 255 0 69 203 24
    0 255 249 0 146 0 255 88 66 0 255 0 0 0 0 234 121 255 0 191 0 255
    255 0 0 0 255 0 255 0 255 0 0 255 155 0 255 0 255 0 255 0 74 0 218
    25 0 255 0 80 255 0 43 0 255 0 255 0 0 0 255 89 0 255 255 255 144
    255 255 183 0 255 255 0 255 91 255 255 255 29 255 0 255 255 255 0
    255 0 255 255 0 255 55 0 0 167 255 0 0 0 0 255 255 138 0 0 255 255 0
    255 255 0 255 0 0 89 255 255 255 0 255 0 0 149 255 0 255 154 37 255
    0 0 0 0 255 0 0 255 255 0 255 0 255 0 255 0 0 255 0 255 255 0 244 0
    255 0 255 0 255 255 0 255 59 255 0 255 255 0 97 0 0 255 0 0 0 255 0
    179 190 89 255 0 204 0 0 255 126 169 255 83 152 255 255 47 0 255 0
    255 0 255 149 0 216 255 156 255 0 202 255 255 155 255 180 0 37 255
    255 255 255 0 0 255 220 0 255 0 255 72 0 0 99 255 188 255 47 255 0 0
    150 255 2 160 102 0 255 0 98 0 0 255 81 0 255 249 0 226 255 0 0 255
    255 255 0 0 255 255 0 255 0 255 0 255 53 57 0 255 0 0 255 255 255 0
    151 255 0 255 255 0 0 255 0 193 198 255 0 72 193 59 0 255 0 255 255
    0 255 0 255 255 150 255 0 255 0 46 0 255 255 0 255 0 0 255 255 0 204
    255 255 0 255 255 210 255 255 0 0 174 255 173 0 180 0 255 0 255 0 0
    255 255 0 219 69 0 210 255 165 255 255 0 0 0 255 255 124 0 255 255 0
    255 219 255 0 93 71 255 0 255 0 255 255 255 255 0 0 119 0 255 91 0
    255 255 0 255 83 255 0 0 255 255 0 0 0 0 255 0 0 0 0 0 255 255 0 10
    0 255 255 0 255 0 255 0 255 35 0 0 255 255 0 91 194 255 0 0 255 0 0
    255 0 255 0 0 255 0 255 255 56 0 0 0 255 0 255 0 255 166 0 72 0 255
    0 0 255 0 0 0 47 255 174 0 255 255 255 0 255 0 255 194 0 255 0 0 0
    255 255 143 255 255 255 26 255 0 255 255 0 255 255 251 255 255 0 255
    255 72 255 255 255 0 255 255 0 255 0 81 255 0 71 0 255 0 0 255 0 255
    0 0 0 0 0 0 0 0 255 34 0 0 163 255 0 84 137 0 47 0 255 0 255 255 255
    0 65 74 255 255 255 215 0 255 255 0 78 255 255 162 0 255 0 253 219
    198 0 255 10 0 0 255 255 0 0 191 0 255 255 87 0 51 0 255 0 0 0 255
    255 255 0 0 255 255 255 38 0 0 255 255 0 255 0 74 255 0 0 0 255 194
    0 255 255 0 0 255 0 255 0 255 31 202 139 0 255 0 255 0 255 0 255 0
    119 0 255 30 45 255 0 255 203 0 255 0 255 0 255 255 0 123 0 255 255
    255 0 255 129 0 146 81 255 255 43 0 255 0 241 255 0 202 255 27 0 255
    0 0 90 196 215 255 255 0 85 0 255 0 0 255 255 64 255 0 166 255 0 255
    0 0 255 0 0 125 255 255 0 255 0 0 255 0 91 0 255 0 0 255 26 146 255
    0 255 197 0 255 57 255 0 55 0 255 0 255 255 16 135 255 0 255 0 194 0
    255 0 0 13 255 255 0 255 62 0 0 255 0 255 255 0 0 255 128 255 0 255
    255 0 209 110 255 255 117 0 255 255 0 255 89 181 255 255 255 0 255
    255 255 82 0 255 0 154 0 255 0 255 255 255 0 122 255 255 0 255 225
    255 0 0 189 0 255 255 0 255 138 0 56 0 255 255 0 255 6 255 118 0 224
    255 255 255 0 255 0 255 255 0 255 253 255 103 255 255 0 220 255 0 41
    0 0 255 0 0 0 79 255 255 0 255 0 255 0 255 0 0 255 67 0 0 255 0 0
    255 255 177 0 0 255 255 0 255 113 0 0 255 255 0 255 255 0 255 255 0
    39 255 255 195 255 172 0 0 255 117 255 0 255 0 255 255 0 255 255 0 0
    255 255 255 0 255 49 255 0 98 255 255 0 255 105 255 255 189 183 0 0
    38 0 255 255 0 0 255 0 255 255 45 104 0 211 0 255 0 255 0 0 0 255 92
    0 255 0 124 0 255 0 255 255 255 0 255 255 0 255 0 255 211 0 255 255
    0 62 192 0 255 0 255 0 0 255 255 89 0 255 0 255 182 112 255 203 255
    255 0 0 0 255 0 255 0 255 255 194 99 235 0 255 90 19 0 255 255 0 0
    255 0 0 0 255 0 0 255 255 255 11 0 66 0 108 0 0 255 0 255 0 0 0 93 0
    255 255 0 0 0 255 0 0 0 255 0 0 0 0 255 0 255 0 0 255 255 255 0 255
    255 0 255 0 0 25 0 255 46 101 0 0 0 255 255 0 0 255 0 255 0 0 255 0
    255 0 255 0 0 255 162 0 255 153 0 0 0 255 0 255 74 0 112 255 0 255
    255 255 0 255 255 0 255 255 0 38 0 255 255 0 186 255 0 255 255 255
    255 255 136 255 0 255 255 0 0 255 166 38 0 255 0 0 0 0 255 0 7 0 0
    255 0 255 26 0 98 0 0 255 0 255 0 255 247 255 0 255 0 0 0 255 0 255
    0 221 0 0 23 255 255 95 180 255 0 0 255 190 255 0 255 0 255 0 255
    255 179 255 255 0 225 255 0 0 255 0 255 255 131 0 255 0 0 255 0 233
    255 0 0 255 255 0 168 255 0 0 255 255 0 255 0 0 0 255 197 35 177 255
    0 0 0 0 255 55 0 255 0 255 0 195 255 80 0 255 160 152 83 255 0 0 255
    255 0 126 131 255 0 0 0 255 0 0 34 255 0 0 255 155 0 255 229 0 255
    255 143 255 25 255 255 255 0 255 0 255 0 255 118 135 255 201 255 251
    1 0 255 0 255 135 255 255 0 0 255 239 9 0 250 0 255 255 107 255 67
    161 0 44 0 255 255 255 0 255 255 241 0 223 255 255 0 255 0 255 18
    255 198 133 255 0 255 255 0 0 255 163 255 186 255 0 0 0 0 255 0 0
    255 0 255 62 0 0 255 0 255 0 255 255 0 255 255 255 0 0 0 0 2 0 55 0
    116 0 255 255 255 0 70 0 255 0 255 255 255 255 255 0 168 255 0 0 255
    0 164 255 255 0 255 0 0 255 255 0 0 0 255 0 255 255 0 0 92 255 0 0
    255 125 255 0 42 0 154 0 165 0 255 184 0 253 198 0 255 255 0 238 36
    0 0 255 23 255 255 115 148 0 0 255 234 255 255 0 255 0 255 255 0 71
    255 255 0 255 0 255 0 255 0 0 0 255 255 255 255 0 255 255 0 0 255 0
    255 255 255 0 0 0 66 0 225 255 0 255 255 0 0 255 207 42 145 255 0
    255 208 0 0 255 255 94 255 245 255 255 102 90 255 0 255 159 0 0 255
    255 0 223 255 194 0 0 155 255 130 66 255 255 0 0 255 42 0 0 255 0 0
    255 89 9 255 254 0 0 255 255 24 0 48 255 0 255 0 0 0 255 150 255 255
    0 255 0 0 189 0 255 0 255 0 255 0 0 255 0 158 0 241 0 255 0 255 44
    255 0 255 255 255 255 0 255 0 255 255 255 255 0 255 0 255 162 0 0 0
    255 0 165 30 255 23 255 255 255 0 22 255 255 255 255 180 255 0 181 0
    33 0 255 165 0 255 255 0 241 255 0 0 252 0 255 255 0 255 0 103 255 0
    255 178 195 0 255 255 0 0 255 255 255 0 255 255 0 0 255 255 0 255 15
    0 0 0 255 255 0 142 0 255 0 255 0 0 0 255 255 255 0 153 255 0 255 12
    255 255 0 255 255 0 255 255 0 0 0 0 162 255 255 0 0 102 0 255 255 0
    255 255 0 255 0 103 255 0 0 89 0 226 0 255 0 255 255 217 0 0 0 255
    110 255 255 0 255 0 255 0 255 0 255 0 0 247 0 255 0 255 0 255 255
    255 216 0 0 174 0 255 174 0 255 1 0 255 0 96 0 37 255 255 126 0 0
    255 255 255 255 0 255 246 255 0 0 255 255 0 255 0 255 126 0 0 0 0 0
    0 255 255 107 0 255 118 0 0 255 46 255 255 187 0 255 0 0 100 0 255
    206 0 0 0 255 69 253 0 255 0 255 0 213 0 255 95 255 220 255 0 176
    255 255 0 0 255 255 255 255 0 85 0 255 0 255 0 255 84 255 0 12 131
    255 0 0 0 178 0 0 255 91 0 3 0 255 102 255 0 255 255 255 145 0 255
    255 255 144 0 255 98 255 139 0 255 255 0 255 0 0 255 141 255 0 0 255
    0 0 0 255 0 157 204 0 91 0 0 88 255 0 0 255 0 255 255 0 0 255 0 255
    0 0 255 0 255 255 255 0 255 0 0 255 0 177 255 0 0 0 144 0 0 255 0 7
    107 255 46 255 255 255 0 247 255 255 0 222 60 0 16 43 0 0 207 255
    110 255 0 150 0 0 255 166 255 0 0 160 19 35 0 154 0 255 71 255 0 26
    255 0 255 0 255 255 0 255 0 0 255 0 0 57 255 0 0 0 0 255 0 251 135
    255 98 85 0 0 0 255 0 255 60 46 0 255 201 0 255 0 0 255 255 0 0 0 0
    255 0 255 255 255 0 227 255 255 255 0 255 255 255 0 255 255 0 0 85 0
    0 255 0 148 255 112 0 0 255 51 0 255 131 61 255 255 255 0 255 0 209
    0 0 0 139 255 0 238 255 0 215 2 0 0 255 252 1 255 0 0 255 255 0 255
    255 255 0 0 255 3 255 0 38 255 7 0 255 0 255 0 255 255 78 208 255
    255 255 0 0 0 255 0 255 0 255 255 228 255 85 0 255 255 0 255 0 255
    173 0 19 42 0 255 0 0 255 0 255 0 255 190 255 255 255 255 0 255 40 0
    255 165 0 255 255 255 87 0 0 255 180 0 255 255 0 255 0 255 31 229 0
    255 0 255 0 0 255 0 255 0 255 47 199 0 84 0 254 255 0 0 255 0 0 23 0
    0 255 0 55 71 174 235 145 255 0 255 182 255 255 0 67 255 0 255 0 0
    255 255 0 255 255 255 251 0 47 45 255 0 22 255 240 48 255 17 255 0 0
    0 191 0 202 0 255 255 255 0 255 255 255 0 255 129 255 0 255 255 255
    255 0 255 0 70 255 255 0 245 0 0 255 255 0 0 0 255 145 255 0 255 0
    255 0 255 0 255 0 255 0 255 0 255 0 255 255 0 255 0 0 255 255 0 255
    0 0 56 255 198 73 0 255 0 255 0 0 255 0 255 0 255 255 255 0 255 240
    158 255 0 0 255 255 15 0 255 0 39 255 0 153 255 0 0 255 0 0 255 50
    255 28 255 0 150 243 0 255 0 0 255 255 0 0 255 255 0 255 0 0 255 0
    255 255 255 238 255 132 0 0 0 255 255 0 255 0 0 255 0 0 255 162 255
    255 255 0 255 0 255 0 255 0 108 122 0 0 255 145 0 255 255 255 55 255
    255 0 0 255 255 127 0 255 0 255 0 255 0 255 0 246 0 245 4 255 136
    255 216 0 0 0 255 0 0 255 255 0 255 255 255 156 255 0 0 56 0 255 255
    0 0 255 0 191 255 255 255 28 0 0 0 255 236 182 0 255 0 255 0 0 255
    255 0 0 245 255 237 255 0 194 255 0 255 0 166 0 255 251 0 244 255 0
    145 0 255 0 255 255 0 255 255 176 255 0 0 255 0 94 43 0 255 0 255 0
    0 0 255 0 0 255 0 255 0 33 0 255 255 0 0 238 255 255 0 255 0 0 32
    255 20 4 0 0 0 255 0 110 255 0 255 0 0 0 0 0 255 0 0 0 255 255 37
    255 189 8 255 0 0 160 255 0 255 255 0 255 0 255 0 131 255 255 0 39
    255 238 255 255 205 0 0 255 0 168 0 255 0 0 255 0 255 144 0 255 0
    255 0 255 90 255 0 227 255 255 120 255 0 255 255 255 0 255 0 255 0
    84 30 255 0 255 34 213 0 159 157 255 255 138 255 255 0 255 0 255 0 0
    255 255 255 0 0 0 19 0 255 0 255 236 255 255 0 0 209 0 255 255 255 0
    0 255 0 255 255 0 0 0 0 0 255 0 255 0 255 0 0 0 255 255 255 0 255 0
    255 0 255 0 255 0 0 255 255 255 255 0 255 0 0 255 41 255 120 221 0 0
    255 255 103 0 255 0 255 107 211 92 255 0 255 0 255 0 0 255 42 93 255
    0 255 255 0 154 255 163 255 255 0 113 0 0 255 199 0 255 0 255 0 26
    172 0 0 0 0 255 255 220 0 255 255 0 0 255 0 255 255 255 0 219 255 0
    255 255 230 0 0 255 0 255 255 145 255 50 22 255 255 255 255 255 0
    255 0 255 71 255 255 0 255 0 194 255 178 255 0 2 0 0 255 187 0 255 0
    0 221 0 0 0 174 255 0 255 37 255 255 196 123 0 255 0 255 255 255 0 0
    255 0 255 0 255 0 255 188 0 255 255 0 12 255 0 0 255 255 0 255 0 0 0
    0 255 0 0 241 255 255 0 196 0 0 0 255 0 15 0 255 0 49 0 255 255 0
    194 255 36 0 0 0 255 0 255 0 255 222 251 119 255 0 0 210 145 255 255
    0 53 0 77 135 0 255 0 255 255 255 255 0 0 0 0 0 255 0 255 255 212
    255 255 0 255 255 0 255 0 255 0 78 0 0 0 0 255 255 177 0 255 0 0 0
    255 0 234 255 0 164 255 0 255 255 0 255 255 0 255 255 211 255 0 119
    255 0 255 255 0 255 255 255 255 0 0 0 255 66 255 0 241 255 0 255 0
    134 14 0 255 0 0 255 0 255 0 255 0 0 255 0 255 0 255 135 0 255 0 0 0
    0 255 0 255 100 255 0 255 0 0 0 0 13 255 135 117 0 255 0 0 106 255 0
    255 0 255 0 255 66 255 0 0 115 225 113 35 255 0 255 0 0 0 255 80 255
    0 255 0 37 255 255 7 0 0 255 0 255 255 255 0 255 0 255 0 255 0 255 0
    255 255 0 0 255 0 255 0 255 31 57 0 55 85 158 0 154 0 0 249 255 214
    92 255 102 0 255 174 61 255 29 59 255 0 0 255 0 255 0 255 0 255 205
    0 124 255 0 255 115 156 241 0 255 0 0 255 255 0 255 193 0 255 248
    255 255 0 211 255 255 0 255 0 255 0 135 255 0 255 93 255 73 255 0
    255 255 0 255 0 0 255 0 255 59 255 241 0 255 249 255 0 0 255 255 255
    0 0 255 0 255 0 0 255 255 0 247 0 255 0 255 0 255 0 255 255 0 171
    139 163 255 0 38 0 226 41 217 0 255 0 25 197 255 0 0 255 0 255 0 255
    255 255 255 0 163 255 0 0 0 91 151 255 255 0 255 0 0 255 184 255 0
    255 0 255 0 255 0 215 255 255 0 253 0 255 0 255 0 255 233 255 255 0
    255 0 156 101 255 8 255 0 0 255 0 59 255 0 120 255 0 0 255 0 183 255
    153 0 148 160 9 219 0 255 255 0 255 0 255 0 255 0 255 234 255 255 0
    255 255 0 255 181 255 139 94 191 255 0 0 181 0 255 126 255 0 0 0 255
    0 255 166 0 255 255 255 255 255 0 255 255 0 255 0 29 0 195 255 0 255
    222 0 255 0 0 0 255 0 26 0 105 0 0 0 255 0 255 0 0 0 255 13 0 255 0
    255 0 255 156 88 255 0 141 0 255 255 0 0 255 0 255 255 0 0 24 0 0
    255 0 0 255 255 154 255 255 0 103 215 20 0 255 0 0 0 255 255 255 75
    255 255 0 255 0 255 115 255 255 0 0 255 0 255 0 69 255 56 0 255 0 0
    0 255 0 152 0 255 0 165 255 0 37 96 255 185 255 105 0 64 255 0 0 255
    197 255 0 233 255 255 34 255 255 0 255 255 255 255 0 255 0 0 0 0 200
    255 255 255 255 255 205 163 0 255 255 0 255 91 0 255 0 255 255 0 255
    0 0 92 0 255 0 255 0 255 0 255 255 63 0 255 255 0 255 255 0 255 0 0
    181 0 255 154 163 0 0 255 33 81 0 201 255 0 191 255 0 129 255 0 255
    255 0 246 255 0 255 117 255 0 189 0 255 0 0 0 255 0 255 255 0 0 20 0
    0 255 0 85 255 255 0 247 214 0 255 0 212 0 151 255 0 0 0 22 255 0
    255 255 0 0 9 255 255 0 255 105 103 255 0 0 255 0 0 255 255 255 255
    0 255 255 0 0 255 255 69 0 0 255 0 0 0 255 0 199 255 0 255 0 255 0
    255 109 255 0 255 0 255 255 255 0 75 0 0 255 0 248 255 0 255 25 0 0
    0 0 0 0 0 255 149 76 0 255 255 141 0 0 0 255 0 255 0 0 255 101 255 0
    0 255 255 0 255 0 255 0 0 255 255 255 255 255 0 255 0 255 0 255 0
    255 0 0 255 0 0 66 71 255 255 72 0 255 0 69 255 84 255 255 153 255 0
    255 255 0 255 0 35 0 49 255 255 255 210 0 255 0 0 170 255 0 255 124
    122 139 255 0 255 0 255 9 255 0 255 255 0 255 0 0 116 0 232 255 255
    0 0 239 128 0 255 0 255 0 255 255 0 255 0 0 124 255 0 255 175 255
    255 255 255 0 255 0 16 255 220 0 255 148 255 255 255 255 98 24 255 0
    227 0 45 255 200 255 0 255 255 255 255 255 0 255 255 0 255 0 255 0
    24 37 204 156 255 0 81 255 255 0 0 255 0 255 250 0 238 68 255 143 0
    0 255 127 93 0 255 0 0 0 0 0 255 0 255 255 255 195 255 0 0 255 9 0
    255 255 255 0 255 255 0 199 255 255 250 255 214 0 255 0 111 255 0
    255 0 49 0 255 0 255 255 0 0 124 255 0 255 0 19 255 122 255 0 211
    255 0 217 255 0 255 255 255 0 255 230 0 0 212 0 255 0 0 0 255 255 0
    0 255 0 0 140 73 255 0 255 0 0 255 255 255 255 148 0 182 255 0 255 0
    255 255 255 0 255 255 255 80 255 0 0 0 255 0 0 255 134 127 117 0 0
    255 0 0 0 255 0 255 0 50 180 0 140 229 111 255 236 73 0 172 255 11
    204 0 0 184 255 255 0 0 255 255 30 0 237 255 0 0 255 255 0 255 255 0
    38 0 49 0 255 113 0 13 255 255 0 255 0 19 255 244 137 255 255 0 98
    11 0 0 0 229 0 0 6 255 44 255 0 0 255 0 0 255 0 0 255 0 0 0 255 255
    96 0 226 0 0 0 0 255 0 255 65 0 0 0 255 0 0 255 0 66 0 255 255 0 72
    255 0 64 255 0 0 0 0 0 255 178 0 255 0 255 0 0 0 185 195 255 255 0
    255 0 251 255 96 0 0 0 83 255 255 159 0 0 0 255 0 255 0 0 255 0 255
    255 255 255 0 255 0 255 0 255 255 255 0 255 255 85 0 0 43 190 0 255
    0 255 123 73 255 15 0 255 255 0 255 0 37 255 0 0 255 175 255 0 255
    52 255 146 0 0 0 255 255 9 210 255 0 0 255 255 0 0 255 0 255 255 255
    0 255 78 0 0 0 0 0 255 255 170 0 255 0 0 255 255 0 255 0 255 31 0 0
    255 0 255 0 255 255 0 255 0 255 0 255 88 255 38 255 255 101 255 255
    193 255 0 0 0 223 255 90 0 153 255 255 0 0 0 255 0 255 255 82 0 255
    0 255 0 0 0 255 0 0 255 255 255 35 66 185 0 255 0 255 255 0 0 255 0
    255 0 255 26 141 255 255 0 124 255 255 0 218 255 0 0 136 204 227 4 0
    255 83 44 0 255 102 255 255 255 0 255 0 201 0 121 255 230 255 0 138
    60 0 255 99 111 255 249 255 34 255 255 196 255 0 255 255 255 255 237
    255 255 221 0 88 255 255 255 255 255 0 238 0 113 226 44 0 255 0 255
    255 0 255 0 255 213 80 255 255 224 221 0 248 0 0 255 0 255 255 255
    255 255 0 255 0 143 255 0 255 0 255 255 0 255 0 0 255 160 0 255 0
    255 90 255 255 83 0 255 0 255 131 255 34 0 0 0 0 0 255 255 0 15 0
    255 87 0 255 67 127 255 0 225 0 255 0 0 255 78 0 104 255 213 0 255 0
    0 255 0 255 255 0 0 255 255 0 255 178 255 0 0 255 255 0 18 255 0 0
    255 0 255 255 0 255 0 73 0 245 255 255 150 255 0 255 49 214 255 0
    255 0 255 127 0 255 51 255 255 255 0 255 0 111 0 0 255 255 157 255
    54 232 0 0 255 241 0 0 255 255 255 29 255 255 0 255 0 255 255 0 255
    0 255 0 255 255 64 0 255 0 255 0 255 0 255 121 102 0 0 255 255 255 0
    255 148 249 0 255 0 255 0 255 186 255 0 255 0 99 221 0 0 163 255 255
    255 255 255 0 0 255 255 0 202 255 255 0 97 0 255 0 0 255 0 255 0 255
    244 0 255 0 0 73 255 0 0 255 0 0 255 30 77 255 0 255 25 0 255 230
    255 255 8 255 0 0 255 0 255 0 0 177 255 0 255 44 0 161 0 255 0 0 255
    255 212 255 0 255 0 255 0 255 255 116 247 0 255 0 255 0 0 255 141
    255 0 255 123 0 0 255 65 0 0 255 102 50 255 0 0 111 0 217 255 0 194
    255 255 94 0 255 0 0 255 255 0 0 255 0 0 255 0 255 0 255 6 0 96 255
    255 255 0 10 255 0 114 255 132 0 0 134 255 0 0 255 255 0 255 255 0
    255 0 255 255 0 255 0 255 151 0 117 0 0 255 0 0 0 0 180 0 255 0 255
    0 134 50 0 0 0 127 190 255 0 21 255 0 255 255 0 0 255 117 255 0 0
    255 0 255 0 0 195 14 0 223 255 214 0 0 255 0 255 90 255 0 255 0 201
    0 255 0 255 244 255 225 0 0 255 255 0 255 255 69 255 0 0 255 0 255 0
    0 0 69 19 93 255 45 0 8 255 91 0 0 255 0 11 0 255 255 255 0 255 24 0
    0 103 0 246 0 255 251 255 0 0 255 0 255 255 0 255 0 41 255 255 255 0
    0 0 255 247 0 255 0 214 0 84 103 0 26 255 0 255 255 255 203 0 0 255
    255 0 255 206 0 0 255 0 255 255 0 255 0 255 255 0 255 255 0 255 255
    255 224 0 255 112 255 169 255 255 0 0 255 11 255 255 0 255 255 255
    238 0 255 255 255 0 255 0 0 255 255 0 0 167 0 255 0 52 255 255 158 0
    0 0 0 255 0 0 255 255 0 255 203 255 255 108 69 255 0 255 255 0 255
    255 0 255 139 0 0 255 0 2 255 255 0 255 0 255 0 0 255 0 0 255 145
    193 0 255 179 0 0 255 0 255 255 255 45 0 255 0 255 0 255 0 255 255 0
    255 0 255 0 255 0 0 0 0 0 39 230 255 255 230 0 255 0 255 255 0 255 0
    255 255 223 0 255 47 0 0 0 255 104 255 0 255 89 255 149 0 29 239 0 0
    0 255 0 255 234 144 255 52 255 255 0 50 247 197 0 255 0 186 0 211
    255 255 0 0 255 0 29 255 255 0 118 255 255 0 0 255 255 0 255 0 255
    255 255 255 255 255 0 188 0 255 0 0 255 255 255 0 255 255 0 6 255
    255 255 0 0 255 0 8 255 255 0 227 173 74 82 215 255 0 183 0 0 255 0
    0 255 95 0 255 0 0 0 0 0 255 255 0 255 0 50 255 20 255 0 255 255 255
    0 255 129 255 0 0 152 0 23 0 253 0 255 0 255 0 255 0 255 166 0 0 0
    255 0 255 39 255 0 0 2 255 255 91 255 255 0 255 255 58 255 255 146
    255 255 0 255 0 129 0 0 0 0 255 0 0 255 0 255 255 0 0 8 0 86 0 255 0
    0 248 102 0 255 125 0 0 255 0 0 0 255 0 253 255 0 255 0 255 255 0 0
    0 0 255 0 255 0 255 255 0 255 0 5 255 255 0 255 0 255 0 255 83 255
    255 255 255 0 255 0 0 203 0 47 117 0 0 0 65 36 255 0 255 0 255 0 34
    255 255 0 0 8 255 116 0 255 0 255 0 255 0 0 255 0 144 44 0 0 0 105
    255 0 255 1 0 115 255 0 0 255 189 0 34 0 255 164 255 255 0 255 0 255
    255 0 72 80 233 0 255 0 203 0 69 0 255 0 153 0 0 0 136 80 255 255 29
    35 255 0 255 255 0 0 0 159 198 0 255 0 223 0 0 0 0 120 0 255 255 0
    255 0 0 255 0 255 255 0 255 0 0 255 255 255 0 0 0 11 0 255 0 255 255
    0 255 0 255 0 0 47 255 255 255 0 255 255 255 0 255 176 255 255 255 0
    255 235 255 0 255 24 255 0 0 255 0 0 131 0 0 255 0 0 255 0 255 82
    255 0 255 0 0 255 0 0 0 255 255 183 255 255 0 255 0 255 255 201 86
    255 255 151 212 255 0 0 255 0 255 255 0 255 0 255 0 195 0 0 90 255 0
    255 255 0 69 255 255 255 0 0 255 255 81 255 0 0 161 190 196 0 255
    255 255 76 0 22 255 0 255 255 255 81 0 0 0 0 118 255 0 0 255 72 255
    224 255 169 255 255 0 255 0 71 0 154 255 0 255 0 255 107 0 255 131 0
    255 87 255 255 0 255 0 255 0 255 6 0 126 255 0 255 0 255 0 255 0 255
    0 255 0 255 0 79 208 1 35 0 255 0 0 0 0 0 255 168 255 0 255 0 76 0
    255 0 255 0 0 1 255 33 235 255 0 46 255 0 255 255 255 0 0 208 255
    255 0 77 255 0 0 255 0 255 41 0 255 93 240 255 106 66 0 0 255 0 255
    255 10 0 145 255 0 255 0 0 255 0 255 0 77 0 255 0 0 255 0 255 19 197
    255 69 0 0 255 255 255 0 0 255 183 139 0 255 255 0 180 255 0 0 0 0
    255 255 243 228 92 255 0 0 0 255 141 255 0 181 0 255 0 255 0 255 255
    0 255 255 0 0 255 57 255 45 255 255 0 251 255 255 0 255 0 255 255 0
    255 5 255 0 0 0 255 255 0 0 0 255 255 24 255 255 0 0 0 255 0 255 0
    207 185 0 0 255 255 0 255 0 255 255 255 0 255 255 0 0 168 0 76 0 0 0
    241 0 255 255 0 0 0 194 255 255 0 255 255 0 255 96 207 255 0 0 208
    174 0 255 0 255 255 0 0 0 255 0 255 255 0 255 0 12 0 210 253 255 166
    255 174 255 255 255 255 187 167 0 255 0 255 0 0 0 255 255 255 173 0
    232 241 0 255 0 255 0 255 0 0 255 0 255 0 255 73 255 0 255 191 0 255
    255 0 0 255 139 255 255 0 255 0 102 0 255 246 0 0 2 255 106 255 255
    255 255 61 255 255 255 0 255 0 255 0 255 0 255 255 0 255 0 64 246 17
    0 0 255 255 178 0 66 0 255 0 255 255 221 255 93 255 191 0 0 247 0
    255 255 0 234 0 255 0 255 209 0 255 0 255 255 255 0 255 255 0 255 0
    0 255 165 0 98 210 0 247 0 255 255 0 255 53 255 255 0 255 255 0 0
    255 0 255 0 255 0 0 255 255 255 0 255 0 255 243 255 194 0 173 255 0
    255 255 0 0 255 255 0 255 62 249 255 0 0 255 215 26 255 0 255 0 255
    134 0 255 255 255 241 255 255 255 218 255 0 255 255 255 0 195 0 255
    255 0 90 255 0 201 0 255 0 0 255 255 206 0 0 244 255 0 0 83 0 0 0
    255 178 255 0 255 255 0 255 255 45 38 255 0 255 255 0 0 255 255 255
    255 0 69 0 0 132 0 0 255 0 255 209 0 255 0 0 255 255 255 0 0 14 255
    0 255 0 203 255 0 255 255 248 255 255 255 0 82 255 255 144 0 255 69
    255 0 255 0 0 255 0 201 0 0 255 255 0 255 0 0 255 64 73 162 0 69 255
    0 165 0 0 0 255 0 83 255 255 0 255 255 0 255 0 255 0 255 188 0 255 0
    255 0 0 255 0 255 168 0 255 0 255 255 46 0 0 202 41 255 255 0 63 0
    255 255 0 255 0 255 147 48 255 7 255 116 255 0 255 255 0 108 237 35
    255 0 0 255 255 99 87 255 0 255 0 255 0 255 0 0 0 117 0 0 255 255
    255 0 215 255 255 0 41 0 201 0 255 75 216 0 0 0 255 0 0 255 0 255 0
    255 0 255 87 0 255 255 0 255 255 0 0 0 0 187 255 0 0 141 0 255 0 147
    255 0 0 255 0 84 255 70 255 255 0 0 102 166 0 0 255 19 0 255 0 255 8
    255 255 0 0 255 255 255 0 255 177 0 255 255 0 255 255 0 255 0 0 255
    0 255 137 0 13 208 255 255 255 0 255 0 0 149 44 104 0 0 0 5 255 255
    24 255 255 0 255 255 0 255 0 255 255 0 255 255 0 0 255 71 73 0 255
    255 255 0 0 0 255 232 0 255 152 188 0 255 255 0 71 255 0 0 255 0 0
    255 55 0 255 255 255 0 0 0 0 255 255 172 0 68 36 123 0 255 0 255 255
    0 0 0 255 255 255 0 255 53 0 255 0 0 0 0 188 255 255 255 0 0 134 0</data></my_img>
<your_img type_id="opencv-matrix">
  <rows>128</rows>
  <cols>256</cols>
  <dt>u</dt>
  <data>
    0 255 0 255 0 0 255 0 255 0 255 0 255 60 255 0 11 0 255 255 0 0 255
    145 0 255 0 255 0 100 255 255 255 0 87 0 255 255 0 255 103 255 255
    232 255 197 0 0 255 0 255 0 0 1 0 0 255 217 152 0 255 255 0 255 0
    255 16 0 85 243 255 0 255 0 255 0 0 255 0 255 255 204 255 255 114
    255 0 255 255 255 255 255 253 0 255 255 255 0 255 255 112 0 153 84 0
    0 80 0 0 255 252 0 201 0 0 0 255 255 255 255 198 0 255 255 0 37 212
    0 255 145 193 0 255 0 148 0 0 0 0 0 0 0 136 0 0 75 0 255 0 255 0 249
    52 0 255 0 255 0 255 0 255 199 255 255 169 0 255 0 255 0 255 0 0 0 0
    255 0 189 0 0 64 0 255 0 255 118 0 0 255 158 0 0 170 0 118 0 177 255
    0 255 0 18 255 0 255 227 0 255 36 255 255 0 0 255 0 0 255 0 0 175 48
    0 255 0 255 0 255 0 45 255 0 66 117 251 255 255 0 0 255 255 89 0 0
    255 0 255 115 0 0 255 255 0 255 255 255 0 0 255 0 0 255 255 0 142
    255 0 0 255 179 0 73 255 48 255 0 83 255 44 0 255 255 227 255 89 103
    255 0 0 0 255 255 0 0 0 0 0 0 0 255 0 255 0 0 255 0 255 255 0 255
    255 255 169 0 0 255 255 0 138 246 31 0 255 0 255 125 255 161 0 255 0
    177 48 255 0 255 97 255 255 0 255 0 255 255 255 0 0 255 255 0 41 248
    0 0 16 163 0 255 233 255 0 86 255 74 0 255 0 255 255 120 255 0 255 0
    0 0 255 227 0 0 60 255 234 0 255 0 0 255 255 0 236 249 143 105 255
    255 111 255 48 255 255 117 0 255 0 255 255 0 255 0 0 0 255 0 255 255
    255 151 239 255 0 255 45 255 208 86 0 0 0 0 255 255 47 202 119 0 255
    255 172 255 0 196 0 0 255 168 182 255 0 255 255 0 255 0 88 255 0 255
    104 0 196 0 0 255 0 83 0 0 255 0 255 130 255 0 255 255 132 255 255
    127 0 255 0 0 0 0 0 0 255 255 222 0 255 0 235 255 0 183 255 255 0
    255 0 0 255 255 140 224 0 0 0 255 64 255 0 255 132 0 159 255 0 255
    255 255 0 0 255 0 255 21 255 245 24 0 255 255 0 255 255 255 255 6 0
    0 255 255 0 51 255 255 255 255 54 0 255 0 255 0 0 255 0 255 0 212 0
    134 0 0 87 0 194 0 0 0 0 51 0 255 0 255 255 255 91 0 255 0 0 255 0
    130 255 0 255 0 193 255 172 0 255 80 0 0 255 0 0 0 255 0 0 255 0 255
    0 255 0 0 255 255 0 255 255 0 255 151 0 0 255 0 255 32 255 0 0 0 0
    255 255 57 0 255 255 0 255 255 0 255 0 0 255 34 0 255 255 0 75 0 65
    242 0 255 0 0 255 0 0 0 255 0 23 255 0 255 0 255 255 255 0 109 176
    255 0 255 0 255 11 255 0 0 0 32 0 159 0 0 0 51 0 255 255 255 0 20
    255 0 255 0 0 23 255 0 255 100 0 255 0 255 255 83 0 0 0 255 0 255
    255 255 51 0 255 0 255 0 0 255 0 0 92 0 17 255 243 216 255 0 0 0 255
    255 0 142 255 0 253 255 0 0 255 8 31 0 0 0 204 255 0 255 136 255 0
    255 255 0 122 204 0 0 255 255 0 0 255 127 32 255 0 0 255 114 255 0
    255 0 255 0 0 0 255 255 255 92 255 0 255 255 255 0 0 0 0 255 0 255 0
    255 255 0 255 0 255 255 255 255 0 255 11 0 68 221 255 0 255 235 130
    0 255 255 0 255 255 0 0 172 163 255 255 0 255 64 255 255 0 0 255 255
    0 0 255 255 0 0 255 255 177 255 0 62 255 0 255 255 54 255 68 0 255 0
    255 0 255 0 255 0 255 0 0 255 0 255 255 0 255 0 255 0 255 0 222 0
    255 0 255 9 255 67 255 198 255 0 0 255 255 255 35 0 227 0 255 0 255
    0 255 255 0 255 255 0 255 27 255 255 255 0 255 255 255 0 255 223 244
    0 3 80 255 255 0 255 255 255 0 255 255 255 0 0 0 110 184 0 14 255 0
    255 0 0 237 0 255 0 255 131 255 0 28 0 255 0 255 0 255 60 0 255 0
    202 255 0 0 255 38 255 255 255 112 255 173 0 76 255 255 0 255 0 95
    255 0 255 255 0 55 255 255 117 255 255 0 255 255 255 148 0 0 0 217 0
    255 0 255 0 0 85 255 255 0 0 255 0 0 255 0 255 0 213 255 0 27 0 255
    255 0 255 201 255 46 0 0 0 255 0 255 0 255 0 117 0 0 0 255 0 255 255
    0 0 0 0 161 0 0 255 37 0 255 111 255 0 0 255 0 0 255 0 0 0 255 255 0
    255 39 0 255 0 0 255 0 21 0 0 123 255 255 0 255 144 255 0 255 2 104
    0 0 93 255 0 0 213 255 0 255 0 255 0 0 255 0 255 0 137 0 0 0 0 255 0
    255 0 0 255 0 255 255 0 0 255 255 0 0 255 210 0 0 0 255 0 0 255 255
    0 66 80 0 224 255 0 255 187 0 255 0 241 0 0 255 255 0 0 255 0 71 0 0
    0 255 0 255 101 255 69 0 255 0 0 255 0 0 255 0 255 0 255 255 255 0 0
    0 27 97 219 255 0 71 255 0 255 255 0 138 0 0 0 45 255 30 0 218 255 0
    72 255 0 255 0 255 255 0 255 0 221 0 5 255 255 0 255 0 151 0 255 0
    255 0 255 255 255 0 0 4 0 0 255 255 50 255 158 255 0 0 0 255 0 255
    255 0 82 255 0 255 0 255 255 0 0 255 0 255 0 255 0 157 199 0 0 32 0
    0 255 255 0 255 0 255 253 255 201 0 255 0 255 0 255 0 255 0 255 0
    255 255 0 255 0 255 255 0 0 255 32 86 255 255 0 255 255 255 0 255 0
    255 255 255 0 137 255 255 255 255 255 0 255 36 122 255 0 255 0 255
    77 234 0 0 40 255 0 67 16 194 0 179 107 0 255 154 255 0 255 0 255 0
    255 255 0 255 0 255 81 255 0 255 0 0 255 0 200 255 255 0 0 255 11
    255 0 255 181 0 5 0 255 0 255 255 164 127 132 0 0 52 255 165 0 255 0
    255 0 255 255 0 255 8 0 192 255 0 255 255 216 90 0 255 123 255 0 0 0
    255 0 255 188 255 0 156 0 0 255 255 0 0 255 0 210 255 255 0 255 0
    255 74 0 176 255 255 0 255 0 255 255 0 211 92 255 0 255 190 38 255
    255 0 255 52 255 0 255 0 255 0 109 255 255 230 0 255 255 255 0 255
    122 255 0 255 0 144 255 0 255 255 255 0 0 255 0 157 32 255 0 255 0
    255 255 0 21 0 255 0 255 188 0 255 255 0 255 0 245 255 0 255 255 37
    0 255 0 3 0 255 0 0 255 255 0 255 255 0 255 0 255 187 0 255 0 255
    255 215 255 71 0 0 255 114 0 253 240 0 255 0 255 0 0 4 0 255 0 0 56
    0 255 219 128 0 255 0 255 0 255 0 130 255 100 255 0 255 255 0 0 183
    255 255 0 0 255 0 255 255 33 255 237 0 0 0 255 0 163 11 255 166 0
    255 0 0 255 0 255 135 255 178 255 255 66 255 249 255 255 41 0 113
    255 0 222 0 255 0 14 255 255 255 0 255 225 226 255 0 255 0 142 219
    255 0 255 0 0 222 255 255 0 255 0 255 255 25 0 0 255 0 255 0 0 243
    255 255 0 255 0 0 81 92 0 255 255 0 255 255 0 169 255 255 255 255 0
    0 0 255 255 212 0 0 255 108 255 245 255 0 255 39 0 255 0 255 121 255
    0 0 0 0 255 0 138 0 255 0 148 255 242 255 0 0 98 255 255 255 0 171
    255 0 0 0 255 0 255 0 0 255 205 0 255 255 237 0 255 255 0 255 0 255
    15 0 42 255 0 255 0 255 255 0 255 202 0 255 66 0 255 26 0 173 0 255
    209 0 255 255 255 171 247 255 206 18 255 255 0 112 255 255 255 0 0
    255 213 0 0 0 163 0 255 255 0 0 97 46 255 255 0 127 0 255 0 0 255 0
    0 255 255 0 0 0 255 255 0 255 255 91 176 255 255 255 53 0 255 117
    255 255 0 255 0 0 255 255 0 255 255 255 255 29 178 98 255 255 0 0
    255 0 0 0 255 0 255 255 0 197 255 0 0 0 0 121 0 255 203 0 255 255
    255 0 255 255 0 255 0 255 0 168 255 0 0 255 255 0 0 255 182 0 255 0
    0 211 0 255 0 255 177 255 0 255 0 255 255 0 132 255 0 255 255 255 0
    0 255 0 36 0 255 0 109 255 55 0 255 106 168 255 0 255 0 108 0 255 80
    0 255 255 0 168 94 255 0 255 46 0 80 255 0 255 0 255 0 0 12 0 255
    255 0 255 0 255 0 255 255 0 0 255 0 0 0 109 0 255 0 0 33 255 0 0 255
    0 0 255 255 0 255 241 255 0 137 0 255 255 255 0 0 0 255 0 229 255 0
    255 255 0 0 70 0 255 255 4 109 226 0 0 255 51 255 87 0 0 0 255 0 255
    0 255 165 255 0 137 122 255 255 255 0 37 255 0 0 0 0 248 0 3 221 255
    0 0 0 255 0 255 0 0 255 129 0 0 255 0 0 0 255 0 255 0 255 12 0 0 255
    255 116 255 13 0 255 0 255 0 255 0 207 11 0 0 255 255 45 255 0 255 0
    0 47 0 255 255 0 255 11 0 145 255 181 255 0 201 119 0 255 0 0 255 66
    255 0 0 123 0 100 255 0 216 0 255 0 0 51 39 0 255 255 0 0 84 0 0 255
    0 255 255 0 255 0 0 255 255 5 255 229 0 0 0 115 255 0 57 255 132 0 0
    0 0 0 0 255 0 87 255 255 0 255 0 103 78 0 255 0 47 0 0 255 255 218 0
    0 0 17 135 67 0 255 232 0 0 0 0 255 255 0 255 0 0 255 65 0 255 33
    255 255 0 255 0 255 0 255 0 255 147 255 0 255 255 255 172 0 255 255
    0 255 243 0 180 0 255 255 46 0 255 0 36 255 224 255 255 0 255 0 255
    0 67 0 184 0 0 0 255 0 255 255 255 76 218 213 255 0 48 255 0 0 86 0
    255 255 209 255 15 160 0 251 0 255 172 255 255 255 0 0 0 0 255 0 255
    255 0 255 255 255 148 0 255 0 93 255 255 167 255 0 17 0 255 0 255
    189 255 0 0 255 0 255 255 0 255 255 255 0 0 0 89 255 255 0 255 0 255
    0 255 0 0 255 0 0 255 0 255 0 0 255 255 255 255 0 0 0 0 255 255 0
    255 255 219 255 255 0 255 255 255 25 0 207 91 255 255 255 255 0 0
    255 255 0 63 255 255 139 128 255 0 112 255 0 255 255 0 0 255 0 0 255
    0 0 255 0 255 3 176 255 255 255 255 255 225 255 0 0 0 255 255 0 255
    0 255 56 0 255 255 0 255 0 255 0 255 255 255 255 255 0 255 255 0 255
    255 255 255 255 0 255 0 177 0 255 0 0 255 0 0 255 255 0 0 92 157 255
    193 0 0 0 255 0 255 0 35 255 255 255 255 0 0 0 0 255 243 255 0 255
    255 6 0 255 255 100 24 0 255 11 0 255 255 255 0 255 0 0 255 255 82
    255 0 255 233 189 231 0 255 0 255 255 0 255 0 0 255 255 255 0 255
    211 0 135 176 255 255 0 0 255 0 255 255 0 0 0 0 0 255 255 0 255 0
    255 0 0 0 0 0 242 255 138 0 255 0 0 255 110 255 255 255 0 0 255 174
    255 0 0 255 224 255 0 0 125 0 255 7 255 222 255 0 248 0 255 0 0 0 0
    0 255 255 0 0 255 136 0 255 255 255 255 0 56 0 209 255 0 78 204 0 17
    0 71 255 0 255 62 0 47 54 255 0 0 0 255 104 167 255 255 0 25 8 255
    255 255 0 0 100 0 255 0 255 0 0 0 255 255 0 255 0 255 255 0 60 255
    255 0 255 0 255 255 0 0 0 255 255 0 75 255 0 255 57 255 182 0 255 0
    35 255 161 255 29 0 137 0 102 0 120 179 255 0 255 20 255 0 0 0 255 0
    255 57 0 0 0 255 255 39 255 0 132 0 0 255 255 88 0 0 255 92 255 101
    255 255 0 0 255 0 86 17 255 255 255 0 255 149 255 0 255 255 0 0 255
    188 255 0 255 221 255 0 255 0 255 255 0 255 0 0 255 0 255 255 0 255
    0 255 0 0 255 255 0 255 255 255 255 0 0 255 255 0 255 255 0 255 0
    255 255 0 255 35 251 255 255 180 255 0 255 0 255 0 0 0 0 0 255 255 0
    229 211 50 255 0 255 0 0 62 0 52 253 255 0 255 0 255 0 255 63 0 255
    0 255 255 0 255 0 129 255 2 0 255 0 0 255 0 255 255 201 0 0 255 0
    166 0 0 0 0 255 0 33 0 255 0 3 255 30 0 75 255 255 0 0 255 255 255 0
    143 0 255 255 219 255 255 0 255 0 255 0 30 255 255 0 255 0 0 255 255
    0 255 0 255 189 255 0 0 20 255 255 0 0 255 0 255 0 255 0 255 0 21
    220 0 47 0 255 255 255 255 139 0 0 255 0 65 235 0 255 255 255 0 255
    0 218 255 147 255 0 255 0 0 0 255 153 255 0 255 0 255 255 255 255
    166 255 255 0 0 138 0 255 49 0 0 143 255 175 0 255 234 0 0 0 0 255
    255 255 255 255 255 0 255 0 255 0 255 223 255 255 0 0 255 208 0 255
    0 69 255 0 0 255 0 0 255 0 0 255 0 47 255 0 197 0 8 255 128 0 255 14
    0 0 36 0 0 255 0 255 0 0 0 255 255 255 0 255 229 0 255 255 255 0 103
    0 0 255 229 146 0 255 255 255 255 255 255 56 0 255 255 0 146 64 255
    90 255 0 255 171 255 96 0 255 255 255 36 236 0 16 255 21 255 255 0 0
    0 255 255 255 0 255 255 255 0 0 255 255 66 255 255 151 0 255 204 255
    74 255 210 0 255 216 63 0 255 255 255 255 52 0 255 0 255 255 0 86
    255 255 0 255 121 0 255 0 0 143 255 0 255 255 255 0 255 251 0 255
    255 0 0 46 0 255 202 0 255 0 113 95 0 122 255 0 255 255 46 255 255 0
    255 0 255 0 0 255 255 0 255 0 0 0 255 159 255 108 0 255 159 0 0 28
    255 0 255 123 0 255 0 255 0 255 255 206 0 255 255 0 0 255 0 0 0 255
    179 255 0 255 255 255 0 255 0 166 255 0 255 204 255 0 0 255 0 230 0
    224 0 0 0 255 0 255 0 0 255 0 255 171 0 31 255 66 255 32 255 16 255
    255 0 255 255 22 0 0 0 255 21 51 0 111 166 255 0 255 0 255 0 255 1
    255 255 0 0 255 255 0 255 0 255 255 255 0 0 186 255 201 0 255 0 0 0
    255 255 255 0 0 255 0 255 94 0 255 0 0 107 255 0 175 92 0 0 15 0 51
    0 255 0 139 255 0 255 0 0 255 85 0 255 52 255 69 0 0 255 0 255 0 0 0
    54 255 0 255 255 255 0 0 255 0 0 11 255 0 0 0 0 0 255 255 255 255 0
    255 0 34 0 0 255 155 0 0 255 0 255 255 0 136 255 0 0 255 138 0 0 255
    255 0 255 0 150 255 0 100 255 0 255 139 0 255 255 0 5 255 0 255 0
    255 0 0 143 0 232 0 124 98 0 0 0 146 0 0 229 255 0 255 0 0 255 255 0
    228 255 0 125 0 0 255 0 255 123 0 255 0 255 0 255 0 0 255 211 0 154
    255 0 255 255 0 56 0 255 0 0 17 255 255 255 0 22 180 0 255 255 0 0 0
    0 255 255 101 0 78 0 255 0 0 255 255 0 255 255 0 255 0 111 166 157
    255 0 16 13 189 0 255 255 255 0 255 0 0 164 255 0 47 0 255 0 255 255
    0 191 212 0 0 255 0 255 255 255 255 255 0 117 255 0 255 114 0 0 255
    255 255 0 0 255 0 255 0 255 34 0 255 255 0 255 255 0 255 0 200 255 0
    0 255 255 0 0 0 255 255 247 255 255 0 255 0 0 255 255 46 0 255 0 255
    255 221 28 255 255 0 255 255 0 46 0 103 255 8 255 217 0 255 255 57 0
    202 0 255 0 255 255 255 255 255 0 62 255 255 255 104 188 255 255 0
    255 255 245 0 255 182 189 0 255 0 0 255 0 188 255 173 0 0 2 0 245
    108 84 255 188 255 22 0 0 0 207 47 0 255 255 0 255 0 255 0 255 0 255
    0 0 0 255 0 0 243 255 0 255 255 255 0 255 102 0 255 73 0 255 0 11
    255 120 255 255 252 255 30 0 0 0 0 255 75 255 0 255 15 0 0 255 0 0
    255 255 0 208 255 255 135 255 0 63 36 0 255 87 0 255 245 0 255 141
    112 255 128 0 0 255 255 0 236 39 255 192 0 255 0 255 0 70 255 0 255
    0 255 255 0 165 0 255 59 0 0 5 0 255 0 255 255 255 0 255 113 0 255 0
    255 0 255 0 184 0 0 40 0 255 0 0 255 224 0 249 0 0 37 255 73 0 0 255
    227 255 57 247 0 255 0 255 0 255 255 166 0 255 0 255 0 255 255 144 0
    110 169 255 209 0 0 255 230 23 0 0 255 255 0 74 255 0 75 0 255 4 43
    255 31 255 232 255 0 255 255 0 255 36 0 0 255 0 255 0 0 255 255 255
    0 255 214 0 255 199 119 0 255 83 0 0 0 0 255 255 255 0 0 235 255 0
    255 0 255 63 255 255 148 255 255 0 255 143 255 255 255 0 255 0 0 255
    255 0 255 255 255 0 255 255 0 45 255 0 0 255 0 255 255 0 255 255 0 0
    255 255 0 110 255 0 0 0 255 239 219 0 134 0 255 226 255 28 0 243 255
    0 255 0 255 207 255 0 255 0 255 0 248 0 0 190 255 136 255 0 0 0 255
    0 0 0 255 255 0 255 255 255 255 0 255 255 0 255 0 255 253 0 255 255
    53 255 0 255 0 223 0 75 255 0 255 0 255 255 130 255 0 248 0 0 255
    255 57 0 0 255 232 0 255 255 0 0 8 255 0 255 0 153 0 255 255 0 0 255
    0 255 146 0 255 255 0 255 0 0 167 255 0 255 0 0 255 255 0 255 0 255
    0 255 0 0 0 255 0 0 255 0 255 0 129 17 186 7 0 0 255 0 255 255 72
    255 255 0 255 0 255 0 255 0 255 255 0 255 255 0 0 255 0 21 255 0 0 0
    255 0 255 255 0 0 51 255 0 255 255 32 0 105 0 111 0 255 234 255 0 0
    255 0 0 0 255 255 255 255 216 0 255 255 0 0 255 255 0 255 255 0 255
    0 255 0 0 0 0 0 211 129 255 0 255 0 255 109 134 255 0 0 0 255 205 0
    255 255 0 255 64 255 0 255 0 255 0 0 0 175 0 157 211 255 0 255 161
    67 0 17 156 208 0 0 255 199 255 255 255 255 0 255 0 255 255 255 255
    122 0 0 0 255 0 255 255 14 90 0 239 164 255 0 0 0 67 169 0 255 106 0
    0 255 0 0 255 0 0 0 255 255 0 255 0 255 255 255 0 0 255 154 0 219 0
    0 59 0 246 0 201 0 255 82 255 255 13 0 0 255 214 0 219 12 0 0 2 0
    255 171 0 0 255 0 255 255 0 0 0 255 0 64 255 0 0 0 255 0 227 255 255
    0 0 255 0 255 0 112 255 255 255 128 255 0 255 255 0 0 255 154 255
    109 231 175 193 255 255 0 255 80 255 26 27 0 255 255 0 255 255 255
    156 0 224 0 255 255 0 255 171 255 0 0 255 255 0 0 255 0 64 255 247 0
    255 0 255 249 255 86 172 255 255 255 249 0 0 0 0 15 0 255 0 255 255
    133 255 220 0 255 0 0 0 219 0 255 0 215 0 0 0 255 153 255 0 255 0
    255 255 0 0 255 255 0 0 255 249 0 0 214 0 255 255 4 0 255 149 0 255
    171 0 222 0 255 7 0 0 255 0 255 0 0 255 133 0 0 0 255 0 255 0 255 0
    255 255 0 255 0 255 0 255 0 255 0 241 0 255 0 255 112 129 133 255 0
    0 0 255 255 255 0 0 255 0 255 251 255 255 191 46 255 0 0 0 255 0 255
    255 0 255 0 0 255 0 255 67 33 255 0 255 255 255 255 235 255 251 255
    0 255 0 255 0 0 255 0 0 255 168 0 243 255 71 255 255 0 255 255 255 0
    0 255 0 255 51 255 255 0 255 46 255 236 255 255 0 0 222 0 255 136
    255 0 0 0 0 255 0 91 121 0 102 0 255 255 42 255 255 0 0 255 255 0
    255 0 255 0 255 0 0 255 0 255 255 10 0 255 0 255 0 0 255 127 198 255
    67 255 0 39 255 0 53 255 255 0 255 0 0 219 0 0 255 0 255 0 0 76 255
    0 0 240 0 255 0 78 0 0 255 255 255 50 216 255 0 72 253 0 255 255 87
    0 255 0 255 0 0 255 255 0 255 255 0 0 198 232 255 233 0 0 255 0 188
    0 255 255 0 0 255 255 0 0 0 176 16 255 0 255 0 0 255 0 255 0 255 0
    123 0 255 0 255 68 0 0 255 255 176 255 0 0 255 0 255 0 0 0 0 255 185
    255 255 0 255 255 0 255 0 0 55 255 0 0 255 255 255 0 255 0 47 255
    122 0 255 255 172 0 0 0 255 0 255 255 151 255 21 113 255 255 255 0 3
    0 255 255 218 142 148 0 255 0 255 179 193 187 0 0 255 255 41 0 255 0
    0 255 0 0 0 0 127 228 0 255 108 146 255 255 0 255 0 255 0 0 0 0 0 0
    0 0 255 187 0 255 255 255 255 214 0 0 255 0 255 0 255 0 255 0 45 255
    0 113 255 102 0 0 255 0 255 0 43 0 255 111 255 207 0 255 0 255 255 0
    0 255 0 193 192 0 255 3 238 0 255 0 255 0 0 255 200 109 255 0 0 0 0
    255 0 255 255 166 0 255 255 144 255 0 0 255 0 255 255 255 255 0 255
    0 255 0 255 0 0 0 255 255 0 212 0 255 0 255 125 0 0 255 0 210 0 255
    255 0 255 18 0 182 255 0 255 255 126 255 211 106 0 0 228 255 0 255
    225 255 0 255 211 207 0 255 23 0 0 90 0 0 207 255 141 87 255 255 0
    150 255 168 140 0 41 0 255 0 255 0 145 255 0 255 0 255 0 52 0 0 0 0
    255 152 107 255 255 0 138 0 0 119 191 255 0 0 66 255 0 148 8 0 0 103
    255 255 0 255 46 191 255 0 255 255 0 127 0 255 255 0 255 134 0 255 0
    255 255 0 0 131 174 82 0 255 134 0 0 0 255 0 255 204 215 255 165 7 0
    179 0 255 0 255 106 193 78 255 0 42 255 0 127 255 0 255 0 255 0 255
    0 0 194 0 255 0 255 255 0 255 0 255 0 255 141 255 255 255 0 255 0
    254 0 255 0 255 0 255 255 0 255 0 255 255 0 0 255 49 0 255 255 0 0 6
    0 255 255 0 255 234 255 255 0 0 255 255 255 0 0 170 255 66 245 0 255
    255 0 255 255 0 255 0 0 255 159 40 0 255 0 255 0 88 255 0 97 255 0
    179 255 0 255 255 255 170 255 255 0 255 255 0 255 0 0 0 255 0 255
    255 0 0 255 0 255 0 255 0 0 0 255 0 255 0 88 0 173 255 255 208 255
    255 168 0 0 199 0 190 255 107 0 255 255 0 0 255 0 255 71 241 0 255
    255 0 0 255 0 120 0 255 86 0 0 0 0 0 176 255 0 255 255 75 178 0 0
    255 0 0 255 0 131 0 255 255 0 255 255 0 255 0 255 0 0 255 255 95 0
    255 0 72 0 0 232 0 255 90 0 0 255 141 203 0 255 0 255 141 255 177 0
    92 0 255 255 0 255 0 0 255 255 0 255 0 0 156 0 255 255 0 255 164 255
    255 0 0 255 0 46 136 0 0 255 0 0 65 124 245 254 0 0 255 0 255 0 255
    0 255 255 255 250 0 223 8 224 0 0 255 255 41 255 0 255 255 0 150 255
    0 0 122 0 255 255 0 123 255 0 255 0 255 255 0 255 0 255 0 0 0 0 0
    255 0 0 255 255 0 0 0 31 188 255 64 255 0 255 0 255 0 0 255 0 24 72
    255 0 255 0 255 120 0 255 0 0 0 255 0 255 198 107 255 0 0 255 255 0
    0 255 255 255 0 31 57 255 228 87 0 127 0 255 255 0 255 0 0 0 0 255 0
    255 0 111 255 0 255 0 0 0 255 0 0 255 0 255 0 255 255 123 255 0 48 0
    0 255 0 255 0 255 248 255 50 255 0 255 0 255 255 107 0 0 255 255 255
    255 0 255 0 255 255 255 255 0 0 169 255 255 0 255 0 255 0 104 0 255
    0 255 8 255 0 0 255 0 255 255 255 0 248 255 255 255 0 255 255 0 255
    229 0 255 0 0 255 0 228 0 241 0 0 255 0 110 0 0 255 255 0 0 255 125
    0 0 229 0 255 0 0 255 255 255 255 0 255 113 53 255 246 255 255 0 0
    255 255 102 255 0 117 255 255 0 0 255 255 0 0 66 255 255 0 255 0 255
    150 255 255 154 0 255 0 255 132 0 255 252 255 0 218 44 255 0 0 255 0
    255 0 255 0 0 126 0 200 255 255 0 14 255 93 255 0 0 255 255 0 255 6
    199 88 0 255 0 255 0 0 255 140 0 255 255 0 165 255 0 228 255 0 255 0
    255 172 14 255 0 255 0 255 255 0 255 166 255 255 255 0 255 224 255 0
    0 255 0 0 0 255 0 255 216 88 255 0 255 0 0 255 61 1 255 151 255 255
    0 255 0 255 255 166 52 25 0 31 255 255 0 255 0 0 13 0 255 255 164
    119 0 0 255 0 135 255 255 0 0 0 255 0 255 0 255 0 255 0 255 0 0 109
    255 255 0 255 0 19 29 255 255 0 55 255 255 255 0 255 0 255 0 29 0
    255 0 255 255 0 38 52 255 0 65 255 0 255 49 255 0 0 47 0 255 73 0
    255 255 0 213 255 0 0 255 0 0 120 0 255 48 0 0 0 68 0 255 0 255 255
    255 0 0 255 0 0 159 0 255 0 255 255 206 255 0 255 235 255 255 0 255
    0 255 255 0 0 255 255 0 0 255 0 255 0 255 255 0 255 255 255 0 0 0
    255 0 0 146 255 0 0 0 255 197 0 0 246 255 255 0 255 0 255 0 115 255
    255 255 255 0 255 49 255 0 255 255 0 0 178 0 255 0 0 255 0 255 255
    255 0 255 0 0 0 0 255 255 106 255 0 255 0 202 0 255 255 41 44 215
    255 0 0 255 255 239 255 0 255 0 0 255 0 0 255 0 255 159 255 0 0 0 83
    0 0 0 255 0 255 0 255 241 255 0 255 0 255 255 0 255 0 255 0 0 0 255
    0 0 255 0 0 255 0 255 255 255 79 255 0 2 255 202 104 0 52 255 0 19
    255 255 216 0 255 0 255 34 255 255 0 0 255 255 255 0 174 255 0 222
    255 177 20 255 255 0 255 0 255 55 0 255 72 255 220 0 255 255 0 255
    122 255 0 255 255 0 255 0 0 0 0 255 255 255 0 255 85 133 255 0 255
    184 255 45 78 255 247 255 108 255 0 255 0 255 255 0 170 255 255 0
    255 49 0 0 255 123 255 255 174 0 0 0 0 74 255 0 0 253 38 255 255 0
    255 0 0 49 181 216 0 255 0 0 255 255 255 255 182 25 0 65 0 255 0 255
    194 255 255 0 0 255 0 255 0 255 255 37 0 255 56 255 169 255 0 255 55
    255 0 255 37 0 255 255 0 255 0 210 255 255 0 255 0 255 255 0 255 0
    39 44 77 0 255 0 255 255 255 255 0 255 255 0 137 0 188 0 255 0 0 0
    193 255 255 0 0 255 0 217 0 0 255 0 255 255 0 255 0 0 255 0 255 0
    255 255 0 0 255 255 0 255 255 218 184 255 255 98 255 0 127 54 19 0
    255 0 255 148 0 255 0 9 255 0 255 0 83 0 114 255 172 0 255 0 255 255
    0 210 255 24 0 0 0 103 255 0 0 0 255 0 255 138 0 0 255 7 255 0 255 0
    0 255 0 252 35 89 255 172 0 255 0 255 214 255 0 133 255 0 255 0 0 0
    255 0 41 0 0 0 255 255 69 0 255 0 107 0 255 0 0 134 255 255 255 0
    255 234 0 0 0 255 255 0 255 0 0 255 226 63 84 255 0 255 255 255 0
    255 255 0 255 255 0 255 0 0 255 0 255 0 0 255 0 255 0 255 255 255 0
    255 89 196 0 255 112 0 0 0 109 255 0 255 0 184 0 0 255 0 0 255 255
    172 255 0 255 0 0 255 0 0 255 0 255 255 0 0 255 255 229 255 0 255 0
    0 255 0 0 0 255 0 75 255 0 0 82 255 255 255 0 0 0 255 255 255 0 0
    255 0 255 250 0 255 0 255 0 0 0 255 0 0 8 240 0 255 0 255 255 0 255
    255 0 255 0 0 255 0 255 127 255 0 255 255 255 0 0 255 178 0 255 255
    0 255 0 213 0 255 0 255 41 0 255 0 255 0 255 0 0 129 255 255 0 255 0
    255 191 40 0 255 0 255 255 0 95 0 255 0 255 0 0 0 255 255 0 255 0
    255 0 255 255 255 0 22 255 255 0 255 0 255 0 255 0 255 134 255 0 0
    255 0 75 0 0 255 0 255 255 0 255 0 58 0 255 255 0 69 244 66 255 255
    0 255 0 255 137 255 0 255 255 255 0 255 0 0 0 255 0 226 255 0 255
    255 0 255 0 255 0 255 255 0 255 0 255 210 0 0 0 255 93 0 195 0 0 255
    255 0 255 45 0 255 0 255 255 0 0 255 0 137 255 179 255 255 255 0 0
    255 255 255 30 158 255 255 0 255 176 0 0 255 0 255 0 0 255 0 0 0 255
    255 0 182 0 147 255 255 0 0 0 255 255 0 255 166 0 255 112 0 255 0
    143 3 0 255 255 148 0 0 255 255 0 255 0 0 255 255 0 114 255 0 255 0
    255 0 255 255 0 17 255 77 255 0 255 0 255 179 61 61 255 0 0 255 255
    255 0 4 255 0 0 87 0 19 152 0 107 255 0 255 225 0 255 0 0 133 152
    255 210 0 255 255 255 0 255 0 255 0 255 232 0 0 255 248 0 0 188 255
    143 0 62 255 0 255 0 255 255 44 212 255 255 255 0 176 255 94 0 255 0
    255 255 0 255 0 0 0 255 157 255 255 255 169 0 255 255 0 255 0 73 0
    255 255 255 0 0 51 0 255 0 175 0 255 0 255 72 92 0 255 252 255 0 182
    230 0 0 0 255 0 0 171 255 0 255 255 0 40 0 255 116 0 113 0 190 255
    149 255 0 47 0 0 255 132 166 254 255 255 0 255 0 255 0 255 0 0 154
    255 0 0 255 254 255 255 0 255 0 255 255 0 255 255 0 255 0 255 50 0 0
    255 0 255 255 0 255 255 0 255 255 0 0 173 255 255 0 135 255 129 255
    0 255 0 77 255 0 255 255 255 255 0 0 255 11 0 255 255 0 255 255 192
    0 255 255 0 0 0 255 0 0 0 255 0 40 8 0 181 0 194 0 255 0 255 219 255
    0 255 255 9 255 255 0 255 0 205 0 255 0 165 255 255 0 255 0 255 0 18
    0 255 255 0 255 0 0 59 0 0 255 0 0 255 0 255 0 255 255 0 255 0 255 0
    255 0 255 255 0 232 137 0 255 0 201 0 0 255 255 255 255 255 105 88 0
    63 0 255 255 0 255 157 0 255 255 248 12 255 84 0 0 0 130 0 54 34 255
    0 0 255 0 0 253 199 255 0 15 0 136 255 0 255 0 255 0 255 152 255 0 0
    0 255 151 0 255 255 0 120 255 255 0 0 255 203 0 219 0 14 0 255 0 255
    223 255 0 64 0 255 255 0 255 143 255 0 255 0 255 255 0 0 255 43 255
    255 255 0 255 224 255 0 0 188 0 0 255 166 255 96 255 0 0 255 0 198
    210 0 255 0 255 0 0 255 0 0 0 68 0 0 0 0 0 0 152 255 0 255 0 90 0 0
    17 255 0 255 255 0 39 0 206 0 255 93 0 0 255 15 167 255 0 255 255
    122 0 27 189 0 255 0 255 0 255 0 0 255 63 247 0 16 205 0 152 255 0
    255 255 0 0 255 255 0 159 255 0 0 255 255 0 72 0 255 0 0 255 255 255
    0 255 255 0 255 255 0 255 0 0 0 255 255 0 255 255 80 0 0 187 255 0
    255 0 0 255 255 0 0 0 255 26 112 0 53 0 255 0 0 0 0 255 255 0 129
    246 255 255 0 0 0 255 255 255 255 255 5 209 0 0 255 93 255 56 0 0
    255 0 0 93 255 255 255 255 65 0 0 191 0 255 0 255 0 0 35 0 0 0 0 14
    255 0 56 0 255 0 226 0 255 0 255 0 114 0 255 255 0 0 255 0 0 255 255
    246 0 239 255 253 183 255 0 87 0 0 255 0 19 255 255 0 151 0 119 0
    255 0 83 11 0 0 153 0 255 156 0 0 234 255 0 255 255 0 255 0 190 0
    255 0 0 255 186 0 245 255 255 0 151 255 255 0 0 255 0 255 255 255
    255 255 121 255 0 0 255 115 114 170 98 0 113 187 255 168 128 133 0 0
    255 231 255 255 56 220 0 255 255 255 0 255 0 0 255 255 194 255 0 210
    9 0 255 0 255 255 0 0 0 255 219 255 0 255 228 0 255 255 255 0 255 0
    0 255 0 255 0 255 255 0 0 0 255 154 0 255 170 0 0 0 255 0 155 255 0
    92 0 255 255 255 255 64 175 255 255 0 255 190 0 0 37 255 37 184 244
    255 0 255 0 255 0 255 255 51 83 255 0 255 255 0 255 0 194 255 0 128
    255 0 255 0 0 255 251 213 0 0 255 111 154 255 0 0 0 255 255 252 0
    255 126 255 0 45 0 94 255 148 171 144 0 181 255 0 190 0 255 255 255
    187 255 0 255 255 250 20 255 255 0 255 0 255 0 255 255 1 0 255 0 255
    137 255 255 255 0 255 255 0 255 0 255 0 0 255 255 0 255 0 40 0 218
    236 255 255 255 45 255 255 0 118 255 0 160 9 255 255 0 255 0 255 255
    0 0 2 255 92 255 0 255 69 255 255 189 0 255 0 117 0 255 0 0 0 255 0
    0 255 161 0 0 255 255 0 255 217 0 59 255 52 255 255 0 19 255 0 2 255
    0 255 255 255 255 0 0 255 123 255 90 0 255 255 255 255 0 210 255 255
    255 255 255 198 197 0 66 0 0 255 255 192 255 255 255 255 255 255 0
    255 101 255 107 46 0 0 255 0 255 241 182 117 180 203 0 114 0 244 255
    255 0 0 0 0 255 255 255 0 0 245 255 0 17 0 0 0 0 0 255 0 255 255 0 0
    255 0 185 255 255 0 255 255 169 130 255 0 255 0 255 89 0 174 255 255
    0 255 0 255 0 255 255 0 255 0 255 255 58 0 255 195 0 0 0 255 52 0 0
    0 255 0 0 255 0 110 0 255 122 65 0 0 255 0 214 255 0 106 255 0 174 0
    255 112 255 0 0 255 140 0 255 0 255 255 255 0 125 255 255 0 255 1
    255 0 0 57 0 255 0 255 0 243 0 255 0 255 255 0 255 255 0 181 0 0 0
    255 0 0 0 255 129 255 0 0 255 0 246 0 0 0 255 0 0 0 255 255 0 0 217
    255 255 255 0 0 255 255 0 255 0 255 255 246 255 0 0 255 0 0 137 150
    0 85 0 255 0 255 255 0 84 91 0 64 155 0 255 255 71 0 255 255 0 255 0
    255 0 248 0 0 0 0 255 0 0 0 255 71 215 0 255 0 0 245 255 0 250 255 0
    0 0 255 0 0 0 0 0 202 255 255 0 255 0 255 255 255 0 255 255 0 255
    240 255 255 110 255 0 0 0 255 187 0 255 0 255 0 0 255 0 255 0 0 118
    100 255 255 0 255 255 0 0 255 42 0 0 255 0 255 0 255 0 178 0 255 0
    209 0 0 255 0 255 255 0 255 255 0 255 203 255 0 255 0 0 255 0 255 3
    0 255 237 255 255 45 0 255 230 48 255 255 0 116 255 83 0 0 255 255 0
    255 255 0 162 255 104 255 68 44 255 255 255 0 0 255 255 0 0 255 175
    0 255 0 255 0 255 0 217 240 255 0 0 255 99 49 75 255 255 0 0 0 0 255
    0 255 0 255 85 0 0 255 0 255 255 218 255 43 255 255 105 164 0 59 255
    0 255 0 255 255 0 0 255 166 255 0 0 0 0 255 0 255 171 225 255 0 41
    255 0 121 0 255 0 255 104 0 255 0 0 255 39 255 0 128 0 255 255 0 0
    255 255 0 255 0 255 0 0 255 0 255 0 0 255 255 0 255 255 0 166 0 255
    255 165 255 0 255 0 140 196 255 0 0 184 255 255 0 255 255 255 198 0
    255 255 255 137 0 255 255 0 245 0 255 0 0 82 255 0 255 180 254 255 0
    0 0 255 61 223 255 0 255 255 255 255 255 0 186 255 0 26 255 255 0 0
    255 0 0 0 255 118 255 18 0 255 255 0 255 255 255 0 255 122 255 255
    255 0 206 0 0 0 0 0 255 0 0 255 0 19 0 231 0 255 0 245 255 0 255 255
    255 0 89 255 0 255 124 166 0 0 0 255 0 110 0 83 255 0 0 255 255 0
    255 255 0 255 0 0 0 255 0 255 255 0 255 0 60 255 255 255 43 255 0 0
    0 255 0 0 255 0 108 0 0 0 255 0 0 0 0 255 234 255 0 0 0 255 0 255 0
    255 0 0 0 0 232 0 255 0 255 0 255 0 255 0 255 0 255 0 13 255 222 255
    255 255 0 255 255 0 38 255 0 255 104 255 0 255 0 255 0 255 0 255 0
    208 52 0 255 255 0 255 0 255 255 117 0 255 130 255 255 0 255 255 255
    0 0 255 0 0 255 0 0 255 255 255 0 254 226 0 0 16 0 0 0 255 0 0 255
    255 255 255 140 99 0 255 255 0 255 0 0 131 0 0 255 0 255 0 50 247
    255 0 255 255 255 232 255 255 0 255 0 255 255 0 42 255 35 255 0 255
    0 0 255 0 0 0 196 255 255 255 20 255 255 136 0 32 255 77 0 255 0 255
    255 0 255 0 255 0 0 255 201 255 0 0 255 0 255 255 255 255 0 255 183
    0 255 0 255 255 0 0 255 255 0 0 255 0 82 255 0 255 255 177 255 0 0
    89 255 255 83 61 123 0 78 255 245 255 0 0 255 255 0 0 0 255 0 255 0
    0 255 0 255 255 0 0 255 0 46 0 0 255 171 255 255 0 255 161 0 255 0
    255 0 255 255 255 255 2 255 94 37 255 14 255 255 0 0 255 159 0 255
    255 0 255 255 255 0 255 0 255 0 137 176 255 0 133 0 164 235 0 255
    255 0 0 255 0 187 255 0 0 255 0 118 0 64 161 255 255 0 255 173 255 0
    255 255 255 255 0 255 0 0 255 0 0 255 0 180 255 0 99 0 0 255 0 0 0
    255 0 233 255 0 255 0 0 0 255 0 255 0 255 255 0 0 255 0 255 0 0 55 0
    103 99 255 19 0 0 255 0 0 255 255 255 49 0 0 252 255 0 0 255 255 0
    255 0 255 0 255 0 255 0 0 41 173 0 0 255 255 255 0 255 0 206 255 232
    255 0 0 158 0 255 0 255 0 255 255 0 255 233 255 9 0 255 0 255 0 96 0
    0 0 220 255 255 255 0 255 0 63 255 255 91 95 56 255 0 124 0 255 243
    255 0 255 255 255 71 255 0 0 255 0 43 0 255 255 255 0 0 255 255 0
    255 255 0 255 255 0 0 15 118 255 255 255 21 198 143 255 0 255 255
    103 0 255 0 0 255 255 0 57 255 0 0 0 255 79 196 255 0 255 255 255
    198 255 0 0 255 0 0 0 255 255 0 0 255 255 255 0 255 0 255 255 0 0 0
    255 168 255 0 0 255 255 0 152 255 23 255 0 255 0 255 241 242 0 255 0
    255 0 255 0 255 0 255 255 137 0 255 255 0 255 228 0 240 0 111 0 126
    0 255 255 255 119 0 0 31 0 255 255 255 255 0 64 255 255 0 255 0 0 0
    255 0 235 255 127 0 255 2 255 0 255 255 38 255 9 255 255 192 0 0 255
    255 0 57 5 255 0 255 0 255 255 0 0 255 0 0 255 0 56 255 0 255 0 255
    0 255 255 0 255 65 255 49 255 0 255 255 0 208 255 0 245 0 255 255
    243 0 0 255 93 4 255 0 255 0 255 146 0 255 255 117 255 255 224 82 0
    0 255 255 94 255 0 0 142 255 0 244 255 0 0 255 0 0 255 255 0 255 0 0
    247 0 0 24 0 0 143 255 118 0 255 255 0 0 0 0 255 0 0 255 140 255 104
    255 0 0 255 255 0 255 0 0 255 255 255 98 0 255 0 80 255 255 0 255
    255 255 0 255 0 134 0 0 255 201 0 255 0 255 0 255 134 255 0 255 0
    255 255 255 255 0 0 255 80 0 0 0 110 0 255 0 0 255 0 24 0 255 255 5
    0 0 0 0 255 0 255 0 255 0 0 0 255 0 255 141 255 255 0 0 159 255 0 2
    0 181 255 0 0 255 0 255 255 228 0 0 255 0 255 255 32 0 255 148 0 255
    0 255 255 0 255 9 0 0 0 255 0 255 0 255 0 150 255 255 0 22 0 0 255
    255 138 44 198 62 0 155 0 255 255 255 0 255 208 255 255 0 255 255 0
    0 0 255 168 5 255 255 43 0 166 211 255 70 158 255 0 255 0 0 255 0
    237 0 7 255 192 178 0 8 255 193 0 0 255 255 0 0 255 238 18 255 0 0 0
    255 255 3 255 130 0 167 0 162 255 0 255 255 0 0 120 0 245 19 193 255
    238 157 0 255 198 0 255 255 255 0 0 255 0 255 100 0 255 255 0 255
    255 10 200 255 0 0 0 0 255 255 0 255 255 0 255 0 255 0 255 255 255 0
    255 255 255 31 119 0 255 0 0 255 255 155 255 255 247 255 0 255 255 0
    255 255 107 255 255 29 255 255 255 122 255 0 245 255 0 0 0 255 127 0
    0 0 255 174 105 255 255 255 0 255 0 255 255 0 255 0 255 0 220 255
    242 5 228 255 0 0 255 0 0 255 255 255 0 255 19 108 255 28 224 255
    146 255 105 59 244 255 0 0 255 255 213 6 255 255 0 255 153 255 0 0
    61 0 0 255 0 255 255 0 139 255 0 255 255 255 255 0 255 151 0 255 164
    255 0 0 255 58 255 63 52 0 219 255 0 255 0 116 255 79 0 225 0 0 0 0
    103 0 255 0 0 0 255 0 255 236 0 148 241 0 255 84 0 255 255 0 255 0
    255 255 0 255 0 197 0 24 0 255 255 255 0 255 255 255 197 0 255 96 0
    255 0 255 0 255 230 255 0 255 103 0 0 255 255 255 0 255 255 0 255 0
    255 255 0 255 255 0 71 155 0 255 255 0 255 255 0 0 255 0 255 0 255
    255 168 63 255 0 255 255 76 255 0 255 216 255 0 255 0 0 151 0 101 9
    0 255 255 63 255 0 255 0 255 255 255 106 58 54 255 255 0 255 0 255 0
    0 255 0 255 168 0 0 0 0 0 255 255 115 255 0 102 255 0 255 255 0 255
    255 0 0 53 0 255 255 108 0 0 0 255 0 0 255 0 255 0 0 255 0 0 0 255
    255 0 0 255 0 0 255 123 255 230 0 255 0 255 138 113 0 99 34 255 0
    255 32 0 255 0 255 0 255 0 0 0 0 255 255 0 255 137 0 255 48 0 255 0
    255 208 0 255 0 0 255 0 255 0 255 255 0 255 0 0 255 255 68 203 0 255
    0 0 255 0 0 170 0 255 255 141 255 3 255 0 0 255 0 255 0 0 255 179
    255 176 0 0 255 208 188 0 255 0 255 73 0 255 255 30 255 0 39 0 208 0
    92 255 0 140 0 255 0 0 122 2 0 145 114 0 255 0 255 255 0 255 0 0 0
    255 0 255 255 3 0 0 0 255 0 255 255 0 255 0 0 46 67 0 255 255 0 0 0
    255 0 255 4 0 255 0 255 255 0 255 255 255 255 0 255 255 0 249 73 255
    0 255 0 255 0 255 255 92 255 165 255 255 156 255 223 0 226 222 255
    28 0 0 255 133 0 255 0 255 203 0 255 0 255 0 0 255 0 255 232 255 0
    44 0 0 255 199 0 255 0 79 0 138 0 0 136 0 255 90 255 194 255 255 255
    0 0 255 255 255 0 0 0 0 255 255 0 255 0 0 255 255 0 255 0 255 0 0 0
    0 255 255 0 0 255 0 255 0 0 213 32 255 0 255 0 0 0 255 0 0 255 255 0
    255 0 0 255 0 0 255 0 255 0 255 0 255 0 0 255 255 0 182 255 0 255
    105 255 255 0 243 165 120 0 255 0 196 68 255 0 255 0 255 255 255 0
    134 0 255 0 255 0 110 0 225 152 69 255 255 61 190 0 0 0 255 0 255
    255 139 0 255 0 255 0 44 255 255 0 197 255 255 0 255 131 0 255 89
    255 0 79 0 255 0 0 112 21 255 0 0 255 0 255 236 255 0 211 4 244 0
    255 166 255 144 255 0 255 255 0 255 0 255 0 255 255 111 0 255 255
    162 255 0 0 255 0 0 255 0 0 255 0 0 0 255 0 241 255 255 0 0 255 0
    255 255 0 255 0 46 255 0 255 0 104 0 0 0 255 0 0 195 255 81 0 0 255
    0 0 255 0 0 0 255 0 29 255 12 158 0 255 0 255 56 0 255 0 255 10 0
    255 0 225 0 255 0 255 0 0 255 255 0 0 0 60 255 255 255 0 255 171 255
    255 223 0 0 255 181 255 255 84 0 255 0 255 0 255 255 255 255 255 0
    255 0 255 46 0 255 0 0 255 227 255 82 0 255 0 0 255 255 148 0 255 0
    162 23 255 0 255 0 255 255 255 0 255 255 255 255 0 255 0 255 15 79
    255 0 0 0 255 0 0 255 0 255 0 255 189 255 0 152 255 255 0 255 0 255
    255 0 255 0 0 200 255 0 255 143 68 0 166 137 255 195 0 255 0 0 255 0
    255 0 38 0 0 255 0 255 255 0 25 0 255 0 255 0 3 255 7 0 255 2 0 0
    255 11 255 119 0 255 0 23 154 0 76 255 255 0 255 96 64 0 0 255 0 255
    0 194 255 0 255 0 255 0 255 255 0 0 12 0 0 255 0 0 255 255 0 222 0
    255 196 0 255 255 0 112 109 0 255 0 255 0 0 255 255 0 255 0 0 255 75
    0 170 255 0 0 42 255 255 0 0 255 0 101 0 255 126 255 77 0 60 0 255
    137 0 255 125 0 129 0 0 16 0 0 53 0 155 255 59 255 255 46 117 255
    255 51 255 0 255 255 0 31 0 177 0 0 26 0 0 79 0 255 0 0 255 255 205
    0 255 0 132 255 0 228 255 255 255 46 187 0 255 255 226 189 255 0 255
    0 0 0 255 125 74 0 255 255 141 0 255 0 255 196 0 0 0 12 255 255 0
    162 0 0 0 0 0 0 255 0 255 0 255 0 69 0 255 0 0 0 255 0 255 0 255 150
    4 0 255 255 255 81 0 0 255 0 0 0 0 255 0 255 0 255 0 255 0 255 39 0
    255 0 255 183 0 255 0 255 0 255 0 205 0 255 21 255 0 0 255 0 255 0
    255 0 0 0 0 255 0 165 255 0 255 255 0 156 255 255 0 255 255 0 255 0
    255 255 255 0 120 0 75 183 255 0 169 0 64 255 0 78 228 255 30 255
    195 0 255 255 0 0 255 255 255 0 0 0 255 102 58 255 59 0 255 46 255
    206 0 255 0 191 255 0 0 255 0 255 62 0 235 0 223 0 255 10 255 255 0
    255 255 0 0 255 0 255 0 0 97 254 0 255 204 255 255 197 255 255 255
    255 0 255 220 0 255 189 255 84 255 255 255 98 0 0 0 0 0 255 133 205
    255 163 0 255 189 255 0 224 52 146 71 0 255 255 0 255 77 0 0 255 0
    255 0 255 0 0 255 0 255 255 0 2 0 0 255 255 34 255 0 255 255 0 173
    255 0 0 0 121 58 255 255 255 255 255 255 255 255 255 255 0 255 255
    255 0 255 55 0 161 0 165 255 0 255 0 255 255 0 255 255 239 0 255 0 0
    72 255 0 255 0 35 255 0 0 255 141 255 255 0 255 0 255 255 22 0 255 0
    255 255 0 255 107 0 255 255 255 0 255 0 255 0 77 198 0 0 255 0 255
    255 0 255 240 0 0 255 255 0 255 255 255 0 255 0 255 49 0 0 0 255 21
    255 0 0 33 0 255 0 255 0 255 208 0 255 0 0 255 0 255 255 0 255 255 0
    29 255 0 255 0 255 0 255 0 255 255 255 255 0 0 255 0 255 255 0 255
    255 235 255 0 115 0 255 255 255 0 0 255 99 0 214 255 86 0 255 255 0
    255 0 255 214 0 0 255 255 0 64 0 255 255 196 0 255 147 255 255 0 80
    225 255 0 255 0 255 0 0 0 27 0 96 0 0 255 230 255 0 255 0 255 0 255
    255 0 255 0 255 255 255 214 255 255 0 0 255 255 0 164 0 255 255 0 0
    0 0 255 255 0 0 255 0 255 0 255 255 0 160 27 0 255 0 0 0 31 255 255
    255 213 255 255 0 0 14 255 255 0 255 0 0 0 0 0 255 0 228 0 0 255 255
    0 0 255 246 0 0 0 255 255 0 255 0 255 0 0 232 0 255 255 255 0 242
    213 255 0 20 0 71 255 0 255 0 255 27 255 255 0 0 0 255 0 0 0 255 2 0
    0 0 201 0 126 255 0 255 255 0 255 0 0 0 255 75 255 255 0 0 255 238 0
    183 255 0 0 0 255 0 0 255 133 0 0 207 255 255 0 60 255 0 0 255 0 255
    0 255 255 173 0 255 255 255 0 179 0 255 217 207 0 255 255 255 10 255
    0 0 255 0 0 255 174 0 191 0 255 0 0 220 0 0 255 255 0 255 0 255 255
    255 0 209 194 255 255 0 0 0 255 0 0 31 255 255 16 0 255 0 0 255 0
    128 0 47 0 25 0 238 0 154 255 0 255 0 255 0 0 107 255 0 255 0 255
    255 0 255 255 255 255 0 0 39 255 0 255 0 255 0 255 199 46 0 215 241
    29 255 0 27 0 255 0 255 0 176 255 0 140 76 0 255 0 76 0 255 61 0 46
    255 154 0 255 255 0 255 98 0 0 0 255 255 0 0 255 255 0 0 255 0 255 0
    255 255 255 0 255 0 255 253 255 43 0 255 0 244 0 255 139 0 0 255 0
    255 0 255 0 255 0 255 0 0 255 113 0 0 255 0 0 255 255 0 0 255 0 0
    255 255 0 255 0 255 0 255 53 255 255 177 0 207 255 0 95 0 248 255 0
    142 0 121 0 0 255 0 192 255 255 255 34 255 0 0 255 255 255 212 0 255
    177 0 0 255 0 255 0 255 0 255 0 250 0 247 255 0 0 255 0 0 255 0 0 0
    0 255 255 255 0 0 255 0 255 255 0 70 205 255 255 0 184 128 255 0 255
    0 255 0 255 0 0 255 205 0 126 149 162 255 195 0 255 36 114 255 92 0
    145 255 0 168 0 0 92 255 0 0 255 0 61 235 0 255 93 255 82 255 255 0
    255 255 0 255 0 0 0 255 255 181 0 255 104 255 0 255 0 6 0 255 0 0
    255 255 0 186 0 255 255 0 255 0 255 168 0 255 0 0 0 0 255 0 0 255 0
    255 0 85 66 0 255 0 0 255 0 0 149 255 180 255 76 192 0 79 80 162 0
    255 255 117 255 117 93 255 255 0 255 0 255 0 0 255 0 255 0 60 0 60 0
    255 0 255 0 0 255 0 146 175 0 0 255 0 255 0 255 152 0 0 255 0 255 24
    0 115 255 0 0 255 255 0 0 0 239 0 255 255 234 0 56 0 0 0 0 0 0 255 0
    0 17 0 255 0 176 255 0 0 255 0 119 255 0 255 75 255 0 255 0 128 0 0
    255 255 0 159 36 255 0 0 25 255 255 0 255 255 226 0 255 255 255 255
    236 0 0 0 255 62 255 68 255 0 0 255 0 255 0 0 255 86 255 74 3 0 0
    255 255 0 255 255 61 53 22 255 0 255 0 255 255 0 255 0 255 0 255 255
    0 0 255 255 0 255 0 0 0 36 0 255 255 231 255 255 255 255 77 30 255 0
    255 0 255 46 255 0 0 0 236 217 255 59 0 0 0 255 255 0 0 226 0 0 255
    0 17 245 28 255 255 255 0 255 34 0 255 255 255 0 255 35 73 0 255 255
    0 40 173 255 0 255 0 255 255 0 0 0 255 0 0 255 0 255 161 121 255 0 0
    0 255 0 0 255 255 255 0 255 0 255 0 255 0 255 255 255 0 0 161 130
    255 0 255 0 139 0 255 255 0 255 255 255 0 255 255 0 0 255 17 255 0
    255 78 255 255 229 20 0 255 252 0 7 0 255 117 125 0 255 0 165 151
    255 255 255 0 213 255 255 44 112 44 0 247 0 120 0 0 0 255 0 255 255
    255 0 255 0 255 0 255 255 0 255 5 0 120 0 255 0 98 255 42 0 255 120
    255 255 171 0 255 255 0 0 0 255 0 19 255 255 0 0 205 0 255 107 255
    255 0 255 0 73 255 255 0 0 0 0 255 255 0 255 0 0 75 0 0 0 255 255 68
    0 0 0 126 82 255 0 255 255 0 255 0 255 0 255 0 255 0 255 255 0 143 0
    75 255 255 126 255 0 255 0 255 0 0 0 255 0 255 0 0 0 0 151 135 118
    119 255 0 255 0 0 255 255 0 0 255 0 255 255 255 0 0 255 255 31 0 216
    0 0 255 0 84 0 255 0 0 0 0 255 0 0 222 0 241 108 255 0 255 205 0 0
    127 0 255 0 212 255 0 0 255 255 0 119 0 255 0 255 0 255 255 255 0 0
    255 0 0 255 255 255 255 0 255 0 0 255 0 0 255 128 0 0 255 0 255 0 0
    255 0 0 0 30 13 255 255 0 255 191 255 0 255 0 0 255 255 0 255 72 0
    177 214 255 0 150 255 0 0 255 255 0 137 82 255 255 0 255 255 242 255
    255 0 0 255 255 255 0 0 0 138 0 255 0 255 0 255 0 255 0 158 143 0
    158 255 105 0 255 171 9 255 0 120 53 0 224 112 215 40 0 255 255 26
    64 255 0 0 0 255 0 255 255 243 255 210 255 63 255 0 0 0 255 255 0 97
    0 255 255 109 98 255 255 0 255 255 0 0 0 0 31 255 0 255 0 255 0 255
    0 255 0 0 255 84 126 255 0 255 234 75 255 0 255 0 149 182 255 0 255
    255 0 255 255 43 255 156 255 0 255 98 255 0 255 76 0 106 0 255 255 0
    199 255 0 255 0 255 0 0 255 0 0 255 0 255 0 255 93 255 0 77 255 0
    133 0 146 255 255 255 0 255 255 255 255 118 58 255 255 255 0 255 255
    0 255 0 10 255 0 255 0 255 0 255 0 255 0 247 0 255 0 0 0 255 0 248
    141 0 255 0 255 0 255 0 255 0 255 0 0 255 0 53 255 255 0 0 162 255 0
    255 255 255 255 20 0 0 255 255 0 0 255 0 255 255 0 0 255 255 0 255
    30 255 0 98 147 0 255 255 255 0 255 0 255 255 0 5 255 0 0 0 0 255 0
    255 0 255 0 255 255 226 43 255 255 49 255 0 247 0 255 255 255 0 255
    0 0 255 255 255 0 0 255 0 34 0 0 255 54 124 0 6 114 255 0 0 255 0 48
    22 255 0 0 255 0 255 0 0 255 0 255 0 255 0 255 0 255 0 121 255 0 0
    255 0 0 0 255 112 0 255 0 207 186 255 10 0 254 0 0 0 0 0 0 0 0 255
    136 0 0 225 0 255 0 255 0 0 255 255 255 0 0 161 255 0 255 255 0 255
    234 255 0 0 255 0 255 0 255 0 0 95 0 255 255 0 253 255 255 0 0 255
    255 0 255 0 255 0 0 255 0 255 0 255 255 255 115 255 255 0 0 0 255 0
    0 255 0 0 0 255 64 235 0 227 58 207 0 0 255 0 255 0 255 255 255 0
    255 206 240 0 255 0 255 56 191 255 0 255 0 35 142 0 255 94 232 255 0
    70 255 19 255 1 186 255 255 255 0 0 255 0 255 0 255 78 255 0 53 0 0
    255 162 0 255 0 0 122 255 0 255 0 255 0 255 255 255 255 0 221 97 0
    255 0 0 255 0 7 237 0 255 0 255 0 255 0 211 255 0 255 0 157 79 255 0
    0 255 0 156 255 0 0 255 255 0 255 255 255 0 0 255 245 0 163 0 20 255
    0 255 100 11 73 214 255 0 255 0 255 17 255 174 0 255 0 134 255 255
    255 175 255 0 222 0 255 255 0 255 150 0 0 0 255 0 255 255 0 170 255
    0 0 255 255 81 0 255 102 78 0 0 0 255 255 0 255 0 0 255 0 255 0 183
    0 255 0 255 0 0 255 202 0 234 0 0 0 0 0 0 0 72 0 0 255 255 127 255
    19 255 0 255 255 255 0 234 0 0 0 0 0 255 0 255 255 0 255 255 0 0 255
    255 0 255 165 151 255 255 0 0 0 255 185 148 255 0 0 255 113 255 225
    0 255 0 255 255 0 10 69 155 118 0 255 0 0 255 0 161 0 0 0 255 235
    255 74 58 255 0 40 0 255 255 0 255 255 255 0 255 255 0 9 255 0 255
    63 0 0 255 0 255 0 255 223 0 255 0 255 255 255 0 0 0 0 255 249 255 0
    0 129 179 210 226 255 0 255 71 0 255 0 0 38 255 0 86 255 61 255 0
    198 255 255 255 0 0 255 255 0 85 255 100 83 0 0 255 0 23 0 0 255 97
    103 255 0 255 0 130 0 255 255 0 255 255 172 111 255 168 255 255 0
    255 0 255 0 200 255 0 0 0 0 0 255 0 255 0 255 255 0 115 255 255 148
    255 0 0 255 0 184 209 255 36 255 65 2 255 0 255 255 0 101 0 0 0 0 0
    255 0 255 233 255 0 255 0 255 255 255 0 0 0 255 255 255 0 255 0 255
    0 255 0 255 255 255 255 0 255 0 255 255 255 208 0 255 155 209 0 255
    0 255 0 92 0 0 0 255 0 255 255 201 255 255 255 0 0 255 255 224 255
    255 255 0 231 255 0 144 0 104 98 27 255 0 255 0 255 232 0 255 30 0
    255 0 0 0 255 255 255 255 55 0 255 255 177 255 247 255 222 255 0 0
    141 255 0 226 41 147 0 0 255 181 0 0 255 137 255 0 255 0 0 227 111
    255 255 0 119 45 46 230 79 255 0 0 0 255 0 255 255 0 158 255 0 0 255
    0 0 255 0 255 0 255 0 239 0 0 255 255 0 255 255 92 0 0 255 0 255 0 0
    255 0 193 0 255 0 255 0 255 0 226 106 255 255 0 0 0 255 255 5 164
    255 0 255 0 0 0 255 255 0 255 255 0 255 32 0 0 255 0 0 255 19 0 50
    255 255 0 0 45 255 255 0 255 0 0 116 0 0 255 0 185 35 255 255 0 0
    255 255 0 97 29 0 255 0 255 0 255 0 26 255 157 255 0 255 21 255 0
    255 0 255 0 255 255 0 255 12 0 255 0 255 0 0 55 255 0 255 0 255 255
    255 0 0 0 255 255 255 0 255 255 0 204 178 75 135 0 0 255 0 85 0 255
    0 85 70 0 255 0 41 0 0 255 1 255 0 255 0 255 255 0 0 255 0 0 255 68
    11 255 0 34 104 255 255 255 255 0 255 0 255 0 0 52 0 255 255 114 0 0
    255 0 255 255 0 255 0 0 0 0 255 177 255 178 255 0 255 0 255 0 0 255
    60 0 0 77 67 125 0 255 255 0 255 88 0 255 255 0 0 255 12 255 255 0
    255 85 255 73 0 255 255 0 0 255 255 255 255 0 255 0 255 0 255 0 4 0
    0 255 255 0 0 0 255 255 0 107 0 189 255 255 0 255 0 0 245 0 0 0 255
    0 255 0 255 255 20 86 255 0 255 255 255 0 0 255 255 0 143 255 0 255
    0 0 255 0 255 0 0 0 255 255 255 0 0 0 0 255 255 255 0 255 0 76 255
    16 73 255 53 0 255 0 35 255 0 0 255 79 0 0 255 0 0 0 255 0 255 170
    240 118 96 0 0 255 0 255 0 255 255 0 0 255 0 57 161 0 255 83 255 0
    255 255 255 255 255 0 208 255 239 0 255 35 0 255 61 0 0 255 210 0
    214 85 0 255 255 0 255 182 255 255 0 0 255 255 0 255 255 141 255 0
    255 0 91 0 0 0 255 0 226 255 0 0 255 137 255 0 243 0 255 0 0 0 0 198
    255 0 255 0 0 255 255 0 168 0 196 73 255 0 24 0 198 0 146 255 255 0
    255 87 218 255 0 255 0 255 180 255 0 255 255 255 96 68 255 255 255 0
    235 158 255 0 167 152 127 55 0 255 255 0 255 0 0 0 255 0 1 0 255 27
    105 52 211 0 235 0 255 255 0 255 0 0 207 0 255 0 0 0 255 0 67 54 255
    51 0 249 255 255 0 0 0 165 255 199 255 232 255 0 255 0 255 0 255 0
    255 0 255 0 192 0 0 255 0 127 0 255 0 58 255 255 255 0 255 249 255
    129 255 255 255 181 0 255 255 255 0 255 0 255 0 0 0 255 255 0 255
    255 0 255 255 0 255 0 255 0 255 0 255 255 10 0 232 255 0 0 255 255 0
    205 0 0 0 255 0 255 211 255 0 255 0 0 223 0 125 0 171 126 255 255
    144 233 0 255 0 255 156 240 0 255 0 192 255 0 255 255 0 255 0 0 255
    0 0 118 255 0 0 255 172 116 255 0 255 0 255 0 0 152 200 0 255 0 0 0
    255 85 255 255 250 0 255 235 248 255 0 0 255 94 255 255 193 35 255
    255 0 0 255 0 255 0 0 255 255 255 255 0 41 255 0 255 0 0 255 0 255
    218 255 0 255 0 0 0 0 255 255 96 0 255 0 255 243 255 0 255 0 255 255
    255 0 255 0 106 149 0 255 0 255 255 0 255 255 255 0 255 136 0 255
    255 0 43 22 255 255 0 255 0 61 0 255 255 255 255 0 255 0 255 182 255
    0 64 0 0 255 255 255 255 255 255 184 0 146 0 255 0 165 255 0 239 0
    18 47 255 0 0 208 0 255 0 255 0 255 168 0 252 255 0 4 0 0 255 0 255
    0 0 202 255 0 183 255 255 0 255 56 255 255 0 255 255 255 0 0 157 0 0
    0 83 255 0 0 255 0 255 0 94 130 0 0 255 0 255 141 255 255 0 255 255
    0 0 139 255 255 0 255 153 255 0 255 255 67 84 0 255 0 255 0 0 122
    255 0 0 255 255 41 0 255 0 0 171 31 255 152 0 255 0 255 0 255 255 0
    255 0 255 0 165 255 0 0 255 255 255 0 255 0 133 244 255 0 255 89 255
    0 255 0 0 255 0 0 86 255 0 255 255 0 0 0 150 0 255 0 255 0 255 0 24
    0 0 120 0 255 214 0 255 255 0 34 0 255 255 0 0 255 0 0 255 0 255 255
    73 0 181 255 0 255 0 148 0 0 255 0 255 0 89 125 0 0 255 189 0 255 0
    0 0 118 109 255 0 255 255 94 0 0 255 0 0 255 0 255 0 255 249 0 0 255
    0 0 255 23 0 164 255 0 255 61 24 0 255 255 0 255 45 176 255 0 228
    255 0 116 255 134 0 255 0 255 255 0 255 186 0 255 0 0 255 0 0 102
    255 255 255 0 0 255 143 0 116 3 255 255 255 255 0 134 253 255 223
    121 255 0 0 255 15 131 255 255 0 215 255 0 38 124 51 0 255 0 255 255
    0 255 42 255 186 0 255 255 255 0 211 0 0 208 0 0 0 166 255 0 227 255
    10 194 0 0 0 0 0 0 0 0 255 255 0 0 255 0 89 255 202 0 0 0 255 0 184
    0 255 0 135 16 0 255 97 125 255 255 0 255 0 2 255 0 255 0 0 255 0 0
    0 255 0 0 255 255 127 14 0 255 0 65 255 255 0 0 255 106 255 0 255 0
    255 0 255 0 0 255 0 255 0 0 255 226 255 255 255 58 255 0 0 255 0 0
    50 255 255 0 0 255 255 0 255 255 0 255 0 0 0 255 0 0 255 0 0 255 0
    255 0 68 0 255 255 255 0 255 134 139 255 0 229 0 0 255 91 0 136 38
    255 255 115 73 169 255 121 0 255 0 255 236 0 255 134 0 255 0 0 0 255
    204 255 255 255 0 0 255 255 171 0 0 255 255 55 255 0 143 41 0 255 0
    255 255 0 17 7 105 255 255 0 255 255 0 0 255 0 255 81 0 0 61 140 0
    159 0 255 158 46 0 255 0 255 255 0 197 0 255 0 201 255 0 255 0 0 255
    0 122 200 255 255 0 255 255 255 60 255 0 255 255 0 255 0 255 0 0 0
    255 0 255 0 255 255 0 0 223 255 129 255 0 0 255 255 255 119 255 0
    255 255 255 0 0 255 0 255 0 255 255 255 255 13 255 0 255 0 255 212 0
    0 255 255 0 255 0 142 0 255 255 252 0 191 255 95 255 0 119 0 255 21
    0 0 174 107 49 0 255 0 255 255 0 0 49 255 197 255 121 135 255 0 0
    142 255 137 255 255 0 0 51 255 255 0 163 0 255 0 0 0 255 0 255 255 0
    255 255 0 255 0 0 9 67 0 0 255 0 255 204 0 0 40 0 0 255 0 255 36 189
    255 37 0 4 255 0 249 0 255 0 255 255 0 255 255 0 0 255 255 0 255 90
    255 255 0 0 255 0 255 255 0 255 0 0 0 0 255 75 255 255 0 255 0 0 244
    255 0 255 0 184 255 126 0 255 0 255 240 0 252 255 0 255 0 255 0 255
    255 0 0 0 255 0 154 255 179 41 255 0 255 0 45 255 255 154 255 156 0
    225 14 255 255 116 89 151 0 0 255 0 255 0 0 255 255 0 255 0 255 63
    255 0 255 115 255 0 0 76 117 0 255 0 255 107 255 0 255 0 255 255 0
    255 0 0 255 0 255 0 114 155 0 255 0 62 0 255 0 0 195 168 0 255 255 0
    0 255 0 255 255 0 255 0 255 0 255 0 0 255 0 255 0 0 255 255 0 0 64
    255 0 255 231 0 255 0 255 180 0 0 111 0 0 195 255 122 0 255 255 255
    0 255 0 255 0 142 0 255 0 0 255 0 255 255 0 255 0 0 208 167 255 0
    255 0 255 0 201 134 255 255 255 0 0 0 52 255 0 0 255 0 255 0 255 255
    255 255 0 177 23 255 255 255 0 255 255 0 255 255 114 0 255 0 0 0 0
    104 0 0 0 255 75 213 255 144 0 0 21 0 88 231 0 0 72 255 0 39 255 201
    127 255 255 2 193 0 255 255 0 0 90 255 255 0 255 99 253 255 0 30 0
    255 0 255 255 255 255 255 0 249 255 0 170 105 0 0 255 0 203 88 255
    255 255 0 0 255 255 0 149 255 0 255 0 255 0 0 255 0 0 17 0 255 0 141
    180 152 255 0 107 0 0 255 0 248 0 0 255 255 0 255 255 0 0 138 255
    142 255 255 0 242 0 0 0 255 0 43 0 48 0 255 79 0 255 0 0 255 0 0 255
    0 0 255 255 255 255 0 0 0 0 0 255 0 255 255 0 0 255 0 255 255 0 255
    0 0 255 255 0 255 255 0 255 0 0 45 0 56 0 161 255 23 154 255 0 0 0
    77 0 205 179 255 255 122 0 255 0 0 0 255 0 0 0 255 255 0 255 255 176
    0 0 255 255 0 0 255 114 255 163 0 0 255 0 0 135 255 169 0 255 0 0
    255 255 0 255 0 0 255 0 255 62 255 0 98 0 255 255 255 0 11 255 255 6
    0 2 0 124 0 255 255 0 172 255 255 255 0 255 162 0 163 0 255 0 0 255
    0 204 121 0 0 255 219 0 0 255 0 0 255 0 0 0 0 0 255 0 0 166 255 0 0
    0 90 0 0 190 0 0 0 255 255 255 0 166 0 255 200 255 0 230 0 0 39 255
    0 0 255 0 199 0 168 255 255 0 255 0 255 0 255 255 255 51 159 0 255 0
    255 255 0 95 255 255 0 255 241 0 255 0 255 255 0 175 255 0 255 0 34
    255 0 255 73 255 0 0 255 0 0 255 0 255 36 255 195 0 255 255 0 255 0
    255 0 0 255 255 136 0 255 228 0 42 169 119 255 7 0 255 153 255 182 0
    255 0 255 214 255 255 0 255 255 255 0 233 0 68 0 255 0 255 255 0 255
    0 255 124 255 0 255 0 0 255 0 255 0 255 0 202 255 0 255 0 119 2 0
    255 0 0 255 96 255 0 0 255 255 0 116 255 140 255 0 0 255 0 255 0 215
    255 0 255 255 0 255 0 0 255 0 255 0 255 0 0 0 255 0 255 0 255 64 0
    255 0 255 0 255 120 0 0 223 28 0 255 255 0 155 255 0 0 0 169 255 255
    194 0 255 255 0 255 0 255 255 255 0 0 255 0 255 0 255 0 0 0 255 0 0
    0 255 255 0 82 255 0 126 255 175 255 181 0 255 255 255 0 255 0 0 255
    255 0 63 0 129 230 255 0 29 72 135 0 255 255 0 255 0 255 0 255 255
    255 0 255 0 255 94 0 255 0 255 0 0 255 0 255 0 151 0 0 0 0 255 255
    255 0 255 217 255 0 27 49 255 255 0 115 255 255 255 0 255 0 255 0 0
    255 0 255 0 215 255 255 0 255 0 255 255 0 255 0 154 255 0 0 255 0 0
    225 255 255 24 255 255 0 0 255 47 0 255 231 40 255 1 255 0 142 30
    255 255 0 255 0 247 255 255 255 255 0 0 0 0 255 0 255 255 0 0 255 5
    0 255 0 255 60 140 0 0 255 232 0 255 0 255 0 255 0 133 255 0 255 255
    43 255 0 255 0 0 255 0 255 0 255 0 255 75 255 0 0 255 0 255 0 255
    203 0 255 255 0 0 255 0 0 255 255 255 24 255 255 0 255 0 255 255 0 0
    12 255 255 0 255 255 255 0 255 0 112 0 255 0 255 23 49 0 255 255 0 0
    255 0 0 0 186 255 0 255 0 255 0 255 0 33 222 0 255 255 195 110 0 0
    255 0 255 0 255 0 0 97 255 0 255 0 0 53 0 255 0 171 255 0 255 255
    107 255 255 0 0 0 221 255 0 255 0 0 255 255 0 0 0 149 0 255 0 255 0
    68 255 0 181 255 0 255 0 255 255 130 255 255 255 0 0 0 255 0 255 0
    255 255 0 0 0 255 72 0 255 0 255 0 255 178 255 244 198 169 0 255 179
    0 0 104 0 0 255 255 143 0 255 112 0 0 15 26 255 255 0 0 255 0 40 0
    255 0 120 255 255 0 0 255 255 255 0 0 255 255 0 0 255 255 26 0 255 0
    255 39 255 0 255 0 255 44 252 255 255 16 0 255 255 255 0 34 255 0
    255 255 0 255 255 0 255 255 0 0 255 84 0 255 0 255 0 255 255 0 0 70
    0 255 0 255 0 255 3 0 6 255 0 248 0 255 255 255 0 255 0 177 255 0
    255 227 255 0 255 214 255 255 0 255 0 255 0 255 107 0 26 255 0 102
    255 0 255 87 0 255 0 0 216 255 0 255 0 255 172 255 255 30 0 180 30
    240 255 0 255 0 84 255 255 0 255 22 137 102 255 0 0 255 255 255 0
    255 255 0 255 255 0 255 35 0 0 169 255 247 196 0 255 255 0 0 255 255
    0 255 0 0 255 255 0 0 155 237 234 255 196 0 0 0 251 255 255 255 0 0
    0 255 0 255 0 255 0 0 255 0 255 248 101 255 0 0 0 255 0 8 255 250 0
    0 255 185 255 36 0 255 0 255 255 0 0 0 0 0 173 255 255 0 0 255 0 0
    255 255 211 0 0 255 208 255 0 255 0 136 0 0 255 0 0 255 255 0 255
    255 223 0 255 0 255 0 206 255 0 40 255 45 255 255 0 255 0 255 220
    235 0 0 0 255 208 255 0 255 0 29 0 255 255 0 255 183 93 227 255 35
    255 255 255 0 130 54 210 255 0 235 255 94 255 255 255 0 255 0 61 255
    0 180 0 0 122 177 0 220 255 0 255 0 255 59 85 255 0 255 0 255 255 0
    0 108 0 0 0 0 217 0 0 0 255 255 255 0 255 0 255 0 255 0 200 50 0 255
    0 255 255 2 255 255 0 255 0 86 0 255 0 0 255 255 0 255 0 133 0 255 0
    0 255 0 233 255 158 88 68 255 0 255 255 0 142 235 227 126 0 255 12
    11 255 0 255 255 129 255 0 161 136 65 255 0 96 255 0 0 255 0 255 0
    255 0 255 146 0 255 0 0 255 255 0 0 255 0 255 0 0 255 255 200 255 0
    255 255 0 255 255 255 0 0 255 0 255 0 192 227 0 255 0 0 255 255 255
    0 255 69 255 0 255 255 0 255 162 219 255 0 0 44 218 0 255 0 255 255
    0 206 255 185 0 255 237 42 0 255 255 48 255 75 0 255 0 255 255 226 0
    255 0 255 0 255 161 255 0 255 255 255 0 0 0 0 255 180 255 0 255 0
    255 255 0 255 0 0 202 0 255 180 215 0 255 255 0 92 255 0 0 255 0 216
    0 255 0 60 255 0 0 222 85 0 0 84 75 114 0 191 0 0 255 0 255 128 255
    0 0 0 0 255 232 0 255 81 255 0 255 255 0 255 239 255 0 255 206 0 255
    235 0 176 168 0 255 0 255 0 255 255 0 0 255 0 255 0 0 255 255 0 255
    0 255 255 0 28 59 161 192 201 255 255 255 0 0 0 147 255 34 0 255 255
    0 255 57 0 0 255 0 255 255 187 0 0 94 64 255 255 255 0 89 37 0 255
    255 0 255 255 0 69 0 255 0 0 255 7 255 48 206 0 255 255 0 239 0 0
    255 0 0 255 0 0 255 0 33 0 0 0 0 255 0 48 255 255 19 0 255 0 0 255 0
    83 0 255 0 255 0 0 255 136 255 255 0 255 0 255 0 253 0 125 0 0 255 0
    255 0 255 65 0 0 255 255 0 89 255 0 255 113 255 121 255 0 100 0 0
    171 91 0 0 255 0 244 0 255 0 109 255 0 73 0 255 255 192 139 255 255
    0 0 255 0 255 255 255 255 0 0 165 255 0 0 255 255 0 255 255 255 0
    255 206 86 255 0 255 0 0 255 255 160 255 0 0 237 0 0 255 0 255 255 0
    255 0 255 255 0 138 0 255 228 0 227 3 255 255 255 247 0 255 0 0 255
    108 255 0 0 255 0 0 0 0 255 255 0 159 255 0 0 255 0 0 255 0 0 255
    255 0 255 0 5 255 144 0 255 238 250 255 255 0 0 255 255 0 255 0 255
    255 255 136 0 31 255 0 255 255 0 255 255 33 0 255 0 115 107 255 0 9
    108 255 107 0 255 0 255 0 0 0 171 0 110 121 0 0 0 32 195 255 0 255 0
    255 251 0 255 255 255 255 255 0 0 255 87 255 0 106 0 255 255 244 255
    0 255 14 0 255 255 0 255 255 0 255 0 255 255 0 217 42 0 255 0 247 0
    255 120 255 255 255 0 139 0 255 0 42 137 255 0 117 0 255 122 81 0 0
    37 0 0 255 255 255 0 255 0 255 255 142 0 0 255 0 124 255 0 255 241
    182 249 0 0 255 0 164 0 255 0 0 0 255 0 23 0 255 0 255 0 255 0 222
    255 71 255 0 0 32 255 0 0 255 255 0 255 255 255 0 255 109 161 137 0
    255 0 0 0 0 255 255 255 122 0 0 255 255 255 96 255 0 0 255 255 82 0
    255 255 0 255 255 255 255 0 0 255 0 0 0 255 0 255 30 0 0 255 0 225
    255 255 255 124 255 0 0 0 198 240 0 255 221 234 255 109 255 0 0 8 0
    0 255 0 0 241 0 255 0 0 0 0 0 255 255 0 255 0 28 255 0 0 0 0 255 0
    255 0 255 250 255 0 221 0 255 0 255 0 0 255 0 255 0 55 255 0 255 0 0
    255 255 255 255 0 100 255 0 255 0 255 255 255 255 21 127 0 255 128 0
    0 0 9 255 68 255 0 255 36 0 77 0 108 255 0 255 0 255 255 0 255 96
    255 255 255 0 0 0 209 0 255 0 255 0 234 255 0 255 0 0 255 0 138 255
    0 255 94 255 108 255 0 211 0 0 255 255 139 255 46 255 255 0 255 0
    255 0 255 40 0 0 255 0 0 255 0 255 255 255 0 255 0 117 255 0 0 0 246
    254 255 0 255 106 0 224 249 140 100 255 66 219 0 191 0 0 0 107 255 0
    255 255 255 7 255 255 117 169 0 0 255 0 255 255 0 255 0 79 255 255 0
    251 0 255 255 142 0 255 0 255 0 255 0 0 255 0 255 255 0 255 240 0 0
    255 255 255 0 255 0 255 0 217 0 255 255 255 0 255 0 0 255 0 133 91
    255 255 255 0 0 122 0 47 0 0 0 255 210 0 255 255 255 0 5 154 244 0
    123 0 255 255 163 255 255 255 74 94 0 255 0 0 255 255 0 255 0 146 58
    0 0 74 227 255 12 0 255 0 0 255 0 255 255 96 0 199 180 0 255 5 127
    255 255 89 68 255 157 0 0 255 0 0 255 231 0 191 255 0 255 0 0 0 255
    0 0 0 255 255 134 255 255 255 255 0 255 0 0 24 149 0 0 0 3 0 255 0
    255 188 255 0 255 237 0 255 91 0 233 0 255 0 124 234 102 255 0 255
    255 0 124 162 0 255 255 0 0 0 255 0 255 255 0 255 255 0 255 0 0 0
    255 0 255 255 27 0 0 0 0 0 255 255 0 138 71 160 255 255 0 255 0 124
    0 0 255 0 1 0 189 0 235 0 255 255 255 169 0 255 255 0 255 0 0 0 255
    0 99 255 0 255 0 127 0 0 255 0 102 0 255 210 238 0 255 255 0 0 255 0
    0 255 128 255 255 0 255 0 255 0 0 255 84 255 255 0 255 0 255 226 255
    255 0 255 0 50 148 0 40 0 0 255 78 0 255 0 0 0 0 255 0 255 0 255 255
    255 255 47 255 0 255 0 255 0 255 255 255 255 200 0 255 0 180 255 0
    255 255 255 255 6 255 253 9 0 255 0 189 255 0 0 255 0 255 0 255 96 0
    255 164 0 0 255 255 255 255 255 0 255 115 255 93 255 0 11 255 0 104
    255 0 255 0 255 255 0 255 0 255 0 0 255 255 52 74 0 255 0 0 0 255
    255 0 145 0 255 0 255 0 255 0 255 255 255 0 0 0 255 0 10 0 255 0 55
    53 0 0 255 209 255 0 217 0 0 255 0 159 0 0 255 255 0 0 255 0 255 255
    73 212 255 0 152 255 0 255 0 0 70 0 255 0 0 51 0 196 255 0 255 255 0
    0 0 0 0 255 0 177 255 255 0 0 255 0 255 255 255 0 255 0 114 255 0
    255 0 0 255 0 0 43 0 0 255 255 0 163 141 93 0 60 0 0 149 255 45 211
    247 0 0 0 16 255 134 255 46 0 0 255 0 0 0 8 0 255 255 0 25 0 128 0
    105 0 0 255 0 255 255 0 255 0 34 0 0 0 255 255 0 255 255 0 255 0 255
    255 255 255 255 255 255 255 168 255 0 0 9 206 0 36 255 255 95 0 255
    43 0 255 0 231 232 32 0 255 0 255 0 0 255 0 0 255 113 255 228 0 104
    0 0 255 0 0 255 223 255 255 0 255 255 50 255 255 0 0 0 255 0 255 255
    0 255 147 0 255 0 0 109 255 0 0 0 255 0 87 255 0 255 0 255 0 255 0
    255 255 193 201 0 0 0 84 255 0 0 0 255 255 0 0 46 255 255 0 255 109
    255 255 0 255 255 0 255 145 0 255 0 255 255 0 255 255 0 61 13 160
    212 0 95 0 0 0 255 100 255 151 129 34 0 255 0 0 255 0 188 255 44 0
    255 12 255 152 255 0 255 0 0 255 0 0 123 255 105 255 0 0 0 255 0 255
    255 255 0 105 206 255 0 0 255 30 255 239 255 0 255 0 255 255 0 255
    255 0 182 0 255 255 128 255 0 255 255 255 0 219 0 0 0 255 0 255 255
    0 255 106 67 255 255 255 245 0 255 255 0 255 0 255 255 255 255 0 255
    181 255 0 77 255 0 255 0 255 0 255 0 255 195 255 0 255 0 0 255 255 0
    0 0 162 0 12 0 0 0 255 255 0 0 44 22 89 0 119 0 255 7 255 255 0 255
    0 255 0 255 0 255 0 131 255 0 255 0 255 249 0 255 0 255 255 255 0
    255 0 0 81 64 255 255 0 1 255 0 0 255 0 255 0 255 0 0 255 0 250 255
    0 0 43 255 0 255 255 255 0 255 0 255 50 0 255 255 0 0 0 0 0 0 255
    163 255 255 0 0 0 255 169 255 253 30 255 255 255 0 255 0 255 255 255
    255 0 255 0 0 0 255 0 255 0 255 61 255 218 255 239 0 255 143 0 255 0
    255 255 255 0 255 0 255 0 255 255 0 107 255 201 255 0 255 0 0 0 0 0
    255 0 0 255 255 0 255 255 0 255 0 255 0 0 255 0 255 0 255 136 255 0
    0 58 255 144 0 255 0 3 255 0 130 0 0 255 0 255 0 255 255 176 0 0 170
    0 255 0 201 0 208 185 0 255 255 0 255 255 0 255 0 255 0 64 0 0 12
    255 255 0 255 0 255 0 0 255 255 0 255 0 255 0 180 255 255 255 238 0
    0 255 255 255 0 154 255 255 0 255 0 0 254 255 255 0 0 255 0 255 42
    236 0 255 255 255 0 0 255 0 255 118 0 0 38 255 0 64 0 238 0 49 83
    255 0 255 206 0 129 255 0 255 0 0 255 5 0 255 0 255 255 123 255 0 67
    255 3 255 0 255 0 255 0 255 0 44 255 208 0 255 103 63 255 55 0 255
    145 151 0 204 191 255 0 127 202 0 255 0 255 211 255 255 0 0 14 0 255
    0 171 255 14 255 255 18 255 255 0 255 255 53 0 110 226 170 0 255 0
    255 255 0 0 0 255 0 0 255 0 255 121 0 255 22 255 255 255 255 105 255
    0 215 64 255 0 255 0 87 139 255 0 27 0 0 255 255 0 164 255 255 0 255
    0 82 255 255 0 58 255 192 238 0 255 255 0 41 255 255 255 0 255 255
    164 0 255 92 78 100 0 255 0 255 0 255 0 106 218 0 235 0 167 0 255
    206 0 255 246 114 255 255 0 255 255 0 254 255 217 0 255 0 216 22 100
    255 255 0 255 255 77 0 0 255 0 0 255 0 0 255 0 255 30 0 255 0 0 0 45
    255 0 177 255 255 0 0 223 0 255 255 255 0 255 0 33 255 0 255 0 0 0
    152 255 255 255 83 0 255 0 255 0 255 92 255 0 255 0 0 255 255 255
    255 0 0 199 0 0 93 255 15 0 0 144 255 0 255 0 0 0 0 140 44 0 0 255
    255 0 255 255 0 255 0 255 230 255 0 0 45 255 0 2 0 255 255 14 255 33
    255 141 220 255 0 255 31 0 72 255 227 146 72 255 135 255 0 255 0 255
    185 255 255 85 255 3 65 203 0 255 255 0 125 0 255 0 18 255 0 255 0 0
    255 203 0 255 255 36 0 255 0 255 255 255 0 0 0 255 0 255 255 132 0 0
    255 0 255 105 255 0 255 255 255 0 255 0 255 255 0 255 255 255 130
    255 0 255 0 255 255 0 0 0 255 0 255 107 255 0 255 164 255 137 112
    255 0 0 0 255 0 55 255 68 255 255 255 6 113 255 128 108 255 0 255 0
    255 0 255 255 255 46 0 239 0 144 255 255 0 0 0 255 139 0 255 0 0 0
    32 255 0 0 212 249 0 100 255 0 0 255 255 0 255 0 255 255 251 231 0
    255 0 0 255 0 255 0 255 148 133 0 0 255 0 0 0 255 0 255 0 0 164 255
    255 0 255 0 255 255 0 255 255 45 255 255 0 0 255 255 122 255 0 255
    255 157 255 0 255 255 0 255 255 255 255 255 255 0 0 42 255 0 255 0 6
    0 255 0 255 0 255 46 255 0 255 0 255 219 0 0 255 0 142 0 255 156 204
    0 0 255 0 0 0 255 255 163 0 255 0 0 0 255 0 0 138 255 0 255 255 0
    255 0 0 0 0 0 206 0 255 255 0 255 0 255 255 0 255 0 255 0 255 255
    131 255 0 120 234 0 255 177 255 0 90 0 0 0 222 0 0 47 255 112 0 255
    0 0 0 255 0 134 255 255 0 255 0 255 0 255 0 0 0 255 0 165 255 255 0
    255 0 255 255 255 0 255 170 0 255 0 255 0 255 24 53 0 255 55 255 255
    255 255 0 255 120 0 0 0 255 0 255 0 0 255 0 255 255 0 0 0 255 0 245
    255 0 255 0 240 255 255 165 255 0 255 255 255 255 198 255 0 0 255 0
    46 0 0 255 0 255 0 0 255 0 255 0 255 0 255 0 0 255 0 255 0 39 0 255
    255 135 0 0 28 255 0 255 0 255 25 255 255 46 0 0 158 80 0 255 113
    255 0 255 252 225 229 0 255 255 214 0 0 255 37 0 159 255 0 164 255 0
    0 255 0 0 255 0 255 255 193 170 0 255 255 255 0 80 0 255 0 0 0 255
    170 80 255 0 255 0 255 255 255 0 255 0 255 0 255 0 5 255 255 0 73 0
    0 147 255 255 136 0 0 255 0 0 255 0 0 255 0 0 255 120 0 255 217 255
    0 0 255 0 0 255 0 0 255 255 188 0 255 0 255 255 0 0 255 14 255 75
    255 117 255 0 255 255 226 255 0 255 229 255 0 89 0 0 255 255 0 255 0
    0 0 255 0 255 138 255 242 255 22 255 0 255 255 0 0 255 0 255 66 0 0
    255 255 255 255 255 0 0 255 255 0 46 255 0 255 216 72 255 255 248 0
    83 0 255 255 0 255 0 151 255 0 246 253 0 255 0 255 0 240 255 239 255
    188 110 255 176 182 0 0 0 0 255 0 0 120 0 255 255 0 255 255 177 182
    0 0 18 131 230 0 255 177 0 228 94 0 255 255 180 0 90 165 0 0 61 103
    0 0 64 0 255 255 0 0 98 255 188 255 0 0 255 0 255 255 0 255 91 255 0
    0 0 55 255 0 255 84 0 255 133 78 255 116 0 255 0 255 255 255 0 255 0
    152 255 0 0 255 0 255 0 0 255 229 255 0 0 0 255 255 0 0 255 0 255
    255 137 0 0 0 255 255 255 0 255 255 0 255 0 173 14 0 255 0 31 106
    255 255 255 0 95 0 255 0 0 255 255 0 255 36 0 255 255 0 0 255 255 0
    255 0 255 0 255 118 0 0 255 0 255 0 0 255 0 255 255 0 255 0 255 0
    255 0 98 0 255 144 0 255 0 255 255 0 255 0 0 255 255 255 255 124 32
    255 0 17 0 255 153 132 0 255 0 75 0 255 255 0 0 0 255 0 255 0 0 0
    255 231 249 0 0 255 255 0 255 0 255 0 0 0 255 255 0 255 0 255 255 0
    255 255 187 60 255 0 255 0 0 255 0 255 83 255 255 94 46 0 255 0 255
    255 255 255 0 255 0 255 255 0 255 0 191 0 161 255 255 0 255 0 0 207
    0 255 79 255 255 255 0 234 0 169 197 252 0 87 0 0 99 255 0 255 0 0
    255 0 255 208 0 0 255 0 101 0 21 0 136 255 255 0 0 255 255 255 0 255
    64 0 255 0 101 0 255 0 0 255 0 255 0 255 0 255 255 155 255 255 255
    140 255 181 243 255 255 250 0 255 0 255 190 222 255 0 0 255 0 0 63
    255 205 255 0 224 0 224 0 0 156 0 255 0 255 255 0 255 0 0 255 0 255
    0 255 0 0 180 255 218 0 255 227 0 255 147 0 255 255 144 0 87 0 0 0
    31 163 0 101 255 0 255 255 0 0 255 0 255 0 255 0 255 106 255 0 255 0
    222 255 0 0 14 0 255 0 0 139 255 0 81 255 0 0 255 0 255 255 241 0 70
    0 0 255 0 255 56 155 255 15 255 255 0 255 255 24 255 34 255 0 255
    255 100 0 255 241 0 0 0 149 255 0 255 0 255 52 255 255 113 0 255 0 0
    0 0 188 255 0 255 36 0 255 0 0 0 255 0 255 255 0 255 0 0 255 255 255
    0 234 255 0 255 0 255 0 255 255 98 255 82 255 255 63 255 255 0 255 0
    0 0 0 255 255 0 0 255 255 46 141 255 0 0 255 0 255 0 20 255 0 0 0 0
    255 255 0 255 255 0 222 255 225 0 255 0 255 0 255 0 255 255 0 0 0
    234 255 255 239 0 255 0 0 149 255 0 0 255 0 0 0 255 0 0 255 0 0 255
    0 255 0 0 255 0 0 255 148 0 153 255 0 0 0 255 109 40 255 255 0 156
    255 255 0 255 0 255 0 0 124 28 0 0 125 0 0 255 255 0 0 255 97 255
    255 255 0 255 226 0 255 255 0 255 0 255 0 255 255 12 255 0 255 0 0
    255 255 0 255 0 255 255 0 0 0 255 255 255 255 0 255 0 255 86 255 0
    255 80 0 255 255 0 0 115 255 50 0 255 255 255 0 255 205 255 0 255 0
    255 255 0 255 255 255 0 54 0 181 0 119 182 255 0 0 255 0 127 0 0 0
    255 0 255 233 12 0 255 0 197 0 0 255 255 0 255 255 255 255 0 0 0 255
    100 0 255 0 255 61 136 59 255 0 255 0 131 48 255 0 255 0 255 0 61 0
    255 0 255 0 255 0 255 0 153 0 0 255 0 255 0 84 0 105 0 0 205 0 0 0
    255 217 0 255 255 0 241 255 0 0 255 0 0 52 153 0 255 255 234 0 255 0
    0 255 255 0 131 0 255 255 0 255 192 0 255 0 255 0 0 0 172 0 0 97 255
    255 0 255 255 0 0 255 0 255 255 0 156 0 255 255 0 255 255 0 255 12
    255 0 0 171 116 255 255 255 255 0 0 0 0 255 0 0 255 19 0 255 0 255
    255 211 255 255 0 255 0 255 255 0 255 0 255 0 0 255 0 255 0 0 255
    255 0 240 255 244 0 255 0 0 3 0 0 0 255 255 255 0 13 255 0 200 0 0
    255 238 0 255 244 255 0 0 98 255 0 0 180 0 255 23 0 0 0 255 255 0
    255 103 116 0 196 0 0 0 0 255 0 255 0 255 255 0 0 0 255 0 255 255 0
    255 0 0 0 255 0 0 242 255 138 0 64 255 196 0 0 255 51 0 255 255 0
    255 89 255 79 0 74 192 255 130 0 0 0 255 0 255 0 255 0 0 255 0 255
    70 255 255 0 255 0 255 0 255 0 255 0 0 0 255 64 0 255 0 255 149 255
    0 255 187 255 110 255 59 255 255 117 255 236 0 255 255 0 255 0 255
    255 0 0 255 181 0 255 255 255 226 166 0 127 0 0 255 0 0 128 0 255 0
    0 233 0 255 0 232 255 255 0 255 0 255 255 0 20 255 255 0 0 0 13 255
    255 14 255 0 255 0 255 0 182 255 0 255 0 255 0 255 0 255 0 216 0 0
    255 0 0 255 255 216 255 0 255 0 0 0 255 247 0 184 0 255 42 0 255 203
    255 0 0 0 0 71 255 255 0 255 0 49 255 23 0 255 255 0 255 0 255 0 255
    255 0 255 36 255 100 199 0 58 186 0 255 0 0 77 0 0 255 0 0 0 63 255
    70 0 255 255 255 0 0 0 116 255 82 0 168 222 0 255 0 255 255 0 255
    167 255 0 255 0 0 0 255 0 255 0 5 255 0 0 255 0 0 0 255 18 255 255
    50 0 0 255 252 0 255 0 242 0 255 0 0 14 0 255 255 0 0 255 2 255 0
    255 0 255 255 0 0 255 255 0 255 255 126 255 0 255 0 157 255 255 255
    0 255 155 63 253 0 255 255 208 0 255 0 255 0 0 0 0 0 0 255 255 0 0 0
    217 255 0 255 132 255 0 255 0 143 0 0 0 255 174 0 195 0 0 255 3 0
    255 241 255 255 0 255 245 255 255 255 99 255 255 119 0 255 255 0 255
    255 0 226 255 0 0 255 0 0 255 255 255 0 0 220 255 0 109 0 255 0 207
    0 0 0 255 255 0 255 1 0 6 0 254 0 255 0 255 255 0 0 255 0 255 0 208
    158 255 0 255 223 150 213 44 0 190 255 127 22 255 255 255 255 255 20
    0 79 114 0 255 0 207 0 0 137 255 0 255 204 255 0 0 255 0 255 0 255
    255 0 255 255 0 217 238 255 255 255 255 0 164 255 255 241 0 0 255
    255 255 255 0 226 0 255 0 0 255 255 0 255 0 40 0 25 255 0 255 0 0 0
    255 255 18 255 0 0 255 0 255 34 0 0 202 255 0 255 0 112 0 0 255 72 0
    0 0 195 255 0 127 0 172 233 255 0 0 0 0 255 255 0 255 0 0 182 66 0
    255 177 255 0 0 255 0 228 0 255 222 0 160 67 0 255 0 6 0 255 45 22
    255 0 255 54 0 255 0 255 64 255 255 255 0 255 255 255 0 255 0 255
    122 255 0 31 255 0 183 255 0 255 0 44 255 255 0 255 0 0 255 255 255
    0 79 0 255 0 255 0 185 216 0 255 0 255 94 255 0 255 0 0 255 0 252 0
    255 0 0 255 0 255 0 255 255 0 0 255 255 8 50 255 255 0 255 12 165 0
    205 0 0 255 255 255 97 255 60 255 255 255 255 0 82 255 0 255 255 89
    0 0 255 0 255 0 255 255 255 0 244 0 47 0 255 91 0 255 214 255 120 0
    255 0 255 255 255 0 255 0 13 0 0 255 0 255 0 255 255 0 255 255 135 0
    255 0 255 255 114 255 0 0 255 0 0 255 255 255 130 0 255 255 109 0
    255 110 41 255 91 0 131 0 255 134 255 0 0 142 255 255 255 2 54 0 255
    154 255 32 201 255 0 255 0 0 255 0 255 71 255 179 0 255 0 0 255 0 6
    255 0 255 0 255 255 0 220 34 46 255 255 0 120 255 0 255 0 255 255
    255 149 0 68 134 0 255 0 255 0 0 255 255 0 0 255 0 28 163 131 170
    255 255 255 0 255 233 31 255 255 0 255 53 0 227 255 222 0 0 255 0
    255 255 0 32 68 125 255 255 0 193 255 0 0 0 0 228 255 116 255 255 0
    0 255 0 255 0 97 0 255 255 235 31 255 0 253 0 255 0 255 0 255 152
    173 0 255 0 0 0 255 255 0 255 0 255 0 162 255 0 0 255 0 255 255 1 0
    255 0 187 0 255 60 0 255 0 255 100 0 184 0 255 0 0 255 140 255 39 0
    218 255 147 0 0 191 255 0 0 205 255 80 0 255 255 238 255 156 0 255 0
    0 232 255 255 255 0 255 255 0 255 0 118 215 247 255 255 255 0 94 255
    0 255 255 0 255 202 255 0 217 21 255 0 0 0 255 255 0 0 0 255 255 255
    0 0 0 255 0 0 0 255 255 100 0 255 178 149 255 0 0 131 0 117 213 255
    255 0 175 0 255 0 0 127 255 255 255 255 103 0 255 0 255 255 255 255
    0 0 255 0 0 255 255 0 255 6 68 255 255 255 0 255 0 255 91 165 255 0
    0 119 0 255 159 0 0 255 0 192 0 255 0 0 255 0 255 0 255 0 255 0 0
    255 0 255 0 0 255 0 8 255 0 0 192 255 0 255 223 255 30 0 255 0 255
    255 30 0 0 0 255 0 14 255 49 188 255 255 0 255 0 255 0 255 0 113 0
    255 0 70 76 0 107 255 98 0 255 197 255 0 0 0 0 255 64 0 44 255 255
    91 0 255 201 0 215 0 255 255 0 255 0 255 0 0 103 98 0 255 0 255 255
    0 255 255 0 16 255 169 255 255 255 0 15 255 0 0 255 89 0 211 0 255 0
    255 0 0 197 0 0 201 101 0 0 255 0 255 189 0 0 255 128 0 255 0 0 255
    0 232 0 0 255 0 255 232 0 167 232 0 255 255 0 255 255 255 174 0 0 0
    0 255 0 0 87 10 255 0 0 0 255 0 0 0 255 255 255 0 137 53 14 0 0 232
    255 159 0 255 0 200 255 146 100 255 255 0 255 72 0 255 0 17 255 0 0
    255 0 144 65 1 18 255 0 255 0 0 255 255 0 161 0 255 255 6 0 0 255
    255 0 255 197 0 255 89 0 255 0 255 25 0 255 0 255 207 255 255 255 0
    255 0 0 255 0 171 153 0 255 255 255 0 62 0 0 45 207 255 22 255 0 56
    255 38 0 0 0 186 0 0 0 54 255 255 0 61 164 255 255 255 0 255 130 255
    0 255 56 0 255 0 147 255 0 255 0 208 255 255 0 255 255 0 255 172 228
    182 245 0 133 112 255 16 0 255 0 255 0 255 0 255 255 0 0 0 255 255
    63 0 0 255 20 0 255 255 221 0 0 255 255 0 255 255 74 0 255 255 255
    255 61 255 0 255 203 0 255 90 174 0 153 255 0 255 255 255 125 0 255
    255 0 255 255 209 255 0 255 56 74 255 255 0 255 255 255 155 0 163
    168 255 255 0 255 255 0 62 255 255 0 0 68 255 0 0 0 0 0 255 255 255
    255 255 71 0 255 0 255 179 62 255 57 255 255 0 255 0 0 143 150 255 0
    255 0 255 0 255 209 0 182 100 255 0 255 0 54 255 0 255 255 0 255 0
    255 255 223 11 25 255 0 255 0 255 0 222 132 167 255 255 253 81 255 0
    242 118 66 255 0 255 0 187 239 255 0 0 255 0 0 255 0 0 255 0 255 255
    0 77 152 0 255 0 72 255 0 255 0 255 0 0 201 255 0 255 255 255 0 0
    255 22 0 0 255 36 255 255 36 0 0 35 255 0 0 240 255 255 0 0 255 0
    255 59 0 0 255 0 255 255 0 255 153 0 255 0 65 255 0 0 255 0 123 255
    0 92 0 255 0 255 0 233 0 0 255 255 255 255 160 0 0 255 0 255 255 226
    0 255 255 0 255 0 255 0 110 0 0 255 255 255 0 255 237 81 0 255 255 0
    0 255 255 0 0 255 0 0 255 255 121 0 0 255 255 0 0 255 255 255 0 255
    255 0 248 255 0 30 0 255 164 195 0 0 255 0 0 0 0 0 0 67 7 255 0 0 63
    167 11 0 68 255 200 0 255 255 0 255 179 0 119 255 0 54 0 18 255 255
    255 0 119 0 255 0 255 0 0 0 255 0 0 122 180 232 255 255 0 0 255 255
    0 0 223 255 0 255 0 0 95 255 255 64 255 255 0 0 255 0 153 255 0 0
    255 0 255 255 162 0 139 255 0 0 0 54 0 0 0 0 255 0 255 208 255 0 78
    0 0 255 255 0 0 255 0 255 0 0 255 255 255 255 0 255 0 255 0 0 255 0
    255 87 148 0 255 0 203 0 255 255 0 220 255 0 0 255 0 255 0 255 0 0 0
    255 0 255 0 255 255 0 255 255 0 0 255 12 7 255 0 255 255 27 69 0 0 0
    0 255 255 21 0 0 255 0 28 0 255 0 227 255 191 255 128 250 255 0 0 0
    255 0 255 149 255 0 0 255 0 255 0 255 255 0 0 255 0 255 0 255 0 0 0
    255 172 50 255 0 255 255 97 0 255 255 255 0 255 0 247 255 255 0 255
    108 255 0 255 0 146 0 255 0 222 0 255 255 255 255 255 0 255 255 255
    215 255 198 174 255 0 183 255 0 197 0 251 248 255 255 0 0 255 0 0
    255 41 0 255 0 0 255 0 255 0 255 255 255 255 0 0 0 255 0 48 0 255
    255 141 255 104 120 0 255 0 0 100 0 255 255 0 37 255 255 0 255 255 0
    255 255 0 0 255 0 0 255 166 255 0 255 0 0 255 255 0 179 0 255 0 44
    255 185 255 255 0 201 2 121 255 255 255 0 255 171 255 0 255 255 255
    0 0 255 0 0 255 255 255 0 0 255 255 0 255 255 255 0 52 255 255 255
    255 0 255 255 0 255 255 0 255 0 38 255 255 0 0 255 255 0 13 34 255 0
    255 0 255 0 0 0 255 0 193 255 255 0 134 255 255 54 255 0 255 74 255
    132 255 0 0 0 255 195 0 0 255 255 0 255 0 255 0 0 0 255 0 191 0 255
    0 239 0 173 255 0 124 255 255 255 255 0 0 255 0 0 255 0 255 0 255
    255 0 255 0 185 0 255 0 0 0 255 0 155 255 0 255 143 0 255 0 255 0 0
    7 0 0 255 255 255 0 255 0 255 0 168 0 19 255 0 0 255 0 0 255 0 236
    255 0 0 255 255 255 0 191 0 0 255 0 255 0 118 148 0 255 0 0 255 0
    255 255 0 0 12 255 0 255 0 0 255 207 161 238 0 0 255 3 11 255 0 255
    0 0 0 255 255 0 255 255 14 0 255 0 0 96 255 255 255 0 255 0 255 154
    255 255 255 0 255 71 255 255 88 255 255 0 20 255 0 255 255 0 0 0 0
    255 0 151 255 0 152 0 0 0 255 255 0 255 0 255 255 0 255 254 255 72 0
    101 0 255 255 0 255 0 0 182 96 255 215 0 0 255 0 0 0 210 0 0 255 0
    208 255 0 0 255 26 0 255 255 255 0 0 255 255 255 0 245 61 255 0 255
    255 0 254 255 169 0 0 0 0 255 0 0 255 0 165 255 0 255 255 0 255 0
    222 95 255 0 0 0 0 255 255 0 255 94 255 162 255 54 255 0 7 255 0 212
    63 255 0 255 255 0 255 0 0 255 111 255 135 255 0 255 0 255 255 255 0
    255 255 255 0 73 255 0 255 0 0 255 255 241 0 255 255 0 255 0 255 88
    0 255 17 0 255 0 255 255 0 0 255 116 255 0 255 255 0 91 0 255 0 255
    255 255 0 0 255 84 255 0 255 231 255 255 0 255 0 129 255 44 94 255
    255 0 0 87 255 195 255 255 255 0 255 1 0 255 124 4 255 255 182 255 0
    255 0 0 255 0 0 0 198 255 0 0 255 0 255 0 255 0 255 0 235 0 255 0
    255 0 119 0 255 255 0 255 71 0 0 255 0 0 255 0 255 0 0 116 0 111 0
    255 0 212 255 0 255 255 0 97 0 217 0 0 157 0 0 0 255 135 0 113 255
    75 0 255 255 0 255 0 255 0 255 0 255 255 10 0 255 35 255 159 233 145
    255 0 255 0 0 0 255 255 0 0 255 0 0 255 59 255 0 255 0 255 255 0 255
    145 0 255 0 255 0 165 0 255 0 255 0 255 0 0 0 39 255 0 0 255 30 255
    255 255 0 255 0 255 0 249 0 255 114 0 255 255 255 0 16 255 48 255
    255 0 255 0 0 41 19 148 104 0 0 0 255 0 255 0 255 0 37 0 255 0 255
    172 224 255 255 0 255 0 255 255 0 117 255 184 0 0 96 0 189 255 0 255
    35 0 255 255 255 255 64 173 255 255 0 0 255 235 255 0 0 255 255 61 0
    86 255 0 0 255 255 0 191 0 0 255 103 139 176 255 239 0 255 140 0 0
    255 0 79 0 255 255 0 255 255 133 42 0 255 0 255 92 15 39 255 255 0
    255 0 255 56 0 134 255 0 151 0 15 255 0 0 255 0 255 0 170 255 255
    255 0 255 0 0 255 255 0 29 255 68 0 33 69 255 255 255 0 255 35 255
    255 0 255 255 255 255 0 0 138 0 255 0 255 137 255 101 0 219 0 0 0
    255 255 255 0 0 255 0 255 0 255 179 255 0 95 109 0 255 0 0 255 0 66
    255 0 255 176 0 0 255 255 0 0 55 255 255 0 255 0 255 0 0 0 0 118 255
    0 255 0 255 0 255 255 72 255 0 255 0 255 255 0 26 0 255 0 0 78 0 255
    255 0 255 0 0 255 0 255 0 255 202 232 255 0 255 0 160 0 5 255 0 0
    218 255 0 0 133 255 255 206 255 255 0 0 5 116 255 255 198 0 0 255 0
    0 139 255 0 255 0 0 52 255 255 0 255 255 255 0 255 255 0 255 0 255 0
    255 0 26 148 7 255 0 211 0 255 0 0 255 0 255 23 255 149 255 0 255
    255 0 0 0 0 214 255 0 255 0 219 25 255 137 0 255 187 255 0 255 34
    255 0 0 255 255 0 255 0 255 0 255 0 0 0 0 189 255 0 255 255 255 0
    255 234 177 255 255 0 255 0 255 148 191 123 0 0 102 0 0 118 255 0
    255 213 0 255 161 255 0 0 255 255 0 255 0 0 0 255 0 156 175 0 0 255
    0 0 239 0 0 255 0 146 0 142 61 0 0 148 255 255 0 159 0 118 255 255 0
    167 255 0 0 255 0 255 0 255 255 0 0 255 0 255 255 61 0 0 255 43 255
    0 27 255 255 0 137 0 255 255 255 0 0 0 0 57 255 0 255 255 136 0 255
    255 0 227 0 255 0 255 255 212 0 0 255 117 255 255 194 0 255 255 0 0
    135 65 0 255 0 255 0 142 255 27 255 0 0 255 255 0 255 255 255 255 0
    0 255 0 255 0 73 0 255 81 255 0 255 0 0 255 0 255 229 0 255 0 255 0
    0 255 0 255 0 255 0 255 0 208 255 100 10 255 255 255 255 0 0 255 0
    65 94 0 255 0 67 255 0 235 0 255 0 255 140 4 0 0 255 0 238 255 152 0
    255 0 0 101 255 0 255 0 255 0 11 0 255 0 252 255 0 0 255 0 255 255
    12 0 0 0 255 255 0 255 255 193 193 0 0 0 42 255 0 255 12 0 104 0 0
    255 0 255 0 255 10 255 0 255 0 255 0 255 0 0 255 255 255 0 218 255 0
    132 255 0 255 0 255 0 237 0 255 255 255 0 0 255 6 255 255 0 112 255
    214 255 240 255 0 255 250 255 0 0 255 255 0 0 255 0 255 0 255 0 79
    255 255 36 0 255 255 254 255 233 199 0 227 25 0 255 242 255 0 255 0
    255 0 255 0 0 255 96 255 163 255 0 0 0 0 0 0 255 0 255 255 0 255 255
    0 255 0 255 255 255 0 255 255 0 60 95 0 255 255 0 255 255 0 255 4 0
    255 0 255 0 0 255 255 243 213 255 0 0 255 0 255 255 7 0 0 255 255 0
    0 255 253 0 8 0 240 0 255 255 185 0 0 0 255 0 255 255 0 255 198 255
    0 255 67 255 0 255 255 255 200 255 154 136 63 168 255 0 255 255 24 0
    0 0 255 255 255 0 255 0 255 0 255 255 0 255 255 0 196 255 141 255
    255 0 255 255 247 255 0 255 0 255 0 255 255 0 255 255 0 0 255 0 0
    255 255 0 0 255 3 0 255 126 0 255 0 0 0 0 0 255 255 255 0 6 255 255
    0 0 94 255 212 0 0 255 255 0 255 0 55 255 0 0 255 255 0 239 0 0 255
    182 75 255 0 14 0 0 0 0 0 255 0 0 255 255 0 255 255 149 0 255 255
    148 255 0 0 0 255 255 255 255 0 255 0 255 0 0 0 255 172 255 67 255
    229 0 0 0 0 255 28 255 0 0 255 255 173 0 0 0 255 0 255 0 255 216 255
    0 166 255 255 0 0 255 255 255 255 255 73 0 255 0 0 255 0 255 0 255 0
    130 0 213 0 255 0 124 0 109 0 255 0 255 143 255 0 0 255 0 0 255 82 0
    73 0 255 0 255 255 255 0 0 175 0 73 255 0 255 0 255 255 0 0 206 0
    255 0 255 0 255 255 154 0 133 0 255 0 255 255 255 0 0 255 255 0 45 0
    255 0 0 255 0 255 10 0 255 255 0 255 0 183 204 255 0 73 0 255 0 34
    255 255 255 41 255 105 0 255 255 0 0 0 0 220 0 0 200 0 255 0 171 255
    0 0 0 255 0 255 0 255 0 80 255 0 255 255 0 255 255 255 0 255 0 0 255
    255 194 255 52 0 255 0 255 0 0 255 0 255 0 0 255 255 255 0 0 255 0
    113 255 0 182 113 0 255 255 255 0 1 44 0 0 18 255 154 69 255 0 255
    255 63 255 255 0 0 255 0 0 255 218 255 0 255 218 165 0 215 255 151 0
    0 255 0 243 0 255 255 255 0 255 0 0 255 0 0 255 0 0 255 0 0 255 0
    255 0 255 33 255 0 213 255 0 255 0 0 255 8 255 0 0 255 255 212 0 209
    0 0 255 0 188 255 0 255 0 255 255 255 211 0 255 0 255 0 255 0 255
    255 0 0 255 0 0 255 255 206 0 0 105 255 255 62 255 255 255 255 0 0 0
    255 0 255 0 255 0 0 255 255 0 0 255 255 64 255 255 255 0 255 255 0
    255 255 255 166 255 255 0 0 255 219 0 0 255 255 255 255 0 255 0 0
    131 255 0 0 255 159 223 84 255 0 255 0 255 255 255 190 123 12 0 46 0
    0 255 250 255 0 0 0 126 255 255 255 0 255 0 255 0 255 255 46 255 0
    255 0 255 0 255 67 237 174 255 0 0 0 255 0 124 0 0 20 81 111 255 0
    255 0 208 0 0 255 0 255 255 0 0 255 255 0 0 0 160 255 219 255 0 255
    0 0 255 255 255 0 255 16 255 0 74 0 255 0 255 255 0 255 255 0 255 65
    0 255 84 44 0 219 255 0 255 255 0 0 125 92 0 142 255 0 255 0 0 255
    255 0 228 255 255 255 0 255 255 0 255 212 255 0 255 0 255 58 44 0
    237 255 0 0 255 0 255 0 0 255 0 255 40 0 171 255 255 0 237 0 255 0
    255 140 134 0 255 255 0 255 0 88 0 0 0 255 0 0 255 255 0 255 0 255
    255 0 255 255 0 109 0 189 150 255 0 0 255 255 0 255 50 0 255 255 255
    0 255 0 255 161 220 0 255 0 255 0 255 42 166 128 0 0 255 255 255 0 0
    255 0 255 0 160 255 255 255 0 255 234 0 146 211 30 0 255 0 255 0 0 0
    255 134 255 69 76 0 0 255 255 0 0 255 0 255 0 255 0 255 255 0 0 175
    255 255 255 67 0 255 0 255 25 255 255 0 0 0 0 255 0 255 215 0 255 0
    0 0 214 0 255 230 229 255 0 255 255 255 0 235 255 0 255 0 255 255
    236 0 0 0 0 255 0 255 0 0 0 255 0 0 255 0 0 255 0 0 255 0 255 0 255
    0 255 0 255 84 255 0 0 255 0 0 53 255 255 0 255 150 0 255 255 255 0
    0 255 0 255 255 0 255 0 255 0 255 255 255 3 255 149 255 0 255 0 255
    0 0 223 0 255 214 255 0 255 0 255 255 33 255 255 255 34 0 255 0 255
    100 255 102 0 255 0 0 0 255 0 255 0 0 255 0 255 255 0 0 255 142 0 93
    0 255 0 153 255 255 0 0 201 255 16 0 255 122 0 255 171 255 255 255 0
    255 0 0 43 255 0 255 0 0 255 0 0 0 183 0 255 0 255 88 128 255 255 0
    0 0 255 255 0 0 0 169 255 0 0 255 0 223 255 0 255 0 0 255 255 0 0 0
    255 255 0 0 0 0 255 206 0 255 255 255 244 119 0 215 213 255 0 143 0
    246 255 0 0 255 24 0 255 255 0 255 255 0 48 0 0 184 0 255 248 0 0
    255 120 0 255 255 255 234 155 0 255 0 0 255 255 255 255 255 0 255 0
    255 255 0 0 0 255 121 0 255 0 255 66 0 0 255 191 255 255 0 136 178
    255 153 255 0 255 184 249 0 255 51 79 255 0 255 140 0 0 255 0 62 255
    255 0 0 255 0 0 255 0 0 0 0 255 0 0 0 0 255 235 0 167 0 0 46 255 255
    90 255 255 0 220 142 0 255 0 255 255 255 0 0 255 255 203 255 255 0
    255 0 255 255 0 255 71 255 0 0 255 0 255 255 0 116 0 0 255 255 255 0
    255 184 34 255 243 255 227 0 255 255 255 255 0 255 255 0 255 20 251
    255 0 239 215 255 255 0 255 255 0 236 0 255 0 48 0 0 255 0 3 0 200 0
    255 0 127 138 0 187 255 255 255 0 0 255 215 0 61 0 0 255 255 255 238
    0 255 255 57 0 255 255 0 255 255 254 0 0 89 255 28 0 101 0 176 255
    255 0 105 255 255 0 0 9 197 179 0 0 255 0 0 201 234 255 255 34 0 255
    0 255 98 9 255 0 255 0 99 0 0 52 0 157 0 0 255 207 0 255 255 0 14
    167 255 68 0 255 0 255 0 81 255 228 0 0 255 153 44 0 255 255 0 255
    255 0 255 0 255 255 0 52 0 255 255 0 255 255 0 205 255 0 222 255 255
    80 91 225 0 255 0 255 197 0 255 0 0 255 255 248 255 0 0 210 255 0 0
    255 0 227 255 2 255 255 0 207 255 223 255 0 255 0 0 255 255 0 255
    255 0 255 255 0 255 0 0 142 16 0 255 255 0 239 0 255 193 255 0 137
    255 0 6 255 0 0 203 255 255 255 255 134 0 255 255 0 255 255 0 255 0
    19 0 255 0 0 134 0 0 255 0 0 0 0 1 0 255 0 255 255 0 0 255 255 138 0
    255 0 0 0 255 0 255 255 105 255 255 0 255 116 255 222 74 255 0 255
    255 0 29 0 255 3 0 255 128 125 0 228 0 255 213 48 0 150 255 0 0 255
    255 255 0 0 255 0 255 0 255 255 255 143 255 255 0 255 0 14 0 255 255
    255 0 255 255 0 0 255 255 255 255 0 255 0 178 0 65 207 255 0 255 0
    255 0 0 0 255 0 255 97 0 255 255 47 0 255 0 255 0 0 0 255 18 255 241
    0 0 0 152 0 255 0 47 152 255 0 0 255 0 0 255 255 0 0 0 255 0 255 255
    0 238 0 255 0 255 0 0 91 255 0 0 255 0 192 15 255 0 0 255 255 0 255
    46 255 0 255 255 0 0 0 111 255 104 255 0 0 255 0 0 237 0 255 255 0
    255 255 255 0 255 0 152 255 0 255 0 255 0 255 122 0 0 255 0 255 0
    255 0 255 255 0 255 0 0 145 0 255 232 0 255 255 255 0 255 255 255 0
    255 0 0 0 255 0 0 255 255 151 173 236 0 255 0 255 0 29 171 117 255 0
    0 255 255 255 255 101 255 0 255 0 255 0 255 0 0 18 255 75 21 255 255
    255 0 255 255 0 255 44 110 255 0 255 255 0 174 117 137 0 255 51 206
    255 255 255 255 108 255 255 209 0 0 255 250 99 192 255 133 0 0 255 0
    255 0 92 0 0 255 0 0 0 255 255 255 41 255 0 169 0 255 0 15 0 205 255
    255 0 255 255 0 255 255 255 0 251 0 255 88 8 255 0 0 255 0 0 255 0
    255 0 255 0 0 255 0 255 0 255 0 255 255 0 0 255 0 255 255 161 255
    161 0 255 0 0 223 0 255 0 255 255 0 255 169 255 255 0 255 0 141 255
    159 0 255 255 60 255 255 70 158 0 0 255 0 0 0 0 255 255 255 0 255 0
    255 0 229 0 14 0 255 255 255 0 255 255 255 116 255 255 255 255 255
    255 0 255 0 0 0 157 255 26 0 0 255 0 255 120 0 255 120 0 255 255 55
    73 109 255 0 255 0 255 0 255 255 255 0 255 255 0 255 114 134 178 255
    255 0 0 255 99 152 0 0 0 255 0 0 0 223 255 255 0 255 103 255 0 0 255
    0 255 0 0 255 41 255 255 0 98 255 97 0 255 255 0 0 84 59 255 113 250
    0 255 255 0 0 255 0 61 255 255 0 77 245 255 31 0 255 0 102 126 255
    89 62 0 0 0 255 68 199 255 255 255 255 0 0 0 255 255 0 3 255 94 255
    0 0 255 255 0 255 0 70 255 0 0 255 255 255 0 236 248 0 255 255 0 255
    255 0 255 255 0 240 0 255 13 255 79 0 255 0 255 0 53 255 31 0 255 0
    153 255 0 255 0 255 0 154 0 0 255 14 0 255 66 0 174 255 255 0 255
    255 93 255 110 0 255 0 255 0 96 0 0 255 0 255 0 0 255 0 255 140 255
    0 100 0 0 0 0 206 255 255 0 255 56 13 255 255 0 255 255 0 255 0 0 0
    255 255 255 255 27 0 134 0 0 0 0 0 255 0 255 0 255 255 255 0 0 141
    255 0 0 0 255 164 234 0 255 255 0 255 255 0 0 255 0 255 0 255 218
    251 255 0 148 0 0 203 153 0 255 255 0 255 0 255 0 255 255 0 255 0
    255 0 255 0 255 0 0 255 130 0 255 0 255 0 255 0 0 83 97 255 255 0 0
    0 225 170 255 212 0 255 0 30 255 33 0 0 242 222 255 0 232 0 255 255
    0 255 255 0 255 255 255 180 0 191 255 0 0 255 0 0 0 0 255 255 0 255
    75 121 0 0 0 255 235 0 255 0 0 255 0 0 255 255 255 255 243 0 95 39
    255 0 0 255 0 42 0 0 255 0 255 255 106 0 255 0 168 0 210 0 0 255 0
    255 255 255 255 0 0 0 255 0 0 42 255 255 255 0 0 255 198 0 255 0 179
    255 255 140 0 0 255 201 0 92 201 0 161 219 0 60 98 223 51 255 0 255
    255 0 0 255 255 0 255 255 255 255 255 255 0 255 0 255 161 0 255 93
    255 0 0 255 196 0 0 12 255 255 0 255 252 255 255 239 0 255 255 0 255
    0 108 255 255 154 255 255 0 255 0 255 0 18 0 0 255 255 255 154 71 0
    255 255 146 255 196 255 255 0 0 255 255 255 0 0 255 0 255 0 20 255 0
    105 123 75 184 0 254 255 0 0 130 245 255 0 255 0 255 255 0 255 0 255
    0 0 255 255 0 255 0 255 0 0 0 0 0 255 255 155 255 0 186 255 255 0
    255 0 0 255 0 0 0 134 0 255 255 0 0 85 0 255 0 255 0 255 0 255 253 0
    0 255 158 0 0 0 255 255 255 255 255 38 222 255 0 255 255 0 0 255 255
    28 0 255 255 0 255 255 0 0 255 66 255 0 0 255 255 0 255 255 0 255 0
    255 255 0 255 255 0 255 118 213 0 255 76 255 70 255 0 255 255 0 67
    255 0 222 0 255 255 0 255 255 255 255 0 255 255 0 255 0 255 255 0 63
    119 0 255 0 0 255 0 0 255 122 0 255 0 255 255 255 0 10 0 255 0 0 132
    229 255 0 255 0 255 36 255 3 0 113 0 11 89 0 0 255 0 0 0 164 244 255
    0 255 0 249 0 255 255 0 255 0 143 255 0 0 0 255 255 0 255 0 0 255
    255 0 0 191 255 193 255 255 255 0 181 0 255 255 255 255 0 69 203 24
    0 255 249 0 146 0 255 88 66 0 255 0 0 0 0 234 121 255 0 191 0 255
    255 0 0 0 255 0 255 0 255 0 0 255 155 0 255 0 255 0 255 0 74 0 218
    25 0 255 0 80 255 0 43 0 255 0 255 0 0 0 255 89 0 255 255 255 144
    255 255 183 0 255 255 0 255 91 255 255 255 29 255 0 255 255 255 0
    255 0 255 255 0 255 55 0 0 167 255 0 0 0 0 255 255 138 0 0 255 255 0
    255 255 0 255 0 0 89 255 255 255 0 255 0 0 149 255 0 255 154 37 255
    0 0 0 0 255 0 0 255 255 0 255 0 255 0 255 0 0 255 0 255 255 0 244 0
    255 0 255 0 255 255 0 255 59 255 0 255 255 0 97 0 0 255 0 0 0 255 0
    179 190 89 255 0 204 0 0 255 126 169 255 83 152 255 255 47 0 255 0
    255 0 255 149 0 216 255 156 255 0 202 255 255 155 255 180 0 37 255
    255 255 255 0 0 255 220 0 255 0 255 72 0 0 99 255 188 255 47 255 0 0
    150 255 2 160 102 0 255 0 98 0 0 255 81 0 255 249 0 226 255 0 0 255
    255 255 0 0 255 255 0 255 0 255 0 255 53 57 0 255 0 0 255 255 255 0
    151 255 0 255 255 0 0 255 0 193 198 255 0 72 193 59 0 255 0 255 255
    0 255 0 255 255 150 255 0 255 0 46 0 255 255 0 255 0 0 255 255 0 204
    255 255 0 255 255 210 255 255 0 0 174 255 173 0 180 0 255 0 255 0 0
    255 255 0 219 69 0 228 255 165 255 255 0 0 0 255 255 124 0 255 255 0
    255 219 255 0 93 71 255 0 255 0 255 255 255 255 0 0 119 0 255 91 0
    255 255 0 255 83 255 0 0 255 255 0 0 0 0 255 0 0 0 0 0 255 255 0 10
    0 255 255 0 255 0 255 0 255 35 0 0 255 255 0 91 194 255 0 0 255 0 0
    255 0 255 0 0 255 0 255 255 56 0 0 0 255 0 255 0 255 166 0 72 0 255
    0 0 255 0 0 0 47 255 174 0 255 255 255 0 255 0 255 194 0 255 0 0 0
    255 255 143 255 255 255 26 255 0 255 255 0 255 255 251 255 255 0 255
    255 72 255 255 255 0 255 255 0 255 0 81 255 0 71 0 255 0 0 255 0 255
    0 0 0 0 0 0 0 0 255 34 0 0 163 255 0 84 137 0 47 0 255 0 255 255 255
    0 65 74 255 255 255 215 0 255 255 0 78 255 255 162 0 255 0 253 219
    198 0 255 10 0 0 255 255 0 0 191 0 255 255 87 0 51 0 255 0 0 0 255
    255 255 0 0 255 255 255 38 0 0 255 255 0 255 0 74 255 0 0 0 255 194
    0 255 255 0 0 255 0 255 0 255 31 202 139 0 255 0 255 0 255 0 255 0
    119 0 255 30 45 255 0 255 203 0 255 0 255 0 255 255 0 123 0 255 255
    255 0 255 129 0 146 81 255 255 43 0 255 0 241 255 0 202 255 27 0 255
    0 0 90 196 215 255 255 0 85 0 255 0 0 255 255 64 255 0 166 255 0 255
    0 0 255 0 0 125 255 255 0 255 0 0 255 0 91 0 255 0 0 255 26 146 255
    0 255 197 0 255 57 255 0 55 0 255 0 255 255 16 135 255 0 255 0 194 0
    255 0 0 13 255 255 0 255 62 0 0 255 0 255 255 0 0 255 128 255 0 255
    255 0 209 110 255 255 117 0 255 255 0 255 89 181 255 255 255 0 255
    255 255 82 0 255 0 154 0 255 0 255 255 255 0 122 255 255 0 255 225
    255 0 0 189 0 255 255 0 255 138 0 56 0 255 255 0 255 6 255 118 0 224
    255 255 255 0 255 0 255 255 0 255 253 255 103 255 255 0 220 255 0 41
    0 0 255 0 0 0 79 255 255 0 255 0 255 0 255 0 0 255 38 0 0 255 0 0
    255 255 177 0 0 255 255 0 255 113 0 0 255 255 0 255 255 0 255 255 0
    39 255 255 195 255 172 0 0 255 117 255 0 255 0 255 255 0 255 255 0 0
    255 255 255 0 255 49 255 0 98 255 255 0 255 105 255 255 189 183 0 0
    38 0 255 255 0 0 255 0 255 255 45 104 0 211 0 255 0 255 0 0 0 255 92
    0 255 0 124 0 255 0 255 255 255 0 255 255 0 255 0 255 211 0 255 255
    0 62 192 0 255 0 255 0 0 255 255 89 0 255 0 255 182 112 255 203 255
    255 0 0 0 255 0 255 0 255 255 194 99 235 0 255 90 19 0 255 255 0 0
    255 0 0 0 255 0 0 255 255 255 11 0 66 0 108 0 0 255 0 255 0 0 0 93 0
    255 255 0 0 0 255 0 0 0 255 0 0 0 0 255 0 255 0 0 255 255 255 0 255
    255 0 255 0 0 25 0 255 46 101 0 0 0 255 255 0 0 255 0 255 0 0 255 0
    255 0 255 0 0 255 162 0 255 153 0 0 0 255 0 255 74 0 112 255 0 255
    255 255 0 255 255 0 255 255 0 38 0 255 255 0 186 255 0 255 255 255
    255 255 136 255 0 255 255 0 0 255 166 38 0 255 0 0 0 0 255 0 7 0 0
    255 0 255 26 0 98 0 0 255 0 255 0 255 247 255 0 255 0 0 0 255 0 255
    0 221 0 0 23 255 255 95 180 255 0 0 255 190 255 0 255 0 255 0 255
    255 179 255 255 0 225 255 0 0 255 0 255 255 131 0 255 0 0 255 0 233
    255 0 0 255 255 0 168 255 0 0 255 255 0 255 0 0 0 255 197 35 177 255
    0 0 0 0 255 55 0 255 0 255 0 195 255 80 0 255 160 152 83 255 0 0 255
    255 0 126 131 255 0 0 0 255 0 0 34 255 0 0 255 155 0 255 229 0 255
    255 143 255 25 255 255 255 0 255 0 255 0 255 118 135 255 201 255 251
    1 0 255 0 255 135 255 255 0 0 255 239 9 0 250 0 255 255 107 255 67
    161 0 44 0 255 255 255 0 255 255 241 0 223 255 255 0 255 0 255 18
    255 198 133 255 0 255 255 0 0 255 163 255 186 255 0 0 0 0 255 0 0
    255 0 255 62 0 0 255 0 255 0 255 255 0 255 255 255 0 0 0 0 2 0 55 0
    116 0 255 255 255 0 70 0 255 0 255 255 255 255 255 0 168 255 0 0 255
    0 164 255 255 0 255 0 0 255 255 0 0 0 255 0 255 255 0 0 92 255 0 0
    255 125 255 0 42 0 154 0 165 0 255 184 0 253 198 0 255 255 0 238 36
    0 0 255 23 255 255 115 148 0 0 255 234 255 255 0 255 0 255 255 0 71
    255 255 0 255 0 255 0 255 0 0 0 255 255 255 255 0 255 255 0 0 255 0
    255 255 255 0 0 0 66 0 225 255 0 255 255 0 0 255 207 42 145 255 0
    255 208 0 0 255 255 94 255 245 255 255 102 90 255 0 255 159 0 0 255
    255 0 223 255 194 0 0 155 255 130 66 255 255 0 0 255 42 0 0 255 0 0
    255 89 9 255 254 0 0 255 255 24 0 48 255 0 255 0 0 0 255 150 255 255
    0 255 0 0 189 0 255 0 255 0 255 0 0 255 0 158 0 241 0 255 0 255 44
    255 0 255 255 255 255 0 255 0 255 255 255 255 0 255 0 255 162 0 0 0
    255 0 173 30 255 23 255 255 255 0 22 255 255 255 255 180 255 0 181 0
    33 0 255 165 0 255 255 0 241 255 0 0 252 0 255 255 0 255 0 103 255 0
    255 178 195 0 255 255 0 0 255 255 255 0 255 255 0 0 255 255 0 255 15
    0 0 0 255 255 0 142 0 255 0 255 0 0 0 255 255 255 0 153 255 0 255 12
    255 255 0 255 255 0 255 255 0 0 0 0 162 255 255 0 0 102 0 255 255 0
    255 255 0 255 0 103 255 0 0 89 0 226 0 255 0 255 255 217 0 0 0 255
    110 255 255 0 255 0 255 0 255 0 255 0 0 247 0 255 0 255 0 255 255
    255 216 0 0 174 0 255 174 0 255 1 0 255 0 96 0 37 255 255 126 0 0
    255 255 255 255 0 255 246 255 0 0 255 255 0 255 0 255 126 0 0 0 0 0
    0 255 255 107 0 255 118 0 0 255 46 255 255 187 0 255 0 0 100 0 255
    206 0 0 0 255 69 253 0 255 0 255 0 213 0 255 95 255 220 255 0 176
    255 255 0 0 255 255 255 255 0 85 0 255 0 255 0 255 84 255 0 12 147
    255 0 0 0 178 0 0 255 91 0 3 0 255 102 255 0 255 255 255 145 0 255
    255 255 144 0 255 98 255 139 0 255 255 0 255 0 0 255 141 255 0 0 255
    0 0 0 255 0 157 204 0 91 0 0 88 255 0 0 255 0 255 255 0 0 255 0 255
    0 0 255 0 255 255 255 0 255 0 0 255 0 177 255 0 0 0 144 0 0 255 0 7
    107 255 46 255 255 255 0 247 255 255 0 222 60 0 16 43 0 0 207 255
    110 255 0 150 0 0 255 166 255 0 0 160 19 35 0 154 0 255 71 255 0 26
    255 0 255 0 255 255 0 255 0 0 255 0 0 57 255 0 0 0 0 255 0 251 135
    255 98 85 0 0 0 255 0 255 60 46 0 255 201 0 255 0 0 255 255 0 0 0 0
    255 0 255 255 255 0 227 255 255 255 0 255 255 255 0 255 255 0 0 85 0
    0 255 0 148 255 112 0 0 255 51 0 255 131 61 255 255 255 0 255 0 209
    0 0 0 139 255 0 238 255 0 215 2 0 0 255 252 1 255 0 0 255 255 0 255
    255 255 0 0 255 3 255 0 38 255 18 0 255 0 255 0 255 255 78 208 255
    255 255 0 0 0 255 0 255 0 255 255 228 255 85 0 255 255 0 255 0 255
    173 0 19 42 0 255 0 0 255 0 255 0 255 190 255 255 255 255 0 255 40 0
    255 165 0 255 255 255 87 0 0 255 180 0 255 255 0 255 0 255 31 229 0
    255 0 255 0 0 255 0 255 0 255 47 199 0 84 0 254 255 0 0 255 0 0 23 0
    0 255 0 55 71 174 235 145 255 0 255 182 255 255 0 67 255 0 255 0 0
    255 255 0 255 255 255 251 0 47 45 255 0 22 255 240 48 255 17 255 0 0
    0 191 0 202 0 255 255 255 0 255 255 255 0 255 129 255 0 255 255 255
    255 0 255 0 70 255 255 0 245 0 0 255 255 0 0 0 255 145 255 0 255 0
    255 0 255 0 255 0 255 0 255 0 255 0 255 255 0 255 0 0 255 255 0 255
    0 0 56 255 198 73 0 255 0 255 0 0 255 0 255 0 255 255 255 0 255 240
    158 255 0 0 255 255 15 0 255 0 39 255 0 153 255 0 0 255 0 0 255 50
    255 28 255 0 150 243 0 255 0 0 255 255 0 0 255 255 0 255 0 0 255 0
    255 255 255 238 255 132 0 0 0 255 255 0 255 0 0 255 0 0 255 162 255
    255 255 0 255 0 255 0 255 0 108 122 0 0 255 145 0 255 255 255 55 255
    255 0 0 255 255 127 0 255 0 255 0 255 0 255 0 246 0 245 4 255 136
    255 216 0 0 0 255 0 0 255 255 0 255 255 255 156 255 0 0 56 0 255 255
    0 0 255 0 191 255 255 255 28 0 0 0 255 236 182 0 255 0 255 0 0 255
    255 0 0 245 255 237 255 0 194 255 0 255 0 166 0 255 251 0 244 255 0
    145 0 255 0 255 255 0 255 255 176 255 0 0 255 0 94 43 0 255 0 255 0
    0 0 255 0 0 255 0 255 0 33 0 255 255 0 0 238 255 255 0 255 0 0 32
    255 20 4 0 0 0 255 0 110 255 0 255 0 0 0 0 0 255 0 0 0 255 255 37
    255 189 8 255 0 0 160 255 0 255 255 0 255 0 255 0 131 255 255 0 39
    255 238 255 255 205 0 0 255 0 168 0 255 0 0 255 0 255 144 0 255 0
    255 0 255 0 255 0 227 255 255 120 255 0 255 255 255 0 255 0 255 0 84
    30 255 0 255 34 213 0 159 157 255 255 138 255 255 0 255 0 255 0 0
    255 255 255 0 0 0 19 0 255 0 255 236 255 255 0 0 209 0 255 255 255 0
    0 255 0 255 255 0 0 0 0 0 255 0 255 0 255 0 0 0 255 255 255 0 255 0
    255 0 255 0 255 0 0 255 255 255 255 0 255 0 0 255 41 255 120 221 0 0
    255 255 103 0 255 0 255 107 211 92 255 0 255 0 255 0 0 255 42 93 255
    0 255 255 0 154 255 163 255 255 0 113 0 0 255 199 0 255 0 255 0 26
    172 0 0 0 0 255 255 220 0 255 255 0 0 255 0 255 255 255 0 219 255 0
    255 255 230 0 0 255 0 255 255 145 255 50 22 255 255 255 255 255 0
    255 0 255 71 255 255 0 255 0 194 255 178 255 0 2 0 0 255 187 0 255 0
    0 221 0 0 0 174 255 0 255 37 255 255 196 123 0 255 0 255 255 255 0 0
    255 0 255 0 255 0 255 188 0 255 255 0 12 255 0 0 255 255 0 255 0 0 0
    0 255 0 0 241 255 255 0 196 0 0 0 255 0 15 0 255 0 49 0 255 255 0
    194 255 36 0 0 0 255 0 255 0 255 222 251 119 255 0 0 210 145 255 255
    0 53 0 77 135 0 255 0 255 255 255 255 0 0 0 0 0 255 0 255 255 212
    255 255 0 255 255 0 255 0 255 0 78 0 0 0 0 255 255 177 0 255 0 0 0
    255 0 234 255 0 164 255 0 255 255 0 255 255 0 255 255 211 255 0 119
    255 0 255 255 0 255 255 255 255 0 0 0 255 66 255 0 241 255 0 255 0
    134 14 0 255 0 0 255 0 255 0 255 0 0 255 0 255 0 255 135 0 255 0 0 0
    0 255 0 255 100 255 0 255 0 0 0 0 13 255 135 117 0 255 0 0 106 255 0
    255 0 255 0 255 66 255 0 0 115 225 113 35 255 0 255 0 0 0 255 80 255
    0 255 0 37 255 255 7 0 0 255 0 255 255 255 0 255 0 255 0 255 0 255 0
    255 255 0 0 255 0 255 0 255 31 57 0 55 85 158 0 154 0 0 249 255 214
    92 255 102 0 255 174 61 255 29 59 255 0 0 255 0 255 0 255 0 255 205
    0 124 255 0 255 115 156 241 0 255 0 0 255 255 0 255 193 0 255 248
    255 255 0 211 255 255 0 255 0 255 0 135 255 0 255 93 255 73 255 0
    255 255 0 255 0 0 255 0 255 59 255 241 0 255 249 255 0 0 255 255 255
    0 0 255 0 255 0 0 255 255 0 247 0 255 0 255 0 255 0 255 255 0 171
    139 163 255 0 38 0 226 41 217 0 255 0 25 197 255 0 0 255 0 255 0 255
    255 255 255 0 163 255 0 0 0 91 151 255 255 0 255 0 0 255 184 255 0
    255 0 255 0 255 0 215 255 255 0 253 0 255 0 255 0 255 233 255 255 0
    255 0 156 101 255 8 255 0 0 255 0 59 255 0 120 255 0 0 255 0 183 255
    153 0 148 160 9 219 0 255 255 0 255 0 255 0 255 0 255 234 255 255 0
    255 255 0 255 181 255 139 94 191 255 0 0 181 0 255 126 255 0 0 0 255
    0 255 166 0 255 255 255 255 255 0 255 255 0 255 0 29 0 195 255 0 255
    222 0 255 0 0 0 255 0 26 0 105 0 0 0 255 0 255 0 0 0 255 13 0 255 0
    255 0 255 156 88 255 0 141 0 255 255 0 0 255 0 255 255 0 0 24 0 0
    255 0 0 255 255 154 255 255 0 103 215 20 0 255 0 0 0 255 255 255 75
    255 255 0 255 0 255 115 255 255 0 0 255 0 255 0 69 255 56 0 255 0 0
    0 255 0 152 0 255 0 165 255 0 37 96 255 185 255 105 0 64 255 0 0 255
    197 255 0 233 255 255 34 255 255 0 255 255 255 255 0 255 0 0 0 0 200
    255 255 255 255 255 205 163 0 255 255 0 255 91 0 255 0 255 255 0 255
    0 0 92 0 255 0 255 0 255 0 255 255 63 0 255 255 0 255 255 0 255 0 0
    181 0 255 154 163 0 0 255 33 81 0 201 255 0 191 255 0 129 255 0 255
    255 0 246 255 0 255 117 255 0 189 0 255 0 0 0 255 0 255 255 0 0 20 0
    0 255 0 85 255 255 0 247 214 0 255 0 212 0 151 255 0 0 0 22 255 0
    255 255 0 0 9 255 255 0 255 105 103 255 0 0 255 0 0 255 255 255 255
    0 255 255 0 0 255 255 0 0 0 255 0 0 0 255 0 199 255 0 255 0 255 0
    255 109 255 0 255 0 255 255 255 0 75 0 0 255 0 248 255 0 255 25 0 0
    0 0 0 0 0 255 149 76 0 255 255 141 0 0 0 255 0 255 0 0 255 101 255 0
    0 255 255 0 255 0 255 0 0 255 255 255 255 255 0 255 0 255 0 255 0
    255 0 0 255 0 0 66 71 255 255 72 0 255 0 69 255 84 255 255 153 255 0
    255 255 0 255 0 35 0 49 255 255 255 210 0 255 0 0 170 255 0 255 124
    122 139 255 0 255 0 255 9 255 0 255 255 0 255 0 0 116 0 232 255 255
    0 0 239 128 0 255 0 255 0 255 255 0 255 0 0 124 255 0 255 175 255
    255 255 255 0 255 0 16 255 220 0 255 148 255 255 255 255 98 24 255 0
    227 0 45 255 200 255 0 255 255 255 255 255 0 255 255 0 255 0 255 0
    24 37 204 156 255 0 81 255 255 0 0 255 0 255 250 0 238 68 255 143 0
    0 255 127 93 0 255 0 0 0 0 0 255 0 255 255 255 195 255 0 0 255 9 0
    255 255 255 0 255 255 0 199 255 255 250 255 214 0 255 0 111 255 0
    255 0 49 0 255 0 255 255 0 0 124 255 0 255 0 19 255 122 255 0 211
    255 0 217 255 0 255 255 255 0 255 230 0 0 212 0 255 0 0 0 255 255 0
    0 255 0 0 140 73 255 0 255 0 0 255 255 255 255 148 0 182 255 0 255 0
    255 255 255 0 255 255 255 80 255 0 0 0 255 0 0 255 134 127 117 0 0
    255 0 0 0 255 0 255 0 50 180 0 140 229 111 255 236 73 0 172 255 11
    204 0 0 184 255 255 0 0 255 255 30 0 237 255 0 0 255 255 0 255 255 0
    38 0 49 0 255 113 0 13 255 255 0 255 0 19 255 244 137 255 255 0 98
    11 0 0 0 229 0 0 6 255 44 255 0 0 255 0 0 255 0 0 255 0 0 0 255 255
    96 0 226 0 0 0 0 255 0 255 65 0 0 0 255 0 0 255 0 66 0 255 255 0 72
    255 0 64 255 0 0 0 0 0 255 178 0 255 0 255 0 0 0 185 195 255 255 0
    255 0 251 255 96 0 0 0 83 255 255 159 0 0 0 255 0 255 0 0 255 0 255
    255 255 255 0 255 0 255 0 255 255 255 0 255 255 85 0 0 43 190 0 255
    0 255 123 73 255 15 0 255 255 0 255 0 37 255 0 0 255 175 255 0 255
    52 255 146 0 0 0 255 255 9 210 255 0 0 255 255 0 0 255 0 255 255 255
    0 255 78 0 0 0 0 0 255 255 170 0 255 0 0 255 255 0 255 0 255 31 0 0
    255 0 255 0 255 255 0 255 0 255 0 255 88 255 38 255 255 101 255 255
    193 255 0 0 0 223 255 90 0 153 255 255 0 0 0 255 0 255 255 82 0 255
    0 255 0 0 0 255 0 0 255 255 255 35 66 185 0 255 0 255 255 0 0 255 0
    255 0 255 26 141 255 255 0 124 255 255 0 218 255 0 0 136 204 227 4 0
    255 83 44 0 255 102 255 255 255 0 255 0 201 0 121 255 230 255 0 138
    60 0 255 99 111 255 249 255 34 255 255 196 255 0 255 255 255 255 237
    255 255 221 0 88 255 255 255 255 255 0 238 0 113 226 44 0 255 0 255
    255 0 255 0 255 213 80 255 255 224 221 0 248 0 0 255 0 255 183 255
    255 255 0 255 0 143 255 0 255 0 255 255 0 255 0 0 255 160 0 255 0
    255 90 255 255 83 0 255 0 255 131 255 34 0 0 0 0 0 255 255 0 15 0
    255 87 0 255 67 127 255 0 225 0 255 0 0 255 78 0 104 255 213 0 255 0
    0 255 0 255 255 0 0 255 255 0 255 178 255 0 0 255 255 0 18 255 0 0
    255 0 255 255 0 255 0 73 0 245 255 255 150 255 0 255 49 214 255 0
    255 0 255 127 0 255 51 255 255 255 0 255 0 111 0 0 255 255 157 255
    54 232 0 0 255 241 0 0 255 255 255 29 255 255 0 255 0 255 255 0 255
    0 255 0 255 255 64 0 255 0 255 0 255 0 255 121 102 0 0 255 255 255 0
    255 148 249 0 255 0 255 0 255 186 255 0 255 0 99 221 0 0 163 255 255
    255 255 255 0 0 255 255 0 202 255 255 0 97 0 255 0 0 255 0 255 0 255
    244 0 255 0 0 73 255 0 0 255 0 0 255 30 77 255 0 255 25 0 255 230
    255 255 8 255 0 0 255 0 255 0 0 177 255 0 255 44 0 161 0 255 19 0
    255 255 212 255 0 255 0 255 0 255 255 116 247 0 255 0 255 0 0 255
    141 255 0 255 123 0 0 255 65 0 0 255 102 50 255 0 0 111 0 217 255 0
    194 255 255 94 0 255 0 0 255 255 0 0 255 0 0 255 0 255 0 255 6 0 96
    255 255 255 0 10 255 0 114 255 132 0 0 134 255 0 0 255 255 0 255 255
    0 255 0 255 255 0 255 0 255 151 0 117 0 0 255 0 0 0 0 180 0 255 0
    255 0 134 50 0 0 0 127 190 255 0 21 255 0 255 255 0 0 255 117 255 0
    0 255 0 255 0 0 195 14 0 223 255 214 0 0 255 0 255 90 255 0 255 0
    201 0 255 0 255 244 255 225 0 0 255 255 0 255 255 69 255 0 0 255 0
    255 0 0 0 69 19 93 255 45 0 8 255 91 0 0 255 0 11 0 255 255 255 0
    255 24 0 0 103 0 246 0 255 251 255 0 0 255 0 255 255 0 255 0 41 255
    255 255 0 0 0 255 247 0 255 0 214 0 84 103 0 26 255 0 255 255 255
    203 0 0 255 255 0 255 206 0 0 255 0 255 247 0 255 0 255 255 0 255
    255 0 255 255 255 224 0 255 112 255 169 255 255 0 0 255 11 255 255 0
    255 255 255 238 0 255 255 255 0 255 0 0 255 255 0 0 167 0 255 0 52
    255 255 158 0 0 0 0 255 0 0 255 255 0 255 203 255 255 108 69 255 0
    255 255 0 255 255 0 255 139 0 0 255 0 2 255 255 0 255 0 255 0 0 255
    0 0 255 145 193 0 255 179 0 0 255 0 255 255 255 45 0 255 0 255 0 255
    0 255 255 0 255 0 255 0 255 0 0 0 0 0 39 230 255 255 230 0 255 0 255
    255 0 255 0 255 255 223 0 255 47 0 0 0 255 104 255 0 255 89 255 149
    0 29 239 0 0 0 255 0 255 234 144 255 52 255 255 0 50 247 197 0 255 0
    186 0 211 255 255 0 0 255 0 29 255 255 0 118 255 255 0 0 255 255 0
    255 0 255 255 255 255 255 255 0 188 0 255 0 0 255 255 255 0 255 255
    0 6 255 255 255 0 0 255 0 8 255 255 0 227 173 74 82 215 255 0 183 0
    0 255 0 0 255 95 0 255 0 0 0 0 0 255 255 0 255 0 50 255 20 255 0 255
    255 255 0 255 129 255 0 0 152 0 23 0 253 0 255 0 255 0 255 0 255 166
    0 0 0 255 0 255 39 255 0 0 2 255 255 91 255 255 0 255 255 58 255 255
    146 255 255 0 255 0 129 0 0 0 0 255 0 0 255 0 255 255 0 0 8 0 86 0
    255 0 0 248 102 0 255 125 0 0 255 0 0 0 255 0 253 255 0 255 0 255
    255 0 0 0 0 255 0 255 0 255 255 0 255 0 5 255 255 0 255 0 255 0 255
    83 255 255 255 255 0 255 0 0 203 0 47 117 0 0 0 65 36 255 0 255 0
    255 0 34 255 255 0 0 8 255 116 0 255 0 255 0 255 0 0 255 0 144 44 0
    0 0 105 255 0 255 1 0 115 255 0 0 255 189 0 34 0 255 164 255 255 0
    255 0 255 255 0 72 80 233 0 255 0 203 0 69 0 255 0 153 0 0 0 136 80
    255 255 29 35 255 0 255 255 0 0 0 159 198 0 255 0 223 0 0 0 0 120 0
    255 255 0 255 0 0 255 0 255 255 0 255 0 0 255 255 255 0 0 0 130 0
    255 0 255 255 0 255 0 255 0 0 47 255 255 255 0 255 255 255 0 255 176
    255 255 255 0 255 235 255 0 255 24 255 0 0 255 0 0 131 0 0 255 0 0
    255 0 255 82 255 0 255 0 0 255 0 0 0 255 255 183 255 255 0 255 0 255
    255 201 86 255 255 151 212 255 0 0 255 0 255 255 0 255 0 255 0 195 0
    0 90 255 0 255 255 0 69 255 255 255 0 0 255 255 81 255 0 0 161 190
    196 0 255 255 255 76 0 22 255 0 255 255 255 81 0 0 0 0 118 255 0 0
    255 72 255 224 255 169 255 255 0 255 0 71 0 154 255 0 255 0 255 107
    0 255 131 0 255 87 255 255 0 255 0 255 0 255 6 0 126 255 0 255 0 255
    0 255 0 255 0 255 0 255 0 79 208 1 35 0 255 0 0 0 0 0 255 168 255 0
    255 0 76 0 255 0 255 0 0 1 255 33 235 255 0 46 255 0 255 255 255 0 0
    208 255 255 0 77 255 0 0 255 0 255 41 0 255 93 240 255 106 66 0 0
    255 0 255 255 10 0 145 255 0 255 0 0 255 0 255 0 77 0 255 0 0 255 0
    255 19 197 255 69 0 0 255 255 255 0 0 255 183 139 0 255 255 0 180
    255 0 0 0 0 255 255 243 228 92 255 0 0 0 255 141 255 0 181 0 255 0
    255 0 255 255 0 255 255 0 0 255 57 255 45 255 255 0 251 255 255 0
    255 0 255 255 0 255 5 255 0 0 0 255 255 0 0 0 255 255 24 255 255 0 0
    0 255 0 255 0 207 185 0 0 255 255 0 255 0 255 255 255 0 255 255 0 0
    168 0 76 0 0 0 241 0 255 255 0 0 0 194 255 255 0 255 255 0 255 96
    207 255 0 0 208 174 0 255 0 255 255 0 0 0 255 0 255 255 0 255 0 12 0
    210 253 255 166 255 174 255 255 255 255 187 167 0 255 0 255 0 0 0
    255 255 255 173 0 232 241 0 255 0 255 0 255 0 0 255 0 255 0 255 73
    255 0 255 191 0 255 255 0 0 255 139 255 255 0 255 0 102 0 255 246 0
    0 2 255 106 255 255 255 255 61 255 255 255 0 255 0 255 0 255 0 255
    255 0 255 0 64 246 17 0 0 255 255 178 0 66 0 243 0 255 255 221 255
    93 255 191 0 0 247 0 255 255 0 234 0 255 0 255 209 0 255 0 255 255
    255 0 255 255 0 255 0 0 255 165 0 98 210 0 247 0 255 255 0 255 53
    255 255 0 255 255 0 0 255 0 255 0 255 0 0 255 255 255 0 255 0 255
    243 255 194 0 173 255 0 255 255 0 0 255 255 0 255 62 249 255 0 0 255
    215 26 255 0 255 0 255 134 0 255 255 255 241 255 255 255 218 255 0
    255 255 255 0 195 0 255 255 0 90 255 0 201 0 255 0 0 255 255 206 0 0
    244 255 0 0 83 0 0 0 255 178 255 0 255 255 0 255 255 45 38 255 0 255
    255 0 0 255 255 255 255 0 69 0 0 132 0 0 255 0 255 209 0 255 0 0 255
    255 255 0 0 14 255 0 255 0 203 255 0 255 255 248 255 255 255 0 82
    255 255 144 0 255 69 255 0 255 0 0 255 0 201 0 0 255 255 0 255 0 0
    255 64 73 162 0 69 255 0 165 0 0 0 255 0 83 255 255 0 255 255 0 255
    0 255 0 255 188 0 255 0 255 0 0 255 0 255 168 0 255 178 255 198 0 0
    0 115 101 255 255 0 225 0 255 255 0 255 0 255 96 0 255 0 255 77 183
    0 255 194 0 255 241 0 255 0 0 255 255 219 126 255 0 255 0 255 0 255
    0 0 0 0 0 0 255 255 255 0 235 197 255 0 0 0 49 0 255 136 207 0 0 0
    255 0 0 255 0 255 0 255 0 255 255 0 255 255 0 255 255 0 0 0 0 233
    255 0 0 66 0 255 0 34 255 0 0 255 0 0 255 24 230 185 0 0 95 0 0 0
    255 16 0 255 0 255 8 255 255 0 10 255 255 255 0 255 255 0 255 255 0
    255 255 0 255 0 0 255 0 255 79 0 0 183 107 255 255 0 255 0 0 27 152
    241 45 147 0 81 255 255 145 146 255 0 116 255 0 255 0 253 255 0 255
    255 56 0 255 36 0 0 255 150 255 0 0 0 255 229 0 255 40 220 0 238 219
    0 69 255 0 0 255 0 0 255 0 0 255 212 255 0 0 0 0 255 255 74 0 0 41
    134 19 255 0 255 255 0 0 0 255 241 255 0 255 0 0 255 0 0 0 0 59 255
    255 63 0 0 234 0</data></your_img>
</opencv_storage>
